<?xml version="1.0" encoding="UTF-8"?>
<testsuite xmlns:xsi="http://www.w3.org/2001/XMLSchema-instance" xsi:noNamespaceSchemaLocation="https://maven.apache.org/surefire/maven-surefire-plugin/xsd/surefire-test-report-3.0.xsd" version="3.0" name="TestSuite" time="667.366" tests="423" errors="0" skipped="0" failures="2">
  <properties>
    <property name="appender.console.type" value="Console"/>
    <property name="appender.console.layout.pattern" value="%d{${LOG_DATEFORMAT_PATTERN:-yyyy-MM-dd HH:mm:ss.SSS}} %highlight{${LOG_LEVEL_PATTERN:-%5p}}{FATAL=red blink, ERROR=red, WARN=yellow bold, INFO=green, DEBUG=green bold, TRACE=blue} %style{[@%L - %t]}{magenta} %style{%logger{36}}{cyan} : %m%n${LOG_EXCEPTION_CONVERSION_WORD:-}"/>
    <property name="cucumber.publish.quiet" value="true"/>
    <property name="java.specification.version" value="17"/>
    <property name="sun.cpu.isalist" value="amd64"/>
    <property name="capabilities.appiumVersion" value=""/>
    <property name="sun.arch.data.model" value="64"/>
    <property name="projectKey" value=""/>
    <property name="testDataFolderPath" value="src/test/resources/testDataFiles/"/>
    <property name="imitatePort" value="8000"/>
    <property name="java.vendor.url" value="https://java.oracle.com/"/>
    <property name="jiraUrl" value="https://"/>
    <property name="cucumber.filter.name" value=""/>
    <property name="propertiesFolderPath_CI" value=""/>
    <property name="ReportBugs" value="false"/>
    <property name="allureResultsFolderPath" value="allure-results/"/>
    <property name="sun.boot.library.path" value="C:\Program Files\Java\jdk-17.0.2\bin"/>
    <property name="sun.java.command" value="C:\Users\HeshamAbdElhamedGhar\AppData\Local\Temp\surefire1708250153365546125\surefirebooter-20230207105410345_3.jar C:\Users\HeshamAbdElhamedGhar\AppData\Local\Temp\surefire1708250153365546125 2023-02-07T10-54-10_088-jvmRun1 surefire-20230207105410345_1tmp surefire_0-20230207105410345_2tmp"/>
    <property name="jdk.debug" value="release"/>
    <property name="appender.console.filter.threshold.type" value="ThresholdFilter"/>
    <property name="maximumPerformanceMode" value="0"/>
    <property name="autoMaximizeBrowserWindow" value="true"/>
    <property name="extentReportsFolderPath" value="extent-reports/"/>
    <property name="java.specification.vendor" value="Oracle Corporation"/>
    <property name="shaftEngineVersion" value="SHAFT Engine v6.4.20221215"/>
    <property name="java.version.date" value="2022-01-18"/>
    <property name="java.home" value="C:\Program Files\Java\jdk-17.0.2"/>
    <property name="testng.dtd.http" value="true"/>
    <property name="attemptClearBeforeTypingUsingBackspace" value="false"/>
    <property name="isMobileEmulation" value="false"/>
    <property name="basedir" value="C:\eclipse-workspace\MyProjects\TASystemsAPIs"/>
    <property name="alwaysLogDiscreetly" value="false"/>
    <property name="java.specification.name" value="Java Platform API Specification"/>
    <property name="java.vm.specification.vendor" value="Oracle Corporation"/>
    <property name="browserStack.appName" value=""/>
    <property name="mobileEmulation.userAgent" value=""/>
    <property name="videoParams_recordVideo" value="false"/>
    <property name="assignee" value=""/>
    <property name="video.save.mode" value="ALL"/>
    <property name="rootLogger" value="debug, STDOUT, LOGFILE"/>
    <property name="user.script" value=""/>
    <property name="appender.file.layout.type" value="PatternLayout"/>
    <property name="sun.management.compiler" value="HotSpot 64-Bit Tiered Compilers"/>
    <property name="browserStack.local" value="false"/>
    <property name="browserStack.geoLocation" value=""/>
    <property name="generateAllureReportArchive" value="false"/>
    <property name="java.runtime.version" value="17.0.2+8-LTS-86"/>
    <property name="appender.file.fileName" value="target/logs/log4j.log"/>
    <property name="watermarkImagePath" value="images/shaft_white_bg.png"/>
    <property name="browserStack.deviceName" value=""/>
    <property name="browserStack.browserVersion" value=""/>
    <property name="tinkey.kms.credentialPath" value=""/>
    <property name="file.encoding" value="Cp1252"/>
    <property name="forceCheckForElementVisibility" value="true"/>
    <property name="capabilities.deviceQuery" value=""/>
    <property name="cleanAllureResultsDirectoryBeforeExecution" value="true"/>
    <property name="appender.file.filter.threshold.type" value="ThresholdFilter"/>
    <property name="java.io.tmpdir" value="C:\Users\HESHAM~1\AppData\Local\Temp\"/>
    <property name="databaseNetworkTimeout" value="30"/>
    <property name="reportPath" value="target/surefire-reports/testng-results.xml"/>
    <property name="java.version" value="17.0.2"/>
    <property name="java.vm.specification.name" value="Java Virtual Machine Specification"/>
    <property name="databaseLoginTimeout" value="30"/>
    <property name="dockerCommandTimeout" value="30"/>
    <property name="native.encoding" value="Cp1252"/>
    <property name="tinkey.kms.serverType" value=""/>
    <property name="java.library.path" value="C:\Program Files\Java\jdk-17.0.2\bin;C:\WINDOWS\Sun\Java\bin;C:\WINDOWS\system32;C:\WINDOWS;C:\Program Files\Common Files\Oracle\Java\javapath;C:\Program Files (x86)\Common Files\Oracle\Java\javapath;C:\WINDOWS\system32;C:\WINDOWS;C:\WINDOWS\System32\Wbem;C:\WINDOWS\System32\WindowsPowerShell\v1.0\;C:\WINDOWS\System32\OpenSSH\;C:\Program Files\Java\jdk-18.0.2\bin;C:\WebDriver;C:\Users\HeshamAbdElhamedGhar\AppData\Roaming\nvm;C:\Program Files\nodejs;C:\Program Files\Liquid Technologies\Liquid Studio 2021\XmlDataBinder19\Redist19\cpp\win32\bin;C:\Program Files\Liquid Technologies\Liquid Studio 2021\XmlDataBinder19\Redist19\cpp\win64\bin;C:\Program Files\Git\cmd;C:\Users\HeshamAbdElhamedGhar\AppData\Local\Microsoft\WindowsApps;C:\Users\HeshamAbdElhamedGhar\AppData\Local\Programs\Microsoft VS Code\bin;C:\Users\HeshamAbdElhamedGhar\AppData\Roaming\npm;C:\Users\HeshamAbdElhamedGhar\AppData\Roaming\nvm;C:\Program Files\nodejs;C:\Program Files\JetBrains\IntelliJ IDEA Community Edition 2022.2.2\bin;;C:\Users\HeshamAbdElhamedGhar\AppData\Local\GitHubDesktop\bin;."/>
    <property name="java.vendor" value="Oracle Corporation"/>
    <property name="cucumber.execution.strict" value="true"/>
    <property name="screenshotParams_scalingFactor" value="1"/>
    <property name="sun.io.unicode.encoding" value="UnicodeLittle"/>
    <property name="executionAddress" value="local"/>
    <property name="apiConnectionManagerTimeout" value="30"/>
    <property name="screenshotParams_whenToTakeAScreenshot" value="ValidationPointsOnly"/>
    <property name="cucumber.features" value="src/test/resources"/>
    <property name="scriptExecutionTimeout" value="30"/>
    <property name="appender.console.filter.threshold.level" value="info"/>
    <property name="screenshotParams_highlightElements" value="true"/>
    <property name="MobileBrowserVersion" value=""/>
    <property name="user.timezone" value="Africa/Cairo"/>
    <property name="downloadsFolderPath" value="target/downloadedFiles/"/>
    <property name="java.vm.specification.version" value="17"/>
    <property name="mobileEmulation.pixelRatio" value=""/>
    <property name="os.name" value="Windows 11"/>
    <property name="mobile_appActivity" value=""/>
    <property name="mobile_app" value=""/>
    <property name="automaticallyAssertResponseStatusCode" value="true"/>
    <property name="surefire.test.class.path" value="C:\eclipse-workspace\MyProjects\TASystemsAPIs\target\test-classes;C:\eclipse-workspace\MyProjects\TASystemsAPIs\target\classes;C:\Users\HeshamAbdElhamedGhar\.m2\repository\io\github\shafthq\SHAFT_ENGINE\6.4.20221215\SHAFT_ENGINE-6.4.20221215.jar;C:\Users\HeshamAbdElhamedGhar\.m2\repository\org\testng\testng\7.7.0\testng-7.7.0.jar;C:\Users\HeshamAbdElhamedGhar\.m2\repository\com\beust\jcommander\1.82\jcommander-1.82.jar;C:\Users\HeshamAbdElhamedGhar\.m2\repository\org\webjars\jquery\3.6.1\jquery-3.6.1.jar;C:\Users\HeshamAbdElhamedGhar\.m2\repository\org\seleniumhq\selenium\selenium-java\4.7.2\selenium-java-4.7.2.jar;C:\Users\HeshamAbdElhamedGhar\.m2\repository\org\seleniumhq\selenium\selenium-api\4.7.2\selenium-api-4.7.2.jar;C:\Users\HeshamAbdElhamedGhar\.m2\repository\org\seleniumhq\selenium\selenium-chrome-driver\4.7.2\selenium-chrome-driver-4.7.2.jar;C:\Users\HeshamAbdElhamedGhar\.m2\repository\com\google\auto\service\auto-service-annotations\1.0.1\auto-service-annotations-1.0.1.jar;C:\Users\HeshamAbdElhamedGhar\.m2\repository\org\seleniumhq\selenium\selenium-chromium-driver\4.7.2\selenium-chromium-driver-4.7.2.jar;C:\Users\HeshamAbdElhamedGhar\.m2\repository\org\seleniumhq\selenium\selenium-json\4.7.2\selenium-json-4.7.2.jar;C:\Users\HeshamAbdElhamedGhar\.m2\repository\org\seleniumhq\selenium\selenium-devtools-v106\4.7.2\selenium-devtools-v106-4.7.2.jar;C:\Users\HeshamAbdElhamedGhar\.m2\repository\org\seleniumhq\selenium\selenium-devtools-v107\4.7.2\selenium-devtools-v107-4.7.2.jar;C:\Users\HeshamAbdElhamedGhar\.m2\repository\org\seleniumhq\selenium\selenium-devtools-v108\4.7.2\selenium-devtools-v108-4.7.2.jar;C:\Users\HeshamAbdElhamedGhar\.m2\repository\org\seleniumhq\selenium\selenium-devtools-v85\4.7.2\selenium-devtools-v85-4.7.2.jar;C:\Users\HeshamAbdElhamedGhar\.m2\repository\org\seleniumhq\selenium\selenium-edge-driver\4.7.2\selenium-edge-driver-4.7.2.jar;C:\Users\HeshamAbdElhamedGhar\.m2\repository\org\seleniumhq\selenium\selenium-firefox-driver\4.7.2\selenium-firefox-driver-4.7.2.jar;C:\Users\HeshamAbdElhamedGhar\.m2\repository\org\seleniumhq\selenium\selenium-http\4.7.2\selenium-http-4.7.2.jar;C:\Users\HeshamAbdElhamedGhar\.m2\repository\dev\failsafe\failsafe\3.3.0\failsafe-3.3.0.jar;C:\Users\HeshamAbdElhamedGhar\.m2\repository\org\seleniumhq\selenium\selenium-ie-driver\4.7.2\selenium-ie-driver-4.7.2.jar;C:\Users\HeshamAbdElhamedGhar\.m2\repository\org\seleniumhq\selenium\selenium-remote-driver\4.7.2\selenium-remote-driver-4.7.2.jar;C:\Users\HeshamAbdElhamedGhar\.m2\repository\io\netty\netty-codec-http\4.1.84.Final\netty-codec-http-4.1.84.Final.jar;C:\Users\HeshamAbdElhamedGhar\.m2\repository\io\netty\netty-transport-classes-epoll\4.1.84.Final\netty-transport-classes-epoll-4.1.84.Final.jar;C:\Users\HeshamAbdElhamedGhar\.m2\repository\io\netty\netty-transport-classes-kqueue\4.1.84.Final\netty-transport-classes-kqueue-4.1.84.Final.jar;C:\Users\HeshamAbdElhamedGhar\.m2\repository\io\netty\netty-transport-native-epoll\4.1.84.Final\netty-transport-native-epoll-4.1.84.Final.jar;C:\Users\HeshamAbdElhamedGhar\.m2\repository\io\netty\netty-transport-native-kqueue\4.1.84.Final\netty-transport-native-kqueue-4.1.84.Final.jar;C:\Users\HeshamAbdElhamedGhar\.m2\repository\io\opentelemetry\opentelemetry-api\1.19.0\opentelemetry-api-1.19.0.jar;C:\Users\HeshamAbdElhamedGhar\.m2\repository\io\opentelemetry\opentelemetry-context\1.19.0\opentelemetry-context-1.19.0.jar;C:\Users\HeshamAbdElhamedGhar\.m2\repository\io\opentelemetry\opentelemetry-exporter-logging\1.19.0\opentelemetry-exporter-logging-1.19.0.jar;C:\Users\HeshamAbdElhamedGhar\.m2\repository\io\opentelemetry\opentelemetry-sdk-metrics\1.19.0\opentelemetry-sdk-metrics-1.19.0.jar;C:\Users\HeshamAbdElhamedGhar\.m2\repository\io\opentelemetry\opentelemetry-sdk-logs\1.19.0-alpha\opentelemetry-sdk-logs-1.19.0-alpha.jar;C:\Users\HeshamAbdElhamedGhar\.m2\repository\io\opentelemetry\opentelemetry-api-logs\1.19.0-alpha\opentelemetry-api-logs-1.19.0-alpha.jar;C:\Users\HeshamAbdElhamedGhar\.m2\repository\io\opentelemetry\opentelemetry-sdk-common\1.19.0\opentelemetry-sdk-common-1.19.0.jar;C:\Users\HeshamAbdElhamedGhar\.m2\repository\io\opentelemetry\opentelemetry-sdk-extension-autoconfigure-spi\1.19.0\opentelemetry-sdk-extension-autoconfigure-spi-1.19.0.jar;C:\Users\HeshamAbdElhamedGhar\.m2\repository\io\opentelemetry\opentelemetry-sdk-extension-autoconfigure\1.19.0-alpha\opentelemetry-sdk-extension-autoconfigure-1.19.0-alpha.jar;C:\Users\HeshamAbdElhamedGhar\.m2\repository\io\opentelemetry\opentelemetry-exporter-common\1.19.0\opentelemetry-exporter-common-1.19.0.jar;C:\Users\HeshamAbdElhamedGhar\.m2\repository\io\opentelemetry\opentelemetry-sdk-trace\1.19.0\opentelemetry-sdk-trace-1.19.0.jar;C:\Users\HeshamAbdElhamedGhar\.m2\repository\io\opentelemetry\opentelemetry-sdk\1.19.0\opentelemetry-sdk-1.19.0.jar;C:\Users\HeshamAbdElhamedGhar\.m2\repository\io\opentelemetry\opentelemetry-semconv\1.19.0-alpha\opentelemetry-semconv-1.19.0-alpha.jar;C:\Users\HeshamAbdElhamedGhar\.m2\repository\io\ous\jtoml\2.0.0\jtoml-2.0.0.jar;C:\Users\HeshamAbdElhamedGhar\.m2\repository\net\bytebuddy\byte-buddy\1.12.18\byte-buddy-1.12.18.jar;C:\Users\HeshamAbdElhamedGhar\.m2\repository\org\asynchttpclient\async-http-client\2.12.3\async-http-client-2.12.3.jar;C:\Users\HeshamAbdElhamedGhar\.m2\repository\org\asynchttpclient\async-http-client-netty-utils\2.12.3\async-http-client-netty-utils-2.12.3.jar;C:\Users\HeshamAbdElhamedGhar\.m2\repository\io\netty\netty-codec-socks\4.1.60.Final\netty-codec-socks-4.1.60.Final.jar;C:\Users\HeshamAbdElhamedGhar\.m2\repository\io\netty\netty-handler-proxy\4.1.60.Final\netty-handler-proxy-4.1.60.Final.jar;C:\Users\HeshamAbdElhamedGhar\.m2\repository\io\netty\netty-transport-native-epoll\4.1.60.Final\netty-transport-native-epoll-4.1.60.Final-linux-x86_64.jar;C:\Users\HeshamAbdElhamedGhar\.m2\repository\io\netty\netty-transport-native-kqueue\4.1.60.Final\netty-transport-native-kqueue-4.1.60.Final-osx-x86_64.jar;C:\Users\HeshamAbdElhamedGhar\.m2\repository\com\typesafe\netty\netty-reactive-streams\2.0.4\netty-reactive-streams-2.0.4.jar;C:\Users\HeshamAbdElhamedGhar\.m2\repository\com\sun\activation\jakarta.activation\1.2.2\jakarta.activation-1.2.2.jar;C:\Users\HeshamAbdElhamedGhar\.m2\repository\org\seleniumhq\selenium\selenium-manager\4.7.2\selenium-manager-4.7.2.jar;C:\Users\HeshamAbdElhamedGhar\.m2\repository\org\seleniumhq\selenium\selenium-safari-driver\4.7.2\selenium-safari-driver-4.7.2.jar;C:\Users\HeshamAbdElhamedGhar\.m2\repository\org\seleniumhq\selenium\selenium-support\4.7.2\selenium-support-4.7.2.jar;C:\Users\HeshamAbdElhamedGhar\.m2\repository\io\netty\netty-handler\4.1.86.Final\netty-handler-4.1.86.Final.jar;C:\Users\HeshamAbdElhamedGhar\.m2\repository\io\netty\netty-common\4.1.86.Final\netty-common-4.1.86.Final.jar;C:\Users\HeshamAbdElhamedGhar\.m2\repository\io\netty\netty-resolver\4.1.86.Final\netty-resolver-4.1.86.Final.jar;C:\Users\HeshamAbdElhamedGhar\.m2\repository\io\netty\netty-buffer\4.1.86.Final\netty-buffer-4.1.86.Final.jar;C:\Users\HeshamAbdElhamedGhar\.m2\repository\io\netty\netty-transport\4.1.86.Final\netty-transport-4.1.86.Final.jar;C:\Users\HeshamAbdElhamedGhar\.m2\repository\io\netty\netty-transport-native-unix-common\4.1.86.Final\netty-transport-native-unix-common-4.1.86.Final.jar;C:\Users\HeshamAbdElhamedGhar\.m2\repository\io\netty\netty-codec\4.1.86.Final\netty-codec-4.1.86.Final.jar;C:\Users\HeshamAbdElhamedGhar\.m2\repository\io\appium\java-client\8.3.0\java-client-8.3.0.jar;C:\Users\HeshamAbdElhamedGhar\.m2\repository\com\google\code\gson\gson\2.10\gson-2.10.jar;C:\Users\HeshamAbdElhamedGhar\.m2\repository\cglib\cglib\3.3.0\cglib-3.3.0.jar;C:\Users\HeshamAbdElhamedGhar\.m2\repository\org\ow2\asm\asm\7.1\asm-7.1.jar;C:\Users\HeshamAbdElhamedGhar\.m2\repository\commons-validator\commons-validator\1.7\commons-validator-1.7.jar;C:\Users\HeshamAbdElhamedGhar\.m2\repository\commons-beanutils\commons-beanutils\1.9.4\commons-beanutils-1.9.4.jar;C:\Users\HeshamAbdElhamedGhar\.m2\repository\commons-digester\commons-digester\2.1\commons-digester-2.1.jar;C:\Users\HeshamAbdElhamedGhar\.m2\repository\commons-collections\commons-collections\3.2.2\commons-collections-3.2.2.jar;C:\Users\HeshamAbdElhamedGhar\.m2\repository\org\apache\commons\commons-lang3\3.12.0\commons-lang3-3.12.0.jar;C:\Users\HeshamAbdElhamedGhar\.m2\repository\commons-io\commons-io\2.11.0\commons-io-2.11.0.jar;C:\Users\HeshamAbdElhamedGhar\.m2\repository\io\github\bonigarcia\webdrivermanager\5.3.1\webdrivermanager-5.3.1.jar;C:\Users\HeshamAbdElhamedGhar\.m2\repository\com\github\docker-java\docker-java\3.2.13\docker-java-3.2.13.jar;C:\Users\HeshamAbdElhamedGhar\.m2\repository\com\github\docker-java\docker-java-core\3.2.13\docker-java-core-3.2.13.jar;C:\Users\HeshamAbdElhamedGhar\.m2\repository\com\github\docker-java\docker-java-api\3.2.13\docker-java-api-3.2.13.jar;C:\Users\HeshamAbdElhamedGhar\.m2\repository\org\slf4j\jcl-over-slf4j\1.7.30\jcl-over-slf4j-1.7.30.jar;C:\Users\HeshamAbdElhamedGhar\.m2\repository\com\github\docker-java\docker-java-transport-httpclient5\3.2.13\docker-java-transport-httpclient5-3.2.13.jar;C:\Users\HeshamAbdElhamedGhar\.m2\repository\com\github\docker-java\docker-java-transport\3.2.13\docker-java-transport-3.2.13.jar;C:\Users\HeshamAbdElhamedGhar\.m2\repository\net\java\dev\jna\jna\5.8.0\jna-5.8.0.jar;C:\Users\HeshamAbdElhamedGhar\.m2\repository\org\brotli\dec\0.1.2\dec-0.1.2.jar;C:\Users\HeshamAbdElhamedGhar\.m2\repository\org\apache\httpcomponents\client5\httpclient5\5.1.3\httpclient5-5.1.3.jar;C:\Users\HeshamAbdElhamedGhar\.m2\repository\org\apache\httpcomponents\core5\httpcore5\5.1.3\httpcore5-5.1.3.jar;C:\Users\HeshamAbdElhamedGhar\.m2\repository\org\apache\httpcomponents\core5\httpcore5-h2\5.1.3\httpcore5-h2-5.1.3.jar;C:\Users\HeshamAbdElhamedGhar\.m2\repository\io\cucumber\cucumber-java\7.10.0\cucumber-java-7.10.0.jar;C:\Users\HeshamAbdElhamedGhar\.m2\repository\io\cucumber\cucumber-core\7.10.0\cucumber-core-7.10.0.jar;C:\Users\HeshamAbdElhamedGhar\.m2\repository\io\cucumber\cucumber-gherkin\7.10.0\cucumber-gherkin-7.10.0.jar;C:\Users\HeshamAbdElhamedGhar\.m2\repository\io\cucumber\cucumber-gherkin-messages\7.10.0\cucumber-gherkin-messages-7.10.0.jar;C:\Users\HeshamAbdElhamedGhar\.m2\repository\io\cucumber\gherkin\25.0.2\gherkin-25.0.2.jar;C:\Users\HeshamAbdElhamedGhar\.m2\repository\io\cucumber\messages\19.1.4\messages-19.1.4.jar;C:\Users\HeshamAbdElhamedGhar\.m2\repository\io\cucumber\tag-expressions\4.1.0\tag-expressions-4.1.0.jar;C:\Users\HeshamAbdElhamedGhar\.m2\repository\io\cucumber\cucumber-expressions\16.1.1\cucumber-expressions-16.1.1.jar;C:\Users\HeshamAbdElhamedGhar\.m2\repository\io\cucumber\datatable\7.10.0\datatable-7.10.0.jar;C:\Users\HeshamAbdElhamedGhar\.m2\repository\io\cucumber\cucumber-plugin\7.10.0\cucumber-plugin-7.10.0.jar;C:\Users\HeshamAbdElhamedGhar\.m2\repository\io\cucumber\docstring\7.10.0\docstring-7.10.0.jar;C:\Users\HeshamAbdElhamedGhar\.m2\repository\io\cucumber\html-formatter\20.2.0\html-formatter-20.2.0.jar;C:\Users\HeshamAbdElhamedGhar\.m2\repository\io\cucumber\ci-environment\9.1.0\ci-environment-9.1.0.jar;C:\Users\HeshamAbdElhamedGhar\.m2\repository\org\apiguardian\apiguardian-api\1.1.2\apiguardian-api-1.1.2.jar;C:\Users\HeshamAbdElhamedGhar\.m2\repository\io\cucumber\cucumber-testng\7.10.0\cucumber-testng-7.10.0.jar;C:\Users\HeshamAbdElhamedGhar\.m2\repository\io\cucumber\cucumber-picocontainer\7.10.0\cucumber-picocontainer-7.10.0.jar;C:\Users\HeshamAbdElhamedGhar\.m2\repository\org\picocontainer\picocontainer\2.15\picocontainer-2.15.jar;C:\Users\HeshamAbdElhamedGhar\.m2\repository\org\apache\poi\poi\5.2.3\poi-5.2.3.jar;C:\Users\HeshamAbdElhamedGhar\.m2\repository\commons-codec\commons-codec\1.15\commons-codec-1.15.jar;C:\Users\HeshamAbdElhamedGhar\.m2\repository\org\apache\commons\commons-collections4\4.4\commons-collections4-4.4.jar;C:\Users\HeshamAbdElhamedGhar\.m2\repository\org\apache\commons\commons-math3\3.6.1\commons-math3-3.6.1.jar;C:\Users\HeshamAbdElhamedGhar\.m2\repository\com\zaxxer\SparseBitSet\1.2\SparseBitSet-1.2.jar;C:\Users\HeshamAbdElhamedGhar\.m2\repository\org\apache\logging\log4j\log4j-api\2.18.0\log4j-api-2.18.0.jar;C:\Users\HeshamAbdElhamedGhar\.m2\repository\org\apache\poi\poi-ooxml\5.2.3\poi-ooxml-5.2.3.jar;C:\Users\HeshamAbdElhamedGhar\.m2\repository\org\apache\poi\poi-ooxml-lite\5.2.3\poi-ooxml-lite-5.2.3.jar;C:\Users\HeshamAbdElhamedGhar\.m2\repository\org\apache\xmlbeans\xmlbeans\5.1.1\xmlbeans-5.1.1.jar;C:\Users\HeshamAbdElhamedGhar\.m2\repository\org\apache\commons\commons-compress\1.21\commons-compress-1.21.jar;C:\Users\HeshamAbdElhamedGhar\.m2\repository\com\github\virtuald\curvesapi\1.07\curvesapi-1.07.jar;C:\Users\HeshamAbdElhamedGhar\.m2\repository\io\qameta\allure\allure-testng\2.20.1\allure-testng-2.20.1.jar;C:\Users\HeshamAbdElhamedGhar\.m2\repository\io\qameta\allure\allure-java-commons\2.20.1\allure-java-commons-2.20.1.jar;C:\Users\HeshamAbdElhamedGhar\.m2\repository\io\qameta\allure\allure-model\2.20.1\allure-model-2.20.1.jar;C:\Users\HeshamAbdElhamedGhar\.m2\repository\io\qameta\allure\allure-test-filter\2.20.1\allure-test-filter-2.20.1.jar;C:\Users\HeshamAbdElhamedGhar\.m2\repository\io\qameta\allure\allure-cucumber7-jvm\2.20.1\allure-cucumber7-jvm-2.20.1.jar;C:\Users\HeshamAbdElhamedGhar\.m2\repository\org\aspectj\aspectjweaver\1.9.9.1\aspectjweaver-1.9.9.1.jar;C:\Users\HeshamAbdElhamedGhar\.m2\repository\com\aventstack\extentreports\5.0.9\extentreports-5.0.9.jar;C:\Users\HeshamAbdElhamedGhar\.m2\repository\io\reactivex\rxjava3\rxjava\3.0.4\rxjava-3.0.4.jar;C:\Users\HeshamAbdElhamedGhar\.m2\repository\org\reactivestreams\reactive-streams\1.0.3\reactive-streams-1.0.3.jar;C:\Users\HeshamAbdElhamedGhar\.m2\repository\org\freemarker\freemarker\2.3.30\freemarker-2.3.30.jar;C:\Users\HeshamAbdElhamedGhar\.m2\repository\org\apache\pdfbox\pdfbox\2.0.27\pdfbox-2.0.27.jar;C:\Users\HeshamAbdElhamedGhar\.m2\repository\org\apache\pdfbox\fontbox\2.0.27\fontbox-2.0.27.jar;C:\Users\HeshamAbdElhamedGhar\.m2\repository\commons-logging\commons-logging\1.2\commons-logging-1.2.jar;C:\Users\HeshamAbdElhamedGhar\.m2\repository\io\rest-assured\rest-assured\5.3.0\rest-assured-5.3.0.jar;C:\Users\HeshamAbdElhamedGhar\.m2\repository\org\apache\groovy\groovy\4.0.6\groovy-4.0.6.jar;C:\Users\HeshamAbdElhamedGhar\.m2\repository\org\apache\groovy\groovy-xml\4.0.6\groovy-xml-4.0.6.jar;C:\Users\HeshamAbdElhamedGhar\.m2\repository\org\apache\httpcomponents\httpclient\4.5.13\httpclient-4.5.13.jar;C:\Users\HeshamAbdElhamedGhar\.m2\repository\org\apache\httpcomponents\httpcore\4.4.13\httpcore-4.4.13.jar;C:\Users\HeshamAbdElhamedGhar\.m2\repository\org\apache\httpcomponents\httpmime\4.5.13\httpmime-4.5.13.jar;C:\Users\HeshamAbdElhamedGhar\.m2\repository\org\hamcrest\hamcrest\2.1\hamcrest-2.1.jar;C:\Users\HeshamAbdElhamedGhar\.m2\repository\org\ccil\cowan\tagsoup\tagsoup\1.2.1\tagsoup-1.2.1.jar;C:\Users\HeshamAbdElhamedGhar\.m2\repository\io\rest-assured\json-path\5.3.0\json-path-5.3.0.jar;C:\Users\HeshamAbdElhamedGhar\.m2\repository\org\apache\groovy\groovy-json\4.0.6\groovy-json-4.0.6.jar;C:\Users\HeshamAbdElhamedGhar\.m2\repository\io\rest-assured\rest-assured-common\5.3.0\rest-assured-common-5.3.0.jar;C:\Users\HeshamAbdElhamedGhar\.m2\repository\io\rest-assured\xml-path\5.3.0\xml-path-5.3.0.jar;C:\Users\HeshamAbdElhamedGhar\.m2\repository\com\googlecode\json-simple\json-simple\1.1.1\json-simple-1.1.1.jar;C:\Users\HeshamAbdElhamedGhar\.m2\repository\com\jayway\jsonpath\json-path\2.7.0\json-path-2.7.0.jar;C:\Users\HeshamAbdElhamedGhar\.m2\repository\net\minidev\json-smart\2.4.7\json-smart-2.4.7.jar;C:\Users\HeshamAbdElhamedGhar\.m2\repository\net\minidev\accessors-smart\2.4.7\accessors-smart-2.4.7.jar;C:\Users\HeshamAbdElhamedGhar\.m2\repository\org\skyscreamer\jsonassert\1.5.1\jsonassert-1.5.1.jar;C:\Users\HeshamAbdElhamedGhar\.m2\repository\com\vaadin\external\google\android-json\0.0.20131108.vaadin1\android-json-0.0.20131108.vaadin1.jar;C:\Users\HeshamAbdElhamedGhar\.m2\repository\eu\medsea\mimeutil\mime-util\2.1.3\mime-util-2.1.3.jar;C:\Users\HeshamAbdElhamedGhar\.m2\repository\io\rest-assured\json-schema-validator\5.3.0\json-schema-validator-5.3.0.jar;C:\Users\HeshamAbdElhamedGhar\.m2\repository\com\github\java-json-tools\json-schema-validator\2.2.14\json-schema-validator-2.2.14.jar;C:\Users\HeshamAbdElhamedGhar\.m2\repository\com\github\java-json-tools\jackson-coreutils-equivalence\1.0\jackson-coreutils-equivalence-1.0.jar;C:\Users\HeshamAbdElhamedGhar\.m2\repository\com\github\java-json-tools\jackson-coreutils\2.0\jackson-coreutils-2.0.jar;C:\Users\HeshamAbdElhamedGhar\.m2\repository\com\github\java-json-tools\msg-simple\1.2\msg-simple-1.2.jar;C:\Users\HeshamAbdElhamedGhar\.m2\repository\com\github\java-json-tools\btf\1.3\btf-1.3.jar;C:\Users\HeshamAbdElhamedGhar\.m2\repository\com\github\java-json-tools\json-schema-core\1.2.14\json-schema-core-1.2.14.jar;C:\Users\HeshamAbdElhamedGhar\.m2\repository\com\github\java-json-tools\uri-template\0.10\uri-template-0.10.jar;C:\Users\HeshamAbdElhamedGhar\.m2\repository\org\mozilla\rhino\1.7.7.2\rhino-1.7.7.2.jar;C:\Users\HeshamAbdElhamedGhar\.m2\repository\com\sun\mail\mailapi\1.6.2\mailapi-1.6.2.jar;C:\Users\HeshamAbdElhamedGhar\.m2\repository\joda-time\joda-time\2.10.5\joda-time-2.10.5.jar;C:\Users\HeshamAbdElhamedGhar\.m2\repository\com\googlecode\libphonenumber\libphonenumber\8.11.1\libphonenumber-8.11.1.jar;C:\Users\HeshamAbdElhamedGhar\.m2\repository\net\sf\jopt-simple\jopt-simple\5.0.4\jopt-simple-5.0.4.jar;C:\Users\HeshamAbdElhamedGhar\.m2\repository\com\fasterxml\jackson\datatype\jackson-datatype-jdk8\2.14.1\jackson-datatype-jdk8-2.14.1.jar;C:\Users\HeshamAbdElhamedGhar\.m2\repository\com\fasterxml\jackson\core\jackson-core\2.14.1\jackson-core-2.14.1.jar;C:\Users\HeshamAbdElhamedGhar\.m2\repository\com\applitools\eyes-images-java4\4.14.0\eyes-images-java4-4.14.0.jar;C:\Users\HeshamAbdElhamedGhar\.m2\repository\com\applitools\eyes-common-java4\4.14.0\eyes-common-java4-4.14.0.jar;C:\Users\HeshamAbdElhamedGhar\.m2\repository\org\imgscalr\imgscalr-lib\4.2\imgscalr-lib-4.2.jar;C:\Users\HeshamAbdElhamedGhar\.m2\repository\com\helger\ph-css\6.1.1\ph-css-6.1.1.jar;C:\Users\HeshamAbdElhamedGhar\.m2\repository\com\helger\ph-commons\9.0.2\ph-commons-9.0.2.jar;C:\Users\HeshamAbdElhamedGhar\.m2\repository\org\jsoup\jsoup\1.8.3\jsoup-1.8.3.jar;C:\Users\HeshamAbdElhamedGhar\.m2\repository\com\applitools\eyes-sdk-core-java4\4.14.0\eyes-sdk-core-java4-4.14.0.jar;C:\Users\HeshamAbdElhamedGhar\.m2\repository\com\applitools\eyes-connectivity-java4-jersey2x\4.14.0\eyes-connectivity-java4-jersey2x-4.14.0.jar;C:\Users\HeshamAbdElhamedGhar\.m2\repository\org\glassfish\jersey\connectors\jersey-apache-connector\2.16\jersey-apache-connector-2.16.jar;C:\Users\HeshamAbdElhamedGhar\.m2\repository\org\glassfish\jersey\core\jersey-common\2.16\jersey-common-2.16.jar;C:\Users\HeshamAbdElhamedGhar\.m2\repository\javax\annotation\javax.annotation-api\1.2\javax.annotation-api-1.2.jar;C:\Users\HeshamAbdElhamedGhar\.m2\repository\org\glassfish\jersey\bundles\repackaged\jersey-guava\2.16\jersey-guava-2.16.jar;C:\Users\HeshamAbdElhamedGhar\.m2\repository\org\glassfish\hk2\osgi-resource-locator\1.0.1\osgi-resource-locator-1.0.1.jar;C:\Users\HeshamAbdElhamedGhar\.m2\repository\javax\ws\rs\javax.ws.rs-api\2.0.1\javax.ws.rs-api-2.0.1.jar;C:\Users\HeshamAbdElhamedGhar\.m2\repository\org\glassfish\jersey\core\jersey-client\2.16\jersey-client-2.16.jar;C:\Users\HeshamAbdElhamedGhar\.m2\repository\org\glassfish\hk2\hk2-api\2.4.0-b09\hk2-api-2.4.0-b09.jar;C:\Users\HeshamAbdElhamedGhar\.m2\repository\org\glassfish\hk2\hk2-utils\2.4.0-b09\hk2-utils-2.4.0-b09.jar;C:\Users\HeshamAbdElhamedGhar\.m2\repository\org\glassfish\hk2\external\aopalliance-repackaged\2.4.0-b09\aopalliance-repackaged-2.4.0-b09.jar;C:\Users\HeshamAbdElhamedGhar\.m2\repository\org\glassfish\hk2\external\javax.inject\2.4.0-b09\javax.inject-2.4.0-b09.jar;C:\Users\HeshamAbdElhamedGhar\.m2\repository\org\glassfish\hk2\hk2-locator\2.4.0-b09\hk2-locator-2.4.0-b09.jar;C:\Users\HeshamAbdElhamedGhar\.m2\repository\org\openpnp\opencv\4.5.5-1\opencv-4.5.5-1.jar;C:\Users\HeshamAbdElhamedGhar\.m2\repository\com\sikulix\sikulixapi\2.0.5\sikulixapi-2.0.5.jar;C:\Users\HeshamAbdElhamedGhar\.m2\repository\org\python\jython-slim\2.7.2\jython-slim-2.7.2.jar;C:\Users\HeshamAbdElhamedGhar\.m2\repository\org\antlr\antlr\3.5.2\antlr-3.5.2.jar;C:\Users\HeshamAbdElhamedGhar\.m2\repository\org\antlr\ST4\4.0.8\ST4-4.0.8.jar;C:\Users\HeshamAbdElhamedGhar\.m2\repository\javax\servlet\javax.servlet-api\3.1.0\javax.servlet-api-3.1.0.jar;C:\Users\HeshamAbdElhamedGhar\.m2\repository\org\antlr\antlr-runtime\3.5.2\antlr-runtime-3.5.2.jar;C:\Users\HeshamAbdElhamedGhar\.m2\repository\org\bouncycastle\bcpkix-jdk15on\1.62\bcpkix-jdk15on-1.62.jar;C:\Users\HeshamAbdElhamedGhar\.m2\repository\org\bouncycastle\bcprov-jdk15on\1.62\bcprov-jdk15on-1.62.jar;C:\Users\HeshamAbdElhamedGhar\.m2\repository\org\ow2\asm\asm-commons\7.1\asm-commons-7.1.jar;C:\Users\HeshamAbdElhamedGhar\.m2\repository\org\ow2\asm\asm-tree\7.1\asm-tree-7.1.jar;C:\Users\HeshamAbdElhamedGhar\.m2\repository\org\ow2\asm\asm-analysis\7.1\asm-analysis-7.1.jar;C:\Users\HeshamAbdElhamedGhar\.m2\repository\org\ow2\asm\asm-util\7.1\asm-util-7.1.jar;C:\Users\HeshamAbdElhamedGhar\.m2\repository\com\ibm\icu\icu4j\59.1\icu4j-59.1.jar;C:\Users\HeshamAbdElhamedGhar\.m2\repository\com\carrotsearch\java-sizeof\0.0.5\java-sizeof-0.0.5.jar;C:\Users\HeshamAbdElhamedGhar\.m2\repository\com\github\jnr\jffi\1.2.20\jffi-1.2.20.jar;C:\Users\HeshamAbdElhamedGhar\.m2\repository\com\github\jnr\jnr-netdb\1.1.6\jnr-netdb-1.1.6.jar;C:\Users\HeshamAbdElhamedGhar\.m2\repository\com\github\jnr\jnr-ffi\2.1.10\jnr-ffi-2.1.10.jar;C:\Users\HeshamAbdElhamedGhar\.m2\repository\com\github\jnr\jffi\1.2.19\jffi-1.2.19-native.jar;C:\Users\HeshamAbdElhamedGhar\.m2\repository\com\github\jnr\jnr-a64asm\1.0.0\jnr-a64asm-1.0.0.jar;C:\Users\HeshamAbdElhamedGhar\.m2\repository\com\github\jnr\jnr-x86asm\1.0.2\jnr-x86asm-1.0.2.jar;C:\Users\HeshamAbdElhamedGhar\.m2\repository\com\github\jnr\jnr-posix\3.0.50\jnr-posix-3.0.50.jar;C:\Users\HeshamAbdElhamedGhar\.m2\repository\com\github\jnr\jnr-constants\0.9.12\jnr-constants-0.9.12.jar;C:\Users\HeshamAbdElhamedGhar\.m2\repository\jline\jline\2.14.5\jline-2.14.5.jar;C:\Users\HeshamAbdElhamedGhar\.m2\repository\org\apache\ant\ant\1.9.7\ant-1.9.7.jar;C:\Users\HeshamAbdElhamedGhar\.m2\repository\org\apache\ant\ant-launcher\1.9.7\ant-launcher-1.9.7.jar;C:\Users\HeshamAbdElhamedGhar\.m2\repository\com\sikulix\sikulix2tigervnc\1.1.4\sikulix2tigervnc-1.1.4.jar;C:\Users\HeshamAbdElhamedGhar\.m2\repository\commons-cli\commons-cli\1.4\commons-cli-1.4.jar;C:\Users\HeshamAbdElhamedGhar\.m2\repository\org\apache\commons\commons-exec\1.3\commons-exec-1.3.jar;C:\Users\HeshamAbdElhamedGhar\.m2\repository\net\java\dev\jna\jna-platform\5.6.0\jna-platform-5.6.0.jar;C:\Users\HeshamAbdElhamedGhar\.m2\repository\net\oneandone\reflections8\reflections8\0.11.6\reflections8-0.11.6.jar;C:\Users\HeshamAbdElhamedGhar\.m2\repository\org\javassist\javassist\3.22.0-GA\javassist-3.22.0-GA.jar;C:\Users\HeshamAbdElhamedGhar\.m2\repository\net\sourceforge\tess4j\tess4j\4.5.4\tess4j-4.5.4.jar;C:\Users\HeshamAbdElhamedGhar\.m2\repository\com\github\jai-imageio\jai-imageio-core\1.4.0\jai-imageio-core-1.4.0.jar;C:\Users\HeshamAbdElhamedGhar\.m2\repository\org\ghost4j\ghost4j\1.0.1\ghost4j-1.0.1.jar;C:\Users\HeshamAbdElhamedGhar\.m2\repository\org\apache\xmlgraphics\xmlgraphics-commons\1.4\xmlgraphics-commons-1.4.jar;C:\Users\HeshamAbdElhamedGhar\.m2\repository\com\lowagie\itext\2.1.7\itext-2.1.7.jar;C:\Users\HeshamAbdElhamedGhar\.m2\repository\org\apache\pdfbox\pdfbox-tools\2.0.21\pdfbox-tools-2.0.21.jar;C:\Users\HeshamAbdElhamedGhar\.m2\repository\org\apache\pdfbox\pdfbox-debugger\2.0.21\pdfbox-debugger-2.0.21.jar;C:\Users\HeshamAbdElhamedGhar\.m2\repository\org\apache\pdfbox\jbig2-imageio\3.0.3\jbig2-imageio-3.0.3.jar;C:\Users\HeshamAbdElhamedGhar\.m2\repository\net\sourceforge\lept4j\lept4j\1.13.2\lept4j-1.13.2.jar;C:\Users\HeshamAbdElhamedGhar\.m2\repository\org\jboss\jboss-vfs\3.2.15.Final\jboss-vfs-3.2.15.Final.jar;C:\Users\HeshamAbdElhamedGhar\.m2\repository\org\jboss\logging\jboss-logging\3.1.4.GA\jboss-logging-3.1.4.GA.jar;C:\Users\HeshamAbdElhamedGhar\.m2\repository\net\sf\py4j\py4j\0.10.9.1\py4j-0.10.9.1.jar;C:\Users\HeshamAbdElhamedGhar\.m2\repository\com\epam\healenium\healenium-web\3.3.1\healenium-web-3.3.1.jar;C:\Users\HeshamAbdElhamedGhar\.m2\repository\com\typesafe\config\1.4.2\config-1.4.2.jar;C:\Users\HeshamAbdElhamedGhar\.m2\repository\com\epam\healenium\tree-comparing\0.4.11\tree-comparing-0.4.11.jar;C:\Users\HeshamAbdElhamedGhar\.m2\repository\org\apache\commons\commons-text\1.6\commons-text-1.6.jar;C:\Users\HeshamAbdElhamedGhar\.m2\repository\com\squareup\okhttp3\okhttp\4.9.3\okhttp-4.9.3.jar;C:\Users\HeshamAbdElhamedGhar\.m2\repository\com\squareup\okio\okio\2.8.0\okio-2.8.0.jar;C:\Users\HeshamAbdElhamedGhar\.m2\repository\org\jetbrains\kotlin\kotlin-stdlib-common\1.4.0\kotlin-stdlib-common-1.4.0.jar;C:\Users\HeshamAbdElhamedGhar\.m2\repository\org\jetbrains\kotlin\kotlin-stdlib\1.4.10\kotlin-stdlib-1.4.10.jar;C:\Users\HeshamAbdElhamedGhar\.m2\repository\org\mapstruct\mapstruct\1.4.2.Final\mapstruct-1.4.2.Final.jar;C:\Users\HeshamAbdElhamedGhar\.m2\repository\one\util\streamex\0.8.1\streamex-0.8.1.jar;C:\Users\HeshamAbdElhamedGhar\.m2\repository\org\mapstruct\mapstruct-processor\1.4.2.Final\mapstruct-processor-1.4.2.Final.jar;C:\Users\HeshamAbdElhamedGhar\.m2\repository\com\assertthat\selenium-shutterbug\1.6\selenium-shutterbug-1.6.jar;C:\Users\HeshamAbdElhamedGhar\.m2\repository\com\github\zafarkhaja\java-semver\0.9.0\java-semver-0.9.0.jar;C:\Users\HeshamAbdElhamedGhar\.m2\repository\com\jcraft\jsch\0.1.55\jsch-0.1.55.jar;C:\Users\HeshamAbdElhamedGhar\.m2\repository\mysql\mysql-connector-java\8.0.30\mysql-connector-java-8.0.30.jar;C:\Users\HeshamAbdElhamedGhar\.m2\repository\com\google\protobuf\protobuf-java\3.19.4\protobuf-java-3.19.4.jar;C:\Users\HeshamAbdElhamedGhar\.m2\repository\com\microsoft\sqlserver\mssql-jdbc\9.4.1.jre16-preview\mssql-jdbc-9.4.1.jre16-preview.jar;C:\Users\HeshamAbdElhamedGhar\.m2\repository\postgresql\postgresql\9.1-901-1.jdbc4\postgresql-9.1-901-1.jdbc4.jar;C:\Users\HeshamAbdElhamedGhar\.m2\repository\com\ibm\db2\jcc\db2jcc\db2jcc4\db2jcc-db2jcc4.jar;C:\Users\HeshamAbdElhamedGhar\.m2\repository\ws\schild\jave-all-deps\3.3.1\jave-all-deps-3.3.1.jar;C:\Users\HeshamAbdElhamedGhar\.m2\repository\ws\schild\jave-core\3.3.1\jave-core-3.3.1.jar;C:\Users\HeshamAbdElhamedGhar\.m2\repository\ws\schild\jave-nativebin-win32\3.3.1\jave-nativebin-win32-3.3.1.jar;C:\Users\HeshamAbdElhamedGhar\.m2\repository\ws\schild\jave-nativebin-win64\3.3.1\jave-nativebin-win64-3.3.1.jar;C:\Users\HeshamAbdElhamedGhar\.m2\repository\ws\schild\jave-nativebin-linux32\3.3.1\jave-nativebin-linux32-3.3.1.jar;C:\Users\HeshamAbdElhamedGhar\.m2\repository\ws\schild\jave-nativebin-linux64\3.3.1\jave-nativebin-linux64-3.3.1.jar;C:\Users\HeshamAbdElhamedGhar\.m2\repository\ws\schild\jave-nativebin-osx64\3.3.1\jave-nativebin-osx64-3.3.1.jar;C:\Users\HeshamAbdElhamedGhar\.m2\repository\ws\schild\jave-nativebin-osxm1\3.3.1\jave-nativebin-osxm1-3.3.1.jar;C:\Users\HeshamAbdElhamedGhar\.m2\repository\ws\schild\jave-nativebin-linux-arm32\3.3.1\jave-nativebin-linux-arm32-3.3.1.jar;C:\Users\HeshamAbdElhamedGhar\.m2\repository\ws\schild\jave-nativebin-linux-arm64\3.3.1\jave-nativebin-linux-arm64-3.3.1.jar;C:\Users\HeshamAbdElhamedGhar\.m2\repository\com\automation-remarks\video-recorder-testng\2.0\video-recorder-testng-2.0.jar;C:\Users\HeshamAbdElhamedGhar\.m2\repository\com\automation-remarks\video-recorder-core\2.0\video-recorder-core-2.0.jar;C:\Users\HeshamAbdElhamedGhar\.m2\repository\org\aeonbits\owner\owner-java8\1.0.10\owner-java8-1.0.10.jar;C:\Users\HeshamAbdElhamedGhar\.m2\repository\org\aeonbits\owner\owner\1.0.10\owner-1.0.10.jar;C:\Users\HeshamAbdElhamedGhar\.m2\repository\org\zeroturnaround\zt-exec\1.10\zt-exec-1.10.jar;C:\Users\HeshamAbdElhamedGhar\.m2\repository\org\awaitility\awaitility\3.1.6\awaitility-3.1.6.jar;C:\Users\HeshamAbdElhamedGhar\.m2\repository\org\hamcrest\hamcrest-library\1.3\hamcrest-library-1.3.jar;C:\Users\HeshamAbdElhamedGhar\.m2\repository\org\hamcrest\hamcrest-core\1.3\hamcrest-core-1.3.jar;C:\Users\HeshamAbdElhamedGhar\.m2\repository\org\objenesis\objenesis\2.6\objenesis-2.6.jar;C:\Users\HeshamAbdElhamedGhar\.m2\repository\org\json\json\20180813\json-20180813.jar;C:\Users\HeshamAbdElhamedGhar\.m2\repository\org\apache\logging\log4j\log4j-slf4j2-impl\2.19.0\log4j-slf4j2-impl-2.19.0.jar;C:\Users\HeshamAbdElhamedGhar\.m2\repository\org\slf4j\slf4j-api\2.0.0\slf4j-api-2.0.0.jar;C:\Users\HeshamAbdElhamedGhar\.m2\repository\org\apache\logging\log4j\log4j-core\2.19.0\log4j-core-2.19.0.jar;C:\Users\HeshamAbdElhamedGhar\.m2\repository\org\apache\logging\log4j\log4j-1.2-api\2.19.0\log4j-1.2-api-2.19.0.jar;C:\Users\HeshamAbdElhamedGhar\.m2\repository\com\google\guava\guava\31.1-jre\guava-31.1-jre.jar;C:\Users\HeshamAbdElhamedGhar\.m2\repository\com\google\guava\failureaccess\1.0.1\failureaccess-1.0.1.jar;C:\Users\HeshamAbdElhamedGhar\.m2\repository\com\google\guava\listenablefuture\9999.0-empty-to-avoid-conflict-with-guava\listenablefuture-9999.0-empty-to-avoid-conflict-with-guava.jar;C:\Users\HeshamAbdElhamedGhar\.m2\repository\com\google\code\findbugs\jsr305\3.0.2\jsr305-3.0.2.jar;C:\Users\HeshamAbdElhamedGhar\.m2\repository\org\checkerframework\checker-qual\3.12.0\checker-qual-3.12.0.jar;C:\Users\HeshamAbdElhamedGhar\.m2\repository\com\google\errorprone\error_prone_annotations\2.11.0\error_prone_annotations-2.11.0.jar;C:\Users\HeshamAbdElhamedGhar\.m2\repository\com\google\j2objc\j2objc-annotations\1.3\j2objc-annotations-1.3.jar;C:\Users\HeshamAbdElhamedGhar\.m2\repository\org\projectlombok\lombok\1.18.24\lombok-1.18.24.jar;C:\Users\HeshamAbdElhamedGhar\.m2\repository\com\google\crypto\tink\tink\1.7.0\tink-1.7.0.jar;C:\Users\HeshamAbdElhamedGhar\.m2\repository\com\google\crypto\tink\tink-awskms\1.7.0\tink-awskms-1.7.0.jar;C:\Users\HeshamAbdElhamedGhar\.m2\repository\com\amazonaws\aws-java-sdk-core\1.12.182\aws-java-sdk-core-1.12.182.jar;C:\Users\HeshamAbdElhamedGhar\.m2\repository\software\amazon\ion\ion-java\1.0.2\ion-java-1.0.2.jar;C:\Users\HeshamAbdElhamedGhar\.m2\repository\com\amazonaws\aws-java-sdk-kms\1.12.182\aws-java-sdk-kms-1.12.182.jar;C:\Users\HeshamAbdElhamedGhar\.m2\repository\com\amazonaws\jmespath-java\1.12.182\jmespath-java-1.12.182.jar;C:\Users\HeshamAbdElhamedGhar\.m2\repository\com\fasterxml\jackson\dataformat\jackson-dataformat-cbor\2.13.1\jackson-dataformat-cbor-2.13.1.jar;C:\Users\HeshamAbdElhamedGhar\.m2\repository\com\google\auto\service\auto-service\1.0.1\auto-service-1.0.1.jar;C:\Users\HeshamAbdElhamedGhar\.m2\repository\com\google\auto\auto-common\1.2\auto-common-1.2.jar;C:\Users\HeshamAbdElhamedGhar\.m2\repository\com\google\crypto\tink\tink-gcpkms\1.7.0\tink-gcpkms-1.7.0.jar;C:\Users\HeshamAbdElhamedGhar\.m2\repository\com\google\api-client\google-api-client\1.33.2\google-api-client-1.33.2.jar;C:\Users\HeshamAbdElhamedGhar\.m2\repository\com\google\oauth-client\google-oauth-client\1.33.0\google-oauth-client-1.33.0.jar;C:\Users\HeshamAbdElhamedGhar\.m2\repository\com\google\http-client\google-http-client-apache-v2\1.41.2\google-http-client-apache-v2-1.41.2.jar;C:\Users\HeshamAbdElhamedGhar\.m2\repository\com\google\apis\google-api-services-cloudkms\v1-rev108-1.25.0\google-api-services-cloudkms-v1-rev108-1.25.0.jar;C:\Users\HeshamAbdElhamedGhar\.m2\repository\com\google\auth\google-auth-library-oauth2-http\1.5.3\google-auth-library-oauth2-http-1.5.3.jar;C:\Users\HeshamAbdElhamedGhar\.m2\repository\com\google\auto\value\auto-value-annotations\1.9\auto-value-annotations-1.9.jar;C:\Users\HeshamAbdElhamedGhar\.m2\repository\com\google\auth\google-auth-library-credentials\1.5.3\google-auth-library-credentials-1.5.3.jar;C:\Users\HeshamAbdElhamedGhar\.m2\repository\com\google\http-client\google-http-client\1.41.3\google-http-client-1.41.3.jar;C:\Users\HeshamAbdElhamedGhar\.m2\repository\io\opencensus\opencensus-api\0.31.0\opencensus-api-0.31.0.jar;C:\Users\HeshamAbdElhamedGhar\.m2\repository\io\grpc\grpc-context\1.27.2\grpc-context-1.27.2.jar;C:\Users\HeshamAbdElhamedGhar\.m2\repository\io\opencensus\opencensus-contrib-http-util\0.31.0\opencensus-contrib-http-util-0.31.0.jar;C:\Users\HeshamAbdElhamedGhar\.m2\repository\com\google\http-client\google-http-client-gson\1.41.3\google-http-client-gson-1.41.3.jar;C:\Users\HeshamAbdElhamedGhar\.m2\repository\org\yaml\snakeyaml\1.33\snakeyaml-1.33.jar;C:\Users\HeshamAbdElhamedGhar\.m2\repository\com\auth0\java-jwt\4.0.0\java-jwt-4.0.0.jar;C:\Users\HeshamAbdElhamedGhar\.m2\repository\com\fasterxml\jackson\core\jackson-databind\2.13.2.2\jackson-databind-2.13.2.2.jar;C:\Users\HeshamAbdElhamedGhar\.m2\repository\com\fasterxml\jackson\core\jackson-annotations\2.13.2\jackson-annotations-2.13.2.jar;C:\Users\HeshamAbdElhamedGhar\.m2\repository\org\jetbrains\annotations\23.1.0\annotations-23.1.0.jar;"/>
    <property name="user.home" value="C:\Users\HeshamAbdElhamedGhar"/>
    <property name="mobile_automationName" value="UIAutomator2"/>
    <property name="dynamicObjectRepositoryPath" value="src/main/resources/dynamicObjectRepository/"/>
    <property name="setThreadCount" value="1"/>
    <property name="serverHost" value="localhost"/>
    <property name="setGroupByInstances" value="true"/>
    <property name="mobile_platformVersion" value=""/>
    <property name="cucumber.execution.limit" value=""/>
    <property name="screenshotParams_screenshotType" value="FullPage"/>
    <property name="name" value="PropertiesConfig"/>
    <property name="mobileEmulation.deviceName" value=""/>
    <property name="appender.console.name" value="STDOUT"/>
    <property name="appender.console.layout.type" value="PatternLayout"/>
    <property name="debugMode" value="false"/>
    <property name="retryMaximumNumberOfAttempts" value="0"/>
    <property name="appender.console.layout.disableAnsi" value="false"/>
    <property name="score-cap" value="0.5"/>
    <property name="applitoolsApiKey" value=""/>
    <property name="cucumber.plugin" value="pretty, json:allure-results/cucumber.json, html:allure-results/cucumberReport.html, com.shaft.tools.listeners.CucumberTestRunnerListener"/>
    <property name="path.separator" value=";"/>
    <property name="browserStack.accessKey" value="7E7PgzBtwk4sWLUcF8Y5"/>
    <property name="screenshotParams_skippedElementsFromScreenshot" value=""/>
    <property name="os.version" value="10.0"/>
    <property name="reportTestCasesExecution" value="false"/>
    <property name="pageLoadTimeout" value="30"/>
    <property name="browserStack.osVersion" value=""/>
    <property name="browserStack.username" value="mohabmohie1"/>
    <property name="mobile_udid" value=""/>
    <property name="screenshotParams_highlightMethod" value="AI"/>
    <property name="java.vm.name" value="Java HotSpot(TM) 64-Bit Server VM"/>
    <property name="browserStack.platformVersion" value=""/>
    <property name="apiConnectionTimeout" value="30"/>
    <property name="cucumber.ansi-colors.disabled" value="false"/>
    <property name="forceCheckNavigationWasSuccessful" value="true"/>
    <property name="cucumber.filter.tags" value=""/>
    <property name="os.arch" value="amd64"/>
    <property name="cucumber.execution.order" value="lexical"/>
    <property name="appender.file.type" value="File"/>
    <property name="setVerbose" value="1"/>
    <property name="setParallel" value="NONE"/>
    <property name="customDriverPath" value=""/>
    <property name="baseURL" value=""/>
    <property name="tinkey.keysetFilename" value=""/>
    <property name="java.vm.info" value="mixed mode, sharing"/>
    <property name="video.folder" value="allure-results/videos"/>
    <property name="java.class.version" value="61.0"/>
    <property name="sun.jnu.encoding" value="Cp1252"/>
    <property name="browserStack.appUrl" value=""/>
    <property name="setPreserveOrder" value="true"/>
    <property name="skipTestsWithLinkedIssues" value="false"/>
    <property name="com.SHAFT.proxySettings" value=""/>
    <property name="browserStack.seleniumVersion" value="4.1.2"/>
    <property name="clickUsingJavascriptWhenWebDriverClickFails" value="false"/>
    <property name="disableLogging" value="false"/>
    <property name="authorization" value=":"/>
    <property name="targetBrowserName" value="GoogleChrome"/>
    <property name="screenshotParams_watermarkOpacity" value="0.2"/>
    <property name="mobile_browserName" value=""/>
    <property name="browserStack.debug" value="true"/>
    <property name="mobileEmulation.width" value=""/>
    <property name="file.separator" value="\"/>
    <property name="java.vm.compressedOopsMode" value="Zero based"/>
    <property name="line.separator" value="&#10;"/>
    <property name="ExecutionName" value=""/>
    <property name="appender.file.layout.pattern" value="[%-5level] %d{yyyy-MM-dd HH:mm:ss.SSS} [%t] %c{1} - %msg%n"/>
    <property name="testDataColumnNamePrefix" value="Data"/>
    <property name="cucumber.object-factory" value=""/>
    <property name="targetOperatingSystem" value="Windows-64"/>
    <property name="allure.link.custom.pattern" value="{}"/>
    <property name="propertiesFolderPath" value="src/main/resources/properties/"/>
    <property name="headlessExecution" value="false"/>
    <property name="user.name" value="HeshamAbdElhamedGhar"/>
    <property name="browserStack.appRelativeFilePath" value=""/>
    <property name="screenshotParams_watermark" value="true"/>
    <property name="jiraInteraction" value="false"/>
    <property name="serverPort" value="7878"/>
    <property name="cleanExtentReportsDirectoryBeforeExecution" value="true"/>
    <property name="localRepository" value="C:\Users\HeshamAbdElhamedGhar\.m2\repository"/>
    <property name="idea.version" value="2022.3.2"/>
    <property name="defaultElementIdentificationTimeout" value="60"/>
    <property name="capabilities.accessKey" value=""/>
    <property name="ExecutionDescription" value=""/>
    <property name="sun.os.patch.level" value=""/>
    <property name="lazyLoadingTimeout" value="30"/>
    <property name="customDriverName" value=""/>
    <property name="waitForLazyLoading" value="false"/>
    <property name="browserNavigationTimeout" value="60"/>
    <property name="mobile_platformName" value=""/>
    <property name="mobile_appPackage" value=""/>
    <property name="java.class.path" value="C:\eclipse-workspace\MyProjects\TASystemsAPIs\target\test-classes;C:\eclipse-workspace\MyProjects\TASystemsAPIs\target\classes;C:\Users\HeshamAbdElhamedGhar\.m2\repository\io\github\shafthq\SHAFT_ENGINE\6.4.20221215\SHAFT_ENGINE-6.4.20221215.jar;C:\Users\HeshamAbdElhamedGhar\.m2\repository\org\testng\testng\7.7.0\testng-7.7.0.jar;C:\Users\HeshamAbdElhamedGhar\.m2\repository\com\beust\jcommander\1.82\jcommander-1.82.jar;C:\Users\HeshamAbdElhamedGhar\.m2\repository\org\webjars\jquery\3.6.1\jquery-3.6.1.jar;C:\Users\HeshamAbdElhamedGhar\.m2\repository\org\seleniumhq\selenium\selenium-java\4.7.2\selenium-java-4.7.2.jar;C:\Users\HeshamAbdElhamedGhar\.m2\repository\org\seleniumhq\selenium\selenium-api\4.7.2\selenium-api-4.7.2.jar;C:\Users\HeshamAbdElhamedGhar\.m2\repository\org\seleniumhq\selenium\selenium-chrome-driver\4.7.2\selenium-chrome-driver-4.7.2.jar;C:\Users\HeshamAbdElhamedGhar\.m2\repository\com\google\auto\service\auto-service-annotations\1.0.1\auto-service-annotations-1.0.1.jar;C:\Users\HeshamAbdElhamedGhar\.m2\repository\org\seleniumhq\selenium\selenium-chromium-driver\4.7.2\selenium-chromium-driver-4.7.2.jar;C:\Users\HeshamAbdElhamedGhar\.m2\repository\org\seleniumhq\selenium\selenium-json\4.7.2\selenium-json-4.7.2.jar;C:\Users\HeshamAbdElhamedGhar\.m2\repository\org\seleniumhq\selenium\selenium-devtools-v106\4.7.2\selenium-devtools-v106-4.7.2.jar;C:\Users\HeshamAbdElhamedGhar\.m2\repository\org\seleniumhq\selenium\selenium-devtools-v107\4.7.2\selenium-devtools-v107-4.7.2.jar;C:\Users\HeshamAbdElhamedGhar\.m2\repository\org\seleniumhq\selenium\selenium-devtools-v108\4.7.2\selenium-devtools-v108-4.7.2.jar;C:\Users\HeshamAbdElhamedGhar\.m2\repository\org\seleniumhq\selenium\selenium-devtools-v85\4.7.2\selenium-devtools-v85-4.7.2.jar;C:\Users\HeshamAbdElhamedGhar\.m2\repository\org\seleniumhq\selenium\selenium-edge-driver\4.7.2\selenium-edge-driver-4.7.2.jar;C:\Users\HeshamAbdElhamedGhar\.m2\repository\org\seleniumhq\selenium\selenium-firefox-driver\4.7.2\selenium-firefox-driver-4.7.2.jar;C:\Users\HeshamAbdElhamedGhar\.m2\repository\org\seleniumhq\selenium\selenium-http\4.7.2\selenium-http-4.7.2.jar;C:\Users\HeshamAbdElhamedGhar\.m2\repository\dev\failsafe\failsafe\3.3.0\failsafe-3.3.0.jar;C:\Users\HeshamAbdElhamedGhar\.m2\repository\org\seleniumhq\selenium\selenium-ie-driver\4.7.2\selenium-ie-driver-4.7.2.jar;C:\Users\HeshamAbdElhamedGhar\.m2\repository\org\seleniumhq\selenium\selenium-remote-driver\4.7.2\selenium-remote-driver-4.7.2.jar;C:\Users\HeshamAbdElhamedGhar\.m2\repository\io\netty\netty-codec-http\4.1.84.Final\netty-codec-http-4.1.84.Final.jar;C:\Users\HeshamAbdElhamedGhar\.m2\repository\io\netty\netty-transport-classes-epoll\4.1.84.Final\netty-transport-classes-epoll-4.1.84.Final.jar;C:\Users\HeshamAbdElhamedGhar\.m2\repository\io\netty\netty-transport-classes-kqueue\4.1.84.Final\netty-transport-classes-kqueue-4.1.84.Final.jar;C:\Users\HeshamAbdElhamedGhar\.m2\repository\io\netty\netty-transport-native-epoll\4.1.84.Final\netty-transport-native-epoll-4.1.84.Final.jar;C:\Users\HeshamAbdElhamedGhar\.m2\repository\io\netty\netty-transport-native-kqueue\4.1.84.Final\netty-transport-native-kqueue-4.1.84.Final.jar;C:\Users\HeshamAbdElhamedGhar\.m2\repository\io\opentelemetry\opentelemetry-api\1.19.0\opentelemetry-api-1.19.0.jar;C:\Users\HeshamAbdElhamedGhar\.m2\repository\io\opentelemetry\opentelemetry-context\1.19.0\opentelemetry-context-1.19.0.jar;C:\Users\HeshamAbdElhamedGhar\.m2\repository\io\opentelemetry\opentelemetry-exporter-logging\1.19.0\opentelemetry-exporter-logging-1.19.0.jar;C:\Users\HeshamAbdElhamedGhar\.m2\repository\io\opentelemetry\opentelemetry-sdk-metrics\1.19.0\opentelemetry-sdk-metrics-1.19.0.jar;C:\Users\HeshamAbdElhamedGhar\.m2\repository\io\opentelemetry\opentelemetry-sdk-logs\1.19.0-alpha\opentelemetry-sdk-logs-1.19.0-alpha.jar;C:\Users\HeshamAbdElhamedGhar\.m2\repository\io\opentelemetry\opentelemetry-api-logs\1.19.0-alpha\opentelemetry-api-logs-1.19.0-alpha.jar;C:\Users\HeshamAbdElhamedGhar\.m2\repository\io\opentelemetry\opentelemetry-sdk-common\1.19.0\opentelemetry-sdk-common-1.19.0.jar;C:\Users\HeshamAbdElhamedGhar\.m2\repository\io\opentelemetry\opentelemetry-sdk-extension-autoconfigure-spi\1.19.0\opentelemetry-sdk-extension-autoconfigure-spi-1.19.0.jar;C:\Users\HeshamAbdElhamedGhar\.m2\repository\io\opentelemetry\opentelemetry-sdk-extension-autoconfigure\1.19.0-alpha\opentelemetry-sdk-extension-autoconfigure-1.19.0-alpha.jar;C:\Users\HeshamAbdElhamedGhar\.m2\repository\io\opentelemetry\opentelemetry-exporter-common\1.19.0\opentelemetry-exporter-common-1.19.0.jar;C:\Users\HeshamAbdElhamedGhar\.m2\repository\io\opentelemetry\opentelemetry-sdk-trace\1.19.0\opentelemetry-sdk-trace-1.19.0.jar;C:\Users\HeshamAbdElhamedGhar\.m2\repository\io\opentelemetry\opentelemetry-sdk\1.19.0\opentelemetry-sdk-1.19.0.jar;C:\Users\HeshamAbdElhamedGhar\.m2\repository\io\opentelemetry\opentelemetry-semconv\1.19.0-alpha\opentelemetry-semconv-1.19.0-alpha.jar;C:\Users\HeshamAbdElhamedGhar\.m2\repository\io\ous\jtoml\2.0.0\jtoml-2.0.0.jar;C:\Users\HeshamAbdElhamedGhar\.m2\repository\net\bytebuddy\byte-buddy\1.12.18\byte-buddy-1.12.18.jar;C:\Users\HeshamAbdElhamedGhar\.m2\repository\org\asynchttpclient\async-http-client\2.12.3\async-http-client-2.12.3.jar;C:\Users\HeshamAbdElhamedGhar\.m2\repository\org\asynchttpclient\async-http-client-netty-utils\2.12.3\async-http-client-netty-utils-2.12.3.jar;C:\Users\HeshamAbdElhamedGhar\.m2\repository\io\netty\netty-codec-socks\4.1.60.Final\netty-codec-socks-4.1.60.Final.jar;C:\Users\HeshamAbdElhamedGhar\.m2\repository\io\netty\netty-handler-proxy\4.1.60.Final\netty-handler-proxy-4.1.60.Final.jar;C:\Users\HeshamAbdElhamedGhar\.m2\repository\io\netty\netty-transport-native-epoll\4.1.60.Final\netty-transport-native-epoll-4.1.60.Final-linux-x86_64.jar;C:\Users\HeshamAbdElhamedGhar\.m2\repository\io\netty\netty-transport-native-kqueue\4.1.60.Final\netty-transport-native-kqueue-4.1.60.Final-osx-x86_64.jar;C:\Users\HeshamAbdElhamedGhar\.m2\repository\com\typesafe\netty\netty-reactive-streams\2.0.4\netty-reactive-streams-2.0.4.jar;C:\Users\HeshamAbdElhamedGhar\.m2\repository\com\sun\activation\jakarta.activation\1.2.2\jakarta.activation-1.2.2.jar;C:\Users\HeshamAbdElhamedGhar\.m2\repository\org\seleniumhq\selenium\selenium-manager\4.7.2\selenium-manager-4.7.2.jar;C:\Users\HeshamAbdElhamedGhar\.m2\repository\org\seleniumhq\selenium\selenium-safari-driver\4.7.2\selenium-safari-driver-4.7.2.jar;C:\Users\HeshamAbdElhamedGhar\.m2\repository\org\seleniumhq\selenium\selenium-support\4.7.2\selenium-support-4.7.2.jar;C:\Users\HeshamAbdElhamedGhar\.m2\repository\io\netty\netty-handler\4.1.86.Final\netty-handler-4.1.86.Final.jar;C:\Users\HeshamAbdElhamedGhar\.m2\repository\io\netty\netty-common\4.1.86.Final\netty-common-4.1.86.Final.jar;C:\Users\HeshamAbdElhamedGhar\.m2\repository\io\netty\netty-resolver\4.1.86.Final\netty-resolver-4.1.86.Final.jar;C:\Users\HeshamAbdElhamedGhar\.m2\repository\io\netty\netty-buffer\4.1.86.Final\netty-buffer-4.1.86.Final.jar;C:\Users\HeshamAbdElhamedGhar\.m2\repository\io\netty\netty-transport\4.1.86.Final\netty-transport-4.1.86.Final.jar;C:\Users\HeshamAbdElhamedGhar\.m2\repository\io\netty\netty-transport-native-unix-common\4.1.86.Final\netty-transport-native-unix-common-4.1.86.Final.jar;C:\Users\HeshamAbdElhamedGhar\.m2\repository\io\netty\netty-codec\4.1.86.Final\netty-codec-4.1.86.Final.jar;C:\Users\HeshamAbdElhamedGhar\.m2\repository\io\appium\java-client\8.3.0\java-client-8.3.0.jar;C:\Users\HeshamAbdElhamedGhar\.m2\repository\com\google\code\gson\gson\2.10\gson-2.10.jar;C:\Users\HeshamAbdElhamedGhar\.m2\repository\cglib\cglib\3.3.0\cglib-3.3.0.jar;C:\Users\HeshamAbdElhamedGhar\.m2\repository\org\ow2\asm\asm\7.1\asm-7.1.jar;C:\Users\HeshamAbdElhamedGhar\.m2\repository\commons-validator\commons-validator\1.7\commons-validator-1.7.jar;C:\Users\HeshamAbdElhamedGhar\.m2\repository\commons-beanutils\commons-beanutils\1.9.4\commons-beanutils-1.9.4.jar;C:\Users\HeshamAbdElhamedGhar\.m2\repository\commons-digester\commons-digester\2.1\commons-digester-2.1.jar;C:\Users\HeshamAbdElhamedGhar\.m2\repository\commons-collections\commons-collections\3.2.2\commons-collections-3.2.2.jar;C:\Users\HeshamAbdElhamedGhar\.m2\repository\org\apache\commons\commons-lang3\3.12.0\commons-lang3-3.12.0.jar;C:\Users\HeshamAbdElhamedGhar\.m2\repository\commons-io\commons-io\2.11.0\commons-io-2.11.0.jar;C:\Users\HeshamAbdElhamedGhar\.m2\repository\io\github\bonigarcia\webdrivermanager\5.3.1\webdrivermanager-5.3.1.jar;C:\Users\HeshamAbdElhamedGhar\.m2\repository\com\github\docker-java\docker-java\3.2.13\docker-java-3.2.13.jar;C:\Users\HeshamAbdElhamedGhar\.m2\repository\com\github\docker-java\docker-java-core\3.2.13\docker-java-core-3.2.13.jar;C:\Users\HeshamAbdElhamedGhar\.m2\repository\com\github\docker-java\docker-java-api\3.2.13\docker-java-api-3.2.13.jar;C:\Users\HeshamAbdElhamedGhar\.m2\repository\org\slf4j\jcl-over-slf4j\1.7.30\jcl-over-slf4j-1.7.30.jar;C:\Users\HeshamAbdElhamedGhar\.m2\repository\com\github\docker-java\docker-java-transport-httpclient5\3.2.13\docker-java-transport-httpclient5-3.2.13.jar;C:\Users\HeshamAbdElhamedGhar\.m2\repository\com\github\docker-java\docker-java-transport\3.2.13\docker-java-transport-3.2.13.jar;C:\Users\HeshamAbdElhamedGhar\.m2\repository\net\java\dev\jna\jna\5.8.0\jna-5.8.0.jar;C:\Users\HeshamAbdElhamedGhar\.m2\repository\org\brotli\dec\0.1.2\dec-0.1.2.jar;C:\Users\HeshamAbdElhamedGhar\.m2\repository\org\apache\httpcomponents\client5\httpclient5\5.1.3\httpclient5-5.1.3.jar;C:\Users\HeshamAbdElhamedGhar\.m2\repository\org\apache\httpcomponents\core5\httpcore5\5.1.3\httpcore5-5.1.3.jar;C:\Users\HeshamAbdElhamedGhar\.m2\repository\org\apache\httpcomponents\core5\httpcore5-h2\5.1.3\httpcore5-h2-5.1.3.jar;C:\Users\HeshamAbdElhamedGhar\.m2\repository\io\cucumber\cucumber-java\7.10.0\cucumber-java-7.10.0.jar;C:\Users\HeshamAbdElhamedGhar\.m2\repository\io\cucumber\cucumber-core\7.10.0\cucumber-core-7.10.0.jar;C:\Users\HeshamAbdElhamedGhar\.m2\repository\io\cucumber\cucumber-gherkin\7.10.0\cucumber-gherkin-7.10.0.jar;C:\Users\HeshamAbdElhamedGhar\.m2\repository\io\cucumber\cucumber-gherkin-messages\7.10.0\cucumber-gherkin-messages-7.10.0.jar;C:\Users\HeshamAbdElhamedGhar\.m2\repository\io\cucumber\gherkin\25.0.2\gherkin-25.0.2.jar;C:\Users\HeshamAbdElhamedGhar\.m2\repository\io\cucumber\messages\19.1.4\messages-19.1.4.jar;C:\Users\HeshamAbdElhamedGhar\.m2\repository\io\cucumber\tag-expressions\4.1.0\tag-expressions-4.1.0.jar;C:\Users\HeshamAbdElhamedGhar\.m2\repository\io\cucumber\cucumber-expressions\16.1.1\cucumber-expressions-16.1.1.jar;C:\Users\HeshamAbdElhamedGhar\.m2\repository\io\cucumber\datatable\7.10.0\datatable-7.10.0.jar;C:\Users\HeshamAbdElhamedGhar\.m2\repository\io\cucumber\cucumber-plugin\7.10.0\cucumber-plugin-7.10.0.jar;C:\Users\HeshamAbdElhamedGhar\.m2\repository\io\cucumber\docstring\7.10.0\docstring-7.10.0.jar;C:\Users\HeshamAbdElhamedGhar\.m2\repository\io\cucumber\html-formatter\20.2.0\html-formatter-20.2.0.jar;C:\Users\HeshamAbdElhamedGhar\.m2\repository\io\cucumber\ci-environment\9.1.0\ci-environment-9.1.0.jar;C:\Users\HeshamAbdElhamedGhar\.m2\repository\org\apiguardian\apiguardian-api\1.1.2\apiguardian-api-1.1.2.jar;C:\Users\HeshamAbdElhamedGhar\.m2\repository\io\cucumber\cucumber-testng\7.10.0\cucumber-testng-7.10.0.jar;C:\Users\HeshamAbdElhamedGhar\.m2\repository\io\cucumber\cucumber-picocontainer\7.10.0\cucumber-picocontainer-7.10.0.jar;C:\Users\HeshamAbdElhamedGhar\.m2\repository\org\picocontainer\picocontainer\2.15\picocontainer-2.15.jar;C:\Users\HeshamAbdElhamedGhar\.m2\repository\org\apache\poi\poi\5.2.3\poi-5.2.3.jar;C:\Users\HeshamAbdElhamedGhar\.m2\repository\commons-codec\commons-codec\1.15\commons-codec-1.15.jar;C:\Users\HeshamAbdElhamedGhar\.m2\repository\org\apache\commons\commons-collections4\4.4\commons-collections4-4.4.jar;C:\Users\HeshamAbdElhamedGhar\.m2\repository\org\apache\commons\commons-math3\3.6.1\commons-math3-3.6.1.jar;C:\Users\HeshamAbdElhamedGhar\.m2\repository\com\zaxxer\SparseBitSet\1.2\SparseBitSet-1.2.jar;C:\Users\HeshamAbdElhamedGhar\.m2\repository\org\apache\logging\log4j\log4j-api\2.18.0\log4j-api-2.18.0.jar;C:\Users\HeshamAbdElhamedGhar\.m2\repository\org\apache\poi\poi-ooxml\5.2.3\poi-ooxml-5.2.3.jar;C:\Users\HeshamAbdElhamedGhar\.m2\repository\org\apache\poi\poi-ooxml-lite\5.2.3\poi-ooxml-lite-5.2.3.jar;C:\Users\HeshamAbdElhamedGhar\.m2\repository\org\apache\xmlbeans\xmlbeans\5.1.1\xmlbeans-5.1.1.jar;C:\Users\HeshamAbdElhamedGhar\.m2\repository\org\apache\commons\commons-compress\1.21\commons-compress-1.21.jar;C:\Users\HeshamAbdElhamedGhar\.m2\repository\com\github\virtuald\curvesapi\1.07\curvesapi-1.07.jar;C:\Users\HeshamAbdElhamedGhar\.m2\repository\io\qameta\allure\allure-testng\2.20.1\allure-testng-2.20.1.jar;C:\Users\HeshamAbdElhamedGhar\.m2\repository\io\qameta\allure\allure-java-commons\2.20.1\allure-java-commons-2.20.1.jar;C:\Users\HeshamAbdElhamedGhar\.m2\repository\io\qameta\allure\allure-model\2.20.1\allure-model-2.20.1.jar;C:\Users\HeshamAbdElhamedGhar\.m2\repository\io\qameta\allure\allure-test-filter\2.20.1\allure-test-filter-2.20.1.jar;C:\Users\HeshamAbdElhamedGhar\.m2\repository\io\qameta\allure\allure-cucumber7-jvm\2.20.1\allure-cucumber7-jvm-2.20.1.jar;C:\Users\HeshamAbdElhamedGhar\.m2\repository\org\aspectj\aspectjweaver\1.9.9.1\aspectjweaver-1.9.9.1.jar;C:\Users\HeshamAbdElhamedGhar\.m2\repository\com\aventstack\extentreports\5.0.9\extentreports-5.0.9.jar;C:\Users\HeshamAbdElhamedGhar\.m2\repository\io\reactivex\rxjava3\rxjava\3.0.4\rxjava-3.0.4.jar;C:\Users\HeshamAbdElhamedGhar\.m2\repository\org\reactivestreams\reactive-streams\1.0.3\reactive-streams-1.0.3.jar;C:\Users\HeshamAbdElhamedGhar\.m2\repository\org\freemarker\freemarker\2.3.30\freemarker-2.3.30.jar;C:\Users\HeshamAbdElhamedGhar\.m2\repository\org\apache\pdfbox\pdfbox\2.0.27\pdfbox-2.0.27.jar;C:\Users\HeshamAbdElhamedGhar\.m2\repository\org\apache\pdfbox\fontbox\2.0.27\fontbox-2.0.27.jar;C:\Users\HeshamAbdElhamedGhar\.m2\repository\commons-logging\commons-logging\1.2\commons-logging-1.2.jar;C:\Users\HeshamAbdElhamedGhar\.m2\repository\io\rest-assured\rest-assured\5.3.0\rest-assured-5.3.0.jar;C:\Users\HeshamAbdElhamedGhar\.m2\repository\org\apache\groovy\groovy\4.0.6\groovy-4.0.6.jar;C:\Users\HeshamAbdElhamedGhar\.m2\repository\org\apache\groovy\groovy-xml\4.0.6\groovy-xml-4.0.6.jar;C:\Users\HeshamAbdElhamedGhar\.m2\repository\org\apache\httpcomponents\httpclient\4.5.13\httpclient-4.5.13.jar;C:\Users\HeshamAbdElhamedGhar\.m2\repository\org\apache\httpcomponents\httpcore\4.4.13\httpcore-4.4.13.jar;C:\Users\HeshamAbdElhamedGhar\.m2\repository\org\apache\httpcomponents\httpmime\4.5.13\httpmime-4.5.13.jar;C:\Users\HeshamAbdElhamedGhar\.m2\repository\org\hamcrest\hamcrest\2.1\hamcrest-2.1.jar;C:\Users\HeshamAbdElhamedGhar\.m2\repository\org\ccil\cowan\tagsoup\tagsoup\1.2.1\tagsoup-1.2.1.jar;C:\Users\HeshamAbdElhamedGhar\.m2\repository\io\rest-assured\json-path\5.3.0\json-path-5.3.0.jar;C:\Users\HeshamAbdElhamedGhar\.m2\repository\org\apache\groovy\groovy-json\4.0.6\groovy-json-4.0.6.jar;C:\Users\HeshamAbdElhamedGhar\.m2\repository\io\rest-assured\rest-assured-common\5.3.0\rest-assured-common-5.3.0.jar;C:\Users\HeshamAbdElhamedGhar\.m2\repository\io\rest-assured\xml-path\5.3.0\xml-path-5.3.0.jar;C:\Users\HeshamAbdElhamedGhar\.m2\repository\com\googlecode\json-simple\json-simple\1.1.1\json-simple-1.1.1.jar;C:\Users\HeshamAbdElhamedGhar\.m2\repository\com\jayway\jsonpath\json-path\2.7.0\json-path-2.7.0.jar;C:\Users\HeshamAbdElhamedGhar\.m2\repository\net\minidev\json-smart\2.4.7\json-smart-2.4.7.jar;C:\Users\HeshamAbdElhamedGhar\.m2\repository\net\minidev\accessors-smart\2.4.7\accessors-smart-2.4.7.jar;C:\Users\HeshamAbdElhamedGhar\.m2\repository\org\skyscreamer\jsonassert\1.5.1\jsonassert-1.5.1.jar;C:\Users\HeshamAbdElhamedGhar\.m2\repository\com\vaadin\external\google\android-json\0.0.20131108.vaadin1\android-json-0.0.20131108.vaadin1.jar;C:\Users\HeshamAbdElhamedGhar\.m2\repository\eu\medsea\mimeutil\mime-util\2.1.3\mime-util-2.1.3.jar;C:\Users\HeshamAbdElhamedGhar\.m2\repository\io\rest-assured\json-schema-validator\5.3.0\json-schema-validator-5.3.0.jar;C:\Users\HeshamAbdElhamedGhar\.m2\repository\com\github\java-json-tools\json-schema-validator\2.2.14\json-schema-validator-2.2.14.jar;C:\Users\HeshamAbdElhamedGhar\.m2\repository\com\github\java-json-tools\jackson-coreutils-equivalence\1.0\jackson-coreutils-equivalence-1.0.jar;C:\Users\HeshamAbdElhamedGhar\.m2\repository\com\github\java-json-tools\jackson-coreutils\2.0\jackson-coreutils-2.0.jar;C:\Users\HeshamAbdElhamedGhar\.m2\repository\com\github\java-json-tools\msg-simple\1.2\msg-simple-1.2.jar;C:\Users\HeshamAbdElhamedGhar\.m2\repository\com\github\java-json-tools\btf\1.3\btf-1.3.jar;C:\Users\HeshamAbdElhamedGhar\.m2\repository\com\github\java-json-tools\json-schema-core\1.2.14\json-schema-core-1.2.14.jar;C:\Users\HeshamAbdElhamedGhar\.m2\repository\com\github\java-json-tools\uri-template\0.10\uri-template-0.10.jar;C:\Users\HeshamAbdElhamedGhar\.m2\repository\org\mozilla\rhino\1.7.7.2\rhino-1.7.7.2.jar;C:\Users\HeshamAbdElhamedGhar\.m2\repository\com\sun\mail\mailapi\1.6.2\mailapi-1.6.2.jar;C:\Users\HeshamAbdElhamedGhar\.m2\repository\joda-time\joda-time\2.10.5\joda-time-2.10.5.jar;C:\Users\HeshamAbdElhamedGhar\.m2\repository\com\googlecode\libphonenumber\libphonenumber\8.11.1\libphonenumber-8.11.1.jar;C:\Users\HeshamAbdElhamedGhar\.m2\repository\net\sf\jopt-simple\jopt-simple\5.0.4\jopt-simple-5.0.4.jar;C:\Users\HeshamAbdElhamedGhar\.m2\repository\com\fasterxml\jackson\datatype\jackson-datatype-jdk8\2.14.1\jackson-datatype-jdk8-2.14.1.jar;C:\Users\HeshamAbdElhamedGhar\.m2\repository\com\fasterxml\jackson\core\jackson-core\2.14.1\jackson-core-2.14.1.jar;C:\Users\HeshamAbdElhamedGhar\.m2\repository\com\applitools\eyes-images-java4\4.14.0\eyes-images-java4-4.14.0.jar;C:\Users\HeshamAbdElhamedGhar\.m2\repository\com\applitools\eyes-common-java4\4.14.0\eyes-common-java4-4.14.0.jar;C:\Users\HeshamAbdElhamedGhar\.m2\repository\org\imgscalr\imgscalr-lib\4.2\imgscalr-lib-4.2.jar;C:\Users\HeshamAbdElhamedGhar\.m2\repository\com\helger\ph-css\6.1.1\ph-css-6.1.1.jar;C:\Users\HeshamAbdElhamedGhar\.m2\repository\com\helger\ph-commons\9.0.2\ph-commons-9.0.2.jar;C:\Users\HeshamAbdElhamedGhar\.m2\repository\org\jsoup\jsoup\1.8.3\jsoup-1.8.3.jar;C:\Users\HeshamAbdElhamedGhar\.m2\repository\com\applitools\eyes-sdk-core-java4\4.14.0\eyes-sdk-core-java4-4.14.0.jar;C:\Users\HeshamAbdElhamedGhar\.m2\repository\com\applitools\eyes-connectivity-java4-jersey2x\4.14.0\eyes-connectivity-java4-jersey2x-4.14.0.jar;C:\Users\HeshamAbdElhamedGhar\.m2\repository\org\glassfish\jersey\connectors\jersey-apache-connector\2.16\jersey-apache-connector-2.16.jar;C:\Users\HeshamAbdElhamedGhar\.m2\repository\org\glassfish\jersey\core\jersey-common\2.16\jersey-common-2.16.jar;C:\Users\HeshamAbdElhamedGhar\.m2\repository\javax\annotation\javax.annotation-api\1.2\javax.annotation-api-1.2.jar;C:\Users\HeshamAbdElhamedGhar\.m2\repository\org\glassfish\jersey\bundles\repackaged\jersey-guava\2.16\jersey-guava-2.16.jar;C:\Users\HeshamAbdElhamedGhar\.m2\repository\org\glassfish\hk2\osgi-resource-locator\1.0.1\osgi-resource-locator-1.0.1.jar;C:\Users\HeshamAbdElhamedGhar\.m2\repository\javax\ws\rs\javax.ws.rs-api\2.0.1\javax.ws.rs-api-2.0.1.jar;C:\Users\HeshamAbdElhamedGhar\.m2\repository\org\glassfish\jersey\core\jersey-client\2.16\jersey-client-2.16.jar;C:\Users\HeshamAbdElhamedGhar\.m2\repository\org\glassfish\hk2\hk2-api\2.4.0-b09\hk2-api-2.4.0-b09.jar;C:\Users\HeshamAbdElhamedGhar\.m2\repository\org\glassfish\hk2\hk2-utils\2.4.0-b09\hk2-utils-2.4.0-b09.jar;C:\Users\HeshamAbdElhamedGhar\.m2\repository\org\glassfish\hk2\external\aopalliance-repackaged\2.4.0-b09\aopalliance-repackaged-2.4.0-b09.jar;C:\Users\HeshamAbdElhamedGhar\.m2\repository\org\glassfish\hk2\external\javax.inject\2.4.0-b09\javax.inject-2.4.0-b09.jar;C:\Users\HeshamAbdElhamedGhar\.m2\repository\org\glassfish\hk2\hk2-locator\2.4.0-b09\hk2-locator-2.4.0-b09.jar;C:\Users\HeshamAbdElhamedGhar\.m2\repository\org\openpnp\opencv\4.5.5-1\opencv-4.5.5-1.jar;C:\Users\HeshamAbdElhamedGhar\.m2\repository\com\sikulix\sikulixapi\2.0.5\sikulixapi-2.0.5.jar;C:\Users\HeshamAbdElhamedGhar\.m2\repository\org\python\jython-slim\2.7.2\jython-slim-2.7.2.jar;C:\Users\HeshamAbdElhamedGhar\.m2\repository\org\antlr\antlr\3.5.2\antlr-3.5.2.jar;C:\Users\HeshamAbdElhamedGhar\.m2\repository\org\antlr\ST4\4.0.8\ST4-4.0.8.jar;C:\Users\HeshamAbdElhamedGhar\.m2\repository\javax\servlet\javax.servlet-api\3.1.0\javax.servlet-api-3.1.0.jar;C:\Users\HeshamAbdElhamedGhar\.m2\repository\org\antlr\antlr-runtime\3.5.2\antlr-runtime-3.5.2.jar;C:\Users\HeshamAbdElhamedGhar\.m2\repository\org\bouncycastle\bcpkix-jdk15on\1.62\bcpkix-jdk15on-1.62.jar;C:\Users\HeshamAbdElhamedGhar\.m2\repository\org\bouncycastle\bcprov-jdk15on\1.62\bcprov-jdk15on-1.62.jar;C:\Users\HeshamAbdElhamedGhar\.m2\repository\org\ow2\asm\asm-commons\7.1\asm-commons-7.1.jar;C:\Users\HeshamAbdElhamedGhar\.m2\repository\org\ow2\asm\asm-tree\7.1\asm-tree-7.1.jar;C:\Users\HeshamAbdElhamedGhar\.m2\repository\org\ow2\asm\asm-analysis\7.1\asm-analysis-7.1.jar;C:\Users\HeshamAbdElhamedGhar\.m2\repository\org\ow2\asm\asm-util\7.1\asm-util-7.1.jar;C:\Users\HeshamAbdElhamedGhar\.m2\repository\com\ibm\icu\icu4j\59.1\icu4j-59.1.jar;C:\Users\HeshamAbdElhamedGhar\.m2\repository\com\carrotsearch\java-sizeof\0.0.5\java-sizeof-0.0.5.jar;C:\Users\HeshamAbdElhamedGhar\.m2\repository\com\github\jnr\jffi\1.2.20\jffi-1.2.20.jar;C:\Users\HeshamAbdElhamedGhar\.m2\repository\com\github\jnr\jnr-netdb\1.1.6\jnr-netdb-1.1.6.jar;C:\Users\HeshamAbdElhamedGhar\.m2\repository\com\github\jnr\jnr-ffi\2.1.10\jnr-ffi-2.1.10.jar;C:\Users\HeshamAbdElhamedGhar\.m2\repository\com\github\jnr\jffi\1.2.19\jffi-1.2.19-native.jar;C:\Users\HeshamAbdElhamedGhar\.m2\repository\com\github\jnr\jnr-a64asm\1.0.0\jnr-a64asm-1.0.0.jar;C:\Users\HeshamAbdElhamedGhar\.m2\repository\com\github\jnr\jnr-x86asm\1.0.2\jnr-x86asm-1.0.2.jar;C:\Users\HeshamAbdElhamedGhar\.m2\repository\com\github\jnr\jnr-posix\3.0.50\jnr-posix-3.0.50.jar;C:\Users\HeshamAbdElhamedGhar\.m2\repository\com\github\jnr\jnr-constants\0.9.12\jnr-constants-0.9.12.jar;C:\Users\HeshamAbdElhamedGhar\.m2\repository\jline\jline\2.14.5\jline-2.14.5.jar;C:\Users\HeshamAbdElhamedGhar\.m2\repository\org\apache\ant\ant\1.9.7\ant-1.9.7.jar;C:\Users\HeshamAbdElhamedGhar\.m2\repository\org\apache\ant\ant-launcher\1.9.7\ant-launcher-1.9.7.jar;C:\Users\HeshamAbdElhamedGhar\.m2\repository\com\sikulix\sikulix2tigervnc\1.1.4\sikulix2tigervnc-1.1.4.jar;C:\Users\HeshamAbdElhamedGhar\.m2\repository\commons-cli\commons-cli\1.4\commons-cli-1.4.jar;C:\Users\HeshamAbdElhamedGhar\.m2\repository\org\apache\commons\commons-exec\1.3\commons-exec-1.3.jar;C:\Users\HeshamAbdElhamedGhar\.m2\repository\net\java\dev\jna\jna-platform\5.6.0\jna-platform-5.6.0.jar;C:\Users\HeshamAbdElhamedGhar\.m2\repository\net\oneandone\reflections8\reflections8\0.11.6\reflections8-0.11.6.jar;C:\Users\HeshamAbdElhamedGhar\.m2\repository\org\javassist\javassist\3.22.0-GA\javassist-3.22.0-GA.jar;C:\Users\HeshamAbdElhamedGhar\.m2\repository\net\sourceforge\tess4j\tess4j\4.5.4\tess4j-4.5.4.jar;C:\Users\HeshamAbdElhamedGhar\.m2\repository\com\github\jai-imageio\jai-imageio-core\1.4.0\jai-imageio-core-1.4.0.jar;C:\Users\HeshamAbdElhamedGhar\.m2\repository\org\ghost4j\ghost4j\1.0.1\ghost4j-1.0.1.jar;C:\Users\HeshamAbdElhamedGhar\.m2\repository\org\apache\xmlgraphics\xmlgraphics-commons\1.4\xmlgraphics-commons-1.4.jar;C:\Users\HeshamAbdElhamedGhar\.m2\repository\com\lowagie\itext\2.1.7\itext-2.1.7.jar;C:\Users\HeshamAbdElhamedGhar\.m2\repository\org\apache\pdfbox\pdfbox-tools\2.0.21\pdfbox-tools-2.0.21.jar;C:\Users\HeshamAbdElhamedGhar\.m2\repository\org\apache\pdfbox\pdfbox-debugger\2.0.21\pdfbox-debugger-2.0.21.jar;C:\Users\HeshamAbdElhamedGhar\.m2\repository\org\apache\pdfbox\jbig2-imageio\3.0.3\jbig2-imageio-3.0.3.jar;C:\Users\HeshamAbdElhamedGhar\.m2\repository\net\sourceforge\lept4j\lept4j\1.13.2\lept4j-1.13.2.jar;C:\Users\HeshamAbdElhamedGhar\.m2\repository\org\jboss\jboss-vfs\3.2.15.Final\jboss-vfs-3.2.15.Final.jar;C:\Users\HeshamAbdElhamedGhar\.m2\repository\org\jboss\logging\jboss-logging\3.1.4.GA\jboss-logging-3.1.4.GA.jar;C:\Users\HeshamAbdElhamedGhar\.m2\repository\net\sf\py4j\py4j\0.10.9.1\py4j-0.10.9.1.jar;C:\Users\HeshamAbdElhamedGhar\.m2\repository\com\epam\healenium\healenium-web\3.3.1\healenium-web-3.3.1.jar;C:\Users\HeshamAbdElhamedGhar\.m2\repository\com\typesafe\config\1.4.2\config-1.4.2.jar;C:\Users\HeshamAbdElhamedGhar\.m2\repository\com\epam\healenium\tree-comparing\0.4.11\tree-comparing-0.4.11.jar;C:\Users\HeshamAbdElhamedGhar\.m2\repository\org\apache\commons\commons-text\1.6\commons-text-1.6.jar;C:\Users\HeshamAbdElhamedGhar\.m2\repository\com\squareup\okhttp3\okhttp\4.9.3\okhttp-4.9.3.jar;C:\Users\HeshamAbdElhamedGhar\.m2\repository\com\squareup\okio\okio\2.8.0\okio-2.8.0.jar;C:\Users\HeshamAbdElhamedGhar\.m2\repository\org\jetbrains\kotlin\kotlin-stdlib-common\1.4.0\kotlin-stdlib-common-1.4.0.jar;C:\Users\HeshamAbdElhamedGhar\.m2\repository\org\jetbrains\kotlin\kotlin-stdlib\1.4.10\kotlin-stdlib-1.4.10.jar;C:\Users\HeshamAbdElhamedGhar\.m2\repository\org\mapstruct\mapstruct\1.4.2.Final\mapstruct-1.4.2.Final.jar;C:\Users\HeshamAbdElhamedGhar\.m2\repository\one\util\streamex\0.8.1\streamex-0.8.1.jar;C:\Users\HeshamAbdElhamedGhar\.m2\repository\org\mapstruct\mapstruct-processor\1.4.2.Final\mapstruct-processor-1.4.2.Final.jar;C:\Users\HeshamAbdElhamedGhar\.m2\repository\com\assertthat\selenium-shutterbug\1.6\selenium-shutterbug-1.6.jar;C:\Users\HeshamAbdElhamedGhar\.m2\repository\com\github\zafarkhaja\java-semver\0.9.0\java-semver-0.9.0.jar;C:\Users\HeshamAbdElhamedGhar\.m2\repository\com\jcraft\jsch\0.1.55\jsch-0.1.55.jar;C:\Users\HeshamAbdElhamedGhar\.m2\repository\mysql\mysql-connector-java\8.0.30\mysql-connector-java-8.0.30.jar;C:\Users\HeshamAbdElhamedGhar\.m2\repository\com\google\protobuf\protobuf-java\3.19.4\protobuf-java-3.19.4.jar;C:\Users\HeshamAbdElhamedGhar\.m2\repository\com\microsoft\sqlserver\mssql-jdbc\9.4.1.jre16-preview\mssql-jdbc-9.4.1.jre16-preview.jar;C:\Users\HeshamAbdElhamedGhar\.m2\repository\postgresql\postgresql\9.1-901-1.jdbc4\postgresql-9.1-901-1.jdbc4.jar;C:\Users\HeshamAbdElhamedGhar\.m2\repository\com\ibm\db2\jcc\db2jcc\db2jcc4\db2jcc-db2jcc4.jar;C:\Users\HeshamAbdElhamedGhar\.m2\repository\ws\schild\jave-all-deps\3.3.1\jave-all-deps-3.3.1.jar;C:\Users\HeshamAbdElhamedGhar\.m2\repository\ws\schild\jave-core\3.3.1\jave-core-3.3.1.jar;C:\Users\HeshamAbdElhamedGhar\.m2\repository\ws\schild\jave-nativebin-win32\3.3.1\jave-nativebin-win32-3.3.1.jar;C:\Users\HeshamAbdElhamedGhar\.m2\repository\ws\schild\jave-nativebin-win64\3.3.1\jave-nativebin-win64-3.3.1.jar;C:\Users\HeshamAbdElhamedGhar\.m2\repository\ws\schild\jave-nativebin-linux32\3.3.1\jave-nativebin-linux32-3.3.1.jar;C:\Users\HeshamAbdElhamedGhar\.m2\repository\ws\schild\jave-nativebin-linux64\3.3.1\jave-nativebin-linux64-3.3.1.jar;C:\Users\HeshamAbdElhamedGhar\.m2\repository\ws\schild\jave-nativebin-osx64\3.3.1\jave-nativebin-osx64-3.3.1.jar;C:\Users\HeshamAbdElhamedGhar\.m2\repository\ws\schild\jave-nativebin-osxm1\3.3.1\jave-nativebin-osxm1-3.3.1.jar;C:\Users\HeshamAbdElhamedGhar\.m2\repository\ws\schild\jave-nativebin-linux-arm32\3.3.1\jave-nativebin-linux-arm32-3.3.1.jar;C:\Users\HeshamAbdElhamedGhar\.m2\repository\ws\schild\jave-nativebin-linux-arm64\3.3.1\jave-nativebin-linux-arm64-3.3.1.jar;C:\Users\HeshamAbdElhamedGhar\.m2\repository\com\automation-remarks\video-recorder-testng\2.0\video-recorder-testng-2.0.jar;C:\Users\HeshamAbdElhamedGhar\.m2\repository\com\automation-remarks\video-recorder-core\2.0\video-recorder-core-2.0.jar;C:\Users\HeshamAbdElhamedGhar\.m2\repository\org\aeonbits\owner\owner-java8\1.0.10\owner-java8-1.0.10.jar;C:\Users\HeshamAbdElhamedGhar\.m2\repository\org\aeonbits\owner\owner\1.0.10\owner-1.0.10.jar;C:\Users\HeshamAbdElhamedGhar\.m2\repository\org\zeroturnaround\zt-exec\1.10\zt-exec-1.10.jar;C:\Users\HeshamAbdElhamedGhar\.m2\repository\org\awaitility\awaitility\3.1.6\awaitility-3.1.6.jar;C:\Users\HeshamAbdElhamedGhar\.m2\repository\org\hamcrest\hamcrest-library\1.3\hamcrest-library-1.3.jar;C:\Users\HeshamAbdElhamedGhar\.m2\repository\org\hamcrest\hamcrest-core\1.3\hamcrest-core-1.3.jar;C:\Users\HeshamAbdElhamedGhar\.m2\repository\org\objenesis\objenesis\2.6\objenesis-2.6.jar;C:\Users\HeshamAbdElhamedGhar\.m2\repository\org\json\json\20180813\json-20180813.jar;C:\Users\HeshamAbdElhamedGhar\.m2\repository\org\apache\logging\log4j\log4j-slf4j2-impl\2.19.0\log4j-slf4j2-impl-2.19.0.jar;C:\Users\HeshamAbdElhamedGhar\.m2\repository\org\slf4j\slf4j-api\2.0.0\slf4j-api-2.0.0.jar;C:\Users\HeshamAbdElhamedGhar\.m2\repository\org\apache\logging\log4j\log4j-core\2.19.0\log4j-core-2.19.0.jar;C:\Users\HeshamAbdElhamedGhar\.m2\repository\org\apache\logging\log4j\log4j-1.2-api\2.19.0\log4j-1.2-api-2.19.0.jar;C:\Users\HeshamAbdElhamedGhar\.m2\repository\com\google\guava\guava\31.1-jre\guava-31.1-jre.jar;C:\Users\HeshamAbdElhamedGhar\.m2\repository\com\google\guava\failureaccess\1.0.1\failureaccess-1.0.1.jar;C:\Users\HeshamAbdElhamedGhar\.m2\repository\com\google\guava\listenablefuture\9999.0-empty-to-avoid-conflict-with-guava\listenablefuture-9999.0-empty-to-avoid-conflict-with-guava.jar;C:\Users\HeshamAbdElhamedGhar\.m2\repository\com\google\code\findbugs\jsr305\3.0.2\jsr305-3.0.2.jar;C:\Users\HeshamAbdElhamedGhar\.m2\repository\org\checkerframework\checker-qual\3.12.0\checker-qual-3.12.0.jar;C:\Users\HeshamAbdElhamedGhar\.m2\repository\com\google\errorprone\error_prone_annotations\2.11.0\error_prone_annotations-2.11.0.jar;C:\Users\HeshamAbdElhamedGhar\.m2\repository\com\google\j2objc\j2objc-annotations\1.3\j2objc-annotations-1.3.jar;C:\Users\HeshamAbdElhamedGhar\.m2\repository\org\projectlombok\lombok\1.18.24\lombok-1.18.24.jar;C:\Users\HeshamAbdElhamedGhar\.m2\repository\com\google\crypto\tink\tink\1.7.0\tink-1.7.0.jar;C:\Users\HeshamAbdElhamedGhar\.m2\repository\com\google\crypto\tink\tink-awskms\1.7.0\tink-awskms-1.7.0.jar;C:\Users\HeshamAbdElhamedGhar\.m2\repository\com\amazonaws\aws-java-sdk-core\1.12.182\aws-java-sdk-core-1.12.182.jar;C:\Users\HeshamAbdElhamedGhar\.m2\repository\software\amazon\ion\ion-java\1.0.2\ion-java-1.0.2.jar;C:\Users\HeshamAbdElhamedGhar\.m2\repository\com\amazonaws\aws-java-sdk-kms\1.12.182\aws-java-sdk-kms-1.12.182.jar;C:\Users\HeshamAbdElhamedGhar\.m2\repository\com\amazonaws\jmespath-java\1.12.182\jmespath-java-1.12.182.jar;C:\Users\HeshamAbdElhamedGhar\.m2\repository\com\fasterxml\jackson\dataformat\jackson-dataformat-cbor\2.13.1\jackson-dataformat-cbor-2.13.1.jar;C:\Users\HeshamAbdElhamedGhar\.m2\repository\com\google\auto\service\auto-service\1.0.1\auto-service-1.0.1.jar;C:\Users\HeshamAbdElhamedGhar\.m2\repository\com\google\auto\auto-common\1.2\auto-common-1.2.jar;C:\Users\HeshamAbdElhamedGhar\.m2\repository\com\google\crypto\tink\tink-gcpkms\1.7.0\tink-gcpkms-1.7.0.jar;C:\Users\HeshamAbdElhamedGhar\.m2\repository\com\google\api-client\google-api-client\1.33.2\google-api-client-1.33.2.jar;C:\Users\HeshamAbdElhamedGhar\.m2\repository\com\google\oauth-client\google-oauth-client\1.33.0\google-oauth-client-1.33.0.jar;C:\Users\HeshamAbdElhamedGhar\.m2\repository\com\google\http-client\google-http-client-apache-v2\1.41.2\google-http-client-apache-v2-1.41.2.jar;C:\Users\HeshamAbdElhamedGhar\.m2\repository\com\google\apis\google-api-services-cloudkms\v1-rev108-1.25.0\google-api-services-cloudkms-v1-rev108-1.25.0.jar;C:\Users\HeshamAbdElhamedGhar\.m2\repository\com\google\auth\google-auth-library-oauth2-http\1.5.3\google-auth-library-oauth2-http-1.5.3.jar;C:\Users\HeshamAbdElhamedGhar\.m2\repository\com\google\auto\value\auto-value-annotations\1.9\auto-value-annotations-1.9.jar;C:\Users\HeshamAbdElhamedGhar\.m2\repository\com\google\auth\google-auth-library-credentials\1.5.3\google-auth-library-credentials-1.5.3.jar;C:\Users\HeshamAbdElhamedGhar\.m2\repository\com\google\http-client\google-http-client\1.41.3\google-http-client-1.41.3.jar;C:\Users\HeshamAbdElhamedGhar\.m2\repository\io\opencensus\opencensus-api\0.31.0\opencensus-api-0.31.0.jar;C:\Users\HeshamAbdElhamedGhar\.m2\repository\io\grpc\grpc-context\1.27.2\grpc-context-1.27.2.jar;C:\Users\HeshamAbdElhamedGhar\.m2\repository\io\opencensus\opencensus-contrib-http-util\0.31.0\opencensus-contrib-http-util-0.31.0.jar;C:\Users\HeshamAbdElhamedGhar\.m2\repository\com\google\http-client\google-http-client-gson\1.41.3\google-http-client-gson-1.41.3.jar;C:\Users\HeshamAbdElhamedGhar\.m2\repository\org\yaml\snakeyaml\1.33\snakeyaml-1.33.jar;C:\Users\HeshamAbdElhamedGhar\.m2\repository\com\auth0\java-jwt\4.0.0\java-jwt-4.0.0.jar;C:\Users\HeshamAbdElhamedGhar\.m2\repository\com\fasterxml\jackson\core\jackson-databind\2.13.2.2\jackson-databind-2.13.2.2.jar;C:\Users\HeshamAbdElhamedGhar\.m2\repository\com\fasterxml\jackson\core\jackson-annotations\2.13.2\jackson-annotations-2.13.2.jar;C:\Users\HeshamAbdElhamedGhar\.m2\repository\org\jetbrains\annotations\23.1.0\annotations-23.1.0.jar;"/>
    <property name="tinkey.kms.masterKeyUri" value=""/>
    <property name="java.vm.vendor" value="Oracle Corporation"/>
    <property name="openAllureReportAfterExecution" value="true"/>
    <property name="allureVersion" value="2.20.1"/>
    <property name="user.variant" value=""/>
    <property name="videoParams_scope" value="DriverSession"/>
    <property name="browserStack.acceptInsecureCerts" value="true"/>
    <property name="forceCheckTextWasTypedCorrectly" value="true"/>
    <property name="databaseQueryTimeout" value="30"/>
    <property name="user.country" value="US"/>
    <property name="sun.java.launcher" value="SUN_STANDARD"/>
    <property name="allure.link.issue.pattern" value=""/>
    <property name="cucumber.snippet-type" value="underscore"/>
    <property name="apiSocketTimeout" value="30"/>
    <property name="sun.cpu.endian" value="little"/>
    <property name="user.language" value="en"/>
    <property name="cucumber.execution.dry-run" value="false"/>
    <property name="allure.link.tms.pattern" value="https:///{}"/>
    <property name="createAnimatedGif" value="true"/>
    <property name="cucumber.execution.wip" value="false"/>
    <property name="appender.file.name" value="LOGFILE"/>
    <property name="surefire.real.class.path" value="C:\Users\HeshamAbdElhamedGhar\AppData\Local\Temp\surefire1708250153365546125\surefirebooter-20230207105410345_3.jar"/>
    <property name="shellSessionTimeout" value="30"/>
    <property name="mobileEmulation.isCustomDevice" value="false"/>
    <property name="recovery-tries" value="1"/>
    <property name="java.runtime.name" value="Java(TM) SE Runtime Environment"/>
    <property name="generateExtentReports" value="true"/>
    <property name="mobileEmulation.height" value=""/>
    <property name="heal-enabled" value="false"/>
    <property name="java.vendor.url.bug" value="https://bugreport.java.com/bugreport/"/>
    <property name="animatedGif_frameDelay" value="500"/>
    <property name="captureElementName" value="true"/>
    <property name="SHAFT.CrossBrowserMode" value="off"/>
    <property name="forceCheckElementLocatorIsUnique" value="true"/>
    <property name="user.dir" value="C:\eclipse-workspace\MyProjects\TASystemsAPIs"/>
    <property name="video.mode" value="ALL"/>
    <property name="appender.file.filter.threshold.level" value="debug"/>
    <property name="mobile_deviceName" value=""/>
    <property name="browserStack.appiumVersion" value="1.22.0"/>
    <property name="captureWebDriverLogs" value="true"/>
    <property name="setDataProviderThreadCount" value="1"/>
    <property name="browserStack.networkLogs" value="true"/>
    <property name="java.vm.version" value="17.0.2+8-LTS-86"/>
    <property name="cucumber.glue" value="customCucumberSteps, com.shaft.cucumber"/>
  </properties>
  <testcase name="Add_Commissions_With_InValid_data_TC[[Ljava.lang.Object;@49ea4b65](1)" classname="SteeringCompanyAPI_TestCases.Test_Commissions_Cases" time="9.304">
    <system-out><![CDATA[2023-02-07 10:54:13.599 &amp#27;[32m INFO&amp#27;[m &amp#27;[35m[@534 - main]&amp#27;[m &amp#27;[36mcom.shaft.tools.io.ReportManager&amp#27;[m : 
################################################################################################################################################
Detected SHAFT Engine Version: "SHAFT Engine v6.4.20221215"
################################################################################################################################################
2023-02-07 10:54:14.017 &amp#27;[32m INFO&amp#27;[m &amp#27;[35m[@503 - main]&amp#27;[m &amp#27;[36mcom.shaft.tools.io.ReportManager&amp#27;[m : Loaded OpenCV "opencv_java455".
2023-02-07 10:54:14.309 &amp#27;[32m INFO&amp#27;[m &amp#27;[35m[@534 - main]&amp#27;[m &amp#27;[36mcom.shaft.tools.io.ReportManager&amp#27;[m : 
################################################################################################################################################
Starting Execution of a Configuration (Setup or Teardown) Method
Test Method:		"com.shaft.tools.listeners.LogsHelper.setupActivities"
################################################################################################################################################
2023-02-07 10:54:14.329 &amp#27;[32m INFO&amp#27;[m &amp#27;[35m[@503 - main]&amp#27;[m &amp#27;[36mcom.shaft.tools.io.ReportManager&amp#27;[m : Initializing Allure Reporting Environment...
2023-02-07 10:54:14.617 &amp#27;[32m INFO&amp#27;[m &amp#27;[35m[@503 - main]&amp#27;[m &amp#27;[36mcom.shaft.tools.io.ReportManager&amp#27;[m : Initializing Extent Reporting Environment...
2023-02-07 10:54:15.070 &amp#27;[32m INFO&amp#27;[m &amp#27;[35m[@503 - main]&amp#27;[m &amp#27;[36mcom.shaft.tools.io.ReportManager&amp#27;[m : Initializing Important Links...
2023-02-07 10:54:15.083 &amp#27;[32m INFO&amp#27;[m &amp#27;[35m[@503 - main]&amp#27;[m &amp#27;[36mcom.shaft.tools.io.ReportManager&amp#27;[m : Initializing Custom Properties...
2023-02-07 10:54:15.188 &amp#27;[32m INFO&amp#27;[m &amp#27;[35m[@534 - main]&amp#27;[m &amp#27;[36mcom.shaft.tools.io.ReportManager&amp#27;[m : 
################################################################################################################################################
Starting Execution of a Configuration (Setup or Teardown) Method
Test Method:		"SteeringCompanyAPI_TestCases.Test_Commissions_Cases.Setup_data"
################################################################################################################################################
2023-02-07 10:54:15.195 &amp#27;[32m INFO&amp#27;[m &amp#27;[35m[@503 - main]&amp#27;[m &amp#27;[36mcom.shaft.tools.io.ReportManager&amp#27;[m : File Action "DoesFileExist" successfully performed. With the following test data "File Path: "SteeringCompanyAPI_TestData/SteeringCompanyAPI_TestData.xlsx"".
2023-02-07 10:54:16.551 &amp#27;[32m INFO&amp#27;[m &amp#27;[35m[@503 - main]&amp#27;[m &amp#27;[36mcom.shaft.tools.io.ReportManager&amp#27;[m : Successfully created attachment "Test Data - Excel"
2023-02-07 10:54:16.555 &amp#27;[32m INFO&amp#27;[m &amp#27;[35m[@503 - main]&amp#27;[m &amp#27;[36mcom.shaft.tools.io.ReportManager&amp#27;[m : File Action "DoesFileExist" successfully performed. With the following test data "File Path: "SteeringCompanyAPI_TestData/SteeringCompanyAPI_TestData.xlsx"".
2023-02-07 10:54:16.681 &amp#27;[32m INFO&amp#27;[m &amp#27;[35m[@503 - main]&amp#27;[m &amp#27;[36mcom.shaft.tools.io.ReportManager&amp#27;[m : Successfully created attachment "Test Data - Excel"
2023-02-07 10:54:16.712 &amp#27;[31mERROR&amp#27;[m &amp#27;[35m[@609 - main]&amp#27;[m &amp#27;[36mio.qameta.allure.AllureLifecycle&amp#27;[m : Could not add attachment: no test is running
2023-02-07 10:54:16.714 &amp#27;[32m INFO&amp#27;[m &amp#27;[35m[@503 - main]&amp#27;[m &amp#27;[36mcom.shaft.tools.io.ReportManager&amp#27;[m : Successfully created attachment "SHAFT Engine Logs - Current Method log: Setup_data"
2023-02-07 10:54:16.774 &amp#27;[32m INFO&amp#27;[m &amp#27;[35m[@534 - main]&amp#27;[m &amp#27;[36mcom.shaft.tools.io.ReportManager&amp#27;[m : 
################################################################################################################################################
Starting Execution:	"1 out of 107" test cases in the current suite
Test Method:		"SteeringCompanyAPI_TestCases.Test_Commissions_Cases.Add_Commissions_With_InValid_data_TC"
Test Description:	"TC012 -Commission- Perform Add Commission with InValid data"
################################################################################################################################################
2023-02-07 10:54:16.784 &amp#27;[32m INFO&amp#27;[m &amp#27;[35m[@503 - main]&amp#27;[m &amp#27;[36mcom.shaft.tools.io.ReportManager&amp#27;[m : File Action "DoesFileExist" successfully performed. With the following test data "File Path: "SteeringCompanyAPI_TestData/SteeringCompanyAPI_TestData.xlsx"".
2023-02-07 10:54:16.903 &amp#27;[32m INFO&amp#27;[m &amp#27;[35m[@503 - main]&amp#27;[m &amp#27;[36mcom.shaft.tools.io.ReportManager&amp#27;[m : Successfully created attachment "Test Data - Excel"
2023-02-07 10:54:20.303 &amp#27;[32m INFO&amp#27;[m &amp#27;[35m[@503 - main]&amp#27;[m &amp#27;[36mcom.shaft.tools.io.ReportManager&amp#27;[m : Response status code: "200", status line: "HTTP/1.1 200 OK"
2023-02-07 10:54:22.114 &amp#27;[32m INFO&amp#27;[m &amp#27;[35m[@503 - main]&amp#27;[m &amp#27;[36mcom.shaft.tools.io.ReportManager&amp#27;[m : Successfully created attachment "API Request - Specifications"
2023-02-07 10:54:22.117 &amp#27;[32m INFO&amp#27;[m &amp#27;[35m[@503 - main]&amp#27;[m &amp#27;[36mcom.shaft.tools.io.ReportManager&amp#27;[m : Successfully created attachment "API Request - Body"
2023-02-07 10:54:22.656 &amp#27;[32m INFO&amp#27;[m &amp#27;[35m[@503 - main]&amp#27;[m &amp#27;[36mcom.shaft.tools.io.ReportManager&amp#27;[m : Successfully created attachment "API Response - JSON Body"
2023-02-07 10:54:22.696 &amp#27;[32m INFO&amp#27;[m &amp#27;[35m[@503 - main]&amp#27;[m &amp#27;[36mcom.shaft.tools.io.ReportManager&amp#27;[m : File Action "DoesFileExist" successfully performed. With the following test data "File Path: "SteeringCompanyAPI_TestData/SteeringCompanyAPI_TestData.xlsx"".
2023-02-07 10:54:22.828 &amp#27;[32m INFO&amp#27;[m &amp#27;[35m[@503 - main]&amp#27;[m &amp#27;[36mcom.shaft.tools.io.ReportManager&amp#27;[m : Successfully created attachment "Test Data - Excel"
2023-02-07 10:54:22.830 &amp#27;[32m INFO&amp#27;[m &amp#27;[35m[@503 - main]&amp#27;[m &amp#27;[36mcom.shaft.tools.io.ReportManager&amp#27;[m : File Action "DoesFileExist" successfully performed. With the following test data "File Path: "SteeringCompanyAPI_TestData/SteeringCompanyAPI_TestData.xlsx"".
2023-02-07 10:54:22.968 &amp#27;[32m INFO&amp#27;[m &amp#27;[35m[@503 - main]&amp#27;[m &amp#27;[36mcom.shaft.tools.io.ReportManager&amp#27;[m : Successfully created attachment "Test Data - Excel"
2023-02-07 10:54:22.969 &amp#27;[32m INFO&amp#27;[m &amp#27;[35m[@503 - main]&amp#27;[m &amp#27;[36mcom.shaft.tools.io.ReportManager&amp#27;[m : File Action "DoesFileExist" successfully performed. With the following test data "File Path: "SteeringCompanyAPI_TestData/SteeringCompanyAPI_TestData.xlsx"".
2023-02-07 10:54:23.125 &amp#27;[32m INFO&amp#27;[m &amp#27;[35m[@503 - main]&amp#27;[m &amp#27;[36mcom.shaft.tools.io.ReportManager&amp#27;[m : Successfully created attachment "Test Data - Excel"
2023-02-07 10:54:24.059 &amp#27;[32m INFO&amp#27;[m &amp#27;[35m[@503 - main]&amp#27;[m &amp#27;[36mcom.shaft.tools.io.ReportManager&amp#27;[m : Response status code: "422", status line: "HTTP/1.1 422 "
2023-02-07 10:54:24.087 &amp#27;[32m INFO&amp#27;[m &amp#27;[35m[@503 - main]&amp#27;[m &amp#27;[36mcom.shaft.tools.io.ReportManager&amp#27;[m : Successfully created attachment "API Request - Specifications"
2023-02-07 10:54:24.089 &amp#27;[32m INFO&amp#27;[m &amp#27;[35m[@503 - main]&amp#27;[m &amp#27;[36mcom.shaft.tools.io.ReportManager&amp#27;[m : Successfully created attachment "API Request - JSON Body"
2023-02-07 10:54:24.091 &amp#27;[32m INFO&amp#27;[m &amp#27;[35m[@503 - main]&amp#27;[m &amp#27;[36mcom.shaft.tools.io.ReportManager&amp#27;[m : Successfully created attachment "API Response - JSON Body"
2023-02-07 10:54:24.108 &amp#27;[32m INFO&amp#27;[m &amp#27;[35m[@503 - main]&amp#27;[m &amp#27;[36mcom.shaft.tools.io.ReportManager&amp#27;[m : File Action "DoesFileExist" successfully performed. With the following test data "File Path: "Schemas/ValidationError_schema.json"".
2023-02-07 10:54:24.109 &amp#27;[32m INFO&amp#27;[m &amp#27;[35m[@503 - main]&amp#27;[m &amp#27;[36mcom.shaft.tools.io.ReportManager&amp#27;[m : File Action "DoesFileExist" successfully performed. With the following test data "File Path: "src/test/resources/testDataFiles/Schemas/ValidationError_schema.json"".
2023-02-07 10:54:24.109 &amp#27;[32m INFO&amp#27;[m &amp#27;[35m[@503 - main]&amp#27;[m &amp#27;[36mcom.shaft.tools.io.ReportManager&amp#27;[m : File Action "GetAbsolutePath" successfully performed. With the following test data "Relative Folder Path: "src/test/resources/testDataFiles/Schemas/ValidationError_schema.json"".
2023-02-07 10:54:25.901 &amp#27;[32m INFO&amp#27;[m &amp#27;[35m[@503 - main]&amp#27;[m &amp#27;[36mcom.shaft.tools.io.ReportManager&amp#27;[m : File Action "DoesFileExist" successfully performed. With the following test data "File Path: "C:\eclipse-workspace\MyProjects\TASystemsAPIs\src\test\resources\testDataFiles\Schemas\ValidationError_schema.json"".
2023-02-07 10:54:25.902 &amp#27;[32m INFO&amp#27;[m &amp#27;[35m[@503 - main]&amp#27;[m &amp#27;[36mcom.shaft.tools.io.ReportManager&amp#27;[m : File Action "GetAbsolutePath" successfully performed. With the following test data "Relative Folder Path: "C:\eclipse-workspace\MyProjects\TASystemsAPIs\src\test\resources\testDataFiles\Schemas\ValidationError_schema.json"".
2023-02-07 10:54:25.903 &amp#27;[32m INFO&amp#27;[m &amp#27;[35m[@503 - main]&amp#27;[m &amp#27;[36mcom.shaft.tools.io.ReportManager&amp#27;[m : File Action "ReadFile" successfully performed. With the following test data "File Path: "C:\eclipse-workspace\MyProjects\TASystemsAPIs\src\test\resources\testDataFiles\Schemas\ValidationError_schema.json"".
2023-02-07 10:54:25.907 &amp#27;[32m INFO&amp#27;[m &amp#27;[35m[@503 - main]&amp#27;[m &amp#27;[36mcom.shaft.tools.io.ReportManager&amp#27;[m : Successfully created attachment "Validation Test Data - Expected JSON Value"
2023-02-07 10:54:25.910 &amp#27;[32m INFO&amp#27;[m &amp#27;[35m[@503 - main]&amp#27;[m &amp#27;[36mcom.shaft.tools.io.ReportManager&amp#27;[m : Successfully created attachment "Validation Test Data - Actual JSON Value"
2023-02-07 10:54:25.916 &amp#27;[32m INFO&amp#27;[m &amp#27;[35m[@503 - main]&amp#27;[m &amp#27;[36mcom.shaft.tools.io.ReportManager&amp#27;[m : Successfully created attachment "SHAFT Engine Logs - Current Method log: Add_Commissions_With_InValid_data_TC"
]]></system-out>
  </testcase>
  <testcase name="Add_Commissions_With_InValid_data_TC[[Ljava.lang.Object;@75b18097](2)" classname="SteeringCompanyAPI_TestCases.Test_Commissions_Cases" time="1.528">
    <system-out><![CDATA[2023-02-07 10:54:26.047 &amp#27;[32m INFO&amp#27;[m &amp#27;[35m[@534 - main]&amp#27;[m &amp#27;[36mcom.shaft.tools.io.ReportManager&amp#27;[m : 
################################################################################################################################################
Starting Execution:	"2 out of 107" test cases in the current suite
Test Method:		"SteeringCompanyAPI_TestCases.Test_Commissions_Cases.Add_Commissions_With_InValid_data_TC"
Test Description:	"TC012 -Commission- Perform Add Commission with InValid data"
################################################################################################################################################
2023-02-07 10:54:26.048 &amp#27;[32m INFO&amp#27;[m &amp#27;[35m[@503 - main]&amp#27;[m &amp#27;[36mcom.shaft.tools.io.ReportManager&amp#27;[m : File Action "DoesFileExist" successfully performed. With the following test data "File Path: "SteeringCompanyAPI_TestData/SteeringCompanyAPI_TestData.xlsx"".
2023-02-07 10:54:26.136 &amp#27;[32m INFO&amp#27;[m &amp#27;[35m[@503 - main]&amp#27;[m &amp#27;[36mcom.shaft.tools.io.ReportManager&amp#27;[m : Successfully created attachment "Test Data - Excel"
2023-02-07 10:54:26.803 &amp#27;[32m INFO&amp#27;[m &amp#27;[35m[@503 - main]&amp#27;[m &amp#27;[36mcom.shaft.tools.io.ReportManager&amp#27;[m : Response status code: "200", status line: "HTTP/1.1 200 OK"
2023-02-07 10:54:26.818 &amp#27;[32m INFO&amp#27;[m &amp#27;[35m[@503 - main]&amp#27;[m &amp#27;[36mcom.shaft.tools.io.ReportManager&amp#27;[m : Successfully created attachment "API Request - Specifications"
2023-02-07 10:54:26.819 &amp#27;[32m INFO&amp#27;[m &amp#27;[35m[@503 - main]&amp#27;[m &amp#27;[36mcom.shaft.tools.io.ReportManager&amp#27;[m : Successfully created attachment "API Request - Body"
2023-02-07 10:54:26.821 &amp#27;[32m INFO&amp#27;[m &amp#27;[35m[@503 - main]&amp#27;[m &amp#27;[36mcom.shaft.tools.io.ReportManager&amp#27;[m : Successfully created attachment "API Response - JSON Body"
2023-02-07 10:54:26.835 &amp#27;[32m INFO&amp#27;[m &amp#27;[35m[@503 - main]&amp#27;[m &amp#27;[36mcom.shaft.tools.io.ReportManager&amp#27;[m : File Action "DoesFileExist" successfully performed. With the following test data "File Path: "SteeringCompanyAPI_TestData/SteeringCompanyAPI_TestData.xlsx"".
2023-02-07 10:54:26.890 &amp#27;[32m INFO&amp#27;[m &amp#27;[35m[@503 - main]&amp#27;[m &amp#27;[36mcom.shaft.tools.io.ReportManager&amp#27;[m : Successfully created attachment "Test Data - Excel"
2023-02-07 10:54:26.890 &amp#27;[32m INFO&amp#27;[m &amp#27;[35m[@503 - main]&amp#27;[m &amp#27;[36mcom.shaft.tools.io.ReportManager&amp#27;[m : File Action "DoesFileExist" successfully performed. With the following test data "File Path: "SteeringCompanyAPI_TestData/SteeringCompanyAPI_TestData.xlsx"".
2023-02-07 10:54:26.935 &amp#27;[32m INFO&amp#27;[m &amp#27;[35m[@503 - main]&amp#27;[m &amp#27;[36mcom.shaft.tools.io.ReportManager&amp#27;[m : Successfully created attachment "Test Data - Excel"
2023-02-07 10:54:26.936 &amp#27;[32m INFO&amp#27;[m &amp#27;[35m[@503 - main]&amp#27;[m &amp#27;[36mcom.shaft.tools.io.ReportManager&amp#27;[m : File Action "DoesFileExist" successfully performed. With the following test data "File Path: "SteeringCompanyAPI_TestData/SteeringCompanyAPI_TestData.xlsx"".
2023-02-07 10:54:26.986 &amp#27;[32m INFO&amp#27;[m &amp#27;[35m[@503 - main]&amp#27;[m &amp#27;[36mcom.shaft.tools.io.ReportManager&amp#27;[m : Successfully created attachment "Test Data - Excel"
2023-02-07 10:54:27.516 &amp#27;[32m INFO&amp#27;[m &amp#27;[35m[@503 - main]&amp#27;[m &amp#27;[36mcom.shaft.tools.io.ReportManager&amp#27;[m : Response status code: "422", status line: "HTTP/1.1 422 "
2023-02-07 10:54:27.536 &amp#27;[32m INFO&amp#27;[m &amp#27;[35m[@503 - main]&amp#27;[m &amp#27;[36mcom.shaft.tools.io.ReportManager&amp#27;[m : Successfully created attachment "API Request - Specifications"
2023-02-07 10:54:27.538 &amp#27;[32m INFO&amp#27;[m &amp#27;[35m[@503 - main]&amp#27;[m &amp#27;[36mcom.shaft.tools.io.ReportManager&amp#27;[m : Successfully created attachment "API Request - JSON Body"
2023-02-07 10:54:27.540 &amp#27;[32m INFO&amp#27;[m &amp#27;[35m[@503 - main]&amp#27;[m &amp#27;[36mcom.shaft.tools.io.ReportManager&amp#27;[m : Successfully created attachment "API Response - JSON Body"
2023-02-07 10:54:27.543 &amp#27;[32m INFO&amp#27;[m &amp#27;[35m[@503 - main]&amp#27;[m &amp#27;[36mcom.shaft.tools.io.ReportManager&amp#27;[m : File Action "DoesFileExist" successfully performed. With the following test data "File Path: "Schemas/ValidationError_schema.json"".
2023-02-07 10:54:27.543 &amp#27;[32m INFO&amp#27;[m &amp#27;[35m[@503 - main]&amp#27;[m &amp#27;[36mcom.shaft.tools.io.ReportManager&amp#27;[m : File Action "DoesFileExist" successfully performed. With the following test data "File Path: "src/test/resources/testDataFiles/Schemas/ValidationError_schema.json"".
2023-02-07 10:54:27.544 &amp#27;[32m INFO&amp#27;[m &amp#27;[35m[@503 - main]&amp#27;[m &amp#27;[36mcom.shaft.tools.io.ReportManager&amp#27;[m : File Action "GetAbsolutePath" successfully performed. With the following test data "Relative Folder Path: "src/test/resources/testDataFiles/Schemas/ValidationError_schema.json"".
2023-02-07 10:54:27.555 &amp#27;[32m INFO&amp#27;[m &amp#27;[35m[@503 - main]&amp#27;[m &amp#27;[36mcom.shaft.tools.io.ReportManager&amp#27;[m : File Action "DoesFileExist" successfully performed. With the following test data "File Path: "C:\eclipse-workspace\MyProjects\TASystemsAPIs\src\test\resources\testDataFiles\Schemas\ValidationError_schema.json"".
2023-02-07 10:54:27.557 &amp#27;[32m INFO&amp#27;[m &amp#27;[35m[@503 - main]&amp#27;[m &amp#27;[36mcom.shaft.tools.io.ReportManager&amp#27;[m : File Action "GetAbsolutePath" successfully performed. With the following test data "Relative Folder Path: "C:\eclipse-workspace\MyProjects\TASystemsAPIs\src\test\resources\testDataFiles\Schemas\ValidationError_schema.json"".
2023-02-07 10:54:27.557 &amp#27;[32m INFO&amp#27;[m &amp#27;[35m[@503 - main]&amp#27;[m &amp#27;[36mcom.shaft.tools.io.ReportManager&amp#27;[m : File Action "ReadFile" successfully performed. With the following test data "File Path: "C:\eclipse-workspace\MyProjects\TASystemsAPIs\src\test\resources\testDataFiles\Schemas\ValidationError_schema.json"".
2023-02-07 10:54:27.561 &amp#27;[32m INFO&amp#27;[m &amp#27;[35m[@503 - main]&amp#27;[m &amp#27;[36mcom.shaft.tools.io.ReportManager&amp#27;[m : Successfully created attachment "Validation Test Data - Expected JSON Value"
2023-02-07 10:54:27.563 &amp#27;[32m INFO&amp#27;[m &amp#27;[35m[@503 - main]&amp#27;[m &amp#27;[36mcom.shaft.tools.io.ReportManager&amp#27;[m : Successfully created attachment "Validation Test Data - Actual JSON Value"
2023-02-07 10:54:27.564 &amp#27;[32m INFO&amp#27;[m &amp#27;[35m[@503 - main]&amp#27;[m &amp#27;[36mcom.shaft.tools.io.ReportManager&amp#27;[m : Successfully created attachment "SHAFT Engine Logs - Current Method log: Add_Commissions_With_InValid_data_TC"
]]></system-out>
  </testcase>
  <testcase name="Add_Commissions_With_InValid_data_TC[[Ljava.lang.Object;@82076de](3)" classname="SteeringCompanyAPI_TestCases.Test_Commissions_Cases" time="1.533">
    <system-out><![CDATA[2023-02-07 10:54:27.574 &amp#27;[32m INFO&amp#27;[m &amp#27;[35m[@534 - main]&amp#27;[m &amp#27;[36mcom.shaft.tools.io.ReportManager&amp#27;[m : 
################################################################################################################################################
Starting Execution:	"3 out of 107" test cases in the current suite
Test Method:		"SteeringCompanyAPI_TestCases.Test_Commissions_Cases.Add_Commissions_With_InValid_data_TC"
Test Description:	"TC012 -Commission- Perform Add Commission with InValid data"
################################################################################################################################################
2023-02-07 10:54:27.575 &amp#27;[32m INFO&amp#27;[m &amp#27;[35m[@503 - main]&amp#27;[m &amp#27;[36mcom.shaft.tools.io.ReportManager&amp#27;[m : File Action "DoesFileExist" successfully performed. With the following test data "File Path: "SteeringCompanyAPI_TestData/SteeringCompanyAPI_TestData.xlsx"".
2023-02-07 10:54:27.662 &amp#27;[32m INFO&amp#27;[m &amp#27;[35m[@503 - main]&amp#27;[m &amp#27;[36mcom.shaft.tools.io.ReportManager&amp#27;[m : Successfully created attachment "Test Data - Excel"
2023-02-07 10:54:28.302 &amp#27;[32m INFO&amp#27;[m &amp#27;[35m[@503 - main]&amp#27;[m &amp#27;[36mcom.shaft.tools.io.ReportManager&amp#27;[m : Response status code: "200", status line: "HTTP/1.1 200 OK"
2023-02-07 10:54:28.318 &amp#27;[32m INFO&amp#27;[m &amp#27;[35m[@503 - main]&amp#27;[m &amp#27;[36mcom.shaft.tools.io.ReportManager&amp#27;[m : Successfully created attachment "API Request - Specifications"
2023-02-07 10:54:28.319 &amp#27;[32m INFO&amp#27;[m &amp#27;[35m[@503 - main]&amp#27;[m &amp#27;[36mcom.shaft.tools.io.ReportManager&amp#27;[m : Successfully created attachment "API Request - Body"
2023-02-07 10:54:28.319 &amp#27;[32m INFO&amp#27;[m &amp#27;[35m[@503 - main]&amp#27;[m &amp#27;[36mcom.shaft.tools.io.ReportManager&amp#27;[m : Successfully created attachment "API Response - JSON Body"
2023-02-07 10:54:28.339 &amp#27;[32m INFO&amp#27;[m &amp#27;[35m[@503 - main]&amp#27;[m &amp#27;[36mcom.shaft.tools.io.ReportManager&amp#27;[m : File Action "DoesFileExist" successfully performed. With the following test data "File Path: "SteeringCompanyAPI_TestData/SteeringCompanyAPI_TestData.xlsx"".
2023-02-07 10:54:28.397 &amp#27;[32m INFO&amp#27;[m &amp#27;[35m[@503 - main]&amp#27;[m &amp#27;[36mcom.shaft.tools.io.ReportManager&amp#27;[m : Successfully created attachment "Test Data - Excel"
2023-02-07 10:54:28.399 &amp#27;[32m INFO&amp#27;[m &amp#27;[35m[@503 - main]&amp#27;[m &amp#27;[36mcom.shaft.tools.io.ReportManager&amp#27;[m : File Action "DoesFileExist" successfully performed. With the following test data "File Path: "SteeringCompanyAPI_TestData/SteeringCompanyAPI_TestData.xlsx"".
2023-02-07 10:54:28.476 &amp#27;[32m INFO&amp#27;[m &amp#27;[35m[@503 - main]&amp#27;[m &amp#27;[36mcom.shaft.tools.io.ReportManager&amp#27;[m : Successfully created attachment "Test Data - Excel"
2023-02-07 10:54:28.477 &amp#27;[32m INFO&amp#27;[m &amp#27;[35m[@503 - main]&amp#27;[m &amp#27;[36mcom.shaft.tools.io.ReportManager&amp#27;[m : File Action "DoesFileExist" successfully performed. With the following test data "File Path: "SteeringCompanyAPI_TestData/SteeringCompanyAPI_TestData.xlsx"".
2023-02-07 10:54:28.545 &amp#27;[32m INFO&amp#27;[m &amp#27;[35m[@503 - main]&amp#27;[m &amp#27;[36mcom.shaft.tools.io.ReportManager&amp#27;[m : Successfully created attachment "Test Data - Excel"
2023-02-07 10:54:29.069 &amp#27;[32m INFO&amp#27;[m &amp#27;[35m[@503 - main]&amp#27;[m &amp#27;[36mcom.shaft.tools.io.ReportManager&amp#27;[m : Response status code: "422", status line: "HTTP/1.1 422 "
2023-02-07 10:54:29.084 &amp#27;[32m INFO&amp#27;[m &amp#27;[35m[@503 - main]&amp#27;[m &amp#27;[36mcom.shaft.tools.io.ReportManager&amp#27;[m : Successfully created attachment "API Request - Specifications"
2023-02-07 10:54:29.087 &amp#27;[32m INFO&amp#27;[m &amp#27;[35m[@503 - main]&amp#27;[m &amp#27;[36mcom.shaft.tools.io.ReportManager&amp#27;[m : Successfully created attachment "API Request - JSON Body"
2023-02-07 10:54:29.088 &amp#27;[32m INFO&amp#27;[m &amp#27;[35m[@503 - main]&amp#27;[m &amp#27;[36mcom.shaft.tools.io.ReportManager&amp#27;[m : Successfully created attachment "API Response - JSON Body"
2023-02-07 10:54:29.090 &amp#27;[32m INFO&amp#27;[m &amp#27;[35m[@503 - main]&amp#27;[m &amp#27;[36mcom.shaft.tools.io.ReportManager&amp#27;[m : File Action "DoesFileExist" successfully performed. With the following test data "File Path: "Schemas/ValidationError_schema.json"".
2023-02-07 10:54:29.091 &amp#27;[32m INFO&amp#27;[m &amp#27;[35m[@503 - main]&amp#27;[m &amp#27;[36mcom.shaft.tools.io.ReportManager&amp#27;[m : File Action "DoesFileExist" successfully performed. With the following test data "File Path: "src/test/resources/testDataFiles/Schemas/ValidationError_schema.json"".
2023-02-07 10:54:29.091 &amp#27;[32m INFO&amp#27;[m &amp#27;[35m[@503 - main]&amp#27;[m &amp#27;[36mcom.shaft.tools.io.ReportManager&amp#27;[m : File Action "GetAbsolutePath" successfully performed. With the following test data "Relative Folder Path: "src/test/resources/testDataFiles/Schemas/ValidationError_schema.json"".
2023-02-07 10:54:29.097 &amp#27;[32m INFO&amp#27;[m &amp#27;[35m[@503 - main]&amp#27;[m &amp#27;[36mcom.shaft.tools.io.ReportManager&amp#27;[m : File Action "DoesFileExist" successfully performed. With the following test data "File Path: "C:\eclipse-workspace\MyProjects\TASystemsAPIs\src\test\resources\testDataFiles\Schemas\ValidationError_schema.json"".
2023-02-07 10:54:29.098 &amp#27;[32m INFO&amp#27;[m &amp#27;[35m[@503 - main]&amp#27;[m &amp#27;[36mcom.shaft.tools.io.ReportManager&amp#27;[m : File Action "GetAbsolutePath" successfully performed. With the following test data "Relative Folder Path: "C:\eclipse-workspace\MyProjects\TASystemsAPIs\src\test\resources\testDataFiles\Schemas\ValidationError_schema.json"".
2023-02-07 10:54:29.098 &amp#27;[32m INFO&amp#27;[m &amp#27;[35m[@503 - main]&amp#27;[m &amp#27;[36mcom.shaft.tools.io.ReportManager&amp#27;[m : File Action "ReadFile" successfully performed. With the following test data "File Path: "C:\eclipse-workspace\MyProjects\TASystemsAPIs\src\test\resources\testDataFiles\Schemas\ValidationError_schema.json"".
2023-02-07 10:54:29.101 &amp#27;[32m INFO&amp#27;[m &amp#27;[35m[@503 - main]&amp#27;[m &amp#27;[36mcom.shaft.tools.io.ReportManager&amp#27;[m : Successfully created attachment "Validation Test Data - Expected JSON Value"
2023-02-07 10:54:29.102 &amp#27;[32m INFO&amp#27;[m &amp#27;[35m[@503 - main]&amp#27;[m &amp#27;[36mcom.shaft.tools.io.ReportManager&amp#27;[m : Successfully created attachment "Validation Test Data - Actual JSON Value"
2023-02-07 10:54:29.102 &amp#27;[32m INFO&amp#27;[m &amp#27;[35m[@503 - main]&amp#27;[m &amp#27;[36mcom.shaft.tools.io.ReportManager&amp#27;[m : Successfully created attachment "SHAFT Engine Logs - Current Method log: Add_Commissions_With_InValid_data_TC"
]]></system-out>
  </testcase>
  <testcase name="Add_Commissions_With_Missing_Keys_TC[[Ljava.lang.Object;@6537ab7d](1)" classname="SteeringCompanyAPI_TestCases.Test_Commissions_Cases" time="1.596">
    <system-out><![CDATA[2023-02-07 10:54:29.110 &amp#27;[32m INFO&amp#27;[m &amp#27;[35m[@534 - main]&amp#27;[m &amp#27;[36mcom.shaft.tools.io.ReportManager&amp#27;[m : 
################################################################################################################################################
Starting Execution:	"4 out of 107" test cases in the current suite
Test Method:		"SteeringCompanyAPI_TestCases.Test_Commissions_Cases.Add_Commissions_With_Missing_Keys_TC"
Test Description:	"TC011 -Commission- Perform Add Commission with Missing Keys"
################################################################################################################################################
2023-02-07 10:54:29.111 &amp#27;[32m INFO&amp#27;[m &amp#27;[35m[@503 - main]&amp#27;[m &amp#27;[36mcom.shaft.tools.io.ReportManager&amp#27;[m : File Action "DoesFileExist" successfully performed. With the following test data "File Path: "SteeringCompanyAPI_TestData/SteeringCompanyAPI_TestData.xlsx"".
2023-02-07 10:54:29.149 &amp#27;[32m INFO&amp#27;[m &amp#27;[35m[@503 - main]&amp#27;[m &amp#27;[36mcom.shaft.tools.io.ReportManager&amp#27;[m : Successfully created attachment "Test Data - Excel"
2023-02-07 10:54:29.785 &amp#27;[32m INFO&amp#27;[m &amp#27;[35m[@503 - main]&amp#27;[m &amp#27;[36mcom.shaft.tools.io.ReportManager&amp#27;[m : Response status code: "200", status line: "HTTP/1.1 200 OK"
2023-02-07 10:54:29.804 &amp#27;[32m INFO&amp#27;[m &amp#27;[35m[@503 - main]&amp#27;[m &amp#27;[36mcom.shaft.tools.io.ReportManager&amp#27;[m : Successfully created attachment "API Request - Specifications"
2023-02-07 10:54:29.805 &amp#27;[32m INFO&amp#27;[m &amp#27;[35m[@503 - main]&amp#27;[m &amp#27;[36mcom.shaft.tools.io.ReportManager&amp#27;[m : Successfully created attachment "API Request - Body"
2023-02-07 10:54:29.806 &amp#27;[32m INFO&amp#27;[m &amp#27;[35m[@503 - main]&amp#27;[m &amp#27;[36mcom.shaft.tools.io.ReportManager&amp#27;[m : Successfully created attachment "API Response - JSON Body"
2023-02-07 10:54:29.825 &amp#27;[32m INFO&amp#27;[m &amp#27;[35m[@503 - main]&amp#27;[m &amp#27;[36mcom.shaft.tools.io.ReportManager&amp#27;[m : File Action "DoesFileExist" successfully performed. With the following test data "File Path: "SteeringCompanyAPI_TestData/SteeringCompanyAPI_TestData.xlsx"".
2023-02-07 10:54:29.950 &amp#27;[32m INFO&amp#27;[m &amp#27;[35m[@503 - main]&amp#27;[m &amp#27;[36mcom.shaft.tools.io.ReportManager&amp#27;[m : Successfully created attachment "Test Data - Excel"
2023-02-07 10:54:29.956 &amp#27;[32m INFO&amp#27;[m &amp#27;[35m[@503 - main]&amp#27;[m &amp#27;[36mcom.shaft.tools.io.ReportManager&amp#27;[m : File Action "DoesFileExist" successfully performed. With the following test data "File Path: "SteeringCompanyAPI_TestData/SteeringCompanyAPI_TestData.xlsx"".
2023-02-07 10:54:30.073 &amp#27;[32m INFO&amp#27;[m &amp#27;[35m[@503 - main]&amp#27;[m &amp#27;[36mcom.shaft.tools.io.ReportManager&amp#27;[m : Successfully created attachment "Test Data - Excel"
2023-02-07 10:54:30.076 &amp#27;[32m INFO&amp#27;[m &amp#27;[35m[@503 - main]&amp#27;[m &amp#27;[36mcom.shaft.tools.io.ReportManager&amp#27;[m : File Action "DoesFileExist" successfully performed. With the following test data "File Path: "SteeringCompanyAPI_TestData/SteeringCompanyAPI_TestData.xlsx"".
2023-02-07 10:54:30.165 &amp#27;[32m INFO&amp#27;[m &amp#27;[35m[@503 - main]&amp#27;[m &amp#27;[36mcom.shaft.tools.io.ReportManager&amp#27;[m : Successfully created attachment "Test Data - Excel"
2023-02-07 10:54:30.676 &amp#27;[32m INFO&amp#27;[m &amp#27;[35m[@503 - main]&amp#27;[m &amp#27;[36mcom.shaft.tools.io.ReportManager&amp#27;[m : Response status code: "422", status line: "HTTP/1.1 422 "
2023-02-07 10:54:30.688 &amp#27;[32m INFO&amp#27;[m &amp#27;[35m[@503 - main]&amp#27;[m &amp#27;[36mcom.shaft.tools.io.ReportManager&amp#27;[m : Successfully created attachment "API Request - Specifications"
2023-02-07 10:54:30.689 &amp#27;[32m INFO&amp#27;[m &amp#27;[35m[@503 - main]&amp#27;[m &amp#27;[36mcom.shaft.tools.io.ReportManager&amp#27;[m : Successfully created attachment "API Request - JSON Body"
2023-02-07 10:54:30.689 &amp#27;[32m INFO&amp#27;[m &amp#27;[35m[@503 - main]&amp#27;[m &amp#27;[36mcom.shaft.tools.io.ReportManager&amp#27;[m : Successfully created attachment "API Response - JSON Body"
2023-02-07 10:54:30.691 &amp#27;[32m INFO&amp#27;[m &amp#27;[35m[@503 - main]&amp#27;[m &amp#27;[36mcom.shaft.tools.io.ReportManager&amp#27;[m : File Action "DoesFileExist" successfully performed. With the following test data "File Path: "Schemas/ValidationError_schema.json"".
2023-02-07 10:54:30.691 &amp#27;[32m INFO&amp#27;[m &amp#27;[35m[@503 - main]&amp#27;[m &amp#27;[36mcom.shaft.tools.io.ReportManager&amp#27;[m : File Action "DoesFileExist" successfully performed. With the following test data "File Path: "src/test/resources/testDataFiles/Schemas/ValidationError_schema.json"".
2023-02-07 10:54:30.692 &amp#27;[32m INFO&amp#27;[m &amp#27;[35m[@503 - main]&amp#27;[m &amp#27;[36mcom.shaft.tools.io.ReportManager&amp#27;[m : File Action "GetAbsolutePath" successfully performed. With the following test data "Relative Folder Path: "src/test/resources/testDataFiles/Schemas/ValidationError_schema.json"".
2023-02-07 10:54:30.699 &amp#27;[32m INFO&amp#27;[m &amp#27;[35m[@503 - main]&amp#27;[m &amp#27;[36mcom.shaft.tools.io.ReportManager&amp#27;[m : File Action "DoesFileExist" successfully performed. With the following test data "File Path: "C:\eclipse-workspace\MyProjects\TASystemsAPIs\src\test\resources\testDataFiles\Schemas\ValidationError_schema.json"".
2023-02-07 10:54:30.699 &amp#27;[32m INFO&amp#27;[m &amp#27;[35m[@503 - main]&amp#27;[m &amp#27;[36mcom.shaft.tools.io.ReportManager&amp#27;[m : File Action "GetAbsolutePath" successfully performed. With the following test data "Relative Folder Path: "C:\eclipse-workspace\MyProjects\TASystemsAPIs\src\test\resources\testDataFiles\Schemas\ValidationError_schema.json"".
2023-02-07 10:54:30.700 &amp#27;[32m INFO&amp#27;[m &amp#27;[35m[@503 - main]&amp#27;[m &amp#27;[36mcom.shaft.tools.io.ReportManager&amp#27;[m : File Action "ReadFile" successfully performed. With the following test data "File Path: "C:\eclipse-workspace\MyProjects\TASystemsAPIs\src\test\resources\testDataFiles\Schemas\ValidationError_schema.json"".
2023-02-07 10:54:30.702 &amp#27;[32m INFO&amp#27;[m &amp#27;[35m[@503 - main]&amp#27;[m &amp#27;[36mcom.shaft.tools.io.ReportManager&amp#27;[m : Successfully created attachment "Validation Test Data - Expected JSON Value"
2023-02-07 10:54:30.703 &amp#27;[32m INFO&amp#27;[m &amp#27;[35m[@503 - main]&amp#27;[m &amp#27;[36mcom.shaft.tools.io.ReportManager&amp#27;[m : Successfully created attachment "Validation Test Data - Actual JSON Value"
2023-02-07 10:54:30.704 &amp#27;[32m INFO&amp#27;[m &amp#27;[35m[@503 - main]&amp#27;[m &amp#27;[36mcom.shaft.tools.io.ReportManager&amp#27;[m : Successfully created attachment "SHAFT Engine Logs - Current Method log: Add_Commissions_With_Missing_Keys_TC"
]]></system-out>
  </testcase>
  <testcase name="Add_Commissions_With_Missing_Keys_TC[[Ljava.lang.Object;@a674645](2)" classname="SteeringCompanyAPI_TestCases.Test_Commissions_Cases" time="1.689">
    <system-out><![CDATA[2023-02-07 10:54:30.707 &amp#27;[32m INFO&amp#27;[m &amp#27;[35m[@534 - main]&amp#27;[m &amp#27;[36mcom.shaft.tools.io.ReportManager&amp#27;[m : 
################################################################################################################################################
Starting Execution:	"5 out of 107" test cases in the current suite
Test Method:		"SteeringCompanyAPI_TestCases.Test_Commissions_Cases.Add_Commissions_With_Missing_Keys_TC"
Test Description:	"TC011 -Commission- Perform Add Commission with Missing Keys"
################################################################################################################################################
2023-02-07 10:54:30.707 &amp#27;[32m INFO&amp#27;[m &amp#27;[35m[@503 - main]&amp#27;[m &amp#27;[36mcom.shaft.tools.io.ReportManager&amp#27;[m : File Action "DoesFileExist" successfully performed. With the following test data "File Path: "SteeringCompanyAPI_TestData/SteeringCompanyAPI_TestData.xlsx"".
2023-02-07 10:54:30.732 &amp#27;[32m INFO&amp#27;[m &amp#27;[35m[@503 - main]&amp#27;[m &amp#27;[36mcom.shaft.tools.io.ReportManager&amp#27;[m : Successfully created attachment "Test Data - Excel"
2023-02-07 10:54:31.390 &amp#27;[32m INFO&amp#27;[m &amp#27;[35m[@503 - main]&amp#27;[m &amp#27;[36mcom.shaft.tools.io.ReportManager&amp#27;[m : Response status code: "200", status line: "HTTP/1.1 200 OK"
2023-02-07 10:54:31.404 &amp#27;[32m INFO&amp#27;[m &amp#27;[35m[@503 - main]&amp#27;[m &amp#27;[36mcom.shaft.tools.io.ReportManager&amp#27;[m : Successfully created attachment "API Request - Specifications"
2023-02-07 10:54:31.407 &amp#27;[32m INFO&amp#27;[m &amp#27;[35m[@503 - main]&amp#27;[m &amp#27;[36mcom.shaft.tools.io.ReportManager&amp#27;[m : Successfully created attachment "API Request - Body"
2023-02-07 10:54:31.408 &amp#27;[32m INFO&amp#27;[m &amp#27;[35m[@503 - main]&amp#27;[m &amp#27;[36mcom.shaft.tools.io.ReportManager&amp#27;[m : Successfully created attachment "API Response - JSON Body"
2023-02-07 10:54:31.416 &amp#27;[32m INFO&amp#27;[m &amp#27;[35m[@503 - main]&amp#27;[m &amp#27;[36mcom.shaft.tools.io.ReportManager&amp#27;[m : File Action "DoesFileExist" successfully performed. With the following test data "File Path: "SteeringCompanyAPI_TestData/SteeringCompanyAPI_TestData.xlsx"".
2023-02-07 10:54:31.439 &amp#27;[32m INFO&amp#27;[m &amp#27;[35m[@503 - main]&amp#27;[m &amp#27;[36mcom.shaft.tools.io.ReportManager&amp#27;[m : Successfully created attachment "Test Data - Excel"
2023-02-07 10:54:31.439 &amp#27;[32m INFO&amp#27;[m &amp#27;[35m[@503 - main]&amp#27;[m &amp#27;[36mcom.shaft.tools.io.ReportManager&amp#27;[m : File Action "DoesFileExist" successfully performed. With the following test data "File Path: "SteeringCompanyAPI_TestData/SteeringCompanyAPI_TestData.xlsx"".
2023-02-07 10:54:31.465 &amp#27;[32m INFO&amp#27;[m &amp#27;[35m[@503 - main]&amp#27;[m &amp#27;[36mcom.shaft.tools.io.ReportManager&amp#27;[m : Successfully created attachment "Test Data - Excel"
2023-02-07 10:54:31.465 &amp#27;[32m INFO&amp#27;[m &amp#27;[35m[@503 - main]&amp#27;[m &amp#27;[36mcom.shaft.tools.io.ReportManager&amp#27;[m : File Action "DoesFileExist" successfully performed. With the following test data "File Path: "SteeringCompanyAPI_TestData/SteeringCompanyAPI_TestData.xlsx"".
2023-02-07 10:54:31.492 &amp#27;[32m INFO&amp#27;[m &amp#27;[35m[@503 - main]&amp#27;[m &amp#27;[36mcom.shaft.tools.io.ReportManager&amp#27;[m : Successfully created attachment "Test Data - Excel"
2023-02-07 10:54:32.361 &amp#27;[32m INFO&amp#27;[m &amp#27;[35m[@503 - main]&amp#27;[m &amp#27;[36mcom.shaft.tools.io.ReportManager&amp#27;[m : Response status code: "422", status line: "HTTP/1.1 422 "
2023-02-07 10:54:32.376 &amp#27;[32m INFO&amp#27;[m &amp#27;[35m[@503 - main]&amp#27;[m &amp#27;[36mcom.shaft.tools.io.ReportManager&amp#27;[m : Successfully created attachment "API Request - Specifications"
2023-02-07 10:54:32.376 &amp#27;[32m INFO&amp#27;[m &amp#27;[35m[@503 - main]&amp#27;[m &amp#27;[36mcom.shaft.tools.io.ReportManager&amp#27;[m : Successfully created attachment "API Request - JSON Body"
2023-02-07 10:54:32.377 &amp#27;[32m INFO&amp#27;[m &amp#27;[35m[@503 - main]&amp#27;[m &amp#27;[36mcom.shaft.tools.io.ReportManager&amp#27;[m : Successfully created attachment "API Response - JSON Body"
2023-02-07 10:54:32.378 &amp#27;[32m INFO&amp#27;[m &amp#27;[35m[@503 - main]&amp#27;[m &amp#27;[36mcom.shaft.tools.io.ReportManager&amp#27;[m : File Action "DoesFileExist" successfully performed. With the following test data "File Path: "Schemas/ValidationError_schema.json"".
2023-02-07 10:54:32.379 &amp#27;[32m INFO&amp#27;[m &amp#27;[35m[@503 - main]&amp#27;[m &amp#27;[36mcom.shaft.tools.io.ReportManager&amp#27;[m : File Action "DoesFileExist" successfully performed. With the following test data "File Path: "src/test/resources/testDataFiles/Schemas/ValidationError_schema.json"".
2023-02-07 10:54:32.379 &amp#27;[32m INFO&amp#27;[m &amp#27;[35m[@503 - main]&amp#27;[m &amp#27;[36mcom.shaft.tools.io.ReportManager&amp#27;[m : File Action "GetAbsolutePath" successfully performed. With the following test data "Relative Folder Path: "src/test/resources/testDataFiles/Schemas/ValidationError_schema.json"".
2023-02-07 10:54:32.386 &amp#27;[32m INFO&amp#27;[m &amp#27;[35m[@503 - main]&amp#27;[m &amp#27;[36mcom.shaft.tools.io.ReportManager&amp#27;[m : File Action "DoesFileExist" successfully performed. With the following test data "File Path: "C:\eclipse-workspace\MyProjects\TASystemsAPIs\src\test\resources\testDataFiles\Schemas\ValidationError_schema.json"".
2023-02-07 10:54:32.386 &amp#27;[32m INFO&amp#27;[m &amp#27;[35m[@503 - main]&amp#27;[m &amp#27;[36mcom.shaft.tools.io.ReportManager&amp#27;[m : File Action "GetAbsolutePath" successfully performed. With the following test data "Relative Folder Path: "C:\eclipse-workspace\MyProjects\TASystemsAPIs\src\test\resources\testDataFiles\Schemas\ValidationError_schema.json"".
2023-02-07 10:54:32.386 &amp#27;[32m INFO&amp#27;[m &amp#27;[35m[@503 - main]&amp#27;[m &amp#27;[36mcom.shaft.tools.io.ReportManager&amp#27;[m : File Action "ReadFile" successfully performed. With the following test data "File Path: "C:\eclipse-workspace\MyProjects\TASystemsAPIs\src\test\resources\testDataFiles\Schemas\ValidationError_schema.json"".
2023-02-07 10:54:32.389 &amp#27;[32m INFO&amp#27;[m &amp#27;[35m[@503 - main]&amp#27;[m &amp#27;[36mcom.shaft.tools.io.ReportManager&amp#27;[m : Successfully created attachment "Validation Test Data - Expected JSON Value"
2023-02-07 10:54:32.391 &amp#27;[32m INFO&amp#27;[m &amp#27;[35m[@503 - main]&amp#27;[m &amp#27;[36mcom.shaft.tools.io.ReportManager&amp#27;[m : Successfully created attachment "Validation Test Data - Actual JSON Value"
2023-02-07 10:54:32.392 &amp#27;[32m INFO&amp#27;[m &amp#27;[35m[@503 - main]&amp#27;[m &amp#27;[36mcom.shaft.tools.io.ReportManager&amp#27;[m : Successfully created attachment "SHAFT Engine Logs - Current Method log: Add_Commissions_With_Missing_Keys_TC"
]]></system-out>
  </testcase>
  <testcase name="Add_Commissions_With_Missing_Keys_TC[[Ljava.lang.Object;@26772e54](3)" classname="SteeringCompanyAPI_TestCases.Test_Commissions_Cases" time="1.372">
    <system-out><![CDATA[2023-02-07 10:54:32.396 &amp#27;[32m INFO&amp#27;[m &amp#27;[35m[@534 - main]&amp#27;[m &amp#27;[36mcom.shaft.tools.io.ReportManager&amp#27;[m : 
################################################################################################################################################
Starting Execution:	"6 out of 107" test cases in the current suite
Test Method:		"SteeringCompanyAPI_TestCases.Test_Commissions_Cases.Add_Commissions_With_Missing_Keys_TC"
Test Description:	"TC011 -Commission- Perform Add Commission with Missing Keys"
################################################################################################################################################
2023-02-07 10:54:32.396 &amp#27;[32m INFO&amp#27;[m &amp#27;[35m[@503 - main]&amp#27;[m &amp#27;[36mcom.shaft.tools.io.ReportManager&amp#27;[m : File Action "DoesFileExist" successfully performed. With the following test data "File Path: "SteeringCompanyAPI_TestData/SteeringCompanyAPI_TestData.xlsx"".
2023-02-07 10:54:32.431 &amp#27;[32m INFO&amp#27;[m &amp#27;[35m[@503 - main]&amp#27;[m &amp#27;[36mcom.shaft.tools.io.ReportManager&amp#27;[m : Successfully created attachment "Test Data - Excel"
2023-02-07 10:54:33.078 &amp#27;[32m INFO&amp#27;[m &amp#27;[35m[@503 - main]&amp#27;[m &amp#27;[36mcom.shaft.tools.io.ReportManager&amp#27;[m : Response status code: "200", status line: "HTTP/1.1 200 OK"
2023-02-07 10:54:33.096 &amp#27;[32m INFO&amp#27;[m &amp#27;[35m[@503 - main]&amp#27;[m &amp#27;[36mcom.shaft.tools.io.ReportManager&amp#27;[m : Successfully created attachment "API Request - Specifications"
2023-02-07 10:54:33.096 &amp#27;[32m INFO&amp#27;[m &amp#27;[35m[@503 - main]&amp#27;[m &amp#27;[36mcom.shaft.tools.io.ReportManager&amp#27;[m : Successfully created attachment "API Request - Body"
2023-02-07 10:54:33.097 &amp#27;[32m INFO&amp#27;[m &amp#27;[35m[@503 - main]&amp#27;[m &amp#27;[36mcom.shaft.tools.io.ReportManager&amp#27;[m : Successfully created attachment "API Response - JSON Body"
2023-02-07 10:54:33.106 &amp#27;[32m INFO&amp#27;[m &amp#27;[35m[@503 - main]&amp#27;[m &amp#27;[36mcom.shaft.tools.io.ReportManager&amp#27;[m : File Action "DoesFileExist" successfully performed. With the following test data "File Path: "SteeringCompanyAPI_TestData/SteeringCompanyAPI_TestData.xlsx"".
2023-02-07 10:54:33.130 &amp#27;[32m INFO&amp#27;[m &amp#27;[35m[@503 - main]&amp#27;[m &amp#27;[36mcom.shaft.tools.io.ReportManager&amp#27;[m : Successfully created attachment "Test Data - Excel"
2023-02-07 10:54:33.130 &amp#27;[32m INFO&amp#27;[m &amp#27;[35m[@503 - main]&amp#27;[m &amp#27;[36mcom.shaft.tools.io.ReportManager&amp#27;[m : File Action "DoesFileExist" successfully performed. With the following test data "File Path: "SteeringCompanyAPI_TestData/SteeringCompanyAPI_TestData.xlsx"".
2023-02-07 10:54:33.158 &amp#27;[32m INFO&amp#27;[m &amp#27;[35m[@503 - main]&amp#27;[m &amp#27;[36mcom.shaft.tools.io.ReportManager&amp#27;[m : Successfully created attachment "Test Data - Excel"
2023-02-07 10:54:33.158 &amp#27;[32m INFO&amp#27;[m &amp#27;[35m[@503 - main]&amp#27;[m &amp#27;[36mcom.shaft.tools.io.ReportManager&amp#27;[m : File Action "DoesFileExist" successfully performed. With the following test data "File Path: "SteeringCompanyAPI_TestData/SteeringCompanyAPI_TestData.xlsx"".
2023-02-07 10:54:33.187 &amp#27;[32m INFO&amp#27;[m &amp#27;[35m[@503 - main]&amp#27;[m &amp#27;[36mcom.shaft.tools.io.ReportManager&amp#27;[m : Successfully created attachment "Test Data - Excel"
2023-02-07 10:54:33.713 &amp#27;[32m INFO&amp#27;[m &amp#27;[35m[@503 - main]&amp#27;[m &amp#27;[36mcom.shaft.tools.io.ReportManager&amp#27;[m : Response status code: "422", status line: "HTTP/1.1 422 "
2023-02-07 10:54:33.729 &amp#27;[32m INFO&amp#27;[m &amp#27;[35m[@503 - main]&amp#27;[m &amp#27;[36mcom.shaft.tools.io.ReportManager&amp#27;[m : Successfully created attachment "API Request - Specifications"
2023-02-07 10:54:33.731 &amp#27;[32m INFO&amp#27;[m &amp#27;[35m[@503 - main]&amp#27;[m &amp#27;[36mcom.shaft.tools.io.ReportManager&amp#27;[m : Successfully created attachment "API Request - JSON Body"
2023-02-07 10:54:33.733 &amp#27;[32m INFO&amp#27;[m &amp#27;[35m[@503 - main]&amp#27;[m &amp#27;[36mcom.shaft.tools.io.ReportManager&amp#27;[m : Successfully created attachment "API Response - JSON Body"
2023-02-07 10:54:33.737 &amp#27;[32m INFO&amp#27;[m &amp#27;[35m[@503 - main]&amp#27;[m &amp#27;[36mcom.shaft.tools.io.ReportManager&amp#27;[m : File Action "DoesFileExist" successfully performed. With the following test data "File Path: "Schemas/ValidationError_schema.json"".
2023-02-07 10:54:33.738 &amp#27;[32m INFO&amp#27;[m &amp#27;[35m[@503 - main]&amp#27;[m &amp#27;[36mcom.shaft.tools.io.ReportManager&amp#27;[m : File Action "DoesFileExist" successfully performed. With the following test data "File Path: "src/test/resources/testDataFiles/Schemas/ValidationError_schema.json"".
2023-02-07 10:54:33.738 &amp#27;[32m INFO&amp#27;[m &amp#27;[35m[@503 - main]&amp#27;[m &amp#27;[36mcom.shaft.tools.io.ReportManager&amp#27;[m : File Action "GetAbsolutePath" successfully performed. With the following test data "Relative Folder Path: "src/test/resources/testDataFiles/Schemas/ValidationError_schema.json"".
2023-02-07 10:54:33.750 &amp#27;[32m INFO&amp#27;[m &amp#27;[35m[@503 - main]&amp#27;[m &amp#27;[36mcom.shaft.tools.io.ReportManager&amp#27;[m : File Action "DoesFileExist" successfully performed. With the following test data "File Path: "C:\eclipse-workspace\MyProjects\TASystemsAPIs\src\test\resources\testDataFiles\Schemas\ValidationError_schema.json"".
2023-02-07 10:54:33.751 &amp#27;[32m INFO&amp#27;[m &amp#27;[35m[@503 - main]&amp#27;[m &amp#27;[36mcom.shaft.tools.io.ReportManager&amp#27;[m : File Action "GetAbsolutePath" successfully performed. With the following test data "Relative Folder Path: "C:\eclipse-workspace\MyProjects\TASystemsAPIs\src\test\resources\testDataFiles\Schemas\ValidationError_schema.json"".
2023-02-07 10:54:33.752 &amp#27;[32m INFO&amp#27;[m &amp#27;[35m[@503 - main]&amp#27;[m &amp#27;[36mcom.shaft.tools.io.ReportManager&amp#27;[m : File Action "ReadFile" successfully performed. With the following test data "File Path: "C:\eclipse-workspace\MyProjects\TASystemsAPIs\src\test\resources\testDataFiles\Schemas\ValidationError_schema.json"".
2023-02-07 10:54:33.757 &amp#27;[32m INFO&amp#27;[m &amp#27;[35m[@503 - main]&amp#27;[m &amp#27;[36mcom.shaft.tools.io.ReportManager&amp#27;[m : Successfully created attachment "Validation Test Data - Expected JSON Value"
2023-02-07 10:54:33.758 &amp#27;[32m INFO&amp#27;[m &amp#27;[35m[@503 - main]&amp#27;[m &amp#27;[36mcom.shaft.tools.io.ReportManager&amp#27;[m : Successfully created attachment "Validation Test Data - Actual JSON Value"
2023-02-07 10:54:33.761 &amp#27;[32m INFO&amp#27;[m &amp#27;[35m[@503 - main]&amp#27;[m &amp#27;[36mcom.shaft.tools.io.ReportManager&amp#27;[m : Successfully created attachment "SHAFT Engine Logs - Current Method log: Add_Commissions_With_Missing_Keys_TC"
]]></system-out>
  </testcase>
  <testcase name="Add_Commissions_With_NotAccepted_data_TC[[Ljava.lang.Object;@1a2a5343](1)" classname="SteeringCompanyAPI_TestCases.Test_Commissions_Cases" time="2.674">
    <system-out><![CDATA[2023-02-07 10:54:33.770 &amp#27;[32m INFO&amp#27;[m &amp#27;[35m[@534 - main]&amp#27;[m &amp#27;[36mcom.shaft.tools.io.ReportManager&amp#27;[m : 
################################################################################################################################################
Starting Execution:	"7 out of 107" test cases in the current suite
Test Method:		"SteeringCompanyAPI_TestCases.Test_Commissions_Cases.Add_Commissions_With_NotAccepted_data_TC"
Test Description:	"TC013 -Commission- Perform Add Commission with NotAccepted data"
################################################################################################################################################
2023-02-07 10:54:33.771 &amp#27;[32m INFO&amp#27;[m &amp#27;[35m[@503 - main]&amp#27;[m &amp#27;[36mcom.shaft.tools.io.ReportManager&amp#27;[m : File Action "DoesFileExist" successfully performed. With the following test data "File Path: "SteeringCompanyAPI_TestData/SteeringCompanyAPI_TestData.xlsx"".
2023-02-07 10:54:33.807 &amp#27;[32m INFO&amp#27;[m &amp#27;[35m[@503 - main]&amp#27;[m &amp#27;[36mcom.shaft.tools.io.ReportManager&amp#27;[m : Successfully created attachment "Test Data - Excel"
2023-02-07 10:54:35.002 &amp#27;[32m INFO&amp#27;[m &amp#27;[35m[@503 - main]&amp#27;[m &amp#27;[36mcom.shaft.tools.io.ReportManager&amp#27;[m : Response status code: "200", status line: "HTTP/1.1 200 OK"
2023-02-07 10:54:35.019 &amp#27;[32m INFO&amp#27;[m &amp#27;[35m[@503 - main]&amp#27;[m &amp#27;[36mcom.shaft.tools.io.ReportManager&amp#27;[m : Successfully created attachment "API Request - Specifications"
2023-02-07 10:54:35.021 &amp#27;[32m INFO&amp#27;[m &amp#27;[35m[@503 - main]&amp#27;[m &amp#27;[36mcom.shaft.tools.io.ReportManager&amp#27;[m : Successfully created attachment "API Request - Body"
2023-02-07 10:54:35.023 &amp#27;[32m INFO&amp#27;[m &amp#27;[35m[@503 - main]&amp#27;[m &amp#27;[36mcom.shaft.tools.io.ReportManager&amp#27;[m : Successfully created attachment "API Response - JSON Body"
2023-02-07 10:54:35.051 &amp#27;[32m INFO&amp#27;[m &amp#27;[35m[@503 - main]&amp#27;[m &amp#27;[36mcom.shaft.tools.io.ReportManager&amp#27;[m : File Action "DoesFileExist" successfully performed. With the following test data "File Path: "SteeringCompanyAPI_TestData/SteeringCompanyAPI_TestData.xlsx"".
2023-02-07 10:54:35.092 &amp#27;[32m INFO&amp#27;[m &amp#27;[35m[@503 - main]&amp#27;[m &amp#27;[36mcom.shaft.tools.io.ReportManager&amp#27;[m : Successfully created attachment "Test Data - Excel"
2023-02-07 10:54:35.092 &amp#27;[32m INFO&amp#27;[m &amp#27;[35m[@503 - main]&amp#27;[m &amp#27;[36mcom.shaft.tools.io.ReportManager&amp#27;[m : File Action "DoesFileExist" successfully performed. With the following test data "File Path: "SteeringCompanyAPI_TestData/SteeringCompanyAPI_TestData.xlsx"".
2023-02-07 10:54:35.148 &amp#27;[32m INFO&amp#27;[m &amp#27;[35m[@503 - main]&amp#27;[m &amp#27;[36mcom.shaft.tools.io.ReportManager&amp#27;[m : Successfully created attachment "Test Data - Excel"
2023-02-07 10:54:35.148 &amp#27;[32m INFO&amp#27;[m &amp#27;[35m[@503 - main]&amp#27;[m &amp#27;[36mcom.shaft.tools.io.ReportManager&amp#27;[m : File Action "DoesFileExist" successfully performed. With the following test data "File Path: "SteeringCompanyAPI_TestData/SteeringCompanyAPI_TestData.xlsx"".
2023-02-07 10:54:35.197 &amp#27;[32m INFO&amp#27;[m &amp#27;[35m[@503 - main]&amp#27;[m &amp#27;[36mcom.shaft.tools.io.ReportManager&amp#27;[m : Successfully created attachment "Test Data - Excel"
2023-02-07 10:54:35.741 &amp#27;[32m INFO&amp#27;[m &amp#27;[35m[@503 - main]&amp#27;[m &amp#27;[36mcom.shaft.tools.io.ReportManager&amp#27;[m : Response status code: "406", status line: "HTTP/1.1 406 "
2023-02-07 10:54:36.411 &amp#27;[32m INFO&amp#27;[m &amp#27;[35m[@503 - main]&amp#27;[m &amp#27;[36mcom.shaft.tools.io.ReportManager&amp#27;[m : Successfully created attachment "API Request - Specifications"
2023-02-07 10:54:36.414 &amp#27;[32m INFO&amp#27;[m &amp#27;[35m[@503 - main]&amp#27;[m &amp#27;[36mcom.shaft.tools.io.ReportManager&amp#27;[m : Successfully created attachment "API Request - JSON Body"
2023-02-07 10:54:36.416 &amp#27;[32m INFO&amp#27;[m &amp#27;[35m[@503 - main]&amp#27;[m &amp#27;[36mcom.shaft.tools.io.ReportManager&amp#27;[m : Successfully created attachment "API Response - JSON Body"
2023-02-07 10:54:36.419 &amp#27;[32m INFO&amp#27;[m &amp#27;[35m[@503 - main]&amp#27;[m &amp#27;[36mcom.shaft.tools.io.ReportManager&amp#27;[m : File Action "DoesFileExist" successfully performed. With the following test data "File Path: "Schemas/NotAcceptable_Response_schema.json"".
2023-02-07 10:54:36.419 &amp#27;[32m INFO&amp#27;[m &amp#27;[35m[@503 - main]&amp#27;[m &amp#27;[36mcom.shaft.tools.io.ReportManager&amp#27;[m : File Action "DoesFileExist" successfully performed. With the following test data "File Path: "src/test/resources/testDataFiles/Schemas/NotAcceptable_Response_schema.json"".
2023-02-07 10:54:36.420 &amp#27;[32m INFO&amp#27;[m &amp#27;[35m[@503 - main]&amp#27;[m &amp#27;[36mcom.shaft.tools.io.ReportManager&amp#27;[m : File Action "GetAbsolutePath" successfully performed. With the following test data "Relative Folder Path: "src/test/resources/testDataFiles/Schemas/NotAcceptable_Response_schema.json"".
2023-02-07 10:54:36.425 &amp#27;[32m INFO&amp#27;[m &amp#27;[35m[@503 - main]&amp#27;[m &amp#27;[36mcom.shaft.tools.io.ReportManager&amp#27;[m : File Action "DoesFileExist" successfully performed. With the following test data "File Path: "C:\eclipse-workspace\MyProjects\TASystemsAPIs\src\test\resources\testDataFiles\Schemas\NotAcceptable_Response_schema.json"".
2023-02-07 10:54:36.427 &amp#27;[32m INFO&amp#27;[m &amp#27;[35m[@503 - main]&amp#27;[m &amp#27;[36mcom.shaft.tools.io.ReportManager&amp#27;[m : File Action "GetAbsolutePath" successfully performed. With the following test data "Relative Folder Path: "C:\eclipse-workspace\MyProjects\TASystemsAPIs\src\test\resources\testDataFiles\Schemas\NotAcceptable_Response_schema.json"".
2023-02-07 10:54:36.427 &amp#27;[32m INFO&amp#27;[m &amp#27;[35m[@503 - main]&amp#27;[m &amp#27;[36mcom.shaft.tools.io.ReportManager&amp#27;[m : File Action "ReadFile" successfully performed. With the following test data "File Path: "C:\eclipse-workspace\MyProjects\TASystemsAPIs\src\test\resources\testDataFiles\Schemas\NotAcceptable_Response_schema.json"".
2023-02-07 10:54:36.432 &amp#27;[32m INFO&amp#27;[m &amp#27;[35m[@503 - main]&amp#27;[m &amp#27;[36mcom.shaft.tools.io.ReportManager&amp#27;[m : Successfully created attachment "Validation Test Data - Expected JSON Value"
2023-02-07 10:54:36.434 &amp#27;[32m INFO&amp#27;[m &amp#27;[35m[@503 - main]&amp#27;[m &amp#27;[36mcom.shaft.tools.io.ReportManager&amp#27;[m : Successfully created attachment "Validation Test Data - Actual JSON Value"
2023-02-07 10:54:36.437 &amp#27;[32m INFO&amp#27;[m &amp#27;[35m[@503 - main]&amp#27;[m &amp#27;[36mcom.shaft.tools.io.ReportManager&amp#27;[m : Successfully created attachment "SHAFT Engine Logs - Current Method log: Add_Commissions_With_NotAccepted_data_TC"
]]></system-out>
  </testcase>
  <testcase name="Add_Commissions_With_NotFound_data_TC[[Ljava.lang.Object;@33225b82](1)" classname="SteeringCompanyAPI_TestCases.Test_Commissions_Cases" time="1.516">
    <system-out><![CDATA[2023-02-07 10:54:36.445 &amp#27;[32m INFO&amp#27;[m &amp#27;[35m[@534 - main]&amp#27;[m &amp#27;[36mcom.shaft.tools.io.ReportManager&amp#27;[m : 
################################################################################################################################################
Starting Execution:	"8 out of 107" test cases in the current suite
Test Method:		"SteeringCompanyAPI_TestCases.Test_Commissions_Cases.Add_Commissions_With_NotFound_data_TC"
Test Description:	"TC014 -Commission- Perform Add Commission with NotFound data"
################################################################################################################################################
2023-02-07 10:54:36.446 &amp#27;[32m INFO&amp#27;[m &amp#27;[35m[@503 - main]&amp#27;[m &amp#27;[36mcom.shaft.tools.io.ReportManager&amp#27;[m : File Action "DoesFileExist" successfully performed. With the following test data "File Path: "SteeringCompanyAPI_TestData/SteeringCompanyAPI_TestData.xlsx"".
2023-02-07 10:54:36.491 &amp#27;[32m INFO&amp#27;[m &amp#27;[35m[@503 - main]&amp#27;[m &amp#27;[36mcom.shaft.tools.io.ReportManager&amp#27;[m : Successfully created attachment "Test Data - Excel"
2023-02-07 10:54:37.152 &amp#27;[32m INFO&amp#27;[m &amp#27;[35m[@503 - main]&amp#27;[m &amp#27;[36mcom.shaft.tools.io.ReportManager&amp#27;[m : Response status code: "200", status line: "HTTP/1.1 200 OK"
2023-02-07 10:54:37.186 &amp#27;[32m INFO&amp#27;[m &amp#27;[35m[@503 - main]&amp#27;[m &amp#27;[36mcom.shaft.tools.io.ReportManager&amp#27;[m : Successfully created attachment "API Request - Specifications"
2023-02-07 10:54:37.189 &amp#27;[32m INFO&amp#27;[m &amp#27;[35m[@503 - main]&amp#27;[m &amp#27;[36mcom.shaft.tools.io.ReportManager&amp#27;[m : Successfully created attachment "API Request - Body"
2023-02-07 10:54:37.191 &amp#27;[32m INFO&amp#27;[m &amp#27;[35m[@503 - main]&amp#27;[m &amp#27;[36mcom.shaft.tools.io.ReportManager&amp#27;[m : Successfully created attachment "API Response - JSON Body"
2023-02-07 10:54:37.211 &amp#27;[32m INFO&amp#27;[m &amp#27;[35m[@503 - main]&amp#27;[m &amp#27;[36mcom.shaft.tools.io.ReportManager&amp#27;[m : File Action "DoesFileExist" successfully performed. With the following test data "File Path: "SteeringCompanyAPI_TestData/SteeringCompanyAPI_TestData.xlsx"".
2023-02-07 10:54:37.263 &amp#27;[32m INFO&amp#27;[m &amp#27;[35m[@503 - main]&amp#27;[m &amp#27;[36mcom.shaft.tools.io.ReportManager&amp#27;[m : Successfully created attachment "Test Data - Excel"
2023-02-07 10:54:37.264 &amp#27;[32m INFO&amp#27;[m &amp#27;[35m[@503 - main]&amp#27;[m &amp#27;[36mcom.shaft.tools.io.ReportManager&amp#27;[m : File Action "DoesFileExist" successfully performed. With the following test data "File Path: "SteeringCompanyAPI_TestData/SteeringCompanyAPI_TestData.xlsx"".
2023-02-07 10:54:37.322 &amp#27;[32m INFO&amp#27;[m &amp#27;[35m[@503 - main]&amp#27;[m &amp#27;[36mcom.shaft.tools.io.ReportManager&amp#27;[m : Successfully created attachment "Test Data - Excel"
2023-02-07 10:54:37.323 &amp#27;[32m INFO&amp#27;[m &amp#27;[35m[@503 - main]&amp#27;[m &amp#27;[36mcom.shaft.tools.io.ReportManager&amp#27;[m : File Action "DoesFileExist" successfully performed. With the following test data "File Path: "SteeringCompanyAPI_TestData/SteeringCompanyAPI_TestData.xlsx"".
2023-02-07 10:54:37.377 &amp#27;[32m INFO&amp#27;[m &amp#27;[35m[@503 - main]&amp#27;[m &amp#27;[36mcom.shaft.tools.io.ReportManager&amp#27;[m : Successfully created attachment "Test Data - Excel"
2023-02-07 10:54:37.918 &amp#27;[32m INFO&amp#27;[m &amp#27;[35m[@503 - main]&amp#27;[m &amp#27;[36mcom.shaft.tools.io.ReportManager&amp#27;[m : Response status code: "404", status line: "HTTP/1.1 404 "
2023-02-07 10:54:37.938 &amp#27;[32m INFO&amp#27;[m &amp#27;[35m[@503 - main]&amp#27;[m &amp#27;[36mcom.shaft.tools.io.ReportManager&amp#27;[m : Successfully created attachment "API Request - Specifications"
2023-02-07 10:54:37.940 &amp#27;[32m INFO&amp#27;[m &amp#27;[35m[@503 - main]&amp#27;[m &amp#27;[36mcom.shaft.tools.io.ReportManager&amp#27;[m : Successfully created attachment "API Request - JSON Body"
2023-02-07 10:54:37.941 &amp#27;[32m INFO&amp#27;[m &amp#27;[35m[@503 - main]&amp#27;[m &amp#27;[36mcom.shaft.tools.io.ReportManager&amp#27;[m : Successfully created attachment "API Response - JSON Body"
2023-02-07 10:54:37.944 &amp#27;[32m INFO&amp#27;[m &amp#27;[35m[@503 - main]&amp#27;[m &amp#27;[36mcom.shaft.tools.io.ReportManager&amp#27;[m : File Action "DoesFileExist" successfully performed. With the following test data "File Path: "Schemas/NotFoundError_schema.json"".
2023-02-07 10:54:37.944 &amp#27;[32m INFO&amp#27;[m &amp#27;[35m[@503 - main]&amp#27;[m &amp#27;[36mcom.shaft.tools.io.ReportManager&amp#27;[m : File Action "DoesFileExist" successfully performed. With the following test data "File Path: "src/test/resources/testDataFiles/Schemas/NotFoundError_schema.json"".
2023-02-07 10:54:37.944 &amp#27;[32m INFO&amp#27;[m &amp#27;[35m[@503 - main]&amp#27;[m &amp#27;[36mcom.shaft.tools.io.ReportManager&amp#27;[m : File Action "GetAbsolutePath" successfully performed. With the following test data "Relative Folder Path: "src/test/resources/testDataFiles/Schemas/NotFoundError_schema.json"".
2023-02-07 10:54:37.949 &amp#27;[32m INFO&amp#27;[m &amp#27;[35m[@503 - main]&amp#27;[m &amp#27;[36mcom.shaft.tools.io.ReportManager&amp#27;[m : File Action "DoesFileExist" successfully performed. With the following test data "File Path: "C:\eclipse-workspace\MyProjects\TASystemsAPIs\src\test\resources\testDataFiles\Schemas\NotFoundError_schema.json"".
2023-02-07 10:54:37.949 &amp#27;[32m INFO&amp#27;[m &amp#27;[35m[@503 - main]&amp#27;[m &amp#27;[36mcom.shaft.tools.io.ReportManager&amp#27;[m : File Action "GetAbsolutePath" successfully performed. With the following test data "Relative Folder Path: "C:\eclipse-workspace\MyProjects\TASystemsAPIs\src\test\resources\testDataFiles\Schemas\NotFoundError_schema.json"".
2023-02-07 10:54:37.950 &amp#27;[32m INFO&amp#27;[m &amp#27;[35m[@503 - main]&amp#27;[m &amp#27;[36mcom.shaft.tools.io.ReportManager&amp#27;[m : File Action "ReadFile" successfully performed. With the following test data "File Path: "C:\eclipse-workspace\MyProjects\TASystemsAPIs\src\test\resources\testDataFiles\Schemas\NotFoundError_schema.json"".
2023-02-07 10:54:37.953 &amp#27;[32m INFO&amp#27;[m &amp#27;[35m[@503 - main]&amp#27;[m &amp#27;[36mcom.shaft.tools.io.ReportManager&amp#27;[m : Successfully created attachment "Validation Test Data - Expected JSON Value"
2023-02-07 10:54:37.955 &amp#27;[32m INFO&amp#27;[m &amp#27;[35m[@503 - main]&amp#27;[m &amp#27;[36mcom.shaft.tools.io.ReportManager&amp#27;[m : Successfully created attachment "Validation Test Data - Actual JSON Value"
2023-02-07 10:54:37.957 &amp#27;[32m INFO&amp#27;[m &amp#27;[35m[@503 - main]&amp#27;[m &amp#27;[36mcom.shaft.tools.io.ReportManager&amp#27;[m : Successfully created attachment "SHAFT Engine Logs - Current Method log: Add_Commissions_With_NotFound_data_TC"
]]></system-out>
  </testcase>
  <testcase name="Get_Commissions_With_NotFound_data_TC[[Ljava.lang.Object;@6622a1d0](1)" classname="SteeringCompanyAPI_TestCases.Test_Commissions_Cases" time="2.386">
    <system-out><![CDATA[2023-02-07 10:54:37.964 &amp#27;[32m INFO&amp#27;[m &amp#27;[35m[@534 - main]&amp#27;[m &amp#27;[36mcom.shaft.tools.io.ReportManager&amp#27;[m : 
################################################################################################################################################
Starting Execution:	"9 out of 107" test cases in the current suite
Test Method:		"SteeringCompanyAPI_TestCases.Test_Commissions_Cases.Get_Commissions_With_NotFound_data_TC"
Test Description:	"TC015 -Commission- Perform Get Commission with NotFound data"
################################################################################################################################################
2023-02-07 10:54:37.965 &amp#27;[32m INFO&amp#27;[m &amp#27;[35m[@503 - main]&amp#27;[m &amp#27;[36mcom.shaft.tools.io.ReportManager&amp#27;[m : File Action "DoesFileExist" successfully performed. With the following test data "File Path: "SteeringCompanyAPI_TestData/SteeringCompanyAPI_TestData.xlsx"".
2023-02-07 10:54:38.037 &amp#27;[32m INFO&amp#27;[m &amp#27;[35m[@503 - main]&amp#27;[m &amp#27;[36mcom.shaft.tools.io.ReportManager&amp#27;[m : Successfully created attachment "Test Data - Excel"
2023-02-07 10:54:38.722 &amp#27;[32m INFO&amp#27;[m &amp#27;[35m[@503 - main]&amp#27;[m &amp#27;[36mcom.shaft.tools.io.ReportManager&amp#27;[m : Response status code: "200", status line: "HTTP/1.1 200 OK"
2023-02-07 10:54:38.758 &amp#27;[32m INFO&amp#27;[m &amp#27;[35m[@503 - main]&amp#27;[m &amp#27;[36mcom.shaft.tools.io.ReportManager&amp#27;[m : Successfully created attachment "API Request - Specifications"
2023-02-07 10:54:38.759 &amp#27;[32m INFO&amp#27;[m &amp#27;[35m[@503 - main]&amp#27;[m &amp#27;[36mcom.shaft.tools.io.ReportManager&amp#27;[m : Successfully created attachment "API Request - Body"
2023-02-07 10:54:38.761 &amp#27;[32m INFO&amp#27;[m &amp#27;[35m[@503 - main]&amp#27;[m &amp#27;[36mcom.shaft.tools.io.ReportManager&amp#27;[m : Successfully created attachment "API Response - JSON Body"
2023-02-07 10:54:38.792 &amp#27;[32m INFO&amp#27;[m &amp#27;[35m[@503 - main]&amp#27;[m &amp#27;[36mcom.shaft.tools.io.ReportManager&amp#27;[m : File Action "DoesFileExist" successfully performed. With the following test data "File Path: "SteeringCompanyAPI_TestData/SteeringCompanyAPI_TestData.xlsx"".
2023-02-07 10:54:38.847 &amp#27;[32m INFO&amp#27;[m &amp#27;[35m[@503 - main]&amp#27;[m &amp#27;[36mcom.shaft.tools.io.ReportManager&amp#27;[m : Successfully created attachment "Test Data - Excel"
2023-02-07 10:54:38.848 &amp#27;[32m INFO&amp#27;[m &amp#27;[35m[@503 - main]&amp#27;[m &amp#27;[36mcom.shaft.tools.io.ReportManager&amp#27;[m : File Action "DoesFileExist" successfully performed. With the following test data "File Path: "SteeringCompanyAPI_TestData/SteeringCompanyAPI_TestData.xlsx"".
2023-02-07 10:54:38.883 &amp#27;[32m INFO&amp#27;[m &amp#27;[35m[@503 - main]&amp#27;[m &amp#27;[36mcom.shaft.tools.io.ReportManager&amp#27;[m : Successfully created attachment "Test Data - Excel"
2023-02-07 10:54:38.884 &amp#27;[32m INFO&amp#27;[m &amp#27;[35m[@503 - main]&amp#27;[m &amp#27;[36mcom.shaft.tools.io.ReportManager&amp#27;[m : File Action "DoesFileExist" successfully performed. With the following test data "File Path: "SteeringCompanyAPI_TestData/SteeringCompanyAPI_TestData.xlsx"".
2023-02-07 10:54:38.923 &amp#27;[32m INFO&amp#27;[m &amp#27;[35m[@503 - main]&amp#27;[m &amp#27;[36mcom.shaft.tools.io.ReportManager&amp#27;[m : Successfully created attachment "Test Data - Excel"
2023-02-07 10:54:40.293 &amp#27;[32m INFO&amp#27;[m &amp#27;[35m[@503 - main]&amp#27;[m &amp#27;[36mcom.shaft.tools.io.ReportManager&amp#27;[m : Response status code: "404", status line: "HTTP/1.1 404 "
2023-02-07 10:54:40.319 &amp#27;[32m INFO&amp#27;[m &amp#27;[35m[@503 - main]&amp#27;[m &amp#27;[36mcom.shaft.tools.io.ReportManager&amp#27;[m : Successfully created attachment "API Request - Specifications"
2023-02-07 10:54:40.320 &amp#27;[32m INFO&amp#27;[m &amp#27;[35m[@503 - main]&amp#27;[m &amp#27;[36mcom.shaft.tools.io.ReportManager&amp#27;[m : Successfully created attachment "API Response - JSON Body"
2023-02-07 10:54:40.324 &amp#27;[32m INFO&amp#27;[m &amp#27;[35m[@503 - main]&amp#27;[m &amp#27;[36mcom.shaft.tools.io.ReportManager&amp#27;[m : File Action "DoesFileExist" successfully performed. With the following test data "File Path: "Schemas/NotFoundError_schema.json"".
2023-02-07 10:54:40.325 &amp#27;[32m INFO&amp#27;[m &amp#27;[35m[@503 - main]&amp#27;[m &amp#27;[36mcom.shaft.tools.io.ReportManager&amp#27;[m : File Action "DoesFileExist" successfully performed. With the following test data "File Path: "src/test/resources/testDataFiles/Schemas/NotFoundError_schema.json"".
2023-02-07 10:54:40.326 &amp#27;[32m INFO&amp#27;[m &amp#27;[35m[@503 - main]&amp#27;[m &amp#27;[36mcom.shaft.tools.io.ReportManager&amp#27;[m : File Action "GetAbsolutePath" successfully performed. With the following test data "Relative Folder Path: "src/test/resources/testDataFiles/Schemas/NotFoundError_schema.json"".
2023-02-07 10:54:40.335 &amp#27;[32m INFO&amp#27;[m &amp#27;[35m[@503 - main]&amp#27;[m &amp#27;[36mcom.shaft.tools.io.ReportManager&amp#27;[m : File Action "DoesFileExist" successfully performed. With the following test data "File Path: "C:\eclipse-workspace\MyProjects\TASystemsAPIs\src\test\resources\testDataFiles\Schemas\NotFoundError_schema.json"".
2023-02-07 10:54:40.336 &amp#27;[32m INFO&amp#27;[m &amp#27;[35m[@503 - main]&amp#27;[m &amp#27;[36mcom.shaft.tools.io.ReportManager&amp#27;[m : File Action "GetAbsolutePath" successfully performed. With the following test data "Relative Folder Path: "C:\eclipse-workspace\MyProjects\TASystemsAPIs\src\test\resources\testDataFiles\Schemas\NotFoundError_schema.json"".
2023-02-07 10:54:40.337 &amp#27;[32m INFO&amp#27;[m &amp#27;[35m[@503 - main]&amp#27;[m &amp#27;[36mcom.shaft.tools.io.ReportManager&amp#27;[m : File Action "ReadFile" successfully performed. With the following test data "File Path: "C:\eclipse-workspace\MyProjects\TASystemsAPIs\src\test\resources\testDataFiles\Schemas\NotFoundError_schema.json"".
2023-02-07 10:54:40.343 &amp#27;[32m INFO&amp#27;[m &amp#27;[35m[@503 - main]&amp#27;[m &amp#27;[36mcom.shaft.tools.io.ReportManager&amp#27;[m : Successfully created attachment "Validation Test Data - Expected JSON Value"
2023-02-07 10:54:40.344 &amp#27;[32m INFO&amp#27;[m &amp#27;[35m[@503 - main]&amp#27;[m &amp#27;[36mcom.shaft.tools.io.ReportManager&amp#27;[m : Successfully created attachment "Validation Test Data - Actual JSON Value"
2023-02-07 10:54:40.345 &amp#27;[32m INFO&amp#27;[m &amp#27;[35m[@503 - main]&amp#27;[m &amp#27;[36mcom.shaft.tools.io.ReportManager&amp#27;[m : Successfully created attachment "SHAFT Engine Logs - Current Method log: Get_Commissions_With_NotFound_data_TC"
]]></system-out>
  </testcase>
  <testcase name="Get_Commissions_With_NotFound_data_TC[[Ljava.lang.Object;@b6aa7e9](2)" classname="SteeringCompanyAPI_TestCases.Test_Commissions_Cases" time="2.062">
    <system-out><![CDATA[2023-02-07 10:54:40.351 &amp#27;[32m INFO&amp#27;[m &amp#27;[35m[@534 - main]&amp#27;[m &amp#27;[36mcom.shaft.tools.io.ReportManager&amp#27;[m : 
################################################################################################################################################
Starting Execution:	"10 out of 107" test cases in the current suite
Test Method:		"SteeringCompanyAPI_TestCases.Test_Commissions_Cases.Get_Commissions_With_NotFound_data_TC"
Test Description:	"TC015 -Commission- Perform Get Commission with NotFound data"
################################################################################################################################################
2023-02-07 10:54:40.353 &amp#27;[32m INFO&amp#27;[m &amp#27;[35m[@503 - main]&amp#27;[m &amp#27;[36mcom.shaft.tools.io.ReportManager&amp#27;[m : File Action "DoesFileExist" successfully performed. With the following test data "File Path: "SteeringCompanyAPI_TestData/SteeringCompanyAPI_TestData.xlsx"".
2023-02-07 10:54:40.395 &amp#27;[32m INFO&amp#27;[m &amp#27;[35m[@503 - main]&amp#27;[m &amp#27;[36mcom.shaft.tools.io.ReportManager&amp#27;[m : Successfully created attachment "Test Data - Excel"
2023-02-07 10:54:41.659 &amp#27;[32m INFO&amp#27;[m &amp#27;[35m[@503 - main]&amp#27;[m &amp#27;[36mcom.shaft.tools.io.ReportManager&amp#27;[m : Response status code: "200", status line: "HTTP/1.1 200 OK"
2023-02-07 10:54:41.675 &amp#27;[32m INFO&amp#27;[m &amp#27;[35m[@503 - main]&amp#27;[m &amp#27;[36mcom.shaft.tools.io.ReportManager&amp#27;[m : Successfully created attachment "API Request - Specifications"
2023-02-07 10:54:41.676 &amp#27;[32m INFO&amp#27;[m &amp#27;[35m[@503 - main]&amp#27;[m &amp#27;[36mcom.shaft.tools.io.ReportManager&amp#27;[m : Successfully created attachment "API Request - Body"
2023-02-07 10:54:41.678 &amp#27;[32m INFO&amp#27;[m &amp#27;[35m[@503 - main]&amp#27;[m &amp#27;[36mcom.shaft.tools.io.ReportManager&amp#27;[m : Successfully created attachment "API Response - JSON Body"
2023-02-07 10:54:41.691 &amp#27;[32m INFO&amp#27;[m &amp#27;[35m[@503 - main]&amp#27;[m &amp#27;[36mcom.shaft.tools.io.ReportManager&amp#27;[m : File Action "DoesFileExist" successfully performed. With the following test data "File Path: "SteeringCompanyAPI_TestData/SteeringCompanyAPI_TestData.xlsx"".
2023-02-07 10:54:41.725 &amp#27;[32m INFO&amp#27;[m &amp#27;[35m[@503 - main]&amp#27;[m &amp#27;[36mcom.shaft.tools.io.ReportManager&amp#27;[m : Successfully created attachment "Test Data - Excel"
2023-02-07 10:54:41.726 &amp#27;[32m INFO&amp#27;[m &amp#27;[35m[@503 - main]&amp#27;[m &amp#27;[36mcom.shaft.tools.io.ReportManager&amp#27;[m : File Action "DoesFileExist" successfully performed. With the following test data "File Path: "SteeringCompanyAPI_TestData/SteeringCompanyAPI_TestData.xlsx"".
2023-02-07 10:54:41.772 &amp#27;[32m INFO&amp#27;[m &amp#27;[35m[@503 - main]&amp#27;[m &amp#27;[36mcom.shaft.tools.io.ReportManager&amp#27;[m : Successfully created attachment "Test Data - Excel"
2023-02-07 10:54:41.773 &amp#27;[32m INFO&amp#27;[m &amp#27;[35m[@503 - main]&amp#27;[m &amp#27;[36mcom.shaft.tools.io.ReportManager&amp#27;[m : File Action "DoesFileExist" successfully performed. With the following test data "File Path: "SteeringCompanyAPI_TestData/SteeringCompanyAPI_TestData.xlsx"".
2023-02-07 10:54:41.811 &amp#27;[32m INFO&amp#27;[m &amp#27;[35m[@503 - main]&amp#27;[m &amp#27;[36mcom.shaft.tools.io.ReportManager&amp#27;[m : Successfully created attachment "Test Data - Excel"
2023-02-07 10:54:42.346 &amp#27;[32m INFO&amp#27;[m &amp#27;[35m[@503 - main]&amp#27;[m &amp#27;[36mcom.shaft.tools.io.ReportManager&amp#27;[m : Response status code: "404", status line: "HTTP/1.1 404 "
2023-02-07 10:54:42.376 &amp#27;[32m INFO&amp#27;[m &amp#27;[35m[@503 - main]&amp#27;[m &amp#27;[36mcom.shaft.tools.io.ReportManager&amp#27;[m : Successfully created attachment "API Request - Specifications"
2023-02-07 10:54:42.379 &amp#27;[32m INFO&amp#27;[m &amp#27;[35m[@503 - main]&amp#27;[m &amp#27;[36mcom.shaft.tools.io.ReportManager&amp#27;[m : Successfully created attachment "API Response - JSON Body"
2023-02-07 10:54:42.384 &amp#27;[32m INFO&amp#27;[m &amp#27;[35m[@503 - main]&amp#27;[m &amp#27;[36mcom.shaft.tools.io.ReportManager&amp#27;[m : File Action "DoesFileExist" successfully performed. With the following test data "File Path: "Schemas/NotFoundError_schema.json"".
2023-02-07 10:54:42.385 &amp#27;[32m INFO&amp#27;[m &amp#27;[35m[@503 - main]&amp#27;[m &amp#27;[36mcom.shaft.tools.io.ReportManager&amp#27;[m : File Action "DoesFileExist" successfully performed. With the following test data "File Path: "src/test/resources/testDataFiles/Schemas/NotFoundError_schema.json"".
2023-02-07 10:54:42.386 &amp#27;[32m INFO&amp#27;[m &amp#27;[35m[@503 - main]&amp#27;[m &amp#27;[36mcom.shaft.tools.io.ReportManager&amp#27;[m : File Action "GetAbsolutePath" successfully performed. With the following test data "Relative Folder Path: "src/test/resources/testDataFiles/Schemas/NotFoundError_schema.json"".
2023-02-07 10:54:42.395 &amp#27;[32m INFO&amp#27;[m &amp#27;[35m[@503 - main]&amp#27;[m &amp#27;[36mcom.shaft.tools.io.ReportManager&amp#27;[m : File Action "DoesFileExist" successfully performed. With the following test data "File Path: "C:\eclipse-workspace\MyProjects\TASystemsAPIs\src\test\resources\testDataFiles\Schemas\NotFoundError_schema.json"".
2023-02-07 10:54:42.396 &amp#27;[32m INFO&amp#27;[m &amp#27;[35m[@503 - main]&amp#27;[m &amp#27;[36mcom.shaft.tools.io.ReportManager&amp#27;[m : File Action "GetAbsolutePath" successfully performed. With the following test data "Relative Folder Path: "C:\eclipse-workspace\MyProjects\TASystemsAPIs\src\test\resources\testDataFiles\Schemas\NotFoundError_schema.json"".
2023-02-07 10:54:42.397 &amp#27;[32m INFO&amp#27;[m &amp#27;[35m[@503 - main]&amp#27;[m &amp#27;[36mcom.shaft.tools.io.ReportManager&amp#27;[m : File Action "ReadFile" successfully performed. With the following test data "File Path: "C:\eclipse-workspace\MyProjects\TASystemsAPIs\src\test\resources\testDataFiles\Schemas\NotFoundError_schema.json"".
2023-02-07 10:54:42.401 &amp#27;[32m INFO&amp#27;[m &amp#27;[35m[@503 - main]&amp#27;[m &amp#27;[36mcom.shaft.tools.io.ReportManager&amp#27;[m : Successfully created attachment "Validation Test Data - Expected JSON Value"
2023-02-07 10:54:42.403 &amp#27;[32m INFO&amp#27;[m &amp#27;[35m[@503 - main]&amp#27;[m &amp#27;[36mcom.shaft.tools.io.ReportManager&amp#27;[m : Successfully created attachment "Validation Test Data - Actual JSON Value"
2023-02-07 10:54:42.406 &amp#27;[32m INFO&amp#27;[m &amp#27;[35m[@503 - main]&amp#27;[m &amp#27;[36mcom.shaft.tools.io.ReportManager&amp#27;[m : Successfully created attachment "SHAFT Engine Logs - Current Method log: Get_Commissions_With_NotFound_data_TC"
]]></system-out>
  </testcase>
  <testcase name="InValid_Add_Commissions_With_Invalid_Token_TC[[Ljava.lang.Object;@7def94bb](1)" classname="SteeringCompanyAPI_TestCases.Test_Commissions_Cases" time="0.858">
    <system-out><![CDATA[2023-02-07 10:54:42.414 &amp#27;[32m INFO&amp#27;[m &amp#27;[35m[@534 - main]&amp#27;[m &amp#27;[36mcom.shaft.tools.io.ReportManager&amp#27;[m : 
################################################################################################################################################
Starting Execution:	"11 out of 107" test cases in the current suite
Test Method:		"SteeringCompanyAPI_TestCases.Test_Commissions_Cases.InValid_Add_Commissions_With_Invalid_Token_TC"
Test Description:	"TC007 -Commission- Perform Add Commission With Invalid/Expired Token"
################################################################################################################################################
2023-02-07 10:54:42.415 &amp#27;[32m INFO&amp#27;[m &amp#27;[35m[@503 - main]&amp#27;[m &amp#27;[36mcom.shaft.tools.io.ReportManager&amp#27;[m : File Action "DoesFileExist" successfully performed. With the following test data "File Path: "SteeringCompanyAPI_TestData/SteeringCompanyAPI_TestData.xlsx"".
2023-02-07 10:54:42.448 &amp#27;[32m INFO&amp#27;[m &amp#27;[35m[@503 - main]&amp#27;[m &amp#27;[36mcom.shaft.tools.io.ReportManager&amp#27;[m : Successfully created attachment "Test Data - Excel"
2023-02-07 10:54:42.448 &amp#27;[32m INFO&amp#27;[m &amp#27;[35m[@503 - main]&amp#27;[m &amp#27;[36mcom.shaft.tools.io.ReportManager&amp#27;[m : File Action "DoesFileExist" successfully performed. With the following test data "File Path: "SteeringCompanyAPI_TestData/SteeringCompanyAPI_TestData.xlsx"".
2023-02-07 10:54:42.496 &amp#27;[32m INFO&amp#27;[m &amp#27;[35m[@503 - main]&amp#27;[m &amp#27;[36mcom.shaft.tools.io.ReportManager&amp#27;[m : Successfully created attachment "Test Data - Excel"
2023-02-07 10:54:42.496 &amp#27;[32m INFO&amp#27;[m &amp#27;[35m[@503 - main]&amp#27;[m &amp#27;[36mcom.shaft.tools.io.ReportManager&amp#27;[m : File Action "DoesFileExist" successfully performed. With the following test data "File Path: "SteeringCompanyAPI_TestData/SteeringCompanyAPI_TestData.xlsx"".
2023-02-07 10:54:42.549 &amp#27;[32m INFO&amp#27;[m &amp#27;[35m[@503 - main]&amp#27;[m &amp#27;[36mcom.shaft.tools.io.ReportManager&amp#27;[m : Successfully created attachment "Test Data - Excel"
2023-02-07 10:54:43.244 &amp#27;[32m INFO&amp#27;[m &amp#27;[35m[@503 - main]&amp#27;[m &amp#27;[36mcom.shaft.tools.io.ReportManager&amp#27;[m : Response status code: "401", status line: "HTTP/1.1 401 "
2023-02-07 10:54:43.255 &amp#27;[32m INFO&amp#27;[m &amp#27;[35m[@503 - main]&amp#27;[m &amp#27;[36mcom.shaft.tools.io.ReportManager&amp#27;[m : Successfully created attachment "API Request - Specifications"
2023-02-07 10:54:43.257 &amp#27;[32m INFO&amp#27;[m &amp#27;[35m[@503 - main]&amp#27;[m &amp#27;[36mcom.shaft.tools.io.ReportManager&amp#27;[m : Successfully created attachment "API Request - JSON Body"
2023-02-07 10:54:43.263 &amp#27;[32m INFO&amp#27;[m &amp#27;[35m[@503 - main]&amp#27;[m &amp#27;[36mcom.shaft.tools.io.ReportManager&amp#27;[m : Successfully created attachment "API Response - JSON Body"
2023-02-07 10:54:43.269 &amp#27;[32m INFO&amp#27;[m &amp#27;[35m[@503 - main]&amp#27;[m &amp#27;[36mcom.shaft.tools.io.ReportManager&amp#27;[m : Successfully created attachment "SHAFT Engine Logs - Current Method log: InValid_Add_Commissions_With_Invalid_Token_TC"
]]></system-out>
  </testcase>
  <testcase name="InValid_Add_Commissions_With_Invalid_Token_TC[[Ljava.lang.Object;@7d83321a](2)" classname="SteeringCompanyAPI_TestCases.Test_Commissions_Cases" time="0.663">
    <system-out><![CDATA[2023-02-07 10:54:43.274 &amp#27;[32m INFO&amp#27;[m &amp#27;[35m[@534 - main]&amp#27;[m &amp#27;[36mcom.shaft.tools.io.ReportManager&amp#27;[m : 
################################################################################################################################################
Starting Execution:	"12 out of 107" test cases in the current suite
Test Method:		"SteeringCompanyAPI_TestCases.Test_Commissions_Cases.InValid_Add_Commissions_With_Invalid_Token_TC"
Test Description:	"TC007 -Commission- Perform Add Commission With Invalid/Expired Token"
################################################################################################################################################
2023-02-07 10:54:43.275 &amp#27;[32m INFO&amp#27;[m &amp#27;[35m[@503 - main]&amp#27;[m &amp#27;[36mcom.shaft.tools.io.ReportManager&amp#27;[m : File Action "DoesFileExist" successfully performed. With the following test data "File Path: "SteeringCompanyAPI_TestData/SteeringCompanyAPI_TestData.xlsx"".
2023-02-07 10:54:43.332 &amp#27;[32m INFO&amp#27;[m &amp#27;[35m[@503 - main]&amp#27;[m &amp#27;[36mcom.shaft.tools.io.ReportManager&amp#27;[m : Successfully created attachment "Test Data - Excel"
2023-02-07 10:54:43.332 &amp#27;[32m INFO&amp#27;[m &amp#27;[35m[@503 - main]&amp#27;[m &amp#27;[36mcom.shaft.tools.io.ReportManager&amp#27;[m : File Action "DoesFileExist" successfully performed. With the following test data "File Path: "SteeringCompanyAPI_TestData/SteeringCompanyAPI_TestData.xlsx"".
2023-02-07 10:54:43.367 &amp#27;[32m INFO&amp#27;[m &amp#27;[35m[@503 - main]&amp#27;[m &amp#27;[36mcom.shaft.tools.io.ReportManager&amp#27;[m : Successfully created attachment "Test Data - Excel"
2023-02-07 10:54:43.367 &amp#27;[32m INFO&amp#27;[m &amp#27;[35m[@503 - main]&amp#27;[m &amp#27;[36mcom.shaft.tools.io.ReportManager&amp#27;[m : File Action "DoesFileExist" successfully performed. With the following test data "File Path: "SteeringCompanyAPI_TestData/SteeringCompanyAPI_TestData.xlsx"".
2023-02-07 10:54:43.416 &amp#27;[32m INFO&amp#27;[m &amp#27;[35m[@503 - main]&amp#27;[m &amp#27;[36mcom.shaft.tools.io.ReportManager&amp#27;[m : Successfully created attachment "Test Data - Excel"
2023-02-07 10:54:43.918 &amp#27;[32m INFO&amp#27;[m &amp#27;[35m[@503 - main]&amp#27;[m &amp#27;[36mcom.shaft.tools.io.ReportManager&amp#27;[m : Response status code: "401", status line: "HTTP/1.1 401 "
2023-02-07 10:54:43.923 &amp#27;[32m INFO&amp#27;[m &amp#27;[35m[@503 - main]&amp#27;[m &amp#27;[36mcom.shaft.tools.io.ReportManager&amp#27;[m : Successfully created attachment "API Request - Specifications"
2023-02-07 10:54:43.925 &amp#27;[32m INFO&amp#27;[m &amp#27;[35m[@503 - main]&amp#27;[m &amp#27;[36mcom.shaft.tools.io.ReportManager&amp#27;[m : Successfully created attachment "API Request - JSON Body"
2023-02-07 10:54:43.927 &amp#27;[32m INFO&amp#27;[m &amp#27;[35m[@503 - main]&amp#27;[m &amp#27;[36mcom.shaft.tools.io.ReportManager&amp#27;[m : Successfully created attachment "API Response - JSON Body"
2023-02-07 10:54:43.930 &amp#27;[32m INFO&amp#27;[m &amp#27;[35m[@503 - main]&amp#27;[m &amp#27;[36mcom.shaft.tools.io.ReportManager&amp#27;[m : Successfully created attachment "SHAFT Engine Logs - Current Method log: InValid_Add_Commissions_With_Invalid_Token_TC"
]]></system-out>
  </testcase>
  <testcase name="InValid_Add_Commissions_With_Invalid_Token_TC[[Ljava.lang.Object;@26ec9c1b](3)" classname="SteeringCompanyAPI_TestCases.Test_Commissions_Cases" time="0.666">
    <system-out><![CDATA[2023-02-07 10:54:43.938 &amp#27;[32m INFO&amp#27;[m &amp#27;[35m[@534 - main]&amp#27;[m &amp#27;[36mcom.shaft.tools.io.ReportManager&amp#27;[m : 
################################################################################################################################################
Starting Execution:	"13 out of 107" test cases in the current suite
Test Method:		"SteeringCompanyAPI_TestCases.Test_Commissions_Cases.InValid_Add_Commissions_With_Invalid_Token_TC"
Test Description:	"TC007 -Commission- Perform Add Commission With Invalid/Expired Token"
################################################################################################################################################
2023-02-07 10:54:43.939 &amp#27;[32m INFO&amp#27;[m &amp#27;[35m[@503 - main]&amp#27;[m &amp#27;[36mcom.shaft.tools.io.ReportManager&amp#27;[m : File Action "DoesFileExist" successfully performed. With the following test data "File Path: "SteeringCompanyAPI_TestData/SteeringCompanyAPI_TestData.xlsx"".
2023-02-07 10:54:44.008 &amp#27;[32m INFO&amp#27;[m &amp#27;[35m[@503 - main]&amp#27;[m &amp#27;[36mcom.shaft.tools.io.ReportManager&amp#27;[m : Successfully created attachment "Test Data - Excel"
2023-02-07 10:54:44.009 &amp#27;[32m INFO&amp#27;[m &amp#27;[35m[@503 - main]&amp#27;[m &amp#27;[36mcom.shaft.tools.io.ReportManager&amp#27;[m : File Action "DoesFileExist" successfully performed. With the following test data "File Path: "SteeringCompanyAPI_TestData/SteeringCompanyAPI_TestData.xlsx"".
2023-02-07 10:54:44.039 &amp#27;[32m INFO&amp#27;[m &amp#27;[35m[@503 - main]&amp#27;[m &amp#27;[36mcom.shaft.tools.io.ReportManager&amp#27;[m : Successfully created attachment "Test Data - Excel"
2023-02-07 10:54:44.040 &amp#27;[32m INFO&amp#27;[m &amp#27;[35m[@503 - main]&amp#27;[m &amp#27;[36mcom.shaft.tools.io.ReportManager&amp#27;[m : File Action "DoesFileExist" successfully performed. With the following test data "File Path: "SteeringCompanyAPI_TestData/SteeringCompanyAPI_TestData.xlsx"".
2023-02-07 10:54:44.083 &amp#27;[32m INFO&amp#27;[m &amp#27;[35m[@503 - main]&amp#27;[m &amp#27;[36mcom.shaft.tools.io.ReportManager&amp#27;[m : Successfully created attachment "Test Data - Excel"
2023-02-07 10:54:44.586 &amp#27;[32m INFO&amp#27;[m &amp#27;[35m[@503 - main]&amp#27;[m &amp#27;[36mcom.shaft.tools.io.ReportManager&amp#27;[m : Response status code: "401", status line: "HTTP/1.1 401 "
2023-02-07 10:54:44.589 &amp#27;[32m INFO&amp#27;[m &amp#27;[35m[@503 - main]&amp#27;[m &amp#27;[36mcom.shaft.tools.io.ReportManager&amp#27;[m : Successfully created attachment "API Request - Specifications"
2023-02-07 10:54:44.591 &amp#27;[32m INFO&amp#27;[m &amp#27;[35m[@503 - main]&amp#27;[m &amp#27;[36mcom.shaft.tools.io.ReportManager&amp#27;[m : Successfully created attachment "API Request - JSON Body"
2023-02-07 10:54:44.593 &amp#27;[32m INFO&amp#27;[m &amp#27;[35m[@503 - main]&amp#27;[m &amp#27;[36mcom.shaft.tools.io.ReportManager&amp#27;[m : Successfully created attachment "API Response - JSON Body"
2023-02-07 10:54:44.598 &amp#27;[32m INFO&amp#27;[m &amp#27;[35m[@503 - main]&amp#27;[m &amp#27;[36mcom.shaft.tools.io.ReportManager&amp#27;[m : Successfully created attachment "SHAFT Engine Logs - Current Method log: InValid_Add_Commissions_With_Invalid_Token_TC"
]]></system-out>
  </testcase>
  <testcase name="InValid_Add_Commissions_With_Missing_Token_TC[[Ljava.lang.Object;@7d028b1d](1)" classname="SteeringCompanyAPI_TestCases.Test_Commissions_Cases" time="0.701">
    <system-out><![CDATA[2023-02-07 10:54:44.608 &amp#27;[32m INFO&amp#27;[m &amp#27;[35m[@534 - main]&amp#27;[m &amp#27;[36mcom.shaft.tools.io.ReportManager&amp#27;[m : 
################################################################################################################################################
Starting Execution:	"14 out of 107" test cases in the current suite
Test Method:		"SteeringCompanyAPI_TestCases.Test_Commissions_Cases.InValid_Add_Commissions_With_Missing_Token_TC"
Test Description:	"TC006 -Commission- Perform Add Commission With Missing Token"
################################################################################################################################################
2023-02-07 10:54:44.609 &amp#27;[32m INFO&amp#27;[m &amp#27;[35m[@503 - main]&amp#27;[m &amp#27;[36mcom.shaft.tools.io.ReportManager&amp#27;[m : File Action "DoesFileExist" successfully performed. With the following test data "File Path: "SteeringCompanyAPI_TestData/SteeringCompanyAPI_TestData.xlsx"".
2023-02-07 10:54:44.668 &amp#27;[32m INFO&amp#27;[m &amp#27;[35m[@503 - main]&amp#27;[m &amp#27;[36mcom.shaft.tools.io.ReportManager&amp#27;[m : Successfully created attachment "Test Data - Excel"
2023-02-07 10:54:44.669 &amp#27;[32m INFO&amp#27;[m &amp#27;[35m[@503 - main]&amp#27;[m &amp#27;[36mcom.shaft.tools.io.ReportManager&amp#27;[m : File Action "DoesFileExist" successfully performed. With the following test data "File Path: "SteeringCompanyAPI_TestData/SteeringCompanyAPI_TestData.xlsx"".
2023-02-07 10:54:44.713 &amp#27;[32m INFO&amp#27;[m &amp#27;[35m[@503 - main]&amp#27;[m &amp#27;[36mcom.shaft.tools.io.ReportManager&amp#27;[m : Successfully created attachment "Test Data - Excel"
2023-02-07 10:54:44.714 &amp#27;[32m INFO&amp#27;[m &amp#27;[35m[@503 - main]&amp#27;[m &amp#27;[36mcom.shaft.tools.io.ReportManager&amp#27;[m : File Action "DoesFileExist" successfully performed. With the following test data "File Path: "SteeringCompanyAPI_TestData/SteeringCompanyAPI_TestData.xlsx"".
2023-02-07 10:54:44.754 &amp#27;[32m INFO&amp#27;[m &amp#27;[35m[@503 - main]&amp#27;[m &amp#27;[36mcom.shaft.tools.io.ReportManager&amp#27;[m : Successfully created attachment "Test Data - Excel"
2023-02-07 10:54:45.258 &amp#27;[32m INFO&amp#27;[m &amp#27;[35m[@503 - main]&amp#27;[m &amp#27;[36mcom.shaft.tools.io.ReportManager&amp#27;[m : Response status code: "401", status line: "HTTP/1.1 401 "
2023-02-07 10:54:45.283 &amp#27;[32m INFO&amp#27;[m &amp#27;[35m[@503 - main]&amp#27;[m &amp#27;[36mcom.shaft.tools.io.ReportManager&amp#27;[m : Successfully created attachment "API Request - Specifications"
2023-02-07 10:54:45.285 &amp#27;[32m INFO&amp#27;[m &amp#27;[35m[@503 - main]&amp#27;[m &amp#27;[36mcom.shaft.tools.io.ReportManager&amp#27;[m : Successfully created attachment "API Request - JSON Body"
2023-02-07 10:54:45.286 &amp#27;[32m INFO&amp#27;[m &amp#27;[35m[@503 - main]&amp#27;[m &amp#27;[36mcom.shaft.tools.io.ReportManager&amp#27;[m : Successfully created attachment "API Response - JSON Body"
2023-02-07 10:54:45.287 &amp#27;[32m INFO&amp#27;[m &amp#27;[35m[@503 - main]&amp#27;[m &amp#27;[36mcom.shaft.tools.io.ReportManager&amp#27;[m : File Action "DoesFileExist" successfully performed. With the following test data "File Path: "Schemas/InvalidTokenRequest_Unauthorized_schema.json"".
2023-02-07 10:54:45.288 &amp#27;[32m INFO&amp#27;[m &amp#27;[35m[@503 - main]&amp#27;[m &amp#27;[36mcom.shaft.tools.io.ReportManager&amp#27;[m : File Action "DoesFileExist" successfully performed. With the following test data "File Path: "src/test/resources/testDataFiles/Schemas/InvalidTokenRequest_Unauthorized_schema.json"".
2023-02-07 10:54:45.288 &amp#27;[32m INFO&amp#27;[m &amp#27;[35m[@503 - main]&amp#27;[m &amp#27;[36mcom.shaft.tools.io.ReportManager&amp#27;[m : File Action "GetAbsolutePath" successfully performed. With the following test data "Relative Folder Path: "src/test/resources/testDataFiles/Schemas/InvalidTokenRequest_Unauthorized_schema.json"".
2023-02-07 10:54:45.292 &amp#27;[32m INFO&amp#27;[m &amp#27;[35m[@503 - main]&amp#27;[m &amp#27;[36mcom.shaft.tools.io.ReportManager&amp#27;[m : File Action "DoesFileExist" successfully performed. With the following test data "File Path: "C:\eclipse-workspace\MyProjects\TASystemsAPIs\src\test\resources\testDataFiles\Schemas\InvalidTokenRequest_Unauthorized_schema.json"".
2023-02-07 10:54:45.293 &amp#27;[32m INFO&amp#27;[m &amp#27;[35m[@503 - main]&amp#27;[m &amp#27;[36mcom.shaft.tools.io.ReportManager&amp#27;[m : File Action "GetAbsolutePath" successfully performed. With the following test data "Relative Folder Path: "C:\eclipse-workspace\MyProjects\TASystemsAPIs\src\test\resources\testDataFiles\Schemas\InvalidTokenRequest_Unauthorized_schema.json"".
2023-02-07 10:54:45.294 &amp#27;[32m INFO&amp#27;[m &amp#27;[35m[@503 - main]&amp#27;[m &amp#27;[36mcom.shaft.tools.io.ReportManager&amp#27;[m : File Action "ReadFile" successfully performed. With the following test data "File Path: "C:\eclipse-workspace\MyProjects\TASystemsAPIs\src\test\resources\testDataFiles\Schemas\InvalidTokenRequest_Unauthorized_schema.json"".
2023-02-07 10:54:45.296 &amp#27;[32m INFO&amp#27;[m &amp#27;[35m[@503 - main]&amp#27;[m &amp#27;[36mcom.shaft.tools.io.ReportManager&amp#27;[m : Successfully created attachment "Validation Test Data - Expected JSON Value"
2023-02-07 10:54:45.299 &amp#27;[32m INFO&amp#27;[m &amp#27;[35m[@503 - main]&amp#27;[m &amp#27;[36mcom.shaft.tools.io.ReportManager&amp#27;[m : Successfully created attachment "Validation Test Data - Actual JSON Value"
2023-02-07 10:54:45.303 &amp#27;[32m INFO&amp#27;[m &amp#27;[35m[@503 - main]&amp#27;[m &amp#27;[36mcom.shaft.tools.io.ReportManager&amp#27;[m : Successfully created attachment "SHAFT Engine Logs - Current Method log: InValid_Add_Commissions_With_Missing_Token_TC"
]]></system-out>
  </testcase>
  <testcase name="InValid_Add_Commissions_With_Missing_Token_TC[[Ljava.lang.Object;@6b3fa2ef](2)" classname="SteeringCompanyAPI_TestCases.Test_Commissions_Cases" time="0.685">
    <system-out><![CDATA[2023-02-07 10:54:45.307 &amp#27;[32m INFO&amp#27;[m &amp#27;[35m[@534 - main]&amp#27;[m &amp#27;[36mcom.shaft.tools.io.ReportManager&amp#27;[m : 
################################################################################################################################################
Starting Execution:	"15 out of 107" test cases in the current suite
Test Method:		"SteeringCompanyAPI_TestCases.Test_Commissions_Cases.InValid_Add_Commissions_With_Missing_Token_TC"
Test Description:	"TC006 -Commission- Perform Add Commission With Missing Token"
################################################################################################################################################
2023-02-07 10:54:45.308 &amp#27;[32m INFO&amp#27;[m &amp#27;[35m[@503 - main]&amp#27;[m &amp#27;[36mcom.shaft.tools.io.ReportManager&amp#27;[m : File Action "DoesFileExist" successfully performed. With the following test data "File Path: "SteeringCompanyAPI_TestData/SteeringCompanyAPI_TestData.xlsx"".
2023-02-07 10:54:45.356 &amp#27;[32m INFO&amp#27;[m &amp#27;[35m[@503 - main]&amp#27;[m &amp#27;[36mcom.shaft.tools.io.ReportManager&amp#27;[m : Successfully created attachment "Test Data - Excel"
2023-02-07 10:54:45.356 &amp#27;[32m INFO&amp#27;[m &amp#27;[35m[@503 - main]&amp#27;[m &amp#27;[36mcom.shaft.tools.io.ReportManager&amp#27;[m : File Action "DoesFileExist" successfully performed. With the following test data "File Path: "SteeringCompanyAPI_TestData/SteeringCompanyAPI_TestData.xlsx"".
2023-02-07 10:54:45.389 &amp#27;[32m INFO&amp#27;[m &amp#27;[35m[@503 - main]&amp#27;[m &amp#27;[36mcom.shaft.tools.io.ReportManager&amp#27;[m : Successfully created attachment "Test Data - Excel"
2023-02-07 10:54:45.389 &amp#27;[32m INFO&amp#27;[m &amp#27;[35m[@503 - main]&amp#27;[m &amp#27;[36mcom.shaft.tools.io.ReportManager&amp#27;[m : File Action "DoesFileExist" successfully performed. With the following test data "File Path: "SteeringCompanyAPI_TestData/SteeringCompanyAPI_TestData.xlsx"".
2023-02-07 10:54:45.430 &amp#27;[32m INFO&amp#27;[m &amp#27;[35m[@503 - main]&amp#27;[m &amp#27;[36mcom.shaft.tools.io.ReportManager&amp#27;[m : Successfully created attachment "Test Data - Excel"
2023-02-07 10:54:45.931 &amp#27;[32m INFO&amp#27;[m &amp#27;[35m[@503 - main]&amp#27;[m &amp#27;[36mcom.shaft.tools.io.ReportManager&amp#27;[m : Response status code: "401", status line: "HTTP/1.1 401 "
2023-02-07 10:54:45.961 &amp#27;[32m INFO&amp#27;[m &amp#27;[35m[@503 - main]&amp#27;[m &amp#27;[36mcom.shaft.tools.io.ReportManager&amp#27;[m : Successfully created attachment "API Request - Specifications"
2023-02-07 10:54:45.963 &amp#27;[32m INFO&amp#27;[m &amp#27;[35m[@503 - main]&amp#27;[m &amp#27;[36mcom.shaft.tools.io.ReportManager&amp#27;[m : Successfully created attachment "API Request - JSON Body"
2023-02-07 10:54:45.965 &amp#27;[32m INFO&amp#27;[m &amp#27;[35m[@503 - main]&amp#27;[m &amp#27;[36mcom.shaft.tools.io.ReportManager&amp#27;[m : Successfully created attachment "API Response - JSON Body"
2023-02-07 10:54:45.968 &amp#27;[32m INFO&amp#27;[m &amp#27;[35m[@503 - main]&amp#27;[m &amp#27;[36mcom.shaft.tools.io.ReportManager&amp#27;[m : File Action "DoesFileExist" successfully performed. With the following test data "File Path: "Schemas/InvalidTokenRequest_Unauthorized_schema.json"".
2023-02-07 10:54:45.969 &amp#27;[32m INFO&amp#27;[m &amp#27;[35m[@503 - main]&amp#27;[m &amp#27;[36mcom.shaft.tools.io.ReportManager&amp#27;[m : File Action "DoesFileExist" successfully performed. With the following test data "File Path: "src/test/resources/testDataFiles/Schemas/InvalidTokenRequest_Unauthorized_schema.json"".
2023-02-07 10:54:45.970 &amp#27;[32m INFO&amp#27;[m &amp#27;[35m[@503 - main]&amp#27;[m &amp#27;[36mcom.shaft.tools.io.ReportManager&amp#27;[m : File Action "GetAbsolutePath" successfully performed. With the following test data "Relative Folder Path: "src/test/resources/testDataFiles/Schemas/InvalidTokenRequest_Unauthorized_schema.json"".
2023-02-07 10:54:45.978 &amp#27;[32m INFO&amp#27;[m &amp#27;[35m[@503 - main]&amp#27;[m &amp#27;[36mcom.shaft.tools.io.ReportManager&amp#27;[m : File Action "DoesFileExist" successfully performed. With the following test data "File Path: "C:\eclipse-workspace\MyProjects\TASystemsAPIs\src\test\resources\testDataFiles\Schemas\InvalidTokenRequest_Unauthorized_schema.json"".
2023-02-07 10:54:45.979 &amp#27;[32m INFO&amp#27;[m &amp#27;[35m[@503 - main]&amp#27;[m &amp#27;[36mcom.shaft.tools.io.ReportManager&amp#27;[m : File Action "GetAbsolutePath" successfully performed. With the following test data "Relative Folder Path: "C:\eclipse-workspace\MyProjects\TASystemsAPIs\src\test\resources\testDataFiles\Schemas\InvalidTokenRequest_Unauthorized_schema.json"".
2023-02-07 10:54:45.980 &amp#27;[32m INFO&amp#27;[m &amp#27;[35m[@503 - main]&amp#27;[m &amp#27;[36mcom.shaft.tools.io.ReportManager&amp#27;[m : File Action "ReadFile" successfully performed. With the following test data "File Path: "C:\eclipse-workspace\MyProjects\TASystemsAPIs\src\test\resources\testDataFiles\Schemas\InvalidTokenRequest_Unauthorized_schema.json"".
2023-02-07 10:54:45.984 &amp#27;[32m INFO&amp#27;[m &amp#27;[35m[@503 - main]&amp#27;[m &amp#27;[36mcom.shaft.tools.io.ReportManager&amp#27;[m : Successfully created attachment "Validation Test Data - Expected JSON Value"
2023-02-07 10:54:45.985 &amp#27;[32m INFO&amp#27;[m &amp#27;[35m[@503 - main]&amp#27;[m &amp#27;[36mcom.shaft.tools.io.ReportManager&amp#27;[m : Successfully created attachment "Validation Test Data - Actual JSON Value"
2023-02-07 10:54:45.987 &amp#27;[32m INFO&amp#27;[m &amp#27;[35m[@503 - main]&amp#27;[m &amp#27;[36mcom.shaft.tools.io.ReportManager&amp#27;[m : Successfully created attachment "SHAFT Engine Logs - Current Method log: InValid_Add_Commissions_With_Missing_Token_TC"
]]></system-out>
  </testcase>
  <testcase name="InValid_Add_Commissions_With_Missing_Token_TC[[Ljava.lang.Object;@57594b](3)" classname="SteeringCompanyAPI_TestCases.Test_Commissions_Cases" time="0.697">
    <system-out><![CDATA[2023-02-07 10:54:45.993 &amp#27;[32m INFO&amp#27;[m &amp#27;[35m[@534 - main]&amp#27;[m &amp#27;[36mcom.shaft.tools.io.ReportManager&amp#27;[m : 
################################################################################################################################################
Starting Execution:	"16 out of 107" test cases in the current suite
Test Method:		"SteeringCompanyAPI_TestCases.Test_Commissions_Cases.InValid_Add_Commissions_With_Missing_Token_TC"
Test Description:	"TC006 -Commission- Perform Add Commission With Missing Token"
################################################################################################################################################
2023-02-07 10:54:45.994 &amp#27;[32m INFO&amp#27;[m &amp#27;[35m[@503 - main]&amp#27;[m &amp#27;[36mcom.shaft.tools.io.ReportManager&amp#27;[m : File Action "DoesFileExist" successfully performed. With the following test data "File Path: "SteeringCompanyAPI_TestData/SteeringCompanyAPI_TestData.xlsx"".
2023-02-07 10:54:46.036 &amp#27;[32m INFO&amp#27;[m &amp#27;[35m[@503 - main]&amp#27;[m &amp#27;[36mcom.shaft.tools.io.ReportManager&amp#27;[m : Successfully created attachment "Test Data - Excel"
2023-02-07 10:54:46.037 &amp#27;[32m INFO&amp#27;[m &amp#27;[35m[@503 - main]&amp#27;[m &amp#27;[36mcom.shaft.tools.io.ReportManager&amp#27;[m : File Action "DoesFileExist" successfully performed. With the following test data "File Path: "SteeringCompanyAPI_TestData/SteeringCompanyAPI_TestData.xlsx"".
2023-02-07 10:54:46.076 &amp#27;[32m INFO&amp#27;[m &amp#27;[35m[@503 - main]&amp#27;[m &amp#27;[36mcom.shaft.tools.io.ReportManager&amp#27;[m : Successfully created attachment "Test Data - Excel"
2023-02-07 10:54:46.076 &amp#27;[32m INFO&amp#27;[m &amp#27;[35m[@503 - main]&amp#27;[m &amp#27;[36mcom.shaft.tools.io.ReportManager&amp#27;[m : File Action "DoesFileExist" successfully performed. With the following test data "File Path: "SteeringCompanyAPI_TestData/SteeringCompanyAPI_TestData.xlsx"".
2023-02-07 10:54:46.109 &amp#27;[32m INFO&amp#27;[m &amp#27;[35m[@503 - main]&amp#27;[m &amp#27;[36mcom.shaft.tools.io.ReportManager&amp#27;[m : Successfully created attachment "Test Data - Excel"
2023-02-07 10:54:46.606 &amp#27;[32m INFO&amp#27;[m &amp#27;[35m[@503 - main]&amp#27;[m &amp#27;[36mcom.shaft.tools.io.ReportManager&amp#27;[m : Response status code: "401", status line: "HTTP/1.1 401 "
2023-02-07 10:54:46.640 &amp#27;[32m INFO&amp#27;[m &amp#27;[35m[@503 - main]&amp#27;[m &amp#27;[36mcom.shaft.tools.io.ReportManager&amp#27;[m : Successfully created attachment "API Request - Specifications"
2023-02-07 10:54:46.646 &amp#27;[32m INFO&amp#27;[m &amp#27;[35m[@503 - main]&amp#27;[m &amp#27;[36mcom.shaft.tools.io.ReportManager&amp#27;[m : Successfully created attachment "API Request - JSON Body"
2023-02-07 10:54:46.649 &amp#27;[32m INFO&amp#27;[m &amp#27;[35m[@503 - main]&amp#27;[m &amp#27;[36mcom.shaft.tools.io.ReportManager&amp#27;[m : Successfully created attachment "API Response - JSON Body"
2023-02-07 10:54:46.654 &amp#27;[32m INFO&amp#27;[m &amp#27;[35m[@503 - main]&amp#27;[m &amp#27;[36mcom.shaft.tools.io.ReportManager&amp#27;[m : File Action "DoesFileExist" successfully performed. With the following test data "File Path: "Schemas/InvalidTokenRequest_Unauthorized_schema.json"".
2023-02-07 10:54:46.655 &amp#27;[32m INFO&amp#27;[m &amp#27;[35m[@503 - main]&amp#27;[m &amp#27;[36mcom.shaft.tools.io.ReportManager&amp#27;[m : File Action "DoesFileExist" successfully performed. With the following test data "File Path: "src/test/resources/testDataFiles/Schemas/InvalidTokenRequest_Unauthorized_schema.json"".
2023-02-07 10:54:46.655 &amp#27;[32m INFO&amp#27;[m &amp#27;[35m[@503 - main]&amp#27;[m &amp#27;[36mcom.shaft.tools.io.ReportManager&amp#27;[m : File Action "GetAbsolutePath" successfully performed. With the following test data "Relative Folder Path: "src/test/resources/testDataFiles/Schemas/InvalidTokenRequest_Unauthorized_schema.json"".
2023-02-07 10:54:46.663 &amp#27;[32m INFO&amp#27;[m &amp#27;[35m[@503 - main]&amp#27;[m &amp#27;[36mcom.shaft.tools.io.ReportManager&amp#27;[m : File Action "DoesFileExist" successfully performed. With the following test data "File Path: "C:\eclipse-workspace\MyProjects\TASystemsAPIs\src\test\resources\testDataFiles\Schemas\InvalidTokenRequest_Unauthorized_schema.json"".
2023-02-07 10:54:46.663 &amp#27;[32m INFO&amp#27;[m &amp#27;[35m[@503 - main]&amp#27;[m &amp#27;[36mcom.shaft.tools.io.ReportManager&amp#27;[m : File Action "GetAbsolutePath" successfully performed. With the following test data "Relative Folder Path: "C:\eclipse-workspace\MyProjects\TASystemsAPIs\src\test\resources\testDataFiles\Schemas\InvalidTokenRequest_Unauthorized_schema.json"".
2023-02-07 10:54:46.663 &amp#27;[32m INFO&amp#27;[m &amp#27;[35m[@503 - main]&amp#27;[m &amp#27;[36mcom.shaft.tools.io.ReportManager&amp#27;[m : File Action "ReadFile" successfully performed. With the following test data "File Path: "C:\eclipse-workspace\MyProjects\TASystemsAPIs\src\test\resources\testDataFiles\Schemas\InvalidTokenRequest_Unauthorized_schema.json"".
2023-02-07 10:54:46.667 &amp#27;[32m INFO&amp#27;[m &amp#27;[35m[@503 - main]&amp#27;[m &amp#27;[36mcom.shaft.tools.io.ReportManager&amp#27;[m : Successfully created attachment "Validation Test Data - Expected JSON Value"
2023-02-07 10:54:46.672 &amp#27;[32m INFO&amp#27;[m &amp#27;[35m[@503 - main]&amp#27;[m &amp#27;[36mcom.shaft.tools.io.ReportManager&amp#27;[m : Successfully created attachment "Validation Test Data - Actual JSON Value"
2023-02-07 10:54:46.673 &amp#27;[32m INFO&amp#27;[m &amp#27;[35m[@503 - main]&amp#27;[m &amp#27;[36mcom.shaft.tools.io.ReportManager&amp#27;[m : Successfully created attachment "SHAFT Engine Logs - Current Method log: InValid_Add_Commissions_With_Missing_Token_TC"
]]></system-out>
  </testcase>
  <testcase name="InValid_Get_Commissions_With_InValid_Token_TC[[Ljava.lang.Object;@3278324f](1)" classname="SteeringCompanyAPI_TestCases.Test_Commissions_Cases" time="0.684">
    <system-out><![CDATA[2023-02-07 10:54:46.693 &amp#27;[32m INFO&amp#27;[m &amp#27;[35m[@534 - main]&amp#27;[m &amp#27;[36mcom.shaft.tools.io.ReportManager&amp#27;[m : 
################################################################################################################################################
Starting Execution:	"17 out of 107" test cases in the current suite
Test Method:		"SteeringCompanyAPI_TestCases.Test_Commissions_Cases.InValid_Get_Commissions_With_InValid_Token_TC"
Test Description:	"TC010 -Commission- Perform Get Cancel Commission With InValid/Expired Token"
################################################################################################################################################
2023-02-07 10:54:46.697 &amp#27;[32m INFO&amp#27;[m &amp#27;[35m[@503 - main]&amp#27;[m &amp#27;[36mcom.shaft.tools.io.ReportManager&amp#27;[m : File Action "DoesFileExist" successfully performed. With the following test data "File Path: "SteeringCompanyAPI_TestData/SteeringCompanyAPI_TestData.xlsx"".
2023-02-07 10:54:46.768 &amp#27;[32m INFO&amp#27;[m &amp#27;[35m[@503 - main]&amp#27;[m &amp#27;[36mcom.shaft.tools.io.ReportManager&amp#27;[m : Successfully created attachment "Test Data - Excel"
2023-02-07 10:54:46.770 &amp#27;[32m INFO&amp#27;[m &amp#27;[35m[@503 - main]&amp#27;[m &amp#27;[36mcom.shaft.tools.io.ReportManager&amp#27;[m : File Action "DoesFileExist" successfully performed. With the following test data "File Path: "SteeringCompanyAPI_TestData/SteeringCompanyAPI_TestData.xlsx"".
2023-02-07 10:54:46.832 &amp#27;[32m INFO&amp#27;[m &amp#27;[35m[@503 - main]&amp#27;[m &amp#27;[36mcom.shaft.tools.io.ReportManager&amp#27;[m : Successfully created attachment "Test Data - Excel"
2023-02-07 10:54:46.832 &amp#27;[32m INFO&amp#27;[m &amp#27;[35m[@503 - main]&amp#27;[m &amp#27;[36mcom.shaft.tools.io.ReportManager&amp#27;[m : File Action "DoesFileExist" successfully performed. With the following test data "File Path: "SteeringCompanyAPI_TestData/SteeringCompanyAPI_TestData.xlsx"".
2023-02-07 10:54:46.861 &amp#27;[32m INFO&amp#27;[m &amp#27;[35m[@503 - main]&amp#27;[m &amp#27;[36mcom.shaft.tools.io.ReportManager&amp#27;[m : Successfully created attachment "Test Data - Excel"
2023-02-07 10:54:47.363 &amp#27;[32m INFO&amp#27;[m &amp#27;[35m[@503 - main]&amp#27;[m &amp#27;[36mcom.shaft.tools.io.ReportManager&amp#27;[m : Response status code: "401", status line: "HTTP/1.1 401 "
2023-02-07 10:54:47.367 &amp#27;[32m INFO&amp#27;[m &amp#27;[35m[@503 - main]&amp#27;[m &amp#27;[36mcom.shaft.tools.io.ReportManager&amp#27;[m : Successfully created attachment "API Request - Specifications"
2023-02-07 10:54:47.368 &amp#27;[32m INFO&amp#27;[m &amp#27;[35m[@503 - main]&amp#27;[m &amp#27;[36mcom.shaft.tools.io.ReportManager&amp#27;[m : Successfully created attachment "API Response - JSON Body"
2023-02-07 10:54:47.370 &amp#27;[32m INFO&amp#27;[m &amp#27;[35m[@503 - main]&amp#27;[m &amp#27;[36mcom.shaft.tools.io.ReportManager&amp#27;[m : Successfully created attachment "SHAFT Engine Logs - Current Method log: InValid_Get_Commissions_With_InValid_Token_TC"
]]></system-out>
  </testcase>
  <testcase name="InValid_Get_Commissions_With_InValid_Token_TC[[Ljava.lang.Object;@3775c3e3](2)" classname="SteeringCompanyAPI_TestCases.Test_Commissions_Cases" time="0.664">
    <system-out><![CDATA[2023-02-07 10:54:47.377 &amp#27;[32m INFO&amp#27;[m &amp#27;[35m[@534 - main]&amp#27;[m &amp#27;[36mcom.shaft.tools.io.ReportManager&amp#27;[m : 
################################################################################################################################################
Starting Execution:	"18 out of 107" test cases in the current suite
Test Method:		"SteeringCompanyAPI_TestCases.Test_Commissions_Cases.InValid_Get_Commissions_With_InValid_Token_TC"
Test Description:	"TC010 -Commission- Perform Get Cancel Commission With InValid/Expired Token"
################################################################################################################################################
2023-02-07 10:54:47.379 &amp#27;[32m INFO&amp#27;[m &amp#27;[35m[@503 - main]&amp#27;[m &amp#27;[36mcom.shaft.tools.io.ReportManager&amp#27;[m : File Action "DoesFileExist" successfully performed. With the following test data "File Path: "SteeringCompanyAPI_TestData/SteeringCompanyAPI_TestData.xlsx"".
2023-02-07 10:54:47.448 &amp#27;[32m INFO&amp#27;[m &amp#27;[35m[@503 - main]&amp#27;[m &amp#27;[36mcom.shaft.tools.io.ReportManager&amp#27;[m : Successfully created attachment "Test Data - Excel"
2023-02-07 10:54:47.449 &amp#27;[32m INFO&amp#27;[m &amp#27;[35m[@503 - main]&amp#27;[m &amp#27;[36mcom.shaft.tools.io.ReportManager&amp#27;[m : File Action "DoesFileExist" successfully performed. With the following test data "File Path: "SteeringCompanyAPI_TestData/SteeringCompanyAPI_TestData.xlsx"".
2023-02-07 10:54:47.502 &amp#27;[32m INFO&amp#27;[m &amp#27;[35m[@503 - main]&amp#27;[m &amp#27;[36mcom.shaft.tools.io.ReportManager&amp#27;[m : Successfully created attachment "Test Data - Excel"
2023-02-07 10:54:47.503 &amp#27;[32m INFO&amp#27;[m &amp#27;[35m[@503 - main]&amp#27;[m &amp#27;[36mcom.shaft.tools.io.ReportManager&amp#27;[m : File Action "DoesFileExist" successfully performed. With the following test data "File Path: "SteeringCompanyAPI_TestData/SteeringCompanyAPI_TestData.xlsx"".
2023-02-07 10:54:47.546 &amp#27;[32m INFO&amp#27;[m &amp#27;[35m[@503 - main]&amp#27;[m &amp#27;[36mcom.shaft.tools.io.ReportManager&amp#27;[m : Successfully created attachment "Test Data - Excel"
2023-02-07 10:54:48.027 &amp#27;[32m INFO&amp#27;[m &amp#27;[35m[@503 - main]&amp#27;[m &amp#27;[36mcom.shaft.tools.io.ReportManager&amp#27;[m : Response status code: "401", status line: "HTTP/1.1 401 "
2023-02-07 10:54:48.030 &amp#27;[32m INFO&amp#27;[m &amp#27;[35m[@503 - main]&amp#27;[m &amp#27;[36mcom.shaft.tools.io.ReportManager&amp#27;[m : Successfully created attachment "API Request - Specifications"
2023-02-07 10:54:48.032 &amp#27;[32m INFO&amp#27;[m &amp#27;[35m[@503 - main]&amp#27;[m &amp#27;[36mcom.shaft.tools.io.ReportManager&amp#27;[m : Successfully created attachment "API Response - JSON Body"
2023-02-07 10:54:48.036 &amp#27;[32m INFO&amp#27;[m &amp#27;[35m[@503 - main]&amp#27;[m &amp#27;[36mcom.shaft.tools.io.ReportManager&amp#27;[m : Successfully created attachment "SHAFT Engine Logs - Current Method log: InValid_Get_Commissions_With_InValid_Token_TC"
]]></system-out>
  </testcase>
  <testcase name="InValid_Get_Commissions_With_Missing_Token_TC[[Ljava.lang.Object;@1ba4c55c](1)" classname="SteeringCompanyAPI_TestCases.Test_Commissions_Cases" time="0.679">
    <system-out><![CDATA[2023-02-07 10:54:48.043 &amp#27;[32m INFO&amp#27;[m &amp#27;[35m[@534 - main]&amp#27;[m &amp#27;[36mcom.shaft.tools.io.ReportManager&amp#27;[m : 
################################################################################################################################################
Starting Execution:	"19 out of 107" test cases in the current suite
Test Method:		"SteeringCompanyAPI_TestCases.Test_Commissions_Cases.InValid_Get_Commissions_With_Missing_Token_TC"
Test Description:	"TC009 -Commission- Perform Get Commission With Missing Token"
################################################################################################################################################
2023-02-07 10:54:48.044 &amp#27;[32m INFO&amp#27;[m &amp#27;[35m[@503 - main]&amp#27;[m &amp#27;[36mcom.shaft.tools.io.ReportManager&amp#27;[m : File Action "DoesFileExist" successfully performed. With the following test data "File Path: "SteeringCompanyAPI_TestData/SteeringCompanyAPI_TestData.xlsx"".
2023-02-07 10:54:48.088 &amp#27;[32m INFO&amp#27;[m &amp#27;[35m[@503 - main]&amp#27;[m &amp#27;[36mcom.shaft.tools.io.ReportManager&amp#27;[m : Successfully created attachment "Test Data - Excel"
2023-02-07 10:54:48.088 &amp#27;[32m INFO&amp#27;[m &amp#27;[35m[@503 - main]&amp#27;[m &amp#27;[36mcom.shaft.tools.io.ReportManager&amp#27;[m : File Action "DoesFileExist" successfully performed. With the following test data "File Path: "SteeringCompanyAPI_TestData/SteeringCompanyAPI_TestData.xlsx"".
2023-02-07 10:54:48.122 &amp#27;[32m INFO&amp#27;[m &amp#27;[35m[@503 - main]&amp#27;[m &amp#27;[36mcom.shaft.tools.io.ReportManager&amp#27;[m : Successfully created attachment "Test Data - Excel"
2023-02-07 10:54:48.123 &amp#27;[32m INFO&amp#27;[m &amp#27;[35m[@503 - main]&amp#27;[m &amp#27;[36mcom.shaft.tools.io.ReportManager&amp#27;[m : File Action "DoesFileExist" successfully performed. With the following test data "File Path: "SteeringCompanyAPI_TestData/SteeringCompanyAPI_TestData.xlsx"".
2023-02-07 10:54:48.153 &amp#27;[32m INFO&amp#27;[m &amp#27;[35m[@503 - main]&amp#27;[m &amp#27;[36mcom.shaft.tools.io.ReportManager&amp#27;[m : Successfully created attachment "Test Data - Excel"
2023-02-07 10:54:48.648 &amp#27;[32m INFO&amp#27;[m &amp#27;[35m[@503 - main]&amp#27;[m &amp#27;[36mcom.shaft.tools.io.ReportManager&amp#27;[m : Response status code: "401", status line: "HTTP/1.1 401 "
2023-02-07 10:54:48.697 &amp#27;[32m INFO&amp#27;[m &amp#27;[35m[@503 - main]&amp#27;[m &amp#27;[36mcom.shaft.tools.io.ReportManager&amp#27;[m : Successfully created attachment "API Request - Specifications"
2023-02-07 10:54:48.699 &amp#27;[32m INFO&amp#27;[m &amp#27;[35m[@503 - main]&amp#27;[m &amp#27;[36mcom.shaft.tools.io.ReportManager&amp#27;[m : Successfully created attachment "API Response - JSON Body"
2023-02-07 10:54:48.701 &amp#27;[32m INFO&amp#27;[m &amp#27;[35m[@503 - main]&amp#27;[m &amp#27;[36mcom.shaft.tools.io.ReportManager&amp#27;[m : File Action "DoesFileExist" successfully performed. With the following test data "File Path: "Schemas/InvalidTokenRequest_Unauthorized_schema.json"".
2023-02-07 10:54:48.701 &amp#27;[32m INFO&amp#27;[m &amp#27;[35m[@503 - main]&amp#27;[m &amp#27;[36mcom.shaft.tools.io.ReportManager&amp#27;[m : File Action "DoesFileExist" successfully performed. With the following test data "File Path: "src/test/resources/testDataFiles/Schemas/InvalidTokenRequest_Unauthorized_schema.json"".
2023-02-07 10:54:48.701 &amp#27;[32m INFO&amp#27;[m &amp#27;[35m[@503 - main]&amp#27;[m &amp#27;[36mcom.shaft.tools.io.ReportManager&amp#27;[m : File Action "GetAbsolutePath" successfully performed. With the following test data "Relative Folder Path: "src/test/resources/testDataFiles/Schemas/InvalidTokenRequest_Unauthorized_schema.json"".
2023-02-07 10:54:48.714 &amp#27;[32m INFO&amp#27;[m &amp#27;[35m[@503 - main]&amp#27;[m &amp#27;[36mcom.shaft.tools.io.ReportManager&amp#27;[m : File Action "DoesFileExist" successfully performed. With the following test data "File Path: "C:\eclipse-workspace\MyProjects\TASystemsAPIs\src\test\resources\testDataFiles\Schemas\InvalidTokenRequest_Unauthorized_schema.json"".
2023-02-07 10:54:48.715 &amp#27;[32m INFO&amp#27;[m &amp#27;[35m[@503 - main]&amp#27;[m &amp#27;[36mcom.shaft.tools.io.ReportManager&amp#27;[m : File Action "GetAbsolutePath" successfully performed. With the following test data "Relative Folder Path: "C:\eclipse-workspace\MyProjects\TASystemsAPIs\src\test\resources\testDataFiles\Schemas\InvalidTokenRequest_Unauthorized_schema.json"".
2023-02-07 10:54:48.715 &amp#27;[32m INFO&amp#27;[m &amp#27;[35m[@503 - main]&amp#27;[m &amp#27;[36mcom.shaft.tools.io.ReportManager&amp#27;[m : File Action "ReadFile" successfully performed. With the following test data "File Path: "C:\eclipse-workspace\MyProjects\TASystemsAPIs\src\test\resources\testDataFiles\Schemas\InvalidTokenRequest_Unauthorized_schema.json"".
2023-02-07 10:54:48.718 &amp#27;[32m INFO&amp#27;[m &amp#27;[35m[@503 - main]&amp#27;[m &amp#27;[36mcom.shaft.tools.io.ReportManager&amp#27;[m : Successfully created attachment "Validation Test Data - Expected JSON Value"
2023-02-07 10:54:48.718 &amp#27;[32m INFO&amp#27;[m &amp#27;[35m[@503 - main]&amp#27;[m &amp#27;[36mcom.shaft.tools.io.ReportManager&amp#27;[m : Successfully created attachment "Validation Test Data - Actual JSON Value"
2023-02-07 10:54:48.720 &amp#27;[32m INFO&amp#27;[m &amp#27;[35m[@503 - main]&amp#27;[m &amp#27;[36mcom.shaft.tools.io.ReportManager&amp#27;[m : Successfully created attachment "SHAFT Engine Logs - Current Method log: InValid_Get_Commissions_With_Missing_Token_TC"
]]></system-out>
  </testcase>
  <testcase name="InValid_Get_Commissions_With_Missing_Token_TC[[Ljava.lang.Object;@607229c7](2)" classname="SteeringCompanyAPI_TestCases.Test_Commissions_Cases" time="0.835">
    <system-out><![CDATA[2023-02-07 10:54:48.724 &amp#27;[32m INFO&amp#27;[m &amp#27;[35m[@534 - main]&amp#27;[m &amp#27;[36mcom.shaft.tools.io.ReportManager&amp#27;[m : 
################################################################################################################################################
Starting Execution:	"20 out of 107" test cases in the current suite
Test Method:		"SteeringCompanyAPI_TestCases.Test_Commissions_Cases.InValid_Get_Commissions_With_Missing_Token_TC"
Test Description:	"TC009 -Commission- Perform Get Commission With Missing Token"
################################################################################################################################################
2023-02-07 10:54:48.725 &amp#27;[32m INFO&amp#27;[m &amp#27;[35m[@503 - main]&amp#27;[m &amp#27;[36mcom.shaft.tools.io.ReportManager&amp#27;[m : File Action "DoesFileExist" successfully performed. With the following test data "File Path: "SteeringCompanyAPI_TestData/SteeringCompanyAPI_TestData.xlsx"".
2023-02-07 10:54:48.802 &amp#27;[32m INFO&amp#27;[m &amp#27;[35m[@503 - main]&amp#27;[m &amp#27;[36mcom.shaft.tools.io.ReportManager&amp#27;[m : Successfully created attachment "Test Data - Excel"
2023-02-07 10:54:48.802 &amp#27;[32m INFO&amp#27;[m &amp#27;[35m[@503 - main]&amp#27;[m &amp#27;[36mcom.shaft.tools.io.ReportManager&amp#27;[m : File Action "DoesFileExist" successfully performed. With the following test data "File Path: "SteeringCompanyAPI_TestData/SteeringCompanyAPI_TestData.xlsx"".
2023-02-07 10:54:48.886 &amp#27;[32m INFO&amp#27;[m &amp#27;[35m[@503 - main]&amp#27;[m &amp#27;[36mcom.shaft.tools.io.ReportManager&amp#27;[m : Successfully created attachment "Test Data - Excel"
2023-02-07 10:54:48.887 &amp#27;[32m INFO&amp#27;[m &amp#27;[35m[@503 - main]&amp#27;[m &amp#27;[36mcom.shaft.tools.io.ReportManager&amp#27;[m : File Action "DoesFileExist" successfully performed. With the following test data "File Path: "SteeringCompanyAPI_TestData/SteeringCompanyAPI_TestData.xlsx"".
2023-02-07 10:54:48.972 &amp#27;[32m INFO&amp#27;[m &amp#27;[35m[@503 - main]&amp#27;[m &amp#27;[36mcom.shaft.tools.io.ReportManager&amp#27;[m : Successfully created attachment "Test Data - Excel"
2023-02-07 10:54:49.499 &amp#27;[32m INFO&amp#27;[m &amp#27;[35m[@503 - main]&amp#27;[m &amp#27;[36mcom.shaft.tools.io.ReportManager&amp#27;[m : Response status code: "401", status line: "HTTP/1.1 401 "
2023-02-07 10:54:49.529 &amp#27;[32m INFO&amp#27;[m &amp#27;[35m[@503 - main]&amp#27;[m &amp#27;[36mcom.shaft.tools.io.ReportManager&amp#27;[m : Successfully created attachment "API Request - Specifications"
2023-02-07 10:54:49.531 &amp#27;[32m INFO&amp#27;[m &amp#27;[35m[@503 - main]&amp#27;[m &amp#27;[36mcom.shaft.tools.io.ReportManager&amp#27;[m : Successfully created attachment "API Response - JSON Body"
2023-02-07 10:54:49.534 &amp#27;[32m INFO&amp#27;[m &amp#27;[35m[@503 - main]&amp#27;[m &amp#27;[36mcom.shaft.tools.io.ReportManager&amp#27;[m : File Action "DoesFileExist" successfully performed. With the following test data "File Path: "Schemas/InvalidTokenRequest_Unauthorized_schema.json"".
2023-02-07 10:54:49.534 &amp#27;[32m INFO&amp#27;[m &amp#27;[35m[@503 - main]&amp#27;[m &amp#27;[36mcom.shaft.tools.io.ReportManager&amp#27;[m : File Action "DoesFileExist" successfully performed. With the following test data "File Path: "src/test/resources/testDataFiles/Schemas/InvalidTokenRequest_Unauthorized_schema.json"".
2023-02-07 10:54:49.535 &amp#27;[32m INFO&amp#27;[m &amp#27;[35m[@503 - main]&amp#27;[m &amp#27;[36mcom.shaft.tools.io.ReportManager&amp#27;[m : File Action "GetAbsolutePath" successfully performed. With the following test data "Relative Folder Path: "src/test/resources/testDataFiles/Schemas/InvalidTokenRequest_Unauthorized_schema.json"".
2023-02-07 10:54:49.543 &amp#27;[32m INFO&amp#27;[m &amp#27;[35m[@503 - main]&amp#27;[m &amp#27;[36mcom.shaft.tools.io.ReportManager&amp#27;[m : File Action "DoesFileExist" successfully performed. With the following test data "File Path: "C:\eclipse-workspace\MyProjects\TASystemsAPIs\src\test\resources\testDataFiles\Schemas\InvalidTokenRequest_Unauthorized_schema.json"".
2023-02-07 10:54:49.543 &amp#27;[32m INFO&amp#27;[m &amp#27;[35m[@503 - main]&amp#27;[m &amp#27;[36mcom.shaft.tools.io.ReportManager&amp#27;[m : File Action "GetAbsolutePath" successfully performed. With the following test data "Relative Folder Path: "C:\eclipse-workspace\MyProjects\TASystemsAPIs\src\test\resources\testDataFiles\Schemas\InvalidTokenRequest_Unauthorized_schema.json"".
2023-02-07 10:54:49.544 &amp#27;[32m INFO&amp#27;[m &amp#27;[35m[@503 - main]&amp#27;[m &amp#27;[36mcom.shaft.tools.io.ReportManager&amp#27;[m : File Action "ReadFile" successfully performed. With the following test data "File Path: "C:\eclipse-workspace\MyProjects\TASystemsAPIs\src\test\resources\testDataFiles\Schemas\InvalidTokenRequest_Unauthorized_schema.json"".
2023-02-07 10:54:49.549 &amp#27;[32m INFO&amp#27;[m &amp#27;[35m[@503 - main]&amp#27;[m &amp#27;[36mcom.shaft.tools.io.ReportManager&amp#27;[m : Successfully created attachment "Validation Test Data - Expected JSON Value"
2023-02-07 10:54:49.550 &amp#27;[32m INFO&amp#27;[m &amp#27;[35m[@503 - main]&amp#27;[m &amp#27;[36mcom.shaft.tools.io.ReportManager&amp#27;[m : Successfully created attachment "Validation Test Data - Actual JSON Value"
2023-02-07 10:54:49.551 &amp#27;[32m INFO&amp#27;[m &amp#27;[35m[@503 - main]&amp#27;[m &amp#27;[36mcom.shaft.tools.io.ReportManager&amp#27;[m : Successfully created attachment "SHAFT Engine Logs - Current Method log: InValid_Get_Commissions_With_Missing_Token_TC"
]]></system-out>
  </testcase>
  <testcase name="Invalid_GET_all_Commissions_with_invalid_Token_TC" classname="SteeringCompanyAPI_TestCases.Test_Commissions_Cases" time="2.017">
    <system-out><![CDATA[2023-02-07 10:54:49.557 &amp#27;[32m INFO&amp#27;[m &amp#27;[35m[@534 - main]&amp#27;[m &amp#27;[36mcom.shaft.tools.io.ReportManager&amp#27;[m : 
################################################################################################################################################
Starting Execution:	"21 out of 107" test cases in the current suite
Test Method:		"SteeringCompanyAPI_TestCases.Test_Commissions_Cases.Invalid_GET_all_Commissions_with_invalid_Token_TC"
Test Description:	"TC004 -Commission- Perform Get all Commissions API with invalid or expired Token"
################################################################################################################################################
2023-02-07 10:54:49.558 &amp#27;[32m INFO&amp#27;[m &amp#27;[35m[@503 - main]&amp#27;[m &amp#27;[36mcom.shaft.tools.io.ReportManager&amp#27;[m : File Action "DoesFileExist" successfully performed. With the following test data "File Path: "SteeringCompanyAPI_TestData/SteeringCompanyAPI_TestData.xlsx"".
2023-02-07 10:54:49.605 &amp#27;[32m INFO&amp#27;[m &amp#27;[35m[@503 - main]&amp#27;[m &amp#27;[36mcom.shaft.tools.io.ReportManager&amp#27;[m : Successfully created attachment "Test Data - Excel"
2023-02-07 10:54:50.251 &amp#27;[32m INFO&amp#27;[m &amp#27;[35m[@503 - main]&amp#27;[m &amp#27;[36mcom.shaft.tools.io.ReportManager&amp#27;[m : Response status code: "200", status line: "HTTP/1.1 200 OK"
2023-02-07 10:54:50.271 &amp#27;[32m INFO&amp#27;[m &amp#27;[35m[@503 - main]&amp#27;[m &amp#27;[36mcom.shaft.tools.io.ReportManager&amp#27;[m : Successfully created attachment "API Request - Specifications"
2023-02-07 10:54:50.271 &amp#27;[32m INFO&amp#27;[m &amp#27;[35m[@503 - main]&amp#27;[m &amp#27;[36mcom.shaft.tools.io.ReportManager&amp#27;[m : Successfully created attachment "API Request - Body"
2023-02-07 10:54:50.273 &amp#27;[32m INFO&amp#27;[m &amp#27;[35m[@503 - main]&amp#27;[m &amp#27;[36mcom.shaft.tools.io.ReportManager&amp#27;[m : Successfully created attachment "API Response - JSON Body"
2023-02-07 10:54:50.274 &amp#27;[32m INFO&amp#27;[m &amp#27;[35m[@503 - main]&amp#27;[m &amp#27;[36mcom.shaft.tools.io.ReportManager&amp#27;[m : File Action "DoesFileExist" successfully performed. With the following test data "File Path: "SteeringCompanyAPI_TestData/SteeringCompanyAPI_TestData.xlsx"".
2023-02-07 10:54:50.324 &amp#27;[32m INFO&amp#27;[m &amp#27;[35m[@503 - main]&amp#27;[m &amp#27;[36mcom.shaft.tools.io.ReportManager&amp#27;[m : Successfully created attachment "Test Data - Excel"
2023-02-07 10:54:50.325 &amp#27;[32m INFO&amp#27;[m &amp#27;[35m[@503 - main]&amp#27;[m &amp#27;[36mcom.shaft.tools.io.ReportManager&amp#27;[m : File Action "DoesFileExist" successfully performed. With the following test data "File Path: "SteeringCompanyAPI_TestData/SteeringCompanyAPI_TestData.xlsx"".
2023-02-07 10:54:50.363 &amp#27;[32m INFO&amp#27;[m &amp#27;[35m[@503 - main]&amp#27;[m &amp#27;[36mcom.shaft.tools.io.ReportManager&amp#27;[m : Successfully created attachment "Test Data - Excel"
2023-02-07 10:54:50.364 &amp#27;[32m INFO&amp#27;[m &amp#27;[35m[@503 - main]&amp#27;[m &amp#27;[36mcom.shaft.tools.io.ReportManager&amp#27;[m : File Action "DoesFileExist" successfully performed. With the following test data "File Path: "SteeringCompanyAPI_TestData/SteeringCompanyAPI_TestData.xlsx"".
2023-02-07 10:54:50.389 &amp#27;[32m INFO&amp#27;[m &amp#27;[35m[@503 - main]&amp#27;[m &amp#27;[36mcom.shaft.tools.io.ReportManager&amp#27;[m : Successfully created attachment "Test Data - Excel"
2023-02-07 10:54:51.562 &amp#27;[32m INFO&amp#27;[m &amp#27;[35m[@503 - main]&amp#27;[m &amp#27;[36mcom.shaft.tools.io.ReportManager&amp#27;[m : Response status code: "401", status line: "HTTP/1.1 401 "
2023-02-07 10:54:51.565 &amp#27;[32m INFO&amp#27;[m &amp#27;[35m[@503 - main]&amp#27;[m &amp#27;[36mcom.shaft.tools.io.ReportManager&amp#27;[m : Successfully created attachment "API Request - Specifications"
2023-02-07 10:54:51.567 &amp#27;[32m INFO&amp#27;[m &amp#27;[35m[@503 - main]&amp#27;[m &amp#27;[36mcom.shaft.tools.io.ReportManager&amp#27;[m : Successfully created attachment "API Response - JSON Body"
2023-02-07 10:54:51.570 &amp#27;[32m INFO&amp#27;[m &amp#27;[35m[@503 - main]&amp#27;[m &amp#27;[36mcom.shaft.tools.io.ReportManager&amp#27;[m : Successfully created attachment "SHAFT Engine Logs - Current Method log: Invalid_GET_all_Commissions_with_invalid_Token_TC"
]]></system-out>
  </testcase>
  <testcase name="Invalid_GET_all_Commissions_with_missing_Token_TC" classname="SteeringCompanyAPI_TestCases.Test_Commissions_Cases" time="1.501">
    <system-out><![CDATA[2023-02-07 10:54:51.575 &amp#27;[32m INFO&amp#27;[m &amp#27;[35m[@534 - main]&amp#27;[m &amp#27;[36mcom.shaft.tools.io.ReportManager&amp#27;[m : 
################################################################################################################################################
Starting Execution:	"22 out of 107" test cases in the current suite
Test Method:		"SteeringCompanyAPI_TestCases.Test_Commissions_Cases.Invalid_GET_all_Commissions_with_missing_Token_TC"
Test Description:	"TC003  -Commission- Perform Get all Commissions API with missing Token"
################################################################################################################################################
2023-02-07 10:54:51.576 &amp#27;[32m INFO&amp#27;[m &amp#27;[35m[@503 - main]&amp#27;[m &amp#27;[36mcom.shaft.tools.io.ReportManager&amp#27;[m : File Action "DoesFileExist" successfully performed. With the following test data "File Path: "SteeringCompanyAPI_TestData/SteeringCompanyAPI_TestData.xlsx"".
2023-02-07 10:54:51.624 &amp#27;[32m INFO&amp#27;[m &amp#27;[35m[@503 - main]&amp#27;[m &amp#27;[36mcom.shaft.tools.io.ReportManager&amp#27;[m : Successfully created attachment "Test Data - Excel"
2023-02-07 10:54:52.235 &amp#27;[32m INFO&amp#27;[m &amp#27;[35m[@503 - main]&amp#27;[m &amp#27;[36mcom.shaft.tools.io.ReportManager&amp#27;[m : Response status code: "200", status line: "HTTP/1.1 200 OK"
2023-02-07 10:54:52.264 &amp#27;[32m INFO&amp#27;[m &amp#27;[35m[@503 - main]&amp#27;[m &amp#27;[36mcom.shaft.tools.io.ReportManager&amp#27;[m : Successfully created attachment "API Request - Specifications"
2023-02-07 10:54:52.266 &amp#27;[32m INFO&amp#27;[m &amp#27;[35m[@503 - main]&amp#27;[m &amp#27;[36mcom.shaft.tools.io.ReportManager&amp#27;[m : Successfully created attachment "API Request - Body"
2023-02-07 10:54:52.268 &amp#27;[32m INFO&amp#27;[m &amp#27;[35m[@503 - main]&amp#27;[m &amp#27;[36mcom.shaft.tools.io.ReportManager&amp#27;[m : Successfully created attachment "API Response - JSON Body"
2023-02-07 10:54:52.269 &amp#27;[32m INFO&amp#27;[m &amp#27;[35m[@503 - main]&amp#27;[m &amp#27;[36mcom.shaft.tools.io.ReportManager&amp#27;[m : File Action "DoesFileExist" successfully performed. With the following test data "File Path: "SteeringCompanyAPI_TestData/SteeringCompanyAPI_TestData.xlsx"".
2023-02-07 10:54:52.326 &amp#27;[32m INFO&amp#27;[m &amp#27;[35m[@503 - main]&amp#27;[m &amp#27;[36mcom.shaft.tools.io.ReportManager&amp#27;[m : Successfully created attachment "Test Data - Excel"
2023-02-07 10:54:52.326 &amp#27;[32m INFO&amp#27;[m &amp#27;[35m[@503 - main]&amp#27;[m &amp#27;[36mcom.shaft.tools.io.ReportManager&amp#27;[m : File Action "DoesFileExist" successfully performed. With the following test data "File Path: "SteeringCompanyAPI_TestData/SteeringCompanyAPI_TestData.xlsx"".
2023-02-07 10:54:52.396 &amp#27;[32m INFO&amp#27;[m &amp#27;[35m[@503 - main]&amp#27;[m &amp#27;[36mcom.shaft.tools.io.ReportManager&amp#27;[m : Successfully created attachment "Test Data - Excel"
2023-02-07 10:54:52.397 &amp#27;[32m INFO&amp#27;[m &amp#27;[35m[@503 - main]&amp#27;[m &amp#27;[36mcom.shaft.tools.io.ReportManager&amp#27;[m : File Action "DoesFileExist" successfully performed. With the following test data "File Path: "SteeringCompanyAPI_TestData/SteeringCompanyAPI_TestData.xlsx"".
2023-02-07 10:54:52.462 &amp#27;[32m INFO&amp#27;[m &amp#27;[35m[@503 - main]&amp#27;[m &amp#27;[36mcom.shaft.tools.io.ReportManager&amp#27;[m : Successfully created attachment "Test Data - Excel"
2023-02-07 10:54:52.963 &amp#27;[32m INFO&amp#27;[m &amp#27;[35m[@503 - main]&amp#27;[m &amp#27;[36mcom.shaft.tools.io.ReportManager&amp#27;[m : Response status code: "401", status line: "HTTP/1.1 401 "
2023-02-07 10:54:53.029 &amp#27;[32m INFO&amp#27;[m &amp#27;[35m[@503 - main]&amp#27;[m &amp#27;[36mcom.shaft.tools.io.ReportManager&amp#27;[m : Successfully created attachment "API Request - Specifications"
2023-02-07 10:54:53.031 &amp#27;[32m INFO&amp#27;[m &amp#27;[35m[@503 - main]&amp#27;[m &amp#27;[36mcom.shaft.tools.io.ReportManager&amp#27;[m : Successfully created attachment "API Response - JSON Body"
2023-02-07 10:54:53.032 &amp#27;[32m INFO&amp#27;[m &amp#27;[35m[@503 - main]&amp#27;[m &amp#27;[36mcom.shaft.tools.io.ReportManager&amp#27;[m : File Action "DoesFileExist" successfully performed. With the following test data "File Path: "Schemas/InvalidTokenRequest_Unauthorized_schema.json"".
2023-02-07 10:54:53.033 &amp#27;[32m INFO&amp#27;[m &amp#27;[35m[@503 - main]&amp#27;[m &amp#27;[36mcom.shaft.tools.io.ReportManager&amp#27;[m : File Action "DoesFileExist" successfully performed. With the following test data "File Path: "src/test/resources/testDataFiles/Schemas/InvalidTokenRequest_Unauthorized_schema.json"".
2023-02-07 10:54:53.033 &amp#27;[32m INFO&amp#27;[m &amp#27;[35m[@503 - main]&amp#27;[m &amp#27;[36mcom.shaft.tools.io.ReportManager&amp#27;[m : File Action "GetAbsolutePath" successfully performed. With the following test data "Relative Folder Path: "src/test/resources/testDataFiles/Schemas/InvalidTokenRequest_Unauthorized_schema.json"".
2023-02-07 10:54:53.044 &amp#27;[32m INFO&amp#27;[m &amp#27;[35m[@503 - main]&amp#27;[m &amp#27;[36mcom.shaft.tools.io.ReportManager&amp#27;[m : File Action "DoesFileExist" successfully performed. With the following test data "File Path: "C:\eclipse-workspace\MyProjects\TASystemsAPIs\src\test\resources\testDataFiles\Schemas\InvalidTokenRequest_Unauthorized_schema.json"".
2023-02-07 10:54:53.062 &amp#27;[32m INFO&amp#27;[m &amp#27;[35m[@503 - main]&amp#27;[m &amp#27;[36mcom.shaft.tools.io.ReportManager&amp#27;[m : File Action "GetAbsolutePath" successfully performed. With the following test data "Relative Folder Path: "C:\eclipse-workspace\MyProjects\TASystemsAPIs\src\test\resources\testDataFiles\Schemas\InvalidTokenRequest_Unauthorized_schema.json"".
2023-02-07 10:54:53.063 &amp#27;[32m INFO&amp#27;[m &amp#27;[35m[@503 - main]&amp#27;[m &amp#27;[36mcom.shaft.tools.io.ReportManager&amp#27;[m : File Action "ReadFile" successfully performed. With the following test data "File Path: "C:\eclipse-workspace\MyProjects\TASystemsAPIs\src\test\resources\testDataFiles\Schemas\InvalidTokenRequest_Unauthorized_schema.json"".
2023-02-07 10:54:53.066 &amp#27;[32m INFO&amp#27;[m &amp#27;[35m[@503 - main]&amp#27;[m &amp#27;[36mcom.shaft.tools.io.ReportManager&amp#27;[m : Successfully created attachment "Validation Test Data - Expected JSON Value"
2023-02-07 10:54:53.068 &amp#27;[32m INFO&amp#27;[m &amp#27;[35m[@503 - main]&amp#27;[m &amp#27;[36mcom.shaft.tools.io.ReportManager&amp#27;[m : Successfully created attachment "Validation Test Data - Actual JSON Value"
2023-02-07 10:54:53.069 &amp#27;[32m INFO&amp#27;[m &amp#27;[35m[@503 - main]&amp#27;[m &amp#27;[36mcom.shaft.tools.io.ReportManager&amp#27;[m : Successfully created attachment "SHAFT Engine Logs - Current Method log: Invalid_GET_all_Commissions_with_missing_Token_TC"
]]></system-out>
  </testcase>
  <testcase name="Invalid_GET_all_OTAs_with_invalid_Token_TC" classname="SteeringCompanyAPI_TestCases.Test_Commissions_Cases" time="1.485">
    <system-out><![CDATA[2023-02-07 10:54:53.079 &amp#27;[32m INFO&amp#27;[m &amp#27;[35m[@534 - main]&amp#27;[m &amp#27;[36mcom.shaft.tools.io.ReportManager&amp#27;[m : 
################################################################################################################################################
Starting Execution:	"23 out of 107" test cases in the current suite
Test Method:		"SteeringCompanyAPI_TestCases.Test_Commissions_Cases.Invalid_GET_all_OTAs_with_invalid_Token_TC"
Test Description:	"TC019 -OTAs- Perform Get all OTAs API with invalid or expired Token"
################################################################################################################################################
2023-02-07 10:54:53.080 &amp#27;[32m INFO&amp#27;[m &amp#27;[35m[@503 - main]&amp#27;[m &amp#27;[36mcom.shaft.tools.io.ReportManager&amp#27;[m : File Action "DoesFileExist" successfully performed. With the following test data "File Path: "SteeringCompanyAPI_TestData/SteeringCompanyAPI_TestData.xlsx"".
2023-02-07 10:54:53.234 &amp#27;[32m INFO&amp#27;[m &amp#27;[35m[@503 - main]&amp#27;[m &amp#27;[36mcom.shaft.tools.io.ReportManager&amp#27;[m : Successfully created attachment "Test Data - Excel"
2023-02-07 10:54:53.880 &amp#27;[32m INFO&amp#27;[m &amp#27;[35m[@503 - main]&amp#27;[m &amp#27;[36mcom.shaft.tools.io.ReportManager&amp#27;[m : Response status code: "200", status line: "HTTP/1.1 200 OK"
2023-02-07 10:54:53.907 &amp#27;[32m INFO&amp#27;[m &amp#27;[35m[@503 - main]&amp#27;[m &amp#27;[36mcom.shaft.tools.io.ReportManager&amp#27;[m : Successfully created attachment "API Request - Specifications"
2023-02-07 10:54:53.909 &amp#27;[32m INFO&amp#27;[m &amp#27;[35m[@503 - main]&amp#27;[m &amp#27;[36mcom.shaft.tools.io.ReportManager&amp#27;[m : Successfully created attachment "API Request - Body"
2023-02-07 10:54:53.911 &amp#27;[32m INFO&amp#27;[m &amp#27;[35m[@503 - main]&amp#27;[m &amp#27;[36mcom.shaft.tools.io.ReportManager&amp#27;[m : Successfully created attachment "API Response - JSON Body"
2023-02-07 10:54:53.913 &amp#27;[32m INFO&amp#27;[m &amp#27;[35m[@503 - main]&amp#27;[m &amp#27;[36mcom.shaft.tools.io.ReportManager&amp#27;[m : File Action "DoesFileExist" successfully performed. With the following test data "File Path: "SteeringCompanyAPI_TestData/SteeringCompanyAPI_TestData.xlsx"".
2023-02-07 10:54:53.962 &amp#27;[32m INFO&amp#27;[m &amp#27;[35m[@503 - main]&amp#27;[m &amp#27;[36mcom.shaft.tools.io.ReportManager&amp#27;[m : Successfully created attachment "Test Data - Excel"
2023-02-07 10:54:53.962 &amp#27;[32m INFO&amp#27;[m &amp#27;[35m[@503 - main]&amp#27;[m &amp#27;[36mcom.shaft.tools.io.ReportManager&amp#27;[m : File Action "DoesFileExist" successfully performed. With the following test data "File Path: "SteeringCompanyAPI_TestData/SteeringCompanyAPI_TestData.xlsx"".
2023-02-07 10:54:53.990 &amp#27;[32m INFO&amp#27;[m &amp#27;[35m[@503 - main]&amp#27;[m &amp#27;[36mcom.shaft.tools.io.ReportManager&amp#27;[m : Successfully created attachment "Test Data - Excel"
2023-02-07 10:54:53.990 &amp#27;[32m INFO&amp#27;[m &amp#27;[35m[@503 - main]&amp#27;[m &amp#27;[36mcom.shaft.tools.io.ReportManager&amp#27;[m : File Action "DoesFileExist" successfully performed. With the following test data "File Path: "SteeringCompanyAPI_TestData/SteeringCompanyAPI_TestData.xlsx"".
2023-02-07 10:54:54.045 &amp#27;[32m INFO&amp#27;[m &amp#27;[35m[@503 - main]&amp#27;[m &amp#27;[36mcom.shaft.tools.io.ReportManager&amp#27;[m : Successfully created attachment "Test Data - Excel"
2023-02-07 10:54:54.549 &amp#27;[32m INFO&amp#27;[m &amp#27;[35m[@503 - main]&amp#27;[m &amp#27;[36mcom.shaft.tools.io.ReportManager&amp#27;[m : Response status code: "401", status line: "HTTP/1.1 401 "
2023-02-07 10:54:54.553 &amp#27;[32m INFO&amp#27;[m &amp#27;[35m[@503 - main]&amp#27;[m &amp#27;[36mcom.shaft.tools.io.ReportManager&amp#27;[m : Successfully created attachment "API Request - Specifications"
2023-02-07 10:54:54.554 &amp#27;[32m INFO&amp#27;[m &amp#27;[35m[@503 - main]&amp#27;[m &amp#27;[36mcom.shaft.tools.io.ReportManager&amp#27;[m : Successfully created attachment "API Response - JSON Body"
2023-02-07 10:54:54.558 &amp#27;[32m INFO&amp#27;[m &amp#27;[35m[@503 - main]&amp#27;[m &amp#27;[36mcom.shaft.tools.io.ReportManager&amp#27;[m : Successfully created attachment "SHAFT Engine Logs - Current Method log: Invalid_GET_all_OTAs_with_invalid_Token_TC"
]]></system-out>
  </testcase>
  <testcase name="Invalid_GET_all_OTAs_with_missing_Token_TC" classname="SteeringCompanyAPI_TestCases.Test_Commissions_Cases" time="1.402">
    <system-out><![CDATA[2023-02-07 10:54:54.566 &amp#27;[32m INFO&amp#27;[m &amp#27;[35m[@534 - main]&amp#27;[m &amp#27;[36mcom.shaft.tools.io.ReportManager&amp#27;[m : 
################################################################################################################################################
Starting Execution:	"24 out of 107" test cases in the current suite
Test Method:		"SteeringCompanyAPI_TestCases.Test_Commissions_Cases.Invalid_GET_all_OTAs_with_missing_Token_TC"
Test Description:	"TC018  -OTAs- Perform Get all OTAs API with missing Token"
################################################################################################################################################
2023-02-07 10:54:54.567 &amp#27;[32m INFO&amp#27;[m &amp#27;[35m[@503 - main]&amp#27;[m &amp#27;[36mcom.shaft.tools.io.ReportManager&amp#27;[m : File Action "DoesFileExist" successfully performed. With the following test data "File Path: "SteeringCompanyAPI_TestData/SteeringCompanyAPI_TestData.xlsx"".
2023-02-07 10:54:54.615 &amp#27;[32m INFO&amp#27;[m &amp#27;[35m[@503 - main]&amp#27;[m &amp#27;[36mcom.shaft.tools.io.ReportManager&amp#27;[m : Successfully created attachment "Test Data - Excel"
2023-02-07 10:54:55.250 &amp#27;[32m INFO&amp#27;[m &amp#27;[35m[@503 - main]&amp#27;[m &amp#27;[36mcom.shaft.tools.io.ReportManager&amp#27;[m : Response status code: "200", status line: "HTTP/1.1 200 OK"
2023-02-07 10:54:55.265 &amp#27;[32m INFO&amp#27;[m &amp#27;[35m[@503 - main]&amp#27;[m &amp#27;[36mcom.shaft.tools.io.ReportManager&amp#27;[m : Successfully created attachment "API Request - Specifications"
2023-02-07 10:54:55.266 &amp#27;[32m INFO&amp#27;[m &amp#27;[35m[@503 - main]&amp#27;[m &amp#27;[36mcom.shaft.tools.io.ReportManager&amp#27;[m : Successfully created attachment "API Request - Body"
2023-02-07 10:54:55.267 &amp#27;[32m INFO&amp#27;[m &amp#27;[35m[@503 - main]&amp#27;[m &amp#27;[36mcom.shaft.tools.io.ReportManager&amp#27;[m : Successfully created attachment "API Response - JSON Body"
2023-02-07 10:54:55.267 &amp#27;[32m INFO&amp#27;[m &amp#27;[35m[@503 - main]&amp#27;[m &amp#27;[36mcom.shaft.tools.io.ReportManager&amp#27;[m : File Action "DoesFileExist" successfully performed. With the following test data "File Path: "SteeringCompanyAPI_TestData/SteeringCompanyAPI_TestData.xlsx"".
2023-02-07 10:54:55.300 &amp#27;[32m INFO&amp#27;[m &amp#27;[35m[@503 - main]&amp#27;[m &amp#27;[36mcom.shaft.tools.io.ReportManager&amp#27;[m : Successfully created attachment "Test Data - Excel"
2023-02-07 10:54:55.300 &amp#27;[32m INFO&amp#27;[m &amp#27;[35m[@503 - main]&amp#27;[m &amp#27;[36mcom.shaft.tools.io.ReportManager&amp#27;[m : File Action "DoesFileExist" successfully performed. With the following test data "File Path: "SteeringCompanyAPI_TestData/SteeringCompanyAPI_TestData.xlsx"".
2023-02-07 10:54:55.367 &amp#27;[32m INFO&amp#27;[m &amp#27;[35m[@503 - main]&amp#27;[m &amp#27;[36mcom.shaft.tools.io.ReportManager&amp#27;[m : Successfully created attachment "Test Data - Excel"
2023-02-07 10:54:55.367 &amp#27;[32m INFO&amp#27;[m &amp#27;[35m[@503 - main]&amp#27;[m &amp#27;[36mcom.shaft.tools.io.ReportManager&amp#27;[m : File Action "DoesFileExist" successfully performed. With the following test data "File Path: "SteeringCompanyAPI_TestData/SteeringCompanyAPI_TestData.xlsx"".
2023-02-07 10:54:55.417 &amp#27;[32m INFO&amp#27;[m &amp#27;[35m[@503 - main]&amp#27;[m &amp#27;[36mcom.shaft.tools.io.ReportManager&amp#27;[m : Successfully created attachment "Test Data - Excel"
2023-02-07 10:54:55.909 &amp#27;[32m INFO&amp#27;[m &amp#27;[35m[@503 - main]&amp#27;[m &amp#27;[36mcom.shaft.tools.io.ReportManager&amp#27;[m : Response status code: "401", status line: "HTTP/1.1 401 "
2023-02-07 10:54:55.934 &amp#27;[32m INFO&amp#27;[m &amp#27;[35m[@503 - main]&amp#27;[m &amp#27;[36mcom.shaft.tools.io.ReportManager&amp#27;[m : Successfully created attachment "API Request - Specifications"
2023-02-07 10:54:55.937 &amp#27;[32m INFO&amp#27;[m &amp#27;[35m[@503 - main]&amp#27;[m &amp#27;[36mcom.shaft.tools.io.ReportManager&amp#27;[m : Successfully created attachment "API Response - JSON Body"
2023-02-07 10:54:55.940 &amp#27;[32m INFO&amp#27;[m &amp#27;[35m[@503 - main]&amp#27;[m &amp#27;[36mcom.shaft.tools.io.ReportManager&amp#27;[m : File Action "DoesFileExist" successfully performed. With the following test data "File Path: "Schemas/InvalidTokenRequest_Unauthorized_schema.json"".
2023-02-07 10:54:55.940 &amp#27;[32m INFO&amp#27;[m &amp#27;[35m[@503 - main]&amp#27;[m &amp#27;[36mcom.shaft.tools.io.ReportManager&amp#27;[m : File Action "DoesFileExist" successfully performed. With the following test data "File Path: "src/test/resources/testDataFiles/Schemas/InvalidTokenRequest_Unauthorized_schema.json"".
2023-02-07 10:54:55.941 &amp#27;[32m INFO&amp#27;[m &amp#27;[35m[@503 - main]&amp#27;[m &amp#27;[36mcom.shaft.tools.io.ReportManager&amp#27;[m : File Action "GetAbsolutePath" successfully performed. With the following test data "Relative Folder Path: "src/test/resources/testDataFiles/Schemas/InvalidTokenRequest_Unauthorized_schema.json"".
2023-02-07 10:54:55.949 &amp#27;[32m INFO&amp#27;[m &amp#27;[35m[@503 - main]&amp#27;[m &amp#27;[36mcom.shaft.tools.io.ReportManager&amp#27;[m : File Action "DoesFileExist" successfully performed. With the following test data "File Path: "C:\eclipse-workspace\MyProjects\TASystemsAPIs\src\test\resources\testDataFiles\Schemas\InvalidTokenRequest_Unauthorized_schema.json"".
2023-02-07 10:54:55.950 &amp#27;[32m INFO&amp#27;[m &amp#27;[35m[@503 - main]&amp#27;[m &amp#27;[36mcom.shaft.tools.io.ReportManager&amp#27;[m : File Action "GetAbsolutePath" successfully performed. With the following test data "Relative Folder Path: "C:\eclipse-workspace\MyProjects\TASystemsAPIs\src\test\resources\testDataFiles\Schemas\InvalidTokenRequest_Unauthorized_schema.json"".
2023-02-07 10:54:55.951 &amp#27;[32m INFO&amp#27;[m &amp#27;[35m[@503 - main]&amp#27;[m &amp#27;[36mcom.shaft.tools.io.ReportManager&amp#27;[m : File Action "ReadFile" successfully performed. With the following test data "File Path: "C:\eclipse-workspace\MyProjects\TASystemsAPIs\src\test\resources\testDataFiles\Schemas\InvalidTokenRequest_Unauthorized_schema.json"".
2023-02-07 10:54:55.954 &amp#27;[32m INFO&amp#27;[m &amp#27;[35m[@503 - main]&amp#27;[m &amp#27;[36mcom.shaft.tools.io.ReportManager&amp#27;[m : Successfully created attachment "Validation Test Data - Expected JSON Value"
2023-02-07 10:54:55.958 &amp#27;[32m INFO&amp#27;[m &amp#27;[35m[@503 - main]&amp#27;[m &amp#27;[36mcom.shaft.tools.io.ReportManager&amp#27;[m : Successfully created attachment "Validation Test Data - Actual JSON Value"
2023-02-07 10:54:55.960 &amp#27;[32m INFO&amp#27;[m &amp#27;[35m[@503 - main]&amp#27;[m &amp#27;[36mcom.shaft.tools.io.ReportManager&amp#27;[m : Successfully created attachment "SHAFT Engine Logs - Current Method log: Invalid_GET_all_OTAs_with_missing_Token_TC"
]]></system-out>
  </testcase>
  <testcase name="Valid_Add_Commissions_TC[[Ljava.lang.Object;@4b2a235c](1)" classname="SteeringCompanyAPI_TestCases.Test_Commissions_Cases" time="1.6">
    <system-out><![CDATA[2023-02-07 10:54:55.968 &amp#27;[32m INFO&amp#27;[m &amp#27;[35m[@534 - main]&amp#27;[m &amp#27;[36mcom.shaft.tools.io.ReportManager&amp#27;[m : 
################################################################################################################################################
Starting Execution:	"25 out of 107" test cases in the current suite
Test Method:		"SteeringCompanyAPI_TestCases.Test_Commissions_Cases.Valid_Add_Commissions_TC"
Test Description:	"TC005 -Commission- Perform Add Valid Commission"
################################################################################################################################################
2023-02-07 10:54:55.969 &amp#27;[32m INFO&amp#27;[m &amp#27;[35m[@503 - main]&amp#27;[m &amp#27;[36mcom.shaft.tools.io.ReportManager&amp#27;[m : File Action "DoesFileExist" successfully performed. With the following test data "File Path: "SteeringCompanyAPI_TestData/SteeringCompanyAPI_TestData.xlsx"".
2023-02-07 10:54:56.028 &amp#27;[32m INFO&amp#27;[m &amp#27;[35m[@503 - main]&amp#27;[m &amp#27;[36mcom.shaft.tools.io.ReportManager&amp#27;[m : Successfully created attachment "Test Data - Excel"
2023-02-07 10:54:56.634 &amp#27;[32m INFO&amp#27;[m &amp#27;[35m[@503 - main]&amp#27;[m &amp#27;[36mcom.shaft.tools.io.ReportManager&amp#27;[m : Response status code: "200", status line: "HTTP/1.1 200 OK"
2023-02-07 10:54:56.663 &amp#27;[32m INFO&amp#27;[m &amp#27;[35m[@503 - main]&amp#27;[m &amp#27;[36mcom.shaft.tools.io.ReportManager&amp#27;[m : Successfully created attachment "API Request - Specifications"
2023-02-07 10:54:56.665 &amp#27;[32m INFO&amp#27;[m &amp#27;[35m[@503 - main]&amp#27;[m &amp#27;[36mcom.shaft.tools.io.ReportManager&amp#27;[m : Successfully created attachment "API Request - Body"
2023-02-07 10:54:56.666 &amp#27;[32m INFO&amp#27;[m &amp#27;[35m[@503 - main]&amp#27;[m &amp#27;[36mcom.shaft.tools.io.ReportManager&amp#27;[m : Successfully created attachment "API Response - JSON Body"
2023-02-07 10:54:56.691 &amp#27;[32m INFO&amp#27;[m &amp#27;[35m[@503 - main]&amp#27;[m &amp#27;[36mcom.shaft.tools.io.ReportManager&amp#27;[m : File Action "DoesFileExist" successfully performed. With the following test data "File Path: "SteeringCompanyAPI_TestData/SteeringCompanyAPI_TestData.xlsx"".
2023-02-07 10:54:56.731 &amp#27;[32m INFO&amp#27;[m &amp#27;[35m[@503 - main]&amp#27;[m &amp#27;[36mcom.shaft.tools.io.ReportManager&amp#27;[m : Successfully created attachment "Test Data - Excel"
2023-02-07 10:54:56.733 &amp#27;[32m INFO&amp#27;[m &amp#27;[35m[@503 - main]&amp#27;[m &amp#27;[36mcom.shaft.tools.io.ReportManager&amp#27;[m : File Action "DoesFileExist" successfully performed. With the following test data "File Path: "SteeringCompanyAPI_TestData/SteeringCompanyAPI_TestData.xlsx"".
2023-02-07 10:54:56.759 &amp#27;[32m INFO&amp#27;[m &amp#27;[35m[@503 - main]&amp#27;[m &amp#27;[36mcom.shaft.tools.io.ReportManager&amp#27;[m : Successfully created attachment "Test Data - Excel"
2023-02-07 10:54:56.760 &amp#27;[32m INFO&amp#27;[m &amp#27;[35m[@503 - main]&amp#27;[m &amp#27;[36mcom.shaft.tools.io.ReportManager&amp#27;[m : File Action "DoesFileExist" successfully performed. With the following test data "File Path: "SteeringCompanyAPI_TestData/SteeringCompanyAPI_TestData.xlsx"".
2023-02-07 10:54:56.786 &amp#27;[32m INFO&amp#27;[m &amp#27;[35m[@503 - main]&amp#27;[m &amp#27;[36mcom.shaft.tools.io.ReportManager&amp#27;[m : Successfully created attachment "Test Data - Excel"
2023-02-07 10:54:57.325 &amp#27;[32m INFO&amp#27;[m &amp#27;[35m[@503 - main]&amp#27;[m &amp#27;[36mcom.shaft.tools.io.ReportManager&amp#27;[m : Response status code: "200", status line: "HTTP/1.1 200 "
2023-02-07 10:54:57.354 &amp#27;[32m INFO&amp#27;[m &amp#27;[35m[@503 - main]&amp#27;[m &amp#27;[36mcom.shaft.tools.io.ReportManager&amp#27;[m : Successfully created attachment "API Request - Specifications"
2023-02-07 10:54:57.358 &amp#27;[32m INFO&amp#27;[m &amp#27;[35m[@503 - main]&amp#27;[m &amp#27;[36mcom.shaft.tools.io.ReportManager&amp#27;[m : Successfully created attachment "API Request - JSON Body"
2023-02-07 10:54:57.361 &amp#27;[32m INFO&amp#27;[m &amp#27;[35m[@503 - main]&amp#27;[m &amp#27;[36mcom.shaft.tools.io.ReportManager&amp#27;[m : Successfully created attachment "API Response - JSON Body"
2023-02-07 10:54:57.549 &amp#27;[32m INFO&amp#27;[m &amp#27;[35m[@503 - main]&amp#27;[m &amp#27;[36mcom.shaft.tools.io.ReportManager&amp#27;[m : Get response jsonvalue "otaCode".
2023-02-07 10:54:57.550 &amp#27;[32m INFO&amp#27;[m &amp#27;[35m[@503 - main]&amp#27;[m &amp#27;[36mcom.shaft.tools.io.ReportManager&amp#27;[m : File Action "DoesFileExist" successfully performed. With the following test data "File Path: "Schemas/Add_Commission_schema.json"".
2023-02-07 10:54:57.550 &amp#27;[32m INFO&amp#27;[m &amp#27;[35m[@503 - main]&amp#27;[m &amp#27;[36mcom.shaft.tools.io.ReportManager&amp#27;[m : File Action "DoesFileExist" successfully performed. With the following test data "File Path: "src/test/resources/testDataFiles/Schemas/Add_Commission_schema.json"".
2023-02-07 10:54:57.551 &amp#27;[32m INFO&amp#27;[m &amp#27;[35m[@503 - main]&amp#27;[m &amp#27;[36mcom.shaft.tools.io.ReportManager&amp#27;[m : File Action "GetAbsolutePath" successfully performed. With the following test data "Relative Folder Path: "src/test/resources/testDataFiles/Schemas/Add_Commission_schema.json"".
2023-02-07 10:54:57.558 &amp#27;[32m INFO&amp#27;[m &amp#27;[35m[@503 - main]&amp#27;[m &amp#27;[36mcom.shaft.tools.io.ReportManager&amp#27;[m : File Action "DoesFileExist" successfully performed. With the following test data "File Path: "C:\eclipse-workspace\MyProjects\TASystemsAPIs\src\test\resources\testDataFiles\Schemas\Add_Commission_schema.json"".
2023-02-07 10:54:57.559 &amp#27;[32m INFO&amp#27;[m &amp#27;[35m[@503 - main]&amp#27;[m &amp#27;[36mcom.shaft.tools.io.ReportManager&amp#27;[m : File Action "GetAbsolutePath" successfully performed. With the following test data "Relative Folder Path: "C:\eclipse-workspace\MyProjects\TASystemsAPIs\src\test\resources\testDataFiles\Schemas\Add_Commission_schema.json"".
2023-02-07 10:54:57.559 &amp#27;[32m INFO&amp#27;[m &amp#27;[35m[@503 - main]&amp#27;[m &amp#27;[36mcom.shaft.tools.io.ReportManager&amp#27;[m : File Action "ReadFile" successfully performed. With the following test data "File Path: "C:\eclipse-workspace\MyProjects\TASystemsAPIs\src\test\resources\testDataFiles\Schemas\Add_Commission_schema.json"".
2023-02-07 10:54:57.561 &amp#27;[32m INFO&amp#27;[m &amp#27;[35m[@503 - main]&amp#27;[m &amp#27;[36mcom.shaft.tools.io.ReportManager&amp#27;[m : Successfully created attachment "Validation Test Data - Expected JSON Value"
2023-02-07 10:54:57.563 &amp#27;[32m INFO&amp#27;[m &amp#27;[35m[@503 - main]&amp#27;[m &amp#27;[36mcom.shaft.tools.io.ReportManager&amp#27;[m : Successfully created attachment "Validation Test Data - Actual JSON Value"
2023-02-07 10:54:57.564 &amp#27;[32m INFO&amp#27;[m &amp#27;[35m[@503 - main]&amp#27;[m &amp#27;[36mcom.shaft.tools.io.ReportManager&amp#27;[m : Successfully created attachment "SHAFT Engine Logs - Current Method log: Valid_Add_Commissions_TC"
]]></system-out>
  </testcase>
  <testcase name="Valid_Add_Commissions_TC[[Ljava.lang.Object;@6a15ec76](2)" classname="SteeringCompanyAPI_TestCases.Test_Commissions_Cases" time="1.409">
    <system-out><![CDATA[2023-02-07 10:54:57.568 &amp#27;[32m INFO&amp#27;[m &amp#27;[35m[@534 - main]&amp#27;[m &amp#27;[36mcom.shaft.tools.io.ReportManager&amp#27;[m : 
################################################################################################################################################
Starting Execution:	"26 out of 107" test cases in the current suite
Test Method:		"SteeringCompanyAPI_TestCases.Test_Commissions_Cases.Valid_Add_Commissions_TC"
Test Description:	"TC005 -Commission- Perform Add Valid Commission"
################################################################################################################################################
2023-02-07 10:54:57.569 &amp#27;[32m INFO&amp#27;[m &amp#27;[35m[@503 - main]&amp#27;[m &amp#27;[36mcom.shaft.tools.io.ReportManager&amp#27;[m : File Action "DoesFileExist" successfully performed. With the following test data "File Path: "SteeringCompanyAPI_TestData/SteeringCompanyAPI_TestData.xlsx"".
2023-02-07 10:54:57.602 &amp#27;[32m INFO&amp#27;[m &amp#27;[35m[@503 - main]&amp#27;[m &amp#27;[36mcom.shaft.tools.io.ReportManager&amp#27;[m : Successfully created attachment "Test Data - Excel"
2023-02-07 10:54:58.220 &amp#27;[32m INFO&amp#27;[m &amp#27;[35m[@503 - main]&amp#27;[m &amp#27;[36mcom.shaft.tools.io.ReportManager&amp#27;[m : Response status code: "200", status line: "HTTP/1.1 200 OK"
2023-02-07 10:54:58.243 &amp#27;[32m INFO&amp#27;[m &amp#27;[35m[@503 - main]&amp#27;[m &amp#27;[36mcom.shaft.tools.io.ReportManager&amp#27;[m : Successfully created attachment "API Request - Specifications"
2023-02-07 10:54:58.245 &amp#27;[32m INFO&amp#27;[m &amp#27;[35m[@503 - main]&amp#27;[m &amp#27;[36mcom.shaft.tools.io.ReportManager&amp#27;[m : Successfully created attachment "API Request - Body"
2023-02-07 10:54:58.246 &amp#27;[32m INFO&amp#27;[m &amp#27;[35m[@503 - main]&amp#27;[m &amp#27;[36mcom.shaft.tools.io.ReportManager&amp#27;[m : Successfully created attachment "API Response - JSON Body"
2023-02-07 10:54:58.267 &amp#27;[32m INFO&amp#27;[m &amp#27;[35m[@503 - main]&amp#27;[m &amp#27;[36mcom.shaft.tools.io.ReportManager&amp#27;[m : File Action "DoesFileExist" successfully performed. With the following test data "File Path: "SteeringCompanyAPI_TestData/SteeringCompanyAPI_TestData.xlsx"".
2023-02-07 10:54:58.319 &amp#27;[32m INFO&amp#27;[m &amp#27;[35m[@503 - main]&amp#27;[m &amp#27;[36mcom.shaft.tools.io.ReportManager&amp#27;[m : Successfully created attachment "Test Data - Excel"
2023-02-07 10:54:58.323 &amp#27;[32m INFO&amp#27;[m &amp#27;[35m[@503 - main]&amp#27;[m &amp#27;[36mcom.shaft.tools.io.ReportManager&amp#27;[m : File Action "DoesFileExist" successfully performed. With the following test data "File Path: "SteeringCompanyAPI_TestData/SteeringCompanyAPI_TestData.xlsx"".
2023-02-07 10:54:58.352 &amp#27;[32m INFO&amp#27;[m &amp#27;[35m[@503 - main]&amp#27;[m &amp#27;[36mcom.shaft.tools.io.ReportManager&amp#27;[m : Successfully created attachment "Test Data - Excel"
2023-02-07 10:54:58.353 &amp#27;[32m INFO&amp#27;[m &amp#27;[35m[@503 - main]&amp#27;[m &amp#27;[36mcom.shaft.tools.io.ReportManager&amp#27;[m : File Action "DoesFileExist" successfully performed. With the following test data "File Path: "SteeringCompanyAPI_TestData/SteeringCompanyAPI_TestData.xlsx"".
2023-02-07 10:54:58.384 &amp#27;[32m INFO&amp#27;[m &amp#27;[35m[@503 - main]&amp#27;[m &amp#27;[36mcom.shaft.tools.io.ReportManager&amp#27;[m : Successfully created attachment "Test Data - Excel"
2023-02-07 10:54:58.922 &amp#27;[32m INFO&amp#27;[m &amp#27;[35m[@503 - main]&amp#27;[m &amp#27;[36mcom.shaft.tools.io.ReportManager&amp#27;[m : Response status code: "200", status line: "HTTP/1.1 200 "
2023-02-07 10:54:58.947 &amp#27;[32m INFO&amp#27;[m &amp#27;[35m[@503 - main]&amp#27;[m &amp#27;[36mcom.shaft.tools.io.ReportManager&amp#27;[m : Successfully created attachment "API Request - Specifications"
2023-02-07 10:54:58.949 &amp#27;[32m INFO&amp#27;[m &amp#27;[35m[@503 - main]&amp#27;[m &amp#27;[36mcom.shaft.tools.io.ReportManager&amp#27;[m : Successfully created attachment "API Request - JSON Body"
2023-02-07 10:54:58.951 &amp#27;[32m INFO&amp#27;[m &amp#27;[35m[@503 - main]&amp#27;[m &amp#27;[36mcom.shaft.tools.io.ReportManager&amp#27;[m : Successfully created attachment "API Response - JSON Body"
2023-02-07 10:54:58.953 &amp#27;[32m INFO&amp#27;[m &amp#27;[35m[@503 - main]&amp#27;[m &amp#27;[36mcom.shaft.tools.io.ReportManager&amp#27;[m : Get response jsonvalue "otaCode".
2023-02-07 10:54:58.956 &amp#27;[32m INFO&amp#27;[m &amp#27;[35m[@503 - main]&amp#27;[m &amp#27;[36mcom.shaft.tools.io.ReportManager&amp#27;[m : File Action "DoesFileExist" successfully performed. With the following test data "File Path: "Schemas/Add_Commission_schema.json"".
2023-02-07 10:54:58.957 &amp#27;[32m INFO&amp#27;[m &amp#27;[35m[@503 - main]&amp#27;[m &amp#27;[36mcom.shaft.tools.io.ReportManager&amp#27;[m : File Action "DoesFileExist" successfully performed. With the following test data "File Path: "src/test/resources/testDataFiles/Schemas/Add_Commission_schema.json"".
2023-02-07 10:54:58.957 &amp#27;[32m INFO&amp#27;[m &amp#27;[35m[@503 - main]&amp#27;[m &amp#27;[36mcom.shaft.tools.io.ReportManager&amp#27;[m : File Action "GetAbsolutePath" successfully performed. With the following test data "Relative Folder Path: "src/test/resources/testDataFiles/Schemas/Add_Commission_schema.json"".
2023-02-07 10:54:58.964 &amp#27;[32m INFO&amp#27;[m &amp#27;[35m[@503 - main]&amp#27;[m &amp#27;[36mcom.shaft.tools.io.ReportManager&amp#27;[m : File Action "DoesFileExist" successfully performed. With the following test data "File Path: "C:\eclipse-workspace\MyProjects\TASystemsAPIs\src\test\resources\testDataFiles\Schemas\Add_Commission_schema.json"".
2023-02-07 10:54:58.965 &amp#27;[32m INFO&amp#27;[m &amp#27;[35m[@503 - main]&amp#27;[m &amp#27;[36mcom.shaft.tools.io.ReportManager&amp#27;[m : File Action "GetAbsolutePath" successfully performed. With the following test data "Relative Folder Path: "C:\eclipse-workspace\MyProjects\TASystemsAPIs\src\test\resources\testDataFiles\Schemas\Add_Commission_schema.json"".
2023-02-07 10:54:58.966 &amp#27;[32m INFO&amp#27;[m &amp#27;[35m[@503 - main]&amp#27;[m &amp#27;[36mcom.shaft.tools.io.ReportManager&amp#27;[m : File Action "ReadFile" successfully performed. With the following test data "File Path: "C:\eclipse-workspace\MyProjects\TASystemsAPIs\src\test\resources\testDataFiles\Schemas\Add_Commission_schema.json"".
2023-02-07 10:54:58.969 &amp#27;[32m INFO&amp#27;[m &amp#27;[35m[@503 - main]&amp#27;[m &amp#27;[36mcom.shaft.tools.io.ReportManager&amp#27;[m : Successfully created attachment "Validation Test Data - Expected JSON Value"
2023-02-07 10:54:58.971 &amp#27;[32m INFO&amp#27;[m &amp#27;[35m[@503 - main]&amp#27;[m &amp#27;[36mcom.shaft.tools.io.ReportManager&amp#27;[m : Successfully created attachment "Validation Test Data - Actual JSON Value"
2023-02-07 10:54:58.973 &amp#27;[32m INFO&amp#27;[m &amp#27;[35m[@503 - main]&amp#27;[m &amp#27;[36mcom.shaft.tools.io.ReportManager&amp#27;[m : Successfully created attachment "SHAFT Engine Logs - Current Method log: Valid_Add_Commissions_TC"
]]></system-out>
  </testcase>
  <testcase name="Valid_Add_Commissions_TC[[Ljava.lang.Object;@2579d604](3)" classname="SteeringCompanyAPI_TestCases.Test_Commissions_Cases" time="1.355">
    <system-out><![CDATA[2023-02-07 10:54:58.979 &amp#27;[32m INFO&amp#27;[m &amp#27;[35m[@534 - main]&amp#27;[m &amp#27;[36mcom.shaft.tools.io.ReportManager&amp#27;[m : 
################################################################################################################################################
Starting Execution:	"27 out of 107" test cases in the current suite
Test Method:		"SteeringCompanyAPI_TestCases.Test_Commissions_Cases.Valid_Add_Commissions_TC"
Test Description:	"TC005 -Commission- Perform Add Valid Commission"
################################################################################################################################################
2023-02-07 10:54:58.979 &amp#27;[32m INFO&amp#27;[m &amp#27;[35m[@503 - main]&amp#27;[m &amp#27;[36mcom.shaft.tools.io.ReportManager&amp#27;[m : File Action "DoesFileExist" successfully performed. With the following test data "File Path: "SteeringCompanyAPI_TestData/SteeringCompanyAPI_TestData.xlsx"".
2023-02-07 10:54:59.012 &amp#27;[32m INFO&amp#27;[m &amp#27;[35m[@503 - main]&amp#27;[m &amp#27;[36mcom.shaft.tools.io.ReportManager&amp#27;[m : Successfully created attachment "Test Data - Excel"
2023-02-07 10:54:59.627 &amp#27;[32m INFO&amp#27;[m &amp#27;[35m[@503 - main]&amp#27;[m &amp#27;[36mcom.shaft.tools.io.ReportManager&amp#27;[m : Response status code: "200", status line: "HTTP/1.1 200 OK"
2023-02-07 10:54:59.650 &amp#27;[32m INFO&amp#27;[m &amp#27;[35m[@503 - main]&amp#27;[m &amp#27;[36mcom.shaft.tools.io.ReportManager&amp#27;[m : Successfully created attachment "API Request - Specifications"
2023-02-07 10:54:59.650 &amp#27;[32m INFO&amp#27;[m &amp#27;[35m[@503 - main]&amp#27;[m &amp#27;[36mcom.shaft.tools.io.ReportManager&amp#27;[m : Successfully created attachment "API Request - Body"
2023-02-07 10:54:59.651 &amp#27;[32m INFO&amp#27;[m &amp#27;[35m[@503 - main]&amp#27;[m &amp#27;[36mcom.shaft.tools.io.ReportManager&amp#27;[m : Successfully created attachment "API Response - JSON Body"
2023-02-07 10:54:59.666 &amp#27;[32m INFO&amp#27;[m &amp#27;[35m[@503 - main]&amp#27;[m &amp#27;[36mcom.shaft.tools.io.ReportManager&amp#27;[m : File Action "DoesFileExist" successfully performed. With the following test data "File Path: "SteeringCompanyAPI_TestData/SteeringCompanyAPI_TestData.xlsx"".
2023-02-07 10:54:59.699 &amp#27;[32m INFO&amp#27;[m &amp#27;[35m[@503 - main]&amp#27;[m &amp#27;[36mcom.shaft.tools.io.ReportManager&amp#27;[m : Successfully created attachment "Test Data - Excel"
2023-02-07 10:54:59.699 &amp#27;[32m INFO&amp#27;[m &amp#27;[35m[@503 - main]&amp#27;[m &amp#27;[36mcom.shaft.tools.io.ReportManager&amp#27;[m : File Action "DoesFileExist" successfully performed. With the following test data "File Path: "SteeringCompanyAPI_TestData/SteeringCompanyAPI_TestData.xlsx"".
2023-02-07 10:54:59.736 &amp#27;[32m INFO&amp#27;[m &amp#27;[35m[@503 - main]&amp#27;[m &amp#27;[36mcom.shaft.tools.io.ReportManager&amp#27;[m : Successfully created attachment "Test Data - Excel"
2023-02-07 10:54:59.736 &amp#27;[32m INFO&amp#27;[m &amp#27;[35m[@503 - main]&amp#27;[m &amp#27;[36mcom.shaft.tools.io.ReportManager&amp#27;[m : File Action "DoesFileExist" successfully performed. With the following test data "File Path: "SteeringCompanyAPI_TestData/SteeringCompanyAPI_TestData.xlsx"".
2023-02-07 10:54:59.769 &amp#27;[32m INFO&amp#27;[m &amp#27;[35m[@503 - main]&amp#27;[m &amp#27;[36mcom.shaft.tools.io.ReportManager&amp#27;[m : Successfully created attachment "Test Data - Excel"
2023-02-07 10:55:00.286 &amp#27;[32m INFO&amp#27;[m &amp#27;[35m[@503 - main]&amp#27;[m &amp#27;[36mcom.shaft.tools.io.ReportManager&amp#27;[m : Response status code: "200", status line: "HTTP/1.1 200 "
2023-02-07 10:55:00.315 &amp#27;[32m INFO&amp#27;[m &amp#27;[35m[@503 - main]&amp#27;[m &amp#27;[36mcom.shaft.tools.io.ReportManager&amp#27;[m : Successfully created attachment "API Request - Specifications"
2023-02-07 10:55:00.317 &amp#27;[32m INFO&amp#27;[m &amp#27;[35m[@503 - main]&amp#27;[m &amp#27;[36mcom.shaft.tools.io.ReportManager&amp#27;[m : Successfully created attachment "API Request - JSON Body"
2023-02-07 10:55:00.319 &amp#27;[32m INFO&amp#27;[m &amp#27;[35m[@503 - main]&amp#27;[m &amp#27;[36mcom.shaft.tools.io.ReportManager&amp#27;[m : Successfully created attachment "API Response - JSON Body"
2023-02-07 10:55:00.319 &amp#27;[32m INFO&amp#27;[m &amp#27;[35m[@503 - main]&amp#27;[m &amp#27;[36mcom.shaft.tools.io.ReportManager&amp#27;[m : Get response jsonvalue "otaCode".
2023-02-07 10:55:00.320 &amp#27;[32m INFO&amp#27;[m &amp#27;[35m[@503 - main]&amp#27;[m &amp#27;[36mcom.shaft.tools.io.ReportManager&amp#27;[m : File Action "DoesFileExist" successfully performed. With the following test data "File Path: "Schemas/Add_Commission_schema.json"".
2023-02-07 10:55:00.321 &amp#27;[32m INFO&amp#27;[m &amp#27;[35m[@503 - main]&amp#27;[m &amp#27;[36mcom.shaft.tools.io.ReportManager&amp#27;[m : File Action "DoesFileExist" successfully performed. With the following test data "File Path: "src/test/resources/testDataFiles/Schemas/Add_Commission_schema.json"".
2023-02-07 10:55:00.321 &amp#27;[32m INFO&amp#27;[m &amp#27;[35m[@503 - main]&amp#27;[m &amp#27;[36mcom.shaft.tools.io.ReportManager&amp#27;[m : File Action "GetAbsolutePath" successfully performed. With the following test data "Relative Folder Path: "src/test/resources/testDataFiles/Schemas/Add_Commission_schema.json"".
2023-02-07 10:55:00.325 &amp#27;[32m INFO&amp#27;[m &amp#27;[35m[@503 - main]&amp#27;[m &amp#27;[36mcom.shaft.tools.io.ReportManager&amp#27;[m : File Action "DoesFileExist" successfully performed. With the following test data "File Path: "C:\eclipse-workspace\MyProjects\TASystemsAPIs\src\test\resources\testDataFiles\Schemas\Add_Commission_schema.json"".
2023-02-07 10:55:00.325 &amp#27;[32m INFO&amp#27;[m &amp#27;[35m[@503 - main]&amp#27;[m &amp#27;[36mcom.shaft.tools.io.ReportManager&amp#27;[m : File Action "GetAbsolutePath" successfully performed. With the following test data "Relative Folder Path: "C:\eclipse-workspace\MyProjects\TASystemsAPIs\src\test\resources\testDataFiles\Schemas\Add_Commission_schema.json"".
2023-02-07 10:55:00.325 &amp#27;[32m INFO&amp#27;[m &amp#27;[35m[@503 - main]&amp#27;[m &amp#27;[36mcom.shaft.tools.io.ReportManager&amp#27;[m : File Action "ReadFile" successfully performed. With the following test data "File Path: "C:\eclipse-workspace\MyProjects\TASystemsAPIs\src\test\resources\testDataFiles\Schemas\Add_Commission_schema.json"".
2023-02-07 10:55:00.327 &amp#27;[32m INFO&amp#27;[m &amp#27;[35m[@503 - main]&amp#27;[m &amp#27;[36mcom.shaft.tools.io.ReportManager&amp#27;[m : Successfully created attachment "Validation Test Data - Expected JSON Value"
2023-02-07 10:55:00.329 &amp#27;[32m INFO&amp#27;[m &amp#27;[35m[@503 - main]&amp#27;[m &amp#27;[36mcom.shaft.tools.io.ReportManager&amp#27;[m : Successfully created attachment "Validation Test Data - Actual JSON Value"
2023-02-07 10:55:00.330 &amp#27;[32m INFO&amp#27;[m &amp#27;[35m[@503 - main]&amp#27;[m &amp#27;[36mcom.shaft.tools.io.ReportManager&amp#27;[m : Successfully created attachment "SHAFT Engine Logs - Current Method log: Valid_Add_Commissions_TC"
]]></system-out>
  </testcase>
  <testcase name="Valid_GET_all_Commissions_Rq_TC" classname="SteeringCompanyAPI_TestCases.Test_Commissions_Cases" time="1.488">
    <system-out><![CDATA[2023-02-07 10:55:00.333 &amp#27;[32m INFO&amp#27;[m &amp#27;[35m[@534 - main]&amp#27;[m &amp#27;[36mcom.shaft.tools.io.ReportManager&amp#27;[m : 
################################################################################################################################################
Starting Execution:	"28 out of 107" test cases in the current suite
Test Method:		"SteeringCompanyAPI_TestCases.Test_Commissions_Cases.Valid_GET_all_Commissions_Rq_TC"
Test Description:	"TC001  -Commission- Perform Get all Commissions API with valid user name and password"
################################################################################################################################################
2023-02-07 10:55:00.334 &amp#27;[32m INFO&amp#27;[m &amp#27;[35m[@503 - main]&amp#27;[m &amp#27;[36mcom.shaft.tools.io.ReportManager&amp#27;[m : File Action "DoesFileExist" successfully performed. With the following test data "File Path: "SteeringCompanyAPI_TestData/SteeringCompanyAPI_TestData.xlsx"".
2023-02-07 10:55:00.361 &amp#27;[32m INFO&amp#27;[m &amp#27;[35m[@503 - main]&amp#27;[m &amp#27;[36mcom.shaft.tools.io.ReportManager&amp#27;[m : Successfully created attachment "Test Data - Excel"
2023-02-07 10:55:01.010 &amp#27;[32m INFO&amp#27;[m &amp#27;[35m[@503 - main]&amp#27;[m &amp#27;[36mcom.shaft.tools.io.ReportManager&amp#27;[m : Response status code: "200", status line: "HTTP/1.1 200 OK"
2023-02-07 10:55:01.033 &amp#27;[32m INFO&amp#27;[m &amp#27;[35m[@503 - main]&amp#27;[m &amp#27;[36mcom.shaft.tools.io.ReportManager&amp#27;[m : Successfully created attachment "API Request - Specifications"
2023-02-07 10:55:01.034 &amp#27;[32m INFO&amp#27;[m &amp#27;[35m[@503 - main]&amp#27;[m &amp#27;[36mcom.shaft.tools.io.ReportManager&amp#27;[m : Successfully created attachment "API Request - Body"
2023-02-07 10:55:01.036 &amp#27;[32m INFO&amp#27;[m &amp#27;[35m[@503 - main]&amp#27;[m &amp#27;[36mcom.shaft.tools.io.ReportManager&amp#27;[m : Successfully created attachment "API Response - JSON Body"
2023-02-07 10:55:01.060 &amp#27;[32m INFO&amp#27;[m &amp#27;[35m[@503 - main]&amp#27;[m &amp#27;[36mcom.shaft.tools.io.ReportManager&amp#27;[m : File Action "DoesFileExist" successfully performed. With the following test data "File Path: "SteeringCompanyAPI_TestData/SteeringCompanyAPI_TestData.xlsx"".
2023-02-07 10:55:01.109 &amp#27;[32m INFO&amp#27;[m &amp#27;[35m[@503 - main]&amp#27;[m &amp#27;[36mcom.shaft.tools.io.ReportManager&amp#27;[m : Successfully created attachment "Test Data - Excel"
2023-02-07 10:55:01.109 &amp#27;[32m INFO&amp#27;[m &amp#27;[35m[@503 - main]&amp#27;[m &amp#27;[36mcom.shaft.tools.io.ReportManager&amp#27;[m : File Action "DoesFileExist" successfully performed. With the following test data "File Path: "SteeringCompanyAPI_TestData/SteeringCompanyAPI_TestData.xlsx"".
2023-02-07 10:55:01.155 &amp#27;[32m INFO&amp#27;[m &amp#27;[35m[@503 - main]&amp#27;[m &amp#27;[36mcom.shaft.tools.io.ReportManager&amp#27;[m : Successfully created attachment "Test Data - Excel"
2023-02-07 10:55:01.155 &amp#27;[32m INFO&amp#27;[m &amp#27;[35m[@503 - main]&amp#27;[m &amp#27;[36mcom.shaft.tools.io.ReportManager&amp#27;[m : File Action "DoesFileExist" successfully performed. With the following test data "File Path: "SteeringCompanyAPI_TestData/SteeringCompanyAPI_TestData.xlsx"".
2023-02-07 10:55:01.183 &amp#27;[32m INFO&amp#27;[m &amp#27;[35m[@503 - main]&amp#27;[m &amp#27;[36mcom.shaft.tools.io.ReportManager&amp#27;[m : Successfully created attachment "Test Data - Excel"
2023-02-07 10:55:01.753 &amp#27;[32m INFO&amp#27;[m &amp#27;[35m[@503 - main]&amp#27;[m &amp#27;[36mcom.shaft.tools.io.ReportManager&amp#27;[m : Response status code: "200", status line: "HTTP/1.1 200 "
2023-02-07 10:55:01.778 &amp#27;[32m INFO&amp#27;[m &amp#27;[35m[@503 - main]&amp#27;[m &amp#27;[36mcom.shaft.tools.io.ReportManager&amp#27;[m : Successfully created attachment "API Request - Specifications"
2023-02-07 10:55:01.780 &amp#27;[32m INFO&amp#27;[m &amp#27;[35m[@503 - main]&amp#27;[m &amp#27;[36mcom.shaft.tools.io.ReportManager&amp#27;[m : Successfully created attachment "API Response - JSON Body"
2023-02-07 10:55:01.782 &amp#27;[32m INFO&amp#27;[m &amp#27;[35m[@503 - main]&amp#27;[m &amp#27;[36mcom.shaft.tools.io.ReportManager&amp#27;[m : Successfully created attachment "Validation Test Data - Expected Value"
2023-02-07 10:55:01.782 &amp#27;[32m INFO&amp#27;[m &amp#27;[35m[@503 - main]&amp#27;[m &amp#27;[36mcom.shaft.tools.io.ReportManager&amp#27;[m : Successfully created attachment "Validation Test Data - Actual Value"
2023-02-07 10:55:01.785 &amp#27;[32m INFO&amp#27;[m &amp#27;[35m[@503 - main]&amp#27;[m &amp#27;[36mcom.shaft.tools.io.ReportManager&amp#27;[m : Get response jsonvalue "content".
2023-02-07 10:55:01.788 &amp#27;[32m INFO&amp#27;[m &amp#27;[35m[@503 - main]&amp#27;[m &amp#27;[36mcom.shaft.tools.io.ReportManager&amp#27;[m : Successfully created attachment "Validation Test Data - Expected Value"
2023-02-07 10:55:01.789 &amp#27;[32m INFO&amp#27;[m &amp#27;[35m[@503 - main]&amp#27;[m &amp#27;[36mcom.shaft.tools.io.ReportManager&amp#27;[m : Successfully created attachment "Validation Test Data - Actual Value"
2023-02-07 10:55:01.789 &amp#27;[32m INFO&amp#27;[m &amp#27;[35m[@503 - main]&amp#27;[m &amp#27;[36mcom.shaft.tools.io.ReportManager&amp#27;[m : File Action "DoesFileExist" successfully performed. With the following test data "File Path: "Schemas/Commission_schema.json"".
2023-02-07 10:55:01.790 &amp#27;[32m INFO&amp#27;[m &amp#27;[35m[@503 - main]&amp#27;[m &amp#27;[36mcom.shaft.tools.io.ReportManager&amp#27;[m : File Action "DoesFileExist" successfully performed. With the following test data "File Path: "src/test/resources/testDataFiles/Schemas/Commission_schema.json"".
2023-02-07 10:55:01.790 &amp#27;[32m INFO&amp#27;[m &amp#27;[35m[@503 - main]&amp#27;[m &amp#27;[36mcom.shaft.tools.io.ReportManager&amp#27;[m : File Action "GetAbsolutePath" successfully performed. With the following test data "Relative Folder Path: "src/test/resources/testDataFiles/Schemas/Commission_schema.json"".
2023-02-07 10:55:01.810 &amp#27;[32m INFO&amp#27;[m &amp#27;[35m[@503 - main]&amp#27;[m &amp#27;[36mcom.shaft.tools.io.ReportManager&amp#27;[m : File Action "DoesFileExist" successfully performed. With the following test data "File Path: "C:\eclipse-workspace\MyProjects\TASystemsAPIs\src\test\resources\testDataFiles\Schemas\Commission_schema.json"".
2023-02-07 10:55:01.811 &amp#27;[32m INFO&amp#27;[m &amp#27;[35m[@503 - main]&amp#27;[m &amp#27;[36mcom.shaft.tools.io.ReportManager&amp#27;[m : File Action "GetAbsolutePath" successfully performed. With the following test data "Relative Folder Path: "C:\eclipse-workspace\MyProjects\TASystemsAPIs\src\test\resources\testDataFiles\Schemas\Commission_schema.json"".
2023-02-07 10:55:01.811 &amp#27;[32m INFO&amp#27;[m &amp#27;[35m[@503 - main]&amp#27;[m &amp#27;[36mcom.shaft.tools.io.ReportManager&amp#27;[m : File Action "ReadFile" successfully performed. With the following test data "File Path: "C:\eclipse-workspace\MyProjects\TASystemsAPIs\src\test\resources\testDataFiles\Schemas\Commission_schema.json"".
2023-02-07 10:55:01.814 &amp#27;[32m INFO&amp#27;[m &amp#27;[35m[@503 - main]&amp#27;[m &amp#27;[36mcom.shaft.tools.io.ReportManager&amp#27;[m : Successfully created attachment "Validation Test Data - Expected JSON Value"
2023-02-07 10:55:01.815 &amp#27;[32m INFO&amp#27;[m &amp#27;[35m[@503 - main]&amp#27;[m &amp#27;[36mcom.shaft.tools.io.ReportManager&amp#27;[m : Successfully created attachment "Validation Test Data - Actual JSON Value"
2023-02-07 10:55:01.816 &amp#27;[32m INFO&amp#27;[m &amp#27;[35m[@503 - main]&amp#27;[m &amp#27;[36mcom.shaft.tools.io.ReportManager&amp#27;[m : Successfully created attachment "SHAFT Engine Logs - Current Method log: Valid_GET_all_Commissions_Rq_TC"
]]></system-out>
  </testcase>
  <testcase name="Valid_GET_all_Commissions_by_Qry_Rq_TC[[Ljava.lang.Object;@c90bda8](1)" classname="SteeringCompanyAPI_TestCases.Test_Commissions_Cases" time="1.493">
    <system-out><![CDATA[2023-02-07 10:55:01.825 &amp#27;[32m INFO&amp#27;[m &amp#27;[35m[@534 - main]&amp#27;[m &amp#27;[36mcom.shaft.tools.io.ReportManager&amp#27;[m : 
################################################################################################################################################
Starting Execution:	"29 out of 107" test cases in the current suite
Test Method:		"SteeringCompanyAPI_TestCases.Test_Commissions_Cases.Valid_GET_all_Commissions_by_Qry_Rq_TC"
Test Description:	"TC002  -Commission- Perform Get all Commissions API with pagination with valid user name and password"
################################################################################################################################################
2023-02-07 10:55:01.826 &amp#27;[32m INFO&amp#27;[m &amp#27;[35m[@503 - main]&amp#27;[m &amp#27;[36mcom.shaft.tools.io.ReportManager&amp#27;[m : File Action "DoesFileExist" successfully performed. With the following test data "File Path: "SteeringCompanyAPI_TestData/SteeringCompanyAPI_TestData.xlsx"".
2023-02-07 10:55:01.882 &amp#27;[32m INFO&amp#27;[m &amp#27;[35m[@503 - main]&amp#27;[m &amp#27;[36mcom.shaft.tools.io.ReportManager&amp#27;[m : Successfully created attachment "Test Data - Excel"
2023-02-07 10:55:02.516 &amp#27;[32m INFO&amp#27;[m &amp#27;[35m[@503 - main]&amp#27;[m &amp#27;[36mcom.shaft.tools.io.ReportManager&amp#27;[m : Response status code: "200", status line: "HTTP/1.1 200 OK"
2023-02-07 10:55:02.539 &amp#27;[32m INFO&amp#27;[m &amp#27;[35m[@503 - main]&amp#27;[m &amp#27;[36mcom.shaft.tools.io.ReportManager&amp#27;[m : Successfully created attachment "API Request - Specifications"
2023-02-07 10:55:02.542 &amp#27;[32m INFO&amp#27;[m &amp#27;[35m[@503 - main]&amp#27;[m &amp#27;[36mcom.shaft.tools.io.ReportManager&amp#27;[m : Successfully created attachment "API Request - Body"
2023-02-07 10:55:02.543 &amp#27;[32m INFO&amp#27;[m &amp#27;[35m[@503 - main]&amp#27;[m &amp#27;[36mcom.shaft.tools.io.ReportManager&amp#27;[m : Successfully created attachment "API Response - JSON Body"
2023-02-07 10:55:02.571 &amp#27;[32m INFO&amp#27;[m &amp#27;[35m[@503 - main]&amp#27;[m &amp#27;[36mcom.shaft.tools.io.ReportManager&amp#27;[m : File Action "DoesFileExist" successfully performed. With the following test data "File Path: "SteeringCompanyAPI_TestData/SteeringCompanyAPI_TestData.xlsx"".
2023-02-07 10:55:02.607 &amp#27;[32m INFO&amp#27;[m &amp#27;[35m[@503 - main]&amp#27;[m &amp#27;[36mcom.shaft.tools.io.ReportManager&amp#27;[m : Successfully created attachment "Test Data - Excel"
2023-02-07 10:55:02.608 &amp#27;[32m INFO&amp#27;[m &amp#27;[35m[@503 - main]&amp#27;[m &amp#27;[36mcom.shaft.tools.io.ReportManager&amp#27;[m : File Action "DoesFileExist" successfully performed. With the following test data "File Path: "SteeringCompanyAPI_TestData/SteeringCompanyAPI_TestData.xlsx"".
2023-02-07 10:55:02.646 &amp#27;[32m INFO&amp#27;[m &amp#27;[35m[@503 - main]&amp#27;[m &amp#27;[36mcom.shaft.tools.io.ReportManager&amp#27;[m : Successfully created attachment "Test Data - Excel"
2023-02-07 10:55:02.646 &amp#27;[32m INFO&amp#27;[m &amp#27;[35m[@503 - main]&amp#27;[m &amp#27;[36mcom.shaft.tools.io.ReportManager&amp#27;[m : File Action "DoesFileExist" successfully performed. With the following test data "File Path: "SteeringCompanyAPI_TestData/SteeringCompanyAPI_TestData.xlsx"".
2023-02-07 10:55:02.685 &amp#27;[32m INFO&amp#27;[m &amp#27;[35m[@503 - main]&amp#27;[m &amp#27;[36mcom.shaft.tools.io.ReportManager&amp#27;[m : Successfully created attachment "Test Data - Excel"
2023-02-07 10:55:03.228 &amp#27;[32m INFO&amp#27;[m &amp#27;[35m[@503 - main]&amp#27;[m &amp#27;[36mcom.shaft.tools.io.ReportManager&amp#27;[m : Response status code: "200", status line: "HTTP/1.1 200 "
2023-02-07 10:55:03.258 &amp#27;[32m INFO&amp#27;[m &amp#27;[35m[@503 - main]&amp#27;[m &amp#27;[36mcom.shaft.tools.io.ReportManager&amp#27;[m : Successfully created attachment "API Request - Specifications"
2023-02-07 10:55:03.263 &amp#27;[32m INFO&amp#27;[m &amp#27;[35m[@503 - main]&amp#27;[m &amp#27;[36mcom.shaft.tools.io.ReportManager&amp#27;[m : Successfully created attachment "API Response - JSON Body"
2023-02-07 10:55:03.267 &amp#27;[32m INFO&amp#27;[m &amp#27;[35m[@503 - main]&amp#27;[m &amp#27;[36mcom.shaft.tools.io.ReportManager&amp#27;[m : Successfully created attachment "Validation Test Data - Expected Value"
2023-02-07 10:55:03.269 &amp#27;[32m INFO&amp#27;[m &amp#27;[35m[@503 - main]&amp#27;[m &amp#27;[36mcom.shaft.tools.io.ReportManager&amp#27;[m : Successfully created attachment "Validation Test Data - Actual Value"
2023-02-07 10:55:03.273 &amp#27;[32m INFO&amp#27;[m &amp#27;[35m[@503 - main]&amp#27;[m &amp#27;[36mcom.shaft.tools.io.ReportManager&amp#27;[m : Get response jsonvalue "content".
2023-02-07 10:55:03.278 &amp#27;[32m INFO&amp#27;[m &amp#27;[35m[@503 - main]&amp#27;[m &amp#27;[36mcom.shaft.tools.io.ReportManager&amp#27;[m : Successfully created attachment "Validation Test Data - Expected Value"
2023-02-07 10:55:03.282 &amp#27;[32m INFO&amp#27;[m &amp#27;[35m[@503 - main]&amp#27;[m &amp#27;[36mcom.shaft.tools.io.ReportManager&amp#27;[m : Successfully created attachment "Validation Test Data - Actual Value"
2023-02-07 10:55:03.283 &amp#27;[32m INFO&amp#27;[m &amp#27;[35m[@503 - main]&amp#27;[m &amp#27;[36mcom.shaft.tools.io.ReportManager&amp#27;[m : File Action "DoesFileExist" successfully performed. With the following test data "File Path: "Schemas/Commission_schema.json"".
2023-02-07 10:55:03.283 &amp#27;[32m INFO&amp#27;[m &amp#27;[35m[@503 - main]&amp#27;[m &amp#27;[36mcom.shaft.tools.io.ReportManager&amp#27;[m : File Action "DoesFileExist" successfully performed. With the following test data "File Path: "src/test/resources/testDataFiles/Schemas/Commission_schema.json"".
2023-02-07 10:55:03.283 &amp#27;[32m INFO&amp#27;[m &amp#27;[35m[@503 - main]&amp#27;[m &amp#27;[36mcom.shaft.tools.io.ReportManager&amp#27;[m : File Action "GetAbsolutePath" successfully performed. With the following test data "Relative Folder Path: "src/test/resources/testDataFiles/Schemas/Commission_schema.json"".
2023-02-07 10:55:03.303 &amp#27;[32m INFO&amp#27;[m &amp#27;[35m[@503 - main]&amp#27;[m &amp#27;[36mcom.shaft.tools.io.ReportManager&amp#27;[m : File Action "DoesFileExist" successfully performed. With the following test data "File Path: "C:\eclipse-workspace\MyProjects\TASystemsAPIs\src\test\resources\testDataFiles\Schemas\Commission_schema.json"".
2023-02-07 10:55:03.305 &amp#27;[32m INFO&amp#27;[m &amp#27;[35m[@503 - main]&amp#27;[m &amp#27;[36mcom.shaft.tools.io.ReportManager&amp#27;[m : File Action "GetAbsolutePath" successfully performed. With the following test data "Relative Folder Path: "C:\eclipse-workspace\MyProjects\TASystemsAPIs\src\test\resources\testDataFiles\Schemas\Commission_schema.json"".
2023-02-07 10:55:03.307 &amp#27;[32m INFO&amp#27;[m &amp#27;[35m[@503 - main]&amp#27;[m &amp#27;[36mcom.shaft.tools.io.ReportManager&amp#27;[m : File Action "ReadFile" successfully performed. With the following test data "File Path: "C:\eclipse-workspace\MyProjects\TASystemsAPIs\src\test\resources\testDataFiles\Schemas\Commission_schema.json"".
2023-02-07 10:55:03.311 &amp#27;[32m INFO&amp#27;[m &amp#27;[35m[@503 - main]&amp#27;[m &amp#27;[36mcom.shaft.tools.io.ReportManager&amp#27;[m : Successfully created attachment "Validation Test Data - Expected JSON Value"
2023-02-07 10:55:03.312 &amp#27;[32m INFO&amp#27;[m &amp#27;[35m[@503 - main]&amp#27;[m &amp#27;[36mcom.shaft.tools.io.ReportManager&amp#27;[m : Successfully created attachment "Validation Test Data - Actual JSON Value"
2023-02-07 10:55:03.313 &amp#27;[32m INFO&amp#27;[m &amp#27;[35m[@503 - main]&amp#27;[m &amp#27;[36mcom.shaft.tools.io.ReportManager&amp#27;[m : Successfully created attachment "SHAFT Engine Logs - Current Method log: Valid_GET_all_Commissions_by_Qry_Rq_TC"
]]></system-out>
  </testcase>
  <testcase name="Valid_GET_all_Commissions_by_Qry_Rq_TC[[Ljava.lang.Object;@2f2fda15](2)" classname="SteeringCompanyAPI_TestCases.Test_Commissions_Cases" time="2.06">
    <system-out><![CDATA[2023-02-07 10:55:03.325 &amp#27;[32m INFO&amp#27;[m &amp#27;[35m[@534 - main]&amp#27;[m &amp#27;[36mcom.shaft.tools.io.ReportManager&amp#27;[m : 
################################################################################################################################################
Starting Execution:	"30 out of 107" test cases in the current suite
Test Method:		"SteeringCompanyAPI_TestCases.Test_Commissions_Cases.Valid_GET_all_Commissions_by_Qry_Rq_TC"
Test Description:	"TC002  -Commission- Perform Get all Commissions API with pagination with valid user name and password"
################################################################################################################################################
2023-02-07 10:55:03.326 &amp#27;[32m INFO&amp#27;[m &amp#27;[35m[@503 - main]&amp#27;[m &amp#27;[36mcom.shaft.tools.io.ReportManager&amp#27;[m : File Action "DoesFileExist" successfully performed. With the following test data "File Path: "SteeringCompanyAPI_TestData/SteeringCompanyAPI_TestData.xlsx"".
2023-02-07 10:55:03.386 &amp#27;[32m INFO&amp#27;[m &amp#27;[35m[@503 - main]&amp#27;[m &amp#27;[36mcom.shaft.tools.io.ReportManager&amp#27;[m : Successfully created attachment "Test Data - Excel"
2023-02-07 10:55:04.391 &amp#27;[32m INFO&amp#27;[m &amp#27;[35m[@503 - main]&amp#27;[m &amp#27;[36mcom.shaft.tools.io.ReportManager&amp#27;[m : Response status code: "200", status line: "HTTP/1.1 200 OK"
2023-02-07 10:55:04.412 &amp#27;[32m INFO&amp#27;[m &amp#27;[35m[@503 - main]&amp#27;[m &amp#27;[36mcom.shaft.tools.io.ReportManager&amp#27;[m : Successfully created attachment "API Request - Specifications"
2023-02-07 10:55:04.413 &amp#27;[32m INFO&amp#27;[m &amp#27;[35m[@503 - main]&amp#27;[m &amp#27;[36mcom.shaft.tools.io.ReportManager&amp#27;[m : Successfully created attachment "API Request - Body"
2023-02-07 10:55:04.415 &amp#27;[32m INFO&amp#27;[m &amp#27;[35m[@503 - main]&amp#27;[m &amp#27;[36mcom.shaft.tools.io.ReportManager&amp#27;[m : Successfully created attachment "API Response - JSON Body"
2023-02-07 10:55:04.443 &amp#27;[32m INFO&amp#27;[m &amp#27;[35m[@503 - main]&amp#27;[m &amp#27;[36mcom.shaft.tools.io.ReportManager&amp#27;[m : File Action "DoesFileExist" successfully performed. With the following test data "File Path: "SteeringCompanyAPI_TestData/SteeringCompanyAPI_TestData.xlsx"".
2023-02-07 10:55:04.494 &amp#27;[32m INFO&amp#27;[m &amp#27;[35m[@503 - main]&amp#27;[m &amp#27;[36mcom.shaft.tools.io.ReportManager&amp#27;[m : Successfully created attachment "Test Data - Excel"
2023-02-07 10:55:04.494 &amp#27;[32m INFO&amp#27;[m &amp#27;[35m[@503 - main]&amp#27;[m &amp#27;[36mcom.shaft.tools.io.ReportManager&amp#27;[m : File Action "DoesFileExist" successfully performed. With the following test data "File Path: "SteeringCompanyAPI_TestData/SteeringCompanyAPI_TestData.xlsx"".
2023-02-07 10:55:04.549 &amp#27;[32m INFO&amp#27;[m &amp#27;[35m[@503 - main]&amp#27;[m &amp#27;[36mcom.shaft.tools.io.ReportManager&amp#27;[m : Successfully created attachment "Test Data - Excel"
2023-02-07 10:55:04.550 &amp#27;[32m INFO&amp#27;[m &amp#27;[35m[@503 - main]&amp#27;[m &amp#27;[36mcom.shaft.tools.io.ReportManager&amp#27;[m : File Action "DoesFileExist" successfully performed. With the following test data "File Path: "SteeringCompanyAPI_TestData/SteeringCompanyAPI_TestData.xlsx"".
2023-02-07 10:55:04.604 &amp#27;[32m INFO&amp#27;[m &amp#27;[35m[@503 - main]&amp#27;[m &amp#27;[36mcom.shaft.tools.io.ReportManager&amp#27;[m : Successfully created attachment "Test Data - Excel"
2023-02-07 10:55:05.328 &amp#27;[32m INFO&amp#27;[m &amp#27;[35m[@503 - main]&amp#27;[m &amp#27;[36mcom.shaft.tools.io.ReportManager&amp#27;[m : Response status code: "200", status line: "HTTP/1.1 200 "
2023-02-07 10:55:05.356 &amp#27;[32m INFO&amp#27;[m &amp#27;[35m[@503 - main]&amp#27;[m &amp#27;[36mcom.shaft.tools.io.ReportManager&amp#27;[m : Successfully created attachment "API Request - Specifications"
2023-02-07 10:55:05.358 &amp#27;[32m INFO&amp#27;[m &amp#27;[35m[@503 - main]&amp#27;[m &amp#27;[36mcom.shaft.tools.io.ReportManager&amp#27;[m : Successfully created attachment "API Response - JSON Body"
2023-02-07 10:55:05.361 &amp#27;[32m INFO&amp#27;[m &amp#27;[35m[@503 - main]&amp#27;[m &amp#27;[36mcom.shaft.tools.io.ReportManager&amp#27;[m : Get response jsonvalue "content".
2023-02-07 10:55:05.362 &amp#27;[32m INFO&amp#27;[m &amp#27;[35m[@503 - main]&amp#27;[m &amp#27;[36mcom.shaft.tools.io.ReportManager&amp#27;[m : File Action "DoesFileExist" successfully performed. With the following test data "File Path: "Schemas/Commission_schema.json"".
2023-02-07 10:55:05.363 &amp#27;[32m INFO&amp#27;[m &amp#27;[35m[@503 - main]&amp#27;[m &amp#27;[36mcom.shaft.tools.io.ReportManager&amp#27;[m : File Action "DoesFileExist" successfully performed. With the following test data "File Path: "src/test/resources/testDataFiles/Schemas/Commission_schema.json"".
2023-02-07 10:55:05.363 &amp#27;[32m INFO&amp#27;[m &amp#27;[35m[@503 - main]&amp#27;[m &amp#27;[36mcom.shaft.tools.io.ReportManager&amp#27;[m : File Action "GetAbsolutePath" successfully performed. With the following test data "Relative Folder Path: "src/test/resources/testDataFiles/Schemas/Commission_schema.json"".
2023-02-07 10:55:05.369 &amp#27;[32m INFO&amp#27;[m &amp#27;[35m[@503 - main]&amp#27;[m &amp#27;[36mcom.shaft.tools.io.ReportManager&amp#27;[m : File Action "DoesFileExist" successfully performed. With the following test data "File Path: "C:\eclipse-workspace\MyProjects\TASystemsAPIs\src\test\resources\testDataFiles\Schemas\Commission_schema.json"".
2023-02-07 10:55:05.369 &amp#27;[32m INFO&amp#27;[m &amp#27;[35m[@503 - main]&amp#27;[m &amp#27;[36mcom.shaft.tools.io.ReportManager&amp#27;[m : File Action "GetAbsolutePath" successfully performed. With the following test data "Relative Folder Path: "C:\eclipse-workspace\MyProjects\TASystemsAPIs\src\test\resources\testDataFiles\Schemas\Commission_schema.json"".
2023-02-07 10:55:05.370 &amp#27;[32m INFO&amp#27;[m &amp#27;[35m[@503 - main]&amp#27;[m &amp#27;[36mcom.shaft.tools.io.ReportManager&amp#27;[m : File Action "ReadFile" successfully performed. With the following test data "File Path: "C:\eclipse-workspace\MyProjects\TASystemsAPIs\src\test\resources\testDataFiles\Schemas\Commission_schema.json"".
2023-02-07 10:55:05.373 &amp#27;[32m INFO&amp#27;[m &amp#27;[35m[@503 - main]&amp#27;[m &amp#27;[36mcom.shaft.tools.io.ReportManager&amp#27;[m : Successfully created attachment "Validation Test Data - Expected JSON Value"
2023-02-07 10:55:05.374 &amp#27;[32m INFO&amp#27;[m &amp#27;[35m[@503 - main]&amp#27;[m &amp#27;[36mcom.shaft.tools.io.ReportManager&amp#27;[m : Successfully created attachment "Validation Test Data - Actual JSON Value"
2023-02-07 10:55:05.375 &amp#27;[32m INFO&amp#27;[m &amp#27;[35m[@503 - main]&amp#27;[m &amp#27;[36mcom.shaft.tools.io.ReportManager&amp#27;[m : Successfully created attachment "SHAFT Engine Logs - Current Method log: Valid_GET_all_Commissions_by_Qry_Rq_TC"
]]></system-out>
  </testcase>
  <testcase name="Valid_GET_all_Commissions_by_Qry_Rq_TC[[Ljava.lang.Object;@20d7df93](3)" classname="SteeringCompanyAPI_TestCases.Test_Commissions_Cases" time="2.438">
    <system-out><![CDATA[2023-02-07 10:55:05.382 &amp#27;[32m INFO&amp#27;[m &amp#27;[35m[@534 - main]&amp#27;[m &amp#27;[36mcom.shaft.tools.io.ReportManager&amp#27;[m : 
################################################################################################################################################
Starting Execution:	"31 out of 107" test cases in the current suite
Test Method:		"SteeringCompanyAPI_TestCases.Test_Commissions_Cases.Valid_GET_all_Commissions_by_Qry_Rq_TC"
Test Description:	"TC002  -Commission- Perform Get all Commissions API with pagination with valid user name and password"
################################################################################################################################################
2023-02-07 10:55:05.383 &amp#27;[32m INFO&amp#27;[m &amp#27;[35m[@503 - main]&amp#27;[m &amp#27;[36mcom.shaft.tools.io.ReportManager&amp#27;[m : File Action "DoesFileExist" successfully performed. With the following test data "File Path: "SteeringCompanyAPI_TestData/SteeringCompanyAPI_TestData.xlsx"".
2023-02-07 10:55:05.447 &amp#27;[32m INFO&amp#27;[m &amp#27;[35m[@503 - main]&amp#27;[m &amp#27;[36mcom.shaft.tools.io.ReportManager&amp#27;[m : Successfully created attachment "Test Data - Excel"
2023-02-07 10:55:07.103 &amp#27;[32m INFO&amp#27;[m &amp#27;[35m[@503 - main]&amp#27;[m &amp#27;[36mcom.shaft.tools.io.ReportManager&amp#27;[m : Response status code: "200", status line: "HTTP/1.1 200 OK"
2023-02-07 10:55:07.121 &amp#27;[32m INFO&amp#27;[m &amp#27;[35m[@503 - main]&amp#27;[m &amp#27;[36mcom.shaft.tools.io.ReportManager&amp#27;[m : Successfully created attachment "API Request - Specifications"
2023-02-07 10:55:07.123 &amp#27;[32m INFO&amp#27;[m &amp#27;[35m[@503 - main]&amp#27;[m &amp#27;[36mcom.shaft.tools.io.ReportManager&amp#27;[m : Successfully created attachment "API Request - Body"
2023-02-07 10:55:07.125 &amp#27;[32m INFO&amp#27;[m &amp#27;[35m[@503 - main]&amp#27;[m &amp#27;[36mcom.shaft.tools.io.ReportManager&amp#27;[m : Successfully created attachment "API Response - JSON Body"
2023-02-07 10:55:07.151 &amp#27;[32m INFO&amp#27;[m &amp#27;[35m[@503 - main]&amp#27;[m &amp#27;[36mcom.shaft.tools.io.ReportManager&amp#27;[m : File Action "DoesFileExist" successfully performed. With the following test data "File Path: "SteeringCompanyAPI_TestData/SteeringCompanyAPI_TestData.xlsx"".
2023-02-07 10:55:07.186 &amp#27;[32m INFO&amp#27;[m &amp#27;[35m[@503 - main]&amp#27;[m &amp#27;[36mcom.shaft.tools.io.ReportManager&amp#27;[m : Successfully created attachment "Test Data - Excel"
2023-02-07 10:55:07.187 &amp#27;[32m INFO&amp#27;[m &amp#27;[35m[@503 - main]&amp#27;[m &amp#27;[36mcom.shaft.tools.io.ReportManager&amp#27;[m : File Action "DoesFileExist" successfully performed. With the following test data "File Path: "SteeringCompanyAPI_TestData/SteeringCompanyAPI_TestData.xlsx"".
2023-02-07 10:55:07.220 &amp#27;[32m INFO&amp#27;[m &amp#27;[35m[@503 - main]&amp#27;[m &amp#27;[36mcom.shaft.tools.io.ReportManager&amp#27;[m : Successfully created attachment "Test Data - Excel"
2023-02-07 10:55:07.222 &amp#27;[32m INFO&amp#27;[m &amp#27;[35m[@503 - main]&amp#27;[m &amp#27;[36mcom.shaft.tools.io.ReportManager&amp#27;[m : File Action "DoesFileExist" successfully performed. With the following test data "File Path: "SteeringCompanyAPI_TestData/SteeringCompanyAPI_TestData.xlsx"".
2023-02-07 10:55:07.261 &amp#27;[32m INFO&amp#27;[m &amp#27;[35m[@503 - main]&amp#27;[m &amp#27;[36mcom.shaft.tools.io.ReportManager&amp#27;[m : Successfully created attachment "Test Data - Excel"
2023-02-07 10:55:07.765 &amp#27;[32m INFO&amp#27;[m &amp#27;[35m[@503 - main]&amp#27;[m &amp#27;[36mcom.shaft.tools.io.ReportManager&amp#27;[m : Response status code: "200", status line: "HTTP/1.1 200 "
2023-02-07 10:55:07.789 &amp#27;[32m INFO&amp#27;[m &amp#27;[35m[@503 - main]&amp#27;[m &amp#27;[36mcom.shaft.tools.io.ReportManager&amp#27;[m : Successfully created attachment "API Request - Specifications"
2023-02-07 10:55:07.792 &amp#27;[32m INFO&amp#27;[m &amp#27;[35m[@503 - main]&amp#27;[m &amp#27;[36mcom.shaft.tools.io.ReportManager&amp#27;[m : Successfully created attachment "API Response - JSON Body"
2023-02-07 10:55:07.795 &amp#27;[32m INFO&amp#27;[m &amp#27;[35m[@503 - main]&amp#27;[m &amp#27;[36mcom.shaft.tools.io.ReportManager&amp#27;[m : Get response jsonvalue "content".
2023-02-07 10:55:07.797 &amp#27;[32m INFO&amp#27;[m &amp#27;[35m[@503 - main]&amp#27;[m &amp#27;[36mcom.shaft.tools.io.ReportManager&amp#27;[m : File Action "DoesFileExist" successfully performed. With the following test data "File Path: "Schemas/Commission_schema.json"".
2023-02-07 10:55:07.797 &amp#27;[32m INFO&amp#27;[m &amp#27;[35m[@503 - main]&amp#27;[m &amp#27;[36mcom.shaft.tools.io.ReportManager&amp#27;[m : File Action "DoesFileExist" successfully performed. With the following test data "File Path: "src/test/resources/testDataFiles/Schemas/Commission_schema.json"".
2023-02-07 10:55:07.797 &amp#27;[32m INFO&amp#27;[m &amp#27;[35m[@503 - main]&amp#27;[m &amp#27;[36mcom.shaft.tools.io.ReportManager&amp#27;[m : File Action "GetAbsolutePath" successfully performed. With the following test data "Relative Folder Path: "src/test/resources/testDataFiles/Schemas/Commission_schema.json"".
2023-02-07 10:55:07.807 &amp#27;[32m INFO&amp#27;[m &amp#27;[35m[@503 - main]&amp#27;[m &amp#27;[36mcom.shaft.tools.io.ReportManager&amp#27;[m : File Action "DoesFileExist" successfully performed. With the following test data "File Path: "C:\eclipse-workspace\MyProjects\TASystemsAPIs\src\test\resources\testDataFiles\Schemas\Commission_schema.json"".
2023-02-07 10:55:07.808 &amp#27;[32m INFO&amp#27;[m &amp#27;[35m[@503 - main]&amp#27;[m &amp#27;[36mcom.shaft.tools.io.ReportManager&amp#27;[m : File Action "GetAbsolutePath" successfully performed. With the following test data "Relative Folder Path: "C:\eclipse-workspace\MyProjects\TASystemsAPIs\src\test\resources\testDataFiles\Schemas\Commission_schema.json"".
2023-02-07 10:55:07.808 &amp#27;[32m INFO&amp#27;[m &amp#27;[35m[@503 - main]&amp#27;[m &amp#27;[36mcom.shaft.tools.io.ReportManager&amp#27;[m : File Action "ReadFile" successfully performed. With the following test data "File Path: "C:\eclipse-workspace\MyProjects\TASystemsAPIs\src\test\resources\testDataFiles\Schemas\Commission_schema.json"".
2023-02-07 10:55:07.813 &amp#27;[32m INFO&amp#27;[m &amp#27;[35m[@503 - main]&amp#27;[m &amp#27;[36mcom.shaft.tools.io.ReportManager&amp#27;[m : Successfully created attachment "Validation Test Data - Expected JSON Value"
2023-02-07 10:55:07.813 &amp#27;[32m INFO&amp#27;[m &amp#27;[35m[@503 - main]&amp#27;[m &amp#27;[36mcom.shaft.tools.io.ReportManager&amp#27;[m : Successfully created attachment "Validation Test Data - Actual JSON Value"
2023-02-07 10:55:07.815 &amp#27;[32m INFO&amp#27;[m &amp#27;[35m[@503 - main]&amp#27;[m &amp#27;[36mcom.shaft.tools.io.ReportManager&amp#27;[m : Successfully created attachment "SHAFT Engine Logs - Current Method log: Valid_GET_all_Commissions_by_Qry_Rq_TC"
]]></system-out>
  </testcase>
  <testcase name="Valid_GET_all_Commissions_by_Qry_Rq_TC[[Ljava.lang.Object;@fdc3b84](4)" classname="SteeringCompanyAPI_TestCases.Test_Commissions_Cases" time="2.997">
    <system-out><![CDATA[2023-02-07 10:55:07.818 &amp#27;[32m INFO&amp#27;[m &amp#27;[35m[@534 - main]&amp#27;[m &amp#27;[36mcom.shaft.tools.io.ReportManager&amp#27;[m : 
################################################################################################################################################
Starting Execution:	"32 out of 107" test cases in the current suite
Test Method:		"SteeringCompanyAPI_TestCases.Test_Commissions_Cases.Valid_GET_all_Commissions_by_Qry_Rq_TC"
Test Description:	"TC002  -Commission- Perform Get all Commissions API with pagination with valid user name and password"
################################################################################################################################################
2023-02-07 10:55:07.819 &amp#27;[32m INFO&amp#27;[m &amp#27;[35m[@503 - main]&amp#27;[m &amp#27;[36mcom.shaft.tools.io.ReportManager&amp#27;[m : File Action "DoesFileExist" successfully performed. With the following test data "File Path: "SteeringCompanyAPI_TestData/SteeringCompanyAPI_TestData.xlsx"".
2023-02-07 10:55:07.861 &amp#27;[32m INFO&amp#27;[m &amp#27;[35m[@503 - main]&amp#27;[m &amp#27;[36mcom.shaft.tools.io.ReportManager&amp#27;[m : Successfully created attachment "Test Data - Excel"
2023-02-07 10:55:09.457 &amp#27;[32m INFO&amp#27;[m &amp#27;[35m[@503 - main]&amp#27;[m &amp#27;[36mcom.shaft.tools.io.ReportManager&amp#27;[m : Response status code: "200", status line: "HTTP/1.1 200 OK"
2023-02-07 10:55:09.482 &amp#27;[32m INFO&amp#27;[m &amp#27;[35m[@503 - main]&amp#27;[m &amp#27;[36mcom.shaft.tools.io.ReportManager&amp#27;[m : Successfully created attachment "API Request - Specifications"
2023-02-07 10:55:09.485 &amp#27;[32m INFO&amp#27;[m &amp#27;[35m[@503 - main]&amp#27;[m &amp#27;[36mcom.shaft.tools.io.ReportManager&amp#27;[m : Successfully created attachment "API Request - Body"
2023-02-07 10:55:09.486 &amp#27;[32m INFO&amp#27;[m &amp#27;[35m[@503 - main]&amp#27;[m &amp#27;[36mcom.shaft.tools.io.ReportManager&amp#27;[m : Successfully created attachment "API Response - JSON Body"
2023-02-07 10:55:09.547 &amp#27;[32m INFO&amp#27;[m &amp#27;[35m[@503 - main]&amp#27;[m &amp#27;[36mcom.shaft.tools.io.ReportManager&amp#27;[m : File Action "DoesFileExist" successfully performed. With the following test data "File Path: "SteeringCompanyAPI_TestData/SteeringCompanyAPI_TestData.xlsx"".
2023-02-07 10:55:09.614 &amp#27;[32m INFO&amp#27;[m &amp#27;[35m[@503 - main]&amp#27;[m &amp#27;[36mcom.shaft.tools.io.ReportManager&amp#27;[m : Successfully created attachment "Test Data - Excel"
2023-02-07 10:55:09.615 &amp#27;[32m INFO&amp#27;[m &amp#27;[35m[@503 - main]&amp#27;[m &amp#27;[36mcom.shaft.tools.io.ReportManager&amp#27;[m : File Action "DoesFileExist" successfully performed. With the following test data "File Path: "SteeringCompanyAPI_TestData/SteeringCompanyAPI_TestData.xlsx"".
2023-02-07 10:55:09.662 &amp#27;[32m INFO&amp#27;[m &amp#27;[35m[@503 - main]&amp#27;[m &amp#27;[36mcom.shaft.tools.io.ReportManager&amp#27;[m : Successfully created attachment "Test Data - Excel"
2023-02-07 10:55:09.662 &amp#27;[32m INFO&amp#27;[m &amp#27;[35m[@503 - main]&amp#27;[m &amp#27;[36mcom.shaft.tools.io.ReportManager&amp#27;[m : File Action "DoesFileExist" successfully performed. With the following test data "File Path: "SteeringCompanyAPI_TestData/SteeringCompanyAPI_TestData.xlsx"".
2023-02-07 10:55:09.705 &amp#27;[32m INFO&amp#27;[m &amp#27;[35m[@503 - main]&amp#27;[m &amp#27;[36mcom.shaft.tools.io.ReportManager&amp#27;[m : Successfully created attachment "Test Data - Excel"
2023-02-07 10:55:10.760 &amp#27;[32m INFO&amp#27;[m &amp#27;[35m[@503 - main]&amp#27;[m &amp#27;[36mcom.shaft.tools.io.ReportManager&amp#27;[m : Response status code: "200", status line: "HTTP/1.1 200 "
2023-02-07 10:55:10.789 &amp#27;[32m INFO&amp#27;[m &amp#27;[35m[@503 - main]&amp#27;[m &amp#27;[36mcom.shaft.tools.io.ReportManager&amp#27;[m : Successfully created attachment "API Request - Specifications"
2023-02-07 10:55:10.791 &amp#27;[32m INFO&amp#27;[m &amp#27;[35m[@503 - main]&amp#27;[m &amp#27;[36mcom.shaft.tools.io.ReportManager&amp#27;[m : Successfully created attachment "API Response - JSON Body"
2023-02-07 10:55:10.793 &amp#27;[32m INFO&amp#27;[m &amp#27;[35m[@503 - main]&amp#27;[m &amp#27;[36mcom.shaft.tools.io.ReportManager&amp#27;[m : Successfully created attachment "Validation Test Data - Expected Value"
2023-02-07 10:55:10.795 &amp#27;[32m INFO&amp#27;[m &amp#27;[35m[@503 - main]&amp#27;[m &amp#27;[36mcom.shaft.tools.io.ReportManager&amp#27;[m : Successfully created attachment "Validation Test Data - Actual Value"
2023-02-07 10:55:10.798 &amp#27;[32m INFO&amp#27;[m &amp#27;[35m[@503 - main]&amp#27;[m &amp#27;[36mcom.shaft.tools.io.ReportManager&amp#27;[m : Get response jsonvalue "content".
2023-02-07 10:55:10.799 &amp#27;[32m INFO&amp#27;[m &amp#27;[35m[@503 - main]&amp#27;[m &amp#27;[36mcom.shaft.tools.io.ReportManager&amp#27;[m : Successfully created attachment "Validation Test Data - Expected Value"
2023-02-07 10:55:10.800 &amp#27;[32m INFO&amp#27;[m &amp#27;[35m[@503 - main]&amp#27;[m &amp#27;[36mcom.shaft.tools.io.ReportManager&amp#27;[m : Successfully created attachment "Validation Test Data - Actual Value"
2023-02-07 10:55:10.800 &amp#27;[32m INFO&amp#27;[m &amp#27;[35m[@503 - main]&amp#27;[m &amp#27;[36mcom.shaft.tools.io.ReportManager&amp#27;[m : File Action "DoesFileExist" successfully performed. With the following test data "File Path: "Schemas/Commission_schema.json"".
2023-02-07 10:55:10.800 &amp#27;[32m INFO&amp#27;[m &amp#27;[35m[@503 - main]&amp#27;[m &amp#27;[36mcom.shaft.tools.io.ReportManager&amp#27;[m : File Action "DoesFileExist" successfully performed. With the following test data "File Path: "src/test/resources/testDataFiles/Schemas/Commission_schema.json"".
2023-02-07 10:55:10.800 &amp#27;[32m INFO&amp#27;[m &amp#27;[35m[@503 - main]&amp#27;[m &amp#27;[36mcom.shaft.tools.io.ReportManager&amp#27;[m : File Action "GetAbsolutePath" successfully performed. With the following test data "Relative Folder Path: "src/test/resources/testDataFiles/Schemas/Commission_schema.json"".
2023-02-07 10:55:10.805 &amp#27;[32m INFO&amp#27;[m &amp#27;[35m[@503 - main]&amp#27;[m &amp#27;[36mcom.shaft.tools.io.ReportManager&amp#27;[m : File Action "DoesFileExist" successfully performed. With the following test data "File Path: "C:\eclipse-workspace\MyProjects\TASystemsAPIs\src\test\resources\testDataFiles\Schemas\Commission_schema.json"".
2023-02-07 10:55:10.806 &amp#27;[32m INFO&amp#27;[m &amp#27;[35m[@503 - main]&amp#27;[m &amp#27;[36mcom.shaft.tools.io.ReportManager&amp#27;[m : File Action "GetAbsolutePath" successfully performed. With the following test data "Relative Folder Path: "C:\eclipse-workspace\MyProjects\TASystemsAPIs\src\test\resources\testDataFiles\Schemas\Commission_schema.json"".
2023-02-07 10:55:10.806 &amp#27;[32m INFO&amp#27;[m &amp#27;[35m[@503 - main]&amp#27;[m &amp#27;[36mcom.shaft.tools.io.ReportManager&amp#27;[m : File Action "ReadFile" successfully performed. With the following test data "File Path: "C:\eclipse-workspace\MyProjects\TASystemsAPIs\src\test\resources\testDataFiles\Schemas\Commission_schema.json"".
2023-02-07 10:55:10.808 &amp#27;[32m INFO&amp#27;[m &amp#27;[35m[@503 - main]&amp#27;[m &amp#27;[36mcom.shaft.tools.io.ReportManager&amp#27;[m : Successfully created attachment "Validation Test Data - Expected JSON Value"
2023-02-07 10:55:10.810 &amp#27;[32m INFO&amp#27;[m &amp#27;[35m[@503 - main]&amp#27;[m &amp#27;[36mcom.shaft.tools.io.ReportManager&amp#27;[m : Successfully created attachment "Validation Test Data - Actual JSON Value"
2023-02-07 10:55:10.812 &amp#27;[32m INFO&amp#27;[m &amp#27;[35m[@503 - main]&amp#27;[m &amp#27;[36mcom.shaft.tools.io.ReportManager&amp#27;[m : Successfully created attachment "SHAFT Engine Logs - Current Method log: Valid_GET_all_Commissions_by_Qry_Rq_TC"
]]></system-out>
  </testcase>
  <testcase name="Valid_GET_all_Commissions_by_Qry_Rq_TC[[Ljava.lang.Object;@4f554ab3](5)" classname="SteeringCompanyAPI_TestCases.Test_Commissions_Cases" time="3.309">
    <system-out><![CDATA[2023-02-07 10:55:10.816 &amp#27;[32m INFO&amp#27;[m &amp#27;[35m[@534 - main]&amp#27;[m &amp#27;[36mcom.shaft.tools.io.ReportManager&amp#27;[m : 
################################################################################################################################################
Starting Execution:	"33 out of 107" test cases in the current suite
Test Method:		"SteeringCompanyAPI_TestCases.Test_Commissions_Cases.Valid_GET_all_Commissions_by_Qry_Rq_TC"
Test Description:	"TC002  -Commission- Perform Get all Commissions API with pagination with valid user name and password"
################################################################################################################################################
2023-02-07 10:55:10.816 &amp#27;[32m INFO&amp#27;[m &amp#27;[35m[@503 - main]&amp#27;[m &amp#27;[36mcom.shaft.tools.io.ReportManager&amp#27;[m : File Action "DoesFileExist" successfully performed. With the following test data "File Path: "SteeringCompanyAPI_TestData/SteeringCompanyAPI_TestData.xlsx"".
2023-02-07 10:55:10.861 &amp#27;[32m INFO&amp#27;[m &amp#27;[35m[@503 - main]&amp#27;[m &amp#27;[36mcom.shaft.tools.io.ReportManager&amp#27;[m : Successfully created attachment "Test Data - Excel"
2023-02-07 10:55:12.921 &amp#27;[32m INFO&amp#27;[m &amp#27;[35m[@503 - main]&amp#27;[m &amp#27;[36mcom.shaft.tools.io.ReportManager&amp#27;[m : Response status code: "200", status line: "HTTP/1.1 200 OK"
2023-02-07 10:55:12.950 &amp#27;[32m INFO&amp#27;[m &amp#27;[35m[@503 - main]&amp#27;[m &amp#27;[36mcom.shaft.tools.io.ReportManager&amp#27;[m : Successfully created attachment "API Request - Specifications"
2023-02-07 10:55:12.954 &amp#27;[32m INFO&amp#27;[m &amp#27;[35m[@503 - main]&amp#27;[m &amp#27;[36mcom.shaft.tools.io.ReportManager&amp#27;[m : Successfully created attachment "API Request - Body"
2023-02-07 10:55:12.955 &amp#27;[32m INFO&amp#27;[m &amp#27;[35m[@503 - main]&amp#27;[m &amp#27;[36mcom.shaft.tools.io.ReportManager&amp#27;[m : Successfully created attachment "API Response - JSON Body"
2023-02-07 10:55:12.976 &amp#27;[32m INFO&amp#27;[m &amp#27;[35m[@503 - main]&amp#27;[m &amp#27;[36mcom.shaft.tools.io.ReportManager&amp#27;[m : File Action "DoesFileExist" successfully performed. With the following test data "File Path: "SteeringCompanyAPI_TestData/SteeringCompanyAPI_TestData.xlsx"".
2023-02-07 10:55:13.040 &amp#27;[32m INFO&amp#27;[m &amp#27;[35m[@503 - main]&amp#27;[m &amp#27;[36mcom.shaft.tools.io.ReportManager&amp#27;[m : Successfully created attachment "Test Data - Excel"
2023-02-07 10:55:13.041 &amp#27;[32m INFO&amp#27;[m &amp#27;[35m[@503 - main]&amp#27;[m &amp#27;[36mcom.shaft.tools.io.ReportManager&amp#27;[m : File Action "DoesFileExist" successfully performed. With the following test data "File Path: "SteeringCompanyAPI_TestData/SteeringCompanyAPI_TestData.xlsx"".
2023-02-07 10:55:13.083 &amp#27;[32m INFO&amp#27;[m &amp#27;[35m[@503 - main]&amp#27;[m &amp#27;[36mcom.shaft.tools.io.ReportManager&amp#27;[m : Successfully created attachment "Test Data - Excel"
2023-02-07 10:55:13.084 &amp#27;[32m INFO&amp#27;[m &amp#27;[35m[@503 - main]&amp#27;[m &amp#27;[36mcom.shaft.tools.io.ReportManager&amp#27;[m : File Action "DoesFileExist" successfully performed. With the following test data "File Path: "SteeringCompanyAPI_TestData/SteeringCompanyAPI_TestData.xlsx"".
2023-02-07 10:55:13.133 &amp#27;[32m INFO&amp#27;[m &amp#27;[35m[@503 - main]&amp#27;[m &amp#27;[36mcom.shaft.tools.io.ReportManager&amp#27;[m : Successfully created attachment "Test Data - Excel"
2023-02-07 10:55:14.035 &amp#27;[32m INFO&amp#27;[m &amp#27;[35m[@503 - main]&amp#27;[m &amp#27;[36mcom.shaft.tools.io.ReportManager&amp#27;[m : Response status code: "200", status line: "HTTP/1.1 200 "
2023-02-07 10:55:14.072 &amp#27;[32m INFO&amp#27;[m &amp#27;[35m[@503 - main]&amp#27;[m &amp#27;[36mcom.shaft.tools.io.ReportManager&amp#27;[m : Successfully created attachment "API Request - Specifications"
2023-02-07 10:55:14.077 &amp#27;[32m INFO&amp#27;[m &amp#27;[35m[@503 - main]&amp#27;[m &amp#27;[36mcom.shaft.tools.io.ReportManager&amp#27;[m : Successfully created attachment "API Response - JSON Body"
2023-02-07 10:55:14.081 &amp#27;[32m INFO&amp#27;[m &amp#27;[35m[@503 - main]&amp#27;[m &amp#27;[36mcom.shaft.tools.io.ReportManager&amp#27;[m : Successfully created attachment "Validation Test Data - Expected Value"
2023-02-07 10:55:14.081 &amp#27;[32m INFO&amp#27;[m &amp#27;[35m[@503 - main]&amp#27;[m &amp#27;[36mcom.shaft.tools.io.ReportManager&amp#27;[m : Successfully created attachment "Validation Test Data - Actual Value"
2023-02-07 10:55:14.088 &amp#27;[32m INFO&amp#27;[m &amp#27;[35m[@503 - main]&amp#27;[m &amp#27;[36mcom.shaft.tools.io.ReportManager&amp#27;[m : Get response jsonvalue "content".
2023-02-07 10:55:14.090 &amp#27;[32m INFO&amp#27;[m &amp#27;[35m[@503 - main]&amp#27;[m &amp#27;[36mcom.shaft.tools.io.ReportManager&amp#27;[m : Successfully created attachment "Validation Test Data - Expected Value"
2023-02-07 10:55:14.092 &amp#27;[32m INFO&amp#27;[m &amp#27;[35m[@503 - main]&amp#27;[m &amp#27;[36mcom.shaft.tools.io.ReportManager&amp#27;[m : Successfully created attachment "Validation Test Data - Actual Value"
2023-02-07 10:55:14.093 &amp#27;[32m INFO&amp#27;[m &amp#27;[35m[@503 - main]&amp#27;[m &amp#27;[36mcom.shaft.tools.io.ReportManager&amp#27;[m : File Action "DoesFileExist" successfully performed. With the following test data "File Path: "Schemas/Commission_schema.json"".
2023-02-07 10:55:14.094 &amp#27;[32m INFO&amp#27;[m &amp#27;[35m[@503 - main]&amp#27;[m &amp#27;[36mcom.shaft.tools.io.ReportManager&amp#27;[m : File Action "DoesFileExist" successfully performed. With the following test data "File Path: "src/test/resources/testDataFiles/Schemas/Commission_schema.json"".
2023-02-07 10:55:14.094 &amp#27;[32m INFO&amp#27;[m &amp#27;[35m[@503 - main]&amp#27;[m &amp#27;[36mcom.shaft.tools.io.ReportManager&amp#27;[m : File Action "GetAbsolutePath" successfully performed. With the following test data "Relative Folder Path: "src/test/resources/testDataFiles/Schemas/Commission_schema.json"".
2023-02-07 10:55:14.110 &amp#27;[32m INFO&amp#27;[m &amp#27;[35m[@503 - main]&amp#27;[m &amp#27;[36mcom.shaft.tools.io.ReportManager&amp#27;[m : File Action "DoesFileExist" successfully performed. With the following test data "File Path: "C:\eclipse-workspace\MyProjects\TASystemsAPIs\src\test\resources\testDataFiles\Schemas\Commission_schema.json"".
2023-02-07 10:55:14.110 &amp#27;[32m INFO&amp#27;[m &amp#27;[35m[@503 - main]&amp#27;[m &amp#27;[36mcom.shaft.tools.io.ReportManager&amp#27;[m : File Action "GetAbsolutePath" successfully performed. With the following test data "Relative Folder Path: "C:\eclipse-workspace\MyProjects\TASystemsAPIs\src\test\resources\testDataFiles\Schemas\Commission_schema.json"".
2023-02-07 10:55:14.112 &amp#27;[32m INFO&amp#27;[m &amp#27;[35m[@503 - main]&amp#27;[m &amp#27;[36mcom.shaft.tools.io.ReportManager&amp#27;[m : File Action "ReadFile" successfully performed. With the following test data "File Path: "C:\eclipse-workspace\MyProjects\TASystemsAPIs\src\test\resources\testDataFiles\Schemas\Commission_schema.json"".
2023-02-07 10:55:14.117 &amp#27;[32m INFO&amp#27;[m &amp#27;[35m[@503 - main]&amp#27;[m &amp#27;[36mcom.shaft.tools.io.ReportManager&amp#27;[m : Successfully created attachment "Validation Test Data - Expected JSON Value"
2023-02-07 10:55:14.118 &amp#27;[32m INFO&amp#27;[m &amp#27;[35m[@503 - main]&amp#27;[m &amp#27;[36mcom.shaft.tools.io.ReportManager&amp#27;[m : Successfully created attachment "Validation Test Data - Actual JSON Value"
2023-02-07 10:55:14.121 &amp#27;[32m INFO&amp#27;[m &amp#27;[35m[@503 - main]&amp#27;[m &amp#27;[36mcom.shaft.tools.io.ReportManager&amp#27;[m : Successfully created attachment "SHAFT Engine Logs - Current Method log: Valid_GET_all_Commissions_by_Qry_Rq_TC"
]]></system-out>
  </testcase>
  <testcase name="Valid_GET_all_Commissions_by_Qry_Rq_TC[[Ljava.lang.Object;@76797720](6)" classname="SteeringCompanyAPI_TestCases.Test_Commissions_Cases" time="1.438">
    <system-out><![CDATA[2023-02-07 10:55:14.126 &amp#27;[32m INFO&amp#27;[m &amp#27;[35m[@534 - main]&amp#27;[m &amp#27;[36mcom.shaft.tools.io.ReportManager&amp#27;[m : 
################################################################################################################################################
Starting Execution:	"34 out of 107" test cases in the current suite
Test Method:		"SteeringCompanyAPI_TestCases.Test_Commissions_Cases.Valid_GET_all_Commissions_by_Qry_Rq_TC"
Test Description:	"TC002  -Commission- Perform Get all Commissions API with pagination with valid user name and password"
################################################################################################################################################
2023-02-07 10:55:14.127 &amp#27;[32m INFO&amp#27;[m &amp#27;[35m[@503 - main]&amp#27;[m &amp#27;[36mcom.shaft.tools.io.ReportManager&amp#27;[m : File Action "DoesFileExist" successfully performed. With the following test data "File Path: "SteeringCompanyAPI_TestData/SteeringCompanyAPI_TestData.xlsx"".
2023-02-07 10:55:14.185 &amp#27;[32m INFO&amp#27;[m &amp#27;[35m[@503 - main]&amp#27;[m &amp#27;[36mcom.shaft.tools.io.ReportManager&amp#27;[m : Successfully created attachment "Test Data - Excel"
2023-02-07 10:55:14.815 &amp#27;[32m INFO&amp#27;[m &amp#27;[35m[@503 - main]&amp#27;[m &amp#27;[36mcom.shaft.tools.io.ReportManager&amp#27;[m : Response status code: "200", status line: "HTTP/1.1 200 OK"
2023-02-07 10:55:14.834 &amp#27;[32m INFO&amp#27;[m &amp#27;[35m[@503 - main]&amp#27;[m &amp#27;[36mcom.shaft.tools.io.ReportManager&amp#27;[m : Successfully created attachment "API Request - Specifications"
2023-02-07 10:55:14.835 &amp#27;[32m INFO&amp#27;[m &amp#27;[35m[@503 - main]&amp#27;[m &amp#27;[36mcom.shaft.tools.io.ReportManager&amp#27;[m : Successfully created attachment "API Request - Body"
2023-02-07 10:55:14.835 &amp#27;[32m INFO&amp#27;[m &amp#27;[35m[@503 - main]&amp#27;[m &amp#27;[36mcom.shaft.tools.io.ReportManager&amp#27;[m : Successfully created attachment "API Response - JSON Body"
2023-02-07 10:55:14.854 &amp#27;[32m INFO&amp#27;[m &amp#27;[35m[@503 - main]&amp#27;[m &amp#27;[36mcom.shaft.tools.io.ReportManager&amp#27;[m : File Action "DoesFileExist" successfully performed. With the following test data "File Path: "SteeringCompanyAPI_TestData/SteeringCompanyAPI_TestData.xlsx"".
2023-02-07 10:55:14.893 &amp#27;[32m INFO&amp#27;[m &amp#27;[35m[@503 - main]&amp#27;[m &amp#27;[36mcom.shaft.tools.io.ReportManager&amp#27;[m : Successfully created attachment "Test Data - Excel"
2023-02-07 10:55:14.893 &amp#27;[32m INFO&amp#27;[m &amp#27;[35m[@503 - main]&amp#27;[m &amp#27;[36mcom.shaft.tools.io.ReportManager&amp#27;[m : File Action "DoesFileExist" successfully performed. With the following test data "File Path: "SteeringCompanyAPI_TestData/SteeringCompanyAPI_TestData.xlsx"".
2023-02-07 10:55:14.938 &amp#27;[32m INFO&amp#27;[m &amp#27;[35m[@503 - main]&amp#27;[m &amp#27;[36mcom.shaft.tools.io.ReportManager&amp#27;[m : Successfully created attachment "Test Data - Excel"
2023-02-07 10:55:14.938 &amp#27;[32m INFO&amp#27;[m &amp#27;[35m[@503 - main]&amp#27;[m &amp#27;[36mcom.shaft.tools.io.ReportManager&amp#27;[m : File Action "DoesFileExist" successfully performed. With the following test data "File Path: "SteeringCompanyAPI_TestData/SteeringCompanyAPI_TestData.xlsx"".
2023-02-07 10:55:14.978 &amp#27;[32m INFO&amp#27;[m &amp#27;[35m[@503 - main]&amp#27;[m &amp#27;[36mcom.shaft.tools.io.ReportManager&amp#27;[m : Successfully created attachment "Test Data - Excel"
2023-02-07 10:55:15.502 &amp#27;[32m INFO&amp#27;[m &amp#27;[35m[@503 - main]&amp#27;[m &amp#27;[36mcom.shaft.tools.io.ReportManager&amp#27;[m : Response status code: "200", status line: "HTTP/1.1 200 "
2023-02-07 10:55:15.532 &amp#27;[32m INFO&amp#27;[m &amp#27;[35m[@503 - main]&amp#27;[m &amp#27;[36mcom.shaft.tools.io.ReportManager&amp#27;[m : Successfully created attachment "API Request - Specifications"
2023-02-07 10:55:15.534 &amp#27;[32m INFO&amp#27;[m &amp#27;[35m[@503 - main]&amp#27;[m &amp#27;[36mcom.shaft.tools.io.ReportManager&amp#27;[m : Successfully created attachment "API Response - JSON Body"
2023-02-07 10:55:15.537 &amp#27;[32m INFO&amp#27;[m &amp#27;[35m[@503 - main]&amp#27;[m &amp#27;[36mcom.shaft.tools.io.ReportManager&amp#27;[m : Successfully created attachment "Validation Test Data - Expected Value"
2023-02-07 10:55:15.539 &amp#27;[32m INFO&amp#27;[m &amp#27;[35m[@503 - main]&amp#27;[m &amp#27;[36mcom.shaft.tools.io.ReportManager&amp#27;[m : Successfully created attachment "Validation Test Data - Actual Value"
2023-02-07 10:55:15.542 &amp#27;[32m INFO&amp#27;[m &amp#27;[35m[@503 - main]&amp#27;[m &amp#27;[36mcom.shaft.tools.io.ReportManager&amp#27;[m : Get response jsonvalue "content".
2023-02-07 10:55:15.543 &amp#27;[32m INFO&amp#27;[m &amp#27;[35m[@503 - main]&amp#27;[m &amp#27;[36mcom.shaft.tools.io.ReportManager&amp#27;[m : Successfully created attachment "Validation Test Data - Expected Value"
2023-02-07 10:55:15.544 &amp#27;[32m INFO&amp#27;[m &amp#27;[35m[@503 - main]&amp#27;[m &amp#27;[36mcom.shaft.tools.io.ReportManager&amp#27;[m : Successfully created attachment "Validation Test Data - Actual Value"
2023-02-07 10:55:15.546 &amp#27;[32m INFO&amp#27;[m &amp#27;[35m[@503 - main]&amp#27;[m &amp#27;[36mcom.shaft.tools.io.ReportManager&amp#27;[m : File Action "DoesFileExist" successfully performed. With the following test data "File Path: "Schemas/Commission_schema.json"".
2023-02-07 10:55:15.546 &amp#27;[32m INFO&amp#27;[m &amp#27;[35m[@503 - main]&amp#27;[m &amp#27;[36mcom.shaft.tools.io.ReportManager&amp#27;[m : File Action "DoesFileExist" successfully performed. With the following test data "File Path: "src/test/resources/testDataFiles/Schemas/Commission_schema.json"".
2023-02-07 10:55:15.546 &amp#27;[32m INFO&amp#27;[m &amp#27;[35m[@503 - main]&amp#27;[m &amp#27;[36mcom.shaft.tools.io.ReportManager&amp#27;[m : File Action "GetAbsolutePath" successfully performed. With the following test data "Relative Folder Path: "src/test/resources/testDataFiles/Schemas/Commission_schema.json"".
2023-02-07 10:55:15.554 &amp#27;[32m INFO&amp#27;[m &amp#27;[35m[@503 - main]&amp#27;[m &amp#27;[36mcom.shaft.tools.io.ReportManager&amp#27;[m : File Action "DoesFileExist" successfully performed. With the following test data "File Path: "C:\eclipse-workspace\MyProjects\TASystemsAPIs\src\test\resources\testDataFiles\Schemas\Commission_schema.json"".
2023-02-07 10:55:15.555 &amp#27;[32m INFO&amp#27;[m &amp#27;[35m[@503 - main]&amp#27;[m &amp#27;[36mcom.shaft.tools.io.ReportManager&amp#27;[m : File Action "GetAbsolutePath" successfully performed. With the following test data "Relative Folder Path: "C:\eclipse-workspace\MyProjects\TASystemsAPIs\src\test\resources\testDataFiles\Schemas\Commission_schema.json"".
2023-02-07 10:55:15.555 &amp#27;[32m INFO&amp#27;[m &amp#27;[35m[@503 - main]&amp#27;[m &amp#27;[36mcom.shaft.tools.io.ReportManager&amp#27;[m : File Action "ReadFile" successfully performed. With the following test data "File Path: "C:\eclipse-workspace\MyProjects\TASystemsAPIs\src\test\resources\testDataFiles\Schemas\Commission_schema.json"".
2023-02-07 10:55:15.557 &amp#27;[32m INFO&amp#27;[m &amp#27;[35m[@503 - main]&amp#27;[m &amp#27;[36mcom.shaft.tools.io.ReportManager&amp#27;[m : Successfully created attachment "Validation Test Data - Expected JSON Value"
2023-02-07 10:55:15.558 &amp#27;[32m INFO&amp#27;[m &amp#27;[35m[@503 - main]&amp#27;[m &amp#27;[36mcom.shaft.tools.io.ReportManager&amp#27;[m : Successfully created attachment "Validation Test Data - Actual JSON Value"
2023-02-07 10:55:15.559 &amp#27;[32m INFO&amp#27;[m &amp#27;[35m[@503 - main]&amp#27;[m &amp#27;[36mcom.shaft.tools.io.ReportManager&amp#27;[m : Successfully created attachment "SHAFT Engine Logs - Current Method log: Valid_GET_all_Commissions_by_Qry_Rq_TC"
]]></system-out>
  </testcase>
  <testcase name="Valid_GET_all_Commissions_by_Qry_Rq_TC[[Ljava.lang.Object;@4b693be7](7)" classname="SteeringCompanyAPI_TestCases.Test_Commissions_Cases" time="1.4">
    <system-out><![CDATA[2023-02-07 10:55:15.564 &amp#27;[32m INFO&amp#27;[m &amp#27;[35m[@534 - main]&amp#27;[m &amp#27;[36mcom.shaft.tools.io.ReportManager&amp#27;[m : 
################################################################################################################################################
Starting Execution:	"35 out of 107" test cases in the current suite
Test Method:		"SteeringCompanyAPI_TestCases.Test_Commissions_Cases.Valid_GET_all_Commissions_by_Qry_Rq_TC"
Test Description:	"TC002  -Commission- Perform Get all Commissions API with pagination with valid user name and password"
################################################################################################################################################
2023-02-07 10:55:15.565 &amp#27;[32m INFO&amp#27;[m &amp#27;[35m[@503 - main]&amp#27;[m &amp#27;[36mcom.shaft.tools.io.ReportManager&amp#27;[m : File Action "DoesFileExist" successfully performed. With the following test data "File Path: "SteeringCompanyAPI_TestData/SteeringCompanyAPI_TestData.xlsx"".
2023-02-07 10:55:15.614 &amp#27;[32m INFO&amp#27;[m &amp#27;[35m[@503 - main]&amp#27;[m &amp#27;[36mcom.shaft.tools.io.ReportManager&amp#27;[m : Successfully created attachment "Test Data - Excel"
2023-02-07 10:55:16.237 &amp#27;[32m INFO&amp#27;[m &amp#27;[35m[@503 - main]&amp#27;[m &amp#27;[36mcom.shaft.tools.io.ReportManager&amp#27;[m : Response status code: "200", status line: "HTTP/1.1 200 OK"
2023-02-07 10:55:16.261 &amp#27;[32m INFO&amp#27;[m &amp#27;[35m[@503 - main]&amp#27;[m &amp#27;[36mcom.shaft.tools.io.ReportManager&amp#27;[m : Successfully created attachment "API Request - Specifications"
2023-02-07 10:55:16.262 &amp#27;[32m INFO&amp#27;[m &amp#27;[35m[@503 - main]&amp#27;[m &amp#27;[36mcom.shaft.tools.io.ReportManager&amp#27;[m : Successfully created attachment "API Request - Body"
2023-02-07 10:55:16.264 &amp#27;[32m INFO&amp#27;[m &amp#27;[35m[@503 - main]&amp#27;[m &amp#27;[36mcom.shaft.tools.io.ReportManager&amp#27;[m : Successfully created attachment "API Response - JSON Body"
2023-02-07 10:55:16.284 &amp#27;[32m INFO&amp#27;[m &amp#27;[35m[@503 - main]&amp#27;[m &amp#27;[36mcom.shaft.tools.io.ReportManager&amp#27;[m : File Action "DoesFileExist" successfully performed. With the following test data "File Path: "SteeringCompanyAPI_TestData/SteeringCompanyAPI_TestData.xlsx"".
2023-02-07 10:55:16.307 &amp#27;[32m INFO&amp#27;[m &amp#27;[35m[@503 - main]&amp#27;[m &amp#27;[36mcom.shaft.tools.io.ReportManager&amp#27;[m : Successfully created attachment "Test Data - Excel"
2023-02-07 10:55:16.308 &amp#27;[32m INFO&amp#27;[m &amp#27;[35m[@503 - main]&amp#27;[m &amp#27;[36mcom.shaft.tools.io.ReportManager&amp#27;[m : File Action "DoesFileExist" successfully performed. With the following test data "File Path: "SteeringCompanyAPI_TestData/SteeringCompanyAPI_TestData.xlsx"".
2023-02-07 10:55:16.340 &amp#27;[32m INFO&amp#27;[m &amp#27;[35m[@503 - main]&amp#27;[m &amp#27;[36mcom.shaft.tools.io.ReportManager&amp#27;[m : Successfully created attachment "Test Data - Excel"
2023-02-07 10:55:16.340 &amp#27;[32m INFO&amp#27;[m &amp#27;[35m[@503 - main]&amp#27;[m &amp#27;[36mcom.shaft.tools.io.ReportManager&amp#27;[m : File Action "DoesFileExist" successfully performed. With the following test data "File Path: "SteeringCompanyAPI_TestData/SteeringCompanyAPI_TestData.xlsx"".
2023-02-07 10:55:16.370 &amp#27;[32m INFO&amp#27;[m &amp#27;[35m[@503 - main]&amp#27;[m &amp#27;[36mcom.shaft.tools.io.ReportManager&amp#27;[m : Successfully created attachment "Test Data - Excel"
2023-02-07 10:55:16.877 &amp#27;[32m INFO&amp#27;[m &amp#27;[35m[@503 - main]&amp#27;[m &amp#27;[36mcom.shaft.tools.io.ReportManager&amp#27;[m : Response status code: "200", status line: "HTTP/1.1 200 "
2023-02-07 10:55:16.905 &amp#27;[32m INFO&amp#27;[m &amp#27;[35m[@503 - main]&amp#27;[m &amp#27;[36mcom.shaft.tools.io.ReportManager&amp#27;[m : Successfully created attachment "API Request - Specifications"
2023-02-07 10:55:16.908 &amp#27;[32m INFO&amp#27;[m &amp#27;[35m[@503 - main]&amp#27;[m &amp#27;[36mcom.shaft.tools.io.ReportManager&amp#27;[m : Successfully created attachment "API Response - JSON Body"
2023-02-07 10:55:16.912 &amp#27;[32m INFO&amp#27;[m &amp#27;[35m[@503 - main]&amp#27;[m &amp#27;[36mcom.shaft.tools.io.ReportManager&amp#27;[m : Successfully created attachment "Validation Test Data - Expected Value"
2023-02-07 10:55:16.914 &amp#27;[32m INFO&amp#27;[m &amp#27;[35m[@503 - main]&amp#27;[m &amp#27;[36mcom.shaft.tools.io.ReportManager&amp#27;[m : Successfully created attachment "Validation Test Data - Actual Value"
2023-02-07 10:55:16.920 &amp#27;[32m INFO&amp#27;[m &amp#27;[35m[@503 - main]&amp#27;[m &amp#27;[36mcom.shaft.tools.io.ReportManager&amp#27;[m : Get response jsonvalue "content".
2023-02-07 10:55:16.924 &amp#27;[32m INFO&amp#27;[m &amp#27;[35m[@503 - main]&amp#27;[m &amp#27;[36mcom.shaft.tools.io.ReportManager&amp#27;[m : Successfully created attachment "Validation Test Data - Expected Value"
2023-02-07 10:55:16.927 &amp#27;[32m INFO&amp#27;[m &amp#27;[35m[@503 - main]&amp#27;[m &amp#27;[36mcom.shaft.tools.io.ReportManager&amp#27;[m : Successfully created attachment "Validation Test Data - Actual Value"
2023-02-07 10:55:16.928 &amp#27;[32m INFO&amp#27;[m &amp#27;[35m[@503 - main]&amp#27;[m &amp#27;[36mcom.shaft.tools.io.ReportManager&amp#27;[m : File Action "DoesFileExist" successfully performed. With the following test data "File Path: "Schemas/Commission_schema.json"".
2023-02-07 10:55:16.929 &amp#27;[32m INFO&amp#27;[m &amp#27;[35m[@503 - main]&amp#27;[m &amp#27;[36mcom.shaft.tools.io.ReportManager&amp#27;[m : File Action "DoesFileExist" successfully performed. With the following test data "File Path: "src/test/resources/testDataFiles/Schemas/Commission_schema.json"".
2023-02-07 10:55:16.929 &amp#27;[32m INFO&amp#27;[m &amp#27;[35m[@503 - main]&amp#27;[m &amp#27;[36mcom.shaft.tools.io.ReportManager&amp#27;[m : File Action "GetAbsolutePath" successfully performed. With the following test data "Relative Folder Path: "src/test/resources/testDataFiles/Schemas/Commission_schema.json"".
2023-02-07 10:55:16.944 &amp#27;[32m INFO&amp#27;[m &amp#27;[35m[@503 - main]&amp#27;[m &amp#27;[36mcom.shaft.tools.io.ReportManager&amp#27;[m : File Action "DoesFileExist" successfully performed. With the following test data "File Path: "C:\eclipse-workspace\MyProjects\TASystemsAPIs\src\test\resources\testDataFiles\Schemas\Commission_schema.json"".
2023-02-07 10:55:16.944 &amp#27;[32m INFO&amp#27;[m &amp#27;[35m[@503 - main]&amp#27;[m &amp#27;[36mcom.shaft.tools.io.ReportManager&amp#27;[m : File Action "GetAbsolutePath" successfully performed. With the following test data "Relative Folder Path: "C:\eclipse-workspace\MyProjects\TASystemsAPIs\src\test\resources\testDataFiles\Schemas\Commission_schema.json"".
2023-02-07 10:55:16.945 &amp#27;[32m INFO&amp#27;[m &amp#27;[35m[@503 - main]&amp#27;[m &amp#27;[36mcom.shaft.tools.io.ReportManager&amp#27;[m : File Action "ReadFile" successfully performed. With the following test data "File Path: "C:\eclipse-workspace\MyProjects\TASystemsAPIs\src\test\resources\testDataFiles\Schemas\Commission_schema.json"".
2023-02-07 10:55:16.949 &amp#27;[32m INFO&amp#27;[m &amp#27;[35m[@503 - main]&amp#27;[m &amp#27;[36mcom.shaft.tools.io.ReportManager&amp#27;[m : Successfully created attachment "Validation Test Data - Expected JSON Value"
2023-02-07 10:55:16.951 &amp#27;[32m INFO&amp#27;[m &amp#27;[35m[@503 - main]&amp#27;[m &amp#27;[36mcom.shaft.tools.io.ReportManager&amp#27;[m : Successfully created attachment "Validation Test Data - Actual JSON Value"
2023-02-07 10:55:16.956 &amp#27;[32m INFO&amp#27;[m &amp#27;[35m[@503 - main]&amp#27;[m &amp#27;[36mcom.shaft.tools.io.ReportManager&amp#27;[m : Successfully created attachment "SHAFT Engine Logs - Current Method log: Valid_GET_all_Commissions_by_Qry_Rq_TC"
]]></system-out>
  </testcase>
  <testcase name="Valid_GET_all_Commissions_by_Qry_Rq_TC[[Ljava.lang.Object;@31b280af](8)" classname="SteeringCompanyAPI_TestCases.Test_Commissions_Cases" time="1.434">
    <system-out><![CDATA[2023-02-07 10:55:16.963 &amp#27;[32m INFO&amp#27;[m &amp#27;[35m[@534 - main]&amp#27;[m &amp#27;[36mcom.shaft.tools.io.ReportManager&amp#27;[m : 
################################################################################################################################################
Starting Execution:	"36 out of 107" test cases in the current suite
Test Method:		"SteeringCompanyAPI_TestCases.Test_Commissions_Cases.Valid_GET_all_Commissions_by_Qry_Rq_TC"
Test Description:	"TC002  -Commission- Perform Get all Commissions API with pagination with valid user name and password"
################################################################################################################################################
2023-02-07 10:55:16.966 &amp#27;[32m INFO&amp#27;[m &amp#27;[35m[@503 - main]&amp#27;[m &amp#27;[36mcom.shaft.tools.io.ReportManager&amp#27;[m : File Action "DoesFileExist" successfully performed. With the following test data "File Path: "SteeringCompanyAPI_TestData/SteeringCompanyAPI_TestData.xlsx"".
2023-02-07 10:55:17.038 &amp#27;[32m INFO&amp#27;[m &amp#27;[35m[@503 - main]&amp#27;[m &amp#27;[36mcom.shaft.tools.io.ReportManager&amp#27;[m : Successfully created attachment "Test Data - Excel"
2023-02-07 10:55:17.656 &amp#27;[32m INFO&amp#27;[m &amp#27;[35m[@503 - main]&amp#27;[m &amp#27;[36mcom.shaft.tools.io.ReportManager&amp#27;[m : Response status code: "200", status line: "HTTP/1.1 200 OK"
2023-02-07 10:55:17.680 &amp#27;[32m INFO&amp#27;[m &amp#27;[35m[@503 - main]&amp#27;[m &amp#27;[36mcom.shaft.tools.io.ReportManager&amp#27;[m : Successfully created attachment "API Request - Specifications"
2023-02-07 10:55:17.681 &amp#27;[32m INFO&amp#27;[m &amp#27;[35m[@503 - main]&amp#27;[m &amp#27;[36mcom.shaft.tools.io.ReportManager&amp#27;[m : Successfully created attachment "API Request - Body"
2023-02-07 10:55:17.681 &amp#27;[32m INFO&amp#27;[m &amp#27;[35m[@503 - main]&amp#27;[m &amp#27;[36mcom.shaft.tools.io.ReportManager&amp#27;[m : Successfully created attachment "API Response - JSON Body"
2023-02-07 10:55:17.704 &amp#27;[32m INFO&amp#27;[m &amp#27;[35m[@503 - main]&amp#27;[m &amp#27;[36mcom.shaft.tools.io.ReportManager&amp#27;[m : File Action "DoesFileExist" successfully performed. With the following test data "File Path: "SteeringCompanyAPI_TestData/SteeringCompanyAPI_TestData.xlsx"".
2023-02-07 10:55:17.736 &amp#27;[32m INFO&amp#27;[m &amp#27;[35m[@503 - main]&amp#27;[m &amp#27;[36mcom.shaft.tools.io.ReportManager&amp#27;[m : Successfully created attachment "Test Data - Excel"
2023-02-07 10:55:17.736 &amp#27;[32m INFO&amp#27;[m &amp#27;[35m[@503 - main]&amp#27;[m &amp#27;[36mcom.shaft.tools.io.ReportManager&amp#27;[m : File Action "DoesFileExist" successfully performed. With the following test data "File Path: "SteeringCompanyAPI_TestData/SteeringCompanyAPI_TestData.xlsx"".
2023-02-07 10:55:17.757 &amp#27;[32m INFO&amp#27;[m &amp#27;[35m[@503 - main]&amp#27;[m &amp#27;[36mcom.shaft.tools.io.ReportManager&amp#27;[m : Successfully created attachment "Test Data - Excel"
2023-02-07 10:55:17.758 &amp#27;[32m INFO&amp#27;[m &amp#27;[35m[@503 - main]&amp#27;[m &amp#27;[36mcom.shaft.tools.io.ReportManager&amp#27;[m : File Action "DoesFileExist" successfully performed. With the following test data "File Path: "SteeringCompanyAPI_TestData/SteeringCompanyAPI_TestData.xlsx"".
2023-02-07 10:55:17.824 &amp#27;[32m INFO&amp#27;[m &amp#27;[35m[@503 - main]&amp#27;[m &amp#27;[36mcom.shaft.tools.io.ReportManager&amp#27;[m : Successfully created attachment "Test Data - Excel"
2023-02-07 10:55:18.344 &amp#27;[32m INFO&amp#27;[m &amp#27;[35m[@503 - main]&amp#27;[m &amp#27;[36mcom.shaft.tools.io.ReportManager&amp#27;[m : Response status code: "200", status line: "HTTP/1.1 200 "
2023-02-07 10:55:18.366 &amp#27;[32m INFO&amp#27;[m &amp#27;[35m[@503 - main]&amp#27;[m &amp#27;[36mcom.shaft.tools.io.ReportManager&amp#27;[m : Successfully created attachment "API Request - Specifications"
2023-02-07 10:55:18.368 &amp#27;[32m INFO&amp#27;[m &amp#27;[35m[@503 - main]&amp#27;[m &amp#27;[36mcom.shaft.tools.io.ReportManager&amp#27;[m : Successfully created attachment "API Response - JSON Body"
2023-02-07 10:55:18.371 &amp#27;[32m INFO&amp#27;[m &amp#27;[35m[@503 - main]&amp#27;[m &amp#27;[36mcom.shaft.tools.io.ReportManager&amp#27;[m : Successfully created attachment "Validation Test Data - Expected Value"
2023-02-07 10:55:18.373 &amp#27;[32m INFO&amp#27;[m &amp#27;[35m[@503 - main]&amp#27;[m &amp#27;[36mcom.shaft.tools.io.ReportManager&amp#27;[m : Successfully created attachment "Validation Test Data - Actual Value"
2023-02-07 10:55:18.377 &amp#27;[32m INFO&amp#27;[m &amp#27;[35m[@503 - main]&amp#27;[m &amp#27;[36mcom.shaft.tools.io.ReportManager&amp#27;[m : Get response jsonvalue "content".
2023-02-07 10:55:18.379 &amp#27;[32m INFO&amp#27;[m &amp#27;[35m[@503 - main]&amp#27;[m &amp#27;[36mcom.shaft.tools.io.ReportManager&amp#27;[m : Successfully created attachment "Validation Test Data - Expected Value"
2023-02-07 10:55:18.380 &amp#27;[32m INFO&amp#27;[m &amp#27;[35m[@503 - main]&amp#27;[m &amp#27;[36mcom.shaft.tools.io.ReportManager&amp#27;[m : Successfully created attachment "Validation Test Data - Actual Value"
2023-02-07 10:55:18.381 &amp#27;[32m INFO&amp#27;[m &amp#27;[35m[@503 - main]&amp#27;[m &amp#27;[36mcom.shaft.tools.io.ReportManager&amp#27;[m : File Action "DoesFileExist" successfully performed. With the following test data "File Path: "Schemas/Commission_schema.json"".
2023-02-07 10:55:18.381 &amp#27;[32m INFO&amp#27;[m &amp#27;[35m[@503 - main]&amp#27;[m &amp#27;[36mcom.shaft.tools.io.ReportManager&amp#27;[m : File Action "DoesFileExist" successfully performed. With the following test data "File Path: "src/test/resources/testDataFiles/Schemas/Commission_schema.json"".
2023-02-07 10:55:18.381 &amp#27;[32m INFO&amp#27;[m &amp#27;[35m[@503 - main]&amp#27;[m &amp#27;[36mcom.shaft.tools.io.ReportManager&amp#27;[m : File Action "GetAbsolutePath" successfully performed. With the following test data "Relative Folder Path: "src/test/resources/testDataFiles/Schemas/Commission_schema.json"".
2023-02-07 10:55:18.389 &amp#27;[32m INFO&amp#27;[m &amp#27;[35m[@503 - main]&amp#27;[m &amp#27;[36mcom.shaft.tools.io.ReportManager&amp#27;[m : File Action "DoesFileExist" successfully performed. With the following test data "File Path: "C:\eclipse-workspace\MyProjects\TASystemsAPIs\src\test\resources\testDataFiles\Schemas\Commission_schema.json"".
2023-02-07 10:55:18.389 &amp#27;[32m INFO&amp#27;[m &amp#27;[35m[@503 - main]&amp#27;[m &amp#27;[36mcom.shaft.tools.io.ReportManager&amp#27;[m : File Action "GetAbsolutePath" successfully performed. With the following test data "Relative Folder Path: "C:\eclipse-workspace\MyProjects\TASystemsAPIs\src\test\resources\testDataFiles\Schemas\Commission_schema.json"".
2023-02-07 10:55:18.389 &amp#27;[32m INFO&amp#27;[m &amp#27;[35m[@503 - main]&amp#27;[m &amp#27;[36mcom.shaft.tools.io.ReportManager&amp#27;[m : File Action "ReadFile" successfully performed. With the following test data "File Path: "C:\eclipse-workspace\MyProjects\TASystemsAPIs\src\test\resources\testDataFiles\Schemas\Commission_schema.json"".
2023-02-07 10:55:18.391 &amp#27;[32m INFO&amp#27;[m &amp#27;[35m[@503 - main]&amp#27;[m &amp#27;[36mcom.shaft.tools.io.ReportManager&amp#27;[m : Successfully created attachment "Validation Test Data - Expected JSON Value"
2023-02-07 10:55:18.392 &amp#27;[32m INFO&amp#27;[m &amp#27;[35m[@503 - main]&amp#27;[m &amp#27;[36mcom.shaft.tools.io.ReportManager&amp#27;[m : Successfully created attachment "Validation Test Data - Actual JSON Value"
2023-02-07 10:55:18.394 &amp#27;[32m INFO&amp#27;[m &amp#27;[35m[@503 - main]&amp#27;[m &amp#27;[36mcom.shaft.tools.io.ReportManager&amp#27;[m : Successfully created attachment "SHAFT Engine Logs - Current Method log: Valid_GET_all_Commissions_by_Qry_Rq_TC"
]]></system-out>
  </testcase>
  <testcase name="Valid_GET_all_Commissions_by_Qry_Rq_TC[[Ljava.lang.Object;@7e0aab75](9)" classname="SteeringCompanyAPI_TestCases.Test_Commissions_Cases" time="2.956">
    <system-out><![CDATA[2023-02-07 10:55:18.397 &amp#27;[32m INFO&amp#27;[m &amp#27;[35m[@534 - main]&amp#27;[m &amp#27;[36mcom.shaft.tools.io.ReportManager&amp#27;[m : 
################################################################################################################################################
Starting Execution:	"37 out of 107" test cases in the current suite
Test Method:		"SteeringCompanyAPI_TestCases.Test_Commissions_Cases.Valid_GET_all_Commissions_by_Qry_Rq_TC"
Test Description:	"TC002  -Commission- Perform Get all Commissions API with pagination with valid user name and password"
################################################################################################################################################
2023-02-07 10:55:18.398 &amp#27;[32m INFO&amp#27;[m &amp#27;[35m[@503 - main]&amp#27;[m &amp#27;[36mcom.shaft.tools.io.ReportManager&amp#27;[m : File Action "DoesFileExist" successfully performed. With the following test data "File Path: "SteeringCompanyAPI_TestData/SteeringCompanyAPI_TestData.xlsx"".
2023-02-07 10:55:18.424 &amp#27;[32m INFO&amp#27;[m &amp#27;[35m[@503 - main]&amp#27;[m &amp#27;[36mcom.shaft.tools.io.ReportManager&amp#27;[m : Successfully created attachment "Test Data - Excel"
2023-02-07 10:55:19.059 &amp#27;[32m INFO&amp#27;[m &amp#27;[35m[@503 - main]&amp#27;[m &amp#27;[36mcom.shaft.tools.io.ReportManager&amp#27;[m : Response status code: "200", status line: "HTTP/1.1 200 OK"
2023-02-07 10:55:19.084 &amp#27;[32m INFO&amp#27;[m &amp#27;[35m[@503 - main]&amp#27;[m &amp#27;[36mcom.shaft.tools.io.ReportManager&amp#27;[m : Successfully created attachment "API Request - Specifications"
2023-02-07 10:55:19.085 &amp#27;[32m INFO&amp#27;[m &amp#27;[35m[@503 - main]&amp#27;[m &amp#27;[36mcom.shaft.tools.io.ReportManager&amp#27;[m : Successfully created attachment "API Request - Body"
2023-02-07 10:55:19.088 &amp#27;[32m INFO&amp#27;[m &amp#27;[35m[@503 - main]&amp#27;[m &amp#27;[36mcom.shaft.tools.io.ReportManager&amp#27;[m : Successfully created attachment "API Response - JSON Body"
2023-02-07 10:55:19.109 &amp#27;[32m INFO&amp#27;[m &amp#27;[35m[@503 - main]&amp#27;[m &amp#27;[36mcom.shaft.tools.io.ReportManager&amp#27;[m : File Action "DoesFileExist" successfully performed. With the following test data "File Path: "SteeringCompanyAPI_TestData/SteeringCompanyAPI_TestData.xlsx"".
2023-02-07 10:55:19.155 &amp#27;[32m INFO&amp#27;[m &amp#27;[35m[@503 - main]&amp#27;[m &amp#27;[36mcom.shaft.tools.io.ReportManager&amp#27;[m : Successfully created attachment "Test Data - Excel"
2023-02-07 10:55:19.155 &amp#27;[32m INFO&amp#27;[m &amp#27;[35m[@503 - main]&amp#27;[m &amp#27;[36mcom.shaft.tools.io.ReportManager&amp#27;[m : File Action "DoesFileExist" successfully performed. With the following test data "File Path: "SteeringCompanyAPI_TestData/SteeringCompanyAPI_TestData.xlsx"".
2023-02-07 10:55:19.195 &amp#27;[32m INFO&amp#27;[m &amp#27;[35m[@503 - main]&amp#27;[m &amp#27;[36mcom.shaft.tools.io.ReportManager&amp#27;[m : Successfully created attachment "Test Data - Excel"
2023-02-07 10:55:19.196 &amp#27;[32m INFO&amp#27;[m &amp#27;[35m[@503 - main]&amp#27;[m &amp#27;[36mcom.shaft.tools.io.ReportManager&amp#27;[m : File Action "DoesFileExist" successfully performed. With the following test data "File Path: "SteeringCompanyAPI_TestData/SteeringCompanyAPI_TestData.xlsx"".
2023-02-07 10:55:19.229 &amp#27;[32m INFO&amp#27;[m &amp#27;[35m[@503 - main]&amp#27;[m &amp#27;[36mcom.shaft.tools.io.ReportManager&amp#27;[m : Successfully created attachment "Test Data - Excel"
2023-02-07 10:55:21.301 &amp#27;[32m INFO&amp#27;[m &amp#27;[35m[@503 - main]&amp#27;[m &amp#27;[36mcom.shaft.tools.io.ReportManager&amp#27;[m : Response status code: "200", status line: "HTTP/1.1 200 "
2023-02-07 10:55:21.324 &amp#27;[32m INFO&amp#27;[m &amp#27;[35m[@503 - main]&amp#27;[m &amp#27;[36mcom.shaft.tools.io.ReportManager&amp#27;[m : Successfully created attachment "API Request - Specifications"
2023-02-07 10:55:21.325 &amp#27;[32m INFO&amp#27;[m &amp#27;[35m[@503 - main]&amp#27;[m &amp#27;[36mcom.shaft.tools.io.ReportManager&amp#27;[m : Successfully created attachment "API Response - JSON Body"
2023-02-07 10:55:21.328 &amp#27;[32m INFO&amp#27;[m &amp#27;[35m[@503 - main]&amp#27;[m &amp#27;[36mcom.shaft.tools.io.ReportManager&amp#27;[m : Successfully created attachment "Validation Test Data - Expected Value"
2023-02-07 10:55:21.329 &amp#27;[32m INFO&amp#27;[m &amp#27;[35m[@503 - main]&amp#27;[m &amp#27;[36mcom.shaft.tools.io.ReportManager&amp#27;[m : Successfully created attachment "Validation Test Data - Actual Value"
2023-02-07 10:55:21.331 &amp#27;[32m INFO&amp#27;[m &amp#27;[35m[@503 - main]&amp#27;[m &amp#27;[36mcom.shaft.tools.io.ReportManager&amp#27;[m : Get response jsonvalue "content".
2023-02-07 10:55:21.332 &amp#27;[32m INFO&amp#27;[m &amp#27;[35m[@503 - main]&amp#27;[m &amp#27;[36mcom.shaft.tools.io.ReportManager&amp#27;[m : Successfully created attachment "Validation Test Data - Expected Value"
2023-02-07 10:55:21.335 &amp#27;[32m INFO&amp#27;[m &amp#27;[35m[@503 - main]&amp#27;[m &amp#27;[36mcom.shaft.tools.io.ReportManager&amp#27;[m : Successfully created attachment "Validation Test Data - Actual Value"
2023-02-07 10:55:21.335 &amp#27;[32m INFO&amp#27;[m &amp#27;[35m[@503 - main]&amp#27;[m &amp#27;[36mcom.shaft.tools.io.ReportManager&amp#27;[m : File Action "DoesFileExist" successfully performed. With the following test data "File Path: "Schemas/Commission_schema.json"".
2023-02-07 10:55:21.336 &amp#27;[32m INFO&amp#27;[m &amp#27;[35m[@503 - main]&amp#27;[m &amp#27;[36mcom.shaft.tools.io.ReportManager&amp#27;[m : File Action "DoesFileExist" successfully performed. With the following test data "File Path: "src/test/resources/testDataFiles/Schemas/Commission_schema.json"".
2023-02-07 10:55:21.336 &amp#27;[32m INFO&amp#27;[m &amp#27;[35m[@503 - main]&amp#27;[m &amp#27;[36mcom.shaft.tools.io.ReportManager&amp#27;[m : File Action "GetAbsolutePath" successfully performed. With the following test data "Relative Folder Path: "src/test/resources/testDataFiles/Schemas/Commission_schema.json"".
2023-02-07 10:55:21.341 &amp#27;[32m INFO&amp#27;[m &amp#27;[35m[@503 - main]&amp#27;[m &amp#27;[36mcom.shaft.tools.io.ReportManager&amp#27;[m : File Action "DoesFileExist" successfully performed. With the following test data "File Path: "C:\eclipse-workspace\MyProjects\TASystemsAPIs\src\test\resources\testDataFiles\Schemas\Commission_schema.json"".
2023-02-07 10:55:21.342 &amp#27;[32m INFO&amp#27;[m &amp#27;[35m[@503 - main]&amp#27;[m &amp#27;[36mcom.shaft.tools.io.ReportManager&amp#27;[m : File Action "GetAbsolutePath" successfully performed. With the following test data "Relative Folder Path: "C:\eclipse-workspace\MyProjects\TASystemsAPIs\src\test\resources\testDataFiles\Schemas\Commission_schema.json"".
2023-02-07 10:55:21.342 &amp#27;[32m INFO&amp#27;[m &amp#27;[35m[@503 - main]&amp#27;[m &amp#27;[36mcom.shaft.tools.io.ReportManager&amp#27;[m : File Action "ReadFile" successfully performed. With the following test data "File Path: "C:\eclipse-workspace\MyProjects\TASystemsAPIs\src\test\resources\testDataFiles\Schemas\Commission_schema.json"".
2023-02-07 10:55:21.344 &amp#27;[32m INFO&amp#27;[m &amp#27;[35m[@503 - main]&amp#27;[m &amp#27;[36mcom.shaft.tools.io.ReportManager&amp#27;[m : Successfully created attachment "Validation Test Data - Expected JSON Value"
2023-02-07 10:55:21.346 &amp#27;[32m INFO&amp#27;[m &amp#27;[35m[@503 - main]&amp#27;[m &amp#27;[36mcom.shaft.tools.io.ReportManager&amp#27;[m : Successfully created attachment "Validation Test Data - Actual JSON Value"
2023-02-07 10:55:21.348 &amp#27;[32m INFO&amp#27;[m &amp#27;[35m[@503 - main]&amp#27;[m &amp#27;[36mcom.shaft.tools.io.ReportManager&amp#27;[m : Successfully created attachment "SHAFT Engine Logs - Current Method log: Valid_GET_all_Commissions_by_Qry_Rq_TC"
]]></system-out>
  </testcase>
  <testcase name="Valid_GET_all_Commissions_by_Qry_Rq_TC[[Ljava.lang.Object;@34b5278f](10)" classname="SteeringCompanyAPI_TestCases.Test_Commissions_Cases" time="1.436">
    <system-out><![CDATA[2023-02-07 10:55:21.354 &amp#27;[32m INFO&amp#27;[m &amp#27;[35m[@534 - main]&amp#27;[m &amp#27;[36mcom.shaft.tools.io.ReportManager&amp#27;[m : 
################################################################################################################################################
Starting Execution:	"38 out of 107" test cases in the current suite
Test Method:		"SteeringCompanyAPI_TestCases.Test_Commissions_Cases.Valid_GET_all_Commissions_by_Qry_Rq_TC"
Test Description:	"TC002  -Commission- Perform Get all Commissions API with pagination with valid user name and password"
################################################################################################################################################
2023-02-07 10:55:21.355 &amp#27;[32m INFO&amp#27;[m &amp#27;[35m[@503 - main]&amp#27;[m &amp#27;[36mcom.shaft.tools.io.ReportManager&amp#27;[m : File Action "DoesFileExist" successfully performed. With the following test data "File Path: "SteeringCompanyAPI_TestData/SteeringCompanyAPI_TestData.xlsx"".
2023-02-07 10:55:21.388 &amp#27;[32m INFO&amp#27;[m &amp#27;[35m[@503 - main]&amp#27;[m &amp#27;[36mcom.shaft.tools.io.ReportManager&amp#27;[m : Successfully created attachment "Test Data - Excel"
2023-02-07 10:55:22.013 &amp#27;[32m INFO&amp#27;[m &amp#27;[35m[@503 - main]&amp#27;[m &amp#27;[36mcom.shaft.tools.io.ReportManager&amp#27;[m : Response status code: "200", status line: "HTTP/1.1 200 OK"
2023-02-07 10:55:22.044 &amp#27;[32m INFO&amp#27;[m &amp#27;[35m[@503 - main]&amp#27;[m &amp#27;[36mcom.shaft.tools.io.ReportManager&amp#27;[m : Successfully created attachment "API Request - Specifications"
2023-02-07 10:55:22.046 &amp#27;[32m INFO&amp#27;[m &amp#27;[35m[@503 - main]&amp#27;[m &amp#27;[36mcom.shaft.tools.io.ReportManager&amp#27;[m : Successfully created attachment "API Request - Body"
2023-02-07 10:55:22.050 &amp#27;[32m INFO&amp#27;[m &amp#27;[35m[@503 - main]&amp#27;[m &amp#27;[36mcom.shaft.tools.io.ReportManager&amp#27;[m : Successfully created attachment "API Response - JSON Body"
2023-02-07 10:55:22.059 &amp#27;[32m INFO&amp#27;[m &amp#27;[35m[@503 - main]&amp#27;[m &amp#27;[36mcom.shaft.tools.io.ReportManager&amp#27;[m : File Action "DoesFileExist" successfully performed. With the following test data "File Path: "SteeringCompanyAPI_TestData/SteeringCompanyAPI_TestData.xlsx"".
2023-02-07 10:55:22.112 &amp#27;[32m INFO&amp#27;[m &amp#27;[35m[@503 - main]&amp#27;[m &amp#27;[36mcom.shaft.tools.io.ReportManager&amp#27;[m : Successfully created attachment "Test Data - Excel"
2023-02-07 10:55:22.113 &amp#27;[32m INFO&amp#27;[m &amp#27;[35m[@503 - main]&amp#27;[m &amp#27;[36mcom.shaft.tools.io.ReportManager&amp#27;[m : File Action "DoesFileExist" successfully performed. With the following test data "File Path: "SteeringCompanyAPI_TestData/SteeringCompanyAPI_TestData.xlsx"".
2023-02-07 10:55:22.161 &amp#27;[32m INFO&amp#27;[m &amp#27;[35m[@503 - main]&amp#27;[m &amp#27;[36mcom.shaft.tools.io.ReportManager&amp#27;[m : Successfully created attachment "Test Data - Excel"
2023-02-07 10:55:22.161 &amp#27;[32m INFO&amp#27;[m &amp#27;[35m[@503 - main]&amp#27;[m &amp#27;[36mcom.shaft.tools.io.ReportManager&amp#27;[m : File Action "DoesFileExist" successfully performed. With the following test data "File Path: "SteeringCompanyAPI_TestData/SteeringCompanyAPI_TestData.xlsx"".
2023-02-07 10:55:22.212 &amp#27;[32m INFO&amp#27;[m &amp#27;[35m[@503 - main]&amp#27;[m &amp#27;[36mcom.shaft.tools.io.ReportManager&amp#27;[m : Successfully created attachment "Test Data - Excel"
2023-02-07 10:55:22.734 &amp#27;[32m INFO&amp#27;[m &amp#27;[35m[@503 - main]&amp#27;[m &amp#27;[36mcom.shaft.tools.io.ReportManager&amp#27;[m : Response status code: "200", status line: "HTTP/1.1 200 "
2023-02-07 10:55:22.758 &amp#27;[32m INFO&amp#27;[m &amp#27;[35m[@503 - main]&amp#27;[m &amp#27;[36mcom.shaft.tools.io.ReportManager&amp#27;[m : Successfully created attachment "API Request - Specifications"
2023-02-07 10:55:22.759 &amp#27;[32m INFO&amp#27;[m &amp#27;[35m[@503 - main]&amp#27;[m &amp#27;[36mcom.shaft.tools.io.ReportManager&amp#27;[m : Successfully created attachment "API Response - JSON Body"
2023-02-07 10:55:22.761 &amp#27;[32m INFO&amp#27;[m &amp#27;[35m[@503 - main]&amp#27;[m &amp#27;[36mcom.shaft.tools.io.ReportManager&amp#27;[m : Successfully created attachment "Validation Test Data - Expected Value"
2023-02-07 10:55:22.763 &amp#27;[32m INFO&amp#27;[m &amp#27;[35m[@503 - main]&amp#27;[m &amp#27;[36mcom.shaft.tools.io.ReportManager&amp#27;[m : Successfully created attachment "Validation Test Data - Actual Value"
2023-02-07 10:55:22.767 &amp#27;[32m INFO&amp#27;[m &amp#27;[35m[@503 - main]&amp#27;[m &amp#27;[36mcom.shaft.tools.io.ReportManager&amp#27;[m : Get response jsonvalue "content".
2023-02-07 10:55:22.770 &amp#27;[32m INFO&amp#27;[m &amp#27;[35m[@503 - main]&amp#27;[m &amp#27;[36mcom.shaft.tools.io.ReportManager&amp#27;[m : Successfully created attachment "Validation Test Data - Expected Value"
2023-02-07 10:55:22.771 &amp#27;[32m INFO&amp#27;[m &amp#27;[35m[@503 - main]&amp#27;[m &amp#27;[36mcom.shaft.tools.io.ReportManager&amp#27;[m : Successfully created attachment "Validation Test Data - Actual Value"
2023-02-07 10:55:22.772 &amp#27;[32m INFO&amp#27;[m &amp#27;[35m[@503 - main]&amp#27;[m &amp#27;[36mcom.shaft.tools.io.ReportManager&amp#27;[m : File Action "DoesFileExist" successfully performed. With the following test data "File Path: "Schemas/Commission_schema.json"".
2023-02-07 10:55:22.772 &amp#27;[32m INFO&amp#27;[m &amp#27;[35m[@503 - main]&amp#27;[m &amp#27;[36mcom.shaft.tools.io.ReportManager&amp#27;[m : File Action "DoesFileExist" successfully performed. With the following test data "File Path: "src/test/resources/testDataFiles/Schemas/Commission_schema.json"".
2023-02-07 10:55:22.772 &amp#27;[32m INFO&amp#27;[m &amp#27;[35m[@503 - main]&amp#27;[m &amp#27;[36mcom.shaft.tools.io.ReportManager&amp#27;[m : File Action "GetAbsolutePath" successfully performed. With the following test data "Relative Folder Path: "src/test/resources/testDataFiles/Schemas/Commission_schema.json"".
2023-02-07 10:55:22.779 &amp#27;[32m INFO&amp#27;[m &amp#27;[35m[@503 - main]&amp#27;[m &amp#27;[36mcom.shaft.tools.io.ReportManager&amp#27;[m : File Action "DoesFileExist" successfully performed. With the following test data "File Path: "C:\eclipse-workspace\MyProjects\TASystemsAPIs\src\test\resources\testDataFiles\Schemas\Commission_schema.json"".
2023-02-07 10:55:22.780 &amp#27;[32m INFO&amp#27;[m &amp#27;[35m[@503 - main]&amp#27;[m &amp#27;[36mcom.shaft.tools.io.ReportManager&amp#27;[m : File Action "GetAbsolutePath" successfully performed. With the following test data "Relative Folder Path: "C:\eclipse-workspace\MyProjects\TASystemsAPIs\src\test\resources\testDataFiles\Schemas\Commission_schema.json"".
2023-02-07 10:55:22.780 &amp#27;[32m INFO&amp#27;[m &amp#27;[35m[@503 - main]&amp#27;[m &amp#27;[36mcom.shaft.tools.io.ReportManager&amp#27;[m : File Action "ReadFile" successfully performed. With the following test data "File Path: "C:\eclipse-workspace\MyProjects\TASystemsAPIs\src\test\resources\testDataFiles\Schemas\Commission_schema.json"".
2023-02-07 10:55:22.784 &amp#27;[32m INFO&amp#27;[m &amp#27;[35m[@503 - main]&amp#27;[m &amp#27;[36mcom.shaft.tools.io.ReportManager&amp#27;[m : Successfully created attachment "Validation Test Data - Expected JSON Value"
2023-02-07 10:55:22.785 &amp#27;[32m INFO&amp#27;[m &amp#27;[35m[@503 - main]&amp#27;[m &amp#27;[36mcom.shaft.tools.io.ReportManager&amp#27;[m : Successfully created attachment "Validation Test Data - Actual JSON Value"
2023-02-07 10:55:22.787 &amp#27;[32m INFO&amp#27;[m &amp#27;[35m[@503 - main]&amp#27;[m &amp#27;[36mcom.shaft.tools.io.ReportManager&amp#27;[m : Successfully created attachment "SHAFT Engine Logs - Current Method log: Valid_GET_all_Commissions_by_Qry_Rq_TC"
]]></system-out>
  </testcase>
  <testcase name="Valid_GET_all_OTAs_Rq_TC" classname="SteeringCompanyAPI_TestCases.Test_Commissions_Cases" time="1.619">
    <system-out><![CDATA[2023-02-07 10:55:22.791 &amp#27;[32m INFO&amp#27;[m &amp#27;[35m[@534 - main]&amp#27;[m &amp#27;[36mcom.shaft.tools.io.ReportManager&amp#27;[m : 
################################################################################################################################################
Starting Execution:	"39 out of 107" test cases in the current suite
Test Method:		"SteeringCompanyAPI_TestCases.Test_Commissions_Cases.Valid_GET_all_OTAs_Rq_TC"
Test Description:	"TC016  -OTAs- Perform Get all OTAs API with valid user name and password"
################################################################################################################################################
2023-02-07 10:55:22.791 &amp#27;[32m INFO&amp#27;[m &amp#27;[35m[@503 - main]&amp#27;[m &amp#27;[36mcom.shaft.tools.io.ReportManager&amp#27;[m : File Action "DoesFileExist" successfully performed. With the following test data "File Path: "SteeringCompanyAPI_TestData/SteeringCompanyAPI_TestData.xlsx"".
2023-02-07 10:55:22.840 &amp#27;[32m INFO&amp#27;[m &amp#27;[35m[@503 - main]&amp#27;[m &amp#27;[36mcom.shaft.tools.io.ReportManager&amp#27;[m : Successfully created attachment "Test Data - Excel"
2023-02-07 10:55:23.671 &amp#27;[32m INFO&amp#27;[m &amp#27;[35m[@503 - main]&amp#27;[m &amp#27;[36mcom.shaft.tools.io.ReportManager&amp#27;[m : Response status code: "200", status line: "HTTP/1.1 200 OK"
2023-02-07 10:55:23.702 &amp#27;[32m INFO&amp#27;[m &amp#27;[35m[@503 - main]&amp#27;[m &amp#27;[36mcom.shaft.tools.io.ReportManager&amp#27;[m : Successfully created attachment "API Request - Specifications"
2023-02-07 10:55:23.703 &amp#27;[32m INFO&amp#27;[m &amp#27;[35m[@503 - main]&amp#27;[m &amp#27;[36mcom.shaft.tools.io.ReportManager&amp#27;[m : Successfully created attachment "API Request - Body"
2023-02-07 10:55:23.704 &amp#27;[32m INFO&amp#27;[m &amp#27;[35m[@503 - main]&amp#27;[m &amp#27;[36mcom.shaft.tools.io.ReportManager&amp#27;[m : Successfully created attachment "API Response - JSON Body"
2023-02-07 10:55:23.724 &amp#27;[32m INFO&amp#27;[m &amp#27;[35m[@503 - main]&amp#27;[m &amp#27;[36mcom.shaft.tools.io.ReportManager&amp#27;[m : File Action "DoesFileExist" successfully performed. With the following test data "File Path: "SteeringCompanyAPI_TestData/SteeringCompanyAPI_TestData.xlsx"".
2023-02-07 10:55:23.750 &amp#27;[32m INFO&amp#27;[m &amp#27;[35m[@503 - main]&amp#27;[m &amp#27;[36mcom.shaft.tools.io.ReportManager&amp#27;[m : Successfully created attachment "Test Data - Excel"
2023-02-07 10:55:23.751 &amp#27;[32m INFO&amp#27;[m &amp#27;[35m[@503 - main]&amp#27;[m &amp#27;[36mcom.shaft.tools.io.ReportManager&amp#27;[m : File Action "DoesFileExist" successfully performed. With the following test data "File Path: "SteeringCompanyAPI_TestData/SteeringCompanyAPI_TestData.xlsx"".
2023-02-07 10:55:23.791 &amp#27;[32m INFO&amp#27;[m &amp#27;[35m[@503 - main]&amp#27;[m &amp#27;[36mcom.shaft.tools.io.ReportManager&amp#27;[m : Successfully created attachment "Test Data - Excel"
2023-02-07 10:55:23.792 &amp#27;[32m INFO&amp#27;[m &amp#27;[35m[@503 - main]&amp#27;[m &amp#27;[36mcom.shaft.tools.io.ReportManager&amp#27;[m : File Action "DoesFileExist" successfully performed. With the following test data "File Path: "SteeringCompanyAPI_TestData/SteeringCompanyAPI_TestData.xlsx"".
2023-02-07 10:55:23.833 &amp#27;[32m INFO&amp#27;[m &amp#27;[35m[@503 - main]&amp#27;[m &amp#27;[36mcom.shaft.tools.io.ReportManager&amp#27;[m : Successfully created attachment "Test Data - Excel"
2023-02-07 10:55:24.369 &amp#27;[32m INFO&amp#27;[m &amp#27;[35m[@503 - main]&amp#27;[m &amp#27;[36mcom.shaft.tools.io.ReportManager&amp#27;[m : Response status code: "200", status line: "HTTP/1.1 200 "
2023-02-07 10:55:24.384 &amp#27;[32m INFO&amp#27;[m &amp#27;[35m[@503 - main]&amp#27;[m &amp#27;[36mcom.shaft.tools.io.ReportManager&amp#27;[m : Successfully created attachment "API Request - Specifications"
2023-02-07 10:55:24.385 &amp#27;[32m INFO&amp#27;[m &amp#27;[35m[@503 - main]&amp#27;[m &amp#27;[36mcom.shaft.tools.io.ReportManager&amp#27;[m : Successfully created attachment "API Response - JSON Body"
2023-02-07 10:55:24.386 &amp#27;[32m INFO&amp#27;[m &amp#27;[35m[@503 - main]&amp#27;[m &amp#27;[36mcom.shaft.tools.io.ReportManager&amp#27;[m : Successfully created attachment "Validation Test Data - Expected Value"
2023-02-07 10:55:24.386 &amp#27;[32m INFO&amp#27;[m &amp#27;[35m[@503 - main]&amp#27;[m &amp#27;[36mcom.shaft.tools.io.ReportManager&amp#27;[m : Successfully created attachment "Validation Test Data - Actual Value"
2023-02-07 10:55:24.388 &amp#27;[32m INFO&amp#27;[m &amp#27;[35m[@503 - main]&amp#27;[m &amp#27;[36mcom.shaft.tools.io.ReportManager&amp#27;[m : Get response jsonvalue "content".
2023-02-07 10:55:24.390 &amp#27;[32m INFO&amp#27;[m &amp#27;[35m[@503 - main]&amp#27;[m &amp#27;[36mcom.shaft.tools.io.ReportManager&amp#27;[m : Successfully created attachment "Validation Test Data - Expected Value"
2023-02-07 10:55:24.391 &amp#27;[32m INFO&amp#27;[m &amp#27;[35m[@503 - main]&amp#27;[m &amp#27;[36mcom.shaft.tools.io.ReportManager&amp#27;[m : Successfully created attachment "Validation Test Data - Actual Value"
2023-02-07 10:55:24.391 &amp#27;[32m INFO&amp#27;[m &amp#27;[35m[@503 - main]&amp#27;[m &amp#27;[36mcom.shaft.tools.io.ReportManager&amp#27;[m : File Action "DoesFileExist" successfully performed. With the following test data "File Path: "Schemas/OTAs_schema.json"".
2023-02-07 10:55:24.392 &amp#27;[32m INFO&amp#27;[m &amp#27;[35m[@503 - main]&amp#27;[m &amp#27;[36mcom.shaft.tools.io.ReportManager&amp#27;[m : File Action "DoesFileExist" successfully performed. With the following test data "File Path: "src/test/resources/testDataFiles/Schemas/OTAs_schema.json"".
2023-02-07 10:55:24.392 &amp#27;[32m INFO&amp#27;[m &amp#27;[35m[@503 - main]&amp#27;[m &amp#27;[36mcom.shaft.tools.io.ReportManager&amp#27;[m : File Action "GetAbsolutePath" successfully performed. With the following test data "Relative Folder Path: "src/test/resources/testDataFiles/Schemas/OTAs_schema.json"".
2023-02-07 10:55:24.399 &amp#27;[32m INFO&amp#27;[m &amp#27;[35m[@503 - main]&amp#27;[m &amp#27;[36mcom.shaft.tools.io.ReportManager&amp#27;[m : File Action "DoesFileExist" successfully performed. With the following test data "File Path: "C:\eclipse-workspace\MyProjects\TASystemsAPIs\src\test\resources\testDataFiles\Schemas\OTAs_schema.json"".
2023-02-07 10:55:24.399 &amp#27;[32m INFO&amp#27;[m &amp#27;[35m[@503 - main]&amp#27;[m &amp#27;[36mcom.shaft.tools.io.ReportManager&amp#27;[m : File Action "GetAbsolutePath" successfully performed. With the following test data "Relative Folder Path: "C:\eclipse-workspace\MyProjects\TASystemsAPIs\src\test\resources\testDataFiles\Schemas\OTAs_schema.json"".
2023-02-07 10:55:24.400 &amp#27;[32m INFO&amp#27;[m &amp#27;[35m[@503 - main]&amp#27;[m &amp#27;[36mcom.shaft.tools.io.ReportManager&amp#27;[m : File Action "ReadFile" successfully performed. With the following test data "File Path: "C:\eclipse-workspace\MyProjects\TASystemsAPIs\src\test\resources\testDataFiles\Schemas\OTAs_schema.json"".
2023-02-07 10:55:24.402 &amp#27;[32m INFO&amp#27;[m &amp#27;[35m[@503 - main]&amp#27;[m &amp#27;[36mcom.shaft.tools.io.ReportManager&amp#27;[m : Successfully created attachment "Validation Test Data - Expected JSON Value"
2023-02-07 10:55:24.404 &amp#27;[32m INFO&amp#27;[m &amp#27;[35m[@503 - main]&amp#27;[m &amp#27;[36mcom.shaft.tools.io.ReportManager&amp#27;[m : Successfully created attachment "Validation Test Data - Actual JSON Value"
2023-02-07 10:55:24.404 &amp#27;[32m INFO&amp#27;[m &amp#27;[35m[@503 - main]&amp#27;[m &amp#27;[36mcom.shaft.tools.io.ReportManager&amp#27;[m : Successfully created attachment "SHAFT Engine Logs - Current Method log: Valid_GET_all_OTAs_Rq_TC"
]]></system-out>
  </testcase>
  <testcase name="Valid_GET_all_OTAs_by_Qry_Rq_TC[[Ljava.lang.Object;@60a15445](1)" classname="SteeringCompanyAPI_TestCases.Test_Commissions_Cases" time="1.828">
    <system-out><![CDATA[2023-02-07 10:55:24.412 &amp#27;[32m INFO&amp#27;[m &amp#27;[35m[@534 - main]&amp#27;[m &amp#27;[36mcom.shaft.tools.io.ReportManager&amp#27;[m : 
################################################################################################################################################
Starting Execution:	"40 out of 107" test cases in the current suite
Test Method:		"SteeringCompanyAPI_TestCases.Test_Commissions_Cases.Valid_GET_all_OTAs_by_Qry_Rq_TC"
Test Description:	"TC017  -OTAs- Perform Get all OTAs API with pagination with valid user name and password"
################################################################################################################################################
2023-02-07 10:55:24.415 &amp#27;[32m INFO&amp#27;[m &amp#27;[35m[@503 - main]&amp#27;[m &amp#27;[36mcom.shaft.tools.io.ReportManager&amp#27;[m : File Action "DoesFileExist" successfully performed. With the following test data "File Path: "SteeringCompanyAPI_TestData/SteeringCompanyAPI_TestData.xlsx"".
2023-02-07 10:55:24.442 &amp#27;[32m INFO&amp#27;[m &amp#27;[35m[@503 - main]&amp#27;[m &amp#27;[36mcom.shaft.tools.io.ReportManager&amp#27;[m : Successfully created attachment "Test Data - Excel"
2023-02-07 10:55:25.420 &amp#27;[32m INFO&amp#27;[m &amp#27;[35m[@503 - main]&amp#27;[m &amp#27;[36mcom.shaft.tools.io.ReportManager&amp#27;[m : Response status code: "200", status line: "HTTP/1.1 200 OK"
2023-02-07 10:55:25.445 &amp#27;[32m INFO&amp#27;[m &amp#27;[35m[@503 - main]&amp#27;[m &amp#27;[36mcom.shaft.tools.io.ReportManager&amp#27;[m : Successfully created attachment "API Request - Specifications"
2023-02-07 10:55:25.448 &amp#27;[32m INFO&amp#27;[m &amp#27;[35m[@503 - main]&amp#27;[m &amp#27;[36mcom.shaft.tools.io.ReportManager&amp#27;[m : Successfully created attachment "API Request - Body"
2023-02-07 10:55:25.450 &amp#27;[32m INFO&amp#27;[m &amp#27;[35m[@503 - main]&amp#27;[m &amp#27;[36mcom.shaft.tools.io.ReportManager&amp#27;[m : Successfully created attachment "API Response - JSON Body"
2023-02-07 10:55:25.474 &amp#27;[32m INFO&amp#27;[m &amp#27;[35m[@503 - main]&amp#27;[m &amp#27;[36mcom.shaft.tools.io.ReportManager&amp#27;[m : File Action "DoesFileExist" successfully performed. With the following test data "File Path: "SteeringCompanyAPI_TestData/SteeringCompanyAPI_TestData.xlsx"".
2023-02-07 10:55:25.523 &amp#27;[32m INFO&amp#27;[m &amp#27;[35m[@503 - main]&amp#27;[m &amp#27;[36mcom.shaft.tools.io.ReportManager&amp#27;[m : Successfully created attachment "Test Data - Excel"
2023-02-07 10:55:25.523 &amp#27;[32m INFO&amp#27;[m &amp#27;[35m[@503 - main]&amp#27;[m &amp#27;[36mcom.shaft.tools.io.ReportManager&amp#27;[m : File Action "DoesFileExist" successfully performed. With the following test data "File Path: "SteeringCompanyAPI_TestData/SteeringCompanyAPI_TestData.xlsx"".
2023-02-07 10:55:25.560 &amp#27;[32m INFO&amp#27;[m &amp#27;[35m[@503 - main]&amp#27;[m &amp#27;[36mcom.shaft.tools.io.ReportManager&amp#27;[m : Successfully created attachment "Test Data - Excel"
2023-02-07 10:55:25.560 &amp#27;[32m INFO&amp#27;[m &amp#27;[35m[@503 - main]&amp#27;[m &amp#27;[36mcom.shaft.tools.io.ReportManager&amp#27;[m : File Action "DoesFileExist" successfully performed. With the following test data "File Path: "SteeringCompanyAPI_TestData/SteeringCompanyAPI_TestData.xlsx"".
2023-02-07 10:55:25.608 &amp#27;[32m INFO&amp#27;[m &amp#27;[35m[@503 - main]&amp#27;[m &amp#27;[36mcom.shaft.tools.io.ReportManager&amp#27;[m : Successfully created attachment "Test Data - Excel"
2023-02-07 10:55:26.148 &amp#27;[32m INFO&amp#27;[m &amp#27;[35m[@503 - main]&amp#27;[m &amp#27;[36mcom.shaft.tools.io.ReportManager&amp#27;[m : Response status code: "200", status line: "HTTP/1.1 200 "
2023-02-07 10:55:26.192 &amp#27;[32m INFO&amp#27;[m &amp#27;[35m[@503 - main]&amp#27;[m &amp#27;[36mcom.shaft.tools.io.ReportManager&amp#27;[m : Successfully created attachment "API Request - Specifications"
2023-02-07 10:55:26.193 &amp#27;[32m INFO&amp#27;[m &amp#27;[35m[@503 - main]&amp#27;[m &amp#27;[36mcom.shaft.tools.io.ReportManager&amp#27;[m : Successfully created attachment "API Response - JSON Body"
2023-02-07 10:55:26.199 &amp#27;[32m INFO&amp#27;[m &amp#27;[35m[@503 - main]&amp#27;[m &amp#27;[36mcom.shaft.tools.io.ReportManager&amp#27;[m : Successfully created attachment "Validation Test Data - Expected Value"
2023-02-07 10:55:26.202 &amp#27;[32m INFO&amp#27;[m &amp#27;[35m[@503 - main]&amp#27;[m &amp#27;[36mcom.shaft.tools.io.ReportManager&amp#27;[m : Successfully created attachment "Validation Test Data - Actual Value"
2023-02-07 10:55:26.214 &amp#27;[32m INFO&amp#27;[m &amp#27;[35m[@503 - main]&amp#27;[m &amp#27;[36mcom.shaft.tools.io.ReportManager&amp#27;[m : Get response jsonvalue "content".
2023-02-07 10:55:26.216 &amp#27;[32m INFO&amp#27;[m &amp#27;[35m[@503 - main]&amp#27;[m &amp#27;[36mcom.shaft.tools.io.ReportManager&amp#27;[m : Successfully created attachment "Validation Test Data - Expected Value"
2023-02-07 10:55:26.220 &amp#27;[32m INFO&amp#27;[m &amp#27;[35m[@503 - main]&amp#27;[m &amp#27;[36mcom.shaft.tools.io.ReportManager&amp#27;[m : Successfully created attachment "Validation Test Data - Actual Value"
2023-02-07 10:55:26.221 &amp#27;[32m INFO&amp#27;[m &amp#27;[35m[@503 - main]&amp#27;[m &amp#27;[36mcom.shaft.tools.io.ReportManager&amp#27;[m : File Action "DoesFileExist" successfully performed. With the following test data "File Path: "Schemas/OTAs_schema.json"".
2023-02-07 10:55:26.221 &amp#27;[32m INFO&amp#27;[m &amp#27;[35m[@503 - main]&amp#27;[m &amp#27;[36mcom.shaft.tools.io.ReportManager&amp#27;[m : File Action "DoesFileExist" successfully performed. With the following test data "File Path: "src/test/resources/testDataFiles/Schemas/OTAs_schema.json"".
2023-02-07 10:55:26.222 &amp#27;[32m INFO&amp#27;[m &amp#27;[35m[@503 - main]&amp#27;[m &amp#27;[36mcom.shaft.tools.io.ReportManager&amp#27;[m : File Action "GetAbsolutePath" successfully performed. With the following test data "Relative Folder Path: "src/test/resources/testDataFiles/Schemas/OTAs_schema.json"".
2023-02-07 10:55:26.228 &amp#27;[32m INFO&amp#27;[m &amp#27;[35m[@503 - main]&amp#27;[m &amp#27;[36mcom.shaft.tools.io.ReportManager&amp#27;[m : File Action "DoesFileExist" successfully performed. With the following test data "File Path: "C:\eclipse-workspace\MyProjects\TASystemsAPIs\src\test\resources\testDataFiles\Schemas\OTAs_schema.json"".
2023-02-07 10:55:26.228 &amp#27;[32m INFO&amp#27;[m &amp#27;[35m[@503 - main]&amp#27;[m &amp#27;[36mcom.shaft.tools.io.ReportManager&amp#27;[m : File Action "GetAbsolutePath" successfully performed. With the following test data "Relative Folder Path: "C:\eclipse-workspace\MyProjects\TASystemsAPIs\src\test\resources\testDataFiles\Schemas\OTAs_schema.json"".
2023-02-07 10:55:26.229 &amp#27;[32m INFO&amp#27;[m &amp#27;[35m[@503 - main]&amp#27;[m &amp#27;[36mcom.shaft.tools.io.ReportManager&amp#27;[m : File Action "ReadFile" successfully performed. With the following test data "File Path: "C:\eclipse-workspace\MyProjects\TASystemsAPIs\src\test\resources\testDataFiles\Schemas\OTAs_schema.json"".
2023-02-07 10:55:26.232 &amp#27;[32m INFO&amp#27;[m &amp#27;[35m[@503 - main]&amp#27;[m &amp#27;[36mcom.shaft.tools.io.ReportManager&amp#27;[m : Successfully created attachment "Validation Test Data - Expected JSON Value"
2023-02-07 10:55:26.233 &amp#27;[32m INFO&amp#27;[m &amp#27;[35m[@503 - main]&amp#27;[m &amp#27;[36mcom.shaft.tools.io.ReportManager&amp#27;[m : Successfully created attachment "Validation Test Data - Actual JSON Value"
2023-02-07 10:55:26.236 &amp#27;[32m INFO&amp#27;[m &amp#27;[35m[@503 - main]&amp#27;[m &amp#27;[36mcom.shaft.tools.io.ReportManager&amp#27;[m : Successfully created attachment "SHAFT Engine Logs - Current Method log: Valid_GET_all_OTAs_by_Qry_Rq_TC"
]]></system-out>
  </testcase>
  <testcase name="Valid_GET_all_OTAs_by_Qry_Rq_TC[[Ljava.lang.Object;@7544c962](2)" classname="SteeringCompanyAPI_TestCases.Test_Commissions_Cases" time="1.378">
    <system-out><![CDATA[2023-02-07 10:55:26.239 &amp#27;[32m INFO&amp#27;[m &amp#27;[35m[@534 - main]&amp#27;[m &amp#27;[36mcom.shaft.tools.io.ReportManager&amp#27;[m : 
################################################################################################################################################
Starting Execution:	"41 out of 107" test cases in the current suite
Test Method:		"SteeringCompanyAPI_TestCases.Test_Commissions_Cases.Valid_GET_all_OTAs_by_Qry_Rq_TC"
Test Description:	"TC017  -OTAs- Perform Get all OTAs API with pagination with valid user name and password"
################################################################################################################################################
2023-02-07 10:55:26.241 &amp#27;[32m INFO&amp#27;[m &amp#27;[35m[@503 - main]&amp#27;[m &amp#27;[36mcom.shaft.tools.io.ReportManager&amp#27;[m : File Action "DoesFileExist" successfully performed. With the following test data "File Path: "SteeringCompanyAPI_TestData/SteeringCompanyAPI_TestData.xlsx"".
2023-02-07 10:55:26.279 &amp#27;[32m INFO&amp#27;[m &amp#27;[35m[@503 - main]&amp#27;[m &amp#27;[36mcom.shaft.tools.io.ReportManager&amp#27;[m : Successfully created attachment "Test Data - Excel"
2023-02-07 10:55:26.912 &amp#27;[32m INFO&amp#27;[m &amp#27;[35m[@503 - main]&amp#27;[m &amp#27;[36mcom.shaft.tools.io.ReportManager&amp#27;[m : Response status code: "200", status line: "HTTP/1.1 200 OK"
2023-02-07 10:55:26.928 &amp#27;[32m INFO&amp#27;[m &amp#27;[35m[@503 - main]&amp#27;[m &amp#27;[36mcom.shaft.tools.io.ReportManager&amp#27;[m : Successfully created attachment "API Request - Specifications"
2023-02-07 10:55:26.929 &amp#27;[32m INFO&amp#27;[m &amp#27;[35m[@503 - main]&amp#27;[m &amp#27;[36mcom.shaft.tools.io.ReportManager&amp#27;[m : Successfully created attachment "API Request - Body"
2023-02-07 10:55:26.930 &amp#27;[32m INFO&amp#27;[m &amp#27;[35m[@503 - main]&amp#27;[m &amp#27;[36mcom.shaft.tools.io.ReportManager&amp#27;[m : Successfully created attachment "API Response - JSON Body"
2023-02-07 10:55:26.951 &amp#27;[32m INFO&amp#27;[m &amp#27;[35m[@503 - main]&amp#27;[m &amp#27;[36mcom.shaft.tools.io.ReportManager&amp#27;[m : File Action "DoesFileExist" successfully performed. With the following test data "File Path: "SteeringCompanyAPI_TestData/SteeringCompanyAPI_TestData.xlsx"".
2023-02-07 10:55:26.999 &amp#27;[32m INFO&amp#27;[m &amp#27;[35m[@503 - main]&amp#27;[m &amp#27;[36mcom.shaft.tools.io.ReportManager&amp#27;[m : Successfully created attachment "Test Data - Excel"
2023-02-07 10:55:27.000 &amp#27;[32m INFO&amp#27;[m &amp#27;[35m[@503 - main]&amp#27;[m &amp#27;[36mcom.shaft.tools.io.ReportManager&amp#27;[m : File Action "DoesFileExist" successfully performed. With the following test data "File Path: "SteeringCompanyAPI_TestData/SteeringCompanyAPI_TestData.xlsx"".
2023-02-07 10:55:27.044 &amp#27;[32m INFO&amp#27;[m &amp#27;[35m[@503 - main]&amp#27;[m &amp#27;[36mcom.shaft.tools.io.ReportManager&amp#27;[m : Successfully created attachment "Test Data - Excel"
2023-02-07 10:55:27.045 &amp#27;[32m INFO&amp#27;[m &amp#27;[35m[@503 - main]&amp#27;[m &amp#27;[36mcom.shaft.tools.io.ReportManager&amp#27;[m : File Action "DoesFileExist" successfully performed. With the following test data "File Path: "SteeringCompanyAPI_TestData/SteeringCompanyAPI_TestData.xlsx"".
2023-02-07 10:55:27.071 &amp#27;[32m INFO&amp#27;[m &amp#27;[35m[@503 - main]&amp#27;[m &amp#27;[36mcom.shaft.tools.io.ReportManager&amp#27;[m : Successfully created attachment "Test Data - Excel"
2023-02-07 10:55:27.586 &amp#27;[32m INFO&amp#27;[m &amp#27;[35m[@503 - main]&amp#27;[m &amp#27;[36mcom.shaft.tools.io.ReportManager&amp#27;[m : Response status code: "200", status line: "HTTP/1.1 200 "
2023-02-07 10:55:27.605 &amp#27;[32m INFO&amp#27;[m &amp#27;[35m[@503 - main]&amp#27;[m &amp#27;[36mcom.shaft.tools.io.ReportManager&amp#27;[m : Successfully created attachment "API Request - Specifications"
2023-02-07 10:55:27.606 &amp#27;[32m INFO&amp#27;[m &amp#27;[35m[@503 - main]&amp#27;[m &amp#27;[36mcom.shaft.tools.io.ReportManager&amp#27;[m : Successfully created attachment "API Response - JSON Body"
2023-02-07 10:55:27.607 &amp#27;[32m INFO&amp#27;[m &amp#27;[35m[@503 - main]&amp#27;[m &amp#27;[36mcom.shaft.tools.io.ReportManager&amp#27;[m : Get response jsonvalue "content".
2023-02-07 10:55:27.608 &amp#27;[32m INFO&amp#27;[m &amp#27;[35m[@503 - main]&amp#27;[m &amp#27;[36mcom.shaft.tools.io.ReportManager&amp#27;[m : File Action "DoesFileExist" successfully performed. With the following test data "File Path: "Schemas/OTAs_schema.json"".
2023-02-07 10:55:27.608 &amp#27;[32m INFO&amp#27;[m &amp#27;[35m[@503 - main]&amp#27;[m &amp#27;[36mcom.shaft.tools.io.ReportManager&amp#27;[m : File Action "DoesFileExist" successfully performed. With the following test data "File Path: "src/test/resources/testDataFiles/Schemas/OTAs_schema.json"".
2023-02-07 10:55:27.608 &amp#27;[32m INFO&amp#27;[m &amp#27;[35m[@503 - main]&amp#27;[m &amp#27;[36mcom.shaft.tools.io.ReportManager&amp#27;[m : File Action "GetAbsolutePath" successfully performed. With the following test data "Relative Folder Path: "src/test/resources/testDataFiles/Schemas/OTAs_schema.json"".
2023-02-07 10:55:27.611 &amp#27;[32m INFO&amp#27;[m &amp#27;[35m[@503 - main]&amp#27;[m &amp#27;[36mcom.shaft.tools.io.ReportManager&amp#27;[m : File Action "DoesFileExist" successfully performed. With the following test data "File Path: "C:\eclipse-workspace\MyProjects\TASystemsAPIs\src\test\resources\testDataFiles\Schemas\OTAs_schema.json"".
2023-02-07 10:55:27.612 &amp#27;[32m INFO&amp#27;[m &amp#27;[35m[@503 - main]&amp#27;[m &amp#27;[36mcom.shaft.tools.io.ReportManager&amp#27;[m : File Action "GetAbsolutePath" successfully performed. With the following test data "Relative Folder Path: "C:\eclipse-workspace\MyProjects\TASystemsAPIs\src\test\resources\testDataFiles\Schemas\OTAs_schema.json"".
2023-02-07 10:55:27.612 &amp#27;[32m INFO&amp#27;[m &amp#27;[35m[@503 - main]&amp#27;[m &amp#27;[36mcom.shaft.tools.io.ReportManager&amp#27;[m : File Action "ReadFile" successfully performed. With the following test data "File Path: "C:\eclipse-workspace\MyProjects\TASystemsAPIs\src\test\resources\testDataFiles\Schemas\OTAs_schema.json"".
2023-02-07 10:55:27.614 &amp#27;[32m INFO&amp#27;[m &amp#27;[35m[@503 - main]&amp#27;[m &amp#27;[36mcom.shaft.tools.io.ReportManager&amp#27;[m : Successfully created attachment "Validation Test Data - Expected JSON Value"
2023-02-07 10:55:27.614 &amp#27;[32m INFO&amp#27;[m &amp#27;[35m[@503 - main]&amp#27;[m &amp#27;[36mcom.shaft.tools.io.ReportManager&amp#27;[m : Successfully created attachment "Validation Test Data - Actual JSON Value"
2023-02-07 10:55:27.616 &amp#27;[32m INFO&amp#27;[m &amp#27;[35m[@503 - main]&amp#27;[m &amp#27;[36mcom.shaft.tools.io.ReportManager&amp#27;[m : Successfully created attachment "SHAFT Engine Logs - Current Method log: Valid_GET_all_OTAs_by_Qry_Rq_TC"
]]></system-out>
  </testcase>
  <testcase name="Valid_GET_all_OTAs_by_Qry_Rq_TC[[Ljava.lang.Object;@497133e2](3)" classname="SteeringCompanyAPI_TestCases.Test_Commissions_Cases" time="1.416">
    <system-out><![CDATA[2023-02-07 10:55:27.619 &amp#27;[32m INFO&amp#27;[m &amp#27;[35m[@534 - main]&amp#27;[m &amp#27;[36mcom.shaft.tools.io.ReportManager&amp#27;[m : 
################################################################################################################################################
Starting Execution:	"42 out of 107" test cases in the current suite
Test Method:		"SteeringCompanyAPI_TestCases.Test_Commissions_Cases.Valid_GET_all_OTAs_by_Qry_Rq_TC"
Test Description:	"TC017  -OTAs- Perform Get all OTAs API with pagination with valid user name and password"
################################################################################################################################################
2023-02-07 10:55:27.620 &amp#27;[32m INFO&amp#27;[m &amp#27;[35m[@503 - main]&amp#27;[m &amp#27;[36mcom.shaft.tools.io.ReportManager&amp#27;[m : File Action "DoesFileExist" successfully performed. With the following test data "File Path: "SteeringCompanyAPI_TestData/SteeringCompanyAPI_TestData.xlsx"".
2023-02-07 10:55:27.651 &amp#27;[32m INFO&amp#27;[m &amp#27;[35m[@503 - main]&amp#27;[m &amp#27;[36mcom.shaft.tools.io.ReportManager&amp#27;[m : Successfully created attachment "Test Data - Excel"
2023-02-07 10:55:28.296 &amp#27;[32m INFO&amp#27;[m &amp#27;[35m[@503 - main]&amp#27;[m &amp#27;[36mcom.shaft.tools.io.ReportManager&amp#27;[m : Response status code: "200", status line: "HTTP/1.1 200 OK"
2023-02-07 10:55:28.322 &amp#27;[32m INFO&amp#27;[m &amp#27;[35m[@503 - main]&amp#27;[m &amp#27;[36mcom.shaft.tools.io.ReportManager&amp#27;[m : Successfully created attachment "API Request - Specifications"
2023-02-07 10:55:28.324 &amp#27;[32m INFO&amp#27;[m &amp#27;[35m[@503 - main]&amp#27;[m &amp#27;[36mcom.shaft.tools.io.ReportManager&amp#27;[m : Successfully created attachment "API Request - Body"
2023-02-07 10:55:28.325 &amp#27;[32m INFO&amp#27;[m &amp#27;[35m[@503 - main]&amp#27;[m &amp#27;[36mcom.shaft.tools.io.ReportManager&amp#27;[m : Successfully created attachment "API Response - JSON Body"
2023-02-07 10:55:28.347 &amp#27;[32m INFO&amp#27;[m &amp#27;[35m[@503 - main]&amp#27;[m &amp#27;[36mcom.shaft.tools.io.ReportManager&amp#27;[m : File Action "DoesFileExist" successfully performed. With the following test data "File Path: "SteeringCompanyAPI_TestData/SteeringCompanyAPI_TestData.xlsx"".
2023-02-07 10:55:28.377 &amp#27;[32m INFO&amp#27;[m &amp#27;[35m[@503 - main]&amp#27;[m &amp#27;[36mcom.shaft.tools.io.ReportManager&amp#27;[m : Successfully created attachment "Test Data - Excel"
2023-02-07 10:55:28.377 &amp#27;[32m INFO&amp#27;[m &amp#27;[35m[@503 - main]&amp#27;[m &amp#27;[36mcom.shaft.tools.io.ReportManager&amp#27;[m : File Action "DoesFileExist" successfully performed. With the following test data "File Path: "SteeringCompanyAPI_TestData/SteeringCompanyAPI_TestData.xlsx"".
2023-02-07 10:55:28.420 &amp#27;[32m INFO&amp#27;[m &amp#27;[35m[@503 - main]&amp#27;[m &amp#27;[36mcom.shaft.tools.io.ReportManager&amp#27;[m : Successfully created attachment "Test Data - Excel"
2023-02-07 10:55:28.420 &amp#27;[32m INFO&amp#27;[m &amp#27;[35m[@503 - main]&amp#27;[m &amp#27;[36mcom.shaft.tools.io.ReportManager&amp#27;[m : File Action "DoesFileExist" successfully performed. With the following test data "File Path: "SteeringCompanyAPI_TestData/SteeringCompanyAPI_TestData.xlsx"".
2023-02-07 10:55:28.467 &amp#27;[32m INFO&amp#27;[m &amp#27;[35m[@503 - main]&amp#27;[m &amp#27;[36mcom.shaft.tools.io.ReportManager&amp#27;[m : Successfully created attachment "Test Data - Excel"
2023-02-07 10:55:28.981 &amp#27;[32m INFO&amp#27;[m &amp#27;[35m[@503 - main]&amp#27;[m &amp#27;[36mcom.shaft.tools.io.ReportManager&amp#27;[m : Response status code: "200", status line: "HTTP/1.1 200 "
2023-02-07 10:55:29.004 &amp#27;[32m INFO&amp#27;[m &amp#27;[35m[@503 - main]&amp#27;[m &amp#27;[36mcom.shaft.tools.io.ReportManager&amp#27;[m : Successfully created attachment "API Request - Specifications"
2023-02-07 10:55:29.007 &amp#27;[32m INFO&amp#27;[m &amp#27;[35m[@503 - main]&amp#27;[m &amp#27;[36mcom.shaft.tools.io.ReportManager&amp#27;[m : Successfully created attachment "API Response - JSON Body"
2023-02-07 10:55:29.010 &amp#27;[32m INFO&amp#27;[m &amp#27;[35m[@503 - main]&amp#27;[m &amp#27;[36mcom.shaft.tools.io.ReportManager&amp#27;[m : Get response jsonvalue "content".
2023-02-07 10:55:29.012 &amp#27;[32m INFO&amp#27;[m &amp#27;[35m[@503 - main]&amp#27;[m &amp#27;[36mcom.shaft.tools.io.ReportManager&amp#27;[m : File Action "DoesFileExist" successfully performed. With the following test data "File Path: "Schemas/OTAs_schema.json"".
2023-02-07 10:55:29.014 &amp#27;[32m INFO&amp#27;[m &amp#27;[35m[@503 - main]&amp#27;[m &amp#27;[36mcom.shaft.tools.io.ReportManager&amp#27;[m : File Action "DoesFileExist" successfully performed. With the following test data "File Path: "src/test/resources/testDataFiles/Schemas/OTAs_schema.json"".
2023-02-07 10:55:29.015 &amp#27;[32m INFO&amp#27;[m &amp#27;[35m[@503 - main]&amp#27;[m &amp#27;[36mcom.shaft.tools.io.ReportManager&amp#27;[m : File Action "GetAbsolutePath" successfully performed. With the following test data "Relative Folder Path: "src/test/resources/testDataFiles/Schemas/OTAs_schema.json"".
2023-02-07 10:55:29.020 &amp#27;[32m INFO&amp#27;[m &amp#27;[35m[@503 - main]&amp#27;[m &amp#27;[36mcom.shaft.tools.io.ReportManager&amp#27;[m : File Action "DoesFileExist" successfully performed. With the following test data "File Path: "C:\eclipse-workspace\MyProjects\TASystemsAPIs\src\test\resources\testDataFiles\Schemas\OTAs_schema.json"".
2023-02-07 10:55:29.022 &amp#27;[32m INFO&amp#27;[m &amp#27;[35m[@503 - main]&amp#27;[m &amp#27;[36mcom.shaft.tools.io.ReportManager&amp#27;[m : File Action "GetAbsolutePath" successfully performed. With the following test data "Relative Folder Path: "C:\eclipse-workspace\MyProjects\TASystemsAPIs\src\test\resources\testDataFiles\Schemas\OTAs_schema.json"".
2023-02-07 10:55:29.022 &amp#27;[32m INFO&amp#27;[m &amp#27;[35m[@503 - main]&amp#27;[m &amp#27;[36mcom.shaft.tools.io.ReportManager&amp#27;[m : File Action "ReadFile" successfully performed. With the following test data "File Path: "C:\eclipse-workspace\MyProjects\TASystemsAPIs\src\test\resources\testDataFiles\Schemas\OTAs_schema.json"".
2023-02-07 10:55:29.024 &amp#27;[32m INFO&amp#27;[m &amp#27;[35m[@503 - main]&amp#27;[m &amp#27;[36mcom.shaft.tools.io.ReportManager&amp#27;[m : Successfully created attachment "Validation Test Data - Expected JSON Value"
2023-02-07 10:55:29.025 &amp#27;[32m INFO&amp#27;[m &amp#27;[35m[@503 - main]&amp#27;[m &amp#27;[36mcom.shaft.tools.io.ReportManager&amp#27;[m : Successfully created attachment "Validation Test Data - Actual JSON Value"
2023-02-07 10:55:29.028 &amp#27;[32m INFO&amp#27;[m &amp#27;[35m[@503 - main]&amp#27;[m &amp#27;[36mcom.shaft.tools.io.ReportManager&amp#27;[m : Successfully created attachment "SHAFT Engine Logs - Current Method log: Valid_GET_all_OTAs_by_Qry_Rq_TC"
]]></system-out>
  </testcase>
  <testcase name="Valid_GET_all_OTAs_by_Qry_Rq_TC[[Ljava.lang.Object;@4b1412eb](4)" classname="SteeringCompanyAPI_TestCases.Test_Commissions_Cases" time="3.247">
    <system-out><![CDATA[2023-02-07 10:55:29.035 &amp#27;[32m INFO&amp#27;[m &amp#27;[35m[@534 - main]&amp#27;[m &amp#27;[36mcom.shaft.tools.io.ReportManager&amp#27;[m : 
################################################################################################################################################
Starting Execution:	"43 out of 107" test cases in the current suite
Test Method:		"SteeringCompanyAPI_TestCases.Test_Commissions_Cases.Valid_GET_all_OTAs_by_Qry_Rq_TC"
Test Description:	"TC017  -OTAs- Perform Get all OTAs API with pagination with valid user name and password"
################################################################################################################################################
2023-02-07 10:55:29.036 &amp#27;[32m INFO&amp#27;[m &amp#27;[35m[@503 - main]&amp#27;[m &amp#27;[36mcom.shaft.tools.io.ReportManager&amp#27;[m : File Action "DoesFileExist" successfully performed. With the following test data "File Path: "SteeringCompanyAPI_TestData/SteeringCompanyAPI_TestData.xlsx"".
2023-02-07 10:55:29.089 &amp#27;[32m INFO&amp#27;[m &amp#27;[35m[@503 - main]&amp#27;[m &amp#27;[36mcom.shaft.tools.io.ReportManager&amp#27;[m : Successfully created attachment "Test Data - Excel"
2023-02-07 10:55:29.751 &amp#27;[32m INFO&amp#27;[m &amp#27;[35m[@503 - main]&amp#27;[m &amp#27;[36mcom.shaft.tools.io.ReportManager&amp#27;[m : Response status code: "200", status line: "HTTP/1.1 200 OK"
2023-02-07 10:55:29.781 &amp#27;[32m INFO&amp#27;[m &amp#27;[35m[@503 - main]&amp#27;[m &amp#27;[36mcom.shaft.tools.io.ReportManager&amp#27;[m : Successfully created attachment "API Request - Specifications"
2023-02-07 10:55:29.783 &amp#27;[32m INFO&amp#27;[m &amp#27;[35m[@503 - main]&amp#27;[m &amp#27;[36mcom.shaft.tools.io.ReportManager&amp#27;[m : Successfully created attachment "API Request - Body"
2023-02-07 10:55:29.784 &amp#27;[32m INFO&amp#27;[m &amp#27;[35m[@503 - main]&amp#27;[m &amp#27;[36mcom.shaft.tools.io.ReportManager&amp#27;[m : Successfully created attachment "API Response - JSON Body"
2023-02-07 10:55:29.797 &amp#27;[32m INFO&amp#27;[m &amp#27;[35m[@503 - main]&amp#27;[m &amp#27;[36mcom.shaft.tools.io.ReportManager&amp#27;[m : File Action "DoesFileExist" successfully performed. With the following test data "File Path: "SteeringCompanyAPI_TestData/SteeringCompanyAPI_TestData.xlsx"".
2023-02-07 10:55:29.834 &amp#27;[32m INFO&amp#27;[m &amp#27;[35m[@503 - main]&amp#27;[m &amp#27;[36mcom.shaft.tools.io.ReportManager&amp#27;[m : Successfully created attachment "Test Data - Excel"
2023-02-07 10:55:29.835 &amp#27;[32m INFO&amp#27;[m &amp#27;[35m[@503 - main]&amp#27;[m &amp#27;[36mcom.shaft.tools.io.ReportManager&amp#27;[m : File Action "DoesFileExist" successfully performed. With the following test data "File Path: "SteeringCompanyAPI_TestData/SteeringCompanyAPI_TestData.xlsx"".
2023-02-07 10:55:29.869 &amp#27;[32m INFO&amp#27;[m &amp#27;[35m[@503 - main]&amp#27;[m &amp#27;[36mcom.shaft.tools.io.ReportManager&amp#27;[m : Successfully created attachment "Test Data - Excel"
2023-02-07 10:55:29.870 &amp#27;[32m INFO&amp#27;[m &amp#27;[35m[@503 - main]&amp#27;[m &amp#27;[36mcom.shaft.tools.io.ReportManager&amp#27;[m : File Action "DoesFileExist" successfully performed. With the following test data "File Path: "SteeringCompanyAPI_TestData/SteeringCompanyAPI_TestData.xlsx"".
2023-02-07 10:55:29.895 &amp#27;[32m INFO&amp#27;[m &amp#27;[35m[@503 - main]&amp#27;[m &amp#27;[36mcom.shaft.tools.io.ReportManager&amp#27;[m : Successfully created attachment "Test Data - Excel"
2023-02-07 10:55:32.057 &amp#27;[32m INFO&amp#27;[m &amp#27;[35m[@503 - main]&amp#27;[m &amp#27;[36mcom.shaft.tools.io.ReportManager&amp#27;[m : Response status code: "200", status line: "HTTP/1.1 200 "
2023-02-07 10:55:32.226 &amp#27;[32m INFO&amp#27;[m &amp#27;[35m[@503 - main]&amp#27;[m &amp#27;[36mcom.shaft.tools.io.ReportManager&amp#27;[m : Successfully created attachment "API Request - Specifications"
2023-02-07 10:55:32.228 &amp#27;[32m INFO&amp#27;[m &amp#27;[35m[@503 - main]&amp#27;[m &amp#27;[36mcom.shaft.tools.io.ReportManager&amp#27;[m : Successfully created attachment "API Response - JSON Body"
2023-02-07 10:55:32.233 &amp#27;[32m INFO&amp#27;[m &amp#27;[35m[@503 - main]&amp#27;[m &amp#27;[36mcom.shaft.tools.io.ReportManager&amp#27;[m : Successfully created attachment "Validation Test Data - Expected Value"
2023-02-07 10:55:32.234 &amp#27;[32m INFO&amp#27;[m &amp#27;[35m[@503 - main]&amp#27;[m &amp#27;[36mcom.shaft.tools.io.ReportManager&amp#27;[m : Successfully created attachment "Validation Test Data - Actual Value"
2023-02-07 10:55:32.240 &amp#27;[32m INFO&amp#27;[m &amp#27;[35m[@503 - main]&amp#27;[m &amp#27;[36mcom.shaft.tools.io.ReportManager&amp#27;[m : Get response jsonvalue "content".
2023-02-07 10:55:32.241 &amp#27;[32m INFO&amp#27;[m &amp#27;[35m[@503 - main]&amp#27;[m &amp#27;[36mcom.shaft.tools.io.ReportManager&amp#27;[m : Successfully created attachment "Validation Test Data - Expected Value"
2023-02-07 10:55:32.243 &amp#27;[32m INFO&amp#27;[m &amp#27;[35m[@503 - main]&amp#27;[m &amp#27;[36mcom.shaft.tools.io.ReportManager&amp#27;[m : Successfully created attachment "Validation Test Data - Actual Value"
2023-02-07 10:55:32.244 &amp#27;[32m INFO&amp#27;[m &amp#27;[35m[@503 - main]&amp#27;[m &amp#27;[36mcom.shaft.tools.io.ReportManager&amp#27;[m : File Action "DoesFileExist" successfully performed. With the following test data "File Path: "Schemas/OTAs_schema.json"".
2023-02-07 10:55:32.244 &amp#27;[32m INFO&amp#27;[m &amp#27;[35m[@503 - main]&amp#27;[m &amp#27;[36mcom.shaft.tools.io.ReportManager&amp#27;[m : File Action "DoesFileExist" successfully performed. With the following test data "File Path: "src/test/resources/testDataFiles/Schemas/OTAs_schema.json"".
2023-02-07 10:55:32.246 &amp#27;[32m INFO&amp#27;[m &amp#27;[35m[@503 - main]&amp#27;[m &amp#27;[36mcom.shaft.tools.io.ReportManager&amp#27;[m : File Action "GetAbsolutePath" successfully performed. With the following test data "Relative Folder Path: "src/test/resources/testDataFiles/Schemas/OTAs_schema.json"".
2023-02-07 10:55:32.257 &amp#27;[32m INFO&amp#27;[m &amp#27;[35m[@503 - main]&amp#27;[m &amp#27;[36mcom.shaft.tools.io.ReportManager&amp#27;[m : File Action "DoesFileExist" successfully performed. With the following test data "File Path: "C:\eclipse-workspace\MyProjects\TASystemsAPIs\src\test\resources\testDataFiles\Schemas\OTAs_schema.json"".
2023-02-07 10:55:32.258 &amp#27;[32m INFO&amp#27;[m &amp#27;[35m[@503 - main]&amp#27;[m &amp#27;[36mcom.shaft.tools.io.ReportManager&amp#27;[m : File Action "GetAbsolutePath" successfully performed. With the following test data "Relative Folder Path: "C:\eclipse-workspace\MyProjects\TASystemsAPIs\src\test\resources\testDataFiles\Schemas\OTAs_schema.json"".
2023-02-07 10:55:32.258 &amp#27;[32m INFO&amp#27;[m &amp#27;[35m[@503 - main]&amp#27;[m &amp#27;[36mcom.shaft.tools.io.ReportManager&amp#27;[m : File Action "ReadFile" successfully performed. With the following test data "File Path: "C:\eclipse-workspace\MyProjects\TASystemsAPIs\src\test\resources\testDataFiles\Schemas\OTAs_schema.json"".
2023-02-07 10:55:32.267 &amp#27;[32m INFO&amp#27;[m &amp#27;[35m[@503 - main]&amp#27;[m &amp#27;[36mcom.shaft.tools.io.ReportManager&amp#27;[m : Successfully created attachment "Validation Test Data - Expected JSON Value"
2023-02-07 10:55:32.269 &amp#27;[32m INFO&amp#27;[m &amp#27;[35m[@503 - main]&amp#27;[m &amp#27;[36mcom.shaft.tools.io.ReportManager&amp#27;[m : Successfully created attachment "Validation Test Data - Actual JSON Value"
2023-02-07 10:55:32.275 &amp#27;[32m INFO&amp#27;[m &amp#27;[35m[@503 - main]&amp#27;[m &amp#27;[36mcom.shaft.tools.io.ReportManager&amp#27;[m : Successfully created attachment "SHAFT Engine Logs - Current Method log: Valid_GET_all_OTAs_by_Qry_Rq_TC"
]]></system-out>
  </testcase>
  <testcase name="Valid_GET_all_OTAs_by_Qry_Rq_TC[[Ljava.lang.Object;@2178325d](5)" classname="SteeringCompanyAPI_TestCases.Test_Commissions_Cases" time="2.138">
    <system-out><![CDATA[2023-02-07 10:55:32.283 &amp#27;[32m INFO&amp#27;[m &amp#27;[35m[@534 - main]&amp#27;[m &amp#27;[36mcom.shaft.tools.io.ReportManager&amp#27;[m : 
################################################################################################################################################
Starting Execution:	"44 out of 107" test cases in the current suite
Test Method:		"SteeringCompanyAPI_TestCases.Test_Commissions_Cases.Valid_GET_all_OTAs_by_Qry_Rq_TC"
Test Description:	"TC017  -OTAs- Perform Get all OTAs API with pagination with valid user name and password"
################################################################################################################################################
2023-02-07 10:55:32.284 &amp#27;[32m INFO&amp#27;[m &amp#27;[35m[@503 - main]&amp#27;[m &amp#27;[36mcom.shaft.tools.io.ReportManager&amp#27;[m : File Action "DoesFileExist" successfully performed. With the following test data "File Path: "SteeringCompanyAPI_TestData/SteeringCompanyAPI_TestData.xlsx"".
2023-02-07 10:55:32.334 &amp#27;[32m INFO&amp#27;[m &amp#27;[35m[@503 - main]&amp#27;[m &amp#27;[36mcom.shaft.tools.io.ReportManager&amp#27;[m : Successfully created attachment "Test Data - Excel"
2023-02-07 10:55:33.626 &amp#27;[32m INFO&amp#27;[m &amp#27;[35m[@503 - main]&amp#27;[m &amp#27;[36mcom.shaft.tools.io.ReportManager&amp#27;[m : Response status code: "200", status line: "HTTP/1.1 200 OK"
2023-02-07 10:55:33.654 &amp#27;[32m INFO&amp#27;[m &amp#27;[35m[@503 - main]&amp#27;[m &amp#27;[36mcom.shaft.tools.io.ReportManager&amp#27;[m : Successfully created attachment "API Request - Specifications"
2023-02-07 10:55:33.655 &amp#27;[32m INFO&amp#27;[m &amp#27;[35m[@503 - main]&amp#27;[m &amp#27;[36mcom.shaft.tools.io.ReportManager&amp#27;[m : Successfully created attachment "API Request - Body"
2023-02-07 10:55:33.657 &amp#27;[32m INFO&amp#27;[m &amp#27;[35m[@503 - main]&amp#27;[m &amp#27;[36mcom.shaft.tools.io.ReportManager&amp#27;[m : Successfully created attachment "API Response - JSON Body"
2023-02-07 10:55:33.673 &amp#27;[32m INFO&amp#27;[m &amp#27;[35m[@503 - main]&amp#27;[m &amp#27;[36mcom.shaft.tools.io.ReportManager&amp#27;[m : File Action "DoesFileExist" successfully performed. With the following test data "File Path: "SteeringCompanyAPI_TestData/SteeringCompanyAPI_TestData.xlsx"".
2023-02-07 10:55:33.718 &amp#27;[32m INFO&amp#27;[m &amp#27;[35m[@503 - main]&amp#27;[m &amp#27;[36mcom.shaft.tools.io.ReportManager&amp#27;[m : Successfully created attachment "Test Data - Excel"
2023-02-07 10:55:33.718 &amp#27;[32m INFO&amp#27;[m &amp#27;[35m[@503 - main]&amp#27;[m &amp#27;[36mcom.shaft.tools.io.ReportManager&amp#27;[m : File Action "DoesFileExist" successfully performed. With the following test data "File Path: "SteeringCompanyAPI_TestData/SteeringCompanyAPI_TestData.xlsx"".
2023-02-07 10:55:33.766 &amp#27;[32m INFO&amp#27;[m &amp#27;[35m[@503 - main]&amp#27;[m &amp#27;[36mcom.shaft.tools.io.ReportManager&amp#27;[m : Successfully created attachment "Test Data - Excel"
2023-02-07 10:55:33.767 &amp#27;[32m INFO&amp#27;[m &amp#27;[35m[@503 - main]&amp#27;[m &amp#27;[36mcom.shaft.tools.io.ReportManager&amp#27;[m : File Action "DoesFileExist" successfully performed. With the following test data "File Path: "SteeringCompanyAPI_TestData/SteeringCompanyAPI_TestData.xlsx"".
2023-02-07 10:55:33.818 &amp#27;[32m INFO&amp#27;[m &amp#27;[35m[@503 - main]&amp#27;[m &amp#27;[36mcom.shaft.tools.io.ReportManager&amp#27;[m : Successfully created attachment "Test Data - Excel"
2023-02-07 10:55:34.388 &amp#27;[32m INFO&amp#27;[m &amp#27;[35m[@503 - main]&amp#27;[m &amp#27;[36mcom.shaft.tools.io.ReportManager&amp#27;[m : Response status code: "200", status line: "HTTP/1.1 200 "
2023-02-07 10:55:34.401 &amp#27;[32m INFO&amp#27;[m &amp#27;[35m[@503 - main]&amp#27;[m &amp#27;[36mcom.shaft.tools.io.ReportManager&amp#27;[m : Successfully created attachment "API Request - Specifications"
2023-02-07 10:55:34.402 &amp#27;[32m INFO&amp#27;[m &amp#27;[35m[@503 - main]&amp#27;[m &amp#27;[36mcom.shaft.tools.io.ReportManager&amp#27;[m : Successfully created attachment "API Response - JSON Body"
2023-02-07 10:55:34.403 &amp#27;[32m INFO&amp#27;[m &amp#27;[35m[@503 - main]&amp#27;[m &amp#27;[36mcom.shaft.tools.io.ReportManager&amp#27;[m : Successfully created attachment "Validation Test Data - Expected Value"
2023-02-07 10:55:34.403 &amp#27;[32m INFO&amp#27;[m &amp#27;[35m[@503 - main]&amp#27;[m &amp#27;[36mcom.shaft.tools.io.ReportManager&amp#27;[m : Successfully created attachment "Validation Test Data - Actual Value"
2023-02-07 10:55:34.405 &amp#27;[32m INFO&amp#27;[m &amp#27;[35m[@503 - main]&amp#27;[m &amp#27;[36mcom.shaft.tools.io.ReportManager&amp#27;[m : Get response jsonvalue "content".
2023-02-07 10:55:34.406 &amp#27;[32m INFO&amp#27;[m &amp#27;[35m[@503 - main]&amp#27;[m &amp#27;[36mcom.shaft.tools.io.ReportManager&amp#27;[m : Successfully created attachment "Validation Test Data - Expected Value"
2023-02-07 10:55:34.407 &amp#27;[32m INFO&amp#27;[m &amp#27;[35m[@503 - main]&amp#27;[m &amp#27;[36mcom.shaft.tools.io.ReportManager&amp#27;[m : Successfully created attachment "Validation Test Data - Actual Value"
2023-02-07 10:55:34.407 &amp#27;[32m INFO&amp#27;[m &amp#27;[35m[@503 - main]&amp#27;[m &amp#27;[36mcom.shaft.tools.io.ReportManager&amp#27;[m : File Action "DoesFileExist" successfully performed. With the following test data "File Path: "Schemas/OTAs_schema.json"".
2023-02-07 10:55:34.408 &amp#27;[32m INFO&amp#27;[m &amp#27;[35m[@503 - main]&amp#27;[m &amp#27;[36mcom.shaft.tools.io.ReportManager&amp#27;[m : File Action "DoesFileExist" successfully performed. With the following test data "File Path: "src/test/resources/testDataFiles/Schemas/OTAs_schema.json"".
2023-02-07 10:55:34.408 &amp#27;[32m INFO&amp#27;[m &amp#27;[35m[@503 - main]&amp#27;[m &amp#27;[36mcom.shaft.tools.io.ReportManager&amp#27;[m : File Action "GetAbsolutePath" successfully performed. With the following test data "Relative Folder Path: "src/test/resources/testDataFiles/Schemas/OTAs_schema.json"".
2023-02-07 10:55:34.412 &amp#27;[32m INFO&amp#27;[m &amp#27;[35m[@503 - main]&amp#27;[m &amp#27;[36mcom.shaft.tools.io.ReportManager&amp#27;[m : File Action "DoesFileExist" successfully performed. With the following test data "File Path: "C:\eclipse-workspace\MyProjects\TASystemsAPIs\src\test\resources\testDataFiles\Schemas\OTAs_schema.json"".
2023-02-07 10:55:34.413 &amp#27;[32m INFO&amp#27;[m &amp#27;[35m[@503 - main]&amp#27;[m &amp#27;[36mcom.shaft.tools.io.ReportManager&amp#27;[m : File Action "GetAbsolutePath" successfully performed. With the following test data "Relative Folder Path: "C:\eclipse-workspace\MyProjects\TASystemsAPIs\src\test\resources\testDataFiles\Schemas\OTAs_schema.json"".
2023-02-07 10:55:34.413 &amp#27;[32m INFO&amp#27;[m &amp#27;[35m[@503 - main]&amp#27;[m &amp#27;[36mcom.shaft.tools.io.ReportManager&amp#27;[m : File Action "ReadFile" successfully performed. With the following test data "File Path: "C:\eclipse-workspace\MyProjects\TASystemsAPIs\src\test\resources\testDataFiles\Schemas\OTAs_schema.json"".
2023-02-07 10:55:34.416 &amp#27;[32m INFO&amp#27;[m &amp#27;[35m[@503 - main]&amp#27;[m &amp#27;[36mcom.shaft.tools.io.ReportManager&amp#27;[m : Successfully created attachment "Validation Test Data - Expected JSON Value"
2023-02-07 10:55:34.417 &amp#27;[32m INFO&amp#27;[m &amp#27;[35m[@503 - main]&amp#27;[m &amp#27;[36mcom.shaft.tools.io.ReportManager&amp#27;[m : Successfully created attachment "Validation Test Data - Actual JSON Value"
2023-02-07 10:55:34.417 &amp#27;[32m INFO&amp#27;[m &amp#27;[35m[@503 - main]&amp#27;[m &amp#27;[36mcom.shaft.tools.io.ReportManager&amp#27;[m : Successfully created attachment "SHAFT Engine Logs - Current Method log: Valid_GET_all_OTAs_by_Qry_Rq_TC"
]]></system-out>
  </testcase>
  <testcase name="Valid_GET_all_OTAs_by_Qry_Rq_TC[[Ljava.lang.Object;@79895a73](6)" classname="SteeringCompanyAPI_TestCases.Test_Commissions_Cases" time="1.792">
    <system-out><![CDATA[2023-02-07 10:55:34.423 &amp#27;[32m INFO&amp#27;[m &amp#27;[35m[@534 - main]&amp#27;[m &amp#27;[36mcom.shaft.tools.io.ReportManager&amp#27;[m : 
################################################################################################################################################
Starting Execution:	"45 out of 107" test cases in the current suite
Test Method:		"SteeringCompanyAPI_TestCases.Test_Commissions_Cases.Valid_GET_all_OTAs_by_Qry_Rq_TC"
Test Description:	"TC017  -OTAs- Perform Get all OTAs API with pagination with valid user name and password"
################################################################################################################################################
2023-02-07 10:55:34.423 &amp#27;[32m INFO&amp#27;[m &amp#27;[35m[@503 - main]&amp#27;[m &amp#27;[36mcom.shaft.tools.io.ReportManager&amp#27;[m : File Action "DoesFileExist" successfully performed. With the following test data "File Path: "SteeringCompanyAPI_TestData/SteeringCompanyAPI_TestData.xlsx"".
2023-02-07 10:55:34.469 &amp#27;[32m INFO&amp#27;[m &amp#27;[35m[@503 - main]&amp#27;[m &amp#27;[36mcom.shaft.tools.io.ReportManager&amp#27;[m : Successfully created attachment "Test Data - Excel"
2023-02-07 10:55:35.452 &amp#27;[32m INFO&amp#27;[m &amp#27;[35m[@503 - main]&amp#27;[m &amp#27;[36mcom.shaft.tools.io.ReportManager&amp#27;[m : Response status code: "200", status line: "HTTP/1.1 200 OK"
2023-02-07 10:55:35.477 &amp#27;[32m INFO&amp#27;[m &amp#27;[35m[@503 - main]&amp#27;[m &amp#27;[36mcom.shaft.tools.io.ReportManager&amp#27;[m : Successfully created attachment "API Request - Specifications"
2023-02-07 10:55:35.479 &amp#27;[32m INFO&amp#27;[m &amp#27;[35m[@503 - main]&amp#27;[m &amp#27;[36mcom.shaft.tools.io.ReportManager&amp#27;[m : Successfully created attachment "API Request - Body"
2023-02-07 10:55:35.481 &amp#27;[32m INFO&amp#27;[m &amp#27;[35m[@503 - main]&amp#27;[m &amp#27;[36mcom.shaft.tools.io.ReportManager&amp#27;[m : Successfully created attachment "API Response - JSON Body"
2023-02-07 10:55:35.504 &amp#27;[32m INFO&amp#27;[m &amp#27;[35m[@503 - main]&amp#27;[m &amp#27;[36mcom.shaft.tools.io.ReportManager&amp#27;[m : File Action "DoesFileExist" successfully performed. With the following test data "File Path: "SteeringCompanyAPI_TestData/SteeringCompanyAPI_TestData.xlsx"".
2023-02-07 10:55:35.561 &amp#27;[32m INFO&amp#27;[m &amp#27;[35m[@503 - main]&amp#27;[m &amp#27;[36mcom.shaft.tools.io.ReportManager&amp#27;[m : Successfully created attachment "Test Data - Excel"
2023-02-07 10:55:35.562 &amp#27;[32m INFO&amp#27;[m &amp#27;[35m[@503 - main]&amp#27;[m &amp#27;[36mcom.shaft.tools.io.ReportManager&amp#27;[m : File Action "DoesFileExist" successfully performed. With the following test data "File Path: "SteeringCompanyAPI_TestData/SteeringCompanyAPI_TestData.xlsx"".
2023-02-07 10:55:35.608 &amp#27;[32m INFO&amp#27;[m &amp#27;[35m[@503 - main]&amp#27;[m &amp#27;[36mcom.shaft.tools.io.ReportManager&amp#27;[m : Successfully created attachment "Test Data - Excel"
2023-02-07 10:55:35.608 &amp#27;[32m INFO&amp#27;[m &amp#27;[35m[@503 - main]&amp#27;[m &amp#27;[36mcom.shaft.tools.io.ReportManager&amp#27;[m : File Action "DoesFileExist" successfully performed. With the following test data "File Path: "SteeringCompanyAPI_TestData/SteeringCompanyAPI_TestData.xlsx"".
2023-02-07 10:55:35.648 &amp#27;[32m INFO&amp#27;[m &amp#27;[35m[@503 - main]&amp#27;[m &amp#27;[36mcom.shaft.tools.io.ReportManager&amp#27;[m : Successfully created attachment "Test Data - Excel"
2023-02-07 10:55:36.152 &amp#27;[32m INFO&amp#27;[m &amp#27;[35m[@503 - main]&amp#27;[m &amp#27;[36mcom.shaft.tools.io.ReportManager&amp#27;[m : Response status code: "200", status line: "HTTP/1.1 200 "
2023-02-07 10:55:36.176 &amp#27;[32m INFO&amp#27;[m &amp#27;[35m[@503 - main]&amp#27;[m &amp#27;[36mcom.shaft.tools.io.ReportManager&amp#27;[m : Successfully created attachment "API Request - Specifications"
2023-02-07 10:55:36.178 &amp#27;[32m INFO&amp#27;[m &amp#27;[35m[@503 - main]&amp#27;[m &amp#27;[36mcom.shaft.tools.io.ReportManager&amp#27;[m : Successfully created attachment "API Response - JSON Body"
2023-02-07 10:55:36.182 &amp#27;[32m INFO&amp#27;[m &amp#27;[35m[@503 - main]&amp#27;[m &amp#27;[36mcom.shaft.tools.io.ReportManager&amp#27;[m : Successfully created attachment "Validation Test Data - Expected Value"
2023-02-07 10:55:36.184 &amp#27;[32m INFO&amp#27;[m &amp#27;[35m[@503 - main]&amp#27;[m &amp#27;[36mcom.shaft.tools.io.ReportManager&amp#27;[m : Successfully created attachment "Validation Test Data - Actual Value"
2023-02-07 10:55:36.187 &amp#27;[32m INFO&amp#27;[m &amp#27;[35m[@503 - main]&amp#27;[m &amp#27;[36mcom.shaft.tools.io.ReportManager&amp#27;[m : Get response jsonvalue "content".
2023-02-07 10:55:36.188 &amp#27;[32m INFO&amp#27;[m &amp#27;[35m[@503 - main]&amp#27;[m &amp#27;[36mcom.shaft.tools.io.ReportManager&amp#27;[m : Successfully created attachment "Validation Test Data - Expected Value"
2023-02-07 10:55:36.190 &amp#27;[32m INFO&amp#27;[m &amp#27;[35m[@503 - main]&amp#27;[m &amp#27;[36mcom.shaft.tools.io.ReportManager&amp#27;[m : Successfully created attachment "Validation Test Data - Actual Value"
2023-02-07 10:55:36.190 &amp#27;[32m INFO&amp#27;[m &amp#27;[35m[@503 - main]&amp#27;[m &amp#27;[36mcom.shaft.tools.io.ReportManager&amp#27;[m : File Action "DoesFileExist" successfully performed. With the following test data "File Path: "Schemas/OTAs_schema.json"".
2023-02-07 10:55:36.190 &amp#27;[32m INFO&amp#27;[m &amp#27;[35m[@503 - main]&amp#27;[m &amp#27;[36mcom.shaft.tools.io.ReportManager&amp#27;[m : File Action "DoesFileExist" successfully performed. With the following test data "File Path: "src/test/resources/testDataFiles/Schemas/OTAs_schema.json"".
2023-02-07 10:55:36.190 &amp#27;[32m INFO&amp#27;[m &amp#27;[35m[@503 - main]&amp#27;[m &amp#27;[36mcom.shaft.tools.io.ReportManager&amp#27;[m : File Action "GetAbsolutePath" successfully performed. With the following test data "Relative Folder Path: "src/test/resources/testDataFiles/Schemas/OTAs_schema.json"".
2023-02-07 10:55:36.200 &amp#27;[32m INFO&amp#27;[m &amp#27;[35m[@503 - main]&amp#27;[m &amp#27;[36mcom.shaft.tools.io.ReportManager&amp#27;[m : File Action "DoesFileExist" successfully performed. With the following test data "File Path: "C:\eclipse-workspace\MyProjects\TASystemsAPIs\src\test\resources\testDataFiles\Schemas\OTAs_schema.json"".
2023-02-07 10:55:36.201 &amp#27;[32m INFO&amp#27;[m &amp#27;[35m[@503 - main]&amp#27;[m &amp#27;[36mcom.shaft.tools.io.ReportManager&amp#27;[m : File Action "GetAbsolutePath" successfully performed. With the following test data "Relative Folder Path: "C:\eclipse-workspace\MyProjects\TASystemsAPIs\src\test\resources\testDataFiles\Schemas\OTAs_schema.json"".
2023-02-07 10:55:36.201 &amp#27;[32m INFO&amp#27;[m &amp#27;[35m[@503 - main]&amp#27;[m &amp#27;[36mcom.shaft.tools.io.ReportManager&amp#27;[m : File Action "ReadFile" successfully performed. With the following test data "File Path: "C:\eclipse-workspace\MyProjects\TASystemsAPIs\src\test\resources\testDataFiles\Schemas\OTAs_schema.json"".
2023-02-07 10:55:36.204 &amp#27;[32m INFO&amp#27;[m &amp#27;[35m[@503 - main]&amp#27;[m &amp#27;[36mcom.shaft.tools.io.ReportManager&amp#27;[m : Successfully created attachment "Validation Test Data - Expected JSON Value"
2023-02-07 10:55:36.207 &amp#27;[32m INFO&amp#27;[m &amp#27;[35m[@503 - main]&amp#27;[m &amp#27;[36mcom.shaft.tools.io.ReportManager&amp#27;[m : Successfully created attachment "Validation Test Data - Actual JSON Value"
2023-02-07 10:55:36.208 &amp#27;[32m INFO&amp#27;[m &amp#27;[35m[@503 - main]&amp#27;[m &amp#27;[36mcom.shaft.tools.io.ReportManager&amp#27;[m : Successfully created attachment "SHAFT Engine Logs - Current Method log: Valid_GET_all_OTAs_by_Qry_Rq_TC"
]]></system-out>
  </testcase>
  <testcase name="Valid_GET_all_OTAs_by_Qry_Rq_TC[[Ljava.lang.Object;@6c25b3ad](7)" classname="SteeringCompanyAPI_TestCases.Test_Commissions_Cases" time="2.997">
    <system-out><![CDATA[2023-02-07 10:55:36.215 &amp#27;[32m INFO&amp#27;[m &amp#27;[35m[@534 - main]&amp#27;[m &amp#27;[36mcom.shaft.tools.io.ReportManager&amp#27;[m : 
################################################################################################################################################
Starting Execution:	"46 out of 107" test cases in the current suite
Test Method:		"SteeringCompanyAPI_TestCases.Test_Commissions_Cases.Valid_GET_all_OTAs_by_Qry_Rq_TC"
Test Description:	"TC017  -OTAs- Perform Get all OTAs API with pagination with valid user name and password"
################################################################################################################################################
2023-02-07 10:55:36.216 &amp#27;[32m INFO&amp#27;[m &amp#27;[35m[@503 - main]&amp#27;[m &amp#27;[36mcom.shaft.tools.io.ReportManager&amp#27;[m : File Action "DoesFileExist" successfully performed. With the following test data "File Path: "SteeringCompanyAPI_TestData/SteeringCompanyAPI_TestData.xlsx"".
2023-02-07 10:55:36.260 &amp#27;[32m INFO&amp#27;[m &amp#27;[35m[@503 - main]&amp#27;[m &amp#27;[36mcom.shaft.tools.io.ReportManager&amp#27;[m : Successfully created attachment "Test Data - Excel"
2023-02-07 10:55:38.310 &amp#27;[32m INFO&amp#27;[m &amp#27;[35m[@503 - main]&amp#27;[m &amp#27;[36mcom.shaft.tools.io.ReportManager&amp#27;[m : Response status code: "200", status line: "HTTP/1.1 200 OK"
2023-02-07 10:55:38.340 &amp#27;[32m INFO&amp#27;[m &amp#27;[35m[@503 - main]&amp#27;[m &amp#27;[36mcom.shaft.tools.io.ReportManager&amp#27;[m : Successfully created attachment "API Request - Specifications"
2023-02-07 10:55:38.341 &amp#27;[32m INFO&amp#27;[m &amp#27;[35m[@503 - main]&amp#27;[m &amp#27;[36mcom.shaft.tools.io.ReportManager&amp#27;[m : Successfully created attachment "API Request - Body"
2023-02-07 10:55:38.342 &amp#27;[32m INFO&amp#27;[m &amp#27;[35m[@503 - main]&amp#27;[m &amp#27;[36mcom.shaft.tools.io.ReportManager&amp#27;[m : Successfully created attachment "API Response - JSON Body"
2023-02-07 10:55:38.367 &amp#27;[32m INFO&amp#27;[m &amp#27;[35m[@503 - main]&amp#27;[m &amp#27;[36mcom.shaft.tools.io.ReportManager&amp#27;[m : File Action "DoesFileExist" successfully performed. With the following test data "File Path: "SteeringCompanyAPI_TestData/SteeringCompanyAPI_TestData.xlsx"".
2023-02-07 10:55:38.442 &amp#27;[32m INFO&amp#27;[m &amp#27;[35m[@503 - main]&amp#27;[m &amp#27;[36mcom.shaft.tools.io.ReportManager&amp#27;[m : Successfully created attachment "Test Data - Excel"
2023-02-07 10:55:38.443 &amp#27;[32m INFO&amp#27;[m &amp#27;[35m[@503 - main]&amp#27;[m &amp#27;[36mcom.shaft.tools.io.ReportManager&amp#27;[m : File Action "DoesFileExist" successfully performed. With the following test data "File Path: "SteeringCompanyAPI_TestData/SteeringCompanyAPI_TestData.xlsx"".
2023-02-07 10:55:38.516 &amp#27;[32m INFO&amp#27;[m &amp#27;[35m[@503 - main]&amp#27;[m &amp#27;[36mcom.shaft.tools.io.ReportManager&amp#27;[m : Successfully created attachment "Test Data - Excel"
2023-02-07 10:55:38.516 &amp#27;[32m INFO&amp#27;[m &amp#27;[35m[@503 - main]&amp#27;[m &amp#27;[36mcom.shaft.tools.io.ReportManager&amp#27;[m : File Action "DoesFileExist" successfully performed. With the following test data "File Path: "SteeringCompanyAPI_TestData/SteeringCompanyAPI_TestData.xlsx"".
2023-02-07 10:55:38.573 &amp#27;[32m INFO&amp#27;[m &amp#27;[35m[@503 - main]&amp#27;[m &amp#27;[36mcom.shaft.tools.io.ReportManager&amp#27;[m : Successfully created attachment "Test Data - Excel"
2023-02-07 10:55:39.112 &amp#27;[32m INFO&amp#27;[m &amp#27;[35m[@503 - main]&amp#27;[m &amp#27;[36mcom.shaft.tools.io.ReportManager&amp#27;[m : Response status code: "200", status line: "HTTP/1.1 200 "
2023-02-07 10:55:39.160 &amp#27;[32m INFO&amp#27;[m &amp#27;[35m[@503 - main]&amp#27;[m &amp#27;[36mcom.shaft.tools.io.ReportManager&amp#27;[m : Successfully created attachment "API Request - Specifications"
2023-02-07 10:55:39.164 &amp#27;[32m INFO&amp#27;[m &amp#27;[35m[@503 - main]&amp#27;[m &amp#27;[36mcom.shaft.tools.io.ReportManager&amp#27;[m : Successfully created attachment "API Response - JSON Body"
2023-02-07 10:55:39.170 &amp#27;[32m INFO&amp#27;[m &amp#27;[35m[@503 - main]&amp#27;[m &amp#27;[36mcom.shaft.tools.io.ReportManager&amp#27;[m : Successfully created attachment "Validation Test Data - Expected Value"
2023-02-07 10:55:39.171 &amp#27;[32m INFO&amp#27;[m &amp#27;[35m[@503 - main]&amp#27;[m &amp#27;[36mcom.shaft.tools.io.ReportManager&amp#27;[m : Successfully created attachment "Validation Test Data - Actual Value"
2023-02-07 10:55:39.174 &amp#27;[32m INFO&amp#27;[m &amp#27;[35m[@503 - main]&amp#27;[m &amp#27;[36mcom.shaft.tools.io.ReportManager&amp#27;[m : Get response jsonvalue "content".
2023-02-07 10:55:39.181 &amp#27;[32m INFO&amp#27;[m &amp#27;[35m[@503 - main]&amp#27;[m &amp#27;[36mcom.shaft.tools.io.ReportManager&amp#27;[m : Successfully created attachment "Validation Test Data - Expected Value"
2023-02-07 10:55:39.182 &amp#27;[32m INFO&amp#27;[m &amp#27;[35m[@503 - main]&amp#27;[m &amp#27;[36mcom.shaft.tools.io.ReportManager&amp#27;[m : Successfully created attachment "Validation Test Data - Actual Value"
2023-02-07 10:55:39.184 &amp#27;[32m INFO&amp#27;[m &amp#27;[35m[@503 - main]&amp#27;[m &amp#27;[36mcom.shaft.tools.io.ReportManager&amp#27;[m : File Action "DoesFileExist" successfully performed. With the following test data "File Path: "Schemas/OTAs_schema.json"".
2023-02-07 10:55:39.184 &amp#27;[32m INFO&amp#27;[m &amp#27;[35m[@503 - main]&amp#27;[m &amp#27;[36mcom.shaft.tools.io.ReportManager&amp#27;[m : File Action "DoesFileExist" successfully performed. With the following test data "File Path: "src/test/resources/testDataFiles/Schemas/OTAs_schema.json"".
2023-02-07 10:55:39.185 &amp#27;[32m INFO&amp#27;[m &amp#27;[35m[@503 - main]&amp#27;[m &amp#27;[36mcom.shaft.tools.io.ReportManager&amp#27;[m : File Action "GetAbsolutePath" successfully performed. With the following test data "Relative Folder Path: "src/test/resources/testDataFiles/Schemas/OTAs_schema.json"".
2023-02-07 10:55:39.196 &amp#27;[32m INFO&amp#27;[m &amp#27;[35m[@503 - main]&amp#27;[m &amp#27;[36mcom.shaft.tools.io.ReportManager&amp#27;[m : File Action "DoesFileExist" successfully performed. With the following test data "File Path: "C:\eclipse-workspace\MyProjects\TASystemsAPIs\src\test\resources\testDataFiles\Schemas\OTAs_schema.json"".
2023-02-07 10:55:39.196 &amp#27;[32m INFO&amp#27;[m &amp#27;[35m[@503 - main]&amp#27;[m &amp#27;[36mcom.shaft.tools.io.ReportManager&amp#27;[m : File Action "GetAbsolutePath" successfully performed. With the following test data "Relative Folder Path: "C:\eclipse-workspace\MyProjects\TASystemsAPIs\src\test\resources\testDataFiles\Schemas\OTAs_schema.json"".
2023-02-07 10:55:39.196 &amp#27;[32m INFO&amp#27;[m &amp#27;[35m[@503 - main]&amp#27;[m &amp#27;[36mcom.shaft.tools.io.ReportManager&amp#27;[m : File Action "ReadFile" successfully performed. With the following test data "File Path: "C:\eclipse-workspace\MyProjects\TASystemsAPIs\src\test\resources\testDataFiles\Schemas\OTAs_schema.json"".
2023-02-07 10:55:39.199 &amp#27;[32m INFO&amp#27;[m &amp#27;[35m[@503 - main]&amp#27;[m &amp#27;[36mcom.shaft.tools.io.ReportManager&amp#27;[m : Successfully created attachment "Validation Test Data - Expected JSON Value"
2023-02-07 10:55:39.203 &amp#27;[32m INFO&amp#27;[m &amp#27;[35m[@503 - main]&amp#27;[m &amp#27;[36mcom.shaft.tools.io.ReportManager&amp#27;[m : Successfully created attachment "Validation Test Data - Actual JSON Value"
2023-02-07 10:55:39.206 &amp#27;[32m INFO&amp#27;[m &amp#27;[35m[@503 - main]&amp#27;[m &amp#27;[36mcom.shaft.tools.io.ReportManager&amp#27;[m : Successfully created attachment "SHAFT Engine Logs - Current Method log: Valid_GET_all_OTAs_by_Qry_Rq_TC"
]]></system-out>
  </testcase>
  <testcase name="Valid_GET_all_OTAs_by_Qry_Rq_TC[[Ljava.lang.Object;@67b4b072](8)" classname="SteeringCompanyAPI_TestCases.Test_Commissions_Cases" time="2.327">
    <system-out><![CDATA[2023-02-07 10:55:39.217 &amp#27;[32m INFO&amp#27;[m &amp#27;[35m[@534 - main]&amp#27;[m &amp#27;[36mcom.shaft.tools.io.ReportManager&amp#27;[m : 
################################################################################################################################################
Starting Execution:	"47 out of 107" test cases in the current suite
Test Method:		"SteeringCompanyAPI_TestCases.Test_Commissions_Cases.Valid_GET_all_OTAs_by_Qry_Rq_TC"
Test Description:	"TC017  -OTAs- Perform Get all OTAs API with pagination with valid user name and password"
################################################################################################################################################
2023-02-07 10:55:39.219 &amp#27;[32m INFO&amp#27;[m &amp#27;[35m[@503 - main]&amp#27;[m &amp#27;[36mcom.shaft.tools.io.ReportManager&amp#27;[m : File Action "DoesFileExist" successfully performed. With the following test data "File Path: "SteeringCompanyAPI_TestData/SteeringCompanyAPI_TestData.xlsx"".
2023-02-07 10:55:39.282 &amp#27;[32m INFO&amp#27;[m &amp#27;[35m[@503 - main]&amp#27;[m &amp#27;[36mcom.shaft.tools.io.ReportManager&amp#27;[m : Successfully created attachment "Test Data - Excel"
2023-02-07 10:55:39.936 &amp#27;[32m INFO&amp#27;[m &amp#27;[35m[@503 - main]&amp#27;[m &amp#27;[36mcom.shaft.tools.io.ReportManager&amp#27;[m : Response status code: "200", status line: "HTTP/1.1 200 OK"
2023-02-07 10:55:39.966 &amp#27;[32m INFO&amp#27;[m &amp#27;[35m[@503 - main]&amp#27;[m &amp#27;[36mcom.shaft.tools.io.ReportManager&amp#27;[m : Successfully created attachment "API Request - Specifications"
2023-02-07 10:55:39.967 &amp#27;[32m INFO&amp#27;[m &amp#27;[35m[@503 - main]&amp#27;[m &amp#27;[36mcom.shaft.tools.io.ReportManager&amp#27;[m : Successfully created attachment "API Request - Body"
2023-02-07 10:55:39.972 &amp#27;[32m INFO&amp#27;[m &amp#27;[35m[@503 - main]&amp#27;[m &amp#27;[36mcom.shaft.tools.io.ReportManager&amp#27;[m : Successfully created attachment "API Response - JSON Body"
2023-02-07 10:55:39.996 &amp#27;[32m INFO&amp#27;[m &amp#27;[35m[@503 - main]&amp#27;[m &amp#27;[36mcom.shaft.tools.io.ReportManager&amp#27;[m : File Action "DoesFileExist" successfully performed. With the following test data "File Path: "SteeringCompanyAPI_TestData/SteeringCompanyAPI_TestData.xlsx"".
2023-02-07 10:55:40.064 &amp#27;[32m INFO&amp#27;[m &amp#27;[35m[@503 - main]&amp#27;[m &amp#27;[36mcom.shaft.tools.io.ReportManager&amp#27;[m : Successfully created attachment "Test Data - Excel"
2023-02-07 10:55:40.064 &amp#27;[32m INFO&amp#27;[m &amp#27;[35m[@503 - main]&amp#27;[m &amp#27;[36mcom.shaft.tools.io.ReportManager&amp#27;[m : File Action "DoesFileExist" successfully performed. With the following test data "File Path: "SteeringCompanyAPI_TestData/SteeringCompanyAPI_TestData.xlsx"".
2023-02-07 10:55:40.107 &amp#27;[32m INFO&amp#27;[m &amp#27;[35m[@503 - main]&amp#27;[m &amp#27;[36mcom.shaft.tools.io.ReportManager&amp#27;[m : Successfully created attachment "Test Data - Excel"
2023-02-07 10:55:40.109 &amp#27;[32m INFO&amp#27;[m &amp#27;[35m[@503 - main]&amp#27;[m &amp#27;[36mcom.shaft.tools.io.ReportManager&amp#27;[m : File Action "DoesFileExist" successfully performed. With the following test data "File Path: "SteeringCompanyAPI_TestData/SteeringCompanyAPI_TestData.xlsx"".
2023-02-07 10:55:40.151 &amp#27;[32m INFO&amp#27;[m &amp#27;[35m[@503 - main]&amp#27;[m &amp#27;[36mcom.shaft.tools.io.ReportManager&amp#27;[m : Successfully created attachment "Test Data - Excel"
2023-02-07 10:55:41.505 &amp#27;[32m INFO&amp#27;[m &amp#27;[35m[@503 - main]&amp#27;[m &amp#27;[36mcom.shaft.tools.io.ReportManager&amp#27;[m : Response status code: "200", status line: "HTTP/1.1 200 "
2023-02-07 10:55:41.521 &amp#27;[32m INFO&amp#27;[m &amp#27;[35m[@503 - main]&amp#27;[m &amp#27;[36mcom.shaft.tools.io.ReportManager&amp#27;[m : Successfully created attachment "API Request - Specifications"
2023-02-07 10:55:41.523 &amp#27;[32m INFO&amp#27;[m &amp#27;[35m[@503 - main]&amp#27;[m &amp#27;[36mcom.shaft.tools.io.ReportManager&amp#27;[m : Successfully created attachment "API Response - JSON Body"
2023-02-07 10:55:41.525 &amp#27;[32m INFO&amp#27;[m &amp#27;[35m[@503 - main]&amp#27;[m &amp#27;[36mcom.shaft.tools.io.ReportManager&amp#27;[m : Successfully created attachment "Validation Test Data - Expected Value"
2023-02-07 10:55:41.526 &amp#27;[32m INFO&amp#27;[m &amp#27;[35m[@503 - main]&amp#27;[m &amp#27;[36mcom.shaft.tools.io.ReportManager&amp#27;[m : Successfully created attachment "Validation Test Data - Actual Value"
2023-02-07 10:55:41.526 &amp#27;[32m INFO&amp#27;[m &amp#27;[35m[@503 - main]&amp#27;[m &amp#27;[36mcom.shaft.tools.io.ReportManager&amp#27;[m : Get response jsonvalue "content".
2023-02-07 10:55:41.527 &amp#27;[32m INFO&amp#27;[m &amp#27;[35m[@503 - main]&amp#27;[m &amp#27;[36mcom.shaft.tools.io.ReportManager&amp#27;[m : Successfully created attachment "Validation Test Data - Expected Value"
2023-02-07 10:55:41.527 &amp#27;[32m INFO&amp#27;[m &amp#27;[35m[@503 - main]&amp#27;[m &amp#27;[36mcom.shaft.tools.io.ReportManager&amp#27;[m : Successfully created attachment "Validation Test Data - Actual Value"
2023-02-07 10:55:41.528 &amp#27;[32m INFO&amp#27;[m &amp#27;[35m[@503 - main]&amp#27;[m &amp#27;[36mcom.shaft.tools.io.ReportManager&amp#27;[m : File Action "DoesFileExist" successfully performed. With the following test data "File Path: "Schemas/OTAs_schema.json"".
2023-02-07 10:55:41.528 &amp#27;[32m INFO&amp#27;[m &amp#27;[35m[@503 - main]&amp#27;[m &amp#27;[36mcom.shaft.tools.io.ReportManager&amp#27;[m : File Action "DoesFileExist" successfully performed. With the following test data "File Path: "src/test/resources/testDataFiles/Schemas/OTAs_schema.json"".
2023-02-07 10:55:41.528 &amp#27;[32m INFO&amp#27;[m &amp#27;[35m[@503 - main]&amp#27;[m &amp#27;[36mcom.shaft.tools.io.ReportManager&amp#27;[m : File Action "GetAbsolutePath" successfully performed. With the following test data "Relative Folder Path: "src/test/resources/testDataFiles/Schemas/OTAs_schema.json"".
2023-02-07 10:55:41.534 &amp#27;[32m INFO&amp#27;[m &amp#27;[35m[@503 - main]&amp#27;[m &amp#27;[36mcom.shaft.tools.io.ReportManager&amp#27;[m : File Action "DoesFileExist" successfully performed. With the following test data "File Path: "C:\eclipse-workspace\MyProjects\TASystemsAPIs\src\test\resources\testDataFiles\Schemas\OTAs_schema.json"".
2023-02-07 10:55:41.534 &amp#27;[32m INFO&amp#27;[m &amp#27;[35m[@503 - main]&amp#27;[m &amp#27;[36mcom.shaft.tools.io.ReportManager&amp#27;[m : File Action "GetAbsolutePath" successfully performed. With the following test data "Relative Folder Path: "C:\eclipse-workspace\MyProjects\TASystemsAPIs\src\test\resources\testDataFiles\Schemas\OTAs_schema.json"".
2023-02-07 10:55:41.535 &amp#27;[32m INFO&amp#27;[m &amp#27;[35m[@503 - main]&amp#27;[m &amp#27;[36mcom.shaft.tools.io.ReportManager&amp#27;[m : File Action "ReadFile" successfully performed. With the following test data "File Path: "C:\eclipse-workspace\MyProjects\TASystemsAPIs\src\test\resources\testDataFiles\Schemas\OTAs_schema.json"".
2023-02-07 10:55:41.537 &amp#27;[32m INFO&amp#27;[m &amp#27;[35m[@503 - main]&amp#27;[m &amp#27;[36mcom.shaft.tools.io.ReportManager&amp#27;[m : Successfully created attachment "Validation Test Data - Expected JSON Value"
2023-02-07 10:55:41.538 &amp#27;[32m INFO&amp#27;[m &amp#27;[35m[@503 - main]&amp#27;[m &amp#27;[36mcom.shaft.tools.io.ReportManager&amp#27;[m : Successfully created attachment "Validation Test Data - Actual JSON Value"
2023-02-07 10:55:41.539 &amp#27;[32m INFO&amp#27;[m &amp#27;[35m[@503 - main]&amp#27;[m &amp#27;[36mcom.shaft.tools.io.ReportManager&amp#27;[m : Successfully created attachment "SHAFT Engine Logs - Current Method log: Valid_GET_all_OTAs_by_Qry_Rq_TC"
]]></system-out>
  </testcase>
  <testcase name="Valid_GET_all_OTAs_by_Qry_Rq_TC[[Ljava.lang.Object;@2fdeaa3c](9)" classname="SteeringCompanyAPI_TestCases.Test_Commissions_Cases" time="2.539">
    <system-out><![CDATA[2023-02-07 10:55:41.541 &amp#27;[32m INFO&amp#27;[m &amp#27;[35m[@534 - main]&amp#27;[m &amp#27;[36mcom.shaft.tools.io.ReportManager&amp#27;[m : 
################################################################################################################################################
Starting Execution:	"48 out of 107" test cases in the current suite
Test Method:		"SteeringCompanyAPI_TestCases.Test_Commissions_Cases.Valid_GET_all_OTAs_by_Qry_Rq_TC"
Test Description:	"TC017  -OTAs- Perform Get all OTAs API with pagination with valid user name and password"
################################################################################################################################################
2023-02-07 10:55:41.541 &amp#27;[32m INFO&amp#27;[m &amp#27;[35m[@503 - main]&amp#27;[m &amp#27;[36mcom.shaft.tools.io.ReportManager&amp#27;[m : File Action "DoesFileExist" successfully performed. With the following test data "File Path: "SteeringCompanyAPI_TestData/SteeringCompanyAPI_TestData.xlsx"".
2023-02-07 10:55:41.582 &amp#27;[32m INFO&amp#27;[m &amp#27;[35m[@503 - main]&amp#27;[m &amp#27;[36mcom.shaft.tools.io.ReportManager&amp#27;[m : Successfully created attachment "Test Data - Excel"
2023-02-07 10:55:43.304 &amp#27;[32m INFO&amp#27;[m &amp#27;[35m[@503 - main]&amp#27;[m &amp#27;[36mcom.shaft.tools.io.ReportManager&amp#27;[m : Response status code: "200", status line: "HTTP/1.1 200 OK"
2023-02-07 10:55:43.340 &amp#27;[32m INFO&amp#27;[m &amp#27;[35m[@503 - main]&amp#27;[m &amp#27;[36mcom.shaft.tools.io.ReportManager&amp#27;[m : Successfully created attachment "API Request - Specifications"
2023-02-07 10:55:43.342 &amp#27;[32m INFO&amp#27;[m &amp#27;[35m[@503 - main]&amp#27;[m &amp#27;[36mcom.shaft.tools.io.ReportManager&amp#27;[m : Successfully created attachment "API Request - Body"
2023-02-07 10:55:43.346 &amp#27;[32m INFO&amp#27;[m &amp#27;[35m[@503 - main]&amp#27;[m &amp#27;[36mcom.shaft.tools.io.ReportManager&amp#27;[m : Successfully created attachment "API Response - JSON Body"
2023-02-07 10:55:43.369 &amp#27;[32m INFO&amp#27;[m &amp#27;[35m[@503 - main]&amp#27;[m &amp#27;[36mcom.shaft.tools.io.ReportManager&amp#27;[m : File Action "DoesFileExist" successfully performed. With the following test data "File Path: "SteeringCompanyAPI_TestData/SteeringCompanyAPI_TestData.xlsx"".
2023-02-07 10:55:43.423 &amp#27;[32m INFO&amp#27;[m &amp#27;[35m[@503 - main]&amp#27;[m &amp#27;[36mcom.shaft.tools.io.ReportManager&amp#27;[m : Successfully created attachment "Test Data - Excel"
2023-02-07 10:55:43.427 &amp#27;[32m INFO&amp#27;[m &amp#27;[35m[@503 - main]&amp#27;[m &amp#27;[36mcom.shaft.tools.io.ReportManager&amp#27;[m : File Action "DoesFileExist" successfully performed. With the following test data "File Path: "SteeringCompanyAPI_TestData/SteeringCompanyAPI_TestData.xlsx"".
2023-02-07 10:55:43.466 &amp#27;[32m INFO&amp#27;[m &amp#27;[35m[@503 - main]&amp#27;[m &amp#27;[36mcom.shaft.tools.io.ReportManager&amp#27;[m : Successfully created attachment "Test Data - Excel"
2023-02-07 10:55:43.467 &amp#27;[32m INFO&amp#27;[m &amp#27;[35m[@503 - main]&amp#27;[m &amp#27;[36mcom.shaft.tools.io.ReportManager&amp#27;[m : File Action "DoesFileExist" successfully performed. With the following test data "File Path: "SteeringCompanyAPI_TestData/SteeringCompanyAPI_TestData.xlsx"".
2023-02-07 10:55:43.510 &amp#27;[32m INFO&amp#27;[m &amp#27;[35m[@503 - main]&amp#27;[m &amp#27;[36mcom.shaft.tools.io.ReportManager&amp#27;[m : Successfully created attachment "Test Data - Excel"
2023-02-07 10:55:44.024 &amp#27;[32m INFO&amp#27;[m &amp#27;[35m[@503 - main]&amp#27;[m &amp#27;[36mcom.shaft.tools.io.ReportManager&amp#27;[m : Response status code: "200", status line: "HTTP/1.1 200 "
2023-02-07 10:55:44.053 &amp#27;[32m INFO&amp#27;[m &amp#27;[35m[@503 - main]&amp#27;[m &amp#27;[36mcom.shaft.tools.io.ReportManager&amp#27;[m : Successfully created attachment "API Request - Specifications"
2023-02-07 10:55:44.055 &amp#27;[32m INFO&amp#27;[m &amp#27;[35m[@503 - main]&amp#27;[m &amp#27;[36mcom.shaft.tools.io.ReportManager&amp#27;[m : Successfully created attachment "API Response - JSON Body"
2023-02-07 10:55:44.058 &amp#27;[32m INFO&amp#27;[m &amp#27;[35m[@503 - main]&amp#27;[m &amp#27;[36mcom.shaft.tools.io.ReportManager&amp#27;[m : Successfully created attachment "Validation Test Data - Expected Value"
2023-02-07 10:55:44.059 &amp#27;[32m INFO&amp#27;[m &amp#27;[35m[@503 - main]&amp#27;[m &amp#27;[36mcom.shaft.tools.io.ReportManager&amp#27;[m : Successfully created attachment "Validation Test Data - Actual Value"
2023-02-07 10:55:44.060 &amp#27;[32m INFO&amp#27;[m &amp#27;[35m[@503 - main]&amp#27;[m &amp#27;[36mcom.shaft.tools.io.ReportManager&amp#27;[m : Get response jsonvalue "content".
2023-02-07 10:55:44.062 &amp#27;[32m INFO&amp#27;[m &amp#27;[35m[@503 - main]&amp#27;[m &amp#27;[36mcom.shaft.tools.io.ReportManager&amp#27;[m : Successfully created attachment "Validation Test Data - Expected Value"
2023-02-07 10:55:44.063 &amp#27;[32m INFO&amp#27;[m &amp#27;[35m[@503 - main]&amp#27;[m &amp#27;[36mcom.shaft.tools.io.ReportManager&amp#27;[m : Successfully created attachment "Validation Test Data - Actual Value"
2023-02-07 10:55:44.063 &amp#27;[32m INFO&amp#27;[m &amp#27;[35m[@503 - main]&amp#27;[m &amp#27;[36mcom.shaft.tools.io.ReportManager&amp#27;[m : File Action "DoesFileExist" successfully performed. With the following test data "File Path: "Schemas/OTAs_schema.json"".
2023-02-07 10:55:44.064 &amp#27;[32m INFO&amp#27;[m &amp#27;[35m[@503 - main]&amp#27;[m &amp#27;[36mcom.shaft.tools.io.ReportManager&amp#27;[m : File Action "DoesFileExist" successfully performed. With the following test data "File Path: "src/test/resources/testDataFiles/Schemas/OTAs_schema.json"".
2023-02-07 10:55:44.064 &amp#27;[32m INFO&amp#27;[m &amp#27;[35m[@503 - main]&amp#27;[m &amp#27;[36mcom.shaft.tools.io.ReportManager&amp#27;[m : File Action "GetAbsolutePath" successfully performed. With the following test data "Relative Folder Path: "src/test/resources/testDataFiles/Schemas/OTAs_schema.json"".
2023-02-07 10:55:44.072 &amp#27;[32m INFO&amp#27;[m &amp#27;[35m[@503 - main]&amp#27;[m &amp#27;[36mcom.shaft.tools.io.ReportManager&amp#27;[m : File Action "DoesFileExist" successfully performed. With the following test data "File Path: "C:\eclipse-workspace\MyProjects\TASystemsAPIs\src\test\resources\testDataFiles\Schemas\OTAs_schema.json"".
2023-02-07 10:55:44.072 &amp#27;[32m INFO&amp#27;[m &amp#27;[35m[@503 - main]&amp#27;[m &amp#27;[36mcom.shaft.tools.io.ReportManager&amp#27;[m : File Action "GetAbsolutePath" successfully performed. With the following test data "Relative Folder Path: "C:\eclipse-workspace\MyProjects\TASystemsAPIs\src\test\resources\testDataFiles\Schemas\OTAs_schema.json"".
2023-02-07 10:55:44.072 &amp#27;[32m INFO&amp#27;[m &amp#27;[35m[@503 - main]&amp#27;[m &amp#27;[36mcom.shaft.tools.io.ReportManager&amp#27;[m : File Action "ReadFile" successfully performed. With the following test data "File Path: "C:\eclipse-workspace\MyProjects\TASystemsAPIs\src\test\resources\testDataFiles\Schemas\OTAs_schema.json"".
2023-02-07 10:55:44.075 &amp#27;[32m INFO&amp#27;[m &amp#27;[35m[@503 - main]&amp#27;[m &amp#27;[36mcom.shaft.tools.io.ReportManager&amp#27;[m : Successfully created attachment "Validation Test Data - Expected JSON Value"
2023-02-07 10:55:44.076 &amp#27;[32m INFO&amp#27;[m &amp#27;[35m[@503 - main]&amp#27;[m &amp#27;[36mcom.shaft.tools.io.ReportManager&amp#27;[m : Successfully created attachment "Validation Test Data - Actual JSON Value"
2023-02-07 10:55:44.077 &amp#27;[32m INFO&amp#27;[m &amp#27;[35m[@503 - main]&amp#27;[m &amp#27;[36mcom.shaft.tools.io.ReportManager&amp#27;[m : Successfully created attachment "SHAFT Engine Logs - Current Method log: Valid_GET_all_OTAs_by_Qry_Rq_TC"
]]></system-out>
  </testcase>
  <testcase name="Valid_GET_all_OTAs_by_Qry_Rq_TC[[Ljava.lang.Object;@689774fc](10)" classname="SteeringCompanyAPI_TestCases.Test_Commissions_Cases" time="2.565">
    <system-out><![CDATA[2023-02-07 10:55:44.080 &amp#27;[32m INFO&amp#27;[m &amp#27;[35m[@534 - main]&amp#27;[m &amp#27;[36mcom.shaft.tools.io.ReportManager&amp#27;[m : 
################################################################################################################################################
Starting Execution:	"49 out of 107" test cases in the current suite
Test Method:		"SteeringCompanyAPI_TestCases.Test_Commissions_Cases.Valid_GET_all_OTAs_by_Qry_Rq_TC"
Test Description:	"TC017  -OTAs- Perform Get all OTAs API with pagination with valid user name and password"
################################################################################################################################################
2023-02-07 10:55:44.081 &amp#27;[32m INFO&amp#27;[m &amp#27;[35m[@503 - main]&amp#27;[m &amp#27;[36mcom.shaft.tools.io.ReportManager&amp#27;[m : File Action "DoesFileExist" successfully performed. With the following test data "File Path: "SteeringCompanyAPI_TestData/SteeringCompanyAPI_TestData.xlsx"".
2023-02-07 10:55:44.104 &amp#27;[32m INFO&amp#27;[m &amp#27;[35m[@503 - main]&amp#27;[m &amp#27;[36mcom.shaft.tools.io.ReportManager&amp#27;[m : Successfully created attachment "Test Data - Excel"
2023-02-07 10:55:45.811 &amp#27;[32m INFO&amp#27;[m &amp#27;[35m[@503 - main]&amp#27;[m &amp#27;[36mcom.shaft.tools.io.ReportManager&amp#27;[m : Response status code: "200", status line: "HTTP/1.1 200 OK"
2023-02-07 10:55:45.856 &amp#27;[32m INFO&amp#27;[m &amp#27;[35m[@503 - main]&amp#27;[m &amp#27;[36mcom.shaft.tools.io.ReportManager&amp#27;[m : Successfully created attachment "API Request - Specifications"
2023-02-07 10:55:45.858 &amp#27;[32m INFO&amp#27;[m &amp#27;[35m[@503 - main]&amp#27;[m &amp#27;[36mcom.shaft.tools.io.ReportManager&amp#27;[m : Successfully created attachment "API Request - Body"
2023-02-07 10:55:45.862 &amp#27;[32m INFO&amp#27;[m &amp#27;[35m[@503 - main]&amp#27;[m &amp#27;[36mcom.shaft.tools.io.ReportManager&amp#27;[m : Successfully created attachment "API Response - JSON Body"
2023-02-07 10:55:45.881 &amp#27;[32m INFO&amp#27;[m &amp#27;[35m[@503 - main]&amp#27;[m &amp#27;[36mcom.shaft.tools.io.ReportManager&amp#27;[m : File Action "DoesFileExist" successfully performed. With the following test data "File Path: "SteeringCompanyAPI_TestData/SteeringCompanyAPI_TestData.xlsx"".
2023-02-07 10:55:45.938 &amp#27;[32m INFO&amp#27;[m &amp#27;[35m[@503 - main]&amp#27;[m &amp#27;[36mcom.shaft.tools.io.ReportManager&amp#27;[m : Successfully created attachment "Test Data - Excel"
2023-02-07 10:55:45.939 &amp#27;[32m INFO&amp#27;[m &amp#27;[35m[@503 - main]&amp#27;[m &amp#27;[36mcom.shaft.tools.io.ReportManager&amp#27;[m : File Action "DoesFileExist" successfully performed. With the following test data "File Path: "SteeringCompanyAPI_TestData/SteeringCompanyAPI_TestData.xlsx"".
2023-02-07 10:55:45.988 &amp#27;[32m INFO&amp#27;[m &amp#27;[35m[@503 - main]&amp#27;[m &amp#27;[36mcom.shaft.tools.io.ReportManager&amp#27;[m : Successfully created attachment "Test Data - Excel"
2023-02-07 10:55:45.989 &amp#27;[32m INFO&amp#27;[m &amp#27;[35m[@503 - main]&amp#27;[m &amp#27;[36mcom.shaft.tools.io.ReportManager&amp#27;[m : File Action "DoesFileExist" successfully performed. With the following test data "File Path: "SteeringCompanyAPI_TestData/SteeringCompanyAPI_TestData.xlsx"".
2023-02-07 10:55:46.036 &amp#27;[32m INFO&amp#27;[m &amp#27;[35m[@503 - main]&amp#27;[m &amp#27;[36mcom.shaft.tools.io.ReportManager&amp#27;[m : Successfully created attachment "Test Data - Excel"
2023-02-07 10:55:46.575 &amp#27;[32m INFO&amp#27;[m &amp#27;[35m[@503 - main]&amp#27;[m &amp#27;[36mcom.shaft.tools.io.ReportManager&amp#27;[m : Response status code: "200", status line: "HTTP/1.1 200 "
2023-02-07 10:55:46.602 &amp#27;[32m INFO&amp#27;[m &amp#27;[35m[@503 - main]&amp#27;[m &amp#27;[36mcom.shaft.tools.io.ReportManager&amp#27;[m : Successfully created attachment "API Request - Specifications"
2023-02-07 10:55:46.603 &amp#27;[32m INFO&amp#27;[m &amp#27;[35m[@503 - main]&amp#27;[m &amp#27;[36mcom.shaft.tools.io.ReportManager&amp#27;[m : Successfully created attachment "API Response - JSON Body"
2023-02-07 10:55:46.604 &amp#27;[32m INFO&amp#27;[m &amp#27;[35m[@503 - main]&amp#27;[m &amp#27;[36mcom.shaft.tools.io.ReportManager&amp#27;[m : Successfully created attachment "Validation Test Data - Expected Value"
2023-02-07 10:55:46.607 &amp#27;[32m INFO&amp#27;[m &amp#27;[35m[@503 - main]&amp#27;[m &amp#27;[36mcom.shaft.tools.io.ReportManager&amp#27;[m : Successfully created attachment "Validation Test Data - Actual Value"
2023-02-07 10:55:46.610 &amp#27;[32m INFO&amp#27;[m &amp#27;[35m[@503 - main]&amp#27;[m &amp#27;[36mcom.shaft.tools.io.ReportManager&amp#27;[m : Get response jsonvalue "content".
2023-02-07 10:55:46.613 &amp#27;[32m INFO&amp#27;[m &amp#27;[35m[@503 - main]&amp#27;[m &amp#27;[36mcom.shaft.tools.io.ReportManager&amp#27;[m : Successfully created attachment "Validation Test Data - Expected Value"
2023-02-07 10:55:46.617 &amp#27;[32m INFO&amp#27;[m &amp#27;[35m[@503 - main]&amp#27;[m &amp#27;[36mcom.shaft.tools.io.ReportManager&amp#27;[m : Successfully created attachment "Validation Test Data - Actual Value"
2023-02-07 10:55:46.618 &amp#27;[32m INFO&amp#27;[m &amp#27;[35m[@503 - main]&amp#27;[m &amp#27;[36mcom.shaft.tools.io.ReportManager&amp#27;[m : File Action "DoesFileExist" successfully performed. With the following test data "File Path: "Schemas/OTAs_schema.json"".
2023-02-07 10:55:46.618 &amp#27;[32m INFO&amp#27;[m &amp#27;[35m[@503 - main]&amp#27;[m &amp#27;[36mcom.shaft.tools.io.ReportManager&amp#27;[m : File Action "DoesFileExist" successfully performed. With the following test data "File Path: "src/test/resources/testDataFiles/Schemas/OTAs_schema.json"".
2023-02-07 10:55:46.619 &amp#27;[32m INFO&amp#27;[m &amp#27;[35m[@503 - main]&amp#27;[m &amp#27;[36mcom.shaft.tools.io.ReportManager&amp#27;[m : File Action "GetAbsolutePath" successfully performed. With the following test data "Relative Folder Path: "src/test/resources/testDataFiles/Schemas/OTAs_schema.json"".
2023-02-07 10:55:46.633 &amp#27;[32m INFO&amp#27;[m &amp#27;[35m[@503 - main]&amp#27;[m &amp#27;[36mcom.shaft.tools.io.ReportManager&amp#27;[m : File Action "DoesFileExist" successfully performed. With the following test data "File Path: "C:\eclipse-workspace\MyProjects\TASystemsAPIs\src\test\resources\testDataFiles\Schemas\OTAs_schema.json"".
2023-02-07 10:55:46.633 &amp#27;[32m INFO&amp#27;[m &amp#27;[35m[@503 - main]&amp#27;[m &amp#27;[36mcom.shaft.tools.io.ReportManager&amp#27;[m : File Action "GetAbsolutePath" successfully performed. With the following test data "Relative Folder Path: "C:\eclipse-workspace\MyProjects\TASystemsAPIs\src\test\resources\testDataFiles\Schemas\OTAs_schema.json"".
2023-02-07 10:55:46.633 &amp#27;[32m INFO&amp#27;[m &amp#27;[35m[@503 - main]&amp#27;[m &amp#27;[36mcom.shaft.tools.io.ReportManager&amp#27;[m : File Action "ReadFile" successfully performed. With the following test data "File Path: "C:\eclipse-workspace\MyProjects\TASystemsAPIs\src\test\resources\testDataFiles\Schemas\OTAs_schema.json"".
2023-02-07 10:55:46.636 &amp#27;[32m INFO&amp#27;[m &amp#27;[35m[@503 - main]&amp#27;[m &amp#27;[36mcom.shaft.tools.io.ReportManager&amp#27;[m : Successfully created attachment "Validation Test Data - Expected JSON Value"
2023-02-07 10:55:46.638 &amp#27;[32m INFO&amp#27;[m &amp#27;[35m[@503 - main]&amp#27;[m &amp#27;[36mcom.shaft.tools.io.ReportManager&amp#27;[m : Successfully created attachment "Validation Test Data - Actual JSON Value"
2023-02-07 10:55:46.641 &amp#27;[32m INFO&amp#27;[m &amp#27;[35m[@503 - main]&amp#27;[m &amp#27;[36mcom.shaft.tools.io.ReportManager&amp#27;[m : Successfully created attachment "SHAFT Engine Logs - Current Method log: Valid_GET_all_OTAs_by_Qry_Rq_TC"
]]></system-out>
  </testcase>
  <testcase name="Valid_Get_Commissions_TC[[Ljava.lang.Object;@4c9d87ff](1)" classname="SteeringCompanyAPI_TestCases.Test_Commissions_Cases" time="1.435">
    <system-out><![CDATA[2023-02-07 10:55:46.649 &amp#27;[32m INFO&amp#27;[m &amp#27;[35m[@534 - main]&amp#27;[m &amp#27;[36mcom.shaft.tools.io.ReportManager&amp#27;[m : 
################################################################################################################################################
Starting Execution:	"50 out of 107" test cases in the current suite
Test Method:		"SteeringCompanyAPI_TestCases.Test_Commissions_Cases.Valid_Get_Commissions_TC"
Test Description:	"TC008 -Commission- Perform Get Valid Commission"
################################################################################################################################################
2023-02-07 10:55:46.649 &amp#27;[32m INFO&amp#27;[m &amp#27;[35m[@503 - main]&amp#27;[m &amp#27;[36mcom.shaft.tools.io.ReportManager&amp#27;[m : File Action "DoesFileExist" successfully performed. With the following test data "File Path: "SteeringCompanyAPI_TestData/SteeringCompanyAPI_TestData.xlsx"".
2023-02-07 10:55:46.694 &amp#27;[32m INFO&amp#27;[m &amp#27;[35m[@503 - main]&amp#27;[m &amp#27;[36mcom.shaft.tools.io.ReportManager&amp#27;[m : Successfully created attachment "Test Data - Excel"
2023-02-07 10:55:47.314 &amp#27;[32m INFO&amp#27;[m &amp#27;[35m[@503 - main]&amp#27;[m &amp#27;[36mcom.shaft.tools.io.ReportManager&amp#27;[m : Response status code: "200", status line: "HTTP/1.1 200 OK"
2023-02-07 10:55:47.343 &amp#27;[32m INFO&amp#27;[m &amp#27;[35m[@503 - main]&amp#27;[m &amp#27;[36mcom.shaft.tools.io.ReportManager&amp#27;[m : Successfully created attachment "API Request - Specifications"
2023-02-07 10:55:47.344 &amp#27;[32m INFO&amp#27;[m &amp#27;[35m[@503 - main]&amp#27;[m &amp#27;[36mcom.shaft.tools.io.ReportManager&amp#27;[m : Successfully created attachment "API Request - Body"
2023-02-07 10:55:47.346 &amp#27;[32m INFO&amp#27;[m &amp#27;[35m[@503 - main]&amp#27;[m &amp#27;[36mcom.shaft.tools.io.ReportManager&amp#27;[m : Successfully created attachment "API Response - JSON Body"
2023-02-07 10:55:47.368 &amp#27;[32m INFO&amp#27;[m &amp#27;[35m[@503 - main]&amp#27;[m &amp#27;[36mcom.shaft.tools.io.ReportManager&amp#27;[m : File Action "DoesFileExist" successfully performed. With the following test data "File Path: "SteeringCompanyAPI_TestData/SteeringCompanyAPI_TestData.xlsx"".
2023-02-07 10:55:47.397 &amp#27;[32m INFO&amp#27;[m &amp#27;[35m[@503 - main]&amp#27;[m &amp#27;[36mcom.shaft.tools.io.ReportManager&amp#27;[m : Successfully created attachment "Test Data - Excel"
2023-02-07 10:55:47.398 &amp#27;[32m INFO&amp#27;[m &amp#27;[35m[@503 - main]&amp#27;[m &amp#27;[36mcom.shaft.tools.io.ReportManager&amp#27;[m : File Action "DoesFileExist" successfully performed. With the following test data "File Path: "SteeringCompanyAPI_TestData/SteeringCompanyAPI_TestData.xlsx"".
2023-02-07 10:55:47.470 &amp#27;[32m INFO&amp#27;[m &amp#27;[35m[@503 - main]&amp#27;[m &amp#27;[36mcom.shaft.tools.io.ReportManager&amp#27;[m : Successfully created attachment "Test Data - Excel"
2023-02-07 10:55:47.470 &amp#27;[32m INFO&amp#27;[m &amp#27;[35m[@503 - main]&amp#27;[m &amp#27;[36mcom.shaft.tools.io.ReportManager&amp#27;[m : File Action "DoesFileExist" successfully performed. With the following test data "File Path: "SteeringCompanyAPI_TestData/SteeringCompanyAPI_TestData.xlsx"".
2023-02-07 10:55:47.505 &amp#27;[32m INFO&amp#27;[m &amp#27;[35m[@503 - main]&amp#27;[m &amp#27;[36mcom.shaft.tools.io.ReportManager&amp#27;[m : Successfully created attachment "Test Data - Excel"
2023-02-07 10:55:48.028 &amp#27;[32m INFO&amp#27;[m &amp#27;[35m[@503 - main]&amp#27;[m &amp#27;[36mcom.shaft.tools.io.ReportManager&amp#27;[m : Response status code: "200", status line: "HTTP/1.1 200 "
2023-02-07 10:55:48.057 &amp#27;[32m INFO&amp#27;[m &amp#27;[35m[@503 - main]&amp#27;[m &amp#27;[36mcom.shaft.tools.io.ReportManager&amp#27;[m : Successfully created attachment "API Request - Specifications"
2023-02-07 10:55:48.062 &amp#27;[32m INFO&amp#27;[m &amp#27;[35m[@503 - main]&amp#27;[m &amp#27;[36mcom.shaft.tools.io.ReportManager&amp#27;[m : Successfully created attachment "API Response - JSON Body"
2023-02-07 10:55:48.063 &amp#27;[32m INFO&amp#27;[m &amp#27;[35m[@503 - main]&amp#27;[m &amp#27;[36mcom.shaft.tools.io.ReportManager&amp#27;[m : File Action "DoesFileExist" successfully performed. With the following test data "File Path: "Schemas/Commission_by_OTAid_schema.json"".
2023-02-07 10:55:48.064 &amp#27;[32m INFO&amp#27;[m &amp#27;[35m[@503 - main]&amp#27;[m &amp#27;[36mcom.shaft.tools.io.ReportManager&amp#27;[m : File Action "DoesFileExist" successfully performed. With the following test data "File Path: "src/test/resources/testDataFiles/Schemas/Commission_by_OTAid_schema.json"".
2023-02-07 10:55:48.064 &amp#27;[32m INFO&amp#27;[m &amp#27;[35m[@503 - main]&amp#27;[m &amp#27;[36mcom.shaft.tools.io.ReportManager&amp#27;[m : File Action "GetAbsolutePath" successfully performed. With the following test data "Relative Folder Path: "src/test/resources/testDataFiles/Schemas/Commission_by_OTAid_schema.json"".
2023-02-07 10:55:48.068 &amp#27;[32m INFO&amp#27;[m &amp#27;[35m[@503 - main]&amp#27;[m &amp#27;[36mcom.shaft.tools.io.ReportManager&amp#27;[m : File Action "DoesFileExist" successfully performed. With the following test data "File Path: "C:\eclipse-workspace\MyProjects\TASystemsAPIs\src\test\resources\testDataFiles\Schemas\Commission_by_OTAid_schema.json"".
2023-02-07 10:55:48.068 &amp#27;[32m INFO&amp#27;[m &amp#27;[35m[@503 - main]&amp#27;[m &amp#27;[36mcom.shaft.tools.io.ReportManager&amp#27;[m : File Action "GetAbsolutePath" successfully performed. With the following test data "Relative Folder Path: "C:\eclipse-workspace\MyProjects\TASystemsAPIs\src\test\resources\testDataFiles\Schemas\Commission_by_OTAid_schema.json"".
2023-02-07 10:55:48.069 &amp#27;[32m INFO&amp#27;[m &amp#27;[35m[@503 - main]&amp#27;[m &amp#27;[36mcom.shaft.tools.io.ReportManager&amp#27;[m : File Action "ReadFile" successfully performed. With the following test data "File Path: "C:\eclipse-workspace\MyProjects\TASystemsAPIs\src\test\resources\testDataFiles\Schemas\Commission_by_OTAid_schema.json"".
2023-02-07 10:55:48.077 &amp#27;[32m INFO&amp#27;[m &amp#27;[35m[@503 - main]&amp#27;[m &amp#27;[36mcom.shaft.tools.io.ReportManager&amp#27;[m : Successfully created attachment "Validation Test Data - Expected JSON Value"
2023-02-07 10:55:48.078 &amp#27;[32m INFO&amp#27;[m &amp#27;[35m[@503 - main]&amp#27;[m &amp#27;[36mcom.shaft.tools.io.ReportManager&amp#27;[m : Successfully created attachment "Validation Test Data - Actual JSON Value"
2023-02-07 10:55:48.079 &amp#27;[32m INFO&amp#27;[m &amp#27;[35m[@503 - main]&amp#27;[m &amp#27;[36mcom.shaft.tools.io.ReportManager&amp#27;[m : Successfully created attachment "SHAFT Engine Logs - Current Method log: Valid_Get_Commissions_TC"
]]></system-out>
  </testcase>
  <testcase name="Valid_Get_Commissions_TC[[Ljava.lang.Object;@3f5337ec](2)" classname="SteeringCompanyAPI_TestCases.Test_Commissions_Cases" time="1.37">
    <system-out><![CDATA[2023-02-07 10:55:48.086 &amp#27;[32m INFO&amp#27;[m &amp#27;[35m[@534 - main]&amp#27;[m &amp#27;[36mcom.shaft.tools.io.ReportManager&amp#27;[m : 
################################################################################################################################################
Starting Execution:	"51 out of 107" test cases in the current suite
Test Method:		"SteeringCompanyAPI_TestCases.Test_Commissions_Cases.Valid_Get_Commissions_TC"
Test Description:	"TC008 -Commission- Perform Get Valid Commission"
################################################################################################################################################
2023-02-07 10:55:48.087 &amp#27;[32m INFO&amp#27;[m &amp#27;[35m[@503 - main]&amp#27;[m &amp#27;[36mcom.shaft.tools.io.ReportManager&amp#27;[m : File Action "DoesFileExist" successfully performed. With the following test data "File Path: "SteeringCompanyAPI_TestData/SteeringCompanyAPI_TestData.xlsx"".
2023-02-07 10:55:48.130 &amp#27;[32m INFO&amp#27;[m &amp#27;[35m[@503 - main]&amp#27;[m &amp#27;[36mcom.shaft.tools.io.ReportManager&amp#27;[m : Successfully created attachment "Test Data - Excel"
2023-02-07 10:55:48.777 &amp#27;[32m INFO&amp#27;[m &amp#27;[35m[@503 - main]&amp#27;[m &amp#27;[36mcom.shaft.tools.io.ReportManager&amp#27;[m : Response status code: "200", status line: "HTTP/1.1 200 OK"
2023-02-07 10:55:48.802 &amp#27;[32m INFO&amp#27;[m &amp#27;[35m[@503 - main]&amp#27;[m &amp#27;[36mcom.shaft.tools.io.ReportManager&amp#27;[m : Successfully created attachment "API Request - Specifications"
2023-02-07 10:55:48.804 &amp#27;[32m INFO&amp#27;[m &amp#27;[35m[@503 - main]&amp#27;[m &amp#27;[36mcom.shaft.tools.io.ReportManager&amp#27;[m : Successfully created attachment "API Request - Body"
2023-02-07 10:55:48.806 &amp#27;[32m INFO&amp#27;[m &amp#27;[35m[@503 - main]&amp#27;[m &amp#27;[36mcom.shaft.tools.io.ReportManager&amp#27;[m : Successfully created attachment "API Response - JSON Body"
2023-02-07 10:55:48.820 &amp#27;[32m INFO&amp#27;[m &amp#27;[35m[@503 - main]&amp#27;[m &amp#27;[36mcom.shaft.tools.io.ReportManager&amp#27;[m : File Action "DoesFileExist" successfully performed. With the following test data "File Path: "SteeringCompanyAPI_TestData/SteeringCompanyAPI_TestData.xlsx"".
2023-02-07 10:55:48.850 &amp#27;[32m INFO&amp#27;[m &amp#27;[35m[@503 - main]&amp#27;[m &amp#27;[36mcom.shaft.tools.io.ReportManager&amp#27;[m : Successfully created attachment "Test Data - Excel"
2023-02-07 10:55:48.850 &amp#27;[32m INFO&amp#27;[m &amp#27;[35m[@503 - main]&amp#27;[m &amp#27;[36mcom.shaft.tools.io.ReportManager&amp#27;[m : File Action "DoesFileExist" successfully performed. With the following test data "File Path: "SteeringCompanyAPI_TestData/SteeringCompanyAPI_TestData.xlsx"".
2023-02-07 10:55:48.880 &amp#27;[32m INFO&amp#27;[m &amp#27;[35m[@503 - main]&amp#27;[m &amp#27;[36mcom.shaft.tools.io.ReportManager&amp#27;[m : Successfully created attachment "Test Data - Excel"
2023-02-07 10:55:48.880 &amp#27;[32m INFO&amp#27;[m &amp#27;[35m[@503 - main]&amp#27;[m &amp#27;[36mcom.shaft.tools.io.ReportManager&amp#27;[m : File Action "DoesFileExist" successfully performed. With the following test data "File Path: "SteeringCompanyAPI_TestData/SteeringCompanyAPI_TestData.xlsx"".
2023-02-07 10:55:48.916 &amp#27;[32m INFO&amp#27;[m &amp#27;[35m[@503 - main]&amp#27;[m &amp#27;[36mcom.shaft.tools.io.ReportManager&amp#27;[m : Successfully created attachment "Test Data - Excel"
2023-02-07 10:55:49.415 &amp#27;[32m INFO&amp#27;[m &amp#27;[35m[@503 - main]&amp#27;[m &amp#27;[36mcom.shaft.tools.io.ReportManager&amp#27;[m : Response status code: "200", status line: "HTTP/1.1 200 "
2023-02-07 10:55:49.433 &amp#27;[32m INFO&amp#27;[m &amp#27;[35m[@503 - main]&amp#27;[m &amp#27;[36mcom.shaft.tools.io.ReportManager&amp#27;[m : Successfully created attachment "API Request - Specifications"
2023-02-07 10:55:49.434 &amp#27;[32m INFO&amp#27;[m &amp#27;[35m[@503 - main]&amp#27;[m &amp#27;[36mcom.shaft.tools.io.ReportManager&amp#27;[m : Successfully created attachment "API Response - JSON Body"
2023-02-07 10:55:49.436 &amp#27;[32m INFO&amp#27;[m &amp#27;[35m[@503 - main]&amp#27;[m &amp#27;[36mcom.shaft.tools.io.ReportManager&amp#27;[m : File Action "DoesFileExist" successfully performed. With the following test data "File Path: "Schemas/Commission_by_OTAid_schema.json"".
2023-02-07 10:55:49.436 &amp#27;[32m INFO&amp#27;[m &amp#27;[35m[@503 - main]&amp#27;[m &amp#27;[36mcom.shaft.tools.io.ReportManager&amp#27;[m : File Action "DoesFileExist" successfully performed. With the following test data "File Path: "src/test/resources/testDataFiles/Schemas/Commission_by_OTAid_schema.json"".
2023-02-07 10:55:49.437 &amp#27;[32m INFO&amp#27;[m &amp#27;[35m[@503 - main]&amp#27;[m &amp#27;[36mcom.shaft.tools.io.ReportManager&amp#27;[m : File Action "GetAbsolutePath" successfully performed. With the following test data "Relative Folder Path: "src/test/resources/testDataFiles/Schemas/Commission_by_OTAid_schema.json"".
2023-02-07 10:55:49.441 &amp#27;[32m INFO&amp#27;[m &amp#27;[35m[@503 - main]&amp#27;[m &amp#27;[36mcom.shaft.tools.io.ReportManager&amp#27;[m : File Action "DoesFileExist" successfully performed. With the following test data "File Path: "C:\eclipse-workspace\MyProjects\TASystemsAPIs\src\test\resources\testDataFiles\Schemas\Commission_by_OTAid_schema.json"".
2023-02-07 10:55:49.441 &amp#27;[32m INFO&amp#27;[m &amp#27;[35m[@503 - main]&amp#27;[m &amp#27;[36mcom.shaft.tools.io.ReportManager&amp#27;[m : File Action "GetAbsolutePath" successfully performed. With the following test data "Relative Folder Path: "C:\eclipse-workspace\MyProjects\TASystemsAPIs\src\test\resources\testDataFiles\Schemas\Commission_by_OTAid_schema.json"".
2023-02-07 10:55:49.442 &amp#27;[32m INFO&amp#27;[m &amp#27;[35m[@503 - main]&amp#27;[m &amp#27;[36mcom.shaft.tools.io.ReportManager&amp#27;[m : File Action "ReadFile" successfully performed. With the following test data "File Path: "C:\eclipse-workspace\MyProjects\TASystemsAPIs\src\test\resources\testDataFiles\Schemas\Commission_by_OTAid_schema.json"".
2023-02-07 10:55:49.444 &amp#27;[32m INFO&amp#27;[m &amp#27;[35m[@503 - main]&amp#27;[m &amp#27;[36mcom.shaft.tools.io.ReportManager&amp#27;[m : Successfully created attachment "Validation Test Data - Expected JSON Value"
2023-02-07 10:55:49.445 &amp#27;[32m INFO&amp#27;[m &amp#27;[35m[@503 - main]&amp#27;[m &amp#27;[36mcom.shaft.tools.io.ReportManager&amp#27;[m : Successfully created attachment "Validation Test Data - Actual JSON Value"
2023-02-07 10:55:49.449 &amp#27;[32m INFO&amp#27;[m &amp#27;[35m[@503 - main]&amp#27;[m &amp#27;[36mcom.shaft.tools.io.ReportManager&amp#27;[m : Successfully created attachment "SHAFT Engine Logs - Current Method log: Valid_Get_Commissions_TC"
]]></system-out>
  </testcase>
  <testcase name="Get_CreationalPeriod_With_BadRequest_ByID_Rq_TC[[Ljava.lang.Object;@5760c212](1)" classname="SteeringCompanyAPI_TestCases.Test_CreationalPeriod_Cases" time="1.505">
    <system-out><![CDATA[2023-02-07 10:55:49.452 &amp#27;[32m INFO&amp#27;[m &amp#27;[35m[@534 - main]&amp#27;[m &amp#27;[36mcom.shaft.tools.io.ReportManager&amp#27;[m : 
################################################################################################################################################
Starting Execution of a Configuration (Setup or Teardown) Method
Test Method:		"SteeringCompanyAPI_TestCases.Test_CreationalPeriod_Cases.Setup_data"
################################################################################################################################################
2023-02-07 10:55:49.452 &amp#27;[32m INFO&amp#27;[m &amp#27;[35m[@503 - main]&amp#27;[m &amp#27;[36mcom.shaft.tools.io.ReportManager&amp#27;[m : File Action "DoesFileExist" successfully performed. With the following test data "File Path: "SteeringCompanyAPI_TestData/SteeringCompanyAPI_TestData.xlsx"".
2023-02-07 10:55:49.484 &amp#27;[32m INFO&amp#27;[m &amp#27;[35m[@503 - main]&amp#27;[m &amp#27;[36mcom.shaft.tools.io.ReportManager&amp#27;[m : Successfully created attachment "Test Data - Excel"
2023-02-07 10:55:49.485 &amp#27;[32m INFO&amp#27;[m &amp#27;[35m[@503 - main]&amp#27;[m &amp#27;[36mcom.shaft.tools.io.ReportManager&amp#27;[m : File Action "DoesFileExist" successfully performed. With the following test data "File Path: "SteeringCompanyAPI_TestData/SteeringCompanyAPI_TestData.xlsx"".
2023-02-07 10:55:49.528 &amp#27;[32m INFO&amp#27;[m &amp#27;[35m[@503 - main]&amp#27;[m &amp#27;[36mcom.shaft.tools.io.ReportManager&amp#27;[m : Successfully created attachment "Test Data - Excel"
2023-02-07 10:55:49.528 &amp#27;[31mERROR&amp#27;[m &amp#27;[35m[@609 - main]&amp#27;[m &amp#27;[36mio.qameta.allure.AllureLifecycle&amp#27;[m : Could not add attachment: no test is running
2023-02-07 10:55:49.530 &amp#27;[32m INFO&amp#27;[m &amp#27;[35m[@503 - main]&amp#27;[m &amp#27;[36mcom.shaft.tools.io.ReportManager&amp#27;[m : Successfully created attachment "SHAFT Engine Logs - Current Method log: Setup_data"
2023-02-07 10:55:49.535 &amp#27;[32m INFO&amp#27;[m &amp#27;[35m[@534 - main]&amp#27;[m &amp#27;[36mcom.shaft.tools.io.ReportManager&amp#27;[m : 
################################################################################################################################################
Starting Execution:	"52 out of 107" test cases in the current suite
Test Method:		"SteeringCompanyAPI_TestCases.Test_CreationalPeriod_Cases.Get_CreationalPeriod_With_BadRequest_ByID_Rq_TC"
Test Description:	"TC005  -CreationalPeriod-   Perform Get CreationalPeriod API With BadRequest by ID"
################################################################################################################################################
2023-02-07 10:55:49.536 &amp#27;[32m INFO&amp#27;[m &amp#27;[35m[@503 - main]&amp#27;[m &amp#27;[36mcom.shaft.tools.io.ReportManager&amp#27;[m : File Action "DoesFileExist" successfully performed. With the following test data "File Path: "SteeringCompanyAPI_TestData/SteeringCompanyAPI_TestData.xlsx"".
2023-02-07 10:55:49.586 &amp#27;[32m INFO&amp#27;[m &amp#27;[35m[@503 - main]&amp#27;[m &amp#27;[36mcom.shaft.tools.io.ReportManager&amp#27;[m : Successfully created attachment "Test Data - Excel"
2023-02-07 10:55:50.205 &amp#27;[32m INFO&amp#27;[m &amp#27;[35m[@503 - main]&amp#27;[m &amp#27;[36mcom.shaft.tools.io.ReportManager&amp#27;[m : Response status code: "200", status line: "HTTP/1.1 200 OK"
2023-02-07 10:55:50.220 &amp#27;[32m INFO&amp#27;[m &amp#27;[35m[@503 - main]&amp#27;[m &amp#27;[36mcom.shaft.tools.io.ReportManager&amp#27;[m : Successfully created attachment "API Request - Specifications"
2023-02-07 10:55:50.220 &amp#27;[32m INFO&amp#27;[m &amp#27;[35m[@503 - main]&amp#27;[m &amp#27;[36mcom.shaft.tools.io.ReportManager&amp#27;[m : Successfully created attachment "API Request - Body"
2023-02-07 10:55:50.221 &amp#27;[32m INFO&amp#27;[m &amp#27;[35m[@503 - main]&amp#27;[m &amp#27;[36mcom.shaft.tools.io.ReportManager&amp#27;[m : Successfully created attachment "API Response - JSON Body"
2023-02-07 10:55:50.241 &amp#27;[32m INFO&amp#27;[m &amp#27;[35m[@503 - main]&amp#27;[m &amp#27;[36mcom.shaft.tools.io.ReportManager&amp#27;[m : File Action "DoesFileExist" successfully performed. With the following test data "File Path: "SteeringCompanyAPI_TestData/SteeringCompanyAPI_TestData.xlsx"".
2023-02-07 10:55:50.304 &amp#27;[32m INFO&amp#27;[m &amp#27;[35m[@503 - main]&amp#27;[m &amp#27;[36mcom.shaft.tools.io.ReportManager&amp#27;[m : Successfully created attachment "Test Data - Excel"
2023-02-07 10:55:50.995 &amp#27;[32m INFO&amp#27;[m &amp#27;[35m[@503 - main]&amp#27;[m &amp#27;[36mcom.shaft.tools.io.ReportManager&amp#27;[m : Response status code: "400", status line: "HTTP/1.1 400 "
2023-02-07 10:55:51.017 &amp#27;[32m INFO&amp#27;[m &amp#27;[35m[@503 - main]&amp#27;[m &amp#27;[36mcom.shaft.tools.io.ReportManager&amp#27;[m : Successfully created attachment "API Request - Specifications"
2023-02-07 10:55:51.020 &amp#27;[32m INFO&amp#27;[m &amp#27;[35m[@503 - main]&amp#27;[m &amp#27;[36mcom.shaft.tools.io.ReportManager&amp#27;[m : Successfully created attachment "API Response - JSON Body"
2023-02-07 10:55:51.022 &amp#27;[32m INFO&amp#27;[m &amp#27;[35m[@503 - main]&amp#27;[m &amp#27;[36mcom.shaft.tools.io.ReportManager&amp#27;[m : File Action "DoesFileExist" successfully performed. With the following test data "File Path: "Schemas/BadRequestError_schema.json"".
2023-02-07 10:55:51.023 &amp#27;[32m INFO&amp#27;[m &amp#27;[35m[@503 - main]&amp#27;[m &amp#27;[36mcom.shaft.tools.io.ReportManager&amp#27;[m : File Action "DoesFileExist" successfully performed. With the following test data "File Path: "src/test/resources/testDataFiles/Schemas/BadRequestError_schema.json"".
2023-02-07 10:55:51.023 &amp#27;[32m INFO&amp#27;[m &amp#27;[35m[@503 - main]&amp#27;[m &amp#27;[36mcom.shaft.tools.io.ReportManager&amp#27;[m : File Action "GetAbsolutePath" successfully performed. With the following test data "Relative Folder Path: "src/test/resources/testDataFiles/Schemas/BadRequestError_schema.json"".
2023-02-07 10:55:51.028 &amp#27;[32m INFO&amp#27;[m &amp#27;[35m[@503 - main]&amp#27;[m &amp#27;[36mcom.shaft.tools.io.ReportManager&amp#27;[m : File Action "DoesFileExist" successfully performed. With the following test data "File Path: "C:\eclipse-workspace\MyProjects\TASystemsAPIs\src\test\resources\testDataFiles\Schemas\BadRequestError_schema.json"".
2023-02-07 10:55:51.029 &amp#27;[32m INFO&amp#27;[m &amp#27;[35m[@503 - main]&amp#27;[m &amp#27;[36mcom.shaft.tools.io.ReportManager&amp#27;[m : File Action "GetAbsolutePath" successfully performed. With the following test data "Relative Folder Path: "C:\eclipse-workspace\MyProjects\TASystemsAPIs\src\test\resources\testDataFiles\Schemas\BadRequestError_schema.json"".
2023-02-07 10:55:51.029 &amp#27;[32m INFO&amp#27;[m &amp#27;[35m[@503 - main]&amp#27;[m &amp#27;[36mcom.shaft.tools.io.ReportManager&amp#27;[m : File Action "ReadFile" successfully performed. With the following test data "File Path: "C:\eclipse-workspace\MyProjects\TASystemsAPIs\src\test\resources\testDataFiles\Schemas\BadRequestError_schema.json"".
2023-02-07 10:55:51.032 &amp#27;[32m INFO&amp#27;[m &amp#27;[35m[@503 - main]&amp#27;[m &amp#27;[36mcom.shaft.tools.io.ReportManager&amp#27;[m : Successfully created attachment "Validation Test Data - Expected JSON Value"
2023-02-07 10:55:51.034 &amp#27;[32m INFO&amp#27;[m &amp#27;[35m[@503 - main]&amp#27;[m &amp#27;[36mcom.shaft.tools.io.ReportManager&amp#27;[m : Successfully created attachment "Validation Test Data - Actual JSON Value"
2023-02-07 10:55:51.036 &amp#27;[32m INFO&amp#27;[m &amp#27;[35m[@503 - main]&amp#27;[m &amp#27;[36mcom.shaft.tools.io.ReportManager&amp#27;[m : Successfully created attachment "SHAFT Engine Logs - Current Method log: Get_CreationalPeriod_With_BadRequest_ByID_Rq_TC"
]]></system-out>
  </testcase>
  <testcase name="Get_CreationalPeriod_With_BadRequest_ByID_Rq_TC[[Ljava.lang.Object;@5d948005](2)" classname="SteeringCompanyAPI_TestCases.Test_CreationalPeriod_Cases" time="1.334">
    <system-out><![CDATA[2023-02-07 10:55:51.040 &amp#27;[32m INFO&amp#27;[m &amp#27;[35m[@534 - main]&amp#27;[m &amp#27;[36mcom.shaft.tools.io.ReportManager&amp#27;[m : 
################################################################################################################################################
Starting Execution:	"53 out of 107" test cases in the current suite
Test Method:		"SteeringCompanyAPI_TestCases.Test_CreationalPeriod_Cases.Get_CreationalPeriod_With_BadRequest_ByID_Rq_TC"
Test Description:	"TC005  -CreationalPeriod-   Perform Get CreationalPeriod API With BadRequest by ID"
################################################################################################################################################
2023-02-07 10:55:51.041 &amp#27;[32m INFO&amp#27;[m &amp#27;[35m[@503 - main]&amp#27;[m &amp#27;[36mcom.shaft.tools.io.ReportManager&amp#27;[m : File Action "DoesFileExist" successfully performed. With the following test data "File Path: "SteeringCompanyAPI_TestData/SteeringCompanyAPI_TestData.xlsx"".
2023-02-07 10:55:51.104 &amp#27;[32m INFO&amp#27;[m &amp#27;[35m[@503 - main]&amp#27;[m &amp#27;[36mcom.shaft.tools.io.ReportManager&amp#27;[m : Successfully created attachment "Test Data - Excel"
2023-02-07 10:55:51.730 &amp#27;[32m INFO&amp#27;[m &amp#27;[35m[@503 - main]&amp#27;[m &amp#27;[36mcom.shaft.tools.io.ReportManager&amp#27;[m : Response status code: "200", status line: "HTTP/1.1 200 OK"
2023-02-07 10:55:51.756 &amp#27;[32m INFO&amp#27;[m &amp#27;[35m[@503 - main]&amp#27;[m &amp#27;[36mcom.shaft.tools.io.ReportManager&amp#27;[m : Successfully created attachment "API Request - Specifications"
2023-02-07 10:55:51.758 &amp#27;[32m INFO&amp#27;[m &amp#27;[35m[@503 - main]&amp#27;[m &amp#27;[36mcom.shaft.tools.io.ReportManager&amp#27;[m : Successfully created attachment "API Request - Body"
2023-02-07 10:55:51.759 &amp#27;[32m INFO&amp#27;[m &amp#27;[35m[@503 - main]&amp#27;[m &amp#27;[36mcom.shaft.tools.io.ReportManager&amp#27;[m : Successfully created attachment "API Response - JSON Body"
2023-02-07 10:55:51.783 &amp#27;[32m INFO&amp#27;[m &amp#27;[35m[@503 - main]&amp#27;[m &amp#27;[36mcom.shaft.tools.io.ReportManager&amp#27;[m : File Action "DoesFileExist" successfully performed. With the following test data "File Path: "SteeringCompanyAPI_TestData/SteeringCompanyAPI_TestData.xlsx"".
2023-02-07 10:55:51.809 &amp#27;[32m INFO&amp#27;[m &amp#27;[35m[@503 - main]&amp#27;[m &amp#27;[36mcom.shaft.tools.io.ReportManager&amp#27;[m : Successfully created attachment "Test Data - Excel"
2023-02-07 10:55:52.319 &amp#27;[32m INFO&amp#27;[m &amp#27;[35m[@503 - main]&amp#27;[m &amp#27;[36mcom.shaft.tools.io.ReportManager&amp#27;[m : Response status code: "400", status line: "HTTP/1.1 400 "
2023-02-07 10:55:52.355 &amp#27;[32m INFO&amp#27;[m &amp#27;[35m[@503 - main]&amp#27;[m &amp#27;[36mcom.shaft.tools.io.ReportManager&amp#27;[m : Successfully created attachment "API Request - Specifications"
2023-02-07 10:55:52.356 &amp#27;[32m INFO&amp#27;[m &amp#27;[35m[@503 - main]&amp#27;[m &amp#27;[36mcom.shaft.tools.io.ReportManager&amp#27;[m : Successfully created attachment "API Response - JSON Body"
2023-02-07 10:55:52.357 &amp#27;[32m INFO&amp#27;[m &amp#27;[35m[@503 - main]&amp#27;[m &amp#27;[36mcom.shaft.tools.io.ReportManager&amp#27;[m : File Action "DoesFileExist" successfully performed. With the following test data "File Path: "Schemas/BadRequestError_schema.json"".
2023-02-07 10:55:52.358 &amp#27;[32m INFO&amp#27;[m &amp#27;[35m[@503 - main]&amp#27;[m &amp#27;[36mcom.shaft.tools.io.ReportManager&amp#27;[m : File Action "DoesFileExist" successfully performed. With the following test data "File Path: "src/test/resources/testDataFiles/Schemas/BadRequestError_schema.json"".
2023-02-07 10:55:52.358 &amp#27;[32m INFO&amp#27;[m &amp#27;[35m[@503 - main]&amp#27;[m &amp#27;[36mcom.shaft.tools.io.ReportManager&amp#27;[m : File Action "GetAbsolutePath" successfully performed. With the following test data "Relative Folder Path: "src/test/resources/testDataFiles/Schemas/BadRequestError_schema.json"".
2023-02-07 10:55:52.362 &amp#27;[32m INFO&amp#27;[m &amp#27;[35m[@503 - main]&amp#27;[m &amp#27;[36mcom.shaft.tools.io.ReportManager&amp#27;[m : File Action "DoesFileExist" successfully performed. With the following test data "File Path: "C:\eclipse-workspace\MyProjects\TASystemsAPIs\src\test\resources\testDataFiles\Schemas\BadRequestError_schema.json"".
2023-02-07 10:55:52.363 &amp#27;[32m INFO&amp#27;[m &amp#27;[35m[@503 - main]&amp#27;[m &amp#27;[36mcom.shaft.tools.io.ReportManager&amp#27;[m : File Action "GetAbsolutePath" successfully performed. With the following test data "Relative Folder Path: "C:\eclipse-workspace\MyProjects\TASystemsAPIs\src\test\resources\testDataFiles\Schemas\BadRequestError_schema.json"".
2023-02-07 10:55:52.363 &amp#27;[32m INFO&amp#27;[m &amp#27;[35m[@503 - main]&amp#27;[m &amp#27;[36mcom.shaft.tools.io.ReportManager&amp#27;[m : File Action "ReadFile" successfully performed. With the following test data "File Path: "C:\eclipse-workspace\MyProjects\TASystemsAPIs\src\test\resources\testDataFiles\Schemas\BadRequestError_schema.json"".
2023-02-07 10:55:52.366 &amp#27;[32m INFO&amp#27;[m &amp#27;[35m[@503 - main]&amp#27;[m &amp#27;[36mcom.shaft.tools.io.ReportManager&amp#27;[m : Successfully created attachment "Validation Test Data - Expected JSON Value"
2023-02-07 10:55:52.367 &amp#27;[32m INFO&amp#27;[m &amp#27;[35m[@503 - main]&amp#27;[m &amp#27;[36mcom.shaft.tools.io.ReportManager&amp#27;[m : Successfully created attachment "Validation Test Data - Actual JSON Value"
2023-02-07 10:55:52.371 &amp#27;[32m INFO&amp#27;[m &amp#27;[35m[@503 - main]&amp#27;[m &amp#27;[36mcom.shaft.tools.io.ReportManager&amp#27;[m : Successfully created attachment "SHAFT Engine Logs - Current Method log: Get_CreationalPeriod_With_BadRequest_ByID_Rq_TC"
]]></system-out>
  </testcase>
  <testcase name="Get_CreationalPeriod_With_NotFound_ByID_Rq_TC[[Ljava.lang.Object;@5faea3cb](1)" classname="SteeringCompanyAPI_TestCases.Test_CreationalPeriod_Cases" time="1.581">
    <system-out><![CDATA[2023-02-07 10:55:52.378 &amp#27;[32m INFO&amp#27;[m &amp#27;[35m[@534 - main]&amp#27;[m &amp#27;[36mcom.shaft.tools.io.ReportManager&amp#27;[m : 
################################################################################################################################################
Starting Execution:	"54 out of 107" test cases in the current suite
Test Method:		"SteeringCompanyAPI_TestCases.Test_CreationalPeriod_Cases.Get_CreationalPeriod_With_NotFound_ByID_Rq_TC"
Test Description:	"TC004  -CreationalPeriod-   Perform Get CreationalPeriod API With NotFound by ID"
################################################################################################################################################
2023-02-07 10:55:52.378 &amp#27;[32m INFO&amp#27;[m &amp#27;[35m[@503 - main]&amp#27;[m &amp#27;[36mcom.shaft.tools.io.ReportManager&amp#27;[m : File Action "DoesFileExist" successfully performed. With the following test data "File Path: "SteeringCompanyAPI_TestData/SteeringCompanyAPI_TestData.xlsx"".
2023-02-07 10:55:52.417 &amp#27;[32m INFO&amp#27;[m &amp#27;[35m[@503 - main]&amp#27;[m &amp#27;[36mcom.shaft.tools.io.ReportManager&amp#27;[m : Successfully created attachment "Test Data - Excel"
2023-02-07 10:55:53.246 &amp#27;[32m INFO&amp#27;[m &amp#27;[35m[@503 - main]&amp#27;[m &amp#27;[36mcom.shaft.tools.io.ReportManager&amp#27;[m : Response status code: "200", status line: "HTTP/1.1 200 OK"
2023-02-07 10:55:53.267 &amp#27;[32m INFO&amp#27;[m &amp#27;[35m[@503 - main]&amp#27;[m &amp#27;[36mcom.shaft.tools.io.ReportManager&amp#27;[m : Successfully created attachment "API Request - Specifications"
2023-02-07 10:55:53.269 &amp#27;[32m INFO&amp#27;[m &amp#27;[35m[@503 - main]&amp#27;[m &amp#27;[36mcom.shaft.tools.io.ReportManager&amp#27;[m : Successfully created attachment "API Request - Body"
2023-02-07 10:55:53.270 &amp#27;[32m INFO&amp#27;[m &amp#27;[35m[@503 - main]&amp#27;[m &amp#27;[36mcom.shaft.tools.io.ReportManager&amp#27;[m : Successfully created attachment "API Response - JSON Body"
2023-02-07 10:55:53.290 &amp#27;[32m INFO&amp#27;[m &amp#27;[35m[@503 - main]&amp#27;[m &amp#27;[36mcom.shaft.tools.io.ReportManager&amp#27;[m : File Action "DoesFileExist" successfully performed. With the following test data "File Path: "SteeringCompanyAPI_TestData/SteeringCompanyAPI_TestData.xlsx"".
2023-02-07 10:55:53.338 &amp#27;[32m INFO&amp#27;[m &amp#27;[35m[@503 - main]&amp#27;[m &amp#27;[36mcom.shaft.tools.io.ReportManager&amp#27;[m : Successfully created attachment "Test Data - Excel"
2023-02-07 10:55:53.925 &amp#27;[32m INFO&amp#27;[m &amp#27;[35m[@503 - main]&amp#27;[m &amp#27;[36mcom.shaft.tools.io.ReportManager&amp#27;[m : Response status code: "404", status line: "HTTP/1.1 404 "
2023-02-07 10:55:53.940 &amp#27;[32m INFO&amp#27;[m &amp#27;[35m[@503 - main]&amp#27;[m &amp#27;[36mcom.shaft.tools.io.ReportManager&amp#27;[m : Successfully created attachment "API Request - Specifications"
2023-02-07 10:55:53.942 &amp#27;[32m INFO&amp#27;[m &amp#27;[35m[@503 - main]&amp#27;[m &amp#27;[36mcom.shaft.tools.io.ReportManager&amp#27;[m : Successfully created attachment "API Response - JSON Body"
2023-02-07 10:55:53.944 &amp#27;[32m INFO&amp#27;[m &amp#27;[35m[@503 - main]&amp#27;[m &amp#27;[36mcom.shaft.tools.io.ReportManager&amp#27;[m : File Action "DoesFileExist" successfully performed. With the following test data "File Path: "Schemas/NotFoundError_schema.json"".
2023-02-07 10:55:53.944 &amp#27;[32m INFO&amp#27;[m &amp#27;[35m[@503 - main]&amp#27;[m &amp#27;[36mcom.shaft.tools.io.ReportManager&amp#27;[m : File Action "DoesFileExist" successfully performed. With the following test data "File Path: "src/test/resources/testDataFiles/Schemas/NotFoundError_schema.json"".
2023-02-07 10:55:53.945 &amp#27;[32m INFO&amp#27;[m &amp#27;[35m[@503 - main]&amp#27;[m &amp#27;[36mcom.shaft.tools.io.ReportManager&amp#27;[m : File Action "GetAbsolutePath" successfully performed. With the following test data "Relative Folder Path: "src/test/resources/testDataFiles/Schemas/NotFoundError_schema.json"".
2023-02-07 10:55:53.948 &amp#27;[32m INFO&amp#27;[m &amp#27;[35m[@503 - main]&amp#27;[m &amp#27;[36mcom.shaft.tools.io.ReportManager&amp#27;[m : File Action "DoesFileExist" successfully performed. With the following test data "File Path: "C:\eclipse-workspace\MyProjects\TASystemsAPIs\src\test\resources\testDataFiles\Schemas\NotFoundError_schema.json"".
2023-02-07 10:55:53.949 &amp#27;[32m INFO&amp#27;[m &amp#27;[35m[@503 - main]&amp#27;[m &amp#27;[36mcom.shaft.tools.io.ReportManager&amp#27;[m : File Action "GetAbsolutePath" successfully performed. With the following test data "Relative Folder Path: "C:\eclipse-workspace\MyProjects\TASystemsAPIs\src\test\resources\testDataFiles\Schemas\NotFoundError_schema.json"".
2023-02-07 10:55:53.949 &amp#27;[32m INFO&amp#27;[m &amp#27;[35m[@503 - main]&amp#27;[m &amp#27;[36mcom.shaft.tools.io.ReportManager&amp#27;[m : File Action "ReadFile" successfully performed. With the following test data "File Path: "C:\eclipse-workspace\MyProjects\TASystemsAPIs\src\test\resources\testDataFiles\Schemas\NotFoundError_schema.json"".
2023-02-07 10:55:53.951 &amp#27;[32m INFO&amp#27;[m &amp#27;[35m[@503 - main]&amp#27;[m &amp#27;[36mcom.shaft.tools.io.ReportManager&amp#27;[m : Successfully created attachment "Validation Test Data - Expected JSON Value"
2023-02-07 10:55:53.952 &amp#27;[32m INFO&amp#27;[m &amp#27;[35m[@503 - main]&amp#27;[m &amp#27;[36mcom.shaft.tools.io.ReportManager&amp#27;[m : Successfully created attachment "Validation Test Data - Actual JSON Value"
2023-02-07 10:55:53.954 &amp#27;[32m INFO&amp#27;[m &amp#27;[35m[@503 - main]&amp#27;[m &amp#27;[36mcom.shaft.tools.io.ReportManager&amp#27;[m : Successfully created attachment "SHAFT Engine Logs - Current Method log: Get_CreationalPeriod_With_NotFound_ByID_Rq_TC"
]]></system-out>
  </testcase>
  <testcase name="Get_InValid_Creational_Pagenation_Rq_TC[[Ljava.lang.Object;@eb10b2](1)" classname="SteeringCompanyAPI_TestCases.Test_CreationalPeriod_Cases" time="1.853">
    <failure message="Assertion &quot;ValidateEquals&quot; FAILED. Expected &quot;{&quot;title&quot;:&quot;VALIDATION_ERROR&quot;,&quot;status&quot;:422,&quot;detail&quot;:&quot;fromIndex(10000000) &gt; toIndex(4)&quot;,&quot;errors&quot;:null}&quot; and Actual &quot;{&quot;title&quot;:&quot;VALIDATION_ERROR&quot;,&quot;status&quot;:422,&quot;detail&quot;:&quot;fromIndex(10000000) &gt; toIndex(2)&quot;,&quot;errors&quot;:null}&quot;. Comparison Type &quot;CONTAINS&quot;. Validation Type &quot;POSITIVE&quot;." type="java.lang.AssertionError"><![CDATA[java.lang.AssertionError: Assertion "ValidateEquals" FAILED. Expected "{"title":"VALIDATION_ERROR","status":422,"detail":"fromIndex(10000000) > toIndex(4)","errors":null}" and Actual "{"title":"VALIDATION_ERROR","status":422,"detail":"fromIndex(10000000) > toIndex(2)","errors":null}". Comparison Type "CONTAINS". Validation Type "POSITIVE".
	at org.testng.Assert.fail(Assert.java:110)
	at com.shaft.validation.ValidationsHelper.reportValidationState(ValidationsHelper.java:691)
	at com.shaft.validation.ValidationsHelper.fail(ValidationsHelper.java:428)
	at com.shaft.validation.ValidationsHelper.validateEquals(ValidationsHelper.java:61)
	at com.shaft.validation.ValidationsExecutor.perform(ValidationsExecutor.java:156)
	at SteeringCompanyAPIs.CreationalPeriods_API.Check_CreationalPeriods_Content(CreationalPeriods_API.java:181)
	at SteeringCompanyAPI_TestCases.Test_CreationalPeriod_Cases.Get_InValid_Creational_Pagenation_Rq_TC(Test_CreationalPeriod_Cases.java:202)
	at java.base/jdk.internal.reflect.NativeMethodAccessorImpl.invoke0(Native Method)
	at java.base/jdk.internal.reflect.NativeMethodAccessorImpl.invoke(NativeMethodAccessorImpl.java:77)
	at java.base/jdk.internal.reflect.DelegatingMethodAccessorImpl.invoke(DelegatingMethodAccessorImpl.java:43)
	at java.base/java.lang.reflect.Method.invoke(Method.java:568)
	at org.testng.internal.invokers.MethodInvocationHelper.invokeMethod(MethodInvocationHelper.java:139)
	at org.testng.internal.invokers.TestInvoker.invokeMethod(TestInvoker.java:677)
	at org.testng.internal.invokers.TestInvoker.invokeTestMethod(TestInvoker.java:221)
	at org.testng.internal.invokers.MethodRunner.runInSequence(MethodRunner.java:50)
	at org.testng.internal.invokers.TestInvoker$MethodInvocationAgent.invoke(TestInvoker.java:969)
	at org.testng.internal.invokers.TestInvoker.invokeTestMethods(TestInvoker.java:194)
	at org.testng.internal.invokers.TestMethodWorker.invokeTestMethods(TestMethodWorker.java:148)
	at org.testng.internal.invokers.TestMethodWorker.run(TestMethodWorker.java:128)
	at java.base/java.util.ArrayList.forEach(ArrayList.java:1511)
	at org.testng.TestRunner.privateRun(TestRunner.java:829)
	at org.testng.TestRunner.run(TestRunner.java:602)
	at org.testng.SuiteRunner.runTest(SuiteRunner.java:437)
	at org.testng.SuiteRunner.runSequentially(SuiteRunner.java:431)
	at org.testng.SuiteRunner.privateRun(SuiteRunner.java:391)
	at org.testng.SuiteRunner.run(SuiteRunner.java:330)
	at org.testng.SuiteRunnerWorker.runSuite(SuiteRunnerWorker.java:52)
	at org.testng.SuiteRunnerWorker.run(SuiteRunnerWorker.java:95)
	at org.testng.TestNG.runSuitesSequentially(TestNG.java:1256)
	at org.testng.TestNG.runSuitesLocally(TestNG.java:1176)
	at org.testng.TestNG.runSuites(TestNG.java:1099)
	at org.testng.TestNG.run(TestNG.java:1067)
	at org.apache.maven.surefire.testng.TestNGExecutor.run(TestNGExecutor.java:151)
	at org.apache.maven.surefire.testng.TestNGDirectoryTestSuite.executeMulti(TestNGDirectoryTestSuite.java:192)
	at org.apache.maven.surefire.testng.TestNGDirectoryTestSuite.execute(TestNGDirectoryTestSuite.java:93)
	at org.apache.maven.surefire.testng.TestNGProvider.invoke(TestNGProvider.java:155)
	at org.apache.maven.surefire.booter.ForkedBooter.runSuitesInProcess(ForkedBooter.java:456)
	at org.apache.maven.surefire.booter.ForkedBooter.execute(ForkedBooter.java:169)
	at org.apache.maven.surefire.booter.ForkedBooter.run(ForkedBooter.java:595)
	at org.apache.maven.surefire.booter.ForkedBooter.main(ForkedBooter.java:581)
]]></failure>
    <system-out><![CDATA[2023-02-07 10:55:53.958 &amp#27;[32m INFO&amp#27;[m &amp#27;[35m[@534 - main]&amp#27;[m &amp#27;[36mcom.shaft.tools.io.ReportManager&amp#27;[m : 
################################################################################################################################################
Starting Execution:	"55 out of 107" test cases in the current suite
Test Method:		"SteeringCompanyAPI_TestCases.Test_CreationalPeriod_Cases.Get_InValid_Creational_Pagenation_Rq_TC"
Test Description:	"TC006  -CreationalPeriod-   Perform Get all CreationalPeriod API With invalid Pagenation"
################################################################################################################################################
2023-02-07 10:55:53.959 &amp#27;[32m INFO&amp#27;[m &amp#27;[35m[@503 - main]&amp#27;[m &amp#27;[36mcom.shaft.tools.io.ReportManager&amp#27;[m : File Action "DoesFileExist" successfully performed. With the following test data "File Path: "SteeringCompanyAPI_TestData/SteeringCompanyAPI_TestData.xlsx"".
2023-02-07 10:55:53.998 &amp#27;[32m INFO&amp#27;[m &amp#27;[35m[@503 - main]&amp#27;[m &amp#27;[36mcom.shaft.tools.io.ReportManager&amp#27;[m : Successfully created attachment "Test Data - Excel"
2023-02-07 10:55:54.646 &amp#27;[32m INFO&amp#27;[m &amp#27;[35m[@503 - main]&amp#27;[m &amp#27;[36mcom.shaft.tools.io.ReportManager&amp#27;[m : Response status code: "200", status line: "HTTP/1.1 200 OK"
2023-02-07 10:55:54.669 &amp#27;[32m INFO&amp#27;[m &amp#27;[35m[@503 - main]&amp#27;[m &amp#27;[36mcom.shaft.tools.io.ReportManager&amp#27;[m : Successfully created attachment "API Request - Specifications"
2023-02-07 10:55:54.670 &amp#27;[32m INFO&amp#27;[m &amp#27;[35m[@503 - main]&amp#27;[m &amp#27;[36mcom.shaft.tools.io.ReportManager&amp#27;[m : Successfully created attachment "API Request - Body"
2023-02-07 10:55:54.672 &amp#27;[32m INFO&amp#27;[m &amp#27;[35m[@503 - main]&amp#27;[m &amp#27;[36mcom.shaft.tools.io.ReportManager&amp#27;[m : Successfully created attachment "API Response - JSON Body"
2023-02-07 10:55:54.696 &amp#27;[32m INFO&amp#27;[m &amp#27;[35m[@503 - main]&amp#27;[m &amp#27;[36mcom.shaft.tools.io.ReportManager&amp#27;[m : File Action "DoesFileExist" successfully performed. With the following test data "File Path: "SteeringCompanyAPI_TestData/SteeringCompanyAPI_TestData.xlsx"".
2023-02-07 10:55:54.731 &amp#27;[32m INFO&amp#27;[m &amp#27;[35m[@503 - main]&amp#27;[m &amp#27;[36mcom.shaft.tools.io.ReportManager&amp#27;[m : Successfully created attachment "Test Data - Excel"
2023-02-07 10:55:55.749 &amp#27;[32m INFO&amp#27;[m &amp#27;[35m[@503 - main]&amp#27;[m &amp#27;[36mcom.shaft.tools.io.ReportManager&amp#27;[m : Response status code: "422", status line: "HTTP/1.1 422 "
2023-02-07 10:55:55.777 &amp#27;[32m INFO&amp#27;[m &amp#27;[35m[@503 - main]&amp#27;[m &amp#27;[36mcom.shaft.tools.io.ReportManager&amp#27;[m : Successfully created attachment "API Request - Specifications"
2023-02-07 10:55:55.778 &amp#27;[32m INFO&amp#27;[m &amp#27;[35m[@503 - main]&amp#27;[m &amp#27;[36mcom.shaft.tools.io.ReportManager&amp#27;[m : Successfully created attachment "API Response - JSON Body"
2023-02-07 10:55:55.788 &amp#27;[32m INFO&amp#27;[m &amp#27;[35m[@503 - main]&amp#27;[m &amp#27;[36mcom.shaft.tools.io.ReportManager&amp#27;[m : Successfully created attachment "SHAFT Engine Logs - Current Method log: Get_InValid_Creational_Pagenation_Rq_TC"
]]></system-out>
  </testcase>
  <testcase name="Get_Invalid_CreationalPeriod_ByID_with_invalid_Token_TC[[Ljava.lang.Object;@630f63ee](1)" classname="SteeringCompanyAPI_TestCases.Test_CreationalPeriod_Cases" time="1.586">
    <system-out><![CDATA[2023-02-07 10:55:55.812 &amp#27;[32m INFO&amp#27;[m &amp#27;[35m[@534 - main]&amp#27;[m &amp#27;[36mcom.shaft.tools.io.ReportManager&amp#27;[m : 
################################################################################################################################################
Starting Execution:	"56 out of 107" test cases in the current suite
Test Method:		"SteeringCompanyAPI_TestCases.Test_CreationalPeriod_Cases.Get_Invalid_CreationalPeriod_ByID_with_invalid_Token_TC"
Test Description:	"TC010 -CreationalPeriod-  Perform Get CreationalPeriod API by ID with invalid or expired Token"
################################################################################################################################################
2023-02-07 10:55:55.812 &amp#27;[32m INFO&amp#27;[m &amp#27;[35m[@503 - main]&amp#27;[m &amp#27;[36mcom.shaft.tools.io.ReportManager&amp#27;[m : File Action "DoesFileExist" successfully performed. With the following test data "File Path: "SteeringCompanyAPI_TestData/SteeringCompanyAPI_TestData.xlsx"".
2023-02-07 10:55:55.848 &amp#27;[32m INFO&amp#27;[m &amp#27;[35m[@503 - main]&amp#27;[m &amp#27;[36mcom.shaft.tools.io.ReportManager&amp#27;[m : Successfully created attachment "Test Data - Excel"
2023-02-07 10:55:56.669 &amp#27;[32m INFO&amp#27;[m &amp#27;[35m[@503 - main]&amp#27;[m &amp#27;[36mcom.shaft.tools.io.ReportManager&amp#27;[m : Response status code: "200", status line: "HTTP/1.1 200 OK"
2023-02-07 10:55:56.679 &amp#27;[32m INFO&amp#27;[m &amp#27;[35m[@503 - main]&amp#27;[m &amp#27;[36mcom.shaft.tools.io.ReportManager&amp#27;[m : Successfully created attachment "API Request - Specifications"
2023-02-07 10:55:56.683 &amp#27;[32m INFO&amp#27;[m &amp#27;[35m[@503 - main]&amp#27;[m &amp#27;[36mcom.shaft.tools.io.ReportManager&amp#27;[m : Successfully created attachment "API Request - Body"
2023-02-07 10:55:56.683 &amp#27;[32m INFO&amp#27;[m &amp#27;[35m[@503 - main]&amp#27;[m &amp#27;[36mcom.shaft.tools.io.ReportManager&amp#27;[m : Successfully created attachment "API Response - JSON Body"
2023-02-07 10:55:56.684 &amp#27;[32m INFO&amp#27;[m &amp#27;[35m[@503 - main]&amp#27;[m &amp#27;[36mcom.shaft.tools.io.ReportManager&amp#27;[m : File Action "DoesFileExist" successfully performed. With the following test data "File Path: "SteeringCompanyAPI_TestData/SteeringCompanyAPI_TestData.xlsx"".
2023-02-07 10:55:56.707 &amp#27;[32m INFO&amp#27;[m &amp#27;[35m[@503 - main]&amp#27;[m &amp#27;[36mcom.shaft.tools.io.ReportManager&amp#27;[m : Successfully created attachment "Test Data - Excel"
2023-02-07 10:55:57.383 &amp#27;[32m INFO&amp#27;[m &amp#27;[35m[@503 - main]&amp#27;[m &amp#27;[36mcom.shaft.tools.io.ReportManager&amp#27;[m : Response status code: "401", status line: "HTTP/1.1 401 "
2023-02-07 10:55:57.387 &amp#27;[32m INFO&amp#27;[m &amp#27;[35m[@503 - main]&amp#27;[m &amp#27;[36mcom.shaft.tools.io.ReportManager&amp#27;[m : Successfully created attachment "API Request - Specifications"
2023-02-07 10:55:57.391 &amp#27;[32m INFO&amp#27;[m &amp#27;[35m[@503 - main]&amp#27;[m &amp#27;[36mcom.shaft.tools.io.ReportManager&amp#27;[m : Successfully created attachment "API Response - JSON Body"
2023-02-07 10:55:57.394 &amp#27;[32m INFO&amp#27;[m &amp#27;[35m[@503 - main]&amp#27;[m &amp#27;[36mcom.shaft.tools.io.ReportManager&amp#27;[m : Successfully created attachment "SHAFT Engine Logs - Current Method log: Get_Invalid_CreationalPeriod_ByID_with_invalid_Token_TC"
]]></system-out>
  </testcase>
  <testcase name="Get_Invalid_CreationalPeriod_ByID_with_invalid_Token_TC[[Ljava.lang.Object;@1838cbb5](2)" classname="SteeringCompanyAPI_TestCases.Test_CreationalPeriod_Cases" time="1.378">
    <system-out><![CDATA[2023-02-07 10:55:57.400 &amp#27;[32m INFO&amp#27;[m &amp#27;[35m[@534 - main]&amp#27;[m &amp#27;[36mcom.shaft.tools.io.ReportManager&amp#27;[m : 
################################################################################################################################################
Starting Execution:	"57 out of 107" test cases in the current suite
Test Method:		"SteeringCompanyAPI_TestCases.Test_CreationalPeriod_Cases.Get_Invalid_CreationalPeriod_ByID_with_invalid_Token_TC"
Test Description:	"TC010 -CreationalPeriod-  Perform Get CreationalPeriod API by ID with invalid or expired Token"
################################################################################################################################################
2023-02-07 10:55:57.401 &amp#27;[32m INFO&amp#27;[m &amp#27;[35m[@503 - main]&amp#27;[m &amp#27;[36mcom.shaft.tools.io.ReportManager&amp#27;[m : File Action "DoesFileExist" successfully performed. With the following test data "File Path: "SteeringCompanyAPI_TestData/SteeringCompanyAPI_TestData.xlsx"".
2023-02-07 10:55:57.452 &amp#27;[32m INFO&amp#27;[m &amp#27;[35m[@503 - main]&amp#27;[m &amp#27;[36mcom.shaft.tools.io.ReportManager&amp#27;[m : Successfully created attachment "Test Data - Excel"
2023-02-07 10:55:58.173 &amp#27;[32m INFO&amp#27;[m &amp#27;[35m[@503 - main]&amp#27;[m &amp#27;[36mcom.shaft.tools.io.ReportManager&amp#27;[m : Response status code: "200", status line: "HTTP/1.1 200 OK"
2023-02-07 10:55:58.206 &amp#27;[32m INFO&amp#27;[m &amp#27;[35m[@503 - main]&amp#27;[m &amp#27;[36mcom.shaft.tools.io.ReportManager&amp#27;[m : Successfully created attachment "API Request - Specifications"
2023-02-07 10:55:58.208 &amp#27;[32m INFO&amp#27;[m &amp#27;[35m[@503 - main]&amp#27;[m &amp#27;[36mcom.shaft.tools.io.ReportManager&amp#27;[m : Successfully created attachment "API Request - Body"
2023-02-07 10:55:58.208 &amp#27;[32m INFO&amp#27;[m &amp#27;[35m[@503 - main]&amp#27;[m &amp#27;[36mcom.shaft.tools.io.ReportManager&amp#27;[m : Successfully created attachment "API Response - JSON Body"
2023-02-07 10:55:58.208 &amp#27;[32m INFO&amp#27;[m &amp#27;[35m[@503 - main]&amp#27;[m &amp#27;[36mcom.shaft.tools.io.ReportManager&amp#27;[m : File Action "DoesFileExist" successfully performed. With the following test data "File Path: "SteeringCompanyAPI_TestData/SteeringCompanyAPI_TestData.xlsx"".
2023-02-07 10:55:58.269 &amp#27;[32m INFO&amp#27;[m &amp#27;[35m[@503 - main]&amp#27;[m &amp#27;[36mcom.shaft.tools.io.ReportManager&amp#27;[m : Successfully created attachment "Test Data - Excel"
2023-02-07 10:55:58.763 &amp#27;[32m INFO&amp#27;[m &amp#27;[35m[@503 - main]&amp#27;[m &amp#27;[36mcom.shaft.tools.io.ReportManager&amp#27;[m : Response status code: "401", status line: "HTTP/1.1 401 "
2023-02-07 10:55:58.766 &amp#27;[32m INFO&amp#27;[m &amp#27;[35m[@503 - main]&amp#27;[m &amp#27;[36mcom.shaft.tools.io.ReportManager&amp#27;[m : Successfully created attachment "API Request - Specifications"
2023-02-07 10:55:58.767 &amp#27;[32m INFO&amp#27;[m &amp#27;[35m[@503 - main]&amp#27;[m &amp#27;[36mcom.shaft.tools.io.ReportManager&amp#27;[m : Successfully created attachment "API Response - JSON Body"
2023-02-07 10:55:58.770 &amp#27;[32m INFO&amp#27;[m &amp#27;[35m[@503 - main]&amp#27;[m &amp#27;[36mcom.shaft.tools.io.ReportManager&amp#27;[m : Successfully created attachment "SHAFT Engine Logs - Current Method log: Get_Invalid_CreationalPeriod_ByID_with_invalid_Token_TC"
]]></system-out>
  </testcase>
  <testcase name="Get_Invalid_CreationalPeriod_ByID_with_missing_Token_TC[[Ljava.lang.Object;@6a8a20c1](1)" classname="SteeringCompanyAPI_TestCases.Test_CreationalPeriod_Cases" time="1.309">
    <system-out><![CDATA[2023-02-07 10:55:58.779 &amp#27;[32m INFO&amp#27;[m &amp#27;[35m[@534 - main]&amp#27;[m &amp#27;[36mcom.shaft.tools.io.ReportManager&amp#27;[m : 
################################################################################################################################################
Starting Execution:	"58 out of 107" test cases in the current suite
Test Method:		"SteeringCompanyAPI_TestCases.Test_CreationalPeriod_Cases.Get_Invalid_CreationalPeriod_ByID_with_missing_Token_TC"
Test Description:	"TC008  -CreationalPeriod-   Perform Get CreationalPeriod by ID with missing Token"
################################################################################################################################################
2023-02-07 10:55:58.779 &amp#27;[32m INFO&amp#27;[m &amp#27;[35m[@503 - main]&amp#27;[m &amp#27;[36mcom.shaft.tools.io.ReportManager&amp#27;[m : File Action "DoesFileExist" successfully performed. With the following test data "File Path: "SteeringCompanyAPI_TestData/SteeringCompanyAPI_TestData.xlsx"".
2023-02-07 10:55:58.813 &amp#27;[32m INFO&amp#27;[m &amp#27;[35m[@503 - main]&amp#27;[m &amp#27;[36mcom.shaft.tools.io.ReportManager&amp#27;[m : Successfully created attachment "Test Data - Excel"
2023-02-07 10:55:59.449 &amp#27;[32m INFO&amp#27;[m &amp#27;[35m[@503 - main]&amp#27;[m &amp#27;[36mcom.shaft.tools.io.ReportManager&amp#27;[m : Response status code: "200", status line: "HTTP/1.1 200 OK"
2023-02-07 10:55:59.475 &amp#27;[32m INFO&amp#27;[m &amp#27;[35m[@503 - main]&amp#27;[m &amp#27;[36mcom.shaft.tools.io.ReportManager&amp#27;[m : Successfully created attachment "API Request - Specifications"
2023-02-07 10:55:59.477 &amp#27;[32m INFO&amp#27;[m &amp#27;[35m[@503 - main]&amp#27;[m &amp#27;[36mcom.shaft.tools.io.ReportManager&amp#27;[m : Successfully created attachment "API Request - Body"
2023-02-07 10:55:59.479 &amp#27;[32m INFO&amp#27;[m &amp#27;[35m[@503 - main]&amp#27;[m &amp#27;[36mcom.shaft.tools.io.ReportManager&amp#27;[m : Successfully created attachment "API Response - JSON Body"
2023-02-07 10:55:59.480 &amp#27;[32m INFO&amp#27;[m &amp#27;[35m[@503 - main]&amp#27;[m &amp#27;[36mcom.shaft.tools.io.ReportManager&amp#27;[m : File Action "DoesFileExist" successfully performed. With the following test data "File Path: "SteeringCompanyAPI_TestData/SteeringCompanyAPI_TestData.xlsx"".
2023-02-07 10:55:59.539 &amp#27;[32m INFO&amp#27;[m &amp#27;[35m[@503 - main]&amp#27;[m &amp#27;[36mcom.shaft.tools.io.ReportManager&amp#27;[m : Successfully created attachment "Test Data - Excel"
2023-02-07 10:56:00.040 &amp#27;[32m INFO&amp#27;[m &amp#27;[35m[@503 - main]&amp#27;[m &amp#27;[36mcom.shaft.tools.io.ReportManager&amp#27;[m : Response status code: "401", status line: "HTTP/1.1 401 "
2023-02-07 10:56:00.070 &amp#27;[32m INFO&amp#27;[m &amp#27;[35m[@503 - main]&amp#27;[m &amp#27;[36mcom.shaft.tools.io.ReportManager&amp#27;[m : Successfully created attachment "API Request - Specifications"
2023-02-07 10:56:00.072 &amp#27;[32m INFO&amp#27;[m &amp#27;[35m[@503 - main]&amp#27;[m &amp#27;[36mcom.shaft.tools.io.ReportManager&amp#27;[m : Successfully created attachment "API Response - JSON Body"
2023-02-07 10:56:00.077 &amp#27;[32m INFO&amp#27;[m &amp#27;[35m[@503 - main]&amp#27;[m &amp#27;[36mcom.shaft.tools.io.ReportManager&amp#27;[m : File Action "DoesFileExist" successfully performed. With the following test data "File Path: "Schemas/InvalidTokenRequest_Unauthorized_schema.json"".
2023-02-07 10:56:00.078 &amp#27;[32m INFO&amp#27;[m &amp#27;[35m[@503 - main]&amp#27;[m &amp#27;[36mcom.shaft.tools.io.ReportManager&amp#27;[m : File Action "DoesFileExist" successfully performed. With the following test data "File Path: "src/test/resources/testDataFiles/Schemas/InvalidTokenRequest_Unauthorized_schema.json"".
2023-02-07 10:56:00.078 &amp#27;[32m INFO&amp#27;[m &amp#27;[35m[@503 - main]&amp#27;[m &amp#27;[36mcom.shaft.tools.io.ReportManager&amp#27;[m : File Action "GetAbsolutePath" successfully performed. With the following test data "Relative Folder Path: "src/test/resources/testDataFiles/Schemas/InvalidTokenRequest_Unauthorized_schema.json"".
2023-02-07 10:56:00.079 &amp#27;[32m INFO&amp#27;[m &amp#27;[35m[@503 - main]&amp#27;[m &amp#27;[36mcom.shaft.tools.io.ReportManager&amp#27;[m : File Action "DoesFileExist" successfully performed. With the following test data "File Path: "C:\eclipse-workspace\MyProjects\TASystemsAPIs\src\test\resources\testDataFiles\Schemas\InvalidTokenRequest_Unauthorized_schema.json"".
2023-02-07 10:56:00.080 &amp#27;[32m INFO&amp#27;[m &amp#27;[35m[@503 - main]&amp#27;[m &amp#27;[36mcom.shaft.tools.io.ReportManager&amp#27;[m : File Action "GetAbsolutePath" successfully performed. With the following test data "Relative Folder Path: "C:\eclipse-workspace\MyProjects\TASystemsAPIs\src\test\resources\testDataFiles\Schemas\InvalidTokenRequest_Unauthorized_schema.json"".
2023-02-07 10:56:00.080 &amp#27;[32m INFO&amp#27;[m &amp#27;[35m[@503 - main]&amp#27;[m &amp#27;[36mcom.shaft.tools.io.ReportManager&amp#27;[m : File Action "ReadFile" successfully performed. With the following test data "File Path: "C:\eclipse-workspace\MyProjects\TASystemsAPIs\src\test\resources\testDataFiles\Schemas\InvalidTokenRequest_Unauthorized_schema.json"".
2023-02-07 10:56:00.081 &amp#27;[32m INFO&amp#27;[m &amp#27;[35m[@503 - main]&amp#27;[m &amp#27;[36mcom.shaft.tools.io.ReportManager&amp#27;[m : Successfully created attachment "Validation Test Data - Expected JSON Value"
2023-02-07 10:56:00.082 &amp#27;[32m INFO&amp#27;[m &amp#27;[35m[@503 - main]&amp#27;[m &amp#27;[36mcom.shaft.tools.io.ReportManager&amp#27;[m : Successfully created attachment "Validation Test Data - Actual JSON Value"
2023-02-07 10:56:00.084 &amp#27;[32m INFO&amp#27;[m &amp#27;[35m[@503 - main]&amp#27;[m &amp#27;[36mcom.shaft.tools.io.ReportManager&amp#27;[m : Successfully created attachment "SHAFT Engine Logs - Current Method log: Get_Invalid_CreationalPeriod_ByID_with_missing_Token_TC"
]]></system-out>
  </testcase>
  <testcase name="Get_Invalid_CreationalPeriod_ByID_with_missing_Token_TC[[Ljava.lang.Object;@36c234f8](2)" classname="SteeringCompanyAPI_TestCases.Test_CreationalPeriod_Cases" time="2.698">
    <system-out><![CDATA[2023-02-07 10:56:00.088 &amp#27;[32m INFO&amp#27;[m &amp#27;[35m[@534 - main]&amp#27;[m &amp#27;[36mcom.shaft.tools.io.ReportManager&amp#27;[m : 
################################################################################################################################################
Starting Execution:	"59 out of 107" test cases in the current suite
Test Method:		"SteeringCompanyAPI_TestCases.Test_CreationalPeriod_Cases.Get_Invalid_CreationalPeriod_ByID_with_missing_Token_TC"
Test Description:	"TC008  -CreationalPeriod-   Perform Get CreationalPeriod by ID with missing Token"
################################################################################################################################################
2023-02-07 10:56:00.088 &amp#27;[32m INFO&amp#27;[m &amp#27;[35m[@503 - main]&amp#27;[m &amp#27;[36mcom.shaft.tools.io.ReportManager&amp#27;[m : File Action "DoesFileExist" successfully performed. With the following test data "File Path: "SteeringCompanyAPI_TestData/SteeringCompanyAPI_TestData.xlsx"".
2023-02-07 10:56:00.121 &amp#27;[32m INFO&amp#27;[m &amp#27;[35m[@503 - main]&amp#27;[m &amp#27;[36mcom.shaft.tools.io.ReportManager&amp#27;[m : Successfully created attachment "Test Data - Excel"
2023-02-07 10:56:01.375 &amp#27;[32m INFO&amp#27;[m &amp#27;[35m[@503 - main]&amp#27;[m &amp#27;[36mcom.shaft.tools.io.ReportManager&amp#27;[m : Response status code: "200", status line: "HTTP/1.1 200 OK"
2023-02-07 10:56:01.397 &amp#27;[32m INFO&amp#27;[m &amp#27;[35m[@503 - main]&amp#27;[m &amp#27;[36mcom.shaft.tools.io.ReportManager&amp#27;[m : Successfully created attachment "API Request - Specifications"
2023-02-07 10:56:01.398 &amp#27;[32m INFO&amp#27;[m &amp#27;[35m[@503 - main]&amp#27;[m &amp#27;[36mcom.shaft.tools.io.ReportManager&amp#27;[m : Successfully created attachment "API Request - Body"
2023-02-07 10:56:01.401 &amp#27;[32m INFO&amp#27;[m &amp#27;[35m[@503 - main]&amp#27;[m &amp#27;[36mcom.shaft.tools.io.ReportManager&amp#27;[m : Successfully created attachment "API Response - JSON Body"
2023-02-07 10:56:01.402 &amp#27;[32m INFO&amp#27;[m &amp#27;[35m[@503 - main]&amp#27;[m &amp#27;[36mcom.shaft.tools.io.ReportManager&amp#27;[m : File Action "DoesFileExist" successfully performed. With the following test data "File Path: "SteeringCompanyAPI_TestData/SteeringCompanyAPI_TestData.xlsx"".
2023-02-07 10:56:01.433 &amp#27;[32m INFO&amp#27;[m &amp#27;[35m[@503 - main]&amp#27;[m &amp#27;[36mcom.shaft.tools.io.ReportManager&amp#27;[m : Successfully created attachment "Test Data - Excel"
2023-02-07 10:56:02.744 &amp#27;[32m INFO&amp#27;[m &amp#27;[35m[@503 - main]&amp#27;[m &amp#27;[36mcom.shaft.tools.io.ReportManager&amp#27;[m : Response status code: "401", status line: "HTTP/1.1 401 "
2023-02-07 10:56:02.765 &amp#27;[32m INFO&amp#27;[m &amp#27;[35m[@503 - main]&amp#27;[m &amp#27;[36mcom.shaft.tools.io.ReportManager&amp#27;[m : Successfully created attachment "API Request - Specifications"
2023-02-07 10:56:02.766 &amp#27;[32m INFO&amp#27;[m &amp#27;[35m[@503 - main]&amp#27;[m &amp#27;[36mcom.shaft.tools.io.ReportManager&amp#27;[m : Successfully created attachment "API Response - JSON Body"
2023-02-07 10:56:02.768 &amp#27;[32m INFO&amp#27;[m &amp#27;[35m[@503 - main]&amp#27;[m &amp#27;[36mcom.shaft.tools.io.ReportManager&amp#27;[m : File Action "DoesFileExist" successfully performed. With the following test data "File Path: "Schemas/InvalidTokenRequest_Unauthorized_schema.json"".
2023-02-07 10:56:02.769 &amp#27;[32m INFO&amp#27;[m &amp#27;[35m[@503 - main]&amp#27;[m &amp#27;[36mcom.shaft.tools.io.ReportManager&amp#27;[m : File Action "DoesFileExist" successfully performed. With the following test data "File Path: "src/test/resources/testDataFiles/Schemas/InvalidTokenRequest_Unauthorized_schema.json"".
2023-02-07 10:56:02.769 &amp#27;[32m INFO&amp#27;[m &amp#27;[35m[@503 - main]&amp#27;[m &amp#27;[36mcom.shaft.tools.io.ReportManager&amp#27;[m : File Action "GetAbsolutePath" successfully performed. With the following test data "Relative Folder Path: "src/test/resources/testDataFiles/Schemas/InvalidTokenRequest_Unauthorized_schema.json"".
2023-02-07 10:56:02.774 &amp#27;[32m INFO&amp#27;[m &amp#27;[35m[@503 - main]&amp#27;[m &amp#27;[36mcom.shaft.tools.io.ReportManager&amp#27;[m : File Action "DoesFileExist" successfully performed. With the following test data "File Path: "C:\eclipse-workspace\MyProjects\TASystemsAPIs\src\test\resources\testDataFiles\Schemas\InvalidTokenRequest_Unauthorized_schema.json"".
2023-02-07 10:56:02.774 &amp#27;[32m INFO&amp#27;[m &amp#27;[35m[@503 - main]&amp#27;[m &amp#27;[36mcom.shaft.tools.io.ReportManager&amp#27;[m : File Action "GetAbsolutePath" successfully performed. With the following test data "Relative Folder Path: "C:\eclipse-workspace\MyProjects\TASystemsAPIs\src\test\resources\testDataFiles\Schemas\InvalidTokenRequest_Unauthorized_schema.json"".
2023-02-07 10:56:02.774 &amp#27;[32m INFO&amp#27;[m &amp#27;[35m[@503 - main]&amp#27;[m &amp#27;[36mcom.shaft.tools.io.ReportManager&amp#27;[m : File Action "ReadFile" successfully performed. With the following test data "File Path: "C:\eclipse-workspace\MyProjects\TASystemsAPIs\src\test\resources\testDataFiles\Schemas\InvalidTokenRequest_Unauthorized_schema.json"".
2023-02-07 10:56:02.777 &amp#27;[32m INFO&amp#27;[m &amp#27;[35m[@503 - main]&amp#27;[m &amp#27;[36mcom.shaft.tools.io.ReportManager&amp#27;[m : Successfully created attachment "Validation Test Data - Expected JSON Value"
2023-02-07 10:56:02.780 &amp#27;[32m INFO&amp#27;[m &amp#27;[35m[@503 - main]&amp#27;[m &amp#27;[36mcom.shaft.tools.io.ReportManager&amp#27;[m : Successfully created attachment "Validation Test Data - Actual JSON Value"
2023-02-07 10:56:02.781 &amp#27;[32m INFO&amp#27;[m &amp#27;[35m[@503 - main]&amp#27;[m &amp#27;[36mcom.shaft.tools.io.ReportManager&amp#27;[m : Successfully created attachment "SHAFT Engine Logs - Current Method log: Get_Invalid_CreationalPeriod_ByID_with_missing_Token_TC"
]]></system-out>
  </testcase>
  <testcase name="Get_Invalid_all_CreationalPeriod_with_invalid_Token_TC" classname="SteeringCompanyAPI_TestCases.Test_CreationalPeriod_Cases" time="1.313">
    <system-out><![CDATA[2023-02-07 10:56:02.788 &amp#27;[32m INFO&amp#27;[m &amp#27;[35m[@534 - main]&amp#27;[m &amp#27;[36mcom.shaft.tools.io.ReportManager&amp#27;[m : 
################################################################################################################################################
Starting Execution:	"60 out of 107" test cases in the current suite
Test Method:		"SteeringCompanyAPI_TestCases.Test_CreationalPeriod_Cases.Get_Invalid_all_CreationalPeriod_with_invalid_Token_TC"
Test Description:	"TC009 -CreationalPeriod-  Perform Get all CreationalPeriod API with invalid or expired Token"
################################################################################################################################################
2023-02-07 10:56:02.789 &amp#27;[32m INFO&amp#27;[m &amp#27;[35m[@503 - main]&amp#27;[m &amp#27;[36mcom.shaft.tools.io.ReportManager&amp#27;[m : File Action "DoesFileExist" successfully performed. With the following test data "File Path: "SteeringCompanyAPI_TestData/SteeringCompanyAPI_TestData.xlsx"".
2023-02-07 10:56:02.838 &amp#27;[32m INFO&amp#27;[m &amp#27;[35m[@503 - main]&amp#27;[m &amp#27;[36mcom.shaft.tools.io.ReportManager&amp#27;[m : Successfully created attachment "Test Data - Excel"
2023-02-07 10:56:03.503 &amp#27;[32m INFO&amp#27;[m &amp#27;[35m[@503 - main]&amp#27;[m &amp#27;[36mcom.shaft.tools.io.ReportManager&amp#27;[m : Response status code: "200", status line: "HTTP/1.1 200 OK"
2023-02-07 10:56:03.528 &amp#27;[32m INFO&amp#27;[m &amp#27;[35m[@503 - main]&amp#27;[m &amp#27;[36mcom.shaft.tools.io.ReportManager&amp#27;[m : Successfully created attachment "API Request - Specifications"
2023-02-07 10:56:03.529 &amp#27;[32m INFO&amp#27;[m &amp#27;[35m[@503 - main]&amp#27;[m &amp#27;[36mcom.shaft.tools.io.ReportManager&amp#27;[m : Successfully created attachment "API Request - Body"
2023-02-07 10:56:03.530 &amp#27;[32m INFO&amp#27;[m &amp#27;[35m[@503 - main]&amp#27;[m &amp#27;[36mcom.shaft.tools.io.ReportManager&amp#27;[m : Successfully created attachment "API Response - JSON Body"
2023-02-07 10:56:03.531 &amp#27;[32m INFO&amp#27;[m &amp#27;[35m[@503 - main]&amp#27;[m &amp#27;[36mcom.shaft.tools.io.ReportManager&amp#27;[m : File Action "DoesFileExist" successfully performed. With the following test data "File Path: "SteeringCompanyAPI_TestData/SteeringCompanyAPI_TestData.xlsx"".
2023-02-07 10:56:03.583 &amp#27;[32m INFO&amp#27;[m &amp#27;[35m[@503 - main]&amp#27;[m &amp#27;[36mcom.shaft.tools.io.ReportManager&amp#27;[m : Successfully created attachment "Test Data - Excel"
2023-02-07 10:56:04.086 &amp#27;[32m INFO&amp#27;[m &amp#27;[35m[@503 - main]&amp#27;[m &amp#27;[36mcom.shaft.tools.io.ReportManager&amp#27;[m : Response status code: "401", status line: "HTTP/1.1 401 "
2023-02-07 10:56:04.089 &amp#27;[32m INFO&amp#27;[m &amp#27;[35m[@503 - main]&amp#27;[m &amp#27;[36mcom.shaft.tools.io.ReportManager&amp#27;[m : Successfully created attachment "API Request - Specifications"
2023-02-07 10:56:04.091 &amp#27;[32m INFO&amp#27;[m &amp#27;[35m[@503 - main]&amp#27;[m &amp#27;[36mcom.shaft.tools.io.ReportManager&amp#27;[m : Successfully created attachment "API Response - JSON Body"
2023-02-07 10:56:04.095 &amp#27;[32m INFO&amp#27;[m &amp#27;[35m[@503 - main]&amp#27;[m &amp#27;[36mcom.shaft.tools.io.ReportManager&amp#27;[m : Successfully created attachment "SHAFT Engine Logs - Current Method log: Get_Invalid_all_CreationalPeriod_with_invalid_Token_TC"
]]></system-out>
  </testcase>
  <testcase name="Get_Invalid_all_CreationalPeriod_with_missing_Token_TC" classname="SteeringCompanyAPI_TestCases.Test_CreationalPeriod_Cases" time="1.476">
    <system-out><![CDATA[2023-02-07 10:56:04.100 &amp#27;[32m INFO&amp#27;[m &amp#27;[35m[@534 - main]&amp#27;[m &amp#27;[36mcom.shaft.tools.io.ReportManager&amp#27;[m : 
################################################################################################################################################
Starting Execution:	"61 out of 107" test cases in the current suite
Test Method:		"SteeringCompanyAPI_TestCases.Test_CreationalPeriod_Cases.Get_Invalid_all_CreationalPeriod_with_missing_Token_TC"
Test Description:	"TC007  -CreationalPeriod-   Perform Get all CreationalPeriod API with missing Token"
################################################################################################################################################
2023-02-07 10:56:04.101 &amp#27;[32m INFO&amp#27;[m &amp#27;[35m[@503 - main]&amp#27;[m &amp#27;[36mcom.shaft.tools.io.ReportManager&amp#27;[m : File Action "DoesFileExist" successfully performed. With the following test data "File Path: "SteeringCompanyAPI_TestData/SteeringCompanyAPI_TestData.xlsx"".
2023-02-07 10:56:04.158 &amp#27;[32m INFO&amp#27;[m &amp#27;[35m[@503 - main]&amp#27;[m &amp#27;[36mcom.shaft.tools.io.ReportManager&amp#27;[m : Successfully created attachment "Test Data - Excel"
2023-02-07 10:56:04.964 &amp#27;[32m INFO&amp#27;[m &amp#27;[35m[@503 - main]&amp#27;[m &amp#27;[36mcom.shaft.tools.io.ReportManager&amp#27;[m : Response status code: "200", status line: "HTTP/1.1 200 OK"
2023-02-07 10:56:04.986 &amp#27;[32m INFO&amp#27;[m &amp#27;[35m[@503 - main]&amp#27;[m &amp#27;[36mcom.shaft.tools.io.ReportManager&amp#27;[m : Successfully created attachment "API Request - Specifications"
2023-02-07 10:56:04.987 &amp#27;[32m INFO&amp#27;[m &amp#27;[35m[@503 - main]&amp#27;[m &amp#27;[36mcom.shaft.tools.io.ReportManager&amp#27;[m : Successfully created attachment "API Request - Body"
2023-02-07 10:56:04.989 &amp#27;[32m INFO&amp#27;[m &amp#27;[35m[@503 - main]&amp#27;[m &amp#27;[36mcom.shaft.tools.io.ReportManager&amp#27;[m : Successfully created attachment "API Response - JSON Body"
2023-02-07 10:56:04.989 &amp#27;[32m INFO&amp#27;[m &amp#27;[35m[@503 - main]&amp#27;[m &amp#27;[36mcom.shaft.tools.io.ReportManager&amp#27;[m : File Action "DoesFileExist" successfully performed. With the following test data "File Path: "SteeringCompanyAPI_TestData/SteeringCompanyAPI_TestData.xlsx"".
2023-02-07 10:56:05.032 &amp#27;[32m INFO&amp#27;[m &amp#27;[35m[@503 - main]&amp#27;[m &amp#27;[36mcom.shaft.tools.io.ReportManager&amp#27;[m : Successfully created attachment "Test Data - Excel"
2023-02-07 10:56:05.534 &amp#27;[32m INFO&amp#27;[m &amp#27;[35m[@503 - main]&amp#27;[m &amp#27;[36mcom.shaft.tools.io.ReportManager&amp#27;[m : Response status code: "401", status line: "HTTP/1.1 401 "
2023-02-07 10:56:05.556 &amp#27;[32m INFO&amp#27;[m &amp#27;[35m[@503 - main]&amp#27;[m &amp#27;[36mcom.shaft.tools.io.ReportManager&amp#27;[m : Successfully created attachment "API Request - Specifications"
2023-02-07 10:56:05.560 &amp#27;[32m INFO&amp#27;[m &amp#27;[35m[@503 - main]&amp#27;[m &amp#27;[36mcom.shaft.tools.io.ReportManager&amp#27;[m : Successfully created attachment "API Response - JSON Body"
2023-02-07 10:56:05.562 &amp#27;[32m INFO&amp#27;[m &amp#27;[35m[@503 - main]&amp#27;[m &amp#27;[36mcom.shaft.tools.io.ReportManager&amp#27;[m : File Action "DoesFileExist" successfully performed. With the following test data "File Path: "Schemas/InvalidTokenRequest_Unauthorized_schema.json"".
2023-02-07 10:56:05.562 &amp#27;[32m INFO&amp#27;[m &amp#27;[35m[@503 - main]&amp#27;[m &amp#27;[36mcom.shaft.tools.io.ReportManager&amp#27;[m : File Action "DoesFileExist" successfully performed. With the following test data "File Path: "src/test/resources/testDataFiles/Schemas/InvalidTokenRequest_Unauthorized_schema.json"".
2023-02-07 10:56:05.563 &amp#27;[32m INFO&amp#27;[m &amp#27;[35m[@503 - main]&amp#27;[m &amp#27;[36mcom.shaft.tools.io.ReportManager&amp#27;[m : File Action "GetAbsolutePath" successfully performed. With the following test data "Relative Folder Path: "src/test/resources/testDataFiles/Schemas/InvalidTokenRequest_Unauthorized_schema.json"".
2023-02-07 10:56:05.566 &amp#27;[32m INFO&amp#27;[m &amp#27;[35m[@503 - main]&amp#27;[m &amp#27;[36mcom.shaft.tools.io.ReportManager&amp#27;[m : File Action "DoesFileExist" successfully performed. With the following test data "File Path: "C:\eclipse-workspace\MyProjects\TASystemsAPIs\src\test\resources\testDataFiles\Schemas\InvalidTokenRequest_Unauthorized_schema.json"".
2023-02-07 10:56:05.566 &amp#27;[32m INFO&amp#27;[m &amp#27;[35m[@503 - main]&amp#27;[m &amp#27;[36mcom.shaft.tools.io.ReportManager&amp#27;[m : File Action "GetAbsolutePath" successfully performed. With the following test data "Relative Folder Path: "C:\eclipse-workspace\MyProjects\TASystemsAPIs\src\test\resources\testDataFiles\Schemas\InvalidTokenRequest_Unauthorized_schema.json"".
2023-02-07 10:56:05.567 &amp#27;[32m INFO&amp#27;[m &amp#27;[35m[@503 - main]&amp#27;[m &amp#27;[36mcom.shaft.tools.io.ReportManager&amp#27;[m : File Action "ReadFile" successfully performed. With the following test data "File Path: "C:\eclipse-workspace\MyProjects\TASystemsAPIs\src\test\resources\testDataFiles\Schemas\InvalidTokenRequest_Unauthorized_schema.json"".
2023-02-07 10:56:05.569 &amp#27;[32m INFO&amp#27;[m &amp#27;[35m[@503 - main]&amp#27;[m &amp#27;[36mcom.shaft.tools.io.ReportManager&amp#27;[m : Successfully created attachment "Validation Test Data - Expected JSON Value"
2023-02-07 10:56:05.571 &amp#27;[32m INFO&amp#27;[m &amp#27;[35m[@503 - main]&amp#27;[m &amp#27;[36mcom.shaft.tools.io.ReportManager&amp#27;[m : Successfully created attachment "Validation Test Data - Actual JSON Value"
2023-02-07 10:56:05.572 &amp#27;[32m INFO&amp#27;[m &amp#27;[35m[@503 - main]&amp#27;[m &amp#27;[36mcom.shaft.tools.io.ReportManager&amp#27;[m : Successfully created attachment "SHAFT Engine Logs - Current Method log: Get_Invalid_all_CreationalPeriod_with_missing_Token_TC"
]]></system-out>
  </testcase>
  <testcase name="Get_Valid_CreationalPeriod_ByID_Rq_TC[[Ljava.lang.Object;@7831cf5c](1)" classname="SteeringCompanyAPI_TestCases.Test_CreationalPeriod_Cases" time="1.506">
    <system-out><![CDATA[2023-02-07 10:56:05.577 &amp#27;[32m INFO&amp#27;[m &amp#27;[35m[@534 - main]&amp#27;[m &amp#27;[36mcom.shaft.tools.io.ReportManager&amp#27;[m : 
################################################################################################################################################
Starting Execution:	"62 out of 107" test cases in the current suite
Test Method:		"SteeringCompanyAPI_TestCases.Test_CreationalPeriod_Cases.Get_Valid_CreationalPeriod_ByID_Rq_TC"
Test Description:	"TC003  -CreationalPeriod-   Perform Get CreationalPeriod API by ID"
################################################################################################################################################
2023-02-07 10:56:05.577 &amp#27;[32m INFO&amp#27;[m &amp#27;[35m[@503 - main]&amp#27;[m &amp#27;[36mcom.shaft.tools.io.ReportManager&amp#27;[m : File Action "DoesFileExist" successfully performed. With the following test data "File Path: "SteeringCompanyAPI_TestData/SteeringCompanyAPI_TestData.xlsx"".
2023-02-07 10:56:05.616 &amp#27;[32m INFO&amp#27;[m &amp#27;[35m[@503 - main]&amp#27;[m &amp#27;[36mcom.shaft.tools.io.ReportManager&amp#27;[m : Successfully created attachment "Test Data - Excel"
2023-02-07 10:56:06.248 &amp#27;[32m INFO&amp#27;[m &amp#27;[35m[@503 - main]&amp#27;[m &amp#27;[36mcom.shaft.tools.io.ReportManager&amp#27;[m : Response status code: "200", status line: "HTTP/1.1 200 OK"
2023-02-07 10:56:06.271 &amp#27;[32m INFO&amp#27;[m &amp#27;[35m[@503 - main]&amp#27;[m &amp#27;[36mcom.shaft.tools.io.ReportManager&amp#27;[m : Successfully created attachment "API Request - Specifications"
2023-02-07 10:56:06.272 &amp#27;[32m INFO&amp#27;[m &amp#27;[35m[@503 - main]&amp#27;[m &amp#27;[36mcom.shaft.tools.io.ReportManager&amp#27;[m : Successfully created attachment "API Request - Body"
2023-02-07 10:56:06.274 &amp#27;[32m INFO&amp#27;[m &amp#27;[35m[@503 - main]&amp#27;[m &amp#27;[36mcom.shaft.tools.io.ReportManager&amp#27;[m : Successfully created attachment "API Response - JSON Body"
2023-02-07 10:56:06.295 &amp#27;[32m INFO&amp#27;[m &amp#27;[35m[@503 - main]&amp#27;[m &amp#27;[36mcom.shaft.tools.io.ReportManager&amp#27;[m : File Action "DoesFileExist" successfully performed. With the following test data "File Path: "SteeringCompanyAPI_TestData/SteeringCompanyAPI_TestData.xlsx"".
2023-02-07 10:56:06.342 &amp#27;[32m INFO&amp#27;[m &amp#27;[35m[@503 - main]&amp#27;[m &amp#27;[36mcom.shaft.tools.io.ReportManager&amp#27;[m : Successfully created attachment "Test Data - Excel"
2023-02-07 10:56:06.901 &amp#27;[32m INFO&amp#27;[m &amp#27;[35m[@503 - main]&amp#27;[m &amp#27;[36mcom.shaft.tools.io.ReportManager&amp#27;[m : Response status code: "200", status line: "HTTP/1.1 200 "
2023-02-07 10:56:06.925 &amp#27;[32m INFO&amp#27;[m &amp#27;[35m[@503 - main]&amp#27;[m &amp#27;[36mcom.shaft.tools.io.ReportManager&amp#27;[m : Successfully created attachment "API Request - Specifications"
2023-02-07 10:56:06.927 &amp#27;[32m INFO&amp#27;[m &amp#27;[35m[@503 - main]&amp#27;[m &amp#27;[36mcom.shaft.tools.io.ReportManager&amp#27;[m : Successfully created attachment "API Response - JSON Body"
2023-02-07 10:56:06.929 &amp#27;[32m INFO&amp#27;[m &amp#27;[35m[@503 - main]&amp#27;[m &amp#27;[36mcom.shaft.tools.io.ReportManager&amp#27;[m : File Action "DoesFileExist" successfully performed. With the following test data "File Path: "Schemas/CreationalPeriodsByID_schema.json"".
2023-02-07 10:56:06.930 &amp#27;[32m INFO&amp#27;[m &amp#27;[35m[@503 - main]&amp#27;[m &amp#27;[36mcom.shaft.tools.io.ReportManager&amp#27;[m : File Action "DoesFileExist" successfully performed. With the following test data "File Path: "src/test/resources/testDataFiles/Schemas/CreationalPeriodsByID_schema.json"".
2023-02-07 10:56:06.930 &amp#27;[32m INFO&amp#27;[m &amp#27;[35m[@503 - main]&amp#27;[m &amp#27;[36mcom.shaft.tools.io.ReportManager&amp#27;[m : File Action "GetAbsolutePath" successfully performed. With the following test data "Relative Folder Path: "src/test/resources/testDataFiles/Schemas/CreationalPeriodsByID_schema.json"".
2023-02-07 10:56:07.074 &amp#27;[32m INFO&amp#27;[m &amp#27;[35m[@503 - main]&amp#27;[m &amp#27;[36mcom.shaft.tools.io.ReportManager&amp#27;[m : File Action "DoesFileExist" successfully performed. With the following test data "File Path: "C:\eclipse-workspace\MyProjects\TASystemsAPIs\src\test\resources\testDataFiles\Schemas\CreationalPeriodsByID_schema.json"".
2023-02-07 10:56:07.075 &amp#27;[32m INFO&amp#27;[m &amp#27;[35m[@503 - main]&amp#27;[m &amp#27;[36mcom.shaft.tools.io.ReportManager&amp#27;[m : File Action "GetAbsolutePath" successfully performed. With the following test data "Relative Folder Path: "C:\eclipse-workspace\MyProjects\TASystemsAPIs\src\test\resources\testDataFiles\Schemas\CreationalPeriodsByID_schema.json"".
2023-02-07 10:56:07.075 &amp#27;[32m INFO&amp#27;[m &amp#27;[35m[@503 - main]&amp#27;[m &amp#27;[36mcom.shaft.tools.io.ReportManager&amp#27;[m : File Action "ReadFile" successfully performed. With the following test data "File Path: "C:\eclipse-workspace\MyProjects\TASystemsAPIs\src\test\resources\testDataFiles\Schemas\CreationalPeriodsByID_schema.json"".
2023-02-07 10:56:07.077 &amp#27;[32m INFO&amp#27;[m &amp#27;[35m[@503 - main]&amp#27;[m &amp#27;[36mcom.shaft.tools.io.ReportManager&amp#27;[m : Successfully created attachment "Validation Test Data - Expected JSON Value"
2023-02-07 10:56:07.078 &amp#27;[32m INFO&amp#27;[m &amp#27;[35m[@503 - main]&amp#27;[m &amp#27;[36mcom.shaft.tools.io.ReportManager&amp#27;[m : Successfully created attachment "Validation Test Data - Actual JSON Value"
2023-02-07 10:56:07.079 &amp#27;[32m INFO&amp#27;[m &amp#27;[35m[@503 - main]&amp#27;[m &amp#27;[36mcom.shaft.tools.io.ReportManager&amp#27;[m : Successfully created attachment "SHAFT Engine Logs - Current Method log: Get_Valid_CreationalPeriod_ByID_Rq_TC"
]]></system-out>
  </testcase>
  <testcase name="Get_Valid_CreationalPeriod_ByID_Rq_TC[[Ljava.lang.Object;@552d2df6](2)" classname="SteeringCompanyAPI_TestCases.Test_CreationalPeriod_Cases" time="1.34">
    <system-out><![CDATA[2023-02-07 10:56:07.082 &amp#27;[32m INFO&amp#27;[m &amp#27;[35m[@534 - main]&amp#27;[m &amp#27;[36mcom.shaft.tools.io.ReportManager&amp#27;[m : 
################################################################################################################################################
Starting Execution:	"63 out of 107" test cases in the current suite
Test Method:		"SteeringCompanyAPI_TestCases.Test_CreationalPeriod_Cases.Get_Valid_CreationalPeriod_ByID_Rq_TC"
Test Description:	"TC003  -CreationalPeriod-   Perform Get CreationalPeriod API by ID"
################################################################################################################################################
2023-02-07 10:56:07.082 &amp#27;[32m INFO&amp#27;[m &amp#27;[35m[@503 - main]&amp#27;[m &amp#27;[36mcom.shaft.tools.io.ReportManager&amp#27;[m : File Action "DoesFileExist" successfully performed. With the following test data "File Path: "SteeringCompanyAPI_TestData/SteeringCompanyAPI_TestData.xlsx"".
2023-02-07 10:56:07.118 &amp#27;[32m INFO&amp#27;[m &amp#27;[35m[@503 - main]&amp#27;[m &amp#27;[36mcom.shaft.tools.io.ReportManager&amp#27;[m : Successfully created attachment "Test Data - Excel"
2023-02-07 10:56:07.743 &amp#27;[32m INFO&amp#27;[m &amp#27;[35m[@503 - main]&amp#27;[m &amp#27;[36mcom.shaft.tools.io.ReportManager&amp#27;[m : Response status code: "200", status line: "HTTP/1.1 200 OK"
2023-02-07 10:56:07.769 &amp#27;[32m INFO&amp#27;[m &amp#27;[35m[@503 - main]&amp#27;[m &amp#27;[36mcom.shaft.tools.io.ReportManager&amp#27;[m : Successfully created attachment "API Request - Specifications"
2023-02-07 10:56:07.770 &amp#27;[32m INFO&amp#27;[m &amp#27;[35m[@503 - main]&amp#27;[m &amp#27;[36mcom.shaft.tools.io.ReportManager&amp#27;[m : Successfully created attachment "API Request - Body"
2023-02-07 10:56:07.772 &amp#27;[32m INFO&amp#27;[m &amp#27;[35m[@503 - main]&amp#27;[m &amp#27;[36mcom.shaft.tools.io.ReportManager&amp#27;[m : Successfully created attachment "API Response - JSON Body"
2023-02-07 10:56:07.791 &amp#27;[32m INFO&amp#27;[m &amp#27;[35m[@503 - main]&amp#27;[m &amp#27;[36mcom.shaft.tools.io.ReportManager&amp#27;[m : File Action "DoesFileExist" successfully performed. With the following test data "File Path: "SteeringCompanyAPI_TestData/SteeringCompanyAPI_TestData.xlsx"".
2023-02-07 10:56:07.820 &amp#27;[32m INFO&amp#27;[m &amp#27;[35m[@503 - main]&amp#27;[m &amp#27;[36mcom.shaft.tools.io.ReportManager&amp#27;[m : Successfully created attachment "Test Data - Excel"
2023-02-07 10:56:08.371 &amp#27;[32m INFO&amp#27;[m &amp#27;[35m[@503 - main]&amp#27;[m &amp#27;[36mcom.shaft.tools.io.ReportManager&amp#27;[m : Response status code: "200", status line: "HTTP/1.1 200 "
2023-02-07 10:56:08.395 &amp#27;[32m INFO&amp#27;[m &amp#27;[35m[@503 - main]&amp#27;[m &amp#27;[36mcom.shaft.tools.io.ReportManager&amp#27;[m : Successfully created attachment "API Request - Specifications"
2023-02-07 10:56:08.397 &amp#27;[32m INFO&amp#27;[m &amp#27;[35m[@503 - main]&amp#27;[m &amp#27;[36mcom.shaft.tools.io.ReportManager&amp#27;[m : Successfully created attachment "API Response - JSON Body"
2023-02-07 10:56:08.400 &amp#27;[32m INFO&amp#27;[m &amp#27;[35m[@503 - main]&amp#27;[m &amp#27;[36mcom.shaft.tools.io.ReportManager&amp#27;[m : File Action "DoesFileExist" successfully performed. With the following test data "File Path: "Schemas/CreationalPeriodsByID_schema.json"".
2023-02-07 10:56:08.400 &amp#27;[32m INFO&amp#27;[m &amp#27;[35m[@503 - main]&amp#27;[m &amp#27;[36mcom.shaft.tools.io.ReportManager&amp#27;[m : File Action "DoesFileExist" successfully performed. With the following test data "File Path: "src/test/resources/testDataFiles/Schemas/CreationalPeriodsByID_schema.json"".
2023-02-07 10:56:08.401 &amp#27;[32m INFO&amp#27;[m &amp#27;[35m[@503 - main]&amp#27;[m &amp#27;[36mcom.shaft.tools.io.ReportManager&amp#27;[m : File Action "GetAbsolutePath" successfully performed. With the following test data "Relative Folder Path: "src/test/resources/testDataFiles/Schemas/CreationalPeriodsByID_schema.json"".
2023-02-07 10:56:08.407 &amp#27;[32m INFO&amp#27;[m &amp#27;[35m[@503 - main]&amp#27;[m &amp#27;[36mcom.shaft.tools.io.ReportManager&amp#27;[m : File Action "DoesFileExist" successfully performed. With the following test data "File Path: "C:\eclipse-workspace\MyProjects\TASystemsAPIs\src\test\resources\testDataFiles\Schemas\CreationalPeriodsByID_schema.json"".
2023-02-07 10:56:08.408 &amp#27;[32m INFO&amp#27;[m &amp#27;[35m[@503 - main]&amp#27;[m &amp#27;[36mcom.shaft.tools.io.ReportManager&amp#27;[m : File Action "GetAbsolutePath" successfully performed. With the following test data "Relative Folder Path: "C:\eclipse-workspace\MyProjects\TASystemsAPIs\src\test\resources\testDataFiles\Schemas\CreationalPeriodsByID_schema.json"".
2023-02-07 10:56:08.408 &amp#27;[32m INFO&amp#27;[m &amp#27;[35m[@503 - main]&amp#27;[m &amp#27;[36mcom.shaft.tools.io.ReportManager&amp#27;[m : File Action "ReadFile" successfully performed. With the following test data "File Path: "C:\eclipse-workspace\MyProjects\TASystemsAPIs\src\test\resources\testDataFiles\Schemas\CreationalPeriodsByID_schema.json"".
2023-02-07 10:56:08.412 &amp#27;[32m INFO&amp#27;[m &amp#27;[35m[@503 - main]&amp#27;[m &amp#27;[36mcom.shaft.tools.io.ReportManager&amp#27;[m : Successfully created attachment "Validation Test Data - Expected JSON Value"
2023-02-07 10:56:08.416 &amp#27;[32m INFO&amp#27;[m &amp#27;[35m[@503 - main]&amp#27;[m &amp#27;[36mcom.shaft.tools.io.ReportManager&amp#27;[m : Successfully created attachment "Validation Test Data - Actual JSON Value"
2023-02-07 10:56:08.418 &amp#27;[32m INFO&amp#27;[m &amp#27;[35m[@503 - main]&amp#27;[m &amp#27;[36mcom.shaft.tools.io.ReportManager&amp#27;[m : Successfully created attachment "SHAFT Engine Logs - Current Method log: Get_Valid_CreationalPeriod_ByID_Rq_TC"
]]></system-out>
  </testcase>
  <testcase name="Get_Valid_all_CreationalPeriod_Rq_TC" classname="SteeringCompanyAPI_TestCases.Test_CreationalPeriod_Cases" time="1.714">
    <system-out><![CDATA[2023-02-07 10:56:08.425 &amp#27;[32m INFO&amp#27;[m &amp#27;[35m[@534 - main]&amp#27;[m &amp#27;[36mcom.shaft.tools.io.ReportManager&amp#27;[m : 
################################################################################################################################################
Starting Execution:	"64 out of 107" test cases in the current suite
Test Method:		"SteeringCompanyAPI_TestCases.Test_CreationalPeriod_Cases.Get_Valid_all_CreationalPeriod_Rq_TC"
Test Description:	"TC001  -CreationalPeriod-  Perform Get all CreationalPeriod API with valid user name and password"
################################################################################################################################################
2023-02-07 10:56:08.426 &amp#27;[32m INFO&amp#27;[m &amp#27;[35m[@503 - main]&amp#27;[m &amp#27;[36mcom.shaft.tools.io.ReportManager&amp#27;[m : File Action "DoesFileExist" successfully performed. With the following test data "File Path: "SteeringCompanyAPI_TestData/SteeringCompanyAPI_TestData.xlsx"".
2023-02-07 10:56:08.458 &amp#27;[32m INFO&amp#27;[m &amp#27;[35m[@503 - main]&amp#27;[m &amp#27;[36mcom.shaft.tools.io.ReportManager&amp#27;[m : Successfully created attachment "Test Data - Excel"
2023-02-07 10:56:09.442 &amp#27;[32m INFO&amp#27;[m &amp#27;[35m[@503 - main]&amp#27;[m &amp#27;[36mcom.shaft.tools.io.ReportManager&amp#27;[m : Response status code: "200", status line: "HTTP/1.1 200 OK"
2023-02-07 10:56:09.469 &amp#27;[32m INFO&amp#27;[m &amp#27;[35m[@503 - main]&amp#27;[m &amp#27;[36mcom.shaft.tools.io.ReportManager&amp#27;[m : Successfully created attachment "API Request - Specifications"
2023-02-07 10:56:09.470 &amp#27;[32m INFO&amp#27;[m &amp#27;[35m[@503 - main]&amp#27;[m &amp#27;[36mcom.shaft.tools.io.ReportManager&amp#27;[m : Successfully created attachment "API Request - Body"
2023-02-07 10:56:09.471 &amp#27;[32m INFO&amp#27;[m &amp#27;[35m[@503 - main]&amp#27;[m &amp#27;[36mcom.shaft.tools.io.ReportManager&amp#27;[m : Successfully created attachment "API Response - JSON Body"
2023-02-07 10:56:09.484 &amp#27;[32m INFO&amp#27;[m &amp#27;[35m[@503 - main]&amp#27;[m &amp#27;[36mcom.shaft.tools.io.ReportManager&amp#27;[m : File Action "DoesFileExist" successfully performed. With the following test data "File Path: "SteeringCompanyAPI_TestData/SteeringCompanyAPI_TestData.xlsx"".
2023-02-07 10:56:09.520 &amp#27;[32m INFO&amp#27;[m &amp#27;[35m[@503 - main]&amp#27;[m &amp#27;[36mcom.shaft.tools.io.ReportManager&amp#27;[m : Successfully created attachment "Test Data - Excel"
2023-02-07 10:56:10.082 &amp#27;[32m INFO&amp#27;[m &amp#27;[35m[@503 - main]&amp#27;[m &amp#27;[36mcom.shaft.tools.io.ReportManager&amp#27;[m : Response status code: "200", status line: "HTTP/1.1 200 "
2023-02-07 10:56:10.108 &amp#27;[32m INFO&amp#27;[m &amp#27;[35m[@503 - main]&amp#27;[m &amp#27;[36mcom.shaft.tools.io.ReportManager&amp#27;[m : Successfully created attachment "API Request - Specifications"
2023-02-07 10:56:10.110 &amp#27;[32m INFO&amp#27;[m &amp#27;[35m[@503 - main]&amp#27;[m &amp#27;[36mcom.shaft.tools.io.ReportManager&amp#27;[m : Successfully created attachment "API Response - JSON Body"
2023-02-07 10:56:10.113 &amp#27;[32m INFO&amp#27;[m &amp#27;[35m[@503 - main]&amp#27;[m &amp#27;[36mcom.shaft.tools.io.ReportManager&amp#27;[m : Get response jsonvalue "content".
2023-02-07 10:56:10.114 &amp#27;[32m INFO&amp#27;[m &amp#27;[35m[@503 - main]&amp#27;[m &amp#27;[36mcom.shaft.tools.io.ReportManager&amp#27;[m : File Action "DoesFileExist" successfully performed. With the following test data "File Path: "Schemas/CreationalPeriods_schema.json"".
2023-02-07 10:56:10.115 &amp#27;[32m INFO&amp#27;[m &amp#27;[35m[@503 - main]&amp#27;[m &amp#27;[36mcom.shaft.tools.io.ReportManager&amp#27;[m : File Action "DoesFileExist" successfully performed. With the following test data "File Path: "src/test/resources/testDataFiles/Schemas/CreationalPeriods_schema.json"".
2023-02-07 10:56:10.115 &amp#27;[32m INFO&amp#27;[m &amp#27;[35m[@503 - main]&amp#27;[m &amp#27;[36mcom.shaft.tools.io.ReportManager&amp#27;[m : File Action "GetAbsolutePath" successfully performed. With the following test data "Relative Folder Path: "src/test/resources/testDataFiles/Schemas/CreationalPeriods_schema.json"".
2023-02-07 10:56:10.122 &amp#27;[32m INFO&amp#27;[m &amp#27;[35m[@503 - main]&amp#27;[m &amp#27;[36mcom.shaft.tools.io.ReportManager&amp#27;[m : File Action "DoesFileExist" successfully performed. With the following test data "File Path: "C:\eclipse-workspace\MyProjects\TASystemsAPIs\src\test\resources\testDataFiles\Schemas\CreationalPeriods_schema.json"".
2023-02-07 10:56:10.123 &amp#27;[32m INFO&amp#27;[m &amp#27;[35m[@503 - main]&amp#27;[m &amp#27;[36mcom.shaft.tools.io.ReportManager&amp#27;[m : File Action "GetAbsolutePath" successfully performed. With the following test data "Relative Folder Path: "C:\eclipse-workspace\MyProjects\TASystemsAPIs\src\test\resources\testDataFiles\Schemas\CreationalPeriods_schema.json"".
2023-02-07 10:56:10.124 &amp#27;[32m INFO&amp#27;[m &amp#27;[35m[@503 - main]&amp#27;[m &amp#27;[36mcom.shaft.tools.io.ReportManager&amp#27;[m : File Action "ReadFile" successfully performed. With the following test data "File Path: "C:\eclipse-workspace\MyProjects\TASystemsAPIs\src\test\resources\testDataFiles\Schemas\CreationalPeriods_schema.json"".
2023-02-07 10:56:10.127 &amp#27;[32m INFO&amp#27;[m &amp#27;[35m[@503 - main]&amp#27;[m &amp#27;[36mcom.shaft.tools.io.ReportManager&amp#27;[m : Successfully created attachment "Validation Test Data - Expected JSON Value"
2023-02-07 10:56:10.130 &amp#27;[32m INFO&amp#27;[m &amp#27;[35m[@503 - main]&amp#27;[m &amp#27;[36mcom.shaft.tools.io.ReportManager&amp#27;[m : Successfully created attachment "Validation Test Data - Actual JSON Value"
2023-02-07 10:56:10.132 &amp#27;[32m INFO&amp#27;[m &amp#27;[35m[@503 - main]&amp#27;[m &amp#27;[36mcom.shaft.tools.io.ReportManager&amp#27;[m : Successfully created attachment "SHAFT Engine Logs - Current Method log: Get_Valid_all_CreationalPeriod_Rq_TC"
]]></system-out>
  </testcase>
  <testcase name="Get_Valid_all_CreationalPeriod_by_Qry_Rq_TC[[Ljava.lang.Object;@776147b4](1)" classname="SteeringCompanyAPI_TestCases.Test_CreationalPeriod_Cases" time="1.922">
    <system-out><![CDATA[2023-02-07 10:56:10.143 &amp#27;[32m INFO&amp#27;[m &amp#27;[35m[@534 - main]&amp#27;[m &amp#27;[36mcom.shaft.tools.io.ReportManager&amp#27;[m : 
################################################################################################################################################
Starting Execution:	"65 out of 107" test cases in the current suite
Test Method:		"SteeringCompanyAPI_TestCases.Test_CreationalPeriod_Cases.Get_Valid_all_CreationalPeriod_by_Qry_Rq_TC"
Test Description:	"TC002  -CreationalPeriod-   Perform Get all CreationalPeriod API with pagination with valid user name and password"
################################################################################################################################################
2023-02-07 10:56:10.144 &amp#27;[32m INFO&amp#27;[m &amp#27;[35m[@503 - main]&amp#27;[m &amp#27;[36mcom.shaft.tools.io.ReportManager&amp#27;[m : File Action "DoesFileExist" successfully performed. With the following test data "File Path: "SteeringCompanyAPI_TestData/SteeringCompanyAPI_TestData.xlsx"".
2023-02-07 10:56:10.170 &amp#27;[32m INFO&amp#27;[m &amp#27;[35m[@503 - main]&amp#27;[m &amp#27;[36mcom.shaft.tools.io.ReportManager&amp#27;[m : Successfully created attachment "Test Data - Excel"
2023-02-07 10:56:11.156 &amp#27;[32m INFO&amp#27;[m &amp#27;[35m[@503 - main]&amp#27;[m &amp#27;[36mcom.shaft.tools.io.ReportManager&amp#27;[m : Response status code: "200", status line: "HTTP/1.1 200 OK"
2023-02-07 10:56:11.178 &amp#27;[32m INFO&amp#27;[m &amp#27;[35m[@503 - main]&amp#27;[m &amp#27;[36mcom.shaft.tools.io.ReportManager&amp#27;[m : Successfully created attachment "API Request - Specifications"
2023-02-07 10:56:11.179 &amp#27;[32m INFO&amp#27;[m &amp#27;[35m[@503 - main]&amp#27;[m &amp#27;[36mcom.shaft.tools.io.ReportManager&amp#27;[m : Successfully created attachment "API Request - Body"
2023-02-07 10:56:11.181 &amp#27;[32m INFO&amp#27;[m &amp#27;[35m[@503 - main]&amp#27;[m &amp#27;[36mcom.shaft.tools.io.ReportManager&amp#27;[m : Successfully created attachment "API Response - JSON Body"
2023-02-07 10:56:11.200 &amp#27;[32m INFO&amp#27;[m &amp#27;[35m[@503 - main]&amp#27;[m &amp#27;[36mcom.shaft.tools.io.ReportManager&amp#27;[m : File Action "DoesFileExist" successfully performed. With the following test data "File Path: "SteeringCompanyAPI_TestData/SteeringCompanyAPI_TestData.xlsx"".
2023-02-07 10:56:11.257 &amp#27;[32m INFO&amp#27;[m &amp#27;[35m[@503 - main]&amp#27;[m &amp#27;[36mcom.shaft.tools.io.ReportManager&amp#27;[m : Successfully created attachment "Test Data - Excel"
2023-02-07 10:56:12.016 &amp#27;[32m INFO&amp#27;[m &amp#27;[35m[@503 - main]&amp#27;[m &amp#27;[36mcom.shaft.tools.io.ReportManager&amp#27;[m : Response status code: "200", status line: "HTTP/1.1 200 "
2023-02-07 10:56:12.038 &amp#27;[32m INFO&amp#27;[m &amp#27;[35m[@503 - main]&amp#27;[m &amp#27;[36mcom.shaft.tools.io.ReportManager&amp#27;[m : Successfully created attachment "API Request - Specifications"
2023-02-07 10:56:12.039 &amp#27;[32m INFO&amp#27;[m &amp#27;[35m[@503 - main]&amp#27;[m &amp#27;[36mcom.shaft.tools.io.ReportManager&amp#27;[m : Successfully created attachment "API Response - JSON Body"
2023-02-07 10:56:12.041 &amp#27;[32m INFO&amp#27;[m &amp#27;[35m[@503 - main]&amp#27;[m &amp#27;[36mcom.shaft.tools.io.ReportManager&amp#27;[m : Get response jsonvalue "content".
2023-02-07 10:56:12.042 &amp#27;[32m INFO&amp#27;[m &amp#27;[35m[@503 - main]&amp#27;[m &amp#27;[36mcom.shaft.tools.io.ReportManager&amp#27;[m : File Action "DoesFileExist" successfully performed. With the following test data "File Path: "Schemas/CreationalPeriods_schema.json"".
2023-02-07 10:56:12.043 &amp#27;[32m INFO&amp#27;[m &amp#27;[35m[@503 - main]&amp#27;[m &amp#27;[36mcom.shaft.tools.io.ReportManager&amp#27;[m : File Action "DoesFileExist" successfully performed. With the following test data "File Path: "src/test/resources/testDataFiles/Schemas/CreationalPeriods_schema.json"".
2023-02-07 10:56:12.043 &amp#27;[32m INFO&amp#27;[m &amp#27;[35m[@503 - main]&amp#27;[m &amp#27;[36mcom.shaft.tools.io.ReportManager&amp#27;[m : File Action "GetAbsolutePath" successfully performed. With the following test data "Relative Folder Path: "src/test/resources/testDataFiles/Schemas/CreationalPeriods_schema.json"".
2023-02-07 10:56:12.049 &amp#27;[32m INFO&amp#27;[m &amp#27;[35m[@503 - main]&amp#27;[m &amp#27;[36mcom.shaft.tools.io.ReportManager&amp#27;[m : File Action "DoesFileExist" successfully performed. With the following test data "File Path: "C:\eclipse-workspace\MyProjects\TASystemsAPIs\src\test\resources\testDataFiles\Schemas\CreationalPeriods_schema.json"".
2023-02-07 10:56:12.049 &amp#27;[32m INFO&amp#27;[m &amp#27;[35m[@503 - main]&amp#27;[m &amp#27;[36mcom.shaft.tools.io.ReportManager&amp#27;[m : File Action "GetAbsolutePath" successfully performed. With the following test data "Relative Folder Path: "C:\eclipse-workspace\MyProjects\TASystemsAPIs\src\test\resources\testDataFiles\Schemas\CreationalPeriods_schema.json"".
2023-02-07 10:56:12.050 &amp#27;[32m INFO&amp#27;[m &amp#27;[35m[@503 - main]&amp#27;[m &amp#27;[36mcom.shaft.tools.io.ReportManager&amp#27;[m : File Action "ReadFile" successfully performed. With the following test data "File Path: "C:\eclipse-workspace\MyProjects\TASystemsAPIs\src\test\resources\testDataFiles\Schemas\CreationalPeriods_schema.json"".
2023-02-07 10:56:12.054 &amp#27;[32m INFO&amp#27;[m &amp#27;[35m[@503 - main]&amp#27;[m &amp#27;[36mcom.shaft.tools.io.ReportManager&amp#27;[m : Successfully created attachment "Validation Test Data - Expected JSON Value"
2023-02-07 10:56:12.056 &amp#27;[32m INFO&amp#27;[m &amp#27;[35m[@503 - main]&amp#27;[m &amp#27;[36mcom.shaft.tools.io.ReportManager&amp#27;[m : Successfully created attachment "Validation Test Data - Actual JSON Value"
2023-02-07 10:56:12.058 &amp#27;[32m INFO&amp#27;[m &amp#27;[35m[@503 - main]&amp#27;[m &amp#27;[36mcom.shaft.tools.io.ReportManager&amp#27;[m : Successfully created attachment "SHAFT Engine Logs - Current Method log: Get_Valid_all_CreationalPeriod_by_Qry_Rq_TC"
]]></system-out>
  </testcase>
  <testcase name="Get_Valid_all_CreationalPeriod_by_Qry_Rq_TC[[Ljava.lang.Object;@4d9aaed2](2)" classname="SteeringCompanyAPI_TestCases.Test_CreationalPeriod_Cases" time="3.527">
    <system-out><![CDATA[2023-02-07 10:56:12.064 &amp#27;[32m INFO&amp#27;[m &amp#27;[35m[@534 - main]&amp#27;[m &amp#27;[36mcom.shaft.tools.io.ReportManager&amp#27;[m : 
################################################################################################################################################
Starting Execution:	"66 out of 107" test cases in the current suite
Test Method:		"SteeringCompanyAPI_TestCases.Test_CreationalPeriod_Cases.Get_Valid_all_CreationalPeriod_by_Qry_Rq_TC"
Test Description:	"TC002  -CreationalPeriod-   Perform Get all CreationalPeriod API with pagination with valid user name and password"
################################################################################################################################################
2023-02-07 10:56:12.065 &amp#27;[32m INFO&amp#27;[m &amp#27;[35m[@503 - main]&amp#27;[m &amp#27;[36mcom.shaft.tools.io.ReportManager&amp#27;[m : File Action "DoesFileExist" successfully performed. With the following test data "File Path: "SteeringCompanyAPI_TestData/SteeringCompanyAPI_TestData.xlsx"".
2023-02-07 10:56:12.114 &amp#27;[32m INFO&amp#27;[m &amp#27;[35m[@503 - main]&amp#27;[m &amp#27;[36mcom.shaft.tools.io.ReportManager&amp#27;[m : Successfully created attachment "Test Data - Excel"
2023-02-07 10:56:13.814 &amp#27;[32m INFO&amp#27;[m &amp#27;[35m[@503 - main]&amp#27;[m &amp#27;[36mcom.shaft.tools.io.ReportManager&amp#27;[m : Response status code: "200", status line: "HTTP/1.1 200 OK"
2023-02-07 10:56:13.831 &amp#27;[32m INFO&amp#27;[m &amp#27;[35m[@503 - main]&amp#27;[m &amp#27;[36mcom.shaft.tools.io.ReportManager&amp#27;[m : Successfully created attachment "API Request - Specifications"
2023-02-07 10:56:13.832 &amp#27;[32m INFO&amp#27;[m &amp#27;[35m[@503 - main]&amp#27;[m &amp#27;[36mcom.shaft.tools.io.ReportManager&amp#27;[m : Successfully created attachment "API Request - Body"
2023-02-07 10:56:13.833 &amp#27;[32m INFO&amp#27;[m &amp#27;[35m[@503 - main]&amp#27;[m &amp#27;[36mcom.shaft.tools.io.ReportManager&amp#27;[m : Successfully created attachment "API Response - JSON Body"
2023-02-07 10:56:13.846 &amp#27;[32m INFO&amp#27;[m &amp#27;[35m[@503 - main]&amp#27;[m &amp#27;[36mcom.shaft.tools.io.ReportManager&amp#27;[m : File Action "DoesFileExist" successfully performed. With the following test data "File Path: "SteeringCompanyAPI_TestData/SteeringCompanyAPI_TestData.xlsx"".
2023-02-07 10:56:13.891 &amp#27;[32m INFO&amp#27;[m &amp#27;[35m[@503 - main]&amp#27;[m &amp#27;[36mcom.shaft.tools.io.ReportManager&amp#27;[m : Successfully created attachment "Test Data - Excel"
2023-02-07 10:56:15.536 &amp#27;[32m INFO&amp#27;[m &amp#27;[35m[@503 - main]&amp#27;[m &amp#27;[36mcom.shaft.tools.io.ReportManager&amp#27;[m : Response status code: "200", status line: "HTTP/1.1 200 "
2023-02-07 10:56:15.568 &amp#27;[32m INFO&amp#27;[m &amp#27;[35m[@503 - main]&amp#27;[m &amp#27;[36mcom.shaft.tools.io.ReportManager&amp#27;[m : Successfully created attachment "API Request - Specifications"
2023-02-07 10:56:15.570 &amp#27;[32m INFO&amp#27;[m &amp#27;[35m[@503 - main]&amp#27;[m &amp#27;[36mcom.shaft.tools.io.ReportManager&amp#27;[m : Successfully created attachment "API Response - JSON Body"
2023-02-07 10:56:15.573 &amp#27;[32m INFO&amp#27;[m &amp#27;[35m[@503 - main]&amp#27;[m &amp#27;[36mcom.shaft.tools.io.ReportManager&amp#27;[m : Get response jsonvalue "content".
2023-02-07 10:56:15.574 &amp#27;[32m INFO&amp#27;[m &amp#27;[35m[@503 - main]&amp#27;[m &amp#27;[36mcom.shaft.tools.io.ReportManager&amp#27;[m : File Action "DoesFileExist" successfully performed. With the following test data "File Path: "Schemas/CreationalPeriods_schema.json"".
2023-02-07 10:56:15.575 &amp#27;[32m INFO&amp#27;[m &amp#27;[35m[@503 - main]&amp#27;[m &amp#27;[36mcom.shaft.tools.io.ReportManager&amp#27;[m : File Action "DoesFileExist" successfully performed. With the following test data "File Path: "src/test/resources/testDataFiles/Schemas/CreationalPeriods_schema.json"".
2023-02-07 10:56:15.575 &amp#27;[32m INFO&amp#27;[m &amp#27;[35m[@503 - main]&amp#27;[m &amp#27;[36mcom.shaft.tools.io.ReportManager&amp#27;[m : File Action "GetAbsolutePath" successfully performed. With the following test data "Relative Folder Path: "src/test/resources/testDataFiles/Schemas/CreationalPeriods_schema.json"".
2023-02-07 10:56:15.582 &amp#27;[32m INFO&amp#27;[m &amp#27;[35m[@503 - main]&amp#27;[m &amp#27;[36mcom.shaft.tools.io.ReportManager&amp#27;[m : File Action "DoesFileExist" successfully performed. With the following test data "File Path: "C:\eclipse-workspace\MyProjects\TASystemsAPIs\src\test\resources\testDataFiles\Schemas\CreationalPeriods_schema.json"".
2023-02-07 10:56:15.583 &amp#27;[32m INFO&amp#27;[m &amp#27;[35m[@503 - main]&amp#27;[m &amp#27;[36mcom.shaft.tools.io.ReportManager&amp#27;[m : File Action "GetAbsolutePath" successfully performed. With the following test data "Relative Folder Path: "C:\eclipse-workspace\MyProjects\TASystemsAPIs\src\test\resources\testDataFiles\Schemas\CreationalPeriods_schema.json"".
2023-02-07 10:56:15.584 &amp#27;[32m INFO&amp#27;[m &amp#27;[35m[@503 - main]&amp#27;[m &amp#27;[36mcom.shaft.tools.io.ReportManager&amp#27;[m : File Action "ReadFile" successfully performed. With the following test data "File Path: "C:\eclipse-workspace\MyProjects\TASystemsAPIs\src\test\resources\testDataFiles\Schemas\CreationalPeriods_schema.json"".
2023-02-07 10:56:15.587 &amp#27;[32m INFO&amp#27;[m &amp#27;[35m[@503 - main]&amp#27;[m &amp#27;[36mcom.shaft.tools.io.ReportManager&amp#27;[m : Successfully created attachment "Validation Test Data - Expected JSON Value"
2023-02-07 10:56:15.588 &amp#27;[32m INFO&amp#27;[m &amp#27;[35m[@503 - main]&amp#27;[m &amp#27;[36mcom.shaft.tools.io.ReportManager&amp#27;[m : Successfully created attachment "Validation Test Data - Actual JSON Value"
2023-02-07 10:56:15.589 &amp#27;[32m INFO&amp#27;[m &amp#27;[35m[@503 - main]&amp#27;[m &amp#27;[36mcom.shaft.tools.io.ReportManager&amp#27;[m : Successfully created attachment "SHAFT Engine Logs - Current Method log: Get_Valid_all_CreationalPeriod_by_Qry_Rq_TC"
]]></system-out>
  </testcase>
  <testcase name="Get_Valid_all_CreationalPeriod_by_Qry_Rq_TC[[Ljava.lang.Object;@350d587](3)" classname="SteeringCompanyAPI_TestCases.Test_CreationalPeriod_Cases" time="1.406">
    <system-out><![CDATA[2023-02-07 10:56:15.592 &amp#27;[32m INFO&amp#27;[m &amp#27;[35m[@534 - main]&amp#27;[m &amp#27;[36mcom.shaft.tools.io.ReportManager&amp#27;[m : 
################################################################################################################################################
Starting Execution:	"67 out of 107" test cases in the current suite
Test Method:		"SteeringCompanyAPI_TestCases.Test_CreationalPeriod_Cases.Get_Valid_all_CreationalPeriod_by_Qry_Rq_TC"
Test Description:	"TC002  -CreationalPeriod-   Perform Get all CreationalPeriod API with pagination with valid user name and password"
################################################################################################################################################
2023-02-07 10:56:15.592 &amp#27;[32m INFO&amp#27;[m &amp#27;[35m[@503 - main]&amp#27;[m &amp#27;[36mcom.shaft.tools.io.ReportManager&amp#27;[m : File Action "DoesFileExist" successfully performed. With the following test data "File Path: "SteeringCompanyAPI_TestData/SteeringCompanyAPI_TestData.xlsx"".
2023-02-07 10:56:15.634 &amp#27;[32m INFO&amp#27;[m &amp#27;[35m[@503 - main]&amp#27;[m &amp#27;[36mcom.shaft.tools.io.ReportManager&amp#27;[m : Successfully created attachment "Test Data - Excel"
2023-02-07 10:56:16.281 &amp#27;[32m INFO&amp#27;[m &amp#27;[35m[@503 - main]&amp#27;[m &amp#27;[36mcom.shaft.tools.io.ReportManager&amp#27;[m : Response status code: "200", status line: "HTTP/1.1 200 OK"
2023-02-07 10:56:16.303 &amp#27;[32m INFO&amp#27;[m &amp#27;[35m[@503 - main]&amp#27;[m &amp#27;[36mcom.shaft.tools.io.ReportManager&amp#27;[m : Successfully created attachment "API Request - Specifications"
2023-02-07 10:56:16.304 &amp#27;[32m INFO&amp#27;[m &amp#27;[35m[@503 - main]&amp#27;[m &amp#27;[36mcom.shaft.tools.io.ReportManager&amp#27;[m : Successfully created attachment "API Request - Body"
2023-02-07 10:56:16.306 &amp#27;[32m INFO&amp#27;[m &amp#27;[35m[@503 - main]&amp#27;[m &amp#27;[36mcom.shaft.tools.io.ReportManager&amp#27;[m : Successfully created attachment "API Response - JSON Body"
2023-02-07 10:56:16.323 &amp#27;[32m INFO&amp#27;[m &amp#27;[35m[@503 - main]&amp#27;[m &amp#27;[36mcom.shaft.tools.io.ReportManager&amp#27;[m : File Action "DoesFileExist" successfully performed. With the following test data "File Path: "SteeringCompanyAPI_TestData/SteeringCompanyAPI_TestData.xlsx"".
2023-02-07 10:56:16.381 &amp#27;[32m INFO&amp#27;[m &amp#27;[35m[@503 - main]&amp#27;[m &amp#27;[36mcom.shaft.tools.io.ReportManager&amp#27;[m : Successfully created attachment "Test Data - Excel"
2023-02-07 10:56:16.942 &amp#27;[32m INFO&amp#27;[m &amp#27;[35m[@503 - main]&amp#27;[m &amp#27;[36mcom.shaft.tools.io.ReportManager&amp#27;[m : Response status code: "200", status line: "HTTP/1.1 200 "
2023-02-07 10:56:16.973 &amp#27;[32m INFO&amp#27;[m &amp#27;[35m[@503 - main]&amp#27;[m &amp#27;[36mcom.shaft.tools.io.ReportManager&amp#27;[m : Successfully created attachment "API Request - Specifications"
2023-02-07 10:56:16.975 &amp#27;[32m INFO&amp#27;[m &amp#27;[35m[@503 - main]&amp#27;[m &amp#27;[36mcom.shaft.tools.io.ReportManager&amp#27;[m : Successfully created attachment "API Response - JSON Body"
2023-02-07 10:56:16.977 &amp#27;[32m INFO&amp#27;[m &amp#27;[35m[@503 - main]&amp#27;[m &amp#27;[36mcom.shaft.tools.io.ReportManager&amp#27;[m : Get response jsonvalue "content".
2023-02-07 10:56:16.978 &amp#27;[32m INFO&amp#27;[m &amp#27;[35m[@503 - main]&amp#27;[m &amp#27;[36mcom.shaft.tools.io.ReportManager&amp#27;[m : File Action "DoesFileExist" successfully performed. With the following test data "File Path: "Schemas/CreationalPeriods_schema.json"".
2023-02-07 10:56:16.978 &amp#27;[32m INFO&amp#27;[m &amp#27;[35m[@503 - main]&amp#27;[m &amp#27;[36mcom.shaft.tools.io.ReportManager&amp#27;[m : File Action "DoesFileExist" successfully performed. With the following test data "File Path: "src/test/resources/testDataFiles/Schemas/CreationalPeriods_schema.json"".
2023-02-07 10:56:16.979 &amp#27;[32m INFO&amp#27;[m &amp#27;[35m[@503 - main]&amp#27;[m &amp#27;[36mcom.shaft.tools.io.ReportManager&amp#27;[m : File Action "GetAbsolutePath" successfully performed. With the following test data "Relative Folder Path: "src/test/resources/testDataFiles/Schemas/CreationalPeriods_schema.json"".
2023-02-07 10:56:16.987 &amp#27;[32m INFO&amp#27;[m &amp#27;[35m[@503 - main]&amp#27;[m &amp#27;[36mcom.shaft.tools.io.ReportManager&amp#27;[m : File Action "DoesFileExist" successfully performed. With the following test data "File Path: "C:\eclipse-workspace\MyProjects\TASystemsAPIs\src\test\resources\testDataFiles\Schemas\CreationalPeriods_schema.json"".
2023-02-07 10:56:16.988 &amp#27;[32m INFO&amp#27;[m &amp#27;[35m[@503 - main]&amp#27;[m &amp#27;[36mcom.shaft.tools.io.ReportManager&amp#27;[m : File Action "GetAbsolutePath" successfully performed. With the following test data "Relative Folder Path: "C:\eclipse-workspace\MyProjects\TASystemsAPIs\src\test\resources\testDataFiles\Schemas\CreationalPeriods_schema.json"".
2023-02-07 10:56:16.988 &amp#27;[32m INFO&amp#27;[m &amp#27;[35m[@503 - main]&amp#27;[m &amp#27;[36mcom.shaft.tools.io.ReportManager&amp#27;[m : File Action "ReadFile" successfully performed. With the following test data "File Path: "C:\eclipse-workspace\MyProjects\TASystemsAPIs\src\test\resources\testDataFiles\Schemas\CreationalPeriods_schema.json"".
2023-02-07 10:56:16.989 &amp#27;[32m INFO&amp#27;[m &amp#27;[35m[@503 - main]&amp#27;[m &amp#27;[36mcom.shaft.tools.io.ReportManager&amp#27;[m : Successfully created attachment "Validation Test Data - Expected JSON Value"
2023-02-07 10:56:16.990 &amp#27;[32m INFO&amp#27;[m &amp#27;[35m[@503 - main]&amp#27;[m &amp#27;[36mcom.shaft.tools.io.ReportManager&amp#27;[m : Successfully created attachment "Validation Test Data - Actual JSON Value"
2023-02-07 10:56:16.993 &amp#27;[32m INFO&amp#27;[m &amp#27;[35m[@503 - main]&amp#27;[m &amp#27;[36mcom.shaft.tools.io.ReportManager&amp#27;[m : Successfully created attachment "SHAFT Engine Logs - Current Method log: Get_Valid_all_CreationalPeriod_by_Qry_Rq_TC"
]]></system-out>
  </testcase>
  <testcase name="Get_Valid_all_CreationalPeriod_by_Qry_Rq_TC[[Ljava.lang.Object;@1d5e1982](4)" classname="SteeringCompanyAPI_TestCases.Test_CreationalPeriod_Cases" time="1.378">
    <system-out><![CDATA[2023-02-07 10:56:16.998 &amp#27;[32m INFO&amp#27;[m &amp#27;[35m[@534 - main]&amp#27;[m &amp#27;[36mcom.shaft.tools.io.ReportManager&amp#27;[m : 
################################################################################################################################################
Starting Execution:	"68 out of 107" test cases in the current suite
Test Method:		"SteeringCompanyAPI_TestCases.Test_CreationalPeriod_Cases.Get_Valid_all_CreationalPeriod_by_Qry_Rq_TC"
Test Description:	"TC002  -CreationalPeriod-   Perform Get all CreationalPeriod API with pagination with valid user name and password"
################################################################################################################################################
2023-02-07 10:56:16.999 &amp#27;[32m INFO&amp#27;[m &amp#27;[35m[@503 - main]&amp#27;[m &amp#27;[36mcom.shaft.tools.io.ReportManager&amp#27;[m : File Action "DoesFileExist" successfully performed. With the following test data "File Path: "SteeringCompanyAPI_TestData/SteeringCompanyAPI_TestData.xlsx"".
2023-02-07 10:56:17.031 &amp#27;[32m INFO&amp#27;[m &amp#27;[35m[@503 - main]&amp#27;[m &amp#27;[36mcom.shaft.tools.io.ReportManager&amp#27;[m : Successfully created attachment "Test Data - Excel"
2023-02-07 10:56:17.676 &amp#27;[32m INFO&amp#27;[m &amp#27;[35m[@503 - main]&amp#27;[m &amp#27;[36mcom.shaft.tools.io.ReportManager&amp#27;[m : Response status code: "200", status line: "HTTP/1.1 200 OK"
2023-02-07 10:56:17.710 &amp#27;[32m INFO&amp#27;[m &amp#27;[35m[@503 - main]&amp#27;[m &amp#27;[36mcom.shaft.tools.io.ReportManager&amp#27;[m : Successfully created attachment "API Request - Specifications"
2023-02-07 10:56:17.714 &amp#27;[32m INFO&amp#27;[m &amp#27;[35m[@503 - main]&amp#27;[m &amp#27;[36mcom.shaft.tools.io.ReportManager&amp#27;[m : Successfully created attachment "API Request - Body"
2023-02-07 10:56:17.718 &amp#27;[32m INFO&amp#27;[m &amp#27;[35m[@503 - main]&amp#27;[m &amp#27;[36mcom.shaft.tools.io.ReportManager&amp#27;[m : Successfully created attachment "API Response - JSON Body"
2023-02-07 10:56:17.740 &amp#27;[32m INFO&amp#27;[m &amp#27;[35m[@503 - main]&amp#27;[m &amp#27;[36mcom.shaft.tools.io.ReportManager&amp#27;[m : File Action "DoesFileExist" successfully performed. With the following test data "File Path: "SteeringCompanyAPI_TestData/SteeringCompanyAPI_TestData.xlsx"".
2023-02-07 10:56:17.791 &amp#27;[32m INFO&amp#27;[m &amp#27;[35m[@503 - main]&amp#27;[m &amp#27;[36mcom.shaft.tools.io.ReportManager&amp#27;[m : Successfully created attachment "Test Data - Excel"
2023-02-07 10:56:18.333 &amp#27;[32m INFO&amp#27;[m &amp#27;[35m[@503 - main]&amp#27;[m &amp#27;[36mcom.shaft.tools.io.ReportManager&amp#27;[m : Response status code: "200", status line: "HTTP/1.1 200 "
2023-02-07 10:56:18.358 &amp#27;[32m INFO&amp#27;[m &amp#27;[35m[@503 - main]&amp#27;[m &amp#27;[36mcom.shaft.tools.io.ReportManager&amp#27;[m : Successfully created attachment "API Request - Specifications"
2023-02-07 10:56:18.360 &amp#27;[32m INFO&amp#27;[m &amp#27;[35m[@503 - main]&amp#27;[m &amp#27;[36mcom.shaft.tools.io.ReportManager&amp#27;[m : Successfully created attachment "API Response - JSON Body"
2023-02-07 10:56:18.362 &amp#27;[32m INFO&amp#27;[m &amp#27;[35m[@503 - main]&amp#27;[m &amp#27;[36mcom.shaft.tools.io.ReportManager&amp#27;[m : Get response jsonvalue "content".
2023-02-07 10:56:18.362 &amp#27;[32m INFO&amp#27;[m &amp#27;[35m[@503 - main]&amp#27;[m &amp#27;[36mcom.shaft.tools.io.ReportManager&amp#27;[m : File Action "DoesFileExist" successfully performed. With the following test data "File Path: "Schemas/CreationalPeriods_schema.json"".
2023-02-07 10:56:18.363 &amp#27;[32m INFO&amp#27;[m &amp#27;[35m[@503 - main]&amp#27;[m &amp#27;[36mcom.shaft.tools.io.ReportManager&amp#27;[m : File Action "DoesFileExist" successfully performed. With the following test data "File Path: "src/test/resources/testDataFiles/Schemas/CreationalPeriods_schema.json"".
2023-02-07 10:56:18.363 &amp#27;[32m INFO&amp#27;[m &amp#27;[35m[@503 - main]&amp#27;[m &amp#27;[36mcom.shaft.tools.io.ReportManager&amp#27;[m : File Action "GetAbsolutePath" successfully performed. With the following test data "Relative Folder Path: "src/test/resources/testDataFiles/Schemas/CreationalPeriods_schema.json"".
2023-02-07 10:56:18.367 &amp#27;[32m INFO&amp#27;[m &amp#27;[35m[@503 - main]&amp#27;[m &amp#27;[36mcom.shaft.tools.io.ReportManager&amp#27;[m : File Action "DoesFileExist" successfully performed. With the following test data "File Path: "C:\eclipse-workspace\MyProjects\TASystemsAPIs\src\test\resources\testDataFiles\Schemas\CreationalPeriods_schema.json"".
2023-02-07 10:56:18.368 &amp#27;[32m INFO&amp#27;[m &amp#27;[35m[@503 - main]&amp#27;[m &amp#27;[36mcom.shaft.tools.io.ReportManager&amp#27;[m : File Action "GetAbsolutePath" successfully performed. With the following test data "Relative Folder Path: "C:\eclipse-workspace\MyProjects\TASystemsAPIs\src\test\resources\testDataFiles\Schemas\CreationalPeriods_schema.json"".
2023-02-07 10:56:18.368 &amp#27;[32m INFO&amp#27;[m &amp#27;[35m[@503 - main]&amp#27;[m &amp#27;[36mcom.shaft.tools.io.ReportManager&amp#27;[m : File Action "ReadFile" successfully performed. With the following test data "File Path: "C:\eclipse-workspace\MyProjects\TASystemsAPIs\src\test\resources\testDataFiles\Schemas\CreationalPeriods_schema.json"".
2023-02-07 10:56:18.370 &amp#27;[32m INFO&amp#27;[m &amp#27;[35m[@503 - main]&amp#27;[m &amp#27;[36mcom.shaft.tools.io.ReportManager&amp#27;[m : Successfully created attachment "Validation Test Data - Expected JSON Value"
2023-02-07 10:56:18.372 &amp#27;[32m INFO&amp#27;[m &amp#27;[35m[@503 - main]&amp#27;[m &amp#27;[36mcom.shaft.tools.io.ReportManager&amp#27;[m : Successfully created attachment "Validation Test Data - Actual JSON Value"
2023-02-07 10:56:18.372 &amp#27;[32m INFO&amp#27;[m &amp#27;[35m[@503 - main]&amp#27;[m &amp#27;[36mcom.shaft.tools.io.ReportManager&amp#27;[m : Successfully created attachment "SHAFT Engine Logs - Current Method log: Get_Valid_all_CreationalPeriod_by_Qry_Rq_TC"
]]></system-out>
  </testcase>
  <testcase name="Get_Valid_all_CreationalPeriod_by_Qry_Rq_TC[[Ljava.lang.Object;@4ea0babf](5)" classname="SteeringCompanyAPI_TestCases.Test_CreationalPeriod_Cases" time="1.397">
    <system-out><![CDATA[2023-02-07 10:56:18.375 &amp#27;[32m INFO&amp#27;[m &amp#27;[35m[@534 - main]&amp#27;[m &amp#27;[36mcom.shaft.tools.io.ReportManager&amp#27;[m : 
################################################################################################################################################
Starting Execution:	"69 out of 107" test cases in the current suite
Test Method:		"SteeringCompanyAPI_TestCases.Test_CreationalPeriod_Cases.Get_Valid_all_CreationalPeriod_by_Qry_Rq_TC"
Test Description:	"TC002  -CreationalPeriod-   Perform Get all CreationalPeriod API with pagination with valid user name and password"
################################################################################################################################################
2023-02-07 10:56:18.376 &amp#27;[32m INFO&amp#27;[m &amp#27;[35m[@503 - main]&amp#27;[m &amp#27;[36mcom.shaft.tools.io.ReportManager&amp#27;[m : File Action "DoesFileExist" successfully performed. With the following test data "File Path: "SteeringCompanyAPI_TestData/SteeringCompanyAPI_TestData.xlsx"".
2023-02-07 10:56:18.410 &amp#27;[32m INFO&amp#27;[m &amp#27;[35m[@503 - main]&amp#27;[m &amp#27;[36mcom.shaft.tools.io.ReportManager&amp#27;[m : Successfully created attachment "Test Data - Excel"
2023-02-07 10:56:19.024 &amp#27;[32m INFO&amp#27;[m &amp#27;[35m[@503 - main]&amp#27;[m &amp#27;[36mcom.shaft.tools.io.ReportManager&amp#27;[m : Response status code: "200", status line: "HTTP/1.1 200 OK"
2023-02-07 10:56:19.054 &amp#27;[32m INFO&amp#27;[m &amp#27;[35m[@503 - main]&amp#27;[m &amp#27;[36mcom.shaft.tools.io.ReportManager&amp#27;[m : Successfully created attachment "API Request - Specifications"
2023-02-07 10:56:19.055 &amp#27;[32m INFO&amp#27;[m &amp#27;[35m[@503 - main]&amp#27;[m &amp#27;[36mcom.shaft.tools.io.ReportManager&amp#27;[m : Successfully created attachment "API Request - Body"
2023-02-07 10:56:19.058 &amp#27;[32m INFO&amp#27;[m &amp#27;[35m[@503 - main]&amp#27;[m &amp#27;[36mcom.shaft.tools.io.ReportManager&amp#27;[m : Successfully created attachment "API Response - JSON Body"
2023-02-07 10:56:19.085 &amp#27;[32m INFO&amp#27;[m &amp#27;[35m[@503 - main]&amp#27;[m &amp#27;[36mcom.shaft.tools.io.ReportManager&amp#27;[m : File Action "DoesFileExist" successfully performed. With the following test data "File Path: "SteeringCompanyAPI_TestData/SteeringCompanyAPI_TestData.xlsx"".
2023-02-07 10:56:19.157 &amp#27;[32m INFO&amp#27;[m &amp#27;[35m[@503 - main]&amp#27;[m &amp#27;[36mcom.shaft.tools.io.ReportManager&amp#27;[m : Successfully created attachment "Test Data - Excel"
2023-02-07 10:56:19.705 &amp#27;[32m INFO&amp#27;[m &amp#27;[35m[@503 - main]&amp#27;[m &amp#27;[36mcom.shaft.tools.io.ReportManager&amp#27;[m : Response status code: "200", status line: "HTTP/1.1 200 "
2023-02-07 10:56:19.737 &amp#27;[32m INFO&amp#27;[m &amp#27;[35m[@503 - main]&amp#27;[m &amp#27;[36mcom.shaft.tools.io.ReportManager&amp#27;[m : Successfully created attachment "API Request - Specifications"
2023-02-07 10:56:19.739 &amp#27;[32m INFO&amp#27;[m &amp#27;[35m[@503 - main]&amp#27;[m &amp#27;[36mcom.shaft.tools.io.ReportManager&amp#27;[m : Successfully created attachment "API Response - JSON Body"
2023-02-07 10:56:19.742 &amp#27;[32m INFO&amp#27;[m &amp#27;[35m[@503 - main]&amp#27;[m &amp#27;[36mcom.shaft.tools.io.ReportManager&amp#27;[m : Get response jsonvalue "content".
2023-02-07 10:56:19.743 &amp#27;[32m INFO&amp#27;[m &amp#27;[35m[@503 - main]&amp#27;[m &amp#27;[36mcom.shaft.tools.io.ReportManager&amp#27;[m : File Action "DoesFileExist" successfully performed. With the following test data "File Path: "Schemas/CreationalPeriods_schema.json"".
2023-02-07 10:56:19.744 &amp#27;[32m INFO&amp#27;[m &amp#27;[35m[@503 - main]&amp#27;[m &amp#27;[36mcom.shaft.tools.io.ReportManager&amp#27;[m : File Action "DoesFileExist" successfully performed. With the following test data "File Path: "src/test/resources/testDataFiles/Schemas/CreationalPeriods_schema.json"".
2023-02-07 10:56:19.745 &amp#27;[32m INFO&amp#27;[m &amp#27;[35m[@503 - main]&amp#27;[m &amp#27;[36mcom.shaft.tools.io.ReportManager&amp#27;[m : File Action "GetAbsolutePath" successfully performed. With the following test data "Relative Folder Path: "src/test/resources/testDataFiles/Schemas/CreationalPeriods_schema.json"".
2023-02-07 10:56:19.755 &amp#27;[32m INFO&amp#27;[m &amp#27;[35m[@503 - main]&amp#27;[m &amp#27;[36mcom.shaft.tools.io.ReportManager&amp#27;[m : File Action "DoesFileExist" successfully performed. With the following test data "File Path: "C:\eclipse-workspace\MyProjects\TASystemsAPIs\src\test\resources\testDataFiles\Schemas\CreationalPeriods_schema.json"".
2023-02-07 10:56:19.756 &amp#27;[32m INFO&amp#27;[m &amp#27;[35m[@503 - main]&amp#27;[m &amp#27;[36mcom.shaft.tools.io.ReportManager&amp#27;[m : File Action "GetAbsolutePath" successfully performed. With the following test data "Relative Folder Path: "C:\eclipse-workspace\MyProjects\TASystemsAPIs\src\test\resources\testDataFiles\Schemas\CreationalPeriods_schema.json"".
2023-02-07 10:56:19.756 &amp#27;[32m INFO&amp#27;[m &amp#27;[35m[@503 - main]&amp#27;[m &amp#27;[36mcom.shaft.tools.io.ReportManager&amp#27;[m : File Action "ReadFile" successfully performed. With the following test data "File Path: "C:\eclipse-workspace\MyProjects\TASystemsAPIs\src\test\resources\testDataFiles\Schemas\CreationalPeriods_schema.json"".
2023-02-07 10:56:19.762 &amp#27;[32m INFO&amp#27;[m &amp#27;[35m[@503 - main]&amp#27;[m &amp#27;[36mcom.shaft.tools.io.ReportManager&amp#27;[m : Successfully created attachment "Validation Test Data - Expected JSON Value"
2023-02-07 10:56:19.767 &amp#27;[32m INFO&amp#27;[m &amp#27;[35m[@503 - main]&amp#27;[m &amp#27;[36mcom.shaft.tools.io.ReportManager&amp#27;[m : Successfully created attachment "Validation Test Data - Actual JSON Value"
2023-02-07 10:56:19.769 &amp#27;[32m INFO&amp#27;[m &amp#27;[35m[@503 - main]&amp#27;[m &amp#27;[36mcom.shaft.tools.io.ReportManager&amp#27;[m : Successfully created attachment "SHAFT Engine Logs - Current Method log: Get_Valid_all_CreationalPeriod_by_Qry_Rq_TC"
]]></system-out>
  </testcase>
  <testcase name="Get_Valid_all_CreationalPeriod_by_Qry_Rq_TC[[Ljava.lang.Object;@5c9cb149](6)" classname="SteeringCompanyAPI_TestCases.Test_CreationalPeriod_Cases" time="1.396">
    <system-out><![CDATA[2023-02-07 10:56:19.772 &amp#27;[32m INFO&amp#27;[m &amp#27;[35m[@534 - main]&amp#27;[m &amp#27;[36mcom.shaft.tools.io.ReportManager&amp#27;[m : 
################################################################################################################################################
Starting Execution:	"70 out of 107" test cases in the current suite
Test Method:		"SteeringCompanyAPI_TestCases.Test_CreationalPeriod_Cases.Get_Valid_all_CreationalPeriod_by_Qry_Rq_TC"
Test Description:	"TC002  -CreationalPeriod-   Perform Get all CreationalPeriod API with pagination with valid user name and password"
################################################################################################################################################
2023-02-07 10:56:19.772 &amp#27;[32m INFO&amp#27;[m &amp#27;[35m[@503 - main]&amp#27;[m &amp#27;[36mcom.shaft.tools.io.ReportManager&amp#27;[m : File Action "DoesFileExist" successfully performed. With the following test data "File Path: "SteeringCompanyAPI_TestData/SteeringCompanyAPI_TestData.xlsx"".
2023-02-07 10:56:19.814 &amp#27;[32m INFO&amp#27;[m &amp#27;[35m[@503 - main]&amp#27;[m &amp#27;[36mcom.shaft.tools.io.ReportManager&amp#27;[m : Successfully created attachment "Test Data - Excel"
2023-02-07 10:56:20.482 &amp#27;[32m INFO&amp#27;[m &amp#27;[35m[@503 - main]&amp#27;[m &amp#27;[36mcom.shaft.tools.io.ReportManager&amp#27;[m : Response status code: "200", status line: "HTTP/1.1 200 OK"
2023-02-07 10:56:20.508 &amp#27;[32m INFO&amp#27;[m &amp#27;[35m[@503 - main]&amp#27;[m &amp#27;[36mcom.shaft.tools.io.ReportManager&amp#27;[m : Successfully created attachment "API Request - Specifications"
2023-02-07 10:56:20.511 &amp#27;[32m INFO&amp#27;[m &amp#27;[35m[@503 - main]&amp#27;[m &amp#27;[36mcom.shaft.tools.io.ReportManager&amp#27;[m : Successfully created attachment "API Request - Body"
2023-02-07 10:56:20.516 &amp#27;[32m INFO&amp#27;[m &amp#27;[35m[@503 - main]&amp#27;[m &amp#27;[36mcom.shaft.tools.io.ReportManager&amp#27;[m : Successfully created attachment "API Response - JSON Body"
2023-02-07 10:56:20.539 &amp#27;[32m INFO&amp#27;[m &amp#27;[35m[@503 - main]&amp#27;[m &amp#27;[36mcom.shaft.tools.io.ReportManager&amp#27;[m : File Action "DoesFileExist" successfully performed. With the following test data "File Path: "SteeringCompanyAPI_TestData/SteeringCompanyAPI_TestData.xlsx"".
2023-02-07 10:56:20.594 &amp#27;[32m INFO&amp#27;[m &amp#27;[35m[@503 - main]&amp#27;[m &amp#27;[36mcom.shaft.tools.io.ReportManager&amp#27;[m : Successfully created attachment "Test Data - Excel"
2023-02-07 10:56:21.117 &amp#27;[32m INFO&amp#27;[m &amp#27;[35m[@503 - main]&amp#27;[m &amp#27;[36mcom.shaft.tools.io.ReportManager&amp#27;[m : Response status code: "200", status line: "HTTP/1.1 200 "
2023-02-07 10:56:21.143 &amp#27;[32m INFO&amp#27;[m &amp#27;[35m[@503 - main]&amp#27;[m &amp#27;[36mcom.shaft.tools.io.ReportManager&amp#27;[m : Successfully created attachment "API Request - Specifications"
2023-02-07 10:56:21.145 &amp#27;[32m INFO&amp#27;[m &amp#27;[35m[@503 - main]&amp#27;[m &amp#27;[36mcom.shaft.tools.io.ReportManager&amp#27;[m : Successfully created attachment "API Response - JSON Body"
2023-02-07 10:56:21.147 &amp#27;[32m INFO&amp#27;[m &amp#27;[35m[@503 - main]&amp#27;[m &amp#27;[36mcom.shaft.tools.io.ReportManager&amp#27;[m : Get response jsonvalue "content".
2023-02-07 10:56:21.148 &amp#27;[32m INFO&amp#27;[m &amp#27;[35m[@503 - main]&amp#27;[m &amp#27;[36mcom.shaft.tools.io.ReportManager&amp#27;[m : File Action "DoesFileExist" successfully performed. With the following test data "File Path: "Schemas/CreationalPeriods_schema.json"".
2023-02-07 10:56:21.149 &amp#27;[32m INFO&amp#27;[m &amp#27;[35m[@503 - main]&amp#27;[m &amp#27;[36mcom.shaft.tools.io.ReportManager&amp#27;[m : File Action "DoesFileExist" successfully performed. With the following test data "File Path: "src/test/resources/testDataFiles/Schemas/CreationalPeriods_schema.json"".
2023-02-07 10:56:21.149 &amp#27;[32m INFO&amp#27;[m &amp#27;[35m[@503 - main]&amp#27;[m &amp#27;[36mcom.shaft.tools.io.ReportManager&amp#27;[m : File Action "GetAbsolutePath" successfully performed. With the following test data "Relative Folder Path: "src/test/resources/testDataFiles/Schemas/CreationalPeriods_schema.json"".
2023-02-07 10:56:21.156 &amp#27;[32m INFO&amp#27;[m &amp#27;[35m[@503 - main]&amp#27;[m &amp#27;[36mcom.shaft.tools.io.ReportManager&amp#27;[m : File Action "DoesFileExist" successfully performed. With the following test data "File Path: "C:\eclipse-workspace\MyProjects\TASystemsAPIs\src\test\resources\testDataFiles\Schemas\CreationalPeriods_schema.json"".
2023-02-07 10:56:21.156 &amp#27;[32m INFO&amp#27;[m &amp#27;[35m[@503 - main]&amp#27;[m &amp#27;[36mcom.shaft.tools.io.ReportManager&amp#27;[m : File Action "GetAbsolutePath" successfully performed. With the following test data "Relative Folder Path: "C:\eclipse-workspace\MyProjects\TASystemsAPIs\src\test\resources\testDataFiles\Schemas\CreationalPeriods_schema.json"".
2023-02-07 10:56:21.157 &amp#27;[32m INFO&amp#27;[m &amp#27;[35m[@503 - main]&amp#27;[m &amp#27;[36mcom.shaft.tools.io.ReportManager&amp#27;[m : File Action "ReadFile" successfully performed. With the following test data "File Path: "C:\eclipse-workspace\MyProjects\TASystemsAPIs\src\test\resources\testDataFiles\Schemas\CreationalPeriods_schema.json"".
2023-02-07 10:56:21.160 &amp#27;[32m INFO&amp#27;[m &amp#27;[35m[@503 - main]&amp#27;[m &amp#27;[36mcom.shaft.tools.io.ReportManager&amp#27;[m : Successfully created attachment "Validation Test Data - Expected JSON Value"
2023-02-07 10:56:21.162 &amp#27;[32m INFO&amp#27;[m &amp#27;[35m[@503 - main]&amp#27;[m &amp#27;[36mcom.shaft.tools.io.ReportManager&amp#27;[m : Successfully created attachment "Validation Test Data - Actual JSON Value"
2023-02-07 10:56:21.164 &amp#27;[32m INFO&amp#27;[m &amp#27;[35m[@503 - main]&amp#27;[m &amp#27;[36mcom.shaft.tools.io.ReportManager&amp#27;[m : Successfully created attachment "SHAFT Engine Logs - Current Method log: Get_Valid_all_CreationalPeriod_by_Qry_Rq_TC"
]]></system-out>
  </testcase>
  <testcase name="Get_Valid_all_CreationalPeriod_by_Qry_Rq_TC[[Ljava.lang.Object;@5c5d7add](7)" classname="SteeringCompanyAPI_TestCases.Test_CreationalPeriod_Cases" time="2.109">
    <system-out><![CDATA[2023-02-07 10:56:21.170 &amp#27;[32m INFO&amp#27;[m &amp#27;[35m[@534 - main]&amp#27;[m &amp#27;[36mcom.shaft.tools.io.ReportManager&amp#27;[m : 
################################################################################################################################################
Starting Execution:	"71 out of 107" test cases in the current suite
Test Method:		"SteeringCompanyAPI_TestCases.Test_CreationalPeriod_Cases.Get_Valid_all_CreationalPeriod_by_Qry_Rq_TC"
Test Description:	"TC002  -CreationalPeriod-   Perform Get all CreationalPeriod API with pagination with valid user name and password"
################################################################################################################################################
2023-02-07 10:56:21.170 &amp#27;[32m INFO&amp#27;[m &amp#27;[35m[@503 - main]&amp#27;[m &amp#27;[36mcom.shaft.tools.io.ReportManager&amp#27;[m : File Action "DoesFileExist" successfully performed. With the following test data "File Path: "SteeringCompanyAPI_TestData/SteeringCompanyAPI_TestData.xlsx"".
2023-02-07 10:56:21.195 &amp#27;[32m INFO&amp#27;[m &amp#27;[35m[@503 - main]&amp#27;[m &amp#27;[36mcom.shaft.tools.io.ReportManager&amp#27;[m : Successfully created attachment "Test Data - Excel"
2023-02-07 10:56:22.549 &amp#27;[32m INFO&amp#27;[m &amp#27;[35m[@503 - main]&amp#27;[m &amp#27;[36mcom.shaft.tools.io.ReportManager&amp#27;[m : Response status code: "200", status line: "HTTP/1.1 200 OK"
2023-02-07 10:56:22.572 &amp#27;[32m INFO&amp#27;[m &amp#27;[35m[@503 - main]&amp#27;[m &amp#27;[36mcom.shaft.tools.io.ReportManager&amp#27;[m : Successfully created attachment "API Request - Specifications"
2023-02-07 10:56:22.573 &amp#27;[32m INFO&amp#27;[m &amp#27;[35m[@503 - main]&amp#27;[m &amp#27;[36mcom.shaft.tools.io.ReportManager&amp#27;[m : Successfully created attachment "API Request - Body"
2023-02-07 10:56:22.577 &amp#27;[32m INFO&amp#27;[m &amp#27;[35m[@503 - main]&amp#27;[m &amp#27;[36mcom.shaft.tools.io.ReportManager&amp#27;[m : Successfully created attachment "API Response - JSON Body"
2023-02-07 10:56:22.599 &amp#27;[32m INFO&amp#27;[m &amp#27;[35m[@503 - main]&amp#27;[m &amp#27;[36mcom.shaft.tools.io.ReportManager&amp#27;[m : File Action "DoesFileExist" successfully performed. With the following test data "File Path: "SteeringCompanyAPI_TestData/SteeringCompanyAPI_TestData.xlsx"".
2023-02-07 10:56:22.628 &amp#27;[32m INFO&amp#27;[m &amp#27;[35m[@503 - main]&amp#27;[m &amp#27;[36mcom.shaft.tools.io.ReportManager&amp#27;[m : Successfully created attachment "Test Data - Excel"
2023-02-07 10:56:23.229 &amp#27;[32m INFO&amp#27;[m &amp#27;[35m[@503 - main]&amp#27;[m &amp#27;[36mcom.shaft.tools.io.ReportManager&amp#27;[m : Response status code: "200", status line: "HTTP/1.1 200 "
2023-02-07 10:56:23.253 &amp#27;[32m INFO&amp#27;[m &amp#27;[35m[@503 - main]&amp#27;[m &amp#27;[36mcom.shaft.tools.io.ReportManager&amp#27;[m : Successfully created attachment "API Request - Specifications"
2023-02-07 10:56:23.257 &amp#27;[32m INFO&amp#27;[m &amp#27;[35m[@503 - main]&amp#27;[m &amp#27;[36mcom.shaft.tools.io.ReportManager&amp#27;[m : Successfully created attachment "API Response - JSON Body"
2023-02-07 10:56:23.260 &amp#27;[32m INFO&amp#27;[m &amp#27;[35m[@503 - main]&amp#27;[m &amp#27;[36mcom.shaft.tools.io.ReportManager&amp#27;[m : Get response jsonvalue "content".
2023-02-07 10:56:23.261 &amp#27;[32m INFO&amp#27;[m &amp#27;[35m[@503 - main]&amp#27;[m &amp#27;[36mcom.shaft.tools.io.ReportManager&amp#27;[m : File Action "DoesFileExist" successfully performed. With the following test data "File Path: "Schemas/CreationalPeriods_schema.json"".
2023-02-07 10:56:23.261 &amp#27;[32m INFO&amp#27;[m &amp#27;[35m[@503 - main]&amp#27;[m &amp#27;[36mcom.shaft.tools.io.ReportManager&amp#27;[m : File Action "DoesFileExist" successfully performed. With the following test data "File Path: "src/test/resources/testDataFiles/Schemas/CreationalPeriods_schema.json"".
2023-02-07 10:56:23.262 &amp#27;[32m INFO&amp#27;[m &amp#27;[35m[@503 - main]&amp#27;[m &amp#27;[36mcom.shaft.tools.io.ReportManager&amp#27;[m : File Action "GetAbsolutePath" successfully performed. With the following test data "Relative Folder Path: "src/test/resources/testDataFiles/Schemas/CreationalPeriods_schema.json"".
2023-02-07 10:56:23.269 &amp#27;[32m INFO&amp#27;[m &amp#27;[35m[@503 - main]&amp#27;[m &amp#27;[36mcom.shaft.tools.io.ReportManager&amp#27;[m : File Action "DoesFileExist" successfully performed. With the following test data "File Path: "C:\eclipse-workspace\MyProjects\TASystemsAPIs\src\test\resources\testDataFiles\Schemas\CreationalPeriods_schema.json"".
2023-02-07 10:56:23.269 &amp#27;[32m INFO&amp#27;[m &amp#27;[35m[@503 - main]&amp#27;[m &amp#27;[36mcom.shaft.tools.io.ReportManager&amp#27;[m : File Action "GetAbsolutePath" successfully performed. With the following test data "Relative Folder Path: "C:\eclipse-workspace\MyProjects\TASystemsAPIs\src\test\resources\testDataFiles\Schemas\CreationalPeriods_schema.json"".
2023-02-07 10:56:23.271 &amp#27;[32m INFO&amp#27;[m &amp#27;[35m[@503 - main]&amp#27;[m &amp#27;[36mcom.shaft.tools.io.ReportManager&amp#27;[m : File Action "ReadFile" successfully performed. With the following test data "File Path: "C:\eclipse-workspace\MyProjects\TASystemsAPIs\src\test\resources\testDataFiles\Schemas\CreationalPeriods_schema.json"".
2023-02-07 10:56:23.272 &amp#27;[32m INFO&amp#27;[m &amp#27;[35m[@503 - main]&amp#27;[m &amp#27;[36mcom.shaft.tools.io.ReportManager&amp#27;[m : Successfully created attachment "Validation Test Data - Expected JSON Value"
2023-02-07 10:56:23.273 &amp#27;[32m INFO&amp#27;[m &amp#27;[35m[@503 - main]&amp#27;[m &amp#27;[36mcom.shaft.tools.io.ReportManager&amp#27;[m : Successfully created attachment "Validation Test Data - Actual JSON Value"
2023-02-07 10:56:23.274 &amp#27;[32m INFO&amp#27;[m &amp#27;[35m[@503 - main]&amp#27;[m &amp#27;[36mcom.shaft.tools.io.ReportManager&amp#27;[m : Successfully created attachment "SHAFT Engine Logs - Current Method log: Get_Valid_all_CreationalPeriod_by_Qry_Rq_TC"
]]></system-out>
  </testcase>
  <testcase name="Get_Valid_all_CreationalPeriod_by_Qry_Rq_TC[[Ljava.lang.Object;@416f3cd1](8)" classname="SteeringCompanyAPI_TestCases.Test_CreationalPeriod_Cases" time="1.289">
    <system-out><![CDATA[2023-02-07 10:56:23.277 &amp#27;[32m INFO&amp#27;[m &amp#27;[35m[@534 - main]&amp#27;[m &amp#27;[36mcom.shaft.tools.io.ReportManager&amp#27;[m : 
################################################################################################################################################
Starting Execution:	"72 out of 107" test cases in the current suite
Test Method:		"SteeringCompanyAPI_TestCases.Test_CreationalPeriod_Cases.Get_Valid_all_CreationalPeriod_by_Qry_Rq_TC"
Test Description:	"TC002  -CreationalPeriod-   Perform Get all CreationalPeriod API with pagination with valid user name and password"
################################################################################################################################################
2023-02-07 10:56:23.277 &amp#27;[32m INFO&amp#27;[m &amp#27;[35m[@503 - main]&amp#27;[m &amp#27;[36mcom.shaft.tools.io.ReportManager&amp#27;[m : File Action "DoesFileExist" successfully performed. With the following test data "File Path: "SteeringCompanyAPI_TestData/SteeringCompanyAPI_TestData.xlsx"".
2023-02-07 10:56:23.298 &amp#27;[32m INFO&amp#27;[m &amp#27;[35m[@503 - main]&amp#27;[m &amp#27;[36mcom.shaft.tools.io.ReportManager&amp#27;[m : Successfully created attachment "Test Data - Excel"
2023-02-07 10:56:23.913 &amp#27;[32m INFO&amp#27;[m &amp#27;[35m[@503 - main]&amp#27;[m &amp#27;[36mcom.shaft.tools.io.ReportManager&amp#27;[m : Response status code: "200", status line: "HTTP/1.1 200 OK"
2023-02-07 10:56:23.939 &amp#27;[32m INFO&amp#27;[m &amp#27;[35m[@503 - main]&amp#27;[m &amp#27;[36mcom.shaft.tools.io.ReportManager&amp#27;[m : Successfully created attachment "API Request - Specifications"
2023-02-07 10:56:23.944 &amp#27;[32m INFO&amp#27;[m &amp#27;[35m[@503 - main]&amp#27;[m &amp#27;[36mcom.shaft.tools.io.ReportManager&amp#27;[m : Successfully created attachment "API Request - Body"
2023-02-07 10:56:23.948 &amp#27;[32m INFO&amp#27;[m &amp#27;[35m[@503 - main]&amp#27;[m &amp#27;[36mcom.shaft.tools.io.ReportManager&amp#27;[m : Successfully created attachment "API Response - JSON Body"
2023-02-07 10:56:23.962 &amp#27;[32m INFO&amp#27;[m &amp#27;[35m[@503 - main]&amp#27;[m &amp#27;[36mcom.shaft.tools.io.ReportManager&amp#27;[m : File Action "DoesFileExist" successfully performed. With the following test data "File Path: "SteeringCompanyAPI_TestData/SteeringCompanyAPI_TestData.xlsx"".
2023-02-07 10:56:23.986 &amp#27;[32m INFO&amp#27;[m &amp#27;[35m[@503 - main]&amp#27;[m &amp#27;[36mcom.shaft.tools.io.ReportManager&amp#27;[m : Successfully created attachment "Test Data - Excel"
2023-02-07 10:56:24.520 &amp#27;[32m INFO&amp#27;[m &amp#27;[35m[@503 - main]&amp#27;[m &amp#27;[36mcom.shaft.tools.io.ReportManager&amp#27;[m : Response status code: "200", status line: "HTTP/1.1 200 "
2023-02-07 10:56:24.540 &amp#27;[32m INFO&amp#27;[m &amp#27;[35m[@503 - main]&amp#27;[m &amp#27;[36mcom.shaft.tools.io.ReportManager&amp#27;[m : Successfully created attachment "API Request - Specifications"
2023-02-07 10:56:24.544 &amp#27;[32m INFO&amp#27;[m &amp#27;[35m[@503 - main]&amp#27;[m &amp#27;[36mcom.shaft.tools.io.ReportManager&amp#27;[m : Successfully created attachment "API Response - JSON Body"
2023-02-07 10:56:24.547 &amp#27;[32m INFO&amp#27;[m &amp#27;[35m[@503 - main]&amp#27;[m &amp#27;[36mcom.shaft.tools.io.ReportManager&amp#27;[m : Get response jsonvalue "content".
2023-02-07 10:56:24.547 &amp#27;[32m INFO&amp#27;[m &amp#27;[35m[@503 - main]&amp#27;[m &amp#27;[36mcom.shaft.tools.io.ReportManager&amp#27;[m : File Action "DoesFileExist" successfully performed. With the following test data "File Path: "Schemas/CreationalPeriods_schema.json"".
2023-02-07 10:56:24.548 &amp#27;[32m INFO&amp#27;[m &amp#27;[35m[@503 - main]&amp#27;[m &amp#27;[36mcom.shaft.tools.io.ReportManager&amp#27;[m : File Action "DoesFileExist" successfully performed. With the following test data "File Path: "src/test/resources/testDataFiles/Schemas/CreationalPeriods_schema.json"".
2023-02-07 10:56:24.548 &amp#27;[32m INFO&amp#27;[m &amp#27;[35m[@503 - main]&amp#27;[m &amp#27;[36mcom.shaft.tools.io.ReportManager&amp#27;[m : File Action "GetAbsolutePath" successfully performed. With the following test data "Relative Folder Path: "src/test/resources/testDataFiles/Schemas/CreationalPeriods_schema.json"".
2023-02-07 10:56:24.553 &amp#27;[32m INFO&amp#27;[m &amp#27;[35m[@503 - main]&amp#27;[m &amp#27;[36mcom.shaft.tools.io.ReportManager&amp#27;[m : File Action "DoesFileExist" successfully performed. With the following test data "File Path: "C:\eclipse-workspace\MyProjects\TASystemsAPIs\src\test\resources\testDataFiles\Schemas\CreationalPeriods_schema.json"".
2023-02-07 10:56:24.553 &amp#27;[32m INFO&amp#27;[m &amp#27;[35m[@503 - main]&amp#27;[m &amp#27;[36mcom.shaft.tools.io.ReportManager&amp#27;[m : File Action "GetAbsolutePath" successfully performed. With the following test data "Relative Folder Path: "C:\eclipse-workspace\MyProjects\TASystemsAPIs\src\test\resources\testDataFiles\Schemas\CreationalPeriods_schema.json"".
2023-02-07 10:56:24.553 &amp#27;[32m INFO&amp#27;[m &amp#27;[35m[@503 - main]&amp#27;[m &amp#27;[36mcom.shaft.tools.io.ReportManager&amp#27;[m : File Action "ReadFile" successfully performed. With the following test data "File Path: "C:\eclipse-workspace\MyProjects\TASystemsAPIs\src\test\resources\testDataFiles\Schemas\CreationalPeriods_schema.json"".
2023-02-07 10:56:24.556 &amp#27;[32m INFO&amp#27;[m &amp#27;[35m[@503 - main]&amp#27;[m &amp#27;[36mcom.shaft.tools.io.ReportManager&amp#27;[m : Successfully created attachment "Validation Test Data - Expected JSON Value"
2023-02-07 10:56:24.557 &amp#27;[32m INFO&amp#27;[m &amp#27;[35m[@503 - main]&amp#27;[m &amp#27;[36mcom.shaft.tools.io.ReportManager&amp#27;[m : Successfully created attachment "Validation Test Data - Actual JSON Value"
2023-02-07 10:56:24.561 &amp#27;[32m INFO&amp#27;[m &amp#27;[35m[@503 - main]&amp#27;[m &amp#27;[36mcom.shaft.tools.io.ReportManager&amp#27;[m : Successfully created attachment "SHAFT Engine Logs - Current Method log: Get_Valid_all_CreationalPeriod_by_Qry_Rq_TC"
]]></system-out>
  </testcase>
  <testcase name="Get_Valid_all_CreationalPeriod_by_Qry_Rq_TC[[Ljava.lang.Object;@6a15d338](9)" classname="SteeringCompanyAPI_TestCases.Test_CreationalPeriod_Cases" time="1.353">
    <system-out><![CDATA[2023-02-07 10:56:24.567 &amp#27;[32m INFO&amp#27;[m &amp#27;[35m[@534 - main]&amp#27;[m &amp#27;[36mcom.shaft.tools.io.ReportManager&amp#27;[m : 
################################################################################################################################################
Starting Execution:	"73 out of 107" test cases in the current suite
Test Method:		"SteeringCompanyAPI_TestCases.Test_CreationalPeriod_Cases.Get_Valid_all_CreationalPeriod_by_Qry_Rq_TC"
Test Description:	"TC002  -CreationalPeriod-   Perform Get all CreationalPeriod API with pagination with valid user name and password"
################################################################################################################################################
2023-02-07 10:56:24.567 &amp#27;[32m INFO&amp#27;[m &amp#27;[35m[@503 - main]&amp#27;[m &amp#27;[36mcom.shaft.tools.io.ReportManager&amp#27;[m : File Action "DoesFileExist" successfully performed. With the following test data "File Path: "SteeringCompanyAPI_TestData/SteeringCompanyAPI_TestData.xlsx"".
2023-02-07 10:56:24.611 &amp#27;[32m INFO&amp#27;[m &amp#27;[35m[@503 - main]&amp#27;[m &amp#27;[36mcom.shaft.tools.io.ReportManager&amp#27;[m : Successfully created attachment "Test Data - Excel"
2023-02-07 10:56:25.244 &amp#27;[32m INFO&amp#27;[m &amp#27;[35m[@503 - main]&amp#27;[m &amp#27;[36mcom.shaft.tools.io.ReportManager&amp#27;[m : Response status code: "200", status line: "HTTP/1.1 200 OK"
2023-02-07 10:56:25.266 &amp#27;[32m INFO&amp#27;[m &amp#27;[35m[@503 - main]&amp#27;[m &amp#27;[36mcom.shaft.tools.io.ReportManager&amp#27;[m : Successfully created attachment "API Request - Specifications"
2023-02-07 10:56:25.269 &amp#27;[32m INFO&amp#27;[m &amp#27;[35m[@503 - main]&amp#27;[m &amp#27;[36mcom.shaft.tools.io.ReportManager&amp#27;[m : Successfully created attachment "API Request - Body"
2023-02-07 10:56:25.271 &amp#27;[32m INFO&amp#27;[m &amp#27;[35m[@503 - main]&amp#27;[m &amp#27;[36mcom.shaft.tools.io.ReportManager&amp#27;[m : Successfully created attachment "API Response - JSON Body"
2023-02-07 10:56:25.291 &amp#27;[32m INFO&amp#27;[m &amp#27;[35m[@503 - main]&amp#27;[m &amp#27;[36mcom.shaft.tools.io.ReportManager&amp#27;[m : File Action "DoesFileExist" successfully performed. With the following test data "File Path: "SteeringCompanyAPI_TestData/SteeringCompanyAPI_TestData.xlsx"".
2023-02-07 10:56:25.331 &amp#27;[32m INFO&amp#27;[m &amp#27;[35m[@503 - main]&amp#27;[m &amp#27;[36mcom.shaft.tools.io.ReportManager&amp#27;[m : Successfully created attachment "Test Data - Excel"
2023-02-07 10:56:25.874 &amp#27;[32m INFO&amp#27;[m &amp#27;[35m[@503 - main]&amp#27;[m &amp#27;[36mcom.shaft.tools.io.ReportManager&amp#27;[m : Response status code: "200", status line: "HTTP/1.1 200 "
2023-02-07 10:56:25.893 &amp#27;[32m INFO&amp#27;[m &amp#27;[35m[@503 - main]&amp#27;[m &amp#27;[36mcom.shaft.tools.io.ReportManager&amp#27;[m : Successfully created attachment "API Request - Specifications"
2023-02-07 10:56:25.894 &amp#27;[32m INFO&amp#27;[m &amp#27;[35m[@503 - main]&amp#27;[m &amp#27;[36mcom.shaft.tools.io.ReportManager&amp#27;[m : Successfully created attachment "API Response - JSON Body"
2023-02-07 10:56:25.895 &amp#27;[32m INFO&amp#27;[m &amp#27;[35m[@503 - main]&amp#27;[m &amp#27;[36mcom.shaft.tools.io.ReportManager&amp#27;[m : Get response jsonvalue "content".
2023-02-07 10:56:25.895 &amp#27;[32m INFO&amp#27;[m &amp#27;[35m[@503 - main]&amp#27;[m &amp#27;[36mcom.shaft.tools.io.ReportManager&amp#27;[m : File Action "DoesFileExist" successfully performed. With the following test data "File Path: "Schemas/CreationalPeriods_schema.json"".
2023-02-07 10:56:25.895 &amp#27;[32m INFO&amp#27;[m &amp#27;[35m[@503 - main]&amp#27;[m &amp#27;[36mcom.shaft.tools.io.ReportManager&amp#27;[m : File Action "DoesFileExist" successfully performed. With the following test data "File Path: "src/test/resources/testDataFiles/Schemas/CreationalPeriods_schema.json"".
2023-02-07 10:56:25.896 &amp#27;[32m INFO&amp#27;[m &amp#27;[35m[@503 - main]&amp#27;[m &amp#27;[36mcom.shaft.tools.io.ReportManager&amp#27;[m : File Action "GetAbsolutePath" successfully performed. With the following test data "Relative Folder Path: "src/test/resources/testDataFiles/Schemas/CreationalPeriods_schema.json"".
2023-02-07 10:56:25.901 &amp#27;[32m INFO&amp#27;[m &amp#27;[35m[@503 - main]&amp#27;[m &amp#27;[36mcom.shaft.tools.io.ReportManager&amp#27;[m : File Action "DoesFileExist" successfully performed. With the following test data "File Path: "C:\eclipse-workspace\MyProjects\TASystemsAPIs\src\test\resources\testDataFiles\Schemas\CreationalPeriods_schema.json"".
2023-02-07 10:56:25.901 &amp#27;[32m INFO&amp#27;[m &amp#27;[35m[@503 - main]&amp#27;[m &amp#27;[36mcom.shaft.tools.io.ReportManager&amp#27;[m : File Action "GetAbsolutePath" successfully performed. With the following test data "Relative Folder Path: "C:\eclipse-workspace\MyProjects\TASystemsAPIs\src\test\resources\testDataFiles\Schemas\CreationalPeriods_schema.json"".
2023-02-07 10:56:25.903 &amp#27;[32m INFO&amp#27;[m &amp#27;[35m[@503 - main]&amp#27;[m &amp#27;[36mcom.shaft.tools.io.ReportManager&amp#27;[m : File Action "ReadFile" successfully performed. With the following test data "File Path: "C:\eclipse-workspace\MyProjects\TASystemsAPIs\src\test\resources\testDataFiles\Schemas\CreationalPeriods_schema.json"".
2023-02-07 10:56:25.904 &amp#27;[32m INFO&amp#27;[m &amp#27;[35m[@503 - main]&amp#27;[m &amp#27;[36mcom.shaft.tools.io.ReportManager&amp#27;[m : Successfully created attachment "Validation Test Data - Expected JSON Value"
2023-02-07 10:56:25.908 &amp#27;[32m INFO&amp#27;[m &amp#27;[35m[@503 - main]&amp#27;[m &amp#27;[36mcom.shaft.tools.io.ReportManager&amp#27;[m : Successfully created attachment "Validation Test Data - Actual JSON Value"
2023-02-07 10:56:25.910 &amp#27;[32m INFO&amp#27;[m &amp#27;[35m[@503 - main]&amp#27;[m &amp#27;[36mcom.shaft.tools.io.ReportManager&amp#27;[m : Successfully created attachment "SHAFT Engine Logs - Current Method log: Get_Valid_all_CreationalPeriod_by_Qry_Rq_TC"
]]></system-out>
  </testcase>
  <testcase name="Get_Valid_all_CreationalPeriod_by_Qry_Rq_TC[[Ljava.lang.Object;@5f3d9383](10)" classname="SteeringCompanyAPI_TestCases.Test_CreationalPeriod_Cases" time="1.381">
    <system-out><![CDATA[2023-02-07 10:56:25.920 &amp#27;[32m INFO&amp#27;[m &amp#27;[35m[@534 - main]&amp#27;[m &amp#27;[36mcom.shaft.tools.io.ReportManager&amp#27;[m : 
################################################################################################################################################
Starting Execution:	"74 out of 107" test cases in the current suite
Test Method:		"SteeringCompanyAPI_TestCases.Test_CreationalPeriod_Cases.Get_Valid_all_CreationalPeriod_by_Qry_Rq_TC"
Test Description:	"TC002  -CreationalPeriod-   Perform Get all CreationalPeriod API with pagination with valid user name and password"
################################################################################################################################################
2023-02-07 10:56:25.921 &amp#27;[32m INFO&amp#27;[m &amp#27;[35m[@503 - main]&amp#27;[m &amp#27;[36mcom.shaft.tools.io.ReportManager&amp#27;[m : File Action "DoesFileExist" successfully performed. With the following test data "File Path: "SteeringCompanyAPI_TestData/SteeringCompanyAPI_TestData.xlsx"".
2023-02-07 10:56:25.953 &amp#27;[32m INFO&amp#27;[m &amp#27;[35m[@503 - main]&amp#27;[m &amp#27;[36mcom.shaft.tools.io.ReportManager&amp#27;[m : Successfully created attachment "Test Data - Excel"
2023-02-07 10:56:26.604 &amp#27;[32m INFO&amp#27;[m &amp#27;[35m[@503 - main]&amp#27;[m &amp#27;[36mcom.shaft.tools.io.ReportManager&amp#27;[m : Response status code: "200", status line: "HTTP/1.1 200 OK"
2023-02-07 10:56:26.628 &amp#27;[32m INFO&amp#27;[m &amp#27;[35m[@503 - main]&amp#27;[m &amp#27;[36mcom.shaft.tools.io.ReportManager&amp#27;[m : Successfully created attachment "API Request - Specifications"
2023-02-07 10:56:26.628 &amp#27;[32m INFO&amp#27;[m &amp#27;[35m[@503 - main]&amp#27;[m &amp#27;[36mcom.shaft.tools.io.ReportManager&amp#27;[m : Successfully created attachment "API Request - Body"
2023-02-07 10:56:26.631 &amp#27;[32m INFO&amp#27;[m &amp#27;[35m[@503 - main]&amp#27;[m &amp#27;[36mcom.shaft.tools.io.ReportManager&amp#27;[m : Successfully created attachment "API Response - JSON Body"
2023-02-07 10:56:26.645 &amp#27;[32m INFO&amp#27;[m &amp#27;[35m[@503 - main]&amp#27;[m &amp#27;[36mcom.shaft.tools.io.ReportManager&amp#27;[m : File Action "DoesFileExist" successfully performed. With the following test data "File Path: "SteeringCompanyAPI_TestData/SteeringCompanyAPI_TestData.xlsx"".
2023-02-07 10:56:26.681 &amp#27;[32m INFO&amp#27;[m &amp#27;[35m[@503 - main]&amp#27;[m &amp#27;[36mcom.shaft.tools.io.ReportManager&amp#27;[m : Successfully created attachment "Test Data - Excel"
2023-02-07 10:56:27.234 &amp#27;[32m INFO&amp#27;[m &amp#27;[35m[@503 - main]&amp#27;[m &amp#27;[36mcom.shaft.tools.io.ReportManager&amp#27;[m : Response status code: "200", status line: "HTTP/1.1 200 "
2023-02-07 10:56:27.266 &amp#27;[32m INFO&amp#27;[m &amp#27;[35m[@503 - main]&amp#27;[m &amp#27;[36mcom.shaft.tools.io.ReportManager&amp#27;[m : Successfully created attachment "API Request - Specifications"
2023-02-07 10:56:27.267 &amp#27;[32m INFO&amp#27;[m &amp#27;[35m[@503 - main]&amp#27;[m &amp#27;[36mcom.shaft.tools.io.ReportManager&amp#27;[m : Successfully created attachment "API Response - JSON Body"
2023-02-07 10:56:27.268 &amp#27;[32m INFO&amp#27;[m &amp#27;[35m[@503 - main]&amp#27;[m &amp#27;[36mcom.shaft.tools.io.ReportManager&amp#27;[m : Get response jsonvalue "content".
2023-02-07 10:56:27.269 &amp#27;[32m INFO&amp#27;[m &amp#27;[35m[@503 - main]&amp#27;[m &amp#27;[36mcom.shaft.tools.io.ReportManager&amp#27;[m : File Action "DoesFileExist" successfully performed. With the following test data "File Path: "Schemas/CreationalPeriods_schema.json"".
2023-02-07 10:56:27.269 &amp#27;[32m INFO&amp#27;[m &amp#27;[35m[@503 - main]&amp#27;[m &amp#27;[36mcom.shaft.tools.io.ReportManager&amp#27;[m : File Action "DoesFileExist" successfully performed. With the following test data "File Path: "src/test/resources/testDataFiles/Schemas/CreationalPeriods_schema.json"".
2023-02-07 10:56:27.269 &amp#27;[32m INFO&amp#27;[m &amp#27;[35m[@503 - main]&amp#27;[m &amp#27;[36mcom.shaft.tools.io.ReportManager&amp#27;[m : File Action "GetAbsolutePath" successfully performed. With the following test data "Relative Folder Path: "src/test/resources/testDataFiles/Schemas/CreationalPeriods_schema.json"".
2023-02-07 10:56:27.281 &amp#27;[32m INFO&amp#27;[m &amp#27;[35m[@503 - main]&amp#27;[m &amp#27;[36mcom.shaft.tools.io.ReportManager&amp#27;[m : File Action "DoesFileExist" successfully performed. With the following test data "File Path: "C:\eclipse-workspace\MyProjects\TASystemsAPIs\src\test\resources\testDataFiles\Schemas\CreationalPeriods_schema.json"".
2023-02-07 10:56:27.282 &amp#27;[32m INFO&amp#27;[m &amp#27;[35m[@503 - main]&amp#27;[m &amp#27;[36mcom.shaft.tools.io.ReportManager&amp#27;[m : File Action "GetAbsolutePath" successfully performed. With the following test data "Relative Folder Path: "C:\eclipse-workspace\MyProjects\TASystemsAPIs\src\test\resources\testDataFiles\Schemas\CreationalPeriods_schema.json"".
2023-02-07 10:56:27.283 &amp#27;[32m INFO&amp#27;[m &amp#27;[35m[@503 - main]&amp#27;[m &amp#27;[36mcom.shaft.tools.io.ReportManager&amp#27;[m : File Action "ReadFile" successfully performed. With the following test data "File Path: "C:\eclipse-workspace\MyProjects\TASystemsAPIs\src\test\resources\testDataFiles\Schemas\CreationalPeriods_schema.json"".
2023-02-07 10:56:27.284 &amp#27;[32m INFO&amp#27;[m &amp#27;[35m[@503 - main]&amp#27;[m &amp#27;[36mcom.shaft.tools.io.ReportManager&amp#27;[m : Successfully created attachment "Validation Test Data - Expected JSON Value"
2023-02-07 10:56:27.288 &amp#27;[32m INFO&amp#27;[m &amp#27;[35m[@503 - main]&amp#27;[m &amp#27;[36mcom.shaft.tools.io.ReportManager&amp#27;[m : Successfully created attachment "Validation Test Data - Actual JSON Value"
2023-02-07 10:56:27.298 &amp#27;[32m INFO&amp#27;[m &amp#27;[35m[@503 - main]&amp#27;[m &amp#27;[36mcom.shaft.tools.io.ReportManager&amp#27;[m : Successfully created attachment "SHAFT Engine Logs - Current Method log: Get_Valid_all_CreationalPeriod_by_Qry_Rq_TC"
]]></system-out>
  </testcase>
  <testcase name="Valid_GET_all_cities_Lookups_Rq_TC" classname="SteeringCompanyAPI_TestCases.Test_Lookups_Cases" time="1.423">
    <system-out><![CDATA[2023-02-07 10:56:27.301 &amp#27;[32m INFO&amp#27;[m &amp#27;[35m[@534 - main]&amp#27;[m &amp#27;[36mcom.shaft.tools.io.ReportManager&amp#27;[m : 
################################################################################################################################################
Starting Execution of a Configuration (Setup or Teardown) Method
Test Method:		"SteeringCompanyAPI_TestCases.Test_Lookups_Cases.Setup_data"
################################################################################################################################################
2023-02-07 10:56:27.301 &amp#27;[32m INFO&amp#27;[m &amp#27;[35m[@503 - main]&amp#27;[m &amp#27;[36mcom.shaft.tools.io.ReportManager&amp#27;[m : File Action "DoesFileExist" successfully performed. With the following test data "File Path: "SteeringCompanyAPI_TestData/SteeringCompanyAPI_TestData.xlsx"".
2023-02-07 10:56:27.354 &amp#27;[32m INFO&amp#27;[m &amp#27;[35m[@503 - main]&amp#27;[m &amp#27;[36mcom.shaft.tools.io.ReportManager&amp#27;[m : Successfully created attachment "Test Data - Excel"
2023-02-07 10:56:27.356 &amp#27;[31mERROR&amp#27;[m &amp#27;[35m[@609 - main]&amp#27;[m &amp#27;[36mio.qameta.allure.AllureLifecycle&amp#27;[m : Could not add attachment: no test is running
2023-02-07 10:56:27.358 &amp#27;[32m INFO&amp#27;[m &amp#27;[35m[@503 - main]&amp#27;[m &amp#27;[36mcom.shaft.tools.io.ReportManager&amp#27;[m : Successfully created attachment "SHAFT Engine Logs - Current Method log: Setup_data"
2023-02-07 10:56:27.365 &amp#27;[32m INFO&amp#27;[m &amp#27;[35m[@534 - main]&amp#27;[m &amp#27;[36mcom.shaft.tools.io.ReportManager&amp#27;[m : 
################################################################################################################################################
Starting Execution:	"75 out of 107" test cases in the current suite
Test Method:		"SteeringCompanyAPI_TestCases.Test_Lookups_Cases.Valid_GET_all_cities_Lookups_Rq_TC"
Test Description:	"TC001 - Perform Get all cities API with valid user name and password"
################################################################################################################################################
2023-02-07 10:56:27.365 &amp#27;[32m INFO&amp#27;[m &amp#27;[35m[@503 - main]&amp#27;[m &amp#27;[36mcom.shaft.tools.io.ReportManager&amp#27;[m : File Action "DoesFileExist" successfully performed. With the following test data "File Path: "SteeringCompanyAPI_TestData/SteeringCompanyAPI_TestData.xlsx"".
2023-02-07 10:56:27.404 &amp#27;[32m INFO&amp#27;[m &amp#27;[35m[@503 - main]&amp#27;[m &amp#27;[36mcom.shaft.tools.io.ReportManager&amp#27;[m : Successfully created attachment "Test Data - Excel"
2023-02-07 10:56:28.055 &amp#27;[32m INFO&amp#27;[m &amp#27;[35m[@503 - main]&amp#27;[m &amp#27;[36mcom.shaft.tools.io.ReportManager&amp#27;[m : Response status code: "200", status line: "HTTP/1.1 200 OK"
2023-02-07 10:56:28.093 &amp#27;[32m INFO&amp#27;[m &amp#27;[35m[@503 - main]&amp#27;[m &amp#27;[36mcom.shaft.tools.io.ReportManager&amp#27;[m : Successfully created attachment "API Request - Specifications"
2023-02-07 10:56:28.098 &amp#27;[32m INFO&amp#27;[m &amp#27;[35m[@503 - main]&amp#27;[m &amp#27;[36mcom.shaft.tools.io.ReportManager&amp#27;[m : Successfully created attachment "API Request - Body"
2023-02-07 10:56:28.099 &amp#27;[32m INFO&amp#27;[m &amp#27;[35m[@503 - main]&amp#27;[m &amp#27;[36mcom.shaft.tools.io.ReportManager&amp#27;[m : Successfully created attachment "API Response - JSON Body"
2023-02-07 10:56:28.132 &amp#27;[32m INFO&amp#27;[m &amp#27;[35m[@503 - main]&amp#27;[m &amp#27;[36mcom.shaft.tools.io.ReportManager&amp#27;[m : File Action "DoesFileExist" successfully performed. With the following test data "File Path: "SteeringCompanyAPI_TestData/SteeringCompanyAPI_TestData.xlsx"".
2023-02-07 10:56:28.189 &amp#27;[32m INFO&amp#27;[m &amp#27;[35m[@503 - main]&amp#27;[m &amp#27;[36mcom.shaft.tools.io.ReportManager&amp#27;[m : Successfully created attachment "Test Data - Excel"
2023-02-07 10:56:28.722 &amp#27;[32m INFO&amp#27;[m &amp#27;[35m[@503 - main]&amp#27;[m &amp#27;[36mcom.shaft.tools.io.ReportManager&amp#27;[m : Response status code: "200", status line: "HTTP/1.1 200 "
2023-02-07 10:56:28.748 &amp#27;[32m INFO&amp#27;[m &amp#27;[35m[@503 - main]&amp#27;[m &amp#27;[36mcom.shaft.tools.io.ReportManager&amp#27;[m : Successfully created attachment "API Request - Specifications"
2023-02-07 10:56:28.751 &amp#27;[32m INFO&amp#27;[m &amp#27;[35m[@503 - main]&amp#27;[m &amp#27;[36mcom.shaft.tools.io.ReportManager&amp#27;[m : Successfully created attachment "API Response - JSON Body"
2023-02-07 10:56:28.753 &amp#27;[32m INFO&amp#27;[m &amp#27;[35m[@503 - main]&amp#27;[m &amp#27;[36mcom.shaft.tools.io.ReportManager&amp#27;[m : Successfully created attachment "Validation Test Data - Expected Value"
2023-02-07 10:56:28.755 &amp#27;[32m INFO&amp#27;[m &amp#27;[35m[@503 - main]&amp#27;[m &amp#27;[36mcom.shaft.tools.io.ReportManager&amp#27;[m : Successfully created attachment "Validation Test Data - Actual Value"
2023-02-07 10:56:28.758 &amp#27;[32m INFO&amp#27;[m &amp#27;[35m[@503 - main]&amp#27;[m &amp#27;[36mcom.shaft.tools.io.ReportManager&amp#27;[m : Get response jsonvalue "content".
2023-02-07 10:56:28.764 &amp#27;[32m INFO&amp#27;[m &amp#27;[35m[@503 - main]&amp#27;[m &amp#27;[36mcom.shaft.tools.io.ReportManager&amp#27;[m : Successfully created attachment "Validation Test Data - Expected Value"
2023-02-07 10:56:28.765 &amp#27;[32m INFO&amp#27;[m &amp#27;[35m[@503 - main]&amp#27;[m &amp#27;[36mcom.shaft.tools.io.ReportManager&amp#27;[m : Successfully created attachment "Validation Test Data - Actual Value"
2023-02-07 10:56:28.765 &amp#27;[32m INFO&amp#27;[m &amp#27;[35m[@503 - main]&amp#27;[m &amp#27;[36mcom.shaft.tools.io.ReportManager&amp#27;[m : File Action "DoesFileExist" successfully performed. With the following test data "File Path: "Schemas/Lookups_cities_schema.json"".
2023-02-07 10:56:28.765 &amp#27;[32m INFO&amp#27;[m &amp#27;[35m[@503 - main]&amp#27;[m &amp#27;[36mcom.shaft.tools.io.ReportManager&amp#27;[m : File Action "DoesFileExist" successfully performed. With the following test data "File Path: "src/test/resources/testDataFiles/Schemas/Lookups_cities_schema.json"".
2023-02-07 10:56:28.766 &amp#27;[32m INFO&amp#27;[m &amp#27;[35m[@503 - main]&amp#27;[m &amp#27;[36mcom.shaft.tools.io.ReportManager&amp#27;[m : File Action "GetAbsolutePath" successfully performed. With the following test data "Relative Folder Path: "src/test/resources/testDataFiles/Schemas/Lookups_cities_schema.json"".
2023-02-07 10:56:28.776 &amp#27;[32m INFO&amp#27;[m &amp#27;[35m[@503 - main]&amp#27;[m &amp#27;[36mcom.shaft.tools.io.ReportManager&amp#27;[m : File Action "DoesFileExist" successfully performed. With the following test data "File Path: "C:\eclipse-workspace\MyProjects\TASystemsAPIs\src\test\resources\testDataFiles\Schemas\Lookups_cities_schema.json"".
2023-02-07 10:56:28.776 &amp#27;[32m INFO&amp#27;[m &amp#27;[35m[@503 - main]&amp#27;[m &amp#27;[36mcom.shaft.tools.io.ReportManager&amp#27;[m : File Action "GetAbsolutePath" successfully performed. With the following test data "Relative Folder Path: "C:\eclipse-workspace\MyProjects\TASystemsAPIs\src\test\resources\testDataFiles\Schemas\Lookups_cities_schema.json"".
2023-02-07 10:56:28.777 &amp#27;[32m INFO&amp#27;[m &amp#27;[35m[@503 - main]&amp#27;[m &amp#27;[36mcom.shaft.tools.io.ReportManager&amp#27;[m : File Action "ReadFile" successfully performed. With the following test data "File Path: "C:\eclipse-workspace\MyProjects\TASystemsAPIs\src\test\resources\testDataFiles\Schemas\Lookups_cities_schema.json"".
2023-02-07 10:56:28.780 &amp#27;[32m INFO&amp#27;[m &amp#27;[35m[@503 - main]&amp#27;[m &amp#27;[36mcom.shaft.tools.io.ReportManager&amp#27;[m : Successfully created attachment "Validation Test Data - Expected JSON Value"
2023-02-07 10:56:28.781 &amp#27;[32m INFO&amp#27;[m &amp#27;[35m[@503 - main]&amp#27;[m &amp#27;[36mcom.shaft.tools.io.ReportManager&amp#27;[m : Successfully created attachment "Validation Test Data - Actual JSON Value"
2023-02-07 10:56:28.782 &amp#27;[32m INFO&amp#27;[m &amp#27;[35m[@503 - main]&amp#27;[m &amp#27;[36mcom.shaft.tools.io.ReportManager&amp#27;[m : Successfully created attachment "SHAFT Engine Logs - Current Method log: Valid_GET_all_cities_Lookups_Rq_TC"
]]></system-out>
  </testcase>
  <testcase name="Valid_GET_all_cities_Lookups_by_Qry_Rq_TC" classname="SteeringCompanyAPI_TestCases.Test_Lookups_Cases" time="1.403">
    <system-out><![CDATA[2023-02-07 10:56:28.786 &amp#27;[32m INFO&amp#27;[m &amp#27;[35m[@534 - main]&amp#27;[m &amp#27;[36mcom.shaft.tools.io.ReportManager&amp#27;[m : 
################################################################################################################################################
Starting Execution:	"76 out of 107" test cases in the current suite
Test Method:		"SteeringCompanyAPI_TestCases.Test_Lookups_Cases.Valid_GET_all_cities_Lookups_by_Qry_Rq_TC"
Test Description:	"TC002 - Perform Get all cities API by parameters Qry with valid user name and password and return with token"
################################################################################################################################################
2023-02-07 10:56:28.786 &amp#27;[32m INFO&amp#27;[m &amp#27;[35m[@503 - main]&amp#27;[m &amp#27;[36mcom.shaft.tools.io.ReportManager&amp#27;[m : File Action "DoesFileExist" successfully performed. With the following test data "File Path: "SteeringCompanyAPI_TestData/SteeringCompanyAPI_TestData.xlsx"".
2023-02-07 10:56:28.828 &amp#27;[32m INFO&amp#27;[m &amp#27;[35m[@503 - main]&amp#27;[m &amp#27;[36mcom.shaft.tools.io.ReportManager&amp#27;[m : Successfully created attachment "Test Data - Excel"
2023-02-07 10:56:29.497 &amp#27;[32m INFO&amp#27;[m &amp#27;[35m[@503 - main]&amp#27;[m &amp#27;[36mcom.shaft.tools.io.ReportManager&amp#27;[m : Response status code: "200", status line: "HTTP/1.1 200 OK"
2023-02-07 10:56:29.528 &amp#27;[32m INFO&amp#27;[m &amp#27;[35m[@503 - main]&amp#27;[m &amp#27;[36mcom.shaft.tools.io.ReportManager&amp#27;[m : Successfully created attachment "API Request - Specifications"
2023-02-07 10:56:29.530 &amp#27;[32m INFO&amp#27;[m &amp#27;[35m[@503 - main]&amp#27;[m &amp#27;[36mcom.shaft.tools.io.ReportManager&amp#27;[m : Successfully created attachment "API Request - Body"
2023-02-07 10:56:29.532 &amp#27;[32m INFO&amp#27;[m &amp#27;[35m[@503 - main]&amp#27;[m &amp#27;[36mcom.shaft.tools.io.ReportManager&amp#27;[m : Successfully created attachment "API Response - JSON Body"
2023-02-07 10:56:29.563 &amp#27;[32m INFO&amp#27;[m &amp#27;[35m[@503 - main]&amp#27;[m &amp#27;[36mcom.shaft.tools.io.ReportManager&amp#27;[m : File Action "DoesFileExist" successfully performed. With the following test data "File Path: "SteeringCompanyAPI_TestData/SteeringCompanyAPI_TestData.xlsx"".
2023-02-07 10:56:29.621 &amp#27;[32m INFO&amp#27;[m &amp#27;[35m[@503 - main]&amp#27;[m &amp#27;[36mcom.shaft.tools.io.ReportManager&amp#27;[m : Successfully created attachment "Test Data - Excel"
2023-02-07 10:56:30.146 &amp#27;[32m INFO&amp#27;[m &amp#27;[35m[@503 - main]&amp#27;[m &amp#27;[36mcom.shaft.tools.io.ReportManager&amp#27;[m : Response status code: "200", status line: "HTTP/1.1 200 "
2023-02-07 10:56:30.167 &amp#27;[32m INFO&amp#27;[m &amp#27;[35m[@503 - main]&amp#27;[m &amp#27;[36mcom.shaft.tools.io.ReportManager&amp#27;[m : Successfully created attachment "API Request - Specifications"
2023-02-07 10:56:30.169 &amp#27;[32m INFO&amp#27;[m &amp#27;[35m[@503 - main]&amp#27;[m &amp#27;[36mcom.shaft.tools.io.ReportManager&amp#27;[m : Successfully created attachment "API Response - JSON Body"
2023-02-07 10:56:30.170 &amp#27;[32m INFO&amp#27;[m &amp#27;[35m[@503 - main]&amp#27;[m &amp#27;[36mcom.shaft.tools.io.ReportManager&amp#27;[m : Get response jsonvalue "content".
2023-02-07 10:56:30.171 &amp#27;[32m INFO&amp#27;[m &amp#27;[35m[@503 - main]&amp#27;[m &amp#27;[36mcom.shaft.tools.io.ReportManager&amp#27;[m : File Action "DoesFileExist" successfully performed. With the following test data "File Path: "Schemas/Lookups_cities_schema.json"".
2023-02-07 10:56:30.171 &amp#27;[32m INFO&amp#27;[m &amp#27;[35m[@503 - main]&amp#27;[m &amp#27;[36mcom.shaft.tools.io.ReportManager&amp#27;[m : File Action "DoesFileExist" successfully performed. With the following test data "File Path: "src/test/resources/testDataFiles/Schemas/Lookups_cities_schema.json"".
2023-02-07 10:56:30.171 &amp#27;[32m INFO&amp#27;[m &amp#27;[35m[@503 - main]&amp#27;[m &amp#27;[36mcom.shaft.tools.io.ReportManager&amp#27;[m : File Action "GetAbsolutePath" successfully performed. With the following test data "Relative Folder Path: "src/test/resources/testDataFiles/Schemas/Lookups_cities_schema.json"".
2023-02-07 10:56:30.178 &amp#27;[32m INFO&amp#27;[m &amp#27;[35m[@503 - main]&amp#27;[m &amp#27;[36mcom.shaft.tools.io.ReportManager&amp#27;[m : File Action "DoesFileExist" successfully performed. With the following test data "File Path: "C:\eclipse-workspace\MyProjects\TASystemsAPIs\src\test\resources\testDataFiles\Schemas\Lookups_cities_schema.json"".
2023-02-07 10:56:30.178 &amp#27;[32m INFO&amp#27;[m &amp#27;[35m[@503 - main]&amp#27;[m &amp#27;[36mcom.shaft.tools.io.ReportManager&amp#27;[m : File Action "GetAbsolutePath" successfully performed. With the following test data "Relative Folder Path: "C:\eclipse-workspace\MyProjects\TASystemsAPIs\src\test\resources\testDataFiles\Schemas\Lookups_cities_schema.json"".
2023-02-07 10:56:30.179 &amp#27;[32m INFO&amp#27;[m &amp#27;[35m[@503 - main]&amp#27;[m &amp#27;[36mcom.shaft.tools.io.ReportManager&amp#27;[m : File Action "ReadFile" successfully performed. With the following test data "File Path: "C:\eclipse-workspace\MyProjects\TASystemsAPIs\src\test\resources\testDataFiles\Schemas\Lookups_cities_schema.json"".
2023-02-07 10:56:30.181 &amp#27;[32m INFO&amp#27;[m &amp#27;[35m[@503 - main]&amp#27;[m &amp#27;[36mcom.shaft.tools.io.ReportManager&amp#27;[m : Successfully created attachment "Validation Test Data - Expected JSON Value"
2023-02-07 10:56:30.182 &amp#27;[32m INFO&amp#27;[m &amp#27;[35m[@503 - main]&amp#27;[m &amp#27;[36mcom.shaft.tools.io.ReportManager&amp#27;[m : Successfully created attachment "Validation Test Data - Actual JSON Value"
2023-02-07 10:56:30.185 &amp#27;[32m INFO&amp#27;[m &amp#27;[35m[@503 - main]&amp#27;[m &amp#27;[36mcom.shaft.tools.io.ReportManager&amp#27;[m : Successfully created attachment "SHAFT Engine Logs - Current Method log: Valid_GET_all_cities_Lookups_by_Qry_Rq_TC"
]]></system-out>
  </testcase>
  <testcase name="Get_Invalid_PeriodProgramTemplate_ByID_with_invalid_Token_TC[[Ljava.lang.Object;@64aa16f4](1)" classname="SteeringCompanyAPI_TestCases.Test_PeriodProgramTemplate_Cases" time="1.231">
    <system-out><![CDATA[2023-02-07 10:56:30.188 &amp#27;[32m INFO&amp#27;[m &amp#27;[35m[@534 - main]&amp#27;[m &amp#27;[36mcom.shaft.tools.io.ReportManager&amp#27;[m : 
################################################################################################################################################
Starting Execution of a Configuration (Setup or Teardown) Method
Test Method:		"SteeringCompanyAPI_TestCases.Test_PeriodProgramTemplate_Cases.Setup_data"
################################################################################################################################################
2023-02-07 10:56:30.188 &amp#27;[32m INFO&amp#27;[m &amp#27;[35m[@503 - main]&amp#27;[m &amp#27;[36mcom.shaft.tools.io.ReportManager&amp#27;[m : File Action "DoesFileExist" successfully performed. With the following test data "File Path: "SteeringCompanyAPI_TestData/SteeringCompanyAPI_TestData.xlsx"".
2023-02-07 10:56:30.240 &amp#27;[32m INFO&amp#27;[m &amp#27;[35m[@503 - main]&amp#27;[m &amp#27;[36mcom.shaft.tools.io.ReportManager&amp#27;[m : Successfully created attachment "Test Data - Excel"
2023-02-07 10:56:30.242 &amp#27;[32m INFO&amp#27;[m &amp#27;[35m[@503 - main]&amp#27;[m &amp#27;[36mcom.shaft.tools.io.ReportManager&amp#27;[m : File Action "DoesFileExist" successfully performed. With the following test data "File Path: "SteeringCompanyAPI_TestData/SteeringCompanyAPI_TestData.xlsx"".
2023-02-07 10:56:30.283 &amp#27;[32m INFO&amp#27;[m &amp#27;[35m[@503 - main]&amp#27;[m &amp#27;[36mcom.shaft.tools.io.ReportManager&amp#27;[m : Successfully created attachment "Test Data - Excel"
2023-02-07 10:56:30.284 &amp#27;[31mERROR&amp#27;[m &amp#27;[35m[@609 - main]&amp#27;[m &amp#27;[36mio.qameta.allure.AllureLifecycle&amp#27;[m : Could not add attachment: no test is running
2023-02-07 10:56:30.284 &amp#27;[32m INFO&amp#27;[m &amp#27;[35m[@503 - main]&amp#27;[m &amp#27;[36mcom.shaft.tools.io.ReportManager&amp#27;[m : Successfully created attachment "SHAFT Engine Logs - Current Method log: Setup_data"
2023-02-07 10:56:30.286 &amp#27;[32m INFO&amp#27;[m &amp#27;[35m[@534 - main]&amp#27;[m &amp#27;[36mcom.shaft.tools.io.ReportManager&amp#27;[m : 
################################################################################################################################################
Starting Execution:	"77 out of 107" test cases in the current suite
Test Method:		"SteeringCompanyAPI_TestCases.Test_PeriodProgramTemplate_Cases.Get_Invalid_PeriodProgramTemplate_ByID_with_invalid_Token_TC"
Test Description:	"TC009 -PeriodProgramTemplate-  Perform PeriodProgramTemplate API by ID with invalid or expired Token"
################################################################################################################################################
2023-02-07 10:56:30.287 &amp#27;[32m INFO&amp#27;[m &amp#27;[35m[@503 - main]&amp#27;[m &amp#27;[36mcom.shaft.tools.io.ReportManager&amp#27;[m : File Action "DoesFileExist" successfully performed. With the following test data "File Path: "SteeringCompanyAPI_TestData/SteeringCompanyAPI_TestData.xlsx"".
2023-02-07 10:56:30.329 &amp#27;[32m INFO&amp#27;[m &amp#27;[35m[@503 - main]&amp#27;[m &amp#27;[36mcom.shaft.tools.io.ReportManager&amp#27;[m : Successfully created attachment "Test Data - Excel"
2023-02-07 10:56:30.941 &amp#27;[32m INFO&amp#27;[m &amp#27;[35m[@503 - main]&amp#27;[m &amp#27;[36mcom.shaft.tools.io.ReportManager&amp#27;[m : Response status code: "200", status line: "HTTP/1.1 200 OK"
2023-02-07 10:56:30.962 &amp#27;[32m INFO&amp#27;[m &amp#27;[35m[@503 - main]&amp#27;[m &amp#27;[36mcom.shaft.tools.io.ReportManager&amp#27;[m : Successfully created attachment "API Request - Specifications"
2023-02-07 10:56:30.963 &amp#27;[32m INFO&amp#27;[m &amp#27;[35m[@503 - main]&amp#27;[m &amp#27;[36mcom.shaft.tools.io.ReportManager&amp#27;[m : Successfully created attachment "API Request - Body"
2023-02-07 10:56:30.964 &amp#27;[32m INFO&amp#27;[m &amp#27;[35m[@503 - main]&amp#27;[m &amp#27;[36mcom.shaft.tools.io.ReportManager&amp#27;[m : Successfully created attachment "API Response - JSON Body"
2023-02-07 10:56:30.965 &amp#27;[32m INFO&amp#27;[m &amp#27;[35m[@503 - main]&amp#27;[m &amp#27;[36mcom.shaft.tools.io.ReportManager&amp#27;[m : File Action "DoesFileExist" successfully performed. With the following test data "File Path: "SteeringCompanyAPI_TestData/SteeringCompanyAPI_TestData.xlsx"".
2023-02-07 10:56:31.000 &amp#27;[32m INFO&amp#27;[m &amp#27;[35m[@503 - main]&amp#27;[m &amp#27;[36mcom.shaft.tools.io.ReportManager&amp#27;[m : Successfully created attachment "Test Data - Excel"
2023-02-07 10:56:31.506 &amp#27;[32m INFO&amp#27;[m &amp#27;[35m[@503 - main]&amp#27;[m &amp#27;[36mcom.shaft.tools.io.ReportManager&amp#27;[m : Response status code: "401", status line: "HTTP/1.1 401 "
2023-02-07 10:56:31.509 &amp#27;[32m INFO&amp#27;[m &amp#27;[35m[@503 - main]&amp#27;[m &amp#27;[36mcom.shaft.tools.io.ReportManager&amp#27;[m : Successfully created attachment "API Request - Specifications"
2023-02-07 10:56:31.510 &amp#27;[32m INFO&amp#27;[m &amp#27;[35m[@503 - main]&amp#27;[m &amp#27;[36mcom.shaft.tools.io.ReportManager&amp#27;[m : Successfully created attachment "API Response - JSON Body"
2023-02-07 10:56:31.512 &amp#27;[32m INFO&amp#27;[m &amp#27;[35m[@503 - main]&amp#27;[m &amp#27;[36mcom.shaft.tools.io.ReportManager&amp#27;[m : Successfully created attachment "SHAFT Engine Logs - Current Method log: Get_Invalid_PeriodProgramTemplate_ByID_with_invalid_Token_TC"
]]></system-out>
  </testcase>
  <testcase name="Get_Invalid_PeriodProgramTemplate_ByID_with_invalid_Token_TC[[Ljava.lang.Object;@195e4c8e](2)" classname="SteeringCompanyAPI_TestCases.Test_PeriodProgramTemplate_Cases" time="1.28">
    <system-out><![CDATA[2023-02-07 10:56:31.519 &amp#27;[32m INFO&amp#27;[m &amp#27;[35m[@534 - main]&amp#27;[m &amp#27;[36mcom.shaft.tools.io.ReportManager&amp#27;[m : 
################################################################################################################################################
Starting Execution:	"78 out of 107" test cases in the current suite
Test Method:		"SteeringCompanyAPI_TestCases.Test_PeriodProgramTemplate_Cases.Get_Invalid_PeriodProgramTemplate_ByID_with_invalid_Token_TC"
Test Description:	"TC009 -PeriodProgramTemplate-  Perform PeriodProgramTemplate API by ID with invalid or expired Token"
################################################################################################################################################
2023-02-07 10:56:31.520 &amp#27;[32m INFO&amp#27;[m &amp#27;[35m[@503 - main]&amp#27;[m &amp#27;[36mcom.shaft.tools.io.ReportManager&amp#27;[m : File Action "DoesFileExist" successfully performed. With the following test data "File Path: "SteeringCompanyAPI_TestData/SteeringCompanyAPI_TestData.xlsx"".
2023-02-07 10:56:31.572 &amp#27;[32m INFO&amp#27;[m &amp#27;[35m[@503 - main]&amp#27;[m &amp#27;[36mcom.shaft.tools.io.ReportManager&amp#27;[m : Successfully created attachment "Test Data - Excel"
2023-02-07 10:56:32.225 &amp#27;[32m INFO&amp#27;[m &amp#27;[35m[@503 - main]&amp#27;[m &amp#27;[36mcom.shaft.tools.io.ReportManager&amp#27;[m : Response status code: "200", status line: "HTTP/1.1 200 OK"
2023-02-07 10:56:32.237 &amp#27;[32m INFO&amp#27;[m &amp#27;[35m[@503 - main]&amp#27;[m &amp#27;[36mcom.shaft.tools.io.ReportManager&amp#27;[m : Successfully created attachment "API Request - Specifications"
2023-02-07 10:56:32.239 &amp#27;[32m INFO&amp#27;[m &amp#27;[35m[@503 - main]&amp#27;[m &amp#27;[36mcom.shaft.tools.io.ReportManager&amp#27;[m : Successfully created attachment "API Request - Body"
2023-02-07 10:56:32.240 &amp#27;[32m INFO&amp#27;[m &amp#27;[35m[@503 - main]&amp#27;[m &amp#27;[36mcom.shaft.tools.io.ReportManager&amp#27;[m : Successfully created attachment "API Response - JSON Body"
2023-02-07 10:56:32.242 &amp#27;[32m INFO&amp#27;[m &amp#27;[35m[@503 - main]&amp#27;[m &amp#27;[36mcom.shaft.tools.io.ReportManager&amp#27;[m : File Action "DoesFileExist" successfully performed. With the following test data "File Path: "SteeringCompanyAPI_TestData/SteeringCompanyAPI_TestData.xlsx"".
2023-02-07 10:56:32.300 &amp#27;[32m INFO&amp#27;[m &amp#27;[35m[@503 - main]&amp#27;[m &amp#27;[36mcom.shaft.tools.io.ReportManager&amp#27;[m : Successfully created attachment "Test Data - Excel"
2023-02-07 10:56:32.788 &amp#27;[32m INFO&amp#27;[m &amp#27;[35m[@503 - main]&amp#27;[m &amp#27;[36mcom.shaft.tools.io.ReportManager&amp#27;[m : Response status code: "401", status line: "HTTP/1.1 401 "
2023-02-07 10:56:32.790 &amp#27;[32m INFO&amp#27;[m &amp#27;[35m[@503 - main]&amp#27;[m &amp#27;[36mcom.shaft.tools.io.ReportManager&amp#27;[m : Successfully created attachment "API Request - Specifications"
2023-02-07 10:56:32.792 &amp#27;[32m INFO&amp#27;[m &amp#27;[35m[@503 - main]&amp#27;[m &amp#27;[36mcom.shaft.tools.io.ReportManager&amp#27;[m : Successfully created attachment "API Response - JSON Body"
2023-02-07 10:56:32.795 &amp#27;[32m INFO&amp#27;[m &amp#27;[35m[@503 - main]&amp#27;[m &amp#27;[36mcom.shaft.tools.io.ReportManager&amp#27;[m : Successfully created attachment "SHAFT Engine Logs - Current Method log: Get_Invalid_PeriodProgramTemplate_ByID_with_invalid_Token_TC"
]]></system-out>
  </testcase>
  <testcase name="Get_Invalid_PeriodProgramTemplate_ByID_with_missing_Token_TC[[Ljava.lang.Object;@363f5a2](1)" classname="SteeringCompanyAPI_TestCases.Test_PeriodProgramTemplate_Cases" time="1.273">
    <system-out><![CDATA[2023-02-07 10:56:32.801 &amp#27;[32m INFO&amp#27;[m &amp#27;[35m[@534 - main]&amp#27;[m &amp#27;[36mcom.shaft.tools.io.ReportManager&amp#27;[m : 
################################################################################################################################################
Starting Execution:	"79 out of 107" test cases in the current suite
Test Method:		"SteeringCompanyAPI_TestCases.Test_PeriodProgramTemplate_Cases.Get_Invalid_PeriodProgramTemplate_ByID_with_missing_Token_TC"
Test Description:	"TC007  -PeriodProgramTemplate-   Perform Get PeriodProgramTemplate by ID with missing Token"
################################################################################################################################################
2023-02-07 10:56:32.802 &amp#27;[32m INFO&amp#27;[m &amp#27;[35m[@503 - main]&amp#27;[m &amp#27;[36mcom.shaft.tools.io.ReportManager&amp#27;[m : File Action "DoesFileExist" successfully performed. With the following test data "File Path: "SteeringCompanyAPI_TestData/SteeringCompanyAPI_TestData.xlsx"".
2023-02-07 10:56:32.851 &amp#27;[32m INFO&amp#27;[m &amp#27;[35m[@503 - main]&amp#27;[m &amp#27;[36mcom.shaft.tools.io.ReportManager&amp#27;[m : Successfully created attachment "Test Data - Excel"
2023-02-07 10:56:33.490 &amp#27;[32m INFO&amp#27;[m &amp#27;[35m[@503 - main]&amp#27;[m &amp#27;[36mcom.shaft.tools.io.ReportManager&amp#27;[m : Response status code: "200", status line: "HTTP/1.1 200 OK"
2023-02-07 10:56:33.517 &amp#27;[32m INFO&amp#27;[m &amp#27;[35m[@503 - main]&amp#27;[m &amp#27;[36mcom.shaft.tools.io.ReportManager&amp#27;[m : Successfully created attachment "API Request - Specifications"
2023-02-07 10:56:33.518 &amp#27;[32m INFO&amp#27;[m &amp#27;[35m[@503 - main]&amp#27;[m &amp#27;[36mcom.shaft.tools.io.ReportManager&amp#27;[m : Successfully created attachment "API Request - Body"
2023-02-07 10:56:33.521 &amp#27;[32m INFO&amp#27;[m &amp#27;[35m[@503 - main]&amp#27;[m &amp#27;[36mcom.shaft.tools.io.ReportManager&amp#27;[m : Successfully created attachment "API Response - JSON Body"
2023-02-07 10:56:33.522 &amp#27;[32m INFO&amp#27;[m &amp#27;[35m[@503 - main]&amp#27;[m &amp#27;[36mcom.shaft.tools.io.ReportManager&amp#27;[m : File Action "DoesFileExist" successfully performed. With the following test data "File Path: "SteeringCompanyAPI_TestData/SteeringCompanyAPI_TestData.xlsx"".
2023-02-07 10:56:33.548 &amp#27;[32m INFO&amp#27;[m &amp#27;[35m[@503 - main]&amp#27;[m &amp#27;[36mcom.shaft.tools.io.ReportManager&amp#27;[m : Successfully created attachment "Test Data - Excel"
2023-02-07 10:56:34.022 &amp#27;[32m INFO&amp#27;[m &amp#27;[35m[@503 - main]&amp#27;[m &amp#27;[36mcom.shaft.tools.io.ReportManager&amp#27;[m : Response status code: "401", status line: "HTTP/1.1 401 "
2023-02-07 10:56:34.059 &amp#27;[32m INFO&amp#27;[m &amp#27;[35m[@503 - main]&amp#27;[m &amp#27;[36mcom.shaft.tools.io.ReportManager&amp#27;[m : Successfully created attachment "API Request - Specifications"
2023-02-07 10:56:34.059 &amp#27;[32m INFO&amp#27;[m &amp#27;[35m[@503 - main]&amp#27;[m &amp#27;[36mcom.shaft.tools.io.ReportManager&amp#27;[m : Successfully created attachment "API Response - JSON Body"
2023-02-07 10:56:34.060 &amp#27;[32m INFO&amp#27;[m &amp#27;[35m[@503 - main]&amp#27;[m &amp#27;[36mcom.shaft.tools.io.ReportManager&amp#27;[m : File Action "DoesFileExist" successfully performed. With the following test data "File Path: "Schemas/InvalidTokenRequest_Unauthorized_schema.json"".
2023-02-07 10:56:34.061 &amp#27;[32m INFO&amp#27;[m &amp#27;[35m[@503 - main]&amp#27;[m &amp#27;[36mcom.shaft.tools.io.ReportManager&amp#27;[m : File Action "DoesFileExist" successfully performed. With the following test data "File Path: "src/test/resources/testDataFiles/Schemas/InvalidTokenRequest_Unauthorized_schema.json"".
2023-02-07 10:56:34.061 &amp#27;[32m INFO&amp#27;[m &amp#27;[35m[@503 - main]&amp#27;[m &amp#27;[36mcom.shaft.tools.io.ReportManager&amp#27;[m : File Action "GetAbsolutePath" successfully performed. With the following test data "Relative Folder Path: "src/test/resources/testDataFiles/Schemas/InvalidTokenRequest_Unauthorized_schema.json"".
2023-02-07 10:56:34.064 &amp#27;[32m INFO&amp#27;[m &amp#27;[35m[@503 - main]&amp#27;[m &amp#27;[36mcom.shaft.tools.io.ReportManager&amp#27;[m : File Action "DoesFileExist" successfully performed. With the following test data "File Path: "C:\eclipse-workspace\MyProjects\TASystemsAPIs\src\test\resources\testDataFiles\Schemas\InvalidTokenRequest_Unauthorized_schema.json"".
2023-02-07 10:56:34.065 &amp#27;[32m INFO&amp#27;[m &amp#27;[35m[@503 - main]&amp#27;[m &amp#27;[36mcom.shaft.tools.io.ReportManager&amp#27;[m : File Action "GetAbsolutePath" successfully performed. With the following test data "Relative Folder Path: "C:\eclipse-workspace\MyProjects\TASystemsAPIs\src\test\resources\testDataFiles\Schemas\InvalidTokenRequest_Unauthorized_schema.json"".
2023-02-07 10:56:34.065 &amp#27;[32m INFO&amp#27;[m &amp#27;[35m[@503 - main]&amp#27;[m &amp#27;[36mcom.shaft.tools.io.ReportManager&amp#27;[m : File Action "ReadFile" successfully performed. With the following test data "File Path: "C:\eclipse-workspace\MyProjects\TASystemsAPIs\src\test\resources\testDataFiles\Schemas\InvalidTokenRequest_Unauthorized_schema.json"".
2023-02-07 10:56:34.067 &amp#27;[32m INFO&amp#27;[m &amp#27;[35m[@503 - main]&amp#27;[m &amp#27;[36mcom.shaft.tools.io.ReportManager&amp#27;[m : Successfully created attachment "Validation Test Data - Expected JSON Value"
2023-02-07 10:56:34.068 &amp#27;[32m INFO&amp#27;[m &amp#27;[35m[@503 - main]&amp#27;[m &amp#27;[36mcom.shaft.tools.io.ReportManager&amp#27;[m : Successfully created attachment "Validation Test Data - Actual JSON Value"
2023-02-07 10:56:34.069 &amp#27;[32m INFO&amp#27;[m &amp#27;[35m[@503 - main]&amp#27;[m &amp#27;[36mcom.shaft.tools.io.ReportManager&amp#27;[m : Successfully created attachment "SHAFT Engine Logs - Current Method log: Get_Invalid_PeriodProgramTemplate_ByID_with_missing_Token_TC"
]]></system-out>
  </testcase>
  <testcase name="Get_Invalid_PeriodProgramTemplate_ByID_with_missing_Token_TC[[Ljava.lang.Object;@569168c0](2)" classname="SteeringCompanyAPI_TestCases.Test_PeriodProgramTemplate_Cases" time="2.101">
    <system-out><![CDATA[2023-02-07 10:56:34.072 &amp#27;[32m INFO&amp#27;[m &amp#27;[35m[@534 - main]&amp#27;[m &amp#27;[36mcom.shaft.tools.io.ReportManager&amp#27;[m : 
################################################################################################################################################
Starting Execution:	"80 out of 107" test cases in the current suite
Test Method:		"SteeringCompanyAPI_TestCases.Test_PeriodProgramTemplate_Cases.Get_Invalid_PeriodProgramTemplate_ByID_with_missing_Token_TC"
Test Description:	"TC007  -PeriodProgramTemplate-   Perform Get PeriodProgramTemplate by ID with missing Token"
################################################################################################################################################
2023-02-07 10:56:34.072 &amp#27;[32m INFO&amp#27;[m &amp#27;[35m[@503 - main]&amp#27;[m &amp#27;[36mcom.shaft.tools.io.ReportManager&amp#27;[m : File Action "DoesFileExist" successfully performed. With the following test data "File Path: "SteeringCompanyAPI_TestData/SteeringCompanyAPI_TestData.xlsx"".
2023-02-07 10:56:34.097 &amp#27;[32m INFO&amp#27;[m &amp#27;[35m[@503 - main]&amp#27;[m &amp#27;[36mcom.shaft.tools.io.ReportManager&amp#27;[m : Successfully created attachment "Test Data - Excel"
2023-02-07 10:56:34.942 &amp#27;[32m INFO&amp#27;[m &amp#27;[35m[@503 - main]&amp#27;[m &amp#27;[36mcom.shaft.tools.io.ReportManager&amp#27;[m : Response status code: "200", status line: "HTTP/1.1 200 OK"
2023-02-07 10:56:34.970 &amp#27;[32m INFO&amp#27;[m &amp#27;[35m[@503 - main]&amp#27;[m &amp#27;[36mcom.shaft.tools.io.ReportManager&amp#27;[m : Successfully created attachment "API Request - Specifications"
2023-02-07 10:56:34.972 &amp#27;[32m INFO&amp#27;[m &amp#27;[35m[@503 - main]&amp#27;[m &amp#27;[36mcom.shaft.tools.io.ReportManager&amp#27;[m : Successfully created attachment "API Request - Body"
2023-02-07 10:56:34.972 &amp#27;[32m INFO&amp#27;[m &amp#27;[35m[@503 - main]&amp#27;[m &amp#27;[36mcom.shaft.tools.io.ReportManager&amp#27;[m : Successfully created attachment "API Response - JSON Body"
2023-02-07 10:56:34.973 &amp#27;[32m INFO&amp#27;[m &amp#27;[35m[@503 - main]&amp#27;[m &amp#27;[36mcom.shaft.tools.io.ReportManager&amp#27;[m : File Action "DoesFileExist" successfully performed. With the following test data "File Path: "SteeringCompanyAPI_TestData/SteeringCompanyAPI_TestData.xlsx"".
2023-02-07 10:56:35.011 &amp#27;[32m INFO&amp#27;[m &amp#27;[35m[@503 - main]&amp#27;[m &amp#27;[36mcom.shaft.tools.io.ReportManager&amp#27;[m : Successfully created attachment "Test Data - Excel"
2023-02-07 10:56:36.132 &amp#27;[32m INFO&amp#27;[m &amp#27;[35m[@503 - main]&amp#27;[m &amp#27;[36mcom.shaft.tools.io.ReportManager&amp#27;[m : Response status code: "401", status line: "HTTP/1.1 401 "
2023-02-07 10:56:36.151 &amp#27;[32m INFO&amp#27;[m &amp#27;[35m[@503 - main]&amp#27;[m &amp#27;[36mcom.shaft.tools.io.ReportManager&amp#27;[m : Successfully created attachment "API Request - Specifications"
2023-02-07 10:56:36.152 &amp#27;[32m INFO&amp#27;[m &amp#27;[35m[@503 - main]&amp#27;[m &amp#27;[36mcom.shaft.tools.io.ReportManager&amp#27;[m : Successfully created attachment "API Response - JSON Body"
2023-02-07 10:56:36.154 &amp#27;[32m INFO&amp#27;[m &amp#27;[35m[@503 - main]&amp#27;[m &amp#27;[36mcom.shaft.tools.io.ReportManager&amp#27;[m : File Action "DoesFileExist" successfully performed. With the following test data "File Path: "Schemas/InvalidTokenRequest_Unauthorized_schema.json"".
2023-02-07 10:56:36.155 &amp#27;[32m INFO&amp#27;[m &amp#27;[35m[@503 - main]&amp#27;[m &amp#27;[36mcom.shaft.tools.io.ReportManager&amp#27;[m : File Action "DoesFileExist" successfully performed. With the following test data "File Path: "src/test/resources/testDataFiles/Schemas/InvalidTokenRequest_Unauthorized_schema.json"".
2023-02-07 10:56:36.155 &amp#27;[32m INFO&amp#27;[m &amp#27;[35m[@503 - main]&amp#27;[m &amp#27;[36mcom.shaft.tools.io.ReportManager&amp#27;[m : File Action "GetAbsolutePath" successfully performed. With the following test data "Relative Folder Path: "src/test/resources/testDataFiles/Schemas/InvalidTokenRequest_Unauthorized_schema.json"".
2023-02-07 10:56:36.160 &amp#27;[32m INFO&amp#27;[m &amp#27;[35m[@503 - main]&amp#27;[m &amp#27;[36mcom.shaft.tools.io.ReportManager&amp#27;[m : File Action "DoesFileExist" successfully performed. With the following test data "File Path: "C:\eclipse-workspace\MyProjects\TASystemsAPIs\src\test\resources\testDataFiles\Schemas\InvalidTokenRequest_Unauthorized_schema.json"".
2023-02-07 10:56:36.160 &amp#27;[32m INFO&amp#27;[m &amp#27;[35m[@503 - main]&amp#27;[m &amp#27;[36mcom.shaft.tools.io.ReportManager&amp#27;[m : File Action "GetAbsolutePath" successfully performed. With the following test data "Relative Folder Path: "C:\eclipse-workspace\MyProjects\TASystemsAPIs\src\test\resources\testDataFiles\Schemas\InvalidTokenRequest_Unauthorized_schema.json"".
2023-02-07 10:56:36.161 &amp#27;[32m INFO&amp#27;[m &amp#27;[35m[@503 - main]&amp#27;[m &amp#27;[36mcom.shaft.tools.io.ReportManager&amp#27;[m : File Action "ReadFile" successfully performed. With the following test data "File Path: "C:\eclipse-workspace\MyProjects\TASystemsAPIs\src\test\resources\testDataFiles\Schemas\InvalidTokenRequest_Unauthorized_schema.json"".
2023-02-07 10:56:36.164 &amp#27;[32m INFO&amp#27;[m &amp#27;[35m[@503 - main]&amp#27;[m &amp#27;[36mcom.shaft.tools.io.ReportManager&amp#27;[m : Successfully created attachment "Validation Test Data - Expected JSON Value"
2023-02-07 10:56:36.168 &amp#27;[32m INFO&amp#27;[m &amp#27;[35m[@503 - main]&amp#27;[m &amp#27;[36mcom.shaft.tools.io.ReportManager&amp#27;[m : Successfully created attachment "Validation Test Data - Actual JSON Value"
2023-02-07 10:56:36.170 &amp#27;[32m INFO&amp#27;[m &amp#27;[35m[@503 - main]&amp#27;[m &amp#27;[36mcom.shaft.tools.io.ReportManager&amp#27;[m : Successfully created attachment "SHAFT Engine Logs - Current Method log: Get_Invalid_PeriodProgramTemplate_ByID_with_missing_Token_TC"
]]></system-out>
  </testcase>
  <testcase name="Get_Invalid_all_PeriodProgramTemplate_with_invalid_Token_TC" classname="SteeringCompanyAPI_TestCases.Test_PeriodProgramTemplate_Cases" time="1.239">
    <system-out><![CDATA[2023-02-07 10:56:36.173 &amp#27;[32m INFO&amp#27;[m &amp#27;[35m[@534 - main]&amp#27;[m &amp#27;[36mcom.shaft.tools.io.ReportManager&amp#27;[m : 
################################################################################################################################################
Starting Execution:	"81 out of 107" test cases in the current suite
Test Method:		"SteeringCompanyAPI_TestCases.Test_PeriodProgramTemplate_Cases.Get_Invalid_all_PeriodProgramTemplate_with_invalid_Token_TC"
Test Description:	"TC008 -PeriodProgramTemplate-  Perform Get all PeriodProgramTemplate API with invalid or expired Token"
################################################################################################################################################
2023-02-07 10:56:36.174 &amp#27;[32m INFO&amp#27;[m &amp#27;[35m[@503 - main]&amp#27;[m &amp#27;[36mcom.shaft.tools.io.ReportManager&amp#27;[m : File Action "DoesFileExist" successfully performed. With the following test data "File Path: "SteeringCompanyAPI_TestData/SteeringCompanyAPI_TestData.xlsx"".
2023-02-07 10:56:36.226 &amp#27;[32m INFO&amp#27;[m &amp#27;[35m[@503 - main]&amp#27;[m &amp#27;[36mcom.shaft.tools.io.ReportManager&amp#27;[m : Successfully created attachment "Test Data - Excel"
2023-02-07 10:56:36.866 &amp#27;[32m INFO&amp#27;[m &amp#27;[35m[@503 - main]&amp#27;[m &amp#27;[36mcom.shaft.tools.io.ReportManager&amp#27;[m : Response status code: "200", status line: "HTTP/1.1 200 OK"
2023-02-07 10:56:36.887 &amp#27;[32m INFO&amp#27;[m &amp#27;[35m[@503 - main]&amp#27;[m &amp#27;[36mcom.shaft.tools.io.ReportManager&amp#27;[m : Successfully created attachment "API Request - Specifications"
2023-02-07 10:56:36.889 &amp#27;[32m INFO&amp#27;[m &amp#27;[35m[@503 - main]&amp#27;[m &amp#27;[36mcom.shaft.tools.io.ReportManager&amp#27;[m : Successfully created attachment "API Request - Body"
2023-02-07 10:56:36.891 &amp#27;[32m INFO&amp#27;[m &amp#27;[35m[@503 - main]&amp#27;[m &amp#27;[36mcom.shaft.tools.io.ReportManager&amp#27;[m : Successfully created attachment "API Response - JSON Body"
2023-02-07 10:56:36.892 &amp#27;[32m INFO&amp#27;[m &amp#27;[35m[@503 - main]&amp#27;[m &amp#27;[36mcom.shaft.tools.io.ReportManager&amp#27;[m : File Action "DoesFileExist" successfully performed. With the following test data "File Path: "SteeringCompanyAPI_TestData/SteeringCompanyAPI_TestData.xlsx"".
2023-02-07 10:56:36.927 &amp#27;[32m INFO&amp#27;[m &amp#27;[35m[@503 - main]&amp#27;[m &amp#27;[36mcom.shaft.tools.io.ReportManager&amp#27;[m : Successfully created attachment "Test Data - Excel"
2023-02-07 10:56:37.405 &amp#27;[32m INFO&amp#27;[m &amp#27;[35m[@503 - main]&amp#27;[m &amp#27;[36mcom.shaft.tools.io.ReportManager&amp#27;[m : Response status code: "401", status line: "HTTP/1.1 401 "
2023-02-07 10:56:37.407 &amp#27;[32m INFO&amp#27;[m &amp#27;[35m[@503 - main]&amp#27;[m &amp#27;[36mcom.shaft.tools.io.ReportManager&amp#27;[m : Successfully created attachment "API Request - Specifications"
2023-02-07 10:56:37.408 &amp#27;[32m INFO&amp#27;[m &amp#27;[35m[@503 - main]&amp#27;[m &amp#27;[36mcom.shaft.tools.io.ReportManager&amp#27;[m : Successfully created attachment "API Response - JSON Body"
2023-02-07 10:56:37.409 &amp#27;[32m INFO&amp#27;[m &amp#27;[35m[@503 - main]&amp#27;[m &amp#27;[36mcom.shaft.tools.io.ReportManager&amp#27;[m : Successfully created attachment "SHAFT Engine Logs - Current Method log: Get_Invalid_all_PeriodProgramTemplate_with_invalid_Token_TC"
]]></system-out>
  </testcase>
  <testcase name="Get_Invalid_all_PeriodProgramTemplate_with_missing_Token_TC" classname="SteeringCompanyAPI_TestCases.Test_PeriodProgramTemplate_Cases" time="1.208">
    <system-out><![CDATA[2023-02-07 10:56:37.413 &amp#27;[32m INFO&amp#27;[m &amp#27;[35m[@534 - main]&amp#27;[m &amp#27;[36mcom.shaft.tools.io.ReportManager&amp#27;[m : 
################################################################################################################################################
Starting Execution:	"82 out of 107" test cases in the current suite
Test Method:		"SteeringCompanyAPI_TestCases.Test_PeriodProgramTemplate_Cases.Get_Invalid_all_PeriodProgramTemplate_with_missing_Token_TC"
Test Description:	"TC006  -PeriodProgramTemplate-   Perform Get all PeriodProgramTemplate API with missing Token"
################################################################################################################################################
2023-02-07 10:56:37.413 &amp#27;[32m INFO&amp#27;[m &amp#27;[35m[@503 - main]&amp#27;[m &amp#27;[36mcom.shaft.tools.io.ReportManager&amp#27;[m : File Action "DoesFileExist" successfully performed. With the following test data "File Path: "SteeringCompanyAPI_TestData/SteeringCompanyAPI_TestData.xlsx"".
2023-02-07 10:56:37.436 &amp#27;[32m INFO&amp#27;[m &amp#27;[35m[@503 - main]&amp#27;[m &amp#27;[36mcom.shaft.tools.io.ReportManager&amp#27;[m : Successfully created attachment "Test Data - Excel"
2023-02-07 10:56:38.064 &amp#27;[32m INFO&amp#27;[m &amp#27;[35m[@503 - main]&amp#27;[m &amp#27;[36mcom.shaft.tools.io.ReportManager&amp#27;[m : Response status code: "200", status line: "HTTP/1.1 200 OK"
2023-02-07 10:56:38.080 &amp#27;[32m INFO&amp#27;[m &amp#27;[35m[@503 - main]&amp#27;[m &amp#27;[36mcom.shaft.tools.io.ReportManager&amp#27;[m : Successfully created attachment "API Request - Specifications"
2023-02-07 10:56:38.081 &amp#27;[32m INFO&amp#27;[m &amp#27;[35m[@503 - main]&amp#27;[m &amp#27;[36mcom.shaft.tools.io.ReportManager&amp#27;[m : Successfully created attachment "API Request - Body"
2023-02-07 10:56:38.081 &amp#27;[32m INFO&amp#27;[m &amp#27;[35m[@503 - main]&amp#27;[m &amp#27;[36mcom.shaft.tools.io.ReportManager&amp#27;[m : Successfully created attachment "API Response - JSON Body"
2023-02-07 10:56:38.081 &amp#27;[32m INFO&amp#27;[m &amp#27;[35m[@503 - main]&amp#27;[m &amp#27;[36mcom.shaft.tools.io.ReportManager&amp#27;[m : File Action "DoesFileExist" successfully performed. With the following test data "File Path: "SteeringCompanyAPI_TestData/SteeringCompanyAPI_TestData.xlsx"".
2023-02-07 10:56:38.110 &amp#27;[32m INFO&amp#27;[m &amp#27;[35m[@503 - main]&amp#27;[m &amp#27;[36mcom.shaft.tools.io.ReportManager&amp#27;[m : Successfully created attachment "Test Data - Excel"
2023-02-07 10:56:38.582 &amp#27;[32m INFO&amp#27;[m &amp#27;[35m[@503 - main]&amp#27;[m &amp#27;[36mcom.shaft.tools.io.ReportManager&amp#27;[m : Response status code: "401", status line: "HTTP/1.1 401 "
2023-02-07 10:56:38.605 &amp#27;[32m INFO&amp#27;[m &amp#27;[35m[@503 - main]&amp#27;[m &amp#27;[36mcom.shaft.tools.io.ReportManager&amp#27;[m : Successfully created attachment "API Request - Specifications"
2023-02-07 10:56:38.606 &amp#27;[32m INFO&amp#27;[m &amp#27;[35m[@503 - main]&amp#27;[m &amp#27;[36mcom.shaft.tools.io.ReportManager&amp#27;[m : Successfully created attachment "API Response - JSON Body"
2023-02-07 10:56:38.609 &amp#27;[32m INFO&amp#27;[m &amp#27;[35m[@503 - main]&amp#27;[m &amp#27;[36mcom.shaft.tools.io.ReportManager&amp#27;[m : File Action "DoesFileExist" successfully performed. With the following test data "File Path: "Schemas/InvalidTokenRequest_Unauthorized_schema.json"".
2023-02-07 10:56:38.609 &amp#27;[32m INFO&amp#27;[m &amp#27;[35m[@503 - main]&amp#27;[m &amp#27;[36mcom.shaft.tools.io.ReportManager&amp#27;[m : File Action "DoesFileExist" successfully performed. With the following test data "File Path: "src/test/resources/testDataFiles/Schemas/InvalidTokenRequest_Unauthorized_schema.json"".
2023-02-07 10:56:38.610 &amp#27;[32m INFO&amp#27;[m &amp#27;[35m[@503 - main]&amp#27;[m &amp#27;[36mcom.shaft.tools.io.ReportManager&amp#27;[m : File Action "GetAbsolutePath" successfully performed. With the following test data "Relative Folder Path: "src/test/resources/testDataFiles/Schemas/InvalidTokenRequest_Unauthorized_schema.json"".
2023-02-07 10:56:38.612 &amp#27;[32m INFO&amp#27;[m &amp#27;[35m[@503 - main]&amp#27;[m &amp#27;[36mcom.shaft.tools.io.ReportManager&amp#27;[m : File Action "DoesFileExist" successfully performed. With the following test data "File Path: "C:\eclipse-workspace\MyProjects\TASystemsAPIs\src\test\resources\testDataFiles\Schemas\InvalidTokenRequest_Unauthorized_schema.json"".
2023-02-07 10:56:38.612 &amp#27;[32m INFO&amp#27;[m &amp#27;[35m[@503 - main]&amp#27;[m &amp#27;[36mcom.shaft.tools.io.ReportManager&amp#27;[m : File Action "GetAbsolutePath" successfully performed. With the following test data "Relative Folder Path: "C:\eclipse-workspace\MyProjects\TASystemsAPIs\src\test\resources\testDataFiles\Schemas\InvalidTokenRequest_Unauthorized_schema.json"".
2023-02-07 10:56:38.612 &amp#27;[32m INFO&amp#27;[m &amp#27;[35m[@503 - main]&amp#27;[m &amp#27;[36mcom.shaft.tools.io.ReportManager&amp#27;[m : File Action "ReadFile" successfully performed. With the following test data "File Path: "C:\eclipse-workspace\MyProjects\TASystemsAPIs\src\test\resources\testDataFiles\Schemas\InvalidTokenRequest_Unauthorized_schema.json"".
2023-02-07 10:56:38.614 &amp#27;[32m INFO&amp#27;[m &amp#27;[35m[@503 - main]&amp#27;[m &amp#27;[36mcom.shaft.tools.io.ReportManager&amp#27;[m : Successfully created attachment "Validation Test Data - Expected JSON Value"
2023-02-07 10:56:38.614 &amp#27;[32m INFO&amp#27;[m &amp#27;[35m[@503 - main]&amp#27;[m &amp#27;[36mcom.shaft.tools.io.ReportManager&amp#27;[m : Successfully created attachment "Validation Test Data - Actual JSON Value"
2023-02-07 10:56:38.616 &amp#27;[32m INFO&amp#27;[m &amp#27;[35m[@503 - main]&amp#27;[m &amp#27;[36mcom.shaft.tools.io.ReportManager&amp#27;[m : Successfully created attachment "SHAFT Engine Logs - Current Method log: Get_Invalid_all_PeriodProgramTemplate_with_missing_Token_TC"
]]></system-out>
  </testcase>
  <testcase name="Get_PeriodProgramTemplate_With_BadRequest_ByID_Rq_TC[[Ljava.lang.Object;@7603119f](1)" classname="SteeringCompanyAPI_TestCases.Test_PeriodProgramTemplate_Cases" time="1.267">
    <system-out><![CDATA[2023-02-07 10:56:38.626 &amp#27;[32m INFO&amp#27;[m &amp#27;[35m[@534 - main]&amp#27;[m &amp#27;[36mcom.shaft.tools.io.ReportManager&amp#27;[m : 
################################################################################################################################################
Starting Execution:	"83 out of 107" test cases in the current suite
Test Method:		"SteeringCompanyAPI_TestCases.Test_PeriodProgramTemplate_Cases.Get_PeriodProgramTemplate_With_BadRequest_ByID_Rq_TC"
Test Description:	"TC005  -PeriodProgramTemplate-   Perform Get PeriodProgramTemplate API With BadRequest by ID"
################################################################################################################################################
2023-02-07 10:56:38.626 &amp#27;[32m INFO&amp#27;[m &amp#27;[35m[@503 - main]&amp#27;[m &amp#27;[36mcom.shaft.tools.io.ReportManager&amp#27;[m : File Action "DoesFileExist" successfully performed. With the following test data "File Path: "SteeringCompanyAPI_TestData/SteeringCompanyAPI_TestData.xlsx"".
2023-02-07 10:56:38.664 &amp#27;[32m INFO&amp#27;[m &amp#27;[35m[@503 - main]&amp#27;[m &amp#27;[36mcom.shaft.tools.io.ReportManager&amp#27;[m : Successfully created attachment "Test Data - Excel"
2023-02-07 10:56:39.276 &amp#27;[32m INFO&amp#27;[m &amp#27;[35m[@503 - main]&amp#27;[m &amp#27;[36mcom.shaft.tools.io.ReportManager&amp#27;[m : Response status code: "200", status line: "HTTP/1.1 200 OK"
2023-02-07 10:56:39.298 &amp#27;[32m INFO&amp#27;[m &amp#27;[35m[@503 - main]&amp#27;[m &amp#27;[36mcom.shaft.tools.io.ReportManager&amp#27;[m : Successfully created attachment "API Request - Specifications"
2023-02-07 10:56:39.299 &amp#27;[32m INFO&amp#27;[m &amp#27;[35m[@503 - main]&amp#27;[m &amp#27;[36mcom.shaft.tools.io.ReportManager&amp#27;[m : Successfully created attachment "API Request - Body"
2023-02-07 10:56:39.300 &amp#27;[32m INFO&amp#27;[m &amp#27;[35m[@503 - main]&amp#27;[m &amp#27;[36mcom.shaft.tools.io.ReportManager&amp#27;[m : Successfully created attachment "API Response - JSON Body"
2023-02-07 10:56:39.314 &amp#27;[32m INFO&amp#27;[m &amp#27;[35m[@503 - main]&amp#27;[m &amp#27;[36mcom.shaft.tools.io.ReportManager&amp#27;[m : File Action "DoesFileExist" successfully performed. With the following test data "File Path: "SteeringCompanyAPI_TestData/SteeringCompanyAPI_TestData.xlsx"".
2023-02-07 10:56:39.344 &amp#27;[32m INFO&amp#27;[m &amp#27;[35m[@503 - main]&amp#27;[m &amp#27;[36mcom.shaft.tools.io.ReportManager&amp#27;[m : Successfully created attachment "Test Data - Excel"
2023-02-07 10:56:39.840 &amp#27;[32m INFO&amp#27;[m &amp#27;[35m[@503 - main]&amp#27;[m &amp#27;[36mcom.shaft.tools.io.ReportManager&amp#27;[m : Response status code: "400", status line: "HTTP/1.1 400 "
2023-02-07 10:56:39.866 &amp#27;[32m INFO&amp#27;[m &amp#27;[35m[@503 - main]&amp#27;[m &amp#27;[36mcom.shaft.tools.io.ReportManager&amp#27;[m : Successfully created attachment "API Request - Specifications"
2023-02-07 10:56:39.870 &amp#27;[32m INFO&amp#27;[m &amp#27;[35m[@503 - main]&amp#27;[m &amp#27;[36mcom.shaft.tools.io.ReportManager&amp#27;[m : Successfully created attachment "API Response - JSON Body"
2023-02-07 10:56:39.872 &amp#27;[32m INFO&amp#27;[m &amp#27;[35m[@503 - main]&amp#27;[m &amp#27;[36mcom.shaft.tools.io.ReportManager&amp#27;[m : File Action "DoesFileExist" successfully performed. With the following test data "File Path: "Schemas/BadRequestError_schema.json"".
2023-02-07 10:56:39.873 &amp#27;[32m INFO&amp#27;[m &amp#27;[35m[@503 - main]&amp#27;[m &amp#27;[36mcom.shaft.tools.io.ReportManager&amp#27;[m : File Action "DoesFileExist" successfully performed. With the following test data "File Path: "src/test/resources/testDataFiles/Schemas/BadRequestError_schema.json"".
2023-02-07 10:56:39.873 &amp#27;[32m INFO&amp#27;[m &amp#27;[35m[@503 - main]&amp#27;[m &amp#27;[36mcom.shaft.tools.io.ReportManager&amp#27;[m : File Action "GetAbsolutePath" successfully performed. With the following test data "Relative Folder Path: "src/test/resources/testDataFiles/Schemas/BadRequestError_schema.json"".
2023-02-07 10:56:39.877 &amp#27;[32m INFO&amp#27;[m &amp#27;[35m[@503 - main]&amp#27;[m &amp#27;[36mcom.shaft.tools.io.ReportManager&amp#27;[m : File Action "DoesFileExist" successfully performed. With the following test data "File Path: "C:\eclipse-workspace\MyProjects\TASystemsAPIs\src\test\resources\testDataFiles\Schemas\BadRequestError_schema.json"".
2023-02-07 10:56:39.878 &amp#27;[32m INFO&amp#27;[m &amp#27;[35m[@503 - main]&amp#27;[m &amp#27;[36mcom.shaft.tools.io.ReportManager&amp#27;[m : File Action "GetAbsolutePath" successfully performed. With the following test data "Relative Folder Path: "C:\eclipse-workspace\MyProjects\TASystemsAPIs\src\test\resources\testDataFiles\Schemas\BadRequestError_schema.json"".
2023-02-07 10:56:39.879 &amp#27;[32m INFO&amp#27;[m &amp#27;[35m[@503 - main]&amp#27;[m &amp#27;[36mcom.shaft.tools.io.ReportManager&amp#27;[m : File Action "ReadFile" successfully performed. With the following test data "File Path: "C:\eclipse-workspace\MyProjects\TASystemsAPIs\src\test\resources\testDataFiles\Schemas\BadRequestError_schema.json"".
2023-02-07 10:56:39.882 &amp#27;[32m INFO&amp#27;[m &amp#27;[35m[@503 - main]&amp#27;[m &amp#27;[36mcom.shaft.tools.io.ReportManager&amp#27;[m : Successfully created attachment "Validation Test Data - Expected JSON Value"
2023-02-07 10:56:39.883 &amp#27;[32m INFO&amp#27;[m &amp#27;[35m[@503 - main]&amp#27;[m &amp#27;[36mcom.shaft.tools.io.ReportManager&amp#27;[m : Successfully created attachment "Validation Test Data - Actual JSON Value"
2023-02-07 10:56:39.885 &amp#27;[32m INFO&amp#27;[m &amp#27;[35m[@503 - main]&amp#27;[m &amp#27;[36mcom.shaft.tools.io.ReportManager&amp#27;[m : Successfully created attachment "SHAFT Engine Logs - Current Method log: Get_PeriodProgramTemplate_With_BadRequest_ByID_Rq_TC"
]]></system-out>
  </testcase>
  <testcase name="Get_PeriodProgramTemplate_With_BadRequest_ByID_Rq_TC[[Ljava.lang.Object;@6e794115](2)" classname="SteeringCompanyAPI_TestCases.Test_PeriodProgramTemplate_Cases" time="1.264">
    <system-out><![CDATA[2023-02-07 10:56:39.889 &amp#27;[32m INFO&amp#27;[m &amp#27;[35m[@534 - main]&amp#27;[m &amp#27;[36mcom.shaft.tools.io.ReportManager&amp#27;[m : 
################################################################################################################################################
Starting Execution:	"84 out of 107" test cases in the current suite
Test Method:		"SteeringCompanyAPI_TestCases.Test_PeriodProgramTemplate_Cases.Get_PeriodProgramTemplate_With_BadRequest_ByID_Rq_TC"
Test Description:	"TC005  -PeriodProgramTemplate-   Perform Get PeriodProgramTemplate API With BadRequest by ID"
################################################################################################################################################
2023-02-07 10:56:39.890 &amp#27;[32m INFO&amp#27;[m &amp#27;[35m[@503 - main]&amp#27;[m &amp#27;[36mcom.shaft.tools.io.ReportManager&amp#27;[m : File Action "DoesFileExist" successfully performed. With the following test data "File Path: "SteeringCompanyAPI_TestData/SteeringCompanyAPI_TestData.xlsx"".
2023-02-07 10:56:39.930 &amp#27;[32m INFO&amp#27;[m &amp#27;[35m[@503 - main]&amp#27;[m &amp#27;[36mcom.shaft.tools.io.ReportManager&amp#27;[m : Successfully created attachment "Test Data - Excel"
2023-02-07 10:56:40.573 &amp#27;[32m INFO&amp#27;[m &amp#27;[35m[@503 - main]&amp#27;[m &amp#27;[36mcom.shaft.tools.io.ReportManager&amp#27;[m : Response status code: "200", status line: "HTTP/1.1 200 OK"
2023-02-07 10:56:40.591 &amp#27;[32m INFO&amp#27;[m &amp#27;[35m[@503 - main]&amp#27;[m &amp#27;[36mcom.shaft.tools.io.ReportManager&amp#27;[m : Successfully created attachment "API Request - Specifications"
2023-02-07 10:56:40.594 &amp#27;[32m INFO&amp#27;[m &amp#27;[35m[@503 - main]&amp#27;[m &amp#27;[36mcom.shaft.tools.io.ReportManager&amp#27;[m : Successfully created attachment "API Request - Body"
2023-02-07 10:56:40.598 &amp#27;[32m INFO&amp#27;[m &amp#27;[35m[@503 - main]&amp#27;[m &amp#27;[36mcom.shaft.tools.io.ReportManager&amp#27;[m : Successfully created attachment "API Response - JSON Body"
2023-02-07 10:56:40.612 &amp#27;[32m INFO&amp#27;[m &amp#27;[35m[@503 - main]&amp#27;[m &amp#27;[36mcom.shaft.tools.io.ReportManager&amp#27;[m : File Action "DoesFileExist" successfully performed. With the following test data "File Path: "SteeringCompanyAPI_TestData/SteeringCompanyAPI_TestData.xlsx"".
2023-02-07 10:56:40.632 &amp#27;[32m INFO&amp#27;[m &amp#27;[35m[@503 - main]&amp#27;[m &amp#27;[36mcom.shaft.tools.io.ReportManager&amp#27;[m : Successfully created attachment "Test Data - Excel"
2023-02-07 10:56:41.127 &amp#27;[32m INFO&amp#27;[m &amp#27;[35m[@503 - main]&amp#27;[m &amp#27;[36mcom.shaft.tools.io.ReportManager&amp#27;[m : Response status code: "400", status line: "HTTP/1.1 400 "
2023-02-07 10:56:41.138 &amp#27;[32m INFO&amp#27;[m &amp#27;[35m[@503 - main]&amp#27;[m &amp#27;[36mcom.shaft.tools.io.ReportManager&amp#27;[m : Successfully created attachment "API Request - Specifications"
2023-02-07 10:56:41.142 &amp#27;[32m INFO&amp#27;[m &amp#27;[35m[@503 - main]&amp#27;[m &amp#27;[36mcom.shaft.tools.io.ReportManager&amp#27;[m : Successfully created attachment "API Response - JSON Body"
2023-02-07 10:56:41.142 &amp#27;[32m INFO&amp#27;[m &amp#27;[35m[@503 - main]&amp#27;[m &amp#27;[36mcom.shaft.tools.io.ReportManager&amp#27;[m : File Action "DoesFileExist" successfully performed. With the following test data "File Path: "Schemas/BadRequestError_schema.json"".
2023-02-07 10:56:41.142 &amp#27;[32m INFO&amp#27;[m &amp#27;[35m[@503 - main]&amp#27;[m &amp#27;[36mcom.shaft.tools.io.ReportManager&amp#27;[m : File Action "DoesFileExist" successfully performed. With the following test data "File Path: "src/test/resources/testDataFiles/Schemas/BadRequestError_schema.json"".
2023-02-07 10:56:41.142 &amp#27;[32m INFO&amp#27;[m &amp#27;[35m[@503 - main]&amp#27;[m &amp#27;[36mcom.shaft.tools.io.ReportManager&amp#27;[m : File Action "GetAbsolutePath" successfully performed. With the following test data "Relative Folder Path: "src/test/resources/testDataFiles/Schemas/BadRequestError_schema.json"".
2023-02-07 10:56:41.145 &amp#27;[32m INFO&amp#27;[m &amp#27;[35m[@503 - main]&amp#27;[m &amp#27;[36mcom.shaft.tools.io.ReportManager&amp#27;[m : File Action "DoesFileExist" successfully performed. With the following test data "File Path: "C:\eclipse-workspace\MyProjects\TASystemsAPIs\src\test\resources\testDataFiles\Schemas\BadRequestError_schema.json"".
2023-02-07 10:56:41.145 &amp#27;[32m INFO&amp#27;[m &amp#27;[35m[@503 - main]&amp#27;[m &amp#27;[36mcom.shaft.tools.io.ReportManager&amp#27;[m : File Action "GetAbsolutePath" successfully performed. With the following test data "Relative Folder Path: "C:\eclipse-workspace\MyProjects\TASystemsAPIs\src\test\resources\testDataFiles\Schemas\BadRequestError_schema.json"".
2023-02-07 10:56:41.145 &amp#27;[32m INFO&amp#27;[m &amp#27;[35m[@503 - main]&amp#27;[m &amp#27;[36mcom.shaft.tools.io.ReportManager&amp#27;[m : File Action "ReadFile" successfully performed. With the following test data "File Path: "C:\eclipse-workspace\MyProjects\TASystemsAPIs\src\test\resources\testDataFiles\Schemas\BadRequestError_schema.json"".
2023-02-07 10:56:41.147 &amp#27;[32m INFO&amp#27;[m &amp#27;[35m[@503 - main]&amp#27;[m &amp#27;[36mcom.shaft.tools.io.ReportManager&amp#27;[m : Successfully created attachment "Validation Test Data - Expected JSON Value"
2023-02-07 10:56:41.148 &amp#27;[32m INFO&amp#27;[m &amp#27;[35m[@503 - main]&amp#27;[m &amp#27;[36mcom.shaft.tools.io.ReportManager&amp#27;[m : Successfully created attachment "Validation Test Data - Actual JSON Value"
2023-02-07 10:56:41.149 &amp#27;[32m INFO&amp#27;[m &amp#27;[35m[@503 - main]&amp#27;[m &amp#27;[36mcom.shaft.tools.io.ReportManager&amp#27;[m : Successfully created attachment "SHAFT Engine Logs - Current Method log: Get_PeriodProgramTemplate_With_BadRequest_ByID_Rq_TC"
]]></system-out>
  </testcase>
  <testcase name="Get_PeriodProgramTemplate_With_NotFound_ByID_Rq_TC[[Ljava.lang.Object;@7ca1e839](1)" classname="SteeringCompanyAPI_TestCases.Test_PeriodProgramTemplate_Cases" time="1.931">
    <system-out><![CDATA[2023-02-07 10:56:41.154 &amp#27;[32m INFO&amp#27;[m &amp#27;[35m[@534 - main]&amp#27;[m &amp#27;[36mcom.shaft.tools.io.ReportManager&amp#27;[m : 
################################################################################################################################################
Starting Execution:	"85 out of 107" test cases in the current suite
Test Method:		"SteeringCompanyAPI_TestCases.Test_PeriodProgramTemplate_Cases.Get_PeriodProgramTemplate_With_NotFound_ByID_Rq_TC"
Test Description:	"TC004  -PeriodProgramTemplate-   Perform Get PeriodProgramTemplate API With NotFound by ID"
################################################################################################################################################
2023-02-07 10:56:41.154 &amp#27;[32m INFO&amp#27;[m &amp#27;[35m[@503 - main]&amp#27;[m &amp#27;[36mcom.shaft.tools.io.ReportManager&amp#27;[m : File Action "DoesFileExist" successfully performed. With the following test data "File Path: "SteeringCompanyAPI_TestData/SteeringCompanyAPI_TestData.xlsx"".
2023-02-07 10:56:41.185 &amp#27;[32m INFO&amp#27;[m &amp#27;[35m[@503 - main]&amp#27;[m &amp#27;[36mcom.shaft.tools.io.ReportManager&amp#27;[m : Successfully created attachment "Test Data - Excel"
2023-02-07 10:56:41.823 &amp#27;[32m INFO&amp#27;[m &amp#27;[35m[@503 - main]&amp#27;[m &amp#27;[36mcom.shaft.tools.io.ReportManager&amp#27;[m : Response status code: "200", status line: "HTTP/1.1 200 OK"
2023-02-07 10:56:41.842 &amp#27;[32m INFO&amp#27;[m &amp#27;[35m[@503 - main]&amp#27;[m &amp#27;[36mcom.shaft.tools.io.ReportManager&amp#27;[m : Successfully created attachment "API Request - Specifications"
2023-02-07 10:56:41.844 &amp#27;[32m INFO&amp#27;[m &amp#27;[35m[@503 - main]&amp#27;[m &amp#27;[36mcom.shaft.tools.io.ReportManager&amp#27;[m : Successfully created attachment "API Request - Body"
2023-02-07 10:56:41.847 &amp#27;[32m INFO&amp#27;[m &amp#27;[35m[@503 - main]&amp#27;[m &amp#27;[36mcom.shaft.tools.io.ReportManager&amp#27;[m : Successfully created attachment "API Response - JSON Body"
2023-02-07 10:56:41.865 &amp#27;[32m INFO&amp#27;[m &amp#27;[35m[@503 - main]&amp#27;[m &amp#27;[36mcom.shaft.tools.io.ReportManager&amp#27;[m : File Action "DoesFileExist" successfully performed. With the following test data "File Path: "SteeringCompanyAPI_TestData/SteeringCompanyAPI_TestData.xlsx"".
2023-02-07 10:56:41.910 &amp#27;[32m INFO&amp#27;[m &amp#27;[35m[@503 - main]&amp#27;[m &amp#27;[36mcom.shaft.tools.io.ReportManager&amp#27;[m : Successfully created attachment "Test Data - Excel"
2023-02-07 10:56:43.044 &amp#27;[32m INFO&amp#27;[m &amp#27;[35m[@503 - main]&amp#27;[m &amp#27;[36mcom.shaft.tools.io.ReportManager&amp#27;[m : Response status code: "404", status line: "HTTP/1.1 404 "
2023-02-07 10:56:43.067 &amp#27;[32m INFO&amp#27;[m &amp#27;[35m[@503 - main]&amp#27;[m &amp#27;[36mcom.shaft.tools.io.ReportManager&amp#27;[m : Successfully created attachment "API Request - Specifications"
2023-02-07 10:56:43.068 &amp#27;[32m INFO&amp#27;[m &amp#27;[35m[@503 - main]&amp#27;[m &amp#27;[36mcom.shaft.tools.io.ReportManager&amp#27;[m : Successfully created attachment "API Response - JSON Body"
2023-02-07 10:56:43.072 &amp#27;[32m INFO&amp#27;[m &amp#27;[35m[@503 - main]&amp#27;[m &amp#27;[36mcom.shaft.tools.io.ReportManager&amp#27;[m : File Action "DoesFileExist" successfully performed. With the following test data "File Path: "Schemas/NotFoundError_schema.json"".
2023-02-07 10:56:43.072 &amp#27;[32m INFO&amp#27;[m &amp#27;[35m[@503 - main]&amp#27;[m &amp#27;[36mcom.shaft.tools.io.ReportManager&amp#27;[m : File Action "DoesFileExist" successfully performed. With the following test data "File Path: "src/test/resources/testDataFiles/Schemas/NotFoundError_schema.json"".
2023-02-07 10:56:43.073 &amp#27;[32m INFO&amp#27;[m &amp#27;[35m[@503 - main]&amp#27;[m &amp#27;[36mcom.shaft.tools.io.ReportManager&amp#27;[m : File Action "GetAbsolutePath" successfully performed. With the following test data "Relative Folder Path: "src/test/resources/testDataFiles/Schemas/NotFoundError_schema.json"".
2023-02-07 10:56:43.075 &amp#27;[32m INFO&amp#27;[m &amp#27;[35m[@503 - main]&amp#27;[m &amp#27;[36mcom.shaft.tools.io.ReportManager&amp#27;[m : File Action "DoesFileExist" successfully performed. With the following test data "File Path: "C:\eclipse-workspace\MyProjects\TASystemsAPIs\src\test\resources\testDataFiles\Schemas\NotFoundError_schema.json"".
2023-02-07 10:56:43.075 &amp#27;[32m INFO&amp#27;[m &amp#27;[35m[@503 - main]&amp#27;[m &amp#27;[36mcom.shaft.tools.io.ReportManager&amp#27;[m : File Action "GetAbsolutePath" successfully performed. With the following test data "Relative Folder Path: "C:\eclipse-workspace\MyProjects\TASystemsAPIs\src\test\resources\testDataFiles\Schemas\NotFoundError_schema.json"".
2023-02-07 10:56:43.076 &amp#27;[32m INFO&amp#27;[m &amp#27;[35m[@503 - main]&amp#27;[m &amp#27;[36mcom.shaft.tools.io.ReportManager&amp#27;[m : File Action "ReadFile" successfully performed. With the following test data "File Path: "C:\eclipse-workspace\MyProjects\TASystemsAPIs\src\test\resources\testDataFiles\Schemas\NotFoundError_schema.json"".
2023-02-07 10:56:43.078 &amp#27;[32m INFO&amp#27;[m &amp#27;[35m[@503 - main]&amp#27;[m &amp#27;[36mcom.shaft.tools.io.ReportManager&amp#27;[m : Successfully created attachment "Validation Test Data - Expected JSON Value"
2023-02-07 10:56:43.080 &amp#27;[32m INFO&amp#27;[m &amp#27;[35m[@503 - main]&amp#27;[m &amp#27;[36mcom.shaft.tools.io.ReportManager&amp#27;[m : Successfully created attachment "Validation Test Data - Actual JSON Value"
2023-02-07 10:56:43.081 &amp#27;[32m INFO&amp#27;[m &amp#27;[35m[@503 - main]&amp#27;[m &amp#27;[36mcom.shaft.tools.io.ReportManager&amp#27;[m : Successfully created attachment "SHAFT Engine Logs - Current Method log: Get_PeriodProgramTemplate_With_NotFound_ByID_Rq_TC"
]]></system-out>
  </testcase>
  <testcase name="Get_Valid_PeriodProgramTemplate_ByID_Rq_TC[[Ljava.lang.Object;@2e6254fc](1)" classname="SteeringCompanyAPI_TestCases.Test_PeriodProgramTemplate_Cases" time="1.36">
    <system-out><![CDATA[2023-02-07 10:56:43.090 &amp#27;[32m INFO&amp#27;[m &amp#27;[35m[@534 - main]&amp#27;[m &amp#27;[36mcom.shaft.tools.io.ReportManager&amp#27;[m : 
################################################################################################################################################
Starting Execution:	"86 out of 107" test cases in the current suite
Test Method:		"SteeringCompanyAPI_TestCases.Test_PeriodProgramTemplate_Cases.Get_Valid_PeriodProgramTemplate_ByID_Rq_TC"
Test Description:	"TC003  -PeriodProgramTemplate-   Perform Get PeriodProgramTemplate API by ID"
################################################################################################################################################
2023-02-07 10:56:43.091 &amp#27;[32m INFO&amp#27;[m &amp#27;[35m[@503 - main]&amp#27;[m &amp#27;[36mcom.shaft.tools.io.ReportManager&amp#27;[m : File Action "DoesFileExist" successfully performed. With the following test data "File Path: "SteeringCompanyAPI_TestData/SteeringCompanyAPI_TestData.xlsx"".
2023-02-07 10:56:43.158 &amp#27;[32m INFO&amp#27;[m &amp#27;[35m[@503 - main]&amp#27;[m &amp#27;[36mcom.shaft.tools.io.ReportManager&amp#27;[m : Successfully created attachment "Test Data - Excel"
2023-02-07 10:56:43.790 &amp#27;[32m INFO&amp#27;[m &amp#27;[35m[@503 - main]&amp#27;[m &amp#27;[36mcom.shaft.tools.io.ReportManager&amp#27;[m : Response status code: "200", status line: "HTTP/1.1 200 OK"
2023-02-07 10:56:43.812 &amp#27;[32m INFO&amp#27;[m &amp#27;[35m[@503 - main]&amp#27;[m &amp#27;[36mcom.shaft.tools.io.ReportManager&amp#27;[m : Successfully created attachment "API Request - Specifications"
2023-02-07 10:56:43.812 &amp#27;[32m INFO&amp#27;[m &amp#27;[35m[@503 - main]&amp#27;[m &amp#27;[36mcom.shaft.tools.io.ReportManager&amp#27;[m : Successfully created attachment "API Request - Body"
2023-02-07 10:56:43.813 &amp#27;[32m INFO&amp#27;[m &amp#27;[35m[@503 - main]&amp#27;[m &amp#27;[36mcom.shaft.tools.io.ReportManager&amp#27;[m : Successfully created attachment "API Response - JSON Body"
2023-02-07 10:56:43.831 &amp#27;[32m INFO&amp#27;[m &amp#27;[35m[@503 - main]&amp#27;[m &amp#27;[36mcom.shaft.tools.io.ReportManager&amp#27;[m : File Action "DoesFileExist" successfully performed. With the following test data "File Path: "SteeringCompanyAPI_TestData/SteeringCompanyAPI_TestData.xlsx"".
2023-02-07 10:56:43.881 &amp#27;[32m INFO&amp#27;[m &amp#27;[35m[@503 - main]&amp#27;[m &amp#27;[36mcom.shaft.tools.io.ReportManager&amp#27;[m : Successfully created attachment "Test Data - Excel"
2023-02-07 10:56:44.403 &amp#27;[32m INFO&amp#27;[m &amp#27;[35m[@503 - main]&amp#27;[m &amp#27;[36mcom.shaft.tools.io.ReportManager&amp#27;[m : Response status code: "200", status line: "HTTP/1.1 200 "
2023-02-07 10:56:44.429 &amp#27;[32m INFO&amp#27;[m &amp#27;[35m[@503 - main]&amp#27;[m &amp#27;[36mcom.shaft.tools.io.ReportManager&amp#27;[m : Successfully created attachment "API Request - Specifications"
2023-02-07 10:56:44.431 &amp#27;[32m INFO&amp#27;[m &amp#27;[35m[@503 - main]&amp#27;[m &amp#27;[36mcom.shaft.tools.io.ReportManager&amp#27;[m : Successfully created attachment "API Response - JSON Body"
2023-02-07 10:56:44.433 &amp#27;[32m INFO&amp#27;[m &amp#27;[35m[@503 - main]&amp#27;[m &amp#27;[36mcom.shaft.tools.io.ReportManager&amp#27;[m : File Action "DoesFileExist" successfully performed. With the following test data "File Path: "Schemas/PeriodProgramTemplatesByID_schema.json"".
2023-02-07 10:56:44.434 &amp#27;[32m INFO&amp#27;[m &amp#27;[35m[@503 - main]&amp#27;[m &amp#27;[36mcom.shaft.tools.io.ReportManager&amp#27;[m : File Action "DoesFileExist" successfully performed. With the following test data "File Path: "src/test/resources/testDataFiles/Schemas/PeriodProgramTemplatesByID_schema.json"".
2023-02-07 10:56:44.434 &amp#27;[32m INFO&amp#27;[m &amp#27;[35m[@503 - main]&amp#27;[m &amp#27;[36mcom.shaft.tools.io.ReportManager&amp#27;[m : File Action "GetAbsolutePath" successfully performed. With the following test data "Relative Folder Path: "src/test/resources/testDataFiles/Schemas/PeriodProgramTemplatesByID_schema.json"".
2023-02-07 10:56:44.440 &amp#27;[32m INFO&amp#27;[m &amp#27;[35m[@503 - main]&amp#27;[m &amp#27;[36mcom.shaft.tools.io.ReportManager&amp#27;[m : File Action "DoesFileExist" successfully performed. With the following test data "File Path: "C:\eclipse-workspace\MyProjects\TASystemsAPIs\src\test\resources\testDataFiles\Schemas\PeriodProgramTemplatesByID_schema.json"".
2023-02-07 10:56:44.441 &amp#27;[32m INFO&amp#27;[m &amp#27;[35m[@503 - main]&amp#27;[m &amp#27;[36mcom.shaft.tools.io.ReportManager&amp#27;[m : File Action "GetAbsolutePath" successfully performed. With the following test data "Relative Folder Path: "C:\eclipse-workspace\MyProjects\TASystemsAPIs\src\test\resources\testDataFiles\Schemas\PeriodProgramTemplatesByID_schema.json"".
2023-02-07 10:56:44.441 &amp#27;[32m INFO&amp#27;[m &amp#27;[35m[@503 - main]&amp#27;[m &amp#27;[36mcom.shaft.tools.io.ReportManager&amp#27;[m : File Action "ReadFile" successfully performed. With the following test data "File Path: "C:\eclipse-workspace\MyProjects\TASystemsAPIs\src\test\resources\testDataFiles\Schemas\PeriodProgramTemplatesByID_schema.json"".
2023-02-07 10:56:44.442 &amp#27;[32m INFO&amp#27;[m &amp#27;[35m[@503 - main]&amp#27;[m &amp#27;[36mcom.shaft.tools.io.ReportManager&amp#27;[m : Successfully created attachment "Validation Test Data - Expected JSON Value"
2023-02-07 10:56:44.444 &amp#27;[32m INFO&amp#27;[m &amp#27;[35m[@503 - main]&amp#27;[m &amp#27;[36mcom.shaft.tools.io.ReportManager&amp#27;[m : Successfully created attachment "Validation Test Data - Actual JSON Value"
2023-02-07 10:56:44.446 &amp#27;[32m INFO&amp#27;[m &amp#27;[35m[@503 - main]&amp#27;[m &amp#27;[36mcom.shaft.tools.io.ReportManager&amp#27;[m : Successfully created attachment "SHAFT Engine Logs - Current Method log: Get_Valid_PeriodProgramTemplate_ByID_Rq_TC"
]]></system-out>
  </testcase>
  <testcase name="Get_Valid_PeriodProgramTemplate_ByID_Rq_TC[[Ljava.lang.Object;@313d89a3](2)" classname="SteeringCompanyAPI_TestCases.Test_PeriodProgramTemplate_Cases" time="1.337">
    <system-out><![CDATA[2023-02-07 10:56:44.450 &amp#27;[32m INFO&amp#27;[m &amp#27;[35m[@534 - main]&amp#27;[m &amp#27;[36mcom.shaft.tools.io.ReportManager&amp#27;[m : 
################################################################################################################################################
Starting Execution:	"87 out of 107" test cases in the current suite
Test Method:		"SteeringCompanyAPI_TestCases.Test_PeriodProgramTemplate_Cases.Get_Valid_PeriodProgramTemplate_ByID_Rq_TC"
Test Description:	"TC003  -PeriodProgramTemplate-   Perform Get PeriodProgramTemplate API by ID"
################################################################################################################################################
2023-02-07 10:56:44.450 &amp#27;[32m INFO&amp#27;[m &amp#27;[35m[@503 - main]&amp#27;[m &amp#27;[36mcom.shaft.tools.io.ReportManager&amp#27;[m : File Action "DoesFileExist" successfully performed. With the following test data "File Path: "SteeringCompanyAPI_TestData/SteeringCompanyAPI_TestData.xlsx"".
2023-02-07 10:56:44.479 &amp#27;[32m INFO&amp#27;[m &amp#27;[35m[@503 - main]&amp#27;[m &amp#27;[36mcom.shaft.tools.io.ReportManager&amp#27;[m : Successfully created attachment "Test Data - Excel"
2023-02-07 10:56:45.131 &amp#27;[32m INFO&amp#27;[m &amp#27;[35m[@503 - main]&amp#27;[m &amp#27;[36mcom.shaft.tools.io.ReportManager&amp#27;[m : Response status code: "200", status line: "HTTP/1.1 200 OK"
2023-02-07 10:56:45.148 &amp#27;[32m INFO&amp#27;[m &amp#27;[35m[@503 - main]&amp#27;[m &amp#27;[36mcom.shaft.tools.io.ReportManager&amp#27;[m : Successfully created attachment "API Request - Specifications"
2023-02-07 10:56:45.150 &amp#27;[32m INFO&amp#27;[m &amp#27;[35m[@503 - main]&amp#27;[m &amp#27;[36mcom.shaft.tools.io.ReportManager&amp#27;[m : Successfully created attachment "API Request - Body"
2023-02-07 10:56:45.151 &amp#27;[32m INFO&amp#27;[m &amp#27;[35m[@503 - main]&amp#27;[m &amp#27;[36mcom.shaft.tools.io.ReportManager&amp#27;[m : Successfully created attachment "API Response - JSON Body"
2023-02-07 10:56:45.173 &amp#27;[32m INFO&amp#27;[m &amp#27;[35m[@503 - main]&amp#27;[m &amp#27;[36mcom.shaft.tools.io.ReportManager&amp#27;[m : File Action "DoesFileExist" successfully performed. With the following test data "File Path: "SteeringCompanyAPI_TestData/SteeringCompanyAPI_TestData.xlsx"".
2023-02-07 10:56:45.216 &amp#27;[32m INFO&amp#27;[m &amp#27;[35m[@503 - main]&amp#27;[m &amp#27;[36mcom.shaft.tools.io.ReportManager&amp#27;[m : Successfully created attachment "Test Data - Excel"
2023-02-07 10:56:45.743 &amp#27;[32m INFO&amp#27;[m &amp#27;[35m[@503 - main]&amp#27;[m &amp#27;[36mcom.shaft.tools.io.ReportManager&amp#27;[m : Response status code: "200", status line: "HTTP/1.1 200 "
2023-02-07 10:56:45.764 &amp#27;[32m INFO&amp#27;[m &amp#27;[35m[@503 - main]&amp#27;[m &amp#27;[36mcom.shaft.tools.io.ReportManager&amp#27;[m : Successfully created attachment "API Request - Specifications"
2023-02-07 10:56:45.765 &amp#27;[32m INFO&amp#27;[m &amp#27;[35m[@503 - main]&amp#27;[m &amp#27;[36mcom.shaft.tools.io.ReportManager&amp#27;[m : Successfully created attachment "API Response - JSON Body"
2023-02-07 10:56:45.767 &amp#27;[32m INFO&amp#27;[m &amp#27;[35m[@503 - main]&amp#27;[m &amp#27;[36mcom.shaft.tools.io.ReportManager&amp#27;[m : File Action "DoesFileExist" successfully performed. With the following test data "File Path: "Schemas/PeriodProgramTemplatesByID_schema.json"".
2023-02-07 10:56:45.767 &amp#27;[32m INFO&amp#27;[m &amp#27;[35m[@503 - main]&amp#27;[m &amp#27;[36mcom.shaft.tools.io.ReportManager&amp#27;[m : File Action "DoesFileExist" successfully performed. With the following test data "File Path: "src/test/resources/testDataFiles/Schemas/PeriodProgramTemplatesByID_schema.json"".
2023-02-07 10:56:45.768 &amp#27;[32m INFO&amp#27;[m &amp#27;[35m[@503 - main]&amp#27;[m &amp#27;[36mcom.shaft.tools.io.ReportManager&amp#27;[m : File Action "GetAbsolutePath" successfully performed. With the following test data "Relative Folder Path: "src/test/resources/testDataFiles/Schemas/PeriodProgramTemplatesByID_schema.json"".
2023-02-07 10:56:45.773 &amp#27;[32m INFO&amp#27;[m &amp#27;[35m[@503 - main]&amp#27;[m &amp#27;[36mcom.shaft.tools.io.ReportManager&amp#27;[m : File Action "DoesFileExist" successfully performed. With the following test data "File Path: "C:\eclipse-workspace\MyProjects\TASystemsAPIs\src\test\resources\testDataFiles\Schemas\PeriodProgramTemplatesByID_schema.json"".
2023-02-07 10:56:45.774 &amp#27;[32m INFO&amp#27;[m &amp#27;[35m[@503 - main]&amp#27;[m &amp#27;[36mcom.shaft.tools.io.ReportManager&amp#27;[m : File Action "GetAbsolutePath" successfully performed. With the following test data "Relative Folder Path: "C:\eclipse-workspace\MyProjects\TASystemsAPIs\src\test\resources\testDataFiles\Schemas\PeriodProgramTemplatesByID_schema.json"".
2023-02-07 10:56:45.774 &amp#27;[32m INFO&amp#27;[m &amp#27;[35m[@503 - main]&amp#27;[m &amp#27;[36mcom.shaft.tools.io.ReportManager&amp#27;[m : File Action "ReadFile" successfully performed. With the following test data "File Path: "C:\eclipse-workspace\MyProjects\TASystemsAPIs\src\test\resources\testDataFiles\Schemas\PeriodProgramTemplatesByID_schema.json"".
2023-02-07 10:56:45.778 &amp#27;[32m INFO&amp#27;[m &amp#27;[35m[@503 - main]&amp#27;[m &amp#27;[36mcom.shaft.tools.io.ReportManager&amp#27;[m : Successfully created attachment "Validation Test Data - Expected JSON Value"
2023-02-07 10:56:45.779 &amp#27;[32m INFO&amp#27;[m &amp#27;[35m[@503 - main]&amp#27;[m &amp#27;[36mcom.shaft.tools.io.ReportManager&amp#27;[m : Successfully created attachment "Validation Test Data - Actual JSON Value"
2023-02-07 10:56:45.781 &amp#27;[32m INFO&amp#27;[m &amp#27;[35m[@503 - main]&amp#27;[m &amp#27;[36mcom.shaft.tools.io.ReportManager&amp#27;[m : Successfully created attachment "SHAFT Engine Logs - Current Method log: Get_Valid_PeriodProgramTemplate_ByID_Rq_TC"
]]></system-out>
  </testcase>
  <testcase name="Get_Valid_all_PeriodProgramTemplate_Rq_TC" classname="SteeringCompanyAPI_TestCases.Test_PeriodProgramTemplate_Cases" time="1.915">
    <system-out><![CDATA[2023-02-07 10:56:45.787 &amp#27;[32m INFO&amp#27;[m &amp#27;[35m[@534 - main]&amp#27;[m &amp#27;[36mcom.shaft.tools.io.ReportManager&amp#27;[m : 
################################################################################################################################################
Starting Execution:	"88 out of 107" test cases in the current suite
Test Method:		"SteeringCompanyAPI_TestCases.Test_PeriodProgramTemplate_Cases.Get_Valid_all_PeriodProgramTemplate_Rq_TC"
Test Description:	"TC001  -PeriodProgramTemplate-  Perform Get all PeriodProgramTemplate API with valid user name and password"
################################################################################################################################################
2023-02-07 10:56:45.788 &amp#27;[32m INFO&amp#27;[m &amp#27;[35m[@503 - main]&amp#27;[m &amp#27;[36mcom.shaft.tools.io.ReportManager&amp#27;[m : File Action "DoesFileExist" successfully performed. With the following test data "File Path: "SteeringCompanyAPI_TestData/SteeringCompanyAPI_TestData.xlsx"".
2023-02-07 10:56:45.816 &amp#27;[32m INFO&amp#27;[m &amp#27;[35m[@503 - main]&amp#27;[m &amp#27;[36mcom.shaft.tools.io.ReportManager&amp#27;[m : Successfully created attachment "Test Data - Excel"
2023-02-07 10:56:46.452 &amp#27;[32m INFO&amp#27;[m &amp#27;[35m[@503 - main]&amp#27;[m &amp#27;[36mcom.shaft.tools.io.ReportManager&amp#27;[m : Response status code: "200", status line: "HTTP/1.1 200 OK"
2023-02-07 10:56:46.474 &amp#27;[32m INFO&amp#27;[m &amp#27;[35m[@503 - main]&amp#27;[m &amp#27;[36mcom.shaft.tools.io.ReportManager&amp#27;[m : Successfully created attachment "API Request - Specifications"
2023-02-07 10:56:46.474 &amp#27;[32m INFO&amp#27;[m &amp#27;[35m[@503 - main]&amp#27;[m &amp#27;[36mcom.shaft.tools.io.ReportManager&amp#27;[m : Successfully created attachment "API Request - Body"
2023-02-07 10:56:46.475 &amp#27;[32m INFO&amp#27;[m &amp#27;[35m[@503 - main]&amp#27;[m &amp#27;[36mcom.shaft.tools.io.ReportManager&amp#27;[m : Successfully created attachment "API Response - JSON Body"
2023-02-07 10:56:46.493 &amp#27;[32m INFO&amp#27;[m &amp#27;[35m[@503 - main]&amp#27;[m &amp#27;[36mcom.shaft.tools.io.ReportManager&amp#27;[m : File Action "DoesFileExist" successfully performed. With the following test data "File Path: "SteeringCompanyAPI_TestData/SteeringCompanyAPI_TestData.xlsx"".
2023-02-07 10:56:46.527 &amp#27;[32m INFO&amp#27;[m &amp#27;[35m[@503 - main]&amp#27;[m &amp#27;[36mcom.shaft.tools.io.ReportManager&amp#27;[m : Successfully created attachment "Test Data - Excel"
2023-02-07 10:56:47.479 &amp#27;[32m INFO&amp#27;[m &amp#27;[35m[@503 - main]&amp#27;[m &amp#27;[36mcom.shaft.tools.io.ReportManager&amp#27;[m : Response status code: "200", status line: "HTTP/1.1 200 "
2023-02-07 10:56:47.672 &amp#27;[32m INFO&amp#27;[m &amp#27;[35m[@503 - main]&amp#27;[m &amp#27;[36mcom.shaft.tools.io.ReportManager&amp#27;[m : Successfully created attachment "API Request - Specifications"
2023-02-07 10:56:47.674 &amp#27;[32m INFO&amp#27;[m &amp#27;[35m[@503 - main]&amp#27;[m &amp#27;[36mcom.shaft.tools.io.ReportManager&amp#27;[m : Successfully created attachment "API Response - JSON Body"
2023-02-07 10:56:47.676 &amp#27;[32m INFO&amp#27;[m &amp#27;[35m[@503 - main]&amp#27;[m &amp#27;[36mcom.shaft.tools.io.ReportManager&amp#27;[m : Successfully created attachment "Validation Test Data - Expected Value"
2023-02-07 10:56:47.680 &amp#27;[32m INFO&amp#27;[m &amp#27;[35m[@503 - main]&amp#27;[m &amp#27;[36mcom.shaft.tools.io.ReportManager&amp#27;[m : Successfully created attachment "Validation Test Data - Actual Value"
2023-02-07 10:56:47.683 &amp#27;[32m INFO&amp#27;[m &amp#27;[35m[@503 - main]&amp#27;[m &amp#27;[36mcom.shaft.tools.io.ReportManager&amp#27;[m : Get response jsonvalue "content".
2023-02-07 10:56:47.684 &amp#27;[32m INFO&amp#27;[m &amp#27;[35m[@503 - main]&amp#27;[m &amp#27;[36mcom.shaft.tools.io.ReportManager&amp#27;[m : Successfully created attachment "Validation Test Data - Expected Value"
2023-02-07 10:56:47.684 &amp#27;[32m INFO&amp#27;[m &amp#27;[35m[@503 - main]&amp#27;[m &amp#27;[36mcom.shaft.tools.io.ReportManager&amp#27;[m : Successfully created attachment "Validation Test Data - Actual Value"
2023-02-07 10:56:47.685 &amp#27;[32m INFO&amp#27;[m &amp#27;[35m[@503 - main]&amp#27;[m &amp#27;[36mcom.shaft.tools.io.ReportManager&amp#27;[m : File Action "DoesFileExist" successfully performed. With the following test data "File Path: "Schemas/PeriodProgramTemplates_schema.json"".
2023-02-07 10:56:47.685 &amp#27;[32m INFO&amp#27;[m &amp#27;[35m[@503 - main]&amp#27;[m &amp#27;[36mcom.shaft.tools.io.ReportManager&amp#27;[m : File Action "DoesFileExist" successfully performed. With the following test data "File Path: "src/test/resources/testDataFiles/Schemas/PeriodProgramTemplates_schema.json"".
2023-02-07 10:56:47.685 &amp#27;[32m INFO&amp#27;[m &amp#27;[35m[@503 - main]&amp#27;[m &amp#27;[36mcom.shaft.tools.io.ReportManager&amp#27;[m : File Action "GetAbsolutePath" successfully performed. With the following test data "Relative Folder Path: "src/test/resources/testDataFiles/Schemas/PeriodProgramTemplates_schema.json"".
2023-02-07 10:56:47.692 &amp#27;[32m INFO&amp#27;[m &amp#27;[35m[@503 - main]&amp#27;[m &amp#27;[36mcom.shaft.tools.io.ReportManager&amp#27;[m : File Action "DoesFileExist" successfully performed. With the following test data "File Path: "C:\eclipse-workspace\MyProjects\TASystemsAPIs\src\test\resources\testDataFiles\Schemas\PeriodProgramTemplates_schema.json"".
2023-02-07 10:56:47.693 &amp#27;[32m INFO&amp#27;[m &amp#27;[35m[@503 - main]&amp#27;[m &amp#27;[36mcom.shaft.tools.io.ReportManager&amp#27;[m : File Action "GetAbsolutePath" successfully performed. With the following test data "Relative Folder Path: "C:\eclipse-workspace\MyProjects\TASystemsAPIs\src\test\resources\testDataFiles\Schemas\PeriodProgramTemplates_schema.json"".
2023-02-07 10:56:47.693 &amp#27;[32m INFO&amp#27;[m &amp#27;[35m[@503 - main]&amp#27;[m &amp#27;[36mcom.shaft.tools.io.ReportManager&amp#27;[m : File Action "ReadFile" successfully performed. With the following test data "File Path: "C:\eclipse-workspace\MyProjects\TASystemsAPIs\src\test\resources\testDataFiles\Schemas\PeriodProgramTemplates_schema.json"".
2023-02-07 10:56:47.696 &amp#27;[32m INFO&amp#27;[m &amp#27;[35m[@503 - main]&amp#27;[m &amp#27;[36mcom.shaft.tools.io.ReportManager&amp#27;[m : Successfully created attachment "Validation Test Data - Expected JSON Value"
2023-02-07 10:56:47.697 &amp#27;[32m INFO&amp#27;[m &amp#27;[35m[@503 - main]&amp#27;[m &amp#27;[36mcom.shaft.tools.io.ReportManager&amp#27;[m : Successfully created attachment "Validation Test Data - Actual JSON Value"
2023-02-07 10:56:47.697 &amp#27;[32m INFO&amp#27;[m &amp#27;[35m[@503 - main]&amp#27;[m &amp#27;[36mcom.shaft.tools.io.ReportManager&amp#27;[m : Successfully created attachment "SHAFT Engine Logs - Current Method log: Get_Valid_all_PeriodProgramTemplate_Rq_TC"
]]></system-out>
  </testcase>
  <testcase name="Get_Valid_all_PeriodProgramTemplate_by_Qry_Rq_TC[[Ljava.lang.Object;@2c1712b](1)" classname="SteeringCompanyAPI_TestCases.Test_PeriodProgramTemplate_Cases" time="4.046">
    <system-out><![CDATA[2023-02-07 10:56:47.702 &amp#27;[32m INFO&amp#27;[m &amp#27;[35m[@534 - main]&amp#27;[m &amp#27;[36mcom.shaft.tools.io.ReportManager&amp#27;[m : 
################################################################################################################################################
Starting Execution:	"89 out of 107" test cases in the current suite
Test Method:		"SteeringCompanyAPI_TestCases.Test_PeriodProgramTemplate_Cases.Get_Valid_all_PeriodProgramTemplate_by_Qry_Rq_TC"
Test Description:	"TC002  -PeriodProgramTemplate-   Perform Get all PeriodProgramTemplate API with pagination with valid user name and password"
################################################################################################################################################
2023-02-07 10:56:47.703 &amp#27;[32m INFO&amp#27;[m &amp#27;[35m[@503 - main]&amp#27;[m &amp#27;[36mcom.shaft.tools.io.ReportManager&amp#27;[m : File Action "DoesFileExist" successfully performed. With the following test data "File Path: "SteeringCompanyAPI_TestData/SteeringCompanyAPI_TestData.xlsx"".
2023-02-07 10:56:47.734 &amp#27;[32m INFO&amp#27;[m &amp#27;[35m[@503 - main]&amp#27;[m &amp#27;[36mcom.shaft.tools.io.ReportManager&amp#27;[m : Successfully created attachment "Test Data - Excel"
2023-02-07 10:56:49.364 &amp#27;[32m INFO&amp#27;[m &amp#27;[35m[@503 - main]&amp#27;[m &amp#27;[36mcom.shaft.tools.io.ReportManager&amp#27;[m : Response status code: "200", status line: "HTTP/1.1 200 OK"
2023-02-07 10:56:49.376 &amp#27;[32m INFO&amp#27;[m &amp#27;[35m[@503 - main]&amp#27;[m &amp#27;[36mcom.shaft.tools.io.ReportManager&amp#27;[m : Successfully created attachment "API Request - Specifications"
2023-02-07 10:56:49.377 &amp#27;[32m INFO&amp#27;[m &amp#27;[35m[@503 - main]&amp#27;[m &amp#27;[36mcom.shaft.tools.io.ReportManager&amp#27;[m : Successfully created attachment "API Request - Body"
2023-02-07 10:56:49.377 &amp#27;[32m INFO&amp#27;[m &amp#27;[35m[@503 - main]&amp#27;[m &amp#27;[36mcom.shaft.tools.io.ReportManager&amp#27;[m : Successfully created attachment "API Response - JSON Body"
2023-02-07 10:56:49.389 &amp#27;[32m INFO&amp#27;[m &amp#27;[35m[@503 - main]&amp#27;[m &amp#27;[36mcom.shaft.tools.io.ReportManager&amp#27;[m : File Action "DoesFileExist" successfully performed. With the following test data "File Path: "SteeringCompanyAPI_TestData/SteeringCompanyAPI_TestData.xlsx"".
2023-02-07 10:56:49.417 &amp#27;[32m INFO&amp#27;[m &amp#27;[35m[@503 - main]&amp#27;[m &amp#27;[36mcom.shaft.tools.io.ReportManager&amp#27;[m : Successfully created attachment "Test Data - Excel"
2023-02-07 10:56:50.983 &amp#27;[32m INFO&amp#27;[m &amp#27;[35m[@503 - main]&amp#27;[m &amp#27;[36mcom.shaft.tools.io.ReportManager&amp#27;[m : Response status code: "200", status line: "HTTP/1.1 200 "
2023-02-07 10:56:51.682 &amp#27;[32m INFO&amp#27;[m &amp#27;[35m[@503 - main]&amp#27;[m &amp#27;[36mcom.shaft.tools.io.ReportManager&amp#27;[m : Successfully created attachment "API Request - Specifications"
2023-02-07 10:56:51.683 &amp#27;[32m INFO&amp#27;[m &amp#27;[35m[@503 - main]&amp#27;[m &amp#27;[36mcom.shaft.tools.io.ReportManager&amp#27;[m : Successfully created attachment "API Response - JSON Body"
2023-02-07 10:56:51.686 &amp#27;[32m INFO&amp#27;[m &amp#27;[35m[@503 - main]&amp#27;[m &amp#27;[36mcom.shaft.tools.io.ReportManager&amp#27;[m : Successfully created attachment "Validation Test Data - Expected Value"
2023-02-07 10:56:51.688 &amp#27;[32m INFO&amp#27;[m &amp#27;[35m[@503 - main]&amp#27;[m &amp#27;[36mcom.shaft.tools.io.ReportManager&amp#27;[m : Successfully created attachment "Validation Test Data - Actual Value"
2023-02-07 10:56:51.702 &amp#27;[32m INFO&amp#27;[m &amp#27;[35m[@503 - main]&amp#27;[m &amp#27;[36mcom.shaft.tools.io.ReportManager&amp#27;[m : Get response jsonvalue "content".
2023-02-07 10:56:51.704 &amp#27;[32m INFO&amp#27;[m &amp#27;[35m[@503 - main]&amp#27;[m &amp#27;[36mcom.shaft.tools.io.ReportManager&amp#27;[m : Successfully created attachment "Validation Test Data - Expected Value"
2023-02-07 10:56:51.705 &amp#27;[32m INFO&amp#27;[m &amp#27;[35m[@503 - main]&amp#27;[m &amp#27;[36mcom.shaft.tools.io.ReportManager&amp#27;[m : Successfully created attachment "Validation Test Data - Actual Value"
2023-02-07 10:56:51.705 &amp#27;[32m INFO&amp#27;[m &amp#27;[35m[@503 - main]&amp#27;[m &amp#27;[36mcom.shaft.tools.io.ReportManager&amp#27;[m : File Action "DoesFileExist" successfully performed. With the following test data "File Path: "Schemas/PeriodProgramTemplates_schema.json"".
2023-02-07 10:56:51.706 &amp#27;[32m INFO&amp#27;[m &amp#27;[35m[@503 - main]&amp#27;[m &amp#27;[36mcom.shaft.tools.io.ReportManager&amp#27;[m : File Action "DoesFileExist" successfully performed. With the following test data "File Path: "src/test/resources/testDataFiles/Schemas/PeriodProgramTemplates_schema.json"".
2023-02-07 10:56:51.706 &amp#27;[32m INFO&amp#27;[m &amp#27;[35m[@503 - main]&amp#27;[m &amp#27;[36mcom.shaft.tools.io.ReportManager&amp#27;[m : File Action "GetAbsolutePath" successfully performed. With the following test data "Relative Folder Path: "src/test/resources/testDataFiles/Schemas/PeriodProgramTemplates_schema.json"".
2023-02-07 10:56:51.729 &amp#27;[32m INFO&amp#27;[m &amp#27;[35m[@503 - main]&amp#27;[m &amp#27;[36mcom.shaft.tools.io.ReportManager&amp#27;[m : File Action "DoesFileExist" successfully performed. With the following test data "File Path: "C:\eclipse-workspace\MyProjects\TASystemsAPIs\src\test\resources\testDataFiles\Schemas\PeriodProgramTemplates_schema.json"".
2023-02-07 10:56:51.730 &amp#27;[32m INFO&amp#27;[m &amp#27;[35m[@503 - main]&amp#27;[m &amp#27;[36mcom.shaft.tools.io.ReportManager&amp#27;[m : File Action "GetAbsolutePath" successfully performed. With the following test data "Relative Folder Path: "C:\eclipse-workspace\MyProjects\TASystemsAPIs\src\test\resources\testDataFiles\Schemas\PeriodProgramTemplates_schema.json"".
2023-02-07 10:56:51.730 &amp#27;[32m INFO&amp#27;[m &amp#27;[35m[@503 - main]&amp#27;[m &amp#27;[36mcom.shaft.tools.io.ReportManager&amp#27;[m : File Action "ReadFile" successfully performed. With the following test data "File Path: "C:\eclipse-workspace\MyProjects\TASystemsAPIs\src\test\resources\testDataFiles\Schemas\PeriodProgramTemplates_schema.json"".
2023-02-07 10:56:51.737 &amp#27;[32m INFO&amp#27;[m &amp#27;[35m[@503 - main]&amp#27;[m &amp#27;[36mcom.shaft.tools.io.ReportManager&amp#27;[m : Successfully created attachment "Validation Test Data - Expected JSON Value"
2023-02-07 10:56:51.738 &amp#27;[32m INFO&amp#27;[m &amp#27;[35m[@503 - main]&amp#27;[m &amp#27;[36mcom.shaft.tools.io.ReportManager&amp#27;[m : Successfully created attachment "Validation Test Data - Actual JSON Value"
2023-02-07 10:56:51.744 &amp#27;[32m INFO&amp#27;[m &amp#27;[35m[@503 - main]&amp#27;[m &amp#27;[36mcom.shaft.tools.io.ReportManager&amp#27;[m : Successfully created attachment "SHAFT Engine Logs - Current Method log: Get_Valid_all_PeriodProgramTemplate_by_Qry_Rq_TC"
]]></system-out>
  </testcase>
  <testcase name="Get_Valid_all_PeriodProgramTemplate_by_Qry_Rq_TC[[Ljava.lang.Object;@cf9d7ee](2)" classname="SteeringCompanyAPI_TestCases.Test_PeriodProgramTemplate_Cases" time="1.333">
    <system-out><![CDATA[2023-02-07 10:56:51.749 &amp#27;[32m INFO&amp#27;[m &amp#27;[35m[@534 - main]&amp#27;[m &amp#27;[36mcom.shaft.tools.io.ReportManager&amp#27;[m : 
################################################################################################################################################
Starting Execution:	"90 out of 107" test cases in the current suite
Test Method:		"SteeringCompanyAPI_TestCases.Test_PeriodProgramTemplate_Cases.Get_Valid_all_PeriodProgramTemplate_by_Qry_Rq_TC"
Test Description:	"TC002  -PeriodProgramTemplate-   Perform Get all PeriodProgramTemplate API with pagination with valid user name and password"
################################################################################################################################################
2023-02-07 10:56:51.749 &amp#27;[32m INFO&amp#27;[m &amp#27;[35m[@503 - main]&amp#27;[m &amp#27;[36mcom.shaft.tools.io.ReportManager&amp#27;[m : File Action "DoesFileExist" successfully performed. With the following test data "File Path: "SteeringCompanyAPI_TestData/SteeringCompanyAPI_TestData.xlsx"".
2023-02-07 10:56:51.775 &amp#27;[32m INFO&amp#27;[m &amp#27;[35m[@503 - main]&amp#27;[m &amp#27;[36mcom.shaft.tools.io.ReportManager&amp#27;[m : Successfully created attachment "Test Data - Excel"
2023-02-07 10:56:52.414 &amp#27;[32m INFO&amp#27;[m &amp#27;[35m[@503 - main]&amp#27;[m &amp#27;[36mcom.shaft.tools.io.ReportManager&amp#27;[m : Response status code: "200", status line: "HTTP/1.1 200 OK"
2023-02-07 10:56:52.438 &amp#27;[32m INFO&amp#27;[m &amp#27;[35m[@503 - main]&amp#27;[m &amp#27;[36mcom.shaft.tools.io.ReportManager&amp#27;[m : Successfully created attachment "API Request - Specifications"
2023-02-07 10:56:52.439 &amp#27;[32m INFO&amp#27;[m &amp#27;[35m[@503 - main]&amp#27;[m &amp#27;[36mcom.shaft.tools.io.ReportManager&amp#27;[m : Successfully created attachment "API Request - Body"
2023-02-07 10:56:52.440 &amp#27;[32m INFO&amp#27;[m &amp#27;[35m[@503 - main]&amp#27;[m &amp#27;[36mcom.shaft.tools.io.ReportManager&amp#27;[m : Successfully created attachment "API Response - JSON Body"
2023-02-07 10:56:52.462 &amp#27;[32m INFO&amp#27;[m &amp#27;[35m[@503 - main]&amp#27;[m &amp#27;[36mcom.shaft.tools.io.ReportManager&amp#27;[m : File Action "DoesFileExist" successfully performed. With the following test data "File Path: "SteeringCompanyAPI_TestData/SteeringCompanyAPI_TestData.xlsx"".
2023-02-07 10:56:52.504 &amp#27;[32m INFO&amp#27;[m &amp#27;[35m[@503 - main]&amp#27;[m &amp#27;[36mcom.shaft.tools.io.ReportManager&amp#27;[m : Successfully created attachment "Test Data - Excel"
2023-02-07 10:56:53.041 &amp#27;[32m INFO&amp#27;[m &amp#27;[35m[@503 - main]&amp#27;[m &amp#27;[36mcom.shaft.tools.io.ReportManager&amp#27;[m : Response status code: "200", status line: "HTTP/1.1 200 "
2023-02-07 10:56:53.059 &amp#27;[32m INFO&amp#27;[m &amp#27;[35m[@503 - main]&amp#27;[m &amp#27;[36mcom.shaft.tools.io.ReportManager&amp#27;[m : Successfully created attachment "API Request - Specifications"
2023-02-07 10:56:53.063 &amp#27;[32m INFO&amp#27;[m &amp#27;[35m[@503 - main]&amp#27;[m &amp#27;[36mcom.shaft.tools.io.ReportManager&amp#27;[m : Successfully created attachment "API Response - JSON Body"
2023-02-07 10:56:53.065 &amp#27;[32m INFO&amp#27;[m &amp#27;[35m[@503 - main]&amp#27;[m &amp#27;[36mcom.shaft.tools.io.ReportManager&amp#27;[m : Get response jsonvalue "content".
2023-02-07 10:56:53.068 &amp#27;[32m INFO&amp#27;[m &amp#27;[35m[@503 - main]&amp#27;[m &amp#27;[36mcom.shaft.tools.io.ReportManager&amp#27;[m : File Action "DoesFileExist" successfully performed. With the following test data "File Path: "Schemas/PeriodProgramTemplates_schema.json"".
2023-02-07 10:56:53.068 &amp#27;[32m INFO&amp#27;[m &amp#27;[35m[@503 - main]&amp#27;[m &amp#27;[36mcom.shaft.tools.io.ReportManager&amp#27;[m : File Action "DoesFileExist" successfully performed. With the following test data "File Path: "src/test/resources/testDataFiles/Schemas/PeriodProgramTemplates_schema.json"".
2023-02-07 10:56:53.068 &amp#27;[32m INFO&amp#27;[m &amp#27;[35m[@503 - main]&amp#27;[m &amp#27;[36mcom.shaft.tools.io.ReportManager&amp#27;[m : File Action "GetAbsolutePath" successfully performed. With the following test data "Relative Folder Path: "src/test/resources/testDataFiles/Schemas/PeriodProgramTemplates_schema.json"".
2023-02-07 10:56:53.075 &amp#27;[32m INFO&amp#27;[m &amp#27;[35m[@503 - main]&amp#27;[m &amp#27;[36mcom.shaft.tools.io.ReportManager&amp#27;[m : File Action "DoesFileExist" successfully performed. With the following test data "File Path: "C:\eclipse-workspace\MyProjects\TASystemsAPIs\src\test\resources\testDataFiles\Schemas\PeriodProgramTemplates_schema.json"".
2023-02-07 10:56:53.075 &amp#27;[32m INFO&amp#27;[m &amp#27;[35m[@503 - main]&amp#27;[m &amp#27;[36mcom.shaft.tools.io.ReportManager&amp#27;[m : File Action "GetAbsolutePath" successfully performed. With the following test data "Relative Folder Path: "C:\eclipse-workspace\MyProjects\TASystemsAPIs\src\test\resources\testDataFiles\Schemas\PeriodProgramTemplates_schema.json"".
2023-02-07 10:56:53.075 &amp#27;[32m INFO&amp#27;[m &amp#27;[35m[@503 - main]&amp#27;[m &amp#27;[36mcom.shaft.tools.io.ReportManager&amp#27;[m : File Action "ReadFile" successfully performed. With the following test data "File Path: "C:\eclipse-workspace\MyProjects\TASystemsAPIs\src\test\resources\testDataFiles\Schemas\PeriodProgramTemplates_schema.json"".
2023-02-07 10:56:53.077 &amp#27;[32m INFO&amp#27;[m &amp#27;[35m[@503 - main]&amp#27;[m &amp#27;[36mcom.shaft.tools.io.ReportManager&amp#27;[m : Successfully created attachment "Validation Test Data - Expected JSON Value"
2023-02-07 10:56:53.078 &amp#27;[32m INFO&amp#27;[m &amp#27;[35m[@503 - main]&amp#27;[m &amp#27;[36mcom.shaft.tools.io.ReportManager&amp#27;[m : Successfully created attachment "Validation Test Data - Actual JSON Value"
2023-02-07 10:56:53.078 &amp#27;[32m INFO&amp#27;[m &amp#27;[35m[@503 - main]&amp#27;[m &amp#27;[36mcom.shaft.tools.io.ReportManager&amp#27;[m : Successfully created attachment "SHAFT Engine Logs - Current Method log: Get_Valid_all_PeriodProgramTemplate_by_Qry_Rq_TC"
]]></system-out>
  </testcase>
  <testcase name="Get_Valid_all_PeriodProgramTemplate_by_Qry_Rq_TC[[Ljava.lang.Object;@550e427a](3)" classname="SteeringCompanyAPI_TestCases.Test_PeriodProgramTemplate_Cases" time="1.291">
    <system-out><![CDATA[2023-02-07 10:56:53.085 &amp#27;[32m INFO&amp#27;[m &amp#27;[35m[@534 - main]&amp#27;[m &amp#27;[36mcom.shaft.tools.io.ReportManager&amp#27;[m : 
################################################################################################################################################
Starting Execution:	"91 out of 107" test cases in the current suite
Test Method:		"SteeringCompanyAPI_TestCases.Test_PeriodProgramTemplate_Cases.Get_Valid_all_PeriodProgramTemplate_by_Qry_Rq_TC"
Test Description:	"TC002  -PeriodProgramTemplate-   Perform Get all PeriodProgramTemplate API with pagination with valid user name and password"
################################################################################################################################################
2023-02-07 10:56:53.086 &amp#27;[32m INFO&amp#27;[m &amp#27;[35m[@503 - main]&amp#27;[m &amp#27;[36mcom.shaft.tools.io.ReportManager&amp#27;[m : File Action "DoesFileExist" successfully performed. With the following test data "File Path: "SteeringCompanyAPI_TestData/SteeringCompanyAPI_TestData.xlsx"".
2023-02-07 10:56:53.140 &amp#27;[32m INFO&amp#27;[m &amp#27;[35m[@503 - main]&amp#27;[m &amp#27;[36mcom.shaft.tools.io.ReportManager&amp#27;[m : Successfully created attachment "Test Data - Excel"
2023-02-07 10:56:53.748 &amp#27;[32m INFO&amp#27;[m &amp#27;[35m[@503 - main]&amp#27;[m &amp#27;[36mcom.shaft.tools.io.ReportManager&amp#27;[m : Response status code: "200", status line: "HTTP/1.1 200 OK"
2023-02-07 10:56:53.759 &amp#27;[32m INFO&amp#27;[m &amp#27;[35m[@503 - main]&amp#27;[m &amp#27;[36mcom.shaft.tools.io.ReportManager&amp#27;[m : Successfully created attachment "API Request - Specifications"
2023-02-07 10:56:53.763 &amp#27;[32m INFO&amp#27;[m &amp#27;[35m[@503 - main]&amp#27;[m &amp#27;[36mcom.shaft.tools.io.ReportManager&amp#27;[m : Successfully created attachment "API Request - Body"
2023-02-07 10:56:53.764 &amp#27;[32m INFO&amp#27;[m &amp#27;[35m[@503 - main]&amp#27;[m &amp#27;[36mcom.shaft.tools.io.ReportManager&amp#27;[m : Successfully created attachment "API Response - JSON Body"
2023-02-07 10:56:53.782 &amp#27;[32m INFO&amp#27;[m &amp#27;[35m[@503 - main]&amp#27;[m &amp#27;[36mcom.shaft.tools.io.ReportManager&amp#27;[m : File Action "DoesFileExist" successfully performed. With the following test data "File Path: "SteeringCompanyAPI_TestData/SteeringCompanyAPI_TestData.xlsx"".
2023-02-07 10:56:53.811 &amp#27;[32m INFO&amp#27;[m &amp#27;[35m[@503 - main]&amp#27;[m &amp#27;[36mcom.shaft.tools.io.ReportManager&amp#27;[m : Successfully created attachment "Test Data - Excel"
2023-02-07 10:56:54.324 &amp#27;[32m INFO&amp#27;[m &amp#27;[35m[@503 - main]&amp#27;[m &amp#27;[36mcom.shaft.tools.io.ReportManager&amp#27;[m : Response status code: "200", status line: "HTTP/1.1 200 "
2023-02-07 10:56:54.346 &amp#27;[32m INFO&amp#27;[m &amp#27;[35m[@503 - main]&amp#27;[m &amp#27;[36mcom.shaft.tools.io.ReportManager&amp#27;[m : Successfully created attachment "API Request - Specifications"
2023-02-07 10:56:54.347 &amp#27;[32m INFO&amp#27;[m &amp#27;[35m[@503 - main]&amp#27;[m &amp#27;[36mcom.shaft.tools.io.ReportManager&amp#27;[m : Successfully created attachment "API Response - JSON Body"
2023-02-07 10:56:54.349 &amp#27;[32m INFO&amp#27;[m &amp#27;[35m[@503 - main]&amp#27;[m &amp#27;[36mcom.shaft.tools.io.ReportManager&amp#27;[m : Get response jsonvalue "content".
2023-02-07 10:56:54.350 &amp#27;[32m INFO&amp#27;[m &amp#27;[35m[@503 - main]&amp#27;[m &amp#27;[36mcom.shaft.tools.io.ReportManager&amp#27;[m : File Action "DoesFileExist" successfully performed. With the following test data "File Path: "Schemas/PeriodProgramTemplates_schema.json"".
2023-02-07 10:56:54.350 &amp#27;[32m INFO&amp#27;[m &amp#27;[35m[@503 - main]&amp#27;[m &amp#27;[36mcom.shaft.tools.io.ReportManager&amp#27;[m : File Action "DoesFileExist" successfully performed. With the following test data "File Path: "src/test/resources/testDataFiles/Schemas/PeriodProgramTemplates_schema.json"".
2023-02-07 10:56:54.351 &amp#27;[32m INFO&amp#27;[m &amp#27;[35m[@503 - main]&amp#27;[m &amp#27;[36mcom.shaft.tools.io.ReportManager&amp#27;[m : File Action "GetAbsolutePath" successfully performed. With the following test data "Relative Folder Path: "src/test/resources/testDataFiles/Schemas/PeriodProgramTemplates_schema.json"".
2023-02-07 10:56:54.359 &amp#27;[32m INFO&amp#27;[m &amp#27;[35m[@503 - main]&amp#27;[m &amp#27;[36mcom.shaft.tools.io.ReportManager&amp#27;[m : File Action "DoesFileExist" successfully performed. With the following test data "File Path: "C:\eclipse-workspace\MyProjects\TASystemsAPIs\src\test\resources\testDataFiles\Schemas\PeriodProgramTemplates_schema.json"".
2023-02-07 10:56:54.360 &amp#27;[32m INFO&amp#27;[m &amp#27;[35m[@503 - main]&amp#27;[m &amp#27;[36mcom.shaft.tools.io.ReportManager&amp#27;[m : File Action "GetAbsolutePath" successfully performed. With the following test data "Relative Folder Path: "C:\eclipse-workspace\MyProjects\TASystemsAPIs\src\test\resources\testDataFiles\Schemas\PeriodProgramTemplates_schema.json"".
2023-02-07 10:56:54.360 &amp#27;[32m INFO&amp#27;[m &amp#27;[35m[@503 - main]&amp#27;[m &amp#27;[36mcom.shaft.tools.io.ReportManager&amp#27;[m : File Action "ReadFile" successfully performed. With the following test data "File Path: "C:\eclipse-workspace\MyProjects\TASystemsAPIs\src\test\resources\testDataFiles\Schemas\PeriodProgramTemplates_schema.json"".
2023-02-07 10:56:54.362 &amp#27;[32m INFO&amp#27;[m &amp#27;[35m[@503 - main]&amp#27;[m &amp#27;[36mcom.shaft.tools.io.ReportManager&amp#27;[m : Successfully created attachment "Validation Test Data - Expected JSON Value"
2023-02-07 10:56:54.363 &amp#27;[32m INFO&amp#27;[m &amp#27;[35m[@503 - main]&amp#27;[m &amp#27;[36mcom.shaft.tools.io.ReportManager&amp#27;[m : Successfully created attachment "Validation Test Data - Actual JSON Value"
2023-02-07 10:56:54.365 &amp#27;[32m INFO&amp#27;[m &amp#27;[35m[@503 - main]&amp#27;[m &amp#27;[36mcom.shaft.tools.io.ReportManager&amp#27;[m : Successfully created attachment "SHAFT Engine Logs - Current Method log: Get_Valid_all_PeriodProgramTemplate_by_Qry_Rq_TC"
]]></system-out>
  </testcase>
  <testcase name="Get_Valid_all_PeriodProgramTemplate_by_Qry_Rq_TC[[Ljava.lang.Object;@e63d8d0](4)" classname="SteeringCompanyAPI_TestCases.Test_PeriodProgramTemplate_Cases" time="2.175">
    <system-out><![CDATA[2023-02-07 10:56:54.373 &amp#27;[32m INFO&amp#27;[m &amp#27;[35m[@534 - main]&amp#27;[m &amp#27;[36mcom.shaft.tools.io.ReportManager&amp#27;[m : 
################################################################################################################################################
Starting Execution:	"92 out of 107" test cases in the current suite
Test Method:		"SteeringCompanyAPI_TestCases.Test_PeriodProgramTemplate_Cases.Get_Valid_all_PeriodProgramTemplate_by_Qry_Rq_TC"
Test Description:	"TC002  -PeriodProgramTemplate-   Perform Get all PeriodProgramTemplate API with pagination with valid user name and password"
################################################################################################################################################
2023-02-07 10:56:54.373 &amp#27;[32m INFO&amp#27;[m &amp#27;[35m[@503 - main]&amp#27;[m &amp#27;[36mcom.shaft.tools.io.ReportManager&amp#27;[m : File Action "DoesFileExist" successfully performed. With the following test data "File Path: "SteeringCompanyAPI_TestData/SteeringCompanyAPI_TestData.xlsx"".
2023-02-07 10:56:54.417 &amp#27;[32m INFO&amp#27;[m &amp#27;[35m[@503 - main]&amp#27;[m &amp#27;[36mcom.shaft.tools.io.ReportManager&amp#27;[m : Successfully created attachment "Test Data - Excel"
2023-02-07 10:56:55.065 &amp#27;[32m INFO&amp#27;[m &amp#27;[35m[@503 - main]&amp#27;[m &amp#27;[36mcom.shaft.tools.io.ReportManager&amp#27;[m : Response status code: "200", status line: "HTTP/1.1 200 OK"
2023-02-07 10:56:55.089 &amp#27;[32m INFO&amp#27;[m &amp#27;[35m[@503 - main]&amp#27;[m &amp#27;[36mcom.shaft.tools.io.ReportManager&amp#27;[m : Successfully created attachment "API Request - Specifications"
2023-02-07 10:56:55.093 &amp#27;[32m INFO&amp#27;[m &amp#27;[35m[@503 - main]&amp#27;[m &amp#27;[36mcom.shaft.tools.io.ReportManager&amp#27;[m : Successfully created attachment "API Request - Body"
2023-02-07 10:56:55.094 &amp#27;[32m INFO&amp#27;[m &amp#27;[35m[@503 - main]&amp#27;[m &amp#27;[36mcom.shaft.tools.io.ReportManager&amp#27;[m : Successfully created attachment "API Response - JSON Body"
2023-02-07 10:56:55.105 &amp#27;[32m INFO&amp#27;[m &amp#27;[35m[@503 - main]&amp#27;[m &amp#27;[36mcom.shaft.tools.io.ReportManager&amp#27;[m : File Action "DoesFileExist" successfully performed. With the following test data "File Path: "SteeringCompanyAPI_TestData/SteeringCompanyAPI_TestData.xlsx"".
2023-02-07 10:56:55.145 &amp#27;[32m INFO&amp#27;[m &amp#27;[35m[@503 - main]&amp#27;[m &amp#27;[36mcom.shaft.tools.io.ReportManager&amp#27;[m : Successfully created attachment "Test Data - Excel"
2023-02-07 10:56:55.726 &amp#27;[32m INFO&amp#27;[m &amp#27;[35m[@503 - main]&amp#27;[m &amp#27;[36mcom.shaft.tools.io.ReportManager&amp#27;[m : Response status code: "200", status line: "HTTP/1.1 200 "
2023-02-07 10:56:56.476 &amp#27;[32m INFO&amp#27;[m &amp#27;[35m[@503 - main]&amp#27;[m &amp#27;[36mcom.shaft.tools.io.ReportManager&amp#27;[m : Successfully created attachment "API Request - Specifications"
2023-02-07 10:56:56.478 &amp#27;[32m INFO&amp#27;[m &amp#27;[35m[@503 - main]&amp#27;[m &amp#27;[36mcom.shaft.tools.io.ReportManager&amp#27;[m : Successfully created attachment "API Response - JSON Body"
2023-02-07 10:56:56.481 &amp#27;[32m INFO&amp#27;[m &amp#27;[35m[@503 - main]&amp#27;[m &amp#27;[36mcom.shaft.tools.io.ReportManager&amp#27;[m : Successfully created attachment "Validation Test Data - Expected Value"
2023-02-07 10:56:56.482 &amp#27;[32m INFO&amp#27;[m &amp#27;[35m[@503 - main]&amp#27;[m &amp#27;[36mcom.shaft.tools.io.ReportManager&amp#27;[m : Successfully created attachment "Validation Test Data - Actual Value"
2023-02-07 10:56:56.495 &amp#27;[32m INFO&amp#27;[m &amp#27;[35m[@503 - main]&amp#27;[m &amp#27;[36mcom.shaft.tools.io.ReportManager&amp#27;[m : Get response jsonvalue "content".
2023-02-07 10:56:56.497 &amp#27;[32m INFO&amp#27;[m &amp#27;[35m[@503 - main]&amp#27;[m &amp#27;[36mcom.shaft.tools.io.ReportManager&amp#27;[m : Successfully created attachment "Validation Test Data - Expected Value"
2023-02-07 10:56:56.501 &amp#27;[32m INFO&amp#27;[m &amp#27;[35m[@503 - main]&amp#27;[m &amp#27;[36mcom.shaft.tools.io.ReportManager&amp#27;[m : Successfully created attachment "Validation Test Data - Actual Value"
2023-02-07 10:56:56.501 &amp#27;[32m INFO&amp#27;[m &amp#27;[35m[@503 - main]&amp#27;[m &amp#27;[36mcom.shaft.tools.io.ReportManager&amp#27;[m : File Action "DoesFileExist" successfully performed. With the following test data "File Path: "Schemas/PeriodProgramTemplates_schema.json"".
2023-02-07 10:56:56.502 &amp#27;[32m INFO&amp#27;[m &amp#27;[35m[@503 - main]&amp#27;[m &amp#27;[36mcom.shaft.tools.io.ReportManager&amp#27;[m : File Action "DoesFileExist" successfully performed. With the following test data "File Path: "src/test/resources/testDataFiles/Schemas/PeriodProgramTemplates_schema.json"".
2023-02-07 10:56:56.502 &amp#27;[32m INFO&amp#27;[m &amp#27;[35m[@503 - main]&amp#27;[m &amp#27;[36mcom.shaft.tools.io.ReportManager&amp#27;[m : File Action "GetAbsolutePath" successfully performed. With the following test data "Relative Folder Path: "src/test/resources/testDataFiles/Schemas/PeriodProgramTemplates_schema.json"".
2023-02-07 10:56:56.526 &amp#27;[32m INFO&amp#27;[m &amp#27;[35m[@503 - main]&amp#27;[m &amp#27;[36mcom.shaft.tools.io.ReportManager&amp#27;[m : File Action "DoesFileExist" successfully performed. With the following test data "File Path: "C:\eclipse-workspace\MyProjects\TASystemsAPIs\src\test\resources\testDataFiles\Schemas\PeriodProgramTemplates_schema.json"".
2023-02-07 10:56:56.530 &amp#27;[32m INFO&amp#27;[m &amp#27;[35m[@503 - main]&amp#27;[m &amp#27;[36mcom.shaft.tools.io.ReportManager&amp#27;[m : File Action "GetAbsolutePath" successfully performed. With the following test data "Relative Folder Path: "C:\eclipse-workspace\MyProjects\TASystemsAPIs\src\test\resources\testDataFiles\Schemas\PeriodProgramTemplates_schema.json"".
2023-02-07 10:56:56.531 &amp#27;[32m INFO&amp#27;[m &amp#27;[35m[@503 - main]&amp#27;[m &amp#27;[36mcom.shaft.tools.io.ReportManager&amp#27;[m : File Action "ReadFile" successfully performed. With the following test data "File Path: "C:\eclipse-workspace\MyProjects\TASystemsAPIs\src\test\resources\testDataFiles\Schemas\PeriodProgramTemplates_schema.json"".
2023-02-07 10:56:56.540 &amp#27;[32m INFO&amp#27;[m &amp#27;[35m[@503 - main]&amp#27;[m &amp#27;[36mcom.shaft.tools.io.ReportManager&amp#27;[m : Successfully created attachment "Validation Test Data - Expected JSON Value"
2023-02-07 10:56:56.542 &amp#27;[32m INFO&amp#27;[m &amp#27;[35m[@503 - main]&amp#27;[m &amp#27;[36mcom.shaft.tools.io.ReportManager&amp#27;[m : Successfully created attachment "Validation Test Data - Actual JSON Value"
2023-02-07 10:56:56.543 &amp#27;[32m INFO&amp#27;[m &amp#27;[35m[@503 - main]&amp#27;[m &amp#27;[36mcom.shaft.tools.io.ReportManager&amp#27;[m : Successfully created attachment "SHAFT Engine Logs - Current Method log: Get_Valid_all_PeriodProgramTemplate_by_Qry_Rq_TC"
]]></system-out>
  </testcase>
  <testcase name="Get_Valid_all_PeriodProgramTemplate_by_Qry_Rq_TC[[Ljava.lang.Object;@386686c1](5)" classname="SteeringCompanyAPI_TestCases.Test_PeriodProgramTemplate_Cases" time="2.228">
    <system-out><![CDATA[2023-02-07 10:56:56.549 &amp#27;[32m INFO&amp#27;[m &amp#27;[35m[@534 - main]&amp#27;[m &amp#27;[36mcom.shaft.tools.io.ReportManager&amp#27;[m : 
################################################################################################################################################
Starting Execution:	"93 out of 107" test cases in the current suite
Test Method:		"SteeringCompanyAPI_TestCases.Test_PeriodProgramTemplate_Cases.Get_Valid_all_PeriodProgramTemplate_by_Qry_Rq_TC"
Test Description:	"TC002  -PeriodProgramTemplate-   Perform Get all PeriodProgramTemplate API with pagination with valid user name and password"
################################################################################################################################################
2023-02-07 10:56:56.550 &amp#27;[32m INFO&amp#27;[m &amp#27;[35m[@503 - main]&amp#27;[m &amp#27;[36mcom.shaft.tools.io.ReportManager&amp#27;[m : File Action "DoesFileExist" successfully performed. With the following test data "File Path: "SteeringCompanyAPI_TestData/SteeringCompanyAPI_TestData.xlsx"".
2023-02-07 10:56:56.580 &amp#27;[32m INFO&amp#27;[m &amp#27;[35m[@503 - main]&amp#27;[m &amp#27;[36mcom.shaft.tools.io.ReportManager&amp#27;[m : Successfully created attachment "Test Data - Excel"
2023-02-07 10:56:57.568 &amp#27;[32m INFO&amp#27;[m &amp#27;[35m[@503 - main]&amp#27;[m &amp#27;[36mcom.shaft.tools.io.ReportManager&amp#27;[m : Response status code: "200", status line: "HTTP/1.1 200 OK"
2023-02-07 10:56:57.586 &amp#27;[32m INFO&amp#27;[m &amp#27;[35m[@503 - main]&amp#27;[m &amp#27;[36mcom.shaft.tools.io.ReportManager&amp#27;[m : Successfully created attachment "API Request - Specifications"
2023-02-07 10:56:57.586 &amp#27;[32m INFO&amp#27;[m &amp#27;[35m[@503 - main]&amp#27;[m &amp#27;[36mcom.shaft.tools.io.ReportManager&amp#27;[m : Successfully created attachment "API Request - Body"
2023-02-07 10:56:57.587 &amp#27;[32m INFO&amp#27;[m &amp#27;[35m[@503 - main]&amp#27;[m &amp#27;[36mcom.shaft.tools.io.ReportManager&amp#27;[m : Successfully created attachment "API Response - JSON Body"
2023-02-07 10:56:57.608 &amp#27;[32m INFO&amp#27;[m &amp#27;[35m[@503 - main]&amp#27;[m &amp#27;[36mcom.shaft.tools.io.ReportManager&amp#27;[m : File Action "DoesFileExist" successfully performed. With the following test data "File Path: "SteeringCompanyAPI_TestData/SteeringCompanyAPI_TestData.xlsx"".
2023-02-07 10:56:57.632 &amp#27;[32m INFO&amp#27;[m &amp#27;[35m[@503 - main]&amp#27;[m &amp#27;[36mcom.shaft.tools.io.ReportManager&amp#27;[m : Successfully created attachment "Test Data - Excel"
2023-02-07 10:56:58.551 &amp#27;[32m INFO&amp#27;[m &amp#27;[35m[@503 - main]&amp#27;[m &amp#27;[36mcom.shaft.tools.io.ReportManager&amp#27;[m : Response status code: "200", status line: "HTTP/1.1 200 "
2023-02-07 10:56:58.729 &amp#27;[32m INFO&amp#27;[m &amp#27;[35m[@503 - main]&amp#27;[m &amp#27;[36mcom.shaft.tools.io.ReportManager&amp#27;[m : Successfully created attachment "API Request - Specifications"
2023-02-07 10:56:58.731 &amp#27;[32m INFO&amp#27;[m &amp#27;[35m[@503 - main]&amp#27;[m &amp#27;[36mcom.shaft.tools.io.ReportManager&amp#27;[m : Successfully created attachment "API Response - JSON Body"
2023-02-07 10:56:58.736 &amp#27;[32m INFO&amp#27;[m &amp#27;[35m[@503 - main]&amp#27;[m &amp#27;[36mcom.shaft.tools.io.ReportManager&amp#27;[m : Successfully created attachment "Validation Test Data - Expected Value"
2023-02-07 10:56:58.737 &amp#27;[32m INFO&amp#27;[m &amp#27;[35m[@503 - main]&amp#27;[m &amp#27;[36mcom.shaft.tools.io.ReportManager&amp#27;[m : Successfully created attachment "Validation Test Data - Actual Value"
2023-02-07 10:56:58.743 &amp#27;[32m INFO&amp#27;[m &amp#27;[35m[@503 - main]&amp#27;[m &amp#27;[36mcom.shaft.tools.io.ReportManager&amp#27;[m : Get response jsonvalue "content".
2023-02-07 10:56:58.745 &amp#27;[32m INFO&amp#27;[m &amp#27;[35m[@503 - main]&amp#27;[m &amp#27;[36mcom.shaft.tools.io.ReportManager&amp#27;[m : Successfully created attachment "Validation Test Data - Expected Value"
2023-02-07 10:56:58.748 &amp#27;[32m INFO&amp#27;[m &amp#27;[35m[@503 - main]&amp#27;[m &amp#27;[36mcom.shaft.tools.io.ReportManager&amp#27;[m : Successfully created attachment "Validation Test Data - Actual Value"
2023-02-07 10:56:58.748 &amp#27;[32m INFO&amp#27;[m &amp#27;[35m[@503 - main]&amp#27;[m &amp#27;[36mcom.shaft.tools.io.ReportManager&amp#27;[m : File Action "DoesFileExist" successfully performed. With the following test data "File Path: "Schemas/PeriodProgramTemplates_schema.json"".
2023-02-07 10:56:58.748 &amp#27;[32m INFO&amp#27;[m &amp#27;[35m[@503 - main]&amp#27;[m &amp#27;[36mcom.shaft.tools.io.ReportManager&amp#27;[m : File Action "DoesFileExist" successfully performed. With the following test data "File Path: "src/test/resources/testDataFiles/Schemas/PeriodProgramTemplates_schema.json"".
2023-02-07 10:56:58.749 &amp#27;[32m INFO&amp#27;[m &amp#27;[35m[@503 - main]&amp#27;[m &amp#27;[36mcom.shaft.tools.io.ReportManager&amp#27;[m : File Action "GetAbsolutePath" successfully performed. With the following test data "Relative Folder Path: "src/test/resources/testDataFiles/Schemas/PeriodProgramTemplates_schema.json"".
2023-02-07 10:56:58.757 &amp#27;[32m INFO&amp#27;[m &amp#27;[35m[@503 - main]&amp#27;[m &amp#27;[36mcom.shaft.tools.io.ReportManager&amp#27;[m : File Action "DoesFileExist" successfully performed. With the following test data "File Path: "C:\eclipse-workspace\MyProjects\TASystemsAPIs\src\test\resources\testDataFiles\Schemas\PeriodProgramTemplates_schema.json"".
2023-02-07 10:56:58.757 &amp#27;[32m INFO&amp#27;[m &amp#27;[35m[@503 - main]&amp#27;[m &amp#27;[36mcom.shaft.tools.io.ReportManager&amp#27;[m : File Action "GetAbsolutePath" successfully performed. With the following test data "Relative Folder Path: "C:\eclipse-workspace\MyProjects\TASystemsAPIs\src\test\resources\testDataFiles\Schemas\PeriodProgramTemplates_schema.json"".
2023-02-07 10:56:58.760 &amp#27;[32m INFO&amp#27;[m &amp#27;[35m[@503 - main]&amp#27;[m &amp#27;[36mcom.shaft.tools.io.ReportManager&amp#27;[m : File Action "ReadFile" successfully performed. With the following test data "File Path: "C:\eclipse-workspace\MyProjects\TASystemsAPIs\src\test\resources\testDataFiles\Schemas\PeriodProgramTemplates_schema.json"".
2023-02-07 10:56:58.764 &amp#27;[32m INFO&amp#27;[m &amp#27;[35m[@503 - main]&amp#27;[m &amp#27;[36mcom.shaft.tools.io.ReportManager&amp#27;[m : Successfully created attachment "Validation Test Data - Expected JSON Value"
2023-02-07 10:56:58.769 &amp#27;[32m INFO&amp#27;[m &amp#27;[35m[@503 - main]&amp#27;[m &amp#27;[36mcom.shaft.tools.io.ReportManager&amp#27;[m : Successfully created attachment "Validation Test Data - Actual JSON Value"
2023-02-07 10:56:58.771 &amp#27;[32m INFO&amp#27;[m &amp#27;[35m[@503 - main]&amp#27;[m &amp#27;[36mcom.shaft.tools.io.ReportManager&amp#27;[m : Successfully created attachment "SHAFT Engine Logs - Current Method log: Get_Valid_all_PeriodProgramTemplate_by_Qry_Rq_TC"
]]></system-out>
  </testcase>
  <testcase name="Get_Valid_all_PeriodProgramTemplate_by_Qry_Rq_TC[[Ljava.lang.Object;@7e4d743c](6)" classname="SteeringCompanyAPI_TestCases.Test_PeriodProgramTemplate_Cases" time="1.583">
    <system-out><![CDATA[2023-02-07 10:56:58.782 &amp#27;[32m INFO&amp#27;[m &amp#27;[35m[@534 - main]&amp#27;[m &amp#27;[36mcom.shaft.tools.io.ReportManager&amp#27;[m : 
################################################################################################################################################
Starting Execution:	"94 out of 107" test cases in the current suite
Test Method:		"SteeringCompanyAPI_TestCases.Test_PeriodProgramTemplate_Cases.Get_Valid_all_PeriodProgramTemplate_by_Qry_Rq_TC"
Test Description:	"TC002  -PeriodProgramTemplate-   Perform Get all PeriodProgramTemplate API with pagination with valid user name and password"
################################################################################################################################################
2023-02-07 10:56:58.786 &amp#27;[32m INFO&amp#27;[m &amp#27;[35m[@503 - main]&amp#27;[m &amp#27;[36mcom.shaft.tools.io.ReportManager&amp#27;[m : File Action "DoesFileExist" successfully performed. With the following test data "File Path: "SteeringCompanyAPI_TestData/SteeringCompanyAPI_TestData.xlsx"".
2023-02-07 10:56:58.832 &amp#27;[32m INFO&amp#27;[m &amp#27;[35m[@503 - main]&amp#27;[m &amp#27;[36mcom.shaft.tools.io.ReportManager&amp#27;[m : Successfully created attachment "Test Data - Excel"
2023-02-07 10:56:59.457 &amp#27;[32m INFO&amp#27;[m &amp#27;[35m[@503 - main]&amp#27;[m &amp#27;[36mcom.shaft.tools.io.ReportManager&amp#27;[m : Response status code: "200", status line: "HTTP/1.1 200 OK"
2023-02-07 10:56:59.485 &amp#27;[32m INFO&amp#27;[m &amp#27;[35m[@503 - main]&amp#27;[m &amp#27;[36mcom.shaft.tools.io.ReportManager&amp#27;[m : Successfully created attachment "API Request - Specifications"
2023-02-07 10:56:59.486 &amp#27;[32m INFO&amp#27;[m &amp#27;[35m[@503 - main]&amp#27;[m &amp#27;[36mcom.shaft.tools.io.ReportManager&amp#27;[m : Successfully created attachment "API Request - Body"
2023-02-07 10:56:59.489 &amp#27;[32m INFO&amp#27;[m &amp#27;[35m[@503 - main]&amp#27;[m &amp#27;[36mcom.shaft.tools.io.ReportManager&amp#27;[m : Successfully created attachment "API Response - JSON Body"
2023-02-07 10:56:59.507 &amp#27;[32m INFO&amp#27;[m &amp#27;[35m[@503 - main]&amp#27;[m &amp#27;[36mcom.shaft.tools.io.ReportManager&amp#27;[m : File Action "DoesFileExist" successfully performed. With the following test data "File Path: "SteeringCompanyAPI_TestData/SteeringCompanyAPI_TestData.xlsx"".
2023-02-07 10:56:59.546 &amp#27;[32m INFO&amp#27;[m &amp#27;[35m[@503 - main]&amp#27;[m &amp#27;[36mcom.shaft.tools.io.ReportManager&amp#27;[m : Successfully created attachment "Test Data - Excel"
2023-02-07 10:57:00.279 &amp#27;[32m INFO&amp#27;[m &amp#27;[35m[@503 - main]&amp#27;[m &amp#27;[36mcom.shaft.tools.io.ReportManager&amp#27;[m : Response status code: "200", status line: "HTTP/1.1 200 "
2023-02-07 10:57:00.312 &amp#27;[32m INFO&amp#27;[m &amp#27;[35m[@503 - main]&amp#27;[m &amp#27;[36mcom.shaft.tools.io.ReportManager&amp#27;[m : Successfully created attachment "API Request - Specifications"
2023-02-07 10:57:00.314 &amp#27;[32m INFO&amp#27;[m &amp#27;[35m[@503 - main]&amp#27;[m &amp#27;[36mcom.shaft.tools.io.ReportManager&amp#27;[m : Successfully created attachment "API Response - JSON Body"
2023-02-07 10:57:00.317 &amp#27;[32m INFO&amp#27;[m &amp#27;[35m[@503 - main]&amp#27;[m &amp#27;[36mcom.shaft.tools.io.ReportManager&amp#27;[m : Successfully created attachment "Validation Test Data - Expected Value"
2023-02-07 10:57:00.319 &amp#27;[32m INFO&amp#27;[m &amp#27;[35m[@503 - main]&amp#27;[m &amp#27;[36mcom.shaft.tools.io.ReportManager&amp#27;[m : Successfully created attachment "Validation Test Data - Actual Value"
2023-02-07 10:57:00.330 &amp#27;[32m INFO&amp#27;[m &amp#27;[35m[@503 - main]&amp#27;[m &amp#27;[36mcom.shaft.tools.io.ReportManager&amp#27;[m : Get response jsonvalue "content".
2023-02-07 10:57:00.333 &amp#27;[32m INFO&amp#27;[m &amp#27;[35m[@503 - main]&amp#27;[m &amp#27;[36mcom.shaft.tools.io.ReportManager&amp#27;[m : Successfully created attachment "Validation Test Data - Expected Value"
2023-02-07 10:57:00.335 &amp#27;[32m INFO&amp#27;[m &amp#27;[35m[@503 - main]&amp#27;[m &amp#27;[36mcom.shaft.tools.io.ReportManager&amp#27;[m : Successfully created attachment "Validation Test Data - Actual Value"
2023-02-07 10:57:00.335 &amp#27;[32m INFO&amp#27;[m &amp#27;[35m[@503 - main]&amp#27;[m &amp#27;[36mcom.shaft.tools.io.ReportManager&amp#27;[m : File Action "DoesFileExist" successfully performed. With the following test data "File Path: "Schemas/PeriodProgramTemplates_schema.json"".
2023-02-07 10:57:00.336 &amp#27;[32m INFO&amp#27;[m &amp#27;[35m[@503 - main]&amp#27;[m &amp#27;[36mcom.shaft.tools.io.ReportManager&amp#27;[m : File Action "DoesFileExist" successfully performed. With the following test data "File Path: "src/test/resources/testDataFiles/Schemas/PeriodProgramTemplates_schema.json"".
2023-02-07 10:57:00.336 &amp#27;[32m INFO&amp#27;[m &amp#27;[35m[@503 - main]&amp#27;[m &amp#27;[36mcom.shaft.tools.io.ReportManager&amp#27;[m : File Action "GetAbsolutePath" successfully performed. With the following test data "Relative Folder Path: "src/test/resources/testDataFiles/Schemas/PeriodProgramTemplates_schema.json"".
2023-02-07 10:57:00.344 &amp#27;[32m INFO&amp#27;[m &amp#27;[35m[@503 - main]&amp#27;[m &amp#27;[36mcom.shaft.tools.io.ReportManager&amp#27;[m : File Action "DoesFileExist" successfully performed. With the following test data "File Path: "C:\eclipse-workspace\MyProjects\TASystemsAPIs\src\test\resources\testDataFiles\Schemas\PeriodProgramTemplates_schema.json"".
2023-02-07 10:57:00.344 &amp#27;[32m INFO&amp#27;[m &amp#27;[35m[@503 - main]&amp#27;[m &amp#27;[36mcom.shaft.tools.io.ReportManager&amp#27;[m : File Action "GetAbsolutePath" successfully performed. With the following test data "Relative Folder Path: "C:\eclipse-workspace\MyProjects\TASystemsAPIs\src\test\resources\testDataFiles\Schemas\PeriodProgramTemplates_schema.json"".
2023-02-07 10:57:00.345 &amp#27;[32m INFO&amp#27;[m &amp#27;[35m[@503 - main]&amp#27;[m &amp#27;[36mcom.shaft.tools.io.ReportManager&amp#27;[m : File Action "ReadFile" successfully performed. With the following test data "File Path: "C:\eclipse-workspace\MyProjects\TASystemsAPIs\src\test\resources\testDataFiles\Schemas\PeriodProgramTemplates_schema.json"".
2023-02-07 10:57:00.349 &amp#27;[32m INFO&amp#27;[m &amp#27;[35m[@503 - main]&amp#27;[m &amp#27;[36mcom.shaft.tools.io.ReportManager&amp#27;[m : Successfully created attachment "Validation Test Data - Expected JSON Value"
2023-02-07 10:57:00.351 &amp#27;[32m INFO&amp#27;[m &amp#27;[35m[@503 - main]&amp#27;[m &amp#27;[36mcom.shaft.tools.io.ReportManager&amp#27;[m : Successfully created attachment "Validation Test Data - Actual JSON Value"
2023-02-07 10:57:00.353 &amp#27;[32m INFO&amp#27;[m &amp#27;[35m[@503 - main]&amp#27;[m &amp#27;[36mcom.shaft.tools.io.ReportManager&amp#27;[m : Successfully created attachment "SHAFT Engine Logs - Current Method log: Get_Valid_all_PeriodProgramTemplate_by_Qry_Rq_TC"
]]></system-out>
  </testcase>
  <testcase name="Get_Valid_all_PeriodProgramTemplate_by_Qry_Rq_TC[[Ljava.lang.Object;@72d5daf9](7)" classname="SteeringCompanyAPI_TestCases.Test_PeriodProgramTemplate_Cases" time="1.472">
    <system-out><![CDATA[2023-02-07 10:57:00.358 &amp#27;[32m INFO&amp#27;[m &amp#27;[35m[@534 - main]&amp#27;[m &amp#27;[36mcom.shaft.tools.io.ReportManager&amp#27;[m : 
################################################################################################################################################
Starting Execution:	"95 out of 107" test cases in the current suite
Test Method:		"SteeringCompanyAPI_TestCases.Test_PeriodProgramTemplate_Cases.Get_Valid_all_PeriodProgramTemplate_by_Qry_Rq_TC"
Test Description:	"TC002  -PeriodProgramTemplate-   Perform Get all PeriodProgramTemplate API with pagination with valid user name and password"
################################################################################################################################################
2023-02-07 10:57:00.359 &amp#27;[32m INFO&amp#27;[m &amp#27;[35m[@503 - main]&amp#27;[m &amp#27;[36mcom.shaft.tools.io.ReportManager&amp#27;[m : File Action "DoesFileExist" successfully performed. With the following test data "File Path: "SteeringCompanyAPI_TestData/SteeringCompanyAPI_TestData.xlsx"".
2023-02-07 10:57:00.403 &amp#27;[32m INFO&amp#27;[m &amp#27;[35m[@503 - main]&amp#27;[m &amp#27;[36mcom.shaft.tools.io.ReportManager&amp#27;[m : Successfully created attachment "Test Data - Excel"
2023-02-07 10:57:01.032 &amp#27;[32m INFO&amp#27;[m &amp#27;[35m[@503 - main]&amp#27;[m &amp#27;[36mcom.shaft.tools.io.ReportManager&amp#27;[m : Response status code: "200", status line: "HTTP/1.1 200 OK"
2023-02-07 10:57:01.046 &amp#27;[32m INFO&amp#27;[m &amp#27;[35m[@503 - main]&amp#27;[m &amp#27;[36mcom.shaft.tools.io.ReportManager&amp#27;[m : Successfully created attachment "API Request - Specifications"
2023-02-07 10:57:01.047 &amp#27;[32m INFO&amp#27;[m &amp#27;[35m[@503 - main]&amp#27;[m &amp#27;[36mcom.shaft.tools.io.ReportManager&amp#27;[m : Successfully created attachment "API Request - Body"
2023-02-07 10:57:01.047 &amp#27;[32m INFO&amp#27;[m &amp#27;[35m[@503 - main]&amp#27;[m &amp#27;[36mcom.shaft.tools.io.ReportManager&amp#27;[m : Successfully created attachment "API Response - JSON Body"
2023-02-07 10:57:01.056 &amp#27;[32m INFO&amp#27;[m &amp#27;[35m[@503 - main]&amp#27;[m &amp#27;[36mcom.shaft.tools.io.ReportManager&amp#27;[m : File Action "DoesFileExist" successfully performed. With the following test data "File Path: "SteeringCompanyAPI_TestData/SteeringCompanyAPI_TestData.xlsx"".
2023-02-07 10:57:01.089 &amp#27;[32m INFO&amp#27;[m &amp#27;[35m[@503 - main]&amp#27;[m &amp#27;[36mcom.shaft.tools.io.ReportManager&amp#27;[m : Successfully created attachment "Test Data - Excel"
2023-02-07 10:57:01.627 &amp#27;[32m INFO&amp#27;[m &amp#27;[35m[@503 - main]&amp#27;[m &amp#27;[36mcom.shaft.tools.io.ReportManager&amp#27;[m : Response status code: "200", status line: "HTTP/1.1 200 "
2023-02-07 10:57:01.782 &amp#27;[32m INFO&amp#27;[m &amp#27;[35m[@503 - main]&amp#27;[m &amp#27;[36mcom.shaft.tools.io.ReportManager&amp#27;[m : Successfully created attachment "API Request - Specifications"
2023-02-07 10:57:01.787 &amp#27;[32m INFO&amp#27;[m &amp#27;[35m[@503 - main]&amp#27;[m &amp#27;[36mcom.shaft.tools.io.ReportManager&amp#27;[m : Successfully created attachment "API Response - JSON Body"
2023-02-07 10:57:01.793 &amp#27;[32m INFO&amp#27;[m &amp#27;[35m[@503 - main]&amp#27;[m &amp#27;[36mcom.shaft.tools.io.ReportManager&amp#27;[m : Successfully created attachment "Validation Test Data - Expected Value"
2023-02-07 10:57:01.797 &amp#27;[32m INFO&amp#27;[m &amp#27;[35m[@503 - main]&amp#27;[m &amp#27;[36mcom.shaft.tools.io.ReportManager&amp#27;[m : Successfully created attachment "Validation Test Data - Actual Value"
2023-02-07 10:57:01.802 &amp#27;[32m INFO&amp#27;[m &amp#27;[35m[@503 - main]&amp#27;[m &amp#27;[36mcom.shaft.tools.io.ReportManager&amp#27;[m : Get response jsonvalue "content".
2023-02-07 10:57:01.804 &amp#27;[32m INFO&amp#27;[m &amp#27;[35m[@503 - main]&amp#27;[m &amp#27;[36mcom.shaft.tools.io.ReportManager&amp#27;[m : Successfully created attachment "Validation Test Data - Expected Value"
2023-02-07 10:57:01.805 &amp#27;[32m INFO&amp#27;[m &amp#27;[35m[@503 - main]&amp#27;[m &amp#27;[36mcom.shaft.tools.io.ReportManager&amp#27;[m : Successfully created attachment "Validation Test Data - Actual Value"
2023-02-07 10:57:01.806 &amp#27;[32m INFO&amp#27;[m &amp#27;[35m[@503 - main]&amp#27;[m &amp#27;[36mcom.shaft.tools.io.ReportManager&amp#27;[m : File Action "DoesFileExist" successfully performed. With the following test data "File Path: "Schemas/PeriodProgramTemplates_schema.json"".
2023-02-07 10:57:01.806 &amp#27;[32m INFO&amp#27;[m &amp#27;[35m[@503 - main]&amp#27;[m &amp#27;[36mcom.shaft.tools.io.ReportManager&amp#27;[m : File Action "DoesFileExist" successfully performed. With the following test data "File Path: "src/test/resources/testDataFiles/Schemas/PeriodProgramTemplates_schema.json"".
2023-02-07 10:57:01.806 &amp#27;[32m INFO&amp#27;[m &amp#27;[35m[@503 - main]&amp#27;[m &amp#27;[36mcom.shaft.tools.io.ReportManager&amp#27;[m : File Action "GetAbsolutePath" successfully performed. With the following test data "Relative Folder Path: "src/test/resources/testDataFiles/Schemas/PeriodProgramTemplates_schema.json"".
2023-02-07 10:57:01.814 &amp#27;[32m INFO&amp#27;[m &amp#27;[35m[@503 - main]&amp#27;[m &amp#27;[36mcom.shaft.tools.io.ReportManager&amp#27;[m : File Action "DoesFileExist" successfully performed. With the following test data "File Path: "C:\eclipse-workspace\MyProjects\TASystemsAPIs\src\test\resources\testDataFiles\Schemas\PeriodProgramTemplates_schema.json"".
2023-02-07 10:57:01.815 &amp#27;[32m INFO&amp#27;[m &amp#27;[35m[@503 - main]&amp#27;[m &amp#27;[36mcom.shaft.tools.io.ReportManager&amp#27;[m : File Action "GetAbsolutePath" successfully performed. With the following test data "Relative Folder Path: "C:\eclipse-workspace\MyProjects\TASystemsAPIs\src\test\resources\testDataFiles\Schemas\PeriodProgramTemplates_schema.json"".
2023-02-07 10:57:01.815 &amp#27;[32m INFO&amp#27;[m &amp#27;[35m[@503 - main]&amp#27;[m &amp#27;[36mcom.shaft.tools.io.ReportManager&amp#27;[m : File Action "ReadFile" successfully performed. With the following test data "File Path: "C:\eclipse-workspace\MyProjects\TASystemsAPIs\src\test\resources\testDataFiles\Schemas\PeriodProgramTemplates_schema.json"".
2023-02-07 10:57:01.821 &amp#27;[32m INFO&amp#27;[m &amp#27;[35m[@503 - main]&amp#27;[m &amp#27;[36mcom.shaft.tools.io.ReportManager&amp#27;[m : Successfully created attachment "Validation Test Data - Expected JSON Value"
2023-02-07 10:57:01.823 &amp#27;[32m INFO&amp#27;[m &amp#27;[35m[@503 - main]&amp#27;[m &amp#27;[36mcom.shaft.tools.io.ReportManager&amp#27;[m : Successfully created attachment "Validation Test Data - Actual JSON Value"
2023-02-07 10:57:01.826 &amp#27;[32m INFO&amp#27;[m &amp#27;[35m[@503 - main]&amp#27;[m &amp#27;[36mcom.shaft.tools.io.ReportManager&amp#27;[m : Successfully created attachment "SHAFT Engine Logs - Current Method log: Get_Valid_all_PeriodProgramTemplate_by_Qry_Rq_TC"
]]></system-out>
  </testcase>
  <testcase name="Get_Valid_all_PeriodProgramTemplate_by_Qry_Rq_TC[[Ljava.lang.Object;@50a071c5](8)" classname="SteeringCompanyAPI_TestCases.Test_PeriodProgramTemplate_Cases" time="3.016">
    <system-out><![CDATA[2023-02-07 10:57:01.832 &amp#27;[32m INFO&amp#27;[m &amp#27;[35m[@534 - main]&amp#27;[m &amp#27;[36mcom.shaft.tools.io.ReportManager&amp#27;[m : 
################################################################################################################################################
Starting Execution:	"96 out of 107" test cases in the current suite
Test Method:		"SteeringCompanyAPI_TestCases.Test_PeriodProgramTemplate_Cases.Get_Valid_all_PeriodProgramTemplate_by_Qry_Rq_TC"
Test Description:	"TC002  -PeriodProgramTemplate-   Perform Get all PeriodProgramTemplate API with pagination with valid user name and password"
################################################################################################################################################
2023-02-07 10:57:01.833 &amp#27;[32m INFO&amp#27;[m &amp#27;[35m[@503 - main]&amp#27;[m &amp#27;[36mcom.shaft.tools.io.ReportManager&amp#27;[m : File Action "DoesFileExist" successfully performed. With the following test data "File Path: "SteeringCompanyAPI_TestData/SteeringCompanyAPI_TestData.xlsx"".
2023-02-07 10:57:01.876 &amp#27;[32m INFO&amp#27;[m &amp#27;[35m[@503 - main]&amp#27;[m &amp#27;[36mcom.shaft.tools.io.ReportManager&amp#27;[m : Successfully created attachment "Test Data - Excel"
2023-02-07 10:57:02.876 &amp#27;[32m INFO&amp#27;[m &amp#27;[35m[@503 - main]&amp#27;[m &amp#27;[36mcom.shaft.tools.io.ReportManager&amp#27;[m : Response status code: "200", status line: "HTTP/1.1 200 OK"
2023-02-07 10:57:02.916 &amp#27;[32m INFO&amp#27;[m &amp#27;[35m[@503 - main]&amp#27;[m &amp#27;[36mcom.shaft.tools.io.ReportManager&amp#27;[m : Successfully created attachment "API Request - Specifications"
2023-02-07 10:57:02.921 &amp#27;[32m INFO&amp#27;[m &amp#27;[35m[@503 - main]&amp#27;[m &amp#27;[36mcom.shaft.tools.io.ReportManager&amp#27;[m : Successfully created attachment "API Request - Body"
2023-02-07 10:57:02.924 &amp#27;[32m INFO&amp#27;[m &amp#27;[35m[@503 - main]&amp#27;[m &amp#27;[36mcom.shaft.tools.io.ReportManager&amp#27;[m : Successfully created attachment "API Response - JSON Body"
2023-02-07 10:57:02.942 &amp#27;[32m INFO&amp#27;[m &amp#27;[35m[@503 - main]&amp#27;[m &amp#27;[36mcom.shaft.tools.io.ReportManager&amp#27;[m : File Action "DoesFileExist" successfully performed. With the following test data "File Path: "SteeringCompanyAPI_TestData/SteeringCompanyAPI_TestData.xlsx"".
2023-02-07 10:57:02.990 &amp#27;[32m INFO&amp#27;[m &amp#27;[35m[@503 - main]&amp#27;[m &amp#27;[36mcom.shaft.tools.io.ReportManager&amp#27;[m : Successfully created attachment "Test Data - Excel"
2023-02-07 10:57:04.757 &amp#27;[32m INFO&amp#27;[m &amp#27;[35m[@503 - main]&amp#27;[m &amp#27;[36mcom.shaft.tools.io.ReportManager&amp#27;[m : Response status code: "200", status line: "HTTP/1.1 200 "
2023-02-07 10:57:04.795 &amp#27;[32m INFO&amp#27;[m &amp#27;[35m[@503 - main]&amp#27;[m &amp#27;[36mcom.shaft.tools.io.ReportManager&amp#27;[m : Successfully created attachment "API Request - Specifications"
2023-02-07 10:57:04.800 &amp#27;[32m INFO&amp#27;[m &amp#27;[35m[@503 - main]&amp#27;[m &amp#27;[36mcom.shaft.tools.io.ReportManager&amp#27;[m : Successfully created attachment "API Response - JSON Body"
2023-02-07 10:57:04.802 &amp#27;[32m INFO&amp#27;[m &amp#27;[35m[@503 - main]&amp#27;[m &amp#27;[36mcom.shaft.tools.io.ReportManager&amp#27;[m : Successfully created attachment "Validation Test Data - Expected Value"
2023-02-07 10:57:04.804 &amp#27;[32m INFO&amp#27;[m &amp#27;[35m[@503 - main]&amp#27;[m &amp#27;[36mcom.shaft.tools.io.ReportManager&amp#27;[m : Successfully created attachment "Validation Test Data - Actual Value"
2023-02-07 10:57:04.809 &amp#27;[32m INFO&amp#27;[m &amp#27;[35m[@503 - main]&amp#27;[m &amp#27;[36mcom.shaft.tools.io.ReportManager&amp#27;[m : Get response jsonvalue "content".
2023-02-07 10:57:04.811 &amp#27;[32m INFO&amp#27;[m &amp#27;[35m[@503 - main]&amp#27;[m &amp#27;[36mcom.shaft.tools.io.ReportManager&amp#27;[m : Successfully created attachment "Validation Test Data - Expected Value"
2023-02-07 10:57:04.814 &amp#27;[32m INFO&amp#27;[m &amp#27;[35m[@503 - main]&amp#27;[m &amp#27;[36mcom.shaft.tools.io.ReportManager&amp#27;[m : Successfully created attachment "Validation Test Data - Actual Value"
2023-02-07 10:57:04.816 &amp#27;[32m INFO&amp#27;[m &amp#27;[35m[@503 - main]&amp#27;[m &amp#27;[36mcom.shaft.tools.io.ReportManager&amp#27;[m : File Action "DoesFileExist" successfully performed. With the following test data "File Path: "Schemas/PeriodProgramTemplates_schema.json"".
2023-02-07 10:57:04.817 &amp#27;[32m INFO&amp#27;[m &amp#27;[35m[@503 - main]&amp#27;[m &amp#27;[36mcom.shaft.tools.io.ReportManager&amp#27;[m : File Action "DoesFileExist" successfully performed. With the following test data "File Path: "src/test/resources/testDataFiles/Schemas/PeriodProgramTemplates_schema.json"".
2023-02-07 10:57:04.817 &amp#27;[32m INFO&amp#27;[m &amp#27;[35m[@503 - main]&amp#27;[m &amp#27;[36mcom.shaft.tools.io.ReportManager&amp#27;[m : File Action "GetAbsolutePath" successfully performed. With the following test data "Relative Folder Path: "src/test/resources/testDataFiles/Schemas/PeriodProgramTemplates_schema.json"".
2023-02-07 10:57:04.829 &amp#27;[32m INFO&amp#27;[m &amp#27;[35m[@503 - main]&amp#27;[m &amp#27;[36mcom.shaft.tools.io.ReportManager&amp#27;[m : File Action "DoesFileExist" successfully performed. With the following test data "File Path: "C:\eclipse-workspace\MyProjects\TASystemsAPIs\src\test\resources\testDataFiles\Schemas\PeriodProgramTemplates_schema.json"".
2023-02-07 10:57:04.829 &amp#27;[32m INFO&amp#27;[m &amp#27;[35m[@503 - main]&amp#27;[m &amp#27;[36mcom.shaft.tools.io.ReportManager&amp#27;[m : File Action "GetAbsolutePath" successfully performed. With the following test data "Relative Folder Path: "C:\eclipse-workspace\MyProjects\TASystemsAPIs\src\test\resources\testDataFiles\Schemas\PeriodProgramTemplates_schema.json"".
2023-02-07 10:57:04.830 &amp#27;[32m INFO&amp#27;[m &amp#27;[35m[@503 - main]&amp#27;[m &amp#27;[36mcom.shaft.tools.io.ReportManager&amp#27;[m : File Action "ReadFile" successfully performed. With the following test data "File Path: "C:\eclipse-workspace\MyProjects\TASystemsAPIs\src\test\resources\testDataFiles\Schemas\PeriodProgramTemplates_schema.json"".
2023-02-07 10:57:04.835 &amp#27;[32m INFO&amp#27;[m &amp#27;[35m[@503 - main]&amp#27;[m &amp#27;[36mcom.shaft.tools.io.ReportManager&amp#27;[m : Successfully created attachment "Validation Test Data - Expected JSON Value"
2023-02-07 10:57:04.841 &amp#27;[32m INFO&amp#27;[m &amp#27;[35m[@503 - main]&amp#27;[m &amp#27;[36mcom.shaft.tools.io.ReportManager&amp#27;[m : Successfully created attachment "Validation Test Data - Actual JSON Value"
2023-02-07 10:57:04.842 &amp#27;[32m INFO&amp#27;[m &amp#27;[35m[@503 - main]&amp#27;[m &amp#27;[36mcom.shaft.tools.io.ReportManager&amp#27;[m : Successfully created attachment "SHAFT Engine Logs - Current Method log: Get_Valid_all_PeriodProgramTemplate_by_Qry_Rq_TC"
]]></system-out>
  </testcase>
  <testcase name="Get_Valid_all_PeriodProgramTemplate_by_Qry_Rq_TC[[Ljava.lang.Object;@68cbe4da](9)" classname="SteeringCompanyAPI_TestCases.Test_PeriodProgramTemplate_Cases" time="2.155">
    <system-out><![CDATA[2023-02-07 10:57:04.851 &amp#27;[32m INFO&amp#27;[m &amp#27;[35m[@534 - main]&amp#27;[m &amp#27;[36mcom.shaft.tools.io.ReportManager&amp#27;[m : 
################################################################################################################################################
Starting Execution:	"97 out of 107" test cases in the current suite
Test Method:		"SteeringCompanyAPI_TestCases.Test_PeriodProgramTemplate_Cases.Get_Valid_all_PeriodProgramTemplate_by_Qry_Rq_TC"
Test Description:	"TC002  -PeriodProgramTemplate-   Perform Get all PeriodProgramTemplate API with pagination with valid user name and password"
################################################################################################################################################
2023-02-07 10:57:04.852 &amp#27;[32m INFO&amp#27;[m &amp#27;[35m[@503 - main]&amp#27;[m &amp#27;[36mcom.shaft.tools.io.ReportManager&amp#27;[m : File Action "DoesFileExist" successfully performed. With the following test data "File Path: "SteeringCompanyAPI_TestData/SteeringCompanyAPI_TestData.xlsx"".
2023-02-07 10:57:04.901 &amp#27;[32m INFO&amp#27;[m &amp#27;[35m[@503 - main]&amp#27;[m &amp#27;[36mcom.shaft.tools.io.ReportManager&amp#27;[m : Successfully created attachment "Test Data - Excel"
2023-02-07 10:57:06.202 &amp#27;[32m INFO&amp#27;[m &amp#27;[35m[@503 - main]&amp#27;[m &amp#27;[36mcom.shaft.tools.io.ReportManager&amp#27;[m : Response status code: "200", status line: "HTTP/1.1 200 OK"
2023-02-07 10:57:06.223 &amp#27;[32m INFO&amp#27;[m &amp#27;[35m[@503 - main]&amp#27;[m &amp#27;[36mcom.shaft.tools.io.ReportManager&amp#27;[m : Successfully created attachment "API Request - Specifications"
2023-02-07 10:57:06.225 &amp#27;[32m INFO&amp#27;[m &amp#27;[35m[@503 - main]&amp#27;[m &amp#27;[36mcom.shaft.tools.io.ReportManager&amp#27;[m : Successfully created attachment "API Request - Body"
2023-02-07 10:57:06.226 &amp#27;[32m INFO&amp#27;[m &amp#27;[35m[@503 - main]&amp#27;[m &amp#27;[36mcom.shaft.tools.io.ReportManager&amp#27;[m : Successfully created attachment "API Response - JSON Body"
2023-02-07 10:57:06.244 &amp#27;[32m INFO&amp#27;[m &amp#27;[35m[@503 - main]&amp#27;[m &amp#27;[36mcom.shaft.tools.io.ReportManager&amp#27;[m : File Action "DoesFileExist" successfully performed. With the following test data "File Path: "SteeringCompanyAPI_TestData/SteeringCompanyAPI_TestData.xlsx"".
2023-02-07 10:57:06.287 &amp#27;[32m INFO&amp#27;[m &amp#27;[35m[@503 - main]&amp#27;[m &amp#27;[36mcom.shaft.tools.io.ReportManager&amp#27;[m : Successfully created attachment "Test Data - Excel"
2023-02-07 10:57:06.826 &amp#27;[32m INFO&amp#27;[m &amp#27;[35m[@503 - main]&amp#27;[m &amp#27;[36mcom.shaft.tools.io.ReportManager&amp#27;[m : Response status code: "200", status line: "HTTP/1.1 200 "
2023-02-07 10:57:06.966 &amp#27;[32m INFO&amp#27;[m &amp#27;[35m[@503 - main]&amp#27;[m &amp#27;[36mcom.shaft.tools.io.ReportManager&amp#27;[m : Successfully created attachment "API Request - Specifications"
2023-02-07 10:57:06.970 &amp#27;[32m INFO&amp#27;[m &amp#27;[35m[@503 - main]&amp#27;[m &amp#27;[36mcom.shaft.tools.io.ReportManager&amp#27;[m : Successfully created attachment "API Response - JSON Body"
2023-02-07 10:57:06.973 &amp#27;[32m INFO&amp#27;[m &amp#27;[35m[@503 - main]&amp#27;[m &amp#27;[36mcom.shaft.tools.io.ReportManager&amp#27;[m : Successfully created attachment "Validation Test Data - Expected Value"
2023-02-07 10:57:06.974 &amp#27;[32m INFO&amp#27;[m &amp#27;[35m[@503 - main]&amp#27;[m &amp#27;[36mcom.shaft.tools.io.ReportManager&amp#27;[m : Successfully created attachment "Validation Test Data - Actual Value"
2023-02-07 10:57:06.979 &amp#27;[32m INFO&amp#27;[m &amp#27;[35m[@503 - main]&amp#27;[m &amp#27;[36mcom.shaft.tools.io.ReportManager&amp#27;[m : Get response jsonvalue "content".
2023-02-07 10:57:06.981 &amp#27;[32m INFO&amp#27;[m &amp#27;[35m[@503 - main]&amp#27;[m &amp#27;[36mcom.shaft.tools.io.ReportManager&amp#27;[m : Successfully created attachment "Validation Test Data - Expected Value"
2023-02-07 10:57:06.982 &amp#27;[32m INFO&amp#27;[m &amp#27;[35m[@503 - main]&amp#27;[m &amp#27;[36mcom.shaft.tools.io.ReportManager&amp#27;[m : Successfully created attachment "Validation Test Data - Actual Value"
2023-02-07 10:57:06.983 &amp#27;[32m INFO&amp#27;[m &amp#27;[35m[@503 - main]&amp#27;[m &amp#27;[36mcom.shaft.tools.io.ReportManager&amp#27;[m : File Action "DoesFileExist" successfully performed. With the following test data "File Path: "Schemas/PeriodProgramTemplates_schema.json"".
2023-02-07 10:57:06.983 &amp#27;[32m INFO&amp#27;[m &amp#27;[35m[@503 - main]&amp#27;[m &amp#27;[36mcom.shaft.tools.io.ReportManager&amp#27;[m : File Action "DoesFileExist" successfully performed. With the following test data "File Path: "src/test/resources/testDataFiles/Schemas/PeriodProgramTemplates_schema.json"".
2023-02-07 10:57:06.983 &amp#27;[32m INFO&amp#27;[m &amp#27;[35m[@503 - main]&amp#27;[m &amp#27;[36mcom.shaft.tools.io.ReportManager&amp#27;[m : File Action "GetAbsolutePath" successfully performed. With the following test data "Relative Folder Path: "src/test/resources/testDataFiles/Schemas/PeriodProgramTemplates_schema.json"".
2023-02-07 10:57:06.990 &amp#27;[32m INFO&amp#27;[m &amp#27;[35m[@503 - main]&amp#27;[m &amp#27;[36mcom.shaft.tools.io.ReportManager&amp#27;[m : File Action "DoesFileExist" successfully performed. With the following test data "File Path: "C:\eclipse-workspace\MyProjects\TASystemsAPIs\src\test\resources\testDataFiles\Schemas\PeriodProgramTemplates_schema.json"".
2023-02-07 10:57:06.991 &amp#27;[32m INFO&amp#27;[m &amp#27;[35m[@503 - main]&amp#27;[m &amp#27;[36mcom.shaft.tools.io.ReportManager&amp#27;[m : File Action "GetAbsolutePath" successfully performed. With the following test data "Relative Folder Path: "C:\eclipse-workspace\MyProjects\TASystemsAPIs\src\test\resources\testDataFiles\Schemas\PeriodProgramTemplates_schema.json"".
2023-02-07 10:57:06.991 &amp#27;[32m INFO&amp#27;[m &amp#27;[35m[@503 - main]&amp#27;[m &amp#27;[36mcom.shaft.tools.io.ReportManager&amp#27;[m : File Action "ReadFile" successfully performed. With the following test data "File Path: "C:\eclipse-workspace\MyProjects\TASystemsAPIs\src\test\resources\testDataFiles\Schemas\PeriodProgramTemplates_schema.json"".
2023-02-07 10:57:06.993 &amp#27;[32m INFO&amp#27;[m &amp#27;[35m[@503 - main]&amp#27;[m &amp#27;[36mcom.shaft.tools.io.ReportManager&amp#27;[m : Successfully created attachment "Validation Test Data - Expected JSON Value"
2023-02-07 10:57:06.995 &amp#27;[32m INFO&amp#27;[m &amp#27;[35m[@503 - main]&amp#27;[m &amp#27;[36mcom.shaft.tools.io.ReportManager&amp#27;[m : Successfully created attachment "Validation Test Data - Actual JSON Value"
2023-02-07 10:57:06.996 &amp#27;[32m INFO&amp#27;[m &amp#27;[35m[@503 - main]&amp#27;[m &amp#27;[36mcom.shaft.tools.io.ReportManager&amp#27;[m : Successfully created attachment "SHAFT Engine Logs - Current Method log: Get_Valid_all_PeriodProgramTemplate_by_Qry_Rq_TC"
]]></system-out>
  </testcase>
  <testcase name="Get_Valid_all_PeriodProgramTemplate_by_Qry_Rq_TC[[Ljava.lang.Object;@66e9e248](10)" classname="SteeringCompanyAPI_TestCases.Test_PeriodProgramTemplate_Cases" time="2.218">
    <system-out><![CDATA[2023-02-07 10:57:07.003 &amp#27;[32m INFO&amp#27;[m &amp#27;[35m[@534 - main]&amp#27;[m &amp#27;[36mcom.shaft.tools.io.ReportManager&amp#27;[m : 
################################################################################################################################################
Starting Execution:	"98 out of 107" test cases in the current suite
Test Method:		"SteeringCompanyAPI_TestCases.Test_PeriodProgramTemplate_Cases.Get_Valid_all_PeriodProgramTemplate_by_Qry_Rq_TC"
Test Description:	"TC002  -PeriodProgramTemplate-   Perform Get all PeriodProgramTemplate API with pagination with valid user name and password"
################################################################################################################################################
2023-02-07 10:57:07.004 &amp#27;[32m INFO&amp#27;[m &amp#27;[35m[@503 - main]&amp#27;[m &amp#27;[36mcom.shaft.tools.io.ReportManager&amp#27;[m : File Action "DoesFileExist" successfully performed. With the following test data "File Path: "SteeringCompanyAPI_TestData/SteeringCompanyAPI_TestData.xlsx"".
2023-02-07 10:57:07.034 &amp#27;[32m INFO&amp#27;[m &amp#27;[35m[@503 - main]&amp#27;[m &amp#27;[36mcom.shaft.tools.io.ReportManager&amp#27;[m : Successfully created attachment "Test Data - Excel"
2023-02-07 10:57:08.123 &amp#27;[32m INFO&amp#27;[m &amp#27;[35m[@503 - main]&amp#27;[m &amp#27;[36mcom.shaft.tools.io.ReportManager&amp#27;[m : Response status code: "200", status line: "HTTP/1.1 200 OK"
2023-02-07 10:57:08.142 &amp#27;[32m INFO&amp#27;[m &amp#27;[35m[@503 - main]&amp#27;[m &amp#27;[36mcom.shaft.tools.io.ReportManager&amp#27;[m : Successfully created attachment "API Request - Specifications"
2023-02-07 10:57:08.145 &amp#27;[32m INFO&amp#27;[m &amp#27;[35m[@503 - main]&amp#27;[m &amp#27;[36mcom.shaft.tools.io.ReportManager&amp#27;[m : Successfully created attachment "API Request - Body"
2023-02-07 10:57:08.148 &amp#27;[32m INFO&amp#27;[m &amp#27;[35m[@503 - main]&amp#27;[m &amp#27;[36mcom.shaft.tools.io.ReportManager&amp#27;[m : Successfully created attachment "API Response - JSON Body"
2023-02-07 10:57:08.165 &amp#27;[32m INFO&amp#27;[m &amp#27;[35m[@503 - main]&amp#27;[m &amp#27;[36mcom.shaft.tools.io.ReportManager&amp#27;[m : File Action "DoesFileExist" successfully performed. With the following test data "File Path: "SteeringCompanyAPI_TestData/SteeringCompanyAPI_TestData.xlsx"".
2023-02-07 10:57:08.207 &amp#27;[32m INFO&amp#27;[m &amp#27;[35m[@503 - main]&amp#27;[m &amp#27;[36mcom.shaft.tools.io.ReportManager&amp#27;[m : Successfully created attachment "Test Data - Excel"
2023-02-07 10:57:08.753 &amp#27;[32m INFO&amp#27;[m &amp#27;[35m[@503 - main]&amp#27;[m &amp#27;[36mcom.shaft.tools.io.ReportManager&amp#27;[m : Response status code: "200", status line: "HTTP/1.1 200 "
2023-02-07 10:57:09.183 &amp#27;[32m INFO&amp#27;[m &amp#27;[35m[@503 - main]&amp#27;[m &amp#27;[36mcom.shaft.tools.io.ReportManager&amp#27;[m : Successfully created attachment "API Request - Specifications"
2023-02-07 10:57:09.184 &amp#27;[32m INFO&amp#27;[m &amp#27;[35m[@503 - main]&amp#27;[m &amp#27;[36mcom.shaft.tools.io.ReportManager&amp#27;[m : Successfully created attachment "API Response - JSON Body"
2023-02-07 10:57:09.190 &amp#27;[32m INFO&amp#27;[m &amp#27;[35m[@503 - main]&amp#27;[m &amp#27;[36mcom.shaft.tools.io.ReportManager&amp#27;[m : Successfully created attachment "Validation Test Data - Expected Value"
2023-02-07 10:57:09.193 &amp#27;[32m INFO&amp#27;[m &amp#27;[35m[@503 - main]&amp#27;[m &amp#27;[36mcom.shaft.tools.io.ReportManager&amp#27;[m : Successfully created attachment "Validation Test Data - Actual Value"
2023-02-07 10:57:09.199 &amp#27;[32m INFO&amp#27;[m &amp#27;[35m[@503 - main]&amp#27;[m &amp#27;[36mcom.shaft.tools.io.ReportManager&amp#27;[m : Get response jsonvalue "content".
2023-02-07 10:57:09.201 &amp#27;[32m INFO&amp#27;[m &amp#27;[35m[@503 - main]&amp#27;[m &amp#27;[36mcom.shaft.tools.io.ReportManager&amp#27;[m : Successfully created attachment "Validation Test Data - Expected Value"
2023-02-07 10:57:09.202 &amp#27;[32m INFO&amp#27;[m &amp#27;[35m[@503 - main]&amp#27;[m &amp#27;[36mcom.shaft.tools.io.ReportManager&amp#27;[m : Successfully created attachment "Validation Test Data - Actual Value"
2023-02-07 10:57:09.202 &amp#27;[32m INFO&amp#27;[m &amp#27;[35m[@503 - main]&amp#27;[m &amp#27;[36mcom.shaft.tools.io.ReportManager&amp#27;[m : File Action "DoesFileExist" successfully performed. With the following test data "File Path: "Schemas/PeriodProgramTemplates_schema.json"".
2023-02-07 10:57:09.202 &amp#27;[32m INFO&amp#27;[m &amp#27;[35m[@503 - main]&amp#27;[m &amp#27;[36mcom.shaft.tools.io.ReportManager&amp#27;[m : File Action "DoesFileExist" successfully performed. With the following test data "File Path: "src/test/resources/testDataFiles/Schemas/PeriodProgramTemplates_schema.json"".
2023-02-07 10:57:09.203 &amp#27;[32m INFO&amp#27;[m &amp#27;[35m[@503 - main]&amp#27;[m &amp#27;[36mcom.shaft.tools.io.ReportManager&amp#27;[m : File Action "GetAbsolutePath" successfully performed. With the following test data "Relative Folder Path: "src/test/resources/testDataFiles/Schemas/PeriodProgramTemplates_schema.json"".
2023-02-07 10:57:09.211 &amp#27;[32m INFO&amp#27;[m &amp#27;[35m[@503 - main]&amp#27;[m &amp#27;[36mcom.shaft.tools.io.ReportManager&amp#27;[m : File Action "DoesFileExist" successfully performed. With the following test data "File Path: "C:\eclipse-workspace\MyProjects\TASystemsAPIs\src\test\resources\testDataFiles\Schemas\PeriodProgramTemplates_schema.json"".
2023-02-07 10:57:09.211 &amp#27;[32m INFO&amp#27;[m &amp#27;[35m[@503 - main]&amp#27;[m &amp#27;[36mcom.shaft.tools.io.ReportManager&amp#27;[m : File Action "GetAbsolutePath" successfully performed. With the following test data "Relative Folder Path: "C:\eclipse-workspace\MyProjects\TASystemsAPIs\src\test\resources\testDataFiles\Schemas\PeriodProgramTemplates_schema.json"".
2023-02-07 10:57:09.212 &amp#27;[32m INFO&amp#27;[m &amp#27;[35m[@503 - main]&amp#27;[m &amp#27;[36mcom.shaft.tools.io.ReportManager&amp#27;[m : File Action "ReadFile" successfully performed. With the following test data "File Path: "C:\eclipse-workspace\MyProjects\TASystemsAPIs\src\test\resources\testDataFiles\Schemas\PeriodProgramTemplates_schema.json"".
2023-02-07 10:57:09.215 &amp#27;[32m INFO&amp#27;[m &amp#27;[35m[@503 - main]&amp#27;[m &amp#27;[36mcom.shaft.tools.io.ReportManager&amp#27;[m : Successfully created attachment "Validation Test Data - Expected JSON Value"
2023-02-07 10:57:09.216 &amp#27;[32m INFO&amp#27;[m &amp#27;[35m[@503 - main]&amp#27;[m &amp#27;[36mcom.shaft.tools.io.ReportManager&amp#27;[m : Successfully created attachment "Validation Test Data - Actual JSON Value"
2023-02-07 10:57:09.217 &amp#27;[32m INFO&amp#27;[m &amp#27;[35m[@503 - main]&amp#27;[m &amp#27;[36mcom.shaft.tools.io.ReportManager&amp#27;[m : Successfully created attachment "SHAFT Engine Logs - Current Method log: Get_Valid_all_PeriodProgramTemplate_by_Qry_Rq_TC"
]]></system-out>
  </testcase>
  <testcase name="Add_Policy_With_InValid_data_TC[[Ljava.lang.Object;@665cfc8](1)" classname="SteeringCompanyAPI_TestCases.Test_Policies_Cases" time="1.474">
    <system-out><![CDATA[2023-02-07 10:57:09.219 &amp#27;[32m INFO&amp#27;[m &amp#27;[35m[@534 - main]&amp#27;[m &amp#27;[36mcom.shaft.tools.io.ReportManager&amp#27;[m : 
################################################################################################################################################
Starting Execution of a Configuration (Setup or Teardown) Method
Test Method:		"SteeringCompanyAPI_TestCases.Test_Policies_Cases.Setup_data"
################################################################################################################################################
2023-02-07 10:57:09.219 &amp#27;[32m INFO&amp#27;[m &amp#27;[35m[@503 - main]&amp#27;[m &amp#27;[36mcom.shaft.tools.io.ReportManager&amp#27;[m : File Action "DoesFileExist" successfully performed. With the following test data "File Path: "SteeringCompanyAPI_TestData/SteeringCompanyAPI_TestData.xlsx"".
2023-02-07 10:57:09.261 &amp#27;[32m INFO&amp#27;[m &amp#27;[35m[@503 - main]&amp#27;[m &amp#27;[36mcom.shaft.tools.io.ReportManager&amp#27;[m : Successfully created attachment "Test Data - Excel"
2023-02-07 10:57:09.262 &amp#27;[32m INFO&amp#27;[m &amp#27;[35m[@503 - main]&amp#27;[m &amp#27;[36mcom.shaft.tools.io.ReportManager&amp#27;[m : File Action "DoesFileExist" successfully performed. With the following test data "File Path: "SteeringCompanyAPI_TestData/SteeringCompanyAPI_TestData.xlsx"".
2023-02-07 10:57:09.309 &amp#27;[32m INFO&amp#27;[m &amp#27;[35m[@503 - main]&amp#27;[m &amp#27;[36mcom.shaft.tools.io.ReportManager&amp#27;[m : Successfully created attachment "Test Data - Excel"
2023-02-07 10:57:09.309 &amp#27;[31mERROR&amp#27;[m &amp#27;[35m[@609 - main]&amp#27;[m &amp#27;[36mio.qameta.allure.AllureLifecycle&amp#27;[m : Could not add attachment: no test is running
2023-02-07 10:57:09.313 &amp#27;[32m INFO&amp#27;[m &amp#27;[35m[@503 - main]&amp#27;[m &amp#27;[36mcom.shaft.tools.io.ReportManager&amp#27;[m : Successfully created attachment "SHAFT Engine Logs - Current Method log: Setup_data"
2023-02-07 10:57:09.370 &amp#27;[32m INFO&amp#27;[m &amp#27;[35m[@534 - main]&amp#27;[m &amp#27;[36mcom.shaft.tools.io.ReportManager&amp#27;[m : 
################################################################################################################################################
Starting Execution:	"99 out of 107" test cases in the current suite
Test Method:		"SteeringCompanyAPI_TestCases.Test_Policies_Cases.Add_Policy_With_InValid_data_TC"
Test Description:	"TC052 -Policy- Perform Add Policy with InValid data"
################################################################################################################################################
2023-02-07 10:57:09.370 &amp#27;[32m INFO&amp#27;[m &amp#27;[35m[@503 - main]&amp#27;[m &amp#27;[36mcom.shaft.tools.io.ReportManager&amp#27;[m : File Action "DoesFileExist" successfully performed. With the following test data "File Path: "SteeringCompanyAPI_TestData/SteeringCompanyAPI_TestData.xlsx"".
2023-02-07 10:57:09.411 &amp#27;[32m INFO&amp#27;[m &amp#27;[35m[@503 - main]&amp#27;[m &amp#27;[36mcom.shaft.tools.io.ReportManager&amp#27;[m : Successfully created attachment "Test Data - Excel"
2023-02-07 10:57:10.039 &amp#27;[32m INFO&amp#27;[m &amp#27;[35m[@503 - main]&amp#27;[m &amp#27;[36mcom.shaft.tools.io.ReportManager&amp#27;[m : Response status code: "200", status line: "HTTP/1.1 200 OK"
2023-02-07 10:57:10.058 &amp#27;[32m INFO&amp#27;[m &amp#27;[35m[@503 - main]&amp#27;[m &amp#27;[36mcom.shaft.tools.io.ReportManager&amp#27;[m : Successfully created attachment "API Request - Specifications"
2023-02-07 10:57:10.060 &amp#27;[32m INFO&amp#27;[m &amp#27;[35m[@503 - main]&amp#27;[m &amp#27;[36mcom.shaft.tools.io.ReportManager&amp#27;[m : Successfully created attachment "API Request - Body"
2023-02-07 10:57:10.061 &amp#27;[32m INFO&amp#27;[m &amp#27;[35m[@503 - main]&amp#27;[m &amp#27;[36mcom.shaft.tools.io.ReportManager&amp#27;[m : Successfully created attachment "API Response - JSON Body"
2023-02-07 10:57:10.072 &amp#27;[32m INFO&amp#27;[m &amp#27;[35m[@503 - main]&amp#27;[m &amp#27;[36mcom.shaft.tools.io.ReportManager&amp#27;[m : File Action "DoesFileExist" successfully performed. With the following test data "File Path: "SteeringCompanyAPI_TestData/SteeringCompanyAPI_TestData.xlsx"".
2023-02-07 10:57:10.122 &amp#27;[32m INFO&amp#27;[m &amp#27;[35m[@503 - main]&amp#27;[m &amp#27;[36mcom.shaft.tools.io.ReportManager&amp#27;[m : Successfully created attachment "Test Data - Excel"
2023-02-07 10:57:10.122 &amp#27;[32m INFO&amp#27;[m &amp#27;[35m[@503 - main]&amp#27;[m &amp#27;[36mcom.shaft.tools.io.ReportManager&amp#27;[m : File Action "DoesFileExist" successfully performed. With the following test data "File Path: "SteeringCompanyAPI_TestData/SteeringCompanyAPI_TestData.xlsx"".
2023-02-07 10:57:10.175 &amp#27;[32m INFO&amp#27;[m &amp#27;[35m[@503 - main]&amp#27;[m &amp#27;[36mcom.shaft.tools.io.ReportManager&amp#27;[m : Successfully created attachment "Test Data - Excel"
2023-02-07 10:57:10.175 &amp#27;[32m INFO&amp#27;[m &amp#27;[35m[@503 - main]&amp#27;[m &amp#27;[36mcom.shaft.tools.io.ReportManager&amp#27;[m : File Action "DoesFileExist" successfully performed. With the following test data "File Path: "SteeringCompanyAPI_TestData/SteeringCompanyAPI_TestData.xlsx"".
2023-02-07 10:57:10.239 &amp#27;[32m INFO&amp#27;[m &amp#27;[35m[@503 - main]&amp#27;[m &amp#27;[36mcom.shaft.tools.io.ReportManager&amp#27;[m : Successfully created attachment "Test Data - Excel"
2023-02-07 10:57:10.799 &amp#27;[32m INFO&amp#27;[m &amp#27;[35m[@503 - main]&amp#27;[m &amp#27;[36mcom.shaft.tools.io.ReportManager&amp#27;[m : Response status code: "422", status line: "HTTP/1.1 422 "
2023-02-07 10:57:10.817 &amp#27;[32m INFO&amp#27;[m &amp#27;[35m[@503 - main]&amp#27;[m &amp#27;[36mcom.shaft.tools.io.ReportManager&amp#27;[m : Successfully created attachment "API Request - Specifications"
2023-02-07 10:57:10.821 &amp#27;[32m INFO&amp#27;[m &amp#27;[35m[@503 - main]&amp#27;[m &amp#27;[36mcom.shaft.tools.io.ReportManager&amp#27;[m : Successfully created attachment "API Request - JSON Body"
2023-02-07 10:57:10.823 &amp#27;[32m INFO&amp#27;[m &amp#27;[35m[@503 - main]&amp#27;[m &amp#27;[36mcom.shaft.tools.io.ReportManager&amp#27;[m : Successfully created attachment "API Response - JSON Body"
2023-02-07 10:57:10.825 &amp#27;[32m INFO&amp#27;[m &amp#27;[35m[@503 - main]&amp#27;[m &amp#27;[36mcom.shaft.tools.io.ReportManager&amp#27;[m : File Action "DoesFileExist" successfully performed. With the following test data "File Path: "Schemas/ValidationError_schema.json"".
2023-02-07 10:57:10.825 &amp#27;[32m INFO&amp#27;[m &amp#27;[35m[@503 - main]&amp#27;[m &amp#27;[36mcom.shaft.tools.io.ReportManager&amp#27;[m : File Action "DoesFileExist" successfully performed. With the following test data "File Path: "src/test/resources/testDataFiles/Schemas/ValidationError_schema.json"".
2023-02-07 10:57:10.826 &amp#27;[32m INFO&amp#27;[m &amp#27;[35m[@503 - main]&amp#27;[m &amp#27;[36mcom.shaft.tools.io.ReportManager&amp#27;[m : File Action "GetAbsolutePath" successfully performed. With the following test data "Relative Folder Path: "src/test/resources/testDataFiles/Schemas/ValidationError_schema.json"".
2023-02-07 10:57:10.830 &amp#27;[32m INFO&amp#27;[m &amp#27;[35m[@503 - main]&amp#27;[m &amp#27;[36mcom.shaft.tools.io.ReportManager&amp#27;[m : File Action "DoesFileExist" successfully performed. With the following test data "File Path: "C:\eclipse-workspace\MyProjects\TASystemsAPIs\src\test\resources\testDataFiles\Schemas\ValidationError_schema.json"".
2023-02-07 10:57:10.830 &amp#27;[32m INFO&amp#27;[m &amp#27;[35m[@503 - main]&amp#27;[m &amp#27;[36mcom.shaft.tools.io.ReportManager&amp#27;[m : File Action "GetAbsolutePath" successfully performed. With the following test data "Relative Folder Path: "C:\eclipse-workspace\MyProjects\TASystemsAPIs\src\test\resources\testDataFiles\Schemas\ValidationError_schema.json"".
2023-02-07 10:57:10.830 &amp#27;[32m INFO&amp#27;[m &amp#27;[35m[@503 - main]&amp#27;[m &amp#27;[36mcom.shaft.tools.io.ReportManager&amp#27;[m : File Action "ReadFile" successfully performed. With the following test data "File Path: "C:\eclipse-workspace\MyProjects\TASystemsAPIs\src\test\resources\testDataFiles\Schemas\ValidationError_schema.json"".
2023-02-07 10:57:10.837 &amp#27;[32m INFO&amp#27;[m &amp#27;[35m[@503 - main]&amp#27;[m &amp#27;[36mcom.shaft.tools.io.ReportManager&amp#27;[m : Successfully created attachment "Validation Test Data - Expected JSON Value"
2023-02-07 10:57:10.838 &amp#27;[32m INFO&amp#27;[m &amp#27;[35m[@503 - main]&amp#27;[m &amp#27;[36mcom.shaft.tools.io.ReportManager&amp#27;[m : Successfully created attachment "Validation Test Data - Actual JSON Value"
2023-02-07 10:57:10.839 &amp#27;[32m INFO&amp#27;[m &amp#27;[35m[@503 - main]&amp#27;[m &amp#27;[36mcom.shaft.tools.io.ReportManager&amp#27;[m : Successfully created attachment "SHAFT Engine Logs - Current Method log: Add_Policy_With_InValid_data_TC"
]]></system-out>
  </testcase>
  <testcase name="Add_Policy_With_InValid_data_TC[[Ljava.lang.Object;@2f6c60c3](2)" classname="SteeringCompanyAPI_TestCases.Test_Policies_Cases" time="2.003">
    <system-out><![CDATA[2023-02-07 10:57:10.846 &amp#27;[32m INFO&amp#27;[m &amp#27;[35m[@534 - main]&amp#27;[m &amp#27;[36mcom.shaft.tools.io.ReportManager&amp#27;[m : 
################################################################################################################################################
Starting Execution:	"100 out of 107" test cases in the current suite
Test Method:		"SteeringCompanyAPI_TestCases.Test_Policies_Cases.Add_Policy_With_InValid_data_TC"
Test Description:	"TC052 -Policy- Perform Add Policy with InValid data"
################################################################################################################################################
2023-02-07 10:57:10.846 &amp#27;[32m INFO&amp#27;[m &amp#27;[35m[@503 - main]&amp#27;[m &amp#27;[36mcom.shaft.tools.io.ReportManager&amp#27;[m : File Action "DoesFileExist" successfully performed. With the following test data "File Path: "SteeringCompanyAPI_TestData/SteeringCompanyAPI_TestData.xlsx"".
2023-02-07 10:57:10.880 &amp#27;[32m INFO&amp#27;[m &amp#27;[35m[@503 - main]&amp#27;[m &amp#27;[36mcom.shaft.tools.io.ReportManager&amp#27;[m : Successfully created attachment "Test Data - Excel"
2023-02-07 10:57:12.154 &amp#27;[32m INFO&amp#27;[m &amp#27;[35m[@503 - main]&amp#27;[m &amp#27;[36mcom.shaft.tools.io.ReportManager&amp#27;[m : Response status code: "200", status line: "HTTP/1.1 200 OK"
2023-02-07 10:57:12.171 &amp#27;[32m INFO&amp#27;[m &amp#27;[35m[@503 - main]&amp#27;[m &amp#27;[36mcom.shaft.tools.io.ReportManager&amp#27;[m : Successfully created attachment "API Request - Specifications"
2023-02-07 10:57:12.173 &amp#27;[32m INFO&amp#27;[m &amp#27;[35m[@503 - main]&amp#27;[m &amp#27;[36mcom.shaft.tools.io.ReportManager&amp#27;[m : Successfully created attachment "API Request - Body"
2023-02-07 10:57:12.173 &amp#27;[32m INFO&amp#27;[m &amp#27;[35m[@503 - main]&amp#27;[m &amp#27;[36mcom.shaft.tools.io.ReportManager&amp#27;[m : Successfully created attachment "API Response - JSON Body"
2023-02-07 10:57:12.186 &amp#27;[32m INFO&amp#27;[m &amp#27;[35m[@503 - main]&amp#27;[m &amp#27;[36mcom.shaft.tools.io.ReportManager&amp#27;[m : File Action "DoesFileExist" successfully performed. With the following test data "File Path: "SteeringCompanyAPI_TestData/SteeringCompanyAPI_TestData.xlsx"".
2023-02-07 10:57:12.222 &amp#27;[32m INFO&amp#27;[m &amp#27;[35m[@503 - main]&amp#27;[m &amp#27;[36mcom.shaft.tools.io.ReportManager&amp#27;[m : Successfully created attachment "Test Data - Excel"
2023-02-07 10:57:12.223 &amp#27;[32m INFO&amp#27;[m &amp#27;[35m[@503 - main]&amp#27;[m &amp#27;[36mcom.shaft.tools.io.ReportManager&amp#27;[m : File Action "DoesFileExist" successfully performed. With the following test data "File Path: "SteeringCompanyAPI_TestData/SteeringCompanyAPI_TestData.xlsx"".
2023-02-07 10:57:12.251 &amp#27;[32m INFO&amp#27;[m &amp#27;[35m[@503 - main]&amp#27;[m &amp#27;[36mcom.shaft.tools.io.ReportManager&amp#27;[m : Successfully created attachment "Test Data - Excel"
2023-02-07 10:57:12.252 &amp#27;[32m INFO&amp#27;[m &amp#27;[35m[@503 - main]&amp#27;[m &amp#27;[36mcom.shaft.tools.io.ReportManager&amp#27;[m : File Action "DoesFileExist" successfully performed. With the following test data "File Path: "SteeringCompanyAPI_TestData/SteeringCompanyAPI_TestData.xlsx"".
2023-02-07 10:57:12.311 &amp#27;[32m INFO&amp#27;[m &amp#27;[35m[@503 - main]&amp#27;[m &amp#27;[36mcom.shaft.tools.io.ReportManager&amp#27;[m : Successfully created attachment "Test Data - Excel"
2023-02-07 10:57:12.814 &amp#27;[32m INFO&amp#27;[m &amp#27;[35m[@503 - main]&amp#27;[m &amp#27;[36mcom.shaft.tools.io.ReportManager&amp#27;[m : Response status code: "422", status line: "HTTP/1.1 422 "
2023-02-07 10:57:12.829 &amp#27;[32m INFO&amp#27;[m &amp#27;[35m[@503 - main]&amp#27;[m &amp#27;[36mcom.shaft.tools.io.ReportManager&amp#27;[m : Successfully created attachment "API Request - Specifications"
2023-02-07 10:57:12.830 &amp#27;[32m INFO&amp#27;[m &amp#27;[35m[@503 - main]&amp#27;[m &amp#27;[36mcom.shaft.tools.io.ReportManager&amp#27;[m : Successfully created attachment "API Request - JSON Body"
2023-02-07 10:57:12.833 &amp#27;[32m INFO&amp#27;[m &amp#27;[35m[@503 - main]&amp#27;[m &amp#27;[36mcom.shaft.tools.io.ReportManager&amp#27;[m : Successfully created attachment "API Response - JSON Body"
2023-02-07 10:57:12.834 &amp#27;[32m INFO&amp#27;[m &amp#27;[35m[@503 - main]&amp#27;[m &amp#27;[36mcom.shaft.tools.io.ReportManager&amp#27;[m : File Action "DoesFileExist" successfully performed. With the following test data "File Path: "Schemas/ValidationError_schema.json"".
2023-02-07 10:57:12.834 &amp#27;[32m INFO&amp#27;[m &amp#27;[35m[@503 - main]&amp#27;[m &amp#27;[36mcom.shaft.tools.io.ReportManager&amp#27;[m : File Action "DoesFileExist" successfully performed. With the following test data "File Path: "src/test/resources/testDataFiles/Schemas/ValidationError_schema.json"".
2023-02-07 10:57:12.834 &amp#27;[32m INFO&amp#27;[m &amp#27;[35m[@503 - main]&amp#27;[m &amp#27;[36mcom.shaft.tools.io.ReportManager&amp#27;[m : File Action "GetAbsolutePath" successfully performed. With the following test data "Relative Folder Path: "src/test/resources/testDataFiles/Schemas/ValidationError_schema.json"".
2023-02-07 10:57:12.839 &amp#27;[32m INFO&amp#27;[m &amp#27;[35m[@503 - main]&amp#27;[m &amp#27;[36mcom.shaft.tools.io.ReportManager&amp#27;[m : File Action "DoesFileExist" successfully performed. With the following test data "File Path: "C:\eclipse-workspace\MyProjects\TASystemsAPIs\src\test\resources\testDataFiles\Schemas\ValidationError_schema.json"".
2023-02-07 10:57:12.840 &amp#27;[32m INFO&amp#27;[m &amp#27;[35m[@503 - main]&amp#27;[m &amp#27;[36mcom.shaft.tools.io.ReportManager&amp#27;[m : File Action "GetAbsolutePath" successfully performed. With the following test data "Relative Folder Path: "C:\eclipse-workspace\MyProjects\TASystemsAPIs\src\test\resources\testDataFiles\Schemas\ValidationError_schema.json"".
2023-02-07 10:57:12.840 &amp#27;[32m INFO&amp#27;[m &amp#27;[35m[@503 - main]&amp#27;[m &amp#27;[36mcom.shaft.tools.io.ReportManager&amp#27;[m : File Action "ReadFile" successfully performed. With the following test data "File Path: "C:\eclipse-workspace\MyProjects\TASystemsAPIs\src\test\resources\testDataFiles\Schemas\ValidationError_schema.json"".
2023-02-07 10:57:12.842 &amp#27;[32m INFO&amp#27;[m &amp#27;[35m[@503 - main]&amp#27;[m &amp#27;[36mcom.shaft.tools.io.ReportManager&amp#27;[m : Successfully created attachment "Validation Test Data - Expected JSON Value"
2023-02-07 10:57:12.843 &amp#27;[32m INFO&amp#27;[m &amp#27;[35m[@503 - main]&amp#27;[m &amp#27;[36mcom.shaft.tools.io.ReportManager&amp#27;[m : Successfully created attachment "Validation Test Data - Actual JSON Value"
2023-02-07 10:57:12.844 &amp#27;[32m INFO&amp#27;[m &amp#27;[35m[@503 - main]&amp#27;[m &amp#27;[36mcom.shaft.tools.io.ReportManager&amp#27;[m : Successfully created attachment "SHAFT Engine Logs - Current Method log: Add_Policy_With_InValid_data_TC"
]]></system-out>
  </testcase>
  <testcase name="Add_Policy_With_InValid_data_TC[[Ljava.lang.Object;@7524c462](3)" classname="SteeringCompanyAPI_TestCases.Test_Policies_Cases" time="1.505">
    <system-out><![CDATA[2023-02-07 10:57:12.847 &amp#27;[32m INFO&amp#27;[m &amp#27;[35m[@534 - main]&amp#27;[m &amp#27;[36mcom.shaft.tools.io.ReportManager&amp#27;[m : 
################################################################################################################################################
Starting Execution:	"101 out of 107" test cases in the current suite
Test Method:		"SteeringCompanyAPI_TestCases.Test_Policies_Cases.Add_Policy_With_InValid_data_TC"
Test Description:	"TC052 -Policy- Perform Add Policy with InValid data"
################################################################################################################################################
2023-02-07 10:57:12.847 &amp#27;[32m INFO&amp#27;[m &amp#27;[35m[@503 - main]&amp#27;[m &amp#27;[36mcom.shaft.tools.io.ReportManager&amp#27;[m : File Action "DoesFileExist" successfully performed. With the following test data "File Path: "SteeringCompanyAPI_TestData/SteeringCompanyAPI_TestData.xlsx"".
2023-02-07 10:57:12.881 &amp#27;[32m INFO&amp#27;[m &amp#27;[35m[@503 - main]&amp#27;[m &amp#27;[36mcom.shaft.tools.io.ReportManager&amp#27;[m : Successfully created attachment "Test Data - Excel"
2023-02-07 10:57:13.533 &amp#27;[32m INFO&amp#27;[m &amp#27;[35m[@503 - main]&amp#27;[m &amp#27;[36mcom.shaft.tools.io.ReportManager&amp#27;[m : Response status code: "200", status line: "HTTP/1.1 200 OK"
2023-02-07 10:57:13.556 &amp#27;[32m INFO&amp#27;[m &amp#27;[35m[@503 - main]&amp#27;[m &amp#27;[36mcom.shaft.tools.io.ReportManager&amp#27;[m : Successfully created attachment "API Request - Specifications"
2023-02-07 10:57:13.557 &amp#27;[32m INFO&amp#27;[m &amp#27;[35m[@503 - main]&amp#27;[m &amp#27;[36mcom.shaft.tools.io.ReportManager&amp#27;[m : Successfully created attachment "API Request - Body"
2023-02-07 10:57:13.559 &amp#27;[32m INFO&amp#27;[m &amp#27;[35m[@503 - main]&amp#27;[m &amp#27;[36mcom.shaft.tools.io.ReportManager&amp#27;[m : Successfully created attachment "API Response - JSON Body"
2023-02-07 10:57:13.577 &amp#27;[32m INFO&amp#27;[m &amp#27;[35m[@503 - main]&amp#27;[m &amp#27;[36mcom.shaft.tools.io.ReportManager&amp#27;[m : File Action "DoesFileExist" successfully performed. With the following test data "File Path: "SteeringCompanyAPI_TestData/SteeringCompanyAPI_TestData.xlsx"".
2023-02-07 10:57:13.624 &amp#27;[32m INFO&amp#27;[m &amp#27;[35m[@503 - main]&amp#27;[m &amp#27;[36mcom.shaft.tools.io.ReportManager&amp#27;[m : Successfully created attachment "Test Data - Excel"
2023-02-07 10:57:13.624 &amp#27;[32m INFO&amp#27;[m &amp#27;[35m[@503 - main]&amp#27;[m &amp#27;[36mcom.shaft.tools.io.ReportManager&amp#27;[m : File Action "DoesFileExist" successfully performed. With the following test data "File Path: "SteeringCompanyAPI_TestData/SteeringCompanyAPI_TestData.xlsx"".
2023-02-07 10:57:13.676 &amp#27;[32m INFO&amp#27;[m &amp#27;[35m[@503 - main]&amp#27;[m &amp#27;[36mcom.shaft.tools.io.ReportManager&amp#27;[m : Successfully created attachment "Test Data - Excel"
2023-02-07 10:57:13.677 &amp#27;[32m INFO&amp#27;[m &amp#27;[35m[@503 - main]&amp#27;[m &amp#27;[36mcom.shaft.tools.io.ReportManager&amp#27;[m : File Action "DoesFileExist" successfully performed. With the following test data "File Path: "SteeringCompanyAPI_TestData/SteeringCompanyAPI_TestData.xlsx"".
2023-02-07 10:57:13.726 &amp#27;[32m INFO&amp#27;[m &amp#27;[35m[@503 - main]&amp#27;[m &amp#27;[36mcom.shaft.tools.io.ReportManager&amp#27;[m : Successfully created attachment "Test Data - Excel"
2023-02-07 10:57:14.316 &amp#27;[32m INFO&amp#27;[m &amp#27;[35m[@503 - main]&amp#27;[m &amp#27;[36mcom.shaft.tools.io.ReportManager&amp#27;[m : Response status code: "422", status line: "HTTP/1.1 422 "
2023-02-07 10:57:14.336 &amp#27;[32m INFO&amp#27;[m &amp#27;[35m[@503 - main]&amp#27;[m &amp#27;[36mcom.shaft.tools.io.ReportManager&amp#27;[m : Successfully created attachment "API Request - Specifications"
2023-02-07 10:57:14.338 &amp#27;[32m INFO&amp#27;[m &amp#27;[35m[@503 - main]&amp#27;[m &amp#27;[36mcom.shaft.tools.io.ReportManager&amp#27;[m : Successfully created attachment "API Request - JSON Body"
2023-02-07 10:57:14.342 &amp#27;[32m INFO&amp#27;[m &amp#27;[35m[@503 - main]&amp#27;[m &amp#27;[36mcom.shaft.tools.io.ReportManager&amp#27;[m : Successfully created attachment "API Response - JSON Body"
2023-02-07 10:57:14.343 &amp#27;[32m INFO&amp#27;[m &amp#27;[35m[@503 - main]&amp#27;[m &amp#27;[36mcom.shaft.tools.io.ReportManager&amp#27;[m : File Action "DoesFileExist" successfully performed. With the following test data "File Path: "Schemas/ValidationError_schema.json"".
2023-02-07 10:57:14.343 &amp#27;[32m INFO&amp#27;[m &amp#27;[35m[@503 - main]&amp#27;[m &amp#27;[36mcom.shaft.tools.io.ReportManager&amp#27;[m : File Action "DoesFileExist" successfully performed. With the following test data "File Path: "src/test/resources/testDataFiles/Schemas/ValidationError_schema.json"".
2023-02-07 10:57:14.343 &amp#27;[32m INFO&amp#27;[m &amp#27;[35m[@503 - main]&amp#27;[m &amp#27;[36mcom.shaft.tools.io.ReportManager&amp#27;[m : File Action "GetAbsolutePath" successfully performed. With the following test data "Relative Folder Path: "src/test/resources/testDataFiles/Schemas/ValidationError_schema.json"".
2023-02-07 10:57:14.347 &amp#27;[32m INFO&amp#27;[m &amp#27;[35m[@503 - main]&amp#27;[m &amp#27;[36mcom.shaft.tools.io.ReportManager&amp#27;[m : File Action "DoesFileExist" successfully performed. With the following test data "File Path: "C:\eclipse-workspace\MyProjects\TASystemsAPIs\src\test\resources\testDataFiles\Schemas\ValidationError_schema.json"".
2023-02-07 10:57:14.347 &amp#27;[32m INFO&amp#27;[m &amp#27;[35m[@503 - main]&amp#27;[m &amp#27;[36mcom.shaft.tools.io.ReportManager&amp#27;[m : File Action "GetAbsolutePath" successfully performed. With the following test data "Relative Folder Path: "C:\eclipse-workspace\MyProjects\TASystemsAPIs\src\test\resources\testDataFiles\Schemas\ValidationError_schema.json"".
2023-02-07 10:57:14.347 &amp#27;[32m INFO&amp#27;[m &amp#27;[35m[@503 - main]&amp#27;[m &amp#27;[36mcom.shaft.tools.io.ReportManager&amp#27;[m : File Action "ReadFile" successfully performed. With the following test data "File Path: "C:\eclipse-workspace\MyProjects\TASystemsAPIs\src\test\resources\testDataFiles\Schemas\ValidationError_schema.json"".
2023-02-07 10:57:14.348 &amp#27;[32m INFO&amp#27;[m &amp#27;[35m[@503 - main]&amp#27;[m &amp#27;[36mcom.shaft.tools.io.ReportManager&amp#27;[m : Successfully created attachment "Validation Test Data - Expected JSON Value"
2023-02-07 10:57:14.349 &amp#27;[32m INFO&amp#27;[m &amp#27;[35m[@503 - main]&amp#27;[m &amp#27;[36mcom.shaft.tools.io.ReportManager&amp#27;[m : Successfully created attachment "Validation Test Data - Actual JSON Value"
2023-02-07 10:57:14.350 &amp#27;[32m INFO&amp#27;[m &amp#27;[35m[@503 - main]&amp#27;[m &amp#27;[36mcom.shaft.tools.io.ReportManager&amp#27;[m : Successfully created attachment "SHAFT Engine Logs - Current Method log: Add_Policy_With_InValid_data_TC"
]]></system-out>
  </testcase>
  <testcase name="Add_Policy_With_InValid_data_TC[[Ljava.lang.Object;@4a952a81](4)" classname="SteeringCompanyAPI_TestCases.Test_Policies_Cases" time="2.457">
    <system-out><![CDATA[2023-02-07 10:57:14.353 &amp#27;[32m INFO&amp#27;[m &amp#27;[35m[@534 - main]&amp#27;[m &amp#27;[36mcom.shaft.tools.io.ReportManager&amp#27;[m : 
################################################################################################################################################
Starting Execution:	"102 out of 107" test cases in the current suite
Test Method:		"SteeringCompanyAPI_TestCases.Test_Policies_Cases.Add_Policy_With_InValid_data_TC"
Test Description:	"TC052 -Policy- Perform Add Policy with InValid data"
################################################################################################################################################
2023-02-07 10:57:14.353 &amp#27;[32m INFO&amp#27;[m &amp#27;[35m[@503 - main]&amp#27;[m &amp#27;[36mcom.shaft.tools.io.ReportManager&amp#27;[m : File Action "DoesFileExist" successfully performed. With the following test data "File Path: "SteeringCompanyAPI_TestData/SteeringCompanyAPI_TestData.xlsx"".
2023-02-07 10:57:14.377 &amp#27;[32m INFO&amp#27;[m &amp#27;[35m[@503 - main]&amp#27;[m &amp#27;[36mcom.shaft.tools.io.ReportManager&amp#27;[m : Successfully created attachment "Test Data - Excel"
2023-02-07 10:57:15.043 &amp#27;[32m INFO&amp#27;[m &amp#27;[35m[@503 - main]&amp#27;[m &amp#27;[36mcom.shaft.tools.io.ReportManager&amp#27;[m : Response status code: "200", status line: "HTTP/1.1 200 OK"
2023-02-07 10:57:15.067 &amp#27;[32m INFO&amp#27;[m &amp#27;[35m[@503 - main]&amp#27;[m &amp#27;[36mcom.shaft.tools.io.ReportManager&amp#27;[m : Successfully created attachment "API Request - Specifications"
2023-02-07 10:57:15.071 &amp#27;[32m INFO&amp#27;[m &amp#27;[35m[@503 - main]&amp#27;[m &amp#27;[36mcom.shaft.tools.io.ReportManager&amp#27;[m : Successfully created attachment "API Request - Body"
2023-02-07 10:57:15.073 &amp#27;[32m INFO&amp#27;[m &amp#27;[35m[@503 - main]&amp#27;[m &amp#27;[36mcom.shaft.tools.io.ReportManager&amp#27;[m : Successfully created attachment "API Response - JSON Body"
2023-02-07 10:57:15.106 &amp#27;[32m INFO&amp#27;[m &amp#27;[35m[@503 - main]&amp#27;[m &amp#27;[36mcom.shaft.tools.io.ReportManager&amp#27;[m : File Action "DoesFileExist" successfully performed. With the following test data "File Path: "SteeringCompanyAPI_TestData/SteeringCompanyAPI_TestData.xlsx"".
2023-02-07 10:57:15.133 &amp#27;[32m INFO&amp#27;[m &amp#27;[35m[@503 - main]&amp#27;[m &amp#27;[36mcom.shaft.tools.io.ReportManager&amp#27;[m : Successfully created attachment "Test Data - Excel"
2023-02-07 10:57:15.134 &amp#27;[32m INFO&amp#27;[m &amp#27;[35m[@503 - main]&amp#27;[m &amp#27;[36mcom.shaft.tools.io.ReportManager&amp#27;[m : File Action "DoesFileExist" successfully performed. With the following test data "File Path: "SteeringCompanyAPI_TestData/SteeringCompanyAPI_TestData.xlsx"".
2023-02-07 10:57:15.194 &amp#27;[32m INFO&amp#27;[m &amp#27;[35m[@503 - main]&amp#27;[m &amp#27;[36mcom.shaft.tools.io.ReportManager&amp#27;[m : Successfully created attachment "Test Data - Excel"
2023-02-07 10:57:15.194 &amp#27;[32m INFO&amp#27;[m &amp#27;[35m[@503 - main]&amp#27;[m &amp#27;[36mcom.shaft.tools.io.ReportManager&amp#27;[m : File Action "DoesFileExist" successfully performed. With the following test data "File Path: "SteeringCompanyAPI_TestData/SteeringCompanyAPI_TestData.xlsx"".
2023-02-07 10:57:15.235 &amp#27;[32m INFO&amp#27;[m &amp#27;[35m[@503 - main]&amp#27;[m &amp#27;[36mcom.shaft.tools.io.ReportManager&amp#27;[m : Successfully created attachment "Test Data - Excel"
2023-02-07 10:57:16.136 &amp#27;[32m INFO&amp#27;[m &amp#27;[35m[@503 - main]&amp#27;[m &amp#27;[36mcom.shaft.tools.io.ReportManager&amp#27;[m : Response status code: "422", status line: "HTTP/1.1 422 "
2023-02-07 10:57:16.795 &amp#27;[32m INFO&amp#27;[m &amp#27;[35m[@503 - main]&amp#27;[m &amp#27;[36mcom.shaft.tools.io.ReportManager&amp#27;[m : Successfully created attachment "API Request - Specifications"
2023-02-07 10:57:16.796 &amp#27;[32m INFO&amp#27;[m &amp#27;[35m[@503 - main]&amp#27;[m &amp#27;[36mcom.shaft.tools.io.ReportManager&amp#27;[m : Successfully created attachment "API Request - JSON Body"
2023-02-07 10:57:16.797 &amp#27;[32m INFO&amp#27;[m &amp#27;[35m[@503 - main]&amp#27;[m &amp#27;[36mcom.shaft.tools.io.ReportManager&amp#27;[m : Successfully created attachment "API Response - JSON Body"
2023-02-07 10:57:16.799 &amp#27;[32m INFO&amp#27;[m &amp#27;[35m[@503 - main]&amp#27;[m &amp#27;[36mcom.shaft.tools.io.ReportManager&amp#27;[m : File Action "DoesFileExist" successfully performed. With the following test data "File Path: "Schemas/ValidationError_schema.json"".
2023-02-07 10:57:16.799 &amp#27;[32m INFO&amp#27;[m &amp#27;[35m[@503 - main]&amp#27;[m &amp#27;[36mcom.shaft.tools.io.ReportManager&amp#27;[m : File Action "DoesFileExist" successfully performed. With the following test data "File Path: "src/test/resources/testDataFiles/Schemas/ValidationError_schema.json"".
2023-02-07 10:57:16.799 &amp#27;[32m INFO&amp#27;[m &amp#27;[35m[@503 - main]&amp#27;[m &amp#27;[36mcom.shaft.tools.io.ReportManager&amp#27;[m : File Action "GetAbsolutePath" successfully performed. With the following test data "Relative Folder Path: "src/test/resources/testDataFiles/Schemas/ValidationError_schema.json"".
2023-02-07 10:57:16.801 &amp#27;[32m INFO&amp#27;[m &amp#27;[35m[@503 - main]&amp#27;[m &amp#27;[36mcom.shaft.tools.io.ReportManager&amp#27;[m : File Action "DoesFileExist" successfully performed. With the following test data "File Path: "C:\eclipse-workspace\MyProjects\TASystemsAPIs\src\test\resources\testDataFiles\Schemas\ValidationError_schema.json"".
2023-02-07 10:57:16.801 &amp#27;[32m INFO&amp#27;[m &amp#27;[35m[@503 - main]&amp#27;[m &amp#27;[36mcom.shaft.tools.io.ReportManager&amp#27;[m : File Action "GetAbsolutePath" successfully performed. With the following test data "Relative Folder Path: "C:\eclipse-workspace\MyProjects\TASystemsAPIs\src\test\resources\testDataFiles\Schemas\ValidationError_schema.json"".
2023-02-07 10:57:16.802 &amp#27;[32m INFO&amp#27;[m &amp#27;[35m[@503 - main]&amp#27;[m &amp#27;[36mcom.shaft.tools.io.ReportManager&amp#27;[m : File Action "ReadFile" successfully performed. With the following test data "File Path: "C:\eclipse-workspace\MyProjects\TASystemsAPIs\src\test\resources\testDataFiles\Schemas\ValidationError_schema.json"".
2023-02-07 10:57:16.805 &amp#27;[32m INFO&amp#27;[m &amp#27;[35m[@503 - main]&amp#27;[m &amp#27;[36mcom.shaft.tools.io.ReportManager&amp#27;[m : Successfully created attachment "Validation Test Data - Expected JSON Value"
2023-02-07 10:57:16.806 &amp#27;[32m INFO&amp#27;[m &amp#27;[35m[@503 - main]&amp#27;[m &amp#27;[36mcom.shaft.tools.io.ReportManager&amp#27;[m : Successfully created attachment "Validation Test Data - Actual JSON Value"
2023-02-07 10:57:16.807 &amp#27;[32m INFO&amp#27;[m &amp#27;[35m[@503 - main]&amp#27;[m &amp#27;[36mcom.shaft.tools.io.ReportManager&amp#27;[m : Successfully created attachment "SHAFT Engine Logs - Current Method log: Add_Policy_With_InValid_data_TC"
]]></system-out>
  </testcase>
  <testcase name="Add_Policy_With_InValid_data_TC[[Ljava.lang.Object;@1ca9bfe3](5)" classname="SteeringCompanyAPI_TestCases.Test_Policies_Cases" time="1.374">
    <system-out><![CDATA[2023-02-07 10:57:16.811 &amp#27;[32m INFO&amp#27;[m &amp#27;[35m[@534 - main]&amp#27;[m &amp#27;[36mcom.shaft.tools.io.ReportManager&amp#27;[m : 
################################################################################################################################################
Starting Execution:	"103 out of 107" test cases in the current suite
Test Method:		"SteeringCompanyAPI_TestCases.Test_Policies_Cases.Add_Policy_With_InValid_data_TC"
Test Description:	"TC052 -Policy- Perform Add Policy with InValid data"
################################################################################################################################################
2023-02-07 10:57:16.812 &amp#27;[32m INFO&amp#27;[m &amp#27;[35m[@503 - main]&amp#27;[m &amp#27;[36mcom.shaft.tools.io.ReportManager&amp#27;[m : File Action "DoesFileExist" successfully performed. With the following test data "File Path: "SteeringCompanyAPI_TestData/SteeringCompanyAPI_TestData.xlsx"".
2023-02-07 10:57:16.869 &amp#27;[32m INFO&amp#27;[m &amp#27;[35m[@503 - main]&amp#27;[m &amp#27;[36mcom.shaft.tools.io.ReportManager&amp#27;[m : Successfully created attachment "Test Data - Excel"
2023-02-07 10:57:17.483 &amp#27;[32m INFO&amp#27;[m &amp#27;[35m[@503 - main]&amp#27;[m &amp#27;[36mcom.shaft.tools.io.ReportManager&amp#27;[m : Response status code: "200", status line: "HTTP/1.1 200 OK"
2023-02-07 10:57:17.502 &amp#27;[32m INFO&amp#27;[m &amp#27;[35m[@503 - main]&amp#27;[m &amp#27;[36mcom.shaft.tools.io.ReportManager&amp#27;[m : Successfully created attachment "API Request - Specifications"
2023-02-07 10:57:17.503 &amp#27;[32m INFO&amp#27;[m &amp#27;[35m[@503 - main]&amp#27;[m &amp#27;[36mcom.shaft.tools.io.ReportManager&amp#27;[m : Successfully created attachment "API Request - Body"
2023-02-07 10:57:17.507 &amp#27;[32m INFO&amp#27;[m &amp#27;[35m[@503 - main]&amp#27;[m &amp#27;[36mcom.shaft.tools.io.ReportManager&amp#27;[m : Successfully created attachment "API Response - JSON Body"
2023-02-07 10:57:17.523 &amp#27;[32m INFO&amp#27;[m &amp#27;[35m[@503 - main]&amp#27;[m &amp#27;[36mcom.shaft.tools.io.ReportManager&amp#27;[m : File Action "DoesFileExist" successfully performed. With the following test data "File Path: "SteeringCompanyAPI_TestData/SteeringCompanyAPI_TestData.xlsx"".
2023-02-07 10:57:17.549 &amp#27;[32m INFO&amp#27;[m &amp#27;[35m[@503 - main]&amp#27;[m &amp#27;[36mcom.shaft.tools.io.ReportManager&amp#27;[m : Successfully created attachment "Test Data - Excel"
2023-02-07 10:57:17.549 &amp#27;[32m INFO&amp#27;[m &amp#27;[35m[@503 - main]&amp#27;[m &amp#27;[36mcom.shaft.tools.io.ReportManager&amp#27;[m : File Action "DoesFileExist" successfully performed. With the following test data "File Path: "SteeringCompanyAPI_TestData/SteeringCompanyAPI_TestData.xlsx"".
2023-02-07 10:57:17.588 &amp#27;[32m INFO&amp#27;[m &amp#27;[35m[@503 - main]&amp#27;[m &amp#27;[36mcom.shaft.tools.io.ReportManager&amp#27;[m : Successfully created attachment "Test Data - Excel"
2023-02-07 10:57:17.589 &amp#27;[32m INFO&amp#27;[m &amp#27;[35m[@503 - main]&amp#27;[m &amp#27;[36mcom.shaft.tools.io.ReportManager&amp#27;[m : File Action "DoesFileExist" successfully performed. With the following test data "File Path: "SteeringCompanyAPI_TestData/SteeringCompanyAPI_TestData.xlsx"".
2023-02-07 10:57:17.637 &amp#27;[32m INFO&amp#27;[m &amp#27;[35m[@503 - main]&amp#27;[m &amp#27;[36mcom.shaft.tools.io.ReportManager&amp#27;[m : Successfully created attachment "Test Data - Excel"
2023-02-07 10:57:18.141 &amp#27;[32m INFO&amp#27;[m &amp#27;[35m[@503 - main]&amp#27;[m &amp#27;[36mcom.shaft.tools.io.ReportManager&amp#27;[m : Response status code: "422", status line: "HTTP/1.1 422 "
2023-02-07 10:57:18.163 &amp#27;[32m INFO&amp#27;[m &amp#27;[35m[@503 - main]&amp#27;[m &amp#27;[36mcom.shaft.tools.io.ReportManager&amp#27;[m : Successfully created attachment "API Request - Specifications"
2023-02-07 10:57:18.164 &amp#27;[32m INFO&amp#27;[m &amp#27;[35m[@503 - main]&amp#27;[m &amp#27;[36mcom.shaft.tools.io.ReportManager&amp#27;[m : Successfully created attachment "API Request - JSON Body"
2023-02-07 10:57:18.166 &amp#27;[32m INFO&amp#27;[m &amp#27;[35m[@503 - main]&amp#27;[m &amp#27;[36mcom.shaft.tools.io.ReportManager&amp#27;[m : Successfully created attachment "API Response - JSON Body"
2023-02-07 10:57:18.167 &amp#27;[32m INFO&amp#27;[m &amp#27;[35m[@503 - main]&amp#27;[m &amp#27;[36mcom.shaft.tools.io.ReportManager&amp#27;[m : File Action "DoesFileExist" successfully performed. With the following test data "File Path: "Schemas/ValidationError_schema.json"".
2023-02-07 10:57:18.168 &amp#27;[32m INFO&amp#27;[m &amp#27;[35m[@503 - main]&amp#27;[m &amp#27;[36mcom.shaft.tools.io.ReportManager&amp#27;[m : File Action "DoesFileExist" successfully performed. With the following test data "File Path: "src/test/resources/testDataFiles/Schemas/ValidationError_schema.json"".
2023-02-07 10:57:18.168 &amp#27;[32m INFO&amp#27;[m &amp#27;[35m[@503 - main]&amp#27;[m &amp#27;[36mcom.shaft.tools.io.ReportManager&amp#27;[m : File Action "GetAbsolutePath" successfully performed. With the following test data "Relative Folder Path: "src/test/resources/testDataFiles/Schemas/ValidationError_schema.json"".
2023-02-07 10:57:18.172 &amp#27;[32m INFO&amp#27;[m &amp#27;[35m[@503 - main]&amp#27;[m &amp#27;[36mcom.shaft.tools.io.ReportManager&amp#27;[m : File Action "DoesFileExist" successfully performed. With the following test data "File Path: "C:\eclipse-workspace\MyProjects\TASystemsAPIs\src\test\resources\testDataFiles\Schemas\ValidationError_schema.json"".
2023-02-07 10:57:18.173 &amp#27;[32m INFO&amp#27;[m &amp#27;[35m[@503 - main]&amp#27;[m &amp#27;[36mcom.shaft.tools.io.ReportManager&amp#27;[m : File Action "GetAbsolutePath" successfully performed. With the following test data "Relative Folder Path: "C:\eclipse-workspace\MyProjects\TASystemsAPIs\src\test\resources\testDataFiles\Schemas\ValidationError_schema.json"".
2023-02-07 10:57:18.173 &amp#27;[32m INFO&amp#27;[m &amp#27;[35m[@503 - main]&amp#27;[m &amp#27;[36mcom.shaft.tools.io.ReportManager&amp#27;[m : File Action "ReadFile" successfully performed. With the following test data "File Path: "C:\eclipse-workspace\MyProjects\TASystemsAPIs\src\test\resources\testDataFiles\Schemas\ValidationError_schema.json"".
2023-02-07 10:57:18.176 &amp#27;[32m INFO&amp#27;[m &amp#27;[35m[@503 - main]&amp#27;[m &amp#27;[36mcom.shaft.tools.io.ReportManager&amp#27;[m : Successfully created attachment "Validation Test Data - Expected JSON Value"
2023-02-07 10:57:18.178 &amp#27;[32m INFO&amp#27;[m &amp#27;[35m[@503 - main]&amp#27;[m &amp#27;[36mcom.shaft.tools.io.ReportManager&amp#27;[m : Successfully created attachment "Validation Test Data - Actual JSON Value"
2023-02-07 10:57:18.180 &amp#27;[32m INFO&amp#27;[m &amp#27;[35m[@503 - main]&amp#27;[m &amp#27;[36mcom.shaft.tools.io.ReportManager&amp#27;[m : Successfully created attachment "SHAFT Engine Logs - Current Method log: Add_Policy_With_InValid_data_TC"
]]></system-out>
  </testcase>
  <testcase name="Add_Policy_With_InValid_data_TC[[Ljava.lang.Object;@55f9a7e1](6)" classname="SteeringCompanyAPI_TestCases.Test_Policies_Cases" time="1.363">
    <system-out><![CDATA[2023-02-07 10:57:18.185 &amp#27;[32m INFO&amp#27;[m &amp#27;[35m[@534 - main]&amp#27;[m &amp#27;[36mcom.shaft.tools.io.ReportManager&amp#27;[m : 
################################################################################################################################################
Starting Execution:	"104 out of 107" test cases in the current suite
Test Method:		"SteeringCompanyAPI_TestCases.Test_Policies_Cases.Add_Policy_With_InValid_data_TC"
Test Description:	"TC052 -Policy- Perform Add Policy with InValid data"
################################################################################################################################################
2023-02-07 10:57:18.185 &amp#27;[32m INFO&amp#27;[m &amp#27;[35m[@503 - main]&amp#27;[m &amp#27;[36mcom.shaft.tools.io.ReportManager&amp#27;[m : File Action "DoesFileExist" successfully performed. With the following test data "File Path: "SteeringCompanyAPI_TestData/SteeringCompanyAPI_TestData.xlsx"".
2023-02-07 10:57:18.210 &amp#27;[32m INFO&amp#27;[m &amp#27;[35m[@503 - main]&amp#27;[m &amp#27;[36mcom.shaft.tools.io.ReportManager&amp#27;[m : Successfully created attachment "Test Data - Excel"
2023-02-07 10:57:18.826 &amp#27;[32m INFO&amp#27;[m &amp#27;[35m[@503 - main]&amp#27;[m &amp#27;[36mcom.shaft.tools.io.ReportManager&amp#27;[m : Response status code: "200", status line: "HTTP/1.1 200 OK"
2023-02-07 10:57:18.847 &amp#27;[32m INFO&amp#27;[m &amp#27;[35m[@503 - main]&amp#27;[m &amp#27;[36mcom.shaft.tools.io.ReportManager&amp#27;[m : Successfully created attachment "API Request - Specifications"
2023-02-07 10:57:18.848 &amp#27;[32m INFO&amp#27;[m &amp#27;[35m[@503 - main]&amp#27;[m &amp#27;[36mcom.shaft.tools.io.ReportManager&amp#27;[m : Successfully created attachment "API Request - Body"
2023-02-07 10:57:18.850 &amp#27;[32m INFO&amp#27;[m &amp#27;[35m[@503 - main]&amp#27;[m &amp#27;[36mcom.shaft.tools.io.ReportManager&amp#27;[m : Successfully created attachment "API Response - JSON Body"
2023-02-07 10:57:18.868 &amp#27;[32m INFO&amp#27;[m &amp#27;[35m[@503 - main]&amp#27;[m &amp#27;[36mcom.shaft.tools.io.ReportManager&amp#27;[m : File Action "DoesFileExist" successfully performed. With the following test data "File Path: "SteeringCompanyAPI_TestData/SteeringCompanyAPI_TestData.xlsx"".
2023-02-07 10:57:18.899 &amp#27;[32m INFO&amp#27;[m &amp#27;[35m[@503 - main]&amp#27;[m &amp#27;[36mcom.shaft.tools.io.ReportManager&amp#27;[m : Successfully created attachment "Test Data - Excel"
2023-02-07 10:57:18.899 &amp#27;[32m INFO&amp#27;[m &amp#27;[35m[@503 - main]&amp#27;[m &amp#27;[36mcom.shaft.tools.io.ReportManager&amp#27;[m : File Action "DoesFileExist" successfully performed. With the following test data "File Path: "SteeringCompanyAPI_TestData/SteeringCompanyAPI_TestData.xlsx"".
2023-02-07 10:57:18.933 &amp#27;[32m INFO&amp#27;[m &amp#27;[35m[@503 - main]&amp#27;[m &amp#27;[36mcom.shaft.tools.io.ReportManager&amp#27;[m : Successfully created attachment "Test Data - Excel"
2023-02-07 10:57:18.933 &amp#27;[32m INFO&amp#27;[m &amp#27;[35m[@503 - main]&amp#27;[m &amp#27;[36mcom.shaft.tools.io.ReportManager&amp#27;[m : File Action "DoesFileExist" successfully performed. With the following test data "File Path: "SteeringCompanyAPI_TestData/SteeringCompanyAPI_TestData.xlsx"".
2023-02-07 10:57:19.000 &amp#27;[32m INFO&amp#27;[m &amp#27;[35m[@503 - main]&amp#27;[m &amp#27;[36mcom.shaft.tools.io.ReportManager&amp#27;[m : Successfully created attachment "Test Data - Excel"
2023-02-07 10:57:19.503 &amp#27;[32m INFO&amp#27;[m &amp#27;[35m[@503 - main]&amp#27;[m &amp#27;[36mcom.shaft.tools.io.ReportManager&amp#27;[m : Response status code: "422", status line: "HTTP/1.1 422 "
2023-02-07 10:57:19.523 &amp#27;[32m INFO&amp#27;[m &amp#27;[35m[@503 - main]&amp#27;[m &amp#27;[36mcom.shaft.tools.io.ReportManager&amp#27;[m : Successfully created attachment "API Request - Specifications"
2023-02-07 10:57:19.528 &amp#27;[32m INFO&amp#27;[m &amp#27;[35m[@503 - main]&amp#27;[m &amp#27;[36mcom.shaft.tools.io.ReportManager&amp#27;[m : Successfully created attachment "API Request - JSON Body"
2023-02-07 10:57:19.529 &amp#27;[32m INFO&amp#27;[m &amp#27;[35m[@503 - main]&amp#27;[m &amp#27;[36mcom.shaft.tools.io.ReportManager&amp#27;[m : Successfully created attachment "API Response - JSON Body"
2023-02-07 10:57:19.530 &amp#27;[32m INFO&amp#27;[m &amp#27;[35m[@503 - main]&amp#27;[m &amp#27;[36mcom.shaft.tools.io.ReportManager&amp#27;[m : File Action "DoesFileExist" successfully performed. With the following test data "File Path: "Schemas/ValidationError_schema.json"".
2023-02-07 10:57:19.531 &amp#27;[32m INFO&amp#27;[m &amp#27;[35m[@503 - main]&amp#27;[m &amp#27;[36mcom.shaft.tools.io.ReportManager&amp#27;[m : File Action "DoesFileExist" successfully performed. With the following test data "File Path: "src/test/resources/testDataFiles/Schemas/ValidationError_schema.json"".
2023-02-07 10:57:19.531 &amp#27;[32m INFO&amp#27;[m &amp#27;[35m[@503 - main]&amp#27;[m &amp#27;[36mcom.shaft.tools.io.ReportManager&amp#27;[m : File Action "GetAbsolutePath" successfully performed. With the following test data "Relative Folder Path: "src/test/resources/testDataFiles/Schemas/ValidationError_schema.json"".
2023-02-07 10:57:19.535 &amp#27;[32m INFO&amp#27;[m &amp#27;[35m[@503 - main]&amp#27;[m &amp#27;[36mcom.shaft.tools.io.ReportManager&amp#27;[m : File Action "DoesFileExist" successfully performed. With the following test data "File Path: "C:\eclipse-workspace\MyProjects\TASystemsAPIs\src\test\resources\testDataFiles\Schemas\ValidationError_schema.json"".
2023-02-07 10:57:19.536 &amp#27;[32m INFO&amp#27;[m &amp#27;[35m[@503 - main]&amp#27;[m &amp#27;[36mcom.shaft.tools.io.ReportManager&amp#27;[m : File Action "GetAbsolutePath" successfully performed. With the following test data "Relative Folder Path: "C:\eclipse-workspace\MyProjects\TASystemsAPIs\src\test\resources\testDataFiles\Schemas\ValidationError_schema.json"".
2023-02-07 10:57:19.537 &amp#27;[32m INFO&amp#27;[m &amp#27;[35m[@503 - main]&amp#27;[m &amp#27;[36mcom.shaft.tools.io.ReportManager&amp#27;[m : File Action "ReadFile" successfully performed. With the following test data "File Path: "C:\eclipse-workspace\MyProjects\TASystemsAPIs\src\test\resources\testDataFiles\Schemas\ValidationError_schema.json"".
2023-02-07 10:57:19.539 &amp#27;[32m INFO&amp#27;[m &amp#27;[35m[@503 - main]&amp#27;[m &amp#27;[36mcom.shaft.tools.io.ReportManager&amp#27;[m : Successfully created attachment "Validation Test Data - Expected JSON Value"
2023-02-07 10:57:19.540 &amp#27;[32m INFO&amp#27;[m &amp#27;[35m[@503 - main]&amp#27;[m &amp#27;[36mcom.shaft.tools.io.ReportManager&amp#27;[m : Successfully created attachment "Validation Test Data - Actual JSON Value"
2023-02-07 10:57:19.542 &amp#27;[32m INFO&amp#27;[m &amp#27;[35m[@503 - main]&amp#27;[m &amp#27;[36mcom.shaft.tools.io.ReportManager&amp#27;[m : Successfully created attachment "SHAFT Engine Logs - Current Method log: Add_Policy_With_InValid_data_TC"
]]></system-out>
  </testcase>
  <testcase name="Add_Policy_With_InValid_data_TC[[Ljava.lang.Object;@2ff9dbf5](7)" classname="SteeringCompanyAPI_TestCases.Test_Policies_Cases" time="2.001">
    <system-out><![CDATA[2023-02-07 10:57:19.547 &amp#27;[32m INFO&amp#27;[m &amp#27;[35m[@534 - main]&amp#27;[m &amp#27;[36mcom.shaft.tools.io.ReportManager&amp#27;[m : 
################################################################################################################################################
Starting Execution:	"105 out of 107" test cases in the current suite
Test Method:		"SteeringCompanyAPI_TestCases.Test_Policies_Cases.Add_Policy_With_InValid_data_TC"
Test Description:	"TC052 -Policy- Perform Add Policy with InValid data"
################################################################################################################################################
2023-02-07 10:57:19.548 &amp#27;[32m INFO&amp#27;[m &amp#27;[35m[@503 - main]&amp#27;[m &amp#27;[36mcom.shaft.tools.io.ReportManager&amp#27;[m : File Action "DoesFileExist" successfully performed. With the following test data "File Path: "SteeringCompanyAPI_TestData/SteeringCompanyAPI_TestData.xlsx"".
2023-02-07 10:57:19.593 &amp#27;[32m INFO&amp#27;[m &amp#27;[35m[@503 - main]&amp#27;[m &amp#27;[36mcom.shaft.tools.io.ReportManager&amp#27;[m : Successfully created attachment "Test Data - Excel"
2023-02-07 10:57:20.864 &amp#27;[32m INFO&amp#27;[m &amp#27;[35m[@503 - main]&amp#27;[m &amp#27;[36mcom.shaft.tools.io.ReportManager&amp#27;[m : Response status code: "200", status line: "HTTP/1.1 200 OK"
2023-02-07 10:57:20.881 &amp#27;[32m INFO&amp#27;[m &amp#27;[35m[@503 - main]&amp#27;[m &amp#27;[36mcom.shaft.tools.io.ReportManager&amp#27;[m : Successfully created attachment "API Request - Specifications"
2023-02-07 10:57:20.884 &amp#27;[32m INFO&amp#27;[m &amp#27;[35m[@503 - main]&amp#27;[m &amp#27;[36mcom.shaft.tools.io.ReportManager&amp#27;[m : Successfully created attachment "API Request - Body"
2023-02-07 10:57:20.885 &amp#27;[32m INFO&amp#27;[m &amp#27;[35m[@503 - main]&amp#27;[m &amp#27;[36mcom.shaft.tools.io.ReportManager&amp#27;[m : Successfully created attachment "API Response - JSON Body"
2023-02-07 10:57:20.903 &amp#27;[32m INFO&amp#27;[m &amp#27;[35m[@503 - main]&amp#27;[m &amp#27;[36mcom.shaft.tools.io.ReportManager&amp#27;[m : File Action "DoesFileExist" successfully performed. With the following test data "File Path: "SteeringCompanyAPI_TestData/SteeringCompanyAPI_TestData.xlsx"".
2023-02-07 10:57:20.931 &amp#27;[32m INFO&amp#27;[m &amp#27;[35m[@503 - main]&amp#27;[m &amp#27;[36mcom.shaft.tools.io.ReportManager&amp#27;[m : Successfully created attachment "Test Data - Excel"
2023-02-07 10:57:20.932 &amp#27;[32m INFO&amp#27;[m &amp#27;[35m[@503 - main]&amp#27;[m &amp#27;[36mcom.shaft.tools.io.ReportManager&amp#27;[m : File Action "DoesFileExist" successfully performed. With the following test data "File Path: "SteeringCompanyAPI_TestData/SteeringCompanyAPI_TestData.xlsx"".
2023-02-07 10:57:20.970 &amp#27;[32m INFO&amp#27;[m &amp#27;[35m[@503 - main]&amp#27;[m &amp#27;[36mcom.shaft.tools.io.ReportManager&amp#27;[m : Successfully created attachment "Test Data - Excel"
2023-02-07 10:57:20.970 &amp#27;[32m INFO&amp#27;[m &amp#27;[35m[@503 - main]&amp#27;[m &amp#27;[36mcom.shaft.tools.io.ReportManager&amp#27;[m : File Action "DoesFileExist" successfully performed. With the following test data "File Path: "SteeringCompanyAPI_TestData/SteeringCompanyAPI_TestData.xlsx"".
2023-02-07 10:57:20.992 &amp#27;[32m INFO&amp#27;[m &amp#27;[35m[@503 - main]&amp#27;[m &amp#27;[36mcom.shaft.tools.io.ReportManager&amp#27;[m : Successfully created attachment "Test Data - Excel"
2023-02-07 10:57:21.497 &amp#27;[32m INFO&amp#27;[m &amp#27;[35m[@503 - main]&amp#27;[m &amp#27;[36mcom.shaft.tools.io.ReportManager&amp#27;[m : Response status code: "422", status line: "HTTP/1.1 422 "
2023-02-07 10:57:21.517 &amp#27;[32m INFO&amp#27;[m &amp#27;[35m[@503 - main]&amp#27;[m &amp#27;[36mcom.shaft.tools.io.ReportManager&amp#27;[m : Successfully created attachment "API Request - Specifications"
2023-02-07 10:57:21.518 &amp#27;[32m INFO&amp#27;[m &amp#27;[35m[@503 - main]&amp#27;[m &amp#27;[36mcom.shaft.tools.io.ReportManager&amp#27;[m : Successfully created attachment "API Request - JSON Body"
2023-02-07 10:57:21.520 &amp#27;[32m INFO&amp#27;[m &amp#27;[35m[@503 - main]&amp#27;[m &amp#27;[36mcom.shaft.tools.io.ReportManager&amp#27;[m : Successfully created attachment "API Response - JSON Body"
2023-02-07 10:57:21.529 &amp#27;[32m INFO&amp#27;[m &amp#27;[35m[@503 - main]&amp#27;[m &amp#27;[36mcom.shaft.tools.io.ReportManager&amp#27;[m : File Action "DoesFileExist" successfully performed. With the following test data "File Path: "Schemas/ValidationError_schema.json"".
2023-02-07 10:57:21.530 &amp#27;[32m INFO&amp#27;[m &amp#27;[35m[@503 - main]&amp#27;[m &amp#27;[36mcom.shaft.tools.io.ReportManager&amp#27;[m : File Action "DoesFileExist" successfully performed. With the following test data "File Path: "src/test/resources/testDataFiles/Schemas/ValidationError_schema.json"".
2023-02-07 10:57:21.531 &amp#27;[32m INFO&amp#27;[m &amp#27;[35m[@503 - main]&amp#27;[m &amp#27;[36mcom.shaft.tools.io.ReportManager&amp#27;[m : File Action "GetAbsolutePath" successfully performed. With the following test data "Relative Folder Path: "src/test/resources/testDataFiles/Schemas/ValidationError_schema.json"".
2023-02-07 10:57:21.535 &amp#27;[32m INFO&amp#27;[m &amp#27;[35m[@503 - main]&amp#27;[m &amp#27;[36mcom.shaft.tools.io.ReportManager&amp#27;[m : File Action "DoesFileExist" successfully performed. With the following test data "File Path: "C:\eclipse-workspace\MyProjects\TASystemsAPIs\src\test\resources\testDataFiles\Schemas\ValidationError_schema.json"".
2023-02-07 10:57:21.535 &amp#27;[32m INFO&amp#27;[m &amp#27;[35m[@503 - main]&amp#27;[m &amp#27;[36mcom.shaft.tools.io.ReportManager&amp#27;[m : File Action "GetAbsolutePath" successfully performed. With the following test data "Relative Folder Path: "C:\eclipse-workspace\MyProjects\TASystemsAPIs\src\test\resources\testDataFiles\Schemas\ValidationError_schema.json"".
2023-02-07 10:57:21.536 &amp#27;[32m INFO&amp#27;[m &amp#27;[35m[@503 - main]&amp#27;[m &amp#27;[36mcom.shaft.tools.io.ReportManager&amp#27;[m : File Action "ReadFile" successfully performed. With the following test data "File Path: "C:\eclipse-workspace\MyProjects\TASystemsAPIs\src\test\resources\testDataFiles\Schemas\ValidationError_schema.json"".
2023-02-07 10:57:21.542 &amp#27;[32m INFO&amp#27;[m &amp#27;[35m[@503 - main]&amp#27;[m &amp#27;[36mcom.shaft.tools.io.ReportManager&amp#27;[m : Successfully created attachment "Validation Test Data - Expected JSON Value"
2023-02-07 10:57:21.543 &amp#27;[32m INFO&amp#27;[m &amp#27;[35m[@503 - main]&amp#27;[m &amp#27;[36mcom.shaft.tools.io.ReportManager&amp#27;[m : Successfully created attachment "Validation Test Data - Actual JSON Value"
2023-02-07 10:57:21.544 &amp#27;[32m INFO&amp#27;[m &amp#27;[35m[@503 - main]&amp#27;[m &amp#27;[36mcom.shaft.tools.io.ReportManager&amp#27;[m : Successfully created attachment "SHAFT Engine Logs - Current Method log: Add_Policy_With_InValid_data_TC"
]]></system-out>
  </testcase>
  <testcase name="Add_Policy_With_InValid_data_TC[[Ljava.lang.Object;@6a95fa85](8)" classname="SteeringCompanyAPI_TestCases.Test_Policies_Cases" time="2.399">
    <system-out><![CDATA[2023-02-07 10:57:21.549 &amp#27;[32m INFO&amp#27;[m &amp#27;[35m[@534 - main]&amp#27;[m &amp#27;[36mcom.shaft.tools.io.ReportManager&amp#27;[m : 
################################################################################################################################################
Starting Execution:	"106 out of 107" test cases in the current suite
Test Method:		"SteeringCompanyAPI_TestCases.Test_Policies_Cases.Add_Policy_With_InValid_data_TC"
Test Description:	"TC052 -Policy- Perform Add Policy with InValid data"
################################################################################################################################################
2023-02-07 10:57:21.549 &amp#27;[32m INFO&amp#27;[m &amp#27;[35m[@503 - main]&amp#27;[m &amp#27;[36mcom.shaft.tools.io.ReportManager&amp#27;[m : File Action "DoesFileExist" successfully performed. With the following test data "File Path: "SteeringCompanyAPI_TestData/SteeringCompanyAPI_TestData.xlsx"".
2023-02-07 10:57:21.613 &amp#27;[32m INFO&amp#27;[m &amp#27;[35m[@503 - main]&amp#27;[m &amp#27;[36mcom.shaft.tools.io.ReportManager&amp#27;[m : Successfully created attachment "Test Data - Excel"
2023-02-07 10:57:23.213 &amp#27;[32m INFO&amp#27;[m &amp#27;[35m[@503 - main]&amp#27;[m &amp#27;[36mcom.shaft.tools.io.ReportManager&amp#27;[m : Response status code: "200", status line: "HTTP/1.1 200 OK"
2023-02-07 10:57:23.240 &amp#27;[32m INFO&amp#27;[m &amp#27;[35m[@503 - main]&amp#27;[m &amp#27;[36mcom.shaft.tools.io.ReportManager&amp#27;[m : Successfully created attachment "API Request - Specifications"
2023-02-07 10:57:23.242 &amp#27;[32m INFO&amp#27;[m &amp#27;[35m[@503 - main]&amp#27;[m &amp#27;[36mcom.shaft.tools.io.ReportManager&amp#27;[m : Successfully created attachment "API Request - Body"
2023-02-07 10:57:23.244 &amp#27;[32m INFO&amp#27;[m &amp#27;[35m[@503 - main]&amp#27;[m &amp#27;[36mcom.shaft.tools.io.ReportManager&amp#27;[m : Successfully created attachment "API Response - JSON Body"
2023-02-07 10:57:23.269 &amp#27;[32m INFO&amp#27;[m &amp#27;[35m[@503 - main]&amp#27;[m &amp#27;[36mcom.shaft.tools.io.ReportManager&amp#27;[m : File Action "DoesFileExist" successfully performed. With the following test data "File Path: "SteeringCompanyAPI_TestData/SteeringCompanyAPI_TestData.xlsx"".
2023-02-07 10:57:23.305 &amp#27;[32m INFO&amp#27;[m &amp#27;[35m[@503 - main]&amp#27;[m &amp#27;[36mcom.shaft.tools.io.ReportManager&amp#27;[m : Successfully created attachment "Test Data - Excel"
2023-02-07 10:57:23.306 &amp#27;[32m INFO&amp#27;[m &amp#27;[35m[@503 - main]&amp#27;[m &amp#27;[36mcom.shaft.tools.io.ReportManager&amp#27;[m : File Action "DoesFileExist" successfully performed. With the following test data "File Path: "SteeringCompanyAPI_TestData/SteeringCompanyAPI_TestData.xlsx"".
2023-02-07 10:57:23.343 &amp#27;[32m INFO&amp#27;[m &amp#27;[35m[@503 - main]&amp#27;[m &amp#27;[36mcom.shaft.tools.io.ReportManager&amp#27;[m : Successfully created attachment "Test Data - Excel"
2023-02-07 10:57:23.344 &amp#27;[32m INFO&amp#27;[m &amp#27;[35m[@503 - main]&amp#27;[m &amp#27;[36mcom.shaft.tools.io.ReportManager&amp#27;[m : File Action "DoesFileExist" successfully performed. With the following test data "File Path: "SteeringCompanyAPI_TestData/SteeringCompanyAPI_TestData.xlsx"".
2023-02-07 10:57:23.388 &amp#27;[32m INFO&amp#27;[m &amp#27;[35m[@503 - main]&amp#27;[m &amp#27;[36mcom.shaft.tools.io.ReportManager&amp#27;[m : Successfully created attachment "Test Data - Excel"
2023-02-07 10:57:23.893 &amp#27;[32m INFO&amp#27;[m &amp#27;[35m[@503 - main]&amp#27;[m &amp#27;[36mcom.shaft.tools.io.ReportManager&amp#27;[m : Response status code: "422", status line: "HTTP/1.1 422 "
2023-02-07 10:57:23.923 &amp#27;[32m INFO&amp#27;[m &amp#27;[35m[@503 - main]&amp#27;[m &amp#27;[36mcom.shaft.tools.io.ReportManager&amp#27;[m : Successfully created attachment "API Request - Specifications"
2023-02-07 10:57:23.925 &amp#27;[32m INFO&amp#27;[m &amp#27;[35m[@503 - main]&amp#27;[m &amp#27;[36mcom.shaft.tools.io.ReportManager&amp#27;[m : Successfully created attachment "API Request - JSON Body"
2023-02-07 10:57:23.927 &amp#27;[32m INFO&amp#27;[m &amp#27;[35m[@503 - main]&amp#27;[m &amp#27;[36mcom.shaft.tools.io.ReportManager&amp#27;[m : Successfully created attachment "API Response - JSON Body"
2023-02-07 10:57:23.929 &amp#27;[32m INFO&amp#27;[m &amp#27;[35m[@503 - main]&amp#27;[m &amp#27;[36mcom.shaft.tools.io.ReportManager&amp#27;[m : File Action "DoesFileExist" successfully performed. With the following test data "File Path: "Schemas/ValidationError_schema.json"".
2023-02-07 10:57:23.930 &amp#27;[32m INFO&amp#27;[m &amp#27;[35m[@503 - main]&amp#27;[m &amp#27;[36mcom.shaft.tools.io.ReportManager&amp#27;[m : File Action "DoesFileExist" successfully performed. With the following test data "File Path: "src/test/resources/testDataFiles/Schemas/ValidationError_schema.json"".
2023-02-07 10:57:23.930 &amp#27;[32m INFO&amp#27;[m &amp#27;[35m[@503 - main]&amp#27;[m &amp#27;[36mcom.shaft.tools.io.ReportManager&amp#27;[m : File Action "GetAbsolutePath" successfully performed. With the following test data "Relative Folder Path: "src/test/resources/testDataFiles/Schemas/ValidationError_schema.json"".
2023-02-07 10:57:23.935 &amp#27;[32m INFO&amp#27;[m &amp#27;[35m[@503 - main]&amp#27;[m &amp#27;[36mcom.shaft.tools.io.ReportManager&amp#27;[m : File Action "DoesFileExist" successfully performed. With the following test data "File Path: "C:\eclipse-workspace\MyProjects\TASystemsAPIs\src\test\resources\testDataFiles\Schemas\ValidationError_schema.json"".
2023-02-07 10:57:23.936 &amp#27;[32m INFO&amp#27;[m &amp#27;[35m[@503 - main]&amp#27;[m &amp#27;[36mcom.shaft.tools.io.ReportManager&amp#27;[m : File Action "GetAbsolutePath" successfully performed. With the following test data "Relative Folder Path: "C:\eclipse-workspace\MyProjects\TASystemsAPIs\src\test\resources\testDataFiles\Schemas\ValidationError_schema.json"".
2023-02-07 10:57:23.936 &amp#27;[32m INFO&amp#27;[m &amp#27;[35m[@503 - main]&amp#27;[m &amp#27;[36mcom.shaft.tools.io.ReportManager&amp#27;[m : File Action "ReadFile" successfully performed. With the following test data "File Path: "C:\eclipse-workspace\MyProjects\TASystemsAPIs\src\test\resources\testDataFiles\Schemas\ValidationError_schema.json"".
2023-02-07 10:57:23.941 &amp#27;[32m INFO&amp#27;[m &amp#27;[35m[@503 - main]&amp#27;[m &amp#27;[36mcom.shaft.tools.io.ReportManager&amp#27;[m : Successfully created attachment "Validation Test Data - Expected JSON Value"
2023-02-07 10:57:23.942 &amp#27;[32m INFO&amp#27;[m &amp#27;[35m[@503 - main]&amp#27;[m &amp#27;[36mcom.shaft.tools.io.ReportManager&amp#27;[m : Successfully created attachment "Validation Test Data - Actual JSON Value"
2023-02-07 10:57:23.944 &amp#27;[32m INFO&amp#27;[m &amp#27;[35m[@503 - main]&amp#27;[m &amp#27;[36mcom.shaft.tools.io.ReportManager&amp#27;[m : Successfully created attachment "SHAFT Engine Logs - Current Method log: Add_Policy_With_InValid_data_TC"
]]></system-out>
  </testcase>
  <testcase name="Add_Policy_With_InValid_data_TC[[Ljava.lang.Object;@38716e3f](9)" classname="SteeringCompanyAPI_TestCases.Test_Policies_Cases" time="1.948">
    <system-out><![CDATA[2023-02-07 10:57:23.948 &amp#27;[32m INFO&amp#27;[m &amp#27;[35m[@534 - main]&amp#27;[m &amp#27;[36mcom.shaft.tools.io.ReportManager&amp#27;[m : 
################################################################################################################################################
Starting Execution:	"107 out of 107" test cases in the current suite
Test Method:		"SteeringCompanyAPI_TestCases.Test_Policies_Cases.Add_Policy_With_InValid_data_TC"
Test Description:	"TC052 -Policy- Perform Add Policy with InValid data"
################################################################################################################################################
2023-02-07 10:57:23.949 &amp#27;[32m INFO&amp#27;[m &amp#27;[35m[@503 - main]&amp#27;[m &amp#27;[36mcom.shaft.tools.io.ReportManager&amp#27;[m : File Action "DoesFileExist" successfully performed. With the following test data "File Path: "SteeringCompanyAPI_TestData/SteeringCompanyAPI_TestData.xlsx"".
2023-02-07 10:57:23.987 &amp#27;[32m INFO&amp#27;[m &amp#27;[35m[@503 - main]&amp#27;[m &amp#27;[36mcom.shaft.tools.io.ReportManager&amp#27;[m : Successfully created attachment "Test Data - Excel"
2023-02-07 10:57:24.953 &amp#27;[32m INFO&amp#27;[m &amp#27;[35m[@503 - main]&amp#27;[m &amp#27;[36mcom.shaft.tools.io.ReportManager&amp#27;[m : Response status code: "200", status line: "HTTP/1.1 200 OK"
2023-02-07 10:57:24.976 &amp#27;[32m INFO&amp#27;[m &amp#27;[35m[@503 - main]&amp#27;[m &amp#27;[36mcom.shaft.tools.io.ReportManager&amp#27;[m : Successfully created attachment "API Request - Specifications"
2023-02-07 10:57:24.978 &amp#27;[32m INFO&amp#27;[m &amp#27;[35m[@503 - main]&amp#27;[m &amp#27;[36mcom.shaft.tools.io.ReportManager&amp#27;[m : Successfully created attachment "API Request - Body"
2023-02-07 10:57:24.983 &amp#27;[32m INFO&amp#27;[m &amp#27;[35m[@503 - main]&amp#27;[m &amp#27;[36mcom.shaft.tools.io.ReportManager&amp#27;[m : Successfully created attachment "API Response - JSON Body"
2023-02-07 10:57:25.000 &amp#27;[32m INFO&amp#27;[m &amp#27;[35m[@503 - main]&amp#27;[m &amp#27;[36mcom.shaft.tools.io.ReportManager&amp#27;[m : File Action "DoesFileExist" successfully performed. With the following test data "File Path: "SteeringCompanyAPI_TestData/SteeringCompanyAPI_TestData.xlsx"".
2023-02-07 10:57:25.059 &amp#27;[32m INFO&amp#27;[m &amp#27;[35m[@503 - main]&amp#27;[m &amp#27;[36mcom.shaft.tools.io.ReportManager&amp#27;[m : Successfully created attachment "Test Data - Excel"
2023-02-07 10:57:25.059 &amp#27;[32m INFO&amp#27;[m &amp#27;[35m[@503 - main]&amp#27;[m &amp#27;[36mcom.shaft.tools.io.ReportManager&amp#27;[m : File Action "DoesFileExist" successfully performed. With the following test data "File Path: "SteeringCompanyAPI_TestData/SteeringCompanyAPI_TestData.xlsx"".
2023-02-07 10:57:25.098 &amp#27;[32m INFO&amp#27;[m &amp#27;[35m[@503 - main]&amp#27;[m &amp#27;[36mcom.shaft.tools.io.ReportManager&amp#27;[m : Successfully created attachment "Test Data - Excel"
2023-02-07 10:57:25.098 &amp#27;[32m INFO&amp#27;[m &amp#27;[35m[@503 - main]&amp#27;[m &amp#27;[36mcom.shaft.tools.io.ReportManager&amp#27;[m : File Action "DoesFileExist" successfully performed. With the following test data "File Path: "SteeringCompanyAPI_TestData/SteeringCompanyAPI_TestData.xlsx"".
2023-02-07 10:57:25.123 &amp#27;[32m INFO&amp#27;[m &amp#27;[35m[@503 - main]&amp#27;[m &amp#27;[36mcom.shaft.tools.io.ReportManager&amp#27;[m : Successfully created attachment "Test Data - Excel"
2023-02-07 10:57:25.850 &amp#27;[32m INFO&amp#27;[m &amp#27;[35m[@503 - main]&amp#27;[m &amp#27;[36mcom.shaft.tools.io.ReportManager&amp#27;[m : Response status code: "422", status line: "HTTP/1.1 422 "
2023-02-07 10:57:25.874 &amp#27;[32m INFO&amp#27;[m &amp#27;[35m[@503 - main]&amp#27;[m &amp#27;[36mcom.shaft.tools.io.ReportManager&amp#27;[m : Successfully created attachment "API Request - Specifications"
2023-02-07 10:57:25.875 &amp#27;[32m INFO&amp#27;[m &amp#27;[35m[@503 - main]&amp#27;[m &amp#27;[36mcom.shaft.tools.io.ReportManager&amp#27;[m : Successfully created attachment "API Request - JSON Body"
2023-02-07 10:57:25.877 &amp#27;[32m INFO&amp#27;[m &amp#27;[35m[@503 - main]&amp#27;[m &amp#27;[36mcom.shaft.tools.io.ReportManager&amp#27;[m : Successfully created attachment "API Response - JSON Body"
2023-02-07 10:57:25.878 &amp#27;[32m INFO&amp#27;[m &amp#27;[35m[@503 - main]&amp#27;[m &amp#27;[36mcom.shaft.tools.io.ReportManager&amp#27;[m : File Action "DoesFileExist" successfully performed. With the following test data "File Path: "Schemas/ValidationError_schema.json"".
2023-02-07 10:57:25.879 &amp#27;[32m INFO&amp#27;[m &amp#27;[35m[@503 - main]&amp#27;[m &amp#27;[36mcom.shaft.tools.io.ReportManager&amp#27;[m : File Action "DoesFileExist" successfully performed. With the following test data "File Path: "src/test/resources/testDataFiles/Schemas/ValidationError_schema.json"".
2023-02-07 10:57:25.879 &amp#27;[32m INFO&amp#27;[m &amp#27;[35m[@503 - main]&amp#27;[m &amp#27;[36mcom.shaft.tools.io.ReportManager&amp#27;[m : File Action "GetAbsolutePath" successfully performed. With the following test data "Relative Folder Path: "src/test/resources/testDataFiles/Schemas/ValidationError_schema.json"".
2023-02-07 10:57:25.884 &amp#27;[32m INFO&amp#27;[m &amp#27;[35m[@503 - main]&amp#27;[m &amp#27;[36mcom.shaft.tools.io.ReportManager&amp#27;[m : File Action "DoesFileExist" successfully performed. With the following test data "File Path: "C:\eclipse-workspace\MyProjects\TASystemsAPIs\src\test\resources\testDataFiles\Schemas\ValidationError_schema.json"".
2023-02-07 10:57:25.884 &amp#27;[32m INFO&amp#27;[m &amp#27;[35m[@503 - main]&amp#27;[m &amp#27;[36mcom.shaft.tools.io.ReportManager&amp#27;[m : File Action "GetAbsolutePath" successfully performed. With the following test data "Relative Folder Path: "C:\eclipse-workspace\MyProjects\TASystemsAPIs\src\test\resources\testDataFiles\Schemas\ValidationError_schema.json"".
2023-02-07 10:57:25.884 &amp#27;[32m INFO&amp#27;[m &amp#27;[35m[@503 - main]&amp#27;[m &amp#27;[36mcom.shaft.tools.io.ReportManager&amp#27;[m : File Action "ReadFile" successfully performed. With the following test data "File Path: "C:\eclipse-workspace\MyProjects\TASystemsAPIs\src\test\resources\testDataFiles\Schemas\ValidationError_schema.json"".
2023-02-07 10:57:25.889 &amp#27;[32m INFO&amp#27;[m &amp#27;[35m[@503 - main]&amp#27;[m &amp#27;[36mcom.shaft.tools.io.ReportManager&amp#27;[m : Successfully created attachment "Validation Test Data - Expected JSON Value"
2023-02-07 10:57:25.891 &amp#27;[32m INFO&amp#27;[m &amp#27;[35m[@503 - main]&amp#27;[m &amp#27;[36mcom.shaft.tools.io.ReportManager&amp#27;[m : Successfully created attachment "Validation Test Data - Actual JSON Value"
2023-02-07 10:57:25.892 &amp#27;[32m INFO&amp#27;[m &amp#27;[35m[@503 - main]&amp#27;[m &amp#27;[36mcom.shaft.tools.io.ReportManager&amp#27;[m : Successfully created attachment "SHAFT Engine Logs - Current Method log: Add_Policy_With_InValid_data_TC"
]]></system-out>
  </testcase>
  <testcase name="Add_Policy_With_InValid_data_TC[[Ljava.lang.Object;@1ae7c0a8](10)" classname="SteeringCompanyAPI_TestCases.Test_Policies_Cases" time="1.775">
    <system-out><![CDATA[2023-02-07 10:57:25.896 &amp#27;[32m INFO&amp#27;[m &amp#27;[35m[@534 - main]&amp#27;[m &amp#27;[36mcom.shaft.tools.io.ReportManager&amp#27;[m : 
################################################################################################################################################
Starting Execution:	"108 out of 107" test cases in the current suite
Test Method:		"SteeringCompanyAPI_TestCases.Test_Policies_Cases.Add_Policy_With_InValid_data_TC"
Test Description:	"TC052 -Policy- Perform Add Policy with InValid data"
################################################################################################################################################
2023-02-07 10:57:25.897 &amp#27;[32m INFO&amp#27;[m &amp#27;[35m[@503 - main]&amp#27;[m &amp#27;[36mcom.shaft.tools.io.ReportManager&amp#27;[m : File Action "DoesFileExist" successfully performed. With the following test data "File Path: "SteeringCompanyAPI_TestData/SteeringCompanyAPI_TestData.xlsx"".
2023-02-07 10:57:25.921 &amp#27;[32m INFO&amp#27;[m &amp#27;[35m[@503 - main]&amp#27;[m &amp#27;[36mcom.shaft.tools.io.ReportManager&amp#27;[m : Successfully created attachment "Test Data - Excel"
2023-02-07 10:57:26.722 &amp#27;[32m INFO&amp#27;[m &amp#27;[35m[@503 - main]&amp#27;[m &amp#27;[36mcom.shaft.tools.io.ReportManager&amp#27;[m : Response status code: "200", status line: "HTTP/1.1 200 OK"
2023-02-07 10:57:26.745 &amp#27;[32m INFO&amp#27;[m &amp#27;[35m[@503 - main]&amp#27;[m &amp#27;[36mcom.shaft.tools.io.ReportManager&amp#27;[m : Successfully created attachment "API Request - Specifications"
2023-02-07 10:57:26.746 &amp#27;[32m INFO&amp#27;[m &amp#27;[35m[@503 - main]&amp#27;[m &amp#27;[36mcom.shaft.tools.io.ReportManager&amp#27;[m : Successfully created attachment "API Request - Body"
2023-02-07 10:57:26.747 &amp#27;[32m INFO&amp#27;[m &amp#27;[35m[@503 - main]&amp#27;[m &amp#27;[36mcom.shaft.tools.io.ReportManager&amp#27;[m : Successfully created attachment "API Response - JSON Body"
2023-02-07 10:57:26.764 &amp#27;[32m INFO&amp#27;[m &amp#27;[35m[@503 - main]&amp#27;[m &amp#27;[36mcom.shaft.tools.io.ReportManager&amp#27;[m : File Action "DoesFileExist" successfully performed. With the following test data "File Path: "SteeringCompanyAPI_TestData/SteeringCompanyAPI_TestData.xlsx"".
2023-02-07 10:57:26.801 &amp#27;[32m INFO&amp#27;[m &amp#27;[35m[@503 - main]&amp#27;[m &amp#27;[36mcom.shaft.tools.io.ReportManager&amp#27;[m : Successfully created attachment "Test Data - Excel"
2023-02-07 10:57:26.802 &amp#27;[32m INFO&amp#27;[m &amp#27;[35m[@503 - main]&amp#27;[m &amp#27;[36mcom.shaft.tools.io.ReportManager&amp#27;[m : File Action "DoesFileExist" successfully performed. With the following test data "File Path: "SteeringCompanyAPI_TestData/SteeringCompanyAPI_TestData.xlsx"".
2023-02-07 10:57:26.848 &amp#27;[32m INFO&amp#27;[m &amp#27;[35m[@503 - main]&amp#27;[m &amp#27;[36mcom.shaft.tools.io.ReportManager&amp#27;[m : Successfully created attachment "Test Data - Excel"
2023-02-07 10:57:26.848 &amp#27;[32m INFO&amp#27;[m &amp#27;[35m[@503 - main]&amp#27;[m &amp#27;[36mcom.shaft.tools.io.ReportManager&amp#27;[m : File Action "DoesFileExist" successfully performed. With the following test data "File Path: "SteeringCompanyAPI_TestData/SteeringCompanyAPI_TestData.xlsx"".
2023-02-07 10:57:26.895 &amp#27;[32m INFO&amp#27;[m &amp#27;[35m[@503 - main]&amp#27;[m &amp#27;[36mcom.shaft.tools.io.ReportManager&amp#27;[m : Successfully created attachment "Test Data - Excel"
2023-02-07 10:57:27.611 &amp#27;[32m INFO&amp#27;[m &amp#27;[35m[@503 - main]&amp#27;[m &amp#27;[36mcom.shaft.tools.io.ReportManager&amp#27;[m : Response status code: "422", status line: "HTTP/1.1 422 "
2023-02-07 10:57:27.636 &amp#27;[32m INFO&amp#27;[m &amp#27;[35m[@503 - main]&amp#27;[m &amp#27;[36mcom.shaft.tools.io.ReportManager&amp#27;[m : Successfully created attachment "API Request - Specifications"
2023-02-07 10:57:27.642 &amp#27;[32m INFO&amp#27;[m &amp#27;[35m[@503 - main]&amp#27;[m &amp#27;[36mcom.shaft.tools.io.ReportManager&amp#27;[m : Successfully created attachment "API Request - JSON Body"
2023-02-07 10:57:27.644 &amp#27;[32m INFO&amp#27;[m &amp#27;[35m[@503 - main]&amp#27;[m &amp#27;[36mcom.shaft.tools.io.ReportManager&amp#27;[m : Successfully created attachment "API Response - JSON Body"
2023-02-07 10:57:27.644 &amp#27;[32m INFO&amp#27;[m &amp#27;[35m[@503 - main]&amp#27;[m &amp#27;[36mcom.shaft.tools.io.ReportManager&amp#27;[m : File Action "DoesFileExist" successfully performed. With the following test data "File Path: "Schemas/ValidationError_schema.json"".
2023-02-07 10:57:27.646 &amp#27;[32m INFO&amp#27;[m &amp#27;[35m[@503 - main]&amp#27;[m &amp#27;[36mcom.shaft.tools.io.ReportManager&amp#27;[m : File Action "DoesFileExist" successfully performed. With the following test data "File Path: "src/test/resources/testDataFiles/Schemas/ValidationError_schema.json"".
2023-02-07 10:57:27.646 &amp#27;[32m INFO&amp#27;[m &amp#27;[35m[@503 - main]&amp#27;[m &amp#27;[36mcom.shaft.tools.io.ReportManager&amp#27;[m : File Action "GetAbsolutePath" successfully performed. With the following test data "Relative Folder Path: "src/test/resources/testDataFiles/Schemas/ValidationError_schema.json"".
2023-02-07 10:57:27.652 &amp#27;[32m INFO&amp#27;[m &amp#27;[35m[@503 - main]&amp#27;[m &amp#27;[36mcom.shaft.tools.io.ReportManager&amp#27;[m : File Action "DoesFileExist" successfully performed. With the following test data "File Path: "C:\eclipse-workspace\MyProjects\TASystemsAPIs\src\test\resources\testDataFiles\Schemas\ValidationError_schema.json"".
2023-02-07 10:57:27.652 &amp#27;[32m INFO&amp#27;[m &amp#27;[35m[@503 - main]&amp#27;[m &amp#27;[36mcom.shaft.tools.io.ReportManager&amp#27;[m : File Action "GetAbsolutePath" successfully performed. With the following test data "Relative Folder Path: "C:\eclipse-workspace\MyProjects\TASystemsAPIs\src\test\resources\testDataFiles\Schemas\ValidationError_schema.json"".
2023-02-07 10:57:27.654 &amp#27;[32m INFO&amp#27;[m &amp#27;[35m[@503 - main]&amp#27;[m &amp#27;[36mcom.shaft.tools.io.ReportManager&amp#27;[m : File Action "ReadFile" successfully performed. With the following test data "File Path: "C:\eclipse-workspace\MyProjects\TASystemsAPIs\src\test\resources\testDataFiles\Schemas\ValidationError_schema.json"".
2023-02-07 10:57:27.661 &amp#27;[32m INFO&amp#27;[m &amp#27;[35m[@503 - main]&amp#27;[m &amp#27;[36mcom.shaft.tools.io.ReportManager&amp#27;[m : Successfully created attachment "Validation Test Data - Expected JSON Value"
2023-02-07 10:57:27.663 &amp#27;[32m INFO&amp#27;[m &amp#27;[35m[@503 - main]&amp#27;[m &amp#27;[36mcom.shaft.tools.io.ReportManager&amp#27;[m : Successfully created attachment "Validation Test Data - Actual JSON Value"
2023-02-07 10:57:27.668 &amp#27;[32m INFO&amp#27;[m &amp#27;[35m[@503 - main]&amp#27;[m &amp#27;[36mcom.shaft.tools.io.ReportManager&amp#27;[m : Successfully created attachment "SHAFT Engine Logs - Current Method log: Add_Policy_With_InValid_data_TC"
]]></system-out>
  </testcase>
  <testcase name="Add_Policy_With_InValid_data_TC[[Ljava.lang.Object;@78d9f50f](11)" classname="SteeringCompanyAPI_TestCases.Test_Policies_Cases" time="2.272">
    <system-out><![CDATA[2023-02-07 10:57:27.674 &amp#27;[32m INFO&amp#27;[m &amp#27;[35m[@534 - main]&amp#27;[m &amp#27;[36mcom.shaft.tools.io.ReportManager&amp#27;[m : 
################################################################################################################################################
Starting Execution:	"109 out of 107" test cases in the current suite
Test Method:		"SteeringCompanyAPI_TestCases.Test_Policies_Cases.Add_Policy_With_InValid_data_TC"
Test Description:	"TC052 -Policy- Perform Add Policy with InValid data"
################################################################################################################################################
2023-02-07 10:57:27.677 &amp#27;[32m INFO&amp#27;[m &amp#27;[35m[@503 - main]&amp#27;[m &amp#27;[36mcom.shaft.tools.io.ReportManager&amp#27;[m : File Action "DoesFileExist" successfully performed. With the following test data "File Path: "SteeringCompanyAPI_TestData/SteeringCompanyAPI_TestData.xlsx"".
2023-02-07 10:57:27.746 &amp#27;[32m INFO&amp#27;[m &amp#27;[35m[@503 - main]&amp#27;[m &amp#27;[36mcom.shaft.tools.io.ReportManager&amp#27;[m : Successfully created attachment "Test Data - Excel"
2023-02-07 10:57:28.440 &amp#27;[32m INFO&amp#27;[m &amp#27;[35m[@503 - main]&amp#27;[m &amp#27;[36mcom.shaft.tools.io.ReportManager&amp#27;[m : Response status code: "200", status line: "HTTP/1.1 200 OK"
2023-02-07 10:57:28.470 &amp#27;[32m INFO&amp#27;[m &amp#27;[35m[@503 - main]&amp#27;[m &amp#27;[36mcom.shaft.tools.io.ReportManager&amp#27;[m : Successfully created attachment "API Request - Specifications"
2023-02-07 10:57:28.472 &amp#27;[32m INFO&amp#27;[m &amp#27;[35m[@503 - main]&amp#27;[m &amp#27;[36mcom.shaft.tools.io.ReportManager&amp#27;[m : Successfully created attachment "API Request - Body"
2023-02-07 10:57:28.476 &amp#27;[32m INFO&amp#27;[m &amp#27;[35m[@503 - main]&amp#27;[m &amp#27;[36mcom.shaft.tools.io.ReportManager&amp#27;[m : Successfully created attachment "API Response - JSON Body"
2023-02-07 10:57:28.506 &amp#27;[32m INFO&amp#27;[m &amp#27;[35m[@503 - main]&amp#27;[m &amp#27;[36mcom.shaft.tools.io.ReportManager&amp#27;[m : File Action "DoesFileExist" successfully performed. With the following test data "File Path: "SteeringCompanyAPI_TestData/SteeringCompanyAPI_TestData.xlsx"".
2023-02-07 10:57:28.571 &amp#27;[32m INFO&amp#27;[m &amp#27;[35m[@503 - main]&amp#27;[m &amp#27;[36mcom.shaft.tools.io.ReportManager&amp#27;[m : Successfully created attachment "Test Data - Excel"
2023-02-07 10:57:28.573 &amp#27;[32m INFO&amp#27;[m &amp#27;[35m[@503 - main]&amp#27;[m &amp#27;[36mcom.shaft.tools.io.ReportManager&amp#27;[m : File Action "DoesFileExist" successfully performed. With the following test data "File Path: "SteeringCompanyAPI_TestData/SteeringCompanyAPI_TestData.xlsx"".
2023-02-07 10:57:28.660 &amp#27;[32m INFO&amp#27;[m &amp#27;[35m[@503 - main]&amp#27;[m &amp#27;[36mcom.shaft.tools.io.ReportManager&amp#27;[m : Successfully created attachment "Test Data - Excel"
2023-02-07 10:57:28.660 &amp#27;[32m INFO&amp#27;[m &amp#27;[35m[@503 - main]&amp#27;[m &amp#27;[36mcom.shaft.tools.io.ReportManager&amp#27;[m : File Action "DoesFileExist" successfully performed. With the following test data "File Path: "SteeringCompanyAPI_TestData/SteeringCompanyAPI_TestData.xlsx"".
2023-02-07 10:57:28.699 &amp#27;[32m INFO&amp#27;[m &amp#27;[35m[@503 - main]&amp#27;[m &amp#27;[36mcom.shaft.tools.io.ReportManager&amp#27;[m : Successfully created attachment "Test Data - Excel"
2023-02-07 10:57:29.902 &amp#27;[32m INFO&amp#27;[m &amp#27;[35m[@503 - main]&amp#27;[m &amp#27;[36mcom.shaft.tools.io.ReportManager&amp#27;[m : Response status code: "422", status line: "HTTP/1.1 422 "
2023-02-07 10:57:29.923 &amp#27;[32m INFO&amp#27;[m &amp#27;[35m[@503 - main]&amp#27;[m &amp#27;[36mcom.shaft.tools.io.ReportManager&amp#27;[m : Successfully created attachment "API Request - Specifications"
2023-02-07 10:57:29.925 &amp#27;[32m INFO&amp#27;[m &amp#27;[35m[@503 - main]&amp#27;[m &amp#27;[36mcom.shaft.tools.io.ReportManager&amp#27;[m : Successfully created attachment "API Request - JSON Body"
2023-02-07 10:57:29.929 &amp#27;[32m INFO&amp#27;[m &amp#27;[35m[@503 - main]&amp#27;[m &amp#27;[36mcom.shaft.tools.io.ReportManager&amp#27;[m : Successfully created attachment "API Response - JSON Body"
2023-02-07 10:57:29.930 &amp#27;[32m INFO&amp#27;[m &amp#27;[35m[@503 - main]&amp#27;[m &amp#27;[36mcom.shaft.tools.io.ReportManager&amp#27;[m : File Action "DoesFileExist" successfully performed. With the following test data "File Path: "Schemas/ValidationError_schema.json"".
2023-02-07 10:57:29.930 &amp#27;[32m INFO&amp#27;[m &amp#27;[35m[@503 - main]&amp#27;[m &amp#27;[36mcom.shaft.tools.io.ReportManager&amp#27;[m : File Action "DoesFileExist" successfully performed. With the following test data "File Path: "src/test/resources/testDataFiles/Schemas/ValidationError_schema.json"".
2023-02-07 10:57:29.931 &amp#27;[32m INFO&amp#27;[m &amp#27;[35m[@503 - main]&amp#27;[m &amp#27;[36mcom.shaft.tools.io.ReportManager&amp#27;[m : File Action "GetAbsolutePath" successfully performed. With the following test data "Relative Folder Path: "src/test/resources/testDataFiles/Schemas/ValidationError_schema.json"".
2023-02-07 10:57:29.934 &amp#27;[32m INFO&amp#27;[m &amp#27;[35m[@503 - main]&amp#27;[m &amp#27;[36mcom.shaft.tools.io.ReportManager&amp#27;[m : File Action "DoesFileExist" successfully performed. With the following test data "File Path: "C:\eclipse-workspace\MyProjects\TASystemsAPIs\src\test\resources\testDataFiles\Schemas\ValidationError_schema.json"".
2023-02-07 10:57:29.935 &amp#27;[32m INFO&amp#27;[m &amp#27;[35m[@503 - main]&amp#27;[m &amp#27;[36mcom.shaft.tools.io.ReportManager&amp#27;[m : File Action "GetAbsolutePath" successfully performed. With the following test data "Relative Folder Path: "C:\eclipse-workspace\MyProjects\TASystemsAPIs\src\test\resources\testDataFiles\Schemas\ValidationError_schema.json"".
2023-02-07 10:57:29.935 &amp#27;[32m INFO&amp#27;[m &amp#27;[35m[@503 - main]&amp#27;[m &amp#27;[36mcom.shaft.tools.io.ReportManager&amp#27;[m : File Action "ReadFile" successfully performed. With the following test data "File Path: "C:\eclipse-workspace\MyProjects\TASystemsAPIs\src\test\resources\testDataFiles\Schemas\ValidationError_schema.json"".
2023-02-07 10:57:29.937 &amp#27;[32m INFO&amp#27;[m &amp#27;[35m[@503 - main]&amp#27;[m &amp#27;[36mcom.shaft.tools.io.ReportManager&amp#27;[m : Successfully created attachment "Validation Test Data - Expected JSON Value"
2023-02-07 10:57:29.939 &amp#27;[32m INFO&amp#27;[m &amp#27;[35m[@503 - main]&amp#27;[m &amp#27;[36mcom.shaft.tools.io.ReportManager&amp#27;[m : Successfully created attachment "Validation Test Data - Actual JSON Value"
2023-02-07 10:57:29.940 &amp#27;[32m INFO&amp#27;[m &amp#27;[35m[@503 - main]&amp#27;[m &amp#27;[36mcom.shaft.tools.io.ReportManager&amp#27;[m : Successfully created attachment "SHAFT Engine Logs - Current Method log: Add_Policy_With_InValid_data_TC"
]]></system-out>
  </testcase>
  <testcase name="Add_Policy_With_InValid_data_TC[[Ljava.lang.Object;@54775f4](12)" classname="SteeringCompanyAPI_TestCases.Test_Policies_Cases" time="1.434">
    <system-out><![CDATA[2023-02-07 10:57:29.945 &amp#27;[32m INFO&amp#27;[m &amp#27;[35m[@534 - main]&amp#27;[m &amp#27;[36mcom.shaft.tools.io.ReportManager&amp#27;[m : 
################################################################################################################################################
Starting Execution:	"110 out of 107" test cases in the current suite
Test Method:		"SteeringCompanyAPI_TestCases.Test_Policies_Cases.Add_Policy_With_InValid_data_TC"
Test Description:	"TC052 -Policy- Perform Add Policy with InValid data"
################################################################################################################################################
2023-02-07 10:57:29.946 &amp#27;[32m INFO&amp#27;[m &amp#27;[35m[@503 - main]&amp#27;[m &amp#27;[36mcom.shaft.tools.io.ReportManager&amp#27;[m : File Action "DoesFileExist" successfully performed. With the following test data "File Path: "SteeringCompanyAPI_TestData/SteeringCompanyAPI_TestData.xlsx"".
2023-02-07 10:57:29.999 &amp#27;[32m INFO&amp#27;[m &amp#27;[35m[@503 - main]&amp#27;[m &amp#27;[36mcom.shaft.tools.io.ReportManager&amp#27;[m : Successfully created attachment "Test Data - Excel"
2023-02-07 10:57:30.665 &amp#27;[32m INFO&amp#27;[m &amp#27;[35m[@503 - main]&amp#27;[m &amp#27;[36mcom.shaft.tools.io.ReportManager&amp#27;[m : Response status code: "200", status line: "HTTP/1.1 200 OK"
2023-02-07 10:57:30.683 &amp#27;[32m INFO&amp#27;[m &amp#27;[35m[@503 - main]&amp#27;[m &amp#27;[36mcom.shaft.tools.io.ReportManager&amp#27;[m : Successfully created attachment "API Request - Specifications"
2023-02-07 10:57:30.687 &amp#27;[32m INFO&amp#27;[m &amp#27;[35m[@503 - main]&amp#27;[m &amp#27;[36mcom.shaft.tools.io.ReportManager&amp#27;[m : Successfully created attachment "API Request - Body"
2023-02-07 10:57:30.689 &amp#27;[32m INFO&amp#27;[m &amp#27;[35m[@503 - main]&amp#27;[m &amp#27;[36mcom.shaft.tools.io.ReportManager&amp#27;[m : Successfully created attachment "API Response - JSON Body"
2023-02-07 10:57:30.699 &amp#27;[32m INFO&amp#27;[m &amp#27;[35m[@503 - main]&amp#27;[m &amp#27;[36mcom.shaft.tools.io.ReportManager&amp#27;[m : File Action "DoesFileExist" successfully performed. With the following test data "File Path: "SteeringCompanyAPI_TestData/SteeringCompanyAPI_TestData.xlsx"".
2023-02-07 10:57:30.719 &amp#27;[32m INFO&amp#27;[m &amp#27;[35m[@503 - main]&amp#27;[m &amp#27;[36mcom.shaft.tools.io.ReportManager&amp#27;[m : Successfully created attachment "Test Data - Excel"
2023-02-07 10:57:30.719 &amp#27;[32m INFO&amp#27;[m &amp#27;[35m[@503 - main]&amp#27;[m &amp#27;[36mcom.shaft.tools.io.ReportManager&amp#27;[m : File Action "DoesFileExist" successfully performed. With the following test data "File Path: "SteeringCompanyAPI_TestData/SteeringCompanyAPI_TestData.xlsx"".
2023-02-07 10:57:30.738 &amp#27;[32m INFO&amp#27;[m &amp#27;[35m[@503 - main]&amp#27;[m &amp#27;[36mcom.shaft.tools.io.ReportManager&amp#27;[m : Successfully created attachment "Test Data - Excel"
2023-02-07 10:57:30.738 &amp#27;[32m INFO&amp#27;[m &amp#27;[35m[@503 - main]&amp#27;[m &amp#27;[36mcom.shaft.tools.io.ReportManager&amp#27;[m : File Action "DoesFileExist" successfully performed. With the following test data "File Path: "SteeringCompanyAPI_TestData/SteeringCompanyAPI_TestData.xlsx"".
2023-02-07 10:57:30.784 &amp#27;[32m INFO&amp#27;[m &amp#27;[35m[@503 - main]&amp#27;[m &amp#27;[36mcom.shaft.tools.io.ReportManager&amp#27;[m : Successfully created attachment "Test Data - Excel"
2023-02-07 10:57:31.316 &amp#27;[32m INFO&amp#27;[m &amp#27;[35m[@503 - main]&amp#27;[m &amp#27;[36mcom.shaft.tools.io.ReportManager&amp#27;[m : Response status code: "422", status line: "HTTP/1.1 422 "
2023-02-07 10:57:31.346 &amp#27;[32m INFO&amp#27;[m &amp#27;[35m[@503 - main]&amp#27;[m &amp#27;[36mcom.shaft.tools.io.ReportManager&amp#27;[m : Successfully created attachment "API Request - Specifications"
2023-02-07 10:57:31.349 &amp#27;[32m INFO&amp#27;[m &amp#27;[35m[@503 - main]&amp#27;[m &amp#27;[36mcom.shaft.tools.io.ReportManager&amp#27;[m : Successfully created attachment "API Request - JSON Body"
2023-02-07 10:57:31.351 &amp#27;[32m INFO&amp#27;[m &amp#27;[35m[@503 - main]&amp#27;[m &amp#27;[36mcom.shaft.tools.io.ReportManager&amp#27;[m : Successfully created attachment "API Response - JSON Body"
2023-02-07 10:57:31.352 &amp#27;[32m INFO&amp#27;[m &amp#27;[35m[@503 - main]&amp#27;[m &amp#27;[36mcom.shaft.tools.io.ReportManager&amp#27;[m : File Action "DoesFileExist" successfully performed. With the following test data "File Path: "Schemas/ValidationError_schema.json"".
2023-02-07 10:57:31.353 &amp#27;[32m INFO&amp#27;[m &amp#27;[35m[@503 - main]&amp#27;[m &amp#27;[36mcom.shaft.tools.io.ReportManager&amp#27;[m : File Action "DoesFileExist" successfully performed. With the following test data "File Path: "src/test/resources/testDataFiles/Schemas/ValidationError_schema.json"".
2023-02-07 10:57:31.353 &amp#27;[32m INFO&amp#27;[m &amp#27;[35m[@503 - main]&amp#27;[m &amp#27;[36mcom.shaft.tools.io.ReportManager&amp#27;[m : File Action "GetAbsolutePath" successfully performed. With the following test data "Relative Folder Path: "src/test/resources/testDataFiles/Schemas/ValidationError_schema.json"".
2023-02-07 10:57:31.359 &amp#27;[32m INFO&amp#27;[m &amp#27;[35m[@503 - main]&amp#27;[m &amp#27;[36mcom.shaft.tools.io.ReportManager&amp#27;[m : File Action "DoesFileExist" successfully performed. With the following test data "File Path: "C:\eclipse-workspace\MyProjects\TASystemsAPIs\src\test\resources\testDataFiles\Schemas\ValidationError_schema.json"".
2023-02-07 10:57:31.360 &amp#27;[32m INFO&amp#27;[m &amp#27;[35m[@503 - main]&amp#27;[m &amp#27;[36mcom.shaft.tools.io.ReportManager&amp#27;[m : File Action "GetAbsolutePath" successfully performed. With the following test data "Relative Folder Path: "C:\eclipse-workspace\MyProjects\TASystemsAPIs\src\test\resources\testDataFiles\Schemas\ValidationError_schema.json"".
2023-02-07 10:57:31.360 &amp#27;[32m INFO&amp#27;[m &amp#27;[35m[@503 - main]&amp#27;[m &amp#27;[36mcom.shaft.tools.io.ReportManager&amp#27;[m : File Action "ReadFile" successfully performed. With the following test data "File Path: "C:\eclipse-workspace\MyProjects\TASystemsAPIs\src\test\resources\testDataFiles\Schemas\ValidationError_schema.json"".
2023-02-07 10:57:31.368 &amp#27;[32m INFO&amp#27;[m &amp#27;[35m[@503 - main]&amp#27;[m &amp#27;[36mcom.shaft.tools.io.ReportManager&amp#27;[m : Successfully created attachment "Validation Test Data - Expected JSON Value"
2023-02-07 10:57:31.371 &amp#27;[32m INFO&amp#27;[m &amp#27;[35m[@503 - main]&amp#27;[m &amp#27;[36mcom.shaft.tools.io.ReportManager&amp#27;[m : Successfully created attachment "Validation Test Data - Actual JSON Value"
2023-02-07 10:57:31.375 &amp#27;[32m INFO&amp#27;[m &amp#27;[35m[@503 - main]&amp#27;[m &amp#27;[36mcom.shaft.tools.io.ReportManager&amp#27;[m : Successfully created attachment "SHAFT Engine Logs - Current Method log: Add_Policy_With_InValid_data_TC"
]]></system-out>
  </testcase>
  <testcase name="Add_Policy_With_InValid_data_TC[[Ljava.lang.Object;@1bb325a0](13)" classname="SteeringCompanyAPI_TestCases.Test_Policies_Cases" time="2.15">
    <system-out><![CDATA[2023-02-07 10:57:31.378 &amp#27;[32m INFO&amp#27;[m &amp#27;[35m[@534 - main]&amp#27;[m &amp#27;[36mcom.shaft.tools.io.ReportManager&amp#27;[m : 
################################################################################################################################################
Starting Execution:	"111 out of 107" test cases in the current suite
Test Method:		"SteeringCompanyAPI_TestCases.Test_Policies_Cases.Add_Policy_With_InValid_data_TC"
Test Description:	"TC052 -Policy- Perform Add Policy with InValid data"
################################################################################################################################################
2023-02-07 10:57:31.380 &amp#27;[32m INFO&amp#27;[m &amp#27;[35m[@503 - main]&amp#27;[m &amp#27;[36mcom.shaft.tools.io.ReportManager&amp#27;[m : File Action "DoesFileExist" successfully performed. With the following test data "File Path: "SteeringCompanyAPI_TestData/SteeringCompanyAPI_TestData.xlsx"".
2023-02-07 10:57:31.447 &amp#27;[32m INFO&amp#27;[m &amp#27;[35m[@503 - main]&amp#27;[m &amp#27;[36mcom.shaft.tools.io.ReportManager&amp#27;[m : Successfully created attachment "Test Data - Excel"
2023-02-07 10:57:32.738 &amp#27;[32m INFO&amp#27;[m &amp#27;[35m[@503 - main]&amp#27;[m &amp#27;[36mcom.shaft.tools.io.ReportManager&amp#27;[m : Response status code: "200", status line: "HTTP/1.1 200 OK"
2023-02-07 10:57:32.760 &amp#27;[32m INFO&amp#27;[m &amp#27;[35m[@503 - main]&amp#27;[m &amp#27;[36mcom.shaft.tools.io.ReportManager&amp#27;[m : Successfully created attachment "API Request - Specifications"
2023-02-07 10:57:32.761 &amp#27;[32m INFO&amp#27;[m &amp#27;[35m[@503 - main]&amp#27;[m &amp#27;[36mcom.shaft.tools.io.ReportManager&amp#27;[m : Successfully created attachment "API Request - Body"
2023-02-07 10:57:32.761 &amp#27;[32m INFO&amp#27;[m &amp#27;[35m[@503 - main]&amp#27;[m &amp#27;[36mcom.shaft.tools.io.ReportManager&amp#27;[m : Successfully created attachment "API Response - JSON Body"
2023-02-07 10:57:32.791 &amp#27;[32m INFO&amp#27;[m &amp#27;[35m[@503 - main]&amp#27;[m &amp#27;[36mcom.shaft.tools.io.ReportManager&amp#27;[m : File Action "DoesFileExist" successfully performed. With the following test data "File Path: "SteeringCompanyAPI_TestData/SteeringCompanyAPI_TestData.xlsx"".
2023-02-07 10:57:32.828 &amp#27;[32m INFO&amp#27;[m &amp#27;[35m[@503 - main]&amp#27;[m &amp#27;[36mcom.shaft.tools.io.ReportManager&amp#27;[m : Successfully created attachment "Test Data - Excel"
2023-02-07 10:57:32.830 &amp#27;[32m INFO&amp#27;[m &amp#27;[35m[@503 - main]&amp#27;[m &amp#27;[36mcom.shaft.tools.io.ReportManager&amp#27;[m : File Action "DoesFileExist" successfully performed. With the following test data "File Path: "SteeringCompanyAPI_TestData/SteeringCompanyAPI_TestData.xlsx"".
2023-02-07 10:57:32.886 &amp#27;[32m INFO&amp#27;[m &amp#27;[35m[@503 - main]&amp#27;[m &amp#27;[36mcom.shaft.tools.io.ReportManager&amp#27;[m : Successfully created attachment "Test Data - Excel"
2023-02-07 10:57:32.887 &amp#27;[32m INFO&amp#27;[m &amp#27;[35m[@503 - main]&amp#27;[m &amp#27;[36mcom.shaft.tools.io.ReportManager&amp#27;[m : File Action "DoesFileExist" successfully performed. With the following test data "File Path: "SteeringCompanyAPI_TestData/SteeringCompanyAPI_TestData.xlsx"".
2023-02-07 10:57:32.926 &amp#27;[32m INFO&amp#27;[m &amp#27;[35m[@503 - main]&amp#27;[m &amp#27;[36mcom.shaft.tools.io.ReportManager&amp#27;[m : Successfully created attachment "Test Data - Excel"
2023-02-07 10:57:33.477 &amp#27;[32m INFO&amp#27;[m &amp#27;[35m[@503 - main]&amp#27;[m &amp#27;[36mcom.shaft.tools.io.ReportManager&amp#27;[m : Response status code: "422", status line: "HTTP/1.1 422 "
2023-02-07 10:57:33.504 &amp#27;[32m INFO&amp#27;[m &amp#27;[35m[@503 - main]&amp#27;[m &amp#27;[36mcom.shaft.tools.io.ReportManager&amp#27;[m : Successfully created attachment "API Request - Specifications"
2023-02-07 10:57:33.506 &amp#27;[32m INFO&amp#27;[m &amp#27;[35m[@503 - main]&amp#27;[m &amp#27;[36mcom.shaft.tools.io.ReportManager&amp#27;[m : Successfully created attachment "API Request - JSON Body"
2023-02-07 10:57:33.508 &amp#27;[32m INFO&amp#27;[m &amp#27;[35m[@503 - main]&amp#27;[m &amp#27;[36mcom.shaft.tools.io.ReportManager&amp#27;[m : Successfully created attachment "API Response - JSON Body"
2023-02-07 10:57:33.510 &amp#27;[32m INFO&amp#27;[m &amp#27;[35m[@503 - main]&amp#27;[m &amp#27;[36mcom.shaft.tools.io.ReportManager&amp#27;[m : File Action "DoesFileExist" successfully performed. With the following test data "File Path: "Schemas/ValidationError_schema.json"".
2023-02-07 10:57:33.511 &amp#27;[32m INFO&amp#27;[m &amp#27;[35m[@503 - main]&amp#27;[m &amp#27;[36mcom.shaft.tools.io.ReportManager&amp#27;[m : File Action "DoesFileExist" successfully performed. With the following test data "File Path: "src/test/resources/testDataFiles/Schemas/ValidationError_schema.json"".
2023-02-07 10:57:33.512 &amp#27;[32m INFO&amp#27;[m &amp#27;[35m[@503 - main]&amp#27;[m &amp#27;[36mcom.shaft.tools.io.ReportManager&amp#27;[m : File Action "GetAbsolutePath" successfully performed. With the following test data "Relative Folder Path: "src/test/resources/testDataFiles/Schemas/ValidationError_schema.json"".
2023-02-07 10:57:33.518 &amp#27;[32m INFO&amp#27;[m &amp#27;[35m[@503 - main]&amp#27;[m &amp#27;[36mcom.shaft.tools.io.ReportManager&amp#27;[m : File Action "DoesFileExist" successfully performed. With the following test data "File Path: "C:\eclipse-workspace\MyProjects\TASystemsAPIs\src\test\resources\testDataFiles\Schemas\ValidationError_schema.json"".
2023-02-07 10:57:33.518 &amp#27;[32m INFO&amp#27;[m &amp#27;[35m[@503 - main]&amp#27;[m &amp#27;[36mcom.shaft.tools.io.ReportManager&amp#27;[m : File Action "GetAbsolutePath" successfully performed. With the following test data "Relative Folder Path: "C:\eclipse-workspace\MyProjects\TASystemsAPIs\src\test\resources\testDataFiles\Schemas\ValidationError_schema.json"".
2023-02-07 10:57:33.519 &amp#27;[32m INFO&amp#27;[m &amp#27;[35m[@503 - main]&amp#27;[m &amp#27;[36mcom.shaft.tools.io.ReportManager&amp#27;[m : File Action "ReadFile" successfully performed. With the following test data "File Path: "C:\eclipse-workspace\MyProjects\TASystemsAPIs\src\test\resources\testDataFiles\Schemas\ValidationError_schema.json"".
2023-02-07 10:57:33.521 &amp#27;[32m INFO&amp#27;[m &amp#27;[35m[@503 - main]&amp#27;[m &amp#27;[36mcom.shaft.tools.io.ReportManager&amp#27;[m : Successfully created attachment "Validation Test Data - Expected JSON Value"
2023-02-07 10:57:33.523 &amp#27;[32m INFO&amp#27;[m &amp#27;[35m[@503 - main]&amp#27;[m &amp#27;[36mcom.shaft.tools.io.ReportManager&amp#27;[m : Successfully created attachment "Validation Test Data - Actual JSON Value"
2023-02-07 10:57:33.524 &amp#27;[32m INFO&amp#27;[m &amp#27;[35m[@503 - main]&amp#27;[m &amp#27;[36mcom.shaft.tools.io.ReportManager&amp#27;[m : Successfully created attachment "SHAFT Engine Logs - Current Method log: Add_Policy_With_InValid_data_TC"
]]></system-out>
  </testcase>
  <testcase name="Add_Policy_With_InValid_data_TC[[Ljava.lang.Object;@40486321](14)" classname="SteeringCompanyAPI_TestCases.Test_Policies_Cases" time="1.861">
    <system-out><![CDATA[2023-02-07 10:57:33.529 &amp#27;[32m INFO&amp#27;[m &amp#27;[35m[@534 - main]&amp#27;[m &amp#27;[36mcom.shaft.tools.io.ReportManager&amp#27;[m : 
################################################################################################################################################
Starting Execution:	"112 out of 107" test cases in the current suite
Test Method:		"SteeringCompanyAPI_TestCases.Test_Policies_Cases.Add_Policy_With_InValid_data_TC"
Test Description:	"TC052 -Policy- Perform Add Policy with InValid data"
################################################################################################################################################
2023-02-07 10:57:33.529 &amp#27;[32m INFO&amp#27;[m &amp#27;[35m[@503 - main]&amp#27;[m &amp#27;[36mcom.shaft.tools.io.ReportManager&amp#27;[m : File Action "DoesFileExist" successfully performed. With the following test data "File Path: "SteeringCompanyAPI_TestData/SteeringCompanyAPI_TestData.xlsx"".
2023-02-07 10:57:33.581 &amp#27;[32m INFO&amp#27;[m &amp#27;[35m[@503 - main]&amp#27;[m &amp#27;[36mcom.shaft.tools.io.ReportManager&amp#27;[m : Successfully created attachment "Test Data - Excel"
2023-02-07 10:57:34.210 &amp#27;[32m INFO&amp#27;[m &amp#27;[35m[@503 - main]&amp#27;[m &amp#27;[36mcom.shaft.tools.io.ReportManager&amp#27;[m : Response status code: "200", status line: "HTTP/1.1 200 OK"
2023-02-07 10:57:34.235 &amp#27;[32m INFO&amp#27;[m &amp#27;[35m[@503 - main]&amp#27;[m &amp#27;[36mcom.shaft.tools.io.ReportManager&amp#27;[m : Successfully created attachment "API Request - Specifications"
2023-02-07 10:57:34.236 &amp#27;[32m INFO&amp#27;[m &amp#27;[35m[@503 - main]&amp#27;[m &amp#27;[36mcom.shaft.tools.io.ReportManager&amp#27;[m : Successfully created attachment "API Request - Body"
2023-02-07 10:57:34.237 &amp#27;[32m INFO&amp#27;[m &amp#27;[35m[@503 - main]&amp#27;[m &amp#27;[36mcom.shaft.tools.io.ReportManager&amp#27;[m : Successfully created attachment "API Response - JSON Body"
2023-02-07 10:57:34.251 &amp#27;[32m INFO&amp#27;[m &amp#27;[35m[@503 - main]&amp#27;[m &amp#27;[36mcom.shaft.tools.io.ReportManager&amp#27;[m : File Action "DoesFileExist" successfully performed. With the following test data "File Path: "SteeringCompanyAPI_TestData/SteeringCompanyAPI_TestData.xlsx"".
2023-02-07 10:57:34.298 &amp#27;[32m INFO&amp#27;[m &amp#27;[35m[@503 - main]&amp#27;[m &amp#27;[36mcom.shaft.tools.io.ReportManager&amp#27;[m : Successfully created attachment "Test Data - Excel"
2023-02-07 10:57:34.298 &amp#27;[32m INFO&amp#27;[m &amp#27;[35m[@503 - main]&amp#27;[m &amp#27;[36mcom.shaft.tools.io.ReportManager&amp#27;[m : File Action "DoesFileExist" successfully performed. With the following test data "File Path: "SteeringCompanyAPI_TestData/SteeringCompanyAPI_TestData.xlsx"".
2023-02-07 10:57:34.361 &amp#27;[32m INFO&amp#27;[m &amp#27;[35m[@503 - main]&amp#27;[m &amp#27;[36mcom.shaft.tools.io.ReportManager&amp#27;[m : Successfully created attachment "Test Data - Excel"
2023-02-07 10:57:34.361 &amp#27;[32m INFO&amp#27;[m &amp#27;[35m[@503 - main]&amp#27;[m &amp#27;[36mcom.shaft.tools.io.ReportManager&amp#27;[m : File Action "DoesFileExist" successfully performed. With the following test data "File Path: "SteeringCompanyAPI_TestData/SteeringCompanyAPI_TestData.xlsx"".
2023-02-07 10:57:34.429 &amp#27;[32m INFO&amp#27;[m &amp#27;[35m[@503 - main]&amp#27;[m &amp#27;[36mcom.shaft.tools.io.ReportManager&amp#27;[m : Successfully created attachment "Test Data - Excel"
2023-02-07 10:57:35.315 &amp#27;[32m INFO&amp#27;[m &amp#27;[35m[@503 - main]&amp#27;[m &amp#27;[36mcom.shaft.tools.io.ReportManager&amp#27;[m : Response status code: "422", status line: "HTTP/1.1 422 "
2023-02-07 10:57:35.345 &amp#27;[32m INFO&amp#27;[m &amp#27;[35m[@503 - main]&amp#27;[m &amp#27;[36mcom.shaft.tools.io.ReportManager&amp#27;[m : Successfully created attachment "API Request - Specifications"
2023-02-07 10:57:35.347 &amp#27;[32m INFO&amp#27;[m &amp#27;[35m[@503 - main]&amp#27;[m &amp#27;[36mcom.shaft.tools.io.ReportManager&amp#27;[m : Successfully created attachment "API Request - JSON Body"
2023-02-07 10:57:35.353 &amp#27;[32m INFO&amp#27;[m &amp#27;[35m[@503 - main]&amp#27;[m &amp#27;[36mcom.shaft.tools.io.ReportManager&amp#27;[m : Successfully created attachment "API Response - JSON Body"
2023-02-07 10:57:35.357 &amp#27;[32m INFO&amp#27;[m &amp#27;[35m[@503 - main]&amp#27;[m &amp#27;[36mcom.shaft.tools.io.ReportManager&amp#27;[m : File Action "DoesFileExist" successfully performed. With the following test data "File Path: "Schemas/ValidationError_schema.json"".
2023-02-07 10:57:35.357 &amp#27;[32m INFO&amp#27;[m &amp#27;[35m[@503 - main]&amp#27;[m &amp#27;[36mcom.shaft.tools.io.ReportManager&amp#27;[m : File Action "DoesFileExist" successfully performed. With the following test data "File Path: "src/test/resources/testDataFiles/Schemas/ValidationError_schema.json"".
2023-02-07 10:57:35.358 &amp#27;[32m INFO&amp#27;[m &amp#27;[35m[@503 - main]&amp#27;[m &amp#27;[36mcom.shaft.tools.io.ReportManager&amp#27;[m : File Action "GetAbsolutePath" successfully performed. With the following test data "Relative Folder Path: "src/test/resources/testDataFiles/Schemas/ValidationError_schema.json"".
2023-02-07 10:57:35.364 &amp#27;[32m INFO&amp#27;[m &amp#27;[35m[@503 - main]&amp#27;[m &amp#27;[36mcom.shaft.tools.io.ReportManager&amp#27;[m : File Action "DoesFileExist" successfully performed. With the following test data "File Path: "C:\eclipse-workspace\MyProjects\TASystemsAPIs\src\test\resources\testDataFiles\Schemas\ValidationError_schema.json"".
2023-02-07 10:57:35.365 &amp#27;[32m INFO&amp#27;[m &amp#27;[35m[@503 - main]&amp#27;[m &amp#27;[36mcom.shaft.tools.io.ReportManager&amp#27;[m : File Action "GetAbsolutePath" successfully performed. With the following test data "Relative Folder Path: "C:\eclipse-workspace\MyProjects\TASystemsAPIs\src\test\resources\testDataFiles\Schemas\ValidationError_schema.json"".
2023-02-07 10:57:35.368 &amp#27;[32m INFO&amp#27;[m &amp#27;[35m[@503 - main]&amp#27;[m &amp#27;[36mcom.shaft.tools.io.ReportManager&amp#27;[m : File Action "ReadFile" successfully performed. With the following test data "File Path: "C:\eclipse-workspace\MyProjects\TASystemsAPIs\src\test\resources\testDataFiles\Schemas\ValidationError_schema.json"".
2023-02-07 10:57:35.374 &amp#27;[32m INFO&amp#27;[m &amp#27;[35m[@503 - main]&amp#27;[m &amp#27;[36mcom.shaft.tools.io.ReportManager&amp#27;[m : Successfully created attachment "Validation Test Data - Expected JSON Value"
2023-02-07 10:57:35.379 &amp#27;[32m INFO&amp#27;[m &amp#27;[35m[@503 - main]&amp#27;[m &amp#27;[36mcom.shaft.tools.io.ReportManager&amp#27;[m : Successfully created attachment "Validation Test Data - Actual JSON Value"
2023-02-07 10:57:35.380 &amp#27;[32m INFO&amp#27;[m &amp#27;[35m[@503 - main]&amp#27;[m &amp#27;[36mcom.shaft.tools.io.ReportManager&amp#27;[m : Successfully created attachment "SHAFT Engine Logs - Current Method log: Add_Policy_With_InValid_data_TC"
]]></system-out>
  </testcase>
  <testcase name="Add_Policy_With_InValid_data_TC[[Ljava.lang.Object;@874b453](15)" classname="SteeringCompanyAPI_TestCases.Test_Policies_Cases" time="1.726">
    <system-out><![CDATA[2023-02-07 10:57:35.396 &amp#27;[32m INFO&amp#27;[m &amp#27;[35m[@534 - main]&amp#27;[m &amp#27;[36mcom.shaft.tools.io.ReportManager&amp#27;[m : 
################################################################################################################################################
Starting Execution:	"113 out of 107" test cases in the current suite
Test Method:		"SteeringCompanyAPI_TestCases.Test_Policies_Cases.Add_Policy_With_InValid_data_TC"
Test Description:	"TC052 -Policy- Perform Add Policy with InValid data"
################################################################################################################################################
2023-02-07 10:57:35.396 &amp#27;[32m INFO&amp#27;[m &amp#27;[35m[@503 - main]&amp#27;[m &amp#27;[36mcom.shaft.tools.io.ReportManager&amp#27;[m : File Action "DoesFileExist" successfully performed. With the following test data "File Path: "SteeringCompanyAPI_TestData/SteeringCompanyAPI_TestData.xlsx"".
2023-02-07 10:57:35.474 &amp#27;[32m INFO&amp#27;[m &amp#27;[35m[@503 - main]&amp#27;[m &amp#27;[36mcom.shaft.tools.io.ReportManager&amp#27;[m : Successfully created attachment "Test Data - Excel"
2023-02-07 10:57:36.341 &amp#27;[32m INFO&amp#27;[m &amp#27;[35m[@503 - main]&amp#27;[m &amp#27;[36mcom.shaft.tools.io.ReportManager&amp#27;[m : Response status code: "200", status line: "HTTP/1.1 200 OK"
2023-02-07 10:57:36.374 &amp#27;[32m INFO&amp#27;[m &amp#27;[35m[@503 - main]&amp#27;[m &amp#27;[36mcom.shaft.tools.io.ReportManager&amp#27;[m : Successfully created attachment "API Request - Specifications"
2023-02-07 10:57:36.377 &amp#27;[32m INFO&amp#27;[m &amp#27;[35m[@503 - main]&amp#27;[m &amp#27;[36mcom.shaft.tools.io.ReportManager&amp#27;[m : Successfully created attachment "API Request - Body"
2023-02-07 10:57:36.378 &amp#27;[32m INFO&amp#27;[m &amp#27;[35m[@503 - main]&amp#27;[m &amp#27;[36mcom.shaft.tools.io.ReportManager&amp#27;[m : Successfully created attachment "API Response - JSON Body"
2023-02-07 10:57:36.404 &amp#27;[32m INFO&amp#27;[m &amp#27;[35m[@503 - main]&amp#27;[m &amp#27;[36mcom.shaft.tools.io.ReportManager&amp#27;[m : File Action "DoesFileExist" successfully performed. With the following test data "File Path: "SteeringCompanyAPI_TestData/SteeringCompanyAPI_TestData.xlsx"".
2023-02-07 10:57:36.455 &amp#27;[32m INFO&amp#27;[m &amp#27;[35m[@503 - main]&amp#27;[m &amp#27;[36mcom.shaft.tools.io.ReportManager&amp#27;[m : Successfully created attachment "Test Data - Excel"
2023-02-07 10:57:36.455 &amp#27;[32m INFO&amp#27;[m &amp#27;[35m[@503 - main]&amp#27;[m &amp#27;[36mcom.shaft.tools.io.ReportManager&amp#27;[m : File Action "DoesFileExist" successfully performed. With the following test data "File Path: "SteeringCompanyAPI_TestData/SteeringCompanyAPI_TestData.xlsx"".
2023-02-07 10:57:36.518 &amp#27;[32m INFO&amp#27;[m &amp#27;[35m[@503 - main]&amp#27;[m &amp#27;[36mcom.shaft.tools.io.ReportManager&amp#27;[m : Successfully created attachment "Test Data - Excel"
2023-02-07 10:57:36.518 &amp#27;[32m INFO&amp#27;[m &amp#27;[35m[@503 - main]&amp#27;[m &amp#27;[36mcom.shaft.tools.io.ReportManager&amp#27;[m : File Action "DoesFileExist" successfully performed. With the following test data "File Path: "SteeringCompanyAPI_TestData/SteeringCompanyAPI_TestData.xlsx"".
2023-02-07 10:57:36.553 &amp#27;[32m INFO&amp#27;[m &amp#27;[35m[@503 - main]&amp#27;[m &amp#27;[36mcom.shaft.tools.io.ReportManager&amp#27;[m : Successfully created attachment "Test Data - Excel"
2023-02-07 10:57:37.068 &amp#27;[32m INFO&amp#27;[m &amp#27;[35m[@503 - main]&amp#27;[m &amp#27;[36mcom.shaft.tools.io.ReportManager&amp#27;[m : Response status code: "422", status line: "HTTP/1.1 422 "
2023-02-07 10:57:37.092 &amp#27;[32m INFO&amp#27;[m &amp#27;[35m[@503 - main]&amp#27;[m &amp#27;[36mcom.shaft.tools.io.ReportManager&amp#27;[m : Successfully created attachment "API Request - Specifications"
2023-02-07 10:57:37.096 &amp#27;[32m INFO&amp#27;[m &amp#27;[35m[@503 - main]&amp#27;[m &amp#27;[36mcom.shaft.tools.io.ReportManager&amp#27;[m : Successfully created attachment "API Request - JSON Body"
2023-02-07 10:57:37.101 &amp#27;[32m INFO&amp#27;[m &amp#27;[35m[@503 - main]&amp#27;[m &amp#27;[36mcom.shaft.tools.io.ReportManager&amp#27;[m : Successfully created attachment "API Response - JSON Body"
2023-02-07 10:57:37.102 &amp#27;[32m INFO&amp#27;[m &amp#27;[35m[@503 - main]&amp#27;[m &amp#27;[36mcom.shaft.tools.io.ReportManager&amp#27;[m : File Action "DoesFileExist" successfully performed. With the following test data "File Path: "Schemas/ValidationError_schema.json"".
2023-02-07 10:57:37.103 &amp#27;[32m INFO&amp#27;[m &amp#27;[35m[@503 - main]&amp#27;[m &amp#27;[36mcom.shaft.tools.io.ReportManager&amp#27;[m : File Action "DoesFileExist" successfully performed. With the following test data "File Path: "src/test/resources/testDataFiles/Schemas/ValidationError_schema.json"".
2023-02-07 10:57:37.104 &amp#27;[32m INFO&amp#27;[m &amp#27;[35m[@503 - main]&amp#27;[m &amp#27;[36mcom.shaft.tools.io.ReportManager&amp#27;[m : File Action "GetAbsolutePath" successfully performed. With the following test data "Relative Folder Path: "src/test/resources/testDataFiles/Schemas/ValidationError_schema.json"".
2023-02-07 10:57:37.107 &amp#27;[32m INFO&amp#27;[m &amp#27;[35m[@503 - main]&amp#27;[m &amp#27;[36mcom.shaft.tools.io.ReportManager&amp#27;[m : File Action "DoesFileExist" successfully performed. With the following test data "File Path: "C:\eclipse-workspace\MyProjects\TASystemsAPIs\src\test\resources\testDataFiles\Schemas\ValidationError_schema.json"".
2023-02-07 10:57:37.107 &amp#27;[32m INFO&amp#27;[m &amp#27;[35m[@503 - main]&amp#27;[m &amp#27;[36mcom.shaft.tools.io.ReportManager&amp#27;[m : File Action "GetAbsolutePath" successfully performed. With the following test data "Relative Folder Path: "C:\eclipse-workspace\MyProjects\TASystemsAPIs\src\test\resources\testDataFiles\Schemas\ValidationError_schema.json"".
2023-02-07 10:57:37.108 &amp#27;[32m INFO&amp#27;[m &amp#27;[35m[@503 - main]&amp#27;[m &amp#27;[36mcom.shaft.tools.io.ReportManager&amp#27;[m : File Action "ReadFile" successfully performed. With the following test data "File Path: "C:\eclipse-workspace\MyProjects\TASystemsAPIs\src\test\resources\testDataFiles\Schemas\ValidationError_schema.json"".
2023-02-07 10:57:37.110 &amp#27;[32m INFO&amp#27;[m &amp#27;[35m[@503 - main]&amp#27;[m &amp#27;[36mcom.shaft.tools.io.ReportManager&amp#27;[m : Successfully created attachment "Validation Test Data - Expected JSON Value"
2023-02-07 10:57:37.111 &amp#27;[32m INFO&amp#27;[m &amp#27;[35m[@503 - main]&amp#27;[m &amp#27;[36mcom.shaft.tools.io.ReportManager&amp#27;[m : Successfully created attachment "Validation Test Data - Actual JSON Value"
2023-02-07 10:57:37.112 &amp#27;[32m INFO&amp#27;[m &amp#27;[35m[@503 - main]&amp#27;[m &amp#27;[36mcom.shaft.tools.io.ReportManager&amp#27;[m : Successfully created attachment "SHAFT Engine Logs - Current Method log: Add_Policy_With_InValid_data_TC"
]]></system-out>
  </testcase>
  <testcase name="Add_Policy_With_InValid_data_TC[[Ljava.lang.Object;@7f415ae0](16)" classname="SteeringCompanyAPI_TestCases.Test_Policies_Cases" time="1.419">
    <system-out><![CDATA[2023-02-07 10:57:37.118 &amp#27;[32m INFO&amp#27;[m &amp#27;[35m[@534 - main]&amp#27;[m &amp#27;[36mcom.shaft.tools.io.ReportManager&amp#27;[m : 
################################################################################################################################################
Starting Execution:	"114 out of 107" test cases in the current suite
Test Method:		"SteeringCompanyAPI_TestCases.Test_Policies_Cases.Add_Policy_With_InValid_data_TC"
Test Description:	"TC052 -Policy- Perform Add Policy with InValid data"
################################################################################################################################################
2023-02-07 10:57:37.120 &amp#27;[32m INFO&amp#27;[m &amp#27;[35m[@503 - main]&amp#27;[m &amp#27;[36mcom.shaft.tools.io.ReportManager&amp#27;[m : File Action "DoesFileExist" successfully performed. With the following test data "File Path: "SteeringCompanyAPI_TestData/SteeringCompanyAPI_TestData.xlsx"".
2023-02-07 10:57:37.174 &amp#27;[32m INFO&amp#27;[m &amp#27;[35m[@503 - main]&amp#27;[m &amp#27;[36mcom.shaft.tools.io.ReportManager&amp#27;[m : Successfully created attachment "Test Data - Excel"
2023-02-07 10:57:37.833 &amp#27;[32m INFO&amp#27;[m &amp#27;[35m[@503 - main]&amp#27;[m &amp#27;[36mcom.shaft.tools.io.ReportManager&amp#27;[m : Response status code: "200", status line: "HTTP/1.1 200 OK"
2023-02-07 10:57:37.852 &amp#27;[32m INFO&amp#27;[m &amp#27;[35m[@503 - main]&amp#27;[m &amp#27;[36mcom.shaft.tools.io.ReportManager&amp#27;[m : Successfully created attachment "API Request - Specifications"
2023-02-07 10:57:37.856 &amp#27;[32m INFO&amp#27;[m &amp#27;[35m[@503 - main]&amp#27;[m &amp#27;[36mcom.shaft.tools.io.ReportManager&amp#27;[m : Successfully created attachment "API Request - Body"
2023-02-07 10:57:37.858 &amp#27;[32m INFO&amp#27;[m &amp#27;[35m[@503 - main]&amp#27;[m &amp#27;[36mcom.shaft.tools.io.ReportManager&amp#27;[m : Successfully created attachment "API Response - JSON Body"
2023-02-07 10:57:37.875 &amp#27;[32m INFO&amp#27;[m &amp#27;[35m[@503 - main]&amp#27;[m &amp#27;[36mcom.shaft.tools.io.ReportManager&amp#27;[m : File Action "DoesFileExist" successfully performed. With the following test data "File Path: "SteeringCompanyAPI_TestData/SteeringCompanyAPI_TestData.xlsx"".
2023-02-07 10:57:37.912 &amp#27;[32m INFO&amp#27;[m &amp#27;[35m[@503 - main]&amp#27;[m &amp#27;[36mcom.shaft.tools.io.ReportManager&amp#27;[m : Successfully created attachment "Test Data - Excel"
2023-02-07 10:57:37.913 &amp#27;[32m INFO&amp#27;[m &amp#27;[35m[@503 - main]&amp#27;[m &amp#27;[36mcom.shaft.tools.io.ReportManager&amp#27;[m : File Action "DoesFileExist" successfully performed. With the following test data "File Path: "SteeringCompanyAPI_TestData/SteeringCompanyAPI_TestData.xlsx"".
2023-02-07 10:57:37.958 &amp#27;[32m INFO&amp#27;[m &amp#27;[35m[@503 - main]&amp#27;[m &amp#27;[36mcom.shaft.tools.io.ReportManager&amp#27;[m : Successfully created attachment "Test Data - Excel"
2023-02-07 10:57:37.959 &amp#27;[32m INFO&amp#27;[m &amp#27;[35m[@503 - main]&amp#27;[m &amp#27;[36mcom.shaft.tools.io.ReportManager&amp#27;[m : File Action "DoesFileExist" successfully performed. With the following test data "File Path: "SteeringCompanyAPI_TestData/SteeringCompanyAPI_TestData.xlsx"".
2023-02-07 10:57:37.995 &amp#27;[32m INFO&amp#27;[m &amp#27;[35m[@503 - main]&amp#27;[m &amp#27;[36mcom.shaft.tools.io.ReportManager&amp#27;[m : Successfully created attachment "Test Data - Excel"
2023-02-07 10:57:38.513 &amp#27;[32m INFO&amp#27;[m &amp#27;[35m[@503 - main]&amp#27;[m &amp#27;[36mcom.shaft.tools.io.ReportManager&amp#27;[m : Response status code: "422", status line: "HTTP/1.1 422 "
2023-02-07 10:57:38.523 &amp#27;[32m INFO&amp#27;[m &amp#27;[35m[@503 - main]&amp#27;[m &amp#27;[36mcom.shaft.tools.io.ReportManager&amp#27;[m : Successfully created attachment "API Request - Specifications"
2023-02-07 10:57:38.524 &amp#27;[32m INFO&amp#27;[m &amp#27;[35m[@503 - main]&amp#27;[m &amp#27;[36mcom.shaft.tools.io.ReportManager&amp#27;[m : Successfully created attachment "API Request - JSON Body"
2023-02-07 10:57:38.524 &amp#27;[32m INFO&amp#27;[m &amp#27;[35m[@503 - main]&amp#27;[m &amp#27;[36mcom.shaft.tools.io.ReportManager&amp#27;[m : Successfully created attachment "API Response - JSON Body"
2023-02-07 10:57:38.525 &amp#27;[32m INFO&amp#27;[m &amp#27;[35m[@503 - main]&amp#27;[m &amp#27;[36mcom.shaft.tools.io.ReportManager&amp#27;[m : File Action "DoesFileExist" successfully performed. With the following test data "File Path: "Schemas/ValidationError_schema.json"".
2023-02-07 10:57:38.526 &amp#27;[32m INFO&amp#27;[m &amp#27;[35m[@503 - main]&amp#27;[m &amp#27;[36mcom.shaft.tools.io.ReportManager&amp#27;[m : File Action "DoesFileExist" successfully performed. With the following test data "File Path: "src/test/resources/testDataFiles/Schemas/ValidationError_schema.json"".
2023-02-07 10:57:38.526 &amp#27;[32m INFO&amp#27;[m &amp#27;[35m[@503 - main]&amp#27;[m &amp#27;[36mcom.shaft.tools.io.ReportManager&amp#27;[m : File Action "GetAbsolutePath" successfully performed. With the following test data "Relative Folder Path: "src/test/resources/testDataFiles/Schemas/ValidationError_schema.json"".
2023-02-07 10:57:38.527 &amp#27;[32m INFO&amp#27;[m &amp#27;[35m[@503 - main]&amp#27;[m &amp#27;[36mcom.shaft.tools.io.ReportManager&amp#27;[m : File Action "DoesFileExist" successfully performed. With the following test data "File Path: "C:\eclipse-workspace\MyProjects\TASystemsAPIs\src\test\resources\testDataFiles\Schemas\ValidationError_schema.json"".
2023-02-07 10:57:38.527 &amp#27;[32m INFO&amp#27;[m &amp#27;[35m[@503 - main]&amp#27;[m &amp#27;[36mcom.shaft.tools.io.ReportManager&amp#27;[m : File Action "GetAbsolutePath" successfully performed. With the following test data "Relative Folder Path: "C:\eclipse-workspace\MyProjects\TASystemsAPIs\src\test\resources\testDataFiles\Schemas\ValidationError_schema.json"".
2023-02-07 10:57:38.527 &amp#27;[32m INFO&amp#27;[m &amp#27;[35m[@503 - main]&amp#27;[m &amp#27;[36mcom.shaft.tools.io.ReportManager&amp#27;[m : File Action "ReadFile" successfully performed. With the following test data "File Path: "C:\eclipse-workspace\MyProjects\TASystemsAPIs\src\test\resources\testDataFiles\Schemas\ValidationError_schema.json"".
2023-02-07 10:57:38.528 &amp#27;[32m INFO&amp#27;[m &amp#27;[35m[@503 - main]&amp#27;[m &amp#27;[36mcom.shaft.tools.io.ReportManager&amp#27;[m : Successfully created attachment "Validation Test Data - Expected JSON Value"
2023-02-07 10:57:38.529 &amp#27;[32m INFO&amp#27;[m &amp#27;[35m[@503 - main]&amp#27;[m &amp#27;[36mcom.shaft.tools.io.ReportManager&amp#27;[m : Successfully created attachment "Validation Test Data - Actual JSON Value"
2023-02-07 10:57:38.530 &amp#27;[32m INFO&amp#27;[m &amp#27;[35m[@503 - main]&amp#27;[m &amp#27;[36mcom.shaft.tools.io.ReportManager&amp#27;[m : Successfully created attachment "SHAFT Engine Logs - Current Method log: Add_Policy_With_InValid_data_TC"
]]></system-out>
  </testcase>
  <testcase name="Add_Policy_With_InValid_data_TC[[Ljava.lang.Object;@36cae6ee](17)" classname="SteeringCompanyAPI_TestCases.Test_Policies_Cases" time="1.303">
    <system-out><![CDATA[2023-02-07 10:57:38.534 &amp#27;[32m INFO&amp#27;[m &amp#27;[35m[@534 - main]&amp#27;[m &amp#27;[36mcom.shaft.tools.io.ReportManager&amp#27;[m : 
################################################################################################################################################
Starting Execution:	"115 out of 107" test cases in the current suite
Test Method:		"SteeringCompanyAPI_TestCases.Test_Policies_Cases.Add_Policy_With_InValid_data_TC"
Test Description:	"TC052 -Policy- Perform Add Policy with InValid data"
################################################################################################################################################
2023-02-07 10:57:38.535 &amp#27;[32m INFO&amp#27;[m &amp#27;[35m[@503 - main]&amp#27;[m &amp#27;[36mcom.shaft.tools.io.ReportManager&amp#27;[m : File Action "DoesFileExist" successfully performed. With the following test data "File Path: "SteeringCompanyAPI_TestData/SteeringCompanyAPI_TestData.xlsx"".
2023-02-07 10:57:38.558 &amp#27;[32m INFO&amp#27;[m &amp#27;[35m[@503 - main]&amp#27;[m &amp#27;[36mcom.shaft.tools.io.ReportManager&amp#27;[m : Successfully created attachment "Test Data - Excel"
2023-02-07 10:57:39.193 &amp#27;[32m INFO&amp#27;[m &amp#27;[35m[@503 - main]&amp#27;[m &amp#27;[36mcom.shaft.tools.io.ReportManager&amp#27;[m : Response status code: "200", status line: "HTTP/1.1 200 OK"
2023-02-07 10:57:39.218 &amp#27;[32m INFO&amp#27;[m &amp#27;[35m[@503 - main]&amp#27;[m &amp#27;[36mcom.shaft.tools.io.ReportManager&amp#27;[m : Successfully created attachment "API Request - Specifications"
2023-02-07 10:57:39.220 &amp#27;[32m INFO&amp#27;[m &amp#27;[35m[@503 - main]&amp#27;[m &amp#27;[36mcom.shaft.tools.io.ReportManager&amp#27;[m : Successfully created attachment "API Request - Body"
2023-02-07 10:57:39.222 &amp#27;[32m INFO&amp#27;[m &amp#27;[35m[@503 - main]&amp#27;[m &amp#27;[36mcom.shaft.tools.io.ReportManager&amp#27;[m : Successfully created attachment "API Response - JSON Body"
2023-02-07 10:57:39.247 &amp#27;[32m INFO&amp#27;[m &amp#27;[35m[@503 - main]&amp#27;[m &amp#27;[36mcom.shaft.tools.io.ReportManager&amp#27;[m : File Action "DoesFileExist" successfully performed. With the following test data "File Path: "SteeringCompanyAPI_TestData/SteeringCompanyAPI_TestData.xlsx"".
2023-02-07 10:57:39.275 &amp#27;[32m INFO&amp#27;[m &amp#27;[35m[@503 - main]&amp#27;[m &amp#27;[36mcom.shaft.tools.io.ReportManager&amp#27;[m : Successfully created attachment "Test Data - Excel"
2023-02-07 10:57:39.276 &amp#27;[32m INFO&amp#27;[m &amp#27;[35m[@503 - main]&amp#27;[m &amp#27;[36mcom.shaft.tools.io.ReportManager&amp#27;[m : File Action "DoesFileExist" successfully performed. With the following test data "File Path: "SteeringCompanyAPI_TestData/SteeringCompanyAPI_TestData.xlsx"".
2023-02-07 10:57:39.299 &amp#27;[32m INFO&amp#27;[m &amp#27;[35m[@503 - main]&amp#27;[m &amp#27;[36mcom.shaft.tools.io.ReportManager&amp#27;[m : Successfully created attachment "Test Data - Excel"
2023-02-07 10:57:39.299 &amp#27;[32m INFO&amp#27;[m &amp#27;[35m[@503 - main]&amp#27;[m &amp#27;[36mcom.shaft.tools.io.ReportManager&amp#27;[m : File Action "DoesFileExist" successfully performed. With the following test data "File Path: "SteeringCompanyAPI_TestData/SteeringCompanyAPI_TestData.xlsx"".
2023-02-07 10:57:39.320 &amp#27;[32m INFO&amp#27;[m &amp#27;[35m[@503 - main]&amp#27;[m &amp#27;[36mcom.shaft.tools.io.ReportManager&amp#27;[m : Successfully created attachment "Test Data - Excel"
2023-02-07 10:57:39.798 &amp#27;[32m INFO&amp#27;[m &amp#27;[35m[@503 - main]&amp#27;[m &amp#27;[36mcom.shaft.tools.io.ReportManager&amp#27;[m : Response status code: "422", status line: "HTTP/1.1 422 "
2023-02-07 10:57:39.817 &amp#27;[32m INFO&amp#27;[m &amp#27;[35m[@503 - main]&amp#27;[m &amp#27;[36mcom.shaft.tools.io.ReportManager&amp#27;[m : Successfully created attachment "API Request - Specifications"
2023-02-07 10:57:39.818 &amp#27;[32m INFO&amp#27;[m &amp#27;[35m[@503 - main]&amp#27;[m &amp#27;[36mcom.shaft.tools.io.ReportManager&amp#27;[m : Successfully created attachment "API Request - JSON Body"
2023-02-07 10:57:39.820 &amp#27;[32m INFO&amp#27;[m &amp#27;[35m[@503 - main]&amp#27;[m &amp#27;[36mcom.shaft.tools.io.ReportManager&amp#27;[m : Successfully created attachment "API Response - JSON Body"
2023-02-07 10:57:39.821 &amp#27;[32m INFO&amp#27;[m &amp#27;[35m[@503 - main]&amp#27;[m &amp#27;[36mcom.shaft.tools.io.ReportManager&amp#27;[m : File Action "DoesFileExist" successfully performed. With the following test data "File Path: "Schemas/ValidationError_schema.json"".
2023-02-07 10:57:39.821 &amp#27;[32m INFO&amp#27;[m &amp#27;[35m[@503 - main]&amp#27;[m &amp#27;[36mcom.shaft.tools.io.ReportManager&amp#27;[m : File Action "DoesFileExist" successfully performed. With the following test data "File Path: "src/test/resources/testDataFiles/Schemas/ValidationError_schema.json"".
2023-02-07 10:57:39.821 &amp#27;[32m INFO&amp#27;[m &amp#27;[35m[@503 - main]&amp#27;[m &amp#27;[36mcom.shaft.tools.io.ReportManager&amp#27;[m : File Action "GetAbsolutePath" successfully performed. With the following test data "Relative Folder Path: "src/test/resources/testDataFiles/Schemas/ValidationError_schema.json"".
2023-02-07 10:57:39.826 &amp#27;[32m INFO&amp#27;[m &amp#27;[35m[@503 - main]&amp#27;[m &amp#27;[36mcom.shaft.tools.io.ReportManager&amp#27;[m : File Action "DoesFileExist" successfully performed. With the following test data "File Path: "C:\eclipse-workspace\MyProjects\TASystemsAPIs\src\test\resources\testDataFiles\Schemas\ValidationError_schema.json"".
2023-02-07 10:57:39.826 &amp#27;[32m INFO&amp#27;[m &amp#27;[35m[@503 - main]&amp#27;[m &amp#27;[36mcom.shaft.tools.io.ReportManager&amp#27;[m : File Action "GetAbsolutePath" successfully performed. With the following test data "Relative Folder Path: "C:\eclipse-workspace\MyProjects\TASystemsAPIs\src\test\resources\testDataFiles\Schemas\ValidationError_schema.json"".
2023-02-07 10:57:39.826 &amp#27;[32m INFO&amp#27;[m &amp#27;[35m[@503 - main]&amp#27;[m &amp#27;[36mcom.shaft.tools.io.ReportManager&amp#27;[m : File Action "ReadFile" successfully performed. With the following test data "File Path: "C:\eclipse-workspace\MyProjects\TASystemsAPIs\src\test\resources\testDataFiles\Schemas\ValidationError_schema.json"".
2023-02-07 10:57:39.831 &amp#27;[32m INFO&amp#27;[m &amp#27;[35m[@503 - main]&amp#27;[m &amp#27;[36mcom.shaft.tools.io.ReportManager&amp#27;[m : Successfully created attachment "Validation Test Data - Expected JSON Value"
2023-02-07 10:57:39.832 &amp#27;[32m INFO&amp#27;[m &amp#27;[35m[@503 - main]&amp#27;[m &amp#27;[36mcom.shaft.tools.io.ReportManager&amp#27;[m : Successfully created attachment "Validation Test Data - Actual JSON Value"
2023-02-07 10:57:39.834 &amp#27;[32m INFO&amp#27;[m &amp#27;[35m[@503 - main]&amp#27;[m &amp#27;[36mcom.shaft.tools.io.ReportManager&amp#27;[m : Successfully created attachment "SHAFT Engine Logs - Current Method log: Add_Policy_With_InValid_data_TC"
]]></system-out>
  </testcase>
  <testcase name="Add_Policy_With_InValid_data_TC[[Ljava.lang.Object;@205e3c05](18)" classname="SteeringCompanyAPI_TestCases.Test_Policies_Cases" time="1.577">
    <system-out><![CDATA[2023-02-07 10:57:39.839 &amp#27;[32m INFO&amp#27;[m &amp#27;[35m[@534 - main]&amp#27;[m &amp#27;[36mcom.shaft.tools.io.ReportManager&amp#27;[m : 
################################################################################################################################################
Starting Execution:	"116 out of 107" test cases in the current suite
Test Method:		"SteeringCompanyAPI_TestCases.Test_Policies_Cases.Add_Policy_With_InValid_data_TC"
Test Description:	"TC052 -Policy- Perform Add Policy with InValid data"
################################################################################################################################################
2023-02-07 10:57:39.840 &amp#27;[32m INFO&amp#27;[m &amp#27;[35m[@503 - main]&amp#27;[m &amp#27;[36mcom.shaft.tools.io.ReportManager&amp#27;[m : File Action "DoesFileExist" successfully performed. With the following test data "File Path: "SteeringCompanyAPI_TestData/SteeringCompanyAPI_TestData.xlsx"".
2023-02-07 10:57:39.879 &amp#27;[32m INFO&amp#27;[m &amp#27;[35m[@503 - main]&amp#27;[m &amp#27;[36mcom.shaft.tools.io.ReportManager&amp#27;[m : Successfully created attachment "Test Data - Excel"
2023-02-07 10:57:40.512 &amp#27;[32m INFO&amp#27;[m &amp#27;[35m[@503 - main]&amp#27;[m &amp#27;[36mcom.shaft.tools.io.ReportManager&amp#27;[m : Response status code: "200", status line: "HTTP/1.1 200 OK"
2023-02-07 10:57:40.532 &amp#27;[32m INFO&amp#27;[m &amp#27;[35m[@503 - main]&amp#27;[m &amp#27;[36mcom.shaft.tools.io.ReportManager&amp#27;[m : Successfully created attachment "API Request - Specifications"
2023-02-07 10:57:40.533 &amp#27;[32m INFO&amp#27;[m &amp#27;[35m[@503 - main]&amp#27;[m &amp#27;[36mcom.shaft.tools.io.ReportManager&amp#27;[m : Successfully created attachment "API Request - Body"
2023-02-07 10:57:40.536 &amp#27;[32m INFO&amp#27;[m &amp#27;[35m[@503 - main]&amp#27;[m &amp#27;[36mcom.shaft.tools.io.ReportManager&amp#27;[m : Successfully created attachment "API Response - JSON Body"
2023-02-07 10:57:40.552 &amp#27;[32m INFO&amp#27;[m &amp#27;[35m[@503 - main]&amp#27;[m &amp#27;[36mcom.shaft.tools.io.ReportManager&amp#27;[m : File Action "DoesFileExist" successfully performed. With the following test data "File Path: "SteeringCompanyAPI_TestData/SteeringCompanyAPI_TestData.xlsx"".
2023-02-07 10:57:40.595 &amp#27;[32m INFO&amp#27;[m &amp#27;[35m[@503 - main]&amp#27;[m &amp#27;[36mcom.shaft.tools.io.ReportManager&amp#27;[m : Successfully created attachment "Test Data - Excel"
2023-02-07 10:57:40.596 &amp#27;[32m INFO&amp#27;[m &amp#27;[35m[@503 - main]&amp#27;[m &amp#27;[36mcom.shaft.tools.io.ReportManager&amp#27;[m : File Action "DoesFileExist" successfully performed. With the following test data "File Path: "SteeringCompanyAPI_TestData/SteeringCompanyAPI_TestData.xlsx"".
2023-02-07 10:57:40.647 &amp#27;[32m INFO&amp#27;[m &amp#27;[35m[@503 - main]&amp#27;[m &amp#27;[36mcom.shaft.tools.io.ReportManager&amp#27;[m : Successfully created attachment "Test Data - Excel"
2023-02-07 10:57:40.647 &amp#27;[32m INFO&amp#27;[m &amp#27;[35m[@503 - main]&amp#27;[m &amp#27;[36mcom.shaft.tools.io.ReportManager&amp#27;[m : File Action "DoesFileExist" successfully performed. With the following test data "File Path: "SteeringCompanyAPI_TestData/SteeringCompanyAPI_TestData.xlsx"".
2023-02-07 10:57:40.691 &amp#27;[32m INFO&amp#27;[m &amp#27;[35m[@503 - main]&amp#27;[m &amp#27;[36mcom.shaft.tools.io.ReportManager&amp#27;[m : Successfully created attachment "Test Data - Excel"
2023-02-07 10:57:41.374 &amp#27;[32m INFO&amp#27;[m &amp#27;[35m[@503 - main]&amp#27;[m &amp#27;[36mcom.shaft.tools.io.ReportManager&amp#27;[m : Response status code: "422", status line: "HTTP/1.1 422 "
2023-02-07 10:57:41.394 &amp#27;[32m INFO&amp#27;[m &amp#27;[35m[@503 - main]&amp#27;[m &amp#27;[36mcom.shaft.tools.io.ReportManager&amp#27;[m : Successfully created attachment "API Request - Specifications"
2023-02-07 10:57:41.396 &amp#27;[32m INFO&amp#27;[m &amp#27;[35m[@503 - main]&amp#27;[m &amp#27;[36mcom.shaft.tools.io.ReportManager&amp#27;[m : Successfully created attachment "API Request - JSON Body"
2023-02-07 10:57:41.398 &amp#27;[32m INFO&amp#27;[m &amp#27;[35m[@503 - main]&amp#27;[m &amp#27;[36mcom.shaft.tools.io.ReportManager&amp#27;[m : Successfully created attachment "API Response - JSON Body"
2023-02-07 10:57:41.400 &amp#27;[32m INFO&amp#27;[m &amp#27;[35m[@503 - main]&amp#27;[m &amp#27;[36mcom.shaft.tools.io.ReportManager&amp#27;[m : File Action "DoesFileExist" successfully performed. With the following test data "File Path: "Schemas/ValidationError_schema.json"".
2023-02-07 10:57:41.401 &amp#27;[32m INFO&amp#27;[m &amp#27;[35m[@503 - main]&amp#27;[m &amp#27;[36mcom.shaft.tools.io.ReportManager&amp#27;[m : File Action "DoesFileExist" successfully performed. With the following test data "File Path: "src/test/resources/testDataFiles/Schemas/ValidationError_schema.json"".
2023-02-07 10:57:41.401 &amp#27;[32m INFO&amp#27;[m &amp#27;[35m[@503 - main]&amp#27;[m &amp#27;[36mcom.shaft.tools.io.ReportManager&amp#27;[m : File Action "GetAbsolutePath" successfully performed. With the following test data "Relative Folder Path: "src/test/resources/testDataFiles/Schemas/ValidationError_schema.json"".
2023-02-07 10:57:41.403 &amp#27;[32m INFO&amp#27;[m &amp#27;[35m[@503 - main]&amp#27;[m &amp#27;[36mcom.shaft.tools.io.ReportManager&amp#27;[m : File Action "DoesFileExist" successfully performed. With the following test data "File Path: "C:\eclipse-workspace\MyProjects\TASystemsAPIs\src\test\resources\testDataFiles\Schemas\ValidationError_schema.json"".
2023-02-07 10:57:41.404 &amp#27;[32m INFO&amp#27;[m &amp#27;[35m[@503 - main]&amp#27;[m &amp#27;[36mcom.shaft.tools.io.ReportManager&amp#27;[m : File Action "GetAbsolutePath" successfully performed. With the following test data "Relative Folder Path: "C:\eclipse-workspace\MyProjects\TASystemsAPIs\src\test\resources\testDataFiles\Schemas\ValidationError_schema.json"".
2023-02-07 10:57:41.405 &amp#27;[32m INFO&amp#27;[m &amp#27;[35m[@503 - main]&amp#27;[m &amp#27;[36mcom.shaft.tools.io.ReportManager&amp#27;[m : File Action "ReadFile" successfully performed. With the following test data "File Path: "C:\eclipse-workspace\MyProjects\TASystemsAPIs\src\test\resources\testDataFiles\Schemas\ValidationError_schema.json"".
2023-02-07 10:57:41.407 &amp#27;[32m INFO&amp#27;[m &amp#27;[35m[@503 - main]&amp#27;[m &amp#27;[36mcom.shaft.tools.io.ReportManager&amp#27;[m : Successfully created attachment "Validation Test Data - Expected JSON Value"
2023-02-07 10:57:41.408 &amp#27;[32m INFO&amp#27;[m &amp#27;[35m[@503 - main]&amp#27;[m &amp#27;[36mcom.shaft.tools.io.ReportManager&amp#27;[m : Successfully created attachment "Validation Test Data - Actual JSON Value"
2023-02-07 10:57:41.410 &amp#27;[32m INFO&amp#27;[m &amp#27;[35m[@503 - main]&amp#27;[m &amp#27;[36mcom.shaft.tools.io.ReportManager&amp#27;[m : Successfully created attachment "SHAFT Engine Logs - Current Method log: Add_Policy_With_InValid_data_TC"
]]></system-out>
  </testcase>
  <testcase name="Add_Policy_With_InValid_data_TC[[Ljava.lang.Object;@123d3838](19)" classname="SteeringCompanyAPI_TestCases.Test_Policies_Cases" time="1.373">
    <system-out><![CDATA[2023-02-07 10:57:41.417 &amp#27;[32m INFO&amp#27;[m &amp#27;[35m[@534 - main]&amp#27;[m &amp#27;[36mcom.shaft.tools.io.ReportManager&amp#27;[m : 
################################################################################################################################################
Starting Execution:	"117 out of 107" test cases in the current suite
Test Method:		"SteeringCompanyAPI_TestCases.Test_Policies_Cases.Add_Policy_With_InValid_data_TC"
Test Description:	"TC052 -Policy- Perform Add Policy with InValid data"
################################################################################################################################################
2023-02-07 10:57:41.418 &amp#27;[32m INFO&amp#27;[m &amp#27;[35m[@503 - main]&amp#27;[m &amp#27;[36mcom.shaft.tools.io.ReportManager&amp#27;[m : File Action "DoesFileExist" successfully performed. With the following test data "File Path: "SteeringCompanyAPI_TestData/SteeringCompanyAPI_TestData.xlsx"".
2023-02-07 10:57:41.445 &amp#27;[32m INFO&amp#27;[m &amp#27;[35m[@503 - main]&amp#27;[m &amp#27;[36mcom.shaft.tools.io.ReportManager&amp#27;[m : Successfully created attachment "Test Data - Excel"
2023-02-07 10:57:42.075 &amp#27;[32m INFO&amp#27;[m &amp#27;[35m[@503 - main]&amp#27;[m &amp#27;[36mcom.shaft.tools.io.ReportManager&amp#27;[m : Response status code: "200", status line: "HTTP/1.1 200 OK"
2023-02-07 10:57:42.094 &amp#27;[32m INFO&amp#27;[m &amp#27;[35m[@503 - main]&amp#27;[m &amp#27;[36mcom.shaft.tools.io.ReportManager&amp#27;[m : Successfully created attachment "API Request - Specifications"
2023-02-07 10:57:42.097 &amp#27;[32m INFO&amp#27;[m &amp#27;[35m[@503 - main]&amp#27;[m &amp#27;[36mcom.shaft.tools.io.ReportManager&amp#27;[m : Successfully created attachment "API Request - Body"
2023-02-07 10:57:42.098 &amp#27;[32m INFO&amp#27;[m &amp#27;[35m[@503 - main]&amp#27;[m &amp#27;[36mcom.shaft.tools.io.ReportManager&amp#27;[m : Successfully created attachment "API Response - JSON Body"
2023-02-07 10:57:42.112 &amp#27;[32m INFO&amp#27;[m &amp#27;[35m[@503 - main]&amp#27;[m &amp#27;[36mcom.shaft.tools.io.ReportManager&amp#27;[m : File Action "DoesFileExist" successfully performed. With the following test data "File Path: "SteeringCompanyAPI_TestData/SteeringCompanyAPI_TestData.xlsx"".
2023-02-07 10:57:42.156 &amp#27;[32m INFO&amp#27;[m &amp#27;[35m[@503 - main]&amp#27;[m &amp#27;[36mcom.shaft.tools.io.ReportManager&amp#27;[m : Successfully created attachment "Test Data - Excel"
2023-02-07 10:57:42.157 &amp#27;[32m INFO&amp#27;[m &amp#27;[35m[@503 - main]&amp#27;[m &amp#27;[36mcom.shaft.tools.io.ReportManager&amp#27;[m : File Action "DoesFileExist" successfully performed. With the following test data "File Path: "SteeringCompanyAPI_TestData/SteeringCompanyAPI_TestData.xlsx"".
2023-02-07 10:57:42.198 &amp#27;[32m INFO&amp#27;[m &amp#27;[35m[@503 - main]&amp#27;[m &amp#27;[36mcom.shaft.tools.io.ReportManager&amp#27;[m : Successfully created attachment "Test Data - Excel"
2023-02-07 10:57:42.199 &amp#27;[32m INFO&amp#27;[m &amp#27;[35m[@503 - main]&amp#27;[m &amp#27;[36mcom.shaft.tools.io.ReportManager&amp#27;[m : File Action "DoesFileExist" successfully performed. With the following test data "File Path: "SteeringCompanyAPI_TestData/SteeringCompanyAPI_TestData.xlsx"".
2023-02-07 10:57:42.244 &amp#27;[32m INFO&amp#27;[m &amp#27;[35m[@503 - main]&amp#27;[m &amp#27;[36mcom.shaft.tools.io.ReportManager&amp#27;[m : Successfully created attachment "Test Data - Excel"
2023-02-07 10:57:42.748 &amp#27;[32m INFO&amp#27;[m &amp#27;[35m[@503 - main]&amp#27;[m &amp#27;[36mcom.shaft.tools.io.ReportManager&amp#27;[m : Response status code: "422", status line: "HTTP/1.1 422 "
2023-02-07 10:57:42.767 &amp#27;[32m INFO&amp#27;[m &amp#27;[35m[@503 - main]&amp#27;[m &amp#27;[36mcom.shaft.tools.io.ReportManager&amp#27;[m : Successfully created attachment "API Request - Specifications"
2023-02-07 10:57:42.769 &amp#27;[32m INFO&amp#27;[m &amp#27;[35m[@503 - main]&amp#27;[m &amp#27;[36mcom.shaft.tools.io.ReportManager&amp#27;[m : Successfully created attachment "API Request - JSON Body"
2023-02-07 10:57:42.770 &amp#27;[32m INFO&amp#27;[m &amp#27;[35m[@503 - main]&amp#27;[m &amp#27;[36mcom.shaft.tools.io.ReportManager&amp#27;[m : Successfully created attachment "API Response - JSON Body"
2023-02-07 10:57:42.772 &amp#27;[32m INFO&amp#27;[m &amp#27;[35m[@503 - main]&amp#27;[m &amp#27;[36mcom.shaft.tools.io.ReportManager&amp#27;[m : File Action "DoesFileExist" successfully performed. With the following test data "File Path: "Schemas/ValidationError_schema.json"".
2023-02-07 10:57:42.772 &amp#27;[32m INFO&amp#27;[m &amp#27;[35m[@503 - main]&amp#27;[m &amp#27;[36mcom.shaft.tools.io.ReportManager&amp#27;[m : File Action "DoesFileExist" successfully performed. With the following test data "File Path: "src/test/resources/testDataFiles/Schemas/ValidationError_schema.json"".
2023-02-07 10:57:42.772 &amp#27;[32m INFO&amp#27;[m &amp#27;[35m[@503 - main]&amp#27;[m &amp#27;[36mcom.shaft.tools.io.ReportManager&amp#27;[m : File Action "GetAbsolutePath" successfully performed. With the following test data "Relative Folder Path: "src/test/resources/testDataFiles/Schemas/ValidationError_schema.json"".
2023-02-07 10:57:42.776 &amp#27;[32m INFO&amp#27;[m &amp#27;[35m[@503 - main]&amp#27;[m &amp#27;[36mcom.shaft.tools.io.ReportManager&amp#27;[m : File Action "DoesFileExist" successfully performed. With the following test data "File Path: "C:\eclipse-workspace\MyProjects\TASystemsAPIs\src\test\resources\testDataFiles\Schemas\ValidationError_schema.json"".
2023-02-07 10:57:42.777 &amp#27;[32m INFO&amp#27;[m &amp#27;[35m[@503 - main]&amp#27;[m &amp#27;[36mcom.shaft.tools.io.ReportManager&amp#27;[m : File Action "GetAbsolutePath" successfully performed. With the following test data "Relative Folder Path: "C:\eclipse-workspace\MyProjects\TASystemsAPIs\src\test\resources\testDataFiles\Schemas\ValidationError_schema.json"".
2023-02-07 10:57:42.777 &amp#27;[32m INFO&amp#27;[m &amp#27;[35m[@503 - main]&amp#27;[m &amp#27;[36mcom.shaft.tools.io.ReportManager&amp#27;[m : File Action "ReadFile" successfully performed. With the following test data "File Path: "C:\eclipse-workspace\MyProjects\TASystemsAPIs\src\test\resources\testDataFiles\Schemas\ValidationError_schema.json"".
2023-02-07 10:57:42.782 &amp#27;[32m INFO&amp#27;[m &amp#27;[35m[@503 - main]&amp#27;[m &amp#27;[36mcom.shaft.tools.io.ReportManager&amp#27;[m : Successfully created attachment "Validation Test Data - Expected JSON Value"
2023-02-07 10:57:42.784 &amp#27;[32m INFO&amp#27;[m &amp#27;[35m[@503 - main]&amp#27;[m &amp#27;[36mcom.shaft.tools.io.ReportManager&amp#27;[m : Successfully created attachment "Validation Test Data - Actual JSON Value"
2023-02-07 10:57:42.785 &amp#27;[32m INFO&amp#27;[m &amp#27;[35m[@503 - main]&amp#27;[m &amp#27;[36mcom.shaft.tools.io.ReportManager&amp#27;[m : Successfully created attachment "SHAFT Engine Logs - Current Method log: Add_Policy_With_InValid_data_TC"
]]></system-out>
  </testcase>
  <testcase name="Add_Policy_With_InValid_data_TC[[Ljava.lang.Object;@33cb15d3](20)" classname="SteeringCompanyAPI_TestCases.Test_Policies_Cases" time="1.895">
    <system-out><![CDATA[2023-02-07 10:57:42.788 &amp#27;[32m INFO&amp#27;[m &amp#27;[35m[@534 - main]&amp#27;[m &amp#27;[36mcom.shaft.tools.io.ReportManager&amp#27;[m : 
################################################################################################################################################
Starting Execution:	"118 out of 107" test cases in the current suite
Test Method:		"SteeringCompanyAPI_TestCases.Test_Policies_Cases.Add_Policy_With_InValid_data_TC"
Test Description:	"TC052 -Policy- Perform Add Policy with InValid data"
################################################################################################################################################
2023-02-07 10:57:42.789 &amp#27;[32m INFO&amp#27;[m &amp#27;[35m[@503 - main]&amp#27;[m &amp#27;[36mcom.shaft.tools.io.ReportManager&amp#27;[m : File Action "DoesFileExist" successfully performed. With the following test data "File Path: "SteeringCompanyAPI_TestData/SteeringCompanyAPI_TestData.xlsx"".
2023-02-07 10:57:42.808 &amp#27;[32m INFO&amp#27;[m &amp#27;[35m[@503 - main]&amp#27;[m &amp#27;[36mcom.shaft.tools.io.ReportManager&amp#27;[m : Successfully created attachment "Test Data - Excel"
2023-02-07 10:57:44.000 &amp#27;[32m INFO&amp#27;[m &amp#27;[35m[@503 - main]&amp#27;[m &amp#27;[36mcom.shaft.tools.io.ReportManager&amp#27;[m : Response status code: "200", status line: "HTTP/1.1 200 OK"
2023-02-07 10:57:44.019 &amp#27;[32m INFO&amp#27;[m &amp#27;[35m[@503 - main]&amp#27;[m &amp#27;[36mcom.shaft.tools.io.ReportManager&amp#27;[m : Successfully created attachment "API Request - Specifications"
2023-02-07 10:57:44.020 &amp#27;[32m INFO&amp#27;[m &amp#27;[35m[@503 - main]&amp#27;[m &amp#27;[36mcom.shaft.tools.io.ReportManager&amp#27;[m : Successfully created attachment "API Request - Body"
2023-02-07 10:57:44.022 &amp#27;[32m INFO&amp#27;[m &amp#27;[35m[@503 - main]&amp#27;[m &amp#27;[36mcom.shaft.tools.io.ReportManager&amp#27;[m : Successfully created attachment "API Response - JSON Body"
2023-02-07 10:57:44.046 &amp#27;[32m INFO&amp#27;[m &amp#27;[35m[@503 - main]&amp#27;[m &amp#27;[36mcom.shaft.tools.io.ReportManager&amp#27;[m : File Action "DoesFileExist" successfully performed. With the following test data "File Path: "SteeringCompanyAPI_TestData/SteeringCompanyAPI_TestData.xlsx"".
2023-02-07 10:57:44.080 &amp#27;[32m INFO&amp#27;[m &amp#27;[35m[@503 - main]&amp#27;[m &amp#27;[36mcom.shaft.tools.io.ReportManager&amp#27;[m : Successfully created attachment "Test Data - Excel"
2023-02-07 10:57:44.081 &amp#27;[32m INFO&amp#27;[m &amp#27;[35m[@503 - main]&amp#27;[m &amp#27;[36mcom.shaft.tools.io.ReportManager&amp#27;[m : File Action "DoesFileExist" successfully performed. With the following test data "File Path: "SteeringCompanyAPI_TestData/SteeringCompanyAPI_TestData.xlsx"".
2023-02-07 10:57:44.102 &amp#27;[32m INFO&amp#27;[m &amp#27;[35m[@503 - main]&amp#27;[m &amp#27;[36mcom.shaft.tools.io.ReportManager&amp#27;[m : Successfully created attachment "Test Data - Excel"
2023-02-07 10:57:44.102 &amp#27;[32m INFO&amp#27;[m &amp#27;[35m[@503 - main]&amp#27;[m &amp#27;[36mcom.shaft.tools.io.ReportManager&amp#27;[m : File Action "DoesFileExist" successfully performed. With the following test data "File Path: "SteeringCompanyAPI_TestData/SteeringCompanyAPI_TestData.xlsx"".
2023-02-07 10:57:44.127 &amp#27;[32m INFO&amp#27;[m &amp#27;[35m[@503 - main]&amp#27;[m &amp#27;[36mcom.shaft.tools.io.ReportManager&amp#27;[m : Successfully created attachment "Test Data - Excel"
2023-02-07 10:57:44.641 &amp#27;[32m INFO&amp#27;[m &amp#27;[35m[@503 - main]&amp#27;[m &amp#27;[36mcom.shaft.tools.io.ReportManager&amp#27;[m : Response status code: "422", status line: "HTTP/1.1 422 "
2023-02-07 10:57:44.658 &amp#27;[32m INFO&amp#27;[m &amp#27;[35m[@503 - main]&amp#27;[m &amp#27;[36mcom.shaft.tools.io.ReportManager&amp#27;[m : Successfully created attachment "API Request - Specifications"
2023-02-07 10:57:44.662 &amp#27;[32m INFO&amp#27;[m &amp#27;[35m[@503 - main]&amp#27;[m &amp#27;[36mcom.shaft.tools.io.ReportManager&amp#27;[m : Successfully created attachment "API Request - JSON Body"
2023-02-07 10:57:44.664 &amp#27;[32m INFO&amp#27;[m &amp#27;[35m[@503 - main]&amp#27;[m &amp#27;[36mcom.shaft.tools.io.ReportManager&amp#27;[m : Successfully created attachment "API Response - JSON Body"
2023-02-07 10:57:44.666 &amp#27;[32m INFO&amp#27;[m &amp#27;[35m[@503 - main]&amp#27;[m &amp#27;[36mcom.shaft.tools.io.ReportManager&amp#27;[m : File Action "DoesFileExist" successfully performed. With the following test data "File Path: "Schemas/ValidationError_schema.json"".
2023-02-07 10:57:44.666 &amp#27;[32m INFO&amp#27;[m &amp#27;[35m[@503 - main]&amp#27;[m &amp#27;[36mcom.shaft.tools.io.ReportManager&amp#27;[m : File Action "DoesFileExist" successfully performed. With the following test data "File Path: "src/test/resources/testDataFiles/Schemas/ValidationError_schema.json"".
2023-02-07 10:57:44.666 &amp#27;[32m INFO&amp#27;[m &amp#27;[35m[@503 - main]&amp#27;[m &amp#27;[36mcom.shaft.tools.io.ReportManager&amp#27;[m : File Action "GetAbsolutePath" successfully performed. With the following test data "Relative Folder Path: "src/test/resources/testDataFiles/Schemas/ValidationError_schema.json"".
2023-02-07 10:57:44.670 &amp#27;[32m INFO&amp#27;[m &amp#27;[35m[@503 - main]&amp#27;[m &amp#27;[36mcom.shaft.tools.io.ReportManager&amp#27;[m : File Action "DoesFileExist" successfully performed. With the following test data "File Path: "C:\eclipse-workspace\MyProjects\TASystemsAPIs\src\test\resources\testDataFiles\Schemas\ValidationError_schema.json"".
2023-02-07 10:57:44.671 &amp#27;[32m INFO&amp#27;[m &amp#27;[35m[@503 - main]&amp#27;[m &amp#27;[36mcom.shaft.tools.io.ReportManager&amp#27;[m : File Action "GetAbsolutePath" successfully performed. With the following test data "Relative Folder Path: "C:\eclipse-workspace\MyProjects\TASystemsAPIs\src\test\resources\testDataFiles\Schemas\ValidationError_schema.json"".
2023-02-07 10:57:44.671 &amp#27;[32m INFO&amp#27;[m &amp#27;[35m[@503 - main]&amp#27;[m &amp#27;[36mcom.shaft.tools.io.ReportManager&amp#27;[m : File Action "ReadFile" successfully performed. With the following test data "File Path: "C:\eclipse-workspace\MyProjects\TASystemsAPIs\src\test\resources\testDataFiles\Schemas\ValidationError_schema.json"".
2023-02-07 10:57:44.674 &amp#27;[32m INFO&amp#27;[m &amp#27;[35m[@503 - main]&amp#27;[m &amp#27;[36mcom.shaft.tools.io.ReportManager&amp#27;[m : Successfully created attachment "Validation Test Data - Expected JSON Value"
2023-02-07 10:57:44.676 &amp#27;[32m INFO&amp#27;[m &amp#27;[35m[@503 - main]&amp#27;[m &amp#27;[36mcom.shaft.tools.io.ReportManager&amp#27;[m : Successfully created attachment "Validation Test Data - Actual JSON Value"
2023-02-07 10:57:44.678 &amp#27;[32m INFO&amp#27;[m &amp#27;[35m[@503 - main]&amp#27;[m &amp#27;[36mcom.shaft.tools.io.ReportManager&amp#27;[m : Successfully created attachment "SHAFT Engine Logs - Current Method log: Add_Policy_With_InValid_data_TC"
]]></system-out>
  </testcase>
  <testcase name="Add_Policy_With_InValid_data_TC[[Ljava.lang.Object;@7b9e178d](21)" classname="SteeringCompanyAPI_TestCases.Test_Policies_Cases" time="1.551">
    <system-out><![CDATA[2023-02-07 10:57:44.684 &amp#27;[32m INFO&amp#27;[m &amp#27;[35m[@534 - main]&amp#27;[m &amp#27;[36mcom.shaft.tools.io.ReportManager&amp#27;[m : 
################################################################################################################################################
Starting Execution:	"119 out of 107" test cases in the current suite
Test Method:		"SteeringCompanyAPI_TestCases.Test_Policies_Cases.Add_Policy_With_InValid_data_TC"
Test Description:	"TC052 -Policy- Perform Add Policy with InValid data"
################################################################################################################################################
2023-02-07 10:57:44.684 &amp#27;[32m INFO&amp#27;[m &amp#27;[35m[@503 - main]&amp#27;[m &amp#27;[36mcom.shaft.tools.io.ReportManager&amp#27;[m : File Action "DoesFileExist" successfully performed. With the following test data "File Path: "SteeringCompanyAPI_TestData/SteeringCompanyAPI_TestData.xlsx"".
2023-02-07 10:57:44.710 &amp#27;[32m INFO&amp#27;[m &amp#27;[35m[@503 - main]&amp#27;[m &amp#27;[36mcom.shaft.tools.io.ReportManager&amp#27;[m : Successfully created attachment "Test Data - Excel"
2023-02-07 10:57:45.327 &amp#27;[32m INFO&amp#27;[m &amp#27;[35m[@503 - main]&amp#27;[m &amp#27;[36mcom.shaft.tools.io.ReportManager&amp#27;[m : Response status code: "200", status line: "HTTP/1.1 200 OK"
2023-02-07 10:57:45.348 &amp#27;[32m INFO&amp#27;[m &amp#27;[35m[@503 - main]&amp#27;[m &amp#27;[36mcom.shaft.tools.io.ReportManager&amp#27;[m : Successfully created attachment "API Request - Specifications"
2023-02-07 10:57:45.350 &amp#27;[32m INFO&amp#27;[m &amp#27;[35m[@503 - main]&amp#27;[m &amp#27;[36mcom.shaft.tools.io.ReportManager&amp#27;[m : Successfully created attachment "API Request - Body"
2023-02-07 10:57:45.351 &amp#27;[32m INFO&amp#27;[m &amp#27;[35m[@503 - main]&amp#27;[m &amp#27;[36mcom.shaft.tools.io.ReportManager&amp#27;[m : Successfully created attachment "API Response - JSON Body"
2023-02-07 10:57:45.368 &amp#27;[32m INFO&amp#27;[m &amp#27;[35m[@503 - main]&amp#27;[m &amp#27;[36mcom.shaft.tools.io.ReportManager&amp#27;[m : File Action "DoesFileExist" successfully performed. With the following test data "File Path: "SteeringCompanyAPI_TestData/SteeringCompanyAPI_TestData.xlsx"".
2023-02-07 10:57:45.393 &amp#27;[32m INFO&amp#27;[m &amp#27;[35m[@503 - main]&amp#27;[m &amp#27;[36mcom.shaft.tools.io.ReportManager&amp#27;[m : Successfully created attachment "Test Data - Excel"
2023-02-07 10:57:45.394 &amp#27;[32m INFO&amp#27;[m &amp#27;[35m[@503 - main]&amp#27;[m &amp#27;[36mcom.shaft.tools.io.ReportManager&amp#27;[m : File Action "DoesFileExist" successfully performed. With the following test data "File Path: "SteeringCompanyAPI_TestData/SteeringCompanyAPI_TestData.xlsx"".
2023-02-07 10:57:45.413 &amp#27;[32m INFO&amp#27;[m &amp#27;[35m[@503 - main]&amp#27;[m &amp#27;[36mcom.shaft.tools.io.ReportManager&amp#27;[m : Successfully created attachment "Test Data - Excel"
2023-02-07 10:57:45.413 &amp#27;[32m INFO&amp#27;[m &amp#27;[35m[@503 - main]&amp#27;[m &amp#27;[36mcom.shaft.tools.io.ReportManager&amp#27;[m : File Action "DoesFileExist" successfully performed. With the following test data "File Path: "SteeringCompanyAPI_TestData/SteeringCompanyAPI_TestData.xlsx"".
2023-02-07 10:57:45.454 &amp#27;[32m INFO&amp#27;[m &amp#27;[35m[@503 - main]&amp#27;[m &amp#27;[36mcom.shaft.tools.io.ReportManager&amp#27;[m : Successfully created attachment "Test Data - Excel"
2023-02-07 10:57:46.182 &amp#27;[32m INFO&amp#27;[m &amp#27;[35m[@503 - main]&amp#27;[m &amp#27;[36mcom.shaft.tools.io.ReportManager&amp#27;[m : Response status code: "422", status line: "HTTP/1.1 422 "
2023-02-07 10:57:46.208 &amp#27;[32m INFO&amp#27;[m &amp#27;[35m[@503 - main]&amp#27;[m &amp#27;[36mcom.shaft.tools.io.ReportManager&amp#27;[m : Successfully created attachment "API Request - Specifications"
2023-02-07 10:57:46.209 &amp#27;[32m INFO&amp#27;[m &amp#27;[35m[@503 - main]&amp#27;[m &amp#27;[36mcom.shaft.tools.io.ReportManager&amp#27;[m : Successfully created attachment "API Request - JSON Body"
2023-02-07 10:57:46.213 &amp#27;[32m INFO&amp#27;[m &amp#27;[35m[@503 - main]&amp#27;[m &amp#27;[36mcom.shaft.tools.io.ReportManager&amp#27;[m : Successfully created attachment "API Response - JSON Body"
2023-02-07 10:57:46.215 &amp#27;[32m INFO&amp#27;[m &amp#27;[35m[@503 - main]&amp#27;[m &amp#27;[36mcom.shaft.tools.io.ReportManager&amp#27;[m : File Action "DoesFileExist" successfully performed. With the following test data "File Path: "Schemas/ValidationError_schema.json"".
2023-02-07 10:57:46.215 &amp#27;[32m INFO&amp#27;[m &amp#27;[35m[@503 - main]&amp#27;[m &amp#27;[36mcom.shaft.tools.io.ReportManager&amp#27;[m : File Action "DoesFileExist" successfully performed. With the following test data "File Path: "src/test/resources/testDataFiles/Schemas/ValidationError_schema.json"".
2023-02-07 10:57:46.215 &amp#27;[32m INFO&amp#27;[m &amp#27;[35m[@503 - main]&amp#27;[m &amp#27;[36mcom.shaft.tools.io.ReportManager&amp#27;[m : File Action "GetAbsolutePath" successfully performed. With the following test data "Relative Folder Path: "src/test/resources/testDataFiles/Schemas/ValidationError_schema.json"".
2023-02-07 10:57:46.223 &amp#27;[32m INFO&amp#27;[m &amp#27;[35m[@503 - main]&amp#27;[m &amp#27;[36mcom.shaft.tools.io.ReportManager&amp#27;[m : File Action "DoesFileExist" successfully performed. With the following test data "File Path: "C:\eclipse-workspace\MyProjects\TASystemsAPIs\src\test\resources\testDataFiles\Schemas\ValidationError_schema.json"".
2023-02-07 10:57:46.223 &amp#27;[32m INFO&amp#27;[m &amp#27;[35m[@503 - main]&amp#27;[m &amp#27;[36mcom.shaft.tools.io.ReportManager&amp#27;[m : File Action "GetAbsolutePath" successfully performed. With the following test data "Relative Folder Path: "C:\eclipse-workspace\MyProjects\TASystemsAPIs\src\test\resources\testDataFiles\Schemas\ValidationError_schema.json"".
2023-02-07 10:57:46.224 &amp#27;[32m INFO&amp#27;[m &amp#27;[35m[@503 - main]&amp#27;[m &amp#27;[36mcom.shaft.tools.io.ReportManager&amp#27;[m : File Action "ReadFile" successfully performed. With the following test data "File Path: "C:\eclipse-workspace\MyProjects\TASystemsAPIs\src\test\resources\testDataFiles\Schemas\ValidationError_schema.json"".
2023-02-07 10:57:46.226 &amp#27;[32m INFO&amp#27;[m &amp#27;[35m[@503 - main]&amp#27;[m &amp#27;[36mcom.shaft.tools.io.ReportManager&amp#27;[m : Successfully created attachment "Validation Test Data - Expected JSON Value"
2023-02-07 10:57:46.228 &amp#27;[32m INFO&amp#27;[m &amp#27;[35m[@503 - main]&amp#27;[m &amp#27;[36mcom.shaft.tools.io.ReportManager&amp#27;[m : Successfully created attachment "Validation Test Data - Actual JSON Value"
2023-02-07 10:57:46.230 &amp#27;[32m INFO&amp#27;[m &amp#27;[35m[@503 - main]&amp#27;[m &amp#27;[36mcom.shaft.tools.io.ReportManager&amp#27;[m : Successfully created attachment "SHAFT Engine Logs - Current Method log: Add_Policy_With_InValid_data_TC"
]]></system-out>
  </testcase>
  <testcase name="Add_Policy_With_InValid_data_TC[[Ljava.lang.Object;@9e0f5e3](22)" classname="SteeringCompanyAPI_TestCases.Test_Policies_Cases" time="2.633">
    <system-out><![CDATA[2023-02-07 10:57:46.234 &amp#27;[32m INFO&amp#27;[m &amp#27;[35m[@534 - main]&amp#27;[m &amp#27;[36mcom.shaft.tools.io.ReportManager&amp#27;[m : 
################################################################################################################################################
Starting Execution:	"120 out of 107" test cases in the current suite
Test Method:		"SteeringCompanyAPI_TestCases.Test_Policies_Cases.Add_Policy_With_InValid_data_TC"
Test Description:	"TC052 -Policy- Perform Add Policy with InValid data"
################################################################################################################################################
2023-02-07 10:57:46.235 &amp#27;[32m INFO&amp#27;[m &amp#27;[35m[@503 - main]&amp#27;[m &amp#27;[36mcom.shaft.tools.io.ReportManager&amp#27;[m : File Action "DoesFileExist" successfully performed. With the following test data "File Path: "SteeringCompanyAPI_TestData/SteeringCompanyAPI_TestData.xlsx"".
2023-02-07 10:57:46.273 &amp#27;[32m INFO&amp#27;[m &amp#27;[35m[@503 - main]&amp#27;[m &amp#27;[36mcom.shaft.tools.io.ReportManager&amp#27;[m : Successfully created attachment "Test Data - Excel"
2023-02-07 10:57:48.168 &amp#27;[32m INFO&amp#27;[m &amp#27;[35m[@503 - main]&amp#27;[m &amp#27;[36mcom.shaft.tools.io.ReportManager&amp#27;[m : Response status code: "200", status line: "HTTP/1.1 200 OK"
2023-02-07 10:57:48.187 &amp#27;[32m INFO&amp#27;[m &amp#27;[35m[@503 - main]&amp#27;[m &amp#27;[36mcom.shaft.tools.io.ReportManager&amp#27;[m : Successfully created attachment "API Request - Specifications"
2023-02-07 10:57:48.187 &amp#27;[32m INFO&amp#27;[m &amp#27;[35m[@503 - main]&amp#27;[m &amp#27;[36mcom.shaft.tools.io.ReportManager&amp#27;[m : Successfully created attachment "API Request - Body"
2023-02-07 10:57:48.188 &amp#27;[32m INFO&amp#27;[m &amp#27;[35m[@503 - main]&amp#27;[m &amp#27;[36mcom.shaft.tools.io.ReportManager&amp#27;[m : Successfully created attachment "API Response - JSON Body"
2023-02-07 10:57:48.206 &amp#27;[32m INFO&amp#27;[m &amp#27;[35m[@503 - main]&amp#27;[m &amp#27;[36mcom.shaft.tools.io.ReportManager&amp#27;[m : File Action "DoesFileExist" successfully performed. With the following test data "File Path: "SteeringCompanyAPI_TestData/SteeringCompanyAPI_TestData.xlsx"".
2023-02-07 10:57:48.236 &amp#27;[32m INFO&amp#27;[m &amp#27;[35m[@503 - main]&amp#27;[m &amp#27;[36mcom.shaft.tools.io.ReportManager&amp#27;[m : Successfully created attachment "Test Data - Excel"
2023-02-07 10:57:48.237 &amp#27;[32m INFO&amp#27;[m &amp#27;[35m[@503 - main]&amp#27;[m &amp#27;[36mcom.shaft.tools.io.ReportManager&amp#27;[m : File Action "DoesFileExist" successfully performed. With the following test data "File Path: "SteeringCompanyAPI_TestData/SteeringCompanyAPI_TestData.xlsx"".
2023-02-07 10:57:48.276 &amp#27;[32m INFO&amp#27;[m &amp#27;[35m[@503 - main]&amp#27;[m &amp#27;[36mcom.shaft.tools.io.ReportManager&amp#27;[m : Successfully created attachment "Test Data - Excel"
2023-02-07 10:57:48.277 &amp#27;[32m INFO&amp#27;[m &amp#27;[35m[@503 - main]&amp#27;[m &amp#27;[36mcom.shaft.tools.io.ReportManager&amp#27;[m : File Action "DoesFileExist" successfully performed. With the following test data "File Path: "SteeringCompanyAPI_TestData/SteeringCompanyAPI_TestData.xlsx"".
2023-02-07 10:57:48.296 &amp#27;[32m INFO&amp#27;[m &amp#27;[35m[@503 - main]&amp#27;[m &amp#27;[36mcom.shaft.tools.io.ReportManager&amp#27;[m : Successfully created attachment "Test Data - Excel"
2023-02-07 10:57:48.813 &amp#27;[32m INFO&amp#27;[m &amp#27;[35m[@503 - main]&amp#27;[m &amp#27;[36mcom.shaft.tools.io.ReportManager&amp#27;[m : Response status code: "422", status line: "HTTP/1.1 422 "
2023-02-07 10:57:48.843 &amp#27;[32m INFO&amp#27;[m &amp#27;[35m[@503 - main]&amp#27;[m &amp#27;[36mcom.shaft.tools.io.ReportManager&amp#27;[m : Successfully created attachment "API Request - Specifications"
2023-02-07 10:57:48.844 &amp#27;[32m INFO&amp#27;[m &amp#27;[35m[@503 - main]&amp#27;[m &amp#27;[36mcom.shaft.tools.io.ReportManager&amp#27;[m : Successfully created attachment "API Request - JSON Body"
2023-02-07 10:57:48.847 &amp#27;[32m INFO&amp#27;[m &amp#27;[35m[@503 - main]&amp#27;[m &amp#27;[36mcom.shaft.tools.io.ReportManager&amp#27;[m : Successfully created attachment "API Response - JSON Body"
2023-02-07 10:57:48.853 &amp#27;[32m INFO&amp#27;[m &amp#27;[35m[@503 - main]&amp#27;[m &amp#27;[36mcom.shaft.tools.io.ReportManager&amp#27;[m : File Action "DoesFileExist" successfully performed. With the following test data "File Path: "Schemas/ValidationError_schema.json"".
2023-02-07 10:57:48.854 &amp#27;[32m INFO&amp#27;[m &amp#27;[35m[@503 - main]&amp#27;[m &amp#27;[36mcom.shaft.tools.io.ReportManager&amp#27;[m : File Action "DoesFileExist" successfully performed. With the following test data "File Path: "src/test/resources/testDataFiles/Schemas/ValidationError_schema.json"".
2023-02-07 10:57:48.854 &amp#27;[32m INFO&amp#27;[m &amp#27;[35m[@503 - main]&amp#27;[m &amp#27;[36mcom.shaft.tools.io.ReportManager&amp#27;[m : File Action "GetAbsolutePath" successfully performed. With the following test data "Relative Folder Path: "src/test/resources/testDataFiles/Schemas/ValidationError_schema.json"".
2023-02-07 10:57:48.856 &amp#27;[32m INFO&amp#27;[m &amp#27;[35m[@503 - main]&amp#27;[m &amp#27;[36mcom.shaft.tools.io.ReportManager&amp#27;[m : File Action "DoesFileExist" successfully performed. With the following test data "File Path: "C:\eclipse-workspace\MyProjects\TASystemsAPIs\src\test\resources\testDataFiles\Schemas\ValidationError_schema.json"".
2023-02-07 10:57:48.857 &amp#27;[32m INFO&amp#27;[m &amp#27;[35m[@503 - main]&amp#27;[m &amp#27;[36mcom.shaft.tools.io.ReportManager&amp#27;[m : File Action "GetAbsolutePath" successfully performed. With the following test data "Relative Folder Path: "C:\eclipse-workspace\MyProjects\TASystemsAPIs\src\test\resources\testDataFiles\Schemas\ValidationError_schema.json"".
2023-02-07 10:57:48.859 &amp#27;[32m INFO&amp#27;[m &amp#27;[35m[@503 - main]&amp#27;[m &amp#27;[36mcom.shaft.tools.io.ReportManager&amp#27;[m : File Action "ReadFile" successfully performed. With the following test data "File Path: "C:\eclipse-workspace\MyProjects\TASystemsAPIs\src\test\resources\testDataFiles\Schemas\ValidationError_schema.json"".
2023-02-07 10:57:48.860 &amp#27;[32m INFO&amp#27;[m &amp#27;[35m[@503 - main]&amp#27;[m &amp#27;[36mcom.shaft.tools.io.ReportManager&amp#27;[m : Successfully created attachment "Validation Test Data - Expected JSON Value"
2023-02-07 10:57:48.861 &amp#27;[32m INFO&amp#27;[m &amp#27;[35m[@503 - main]&amp#27;[m &amp#27;[36mcom.shaft.tools.io.ReportManager&amp#27;[m : Successfully created attachment "Validation Test Data - Actual JSON Value"
2023-02-07 10:57:48.862 &amp#27;[32m INFO&amp#27;[m &amp#27;[35m[@503 - main]&amp#27;[m &amp#27;[36mcom.shaft.tools.io.ReportManager&amp#27;[m : Successfully created attachment "SHAFT Engine Logs - Current Method log: Add_Policy_With_InValid_data_TC"
]]></system-out>
  </testcase>
  <testcase name="Add_Policy_With_InValid_data_TC[[Ljava.lang.Object;@2005e23d](23)" classname="SteeringCompanyAPI_TestCases.Test_Policies_Cases" time="1.637">
    <system-out><![CDATA[2023-02-07 10:57:48.871 &amp#27;[32m INFO&amp#27;[m &amp#27;[35m[@534 - main]&amp#27;[m &amp#27;[36mcom.shaft.tools.io.ReportManager&amp#27;[m : 
################################################################################################################################################
Starting Execution:	"121 out of 107" test cases in the current suite
Test Method:		"SteeringCompanyAPI_TestCases.Test_Policies_Cases.Add_Policy_With_InValid_data_TC"
Test Description:	"TC052 -Policy- Perform Add Policy with InValid data"
################################################################################################################################################
2023-02-07 10:57:48.871 &amp#27;[32m INFO&amp#27;[m &amp#27;[35m[@503 - main]&amp#27;[m &amp#27;[36mcom.shaft.tools.io.ReportManager&amp#27;[m : File Action "DoesFileExist" successfully performed. With the following test data "File Path: "SteeringCompanyAPI_TestData/SteeringCompanyAPI_TestData.xlsx"".
2023-02-07 10:57:48.911 &amp#27;[32m INFO&amp#27;[m &amp#27;[35m[@503 - main]&amp#27;[m &amp#27;[36mcom.shaft.tools.io.ReportManager&amp#27;[m : Successfully created attachment "Test Data - Excel"
2023-02-07 10:57:49.823 &amp#27;[32m INFO&amp#27;[m &amp#27;[35m[@503 - main]&amp#27;[m &amp#27;[36mcom.shaft.tools.io.ReportManager&amp#27;[m : Response status code: "200", status line: "HTTP/1.1 200 OK"
2023-02-07 10:57:49.842 &amp#27;[32m INFO&amp#27;[m &amp#27;[35m[@503 - main]&amp#27;[m &amp#27;[36mcom.shaft.tools.io.ReportManager&amp#27;[m : Successfully created attachment "API Request - Specifications"
2023-02-07 10:57:49.843 &amp#27;[32m INFO&amp#27;[m &amp#27;[35m[@503 - main]&amp#27;[m &amp#27;[36mcom.shaft.tools.io.ReportManager&amp#27;[m : Successfully created attachment "API Request - Body"
2023-02-07 10:57:49.845 &amp#27;[32m INFO&amp#27;[m &amp#27;[35m[@503 - main]&amp#27;[m &amp#27;[36mcom.shaft.tools.io.ReportManager&amp#27;[m : Successfully created attachment "API Response - JSON Body"
2023-02-07 10:57:49.859 &amp#27;[32m INFO&amp#27;[m &amp#27;[35m[@503 - main]&amp#27;[m &amp#27;[36mcom.shaft.tools.io.ReportManager&amp#27;[m : File Action "DoesFileExist" successfully performed. With the following test data "File Path: "SteeringCompanyAPI_TestData/SteeringCompanyAPI_TestData.xlsx"".
2023-02-07 10:57:49.883 &amp#27;[32m INFO&amp#27;[m &amp#27;[35m[@503 - main]&amp#27;[m &amp#27;[36mcom.shaft.tools.io.ReportManager&amp#27;[m : Successfully created attachment "Test Data - Excel"
2023-02-07 10:57:49.883 &amp#27;[32m INFO&amp#27;[m &amp#27;[35m[@503 - main]&amp#27;[m &amp#27;[36mcom.shaft.tools.io.ReportManager&amp#27;[m : File Action "DoesFileExist" successfully performed. With the following test data "File Path: "SteeringCompanyAPI_TestData/SteeringCompanyAPI_TestData.xlsx"".
2023-02-07 10:57:49.930 &amp#27;[32m INFO&amp#27;[m &amp#27;[35m[@503 - main]&amp#27;[m &amp#27;[36mcom.shaft.tools.io.ReportManager&amp#27;[m : Successfully created attachment "Test Data - Excel"
2023-02-07 10:57:49.931 &amp#27;[32m INFO&amp#27;[m &amp#27;[35m[@503 - main]&amp#27;[m &amp#27;[36mcom.shaft.tools.io.ReportManager&amp#27;[m : File Action "DoesFileExist" successfully performed. With the following test data "File Path: "SteeringCompanyAPI_TestData/SteeringCompanyAPI_TestData.xlsx"".
2023-02-07 10:57:49.961 &amp#27;[32m INFO&amp#27;[m &amp#27;[35m[@503 - main]&amp#27;[m &amp#27;[36mcom.shaft.tools.io.ReportManager&amp#27;[m : Successfully created attachment "Test Data - Excel"
2023-02-07 10:57:50.459 &amp#27;[32m INFO&amp#27;[m &amp#27;[35m[@503 - main]&amp#27;[m &amp#27;[36mcom.shaft.tools.io.ReportManager&amp#27;[m : Response status code: "422", status line: "HTTP/1.1 422 "
2023-02-07 10:57:50.476 &amp#27;[32m INFO&amp#27;[m &amp#27;[35m[@503 - main]&amp#27;[m &amp#27;[36mcom.shaft.tools.io.ReportManager&amp#27;[m : Successfully created attachment "API Request - Specifications"
2023-02-07 10:57:50.477 &amp#27;[32m INFO&amp#27;[m &amp#27;[35m[@503 - main]&amp#27;[m &amp#27;[36mcom.shaft.tools.io.ReportManager&amp#27;[m : Successfully created attachment "API Request - JSON Body"
2023-02-07 10:57:50.481 &amp#27;[32m INFO&amp#27;[m &amp#27;[35m[@503 - main]&amp#27;[m &amp#27;[36mcom.shaft.tools.io.ReportManager&amp#27;[m : Successfully created attachment "API Response - JSON Body"
2023-02-07 10:57:50.485 &amp#27;[32m INFO&amp#27;[m &amp#27;[35m[@503 - main]&amp#27;[m &amp#27;[36mcom.shaft.tools.io.ReportManager&amp#27;[m : File Action "DoesFileExist" successfully performed. With the following test data "File Path: "Schemas/ValidationError_schema.json"".
2023-02-07 10:57:50.485 &amp#27;[32m INFO&amp#27;[m &amp#27;[35m[@503 - main]&amp#27;[m &amp#27;[36mcom.shaft.tools.io.ReportManager&amp#27;[m : File Action "DoesFileExist" successfully performed. With the following test data "File Path: "src/test/resources/testDataFiles/Schemas/ValidationError_schema.json"".
2023-02-07 10:57:50.486 &amp#27;[32m INFO&amp#27;[m &amp#27;[35m[@503 - main]&amp#27;[m &amp#27;[36mcom.shaft.tools.io.ReportManager&amp#27;[m : File Action "GetAbsolutePath" successfully performed. With the following test data "Relative Folder Path: "src/test/resources/testDataFiles/Schemas/ValidationError_schema.json"".
2023-02-07 10:57:50.490 &amp#27;[32m INFO&amp#27;[m &amp#27;[35m[@503 - main]&amp#27;[m &amp#27;[36mcom.shaft.tools.io.ReportManager&amp#27;[m : File Action "DoesFileExist" successfully performed. With the following test data "File Path: "C:\eclipse-workspace\MyProjects\TASystemsAPIs\src\test\resources\testDataFiles\Schemas\ValidationError_schema.json"".
2023-02-07 10:57:50.492 &amp#27;[32m INFO&amp#27;[m &amp#27;[35m[@503 - main]&amp#27;[m &amp#27;[36mcom.shaft.tools.io.ReportManager&amp#27;[m : File Action "GetAbsolutePath" successfully performed. With the following test data "Relative Folder Path: "C:\eclipse-workspace\MyProjects\TASystemsAPIs\src\test\resources\testDataFiles\Schemas\ValidationError_schema.json"".
2023-02-07 10:57:50.492 &amp#27;[32m INFO&amp#27;[m &amp#27;[35m[@503 - main]&amp#27;[m &amp#27;[36mcom.shaft.tools.io.ReportManager&amp#27;[m : File Action "ReadFile" successfully performed. With the following test data "File Path: "C:\eclipse-workspace\MyProjects\TASystemsAPIs\src\test\resources\testDataFiles\Schemas\ValidationError_schema.json"".
2023-02-07 10:57:50.496 &amp#27;[32m INFO&amp#27;[m &amp#27;[35m[@503 - main]&amp#27;[m &amp#27;[36mcom.shaft.tools.io.ReportManager&amp#27;[m : Successfully created attachment "Validation Test Data - Expected JSON Value"
2023-02-07 10:57:50.498 &amp#27;[32m INFO&amp#27;[m &amp#27;[35m[@503 - main]&amp#27;[m &amp#27;[36mcom.shaft.tools.io.ReportManager&amp#27;[m : Successfully created attachment "Validation Test Data - Actual JSON Value"
2023-02-07 10:57:50.500 &amp#27;[32m INFO&amp#27;[m &amp#27;[35m[@503 - main]&amp#27;[m &amp#27;[36mcom.shaft.tools.io.ReportManager&amp#27;[m : Successfully created attachment "SHAFT Engine Logs - Current Method log: Add_Policy_With_InValid_data_TC"
]]></system-out>
  </testcase>
  <testcase name="Add_Policy_With_InValid_data_TC[[Ljava.lang.Object;@530b9505](24)" classname="SteeringCompanyAPI_TestCases.Test_Policies_Cases" time="1.507">
    <system-out><![CDATA[2023-02-07 10:57:50.507 &amp#27;[32m INFO&amp#27;[m &amp#27;[35m[@534 - main]&amp#27;[m &amp#27;[36mcom.shaft.tools.io.ReportManager&amp#27;[m : 
################################################################################################################################################
Starting Execution:	"122 out of 107" test cases in the current suite
Test Method:		"SteeringCompanyAPI_TestCases.Test_Policies_Cases.Add_Policy_With_InValid_data_TC"
Test Description:	"TC052 -Policy- Perform Add Policy with InValid data"
################################################################################################################################################
2023-02-07 10:57:50.508 &amp#27;[32m INFO&amp#27;[m &amp#27;[35m[@503 - main]&amp#27;[m &amp#27;[36mcom.shaft.tools.io.ReportManager&amp#27;[m : File Action "DoesFileExist" successfully performed. With the following test data "File Path: "SteeringCompanyAPI_TestData/SteeringCompanyAPI_TestData.xlsx"".
2023-02-07 10:57:50.548 &amp#27;[32m INFO&amp#27;[m &amp#27;[35m[@503 - main]&amp#27;[m &amp#27;[36mcom.shaft.tools.io.ReportManager&amp#27;[m : Successfully created attachment "Test Data - Excel"
2023-02-07 10:57:51.186 &amp#27;[32m INFO&amp#27;[m &amp#27;[35m[@503 - main]&amp#27;[m &amp#27;[36mcom.shaft.tools.io.ReportManager&amp#27;[m : Response status code: "200", status line: "HTTP/1.1 200 OK"
2023-02-07 10:57:51.233 &amp#27;[32m INFO&amp#27;[m &amp#27;[35m[@503 - main]&amp#27;[m &amp#27;[36mcom.shaft.tools.io.ReportManager&amp#27;[m : Successfully created attachment "API Request - Specifications"
2023-02-07 10:57:51.235 &amp#27;[32m INFO&amp#27;[m &amp#27;[35m[@503 - main]&amp#27;[m &amp#27;[36mcom.shaft.tools.io.ReportManager&amp#27;[m : Successfully created attachment "API Request - Body"
2023-02-07 10:57:51.239 &amp#27;[32m INFO&amp#27;[m &amp#27;[35m[@503 - main]&amp#27;[m &amp#27;[36mcom.shaft.tools.io.ReportManager&amp#27;[m : Successfully created attachment "API Response - JSON Body"
2023-02-07 10:57:51.275 &amp#27;[32m INFO&amp#27;[m &amp#27;[35m[@503 - main]&amp#27;[m &amp#27;[36mcom.shaft.tools.io.ReportManager&amp#27;[m : File Action "DoesFileExist" successfully performed. With the following test data "File Path: "SteeringCompanyAPI_TestData/SteeringCompanyAPI_TestData.xlsx"".
2023-02-07 10:57:51.324 &amp#27;[32m INFO&amp#27;[m &amp#27;[35m[@503 - main]&amp#27;[m &amp#27;[36mcom.shaft.tools.io.ReportManager&amp#27;[m : Successfully created attachment "Test Data - Excel"
2023-02-07 10:57:51.324 &amp#27;[32m INFO&amp#27;[m &amp#27;[35m[@503 - main]&amp#27;[m &amp#27;[36mcom.shaft.tools.io.ReportManager&amp#27;[m : File Action "DoesFileExist" successfully performed. With the following test data "File Path: "SteeringCompanyAPI_TestData/SteeringCompanyAPI_TestData.xlsx"".
2023-02-07 10:57:51.359 &amp#27;[32m INFO&amp#27;[m &amp#27;[35m[@503 - main]&amp#27;[m &amp#27;[36mcom.shaft.tools.io.ReportManager&amp#27;[m : Successfully created attachment "Test Data - Excel"
2023-02-07 10:57:51.359 &amp#27;[32m INFO&amp#27;[m &amp#27;[35m[@503 - main]&amp#27;[m &amp#27;[36mcom.shaft.tools.io.ReportManager&amp#27;[m : File Action "DoesFileExist" successfully performed. With the following test data "File Path: "SteeringCompanyAPI_TestData/SteeringCompanyAPI_TestData.xlsx"".
2023-02-07 10:57:51.405 &amp#27;[32m INFO&amp#27;[m &amp#27;[35m[@503 - main]&amp#27;[m &amp#27;[36mcom.shaft.tools.io.ReportManager&amp#27;[m : Successfully created attachment "Test Data - Excel"
2023-02-07 10:57:51.960 &amp#27;[32m INFO&amp#27;[m &amp#27;[35m[@503 - main]&amp#27;[m &amp#27;[36mcom.shaft.tools.io.ReportManager&amp#27;[m : Response status code: "422", status line: "HTTP/1.1 422 "
2023-02-07 10:57:51.990 &amp#27;[32m INFO&amp#27;[m &amp#27;[35m[@503 - main]&amp#27;[m &amp#27;[36mcom.shaft.tools.io.ReportManager&amp#27;[m : Successfully created attachment "API Request - Specifications"
2023-02-07 10:57:51.991 &amp#27;[32m INFO&amp#27;[m &amp#27;[35m[@503 - main]&amp#27;[m &amp#27;[36mcom.shaft.tools.io.ReportManager&amp#27;[m : Successfully created attachment "API Request - JSON Body"
2023-02-07 10:57:51.991 &amp#27;[32m INFO&amp#27;[m &amp#27;[35m[@503 - main]&amp#27;[m &amp#27;[36mcom.shaft.tools.io.ReportManager&amp#27;[m : Successfully created attachment "API Response - JSON Body"
2023-02-07 10:57:51.992 &amp#27;[32m INFO&amp#27;[m &amp#27;[35m[@503 - main]&amp#27;[m &amp#27;[36mcom.shaft.tools.io.ReportManager&amp#27;[m : File Action "DoesFileExist" successfully performed. With the following test data "File Path: "Schemas/ValidationError_schema.json"".
2023-02-07 10:57:51.992 &amp#27;[32m INFO&amp#27;[m &amp#27;[35m[@503 - main]&amp#27;[m &amp#27;[36mcom.shaft.tools.io.ReportManager&amp#27;[m : File Action "DoesFileExist" successfully performed. With the following test data "File Path: "src/test/resources/testDataFiles/Schemas/ValidationError_schema.json"".
2023-02-07 10:57:51.992 &amp#27;[32m INFO&amp#27;[m &amp#27;[35m[@503 - main]&amp#27;[m &amp#27;[36mcom.shaft.tools.io.ReportManager&amp#27;[m : File Action "GetAbsolutePath" successfully performed. With the following test data "Relative Folder Path: "src/test/resources/testDataFiles/Schemas/ValidationError_schema.json"".
2023-02-07 10:57:51.994 &amp#27;[32m INFO&amp#27;[m &amp#27;[35m[@503 - main]&amp#27;[m &amp#27;[36mcom.shaft.tools.io.ReportManager&amp#27;[m : File Action "DoesFileExist" successfully performed. With the following test data "File Path: "C:\eclipse-workspace\MyProjects\TASystemsAPIs\src\test\resources\testDataFiles\Schemas\ValidationError_schema.json"".
2023-02-07 10:57:51.994 &amp#27;[32m INFO&amp#27;[m &amp#27;[35m[@503 - main]&amp#27;[m &amp#27;[36mcom.shaft.tools.io.ReportManager&amp#27;[m : File Action "GetAbsolutePath" successfully performed. With the following test data "Relative Folder Path: "C:\eclipse-workspace\MyProjects\TASystemsAPIs\src\test\resources\testDataFiles\Schemas\ValidationError_schema.json"".
2023-02-07 10:57:51.995 &amp#27;[32m INFO&amp#27;[m &amp#27;[35m[@503 - main]&amp#27;[m &amp#27;[36mcom.shaft.tools.io.ReportManager&amp#27;[m : File Action "ReadFile" successfully performed. With the following test data "File Path: "C:\eclipse-workspace\MyProjects\TASystemsAPIs\src\test\resources\testDataFiles\Schemas\ValidationError_schema.json"".
2023-02-07 10:57:52.002 &amp#27;[32m INFO&amp#27;[m &amp#27;[35m[@503 - main]&amp#27;[m &amp#27;[36mcom.shaft.tools.io.ReportManager&amp#27;[m : Successfully created attachment "Validation Test Data - Expected JSON Value"
2023-02-07 10:57:52.006 &amp#27;[32m INFO&amp#27;[m &amp#27;[35m[@503 - main]&amp#27;[m &amp#27;[36mcom.shaft.tools.io.ReportManager&amp#27;[m : Successfully created attachment "Validation Test Data - Actual JSON Value"
2023-02-07 10:57:52.010 &amp#27;[32m INFO&amp#27;[m &amp#27;[35m[@503 - main]&amp#27;[m &amp#27;[36mcom.shaft.tools.io.ReportManager&amp#27;[m : Successfully created attachment "SHAFT Engine Logs - Current Method log: Add_Policy_With_InValid_data_TC"
]]></system-out>
  </testcase>
  <testcase name="Add_Policy_With_InValid_data_TC[[Ljava.lang.Object;@51a45f79](25)" classname="SteeringCompanyAPI_TestCases.Test_Policies_Cases" time="1.462">
    <system-out><![CDATA[2023-02-07 10:57:52.014 &amp#27;[32m INFO&amp#27;[m &amp#27;[35m[@534 - main]&amp#27;[m &amp#27;[36mcom.shaft.tools.io.ReportManager&amp#27;[m : 
################################################################################################################################################
Starting Execution:	"123 out of 107" test cases in the current suite
Test Method:		"SteeringCompanyAPI_TestCases.Test_Policies_Cases.Add_Policy_With_InValid_data_TC"
Test Description:	"TC052 -Policy- Perform Add Policy with InValid data"
################################################################################################################################################
2023-02-07 10:57:52.016 &amp#27;[32m INFO&amp#27;[m &amp#27;[35m[@503 - main]&amp#27;[m &amp#27;[36mcom.shaft.tools.io.ReportManager&amp#27;[m : File Action "DoesFileExist" successfully performed. With the following test data "File Path: "SteeringCompanyAPI_TestData/SteeringCompanyAPI_TestData.xlsx"".
2023-02-07 10:57:52.041 &amp#27;[32m INFO&amp#27;[m &amp#27;[35m[@503 - main]&amp#27;[m &amp#27;[36mcom.shaft.tools.io.ReportManager&amp#27;[m : Successfully created attachment "Test Data - Excel"
2023-02-07 10:57:52.725 &amp#27;[32m INFO&amp#27;[m &amp#27;[35m[@503 - main]&amp#27;[m &amp#27;[36mcom.shaft.tools.io.ReportManager&amp#27;[m : Response status code: "200", status line: "HTTP/1.1 200 OK"
2023-02-07 10:57:52.740 &amp#27;[32m INFO&amp#27;[m &amp#27;[35m[@503 - main]&amp#27;[m &amp#27;[36mcom.shaft.tools.io.ReportManager&amp#27;[m : Successfully created attachment "API Request - Specifications"
2023-02-07 10:57:52.741 &amp#27;[32m INFO&amp#27;[m &amp#27;[35m[@503 - main]&amp#27;[m &amp#27;[36mcom.shaft.tools.io.ReportManager&amp#27;[m : Successfully created attachment "API Request - Body"
2023-02-07 10:57:52.744 &amp#27;[32m INFO&amp#27;[m &amp#27;[35m[@503 - main]&amp#27;[m &amp#27;[36mcom.shaft.tools.io.ReportManager&amp#27;[m : Successfully created attachment "API Response - JSON Body"
2023-02-07 10:57:52.763 &amp#27;[32m INFO&amp#27;[m &amp#27;[35m[@503 - main]&amp#27;[m &amp#27;[36mcom.shaft.tools.io.ReportManager&amp#27;[m : File Action "DoesFileExist" successfully performed. With the following test data "File Path: "SteeringCompanyAPI_TestData/SteeringCompanyAPI_TestData.xlsx"".
2023-02-07 10:57:52.808 &amp#27;[32m INFO&amp#27;[m &amp#27;[35m[@503 - main]&amp#27;[m &amp#27;[36mcom.shaft.tools.io.ReportManager&amp#27;[m : Successfully created attachment "Test Data - Excel"
2023-02-07 10:57:52.809 &amp#27;[32m INFO&amp#27;[m &amp#27;[35m[@503 - main]&amp#27;[m &amp#27;[36mcom.shaft.tools.io.ReportManager&amp#27;[m : File Action "DoesFileExist" successfully performed. With the following test data "File Path: "SteeringCompanyAPI_TestData/SteeringCompanyAPI_TestData.xlsx"".
2023-02-07 10:57:52.841 &amp#27;[32m INFO&amp#27;[m &amp#27;[35m[@503 - main]&amp#27;[m &amp#27;[36mcom.shaft.tools.io.ReportManager&amp#27;[m : Successfully created attachment "Test Data - Excel"
2023-02-07 10:57:52.842 &amp#27;[32m INFO&amp#27;[m &amp#27;[35m[@503 - main]&amp#27;[m &amp#27;[36mcom.shaft.tools.io.ReportManager&amp#27;[m : File Action "DoesFileExist" successfully performed. With the following test data "File Path: "SteeringCompanyAPI_TestData/SteeringCompanyAPI_TestData.xlsx"".
2023-02-07 10:57:52.894 &amp#27;[32m INFO&amp#27;[m &amp#27;[35m[@503 - main]&amp#27;[m &amp#27;[36mcom.shaft.tools.io.ReportManager&amp#27;[m : Successfully created attachment "Test Data - Excel"
2023-02-07 10:57:53.406 &amp#27;[32m INFO&amp#27;[m &amp#27;[35m[@503 - main]&amp#27;[m &amp#27;[36mcom.shaft.tools.io.ReportManager&amp#27;[m : Response status code: "422", status line: "HTTP/1.1 422 "
2023-02-07 10:57:53.465 &amp#27;[32m INFO&amp#27;[m &amp#27;[35m[@503 - main]&amp#27;[m &amp#27;[36mcom.shaft.tools.io.ReportManager&amp#27;[m : Successfully created attachment "API Request - Specifications"
2023-02-07 10:57:53.466 &amp#27;[32m INFO&amp#27;[m &amp#27;[35m[@503 - main]&amp#27;[m &amp#27;[36mcom.shaft.tools.io.ReportManager&amp#27;[m : Successfully created attachment "API Request - JSON Body"
2023-02-07 10:57:53.467 &amp#27;[32m INFO&amp#27;[m &amp#27;[35m[@503 - main]&amp#27;[m &amp#27;[36mcom.shaft.tools.io.ReportManager&amp#27;[m : Successfully created attachment "API Response - JSON Body"
2023-02-07 10:57:53.467 &amp#27;[32m INFO&amp#27;[m &amp#27;[35m[@503 - main]&amp#27;[m &amp#27;[36mcom.shaft.tools.io.ReportManager&amp#27;[m : File Action "DoesFileExist" successfully performed. With the following test data "File Path: "Schemas/ValidationError_schema.json"".
2023-02-07 10:57:53.467 &amp#27;[32m INFO&amp#27;[m &amp#27;[35m[@503 - main]&amp#27;[m &amp#27;[36mcom.shaft.tools.io.ReportManager&amp#27;[m : File Action "DoesFileExist" successfully performed. With the following test data "File Path: "src/test/resources/testDataFiles/Schemas/ValidationError_schema.json"".
2023-02-07 10:57:53.467 &amp#27;[32m INFO&amp#27;[m &amp#27;[35m[@503 - main]&amp#27;[m &amp#27;[36mcom.shaft.tools.io.ReportManager&amp#27;[m : File Action "GetAbsolutePath" successfully performed. With the following test data "Relative Folder Path: "src/test/resources/testDataFiles/Schemas/ValidationError_schema.json"".
2023-02-07 10:57:53.469 &amp#27;[32m INFO&amp#27;[m &amp#27;[35m[@503 - main]&amp#27;[m &amp#27;[36mcom.shaft.tools.io.ReportManager&amp#27;[m : File Action "DoesFileExist" successfully performed. With the following test data "File Path: "C:\eclipse-workspace\MyProjects\TASystemsAPIs\src\test\resources\testDataFiles\Schemas\ValidationError_schema.json"".
2023-02-07 10:57:53.470 &amp#27;[32m INFO&amp#27;[m &amp#27;[35m[@503 - main]&amp#27;[m &amp#27;[36mcom.shaft.tools.io.ReportManager&amp#27;[m : File Action "GetAbsolutePath" successfully performed. With the following test data "Relative Folder Path: "C:\eclipse-workspace\MyProjects\TASystemsAPIs\src\test\resources\testDataFiles\Schemas\ValidationError_schema.json"".
2023-02-07 10:57:53.470 &amp#27;[32m INFO&amp#27;[m &amp#27;[35m[@503 - main]&amp#27;[m &amp#27;[36mcom.shaft.tools.io.ReportManager&amp#27;[m : File Action "ReadFile" successfully performed. With the following test data "File Path: "C:\eclipse-workspace\MyProjects\TASystemsAPIs\src\test\resources\testDataFiles\Schemas\ValidationError_schema.json"".
2023-02-07 10:57:53.471 &amp#27;[32m INFO&amp#27;[m &amp#27;[35m[@503 - main]&amp#27;[m &amp#27;[36mcom.shaft.tools.io.ReportManager&amp#27;[m : Successfully created attachment "Validation Test Data - Expected JSON Value"
2023-02-07 10:57:53.472 &amp#27;[32m INFO&amp#27;[m &amp#27;[35m[@503 - main]&amp#27;[m &amp#27;[36mcom.shaft.tools.io.ReportManager&amp#27;[m : Successfully created attachment "Validation Test Data - Actual JSON Value"
2023-02-07 10:57:53.473 &amp#27;[32m INFO&amp#27;[m &amp#27;[35m[@503 - main]&amp#27;[m &amp#27;[36mcom.shaft.tools.io.ReportManager&amp#27;[m : Successfully created attachment "SHAFT Engine Logs - Current Method log: Add_Policy_With_InValid_data_TC"
]]></system-out>
  </testcase>
  <testcase name="Add_Policy_With_InValid_data_TC[[Ljava.lang.Object;@527e2e3e](26)" classname="SteeringCompanyAPI_TestCases.Test_Policies_Cases" time="1.303">
    <system-out><![CDATA[2023-02-07 10:57:53.475 &amp#27;[32m INFO&amp#27;[m &amp#27;[35m[@534 - main]&amp#27;[m &amp#27;[36mcom.shaft.tools.io.ReportManager&amp#27;[m : 
################################################################################################################################################
Starting Execution:	"124 out of 107" test cases in the current suite
Test Method:		"SteeringCompanyAPI_TestCases.Test_Policies_Cases.Add_Policy_With_InValid_data_TC"
Test Description:	"TC052 -Policy- Perform Add Policy with InValid data"
################################################################################################################################################
2023-02-07 10:57:53.475 &amp#27;[32m INFO&amp#27;[m &amp#27;[35m[@503 - main]&amp#27;[m &amp#27;[36mcom.shaft.tools.io.ReportManager&amp#27;[m : File Action "DoesFileExist" successfully performed. With the following test data "File Path: "SteeringCompanyAPI_TestData/SteeringCompanyAPI_TestData.xlsx"".
2023-02-07 10:57:53.510 &amp#27;[32m INFO&amp#27;[m &amp#27;[35m[@503 - main]&amp#27;[m &amp#27;[36mcom.shaft.tools.io.ReportManager&amp#27;[m : Successfully created attachment "Test Data - Excel"
2023-02-07 10:57:54.114 &amp#27;[32m INFO&amp#27;[m &amp#27;[35m[@503 - main]&amp#27;[m &amp#27;[36mcom.shaft.tools.io.ReportManager&amp#27;[m : Response status code: "200", status line: "HTTP/1.1 200 OK"
2023-02-07 10:57:54.134 &amp#27;[32m INFO&amp#27;[m &amp#27;[35m[@503 - main]&amp#27;[m &amp#27;[36mcom.shaft.tools.io.ReportManager&amp#27;[m : Successfully created attachment "API Request - Specifications"
2023-02-07 10:57:54.135 &amp#27;[32m INFO&amp#27;[m &amp#27;[35m[@503 - main]&amp#27;[m &amp#27;[36mcom.shaft.tools.io.ReportManager&amp#27;[m : Successfully created attachment "API Request - Body"
2023-02-07 10:57:54.136 &amp#27;[32m INFO&amp#27;[m &amp#27;[35m[@503 - main]&amp#27;[m &amp#27;[36mcom.shaft.tools.io.ReportManager&amp#27;[m : Successfully created attachment "API Response - JSON Body"
2023-02-07 10:57:54.152 &amp#27;[32m INFO&amp#27;[m &amp#27;[35m[@503 - main]&amp#27;[m &amp#27;[36mcom.shaft.tools.io.ReportManager&amp#27;[m : File Action "DoesFileExist" successfully performed. With the following test data "File Path: "SteeringCompanyAPI_TestData/SteeringCompanyAPI_TestData.xlsx"".
2023-02-07 10:57:54.195 &amp#27;[32m INFO&amp#27;[m &amp#27;[35m[@503 - main]&amp#27;[m &amp#27;[36mcom.shaft.tools.io.ReportManager&amp#27;[m : Successfully created attachment "Test Data - Excel"
2023-02-07 10:57:54.196 &amp#27;[32m INFO&amp#27;[m &amp#27;[35m[@503 - main]&amp#27;[m &amp#27;[36mcom.shaft.tools.io.ReportManager&amp#27;[m : File Action "DoesFileExist" successfully performed. With the following test data "File Path: "SteeringCompanyAPI_TestData/SteeringCompanyAPI_TestData.xlsx"".
2023-02-07 10:57:54.219 &amp#27;[32m INFO&amp#27;[m &amp#27;[35m[@503 - main]&amp#27;[m &amp#27;[36mcom.shaft.tools.io.ReportManager&amp#27;[m : Successfully created attachment "Test Data - Excel"
2023-02-07 10:57:54.219 &amp#27;[32m INFO&amp#27;[m &amp#27;[35m[@503 - main]&amp#27;[m &amp#27;[36mcom.shaft.tools.io.ReportManager&amp#27;[m : File Action "DoesFileExist" successfully performed. With the following test data "File Path: "SteeringCompanyAPI_TestData/SteeringCompanyAPI_TestData.xlsx"".
2023-02-07 10:57:54.240 &amp#27;[32m INFO&amp#27;[m &amp#27;[35m[@503 - main]&amp#27;[m &amp#27;[36mcom.shaft.tools.io.ReportManager&amp#27;[m : Successfully created attachment "Test Data - Excel"
2023-02-07 10:57:54.740 &amp#27;[32m INFO&amp#27;[m &amp#27;[35m[@503 - main]&amp#27;[m &amp#27;[36mcom.shaft.tools.io.ReportManager&amp#27;[m : Response status code: "422", status line: "HTTP/1.1 422 "
2023-02-07 10:57:54.757 &amp#27;[32m INFO&amp#27;[m &amp#27;[35m[@503 - main]&amp#27;[m &amp#27;[36mcom.shaft.tools.io.ReportManager&amp#27;[m : Successfully created attachment "API Request - Specifications"
2023-02-07 10:57:54.758 &amp#27;[32m INFO&amp#27;[m &amp#27;[35m[@503 - main]&amp#27;[m &amp#27;[36mcom.shaft.tools.io.ReportManager&amp#27;[m : Successfully created attachment "API Request - JSON Body"
2023-02-07 10:57:54.759 &amp#27;[32m INFO&amp#27;[m &amp#27;[35m[@503 - main]&amp#27;[m &amp#27;[36mcom.shaft.tools.io.ReportManager&amp#27;[m : Successfully created attachment "API Response - JSON Body"
2023-02-07 10:57:54.761 &amp#27;[32m INFO&amp#27;[m &amp#27;[35m[@503 - main]&amp#27;[m &amp#27;[36mcom.shaft.tools.io.ReportManager&amp#27;[m : File Action "DoesFileExist" successfully performed. With the following test data "File Path: "Schemas/ValidationError_schema.json"".
2023-02-07 10:57:54.761 &amp#27;[32m INFO&amp#27;[m &amp#27;[35m[@503 - main]&amp#27;[m &amp#27;[36mcom.shaft.tools.io.ReportManager&amp#27;[m : File Action "DoesFileExist" successfully performed. With the following test data "File Path: "src/test/resources/testDataFiles/Schemas/ValidationError_schema.json"".
2023-02-07 10:57:54.762 &amp#27;[32m INFO&amp#27;[m &amp#27;[35m[@503 - main]&amp#27;[m &amp#27;[36mcom.shaft.tools.io.ReportManager&amp#27;[m : File Action "GetAbsolutePath" successfully performed. With the following test data "Relative Folder Path: "src/test/resources/testDataFiles/Schemas/ValidationError_schema.json"".
2023-02-07 10:57:54.765 &amp#27;[32m INFO&amp#27;[m &amp#27;[35m[@503 - main]&amp#27;[m &amp#27;[36mcom.shaft.tools.io.ReportManager&amp#27;[m : File Action "DoesFileExist" successfully performed. With the following test data "File Path: "C:\eclipse-workspace\MyProjects\TASystemsAPIs\src\test\resources\testDataFiles\Schemas\ValidationError_schema.json"".
2023-02-07 10:57:54.765 &amp#27;[32m INFO&amp#27;[m &amp#27;[35m[@503 - main]&amp#27;[m &amp#27;[36mcom.shaft.tools.io.ReportManager&amp#27;[m : File Action "GetAbsolutePath" successfully performed. With the following test data "Relative Folder Path: "C:\eclipse-workspace\MyProjects\TASystemsAPIs\src\test\resources\testDataFiles\Schemas\ValidationError_schema.json"".
2023-02-07 10:57:54.766 &amp#27;[32m INFO&amp#27;[m &amp#27;[35m[@503 - main]&amp#27;[m &amp#27;[36mcom.shaft.tools.io.ReportManager&amp#27;[m : File Action "ReadFile" successfully performed. With the following test data "File Path: "C:\eclipse-workspace\MyProjects\TASystemsAPIs\src\test\resources\testDataFiles\Schemas\ValidationError_schema.json"".
2023-02-07 10:57:54.769 &amp#27;[32m INFO&amp#27;[m &amp#27;[35m[@503 - main]&amp#27;[m &amp#27;[36mcom.shaft.tools.io.ReportManager&amp#27;[m : Successfully created attachment "Validation Test Data - Expected JSON Value"
2023-02-07 10:57:54.773 &amp#27;[32m INFO&amp#27;[m &amp#27;[35m[@503 - main]&amp#27;[m &amp#27;[36mcom.shaft.tools.io.ReportManager&amp#27;[m : Successfully created attachment "Validation Test Data - Actual JSON Value"
2023-02-07 10:57:54.775 &amp#27;[32m INFO&amp#27;[m &amp#27;[35m[@503 - main]&amp#27;[m &amp#27;[36mcom.shaft.tools.io.ReportManager&amp#27;[m : Successfully created attachment "SHAFT Engine Logs - Current Method log: Add_Policy_With_InValid_data_TC"
]]></system-out>
  </testcase>
  <testcase name="Add_Policy_With_InValid_data_TC[[Ljava.lang.Object;@1634c79c](27)" classname="SteeringCompanyAPI_TestCases.Test_Policies_Cases" time="1.808">
    <system-out><![CDATA[2023-02-07 10:57:54.780 &amp#27;[32m INFO&amp#27;[m &amp#27;[35m[@534 - main]&amp#27;[m &amp#27;[36mcom.shaft.tools.io.ReportManager&amp#27;[m : 
################################################################################################################################################
Starting Execution:	"125 out of 107" test cases in the current suite
Test Method:		"SteeringCompanyAPI_TestCases.Test_Policies_Cases.Add_Policy_With_InValid_data_TC"
Test Description:	"TC052 -Policy- Perform Add Policy with InValid data"
################################################################################################################################################
2023-02-07 10:57:54.781 &amp#27;[32m INFO&amp#27;[m &amp#27;[35m[@503 - main]&amp#27;[m &amp#27;[36mcom.shaft.tools.io.ReportManager&amp#27;[m : File Action "DoesFileExist" successfully performed. With the following test data "File Path: "SteeringCompanyAPI_TestData/SteeringCompanyAPI_TestData.xlsx"".
2023-02-07 10:57:54.811 &amp#27;[32m INFO&amp#27;[m &amp#27;[35m[@503 - main]&amp#27;[m &amp#27;[36mcom.shaft.tools.io.ReportManager&amp#27;[m : Successfully created attachment "Test Data - Excel"
2023-02-07 10:57:55.883 &amp#27;[32m INFO&amp#27;[m &amp#27;[35m[@503 - main]&amp#27;[m &amp#27;[36mcom.shaft.tools.io.ReportManager&amp#27;[m : Response status code: "200", status line: "HTTP/1.1 200 OK"
2023-02-07 10:57:55.902 &amp#27;[32m INFO&amp#27;[m &amp#27;[35m[@503 - main]&amp#27;[m &amp#27;[36mcom.shaft.tools.io.ReportManager&amp#27;[m : Successfully created attachment "API Request - Specifications"
2023-02-07 10:57:55.904 &amp#27;[32m INFO&amp#27;[m &amp#27;[35m[@503 - main]&amp#27;[m &amp#27;[36mcom.shaft.tools.io.ReportManager&amp#27;[m : Successfully created attachment "API Request - Body"
2023-02-07 10:57:55.905 &amp#27;[32m INFO&amp#27;[m &amp#27;[35m[@503 - main]&amp#27;[m &amp#27;[36mcom.shaft.tools.io.ReportManager&amp#27;[m : Successfully created attachment "API Response - JSON Body"
2023-02-07 10:57:55.924 &amp#27;[32m INFO&amp#27;[m &amp#27;[35m[@503 - main]&amp#27;[m &amp#27;[36mcom.shaft.tools.io.ReportManager&amp#27;[m : File Action "DoesFileExist" successfully performed. With the following test data "File Path: "SteeringCompanyAPI_TestData/SteeringCompanyAPI_TestData.xlsx"".
2023-02-07 10:57:55.966 &amp#27;[32m INFO&amp#27;[m &amp#27;[35m[@503 - main]&amp#27;[m &amp#27;[36mcom.shaft.tools.io.ReportManager&amp#27;[m : Successfully created attachment "Test Data - Excel"
2023-02-07 10:57:55.967 &amp#27;[32m INFO&amp#27;[m &amp#27;[35m[@503 - main]&amp#27;[m &amp#27;[36mcom.shaft.tools.io.ReportManager&amp#27;[m : File Action "DoesFileExist" successfully performed. With the following test data "File Path: "SteeringCompanyAPI_TestData/SteeringCompanyAPI_TestData.xlsx"".
2023-02-07 10:57:55.991 &amp#27;[32m INFO&amp#27;[m &amp#27;[35m[@503 - main]&amp#27;[m &amp#27;[36mcom.shaft.tools.io.ReportManager&amp#27;[m : Successfully created attachment "Test Data - Excel"
2023-02-07 10:57:55.992 &amp#27;[32m INFO&amp#27;[m &amp#27;[35m[@503 - main]&amp#27;[m &amp#27;[36mcom.shaft.tools.io.ReportManager&amp#27;[m : File Action "DoesFileExist" successfully performed. With the following test data "File Path: "SteeringCompanyAPI_TestData/SteeringCompanyAPI_TestData.xlsx"".
2023-02-07 10:57:56.018 &amp#27;[32m INFO&amp#27;[m &amp#27;[35m[@503 - main]&amp#27;[m &amp#27;[36mcom.shaft.tools.io.ReportManager&amp#27;[m : Successfully created attachment "Test Data - Excel"
2023-02-07 10:57:56.522 &amp#27;[32m INFO&amp#27;[m &amp#27;[35m[@503 - main]&amp#27;[m &amp#27;[36mcom.shaft.tools.io.ReportManager&amp#27;[m : Response status code: "422", status line: "HTTP/1.1 422 "
2023-02-07 10:57:56.550 &amp#27;[32m INFO&amp#27;[m &amp#27;[35m[@503 - main]&amp#27;[m &amp#27;[36mcom.shaft.tools.io.ReportManager&amp#27;[m : Successfully created attachment "API Request - Specifications"
2023-02-07 10:57:56.554 &amp#27;[32m INFO&amp#27;[m &amp#27;[35m[@503 - main]&amp#27;[m &amp#27;[36mcom.shaft.tools.io.ReportManager&amp#27;[m : Successfully created attachment "API Request - JSON Body"
2023-02-07 10:57:56.555 &amp#27;[32m INFO&amp#27;[m &amp#27;[35m[@503 - main]&amp#27;[m &amp#27;[36mcom.shaft.tools.io.ReportManager&amp#27;[m : Successfully created attachment "API Response - JSON Body"
2023-02-07 10:57:56.557 &amp#27;[32m INFO&amp#27;[m &amp#27;[35m[@503 - main]&amp#27;[m &amp#27;[36mcom.shaft.tools.io.ReportManager&amp#27;[m : File Action "DoesFileExist" successfully performed. With the following test data "File Path: "Schemas/ValidationError_schema.json"".
2023-02-07 10:57:56.557 &amp#27;[32m INFO&amp#27;[m &amp#27;[35m[@503 - main]&amp#27;[m &amp#27;[36mcom.shaft.tools.io.ReportManager&amp#27;[m : File Action "DoesFileExist" successfully performed. With the following test data "File Path: "src/test/resources/testDataFiles/Schemas/ValidationError_schema.json"".
2023-02-07 10:57:56.558 &amp#27;[32m INFO&amp#27;[m &amp#27;[35m[@503 - main]&amp#27;[m &amp#27;[36mcom.shaft.tools.io.ReportManager&amp#27;[m : File Action "GetAbsolutePath" successfully performed. With the following test data "Relative Folder Path: "src/test/resources/testDataFiles/Schemas/ValidationError_schema.json"".
2023-02-07 10:57:56.567 &amp#27;[32m INFO&amp#27;[m &amp#27;[35m[@503 - main]&amp#27;[m &amp#27;[36mcom.shaft.tools.io.ReportManager&amp#27;[m : File Action "DoesFileExist" successfully performed. With the following test data "File Path: "C:\eclipse-workspace\MyProjects\TASystemsAPIs\src\test\resources\testDataFiles\Schemas\ValidationError_schema.json"".
2023-02-07 10:57:56.567 &amp#27;[32m INFO&amp#27;[m &amp#27;[35m[@503 - main]&amp#27;[m &amp#27;[36mcom.shaft.tools.io.ReportManager&amp#27;[m : File Action "GetAbsolutePath" successfully performed. With the following test data "Relative Folder Path: "C:\eclipse-workspace\MyProjects\TASystemsAPIs\src\test\resources\testDataFiles\Schemas\ValidationError_schema.json"".
2023-02-07 10:57:56.568 &amp#27;[32m INFO&amp#27;[m &amp#27;[35m[@503 - main]&amp#27;[m &amp#27;[36mcom.shaft.tools.io.ReportManager&amp#27;[m : File Action "ReadFile" successfully performed. With the following test data "File Path: "C:\eclipse-workspace\MyProjects\TASystemsAPIs\src\test\resources\testDataFiles\Schemas\ValidationError_schema.json"".
2023-02-07 10:57:56.574 &amp#27;[32m INFO&amp#27;[m &amp#27;[35m[@503 - main]&amp#27;[m &amp#27;[36mcom.shaft.tools.io.ReportManager&amp#27;[m : Successfully created attachment "Validation Test Data - Expected JSON Value"
2023-02-07 10:57:56.576 &amp#27;[32m INFO&amp#27;[m &amp#27;[35m[@503 - main]&amp#27;[m &amp#27;[36mcom.shaft.tools.io.ReportManager&amp#27;[m : Successfully created attachment "Validation Test Data - Actual JSON Value"
2023-02-07 10:57:56.580 &amp#27;[32m INFO&amp#27;[m &amp#27;[35m[@503 - main]&amp#27;[m &amp#27;[36mcom.shaft.tools.io.ReportManager&amp#27;[m : Successfully created attachment "SHAFT Engine Logs - Current Method log: Add_Policy_With_InValid_data_TC"
]]></system-out>
  </testcase>
  <testcase name="Add_Policy_With_InValid_data_TC[[Ljava.lang.Object;@23036ffe](28)" classname="SteeringCompanyAPI_TestCases.Test_Policies_Cases" time="1.339">
    <system-out><![CDATA[2023-02-07 10:57:56.588 &amp#27;[32m INFO&amp#27;[m &amp#27;[35m[@534 - main]&amp#27;[m &amp#27;[36mcom.shaft.tools.io.ReportManager&amp#27;[m : 
################################################################################################################################################
Starting Execution:	"126 out of 107" test cases in the current suite
Test Method:		"SteeringCompanyAPI_TestCases.Test_Policies_Cases.Add_Policy_With_InValid_data_TC"
Test Description:	"TC052 -Policy- Perform Add Policy with InValid data"
################################################################################################################################################
2023-02-07 10:57:56.588 &amp#27;[32m INFO&amp#27;[m &amp#27;[35m[@503 - main]&amp#27;[m &amp#27;[36mcom.shaft.tools.io.ReportManager&amp#27;[m : File Action "DoesFileExist" successfully performed. With the following test data "File Path: "SteeringCompanyAPI_TestData/SteeringCompanyAPI_TestData.xlsx"".
2023-02-07 10:57:56.625 &amp#27;[32m INFO&amp#27;[m &amp#27;[35m[@503 - main]&amp#27;[m &amp#27;[36mcom.shaft.tools.io.ReportManager&amp#27;[m : Successfully created attachment "Test Data - Excel"
2023-02-07 10:57:57.257 &amp#27;[32m INFO&amp#27;[m &amp#27;[35m[@503 - main]&amp#27;[m &amp#27;[36mcom.shaft.tools.io.ReportManager&amp#27;[m : Response status code: "200", status line: "HTTP/1.1 200 OK"
2023-02-07 10:57:57.279 &amp#27;[32m INFO&amp#27;[m &amp#27;[35m[@503 - main]&amp#27;[m &amp#27;[36mcom.shaft.tools.io.ReportManager&amp#27;[m : Successfully created attachment "API Request - Specifications"
2023-02-07 10:57:57.280 &amp#27;[32m INFO&amp#27;[m &amp#27;[35m[@503 - main]&amp#27;[m &amp#27;[36mcom.shaft.tools.io.ReportManager&amp#27;[m : Successfully created attachment "API Request - Body"
2023-02-07 10:57:57.281 &amp#27;[32m INFO&amp#27;[m &amp#27;[35m[@503 - main]&amp#27;[m &amp#27;[36mcom.shaft.tools.io.ReportManager&amp#27;[m : Successfully created attachment "API Response - JSON Body"
2023-02-07 10:57:57.294 &amp#27;[32m INFO&amp#27;[m &amp#27;[35m[@503 - main]&amp#27;[m &amp#27;[36mcom.shaft.tools.io.ReportManager&amp#27;[m : File Action "DoesFileExist" successfully performed. With the following test data "File Path: "SteeringCompanyAPI_TestData/SteeringCompanyAPI_TestData.xlsx"".
2023-02-07 10:57:57.329 &amp#27;[32m INFO&amp#27;[m &amp#27;[35m[@503 - main]&amp#27;[m &amp#27;[36mcom.shaft.tools.io.ReportManager&amp#27;[m : Successfully created attachment "Test Data - Excel"
2023-02-07 10:57:57.330 &amp#27;[32m INFO&amp#27;[m &amp#27;[35m[@503 - main]&amp#27;[m &amp#27;[36mcom.shaft.tools.io.ReportManager&amp#27;[m : File Action "DoesFileExist" successfully performed. With the following test data "File Path: "SteeringCompanyAPI_TestData/SteeringCompanyAPI_TestData.xlsx"".
2023-02-07 10:57:57.359 &amp#27;[32m INFO&amp#27;[m &amp#27;[35m[@503 - main]&amp#27;[m &amp#27;[36mcom.shaft.tools.io.ReportManager&amp#27;[m : Successfully created attachment "Test Data - Excel"
2023-02-07 10:57:57.359 &amp#27;[32m INFO&amp#27;[m &amp#27;[35m[@503 - main]&amp#27;[m &amp#27;[36mcom.shaft.tools.io.ReportManager&amp#27;[m : File Action "DoesFileExist" successfully performed. With the following test data "File Path: "SteeringCompanyAPI_TestData/SteeringCompanyAPI_TestData.xlsx"".
2023-02-07 10:57:57.397 &amp#27;[32m INFO&amp#27;[m &amp#27;[35m[@503 - main]&amp#27;[m &amp#27;[36mcom.shaft.tools.io.ReportManager&amp#27;[m : Successfully created attachment "Test Data - Excel"
2023-02-07 10:57:57.899 &amp#27;[32m INFO&amp#27;[m &amp#27;[35m[@503 - main]&amp#27;[m &amp#27;[36mcom.shaft.tools.io.ReportManager&amp#27;[m : Response status code: "422", status line: "HTTP/1.1 422 "
2023-02-07 10:57:57.914 &amp#27;[32m INFO&amp#27;[m &amp#27;[35m[@503 - main]&amp#27;[m &amp#27;[36mcom.shaft.tools.io.ReportManager&amp#27;[m : Successfully created attachment "API Request - Specifications"
2023-02-07 10:57:57.915 &amp#27;[32m INFO&amp#27;[m &amp#27;[35m[@503 - main]&amp#27;[m &amp#27;[36mcom.shaft.tools.io.ReportManager&amp#27;[m : Successfully created attachment "API Request - JSON Body"
2023-02-07 10:57:57.918 &amp#27;[32m INFO&amp#27;[m &amp#27;[35m[@503 - main]&amp#27;[m &amp#27;[36mcom.shaft.tools.io.ReportManager&amp#27;[m : Successfully created attachment "API Response - JSON Body"
2023-02-07 10:57:57.919 &amp#27;[32m INFO&amp#27;[m &amp#27;[35m[@503 - main]&amp#27;[m &amp#27;[36mcom.shaft.tools.io.ReportManager&amp#27;[m : File Action "DoesFileExist" successfully performed. With the following test data "File Path: "Schemas/ValidationError_schema.json"".
2023-02-07 10:57:57.919 &amp#27;[32m INFO&amp#27;[m &amp#27;[35m[@503 - main]&amp#27;[m &amp#27;[36mcom.shaft.tools.io.ReportManager&amp#27;[m : File Action "DoesFileExist" successfully performed. With the following test data "File Path: "src/test/resources/testDataFiles/Schemas/ValidationError_schema.json"".
2023-02-07 10:57:57.920 &amp#27;[32m INFO&amp#27;[m &amp#27;[35m[@503 - main]&amp#27;[m &amp#27;[36mcom.shaft.tools.io.ReportManager&amp#27;[m : File Action "GetAbsolutePath" successfully performed. With the following test data "Relative Folder Path: "src/test/resources/testDataFiles/Schemas/ValidationError_schema.json"".
2023-02-07 10:57:57.922 &amp#27;[32m INFO&amp#27;[m &amp#27;[35m[@503 - main]&amp#27;[m &amp#27;[36mcom.shaft.tools.io.ReportManager&amp#27;[m : File Action "DoesFileExist" successfully performed. With the following test data "File Path: "C:\eclipse-workspace\MyProjects\TASystemsAPIs\src\test\resources\testDataFiles\Schemas\ValidationError_schema.json"".
2023-02-07 10:57:57.922 &amp#27;[32m INFO&amp#27;[m &amp#27;[35m[@503 - main]&amp#27;[m &amp#27;[36mcom.shaft.tools.io.ReportManager&amp#27;[m : File Action "GetAbsolutePath" successfully performed. With the following test data "Relative Folder Path: "C:\eclipse-workspace\MyProjects\TASystemsAPIs\src\test\resources\testDataFiles\Schemas\ValidationError_schema.json"".
2023-02-07 10:57:57.923 &amp#27;[32m INFO&amp#27;[m &amp#27;[35m[@503 - main]&amp#27;[m &amp#27;[36mcom.shaft.tools.io.ReportManager&amp#27;[m : File Action "ReadFile" successfully performed. With the following test data "File Path: "C:\eclipse-workspace\MyProjects\TASystemsAPIs\src\test\resources\testDataFiles\Schemas\ValidationError_schema.json"".
2023-02-07 10:57:57.924 &amp#27;[32m INFO&amp#27;[m &amp#27;[35m[@503 - main]&amp#27;[m &amp#27;[36mcom.shaft.tools.io.ReportManager&amp#27;[m : Successfully created attachment "Validation Test Data - Expected JSON Value"
2023-02-07 10:57:57.925 &amp#27;[32m INFO&amp#27;[m &amp#27;[35m[@503 - main]&amp#27;[m &amp#27;[36mcom.shaft.tools.io.ReportManager&amp#27;[m : Successfully created attachment "Validation Test Data - Actual JSON Value"
2023-02-07 10:57:57.925 &amp#27;[32m INFO&amp#27;[m &amp#27;[35m[@503 - main]&amp#27;[m &amp#27;[36mcom.shaft.tools.io.ReportManager&amp#27;[m : Successfully created attachment "SHAFT Engine Logs - Current Method log: Add_Policy_With_InValid_data_TC"
]]></system-out>
  </testcase>
  <testcase name="Add_Policy_With_InValid_data_TC[[Ljava.lang.Object;@78985589](29)" classname="SteeringCompanyAPI_TestCases.Test_Policies_Cases" time="1.332">
    <system-out><![CDATA[2023-02-07 10:57:57.927 &amp#27;[32m INFO&amp#27;[m &amp#27;[35m[@534 - main]&amp#27;[m &amp#27;[36mcom.shaft.tools.io.ReportManager&amp#27;[m : 
################################################################################################################################################
Starting Execution:	"127 out of 107" test cases in the current suite
Test Method:		"SteeringCompanyAPI_TestCases.Test_Policies_Cases.Add_Policy_With_InValid_data_TC"
Test Description:	"TC052 -Policy- Perform Add Policy with InValid data"
################################################################################################################################################
2023-02-07 10:57:57.928 &amp#27;[32m INFO&amp#27;[m &amp#27;[35m[@503 - main]&amp#27;[m &amp#27;[36mcom.shaft.tools.io.ReportManager&amp#27;[m : File Action "DoesFileExist" successfully performed. With the following test data "File Path: "SteeringCompanyAPI_TestData/SteeringCompanyAPI_TestData.xlsx"".
2023-02-07 10:57:57.950 &amp#27;[32m INFO&amp#27;[m &amp#27;[35m[@503 - main]&amp#27;[m &amp#27;[36mcom.shaft.tools.io.ReportManager&amp#27;[m : Successfully created attachment "Test Data - Excel"
2023-02-07 10:57:58.584 &amp#27;[32m INFO&amp#27;[m &amp#27;[35m[@503 - main]&amp#27;[m &amp#27;[36mcom.shaft.tools.io.ReportManager&amp#27;[m : Response status code: "200", status line: "HTTP/1.1 200 OK"
2023-02-07 10:57:58.593 &amp#27;[32m INFO&amp#27;[m &amp#27;[35m[@503 - main]&amp#27;[m &amp#27;[36mcom.shaft.tools.io.ReportManager&amp#27;[m : Successfully created attachment "API Request - Specifications"
2023-02-07 10:57:58.594 &amp#27;[32m INFO&amp#27;[m &amp#27;[35m[@503 - main]&amp#27;[m &amp#27;[36mcom.shaft.tools.io.ReportManager&amp#27;[m : Successfully created attachment "API Request - Body"
2023-02-07 10:57:58.595 &amp#27;[32m INFO&amp#27;[m &amp#27;[35m[@503 - main]&amp#27;[m &amp#27;[36mcom.shaft.tools.io.ReportManager&amp#27;[m : Successfully created attachment "API Response - JSON Body"
2023-02-07 10:57:58.605 &amp#27;[32m INFO&amp#27;[m &amp#27;[35m[@503 - main]&amp#27;[m &amp#27;[36mcom.shaft.tools.io.ReportManager&amp#27;[m : File Action "DoesFileExist" successfully performed. With the following test data "File Path: "SteeringCompanyAPI_TestData/SteeringCompanyAPI_TestData.xlsx"".
2023-02-07 10:57:58.626 &amp#27;[32m INFO&amp#27;[m &amp#27;[35m[@503 - main]&amp#27;[m &amp#27;[36mcom.shaft.tools.io.ReportManager&amp#27;[m : Successfully created attachment "Test Data - Excel"
2023-02-07 10:57:58.626 &amp#27;[32m INFO&amp#27;[m &amp#27;[35m[@503 - main]&amp#27;[m &amp#27;[36mcom.shaft.tools.io.ReportManager&amp#27;[m : File Action "DoesFileExist" successfully performed. With the following test data "File Path: "SteeringCompanyAPI_TestData/SteeringCompanyAPI_TestData.xlsx"".
2023-02-07 10:57:58.678 &amp#27;[32m INFO&amp#27;[m &amp#27;[35m[@503 - main]&amp#27;[m &amp#27;[36mcom.shaft.tools.io.ReportManager&amp#27;[m : Successfully created attachment "Test Data - Excel"
2023-02-07 10:57:58.679 &amp#27;[32m INFO&amp#27;[m &amp#27;[35m[@503 - main]&amp#27;[m &amp#27;[36mcom.shaft.tools.io.ReportManager&amp#27;[m : File Action "DoesFileExist" successfully performed. With the following test data "File Path: "SteeringCompanyAPI_TestData/SteeringCompanyAPI_TestData.xlsx"".
2023-02-07 10:57:58.712 &amp#27;[32m INFO&amp#27;[m &amp#27;[35m[@503 - main]&amp#27;[m &amp#27;[36mcom.shaft.tools.io.ReportManager&amp#27;[m : Successfully created attachment "Test Data - Excel"
2023-02-07 10:57:59.221 &amp#27;[32m INFO&amp#27;[m &amp#27;[35m[@503 - main]&amp#27;[m &amp#27;[36mcom.shaft.tools.io.ReportManager&amp#27;[m : Response status code: "422", status line: "HTTP/1.1 422 "
2023-02-07 10:57:59.238 &amp#27;[32m INFO&amp#27;[m &amp#27;[35m[@503 - main]&amp#27;[m &amp#27;[36mcom.shaft.tools.io.ReportManager&amp#27;[m : Successfully created attachment "API Request - Specifications"
2023-02-07 10:57:59.242 &amp#27;[32m INFO&amp#27;[m &amp#27;[35m[@503 - main]&amp#27;[m &amp#27;[36mcom.shaft.tools.io.ReportManager&amp#27;[m : Successfully created attachment "API Request - JSON Body"
2023-02-07 10:57:59.244 &amp#27;[32m INFO&amp#27;[m &amp#27;[35m[@503 - main]&amp#27;[m &amp#27;[36mcom.shaft.tools.io.ReportManager&amp#27;[m : Successfully created attachment "API Response - JSON Body"
2023-02-07 10:57:59.245 &amp#27;[32m INFO&amp#27;[m &amp#27;[35m[@503 - main]&amp#27;[m &amp#27;[36mcom.shaft.tools.io.ReportManager&amp#27;[m : File Action "DoesFileExist" successfully performed. With the following test data "File Path: "Schemas/ValidationError_schema.json"".
2023-02-07 10:57:59.245 &amp#27;[32m INFO&amp#27;[m &amp#27;[35m[@503 - main]&amp#27;[m &amp#27;[36mcom.shaft.tools.io.ReportManager&amp#27;[m : File Action "DoesFileExist" successfully performed. With the following test data "File Path: "src/test/resources/testDataFiles/Schemas/ValidationError_schema.json"".
2023-02-07 10:57:59.245 &amp#27;[32m INFO&amp#27;[m &amp#27;[35m[@503 - main]&amp#27;[m &amp#27;[36mcom.shaft.tools.io.ReportManager&amp#27;[m : File Action "GetAbsolutePath" successfully performed. With the following test data "Relative Folder Path: "src/test/resources/testDataFiles/Schemas/ValidationError_schema.json"".
2023-02-07 10:57:59.249 &amp#27;[32m INFO&amp#27;[m &amp#27;[35m[@503 - main]&amp#27;[m &amp#27;[36mcom.shaft.tools.io.ReportManager&amp#27;[m : File Action "DoesFileExist" successfully performed. With the following test data "File Path: "C:\eclipse-workspace\MyProjects\TASystemsAPIs\src\test\resources\testDataFiles\Schemas\ValidationError_schema.json"".
2023-02-07 10:57:59.249 &amp#27;[32m INFO&amp#27;[m &amp#27;[35m[@503 - main]&amp#27;[m &amp#27;[36mcom.shaft.tools.io.ReportManager&amp#27;[m : File Action "GetAbsolutePath" successfully performed. With the following test data "Relative Folder Path: "C:\eclipse-workspace\MyProjects\TASystemsAPIs\src\test\resources\testDataFiles\Schemas\ValidationError_schema.json"".
2023-02-07 10:57:59.250 &amp#27;[32m INFO&amp#27;[m &amp#27;[35m[@503 - main]&amp#27;[m &amp#27;[36mcom.shaft.tools.io.ReportManager&amp#27;[m : File Action "ReadFile" successfully performed. With the following test data "File Path: "C:\eclipse-workspace\MyProjects\TASystemsAPIs\src\test\resources\testDataFiles\Schemas\ValidationError_schema.json"".
2023-02-07 10:57:59.252 &amp#27;[32m INFO&amp#27;[m &amp#27;[35m[@503 - main]&amp#27;[m &amp#27;[36mcom.shaft.tools.io.ReportManager&amp#27;[m : Successfully created attachment "Validation Test Data - Expected JSON Value"
2023-02-07 10:57:59.253 &amp#27;[32m INFO&amp#27;[m &amp#27;[35m[@503 - main]&amp#27;[m &amp#27;[36mcom.shaft.tools.io.ReportManager&amp#27;[m : Successfully created attachment "Validation Test Data - Actual JSON Value"
2023-02-07 10:57:59.256 &amp#27;[32m INFO&amp#27;[m &amp#27;[35m[@503 - main]&amp#27;[m &amp#27;[36mcom.shaft.tools.io.ReportManager&amp#27;[m : Successfully created attachment "SHAFT Engine Logs - Current Method log: Add_Policy_With_InValid_data_TC"
]]></system-out>
  </testcase>
  <testcase name="Add_Policy_With_InValid_data_TC[[Ljava.lang.Object;@7b5f652f](30)" classname="SteeringCompanyAPI_TestCases.Test_Policies_Cases" time="2.679">
    <system-out><![CDATA[2023-02-07 10:57:59.261 &amp#27;[32m INFO&amp#27;[m &amp#27;[35m[@534 - main]&amp#27;[m &amp#27;[36mcom.shaft.tools.io.ReportManager&amp#27;[m : 
################################################################################################################################################
Starting Execution:	"128 out of 107" test cases in the current suite
Test Method:		"SteeringCompanyAPI_TestCases.Test_Policies_Cases.Add_Policy_With_InValid_data_TC"
Test Description:	"TC052 -Policy- Perform Add Policy with InValid data"
################################################################################################################################################
2023-02-07 10:57:59.262 &amp#27;[32m INFO&amp#27;[m &amp#27;[35m[@503 - main]&amp#27;[m &amp#27;[36mcom.shaft.tools.io.ReportManager&amp#27;[m : File Action "DoesFileExist" successfully performed. With the following test data "File Path: "SteeringCompanyAPI_TestData/SteeringCompanyAPI_TestData.xlsx"".
2023-02-07 10:57:59.327 &amp#27;[32m INFO&amp#27;[m &amp#27;[35m[@503 - main]&amp#27;[m &amp#27;[36mcom.shaft.tools.io.ReportManager&amp#27;[m : Successfully created attachment "Test Data - Excel"
2023-02-07 10:58:01.257 &amp#27;[32m INFO&amp#27;[m &amp#27;[35m[@503 - main]&amp#27;[m &amp#27;[36mcom.shaft.tools.io.ReportManager&amp#27;[m : Response status code: "200", status line: "HTTP/1.1 200 OK"
2023-02-07 10:58:01.276 &amp#27;[32m INFO&amp#27;[m &amp#27;[35m[@503 - main]&amp#27;[m &amp#27;[36mcom.shaft.tools.io.ReportManager&amp#27;[m : Successfully created attachment "API Request - Specifications"
2023-02-07 10:58:01.277 &amp#27;[32m INFO&amp#27;[m &amp#27;[35m[@503 - main]&amp#27;[m &amp#27;[36mcom.shaft.tools.io.ReportManager&amp#27;[m : Successfully created attachment "API Request - Body"
2023-02-07 10:58:01.278 &amp#27;[32m INFO&amp#27;[m &amp#27;[35m[@503 - main]&amp#27;[m &amp#27;[36mcom.shaft.tools.io.ReportManager&amp#27;[m : Successfully created attachment "API Response - JSON Body"
2023-02-07 10:58:01.295 &amp#27;[32m INFO&amp#27;[m &amp#27;[35m[@503 - main]&amp#27;[m &amp#27;[36mcom.shaft.tools.io.ReportManager&amp#27;[m : File Action "DoesFileExist" successfully performed. With the following test data "File Path: "SteeringCompanyAPI_TestData/SteeringCompanyAPI_TestData.xlsx"".
2023-02-07 10:58:01.338 &amp#27;[32m INFO&amp#27;[m &amp#27;[35m[@503 - main]&amp#27;[m &amp#27;[36mcom.shaft.tools.io.ReportManager&amp#27;[m : Successfully created attachment "Test Data - Excel"
2023-02-07 10:58:01.339 &amp#27;[32m INFO&amp#27;[m &amp#27;[35m[@503 - main]&amp#27;[m &amp#27;[36mcom.shaft.tools.io.ReportManager&amp#27;[m : File Action "DoesFileExist" successfully performed. With the following test data "File Path: "SteeringCompanyAPI_TestData/SteeringCompanyAPI_TestData.xlsx"".
2023-02-07 10:58:01.377 &amp#27;[32m INFO&amp#27;[m &amp#27;[35m[@503 - main]&amp#27;[m &amp#27;[36mcom.shaft.tools.io.ReportManager&amp#27;[m : Successfully created attachment "Test Data - Excel"
2023-02-07 10:58:01.378 &amp#27;[32m INFO&amp#27;[m &amp#27;[35m[@503 - main]&amp#27;[m &amp#27;[36mcom.shaft.tools.io.ReportManager&amp#27;[m : File Action "DoesFileExist" successfully performed. With the following test data "File Path: "SteeringCompanyAPI_TestData/SteeringCompanyAPI_TestData.xlsx"".
2023-02-07 10:58:01.395 &amp#27;[32m INFO&amp#27;[m &amp#27;[35m[@503 - main]&amp#27;[m &amp#27;[36mcom.shaft.tools.io.ReportManager&amp#27;[m : Successfully created attachment "Test Data - Excel"
2023-02-07 10:58:01.897 &amp#27;[32m INFO&amp#27;[m &amp#27;[35m[@503 - main]&amp#27;[m &amp#27;[36mcom.shaft.tools.io.ReportManager&amp#27;[m : Response status code: "422", status line: "HTTP/1.1 422 "
2023-02-07 10:58:01.917 &amp#27;[32m INFO&amp#27;[m &amp#27;[35m[@503 - main]&amp#27;[m &amp#27;[36mcom.shaft.tools.io.ReportManager&amp#27;[m : Successfully created attachment "API Request - Specifications"
2023-02-07 10:58:01.922 &amp#27;[32m INFO&amp#27;[m &amp#27;[35m[@503 - main]&amp#27;[m &amp#27;[36mcom.shaft.tools.io.ReportManager&amp#27;[m : Successfully created attachment "API Request - JSON Body"
2023-02-07 10:58:01.923 &amp#27;[32m INFO&amp#27;[m &amp#27;[35m[@503 - main]&amp#27;[m &amp#27;[36mcom.shaft.tools.io.ReportManager&amp#27;[m : Successfully created attachment "API Response - JSON Body"
2023-02-07 10:58:01.925 &amp#27;[32m INFO&amp#27;[m &amp#27;[35m[@503 - main]&amp#27;[m &amp#27;[36mcom.shaft.tools.io.ReportManager&amp#27;[m : File Action "DoesFileExist" successfully performed. With the following test data "File Path: "Schemas/ValidationError_schema.json"".
2023-02-07 10:58:01.925 &amp#27;[32m INFO&amp#27;[m &amp#27;[35m[@503 - main]&amp#27;[m &amp#27;[36mcom.shaft.tools.io.ReportManager&amp#27;[m : File Action "DoesFileExist" successfully performed. With the following test data "File Path: "src/test/resources/testDataFiles/Schemas/ValidationError_schema.json"".
2023-02-07 10:58:01.925 &amp#27;[32m INFO&amp#27;[m &amp#27;[35m[@503 - main]&amp#27;[m &amp#27;[36mcom.shaft.tools.io.ReportManager&amp#27;[m : File Action "GetAbsolutePath" successfully performed. With the following test data "Relative Folder Path: "src/test/resources/testDataFiles/Schemas/ValidationError_schema.json"".
2023-02-07 10:58:01.930 &amp#27;[32m INFO&amp#27;[m &amp#27;[35m[@503 - main]&amp#27;[m &amp#27;[36mcom.shaft.tools.io.ReportManager&amp#27;[m : File Action "DoesFileExist" successfully performed. With the following test data "File Path: "C:\eclipse-workspace\MyProjects\TASystemsAPIs\src\test\resources\testDataFiles\Schemas\ValidationError_schema.json"".
2023-02-07 10:58:01.930 &amp#27;[32m INFO&amp#27;[m &amp#27;[35m[@503 - main]&amp#27;[m &amp#27;[36mcom.shaft.tools.io.ReportManager&amp#27;[m : File Action "GetAbsolutePath" successfully performed. With the following test data "Relative Folder Path: "C:\eclipse-workspace\MyProjects\TASystemsAPIs\src\test\resources\testDataFiles\Schemas\ValidationError_schema.json"".
2023-02-07 10:58:01.931 &amp#27;[32m INFO&amp#27;[m &amp#27;[35m[@503 - main]&amp#27;[m &amp#27;[36mcom.shaft.tools.io.ReportManager&amp#27;[m : File Action "ReadFile" successfully performed. With the following test data "File Path: "C:\eclipse-workspace\MyProjects\TASystemsAPIs\src\test\resources\testDataFiles\Schemas\ValidationError_schema.json"".
2023-02-07 10:58:01.932 &amp#27;[32m INFO&amp#27;[m &amp#27;[35m[@503 - main]&amp#27;[m &amp#27;[36mcom.shaft.tools.io.ReportManager&amp#27;[m : Successfully created attachment "Validation Test Data - Expected JSON Value"
2023-02-07 10:58:01.933 &amp#27;[32m INFO&amp#27;[m &amp#27;[35m[@503 - main]&amp#27;[m &amp#27;[36mcom.shaft.tools.io.ReportManager&amp#27;[m : Successfully created attachment "Validation Test Data - Actual JSON Value"
2023-02-07 10:58:01.934 &amp#27;[32m INFO&amp#27;[m &amp#27;[35m[@503 - main]&amp#27;[m &amp#27;[36mcom.shaft.tools.io.ReportManager&amp#27;[m : Successfully created attachment "SHAFT Engine Logs - Current Method log: Add_Policy_With_InValid_data_TC"
]]></system-out>
  </testcase>
  <testcase name="Add_Policy_With_InValid_data_TC[[Ljava.lang.Object;@60ba6a66](31)" classname="SteeringCompanyAPI_TestCases.Test_Policies_Cases" time="1.389">
    <system-out><![CDATA[2023-02-07 10:58:01.941 &amp#27;[32m INFO&amp#27;[m &amp#27;[35m[@534 - main]&amp#27;[m &amp#27;[36mcom.shaft.tools.io.ReportManager&amp#27;[m : 
################################################################################################################################################
Starting Execution:	"129 out of 107" test cases in the current suite
Test Method:		"SteeringCompanyAPI_TestCases.Test_Policies_Cases.Add_Policy_With_InValid_data_TC"
Test Description:	"TC052 -Policy- Perform Add Policy with InValid data"
################################################################################################################################################
2023-02-07 10:58:01.942 &amp#27;[32m INFO&amp#27;[m &amp#27;[35m[@503 - main]&amp#27;[m &amp#27;[36mcom.shaft.tools.io.ReportManager&amp#27;[m : File Action "DoesFileExist" successfully performed. With the following test data "File Path: "SteeringCompanyAPI_TestData/SteeringCompanyAPI_TestData.xlsx"".
2023-02-07 10:58:01.989 &amp#27;[32m INFO&amp#27;[m &amp#27;[35m[@503 - main]&amp#27;[m &amp#27;[36mcom.shaft.tools.io.ReportManager&amp#27;[m : Successfully created attachment "Test Data - Excel"
2023-02-07 10:58:02.631 &amp#27;[32m INFO&amp#27;[m &amp#27;[35m[@503 - main]&amp#27;[m &amp#27;[36mcom.shaft.tools.io.ReportManager&amp#27;[m : Response status code: "200", status line: "HTTP/1.1 200 OK"
2023-02-07 10:58:02.652 &amp#27;[32m INFO&amp#27;[m &amp#27;[35m[@503 - main]&amp#27;[m &amp#27;[36mcom.shaft.tools.io.ReportManager&amp#27;[m : Successfully created attachment "API Request - Specifications"
2023-02-07 10:58:02.654 &amp#27;[32m INFO&amp#27;[m &amp#27;[35m[@503 - main]&amp#27;[m &amp#27;[36mcom.shaft.tools.io.ReportManager&amp#27;[m : Successfully created attachment "API Request - Body"
2023-02-07 10:58:02.656 &amp#27;[32m INFO&amp#27;[m &amp#27;[35m[@503 - main]&amp#27;[m &amp#27;[36mcom.shaft.tools.io.ReportManager&amp#27;[m : Successfully created attachment "API Response - JSON Body"
2023-02-07 10:58:02.678 &amp#27;[32m INFO&amp#27;[m &amp#27;[35m[@503 - main]&amp#27;[m &amp#27;[36mcom.shaft.tools.io.ReportManager&amp#27;[m : File Action "DoesFileExist" successfully performed. With the following test data "File Path: "SteeringCompanyAPI_TestData/SteeringCompanyAPI_TestData.xlsx"".
2023-02-07 10:58:02.722 &amp#27;[32m INFO&amp#27;[m &amp#27;[35m[@503 - main]&amp#27;[m &amp#27;[36mcom.shaft.tools.io.ReportManager&amp#27;[m : Successfully created attachment "Test Data - Excel"
2023-02-07 10:58:02.722 &amp#27;[32m INFO&amp#27;[m &amp#27;[35m[@503 - main]&amp#27;[m &amp#27;[36mcom.shaft.tools.io.ReportManager&amp#27;[m : File Action "DoesFileExist" successfully performed. With the following test data "File Path: "SteeringCompanyAPI_TestData/SteeringCompanyAPI_TestData.xlsx"".
2023-02-07 10:58:02.753 &amp#27;[32m INFO&amp#27;[m &amp#27;[35m[@503 - main]&amp#27;[m &amp#27;[36mcom.shaft.tools.io.ReportManager&amp#27;[m : Successfully created attachment "Test Data - Excel"
2023-02-07 10:58:02.753 &amp#27;[32m INFO&amp#27;[m &amp#27;[35m[@503 - main]&amp#27;[m &amp#27;[36mcom.shaft.tools.io.ReportManager&amp#27;[m : File Action "DoesFileExist" successfully performed. With the following test data "File Path: "SteeringCompanyAPI_TestData/SteeringCompanyAPI_TestData.xlsx"".
2023-02-07 10:58:02.782 &amp#27;[32m INFO&amp#27;[m &amp#27;[35m[@503 - main]&amp#27;[m &amp#27;[36mcom.shaft.tools.io.ReportManager&amp#27;[m : Successfully created attachment "Test Data - Excel"
2023-02-07 10:58:03.283 &amp#27;[32m INFO&amp#27;[m &amp#27;[35m[@503 - main]&amp#27;[m &amp#27;[36mcom.shaft.tools.io.ReportManager&amp#27;[m : Response status code: "422", status line: "HTTP/1.1 422 "
2023-02-07 10:58:03.310 &amp#27;[32m INFO&amp#27;[m &amp#27;[35m[@503 - main]&amp#27;[m &amp#27;[36mcom.shaft.tools.io.ReportManager&amp#27;[m : Successfully created attachment "API Request - Specifications"
2023-02-07 10:58:03.311 &amp#27;[32m INFO&amp#27;[m &amp#27;[35m[@503 - main]&amp#27;[m &amp#27;[36mcom.shaft.tools.io.ReportManager&amp#27;[m : Successfully created attachment "API Request - JSON Body"
2023-02-07 10:58:03.316 &amp#27;[32m INFO&amp#27;[m &amp#27;[35m[@503 - main]&amp#27;[m &amp#27;[36mcom.shaft.tools.io.ReportManager&amp#27;[m : Successfully created attachment "API Response - JSON Body"
2023-02-07 10:58:03.316 &amp#27;[32m INFO&amp#27;[m &amp#27;[35m[@503 - main]&amp#27;[m &amp#27;[36mcom.shaft.tools.io.ReportManager&amp#27;[m : File Action "DoesFileExist" successfully performed. With the following test data "File Path: "Schemas/ValidationError_schema.json"".
2023-02-07 10:58:03.316 &amp#27;[32m INFO&amp#27;[m &amp#27;[35m[@503 - main]&amp#27;[m &amp#27;[36mcom.shaft.tools.io.ReportManager&amp#27;[m : File Action "DoesFileExist" successfully performed. With the following test data "File Path: "src/test/resources/testDataFiles/Schemas/ValidationError_schema.json"".
2023-02-07 10:58:03.317 &amp#27;[32m INFO&amp#27;[m &amp#27;[35m[@503 - main]&amp#27;[m &amp#27;[36mcom.shaft.tools.io.ReportManager&amp#27;[m : File Action "GetAbsolutePath" successfully performed. With the following test data "Relative Folder Path: "src/test/resources/testDataFiles/Schemas/ValidationError_schema.json"".
2023-02-07 10:58:03.318 &amp#27;[32m INFO&amp#27;[m &amp#27;[35m[@503 - main]&amp#27;[m &amp#27;[36mcom.shaft.tools.io.ReportManager&amp#27;[m : File Action "DoesFileExist" successfully performed. With the following test data "File Path: "C:\eclipse-workspace\MyProjects\TASystemsAPIs\src\test\resources\testDataFiles\Schemas\ValidationError_schema.json"".
2023-02-07 10:58:03.318 &amp#27;[32m INFO&amp#27;[m &amp#27;[35m[@503 - main]&amp#27;[m &amp#27;[36mcom.shaft.tools.io.ReportManager&amp#27;[m : File Action "GetAbsolutePath" successfully performed. With the following test data "Relative Folder Path: "C:\eclipse-workspace\MyProjects\TASystemsAPIs\src\test\resources\testDataFiles\Schemas\ValidationError_schema.json"".
2023-02-07 10:58:03.318 &amp#27;[32m INFO&amp#27;[m &amp#27;[35m[@503 - main]&amp#27;[m &amp#27;[36mcom.shaft.tools.io.ReportManager&amp#27;[m : File Action "ReadFile" successfully performed. With the following test data "File Path: "C:\eclipse-workspace\MyProjects\TASystemsAPIs\src\test\resources\testDataFiles\Schemas\ValidationError_schema.json"".
2023-02-07 10:58:03.320 &amp#27;[32m INFO&amp#27;[m &amp#27;[35m[@503 - main]&amp#27;[m &amp#27;[36mcom.shaft.tools.io.ReportManager&amp#27;[m : Successfully created attachment "Validation Test Data - Expected JSON Value"
2023-02-07 10:58:03.322 &amp#27;[32m INFO&amp#27;[m &amp#27;[35m[@503 - main]&amp#27;[m &amp#27;[36mcom.shaft.tools.io.ReportManager&amp#27;[m : Successfully created attachment "Validation Test Data - Actual JSON Value"
2023-02-07 10:58:03.323 &amp#27;[32m INFO&amp#27;[m &amp#27;[35m[@503 - main]&amp#27;[m &amp#27;[36mcom.shaft.tools.io.ReportManager&amp#27;[m : Successfully created attachment "SHAFT Engine Logs - Current Method log: Add_Policy_With_InValid_data_TC"
]]></system-out>
  </testcase>
  <testcase name="Add_Policy_With_InValid_data_TC[[Ljava.lang.Object;@69c52324](32)" classname="SteeringCompanyAPI_TestCases.Test_Policies_Cases" time="1.389">
    <system-out><![CDATA[2023-02-07 10:58:03.330 &amp#27;[32m INFO&amp#27;[m &amp#27;[35m[@534 - main]&amp#27;[m &amp#27;[36mcom.shaft.tools.io.ReportManager&amp#27;[m : 
################################################################################################################################################
Starting Execution:	"130 out of 107" test cases in the current suite
Test Method:		"SteeringCompanyAPI_TestCases.Test_Policies_Cases.Add_Policy_With_InValid_data_TC"
Test Description:	"TC052 -Policy- Perform Add Policy with InValid data"
################################################################################################################################################
2023-02-07 10:58:03.330 &amp#27;[32m INFO&amp#27;[m &amp#27;[35m[@503 - main]&amp#27;[m &amp#27;[36mcom.shaft.tools.io.ReportManager&amp#27;[m : File Action "DoesFileExist" successfully performed. With the following test data "File Path: "SteeringCompanyAPI_TestData/SteeringCompanyAPI_TestData.xlsx"".
2023-02-07 10:58:03.363 &amp#27;[32m INFO&amp#27;[m &amp#27;[35m[@503 - main]&amp#27;[m &amp#27;[36mcom.shaft.tools.io.ReportManager&amp#27;[m : Successfully created attachment "Test Data - Excel"
2023-02-07 10:58:03.995 &amp#27;[32m INFO&amp#27;[m &amp#27;[35m[@503 - main]&amp#27;[m &amp#27;[36mcom.shaft.tools.io.ReportManager&amp#27;[m : Response status code: "200", status line: "HTTP/1.1 200 OK"
2023-02-07 10:58:04.015 &amp#27;[32m INFO&amp#27;[m &amp#27;[35m[@503 - main]&amp#27;[m &amp#27;[36mcom.shaft.tools.io.ReportManager&amp#27;[m : Successfully created attachment "API Request - Specifications"
2023-02-07 10:58:04.019 &amp#27;[32m INFO&amp#27;[m &amp#27;[35m[@503 - main]&amp#27;[m &amp#27;[36mcom.shaft.tools.io.ReportManager&amp#27;[m : Successfully created attachment "API Request - Body"
2023-02-07 10:58:04.020 &amp#27;[32m INFO&amp#27;[m &amp#27;[35m[@503 - main]&amp#27;[m &amp#27;[36mcom.shaft.tools.io.ReportManager&amp#27;[m : Successfully created attachment "API Response - JSON Body"
2023-02-07 10:58:04.036 &amp#27;[32m INFO&amp#27;[m &amp#27;[35m[@503 - main]&amp#27;[m &amp#27;[36mcom.shaft.tools.io.ReportManager&amp#27;[m : File Action "DoesFileExist" successfully performed. With the following test data "File Path: "SteeringCompanyAPI_TestData/SteeringCompanyAPI_TestData.xlsx"".
2023-02-07 10:58:04.092 &amp#27;[32m INFO&amp#27;[m &amp#27;[35m[@503 - main]&amp#27;[m &amp#27;[36mcom.shaft.tools.io.ReportManager&amp#27;[m : Successfully created attachment "Test Data - Excel"
2023-02-07 10:58:04.093 &amp#27;[32m INFO&amp#27;[m &amp#27;[35m[@503 - main]&amp#27;[m &amp#27;[36mcom.shaft.tools.io.ReportManager&amp#27;[m : File Action "DoesFileExist" successfully performed. With the following test data "File Path: "SteeringCompanyAPI_TestData/SteeringCompanyAPI_TestData.xlsx"".
2023-02-07 10:58:04.139 &amp#27;[32m INFO&amp#27;[m &amp#27;[35m[@503 - main]&amp#27;[m &amp#27;[36mcom.shaft.tools.io.ReportManager&amp#27;[m : Successfully created attachment "Test Data - Excel"
2023-02-07 10:58:04.139 &amp#27;[32m INFO&amp#27;[m &amp#27;[35m[@503 - main]&amp#27;[m &amp#27;[36mcom.shaft.tools.io.ReportManager&amp#27;[m : File Action "DoesFileExist" successfully performed. With the following test data "File Path: "SteeringCompanyAPI_TestData/SteeringCompanyAPI_TestData.xlsx"".
2023-02-07 10:58:04.169 &amp#27;[32m INFO&amp#27;[m &amp#27;[35m[@503 - main]&amp#27;[m &amp#27;[36mcom.shaft.tools.io.ReportManager&amp#27;[m : Successfully created attachment "Test Data - Excel"
2023-02-07 10:58:04.677 &amp#27;[32m INFO&amp#27;[m &amp#27;[35m[@503 - main]&amp#27;[m &amp#27;[36mcom.shaft.tools.io.ReportManager&amp#27;[m : Response status code: "422", status line: "HTTP/1.1 422 "
2023-02-07 10:58:04.698 &amp#27;[32m INFO&amp#27;[m &amp#27;[35m[@503 - main]&amp#27;[m &amp#27;[36mcom.shaft.tools.io.ReportManager&amp#27;[m : Successfully created attachment "API Request - Specifications"
2023-02-07 10:58:04.699 &amp#27;[32m INFO&amp#27;[m &amp#27;[35m[@503 - main]&amp#27;[m &amp#27;[36mcom.shaft.tools.io.ReportManager&amp#27;[m : Successfully created attachment "API Request - JSON Body"
2023-02-07 10:58:04.700 &amp#27;[32m INFO&amp#27;[m &amp#27;[35m[@503 - main]&amp#27;[m &amp#27;[36mcom.shaft.tools.io.ReportManager&amp#27;[m : Successfully created attachment "API Response - JSON Body"
2023-02-07 10:58:04.702 &amp#27;[32m INFO&amp#27;[m &amp#27;[35m[@503 - main]&amp#27;[m &amp#27;[36mcom.shaft.tools.io.ReportManager&amp#27;[m : File Action "DoesFileExist" successfully performed. With the following test data "File Path: "Schemas/ValidationError_schema.json"".
2023-02-07 10:58:04.702 &amp#27;[32m INFO&amp#27;[m &amp#27;[35m[@503 - main]&amp#27;[m &amp#27;[36mcom.shaft.tools.io.ReportManager&amp#27;[m : File Action "DoesFileExist" successfully performed. With the following test data "File Path: "src/test/resources/testDataFiles/Schemas/ValidationError_schema.json"".
2023-02-07 10:58:04.703 &amp#27;[32m INFO&amp#27;[m &amp#27;[35m[@503 - main]&amp#27;[m &amp#27;[36mcom.shaft.tools.io.ReportManager&amp#27;[m : File Action "GetAbsolutePath" successfully performed. With the following test data "Relative Folder Path: "src/test/resources/testDataFiles/Schemas/ValidationError_schema.json"".
2023-02-07 10:58:04.706 &amp#27;[32m INFO&amp#27;[m &amp#27;[35m[@503 - main]&amp#27;[m &amp#27;[36mcom.shaft.tools.io.ReportManager&amp#27;[m : File Action "DoesFileExist" successfully performed. With the following test data "File Path: "C:\eclipse-workspace\MyProjects\TASystemsAPIs\src\test\resources\testDataFiles\Schemas\ValidationError_schema.json"".
2023-02-07 10:58:04.706 &amp#27;[32m INFO&amp#27;[m &amp#27;[35m[@503 - main]&amp#27;[m &amp#27;[36mcom.shaft.tools.io.ReportManager&amp#27;[m : File Action "GetAbsolutePath" successfully performed. With the following test data "Relative Folder Path: "C:\eclipse-workspace\MyProjects\TASystemsAPIs\src\test\resources\testDataFiles\Schemas\ValidationError_schema.json"".
2023-02-07 10:58:04.707 &amp#27;[32m INFO&amp#27;[m &amp#27;[35m[@503 - main]&amp#27;[m &amp#27;[36mcom.shaft.tools.io.ReportManager&amp#27;[m : File Action "ReadFile" successfully performed. With the following test data "File Path: "C:\eclipse-workspace\MyProjects\TASystemsAPIs\src\test\resources\testDataFiles\Schemas\ValidationError_schema.json"".
2023-02-07 10:58:04.710 &amp#27;[32m INFO&amp#27;[m &amp#27;[35m[@503 - main]&amp#27;[m &amp#27;[36mcom.shaft.tools.io.ReportManager&amp#27;[m : Successfully created attachment "Validation Test Data - Expected JSON Value"
2023-02-07 10:58:04.712 &amp#27;[32m INFO&amp#27;[m &amp#27;[35m[@503 - main]&amp#27;[m &amp#27;[36mcom.shaft.tools.io.ReportManager&amp#27;[m : Successfully created attachment "Validation Test Data - Actual JSON Value"
2023-02-07 10:58:04.713 &amp#27;[32m INFO&amp#27;[m &amp#27;[35m[@503 - main]&amp#27;[m &amp#27;[36mcom.shaft.tools.io.ReportManager&amp#27;[m : Successfully created attachment "SHAFT Engine Logs - Current Method log: Add_Policy_With_InValid_data_TC"
]]></system-out>
  </testcase>
  <testcase name="Add_Policy_With_InValid_data_TC[[Ljava.lang.Object;@6a5995bf](33)" classname="SteeringCompanyAPI_TestCases.Test_Policies_Cases" time="2.052">
    <system-out><![CDATA[2023-02-07 10:58:04.717 &amp#27;[32m INFO&amp#27;[m &amp#27;[35m[@534 - main]&amp#27;[m &amp#27;[36mcom.shaft.tools.io.ReportManager&amp#27;[m : 
################################################################################################################################################
Starting Execution:	"131 out of 107" test cases in the current suite
Test Method:		"SteeringCompanyAPI_TestCases.Test_Policies_Cases.Add_Policy_With_InValid_data_TC"
Test Description:	"TC052 -Policy- Perform Add Policy with InValid data"
################################################################################################################################################
2023-02-07 10:58:04.718 &amp#27;[32m INFO&amp#27;[m &amp#27;[35m[@503 - main]&amp#27;[m &amp#27;[36mcom.shaft.tools.io.ReportManager&amp#27;[m : File Action "DoesFileExist" successfully performed. With the following test data "File Path: "SteeringCompanyAPI_TestData/SteeringCompanyAPI_TestData.xlsx"".
2023-02-07 10:58:04.762 &amp#27;[32m INFO&amp#27;[m &amp#27;[35m[@503 - main]&amp#27;[m &amp#27;[36mcom.shaft.tools.io.ReportManager&amp#27;[m : Successfully created attachment "Test Data - Excel"
2023-02-07 10:58:05.384 &amp#27;[32m INFO&amp#27;[m &amp#27;[35m[@503 - main]&amp#27;[m &amp#27;[36mcom.shaft.tools.io.ReportManager&amp#27;[m : Response status code: "200", status line: "HTTP/1.1 200 OK"
2023-02-07 10:58:05.407 &amp#27;[32m INFO&amp#27;[m &amp#27;[35m[@503 - main]&amp#27;[m &amp#27;[36mcom.shaft.tools.io.ReportManager&amp#27;[m : Successfully created attachment "API Request - Specifications"
2023-02-07 10:58:05.408 &amp#27;[32m INFO&amp#27;[m &amp#27;[35m[@503 - main]&amp#27;[m &amp#27;[36mcom.shaft.tools.io.ReportManager&amp#27;[m : Successfully created attachment "API Request - Body"
2023-02-07 10:58:05.414 &amp#27;[32m INFO&amp#27;[m &amp#27;[35m[@503 - main]&amp#27;[m &amp#27;[36mcom.shaft.tools.io.ReportManager&amp#27;[m : Successfully created attachment "API Response - JSON Body"
2023-02-07 10:58:05.433 &amp#27;[32m INFO&amp#27;[m &amp#27;[35m[@503 - main]&amp#27;[m &amp#27;[36mcom.shaft.tools.io.ReportManager&amp#27;[m : File Action "DoesFileExist" successfully performed. With the following test data "File Path: "SteeringCompanyAPI_TestData/SteeringCompanyAPI_TestData.xlsx"".
2023-02-07 10:58:05.482 &amp#27;[32m INFO&amp#27;[m &amp#27;[35m[@503 - main]&amp#27;[m &amp#27;[36mcom.shaft.tools.io.ReportManager&amp#27;[m : Successfully created attachment "Test Data - Excel"
2023-02-07 10:58:05.483 &amp#27;[32m INFO&amp#27;[m &amp#27;[35m[@503 - main]&amp#27;[m &amp#27;[36mcom.shaft.tools.io.ReportManager&amp#27;[m : File Action "DoesFileExist" successfully performed. With the following test data "File Path: "SteeringCompanyAPI_TestData/SteeringCompanyAPI_TestData.xlsx"".
2023-02-07 10:58:05.514 &amp#27;[32m INFO&amp#27;[m &amp#27;[35m[@503 - main]&amp#27;[m &amp#27;[36mcom.shaft.tools.io.ReportManager&amp#27;[m : Successfully created attachment "Test Data - Excel"
2023-02-07 10:58:05.514 &amp#27;[32m INFO&amp#27;[m &amp#27;[35m[@503 - main]&amp#27;[m &amp#27;[36mcom.shaft.tools.io.ReportManager&amp#27;[m : File Action "DoesFileExist" successfully performed. With the following test data "File Path: "SteeringCompanyAPI_TestData/SteeringCompanyAPI_TestData.xlsx"".
2023-02-07 10:58:05.540 &amp#27;[32m INFO&amp#27;[m &amp#27;[35m[@503 - main]&amp#27;[m &amp#27;[36mcom.shaft.tools.io.ReportManager&amp#27;[m : Successfully created attachment "Test Data - Excel"
2023-02-07 10:58:06.065 &amp#27;[32m INFO&amp#27;[m &amp#27;[35m[@503 - main]&amp#27;[m &amp#27;[36mcom.shaft.tools.io.ReportManager&amp#27;[m : Response status code: "422", status line: "HTTP/1.1 422 "
2023-02-07 10:58:06.744 &amp#27;[32m INFO&amp#27;[m &amp#27;[35m[@503 - main]&amp#27;[m &amp#27;[36mcom.shaft.tools.io.ReportManager&amp#27;[m : Successfully created attachment "API Request - Specifications"
2023-02-07 10:58:06.748 &amp#27;[32m INFO&amp#27;[m &amp#27;[35m[@503 - main]&amp#27;[m &amp#27;[36mcom.shaft.tools.io.ReportManager&amp#27;[m : Successfully created attachment "API Request - JSON Body"
2023-02-07 10:58:06.748 &amp#27;[32m INFO&amp#27;[m &amp#27;[35m[@503 - main]&amp#27;[m &amp#27;[36mcom.shaft.tools.io.ReportManager&amp#27;[m : Successfully created attachment "API Response - JSON Body"
2023-02-07 10:58:06.751 &amp#27;[32m INFO&amp#27;[m &amp#27;[35m[@503 - main]&amp#27;[m &amp#27;[36mcom.shaft.tools.io.ReportManager&amp#27;[m : File Action "DoesFileExist" successfully performed. With the following test data "File Path: "Schemas/ValidationError_schema.json"".
2023-02-07 10:58:06.751 &amp#27;[32m INFO&amp#27;[m &amp#27;[35m[@503 - main]&amp#27;[m &amp#27;[36mcom.shaft.tools.io.ReportManager&amp#27;[m : File Action "DoesFileExist" successfully performed. With the following test data "File Path: "src/test/resources/testDataFiles/Schemas/ValidationError_schema.json"".
2023-02-07 10:58:06.751 &amp#27;[32m INFO&amp#27;[m &amp#27;[35m[@503 - main]&amp#27;[m &amp#27;[36mcom.shaft.tools.io.ReportManager&amp#27;[m : File Action "GetAbsolutePath" successfully performed. With the following test data "Relative Folder Path: "src/test/resources/testDataFiles/Schemas/ValidationError_schema.json"".
2023-02-07 10:58:06.757 &amp#27;[32m INFO&amp#27;[m &amp#27;[35m[@503 - main]&amp#27;[m &amp#27;[36mcom.shaft.tools.io.ReportManager&amp#27;[m : File Action "DoesFileExist" successfully performed. With the following test data "File Path: "C:\eclipse-workspace\MyProjects\TASystemsAPIs\src\test\resources\testDataFiles\Schemas\ValidationError_schema.json"".
2023-02-07 10:58:06.758 &amp#27;[32m INFO&amp#27;[m &amp#27;[35m[@503 - main]&amp#27;[m &amp#27;[36mcom.shaft.tools.io.ReportManager&amp#27;[m : File Action "GetAbsolutePath" successfully performed. With the following test data "Relative Folder Path: "C:\eclipse-workspace\MyProjects\TASystemsAPIs\src\test\resources\testDataFiles\Schemas\ValidationError_schema.json"".
2023-02-07 10:58:06.758 &amp#27;[32m INFO&amp#27;[m &amp#27;[35m[@503 - main]&amp#27;[m &amp#27;[36mcom.shaft.tools.io.ReportManager&amp#27;[m : File Action "ReadFile" successfully performed. With the following test data "File Path: "C:\eclipse-workspace\MyProjects\TASystemsAPIs\src\test\resources\testDataFiles\Schemas\ValidationError_schema.json"".
2023-02-07 10:58:06.761 &amp#27;[32m INFO&amp#27;[m &amp#27;[35m[@503 - main]&amp#27;[m &amp#27;[36mcom.shaft.tools.io.ReportManager&amp#27;[m : Successfully created attachment "Validation Test Data - Expected JSON Value"
2023-02-07 10:58:06.763 &amp#27;[32m INFO&amp#27;[m &amp#27;[35m[@503 - main]&amp#27;[m &amp#27;[36mcom.shaft.tools.io.ReportManager&amp#27;[m : Successfully created attachment "Validation Test Data - Actual JSON Value"
2023-02-07 10:58:06.766 &amp#27;[32m INFO&amp#27;[m &amp#27;[35m[@503 - main]&amp#27;[m &amp#27;[36mcom.shaft.tools.io.ReportManager&amp#27;[m : Successfully created attachment "SHAFT Engine Logs - Current Method log: Add_Policy_With_InValid_data_TC"
]]></system-out>
  </testcase>
  <testcase name="Add_Policy_With_InValid_data_TC[[Ljava.lang.Object;@41588a96](34)" classname="SteeringCompanyAPI_TestCases.Test_Policies_Cases" time="1.314">
    <system-out><![CDATA[2023-02-07 10:58:06.771 &amp#27;[32m INFO&amp#27;[m &amp#27;[35m[@534 - main]&amp#27;[m &amp#27;[36mcom.shaft.tools.io.ReportManager&amp#27;[m : 
################################################################################################################################################
Starting Execution:	"132 out of 107" test cases in the current suite
Test Method:		"SteeringCompanyAPI_TestCases.Test_Policies_Cases.Add_Policy_With_InValid_data_TC"
Test Description:	"TC052 -Policy- Perform Add Policy with InValid data"
################################################################################################################################################
2023-02-07 10:58:06.772 &amp#27;[32m INFO&amp#27;[m &amp#27;[35m[@503 - main]&amp#27;[m &amp#27;[36mcom.shaft.tools.io.ReportManager&amp#27;[m : File Action "DoesFileExist" successfully performed. With the following test data "File Path: "SteeringCompanyAPI_TestData/SteeringCompanyAPI_TestData.xlsx"".
2023-02-07 10:58:06.803 &amp#27;[32m INFO&amp#27;[m &amp#27;[35m[@503 - main]&amp#27;[m &amp#27;[36mcom.shaft.tools.io.ReportManager&amp#27;[m : Successfully created attachment "Test Data - Excel"
2023-02-07 10:58:07.405 &amp#27;[32m INFO&amp#27;[m &amp#27;[35m[@503 - main]&amp#27;[m &amp#27;[36mcom.shaft.tools.io.ReportManager&amp#27;[m : Response status code: "200", status line: "HTTP/1.1 200 OK"
2023-02-07 10:58:07.424 &amp#27;[32m INFO&amp#27;[m &amp#27;[35m[@503 - main]&amp#27;[m &amp#27;[36mcom.shaft.tools.io.ReportManager&amp#27;[m : Successfully created attachment "API Request - Specifications"
2023-02-07 10:58:07.425 &amp#27;[32m INFO&amp#27;[m &amp#27;[35m[@503 - main]&amp#27;[m &amp#27;[36mcom.shaft.tools.io.ReportManager&amp#27;[m : Successfully created attachment "API Request - Body"
2023-02-07 10:58:07.427 &amp#27;[32m INFO&amp#27;[m &amp#27;[35m[@503 - main]&amp#27;[m &amp#27;[36mcom.shaft.tools.io.ReportManager&amp#27;[m : Successfully created attachment "API Response - JSON Body"
2023-02-07 10:58:07.448 &amp#27;[32m INFO&amp#27;[m &amp#27;[35m[@503 - main]&amp#27;[m &amp#27;[36mcom.shaft.tools.io.ReportManager&amp#27;[m : File Action "DoesFileExist" successfully performed. With the following test data "File Path: "SteeringCompanyAPI_TestData/SteeringCompanyAPI_TestData.xlsx"".
2023-02-07 10:58:07.474 &amp#27;[32m INFO&amp#27;[m &amp#27;[35m[@503 - main]&amp#27;[m &amp#27;[36mcom.shaft.tools.io.ReportManager&amp#27;[m : Successfully created attachment "Test Data - Excel"
2023-02-07 10:58:07.474 &amp#27;[32m INFO&amp#27;[m &amp#27;[35m[@503 - main]&amp#27;[m &amp#27;[36mcom.shaft.tools.io.ReportManager&amp#27;[m : File Action "DoesFileExist" successfully performed. With the following test data "File Path: "SteeringCompanyAPI_TestData/SteeringCompanyAPI_TestData.xlsx"".
2023-02-07 10:58:07.519 &amp#27;[32m INFO&amp#27;[m &amp#27;[35m[@503 - main]&amp#27;[m &amp#27;[36mcom.shaft.tools.io.ReportManager&amp#27;[m : Successfully created attachment "Test Data - Excel"
2023-02-07 10:58:07.519 &amp#27;[32m INFO&amp#27;[m &amp#27;[35m[@503 - main]&amp#27;[m &amp#27;[36mcom.shaft.tools.io.ReportManager&amp#27;[m : File Action "DoesFileExist" successfully performed. With the following test data "File Path: "SteeringCompanyAPI_TestData/SteeringCompanyAPI_TestData.xlsx"".
2023-02-07 10:58:07.550 &amp#27;[32m INFO&amp#27;[m &amp#27;[35m[@503 - main]&amp#27;[m &amp#27;[36mcom.shaft.tools.io.ReportManager&amp#27;[m : Successfully created attachment "Test Data - Excel"
2023-02-07 10:58:08.059 &amp#27;[32m INFO&amp#27;[m &amp#27;[35m[@503 - main]&amp#27;[m &amp#27;[36mcom.shaft.tools.io.ReportManager&amp#27;[m : Response status code: "422", status line: "HTTP/1.1 422 "
2023-02-07 10:58:08.069 &amp#27;[32m INFO&amp#27;[m &amp#27;[35m[@503 - main]&amp#27;[m &amp#27;[36mcom.shaft.tools.io.ReportManager&amp#27;[m : Successfully created attachment "API Request - Specifications"
2023-02-07 10:58:08.070 &amp#27;[32m INFO&amp#27;[m &amp#27;[35m[@503 - main]&amp#27;[m &amp#27;[36mcom.shaft.tools.io.ReportManager&amp#27;[m : Successfully created attachment "API Request - JSON Body"
2023-02-07 10:58:08.071 &amp#27;[32m INFO&amp#27;[m &amp#27;[35m[@503 - main]&amp#27;[m &amp#27;[36mcom.shaft.tools.io.ReportManager&amp#27;[m : Successfully created attachment "API Response - JSON Body"
2023-02-07 10:58:08.072 &amp#27;[32m INFO&amp#27;[m &amp#27;[35m[@503 - main]&amp#27;[m &amp#27;[36mcom.shaft.tools.io.ReportManager&amp#27;[m : File Action "DoesFileExist" successfully performed. With the following test data "File Path: "Schemas/ValidationError_schema.json"".
2023-02-07 10:58:08.073 &amp#27;[32m INFO&amp#27;[m &amp#27;[35m[@503 - main]&amp#27;[m &amp#27;[36mcom.shaft.tools.io.ReportManager&amp#27;[m : File Action "DoesFileExist" successfully performed. With the following test data "File Path: "src/test/resources/testDataFiles/Schemas/ValidationError_schema.json"".
2023-02-07 10:58:08.073 &amp#27;[32m INFO&amp#27;[m &amp#27;[35m[@503 - main]&amp#27;[m &amp#27;[36mcom.shaft.tools.io.ReportManager&amp#27;[m : File Action "GetAbsolutePath" successfully performed. With the following test data "Relative Folder Path: "src/test/resources/testDataFiles/Schemas/ValidationError_schema.json"".
2023-02-07 10:58:08.079 &amp#27;[32m INFO&amp#27;[m &amp#27;[35m[@503 - main]&amp#27;[m &amp#27;[36mcom.shaft.tools.io.ReportManager&amp#27;[m : File Action "DoesFileExist" successfully performed. With the following test data "File Path: "C:\eclipse-workspace\MyProjects\TASystemsAPIs\src\test\resources\testDataFiles\Schemas\ValidationError_schema.json"".
2023-02-07 10:58:08.079 &amp#27;[32m INFO&amp#27;[m &amp#27;[35m[@503 - main]&amp#27;[m &amp#27;[36mcom.shaft.tools.io.ReportManager&amp#27;[m : File Action "GetAbsolutePath" successfully performed. With the following test data "Relative Folder Path: "C:\eclipse-workspace\MyProjects\TASystemsAPIs\src\test\resources\testDataFiles\Schemas\ValidationError_schema.json"".
2023-02-07 10:58:08.080 &amp#27;[32m INFO&amp#27;[m &amp#27;[35m[@503 - main]&amp#27;[m &amp#27;[36mcom.shaft.tools.io.ReportManager&amp#27;[m : File Action "ReadFile" successfully performed. With the following test data "File Path: "C:\eclipse-workspace\MyProjects\TASystemsAPIs\src\test\resources\testDataFiles\Schemas\ValidationError_schema.json"".
2023-02-07 10:58:08.080 &amp#27;[32m INFO&amp#27;[m &amp#27;[35m[@503 - main]&amp#27;[m &amp#27;[36mcom.shaft.tools.io.ReportManager&amp#27;[m : Successfully created attachment "Validation Test Data - Expected JSON Value"
2023-02-07 10:58:08.081 &amp#27;[32m INFO&amp#27;[m &amp#27;[35m[@503 - main]&amp#27;[m &amp#27;[36mcom.shaft.tools.io.ReportManager&amp#27;[m : Successfully created attachment "Validation Test Data - Actual JSON Value"
2023-02-07 10:58:08.082 &amp#27;[32m INFO&amp#27;[m &amp#27;[35m[@503 - main]&amp#27;[m &amp#27;[36mcom.shaft.tools.io.ReportManager&amp#27;[m : Successfully created attachment "SHAFT Engine Logs - Current Method log: Add_Policy_With_InValid_data_TC"
]]></system-out>
  </testcase>
  <testcase name="Add_Policy_With_InValid_data_TC[[Ljava.lang.Object;@56db1b05](35)" classname="SteeringCompanyAPI_TestCases.Test_Policies_Cases" time="1.624">
    <system-out><![CDATA[2023-02-07 10:58:08.087 &amp#27;[32m INFO&amp#27;[m &amp#27;[35m[@534 - main]&amp#27;[m &amp#27;[36mcom.shaft.tools.io.ReportManager&amp#27;[m : 
################################################################################################################################################
Starting Execution:	"133 out of 107" test cases in the current suite
Test Method:		"SteeringCompanyAPI_TestCases.Test_Policies_Cases.Add_Policy_With_InValid_data_TC"
Test Description:	"TC052 -Policy- Perform Add Policy with InValid data"
################################################################################################################################################
2023-02-07 10:58:08.087 &amp#27;[32m INFO&amp#27;[m &amp#27;[35m[@503 - main]&amp#27;[m &amp#27;[36mcom.shaft.tools.io.ReportManager&amp#27;[m : File Action "DoesFileExist" successfully performed. With the following test data "File Path: "SteeringCompanyAPI_TestData/SteeringCompanyAPI_TestData.xlsx"".
2023-02-07 10:58:08.116 &amp#27;[32m INFO&amp#27;[m &amp#27;[35m[@503 - main]&amp#27;[m &amp#27;[36mcom.shaft.tools.io.ReportManager&amp#27;[m : Successfully created attachment "Test Data - Excel"
2023-02-07 10:58:08.965 &amp#27;[32m INFO&amp#27;[m &amp#27;[35m[@503 - main]&amp#27;[m &amp#27;[36mcom.shaft.tools.io.ReportManager&amp#27;[m : Response status code: "200", status line: "HTTP/1.1 200 OK"
2023-02-07 10:58:08.982 &amp#27;[32m INFO&amp#27;[m &amp#27;[35m[@503 - main]&amp#27;[m &amp#27;[36mcom.shaft.tools.io.ReportManager&amp#27;[m : Successfully created attachment "API Request - Specifications"
2023-02-07 10:58:08.983 &amp#27;[32m INFO&amp#27;[m &amp#27;[35m[@503 - main]&amp#27;[m &amp#27;[36mcom.shaft.tools.io.ReportManager&amp#27;[m : Successfully created attachment "API Request - Body"
2023-02-07 10:58:08.985 &amp#27;[32m INFO&amp#27;[m &amp#27;[35m[@503 - main]&amp#27;[m &amp#27;[36mcom.shaft.tools.io.ReportManager&amp#27;[m : Successfully created attachment "API Response - JSON Body"
2023-02-07 10:58:08.998 &amp#27;[32m INFO&amp#27;[m &amp#27;[35m[@503 - main]&amp#27;[m &amp#27;[36mcom.shaft.tools.io.ReportManager&amp#27;[m : File Action "DoesFileExist" successfully performed. With the following test data "File Path: "SteeringCompanyAPI_TestData/SteeringCompanyAPI_TestData.xlsx"".
2023-02-07 10:58:09.042 &amp#27;[32m INFO&amp#27;[m &amp#27;[35m[@503 - main]&amp#27;[m &amp#27;[36mcom.shaft.tools.io.ReportManager&amp#27;[m : Successfully created attachment "Test Data - Excel"
2023-02-07 10:58:09.042 &amp#27;[32m INFO&amp#27;[m &amp#27;[35m[@503 - main]&amp#27;[m &amp#27;[36mcom.shaft.tools.io.ReportManager&amp#27;[m : File Action "DoesFileExist" successfully performed. With the following test data "File Path: "SteeringCompanyAPI_TestData/SteeringCompanyAPI_TestData.xlsx"".
2023-02-07 10:58:09.079 &amp#27;[32m INFO&amp#27;[m &amp#27;[35m[@503 - main]&amp#27;[m &amp#27;[36mcom.shaft.tools.io.ReportManager&amp#27;[m : Successfully created attachment "Test Data - Excel"
2023-02-07 10:58:09.079 &amp#27;[32m INFO&amp#27;[m &amp#27;[35m[@503 - main]&amp#27;[m &amp#27;[36mcom.shaft.tools.io.ReportManager&amp#27;[m : File Action "DoesFileExist" successfully performed. With the following test data "File Path: "SteeringCompanyAPI_TestData/SteeringCompanyAPI_TestData.xlsx"".
2023-02-07 10:58:09.109 &amp#27;[32m INFO&amp#27;[m &amp#27;[35m[@503 - main]&amp#27;[m &amp#27;[36mcom.shaft.tools.io.ReportManager&amp#27;[m : Successfully created attachment "Test Data - Excel"
2023-02-07 10:58:09.673 &amp#27;[32m INFO&amp#27;[m &amp#27;[35m[@503 - main]&amp#27;[m &amp#27;[36mcom.shaft.tools.io.ReportManager&amp#27;[m : Response status code: "422", status line: "HTTP/1.1 422 "
2023-02-07 10:58:09.691 &amp#27;[32m INFO&amp#27;[m &amp#27;[35m[@503 - main]&amp#27;[m &amp#27;[36mcom.shaft.tools.io.ReportManager&amp#27;[m : Successfully created attachment "API Request - Specifications"
2023-02-07 10:58:09.693 &amp#27;[32m INFO&amp#27;[m &amp#27;[35m[@503 - main]&amp#27;[m &amp#27;[36mcom.shaft.tools.io.ReportManager&amp#27;[m : Successfully created attachment "API Request - JSON Body"
2023-02-07 10:58:09.695 &amp#27;[32m INFO&amp#27;[m &amp#27;[35m[@503 - main]&amp#27;[m &amp#27;[36mcom.shaft.tools.io.ReportManager&amp#27;[m : Successfully created attachment "API Response - JSON Body"
2023-02-07 10:58:09.697 &amp#27;[32m INFO&amp#27;[m &amp#27;[35m[@503 - main]&amp#27;[m &amp#27;[36mcom.shaft.tools.io.ReportManager&amp#27;[m : File Action "DoesFileExist" successfully performed. With the following test data "File Path: "Schemas/ValidationError_schema.json"".
2023-02-07 10:58:09.698 &amp#27;[32m INFO&amp#27;[m &amp#27;[35m[@503 - main]&amp#27;[m &amp#27;[36mcom.shaft.tools.io.ReportManager&amp#27;[m : File Action "DoesFileExist" successfully performed. With the following test data "File Path: "src/test/resources/testDataFiles/Schemas/ValidationError_schema.json"".
2023-02-07 10:58:09.698 &amp#27;[32m INFO&amp#27;[m &amp#27;[35m[@503 - main]&amp#27;[m &amp#27;[36mcom.shaft.tools.io.ReportManager&amp#27;[m : File Action "GetAbsolutePath" successfully performed. With the following test data "Relative Folder Path: "src/test/resources/testDataFiles/Schemas/ValidationError_schema.json"".
2023-02-07 10:58:09.702 &amp#27;[32m INFO&amp#27;[m &amp#27;[35m[@503 - main]&amp#27;[m &amp#27;[36mcom.shaft.tools.io.ReportManager&amp#27;[m : File Action "DoesFileExist" successfully performed. With the following test data "File Path: "C:\eclipse-workspace\MyProjects\TASystemsAPIs\src\test\resources\testDataFiles\Schemas\ValidationError_schema.json"".
2023-02-07 10:58:09.703 &amp#27;[32m INFO&amp#27;[m &amp#27;[35m[@503 - main]&amp#27;[m &amp#27;[36mcom.shaft.tools.io.ReportManager&amp#27;[m : File Action "GetAbsolutePath" successfully performed. With the following test data "Relative Folder Path: "C:\eclipse-workspace\MyProjects\TASystemsAPIs\src\test\resources\testDataFiles\Schemas\ValidationError_schema.json"".
2023-02-07 10:58:09.703 &amp#27;[32m INFO&amp#27;[m &amp#27;[35m[@503 - main]&amp#27;[m &amp#27;[36mcom.shaft.tools.io.ReportManager&amp#27;[m : File Action "ReadFile" successfully performed. With the following test data "File Path: "C:\eclipse-workspace\MyProjects\TASystemsAPIs\src\test\resources\testDataFiles\Schemas\ValidationError_schema.json"".
2023-02-07 10:58:09.705 &amp#27;[32m INFO&amp#27;[m &amp#27;[35m[@503 - main]&amp#27;[m &amp#27;[36mcom.shaft.tools.io.ReportManager&amp#27;[m : Successfully created attachment "Validation Test Data - Expected JSON Value"
2023-02-07 10:58:09.706 &amp#27;[32m INFO&amp#27;[m &amp#27;[35m[@503 - main]&amp#27;[m &amp#27;[36mcom.shaft.tools.io.ReportManager&amp#27;[m : Successfully created attachment "Validation Test Data - Actual JSON Value"
2023-02-07 10:58:09.707 &amp#27;[32m INFO&amp#27;[m &amp#27;[35m[@503 - main]&amp#27;[m &amp#27;[36mcom.shaft.tools.io.ReportManager&amp#27;[m : Successfully created attachment "SHAFT Engine Logs - Current Method log: Add_Policy_With_InValid_data_TC"
]]></system-out>
  </testcase>
  <testcase name="Add_Policy_With_InValid_data_TC[[Ljava.lang.Object;@41a421dd](36)" classname="SteeringCompanyAPI_TestCases.Test_Policies_Cases" time="2.669">
    <system-out><![CDATA[2023-02-07 10:58:09.709 &amp#27;[32m INFO&amp#27;[m &amp#27;[35m[@534 - main]&amp#27;[m &amp#27;[36mcom.shaft.tools.io.ReportManager&amp#27;[m : 
################################################################################################################################################
Starting Execution:	"134 out of 107" test cases in the current suite
Test Method:		"SteeringCompanyAPI_TestCases.Test_Policies_Cases.Add_Policy_With_InValid_data_TC"
Test Description:	"TC052 -Policy- Perform Add Policy with InValid data"
################################################################################################################################################
2023-02-07 10:58:09.709 &amp#27;[32m INFO&amp#27;[m &amp#27;[35m[@503 - main]&amp#27;[m &amp#27;[36mcom.shaft.tools.io.ReportManager&amp#27;[m : File Action "DoesFileExist" successfully performed. With the following test data "File Path: "SteeringCompanyAPI_TestData/SteeringCompanyAPI_TestData.xlsx"".
2023-02-07 10:58:09.740 &amp#27;[32m INFO&amp#27;[m &amp#27;[35m[@503 - main]&amp#27;[m &amp#27;[36mcom.shaft.tools.io.ReportManager&amp#27;[m : Successfully created attachment "Test Data - Excel"
2023-02-07 10:58:10.382 &amp#27;[32m INFO&amp#27;[m &amp#27;[35m[@503 - main]&amp#27;[m &amp#27;[36mcom.shaft.tools.io.ReportManager&amp#27;[m : Response status code: "200", status line: "HTTP/1.1 200 OK"
2023-02-07 10:58:10.401 &amp#27;[32m INFO&amp#27;[m &amp#27;[35m[@503 - main]&amp#27;[m &amp#27;[36mcom.shaft.tools.io.ReportManager&amp#27;[m : Successfully created attachment "API Request - Specifications"
2023-02-07 10:58:10.402 &amp#27;[32m INFO&amp#27;[m &amp#27;[35m[@503 - main]&amp#27;[m &amp#27;[36mcom.shaft.tools.io.ReportManager&amp#27;[m : Successfully created attachment "API Request - Body"
2023-02-07 10:58:10.403 &amp#27;[32m INFO&amp#27;[m &amp#27;[35m[@503 - main]&amp#27;[m &amp#27;[36mcom.shaft.tools.io.ReportManager&amp#27;[m : Successfully created attachment "API Response - JSON Body"
2023-02-07 10:58:10.417 &amp#27;[32m INFO&amp#27;[m &amp#27;[35m[@503 - main]&amp#27;[m &amp#27;[36mcom.shaft.tools.io.ReportManager&amp#27;[m : File Action "DoesFileExist" successfully performed. With the following test data "File Path: "SteeringCompanyAPI_TestData/SteeringCompanyAPI_TestData.xlsx"".
2023-02-07 10:58:10.451 &amp#27;[32m INFO&amp#27;[m &amp#27;[35m[@503 - main]&amp#27;[m &amp#27;[36mcom.shaft.tools.io.ReportManager&amp#27;[m : Successfully created attachment "Test Data - Excel"
2023-02-07 10:58:10.451 &amp#27;[32m INFO&amp#27;[m &amp#27;[35m[@503 - main]&amp#27;[m &amp#27;[36mcom.shaft.tools.io.ReportManager&amp#27;[m : File Action "DoesFileExist" successfully performed. With the following test data "File Path: "SteeringCompanyAPI_TestData/SteeringCompanyAPI_TestData.xlsx"".
2023-02-07 10:58:10.473 &amp#27;[32m INFO&amp#27;[m &amp#27;[35m[@503 - main]&amp#27;[m &amp#27;[36mcom.shaft.tools.io.ReportManager&amp#27;[m : Successfully created attachment "Test Data - Excel"
2023-02-07 10:58:10.475 &amp#27;[32m INFO&amp#27;[m &amp#27;[35m[@503 - main]&amp#27;[m &amp#27;[36mcom.shaft.tools.io.ReportManager&amp#27;[m : File Action "DoesFileExist" successfully performed. With the following test data "File Path: "SteeringCompanyAPI_TestData/SteeringCompanyAPI_TestData.xlsx"".
2023-02-07 10:58:10.501 &amp#27;[32m INFO&amp#27;[m &amp#27;[35m[@503 - main]&amp#27;[m &amp#27;[36mcom.shaft.tools.io.ReportManager&amp#27;[m : Successfully created attachment "Test Data - Excel"
2023-02-07 10:58:12.214 &amp#27;[32m INFO&amp#27;[m &amp#27;[35m[@503 - main]&amp#27;[m &amp#27;[36mcom.shaft.tools.io.ReportManager&amp#27;[m : Response status code: "422", status line: "HTTP/1.1 422 "
2023-02-07 10:58:12.356 &amp#27;[32m INFO&amp#27;[m &amp#27;[35m[@503 - main]&amp#27;[m &amp#27;[36mcom.shaft.tools.io.ReportManager&amp#27;[m : Successfully created attachment "API Request - Specifications"
2023-02-07 10:58:12.357 &amp#27;[32m INFO&amp#27;[m &amp#27;[35m[@503 - main]&amp#27;[m &amp#27;[36mcom.shaft.tools.io.ReportManager&amp#27;[m : Successfully created attachment "API Request - JSON Body"
2023-02-07 10:58:12.362 &amp#27;[32m INFO&amp#27;[m &amp#27;[35m[@503 - main]&amp#27;[m &amp#27;[36mcom.shaft.tools.io.ReportManager&amp#27;[m : Successfully created attachment "API Response - JSON Body"
2023-02-07 10:58:12.364 &amp#27;[32m INFO&amp#27;[m &amp#27;[35m[@503 - main]&amp#27;[m &amp#27;[36mcom.shaft.tools.io.ReportManager&amp#27;[m : File Action "DoesFileExist" successfully performed. With the following test data "File Path: "Schemas/ValidationError_schema.json"".
2023-02-07 10:58:12.365 &amp#27;[32m INFO&amp#27;[m &amp#27;[35m[@503 - main]&amp#27;[m &amp#27;[36mcom.shaft.tools.io.ReportManager&amp#27;[m : File Action "DoesFileExist" successfully performed. With the following test data "File Path: "src/test/resources/testDataFiles/Schemas/ValidationError_schema.json"".
2023-02-07 10:58:12.365 &amp#27;[32m INFO&amp#27;[m &amp#27;[35m[@503 - main]&amp#27;[m &amp#27;[36mcom.shaft.tools.io.ReportManager&amp#27;[m : File Action "GetAbsolutePath" successfully performed. With the following test data "Relative Folder Path: "src/test/resources/testDataFiles/Schemas/ValidationError_schema.json"".
2023-02-07 10:58:12.370 &amp#27;[32m INFO&amp#27;[m &amp#27;[35m[@503 - main]&amp#27;[m &amp#27;[36mcom.shaft.tools.io.ReportManager&amp#27;[m : File Action "DoesFileExist" successfully performed. With the following test data "File Path: "C:\eclipse-workspace\MyProjects\TASystemsAPIs\src\test\resources\testDataFiles\Schemas\ValidationError_schema.json"".
2023-02-07 10:58:12.370 &amp#27;[32m INFO&amp#27;[m &amp#27;[35m[@503 - main]&amp#27;[m &amp#27;[36mcom.shaft.tools.io.ReportManager&amp#27;[m : File Action "GetAbsolutePath" successfully performed. With the following test data "Relative Folder Path: "C:\eclipse-workspace\MyProjects\TASystemsAPIs\src\test\resources\testDataFiles\Schemas\ValidationError_schema.json"".
2023-02-07 10:58:12.371 &amp#27;[32m INFO&amp#27;[m &amp#27;[35m[@503 - main]&amp#27;[m &amp#27;[36mcom.shaft.tools.io.ReportManager&amp#27;[m : File Action "ReadFile" successfully performed. With the following test data "File Path: "C:\eclipse-workspace\MyProjects\TASystemsAPIs\src\test\resources\testDataFiles\Schemas\ValidationError_schema.json"".
2023-02-07 10:58:12.373 &amp#27;[32m INFO&amp#27;[m &amp#27;[35m[@503 - main]&amp#27;[m &amp#27;[36mcom.shaft.tools.io.ReportManager&amp#27;[m : Successfully created attachment "Validation Test Data - Expected JSON Value"
2023-02-07 10:58:12.373 &amp#27;[32m INFO&amp#27;[m &amp#27;[35m[@503 - main]&amp#27;[m &amp#27;[36mcom.shaft.tools.io.ReportManager&amp#27;[m : Successfully created attachment "Validation Test Data - Actual JSON Value"
2023-02-07 10:58:12.374 &amp#27;[32m INFO&amp#27;[m &amp#27;[35m[@503 - main]&amp#27;[m &amp#27;[36mcom.shaft.tools.io.ReportManager&amp#27;[m : Successfully created attachment "SHAFT Engine Logs - Current Method log: Add_Policy_With_InValid_data_TC"
]]></system-out>
  </testcase>
  <testcase name="Add_Policy_With_InValid_data_TC[[Ljava.lang.Object;@54e06eeb](37)" classname="SteeringCompanyAPI_TestCases.Test_Policies_Cases" time="1.533">
    <system-out><![CDATA[2023-02-07 10:58:12.378 &amp#27;[32m INFO&amp#27;[m &amp#27;[35m[@534 - main]&amp#27;[m &amp#27;[36mcom.shaft.tools.io.ReportManager&amp#27;[m : 
################################################################################################################################################
Starting Execution:	"135 out of 107" test cases in the current suite
Test Method:		"SteeringCompanyAPI_TestCases.Test_Policies_Cases.Add_Policy_With_InValid_data_TC"
Test Description:	"TC052 -Policy- Perform Add Policy with InValid data"
################################################################################################################################################
2023-02-07 10:58:12.379 &amp#27;[32m INFO&amp#27;[m &amp#27;[35m[@503 - main]&amp#27;[m &amp#27;[36mcom.shaft.tools.io.ReportManager&amp#27;[m : File Action "DoesFileExist" successfully performed. With the following test data "File Path: "SteeringCompanyAPI_TestData/SteeringCompanyAPI_TestData.xlsx"".
2023-02-07 10:58:12.426 &amp#27;[32m INFO&amp#27;[m &amp#27;[35m[@503 - main]&amp#27;[m &amp#27;[36mcom.shaft.tools.io.ReportManager&amp#27;[m : Successfully created attachment "Test Data - Excel"
2023-02-07 10:58:13.245 &amp#27;[32m INFO&amp#27;[m &amp#27;[35m[@503 - main]&amp#27;[m &amp#27;[36mcom.shaft.tools.io.ReportManager&amp#27;[m : Response status code: "200", status line: "HTTP/1.1 200 OK"
2023-02-07 10:58:13.260 &amp#27;[32m INFO&amp#27;[m &amp#27;[35m[@503 - main]&amp#27;[m &amp#27;[36mcom.shaft.tools.io.ReportManager&amp#27;[m : Successfully created attachment "API Request - Specifications"
2023-02-07 10:58:13.261 &amp#27;[32m INFO&amp#27;[m &amp#27;[35m[@503 - main]&amp#27;[m &amp#27;[36mcom.shaft.tools.io.ReportManager&amp#27;[m : Successfully created attachment "API Request - Body"
2023-02-07 10:58:13.261 &amp#27;[32m INFO&amp#27;[m &amp#27;[35m[@503 - main]&amp#27;[m &amp#27;[36mcom.shaft.tools.io.ReportManager&amp#27;[m : Successfully created attachment "API Response - JSON Body"
2023-02-07 10:58:13.270 &amp#27;[32m INFO&amp#27;[m &amp#27;[35m[@503 - main]&amp#27;[m &amp#27;[36mcom.shaft.tools.io.ReportManager&amp#27;[m : File Action "DoesFileExist" successfully performed. With the following test data "File Path: "SteeringCompanyAPI_TestData/SteeringCompanyAPI_TestData.xlsx"".
2023-02-07 10:58:13.289 &amp#27;[32m INFO&amp#27;[m &amp#27;[35m[@503 - main]&amp#27;[m &amp#27;[36mcom.shaft.tools.io.ReportManager&amp#27;[m : Successfully created attachment "Test Data - Excel"
2023-02-07 10:58:13.290 &amp#27;[32m INFO&amp#27;[m &amp#27;[35m[@503 - main]&amp#27;[m &amp#27;[36mcom.shaft.tools.io.ReportManager&amp#27;[m : File Action "DoesFileExist" successfully performed. With the following test data "File Path: "SteeringCompanyAPI_TestData/SteeringCompanyAPI_TestData.xlsx"".
2023-02-07 10:58:13.314 &amp#27;[32m INFO&amp#27;[m &amp#27;[35m[@503 - main]&amp#27;[m &amp#27;[36mcom.shaft.tools.io.ReportManager&amp#27;[m : Successfully created attachment "Test Data - Excel"
2023-02-07 10:58:13.314 &amp#27;[32m INFO&amp#27;[m &amp#27;[35m[@503 - main]&amp#27;[m &amp#27;[36mcom.shaft.tools.io.ReportManager&amp#27;[m : File Action "DoesFileExist" successfully performed. With the following test data "File Path: "SteeringCompanyAPI_TestData/SteeringCompanyAPI_TestData.xlsx"".
2023-02-07 10:58:13.350 &amp#27;[32m INFO&amp#27;[m &amp#27;[35m[@503 - main]&amp#27;[m &amp#27;[36mcom.shaft.tools.io.ReportManager&amp#27;[m : Successfully created attachment "Test Data - Excel"
2023-02-07 10:58:13.869 &amp#27;[32m INFO&amp#27;[m &amp#27;[35m[@503 - main]&amp#27;[m &amp#27;[36mcom.shaft.tools.io.ReportManager&amp#27;[m : Response status code: "422", status line: "HTTP/1.1 422 "
2023-02-07 10:58:13.889 &amp#27;[32m INFO&amp#27;[m &amp#27;[35m[@503 - main]&amp#27;[m &amp#27;[36mcom.shaft.tools.io.ReportManager&amp#27;[m : Successfully created attachment "API Request - Specifications"
2023-02-07 10:58:13.892 &amp#27;[32m INFO&amp#27;[m &amp#27;[35m[@503 - main]&amp#27;[m &amp#27;[36mcom.shaft.tools.io.ReportManager&amp#27;[m : Successfully created attachment "API Request - JSON Body"
2023-02-07 10:58:13.895 &amp#27;[32m INFO&amp#27;[m &amp#27;[35m[@503 - main]&amp#27;[m &amp#27;[36mcom.shaft.tools.io.ReportManager&amp#27;[m : Successfully created attachment "API Response - JSON Body"
2023-02-07 10:58:13.896 &amp#27;[32m INFO&amp#27;[m &amp#27;[35m[@503 - main]&amp#27;[m &amp#27;[36mcom.shaft.tools.io.ReportManager&amp#27;[m : File Action "DoesFileExist" successfully performed. With the following test data "File Path: "Schemas/ValidationError_schema.json"".
2023-02-07 10:58:13.896 &amp#27;[32m INFO&amp#27;[m &amp#27;[35m[@503 - main]&amp#27;[m &amp#27;[36mcom.shaft.tools.io.ReportManager&amp#27;[m : File Action "DoesFileExist" successfully performed. With the following test data "File Path: "src/test/resources/testDataFiles/Schemas/ValidationError_schema.json"".
2023-02-07 10:58:13.896 &amp#27;[32m INFO&amp#27;[m &amp#27;[35m[@503 - main]&amp#27;[m &amp#27;[36mcom.shaft.tools.io.ReportManager&amp#27;[m : File Action "GetAbsolutePath" successfully performed. With the following test data "Relative Folder Path: "src/test/resources/testDataFiles/Schemas/ValidationError_schema.json"".
2023-02-07 10:58:13.901 &amp#27;[32m INFO&amp#27;[m &amp#27;[35m[@503 - main]&amp#27;[m &amp#27;[36mcom.shaft.tools.io.ReportManager&amp#27;[m : File Action "DoesFileExist" successfully performed. With the following test data "File Path: "C:\eclipse-workspace\MyProjects\TASystemsAPIs\src\test\resources\testDataFiles\Schemas\ValidationError_schema.json"".
2023-02-07 10:58:13.901 &amp#27;[32m INFO&amp#27;[m &amp#27;[35m[@503 - main]&amp#27;[m &amp#27;[36mcom.shaft.tools.io.ReportManager&amp#27;[m : File Action "GetAbsolutePath" successfully performed. With the following test data "Relative Folder Path: "C:\eclipse-workspace\MyProjects\TASystemsAPIs\src\test\resources\testDataFiles\Schemas\ValidationError_schema.json"".
2023-02-07 10:58:13.902 &amp#27;[32m INFO&amp#27;[m &amp#27;[35m[@503 - main]&amp#27;[m &amp#27;[36mcom.shaft.tools.io.ReportManager&amp#27;[m : File Action "ReadFile" successfully performed. With the following test data "File Path: "C:\eclipse-workspace\MyProjects\TASystemsAPIs\src\test\resources\testDataFiles\Schemas\ValidationError_schema.json"".
2023-02-07 10:58:13.904 &amp#27;[32m INFO&amp#27;[m &amp#27;[35m[@503 - main]&amp#27;[m &amp#27;[36mcom.shaft.tools.io.ReportManager&amp#27;[m : Successfully created attachment "Validation Test Data - Expected JSON Value"
2023-02-07 10:58:13.906 &amp#27;[32m INFO&amp#27;[m &amp#27;[35m[@503 - main]&amp#27;[m &amp#27;[36mcom.shaft.tools.io.ReportManager&amp#27;[m : Successfully created attachment "Validation Test Data - Actual JSON Value"
2023-02-07 10:58:13.908 &amp#27;[32m INFO&amp#27;[m &amp#27;[35m[@503 - main]&amp#27;[m &amp#27;[36mcom.shaft.tools.io.ReportManager&amp#27;[m : Successfully created attachment "SHAFT Engine Logs - Current Method log: Add_Policy_With_InValid_data_TC"
]]></system-out>
  </testcase>
  <testcase name="Add_Policy_With_InValid_data_TC[[Ljava.lang.Object;@3c9c0c21](38)" classname="SteeringCompanyAPI_TestCases.Test_Policies_Cases" time="1.629">
    <system-out><![CDATA[2023-02-07 10:58:13.913 &amp#27;[32m INFO&amp#27;[m &amp#27;[35m[@534 - main]&amp#27;[m &amp#27;[36mcom.shaft.tools.io.ReportManager&amp#27;[m : 
################################################################################################################################################
Starting Execution:	"136 out of 107" test cases in the current suite
Test Method:		"SteeringCompanyAPI_TestCases.Test_Policies_Cases.Add_Policy_With_InValid_data_TC"
Test Description:	"TC052 -Policy- Perform Add Policy with InValid data"
################################################################################################################################################
2023-02-07 10:58:13.913 &amp#27;[32m INFO&amp#27;[m &amp#27;[35m[@503 - main]&amp#27;[m &amp#27;[36mcom.shaft.tools.io.ReportManager&amp#27;[m : File Action "DoesFileExist" successfully performed. With the following test data "File Path: "SteeringCompanyAPI_TestData/SteeringCompanyAPI_TestData.xlsx"".
2023-02-07 10:58:13.957 &amp#27;[32m INFO&amp#27;[m &amp#27;[35m[@503 - main]&amp#27;[m &amp#27;[36mcom.shaft.tools.io.ReportManager&amp#27;[m : Successfully created attachment "Test Data - Excel"
2023-02-07 10:58:14.587 &amp#27;[32m INFO&amp#27;[m &amp#27;[35m[@503 - main]&amp#27;[m &amp#27;[36mcom.shaft.tools.io.ReportManager&amp#27;[m : Response status code: "200", status line: "HTTP/1.1 200 OK"
2023-02-07 10:58:14.617 &amp#27;[32m INFO&amp#27;[m &amp#27;[35m[@503 - main]&amp#27;[m &amp#27;[36mcom.shaft.tools.io.ReportManager&amp#27;[m : Successfully created attachment "API Request - Specifications"
2023-02-07 10:58:14.618 &amp#27;[32m INFO&amp#27;[m &amp#27;[35m[@503 - main]&amp#27;[m &amp#27;[36mcom.shaft.tools.io.ReportManager&amp#27;[m : Successfully created attachment "API Request - Body"
2023-02-07 10:58:14.619 &amp#27;[32m INFO&amp#27;[m &amp#27;[35m[@503 - main]&amp#27;[m &amp#27;[36mcom.shaft.tools.io.ReportManager&amp#27;[m : Successfully created attachment "API Response - JSON Body"
2023-02-07 10:58:14.635 &amp#27;[32m INFO&amp#27;[m &amp#27;[35m[@503 - main]&amp#27;[m &amp#27;[36mcom.shaft.tools.io.ReportManager&amp#27;[m : File Action "DoesFileExist" successfully performed. With the following test data "File Path: "SteeringCompanyAPI_TestData/SteeringCompanyAPI_TestData.xlsx"".
2023-02-07 10:58:14.683 &amp#27;[32m INFO&amp#27;[m &amp#27;[35m[@503 - main]&amp#27;[m &amp#27;[36mcom.shaft.tools.io.ReportManager&amp#27;[m : Successfully created attachment "Test Data - Excel"
2023-02-07 10:58:14.684 &amp#27;[32m INFO&amp#27;[m &amp#27;[35m[@503 - main]&amp#27;[m &amp#27;[36mcom.shaft.tools.io.ReportManager&amp#27;[m : File Action "DoesFileExist" successfully performed. With the following test data "File Path: "SteeringCompanyAPI_TestData/SteeringCompanyAPI_TestData.xlsx"".
2023-02-07 10:58:14.729 &amp#27;[32m INFO&amp#27;[m &amp#27;[35m[@503 - main]&amp#27;[m &amp#27;[36mcom.shaft.tools.io.ReportManager&amp#27;[m : Successfully created attachment "Test Data - Excel"
2023-02-07 10:58:14.730 &amp#27;[32m INFO&amp#27;[m &amp#27;[35m[@503 - main]&amp#27;[m &amp#27;[36mcom.shaft.tools.io.ReportManager&amp#27;[m : File Action "DoesFileExist" successfully performed. With the following test data "File Path: "SteeringCompanyAPI_TestData/SteeringCompanyAPI_TestData.xlsx"".
2023-02-07 10:58:14.789 &amp#27;[32m INFO&amp#27;[m &amp#27;[35m[@503 - main]&amp#27;[m &amp#27;[36mcom.shaft.tools.io.ReportManager&amp#27;[m : Successfully created attachment "Test Data - Excel"
2023-02-07 10:58:15.489 &amp#27;[32m INFO&amp#27;[m &amp#27;[35m[@503 - main]&amp#27;[m &amp#27;[36mcom.shaft.tools.io.ReportManager&amp#27;[m : Response status code: "422", status line: "HTTP/1.1 422 "
2023-02-07 10:58:15.516 &amp#27;[32m INFO&amp#27;[m &amp#27;[35m[@503 - main]&amp#27;[m &amp#27;[36mcom.shaft.tools.io.ReportManager&amp#27;[m : Successfully created attachment "API Request - Specifications"
2023-02-07 10:58:15.518 &amp#27;[32m INFO&amp#27;[m &amp#27;[35m[@503 - main]&amp#27;[m &amp#27;[36mcom.shaft.tools.io.ReportManager&amp#27;[m : Successfully created attachment "API Request - JSON Body"
2023-02-07 10:58:15.520 &amp#27;[32m INFO&amp#27;[m &amp#27;[35m[@503 - main]&amp#27;[m &amp#27;[36mcom.shaft.tools.io.ReportManager&amp#27;[m : Successfully created attachment "API Response - JSON Body"
2023-02-07 10:58:15.522 &amp#27;[32m INFO&amp#27;[m &amp#27;[35m[@503 - main]&amp#27;[m &amp#27;[36mcom.shaft.tools.io.ReportManager&amp#27;[m : File Action "DoesFileExist" successfully performed. With the following test data "File Path: "Schemas/ValidationError_schema.json"".
2023-02-07 10:58:15.522 &amp#27;[32m INFO&amp#27;[m &amp#27;[35m[@503 - main]&amp#27;[m &amp#27;[36mcom.shaft.tools.io.ReportManager&amp#27;[m : File Action "DoesFileExist" successfully performed. With the following test data "File Path: "src/test/resources/testDataFiles/Schemas/ValidationError_schema.json"".
2023-02-07 10:58:15.523 &amp#27;[32m INFO&amp#27;[m &amp#27;[35m[@503 - main]&amp#27;[m &amp#27;[36mcom.shaft.tools.io.ReportManager&amp#27;[m : File Action "GetAbsolutePath" successfully performed. With the following test data "Relative Folder Path: "src/test/resources/testDataFiles/Schemas/ValidationError_schema.json"".
2023-02-07 10:58:15.529 &amp#27;[32m INFO&amp#27;[m &amp#27;[35m[@503 - main]&amp#27;[m &amp#27;[36mcom.shaft.tools.io.ReportManager&amp#27;[m : File Action "DoesFileExist" successfully performed. With the following test data "File Path: "C:\eclipse-workspace\MyProjects\TASystemsAPIs\src\test\resources\testDataFiles\Schemas\ValidationError_schema.json"".
2023-02-07 10:58:15.529 &amp#27;[32m INFO&amp#27;[m &amp#27;[35m[@503 - main]&amp#27;[m &amp#27;[36mcom.shaft.tools.io.ReportManager&amp#27;[m : File Action "GetAbsolutePath" successfully performed. With the following test data "Relative Folder Path: "C:\eclipse-workspace\MyProjects\TASystemsAPIs\src\test\resources\testDataFiles\Schemas\ValidationError_schema.json"".
2023-02-07 10:58:15.530 &amp#27;[32m INFO&amp#27;[m &amp#27;[35m[@503 - main]&amp#27;[m &amp#27;[36mcom.shaft.tools.io.ReportManager&amp#27;[m : File Action "ReadFile" successfully performed. With the following test data "File Path: "C:\eclipse-workspace\MyProjects\TASystemsAPIs\src\test\resources\testDataFiles\Schemas\ValidationError_schema.json"".
2023-02-07 10:58:15.535 &amp#27;[32m INFO&amp#27;[m &amp#27;[35m[@503 - main]&amp#27;[m &amp#27;[36mcom.shaft.tools.io.ReportManager&amp#27;[m : Successfully created attachment "Validation Test Data - Expected JSON Value"
2023-02-07 10:58:15.537 &amp#27;[32m INFO&amp#27;[m &amp#27;[35m[@503 - main]&amp#27;[m &amp#27;[36mcom.shaft.tools.io.ReportManager&amp#27;[m : Successfully created attachment "Validation Test Data - Actual JSON Value"
2023-02-07 10:58:15.538 &amp#27;[32m INFO&amp#27;[m &amp#27;[35m[@503 - main]&amp#27;[m &amp#27;[36mcom.shaft.tools.io.ReportManager&amp#27;[m : Successfully created attachment "SHAFT Engine Logs - Current Method log: Add_Policy_With_InValid_data_TC"
]]></system-out>
  </testcase>
  <testcase name="Add_Policy_With_InValid_data_TC[[Ljava.lang.Object;@77fa03e2](39)" classname="SteeringCompanyAPI_TestCases.Test_Policies_Cases" time="1.356">
    <system-out><![CDATA[2023-02-07 10:58:15.543 &amp#27;[32m INFO&amp#27;[m &amp#27;[35m[@534 - main]&amp#27;[m &amp#27;[36mcom.shaft.tools.io.ReportManager&amp#27;[m : 
################################################################################################################################################
Starting Execution:	"137 out of 107" test cases in the current suite
Test Method:		"SteeringCompanyAPI_TestCases.Test_Policies_Cases.Add_Policy_With_InValid_data_TC"
Test Description:	"TC052 -Policy- Perform Add Policy with InValid data"
################################################################################################################################################
2023-02-07 10:58:15.543 &amp#27;[32m INFO&amp#27;[m &amp#27;[35m[@503 - main]&amp#27;[m &amp#27;[36mcom.shaft.tools.io.ReportManager&amp#27;[m : File Action "DoesFileExist" successfully performed. With the following test data "File Path: "SteeringCompanyAPI_TestData/SteeringCompanyAPI_TestData.xlsx"".
2023-02-07 10:58:15.580 &amp#27;[32m INFO&amp#27;[m &amp#27;[35m[@503 - main]&amp#27;[m &amp#27;[36mcom.shaft.tools.io.ReportManager&amp#27;[m : Successfully created attachment "Test Data - Excel"
2023-02-07 10:58:16.220 &amp#27;[32m INFO&amp#27;[m &amp#27;[35m[@503 - main]&amp#27;[m &amp#27;[36mcom.shaft.tools.io.ReportManager&amp#27;[m : Response status code: "200", status line: "HTTP/1.1 200 OK"
2023-02-07 10:58:16.234 &amp#27;[32m INFO&amp#27;[m &amp#27;[35m[@503 - main]&amp#27;[m &amp#27;[36mcom.shaft.tools.io.ReportManager&amp#27;[m : Successfully created attachment "API Request - Specifications"
2023-02-07 10:58:16.234 &amp#27;[32m INFO&amp#27;[m &amp#27;[35m[@503 - main]&amp#27;[m &amp#27;[36mcom.shaft.tools.io.ReportManager&amp#27;[m : Successfully created attachment "API Request - Body"
2023-02-07 10:58:16.238 &amp#27;[32m INFO&amp#27;[m &amp#27;[35m[@503 - main]&amp#27;[m &amp#27;[36mcom.shaft.tools.io.ReportManager&amp#27;[m : Successfully created attachment "API Response - JSON Body"
2023-02-07 10:58:16.259 &amp#27;[32m INFO&amp#27;[m &amp#27;[35m[@503 - main]&amp#27;[m &amp#27;[36mcom.shaft.tools.io.ReportManager&amp#27;[m : File Action "DoesFileExist" successfully performed. With the following test data "File Path: "SteeringCompanyAPI_TestData/SteeringCompanyAPI_TestData.xlsx"".
2023-02-07 10:58:16.295 &amp#27;[32m INFO&amp#27;[m &amp#27;[35m[@503 - main]&amp#27;[m &amp#27;[36mcom.shaft.tools.io.ReportManager&amp#27;[m : Successfully created attachment "Test Data - Excel"
2023-02-07 10:58:16.295 &amp#27;[32m INFO&amp#27;[m &amp#27;[35m[@503 - main]&amp#27;[m &amp#27;[36mcom.shaft.tools.io.ReportManager&amp#27;[m : File Action "DoesFileExist" successfully performed. With the following test data "File Path: "SteeringCompanyAPI_TestData/SteeringCompanyAPI_TestData.xlsx"".
2023-02-07 10:58:16.316 &amp#27;[32m INFO&amp#27;[m &amp#27;[35m[@503 - main]&amp#27;[m &amp#27;[36mcom.shaft.tools.io.ReportManager&amp#27;[m : Successfully created attachment "Test Data - Excel"
2023-02-07 10:58:16.317 &amp#27;[32m INFO&amp#27;[m &amp#27;[35m[@503 - main]&amp#27;[m &amp#27;[36mcom.shaft.tools.io.ReportManager&amp#27;[m : File Action "DoesFileExist" successfully performed. With the following test data "File Path: "SteeringCompanyAPI_TestData/SteeringCompanyAPI_TestData.xlsx"".
2023-02-07 10:58:16.350 &amp#27;[32m INFO&amp#27;[m &amp#27;[35m[@503 - main]&amp#27;[m &amp#27;[36mcom.shaft.tools.io.ReportManager&amp#27;[m : Successfully created attachment "Test Data - Excel"
2023-02-07 10:58:16.849 &amp#27;[32m INFO&amp#27;[m &amp#27;[35m[@503 - main]&amp#27;[m &amp#27;[36mcom.shaft.tools.io.ReportManager&amp#27;[m : Response status code: "422", status line: "HTTP/1.1 422 "
2023-02-07 10:58:16.872 &amp#27;[32m INFO&amp#27;[m &amp#27;[35m[@503 - main]&amp#27;[m &amp#27;[36mcom.shaft.tools.io.ReportManager&amp#27;[m : Successfully created attachment "API Request - Specifications"
2023-02-07 10:58:16.874 &amp#27;[32m INFO&amp#27;[m &amp#27;[35m[@503 - main]&amp#27;[m &amp#27;[36mcom.shaft.tools.io.ReportManager&amp#27;[m : Successfully created attachment "API Request - JSON Body"
2023-02-07 10:58:16.876 &amp#27;[32m INFO&amp#27;[m &amp#27;[35m[@503 - main]&amp#27;[m &amp#27;[36mcom.shaft.tools.io.ReportManager&amp#27;[m : Successfully created attachment "API Response - JSON Body"
2023-02-07 10:58:16.878 &amp#27;[32m INFO&amp#27;[m &amp#27;[35m[@503 - main]&amp#27;[m &amp#27;[36mcom.shaft.tools.io.ReportManager&amp#27;[m : File Action "DoesFileExist" successfully performed. With the following test data "File Path: "Schemas/ValidationError_schema.json"".
2023-02-07 10:58:16.879 &amp#27;[32m INFO&amp#27;[m &amp#27;[35m[@503 - main]&amp#27;[m &amp#27;[36mcom.shaft.tools.io.ReportManager&amp#27;[m : File Action "DoesFileExist" successfully performed. With the following test data "File Path: "src/test/resources/testDataFiles/Schemas/ValidationError_schema.json"".
2023-02-07 10:58:16.879 &amp#27;[32m INFO&amp#27;[m &amp#27;[35m[@503 - main]&amp#27;[m &amp#27;[36mcom.shaft.tools.io.ReportManager&amp#27;[m : File Action "GetAbsolutePath" successfully performed. With the following test data "Relative Folder Path: "src/test/resources/testDataFiles/Schemas/ValidationError_schema.json"".
2023-02-07 10:58:16.884 &amp#27;[32m INFO&amp#27;[m &amp#27;[35m[@503 - main]&amp#27;[m &amp#27;[36mcom.shaft.tools.io.ReportManager&amp#27;[m : File Action "DoesFileExist" successfully performed. With the following test data "File Path: "C:\eclipse-workspace\MyProjects\TASystemsAPIs\src\test\resources\testDataFiles\Schemas\ValidationError_schema.json"".
2023-02-07 10:58:16.884 &amp#27;[32m INFO&amp#27;[m &amp#27;[35m[@503 - main]&amp#27;[m &amp#27;[36mcom.shaft.tools.io.ReportManager&amp#27;[m : File Action "GetAbsolutePath" successfully performed. With the following test data "Relative Folder Path: "C:\eclipse-workspace\MyProjects\TASystemsAPIs\src\test\resources\testDataFiles\Schemas\ValidationError_schema.json"".
2023-02-07 10:58:16.885 &amp#27;[32m INFO&amp#27;[m &amp#27;[35m[@503 - main]&amp#27;[m &amp#27;[36mcom.shaft.tools.io.ReportManager&amp#27;[m : File Action "ReadFile" successfully performed. With the following test data "File Path: "C:\eclipse-workspace\MyProjects\TASystemsAPIs\src\test\resources\testDataFiles\Schemas\ValidationError_schema.json"".
2023-02-07 10:58:16.888 &amp#27;[32m INFO&amp#27;[m &amp#27;[35m[@503 - main]&amp#27;[m &amp#27;[36mcom.shaft.tools.io.ReportManager&amp#27;[m : Successfully created attachment "Validation Test Data - Expected JSON Value"
2023-02-07 10:58:16.892 &amp#27;[32m INFO&amp#27;[m &amp#27;[35m[@503 - main]&amp#27;[m &amp#27;[36mcom.shaft.tools.io.ReportManager&amp#27;[m : Successfully created attachment "Validation Test Data - Actual JSON Value"
2023-02-07 10:58:16.894 &amp#27;[32m INFO&amp#27;[m &amp#27;[35m[@503 - main]&amp#27;[m &amp#27;[36mcom.shaft.tools.io.ReportManager&amp#27;[m : Successfully created attachment "SHAFT Engine Logs - Current Method log: Add_Policy_With_InValid_data_TC"
]]></system-out>
  </testcase>
  <testcase name="Add_Policy_With_InValid_data_TC[[Ljava.lang.Object;@28edccfc](40)" classname="SteeringCompanyAPI_TestCases.Test_Policies_Cases" time="1.415">
    <system-out><![CDATA[2023-02-07 10:58:16.898 &amp#27;[32m INFO&amp#27;[m &amp#27;[35m[@534 - main]&amp#27;[m &amp#27;[36mcom.shaft.tools.io.ReportManager&amp#27;[m : 
################################################################################################################################################
Starting Execution:	"138 out of 107" test cases in the current suite
Test Method:		"SteeringCompanyAPI_TestCases.Test_Policies_Cases.Add_Policy_With_InValid_data_TC"
Test Description:	"TC052 -Policy- Perform Add Policy with InValid data"
################################################################################################################################################
2023-02-07 10:58:16.899 &amp#27;[32m INFO&amp#27;[m &amp#27;[35m[@503 - main]&amp#27;[m &amp#27;[36mcom.shaft.tools.io.ReportManager&amp#27;[m : File Action "DoesFileExist" successfully performed. With the following test data "File Path: "SteeringCompanyAPI_TestData/SteeringCompanyAPI_TestData.xlsx"".
2023-02-07 10:58:16.944 &amp#27;[32m INFO&amp#27;[m &amp#27;[35m[@503 - main]&amp#27;[m &amp#27;[36mcom.shaft.tools.io.ReportManager&amp#27;[m : Successfully created attachment "Test Data - Excel"
2023-02-07 10:58:17.559 &amp#27;[32m INFO&amp#27;[m &amp#27;[35m[@503 - main]&amp#27;[m &amp#27;[36mcom.shaft.tools.io.ReportManager&amp#27;[m : Response status code: "200", status line: "HTTP/1.1 200 OK"
2023-02-07 10:58:17.578 &amp#27;[32m INFO&amp#27;[m &amp#27;[35m[@503 - main]&amp#27;[m &amp#27;[36mcom.shaft.tools.io.ReportManager&amp#27;[m : Successfully created attachment "API Request - Specifications"
2023-02-07 10:58:17.579 &amp#27;[32m INFO&amp#27;[m &amp#27;[35m[@503 - main]&amp#27;[m &amp#27;[36mcom.shaft.tools.io.ReportManager&amp#27;[m : Successfully created attachment "API Request - Body"
2023-02-07 10:58:17.581 &amp#27;[32m INFO&amp#27;[m &amp#27;[35m[@503 - main]&amp#27;[m &amp#27;[36mcom.shaft.tools.io.ReportManager&amp#27;[m : Successfully created attachment "API Response - JSON Body"
2023-02-07 10:58:17.600 &amp#27;[32m INFO&amp#27;[m &amp#27;[35m[@503 - main]&amp#27;[m &amp#27;[36mcom.shaft.tools.io.ReportManager&amp#27;[m : File Action "DoesFileExist" successfully performed. With the following test data "File Path: "SteeringCompanyAPI_TestData/SteeringCompanyAPI_TestData.xlsx"".
2023-02-07 10:58:17.633 &amp#27;[32m INFO&amp#27;[m &amp#27;[35m[@503 - main]&amp#27;[m &amp#27;[36mcom.shaft.tools.io.ReportManager&amp#27;[m : Successfully created attachment "Test Data - Excel"
2023-02-07 10:58:17.633 &amp#27;[32m INFO&amp#27;[m &amp#27;[35m[@503 - main]&amp#27;[m &amp#27;[36mcom.shaft.tools.io.ReportManager&amp#27;[m : File Action "DoesFileExist" successfully performed. With the following test data "File Path: "SteeringCompanyAPI_TestData/SteeringCompanyAPI_TestData.xlsx"".
2023-02-07 10:58:17.686 &amp#27;[32m INFO&amp#27;[m &amp#27;[35m[@503 - main]&amp#27;[m &amp#27;[36mcom.shaft.tools.io.ReportManager&amp#27;[m : Successfully created attachment "Test Data - Excel"
2023-02-07 10:58:17.687 &amp#27;[32m INFO&amp#27;[m &amp#27;[35m[@503 - main]&amp#27;[m &amp#27;[36mcom.shaft.tools.io.ReportManager&amp#27;[m : File Action "DoesFileExist" successfully performed. With the following test data "File Path: "SteeringCompanyAPI_TestData/SteeringCompanyAPI_TestData.xlsx"".
2023-02-07 10:58:17.723 &amp#27;[32m INFO&amp#27;[m &amp#27;[35m[@503 - main]&amp#27;[m &amp#27;[36mcom.shaft.tools.io.ReportManager&amp#27;[m : Successfully created attachment "Test Data - Excel"
2023-02-07 10:58:18.259 &amp#27;[32m INFO&amp#27;[m &amp#27;[35m[@503 - main]&amp#27;[m &amp#27;[36mcom.shaft.tools.io.ReportManager&amp#27;[m : Response status code: "422", status line: "HTTP/1.1 422 "
2023-02-07 10:58:18.280 &amp#27;[32m INFO&amp#27;[m &amp#27;[35m[@503 - main]&amp#27;[m &amp#27;[36mcom.shaft.tools.io.ReportManager&amp#27;[m : Successfully created attachment "API Request - Specifications"
2023-02-07 10:58:18.281 &amp#27;[32m INFO&amp#27;[m &amp#27;[35m[@503 - main]&amp#27;[m &amp#27;[36mcom.shaft.tools.io.ReportManager&amp#27;[m : Successfully created attachment "API Request - JSON Body"
2023-02-07 10:58:18.287 &amp#27;[32m INFO&amp#27;[m &amp#27;[35m[@503 - main]&amp#27;[m &amp#27;[36mcom.shaft.tools.io.ReportManager&amp#27;[m : Successfully created attachment "API Response - JSON Body"
2023-02-07 10:58:18.290 &amp#27;[32m INFO&amp#27;[m &amp#27;[35m[@503 - main]&amp#27;[m &amp#27;[36mcom.shaft.tools.io.ReportManager&amp#27;[m : File Action "DoesFileExist" successfully performed. With the following test data "File Path: "Schemas/ValidationError_schema.json"".
2023-02-07 10:58:18.292 &amp#27;[32m INFO&amp#27;[m &amp#27;[35m[@503 - main]&amp#27;[m &amp#27;[36mcom.shaft.tools.io.ReportManager&amp#27;[m : File Action "DoesFileExist" successfully performed. With the following test data "File Path: "src/test/resources/testDataFiles/Schemas/ValidationError_schema.json"".
2023-02-07 10:58:18.294 &amp#27;[32m INFO&amp#27;[m &amp#27;[35m[@503 - main]&amp#27;[m &amp#27;[36mcom.shaft.tools.io.ReportManager&amp#27;[m : File Action "GetAbsolutePath" successfully performed. With the following test data "Relative Folder Path: "src/test/resources/testDataFiles/Schemas/ValidationError_schema.json"".
2023-02-07 10:58:18.297 &amp#27;[32m INFO&amp#27;[m &amp#27;[35m[@503 - main]&amp#27;[m &amp#27;[36mcom.shaft.tools.io.ReportManager&amp#27;[m : File Action "DoesFileExist" successfully performed. With the following test data "File Path: "C:\eclipse-workspace\MyProjects\TASystemsAPIs\src\test\resources\testDataFiles\Schemas\ValidationError_schema.json"".
2023-02-07 10:58:18.297 &amp#27;[32m INFO&amp#27;[m &amp#27;[35m[@503 - main]&amp#27;[m &amp#27;[36mcom.shaft.tools.io.ReportManager&amp#27;[m : File Action "GetAbsolutePath" successfully performed. With the following test data "Relative Folder Path: "C:\eclipse-workspace\MyProjects\TASystemsAPIs\src\test\resources\testDataFiles\Schemas\ValidationError_schema.json"".
2023-02-07 10:58:18.297 &amp#27;[32m INFO&amp#27;[m &amp#27;[35m[@503 - main]&amp#27;[m &amp#27;[36mcom.shaft.tools.io.ReportManager&amp#27;[m : File Action "ReadFile" successfully performed. With the following test data "File Path: "C:\eclipse-workspace\MyProjects\TASystemsAPIs\src\test\resources\testDataFiles\Schemas\ValidationError_schema.json"".
2023-02-07 10:58:18.299 &amp#27;[32m INFO&amp#27;[m &amp#27;[35m[@503 - main]&amp#27;[m &amp#27;[36mcom.shaft.tools.io.ReportManager&amp#27;[m : Successfully created attachment "Validation Test Data - Expected JSON Value"
2023-02-07 10:58:18.301 &amp#27;[32m INFO&amp#27;[m &amp#27;[35m[@503 - main]&amp#27;[m &amp#27;[36mcom.shaft.tools.io.ReportManager&amp#27;[m : Successfully created attachment "Validation Test Data - Actual JSON Value"
2023-02-07 10:58:18.306 &amp#27;[32m INFO&amp#27;[m &amp#27;[35m[@503 - main]&amp#27;[m &amp#27;[36mcom.shaft.tools.io.ReportManager&amp#27;[m : Successfully created attachment "SHAFT Engine Logs - Current Method log: Add_Policy_With_InValid_data_TC"
]]></system-out>
  </testcase>
  <testcase name="Add_Policy_With_InValid_data_TC[[Ljava.lang.Object;@50eed206](41)" classname="SteeringCompanyAPI_TestCases.Test_Policies_Cases" time="1.519">
    <system-out><![CDATA[2023-02-07 10:58:18.314 &amp#27;[32m INFO&amp#27;[m &amp#27;[35m[@534 - main]&amp#27;[m &amp#27;[36mcom.shaft.tools.io.ReportManager&amp#27;[m : 
################################################################################################################################################
Starting Execution:	"139 out of 107" test cases in the current suite
Test Method:		"SteeringCompanyAPI_TestCases.Test_Policies_Cases.Add_Policy_With_InValid_data_TC"
Test Description:	"TC052 -Policy- Perform Add Policy with InValid data"
################################################################################################################################################
2023-02-07 10:58:18.314 &amp#27;[32m INFO&amp#27;[m &amp#27;[35m[@503 - main]&amp#27;[m &amp#27;[36mcom.shaft.tools.io.ReportManager&amp#27;[m : File Action "DoesFileExist" successfully performed. With the following test data "File Path: "SteeringCompanyAPI_TestData/SteeringCompanyAPI_TestData.xlsx"".
2023-02-07 10:58:18.382 &amp#27;[32m INFO&amp#27;[m &amp#27;[35m[@503 - main]&amp#27;[m &amp#27;[36mcom.shaft.tools.io.ReportManager&amp#27;[m : Successfully created attachment "Test Data - Excel"
2023-02-07 10:58:19.051 &amp#27;[32m INFO&amp#27;[m &amp#27;[35m[@503 - main]&amp#27;[m &amp#27;[36mcom.shaft.tools.io.ReportManager&amp#27;[m : Response status code: "200", status line: "HTTP/1.1 200 OK"
2023-02-07 10:58:19.066 &amp#27;[32m INFO&amp#27;[m &amp#27;[35m[@503 - main]&amp#27;[m &amp#27;[36mcom.shaft.tools.io.ReportManager&amp#27;[m : Successfully created attachment "API Request - Specifications"
2023-02-07 10:58:19.067 &amp#27;[32m INFO&amp#27;[m &amp#27;[35m[@503 - main]&amp#27;[m &amp#27;[36mcom.shaft.tools.io.ReportManager&amp#27;[m : Successfully created attachment "API Request - Body"
2023-02-07 10:58:19.068 &amp#27;[32m INFO&amp#27;[m &amp#27;[35m[@503 - main]&amp#27;[m &amp#27;[36mcom.shaft.tools.io.ReportManager&amp#27;[m : Successfully created attachment "API Response - JSON Body"
2023-02-07 10:58:19.082 &amp#27;[32m INFO&amp#27;[m &amp#27;[35m[@503 - main]&amp#27;[m &amp#27;[36mcom.shaft.tools.io.ReportManager&amp#27;[m : File Action "DoesFileExist" successfully performed. With the following test data "File Path: "SteeringCompanyAPI_TestData/SteeringCompanyAPI_TestData.xlsx"".
2023-02-07 10:58:19.116 &amp#27;[32m INFO&amp#27;[m &amp#27;[35m[@503 - main]&amp#27;[m &amp#27;[36mcom.shaft.tools.io.ReportManager&amp#27;[m : Successfully created attachment "Test Data - Excel"
2023-02-07 10:58:19.116 &amp#27;[32m INFO&amp#27;[m &amp#27;[35m[@503 - main]&amp#27;[m &amp#27;[36mcom.shaft.tools.io.ReportManager&amp#27;[m : File Action "DoesFileExist" successfully performed. With the following test data "File Path: "SteeringCompanyAPI_TestData/SteeringCompanyAPI_TestData.xlsx"".
2023-02-07 10:58:19.150 &amp#27;[32m INFO&amp#27;[m &amp#27;[35m[@503 - main]&amp#27;[m &amp#27;[36mcom.shaft.tools.io.ReportManager&amp#27;[m : Successfully created attachment "Test Data - Excel"
2023-02-07 10:58:19.150 &amp#27;[32m INFO&amp#27;[m &amp#27;[35m[@503 - main]&amp#27;[m &amp#27;[36mcom.shaft.tools.io.ReportManager&amp#27;[m : File Action "DoesFileExist" successfully performed. With the following test data "File Path: "SteeringCompanyAPI_TestData/SteeringCompanyAPI_TestData.xlsx"".
2023-02-07 10:58:19.185 &amp#27;[32m INFO&amp#27;[m &amp#27;[35m[@503 - main]&amp#27;[m &amp#27;[36mcom.shaft.tools.io.ReportManager&amp#27;[m : Successfully created attachment "Test Data - Excel"
2023-02-07 10:58:19.799 &amp#27;[32m INFO&amp#27;[m &amp#27;[35m[@503 - main]&amp#27;[m &amp#27;[36mcom.shaft.tools.io.ReportManager&amp#27;[m : Response status code: "422", status line: "HTTP/1.1 422 "
2023-02-07 10:58:19.818 &amp#27;[32m INFO&amp#27;[m &amp#27;[35m[@503 - main]&amp#27;[m &amp#27;[36mcom.shaft.tools.io.ReportManager&amp#27;[m : Successfully created attachment "API Request - Specifications"
2023-02-07 10:58:19.818 &amp#27;[32m INFO&amp#27;[m &amp#27;[35m[@503 - main]&amp#27;[m &amp#27;[36mcom.shaft.tools.io.ReportManager&amp#27;[m : Successfully created attachment "API Request - JSON Body"
2023-02-07 10:58:19.819 &amp#27;[32m INFO&amp#27;[m &amp#27;[35m[@503 - main]&amp#27;[m &amp#27;[36mcom.shaft.tools.io.ReportManager&amp#27;[m : Successfully created attachment "API Response - JSON Body"
2023-02-07 10:58:19.821 &amp#27;[32m INFO&amp#27;[m &amp#27;[35m[@503 - main]&amp#27;[m &amp#27;[36mcom.shaft.tools.io.ReportManager&amp#27;[m : File Action "DoesFileExist" successfully performed. With the following test data "File Path: "Schemas/ValidationError_schema.json"".
2023-02-07 10:58:19.823 &amp#27;[32m INFO&amp#27;[m &amp#27;[35m[@503 - main]&amp#27;[m &amp#27;[36mcom.shaft.tools.io.ReportManager&amp#27;[m : File Action "DoesFileExist" successfully performed. With the following test data "File Path: "src/test/resources/testDataFiles/Schemas/ValidationError_schema.json"".
2023-02-07 10:58:19.823 &amp#27;[32m INFO&amp#27;[m &amp#27;[35m[@503 - main]&amp#27;[m &amp#27;[36mcom.shaft.tools.io.ReportManager&amp#27;[m : File Action "GetAbsolutePath" successfully performed. With the following test data "Relative Folder Path: "src/test/resources/testDataFiles/Schemas/ValidationError_schema.json"".
2023-02-07 10:58:19.826 &amp#27;[32m INFO&amp#27;[m &amp#27;[35m[@503 - main]&amp#27;[m &amp#27;[36mcom.shaft.tools.io.ReportManager&amp#27;[m : File Action "DoesFileExist" successfully performed. With the following test data "File Path: "C:\eclipse-workspace\MyProjects\TASystemsAPIs\src\test\resources\testDataFiles\Schemas\ValidationError_schema.json"".
2023-02-07 10:58:19.826 &amp#27;[32m INFO&amp#27;[m &amp#27;[35m[@503 - main]&amp#27;[m &amp#27;[36mcom.shaft.tools.io.ReportManager&amp#27;[m : File Action "GetAbsolutePath" successfully performed. With the following test data "Relative Folder Path: "C:\eclipse-workspace\MyProjects\TASystemsAPIs\src\test\resources\testDataFiles\Schemas\ValidationError_schema.json"".
2023-02-07 10:58:19.826 &amp#27;[32m INFO&amp#27;[m &amp#27;[35m[@503 - main]&amp#27;[m &amp#27;[36mcom.shaft.tools.io.ReportManager&amp#27;[m : File Action "ReadFile" successfully performed. With the following test data "File Path: "C:\eclipse-workspace\MyProjects\TASystemsAPIs\src\test\resources\testDataFiles\Schemas\ValidationError_schema.json"".
2023-02-07 10:58:19.829 &amp#27;[32m INFO&amp#27;[m &amp#27;[35m[@503 - main]&amp#27;[m &amp#27;[36mcom.shaft.tools.io.ReportManager&amp#27;[m : Successfully created attachment "Validation Test Data - Expected JSON Value"
2023-02-07 10:58:19.830 &amp#27;[32m INFO&amp#27;[m &amp#27;[35m[@503 - main]&amp#27;[m &amp#27;[36mcom.shaft.tools.io.ReportManager&amp#27;[m : Successfully created attachment "Validation Test Data - Actual JSON Value"
2023-02-07 10:58:19.830 &amp#27;[32m INFO&amp#27;[m &amp#27;[35m[@503 - main]&amp#27;[m &amp#27;[36mcom.shaft.tools.io.ReportManager&amp#27;[m : Successfully created attachment "SHAFT Engine Logs - Current Method log: Add_Policy_With_InValid_data_TC"
]]></system-out>
  </testcase>
  <testcase name="Add_Policy_With_InValid_data_TC[[Ljava.lang.Object;@59da98c7](42)" classname="SteeringCompanyAPI_TestCases.Test_Policies_Cases" time="2.562">
    <system-out><![CDATA[2023-02-07 10:58:19.834 &amp#27;[32m INFO&amp#27;[m &amp#27;[35m[@534 - main]&amp#27;[m &amp#27;[36mcom.shaft.tools.io.ReportManager&amp#27;[m : 
################################################################################################################################################
Starting Execution:	"140 out of 107" test cases in the current suite
Test Method:		"SteeringCompanyAPI_TestCases.Test_Policies_Cases.Add_Policy_With_InValid_data_TC"
Test Description:	"TC052 -Policy- Perform Add Policy with InValid data"
################################################################################################################################################
2023-02-07 10:58:19.834 &amp#27;[32m INFO&amp#27;[m &amp#27;[35m[@503 - main]&amp#27;[m &amp#27;[36mcom.shaft.tools.io.ReportManager&amp#27;[m : File Action "DoesFileExist" successfully performed. With the following test data "File Path: "SteeringCompanyAPI_TestData/SteeringCompanyAPI_TestData.xlsx"".
2023-02-07 10:58:19.856 &amp#27;[32m INFO&amp#27;[m &amp#27;[35m[@503 - main]&amp#27;[m &amp#27;[36mcom.shaft.tools.io.ReportManager&amp#27;[m : Successfully created attachment "Test Data - Excel"
2023-02-07 10:58:20.630 &amp#27;[32m INFO&amp#27;[m &amp#27;[35m[@503 - main]&amp#27;[m &amp#27;[36mcom.shaft.tools.io.ReportManager&amp#27;[m : Response status code: "200", status line: "HTTP/1.1 200 OK"
2023-02-07 10:58:20.653 &amp#27;[32m INFO&amp#27;[m &amp#27;[35m[@503 - main]&amp#27;[m &amp#27;[36mcom.shaft.tools.io.ReportManager&amp#27;[m : Successfully created attachment "API Request - Specifications"
2023-02-07 10:58:20.654 &amp#27;[32m INFO&amp#27;[m &amp#27;[35m[@503 - main]&amp#27;[m &amp#27;[36mcom.shaft.tools.io.ReportManager&amp#27;[m : Successfully created attachment "API Request - Body"
2023-02-07 10:58:20.656 &amp#27;[32m INFO&amp#27;[m &amp#27;[35m[@503 - main]&amp#27;[m &amp#27;[36mcom.shaft.tools.io.ReportManager&amp#27;[m : Successfully created attachment "API Response - JSON Body"
2023-02-07 10:58:20.672 &amp#27;[32m INFO&amp#27;[m &amp#27;[35m[@503 - main]&amp#27;[m &amp#27;[36mcom.shaft.tools.io.ReportManager&amp#27;[m : File Action "DoesFileExist" successfully performed. With the following test data "File Path: "SteeringCompanyAPI_TestData/SteeringCompanyAPI_TestData.xlsx"".
2023-02-07 10:58:20.690 &amp#27;[32m INFO&amp#27;[m &amp#27;[35m[@503 - main]&amp#27;[m &amp#27;[36mcom.shaft.tools.io.ReportManager&amp#27;[m : Successfully created attachment "Test Data - Excel"
2023-02-07 10:58:20.690 &amp#27;[32m INFO&amp#27;[m &amp#27;[35m[@503 - main]&amp#27;[m &amp#27;[36mcom.shaft.tools.io.ReportManager&amp#27;[m : File Action "DoesFileExist" successfully performed. With the following test data "File Path: "SteeringCompanyAPI_TestData/SteeringCompanyAPI_TestData.xlsx"".
2023-02-07 10:58:20.724 &amp#27;[32m INFO&amp#27;[m &amp#27;[35m[@503 - main]&amp#27;[m &amp#27;[36mcom.shaft.tools.io.ReportManager&amp#27;[m : Successfully created attachment "Test Data - Excel"
2023-02-07 10:58:20.724 &amp#27;[32m INFO&amp#27;[m &amp#27;[35m[@503 - main]&amp#27;[m &amp#27;[36mcom.shaft.tools.io.ReportManager&amp#27;[m : File Action "DoesFileExist" successfully performed. With the following test data "File Path: "SteeringCompanyAPI_TestData/SteeringCompanyAPI_TestData.xlsx"".
2023-02-07 10:58:20.775 &amp#27;[32m INFO&amp#27;[m &amp#27;[35m[@503 - main]&amp#27;[m &amp#27;[36mcom.shaft.tools.io.ReportManager&amp#27;[m : Successfully created attachment "Test Data - Excel"
2023-02-07 10:58:22.357 &amp#27;[32m INFO&amp#27;[m &amp#27;[35m[@503 - main]&amp#27;[m &amp#27;[36mcom.shaft.tools.io.ReportManager&amp#27;[m : Response status code: "422", status line: "HTTP/1.1 422 "
2023-02-07 10:58:22.379 &amp#27;[32m INFO&amp#27;[m &amp#27;[35m[@503 - main]&amp#27;[m &amp#27;[36mcom.shaft.tools.io.ReportManager&amp#27;[m : Successfully created attachment "API Request - Specifications"
2023-02-07 10:58:22.380 &amp#27;[32m INFO&amp#27;[m &amp#27;[35m[@503 - main]&amp#27;[m &amp#27;[36mcom.shaft.tools.io.ReportManager&amp#27;[m : Successfully created attachment "API Request - JSON Body"
2023-02-07 10:58:22.381 &amp#27;[32m INFO&amp#27;[m &amp#27;[35m[@503 - main]&amp#27;[m &amp#27;[36mcom.shaft.tools.io.ReportManager&amp#27;[m : Successfully created attachment "API Response - JSON Body"
2023-02-07 10:58:22.381 &amp#27;[32m INFO&amp#27;[m &amp#27;[35m[@503 - main]&amp#27;[m &amp#27;[36mcom.shaft.tools.io.ReportManager&amp#27;[m : File Action "DoesFileExist" successfully performed. With the following test data "File Path: "Schemas/ValidationError_schema.json"".
2023-02-07 10:58:22.381 &amp#27;[32m INFO&amp#27;[m &amp#27;[35m[@503 - main]&amp#27;[m &amp#27;[36mcom.shaft.tools.io.ReportManager&amp#27;[m : File Action "DoesFileExist" successfully performed. With the following test data "File Path: "src/test/resources/testDataFiles/Schemas/ValidationError_schema.json"".
2023-02-07 10:58:22.381 &amp#27;[32m INFO&amp#27;[m &amp#27;[35m[@503 - main]&amp#27;[m &amp#27;[36mcom.shaft.tools.io.ReportManager&amp#27;[m : File Action "GetAbsolutePath" successfully performed. With the following test data "Relative Folder Path: "src/test/resources/testDataFiles/Schemas/ValidationError_schema.json"".
2023-02-07 10:58:22.386 &amp#27;[32m INFO&amp#27;[m &amp#27;[35m[@503 - main]&amp#27;[m &amp#27;[36mcom.shaft.tools.io.ReportManager&amp#27;[m : File Action "DoesFileExist" successfully performed. With the following test data "File Path: "C:\eclipse-workspace\MyProjects\TASystemsAPIs\src\test\resources\testDataFiles\Schemas\ValidationError_schema.json"".
2023-02-07 10:58:22.386 &amp#27;[32m INFO&amp#27;[m &amp#27;[35m[@503 - main]&amp#27;[m &amp#27;[36mcom.shaft.tools.io.ReportManager&amp#27;[m : File Action "GetAbsolutePath" successfully performed. With the following test data "Relative Folder Path: "C:\eclipse-workspace\MyProjects\TASystemsAPIs\src\test\resources\testDataFiles\Schemas\ValidationError_schema.json"".
2023-02-07 10:58:22.387 &amp#27;[32m INFO&amp#27;[m &amp#27;[35m[@503 - main]&amp#27;[m &amp#27;[36mcom.shaft.tools.io.ReportManager&amp#27;[m : File Action "ReadFile" successfully performed. With the following test data "File Path: "C:\eclipse-workspace\MyProjects\TASystemsAPIs\src\test\resources\testDataFiles\Schemas\ValidationError_schema.json"".
2023-02-07 10:58:22.388 &amp#27;[32m INFO&amp#27;[m &amp#27;[35m[@503 - main]&amp#27;[m &amp#27;[36mcom.shaft.tools.io.ReportManager&amp#27;[m : Successfully created attachment "Validation Test Data - Expected JSON Value"
2023-02-07 10:58:22.391 &amp#27;[32m INFO&amp#27;[m &amp#27;[35m[@503 - main]&amp#27;[m &amp#27;[36mcom.shaft.tools.io.ReportManager&amp#27;[m : Successfully created attachment "Validation Test Data - Actual JSON Value"
2023-02-07 10:58:22.392 &amp#27;[32m INFO&amp#27;[m &amp#27;[35m[@503 - main]&amp#27;[m &amp#27;[36mcom.shaft.tools.io.ReportManager&amp#27;[m : Successfully created attachment "SHAFT Engine Logs - Current Method log: Add_Policy_With_InValid_data_TC"
]]></system-out>
  </testcase>
  <testcase name="Add_Policy_With_InValid_data_TC[[Ljava.lang.Object;@7ec14819](43)" classname="SteeringCompanyAPI_TestCases.Test_Policies_Cases" time="1.304">
    <system-out><![CDATA[2023-02-07 10:58:22.395 &amp#27;[32m INFO&amp#27;[m &amp#27;[35m[@534 - main]&amp#27;[m &amp#27;[36mcom.shaft.tools.io.ReportManager&amp#27;[m : 
################################################################################################################################################
Starting Execution:	"141 out of 107" test cases in the current suite
Test Method:		"SteeringCompanyAPI_TestCases.Test_Policies_Cases.Add_Policy_With_InValid_data_TC"
Test Description:	"TC052 -Policy- Perform Add Policy with InValid data"
################################################################################################################################################
2023-02-07 10:58:22.396 &amp#27;[32m INFO&amp#27;[m &amp#27;[35m[@503 - main]&amp#27;[m &amp#27;[36mcom.shaft.tools.io.ReportManager&amp#27;[m : File Action "DoesFileExist" successfully performed. With the following test data "File Path: "SteeringCompanyAPI_TestData/SteeringCompanyAPI_TestData.xlsx"".
2023-02-07 10:58:22.424 &amp#27;[32m INFO&amp#27;[m &amp#27;[35m[@503 - main]&amp#27;[m &amp#27;[36mcom.shaft.tools.io.ReportManager&amp#27;[m : Successfully created attachment "Test Data - Excel"
2023-02-07 10:58:23.043 &amp#27;[32m INFO&amp#27;[m &amp#27;[35m[@503 - main]&amp#27;[m &amp#27;[36mcom.shaft.tools.io.ReportManager&amp#27;[m : Response status code: "200", status line: "HTTP/1.1 200 OK"
2023-02-07 10:58:23.059 &amp#27;[32m INFO&amp#27;[m &amp#27;[35m[@503 - main]&amp#27;[m &amp#27;[36mcom.shaft.tools.io.ReportManager&amp#27;[m : Successfully created attachment "API Request - Specifications"
2023-02-07 10:58:23.059 &amp#27;[32m INFO&amp#27;[m &amp#27;[35m[@503 - main]&amp#27;[m &amp#27;[36mcom.shaft.tools.io.ReportManager&amp#27;[m : Successfully created attachment "API Request - Body"
2023-02-07 10:58:23.060 &amp#27;[32m INFO&amp#27;[m &amp#27;[35m[@503 - main]&amp#27;[m &amp#27;[36mcom.shaft.tools.io.ReportManager&amp#27;[m : Successfully created attachment "API Response - JSON Body"
2023-02-07 10:58:23.069 &amp#27;[32m INFO&amp#27;[m &amp#27;[35m[@503 - main]&amp#27;[m &amp#27;[36mcom.shaft.tools.io.ReportManager&amp#27;[m : File Action "DoesFileExist" successfully performed. With the following test data "File Path: "SteeringCompanyAPI_TestData/SteeringCompanyAPI_TestData.xlsx"".
2023-02-07 10:58:23.097 &amp#27;[32m INFO&amp#27;[m &amp#27;[35m[@503 - main]&amp#27;[m &amp#27;[36mcom.shaft.tools.io.ReportManager&amp#27;[m : Successfully created attachment "Test Data - Excel"
2023-02-07 10:58:23.098 &amp#27;[32m INFO&amp#27;[m &amp#27;[35m[@503 - main]&amp#27;[m &amp#27;[36mcom.shaft.tools.io.ReportManager&amp#27;[m : File Action "DoesFileExist" successfully performed. With the following test data "File Path: "SteeringCompanyAPI_TestData/SteeringCompanyAPI_TestData.xlsx"".
2023-02-07 10:58:23.139 &amp#27;[32m INFO&amp#27;[m &amp#27;[35m[@503 - main]&amp#27;[m &amp#27;[36mcom.shaft.tools.io.ReportManager&amp#27;[m : Successfully created attachment "Test Data - Excel"
2023-02-07 10:58:23.139 &amp#27;[32m INFO&amp#27;[m &amp#27;[35m[@503 - main]&amp#27;[m &amp#27;[36mcom.shaft.tools.io.ReportManager&amp#27;[m : File Action "DoesFileExist" successfully performed. With the following test data "File Path: "SteeringCompanyAPI_TestData/SteeringCompanyAPI_TestData.xlsx"".
2023-02-07 10:58:23.169 &amp#27;[32m INFO&amp#27;[m &amp#27;[35m[@503 - main]&amp#27;[m &amp#27;[36mcom.shaft.tools.io.ReportManager&amp#27;[m : Successfully created attachment "Test Data - Excel"
2023-02-07 10:58:23.658 &amp#27;[32m INFO&amp#27;[m &amp#27;[35m[@503 - main]&amp#27;[m &amp#27;[36mcom.shaft.tools.io.ReportManager&amp#27;[m : Response status code: "422", status line: "HTTP/1.1 422 "
2023-02-07 10:58:23.682 &amp#27;[32m INFO&amp#27;[m &amp#27;[35m[@503 - main]&amp#27;[m &amp#27;[36mcom.shaft.tools.io.ReportManager&amp#27;[m : Successfully created attachment "API Request - Specifications"
2023-02-07 10:58:23.685 &amp#27;[32m INFO&amp#27;[m &amp#27;[35m[@503 - main]&amp#27;[m &amp#27;[36mcom.shaft.tools.io.ReportManager&amp#27;[m : Successfully created attachment "API Request - JSON Body"
2023-02-07 10:58:23.686 &amp#27;[32m INFO&amp#27;[m &amp#27;[35m[@503 - main]&amp#27;[m &amp#27;[36mcom.shaft.tools.io.ReportManager&amp#27;[m : Successfully created attachment "API Response - JSON Body"
2023-02-07 10:58:23.688 &amp#27;[32m INFO&amp#27;[m &amp#27;[35m[@503 - main]&amp#27;[m &amp#27;[36mcom.shaft.tools.io.ReportManager&amp#27;[m : File Action "DoesFileExist" successfully performed. With the following test data "File Path: "Schemas/ValidationError_schema.json"".
2023-02-07 10:58:23.688 &amp#27;[32m INFO&amp#27;[m &amp#27;[35m[@503 - main]&amp#27;[m &amp#27;[36mcom.shaft.tools.io.ReportManager&amp#27;[m : File Action "DoesFileExist" successfully performed. With the following test data "File Path: "src/test/resources/testDataFiles/Schemas/ValidationError_schema.json"".
2023-02-07 10:58:23.688 &amp#27;[32m INFO&amp#27;[m &amp#27;[35m[@503 - main]&amp#27;[m &amp#27;[36mcom.shaft.tools.io.ReportManager&amp#27;[m : File Action "GetAbsolutePath" successfully performed. With the following test data "Relative Folder Path: "src/test/resources/testDataFiles/Schemas/ValidationError_schema.json"".
2023-02-07 10:58:23.691 &amp#27;[32m INFO&amp#27;[m &amp#27;[35m[@503 - main]&amp#27;[m &amp#27;[36mcom.shaft.tools.io.ReportManager&amp#27;[m : File Action "DoesFileExist" successfully performed. With the following test data "File Path: "C:\eclipse-workspace\MyProjects\TASystemsAPIs\src\test\resources\testDataFiles\Schemas\ValidationError_schema.json"".
2023-02-07 10:58:23.691 &amp#27;[32m INFO&amp#27;[m &amp#27;[35m[@503 - main]&amp#27;[m &amp#27;[36mcom.shaft.tools.io.ReportManager&amp#27;[m : File Action "GetAbsolutePath" successfully performed. With the following test data "Relative Folder Path: "C:\eclipse-workspace\MyProjects\TASystemsAPIs\src\test\resources\testDataFiles\Schemas\ValidationError_schema.json"".
2023-02-07 10:58:23.691 &amp#27;[32m INFO&amp#27;[m &amp#27;[35m[@503 - main]&amp#27;[m &amp#27;[36mcom.shaft.tools.io.ReportManager&amp#27;[m : File Action "ReadFile" successfully performed. With the following test data "File Path: "C:\eclipse-workspace\MyProjects\TASystemsAPIs\src\test\resources\testDataFiles\Schemas\ValidationError_schema.json"".
2023-02-07 10:58:23.693 &amp#27;[32m INFO&amp#27;[m &amp#27;[35m[@503 - main]&amp#27;[m &amp#27;[36mcom.shaft.tools.io.ReportManager&amp#27;[m : Successfully created attachment "Validation Test Data - Expected JSON Value"
2023-02-07 10:58:23.694 &amp#27;[32m INFO&amp#27;[m &amp#27;[35m[@503 - main]&amp#27;[m &amp#27;[36mcom.shaft.tools.io.ReportManager&amp#27;[m : Successfully created attachment "Validation Test Data - Actual JSON Value"
2023-02-07 10:58:23.696 &amp#27;[32m INFO&amp#27;[m &amp#27;[35m[@503 - main]&amp#27;[m &amp#27;[36mcom.shaft.tools.io.ReportManager&amp#27;[m : Successfully created attachment "SHAFT Engine Logs - Current Method log: Add_Policy_With_InValid_data_TC"
]]></system-out>
  </testcase>
  <testcase name="Add_Policy_With_InValid_data_TC[[Ljava.lang.Object;@368b556a](44)" classname="SteeringCompanyAPI_TestCases.Test_Policies_Cases" time="1.497">
    <system-out><![CDATA[2023-02-07 10:58:23.699 &amp#27;[32m INFO&amp#27;[m &amp#27;[35m[@534 - main]&amp#27;[m &amp#27;[36mcom.shaft.tools.io.ReportManager&amp#27;[m : 
################################################################################################################################################
Starting Execution:	"142 out of 107" test cases in the current suite
Test Method:		"SteeringCompanyAPI_TestCases.Test_Policies_Cases.Add_Policy_With_InValid_data_TC"
Test Description:	"TC052 -Policy- Perform Add Policy with InValid data"
################################################################################################################################################
2023-02-07 10:58:23.700 &amp#27;[32m INFO&amp#27;[m &amp#27;[35m[@503 - main]&amp#27;[m &amp#27;[36mcom.shaft.tools.io.ReportManager&amp#27;[m : File Action "DoesFileExist" successfully performed. With the following test data "File Path: "SteeringCompanyAPI_TestData/SteeringCompanyAPI_TestData.xlsx"".
2023-02-07 10:58:23.743 &amp#27;[32m INFO&amp#27;[m &amp#27;[35m[@503 - main]&amp#27;[m &amp#27;[36mcom.shaft.tools.io.ReportManager&amp#27;[m : Successfully created attachment "Test Data - Excel"
2023-02-07 10:58:24.389 &amp#27;[32m INFO&amp#27;[m &amp#27;[35m[@503 - main]&amp#27;[m &amp#27;[36mcom.shaft.tools.io.ReportManager&amp#27;[m : Response status code: "200", status line: "HTTP/1.1 200 OK"
2023-02-07 10:58:24.418 &amp#27;[32m INFO&amp#27;[m &amp#27;[35m[@503 - main]&amp#27;[m &amp#27;[36mcom.shaft.tools.io.ReportManager&amp#27;[m : Successfully created attachment "API Request - Specifications"
2023-02-07 10:58:24.421 &amp#27;[32m INFO&amp#27;[m &amp#27;[35m[@503 - main]&amp#27;[m &amp#27;[36mcom.shaft.tools.io.ReportManager&amp#27;[m : Successfully created attachment "API Request - Body"
2023-02-07 10:58:24.423 &amp#27;[32m INFO&amp#27;[m &amp#27;[35m[@503 - main]&amp#27;[m &amp#27;[36mcom.shaft.tools.io.ReportManager&amp#27;[m : Successfully created attachment "API Response - JSON Body"
2023-02-07 10:58:24.444 &amp#27;[32m INFO&amp#27;[m &amp#27;[35m[@503 - main]&amp#27;[m &amp#27;[36mcom.shaft.tools.io.ReportManager&amp#27;[m : File Action "DoesFileExist" successfully performed. With the following test data "File Path: "SteeringCompanyAPI_TestData/SteeringCompanyAPI_TestData.xlsx"".
2023-02-07 10:58:24.498 &amp#27;[32m INFO&amp#27;[m &amp#27;[35m[@503 - main]&amp#27;[m &amp#27;[36mcom.shaft.tools.io.ReportManager&amp#27;[m : Successfully created attachment "Test Data - Excel"
2023-02-07 10:58:24.499 &amp#27;[32m INFO&amp#27;[m &amp#27;[35m[@503 - main]&amp#27;[m &amp#27;[36mcom.shaft.tools.io.ReportManager&amp#27;[m : File Action "DoesFileExist" successfully performed. With the following test data "File Path: "SteeringCompanyAPI_TestData/SteeringCompanyAPI_TestData.xlsx"".
2023-02-07 10:58:24.566 &amp#27;[32m INFO&amp#27;[m &amp#27;[35m[@503 - main]&amp#27;[m &amp#27;[36mcom.shaft.tools.io.ReportManager&amp#27;[m : Successfully created attachment "Test Data - Excel"
2023-02-07 10:58:24.569 &amp#27;[32m INFO&amp#27;[m &amp#27;[35m[@503 - main]&amp#27;[m &amp#27;[36mcom.shaft.tools.io.ReportManager&amp#27;[m : File Action "DoesFileExist" successfully performed. With the following test data "File Path: "SteeringCompanyAPI_TestData/SteeringCompanyAPI_TestData.xlsx"".
2023-02-07 10:58:24.612 &amp#27;[32m INFO&amp#27;[m &amp#27;[35m[@503 - main]&amp#27;[m &amp#27;[36mcom.shaft.tools.io.ReportManager&amp#27;[m : Successfully created attachment "Test Data - Excel"
2023-02-07 10:58:25.132 &amp#27;[32m INFO&amp#27;[m &amp#27;[35m[@503 - main]&amp#27;[m &amp#27;[36mcom.shaft.tools.io.ReportManager&amp#27;[m : Response status code: "422", status line: "HTTP/1.1 422 "
2023-02-07 10:58:25.167 &amp#27;[32m INFO&amp#27;[m &amp#27;[35m[@503 - main]&amp#27;[m &amp#27;[36mcom.shaft.tools.io.ReportManager&amp#27;[m : Successfully created attachment "API Request - Specifications"
2023-02-07 10:58:25.169 &amp#27;[32m INFO&amp#27;[m &amp#27;[35m[@503 - main]&amp#27;[m &amp#27;[36mcom.shaft.tools.io.ReportManager&amp#27;[m : Successfully created attachment "API Request - JSON Body"
2023-02-07 10:58:25.174 &amp#27;[32m INFO&amp#27;[m &amp#27;[35m[@503 - main]&amp#27;[m &amp#27;[36mcom.shaft.tools.io.ReportManager&amp#27;[m : Successfully created attachment "API Response - JSON Body"
2023-02-07 10:58:25.176 &amp#27;[32m INFO&amp#27;[m &amp#27;[35m[@503 - main]&amp#27;[m &amp#27;[36mcom.shaft.tools.io.ReportManager&amp#27;[m : File Action "DoesFileExist" successfully performed. With the following test data "File Path: "Schemas/ValidationError_schema.json"".
2023-02-07 10:58:25.176 &amp#27;[32m INFO&amp#27;[m &amp#27;[35m[@503 - main]&amp#27;[m &amp#27;[36mcom.shaft.tools.io.ReportManager&amp#27;[m : File Action "DoesFileExist" successfully performed. With the following test data "File Path: "src/test/resources/testDataFiles/Schemas/ValidationError_schema.json"".
2023-02-07 10:58:25.176 &amp#27;[32m INFO&amp#27;[m &amp#27;[35m[@503 - main]&amp#27;[m &amp#27;[36mcom.shaft.tools.io.ReportManager&amp#27;[m : File Action "GetAbsolutePath" successfully performed. With the following test data "Relative Folder Path: "src/test/resources/testDataFiles/Schemas/ValidationError_schema.json"".
2023-02-07 10:58:25.185 &amp#27;[32m INFO&amp#27;[m &amp#27;[35m[@503 - main]&amp#27;[m &amp#27;[36mcom.shaft.tools.io.ReportManager&amp#27;[m : File Action "DoesFileExist" successfully performed. With the following test data "File Path: "C:\eclipse-workspace\MyProjects\TASystemsAPIs\src\test\resources\testDataFiles\Schemas\ValidationError_schema.json"".
2023-02-07 10:58:25.186 &amp#27;[32m INFO&amp#27;[m &amp#27;[35m[@503 - main]&amp#27;[m &amp#27;[36mcom.shaft.tools.io.ReportManager&amp#27;[m : File Action "GetAbsolutePath" successfully performed. With the following test data "Relative Folder Path: "C:\eclipse-workspace\MyProjects\TASystemsAPIs\src\test\resources\testDataFiles\Schemas\ValidationError_schema.json"".
2023-02-07 10:58:25.186 &amp#27;[32m INFO&amp#27;[m &amp#27;[35m[@503 - main]&amp#27;[m &amp#27;[36mcom.shaft.tools.io.ReportManager&amp#27;[m : File Action "ReadFile" successfully performed. With the following test data "File Path: "C:\eclipse-workspace\MyProjects\TASystemsAPIs\src\test\resources\testDataFiles\Schemas\ValidationError_schema.json"".
2023-02-07 10:58:25.191 &amp#27;[32m INFO&amp#27;[m &amp#27;[35m[@503 - main]&amp#27;[m &amp#27;[36mcom.shaft.tools.io.ReportManager&amp#27;[m : Successfully created attachment "Validation Test Data - Expected JSON Value"
2023-02-07 10:58:25.192 &amp#27;[32m INFO&amp#27;[m &amp#27;[35m[@503 - main]&amp#27;[m &amp#27;[36mcom.shaft.tools.io.ReportManager&amp#27;[m : Successfully created attachment "Validation Test Data - Actual JSON Value"
2023-02-07 10:58:25.193 &amp#27;[32m INFO&amp#27;[m &amp#27;[35m[@503 - main]&amp#27;[m &amp#27;[36mcom.shaft.tools.io.ReportManager&amp#27;[m : Successfully created attachment "SHAFT Engine Logs - Current Method log: Add_Policy_With_InValid_data_TC"
]]></system-out>
  </testcase>
  <testcase name="Add_Policy_With_InValid_data_TC[[Ljava.lang.Object;@32505319](45)" classname="SteeringCompanyAPI_TestCases.Test_Policies_Cases" time="1.387">
    <system-out><![CDATA[2023-02-07 10:58:25.197 &amp#27;[32m INFO&amp#27;[m &amp#27;[35m[@534 - main]&amp#27;[m &amp#27;[36mcom.shaft.tools.io.ReportManager&amp#27;[m : 
################################################################################################################################################
Starting Execution:	"143 out of 107" test cases in the current suite
Test Method:		"SteeringCompanyAPI_TestCases.Test_Policies_Cases.Add_Policy_With_InValid_data_TC"
Test Description:	"TC052 -Policy- Perform Add Policy with InValid data"
################################################################################################################################################
2023-02-07 10:58:25.198 &amp#27;[32m INFO&amp#27;[m &amp#27;[35m[@503 - main]&amp#27;[m &amp#27;[36mcom.shaft.tools.io.ReportManager&amp#27;[m : File Action "DoesFileExist" successfully performed. With the following test data "File Path: "SteeringCompanyAPI_TestData/SteeringCompanyAPI_TestData.xlsx"".
2023-02-07 10:58:25.240 &amp#27;[32m INFO&amp#27;[m &amp#27;[35m[@503 - main]&amp#27;[m &amp#27;[36mcom.shaft.tools.io.ReportManager&amp#27;[m : Successfully created attachment "Test Data - Excel"
2023-02-07 10:58:25.859 &amp#27;[32m INFO&amp#27;[m &amp#27;[35m[@503 - main]&amp#27;[m &amp#27;[36mcom.shaft.tools.io.ReportManager&amp#27;[m : Response status code: "200", status line: "HTTP/1.1 200 OK"
2023-02-07 10:58:25.878 &amp#27;[32m INFO&amp#27;[m &amp#27;[35m[@503 - main]&amp#27;[m &amp#27;[36mcom.shaft.tools.io.ReportManager&amp#27;[m : Successfully created attachment "API Request - Specifications"
2023-02-07 10:58:25.882 &amp#27;[32m INFO&amp#27;[m &amp#27;[35m[@503 - main]&amp#27;[m &amp#27;[36mcom.shaft.tools.io.ReportManager&amp#27;[m : Successfully created attachment "API Request - Body"
2023-02-07 10:58:25.883 &amp#27;[32m INFO&amp#27;[m &amp#27;[35m[@503 - main]&amp#27;[m &amp#27;[36mcom.shaft.tools.io.ReportManager&amp#27;[m : Successfully created attachment "API Response - JSON Body"
2023-02-07 10:58:25.903 &amp#27;[32m INFO&amp#27;[m &amp#27;[35m[@503 - main]&amp#27;[m &amp#27;[36mcom.shaft.tools.io.ReportManager&amp#27;[m : File Action "DoesFileExist" successfully performed. With the following test data "File Path: "SteeringCompanyAPI_TestData/SteeringCompanyAPI_TestData.xlsx"".
2023-02-07 10:58:25.932 &amp#27;[32m INFO&amp#27;[m &amp#27;[35m[@503 - main]&amp#27;[m &amp#27;[36mcom.shaft.tools.io.ReportManager&amp#27;[m : Successfully created attachment "Test Data - Excel"
2023-02-07 10:58:25.932 &amp#27;[32m INFO&amp#27;[m &amp#27;[35m[@503 - main]&amp#27;[m &amp#27;[36mcom.shaft.tools.io.ReportManager&amp#27;[m : File Action "DoesFileExist" successfully performed. With the following test data "File Path: "SteeringCompanyAPI_TestData/SteeringCompanyAPI_TestData.xlsx"".
2023-02-07 10:58:25.962 &amp#27;[32m INFO&amp#27;[m &amp#27;[35m[@503 - main]&amp#27;[m &amp#27;[36mcom.shaft.tools.io.ReportManager&amp#27;[m : Successfully created attachment "Test Data - Excel"
2023-02-07 10:58:25.962 &amp#27;[32m INFO&amp#27;[m &amp#27;[35m[@503 - main]&amp#27;[m &amp#27;[36mcom.shaft.tools.io.ReportManager&amp#27;[m : File Action "DoesFileExist" successfully performed. With the following test data "File Path: "SteeringCompanyAPI_TestData/SteeringCompanyAPI_TestData.xlsx"".
2023-02-07 10:58:25.986 &amp#27;[32m INFO&amp#27;[m &amp#27;[35m[@503 - main]&amp#27;[m &amp#27;[36mcom.shaft.tools.io.ReportManager&amp#27;[m : Successfully created attachment "Test Data - Excel"
2023-02-07 10:58:26.514 &amp#27;[32m INFO&amp#27;[m &amp#27;[35m[@503 - main]&amp#27;[m &amp#27;[36mcom.shaft.tools.io.ReportManager&amp#27;[m : Response status code: "422", status line: "HTTP/1.1 422 "
2023-02-07 10:58:26.551 &amp#27;[32m INFO&amp#27;[m &amp#27;[35m[@503 - main]&amp#27;[m &amp#27;[36mcom.shaft.tools.io.ReportManager&amp#27;[m : Successfully created attachment "API Request - Specifications"
2023-02-07 10:58:26.553 &amp#27;[32m INFO&amp#27;[m &amp#27;[35m[@503 - main]&amp#27;[m &amp#27;[36mcom.shaft.tools.io.ReportManager&amp#27;[m : Successfully created attachment "API Request - JSON Body"
2023-02-07 10:58:26.555 &amp#27;[32m INFO&amp#27;[m &amp#27;[35m[@503 - main]&amp#27;[m &amp#27;[36mcom.shaft.tools.io.ReportManager&amp#27;[m : Successfully created attachment "API Response - JSON Body"
2023-02-07 10:58:26.559 &amp#27;[32m INFO&amp#27;[m &amp#27;[35m[@503 - main]&amp#27;[m &amp#27;[36mcom.shaft.tools.io.ReportManager&amp#27;[m : File Action "DoesFileExist" successfully performed. With the following test data "File Path: "Schemas/ValidationError_schema.json"".
2023-02-07 10:58:26.559 &amp#27;[32m INFO&amp#27;[m &amp#27;[35m[@503 - main]&amp#27;[m &amp#27;[36mcom.shaft.tools.io.ReportManager&amp#27;[m : File Action "DoesFileExist" successfully performed. With the following test data "File Path: "src/test/resources/testDataFiles/Schemas/ValidationError_schema.json"".
2023-02-07 10:58:26.559 &amp#27;[32m INFO&amp#27;[m &amp#27;[35m[@503 - main]&amp#27;[m &amp#27;[36mcom.shaft.tools.io.ReportManager&amp#27;[m : File Action "GetAbsolutePath" successfully performed. With the following test data "Relative Folder Path: "src/test/resources/testDataFiles/Schemas/ValidationError_schema.json"".
2023-02-07 10:58:26.571 &amp#27;[32m INFO&amp#27;[m &amp#27;[35m[@503 - main]&amp#27;[m &amp#27;[36mcom.shaft.tools.io.ReportManager&amp#27;[m : File Action "DoesFileExist" successfully performed. With the following test data "File Path: "C:\eclipse-workspace\MyProjects\TASystemsAPIs\src\test\resources\testDataFiles\Schemas\ValidationError_schema.json"".
2023-02-07 10:58:26.571 &amp#27;[32m INFO&amp#27;[m &amp#27;[35m[@503 - main]&amp#27;[m &amp#27;[36mcom.shaft.tools.io.ReportManager&amp#27;[m : File Action "GetAbsolutePath" successfully performed. With the following test data "Relative Folder Path: "C:\eclipse-workspace\MyProjects\TASystemsAPIs\src\test\resources\testDataFiles\Schemas\ValidationError_schema.json"".
2023-02-07 10:58:26.571 &amp#27;[32m INFO&amp#27;[m &amp#27;[35m[@503 - main]&amp#27;[m &amp#27;[36mcom.shaft.tools.io.ReportManager&amp#27;[m : File Action "ReadFile" successfully performed. With the following test data "File Path: "C:\eclipse-workspace\MyProjects\TASystemsAPIs\src\test\resources\testDataFiles\Schemas\ValidationError_schema.json"".
2023-02-07 10:58:26.580 &amp#27;[32m INFO&amp#27;[m &amp#27;[35m[@503 - main]&amp#27;[m &amp#27;[36mcom.shaft.tools.io.ReportManager&amp#27;[m : Successfully created attachment "Validation Test Data - Expected JSON Value"
2023-02-07 10:58:26.580 &amp#27;[32m INFO&amp#27;[m &amp#27;[35m[@503 - main]&amp#27;[m &amp#27;[36mcom.shaft.tools.io.ReportManager&amp#27;[m : Successfully created attachment "Validation Test Data - Actual JSON Value"
2023-02-07 10:58:26.581 &amp#27;[32m INFO&amp#27;[m &amp#27;[35m[@503 - main]&amp#27;[m &amp#27;[36mcom.shaft.tools.io.ReportManager&amp#27;[m : Successfully created attachment "SHAFT Engine Logs - Current Method log: Add_Policy_With_InValid_data_TC"
]]></system-out>
  </testcase>
  <testcase name="Add_Policy_With_InValid_data_TC[[Ljava.lang.Object;@52755de9](46)" classname="SteeringCompanyAPI_TestCases.Test_Policies_Cases" time="1.418">
    <system-out><![CDATA[2023-02-07 10:58:26.591 &amp#27;[32m INFO&amp#27;[m &amp#27;[35m[@534 - main]&amp#27;[m &amp#27;[36mcom.shaft.tools.io.ReportManager&amp#27;[m : 
################################################################################################################################################
Starting Execution:	"144 out of 107" test cases in the current suite
Test Method:		"SteeringCompanyAPI_TestCases.Test_Policies_Cases.Add_Policy_With_InValid_data_TC"
Test Description:	"TC052 -Policy- Perform Add Policy with InValid data"
################################################################################################################################################
2023-02-07 10:58:26.595 &amp#27;[32m INFO&amp#27;[m &amp#27;[35m[@503 - main]&amp#27;[m &amp#27;[36mcom.shaft.tools.io.ReportManager&amp#27;[m : File Action "DoesFileExist" successfully performed. With the following test data "File Path: "SteeringCompanyAPI_TestData/SteeringCompanyAPI_TestData.xlsx"".
2023-02-07 10:58:26.662 &amp#27;[32m INFO&amp#27;[m &amp#27;[35m[@503 - main]&amp#27;[m &amp#27;[36mcom.shaft.tools.io.ReportManager&amp#27;[m : Successfully created attachment "Test Data - Excel"
2023-02-07 10:58:27.269 &amp#27;[32m INFO&amp#27;[m &amp#27;[35m[@503 - main]&amp#27;[m &amp#27;[36mcom.shaft.tools.io.ReportManager&amp#27;[m : Response status code: "200", status line: "HTTP/1.1 200 OK"
2023-02-07 10:58:27.292 &amp#27;[32m INFO&amp#27;[m &amp#27;[35m[@503 - main]&amp#27;[m &amp#27;[36mcom.shaft.tools.io.ReportManager&amp#27;[m : Successfully created attachment "API Request - Specifications"
2023-02-07 10:58:27.293 &amp#27;[32m INFO&amp#27;[m &amp#27;[35m[@503 - main]&amp#27;[m &amp#27;[36mcom.shaft.tools.io.ReportManager&amp#27;[m : Successfully created attachment "API Request - Body"
2023-02-07 10:58:27.297 &amp#27;[32m INFO&amp#27;[m &amp#27;[35m[@503 - main]&amp#27;[m &amp#27;[36mcom.shaft.tools.io.ReportManager&amp#27;[m : Successfully created attachment "API Response - JSON Body"
2023-02-07 10:58:27.314 &amp#27;[32m INFO&amp#27;[m &amp#27;[35m[@503 - main]&amp#27;[m &amp#27;[36mcom.shaft.tools.io.ReportManager&amp#27;[m : File Action "DoesFileExist" successfully performed. With the following test data "File Path: "SteeringCompanyAPI_TestData/SteeringCompanyAPI_TestData.xlsx"".
2023-02-07 10:58:27.347 &amp#27;[32m INFO&amp#27;[m &amp#27;[35m[@503 - main]&amp#27;[m &amp#27;[36mcom.shaft.tools.io.ReportManager&amp#27;[m : Successfully created attachment "Test Data - Excel"
2023-02-07 10:58:27.347 &amp#27;[32m INFO&amp#27;[m &amp#27;[35m[@503 - main]&amp#27;[m &amp#27;[36mcom.shaft.tools.io.ReportManager&amp#27;[m : File Action "DoesFileExist" successfully performed. With the following test data "File Path: "SteeringCompanyAPI_TestData/SteeringCompanyAPI_TestData.xlsx"".
2023-02-07 10:58:27.366 &amp#27;[32m INFO&amp#27;[m &amp#27;[35m[@503 - main]&amp#27;[m &amp#27;[36mcom.shaft.tools.io.ReportManager&amp#27;[m : Successfully created attachment "Test Data - Excel"
2023-02-07 10:58:27.367 &amp#27;[32m INFO&amp#27;[m &amp#27;[35m[@503 - main]&amp#27;[m &amp#27;[36mcom.shaft.tools.io.ReportManager&amp#27;[m : File Action "DoesFileExist" successfully performed. With the following test data "File Path: "SteeringCompanyAPI_TestData/SteeringCompanyAPI_TestData.xlsx"".
2023-02-07 10:58:27.408 &amp#27;[32m INFO&amp#27;[m &amp#27;[35m[@503 - main]&amp#27;[m &amp#27;[36mcom.shaft.tools.io.ReportManager&amp#27;[m : Successfully created attachment "Test Data - Excel"
2023-02-07 10:58:27.941 &amp#27;[32m INFO&amp#27;[m &amp#27;[35m[@503 - main]&amp#27;[m &amp#27;[36mcom.shaft.tools.io.ReportManager&amp#27;[m : Response status code: "422", status line: "HTTP/1.1 422 "
2023-02-07 10:58:27.973 &amp#27;[32m INFO&amp#27;[m &amp#27;[35m[@503 - main]&amp#27;[m &amp#27;[36mcom.shaft.tools.io.ReportManager&amp#27;[m : Successfully created attachment "API Request - Specifications"
2023-02-07 10:58:27.974 &amp#27;[32m INFO&amp#27;[m &amp#27;[35m[@503 - main]&amp#27;[m &amp#27;[36mcom.shaft.tools.io.ReportManager&amp#27;[m : Successfully created attachment "API Request - JSON Body"
2023-02-07 10:58:27.975 &amp#27;[32m INFO&amp#27;[m &amp#27;[35m[@503 - main]&amp#27;[m &amp#27;[36mcom.shaft.tools.io.ReportManager&amp#27;[m : Successfully created attachment "API Response - JSON Body"
2023-02-07 10:58:27.982 &amp#27;[32m INFO&amp#27;[m &amp#27;[35m[@503 - main]&amp#27;[m &amp#27;[36mcom.shaft.tools.io.ReportManager&amp#27;[m : File Action "DoesFileExist" successfully performed. With the following test data "File Path: "Schemas/ValidationError_schema.json"".
2023-02-07 10:58:27.982 &amp#27;[32m INFO&amp#27;[m &amp#27;[35m[@503 - main]&amp#27;[m &amp#27;[36mcom.shaft.tools.io.ReportManager&amp#27;[m : File Action "DoesFileExist" successfully performed. With the following test data "File Path: "src/test/resources/testDataFiles/Schemas/ValidationError_schema.json"".
2023-02-07 10:58:27.982 &amp#27;[32m INFO&amp#27;[m &amp#27;[35m[@503 - main]&amp#27;[m &amp#27;[36mcom.shaft.tools.io.ReportManager&amp#27;[m : File Action "GetAbsolutePath" successfully performed. With the following test data "Relative Folder Path: "src/test/resources/testDataFiles/Schemas/ValidationError_schema.json"".
2023-02-07 10:58:27.989 &amp#27;[32m INFO&amp#27;[m &amp#27;[35m[@503 - main]&amp#27;[m &amp#27;[36mcom.shaft.tools.io.ReportManager&amp#27;[m : File Action "DoesFileExist" successfully performed. With the following test data "File Path: "C:\eclipse-workspace\MyProjects\TASystemsAPIs\src\test\resources\testDataFiles\Schemas\ValidationError_schema.json"".
2023-02-07 10:58:27.989 &amp#27;[32m INFO&amp#27;[m &amp#27;[35m[@503 - main]&amp#27;[m &amp#27;[36mcom.shaft.tools.io.ReportManager&amp#27;[m : File Action "GetAbsolutePath" successfully performed. With the following test data "Relative Folder Path: "C:\eclipse-workspace\MyProjects\TASystemsAPIs\src\test\resources\testDataFiles\Schemas\ValidationError_schema.json"".
2023-02-07 10:58:27.989 &amp#27;[32m INFO&amp#27;[m &amp#27;[35m[@503 - main]&amp#27;[m &amp#27;[36mcom.shaft.tools.io.ReportManager&amp#27;[m : File Action "ReadFile" successfully performed. With the following test data "File Path: "C:\eclipse-workspace\MyProjects\TASystemsAPIs\src\test\resources\testDataFiles\Schemas\ValidationError_schema.json"".
2023-02-07 10:58:27.991 &amp#27;[32m INFO&amp#27;[m &amp#27;[35m[@503 - main]&amp#27;[m &amp#27;[36mcom.shaft.tools.io.ReportManager&amp#27;[m : Successfully created attachment "Validation Test Data - Expected JSON Value"
2023-02-07 10:58:27.994 &amp#27;[32m INFO&amp#27;[m &amp#27;[35m[@503 - main]&amp#27;[m &amp#27;[36mcom.shaft.tools.io.ReportManager&amp#27;[m : Successfully created attachment "Validation Test Data - Actual JSON Value"
2023-02-07 10:58:27.998 &amp#27;[32m INFO&amp#27;[m &amp#27;[35m[@503 - main]&amp#27;[m &amp#27;[36mcom.shaft.tools.io.ReportManager&amp#27;[m : Successfully created attachment "SHAFT Engine Logs - Current Method log: Add_Policy_With_InValid_data_TC"
]]></system-out>
  </testcase>
  <testcase name="Add_Policy_With_InValid_data_TC[[Ljava.lang.Object;@5d382a9](47)" classname="SteeringCompanyAPI_TestCases.Test_Policies_Cases" time="1.379">
    <system-out><![CDATA[2023-02-07 10:58:28.006 &amp#27;[32m INFO&amp#27;[m &amp#27;[35m[@534 - main]&amp#27;[m &amp#27;[36mcom.shaft.tools.io.ReportManager&amp#27;[m : 
################################################################################################################################################
Starting Execution:	"145 out of 107" test cases in the current suite
Test Method:		"SteeringCompanyAPI_TestCases.Test_Policies_Cases.Add_Policy_With_InValid_data_TC"
Test Description:	"TC052 -Policy- Perform Add Policy with InValid data"
################################################################################################################################################
2023-02-07 10:58:28.006 &amp#27;[32m INFO&amp#27;[m &amp#27;[35m[@503 - main]&amp#27;[m &amp#27;[36mcom.shaft.tools.io.ReportManager&amp#27;[m : File Action "DoesFileExist" successfully performed. With the following test data "File Path: "SteeringCompanyAPI_TestData/SteeringCompanyAPI_TestData.xlsx"".
2023-02-07 10:58:28.050 &amp#27;[32m INFO&amp#27;[m &amp#27;[35m[@503 - main]&amp#27;[m &amp#27;[36mcom.shaft.tools.io.ReportManager&amp#27;[m : Successfully created attachment "Test Data - Excel"
2023-02-07 10:58:28.668 &amp#27;[32m INFO&amp#27;[m &amp#27;[35m[@503 - main]&amp#27;[m &amp#27;[36mcom.shaft.tools.io.ReportManager&amp#27;[m : Response status code: "200", status line: "HTTP/1.1 200 OK"
2023-02-07 10:58:28.695 &amp#27;[32m INFO&amp#27;[m &amp#27;[35m[@503 - main]&amp#27;[m &amp#27;[36mcom.shaft.tools.io.ReportManager&amp#27;[m : Successfully created attachment "API Request - Specifications"
2023-02-07 10:58:28.696 &amp#27;[32m INFO&amp#27;[m &amp#27;[35m[@503 - main]&amp#27;[m &amp#27;[36mcom.shaft.tools.io.ReportManager&amp#27;[m : Successfully created attachment "API Request - Body"
2023-02-07 10:58:28.698 &amp#27;[32m INFO&amp#27;[m &amp#27;[35m[@503 - main]&amp#27;[m &amp#27;[36mcom.shaft.tools.io.ReportManager&amp#27;[m : Successfully created attachment "API Response - JSON Body"
2023-02-07 10:58:28.719 &amp#27;[32m INFO&amp#27;[m &amp#27;[35m[@503 - main]&amp#27;[m &amp#27;[36mcom.shaft.tools.io.ReportManager&amp#27;[m : File Action "DoesFileExist" successfully performed. With the following test data "File Path: "SteeringCompanyAPI_TestData/SteeringCompanyAPI_TestData.xlsx"".
2023-02-07 10:58:28.761 &amp#27;[32m INFO&amp#27;[m &amp#27;[35m[@503 - main]&amp#27;[m &amp#27;[36mcom.shaft.tools.io.ReportManager&amp#27;[m : Successfully created attachment "Test Data - Excel"
2023-02-07 10:58:28.762 &amp#27;[32m INFO&amp#27;[m &amp#27;[35m[@503 - main]&amp#27;[m &amp#27;[36mcom.shaft.tools.io.ReportManager&amp#27;[m : File Action "DoesFileExist" successfully performed. With the following test data "File Path: "SteeringCompanyAPI_TestData/SteeringCompanyAPI_TestData.xlsx"".
2023-02-07 10:58:28.807 &amp#27;[32m INFO&amp#27;[m &amp#27;[35m[@503 - main]&amp#27;[m &amp#27;[36mcom.shaft.tools.io.ReportManager&amp#27;[m : Successfully created attachment "Test Data - Excel"
2023-02-07 10:58:28.808 &amp#27;[32m INFO&amp#27;[m &amp#27;[35m[@503 - main]&amp#27;[m &amp#27;[36mcom.shaft.tools.io.ReportManager&amp#27;[m : File Action "DoesFileExist" successfully performed. With the following test data "File Path: "SteeringCompanyAPI_TestData/SteeringCompanyAPI_TestData.xlsx"".
2023-02-07 10:58:28.833 &amp#27;[32m INFO&amp#27;[m &amp#27;[35m[@503 - main]&amp#27;[m &amp#27;[36mcom.shaft.tools.io.ReportManager&amp#27;[m : Successfully created attachment "Test Data - Excel"
2023-02-07 10:58:29.337 &amp#27;[32m INFO&amp#27;[m &amp#27;[35m[@503 - main]&amp#27;[m &amp#27;[36mcom.shaft.tools.io.ReportManager&amp#27;[m : Response status code: "422", status line: "HTTP/1.1 422 "
2023-02-07 10:58:29.359 &amp#27;[32m INFO&amp#27;[m &amp#27;[35m[@503 - main]&amp#27;[m &amp#27;[36mcom.shaft.tools.io.ReportManager&amp#27;[m : Successfully created attachment "API Request - Specifications"
2023-02-07 10:58:29.360 &amp#27;[32m INFO&amp#27;[m &amp#27;[35m[@503 - main]&amp#27;[m &amp#27;[36mcom.shaft.tools.io.ReportManager&amp#27;[m : Successfully created attachment "API Request - JSON Body"
2023-02-07 10:58:29.363 &amp#27;[32m INFO&amp#27;[m &amp#27;[35m[@503 - main]&amp#27;[m &amp#27;[36mcom.shaft.tools.io.ReportManager&amp#27;[m : Successfully created attachment "API Response - JSON Body"
2023-02-07 10:58:29.364 &amp#27;[32m INFO&amp#27;[m &amp#27;[35m[@503 - main]&amp#27;[m &amp#27;[36mcom.shaft.tools.io.ReportManager&amp#27;[m : File Action "DoesFileExist" successfully performed. With the following test data "File Path: "Schemas/ValidationError_schema.json"".
2023-02-07 10:58:29.365 &amp#27;[32m INFO&amp#27;[m &amp#27;[35m[@503 - main]&amp#27;[m &amp#27;[36mcom.shaft.tools.io.ReportManager&amp#27;[m : File Action "DoesFileExist" successfully performed. With the following test data "File Path: "src/test/resources/testDataFiles/Schemas/ValidationError_schema.json"".
2023-02-07 10:58:29.365 &amp#27;[32m INFO&amp#27;[m &amp#27;[35m[@503 - main]&amp#27;[m &amp#27;[36mcom.shaft.tools.io.ReportManager&amp#27;[m : File Action "GetAbsolutePath" successfully performed. With the following test data "Relative Folder Path: "src/test/resources/testDataFiles/Schemas/ValidationError_schema.json"".
2023-02-07 10:58:29.370 &amp#27;[32m INFO&amp#27;[m &amp#27;[35m[@503 - main]&amp#27;[m &amp#27;[36mcom.shaft.tools.io.ReportManager&amp#27;[m : File Action "DoesFileExist" successfully performed. With the following test data "File Path: "C:\eclipse-workspace\MyProjects\TASystemsAPIs\src\test\resources\testDataFiles\Schemas\ValidationError_schema.json"".
2023-02-07 10:58:29.370 &amp#27;[32m INFO&amp#27;[m &amp#27;[35m[@503 - main]&amp#27;[m &amp#27;[36mcom.shaft.tools.io.ReportManager&amp#27;[m : File Action "GetAbsolutePath" successfully performed. With the following test data "Relative Folder Path: "C:\eclipse-workspace\MyProjects\TASystemsAPIs\src\test\resources\testDataFiles\Schemas\ValidationError_schema.json"".
2023-02-07 10:58:29.371 &amp#27;[32m INFO&amp#27;[m &amp#27;[35m[@503 - main]&amp#27;[m &amp#27;[36mcom.shaft.tools.io.ReportManager&amp#27;[m : File Action "ReadFile" successfully performed. With the following test data "File Path: "C:\eclipse-workspace\MyProjects\TASystemsAPIs\src\test\resources\testDataFiles\Schemas\ValidationError_schema.json"".
2023-02-07 10:58:29.373 &amp#27;[32m INFO&amp#27;[m &amp#27;[35m[@503 - main]&amp#27;[m &amp#27;[36mcom.shaft.tools.io.ReportManager&amp#27;[m : Successfully created attachment "Validation Test Data - Expected JSON Value"
2023-02-07 10:58:29.374 &amp#27;[32m INFO&amp#27;[m &amp#27;[35m[@503 - main]&amp#27;[m &amp#27;[36mcom.shaft.tools.io.ReportManager&amp#27;[m : Successfully created attachment "Validation Test Data - Actual JSON Value"
2023-02-07 10:58:29.379 &amp#27;[32m INFO&amp#27;[m &amp#27;[35m[@503 - main]&amp#27;[m &amp#27;[36mcom.shaft.tools.io.ReportManager&amp#27;[m : Successfully created attachment "SHAFT Engine Logs - Current Method log: Add_Policy_With_InValid_data_TC"
]]></system-out>
  </testcase>
  <testcase name="Add_Policy_With_InValid_data_TC[[Ljava.lang.Object;@4ad055c0](48)" classname="SteeringCompanyAPI_TestCases.Test_Policies_Cases" time="1.613">
    <system-out><![CDATA[2023-02-07 10:58:29.387 &amp#27;[32m INFO&amp#27;[m &amp#27;[35m[@534 - main]&amp#27;[m &amp#27;[36mcom.shaft.tools.io.ReportManager&amp#27;[m : 
################################################################################################################################################
Starting Execution:	"146 out of 107" test cases in the current suite
Test Method:		"SteeringCompanyAPI_TestCases.Test_Policies_Cases.Add_Policy_With_InValid_data_TC"
Test Description:	"TC052 -Policy- Perform Add Policy with InValid data"
################################################################################################################################################
2023-02-07 10:58:29.388 &amp#27;[32m INFO&amp#27;[m &amp#27;[35m[@503 - main]&amp#27;[m &amp#27;[36mcom.shaft.tools.io.ReportManager&amp#27;[m : File Action "DoesFileExist" successfully performed. With the following test data "File Path: "SteeringCompanyAPI_TestData/SteeringCompanyAPI_TestData.xlsx"".
2023-02-07 10:58:29.438 &amp#27;[32m INFO&amp#27;[m &amp#27;[35m[@503 - main]&amp#27;[m &amp#27;[36mcom.shaft.tools.io.ReportManager&amp#27;[m : Successfully created attachment "Test Data - Excel"
2023-02-07 10:58:30.092 &amp#27;[32m INFO&amp#27;[m &amp#27;[35m[@503 - main]&amp#27;[m &amp#27;[36mcom.shaft.tools.io.ReportManager&amp#27;[m : Response status code: "200", status line: "HTTP/1.1 200 OK"
2023-02-07 10:58:30.112 &amp#27;[32m INFO&amp#27;[m &amp#27;[35m[@503 - main]&amp#27;[m &amp#27;[36mcom.shaft.tools.io.ReportManager&amp#27;[m : Successfully created attachment "API Request - Specifications"
2023-02-07 10:58:30.115 &amp#27;[32m INFO&amp#27;[m &amp#27;[35m[@503 - main]&amp#27;[m &amp#27;[36mcom.shaft.tools.io.ReportManager&amp#27;[m : Successfully created attachment "API Request - Body"
2023-02-07 10:58:30.116 &amp#27;[32m INFO&amp#27;[m &amp#27;[35m[@503 - main]&amp#27;[m &amp#27;[36mcom.shaft.tools.io.ReportManager&amp#27;[m : Successfully created attachment "API Response - JSON Body"
2023-02-07 10:58:30.132 &amp#27;[32m INFO&amp#27;[m &amp#27;[35m[@503 - main]&amp#27;[m &amp#27;[36mcom.shaft.tools.io.ReportManager&amp#27;[m : File Action "DoesFileExist" successfully performed. With the following test data "File Path: "SteeringCompanyAPI_TestData/SteeringCompanyAPI_TestData.xlsx"".
2023-02-07 10:58:30.170 &amp#27;[32m INFO&amp#27;[m &amp#27;[35m[@503 - main]&amp#27;[m &amp#27;[36mcom.shaft.tools.io.ReportManager&amp#27;[m : Successfully created attachment "Test Data - Excel"
2023-02-07 10:58:30.171 &amp#27;[32m INFO&amp#27;[m &amp#27;[35m[@503 - main]&amp#27;[m &amp#27;[36mcom.shaft.tools.io.ReportManager&amp#27;[m : File Action "DoesFileExist" successfully performed. With the following test data "File Path: "SteeringCompanyAPI_TestData/SteeringCompanyAPI_TestData.xlsx"".
2023-02-07 10:58:30.196 &amp#27;[32m INFO&amp#27;[m &amp#27;[35m[@503 - main]&amp#27;[m &amp#27;[36mcom.shaft.tools.io.ReportManager&amp#27;[m : Successfully created attachment "Test Data - Excel"
2023-02-07 10:58:30.196 &amp#27;[32m INFO&amp#27;[m &amp#27;[35m[@503 - main]&amp#27;[m &amp#27;[36mcom.shaft.tools.io.ReportManager&amp#27;[m : File Action "DoesFileExist" successfully performed. With the following test data "File Path: "SteeringCompanyAPI_TestData/SteeringCompanyAPI_TestData.xlsx"".
2023-02-07 10:58:30.229 &amp#27;[32m INFO&amp#27;[m &amp#27;[35m[@503 - main]&amp#27;[m &amp#27;[36mcom.shaft.tools.io.ReportManager&amp#27;[m : Successfully created attachment "Test Data - Excel"
2023-02-07 10:58:30.954 &amp#27;[32m INFO&amp#27;[m &amp#27;[35m[@503 - main]&amp#27;[m &amp#27;[36mcom.shaft.tools.io.ReportManager&amp#27;[m : Response status code: "422", status line: "HTTP/1.1 422 "
2023-02-07 10:58:30.971 &amp#27;[32m INFO&amp#27;[m &amp#27;[35m[@503 - main]&amp#27;[m &amp#27;[36mcom.shaft.tools.io.ReportManager&amp#27;[m : Successfully created attachment "API Request - Specifications"
2023-02-07 10:58:30.972 &amp#27;[32m INFO&amp#27;[m &amp#27;[35m[@503 - main]&amp#27;[m &amp#27;[36mcom.shaft.tools.io.ReportManager&amp#27;[m : Successfully created attachment "API Request - JSON Body"
2023-02-07 10:58:30.975 &amp#27;[32m INFO&amp#27;[m &amp#27;[35m[@503 - main]&amp#27;[m &amp#27;[36mcom.shaft.tools.io.ReportManager&amp#27;[m : Successfully created attachment "API Response - JSON Body"
2023-02-07 10:58:30.977 &amp#27;[32m INFO&amp#27;[m &amp#27;[35m[@503 - main]&amp#27;[m &amp#27;[36mcom.shaft.tools.io.ReportManager&amp#27;[m : File Action "DoesFileExist" successfully performed. With the following test data "File Path: "Schemas/ValidationError_schema.json"".
2023-02-07 10:58:30.978 &amp#27;[32m INFO&amp#27;[m &amp#27;[35m[@503 - main]&amp#27;[m &amp#27;[36mcom.shaft.tools.io.ReportManager&amp#27;[m : File Action "DoesFileExist" successfully performed. With the following test data "File Path: "src/test/resources/testDataFiles/Schemas/ValidationError_schema.json"".
2023-02-07 10:58:30.978 &amp#27;[32m INFO&amp#27;[m &amp#27;[35m[@503 - main]&amp#27;[m &amp#27;[36mcom.shaft.tools.io.ReportManager&amp#27;[m : File Action "GetAbsolutePath" successfully performed. With the following test data "Relative Folder Path: "src/test/resources/testDataFiles/Schemas/ValidationError_schema.json"".
2023-02-07 10:58:30.984 &amp#27;[32m INFO&amp#27;[m &amp#27;[35m[@503 - main]&amp#27;[m &amp#27;[36mcom.shaft.tools.io.ReportManager&amp#27;[m : File Action "DoesFileExist" successfully performed. With the following test data "File Path: "C:\eclipse-workspace\MyProjects\TASystemsAPIs\src\test\resources\testDataFiles\Schemas\ValidationError_schema.json"".
2023-02-07 10:58:30.984 &amp#27;[32m INFO&amp#27;[m &amp#27;[35m[@503 - main]&amp#27;[m &amp#27;[36mcom.shaft.tools.io.ReportManager&amp#27;[m : File Action "GetAbsolutePath" successfully performed. With the following test data "Relative Folder Path: "C:\eclipse-workspace\MyProjects\TASystemsAPIs\src\test\resources\testDataFiles\Schemas\ValidationError_schema.json"".
2023-02-07 10:58:30.985 &amp#27;[32m INFO&amp#27;[m &amp#27;[35m[@503 - main]&amp#27;[m &amp#27;[36mcom.shaft.tools.io.ReportManager&amp#27;[m : File Action "ReadFile" successfully performed. With the following test data "File Path: "C:\eclipse-workspace\MyProjects\TASystemsAPIs\src\test\resources\testDataFiles\Schemas\ValidationError_schema.json"".
2023-02-07 10:58:30.990 &amp#27;[32m INFO&amp#27;[m &amp#27;[35m[@503 - main]&amp#27;[m &amp#27;[36mcom.shaft.tools.io.ReportManager&amp#27;[m : Successfully created attachment "Validation Test Data - Expected JSON Value"
2023-02-07 10:58:30.992 &amp#27;[32m INFO&amp#27;[m &amp#27;[35m[@503 - main]&amp#27;[m &amp#27;[36mcom.shaft.tools.io.ReportManager&amp#27;[m : Successfully created attachment "Validation Test Data - Actual JSON Value"
2023-02-07 10:58:30.994 &amp#27;[32m INFO&amp#27;[m &amp#27;[35m[@503 - main]&amp#27;[m &amp#27;[36mcom.shaft.tools.io.ReportManager&amp#27;[m : Successfully created attachment "SHAFT Engine Logs - Current Method log: Add_Policy_With_InValid_data_TC"
]]></system-out>
  </testcase>
  <testcase name="Add_Policy_With_InValid_data_TC[[Ljava.lang.Object;@6b9ee419](49)" classname="SteeringCompanyAPI_TestCases.Test_Policies_Cases" time="1.8">
    <system-out><![CDATA[2023-02-07 10:58:30.999 &amp#27;[32m INFO&amp#27;[m &amp#27;[35m[@534 - main]&amp#27;[m &amp#27;[36mcom.shaft.tools.io.ReportManager&amp#27;[m : 
################################################################################################################################################
Starting Execution:	"147 out of 107" test cases in the current suite
Test Method:		"SteeringCompanyAPI_TestCases.Test_Policies_Cases.Add_Policy_With_InValid_data_TC"
Test Description:	"TC052 -Policy- Perform Add Policy with InValid data"
################################################################################################################################################
2023-02-07 10:58:30.999 &amp#27;[32m INFO&amp#27;[m &amp#27;[35m[@503 - main]&amp#27;[m &amp#27;[36mcom.shaft.tools.io.ReportManager&amp#27;[m : File Action "DoesFileExist" successfully performed. With the following test data "File Path: "SteeringCompanyAPI_TestData/SteeringCompanyAPI_TestData.xlsx"".
2023-02-07 10:58:31.037 &amp#27;[32m INFO&amp#27;[m &amp#27;[35m[@503 - main]&amp#27;[m &amp#27;[36mcom.shaft.tools.io.ReportManager&amp#27;[m : Successfully created attachment "Test Data - Excel"
2023-02-07 10:58:31.687 &amp#27;[32m INFO&amp#27;[m &amp#27;[35m[@503 - main]&amp#27;[m &amp#27;[36mcom.shaft.tools.io.ReportManager&amp#27;[m : Response status code: "200", status line: "HTTP/1.1 200 OK"
2023-02-07 10:58:31.722 &amp#27;[32m INFO&amp#27;[m &amp#27;[35m[@503 - main]&amp#27;[m &amp#27;[36mcom.shaft.tools.io.ReportManager&amp#27;[m : Successfully created attachment "API Request - Specifications"
2023-02-07 10:58:31.725 &amp#27;[32m INFO&amp#27;[m &amp#27;[35m[@503 - main]&amp#27;[m &amp#27;[36mcom.shaft.tools.io.ReportManager&amp#27;[m : Successfully created attachment "API Request - Body"
2023-02-07 10:58:31.725 &amp#27;[32m INFO&amp#27;[m &amp#27;[35m[@503 - main]&amp#27;[m &amp#27;[36mcom.shaft.tools.io.ReportManager&amp#27;[m : Successfully created attachment "API Response - JSON Body"
2023-02-07 10:58:31.749 &amp#27;[32m INFO&amp#27;[m &amp#27;[35m[@503 - main]&amp#27;[m &amp#27;[36mcom.shaft.tools.io.ReportManager&amp#27;[m : File Action "DoesFileExist" successfully performed. With the following test data "File Path: "SteeringCompanyAPI_TestData/SteeringCompanyAPI_TestData.xlsx"".
2023-02-07 10:58:31.794 &amp#27;[32m INFO&amp#27;[m &amp#27;[35m[@503 - main]&amp#27;[m &amp#27;[36mcom.shaft.tools.io.ReportManager&amp#27;[m : Successfully created attachment "Test Data - Excel"
2023-02-07 10:58:31.796 &amp#27;[32m INFO&amp#27;[m &amp#27;[35m[@503 - main]&amp#27;[m &amp#27;[36mcom.shaft.tools.io.ReportManager&amp#27;[m : File Action "DoesFileExist" successfully performed. With the following test data "File Path: "SteeringCompanyAPI_TestData/SteeringCompanyAPI_TestData.xlsx"".
2023-02-07 10:58:31.865 &amp#27;[32m INFO&amp#27;[m &amp#27;[35m[@503 - main]&amp#27;[m &amp#27;[36mcom.shaft.tools.io.ReportManager&amp#27;[m : Successfully created attachment "Test Data - Excel"
2023-02-07 10:58:31.866 &amp#27;[32m INFO&amp#27;[m &amp#27;[35m[@503 - main]&amp#27;[m &amp#27;[36mcom.shaft.tools.io.ReportManager&amp#27;[m : File Action "DoesFileExist" successfully performed. With the following test data "File Path: "SteeringCompanyAPI_TestData/SteeringCompanyAPI_TestData.xlsx"".
2023-02-07 10:58:31.893 &amp#27;[32m INFO&amp#27;[m &amp#27;[35m[@503 - main]&amp#27;[m &amp#27;[36mcom.shaft.tools.io.ReportManager&amp#27;[m : Successfully created attachment "Test Data - Excel"
2023-02-07 10:58:32.761 &amp#27;[32m INFO&amp#27;[m &amp#27;[35m[@503 - main]&amp#27;[m &amp#27;[36mcom.shaft.tools.io.ReportManager&amp#27;[m : Response status code: "422", status line: "HTTP/1.1 422 "
2023-02-07 10:58:32.774 &amp#27;[32m INFO&amp#27;[m &amp#27;[35m[@503 - main]&amp#27;[m &amp#27;[36mcom.shaft.tools.io.ReportManager&amp#27;[m : Successfully created attachment "API Request - Specifications"
2023-02-07 10:58:32.775 &amp#27;[32m INFO&amp#27;[m &amp#27;[35m[@503 - main]&amp#27;[m &amp#27;[36mcom.shaft.tools.io.ReportManager&amp#27;[m : Successfully created attachment "API Request - JSON Body"
2023-02-07 10:58:32.776 &amp#27;[32m INFO&amp#27;[m &amp#27;[35m[@503 - main]&amp#27;[m &amp#27;[36mcom.shaft.tools.io.ReportManager&amp#27;[m : Successfully created attachment "API Response - JSON Body"
2023-02-07 10:58:32.777 &amp#27;[32m INFO&amp#27;[m &amp#27;[35m[@503 - main]&amp#27;[m &amp#27;[36mcom.shaft.tools.io.ReportManager&amp#27;[m : File Action "DoesFileExist" successfully performed. With the following test data "File Path: "Schemas/ValidationError_schema.json"".
2023-02-07 10:58:32.778 &amp#27;[32m INFO&amp#27;[m &amp#27;[35m[@503 - main]&amp#27;[m &amp#27;[36mcom.shaft.tools.io.ReportManager&amp#27;[m : File Action "DoesFileExist" successfully performed. With the following test data "File Path: "src/test/resources/testDataFiles/Schemas/ValidationError_schema.json"".
2023-02-07 10:58:32.778 &amp#27;[32m INFO&amp#27;[m &amp#27;[35m[@503 - main]&amp#27;[m &amp#27;[36mcom.shaft.tools.io.ReportManager&amp#27;[m : File Action "GetAbsolutePath" successfully performed. With the following test data "Relative Folder Path: "src/test/resources/testDataFiles/Schemas/ValidationError_schema.json"".
2023-02-07 10:58:32.781 &amp#27;[32m INFO&amp#27;[m &amp#27;[35m[@503 - main]&amp#27;[m &amp#27;[36mcom.shaft.tools.io.ReportManager&amp#27;[m : File Action "DoesFileExist" successfully performed. With the following test data "File Path: "C:\eclipse-workspace\MyProjects\TASystemsAPIs\src\test\resources\testDataFiles\Schemas\ValidationError_schema.json"".
2023-02-07 10:58:32.781 &amp#27;[32m INFO&amp#27;[m &amp#27;[35m[@503 - main]&amp#27;[m &amp#27;[36mcom.shaft.tools.io.ReportManager&amp#27;[m : File Action "GetAbsolutePath" successfully performed. With the following test data "Relative Folder Path: "C:\eclipse-workspace\MyProjects\TASystemsAPIs\src\test\resources\testDataFiles\Schemas\ValidationError_schema.json"".
2023-02-07 10:58:32.782 &amp#27;[32m INFO&amp#27;[m &amp#27;[35m[@503 - main]&amp#27;[m &amp#27;[36mcom.shaft.tools.io.ReportManager&amp#27;[m : File Action "ReadFile" successfully performed. With the following test data "File Path: "C:\eclipse-workspace\MyProjects\TASystemsAPIs\src\test\resources\testDataFiles\Schemas\ValidationError_schema.json"".
2023-02-07 10:58:32.789 &amp#27;[32m INFO&amp#27;[m &amp#27;[35m[@503 - main]&amp#27;[m &amp#27;[36mcom.shaft.tools.io.ReportManager&amp#27;[m : Successfully created attachment "Validation Test Data - Expected JSON Value"
2023-02-07 10:58:32.791 &amp#27;[32m INFO&amp#27;[m &amp#27;[35m[@503 - main]&amp#27;[m &amp#27;[36mcom.shaft.tools.io.ReportManager&amp#27;[m : Successfully created attachment "Validation Test Data - Actual JSON Value"
2023-02-07 10:58:32.793 &amp#27;[32m INFO&amp#27;[m &amp#27;[35m[@503 - main]&amp#27;[m &amp#27;[36mcom.shaft.tools.io.ReportManager&amp#27;[m : Successfully created attachment "SHAFT Engine Logs - Current Method log: Add_Policy_With_InValid_data_TC"
]]></system-out>
  </testcase>
  <testcase name="Add_Policy_With_InValid_data_TC[[Ljava.lang.Object;@71bfd10a](50)" classname="SteeringCompanyAPI_TestCases.Test_Policies_Cases" time="1.369">
    <system-out><![CDATA[2023-02-07 10:58:32.799 &amp#27;[32m INFO&amp#27;[m &amp#27;[35m[@534 - main]&amp#27;[m &amp#27;[36mcom.shaft.tools.io.ReportManager&amp#27;[m : 
################################################################################################################################################
Starting Execution:	"148 out of 107" test cases in the current suite
Test Method:		"SteeringCompanyAPI_TestCases.Test_Policies_Cases.Add_Policy_With_InValid_data_TC"
Test Description:	"TC052 -Policy- Perform Add Policy with InValid data"
################################################################################################################################################
2023-02-07 10:58:32.800 &amp#27;[32m INFO&amp#27;[m &amp#27;[35m[@503 - main]&amp#27;[m &amp#27;[36mcom.shaft.tools.io.ReportManager&amp#27;[m : File Action "DoesFileExist" successfully performed. With the following test data "File Path: "SteeringCompanyAPI_TestData/SteeringCompanyAPI_TestData.xlsx"".
2023-02-07 10:58:32.832 &amp#27;[32m INFO&amp#27;[m &amp#27;[35m[@503 - main]&amp#27;[m &amp#27;[36mcom.shaft.tools.io.ReportManager&amp#27;[m : Successfully created attachment "Test Data - Excel"
2023-02-07 10:58:33.450 &amp#27;[32m INFO&amp#27;[m &amp#27;[35m[@503 - main]&amp#27;[m &amp#27;[36mcom.shaft.tools.io.ReportManager&amp#27;[m : Response status code: "200", status line: "HTTP/1.1 200 OK"
2023-02-07 10:58:33.468 &amp#27;[32m INFO&amp#27;[m &amp#27;[35m[@503 - main]&amp#27;[m &amp#27;[36mcom.shaft.tools.io.ReportManager&amp#27;[m : Successfully created attachment "API Request - Specifications"
2023-02-07 10:58:33.470 &amp#27;[32m INFO&amp#27;[m &amp#27;[35m[@503 - main]&amp#27;[m &amp#27;[36mcom.shaft.tools.io.ReportManager&amp#27;[m : Successfully created attachment "API Request - Body"
2023-02-07 10:58:33.475 &amp#27;[32m INFO&amp#27;[m &amp#27;[35m[@503 - main]&amp#27;[m &amp#27;[36mcom.shaft.tools.io.ReportManager&amp#27;[m : Successfully created attachment "API Response - JSON Body"
2023-02-07 10:58:33.490 &amp#27;[32m INFO&amp#27;[m &amp#27;[35m[@503 - main]&amp#27;[m &amp#27;[36mcom.shaft.tools.io.ReportManager&amp#27;[m : File Action "DoesFileExist" successfully performed. With the following test data "File Path: "SteeringCompanyAPI_TestData/SteeringCompanyAPI_TestData.xlsx"".
2023-02-07 10:58:33.520 &amp#27;[32m INFO&amp#27;[m &amp#27;[35m[@503 - main]&amp#27;[m &amp#27;[36mcom.shaft.tools.io.ReportManager&amp#27;[m : Successfully created attachment "Test Data - Excel"
2023-02-07 10:58:33.520 &amp#27;[32m INFO&amp#27;[m &amp#27;[35m[@503 - main]&amp#27;[m &amp#27;[36mcom.shaft.tools.io.ReportManager&amp#27;[m : File Action "DoesFileExist" successfully performed. With the following test data "File Path: "SteeringCompanyAPI_TestData/SteeringCompanyAPI_TestData.xlsx"".
2023-02-07 10:58:33.555 &amp#27;[32m INFO&amp#27;[m &amp#27;[35m[@503 - main]&amp#27;[m &amp#27;[36mcom.shaft.tools.io.ReportManager&amp#27;[m : Successfully created attachment "Test Data - Excel"
2023-02-07 10:58:33.556 &amp#27;[32m INFO&amp#27;[m &amp#27;[35m[@503 - main]&amp#27;[m &amp#27;[36mcom.shaft.tools.io.ReportManager&amp#27;[m : File Action "DoesFileExist" successfully performed. With the following test data "File Path: "SteeringCompanyAPI_TestData/SteeringCompanyAPI_TestData.xlsx"".
2023-02-07 10:58:33.576 &amp#27;[32m INFO&amp#27;[m &amp#27;[35m[@503 - main]&amp#27;[m &amp#27;[36mcom.shaft.tools.io.ReportManager&amp#27;[m : Successfully created attachment "Test Data - Excel"
2023-02-07 10:58:34.113 &amp#27;[32m INFO&amp#27;[m &amp#27;[35m[@503 - main]&amp#27;[m &amp#27;[36mcom.shaft.tools.io.ReportManager&amp#27;[m : Response status code: "422", status line: "HTTP/1.1 422 "
2023-02-07 10:58:34.141 &amp#27;[32m INFO&amp#27;[m &amp#27;[35m[@503 - main]&amp#27;[m &amp#27;[36mcom.shaft.tools.io.ReportManager&amp#27;[m : Successfully created attachment "API Request - Specifications"
2023-02-07 10:58:34.146 &amp#27;[32m INFO&amp#27;[m &amp#27;[35m[@503 - main]&amp#27;[m &amp#27;[36mcom.shaft.tools.io.ReportManager&amp#27;[m : Successfully created attachment "API Request - JSON Body"
2023-02-07 10:58:34.148 &amp#27;[32m INFO&amp#27;[m &amp#27;[35m[@503 - main]&amp#27;[m &amp#27;[36mcom.shaft.tools.io.ReportManager&amp#27;[m : Successfully created attachment "API Response - JSON Body"
2023-02-07 10:58:34.153 &amp#27;[32m INFO&amp#27;[m &amp#27;[35m[@503 - main]&amp#27;[m &amp#27;[36mcom.shaft.tools.io.ReportManager&amp#27;[m : File Action "DoesFileExist" successfully performed. With the following test data "File Path: "Schemas/ValidationError_schema.json"".
2023-02-07 10:58:34.154 &amp#27;[32m INFO&amp#27;[m &amp#27;[35m[@503 - main]&amp#27;[m &amp#27;[36mcom.shaft.tools.io.ReportManager&amp#27;[m : File Action "DoesFileExist" successfully performed. With the following test data "File Path: "src/test/resources/testDataFiles/Schemas/ValidationError_schema.json"".
2023-02-07 10:58:34.154 &amp#27;[32m INFO&amp#27;[m &amp#27;[35m[@503 - main]&amp#27;[m &amp#27;[36mcom.shaft.tools.io.ReportManager&amp#27;[m : File Action "GetAbsolutePath" successfully performed. With the following test data "Relative Folder Path: "src/test/resources/testDataFiles/Schemas/ValidationError_schema.json"".
2023-02-07 10:58:34.156 &amp#27;[32m INFO&amp#27;[m &amp#27;[35m[@503 - main]&amp#27;[m &amp#27;[36mcom.shaft.tools.io.ReportManager&amp#27;[m : File Action "DoesFileExist" successfully performed. With the following test data "File Path: "C:\eclipse-workspace\MyProjects\TASystemsAPIs\src\test\resources\testDataFiles\Schemas\ValidationError_schema.json"".
2023-02-07 10:58:34.157 &amp#27;[32m INFO&amp#27;[m &amp#27;[35m[@503 - main]&amp#27;[m &amp#27;[36mcom.shaft.tools.io.ReportManager&amp#27;[m : File Action "GetAbsolutePath" successfully performed. With the following test data "Relative Folder Path: "C:\eclipse-workspace\MyProjects\TASystemsAPIs\src\test\resources\testDataFiles\Schemas\ValidationError_schema.json"".
2023-02-07 10:58:34.157 &amp#27;[32m INFO&amp#27;[m &amp#27;[35m[@503 - main]&amp#27;[m &amp#27;[36mcom.shaft.tools.io.ReportManager&amp#27;[m : File Action "ReadFile" successfully performed. With the following test data "File Path: "C:\eclipse-workspace\MyProjects\TASystemsAPIs\src\test\resources\testDataFiles\Schemas\ValidationError_schema.json"".
2023-02-07 10:58:34.161 &amp#27;[32m INFO&amp#27;[m &amp#27;[35m[@503 - main]&amp#27;[m &amp#27;[36mcom.shaft.tools.io.ReportManager&amp#27;[m : Successfully created attachment "Validation Test Data - Expected JSON Value"
2023-02-07 10:58:34.162 &amp#27;[32m INFO&amp#27;[m &amp#27;[35m[@503 - main]&amp#27;[m &amp#27;[36mcom.shaft.tools.io.ReportManager&amp#27;[m : Successfully created attachment "Validation Test Data - Actual JSON Value"
2023-02-07 10:58:34.163 &amp#27;[32m INFO&amp#27;[m &amp#27;[35m[@503 - main]&amp#27;[m &amp#27;[36mcom.shaft.tools.io.ReportManager&amp#27;[m : Successfully created attachment "SHAFT Engine Logs - Current Method log: Add_Policy_With_InValid_data_TC"
]]></system-out>
  </testcase>
  <testcase name="Add_Policy_With_InValid_data_TC[[Ljava.lang.Object;@5723d538](51)" classname="SteeringCompanyAPI_TestCases.Test_Policies_Cases" time="2.012">
    <system-out><![CDATA[2023-02-07 10:58:34.167 &amp#27;[32m INFO&amp#27;[m &amp#27;[35m[@534 - main]&amp#27;[m &amp#27;[36mcom.shaft.tools.io.ReportManager&amp#27;[m : 
################################################################################################################################################
Starting Execution:	"149 out of 107" test cases in the current suite
Test Method:		"SteeringCompanyAPI_TestCases.Test_Policies_Cases.Add_Policy_With_InValid_data_TC"
Test Description:	"TC052 -Policy- Perform Add Policy with InValid data"
################################################################################################################################################
2023-02-07 10:58:34.168 &amp#27;[32m INFO&amp#27;[m &amp#27;[35m[@503 - main]&amp#27;[m &amp#27;[36mcom.shaft.tools.io.ReportManager&amp#27;[m : File Action "DoesFileExist" successfully performed. With the following test data "File Path: "SteeringCompanyAPI_TestData/SteeringCompanyAPI_TestData.xlsx"".
2023-02-07 10:58:34.211 &amp#27;[32m INFO&amp#27;[m &amp#27;[35m[@503 - main]&amp#27;[m &amp#27;[36mcom.shaft.tools.io.ReportManager&amp#27;[m : Successfully created attachment "Test Data - Excel"
2023-02-07 10:58:35.498 &amp#27;[32m INFO&amp#27;[m &amp#27;[35m[@503 - main]&amp#27;[m &amp#27;[36mcom.shaft.tools.io.ReportManager&amp#27;[m : Response status code: "200", status line: "HTTP/1.1 200 OK"
2023-02-07 10:58:35.516 &amp#27;[32m INFO&amp#27;[m &amp#27;[35m[@503 - main]&amp#27;[m &amp#27;[36mcom.shaft.tools.io.ReportManager&amp#27;[m : Successfully created attachment "API Request - Specifications"
2023-02-07 10:58:35.518 &amp#27;[32m INFO&amp#27;[m &amp#27;[35m[@503 - main]&amp#27;[m &amp#27;[36mcom.shaft.tools.io.ReportManager&amp#27;[m : Successfully created attachment "API Request - Body"
2023-02-07 10:58:35.521 &amp#27;[32m INFO&amp#27;[m &amp#27;[35m[@503 - main]&amp#27;[m &amp#27;[36mcom.shaft.tools.io.ReportManager&amp#27;[m : Successfully created attachment "API Response - JSON Body"
2023-02-07 10:58:35.536 &amp#27;[32m INFO&amp#27;[m &amp#27;[35m[@503 - main]&amp#27;[m &amp#27;[36mcom.shaft.tools.io.ReportManager&amp#27;[m : File Action "DoesFileExist" successfully performed. With the following test data "File Path: "SteeringCompanyAPI_TestData/SteeringCompanyAPI_TestData.xlsx"".
2023-02-07 10:58:35.562 &amp#27;[32m INFO&amp#27;[m &amp#27;[35m[@503 - main]&amp#27;[m &amp#27;[36mcom.shaft.tools.io.ReportManager&amp#27;[m : Successfully created attachment "Test Data - Excel"
2023-02-07 10:58:35.562 &amp#27;[32m INFO&amp#27;[m &amp#27;[35m[@503 - main]&amp#27;[m &amp#27;[36mcom.shaft.tools.io.ReportManager&amp#27;[m : File Action "DoesFileExist" successfully performed. With the following test data "File Path: "SteeringCompanyAPI_TestData/SteeringCompanyAPI_TestData.xlsx"".
2023-02-07 10:58:35.596 &amp#27;[32m INFO&amp#27;[m &amp#27;[35m[@503 - main]&amp#27;[m &amp#27;[36mcom.shaft.tools.io.ReportManager&amp#27;[m : Successfully created attachment "Test Data - Excel"
2023-02-07 10:58:35.596 &amp#27;[32m INFO&amp#27;[m &amp#27;[35m[@503 - main]&amp#27;[m &amp#27;[36mcom.shaft.tools.io.ReportManager&amp#27;[m : File Action "DoesFileExist" successfully performed. With the following test data "File Path: "SteeringCompanyAPI_TestData/SteeringCompanyAPI_TestData.xlsx"".
2023-02-07 10:58:35.626 &amp#27;[32m INFO&amp#27;[m &amp#27;[35m[@503 - main]&amp#27;[m &amp#27;[36mcom.shaft.tools.io.ReportManager&amp#27;[m : Successfully created attachment "Test Data - Excel"
2023-02-07 10:58:36.139 &amp#27;[32m INFO&amp#27;[m &amp#27;[35m[@503 - main]&amp#27;[m &amp#27;[36mcom.shaft.tools.io.ReportManager&amp#27;[m : Response status code: "422", status line: "HTTP/1.1 422 "
2023-02-07 10:58:36.156 &amp#27;[32m INFO&amp#27;[m &amp#27;[35m[@503 - main]&amp#27;[m &amp#27;[36mcom.shaft.tools.io.ReportManager&amp#27;[m : Successfully created attachment "API Request - Specifications"
2023-02-07 10:58:36.157 &amp#27;[32m INFO&amp#27;[m &amp#27;[35m[@503 - main]&amp#27;[m &amp#27;[36mcom.shaft.tools.io.ReportManager&amp#27;[m : Successfully created attachment "API Request - JSON Body"
2023-02-07 10:58:36.159 &amp#27;[32m INFO&amp#27;[m &amp#27;[35m[@503 - main]&amp#27;[m &amp#27;[36mcom.shaft.tools.io.ReportManager&amp#27;[m : Successfully created attachment "API Response - JSON Body"
2023-02-07 10:58:36.161 &amp#27;[32m INFO&amp#27;[m &amp#27;[35m[@503 - main]&amp#27;[m &amp#27;[36mcom.shaft.tools.io.ReportManager&amp#27;[m : File Action "DoesFileExist" successfully performed. With the following test data "File Path: "Schemas/ValidationError_schema.json"".
2023-02-07 10:58:36.161 &amp#27;[32m INFO&amp#27;[m &amp#27;[35m[@503 - main]&amp#27;[m &amp#27;[36mcom.shaft.tools.io.ReportManager&amp#27;[m : File Action "DoesFileExist" successfully performed. With the following test data "File Path: "src/test/resources/testDataFiles/Schemas/ValidationError_schema.json"".
2023-02-07 10:58:36.162 &amp#27;[32m INFO&amp#27;[m &amp#27;[35m[@503 - main]&amp#27;[m &amp#27;[36mcom.shaft.tools.io.ReportManager&amp#27;[m : File Action "GetAbsolutePath" successfully performed. With the following test data "Relative Folder Path: "src/test/resources/testDataFiles/Schemas/ValidationError_schema.json"".
2023-02-07 10:58:36.167 &amp#27;[32m INFO&amp#27;[m &amp#27;[35m[@503 - main]&amp#27;[m &amp#27;[36mcom.shaft.tools.io.ReportManager&amp#27;[m : File Action "DoesFileExist" successfully performed. With the following test data "File Path: "C:\eclipse-workspace\MyProjects\TASystemsAPIs\src\test\resources\testDataFiles\Schemas\ValidationError_schema.json"".
2023-02-07 10:58:36.168 &amp#27;[32m INFO&amp#27;[m &amp#27;[35m[@503 - main]&amp#27;[m &amp#27;[36mcom.shaft.tools.io.ReportManager&amp#27;[m : File Action "GetAbsolutePath" successfully performed. With the following test data "Relative Folder Path: "C:\eclipse-workspace\MyProjects\TASystemsAPIs\src\test\resources\testDataFiles\Schemas\ValidationError_schema.json"".
2023-02-07 10:58:36.169 &amp#27;[32m INFO&amp#27;[m &amp#27;[35m[@503 - main]&amp#27;[m &amp#27;[36mcom.shaft.tools.io.ReportManager&amp#27;[m : File Action "ReadFile" successfully performed. With the following test data "File Path: "C:\eclipse-workspace\MyProjects\TASystemsAPIs\src\test\resources\testDataFiles\Schemas\ValidationError_schema.json"".
2023-02-07 10:58:36.173 &amp#27;[32m INFO&amp#27;[m &amp#27;[35m[@503 - main]&amp#27;[m &amp#27;[36mcom.shaft.tools.io.ReportManager&amp#27;[m : Successfully created attachment "Validation Test Data - Expected JSON Value"
2023-02-07 10:58:36.175 &amp#27;[32m INFO&amp#27;[m &amp#27;[35m[@503 - main]&amp#27;[m &amp#27;[36mcom.shaft.tools.io.ReportManager&amp#27;[m : Successfully created attachment "Validation Test Data - Actual JSON Value"
2023-02-07 10:58:36.177 &amp#27;[32m INFO&amp#27;[m &amp#27;[35m[@503 - main]&amp#27;[m &amp#27;[36mcom.shaft.tools.io.ReportManager&amp#27;[m : Successfully created attachment "SHAFT Engine Logs - Current Method log: Add_Policy_With_InValid_data_TC"
]]></system-out>
  </testcase>
  <testcase name="Add_Policy_With_InValid_data_TC[[Ljava.lang.Object;@16d38944](52)" classname="SteeringCompanyAPI_TestCases.Test_Policies_Cases" time="1.456">
    <system-out><![CDATA[2023-02-07 10:58:36.180 &amp#27;[32m INFO&amp#27;[m &amp#27;[35m[@534 - main]&amp#27;[m &amp#27;[36mcom.shaft.tools.io.ReportManager&amp#27;[m : 
################################################################################################################################################
Starting Execution:	"150 out of 107" test cases in the current suite
Test Method:		"SteeringCompanyAPI_TestCases.Test_Policies_Cases.Add_Policy_With_InValid_data_TC"
Test Description:	"TC052 -Policy- Perform Add Policy with InValid data"
################################################################################################################################################
2023-02-07 10:58:36.181 &amp#27;[32m INFO&amp#27;[m &amp#27;[35m[@503 - main]&amp#27;[m &amp#27;[36mcom.shaft.tools.io.ReportManager&amp#27;[m : File Action "DoesFileExist" successfully performed. With the following test data "File Path: "SteeringCompanyAPI_TestData/SteeringCompanyAPI_TestData.xlsx"".
2023-02-07 10:58:36.234 &amp#27;[32m INFO&amp#27;[m &amp#27;[35m[@503 - main]&amp#27;[m &amp#27;[36mcom.shaft.tools.io.ReportManager&amp#27;[m : Successfully created attachment "Test Data - Excel"
2023-02-07 10:58:36.845 &amp#27;[32m INFO&amp#27;[m &amp#27;[35m[@503 - main]&amp#27;[m &amp#27;[36mcom.shaft.tools.io.ReportManager&amp#27;[m : Response status code: "200", status line: "HTTP/1.1 200 OK"
2023-02-07 10:58:36.883 &amp#27;[32m INFO&amp#27;[m &amp#27;[35m[@503 - main]&amp#27;[m &amp#27;[36mcom.shaft.tools.io.ReportManager&amp#27;[m : Successfully created attachment "API Request - Specifications"
2023-02-07 10:58:36.886 &amp#27;[32m INFO&amp#27;[m &amp#27;[35m[@503 - main]&amp#27;[m &amp#27;[36mcom.shaft.tools.io.ReportManager&amp#27;[m : Successfully created attachment "API Request - Body"
2023-02-07 10:58:36.889 &amp#27;[32m INFO&amp#27;[m &amp#27;[35m[@503 - main]&amp#27;[m &amp#27;[36mcom.shaft.tools.io.ReportManager&amp#27;[m : Successfully created attachment "API Response - JSON Body"
2023-02-07 10:58:36.921 &amp#27;[32m INFO&amp#27;[m &amp#27;[35m[@503 - main]&amp#27;[m &amp#27;[36mcom.shaft.tools.io.ReportManager&amp#27;[m : File Action "DoesFileExist" successfully performed. With the following test data "File Path: "SteeringCompanyAPI_TestData/SteeringCompanyAPI_TestData.xlsx"".
2023-02-07 10:58:36.979 &amp#27;[32m INFO&amp#27;[m &amp#27;[35m[@503 - main]&amp#27;[m &amp#27;[36mcom.shaft.tools.io.ReportManager&amp#27;[m : Successfully created attachment "Test Data - Excel"
2023-02-07 10:58:36.980 &amp#27;[32m INFO&amp#27;[m &amp#27;[35m[@503 - main]&amp#27;[m &amp#27;[36mcom.shaft.tools.io.ReportManager&amp#27;[m : File Action "DoesFileExist" successfully performed. With the following test data "File Path: "SteeringCompanyAPI_TestData/SteeringCompanyAPI_TestData.xlsx"".
2023-02-07 10:58:37.033 &amp#27;[32m INFO&amp#27;[m &amp#27;[35m[@503 - main]&amp#27;[m &amp#27;[36mcom.shaft.tools.io.ReportManager&amp#27;[m : Successfully created attachment "Test Data - Excel"
2023-02-07 10:58:37.033 &amp#27;[32m INFO&amp#27;[m &amp#27;[35m[@503 - main]&amp#27;[m &amp#27;[36mcom.shaft.tools.io.ReportManager&amp#27;[m : File Action "DoesFileExist" successfully performed. With the following test data "File Path: "SteeringCompanyAPI_TestData/SteeringCompanyAPI_TestData.xlsx"".
2023-02-07 10:58:37.073 &amp#27;[32m INFO&amp#27;[m &amp#27;[35m[@503 - main]&amp#27;[m &amp#27;[36mcom.shaft.tools.io.ReportManager&amp#27;[m : Successfully created attachment "Test Data - Excel"
2023-02-07 10:58:37.592 &amp#27;[32m INFO&amp#27;[m &amp#27;[35m[@503 - main]&amp#27;[m &amp#27;[36mcom.shaft.tools.io.ReportManager&amp#27;[m : Response status code: "422", status line: "HTTP/1.1 422 "
2023-02-07 10:58:37.616 &amp#27;[32m INFO&amp#27;[m &amp#27;[35m[@503 - main]&amp#27;[m &amp#27;[36mcom.shaft.tools.io.ReportManager&amp#27;[m : Successfully created attachment "API Request - Specifications"
2023-02-07 10:58:37.618 &amp#27;[32m INFO&amp#27;[m &amp#27;[35m[@503 - main]&amp#27;[m &amp#27;[36mcom.shaft.tools.io.ReportManager&amp#27;[m : Successfully created attachment "API Request - JSON Body"
2023-02-07 10:58:37.618 &amp#27;[32m INFO&amp#27;[m &amp#27;[35m[@503 - main]&amp#27;[m &amp#27;[36mcom.shaft.tools.io.ReportManager&amp#27;[m : Successfully created attachment "API Response - JSON Body"
2023-02-07 10:58:37.619 &amp#27;[32m INFO&amp#27;[m &amp#27;[35m[@503 - main]&amp#27;[m &amp#27;[36mcom.shaft.tools.io.ReportManager&amp#27;[m : File Action "DoesFileExist" successfully performed. With the following test data "File Path: "Schemas/ValidationError_schema.json"".
2023-02-07 10:58:37.620 &amp#27;[32m INFO&amp#27;[m &amp#27;[35m[@503 - main]&amp#27;[m &amp#27;[36mcom.shaft.tools.io.ReportManager&amp#27;[m : File Action "DoesFileExist" successfully performed. With the following test data "File Path: "src/test/resources/testDataFiles/Schemas/ValidationError_schema.json"".
2023-02-07 10:58:37.620 &amp#27;[32m INFO&amp#27;[m &amp#27;[35m[@503 - main]&amp#27;[m &amp#27;[36mcom.shaft.tools.io.ReportManager&amp#27;[m : File Action "GetAbsolutePath" successfully performed. With the following test data "Relative Folder Path: "src/test/resources/testDataFiles/Schemas/ValidationError_schema.json"".
2023-02-07 10:58:37.626 &amp#27;[32m INFO&amp#27;[m &amp#27;[35m[@503 - main]&amp#27;[m &amp#27;[36mcom.shaft.tools.io.ReportManager&amp#27;[m : File Action "DoesFileExist" successfully performed. With the following test data "File Path: "C:\eclipse-workspace\MyProjects\TASystemsAPIs\src\test\resources\testDataFiles\Schemas\ValidationError_schema.json"".
2023-02-07 10:58:37.626 &amp#27;[32m INFO&amp#27;[m &amp#27;[35m[@503 - main]&amp#27;[m &amp#27;[36mcom.shaft.tools.io.ReportManager&amp#27;[m : File Action "GetAbsolutePath" successfully performed. With the following test data "Relative Folder Path: "C:\eclipse-workspace\MyProjects\TASystemsAPIs\src\test\resources\testDataFiles\Schemas\ValidationError_schema.json"".
2023-02-07 10:58:37.626 &amp#27;[32m INFO&amp#27;[m &amp#27;[35m[@503 - main]&amp#27;[m &amp#27;[36mcom.shaft.tools.io.ReportManager&amp#27;[m : File Action "ReadFile" successfully performed. With the following test data "File Path: "C:\eclipse-workspace\MyProjects\TASystemsAPIs\src\test\resources\testDataFiles\Schemas\ValidationError_schema.json"".
2023-02-07 10:58:37.628 &amp#27;[32m INFO&amp#27;[m &amp#27;[35m[@503 - main]&amp#27;[m &amp#27;[36mcom.shaft.tools.io.ReportManager&amp#27;[m : Successfully created attachment "Validation Test Data - Expected JSON Value"
2023-02-07 10:58:37.630 &amp#27;[32m INFO&amp#27;[m &amp#27;[35m[@503 - main]&amp#27;[m &amp#27;[36mcom.shaft.tools.io.ReportManager&amp#27;[m : Successfully created attachment "Validation Test Data - Actual JSON Value"
2023-02-07 10:58:37.632 &amp#27;[32m INFO&amp#27;[m &amp#27;[35m[@503 - main]&amp#27;[m &amp#27;[36mcom.shaft.tools.io.ReportManager&amp#27;[m : Successfully created attachment "SHAFT Engine Logs - Current Method log: Add_Policy_With_InValid_data_TC"
]]></system-out>
  </testcase>
  <testcase name="Add_Policy_With_InValid_data_TC[[Ljava.lang.Object;@6cf1cd4b](53)" classname="SteeringCompanyAPI_TestCases.Test_Policies_Cases" time="1.477">
    <system-out><![CDATA[2023-02-07 10:58:37.637 &amp#27;[32m INFO&amp#27;[m &amp#27;[35m[@534 - main]&amp#27;[m &amp#27;[36mcom.shaft.tools.io.ReportManager&amp#27;[m : 
################################################################################################################################################
Starting Execution:	"151 out of 107" test cases in the current suite
Test Method:		"SteeringCompanyAPI_TestCases.Test_Policies_Cases.Add_Policy_With_InValid_data_TC"
Test Description:	"TC052 -Policy- Perform Add Policy with InValid data"
################################################################################################################################################
2023-02-07 10:58:37.638 &amp#27;[32m INFO&amp#27;[m &amp#27;[35m[@503 - main]&amp#27;[m &amp#27;[36mcom.shaft.tools.io.ReportManager&amp#27;[m : File Action "DoesFileExist" successfully performed. With the following test data "File Path: "SteeringCompanyAPI_TestData/SteeringCompanyAPI_TestData.xlsx"".
2023-02-07 10:58:37.694 &amp#27;[32m INFO&amp#27;[m &amp#27;[35m[@503 - main]&amp#27;[m &amp#27;[36mcom.shaft.tools.io.ReportManager&amp#27;[m : Successfully created attachment "Test Data - Excel"
2023-02-07 10:58:38.373 &amp#27;[32m INFO&amp#27;[m &amp#27;[35m[@503 - main]&amp#27;[m &amp#27;[36mcom.shaft.tools.io.ReportManager&amp#27;[m : Response status code: "200", status line: "HTTP/1.1 200 OK"
2023-02-07 10:58:38.396 &amp#27;[32m INFO&amp#27;[m &amp#27;[35m[@503 - main]&amp#27;[m &amp#27;[36mcom.shaft.tools.io.ReportManager&amp#27;[m : Successfully created attachment "API Request - Specifications"
2023-02-07 10:58:38.397 &amp#27;[32m INFO&amp#27;[m &amp#27;[35m[@503 - main]&amp#27;[m &amp#27;[36mcom.shaft.tools.io.ReportManager&amp#27;[m : Successfully created attachment "API Request - Body"
2023-02-07 10:58:38.398 &amp#27;[32m INFO&amp#27;[m &amp#27;[35m[@503 - main]&amp#27;[m &amp#27;[36mcom.shaft.tools.io.ReportManager&amp#27;[m : Successfully created attachment "API Response - JSON Body"
2023-02-07 10:58:38.427 &amp#27;[32m INFO&amp#27;[m &amp#27;[35m[@503 - main]&amp#27;[m &amp#27;[36mcom.shaft.tools.io.ReportManager&amp#27;[m : File Action "DoesFileExist" successfully performed. With the following test data "File Path: "SteeringCompanyAPI_TestData/SteeringCompanyAPI_TestData.xlsx"".
2023-02-07 10:58:38.471 &amp#27;[32m INFO&amp#27;[m &amp#27;[35m[@503 - main]&amp#27;[m &amp#27;[36mcom.shaft.tools.io.ReportManager&amp#27;[m : Successfully created attachment "Test Data - Excel"
2023-02-07 10:58:38.471 &amp#27;[32m INFO&amp#27;[m &amp#27;[35m[@503 - main]&amp#27;[m &amp#27;[36mcom.shaft.tools.io.ReportManager&amp#27;[m : File Action "DoesFileExist" successfully performed. With the following test data "File Path: "SteeringCompanyAPI_TestData/SteeringCompanyAPI_TestData.xlsx"".
2023-02-07 10:58:38.505 &amp#27;[32m INFO&amp#27;[m &amp#27;[35m[@503 - main]&amp#27;[m &amp#27;[36mcom.shaft.tools.io.ReportManager&amp#27;[m : Successfully created attachment "Test Data - Excel"
2023-02-07 10:58:38.509 &amp#27;[32m INFO&amp#27;[m &amp#27;[35m[@503 - main]&amp#27;[m &amp#27;[36mcom.shaft.tools.io.ReportManager&amp#27;[m : File Action "DoesFileExist" successfully performed. With the following test data "File Path: "SteeringCompanyAPI_TestData/SteeringCompanyAPI_TestData.xlsx"".
2023-02-07 10:58:38.553 &amp#27;[32m INFO&amp#27;[m &amp#27;[35m[@503 - main]&amp#27;[m &amp#27;[36mcom.shaft.tools.io.ReportManager&amp#27;[m : Successfully created attachment "Test Data - Excel"
2023-02-07 10:58:39.072 &amp#27;[32m INFO&amp#27;[m &amp#27;[35m[@503 - main]&amp#27;[m &amp#27;[36mcom.shaft.tools.io.ReportManager&amp#27;[m : Response status code: "422", status line: "HTTP/1.1 422 "
2023-02-07 10:58:39.100 &amp#27;[32m INFO&amp#27;[m &amp#27;[35m[@503 - main]&amp#27;[m &amp#27;[36mcom.shaft.tools.io.ReportManager&amp#27;[m : Successfully created attachment "API Request - Specifications"
2023-02-07 10:58:39.101 &amp#27;[32m INFO&amp#27;[m &amp#27;[35m[@503 - main]&amp#27;[m &amp#27;[36mcom.shaft.tools.io.ReportManager&amp#27;[m : Successfully created attachment "API Request - JSON Body"
2023-02-07 10:58:39.101 &amp#27;[32m INFO&amp#27;[m &amp#27;[35m[@503 - main]&amp#27;[m &amp#27;[36mcom.shaft.tools.io.ReportManager&amp#27;[m : Successfully created attachment "API Response - JSON Body"
2023-02-07 10:58:39.103 &amp#27;[32m INFO&amp#27;[m &amp#27;[35m[@503 - main]&amp#27;[m &amp#27;[36mcom.shaft.tools.io.ReportManager&amp#27;[m : File Action "DoesFileExist" successfully performed. With the following test data "File Path: "Schemas/ValidationError_schema.json"".
2023-02-07 10:58:39.103 &amp#27;[32m INFO&amp#27;[m &amp#27;[35m[@503 - main]&amp#27;[m &amp#27;[36mcom.shaft.tools.io.ReportManager&amp#27;[m : File Action "DoesFileExist" successfully performed. With the following test data "File Path: "src/test/resources/testDataFiles/Schemas/ValidationError_schema.json"".
2023-02-07 10:58:39.103 &amp#27;[32m INFO&amp#27;[m &amp#27;[35m[@503 - main]&amp#27;[m &amp#27;[36mcom.shaft.tools.io.ReportManager&amp#27;[m : File Action "GetAbsolutePath" successfully performed. With the following test data "Relative Folder Path: "src/test/resources/testDataFiles/Schemas/ValidationError_schema.json"".
2023-02-07 10:58:39.105 &amp#27;[32m INFO&amp#27;[m &amp#27;[35m[@503 - main]&amp#27;[m &amp#27;[36mcom.shaft.tools.io.ReportManager&amp#27;[m : File Action "DoesFileExist" successfully performed. With the following test data "File Path: "C:\eclipse-workspace\MyProjects\TASystemsAPIs\src\test\resources\testDataFiles\Schemas\ValidationError_schema.json"".
2023-02-07 10:58:39.106 &amp#27;[32m INFO&amp#27;[m &amp#27;[35m[@503 - main]&amp#27;[m &amp#27;[36mcom.shaft.tools.io.ReportManager&amp#27;[m : File Action "GetAbsolutePath" successfully performed. With the following test data "Relative Folder Path: "C:\eclipse-workspace\MyProjects\TASystemsAPIs\src\test\resources\testDataFiles\Schemas\ValidationError_schema.json"".
2023-02-07 10:58:39.106 &amp#27;[32m INFO&amp#27;[m &amp#27;[35m[@503 - main]&amp#27;[m &amp#27;[36mcom.shaft.tools.io.ReportManager&amp#27;[m : File Action "ReadFile" successfully performed. With the following test data "File Path: "C:\eclipse-workspace\MyProjects\TASystemsAPIs\src\test\resources\testDataFiles\Schemas\ValidationError_schema.json"".
2023-02-07 10:58:39.108 &amp#27;[32m INFO&amp#27;[m &amp#27;[35m[@503 - main]&amp#27;[m &amp#27;[36mcom.shaft.tools.io.ReportManager&amp#27;[m : Successfully created attachment "Validation Test Data - Expected JSON Value"
2023-02-07 10:58:39.109 &amp#27;[32m INFO&amp#27;[m &amp#27;[35m[@503 - main]&amp#27;[m &amp#27;[36mcom.shaft.tools.io.ReportManager&amp#27;[m : Successfully created attachment "Validation Test Data - Actual JSON Value"
2023-02-07 10:58:39.110 &amp#27;[32m INFO&amp#27;[m &amp#27;[35m[@503 - main]&amp#27;[m &amp#27;[36mcom.shaft.tools.io.ReportManager&amp#27;[m : Successfully created attachment "SHAFT Engine Logs - Current Method log: Add_Policy_With_InValid_data_TC"
]]></system-out>
  </testcase>
  <testcase name="Add_Policy_With_InValid_data_TC[[Ljava.lang.Object;@384cb812](54)" classname="SteeringCompanyAPI_TestCases.Test_Policies_Cases" time="1.277">
    <system-out><![CDATA[2023-02-07 10:58:39.115 &amp#27;[32m INFO&amp#27;[m &amp#27;[35m[@534 - main]&amp#27;[m &amp#27;[36mcom.shaft.tools.io.ReportManager&amp#27;[m : 
################################################################################################################################################
Starting Execution:	"152 out of 107" test cases in the current suite
Test Method:		"SteeringCompanyAPI_TestCases.Test_Policies_Cases.Add_Policy_With_InValid_data_TC"
Test Description:	"TC052 -Policy- Perform Add Policy with InValid data"
################################################################################################################################################
2023-02-07 10:58:39.116 &amp#27;[32m INFO&amp#27;[m &amp#27;[35m[@503 - main]&amp#27;[m &amp#27;[36mcom.shaft.tools.io.ReportManager&amp#27;[m : File Action "DoesFileExist" successfully performed. With the following test data "File Path: "SteeringCompanyAPI_TestData/SteeringCompanyAPI_TestData.xlsx"".
2023-02-07 10:58:39.174 &amp#27;[32m INFO&amp#27;[m &amp#27;[35m[@503 - main]&amp#27;[m &amp#27;[36mcom.shaft.tools.io.ReportManager&amp#27;[m : Successfully created attachment "Test Data - Excel"
2023-02-07 10:58:39.777 &amp#27;[32m INFO&amp#27;[m &amp#27;[35m[@503 - main]&amp#27;[m &amp#27;[36mcom.shaft.tools.io.ReportManager&amp#27;[m : Response status code: "200", status line: "HTTP/1.1 200 OK"
2023-02-07 10:58:39.785 &amp#27;[32m INFO&amp#27;[m &amp#27;[35m[@503 - main]&amp#27;[m &amp#27;[36mcom.shaft.tools.io.ReportManager&amp#27;[m : Successfully created attachment "API Request - Specifications"
2023-02-07 10:58:39.789 &amp#27;[32m INFO&amp#27;[m &amp#27;[35m[@503 - main]&amp#27;[m &amp#27;[36mcom.shaft.tools.io.ReportManager&amp#27;[m : Successfully created attachment "API Request - Body"
2023-02-07 10:58:39.789 &amp#27;[32m INFO&amp#27;[m &amp#27;[35m[@503 - main]&amp#27;[m &amp#27;[36mcom.shaft.tools.io.ReportManager&amp#27;[m : Successfully created attachment "API Response - JSON Body"
2023-02-07 10:58:39.797 &amp#27;[32m INFO&amp#27;[m &amp#27;[35m[@503 - main]&amp#27;[m &amp#27;[36mcom.shaft.tools.io.ReportManager&amp#27;[m : File Action "DoesFileExist" successfully performed. With the following test data "File Path: "SteeringCompanyAPI_TestData/SteeringCompanyAPI_TestData.xlsx"".
2023-02-07 10:58:39.816 &amp#27;[32m INFO&amp#27;[m &amp#27;[35m[@503 - main]&amp#27;[m &amp#27;[36mcom.shaft.tools.io.ReportManager&amp#27;[m : Successfully created attachment "Test Data - Excel"
2023-02-07 10:58:39.816 &amp#27;[32m INFO&amp#27;[m &amp#27;[35m[@503 - main]&amp#27;[m &amp#27;[36mcom.shaft.tools.io.ReportManager&amp#27;[m : File Action "DoesFileExist" successfully performed. With the following test data "File Path: "SteeringCompanyAPI_TestData/SteeringCompanyAPI_TestData.xlsx"".
2023-02-07 10:58:39.841 &amp#27;[32m INFO&amp#27;[m &amp#27;[35m[@503 - main]&amp#27;[m &amp#27;[36mcom.shaft.tools.io.ReportManager&amp#27;[m : Successfully created attachment "Test Data - Excel"
2023-02-07 10:58:39.841 &amp#27;[32m INFO&amp#27;[m &amp#27;[35m[@503 - main]&amp#27;[m &amp#27;[36mcom.shaft.tools.io.ReportManager&amp#27;[m : File Action "DoesFileExist" successfully performed. With the following test data "File Path: "SteeringCompanyAPI_TestData/SteeringCompanyAPI_TestData.xlsx"".
2023-02-07 10:58:39.866 &amp#27;[32m INFO&amp#27;[m &amp#27;[35m[@503 - main]&amp#27;[m &amp#27;[36mcom.shaft.tools.io.ReportManager&amp#27;[m : Successfully created attachment "Test Data - Excel"
2023-02-07 10:58:40.355 &amp#27;[32m INFO&amp#27;[m &amp#27;[35m[@503 - main]&amp#27;[m &amp#27;[36mcom.shaft.tools.io.ReportManager&amp#27;[m : Response status code: "422", status line: "HTTP/1.1 422 "
2023-02-07 10:58:40.372 &amp#27;[32m INFO&amp#27;[m &amp#27;[35m[@503 - main]&amp#27;[m &amp#27;[36mcom.shaft.tools.io.ReportManager&amp#27;[m : Successfully created attachment "API Request - Specifications"
2023-02-07 10:58:40.375 &amp#27;[32m INFO&amp#27;[m &amp#27;[35m[@503 - main]&amp#27;[m &amp#27;[36mcom.shaft.tools.io.ReportManager&amp#27;[m : Successfully created attachment "API Request - JSON Body"
2023-02-07 10:58:40.376 &amp#27;[32m INFO&amp#27;[m &amp#27;[35m[@503 - main]&amp#27;[m &amp#27;[36mcom.shaft.tools.io.ReportManager&amp#27;[m : Successfully created attachment "API Response - JSON Body"
2023-02-07 10:58:40.378 &amp#27;[32m INFO&amp#27;[m &amp#27;[35m[@503 - main]&amp#27;[m &amp#27;[36mcom.shaft.tools.io.ReportManager&amp#27;[m : File Action "DoesFileExist" successfully performed. With the following test data "File Path: "Schemas/ValidationError_schema.json"".
2023-02-07 10:58:40.378 &amp#27;[32m INFO&amp#27;[m &amp#27;[35m[@503 - main]&amp#27;[m &amp#27;[36mcom.shaft.tools.io.ReportManager&amp#27;[m : File Action "DoesFileExist" successfully performed. With the following test data "File Path: "src/test/resources/testDataFiles/Schemas/ValidationError_schema.json"".
2023-02-07 10:58:40.378 &amp#27;[32m INFO&amp#27;[m &amp#27;[35m[@503 - main]&amp#27;[m &amp#27;[36mcom.shaft.tools.io.ReportManager&amp#27;[m : File Action "GetAbsolutePath" successfully performed. With the following test data "Relative Folder Path: "src/test/resources/testDataFiles/Schemas/ValidationError_schema.json"".
2023-02-07 10:58:40.381 &amp#27;[32m INFO&amp#27;[m &amp#27;[35m[@503 - main]&amp#27;[m &amp#27;[36mcom.shaft.tools.io.ReportManager&amp#27;[m : File Action "DoesFileExist" successfully performed. With the following test data "File Path: "C:\eclipse-workspace\MyProjects\TASystemsAPIs\src\test\resources\testDataFiles\Schemas\ValidationError_schema.json"".
2023-02-07 10:58:40.382 &amp#27;[32m INFO&amp#27;[m &amp#27;[35m[@503 - main]&amp#27;[m &amp#27;[36mcom.shaft.tools.io.ReportManager&amp#27;[m : File Action "GetAbsolutePath" successfully performed. With the following test data "Relative Folder Path: "C:\eclipse-workspace\MyProjects\TASystemsAPIs\src\test\resources\testDataFiles\Schemas\ValidationError_schema.json"".
2023-02-07 10:58:40.382 &amp#27;[32m INFO&amp#27;[m &amp#27;[35m[@503 - main]&amp#27;[m &amp#27;[36mcom.shaft.tools.io.ReportManager&amp#27;[m : File Action "ReadFile" successfully performed. With the following test data "File Path: "C:\eclipse-workspace\MyProjects\TASystemsAPIs\src\test\resources\testDataFiles\Schemas\ValidationError_schema.json"".
2023-02-07 10:58:40.384 &amp#27;[32m INFO&amp#27;[m &amp#27;[35m[@503 - main]&amp#27;[m &amp#27;[36mcom.shaft.tools.io.ReportManager&amp#27;[m : Successfully created attachment "Validation Test Data - Expected JSON Value"
2023-02-07 10:58:40.386 &amp#27;[32m INFO&amp#27;[m &amp#27;[35m[@503 - main]&amp#27;[m &amp#27;[36mcom.shaft.tools.io.ReportManager&amp#27;[m : Successfully created attachment "Validation Test Data - Actual JSON Value"
2023-02-07 10:58:40.387 &amp#27;[32m INFO&amp#27;[m &amp#27;[35m[@503 - main]&amp#27;[m &amp#27;[36mcom.shaft.tools.io.ReportManager&amp#27;[m : Successfully created attachment "SHAFT Engine Logs - Current Method log: Add_Policy_With_InValid_data_TC"
]]></system-out>
  </testcase>
  <testcase name="Add_Policy_With_InValid_data_TC[[Ljava.lang.Object;@76079c1c](55)" classname="SteeringCompanyAPI_TestCases.Test_Policies_Cases" time="1.42">
    <system-out><![CDATA[2023-02-07 10:58:40.390 &amp#27;[32m INFO&amp#27;[m &amp#27;[35m[@534 - main]&amp#27;[m &amp#27;[36mcom.shaft.tools.io.ReportManager&amp#27;[m : 
################################################################################################################################################
Starting Execution:	"153 out of 107" test cases in the current suite
Test Method:		"SteeringCompanyAPI_TestCases.Test_Policies_Cases.Add_Policy_With_InValid_data_TC"
Test Description:	"TC052 -Policy- Perform Add Policy with InValid data"
################################################################################################################################################
2023-02-07 10:58:40.390 &amp#27;[32m INFO&amp#27;[m &amp#27;[35m[@503 - main]&amp#27;[m &amp#27;[36mcom.shaft.tools.io.ReportManager&amp#27;[m : File Action "DoesFileExist" successfully performed. With the following test data "File Path: "SteeringCompanyAPI_TestData/SteeringCompanyAPI_TestData.xlsx"".
2023-02-07 10:58:40.428 &amp#27;[32m INFO&amp#27;[m &amp#27;[35m[@503 - main]&amp#27;[m &amp#27;[36mcom.shaft.tools.io.ReportManager&amp#27;[m : Successfully created attachment "Test Data - Excel"
2023-02-07 10:58:41.044 &amp#27;[32m INFO&amp#27;[m &amp#27;[35m[@503 - main]&amp#27;[m &amp#27;[36mcom.shaft.tools.io.ReportManager&amp#27;[m : Response status code: "200", status line: "HTTP/1.1 200 OK"
2023-02-07 10:58:41.065 &amp#27;[32m INFO&amp#27;[m &amp#27;[35m[@503 - main]&amp#27;[m &amp#27;[36mcom.shaft.tools.io.ReportManager&amp#27;[m : Successfully created attachment "API Request - Specifications"
2023-02-07 10:58:41.066 &amp#27;[32m INFO&amp#27;[m &amp#27;[35m[@503 - main]&amp#27;[m &amp#27;[36mcom.shaft.tools.io.ReportManager&amp#27;[m : Successfully created attachment "API Request - Body"
2023-02-07 10:58:41.068 &amp#27;[32m INFO&amp#27;[m &amp#27;[35m[@503 - main]&amp#27;[m &amp#27;[36mcom.shaft.tools.io.ReportManager&amp#27;[m : Successfully created attachment "API Response - JSON Body"
2023-02-07 10:58:41.089 &amp#27;[32m INFO&amp#27;[m &amp#27;[35m[@503 - main]&amp#27;[m &amp#27;[36mcom.shaft.tools.io.ReportManager&amp#27;[m : File Action "DoesFileExist" successfully performed. With the following test data "File Path: "SteeringCompanyAPI_TestData/SteeringCompanyAPI_TestData.xlsx"".
2023-02-07 10:58:41.127 &amp#27;[32m INFO&amp#27;[m &amp#27;[35m[@503 - main]&amp#27;[m &amp#27;[36mcom.shaft.tools.io.ReportManager&amp#27;[m : Successfully created attachment "Test Data - Excel"
2023-02-07 10:58:41.127 &amp#27;[32m INFO&amp#27;[m &amp#27;[35m[@503 - main]&amp#27;[m &amp#27;[36mcom.shaft.tools.io.ReportManager&amp#27;[m : File Action "DoesFileExist" successfully performed. With the following test data "File Path: "SteeringCompanyAPI_TestData/SteeringCompanyAPI_TestData.xlsx"".
2023-02-07 10:58:41.150 &amp#27;[32m INFO&amp#27;[m &amp#27;[35m[@503 - main]&amp#27;[m &amp#27;[36mcom.shaft.tools.io.ReportManager&amp#27;[m : Successfully created attachment "Test Data - Excel"
2023-02-07 10:58:41.150 &amp#27;[32m INFO&amp#27;[m &amp#27;[35m[@503 - main]&amp#27;[m &amp#27;[36mcom.shaft.tools.io.ReportManager&amp#27;[m : File Action "DoesFileExist" successfully performed. With the following test data "File Path: "SteeringCompanyAPI_TestData/SteeringCompanyAPI_TestData.xlsx"".
2023-02-07 10:58:41.190 &amp#27;[32m INFO&amp#27;[m &amp#27;[35m[@503 - main]&amp#27;[m &amp#27;[36mcom.shaft.tools.io.ReportManager&amp#27;[m : Successfully created attachment "Test Data - Excel"
2023-02-07 10:58:41.776 &amp#27;[32m INFO&amp#27;[m &amp#27;[35m[@503 - main]&amp#27;[m &amp#27;[36mcom.shaft.tools.io.ReportManager&amp#27;[m : Response status code: "422", status line: "HTTP/1.1 422 "
2023-02-07 10:58:41.793 &amp#27;[32m INFO&amp#27;[m &amp#27;[35m[@503 - main]&amp#27;[m &amp#27;[36mcom.shaft.tools.io.ReportManager&amp#27;[m : Successfully created attachment "API Request - Specifications"
2023-02-07 10:58:41.794 &amp#27;[32m INFO&amp#27;[m &amp#27;[35m[@503 - main]&amp#27;[m &amp#27;[36mcom.shaft.tools.io.ReportManager&amp#27;[m : Successfully created attachment "API Request - JSON Body"
2023-02-07 10:58:41.797 &amp#27;[32m INFO&amp#27;[m &amp#27;[35m[@503 - main]&amp#27;[m &amp#27;[36mcom.shaft.tools.io.ReportManager&amp#27;[m : Successfully created attachment "API Response - JSON Body"
2023-02-07 10:58:41.797 &amp#27;[32m INFO&amp#27;[m &amp#27;[35m[@503 - main]&amp#27;[m &amp#27;[36mcom.shaft.tools.io.ReportManager&amp#27;[m : File Action "DoesFileExist" successfully performed. With the following test data "File Path: "Schemas/ValidationError_schema.json"".
2023-02-07 10:58:41.798 &amp#27;[32m INFO&amp#27;[m &amp#27;[35m[@503 - main]&amp#27;[m &amp#27;[36mcom.shaft.tools.io.ReportManager&amp#27;[m : File Action "DoesFileExist" successfully performed. With the following test data "File Path: "src/test/resources/testDataFiles/Schemas/ValidationError_schema.json"".
2023-02-07 10:58:41.798 &amp#27;[32m INFO&amp#27;[m &amp#27;[35m[@503 - main]&amp#27;[m &amp#27;[36mcom.shaft.tools.io.ReportManager&amp#27;[m : File Action "GetAbsolutePath" successfully performed. With the following test data "Relative Folder Path: "src/test/resources/testDataFiles/Schemas/ValidationError_schema.json"".
2023-02-07 10:58:41.801 &amp#27;[32m INFO&amp#27;[m &amp#27;[35m[@503 - main]&amp#27;[m &amp#27;[36mcom.shaft.tools.io.ReportManager&amp#27;[m : File Action "DoesFileExist" successfully performed. With the following test data "File Path: "C:\eclipse-workspace\MyProjects\TASystemsAPIs\src\test\resources\testDataFiles\Schemas\ValidationError_schema.json"".
2023-02-07 10:58:41.801 &amp#27;[32m INFO&amp#27;[m &amp#27;[35m[@503 - main]&amp#27;[m &amp#27;[36mcom.shaft.tools.io.ReportManager&amp#27;[m : File Action "GetAbsolutePath" successfully performed. With the following test data "Relative Folder Path: "C:\eclipse-workspace\MyProjects\TASystemsAPIs\src\test\resources\testDataFiles\Schemas\ValidationError_schema.json"".
2023-02-07 10:58:41.801 &amp#27;[32m INFO&amp#27;[m &amp#27;[35m[@503 - main]&amp#27;[m &amp#27;[36mcom.shaft.tools.io.ReportManager&amp#27;[m : File Action "ReadFile" successfully performed. With the following test data "File Path: "C:\eclipse-workspace\MyProjects\TASystemsAPIs\src\test\resources\testDataFiles\Schemas\ValidationError_schema.json"".
2023-02-07 10:58:41.803 &amp#27;[32m INFO&amp#27;[m &amp#27;[35m[@503 - main]&amp#27;[m &amp#27;[36mcom.shaft.tools.io.ReportManager&amp#27;[m : Successfully created attachment "Validation Test Data - Expected JSON Value"
2023-02-07 10:58:41.804 &amp#27;[32m INFO&amp#27;[m &amp#27;[35m[@503 - main]&amp#27;[m &amp#27;[36mcom.shaft.tools.io.ReportManager&amp#27;[m : Successfully created attachment "Validation Test Data - Actual JSON Value"
2023-02-07 10:58:41.806 &amp#27;[32m INFO&amp#27;[m &amp#27;[35m[@503 - main]&amp#27;[m &amp#27;[36mcom.shaft.tools.io.ReportManager&amp#27;[m : Successfully created attachment "SHAFT Engine Logs - Current Method log: Add_Policy_With_InValid_data_TC"
]]></system-out>
  </testcase>
  <testcase name="Add_Policy_With_InValid_data_TC[[Ljava.lang.Object;@6534a8e7](56)" classname="SteeringCompanyAPI_TestCases.Test_Policies_Cases" time="2.69">
    <system-out><![CDATA[2023-02-07 10:58:41.811 &amp#27;[32m INFO&amp#27;[m &amp#27;[35m[@534 - main]&amp#27;[m &amp#27;[36mcom.shaft.tools.io.ReportManager&amp#27;[m : 
################################################################################################################################################
Starting Execution:	"154 out of 107" test cases in the current suite
Test Method:		"SteeringCompanyAPI_TestCases.Test_Policies_Cases.Add_Policy_With_InValid_data_TC"
Test Description:	"TC052 -Policy- Perform Add Policy with InValid data"
################################################################################################################################################
2023-02-07 10:58:41.812 &amp#27;[32m INFO&amp#27;[m &amp#27;[35m[@503 - main]&amp#27;[m &amp#27;[36mcom.shaft.tools.io.ReportManager&amp#27;[m : File Action "DoesFileExist" successfully performed. With the following test data "File Path: "SteeringCompanyAPI_TestData/SteeringCompanyAPI_TestData.xlsx"".
2023-02-07 10:58:41.835 &amp#27;[32m INFO&amp#27;[m &amp#27;[35m[@503 - main]&amp#27;[m &amp#27;[36mcom.shaft.tools.io.ReportManager&amp#27;[m : Successfully created attachment "Test Data - Excel"
2023-02-07 10:58:42.454 &amp#27;[32m INFO&amp#27;[m &amp#27;[35m[@503 - main]&amp#27;[m &amp#27;[36mcom.shaft.tools.io.ReportManager&amp#27;[m : Response status code: "200", status line: "HTTP/1.1 200 OK"
2023-02-07 10:58:42.471 &amp#27;[32m INFO&amp#27;[m &amp#27;[35m[@503 - main]&amp#27;[m &amp#27;[36mcom.shaft.tools.io.ReportManager&amp#27;[m : Successfully created attachment "API Request - Specifications"
2023-02-07 10:58:42.475 &amp#27;[32m INFO&amp#27;[m &amp#27;[35m[@503 - main]&amp#27;[m &amp#27;[36mcom.shaft.tools.io.ReportManager&amp#27;[m : Successfully created attachment "API Request - Body"
2023-02-07 10:58:42.477 &amp#27;[32m INFO&amp#27;[m &amp#27;[35m[@503 - main]&amp#27;[m &amp#27;[36mcom.shaft.tools.io.ReportManager&amp#27;[m : Successfully created attachment "API Response - JSON Body"
2023-02-07 10:58:42.495 &amp#27;[32m INFO&amp#27;[m &amp#27;[35m[@503 - main]&amp#27;[m &amp#27;[36mcom.shaft.tools.io.ReportManager&amp#27;[m : File Action "DoesFileExist" successfully performed. With the following test data "File Path: "SteeringCompanyAPI_TestData/SteeringCompanyAPI_TestData.xlsx"".
2023-02-07 10:58:42.547 &amp#27;[32m INFO&amp#27;[m &amp#27;[35m[@503 - main]&amp#27;[m &amp#27;[36mcom.shaft.tools.io.ReportManager&amp#27;[m : Successfully created attachment "Test Data - Excel"
2023-02-07 10:58:42.547 &amp#27;[32m INFO&amp#27;[m &amp#27;[35m[@503 - main]&amp#27;[m &amp#27;[36mcom.shaft.tools.io.ReportManager&amp#27;[m : File Action "DoesFileExist" successfully performed. With the following test data "File Path: "SteeringCompanyAPI_TestData/SteeringCompanyAPI_TestData.xlsx"".
2023-02-07 10:58:42.576 &amp#27;[32m INFO&amp#27;[m &amp#27;[35m[@503 - main]&amp#27;[m &amp#27;[36mcom.shaft.tools.io.ReportManager&amp#27;[m : Successfully created attachment "Test Data - Excel"
2023-02-07 10:58:42.577 &amp#27;[32m INFO&amp#27;[m &amp#27;[35m[@503 - main]&amp#27;[m &amp#27;[36mcom.shaft.tools.io.ReportManager&amp#27;[m : File Action "DoesFileExist" successfully performed. With the following test data "File Path: "SteeringCompanyAPI_TestData/SteeringCompanyAPI_TestData.xlsx"".
2023-02-07 10:58:42.617 &amp#27;[32m INFO&amp#27;[m &amp#27;[35m[@503 - main]&amp#27;[m &amp#27;[36mcom.shaft.tools.io.ReportManager&amp#27;[m : Successfully created attachment "Test Data - Excel"
2023-02-07 10:58:44.461 &amp#27;[32m INFO&amp#27;[m &amp#27;[35m[@503 - main]&amp#27;[m &amp#27;[36mcom.shaft.tools.io.ReportManager&amp#27;[m : Response status code: "422", status line: "HTTP/1.1 422 "
2023-02-07 10:58:44.480 &amp#27;[32m INFO&amp#27;[m &amp#27;[35m[@503 - main]&amp#27;[m &amp#27;[36mcom.shaft.tools.io.ReportManager&amp#27;[m : Successfully created attachment "API Request - Specifications"
2023-02-07 10:58:44.483 &amp#27;[32m INFO&amp#27;[m &amp#27;[35m[@503 - main]&amp#27;[m &amp#27;[36mcom.shaft.tools.io.ReportManager&amp#27;[m : Successfully created attachment "API Request - JSON Body"
2023-02-07 10:58:44.484 &amp#27;[32m INFO&amp#27;[m &amp#27;[35m[@503 - main]&amp#27;[m &amp#27;[36mcom.shaft.tools.io.ReportManager&amp#27;[m : Successfully created attachment "API Response - JSON Body"
2023-02-07 10:58:44.486 &amp#27;[32m INFO&amp#27;[m &amp#27;[35m[@503 - main]&amp#27;[m &amp#27;[36mcom.shaft.tools.io.ReportManager&amp#27;[m : File Action "DoesFileExist" successfully performed. With the following test data "File Path: "Schemas/ValidationError_schema.json"".
2023-02-07 10:58:44.486 &amp#27;[32m INFO&amp#27;[m &amp#27;[35m[@503 - main]&amp#27;[m &amp#27;[36mcom.shaft.tools.io.ReportManager&amp#27;[m : File Action "DoesFileExist" successfully performed. With the following test data "File Path: "src/test/resources/testDataFiles/Schemas/ValidationError_schema.json"".
2023-02-07 10:58:44.486 &amp#27;[32m INFO&amp#27;[m &amp#27;[35m[@503 - main]&amp#27;[m &amp#27;[36mcom.shaft.tools.io.ReportManager&amp#27;[m : File Action "GetAbsolutePath" successfully performed. With the following test data "Relative Folder Path: "src/test/resources/testDataFiles/Schemas/ValidationError_schema.json"".
2023-02-07 10:58:44.490 &amp#27;[32m INFO&amp#27;[m &amp#27;[35m[@503 - main]&amp#27;[m &amp#27;[36mcom.shaft.tools.io.ReportManager&amp#27;[m : File Action "DoesFileExist" successfully performed. With the following test data "File Path: "C:\eclipse-workspace\MyProjects\TASystemsAPIs\src\test\resources\testDataFiles\Schemas\ValidationError_schema.json"".
2023-02-07 10:58:44.490 &amp#27;[32m INFO&amp#27;[m &amp#27;[35m[@503 - main]&amp#27;[m &amp#27;[36mcom.shaft.tools.io.ReportManager&amp#27;[m : File Action "GetAbsolutePath" successfully performed. With the following test data "Relative Folder Path: "C:\eclipse-workspace\MyProjects\TASystemsAPIs\src\test\resources\testDataFiles\Schemas\ValidationError_schema.json"".
2023-02-07 10:58:44.490 &amp#27;[32m INFO&amp#27;[m &amp#27;[35m[@503 - main]&amp#27;[m &amp#27;[36mcom.shaft.tools.io.ReportManager&amp#27;[m : File Action "ReadFile" successfully performed. With the following test data "File Path: "C:\eclipse-workspace\MyProjects\TASystemsAPIs\src\test\resources\testDataFiles\Schemas\ValidationError_schema.json"".
2023-02-07 10:58:44.494 &amp#27;[32m INFO&amp#27;[m &amp#27;[35m[@503 - main]&amp#27;[m &amp#27;[36mcom.shaft.tools.io.ReportManager&amp#27;[m : Successfully created attachment "Validation Test Data - Expected JSON Value"
2023-02-07 10:58:44.495 &amp#27;[32m INFO&amp#27;[m &amp#27;[35m[@503 - main]&amp#27;[m &amp#27;[36mcom.shaft.tools.io.ReportManager&amp#27;[m : Successfully created attachment "Validation Test Data - Actual JSON Value"
2023-02-07 10:58:44.496 &amp#27;[32m INFO&amp#27;[m &amp#27;[35m[@503 - main]&amp#27;[m &amp#27;[36mcom.shaft.tools.io.ReportManager&amp#27;[m : Successfully created attachment "SHAFT Engine Logs - Current Method log: Add_Policy_With_InValid_data_TC"
]]></system-out>
  </testcase>
  <testcase name="Add_Policy_With_InValid_data_TC[[Ljava.lang.Object;@786e572b](57)" classname="SteeringCompanyAPI_TestCases.Test_Policies_Cases" time="1.547">
    <system-out><![CDATA[2023-02-07 10:58:44.501 &amp#27;[32m INFO&amp#27;[m &amp#27;[35m[@534 - main]&amp#27;[m &amp#27;[36mcom.shaft.tools.io.ReportManager&amp#27;[m : 
################################################################################################################################################
Starting Execution:	"155 out of 107" test cases in the current suite
Test Method:		"SteeringCompanyAPI_TestCases.Test_Policies_Cases.Add_Policy_With_InValid_data_TC"
Test Description:	"TC052 -Policy- Perform Add Policy with InValid data"
################################################################################################################################################
2023-02-07 10:58:44.501 &amp#27;[32m INFO&amp#27;[m &amp#27;[35m[@503 - main]&amp#27;[m &amp#27;[36mcom.shaft.tools.io.ReportManager&amp#27;[m : File Action "DoesFileExist" successfully performed. With the following test data "File Path: "SteeringCompanyAPI_TestData/SteeringCompanyAPI_TestData.xlsx"".
2023-02-07 10:58:44.544 &amp#27;[32m INFO&amp#27;[m &amp#27;[35m[@503 - main]&amp#27;[m &amp#27;[36mcom.shaft.tools.io.ReportManager&amp#27;[m : Successfully created attachment "Test Data - Excel"
2023-02-07 10:58:45.153 &amp#27;[32m INFO&amp#27;[m &amp#27;[35m[@503 - main]&amp#27;[m &amp#27;[36mcom.shaft.tools.io.ReportManager&amp#27;[m : Response status code: "200", status line: "HTTP/1.1 200 OK"
2023-02-07 10:58:45.187 &amp#27;[32m INFO&amp#27;[m &amp#27;[35m[@503 - main]&amp#27;[m &amp#27;[36mcom.shaft.tools.io.ReportManager&amp#27;[m : Successfully created attachment "API Request - Specifications"
2023-02-07 10:58:45.189 &amp#27;[32m INFO&amp#27;[m &amp#27;[35m[@503 - main]&amp#27;[m &amp#27;[36mcom.shaft.tools.io.ReportManager&amp#27;[m : Successfully created attachment "API Request - Body"
2023-02-07 10:58:45.190 &amp#27;[32m INFO&amp#27;[m &amp#27;[35m[@503 - main]&amp#27;[m &amp#27;[36mcom.shaft.tools.io.ReportManager&amp#27;[m : Successfully created attachment "API Response - JSON Body"
2023-02-07 10:58:45.206 &amp#27;[32m INFO&amp#27;[m &amp#27;[35m[@503 - main]&amp#27;[m &amp#27;[36mcom.shaft.tools.io.ReportManager&amp#27;[m : File Action "DoesFileExist" successfully performed. With the following test data "File Path: "SteeringCompanyAPI_TestData/SteeringCompanyAPI_TestData.xlsx"".
2023-02-07 10:58:45.253 &amp#27;[32m INFO&amp#27;[m &amp#27;[35m[@503 - main]&amp#27;[m &amp#27;[36mcom.shaft.tools.io.ReportManager&amp#27;[m : Successfully created attachment "Test Data - Excel"
2023-02-07 10:58:45.254 &amp#27;[32m INFO&amp#27;[m &amp#27;[35m[@503 - main]&amp#27;[m &amp#27;[36mcom.shaft.tools.io.ReportManager&amp#27;[m : File Action "DoesFileExist" successfully performed. With the following test data "File Path: "SteeringCompanyAPI_TestData/SteeringCompanyAPI_TestData.xlsx"".
2023-02-07 10:58:45.291 &amp#27;[32m INFO&amp#27;[m &amp#27;[35m[@503 - main]&amp#27;[m &amp#27;[36mcom.shaft.tools.io.ReportManager&amp#27;[m : Successfully created attachment "Test Data - Excel"
2023-02-07 10:58:45.292 &amp#27;[32m INFO&amp#27;[m &amp#27;[35m[@503 - main]&amp#27;[m &amp#27;[36mcom.shaft.tools.io.ReportManager&amp#27;[m : File Action "DoesFileExist" successfully performed. With the following test data "File Path: "SteeringCompanyAPI_TestData/SteeringCompanyAPI_TestData.xlsx"".
2023-02-07 10:58:45.310 &amp#27;[32m INFO&amp#27;[m &amp#27;[35m[@503 - main]&amp#27;[m &amp#27;[36mcom.shaft.tools.io.ReportManager&amp#27;[m : Successfully created attachment "Test Data - Excel"
2023-02-07 10:58:45.996 &amp#27;[32m INFO&amp#27;[m &amp#27;[35m[@503 - main]&amp#27;[m &amp#27;[36mcom.shaft.tools.io.ReportManager&amp#27;[m : Response status code: "422", status line: "HTTP/1.1 422 "
2023-02-07 10:58:46.023 &amp#27;[32m INFO&amp#27;[m &amp#27;[35m[@503 - main]&amp#27;[m &amp#27;[36mcom.shaft.tools.io.ReportManager&amp#27;[m : Successfully created attachment "API Request - Specifications"
2023-02-07 10:58:46.027 &amp#27;[32m INFO&amp#27;[m &amp#27;[35m[@503 - main]&amp#27;[m &amp#27;[36mcom.shaft.tools.io.ReportManager&amp#27;[m : Successfully created attachment "API Request - JSON Body"
2023-02-07 10:58:46.029 &amp#27;[32m INFO&amp#27;[m &amp#27;[35m[@503 - main]&amp#27;[m &amp#27;[36mcom.shaft.tools.io.ReportManager&amp#27;[m : Successfully created attachment "API Response - JSON Body"
2023-02-07 10:58:46.030 &amp#27;[32m INFO&amp#27;[m &amp#27;[35m[@503 - main]&amp#27;[m &amp#27;[36mcom.shaft.tools.io.ReportManager&amp#27;[m : File Action "DoesFileExist" successfully performed. With the following test data "File Path: "Schemas/ValidationError_schema.json"".
2023-02-07 10:58:46.031 &amp#27;[32m INFO&amp#27;[m &amp#27;[35m[@503 - main]&amp#27;[m &amp#27;[36mcom.shaft.tools.io.ReportManager&amp#27;[m : File Action "DoesFileExist" successfully performed. With the following test data "File Path: "src/test/resources/testDataFiles/Schemas/ValidationError_schema.json"".
2023-02-07 10:58:46.031 &amp#27;[32m INFO&amp#27;[m &amp#27;[35m[@503 - main]&amp#27;[m &amp#27;[36mcom.shaft.tools.io.ReportManager&amp#27;[m : File Action "GetAbsolutePath" successfully performed. With the following test data "Relative Folder Path: "src/test/resources/testDataFiles/Schemas/ValidationError_schema.json"".
2023-02-07 10:58:46.036 &amp#27;[32m INFO&amp#27;[m &amp#27;[35m[@503 - main]&amp#27;[m &amp#27;[36mcom.shaft.tools.io.ReportManager&amp#27;[m : File Action "DoesFileExist" successfully performed. With the following test data "File Path: "C:\eclipse-workspace\MyProjects\TASystemsAPIs\src\test\resources\testDataFiles\Schemas\ValidationError_schema.json"".
2023-02-07 10:58:46.036 &amp#27;[32m INFO&amp#27;[m &amp#27;[35m[@503 - main]&amp#27;[m &amp#27;[36mcom.shaft.tools.io.ReportManager&amp#27;[m : File Action "GetAbsolutePath" successfully performed. With the following test data "Relative Folder Path: "C:\eclipse-workspace\MyProjects\TASystemsAPIs\src\test\resources\testDataFiles\Schemas\ValidationError_schema.json"".
2023-02-07 10:58:46.037 &amp#27;[32m INFO&amp#27;[m &amp#27;[35m[@503 - main]&amp#27;[m &amp#27;[36mcom.shaft.tools.io.ReportManager&amp#27;[m : File Action "ReadFile" successfully performed. With the following test data "File Path: "C:\eclipse-workspace\MyProjects\TASystemsAPIs\src\test\resources\testDataFiles\Schemas\ValidationError_schema.json"".
2023-02-07 10:58:46.040 &amp#27;[32m INFO&amp#27;[m &amp#27;[35m[@503 - main]&amp#27;[m &amp#27;[36mcom.shaft.tools.io.ReportManager&amp#27;[m : Successfully created attachment "Validation Test Data - Expected JSON Value"
2023-02-07 10:58:46.041 &amp#27;[32m INFO&amp#27;[m &amp#27;[35m[@503 - main]&amp#27;[m &amp#27;[36mcom.shaft.tools.io.ReportManager&amp#27;[m : Successfully created attachment "Validation Test Data - Actual JSON Value"
2023-02-07 10:58:46.043 &amp#27;[32m INFO&amp#27;[m &amp#27;[35m[@503 - main]&amp#27;[m &amp#27;[36mcom.shaft.tools.io.ReportManager&amp#27;[m : Successfully created attachment "SHAFT Engine Logs - Current Method log: Add_Policy_With_InValid_data_TC"
]]></system-out>
  </testcase>
  <testcase name="Add_Policy_With_InValid_data_TC[[Ljava.lang.Object;@7e7a51d4](58)" classname="SteeringCompanyAPI_TestCases.Test_Policies_Cases" time="1.758">
    <system-out><![CDATA[2023-02-07 10:58:46.047 &amp#27;[32m INFO&amp#27;[m &amp#27;[35m[@534 - main]&amp#27;[m &amp#27;[36mcom.shaft.tools.io.ReportManager&amp#27;[m : 
################################################################################################################################################
Starting Execution:	"156 out of 107" test cases in the current suite
Test Method:		"SteeringCompanyAPI_TestCases.Test_Policies_Cases.Add_Policy_With_InValid_data_TC"
Test Description:	"TC052 -Policy- Perform Add Policy with InValid data"
################################################################################################################################################
2023-02-07 10:58:46.048 &amp#27;[32m INFO&amp#27;[m &amp#27;[35m[@503 - main]&amp#27;[m &amp#27;[36mcom.shaft.tools.io.ReportManager&amp#27;[m : File Action "DoesFileExist" successfully performed. With the following test data "File Path: "SteeringCompanyAPI_TestData/SteeringCompanyAPI_TestData.xlsx"".
2023-02-07 10:58:46.092 &amp#27;[32m INFO&amp#27;[m &amp#27;[35m[@503 - main]&amp#27;[m &amp#27;[36mcom.shaft.tools.io.ReportManager&amp#27;[m : Successfully created attachment "Test Data - Excel"
2023-02-07 10:58:46.713 &amp#27;[32m INFO&amp#27;[m &amp#27;[35m[@503 - main]&amp#27;[m &amp#27;[36mcom.shaft.tools.io.ReportManager&amp#27;[m : Response status code: "200", status line: "HTTP/1.1 200 OK"
2023-02-07 10:58:46.739 &amp#27;[32m INFO&amp#27;[m &amp#27;[35m[@503 - main]&amp#27;[m &amp#27;[36mcom.shaft.tools.io.ReportManager&amp#27;[m : Successfully created attachment "API Request - Specifications"
2023-02-07 10:58:46.740 &amp#27;[32m INFO&amp#27;[m &amp#27;[35m[@503 - main]&amp#27;[m &amp#27;[36mcom.shaft.tools.io.ReportManager&amp#27;[m : Successfully created attachment "API Request - Body"
2023-02-07 10:58:46.740 &amp#27;[32m INFO&amp#27;[m &amp#27;[35m[@503 - main]&amp#27;[m &amp#27;[36mcom.shaft.tools.io.ReportManager&amp#27;[m : Successfully created attachment "API Response - JSON Body"
2023-02-07 10:58:46.759 &amp#27;[32m INFO&amp#27;[m &amp#27;[35m[@503 - main]&amp#27;[m &amp#27;[36mcom.shaft.tools.io.ReportManager&amp#27;[m : File Action "DoesFileExist" successfully performed. With the following test data "File Path: "SteeringCompanyAPI_TestData/SteeringCompanyAPI_TestData.xlsx"".
2023-02-07 10:58:46.807 &amp#27;[32m INFO&amp#27;[m &amp#27;[35m[@503 - main]&amp#27;[m &amp#27;[36mcom.shaft.tools.io.ReportManager&amp#27;[m : Successfully created attachment "Test Data - Excel"
2023-02-07 10:58:46.808 &amp#27;[32m INFO&amp#27;[m &amp#27;[35m[@503 - main]&amp#27;[m &amp#27;[36mcom.shaft.tools.io.ReportManager&amp#27;[m : File Action "DoesFileExist" successfully performed. With the following test data "File Path: "SteeringCompanyAPI_TestData/SteeringCompanyAPI_TestData.xlsx"".
2023-02-07 10:58:46.858 &amp#27;[32m INFO&amp#27;[m &amp#27;[35m[@503 - main]&amp#27;[m &amp#27;[36mcom.shaft.tools.io.ReportManager&amp#27;[m : Successfully created attachment "Test Data - Excel"
2023-02-07 10:58:46.858 &amp#27;[32m INFO&amp#27;[m &amp#27;[35m[@503 - main]&amp#27;[m &amp#27;[36mcom.shaft.tools.io.ReportManager&amp#27;[m : File Action "DoesFileExist" successfully performed. With the following test data "File Path: "SteeringCompanyAPI_TestData/SteeringCompanyAPI_TestData.xlsx"".
2023-02-07 10:58:46.906 &amp#27;[32m INFO&amp#27;[m &amp#27;[35m[@503 - main]&amp#27;[m &amp#27;[36mcom.shaft.tools.io.ReportManager&amp#27;[m : Successfully created attachment "Test Data - Excel"
2023-02-07 10:58:47.769 &amp#27;[32m INFO&amp#27;[m &amp#27;[35m[@503 - main]&amp#27;[m &amp#27;[36mcom.shaft.tools.io.ReportManager&amp#27;[m : Response status code: "422", status line: "HTTP/1.1 422 "
2023-02-07 10:58:47.786 &amp#27;[32m INFO&amp#27;[m &amp#27;[35m[@503 - main]&amp#27;[m &amp#27;[36mcom.shaft.tools.io.ReportManager&amp#27;[m : Successfully created attachment "API Request - Specifications"
2023-02-07 10:58:47.787 &amp#27;[32m INFO&amp#27;[m &amp#27;[35m[@503 - main]&amp#27;[m &amp#27;[36mcom.shaft.tools.io.ReportManager&amp#27;[m : Successfully created attachment "API Request - JSON Body"
2023-02-07 10:58:47.791 &amp#27;[32m INFO&amp#27;[m &amp#27;[35m[@503 - main]&amp#27;[m &amp#27;[36mcom.shaft.tools.io.ReportManager&amp#27;[m : Successfully created attachment "API Response - JSON Body"
2023-02-07 10:58:47.792 &amp#27;[32m INFO&amp#27;[m &amp#27;[35m[@503 - main]&amp#27;[m &amp#27;[36mcom.shaft.tools.io.ReportManager&amp#27;[m : File Action "DoesFileExist" successfully performed. With the following test data "File Path: "Schemas/ValidationError_schema.json"".
2023-02-07 10:58:47.792 &amp#27;[32m INFO&amp#27;[m &amp#27;[35m[@503 - main]&amp#27;[m &amp#27;[36mcom.shaft.tools.io.ReportManager&amp#27;[m : File Action "DoesFileExist" successfully performed. With the following test data "File Path: "src/test/resources/testDataFiles/Schemas/ValidationError_schema.json"".
2023-02-07 10:58:47.792 &amp#27;[32m INFO&amp#27;[m &amp#27;[35m[@503 - main]&amp#27;[m &amp#27;[36mcom.shaft.tools.io.ReportManager&amp#27;[m : File Action "GetAbsolutePath" successfully performed. With the following test data "Relative Folder Path: "src/test/resources/testDataFiles/Schemas/ValidationError_schema.json"".
2023-02-07 10:58:47.795 &amp#27;[32m INFO&amp#27;[m &amp#27;[35m[@503 - main]&amp#27;[m &amp#27;[36mcom.shaft.tools.io.ReportManager&amp#27;[m : File Action "DoesFileExist" successfully performed. With the following test data "File Path: "C:\eclipse-workspace\MyProjects\TASystemsAPIs\src\test\resources\testDataFiles\Schemas\ValidationError_schema.json"".
2023-02-07 10:58:47.796 &amp#27;[32m INFO&amp#27;[m &amp#27;[35m[@503 - main]&amp#27;[m &amp#27;[36mcom.shaft.tools.io.ReportManager&amp#27;[m : File Action "GetAbsolutePath" successfully performed. With the following test data "Relative Folder Path: "C:\eclipse-workspace\MyProjects\TASystemsAPIs\src\test\resources\testDataFiles\Schemas\ValidationError_schema.json"".
2023-02-07 10:58:47.796 &amp#27;[32m INFO&amp#27;[m &amp#27;[35m[@503 - main]&amp#27;[m &amp#27;[36mcom.shaft.tools.io.ReportManager&amp#27;[m : File Action "ReadFile" successfully performed. With the following test data "File Path: "C:\eclipse-workspace\MyProjects\TASystemsAPIs\src\test\resources\testDataFiles\Schemas\ValidationError_schema.json"".
2023-02-07 10:58:47.798 &amp#27;[32m INFO&amp#27;[m &amp#27;[35m[@503 - main]&amp#27;[m &amp#27;[36mcom.shaft.tools.io.ReportManager&amp#27;[m : Successfully created attachment "Validation Test Data - Expected JSON Value"
2023-02-07 10:58:47.800 &amp#27;[32m INFO&amp#27;[m &amp#27;[35m[@503 - main]&amp#27;[m &amp#27;[36mcom.shaft.tools.io.ReportManager&amp#27;[m : Successfully created attachment "Validation Test Data - Actual JSON Value"
2023-02-07 10:58:47.801 &amp#27;[32m INFO&amp#27;[m &amp#27;[35m[@503 - main]&amp#27;[m &amp#27;[36mcom.shaft.tools.io.ReportManager&amp#27;[m : Successfully created attachment "SHAFT Engine Logs - Current Method log: Add_Policy_With_InValid_data_TC"
]]></system-out>
  </testcase>
  <testcase name="Add_Policy_With_InValid_data_TC[[Ljava.lang.Object;@2fcb3082](59)" classname="SteeringCompanyAPI_TestCases.Test_Policies_Cases" time="1.7">
    <system-out><![CDATA[2023-02-07 10:58:47.807 &amp#27;[32m INFO&amp#27;[m &amp#27;[35m[@534 - main]&amp#27;[m &amp#27;[36mcom.shaft.tools.io.ReportManager&amp#27;[m : 
################################################################################################################################################
Starting Execution:	"157 out of 107" test cases in the current suite
Test Method:		"SteeringCompanyAPI_TestCases.Test_Policies_Cases.Add_Policy_With_InValid_data_TC"
Test Description:	"TC052 -Policy- Perform Add Policy with InValid data"
################################################################################################################################################
2023-02-07 10:58:47.808 &amp#27;[32m INFO&amp#27;[m &amp#27;[35m[@503 - main]&amp#27;[m &amp#27;[36mcom.shaft.tools.io.ReportManager&amp#27;[m : File Action "DoesFileExist" successfully performed. With the following test data "File Path: "SteeringCompanyAPI_TestData/SteeringCompanyAPI_TestData.xlsx"".
2023-02-07 10:58:47.846 &amp#27;[32m INFO&amp#27;[m &amp#27;[35m[@503 - main]&amp#27;[m &amp#27;[36mcom.shaft.tools.io.ReportManager&amp#27;[m : Successfully created attachment "Test Data - Excel"
2023-02-07 10:58:48.486 &amp#27;[32m INFO&amp#27;[m &amp#27;[35m[@503 - main]&amp#27;[m &amp#27;[36mcom.shaft.tools.io.ReportManager&amp#27;[m : Response status code: "200", status line: "HTTP/1.1 200 OK"
2023-02-07 10:58:48.505 &amp#27;[32m INFO&amp#27;[m &amp#27;[35m[@503 - main]&amp#27;[m &amp#27;[36mcom.shaft.tools.io.ReportManager&amp#27;[m : Successfully created attachment "API Request - Specifications"
2023-02-07 10:58:48.507 &amp#27;[32m INFO&amp#27;[m &amp#27;[35m[@503 - main]&amp#27;[m &amp#27;[36mcom.shaft.tools.io.ReportManager&amp#27;[m : Successfully created attachment "API Request - Body"
2023-02-07 10:58:48.509 &amp#27;[32m INFO&amp#27;[m &amp#27;[35m[@503 - main]&amp#27;[m &amp#27;[36mcom.shaft.tools.io.ReportManager&amp#27;[m : Successfully created attachment "API Response - JSON Body"
2023-02-07 10:58:48.522 &amp#27;[32m INFO&amp#27;[m &amp#27;[35m[@503 - main]&amp#27;[m &amp#27;[36mcom.shaft.tools.io.ReportManager&amp#27;[m : File Action "DoesFileExist" successfully performed. With the following test data "File Path: "SteeringCompanyAPI_TestData/SteeringCompanyAPI_TestData.xlsx"".
2023-02-07 10:58:48.559 &amp#27;[32m INFO&amp#27;[m &amp#27;[35m[@503 - main]&amp#27;[m &amp#27;[36mcom.shaft.tools.io.ReportManager&amp#27;[m : Successfully created attachment "Test Data - Excel"
2023-02-07 10:58:48.559 &amp#27;[32m INFO&amp#27;[m &amp#27;[35m[@503 - main]&amp#27;[m &amp#27;[36mcom.shaft.tools.io.ReportManager&amp#27;[m : File Action "DoesFileExist" successfully performed. With the following test data "File Path: "SteeringCompanyAPI_TestData/SteeringCompanyAPI_TestData.xlsx"".
2023-02-07 10:58:48.587 &amp#27;[32m INFO&amp#27;[m &amp#27;[35m[@503 - main]&amp#27;[m &amp#27;[36mcom.shaft.tools.io.ReportManager&amp#27;[m : Successfully created attachment "Test Data - Excel"
2023-02-07 10:58:48.587 &amp#27;[32m INFO&amp#27;[m &amp#27;[35m[@503 - main]&amp#27;[m &amp#27;[36mcom.shaft.tools.io.ReportManager&amp#27;[m : File Action "DoesFileExist" successfully performed. With the following test data "File Path: "SteeringCompanyAPI_TestData/SteeringCompanyAPI_TestData.xlsx"".
2023-02-07 10:58:48.622 &amp#27;[32m INFO&amp#27;[m &amp#27;[35m[@503 - main]&amp#27;[m &amp#27;[36mcom.shaft.tools.io.ReportManager&amp#27;[m : Successfully created attachment "Test Data - Excel"
2023-02-07 10:58:49.474 &amp#27;[32m INFO&amp#27;[m &amp#27;[35m[@503 - main]&amp#27;[m &amp#27;[36mcom.shaft.tools.io.ReportManager&amp#27;[m : Response status code: "422", status line: "HTTP/1.1 422 "
2023-02-07 10:58:49.492 &amp#27;[32m INFO&amp#27;[m &amp#27;[35m[@503 - main]&amp#27;[m &amp#27;[36mcom.shaft.tools.io.ReportManager&amp#27;[m : Successfully created attachment "API Request - Specifications"
2023-02-07 10:58:49.493 &amp#27;[32m INFO&amp#27;[m &amp#27;[35m[@503 - main]&amp#27;[m &amp#27;[36mcom.shaft.tools.io.ReportManager&amp#27;[m : Successfully created attachment "API Request - JSON Body"
2023-02-07 10:58:49.494 &amp#27;[32m INFO&amp#27;[m &amp#27;[35m[@503 - main]&amp#27;[m &amp#27;[36mcom.shaft.tools.io.ReportManager&amp#27;[m : Successfully created attachment "API Response - JSON Body"
2023-02-07 10:58:49.494 &amp#27;[32m INFO&amp#27;[m &amp#27;[35m[@503 - main]&amp#27;[m &amp#27;[36mcom.shaft.tools.io.ReportManager&amp#27;[m : File Action "DoesFileExist" successfully performed. With the following test data "File Path: "Schemas/ValidationError_schema.json"".
2023-02-07 10:58:49.495 &amp#27;[32m INFO&amp#27;[m &amp#27;[35m[@503 - main]&amp#27;[m &amp#27;[36mcom.shaft.tools.io.ReportManager&amp#27;[m : File Action "DoesFileExist" successfully performed. With the following test data "File Path: "src/test/resources/testDataFiles/Schemas/ValidationError_schema.json"".
2023-02-07 10:58:49.495 &amp#27;[32m INFO&amp#27;[m &amp#27;[35m[@503 - main]&amp#27;[m &amp#27;[36mcom.shaft.tools.io.ReportManager&amp#27;[m : File Action "GetAbsolutePath" successfully performed. With the following test data "Relative Folder Path: "src/test/resources/testDataFiles/Schemas/ValidationError_schema.json"".
2023-02-07 10:58:49.498 &amp#27;[32m INFO&amp#27;[m &amp#27;[35m[@503 - main]&amp#27;[m &amp#27;[36mcom.shaft.tools.io.ReportManager&amp#27;[m : File Action "DoesFileExist" successfully performed. With the following test data "File Path: "C:\eclipse-workspace\MyProjects\TASystemsAPIs\src\test\resources\testDataFiles\Schemas\ValidationError_schema.json"".
2023-02-07 10:58:49.498 &amp#27;[32m INFO&amp#27;[m &amp#27;[35m[@503 - main]&amp#27;[m &amp#27;[36mcom.shaft.tools.io.ReportManager&amp#27;[m : File Action "GetAbsolutePath" successfully performed. With the following test data "Relative Folder Path: "C:\eclipse-workspace\MyProjects\TASystemsAPIs\src\test\resources\testDataFiles\Schemas\ValidationError_schema.json"".
2023-02-07 10:58:49.498 &amp#27;[32m INFO&amp#27;[m &amp#27;[35m[@503 - main]&amp#27;[m &amp#27;[36mcom.shaft.tools.io.ReportManager&amp#27;[m : File Action "ReadFile" successfully performed. With the following test data "File Path: "C:\eclipse-workspace\MyProjects\TASystemsAPIs\src\test\resources\testDataFiles\Schemas\ValidationError_schema.json"".
2023-02-07 10:58:49.502 &amp#27;[32m INFO&amp#27;[m &amp#27;[35m[@503 - main]&amp#27;[m &amp#27;[36mcom.shaft.tools.io.ReportManager&amp#27;[m : Successfully created attachment "Validation Test Data - Expected JSON Value"
2023-02-07 10:58:49.503 &amp#27;[32m INFO&amp#27;[m &amp#27;[35m[@503 - main]&amp#27;[m &amp#27;[36mcom.shaft.tools.io.ReportManager&amp#27;[m : Successfully created attachment "Validation Test Data - Actual JSON Value"
2023-02-07 10:58:49.504 &amp#27;[32m INFO&amp#27;[m &amp#27;[35m[@503 - main]&amp#27;[m &amp#27;[36mcom.shaft.tools.io.ReportManager&amp#27;[m : Successfully created attachment "SHAFT Engine Logs - Current Method log: Add_Policy_With_InValid_data_TC"
]]></system-out>
  </testcase>
  <testcase name="Add_Policy_With_InValid_data_TC[[Ljava.lang.Object;@3db9a120](60)" classname="SteeringCompanyAPI_TestCases.Test_Policies_Cases" time="1.397">
    <system-out><![CDATA[2023-02-07 10:58:49.507 &amp#27;[32m INFO&amp#27;[m &amp#27;[35m[@534 - main]&amp#27;[m &amp#27;[36mcom.shaft.tools.io.ReportManager&amp#27;[m : 
################################################################################################################################################
Starting Execution:	"158 out of 107" test cases in the current suite
Test Method:		"SteeringCompanyAPI_TestCases.Test_Policies_Cases.Add_Policy_With_InValid_data_TC"
Test Description:	"TC052 -Policy- Perform Add Policy with InValid data"
################################################################################################################################################
2023-02-07 10:58:49.508 &amp#27;[32m INFO&amp#27;[m &amp#27;[35m[@503 - main]&amp#27;[m &amp#27;[36mcom.shaft.tools.io.ReportManager&amp#27;[m : File Action "DoesFileExist" successfully performed. With the following test data "File Path: "SteeringCompanyAPI_TestData/SteeringCompanyAPI_TestData.xlsx"".
2023-02-07 10:58:49.547 &amp#27;[32m INFO&amp#27;[m &amp#27;[35m[@503 - main]&amp#27;[m &amp#27;[36mcom.shaft.tools.io.ReportManager&amp#27;[m : Successfully created attachment "Test Data - Excel"
2023-02-07 10:58:50.198 &amp#27;[32m INFO&amp#27;[m &amp#27;[35m[@503 - main]&amp#27;[m &amp#27;[36mcom.shaft.tools.io.ReportManager&amp#27;[m : Response status code: "200", status line: "HTTP/1.1 200 OK"
2023-02-07 10:58:50.222 &amp#27;[32m INFO&amp#27;[m &amp#27;[35m[@503 - main]&amp#27;[m &amp#27;[36mcom.shaft.tools.io.ReportManager&amp#27;[m : Successfully created attachment "API Request - Specifications"
2023-02-07 10:58:50.223 &amp#27;[32m INFO&amp#27;[m &amp#27;[35m[@503 - main]&amp#27;[m &amp#27;[36mcom.shaft.tools.io.ReportManager&amp#27;[m : Successfully created attachment "API Request - Body"
2023-02-07 10:58:50.226 &amp#27;[32m INFO&amp#27;[m &amp#27;[35m[@503 - main]&amp#27;[m &amp#27;[36mcom.shaft.tools.io.ReportManager&amp#27;[m : Successfully created attachment "API Response - JSON Body"
2023-02-07 10:58:50.240 &amp#27;[32m INFO&amp#27;[m &amp#27;[35m[@503 - main]&amp#27;[m &amp#27;[36mcom.shaft.tools.io.ReportManager&amp#27;[m : File Action "DoesFileExist" successfully performed. With the following test data "File Path: "SteeringCompanyAPI_TestData/SteeringCompanyAPI_TestData.xlsx"".
2023-02-07 10:58:50.286 &amp#27;[32m INFO&amp#27;[m &amp#27;[35m[@503 - main]&amp#27;[m &amp#27;[36mcom.shaft.tools.io.ReportManager&amp#27;[m : Successfully created attachment "Test Data - Excel"
2023-02-07 10:58:50.286 &amp#27;[32m INFO&amp#27;[m &amp#27;[35m[@503 - main]&amp#27;[m &amp#27;[36mcom.shaft.tools.io.ReportManager&amp#27;[m : File Action "DoesFileExist" successfully performed. With the following test data "File Path: "SteeringCompanyAPI_TestData/SteeringCompanyAPI_TestData.xlsx"".
2023-02-07 10:58:50.325 &amp#27;[32m INFO&amp#27;[m &amp#27;[35m[@503 - main]&amp#27;[m &amp#27;[36mcom.shaft.tools.io.ReportManager&amp#27;[m : Successfully created attachment "Test Data - Excel"
2023-02-07 10:58:50.326 &amp#27;[32m INFO&amp#27;[m &amp#27;[35m[@503 - main]&amp#27;[m &amp#27;[36mcom.shaft.tools.io.ReportManager&amp#27;[m : File Action "DoesFileExist" successfully performed. With the following test data "File Path: "SteeringCompanyAPI_TestData/SteeringCompanyAPI_TestData.xlsx"".
2023-02-07 10:58:50.362 &amp#27;[32m INFO&amp#27;[m &amp#27;[35m[@503 - main]&amp#27;[m &amp#27;[36mcom.shaft.tools.io.ReportManager&amp#27;[m : Successfully created attachment "Test Data - Excel"
2023-02-07 10:58:50.861 &amp#27;[32m INFO&amp#27;[m &amp#27;[35m[@503 - main]&amp#27;[m &amp#27;[36mcom.shaft.tools.io.ReportManager&amp#27;[m : Response status code: "422", status line: "HTTP/1.1 422 "
2023-02-07 10:58:50.881 &amp#27;[32m INFO&amp#27;[m &amp#27;[35m[@503 - main]&amp#27;[m &amp#27;[36mcom.shaft.tools.io.ReportManager&amp#27;[m : Successfully created attachment "API Request - Specifications"
2023-02-07 10:58:50.883 &amp#27;[32m INFO&amp#27;[m &amp#27;[35m[@503 - main]&amp#27;[m &amp#27;[36mcom.shaft.tools.io.ReportManager&amp#27;[m : Successfully created attachment "API Request - JSON Body"
2023-02-07 10:58:50.884 &amp#27;[32m INFO&amp#27;[m &amp#27;[35m[@503 - main]&amp#27;[m &amp#27;[36mcom.shaft.tools.io.ReportManager&amp#27;[m : Successfully created attachment "API Response - JSON Body"
2023-02-07 10:58:50.886 &amp#27;[32m INFO&amp#27;[m &amp#27;[35m[@503 - main]&amp#27;[m &amp#27;[36mcom.shaft.tools.io.ReportManager&amp#27;[m : File Action "DoesFileExist" successfully performed. With the following test data "File Path: "Schemas/ValidationError_schema.json"".
2023-02-07 10:58:50.887 &amp#27;[32m INFO&amp#27;[m &amp#27;[35m[@503 - main]&amp#27;[m &amp#27;[36mcom.shaft.tools.io.ReportManager&amp#27;[m : File Action "DoesFileExist" successfully performed. With the following test data "File Path: "src/test/resources/testDataFiles/Schemas/ValidationError_schema.json"".
2023-02-07 10:58:50.887 &amp#27;[32m INFO&amp#27;[m &amp#27;[35m[@503 - main]&amp#27;[m &amp#27;[36mcom.shaft.tools.io.ReportManager&amp#27;[m : File Action "GetAbsolutePath" successfully performed. With the following test data "Relative Folder Path: "src/test/resources/testDataFiles/Schemas/ValidationError_schema.json"".
2023-02-07 10:58:50.893 &amp#27;[32m INFO&amp#27;[m &amp#27;[35m[@503 - main]&amp#27;[m &amp#27;[36mcom.shaft.tools.io.ReportManager&amp#27;[m : File Action "DoesFileExist" successfully performed. With the following test data "File Path: "C:\eclipse-workspace\MyProjects\TASystemsAPIs\src\test\resources\testDataFiles\Schemas\ValidationError_schema.json"".
2023-02-07 10:58:50.894 &amp#27;[32m INFO&amp#27;[m &amp#27;[35m[@503 - main]&amp#27;[m &amp#27;[36mcom.shaft.tools.io.ReportManager&amp#27;[m : File Action "GetAbsolutePath" successfully performed. With the following test data "Relative Folder Path: "C:\eclipse-workspace\MyProjects\TASystemsAPIs\src\test\resources\testDataFiles\Schemas\ValidationError_schema.json"".
2023-02-07 10:58:50.895 &amp#27;[32m INFO&amp#27;[m &amp#27;[35m[@503 - main]&amp#27;[m &amp#27;[36mcom.shaft.tools.io.ReportManager&amp#27;[m : File Action "ReadFile" successfully performed. With the following test data "File Path: "C:\eclipse-workspace\MyProjects\TASystemsAPIs\src\test\resources\testDataFiles\Schemas\ValidationError_schema.json"".
2023-02-07 10:58:50.896 &amp#27;[32m INFO&amp#27;[m &amp#27;[35m[@503 - main]&amp#27;[m &amp#27;[36mcom.shaft.tools.io.ReportManager&amp#27;[m : Successfully created attachment "Validation Test Data - Expected JSON Value"
2023-02-07 10:58:50.897 &amp#27;[32m INFO&amp#27;[m &amp#27;[35m[@503 - main]&amp#27;[m &amp#27;[36mcom.shaft.tools.io.ReportManager&amp#27;[m : Successfully created attachment "Validation Test Data - Actual JSON Value"
2023-02-07 10:58:50.899 &amp#27;[32m INFO&amp#27;[m &amp#27;[35m[@503 - main]&amp#27;[m &amp#27;[36mcom.shaft.tools.io.ReportManager&amp#27;[m : Successfully created attachment "SHAFT Engine Logs - Current Method log: Add_Policy_With_InValid_data_TC"
]]></system-out>
  </testcase>
  <testcase name="Add_Policy_With_InValid_data_TC[[Ljava.lang.Object;@54a92c65](61)" classname="SteeringCompanyAPI_TestCases.Test_Policies_Cases" time="1.781">
    <system-out><![CDATA[2023-02-07 10:58:50.904 &amp#27;[32m INFO&amp#27;[m &amp#27;[35m[@534 - main]&amp#27;[m &amp#27;[36mcom.shaft.tools.io.ReportManager&amp#27;[m : 
################################################################################################################################################
Starting Execution:	"159 out of 107" test cases in the current suite
Test Method:		"SteeringCompanyAPI_TestCases.Test_Policies_Cases.Add_Policy_With_InValid_data_TC"
Test Description:	"TC052 -Policy- Perform Add Policy with InValid data"
################################################################################################################################################
2023-02-07 10:58:50.905 &amp#27;[32m INFO&amp#27;[m &amp#27;[35m[@503 - main]&amp#27;[m &amp#27;[36mcom.shaft.tools.io.ReportManager&amp#27;[m : File Action "DoesFileExist" successfully performed. With the following test data "File Path: "SteeringCompanyAPI_TestData/SteeringCompanyAPI_TestData.xlsx"".
2023-02-07 10:58:50.948 &amp#27;[32m INFO&amp#27;[m &amp#27;[35m[@503 - main]&amp#27;[m &amp#27;[36mcom.shaft.tools.io.ReportManager&amp#27;[m : Successfully created attachment "Test Data - Excel"
2023-02-07 10:58:51.574 &amp#27;[32m INFO&amp#27;[m &amp#27;[35m[@503 - main]&amp#27;[m &amp#27;[36mcom.shaft.tools.io.ReportManager&amp#27;[m : Response status code: "200", status line: "HTTP/1.1 200 OK"
2023-02-07 10:58:51.608 &amp#27;[32m INFO&amp#27;[m &amp#27;[35m[@503 - main]&amp#27;[m &amp#27;[36mcom.shaft.tools.io.ReportManager&amp#27;[m : Successfully created attachment "API Request - Specifications"
2023-02-07 10:58:51.610 &amp#27;[32m INFO&amp#27;[m &amp#27;[35m[@503 - main]&amp#27;[m &amp#27;[36mcom.shaft.tools.io.ReportManager&amp#27;[m : Successfully created attachment "API Request - Body"
2023-02-07 10:58:51.613 &amp#27;[32m INFO&amp#27;[m &amp#27;[35m[@503 - main]&amp#27;[m &amp#27;[36mcom.shaft.tools.io.ReportManager&amp#27;[m : Successfully created attachment "API Response - JSON Body"
2023-02-07 10:58:51.629 &amp#27;[32m INFO&amp#27;[m &amp#27;[35m[@503 - main]&amp#27;[m &amp#27;[36mcom.shaft.tools.io.ReportManager&amp#27;[m : File Action "DoesFileExist" successfully performed. With the following test data "File Path: "SteeringCompanyAPI_TestData/SteeringCompanyAPI_TestData.xlsx"".
2023-02-07 10:58:51.669 &amp#27;[32m INFO&amp#27;[m &amp#27;[35m[@503 - main]&amp#27;[m &amp#27;[36mcom.shaft.tools.io.ReportManager&amp#27;[m : Successfully created attachment "Test Data - Excel"
2023-02-07 10:58:51.672 &amp#27;[32m INFO&amp#27;[m &amp#27;[35m[@503 - main]&amp#27;[m &amp#27;[36mcom.shaft.tools.io.ReportManager&amp#27;[m : File Action "DoesFileExist" successfully performed. With the following test data "File Path: "SteeringCompanyAPI_TestData/SteeringCompanyAPI_TestData.xlsx"".
2023-02-07 10:58:51.712 &amp#27;[32m INFO&amp#27;[m &amp#27;[35m[@503 - main]&amp#27;[m &amp#27;[36mcom.shaft.tools.io.ReportManager&amp#27;[m : Successfully created attachment "Test Data - Excel"
2023-02-07 10:58:51.712 &amp#27;[32m INFO&amp#27;[m &amp#27;[35m[@503 - main]&amp#27;[m &amp#27;[36mcom.shaft.tools.io.ReportManager&amp#27;[m : File Action "DoesFileExist" successfully performed. With the following test data "File Path: "SteeringCompanyAPI_TestData/SteeringCompanyAPI_TestData.xlsx"".
2023-02-07 10:58:51.737 &amp#27;[32m INFO&amp#27;[m &amp#27;[35m[@503 - main]&amp#27;[m &amp#27;[36mcom.shaft.tools.io.ReportManager&amp#27;[m : Successfully created attachment "Test Data - Excel"
2023-02-07 10:58:52.631 &amp#27;[32m INFO&amp#27;[m &amp#27;[35m[@503 - main]&amp#27;[m &amp#27;[36mcom.shaft.tools.io.ReportManager&amp#27;[m : Response status code: "422", status line: "HTTP/1.1 422 "
2023-02-07 10:58:52.656 &amp#27;[32m INFO&amp#27;[m &amp#27;[35m[@503 - main]&amp#27;[m &amp#27;[36mcom.shaft.tools.io.ReportManager&amp#27;[m : Successfully created attachment "API Request - Specifications"
2023-02-07 10:58:52.658 &amp#27;[32m INFO&amp#27;[m &amp#27;[35m[@503 - main]&amp#27;[m &amp#27;[36mcom.shaft.tools.io.ReportManager&amp#27;[m : Successfully created attachment "API Request - JSON Body"
2023-02-07 10:58:52.661 &amp#27;[32m INFO&amp#27;[m &amp#27;[35m[@503 - main]&amp#27;[m &amp#27;[36mcom.shaft.tools.io.ReportManager&amp#27;[m : Successfully created attachment "API Response - JSON Body"
2023-02-07 10:58:52.664 &amp#27;[32m INFO&amp#27;[m &amp#27;[35m[@503 - main]&amp#27;[m &amp#27;[36mcom.shaft.tools.io.ReportManager&amp#27;[m : File Action "DoesFileExist" successfully performed. With the following test data "File Path: "Schemas/ValidationError_schema.json"".
2023-02-07 10:58:52.665 &amp#27;[32m INFO&amp#27;[m &amp#27;[35m[@503 - main]&amp#27;[m &amp#27;[36mcom.shaft.tools.io.ReportManager&amp#27;[m : File Action "DoesFileExist" successfully performed. With the following test data "File Path: "src/test/resources/testDataFiles/Schemas/ValidationError_schema.json"".
2023-02-07 10:58:52.665 &amp#27;[32m INFO&amp#27;[m &amp#27;[35m[@503 - main]&amp#27;[m &amp#27;[36mcom.shaft.tools.io.ReportManager&amp#27;[m : File Action "GetAbsolutePath" successfully performed. With the following test data "Relative Folder Path: "src/test/resources/testDataFiles/Schemas/ValidationError_schema.json"".
2023-02-07 10:58:52.672 &amp#27;[32m INFO&amp#27;[m &amp#27;[35m[@503 - main]&amp#27;[m &amp#27;[36mcom.shaft.tools.io.ReportManager&amp#27;[m : File Action "DoesFileExist" successfully performed. With the following test data "File Path: "C:\eclipse-workspace\MyProjects\TASystemsAPIs\src\test\resources\testDataFiles\Schemas\ValidationError_schema.json"".
2023-02-07 10:58:52.672 &amp#27;[32m INFO&amp#27;[m &amp#27;[35m[@503 - main]&amp#27;[m &amp#27;[36mcom.shaft.tools.io.ReportManager&amp#27;[m : File Action "GetAbsolutePath" successfully performed. With the following test data "Relative Folder Path: "C:\eclipse-workspace\MyProjects\TASystemsAPIs\src\test\resources\testDataFiles\Schemas\ValidationError_schema.json"".
2023-02-07 10:58:52.674 &amp#27;[32m INFO&amp#27;[m &amp#27;[35m[@503 - main]&amp#27;[m &amp#27;[36mcom.shaft.tools.io.ReportManager&amp#27;[m : File Action "ReadFile" successfully performed. With the following test data "File Path: "C:\eclipse-workspace\MyProjects\TASystemsAPIs\src\test\resources\testDataFiles\Schemas\ValidationError_schema.json"".
2023-02-07 10:58:52.677 &amp#27;[32m INFO&amp#27;[m &amp#27;[35m[@503 - main]&amp#27;[m &amp#27;[36mcom.shaft.tools.io.ReportManager&amp#27;[m : Successfully created attachment "Validation Test Data - Expected JSON Value"
2023-02-07 10:58:52.679 &amp#27;[32m INFO&amp#27;[m &amp#27;[35m[@503 - main]&amp#27;[m &amp#27;[36mcom.shaft.tools.io.ReportManager&amp#27;[m : Successfully created attachment "Validation Test Data - Actual JSON Value"
2023-02-07 10:58:52.681 &amp#27;[32m INFO&amp#27;[m &amp#27;[35m[@503 - main]&amp#27;[m &amp#27;[36mcom.shaft.tools.io.ReportManager&amp#27;[m : Successfully created attachment "SHAFT Engine Logs - Current Method log: Add_Policy_With_InValid_data_TC"
]]></system-out>
  </testcase>
  <testcase name="Add_Policy_With_InValid_data_TC[[Ljava.lang.Object;@54a6f06](62)" classname="SteeringCompanyAPI_TestCases.Test_Policies_Cases" time="1.783">
    <system-out><![CDATA[2023-02-07 10:58:52.689 &amp#27;[32m INFO&amp#27;[m &amp#27;[35m[@534 - main]&amp#27;[m &amp#27;[36mcom.shaft.tools.io.ReportManager&amp#27;[m : 
################################################################################################################################################
Starting Execution:	"160 out of 107" test cases in the current suite
Test Method:		"SteeringCompanyAPI_TestCases.Test_Policies_Cases.Add_Policy_With_InValid_data_TC"
Test Description:	"TC052 -Policy- Perform Add Policy with InValid data"
################################################################################################################################################
2023-02-07 10:58:52.690 &amp#27;[32m INFO&amp#27;[m &amp#27;[35m[@503 - main]&amp#27;[m &amp#27;[36mcom.shaft.tools.io.ReportManager&amp#27;[m : File Action "DoesFileExist" successfully performed. With the following test data "File Path: "SteeringCompanyAPI_TestData/SteeringCompanyAPI_TestData.xlsx"".
2023-02-07 10:58:52.733 &amp#27;[32m INFO&amp#27;[m &amp#27;[35m[@503 - main]&amp#27;[m &amp#27;[36mcom.shaft.tools.io.ReportManager&amp#27;[m : Successfully created attachment "Test Data - Excel"
2023-02-07 10:58:53.748 &amp#27;[32m INFO&amp#27;[m &amp#27;[35m[@503 - main]&amp#27;[m &amp#27;[36mcom.shaft.tools.io.ReportManager&amp#27;[m : Response status code: "200", status line: "HTTP/1.1 200 OK"
2023-02-07 10:58:53.777 &amp#27;[32m INFO&amp#27;[m &amp#27;[35m[@503 - main]&amp#27;[m &amp#27;[36mcom.shaft.tools.io.ReportManager&amp#27;[m : Successfully created attachment "API Request - Specifications"
2023-02-07 10:58:53.784 &amp#27;[32m INFO&amp#27;[m &amp#27;[35m[@503 - main]&amp#27;[m &amp#27;[36mcom.shaft.tools.io.ReportManager&amp#27;[m : Successfully created attachment "API Request - Body"
2023-02-07 10:58:53.786 &amp#27;[32m INFO&amp#27;[m &amp#27;[35m[@503 - main]&amp#27;[m &amp#27;[36mcom.shaft.tools.io.ReportManager&amp#27;[m : Successfully created attachment "API Response - JSON Body"
2023-02-07 10:58:53.807 &amp#27;[32m INFO&amp#27;[m &amp#27;[35m[@503 - main]&amp#27;[m &amp#27;[36mcom.shaft.tools.io.ReportManager&amp#27;[m : File Action "DoesFileExist" successfully performed. With the following test data "File Path: "SteeringCompanyAPI_TestData/SteeringCompanyAPI_TestData.xlsx"".
2023-02-07 10:58:53.854 &amp#27;[32m INFO&amp#27;[m &amp#27;[35m[@503 - main]&amp#27;[m &amp#27;[36mcom.shaft.tools.io.ReportManager&amp#27;[m : Successfully created attachment "Test Data - Excel"
2023-02-07 10:58:53.854 &amp#27;[32m INFO&amp#27;[m &amp#27;[35m[@503 - main]&amp#27;[m &amp#27;[36mcom.shaft.tools.io.ReportManager&amp#27;[m : File Action "DoesFileExist" successfully performed. With the following test data "File Path: "SteeringCompanyAPI_TestData/SteeringCompanyAPI_TestData.xlsx"".
2023-02-07 10:58:53.899 &amp#27;[32m INFO&amp#27;[m &amp#27;[35m[@503 - main]&amp#27;[m &amp#27;[36mcom.shaft.tools.io.ReportManager&amp#27;[m : Successfully created attachment "Test Data - Excel"
2023-02-07 10:58:53.899 &amp#27;[32m INFO&amp#27;[m &amp#27;[35m[@503 - main]&amp#27;[m &amp#27;[36mcom.shaft.tools.io.ReportManager&amp#27;[m : File Action "DoesFileExist" successfully performed. With the following test data "File Path: "SteeringCompanyAPI_TestData/SteeringCompanyAPI_TestData.xlsx"".
2023-02-07 10:58:53.935 &amp#27;[32m INFO&amp#27;[m &amp#27;[35m[@503 - main]&amp#27;[m &amp#27;[36mcom.shaft.tools.io.ReportManager&amp#27;[m : Successfully created attachment "Test Data - Excel"
2023-02-07 10:58:54.428 &amp#27;[32m INFO&amp#27;[m &amp#27;[35m[@503 - main]&amp#27;[m &amp#27;[36mcom.shaft.tools.io.ReportManager&amp#27;[m : Response status code: "422", status line: "HTTP/1.1 422 "
2023-02-07 10:58:54.445 &amp#27;[32m INFO&amp#27;[m &amp#27;[35m[@503 - main]&amp#27;[m &amp#27;[36mcom.shaft.tools.io.ReportManager&amp#27;[m : Successfully created attachment "API Request - Specifications"
2023-02-07 10:58:54.447 &amp#27;[32m INFO&amp#27;[m &amp#27;[35m[@503 - main]&amp#27;[m &amp#27;[36mcom.shaft.tools.io.ReportManager&amp#27;[m : Successfully created attachment "API Request - JSON Body"
2023-02-07 10:58:54.448 &amp#27;[32m INFO&amp#27;[m &amp#27;[35m[@503 - main]&amp#27;[m &amp#27;[36mcom.shaft.tools.io.ReportManager&amp#27;[m : Successfully created attachment "API Response - JSON Body"
2023-02-07 10:58:54.450 &amp#27;[32m INFO&amp#27;[m &amp#27;[35m[@503 - main]&amp#27;[m &amp#27;[36mcom.shaft.tools.io.ReportManager&amp#27;[m : File Action "DoesFileExist" successfully performed. With the following test data "File Path: "Schemas/ValidationError_schema.json"".
2023-02-07 10:58:54.450 &amp#27;[32m INFO&amp#27;[m &amp#27;[35m[@503 - main]&amp#27;[m &amp#27;[36mcom.shaft.tools.io.ReportManager&amp#27;[m : File Action "DoesFileExist" successfully performed. With the following test data "File Path: "src/test/resources/testDataFiles/Schemas/ValidationError_schema.json"".
2023-02-07 10:58:54.451 &amp#27;[32m INFO&amp#27;[m &amp#27;[35m[@503 - main]&amp#27;[m &amp#27;[36mcom.shaft.tools.io.ReportManager&amp#27;[m : File Action "GetAbsolutePath" successfully performed. With the following test data "Relative Folder Path: "src/test/resources/testDataFiles/Schemas/ValidationError_schema.json"".
2023-02-07 10:58:54.456 &amp#27;[32m INFO&amp#27;[m &amp#27;[35m[@503 - main]&amp#27;[m &amp#27;[36mcom.shaft.tools.io.ReportManager&amp#27;[m : File Action "DoesFileExist" successfully performed. With the following test data "File Path: "C:\eclipse-workspace\MyProjects\TASystemsAPIs\src\test\resources\testDataFiles\Schemas\ValidationError_schema.json"".
2023-02-07 10:58:54.456 &amp#27;[32m INFO&amp#27;[m &amp#27;[35m[@503 - main]&amp#27;[m &amp#27;[36mcom.shaft.tools.io.ReportManager&amp#27;[m : File Action "GetAbsolutePath" successfully performed. With the following test data "Relative Folder Path: "C:\eclipse-workspace\MyProjects\TASystemsAPIs\src\test\resources\testDataFiles\Schemas\ValidationError_schema.json"".
2023-02-07 10:58:54.456 &amp#27;[32m INFO&amp#27;[m &amp#27;[35m[@503 - main]&amp#27;[m &amp#27;[36mcom.shaft.tools.io.ReportManager&amp#27;[m : File Action "ReadFile" successfully performed. With the following test data "File Path: "C:\eclipse-workspace\MyProjects\TASystemsAPIs\src\test\resources\testDataFiles\Schemas\ValidationError_schema.json"".
2023-02-07 10:58:54.462 &amp#27;[32m INFO&amp#27;[m &amp#27;[35m[@503 - main]&amp#27;[m &amp#27;[36mcom.shaft.tools.io.ReportManager&amp#27;[m : Successfully created attachment "Validation Test Data - Expected JSON Value"
2023-02-07 10:58:54.463 &amp#27;[32m INFO&amp#27;[m &amp#27;[35m[@503 - main]&amp#27;[m &amp#27;[36mcom.shaft.tools.io.ReportManager&amp#27;[m : Successfully created attachment "Validation Test Data - Actual JSON Value"
2023-02-07 10:58:54.464 &amp#27;[32m INFO&amp#27;[m &amp#27;[35m[@503 - main]&amp#27;[m &amp#27;[36mcom.shaft.tools.io.ReportManager&amp#27;[m : Successfully created attachment "SHAFT Engine Logs - Current Method log: Add_Policy_With_InValid_data_TC"
]]></system-out>
  </testcase>
  <testcase name="Add_Policy_With_InValid_data_TC[[Ljava.lang.Object;@3bb7f2e8](63)" classname="SteeringCompanyAPI_TestCases.Test_Policies_Cases" time="1.343">
    <system-out><![CDATA[2023-02-07 10:58:54.469 &amp#27;[32m INFO&amp#27;[m &amp#27;[35m[@534 - main]&amp#27;[m &amp#27;[36mcom.shaft.tools.io.ReportManager&amp#27;[m : 
################################################################################################################################################
Starting Execution:	"161 out of 107" test cases in the current suite
Test Method:		"SteeringCompanyAPI_TestCases.Test_Policies_Cases.Add_Policy_With_InValid_data_TC"
Test Description:	"TC052 -Policy- Perform Add Policy with InValid data"
################################################################################################################################################
2023-02-07 10:58:54.470 &amp#27;[32m INFO&amp#27;[m &amp#27;[35m[@503 - main]&amp#27;[m &amp#27;[36mcom.shaft.tools.io.ReportManager&amp#27;[m : File Action "DoesFileExist" successfully performed. With the following test data "File Path: "SteeringCompanyAPI_TestData/SteeringCompanyAPI_TestData.xlsx"".
2023-02-07 10:58:54.507 &amp#27;[32m INFO&amp#27;[m &amp#27;[35m[@503 - main]&amp#27;[m &amp#27;[36mcom.shaft.tools.io.ReportManager&amp#27;[m : Successfully created attachment "Test Data - Excel"
2023-02-07 10:58:55.129 &amp#27;[32m INFO&amp#27;[m &amp#27;[35m[@503 - main]&amp#27;[m &amp#27;[36mcom.shaft.tools.io.ReportManager&amp#27;[m : Response status code: "200", status line: "HTTP/1.1 200 OK"
2023-02-07 10:58:55.147 &amp#27;[32m INFO&amp#27;[m &amp#27;[35m[@503 - main]&amp#27;[m &amp#27;[36mcom.shaft.tools.io.ReportManager&amp#27;[m : Successfully created attachment "API Request - Specifications"
2023-02-07 10:58:55.148 &amp#27;[32m INFO&amp#27;[m &amp#27;[35m[@503 - main]&amp#27;[m &amp#27;[36mcom.shaft.tools.io.ReportManager&amp#27;[m : Successfully created attachment "API Request - Body"
2023-02-07 10:58:55.152 &amp#27;[32m INFO&amp#27;[m &amp#27;[35m[@503 - main]&amp#27;[m &amp#27;[36mcom.shaft.tools.io.ReportManager&amp#27;[m : Successfully created attachment "API Response - JSON Body"
2023-02-07 10:58:55.168 &amp#27;[32m INFO&amp#27;[m &amp#27;[35m[@503 - main]&amp#27;[m &amp#27;[36mcom.shaft.tools.io.ReportManager&amp#27;[m : File Action "DoesFileExist" successfully performed. With the following test data "File Path: "SteeringCompanyAPI_TestData/SteeringCompanyAPI_TestData.xlsx"".
2023-02-07 10:58:55.205 &amp#27;[32m INFO&amp#27;[m &amp#27;[35m[@503 - main]&amp#27;[m &amp#27;[36mcom.shaft.tools.io.ReportManager&amp#27;[m : Successfully created attachment "Test Data - Excel"
2023-02-07 10:58:55.205 &amp#27;[32m INFO&amp#27;[m &amp#27;[35m[@503 - main]&amp#27;[m &amp#27;[36mcom.shaft.tools.io.ReportManager&amp#27;[m : File Action "DoesFileExist" successfully performed. With the following test data "File Path: "SteeringCompanyAPI_TestData/SteeringCompanyAPI_TestData.xlsx"".
2023-02-07 10:58:55.225 &amp#27;[32m INFO&amp#27;[m &amp#27;[35m[@503 - main]&amp#27;[m &amp#27;[36mcom.shaft.tools.io.ReportManager&amp#27;[m : Successfully created attachment "Test Data - Excel"
2023-02-07 10:58:55.226 &amp#27;[32m INFO&amp#27;[m &amp#27;[35m[@503 - main]&amp#27;[m &amp#27;[36mcom.shaft.tools.io.ReportManager&amp#27;[m : File Action "DoesFileExist" successfully performed. With the following test data "File Path: "SteeringCompanyAPI_TestData/SteeringCompanyAPI_TestData.xlsx"".
2023-02-07 10:58:55.248 &amp#27;[32m INFO&amp#27;[m &amp#27;[35m[@503 - main]&amp#27;[m &amp#27;[36mcom.shaft.tools.io.ReportManager&amp#27;[m : Successfully created attachment "Test Data - Excel"
2023-02-07 10:58:55.771 &amp#27;[32m INFO&amp#27;[m &amp#27;[35m[@503 - main]&amp#27;[m &amp#27;[36mcom.shaft.tools.io.ReportManager&amp#27;[m : Response status code: "422", status line: "HTTP/1.1 422 "
2023-02-07 10:58:55.786 &amp#27;[32m INFO&amp#27;[m &amp#27;[35m[@503 - main]&amp#27;[m &amp#27;[36mcom.shaft.tools.io.ReportManager&amp#27;[m : Successfully created attachment "API Request - Specifications"
2023-02-07 10:58:55.788 &amp#27;[32m INFO&amp#27;[m &amp#27;[35m[@503 - main]&amp#27;[m &amp#27;[36mcom.shaft.tools.io.ReportManager&amp#27;[m : Successfully created attachment "API Request - JSON Body"
2023-02-07 10:58:55.790 &amp#27;[32m INFO&amp#27;[m &amp#27;[35m[@503 - main]&amp#27;[m &amp#27;[36mcom.shaft.tools.io.ReportManager&amp#27;[m : Successfully created attachment "API Response - JSON Body"
2023-02-07 10:58:55.792 &amp#27;[32m INFO&amp#27;[m &amp#27;[35m[@503 - main]&amp#27;[m &amp#27;[36mcom.shaft.tools.io.ReportManager&amp#27;[m : File Action "DoesFileExist" successfully performed. With the following test data "File Path: "Schemas/ValidationError_schema.json"".
2023-02-07 10:58:55.792 &amp#27;[32m INFO&amp#27;[m &amp#27;[35m[@503 - main]&amp#27;[m &amp#27;[36mcom.shaft.tools.io.ReportManager&amp#27;[m : File Action "DoesFileExist" successfully performed. With the following test data "File Path: "src/test/resources/testDataFiles/Schemas/ValidationError_schema.json"".
2023-02-07 10:58:55.793 &amp#27;[32m INFO&amp#27;[m &amp#27;[35m[@503 - main]&amp#27;[m &amp#27;[36mcom.shaft.tools.io.ReportManager&amp#27;[m : File Action "GetAbsolutePath" successfully performed. With the following test data "Relative Folder Path: "src/test/resources/testDataFiles/Schemas/ValidationError_schema.json"".
2023-02-07 10:58:55.798 &amp#27;[32m INFO&amp#27;[m &amp#27;[35m[@503 - main]&amp#27;[m &amp#27;[36mcom.shaft.tools.io.ReportManager&amp#27;[m : File Action "DoesFileExist" successfully performed. With the following test data "File Path: "C:\eclipse-workspace\MyProjects\TASystemsAPIs\src\test\resources\testDataFiles\Schemas\ValidationError_schema.json"".
2023-02-07 10:58:55.799 &amp#27;[32m INFO&amp#27;[m &amp#27;[35m[@503 - main]&amp#27;[m &amp#27;[36mcom.shaft.tools.io.ReportManager&amp#27;[m : File Action "GetAbsolutePath" successfully performed. With the following test data "Relative Folder Path: "C:\eclipse-workspace\MyProjects\TASystemsAPIs\src\test\resources\testDataFiles\Schemas\ValidationError_schema.json"".
2023-02-07 10:58:55.799 &amp#27;[32m INFO&amp#27;[m &amp#27;[35m[@503 - main]&amp#27;[m &amp#27;[36mcom.shaft.tools.io.ReportManager&amp#27;[m : File Action "ReadFile" successfully performed. With the following test data "File Path: "C:\eclipse-workspace\MyProjects\TASystemsAPIs\src\test\resources\testDataFiles\Schemas\ValidationError_schema.json"".
2023-02-07 10:58:55.803 &amp#27;[32m INFO&amp#27;[m &amp#27;[35m[@503 - main]&amp#27;[m &amp#27;[36mcom.shaft.tools.io.ReportManager&amp#27;[m : Successfully created attachment "Validation Test Data - Expected JSON Value"
2023-02-07 10:58:55.805 &amp#27;[32m INFO&amp#27;[m &amp#27;[35m[@503 - main]&amp#27;[m &amp#27;[36mcom.shaft.tools.io.ReportManager&amp#27;[m : Successfully created attachment "Validation Test Data - Actual JSON Value"
2023-02-07 10:58:55.806 &amp#27;[32m INFO&amp#27;[m &amp#27;[35m[@503 - main]&amp#27;[m &amp#27;[36mcom.shaft.tools.io.ReportManager&amp#27;[m : Successfully created attachment "SHAFT Engine Logs - Current Method log: Add_Policy_With_InValid_data_TC"
]]></system-out>
  </testcase>
  <testcase name="Add_Policy_With_InValid_data_TC[[Ljava.lang.Object;@1d486707](64)" classname="SteeringCompanyAPI_TestCases.Test_Policies_Cases" time="1.386">
    <system-out><![CDATA[2023-02-07 10:58:55.813 &amp#27;[32m INFO&amp#27;[m &amp#27;[35m[@534 - main]&amp#27;[m &amp#27;[36mcom.shaft.tools.io.ReportManager&amp#27;[m : 
################################################################################################################################################
Starting Execution:	"162 out of 107" test cases in the current suite
Test Method:		"SteeringCompanyAPI_TestCases.Test_Policies_Cases.Add_Policy_With_InValid_data_TC"
Test Description:	"TC052 -Policy- Perform Add Policy with InValid data"
################################################################################################################################################
2023-02-07 10:58:55.814 &amp#27;[32m INFO&amp#27;[m &amp#27;[35m[@503 - main]&amp#27;[m &amp#27;[36mcom.shaft.tools.io.ReportManager&amp#27;[m : File Action "DoesFileExist" successfully performed. With the following test data "File Path: "SteeringCompanyAPI_TestData/SteeringCompanyAPI_TestData.xlsx"".
2023-02-07 10:58:55.847 &amp#27;[32m INFO&amp#27;[m &amp#27;[35m[@503 - main]&amp#27;[m &amp#27;[36mcom.shaft.tools.io.ReportManager&amp#27;[m : Successfully created attachment "Test Data - Excel"
2023-02-07 10:58:56.505 &amp#27;[32m INFO&amp#27;[m &amp#27;[35m[@503 - main]&amp#27;[m &amp#27;[36mcom.shaft.tools.io.ReportManager&amp#27;[m : Response status code: "200", status line: "HTTP/1.1 200 OK"
2023-02-07 10:58:56.531 &amp#27;[32m INFO&amp#27;[m &amp#27;[35m[@503 - main]&amp#27;[m &amp#27;[36mcom.shaft.tools.io.ReportManager&amp#27;[m : Successfully created attachment "API Request - Specifications"
2023-02-07 10:58:56.532 &amp#27;[32m INFO&amp#27;[m &amp#27;[35m[@503 - main]&amp#27;[m &amp#27;[36mcom.shaft.tools.io.ReportManager&amp#27;[m : Successfully created attachment "API Request - Body"
2023-02-07 10:58:56.532 &amp#27;[32m INFO&amp#27;[m &amp#27;[35m[@503 - main]&amp#27;[m &amp#27;[36mcom.shaft.tools.io.ReportManager&amp#27;[m : Successfully created attachment "API Response - JSON Body"
2023-02-07 10:58:56.549 &amp#27;[32m INFO&amp#27;[m &amp#27;[35m[@503 - main]&amp#27;[m &amp#27;[36mcom.shaft.tools.io.ReportManager&amp#27;[m : File Action "DoesFileExist" successfully performed. With the following test data "File Path: "SteeringCompanyAPI_TestData/SteeringCompanyAPI_TestData.xlsx"".
2023-02-07 10:58:56.587 &amp#27;[32m INFO&amp#27;[m &amp#27;[35m[@503 - main]&amp#27;[m &amp#27;[36mcom.shaft.tools.io.ReportManager&amp#27;[m : Successfully created attachment "Test Data - Excel"
2023-02-07 10:58:56.587 &amp#27;[32m INFO&amp#27;[m &amp#27;[35m[@503 - main]&amp#27;[m &amp#27;[36mcom.shaft.tools.io.ReportManager&amp#27;[m : File Action "DoesFileExist" successfully performed. With the following test data "File Path: "SteeringCompanyAPI_TestData/SteeringCompanyAPI_TestData.xlsx"".
2023-02-07 10:58:56.613 &amp#27;[32m INFO&amp#27;[m &amp#27;[35m[@503 - main]&amp#27;[m &amp#27;[36mcom.shaft.tools.io.ReportManager&amp#27;[m : Successfully created attachment "Test Data - Excel"
2023-02-07 10:58:56.613 &amp#27;[32m INFO&amp#27;[m &amp#27;[35m[@503 - main]&amp#27;[m &amp#27;[36mcom.shaft.tools.io.ReportManager&amp#27;[m : File Action "DoesFileExist" successfully performed. With the following test data "File Path: "SteeringCompanyAPI_TestData/SteeringCompanyAPI_TestData.xlsx"".
2023-02-07 10:58:56.636 &amp#27;[32m INFO&amp#27;[m &amp#27;[35m[@503 - main]&amp#27;[m &amp#27;[36mcom.shaft.tools.io.ReportManager&amp#27;[m : Successfully created attachment "Test Data - Excel"
2023-02-07 10:58:57.163 &amp#27;[32m INFO&amp#27;[m &amp#27;[35m[@503 - main]&amp#27;[m &amp#27;[36mcom.shaft.tools.io.ReportManager&amp#27;[m : Response status code: "422", status line: "HTTP/1.1 422 "
2023-02-07 10:58:57.183 &amp#27;[32m INFO&amp#27;[m &amp#27;[35m[@503 - main]&amp#27;[m &amp#27;[36mcom.shaft.tools.io.ReportManager&amp#27;[m : Successfully created attachment "API Request - Specifications"
2023-02-07 10:58:57.185 &amp#27;[32m INFO&amp#27;[m &amp#27;[35m[@503 - main]&amp#27;[m &amp#27;[36mcom.shaft.tools.io.ReportManager&amp#27;[m : Successfully created attachment "API Request - JSON Body"
2023-02-07 10:58:57.189 &amp#27;[32m INFO&amp#27;[m &amp#27;[35m[@503 - main]&amp#27;[m &amp#27;[36mcom.shaft.tools.io.ReportManager&amp#27;[m : Successfully created attachment "API Response - JSON Body"
2023-02-07 10:58:57.189 &amp#27;[32m INFO&amp#27;[m &amp#27;[35m[@503 - main]&amp#27;[m &amp#27;[36mcom.shaft.tools.io.ReportManager&amp#27;[m : File Action "DoesFileExist" successfully performed. With the following test data "File Path: "Schemas/ValidationError_schema.json"".
2023-02-07 10:58:57.190 &amp#27;[32m INFO&amp#27;[m &amp#27;[35m[@503 - main]&amp#27;[m &amp#27;[36mcom.shaft.tools.io.ReportManager&amp#27;[m : File Action "DoesFileExist" successfully performed. With the following test data "File Path: "src/test/resources/testDataFiles/Schemas/ValidationError_schema.json"".
2023-02-07 10:58:57.190 &amp#27;[32m INFO&amp#27;[m &amp#27;[35m[@503 - main]&amp#27;[m &amp#27;[36mcom.shaft.tools.io.ReportManager&amp#27;[m : File Action "GetAbsolutePath" successfully performed. With the following test data "Relative Folder Path: "src/test/resources/testDataFiles/Schemas/ValidationError_schema.json"".
2023-02-07 10:58:57.192 &amp#27;[32m INFO&amp#27;[m &amp#27;[35m[@503 - main]&amp#27;[m &amp#27;[36mcom.shaft.tools.io.ReportManager&amp#27;[m : File Action "DoesFileExist" successfully performed. With the following test data "File Path: "C:\eclipse-workspace\MyProjects\TASystemsAPIs\src\test\resources\testDataFiles\Schemas\ValidationError_schema.json"".
2023-02-07 10:58:57.192 &amp#27;[32m INFO&amp#27;[m &amp#27;[35m[@503 - main]&amp#27;[m &amp#27;[36mcom.shaft.tools.io.ReportManager&amp#27;[m : File Action "GetAbsolutePath" successfully performed. With the following test data "Relative Folder Path: "C:\eclipse-workspace\MyProjects\TASystemsAPIs\src\test\resources\testDataFiles\Schemas\ValidationError_schema.json"".
2023-02-07 10:58:57.193 &amp#27;[32m INFO&amp#27;[m &amp#27;[35m[@503 - main]&amp#27;[m &amp#27;[36mcom.shaft.tools.io.ReportManager&amp#27;[m : File Action "ReadFile" successfully performed. With the following test data "File Path: "C:\eclipse-workspace\MyProjects\TASystemsAPIs\src\test\resources\testDataFiles\Schemas\ValidationError_schema.json"".
2023-02-07 10:58:57.194 &amp#27;[32m INFO&amp#27;[m &amp#27;[35m[@503 - main]&amp#27;[m &amp#27;[36mcom.shaft.tools.io.ReportManager&amp#27;[m : Successfully created attachment "Validation Test Data - Expected JSON Value"
2023-02-07 10:58:57.195 &amp#27;[32m INFO&amp#27;[m &amp#27;[35m[@503 - main]&amp#27;[m &amp#27;[36mcom.shaft.tools.io.ReportManager&amp#27;[m : Successfully created attachment "Validation Test Data - Actual JSON Value"
2023-02-07 10:58:57.196 &amp#27;[32m INFO&amp#27;[m &amp#27;[35m[@503 - main]&amp#27;[m &amp#27;[36mcom.shaft.tools.io.ReportManager&amp#27;[m : Successfully created attachment "SHAFT Engine Logs - Current Method log: Add_Policy_With_InValid_data_TC"
]]></system-out>
  </testcase>
  <testcase name="Add_Policy_With_Missing_Keys_TC[[Ljava.lang.Object;@4abe2ab5](1)" classname="SteeringCompanyAPI_TestCases.Test_Policies_Cases" time="3.35">
    <system-out><![CDATA[2023-02-07 10:58:57.216 &amp#27;[32m INFO&amp#27;[m &amp#27;[35m[@534 - main]&amp#27;[m &amp#27;[36mcom.shaft.tools.io.ReportManager&amp#27;[m : 
################################################################################################################################################
Starting Execution:	"163 out of 107" test cases in the current suite
Test Method:		"SteeringCompanyAPI_TestCases.Test_Policies_Cases.Add_Policy_With_Missing_Keys_TC"
Test Description:	"TC050 -Policy- Perform Add Policy with Missing Keys"
################################################################################################################################################
2023-02-07 10:58:57.216 &amp#27;[32m INFO&amp#27;[m &amp#27;[35m[@503 - main]&amp#27;[m &amp#27;[36mcom.shaft.tools.io.ReportManager&amp#27;[m : File Action "DoesFileExist" successfully performed. With the following test data "File Path: "SteeringCompanyAPI_TestData/SteeringCompanyAPI_TestData.xlsx"".
2023-02-07 10:58:57.246 &amp#27;[32m INFO&amp#27;[m &amp#27;[35m[@503 - main]&amp#27;[m &amp#27;[36mcom.shaft.tools.io.ReportManager&amp#27;[m : Successfully created attachment "Test Data - Excel"
2023-02-07 10:58:57.887 &amp#27;[32m INFO&amp#27;[m &amp#27;[35m[@503 - main]&amp#27;[m &amp#27;[36mcom.shaft.tools.io.ReportManager&amp#27;[m : Response status code: "200", status line: "HTTP/1.1 200 OK"
2023-02-07 10:58:57.907 &amp#27;[32m INFO&amp#27;[m &amp#27;[35m[@503 - main]&amp#27;[m &amp#27;[36mcom.shaft.tools.io.ReportManager&amp#27;[m : Successfully created attachment "API Request - Specifications"
2023-02-07 10:58:57.913 &amp#27;[32m INFO&amp#27;[m &amp#27;[35m[@503 - main]&amp#27;[m &amp#27;[36mcom.shaft.tools.io.ReportManager&amp#27;[m : Successfully created attachment "API Request - Body"
2023-02-07 10:58:57.914 &amp#27;[32m INFO&amp#27;[m &amp#27;[35m[@503 - main]&amp#27;[m &amp#27;[36mcom.shaft.tools.io.ReportManager&amp#27;[m : Successfully created attachment "API Response - JSON Body"
2023-02-07 10:58:57.932 &amp#27;[32m INFO&amp#27;[m &amp#27;[35m[@503 - main]&amp#27;[m &amp#27;[36mcom.shaft.tools.io.ReportManager&amp#27;[m : File Action "DoesFileExist" successfully performed. With the following test data "File Path: "SteeringCompanyAPI_TestData/SteeringCompanyAPI_TestData.xlsx"".
2023-02-07 10:58:57.979 &amp#27;[32m INFO&amp#27;[m &amp#27;[35m[@503 - main]&amp#27;[m &amp#27;[36mcom.shaft.tools.io.ReportManager&amp#27;[m : Successfully created attachment "Test Data - Excel"
2023-02-07 10:58:57.979 &amp#27;[32m INFO&amp#27;[m &amp#27;[35m[@503 - main]&amp#27;[m &amp#27;[36mcom.shaft.tools.io.ReportManager&amp#27;[m : File Action "DoesFileExist" successfully performed. With the following test data "File Path: "SteeringCompanyAPI_TestData/SteeringCompanyAPI_TestData.xlsx"".
2023-02-07 10:58:58.009 &amp#27;[32m INFO&amp#27;[m &amp#27;[35m[@503 - main]&amp#27;[m &amp#27;[36mcom.shaft.tools.io.ReportManager&amp#27;[m : Successfully created attachment "Test Data - Excel"
2023-02-07 10:58:58.009 &amp#27;[32m INFO&amp#27;[m &amp#27;[35m[@503 - main]&amp#27;[m &amp#27;[36mcom.shaft.tools.io.ReportManager&amp#27;[m : File Action "DoesFileExist" successfully performed. With the following test data "File Path: "SteeringCompanyAPI_TestData/SteeringCompanyAPI_TestData.xlsx"".
2023-02-07 10:58:58.042 &amp#27;[32m INFO&amp#27;[m &amp#27;[35m[@503 - main]&amp#27;[m &amp#27;[36mcom.shaft.tools.io.ReportManager&amp#27;[m : Successfully created attachment "Test Data - Excel"
2023-02-07 10:59:00.544 &amp#27;[32m INFO&amp#27;[m &amp#27;[35m[@503 - main]&amp#27;[m &amp#27;[36mcom.shaft.tools.io.ReportManager&amp#27;[m : Response status code: "422", status line: "HTTP/1.1 422 "
2023-02-07 10:59:00.554 &amp#27;[32m INFO&amp#27;[m &amp#27;[35m[@503 - main]&amp#27;[m &amp#27;[36mcom.shaft.tools.io.ReportManager&amp#27;[m : Successfully created attachment "API Request - Specifications"
2023-02-07 10:59:00.555 &amp#27;[32m INFO&amp#27;[m &amp#27;[35m[@503 - main]&amp#27;[m &amp#27;[36mcom.shaft.tools.io.ReportManager&amp#27;[m : Successfully created attachment "API Request - JSON Body"
2023-02-07 10:59:00.555 &amp#27;[32m INFO&amp#27;[m &amp#27;[35m[@503 - main]&amp#27;[m &amp#27;[36mcom.shaft.tools.io.ReportManager&amp#27;[m : Successfully created attachment "API Response - JSON Body"
2023-02-07 10:59:00.556 &amp#27;[32m INFO&amp#27;[m &amp#27;[35m[@503 - main]&amp#27;[m &amp#27;[36mcom.shaft.tools.io.ReportManager&amp#27;[m : File Action "DoesFileExist" successfully performed. With the following test data "File Path: "Schemas/ValidationError_schema.json"".
2023-02-07 10:59:00.556 &amp#27;[32m INFO&amp#27;[m &amp#27;[35m[@503 - main]&amp#27;[m &amp#27;[36mcom.shaft.tools.io.ReportManager&amp#27;[m : File Action "DoesFileExist" successfully performed. With the following test data "File Path: "src/test/resources/testDataFiles/Schemas/ValidationError_schema.json"".
2023-02-07 10:59:00.556 &amp#27;[32m INFO&amp#27;[m &amp#27;[35m[@503 - main]&amp#27;[m &amp#27;[36mcom.shaft.tools.io.ReportManager&amp#27;[m : File Action "GetAbsolutePath" successfully performed. With the following test data "Relative Folder Path: "src/test/resources/testDataFiles/Schemas/ValidationError_schema.json"".
2023-02-07 10:59:00.558 &amp#27;[32m INFO&amp#27;[m &amp#27;[35m[@503 - main]&amp#27;[m &amp#27;[36mcom.shaft.tools.io.ReportManager&amp#27;[m : File Action "DoesFileExist" successfully performed. With the following test data "File Path: "C:\eclipse-workspace\MyProjects\TASystemsAPIs\src\test\resources\testDataFiles\Schemas\ValidationError_schema.json"".
2023-02-07 10:59:00.558 &amp#27;[32m INFO&amp#27;[m &amp#27;[35m[@503 - main]&amp#27;[m &amp#27;[36mcom.shaft.tools.io.ReportManager&amp#27;[m : File Action "GetAbsolutePath" successfully performed. With the following test data "Relative Folder Path: "C:\eclipse-workspace\MyProjects\TASystemsAPIs\src\test\resources\testDataFiles\Schemas\ValidationError_schema.json"".
2023-02-07 10:59:00.559 &amp#27;[32m INFO&amp#27;[m &amp#27;[35m[@503 - main]&amp#27;[m &amp#27;[36mcom.shaft.tools.io.ReportManager&amp#27;[m : File Action "ReadFile" successfully performed. With the following test data "File Path: "C:\eclipse-workspace\MyProjects\TASystemsAPIs\src\test\resources\testDataFiles\Schemas\ValidationError_schema.json"".
2023-02-07 10:59:00.561 &amp#27;[32m INFO&amp#27;[m &amp#27;[35m[@503 - main]&amp#27;[m &amp#27;[36mcom.shaft.tools.io.ReportManager&amp#27;[m : Successfully created attachment "Validation Test Data - Expected JSON Value"
2023-02-07 10:59:00.562 &amp#27;[32m INFO&amp#27;[m &amp#27;[35m[@503 - main]&amp#27;[m &amp#27;[36mcom.shaft.tools.io.ReportManager&amp#27;[m : Successfully created attachment "Validation Test Data - Actual JSON Value"
2023-02-07 10:59:00.564 &amp#27;[32m INFO&amp#27;[m &amp#27;[35m[@503 - main]&amp#27;[m &amp#27;[36mcom.shaft.tools.io.ReportManager&amp#27;[m : Successfully created attachment "SHAFT Engine Logs - Current Method log: Add_Policy_With_Missing_Keys_TC"
]]></system-out>
  </testcase>
  <testcase name="Add_Policy_With_Missing_Keys_TC[[Ljava.lang.Object;@474f1ed9](2)" classname="SteeringCompanyAPI_TestCases.Test_Policies_Cases" time="1.296">
    <system-out><![CDATA[2023-02-07 10:59:00.567 &amp#27;[32m INFO&amp#27;[m &amp#27;[35m[@534 - main]&amp#27;[m &amp#27;[36mcom.shaft.tools.io.ReportManager&amp#27;[m : 
################################################################################################################################################
Starting Execution:	"164 out of 107" test cases in the current suite
Test Method:		"SteeringCompanyAPI_TestCases.Test_Policies_Cases.Add_Policy_With_Missing_Keys_TC"
Test Description:	"TC050 -Policy- Perform Add Policy with Missing Keys"
################################################################################################################################################
2023-02-07 10:59:00.568 &amp#27;[32m INFO&amp#27;[m &amp#27;[35m[@503 - main]&amp#27;[m &amp#27;[36mcom.shaft.tools.io.ReportManager&amp#27;[m : File Action "DoesFileExist" successfully performed. With the following test data "File Path: "SteeringCompanyAPI_TestData/SteeringCompanyAPI_TestData.xlsx"".
2023-02-07 10:59:00.609 &amp#27;[32m INFO&amp#27;[m &amp#27;[35m[@503 - main]&amp#27;[m &amp#27;[36mcom.shaft.tools.io.ReportManager&amp#27;[m : Successfully created attachment "Test Data - Excel"
2023-02-07 10:59:01.223 &amp#27;[32m INFO&amp#27;[m &amp#27;[35m[@503 - main]&amp#27;[m &amp#27;[36mcom.shaft.tools.io.ReportManager&amp#27;[m : Response status code: "200", status line: "HTTP/1.1 200 OK"
2023-02-07 10:59:01.245 &amp#27;[32m INFO&amp#27;[m &amp#27;[35m[@503 - main]&amp#27;[m &amp#27;[36mcom.shaft.tools.io.ReportManager&amp#27;[m : Successfully created attachment "API Request - Specifications"
2023-02-07 10:59:01.246 &amp#27;[32m INFO&amp#27;[m &amp#27;[35m[@503 - main]&amp#27;[m &amp#27;[36mcom.shaft.tools.io.ReportManager&amp#27;[m : Successfully created attachment "API Request - Body"
2023-02-07 10:59:01.248 &amp#27;[32m INFO&amp#27;[m &amp#27;[35m[@503 - main]&amp#27;[m &amp#27;[36mcom.shaft.tools.io.ReportManager&amp#27;[m : Successfully created attachment "API Response - JSON Body"
2023-02-07 10:59:01.258 &amp#27;[32m INFO&amp#27;[m &amp#27;[35m[@503 - main]&amp#27;[m &amp#27;[36mcom.shaft.tools.io.ReportManager&amp#27;[m : File Action "DoesFileExist" successfully performed. With the following test data "File Path: "SteeringCompanyAPI_TestData/SteeringCompanyAPI_TestData.xlsx"".
2023-02-07 10:59:01.286 &amp#27;[32m INFO&amp#27;[m &amp#27;[35m[@503 - main]&amp#27;[m &amp#27;[36mcom.shaft.tools.io.ReportManager&amp#27;[m : Successfully created attachment "Test Data - Excel"
2023-02-07 10:59:01.287 &amp#27;[32m INFO&amp#27;[m &amp#27;[35m[@503 - main]&amp#27;[m &amp#27;[36mcom.shaft.tools.io.ReportManager&amp#27;[m : File Action "DoesFileExist" successfully performed. With the following test data "File Path: "SteeringCompanyAPI_TestData/SteeringCompanyAPI_TestData.xlsx"".
2023-02-07 10:59:01.322 &amp#27;[32m INFO&amp#27;[m &amp#27;[35m[@503 - main]&amp#27;[m &amp#27;[36mcom.shaft.tools.io.ReportManager&amp#27;[m : Successfully created attachment "Test Data - Excel"
2023-02-07 10:59:01.322 &amp#27;[32m INFO&amp#27;[m &amp#27;[35m[@503 - main]&amp#27;[m &amp#27;[36mcom.shaft.tools.io.ReportManager&amp#27;[m : File Action "DoesFileExist" successfully performed. With the following test data "File Path: "SteeringCompanyAPI_TestData/SteeringCompanyAPI_TestData.xlsx"".
2023-02-07 10:59:01.349 &amp#27;[32m INFO&amp#27;[m &amp#27;[35m[@503 - main]&amp#27;[m &amp#27;[36mcom.shaft.tools.io.ReportManager&amp#27;[m : Successfully created attachment "Test Data - Excel"
2023-02-07 10:59:01.839 &amp#27;[32m INFO&amp#27;[m &amp#27;[35m[@503 - main]&amp#27;[m &amp#27;[36mcom.shaft.tools.io.ReportManager&amp#27;[m : Response status code: "422", status line: "HTTP/1.1 422 "
2023-02-07 10:59:01.851 &amp#27;[32m INFO&amp#27;[m &amp#27;[35m[@503 - main]&amp#27;[m &amp#27;[36mcom.shaft.tools.io.ReportManager&amp#27;[m : Successfully created attachment "API Request - Specifications"
2023-02-07 10:59:01.852 &amp#27;[32m INFO&amp#27;[m &amp#27;[35m[@503 - main]&amp#27;[m &amp#27;[36mcom.shaft.tools.io.ReportManager&amp#27;[m : Successfully created attachment "API Request - JSON Body"
2023-02-07 10:59:01.855 &amp#27;[32m INFO&amp#27;[m &amp#27;[35m[@503 - main]&amp#27;[m &amp#27;[36mcom.shaft.tools.io.ReportManager&amp#27;[m : Successfully created attachment "API Response - JSON Body"
2023-02-07 10:59:01.855 &amp#27;[32m INFO&amp#27;[m &amp#27;[35m[@503 - main]&amp#27;[m &amp#27;[36mcom.shaft.tools.io.ReportManager&amp#27;[m : File Action "DoesFileExist" successfully performed. With the following test data "File Path: "Schemas/ValidationError_schema.json"".
2023-02-07 10:59:01.855 &amp#27;[32m INFO&amp#27;[m &amp#27;[35m[@503 - main]&amp#27;[m &amp#27;[36mcom.shaft.tools.io.ReportManager&amp#27;[m : File Action "DoesFileExist" successfully performed. With the following test data "File Path: "src/test/resources/testDataFiles/Schemas/ValidationError_schema.json"".
2023-02-07 10:59:01.855 &amp#27;[32m INFO&amp#27;[m &amp#27;[35m[@503 - main]&amp#27;[m &amp#27;[36mcom.shaft.tools.io.ReportManager&amp#27;[m : File Action "GetAbsolutePath" successfully performed. With the following test data "Relative Folder Path: "src/test/resources/testDataFiles/Schemas/ValidationError_schema.json"".
2023-02-07 10:59:01.857 &amp#27;[32m INFO&amp#27;[m &amp#27;[35m[@503 - main]&amp#27;[m &amp#27;[36mcom.shaft.tools.io.ReportManager&amp#27;[m : File Action "DoesFileExist" successfully performed. With the following test data "File Path: "C:\eclipse-workspace\MyProjects\TASystemsAPIs\src\test\resources\testDataFiles\Schemas\ValidationError_schema.json"".
2023-02-07 10:59:01.857 &amp#27;[32m INFO&amp#27;[m &amp#27;[35m[@503 - main]&amp#27;[m &amp#27;[36mcom.shaft.tools.io.ReportManager&amp#27;[m : File Action "GetAbsolutePath" successfully performed. With the following test data "Relative Folder Path: "C:\eclipse-workspace\MyProjects\TASystemsAPIs\src\test\resources\testDataFiles\Schemas\ValidationError_schema.json"".
2023-02-07 10:59:01.857 &amp#27;[32m INFO&amp#27;[m &amp#27;[35m[@503 - main]&amp#27;[m &amp#27;[36mcom.shaft.tools.io.ReportManager&amp#27;[m : File Action "ReadFile" successfully performed. With the following test data "File Path: "C:\eclipse-workspace\MyProjects\TASystemsAPIs\src\test\resources\testDataFiles\Schemas\ValidationError_schema.json"".
2023-02-07 10:59:01.858 &amp#27;[32m INFO&amp#27;[m &amp#27;[35m[@503 - main]&amp#27;[m &amp#27;[36mcom.shaft.tools.io.ReportManager&amp#27;[m : Successfully created attachment "Validation Test Data - Expected JSON Value"
2023-02-07 10:59:01.859 &amp#27;[32m INFO&amp#27;[m &amp#27;[35m[@503 - main]&amp#27;[m &amp#27;[36mcom.shaft.tools.io.ReportManager&amp#27;[m : Successfully created attachment "Validation Test Data - Actual JSON Value"
2023-02-07 10:59:01.861 &amp#27;[32m INFO&amp#27;[m &amp#27;[35m[@503 - main]&amp#27;[m &amp#27;[36mcom.shaft.tools.io.ReportManager&amp#27;[m : Successfully created attachment "SHAFT Engine Logs - Current Method log: Add_Policy_With_Missing_Keys_TC"
]]></system-out>
  </testcase>
  <testcase name="Add_Policy_With_Missing_Keys_TC[[Ljava.lang.Object;@5b61e35b](3)" classname="SteeringCompanyAPI_TestCases.Test_Policies_Cases" time="1.299">
    <system-out><![CDATA[2023-02-07 10:59:01.863 &amp#27;[32m INFO&amp#27;[m &amp#27;[35m[@534 - main]&amp#27;[m &amp#27;[36mcom.shaft.tools.io.ReportManager&amp#27;[m : 
################################################################################################################################################
Starting Execution:	"165 out of 107" test cases in the current suite
Test Method:		"SteeringCompanyAPI_TestCases.Test_Policies_Cases.Add_Policy_With_Missing_Keys_TC"
Test Description:	"TC050 -Policy- Perform Add Policy with Missing Keys"
################################################################################################################################################
2023-02-07 10:59:01.863 &amp#27;[32m INFO&amp#27;[m &amp#27;[35m[@503 - main]&amp#27;[m &amp#27;[36mcom.shaft.tools.io.ReportManager&amp#27;[m : File Action "DoesFileExist" successfully performed. With the following test data "File Path: "SteeringCompanyAPI_TestData/SteeringCompanyAPI_TestData.xlsx"".
2023-02-07 10:59:01.890 &amp#27;[32m INFO&amp#27;[m &amp#27;[35m[@503 - main]&amp#27;[m &amp#27;[36mcom.shaft.tools.io.ReportManager&amp#27;[m : Successfully created attachment "Test Data - Excel"
2023-02-07 10:59:02.542 &amp#27;[32m INFO&amp#27;[m &amp#27;[35m[@503 - main]&amp#27;[m &amp#27;[36mcom.shaft.tools.io.ReportManager&amp#27;[m : Response status code: "200", status line: "HTTP/1.1 200 OK"
2023-02-07 10:59:02.554 &amp#27;[32m INFO&amp#27;[m &amp#27;[35m[@503 - main]&amp#27;[m &amp#27;[36mcom.shaft.tools.io.ReportManager&amp#27;[m : Successfully created attachment "API Request - Specifications"
2023-02-07 10:59:02.556 &amp#27;[32m INFO&amp#27;[m &amp#27;[35m[@503 - main]&amp#27;[m &amp#27;[36mcom.shaft.tools.io.ReportManager&amp#27;[m : Successfully created attachment "API Request - Body"
2023-02-07 10:59:02.557 &amp#27;[32m INFO&amp#27;[m &amp#27;[35m[@503 - main]&amp#27;[m &amp#27;[36mcom.shaft.tools.io.ReportManager&amp#27;[m : Successfully created attachment "API Response - JSON Body"
2023-02-07 10:59:02.565 &amp#27;[32m INFO&amp#27;[m &amp#27;[35m[@503 - main]&amp#27;[m &amp#27;[36mcom.shaft.tools.io.ReportManager&amp#27;[m : File Action "DoesFileExist" successfully performed. With the following test data "File Path: "SteeringCompanyAPI_TestData/SteeringCompanyAPI_TestData.xlsx"".
2023-02-07 10:59:02.604 &amp#27;[32m INFO&amp#27;[m &amp#27;[35m[@503 - main]&amp#27;[m &amp#27;[36mcom.shaft.tools.io.ReportManager&amp#27;[m : Successfully created attachment "Test Data - Excel"
2023-02-07 10:59:02.605 &amp#27;[32m INFO&amp#27;[m &amp#27;[35m[@503 - main]&amp#27;[m &amp#27;[36mcom.shaft.tools.io.ReportManager&amp#27;[m : File Action "DoesFileExist" successfully performed. With the following test data "File Path: "SteeringCompanyAPI_TestData/SteeringCompanyAPI_TestData.xlsx"".
2023-02-07 10:59:02.638 &amp#27;[32m INFO&amp#27;[m &amp#27;[35m[@503 - main]&amp#27;[m &amp#27;[36mcom.shaft.tools.io.ReportManager&amp#27;[m : Successfully created attachment "Test Data - Excel"
2023-02-07 10:59:02.638 &amp#27;[32m INFO&amp#27;[m &amp#27;[35m[@503 - main]&amp#27;[m &amp#27;[36mcom.shaft.tools.io.ReportManager&amp#27;[m : File Action "DoesFileExist" successfully performed. With the following test data "File Path: "SteeringCompanyAPI_TestData/SteeringCompanyAPI_TestData.xlsx"".
2023-02-07 10:59:02.659 &amp#27;[32m INFO&amp#27;[m &amp#27;[35m[@503 - main]&amp#27;[m &amp#27;[36mcom.shaft.tools.io.ReportManager&amp#27;[m : Successfully created attachment "Test Data - Excel"
2023-02-07 10:59:03.141 &amp#27;[32m INFO&amp#27;[m &amp#27;[35m[@503 - main]&amp#27;[m &amp#27;[36mcom.shaft.tools.io.ReportManager&amp#27;[m : Response status code: "422", status line: "HTTP/1.1 422 "
2023-02-07 10:59:03.151 &amp#27;[32m INFO&amp#27;[m &amp#27;[35m[@503 - main]&amp#27;[m &amp#27;[36mcom.shaft.tools.io.ReportManager&amp#27;[m : Successfully created attachment "API Request - Specifications"
2023-02-07 10:59:03.152 &amp#27;[32m INFO&amp#27;[m &amp#27;[35m[@503 - main]&amp#27;[m &amp#27;[36mcom.shaft.tools.io.ReportManager&amp#27;[m : Successfully created attachment "API Request - JSON Body"
2023-02-07 10:59:03.153 &amp#27;[32m INFO&amp#27;[m &amp#27;[35m[@503 - main]&amp#27;[m &amp#27;[36mcom.shaft.tools.io.ReportManager&amp#27;[m : Successfully created attachment "API Response - JSON Body"
2023-02-07 10:59:03.153 &amp#27;[32m INFO&amp#27;[m &amp#27;[35m[@503 - main]&amp#27;[m &amp#27;[36mcom.shaft.tools.io.ReportManager&amp#27;[m : File Action "DoesFileExist" successfully performed. With the following test data "File Path: "Schemas/ValidationError_schema.json"".
2023-02-07 10:59:03.154 &amp#27;[32m INFO&amp#27;[m &amp#27;[35m[@503 - main]&amp#27;[m &amp#27;[36mcom.shaft.tools.io.ReportManager&amp#27;[m : File Action "DoesFileExist" successfully performed. With the following test data "File Path: "src/test/resources/testDataFiles/Schemas/ValidationError_schema.json"".
2023-02-07 10:59:03.154 &amp#27;[32m INFO&amp#27;[m &amp#27;[35m[@503 - main]&amp#27;[m &amp#27;[36mcom.shaft.tools.io.ReportManager&amp#27;[m : File Action "GetAbsolutePath" successfully performed. With the following test data "Relative Folder Path: "src/test/resources/testDataFiles/Schemas/ValidationError_schema.json"".
2023-02-07 10:59:03.157 &amp#27;[32m INFO&amp#27;[m &amp#27;[35m[@503 - main]&amp#27;[m &amp#27;[36mcom.shaft.tools.io.ReportManager&amp#27;[m : File Action "DoesFileExist" successfully performed. With the following test data "File Path: "C:\eclipse-workspace\MyProjects\TASystemsAPIs\src\test\resources\testDataFiles\Schemas\ValidationError_schema.json"".
2023-02-07 10:59:03.157 &amp#27;[32m INFO&amp#27;[m &amp#27;[35m[@503 - main]&amp#27;[m &amp#27;[36mcom.shaft.tools.io.ReportManager&amp#27;[m : File Action "GetAbsolutePath" successfully performed. With the following test data "Relative Folder Path: "C:\eclipse-workspace\MyProjects\TASystemsAPIs\src\test\resources\testDataFiles\Schemas\ValidationError_schema.json"".
2023-02-07 10:59:03.157 &amp#27;[32m INFO&amp#27;[m &amp#27;[35m[@503 - main]&amp#27;[m &amp#27;[36mcom.shaft.tools.io.ReportManager&amp#27;[m : File Action "ReadFile" successfully performed. With the following test data "File Path: "C:\eclipse-workspace\MyProjects\TASystemsAPIs\src\test\resources\testDataFiles\Schemas\ValidationError_schema.json"".
2023-02-07 10:59:03.159 &amp#27;[32m INFO&amp#27;[m &amp#27;[35m[@503 - main]&amp#27;[m &amp#27;[36mcom.shaft.tools.io.ReportManager&amp#27;[m : Successfully created attachment "Validation Test Data - Expected JSON Value"
2023-02-07 10:59:03.159 &amp#27;[32m INFO&amp#27;[m &amp#27;[35m[@503 - main]&amp#27;[m &amp#27;[36mcom.shaft.tools.io.ReportManager&amp#27;[m : Successfully created attachment "Validation Test Data - Actual JSON Value"
2023-02-07 10:59:03.160 &amp#27;[32m INFO&amp#27;[m &amp#27;[35m[@503 - main]&amp#27;[m &amp#27;[36mcom.shaft.tools.io.ReportManager&amp#27;[m : Successfully created attachment "SHAFT Engine Logs - Current Method log: Add_Policy_With_Missing_Keys_TC"
]]></system-out>
  </testcase>
  <testcase name="Add_Policy_With_Missing_Keys_TC[[Ljava.lang.Object;@2cce19a2](4)" classname="SteeringCompanyAPI_TestCases.Test_Policies_Cases" time="1.907">
    <system-out><![CDATA[2023-02-07 10:59:03.163 &amp#27;[32m INFO&amp#27;[m &amp#27;[35m[@534 - main]&amp#27;[m &amp#27;[36mcom.shaft.tools.io.ReportManager&amp#27;[m : 
################################################################################################################################################
Starting Execution:	"166 out of 107" test cases in the current suite
Test Method:		"SteeringCompanyAPI_TestCases.Test_Policies_Cases.Add_Policy_With_Missing_Keys_TC"
Test Description:	"TC050 -Policy- Perform Add Policy with Missing Keys"
################################################################################################################################################
2023-02-07 10:59:03.163 &amp#27;[32m INFO&amp#27;[m &amp#27;[35m[@503 - main]&amp#27;[m &amp#27;[36mcom.shaft.tools.io.ReportManager&amp#27;[m : File Action "DoesFileExist" successfully performed. With the following test data "File Path: "SteeringCompanyAPI_TestData/SteeringCompanyAPI_TestData.xlsx"".
2023-02-07 10:59:03.182 &amp#27;[32m INFO&amp#27;[m &amp#27;[35m[@503 - main]&amp#27;[m &amp#27;[36mcom.shaft.tools.io.ReportManager&amp#27;[m : Successfully created attachment "Test Data - Excel"
2023-02-07 10:59:03.793 &amp#27;[32m INFO&amp#27;[m &amp#27;[35m[@503 - main]&amp#27;[m &amp#27;[36mcom.shaft.tools.io.ReportManager&amp#27;[m : Response status code: "200", status line: "HTTP/1.1 200 OK"
2023-02-07 10:59:03.807 &amp#27;[32m INFO&amp#27;[m &amp#27;[35m[@503 - main]&amp#27;[m &amp#27;[36mcom.shaft.tools.io.ReportManager&amp#27;[m : Successfully created attachment "API Request - Specifications"
2023-02-07 10:59:03.808 &amp#27;[32m INFO&amp#27;[m &amp#27;[35m[@503 - main]&amp#27;[m &amp#27;[36mcom.shaft.tools.io.ReportManager&amp#27;[m : Successfully created attachment "API Request - Body"
2023-02-07 10:59:03.809 &amp#27;[32m INFO&amp#27;[m &amp#27;[35m[@503 - main]&amp#27;[m &amp#27;[36mcom.shaft.tools.io.ReportManager&amp#27;[m : Successfully created attachment "API Response - JSON Body"
2023-02-07 10:59:03.825 &amp#27;[32m INFO&amp#27;[m &amp#27;[35m[@503 - main]&amp#27;[m &amp#27;[36mcom.shaft.tools.io.ReportManager&amp#27;[m : File Action "DoesFileExist" successfully performed. With the following test data "File Path: "SteeringCompanyAPI_TestData/SteeringCompanyAPI_TestData.xlsx"".
2023-02-07 10:59:03.859 &amp#27;[32m INFO&amp#27;[m &amp#27;[35m[@503 - main]&amp#27;[m &amp#27;[36mcom.shaft.tools.io.ReportManager&amp#27;[m : Successfully created attachment "Test Data - Excel"
2023-02-07 10:59:03.859 &amp#27;[32m INFO&amp#27;[m &amp#27;[35m[@503 - main]&amp#27;[m &amp#27;[36mcom.shaft.tools.io.ReportManager&amp#27;[m : File Action "DoesFileExist" successfully performed. With the following test data "File Path: "SteeringCompanyAPI_TestData/SteeringCompanyAPI_TestData.xlsx"".
2023-02-07 10:59:03.892 &amp#27;[32m INFO&amp#27;[m &amp#27;[35m[@503 - main]&amp#27;[m &amp#27;[36mcom.shaft.tools.io.ReportManager&amp#27;[m : Successfully created attachment "Test Data - Excel"
2023-02-07 10:59:03.892 &amp#27;[32m INFO&amp#27;[m &amp#27;[35m[@503 - main]&amp#27;[m &amp#27;[36mcom.shaft.tools.io.ReportManager&amp#27;[m : File Action "DoesFileExist" successfully performed. With the following test data "File Path: "SteeringCompanyAPI_TestData/SteeringCompanyAPI_TestData.xlsx"".
2023-02-07 10:59:03.912 &amp#27;[32m INFO&amp#27;[m &amp#27;[35m[@503 - main]&amp#27;[m &amp#27;[36mcom.shaft.tools.io.ReportManager&amp#27;[m : Successfully created attachment "Test Data - Excel"
2023-02-07 10:59:05.047 &amp#27;[32m INFO&amp#27;[m &amp#27;[35m[@503 - main]&amp#27;[m &amp#27;[36mcom.shaft.tools.io.ReportManager&amp#27;[m : Response status code: "422", status line: "HTTP/1.1 422 "
2023-02-07 10:59:05.055 &amp#27;[32m INFO&amp#27;[m &amp#27;[35m[@503 - main]&amp#27;[m &amp#27;[36mcom.shaft.tools.io.ReportManager&amp#27;[m : Successfully created attachment "API Request - Specifications"
2023-02-07 10:59:05.056 &amp#27;[32m INFO&amp#27;[m &amp#27;[35m[@503 - main]&amp#27;[m &amp#27;[36mcom.shaft.tools.io.ReportManager&amp#27;[m : Successfully created attachment "API Request - JSON Body"
2023-02-07 10:59:05.061 &amp#27;[32m INFO&amp#27;[m &amp#27;[35m[@503 - main]&amp#27;[m &amp#27;[36mcom.shaft.tools.io.ReportManager&amp#27;[m : Successfully created attachment "API Response - JSON Body"
2023-02-07 10:59:05.061 &amp#27;[32m INFO&amp#27;[m &amp#27;[35m[@503 - main]&amp#27;[m &amp#27;[36mcom.shaft.tools.io.ReportManager&amp#27;[m : File Action "DoesFileExist" successfully performed. With the following test data "File Path: "Schemas/ValidationError_schema.json"".
2023-02-07 10:59:05.062 &amp#27;[32m INFO&amp#27;[m &amp#27;[35m[@503 - main]&amp#27;[m &amp#27;[36mcom.shaft.tools.io.ReportManager&amp#27;[m : File Action "DoesFileExist" successfully performed. With the following test data "File Path: "src/test/resources/testDataFiles/Schemas/ValidationError_schema.json"".
2023-02-07 10:59:05.062 &amp#27;[32m INFO&amp#27;[m &amp#27;[35m[@503 - main]&amp#27;[m &amp#27;[36mcom.shaft.tools.io.ReportManager&amp#27;[m : File Action "GetAbsolutePath" successfully performed. With the following test data "Relative Folder Path: "src/test/resources/testDataFiles/Schemas/ValidationError_schema.json"".
2023-02-07 10:59:05.064 &amp#27;[32m INFO&amp#27;[m &amp#27;[35m[@503 - main]&amp#27;[m &amp#27;[36mcom.shaft.tools.io.ReportManager&amp#27;[m : File Action "DoesFileExist" successfully performed. With the following test data "File Path: "C:\eclipse-workspace\MyProjects\TASystemsAPIs\src\test\resources\testDataFiles\Schemas\ValidationError_schema.json"".
2023-02-07 10:59:05.064 &amp#27;[32m INFO&amp#27;[m &amp#27;[35m[@503 - main]&amp#27;[m &amp#27;[36mcom.shaft.tools.io.ReportManager&amp#27;[m : File Action "GetAbsolutePath" successfully performed. With the following test data "Relative Folder Path: "C:\eclipse-workspace\MyProjects\TASystemsAPIs\src\test\resources\testDataFiles\Schemas\ValidationError_schema.json"".
2023-02-07 10:59:05.064 &amp#27;[32m INFO&amp#27;[m &amp#27;[35m[@503 - main]&amp#27;[m &amp#27;[36mcom.shaft.tools.io.ReportManager&amp#27;[m : File Action "ReadFile" successfully performed. With the following test data "File Path: "C:\eclipse-workspace\MyProjects\TASystemsAPIs\src\test\resources\testDataFiles\Schemas\ValidationError_schema.json"".
2023-02-07 10:59:05.065 &amp#27;[32m INFO&amp#27;[m &amp#27;[35m[@503 - main]&amp#27;[m &amp#27;[36mcom.shaft.tools.io.ReportManager&amp#27;[m : Successfully created attachment "Validation Test Data - Expected JSON Value"
2023-02-07 10:59:05.065 &amp#27;[32m INFO&amp#27;[m &amp#27;[35m[@503 - main]&amp#27;[m &amp#27;[36mcom.shaft.tools.io.ReportManager&amp#27;[m : Successfully created attachment "Validation Test Data - Actual JSON Value"
2023-02-07 10:59:05.066 &amp#27;[32m INFO&amp#27;[m &amp#27;[35m[@503 - main]&amp#27;[m &amp#27;[36mcom.shaft.tools.io.ReportManager&amp#27;[m : Successfully created attachment "SHAFT Engine Logs - Current Method log: Add_Policy_With_Missing_Keys_TC"
]]></system-out>
  </testcase>
  <testcase name="Add_Policy_With_Missing_Keys_TC[[Ljava.lang.Object;@372f7790](5)" classname="SteeringCompanyAPI_TestCases.Test_Policies_Cases" time="1.242">
    <system-out><![CDATA[2023-02-07 10:59:05.069 &amp#27;[32m INFO&amp#27;[m &amp#27;[35m[@534 - main]&amp#27;[m &amp#27;[36mcom.shaft.tools.io.ReportManager&amp#27;[m : 
################################################################################################################################################
Starting Execution:	"167 out of 107" test cases in the current suite
Test Method:		"SteeringCompanyAPI_TestCases.Test_Policies_Cases.Add_Policy_With_Missing_Keys_TC"
Test Description:	"TC050 -Policy- Perform Add Policy with Missing Keys"
################################################################################################################################################
2023-02-07 10:59:05.069 &amp#27;[32m INFO&amp#27;[m &amp#27;[35m[@503 - main]&amp#27;[m &amp#27;[36mcom.shaft.tools.io.ReportManager&amp#27;[m : File Action "DoesFileExist" successfully performed. With the following test data "File Path: "SteeringCompanyAPI_TestData/SteeringCompanyAPI_TestData.xlsx"".
2023-02-07 10:59:05.096 &amp#27;[32m INFO&amp#27;[m &amp#27;[35m[@503 - main]&amp#27;[m &amp#27;[36mcom.shaft.tools.io.ReportManager&amp#27;[m : Successfully created attachment "Test Data - Excel"
2023-02-07 10:59:05.722 &amp#27;[32m INFO&amp#27;[m &amp#27;[35m[@503 - main]&amp#27;[m &amp#27;[36mcom.shaft.tools.io.ReportManager&amp#27;[m : Response status code: "200", status line: "HTTP/1.1 200 OK"
2023-02-07 10:59:05.734 &amp#27;[32m INFO&amp#27;[m &amp#27;[35m[@503 - main]&amp#27;[m &amp#27;[36mcom.shaft.tools.io.ReportManager&amp#27;[m : Successfully created attachment "API Request - Specifications"
2023-02-07 10:59:05.737 &amp#27;[32m INFO&amp#27;[m &amp#27;[35m[@503 - main]&amp#27;[m &amp#27;[36mcom.shaft.tools.io.ReportManager&amp#27;[m : Successfully created attachment "API Request - Body"
2023-02-07 10:59:05.738 &amp#27;[32m INFO&amp#27;[m &amp#27;[35m[@503 - main]&amp#27;[m &amp#27;[36mcom.shaft.tools.io.ReportManager&amp#27;[m : Successfully created attachment "API Response - JSON Body"
2023-02-07 10:59:05.744 &amp#27;[32m INFO&amp#27;[m &amp#27;[35m[@503 - main]&amp#27;[m &amp#27;[36mcom.shaft.tools.io.ReportManager&amp#27;[m : File Action "DoesFileExist" successfully performed. With the following test data "File Path: "SteeringCompanyAPI_TestData/SteeringCompanyAPI_TestData.xlsx"".
2023-02-07 10:59:05.758 &amp#27;[32m INFO&amp#27;[m &amp#27;[35m[@503 - main]&amp#27;[m &amp#27;[36mcom.shaft.tools.io.ReportManager&amp#27;[m : Successfully created attachment "Test Data - Excel"
2023-02-07 10:59:05.758 &amp#27;[32m INFO&amp#27;[m &amp#27;[35m[@503 - main]&amp#27;[m &amp#27;[36mcom.shaft.tools.io.ReportManager&amp#27;[m : File Action "DoesFileExist" successfully performed. With the following test data "File Path: "SteeringCompanyAPI_TestData/SteeringCompanyAPI_TestData.xlsx"".
2023-02-07 10:59:05.772 &amp#27;[32m INFO&amp#27;[m &amp#27;[35m[@503 - main]&amp#27;[m &amp#27;[36mcom.shaft.tools.io.ReportManager&amp#27;[m : Successfully created attachment "Test Data - Excel"
2023-02-07 10:59:05.772 &amp#27;[32m INFO&amp#27;[m &amp#27;[35m[@503 - main]&amp#27;[m &amp#27;[36mcom.shaft.tools.io.ReportManager&amp#27;[m : File Action "DoesFileExist" successfully performed. With the following test data "File Path: "SteeringCompanyAPI_TestData/SteeringCompanyAPI_TestData.xlsx"".
2023-02-07 10:59:05.787 &amp#27;[32m INFO&amp#27;[m &amp#27;[35m[@503 - main]&amp#27;[m &amp#27;[36mcom.shaft.tools.io.ReportManager&amp#27;[m : Successfully created attachment "Test Data - Excel"
2023-02-07 10:59:06.291 &amp#27;[32m INFO&amp#27;[m &amp#27;[35m[@503 - main]&amp#27;[m &amp#27;[36mcom.shaft.tools.io.ReportManager&amp#27;[m : Response status code: "422", status line: "HTTP/1.1 422 "
2023-02-07 10:59:06.303 &amp#27;[32m INFO&amp#27;[m &amp#27;[35m[@503 - main]&amp#27;[m &amp#27;[36mcom.shaft.tools.io.ReportManager&amp#27;[m : Successfully created attachment "API Request - Specifications"
2023-02-07 10:59:06.304 &amp#27;[32m INFO&amp#27;[m &amp#27;[35m[@503 - main]&amp#27;[m &amp#27;[36mcom.shaft.tools.io.ReportManager&amp#27;[m : Successfully created attachment "API Request - JSON Body"
2023-02-07 10:59:06.305 &amp#27;[32m INFO&amp#27;[m &amp#27;[35m[@503 - main]&amp#27;[m &amp#27;[36mcom.shaft.tools.io.ReportManager&amp#27;[m : Successfully created attachment "API Response - JSON Body"
2023-02-07 10:59:06.305 &amp#27;[32m INFO&amp#27;[m &amp#27;[35m[@503 - main]&amp#27;[m &amp#27;[36mcom.shaft.tools.io.ReportManager&amp#27;[m : File Action "DoesFileExist" successfully performed. With the following test data "File Path: "Schemas/ValidationError_schema.json"".
2023-02-07 10:59:06.305 &amp#27;[32m INFO&amp#27;[m &amp#27;[35m[@503 - main]&amp#27;[m &amp#27;[36mcom.shaft.tools.io.ReportManager&amp#27;[m : File Action "DoesFileExist" successfully performed. With the following test data "File Path: "src/test/resources/testDataFiles/Schemas/ValidationError_schema.json"".
2023-02-07 10:59:06.305 &amp#27;[32m INFO&amp#27;[m &amp#27;[35m[@503 - main]&amp#27;[m &amp#27;[36mcom.shaft.tools.io.ReportManager&amp#27;[m : File Action "GetAbsolutePath" successfully performed. With the following test data "Relative Folder Path: "src/test/resources/testDataFiles/Schemas/ValidationError_schema.json"".
2023-02-07 10:59:06.307 &amp#27;[32m INFO&amp#27;[m &amp#27;[35m[@503 - main]&amp#27;[m &amp#27;[36mcom.shaft.tools.io.ReportManager&amp#27;[m : File Action "DoesFileExist" successfully performed. With the following test data "File Path: "C:\eclipse-workspace\MyProjects\TASystemsAPIs\src\test\resources\testDataFiles\Schemas\ValidationError_schema.json"".
2023-02-07 10:59:06.307 &amp#27;[32m INFO&amp#27;[m &amp#27;[35m[@503 - main]&amp#27;[m &amp#27;[36mcom.shaft.tools.io.ReportManager&amp#27;[m : File Action "GetAbsolutePath" successfully performed. With the following test data "Relative Folder Path: "C:\eclipse-workspace\MyProjects\TASystemsAPIs\src\test\resources\testDataFiles\Schemas\ValidationError_schema.json"".
2023-02-07 10:59:06.307 &amp#27;[32m INFO&amp#27;[m &amp#27;[35m[@503 - main]&amp#27;[m &amp#27;[36mcom.shaft.tools.io.ReportManager&amp#27;[m : File Action "ReadFile" successfully performed. With the following test data "File Path: "C:\eclipse-workspace\MyProjects\TASystemsAPIs\src\test\resources\testDataFiles\Schemas\ValidationError_schema.json"".
2023-02-07 10:59:06.308 &amp#27;[32m INFO&amp#27;[m &amp#27;[35m[@503 - main]&amp#27;[m &amp#27;[36mcom.shaft.tools.io.ReportManager&amp#27;[m : Successfully created attachment "Validation Test Data - Expected JSON Value"
2023-02-07 10:59:06.309 &amp#27;[32m INFO&amp#27;[m &amp#27;[35m[@503 - main]&amp#27;[m &amp#27;[36mcom.shaft.tools.io.ReportManager&amp#27;[m : Successfully created attachment "Validation Test Data - Actual JSON Value"
2023-02-07 10:59:06.309 &amp#27;[32m INFO&amp#27;[m &amp#27;[35m[@503 - main]&amp#27;[m &amp#27;[36mcom.shaft.tools.io.ReportManager&amp#27;[m : Successfully created attachment "SHAFT Engine Logs - Current Method log: Add_Policy_With_Missing_Keys_TC"
]]></system-out>
  </testcase>
  <testcase name="Add_Policy_With_Missing_Keys_TC[[Ljava.lang.Object;@3eb81452](6)" classname="SteeringCompanyAPI_TestCases.Test_Policies_Cases" time="1.591">
    <system-out><![CDATA[2023-02-07 10:59:06.312 &amp#27;[32m INFO&amp#27;[m &amp#27;[35m[@534 - main]&amp#27;[m &amp#27;[36mcom.shaft.tools.io.ReportManager&amp#27;[m : 
################################################################################################################################################
Starting Execution:	"168 out of 107" test cases in the current suite
Test Method:		"SteeringCompanyAPI_TestCases.Test_Policies_Cases.Add_Policy_With_Missing_Keys_TC"
Test Description:	"TC050 -Policy- Perform Add Policy with Missing Keys"
################################################################################################################################################
2023-02-07 10:59:06.312 &amp#27;[32m INFO&amp#27;[m &amp#27;[35m[@503 - main]&amp#27;[m &amp#27;[36mcom.shaft.tools.io.ReportManager&amp#27;[m : File Action "DoesFileExist" successfully performed. With the following test data "File Path: "SteeringCompanyAPI_TestData/SteeringCompanyAPI_TestData.xlsx"".
2023-02-07 10:59:06.328 &amp#27;[32m INFO&amp#27;[m &amp#27;[35m[@503 - main]&amp#27;[m &amp#27;[36mcom.shaft.tools.io.ReportManager&amp#27;[m : Successfully created attachment "Test Data - Excel"
2023-02-07 10:59:07.296 &amp#27;[32m INFO&amp#27;[m &amp#27;[35m[@503 - main]&amp#27;[m &amp#27;[36mcom.shaft.tools.io.ReportManager&amp#27;[m : Response status code: "200", status line: "HTTP/1.1 200 OK"
2023-02-07 10:59:07.308 &amp#27;[32m INFO&amp#27;[m &amp#27;[35m[@503 - main]&amp#27;[m &amp#27;[36mcom.shaft.tools.io.ReportManager&amp#27;[m : Successfully created attachment "API Request - Specifications"
2023-02-07 10:59:07.308 &amp#27;[32m INFO&amp#27;[m &amp#27;[35m[@503 - main]&amp#27;[m &amp#27;[36mcom.shaft.tools.io.ReportManager&amp#27;[m : Successfully created attachment "API Request - Body"
2023-02-07 10:59:07.312 &amp#27;[32m INFO&amp#27;[m &amp#27;[35m[@503 - main]&amp#27;[m &amp#27;[36mcom.shaft.tools.io.ReportManager&amp#27;[m : Successfully created attachment "API Response - JSON Body"
2023-02-07 10:59:07.318 &amp#27;[32m INFO&amp#27;[m &amp#27;[35m[@503 - main]&amp#27;[m &amp#27;[36mcom.shaft.tools.io.ReportManager&amp#27;[m : File Action "DoesFileExist" successfully performed. With the following test data "File Path: "SteeringCompanyAPI_TestData/SteeringCompanyAPI_TestData.xlsx"".
2023-02-07 10:59:07.331 &amp#27;[32m INFO&amp#27;[m &amp#27;[35m[@503 - main]&amp#27;[m &amp#27;[36mcom.shaft.tools.io.ReportManager&amp#27;[m : Successfully created attachment "Test Data - Excel"
2023-02-07 10:59:07.332 &amp#27;[32m INFO&amp#27;[m &amp#27;[35m[@503 - main]&amp#27;[m &amp#27;[36mcom.shaft.tools.io.ReportManager&amp#27;[m : File Action "DoesFileExist" successfully performed. With the following test data "File Path: "SteeringCompanyAPI_TestData/SteeringCompanyAPI_TestData.xlsx"".
2023-02-07 10:59:07.366 &amp#27;[32m INFO&amp#27;[m &amp#27;[35m[@503 - main]&amp#27;[m &amp#27;[36mcom.shaft.tools.io.ReportManager&amp#27;[m : Successfully created attachment "Test Data - Excel"
2023-02-07 10:59:07.367 &amp#27;[32m INFO&amp#27;[m &amp#27;[35m[@503 - main]&amp#27;[m &amp#27;[36mcom.shaft.tools.io.ReportManager&amp#27;[m : File Action "DoesFileExist" successfully performed. With the following test data "File Path: "SteeringCompanyAPI_TestData/SteeringCompanyAPI_TestData.xlsx"".
2023-02-07 10:59:07.385 &amp#27;[32m INFO&amp#27;[m &amp#27;[35m[@503 - main]&amp#27;[m &amp#27;[36mcom.shaft.tools.io.ReportManager&amp#27;[m : Successfully created attachment "Test Data - Excel"
2023-02-07 10:59:07.887 &amp#27;[32m INFO&amp#27;[m &amp#27;[35m[@503 - main]&amp#27;[m &amp#27;[36mcom.shaft.tools.io.ReportManager&amp#27;[m : Response status code: "422", status line: "HTTP/1.1 422 "
2023-02-07 10:59:07.894 &amp#27;[32m INFO&amp#27;[m &amp#27;[35m[@503 - main]&amp#27;[m &amp#27;[36mcom.shaft.tools.io.ReportManager&amp#27;[m : Successfully created attachment "API Request - Specifications"
2023-02-07 10:59:07.895 &amp#27;[32m INFO&amp#27;[m &amp#27;[35m[@503 - main]&amp#27;[m &amp#27;[36mcom.shaft.tools.io.ReportManager&amp#27;[m : Successfully created attachment "API Request - JSON Body"
2023-02-07 10:59:07.896 &amp#27;[32m INFO&amp#27;[m &amp#27;[35m[@503 - main]&amp#27;[m &amp#27;[36mcom.shaft.tools.io.ReportManager&amp#27;[m : Successfully created attachment "API Response - JSON Body"
2023-02-07 10:59:07.896 &amp#27;[32m INFO&amp#27;[m &amp#27;[35m[@503 - main]&amp#27;[m &amp#27;[36mcom.shaft.tools.io.ReportManager&amp#27;[m : File Action "DoesFileExist" successfully performed. With the following test data "File Path: "Schemas/ValidationError_schema.json"".
2023-02-07 10:59:07.896 &amp#27;[32m INFO&amp#27;[m &amp#27;[35m[@503 - main]&amp#27;[m &amp#27;[36mcom.shaft.tools.io.ReportManager&amp#27;[m : File Action "DoesFileExist" successfully performed. With the following test data "File Path: "src/test/resources/testDataFiles/Schemas/ValidationError_schema.json"".
2023-02-07 10:59:07.896 &amp#27;[32m INFO&amp#27;[m &amp#27;[35m[@503 - main]&amp#27;[m &amp#27;[36mcom.shaft.tools.io.ReportManager&amp#27;[m : File Action "GetAbsolutePath" successfully performed. With the following test data "Relative Folder Path: "src/test/resources/testDataFiles/Schemas/ValidationError_schema.json"".
2023-02-07 10:59:07.897 &amp#27;[32m INFO&amp#27;[m &amp#27;[35m[@503 - main]&amp#27;[m &amp#27;[36mcom.shaft.tools.io.ReportManager&amp#27;[m : File Action "DoesFileExist" successfully performed. With the following test data "File Path: "C:\eclipse-workspace\MyProjects\TASystemsAPIs\src\test\resources\testDataFiles\Schemas\ValidationError_schema.json"".
2023-02-07 10:59:07.897 &amp#27;[32m INFO&amp#27;[m &amp#27;[35m[@503 - main]&amp#27;[m &amp#27;[36mcom.shaft.tools.io.ReportManager&amp#27;[m : File Action "GetAbsolutePath" successfully performed. With the following test data "Relative Folder Path: "C:\eclipse-workspace\MyProjects\TASystemsAPIs\src\test\resources\testDataFiles\Schemas\ValidationError_schema.json"".
2023-02-07 10:59:07.898 &amp#27;[32m INFO&amp#27;[m &amp#27;[35m[@503 - main]&amp#27;[m &amp#27;[36mcom.shaft.tools.io.ReportManager&amp#27;[m : File Action "ReadFile" successfully performed. With the following test data "File Path: "C:\eclipse-workspace\MyProjects\TASystemsAPIs\src\test\resources\testDataFiles\Schemas\ValidationError_schema.json"".
2023-02-07 10:59:07.899 &amp#27;[32m INFO&amp#27;[m &amp#27;[35m[@503 - main]&amp#27;[m &amp#27;[36mcom.shaft.tools.io.ReportManager&amp#27;[m : Successfully created attachment "Validation Test Data - Expected JSON Value"
2023-02-07 10:59:07.900 &amp#27;[32m INFO&amp#27;[m &amp#27;[35m[@503 - main]&amp#27;[m &amp#27;[36mcom.shaft.tools.io.ReportManager&amp#27;[m : Successfully created attachment "Validation Test Data - Actual JSON Value"
2023-02-07 10:59:07.900 &amp#27;[32m INFO&amp#27;[m &amp#27;[35m[@503 - main]&amp#27;[m &amp#27;[36mcom.shaft.tools.io.ReportManager&amp#27;[m : Successfully created attachment "SHAFT Engine Logs - Current Method log: Add_Policy_With_Missing_Keys_TC"
]]></system-out>
  </testcase>
  <testcase name="Add_Policy_With_Missing_Keys_TC[[Ljava.lang.Object;@338b7bd9](7)" classname="SteeringCompanyAPI_TestCases.Test_Policies_Cases" time="1.451">
    <system-out><![CDATA[2023-02-07 10:59:07.901 &amp#27;[32m INFO&amp#27;[m &amp#27;[35m[@534 - main]&amp#27;[m &amp#27;[36mcom.shaft.tools.io.ReportManager&amp#27;[m : 
################################################################################################################################################
Starting Execution:	"169 out of 107" test cases in the current suite
Test Method:		"SteeringCompanyAPI_TestCases.Test_Policies_Cases.Add_Policy_With_Missing_Keys_TC"
Test Description:	"TC050 -Policy- Perform Add Policy with Missing Keys"
################################################################################################################################################
2023-02-07 10:59:07.902 &amp#27;[32m INFO&amp#27;[m &amp#27;[35m[@503 - main]&amp#27;[m &amp#27;[36mcom.shaft.tools.io.ReportManager&amp#27;[m : File Action "DoesFileExist" successfully performed. With the following test data "File Path: "SteeringCompanyAPI_TestData/SteeringCompanyAPI_TestData.xlsx"".
2023-02-07 10:59:07.916 &amp#27;[32m INFO&amp#27;[m &amp#27;[35m[@503 - main]&amp#27;[m &amp#27;[36mcom.shaft.tools.io.ReportManager&amp#27;[m : Successfully created attachment "Test Data - Excel"
2023-02-07 10:59:08.767 &amp#27;[32m INFO&amp#27;[m &amp#27;[35m[@503 - main]&amp#27;[m &amp#27;[36mcom.shaft.tools.io.ReportManager&amp#27;[m : Response status code: "200", status line: "HTTP/1.1 200 OK"
2023-02-07 10:59:08.775 &amp#27;[32m INFO&amp#27;[m &amp#27;[35m[@503 - main]&amp#27;[m &amp#27;[36mcom.shaft.tools.io.ReportManager&amp#27;[m : Successfully created attachment "API Request - Specifications"
2023-02-07 10:59:08.775 &amp#27;[32m INFO&amp#27;[m &amp#27;[35m[@503 - main]&amp#27;[m &amp#27;[36mcom.shaft.tools.io.ReportManager&amp#27;[m : Successfully created attachment "API Request - Body"
2023-02-07 10:59:08.778 &amp#27;[32m INFO&amp#27;[m &amp#27;[35m[@503 - main]&amp#27;[m &amp#27;[36mcom.shaft.tools.io.ReportManager&amp#27;[m : Successfully created attachment "API Response - JSON Body"
2023-02-07 10:59:08.784 &amp#27;[32m INFO&amp#27;[m &amp#27;[35m[@503 - main]&amp#27;[m &amp#27;[36mcom.shaft.tools.io.ReportManager&amp#27;[m : File Action "DoesFileExist" successfully performed. With the following test data "File Path: "SteeringCompanyAPI_TestData/SteeringCompanyAPI_TestData.xlsx"".
2023-02-07 10:59:08.798 &amp#27;[32m INFO&amp#27;[m &amp#27;[35m[@503 - main]&amp#27;[m &amp#27;[36mcom.shaft.tools.io.ReportManager&amp#27;[m : Successfully created attachment "Test Data - Excel"
2023-02-07 10:59:08.798 &amp#27;[32m INFO&amp#27;[m &amp#27;[35m[@503 - main]&amp#27;[m &amp#27;[36mcom.shaft.tools.io.ReportManager&amp#27;[m : File Action "DoesFileExist" successfully performed. With the following test data "File Path: "SteeringCompanyAPI_TestData/SteeringCompanyAPI_TestData.xlsx"".
2023-02-07 10:59:08.812 &amp#27;[32m INFO&amp#27;[m &amp#27;[35m[@503 - main]&amp#27;[m &amp#27;[36mcom.shaft.tools.io.ReportManager&amp#27;[m : Successfully created attachment "Test Data - Excel"
2023-02-07 10:59:08.812 &amp#27;[32m INFO&amp#27;[m &amp#27;[35m[@503 - main]&amp#27;[m &amp#27;[36mcom.shaft.tools.io.ReportManager&amp#27;[m : File Action "DoesFileExist" successfully performed. With the following test data "File Path: "SteeringCompanyAPI_TestData/SteeringCompanyAPI_TestData.xlsx"".
2023-02-07 10:59:08.827 &amp#27;[32m INFO&amp#27;[m &amp#27;[35m[@503 - main]&amp#27;[m &amp#27;[36mcom.shaft.tools.io.ReportManager&amp#27;[m : Successfully created attachment "Test Data - Excel"
2023-02-07 10:59:09.335 &amp#27;[32m INFO&amp#27;[m &amp#27;[35m[@503 - main]&amp#27;[m &amp#27;[36mcom.shaft.tools.io.ReportManager&amp#27;[m : Response status code: "422", status line: "HTTP/1.1 422 "
2023-02-07 10:59:09.346 &amp#27;[32m INFO&amp#27;[m &amp#27;[35m[@503 - main]&amp#27;[m &amp#27;[36mcom.shaft.tools.io.ReportManager&amp#27;[m : Successfully created attachment "API Request - Specifications"
2023-02-07 10:59:09.347 &amp#27;[32m INFO&amp#27;[m &amp#27;[35m[@503 - main]&amp#27;[m &amp#27;[36mcom.shaft.tools.io.ReportManager&amp#27;[m : Successfully created attachment "API Request - JSON Body"
2023-02-07 10:59:09.347 &amp#27;[32m INFO&amp#27;[m &amp#27;[35m[@503 - main]&amp#27;[m &amp#27;[36mcom.shaft.tools.io.ReportManager&amp#27;[m : Successfully created attachment "API Response - JSON Body"
2023-02-07 10:59:09.347 &amp#27;[32m INFO&amp#27;[m &amp#27;[35m[@503 - main]&amp#27;[m &amp#27;[36mcom.shaft.tools.io.ReportManager&amp#27;[m : File Action "DoesFileExist" successfully performed. With the following test data "File Path: "Schemas/ValidationError_schema.json"".
2023-02-07 10:59:09.348 &amp#27;[32m INFO&amp#27;[m &amp#27;[35m[@503 - main]&amp#27;[m &amp#27;[36mcom.shaft.tools.io.ReportManager&amp#27;[m : File Action "DoesFileExist" successfully performed. With the following test data "File Path: "src/test/resources/testDataFiles/Schemas/ValidationError_schema.json"".
2023-02-07 10:59:09.348 &amp#27;[32m INFO&amp#27;[m &amp#27;[35m[@503 - main]&amp#27;[m &amp#27;[36mcom.shaft.tools.io.ReportManager&amp#27;[m : File Action "GetAbsolutePath" successfully performed. With the following test data "Relative Folder Path: "src/test/resources/testDataFiles/Schemas/ValidationError_schema.json"".
2023-02-07 10:59:09.350 &amp#27;[32m INFO&amp#27;[m &amp#27;[35m[@503 - main]&amp#27;[m &amp#27;[36mcom.shaft.tools.io.ReportManager&amp#27;[m : File Action "DoesFileExist" successfully performed. With the following test data "File Path: "C:\eclipse-workspace\MyProjects\TASystemsAPIs\src\test\resources\testDataFiles\Schemas\ValidationError_schema.json"".
2023-02-07 10:59:09.350 &amp#27;[32m INFO&amp#27;[m &amp#27;[35m[@503 - main]&amp#27;[m &amp#27;[36mcom.shaft.tools.io.ReportManager&amp#27;[m : File Action "GetAbsolutePath" successfully performed. With the following test data "Relative Folder Path: "C:\eclipse-workspace\MyProjects\TASystemsAPIs\src\test\resources\testDataFiles\Schemas\ValidationError_schema.json"".
2023-02-07 10:59:09.350 &amp#27;[32m INFO&amp#27;[m &amp#27;[35m[@503 - main]&amp#27;[m &amp#27;[36mcom.shaft.tools.io.ReportManager&amp#27;[m : File Action "ReadFile" successfully performed. With the following test data "File Path: "C:\eclipse-workspace\MyProjects\TASystemsAPIs\src\test\resources\testDataFiles\Schemas\ValidationError_schema.json"".
2023-02-07 10:59:09.350 &amp#27;[32m INFO&amp#27;[m &amp#27;[35m[@503 - main]&amp#27;[m &amp#27;[36mcom.shaft.tools.io.ReportManager&amp#27;[m : Successfully created attachment "Validation Test Data - Expected JSON Value"
2023-02-07 10:59:09.350 &amp#27;[32m INFO&amp#27;[m &amp#27;[35m[@503 - main]&amp#27;[m &amp#27;[36mcom.shaft.tools.io.ReportManager&amp#27;[m : Successfully created attachment "Validation Test Data - Actual JSON Value"
2023-02-07 10:59:09.352 &amp#27;[32m INFO&amp#27;[m &amp#27;[35m[@503 - main]&amp#27;[m &amp#27;[36mcom.shaft.tools.io.ReportManager&amp#27;[m : Successfully created attachment "SHAFT Engine Logs - Current Method log: Add_Policy_With_Missing_Keys_TC"
]]></system-out>
  </testcase>
  <testcase name="Add_Policy_With_Missing_Keys_TC[[Ljava.lang.Object;@aac1a01](8)" classname="SteeringCompanyAPI_TestCases.Test_Policies_Cases" time="1.251">
    <system-out><![CDATA[2023-02-07 10:59:09.352 &amp#27;[32m INFO&amp#27;[m &amp#27;[35m[@534 - main]&amp#27;[m &amp#27;[36mcom.shaft.tools.io.ReportManager&amp#27;[m : 
################################################################################################################################################
Starting Execution:	"170 out of 107" test cases in the current suite
Test Method:		"SteeringCompanyAPI_TestCases.Test_Policies_Cases.Add_Policy_With_Missing_Keys_TC"
Test Description:	"TC050 -Policy- Perform Add Policy with Missing Keys"
################################################################################################################################################
2023-02-07 10:59:09.354 &amp#27;[32m INFO&amp#27;[m &amp#27;[35m[@503 - main]&amp#27;[m &amp#27;[36mcom.shaft.tools.io.ReportManager&amp#27;[m : File Action "DoesFileExist" successfully performed. With the following test data "File Path: "SteeringCompanyAPI_TestData/SteeringCompanyAPI_TestData.xlsx"".
2023-02-07 10:59:09.368 &amp#27;[32m INFO&amp#27;[m &amp#27;[35m[@503 - main]&amp#27;[m &amp#27;[36mcom.shaft.tools.io.ReportManager&amp#27;[m : Successfully created attachment "Test Data - Excel"
2023-02-07 10:59:10.023 &amp#27;[32m INFO&amp#27;[m &amp#27;[35m[@503 - main]&amp#27;[m &amp#27;[36mcom.shaft.tools.io.ReportManager&amp#27;[m : Response status code: "200", status line: "HTTP/1.1 200 OK"
2023-02-07 10:59:10.036 &amp#27;[32m INFO&amp#27;[m &amp#27;[35m[@503 - main]&amp#27;[m &amp#27;[36mcom.shaft.tools.io.ReportManager&amp#27;[m : Successfully created attachment "API Request - Specifications"
2023-02-07 10:59:10.036 &amp#27;[32m INFO&amp#27;[m &amp#27;[35m[@503 - main]&amp#27;[m &amp#27;[36mcom.shaft.tools.io.ReportManager&amp#27;[m : Successfully created attachment "API Request - Body"
2023-02-07 10:59:10.039 &amp#27;[32m INFO&amp#27;[m &amp#27;[35m[@503 - main]&amp#27;[m &amp#27;[36mcom.shaft.tools.io.ReportManager&amp#27;[m : Successfully created attachment "API Response - JSON Body"
2023-02-07 10:59:10.045 &amp#27;[32m INFO&amp#27;[m &amp#27;[35m[@503 - main]&amp#27;[m &amp#27;[36mcom.shaft.tools.io.ReportManager&amp#27;[m : File Action "DoesFileExist" successfully performed. With the following test data "File Path: "SteeringCompanyAPI_TestData/SteeringCompanyAPI_TestData.xlsx"".
2023-02-07 10:59:10.059 &amp#27;[32m INFO&amp#27;[m &amp#27;[35m[@503 - main]&amp#27;[m &amp#27;[36mcom.shaft.tools.io.ReportManager&amp#27;[m : Successfully created attachment "Test Data - Excel"
2023-02-07 10:59:10.060 &amp#27;[32m INFO&amp#27;[m &amp#27;[35m[@503 - main]&amp#27;[m &amp#27;[36mcom.shaft.tools.io.ReportManager&amp#27;[m : File Action "DoesFileExist" successfully performed. With the following test data "File Path: "SteeringCompanyAPI_TestData/SteeringCompanyAPI_TestData.xlsx"".
2023-02-07 10:59:10.076 &amp#27;[32m INFO&amp#27;[m &amp#27;[35m[@503 - main]&amp#27;[m &amp#27;[36mcom.shaft.tools.io.ReportManager&amp#27;[m : Successfully created attachment "Test Data - Excel"
2023-02-07 10:59:10.076 &amp#27;[32m INFO&amp#27;[m &amp#27;[35m[@503 - main]&amp#27;[m &amp#27;[36mcom.shaft.tools.io.ReportManager&amp#27;[m : File Action "DoesFileExist" successfully performed. With the following test data "File Path: "SteeringCompanyAPI_TestData/SteeringCompanyAPI_TestData.xlsx"".
2023-02-07 10:59:10.092 &amp#27;[32m INFO&amp#27;[m &amp#27;[35m[@503 - main]&amp#27;[m &amp#27;[36mcom.shaft.tools.io.ReportManager&amp#27;[m : Successfully created attachment "Test Data - Excel"
2023-02-07 10:59:10.581 &amp#27;[32m INFO&amp#27;[m &amp#27;[35m[@503 - main]&amp#27;[m &amp#27;[36mcom.shaft.tools.io.ReportManager&amp#27;[m : Response status code: "422", status line: "HTTP/1.1 422 "
2023-02-07 10:59:10.593 &amp#27;[32m INFO&amp#27;[m &amp#27;[35m[@503 - main]&amp#27;[m &amp#27;[36mcom.shaft.tools.io.ReportManager&amp#27;[m : Successfully created attachment "API Request - Specifications"
2023-02-07 10:59:10.593 &amp#27;[32m INFO&amp#27;[m &amp#27;[35m[@503 - main]&amp#27;[m &amp#27;[36mcom.shaft.tools.io.ReportManager&amp#27;[m : Successfully created attachment "API Request - JSON Body"
2023-02-07 10:59:10.594 &amp#27;[32m INFO&amp#27;[m &amp#27;[35m[@503 - main]&amp#27;[m &amp#27;[36mcom.shaft.tools.io.ReportManager&amp#27;[m : Successfully created attachment "API Response - JSON Body"
2023-02-07 10:59:10.595 &amp#27;[32m INFO&amp#27;[m &amp#27;[35m[@503 - main]&amp#27;[m &amp#27;[36mcom.shaft.tools.io.ReportManager&amp#27;[m : File Action "DoesFileExist" successfully performed. With the following test data "File Path: "Schemas/ValidationError_schema.json"".
2023-02-07 10:59:10.595 &amp#27;[32m INFO&amp#27;[m &amp#27;[35m[@503 - main]&amp#27;[m &amp#27;[36mcom.shaft.tools.io.ReportManager&amp#27;[m : File Action "DoesFileExist" successfully performed. With the following test data "File Path: "src/test/resources/testDataFiles/Schemas/ValidationError_schema.json"".
2023-02-07 10:59:10.595 &amp#27;[32m INFO&amp#27;[m &amp#27;[35m[@503 - main]&amp#27;[m &amp#27;[36mcom.shaft.tools.io.ReportManager&amp#27;[m : File Action "GetAbsolutePath" successfully performed. With the following test data "Relative Folder Path: "src/test/resources/testDataFiles/Schemas/ValidationError_schema.json"".
2023-02-07 10:59:10.597 &amp#27;[32m INFO&amp#27;[m &amp#27;[35m[@503 - main]&amp#27;[m &amp#27;[36mcom.shaft.tools.io.ReportManager&amp#27;[m : File Action "DoesFileExist" successfully performed. With the following test data "File Path: "C:\eclipse-workspace\MyProjects\TASystemsAPIs\src\test\resources\testDataFiles\Schemas\ValidationError_schema.json"".
2023-02-07 10:59:10.597 &amp#27;[32m INFO&amp#27;[m &amp#27;[35m[@503 - main]&amp#27;[m &amp#27;[36mcom.shaft.tools.io.ReportManager&amp#27;[m : File Action "GetAbsolutePath" successfully performed. With the following test data "Relative Folder Path: "C:\eclipse-workspace\MyProjects\TASystemsAPIs\src\test\resources\testDataFiles\Schemas\ValidationError_schema.json"".
2023-02-07 10:59:10.597 &amp#27;[32m INFO&amp#27;[m &amp#27;[35m[@503 - main]&amp#27;[m &amp#27;[36mcom.shaft.tools.io.ReportManager&amp#27;[m : File Action "ReadFile" successfully performed. With the following test data "File Path: "C:\eclipse-workspace\MyProjects\TASystemsAPIs\src\test\resources\testDataFiles\Schemas\ValidationError_schema.json"".
2023-02-07 10:59:10.598 &amp#27;[32m INFO&amp#27;[m &amp#27;[35m[@503 - main]&amp#27;[m &amp#27;[36mcom.shaft.tools.io.ReportManager&amp#27;[m : Successfully created attachment "Validation Test Data - Expected JSON Value"
2023-02-07 10:59:10.601 &amp#27;[32m INFO&amp#27;[m &amp#27;[35m[@503 - main]&amp#27;[m &amp#27;[36mcom.shaft.tools.io.ReportManager&amp#27;[m : Successfully created attachment "Validation Test Data - Actual JSON Value"
2023-02-07 10:59:10.602 &amp#27;[32m INFO&amp#27;[m &amp#27;[35m[@503 - main]&amp#27;[m &amp#27;[36mcom.shaft.tools.io.ReportManager&amp#27;[m : Successfully created attachment "SHAFT Engine Logs - Current Method log: Add_Policy_With_Missing_Keys_TC"
]]></system-out>
  </testcase>
  <testcase name="Add_Policy_With_Missing_Keys_TC[[Ljava.lang.Object;@7e35efbb](9)" classname="SteeringCompanyAPI_TestCases.Test_Policies_Cases" time="1.218">
    <system-out><![CDATA[2023-02-07 10:59:10.603 &amp#27;[32m INFO&amp#27;[m &amp#27;[35m[@534 - main]&amp#27;[m &amp#27;[36mcom.shaft.tools.io.ReportManager&amp#27;[m : 
################################################################################################################################################
Starting Execution:	"171 out of 107" test cases in the current suite
Test Method:		"SteeringCompanyAPI_TestCases.Test_Policies_Cases.Add_Policy_With_Missing_Keys_TC"
Test Description:	"TC050 -Policy- Perform Add Policy with Missing Keys"
################################################################################################################################################
2023-02-07 10:59:10.604 &amp#27;[32m INFO&amp#27;[m &amp#27;[35m[@503 - main]&amp#27;[m &amp#27;[36mcom.shaft.tools.io.ReportManager&amp#27;[m : File Action "DoesFileExist" successfully performed. With the following test data "File Path: "SteeringCompanyAPI_TestData/SteeringCompanyAPI_TestData.xlsx"".
2023-02-07 10:59:10.626 &amp#27;[32m INFO&amp#27;[m &amp#27;[35m[@503 - main]&amp#27;[m &amp#27;[36mcom.shaft.tools.io.ReportManager&amp#27;[m : Successfully created attachment "Test Data - Excel"
2023-02-07 10:59:11.251 &amp#27;[32m INFO&amp#27;[m &amp#27;[35m[@503 - main]&amp#27;[m &amp#27;[36mcom.shaft.tools.io.ReportManager&amp#27;[m : Response status code: "200", status line: "HTTP/1.1 200 OK"
2023-02-07 10:59:11.260 &amp#27;[32m INFO&amp#27;[m &amp#27;[35m[@503 - main]&amp#27;[m &amp#27;[36mcom.shaft.tools.io.ReportManager&amp#27;[m : Successfully created attachment "API Request - Specifications"
2023-02-07 10:59:11.261 &amp#27;[32m INFO&amp#27;[m &amp#27;[35m[@503 - main]&amp#27;[m &amp#27;[36mcom.shaft.tools.io.ReportManager&amp#27;[m : Successfully created attachment "API Request - Body"
2023-02-07 10:59:11.264 &amp#27;[32m INFO&amp#27;[m &amp#27;[35m[@503 - main]&amp#27;[m &amp#27;[36mcom.shaft.tools.io.ReportManager&amp#27;[m : Successfully created attachment "API Response - JSON Body"
2023-02-07 10:59:11.269 &amp#27;[32m INFO&amp#27;[m &amp#27;[35m[@503 - main]&amp#27;[m &amp#27;[36mcom.shaft.tools.io.ReportManager&amp#27;[m : File Action "DoesFileExist" successfully performed. With the following test data "File Path: "SteeringCompanyAPI_TestData/SteeringCompanyAPI_TestData.xlsx"".
2023-02-07 10:59:11.283 &amp#27;[32m INFO&amp#27;[m &amp#27;[35m[@503 - main]&amp#27;[m &amp#27;[36mcom.shaft.tools.io.ReportManager&amp#27;[m : Successfully created attachment "Test Data - Excel"
2023-02-07 10:59:11.283 &amp#27;[32m INFO&amp#27;[m &amp#27;[35m[@503 - main]&amp#27;[m &amp#27;[36mcom.shaft.tools.io.ReportManager&amp#27;[m : File Action "DoesFileExist" successfully performed. With the following test data "File Path: "SteeringCompanyAPI_TestData/SteeringCompanyAPI_TestData.xlsx"".
2023-02-07 10:59:11.296 &amp#27;[32m INFO&amp#27;[m &amp#27;[35m[@503 - main]&amp#27;[m &amp#27;[36mcom.shaft.tools.io.ReportManager&amp#27;[m : Successfully created attachment "Test Data - Excel"
2023-02-07 10:59:11.296 &amp#27;[32m INFO&amp#27;[m &amp#27;[35m[@503 - main]&amp#27;[m &amp#27;[36mcom.shaft.tools.io.ReportManager&amp#27;[m : File Action "DoesFileExist" successfully performed. With the following test data "File Path: "SteeringCompanyAPI_TestData/SteeringCompanyAPI_TestData.xlsx"".
2023-02-07 10:59:11.311 &amp#27;[32m INFO&amp#27;[m &amp#27;[35m[@503 - main]&amp#27;[m &amp#27;[36mcom.shaft.tools.io.ReportManager&amp#27;[m : Successfully created attachment "Test Data - Excel"
2023-02-07 10:59:11.803 &amp#27;[32m INFO&amp#27;[m &amp#27;[35m[@503 - main]&amp#27;[m &amp#27;[36mcom.shaft.tools.io.ReportManager&amp#27;[m : Response status code: "422", status line: "HTTP/1.1 422 "
2023-02-07 10:59:11.814 &amp#27;[32m INFO&amp#27;[m &amp#27;[35m[@503 - main]&amp#27;[m &amp#27;[36mcom.shaft.tools.io.ReportManager&amp#27;[m : Successfully created attachment "API Request - Specifications"
2023-02-07 10:59:11.815 &amp#27;[32m INFO&amp#27;[m &amp#27;[35m[@503 - main]&amp#27;[m &amp#27;[36mcom.shaft.tools.io.ReportManager&amp#27;[m : Successfully created attachment "API Request - JSON Body"
2023-02-07 10:59:11.815 &amp#27;[32m INFO&amp#27;[m &amp#27;[35m[@503 - main]&amp#27;[m &amp#27;[36mcom.shaft.tools.io.ReportManager&amp#27;[m : Successfully created attachment "API Response - JSON Body"
2023-02-07 10:59:11.816 &amp#27;[32m INFO&amp#27;[m &amp#27;[35m[@503 - main]&amp#27;[m &amp#27;[36mcom.shaft.tools.io.ReportManager&amp#27;[m : File Action "DoesFileExist" successfully performed. With the following test data "File Path: "Schemas/ValidationError_schema.json"".
2023-02-07 10:59:11.816 &amp#27;[32m INFO&amp#27;[m &amp#27;[35m[@503 - main]&amp#27;[m &amp#27;[36mcom.shaft.tools.io.ReportManager&amp#27;[m : File Action "DoesFileExist" successfully performed. With the following test data "File Path: "src/test/resources/testDataFiles/Schemas/ValidationError_schema.json"".
2023-02-07 10:59:11.816 &amp#27;[32m INFO&amp#27;[m &amp#27;[35m[@503 - main]&amp#27;[m &amp#27;[36mcom.shaft.tools.io.ReportManager&amp#27;[m : File Action "GetAbsolutePath" successfully performed. With the following test data "Relative Folder Path: "src/test/resources/testDataFiles/Schemas/ValidationError_schema.json"".
2023-02-07 10:59:11.817 &amp#27;[32m INFO&amp#27;[m &amp#27;[35m[@503 - main]&amp#27;[m &amp#27;[36mcom.shaft.tools.io.ReportManager&amp#27;[m : File Action "DoesFileExist" successfully performed. With the following test data "File Path: "C:\eclipse-workspace\MyProjects\TASystemsAPIs\src\test\resources\testDataFiles\Schemas\ValidationError_schema.json"".
2023-02-07 10:59:11.817 &amp#27;[32m INFO&amp#27;[m &amp#27;[35m[@503 - main]&amp#27;[m &amp#27;[36mcom.shaft.tools.io.ReportManager&amp#27;[m : File Action "GetAbsolutePath" successfully performed. With the following test data "Relative Folder Path: "C:\eclipse-workspace\MyProjects\TASystemsAPIs\src\test\resources\testDataFiles\Schemas\ValidationError_schema.json"".
2023-02-07 10:59:11.817 &amp#27;[32m INFO&amp#27;[m &amp#27;[35m[@503 - main]&amp#27;[m &amp#27;[36mcom.shaft.tools.io.ReportManager&amp#27;[m : File Action "ReadFile" successfully performed. With the following test data "File Path: "C:\eclipse-workspace\MyProjects\TASystemsAPIs\src\test\resources\testDataFiles\Schemas\ValidationError_schema.json"".
2023-02-07 10:59:11.818 &amp#27;[32m INFO&amp#27;[m &amp#27;[35m[@503 - main]&amp#27;[m &amp#27;[36mcom.shaft.tools.io.ReportManager&amp#27;[m : Successfully created attachment "Validation Test Data - Expected JSON Value"
2023-02-07 10:59:11.819 &amp#27;[32m INFO&amp#27;[m &amp#27;[35m[@503 - main]&amp#27;[m &amp#27;[36mcom.shaft.tools.io.ReportManager&amp#27;[m : Successfully created attachment "Validation Test Data - Actual JSON Value"
2023-02-07 10:59:11.819 &amp#27;[32m INFO&amp#27;[m &amp#27;[35m[@503 - main]&amp#27;[m &amp#27;[36mcom.shaft.tools.io.ReportManager&amp#27;[m : Successfully created attachment "SHAFT Engine Logs - Current Method log: Add_Policy_With_Missing_Keys_TC"
]]></system-out>
  </testcase>
  <testcase name="Add_Policy_With_Missing_Keys_TC[[Ljava.lang.Object;@2cda9cf3](10)" classname="SteeringCompanyAPI_TestCases.Test_Policies_Cases" time="1.233">
    <system-out><![CDATA[2023-02-07 10:59:11.822 &amp#27;[32m INFO&amp#27;[m &amp#27;[35m[@534 - main]&amp#27;[m &amp#27;[36mcom.shaft.tools.io.ReportManager&amp#27;[m : 
################################################################################################################################################
Starting Execution:	"172 out of 107" test cases in the current suite
Test Method:		"SteeringCompanyAPI_TestCases.Test_Policies_Cases.Add_Policy_With_Missing_Keys_TC"
Test Description:	"TC050 -Policy- Perform Add Policy with Missing Keys"
################################################################################################################################################
2023-02-07 10:59:11.822 &amp#27;[32m INFO&amp#27;[m &amp#27;[35m[@503 - main]&amp#27;[m &amp#27;[36mcom.shaft.tools.io.ReportManager&amp#27;[m : File Action "DoesFileExist" successfully performed. With the following test data "File Path: "SteeringCompanyAPI_TestData/SteeringCompanyAPI_TestData.xlsx"".
2023-02-07 10:59:11.836 &amp#27;[32m INFO&amp#27;[m &amp#27;[35m[@503 - main]&amp#27;[m &amp#27;[36mcom.shaft.tools.io.ReportManager&amp#27;[m : Successfully created attachment "Test Data - Excel"
2023-02-07 10:59:12.472 &amp#27;[32m INFO&amp#27;[m &amp#27;[35m[@503 - main]&amp#27;[m &amp#27;[36mcom.shaft.tools.io.ReportManager&amp#27;[m : Response status code: "200", status line: "HTTP/1.1 200 OK"
2023-02-07 10:59:12.481 &amp#27;[32m INFO&amp#27;[m &amp#27;[35m[@503 - main]&amp#27;[m &amp#27;[36mcom.shaft.tools.io.ReportManager&amp#27;[m : Successfully created attachment "API Request - Specifications"
2023-02-07 10:59:12.481 &amp#27;[32m INFO&amp#27;[m &amp#27;[35m[@503 - main]&amp#27;[m &amp#27;[36mcom.shaft.tools.io.ReportManager&amp#27;[m : Successfully created attachment "API Request - Body"
2023-02-07 10:59:12.482 &amp#27;[32m INFO&amp#27;[m &amp#27;[35m[@503 - main]&amp#27;[m &amp#27;[36mcom.shaft.tools.io.ReportManager&amp#27;[m : Successfully created attachment "API Response - JSON Body"
2023-02-07 10:59:12.487 &amp#27;[32m INFO&amp#27;[m &amp#27;[35m[@503 - main]&amp#27;[m &amp#27;[36mcom.shaft.tools.io.ReportManager&amp#27;[m : File Action "DoesFileExist" successfully performed. With the following test data "File Path: "SteeringCompanyAPI_TestData/SteeringCompanyAPI_TestData.xlsx"".
2023-02-07 10:59:12.503 &amp#27;[32m INFO&amp#27;[m &amp#27;[35m[@503 - main]&amp#27;[m &amp#27;[36mcom.shaft.tools.io.ReportManager&amp#27;[m : Successfully created attachment "Test Data - Excel"
2023-02-07 10:59:12.503 &amp#27;[32m INFO&amp#27;[m &amp#27;[35m[@503 - main]&amp#27;[m &amp#27;[36mcom.shaft.tools.io.ReportManager&amp#27;[m : File Action "DoesFileExist" successfully performed. With the following test data "File Path: "SteeringCompanyAPI_TestData/SteeringCompanyAPI_TestData.xlsx"".
2023-02-07 10:59:12.516 &amp#27;[32m INFO&amp#27;[m &amp#27;[35m[@503 - main]&amp#27;[m &amp#27;[36mcom.shaft.tools.io.ReportManager&amp#27;[m : Successfully created attachment "Test Data - Excel"
2023-02-07 10:59:12.517 &amp#27;[32m INFO&amp#27;[m &amp#27;[35m[@503 - main]&amp#27;[m &amp#27;[36mcom.shaft.tools.io.ReportManager&amp#27;[m : File Action "DoesFileExist" successfully performed. With the following test data "File Path: "SteeringCompanyAPI_TestData/SteeringCompanyAPI_TestData.xlsx"".
2023-02-07 10:59:12.530 &amp#27;[32m INFO&amp#27;[m &amp#27;[35m[@503 - main]&amp#27;[m &amp#27;[36mcom.shaft.tools.io.ReportManager&amp#27;[m : Successfully created attachment "Test Data - Excel"
2023-02-07 10:59:13.035 &amp#27;[32m INFO&amp#27;[m &amp#27;[35m[@503 - main]&amp#27;[m &amp#27;[36mcom.shaft.tools.io.ReportManager&amp#27;[m : Response status code: "422", status line: "HTTP/1.1 422 "
2023-02-07 10:59:13.047 &amp#27;[32m INFO&amp#27;[m &amp#27;[35m[@503 - main]&amp#27;[m &amp#27;[36mcom.shaft.tools.io.ReportManager&amp#27;[m : Successfully created attachment "API Request - Specifications"
2023-02-07 10:59:13.047 &amp#27;[32m INFO&amp#27;[m &amp#27;[35m[@503 - main]&amp#27;[m &amp#27;[36mcom.shaft.tools.io.ReportManager&amp#27;[m : Successfully created attachment "API Request - JSON Body"
2023-02-07 10:59:13.048 &amp#27;[32m INFO&amp#27;[m &amp#27;[35m[@503 - main]&amp#27;[m &amp#27;[36mcom.shaft.tools.io.ReportManager&amp#27;[m : Successfully created attachment "API Response - JSON Body"
2023-02-07 10:59:13.048 &amp#27;[32m INFO&amp#27;[m &amp#27;[35m[@503 - main]&amp#27;[m &amp#27;[36mcom.shaft.tools.io.ReportManager&amp#27;[m : File Action "DoesFileExist" successfully performed. With the following test data "File Path: "Schemas/ValidationError_schema.json"".
2023-02-07 10:59:13.049 &amp#27;[32m INFO&amp#27;[m &amp#27;[35m[@503 - main]&amp#27;[m &amp#27;[36mcom.shaft.tools.io.ReportManager&amp#27;[m : File Action "DoesFileExist" successfully performed. With the following test data "File Path: "src/test/resources/testDataFiles/Schemas/ValidationError_schema.json"".
2023-02-07 10:59:13.049 &amp#27;[32m INFO&amp#27;[m &amp#27;[35m[@503 - main]&amp#27;[m &amp#27;[36mcom.shaft.tools.io.ReportManager&amp#27;[m : File Action "GetAbsolutePath" successfully performed. With the following test data "Relative Folder Path: "src/test/resources/testDataFiles/Schemas/ValidationError_schema.json"".
2023-02-07 10:59:13.050 &amp#27;[32m INFO&amp#27;[m &amp#27;[35m[@503 - main]&amp#27;[m &amp#27;[36mcom.shaft.tools.io.ReportManager&amp#27;[m : File Action "DoesFileExist" successfully performed. With the following test data "File Path: "C:\eclipse-workspace\MyProjects\TASystemsAPIs\src\test\resources\testDataFiles\Schemas\ValidationError_schema.json"".
2023-02-07 10:59:13.050 &amp#27;[32m INFO&amp#27;[m &amp#27;[35m[@503 - main]&amp#27;[m &amp#27;[36mcom.shaft.tools.io.ReportManager&amp#27;[m : File Action "GetAbsolutePath" successfully performed. With the following test data "Relative Folder Path: "C:\eclipse-workspace\MyProjects\TASystemsAPIs\src\test\resources\testDataFiles\Schemas\ValidationError_schema.json"".
2023-02-07 10:59:13.050 &amp#27;[32m INFO&amp#27;[m &amp#27;[35m[@503 - main]&amp#27;[m &amp#27;[36mcom.shaft.tools.io.ReportManager&amp#27;[m : File Action "ReadFile" successfully performed. With the following test data "File Path: "C:\eclipse-workspace\MyProjects\TASystemsAPIs\src\test\resources\testDataFiles\Schemas\ValidationError_schema.json"".
2023-02-07 10:59:13.051 &amp#27;[32m INFO&amp#27;[m &amp#27;[35m[@503 - main]&amp#27;[m &amp#27;[36mcom.shaft.tools.io.ReportManager&amp#27;[m : Successfully created attachment "Validation Test Data - Expected JSON Value"
2023-02-07 10:59:13.052 &amp#27;[32m INFO&amp#27;[m &amp#27;[35m[@503 - main]&amp#27;[m &amp#27;[36mcom.shaft.tools.io.ReportManager&amp#27;[m : Successfully created attachment "Validation Test Data - Actual JSON Value"
2023-02-07 10:59:13.053 &amp#27;[32m INFO&amp#27;[m &amp#27;[35m[@503 - main]&amp#27;[m &amp#27;[36mcom.shaft.tools.io.ReportManager&amp#27;[m : Successfully created attachment "SHAFT Engine Logs - Current Method log: Add_Policy_With_Missing_Keys_TC"
]]></system-out>
  </testcase>
  <testcase name="Add_Policy_With_Missing_Keys_TC[[Ljava.lang.Object;@776b18ac](11)" classname="SteeringCompanyAPI_TestCases.Test_Policies_Cases" time="2.594">
    <system-out><![CDATA[2023-02-07 10:59:13.055 &amp#27;[32m INFO&amp#27;[m &amp#27;[35m[@534 - main]&amp#27;[m &amp#27;[36mcom.shaft.tools.io.ReportManager&amp#27;[m : 
################################################################################################################################################
Starting Execution:	"173 out of 107" test cases in the current suite
Test Method:		"SteeringCompanyAPI_TestCases.Test_Policies_Cases.Add_Policy_With_Missing_Keys_TC"
Test Description:	"TC050 -Policy- Perform Add Policy with Missing Keys"
################################################################################################################################################
2023-02-07 10:59:13.055 &amp#27;[32m INFO&amp#27;[m &amp#27;[35m[@503 - main]&amp#27;[m &amp#27;[36mcom.shaft.tools.io.ReportManager&amp#27;[m : File Action "DoesFileExist" successfully performed. With the following test data "File Path: "SteeringCompanyAPI_TestData/SteeringCompanyAPI_TestData.xlsx"".
2023-02-07 10:59:13.069 &amp#27;[32m INFO&amp#27;[m &amp#27;[35m[@503 - main]&amp#27;[m &amp#27;[36mcom.shaft.tools.io.ReportManager&amp#27;[m : Successfully created attachment "Test Data - Excel"
2023-02-07 10:59:13.688 &amp#27;[32m INFO&amp#27;[m &amp#27;[35m[@503 - main]&amp#27;[m &amp#27;[36mcom.shaft.tools.io.ReportManager&amp#27;[m : Response status code: "200", status line: "HTTP/1.1 200 OK"
2023-02-07 10:59:13.697 &amp#27;[32m INFO&amp#27;[m &amp#27;[35m[@503 - main]&amp#27;[m &amp#27;[36mcom.shaft.tools.io.ReportManager&amp#27;[m : Successfully created attachment "API Request - Specifications"
2023-02-07 10:59:13.697 &amp#27;[32m INFO&amp#27;[m &amp#27;[35m[@503 - main]&amp#27;[m &amp#27;[36mcom.shaft.tools.io.ReportManager&amp#27;[m : Successfully created attachment "API Request - Body"
2023-02-07 10:59:13.700 &amp#27;[32m INFO&amp#27;[m &amp#27;[35m[@503 - main]&amp#27;[m &amp#27;[36mcom.shaft.tools.io.ReportManager&amp#27;[m : Successfully created attachment "API Response - JSON Body"
2023-02-07 10:59:13.706 &amp#27;[32m INFO&amp#27;[m &amp#27;[35m[@503 - main]&amp#27;[m &amp#27;[36mcom.shaft.tools.io.ReportManager&amp#27;[m : File Action "DoesFileExist" successfully performed. With the following test data "File Path: "SteeringCompanyAPI_TestData/SteeringCompanyAPI_TestData.xlsx"".
2023-02-07 10:59:13.719 &amp#27;[32m INFO&amp#27;[m &amp#27;[35m[@503 - main]&amp#27;[m &amp#27;[36mcom.shaft.tools.io.ReportManager&amp#27;[m : Successfully created attachment "Test Data - Excel"
2023-02-07 10:59:13.720 &amp#27;[32m INFO&amp#27;[m &amp#27;[35m[@503 - main]&amp#27;[m &amp#27;[36mcom.shaft.tools.io.ReportManager&amp#27;[m : File Action "DoesFileExist" successfully performed. With the following test data "File Path: "SteeringCompanyAPI_TestData/SteeringCompanyAPI_TestData.xlsx"".
2023-02-07 10:59:13.734 &amp#27;[32m INFO&amp#27;[m &amp#27;[35m[@503 - main]&amp#27;[m &amp#27;[36mcom.shaft.tools.io.ReportManager&amp#27;[m : Successfully created attachment "Test Data - Excel"
2023-02-07 10:59:13.734 &amp#27;[32m INFO&amp#27;[m &amp#27;[35m[@503 - main]&amp#27;[m &amp#27;[36mcom.shaft.tools.io.ReportManager&amp#27;[m : File Action "DoesFileExist" successfully performed. With the following test data "File Path: "SteeringCompanyAPI_TestData/SteeringCompanyAPI_TestData.xlsx"".
2023-02-07 10:59:13.750 &amp#27;[32m INFO&amp#27;[m &amp#27;[35m[@503 - main]&amp#27;[m &amp#27;[36mcom.shaft.tools.io.ReportManager&amp#27;[m : Successfully created attachment "Test Data - Excel"
2023-02-07 10:59:15.500 &amp#27;[32m INFO&amp#27;[m &amp#27;[35m[@503 - main]&amp#27;[m &amp#27;[36mcom.shaft.tools.io.ReportManager&amp#27;[m : Response status code: "422", status line: "HTTP/1.1 422 "
2023-02-07 10:59:15.641 &amp#27;[32m INFO&amp#27;[m &amp#27;[35m[@503 - main]&amp#27;[m &amp#27;[36mcom.shaft.tools.io.ReportManager&amp#27;[m : Successfully created attachment "API Request - Specifications"
2023-02-07 10:59:15.642 &amp#27;[32m INFO&amp#27;[m &amp#27;[35m[@503 - main]&amp#27;[m &amp#27;[36mcom.shaft.tools.io.ReportManager&amp#27;[m : Successfully created attachment "API Request - JSON Body"
2023-02-07 10:59:15.642 &amp#27;[32m INFO&amp#27;[m &amp#27;[35m[@503 - main]&amp#27;[m &amp#27;[36mcom.shaft.tools.io.ReportManager&amp#27;[m : Successfully created attachment "API Response - JSON Body"
2023-02-07 10:59:15.643 &amp#27;[32m INFO&amp#27;[m &amp#27;[35m[@503 - main]&amp#27;[m &amp#27;[36mcom.shaft.tools.io.ReportManager&amp#27;[m : File Action "DoesFileExist" successfully performed. With the following test data "File Path: "Schemas/ValidationError_schema.json"".
2023-02-07 10:59:15.643 &amp#27;[32m INFO&amp#27;[m &amp#27;[35m[@503 - main]&amp#27;[m &amp#27;[36mcom.shaft.tools.io.ReportManager&amp#27;[m : File Action "DoesFileExist" successfully performed. With the following test data "File Path: "src/test/resources/testDataFiles/Schemas/ValidationError_schema.json"".
2023-02-07 10:59:15.643 &amp#27;[32m INFO&amp#27;[m &amp#27;[35m[@503 - main]&amp#27;[m &amp#27;[36mcom.shaft.tools.io.ReportManager&amp#27;[m : File Action "GetAbsolutePath" successfully performed. With the following test data "Relative Folder Path: "src/test/resources/testDataFiles/Schemas/ValidationError_schema.json"".
2023-02-07 10:59:15.645 &amp#27;[32m INFO&amp#27;[m &amp#27;[35m[@503 - main]&amp#27;[m &amp#27;[36mcom.shaft.tools.io.ReportManager&amp#27;[m : File Action "DoesFileExist" successfully performed. With the following test data "File Path: "C:\eclipse-workspace\MyProjects\TASystemsAPIs\src\test\resources\testDataFiles\Schemas\ValidationError_schema.json"".
2023-02-07 10:59:15.645 &amp#27;[32m INFO&amp#27;[m &amp#27;[35m[@503 - main]&amp#27;[m &amp#27;[36mcom.shaft.tools.io.ReportManager&amp#27;[m : File Action "GetAbsolutePath" successfully performed. With the following test data "Relative Folder Path: "C:\eclipse-workspace\MyProjects\TASystemsAPIs\src\test\resources\testDataFiles\Schemas\ValidationError_schema.json"".
2023-02-07 10:59:15.645 &amp#27;[32m INFO&amp#27;[m &amp#27;[35m[@503 - main]&amp#27;[m &amp#27;[36mcom.shaft.tools.io.ReportManager&amp#27;[m : File Action "ReadFile" successfully performed. With the following test data "File Path: "C:\eclipse-workspace\MyProjects\TASystemsAPIs\src\test\resources\testDataFiles\Schemas\ValidationError_schema.json"".
2023-02-07 10:59:15.646 &amp#27;[32m INFO&amp#27;[m &amp#27;[35m[@503 - main]&amp#27;[m &amp#27;[36mcom.shaft.tools.io.ReportManager&amp#27;[m : Successfully created attachment "Validation Test Data - Expected JSON Value"
2023-02-07 10:59:15.646 &amp#27;[32m INFO&amp#27;[m &amp#27;[35m[@503 - main]&amp#27;[m &amp#27;[36mcom.shaft.tools.io.ReportManager&amp#27;[m : Successfully created attachment "Validation Test Data - Actual JSON Value"
2023-02-07 10:59:15.647 &amp#27;[32m INFO&amp#27;[m &amp#27;[35m[@503 - main]&amp#27;[m &amp#27;[36mcom.shaft.tools.io.ReportManager&amp#27;[m : Successfully created attachment "SHAFT Engine Logs - Current Method log: Add_Policy_With_Missing_Keys_TC"
]]></system-out>
  </testcase>
  <testcase name="Add_Policy_With_Missing_Keys_TC[[Ljava.lang.Object;@19a1ecc0](12)" classname="SteeringCompanyAPI_TestCases.Test_Policies_Cases" time="2.483">
    <system-out><![CDATA[2023-02-07 10:59:15.648 &amp#27;[32m INFO&amp#27;[m &amp#27;[35m[@534 - main]&amp#27;[m &amp#27;[36mcom.shaft.tools.io.ReportManager&amp#27;[m : 
################################################################################################################################################
Starting Execution:	"174 out of 107" test cases in the current suite
Test Method:		"SteeringCompanyAPI_TestCases.Test_Policies_Cases.Add_Policy_With_Missing_Keys_TC"
Test Description:	"TC050 -Policy- Perform Add Policy with Missing Keys"
################################################################################################################################################
2023-02-07 10:59:15.649 &amp#27;[32m INFO&amp#27;[m &amp#27;[35m[@503 - main]&amp#27;[m &amp#27;[36mcom.shaft.tools.io.ReportManager&amp#27;[m : File Action "DoesFileExist" successfully performed. With the following test data "File Path: "SteeringCompanyAPI_TestData/SteeringCompanyAPI_TestData.xlsx"".
2023-02-07 10:59:15.663 &amp#27;[32m INFO&amp#27;[m &amp#27;[35m[@503 - main]&amp#27;[m &amp#27;[36mcom.shaft.tools.io.ReportManager&amp#27;[m : Successfully created attachment "Test Data - Excel"
2023-02-07 10:59:16.904 &amp#27;[32m INFO&amp#27;[m &amp#27;[35m[@503 - main]&amp#27;[m &amp#27;[36mcom.shaft.tools.io.ReportManager&amp#27;[m : Response status code: "200", status line: "HTTP/1.1 200 OK"
2023-02-07 10:59:16.913 &amp#27;[32m INFO&amp#27;[m &amp#27;[35m[@503 - main]&amp#27;[m &amp#27;[36mcom.shaft.tools.io.ReportManager&amp#27;[m : Successfully created attachment "API Request - Specifications"
2023-02-07 10:59:16.913 &amp#27;[32m INFO&amp#27;[m &amp#27;[35m[@503 - main]&amp#27;[m &amp#27;[36mcom.shaft.tools.io.ReportManager&amp#27;[m : Successfully created attachment "API Request - Body"
2023-02-07 10:59:16.916 &amp#27;[32m INFO&amp#27;[m &amp#27;[35m[@503 - main]&amp#27;[m &amp#27;[36mcom.shaft.tools.io.ReportManager&amp#27;[m : Successfully created attachment "API Response - JSON Body"
2023-02-07 10:59:16.923 &amp#27;[32m INFO&amp#27;[m &amp#27;[35m[@503 - main]&amp#27;[m &amp#27;[36mcom.shaft.tools.io.ReportManager&amp#27;[m : File Action "DoesFileExist" successfully performed. With the following test data "File Path: "SteeringCompanyAPI_TestData/SteeringCompanyAPI_TestData.xlsx"".
2023-02-07 10:59:16.936 &amp#27;[32m INFO&amp#27;[m &amp#27;[35m[@503 - main]&amp#27;[m &amp#27;[36mcom.shaft.tools.io.ReportManager&amp#27;[m : Successfully created attachment "Test Data - Excel"
2023-02-07 10:59:16.936 &amp#27;[32m INFO&amp#27;[m &amp#27;[35m[@503 - main]&amp#27;[m &amp#27;[36mcom.shaft.tools.io.ReportManager&amp#27;[m : File Action "DoesFileExist" successfully performed. With the following test data "File Path: "SteeringCompanyAPI_TestData/SteeringCompanyAPI_TestData.xlsx"".
2023-02-07 10:59:16.950 &amp#27;[32m INFO&amp#27;[m &amp#27;[35m[@503 - main]&amp#27;[m &amp#27;[36mcom.shaft.tools.io.ReportManager&amp#27;[m : Successfully created attachment "Test Data - Excel"
2023-02-07 10:59:16.950 &amp#27;[32m INFO&amp#27;[m &amp#27;[35m[@503 - main]&amp#27;[m &amp#27;[36mcom.shaft.tools.io.ReportManager&amp#27;[m : File Action "DoesFileExist" successfully performed. With the following test data "File Path: "SteeringCompanyAPI_TestData/SteeringCompanyAPI_TestData.xlsx"".
2023-02-07 10:59:16.964 &amp#27;[32m INFO&amp#27;[m &amp#27;[35m[@503 - main]&amp#27;[m &amp#27;[36mcom.shaft.tools.io.ReportManager&amp#27;[m : Successfully created attachment "Test Data - Excel"
2023-02-07 10:59:18.109 &amp#27;[32m INFO&amp#27;[m &amp#27;[35m[@503 - main]&amp#27;[m &amp#27;[36mcom.shaft.tools.io.ReportManager&amp#27;[m : Response status code: "422", status line: "HTTP/1.1 422 "
2023-02-07 10:59:18.121 &amp#27;[32m INFO&amp#27;[m &amp#27;[35m[@503 - main]&amp#27;[m &amp#27;[36mcom.shaft.tools.io.ReportManager&amp#27;[m : Successfully created attachment "API Request - Specifications"
2023-02-07 10:59:18.122 &amp#27;[32m INFO&amp#27;[m &amp#27;[35m[@503 - main]&amp#27;[m &amp#27;[36mcom.shaft.tools.io.ReportManager&amp#27;[m : Successfully created attachment "API Request - JSON Body"
2023-02-07 10:59:18.122 &amp#27;[32m INFO&amp#27;[m &amp#27;[35m[@503 - main]&amp#27;[m &amp#27;[36mcom.shaft.tools.io.ReportManager&amp#27;[m : Successfully created attachment "API Response - JSON Body"
2023-02-07 10:59:18.122 &amp#27;[32m INFO&amp#27;[m &amp#27;[35m[@503 - main]&amp#27;[m &amp#27;[36mcom.shaft.tools.io.ReportManager&amp#27;[m : File Action "DoesFileExist" successfully performed. With the following test data "File Path: "Schemas/ValidationError_schema.json"".
2023-02-07 10:59:18.123 &amp#27;[32m INFO&amp#27;[m &amp#27;[35m[@503 - main]&amp#27;[m &amp#27;[36mcom.shaft.tools.io.ReportManager&amp#27;[m : File Action "DoesFileExist" successfully performed. With the following test data "File Path: "src/test/resources/testDataFiles/Schemas/ValidationError_schema.json"".
2023-02-07 10:59:18.123 &amp#27;[32m INFO&amp#27;[m &amp#27;[35m[@503 - main]&amp#27;[m &amp#27;[36mcom.shaft.tools.io.ReportManager&amp#27;[m : File Action "GetAbsolutePath" successfully performed. With the following test data "Relative Folder Path: "src/test/resources/testDataFiles/Schemas/ValidationError_schema.json"".
2023-02-07 10:59:18.124 &amp#27;[32m INFO&amp#27;[m &amp#27;[35m[@503 - main]&amp#27;[m &amp#27;[36mcom.shaft.tools.io.ReportManager&amp#27;[m : File Action "DoesFileExist" successfully performed. With the following test data "File Path: "C:\eclipse-workspace\MyProjects\TASystemsAPIs\src\test\resources\testDataFiles\Schemas\ValidationError_schema.json"".
2023-02-07 10:59:18.124 &amp#27;[32m INFO&amp#27;[m &amp#27;[35m[@503 - main]&amp#27;[m &amp#27;[36mcom.shaft.tools.io.ReportManager&amp#27;[m : File Action "GetAbsolutePath" successfully performed. With the following test data "Relative Folder Path: "C:\eclipse-workspace\MyProjects\TASystemsAPIs\src\test\resources\testDataFiles\Schemas\ValidationError_schema.json"".
2023-02-07 10:59:18.124 &amp#27;[32m INFO&amp#27;[m &amp#27;[35m[@503 - main]&amp#27;[m &amp#27;[36mcom.shaft.tools.io.ReportManager&amp#27;[m : File Action "ReadFile" successfully performed. With the following test data "File Path: "C:\eclipse-workspace\MyProjects\TASystemsAPIs\src\test\resources\testDataFiles\Schemas\ValidationError_schema.json"".
2023-02-07 10:59:18.127 &amp#27;[32m INFO&amp#27;[m &amp#27;[35m[@503 - main]&amp#27;[m &amp#27;[36mcom.shaft.tools.io.ReportManager&amp#27;[m : Successfully created attachment "Validation Test Data - Expected JSON Value"
2023-02-07 10:59:18.128 &amp#27;[32m INFO&amp#27;[m &amp#27;[35m[@503 - main]&amp#27;[m &amp#27;[36mcom.shaft.tools.io.ReportManager&amp#27;[m : Successfully created attachment "Validation Test Data - Actual JSON Value"
2023-02-07 10:59:18.128 &amp#27;[32m INFO&amp#27;[m &amp#27;[35m[@503 - main]&amp#27;[m &amp#27;[36mcom.shaft.tools.io.ReportManager&amp#27;[m : Successfully created attachment "SHAFT Engine Logs - Current Method log: Add_Policy_With_Missing_Keys_TC"
]]></system-out>
  </testcase>
  <testcase name="Add_Policy_With_Missing_Keys_TC[[Ljava.lang.Object;@471a7e2b](13)" classname="SteeringCompanyAPI_TestCases.Test_Policies_Cases" time="1.228">
    <system-out><![CDATA[2023-02-07 10:59:18.132 &amp#27;[32m INFO&amp#27;[m &amp#27;[35m[@534 - main]&amp#27;[m &amp#27;[36mcom.shaft.tools.io.ReportManager&amp#27;[m : 
################################################################################################################################################
Starting Execution:	"175 out of 107" test cases in the current suite
Test Method:		"SteeringCompanyAPI_TestCases.Test_Policies_Cases.Add_Policy_With_Missing_Keys_TC"
Test Description:	"TC050 -Policy- Perform Add Policy with Missing Keys"
################################################################################################################################################
2023-02-07 10:59:18.133 &amp#27;[32m INFO&amp#27;[m &amp#27;[35m[@503 - main]&amp#27;[m &amp#27;[36mcom.shaft.tools.io.ReportManager&amp#27;[m : File Action "DoesFileExist" successfully performed. With the following test data "File Path: "SteeringCompanyAPI_TestData/SteeringCompanyAPI_TestData.xlsx"".
2023-02-07 10:59:18.156 &amp#27;[32m INFO&amp#27;[m &amp#27;[35m[@503 - main]&amp#27;[m &amp#27;[36mcom.shaft.tools.io.ReportManager&amp#27;[m : Successfully created attachment "Test Data - Excel"
2023-02-07 10:59:18.788 &amp#27;[32m INFO&amp#27;[m &amp#27;[35m[@503 - main]&amp#27;[m &amp#27;[36mcom.shaft.tools.io.ReportManager&amp#27;[m : Response status code: "200", status line: "HTTP/1.1 200 OK"
2023-02-07 10:59:18.799 &amp#27;[32m INFO&amp#27;[m &amp#27;[35m[@503 - main]&amp#27;[m &amp#27;[36mcom.shaft.tools.io.ReportManager&amp#27;[m : Successfully created attachment "API Request - Specifications"
2023-02-07 10:59:18.800 &amp#27;[32m INFO&amp#27;[m &amp#27;[35m[@503 - main]&amp#27;[m &amp#27;[36mcom.shaft.tools.io.ReportManager&amp#27;[m : Successfully created attachment "API Request - Body"
2023-02-07 10:59:18.802 &amp#27;[32m INFO&amp#27;[m &amp#27;[35m[@503 - main]&amp#27;[m &amp#27;[36mcom.shaft.tools.io.ReportManager&amp#27;[m : Successfully created attachment "API Response - JSON Body"
2023-02-07 10:59:18.808 &amp#27;[32m INFO&amp#27;[m &amp#27;[35m[@503 - main]&amp#27;[m &amp#27;[36mcom.shaft.tools.io.ReportManager&amp#27;[m : File Action "DoesFileExist" successfully performed. With the following test data "File Path: "SteeringCompanyAPI_TestData/SteeringCompanyAPI_TestData.xlsx"".
2023-02-07 10:59:18.823 &amp#27;[32m INFO&amp#27;[m &amp#27;[35m[@503 - main]&amp#27;[m &amp#27;[36mcom.shaft.tools.io.ReportManager&amp#27;[m : Successfully created attachment "Test Data - Excel"
2023-02-07 10:59:18.824 &amp#27;[32m INFO&amp#27;[m &amp#27;[35m[@503 - main]&amp#27;[m &amp#27;[36mcom.shaft.tools.io.ReportManager&amp#27;[m : File Action "DoesFileExist" successfully performed. With the following test data "File Path: "SteeringCompanyAPI_TestData/SteeringCompanyAPI_TestData.xlsx"".
2023-02-07 10:59:18.839 &amp#27;[32m INFO&amp#27;[m &amp#27;[35m[@503 - main]&amp#27;[m &amp#27;[36mcom.shaft.tools.io.ReportManager&amp#27;[m : Successfully created attachment "Test Data - Excel"
2023-02-07 10:59:18.839 &amp#27;[32m INFO&amp#27;[m &amp#27;[35m[@503 - main]&amp#27;[m &amp#27;[36mcom.shaft.tools.io.ReportManager&amp#27;[m : File Action "DoesFileExist" successfully performed. With the following test data "File Path: "SteeringCompanyAPI_TestData/SteeringCompanyAPI_TestData.xlsx"".
2023-02-07 10:59:18.854 &amp#27;[32m INFO&amp#27;[m &amp#27;[35m[@503 - main]&amp#27;[m &amp#27;[36mcom.shaft.tools.io.ReportManager&amp#27;[m : Successfully created attachment "Test Data - Excel"
2023-02-07 10:59:19.341 &amp#27;[32m INFO&amp#27;[m &amp#27;[35m[@503 - main]&amp#27;[m &amp#27;[36mcom.shaft.tools.io.ReportManager&amp#27;[m : Response status code: "422", status line: "HTTP/1.1 422 "
2023-02-07 10:59:19.351 &amp#27;[32m INFO&amp#27;[m &amp#27;[35m[@503 - main]&amp#27;[m &amp#27;[36mcom.shaft.tools.io.ReportManager&amp#27;[m : Successfully created attachment "API Request - Specifications"
2023-02-07 10:59:19.352 &amp#27;[32m INFO&amp#27;[m &amp#27;[35m[@503 - main]&amp#27;[m &amp#27;[36mcom.shaft.tools.io.ReportManager&amp#27;[m : Successfully created attachment "API Request - JSON Body"
2023-02-07 10:59:19.354 &amp#27;[32m INFO&amp#27;[m &amp#27;[35m[@503 - main]&amp#27;[m &amp#27;[36mcom.shaft.tools.io.ReportManager&amp#27;[m : Successfully created attachment "API Response - JSON Body"
2023-02-07 10:59:19.355 &amp#27;[32m INFO&amp#27;[m &amp#27;[35m[@503 - main]&amp#27;[m &amp#27;[36mcom.shaft.tools.io.ReportManager&amp#27;[m : File Action "DoesFileExist" successfully performed. With the following test data "File Path: "Schemas/ValidationError_schema.json"".
2023-02-07 10:59:19.355 &amp#27;[32m INFO&amp#27;[m &amp#27;[35m[@503 - main]&amp#27;[m &amp#27;[36mcom.shaft.tools.io.ReportManager&amp#27;[m : File Action "DoesFileExist" successfully performed. With the following test data "File Path: "src/test/resources/testDataFiles/Schemas/ValidationError_schema.json"".
2023-02-07 10:59:19.355 &amp#27;[32m INFO&amp#27;[m &amp#27;[35m[@503 - main]&amp#27;[m &amp#27;[36mcom.shaft.tools.io.ReportManager&amp#27;[m : File Action "GetAbsolutePath" successfully performed. With the following test data "Relative Folder Path: "src/test/resources/testDataFiles/Schemas/ValidationError_schema.json"".
2023-02-07 10:59:19.356 &amp#27;[32m INFO&amp#27;[m &amp#27;[35m[@503 - main]&amp#27;[m &amp#27;[36mcom.shaft.tools.io.ReportManager&amp#27;[m : File Action "DoesFileExist" successfully performed. With the following test data "File Path: "C:\eclipse-workspace\MyProjects\TASystemsAPIs\src\test\resources\testDataFiles\Schemas\ValidationError_schema.json"".
2023-02-07 10:59:19.356 &amp#27;[32m INFO&amp#27;[m &amp#27;[35m[@503 - main]&amp#27;[m &amp#27;[36mcom.shaft.tools.io.ReportManager&amp#27;[m : File Action "GetAbsolutePath" successfully performed. With the following test data "Relative Folder Path: "C:\eclipse-workspace\MyProjects\TASystemsAPIs\src\test\resources\testDataFiles\Schemas\ValidationError_schema.json"".
2023-02-07 10:59:19.357 &amp#27;[32m INFO&amp#27;[m &amp#27;[35m[@503 - main]&amp#27;[m &amp#27;[36mcom.shaft.tools.io.ReportManager&amp#27;[m : File Action "ReadFile" successfully performed. With the following test data "File Path: "C:\eclipse-workspace\MyProjects\TASystemsAPIs\src\test\resources\testDataFiles\Schemas\ValidationError_schema.json"".
2023-02-07 10:59:19.358 &amp#27;[32m INFO&amp#27;[m &amp#27;[35m[@503 - main]&amp#27;[m &amp#27;[36mcom.shaft.tools.io.ReportManager&amp#27;[m : Successfully created attachment "Validation Test Data - Expected JSON Value"
2023-02-07 10:59:19.358 &amp#27;[32m INFO&amp#27;[m &amp#27;[35m[@503 - main]&amp#27;[m &amp#27;[36mcom.shaft.tools.io.ReportManager&amp#27;[m : Successfully created attachment "Validation Test Data - Actual JSON Value"
2023-02-07 10:59:19.358 &amp#27;[32m INFO&amp#27;[m &amp#27;[35m[@503 - main]&amp#27;[m &amp#27;[36mcom.shaft.tools.io.ReportManager&amp#27;[m : Successfully created attachment "SHAFT Engine Logs - Current Method log: Add_Policy_With_Missing_Keys_TC"
]]></system-out>
  </testcase>
  <testcase name="Add_Policy_With_Missing_Keys_TC[[Ljava.lang.Object;@10e94ff8](14)" classname="SteeringCompanyAPI_TestCases.Test_Policies_Cases" time="3.416">
    <system-out><![CDATA[2023-02-07 10:59:19.361 &amp#27;[32m INFO&amp#27;[m &amp#27;[35m[@534 - main]&amp#27;[m &amp#27;[36mcom.shaft.tools.io.ReportManager&amp#27;[m : 
################################################################################################################################################
Starting Execution:	"176 out of 107" test cases in the current suite
Test Method:		"SteeringCompanyAPI_TestCases.Test_Policies_Cases.Add_Policy_With_Missing_Keys_TC"
Test Description:	"TC050 -Policy- Perform Add Policy with Missing Keys"
################################################################################################################################################
2023-02-07 10:59:19.361 &amp#27;[32m INFO&amp#27;[m &amp#27;[35m[@503 - main]&amp#27;[m &amp#27;[36mcom.shaft.tools.io.ReportManager&amp#27;[m : File Action "DoesFileExist" successfully performed. With the following test data "File Path: "SteeringCompanyAPI_TestData/SteeringCompanyAPI_TestData.xlsx"".
2023-02-07 10:59:19.377 &amp#27;[32m INFO&amp#27;[m &amp#27;[35m[@503 - main]&amp#27;[m &amp#27;[36mcom.shaft.tools.io.ReportManager&amp#27;[m : Successfully created attachment "Test Data - Excel"
2023-02-07 10:59:21.360 &amp#27;[32m INFO&amp#27;[m &amp#27;[35m[@503 - main]&amp#27;[m &amp#27;[36mcom.shaft.tools.io.ReportManager&amp#27;[m : Response status code: "200", status line: "HTTP/1.1 200 OK"
2023-02-07 10:59:21.370 &amp#27;[32m INFO&amp#27;[m &amp#27;[35m[@503 - main]&amp#27;[m &amp#27;[36mcom.shaft.tools.io.ReportManager&amp#27;[m : Successfully created attachment "API Request - Specifications"
2023-02-07 10:59:21.372 &amp#27;[32m INFO&amp#27;[m &amp#27;[35m[@503 - main]&amp#27;[m &amp#27;[36mcom.shaft.tools.io.ReportManager&amp#27;[m : Successfully created attachment "API Request - Body"
2023-02-07 10:59:21.373 &amp#27;[32m INFO&amp#27;[m &amp#27;[35m[@503 - main]&amp#27;[m &amp#27;[36mcom.shaft.tools.io.ReportManager&amp#27;[m : Successfully created attachment "API Response - JSON Body"
2023-02-07 10:59:21.383 &amp#27;[32m INFO&amp#27;[m &amp#27;[35m[@503 - main]&amp#27;[m &amp#27;[36mcom.shaft.tools.io.ReportManager&amp#27;[m : File Action "DoesFileExist" successfully performed. With the following test data "File Path: "SteeringCompanyAPI_TestData/SteeringCompanyAPI_TestData.xlsx"".
2023-02-07 10:59:21.408 &amp#27;[32m INFO&amp#27;[m &amp#27;[35m[@503 - main]&amp#27;[m &amp#27;[36mcom.shaft.tools.io.ReportManager&amp#27;[m : Successfully created attachment "Test Data - Excel"
2023-02-07 10:59:21.408 &amp#27;[32m INFO&amp#27;[m &amp#27;[35m[@503 - main]&amp#27;[m &amp#27;[36mcom.shaft.tools.io.ReportManager&amp#27;[m : File Action "DoesFileExist" successfully performed. With the following test data "File Path: "SteeringCompanyAPI_TestData/SteeringCompanyAPI_TestData.xlsx"".
2023-02-07 10:59:21.430 &amp#27;[32m INFO&amp#27;[m &amp#27;[35m[@503 - main]&amp#27;[m &amp#27;[36mcom.shaft.tools.io.ReportManager&amp#27;[m : Successfully created attachment "Test Data - Excel"
2023-02-07 10:59:21.431 &amp#27;[32m INFO&amp#27;[m &amp#27;[35m[@503 - main]&amp#27;[m &amp#27;[36mcom.shaft.tools.io.ReportManager&amp#27;[m : File Action "DoesFileExist" successfully performed. With the following test data "File Path: "SteeringCompanyAPI_TestData/SteeringCompanyAPI_TestData.xlsx"".
2023-02-07 10:59:21.449 &amp#27;[32m INFO&amp#27;[m &amp#27;[35m[@503 - main]&amp#27;[m &amp#27;[36mcom.shaft.tools.io.ReportManager&amp#27;[m : Successfully created attachment "Test Data - Excel"
2023-02-07 10:59:22.759 &amp#27;[32m INFO&amp#27;[m &amp#27;[35m[@503 - main]&amp#27;[m &amp#27;[36mcom.shaft.tools.io.ReportManager&amp#27;[m : Response status code: "422", status line: "HTTP/1.1 422 "
2023-02-07 10:59:22.767 &amp#27;[32m INFO&amp#27;[m &amp#27;[35m[@503 - main]&amp#27;[m &amp#27;[36mcom.shaft.tools.io.ReportManager&amp#27;[m : Successfully created attachment "API Request - Specifications"
2023-02-07 10:59:22.768 &amp#27;[32m INFO&amp#27;[m &amp#27;[35m[@503 - main]&amp#27;[m &amp#27;[36mcom.shaft.tools.io.ReportManager&amp#27;[m : Successfully created attachment "API Request - JSON Body"
2023-02-07 10:59:22.770 &amp#27;[32m INFO&amp#27;[m &amp#27;[35m[@503 - main]&amp#27;[m &amp#27;[36mcom.shaft.tools.io.ReportManager&amp#27;[m : Successfully created attachment "API Response - JSON Body"
2023-02-07 10:59:22.771 &amp#27;[32m INFO&amp#27;[m &amp#27;[35m[@503 - main]&amp#27;[m &amp#27;[36mcom.shaft.tools.io.ReportManager&amp#27;[m : File Action "DoesFileExist" successfully performed. With the following test data "File Path: "Schemas/ValidationError_schema.json"".
2023-02-07 10:59:22.771 &amp#27;[32m INFO&amp#27;[m &amp#27;[35m[@503 - main]&amp#27;[m &amp#27;[36mcom.shaft.tools.io.ReportManager&amp#27;[m : File Action "DoesFileExist" successfully performed. With the following test data "File Path: "src/test/resources/testDataFiles/Schemas/ValidationError_schema.json"".
2023-02-07 10:59:22.771 &amp#27;[32m INFO&amp#27;[m &amp#27;[35m[@503 - main]&amp#27;[m &amp#27;[36mcom.shaft.tools.io.ReportManager&amp#27;[m : File Action "GetAbsolutePath" successfully performed. With the following test data "Relative Folder Path: "src/test/resources/testDataFiles/Schemas/ValidationError_schema.json"".
2023-02-07 10:59:22.773 &amp#27;[32m INFO&amp#27;[m &amp#27;[35m[@503 - main]&amp#27;[m &amp#27;[36mcom.shaft.tools.io.ReportManager&amp#27;[m : File Action "DoesFileExist" successfully performed. With the following test data "File Path: "C:\eclipse-workspace\MyProjects\TASystemsAPIs\src\test\resources\testDataFiles\Schemas\ValidationError_schema.json"".
2023-02-07 10:59:22.773 &amp#27;[32m INFO&amp#27;[m &amp#27;[35m[@503 - main]&amp#27;[m &amp#27;[36mcom.shaft.tools.io.ReportManager&amp#27;[m : File Action "GetAbsolutePath" successfully performed. With the following test data "Relative Folder Path: "C:\eclipse-workspace\MyProjects\TASystemsAPIs\src\test\resources\testDataFiles\Schemas\ValidationError_schema.json"".
2023-02-07 10:59:22.773 &amp#27;[32m INFO&amp#27;[m &amp#27;[35m[@503 - main]&amp#27;[m &amp#27;[36mcom.shaft.tools.io.ReportManager&amp#27;[m : File Action "ReadFile" successfully performed. With the following test data "File Path: "C:\eclipse-workspace\MyProjects\TASystemsAPIs\src\test\resources\testDataFiles\Schemas\ValidationError_schema.json"".
2023-02-07 10:59:22.774 &amp#27;[32m INFO&amp#27;[m &amp#27;[35m[@503 - main]&amp#27;[m &amp#27;[36mcom.shaft.tools.io.ReportManager&amp#27;[m : Successfully created attachment "Validation Test Data - Expected JSON Value"
2023-02-07 10:59:22.774 &amp#27;[32m INFO&amp#27;[m &amp#27;[35m[@503 - main]&amp#27;[m &amp#27;[36mcom.shaft.tools.io.ReportManager&amp#27;[m : Successfully created attachment "Validation Test Data - Actual JSON Value"
2023-02-07 10:59:22.775 &amp#27;[32m INFO&amp#27;[m &amp#27;[35m[@503 - main]&amp#27;[m &amp#27;[36mcom.shaft.tools.io.ReportManager&amp#27;[m : Successfully created attachment "SHAFT Engine Logs - Current Method log: Add_Policy_With_Missing_Keys_TC"
]]></system-out>
  </testcase>
  <testcase name="Add_Policy_With_Missing_Keys_TC[[Ljava.lang.Object;@5882378e](15)" classname="SteeringCompanyAPI_TestCases.Test_Policies_Cases" time="1.449">
    <system-out><![CDATA[2023-02-07 10:59:22.777 &amp#27;[32m INFO&amp#27;[m &amp#27;[35m[@534 - main]&amp#27;[m &amp#27;[36mcom.shaft.tools.io.ReportManager&amp#27;[m : 
################################################################################################################################################
Starting Execution:	"177 out of 107" test cases in the current suite
Test Method:		"SteeringCompanyAPI_TestCases.Test_Policies_Cases.Add_Policy_With_Missing_Keys_TC"
Test Description:	"TC050 -Policy- Perform Add Policy with Missing Keys"
################################################################################################################################################
2023-02-07 10:59:22.777 &amp#27;[32m INFO&amp#27;[m &amp#27;[35m[@503 - main]&amp#27;[m &amp#27;[36mcom.shaft.tools.io.ReportManager&amp#27;[m : File Action "DoesFileExist" successfully performed. With the following test data "File Path: "SteeringCompanyAPI_TestData/SteeringCompanyAPI_TestData.xlsx"".
2023-02-07 10:59:22.792 &amp#27;[32m INFO&amp#27;[m &amp#27;[35m[@503 - main]&amp#27;[m &amp#27;[36mcom.shaft.tools.io.ReportManager&amp#27;[m : Successfully created attachment "Test Data - Excel"
2023-02-07 10:59:23.425 &amp#27;[32m INFO&amp#27;[m &amp#27;[35m[@503 - main]&amp#27;[m &amp#27;[36mcom.shaft.tools.io.ReportManager&amp#27;[m : Response status code: "200", status line: "HTTP/1.1 200 OK"
2023-02-07 10:59:23.433 &amp#27;[32m INFO&amp#27;[m &amp#27;[35m[@503 - main]&amp#27;[m &amp#27;[36mcom.shaft.tools.io.ReportManager&amp#27;[m : Successfully created attachment "API Request - Specifications"
2023-02-07 10:59:23.434 &amp#27;[32m INFO&amp#27;[m &amp#27;[35m[@503 - main]&amp#27;[m &amp#27;[36mcom.shaft.tools.io.ReportManager&amp#27;[m : Successfully created attachment "API Request - Body"
2023-02-07 10:59:23.437 &amp#27;[32m INFO&amp#27;[m &amp#27;[35m[@503 - main]&amp#27;[m &amp#27;[36mcom.shaft.tools.io.ReportManager&amp#27;[m : Successfully created attachment "API Response - JSON Body"
2023-02-07 10:59:23.443 &amp#27;[32m INFO&amp#27;[m &amp#27;[35m[@503 - main]&amp#27;[m &amp#27;[36mcom.shaft.tools.io.ReportManager&amp#27;[m : File Action "DoesFileExist" successfully performed. With the following test data "File Path: "SteeringCompanyAPI_TestData/SteeringCompanyAPI_TestData.xlsx"".
2023-02-07 10:59:23.457 &amp#27;[32m INFO&amp#27;[m &amp#27;[35m[@503 - main]&amp#27;[m &amp#27;[36mcom.shaft.tools.io.ReportManager&amp#27;[m : Successfully created attachment "Test Data - Excel"
2023-02-07 10:59:23.457 &amp#27;[32m INFO&amp#27;[m &amp#27;[35m[@503 - main]&amp#27;[m &amp#27;[36mcom.shaft.tools.io.ReportManager&amp#27;[m : File Action "DoesFileExist" successfully performed. With the following test data "File Path: "SteeringCompanyAPI_TestData/SteeringCompanyAPI_TestData.xlsx"".
2023-02-07 10:59:23.470 &amp#27;[32m INFO&amp#27;[m &amp#27;[35m[@503 - main]&amp#27;[m &amp#27;[36mcom.shaft.tools.io.ReportManager&amp#27;[m : Successfully created attachment "Test Data - Excel"
2023-02-07 10:59:23.470 &amp#27;[32m INFO&amp#27;[m &amp#27;[35m[@503 - main]&amp#27;[m &amp#27;[36mcom.shaft.tools.io.ReportManager&amp#27;[m : File Action "DoesFileExist" successfully performed. With the following test data "File Path: "SteeringCompanyAPI_TestData/SteeringCompanyAPI_TestData.xlsx"".
2023-02-07 10:59:23.484 &amp#27;[32m INFO&amp#27;[m &amp#27;[35m[@503 - main]&amp#27;[m &amp#27;[36mcom.shaft.tools.io.ReportManager&amp#27;[m : Successfully created attachment "Test Data - Excel"
2023-02-07 10:59:24.202 &amp#27;[32m INFO&amp#27;[m &amp#27;[35m[@503 - main]&amp#27;[m &amp#27;[36mcom.shaft.tools.io.ReportManager&amp#27;[m : Response status code: "422", status line: "HTTP/1.1 422 "
2023-02-07 10:59:24.213 &amp#27;[32m INFO&amp#27;[m &amp#27;[35m[@503 - main]&amp#27;[m &amp#27;[36mcom.shaft.tools.io.ReportManager&amp#27;[m : Successfully created attachment "API Request - Specifications"
2023-02-07 10:59:24.215 &amp#27;[32m INFO&amp#27;[m &amp#27;[35m[@503 - main]&amp#27;[m &amp#27;[36mcom.shaft.tools.io.ReportManager&amp#27;[m : Successfully created attachment "API Request - JSON Body"
2023-02-07 10:59:24.216 &amp#27;[32m INFO&amp#27;[m &amp#27;[35m[@503 - main]&amp#27;[m &amp#27;[36mcom.shaft.tools.io.ReportManager&amp#27;[m : Successfully created attachment "API Response - JSON Body"
2023-02-07 10:59:24.217 &amp#27;[32m INFO&amp#27;[m &amp#27;[35m[@503 - main]&amp#27;[m &amp#27;[36mcom.shaft.tools.io.ReportManager&amp#27;[m : File Action "DoesFileExist" successfully performed. With the following test data "File Path: "Schemas/ValidationError_schema.json"".
2023-02-07 10:59:24.218 &amp#27;[32m INFO&amp#27;[m &amp#27;[35m[@503 - main]&amp#27;[m &amp#27;[36mcom.shaft.tools.io.ReportManager&amp#27;[m : File Action "DoesFileExist" successfully performed. With the following test data "File Path: "src/test/resources/testDataFiles/Schemas/ValidationError_schema.json"".
2023-02-07 10:59:24.218 &amp#27;[32m INFO&amp#27;[m &amp#27;[35m[@503 - main]&amp#27;[m &amp#27;[36mcom.shaft.tools.io.ReportManager&amp#27;[m : File Action "GetAbsolutePath" successfully performed. With the following test data "Relative Folder Path: "src/test/resources/testDataFiles/Schemas/ValidationError_schema.json"".
2023-02-07 10:59:24.220 &amp#27;[32m INFO&amp#27;[m &amp#27;[35m[@503 - main]&amp#27;[m &amp#27;[36mcom.shaft.tools.io.ReportManager&amp#27;[m : File Action "DoesFileExist" successfully performed. With the following test data "File Path: "C:\eclipse-workspace\MyProjects\TASystemsAPIs\src\test\resources\testDataFiles\Schemas\ValidationError_schema.json"".
2023-02-07 10:59:24.220 &amp#27;[32m INFO&amp#27;[m &amp#27;[35m[@503 - main]&amp#27;[m &amp#27;[36mcom.shaft.tools.io.ReportManager&amp#27;[m : File Action "GetAbsolutePath" successfully performed. With the following test data "Relative Folder Path: "C:\eclipse-workspace\MyProjects\TASystemsAPIs\src\test\resources\testDataFiles\Schemas\ValidationError_schema.json"".
2023-02-07 10:59:24.221 &amp#27;[32m INFO&amp#27;[m &amp#27;[35m[@503 - main]&amp#27;[m &amp#27;[36mcom.shaft.tools.io.ReportManager&amp#27;[m : File Action "ReadFile" successfully performed. With the following test data "File Path: "C:\eclipse-workspace\MyProjects\TASystemsAPIs\src\test\resources\testDataFiles\Schemas\ValidationError_schema.json"".
2023-02-07 10:59:24.223 &amp#27;[32m INFO&amp#27;[m &amp#27;[35m[@503 - main]&amp#27;[m &amp#27;[36mcom.shaft.tools.io.ReportManager&amp#27;[m : Successfully created attachment "Validation Test Data - Expected JSON Value"
2023-02-07 10:59:24.223 &amp#27;[32m INFO&amp#27;[m &amp#27;[35m[@503 - main]&amp#27;[m &amp#27;[36mcom.shaft.tools.io.ReportManager&amp#27;[m : Successfully created attachment "Validation Test Data - Actual JSON Value"
2023-02-07 10:59:24.223 &amp#27;[32m INFO&amp#27;[m &amp#27;[35m[@503 - main]&amp#27;[m &amp#27;[36mcom.shaft.tools.io.ReportManager&amp#27;[m : Successfully created attachment "SHAFT Engine Logs - Current Method log: Add_Policy_With_Missing_Keys_TC"
]]></system-out>
  </testcase>
  <testcase name="Add_Policy_With_Missing_Keys_TC[[Ljava.lang.Object;@16ce8ed6](16)" classname="SteeringCompanyAPI_TestCases.Test_Policies_Cases" time="1.278">
    <system-out><![CDATA[2023-02-07 10:59:24.226 &amp#27;[32m INFO&amp#27;[m &amp#27;[35m[@534 - main]&amp#27;[m &amp#27;[36mcom.shaft.tools.io.ReportManager&amp#27;[m : 
################################################################################################################################################
Starting Execution:	"178 out of 107" test cases in the current suite
Test Method:		"SteeringCompanyAPI_TestCases.Test_Policies_Cases.Add_Policy_With_Missing_Keys_TC"
Test Description:	"TC050 -Policy- Perform Add Policy with Missing Keys"
################################################################################################################################################
2023-02-07 10:59:24.227 &amp#27;[32m INFO&amp#27;[m &amp#27;[35m[@503 - main]&amp#27;[m &amp#27;[36mcom.shaft.tools.io.ReportManager&amp#27;[m : File Action "DoesFileExist" successfully performed. With the following test data "File Path: "SteeringCompanyAPI_TestData/SteeringCompanyAPI_TestData.xlsx"".
2023-02-07 10:59:24.244 &amp#27;[32m INFO&amp#27;[m &amp#27;[35m[@503 - main]&amp#27;[m &amp#27;[36mcom.shaft.tools.io.ReportManager&amp#27;[m : Successfully created attachment "Test Data - Excel"
2023-02-07 10:59:24.890 &amp#27;[32m INFO&amp#27;[m &amp#27;[35m[@503 - main]&amp#27;[m &amp#27;[36mcom.shaft.tools.io.ReportManager&amp#27;[m : Response status code: "200", status line: "HTTP/1.1 200 OK"
2023-02-07 10:59:24.902 &amp#27;[32m INFO&amp#27;[m &amp#27;[35m[@503 - main]&amp#27;[m &amp#27;[36mcom.shaft.tools.io.ReportManager&amp#27;[m : Successfully created attachment "API Request - Specifications"
2023-02-07 10:59:24.905 &amp#27;[32m INFO&amp#27;[m &amp#27;[35m[@503 - main]&amp#27;[m &amp#27;[36mcom.shaft.tools.io.ReportManager&amp#27;[m : Successfully created attachment "API Request - Body"
2023-02-07 10:59:24.905 &amp#27;[32m INFO&amp#27;[m &amp#27;[35m[@503 - main]&amp#27;[m &amp#27;[36mcom.shaft.tools.io.ReportManager&amp#27;[m : Successfully created attachment "API Response - JSON Body"
2023-02-07 10:59:24.912 &amp#27;[32m INFO&amp#27;[m &amp#27;[35m[@503 - main]&amp#27;[m &amp#27;[36mcom.shaft.tools.io.ReportManager&amp#27;[m : File Action "DoesFileExist" successfully performed. With the following test data "File Path: "SteeringCompanyAPI_TestData/SteeringCompanyAPI_TestData.xlsx"".
2023-02-07 10:59:24.927 &amp#27;[32m INFO&amp#27;[m &amp#27;[35m[@503 - main]&amp#27;[m &amp#27;[36mcom.shaft.tools.io.ReportManager&amp#27;[m : Successfully created attachment "Test Data - Excel"
2023-02-07 10:59:24.928 &amp#27;[32m INFO&amp#27;[m &amp#27;[35m[@503 - main]&amp#27;[m &amp#27;[36mcom.shaft.tools.io.ReportManager&amp#27;[m : File Action "DoesFileExist" successfully performed. With the following test data "File Path: "SteeringCompanyAPI_TestData/SteeringCompanyAPI_TestData.xlsx"".
2023-02-07 10:59:24.945 &amp#27;[32m INFO&amp#27;[m &amp#27;[35m[@503 - main]&amp#27;[m &amp#27;[36mcom.shaft.tools.io.ReportManager&amp#27;[m : Successfully created attachment "Test Data - Excel"
2023-02-07 10:59:24.945 &amp#27;[32m INFO&amp#27;[m &amp#27;[35m[@503 - main]&amp#27;[m &amp#27;[36mcom.shaft.tools.io.ReportManager&amp#27;[m : File Action "DoesFileExist" successfully performed. With the following test data "File Path: "SteeringCompanyAPI_TestData/SteeringCompanyAPI_TestData.xlsx"".
2023-02-07 10:59:24.960 &amp#27;[32m INFO&amp#27;[m &amp#27;[35m[@503 - main]&amp#27;[m &amp#27;[36mcom.shaft.tools.io.ReportManager&amp#27;[m : Successfully created attachment "Test Data - Excel"
2023-02-07 10:59:25.468 &amp#27;[32m INFO&amp#27;[m &amp#27;[35m[@503 - main]&amp#27;[m &amp#27;[36mcom.shaft.tools.io.ReportManager&amp#27;[m : Response status code: "422", status line: "HTTP/1.1 422 "
2023-02-07 10:59:25.480 &amp#27;[32m INFO&amp#27;[m &amp#27;[35m[@503 - main]&amp#27;[m &amp#27;[36mcom.shaft.tools.io.ReportManager&amp#27;[m : Successfully created attachment "API Request - Specifications"
2023-02-07 10:59:25.481 &amp#27;[32m INFO&amp#27;[m &amp#27;[35m[@503 - main]&amp#27;[m &amp#27;[36mcom.shaft.tools.io.ReportManager&amp#27;[m : Successfully created attachment "API Request - JSON Body"
2023-02-07 10:59:25.481 &amp#27;[32m INFO&amp#27;[m &amp#27;[35m[@503 - main]&amp#27;[m &amp#27;[36mcom.shaft.tools.io.ReportManager&amp#27;[m : Successfully created attachment "API Response - JSON Body"
2023-02-07 10:59:25.482 &amp#27;[32m INFO&amp#27;[m &amp#27;[35m[@503 - main]&amp#27;[m &amp#27;[36mcom.shaft.tools.io.ReportManager&amp#27;[m : File Action "DoesFileExist" successfully performed. With the following test data "File Path: "Schemas/ValidationError_schema.json"".
2023-02-07 10:59:25.482 &amp#27;[32m INFO&amp#27;[m &amp#27;[35m[@503 - main]&amp#27;[m &amp#27;[36mcom.shaft.tools.io.ReportManager&amp#27;[m : File Action "DoesFileExist" successfully performed. With the following test data "File Path: "src/test/resources/testDataFiles/Schemas/ValidationError_schema.json"".
2023-02-07 10:59:25.482 &amp#27;[32m INFO&amp#27;[m &amp#27;[35m[@503 - main]&amp#27;[m &amp#27;[36mcom.shaft.tools.io.ReportManager&amp#27;[m : File Action "GetAbsolutePath" successfully performed. With the following test data "Relative Folder Path: "src/test/resources/testDataFiles/Schemas/ValidationError_schema.json"".
2023-02-07 10:59:25.483 &amp#27;[32m INFO&amp#27;[m &amp#27;[35m[@503 - main]&amp#27;[m &amp#27;[36mcom.shaft.tools.io.ReportManager&amp#27;[m : File Action "DoesFileExist" successfully performed. With the following test data "File Path: "C:\eclipse-workspace\MyProjects\TASystemsAPIs\src\test\resources\testDataFiles\Schemas\ValidationError_schema.json"".
2023-02-07 10:59:25.483 &amp#27;[32m INFO&amp#27;[m &amp#27;[35m[@503 - main]&amp#27;[m &amp#27;[36mcom.shaft.tools.io.ReportManager&amp#27;[m : File Action "GetAbsolutePath" successfully performed. With the following test data "Relative Folder Path: "C:\eclipse-workspace\MyProjects\TASystemsAPIs\src\test\resources\testDataFiles\Schemas\ValidationError_schema.json"".
2023-02-07 10:59:25.483 &amp#27;[32m INFO&amp#27;[m &amp#27;[35m[@503 - main]&amp#27;[m &amp#27;[36mcom.shaft.tools.io.ReportManager&amp#27;[m : File Action "ReadFile" successfully performed. With the following test data "File Path: "C:\eclipse-workspace\MyProjects\TASystemsAPIs\src\test\resources\testDataFiles\Schemas\ValidationError_schema.json"".
2023-02-07 10:59:25.501 &amp#27;[32m INFO&amp#27;[m &amp#27;[35m[@503 - main]&amp#27;[m &amp#27;[36mcom.shaft.tools.io.ReportManager&amp#27;[m : Successfully created attachment "Validation Test Data - Expected JSON Value"
2023-02-07 10:59:25.502 &amp#27;[32m INFO&amp#27;[m &amp#27;[35m[@503 - main]&amp#27;[m &amp#27;[36mcom.shaft.tools.io.ReportManager&amp#27;[m : Successfully created attachment "Validation Test Data - Actual JSON Value"
2023-02-07 10:59:25.502 &amp#27;[32m INFO&amp#27;[m &amp#27;[35m[@503 - main]&amp#27;[m &amp#27;[36mcom.shaft.tools.io.ReportManager&amp#27;[m : Successfully created attachment "SHAFT Engine Logs - Current Method log: Add_Policy_With_Missing_Keys_TC"
]]></system-out>
  </testcase>
  <testcase name="Add_Policy_With_Missing_Keys_TC[[Ljava.lang.Object;@2c3bbb8d](17)" classname="SteeringCompanyAPI_TestCases.Test_Policies_Cases" time="2.186">
    <system-out><![CDATA[2023-02-07 10:59:25.503 &amp#27;[32m INFO&amp#27;[m &amp#27;[35m[@534 - main]&amp#27;[m &amp#27;[36mcom.shaft.tools.io.ReportManager&amp#27;[m : 
################################################################################################################################################
Starting Execution:	"179 out of 107" test cases in the current suite
Test Method:		"SteeringCompanyAPI_TestCases.Test_Policies_Cases.Add_Policy_With_Missing_Keys_TC"
Test Description:	"TC050 -Policy- Perform Add Policy with Missing Keys"
################################################################################################################################################
2023-02-07 10:59:25.503 &amp#27;[32m INFO&amp#27;[m &amp#27;[35m[@503 - main]&amp#27;[m &amp#27;[36mcom.shaft.tools.io.ReportManager&amp#27;[m : File Action "DoesFileExist" successfully performed. With the following test data "File Path: "SteeringCompanyAPI_TestData/SteeringCompanyAPI_TestData.xlsx"".
2023-02-07 10:59:25.519 &amp#27;[32m INFO&amp#27;[m &amp#27;[35m[@503 - main]&amp#27;[m &amp#27;[36mcom.shaft.tools.io.ReportManager&amp#27;[m : Successfully created attachment "Test Data - Excel"
2023-02-07 10:59:27.116 &amp#27;[32m INFO&amp#27;[m &amp#27;[35m[@503 - main]&amp#27;[m &amp#27;[36mcom.shaft.tools.io.ReportManager&amp#27;[m : Response status code: "200", status line: "HTTP/1.1 200 OK"
2023-02-07 10:59:27.126 &amp#27;[32m INFO&amp#27;[m &amp#27;[35m[@503 - main]&amp#27;[m &amp#27;[36mcom.shaft.tools.io.ReportManager&amp#27;[m : Successfully created attachment "API Request - Specifications"
2023-02-07 10:59:27.126 &amp#27;[32m INFO&amp#27;[m &amp#27;[35m[@503 - main]&amp#27;[m &amp#27;[36mcom.shaft.tools.io.ReportManager&amp#27;[m : Successfully created attachment "API Request - Body"
2023-02-07 10:59:27.127 &amp#27;[32m INFO&amp#27;[m &amp#27;[35m[@503 - main]&amp#27;[m &amp#27;[36mcom.shaft.tools.io.ReportManager&amp#27;[m : Successfully created attachment "API Response - JSON Body"
2023-02-07 10:59:27.133 &amp#27;[32m INFO&amp#27;[m &amp#27;[35m[@503 - main]&amp#27;[m &amp#27;[36mcom.shaft.tools.io.ReportManager&amp#27;[m : File Action "DoesFileExist" successfully performed. With the following test data "File Path: "SteeringCompanyAPI_TestData/SteeringCompanyAPI_TestData.xlsx"".
2023-02-07 10:59:27.149 &amp#27;[32m INFO&amp#27;[m &amp#27;[35m[@503 - main]&amp#27;[m &amp#27;[36mcom.shaft.tools.io.ReportManager&amp#27;[m : Successfully created attachment "Test Data - Excel"
2023-02-07 10:59:27.149 &amp#27;[32m INFO&amp#27;[m &amp#27;[35m[@503 - main]&amp#27;[m &amp#27;[36mcom.shaft.tools.io.ReportManager&amp#27;[m : File Action "DoesFileExist" successfully performed. With the following test data "File Path: "SteeringCompanyAPI_TestData/SteeringCompanyAPI_TestData.xlsx"".
2023-02-07 10:59:27.163 &amp#27;[32m INFO&amp#27;[m &amp#27;[35m[@503 - main]&amp#27;[m &amp#27;[36mcom.shaft.tools.io.ReportManager&amp#27;[m : Successfully created attachment "Test Data - Excel"
2023-02-07 10:59:27.163 &amp#27;[32m INFO&amp#27;[m &amp#27;[35m[@503 - main]&amp#27;[m &amp#27;[36mcom.shaft.tools.io.ReportManager&amp#27;[m : File Action "DoesFileExist" successfully performed. With the following test data "File Path: "SteeringCompanyAPI_TestData/SteeringCompanyAPI_TestData.xlsx"".
2023-02-07 10:59:27.179 &amp#27;[32m INFO&amp#27;[m &amp#27;[35m[@503 - main]&amp#27;[m &amp#27;[36mcom.shaft.tools.io.ReportManager&amp#27;[m : Successfully created attachment "Test Data - Excel"
2023-02-07 10:59:27.669 &amp#27;[32m INFO&amp#27;[m &amp#27;[35m[@503 - main]&amp#27;[m &amp#27;[36mcom.shaft.tools.io.ReportManager&amp#27;[m : Response status code: "422", status line: "HTTP/1.1 422 "
2023-02-07 10:59:27.677 &amp#27;[32m INFO&amp#27;[m &amp#27;[35m[@503 - main]&amp#27;[m &amp#27;[36mcom.shaft.tools.io.ReportManager&amp#27;[m : Successfully created attachment "API Request - Specifications"
2023-02-07 10:59:27.680 &amp#27;[32m INFO&amp#27;[m &amp#27;[35m[@503 - main]&amp#27;[m &amp#27;[36mcom.shaft.tools.io.ReportManager&amp#27;[m : Successfully created attachment "API Request - JSON Body"
2023-02-07 10:59:27.682 &amp#27;[32m INFO&amp#27;[m &amp#27;[35m[@503 - main]&amp#27;[m &amp#27;[36mcom.shaft.tools.io.ReportManager&amp#27;[m : Successfully created attachment "API Response - JSON Body"
2023-02-07 10:59:27.682 &amp#27;[32m INFO&amp#27;[m &amp#27;[35m[@503 - main]&amp#27;[m &amp#27;[36mcom.shaft.tools.io.ReportManager&amp#27;[m : File Action "DoesFileExist" successfully performed. With the following test data "File Path: "Schemas/ValidationError_schema.json"".
2023-02-07 10:59:27.682 &amp#27;[32m INFO&amp#27;[m &amp#27;[35m[@503 - main]&amp#27;[m &amp#27;[36mcom.shaft.tools.io.ReportManager&amp#27;[m : File Action "DoesFileExist" successfully performed. With the following test data "File Path: "src/test/resources/testDataFiles/Schemas/ValidationError_schema.json"".
2023-02-07 10:59:27.682 &amp#27;[32m INFO&amp#27;[m &amp#27;[35m[@503 - main]&amp#27;[m &amp#27;[36mcom.shaft.tools.io.ReportManager&amp#27;[m : File Action "GetAbsolutePath" successfully performed. With the following test data "Relative Folder Path: "src/test/resources/testDataFiles/Schemas/ValidationError_schema.json"".
2023-02-07 10:59:27.684 &amp#27;[32m INFO&amp#27;[m &amp#27;[35m[@503 - main]&amp#27;[m &amp#27;[36mcom.shaft.tools.io.ReportManager&amp#27;[m : File Action "DoesFileExist" successfully performed. With the following test data "File Path: "C:\eclipse-workspace\MyProjects\TASystemsAPIs\src\test\resources\testDataFiles\Schemas\ValidationError_schema.json"".
2023-02-07 10:59:27.684 &amp#27;[32m INFO&amp#27;[m &amp#27;[35m[@503 - main]&amp#27;[m &amp#27;[36mcom.shaft.tools.io.ReportManager&amp#27;[m : File Action "GetAbsolutePath" successfully performed. With the following test data "Relative Folder Path: "C:\eclipse-workspace\MyProjects\TASystemsAPIs\src\test\resources\testDataFiles\Schemas\ValidationError_schema.json"".
2023-02-07 10:59:27.685 &amp#27;[32m INFO&amp#27;[m &amp#27;[35m[@503 - main]&amp#27;[m &amp#27;[36mcom.shaft.tools.io.ReportManager&amp#27;[m : File Action "ReadFile" successfully performed. With the following test data "File Path: "C:\eclipse-workspace\MyProjects\TASystemsAPIs\src\test\resources\testDataFiles\Schemas\ValidationError_schema.json"".
2023-02-07 10:59:27.686 &amp#27;[32m INFO&amp#27;[m &amp#27;[35m[@503 - main]&amp#27;[m &amp#27;[36mcom.shaft.tools.io.ReportManager&amp#27;[m : Successfully created attachment "Validation Test Data - Expected JSON Value"
2023-02-07 10:59:27.687 &amp#27;[32m INFO&amp#27;[m &amp#27;[35m[@503 - main]&amp#27;[m &amp#27;[36mcom.shaft.tools.io.ReportManager&amp#27;[m : Successfully created attachment "Validation Test Data - Actual JSON Value"
2023-02-07 10:59:27.688 &amp#27;[32m INFO&amp#27;[m &amp#27;[35m[@503 - main]&amp#27;[m &amp#27;[36mcom.shaft.tools.io.ReportManager&amp#27;[m : Successfully created attachment "SHAFT Engine Logs - Current Method log: Add_Policy_With_Missing_Keys_TC"
]]></system-out>
  </testcase>
  <testcase name="Add_Policy_With_Missing_Keys_TC[[Ljava.lang.Object;@4f64f069](18)" classname="SteeringCompanyAPI_TestCases.Test_Policies_Cases" time="1.787">
    <system-out><![CDATA[2023-02-07 10:59:27.690 &amp#27;[32m INFO&amp#27;[m &amp#27;[35m[@534 - main]&amp#27;[m &amp#27;[36mcom.shaft.tools.io.ReportManager&amp#27;[m : 
################################################################################################################################################
Starting Execution:	"180 out of 107" test cases in the current suite
Test Method:		"SteeringCompanyAPI_TestCases.Test_Policies_Cases.Add_Policy_With_Missing_Keys_TC"
Test Description:	"TC050 -Policy- Perform Add Policy with Missing Keys"
################################################################################################################################################
2023-02-07 10:59:27.690 &amp#27;[32m INFO&amp#27;[m &amp#27;[35m[@503 - main]&amp#27;[m &amp#27;[36mcom.shaft.tools.io.ReportManager&amp#27;[m : File Action "DoesFileExist" successfully performed. With the following test data "File Path: "SteeringCompanyAPI_TestData/SteeringCompanyAPI_TestData.xlsx"".
2023-02-07 10:59:27.706 &amp#27;[32m INFO&amp#27;[m &amp#27;[35m[@503 - main]&amp#27;[m &amp#27;[36mcom.shaft.tools.io.ReportManager&amp#27;[m : Successfully created attachment "Test Data - Excel"
2023-02-07 10:59:28.911 &amp#27;[32m INFO&amp#27;[m &amp#27;[35m[@503 - main]&amp#27;[m &amp#27;[36mcom.shaft.tools.io.ReportManager&amp#27;[m : Response status code: "200", status line: "HTTP/1.1 200 OK"
2023-02-07 10:59:28.920 &amp#27;[32m INFO&amp#27;[m &amp#27;[35m[@503 - main]&amp#27;[m &amp#27;[36mcom.shaft.tools.io.ReportManager&amp#27;[m : Successfully created attachment "API Request - Specifications"
2023-02-07 10:59:28.920 &amp#27;[32m INFO&amp#27;[m &amp#27;[35m[@503 - main]&amp#27;[m &amp#27;[36mcom.shaft.tools.io.ReportManager&amp#27;[m : Successfully created attachment "API Request - Body"
2023-02-07 10:59:28.921 &amp#27;[32m INFO&amp#27;[m &amp#27;[35m[@503 - main]&amp#27;[m &amp#27;[36mcom.shaft.tools.io.ReportManager&amp#27;[m : Successfully created attachment "API Response - JSON Body"
2023-02-07 10:59:28.928 &amp#27;[32m INFO&amp#27;[m &amp#27;[35m[@503 - main]&amp#27;[m &amp#27;[36mcom.shaft.tools.io.ReportManager&amp#27;[m : File Action "DoesFileExist" successfully performed. With the following test data "File Path: "SteeringCompanyAPI_TestData/SteeringCompanyAPI_TestData.xlsx"".
2023-02-07 10:59:28.941 &amp#27;[32m INFO&amp#27;[m &amp#27;[35m[@503 - main]&amp#27;[m &amp#27;[36mcom.shaft.tools.io.ReportManager&amp#27;[m : Successfully created attachment "Test Data - Excel"
2023-02-07 10:59:28.941 &amp#27;[32m INFO&amp#27;[m &amp#27;[35m[@503 - main]&amp#27;[m &amp#27;[36mcom.shaft.tools.io.ReportManager&amp#27;[m : File Action "DoesFileExist" successfully performed. With the following test data "File Path: "SteeringCompanyAPI_TestData/SteeringCompanyAPI_TestData.xlsx"".
2023-02-07 10:59:28.955 &amp#27;[32m INFO&amp#27;[m &amp#27;[35m[@503 - main]&amp#27;[m &amp#27;[36mcom.shaft.tools.io.ReportManager&amp#27;[m : Successfully created attachment "Test Data - Excel"
2023-02-07 10:59:28.955 &amp#27;[32m INFO&amp#27;[m &amp#27;[35m[@503 - main]&amp#27;[m &amp#27;[36mcom.shaft.tools.io.ReportManager&amp#27;[m : File Action "DoesFileExist" successfully performed. With the following test data "File Path: "SteeringCompanyAPI_TestData/SteeringCompanyAPI_TestData.xlsx"".
2023-02-07 10:59:28.970 &amp#27;[32m INFO&amp#27;[m &amp#27;[35m[@503 - main]&amp#27;[m &amp#27;[36mcom.shaft.tools.io.ReportManager&amp#27;[m : Successfully created attachment "Test Data - Excel"
2023-02-07 10:59:29.456 &amp#27;[32m INFO&amp#27;[m &amp#27;[35m[@503 - main]&amp#27;[m &amp#27;[36mcom.shaft.tools.io.ReportManager&amp#27;[m : Response status code: "422", status line: "HTTP/1.1 422 "
2023-02-07 10:59:29.467 &amp#27;[32m INFO&amp#27;[m &amp#27;[35m[@503 - main]&amp#27;[m &amp#27;[36mcom.shaft.tools.io.ReportManager&amp#27;[m : Successfully created attachment "API Request - Specifications"
2023-02-07 10:59:29.468 &amp#27;[32m INFO&amp#27;[m &amp#27;[35m[@503 - main]&amp#27;[m &amp#27;[36mcom.shaft.tools.io.ReportManager&amp#27;[m : Successfully created attachment "API Request - JSON Body"
2023-02-07 10:59:29.469 &amp#27;[32m INFO&amp#27;[m &amp#27;[35m[@503 - main]&amp#27;[m &amp#27;[36mcom.shaft.tools.io.ReportManager&amp#27;[m : Successfully created attachment "API Response - JSON Body"
2023-02-07 10:59:29.469 &amp#27;[32m INFO&amp#27;[m &amp#27;[35m[@503 - main]&amp#27;[m &amp#27;[36mcom.shaft.tools.io.ReportManager&amp#27;[m : File Action "DoesFileExist" successfully performed. With the following test data "File Path: "Schemas/ValidationError_schema.json"".
2023-02-07 10:59:29.469 &amp#27;[32m INFO&amp#27;[m &amp#27;[35m[@503 - main]&amp#27;[m &amp#27;[36mcom.shaft.tools.io.ReportManager&amp#27;[m : File Action "DoesFileExist" successfully performed. With the following test data "File Path: "src/test/resources/testDataFiles/Schemas/ValidationError_schema.json"".
2023-02-07 10:59:29.469 &amp#27;[32m INFO&amp#27;[m &amp#27;[35m[@503 - main]&amp#27;[m &amp#27;[36mcom.shaft.tools.io.ReportManager&amp#27;[m : File Action "GetAbsolutePath" successfully performed. With the following test data "Relative Folder Path: "src/test/resources/testDataFiles/Schemas/ValidationError_schema.json"".
2023-02-07 10:59:29.471 &amp#27;[32m INFO&amp#27;[m &amp#27;[35m[@503 - main]&amp#27;[m &amp#27;[36mcom.shaft.tools.io.ReportManager&amp#27;[m : File Action "DoesFileExist" successfully performed. With the following test data "File Path: "C:\eclipse-workspace\MyProjects\TASystemsAPIs\src\test\resources\testDataFiles\Schemas\ValidationError_schema.json"".
2023-02-07 10:59:29.471 &amp#27;[32m INFO&amp#27;[m &amp#27;[35m[@503 - main]&amp#27;[m &amp#27;[36mcom.shaft.tools.io.ReportManager&amp#27;[m : File Action "GetAbsolutePath" successfully performed. With the following test data "Relative Folder Path: "C:\eclipse-workspace\MyProjects\TASystemsAPIs\src\test\resources\testDataFiles\Schemas\ValidationError_schema.json"".
2023-02-07 10:59:29.471 &amp#27;[32m INFO&amp#27;[m &amp#27;[35m[@503 - main]&amp#27;[m &amp#27;[36mcom.shaft.tools.io.ReportManager&amp#27;[m : File Action "ReadFile" successfully performed. With the following test data "File Path: "C:\eclipse-workspace\MyProjects\TASystemsAPIs\src\test\resources\testDataFiles\Schemas\ValidationError_schema.json"".
2023-02-07 10:59:29.474 &amp#27;[32m INFO&amp#27;[m &amp#27;[35m[@503 - main]&amp#27;[m &amp#27;[36mcom.shaft.tools.io.ReportManager&amp#27;[m : Successfully created attachment "Validation Test Data - Expected JSON Value"
2023-02-07 10:59:29.475 &amp#27;[32m INFO&amp#27;[m &amp#27;[35m[@503 - main]&amp#27;[m &amp#27;[36mcom.shaft.tools.io.ReportManager&amp#27;[m : Successfully created attachment "Validation Test Data - Actual JSON Value"
2023-02-07 10:59:29.475 &amp#27;[32m INFO&amp#27;[m &amp#27;[35m[@503 - main]&amp#27;[m &amp#27;[36mcom.shaft.tools.io.ReportManager&amp#27;[m : Successfully created attachment "SHAFT Engine Logs - Current Method log: Add_Policy_With_Missing_Keys_TC"
]]></system-out>
  </testcase>
  <testcase name="Add_Policy_With_Missing_Keys_TC[[Ljava.lang.Object;@4eb9ff14](19)" classname="SteeringCompanyAPI_TestCases.Test_Policies_Cases" time="2.412">
    <system-out><![CDATA[2023-02-07 10:59:29.477 &amp#27;[32m INFO&amp#27;[m &amp#27;[35m[@534 - main]&amp#27;[m &amp#27;[36mcom.shaft.tools.io.ReportManager&amp#27;[m : 
################################################################################################################################################
Starting Execution:	"181 out of 107" test cases in the current suite
Test Method:		"SteeringCompanyAPI_TestCases.Test_Policies_Cases.Add_Policy_With_Missing_Keys_TC"
Test Description:	"TC050 -Policy- Perform Add Policy with Missing Keys"
################################################################################################################################################
2023-02-07 10:59:29.477 &amp#27;[32m INFO&amp#27;[m &amp#27;[35m[@503 - main]&amp#27;[m &amp#27;[36mcom.shaft.tools.io.ReportManager&amp#27;[m : File Action "DoesFileExist" successfully performed. With the following test data "File Path: "SteeringCompanyAPI_TestData/SteeringCompanyAPI_TestData.xlsx"".
2023-02-07 10:59:29.491 &amp#27;[32m INFO&amp#27;[m &amp#27;[35m[@503 - main]&amp#27;[m &amp#27;[36mcom.shaft.tools.io.ReportManager&amp#27;[m : Successfully created attachment "Test Data - Excel"
2023-02-07 10:59:30.122 &amp#27;[32m INFO&amp#27;[m &amp#27;[35m[@503 - main]&amp#27;[m &amp#27;[36mcom.shaft.tools.io.ReportManager&amp#27;[m : Response status code: "200", status line: "HTTP/1.1 200 OK"
2023-02-07 10:59:30.132 &amp#27;[32m INFO&amp#27;[m &amp#27;[35m[@503 - main]&amp#27;[m &amp#27;[36mcom.shaft.tools.io.ReportManager&amp#27;[m : Successfully created attachment "API Request - Specifications"
2023-02-07 10:59:30.135 &amp#27;[32m INFO&amp#27;[m &amp#27;[35m[@503 - main]&amp#27;[m &amp#27;[36mcom.shaft.tools.io.ReportManager&amp#27;[m : Successfully created attachment "API Request - Body"
2023-02-07 10:59:30.136 &amp#27;[32m INFO&amp#27;[m &amp#27;[35m[@503 - main]&amp#27;[m &amp#27;[36mcom.shaft.tools.io.ReportManager&amp#27;[m : Successfully created attachment "API Response - JSON Body"
2023-02-07 10:59:30.142 &amp#27;[32m INFO&amp#27;[m &amp#27;[35m[@503 - main]&amp#27;[m &amp#27;[36mcom.shaft.tools.io.ReportManager&amp#27;[m : File Action "DoesFileExist" successfully performed. With the following test data "File Path: "SteeringCompanyAPI_TestData/SteeringCompanyAPI_TestData.xlsx"".
2023-02-07 10:59:30.155 &amp#27;[32m INFO&amp#27;[m &amp#27;[35m[@503 - main]&amp#27;[m &amp#27;[36mcom.shaft.tools.io.ReportManager&amp#27;[m : Successfully created attachment "Test Data - Excel"
2023-02-07 10:59:30.156 &amp#27;[32m INFO&amp#27;[m &amp#27;[35m[@503 - main]&amp#27;[m &amp#27;[36mcom.shaft.tools.io.ReportManager&amp#27;[m : File Action "DoesFileExist" successfully performed. With the following test data "File Path: "SteeringCompanyAPI_TestData/SteeringCompanyAPI_TestData.xlsx"".
2023-02-07 10:59:30.171 &amp#27;[32m INFO&amp#27;[m &amp#27;[35m[@503 - main]&amp#27;[m &amp#27;[36mcom.shaft.tools.io.ReportManager&amp#27;[m : Successfully created attachment "Test Data - Excel"
2023-02-07 10:59:30.171 &amp#27;[32m INFO&amp#27;[m &amp#27;[35m[@503 - main]&amp#27;[m &amp#27;[36mcom.shaft.tools.io.ReportManager&amp#27;[m : File Action "DoesFileExist" successfully performed. With the following test data "File Path: "SteeringCompanyAPI_TestData/SteeringCompanyAPI_TestData.xlsx"".
2023-02-07 10:59:30.185 &amp#27;[32m INFO&amp#27;[m &amp#27;[35m[@503 - main]&amp#27;[m &amp#27;[36mcom.shaft.tools.io.ReportManager&amp#27;[m : Successfully created attachment "Test Data - Excel"
2023-02-07 10:59:31.868 &amp#27;[32m INFO&amp#27;[m &amp#27;[35m[@503 - main]&amp#27;[m &amp#27;[36mcom.shaft.tools.io.ReportManager&amp#27;[m : Response status code: "422", status line: "HTTP/1.1 422 "
2023-02-07 10:59:31.878 &amp#27;[32m INFO&amp#27;[m &amp#27;[35m[@503 - main]&amp#27;[m &amp#27;[36mcom.shaft.tools.io.ReportManager&amp#27;[m : Successfully created attachment "API Request - Specifications"
2023-02-07 10:59:31.878 &amp#27;[32m INFO&amp#27;[m &amp#27;[35m[@503 - main]&amp#27;[m &amp#27;[36mcom.shaft.tools.io.ReportManager&amp#27;[m : Successfully created attachment "API Request - JSON Body"
2023-02-07 10:59:31.881 &amp#27;[32m INFO&amp#27;[m &amp#27;[35m[@503 - main]&amp#27;[m &amp#27;[36mcom.shaft.tools.io.ReportManager&amp#27;[m : Successfully created attachment "API Response - JSON Body"
2023-02-07 10:59:31.882 &amp#27;[32m INFO&amp#27;[m &amp#27;[35m[@503 - main]&amp#27;[m &amp#27;[36mcom.shaft.tools.io.ReportManager&amp#27;[m : File Action "DoesFileExist" successfully performed. With the following test data "File Path: "Schemas/ValidationError_schema.json"".
2023-02-07 10:59:31.882 &amp#27;[32m INFO&amp#27;[m &amp#27;[35m[@503 - main]&amp#27;[m &amp#27;[36mcom.shaft.tools.io.ReportManager&amp#27;[m : File Action "DoesFileExist" successfully performed. With the following test data "File Path: "src/test/resources/testDataFiles/Schemas/ValidationError_schema.json"".
2023-02-07 10:59:31.882 &amp#27;[32m INFO&amp#27;[m &amp#27;[35m[@503 - main]&amp#27;[m &amp#27;[36mcom.shaft.tools.io.ReportManager&amp#27;[m : File Action "GetAbsolutePath" successfully performed. With the following test data "Relative Folder Path: "src/test/resources/testDataFiles/Schemas/ValidationError_schema.json"".
2023-02-07 10:59:31.883 &amp#27;[32m INFO&amp#27;[m &amp#27;[35m[@503 - main]&amp#27;[m &amp#27;[36mcom.shaft.tools.io.ReportManager&amp#27;[m : File Action "DoesFileExist" successfully performed. With the following test data "File Path: "C:\eclipse-workspace\MyProjects\TASystemsAPIs\src\test\resources\testDataFiles\Schemas\ValidationError_schema.json"".
2023-02-07 10:59:31.883 &amp#27;[32m INFO&amp#27;[m &amp#27;[35m[@503 - main]&amp#27;[m &amp#27;[36mcom.shaft.tools.io.ReportManager&amp#27;[m : File Action "GetAbsolutePath" successfully performed. With the following test data "Relative Folder Path: "C:\eclipse-workspace\MyProjects\TASystemsAPIs\src\test\resources\testDataFiles\Schemas\ValidationError_schema.json"".
2023-02-07 10:59:31.883 &amp#27;[32m INFO&amp#27;[m &amp#27;[35m[@503 - main]&amp#27;[m &amp#27;[36mcom.shaft.tools.io.ReportManager&amp#27;[m : File Action "ReadFile" successfully performed. With the following test data "File Path: "C:\eclipse-workspace\MyProjects\TASystemsAPIs\src\test\resources\testDataFiles\Schemas\ValidationError_schema.json"".
2023-02-07 10:59:31.884 &amp#27;[32m INFO&amp#27;[m &amp#27;[35m[@503 - main]&amp#27;[m &amp#27;[36mcom.shaft.tools.io.ReportManager&amp#27;[m : Successfully created attachment "Validation Test Data - Expected JSON Value"
2023-02-07 10:59:31.886 &amp#27;[32m INFO&amp#27;[m &amp#27;[35m[@503 - main]&amp#27;[m &amp#27;[36mcom.shaft.tools.io.ReportManager&amp#27;[m : Successfully created attachment "Validation Test Data - Actual JSON Value"
2023-02-07 10:59:31.887 &amp#27;[32m INFO&amp#27;[m &amp#27;[35m[@503 - main]&amp#27;[m &amp#27;[36mcom.shaft.tools.io.ReportManager&amp#27;[m : Successfully created attachment "SHAFT Engine Logs - Current Method log: Add_Policy_With_Missing_Keys_TC"
]]></system-out>
  </testcase>
  <testcase name="Add_Policy_With_Missing_Keys_TC[[Ljava.lang.Object;@774de03d](20)" classname="SteeringCompanyAPI_TestCases.Test_Policies_Cases" time="1.226">
    <system-out><![CDATA[2023-02-07 10:59:31.889 &amp#27;[32m INFO&amp#27;[m &amp#27;[35m[@534 - main]&amp#27;[m &amp#27;[36mcom.shaft.tools.io.ReportManager&amp#27;[m : 
################################################################################################################################################
Starting Execution:	"182 out of 107" test cases in the current suite
Test Method:		"SteeringCompanyAPI_TestCases.Test_Policies_Cases.Add_Policy_With_Missing_Keys_TC"
Test Description:	"TC050 -Policy- Perform Add Policy with Missing Keys"
################################################################################################################################################
2023-02-07 10:59:31.889 &amp#27;[32m INFO&amp#27;[m &amp#27;[35m[@503 - main]&amp#27;[m &amp#27;[36mcom.shaft.tools.io.ReportManager&amp#27;[m : File Action "DoesFileExist" successfully performed. With the following test data "File Path: "SteeringCompanyAPI_TestData/SteeringCompanyAPI_TestData.xlsx"".
2023-02-07 10:59:31.904 &amp#27;[32m INFO&amp#27;[m &amp#27;[35m[@503 - main]&amp#27;[m &amp#27;[36mcom.shaft.tools.io.ReportManager&amp#27;[m : Successfully created attachment "Test Data - Excel"
2023-02-07 10:59:32.531 &amp#27;[32m INFO&amp#27;[m &amp#27;[35m[@503 - main]&amp#27;[m &amp#27;[36mcom.shaft.tools.io.ReportManager&amp#27;[m : Response status code: "200", status line: "HTTP/1.1 200 OK"
2023-02-07 10:59:32.538 &amp#27;[32m INFO&amp#27;[m &amp#27;[35m[@503 - main]&amp#27;[m &amp#27;[36mcom.shaft.tools.io.ReportManager&amp#27;[m : Successfully created attachment "API Request - Specifications"
2023-02-07 10:59:32.541 &amp#27;[32m INFO&amp#27;[m &amp#27;[35m[@503 - main]&amp#27;[m &amp#27;[36mcom.shaft.tools.io.ReportManager&amp#27;[m : Successfully created attachment "API Request - Body"
2023-02-07 10:59:32.541 &amp#27;[32m INFO&amp#27;[m &amp#27;[35m[@503 - main]&amp#27;[m &amp#27;[36mcom.shaft.tools.io.ReportManager&amp#27;[m : Successfully created attachment "API Response - JSON Body"
2023-02-07 10:59:32.547 &amp#27;[32m INFO&amp#27;[m &amp#27;[35m[@503 - main]&amp#27;[m &amp#27;[36mcom.shaft.tools.io.ReportManager&amp#27;[m : File Action "DoesFileExist" successfully performed. With the following test data "File Path: "SteeringCompanyAPI_TestData/SteeringCompanyAPI_TestData.xlsx"".
2023-02-07 10:59:32.562 &amp#27;[32m INFO&amp#27;[m &amp#27;[35m[@503 - main]&amp#27;[m &amp#27;[36mcom.shaft.tools.io.ReportManager&amp#27;[m : Successfully created attachment "Test Data - Excel"
2023-02-07 10:59:32.563 &amp#27;[32m INFO&amp#27;[m &amp#27;[35m[@503 - main]&amp#27;[m &amp#27;[36mcom.shaft.tools.io.ReportManager&amp#27;[m : File Action "DoesFileExist" successfully performed. With the following test data "File Path: "SteeringCompanyAPI_TestData/SteeringCompanyAPI_TestData.xlsx"".
2023-02-07 10:59:32.588 &amp#27;[32m INFO&amp#27;[m &amp#27;[35m[@503 - main]&amp#27;[m &amp#27;[36mcom.shaft.tools.io.ReportManager&amp#27;[m : Successfully created attachment "Test Data - Excel"
2023-02-07 10:59:32.588 &amp#27;[32m INFO&amp#27;[m &amp#27;[35m[@503 - main]&amp#27;[m &amp#27;[36mcom.shaft.tools.io.ReportManager&amp#27;[m : File Action "DoesFileExist" successfully performed. With the following test data "File Path: "SteeringCompanyAPI_TestData/SteeringCompanyAPI_TestData.xlsx"".
2023-02-07 10:59:32.602 &amp#27;[32m INFO&amp#27;[m &amp#27;[35m[@503 - main]&amp#27;[m &amp#27;[36mcom.shaft.tools.io.ReportManager&amp#27;[m : Successfully created attachment "Test Data - Excel"
2023-02-07 10:59:33.093 &amp#27;[32m INFO&amp#27;[m &amp#27;[35m[@503 - main]&amp#27;[m &amp#27;[36mcom.shaft.tools.io.ReportManager&amp#27;[m : Response status code: "422", status line: "HTTP/1.1 422 "
2023-02-07 10:59:33.103 &amp#27;[32m INFO&amp#27;[m &amp#27;[35m[@503 - main]&amp#27;[m &amp#27;[36mcom.shaft.tools.io.ReportManager&amp#27;[m : Successfully created attachment "API Request - Specifications"
2023-02-07 10:59:33.106 &amp#27;[32m INFO&amp#27;[m &amp#27;[35m[@503 - main]&amp#27;[m &amp#27;[36mcom.shaft.tools.io.ReportManager&amp#27;[m : Successfully created attachment "API Request - JSON Body"
2023-02-07 10:59:33.107 &amp#27;[32m INFO&amp#27;[m &amp#27;[35m[@503 - main]&amp#27;[m &amp#27;[36mcom.shaft.tools.io.ReportManager&amp#27;[m : Successfully created attachment "API Response - JSON Body"
2023-02-07 10:59:33.108 &amp#27;[32m INFO&amp#27;[m &amp#27;[35m[@503 - main]&amp#27;[m &amp#27;[36mcom.shaft.tools.io.ReportManager&amp#27;[m : File Action "DoesFileExist" successfully performed. With the following test data "File Path: "Schemas/ValidationError_schema.json"".
2023-02-07 10:59:33.108 &amp#27;[32m INFO&amp#27;[m &amp#27;[35m[@503 - main]&amp#27;[m &amp#27;[36mcom.shaft.tools.io.ReportManager&amp#27;[m : File Action "DoesFileExist" successfully performed. With the following test data "File Path: "src/test/resources/testDataFiles/Schemas/ValidationError_schema.json"".
2023-02-07 10:59:33.108 &amp#27;[32m INFO&amp#27;[m &amp#27;[35m[@503 - main]&amp#27;[m &amp#27;[36mcom.shaft.tools.io.ReportManager&amp#27;[m : File Action "GetAbsolutePath" successfully performed. With the following test data "Relative Folder Path: "src/test/resources/testDataFiles/Schemas/ValidationError_schema.json"".
2023-02-07 10:59:33.110 &amp#27;[32m INFO&amp#27;[m &amp#27;[35m[@503 - main]&amp#27;[m &amp#27;[36mcom.shaft.tools.io.ReportManager&amp#27;[m : File Action "DoesFileExist" successfully performed. With the following test data "File Path: "C:\eclipse-workspace\MyProjects\TASystemsAPIs\src\test\resources\testDataFiles\Schemas\ValidationError_schema.json"".
2023-02-07 10:59:33.110 &amp#27;[32m INFO&amp#27;[m &amp#27;[35m[@503 - main]&amp#27;[m &amp#27;[36mcom.shaft.tools.io.ReportManager&amp#27;[m : File Action "GetAbsolutePath" successfully performed. With the following test data "Relative Folder Path: "C:\eclipse-workspace\MyProjects\TASystemsAPIs\src\test\resources\testDataFiles\Schemas\ValidationError_schema.json"".
2023-02-07 10:59:33.110 &amp#27;[32m INFO&amp#27;[m &amp#27;[35m[@503 - main]&amp#27;[m &amp#27;[36mcom.shaft.tools.io.ReportManager&amp#27;[m : File Action "ReadFile" successfully performed. With the following test data "File Path: "C:\eclipse-workspace\MyProjects\TASystemsAPIs\src\test\resources\testDataFiles\Schemas\ValidationError_schema.json"".
2023-02-07 10:59:33.111 &amp#27;[32m INFO&amp#27;[m &amp#27;[35m[@503 - main]&amp#27;[m &amp#27;[36mcom.shaft.tools.io.ReportManager&amp#27;[m : Successfully created attachment "Validation Test Data - Expected JSON Value"
2023-02-07 10:59:33.112 &amp#27;[32m INFO&amp#27;[m &amp#27;[35m[@503 - main]&amp#27;[m &amp#27;[36mcom.shaft.tools.io.ReportManager&amp#27;[m : Successfully created attachment "Validation Test Data - Actual JSON Value"
2023-02-07 10:59:33.112 &amp#27;[32m INFO&amp#27;[m &amp#27;[35m[@503 - main]&amp#27;[m &amp#27;[36mcom.shaft.tools.io.ReportManager&amp#27;[m : Successfully created attachment "SHAFT Engine Logs - Current Method log: Add_Policy_With_Missing_Keys_TC"
]]></system-out>
  </testcase>
  <testcase name="Add_Policy_With_Missing_Keys_TC[[Ljava.lang.Object;@5be57032](21)" classname="SteeringCompanyAPI_TestCases.Test_Policies_Cases" time="1.273">
    <system-out><![CDATA[2023-02-07 10:59:33.114 &amp#27;[32m INFO&amp#27;[m &amp#27;[35m[@534 - main]&amp#27;[m &amp#27;[36mcom.shaft.tools.io.ReportManager&amp#27;[m : 
################################################################################################################################################
Starting Execution:	"183 out of 107" test cases in the current suite
Test Method:		"SteeringCompanyAPI_TestCases.Test_Policies_Cases.Add_Policy_With_Missing_Keys_TC"
Test Description:	"TC050 -Policy- Perform Add Policy with Missing Keys"
################################################################################################################################################
2023-02-07 10:59:33.114 &amp#27;[32m INFO&amp#27;[m &amp#27;[35m[@503 - main]&amp#27;[m &amp#27;[36mcom.shaft.tools.io.ReportManager&amp#27;[m : File Action "DoesFileExist" successfully performed. With the following test data "File Path: "SteeringCompanyAPI_TestData/SteeringCompanyAPI_TestData.xlsx"".
2023-02-07 10:59:33.127 &amp#27;[32m INFO&amp#27;[m &amp#27;[35m[@503 - main]&amp#27;[m &amp#27;[36mcom.shaft.tools.io.ReportManager&amp#27;[m : Successfully created attachment "Test Data - Excel"
2023-02-07 10:59:33.752 &amp#27;[32m INFO&amp#27;[m &amp#27;[35m[@503 - main]&amp#27;[m &amp#27;[36mcom.shaft.tools.io.ReportManager&amp#27;[m : Response status code: "200", status line: "HTTP/1.1 200 OK"
2023-02-07 10:59:33.763 &amp#27;[32m INFO&amp#27;[m &amp#27;[35m[@503 - main]&amp#27;[m &amp#27;[36mcom.shaft.tools.io.ReportManager&amp#27;[m : Successfully created attachment "API Request - Specifications"
2023-02-07 10:59:33.763 &amp#27;[32m INFO&amp#27;[m &amp#27;[35m[@503 - main]&amp#27;[m &amp#27;[36mcom.shaft.tools.io.ReportManager&amp#27;[m : Successfully created attachment "API Request - Body"
2023-02-07 10:59:33.764 &amp#27;[32m INFO&amp#27;[m &amp#27;[35m[@503 - main]&amp#27;[m &amp#27;[36mcom.shaft.tools.io.ReportManager&amp#27;[m : Successfully created attachment "API Response - JSON Body"
2023-02-07 10:59:33.771 &amp#27;[32m INFO&amp#27;[m &amp#27;[35m[@503 - main]&amp#27;[m &amp#27;[36mcom.shaft.tools.io.ReportManager&amp#27;[m : File Action "DoesFileExist" successfully performed. With the following test data "File Path: "SteeringCompanyAPI_TestData/SteeringCompanyAPI_TestData.xlsx"".
2023-02-07 10:59:33.808 &amp#27;[32m INFO&amp#27;[m &amp#27;[35m[@503 - main]&amp#27;[m &amp#27;[36mcom.shaft.tools.io.ReportManager&amp#27;[m : Successfully created attachment "Test Data - Excel"
2023-02-07 10:59:33.808 &amp#27;[32m INFO&amp#27;[m &amp#27;[35m[@503 - main]&amp#27;[m &amp#27;[36mcom.shaft.tools.io.ReportManager&amp#27;[m : File Action "DoesFileExist" successfully performed. With the following test data "File Path: "SteeringCompanyAPI_TestData/SteeringCompanyAPI_TestData.xlsx"".
2023-02-07 10:59:33.842 &amp#27;[32m INFO&amp#27;[m &amp#27;[35m[@503 - main]&amp#27;[m &amp#27;[36mcom.shaft.tools.io.ReportManager&amp#27;[m : Successfully created attachment "Test Data - Excel"
2023-02-07 10:59:33.842 &amp#27;[32m INFO&amp#27;[m &amp#27;[35m[@503 - main]&amp#27;[m &amp#27;[36mcom.shaft.tools.io.ReportManager&amp#27;[m : File Action "DoesFileExist" successfully performed. With the following test data "File Path: "SteeringCompanyAPI_TestData/SteeringCompanyAPI_TestData.xlsx"".
2023-02-07 10:59:33.870 &amp#27;[32m INFO&amp#27;[m &amp#27;[35m[@503 - main]&amp#27;[m &amp#27;[36mcom.shaft.tools.io.ReportManager&amp#27;[m : Successfully created attachment "Test Data - Excel"
2023-02-07 10:59:34.354 &amp#27;[32m INFO&amp#27;[m &amp#27;[35m[@503 - main]&amp#27;[m &amp#27;[36mcom.shaft.tools.io.ReportManager&amp#27;[m : Response status code: "422", status line: "HTTP/1.1 422 "
2023-02-07 10:59:34.369 &amp#27;[32m INFO&amp#27;[m &amp#27;[35m[@503 - main]&amp#27;[m &amp#27;[36mcom.shaft.tools.io.ReportManager&amp#27;[m : Successfully created attachment "API Request - Specifications"
2023-02-07 10:59:34.369 &amp#27;[32m INFO&amp#27;[m &amp#27;[35m[@503 - main]&amp#27;[m &amp#27;[36mcom.shaft.tools.io.ReportManager&amp#27;[m : Successfully created attachment "API Request - JSON Body"
2023-02-07 10:59:34.370 &amp#27;[32m INFO&amp#27;[m &amp#27;[35m[@503 - main]&amp#27;[m &amp#27;[36mcom.shaft.tools.io.ReportManager&amp#27;[m : Successfully created attachment "API Response - JSON Body"
2023-02-07 10:59:34.371 &amp#27;[32m INFO&amp#27;[m &amp#27;[35m[@503 - main]&amp#27;[m &amp#27;[36mcom.shaft.tools.io.ReportManager&amp#27;[m : File Action "DoesFileExist" successfully performed. With the following test data "File Path: "Schemas/ValidationError_schema.json"".
2023-02-07 10:59:34.371 &amp#27;[32m INFO&amp#27;[m &amp#27;[35m[@503 - main]&amp#27;[m &amp#27;[36mcom.shaft.tools.io.ReportManager&amp#27;[m : File Action "DoesFileExist" successfully performed. With the following test data "File Path: "src/test/resources/testDataFiles/Schemas/ValidationError_schema.json"".
2023-02-07 10:59:34.372 &amp#27;[32m INFO&amp#27;[m &amp#27;[35m[@503 - main]&amp#27;[m &amp#27;[36mcom.shaft.tools.io.ReportManager&amp#27;[m : File Action "GetAbsolutePath" successfully performed. With the following test data "Relative Folder Path: "src/test/resources/testDataFiles/Schemas/ValidationError_schema.json"".
2023-02-07 10:59:34.375 &amp#27;[32m INFO&amp#27;[m &amp#27;[35m[@503 - main]&amp#27;[m &amp#27;[36mcom.shaft.tools.io.ReportManager&amp#27;[m : File Action "DoesFileExist" successfully performed. With the following test data "File Path: "C:\eclipse-workspace\MyProjects\TASystemsAPIs\src\test\resources\testDataFiles\Schemas\ValidationError_schema.json"".
2023-02-07 10:59:34.375 &amp#27;[32m INFO&amp#27;[m &amp#27;[35m[@503 - main]&amp#27;[m &amp#27;[36mcom.shaft.tools.io.ReportManager&amp#27;[m : File Action "GetAbsolutePath" successfully performed. With the following test data "Relative Folder Path: "C:\eclipse-workspace\MyProjects\TASystemsAPIs\src\test\resources\testDataFiles\Schemas\ValidationError_schema.json"".
2023-02-07 10:59:34.375 &amp#27;[32m INFO&amp#27;[m &amp#27;[35m[@503 - main]&amp#27;[m &amp#27;[36mcom.shaft.tools.io.ReportManager&amp#27;[m : File Action "ReadFile" successfully performed. With the following test data "File Path: "C:\eclipse-workspace\MyProjects\TASystemsAPIs\src\test\resources\testDataFiles\Schemas\ValidationError_schema.json"".
2023-02-07 10:59:34.382 &amp#27;[32m INFO&amp#27;[m &amp#27;[35m[@503 - main]&amp#27;[m &amp#27;[36mcom.shaft.tools.io.ReportManager&amp#27;[m : Successfully created attachment "Validation Test Data - Expected JSON Value"
2023-02-07 10:59:34.383 &amp#27;[32m INFO&amp#27;[m &amp#27;[35m[@503 - main]&amp#27;[m &amp#27;[36mcom.shaft.tools.io.ReportManager&amp#27;[m : Successfully created attachment "Validation Test Data - Actual JSON Value"
2023-02-07 10:59:34.385 &amp#27;[32m INFO&amp#27;[m &amp#27;[35m[@503 - main]&amp#27;[m &amp#27;[36mcom.shaft.tools.io.ReportManager&amp#27;[m : Successfully created attachment "SHAFT Engine Logs - Current Method log: Add_Policy_With_Missing_Keys_TC"
]]></system-out>
  </testcase>
  <testcase name="Add_Policy_With_Missing_Keys_TC[[Ljava.lang.Object;@5ccb3b0](22)" classname="SteeringCompanyAPI_TestCases.Test_Policies_Cases" time="1.228">
    <system-out><![CDATA[2023-02-07 10:59:34.388 &amp#27;[32m INFO&amp#27;[m &amp#27;[35m[@534 - main]&amp#27;[m &amp#27;[36mcom.shaft.tools.io.ReportManager&amp#27;[m : 
################################################################################################################################################
Starting Execution:	"184 out of 107" test cases in the current suite
Test Method:		"SteeringCompanyAPI_TestCases.Test_Policies_Cases.Add_Policy_With_Missing_Keys_TC"
Test Description:	"TC050 -Policy- Perform Add Policy with Missing Keys"
################################################################################################################################################
2023-02-07 10:59:34.388 &amp#27;[32m INFO&amp#27;[m &amp#27;[35m[@503 - main]&amp#27;[m &amp#27;[36mcom.shaft.tools.io.ReportManager&amp#27;[m : File Action "DoesFileExist" successfully performed. With the following test data "File Path: "SteeringCompanyAPI_TestData/SteeringCompanyAPI_TestData.xlsx"".
2023-02-07 10:59:34.421 &amp#27;[32m INFO&amp#27;[m &amp#27;[35m[@503 - main]&amp#27;[m &amp#27;[36mcom.shaft.tools.io.ReportManager&amp#27;[m : Successfully created attachment "Test Data - Excel"
2023-02-07 10:59:35.043 &amp#27;[32m INFO&amp#27;[m &amp#27;[35m[@503 - main]&amp#27;[m &amp#27;[36mcom.shaft.tools.io.ReportManager&amp#27;[m : Response status code: "200", status line: "HTTP/1.1 200 OK"
2023-02-07 10:59:35.055 &amp#27;[32m INFO&amp#27;[m &amp#27;[35m[@503 - main]&amp#27;[m &amp#27;[36mcom.shaft.tools.io.ReportManager&amp#27;[m : Successfully created attachment "API Request - Specifications"
2023-02-07 10:59:35.056 &amp#27;[32m INFO&amp#27;[m &amp#27;[35m[@503 - main]&amp#27;[m &amp#27;[36mcom.shaft.tools.io.ReportManager&amp#27;[m : Successfully created attachment "API Request - Body"
2023-02-07 10:59:35.058 &amp#27;[32m INFO&amp#27;[m &amp#27;[35m[@503 - main]&amp#27;[m &amp#27;[36mcom.shaft.tools.io.ReportManager&amp#27;[m : Successfully created attachment "API Response - JSON Body"
2023-02-07 10:59:35.064 &amp#27;[32m INFO&amp#27;[m &amp#27;[35m[@503 - main]&amp#27;[m &amp#27;[36mcom.shaft.tools.io.ReportManager&amp#27;[m : File Action "DoesFileExist" successfully performed. With the following test data "File Path: "SteeringCompanyAPI_TestData/SteeringCompanyAPI_TestData.xlsx"".
2023-02-07 10:59:35.081 &amp#27;[32m INFO&amp#27;[m &amp#27;[35m[@503 - main]&amp#27;[m &amp#27;[36mcom.shaft.tools.io.ReportManager&amp#27;[m : Successfully created attachment "Test Data - Excel"
2023-02-07 10:59:35.081 &amp#27;[32m INFO&amp#27;[m &amp#27;[35m[@503 - main]&amp#27;[m &amp#27;[36mcom.shaft.tools.io.ReportManager&amp#27;[m : File Action "DoesFileExist" successfully performed. With the following test data "File Path: "SteeringCompanyAPI_TestData/SteeringCompanyAPI_TestData.xlsx"".
2023-02-07 10:59:35.097 &amp#27;[32m INFO&amp#27;[m &amp#27;[35m[@503 - main]&amp#27;[m &amp#27;[36mcom.shaft.tools.io.ReportManager&amp#27;[m : Successfully created attachment "Test Data - Excel"
2023-02-07 10:59:35.097 &amp#27;[32m INFO&amp#27;[m &amp#27;[35m[@503 - main]&amp#27;[m &amp#27;[36mcom.shaft.tools.io.ReportManager&amp#27;[m : File Action "DoesFileExist" successfully performed. With the following test data "File Path: "SteeringCompanyAPI_TestData/SteeringCompanyAPI_TestData.xlsx"".
2023-02-07 10:59:35.113 &amp#27;[32m INFO&amp#27;[m &amp#27;[35m[@503 - main]&amp#27;[m &amp#27;[36mcom.shaft.tools.io.ReportManager&amp#27;[m : Successfully created attachment "Test Data - Excel"
2023-02-07 10:59:35.598 &amp#27;[32m INFO&amp#27;[m &amp#27;[35m[@503 - main]&amp#27;[m &amp#27;[36mcom.shaft.tools.io.ReportManager&amp#27;[m : Response status code: "422", status line: "HTTP/1.1 422 "
2023-02-07 10:59:35.608 &amp#27;[32m INFO&amp#27;[m &amp#27;[35m[@503 - main]&amp#27;[m &amp#27;[36mcom.shaft.tools.io.ReportManager&amp#27;[m : Successfully created attachment "API Request - Specifications"
2023-02-07 10:59:35.608 &amp#27;[32m INFO&amp#27;[m &amp#27;[35m[@503 - main]&amp#27;[m &amp#27;[36mcom.shaft.tools.io.ReportManager&amp#27;[m : Successfully created attachment "API Request - JSON Body"
2023-02-07 10:59:35.609 &amp#27;[32m INFO&amp#27;[m &amp#27;[35m[@503 - main]&amp#27;[m &amp#27;[36mcom.shaft.tools.io.ReportManager&amp#27;[m : Successfully created attachment "API Response - JSON Body"
2023-02-07 10:59:35.609 &amp#27;[32m INFO&amp#27;[m &amp#27;[35m[@503 - main]&amp#27;[m &amp#27;[36mcom.shaft.tools.io.ReportManager&amp#27;[m : File Action "DoesFileExist" successfully performed. With the following test data "File Path: "Schemas/ValidationError_schema.json"".
2023-02-07 10:59:35.609 &amp#27;[32m INFO&amp#27;[m &amp#27;[35m[@503 - main]&amp#27;[m &amp#27;[36mcom.shaft.tools.io.ReportManager&amp#27;[m : File Action "DoesFileExist" successfully performed. With the following test data "File Path: "src/test/resources/testDataFiles/Schemas/ValidationError_schema.json"".
2023-02-07 10:59:35.609 &amp#27;[32m INFO&amp#27;[m &amp#27;[35m[@503 - main]&amp#27;[m &amp#27;[36mcom.shaft.tools.io.ReportManager&amp#27;[m : File Action "GetAbsolutePath" successfully performed. With the following test data "Relative Folder Path: "src/test/resources/testDataFiles/Schemas/ValidationError_schema.json"".
2023-02-07 10:59:35.611 &amp#27;[32m INFO&amp#27;[m &amp#27;[35m[@503 - main]&amp#27;[m &amp#27;[36mcom.shaft.tools.io.ReportManager&amp#27;[m : File Action "DoesFileExist" successfully performed. With the following test data "File Path: "C:\eclipse-workspace\MyProjects\TASystemsAPIs\src\test\resources\testDataFiles\Schemas\ValidationError_schema.json"".
2023-02-07 10:59:35.611 &amp#27;[32m INFO&amp#27;[m &amp#27;[35m[@503 - main]&amp#27;[m &amp#27;[36mcom.shaft.tools.io.ReportManager&amp#27;[m : File Action "GetAbsolutePath" successfully performed. With the following test data "Relative Folder Path: "C:\eclipse-workspace\MyProjects\TASystemsAPIs\src\test\resources\testDataFiles\Schemas\ValidationError_schema.json"".
2023-02-07 10:59:35.611 &amp#27;[32m INFO&amp#27;[m &amp#27;[35m[@503 - main]&amp#27;[m &amp#27;[36mcom.shaft.tools.io.ReportManager&amp#27;[m : File Action "ReadFile" successfully performed. With the following test data "File Path: "C:\eclipse-workspace\MyProjects\TASystemsAPIs\src\test\resources\testDataFiles\Schemas\ValidationError_schema.json"".
2023-02-07 10:59:35.613 &amp#27;[32m INFO&amp#27;[m &amp#27;[35m[@503 - main]&amp#27;[m &amp#27;[36mcom.shaft.tools.io.ReportManager&amp#27;[m : Successfully created attachment "Validation Test Data - Expected JSON Value"
2023-02-07 10:59:35.613 &amp#27;[32m INFO&amp#27;[m &amp#27;[35m[@503 - main]&amp#27;[m &amp#27;[36mcom.shaft.tools.io.ReportManager&amp#27;[m : Successfully created attachment "Validation Test Data - Actual JSON Value"
2023-02-07 10:59:35.614 &amp#27;[32m INFO&amp#27;[m &amp#27;[35m[@503 - main]&amp#27;[m &amp#27;[36mcom.shaft.tools.io.ReportManager&amp#27;[m : Successfully created attachment "SHAFT Engine Logs - Current Method log: Add_Policy_With_Missing_Keys_TC"
]]></system-out>
  </testcase>
  <testcase name="Add_Policy_With_Missing_Keys_TC[[Ljava.lang.Object;@7f452789](23)" classname="SteeringCompanyAPI_TestCases.Test_Policies_Cases" time="1.194">
    <system-out><![CDATA[2023-02-07 10:59:35.616 &amp#27;[32m INFO&amp#27;[m &amp#27;[35m[@534 - main]&amp#27;[m &amp#27;[36mcom.shaft.tools.io.ReportManager&amp#27;[m : 
################################################################################################################################################
Starting Execution:	"185 out of 107" test cases in the current suite
Test Method:		"SteeringCompanyAPI_TestCases.Test_Policies_Cases.Add_Policy_With_Missing_Keys_TC"
Test Description:	"TC050 -Policy- Perform Add Policy with Missing Keys"
################################################################################################################################################
2023-02-07 10:59:35.616 &amp#27;[32m INFO&amp#27;[m &amp#27;[35m[@503 - main]&amp#27;[m &amp#27;[36mcom.shaft.tools.io.ReportManager&amp#27;[m : File Action "DoesFileExist" successfully performed. With the following test data "File Path: "SteeringCompanyAPI_TestData/SteeringCompanyAPI_TestData.xlsx"".
2023-02-07 10:59:35.635 &amp#27;[32m INFO&amp#27;[m &amp#27;[35m[@503 - main]&amp#27;[m &amp#27;[36mcom.shaft.tools.io.ReportManager&amp#27;[m : Successfully created attachment "Test Data - Excel"
2023-02-07 10:59:36.238 &amp#27;[32m INFO&amp#27;[m &amp#27;[35m[@503 - main]&amp#27;[m &amp#27;[36mcom.shaft.tools.io.ReportManager&amp#27;[m : Response status code: "200", status line: "HTTP/1.1 200 OK"
2023-02-07 10:59:36.247 &amp#27;[32m INFO&amp#27;[m &amp#27;[35m[@503 - main]&amp#27;[m &amp#27;[36mcom.shaft.tools.io.ReportManager&amp#27;[m : Successfully created attachment "API Request - Specifications"
2023-02-07 10:59:36.247 &amp#27;[32m INFO&amp#27;[m &amp#27;[35m[@503 - main]&amp#27;[m &amp#27;[36mcom.shaft.tools.io.ReportManager&amp#27;[m : Successfully created attachment "API Request - Body"
2023-02-07 10:59:36.248 &amp#27;[32m INFO&amp#27;[m &amp#27;[35m[@503 - main]&amp#27;[m &amp#27;[36mcom.shaft.tools.io.ReportManager&amp#27;[m : Successfully created attachment "API Response - JSON Body"
2023-02-07 10:59:36.253 &amp#27;[32m INFO&amp#27;[m &amp#27;[35m[@503 - main]&amp#27;[m &amp#27;[36mcom.shaft.tools.io.ReportManager&amp#27;[m : File Action "DoesFileExist" successfully performed. With the following test data "File Path: "SteeringCompanyAPI_TestData/SteeringCompanyAPI_TestData.xlsx"".
2023-02-07 10:59:36.271 &amp#27;[32m INFO&amp#27;[m &amp#27;[35m[@503 - main]&amp#27;[m &amp#27;[36mcom.shaft.tools.io.ReportManager&amp#27;[m : Successfully created attachment "Test Data - Excel"
2023-02-07 10:59:36.271 &amp#27;[32m INFO&amp#27;[m &amp#27;[35m[@503 - main]&amp#27;[m &amp#27;[36mcom.shaft.tools.io.ReportManager&amp#27;[m : File Action "DoesFileExist" successfully performed. With the following test data "File Path: "SteeringCompanyAPI_TestData/SteeringCompanyAPI_TestData.xlsx"".
2023-02-07 10:59:36.287 &amp#27;[32m INFO&amp#27;[m &amp#27;[35m[@503 - main]&amp#27;[m &amp#27;[36mcom.shaft.tools.io.ReportManager&amp#27;[m : Successfully created attachment "Test Data - Excel"
2023-02-07 10:59:36.287 &amp#27;[32m INFO&amp#27;[m &amp#27;[35m[@503 - main]&amp#27;[m &amp#27;[36mcom.shaft.tools.io.ReportManager&amp#27;[m : File Action "DoesFileExist" successfully performed. With the following test data "File Path: "SteeringCompanyAPI_TestData/SteeringCompanyAPI_TestData.xlsx"".
2023-02-07 10:59:36.302 &amp#27;[32m INFO&amp#27;[m &amp#27;[35m[@503 - main]&amp#27;[m &amp#27;[36mcom.shaft.tools.io.ReportManager&amp#27;[m : Successfully created attachment "Test Data - Excel"
2023-02-07 10:59:36.787 &amp#27;[32m INFO&amp#27;[m &amp#27;[35m[@503 - main]&amp#27;[m &amp#27;[36mcom.shaft.tools.io.ReportManager&amp#27;[m : Response status code: "422", status line: "HTTP/1.1 422 "
2023-02-07 10:59:36.798 &amp#27;[32m INFO&amp#27;[m &amp#27;[35m[@503 - main]&amp#27;[m &amp#27;[36mcom.shaft.tools.io.ReportManager&amp#27;[m : Successfully created attachment "API Request - Specifications"
2023-02-07 10:59:36.799 &amp#27;[32m INFO&amp#27;[m &amp#27;[35m[@503 - main]&amp#27;[m &amp#27;[36mcom.shaft.tools.io.ReportManager&amp#27;[m : Successfully created attachment "API Request - JSON Body"
2023-02-07 10:59:36.802 &amp#27;[32m INFO&amp#27;[m &amp#27;[35m[@503 - main]&amp#27;[m &amp#27;[36mcom.shaft.tools.io.ReportManager&amp#27;[m : Successfully created attachment "API Response - JSON Body"
2023-02-07 10:59:36.802 &amp#27;[32m INFO&amp#27;[m &amp#27;[35m[@503 - main]&amp#27;[m &amp#27;[36mcom.shaft.tools.io.ReportManager&amp#27;[m : File Action "DoesFileExist" successfully performed. With the following test data "File Path: "Schemas/ValidationError_schema.json"".
2023-02-07 10:59:36.802 &amp#27;[32m INFO&amp#27;[m &amp#27;[35m[@503 - main]&amp#27;[m &amp#27;[36mcom.shaft.tools.io.ReportManager&amp#27;[m : File Action "DoesFileExist" successfully performed. With the following test data "File Path: "src/test/resources/testDataFiles/Schemas/ValidationError_schema.json"".
2023-02-07 10:59:36.802 &amp#27;[32m INFO&amp#27;[m &amp#27;[35m[@503 - main]&amp#27;[m &amp#27;[36mcom.shaft.tools.io.ReportManager&amp#27;[m : File Action "GetAbsolutePath" successfully performed. With the following test data "Relative Folder Path: "src/test/resources/testDataFiles/Schemas/ValidationError_schema.json"".
2023-02-07 10:59:36.804 &amp#27;[32m INFO&amp#27;[m &amp#27;[35m[@503 - main]&amp#27;[m &amp#27;[36mcom.shaft.tools.io.ReportManager&amp#27;[m : File Action "DoesFileExist" successfully performed. With the following test data "File Path: "C:\eclipse-workspace\MyProjects\TASystemsAPIs\src\test\resources\testDataFiles\Schemas\ValidationError_schema.json"".
2023-02-07 10:59:36.804 &amp#27;[32m INFO&amp#27;[m &amp#27;[35m[@503 - main]&amp#27;[m &amp#27;[36mcom.shaft.tools.io.ReportManager&amp#27;[m : File Action "GetAbsolutePath" successfully performed. With the following test data "Relative Folder Path: "C:\eclipse-workspace\MyProjects\TASystemsAPIs\src\test\resources\testDataFiles\Schemas\ValidationError_schema.json"".
2023-02-07 10:59:36.804 &amp#27;[32m INFO&amp#27;[m &amp#27;[35m[@503 - main]&amp#27;[m &amp#27;[36mcom.shaft.tools.io.ReportManager&amp#27;[m : File Action "ReadFile" successfully performed. With the following test data "File Path: "C:\eclipse-workspace\MyProjects\TASystemsAPIs\src\test\resources\testDataFiles\Schemas\ValidationError_schema.json"".
2023-02-07 10:59:36.805 &amp#27;[32m INFO&amp#27;[m &amp#27;[35m[@503 - main]&amp#27;[m &amp#27;[36mcom.shaft.tools.io.ReportManager&amp#27;[m : Successfully created attachment "Validation Test Data - Expected JSON Value"
2023-02-07 10:59:36.805 &amp#27;[32m INFO&amp#27;[m &amp#27;[35m[@503 - main]&amp#27;[m &amp#27;[36mcom.shaft.tools.io.ReportManager&amp#27;[m : Successfully created attachment "Validation Test Data - Actual JSON Value"
2023-02-07 10:59:36.807 &amp#27;[32m INFO&amp#27;[m &amp#27;[35m[@503 - main]&amp#27;[m &amp#27;[36mcom.shaft.tools.io.ReportManager&amp#27;[m : Successfully created attachment "SHAFT Engine Logs - Current Method log: Add_Policy_With_Missing_Keys_TC"
]]></system-out>
  </testcase>
  <testcase name="Add_Policy_With_Missing_Keys_TC[[Ljava.lang.Object;@1d9212d8](24)" classname="SteeringCompanyAPI_TestCases.Test_Policies_Cases" time="2.127">
    <system-out><![CDATA[2023-02-07 10:59:36.810 &amp#27;[32m INFO&amp#27;[m &amp#27;[35m[@534 - main]&amp#27;[m &amp#27;[36mcom.shaft.tools.io.ReportManager&amp#27;[m : 
################################################################################################################################################
Starting Execution:	"186 out of 107" test cases in the current suite
Test Method:		"SteeringCompanyAPI_TestCases.Test_Policies_Cases.Add_Policy_With_Missing_Keys_TC"
Test Description:	"TC050 -Policy- Perform Add Policy with Missing Keys"
################################################################################################################################################
2023-02-07 10:59:36.810 &amp#27;[32m INFO&amp#27;[m &amp#27;[35m[@503 - main]&amp#27;[m &amp#27;[36mcom.shaft.tools.io.ReportManager&amp#27;[m : File Action "DoesFileExist" successfully performed. With the following test data "File Path: "SteeringCompanyAPI_TestData/SteeringCompanyAPI_TestData.xlsx"".
2023-02-07 10:59:36.824 &amp#27;[32m INFO&amp#27;[m &amp#27;[35m[@503 - main]&amp#27;[m &amp#27;[36mcom.shaft.tools.io.ReportManager&amp#27;[m : Successfully created attachment "Test Data - Excel"
2023-02-07 10:59:37.487 &amp#27;[32m INFO&amp#27;[m &amp#27;[35m[@503 - main]&amp#27;[m &amp#27;[36mcom.shaft.tools.io.ReportManager&amp#27;[m : Response status code: "200", status line: "HTTP/1.1 200 OK"
2023-02-07 10:59:37.498 &amp#27;[32m INFO&amp#27;[m &amp#27;[35m[@503 - main]&amp#27;[m &amp#27;[36mcom.shaft.tools.io.ReportManager&amp#27;[m : Successfully created attachment "API Request - Specifications"
2023-02-07 10:59:37.500 &amp#27;[32m INFO&amp#27;[m &amp#27;[35m[@503 - main]&amp#27;[m &amp#27;[36mcom.shaft.tools.io.ReportManager&amp#27;[m : Successfully created attachment "API Request - Body"
2023-02-07 10:59:37.501 &amp#27;[32m INFO&amp#27;[m &amp#27;[35m[@503 - main]&amp#27;[m &amp#27;[36mcom.shaft.tools.io.ReportManager&amp#27;[m : Successfully created attachment "API Response - JSON Body"
2023-02-07 10:59:37.507 &amp#27;[32m INFO&amp#27;[m &amp#27;[35m[@503 - main]&amp#27;[m &amp#27;[36mcom.shaft.tools.io.ReportManager&amp#27;[m : File Action "DoesFileExist" successfully performed. With the following test data "File Path: "SteeringCompanyAPI_TestData/SteeringCompanyAPI_TestData.xlsx"".
2023-02-07 10:59:37.532 &amp#27;[32m INFO&amp#27;[m &amp#27;[35m[@503 - main]&amp#27;[m &amp#27;[36mcom.shaft.tools.io.ReportManager&amp#27;[m : Successfully created attachment "Test Data - Excel"
2023-02-07 10:59:37.532 &amp#27;[32m INFO&amp#27;[m &amp#27;[35m[@503 - main]&amp#27;[m &amp#27;[36mcom.shaft.tools.io.ReportManager&amp#27;[m : File Action "DoesFileExist" successfully performed. With the following test data "File Path: "SteeringCompanyAPI_TestData/SteeringCompanyAPI_TestData.xlsx"".
2023-02-07 10:59:37.546 &amp#27;[32m INFO&amp#27;[m &amp#27;[35m[@503 - main]&amp#27;[m &amp#27;[36mcom.shaft.tools.io.ReportManager&amp#27;[m : Successfully created attachment "Test Data - Excel"
2023-02-07 10:59:37.546 &amp#27;[32m INFO&amp#27;[m &amp#27;[35m[@503 - main]&amp#27;[m &amp#27;[36mcom.shaft.tools.io.ReportManager&amp#27;[m : File Action "DoesFileExist" successfully performed. With the following test data "File Path: "SteeringCompanyAPI_TestData/SteeringCompanyAPI_TestData.xlsx"".
2023-02-07 10:59:37.562 &amp#27;[32m INFO&amp#27;[m &amp#27;[35m[@503 - main]&amp#27;[m &amp#27;[36mcom.shaft.tools.io.ReportManager&amp#27;[m : Successfully created attachment "Test Data - Excel"
2023-02-07 10:59:38.902 &amp#27;[32m INFO&amp#27;[m &amp#27;[35m[@503 - main]&amp#27;[m &amp#27;[36mcom.shaft.tools.io.ReportManager&amp#27;[m : Response status code: "422", status line: "HTTP/1.1 422 "
2023-02-07 10:59:38.917 &amp#27;[32m INFO&amp#27;[m &amp#27;[35m[@503 - main]&amp#27;[m &amp#27;[36mcom.shaft.tools.io.ReportManager&amp#27;[m : Successfully created attachment "API Request - Specifications"
2023-02-07 10:59:38.919 &amp#27;[32m INFO&amp#27;[m &amp#27;[35m[@503 - main]&amp#27;[m &amp#27;[36mcom.shaft.tools.io.ReportManager&amp#27;[m : Successfully created attachment "API Request - JSON Body"
2023-02-07 10:59:38.920 &amp#27;[32m INFO&amp#27;[m &amp#27;[35m[@503 - main]&amp#27;[m &amp#27;[36mcom.shaft.tools.io.ReportManager&amp#27;[m : Successfully created attachment "API Response - JSON Body"
2023-02-07 10:59:38.921 &amp#27;[32m INFO&amp#27;[m &amp#27;[35m[@503 - main]&amp#27;[m &amp#27;[36mcom.shaft.tools.io.ReportManager&amp#27;[m : File Action "DoesFileExist" successfully performed. With the following test data "File Path: "Schemas/ValidationError_schema.json"".
2023-02-07 10:59:38.921 &amp#27;[32m INFO&amp#27;[m &amp#27;[35m[@503 - main]&amp#27;[m &amp#27;[36mcom.shaft.tools.io.ReportManager&amp#27;[m : File Action "DoesFileExist" successfully performed. With the following test data "File Path: "src/test/resources/testDataFiles/Schemas/ValidationError_schema.json"".
2023-02-07 10:59:38.921 &amp#27;[32m INFO&amp#27;[m &amp#27;[35m[@503 - main]&amp#27;[m &amp#27;[36mcom.shaft.tools.io.ReportManager&amp#27;[m : File Action "GetAbsolutePath" successfully performed. With the following test data "Relative Folder Path: "src/test/resources/testDataFiles/Schemas/ValidationError_schema.json"".
2023-02-07 10:59:38.924 &amp#27;[32m INFO&amp#27;[m &amp#27;[35m[@503 - main]&amp#27;[m &amp#27;[36mcom.shaft.tools.io.ReportManager&amp#27;[m : File Action "DoesFileExist" successfully performed. With the following test data "File Path: "C:\eclipse-workspace\MyProjects\TASystemsAPIs\src\test\resources\testDataFiles\Schemas\ValidationError_schema.json"".
2023-02-07 10:59:38.925 &amp#27;[32m INFO&amp#27;[m &amp#27;[35m[@503 - main]&amp#27;[m &amp#27;[36mcom.shaft.tools.io.ReportManager&amp#27;[m : File Action "GetAbsolutePath" successfully performed. With the following test data "Relative Folder Path: "C:\eclipse-workspace\MyProjects\TASystemsAPIs\src\test\resources\testDataFiles\Schemas\ValidationError_schema.json"".
2023-02-07 10:59:38.925 &amp#27;[32m INFO&amp#27;[m &amp#27;[35m[@503 - main]&amp#27;[m &amp#27;[36mcom.shaft.tools.io.ReportManager&amp#27;[m : File Action "ReadFile" successfully performed. With the following test data "File Path: "C:\eclipse-workspace\MyProjects\TASystemsAPIs\src\test\resources\testDataFiles\Schemas\ValidationError_schema.json"".
2023-02-07 10:59:38.928 &amp#27;[32m INFO&amp#27;[m &amp#27;[35m[@503 - main]&amp#27;[m &amp#27;[36mcom.shaft.tools.io.ReportManager&amp#27;[m : Successfully created attachment "Validation Test Data - Expected JSON Value"
2023-02-07 10:59:38.931 &amp#27;[32m INFO&amp#27;[m &amp#27;[35m[@503 - main]&amp#27;[m &amp#27;[36mcom.shaft.tools.io.ReportManager&amp#27;[m : Successfully created attachment "Validation Test Data - Actual JSON Value"
2023-02-07 10:59:38.933 &amp#27;[32m INFO&amp#27;[m &amp#27;[35m[@503 - main]&amp#27;[m &amp#27;[36mcom.shaft.tools.io.ReportManager&amp#27;[m : Successfully created attachment "SHAFT Engine Logs - Current Method log: Add_Policy_With_Missing_Keys_TC"
]]></system-out>
  </testcase>
  <testcase name="Add_Policy_With_Missing_Keys_TC[[Ljava.lang.Object;@5ce1739c](25)" classname="SteeringCompanyAPI_TestCases.Test_Policies_Cases" time="1.338">
    <system-out><![CDATA[2023-02-07 10:59:38.939 &amp#27;[32m INFO&amp#27;[m &amp#27;[35m[@534 - main]&amp#27;[m &amp#27;[36mcom.shaft.tools.io.ReportManager&amp#27;[m : 
################################################################################################################################################
Starting Execution:	"187 out of 107" test cases in the current suite
Test Method:		"SteeringCompanyAPI_TestCases.Test_Policies_Cases.Add_Policy_With_Missing_Keys_TC"
Test Description:	"TC050 -Policy- Perform Add Policy with Missing Keys"
################################################################################################################################################
2023-02-07 10:59:38.940 &amp#27;[32m INFO&amp#27;[m &amp#27;[35m[@503 - main]&amp#27;[m &amp#27;[36mcom.shaft.tools.io.ReportManager&amp#27;[m : File Action "DoesFileExist" successfully performed. With the following test data "File Path: "SteeringCompanyAPI_TestData/SteeringCompanyAPI_TestData.xlsx"".
2023-02-07 10:59:38.980 &amp#27;[32m INFO&amp#27;[m &amp#27;[35m[@503 - main]&amp#27;[m &amp#27;[36mcom.shaft.tools.io.ReportManager&amp#27;[m : Successfully created attachment "Test Data - Excel"
2023-02-07 10:59:39.601 &amp#27;[32m INFO&amp#27;[m &amp#27;[35m[@503 - main]&amp#27;[m &amp#27;[36mcom.shaft.tools.io.ReportManager&amp#27;[m : Response status code: "200", status line: "HTTP/1.1 200 OK"
2023-02-07 10:59:39.620 &amp#27;[32m INFO&amp#27;[m &amp#27;[35m[@503 - main]&amp#27;[m &amp#27;[36mcom.shaft.tools.io.ReportManager&amp#27;[m : Successfully created attachment "API Request - Specifications"
2023-02-07 10:59:39.622 &amp#27;[32m INFO&amp#27;[m &amp#27;[35m[@503 - main]&amp#27;[m &amp#27;[36mcom.shaft.tools.io.ReportManager&amp#27;[m : Successfully created attachment "API Request - Body"
2023-02-07 10:59:39.623 &amp#27;[32m INFO&amp#27;[m &amp#27;[35m[@503 - main]&amp#27;[m &amp#27;[36mcom.shaft.tools.io.ReportManager&amp#27;[m : Successfully created attachment "API Response - JSON Body"
2023-02-07 10:59:39.640 &amp#27;[32m INFO&amp#27;[m &amp#27;[35m[@503 - main]&amp#27;[m &amp#27;[36mcom.shaft.tools.io.ReportManager&amp#27;[m : File Action "DoesFileExist" successfully performed. With the following test data "File Path: "SteeringCompanyAPI_TestData/SteeringCompanyAPI_TestData.xlsx"".
2023-02-07 10:59:39.668 &amp#27;[32m INFO&amp#27;[m &amp#27;[35m[@503 - main]&amp#27;[m &amp#27;[36mcom.shaft.tools.io.ReportManager&amp#27;[m : Successfully created attachment "Test Data - Excel"
2023-02-07 10:59:39.668 &amp#27;[32m INFO&amp#27;[m &amp#27;[35m[@503 - main]&amp#27;[m &amp#27;[36mcom.shaft.tools.io.ReportManager&amp#27;[m : File Action "DoesFileExist" successfully performed. With the following test data "File Path: "SteeringCompanyAPI_TestData/SteeringCompanyAPI_TestData.xlsx"".
2023-02-07 10:59:39.686 &amp#27;[32m INFO&amp#27;[m &amp#27;[35m[@503 - main]&amp#27;[m &amp#27;[36mcom.shaft.tools.io.ReportManager&amp#27;[m : Successfully created attachment "Test Data - Excel"
2023-02-07 10:59:39.687 &amp#27;[32m INFO&amp#27;[m &amp#27;[35m[@503 - main]&amp#27;[m &amp#27;[36mcom.shaft.tools.io.ReportManager&amp#27;[m : File Action "DoesFileExist" successfully performed. With the following test data "File Path: "SteeringCompanyAPI_TestData/SteeringCompanyAPI_TestData.xlsx"".
2023-02-07 10:59:39.719 &amp#27;[32m INFO&amp#27;[m &amp#27;[35m[@503 - main]&amp#27;[m &amp#27;[36mcom.shaft.tools.io.ReportManager&amp#27;[m : Successfully created attachment "Test Data - Excel"
2023-02-07 10:59:40.220 &amp#27;[32m INFO&amp#27;[m &amp#27;[35m[@503 - main]&amp#27;[m &amp#27;[36mcom.shaft.tools.io.ReportManager&amp#27;[m : Response status code: "422", status line: "HTTP/1.1 422 "
2023-02-07 10:59:40.251 &amp#27;[32m INFO&amp#27;[m &amp#27;[35m[@503 - main]&amp#27;[m &amp#27;[36mcom.shaft.tools.io.ReportManager&amp#27;[m : Successfully created attachment "API Request - Specifications"
2023-02-07 10:59:40.252 &amp#27;[32m INFO&amp#27;[m &amp#27;[35m[@503 - main]&amp#27;[m &amp#27;[36mcom.shaft.tools.io.ReportManager&amp#27;[m : Successfully created attachment "API Request - JSON Body"
2023-02-07 10:59:40.254 &amp#27;[32m INFO&amp#27;[m &amp#27;[35m[@503 - main]&amp#27;[m &amp#27;[36mcom.shaft.tools.io.ReportManager&amp#27;[m : Successfully created attachment "API Response - JSON Body"
2023-02-07 10:59:40.256 &amp#27;[32m INFO&amp#27;[m &amp#27;[35m[@503 - main]&amp#27;[m &amp#27;[36mcom.shaft.tools.io.ReportManager&amp#27;[m : File Action "DoesFileExist" successfully performed. With the following test data "File Path: "Schemas/ValidationError_schema.json"".
2023-02-07 10:59:40.256 &amp#27;[32m INFO&amp#27;[m &amp#27;[35m[@503 - main]&amp#27;[m &amp#27;[36mcom.shaft.tools.io.ReportManager&amp#27;[m : File Action "DoesFileExist" successfully performed. With the following test data "File Path: "src/test/resources/testDataFiles/Schemas/ValidationError_schema.json"".
2023-02-07 10:59:40.257 &amp#27;[32m INFO&amp#27;[m &amp#27;[35m[@503 - main]&amp#27;[m &amp#27;[36mcom.shaft.tools.io.ReportManager&amp#27;[m : File Action "GetAbsolutePath" successfully performed. With the following test data "Relative Folder Path: "src/test/resources/testDataFiles/Schemas/ValidationError_schema.json"".
2023-02-07 10:59:40.264 &amp#27;[32m INFO&amp#27;[m &amp#27;[35m[@503 - main]&amp#27;[m &amp#27;[36mcom.shaft.tools.io.ReportManager&amp#27;[m : File Action "DoesFileExist" successfully performed. With the following test data "File Path: "C:\eclipse-workspace\MyProjects\TASystemsAPIs\src\test\resources\testDataFiles\Schemas\ValidationError_schema.json"".
2023-02-07 10:59:40.264 &amp#27;[32m INFO&amp#27;[m &amp#27;[35m[@503 - main]&amp#27;[m &amp#27;[36mcom.shaft.tools.io.ReportManager&amp#27;[m : File Action "GetAbsolutePath" successfully performed. With the following test data "Relative Folder Path: "C:\eclipse-workspace\MyProjects\TASystemsAPIs\src\test\resources\testDataFiles\Schemas\ValidationError_schema.json"".
2023-02-07 10:59:40.265 &amp#27;[32m INFO&amp#27;[m &amp#27;[35m[@503 - main]&amp#27;[m &amp#27;[36mcom.shaft.tools.io.ReportManager&amp#27;[m : File Action "ReadFile" successfully performed. With the following test data "File Path: "C:\eclipse-workspace\MyProjects\TASystemsAPIs\src\test\resources\testDataFiles\Schemas\ValidationError_schema.json"".
2023-02-07 10:59:40.268 &amp#27;[32m INFO&amp#27;[m &amp#27;[35m[@503 - main]&amp#27;[m &amp#27;[36mcom.shaft.tools.io.ReportManager&amp#27;[m : Successfully created attachment "Validation Test Data - Expected JSON Value"
2023-02-07 10:59:40.270 &amp#27;[32m INFO&amp#27;[m &amp#27;[35m[@503 - main]&amp#27;[m &amp#27;[36mcom.shaft.tools.io.ReportManager&amp#27;[m : Successfully created attachment "Validation Test Data - Actual JSON Value"
2023-02-07 10:59:40.272 &amp#27;[32m INFO&amp#27;[m &amp#27;[35m[@503 - main]&amp#27;[m &amp#27;[36mcom.shaft.tools.io.ReportManager&amp#27;[m : Successfully created attachment "SHAFT Engine Logs - Current Method log: Add_Policy_With_Missing_Keys_TC"
]]></system-out>
  </testcase>
  <testcase name="Add_Policy_With_Missing_Keys_TC[[Ljava.lang.Object;@32d69f13](26)" classname="SteeringCompanyAPI_TestCases.Test_Policies_Cases" time="1.73">
    <system-out><![CDATA[2023-02-07 10:59:40.277 &amp#27;[32m INFO&amp#27;[m &amp#27;[35m[@534 - main]&amp#27;[m &amp#27;[36mcom.shaft.tools.io.ReportManager&amp#27;[m : 
################################################################################################################################################
Starting Execution:	"188 out of 107" test cases in the current suite
Test Method:		"SteeringCompanyAPI_TestCases.Test_Policies_Cases.Add_Policy_With_Missing_Keys_TC"
Test Description:	"TC050 -Policy- Perform Add Policy with Missing Keys"
################################################################################################################################################
2023-02-07 10:59:40.278 &amp#27;[32m INFO&amp#27;[m &amp#27;[35m[@503 - main]&amp#27;[m &amp#27;[36mcom.shaft.tools.io.ReportManager&amp#27;[m : File Action "DoesFileExist" successfully performed. With the following test data "File Path: "SteeringCompanyAPI_TestData/SteeringCompanyAPI_TestData.xlsx"".
2023-02-07 10:59:40.310 &amp#27;[32m INFO&amp#27;[m &amp#27;[35m[@503 - main]&amp#27;[m &amp#27;[36mcom.shaft.tools.io.ReportManager&amp#27;[m : Successfully created attachment "Test Data - Excel"
2023-02-07 10:59:41.300 &amp#27;[32m INFO&amp#27;[m &amp#27;[35m[@503 - main]&amp#27;[m &amp#27;[36mcom.shaft.tools.io.ReportManager&amp#27;[m : Response status code: "200", status line: "HTTP/1.1 200 OK"
2023-02-07 10:59:41.319 &amp#27;[32m INFO&amp#27;[m &amp#27;[35m[@503 - main]&amp#27;[m &amp#27;[36mcom.shaft.tools.io.ReportManager&amp#27;[m : Successfully created attachment "API Request - Specifications"
2023-02-07 10:59:41.320 &amp#27;[32m INFO&amp#27;[m &amp#27;[35m[@503 - main]&amp#27;[m &amp#27;[36mcom.shaft.tools.io.ReportManager&amp#27;[m : Successfully created attachment "API Request - Body"
2023-02-07 10:59:41.321 &amp#27;[32m INFO&amp#27;[m &amp#27;[35m[@503 - main]&amp#27;[m &amp#27;[36mcom.shaft.tools.io.ReportManager&amp#27;[m : Successfully created attachment "API Response - JSON Body"
2023-02-07 10:59:41.335 &amp#27;[32m INFO&amp#27;[m &amp#27;[35m[@503 - main]&amp#27;[m &amp#27;[36mcom.shaft.tools.io.ReportManager&amp#27;[m : File Action "DoesFileExist" successfully performed. With the following test data "File Path: "SteeringCompanyAPI_TestData/SteeringCompanyAPI_TestData.xlsx"".
2023-02-07 10:59:41.380 &amp#27;[32m INFO&amp#27;[m &amp#27;[35m[@503 - main]&amp#27;[m &amp#27;[36mcom.shaft.tools.io.ReportManager&amp#27;[m : Successfully created attachment "Test Data - Excel"
2023-02-07 10:59:41.381 &amp#27;[32m INFO&amp#27;[m &amp#27;[35m[@503 - main]&amp#27;[m &amp#27;[36mcom.shaft.tools.io.ReportManager&amp#27;[m : File Action "DoesFileExist" successfully performed. With the following test data "File Path: "SteeringCompanyAPI_TestData/SteeringCompanyAPI_TestData.xlsx"".
2023-02-07 10:59:41.409 &amp#27;[32m INFO&amp#27;[m &amp#27;[35m[@503 - main]&amp#27;[m &amp#27;[36mcom.shaft.tools.io.ReportManager&amp#27;[m : Successfully created attachment "Test Data - Excel"
2023-02-07 10:59:41.409 &amp#27;[32m INFO&amp#27;[m &amp#27;[35m[@503 - main]&amp#27;[m &amp#27;[36mcom.shaft.tools.io.ReportManager&amp#27;[m : File Action "DoesFileExist" successfully performed. With the following test data "File Path: "SteeringCompanyAPI_TestData/SteeringCompanyAPI_TestData.xlsx"".
2023-02-07 10:59:41.455 &amp#27;[32m INFO&amp#27;[m &amp#27;[35m[@503 - main]&amp#27;[m &amp#27;[36mcom.shaft.tools.io.ReportManager&amp#27;[m : Successfully created attachment "Test Data - Excel"
2023-02-07 10:59:41.964 &amp#27;[32m INFO&amp#27;[m &amp#27;[35m[@503 - main]&amp#27;[m &amp#27;[36mcom.shaft.tools.io.ReportManager&amp#27;[m : Response status code: "422", status line: "HTTP/1.1 422 "
2023-02-07 10:59:41.984 &amp#27;[32m INFO&amp#27;[m &amp#27;[35m[@503 - main]&amp#27;[m &amp#27;[36mcom.shaft.tools.io.ReportManager&amp#27;[m : Successfully created attachment "API Request - Specifications"
2023-02-07 10:59:41.988 &amp#27;[32m INFO&amp#27;[m &amp#27;[35m[@503 - main]&amp#27;[m &amp#27;[36mcom.shaft.tools.io.ReportManager&amp#27;[m : Successfully created attachment "API Request - JSON Body"
2023-02-07 10:59:41.989 &amp#27;[32m INFO&amp#27;[m &amp#27;[35m[@503 - main]&amp#27;[m &amp#27;[36mcom.shaft.tools.io.ReportManager&amp#27;[m : Successfully created attachment "API Response - JSON Body"
2023-02-07 10:59:41.991 &amp#27;[32m INFO&amp#27;[m &amp#27;[35m[@503 - main]&amp#27;[m &amp#27;[36mcom.shaft.tools.io.ReportManager&amp#27;[m : File Action "DoesFileExist" successfully performed. With the following test data "File Path: "Schemas/ValidationError_schema.json"".
2023-02-07 10:59:41.991 &amp#27;[32m INFO&amp#27;[m &amp#27;[35m[@503 - main]&amp#27;[m &amp#27;[36mcom.shaft.tools.io.ReportManager&amp#27;[m : File Action "DoesFileExist" successfully performed. With the following test data "File Path: "src/test/resources/testDataFiles/Schemas/ValidationError_schema.json"".
2023-02-07 10:59:41.991 &amp#27;[32m INFO&amp#27;[m &amp#27;[35m[@503 - main]&amp#27;[m &amp#27;[36mcom.shaft.tools.io.ReportManager&amp#27;[m : File Action "GetAbsolutePath" successfully performed. With the following test data "Relative Folder Path: "src/test/resources/testDataFiles/Schemas/ValidationError_schema.json"".
2023-02-07 10:59:41.995 &amp#27;[32m INFO&amp#27;[m &amp#27;[35m[@503 - main]&amp#27;[m &amp#27;[36mcom.shaft.tools.io.ReportManager&amp#27;[m : File Action "DoesFileExist" successfully performed. With the following test data "File Path: "C:\eclipse-workspace\MyProjects\TASystemsAPIs\src\test\resources\testDataFiles\Schemas\ValidationError_schema.json"".
2023-02-07 10:59:41.995 &amp#27;[32m INFO&amp#27;[m &amp#27;[35m[@503 - main]&amp#27;[m &amp#27;[36mcom.shaft.tools.io.ReportManager&amp#27;[m : File Action "GetAbsolutePath" successfully performed. With the following test data "Relative Folder Path: "C:\eclipse-workspace\MyProjects\TASystemsAPIs\src\test\resources\testDataFiles\Schemas\ValidationError_schema.json"".
2023-02-07 10:59:41.996 &amp#27;[32m INFO&amp#27;[m &amp#27;[35m[@503 - main]&amp#27;[m &amp#27;[36mcom.shaft.tools.io.ReportManager&amp#27;[m : File Action "ReadFile" successfully performed. With the following test data "File Path: "C:\eclipse-workspace\MyProjects\TASystemsAPIs\src\test\resources\testDataFiles\Schemas\ValidationError_schema.json"".
2023-02-07 10:59:42.000 &amp#27;[32m INFO&amp#27;[m &amp#27;[35m[@503 - main]&amp#27;[m &amp#27;[36mcom.shaft.tools.io.ReportManager&amp#27;[m : Successfully created attachment "Validation Test Data - Expected JSON Value"
2023-02-07 10:59:42.001 &amp#27;[32m INFO&amp#27;[m &amp#27;[35m[@503 - main]&amp#27;[m &amp#27;[36mcom.shaft.tools.io.ReportManager&amp#27;[m : Successfully created attachment "Validation Test Data - Actual JSON Value"
2023-02-07 10:59:42.003 &amp#27;[32m INFO&amp#27;[m &amp#27;[35m[@503 - main]&amp#27;[m &amp#27;[36mcom.shaft.tools.io.ReportManager&amp#27;[m : Successfully created attachment "SHAFT Engine Logs - Current Method log: Add_Policy_With_Missing_Keys_TC"
]]></system-out>
  </testcase>
  <testcase name="Add_Policy_With_Missing_Keys_TC[[Ljava.lang.Object;@6f9849a9](27)" classname="SteeringCompanyAPI_TestCases.Test_Policies_Cases" time="1.428">
    <system-out><![CDATA[2023-02-07 10:59:42.012 &amp#27;[32m INFO&amp#27;[m &amp#27;[35m[@534 - main]&amp#27;[m &amp#27;[36mcom.shaft.tools.io.ReportManager&amp#27;[m : 
################################################################################################################################################
Starting Execution:	"189 out of 107" test cases in the current suite
Test Method:		"SteeringCompanyAPI_TestCases.Test_Policies_Cases.Add_Policy_With_Missing_Keys_TC"
Test Description:	"TC050 -Policy- Perform Add Policy with Missing Keys"
################################################################################################################################################
2023-02-07 10:59:42.012 &amp#27;[32m INFO&amp#27;[m &amp#27;[35m[@503 - main]&amp#27;[m &amp#27;[36mcom.shaft.tools.io.ReportManager&amp#27;[m : File Action "DoesFileExist" successfully performed. With the following test data "File Path: "SteeringCompanyAPI_TestData/SteeringCompanyAPI_TestData.xlsx"".
2023-02-07 10:59:42.052 &amp#27;[32m INFO&amp#27;[m &amp#27;[35m[@503 - main]&amp#27;[m &amp#27;[36mcom.shaft.tools.io.ReportManager&amp#27;[m : Successfully created attachment "Test Data - Excel"
2023-02-07 10:59:42.724 &amp#27;[32m INFO&amp#27;[m &amp#27;[35m[@503 - main]&amp#27;[m &amp#27;[36mcom.shaft.tools.io.ReportManager&amp#27;[m : Response status code: "200", status line: "HTTP/1.1 200 OK"
2023-02-07 10:59:42.744 &amp#27;[32m INFO&amp#27;[m &amp#27;[35m[@503 - main]&amp#27;[m &amp#27;[36mcom.shaft.tools.io.ReportManager&amp#27;[m : Successfully created attachment "API Request - Specifications"
2023-02-07 10:59:42.747 &amp#27;[32m INFO&amp#27;[m &amp#27;[35m[@503 - main]&amp#27;[m &amp#27;[36mcom.shaft.tools.io.ReportManager&amp#27;[m : Successfully created attachment "API Request - Body"
2023-02-07 10:59:42.748 &amp#27;[32m INFO&amp#27;[m &amp#27;[35m[@503 - main]&amp#27;[m &amp#27;[36mcom.shaft.tools.io.ReportManager&amp#27;[m : Successfully created attachment "API Response - JSON Body"
2023-02-07 10:59:42.763 &amp#27;[32m INFO&amp#27;[m &amp#27;[35m[@503 - main]&amp#27;[m &amp#27;[36mcom.shaft.tools.io.ReportManager&amp#27;[m : File Action "DoesFileExist" successfully performed. With the following test data "File Path: "SteeringCompanyAPI_TestData/SteeringCompanyAPI_TestData.xlsx"".
2023-02-07 10:59:42.810 &amp#27;[32m INFO&amp#27;[m &amp#27;[35m[@503 - main]&amp#27;[m &amp#27;[36mcom.shaft.tools.io.ReportManager&amp#27;[m : Successfully created attachment "Test Data - Excel"
2023-02-07 10:59:42.811 &amp#27;[32m INFO&amp#27;[m &amp#27;[35m[@503 - main]&amp#27;[m &amp#27;[36mcom.shaft.tools.io.ReportManager&amp#27;[m : File Action "DoesFileExist" successfully performed. With the following test data "File Path: "SteeringCompanyAPI_TestData/SteeringCompanyAPI_TestData.xlsx"".
2023-02-07 10:59:42.845 &amp#27;[32m INFO&amp#27;[m &amp#27;[35m[@503 - main]&amp#27;[m &amp#27;[36mcom.shaft.tools.io.ReportManager&amp#27;[m : Successfully created attachment "Test Data - Excel"
2023-02-07 10:59:42.846 &amp#27;[32m INFO&amp#27;[m &amp#27;[35m[@503 - main]&amp#27;[m &amp#27;[36mcom.shaft.tools.io.ReportManager&amp#27;[m : File Action "DoesFileExist" successfully performed. With the following test data "File Path: "SteeringCompanyAPI_TestData/SteeringCompanyAPI_TestData.xlsx"".
2023-02-07 10:59:42.887 &amp#27;[32m INFO&amp#27;[m &amp#27;[35m[@503 - main]&amp#27;[m &amp#27;[36mcom.shaft.tools.io.ReportManager&amp#27;[m : Successfully created attachment "Test Data - Excel"
2023-02-07 10:59:43.397 &amp#27;[32m INFO&amp#27;[m &amp#27;[35m[@503 - main]&amp#27;[m &amp#27;[36mcom.shaft.tools.io.ReportManager&amp#27;[m : Response status code: "422", status line: "HTTP/1.1 422 "
2023-02-07 10:59:43.418 &amp#27;[32m INFO&amp#27;[m &amp#27;[35m[@503 - main]&amp#27;[m &amp#27;[36mcom.shaft.tools.io.ReportManager&amp#27;[m : Successfully created attachment "API Request - Specifications"
2023-02-07 10:59:43.420 &amp#27;[32m INFO&amp#27;[m &amp#27;[35m[@503 - main]&amp#27;[m &amp#27;[36mcom.shaft.tools.io.ReportManager&amp#27;[m : Successfully created attachment "API Request - JSON Body"
2023-02-07 10:59:43.421 &amp#27;[32m INFO&amp#27;[m &amp#27;[35m[@503 - main]&amp#27;[m &amp#27;[36mcom.shaft.tools.io.ReportManager&amp#27;[m : Successfully created attachment "API Response - JSON Body"
2023-02-07 10:59:43.423 &amp#27;[32m INFO&amp#27;[m &amp#27;[35m[@503 - main]&amp#27;[m &amp#27;[36mcom.shaft.tools.io.ReportManager&amp#27;[m : File Action "DoesFileExist" successfully performed. With the following test data "File Path: "Schemas/ValidationError_schema.json"".
2023-02-07 10:59:43.423 &amp#27;[32m INFO&amp#27;[m &amp#27;[35m[@503 - main]&amp#27;[m &amp#27;[36mcom.shaft.tools.io.ReportManager&amp#27;[m : File Action "DoesFileExist" successfully performed. With the following test data "File Path: "src/test/resources/testDataFiles/Schemas/ValidationError_schema.json"".
2023-02-07 10:59:43.423 &amp#27;[32m INFO&amp#27;[m &amp#27;[35m[@503 - main]&amp#27;[m &amp#27;[36mcom.shaft.tools.io.ReportManager&amp#27;[m : File Action "GetAbsolutePath" successfully performed. With the following test data "Relative Folder Path: "src/test/resources/testDataFiles/Schemas/ValidationError_schema.json"".
2023-02-07 10:59:43.427 &amp#27;[32m INFO&amp#27;[m &amp#27;[35m[@503 - main]&amp#27;[m &amp#27;[36mcom.shaft.tools.io.ReportManager&amp#27;[m : File Action "DoesFileExist" successfully performed. With the following test data "File Path: "C:\eclipse-workspace\MyProjects\TASystemsAPIs\src\test\resources\testDataFiles\Schemas\ValidationError_schema.json"".
2023-02-07 10:59:43.427 &amp#27;[32m INFO&amp#27;[m &amp#27;[35m[@503 - main]&amp#27;[m &amp#27;[36mcom.shaft.tools.io.ReportManager&amp#27;[m : File Action "GetAbsolutePath" successfully performed. With the following test data "Relative Folder Path: "C:\eclipse-workspace\MyProjects\TASystemsAPIs\src\test\resources\testDataFiles\Schemas\ValidationError_schema.json"".
2023-02-07 10:59:43.427 &amp#27;[32m INFO&amp#27;[m &amp#27;[35m[@503 - main]&amp#27;[m &amp#27;[36mcom.shaft.tools.io.ReportManager&amp#27;[m : File Action "ReadFile" successfully performed. With the following test data "File Path: "C:\eclipse-workspace\MyProjects\TASystemsAPIs\src\test\resources\testDataFiles\Schemas\ValidationError_schema.json"".
2023-02-07 10:59:43.431 &amp#27;[32m INFO&amp#27;[m &amp#27;[35m[@503 - main]&amp#27;[m &amp#27;[36mcom.shaft.tools.io.ReportManager&amp#27;[m : Successfully created attachment "Validation Test Data - Expected JSON Value"
2023-02-07 10:59:43.431 &amp#27;[32m INFO&amp#27;[m &amp#27;[35m[@503 - main]&amp#27;[m &amp#27;[36mcom.shaft.tools.io.ReportManager&amp#27;[m : Successfully created attachment "Validation Test Data - Actual JSON Value"
2023-02-07 10:59:43.432 &amp#27;[32m INFO&amp#27;[m &amp#27;[35m[@503 - main]&amp#27;[m &amp#27;[36mcom.shaft.tools.io.ReportManager&amp#27;[m : Successfully created attachment "SHAFT Engine Logs - Current Method log: Add_Policy_With_Missing_Keys_TC"
]]></system-out>
  </testcase>
  <testcase name="Add_Policy_With_Missing_Keys_TC[[Ljava.lang.Object;@17cbd7e6](28)" classname="SteeringCompanyAPI_TestCases.Test_Policies_Cases" time="1.386">
    <system-out><![CDATA[2023-02-07 10:59:43.436 &amp#27;[32m INFO&amp#27;[m &amp#27;[35m[@534 - main]&amp#27;[m &amp#27;[36mcom.shaft.tools.io.ReportManager&amp#27;[m : 
################################################################################################################################################
Starting Execution:	"190 out of 107" test cases in the current suite
Test Method:		"SteeringCompanyAPI_TestCases.Test_Policies_Cases.Add_Policy_With_Missing_Keys_TC"
Test Description:	"TC050 -Policy- Perform Add Policy with Missing Keys"
################################################################################################################################################
2023-02-07 10:59:43.437 &amp#27;[32m INFO&amp#27;[m &amp#27;[35m[@503 - main]&amp#27;[m &amp#27;[36mcom.shaft.tools.io.ReportManager&amp#27;[m : File Action "DoesFileExist" successfully performed. With the following test data "File Path: "SteeringCompanyAPI_TestData/SteeringCompanyAPI_TestData.xlsx"".
2023-02-07 10:59:43.470 &amp#27;[32m INFO&amp#27;[m &amp#27;[35m[@503 - main]&amp#27;[m &amp#27;[36mcom.shaft.tools.io.ReportManager&amp#27;[m : Successfully created attachment "Test Data - Excel"
2023-02-07 10:59:44.118 &amp#27;[32m INFO&amp#27;[m &amp#27;[35m[@503 - main]&amp#27;[m &amp#27;[36mcom.shaft.tools.io.ReportManager&amp#27;[m : Response status code: "200", status line: "HTTP/1.1 200 OK"
2023-02-07 10:59:44.142 &amp#27;[32m INFO&amp#27;[m &amp#27;[35m[@503 - main]&amp#27;[m &amp#27;[36mcom.shaft.tools.io.ReportManager&amp#27;[m : Successfully created attachment "API Request - Specifications"
2023-02-07 10:59:44.142 &amp#27;[32m INFO&amp#27;[m &amp#27;[35m[@503 - main]&amp#27;[m &amp#27;[36mcom.shaft.tools.io.ReportManager&amp#27;[m : Successfully created attachment "API Request - Body"
2023-02-07 10:59:44.143 &amp#27;[32m INFO&amp#27;[m &amp#27;[35m[@503 - main]&amp#27;[m &amp#27;[36mcom.shaft.tools.io.ReportManager&amp#27;[m : Successfully created attachment "API Response - JSON Body"
2023-02-07 10:59:44.156 &amp#27;[32m INFO&amp#27;[m &amp#27;[35m[@503 - main]&amp#27;[m &amp#27;[36mcom.shaft.tools.io.ReportManager&amp#27;[m : File Action "DoesFileExist" successfully performed. With the following test data "File Path: "SteeringCompanyAPI_TestData/SteeringCompanyAPI_TestData.xlsx"".
2023-02-07 10:59:44.178 &amp#27;[32m INFO&amp#27;[m &amp#27;[35m[@503 - main]&amp#27;[m &amp#27;[36mcom.shaft.tools.io.ReportManager&amp#27;[m : Successfully created attachment "Test Data - Excel"
2023-02-07 10:59:44.179 &amp#27;[32m INFO&amp#27;[m &amp#27;[35m[@503 - main]&amp#27;[m &amp#27;[36mcom.shaft.tools.io.ReportManager&amp#27;[m : File Action "DoesFileExist" successfully performed. With the following test data "File Path: "SteeringCompanyAPI_TestData/SteeringCompanyAPI_TestData.xlsx"".
2023-02-07 10:59:44.224 &amp#27;[32m INFO&amp#27;[m &amp#27;[35m[@503 - main]&amp#27;[m &amp#27;[36mcom.shaft.tools.io.ReportManager&amp#27;[m : Successfully created attachment "Test Data - Excel"
2023-02-07 10:59:44.224 &amp#27;[32m INFO&amp#27;[m &amp#27;[35m[@503 - main]&amp#27;[m &amp#27;[36mcom.shaft.tools.io.ReportManager&amp#27;[m : File Action "DoesFileExist" successfully performed. With the following test data "File Path: "SteeringCompanyAPI_TestData/SteeringCompanyAPI_TestData.xlsx"".
2023-02-07 10:59:44.278 &amp#27;[32m INFO&amp#27;[m &amp#27;[35m[@503 - main]&amp#27;[m &amp#27;[36mcom.shaft.tools.io.ReportManager&amp#27;[m : Successfully created attachment "Test Data - Excel"
2023-02-07 10:59:44.776 &amp#27;[32m INFO&amp#27;[m &amp#27;[35m[@503 - main]&amp#27;[m &amp#27;[36mcom.shaft.tools.io.ReportManager&amp#27;[m : Response status code: "422", status line: "HTTP/1.1 422 "
2023-02-07 10:59:44.795 &amp#27;[32m INFO&amp#27;[m &amp#27;[35m[@503 - main]&amp#27;[m &amp#27;[36mcom.shaft.tools.io.ReportManager&amp#27;[m : Successfully created attachment "API Request - Specifications"
2023-02-07 10:59:44.796 &amp#27;[32m INFO&amp#27;[m &amp#27;[35m[@503 - main]&amp#27;[m &amp#27;[36mcom.shaft.tools.io.ReportManager&amp#27;[m : Successfully created attachment "API Request - JSON Body"
2023-02-07 10:59:44.799 &amp#27;[32m INFO&amp#27;[m &amp#27;[35m[@503 - main]&amp#27;[m &amp#27;[36mcom.shaft.tools.io.ReportManager&amp#27;[m : Successfully created attachment "API Response - JSON Body"
2023-02-07 10:59:44.801 &amp#27;[32m INFO&amp#27;[m &amp#27;[35m[@503 - main]&amp#27;[m &amp#27;[36mcom.shaft.tools.io.ReportManager&amp#27;[m : File Action "DoesFileExist" successfully performed. With the following test data "File Path: "Schemas/ValidationError_schema.json"".
2023-02-07 10:59:44.802 &amp#27;[32m INFO&amp#27;[m &amp#27;[35m[@503 - main]&amp#27;[m &amp#27;[36mcom.shaft.tools.io.ReportManager&amp#27;[m : File Action "DoesFileExist" successfully performed. With the following test data "File Path: "src/test/resources/testDataFiles/Schemas/ValidationError_schema.json"".
2023-02-07 10:59:44.802 &amp#27;[32m INFO&amp#27;[m &amp#27;[35m[@503 - main]&amp#27;[m &amp#27;[36mcom.shaft.tools.io.ReportManager&amp#27;[m : File Action "GetAbsolutePath" successfully performed. With the following test data "Relative Folder Path: "src/test/resources/testDataFiles/Schemas/ValidationError_schema.json"".
2023-02-07 10:59:44.807 &amp#27;[32m INFO&amp#27;[m &amp#27;[35m[@503 - main]&amp#27;[m &amp#27;[36mcom.shaft.tools.io.ReportManager&amp#27;[m : File Action "DoesFileExist" successfully performed. With the following test data "File Path: "C:\eclipse-workspace\MyProjects\TASystemsAPIs\src\test\resources\testDataFiles\Schemas\ValidationError_schema.json"".
2023-02-07 10:59:44.808 &amp#27;[32m INFO&amp#27;[m &amp#27;[35m[@503 - main]&amp#27;[m &amp#27;[36mcom.shaft.tools.io.ReportManager&amp#27;[m : File Action "GetAbsolutePath" successfully performed. With the following test data "Relative Folder Path: "C:\eclipse-workspace\MyProjects\TASystemsAPIs\src\test\resources\testDataFiles\Schemas\ValidationError_schema.json"".
2023-02-07 10:59:44.811 &amp#27;[32m INFO&amp#27;[m &amp#27;[35m[@503 - main]&amp#27;[m &amp#27;[36mcom.shaft.tools.io.ReportManager&amp#27;[m : File Action "ReadFile" successfully performed. With the following test data "File Path: "C:\eclipse-workspace\MyProjects\TASystemsAPIs\src\test\resources\testDataFiles\Schemas\ValidationError_schema.json"".
2023-02-07 10:59:44.814 &amp#27;[32m INFO&amp#27;[m &amp#27;[35m[@503 - main]&amp#27;[m &amp#27;[36mcom.shaft.tools.io.ReportManager&amp#27;[m : Successfully created attachment "Validation Test Data - Expected JSON Value"
2023-02-07 10:59:44.816 &amp#27;[32m INFO&amp#27;[m &amp#27;[35m[@503 - main]&amp#27;[m &amp#27;[36mcom.shaft.tools.io.ReportManager&amp#27;[m : Successfully created attachment "Validation Test Data - Actual JSON Value"
2023-02-07 10:59:44.818 &amp#27;[32m INFO&amp#27;[m &amp#27;[35m[@503 - main]&amp#27;[m &amp#27;[36mcom.shaft.tools.io.ReportManager&amp#27;[m : Successfully created attachment "SHAFT Engine Logs - Current Method log: Add_Policy_With_Missing_Keys_TC"
]]></system-out>
  </testcase>
  <testcase name="Add_Policy_With_Missing_Keys_TC[[Ljava.lang.Object;@6671782f](29)" classname="SteeringCompanyAPI_TestCases.Test_Policies_Cases" time="1.356">
    <system-out><![CDATA[2023-02-07 10:59:44.824 &amp#27;[32m INFO&amp#27;[m &amp#27;[35m[@534 - main]&amp#27;[m &amp#27;[36mcom.shaft.tools.io.ReportManager&amp#27;[m : 
################################################################################################################################################
Starting Execution:	"191 out of 107" test cases in the current suite
Test Method:		"SteeringCompanyAPI_TestCases.Test_Policies_Cases.Add_Policy_With_Missing_Keys_TC"
Test Description:	"TC050 -Policy- Perform Add Policy with Missing Keys"
################################################################################################################################################
2023-02-07 10:59:44.825 &amp#27;[32m INFO&amp#27;[m &amp#27;[35m[@503 - main]&amp#27;[m &amp#27;[36mcom.shaft.tools.io.ReportManager&amp#27;[m : File Action "DoesFileExist" successfully performed. With the following test data "File Path: "SteeringCompanyAPI_TestData/SteeringCompanyAPI_TestData.xlsx"".
2023-02-07 10:59:44.882 &amp#27;[32m INFO&amp#27;[m &amp#27;[35m[@503 - main]&amp#27;[m &amp#27;[36mcom.shaft.tools.io.ReportManager&amp#27;[m : Successfully created attachment "Test Data - Excel"
2023-02-07 10:59:45.488 &amp#27;[32m INFO&amp#27;[m &amp#27;[35m[@503 - main]&amp#27;[m &amp#27;[36mcom.shaft.tools.io.ReportManager&amp#27;[m : Response status code: "200", status line: "HTTP/1.1 200 OK"
2023-02-07 10:59:45.506 &amp#27;[32m INFO&amp#27;[m &amp#27;[35m[@503 - main]&amp#27;[m &amp#27;[36mcom.shaft.tools.io.ReportManager&amp#27;[m : Successfully created attachment "API Request - Specifications"
2023-02-07 10:59:45.507 &amp#27;[32m INFO&amp#27;[m &amp#27;[35m[@503 - main]&amp#27;[m &amp#27;[36mcom.shaft.tools.io.ReportManager&amp#27;[m : Successfully created attachment "API Request - Body"
2023-02-07 10:59:45.510 &amp#27;[32m INFO&amp#27;[m &amp#27;[35m[@503 - main]&amp#27;[m &amp#27;[36mcom.shaft.tools.io.ReportManager&amp#27;[m : Successfully created attachment "API Response - JSON Body"
2023-02-07 10:59:45.530 &amp#27;[32m INFO&amp#27;[m &amp#27;[35m[@503 - main]&amp#27;[m &amp#27;[36mcom.shaft.tools.io.ReportManager&amp#27;[m : File Action "DoesFileExist" successfully performed. With the following test data "File Path: "SteeringCompanyAPI_TestData/SteeringCompanyAPI_TestData.xlsx"".
2023-02-07 10:59:45.551 &amp#27;[32m INFO&amp#27;[m &amp#27;[35m[@503 - main]&amp#27;[m &amp#27;[36mcom.shaft.tools.io.ReportManager&amp#27;[m : Successfully created attachment "Test Data - Excel"
2023-02-07 10:59:45.552 &amp#27;[32m INFO&amp#27;[m &amp#27;[35m[@503 - main]&amp#27;[m &amp#27;[36mcom.shaft.tools.io.ReportManager&amp#27;[m : File Action "DoesFileExist" successfully performed. With the following test data "File Path: "SteeringCompanyAPI_TestData/SteeringCompanyAPI_TestData.xlsx"".
2023-02-07 10:59:45.593 &amp#27;[32m INFO&amp#27;[m &amp#27;[35m[@503 - main]&amp#27;[m &amp#27;[36mcom.shaft.tools.io.ReportManager&amp#27;[m : Successfully created attachment "Test Data - Excel"
2023-02-07 10:59:45.593 &amp#27;[32m INFO&amp#27;[m &amp#27;[35m[@503 - main]&amp#27;[m &amp#27;[36mcom.shaft.tools.io.ReportManager&amp#27;[m : File Action "DoesFileExist" successfully performed. With the following test data "File Path: "SteeringCompanyAPI_TestData/SteeringCompanyAPI_TestData.xlsx"".
2023-02-07 10:59:45.629 &amp#27;[32m INFO&amp#27;[m &amp#27;[35m[@503 - main]&amp#27;[m &amp#27;[36mcom.shaft.tools.io.ReportManager&amp#27;[m : Successfully created attachment "Test Data - Excel"
2023-02-07 10:59:46.144 &amp#27;[32m INFO&amp#27;[m &amp#27;[35m[@503 - main]&amp#27;[m &amp#27;[36mcom.shaft.tools.io.ReportManager&amp#27;[m : Response status code: "422", status line: "HTTP/1.1 422 "
2023-02-07 10:59:46.162 &amp#27;[32m INFO&amp#27;[m &amp#27;[35m[@503 - main]&amp#27;[m &amp#27;[36mcom.shaft.tools.io.ReportManager&amp#27;[m : Successfully created attachment "API Request - Specifications"
2023-02-07 10:59:46.164 &amp#27;[32m INFO&amp#27;[m &amp#27;[35m[@503 - main]&amp#27;[m &amp#27;[36mcom.shaft.tools.io.ReportManager&amp#27;[m : Successfully created attachment "API Request - JSON Body"
2023-02-07 10:59:46.165 &amp#27;[32m INFO&amp#27;[m &amp#27;[35m[@503 - main]&amp#27;[m &amp#27;[36mcom.shaft.tools.io.ReportManager&amp#27;[m : Successfully created attachment "API Response - JSON Body"
2023-02-07 10:59:46.167 &amp#27;[32m INFO&amp#27;[m &amp#27;[35m[@503 - main]&amp#27;[m &amp#27;[36mcom.shaft.tools.io.ReportManager&amp#27;[m : File Action "DoesFileExist" successfully performed. With the following test data "File Path: "Schemas/ValidationError_schema.json"".
2023-02-07 10:59:46.167 &amp#27;[32m INFO&amp#27;[m &amp#27;[35m[@503 - main]&amp#27;[m &amp#27;[36mcom.shaft.tools.io.ReportManager&amp#27;[m : File Action "DoesFileExist" successfully performed. With the following test data "File Path: "src/test/resources/testDataFiles/Schemas/ValidationError_schema.json"".
2023-02-07 10:59:46.167 &amp#27;[32m INFO&amp#27;[m &amp#27;[35m[@503 - main]&amp#27;[m &amp#27;[36mcom.shaft.tools.io.ReportManager&amp#27;[m : File Action "GetAbsolutePath" successfully performed. With the following test data "Relative Folder Path: "src/test/resources/testDataFiles/Schemas/ValidationError_schema.json"".
2023-02-07 10:59:46.171 &amp#27;[32m INFO&amp#27;[m &amp#27;[35m[@503 - main]&amp#27;[m &amp#27;[36mcom.shaft.tools.io.ReportManager&amp#27;[m : File Action "DoesFileExist" successfully performed. With the following test data "File Path: "C:\eclipse-workspace\MyProjects\TASystemsAPIs\src\test\resources\testDataFiles\Schemas\ValidationError_schema.json"".
2023-02-07 10:59:46.171 &amp#27;[32m INFO&amp#27;[m &amp#27;[35m[@503 - main]&amp#27;[m &amp#27;[36mcom.shaft.tools.io.ReportManager&amp#27;[m : File Action "GetAbsolutePath" successfully performed. With the following test data "Relative Folder Path: "C:\eclipse-workspace\MyProjects\TASystemsAPIs\src\test\resources\testDataFiles\Schemas\ValidationError_schema.json"".
2023-02-07 10:59:46.172 &amp#27;[32m INFO&amp#27;[m &amp#27;[35m[@503 - main]&amp#27;[m &amp#27;[36mcom.shaft.tools.io.ReportManager&amp#27;[m : File Action "ReadFile" successfully performed. With the following test data "File Path: "C:\eclipse-workspace\MyProjects\TASystemsAPIs\src\test\resources\testDataFiles\Schemas\ValidationError_schema.json"".
2023-02-07 10:59:46.173 &amp#27;[32m INFO&amp#27;[m &amp#27;[35m[@503 - main]&amp#27;[m &amp#27;[36mcom.shaft.tools.io.ReportManager&amp#27;[m : Successfully created attachment "Validation Test Data - Expected JSON Value"
2023-02-07 10:59:46.175 &amp#27;[32m INFO&amp#27;[m &amp#27;[35m[@503 - main]&amp#27;[m &amp#27;[36mcom.shaft.tools.io.ReportManager&amp#27;[m : Successfully created attachment "Validation Test Data - Actual JSON Value"
2023-02-07 10:59:46.177 &amp#27;[32m INFO&amp#27;[m &amp#27;[35m[@503 - main]&amp#27;[m &amp#27;[36mcom.shaft.tools.io.ReportManager&amp#27;[m : Successfully created attachment "SHAFT Engine Logs - Current Method log: Add_Policy_With_Missing_Keys_TC"
]]></system-out>
  </testcase>
  <testcase name="Add_Policy_With_Missing_Keys_TC[[Ljava.lang.Object;@6182c15f](30)" classname="SteeringCompanyAPI_TestCases.Test_Policies_Cases" time="1.975">
    <system-out><![CDATA[2023-02-07 10:59:46.180 &amp#27;[32m INFO&amp#27;[m &amp#27;[35m[@534 - main]&amp#27;[m &amp#27;[36mcom.shaft.tools.io.ReportManager&amp#27;[m : 
################################################################################################################################################
Starting Execution:	"192 out of 107" test cases in the current suite
Test Method:		"SteeringCompanyAPI_TestCases.Test_Policies_Cases.Add_Policy_With_Missing_Keys_TC"
Test Description:	"TC050 -Policy- Perform Add Policy with Missing Keys"
################################################################################################################################################
2023-02-07 10:59:46.180 &amp#27;[32m INFO&amp#27;[m &amp#27;[35m[@503 - main]&amp#27;[m &amp#27;[36mcom.shaft.tools.io.ReportManager&amp#27;[m : File Action "DoesFileExist" successfully performed. With the following test data "File Path: "SteeringCompanyAPI_TestData/SteeringCompanyAPI_TestData.xlsx"".
2023-02-07 10:59:46.203 &amp#27;[32m INFO&amp#27;[m &amp#27;[35m[@503 - main]&amp#27;[m &amp#27;[36mcom.shaft.tools.io.ReportManager&amp#27;[m : Successfully created attachment "Test Data - Excel"
2023-02-07 10:59:47.456 &amp#27;[32m INFO&amp#27;[m &amp#27;[35m[@503 - main]&amp#27;[m &amp#27;[36mcom.shaft.tools.io.ReportManager&amp#27;[m : Response status code: "200", status line: "HTTP/1.1 200 OK"
2023-02-07 10:59:47.480 &amp#27;[32m INFO&amp#27;[m &amp#27;[35m[@503 - main]&amp#27;[m &amp#27;[36mcom.shaft.tools.io.ReportManager&amp#27;[m : Successfully created attachment "API Request - Specifications"
2023-02-07 10:59:47.482 &amp#27;[32m INFO&amp#27;[m &amp#27;[35m[@503 - main]&amp#27;[m &amp#27;[36mcom.shaft.tools.io.ReportManager&amp#27;[m : Successfully created attachment "API Request - Body"
2023-02-07 10:59:47.483 &amp#27;[32m INFO&amp#27;[m &amp#27;[35m[@503 - main]&amp#27;[m &amp#27;[36mcom.shaft.tools.io.ReportManager&amp#27;[m : Successfully created attachment "API Response - JSON Body"
2023-02-07 10:59:47.497 &amp#27;[32m INFO&amp#27;[m &amp#27;[35m[@503 - main]&amp#27;[m &amp#27;[36mcom.shaft.tools.io.ReportManager&amp#27;[m : File Action "DoesFileExist" successfully performed. With the following test data "File Path: "SteeringCompanyAPI_TestData/SteeringCompanyAPI_TestData.xlsx"".
2023-02-07 10:59:47.541 &amp#27;[32m INFO&amp#27;[m &amp#27;[35m[@503 - main]&amp#27;[m &amp#27;[36mcom.shaft.tools.io.ReportManager&amp#27;[m : Successfully created attachment "Test Data - Excel"
2023-02-07 10:59:47.541 &amp#27;[32m INFO&amp#27;[m &amp#27;[35m[@503 - main]&amp#27;[m &amp#27;[36mcom.shaft.tools.io.ReportManager&amp#27;[m : File Action "DoesFileExist" successfully performed. With the following test data "File Path: "SteeringCompanyAPI_TestData/SteeringCompanyAPI_TestData.xlsx"".
2023-02-07 10:59:47.583 &amp#27;[32m INFO&amp#27;[m &amp#27;[35m[@503 - main]&amp#27;[m &amp#27;[36mcom.shaft.tools.io.ReportManager&amp#27;[m : Successfully created attachment "Test Data - Excel"
2023-02-07 10:59:47.583 &amp#27;[32m INFO&amp#27;[m &amp#27;[35m[@503 - main]&amp#27;[m &amp#27;[36mcom.shaft.tools.io.ReportManager&amp#27;[m : File Action "DoesFileExist" successfully performed. With the following test data "File Path: "SteeringCompanyAPI_TestData/SteeringCompanyAPI_TestData.xlsx"".
2023-02-07 10:59:47.620 &amp#27;[32m INFO&amp#27;[m &amp#27;[35m[@503 - main]&amp#27;[m &amp#27;[36mcom.shaft.tools.io.ReportManager&amp#27;[m : Successfully created attachment "Test Data - Excel"
2023-02-07 10:59:48.115 &amp#27;[32m INFO&amp#27;[m &amp#27;[35m[@503 - main]&amp#27;[m &amp#27;[36mcom.shaft.tools.io.ReportManager&amp#27;[m : Response status code: "422", status line: "HTTP/1.1 422 "
2023-02-07 10:59:48.132 &amp#27;[32m INFO&amp#27;[m &amp#27;[35m[@503 - main]&amp#27;[m &amp#27;[36mcom.shaft.tools.io.ReportManager&amp#27;[m : Successfully created attachment "API Request - Specifications"
2023-02-07 10:59:48.134 &amp#27;[32m INFO&amp#27;[m &amp#27;[35m[@503 - main]&amp#27;[m &amp#27;[36mcom.shaft.tools.io.ReportManager&amp#27;[m : Successfully created attachment "API Request - JSON Body"
2023-02-07 10:59:48.137 &amp#27;[32m INFO&amp#27;[m &amp#27;[35m[@503 - main]&amp#27;[m &amp#27;[36mcom.shaft.tools.io.ReportManager&amp#27;[m : Successfully created attachment "API Response - JSON Body"
2023-02-07 10:59:48.139 &amp#27;[32m INFO&amp#27;[m &amp#27;[35m[@503 - main]&amp#27;[m &amp#27;[36mcom.shaft.tools.io.ReportManager&amp#27;[m : File Action "DoesFileExist" successfully performed. With the following test data "File Path: "Schemas/ValidationError_schema.json"".
2023-02-07 10:59:48.140 &amp#27;[32m INFO&amp#27;[m &amp#27;[35m[@503 - main]&amp#27;[m &amp#27;[36mcom.shaft.tools.io.ReportManager&amp#27;[m : File Action "DoesFileExist" successfully performed. With the following test data "File Path: "src/test/resources/testDataFiles/Schemas/ValidationError_schema.json"".
2023-02-07 10:59:48.140 &amp#27;[32m INFO&amp#27;[m &amp#27;[35m[@503 - main]&amp#27;[m &amp#27;[36mcom.shaft.tools.io.ReportManager&amp#27;[m : File Action "GetAbsolutePath" successfully performed. With the following test data "Relative Folder Path: "src/test/resources/testDataFiles/Schemas/ValidationError_schema.json"".
2023-02-07 10:59:48.143 &amp#27;[32m INFO&amp#27;[m &amp#27;[35m[@503 - main]&amp#27;[m &amp#27;[36mcom.shaft.tools.io.ReportManager&amp#27;[m : File Action "DoesFileExist" successfully performed. With the following test data "File Path: "C:\eclipse-workspace\MyProjects\TASystemsAPIs\src\test\resources\testDataFiles\Schemas\ValidationError_schema.json"".
2023-02-07 10:59:48.144 &amp#27;[32m INFO&amp#27;[m &amp#27;[35m[@503 - main]&amp#27;[m &amp#27;[36mcom.shaft.tools.io.ReportManager&amp#27;[m : File Action "GetAbsolutePath" successfully performed. With the following test data "Relative Folder Path: "C:\eclipse-workspace\MyProjects\TASystemsAPIs\src\test\resources\testDataFiles\Schemas\ValidationError_schema.json"".
2023-02-07 10:59:48.144 &amp#27;[32m INFO&amp#27;[m &amp#27;[35m[@503 - main]&amp#27;[m &amp#27;[36mcom.shaft.tools.io.ReportManager&amp#27;[m : File Action "ReadFile" successfully performed. With the following test data "File Path: "C:\eclipse-workspace\MyProjects\TASystemsAPIs\src\test\resources\testDataFiles\Schemas\ValidationError_schema.json"".
2023-02-07 10:59:48.146 &amp#27;[32m INFO&amp#27;[m &amp#27;[35m[@503 - main]&amp#27;[m &amp#27;[36mcom.shaft.tools.io.ReportManager&amp#27;[m : Successfully created attachment "Validation Test Data - Expected JSON Value"
2023-02-07 10:59:48.147 &amp#27;[32m INFO&amp#27;[m &amp#27;[35m[@503 - main]&amp#27;[m &amp#27;[36mcom.shaft.tools.io.ReportManager&amp#27;[m : Successfully created attachment "Validation Test Data - Actual JSON Value"
2023-02-07 10:59:48.149 &amp#27;[32m INFO&amp#27;[m &amp#27;[35m[@503 - main]&amp#27;[m &amp#27;[36mcom.shaft.tools.io.ReportManager&amp#27;[m : Successfully created attachment "SHAFT Engine Logs - Current Method log: Add_Policy_With_Missing_Keys_TC"
]]></system-out>
  </testcase>
  <testcase name="Add_Policy_With_Missing_Keys_TC[[Ljava.lang.Object;@3da0a60b](31)" classname="SteeringCompanyAPI_TestCases.Test_Policies_Cases" time="1.424">
    <system-out><![CDATA[2023-02-07 10:59:48.155 &amp#27;[32m INFO&amp#27;[m &amp#27;[35m[@534 - main]&amp#27;[m &amp#27;[36mcom.shaft.tools.io.ReportManager&amp#27;[m : 
################################################################################################################################################
Starting Execution:	"193 out of 107" test cases in the current suite
Test Method:		"SteeringCompanyAPI_TestCases.Test_Policies_Cases.Add_Policy_With_Missing_Keys_TC"
Test Description:	"TC050 -Policy- Perform Add Policy with Missing Keys"
################################################################################################################################################
2023-02-07 10:59:48.155 &amp#27;[32m INFO&amp#27;[m &amp#27;[35m[@503 - main]&amp#27;[m &amp#27;[36mcom.shaft.tools.io.ReportManager&amp#27;[m : File Action "DoesFileExist" successfully performed. With the following test data "File Path: "SteeringCompanyAPI_TestData/SteeringCompanyAPI_TestData.xlsx"".
2023-02-07 10:59:48.182 &amp#27;[32m INFO&amp#27;[m &amp#27;[35m[@503 - main]&amp#27;[m &amp#27;[36mcom.shaft.tools.io.ReportManager&amp#27;[m : Successfully created attachment "Test Data - Excel"
2023-02-07 10:59:48.931 &amp#27;[32m INFO&amp#27;[m &amp#27;[35m[@503 - main]&amp#27;[m &amp#27;[36mcom.shaft.tools.io.ReportManager&amp#27;[m : Response status code: "200", status line: "HTTP/1.1 200 OK"
2023-02-07 10:59:48.955 &amp#27;[32m INFO&amp#27;[m &amp#27;[35m[@503 - main]&amp#27;[m &amp#27;[36mcom.shaft.tools.io.ReportManager&amp#27;[m : Successfully created attachment "API Request - Specifications"
2023-02-07 10:59:48.958 &amp#27;[32m INFO&amp#27;[m &amp#27;[35m[@503 - main]&amp#27;[m &amp#27;[36mcom.shaft.tools.io.ReportManager&amp#27;[m : Successfully created attachment "API Request - Body"
2023-02-07 10:59:48.959 &amp#27;[32m INFO&amp#27;[m &amp#27;[35m[@503 - main]&amp#27;[m &amp#27;[36mcom.shaft.tools.io.ReportManager&amp#27;[m : Successfully created attachment "API Response - JSON Body"
2023-02-07 10:59:48.969 &amp#27;[32m INFO&amp#27;[m &amp#27;[35m[@503 - main]&amp#27;[m &amp#27;[36mcom.shaft.tools.io.ReportManager&amp#27;[m : File Action "DoesFileExist" successfully performed. With the following test data "File Path: "SteeringCompanyAPI_TestData/SteeringCompanyAPI_TestData.xlsx"".
2023-02-07 10:59:48.988 &amp#27;[32m INFO&amp#27;[m &amp#27;[35m[@503 - main]&amp#27;[m &amp#27;[36mcom.shaft.tools.io.ReportManager&amp#27;[m : Successfully created attachment "Test Data - Excel"
2023-02-07 10:59:48.988 &amp#27;[32m INFO&amp#27;[m &amp#27;[35m[@503 - main]&amp#27;[m &amp#27;[36mcom.shaft.tools.io.ReportManager&amp#27;[m : File Action "DoesFileExist" successfully performed. With the following test data "File Path: "SteeringCompanyAPI_TestData/SteeringCompanyAPI_TestData.xlsx"".
2023-02-07 10:59:49.016 &amp#27;[32m INFO&amp#27;[m &amp#27;[35m[@503 - main]&amp#27;[m &amp#27;[36mcom.shaft.tools.io.ReportManager&amp#27;[m : Successfully created attachment "Test Data - Excel"
2023-02-07 10:59:49.016 &amp#27;[32m INFO&amp#27;[m &amp#27;[35m[@503 - main]&amp#27;[m &amp#27;[36mcom.shaft.tools.io.ReportManager&amp#27;[m : File Action "DoesFileExist" successfully performed. With the following test data "File Path: "SteeringCompanyAPI_TestData/SteeringCompanyAPI_TestData.xlsx"".
2023-02-07 10:59:49.041 &amp#27;[32m INFO&amp#27;[m &amp#27;[35m[@503 - main]&amp#27;[m &amp#27;[36mcom.shaft.tools.io.ReportManager&amp#27;[m : Successfully created attachment "Test Data - Excel"
2023-02-07 10:59:49.533 &amp#27;[32m INFO&amp#27;[m &amp#27;[35m[@503 - main]&amp#27;[m &amp#27;[36mcom.shaft.tools.io.ReportManager&amp#27;[m : Response status code: "422", status line: "HTTP/1.1 422 "
2023-02-07 10:59:49.552 &amp#27;[32m INFO&amp#27;[m &amp#27;[35m[@503 - main]&amp#27;[m &amp#27;[36mcom.shaft.tools.io.ReportManager&amp#27;[m : Successfully created attachment "API Request - Specifications"
2023-02-07 10:59:49.556 &amp#27;[32m INFO&amp#27;[m &amp#27;[35m[@503 - main]&amp#27;[m &amp#27;[36mcom.shaft.tools.io.ReportManager&amp#27;[m : Successfully created attachment "API Request - JSON Body"
2023-02-07 10:59:49.560 &amp#27;[32m INFO&amp#27;[m &amp#27;[35m[@503 - main]&amp#27;[m &amp#27;[36mcom.shaft.tools.io.ReportManager&amp#27;[m : Successfully created attachment "API Response - JSON Body"
2023-02-07 10:59:49.562 &amp#27;[32m INFO&amp#27;[m &amp#27;[35m[@503 - main]&amp#27;[m &amp#27;[36mcom.shaft.tools.io.ReportManager&amp#27;[m : File Action "DoesFileExist" successfully performed. With the following test data "File Path: "Schemas/ValidationError_schema.json"".
2023-02-07 10:59:49.562 &amp#27;[32m INFO&amp#27;[m &amp#27;[35m[@503 - main]&amp#27;[m &amp#27;[36mcom.shaft.tools.io.ReportManager&amp#27;[m : File Action "DoesFileExist" successfully performed. With the following test data "File Path: "src/test/resources/testDataFiles/Schemas/ValidationError_schema.json"".
2023-02-07 10:59:49.562 &amp#27;[32m INFO&amp#27;[m &amp#27;[35m[@503 - main]&amp#27;[m &amp#27;[36mcom.shaft.tools.io.ReportManager&amp#27;[m : File Action "GetAbsolutePath" successfully performed. With the following test data "Relative Folder Path: "src/test/resources/testDataFiles/Schemas/ValidationError_schema.json"".
2023-02-07 10:59:49.566 &amp#27;[32m INFO&amp#27;[m &amp#27;[35m[@503 - main]&amp#27;[m &amp#27;[36mcom.shaft.tools.io.ReportManager&amp#27;[m : File Action "DoesFileExist" successfully performed. With the following test data "File Path: "C:\eclipse-workspace\MyProjects\TASystemsAPIs\src\test\resources\testDataFiles\Schemas\ValidationError_schema.json"".
2023-02-07 10:59:49.567 &amp#27;[32m INFO&amp#27;[m &amp#27;[35m[@503 - main]&amp#27;[m &amp#27;[36mcom.shaft.tools.io.ReportManager&amp#27;[m : File Action "GetAbsolutePath" successfully performed. With the following test data "Relative Folder Path: "C:\eclipse-workspace\MyProjects\TASystemsAPIs\src\test\resources\testDataFiles\Schemas\ValidationError_schema.json"".
2023-02-07 10:59:49.567 &amp#27;[32m INFO&amp#27;[m &amp#27;[35m[@503 - main]&amp#27;[m &amp#27;[36mcom.shaft.tools.io.ReportManager&amp#27;[m : File Action "ReadFile" successfully performed. With the following test data "File Path: "C:\eclipse-workspace\MyProjects\TASystemsAPIs\src\test\resources\testDataFiles\Schemas\ValidationError_schema.json"".
2023-02-07 10:59:49.570 &amp#27;[32m INFO&amp#27;[m &amp#27;[35m[@503 - main]&amp#27;[m &amp#27;[36mcom.shaft.tools.io.ReportManager&amp#27;[m : Successfully created attachment "Validation Test Data - Expected JSON Value"
2023-02-07 10:59:49.571 &amp#27;[32m INFO&amp#27;[m &amp#27;[35m[@503 - main]&amp#27;[m &amp#27;[36mcom.shaft.tools.io.ReportManager&amp#27;[m : Successfully created attachment "Validation Test Data - Actual JSON Value"
2023-02-07 10:59:49.574 &amp#27;[32m INFO&amp#27;[m &amp#27;[35m[@503 - main]&amp#27;[m &amp#27;[36mcom.shaft.tools.io.ReportManager&amp#27;[m : Successfully created attachment "SHAFT Engine Logs - Current Method log: Add_Policy_With_Missing_Keys_TC"
]]></system-out>
  </testcase>
  <testcase name="Add_Policy_With_Missing_Keys_TC[[Ljava.lang.Object;@73e33ac0](32)" classname="SteeringCompanyAPI_TestCases.Test_Policies_Cases" time="1.352">
    <system-out><![CDATA[2023-02-07 10:59:49.579 &amp#27;[32m INFO&amp#27;[m &amp#27;[35m[@534 - main]&amp#27;[m &amp#27;[36mcom.shaft.tools.io.ReportManager&amp#27;[m : 
################################################################################################################################################
Starting Execution:	"194 out of 107" test cases in the current suite
Test Method:		"SteeringCompanyAPI_TestCases.Test_Policies_Cases.Add_Policy_With_Missing_Keys_TC"
Test Description:	"TC050 -Policy- Perform Add Policy with Missing Keys"
################################################################################################################################################
2023-02-07 10:59:49.579 &amp#27;[32m INFO&amp#27;[m &amp#27;[35m[@503 - main]&amp#27;[m &amp#27;[36mcom.shaft.tools.io.ReportManager&amp#27;[m : File Action "DoesFileExist" successfully performed. With the following test data "File Path: "SteeringCompanyAPI_TestData/SteeringCompanyAPI_TestData.xlsx"".
2023-02-07 10:59:49.614 &amp#27;[32m INFO&amp#27;[m &amp#27;[35m[@503 - main]&amp#27;[m &amp#27;[36mcom.shaft.tools.io.ReportManager&amp#27;[m : Successfully created attachment "Test Data - Excel"
2023-02-07 10:59:50.229 &amp#27;[32m INFO&amp#27;[m &amp#27;[35m[@503 - main]&amp#27;[m &amp#27;[36mcom.shaft.tools.io.ReportManager&amp#27;[m : Response status code: "200", status line: "HTTP/1.1 200 OK"
2023-02-07 10:59:50.252 &amp#27;[32m INFO&amp#27;[m &amp#27;[35m[@503 - main]&amp#27;[m &amp#27;[36mcom.shaft.tools.io.ReportManager&amp#27;[m : Successfully created attachment "API Request - Specifications"
2023-02-07 10:59:50.253 &amp#27;[32m INFO&amp#27;[m &amp#27;[35m[@503 - main]&amp#27;[m &amp#27;[36mcom.shaft.tools.io.ReportManager&amp#27;[m : Successfully created attachment "API Request - Body"
2023-02-07 10:59:50.259 &amp#27;[32m INFO&amp#27;[m &amp#27;[35m[@503 - main]&amp#27;[m &amp#27;[36mcom.shaft.tools.io.ReportManager&amp#27;[m : Successfully created attachment "API Response - JSON Body"
2023-02-07 10:59:50.275 &amp#27;[32m INFO&amp#27;[m &amp#27;[35m[@503 - main]&amp#27;[m &amp#27;[36mcom.shaft.tools.io.ReportManager&amp#27;[m : File Action "DoesFileExist" successfully performed. With the following test data "File Path: "SteeringCompanyAPI_TestData/SteeringCompanyAPI_TestData.xlsx"".
2023-02-07 10:59:50.328 &amp#27;[32m INFO&amp#27;[m &amp#27;[35m[@503 - main]&amp#27;[m &amp#27;[36mcom.shaft.tools.io.ReportManager&amp#27;[m : Successfully created attachment "Test Data - Excel"
2023-02-07 10:59:50.329 &amp#27;[32m INFO&amp#27;[m &amp#27;[35m[@503 - main]&amp#27;[m &amp#27;[36mcom.shaft.tools.io.ReportManager&amp#27;[m : File Action "DoesFileExist" successfully performed. With the following test data "File Path: "SteeringCompanyAPI_TestData/SteeringCompanyAPI_TestData.xlsx"".
2023-02-07 10:59:50.361 &amp#27;[32m INFO&amp#27;[m &amp#27;[35m[@503 - main]&amp#27;[m &amp#27;[36mcom.shaft.tools.io.ReportManager&amp#27;[m : Successfully created attachment "Test Data - Excel"
2023-02-07 10:59:50.362 &amp#27;[32m INFO&amp#27;[m &amp#27;[35m[@503 - main]&amp#27;[m &amp#27;[36mcom.shaft.tools.io.ReportManager&amp#27;[m : File Action "DoesFileExist" successfully performed. With the following test data "File Path: "SteeringCompanyAPI_TestData/SteeringCompanyAPI_TestData.xlsx"".
2023-02-07 10:59:50.396 &amp#27;[32m INFO&amp#27;[m &amp#27;[35m[@503 - main]&amp#27;[m &amp#27;[36mcom.shaft.tools.io.ReportManager&amp#27;[m : Successfully created attachment "Test Data - Excel"
2023-02-07 10:59:50.886 &amp#27;[32m INFO&amp#27;[m &amp#27;[35m[@503 - main]&amp#27;[m &amp#27;[36mcom.shaft.tools.io.ReportManager&amp#27;[m : Response status code: "422", status line: "HTTP/1.1 422 "
2023-02-07 10:59:50.911 &amp#27;[32m INFO&amp#27;[m &amp#27;[35m[@503 - main]&amp#27;[m &amp#27;[36mcom.shaft.tools.io.ReportManager&amp#27;[m : Successfully created attachment "API Request - Specifications"
2023-02-07 10:59:50.912 &amp#27;[32m INFO&amp#27;[m &amp#27;[35m[@503 - main]&amp#27;[m &amp#27;[36mcom.shaft.tools.io.ReportManager&amp#27;[m : Successfully created attachment "API Request - JSON Body"
2023-02-07 10:59:50.913 &amp#27;[32m INFO&amp#27;[m &amp#27;[35m[@503 - main]&amp#27;[m &amp#27;[36mcom.shaft.tools.io.ReportManager&amp#27;[m : Successfully created attachment "API Response - JSON Body"
2023-02-07 10:59:50.916 &amp#27;[32m INFO&amp#27;[m &amp#27;[35m[@503 - main]&amp#27;[m &amp#27;[36mcom.shaft.tools.io.ReportManager&amp#27;[m : File Action "DoesFileExist" successfully performed. With the following test data "File Path: "Schemas/ValidationError_schema.json"".
2023-02-07 10:59:50.916 &amp#27;[32m INFO&amp#27;[m &amp#27;[35m[@503 - main]&amp#27;[m &amp#27;[36mcom.shaft.tools.io.ReportManager&amp#27;[m : File Action "DoesFileExist" successfully performed. With the following test data "File Path: "src/test/resources/testDataFiles/Schemas/ValidationError_schema.json"".
2023-02-07 10:59:50.916 &amp#27;[32m INFO&amp#27;[m &amp#27;[35m[@503 - main]&amp#27;[m &amp#27;[36mcom.shaft.tools.io.ReportManager&amp#27;[m : File Action "GetAbsolutePath" successfully performed. With the following test data "Relative Folder Path: "src/test/resources/testDataFiles/Schemas/ValidationError_schema.json"".
2023-02-07 10:59:50.920 &amp#27;[32m INFO&amp#27;[m &amp#27;[35m[@503 - main]&amp#27;[m &amp#27;[36mcom.shaft.tools.io.ReportManager&amp#27;[m : File Action "DoesFileExist" successfully performed. With the following test data "File Path: "C:\eclipse-workspace\MyProjects\TASystemsAPIs\src\test\resources\testDataFiles\Schemas\ValidationError_schema.json"".
2023-02-07 10:59:50.920 &amp#27;[32m INFO&amp#27;[m &amp#27;[35m[@503 - main]&amp#27;[m &amp#27;[36mcom.shaft.tools.io.ReportManager&amp#27;[m : File Action "GetAbsolutePath" successfully performed. With the following test data "Relative Folder Path: "C:\eclipse-workspace\MyProjects\TASystemsAPIs\src\test\resources\testDataFiles\Schemas\ValidationError_schema.json"".
2023-02-07 10:59:50.921 &amp#27;[32m INFO&amp#27;[m &amp#27;[35m[@503 - main]&amp#27;[m &amp#27;[36mcom.shaft.tools.io.ReportManager&amp#27;[m : File Action "ReadFile" successfully performed. With the following test data "File Path: "C:\eclipse-workspace\MyProjects\TASystemsAPIs\src\test\resources\testDataFiles\Schemas\ValidationError_schema.json"".
2023-02-07 10:59:50.923 &amp#27;[32m INFO&amp#27;[m &amp#27;[35m[@503 - main]&amp#27;[m &amp#27;[36mcom.shaft.tools.io.ReportManager&amp#27;[m : Successfully created attachment "Validation Test Data - Expected JSON Value"
2023-02-07 10:59:50.925 &amp#27;[32m INFO&amp#27;[m &amp#27;[35m[@503 - main]&amp#27;[m &amp#27;[36mcom.shaft.tools.io.ReportManager&amp#27;[m : Successfully created attachment "Validation Test Data - Actual JSON Value"
2023-02-07 10:59:50.926 &amp#27;[32m INFO&amp#27;[m &amp#27;[35m[@503 - main]&amp#27;[m &amp#27;[36mcom.shaft.tools.io.ReportManager&amp#27;[m : Successfully created attachment "SHAFT Engine Logs - Current Method log: Add_Policy_With_Missing_Keys_TC"
]]></system-out>
  </testcase>
  <testcase name="Add_Policy_With_Missing_Keys_TC[[Ljava.lang.Object;@21fbd2a8](33)" classname="SteeringCompanyAPI_TestCases.Test_Policies_Cases" time="2.385">
    <system-out><![CDATA[2023-02-07 10:59:50.930 &amp#27;[32m INFO&amp#27;[m &amp#27;[35m[@534 - main]&amp#27;[m &amp#27;[36mcom.shaft.tools.io.ReportManager&amp#27;[m : 
################################################################################################################################################
Starting Execution:	"195 out of 107" test cases in the current suite
Test Method:		"SteeringCompanyAPI_TestCases.Test_Policies_Cases.Add_Policy_With_Missing_Keys_TC"
Test Description:	"TC050 -Policy- Perform Add Policy with Missing Keys"
################################################################################################################################################
2023-02-07 10:59:50.930 &amp#27;[32m INFO&amp#27;[m &amp#27;[35m[@503 - main]&amp#27;[m &amp#27;[36mcom.shaft.tools.io.ReportManager&amp#27;[m : File Action "DoesFileExist" successfully performed. With the following test data "File Path: "SteeringCompanyAPI_TestData/SteeringCompanyAPI_TestData.xlsx"".
2023-02-07 10:59:50.969 &amp#27;[32m INFO&amp#27;[m &amp#27;[35m[@503 - main]&amp#27;[m &amp#27;[36mcom.shaft.tools.io.ReportManager&amp#27;[m : Successfully created attachment "Test Data - Excel"
2023-02-07 10:59:51.620 &amp#27;[32m INFO&amp#27;[m &amp#27;[35m[@503 - main]&amp#27;[m &amp#27;[36mcom.shaft.tools.io.ReportManager&amp#27;[m : Response status code: "200", status line: "HTTP/1.1 200 OK"
2023-02-07 10:59:51.640 &amp#27;[32m INFO&amp#27;[m &amp#27;[35m[@503 - main]&amp#27;[m &amp#27;[36mcom.shaft.tools.io.ReportManager&amp#27;[m : Successfully created attachment "API Request - Specifications"
2023-02-07 10:59:51.642 &amp#27;[32m INFO&amp#27;[m &amp#27;[35m[@503 - main]&amp#27;[m &amp#27;[36mcom.shaft.tools.io.ReportManager&amp#27;[m : Successfully created attachment "API Request - Body"
2023-02-07 10:59:51.643 &amp#27;[32m INFO&amp#27;[m &amp#27;[35m[@503 - main]&amp#27;[m &amp#27;[36mcom.shaft.tools.io.ReportManager&amp#27;[m : Successfully created attachment "API Response - JSON Body"
2023-02-07 10:59:51.662 &amp#27;[32m INFO&amp#27;[m &amp#27;[35m[@503 - main]&amp#27;[m &amp#27;[36mcom.shaft.tools.io.ReportManager&amp#27;[m : File Action "DoesFileExist" successfully performed. With the following test data "File Path: "SteeringCompanyAPI_TestData/SteeringCompanyAPI_TestData.xlsx"".
2023-02-07 10:59:51.701 &amp#27;[32m INFO&amp#27;[m &amp#27;[35m[@503 - main]&amp#27;[m &amp#27;[36mcom.shaft.tools.io.ReportManager&amp#27;[m : Successfully created attachment "Test Data - Excel"
2023-02-07 10:59:51.702 &amp#27;[32m INFO&amp#27;[m &amp#27;[35m[@503 - main]&amp#27;[m &amp#27;[36mcom.shaft.tools.io.ReportManager&amp#27;[m : File Action "DoesFileExist" successfully performed. With the following test data "File Path: "SteeringCompanyAPI_TestData/SteeringCompanyAPI_TestData.xlsx"".
2023-02-07 10:59:51.746 &amp#27;[32m INFO&amp#27;[m &amp#27;[35m[@503 - main]&amp#27;[m &amp#27;[36mcom.shaft.tools.io.ReportManager&amp#27;[m : Successfully created attachment "Test Data - Excel"
2023-02-07 10:59:51.746 &amp#27;[32m INFO&amp#27;[m &amp#27;[35m[@503 - main]&amp#27;[m &amp#27;[36mcom.shaft.tools.io.ReportManager&amp#27;[m : File Action "DoesFileExist" successfully performed. With the following test data "File Path: "SteeringCompanyAPI_TestData/SteeringCompanyAPI_TestData.xlsx"".
2023-02-07 10:59:51.766 &amp#27;[32m INFO&amp#27;[m &amp#27;[35m[@503 - main]&amp#27;[m &amp#27;[36mcom.shaft.tools.io.ReportManager&amp#27;[m : Successfully created attachment "Test Data - Excel"
2023-02-07 10:59:53.281 &amp#27;[32m INFO&amp#27;[m &amp#27;[35m[@503 - main]&amp#27;[m &amp#27;[36mcom.shaft.tools.io.ReportManager&amp#27;[m : Response status code: "422", status line: "HTTP/1.1 422 "
2023-02-07 10:59:53.297 &amp#27;[32m INFO&amp#27;[m &amp#27;[35m[@503 - main]&amp#27;[m &amp#27;[36mcom.shaft.tools.io.ReportManager&amp#27;[m : Successfully created attachment "API Request - Specifications"
2023-02-07 10:59:53.299 &amp#27;[32m INFO&amp#27;[m &amp#27;[35m[@503 - main]&amp#27;[m &amp#27;[36mcom.shaft.tools.io.ReportManager&amp#27;[m : Successfully created attachment "API Request - JSON Body"
2023-02-07 10:59:53.300 &amp#27;[32m INFO&amp#27;[m &amp#27;[35m[@503 - main]&amp#27;[m &amp#27;[36mcom.shaft.tools.io.ReportManager&amp#27;[m : Successfully created attachment "API Response - JSON Body"
2023-02-07 10:59:53.303 &amp#27;[32m INFO&amp#27;[m &amp#27;[35m[@503 - main]&amp#27;[m &amp#27;[36mcom.shaft.tools.io.ReportManager&amp#27;[m : File Action "DoesFileExist" successfully performed. With the following test data "File Path: "Schemas/ValidationError_schema.json"".
2023-02-07 10:59:53.303 &amp#27;[32m INFO&amp#27;[m &amp#27;[35m[@503 - main]&amp#27;[m &amp#27;[36mcom.shaft.tools.io.ReportManager&amp#27;[m : File Action "DoesFileExist" successfully performed. With the following test data "File Path: "src/test/resources/testDataFiles/Schemas/ValidationError_schema.json"".
2023-02-07 10:59:53.303 &amp#27;[32m INFO&amp#27;[m &amp#27;[35m[@503 - main]&amp#27;[m &amp#27;[36mcom.shaft.tools.io.ReportManager&amp#27;[m : File Action "GetAbsolutePath" successfully performed. With the following test data "Relative Folder Path: "src/test/resources/testDataFiles/Schemas/ValidationError_schema.json"".
2023-02-07 10:59:53.306 &amp#27;[32m INFO&amp#27;[m &amp#27;[35m[@503 - main]&amp#27;[m &amp#27;[36mcom.shaft.tools.io.ReportManager&amp#27;[m : File Action "DoesFileExist" successfully performed. With the following test data "File Path: "C:\eclipse-workspace\MyProjects\TASystemsAPIs\src\test\resources\testDataFiles\Schemas\ValidationError_schema.json"".
2023-02-07 10:59:53.306 &amp#27;[32m INFO&amp#27;[m &amp#27;[35m[@503 - main]&amp#27;[m &amp#27;[36mcom.shaft.tools.io.ReportManager&amp#27;[m : File Action "GetAbsolutePath" successfully performed. With the following test data "Relative Folder Path: "C:\eclipse-workspace\MyProjects\TASystemsAPIs\src\test\resources\testDataFiles\Schemas\ValidationError_schema.json"".
2023-02-07 10:59:53.306 &amp#27;[32m INFO&amp#27;[m &amp#27;[35m[@503 - main]&amp#27;[m &amp#27;[36mcom.shaft.tools.io.ReportManager&amp#27;[m : File Action "ReadFile" successfully performed. With the following test data "File Path: "C:\eclipse-workspace\MyProjects\TASystemsAPIs\src\test\resources\testDataFiles\Schemas\ValidationError_schema.json"".
2023-02-07 10:59:53.309 &amp#27;[32m INFO&amp#27;[m &amp#27;[35m[@503 - main]&amp#27;[m &amp#27;[36mcom.shaft.tools.io.ReportManager&amp#27;[m : Successfully created attachment "Validation Test Data - Expected JSON Value"
2023-02-07 10:59:53.310 &amp#27;[32m INFO&amp#27;[m &amp#27;[35m[@503 - main]&amp#27;[m &amp#27;[36mcom.shaft.tools.io.ReportManager&amp#27;[m : Successfully created attachment "Validation Test Data - Actual JSON Value"
2023-02-07 10:59:53.312 &amp#27;[32m INFO&amp#27;[m &amp#27;[35m[@503 - main]&amp#27;[m &amp#27;[36mcom.shaft.tools.io.ReportManager&amp#27;[m : Successfully created attachment "SHAFT Engine Logs - Current Method log: Add_Policy_With_Missing_Keys_TC"
]]></system-out>
  </testcase>
  <testcase name="Add_Policy_With_NotAccepted_data_TC[[Ljava.lang.Object;@1a0f2919](1)" classname="SteeringCompanyAPI_TestCases.Test_Policies_Cases" time="3.556">
    <system-out><![CDATA[2023-02-07 10:59:53.326 &amp#27;[32m INFO&amp#27;[m &amp#27;[35m[@534 - main]&amp#27;[m &amp#27;[36mcom.shaft.tools.io.ReportManager&amp#27;[m : 
################################################################################################################################################
Starting Execution:	"196 out of 107" test cases in the current suite
Test Method:		"SteeringCompanyAPI_TestCases.Test_Policies_Cases.Add_Policy_With_NotAccepted_data_TC"
Test Description:	"TC054 -Policy- Perform Add Policy with NotAccepted data"
################################################################################################################################################
2023-02-07 10:59:53.327 &amp#27;[32m INFO&amp#27;[m &amp#27;[35m[@503 - main]&amp#27;[m &amp#27;[36mcom.shaft.tools.io.ReportManager&amp#27;[m : File Action "DoesFileExist" successfully performed. With the following test data "File Path: "SteeringCompanyAPI_TestData/SteeringCompanyAPI_TestData.xlsx"".
2023-02-07 10:59:53.368 &amp#27;[32m INFO&amp#27;[m &amp#27;[35m[@503 - main]&amp#27;[m &amp#27;[36mcom.shaft.tools.io.ReportManager&amp#27;[m : Successfully created attachment "Test Data - Excel"
2023-02-07 10:59:56.173 &amp#27;[32m INFO&amp#27;[m &amp#27;[35m[@503 - main]&amp#27;[m &amp#27;[36mcom.shaft.tools.io.ReportManager&amp#27;[m : Response status code: "200", status line: "HTTP/1.1 200 OK"
2023-02-07 10:59:56.197 &amp#27;[32m INFO&amp#27;[m &amp#27;[35m[@503 - main]&amp#27;[m &amp#27;[36mcom.shaft.tools.io.ReportManager&amp#27;[m : Successfully created attachment "API Request - Specifications"
2023-02-07 10:59:56.198 &amp#27;[32m INFO&amp#27;[m &amp#27;[35m[@503 - main]&amp#27;[m &amp#27;[36mcom.shaft.tools.io.ReportManager&amp#27;[m : Successfully created attachment "API Request - Body"
2023-02-07 10:59:56.201 &amp#27;[32m INFO&amp#27;[m &amp#27;[35m[@503 - main]&amp#27;[m &amp#27;[36mcom.shaft.tools.io.ReportManager&amp#27;[m : Successfully created attachment "API Response - JSON Body"
2023-02-07 10:59:56.216 &amp#27;[32m INFO&amp#27;[m &amp#27;[35m[@503 - main]&amp#27;[m &amp#27;[36mcom.shaft.tools.io.ReportManager&amp#27;[m : File Action "DoesFileExist" successfully performed. With the following test data "File Path: "SteeringCompanyAPI_TestData/SteeringCompanyAPI_TestData.xlsx"".
2023-02-07 10:59:56.253 &amp#27;[32m INFO&amp#27;[m &amp#27;[35m[@503 - main]&amp#27;[m &amp#27;[36mcom.shaft.tools.io.ReportManager&amp#27;[m : Successfully created attachment "Test Data - Excel"
2023-02-07 10:59:56.253 &amp#27;[32m INFO&amp#27;[m &amp#27;[35m[@503 - main]&amp#27;[m &amp#27;[36mcom.shaft.tools.io.ReportManager&amp#27;[m : File Action "DoesFileExist" successfully performed. With the following test data "File Path: "SteeringCompanyAPI_TestData/SteeringCompanyAPI_TestData.xlsx"".
2023-02-07 10:59:56.283 &amp#27;[32m INFO&amp#27;[m &amp#27;[35m[@503 - main]&amp#27;[m &amp#27;[36mcom.shaft.tools.io.ReportManager&amp#27;[m : Successfully created attachment "Test Data - Excel"
2023-02-07 10:59:56.284 &amp#27;[32m INFO&amp#27;[m &amp#27;[35m[@503 - main]&amp#27;[m &amp#27;[36mcom.shaft.tools.io.ReportManager&amp#27;[m : File Action "DoesFileExist" successfully performed. With the following test data "File Path: "SteeringCompanyAPI_TestData/SteeringCompanyAPI_TestData.xlsx"".
2023-02-07 10:59:56.328 &amp#27;[32m INFO&amp#27;[m &amp#27;[35m[@503 - main]&amp#27;[m &amp#27;[36mcom.shaft.tools.io.ReportManager&amp#27;[m : Successfully created attachment "Test Data - Excel"
2023-02-07 10:59:56.846 &amp#27;[32m INFO&amp#27;[m &amp#27;[35m[@503 - main]&amp#27;[m &amp#27;[36mcom.shaft.tools.io.ReportManager&amp#27;[m : Response status code: "406", status line: "HTTP/1.1 406 "
2023-02-07 10:59:56.866 &amp#27;[32m INFO&amp#27;[m &amp#27;[35m[@503 - main]&amp#27;[m &amp#27;[36mcom.shaft.tools.io.ReportManager&amp#27;[m : Successfully created attachment "API Request - Specifications"
2023-02-07 10:59:56.867 &amp#27;[32m INFO&amp#27;[m &amp#27;[35m[@503 - main]&amp#27;[m &amp#27;[36mcom.shaft.tools.io.ReportManager&amp#27;[m : Successfully created attachment "API Request - JSON Body"
2023-02-07 10:59:56.867 &amp#27;[32m INFO&amp#27;[m &amp#27;[35m[@503 - main]&amp#27;[m &amp#27;[36mcom.shaft.tools.io.ReportManager&amp#27;[m : Successfully created attachment "API Response - JSON Body"
2023-02-07 10:59:56.868 &amp#27;[32m INFO&amp#27;[m &amp#27;[35m[@503 - main]&amp#27;[m &amp#27;[36mcom.shaft.tools.io.ReportManager&amp#27;[m : File Action "DoesFileExist" successfully performed. With the following test data "File Path: "Schemas/NotAcceptable_Response_schema.json"".
2023-02-07 10:59:56.868 &amp#27;[32m INFO&amp#27;[m &amp#27;[35m[@503 - main]&amp#27;[m &amp#27;[36mcom.shaft.tools.io.ReportManager&amp#27;[m : File Action "DoesFileExist" successfully performed. With the following test data "File Path: "src/test/resources/testDataFiles/Schemas/NotAcceptable_Response_schema.json"".
2023-02-07 10:59:56.868 &amp#27;[32m INFO&amp#27;[m &amp#27;[35m[@503 - main]&amp#27;[m &amp#27;[36mcom.shaft.tools.io.ReportManager&amp#27;[m : File Action "GetAbsolutePath" successfully performed. With the following test data "Relative Folder Path: "src/test/resources/testDataFiles/Schemas/NotAcceptable_Response_schema.json"".
2023-02-07 10:59:56.870 &amp#27;[32m INFO&amp#27;[m &amp#27;[35m[@503 - main]&amp#27;[m &amp#27;[36mcom.shaft.tools.io.ReportManager&amp#27;[m : File Action "DoesFileExist" successfully performed. With the following test data "File Path: "C:\eclipse-workspace\MyProjects\TASystemsAPIs\src\test\resources\testDataFiles\Schemas\NotAcceptable_Response_schema.json"".
2023-02-07 10:59:56.870 &amp#27;[32m INFO&amp#27;[m &amp#27;[35m[@503 - main]&amp#27;[m &amp#27;[36mcom.shaft.tools.io.ReportManager&amp#27;[m : File Action "GetAbsolutePath" successfully performed. With the following test data "Relative Folder Path: "C:\eclipse-workspace\MyProjects\TASystemsAPIs\src\test\resources\testDataFiles\Schemas\NotAcceptable_Response_schema.json"".
2023-02-07 10:59:56.870 &amp#27;[32m INFO&amp#27;[m &amp#27;[35m[@503 - main]&amp#27;[m &amp#27;[36mcom.shaft.tools.io.ReportManager&amp#27;[m : File Action "ReadFile" successfully performed. With the following test data "File Path: "C:\eclipse-workspace\MyProjects\TASystemsAPIs\src\test\resources\testDataFiles\Schemas\NotAcceptable_Response_schema.json"".
2023-02-07 10:59:56.872 &amp#27;[32m INFO&amp#27;[m &amp#27;[35m[@503 - main]&amp#27;[m &amp#27;[36mcom.shaft.tools.io.ReportManager&amp#27;[m : Successfully created attachment "Validation Test Data - Expected JSON Value"
2023-02-07 10:59:56.875 &amp#27;[32m INFO&amp#27;[m &amp#27;[35m[@503 - main]&amp#27;[m &amp#27;[36mcom.shaft.tools.io.ReportManager&amp#27;[m : Successfully created attachment "Validation Test Data - Actual JSON Value"
2023-02-07 10:59:56.876 &amp#27;[32m INFO&amp#27;[m &amp#27;[35m[@503 - main]&amp#27;[m &amp#27;[36mcom.shaft.tools.io.ReportManager&amp#27;[m : Successfully created attachment "SHAFT Engine Logs - Current Method log: Add_Policy_With_NotAccepted_data_TC"
]]></system-out>
  </testcase>
  <testcase name="Add_Policy_With_NotAccepted_data_TC[[Ljava.lang.Object;@524f0a67](2)" classname="SteeringCompanyAPI_TestCases.Test_Policies_Cases" time="1.358">
    <system-out><![CDATA[2023-02-07 10:59:56.880 &amp#27;[32m INFO&amp#27;[m &amp#27;[35m[@534 - main]&amp#27;[m &amp#27;[36mcom.shaft.tools.io.ReportManager&amp#27;[m : 
################################################################################################################################################
Starting Execution:	"197 out of 107" test cases in the current suite
Test Method:		"SteeringCompanyAPI_TestCases.Test_Policies_Cases.Add_Policy_With_NotAccepted_data_TC"
Test Description:	"TC054 -Policy- Perform Add Policy with NotAccepted data"
################################################################################################################################################
2023-02-07 10:59:56.881 &amp#27;[32m INFO&amp#27;[m &amp#27;[35m[@503 - main]&amp#27;[m &amp#27;[36mcom.shaft.tools.io.ReportManager&amp#27;[m : File Action "DoesFileExist" successfully performed. With the following test data "File Path: "SteeringCompanyAPI_TestData/SteeringCompanyAPI_TestData.xlsx"".
2023-02-07 10:59:56.911 &amp#27;[32m INFO&amp#27;[m &amp#27;[35m[@503 - main]&amp#27;[m &amp#27;[36mcom.shaft.tools.io.ReportManager&amp#27;[m : Successfully created attachment "Test Data - Excel"
2023-02-07 10:59:57.529 &amp#27;[32m INFO&amp#27;[m &amp#27;[35m[@503 - main]&amp#27;[m &amp#27;[36mcom.shaft.tools.io.ReportManager&amp#27;[m : Response status code: "200", status line: "HTTP/1.1 200 OK"
2023-02-07 10:59:57.555 &amp#27;[32m INFO&amp#27;[m &amp#27;[35m[@503 - main]&amp#27;[m &amp#27;[36mcom.shaft.tools.io.ReportManager&amp#27;[m : Successfully created attachment "API Request - Specifications"
2023-02-07 10:59:57.559 &amp#27;[32m INFO&amp#27;[m &amp#27;[35m[@503 - main]&amp#27;[m &amp#27;[36mcom.shaft.tools.io.ReportManager&amp#27;[m : Successfully created attachment "API Request - Body"
2023-02-07 10:59:57.562 &amp#27;[32m INFO&amp#27;[m &amp#27;[35m[@503 - main]&amp#27;[m &amp#27;[36mcom.shaft.tools.io.ReportManager&amp#27;[m : Successfully created attachment "API Response - JSON Body"
2023-02-07 10:59:57.579 &amp#27;[32m INFO&amp#27;[m &amp#27;[35m[@503 - main]&amp#27;[m &amp#27;[36mcom.shaft.tools.io.ReportManager&amp#27;[m : File Action "DoesFileExist" successfully performed. With the following test data "File Path: "SteeringCompanyAPI_TestData/SteeringCompanyAPI_TestData.xlsx"".
2023-02-07 10:59:57.623 &amp#27;[32m INFO&amp#27;[m &amp#27;[35m[@503 - main]&amp#27;[m &amp#27;[36mcom.shaft.tools.io.ReportManager&amp#27;[m : Successfully created attachment "Test Data - Excel"
2023-02-07 10:59:57.623 &amp#27;[32m INFO&amp#27;[m &amp#27;[35m[@503 - main]&amp#27;[m &amp#27;[36mcom.shaft.tools.io.ReportManager&amp#27;[m : File Action "DoesFileExist" successfully performed. With the following test data "File Path: "SteeringCompanyAPI_TestData/SteeringCompanyAPI_TestData.xlsx"".
2023-02-07 10:59:57.651 &amp#27;[32m INFO&amp#27;[m &amp#27;[35m[@503 - main]&amp#27;[m &amp#27;[36mcom.shaft.tools.io.ReportManager&amp#27;[m : Successfully created attachment "Test Data - Excel"
2023-02-07 10:59:57.651 &amp#27;[32m INFO&amp#27;[m &amp#27;[35m[@503 - main]&amp#27;[m &amp#27;[36mcom.shaft.tools.io.ReportManager&amp#27;[m : File Action "DoesFileExist" successfully performed. With the following test data "File Path: "SteeringCompanyAPI_TestData/SteeringCompanyAPI_TestData.xlsx"".
2023-02-07 10:59:57.681 &amp#27;[32m INFO&amp#27;[m &amp#27;[35m[@503 - main]&amp#27;[m &amp#27;[36mcom.shaft.tools.io.ReportManager&amp#27;[m : Successfully created attachment "Test Data - Excel"
2023-02-07 10:59:58.194 &amp#27;[32m INFO&amp#27;[m &amp#27;[35m[@503 - main]&amp#27;[m &amp#27;[36mcom.shaft.tools.io.ReportManager&amp#27;[m : Response status code: "406", status line: "HTTP/1.1 406 "
2023-02-07 10:59:58.216 &amp#27;[32m INFO&amp#27;[m &amp#27;[35m[@503 - main]&amp#27;[m &amp#27;[36mcom.shaft.tools.io.ReportManager&amp#27;[m : Successfully created attachment "API Request - Specifications"
2023-02-07 10:59:58.220 &amp#27;[32m INFO&amp#27;[m &amp#27;[35m[@503 - main]&amp#27;[m &amp#27;[36mcom.shaft.tools.io.ReportManager&amp#27;[m : Successfully created attachment "API Request - JSON Body"
2023-02-07 10:59:58.221 &amp#27;[32m INFO&amp#27;[m &amp#27;[35m[@503 - main]&amp#27;[m &amp#27;[36mcom.shaft.tools.io.ReportManager&amp#27;[m : Successfully created attachment "API Response - JSON Body"
2023-02-07 10:59:58.222 &amp#27;[32m INFO&amp#27;[m &amp#27;[35m[@503 - main]&amp#27;[m &amp#27;[36mcom.shaft.tools.io.ReportManager&amp#27;[m : File Action "DoesFileExist" successfully performed. With the following test data "File Path: "Schemas/NotAcceptable_Response_schema.json"".
2023-02-07 10:59:58.223 &amp#27;[32m INFO&amp#27;[m &amp#27;[35m[@503 - main]&amp#27;[m &amp#27;[36mcom.shaft.tools.io.ReportManager&amp#27;[m : File Action "DoesFileExist" successfully performed. With the following test data "File Path: "src/test/resources/testDataFiles/Schemas/NotAcceptable_Response_schema.json"".
2023-02-07 10:59:58.223 &amp#27;[32m INFO&amp#27;[m &amp#27;[35m[@503 - main]&amp#27;[m &amp#27;[36mcom.shaft.tools.io.ReportManager&amp#27;[m : File Action "GetAbsolutePath" successfully performed. With the following test data "Relative Folder Path: "src/test/resources/testDataFiles/Schemas/NotAcceptable_Response_schema.json"".
2023-02-07 10:59:58.227 &amp#27;[32m INFO&amp#27;[m &amp#27;[35m[@503 - main]&amp#27;[m &amp#27;[36mcom.shaft.tools.io.ReportManager&amp#27;[m : File Action "DoesFileExist" successfully performed. With the following test data "File Path: "C:\eclipse-workspace\MyProjects\TASystemsAPIs\src\test\resources\testDataFiles\Schemas\NotAcceptable_Response_schema.json"".
2023-02-07 10:59:58.227 &amp#27;[32m INFO&amp#27;[m &amp#27;[35m[@503 - main]&amp#27;[m &amp#27;[36mcom.shaft.tools.io.ReportManager&amp#27;[m : File Action "GetAbsolutePath" successfully performed. With the following test data "Relative Folder Path: "C:\eclipse-workspace\MyProjects\TASystemsAPIs\src\test\resources\testDataFiles\Schemas\NotAcceptable_Response_schema.json"".
2023-02-07 10:59:58.228 &amp#27;[32m INFO&amp#27;[m &amp#27;[35m[@503 - main]&amp#27;[m &amp#27;[36mcom.shaft.tools.io.ReportManager&amp#27;[m : File Action "ReadFile" successfully performed. With the following test data "File Path: "C:\eclipse-workspace\MyProjects\TASystemsAPIs\src\test\resources\testDataFiles\Schemas\NotAcceptable_Response_schema.json"".
2023-02-07 10:59:58.230 &amp#27;[32m INFO&amp#27;[m &amp#27;[35m[@503 - main]&amp#27;[m &amp#27;[36mcom.shaft.tools.io.ReportManager&amp#27;[m : Successfully created attachment "Validation Test Data - Expected JSON Value"
2023-02-07 10:59:58.232 &amp#27;[32m INFO&amp#27;[m &amp#27;[35m[@503 - main]&amp#27;[m &amp#27;[36mcom.shaft.tools.io.ReportManager&amp#27;[m : Successfully created attachment "Validation Test Data - Actual JSON Value"
2023-02-07 10:59:58.234 &amp#27;[32m INFO&amp#27;[m &amp#27;[35m[@503 - main]&amp#27;[m &amp#27;[36mcom.shaft.tools.io.ReportManager&amp#27;[m : Successfully created attachment "SHAFT Engine Logs - Current Method log: Add_Policy_With_NotAccepted_data_TC"
]]></system-out>
  </testcase>
  <testcase name="Add_Policy_With_NotAccepted_data_TC[[Ljava.lang.Object;@2f6bf880](3)" classname="SteeringCompanyAPI_TestCases.Test_Policies_Cases" time="1.35">
    <system-out><![CDATA[2023-02-07 10:59:58.240 &amp#27;[32m INFO&amp#27;[m &amp#27;[35m[@534 - main]&amp#27;[m &amp#27;[36mcom.shaft.tools.io.ReportManager&amp#27;[m : 
################################################################################################################################################
Starting Execution:	"198 out of 107" test cases in the current suite
Test Method:		"SteeringCompanyAPI_TestCases.Test_Policies_Cases.Add_Policy_With_NotAccepted_data_TC"
Test Description:	"TC054 -Policy- Perform Add Policy with NotAccepted data"
################################################################################################################################################
2023-02-07 10:59:58.241 &amp#27;[32m INFO&amp#27;[m &amp#27;[35m[@503 - main]&amp#27;[m &amp#27;[36mcom.shaft.tools.io.ReportManager&amp#27;[m : File Action "DoesFileExist" successfully performed. With the following test data "File Path: "SteeringCompanyAPI_TestData/SteeringCompanyAPI_TestData.xlsx"".
2023-02-07 10:59:58.273 &amp#27;[32m INFO&amp#27;[m &amp#27;[35m[@503 - main]&amp#27;[m &amp#27;[36mcom.shaft.tools.io.ReportManager&amp#27;[m : Successfully created attachment "Test Data - Excel"
2023-02-07 10:59:58.912 &amp#27;[32m INFO&amp#27;[m &amp#27;[35m[@503 - main]&amp#27;[m &amp#27;[36mcom.shaft.tools.io.ReportManager&amp#27;[m : Response status code: "200", status line: "HTTP/1.1 200 OK"
2023-02-07 10:59:58.932 &amp#27;[32m INFO&amp#27;[m &amp#27;[35m[@503 - main]&amp#27;[m &amp#27;[36mcom.shaft.tools.io.ReportManager&amp#27;[m : Successfully created attachment "API Request - Specifications"
2023-02-07 10:59:58.935 &amp#27;[32m INFO&amp#27;[m &amp#27;[35m[@503 - main]&amp#27;[m &amp#27;[36mcom.shaft.tools.io.ReportManager&amp#27;[m : Successfully created attachment "API Request - Body"
2023-02-07 10:59:58.936 &amp#27;[32m INFO&amp#27;[m &amp#27;[35m[@503 - main]&amp#27;[m &amp#27;[36mcom.shaft.tools.io.ReportManager&amp#27;[m : Successfully created attachment "API Response - JSON Body"
2023-02-07 10:59:58.951 &amp#27;[32m INFO&amp#27;[m &amp#27;[35m[@503 - main]&amp#27;[m &amp#27;[36mcom.shaft.tools.io.ReportManager&amp#27;[m : File Action "DoesFileExist" successfully performed. With the following test data "File Path: "SteeringCompanyAPI_TestData/SteeringCompanyAPI_TestData.xlsx"".
2023-02-07 10:59:58.970 &amp#27;[32m INFO&amp#27;[m &amp#27;[35m[@503 - main]&amp#27;[m &amp#27;[36mcom.shaft.tools.io.ReportManager&amp#27;[m : Successfully created attachment "Test Data - Excel"
2023-02-07 10:59:58.971 &amp#27;[32m INFO&amp#27;[m &amp#27;[35m[@503 - main]&amp#27;[m &amp#27;[36mcom.shaft.tools.io.ReportManager&amp#27;[m : File Action "DoesFileExist" successfully performed. With the following test data "File Path: "SteeringCompanyAPI_TestData/SteeringCompanyAPI_TestData.xlsx"".
2023-02-07 10:59:59.014 &amp#27;[32m INFO&amp#27;[m &amp#27;[35m[@503 - main]&amp#27;[m &amp#27;[36mcom.shaft.tools.io.ReportManager&amp#27;[m : Successfully created attachment "Test Data - Excel"
2023-02-07 10:59:59.015 &amp#27;[32m INFO&amp#27;[m &amp#27;[35m[@503 - main]&amp#27;[m &amp#27;[36mcom.shaft.tools.io.ReportManager&amp#27;[m : File Action "DoesFileExist" successfully performed. With the following test data "File Path: "SteeringCompanyAPI_TestData/SteeringCompanyAPI_TestData.xlsx"".
2023-02-07 10:59:59.054 &amp#27;[32m INFO&amp#27;[m &amp#27;[35m[@503 - main]&amp#27;[m &amp#27;[36mcom.shaft.tools.io.ReportManager&amp#27;[m : Successfully created attachment "Test Data - Excel"
2023-02-07 10:59:59.547 &amp#27;[32m INFO&amp#27;[m &amp#27;[35m[@503 - main]&amp#27;[m &amp#27;[36mcom.shaft.tools.io.ReportManager&amp#27;[m : Response status code: "406", status line: "HTTP/1.1 406 "
2023-02-07 10:59:59.564 &amp#27;[32m INFO&amp#27;[m &amp#27;[35m[@503 - main]&amp#27;[m &amp#27;[36mcom.shaft.tools.io.ReportManager&amp#27;[m : Successfully created attachment "API Request - Specifications"
2023-02-07 10:59:59.568 &amp#27;[32m INFO&amp#27;[m &amp#27;[35m[@503 - main]&amp#27;[m &amp#27;[36mcom.shaft.tools.io.ReportManager&amp#27;[m : Successfully created attachment "API Request - JSON Body"
2023-02-07 10:59:59.569 &amp#27;[32m INFO&amp#27;[m &amp#27;[35m[@503 - main]&amp#27;[m &amp#27;[36mcom.shaft.tools.io.ReportManager&amp#27;[m : Successfully created attachment "API Response - JSON Body"
2023-02-07 10:59:59.573 &amp#27;[32m INFO&amp#27;[m &amp#27;[35m[@503 - main]&amp#27;[m &amp#27;[36mcom.shaft.tools.io.ReportManager&amp#27;[m : File Action "DoesFileExist" successfully performed. With the following test data "File Path: "Schemas/NotAcceptable_Response_schema.json"".
2023-02-07 10:59:59.573 &amp#27;[32m INFO&amp#27;[m &amp#27;[35m[@503 - main]&amp#27;[m &amp#27;[36mcom.shaft.tools.io.ReportManager&amp#27;[m : File Action "DoesFileExist" successfully performed. With the following test data "File Path: "src/test/resources/testDataFiles/Schemas/NotAcceptable_Response_schema.json"".
2023-02-07 10:59:59.574 &amp#27;[32m INFO&amp#27;[m &amp#27;[35m[@503 - main]&amp#27;[m &amp#27;[36mcom.shaft.tools.io.ReportManager&amp#27;[m : File Action "GetAbsolutePath" successfully performed. With the following test data "Relative Folder Path: "src/test/resources/testDataFiles/Schemas/NotAcceptable_Response_schema.json"".
2023-02-07 10:59:59.577 &amp#27;[32m INFO&amp#27;[m &amp#27;[35m[@503 - main]&amp#27;[m &amp#27;[36mcom.shaft.tools.io.ReportManager&amp#27;[m : File Action "DoesFileExist" successfully performed. With the following test data "File Path: "C:\eclipse-workspace\MyProjects\TASystemsAPIs\src\test\resources\testDataFiles\Schemas\NotAcceptable_Response_schema.json"".
2023-02-07 10:59:59.577 &amp#27;[32m INFO&amp#27;[m &amp#27;[35m[@503 - main]&amp#27;[m &amp#27;[36mcom.shaft.tools.io.ReportManager&amp#27;[m : File Action "GetAbsolutePath" successfully performed. With the following test data "Relative Folder Path: "C:\eclipse-workspace\MyProjects\TASystemsAPIs\src\test\resources\testDataFiles\Schemas\NotAcceptable_Response_schema.json"".
2023-02-07 10:59:59.578 &amp#27;[32m INFO&amp#27;[m &amp#27;[35m[@503 - main]&amp#27;[m &amp#27;[36mcom.shaft.tools.io.ReportManager&amp#27;[m : File Action "ReadFile" successfully performed. With the following test data "File Path: "C:\eclipse-workspace\MyProjects\TASystemsAPIs\src\test\resources\testDataFiles\Schemas\NotAcceptable_Response_schema.json"".
2023-02-07 10:59:59.580 &amp#27;[32m INFO&amp#27;[m &amp#27;[35m[@503 - main]&amp#27;[m &amp#27;[36mcom.shaft.tools.io.ReportManager&amp#27;[m : Successfully created attachment "Validation Test Data - Expected JSON Value"
2023-02-07 10:59:59.582 &amp#27;[32m INFO&amp#27;[m &amp#27;[35m[@503 - main]&amp#27;[m &amp#27;[36mcom.shaft.tools.io.ReportManager&amp#27;[m : Successfully created attachment "Validation Test Data - Actual JSON Value"
2023-02-07 10:59:59.584 &amp#27;[32m INFO&amp#27;[m &amp#27;[35m[@503 - main]&amp#27;[m &amp#27;[36mcom.shaft.tools.io.ReportManager&amp#27;[m : Successfully created attachment "SHAFT Engine Logs - Current Method log: Add_Policy_With_NotAccepted_data_TC"
]]></system-out>
  </testcase>
  <testcase name="Add_Policy_With_NotFound_data_TC[[Ljava.lang.Object;@f1099cb](1)" classname="SteeringCompanyAPI_TestCases.Test_Policies_Cases" time="1.319">
    <system-out><![CDATA[2023-02-07 10:59:59.596 &amp#27;[32m INFO&amp#27;[m &amp#27;[35m[@534 - main]&amp#27;[m &amp#27;[36mcom.shaft.tools.io.ReportManager&amp#27;[m : 
################################################################################################################################################
Starting Execution:	"199 out of 107" test cases in the current suite
Test Method:		"SteeringCompanyAPI_TestCases.Test_Policies_Cases.Add_Policy_With_NotFound_data_TC"
Test Description:	"TC056 -Policy- Perform Add Policy with NotFound data"
################################################################################################################################################
2023-02-07 10:59:59.597 &amp#27;[32m INFO&amp#27;[m &amp#27;[35m[@503 - main]&amp#27;[m &amp#27;[36mcom.shaft.tools.io.ReportManager&amp#27;[m : File Action "DoesFileExist" successfully performed. With the following test data "File Path: "SteeringCompanyAPI_TestData/SteeringCompanyAPI_TestData.xlsx"".
2023-02-07 10:59:59.626 &amp#27;[32m INFO&amp#27;[m &amp#27;[35m[@503 - main]&amp#27;[m &amp#27;[36mcom.shaft.tools.io.ReportManager&amp#27;[m : Successfully created attachment "Test Data - Excel"
2023-02-07 11:00:00.254 &amp#27;[32m INFO&amp#27;[m &amp#27;[35m[@503 - main]&amp#27;[m &amp#27;[36mcom.shaft.tools.io.ReportManager&amp#27;[m : Response status code: "200", status line: "HTTP/1.1 200 OK"
2023-02-07 11:00:00.263 &amp#27;[32m INFO&amp#27;[m &amp#27;[35m[@503 - main]&amp#27;[m &amp#27;[36mcom.shaft.tools.io.ReportManager&amp#27;[m : Successfully created attachment "API Request - Specifications"
2023-02-07 11:00:00.263 &amp#27;[32m INFO&amp#27;[m &amp#27;[35m[@503 - main]&amp#27;[m &amp#27;[36mcom.shaft.tools.io.ReportManager&amp#27;[m : Successfully created attachment "API Request - Body"
2023-02-07 11:00:00.268 &amp#27;[32m INFO&amp#27;[m &amp#27;[35m[@503 - main]&amp#27;[m &amp#27;[36mcom.shaft.tools.io.ReportManager&amp#27;[m : Successfully created attachment "API Response - JSON Body"
2023-02-07 11:00:00.285 &amp#27;[32m INFO&amp#27;[m &amp#27;[35m[@503 - main]&amp#27;[m &amp#27;[36mcom.shaft.tools.io.ReportManager&amp#27;[m : File Action "DoesFileExist" successfully performed. With the following test data "File Path: "SteeringCompanyAPI_TestData/SteeringCompanyAPI_TestData.xlsx"".
2023-02-07 11:00:00.324 &amp#27;[32m INFO&amp#27;[m &amp#27;[35m[@503 - main]&amp#27;[m &amp#27;[36mcom.shaft.tools.io.ReportManager&amp#27;[m : Successfully created attachment "Test Data - Excel"
2023-02-07 11:00:00.324 &amp#27;[32m INFO&amp#27;[m &amp#27;[35m[@503 - main]&amp#27;[m &amp#27;[36mcom.shaft.tools.io.ReportManager&amp#27;[m : File Action "DoesFileExist" successfully performed. With the following test data "File Path: "SteeringCompanyAPI_TestData/SteeringCompanyAPI_TestData.xlsx"".
2023-02-07 11:00:00.358 &amp#27;[32m INFO&amp#27;[m &amp#27;[35m[@503 - main]&amp#27;[m &amp#27;[36mcom.shaft.tools.io.ReportManager&amp#27;[m : Successfully created attachment "Test Data - Excel"
2023-02-07 11:00:00.358 &amp#27;[32m INFO&amp#27;[m &amp#27;[35m[@503 - main]&amp#27;[m &amp#27;[36mcom.shaft.tools.io.ReportManager&amp#27;[m : File Action "DoesFileExist" successfully performed. With the following test data "File Path: "SteeringCompanyAPI_TestData/SteeringCompanyAPI_TestData.xlsx"".
2023-02-07 11:00:00.388 &amp#27;[32m INFO&amp#27;[m &amp#27;[35m[@503 - main]&amp#27;[m &amp#27;[36mcom.shaft.tools.io.ReportManager&amp#27;[m : Successfully created attachment "Test Data - Excel"
2023-02-07 11:00:00.883 &amp#27;[32m INFO&amp#27;[m &amp#27;[35m[@503 - main]&amp#27;[m &amp#27;[36mcom.shaft.tools.io.ReportManager&amp#27;[m : Response status code: "404", status line: "HTTP/1.1 404 "
2023-02-07 11:00:00.896 &amp#27;[32m INFO&amp#27;[m &amp#27;[35m[@503 - main]&amp#27;[m &amp#27;[36mcom.shaft.tools.io.ReportManager&amp#27;[m : Successfully created attachment "API Request - Specifications"
2023-02-07 11:00:00.897 &amp#27;[32m INFO&amp#27;[m &amp#27;[35m[@503 - main]&amp#27;[m &amp#27;[36mcom.shaft.tools.io.ReportManager&amp#27;[m : Successfully created attachment "API Request - JSON Body"
2023-02-07 11:00:00.900 &amp#27;[32m INFO&amp#27;[m &amp#27;[35m[@503 - main]&amp#27;[m &amp#27;[36mcom.shaft.tools.io.ReportManager&amp#27;[m : Successfully created attachment "API Response - JSON Body"
2023-02-07 11:00:00.901 &amp#27;[32m INFO&amp#27;[m &amp#27;[35m[@503 - main]&amp#27;[m &amp#27;[36mcom.shaft.tools.io.ReportManager&amp#27;[m : File Action "DoesFileExist" successfully performed. With the following test data "File Path: "Schemas/NotFoundError_schema.json"".
2023-02-07 11:00:00.901 &amp#27;[32m INFO&amp#27;[m &amp#27;[35m[@503 - main]&amp#27;[m &amp#27;[36mcom.shaft.tools.io.ReportManager&amp#27;[m : File Action "DoesFileExist" successfully performed. With the following test data "File Path: "src/test/resources/testDataFiles/Schemas/NotFoundError_schema.json"".
2023-02-07 11:00:00.902 &amp#27;[32m INFO&amp#27;[m &amp#27;[35m[@503 - main]&amp#27;[m &amp#27;[36mcom.shaft.tools.io.ReportManager&amp#27;[m : File Action "GetAbsolutePath" successfully performed. With the following test data "Relative Folder Path: "src/test/resources/testDataFiles/Schemas/NotFoundError_schema.json"".
2023-02-07 11:00:00.907 &amp#27;[32m INFO&amp#27;[m &amp#27;[35m[@503 - main]&amp#27;[m &amp#27;[36mcom.shaft.tools.io.ReportManager&amp#27;[m : File Action "DoesFileExist" successfully performed. With the following test data "File Path: "C:\eclipse-workspace\MyProjects\TASystemsAPIs\src\test\resources\testDataFiles\Schemas\NotFoundError_schema.json"".
2023-02-07 11:00:00.907 &amp#27;[32m INFO&amp#27;[m &amp#27;[35m[@503 - main]&amp#27;[m &amp#27;[36mcom.shaft.tools.io.ReportManager&amp#27;[m : File Action "GetAbsolutePath" successfully performed. With the following test data "Relative Folder Path: "C:\eclipse-workspace\MyProjects\TASystemsAPIs\src\test\resources\testDataFiles\Schemas\NotFoundError_schema.json"".
2023-02-07 11:00:00.907 &amp#27;[32m INFO&amp#27;[m &amp#27;[35m[@503 - main]&amp#27;[m &amp#27;[36mcom.shaft.tools.io.ReportManager&amp#27;[m : File Action "ReadFile" successfully performed. With the following test data "File Path: "C:\eclipse-workspace\MyProjects\TASystemsAPIs\src\test\resources\testDataFiles\Schemas\NotFoundError_schema.json"".
2023-02-07 11:00:00.909 &amp#27;[32m INFO&amp#27;[m &amp#27;[35m[@503 - main]&amp#27;[m &amp#27;[36mcom.shaft.tools.io.ReportManager&amp#27;[m : Successfully created attachment "Validation Test Data - Expected JSON Value"
2023-02-07 11:00:00.910 &amp#27;[32m INFO&amp#27;[m &amp#27;[35m[@503 - main]&amp#27;[m &amp#27;[36mcom.shaft.tools.io.ReportManager&amp#27;[m : Successfully created attachment "Validation Test Data - Actual JSON Value"
2023-02-07 11:00:00.911 &amp#27;[32m INFO&amp#27;[m &amp#27;[35m[@503 - main]&amp#27;[m &amp#27;[36mcom.shaft.tools.io.ReportManager&amp#27;[m : Successfully created attachment "SHAFT Engine Logs - Current Method log: Add_Policy_With_NotFound_data_TC"
]]></system-out>
  </testcase>
  <testcase name="Get_Policy_With_BadRequest_data_TC[[Ljava.lang.Object;@20869506](1)" classname="SteeringCompanyAPI_TestCases.Test_Policies_Cases" time="1.524">
    <system-out><![CDATA[2023-02-07 11:00:00.928 &amp#27;[32m INFO&amp#27;[m &amp#27;[35m[@534 - main]&amp#27;[m &amp#27;[36mcom.shaft.tools.io.ReportManager&amp#27;[m : 
################################################################################################################################################
Starting Execution:	"200 out of 107" test cases in the current suite
Test Method:		"SteeringCompanyAPI_TestCases.Test_Policies_Cases.Get_Policy_With_BadRequest_data_TC"
Test Description:	"TC059 -Policy- Perform Get Policy with BadRequest data"
################################################################################################################################################
2023-02-07 11:00:00.928 &amp#27;[32m INFO&amp#27;[m &amp#27;[35m[@503 - main]&amp#27;[m &amp#27;[36mcom.shaft.tools.io.ReportManager&amp#27;[m : File Action "DoesFileExist" successfully performed. With the following test data "File Path: "SteeringCompanyAPI_TestData/SteeringCompanyAPI_TestData.xlsx"".
2023-02-07 11:00:00.948 &amp#27;[32m INFO&amp#27;[m &amp#27;[35m[@503 - main]&amp#27;[m &amp#27;[36mcom.shaft.tools.io.ReportManager&amp#27;[m : Successfully created attachment "Test Data - Excel"
2023-02-07 11:00:01.755 &amp#27;[32m INFO&amp#27;[m &amp#27;[35m[@503 - main]&amp#27;[m &amp#27;[36mcom.shaft.tools.io.ReportManager&amp#27;[m : Response status code: "200", status line: "HTTP/1.1 200 OK"
2023-02-07 11:00:01.775 &amp#27;[32m INFO&amp#27;[m &amp#27;[35m[@503 - main]&amp#27;[m &amp#27;[36mcom.shaft.tools.io.ReportManager&amp#27;[m : Successfully created attachment "API Request - Specifications"
2023-02-07 11:00:01.777 &amp#27;[32m INFO&amp#27;[m &amp#27;[35m[@503 - main]&amp#27;[m &amp#27;[36mcom.shaft.tools.io.ReportManager&amp#27;[m : Successfully created attachment "API Request - Body"
2023-02-07 11:00:01.781 &amp#27;[32m INFO&amp#27;[m &amp#27;[35m[@503 - main]&amp#27;[m &amp#27;[36mcom.shaft.tools.io.ReportManager&amp#27;[m : Successfully created attachment "API Response - JSON Body"
2023-02-07 11:00:01.799 &amp#27;[32m INFO&amp#27;[m &amp#27;[35m[@503 - main]&amp#27;[m &amp#27;[36mcom.shaft.tools.io.ReportManager&amp#27;[m : File Action "DoesFileExist" successfully performed. With the following test data "File Path: "SteeringCompanyAPI_TestData/SteeringCompanyAPI_TestData.xlsx"".
2023-02-07 11:00:01.843 &amp#27;[32m INFO&amp#27;[m &amp#27;[35m[@503 - main]&amp#27;[m &amp#27;[36mcom.shaft.tools.io.ReportManager&amp#27;[m : Successfully created attachment "Test Data - Excel"
2023-02-07 11:00:01.843 &amp#27;[32m INFO&amp#27;[m &amp#27;[35m[@503 - main]&amp#27;[m &amp#27;[36mcom.shaft.tools.io.ReportManager&amp#27;[m : File Action "DoesFileExist" successfully performed. With the following test data "File Path: "SteeringCompanyAPI_TestData/SteeringCompanyAPI_TestData.xlsx"".
2023-02-07 11:00:01.869 &amp#27;[32m INFO&amp#27;[m &amp#27;[35m[@503 - main]&amp#27;[m &amp#27;[36mcom.shaft.tools.io.ReportManager&amp#27;[m : Successfully created attachment "Test Data - Excel"
2023-02-07 11:00:01.869 &amp#27;[32m INFO&amp#27;[m &amp#27;[35m[@503 - main]&amp#27;[m &amp#27;[36mcom.shaft.tools.io.ReportManager&amp#27;[m : File Action "DoesFileExist" successfully performed. With the following test data "File Path: "SteeringCompanyAPI_TestData/SteeringCompanyAPI_TestData.xlsx"".
2023-02-07 11:00:01.891 &amp#27;[32m INFO&amp#27;[m &amp#27;[35m[@503 - main]&amp#27;[m &amp#27;[36mcom.shaft.tools.io.ReportManager&amp#27;[m : Successfully created attachment "Test Data - Excel"
2023-02-07 11:00:02.418 &amp#27;[32m INFO&amp#27;[m &amp#27;[35m[@503 - main]&amp#27;[m &amp#27;[36mcom.shaft.tools.io.ReportManager&amp#27;[m : Response status code: "400", status line: "HTTP/1.1 400 "
2023-02-07 11:00:02.433 &amp#27;[32m INFO&amp#27;[m &amp#27;[35m[@503 - main]&amp#27;[m &amp#27;[36mcom.shaft.tools.io.ReportManager&amp#27;[m : Successfully created attachment "API Request - Specifications"
2023-02-07 11:00:02.439 &amp#27;[32m INFO&amp#27;[m &amp#27;[35m[@503 - main]&amp#27;[m &amp#27;[36mcom.shaft.tools.io.ReportManager&amp#27;[m : Successfully created attachment "API Response - JSON Body"
2023-02-07 11:00:02.440 &amp#27;[32m INFO&amp#27;[m &amp#27;[35m[@503 - main]&amp#27;[m &amp#27;[36mcom.shaft.tools.io.ReportManager&amp#27;[m : File Action "DoesFileExist" successfully performed. With the following test data "File Path: "Schemas/BadRequestError_schema.json"".
2023-02-07 11:00:02.440 &amp#27;[32m INFO&amp#27;[m &amp#27;[35m[@503 - main]&amp#27;[m &amp#27;[36mcom.shaft.tools.io.ReportManager&amp#27;[m : File Action "DoesFileExist" successfully performed. With the following test data "File Path: "src/test/resources/testDataFiles/Schemas/BadRequestError_schema.json"".
2023-02-07 11:00:02.440 &amp#27;[32m INFO&amp#27;[m &amp#27;[35m[@503 - main]&amp#27;[m &amp#27;[36mcom.shaft.tools.io.ReportManager&amp#27;[m : File Action "GetAbsolutePath" successfully performed. With the following test data "Relative Folder Path: "src/test/resources/testDataFiles/Schemas/BadRequestError_schema.json"".
2023-02-07 11:00:02.443 &amp#27;[32m INFO&amp#27;[m &amp#27;[35m[@503 - main]&amp#27;[m &amp#27;[36mcom.shaft.tools.io.ReportManager&amp#27;[m : File Action "DoesFileExist" successfully performed. With the following test data "File Path: "C:\eclipse-workspace\MyProjects\TASystemsAPIs\src\test\resources\testDataFiles\Schemas\BadRequestError_schema.json"".
2023-02-07 11:00:02.443 &amp#27;[32m INFO&amp#27;[m &amp#27;[35m[@503 - main]&amp#27;[m &amp#27;[36mcom.shaft.tools.io.ReportManager&amp#27;[m : File Action "GetAbsolutePath" successfully performed. With the following test data "Relative Folder Path: "C:\eclipse-workspace\MyProjects\TASystemsAPIs\src\test\resources\testDataFiles\Schemas\BadRequestError_schema.json"".
2023-02-07 11:00:02.443 &amp#27;[32m INFO&amp#27;[m &amp#27;[35m[@503 - main]&amp#27;[m &amp#27;[36mcom.shaft.tools.io.ReportManager&amp#27;[m : File Action "ReadFile" successfully performed. With the following test data "File Path: "C:\eclipse-workspace\MyProjects\TASystemsAPIs\src\test\resources\testDataFiles\Schemas\BadRequestError_schema.json"".
2023-02-07 11:00:02.445 &amp#27;[32m INFO&amp#27;[m &amp#27;[35m[@503 - main]&amp#27;[m &amp#27;[36mcom.shaft.tools.io.ReportManager&amp#27;[m : Successfully created attachment "Validation Test Data - Expected JSON Value"
2023-02-07 11:00:02.446 &amp#27;[32m INFO&amp#27;[m &amp#27;[35m[@503 - main]&amp#27;[m &amp#27;[36mcom.shaft.tools.io.ReportManager&amp#27;[m : Successfully created attachment "Validation Test Data - Actual JSON Value"
2023-02-07 11:00:02.448 &amp#27;[32m INFO&amp#27;[m &amp#27;[35m[@503 - main]&amp#27;[m &amp#27;[36mcom.shaft.tools.io.ReportManager&amp#27;[m : Successfully created attachment "SHAFT Engine Logs - Current Method log: Get_Policy_With_BadRequest_data_TC"
]]></system-out>
  </testcase>
  <testcase name="Get_Policy_With_BadRequest_data_TC[[Ljava.lang.Object;@59d50e3d](2)" classname="SteeringCompanyAPI_TestCases.Test_Policies_Cases" time="1.353">
    <system-out><![CDATA[2023-02-07 11:00:02.453 &amp#27;[32m INFO&amp#27;[m &amp#27;[35m[@534 - main]&amp#27;[m &amp#27;[36mcom.shaft.tools.io.ReportManager&amp#27;[m : 
################################################################################################################################################
Starting Execution:	"201 out of 107" test cases in the current suite
Test Method:		"SteeringCompanyAPI_TestCases.Test_Policies_Cases.Get_Policy_With_BadRequest_data_TC"
Test Description:	"TC059 -Policy- Perform Get Policy with BadRequest data"
################################################################################################################################################
2023-02-07 11:00:02.454 &amp#27;[32m INFO&amp#27;[m &amp#27;[35m[@503 - main]&amp#27;[m &amp#27;[36mcom.shaft.tools.io.ReportManager&amp#27;[m : File Action "DoesFileExist" successfully performed. With the following test data "File Path: "SteeringCompanyAPI_TestData/SteeringCompanyAPI_TestData.xlsx"".
2023-02-07 11:00:02.481 &amp#27;[32m INFO&amp#27;[m &amp#27;[35m[@503 - main]&amp#27;[m &amp#27;[36mcom.shaft.tools.io.ReportManager&amp#27;[m : Successfully created attachment "Test Data - Excel"
2023-02-07 11:00:03.112 &amp#27;[32m INFO&amp#27;[m &amp#27;[35m[@503 - main]&amp#27;[m &amp#27;[36mcom.shaft.tools.io.ReportManager&amp#27;[m : Response status code: "200", status line: "HTTP/1.1 200 OK"
2023-02-07 11:00:03.132 &amp#27;[32m INFO&amp#27;[m &amp#27;[35m[@503 - main]&amp#27;[m &amp#27;[36mcom.shaft.tools.io.ReportManager&amp#27;[m : Successfully created attachment "API Request - Specifications"
2023-02-07 11:00:03.135 &amp#27;[32m INFO&amp#27;[m &amp#27;[35m[@503 - main]&amp#27;[m &amp#27;[36mcom.shaft.tools.io.ReportManager&amp#27;[m : Successfully created attachment "API Request - Body"
2023-02-07 11:00:03.140 &amp#27;[32m INFO&amp#27;[m &amp#27;[35m[@503 - main]&amp#27;[m &amp#27;[36mcom.shaft.tools.io.ReportManager&amp#27;[m : Successfully created attachment "API Response - JSON Body"
2023-02-07 11:00:03.156 &amp#27;[32m INFO&amp#27;[m &amp#27;[35m[@503 - main]&amp#27;[m &amp#27;[36mcom.shaft.tools.io.ReportManager&amp#27;[m : File Action "DoesFileExist" successfully performed. With the following test data "File Path: "SteeringCompanyAPI_TestData/SteeringCompanyAPI_TestData.xlsx"".
2023-02-07 11:00:03.186 &amp#27;[32m INFO&amp#27;[m &amp#27;[35m[@503 - main]&amp#27;[m &amp#27;[36mcom.shaft.tools.io.ReportManager&amp#27;[m : Successfully created attachment "Test Data - Excel"
2023-02-07 11:00:03.186 &amp#27;[32m INFO&amp#27;[m &amp#27;[35m[@503 - main]&amp#27;[m &amp#27;[36mcom.shaft.tools.io.ReportManager&amp#27;[m : File Action "DoesFileExist" successfully performed. With the following test data "File Path: "SteeringCompanyAPI_TestData/SteeringCompanyAPI_TestData.xlsx"".
2023-02-07 11:00:03.235 &amp#27;[32m INFO&amp#27;[m &amp#27;[35m[@503 - main]&amp#27;[m &amp#27;[36mcom.shaft.tools.io.ReportManager&amp#27;[m : Successfully created attachment "Test Data - Excel"
2023-02-07 11:00:03.235 &amp#27;[32m INFO&amp#27;[m &amp#27;[35m[@503 - main]&amp#27;[m &amp#27;[36mcom.shaft.tools.io.ReportManager&amp#27;[m : File Action "DoesFileExist" successfully performed. With the following test data "File Path: "SteeringCompanyAPI_TestData/SteeringCompanyAPI_TestData.xlsx"".
2023-02-07 11:00:03.274 &amp#27;[32m INFO&amp#27;[m &amp#27;[35m[@503 - main]&amp#27;[m &amp#27;[36mcom.shaft.tools.io.ReportManager&amp#27;[m : Successfully created attachment "Test Data - Excel"
2023-02-07 11:00:03.774 &amp#27;[32m INFO&amp#27;[m &amp#27;[35m[@503 - main]&amp#27;[m &amp#27;[36mcom.shaft.tools.io.ReportManager&amp#27;[m : Response status code: "400", status line: "HTTP/1.1 400 "
2023-02-07 11:00:03.790 &amp#27;[32m INFO&amp#27;[m &amp#27;[35m[@503 - main]&amp#27;[m &amp#27;[36mcom.shaft.tools.io.ReportManager&amp#27;[m : Successfully created attachment "API Request - Specifications"
2023-02-07 11:00:03.790 &amp#27;[32m INFO&amp#27;[m &amp#27;[35m[@503 - main]&amp#27;[m &amp#27;[36mcom.shaft.tools.io.ReportManager&amp#27;[m : Successfully created attachment "API Response - JSON Body"
2023-02-07 11:00:03.792 &amp#27;[32m INFO&amp#27;[m &amp#27;[35m[@503 - main]&amp#27;[m &amp#27;[36mcom.shaft.tools.io.ReportManager&amp#27;[m : File Action "DoesFileExist" successfully performed. With the following test data "File Path: "Schemas/BadRequestError_schema.json"".
2023-02-07 11:00:03.792 &amp#27;[32m INFO&amp#27;[m &amp#27;[35m[@503 - main]&amp#27;[m &amp#27;[36mcom.shaft.tools.io.ReportManager&amp#27;[m : File Action "DoesFileExist" successfully performed. With the following test data "File Path: "src/test/resources/testDataFiles/Schemas/BadRequestError_schema.json"".
2023-02-07 11:00:03.792 &amp#27;[32m INFO&amp#27;[m &amp#27;[35m[@503 - main]&amp#27;[m &amp#27;[36mcom.shaft.tools.io.ReportManager&amp#27;[m : File Action "GetAbsolutePath" successfully performed. With the following test data "Relative Folder Path: "src/test/resources/testDataFiles/Schemas/BadRequestError_schema.json"".
2023-02-07 11:00:03.795 &amp#27;[32m INFO&amp#27;[m &amp#27;[35m[@503 - main]&amp#27;[m &amp#27;[36mcom.shaft.tools.io.ReportManager&amp#27;[m : File Action "DoesFileExist" successfully performed. With the following test data "File Path: "C:\eclipse-workspace\MyProjects\TASystemsAPIs\src\test\resources\testDataFiles\Schemas\BadRequestError_schema.json"".
2023-02-07 11:00:03.795 &amp#27;[32m INFO&amp#27;[m &amp#27;[35m[@503 - main]&amp#27;[m &amp#27;[36mcom.shaft.tools.io.ReportManager&amp#27;[m : File Action "GetAbsolutePath" successfully performed. With the following test data "Relative Folder Path: "C:\eclipse-workspace\MyProjects\TASystemsAPIs\src\test\resources\testDataFiles\Schemas\BadRequestError_schema.json"".
2023-02-07 11:00:03.796 &amp#27;[32m INFO&amp#27;[m &amp#27;[35m[@503 - main]&amp#27;[m &amp#27;[36mcom.shaft.tools.io.ReportManager&amp#27;[m : File Action "ReadFile" successfully performed. With the following test data "File Path: "C:\eclipse-workspace\MyProjects\TASystemsAPIs\src\test\resources\testDataFiles\Schemas\BadRequestError_schema.json"".
2023-02-07 11:00:03.798 &amp#27;[32m INFO&amp#27;[m &amp#27;[35m[@503 - main]&amp#27;[m &amp#27;[36mcom.shaft.tools.io.ReportManager&amp#27;[m : Successfully created attachment "Validation Test Data - Expected JSON Value"
2023-02-07 11:00:03.799 &amp#27;[32m INFO&amp#27;[m &amp#27;[35m[@503 - main]&amp#27;[m &amp#27;[36mcom.shaft.tools.io.ReportManager&amp#27;[m : Successfully created attachment "Validation Test Data - Actual JSON Value"
2023-02-07 11:00:03.801 &amp#27;[32m INFO&amp#27;[m &amp#27;[35m[@503 - main]&amp#27;[m &amp#27;[36mcom.shaft.tools.io.ReportManager&amp#27;[m : Successfully created attachment "SHAFT Engine Logs - Current Method log: Get_Policy_With_BadRequest_data_TC"
]]></system-out>
  </testcase>
  <testcase name="Get_Policy_With_BadRequest_data_TC[[Ljava.lang.Object;@16f81916](3)" classname="SteeringCompanyAPI_TestCases.Test_Policies_Cases" time="1.674">
    <system-out><![CDATA[2023-02-07 11:00:03.807 &amp#27;[32m INFO&amp#27;[m &amp#27;[35m[@534 - main]&amp#27;[m &amp#27;[36mcom.shaft.tools.io.ReportManager&amp#27;[m : 
################################################################################################################################################
Starting Execution:	"202 out of 107" test cases in the current suite
Test Method:		"SteeringCompanyAPI_TestCases.Test_Policies_Cases.Get_Policy_With_BadRequest_data_TC"
Test Description:	"TC059 -Policy- Perform Get Policy with BadRequest data"
################################################################################################################################################
2023-02-07 11:00:03.807 &amp#27;[32m INFO&amp#27;[m &amp#27;[35m[@503 - main]&amp#27;[m &amp#27;[36mcom.shaft.tools.io.ReportManager&amp#27;[m : File Action "DoesFileExist" successfully performed. With the following test data "File Path: "SteeringCompanyAPI_TestData/SteeringCompanyAPI_TestData.xlsx"".
2023-02-07 11:00:03.831 &amp#27;[32m INFO&amp#27;[m &amp#27;[35m[@503 - main]&amp#27;[m &amp#27;[36mcom.shaft.tools.io.ReportManager&amp#27;[m : Successfully created attachment "Test Data - Excel"
2023-02-07 11:00:04.449 &amp#27;[32m INFO&amp#27;[m &amp#27;[35m[@503 - main]&amp#27;[m &amp#27;[36mcom.shaft.tools.io.ReportManager&amp#27;[m : Response status code: "200", status line: "HTTP/1.1 200 OK"
2023-02-07 11:00:04.460 &amp#27;[32m INFO&amp#27;[m &amp#27;[35m[@503 - main]&amp#27;[m &amp#27;[36mcom.shaft.tools.io.ReportManager&amp#27;[m : Successfully created attachment "API Request - Specifications"
2023-02-07 11:00:04.460 &amp#27;[32m INFO&amp#27;[m &amp#27;[35m[@503 - main]&amp#27;[m &amp#27;[36mcom.shaft.tools.io.ReportManager&amp#27;[m : Successfully created attachment "API Request - Body"
2023-02-07 11:00:04.463 &amp#27;[32m INFO&amp#27;[m &amp#27;[35m[@503 - main]&amp#27;[m &amp#27;[36mcom.shaft.tools.io.ReportManager&amp#27;[m : Successfully created attachment "API Response - JSON Body"
2023-02-07 11:00:04.478 &amp#27;[32m INFO&amp#27;[m &amp#27;[35m[@503 - main]&amp#27;[m &amp#27;[36mcom.shaft.tools.io.ReportManager&amp#27;[m : File Action "DoesFileExist" successfully performed. With the following test data "File Path: "SteeringCompanyAPI_TestData/SteeringCompanyAPI_TestData.xlsx"".
2023-02-07 11:00:04.511 &amp#27;[32m INFO&amp#27;[m &amp#27;[35m[@503 - main]&amp#27;[m &amp#27;[36mcom.shaft.tools.io.ReportManager&amp#27;[m : Successfully created attachment "Test Data - Excel"
2023-02-07 11:00:04.511 &amp#27;[32m INFO&amp#27;[m &amp#27;[35m[@503 - main]&amp#27;[m &amp#27;[36mcom.shaft.tools.io.ReportManager&amp#27;[m : File Action "DoesFileExist" successfully performed. With the following test data "File Path: "SteeringCompanyAPI_TestData/SteeringCompanyAPI_TestData.xlsx"".
2023-02-07 11:00:04.554 &amp#27;[32m INFO&amp#27;[m &amp#27;[35m[@503 - main]&amp#27;[m &amp#27;[36mcom.shaft.tools.io.ReportManager&amp#27;[m : Successfully created attachment "Test Data - Excel"
2023-02-07 11:00:04.555 &amp#27;[32m INFO&amp#27;[m &amp#27;[35m[@503 - main]&amp#27;[m &amp#27;[36mcom.shaft.tools.io.ReportManager&amp#27;[m : File Action "DoesFileExist" successfully performed. With the following test data "File Path: "SteeringCompanyAPI_TestData/SteeringCompanyAPI_TestData.xlsx"".
2023-02-07 11:00:04.587 &amp#27;[32m INFO&amp#27;[m &amp#27;[35m[@503 - main]&amp#27;[m &amp#27;[36mcom.shaft.tools.io.ReportManager&amp#27;[m : Successfully created attachment "Test Data - Excel"
2023-02-07 11:00:05.447 &amp#27;[32m INFO&amp#27;[m &amp#27;[35m[@503 - main]&amp#27;[m &amp#27;[36mcom.shaft.tools.io.ReportManager&amp#27;[m : Response status code: "400", status line: "HTTP/1.1 400 "
2023-02-07 11:00:05.463 &amp#27;[32m INFO&amp#27;[m &amp#27;[35m[@503 - main]&amp#27;[m &amp#27;[36mcom.shaft.tools.io.ReportManager&amp#27;[m : Successfully created attachment "API Request - Specifications"
2023-02-07 11:00:05.463 &amp#27;[32m INFO&amp#27;[m &amp#27;[35m[@503 - main]&amp#27;[m &amp#27;[36mcom.shaft.tools.io.ReportManager&amp#27;[m : Successfully created attachment "API Response - JSON Body"
2023-02-07 11:00:05.464 &amp#27;[32m INFO&amp#27;[m &amp#27;[35m[@503 - main]&amp#27;[m &amp#27;[36mcom.shaft.tools.io.ReportManager&amp#27;[m : File Action "DoesFileExist" successfully performed. With the following test data "File Path: "Schemas/BadRequestError_schema.json"".
2023-02-07 11:00:05.464 &amp#27;[32m INFO&amp#27;[m &amp#27;[35m[@503 - main]&amp#27;[m &amp#27;[36mcom.shaft.tools.io.ReportManager&amp#27;[m : File Action "DoesFileExist" successfully performed. With the following test data "File Path: "src/test/resources/testDataFiles/Schemas/BadRequestError_schema.json"".
2023-02-07 11:00:05.465 &amp#27;[32m INFO&amp#27;[m &amp#27;[35m[@503 - main]&amp#27;[m &amp#27;[36mcom.shaft.tools.io.ReportManager&amp#27;[m : File Action "GetAbsolutePath" successfully performed. With the following test data "Relative Folder Path: "src/test/resources/testDataFiles/Schemas/BadRequestError_schema.json"".
2023-02-07 11:00:05.468 &amp#27;[32m INFO&amp#27;[m &amp#27;[35m[@503 - main]&amp#27;[m &amp#27;[36mcom.shaft.tools.io.ReportManager&amp#27;[m : File Action "DoesFileExist" successfully performed. With the following test data "File Path: "C:\eclipse-workspace\MyProjects\TASystemsAPIs\src\test\resources\testDataFiles\Schemas\BadRequestError_schema.json"".
2023-02-07 11:00:05.468 &amp#27;[32m INFO&amp#27;[m &amp#27;[35m[@503 - main]&amp#27;[m &amp#27;[36mcom.shaft.tools.io.ReportManager&amp#27;[m : File Action "GetAbsolutePath" successfully performed. With the following test data "Relative Folder Path: "C:\eclipse-workspace\MyProjects\TASystemsAPIs\src\test\resources\testDataFiles\Schemas\BadRequestError_schema.json"".
2023-02-07 11:00:05.469 &amp#27;[32m INFO&amp#27;[m &amp#27;[35m[@503 - main]&amp#27;[m &amp#27;[36mcom.shaft.tools.io.ReportManager&amp#27;[m : File Action "ReadFile" successfully performed. With the following test data "File Path: "C:\eclipse-workspace\MyProjects\TASystemsAPIs\src\test\resources\testDataFiles\Schemas\BadRequestError_schema.json"".
2023-02-07 11:00:05.473 &amp#27;[32m INFO&amp#27;[m &amp#27;[35m[@503 - main]&amp#27;[m &amp#27;[36mcom.shaft.tools.io.ReportManager&amp#27;[m : Successfully created attachment "Validation Test Data - Expected JSON Value"
2023-02-07 11:00:05.475 &amp#27;[32m INFO&amp#27;[m &amp#27;[35m[@503 - main]&amp#27;[m &amp#27;[36mcom.shaft.tools.io.ReportManager&amp#27;[m : Successfully created attachment "Validation Test Data - Actual JSON Value"
2023-02-07 11:00:05.476 &amp#27;[32m INFO&amp#27;[m &amp#27;[35m[@503 - main]&amp#27;[m &amp#27;[36mcom.shaft.tools.io.ReportManager&amp#27;[m : Successfully created attachment "SHAFT Engine Logs - Current Method log: Get_Policy_With_BadRequest_data_TC"
]]></system-out>
  </testcase>
  <testcase name="Get_Policy_With_BadRequest_data_TC[[Ljava.lang.Object;@3af58ac](4)" classname="SteeringCompanyAPI_TestCases.Test_Policies_Cases" time="1.722">
    <system-out><![CDATA[2023-02-07 11:00:05.482 &amp#27;[32m INFO&amp#27;[m &amp#27;[35m[@534 - main]&amp#27;[m &amp#27;[36mcom.shaft.tools.io.ReportManager&amp#27;[m : 
################################################################################################################################################
Starting Execution:	"203 out of 107" test cases in the current suite
Test Method:		"SteeringCompanyAPI_TestCases.Test_Policies_Cases.Get_Policy_With_BadRequest_data_TC"
Test Description:	"TC059 -Policy- Perform Get Policy with BadRequest data"
################################################################################################################################################
2023-02-07 11:00:05.483 &amp#27;[32m INFO&amp#27;[m &amp#27;[35m[@503 - main]&amp#27;[m &amp#27;[36mcom.shaft.tools.io.ReportManager&amp#27;[m : File Action "DoesFileExist" successfully performed. With the following test data "File Path: "SteeringCompanyAPI_TestData/SteeringCompanyAPI_TestData.xlsx"".
2023-02-07 11:00:05.540 &amp#27;[32m INFO&amp#27;[m &amp#27;[35m[@503 - main]&amp#27;[m &amp#27;[36mcom.shaft.tools.io.ReportManager&amp#27;[m : Successfully created attachment "Test Data - Excel"
2023-02-07 11:00:06.160 &amp#27;[32m INFO&amp#27;[m &amp#27;[35m[@503 - main]&amp#27;[m &amp#27;[36mcom.shaft.tools.io.ReportManager&amp#27;[m : Response status code: "200", status line: "HTTP/1.1 200 OK"
2023-02-07 11:00:06.177 &amp#27;[32m INFO&amp#27;[m &amp#27;[35m[@503 - main]&amp#27;[m &amp#27;[36mcom.shaft.tools.io.ReportManager&amp#27;[m : Successfully created attachment "API Request - Specifications"
2023-02-07 11:00:06.178 &amp#27;[32m INFO&amp#27;[m &amp#27;[35m[@503 - main]&amp#27;[m &amp#27;[36mcom.shaft.tools.io.ReportManager&amp#27;[m : Successfully created attachment "API Request - Body"
2023-02-07 11:00:06.181 &amp#27;[32m INFO&amp#27;[m &amp#27;[35m[@503 - main]&amp#27;[m &amp#27;[36mcom.shaft.tools.io.ReportManager&amp#27;[m : Successfully created attachment "API Response - JSON Body"
2023-02-07 11:00:06.196 &amp#27;[32m INFO&amp#27;[m &amp#27;[35m[@503 - main]&amp#27;[m &amp#27;[36mcom.shaft.tools.io.ReportManager&amp#27;[m : File Action "DoesFileExist" successfully performed. With the following test data "File Path: "SteeringCompanyAPI_TestData/SteeringCompanyAPI_TestData.xlsx"".
2023-02-07 11:00:06.224 &amp#27;[32m INFO&amp#27;[m &amp#27;[35m[@503 - main]&amp#27;[m &amp#27;[36mcom.shaft.tools.io.ReportManager&amp#27;[m : Successfully created attachment "Test Data - Excel"
2023-02-07 11:00:06.225 &amp#27;[32m INFO&amp#27;[m &amp#27;[35m[@503 - main]&amp#27;[m &amp#27;[36mcom.shaft.tools.io.ReportManager&amp#27;[m : File Action "DoesFileExist" successfully performed. With the following test data "File Path: "SteeringCompanyAPI_TestData/SteeringCompanyAPI_TestData.xlsx"".
2023-02-07 11:00:06.261 &amp#27;[32m INFO&amp#27;[m &amp#27;[35m[@503 - main]&amp#27;[m &amp#27;[36mcom.shaft.tools.io.ReportManager&amp#27;[m : Successfully created attachment "Test Data - Excel"
2023-02-07 11:00:06.261 &amp#27;[32m INFO&amp#27;[m &amp#27;[35m[@503 - main]&amp#27;[m &amp#27;[36mcom.shaft.tools.io.ReportManager&amp#27;[m : File Action "DoesFileExist" successfully performed. With the following test data "File Path: "SteeringCompanyAPI_TestData/SteeringCompanyAPI_TestData.xlsx"".
2023-02-07 11:00:06.306 &amp#27;[32m INFO&amp#27;[m &amp#27;[35m[@503 - main]&amp#27;[m &amp#27;[36mcom.shaft.tools.io.ReportManager&amp#27;[m : Successfully created attachment "Test Data - Excel"
2023-02-07 11:00:07.157 &amp#27;[32m INFO&amp#27;[m &amp#27;[35m[@503 - main]&amp#27;[m &amp#27;[36mcom.shaft.tools.io.ReportManager&amp#27;[m : Response status code: "400", status line: "HTTP/1.1 400 "
2023-02-07 11:00:07.182 &amp#27;[32m INFO&amp#27;[m &amp#27;[35m[@503 - main]&amp#27;[m &amp#27;[36mcom.shaft.tools.io.ReportManager&amp#27;[m : Successfully created attachment "API Request - Specifications"
2023-02-07 11:00:07.184 &amp#27;[32m INFO&amp#27;[m &amp#27;[35m[@503 - main]&amp#27;[m &amp#27;[36mcom.shaft.tools.io.ReportManager&amp#27;[m : Successfully created attachment "API Response - JSON Body"
2023-02-07 11:00:07.186 &amp#27;[32m INFO&amp#27;[m &amp#27;[35m[@503 - main]&amp#27;[m &amp#27;[36mcom.shaft.tools.io.ReportManager&amp#27;[m : File Action "DoesFileExist" successfully performed. With the following test data "File Path: "Schemas/BadRequestError_schema.json"".
2023-02-07 11:00:07.186 &amp#27;[32m INFO&amp#27;[m &amp#27;[35m[@503 - main]&amp#27;[m &amp#27;[36mcom.shaft.tools.io.ReportManager&amp#27;[m : File Action "DoesFileExist" successfully performed. With the following test data "File Path: "src/test/resources/testDataFiles/Schemas/BadRequestError_schema.json"".
2023-02-07 11:00:07.187 &amp#27;[32m INFO&amp#27;[m &amp#27;[35m[@503 - main]&amp#27;[m &amp#27;[36mcom.shaft.tools.io.ReportManager&amp#27;[m : File Action "GetAbsolutePath" successfully performed. With the following test data "Relative Folder Path: "src/test/resources/testDataFiles/Schemas/BadRequestError_schema.json"".
2023-02-07 11:00:07.191 &amp#27;[32m INFO&amp#27;[m &amp#27;[35m[@503 - main]&amp#27;[m &amp#27;[36mcom.shaft.tools.io.ReportManager&amp#27;[m : File Action "DoesFileExist" successfully performed. With the following test data "File Path: "C:\eclipse-workspace\MyProjects\TASystemsAPIs\src\test\resources\testDataFiles\Schemas\BadRequestError_schema.json"".
2023-02-07 11:00:07.191 &amp#27;[32m INFO&amp#27;[m &amp#27;[35m[@503 - main]&amp#27;[m &amp#27;[36mcom.shaft.tools.io.ReportManager&amp#27;[m : File Action "GetAbsolutePath" successfully performed. With the following test data "Relative Folder Path: "C:\eclipse-workspace\MyProjects\TASystemsAPIs\src\test\resources\testDataFiles\Schemas\BadRequestError_schema.json"".
2023-02-07 11:00:07.192 &amp#27;[32m INFO&amp#27;[m &amp#27;[35m[@503 - main]&amp#27;[m &amp#27;[36mcom.shaft.tools.io.ReportManager&amp#27;[m : File Action "ReadFile" successfully performed. With the following test data "File Path: "C:\eclipse-workspace\MyProjects\TASystemsAPIs\src\test\resources\testDataFiles\Schemas\BadRequestError_schema.json"".
2023-02-07 11:00:07.194 &amp#27;[32m INFO&amp#27;[m &amp#27;[35m[@503 - main]&amp#27;[m &amp#27;[36mcom.shaft.tools.io.ReportManager&amp#27;[m : Successfully created attachment "Validation Test Data - Expected JSON Value"
2023-02-07 11:00:07.196 &amp#27;[32m INFO&amp#27;[m &amp#27;[35m[@503 - main]&amp#27;[m &amp#27;[36mcom.shaft.tools.io.ReportManager&amp#27;[m : Successfully created attachment "Validation Test Data - Actual JSON Value"
2023-02-07 11:00:07.198 &amp#27;[32m INFO&amp#27;[m &amp#27;[35m[@503 - main]&amp#27;[m &amp#27;[36mcom.shaft.tools.io.ReportManager&amp#27;[m : Successfully created attachment "SHAFT Engine Logs - Current Method log: Get_Policy_With_BadRequest_data_TC"
]]></system-out>
  </testcase>
  <testcase name="Get_Policy_With_BadRequest_data_TC[[Ljava.lang.Object;@c944aa0](5)" classname="SteeringCompanyAPI_TestCases.Test_Policies_Cases" time="1.34">
    <system-out><![CDATA[2023-02-07 11:00:07.206 &amp#27;[32m INFO&amp#27;[m &amp#27;[35m[@534 - main]&amp#27;[m &amp#27;[36mcom.shaft.tools.io.ReportManager&amp#27;[m : 
################################################################################################################################################
Starting Execution:	"204 out of 107" test cases in the current suite
Test Method:		"SteeringCompanyAPI_TestCases.Test_Policies_Cases.Get_Policy_With_BadRequest_data_TC"
Test Description:	"TC059 -Policy- Perform Get Policy with BadRequest data"
################################################################################################################################################
2023-02-07 11:00:07.207 &amp#27;[32m INFO&amp#27;[m &amp#27;[35m[@503 - main]&amp#27;[m &amp#27;[36mcom.shaft.tools.io.ReportManager&amp#27;[m : File Action "DoesFileExist" successfully performed. With the following test data "File Path: "SteeringCompanyAPI_TestData/SteeringCompanyAPI_TestData.xlsx"".
2023-02-07 11:00:07.241 &amp#27;[32m INFO&amp#27;[m &amp#27;[35m[@503 - main]&amp#27;[m &amp#27;[36mcom.shaft.tools.io.ReportManager&amp#27;[m : Successfully created attachment "Test Data - Excel"
2023-02-07 11:00:07.844 &amp#27;[32m INFO&amp#27;[m &amp#27;[35m[@503 - main]&amp#27;[m &amp#27;[36mcom.shaft.tools.io.ReportManager&amp#27;[m : Response status code: "200", status line: "HTTP/1.1 200 OK"
2023-02-07 11:00:07.868 &amp#27;[32m INFO&amp#27;[m &amp#27;[35m[@503 - main]&amp#27;[m &amp#27;[36mcom.shaft.tools.io.ReportManager&amp#27;[m : Successfully created attachment "API Request - Specifications"
2023-02-07 11:00:07.869 &amp#27;[32m INFO&amp#27;[m &amp#27;[35m[@503 - main]&amp#27;[m &amp#27;[36mcom.shaft.tools.io.ReportManager&amp#27;[m : Successfully created attachment "API Request - Body"
2023-02-07 11:00:07.874 &amp#27;[32m INFO&amp#27;[m &amp#27;[35m[@503 - main]&amp#27;[m &amp#27;[36mcom.shaft.tools.io.ReportManager&amp#27;[m : Successfully created attachment "API Response - JSON Body"
2023-02-07 11:00:07.885 &amp#27;[32m INFO&amp#27;[m &amp#27;[35m[@503 - main]&amp#27;[m &amp#27;[36mcom.shaft.tools.io.ReportManager&amp#27;[m : File Action "DoesFileExist" successfully performed. With the following test data "File Path: "SteeringCompanyAPI_TestData/SteeringCompanyAPI_TestData.xlsx"".
2023-02-07 11:00:07.917 &amp#27;[32m INFO&amp#27;[m &amp#27;[35m[@503 - main]&amp#27;[m &amp#27;[36mcom.shaft.tools.io.ReportManager&amp#27;[m : Successfully created attachment "Test Data - Excel"
2023-02-07 11:00:07.918 &amp#27;[32m INFO&amp#27;[m &amp#27;[35m[@503 - main]&amp#27;[m &amp#27;[36mcom.shaft.tools.io.ReportManager&amp#27;[m : File Action "DoesFileExist" successfully performed. With the following test data "File Path: "SteeringCompanyAPI_TestData/SteeringCompanyAPI_TestData.xlsx"".
2023-02-07 11:00:07.951 &amp#27;[32m INFO&amp#27;[m &amp#27;[35m[@503 - main]&amp#27;[m &amp#27;[36mcom.shaft.tools.io.ReportManager&amp#27;[m : Successfully created attachment "Test Data - Excel"
2023-02-07 11:00:07.951 &amp#27;[32m INFO&amp#27;[m &amp#27;[35m[@503 - main]&amp#27;[m &amp#27;[36mcom.shaft.tools.io.ReportManager&amp#27;[m : File Action "DoesFileExist" successfully performed. With the following test data "File Path: "SteeringCompanyAPI_TestData/SteeringCompanyAPI_TestData.xlsx"".
2023-02-07 11:00:07.995 &amp#27;[32m INFO&amp#27;[m &amp#27;[35m[@503 - main]&amp#27;[m &amp#27;[36mcom.shaft.tools.io.ReportManager&amp#27;[m : Successfully created attachment "Test Data - Excel"
2023-02-07 11:00:08.500 &amp#27;[32m INFO&amp#27;[m &amp#27;[35m[@503 - main]&amp#27;[m &amp#27;[36mcom.shaft.tools.io.ReportManager&amp#27;[m : Response status code: "400", status line: "HTTP/1.1 400 "
2023-02-07 11:00:08.520 &amp#27;[32m INFO&amp#27;[m &amp#27;[35m[@503 - main]&amp#27;[m &amp#27;[36mcom.shaft.tools.io.ReportManager&amp#27;[m : Successfully created attachment "API Request - Specifications"
2023-02-07 11:00:08.521 &amp#27;[32m INFO&amp#27;[m &amp#27;[35m[@503 - main]&amp#27;[m &amp#27;[36mcom.shaft.tools.io.ReportManager&amp#27;[m : Successfully created attachment "API Response - JSON Body"
2023-02-07 11:00:08.523 &amp#27;[32m INFO&amp#27;[m &amp#27;[35m[@503 - main]&amp#27;[m &amp#27;[36mcom.shaft.tools.io.ReportManager&amp#27;[m : File Action "DoesFileExist" successfully performed. With the following test data "File Path: "Schemas/BadRequestError_schema.json"".
2023-02-07 11:00:08.524 &amp#27;[32m INFO&amp#27;[m &amp#27;[35m[@503 - main]&amp#27;[m &amp#27;[36mcom.shaft.tools.io.ReportManager&amp#27;[m : File Action "DoesFileExist" successfully performed. With the following test data "File Path: "src/test/resources/testDataFiles/Schemas/BadRequestError_schema.json"".
2023-02-07 11:00:08.524 &amp#27;[32m INFO&amp#27;[m &amp#27;[35m[@503 - main]&amp#27;[m &amp#27;[36mcom.shaft.tools.io.ReportManager&amp#27;[m : File Action "GetAbsolutePath" successfully performed. With the following test data "Relative Folder Path: "src/test/resources/testDataFiles/Schemas/BadRequestError_schema.json"".
2023-02-07 11:00:08.528 &amp#27;[32m INFO&amp#27;[m &amp#27;[35m[@503 - main]&amp#27;[m &amp#27;[36mcom.shaft.tools.io.ReportManager&amp#27;[m : File Action "DoesFileExist" successfully performed. With the following test data "File Path: "C:\eclipse-workspace\MyProjects\TASystemsAPIs\src\test\resources\testDataFiles\Schemas\BadRequestError_schema.json"".
2023-02-07 11:00:08.529 &amp#27;[32m INFO&amp#27;[m &amp#27;[35m[@503 - main]&amp#27;[m &amp#27;[36mcom.shaft.tools.io.ReportManager&amp#27;[m : File Action "GetAbsolutePath" successfully performed. With the following test data "Relative Folder Path: "C:\eclipse-workspace\MyProjects\TASystemsAPIs\src\test\resources\testDataFiles\Schemas\BadRequestError_schema.json"".
2023-02-07 11:00:08.529 &amp#27;[32m INFO&amp#27;[m &amp#27;[35m[@503 - main]&amp#27;[m &amp#27;[36mcom.shaft.tools.io.ReportManager&amp#27;[m : File Action "ReadFile" successfully performed. With the following test data "File Path: "C:\eclipse-workspace\MyProjects\TASystemsAPIs\src\test\resources\testDataFiles\Schemas\BadRequestError_schema.json"".
2023-02-07 11:00:08.533 &amp#27;[32m INFO&amp#27;[m &amp#27;[35m[@503 - main]&amp#27;[m &amp#27;[36mcom.shaft.tools.io.ReportManager&amp#27;[m : Successfully created attachment "Validation Test Data - Expected JSON Value"
2023-02-07 11:00:08.538 &amp#27;[32m INFO&amp#27;[m &amp#27;[35m[@503 - main]&amp#27;[m &amp#27;[36mcom.shaft.tools.io.ReportManager&amp#27;[m : Successfully created attachment "Validation Test Data - Actual JSON Value"
2023-02-07 11:00:08.539 &amp#27;[32m INFO&amp#27;[m &amp#27;[35m[@503 - main]&amp#27;[m &amp#27;[36mcom.shaft.tools.io.ReportManager&amp#27;[m : Successfully created attachment "SHAFT Engine Logs - Current Method log: Get_Policy_With_BadRequest_data_TC"
]]></system-out>
  </testcase>
  <testcase name="Get_Policy_With_BadRequest_data_TC[[Ljava.lang.Object;@9b5d23c](6)" classname="SteeringCompanyAPI_TestCases.Test_Policies_Cases" time="3.286">
    <system-out><![CDATA[2023-02-07 11:00:08.542 &amp#27;[32m INFO&amp#27;[m &amp#27;[35m[@534 - main]&amp#27;[m &amp#27;[36mcom.shaft.tools.io.ReportManager&amp#27;[m : 
################################################################################################################################################
Starting Execution:	"205 out of 107" test cases in the current suite
Test Method:		"SteeringCompanyAPI_TestCases.Test_Policies_Cases.Get_Policy_With_BadRequest_data_TC"
Test Description:	"TC059 -Policy- Perform Get Policy with BadRequest data"
################################################################################################################################################
2023-02-07 11:00:08.542 &amp#27;[32m INFO&amp#27;[m &amp#27;[35m[@503 - main]&amp#27;[m &amp#27;[36mcom.shaft.tools.io.ReportManager&amp#27;[m : File Action "DoesFileExist" successfully performed. With the following test data "File Path: "SteeringCompanyAPI_TestData/SteeringCompanyAPI_TestData.xlsx"".
2023-02-07 11:00:08.587 &amp#27;[32m INFO&amp#27;[m &amp#27;[35m[@503 - main]&amp#27;[m &amp#27;[36mcom.shaft.tools.io.ReportManager&amp#27;[m : Successfully created attachment "Test Data - Excel"
2023-02-07 11:00:09.815 &amp#27;[32m INFO&amp#27;[m &amp#27;[35m[@503 - main]&amp#27;[m &amp#27;[36mcom.shaft.tools.io.ReportManager&amp#27;[m : Response status code: "200", status line: "HTTP/1.1 200 OK"
2023-02-07 11:00:09.843 &amp#27;[32m INFO&amp#27;[m &amp#27;[35m[@503 - main]&amp#27;[m &amp#27;[36mcom.shaft.tools.io.ReportManager&amp#27;[m : Successfully created attachment "API Request - Specifications"
2023-02-07 11:00:09.845 &amp#27;[32m INFO&amp#27;[m &amp#27;[35m[@503 - main]&amp#27;[m &amp#27;[36mcom.shaft.tools.io.ReportManager&amp#27;[m : Successfully created attachment "API Request - Body"
2023-02-07 11:00:09.849 &amp#27;[32m INFO&amp#27;[m &amp#27;[35m[@503 - main]&amp#27;[m &amp#27;[36mcom.shaft.tools.io.ReportManager&amp#27;[m : Successfully created attachment "API Response - JSON Body"
2023-02-07 11:00:09.874 &amp#27;[32m INFO&amp#27;[m &amp#27;[35m[@503 - main]&amp#27;[m &amp#27;[36mcom.shaft.tools.io.ReportManager&amp#27;[m : File Action "DoesFileExist" successfully performed. With the following test data "File Path: "SteeringCompanyAPI_TestData/SteeringCompanyAPI_TestData.xlsx"".
2023-02-07 11:00:09.924 &amp#27;[32m INFO&amp#27;[m &amp#27;[35m[@503 - main]&amp#27;[m &amp#27;[36mcom.shaft.tools.io.ReportManager&amp#27;[m : Successfully created attachment "Test Data - Excel"
2023-02-07 11:00:09.925 &amp#27;[32m INFO&amp#27;[m &amp#27;[35m[@503 - main]&amp#27;[m &amp#27;[36mcom.shaft.tools.io.ReportManager&amp#27;[m : File Action "DoesFileExist" successfully performed. With the following test data "File Path: "SteeringCompanyAPI_TestData/SteeringCompanyAPI_TestData.xlsx"".
2023-02-07 11:00:09.962 &amp#27;[32m INFO&amp#27;[m &amp#27;[35m[@503 - main]&amp#27;[m &amp#27;[36mcom.shaft.tools.io.ReportManager&amp#27;[m : Successfully created attachment "Test Data - Excel"
2023-02-07 11:00:09.962 &amp#27;[32m INFO&amp#27;[m &amp#27;[35m[@503 - main]&amp#27;[m &amp#27;[36mcom.shaft.tools.io.ReportManager&amp#27;[m : File Action "DoesFileExist" successfully performed. With the following test data "File Path: "SteeringCompanyAPI_TestData/SteeringCompanyAPI_TestData.xlsx"".
2023-02-07 11:00:09.983 &amp#27;[32m INFO&amp#27;[m &amp#27;[35m[@503 - main]&amp#27;[m &amp#27;[36mcom.shaft.tools.io.ReportManager&amp#27;[m : Successfully created attachment "Test Data - Excel"
2023-02-07 11:00:11.783 &amp#27;[32m INFO&amp#27;[m &amp#27;[35m[@503 - main]&amp#27;[m &amp#27;[36mcom.shaft.tools.io.ReportManager&amp#27;[m : Response status code: "400", status line: "HTTP/1.1 400 "
2023-02-07 11:00:11.805 &amp#27;[32m INFO&amp#27;[m &amp#27;[35m[@503 - main]&amp#27;[m &amp#27;[36mcom.shaft.tools.io.ReportManager&amp#27;[m : Successfully created attachment "API Request - Specifications"
2023-02-07 11:00:11.806 &amp#27;[32m INFO&amp#27;[m &amp#27;[35m[@503 - main]&amp#27;[m &amp#27;[36mcom.shaft.tools.io.ReportManager&amp#27;[m : Successfully created attachment "API Response - JSON Body"
2023-02-07 11:00:11.809 &amp#27;[32m INFO&amp#27;[m &amp#27;[35m[@503 - main]&amp#27;[m &amp#27;[36mcom.shaft.tools.io.ReportManager&amp#27;[m : File Action "DoesFileExist" successfully performed. With the following test data "File Path: "Schemas/BadRequestError_schema.json"".
2023-02-07 11:00:11.809 &amp#27;[32m INFO&amp#27;[m &amp#27;[35m[@503 - main]&amp#27;[m &amp#27;[36mcom.shaft.tools.io.ReportManager&amp#27;[m : File Action "DoesFileExist" successfully performed. With the following test data "File Path: "src/test/resources/testDataFiles/Schemas/BadRequestError_schema.json"".
2023-02-07 11:00:11.810 &amp#27;[32m INFO&amp#27;[m &amp#27;[35m[@503 - main]&amp#27;[m &amp#27;[36mcom.shaft.tools.io.ReportManager&amp#27;[m : File Action "GetAbsolutePath" successfully performed. With the following test data "Relative Folder Path: "src/test/resources/testDataFiles/Schemas/BadRequestError_schema.json"".
2023-02-07 11:00:11.814 &amp#27;[32m INFO&amp#27;[m &amp#27;[35m[@503 - main]&amp#27;[m &amp#27;[36mcom.shaft.tools.io.ReportManager&amp#27;[m : File Action "DoesFileExist" successfully performed. With the following test data "File Path: "C:\eclipse-workspace\MyProjects\TASystemsAPIs\src\test\resources\testDataFiles\Schemas\BadRequestError_schema.json"".
2023-02-07 11:00:11.814 &amp#27;[32m INFO&amp#27;[m &amp#27;[35m[@503 - main]&amp#27;[m &amp#27;[36mcom.shaft.tools.io.ReportManager&amp#27;[m : File Action "GetAbsolutePath" successfully performed. With the following test data "Relative Folder Path: "C:\eclipse-workspace\MyProjects\TASystemsAPIs\src\test\resources\testDataFiles\Schemas\BadRequestError_schema.json"".
2023-02-07 11:00:11.815 &amp#27;[32m INFO&amp#27;[m &amp#27;[35m[@503 - main]&amp#27;[m &amp#27;[36mcom.shaft.tools.io.ReportManager&amp#27;[m : File Action "ReadFile" successfully performed. With the following test data "File Path: "C:\eclipse-workspace\MyProjects\TASystemsAPIs\src\test\resources\testDataFiles\Schemas\BadRequestError_schema.json"".
2023-02-07 11:00:11.820 &amp#27;[32m INFO&amp#27;[m &amp#27;[35m[@503 - main]&amp#27;[m &amp#27;[36mcom.shaft.tools.io.ReportManager&amp#27;[m : Successfully created attachment "Validation Test Data - Expected JSON Value"
2023-02-07 11:00:11.822 &amp#27;[32m INFO&amp#27;[m &amp#27;[35m[@503 - main]&amp#27;[m &amp#27;[36mcom.shaft.tools.io.ReportManager&amp#27;[m : Successfully created attachment "Validation Test Data - Actual JSON Value"
2023-02-07 11:00:11.824 &amp#27;[32m INFO&amp#27;[m &amp#27;[35m[@503 - main]&amp#27;[m &amp#27;[36mcom.shaft.tools.io.ReportManager&amp#27;[m : Successfully created attachment "SHAFT Engine Logs - Current Method log: Get_Policy_With_BadRequest_data_TC"
]]></system-out>
  </testcase>
  <testcase name="Get_Policy_With_BadRequest_data_TC[[Ljava.lang.Object;@e8ec316](7)" classname="SteeringCompanyAPI_TestCases.Test_Policies_Cases" time="1.77">
    <system-out><![CDATA[2023-02-07 11:00:11.830 &amp#27;[32m INFO&amp#27;[m &amp#27;[35m[@534 - main]&amp#27;[m &amp#27;[36mcom.shaft.tools.io.ReportManager&amp#27;[m : 
################################################################################################################################################
Starting Execution:	"206 out of 107" test cases in the current suite
Test Method:		"SteeringCompanyAPI_TestCases.Test_Policies_Cases.Get_Policy_With_BadRequest_data_TC"
Test Description:	"TC059 -Policy- Perform Get Policy with BadRequest data"
################################################################################################################################################
2023-02-07 11:00:11.831 &amp#27;[32m INFO&amp#27;[m &amp#27;[35m[@503 - main]&amp#27;[m &amp#27;[36mcom.shaft.tools.io.ReportManager&amp#27;[m : File Action "DoesFileExist" successfully performed. With the following test data "File Path: "SteeringCompanyAPI_TestData/SteeringCompanyAPI_TestData.xlsx"".
2023-02-07 11:00:11.874 &amp#27;[32m INFO&amp#27;[m &amp#27;[35m[@503 - main]&amp#27;[m &amp#27;[36mcom.shaft.tools.io.ReportManager&amp#27;[m : Successfully created attachment "Test Data - Excel"
2023-02-07 11:00:12.505 &amp#27;[32m INFO&amp#27;[m &amp#27;[35m[@503 - main]&amp#27;[m &amp#27;[36mcom.shaft.tools.io.ReportManager&amp#27;[m : Response status code: "200", status line: "HTTP/1.1 200 OK"
2023-02-07 11:00:12.526 &amp#27;[32m INFO&amp#27;[m &amp#27;[35m[@503 - main]&amp#27;[m &amp#27;[36mcom.shaft.tools.io.ReportManager&amp#27;[m : Successfully created attachment "API Request - Specifications"
2023-02-07 11:00:12.529 &amp#27;[32m INFO&amp#27;[m &amp#27;[35m[@503 - main]&amp#27;[m &amp#27;[36mcom.shaft.tools.io.ReportManager&amp#27;[m : Successfully created attachment "API Request - Body"
2023-02-07 11:00:12.532 &amp#27;[32m INFO&amp#27;[m &amp#27;[35m[@503 - main]&amp#27;[m &amp#27;[36mcom.shaft.tools.io.ReportManager&amp#27;[m : Successfully created attachment "API Response - JSON Body"
2023-02-07 11:00:12.548 &amp#27;[32m INFO&amp#27;[m &amp#27;[35m[@503 - main]&amp#27;[m &amp#27;[36mcom.shaft.tools.io.ReportManager&amp#27;[m : File Action "DoesFileExist" successfully performed. With the following test data "File Path: "SteeringCompanyAPI_TestData/SteeringCompanyAPI_TestData.xlsx"".
2023-02-07 11:00:12.586 &amp#27;[32m INFO&amp#27;[m &amp#27;[35m[@503 - main]&amp#27;[m &amp#27;[36mcom.shaft.tools.io.ReportManager&amp#27;[m : Successfully created attachment "Test Data - Excel"
2023-02-07 11:00:12.587 &amp#27;[32m INFO&amp#27;[m &amp#27;[35m[@503 - main]&amp#27;[m &amp#27;[36mcom.shaft.tools.io.ReportManager&amp#27;[m : File Action "DoesFileExist" successfully performed. With the following test data "File Path: "SteeringCompanyAPI_TestData/SteeringCompanyAPI_TestData.xlsx"".
2023-02-07 11:00:12.633 &amp#27;[32m INFO&amp#27;[m &amp#27;[35m[@503 - main]&amp#27;[m &amp#27;[36mcom.shaft.tools.io.ReportManager&amp#27;[m : Successfully created attachment "Test Data - Excel"
2023-02-07 11:00:12.633 &amp#27;[32m INFO&amp#27;[m &amp#27;[35m[@503 - main]&amp#27;[m &amp#27;[36mcom.shaft.tools.io.ReportManager&amp#27;[m : File Action "DoesFileExist" successfully performed. With the following test data "File Path: "SteeringCompanyAPI_TestData/SteeringCompanyAPI_TestData.xlsx"".
2023-02-07 11:00:12.679 &amp#27;[32m INFO&amp#27;[m &amp#27;[35m[@503 - main]&amp#27;[m &amp#27;[36mcom.shaft.tools.io.ReportManager&amp#27;[m : Successfully created attachment "Test Data - Excel"
2023-02-07 11:00:13.561 &amp#27;[32m INFO&amp#27;[m &amp#27;[35m[@503 - main]&amp#27;[m &amp#27;[36mcom.shaft.tools.io.ReportManager&amp#27;[m : Response status code: "400", status line: "HTTP/1.1 400 "
2023-02-07 11:00:13.578 &amp#27;[32m INFO&amp#27;[m &amp#27;[35m[@503 - main]&amp#27;[m &amp#27;[36mcom.shaft.tools.io.ReportManager&amp#27;[m : Successfully created attachment "API Request - Specifications"
2023-02-07 11:00:13.580 &amp#27;[32m INFO&amp#27;[m &amp#27;[35m[@503 - main]&amp#27;[m &amp#27;[36mcom.shaft.tools.io.ReportManager&amp#27;[m : Successfully created attachment "API Response - JSON Body"
2023-02-07 11:00:13.583 &amp#27;[32m INFO&amp#27;[m &amp#27;[35m[@503 - main]&amp#27;[m &amp#27;[36mcom.shaft.tools.io.ReportManager&amp#27;[m : File Action "DoesFileExist" successfully performed. With the following test data "File Path: "Schemas/BadRequestError_schema.json"".
2023-02-07 11:00:13.584 &amp#27;[32m INFO&amp#27;[m &amp#27;[35m[@503 - main]&amp#27;[m &amp#27;[36mcom.shaft.tools.io.ReportManager&amp#27;[m : File Action "DoesFileExist" successfully performed. With the following test data "File Path: "src/test/resources/testDataFiles/Schemas/BadRequestError_schema.json"".
2023-02-07 11:00:13.584 &amp#27;[32m INFO&amp#27;[m &amp#27;[35m[@503 - main]&amp#27;[m &amp#27;[36mcom.shaft.tools.io.ReportManager&amp#27;[m : File Action "GetAbsolutePath" successfully performed. With the following test data "Relative Folder Path: "src/test/resources/testDataFiles/Schemas/BadRequestError_schema.json"".
2023-02-07 11:00:13.588 &amp#27;[32m INFO&amp#27;[m &amp#27;[35m[@503 - main]&amp#27;[m &amp#27;[36mcom.shaft.tools.io.ReportManager&amp#27;[m : File Action "DoesFileExist" successfully performed. With the following test data "File Path: "C:\eclipse-workspace\MyProjects\TASystemsAPIs\src\test\resources\testDataFiles\Schemas\BadRequestError_schema.json"".
2023-02-07 11:00:13.588 &amp#27;[32m INFO&amp#27;[m &amp#27;[35m[@503 - main]&amp#27;[m &amp#27;[36mcom.shaft.tools.io.ReportManager&amp#27;[m : File Action "GetAbsolutePath" successfully performed. With the following test data "Relative Folder Path: "C:\eclipse-workspace\MyProjects\TASystemsAPIs\src\test\resources\testDataFiles\Schemas\BadRequestError_schema.json"".
2023-02-07 11:00:13.589 &amp#27;[32m INFO&amp#27;[m &amp#27;[35m[@503 - main]&amp#27;[m &amp#27;[36mcom.shaft.tools.io.ReportManager&amp#27;[m : File Action "ReadFile" successfully performed. With the following test data "File Path: "C:\eclipse-workspace\MyProjects\TASystemsAPIs\src\test\resources\testDataFiles\Schemas\BadRequestError_schema.json"".
2023-02-07 11:00:13.591 &amp#27;[32m INFO&amp#27;[m &amp#27;[35m[@503 - main]&amp#27;[m &amp#27;[36mcom.shaft.tools.io.ReportManager&amp#27;[m : Successfully created attachment "Validation Test Data - Expected JSON Value"
2023-02-07 11:00:13.592 &amp#27;[32m INFO&amp#27;[m &amp#27;[35m[@503 - main]&amp#27;[m &amp#27;[36mcom.shaft.tools.io.ReportManager&amp#27;[m : Successfully created attachment "Validation Test Data - Actual JSON Value"
2023-02-07 11:00:13.594 &amp#27;[32m INFO&amp#27;[m &amp#27;[35m[@503 - main]&amp#27;[m &amp#27;[36mcom.shaft.tools.io.ReportManager&amp#27;[m : Successfully created attachment "SHAFT Engine Logs - Current Method log: Get_Policy_With_BadRequest_data_TC"
]]></system-out>
  </testcase>
  <testcase name="Get_Policy_With_BadRequest_data_TC[[Ljava.lang.Object;@1c879041](8)" classname="SteeringCompanyAPI_TestCases.Test_Policies_Cases" time="1.343">
    <system-out><![CDATA[2023-02-07 11:00:13.599 &amp#27;[32m INFO&amp#27;[m &amp#27;[35m[@534 - main]&amp#27;[m &amp#27;[36mcom.shaft.tools.io.ReportManager&amp#27;[m : 
################################################################################################################################################
Starting Execution:	"207 out of 107" test cases in the current suite
Test Method:		"SteeringCompanyAPI_TestCases.Test_Policies_Cases.Get_Policy_With_BadRequest_data_TC"
Test Description:	"TC059 -Policy- Perform Get Policy with BadRequest data"
################################################################################################################################################
2023-02-07 11:00:13.599 &amp#27;[32m INFO&amp#27;[m &amp#27;[35m[@503 - main]&amp#27;[m &amp#27;[36mcom.shaft.tools.io.ReportManager&amp#27;[m : File Action "DoesFileExist" successfully performed. With the following test data "File Path: "SteeringCompanyAPI_TestData/SteeringCompanyAPI_TestData.xlsx"".
2023-02-07 11:00:13.641 &amp#27;[32m INFO&amp#27;[m &amp#27;[35m[@503 - main]&amp#27;[m &amp#27;[36mcom.shaft.tools.io.ReportManager&amp#27;[m : Successfully created attachment "Test Data - Excel"
2023-02-07 11:00:14.275 &amp#27;[32m INFO&amp#27;[m &amp#27;[35m[@503 - main]&amp#27;[m &amp#27;[36mcom.shaft.tools.io.ReportManager&amp#27;[m : Response status code: "200", status line: "HTTP/1.1 200 OK"
2023-02-07 11:00:14.290 &amp#27;[32m INFO&amp#27;[m &amp#27;[35m[@503 - main]&amp#27;[m &amp#27;[36mcom.shaft.tools.io.ReportManager&amp#27;[m : Successfully created attachment "API Request - Specifications"
2023-02-07 11:00:14.291 &amp#27;[32m INFO&amp#27;[m &amp#27;[35m[@503 - main]&amp#27;[m &amp#27;[36mcom.shaft.tools.io.ReportManager&amp#27;[m : Successfully created attachment "API Request - Body"
2023-02-07 11:00:14.292 &amp#27;[32m INFO&amp#27;[m &amp#27;[35m[@503 - main]&amp#27;[m &amp#27;[36mcom.shaft.tools.io.ReportManager&amp#27;[m : Successfully created attachment "API Response - JSON Body"
2023-02-07 11:00:14.304 &amp#27;[32m INFO&amp#27;[m &amp#27;[35m[@503 - main]&amp#27;[m &amp#27;[36mcom.shaft.tools.io.ReportManager&amp#27;[m : File Action "DoesFileExist" successfully performed. With the following test data "File Path: "SteeringCompanyAPI_TestData/SteeringCompanyAPI_TestData.xlsx"".
2023-02-07 11:00:14.333 &amp#27;[32m INFO&amp#27;[m &amp#27;[35m[@503 - main]&amp#27;[m &amp#27;[36mcom.shaft.tools.io.ReportManager&amp#27;[m : Successfully created attachment "Test Data - Excel"
2023-02-07 11:00:14.334 &amp#27;[32m INFO&amp#27;[m &amp#27;[35m[@503 - main]&amp#27;[m &amp#27;[36mcom.shaft.tools.io.ReportManager&amp#27;[m : File Action "DoesFileExist" successfully performed. With the following test data "File Path: "SteeringCompanyAPI_TestData/SteeringCompanyAPI_TestData.xlsx"".
2023-02-07 11:00:14.371 &amp#27;[32m INFO&amp#27;[m &amp#27;[35m[@503 - main]&amp#27;[m &amp#27;[36mcom.shaft.tools.io.ReportManager&amp#27;[m : Successfully created attachment "Test Data - Excel"
2023-02-07 11:00:14.372 &amp#27;[32m INFO&amp#27;[m &amp#27;[35m[@503 - main]&amp#27;[m &amp#27;[36mcom.shaft.tools.io.ReportManager&amp#27;[m : File Action "DoesFileExist" successfully performed. With the following test data "File Path: "SteeringCompanyAPI_TestData/SteeringCompanyAPI_TestData.xlsx"".
2023-02-07 11:00:14.402 &amp#27;[32m INFO&amp#27;[m &amp#27;[35m[@503 - main]&amp#27;[m &amp#27;[36mcom.shaft.tools.io.ReportManager&amp#27;[m : Successfully created attachment "Test Data - Excel"
2023-02-07 11:00:14.903 &amp#27;[32m INFO&amp#27;[m &amp#27;[35m[@503 - main]&amp#27;[m &amp#27;[36mcom.shaft.tools.io.ReportManager&amp#27;[m : Response status code: "400", status line: "HTTP/1.1 400 "
2023-02-07 11:00:14.924 &amp#27;[32m INFO&amp#27;[m &amp#27;[35m[@503 - main]&amp#27;[m &amp#27;[36mcom.shaft.tools.io.ReportManager&amp#27;[m : Successfully created attachment "API Request - Specifications"
2023-02-07 11:00:14.926 &amp#27;[32m INFO&amp#27;[m &amp#27;[35m[@503 - main]&amp#27;[m &amp#27;[36mcom.shaft.tools.io.ReportManager&amp#27;[m : Successfully created attachment "API Response - JSON Body"
2023-02-07 11:00:14.927 &amp#27;[32m INFO&amp#27;[m &amp#27;[35m[@503 - main]&amp#27;[m &amp#27;[36mcom.shaft.tools.io.ReportManager&amp#27;[m : File Action "DoesFileExist" successfully performed. With the following test data "File Path: "Schemas/BadRequestError_schema.json"".
2023-02-07 11:00:14.927 &amp#27;[32m INFO&amp#27;[m &amp#27;[35m[@503 - main]&amp#27;[m &amp#27;[36mcom.shaft.tools.io.ReportManager&amp#27;[m : File Action "DoesFileExist" successfully performed. With the following test data "File Path: "src/test/resources/testDataFiles/Schemas/BadRequestError_schema.json"".
2023-02-07 11:00:14.928 &amp#27;[32m INFO&amp#27;[m &amp#27;[35m[@503 - main]&amp#27;[m &amp#27;[36mcom.shaft.tools.io.ReportManager&amp#27;[m : File Action "GetAbsolutePath" successfully performed. With the following test data "Relative Folder Path: "src/test/resources/testDataFiles/Schemas/BadRequestError_schema.json"".
2023-02-07 11:00:14.930 &amp#27;[32m INFO&amp#27;[m &amp#27;[35m[@503 - main]&amp#27;[m &amp#27;[36mcom.shaft.tools.io.ReportManager&amp#27;[m : File Action "DoesFileExist" successfully performed. With the following test data "File Path: "C:\eclipse-workspace\MyProjects\TASystemsAPIs\src\test\resources\testDataFiles\Schemas\BadRequestError_schema.json"".
2023-02-07 11:00:14.931 &amp#27;[32m INFO&amp#27;[m &amp#27;[35m[@503 - main]&amp#27;[m &amp#27;[36mcom.shaft.tools.io.ReportManager&amp#27;[m : File Action "GetAbsolutePath" successfully performed. With the following test data "Relative Folder Path: "C:\eclipse-workspace\MyProjects\TASystemsAPIs\src\test\resources\testDataFiles\Schemas\BadRequestError_schema.json"".
2023-02-07 11:00:14.931 &amp#27;[32m INFO&amp#27;[m &amp#27;[35m[@503 - main]&amp#27;[m &amp#27;[36mcom.shaft.tools.io.ReportManager&amp#27;[m : File Action "ReadFile" successfully performed. With the following test data "File Path: "C:\eclipse-workspace\MyProjects\TASystemsAPIs\src\test\resources\testDataFiles\Schemas\BadRequestError_schema.json"".
2023-02-07 11:00:14.933 &amp#27;[32m INFO&amp#27;[m &amp#27;[35m[@503 - main]&amp#27;[m &amp#27;[36mcom.shaft.tools.io.ReportManager&amp#27;[m : Successfully created attachment "Validation Test Data - Expected JSON Value"
2023-02-07 11:00:14.936 &amp#27;[32m INFO&amp#27;[m &amp#27;[35m[@503 - main]&amp#27;[m &amp#27;[36mcom.shaft.tools.io.ReportManager&amp#27;[m : Successfully created attachment "Validation Test Data - Actual JSON Value"
2023-02-07 11:00:14.938 &amp#27;[32m INFO&amp#27;[m &amp#27;[35m[@503 - main]&amp#27;[m &amp#27;[36mcom.shaft.tools.io.ReportManager&amp#27;[m : Successfully created attachment "SHAFT Engine Logs - Current Method log: Get_Policy_With_BadRequest_data_TC"
]]></system-out>
  </testcase>
  <testcase name="Get_Policy_With_BadRequest_data_TC[[Ljava.lang.Object;@3650c2cf](9)" classname="SteeringCompanyAPI_TestCases.Test_Policies_Cases" time="1.39">
    <system-out><![CDATA[2023-02-07 11:00:14.942 &amp#27;[32m INFO&amp#27;[m &amp#27;[35m[@534 - main]&amp#27;[m &amp#27;[36mcom.shaft.tools.io.ReportManager&amp#27;[m : 
################################################################################################################################################
Starting Execution:	"208 out of 107" test cases in the current suite
Test Method:		"SteeringCompanyAPI_TestCases.Test_Policies_Cases.Get_Policy_With_BadRequest_data_TC"
Test Description:	"TC059 -Policy- Perform Get Policy with BadRequest data"
################################################################################################################################################
2023-02-07 11:00:14.943 &amp#27;[32m INFO&amp#27;[m &amp#27;[35m[@503 - main]&amp#27;[m &amp#27;[36mcom.shaft.tools.io.ReportManager&amp#27;[m : File Action "DoesFileExist" successfully performed. With the following test data "File Path: "SteeringCompanyAPI_TestData/SteeringCompanyAPI_TestData.xlsx"".
2023-02-07 11:00:14.983 &amp#27;[32m INFO&amp#27;[m &amp#27;[35m[@503 - main]&amp#27;[m &amp#27;[36mcom.shaft.tools.io.ReportManager&amp#27;[m : Successfully created attachment "Test Data - Excel"
2023-02-07 11:00:15.599 &amp#27;[32m INFO&amp#27;[m &amp#27;[35m[@503 - main]&amp#27;[m &amp#27;[36mcom.shaft.tools.io.ReportManager&amp#27;[m : Response status code: "200", status line: "HTTP/1.1 200 OK"
2023-02-07 11:00:15.624 &amp#27;[32m INFO&amp#27;[m &amp#27;[35m[@503 - main]&amp#27;[m &amp#27;[36mcom.shaft.tools.io.ReportManager&amp#27;[m : Successfully created attachment "API Request - Specifications"
2023-02-07 11:00:15.625 &amp#27;[32m INFO&amp#27;[m &amp#27;[35m[@503 - main]&amp#27;[m &amp#27;[36mcom.shaft.tools.io.ReportManager&amp#27;[m : Successfully created attachment "API Request - Body"
2023-02-07 11:00:15.629 &amp#27;[32m INFO&amp#27;[m &amp#27;[35m[@503 - main]&amp#27;[m &amp#27;[36mcom.shaft.tools.io.ReportManager&amp#27;[m : Successfully created attachment "API Response - JSON Body"
2023-02-07 11:00:15.646 &amp#27;[32m INFO&amp#27;[m &amp#27;[35m[@503 - main]&amp#27;[m &amp#27;[36mcom.shaft.tools.io.ReportManager&amp#27;[m : File Action "DoesFileExist" successfully performed. With the following test data "File Path: "SteeringCompanyAPI_TestData/SteeringCompanyAPI_TestData.xlsx"".
2023-02-07 11:00:15.691 &amp#27;[32m INFO&amp#27;[m &amp#27;[35m[@503 - main]&amp#27;[m &amp#27;[36mcom.shaft.tools.io.ReportManager&amp#27;[m : Successfully created attachment "Test Data - Excel"
2023-02-07 11:00:15.691 &amp#27;[32m INFO&amp#27;[m &amp#27;[35m[@503 - main]&amp#27;[m &amp#27;[36mcom.shaft.tools.io.ReportManager&amp#27;[m : File Action "DoesFileExist" successfully performed. With the following test data "File Path: "SteeringCompanyAPI_TestData/SteeringCompanyAPI_TestData.xlsx"".
2023-02-07 11:00:15.738 &amp#27;[32m INFO&amp#27;[m &amp#27;[35m[@503 - main]&amp#27;[m &amp#27;[36mcom.shaft.tools.io.ReportManager&amp#27;[m : Successfully created attachment "Test Data - Excel"
2023-02-07 11:00:15.739 &amp#27;[32m INFO&amp#27;[m &amp#27;[35m[@503 - main]&amp#27;[m &amp#27;[36mcom.shaft.tools.io.ReportManager&amp#27;[m : File Action "DoesFileExist" successfully performed. With the following test data "File Path: "SteeringCompanyAPI_TestData/SteeringCompanyAPI_TestData.xlsx"".
2023-02-07 11:00:15.796 &amp#27;[32m INFO&amp#27;[m &amp#27;[35m[@503 - main]&amp#27;[m &amp#27;[36mcom.shaft.tools.io.ReportManager&amp#27;[m : Successfully created attachment "Test Data - Excel"
2023-02-07 11:00:16.288 &amp#27;[32m INFO&amp#27;[m &amp#27;[35m[@503 - main]&amp#27;[m &amp#27;[36mcom.shaft.tools.io.ReportManager&amp#27;[m : Response status code: "400", status line: "HTTP/1.1 400 "
2023-02-07 11:00:16.314 &amp#27;[32m INFO&amp#27;[m &amp#27;[35m[@503 - main]&amp#27;[m &amp#27;[36mcom.shaft.tools.io.ReportManager&amp#27;[m : Successfully created attachment "API Request - Specifications"
2023-02-07 11:00:16.315 &amp#27;[32m INFO&amp#27;[m &amp#27;[35m[@503 - main]&amp#27;[m &amp#27;[36mcom.shaft.tools.io.ReportManager&amp#27;[m : Successfully created attachment "API Response - JSON Body"
2023-02-07 11:00:16.316 &amp#27;[32m INFO&amp#27;[m &amp#27;[35m[@503 - main]&amp#27;[m &amp#27;[36mcom.shaft.tools.io.ReportManager&amp#27;[m : File Action "DoesFileExist" successfully performed. With the following test data "File Path: "Schemas/BadRequestError_schema.json"".
2023-02-07 11:00:16.316 &amp#27;[32m INFO&amp#27;[m &amp#27;[35m[@503 - main]&amp#27;[m &amp#27;[36mcom.shaft.tools.io.ReportManager&amp#27;[m : File Action "DoesFileExist" successfully performed. With the following test data "File Path: "src/test/resources/testDataFiles/Schemas/BadRequestError_schema.json"".
2023-02-07 11:00:16.316 &amp#27;[32m INFO&amp#27;[m &amp#27;[35m[@503 - main]&amp#27;[m &amp#27;[36mcom.shaft.tools.io.ReportManager&amp#27;[m : File Action "GetAbsolutePath" successfully performed. With the following test data "Relative Folder Path: "src/test/resources/testDataFiles/Schemas/BadRequestError_schema.json"".
2023-02-07 11:00:16.320 &amp#27;[32m INFO&amp#27;[m &amp#27;[35m[@503 - main]&amp#27;[m &amp#27;[36mcom.shaft.tools.io.ReportManager&amp#27;[m : File Action "DoesFileExist" successfully performed. With the following test data "File Path: "C:\eclipse-workspace\MyProjects\TASystemsAPIs\src\test\resources\testDataFiles\Schemas\BadRequestError_schema.json"".
2023-02-07 11:00:16.320 &amp#27;[32m INFO&amp#27;[m &amp#27;[35m[@503 - main]&amp#27;[m &amp#27;[36mcom.shaft.tools.io.ReportManager&amp#27;[m : File Action "GetAbsolutePath" successfully performed. With the following test data "Relative Folder Path: "C:\eclipse-workspace\MyProjects\TASystemsAPIs\src\test\resources\testDataFiles\Schemas\BadRequestError_schema.json"".
2023-02-07 11:00:16.321 &amp#27;[32m INFO&amp#27;[m &amp#27;[35m[@503 - main]&amp#27;[m &amp#27;[36mcom.shaft.tools.io.ReportManager&amp#27;[m : File Action "ReadFile" successfully performed. With the following test data "File Path: "C:\eclipse-workspace\MyProjects\TASystemsAPIs\src\test\resources\testDataFiles\Schemas\BadRequestError_schema.json"".
2023-02-07 11:00:16.324 &amp#27;[32m INFO&amp#27;[m &amp#27;[35m[@503 - main]&amp#27;[m &amp#27;[36mcom.shaft.tools.io.ReportManager&amp#27;[m : Successfully created attachment "Validation Test Data - Expected JSON Value"
2023-02-07 11:00:16.326 &amp#27;[32m INFO&amp#27;[m &amp#27;[35m[@503 - main]&amp#27;[m &amp#27;[36mcom.shaft.tools.io.ReportManager&amp#27;[m : Successfully created attachment "Validation Test Data - Actual JSON Value"
2023-02-07 11:00:16.328 &amp#27;[32m INFO&amp#27;[m &amp#27;[35m[@503 - main]&amp#27;[m &amp#27;[36mcom.shaft.tools.io.ReportManager&amp#27;[m : Successfully created attachment "SHAFT Engine Logs - Current Method log: Get_Policy_With_BadRequest_data_TC"
]]></system-out>
  </testcase>
  <testcase name="Get_Policy_With_BadRequest_data_TC[[Ljava.lang.Object;@166a08d8](10)" classname="SteeringCompanyAPI_TestCases.Test_Policies_Cases" time="1.337">
    <system-out><![CDATA[2023-02-07 11:00:16.333 &amp#27;[32m INFO&amp#27;[m &amp#27;[35m[@534 - main]&amp#27;[m &amp#27;[36mcom.shaft.tools.io.ReportManager&amp#27;[m : 
################################################################################################################################################
Starting Execution:	"209 out of 107" test cases in the current suite
Test Method:		"SteeringCompanyAPI_TestCases.Test_Policies_Cases.Get_Policy_With_BadRequest_data_TC"
Test Description:	"TC059 -Policy- Perform Get Policy with BadRequest data"
################################################################################################################################################
2023-02-07 11:00:16.334 &amp#27;[32m INFO&amp#27;[m &amp#27;[35m[@503 - main]&amp#27;[m &amp#27;[36mcom.shaft.tools.io.ReportManager&amp#27;[m : File Action "DoesFileExist" successfully performed. With the following test data "File Path: "SteeringCompanyAPI_TestData/SteeringCompanyAPI_TestData.xlsx"".
2023-02-07 11:00:16.377 &amp#27;[32m INFO&amp#27;[m &amp#27;[35m[@503 - main]&amp#27;[m &amp#27;[36mcom.shaft.tools.io.ReportManager&amp#27;[m : Successfully created attachment "Test Data - Excel"
2023-02-07 11:00:16.970 &amp#27;[32m INFO&amp#27;[m &amp#27;[35m[@503 - main]&amp#27;[m &amp#27;[36mcom.shaft.tools.io.ReportManager&amp#27;[m : Response status code: "200", status line: "HTTP/1.1 200 OK"
2023-02-07 11:00:17.006 &amp#27;[32m INFO&amp#27;[m &amp#27;[35m[@503 - main]&amp#27;[m &amp#27;[36mcom.shaft.tools.io.ReportManager&amp#27;[m : Successfully created attachment "API Request - Specifications"
2023-02-07 11:00:17.008 &amp#27;[32m INFO&amp#27;[m &amp#27;[35m[@503 - main]&amp#27;[m &amp#27;[36mcom.shaft.tools.io.ReportManager&amp#27;[m : Successfully created attachment "API Request - Body"
2023-02-07 11:00:17.010 &amp#27;[32m INFO&amp#27;[m &amp#27;[35m[@503 - main]&amp#27;[m &amp#27;[36mcom.shaft.tools.io.ReportManager&amp#27;[m : Successfully created attachment "API Response - JSON Body"
2023-02-07 11:00:17.032 &amp#27;[32m INFO&amp#27;[m &amp#27;[35m[@503 - main]&amp#27;[m &amp#27;[36mcom.shaft.tools.io.ReportManager&amp#27;[m : File Action "DoesFileExist" successfully performed. With the following test data "File Path: "SteeringCompanyAPI_TestData/SteeringCompanyAPI_TestData.xlsx"".
2023-02-07 11:00:17.072 &amp#27;[32m INFO&amp#27;[m &amp#27;[35m[@503 - main]&amp#27;[m &amp#27;[36mcom.shaft.tools.io.ReportManager&amp#27;[m : Successfully created attachment "Test Data - Excel"
2023-02-07 11:00:17.072 &amp#27;[32m INFO&amp#27;[m &amp#27;[35m[@503 - main]&amp#27;[m &amp#27;[36mcom.shaft.tools.io.ReportManager&amp#27;[m : File Action "DoesFileExist" successfully performed. With the following test data "File Path: "SteeringCompanyAPI_TestData/SteeringCompanyAPI_TestData.xlsx"".
2023-02-07 11:00:17.102 &amp#27;[32m INFO&amp#27;[m &amp#27;[35m[@503 - main]&amp#27;[m &amp#27;[36mcom.shaft.tools.io.ReportManager&amp#27;[m : Successfully created attachment "Test Data - Excel"
2023-02-07 11:00:17.103 &amp#27;[32m INFO&amp#27;[m &amp#27;[35m[@503 - main]&amp#27;[m &amp#27;[36mcom.shaft.tools.io.ReportManager&amp#27;[m : File Action "DoesFileExist" successfully performed. With the following test data "File Path: "SteeringCompanyAPI_TestData/SteeringCompanyAPI_TestData.xlsx"".
2023-02-07 11:00:17.144 &amp#27;[32m INFO&amp#27;[m &amp#27;[35m[@503 - main]&amp#27;[m &amp#27;[36mcom.shaft.tools.io.ReportManager&amp#27;[m : Successfully created attachment "Test Data - Excel"
2023-02-07 11:00:17.631 &amp#27;[32m INFO&amp#27;[m &amp#27;[35m[@503 - main]&amp#27;[m &amp#27;[36mcom.shaft.tools.io.ReportManager&amp#27;[m : Response status code: "400", status line: "HTTP/1.1 400 "
2023-02-07 11:00:17.651 &amp#27;[32m INFO&amp#27;[m &amp#27;[35m[@503 - main]&amp#27;[m &amp#27;[36mcom.shaft.tools.io.ReportManager&amp#27;[m : Successfully created attachment "API Request - Specifications"
2023-02-07 11:00:17.653 &amp#27;[32m INFO&amp#27;[m &amp#27;[35m[@503 - main]&amp#27;[m &amp#27;[36mcom.shaft.tools.io.ReportManager&amp#27;[m : Successfully created attachment "API Response - JSON Body"
2023-02-07 11:00:17.654 &amp#27;[32m INFO&amp#27;[m &amp#27;[35m[@503 - main]&amp#27;[m &amp#27;[36mcom.shaft.tools.io.ReportManager&amp#27;[m : File Action "DoesFileExist" successfully performed. With the following test data "File Path: "Schemas/BadRequestError_schema.json"".
2023-02-07 11:00:17.655 &amp#27;[32m INFO&amp#27;[m &amp#27;[35m[@503 - main]&amp#27;[m &amp#27;[36mcom.shaft.tools.io.ReportManager&amp#27;[m : File Action "DoesFileExist" successfully performed. With the following test data "File Path: "src/test/resources/testDataFiles/Schemas/BadRequestError_schema.json"".
2023-02-07 11:00:17.655 &amp#27;[32m INFO&amp#27;[m &amp#27;[35m[@503 - main]&amp#27;[m &amp#27;[36mcom.shaft.tools.io.ReportManager&amp#27;[m : File Action "GetAbsolutePath" successfully performed. With the following test data "Relative Folder Path: "src/test/resources/testDataFiles/Schemas/BadRequestError_schema.json"".
2023-02-07 11:00:17.658 &amp#27;[32m INFO&amp#27;[m &amp#27;[35m[@503 - main]&amp#27;[m &amp#27;[36mcom.shaft.tools.io.ReportManager&amp#27;[m : File Action "DoesFileExist" successfully performed. With the following test data "File Path: "C:\eclipse-workspace\MyProjects\TASystemsAPIs\src\test\resources\testDataFiles\Schemas\BadRequestError_schema.json"".
2023-02-07 11:00:17.658 &amp#27;[32m INFO&amp#27;[m &amp#27;[35m[@503 - main]&amp#27;[m &amp#27;[36mcom.shaft.tools.io.ReportManager&amp#27;[m : File Action "GetAbsolutePath" successfully performed. With the following test data "Relative Folder Path: "C:\eclipse-workspace\MyProjects\TASystemsAPIs\src\test\resources\testDataFiles\Schemas\BadRequestError_schema.json"".
2023-02-07 11:00:17.658 &amp#27;[32m INFO&amp#27;[m &amp#27;[35m[@503 - main]&amp#27;[m &amp#27;[36mcom.shaft.tools.io.ReportManager&amp#27;[m : File Action "ReadFile" successfully performed. With the following test data "File Path: "C:\eclipse-workspace\MyProjects\TASystemsAPIs\src\test\resources\testDataFiles\Schemas\BadRequestError_schema.json"".
2023-02-07 11:00:17.662 &amp#27;[32m INFO&amp#27;[m &amp#27;[35m[@503 - main]&amp#27;[m &amp#27;[36mcom.shaft.tools.io.ReportManager&amp#27;[m : Successfully created attachment "Validation Test Data - Expected JSON Value"
2023-02-07 11:00:17.664 &amp#27;[32m INFO&amp#27;[m &amp#27;[35m[@503 - main]&amp#27;[m &amp#27;[36mcom.shaft.tools.io.ReportManager&amp#27;[m : Successfully created attachment "Validation Test Data - Actual JSON Value"
2023-02-07 11:00:17.666 &amp#27;[32m INFO&amp#27;[m &amp#27;[35m[@503 - main]&amp#27;[m &amp#27;[36mcom.shaft.tools.io.ReportManager&amp#27;[m : Successfully created attachment "SHAFT Engine Logs - Current Method log: Get_Policy_With_BadRequest_data_TC"
]]></system-out>
  </testcase>
  <testcase name="Get_Policy_With_NotFound_data_TC[[Ljava.lang.Object;@75b1d73a](1)" classname="SteeringCompanyAPI_TestCases.Test_Policies_Cases" time="1.562">
    <system-out><![CDATA[2023-02-07 11:00:17.685 &amp#27;[32m INFO&amp#27;[m &amp#27;[35m[@534 - main]&amp#27;[m &amp#27;[36mcom.shaft.tools.io.ReportManager&amp#27;[m : 
################################################################################################################################################
Starting Execution:	"210 out of 107" test cases in the current suite
Test Method:		"SteeringCompanyAPI_TestCases.Test_Policies_Cases.Get_Policy_With_NotFound_data_TC"
Test Description:	"TC058 -Policy- Perform Get Policy with NotFound data"
################################################################################################################################################
2023-02-07 11:00:17.685 &amp#27;[32m INFO&amp#27;[m &amp#27;[35m[@503 - main]&amp#27;[m &amp#27;[36mcom.shaft.tools.io.ReportManager&amp#27;[m : File Action "DoesFileExist" successfully performed. With the following test data "File Path: "SteeringCompanyAPI_TestData/SteeringCompanyAPI_TestData.xlsx"".
2023-02-07 11:00:17.723 &amp#27;[32m INFO&amp#27;[m &amp#27;[35m[@503 - main]&amp#27;[m &amp#27;[36mcom.shaft.tools.io.ReportManager&amp#27;[m : Successfully created attachment "Test Data - Excel"
2023-02-07 11:00:18.366 &amp#27;[32m INFO&amp#27;[m &amp#27;[35m[@503 - main]&amp#27;[m &amp#27;[36mcom.shaft.tools.io.ReportManager&amp#27;[m : Response status code: "200", status line: "HTTP/1.1 200 OK"
2023-02-07 11:00:18.384 &amp#27;[32m INFO&amp#27;[m &amp#27;[35m[@503 - main]&amp#27;[m &amp#27;[36mcom.shaft.tools.io.ReportManager&amp#27;[m : Successfully created attachment "API Request - Specifications"
2023-02-07 11:00:18.388 &amp#27;[32m INFO&amp#27;[m &amp#27;[35m[@503 - main]&amp#27;[m &amp#27;[36mcom.shaft.tools.io.ReportManager&amp#27;[m : Successfully created attachment "API Request - Body"
2023-02-07 11:00:18.391 &amp#27;[32m INFO&amp#27;[m &amp#27;[35m[@503 - main]&amp#27;[m &amp#27;[36mcom.shaft.tools.io.ReportManager&amp#27;[m : Successfully created attachment "API Response - JSON Body"
2023-02-07 11:00:18.411 &amp#27;[32m INFO&amp#27;[m &amp#27;[35m[@503 - main]&amp#27;[m &amp#27;[36mcom.shaft.tools.io.ReportManager&amp#27;[m : File Action "DoesFileExist" successfully performed. With the following test data "File Path: "SteeringCompanyAPI_TestData/SteeringCompanyAPI_TestData.xlsx"".
2023-02-07 11:00:18.444 &amp#27;[32m INFO&amp#27;[m &amp#27;[35m[@503 - main]&amp#27;[m &amp#27;[36mcom.shaft.tools.io.ReportManager&amp#27;[m : Successfully created attachment "Test Data - Excel"
2023-02-07 11:00:18.444 &amp#27;[32m INFO&amp#27;[m &amp#27;[35m[@503 - main]&amp#27;[m &amp#27;[36mcom.shaft.tools.io.ReportManager&amp#27;[m : File Action "DoesFileExist" successfully performed. With the following test data "File Path: "SteeringCompanyAPI_TestData/SteeringCompanyAPI_TestData.xlsx"".
2023-02-07 11:00:18.497 &amp#27;[32m INFO&amp#27;[m &amp#27;[35m[@503 - main]&amp#27;[m &amp#27;[36mcom.shaft.tools.io.ReportManager&amp#27;[m : Successfully created attachment "Test Data - Excel"
2023-02-07 11:00:18.497 &amp#27;[32m INFO&amp#27;[m &amp#27;[35m[@503 - main]&amp#27;[m &amp#27;[36mcom.shaft.tools.io.ReportManager&amp#27;[m : File Action "DoesFileExist" successfully performed. With the following test data "File Path: "SteeringCompanyAPI_TestData/SteeringCompanyAPI_TestData.xlsx"".
2023-02-07 11:00:18.533 &amp#27;[32m INFO&amp#27;[m &amp#27;[35m[@503 - main]&amp#27;[m &amp#27;[36mcom.shaft.tools.io.ReportManager&amp#27;[m : Successfully created attachment "Test Data - Excel"
2023-02-07 11:00:19.211 &amp#27;[32m INFO&amp#27;[m &amp#27;[35m[@503 - main]&amp#27;[m &amp#27;[36mcom.shaft.tools.io.ReportManager&amp#27;[m : Response status code: "404", status line: "HTTP/1.1 404 "
2023-02-07 11:00:19.229 &amp#27;[32m INFO&amp#27;[m &amp#27;[35m[@503 - main]&amp#27;[m &amp#27;[36mcom.shaft.tools.io.ReportManager&amp#27;[m : Successfully created attachment "API Request - Specifications"
2023-02-07 11:00:19.232 &amp#27;[32m INFO&amp#27;[m &amp#27;[35m[@503 - main]&amp#27;[m &amp#27;[36mcom.shaft.tools.io.ReportManager&amp#27;[m : Successfully created attachment "API Response - JSON Body"
2023-02-07 11:00:19.233 &amp#27;[32m INFO&amp#27;[m &amp#27;[35m[@503 - main]&amp#27;[m &amp#27;[36mcom.shaft.tools.io.ReportManager&amp#27;[m : File Action "DoesFileExist" successfully performed. With the following test data "File Path: "Schemas/NotFoundError_schema.json"".
2023-02-07 11:00:19.233 &amp#27;[32m INFO&amp#27;[m &amp#27;[35m[@503 - main]&amp#27;[m &amp#27;[36mcom.shaft.tools.io.ReportManager&amp#27;[m : File Action "DoesFileExist" successfully performed. With the following test data "File Path: "src/test/resources/testDataFiles/Schemas/NotFoundError_schema.json"".
2023-02-07 11:00:19.235 &amp#27;[32m INFO&amp#27;[m &amp#27;[35m[@503 - main]&amp#27;[m &amp#27;[36mcom.shaft.tools.io.ReportManager&amp#27;[m : File Action "GetAbsolutePath" successfully performed. With the following test data "Relative Folder Path: "src/test/resources/testDataFiles/Schemas/NotFoundError_schema.json"".
2023-02-07 11:00:19.236 &amp#27;[32m INFO&amp#27;[m &amp#27;[35m[@503 - main]&amp#27;[m &amp#27;[36mcom.shaft.tools.io.ReportManager&amp#27;[m : File Action "DoesFileExist" successfully performed. With the following test data "File Path: "C:\eclipse-workspace\MyProjects\TASystemsAPIs\src\test\resources\testDataFiles\Schemas\NotFoundError_schema.json"".
2023-02-07 11:00:19.236 &amp#27;[32m INFO&amp#27;[m &amp#27;[35m[@503 - main]&amp#27;[m &amp#27;[36mcom.shaft.tools.io.ReportManager&amp#27;[m : File Action "GetAbsolutePath" successfully performed. With the following test data "Relative Folder Path: "C:\eclipse-workspace\MyProjects\TASystemsAPIs\src\test\resources\testDataFiles\Schemas\NotFoundError_schema.json"".
2023-02-07 11:00:19.237 &amp#27;[32m INFO&amp#27;[m &amp#27;[35m[@503 - main]&amp#27;[m &amp#27;[36mcom.shaft.tools.io.ReportManager&amp#27;[m : File Action "ReadFile" successfully performed. With the following test data "File Path: "C:\eclipse-workspace\MyProjects\TASystemsAPIs\src\test\resources\testDataFiles\Schemas\NotFoundError_schema.json"".
2023-02-07 11:00:19.239 &amp#27;[32m INFO&amp#27;[m &amp#27;[35m[@503 - main]&amp#27;[m &amp#27;[36mcom.shaft.tools.io.ReportManager&amp#27;[m : Successfully created attachment "Validation Test Data - Expected JSON Value"
2023-02-07 11:00:19.240 &amp#27;[32m INFO&amp#27;[m &amp#27;[35m[@503 - main]&amp#27;[m &amp#27;[36mcom.shaft.tools.io.ReportManager&amp#27;[m : Successfully created attachment "Validation Test Data - Actual JSON Value"
2023-02-07 11:00:19.242 &amp#27;[32m INFO&amp#27;[m &amp#27;[35m[@503 - main]&amp#27;[m &amp#27;[36mcom.shaft.tools.io.ReportManager&amp#27;[m : Successfully created attachment "SHAFT Engine Logs - Current Method log: Get_Policy_With_NotFound_data_TC"
]]></system-out>
  </testcase>
  <testcase name="Get_Policy_With_NotFound_data_TC[[Ljava.lang.Object;@57aecbd9](2)" classname="SteeringCompanyAPI_TestCases.Test_Policies_Cases" time="1.288">
    <system-out><![CDATA[2023-02-07 11:00:19.251 &amp#27;[32m INFO&amp#27;[m &amp#27;[35m[@534 - main]&amp#27;[m &amp#27;[36mcom.shaft.tools.io.ReportManager&amp#27;[m : 
################################################################################################################################################
Starting Execution:	"211 out of 107" test cases in the current suite
Test Method:		"SteeringCompanyAPI_TestCases.Test_Policies_Cases.Get_Policy_With_NotFound_data_TC"
Test Description:	"TC058 -Policy- Perform Get Policy with NotFound data"
################################################################################################################################################
2023-02-07 11:00:19.252 &amp#27;[32m INFO&amp#27;[m &amp#27;[35m[@503 - main]&amp#27;[m &amp#27;[36mcom.shaft.tools.io.ReportManager&amp#27;[m : File Action "DoesFileExist" successfully performed. With the following test data "File Path: "SteeringCompanyAPI_TestData/SteeringCompanyAPI_TestData.xlsx"".
2023-02-07 11:00:19.295 &amp#27;[32m INFO&amp#27;[m &amp#27;[35m[@503 - main]&amp#27;[m &amp#27;[36mcom.shaft.tools.io.ReportManager&amp#27;[m : Successfully created attachment "Test Data - Excel"
2023-02-07 11:00:19.904 &amp#27;[32m INFO&amp#27;[m &amp#27;[35m[@503 - main]&amp#27;[m &amp#27;[36mcom.shaft.tools.io.ReportManager&amp#27;[m : Response status code: "200", status line: "HTTP/1.1 200 OK"
2023-02-07 11:00:19.923 &amp#27;[32m INFO&amp#27;[m &amp#27;[35m[@503 - main]&amp#27;[m &amp#27;[36mcom.shaft.tools.io.ReportManager&amp#27;[m : Successfully created attachment "API Request - Specifications"
2023-02-07 11:00:19.924 &amp#27;[32m INFO&amp#27;[m &amp#27;[35m[@503 - main]&amp#27;[m &amp#27;[36mcom.shaft.tools.io.ReportManager&amp#27;[m : Successfully created attachment "API Request - Body"
2023-02-07 11:00:19.927 &amp#27;[32m INFO&amp#27;[m &amp#27;[35m[@503 - main]&amp#27;[m &amp#27;[36mcom.shaft.tools.io.ReportManager&amp#27;[m : Successfully created attachment "API Response - JSON Body"
2023-02-07 11:00:19.936 &amp#27;[32m INFO&amp#27;[m &amp#27;[35m[@503 - main]&amp#27;[m &amp#27;[36mcom.shaft.tools.io.ReportManager&amp#27;[m : File Action "DoesFileExist" successfully performed. With the following test data "File Path: "SteeringCompanyAPI_TestData/SteeringCompanyAPI_TestData.xlsx"".
2023-02-07 11:00:19.957 &amp#27;[32m INFO&amp#27;[m &amp#27;[35m[@503 - main]&amp#27;[m &amp#27;[36mcom.shaft.tools.io.ReportManager&amp#27;[m : Successfully created attachment "Test Data - Excel"
2023-02-07 11:00:19.957 &amp#27;[32m INFO&amp#27;[m &amp#27;[35m[@503 - main]&amp#27;[m &amp#27;[36mcom.shaft.tools.io.ReportManager&amp#27;[m : File Action "DoesFileExist" successfully performed. With the following test data "File Path: "SteeringCompanyAPI_TestData/SteeringCompanyAPI_TestData.xlsx"".
2023-02-07 11:00:19.975 &amp#27;[32m INFO&amp#27;[m &amp#27;[35m[@503 - main]&amp#27;[m &amp#27;[36mcom.shaft.tools.io.ReportManager&amp#27;[m : Successfully created attachment "Test Data - Excel"
2023-02-07 11:00:19.975 &amp#27;[32m INFO&amp#27;[m &amp#27;[35m[@503 - main]&amp#27;[m &amp#27;[36mcom.shaft.tools.io.ReportManager&amp#27;[m : File Action "DoesFileExist" successfully performed. With the following test data "File Path: "SteeringCompanyAPI_TestData/SteeringCompanyAPI_TestData.xlsx"".
2023-02-07 11:00:19.997 &amp#27;[32m INFO&amp#27;[m &amp#27;[35m[@503 - main]&amp#27;[m &amp#27;[36mcom.shaft.tools.io.ReportManager&amp#27;[m : Successfully created attachment "Test Data - Excel"
2023-02-07 11:00:20.500 &amp#27;[32m INFO&amp#27;[m &amp#27;[35m[@503 - main]&amp#27;[m &amp#27;[36mcom.shaft.tools.io.ReportManager&amp#27;[m : Response status code: "404", status line: "HTTP/1.1 404 "
2023-02-07 11:00:20.516 &amp#27;[32m INFO&amp#27;[m &amp#27;[35m[@503 - main]&amp#27;[m &amp#27;[36mcom.shaft.tools.io.ReportManager&amp#27;[m : Successfully created attachment "API Request - Specifications"
2023-02-07 11:00:20.517 &amp#27;[32m INFO&amp#27;[m &amp#27;[35m[@503 - main]&amp#27;[m &amp#27;[36mcom.shaft.tools.io.ReportManager&amp#27;[m : Successfully created attachment "API Response - JSON Body"
2023-02-07 11:00:20.519 &amp#27;[32m INFO&amp#27;[m &amp#27;[35m[@503 - main]&amp#27;[m &amp#27;[36mcom.shaft.tools.io.ReportManager&amp#27;[m : File Action "DoesFileExist" successfully performed. With the following test data "File Path: "Schemas/NotFoundError_schema.json"".
2023-02-07 11:00:20.519 &amp#27;[32m INFO&amp#27;[m &amp#27;[35m[@503 - main]&amp#27;[m &amp#27;[36mcom.shaft.tools.io.ReportManager&amp#27;[m : File Action "DoesFileExist" successfully performed. With the following test data "File Path: "src/test/resources/testDataFiles/Schemas/NotFoundError_schema.json"".
2023-02-07 11:00:20.519 &amp#27;[32m INFO&amp#27;[m &amp#27;[35m[@503 - main]&amp#27;[m &amp#27;[36mcom.shaft.tools.io.ReportManager&amp#27;[m : File Action "GetAbsolutePath" successfully performed. With the following test data "Relative Folder Path: "src/test/resources/testDataFiles/Schemas/NotFoundError_schema.json"".
2023-02-07 11:00:20.522 &amp#27;[32m INFO&amp#27;[m &amp#27;[35m[@503 - main]&amp#27;[m &amp#27;[36mcom.shaft.tools.io.ReportManager&amp#27;[m : File Action "DoesFileExist" successfully performed. With the following test data "File Path: "C:\eclipse-workspace\MyProjects\TASystemsAPIs\src\test\resources\testDataFiles\Schemas\NotFoundError_schema.json"".
2023-02-07 11:00:20.522 &amp#27;[32m INFO&amp#27;[m &amp#27;[35m[@503 - main]&amp#27;[m &amp#27;[36mcom.shaft.tools.io.ReportManager&amp#27;[m : File Action "GetAbsolutePath" successfully performed. With the following test data "Relative Folder Path: "C:\eclipse-workspace\MyProjects\TASystemsAPIs\src\test\resources\testDataFiles\Schemas\NotFoundError_schema.json"".
2023-02-07 11:00:20.522 &amp#27;[32m INFO&amp#27;[m &amp#27;[35m[@503 - main]&amp#27;[m &amp#27;[36mcom.shaft.tools.io.ReportManager&amp#27;[m : File Action "ReadFile" successfully performed. With the following test data "File Path: "C:\eclipse-workspace\MyProjects\TASystemsAPIs\src\test\resources\testDataFiles\Schemas\NotFoundError_schema.json"".
2023-02-07 11:00:20.527 &amp#27;[32m INFO&amp#27;[m &amp#27;[35m[@503 - main]&amp#27;[m &amp#27;[36mcom.shaft.tools.io.ReportManager&amp#27;[m : Successfully created attachment "Validation Test Data - Expected JSON Value"
2023-02-07 11:00:20.529 &amp#27;[32m INFO&amp#27;[m &amp#27;[35m[@503 - main]&amp#27;[m &amp#27;[36mcom.shaft.tools.io.ReportManager&amp#27;[m : Successfully created attachment "Validation Test Data - Actual JSON Value"
2023-02-07 11:00:20.530 &amp#27;[32m INFO&amp#27;[m &amp#27;[35m[@503 - main]&amp#27;[m &amp#27;[36mcom.shaft.tools.io.ReportManager&amp#27;[m : Successfully created attachment "SHAFT Engine Logs - Current Method log: Get_Policy_With_NotFound_data_TC"
]]></system-out>
  </testcase>
  <testcase name="Get_Policy_With_NotFound_data_TC[[Ljava.lang.Object;@35f898b0](3)" classname="SteeringCompanyAPI_TestCases.Test_Policies_Cases" time="1.407">
    <system-out><![CDATA[2023-02-07 11:00:20.534 &amp#27;[32m INFO&amp#27;[m &amp#27;[35m[@534 - main]&amp#27;[m &amp#27;[36mcom.shaft.tools.io.ReportManager&amp#27;[m : 
################################################################################################################################################
Starting Execution:	"212 out of 107" test cases in the current suite
Test Method:		"SteeringCompanyAPI_TestCases.Test_Policies_Cases.Get_Policy_With_NotFound_data_TC"
Test Description:	"TC058 -Policy- Perform Get Policy with NotFound data"
################################################################################################################################################
2023-02-07 11:00:20.535 &amp#27;[32m INFO&amp#27;[m &amp#27;[35m[@503 - main]&amp#27;[m &amp#27;[36mcom.shaft.tools.io.ReportManager&amp#27;[m : File Action "DoesFileExist" successfully performed. With the following test data "File Path: "SteeringCompanyAPI_TestData/SteeringCompanyAPI_TestData.xlsx"".
2023-02-07 11:00:20.588 &amp#27;[32m INFO&amp#27;[m &amp#27;[35m[@503 - main]&amp#27;[m &amp#27;[36mcom.shaft.tools.io.ReportManager&amp#27;[m : Successfully created attachment "Test Data - Excel"
2023-02-07 11:00:21.229 &amp#27;[32m INFO&amp#27;[m &amp#27;[35m[@503 - main]&amp#27;[m &amp#27;[36mcom.shaft.tools.io.ReportManager&amp#27;[m : Response status code: "200", status line: "HTTP/1.1 200 OK"
2023-02-07 11:00:21.246 &amp#27;[32m INFO&amp#27;[m &amp#27;[35m[@503 - main]&amp#27;[m &amp#27;[36mcom.shaft.tools.io.ReportManager&amp#27;[m : Successfully created attachment "API Request - Specifications"
2023-02-07 11:00:21.248 &amp#27;[32m INFO&amp#27;[m &amp#27;[35m[@503 - main]&amp#27;[m &amp#27;[36mcom.shaft.tools.io.ReportManager&amp#27;[m : Successfully created attachment "API Request - Body"
2023-02-07 11:00:21.250 &amp#27;[32m INFO&amp#27;[m &amp#27;[35m[@503 - main]&amp#27;[m &amp#27;[36mcom.shaft.tools.io.ReportManager&amp#27;[m : Successfully created attachment "API Response - JSON Body"
2023-02-07 11:00:21.265 &amp#27;[32m INFO&amp#27;[m &amp#27;[35m[@503 - main]&amp#27;[m &amp#27;[36mcom.shaft.tools.io.ReportManager&amp#27;[m : File Action "DoesFileExist" successfully performed. With the following test data "File Path: "SteeringCompanyAPI_TestData/SteeringCompanyAPI_TestData.xlsx"".
2023-02-07 11:00:21.313 &amp#27;[32m INFO&amp#27;[m &amp#27;[35m[@503 - main]&amp#27;[m &amp#27;[36mcom.shaft.tools.io.ReportManager&amp#27;[m : Successfully created attachment "Test Data - Excel"
2023-02-07 11:00:21.313 &amp#27;[32m INFO&amp#27;[m &amp#27;[35m[@503 - main]&amp#27;[m &amp#27;[36mcom.shaft.tools.io.ReportManager&amp#27;[m : File Action "DoesFileExist" successfully performed. With the following test data "File Path: "SteeringCompanyAPI_TestData/SteeringCompanyAPI_TestData.xlsx"".
2023-02-07 11:00:21.354 &amp#27;[32m INFO&amp#27;[m &amp#27;[35m[@503 - main]&amp#27;[m &amp#27;[36mcom.shaft.tools.io.ReportManager&amp#27;[m : Successfully created attachment "Test Data - Excel"
2023-02-07 11:00:21.354 &amp#27;[32m INFO&amp#27;[m &amp#27;[35m[@503 - main]&amp#27;[m &amp#27;[36mcom.shaft.tools.io.ReportManager&amp#27;[m : File Action "DoesFileExist" successfully performed. With the following test data "File Path: "SteeringCompanyAPI_TestData/SteeringCompanyAPI_TestData.xlsx"".
2023-02-07 11:00:21.398 &amp#27;[32m INFO&amp#27;[m &amp#27;[35m[@503 - main]&amp#27;[m &amp#27;[36mcom.shaft.tools.io.ReportManager&amp#27;[m : Successfully created attachment "Test Data - Excel"
2023-02-07 11:00:21.906 &amp#27;[32m INFO&amp#27;[m &amp#27;[35m[@503 - main]&amp#27;[m &amp#27;[36mcom.shaft.tools.io.ReportManager&amp#27;[m : Response status code: "404", status line: "HTTP/1.1 404 "
2023-02-07 11:00:21.924 &amp#27;[32m INFO&amp#27;[m &amp#27;[35m[@503 - main]&amp#27;[m &amp#27;[36mcom.shaft.tools.io.ReportManager&amp#27;[m : Successfully created attachment "API Request - Specifications"
2023-02-07 11:00:21.926 &amp#27;[32m INFO&amp#27;[m &amp#27;[35m[@503 - main]&amp#27;[m &amp#27;[36mcom.shaft.tools.io.ReportManager&amp#27;[m : Successfully created attachment "API Response - JSON Body"
2023-02-07 11:00:21.927 &amp#27;[32m INFO&amp#27;[m &amp#27;[35m[@503 - main]&amp#27;[m &amp#27;[36mcom.shaft.tools.io.ReportManager&amp#27;[m : File Action "DoesFileExist" successfully performed. With the following test data "File Path: "Schemas/NotFoundError_schema.json"".
2023-02-07 11:00:21.928 &amp#27;[32m INFO&amp#27;[m &amp#27;[35m[@503 - main]&amp#27;[m &amp#27;[36mcom.shaft.tools.io.ReportManager&amp#27;[m : File Action "DoesFileExist" successfully performed. With the following test data "File Path: "src/test/resources/testDataFiles/Schemas/NotFoundError_schema.json"".
2023-02-07 11:00:21.928 &amp#27;[32m INFO&amp#27;[m &amp#27;[35m[@503 - main]&amp#27;[m &amp#27;[36mcom.shaft.tools.io.ReportManager&amp#27;[m : File Action "GetAbsolutePath" successfully performed. With the following test data "Relative Folder Path: "src/test/resources/testDataFiles/Schemas/NotFoundError_schema.json"".
2023-02-07 11:00:21.930 &amp#27;[32m INFO&amp#27;[m &amp#27;[35m[@503 - main]&amp#27;[m &amp#27;[36mcom.shaft.tools.io.ReportManager&amp#27;[m : File Action "DoesFileExist" successfully performed. With the following test data "File Path: "C:\eclipse-workspace\MyProjects\TASystemsAPIs\src\test\resources\testDataFiles\Schemas\NotFoundError_schema.json"".
2023-02-07 11:00:21.930 &amp#27;[32m INFO&amp#27;[m &amp#27;[35m[@503 - main]&amp#27;[m &amp#27;[36mcom.shaft.tools.io.ReportManager&amp#27;[m : File Action "GetAbsolutePath" successfully performed. With the following test data "Relative Folder Path: "C:\eclipse-workspace\MyProjects\TASystemsAPIs\src\test\resources\testDataFiles\Schemas\NotFoundError_schema.json"".
2023-02-07 11:00:21.931 &amp#27;[32m INFO&amp#27;[m &amp#27;[35m[@503 - main]&amp#27;[m &amp#27;[36mcom.shaft.tools.io.ReportManager&amp#27;[m : File Action "ReadFile" successfully performed. With the following test data "File Path: "C:\eclipse-workspace\MyProjects\TASystemsAPIs\src\test\resources\testDataFiles\Schemas\NotFoundError_schema.json"".
2023-02-07 11:00:21.933 &amp#27;[32m INFO&amp#27;[m &amp#27;[35m[@503 - main]&amp#27;[m &amp#27;[36mcom.shaft.tools.io.ReportManager&amp#27;[m : Successfully created attachment "Validation Test Data - Expected JSON Value"
2023-02-07 11:00:21.936 &amp#27;[32m INFO&amp#27;[m &amp#27;[35m[@503 - main]&amp#27;[m &amp#27;[36mcom.shaft.tools.io.ReportManager&amp#27;[m : Successfully created attachment "Validation Test Data - Actual JSON Value"
2023-02-07 11:00:21.938 &amp#27;[32m INFO&amp#27;[m &amp#27;[35m[@503 - main]&amp#27;[m &amp#27;[36mcom.shaft.tools.io.ReportManager&amp#27;[m : Successfully created attachment "SHAFT Engine Logs - Current Method log: Get_Policy_With_NotFound_data_TC"
]]></system-out>
  </testcase>
  <testcase name="Get_Policy_With_NotFound_data_TC[[Ljava.lang.Object;@3babaf87](4)" classname="SteeringCompanyAPI_TestCases.Test_Policies_Cases" time="1.351">
    <system-out><![CDATA[2023-02-07 11:00:21.942 &amp#27;[32m INFO&amp#27;[m &amp#27;[35m[@534 - main]&amp#27;[m &amp#27;[36mcom.shaft.tools.io.ReportManager&amp#27;[m : 
################################################################################################################################################
Starting Execution:	"213 out of 107" test cases in the current suite
Test Method:		"SteeringCompanyAPI_TestCases.Test_Policies_Cases.Get_Policy_With_NotFound_data_TC"
Test Description:	"TC058 -Policy- Perform Get Policy with NotFound data"
################################################################################################################################################
2023-02-07 11:00:21.942 &amp#27;[32m INFO&amp#27;[m &amp#27;[35m[@503 - main]&amp#27;[m &amp#27;[36mcom.shaft.tools.io.ReportManager&amp#27;[m : File Action "DoesFileExist" successfully performed. With the following test data "File Path: "SteeringCompanyAPI_TestData/SteeringCompanyAPI_TestData.xlsx"".
2023-02-07 11:00:21.988 &amp#27;[32m INFO&amp#27;[m &amp#27;[35m[@503 - main]&amp#27;[m &amp#27;[36mcom.shaft.tools.io.ReportManager&amp#27;[m : Successfully created attachment "Test Data - Excel"
2023-02-07 11:00:22.595 &amp#27;[32m INFO&amp#27;[m &amp#27;[35m[@503 - main]&amp#27;[m &amp#27;[36mcom.shaft.tools.io.ReportManager&amp#27;[m : Response status code: "200", status line: "HTTP/1.1 200 OK"
2023-02-07 11:00:22.617 &amp#27;[32m INFO&amp#27;[m &amp#27;[35m[@503 - main]&amp#27;[m &amp#27;[36mcom.shaft.tools.io.ReportManager&amp#27;[m : Successfully created attachment "API Request - Specifications"
2023-02-07 11:00:22.618 &amp#27;[32m INFO&amp#27;[m &amp#27;[35m[@503 - main]&amp#27;[m &amp#27;[36mcom.shaft.tools.io.ReportManager&amp#27;[m : Successfully created attachment "API Request - Body"
2023-02-07 11:00:22.619 &amp#27;[32m INFO&amp#27;[m &amp#27;[35m[@503 - main]&amp#27;[m &amp#27;[36mcom.shaft.tools.io.ReportManager&amp#27;[m : Successfully created attachment "API Response - JSON Body"
2023-02-07 11:00:22.638 &amp#27;[32m INFO&amp#27;[m &amp#27;[35m[@503 - main]&amp#27;[m &amp#27;[36mcom.shaft.tools.io.ReportManager&amp#27;[m : File Action "DoesFileExist" successfully performed. With the following test data "File Path: "SteeringCompanyAPI_TestData/SteeringCompanyAPI_TestData.xlsx"".
2023-02-07 11:00:22.671 &amp#27;[32m INFO&amp#27;[m &amp#27;[35m[@503 - main]&amp#27;[m &amp#27;[36mcom.shaft.tools.io.ReportManager&amp#27;[m : Successfully created attachment "Test Data - Excel"
2023-02-07 11:00:22.672 &amp#27;[32m INFO&amp#27;[m &amp#27;[35m[@503 - main]&amp#27;[m &amp#27;[36mcom.shaft.tools.io.ReportManager&amp#27;[m : File Action "DoesFileExist" successfully performed. With the following test data "File Path: "SteeringCompanyAPI_TestData/SteeringCompanyAPI_TestData.xlsx"".
2023-02-07 11:00:22.706 &amp#27;[32m INFO&amp#27;[m &amp#27;[35m[@503 - main]&amp#27;[m &amp#27;[36mcom.shaft.tools.io.ReportManager&amp#27;[m : Successfully created attachment "Test Data - Excel"
2023-02-07 11:00:22.706 &amp#27;[32m INFO&amp#27;[m &amp#27;[35m[@503 - main]&amp#27;[m &amp#27;[36mcom.shaft.tools.io.ReportManager&amp#27;[m : File Action "DoesFileExist" successfully performed. With the following test data "File Path: "SteeringCompanyAPI_TestData/SteeringCompanyAPI_TestData.xlsx"".
2023-02-07 11:00:22.744 &amp#27;[32m INFO&amp#27;[m &amp#27;[35m[@503 - main]&amp#27;[m &amp#27;[36mcom.shaft.tools.io.ReportManager&amp#27;[m : Successfully created attachment "Test Data - Excel"
2023-02-07 11:00:23.251 &amp#27;[32m INFO&amp#27;[m &amp#27;[35m[@503 - main]&amp#27;[m &amp#27;[36mcom.shaft.tools.io.ReportManager&amp#27;[m : Response status code: "404", status line: "HTTP/1.1 404 "
2023-02-07 11:00:23.273 &amp#27;[32m INFO&amp#27;[m &amp#27;[35m[@503 - main]&amp#27;[m &amp#27;[36mcom.shaft.tools.io.ReportManager&amp#27;[m : Successfully created attachment "API Request - Specifications"
2023-02-07 11:00:23.275 &amp#27;[32m INFO&amp#27;[m &amp#27;[35m[@503 - main]&amp#27;[m &amp#27;[36mcom.shaft.tools.io.ReportManager&amp#27;[m : Successfully created attachment "API Response - JSON Body"
2023-02-07 11:00:23.276 &amp#27;[32m INFO&amp#27;[m &amp#27;[35m[@503 - main]&amp#27;[m &amp#27;[36mcom.shaft.tools.io.ReportManager&amp#27;[m : File Action "DoesFileExist" successfully performed. With the following test data "File Path: "Schemas/NotFoundError_schema.json"".
2023-02-07 11:00:23.277 &amp#27;[32m INFO&amp#27;[m &amp#27;[35m[@503 - main]&amp#27;[m &amp#27;[36mcom.shaft.tools.io.ReportManager&amp#27;[m : File Action "DoesFileExist" successfully performed. With the following test data "File Path: "src/test/resources/testDataFiles/Schemas/NotFoundError_schema.json"".
2023-02-07 11:00:23.277 &amp#27;[32m INFO&amp#27;[m &amp#27;[35m[@503 - main]&amp#27;[m &amp#27;[36mcom.shaft.tools.io.ReportManager&amp#27;[m : File Action "GetAbsolutePath" successfully performed. With the following test data "Relative Folder Path: "src/test/resources/testDataFiles/Schemas/NotFoundError_schema.json"".
2023-02-07 11:00:23.280 &amp#27;[32m INFO&amp#27;[m &amp#27;[35m[@503 - main]&amp#27;[m &amp#27;[36mcom.shaft.tools.io.ReportManager&amp#27;[m : File Action "DoesFileExist" successfully performed. With the following test data "File Path: "C:\eclipse-workspace\MyProjects\TASystemsAPIs\src\test\resources\testDataFiles\Schemas\NotFoundError_schema.json"".
2023-02-07 11:00:23.281 &amp#27;[32m INFO&amp#27;[m &amp#27;[35m[@503 - main]&amp#27;[m &amp#27;[36mcom.shaft.tools.io.ReportManager&amp#27;[m : File Action "GetAbsolutePath" successfully performed. With the following test data "Relative Folder Path: "C:\eclipse-workspace\MyProjects\TASystemsAPIs\src\test\resources\testDataFiles\Schemas\NotFoundError_schema.json"".
2023-02-07 11:00:23.281 &amp#27;[32m INFO&amp#27;[m &amp#27;[35m[@503 - main]&amp#27;[m &amp#27;[36mcom.shaft.tools.io.ReportManager&amp#27;[m : File Action "ReadFile" successfully performed. With the following test data "File Path: "C:\eclipse-workspace\MyProjects\TASystemsAPIs\src\test\resources\testDataFiles\Schemas\NotFoundError_schema.json"".
2023-02-07 11:00:23.284 &amp#27;[32m INFO&amp#27;[m &amp#27;[35m[@503 - main]&amp#27;[m &amp#27;[36mcom.shaft.tools.io.ReportManager&amp#27;[m : Successfully created attachment "Validation Test Data - Expected JSON Value"
2023-02-07 11:00:23.288 &amp#27;[32m INFO&amp#27;[m &amp#27;[35m[@503 - main]&amp#27;[m &amp#27;[36mcom.shaft.tools.io.ReportManager&amp#27;[m : Successfully created attachment "Validation Test Data - Actual JSON Value"
2023-02-07 11:00:23.289 &amp#27;[32m INFO&amp#27;[m &amp#27;[35m[@503 - main]&amp#27;[m &amp#27;[36mcom.shaft.tools.io.ReportManager&amp#27;[m : Successfully created attachment "SHAFT Engine Logs - Current Method log: Get_Policy_With_NotFound_data_TC"
]]></system-out>
  </testcase>
  <testcase name="Get_Policy_With_NotFound_data_TC[[Ljava.lang.Object;@4f586b3b](5)" classname="SteeringCompanyAPI_TestCases.Test_Policies_Cases" time="1.316">
    <system-out><![CDATA[2023-02-07 11:00:23.295 &amp#27;[32m INFO&amp#27;[m &amp#27;[35m[@534 - main]&amp#27;[m &amp#27;[36mcom.shaft.tools.io.ReportManager&amp#27;[m : 
################################################################################################################################################
Starting Execution:	"214 out of 107" test cases in the current suite
Test Method:		"SteeringCompanyAPI_TestCases.Test_Policies_Cases.Get_Policy_With_NotFound_data_TC"
Test Description:	"TC058 -Policy- Perform Get Policy with NotFound data"
################################################################################################################################################
2023-02-07 11:00:23.298 &amp#27;[32m INFO&amp#27;[m &amp#27;[35m[@503 - main]&amp#27;[m &amp#27;[36mcom.shaft.tools.io.ReportManager&amp#27;[m : File Action "DoesFileExist" successfully performed. With the following test data "File Path: "SteeringCompanyAPI_TestData/SteeringCompanyAPI_TestData.xlsx"".
2023-02-07 11:00:23.342 &amp#27;[32m INFO&amp#27;[m &amp#27;[35m[@503 - main]&amp#27;[m &amp#27;[36mcom.shaft.tools.io.ReportManager&amp#27;[m : Successfully created attachment "Test Data - Excel"
2023-02-07 11:00:23.941 &amp#27;[32m INFO&amp#27;[m &amp#27;[35m[@503 - main]&amp#27;[m &amp#27;[36mcom.shaft.tools.io.ReportManager&amp#27;[m : Response status code: "200", status line: "HTTP/1.1 200 OK"
2023-02-07 11:00:23.962 &amp#27;[32m INFO&amp#27;[m &amp#27;[35m[@503 - main]&amp#27;[m &amp#27;[36mcom.shaft.tools.io.ReportManager&amp#27;[m : Successfully created attachment "API Request - Specifications"
2023-02-07 11:00:23.964 &amp#27;[32m INFO&amp#27;[m &amp#27;[35m[@503 - main]&amp#27;[m &amp#27;[36mcom.shaft.tools.io.ReportManager&amp#27;[m : Successfully created attachment "API Request - Body"
2023-02-07 11:00:23.966 &amp#27;[32m INFO&amp#27;[m &amp#27;[35m[@503 - main]&amp#27;[m &amp#27;[36mcom.shaft.tools.io.ReportManager&amp#27;[m : Successfully created attachment "API Response - JSON Body"
2023-02-07 11:00:23.979 &amp#27;[32m INFO&amp#27;[m &amp#27;[35m[@503 - main]&amp#27;[m &amp#27;[36mcom.shaft.tools.io.ReportManager&amp#27;[m : File Action "DoesFileExist" successfully performed. With the following test data "File Path: "SteeringCompanyAPI_TestData/SteeringCompanyAPI_TestData.xlsx"".
2023-02-07 11:00:24.026 &amp#27;[32m INFO&amp#27;[m &amp#27;[35m[@503 - main]&amp#27;[m &amp#27;[36mcom.shaft.tools.io.ReportManager&amp#27;[m : Successfully created attachment "Test Data - Excel"
2023-02-07 11:00:24.027 &amp#27;[32m INFO&amp#27;[m &amp#27;[35m[@503 - main]&amp#27;[m &amp#27;[36mcom.shaft.tools.io.ReportManager&amp#27;[m : File Action "DoesFileExist" successfully performed. With the following test data "File Path: "SteeringCompanyAPI_TestData/SteeringCompanyAPI_TestData.xlsx"".
2023-02-07 11:00:24.058 &amp#27;[32m INFO&amp#27;[m &amp#27;[35m[@503 - main]&amp#27;[m &amp#27;[36mcom.shaft.tools.io.ReportManager&amp#27;[m : Successfully created attachment "Test Data - Excel"
2023-02-07 11:00:24.058 &amp#27;[32m INFO&amp#27;[m &amp#27;[35m[@503 - main]&amp#27;[m &amp#27;[36mcom.shaft.tools.io.ReportManager&amp#27;[m : File Action "DoesFileExist" successfully performed. With the following test data "File Path: "SteeringCompanyAPI_TestData/SteeringCompanyAPI_TestData.xlsx"".
2023-02-07 11:00:24.077 &amp#27;[32m INFO&amp#27;[m &amp#27;[35m[@503 - main]&amp#27;[m &amp#27;[36mcom.shaft.tools.io.ReportManager&amp#27;[m : Successfully created attachment "Test Data - Excel"
2023-02-07 11:00:24.575 &amp#27;[32m INFO&amp#27;[m &amp#27;[35m[@503 - main]&amp#27;[m &amp#27;[36mcom.shaft.tools.io.ReportManager&amp#27;[m : Response status code: "404", status line: "HTTP/1.1 404 "
2023-02-07 11:00:24.593 &amp#27;[32m INFO&amp#27;[m &amp#27;[35m[@503 - main]&amp#27;[m &amp#27;[36mcom.shaft.tools.io.ReportManager&amp#27;[m : Successfully created attachment "API Request - Specifications"
2023-02-07 11:00:24.594 &amp#27;[32m INFO&amp#27;[m &amp#27;[35m[@503 - main]&amp#27;[m &amp#27;[36mcom.shaft.tools.io.ReportManager&amp#27;[m : Successfully created attachment "API Response - JSON Body"
2023-02-07 11:00:24.595 &amp#27;[32m INFO&amp#27;[m &amp#27;[35m[@503 - main]&amp#27;[m &amp#27;[36mcom.shaft.tools.io.ReportManager&amp#27;[m : File Action "DoesFileExist" successfully performed. With the following test data "File Path: "Schemas/NotFoundError_schema.json"".
2023-02-07 11:00:24.596 &amp#27;[32m INFO&amp#27;[m &amp#27;[35m[@503 - main]&amp#27;[m &amp#27;[36mcom.shaft.tools.io.ReportManager&amp#27;[m : File Action "DoesFileExist" successfully performed. With the following test data "File Path: "src/test/resources/testDataFiles/Schemas/NotFoundError_schema.json"".
2023-02-07 11:00:24.596 &amp#27;[32m INFO&amp#27;[m &amp#27;[35m[@503 - main]&amp#27;[m &amp#27;[36mcom.shaft.tools.io.ReportManager&amp#27;[m : File Action "GetAbsolutePath" successfully performed. With the following test data "Relative Folder Path: "src/test/resources/testDataFiles/Schemas/NotFoundError_schema.json"".
2023-02-07 11:00:24.599 &amp#27;[32m INFO&amp#27;[m &amp#27;[35m[@503 - main]&amp#27;[m &amp#27;[36mcom.shaft.tools.io.ReportManager&amp#27;[m : File Action "DoesFileExist" successfully performed. With the following test data "File Path: "C:\eclipse-workspace\MyProjects\TASystemsAPIs\src\test\resources\testDataFiles\Schemas\NotFoundError_schema.json"".
2023-02-07 11:00:24.599 &amp#27;[32m INFO&amp#27;[m &amp#27;[35m[@503 - main]&amp#27;[m &amp#27;[36mcom.shaft.tools.io.ReportManager&amp#27;[m : File Action "GetAbsolutePath" successfully performed. With the following test data "Relative Folder Path: "C:\eclipse-workspace\MyProjects\TASystemsAPIs\src\test\resources\testDataFiles\Schemas\NotFoundError_schema.json"".
2023-02-07 11:00:24.600 &amp#27;[32m INFO&amp#27;[m &amp#27;[35m[@503 - main]&amp#27;[m &amp#27;[36mcom.shaft.tools.io.ReportManager&amp#27;[m : File Action "ReadFile" successfully performed. With the following test data "File Path: "C:\eclipse-workspace\MyProjects\TASystemsAPIs\src\test\resources\testDataFiles\Schemas\NotFoundError_schema.json"".
2023-02-07 11:00:24.602 &amp#27;[32m INFO&amp#27;[m &amp#27;[35m[@503 - main]&amp#27;[m &amp#27;[36mcom.shaft.tools.io.ReportManager&amp#27;[m : Successfully created attachment "Validation Test Data - Expected JSON Value"
2023-02-07 11:00:24.603 &amp#27;[32m INFO&amp#27;[m &amp#27;[35m[@503 - main]&amp#27;[m &amp#27;[36mcom.shaft.tools.io.ReportManager&amp#27;[m : Successfully created attachment "Validation Test Data - Actual JSON Value"
2023-02-07 11:00:24.605 &amp#27;[32m INFO&amp#27;[m &amp#27;[35m[@503 - main]&amp#27;[m &amp#27;[36mcom.shaft.tools.io.ReportManager&amp#27;[m : Successfully created attachment "SHAFT Engine Logs - Current Method log: Get_Policy_With_NotFound_data_TC"
]]></system-out>
  </testcase>
  <testcase name="InValid_Add_Cancel_Policy_With_Invalid_Token_TC[[Ljava.lang.Object;@1322d974](1)" classname="SteeringCompanyAPI_TestCases.Test_Policies_Cases" time="0.603">
    <system-out><![CDATA[2023-02-07 11:00:24.612 &amp#27;[32m INFO&amp#27;[m &amp#27;[35m[@534 - main]&amp#27;[m &amp#27;[36mcom.shaft.tools.io.ReportManager&amp#27;[m : 
################################################################################################################################################
Starting Execution:	"215 out of 107" test cases in the current suite
Test Method:		"SteeringCompanyAPI_TestCases.Test_Policies_Cases.InValid_Add_Cancel_Policy_With_Invalid_Token_TC"
Test Description:	"TC021 -Policy- Perform Add Cancel Policy With Invalid/Expired Token"
################################################################################################################################################
2023-02-07 11:00:24.613 &amp#27;[32m INFO&amp#27;[m &amp#27;[35m[@503 - main]&amp#27;[m &amp#27;[36mcom.shaft.tools.io.ReportManager&amp#27;[m : File Action "DoesFileExist" successfully performed. With the following test data "File Path: "SteeringCompanyAPI_TestData/SteeringCompanyAPI_TestData.xlsx"".
2023-02-07 11:00:24.645 &amp#27;[32m INFO&amp#27;[m &amp#27;[35m[@503 - main]&amp#27;[m &amp#27;[36mcom.shaft.tools.io.ReportManager&amp#27;[m : Successfully created attachment "Test Data - Excel"
2023-02-07 11:00:24.645 &amp#27;[32m INFO&amp#27;[m &amp#27;[35m[@503 - main]&amp#27;[m &amp#27;[36mcom.shaft.tools.io.ReportManager&amp#27;[m : File Action "DoesFileExist" successfully performed. With the following test data "File Path: "SteeringCompanyAPI_TestData/SteeringCompanyAPI_TestData.xlsx"".
2023-02-07 11:00:24.666 &amp#27;[32m INFO&amp#27;[m &amp#27;[35m[@503 - main]&amp#27;[m &amp#27;[36mcom.shaft.tools.io.ReportManager&amp#27;[m : Successfully created attachment "Test Data - Excel"
2023-02-07 11:00:24.666 &amp#27;[32m INFO&amp#27;[m &amp#27;[35m[@503 - main]&amp#27;[m &amp#27;[36mcom.shaft.tools.io.ReportManager&amp#27;[m : File Action "DoesFileExist" successfully performed. With the following test data "File Path: "SteeringCompanyAPI_TestData/SteeringCompanyAPI_TestData.xlsx"".
2023-02-07 11:00:24.700 &amp#27;[32m INFO&amp#27;[m &amp#27;[35m[@503 - main]&amp#27;[m &amp#27;[36mcom.shaft.tools.io.ReportManager&amp#27;[m : Successfully created attachment "Test Data - Excel"
2023-02-07 11:00:25.200 &amp#27;[32m INFO&amp#27;[m &amp#27;[35m[@503 - main]&amp#27;[m &amp#27;[36mcom.shaft.tools.io.ReportManager&amp#27;[m : Response status code: "401", status line: "HTTP/1.1 401 "
2023-02-07 11:00:25.204 &amp#27;[32m INFO&amp#27;[m &amp#27;[35m[@503 - main]&amp#27;[m &amp#27;[36mcom.shaft.tools.io.ReportManager&amp#27;[m : Successfully created attachment "API Request - Specifications"
2023-02-07 11:00:25.205 &amp#27;[32m INFO&amp#27;[m &amp#27;[35m[@503 - main]&amp#27;[m &amp#27;[36mcom.shaft.tools.io.ReportManager&amp#27;[m : Successfully created attachment "API Request - JSON Body"
2023-02-07 11:00:25.207 &amp#27;[32m INFO&amp#27;[m &amp#27;[35m[@503 - main]&amp#27;[m &amp#27;[36mcom.shaft.tools.io.ReportManager&amp#27;[m : Successfully created attachment "API Response - JSON Body"
2023-02-07 11:00:25.211 &amp#27;[32m INFO&amp#27;[m &amp#27;[35m[@503 - main]&amp#27;[m &amp#27;[36mcom.shaft.tools.io.ReportManager&amp#27;[m : Successfully created attachment "SHAFT Engine Logs - Current Method log: InValid_Add_Cancel_Policy_With_Invalid_Token_TC"
]]></system-out>
  </testcase>
  <testcase name="InValid_Add_Cancel_Policy_With_Invalid_Token_TC[[Ljava.lang.Object;@95f67fc](2)" classname="SteeringCompanyAPI_TestCases.Test_Policies_Cases" time="0.581">
    <system-out><![CDATA[2023-02-07 11:00:25.214 &amp#27;[32m INFO&amp#27;[m &amp#27;[35m[@534 - main]&amp#27;[m &amp#27;[36mcom.shaft.tools.io.ReportManager&amp#27;[m : 
################################################################################################################################################
Starting Execution:	"216 out of 107" test cases in the current suite
Test Method:		"SteeringCompanyAPI_TestCases.Test_Policies_Cases.InValid_Add_Cancel_Policy_With_Invalid_Token_TC"
Test Description:	"TC021 -Policy- Perform Add Cancel Policy With Invalid/Expired Token"
################################################################################################################################################
2023-02-07 11:00:25.215 &amp#27;[32m INFO&amp#27;[m &amp#27;[35m[@503 - main]&amp#27;[m &amp#27;[36mcom.shaft.tools.io.ReportManager&amp#27;[m : File Action "DoesFileExist" successfully performed. With the following test data "File Path: "SteeringCompanyAPI_TestData/SteeringCompanyAPI_TestData.xlsx"".
2023-02-07 11:00:25.253 &amp#27;[32m INFO&amp#27;[m &amp#27;[35m[@503 - main]&amp#27;[m &amp#27;[36mcom.shaft.tools.io.ReportManager&amp#27;[m : Successfully created attachment "Test Data - Excel"
2023-02-07 11:00:25.255 &amp#27;[32m INFO&amp#27;[m &amp#27;[35m[@503 - main]&amp#27;[m &amp#27;[36mcom.shaft.tools.io.ReportManager&amp#27;[m : File Action "DoesFileExist" successfully performed. With the following test data "File Path: "SteeringCompanyAPI_TestData/SteeringCompanyAPI_TestData.xlsx"".
2023-02-07 11:00:25.289 &amp#27;[32m INFO&amp#27;[m &amp#27;[35m[@503 - main]&amp#27;[m &amp#27;[36mcom.shaft.tools.io.ReportManager&amp#27;[m : Successfully created attachment "Test Data - Excel"
2023-02-07 11:00:25.289 &amp#27;[32m INFO&amp#27;[m &amp#27;[35m[@503 - main]&amp#27;[m &amp#27;[36mcom.shaft.tools.io.ReportManager&amp#27;[m : File Action "DoesFileExist" successfully performed. With the following test data "File Path: "SteeringCompanyAPI_TestData/SteeringCompanyAPI_TestData.xlsx"".
2023-02-07 11:00:25.307 &amp#27;[32m INFO&amp#27;[m &amp#27;[35m[@503 - main]&amp#27;[m &amp#27;[36mcom.shaft.tools.io.ReportManager&amp#27;[m : Successfully created attachment "Test Data - Excel"
2023-02-07 11:00:25.783 &amp#27;[32m INFO&amp#27;[m &amp#27;[35m[@503 - main]&amp#27;[m &amp#27;[36mcom.shaft.tools.io.ReportManager&amp#27;[m : Response status code: "401", status line: "HTTP/1.1 401 "
2023-02-07 11:00:25.786 &amp#27;[32m INFO&amp#27;[m &amp#27;[35m[@503 - main]&amp#27;[m &amp#27;[36mcom.shaft.tools.io.ReportManager&amp#27;[m : Successfully created attachment "API Request - Specifications"
2023-02-07 11:00:25.789 &amp#27;[32m INFO&amp#27;[m &amp#27;[35m[@503 - main]&amp#27;[m &amp#27;[36mcom.shaft.tools.io.ReportManager&amp#27;[m : Successfully created attachment "API Request - JSON Body"
2023-02-07 11:00:25.790 &amp#27;[32m INFO&amp#27;[m &amp#27;[35m[@503 - main]&amp#27;[m &amp#27;[36mcom.shaft.tools.io.ReportManager&amp#27;[m : Successfully created attachment "API Response - JSON Body"
2023-02-07 11:00:25.792 &amp#27;[32m INFO&amp#27;[m &amp#27;[35m[@503 - main]&amp#27;[m &amp#27;[36mcom.shaft.tools.io.ReportManager&amp#27;[m : Successfully created attachment "SHAFT Engine Logs - Current Method log: InValid_Add_Cancel_Policy_With_Invalid_Token_TC"
]]></system-out>
  </testcase>
  <testcase name="InValid_Add_Cancel_Policy_With_Invalid_Token_TC[[Ljava.lang.Object;@3eb8c269](3)" classname="SteeringCompanyAPI_TestCases.Test_Policies_Cases" time="0.601">
    <system-out><![CDATA[2023-02-07 11:00:25.796 &amp#27;[32m INFO&amp#27;[m &amp#27;[35m[@534 - main]&amp#27;[m &amp#27;[36mcom.shaft.tools.io.ReportManager&amp#27;[m : 
################################################################################################################################################
Starting Execution:	"217 out of 107" test cases in the current suite
Test Method:		"SteeringCompanyAPI_TestCases.Test_Policies_Cases.InValid_Add_Cancel_Policy_With_Invalid_Token_TC"
Test Description:	"TC021 -Policy- Perform Add Cancel Policy With Invalid/Expired Token"
################################################################################################################################################
2023-02-07 11:00:25.797 &amp#27;[32m INFO&amp#27;[m &amp#27;[35m[@503 - main]&amp#27;[m &amp#27;[36mcom.shaft.tools.io.ReportManager&amp#27;[m : File Action "DoesFileExist" successfully performed. With the following test data "File Path: "SteeringCompanyAPI_TestData/SteeringCompanyAPI_TestData.xlsx"".
2023-02-07 11:00:25.837 &amp#27;[32m INFO&amp#27;[m &amp#27;[35m[@503 - main]&amp#27;[m &amp#27;[36mcom.shaft.tools.io.ReportManager&amp#27;[m : Successfully created attachment "Test Data - Excel"
2023-02-07 11:00:25.838 &amp#27;[32m INFO&amp#27;[m &amp#27;[35m[@503 - main]&amp#27;[m &amp#27;[36mcom.shaft.tools.io.ReportManager&amp#27;[m : File Action "DoesFileExist" successfully performed. With the following test data "File Path: "SteeringCompanyAPI_TestData/SteeringCompanyAPI_TestData.xlsx"".
2023-02-07 11:00:25.865 &amp#27;[32m INFO&amp#27;[m &amp#27;[35m[@503 - main]&amp#27;[m &amp#27;[36mcom.shaft.tools.io.ReportManager&amp#27;[m : Successfully created attachment "Test Data - Excel"
2023-02-07 11:00:25.865 &amp#27;[32m INFO&amp#27;[m &amp#27;[35m[@503 - main]&amp#27;[m &amp#27;[36mcom.shaft.tools.io.ReportManager&amp#27;[m : File Action "DoesFileExist" successfully performed. With the following test data "File Path: "SteeringCompanyAPI_TestData/SteeringCompanyAPI_TestData.xlsx"".
2023-02-07 11:00:25.904 &amp#27;[32m INFO&amp#27;[m &amp#27;[35m[@503 - main]&amp#27;[m &amp#27;[36mcom.shaft.tools.io.ReportManager&amp#27;[m : Successfully created attachment "Test Data - Excel"
2023-02-07 11:00:26.382 &amp#27;[32m INFO&amp#27;[m &amp#27;[35m[@503 - main]&amp#27;[m &amp#27;[36mcom.shaft.tools.io.ReportManager&amp#27;[m : Response status code: "401", status line: "HTTP/1.1 401 "
2023-02-07 11:00:26.387 &amp#27;[32m INFO&amp#27;[m &amp#27;[35m[@503 - main]&amp#27;[m &amp#27;[36mcom.shaft.tools.io.ReportManager&amp#27;[m : Successfully created attachment "API Request - Specifications"
2023-02-07 11:00:26.389 &amp#27;[32m INFO&amp#27;[m &amp#27;[35m[@503 - main]&amp#27;[m &amp#27;[36mcom.shaft.tools.io.ReportManager&amp#27;[m : Successfully created attachment "API Request - JSON Body"
2023-02-07 11:00:26.390 &amp#27;[32m INFO&amp#27;[m &amp#27;[35m[@503 - main]&amp#27;[m &amp#27;[36mcom.shaft.tools.io.ReportManager&amp#27;[m : Successfully created attachment "API Response - JSON Body"
2023-02-07 11:00:26.393 &amp#27;[32m INFO&amp#27;[m &amp#27;[35m[@503 - main]&amp#27;[m &amp#27;[36mcom.shaft.tools.io.ReportManager&amp#27;[m : Successfully created attachment "SHAFT Engine Logs - Current Method log: InValid_Add_Cancel_Policy_With_Invalid_Token_TC"
]]></system-out>
  </testcase>
  <testcase name="InValid_Add_Cancel_Policy_With_Missing_Token_TC[[Ljava.lang.Object;@11ef50fa](1)" classname="SteeringCompanyAPI_TestCases.Test_Policies_Cases" time="1.002">
    <system-out><![CDATA[2023-02-07 11:00:26.402 &amp#27;[32m INFO&amp#27;[m &amp#27;[35m[@534 - main]&amp#27;[m &amp#27;[36mcom.shaft.tools.io.ReportManager&amp#27;[m : 
################################################################################################################################################
Starting Execution:	"218 out of 107" test cases in the current suite
Test Method:		"SteeringCompanyAPI_TestCases.Test_Policies_Cases.InValid_Add_Cancel_Policy_With_Missing_Token_TC"
Test Description:	"TC020 -Policy- Perform Add Cancel Policy With Missing Token"
################################################################################################################################################
2023-02-07 11:00:26.402 &amp#27;[32m INFO&amp#27;[m &amp#27;[35m[@503 - main]&amp#27;[m &amp#27;[36mcom.shaft.tools.io.ReportManager&amp#27;[m : File Action "DoesFileExist" successfully performed. With the following test data "File Path: "SteeringCompanyAPI_TestData/SteeringCompanyAPI_TestData.xlsx"".
2023-02-07 11:00:26.452 &amp#27;[32m INFO&amp#27;[m &amp#27;[35m[@503 - main]&amp#27;[m &amp#27;[36mcom.shaft.tools.io.ReportManager&amp#27;[m : Successfully created attachment "Test Data - Excel"
2023-02-07 11:00:26.452 &amp#27;[32m INFO&amp#27;[m &amp#27;[35m[@503 - main]&amp#27;[m &amp#27;[36mcom.shaft.tools.io.ReportManager&amp#27;[m : File Action "DoesFileExist" successfully performed. With the following test data "File Path: "SteeringCompanyAPI_TestData/SteeringCompanyAPI_TestData.xlsx"".
2023-02-07 11:00:26.489 &amp#27;[32m INFO&amp#27;[m &amp#27;[35m[@503 - main]&amp#27;[m &amp#27;[36mcom.shaft.tools.io.ReportManager&amp#27;[m : Successfully created attachment "Test Data - Excel"
2023-02-07 11:00:26.489 &amp#27;[32m INFO&amp#27;[m &amp#27;[35m[@503 - main]&amp#27;[m &amp#27;[36mcom.shaft.tools.io.ReportManager&amp#27;[m : File Action "DoesFileExist" successfully performed. With the following test data "File Path: "SteeringCompanyAPI_TestData/SteeringCompanyAPI_TestData.xlsx"".
2023-02-07 11:00:26.509 &amp#27;[32m INFO&amp#27;[m &amp#27;[35m[@503 - main]&amp#27;[m &amp#27;[36mcom.shaft.tools.io.ReportManager&amp#27;[m : Successfully created attachment "Test Data - Excel"
2023-02-07 11:00:27.365 &amp#27;[32m INFO&amp#27;[m &amp#27;[35m[@503 - main]&amp#27;[m &amp#27;[36mcom.shaft.tools.io.ReportManager&amp#27;[m : Response status code: "401", status line: "HTTP/1.1 401 "
2023-02-07 11:00:27.385 &amp#27;[32m INFO&amp#27;[m &amp#27;[35m[@503 - main]&amp#27;[m &amp#27;[36mcom.shaft.tools.io.ReportManager&amp#27;[m : Successfully created attachment "API Request - Specifications"
2023-02-07 11:00:27.386 &amp#27;[32m INFO&amp#27;[m &amp#27;[35m[@503 - main]&amp#27;[m &amp#27;[36mcom.shaft.tools.io.ReportManager&amp#27;[m : Successfully created attachment "API Request - JSON Body"
2023-02-07 11:00:27.387 &amp#27;[32m INFO&amp#27;[m &amp#27;[35m[@503 - main]&amp#27;[m &amp#27;[36mcom.shaft.tools.io.ReportManager&amp#27;[m : Successfully created attachment "API Response - JSON Body"
2023-02-07 11:00:27.389 &amp#27;[32m INFO&amp#27;[m &amp#27;[35m[@503 - main]&amp#27;[m &amp#27;[36mcom.shaft.tools.io.ReportManager&amp#27;[m : File Action "DoesFileExist" successfully performed. With the following test data "File Path: "Schemas/InvalidTokenRequest_Unauthorized_schema.json"".
2023-02-07 11:00:27.389 &amp#27;[32m INFO&amp#27;[m &amp#27;[35m[@503 - main]&amp#27;[m &amp#27;[36mcom.shaft.tools.io.ReportManager&amp#27;[m : File Action "DoesFileExist" successfully performed. With the following test data "File Path: "src/test/resources/testDataFiles/Schemas/InvalidTokenRequest_Unauthorized_schema.json"".
2023-02-07 11:00:27.389 &amp#27;[32m INFO&amp#27;[m &amp#27;[35m[@503 - main]&amp#27;[m &amp#27;[36mcom.shaft.tools.io.ReportManager&amp#27;[m : File Action "GetAbsolutePath" successfully performed. With the following test data "Relative Folder Path: "src/test/resources/testDataFiles/Schemas/InvalidTokenRequest_Unauthorized_schema.json"".
2023-02-07 11:00:27.392 &amp#27;[32m INFO&amp#27;[m &amp#27;[35m[@503 - main]&amp#27;[m &amp#27;[36mcom.shaft.tools.io.ReportManager&amp#27;[m : File Action "DoesFileExist" successfully performed. With the following test data "File Path: "C:\eclipse-workspace\MyProjects\TASystemsAPIs\src\test\resources\testDataFiles\Schemas\InvalidTokenRequest_Unauthorized_schema.json"".
2023-02-07 11:00:27.392 &amp#27;[32m INFO&amp#27;[m &amp#27;[35m[@503 - main]&amp#27;[m &amp#27;[36mcom.shaft.tools.io.ReportManager&amp#27;[m : File Action "GetAbsolutePath" successfully performed. With the following test data "Relative Folder Path: "C:\eclipse-workspace\MyProjects\TASystemsAPIs\src\test\resources\testDataFiles\Schemas\InvalidTokenRequest_Unauthorized_schema.json"".
2023-02-07 11:00:27.393 &amp#27;[32m INFO&amp#27;[m &amp#27;[35m[@503 - main]&amp#27;[m &amp#27;[36mcom.shaft.tools.io.ReportManager&amp#27;[m : File Action "ReadFile" successfully performed. With the following test data "File Path: "C:\eclipse-workspace\MyProjects\TASystemsAPIs\src\test\resources\testDataFiles\Schemas\InvalidTokenRequest_Unauthorized_schema.json"".
2023-02-07 11:00:27.398 &amp#27;[32m INFO&amp#27;[m &amp#27;[35m[@503 - main]&amp#27;[m &amp#27;[36mcom.shaft.tools.io.ReportManager&amp#27;[m : Successfully created attachment "Validation Test Data - Expected JSON Value"
2023-02-07 11:00:27.398 &amp#27;[32m INFO&amp#27;[m &amp#27;[35m[@503 - main]&amp#27;[m &amp#27;[36mcom.shaft.tools.io.ReportManager&amp#27;[m : Successfully created attachment "Validation Test Data - Actual JSON Value"
2023-02-07 11:00:27.400 &amp#27;[32m INFO&amp#27;[m &amp#27;[35m[@503 - main]&amp#27;[m &amp#27;[36mcom.shaft.tools.io.ReportManager&amp#27;[m : Successfully created attachment "SHAFT Engine Logs - Current Method log: InValid_Add_Cancel_Policy_With_Missing_Token_TC"
]]></system-out>
  </testcase>
  <testcase name="InValid_Add_Cancel_Policy_With_Missing_Token_TC[[Ljava.lang.Object;@689c7fc1](2)" classname="SteeringCompanyAPI_TestCases.Test_Policies_Cases" time="0.636">
    <system-out><![CDATA[2023-02-07 11:00:27.404 &amp#27;[32m INFO&amp#27;[m &amp#27;[35m[@534 - main]&amp#27;[m &amp#27;[36mcom.shaft.tools.io.ReportManager&amp#27;[m : 
################################################################################################################################################
Starting Execution:	"219 out of 107" test cases in the current suite
Test Method:		"SteeringCompanyAPI_TestCases.Test_Policies_Cases.InValid_Add_Cancel_Policy_With_Missing_Token_TC"
Test Description:	"TC020 -Policy- Perform Add Cancel Policy With Missing Token"
################################################################################################################################################
2023-02-07 11:00:27.404 &amp#27;[32m INFO&amp#27;[m &amp#27;[35m[@503 - main]&amp#27;[m &amp#27;[36mcom.shaft.tools.io.ReportManager&amp#27;[m : File Action "DoesFileExist" successfully performed. With the following test data "File Path: "SteeringCompanyAPI_TestData/SteeringCompanyAPI_TestData.xlsx"".
2023-02-07 11:00:27.451 &amp#27;[32m INFO&amp#27;[m &amp#27;[35m[@503 - main]&amp#27;[m &amp#27;[36mcom.shaft.tools.io.ReportManager&amp#27;[m : Successfully created attachment "Test Data - Excel"
2023-02-07 11:00:27.452 &amp#27;[32m INFO&amp#27;[m &amp#27;[35m[@503 - main]&amp#27;[m &amp#27;[36mcom.shaft.tools.io.ReportManager&amp#27;[m : File Action "DoesFileExist" successfully performed. With the following test data "File Path: "SteeringCompanyAPI_TestData/SteeringCompanyAPI_TestData.xlsx"".
2023-02-07 11:00:27.473 &amp#27;[32m INFO&amp#27;[m &amp#27;[35m[@503 - main]&amp#27;[m &amp#27;[36mcom.shaft.tools.io.ReportManager&amp#27;[m : Successfully created attachment "Test Data - Excel"
2023-02-07 11:00:27.473 &amp#27;[32m INFO&amp#27;[m &amp#27;[35m[@503 - main]&amp#27;[m &amp#27;[36mcom.shaft.tools.io.ReportManager&amp#27;[m : File Action "DoesFileExist" successfully performed. With the following test data "File Path: "SteeringCompanyAPI_TestData/SteeringCompanyAPI_TestData.xlsx"".
2023-02-07 11:00:27.516 &amp#27;[32m INFO&amp#27;[m &amp#27;[35m[@503 - main]&amp#27;[m &amp#27;[36mcom.shaft.tools.io.ReportManager&amp#27;[m : Successfully created attachment "Test Data - Excel"
2023-02-07 11:00:27.995 &amp#27;[32m INFO&amp#27;[m &amp#27;[35m[@503 - main]&amp#27;[m &amp#27;[36mcom.shaft.tools.io.ReportManager&amp#27;[m : Response status code: "401", status line: "HTTP/1.1 401 "
2023-02-07 11:00:28.021 &amp#27;[32m INFO&amp#27;[m &amp#27;[35m[@503 - main]&amp#27;[m &amp#27;[36mcom.shaft.tools.io.ReportManager&amp#27;[m : Successfully created attachment "API Request - Specifications"
2023-02-07 11:00:28.023 &amp#27;[32m INFO&amp#27;[m &amp#27;[35m[@503 - main]&amp#27;[m &amp#27;[36mcom.shaft.tools.io.ReportManager&amp#27;[m : Successfully created attachment "API Request - JSON Body"
2023-02-07 11:00:28.025 &amp#27;[32m INFO&amp#27;[m &amp#27;[35m[@503 - main]&amp#27;[m &amp#27;[36mcom.shaft.tools.io.ReportManager&amp#27;[m : Successfully created attachment "API Response - JSON Body"
2023-02-07 11:00:28.027 &amp#27;[32m INFO&amp#27;[m &amp#27;[35m[@503 - main]&amp#27;[m &amp#27;[36mcom.shaft.tools.io.ReportManager&amp#27;[m : File Action "DoesFileExist" successfully performed. With the following test data "File Path: "Schemas/InvalidTokenRequest_Unauthorized_schema.json"".
2023-02-07 11:00:28.027 &amp#27;[32m INFO&amp#27;[m &amp#27;[35m[@503 - main]&amp#27;[m &amp#27;[36mcom.shaft.tools.io.ReportManager&amp#27;[m : File Action "DoesFileExist" successfully performed. With the following test data "File Path: "src/test/resources/testDataFiles/Schemas/InvalidTokenRequest_Unauthorized_schema.json"".
2023-02-07 11:00:28.028 &amp#27;[32m INFO&amp#27;[m &amp#27;[35m[@503 - main]&amp#27;[m &amp#27;[36mcom.shaft.tools.io.ReportManager&amp#27;[m : File Action "GetAbsolutePath" successfully performed. With the following test data "Relative Folder Path: "src/test/resources/testDataFiles/Schemas/InvalidTokenRequest_Unauthorized_schema.json"".
2023-02-07 11:00:28.030 &amp#27;[32m INFO&amp#27;[m &amp#27;[35m[@503 - main]&amp#27;[m &amp#27;[36mcom.shaft.tools.io.ReportManager&amp#27;[m : File Action "DoesFileExist" successfully performed. With the following test data "File Path: "C:\eclipse-workspace\MyProjects\TASystemsAPIs\src\test\resources\testDataFiles\Schemas\InvalidTokenRequest_Unauthorized_schema.json"".
2023-02-07 11:00:28.030 &amp#27;[32m INFO&amp#27;[m &amp#27;[35m[@503 - main]&amp#27;[m &amp#27;[36mcom.shaft.tools.io.ReportManager&amp#27;[m : File Action "GetAbsolutePath" successfully performed. With the following test data "Relative Folder Path: "C:\eclipse-workspace\MyProjects\TASystemsAPIs\src\test\resources\testDataFiles\Schemas\InvalidTokenRequest_Unauthorized_schema.json"".
2023-02-07 11:00:28.031 &amp#27;[32m INFO&amp#27;[m &amp#27;[35m[@503 - main]&amp#27;[m &amp#27;[36mcom.shaft.tools.io.ReportManager&amp#27;[m : File Action "ReadFile" successfully performed. With the following test data "File Path: "C:\eclipse-workspace\MyProjects\TASystemsAPIs\src\test\resources\testDataFiles\Schemas\InvalidTokenRequest_Unauthorized_schema.json"".
2023-02-07 11:00:28.033 &amp#27;[32m INFO&amp#27;[m &amp#27;[35m[@503 - main]&amp#27;[m &amp#27;[36mcom.shaft.tools.io.ReportManager&amp#27;[m : Successfully created attachment "Validation Test Data - Expected JSON Value"
2023-02-07 11:00:28.033 &amp#27;[32m INFO&amp#27;[m &amp#27;[35m[@503 - main]&amp#27;[m &amp#27;[36mcom.shaft.tools.io.ReportManager&amp#27;[m : Successfully created attachment "Validation Test Data - Actual JSON Value"
2023-02-07 11:00:28.035 &amp#27;[32m INFO&amp#27;[m &amp#27;[35m[@503 - main]&amp#27;[m &amp#27;[36mcom.shaft.tools.io.ReportManager&amp#27;[m : Successfully created attachment "SHAFT Engine Logs - Current Method log: InValid_Add_Cancel_Policy_With_Missing_Token_TC"
]]></system-out>
  </testcase>
  <testcase name="InValid_Add_Cancel_Policy_With_Missing_Token_TC[[Ljava.lang.Object;@7d2ffe0c](3)" classname="SteeringCompanyAPI_TestCases.Test_Policies_Cases" time="0.644">
    <system-out><![CDATA[2023-02-07 11:00:28.040 &amp#27;[32m INFO&amp#27;[m &amp#27;[35m[@534 - main]&amp#27;[m &amp#27;[36mcom.shaft.tools.io.ReportManager&amp#27;[m : 
################################################################################################################################################
Starting Execution:	"220 out of 107" test cases in the current suite
Test Method:		"SteeringCompanyAPI_TestCases.Test_Policies_Cases.InValid_Add_Cancel_Policy_With_Missing_Token_TC"
Test Description:	"TC020 -Policy- Perform Add Cancel Policy With Missing Token"
################################################################################################################################################
2023-02-07 11:00:28.041 &amp#27;[32m INFO&amp#27;[m &amp#27;[35m[@503 - main]&amp#27;[m &amp#27;[36mcom.shaft.tools.io.ReportManager&amp#27;[m : File Action "DoesFileExist" successfully performed. With the following test data "File Path: "SteeringCompanyAPI_TestData/SteeringCompanyAPI_TestData.xlsx"".
2023-02-07 11:00:28.078 &amp#27;[32m INFO&amp#27;[m &amp#27;[35m[@503 - main]&amp#27;[m &amp#27;[36mcom.shaft.tools.io.ReportManager&amp#27;[m : Successfully created attachment "Test Data - Excel"
2023-02-07 11:00:28.078 &amp#27;[32m INFO&amp#27;[m &amp#27;[35m[@503 - main]&amp#27;[m &amp#27;[36mcom.shaft.tools.io.ReportManager&amp#27;[m : File Action "DoesFileExist" successfully performed. With the following test data "File Path: "SteeringCompanyAPI_TestData/SteeringCompanyAPI_TestData.xlsx"".
2023-02-07 11:00:28.117 &amp#27;[32m INFO&amp#27;[m &amp#27;[35m[@503 - main]&amp#27;[m &amp#27;[36mcom.shaft.tools.io.ReportManager&amp#27;[m : Successfully created attachment "Test Data - Excel"
2023-02-07 11:00:28.118 &amp#27;[32m INFO&amp#27;[m &amp#27;[35m[@503 - main]&amp#27;[m &amp#27;[36mcom.shaft.tools.io.ReportManager&amp#27;[m : File Action "DoesFileExist" successfully performed. With the following test data "File Path: "SteeringCompanyAPI_TestData/SteeringCompanyAPI_TestData.xlsx"".
2023-02-07 11:00:28.160 &amp#27;[32m INFO&amp#27;[m &amp#27;[35m[@503 - main]&amp#27;[m &amp#27;[36mcom.shaft.tools.io.ReportManager&amp#27;[m : Successfully created attachment "Test Data - Excel"
2023-02-07 11:00:28.650 &amp#27;[32m INFO&amp#27;[m &amp#27;[35m[@503 - main]&amp#27;[m &amp#27;[36mcom.shaft.tools.io.ReportManager&amp#27;[m : Response status code: "401", status line: "HTTP/1.1 401 "
2023-02-07 11:00:28.666 &amp#27;[32m INFO&amp#27;[m &amp#27;[35m[@503 - main]&amp#27;[m &amp#27;[36mcom.shaft.tools.io.ReportManager&amp#27;[m : Successfully created attachment "API Request - Specifications"
2023-02-07 11:00:28.668 &amp#27;[32m INFO&amp#27;[m &amp#27;[35m[@503 - main]&amp#27;[m &amp#27;[36mcom.shaft.tools.io.ReportManager&amp#27;[m : Successfully created attachment "API Request - JSON Body"
2023-02-07 11:00:28.669 &amp#27;[32m INFO&amp#27;[m &amp#27;[35m[@503 - main]&amp#27;[m &amp#27;[36mcom.shaft.tools.io.ReportManager&amp#27;[m : Successfully created attachment "API Response - JSON Body"
2023-02-07 11:00:28.670 &amp#27;[32m INFO&amp#27;[m &amp#27;[35m[@503 - main]&amp#27;[m &amp#27;[36mcom.shaft.tools.io.ReportManager&amp#27;[m : File Action "DoesFileExist" successfully performed. With the following test data "File Path: "Schemas/InvalidTokenRequest_Unauthorized_schema.json"".
2023-02-07 11:00:28.671 &amp#27;[32m INFO&amp#27;[m &amp#27;[35m[@503 - main]&amp#27;[m &amp#27;[36mcom.shaft.tools.io.ReportManager&amp#27;[m : File Action "DoesFileExist" successfully performed. With the following test data "File Path: "src/test/resources/testDataFiles/Schemas/InvalidTokenRequest_Unauthorized_schema.json"".
2023-02-07 11:00:28.671 &amp#27;[32m INFO&amp#27;[m &amp#27;[35m[@503 - main]&amp#27;[m &amp#27;[36mcom.shaft.tools.io.ReportManager&amp#27;[m : File Action "GetAbsolutePath" successfully performed. With the following test data "Relative Folder Path: "src/test/resources/testDataFiles/Schemas/InvalidTokenRequest_Unauthorized_schema.json"".
2023-02-07 11:00:28.674 &amp#27;[32m INFO&amp#27;[m &amp#27;[35m[@503 - main]&amp#27;[m &amp#27;[36mcom.shaft.tools.io.ReportManager&amp#27;[m : File Action "DoesFileExist" successfully performed. With the following test data "File Path: "C:\eclipse-workspace\MyProjects\TASystemsAPIs\src\test\resources\testDataFiles\Schemas\InvalidTokenRequest_Unauthorized_schema.json"".
2023-02-07 11:00:28.674 &amp#27;[32m INFO&amp#27;[m &amp#27;[35m[@503 - main]&amp#27;[m &amp#27;[36mcom.shaft.tools.io.ReportManager&amp#27;[m : File Action "GetAbsolutePath" successfully performed. With the following test data "Relative Folder Path: "C:\eclipse-workspace\MyProjects\TASystemsAPIs\src\test\resources\testDataFiles\Schemas\InvalidTokenRequest_Unauthorized_schema.json"".
2023-02-07 11:00:28.674 &amp#27;[32m INFO&amp#27;[m &amp#27;[35m[@503 - main]&amp#27;[m &amp#27;[36mcom.shaft.tools.io.ReportManager&amp#27;[m : File Action "ReadFile" successfully performed. With the following test data "File Path: "C:\eclipse-workspace\MyProjects\TASystemsAPIs\src\test\resources\testDataFiles\Schemas\InvalidTokenRequest_Unauthorized_schema.json"".
2023-02-07 11:00:28.676 &amp#27;[32m INFO&amp#27;[m &amp#27;[35m[@503 - main]&amp#27;[m &amp#27;[36mcom.shaft.tools.io.ReportManager&amp#27;[m : Successfully created attachment "Validation Test Data - Expected JSON Value"
2023-02-07 11:00:28.678 &amp#27;[32m INFO&amp#27;[m &amp#27;[35m[@503 - main]&amp#27;[m &amp#27;[36mcom.shaft.tools.io.ReportManager&amp#27;[m : Successfully created attachment "Validation Test Data - Actual JSON Value"
2023-02-07 11:00:28.680 &amp#27;[32m INFO&amp#27;[m &amp#27;[35m[@503 - main]&amp#27;[m &amp#27;[36mcom.shaft.tools.io.ReportManager&amp#27;[m : Successfully created attachment "SHAFT Engine Logs - Current Method log: InValid_Add_Cancel_Policy_With_Missing_Token_TC"
]]></system-out>
  </testcase>
  <testcase name="InValid_Add_General_Policy_With_Invalid_Token_TC[[Ljava.lang.Object;@2c4d08b5](1)" classname="SteeringCompanyAPI_TestCases.Test_Policies_Cases" time="1.724">
    <system-out><![CDATA[2023-02-07 11:00:28.688 &amp#27;[32m INFO&amp#27;[m &amp#27;[35m[@534 - main]&amp#27;[m &amp#27;[36mcom.shaft.tools.io.ReportManager&amp#27;[m : 
################################################################################################################################################
Starting Execution:	"221 out of 107" test cases in the current suite
Test Method:		"SteeringCompanyAPI_TestCases.Test_Policies_Cases.InValid_Add_General_Policy_With_Invalid_Token_TC"
Test Description:	"TC029 -Policy- Perform Add General Policy With Invalid/Expired Token"
################################################################################################################################################
2023-02-07 11:00:28.689 &amp#27;[32m INFO&amp#27;[m &amp#27;[35m[@503 - main]&amp#27;[m &amp#27;[36mcom.shaft.tools.io.ReportManager&amp#27;[m : File Action "DoesFileExist" successfully performed. With the following test data "File Path: "SteeringCompanyAPI_TestData/SteeringCompanyAPI_TestData.xlsx"".
2023-02-07 11:00:28.720 &amp#27;[32m INFO&amp#27;[m &amp#27;[35m[@503 - main]&amp#27;[m &amp#27;[36mcom.shaft.tools.io.ReportManager&amp#27;[m : Successfully created attachment "Test Data - Excel"
2023-02-07 11:00:28.721 &amp#27;[32m INFO&amp#27;[m &amp#27;[35m[@503 - main]&amp#27;[m &amp#27;[36mcom.shaft.tools.io.ReportManager&amp#27;[m : File Action "DoesFileExist" successfully performed. With the following test data "File Path: "SteeringCompanyAPI_TestData/SteeringCompanyAPI_TestData.xlsx"".
2023-02-07 11:00:28.749 &amp#27;[32m INFO&amp#27;[m &amp#27;[35m[@503 - main]&amp#27;[m &amp#27;[36mcom.shaft.tools.io.ReportManager&amp#27;[m : Successfully created attachment "Test Data - Excel"
2023-02-07 11:00:28.749 &amp#27;[32m INFO&amp#27;[m &amp#27;[35m[@503 - main]&amp#27;[m &amp#27;[36mcom.shaft.tools.io.ReportManager&amp#27;[m : File Action "DoesFileExist" successfully performed. With the following test data "File Path: "SteeringCompanyAPI_TestData/SteeringCompanyAPI_TestData.xlsx"".
2023-02-07 11:00:28.778 &amp#27;[32m INFO&amp#27;[m &amp#27;[35m[@503 - main]&amp#27;[m &amp#27;[36mcom.shaft.tools.io.ReportManager&amp#27;[m : Successfully created attachment "Test Data - Excel"
2023-02-07 11:00:30.401 &amp#27;[32m INFO&amp#27;[m &amp#27;[35m[@503 - main]&amp#27;[m &amp#27;[36mcom.shaft.tools.io.ReportManager&amp#27;[m : Response status code: "401", status line: "HTTP/1.1 401 "
2023-02-07 11:00:30.403 &amp#27;[32m INFO&amp#27;[m &amp#27;[35m[@503 - main]&amp#27;[m &amp#27;[36mcom.shaft.tools.io.ReportManager&amp#27;[m : Successfully created attachment "API Request - Specifications"
2023-02-07 11:00:30.405 &amp#27;[32m INFO&amp#27;[m &amp#27;[35m[@503 - main]&amp#27;[m &amp#27;[36mcom.shaft.tools.io.ReportManager&amp#27;[m : Successfully created attachment "API Request - JSON Body"
2023-02-07 11:00:30.406 &amp#27;[32m INFO&amp#27;[m &amp#27;[35m[@503 - main]&amp#27;[m &amp#27;[36mcom.shaft.tools.io.ReportManager&amp#27;[m : Successfully created attachment "API Response - JSON Body"
2023-02-07 11:00:30.409 &amp#27;[32m INFO&amp#27;[m &amp#27;[35m[@503 - main]&amp#27;[m &amp#27;[36mcom.shaft.tools.io.ReportManager&amp#27;[m : Successfully created attachment "SHAFT Engine Logs - Current Method log: InValid_Add_General_Policy_With_Invalid_Token_TC"
]]></system-out>
  </testcase>
  <testcase name="InValid_Add_General_Policy_With_Invalid_Token_TC[[Ljava.lang.Object;@780024ae](2)" classname="SteeringCompanyAPI_TestCases.Test_Policies_Cases" time="0.597">
    <system-out><![CDATA[2023-02-07 11:00:30.411 &amp#27;[32m INFO&amp#27;[m &amp#27;[35m[@534 - main]&amp#27;[m &amp#27;[36mcom.shaft.tools.io.ReportManager&amp#27;[m : 
################################################################################################################################################
Starting Execution:	"222 out of 107" test cases in the current suite
Test Method:		"SteeringCompanyAPI_TestCases.Test_Policies_Cases.InValid_Add_General_Policy_With_Invalid_Token_TC"
Test Description:	"TC029 -Policy- Perform Add General Policy With Invalid/Expired Token"
################################################################################################################################################
2023-02-07 11:00:30.412 &amp#27;[32m INFO&amp#27;[m &amp#27;[35m[@503 - main]&amp#27;[m &amp#27;[36mcom.shaft.tools.io.ReportManager&amp#27;[m : File Action "DoesFileExist" successfully performed. With the following test data "File Path: "SteeringCompanyAPI_TestData/SteeringCompanyAPI_TestData.xlsx"".
2023-02-07 11:00:30.441 &amp#27;[32m INFO&amp#27;[m &amp#27;[35m[@503 - main]&amp#27;[m &amp#27;[36mcom.shaft.tools.io.ReportManager&amp#27;[m : Successfully created attachment "Test Data - Excel"
2023-02-07 11:00:30.441 &amp#27;[32m INFO&amp#27;[m &amp#27;[35m[@503 - main]&amp#27;[m &amp#27;[36mcom.shaft.tools.io.ReportManager&amp#27;[m : File Action "DoesFileExist" successfully performed. With the following test data "File Path: "SteeringCompanyAPI_TestData/SteeringCompanyAPI_TestData.xlsx"".
2023-02-07 11:00:30.478 &amp#27;[32m INFO&amp#27;[m &amp#27;[35m[@503 - main]&amp#27;[m &amp#27;[36mcom.shaft.tools.io.ReportManager&amp#27;[m : Successfully created attachment "Test Data - Excel"
2023-02-07 11:00:30.478 &amp#27;[32m INFO&amp#27;[m &amp#27;[35m[@503 - main]&amp#27;[m &amp#27;[36mcom.shaft.tools.io.ReportManager&amp#27;[m : File Action "DoesFileExist" successfully performed. With the following test data "File Path: "SteeringCompanyAPI_TestData/SteeringCompanyAPI_TestData.xlsx"".
2023-02-07 11:00:30.508 &amp#27;[32m INFO&amp#27;[m &amp#27;[35m[@503 - main]&amp#27;[m &amp#27;[36mcom.shaft.tools.io.ReportManager&amp#27;[m : Successfully created attachment "Test Data - Excel"
2023-02-07 11:00:30.996 &amp#27;[32m INFO&amp#27;[m &amp#27;[35m[@503 - main]&amp#27;[m &amp#27;[36mcom.shaft.tools.io.ReportManager&amp#27;[m : Response status code: "401", status line: "HTTP/1.1 401 "
2023-02-07 11:00:31.000 &amp#27;[32m INFO&amp#27;[m &amp#27;[35m[@503 - main]&amp#27;[m &amp#27;[36mcom.shaft.tools.io.ReportManager&amp#27;[m : Successfully created attachment "API Request - Specifications"
2023-02-07 11:00:31.002 &amp#27;[32m INFO&amp#27;[m &amp#27;[35m[@503 - main]&amp#27;[m &amp#27;[36mcom.shaft.tools.io.ReportManager&amp#27;[m : Successfully created attachment "API Request - JSON Body"
2023-02-07 11:00:31.003 &amp#27;[32m INFO&amp#27;[m &amp#27;[35m[@503 - main]&amp#27;[m &amp#27;[36mcom.shaft.tools.io.ReportManager&amp#27;[m : Successfully created attachment "API Response - JSON Body"
2023-02-07 11:00:31.005 &amp#27;[32m INFO&amp#27;[m &amp#27;[35m[@503 - main]&amp#27;[m &amp#27;[36mcom.shaft.tools.io.ReportManager&amp#27;[m : Successfully created attachment "SHAFT Engine Logs - Current Method log: InValid_Add_General_Policy_With_Invalid_Token_TC"
]]></system-out>
  </testcase>
  <testcase name="InValid_Add_General_Policy_With_Missing_Token_TC[[Ljava.lang.Object;@98709a0](1)" classname="SteeringCompanyAPI_TestCases.Test_Policies_Cases" time="0.609">
    <system-out><![CDATA[2023-02-07 11:00:31.013 &amp#27;[32m INFO&amp#27;[m &amp#27;[35m[@534 - main]&amp#27;[m &amp#27;[36mcom.shaft.tools.io.ReportManager&amp#27;[m : 
################################################################################################################################################
Starting Execution:	"223 out of 107" test cases in the current suite
Test Method:		"SteeringCompanyAPI_TestCases.Test_Policies_Cases.InValid_Add_General_Policy_With_Missing_Token_TC"
Test Description:	"TC028 -Policy- Perform Add General Policy With Missing Token"
################################################################################################################################################
2023-02-07 11:00:31.014 &amp#27;[32m INFO&amp#27;[m &amp#27;[35m[@503 - main]&amp#27;[m &amp#27;[36mcom.shaft.tools.io.ReportManager&amp#27;[m : File Action "DoesFileExist" successfully performed. With the following test data "File Path: "SteeringCompanyAPI_TestData/SteeringCompanyAPI_TestData.xlsx"".
2023-02-07 11:00:31.044 &amp#27;[32m INFO&amp#27;[m &amp#27;[35m[@503 - main]&amp#27;[m &amp#27;[36mcom.shaft.tools.io.ReportManager&amp#27;[m : Successfully created attachment "Test Data - Excel"
2023-02-07 11:00:31.044 &amp#27;[32m INFO&amp#27;[m &amp#27;[35m[@503 - main]&amp#27;[m &amp#27;[36mcom.shaft.tools.io.ReportManager&amp#27;[m : File Action "DoesFileExist" successfully performed. With the following test data "File Path: "SteeringCompanyAPI_TestData/SteeringCompanyAPI_TestData.xlsx"".
2023-02-07 11:00:31.071 &amp#27;[32m INFO&amp#27;[m &amp#27;[35m[@503 - main]&amp#27;[m &amp#27;[36mcom.shaft.tools.io.ReportManager&amp#27;[m : Successfully created attachment "Test Data - Excel"
2023-02-07 11:00:31.071 &amp#27;[32m INFO&amp#27;[m &amp#27;[35m[@503 - main]&amp#27;[m &amp#27;[36mcom.shaft.tools.io.ReportManager&amp#27;[m : File Action "DoesFileExist" successfully performed. With the following test data "File Path: "SteeringCompanyAPI_TestData/SteeringCompanyAPI_TestData.xlsx"".
2023-02-07 11:00:31.106 &amp#27;[32m INFO&amp#27;[m &amp#27;[35m[@503 - main]&amp#27;[m &amp#27;[36mcom.shaft.tools.io.ReportManager&amp#27;[m : Successfully created attachment "Test Data - Excel"
2023-02-07 11:00:31.599 &amp#27;[32m INFO&amp#27;[m &amp#27;[35m[@503 - main]&amp#27;[m &amp#27;[36mcom.shaft.tools.io.ReportManager&amp#27;[m : Response status code: "401", status line: "HTTP/1.1 401 "
2023-02-07 11:00:31.613 &amp#27;[32m INFO&amp#27;[m &amp#27;[35m[@503 - main]&amp#27;[m &amp#27;[36mcom.shaft.tools.io.ReportManager&amp#27;[m : Successfully created attachment "API Request - Specifications"
2023-02-07 11:00:31.614 &amp#27;[32m INFO&amp#27;[m &amp#27;[35m[@503 - main]&amp#27;[m &amp#27;[36mcom.shaft.tools.io.ReportManager&amp#27;[m : Successfully created attachment "API Request - JSON Body"
2023-02-07 11:00:31.614 &amp#27;[32m INFO&amp#27;[m &amp#27;[35m[@503 - main]&amp#27;[m &amp#27;[36mcom.shaft.tools.io.ReportManager&amp#27;[m : Successfully created attachment "API Response - JSON Body"
2023-02-07 11:00:31.615 &amp#27;[32m INFO&amp#27;[m &amp#27;[35m[@503 - main]&amp#27;[m &amp#27;[36mcom.shaft.tools.io.ReportManager&amp#27;[m : File Action "DoesFileExist" successfully performed. With the following test data "File Path: "Schemas/InvalidTokenRequest_Unauthorized_schema.json"".
2023-02-07 11:00:31.615 &amp#27;[32m INFO&amp#27;[m &amp#27;[35m[@503 - main]&amp#27;[m &amp#27;[36mcom.shaft.tools.io.ReportManager&amp#27;[m : File Action "DoesFileExist" successfully performed. With the following test data "File Path: "src/test/resources/testDataFiles/Schemas/InvalidTokenRequest_Unauthorized_schema.json"".
2023-02-07 11:00:31.615 &amp#27;[32m INFO&amp#27;[m &amp#27;[35m[@503 - main]&amp#27;[m &amp#27;[36mcom.shaft.tools.io.ReportManager&amp#27;[m : File Action "GetAbsolutePath" successfully performed. With the following test data "Relative Folder Path: "src/test/resources/testDataFiles/Schemas/InvalidTokenRequest_Unauthorized_schema.json"".
2023-02-07 11:00:31.617 &amp#27;[32m INFO&amp#27;[m &amp#27;[35m[@503 - main]&amp#27;[m &amp#27;[36mcom.shaft.tools.io.ReportManager&amp#27;[m : File Action "DoesFileExist" successfully performed. With the following test data "File Path: "C:\eclipse-workspace\MyProjects\TASystemsAPIs\src\test\resources\testDataFiles\Schemas\InvalidTokenRequest_Unauthorized_schema.json"".
2023-02-07 11:00:31.617 &amp#27;[32m INFO&amp#27;[m &amp#27;[35m[@503 - main]&amp#27;[m &amp#27;[36mcom.shaft.tools.io.ReportManager&amp#27;[m : File Action "GetAbsolutePath" successfully performed. With the following test data "Relative Folder Path: "C:\eclipse-workspace\MyProjects\TASystemsAPIs\src\test\resources\testDataFiles\Schemas\InvalidTokenRequest_Unauthorized_schema.json"".
2023-02-07 11:00:31.617 &amp#27;[32m INFO&amp#27;[m &amp#27;[35m[@503 - main]&amp#27;[m &amp#27;[36mcom.shaft.tools.io.ReportManager&amp#27;[m : File Action "ReadFile" successfully performed. With the following test data "File Path: "C:\eclipse-workspace\MyProjects\TASystemsAPIs\src\test\resources\testDataFiles\Schemas\InvalidTokenRequest_Unauthorized_schema.json"".
2023-02-07 11:00:31.618 &amp#27;[32m INFO&amp#27;[m &amp#27;[35m[@503 - main]&amp#27;[m &amp#27;[36mcom.shaft.tools.io.ReportManager&amp#27;[m : Successfully created attachment "Validation Test Data - Expected JSON Value"
2023-02-07 11:00:31.619 &amp#27;[32m INFO&amp#27;[m &amp#27;[35m[@503 - main]&amp#27;[m &amp#27;[36mcom.shaft.tools.io.ReportManager&amp#27;[m : Successfully created attachment "Validation Test Data - Actual JSON Value"
2023-02-07 11:00:31.620 &amp#27;[32m INFO&amp#27;[m &amp#27;[35m[@503 - main]&amp#27;[m &amp#27;[36mcom.shaft.tools.io.ReportManager&amp#27;[m : Successfully created attachment "SHAFT Engine Logs - Current Method log: InValid_Add_General_Policy_With_Missing_Token_TC"
]]></system-out>
  </testcase>
  <testcase name="InValid_Add_General_Policy_With_Missing_Token_TC[[Ljava.lang.Object;@7057b1e5](2)" classname="SteeringCompanyAPI_TestCases.Test_Policies_Cases" time="1.27">
    <system-out><![CDATA[2023-02-07 11:00:31.622 &amp#27;[32m INFO&amp#27;[m &amp#27;[35m[@534 - main]&amp#27;[m &amp#27;[36mcom.shaft.tools.io.ReportManager&amp#27;[m : 
################################################################################################################################################
Starting Execution:	"224 out of 107" test cases in the current suite
Test Method:		"SteeringCompanyAPI_TestCases.Test_Policies_Cases.InValid_Add_General_Policy_With_Missing_Token_TC"
Test Description:	"TC028 -Policy- Perform Add General Policy With Missing Token"
################################################################################################################################################
2023-02-07 11:00:31.623 &amp#27;[32m INFO&amp#27;[m &amp#27;[35m[@503 - main]&amp#27;[m &amp#27;[36mcom.shaft.tools.io.ReportManager&amp#27;[m : File Action "DoesFileExist" successfully performed. With the following test data "File Path: "SteeringCompanyAPI_TestData/SteeringCompanyAPI_TestData.xlsx"".
2023-02-07 11:00:31.662 &amp#27;[32m INFO&amp#27;[m &amp#27;[35m[@503 - main]&amp#27;[m &amp#27;[36mcom.shaft.tools.io.ReportManager&amp#27;[m : Successfully created attachment "Test Data - Excel"
2023-02-07 11:00:31.663 &amp#27;[32m INFO&amp#27;[m &amp#27;[35m[@503 - main]&amp#27;[m &amp#27;[36mcom.shaft.tools.io.ReportManager&amp#27;[m : File Action "DoesFileExist" successfully performed. With the following test data "File Path: "SteeringCompanyAPI_TestData/SteeringCompanyAPI_TestData.xlsx"".
2023-02-07 11:00:31.703 &amp#27;[32m INFO&amp#27;[m &amp#27;[35m[@503 - main]&amp#27;[m &amp#27;[36mcom.shaft.tools.io.ReportManager&amp#27;[m : Successfully created attachment "Test Data - Excel"
2023-02-07 11:00:31.704 &amp#27;[32m INFO&amp#27;[m &amp#27;[35m[@503 - main]&amp#27;[m &amp#27;[36mcom.shaft.tools.io.ReportManager&amp#27;[m : File Action "DoesFileExist" successfully performed. With the following test data "File Path: "SteeringCompanyAPI_TestData/SteeringCompanyAPI_TestData.xlsx"".
2023-02-07 11:00:31.751 &amp#27;[32m INFO&amp#27;[m &amp#27;[35m[@503 - main]&amp#27;[m &amp#27;[36mcom.shaft.tools.io.ReportManager&amp#27;[m : Successfully created attachment "Test Data - Excel"
2023-02-07 11:00:32.850 &amp#27;[32m INFO&amp#27;[m &amp#27;[35m[@503 - main]&amp#27;[m &amp#27;[36mcom.shaft.tools.io.ReportManager&amp#27;[m : Response status code: "401", status line: "HTTP/1.1 401 "
2023-02-07 11:00:32.872 &amp#27;[32m INFO&amp#27;[m &amp#27;[35m[@503 - main]&amp#27;[m &amp#27;[36mcom.shaft.tools.io.ReportManager&amp#27;[m : Successfully created attachment "API Request - Specifications"
2023-02-07 11:00:32.876 &amp#27;[32m INFO&amp#27;[m &amp#27;[35m[@503 - main]&amp#27;[m &amp#27;[36mcom.shaft.tools.io.ReportManager&amp#27;[m : Successfully created attachment "API Request - JSON Body"
2023-02-07 11:00:32.878 &amp#27;[32m INFO&amp#27;[m &amp#27;[35m[@503 - main]&amp#27;[m &amp#27;[36mcom.shaft.tools.io.ReportManager&amp#27;[m : Successfully created attachment "API Response - JSON Body"
2023-02-07 11:00:32.879 &amp#27;[32m INFO&amp#27;[m &amp#27;[35m[@503 - main]&amp#27;[m &amp#27;[36mcom.shaft.tools.io.ReportManager&amp#27;[m : File Action "DoesFileExist" successfully performed. With the following test data "File Path: "Schemas/InvalidTokenRequest_Unauthorized_schema.json"".
2023-02-07 11:00:32.880 &amp#27;[32m INFO&amp#27;[m &amp#27;[35m[@503 - main]&amp#27;[m &amp#27;[36mcom.shaft.tools.io.ReportManager&amp#27;[m : File Action "DoesFileExist" successfully performed. With the following test data "File Path: "src/test/resources/testDataFiles/Schemas/InvalidTokenRequest_Unauthorized_schema.json"".
2023-02-07 11:00:32.880 &amp#27;[32m INFO&amp#27;[m &amp#27;[35m[@503 - main]&amp#27;[m &amp#27;[36mcom.shaft.tools.io.ReportManager&amp#27;[m : File Action "GetAbsolutePath" successfully performed. With the following test data "Relative Folder Path: "src/test/resources/testDataFiles/Schemas/InvalidTokenRequest_Unauthorized_schema.json"".
2023-02-07 11:00:32.884 &amp#27;[32m INFO&amp#27;[m &amp#27;[35m[@503 - main]&amp#27;[m &amp#27;[36mcom.shaft.tools.io.ReportManager&amp#27;[m : File Action "DoesFileExist" successfully performed. With the following test data "File Path: "C:\eclipse-workspace\MyProjects\TASystemsAPIs\src\test\resources\testDataFiles\Schemas\InvalidTokenRequest_Unauthorized_schema.json"".
2023-02-07 11:00:32.884 &amp#27;[32m INFO&amp#27;[m &amp#27;[35m[@503 - main]&amp#27;[m &amp#27;[36mcom.shaft.tools.io.ReportManager&amp#27;[m : File Action "GetAbsolutePath" successfully performed. With the following test data "Relative Folder Path: "C:\eclipse-workspace\MyProjects\TASystemsAPIs\src\test\resources\testDataFiles\Schemas\InvalidTokenRequest_Unauthorized_schema.json"".
2023-02-07 11:00:32.884 &amp#27;[32m INFO&amp#27;[m &amp#27;[35m[@503 - main]&amp#27;[m &amp#27;[36mcom.shaft.tools.io.ReportManager&amp#27;[m : File Action "ReadFile" successfully performed. With the following test data "File Path: "C:\eclipse-workspace\MyProjects\TASystemsAPIs\src\test\resources\testDataFiles\Schemas\InvalidTokenRequest_Unauthorized_schema.json"".
2023-02-07 11:00:32.886 &amp#27;[32m INFO&amp#27;[m &amp#27;[35m[@503 - main]&amp#27;[m &amp#27;[36mcom.shaft.tools.io.ReportManager&amp#27;[m : Successfully created attachment "Validation Test Data - Expected JSON Value"
2023-02-07 11:00:32.887 &amp#27;[32m INFO&amp#27;[m &amp#27;[35m[@503 - main]&amp#27;[m &amp#27;[36mcom.shaft.tools.io.ReportManager&amp#27;[m : Successfully created attachment "Validation Test Data - Actual JSON Value"
2023-02-07 11:00:32.889 &amp#27;[32m INFO&amp#27;[m &amp#27;[35m[@503 - main]&amp#27;[m &amp#27;[36mcom.shaft.tools.io.ReportManager&amp#27;[m : Successfully created attachment "SHAFT Engine Logs - Current Method log: InValid_Add_General_Policy_With_Missing_Token_TC"
]]></system-out>
  </testcase>
  <testcase name="InValid_Add_Payment_Policy_With_InValid_Token_TC[[Ljava.lang.Object;@97ef039](1)" classname="SteeringCompanyAPI_TestCases.Test_Policies_Cases" time="0.639">
    <system-out><![CDATA[2023-02-07 11:00:32.899 &amp#27;[32m INFO&amp#27;[m &amp#27;[35m[@534 - main]&amp#27;[m &amp#27;[36mcom.shaft.tools.io.ReportManager&amp#27;[m : 
################################################################################################################################################
Starting Execution:	"225 out of 107" test cases in the current suite
Test Method:		"SteeringCompanyAPI_TestCases.Test_Policies_Cases.InValid_Add_Payment_Policy_With_InValid_Token_TC"
Test Description:	"TC027 -Policy- Perform Add Payment Policy With Invalid/Expired Token"
################################################################################################################################################
2023-02-07 11:00:32.900 &amp#27;[32m INFO&amp#27;[m &amp#27;[35m[@503 - main]&amp#27;[m &amp#27;[36mcom.shaft.tools.io.ReportManager&amp#27;[m : File Action "DoesFileExist" successfully performed. With the following test data "File Path: "SteeringCompanyAPI_TestData/SteeringCompanyAPI_TestData.xlsx"".
2023-02-07 11:00:32.946 &amp#27;[32m INFO&amp#27;[m &amp#27;[35m[@503 - main]&amp#27;[m &amp#27;[36mcom.shaft.tools.io.ReportManager&amp#27;[m : Successfully created attachment "Test Data - Excel"
2023-02-07 11:00:32.946 &amp#27;[32m INFO&amp#27;[m &amp#27;[35m[@503 - main]&amp#27;[m &amp#27;[36mcom.shaft.tools.io.ReportManager&amp#27;[m : File Action "DoesFileExist" successfully performed. With the following test data "File Path: "SteeringCompanyAPI_TestData/SteeringCompanyAPI_TestData.xlsx"".
2023-02-07 11:00:32.999 &amp#27;[32m INFO&amp#27;[m &amp#27;[35m[@503 - main]&amp#27;[m &amp#27;[36mcom.shaft.tools.io.ReportManager&amp#27;[m : Successfully created attachment "Test Data - Excel"
2023-02-07 11:00:32.999 &amp#27;[32m INFO&amp#27;[m &amp#27;[35m[@503 - main]&amp#27;[m &amp#27;[36mcom.shaft.tools.io.ReportManager&amp#27;[m : File Action "DoesFileExist" successfully performed. With the following test data "File Path: "SteeringCompanyAPI_TestData/SteeringCompanyAPI_TestData.xlsx"".
2023-02-07 11:00:33.037 &amp#27;[32m INFO&amp#27;[m &amp#27;[35m[@503 - main]&amp#27;[m &amp#27;[36mcom.shaft.tools.io.ReportManager&amp#27;[m : Successfully created attachment "Test Data - Excel"
2023-02-07 11:00:33.524 &amp#27;[32m INFO&amp#27;[m &amp#27;[35m[@503 - main]&amp#27;[m &amp#27;[36mcom.shaft.tools.io.ReportManager&amp#27;[m : Response status code: "401", status line: "HTTP/1.1 401 "
2023-02-07 11:00:33.528 &amp#27;[32m INFO&amp#27;[m &amp#27;[35m[@503 - main]&amp#27;[m &amp#27;[36mcom.shaft.tools.io.ReportManager&amp#27;[m : Successfully created attachment "API Request - Specifications"
2023-02-07 11:00:33.530 &amp#27;[32m INFO&amp#27;[m &amp#27;[35m[@503 - main]&amp#27;[m &amp#27;[36mcom.shaft.tools.io.ReportManager&amp#27;[m : Successfully created attachment "API Request - JSON Body"
2023-02-07 11:00:33.533 &amp#27;[32m INFO&amp#27;[m &amp#27;[35m[@503 - main]&amp#27;[m &amp#27;[36mcom.shaft.tools.io.ReportManager&amp#27;[m : Successfully created attachment "API Response - JSON Body"
2023-02-07 11:00:33.535 &amp#27;[32m INFO&amp#27;[m &amp#27;[35m[@503 - main]&amp#27;[m &amp#27;[36mcom.shaft.tools.io.ReportManager&amp#27;[m : Successfully created attachment "SHAFT Engine Logs - Current Method log: InValid_Add_Payment_Policy_With_InValid_Token_TC"
]]></system-out>
  </testcase>
  <testcase name="InValid_Add_Payment_Policy_With_InValid_Token_TC[[Ljava.lang.Object;@7ce87c9](2)" classname="SteeringCompanyAPI_TestCases.Test_Policies_Cases" time="0.598">
    <system-out><![CDATA[2023-02-07 11:00:33.539 &amp#27;[32m INFO&amp#27;[m &amp#27;[35m[@534 - main]&amp#27;[m &amp#27;[36mcom.shaft.tools.io.ReportManager&amp#27;[m : 
################################################################################################################################################
Starting Execution:	"226 out of 107" test cases in the current suite
Test Method:		"SteeringCompanyAPI_TestCases.Test_Policies_Cases.InValid_Add_Payment_Policy_With_InValid_Token_TC"
Test Description:	"TC027 -Policy- Perform Add Payment Policy With Invalid/Expired Token"
################################################################################################################################################
2023-02-07 11:00:33.539 &amp#27;[32m INFO&amp#27;[m &amp#27;[35m[@503 - main]&amp#27;[m &amp#27;[36mcom.shaft.tools.io.ReportManager&amp#27;[m : File Action "DoesFileExist" successfully performed. With the following test data "File Path: "SteeringCompanyAPI_TestData/SteeringCompanyAPI_TestData.xlsx"".
2023-02-07 11:00:33.569 &amp#27;[32m INFO&amp#27;[m &amp#27;[35m[@503 - main]&amp#27;[m &amp#27;[36mcom.shaft.tools.io.ReportManager&amp#27;[m : Successfully created attachment "Test Data - Excel"
2023-02-07 11:00:33.569 &amp#27;[32m INFO&amp#27;[m &amp#27;[35m[@503 - main]&amp#27;[m &amp#27;[36mcom.shaft.tools.io.ReportManager&amp#27;[m : File Action "DoesFileExist" successfully performed. With the following test data "File Path: "SteeringCompanyAPI_TestData/SteeringCompanyAPI_TestData.xlsx"".
2023-02-07 11:00:33.611 &amp#27;[32m INFO&amp#27;[m &amp#27;[35m[@503 - main]&amp#27;[m &amp#27;[36mcom.shaft.tools.io.ReportManager&amp#27;[m : Successfully created attachment "Test Data - Excel"
2023-02-07 11:00:33.611 &amp#27;[32m INFO&amp#27;[m &amp#27;[35m[@503 - main]&amp#27;[m &amp#27;[36mcom.shaft.tools.io.ReportManager&amp#27;[m : File Action "DoesFileExist" successfully performed. With the following test data "File Path: "SteeringCompanyAPI_TestData/SteeringCompanyAPI_TestData.xlsx"".
2023-02-07 11:00:33.644 &amp#27;[32m INFO&amp#27;[m &amp#27;[35m[@503 - main]&amp#27;[m &amp#27;[36mcom.shaft.tools.io.ReportManager&amp#27;[m : Successfully created attachment "Test Data - Excel"
2023-02-07 11:00:34.120 &amp#27;[32m INFO&amp#27;[m &amp#27;[35m[@503 - main]&amp#27;[m &amp#27;[36mcom.shaft.tools.io.ReportManager&amp#27;[m : Response status code: "401", status line: "HTTP/1.1 401 "
2023-02-07 11:00:34.126 &amp#27;[32m INFO&amp#27;[m &amp#27;[35m[@503 - main]&amp#27;[m &amp#27;[36mcom.shaft.tools.io.ReportManager&amp#27;[m : Successfully created attachment "API Request - Specifications"
2023-02-07 11:00:34.128 &amp#27;[32m INFO&amp#27;[m &amp#27;[35m[@503 - main]&amp#27;[m &amp#27;[36mcom.shaft.tools.io.ReportManager&amp#27;[m : Successfully created attachment "API Request - JSON Body"
2023-02-07 11:00:34.129 &amp#27;[32m INFO&amp#27;[m &amp#27;[35m[@503 - main]&amp#27;[m &amp#27;[36mcom.shaft.tools.io.ReportManager&amp#27;[m : Successfully created attachment "API Response - JSON Body"
2023-02-07 11:00:34.132 &amp#27;[32m INFO&amp#27;[m &amp#27;[35m[@503 - main]&amp#27;[m &amp#27;[36mcom.shaft.tools.io.ReportManager&amp#27;[m : Successfully created attachment "SHAFT Engine Logs - Current Method log: InValid_Add_Payment_Policy_With_InValid_Token_TC"
]]></system-out>
  </testcase>
  <testcase name="InValid_Add_Payment_Policy_With_Missing_Token_TC[[Ljava.lang.Object;@f00da73](1)" classname="SteeringCompanyAPI_TestCases.Test_Policies_Cases" time="0.661">
    <system-out><![CDATA[2023-02-07 11:00:34.143 &amp#27;[32m INFO&amp#27;[m &amp#27;[35m[@534 - main]&amp#27;[m &amp#27;[36mcom.shaft.tools.io.ReportManager&amp#27;[m : 
################################################################################################################################################
Starting Execution:	"227 out of 107" test cases in the current suite
Test Method:		"SteeringCompanyAPI_TestCases.Test_Policies_Cases.InValid_Add_Payment_Policy_With_Missing_Token_TC"
Test Description:	"TC026 -Policy- Perform Add Payment Policy With Missing Token"
################################################################################################################################################
2023-02-07 11:00:34.144 &amp#27;[32m INFO&amp#27;[m &amp#27;[35m[@503 - main]&amp#27;[m &amp#27;[36mcom.shaft.tools.io.ReportManager&amp#27;[m : File Action "DoesFileExist" successfully performed. With the following test data "File Path: "SteeringCompanyAPI_TestData/SteeringCompanyAPI_TestData.xlsx"".
2023-02-07 11:00:34.200 &amp#27;[32m INFO&amp#27;[m &amp#27;[35m[@503 - main]&amp#27;[m &amp#27;[36mcom.shaft.tools.io.ReportManager&amp#27;[m : Successfully created attachment "Test Data - Excel"
2023-02-07 11:00:34.201 &amp#27;[32m INFO&amp#27;[m &amp#27;[35m[@503 - main]&amp#27;[m &amp#27;[36mcom.shaft.tools.io.ReportManager&amp#27;[m : File Action "DoesFileExist" successfully performed. With the following test data "File Path: "SteeringCompanyAPI_TestData/SteeringCompanyAPI_TestData.xlsx"".
2023-02-07 11:00:34.243 &amp#27;[32m INFO&amp#27;[m &amp#27;[35m[@503 - main]&amp#27;[m &amp#27;[36mcom.shaft.tools.io.ReportManager&amp#27;[m : Successfully created attachment "Test Data - Excel"
2023-02-07 11:00:34.244 &amp#27;[32m INFO&amp#27;[m &amp#27;[35m[@503 - main]&amp#27;[m &amp#27;[36mcom.shaft.tools.io.ReportManager&amp#27;[m : File Action "DoesFileExist" successfully performed. With the following test data "File Path: "SteeringCompanyAPI_TestData/SteeringCompanyAPI_TestData.xlsx"".
2023-02-07 11:00:34.269 &amp#27;[32m INFO&amp#27;[m &amp#27;[35m[@503 - main]&amp#27;[m &amp#27;[36mcom.shaft.tools.io.ReportManager&amp#27;[m : Successfully created attachment "Test Data - Excel"
2023-02-07 11:00:34.766 &amp#27;[32m INFO&amp#27;[m &amp#27;[35m[@503 - main]&amp#27;[m &amp#27;[36mcom.shaft.tools.io.ReportManager&amp#27;[m : Response status code: "401", status line: "HTTP/1.1 401 "
2023-02-07 11:00:34.787 &amp#27;[32m INFO&amp#27;[m &amp#27;[35m[@503 - main]&amp#27;[m &amp#27;[36mcom.shaft.tools.io.ReportManager&amp#27;[m : Successfully created attachment "API Request - Specifications"
2023-02-07 11:00:34.789 &amp#27;[32m INFO&amp#27;[m &amp#27;[35m[@503 - main]&amp#27;[m &amp#27;[36mcom.shaft.tools.io.ReportManager&amp#27;[m : Successfully created attachment "API Request - JSON Body"
2023-02-07 11:00:34.792 &amp#27;[32m INFO&amp#27;[m &amp#27;[35m[@503 - main]&amp#27;[m &amp#27;[36mcom.shaft.tools.io.ReportManager&amp#27;[m : Successfully created attachment "API Response - JSON Body"
2023-02-07 11:00:34.793 &amp#27;[32m INFO&amp#27;[m &amp#27;[35m[@503 - main]&amp#27;[m &amp#27;[36mcom.shaft.tools.io.ReportManager&amp#27;[m : File Action "DoesFileExist" successfully performed. With the following test data "File Path: "Schemas/InvalidTokenRequest_Unauthorized_schema.json"".
2023-02-07 11:00:34.793 &amp#27;[32m INFO&amp#27;[m &amp#27;[35m[@503 - main]&amp#27;[m &amp#27;[36mcom.shaft.tools.io.ReportManager&amp#27;[m : File Action "DoesFileExist" successfully performed. With the following test data "File Path: "src/test/resources/testDataFiles/Schemas/InvalidTokenRequest_Unauthorized_schema.json"".
2023-02-07 11:00:34.793 &amp#27;[32m INFO&amp#27;[m &amp#27;[35m[@503 - main]&amp#27;[m &amp#27;[36mcom.shaft.tools.io.ReportManager&amp#27;[m : File Action "GetAbsolutePath" successfully performed. With the following test data "Relative Folder Path: "src/test/resources/testDataFiles/Schemas/InvalidTokenRequest_Unauthorized_schema.json"".
2023-02-07 11:00:34.794 &amp#27;[32m INFO&amp#27;[m &amp#27;[35m[@503 - main]&amp#27;[m &amp#27;[36mcom.shaft.tools.io.ReportManager&amp#27;[m : File Action "DoesFileExist" successfully performed. With the following test data "File Path: "C:\eclipse-workspace\MyProjects\TASystemsAPIs\src\test\resources\testDataFiles\Schemas\InvalidTokenRequest_Unauthorized_schema.json"".
2023-02-07 11:00:34.795 &amp#27;[32m INFO&amp#27;[m &amp#27;[35m[@503 - main]&amp#27;[m &amp#27;[36mcom.shaft.tools.io.ReportManager&amp#27;[m : File Action "GetAbsolutePath" successfully performed. With the following test data "Relative Folder Path: "C:\eclipse-workspace\MyProjects\TASystemsAPIs\src\test\resources\testDataFiles\Schemas\InvalidTokenRequest_Unauthorized_schema.json"".
2023-02-07 11:00:34.795 &amp#27;[32m INFO&amp#27;[m &amp#27;[35m[@503 - main]&amp#27;[m &amp#27;[36mcom.shaft.tools.io.ReportManager&amp#27;[m : File Action "ReadFile" successfully performed. With the following test data "File Path: "C:\eclipse-workspace\MyProjects\TASystemsAPIs\src\test\resources\testDataFiles\Schemas\InvalidTokenRequest_Unauthorized_schema.json"".
2023-02-07 11:00:34.796 &amp#27;[32m INFO&amp#27;[m &amp#27;[35m[@503 - main]&amp#27;[m &amp#27;[36mcom.shaft.tools.io.ReportManager&amp#27;[m : Successfully created attachment "Validation Test Data - Expected JSON Value"
2023-02-07 11:00:34.798 &amp#27;[32m INFO&amp#27;[m &amp#27;[35m[@503 - main]&amp#27;[m &amp#27;[36mcom.shaft.tools.io.ReportManager&amp#27;[m : Successfully created attachment "Validation Test Data - Actual JSON Value"
2023-02-07 11:00:34.799 &amp#27;[32m INFO&amp#27;[m &amp#27;[35m[@503 - main]&amp#27;[m &amp#27;[36mcom.shaft.tools.io.ReportManager&amp#27;[m : Successfully created attachment "SHAFT Engine Logs - Current Method log: InValid_Add_Payment_Policy_With_Missing_Token_TC"
]]></system-out>
  </testcase>
  <testcase name="InValid_Add_Payment_Policy_With_Missing_Token_TC[[Ljava.lang.Object;@3b106a1c](2)" classname="SteeringCompanyAPI_TestCases.Test_Policies_Cases" time="0.606">
    <system-out><![CDATA[2023-02-07 11:00:34.802 &amp#27;[32m INFO&amp#27;[m &amp#27;[35m[@534 - main]&amp#27;[m &amp#27;[36mcom.shaft.tools.io.ReportManager&amp#27;[m : 
################################################################################################################################################
Starting Execution:	"228 out of 107" test cases in the current suite
Test Method:		"SteeringCompanyAPI_TestCases.Test_Policies_Cases.InValid_Add_Payment_Policy_With_Missing_Token_TC"
Test Description:	"TC026 -Policy- Perform Add Payment Policy With Missing Token"
################################################################################################################################################
2023-02-07 11:00:34.803 &amp#27;[32m INFO&amp#27;[m &amp#27;[35m[@503 - main]&amp#27;[m &amp#27;[36mcom.shaft.tools.io.ReportManager&amp#27;[m : File Action "DoesFileExist" successfully performed. With the following test data "File Path: "SteeringCompanyAPI_TestData/SteeringCompanyAPI_TestData.xlsx"".
2023-02-07 11:00:34.829 &amp#27;[32m INFO&amp#27;[m &amp#27;[35m[@503 - main]&amp#27;[m &amp#27;[36mcom.shaft.tools.io.ReportManager&amp#27;[m : Successfully created attachment "Test Data - Excel"
2023-02-07 11:00:34.829 &amp#27;[32m INFO&amp#27;[m &amp#27;[35m[@503 - main]&amp#27;[m &amp#27;[36mcom.shaft.tools.io.ReportManager&amp#27;[m : File Action "DoesFileExist" successfully performed. With the following test data "File Path: "SteeringCompanyAPI_TestData/SteeringCompanyAPI_TestData.xlsx"".
2023-02-07 11:00:34.853 &amp#27;[32m INFO&amp#27;[m &amp#27;[35m[@503 - main]&amp#27;[m &amp#27;[36mcom.shaft.tools.io.ReportManager&amp#27;[m : Successfully created attachment "Test Data - Excel"
2023-02-07 11:00:34.853 &amp#27;[32m INFO&amp#27;[m &amp#27;[35m[@503 - main]&amp#27;[m &amp#27;[36mcom.shaft.tools.io.ReportManager&amp#27;[m : File Action "DoesFileExist" successfully performed. With the following test data "File Path: "SteeringCompanyAPI_TestData/SteeringCompanyAPI_TestData.xlsx"".
2023-02-07 11:00:34.894 &amp#27;[32m INFO&amp#27;[m &amp#27;[35m[@503 - main]&amp#27;[m &amp#27;[36mcom.shaft.tools.io.ReportManager&amp#27;[m : Successfully created attachment "Test Data - Excel"
2023-02-07 11:00:35.383 &amp#27;[32m INFO&amp#27;[m &amp#27;[35m[@503 - main]&amp#27;[m &amp#27;[36mcom.shaft.tools.io.ReportManager&amp#27;[m : Response status code: "401", status line: "HTTP/1.1 401 "
2023-02-07 11:00:35.393 &amp#27;[32m INFO&amp#27;[m &amp#27;[35m[@503 - main]&amp#27;[m &amp#27;[36mcom.shaft.tools.io.ReportManager&amp#27;[m : Successfully created attachment "API Request - Specifications"
2023-02-07 11:00:35.393 &amp#27;[32m INFO&amp#27;[m &amp#27;[35m[@503 - main]&amp#27;[m &amp#27;[36mcom.shaft.tools.io.ReportManager&amp#27;[m : Successfully created attachment "API Request - JSON Body"
2023-02-07 11:00:35.396 &amp#27;[32m INFO&amp#27;[m &amp#27;[35m[@503 - main]&amp#27;[m &amp#27;[36mcom.shaft.tools.io.ReportManager&amp#27;[m : Successfully created attachment "API Response - JSON Body"
2023-02-07 11:00:35.397 &amp#27;[32m INFO&amp#27;[m &amp#27;[35m[@503 - main]&amp#27;[m &amp#27;[36mcom.shaft.tools.io.ReportManager&amp#27;[m : File Action "DoesFileExist" successfully performed. With the following test data "File Path: "Schemas/InvalidTokenRequest_Unauthorized_schema.json"".
2023-02-07 11:00:35.398 &amp#27;[32m INFO&amp#27;[m &amp#27;[35m[@503 - main]&amp#27;[m &amp#27;[36mcom.shaft.tools.io.ReportManager&amp#27;[m : File Action "DoesFileExist" successfully performed. With the following test data "File Path: "src/test/resources/testDataFiles/Schemas/InvalidTokenRequest_Unauthorized_schema.json"".
2023-02-07 11:00:35.398 &amp#27;[32m INFO&amp#27;[m &amp#27;[35m[@503 - main]&amp#27;[m &amp#27;[36mcom.shaft.tools.io.ReportManager&amp#27;[m : File Action "GetAbsolutePath" successfully performed. With the following test data "Relative Folder Path: "src/test/resources/testDataFiles/Schemas/InvalidTokenRequest_Unauthorized_schema.json"".
2023-02-07 11:00:35.400 &amp#27;[32m INFO&amp#27;[m &amp#27;[35m[@503 - main]&amp#27;[m &amp#27;[36mcom.shaft.tools.io.ReportManager&amp#27;[m : File Action "DoesFileExist" successfully performed. With the following test data "File Path: "C:\eclipse-workspace\MyProjects\TASystemsAPIs\src\test\resources\testDataFiles\Schemas\InvalidTokenRequest_Unauthorized_schema.json"".
2023-02-07 11:00:35.400 &amp#27;[32m INFO&amp#27;[m &amp#27;[35m[@503 - main]&amp#27;[m &amp#27;[36mcom.shaft.tools.io.ReportManager&amp#27;[m : File Action "GetAbsolutePath" successfully performed. With the following test data "Relative Folder Path: "C:\eclipse-workspace\MyProjects\TASystemsAPIs\src\test\resources\testDataFiles\Schemas\InvalidTokenRequest_Unauthorized_schema.json"".
2023-02-07 11:00:35.400 &amp#27;[32m INFO&amp#27;[m &amp#27;[35m[@503 - main]&amp#27;[m &amp#27;[36mcom.shaft.tools.io.ReportManager&amp#27;[m : File Action "ReadFile" successfully performed. With the following test data "File Path: "C:\eclipse-workspace\MyProjects\TASystemsAPIs\src\test\resources\testDataFiles\Schemas\InvalidTokenRequest_Unauthorized_schema.json"".
2023-02-07 11:00:35.403 &amp#27;[32m INFO&amp#27;[m &amp#27;[35m[@503 - main]&amp#27;[m &amp#27;[36mcom.shaft.tools.io.ReportManager&amp#27;[m : Successfully created attachment "Validation Test Data - Expected JSON Value"
2023-02-07 11:00:35.405 &amp#27;[32m INFO&amp#27;[m &amp#27;[35m[@503 - main]&amp#27;[m &amp#27;[36mcom.shaft.tools.io.ReportManager&amp#27;[m : Successfully created attachment "Validation Test Data - Actual JSON Value"
2023-02-07 11:00:35.405 &amp#27;[32m INFO&amp#27;[m &amp#27;[35m[@503 - main]&amp#27;[m &amp#27;[36mcom.shaft.tools.io.ReportManager&amp#27;[m : Successfully created attachment "SHAFT Engine Logs - Current Method log: InValid_Add_Payment_Policy_With_Missing_Token_TC"
]]></system-out>
  </testcase>
  <testcase name="InValid_Add_Tax_Policy_With_Invalid_Token_TC[[Ljava.lang.Object;@7ad70cce](1)" classname="SteeringCompanyAPI_TestCases.Test_Policies_Cases" time="0.573">
    <system-out><![CDATA[2023-02-07 11:00:35.414 &amp#27;[32m INFO&amp#27;[m &amp#27;[35m[@534 - main]&amp#27;[m &amp#27;[36mcom.shaft.tools.io.ReportManager&amp#27;[m : 
################################################################################################################################################
Starting Execution:	"229 out of 107" test cases in the current suite
Test Method:		"SteeringCompanyAPI_TestCases.Test_Policies_Cases.InValid_Add_Tax_Policy_With_Invalid_Token_TC"
Test Description:	"TC023 -Policy- Perform Add Valid Tax Policy With Invalid/Expired Token"
################################################################################################################################################
2023-02-07 11:00:35.414 &amp#27;[32m INFO&amp#27;[m &amp#27;[35m[@503 - main]&amp#27;[m &amp#27;[36mcom.shaft.tools.io.ReportManager&amp#27;[m : File Action "DoesFileExist" successfully performed. With the following test data "File Path: "SteeringCompanyAPI_TestData/SteeringCompanyAPI_TestData.xlsx"".
2023-02-07 11:00:35.439 &amp#27;[32m INFO&amp#27;[m &amp#27;[35m[@503 - main]&amp#27;[m &amp#27;[36mcom.shaft.tools.io.ReportManager&amp#27;[m : Successfully created attachment "Test Data - Excel"
2023-02-07 11:00:35.439 &amp#27;[32m INFO&amp#27;[m &amp#27;[35m[@503 - main]&amp#27;[m &amp#27;[36mcom.shaft.tools.io.ReportManager&amp#27;[m : File Action "DoesFileExist" successfully performed. With the following test data "File Path: "SteeringCompanyAPI_TestData/SteeringCompanyAPI_TestData.xlsx"".
2023-02-07 11:00:35.469 &amp#27;[32m INFO&amp#27;[m &amp#27;[35m[@503 - main]&amp#27;[m &amp#27;[36mcom.shaft.tools.io.ReportManager&amp#27;[m : Successfully created attachment "Test Data - Excel"
2023-02-07 11:00:35.469 &amp#27;[32m INFO&amp#27;[m &amp#27;[35m[@503 - main]&amp#27;[m &amp#27;[36mcom.shaft.tools.io.ReportManager&amp#27;[m : File Action "DoesFileExist" successfully performed. With the following test data "File Path: "SteeringCompanyAPI_TestData/SteeringCompanyAPI_TestData.xlsx"".
2023-02-07 11:00:35.493 &amp#27;[32m INFO&amp#27;[m &amp#27;[35m[@503 - main]&amp#27;[m &amp#27;[36mcom.shaft.tools.io.ReportManager&amp#27;[m : Successfully created attachment "Test Data - Excel"
2023-02-07 11:00:35.970 &amp#27;[32m INFO&amp#27;[m &amp#27;[35m[@503 - main]&amp#27;[m &amp#27;[36mcom.shaft.tools.io.ReportManager&amp#27;[m : Response status code: "401", status line: "HTTP/1.1 401 "
2023-02-07 11:00:35.974 &amp#27;[32m INFO&amp#27;[m &amp#27;[35m[@503 - main]&amp#27;[m &amp#27;[36mcom.shaft.tools.io.ReportManager&amp#27;[m : Successfully created attachment "API Request - Specifications"
2023-02-07 11:00:35.979 &amp#27;[32m INFO&amp#27;[m &amp#27;[35m[@503 - main]&amp#27;[m &amp#27;[36mcom.shaft.tools.io.ReportManager&amp#27;[m : Successfully created attachment "API Request - JSON Body"
2023-02-07 11:00:35.980 &amp#27;[32m INFO&amp#27;[m &amp#27;[35m[@503 - main]&amp#27;[m &amp#27;[36mcom.shaft.tools.io.ReportManager&amp#27;[m : Successfully created attachment "API Response - JSON Body"
2023-02-07 11:00:35.983 &amp#27;[32m INFO&amp#27;[m &amp#27;[35m[@503 - main]&amp#27;[m &amp#27;[36mcom.shaft.tools.io.ReportManager&amp#27;[m : Successfully created attachment "SHAFT Engine Logs - Current Method log: InValid_Add_Tax_Policy_With_Invalid_Token_TC"
]]></system-out>
  </testcase>
  <testcase name="InValid_Add_Tax_Policy_With_Invalid_Token_TC[[Ljava.lang.Object;@5fb94747](2)" classname="SteeringCompanyAPI_TestCases.Test_Policies_Cases" time="0.619">
    <system-out><![CDATA[2023-02-07 11:00:35.988 &amp#27;[32m INFO&amp#27;[m &amp#27;[35m[@534 - main]&amp#27;[m &amp#27;[36mcom.shaft.tools.io.ReportManager&amp#27;[m : 
################################################################################################################################################
Starting Execution:	"230 out of 107" test cases in the current suite
Test Method:		"SteeringCompanyAPI_TestCases.Test_Policies_Cases.InValid_Add_Tax_Policy_With_Invalid_Token_TC"
Test Description:	"TC023 -Policy- Perform Add Valid Tax Policy With Invalid/Expired Token"
################################################################################################################################################
2023-02-07 11:00:35.989 &amp#27;[32m INFO&amp#27;[m &amp#27;[35m[@503 - main]&amp#27;[m &amp#27;[36mcom.shaft.tools.io.ReportManager&amp#27;[m : File Action "DoesFileExist" successfully performed. With the following test data "File Path: "SteeringCompanyAPI_TestData/SteeringCompanyAPI_TestData.xlsx"".
2023-02-07 11:00:36.018 &amp#27;[32m INFO&amp#27;[m &amp#27;[35m[@503 - main]&amp#27;[m &amp#27;[36mcom.shaft.tools.io.ReportManager&amp#27;[m : Successfully created attachment "Test Data - Excel"
2023-02-07 11:00:36.018 &amp#27;[32m INFO&amp#27;[m &amp#27;[35m[@503 - main]&amp#27;[m &amp#27;[36mcom.shaft.tools.io.ReportManager&amp#27;[m : File Action "DoesFileExist" successfully performed. With the following test data "File Path: "SteeringCompanyAPI_TestData/SteeringCompanyAPI_TestData.xlsx"".
2023-02-07 11:00:36.061 &amp#27;[32m INFO&amp#27;[m &amp#27;[35m[@503 - main]&amp#27;[m &amp#27;[36mcom.shaft.tools.io.ReportManager&amp#27;[m : Successfully created attachment "Test Data - Excel"
2023-02-07 11:00:36.062 &amp#27;[32m INFO&amp#27;[m &amp#27;[35m[@503 - main]&amp#27;[m &amp#27;[36mcom.shaft.tools.io.ReportManager&amp#27;[m : File Action "DoesFileExist" successfully performed. With the following test data "File Path: "SteeringCompanyAPI_TestData/SteeringCompanyAPI_TestData.xlsx"".
2023-02-07 11:00:36.099 &amp#27;[32m INFO&amp#27;[m &amp#27;[35m[@503 - main]&amp#27;[m &amp#27;[36mcom.shaft.tools.io.ReportManager&amp#27;[m : Successfully created attachment "Test Data - Excel"
2023-02-07 11:00:36.593 &amp#27;[32m INFO&amp#27;[m &amp#27;[35m[@503 - main]&amp#27;[m &amp#27;[36mcom.shaft.tools.io.ReportManager&amp#27;[m : Response status code: "401", status line: "HTTP/1.1 401 "
2023-02-07 11:00:36.596 &amp#27;[32m INFO&amp#27;[m &amp#27;[35m[@503 - main]&amp#27;[m &amp#27;[36mcom.shaft.tools.io.ReportManager&amp#27;[m : Successfully created attachment "API Request - Specifications"
2023-02-07 11:00:36.597 &amp#27;[32m INFO&amp#27;[m &amp#27;[35m[@503 - main]&amp#27;[m &amp#27;[36mcom.shaft.tools.io.ReportManager&amp#27;[m : Successfully created attachment "API Request - JSON Body"
2023-02-07 11:00:36.601 &amp#27;[32m INFO&amp#27;[m &amp#27;[35m[@503 - main]&amp#27;[m &amp#27;[36mcom.shaft.tools.io.ReportManager&amp#27;[m : Successfully created attachment "API Response - JSON Body"
2023-02-07 11:00:36.602 &amp#27;[32m INFO&amp#27;[m &amp#27;[35m[@503 - main]&amp#27;[m &amp#27;[36mcom.shaft.tools.io.ReportManager&amp#27;[m : Successfully created attachment "SHAFT Engine Logs - Current Method log: InValid_Add_Tax_Policy_With_Invalid_Token_TC"
]]></system-out>
  </testcase>
  <testcase name="InValid_Add_Tax_Policy_With_Missing_Token_TC[[Ljava.lang.Object;@1756d2c6](1)" classname="SteeringCompanyAPI_TestCases.Test_Policies_Cases" time="0.669">
    <system-out><![CDATA[2023-02-07 11:00:36.611 &amp#27;[32m INFO&amp#27;[m &amp#27;[35m[@534 - main]&amp#27;[m &amp#27;[36mcom.shaft.tools.io.ReportManager&amp#27;[m : 
################################################################################################################################################
Starting Execution:	"231 out of 107" test cases in the current suite
Test Method:		"SteeringCompanyAPI_TestCases.Test_Policies_Cases.InValid_Add_Tax_Policy_With_Missing_Token_TC"
Test Description:	"TC022 -Policy- Perform Add Valid Tax Policy With Missing Token"
################################################################################################################################################
2023-02-07 11:00:36.612 &amp#27;[32m INFO&amp#27;[m &amp#27;[35m[@503 - main]&amp#27;[m &amp#27;[36mcom.shaft.tools.io.ReportManager&amp#27;[m : File Action "DoesFileExist" successfully performed. With the following test data "File Path: "SteeringCompanyAPI_TestData/SteeringCompanyAPI_TestData.xlsx"".
2023-02-07 11:00:36.655 &amp#27;[32m INFO&amp#27;[m &amp#27;[35m[@503 - main]&amp#27;[m &amp#27;[36mcom.shaft.tools.io.ReportManager&amp#27;[m : Successfully created attachment "Test Data - Excel"
2023-02-07 11:00:36.656 &amp#27;[32m INFO&amp#27;[m &amp#27;[35m[@503 - main]&amp#27;[m &amp#27;[36mcom.shaft.tools.io.ReportManager&amp#27;[m : File Action "DoesFileExist" successfully performed. With the following test data "File Path: "SteeringCompanyAPI_TestData/SteeringCompanyAPI_TestData.xlsx"".
2023-02-07 11:00:36.715 &amp#27;[32m INFO&amp#27;[m &amp#27;[35m[@503 - main]&amp#27;[m &amp#27;[36mcom.shaft.tools.io.ReportManager&amp#27;[m : Successfully created attachment "Test Data - Excel"
2023-02-07 11:00:36.716 &amp#27;[32m INFO&amp#27;[m &amp#27;[35m[@503 - main]&amp#27;[m &amp#27;[36mcom.shaft.tools.io.ReportManager&amp#27;[m : File Action "DoesFileExist" successfully performed. With the following test data "File Path: "SteeringCompanyAPI_TestData/SteeringCompanyAPI_TestData.xlsx"".
2023-02-07 11:00:36.758 &amp#27;[32m INFO&amp#27;[m &amp#27;[35m[@503 - main]&amp#27;[m &amp#27;[36mcom.shaft.tools.io.ReportManager&amp#27;[m : Successfully created attachment "Test Data - Excel"
2023-02-07 11:00:37.241 &amp#27;[32m INFO&amp#27;[m &amp#27;[35m[@503 - main]&amp#27;[m &amp#27;[36mcom.shaft.tools.io.ReportManager&amp#27;[m : Response status code: "401", status line: "HTTP/1.1 401 "
2023-02-07 11:00:37.262 &amp#27;[32m INFO&amp#27;[m &amp#27;[35m[@503 - main]&amp#27;[m &amp#27;[36mcom.shaft.tools.io.ReportManager&amp#27;[m : Successfully created attachment "API Request - Specifications"
2023-02-07 11:00:37.266 &amp#27;[32m INFO&amp#27;[m &amp#27;[35m[@503 - main]&amp#27;[m &amp#27;[36mcom.shaft.tools.io.ReportManager&amp#27;[m : Successfully created attachment "API Request - JSON Body"
2023-02-07 11:00:37.268 &amp#27;[32m INFO&amp#27;[m &amp#27;[35m[@503 - main]&amp#27;[m &amp#27;[36mcom.shaft.tools.io.ReportManager&amp#27;[m : Successfully created attachment "API Response - JSON Body"
2023-02-07 11:00:37.269 &amp#27;[32m INFO&amp#27;[m &amp#27;[35m[@503 - main]&amp#27;[m &amp#27;[36mcom.shaft.tools.io.ReportManager&amp#27;[m : File Action "DoesFileExist" successfully performed. With the following test data "File Path: "Schemas/InvalidTokenRequest_Unauthorized_schema.json"".
2023-02-07 11:00:37.269 &amp#27;[32m INFO&amp#27;[m &amp#27;[35m[@503 - main]&amp#27;[m &amp#27;[36mcom.shaft.tools.io.ReportManager&amp#27;[m : File Action "DoesFileExist" successfully performed. With the following test data "File Path: "src/test/resources/testDataFiles/Schemas/InvalidTokenRequest_Unauthorized_schema.json"".
2023-02-07 11:00:37.270 &amp#27;[32m INFO&amp#27;[m &amp#27;[35m[@503 - main]&amp#27;[m &amp#27;[36mcom.shaft.tools.io.ReportManager&amp#27;[m : File Action "GetAbsolutePath" successfully performed. With the following test data "Relative Folder Path: "src/test/resources/testDataFiles/Schemas/InvalidTokenRequest_Unauthorized_schema.json"".
2023-02-07 11:00:37.271 &amp#27;[32m INFO&amp#27;[m &amp#27;[35m[@503 - main]&amp#27;[m &amp#27;[36mcom.shaft.tools.io.ReportManager&amp#27;[m : File Action "DoesFileExist" successfully performed. With the following test data "File Path: "C:\eclipse-workspace\MyProjects\TASystemsAPIs\src\test\resources\testDataFiles\Schemas\InvalidTokenRequest_Unauthorized_schema.json"".
2023-02-07 11:00:37.271 &amp#27;[32m INFO&amp#27;[m &amp#27;[35m[@503 - main]&amp#27;[m &amp#27;[36mcom.shaft.tools.io.ReportManager&amp#27;[m : File Action "GetAbsolutePath" successfully performed. With the following test data "Relative Folder Path: "C:\eclipse-workspace\MyProjects\TASystemsAPIs\src\test\resources\testDataFiles\Schemas\InvalidTokenRequest_Unauthorized_schema.json"".
2023-02-07 11:00:37.273 &amp#27;[32m INFO&amp#27;[m &amp#27;[35m[@503 - main]&amp#27;[m &amp#27;[36mcom.shaft.tools.io.ReportManager&amp#27;[m : File Action "ReadFile" successfully performed. With the following test data "File Path: "C:\eclipse-workspace\MyProjects\TASystemsAPIs\src\test\resources\testDataFiles\Schemas\InvalidTokenRequest_Unauthorized_schema.json"".
2023-02-07 11:00:37.274 &amp#27;[32m INFO&amp#27;[m &amp#27;[35m[@503 - main]&amp#27;[m &amp#27;[36mcom.shaft.tools.io.ReportManager&amp#27;[m : Successfully created attachment "Validation Test Data - Expected JSON Value"
2023-02-07 11:00:37.275 &amp#27;[32m INFO&amp#27;[m &amp#27;[35m[@503 - main]&amp#27;[m &amp#27;[36mcom.shaft.tools.io.ReportManager&amp#27;[m : Successfully created attachment "Validation Test Data - Actual JSON Value"
2023-02-07 11:00:37.277 &amp#27;[32m INFO&amp#27;[m &amp#27;[35m[@503 - main]&amp#27;[m &amp#27;[36mcom.shaft.tools.io.ReportManager&amp#27;[m : Successfully created attachment "SHAFT Engine Logs - Current Method log: InValid_Add_Tax_Policy_With_Missing_Token_TC"
]]></system-out>
  </testcase>
  <testcase name="InValid_Add_Tax_Policy_With_Missing_Token_TC[[Ljava.lang.Object;@274158b1](2)" classname="SteeringCompanyAPI_TestCases.Test_Policies_Cases" time="1.64">
    <system-out><![CDATA[2023-02-07 11:00:37.281 &amp#27;[32m INFO&amp#27;[m &amp#27;[35m[@534 - main]&amp#27;[m &amp#27;[36mcom.shaft.tools.io.ReportManager&amp#27;[m : 
################################################################################################################################################
Starting Execution:	"232 out of 107" test cases in the current suite
Test Method:		"SteeringCompanyAPI_TestCases.Test_Policies_Cases.InValid_Add_Tax_Policy_With_Missing_Token_TC"
Test Description:	"TC022 -Policy- Perform Add Valid Tax Policy With Missing Token"
################################################################################################################################################
2023-02-07 11:00:37.282 &amp#27;[32m INFO&amp#27;[m &amp#27;[35m[@503 - main]&amp#27;[m &amp#27;[36mcom.shaft.tools.io.ReportManager&amp#27;[m : File Action "DoesFileExist" successfully performed. With the following test data "File Path: "SteeringCompanyAPI_TestData/SteeringCompanyAPI_TestData.xlsx"".
2023-02-07 11:00:37.311 &amp#27;[32m INFO&amp#27;[m &amp#27;[35m[@503 - main]&amp#27;[m &amp#27;[36mcom.shaft.tools.io.ReportManager&amp#27;[m : Successfully created attachment "Test Data - Excel"
2023-02-07 11:00:37.312 &amp#27;[32m INFO&amp#27;[m &amp#27;[35m[@503 - main]&amp#27;[m &amp#27;[36mcom.shaft.tools.io.ReportManager&amp#27;[m : File Action "DoesFileExist" successfully performed. With the following test data "File Path: "SteeringCompanyAPI_TestData/SteeringCompanyAPI_TestData.xlsx"".
2023-02-07 11:00:37.355 &amp#27;[32m INFO&amp#27;[m &amp#27;[35m[@503 - main]&amp#27;[m &amp#27;[36mcom.shaft.tools.io.ReportManager&amp#27;[m : Successfully created attachment "Test Data - Excel"
2023-02-07 11:00:37.355 &amp#27;[32m INFO&amp#27;[m &amp#27;[35m[@503 - main]&amp#27;[m &amp#27;[36mcom.shaft.tools.io.ReportManager&amp#27;[m : File Action "DoesFileExist" successfully performed. With the following test data "File Path: "SteeringCompanyAPI_TestData/SteeringCompanyAPI_TestData.xlsx"".
2023-02-07 11:00:37.389 &amp#27;[32m INFO&amp#27;[m &amp#27;[35m[@503 - main]&amp#27;[m &amp#27;[36mcom.shaft.tools.io.ReportManager&amp#27;[m : Successfully created attachment "Test Data - Excel"
2023-02-07 11:00:38.896 &amp#27;[32m INFO&amp#27;[m &amp#27;[35m[@503 - main]&amp#27;[m &amp#27;[36mcom.shaft.tools.io.ReportManager&amp#27;[m : Response status code: "401", status line: "HTTP/1.1 401 "
2023-02-07 11:00:38.913 &amp#27;[32m INFO&amp#27;[m &amp#27;[35m[@503 - main]&amp#27;[m &amp#27;[36mcom.shaft.tools.io.ReportManager&amp#27;[m : Successfully created attachment "API Request - Specifications"
2023-02-07 11:00:38.914 &amp#27;[32m INFO&amp#27;[m &amp#27;[35m[@503 - main]&amp#27;[m &amp#27;[36mcom.shaft.tools.io.ReportManager&amp#27;[m : Successfully created attachment "API Request - JSON Body"
2023-02-07 11:00:38.914 &amp#27;[32m INFO&amp#27;[m &amp#27;[35m[@503 - main]&amp#27;[m &amp#27;[36mcom.shaft.tools.io.ReportManager&amp#27;[m : Successfully created attachment "API Response - JSON Body"
2023-02-07 11:00:38.915 &amp#27;[32m INFO&amp#27;[m &amp#27;[35m[@503 - main]&amp#27;[m &amp#27;[36mcom.shaft.tools.io.ReportManager&amp#27;[m : File Action "DoesFileExist" successfully performed. With the following test data "File Path: "Schemas/InvalidTokenRequest_Unauthorized_schema.json"".
2023-02-07 11:00:38.915 &amp#27;[32m INFO&amp#27;[m &amp#27;[35m[@503 - main]&amp#27;[m &amp#27;[36mcom.shaft.tools.io.ReportManager&amp#27;[m : File Action "DoesFileExist" successfully performed. With the following test data "File Path: "src/test/resources/testDataFiles/Schemas/InvalidTokenRequest_Unauthorized_schema.json"".
2023-02-07 11:00:38.915 &amp#27;[32m INFO&amp#27;[m &amp#27;[35m[@503 - main]&amp#27;[m &amp#27;[36mcom.shaft.tools.io.ReportManager&amp#27;[m : File Action "GetAbsolutePath" successfully performed. With the following test data "Relative Folder Path: "src/test/resources/testDataFiles/Schemas/InvalidTokenRequest_Unauthorized_schema.json"".
2023-02-07 11:00:38.917 &amp#27;[32m INFO&amp#27;[m &amp#27;[35m[@503 - main]&amp#27;[m &amp#27;[36mcom.shaft.tools.io.ReportManager&amp#27;[m : File Action "DoesFileExist" successfully performed. With the following test data "File Path: "C:\eclipse-workspace\MyProjects\TASystemsAPIs\src\test\resources\testDataFiles\Schemas\InvalidTokenRequest_Unauthorized_schema.json"".
2023-02-07 11:00:38.917 &amp#27;[32m INFO&amp#27;[m &amp#27;[35m[@503 - main]&amp#27;[m &amp#27;[36mcom.shaft.tools.io.ReportManager&amp#27;[m : File Action "GetAbsolutePath" successfully performed. With the following test data "Relative Folder Path: "C:\eclipse-workspace\MyProjects\TASystemsAPIs\src\test\resources\testDataFiles\Schemas\InvalidTokenRequest_Unauthorized_schema.json"".
2023-02-07 11:00:38.917 &amp#27;[32m INFO&amp#27;[m &amp#27;[35m[@503 - main]&amp#27;[m &amp#27;[36mcom.shaft.tools.io.ReportManager&amp#27;[m : File Action "ReadFile" successfully performed. With the following test data "File Path: "C:\eclipse-workspace\MyProjects\TASystemsAPIs\src\test\resources\testDataFiles\Schemas\InvalidTokenRequest_Unauthorized_schema.json"".
2023-02-07 11:00:38.918 &amp#27;[32m INFO&amp#27;[m &amp#27;[35m[@503 - main]&amp#27;[m &amp#27;[36mcom.shaft.tools.io.ReportManager&amp#27;[m : Successfully created attachment "Validation Test Data - Expected JSON Value"
2023-02-07 11:00:38.918 &amp#27;[32m INFO&amp#27;[m &amp#27;[35m[@503 - main]&amp#27;[m &amp#27;[36mcom.shaft.tools.io.ReportManager&amp#27;[m : Successfully created attachment "Validation Test Data - Actual JSON Value"
2023-02-07 11:00:38.919 &amp#27;[32m INFO&amp#27;[m &amp#27;[35m[@503 - main]&amp#27;[m &amp#27;[36mcom.shaft.tools.io.ReportManager&amp#27;[m : Successfully created attachment "SHAFT Engine Logs - Current Method log: InValid_Add_Tax_Policy_With_Missing_Token_TC"
]]></system-out>
  </testcase>
  <testcase name="InValid_Add_Usage_Policy_With_Invalid_Token_TC[[Ljava.lang.Object;@1b89d2ea](1)" classname="SteeringCompanyAPI_TestCases.Test_Policies_Cases" time="1.479">
    <system-out><![CDATA[2023-02-07 11:00:38.925 &amp#27;[32m INFO&amp#27;[m &amp#27;[35m[@534 - main]&amp#27;[m &amp#27;[36mcom.shaft.tools.io.ReportManager&amp#27;[m : 
################################################################################################################################################
Starting Execution:	"233 out of 107" test cases in the current suite
Test Method:		"SteeringCompanyAPI_TestCases.Test_Policies_Cases.InValid_Add_Usage_Policy_With_Invalid_Token_TC"
Test Description:	"TC025 -Policy- Perform Add Usage Policy With Invalid/Expired Token"
################################################################################################################################################
2023-02-07 11:00:38.925 &amp#27;[32m INFO&amp#27;[m &amp#27;[35m[@503 - main]&amp#27;[m &amp#27;[36mcom.shaft.tools.io.ReportManager&amp#27;[m : File Action "DoesFileExist" successfully performed. With the following test data "File Path: "SteeringCompanyAPI_TestData/SteeringCompanyAPI_TestData.xlsx"".
2023-02-07 11:00:38.955 &amp#27;[32m INFO&amp#27;[m &amp#27;[35m[@503 - main]&amp#27;[m &amp#27;[36mcom.shaft.tools.io.ReportManager&amp#27;[m : Successfully created attachment "Test Data - Excel"
2023-02-07 11:00:38.956 &amp#27;[32m INFO&amp#27;[m &amp#27;[35m[@503 - main]&amp#27;[m &amp#27;[36mcom.shaft.tools.io.ReportManager&amp#27;[m : File Action "DoesFileExist" successfully performed. With the following test data "File Path: "SteeringCompanyAPI_TestData/SteeringCompanyAPI_TestData.xlsx"".
2023-02-07 11:00:38.979 &amp#27;[32m INFO&amp#27;[m &amp#27;[35m[@503 - main]&amp#27;[m &amp#27;[36mcom.shaft.tools.io.ReportManager&amp#27;[m : Successfully created attachment "Test Data - Excel"
2023-02-07 11:00:38.980 &amp#27;[32m INFO&amp#27;[m &amp#27;[35m[@503 - main]&amp#27;[m &amp#27;[36mcom.shaft.tools.io.ReportManager&amp#27;[m : File Action "DoesFileExist" successfully performed. With the following test data "File Path: "SteeringCompanyAPI_TestData/SteeringCompanyAPI_TestData.xlsx"".
2023-02-07 11:00:39.019 &amp#27;[32m INFO&amp#27;[m &amp#27;[35m[@503 - main]&amp#27;[m &amp#27;[36mcom.shaft.tools.io.ReportManager&amp#27;[m : Successfully created attachment "Test Data - Excel"
2023-02-07 11:00:40.390 &amp#27;[32m INFO&amp#27;[m &amp#27;[35m[@503 - main]&amp#27;[m &amp#27;[36mcom.shaft.tools.io.ReportManager&amp#27;[m : Response status code: "401", status line: "HTTP/1.1 401 "
2023-02-07 11:00:40.396 &amp#27;[32m INFO&amp#27;[m &amp#27;[35m[@503 - main]&amp#27;[m &amp#27;[36mcom.shaft.tools.io.ReportManager&amp#27;[m : Successfully created attachment "API Request - Specifications"
2023-02-07 11:00:40.398 &amp#27;[32m INFO&amp#27;[m &amp#27;[35m[@503 - main]&amp#27;[m &amp#27;[36mcom.shaft.tools.io.ReportManager&amp#27;[m : Successfully created attachment "API Request - JSON Body"
2023-02-07 11:00:40.399 &amp#27;[32m INFO&amp#27;[m &amp#27;[35m[@503 - main]&amp#27;[m &amp#27;[36mcom.shaft.tools.io.ReportManager&amp#27;[m : Successfully created attachment "API Response - JSON Body"
2023-02-07 11:00:40.401 &amp#27;[32m INFO&amp#27;[m &amp#27;[35m[@503 - main]&amp#27;[m &amp#27;[36mcom.shaft.tools.io.ReportManager&amp#27;[m : Successfully created attachment "SHAFT Engine Logs - Current Method log: InValid_Add_Usage_Policy_With_Invalid_Token_TC"
]]></system-out>
  </testcase>
  <testcase name="InValid_Add_Usage_Policy_With_Invalid_Token_TC[[Ljava.lang.Object;@5ff53273](2)" classname="SteeringCompanyAPI_TestCases.Test_Policies_Cases" time="0.806">
    <system-out><![CDATA[2023-02-07 11:00:40.406 &amp#27;[32m INFO&amp#27;[m &amp#27;[35m[@534 - main]&amp#27;[m &amp#27;[36mcom.shaft.tools.io.ReportManager&amp#27;[m : 
################################################################################################################################################
Starting Execution:	"234 out of 107" test cases in the current suite
Test Method:		"SteeringCompanyAPI_TestCases.Test_Policies_Cases.InValid_Add_Usage_Policy_With_Invalid_Token_TC"
Test Description:	"TC025 -Policy- Perform Add Usage Policy With Invalid/Expired Token"
################################################################################################################################################
2023-02-07 11:00:40.407 &amp#27;[32m INFO&amp#27;[m &amp#27;[35m[@503 - main]&amp#27;[m &amp#27;[36mcom.shaft.tools.io.ReportManager&amp#27;[m : File Action "DoesFileExist" successfully performed. With the following test data "File Path: "SteeringCompanyAPI_TestData/SteeringCompanyAPI_TestData.xlsx"".
2023-02-07 11:00:40.441 &amp#27;[32m INFO&amp#27;[m &amp#27;[35m[@503 - main]&amp#27;[m &amp#27;[36mcom.shaft.tools.io.ReportManager&amp#27;[m : Successfully created attachment "Test Data - Excel"
2023-02-07 11:00:40.442 &amp#27;[32m INFO&amp#27;[m &amp#27;[35m[@503 - main]&amp#27;[m &amp#27;[36mcom.shaft.tools.io.ReportManager&amp#27;[m : File Action "DoesFileExist" successfully performed. With the following test data "File Path: "SteeringCompanyAPI_TestData/SteeringCompanyAPI_TestData.xlsx"".
2023-02-07 11:00:40.481 &amp#27;[32m INFO&amp#27;[m &amp#27;[35m[@503 - main]&amp#27;[m &amp#27;[36mcom.shaft.tools.io.ReportManager&amp#27;[m : Successfully created attachment "Test Data - Excel"
2023-02-07 11:00:40.481 &amp#27;[32m INFO&amp#27;[m &amp#27;[35m[@503 - main]&amp#27;[m &amp#27;[36mcom.shaft.tools.io.ReportManager&amp#27;[m : File Action "DoesFileExist" successfully performed. With the following test data "File Path: "SteeringCompanyAPI_TestData/SteeringCompanyAPI_TestData.xlsx"".
2023-02-07 11:00:40.510 &amp#27;[32m INFO&amp#27;[m &amp#27;[35m[@503 - main]&amp#27;[m &amp#27;[36mcom.shaft.tools.io.ReportManager&amp#27;[m : Successfully created attachment "Test Data - Excel"
2023-02-07 11:00:41.198 &amp#27;[32m INFO&amp#27;[m &amp#27;[35m[@503 - main]&amp#27;[m &amp#27;[36mcom.shaft.tools.io.ReportManager&amp#27;[m : Response status code: "401", status line: "HTTP/1.1 401 "
2023-02-07 11:00:41.201 &amp#27;[32m INFO&amp#27;[m &amp#27;[35m[@503 - main]&amp#27;[m &amp#27;[36mcom.shaft.tools.io.ReportManager&amp#27;[m : Successfully created attachment "API Request - Specifications"
2023-02-07 11:00:41.202 &amp#27;[32m INFO&amp#27;[m &amp#27;[35m[@503 - main]&amp#27;[m &amp#27;[36mcom.shaft.tools.io.ReportManager&amp#27;[m : Successfully created attachment "API Request - JSON Body"
2023-02-07 11:00:41.203 &amp#27;[32m INFO&amp#27;[m &amp#27;[35m[@503 - main]&amp#27;[m &amp#27;[36mcom.shaft.tools.io.ReportManager&amp#27;[m : Successfully created attachment "API Response - JSON Body"
2023-02-07 11:00:41.208 &amp#27;[32m INFO&amp#27;[m &amp#27;[35m[@503 - main]&amp#27;[m &amp#27;[36mcom.shaft.tools.io.ReportManager&amp#27;[m : Successfully created attachment "SHAFT Engine Logs - Current Method log: InValid_Add_Usage_Policy_With_Invalid_Token_TC"
]]></system-out>
  </testcase>
  <testcase name="InValid_Add_Usage_Policy_With_Missing_Token_TC[[Ljava.lang.Object;@1cb5217f](1)" classname="SteeringCompanyAPI_TestCases.Test_Policies_Cases" time="1.287">
    <system-out><![CDATA[2023-02-07 11:00:41.215 &amp#27;[32m INFO&amp#27;[m &amp#27;[35m[@534 - main]&amp#27;[m &amp#27;[36mcom.shaft.tools.io.ReportManager&amp#27;[m : 
################################################################################################################################################
Starting Execution:	"235 out of 107" test cases in the current suite
Test Method:		"SteeringCompanyAPI_TestCases.Test_Policies_Cases.InValid_Add_Usage_Policy_With_Missing_Token_TC"
Test Description:	"TC024 -Policy- Perform Add Usage Policy With Missing Token"
################################################################################################################################################
2023-02-07 11:00:41.215 &amp#27;[32m INFO&amp#27;[m &amp#27;[35m[@503 - main]&amp#27;[m &amp#27;[36mcom.shaft.tools.io.ReportManager&amp#27;[m : File Action "DoesFileExist" successfully performed. With the following test data "File Path: "SteeringCompanyAPI_TestData/SteeringCompanyAPI_TestData.xlsx"".
2023-02-07 11:00:41.253 &amp#27;[32m INFO&amp#27;[m &amp#27;[35m[@503 - main]&amp#27;[m &amp#27;[36mcom.shaft.tools.io.ReportManager&amp#27;[m : Successfully created attachment "Test Data - Excel"
2023-02-07 11:00:41.253 &amp#27;[32m INFO&amp#27;[m &amp#27;[35m[@503 - main]&amp#27;[m &amp#27;[36mcom.shaft.tools.io.ReportManager&amp#27;[m : File Action "DoesFileExist" successfully performed. With the following test data "File Path: "SteeringCompanyAPI_TestData/SteeringCompanyAPI_TestData.xlsx"".
2023-02-07 11:00:41.283 &amp#27;[32m INFO&amp#27;[m &amp#27;[35m[@503 - main]&amp#27;[m &amp#27;[36mcom.shaft.tools.io.ReportManager&amp#27;[m : Successfully created attachment "Test Data - Excel"
2023-02-07 11:00:41.283 &amp#27;[32m INFO&amp#27;[m &amp#27;[35m[@503 - main]&amp#27;[m &amp#27;[36mcom.shaft.tools.io.ReportManager&amp#27;[m : File Action "DoesFileExist" successfully performed. With the following test data "File Path: "SteeringCompanyAPI_TestData/SteeringCompanyAPI_TestData.xlsx"".
2023-02-07 11:00:41.318 &amp#27;[32m INFO&amp#27;[m &amp#27;[35m[@503 - main]&amp#27;[m &amp#27;[36mcom.shaft.tools.io.ReportManager&amp#27;[m : Successfully created attachment "Test Data - Excel"
2023-02-07 11:00:42.466 &amp#27;[32m INFO&amp#27;[m &amp#27;[35m[@503 - main]&amp#27;[m &amp#27;[36mcom.shaft.tools.io.ReportManager&amp#27;[m : Response status code: "401", status line: "HTTP/1.1 401 "
2023-02-07 11:00:42.483 &amp#27;[32m INFO&amp#27;[m &amp#27;[35m[@503 - main]&amp#27;[m &amp#27;[36mcom.shaft.tools.io.ReportManager&amp#27;[m : Successfully created attachment "API Request - Specifications"
2023-02-07 11:00:42.486 &amp#27;[32m INFO&amp#27;[m &amp#27;[35m[@503 - main]&amp#27;[m &amp#27;[36mcom.shaft.tools.io.ReportManager&amp#27;[m : Successfully created attachment "API Request - JSON Body"
2023-02-07 11:00:42.487 &amp#27;[32m INFO&amp#27;[m &amp#27;[35m[@503 - main]&amp#27;[m &amp#27;[36mcom.shaft.tools.io.ReportManager&amp#27;[m : Successfully created attachment "API Response - JSON Body"
2023-02-07 11:00:42.489 &amp#27;[32m INFO&amp#27;[m &amp#27;[35m[@503 - main]&amp#27;[m &amp#27;[36mcom.shaft.tools.io.ReportManager&amp#27;[m : File Action "DoesFileExist" successfully performed. With the following test data "File Path: "Schemas/InvalidTokenRequest_Unauthorized_schema.json"".
2023-02-07 11:00:42.489 &amp#27;[32m INFO&amp#27;[m &amp#27;[35m[@503 - main]&amp#27;[m &amp#27;[36mcom.shaft.tools.io.ReportManager&amp#27;[m : File Action "DoesFileExist" successfully performed. With the following test data "File Path: "src/test/resources/testDataFiles/Schemas/InvalidTokenRequest_Unauthorized_schema.json"".
2023-02-07 11:00:42.489 &amp#27;[32m INFO&amp#27;[m &amp#27;[35m[@503 - main]&amp#27;[m &amp#27;[36mcom.shaft.tools.io.ReportManager&amp#27;[m : File Action "GetAbsolutePath" successfully performed. With the following test data "Relative Folder Path: "src/test/resources/testDataFiles/Schemas/InvalidTokenRequest_Unauthorized_schema.json"".
2023-02-07 11:00:42.493 &amp#27;[32m INFO&amp#27;[m &amp#27;[35m[@503 - main]&amp#27;[m &amp#27;[36mcom.shaft.tools.io.ReportManager&amp#27;[m : File Action "DoesFileExist" successfully performed. With the following test data "File Path: "C:\eclipse-workspace\MyProjects\TASystemsAPIs\src\test\resources\testDataFiles\Schemas\InvalidTokenRequest_Unauthorized_schema.json"".
2023-02-07 11:00:42.493 &amp#27;[32m INFO&amp#27;[m &amp#27;[35m[@503 - main]&amp#27;[m &amp#27;[36mcom.shaft.tools.io.ReportManager&amp#27;[m : File Action "GetAbsolutePath" successfully performed. With the following test data "Relative Folder Path: "C:\eclipse-workspace\MyProjects\TASystemsAPIs\src\test\resources\testDataFiles\Schemas\InvalidTokenRequest_Unauthorized_schema.json"".
2023-02-07 11:00:42.494 &amp#27;[32m INFO&amp#27;[m &amp#27;[35m[@503 - main]&amp#27;[m &amp#27;[36mcom.shaft.tools.io.ReportManager&amp#27;[m : File Action "ReadFile" successfully performed. With the following test data "File Path: "C:\eclipse-workspace\MyProjects\TASystemsAPIs\src\test\resources\testDataFiles\Schemas\InvalidTokenRequest_Unauthorized_schema.json"".
2023-02-07 11:00:42.495 &amp#27;[32m INFO&amp#27;[m &amp#27;[35m[@503 - main]&amp#27;[m &amp#27;[36mcom.shaft.tools.io.ReportManager&amp#27;[m : Successfully created attachment "Validation Test Data - Expected JSON Value"
2023-02-07 11:00:42.496 &amp#27;[32m INFO&amp#27;[m &amp#27;[35m[@503 - main]&amp#27;[m &amp#27;[36mcom.shaft.tools.io.ReportManager&amp#27;[m : Successfully created attachment "Validation Test Data - Actual JSON Value"
2023-02-07 11:00:42.498 &amp#27;[32m INFO&amp#27;[m &amp#27;[35m[@503 - main]&amp#27;[m &amp#27;[36mcom.shaft.tools.io.ReportManager&amp#27;[m : Successfully created attachment "SHAFT Engine Logs - Current Method log: InValid_Add_Usage_Policy_With_Missing_Token_TC"
]]></system-out>
  </testcase>
  <testcase name="InValid_Add_Usage_Policy_With_Missing_Token_TC[[Ljava.lang.Object;@a99f426](2)" classname="SteeringCompanyAPI_TestCases.Test_Policies_Cases" time="0.63">
    <system-out><![CDATA[2023-02-07 11:00:42.502 &amp#27;[32m INFO&amp#27;[m &amp#27;[35m[@534 - main]&amp#27;[m &amp#27;[36mcom.shaft.tools.io.ReportManager&amp#27;[m : 
################################################################################################################################################
Starting Execution:	"236 out of 107" test cases in the current suite
Test Method:		"SteeringCompanyAPI_TestCases.Test_Policies_Cases.InValid_Add_Usage_Policy_With_Missing_Token_TC"
Test Description:	"TC024 -Policy- Perform Add Usage Policy With Missing Token"
################################################################################################################################################
2023-02-07 11:00:42.504 &amp#27;[32m INFO&amp#27;[m &amp#27;[35m[@503 - main]&amp#27;[m &amp#27;[36mcom.shaft.tools.io.ReportManager&amp#27;[m : File Action "DoesFileExist" successfully performed. With the following test data "File Path: "SteeringCompanyAPI_TestData/SteeringCompanyAPI_TestData.xlsx"".
2023-02-07 11:00:42.535 &amp#27;[32m INFO&amp#27;[m &amp#27;[35m[@503 - main]&amp#27;[m &amp#27;[36mcom.shaft.tools.io.ReportManager&amp#27;[m : Successfully created attachment "Test Data - Excel"
2023-02-07 11:00:42.535 &amp#27;[32m INFO&amp#27;[m &amp#27;[35m[@503 - main]&amp#27;[m &amp#27;[36mcom.shaft.tools.io.ReportManager&amp#27;[m : File Action "DoesFileExist" successfully performed. With the following test data "File Path: "SteeringCompanyAPI_TestData/SteeringCompanyAPI_TestData.xlsx"".
2023-02-07 11:00:42.551 &amp#27;[32m INFO&amp#27;[m &amp#27;[35m[@503 - main]&amp#27;[m &amp#27;[36mcom.shaft.tools.io.ReportManager&amp#27;[m : Successfully created attachment "Test Data - Excel"
2023-02-07 11:00:42.551 &amp#27;[32m INFO&amp#27;[m &amp#27;[35m[@503 - main]&amp#27;[m &amp#27;[36mcom.shaft.tools.io.ReportManager&amp#27;[m : File Action "DoesFileExist" successfully performed. With the following test data "File Path: "SteeringCompanyAPI_TestData/SteeringCompanyAPI_TestData.xlsx"".
2023-02-07 11:00:42.583 &amp#27;[32m INFO&amp#27;[m &amp#27;[35m[@503 - main]&amp#27;[m &amp#27;[36mcom.shaft.tools.io.ReportManager&amp#27;[m : Successfully created attachment "Test Data - Excel"
2023-02-07 11:00:43.094 &amp#27;[32m INFO&amp#27;[m &amp#27;[35m[@503 - main]&amp#27;[m &amp#27;[36mcom.shaft.tools.io.ReportManager&amp#27;[m : Response status code: "401", status line: "HTTP/1.1 401 "
2023-02-07 11:00:43.114 &amp#27;[32m INFO&amp#27;[m &amp#27;[35m[@503 - main]&amp#27;[m &amp#27;[36mcom.shaft.tools.io.ReportManager&amp#27;[m : Successfully created attachment "API Request - Specifications"
2023-02-07 11:00:43.118 &amp#27;[32m INFO&amp#27;[m &amp#27;[35m[@503 - main]&amp#27;[m &amp#27;[36mcom.shaft.tools.io.ReportManager&amp#27;[m : Successfully created attachment "API Request - JSON Body"
2023-02-07 11:00:43.119 &amp#27;[32m INFO&amp#27;[m &amp#27;[35m[@503 - main]&amp#27;[m &amp#27;[36mcom.shaft.tools.io.ReportManager&amp#27;[m : Successfully created attachment "API Response - JSON Body"
2023-02-07 11:00:43.120 &amp#27;[32m INFO&amp#27;[m &amp#27;[35m[@503 - main]&amp#27;[m &amp#27;[36mcom.shaft.tools.io.ReportManager&amp#27;[m : File Action "DoesFileExist" successfully performed. With the following test data "File Path: "Schemas/InvalidTokenRequest_Unauthorized_schema.json"".
2023-02-07 11:00:43.122 &amp#27;[32m INFO&amp#27;[m &amp#27;[35m[@503 - main]&amp#27;[m &amp#27;[36mcom.shaft.tools.io.ReportManager&amp#27;[m : File Action "DoesFileExist" successfully performed. With the following test data "File Path: "src/test/resources/testDataFiles/Schemas/InvalidTokenRequest_Unauthorized_schema.json"".
2023-02-07 11:00:43.122 &amp#27;[32m INFO&amp#27;[m &amp#27;[35m[@503 - main]&amp#27;[m &amp#27;[36mcom.shaft.tools.io.ReportManager&amp#27;[m : File Action "GetAbsolutePath" successfully performed. With the following test data "Relative Folder Path: "src/test/resources/testDataFiles/Schemas/InvalidTokenRequest_Unauthorized_schema.json"".
2023-02-07 11:00:43.125 &amp#27;[32m INFO&amp#27;[m &amp#27;[35m[@503 - main]&amp#27;[m &amp#27;[36mcom.shaft.tools.io.ReportManager&amp#27;[m : File Action "DoesFileExist" successfully performed. With the following test data "File Path: "C:\eclipse-workspace\MyProjects\TASystemsAPIs\src\test\resources\testDataFiles\Schemas\InvalidTokenRequest_Unauthorized_schema.json"".
2023-02-07 11:00:43.125 &amp#27;[32m INFO&amp#27;[m &amp#27;[35m[@503 - main]&amp#27;[m &amp#27;[36mcom.shaft.tools.io.ReportManager&amp#27;[m : File Action "GetAbsolutePath" successfully performed. With the following test data "Relative Folder Path: "C:\eclipse-workspace\MyProjects\TASystemsAPIs\src\test\resources\testDataFiles\Schemas\InvalidTokenRequest_Unauthorized_schema.json"".
2023-02-07 11:00:43.125 &amp#27;[32m INFO&amp#27;[m &amp#27;[35m[@503 - main]&amp#27;[m &amp#27;[36mcom.shaft.tools.io.ReportManager&amp#27;[m : File Action "ReadFile" successfully performed. With the following test data "File Path: "C:\eclipse-workspace\MyProjects\TASystemsAPIs\src\test\resources\testDataFiles\Schemas\InvalidTokenRequest_Unauthorized_schema.json"".
2023-02-07 11:00:43.128 &amp#27;[32m INFO&amp#27;[m &amp#27;[35m[@503 - main]&amp#27;[m &amp#27;[36mcom.shaft.tools.io.ReportManager&amp#27;[m : Successfully created attachment "Validation Test Data - Expected JSON Value"
2023-02-07 11:00:43.128 &amp#27;[32m INFO&amp#27;[m &amp#27;[35m[@503 - main]&amp#27;[m &amp#27;[36mcom.shaft.tools.io.ReportManager&amp#27;[m : Successfully created attachment "Validation Test Data - Actual JSON Value"
2023-02-07 11:00:43.129 &amp#27;[32m INFO&amp#27;[m &amp#27;[35m[@503 - main]&amp#27;[m &amp#27;[36mcom.shaft.tools.io.ReportManager&amp#27;[m : Successfully created attachment "SHAFT Engine Logs - Current Method log: InValid_Add_Usage_Policy_With_Missing_Token_TC"
]]></system-out>
  </testcase>
  <testcase name="InValid_Get_Cancel_Policy_With_InValid_Token_TC[[Ljava.lang.Object;@9dbcc95](1)" classname="SteeringCompanyAPI_TestCases.Test_Policies_Cases" time="0.622">
    <system-out><![CDATA[2023-02-07 11:00:43.141 &amp#27;[32m INFO&amp#27;[m &amp#27;[35m[@534 - main]&amp#27;[m &amp#27;[36mcom.shaft.tools.io.ReportManager&amp#27;[m : 
################################################################################################################################################
Starting Execution:	"237 out of 107" test cases in the current suite
Test Method:		"SteeringCompanyAPI_TestCases.Test_Policies_Cases.InValid_Get_Cancel_Policy_With_InValid_Token_TC"
Test Description:	"TC041 -Policy- Perform Get Cancel Policy With InValid/Expired Token"
################################################################################################################################################
2023-02-07 11:00:43.141 &amp#27;[32m INFO&amp#27;[m &amp#27;[35m[@503 - main]&amp#27;[m &amp#27;[36mcom.shaft.tools.io.ReportManager&amp#27;[m : File Action "DoesFileExist" successfully performed. With the following test data "File Path: "SteeringCompanyAPI_TestData/SteeringCompanyAPI_TestData.xlsx"".
2023-02-07 11:00:43.185 &amp#27;[32m INFO&amp#27;[m &amp#27;[35m[@503 - main]&amp#27;[m &amp#27;[36mcom.shaft.tools.io.ReportManager&amp#27;[m : Successfully created attachment "Test Data - Excel"
2023-02-07 11:00:43.186 &amp#27;[32m INFO&amp#27;[m &amp#27;[35m[@503 - main]&amp#27;[m &amp#27;[36mcom.shaft.tools.io.ReportManager&amp#27;[m : File Action "DoesFileExist" successfully performed. With the following test data "File Path: "SteeringCompanyAPI_TestData/SteeringCompanyAPI_TestData.xlsx"".
2023-02-07 11:00:43.225 &amp#27;[32m INFO&amp#27;[m &amp#27;[35m[@503 - main]&amp#27;[m &amp#27;[36mcom.shaft.tools.io.ReportManager&amp#27;[m : Successfully created attachment "Test Data - Excel"
2023-02-07 11:00:43.226 &amp#27;[32m INFO&amp#27;[m &amp#27;[35m[@503 - main]&amp#27;[m &amp#27;[36mcom.shaft.tools.io.ReportManager&amp#27;[m : File Action "DoesFileExist" successfully performed. With the following test data "File Path: "SteeringCompanyAPI_TestData/SteeringCompanyAPI_TestData.xlsx"".
2023-02-07 11:00:43.270 &amp#27;[32m INFO&amp#27;[m &amp#27;[35m[@503 - main]&amp#27;[m &amp#27;[36mcom.shaft.tools.io.ReportManager&amp#27;[m : Successfully created attachment "Test Data - Excel"
2023-02-07 11:00:43.751 &amp#27;[32m INFO&amp#27;[m &amp#27;[35m[@503 - main]&amp#27;[m &amp#27;[36mcom.shaft.tools.io.ReportManager&amp#27;[m : Response status code: "401", status line: "HTTP/1.1 401 "
2023-02-07 11:00:43.755 &amp#27;[32m INFO&amp#27;[m &amp#27;[35m[@503 - main]&amp#27;[m &amp#27;[36mcom.shaft.tools.io.ReportManager&amp#27;[m : Successfully created attachment "API Request - Specifications"
2023-02-07 11:00:43.756 &amp#27;[32m INFO&amp#27;[m &amp#27;[35m[@503 - main]&amp#27;[m &amp#27;[36mcom.shaft.tools.io.ReportManager&amp#27;[m : Successfully created attachment "API Response - JSON Body"
2023-02-07 11:00:43.760 &amp#27;[32m INFO&amp#27;[m &amp#27;[35m[@503 - main]&amp#27;[m &amp#27;[36mcom.shaft.tools.io.ReportManager&amp#27;[m : Successfully created attachment "SHAFT Engine Logs - Current Method log: InValid_Get_Cancel_Policy_With_InValid_Token_TC"
]]></system-out>
  </testcase>
  <testcase name="InValid_Get_Cancel_Policy_With_InValid_Token_TC[[Ljava.lang.Object;@6356e336](2)" classname="SteeringCompanyAPI_TestCases.Test_Policies_Cases" time="0.586">
    <system-out><![CDATA[2023-02-07 11:00:43.763 &amp#27;[32m INFO&amp#27;[m &amp#27;[35m[@534 - main]&amp#27;[m &amp#27;[36mcom.shaft.tools.io.ReportManager&amp#27;[m : 
################################################################################################################################################
Starting Execution:	"238 out of 107" test cases in the current suite
Test Method:		"SteeringCompanyAPI_TestCases.Test_Policies_Cases.InValid_Get_Cancel_Policy_With_InValid_Token_TC"
Test Description:	"TC041 -Policy- Perform Get Cancel Policy With InValid/Expired Token"
################################################################################################################################################
2023-02-07 11:00:43.764 &amp#27;[32m INFO&amp#27;[m &amp#27;[35m[@503 - main]&amp#27;[m &amp#27;[36mcom.shaft.tools.io.ReportManager&amp#27;[m : File Action "DoesFileExist" successfully performed. With the following test data "File Path: "SteeringCompanyAPI_TestData/SteeringCompanyAPI_TestData.xlsx"".
2023-02-07 11:00:43.800 &amp#27;[32m INFO&amp#27;[m &amp#27;[35m[@503 - main]&amp#27;[m &amp#27;[36mcom.shaft.tools.io.ReportManager&amp#27;[m : Successfully created attachment "Test Data - Excel"
2023-02-07 11:00:43.800 &amp#27;[32m INFO&amp#27;[m &amp#27;[35m[@503 - main]&amp#27;[m &amp#27;[36mcom.shaft.tools.io.ReportManager&amp#27;[m : File Action "DoesFileExist" successfully performed. With the following test data "File Path: "SteeringCompanyAPI_TestData/SteeringCompanyAPI_TestData.xlsx"".
2023-02-07 11:00:43.826 &amp#27;[32m INFO&amp#27;[m &amp#27;[35m[@503 - main]&amp#27;[m &amp#27;[36mcom.shaft.tools.io.ReportManager&amp#27;[m : Successfully created attachment "Test Data - Excel"
2023-02-07 11:00:43.826 &amp#27;[32m INFO&amp#27;[m &amp#27;[35m[@503 - main]&amp#27;[m &amp#27;[36mcom.shaft.tools.io.ReportManager&amp#27;[m : File Action "DoesFileExist" successfully performed. With the following test data "File Path: "SteeringCompanyAPI_TestData/SteeringCompanyAPI_TestData.xlsx"".
2023-02-07 11:00:43.847 &amp#27;[32m INFO&amp#27;[m &amp#27;[35m[@503 - main]&amp#27;[m &amp#27;[36mcom.shaft.tools.io.ReportManager&amp#27;[m : Successfully created attachment "Test Data - Excel"
2023-02-07 11:00:44.336 &amp#27;[32m INFO&amp#27;[m &amp#27;[35m[@503 - main]&amp#27;[m &amp#27;[36mcom.shaft.tools.io.ReportManager&amp#27;[m : Response status code: "401", status line: "HTTP/1.1 401 "
2023-02-07 11:00:44.342 &amp#27;[32m INFO&amp#27;[m &amp#27;[35m[@503 - main]&amp#27;[m &amp#27;[36mcom.shaft.tools.io.ReportManager&amp#27;[m : Successfully created attachment "API Request - Specifications"
2023-02-07 11:00:44.343 &amp#27;[32m INFO&amp#27;[m &amp#27;[35m[@503 - main]&amp#27;[m &amp#27;[36mcom.shaft.tools.io.ReportManager&amp#27;[m : Successfully created attachment "API Response - JSON Body"
2023-02-07 11:00:44.346 &amp#27;[32m INFO&amp#27;[m &amp#27;[35m[@503 - main]&amp#27;[m &amp#27;[36mcom.shaft.tools.io.ReportManager&amp#27;[m : Successfully created attachment "SHAFT Engine Logs - Current Method log: InValid_Get_Cancel_Policy_With_InValid_Token_TC"
]]></system-out>
  </testcase>
  <testcase name="InValid_Get_Cancel_Policy_With_Missing_Token_TC[[Ljava.lang.Object;@55f704f2](1)" classname="SteeringCompanyAPI_TestCases.Test_Policies_Cases" time="0.617">
    <system-out><![CDATA[2023-02-07 11:00:44.357 &amp#27;[32m INFO&amp#27;[m &amp#27;[35m[@534 - main]&amp#27;[m &amp#27;[36mcom.shaft.tools.io.ReportManager&amp#27;[m : 
################################################################################################################################################
Starting Execution:	"239 out of 107" test cases in the current suite
Test Method:		"SteeringCompanyAPI_TestCases.Test_Policies_Cases.InValid_Get_Cancel_Policy_With_Missing_Token_TC"
Test Description:	"TC040 -Policy- Perform Get Cancel Policy With Missing Token"
################################################################################################################################################
2023-02-07 11:00:44.357 &amp#27;[32m INFO&amp#27;[m &amp#27;[35m[@503 - main]&amp#27;[m &amp#27;[36mcom.shaft.tools.io.ReportManager&amp#27;[m : File Action "DoesFileExist" successfully performed. With the following test data "File Path: "SteeringCompanyAPI_TestData/SteeringCompanyAPI_TestData.xlsx"".
2023-02-07 11:00:44.396 &amp#27;[32m INFO&amp#27;[m &amp#27;[35m[@503 - main]&amp#27;[m &amp#27;[36mcom.shaft.tools.io.ReportManager&amp#27;[m : Successfully created attachment "Test Data - Excel"
2023-02-07 11:00:44.396 &amp#27;[32m INFO&amp#27;[m &amp#27;[35m[@503 - main]&amp#27;[m &amp#27;[36mcom.shaft.tools.io.ReportManager&amp#27;[m : File Action "DoesFileExist" successfully performed. With the following test data "File Path: "SteeringCompanyAPI_TestData/SteeringCompanyAPI_TestData.xlsx"".
2023-02-07 11:00:44.425 &amp#27;[32m INFO&amp#27;[m &amp#27;[35m[@503 - main]&amp#27;[m &amp#27;[36mcom.shaft.tools.io.ReportManager&amp#27;[m : Successfully created attachment "Test Data - Excel"
2023-02-07 11:00:44.425 &amp#27;[32m INFO&amp#27;[m &amp#27;[35m[@503 - main]&amp#27;[m &amp#27;[36mcom.shaft.tools.io.ReportManager&amp#27;[m : File Action "DoesFileExist" successfully performed. With the following test data "File Path: "SteeringCompanyAPI_TestData/SteeringCompanyAPI_TestData.xlsx"".
2023-02-07 11:00:44.463 &amp#27;[32m INFO&amp#27;[m &amp#27;[35m[@503 - main]&amp#27;[m &amp#27;[36mcom.shaft.tools.io.ReportManager&amp#27;[m : Successfully created attachment "Test Data - Excel"
2023-02-07 11:00:44.946 &amp#27;[32m INFO&amp#27;[m &amp#27;[35m[@503 - main]&amp#27;[m &amp#27;[36mcom.shaft.tools.io.ReportManager&amp#27;[m : Response status code: "401", status line: "HTTP/1.1 401 "
2023-02-07 11:00:44.962 &amp#27;[32m INFO&amp#27;[m &amp#27;[35m[@503 - main]&amp#27;[m &amp#27;[36mcom.shaft.tools.io.ReportManager&amp#27;[m : Successfully created attachment "API Request - Specifications"
2023-02-07 11:00:44.963 &amp#27;[32m INFO&amp#27;[m &amp#27;[35m[@503 - main]&amp#27;[m &amp#27;[36mcom.shaft.tools.io.ReportManager&amp#27;[m : Successfully created attachment "API Response - JSON Body"
2023-02-07 11:00:44.963 &amp#27;[32m INFO&amp#27;[m &amp#27;[35m[@503 - main]&amp#27;[m &amp#27;[36mcom.shaft.tools.io.ReportManager&amp#27;[m : File Action "DoesFileExist" successfully performed. With the following test data "File Path: "Schemas/InvalidTokenRequest_Unauthorized_schema.json"".
2023-02-07 11:00:44.964 &amp#27;[32m INFO&amp#27;[m &amp#27;[35m[@503 - main]&amp#27;[m &amp#27;[36mcom.shaft.tools.io.ReportManager&amp#27;[m : File Action "DoesFileExist" successfully performed. With the following test data "File Path: "src/test/resources/testDataFiles/Schemas/InvalidTokenRequest_Unauthorized_schema.json"".
2023-02-07 11:00:44.964 &amp#27;[32m INFO&amp#27;[m &amp#27;[35m[@503 - main]&amp#27;[m &amp#27;[36mcom.shaft.tools.io.ReportManager&amp#27;[m : File Action "GetAbsolutePath" successfully performed. With the following test data "Relative Folder Path: "src/test/resources/testDataFiles/Schemas/InvalidTokenRequest_Unauthorized_schema.json"".
2023-02-07 11:00:44.966 &amp#27;[32m INFO&amp#27;[m &amp#27;[35m[@503 - main]&amp#27;[m &amp#27;[36mcom.shaft.tools.io.ReportManager&amp#27;[m : File Action "DoesFileExist" successfully performed. With the following test data "File Path: "C:\eclipse-workspace\MyProjects\TASystemsAPIs\src\test\resources\testDataFiles\Schemas\InvalidTokenRequest_Unauthorized_schema.json"".
2023-02-07 11:00:44.966 &amp#27;[32m INFO&amp#27;[m &amp#27;[35m[@503 - main]&amp#27;[m &amp#27;[36mcom.shaft.tools.io.ReportManager&amp#27;[m : File Action "GetAbsolutePath" successfully performed. With the following test data "Relative Folder Path: "C:\eclipse-workspace\MyProjects\TASystemsAPIs\src\test\resources\testDataFiles\Schemas\InvalidTokenRequest_Unauthorized_schema.json"".
2023-02-07 11:00:44.966 &amp#27;[32m INFO&amp#27;[m &amp#27;[35m[@503 - main]&amp#27;[m &amp#27;[36mcom.shaft.tools.io.ReportManager&amp#27;[m : File Action "ReadFile" successfully performed. With the following test data "File Path: "C:\eclipse-workspace\MyProjects\TASystemsAPIs\src\test\resources\testDataFiles\Schemas\InvalidTokenRequest_Unauthorized_schema.json"".
2023-02-07 11:00:44.970 &amp#27;[32m INFO&amp#27;[m &amp#27;[35m[@503 - main]&amp#27;[m &amp#27;[36mcom.shaft.tools.io.ReportManager&amp#27;[m : Successfully created attachment "Validation Test Data - Expected JSON Value"
2023-02-07 11:00:44.971 &amp#27;[32m INFO&amp#27;[m &amp#27;[35m[@503 - main]&amp#27;[m &amp#27;[36mcom.shaft.tools.io.ReportManager&amp#27;[m : Successfully created attachment "Validation Test Data - Actual JSON Value"
2023-02-07 11:00:44.972 &amp#27;[32m INFO&amp#27;[m &amp#27;[35m[@503 - main]&amp#27;[m &amp#27;[36mcom.shaft.tools.io.ReportManager&amp#27;[m : Successfully created attachment "SHAFT Engine Logs - Current Method log: InValid_Get_Cancel_Policy_With_Missing_Token_TC"
]]></system-out>
  </testcase>
  <testcase name="InValid_Get_Cancel_Policy_With_Missing_Token_TC[[Ljava.lang.Object;@78c84982](2)" classname="SteeringCompanyAPI_TestCases.Test_Policies_Cases" time="0.573">
    <system-out><![CDATA[2023-02-07 11:00:44.974 &amp#27;[32m INFO&amp#27;[m &amp#27;[35m[@534 - main]&amp#27;[m &amp#27;[36mcom.shaft.tools.io.ReportManager&amp#27;[m : 
################################################################################################################################################
Starting Execution:	"240 out of 107" test cases in the current suite
Test Method:		"SteeringCompanyAPI_TestCases.Test_Policies_Cases.InValid_Get_Cancel_Policy_With_Missing_Token_TC"
Test Description:	"TC040 -Policy- Perform Get Cancel Policy With Missing Token"
################################################################################################################################################
2023-02-07 11:00:44.974 &amp#27;[32m INFO&amp#27;[m &amp#27;[35m[@503 - main]&amp#27;[m &amp#27;[36mcom.shaft.tools.io.ReportManager&amp#27;[m : File Action "DoesFileExist" successfully performed. With the following test data "File Path: "SteeringCompanyAPI_TestData/SteeringCompanyAPI_TestData.xlsx"".
2023-02-07 11:00:44.993 &amp#27;[32m INFO&amp#27;[m &amp#27;[35m[@503 - main]&amp#27;[m &amp#27;[36mcom.shaft.tools.io.ReportManager&amp#27;[m : Successfully created attachment "Test Data - Excel"
2023-02-07 11:00:44.993 &amp#27;[32m INFO&amp#27;[m &amp#27;[35m[@503 - main]&amp#27;[m &amp#27;[36mcom.shaft.tools.io.ReportManager&amp#27;[m : File Action "DoesFileExist" successfully performed. With the following test data "File Path: "SteeringCompanyAPI_TestData/SteeringCompanyAPI_TestData.xlsx"".
2023-02-07 11:00:45.014 &amp#27;[32m INFO&amp#27;[m &amp#27;[35m[@503 - main]&amp#27;[m &amp#27;[36mcom.shaft.tools.io.ReportManager&amp#27;[m : Successfully created attachment "Test Data - Excel"
2023-02-07 11:00:45.015 &amp#27;[32m INFO&amp#27;[m &amp#27;[35m[@503 - main]&amp#27;[m &amp#27;[36mcom.shaft.tools.io.ReportManager&amp#27;[m : File Action "DoesFileExist" successfully performed. With the following test data "File Path: "SteeringCompanyAPI_TestData/SteeringCompanyAPI_TestData.xlsx"".
2023-02-07 11:00:45.033 &amp#27;[32m INFO&amp#27;[m &amp#27;[35m[@503 - main]&amp#27;[m &amp#27;[36mcom.shaft.tools.io.ReportManager&amp#27;[m : Successfully created attachment "Test Data - Excel"
2023-02-07 11:00:45.502 &amp#27;[32m INFO&amp#27;[m &amp#27;[35m[@503 - main]&amp#27;[m &amp#27;[36mcom.shaft.tools.io.ReportManager&amp#27;[m : Response status code: "401", status line: "HTTP/1.1 401 "
2023-02-07 11:00:45.527 &amp#27;[32m INFO&amp#27;[m &amp#27;[35m[@503 - main]&amp#27;[m &amp#27;[36mcom.shaft.tools.io.ReportManager&amp#27;[m : Successfully created attachment "API Request - Specifications"
2023-02-07 11:00:45.531 &amp#27;[32m INFO&amp#27;[m &amp#27;[35m[@503 - main]&amp#27;[m &amp#27;[36mcom.shaft.tools.io.ReportManager&amp#27;[m : Successfully created attachment "API Response - JSON Body"
2023-02-07 11:00:45.533 &amp#27;[32m INFO&amp#27;[m &amp#27;[35m[@503 - main]&amp#27;[m &amp#27;[36mcom.shaft.tools.io.ReportManager&amp#27;[m : File Action "DoesFileExist" successfully performed. With the following test data "File Path: "Schemas/InvalidTokenRequest_Unauthorized_schema.json"".
2023-02-07 11:00:45.534 &amp#27;[32m INFO&amp#27;[m &amp#27;[35m[@503 - main]&amp#27;[m &amp#27;[36mcom.shaft.tools.io.ReportManager&amp#27;[m : File Action "DoesFileExist" successfully performed. With the following test data "File Path: "src/test/resources/testDataFiles/Schemas/InvalidTokenRequest_Unauthorized_schema.json"".
2023-02-07 11:00:45.534 &amp#27;[32m INFO&amp#27;[m &amp#27;[35m[@503 - main]&amp#27;[m &amp#27;[36mcom.shaft.tools.io.ReportManager&amp#27;[m : File Action "GetAbsolutePath" successfully performed. With the following test data "Relative Folder Path: "src/test/resources/testDataFiles/Schemas/InvalidTokenRequest_Unauthorized_schema.json"".
2023-02-07 11:00:45.538 &amp#27;[32m INFO&amp#27;[m &amp#27;[35m[@503 - main]&amp#27;[m &amp#27;[36mcom.shaft.tools.io.ReportManager&amp#27;[m : File Action "DoesFileExist" successfully performed. With the following test data "File Path: "C:\eclipse-workspace\MyProjects\TASystemsAPIs\src\test\resources\testDataFiles\Schemas\InvalidTokenRequest_Unauthorized_schema.json"".
2023-02-07 11:00:45.539 &amp#27;[32m INFO&amp#27;[m &amp#27;[35m[@503 - main]&amp#27;[m &amp#27;[36mcom.shaft.tools.io.ReportManager&amp#27;[m : File Action "GetAbsolutePath" successfully performed. With the following test data "Relative Folder Path: "C:\eclipse-workspace\MyProjects\TASystemsAPIs\src\test\resources\testDataFiles\Schemas\InvalidTokenRequest_Unauthorized_schema.json"".
2023-02-07 11:00:45.539 &amp#27;[32m INFO&amp#27;[m &amp#27;[35m[@503 - main]&amp#27;[m &amp#27;[36mcom.shaft.tools.io.ReportManager&amp#27;[m : File Action "ReadFile" successfully performed. With the following test data "File Path: "C:\eclipse-workspace\MyProjects\TASystemsAPIs\src\test\resources\testDataFiles\Schemas\InvalidTokenRequest_Unauthorized_schema.json"".
2023-02-07 11:00:45.541 &amp#27;[32m INFO&amp#27;[m &amp#27;[35m[@503 - main]&amp#27;[m &amp#27;[36mcom.shaft.tools.io.ReportManager&amp#27;[m : Successfully created attachment "Validation Test Data - Expected JSON Value"
2023-02-07 11:00:45.542 &amp#27;[32m INFO&amp#27;[m &amp#27;[35m[@503 - main]&amp#27;[m &amp#27;[36mcom.shaft.tools.io.ReportManager&amp#27;[m : Successfully created attachment "Validation Test Data - Actual JSON Value"
2023-02-07 11:00:45.544 &amp#27;[32m INFO&amp#27;[m &amp#27;[35m[@503 - main]&amp#27;[m &amp#27;[36mcom.shaft.tools.io.ReportManager&amp#27;[m : Successfully created attachment "SHAFT Engine Logs - Current Method log: InValid_Get_Cancel_Policy_With_Missing_Token_TC"
]]></system-out>
  </testcase>
  <testcase name="InValid_Get_General_Policy_With_InValid_Token_TC[[Ljava.lang.Object;@5b8afcb1](1)" classname="SteeringCompanyAPI_TestCases.Test_Policies_Cases" time="0.615">
    <system-out><![CDATA[2023-02-07 11:00:45.560 &amp#27;[32m INFO&amp#27;[m &amp#27;[35m[@534 - main]&amp#27;[m &amp#27;[36mcom.shaft.tools.io.ReportManager&amp#27;[m : 
################################################################################################################################################
Starting Execution:	"241 out of 107" test cases in the current suite
Test Method:		"SteeringCompanyAPI_TestCases.Test_Policies_Cases.InValid_Get_General_Policy_With_InValid_Token_TC"
Test Description:	"TC049 -Policy- Perform Get General Policy With InValid/Expired Token"
################################################################################################################################################
2023-02-07 11:00:45.561 &amp#27;[32m INFO&amp#27;[m &amp#27;[35m[@503 - main]&amp#27;[m &amp#27;[36mcom.shaft.tools.io.ReportManager&amp#27;[m : File Action "DoesFileExist" successfully performed. With the following test data "File Path: "SteeringCompanyAPI_TestData/SteeringCompanyAPI_TestData.xlsx"".
2023-02-07 11:00:45.588 &amp#27;[32m INFO&amp#27;[m &amp#27;[35m[@503 - main]&amp#27;[m &amp#27;[36mcom.shaft.tools.io.ReportManager&amp#27;[m : Successfully created attachment "Test Data - Excel"
2023-02-07 11:00:45.589 &amp#27;[32m INFO&amp#27;[m &amp#27;[35m[@503 - main]&amp#27;[m &amp#27;[36mcom.shaft.tools.io.ReportManager&amp#27;[m : File Action "DoesFileExist" successfully performed. With the following test data "File Path: "SteeringCompanyAPI_TestData/SteeringCompanyAPI_TestData.xlsx"".
2023-02-07 11:00:45.632 &amp#27;[32m INFO&amp#27;[m &amp#27;[35m[@503 - main]&amp#27;[m &amp#27;[36mcom.shaft.tools.io.ReportManager&amp#27;[m : Successfully created attachment "Test Data - Excel"
2023-02-07 11:00:45.633 &amp#27;[32m INFO&amp#27;[m &amp#27;[35m[@503 - main]&amp#27;[m &amp#27;[36mcom.shaft.tools.io.ReportManager&amp#27;[m : File Action "DoesFileExist" successfully performed. With the following test data "File Path: "SteeringCompanyAPI_TestData/SteeringCompanyAPI_TestData.xlsx"".
2023-02-07 11:00:45.660 &amp#27;[32m INFO&amp#27;[m &amp#27;[35m[@503 - main]&amp#27;[m &amp#27;[36mcom.shaft.tools.io.ReportManager&amp#27;[m : Successfully created attachment "Test Data - Excel"
2023-02-07 11:00:46.161 &amp#27;[32m INFO&amp#27;[m &amp#27;[35m[@503 - main]&amp#27;[m &amp#27;[36mcom.shaft.tools.io.ReportManager&amp#27;[m : Response status code: "401", status line: "HTTP/1.1 401 "
2023-02-07 11:00:46.164 &amp#27;[32m INFO&amp#27;[m &amp#27;[35m[@503 - main]&amp#27;[m &amp#27;[36mcom.shaft.tools.io.ReportManager&amp#27;[m : Successfully created attachment "API Request - Specifications"
2023-02-07 11:00:46.165 &amp#27;[32m INFO&amp#27;[m &amp#27;[35m[@503 - main]&amp#27;[m &amp#27;[36mcom.shaft.tools.io.ReportManager&amp#27;[m : Successfully created attachment "API Response - JSON Body"
2023-02-07 11:00:46.169 &amp#27;[32m INFO&amp#27;[m &amp#27;[35m[@503 - main]&amp#27;[m &amp#27;[36mcom.shaft.tools.io.ReportManager&amp#27;[m : Successfully created attachment "SHAFT Engine Logs - Current Method log: InValid_Get_General_Policy_With_InValid_Token_TC"
]]></system-out>
  </testcase>
  <testcase name="InValid_Get_General_Policy_With_InValid_Token_TC[[Ljava.lang.Object;@39de5057](2)" classname="SteeringCompanyAPI_TestCases.Test_Policies_Cases" time="0.769">
    <system-out><![CDATA[2023-02-07 11:00:46.173 &amp#27;[32m INFO&amp#27;[m &amp#27;[35m[@534 - main]&amp#27;[m &amp#27;[36mcom.shaft.tools.io.ReportManager&amp#27;[m : 
################################################################################################################################################
Starting Execution:	"242 out of 107" test cases in the current suite
Test Method:		"SteeringCompanyAPI_TestCases.Test_Policies_Cases.InValid_Get_General_Policy_With_InValid_Token_TC"
Test Description:	"TC049 -Policy- Perform Get General Policy With InValid/Expired Token"
################################################################################################################################################
2023-02-07 11:00:46.174 &amp#27;[32m INFO&amp#27;[m &amp#27;[35m[@503 - main]&amp#27;[m &amp#27;[36mcom.shaft.tools.io.ReportManager&amp#27;[m : File Action "DoesFileExist" successfully performed. With the following test data "File Path: "SteeringCompanyAPI_TestData/SteeringCompanyAPI_TestData.xlsx"".
2023-02-07 11:00:46.208 &amp#27;[32m INFO&amp#27;[m &amp#27;[35m[@503 - main]&amp#27;[m &amp#27;[36mcom.shaft.tools.io.ReportManager&amp#27;[m : Successfully created attachment "Test Data - Excel"
2023-02-07 11:00:46.208 &amp#27;[32m INFO&amp#27;[m &amp#27;[35m[@503 - main]&amp#27;[m &amp#27;[36mcom.shaft.tools.io.ReportManager&amp#27;[m : File Action "DoesFileExist" successfully performed. With the following test data "File Path: "SteeringCompanyAPI_TestData/SteeringCompanyAPI_TestData.xlsx"".
2023-02-07 11:00:46.226 &amp#27;[32m INFO&amp#27;[m &amp#27;[35m[@503 - main]&amp#27;[m &amp#27;[36mcom.shaft.tools.io.ReportManager&amp#27;[m : Successfully created attachment "Test Data - Excel"
2023-02-07 11:00:46.226 &amp#27;[32m INFO&amp#27;[m &amp#27;[35m[@503 - main]&amp#27;[m &amp#27;[36mcom.shaft.tools.io.ReportManager&amp#27;[m : File Action "DoesFileExist" successfully performed. With the following test data "File Path: "SteeringCompanyAPI_TestData/SteeringCompanyAPI_TestData.xlsx"".
2023-02-07 11:00:46.246 &amp#27;[32m INFO&amp#27;[m &amp#27;[35m[@503 - main]&amp#27;[m &amp#27;[36mcom.shaft.tools.io.ReportManager&amp#27;[m : Successfully created attachment "Test Data - Excel"
2023-02-07 11:00:46.929 &amp#27;[32m INFO&amp#27;[m &amp#27;[35m[@503 - main]&amp#27;[m &amp#27;[36mcom.shaft.tools.io.ReportManager&amp#27;[m : Response status code: "401", status line: "HTTP/1.1 401 "
2023-02-07 11:00:46.935 &amp#27;[32m INFO&amp#27;[m &amp#27;[35m[@503 - main]&amp#27;[m &amp#27;[36mcom.shaft.tools.io.ReportManager&amp#27;[m : Successfully created attachment "API Request - Specifications"
2023-02-07 11:00:46.936 &amp#27;[32m INFO&amp#27;[m &amp#27;[35m[@503 - main]&amp#27;[m &amp#27;[36mcom.shaft.tools.io.ReportManager&amp#27;[m : Successfully created attachment "API Response - JSON Body"
2023-02-07 11:00:46.939 &amp#27;[32m INFO&amp#27;[m &amp#27;[35m[@503 - main]&amp#27;[m &amp#27;[36mcom.shaft.tools.io.ReportManager&amp#27;[m : Successfully created attachment "SHAFT Engine Logs - Current Method log: InValid_Get_General_Policy_With_InValid_Token_TC"
]]></system-out>
  </testcase>
  <testcase name="InValid_Get_General_Policy_With_Missing_Token_TC[[Ljava.lang.Object;@42542116](1)" classname="SteeringCompanyAPI_TestCases.Test_Policies_Cases" time="0.838">
    <system-out><![CDATA[2023-02-07 11:00:46.949 &amp#27;[32m INFO&amp#27;[m &amp#27;[35m[@534 - main]&amp#27;[m &amp#27;[36mcom.shaft.tools.io.ReportManager&amp#27;[m : 
################################################################################################################################################
Starting Execution:	"243 out of 107" test cases in the current suite
Test Method:		"SteeringCompanyAPI_TestCases.Test_Policies_Cases.InValid_Get_General_Policy_With_Missing_Token_TC"
Test Description:	"TC048 -Policy- Perform Get General Policy With Missing Token"
################################################################################################################################################
2023-02-07 11:00:46.949 &amp#27;[32m INFO&amp#27;[m &amp#27;[35m[@503 - main]&amp#27;[m &amp#27;[36mcom.shaft.tools.io.ReportManager&amp#27;[m : File Action "DoesFileExist" successfully performed. With the following test data "File Path: "SteeringCompanyAPI_TestData/SteeringCompanyAPI_TestData.xlsx"".
2023-02-07 11:00:46.987 &amp#27;[32m INFO&amp#27;[m &amp#27;[35m[@503 - main]&amp#27;[m &amp#27;[36mcom.shaft.tools.io.ReportManager&amp#27;[m : Successfully created attachment "Test Data - Excel"
2023-02-07 11:00:46.987 &amp#27;[32m INFO&amp#27;[m &amp#27;[35m[@503 - main]&amp#27;[m &amp#27;[36mcom.shaft.tools.io.ReportManager&amp#27;[m : File Action "DoesFileExist" successfully performed. With the following test data "File Path: "SteeringCompanyAPI_TestData/SteeringCompanyAPI_TestData.xlsx"".
2023-02-07 11:00:47.019 &amp#27;[32m INFO&amp#27;[m &amp#27;[35m[@503 - main]&amp#27;[m &amp#27;[36mcom.shaft.tools.io.ReportManager&amp#27;[m : Successfully created attachment "Test Data - Excel"
2023-02-07 11:00:47.019 &amp#27;[32m INFO&amp#27;[m &amp#27;[35m[@503 - main]&amp#27;[m &amp#27;[36mcom.shaft.tools.io.ReportManager&amp#27;[m : File Action "DoesFileExist" successfully performed. With the following test data "File Path: "SteeringCompanyAPI_TestData/SteeringCompanyAPI_TestData.xlsx"".
2023-02-07 11:00:47.064 &amp#27;[32m INFO&amp#27;[m &amp#27;[35m[@503 - main]&amp#27;[m &amp#27;[36mcom.shaft.tools.io.ReportManager&amp#27;[m : Successfully created attachment "Test Data - Excel"
2023-02-07 11:00:47.750 &amp#27;[32m INFO&amp#27;[m &amp#27;[35m[@503 - main]&amp#27;[m &amp#27;[36mcom.shaft.tools.io.ReportManager&amp#27;[m : Response status code: "401", status line: "HTTP/1.1 401 "
2023-02-07 11:00:47.769 &amp#27;[32m INFO&amp#27;[m &amp#27;[35m[@503 - main]&amp#27;[m &amp#27;[36mcom.shaft.tools.io.ReportManager&amp#27;[m : Successfully created attachment "API Request - Specifications"
2023-02-07 11:00:47.771 &amp#27;[32m INFO&amp#27;[m &amp#27;[35m[@503 - main]&amp#27;[m &amp#27;[36mcom.shaft.tools.io.ReportManager&amp#27;[m : Successfully created attachment "API Response - JSON Body"
2023-02-07 11:00:47.772 &amp#27;[32m INFO&amp#27;[m &amp#27;[35m[@503 - main]&amp#27;[m &amp#27;[36mcom.shaft.tools.io.ReportManager&amp#27;[m : File Action "DoesFileExist" successfully performed. With the following test data "File Path: "Schemas/InvalidTokenRequest_Unauthorized_schema.json"".
2023-02-07 11:00:47.773 &amp#27;[32m INFO&amp#27;[m &amp#27;[35m[@503 - main]&amp#27;[m &amp#27;[36mcom.shaft.tools.io.ReportManager&amp#27;[m : File Action "DoesFileExist" successfully performed. With the following test data "File Path: "src/test/resources/testDataFiles/Schemas/InvalidTokenRequest_Unauthorized_schema.json"".
2023-02-07 11:00:47.773 &amp#27;[32m INFO&amp#27;[m &amp#27;[35m[@503 - main]&amp#27;[m &amp#27;[36mcom.shaft.tools.io.ReportManager&amp#27;[m : File Action "GetAbsolutePath" successfully performed. With the following test data "Relative Folder Path: "src/test/resources/testDataFiles/Schemas/InvalidTokenRequest_Unauthorized_schema.json"".
2023-02-07 11:00:47.776 &amp#27;[32m INFO&amp#27;[m &amp#27;[35m[@503 - main]&amp#27;[m &amp#27;[36mcom.shaft.tools.io.ReportManager&amp#27;[m : File Action "DoesFileExist" successfully performed. With the following test data "File Path: "C:\eclipse-workspace\MyProjects\TASystemsAPIs\src\test\resources\testDataFiles\Schemas\InvalidTokenRequest_Unauthorized_schema.json"".
2023-02-07 11:00:47.776 &amp#27;[32m INFO&amp#27;[m &amp#27;[35m[@503 - main]&amp#27;[m &amp#27;[36mcom.shaft.tools.io.ReportManager&amp#27;[m : File Action "GetAbsolutePath" successfully performed. With the following test data "Relative Folder Path: "C:\eclipse-workspace\MyProjects\TASystemsAPIs\src\test\resources\testDataFiles\Schemas\InvalidTokenRequest_Unauthorized_schema.json"".
2023-02-07 11:00:47.777 &amp#27;[32m INFO&amp#27;[m &amp#27;[35m[@503 - main]&amp#27;[m &amp#27;[36mcom.shaft.tools.io.ReportManager&amp#27;[m : File Action "ReadFile" successfully performed. With the following test data "File Path: "C:\eclipse-workspace\MyProjects\TASystemsAPIs\src\test\resources\testDataFiles\Schemas\InvalidTokenRequest_Unauthorized_schema.json"".
2023-02-07 11:00:47.779 &amp#27;[32m INFO&amp#27;[m &amp#27;[35m[@503 - main]&amp#27;[m &amp#27;[36mcom.shaft.tools.io.ReportManager&amp#27;[m : Successfully created attachment "Validation Test Data - Expected JSON Value"
2023-02-07 11:00:47.781 &amp#27;[32m INFO&amp#27;[m &amp#27;[35m[@503 - main]&amp#27;[m &amp#27;[36mcom.shaft.tools.io.ReportManager&amp#27;[m : Successfully created attachment "Validation Test Data - Actual JSON Value"
2023-02-07 11:00:47.784 &amp#27;[32m INFO&amp#27;[m &amp#27;[35m[@503 - main]&amp#27;[m &amp#27;[36mcom.shaft.tools.io.ReportManager&amp#27;[m : Successfully created attachment "SHAFT Engine Logs - Current Method log: InValid_Get_General_Policy_With_Missing_Token_TC"
]]></system-out>
  </testcase>
  <testcase name="InValid_Get_General_Policy_With_Missing_Token_TC[[Ljava.lang.Object;@7569e6c4](2)" classname="SteeringCompanyAPI_TestCases.Test_Policies_Cases" time="0.633">
    <system-out><![CDATA[2023-02-07 11:00:47.788 &amp#27;[32m INFO&amp#27;[m &amp#27;[35m[@534 - main]&amp#27;[m &amp#27;[36mcom.shaft.tools.io.ReportManager&amp#27;[m : 
################################################################################################################################################
Starting Execution:	"244 out of 107" test cases in the current suite
Test Method:		"SteeringCompanyAPI_TestCases.Test_Policies_Cases.InValid_Get_General_Policy_With_Missing_Token_TC"
Test Description:	"TC048 -Policy- Perform Get General Policy With Missing Token"
################################################################################################################################################
2023-02-07 11:00:47.789 &amp#27;[32m INFO&amp#27;[m &amp#27;[35m[@503 - main]&amp#27;[m &amp#27;[36mcom.shaft.tools.io.ReportManager&amp#27;[m : File Action "DoesFileExist" successfully performed. With the following test data "File Path: "SteeringCompanyAPI_TestData/SteeringCompanyAPI_TestData.xlsx"".
2023-02-07 11:00:47.842 &amp#27;[32m INFO&amp#27;[m &amp#27;[35m[@503 - main]&amp#27;[m &amp#27;[36mcom.shaft.tools.io.ReportManager&amp#27;[m : Successfully created attachment "Test Data - Excel"
2023-02-07 11:00:47.842 &amp#27;[32m INFO&amp#27;[m &amp#27;[35m[@503 - main]&amp#27;[m &amp#27;[36mcom.shaft.tools.io.ReportManager&amp#27;[m : File Action "DoesFileExist" successfully performed. With the following test data "File Path: "SteeringCompanyAPI_TestData/SteeringCompanyAPI_TestData.xlsx"".
2023-02-07 11:00:47.879 &amp#27;[32m INFO&amp#27;[m &amp#27;[35m[@503 - main]&amp#27;[m &amp#27;[36mcom.shaft.tools.io.ReportManager&amp#27;[m : Successfully created attachment "Test Data - Excel"
2023-02-07 11:00:47.879 &amp#27;[32m INFO&amp#27;[m &amp#27;[35m[@503 - main]&amp#27;[m &amp#27;[36mcom.shaft.tools.io.ReportManager&amp#27;[m : File Action "DoesFileExist" successfully performed. With the following test data "File Path: "SteeringCompanyAPI_TestData/SteeringCompanyAPI_TestData.xlsx"".
2023-02-07 11:00:47.898 &amp#27;[32m INFO&amp#27;[m &amp#27;[35m[@503 - main]&amp#27;[m &amp#27;[36mcom.shaft.tools.io.ReportManager&amp#27;[m : Successfully created attachment "Test Data - Excel"
2023-02-07 11:00:48.378 &amp#27;[32m INFO&amp#27;[m &amp#27;[35m[@503 - main]&amp#27;[m &amp#27;[36mcom.shaft.tools.io.ReportManager&amp#27;[m : Response status code: "401", status line: "HTTP/1.1 401 "
2023-02-07 11:00:48.398 &amp#27;[32m INFO&amp#27;[m &amp#27;[35m[@503 - main]&amp#27;[m &amp#27;[36mcom.shaft.tools.io.ReportManager&amp#27;[m : Successfully created attachment "API Request - Specifications"
2023-02-07 11:00:48.405 &amp#27;[32m INFO&amp#27;[m &amp#27;[35m[@503 - main]&amp#27;[m &amp#27;[36mcom.shaft.tools.io.ReportManager&amp#27;[m : Successfully created attachment "API Response - JSON Body"
2023-02-07 11:00:48.406 &amp#27;[32m INFO&amp#27;[m &amp#27;[35m[@503 - main]&amp#27;[m &amp#27;[36mcom.shaft.tools.io.ReportManager&amp#27;[m : File Action "DoesFileExist" successfully performed. With the following test data "File Path: "Schemas/InvalidTokenRequest_Unauthorized_schema.json"".
2023-02-07 11:00:48.407 &amp#27;[32m INFO&amp#27;[m &amp#27;[35m[@503 - main]&amp#27;[m &amp#27;[36mcom.shaft.tools.io.ReportManager&amp#27;[m : File Action "DoesFileExist" successfully performed. With the following test data "File Path: "src/test/resources/testDataFiles/Schemas/InvalidTokenRequest_Unauthorized_schema.json"".
2023-02-07 11:00:48.407 &amp#27;[32m INFO&amp#27;[m &amp#27;[35m[@503 - main]&amp#27;[m &amp#27;[36mcom.shaft.tools.io.ReportManager&amp#27;[m : File Action "GetAbsolutePath" successfully performed. With the following test data "Relative Folder Path: "src/test/resources/testDataFiles/Schemas/InvalidTokenRequest_Unauthorized_schema.json"".
2023-02-07 11:00:48.410 &amp#27;[32m INFO&amp#27;[m &amp#27;[35m[@503 - main]&amp#27;[m &amp#27;[36mcom.shaft.tools.io.ReportManager&amp#27;[m : File Action "DoesFileExist" successfully performed. With the following test data "File Path: "C:\eclipse-workspace\MyProjects\TASystemsAPIs\src\test\resources\testDataFiles\Schemas\InvalidTokenRequest_Unauthorized_schema.json"".
2023-02-07 11:00:48.410 &amp#27;[32m INFO&amp#27;[m &amp#27;[35m[@503 - main]&amp#27;[m &amp#27;[36mcom.shaft.tools.io.ReportManager&amp#27;[m : File Action "GetAbsolutePath" successfully performed. With the following test data "Relative Folder Path: "C:\eclipse-workspace\MyProjects\TASystemsAPIs\src\test\resources\testDataFiles\Schemas\InvalidTokenRequest_Unauthorized_schema.json"".
2023-02-07 11:00:48.411 &amp#27;[32m INFO&amp#27;[m &amp#27;[35m[@503 - main]&amp#27;[m &amp#27;[36mcom.shaft.tools.io.ReportManager&amp#27;[m : File Action "ReadFile" successfully performed. With the following test data "File Path: "C:\eclipse-workspace\MyProjects\TASystemsAPIs\src\test\resources\testDataFiles\Schemas\InvalidTokenRequest_Unauthorized_schema.json"".
2023-02-07 11:00:48.414 &amp#27;[32m INFO&amp#27;[m &amp#27;[35m[@503 - main]&amp#27;[m &amp#27;[36mcom.shaft.tools.io.ReportManager&amp#27;[m : Successfully created attachment "Validation Test Data - Expected JSON Value"
2023-02-07 11:00:48.416 &amp#27;[32m INFO&amp#27;[m &amp#27;[35m[@503 - main]&amp#27;[m &amp#27;[36mcom.shaft.tools.io.ReportManager&amp#27;[m : Successfully created attachment "Validation Test Data - Actual JSON Value"
2023-02-07 11:00:48.417 &amp#27;[32m INFO&amp#27;[m &amp#27;[35m[@503 - main]&amp#27;[m &amp#27;[36mcom.shaft.tools.io.ReportManager&amp#27;[m : Successfully created attachment "SHAFT Engine Logs - Current Method log: InValid_Get_General_Policy_With_Missing_Token_TC"
]]></system-out>
  </testcase>
  <testcase name="InValid_Get_Payment_Policy_With_InValid_Token_TC[[Ljava.lang.Object;@18ac83b5](1)" classname="SteeringCompanyAPI_TestCases.Test_Policies_Cases" time="0.632">
    <system-out><![CDATA[2023-02-07 11:00:48.428 &amp#27;[32m INFO&amp#27;[m &amp#27;[35m[@534 - main]&amp#27;[m &amp#27;[36mcom.shaft.tools.io.ReportManager&amp#27;[m : 
################################################################################################################################################
Starting Execution:	"245 out of 107" test cases in the current suite
Test Method:		"SteeringCompanyAPI_TestCases.Test_Policies_Cases.InValid_Get_Payment_Policy_With_InValid_Token_TC"
Test Description:	"TC047 -Policy- Perform Get Payment Policy With Invalid/Expired Token"
################################################################################################################################################
2023-02-07 11:00:48.429 &amp#27;[32m INFO&amp#27;[m &amp#27;[35m[@503 - main]&amp#27;[m &amp#27;[36mcom.shaft.tools.io.ReportManager&amp#27;[m : File Action "DoesFileExist" successfully performed. With the following test data "File Path: "SteeringCompanyAPI_TestData/SteeringCompanyAPI_TestData.xlsx"".
2023-02-07 11:00:48.479 &amp#27;[32m INFO&amp#27;[m &amp#27;[35m[@503 - main]&amp#27;[m &amp#27;[36mcom.shaft.tools.io.ReportManager&amp#27;[m : Successfully created attachment "Test Data - Excel"
2023-02-07 11:00:48.480 &amp#27;[32m INFO&amp#27;[m &amp#27;[35m[@503 - main]&amp#27;[m &amp#27;[36mcom.shaft.tools.io.ReportManager&amp#27;[m : File Action "DoesFileExist" successfully performed. With the following test data "File Path: "SteeringCompanyAPI_TestData/SteeringCompanyAPI_TestData.xlsx"".
2023-02-07 11:00:48.526 &amp#27;[32m INFO&amp#27;[m &amp#27;[35m[@503 - main]&amp#27;[m &amp#27;[36mcom.shaft.tools.io.ReportManager&amp#27;[m : Successfully created attachment "Test Data - Excel"
2023-02-07 11:00:48.526 &amp#27;[32m INFO&amp#27;[m &amp#27;[35m[@503 - main]&amp#27;[m &amp#27;[36mcom.shaft.tools.io.ReportManager&amp#27;[m : File Action "DoesFileExist" successfully performed. With the following test data "File Path: "SteeringCompanyAPI_TestData/SteeringCompanyAPI_TestData.xlsx"".
2023-02-07 11:00:48.553 &amp#27;[32m INFO&amp#27;[m &amp#27;[35m[@503 - main]&amp#27;[m &amp#27;[36mcom.shaft.tools.io.ReportManager&amp#27;[m : Successfully created attachment "Test Data - Excel"
2023-02-07 11:00:49.047 &amp#27;[32m INFO&amp#27;[m &amp#27;[35m[@503 - main]&amp#27;[m &amp#27;[36mcom.shaft.tools.io.ReportManager&amp#27;[m : Response status code: "401", status line: "HTTP/1.1 401 "
2023-02-07 11:00:49.049 &amp#27;[32m INFO&amp#27;[m &amp#27;[35m[@503 - main]&amp#27;[m &amp#27;[36mcom.shaft.tools.io.ReportManager&amp#27;[m : Successfully created attachment "API Request - Specifications"
2023-02-07 11:00:49.050 &amp#27;[32m INFO&amp#27;[m &amp#27;[35m[@503 - main]&amp#27;[m &amp#27;[36mcom.shaft.tools.io.ReportManager&amp#27;[m : Successfully created attachment "API Response - JSON Body"
2023-02-07 11:00:49.054 &amp#27;[32m INFO&amp#27;[m &amp#27;[35m[@503 - main]&amp#27;[m &amp#27;[36mcom.shaft.tools.io.ReportManager&amp#27;[m : Successfully created attachment "SHAFT Engine Logs - Current Method log: InValid_Get_Payment_Policy_With_InValid_Token_TC"
]]></system-out>
  </testcase>
  <testcase name="InValid_Get_Payment_Policy_With_InValid_Token_TC[[Ljava.lang.Object;@33b7188a](2)" classname="SteeringCompanyAPI_TestCases.Test_Policies_Cases" time="1.619">
    <system-out><![CDATA[2023-02-07 11:00:49.060 &amp#27;[32m INFO&amp#27;[m &amp#27;[35m[@534 - main]&amp#27;[m &amp#27;[36mcom.shaft.tools.io.ReportManager&amp#27;[m : 
################################################################################################################################################
Starting Execution:	"246 out of 107" test cases in the current suite
Test Method:		"SteeringCompanyAPI_TestCases.Test_Policies_Cases.InValid_Get_Payment_Policy_With_InValid_Token_TC"
Test Description:	"TC047 -Policy- Perform Get Payment Policy With Invalid/Expired Token"
################################################################################################################################################
2023-02-07 11:00:49.061 &amp#27;[32m INFO&amp#27;[m &amp#27;[35m[@503 - main]&amp#27;[m &amp#27;[36mcom.shaft.tools.io.ReportManager&amp#27;[m : File Action "DoesFileExist" successfully performed. With the following test data "File Path: "SteeringCompanyAPI_TestData/SteeringCompanyAPI_TestData.xlsx"".
2023-02-07 11:00:49.099 &amp#27;[32m INFO&amp#27;[m &amp#27;[35m[@503 - main]&amp#27;[m &amp#27;[36mcom.shaft.tools.io.ReportManager&amp#27;[m : Successfully created attachment "Test Data - Excel"
2023-02-07 11:00:49.099 &amp#27;[32m INFO&amp#27;[m &amp#27;[35m[@503 - main]&amp#27;[m &amp#27;[36mcom.shaft.tools.io.ReportManager&amp#27;[m : File Action "DoesFileExist" successfully performed. With the following test data "File Path: "SteeringCompanyAPI_TestData/SteeringCompanyAPI_TestData.xlsx"".
2023-02-07 11:00:49.146 &amp#27;[32m INFO&amp#27;[m &amp#27;[35m[@503 - main]&amp#27;[m &amp#27;[36mcom.shaft.tools.io.ReportManager&amp#27;[m : Successfully created attachment "Test Data - Excel"
2023-02-07 11:00:49.146 &amp#27;[32m INFO&amp#27;[m &amp#27;[35m[@503 - main]&amp#27;[m &amp#27;[36mcom.shaft.tools.io.ReportManager&amp#27;[m : File Action "DoesFileExist" successfully performed. With the following test data "File Path: "SteeringCompanyAPI_TestData/SteeringCompanyAPI_TestData.xlsx"".
2023-02-07 11:00:49.169 &amp#27;[32m INFO&amp#27;[m &amp#27;[35m[@503 - main]&amp#27;[m &amp#27;[36mcom.shaft.tools.io.ReportManager&amp#27;[m : Successfully created attachment "Test Data - Excel"
2023-02-07 11:00:50.662 &amp#27;[32m INFO&amp#27;[m &amp#27;[35m[@503 - main]&amp#27;[m &amp#27;[36mcom.shaft.tools.io.ReportManager&amp#27;[m : Response status code: "401", status line: "HTTP/1.1 401 "
2023-02-07 11:00:50.667 &amp#27;[32m INFO&amp#27;[m &amp#27;[35m[@503 - main]&amp#27;[m &amp#27;[36mcom.shaft.tools.io.ReportManager&amp#27;[m : Successfully created attachment "API Request - Specifications"
2023-02-07 11:00:50.672 &amp#27;[32m INFO&amp#27;[m &amp#27;[35m[@503 - main]&amp#27;[m &amp#27;[36mcom.shaft.tools.io.ReportManager&amp#27;[m : Successfully created attachment "API Response - JSON Body"
2023-02-07 11:00:50.675 &amp#27;[32m INFO&amp#27;[m &amp#27;[35m[@503 - main]&amp#27;[m &amp#27;[36mcom.shaft.tools.io.ReportManager&amp#27;[m : Successfully created attachment "SHAFT Engine Logs - Current Method log: InValid_Get_Payment_Policy_With_InValid_Token_TC"
]]></system-out>
  </testcase>
  <testcase name="InValid_Get_Payment_Policy_With_Missing_Token_TC[[Ljava.lang.Object;@1b204db1](1)" classname="SteeringCompanyAPI_TestCases.Test_Policies_Cases" time="0.63">
    <system-out><![CDATA[2023-02-07 11:00:50.687 &amp#27;[32m INFO&amp#27;[m &amp#27;[35m[@534 - main]&amp#27;[m &amp#27;[36mcom.shaft.tools.io.ReportManager&amp#27;[m : 
################################################################################################################################################
Starting Execution:	"247 out of 107" test cases in the current suite
Test Method:		"SteeringCompanyAPI_TestCases.Test_Policies_Cases.InValid_Get_Payment_Policy_With_Missing_Token_TC"
Test Description:	"TC046 -Policy- Perform Get Payment Policy With Missing Token"
################################################################################################################################################
2023-02-07 11:00:50.688 &amp#27;[32m INFO&amp#27;[m &amp#27;[35m[@503 - main]&amp#27;[m &amp#27;[36mcom.shaft.tools.io.ReportManager&amp#27;[m : File Action "DoesFileExist" successfully performed. With the following test data "File Path: "SteeringCompanyAPI_TestData/SteeringCompanyAPI_TestData.xlsx"".
2023-02-07 11:00:50.743 &amp#27;[32m INFO&amp#27;[m &amp#27;[35m[@503 - main]&amp#27;[m &amp#27;[36mcom.shaft.tools.io.ReportManager&amp#27;[m : Successfully created attachment "Test Data - Excel"
2023-02-07 11:00:50.743 &amp#27;[32m INFO&amp#27;[m &amp#27;[35m[@503 - main]&amp#27;[m &amp#27;[36mcom.shaft.tools.io.ReportManager&amp#27;[m : File Action "DoesFileExist" successfully performed. With the following test data "File Path: "SteeringCompanyAPI_TestData/SteeringCompanyAPI_TestData.xlsx"".
2023-02-07 11:00:50.771 &amp#27;[32m INFO&amp#27;[m &amp#27;[35m[@503 - main]&amp#27;[m &amp#27;[36mcom.shaft.tools.io.ReportManager&amp#27;[m : Successfully created attachment "Test Data - Excel"
2023-02-07 11:00:50.771 &amp#27;[32m INFO&amp#27;[m &amp#27;[35m[@503 - main]&amp#27;[m &amp#27;[36mcom.shaft.tools.io.ReportManager&amp#27;[m : File Action "DoesFileExist" successfully performed. With the following test data "File Path: "SteeringCompanyAPI_TestData/SteeringCompanyAPI_TestData.xlsx"".
2023-02-07 11:00:50.789 &amp#27;[32m INFO&amp#27;[m &amp#27;[35m[@503 - main]&amp#27;[m &amp#27;[36mcom.shaft.tools.io.ReportManager&amp#27;[m : Successfully created attachment "Test Data - Excel"
2023-02-07 11:00:51.278 &amp#27;[32m INFO&amp#27;[m &amp#27;[35m[@503 - main]&amp#27;[m &amp#27;[36mcom.shaft.tools.io.ReportManager&amp#27;[m : Response status code: "401", status line: "HTTP/1.1 401 "
2023-02-07 11:00:51.296 &amp#27;[32m INFO&amp#27;[m &amp#27;[35m[@503 - main]&amp#27;[m &amp#27;[36mcom.shaft.tools.io.ReportManager&amp#27;[m : Successfully created attachment "API Request - Specifications"
2023-02-07 11:00:51.297 &amp#27;[32m INFO&amp#27;[m &amp#27;[35m[@503 - main]&amp#27;[m &amp#27;[36mcom.shaft.tools.io.ReportManager&amp#27;[m : Successfully created attachment "API Response - JSON Body"
2023-02-07 11:00:51.299 &amp#27;[32m INFO&amp#27;[m &amp#27;[35m[@503 - main]&amp#27;[m &amp#27;[36mcom.shaft.tools.io.ReportManager&amp#27;[m : File Action "DoesFileExist" successfully performed. With the following test data "File Path: "Schemas/InvalidTokenRequest_Unauthorized_schema.json"".
2023-02-07 11:00:51.299 &amp#27;[32m INFO&amp#27;[m &amp#27;[35m[@503 - main]&amp#27;[m &amp#27;[36mcom.shaft.tools.io.ReportManager&amp#27;[m : File Action "DoesFileExist" successfully performed. With the following test data "File Path: "src/test/resources/testDataFiles/Schemas/InvalidTokenRequest_Unauthorized_schema.json"".
2023-02-07 11:00:51.299 &amp#27;[32m INFO&amp#27;[m &amp#27;[35m[@503 - main]&amp#27;[m &amp#27;[36mcom.shaft.tools.io.ReportManager&amp#27;[m : File Action "GetAbsolutePath" successfully performed. With the following test data "Relative Folder Path: "src/test/resources/testDataFiles/Schemas/InvalidTokenRequest_Unauthorized_schema.json"".
2023-02-07 11:00:51.305 &amp#27;[32m INFO&amp#27;[m &amp#27;[35m[@503 - main]&amp#27;[m &amp#27;[36mcom.shaft.tools.io.ReportManager&amp#27;[m : File Action "DoesFileExist" successfully performed. With the following test data "File Path: "C:\eclipse-workspace\MyProjects\TASystemsAPIs\src\test\resources\testDataFiles\Schemas\InvalidTokenRequest_Unauthorized_schema.json"".
2023-02-07 11:00:51.305 &amp#27;[32m INFO&amp#27;[m &amp#27;[35m[@503 - main]&amp#27;[m &amp#27;[36mcom.shaft.tools.io.ReportManager&amp#27;[m : File Action "GetAbsolutePath" successfully performed. With the following test data "Relative Folder Path: "C:\eclipse-workspace\MyProjects\TASystemsAPIs\src\test\resources\testDataFiles\Schemas\InvalidTokenRequest_Unauthorized_schema.json"".
2023-02-07 11:00:51.307 &amp#27;[32m INFO&amp#27;[m &amp#27;[35m[@503 - main]&amp#27;[m &amp#27;[36mcom.shaft.tools.io.ReportManager&amp#27;[m : File Action "ReadFile" successfully performed. With the following test data "File Path: "C:\eclipse-workspace\MyProjects\TASystemsAPIs\src\test\resources\testDataFiles\Schemas\InvalidTokenRequest_Unauthorized_schema.json"".
2023-02-07 11:00:51.309 &amp#27;[32m INFO&amp#27;[m &amp#27;[35m[@503 - main]&amp#27;[m &amp#27;[36mcom.shaft.tools.io.ReportManager&amp#27;[m : Successfully created attachment "Validation Test Data - Expected JSON Value"
2023-02-07 11:00:51.311 &amp#27;[32m INFO&amp#27;[m &amp#27;[35m[@503 - main]&amp#27;[m &amp#27;[36mcom.shaft.tools.io.ReportManager&amp#27;[m : Successfully created attachment "Validation Test Data - Actual JSON Value"
2023-02-07 11:00:51.313 &amp#27;[32m INFO&amp#27;[m &amp#27;[35m[@503 - main]&amp#27;[m &amp#27;[36mcom.shaft.tools.io.ReportManager&amp#27;[m : Successfully created attachment "SHAFT Engine Logs - Current Method log: InValid_Get_Payment_Policy_With_Missing_Token_TC"
]]></system-out>
  </testcase>
  <testcase name="InValid_Get_Payment_Policy_With_Missing_Token_TC[[Ljava.lang.Object;@7fd0d5de](2)" classname="SteeringCompanyAPI_TestCases.Test_Policies_Cases" time="1.627">
    <system-out><![CDATA[2023-02-07 11:00:51.316 &amp#27;[32m INFO&amp#27;[m &amp#27;[35m[@534 - main]&amp#27;[m &amp#27;[36mcom.shaft.tools.io.ReportManager&amp#27;[m : 
################################################################################################################################################
Starting Execution:	"248 out of 107" test cases in the current suite
Test Method:		"SteeringCompanyAPI_TestCases.Test_Policies_Cases.InValid_Get_Payment_Policy_With_Missing_Token_TC"
Test Description:	"TC046 -Policy- Perform Get Payment Policy With Missing Token"
################################################################################################################################################
2023-02-07 11:00:51.316 &amp#27;[32m INFO&amp#27;[m &amp#27;[35m[@503 - main]&amp#27;[m &amp#27;[36mcom.shaft.tools.io.ReportManager&amp#27;[m : File Action "DoesFileExist" successfully performed. With the following test data "File Path: "SteeringCompanyAPI_TestData/SteeringCompanyAPI_TestData.xlsx"".
2023-02-07 11:00:51.353 &amp#27;[32m INFO&amp#27;[m &amp#27;[35m[@503 - main]&amp#27;[m &amp#27;[36mcom.shaft.tools.io.ReportManager&amp#27;[m : Successfully created attachment "Test Data - Excel"
2023-02-07 11:00:51.353 &amp#27;[32m INFO&amp#27;[m &amp#27;[35m[@503 - main]&amp#27;[m &amp#27;[36mcom.shaft.tools.io.ReportManager&amp#27;[m : File Action "DoesFileExist" successfully performed. With the following test data "File Path: "SteeringCompanyAPI_TestData/SteeringCompanyAPI_TestData.xlsx"".
2023-02-07 11:00:51.376 &amp#27;[32m INFO&amp#27;[m &amp#27;[35m[@503 - main]&amp#27;[m &amp#27;[36mcom.shaft.tools.io.ReportManager&amp#27;[m : Successfully created attachment "Test Data - Excel"
2023-02-07 11:00:51.377 &amp#27;[32m INFO&amp#27;[m &amp#27;[35m[@503 - main]&amp#27;[m &amp#27;[36mcom.shaft.tools.io.ReportManager&amp#27;[m : File Action "DoesFileExist" successfully performed. With the following test data "File Path: "SteeringCompanyAPI_TestData/SteeringCompanyAPI_TestData.xlsx"".
2023-02-07 11:00:51.417 &amp#27;[32m INFO&amp#27;[m &amp#27;[35m[@503 - main]&amp#27;[m &amp#27;[36mcom.shaft.tools.io.ReportManager&amp#27;[m : Successfully created attachment "Test Data - Excel"
2023-02-07 11:00:52.906 &amp#27;[32m INFO&amp#27;[m &amp#27;[35m[@503 - main]&amp#27;[m &amp#27;[36mcom.shaft.tools.io.ReportManager&amp#27;[m : Response status code: "401", status line: "HTTP/1.1 401 "
2023-02-07 11:00:52.925 &amp#27;[32m INFO&amp#27;[m &amp#27;[35m[@503 - main]&amp#27;[m &amp#27;[36mcom.shaft.tools.io.ReportManager&amp#27;[m : Successfully created attachment "API Request - Specifications"
2023-02-07 11:00:52.927 &amp#27;[32m INFO&amp#27;[m &amp#27;[35m[@503 - main]&amp#27;[m &amp#27;[36mcom.shaft.tools.io.ReportManager&amp#27;[m : Successfully created attachment "API Response - JSON Body"
2023-02-07 11:00:52.928 &amp#27;[32m INFO&amp#27;[m &amp#27;[35m[@503 - main]&amp#27;[m &amp#27;[36mcom.shaft.tools.io.ReportManager&amp#27;[m : File Action "DoesFileExist" successfully performed. With the following test data "File Path: "Schemas/InvalidTokenRequest_Unauthorized_schema.json"".
2023-02-07 11:00:52.929 &amp#27;[32m INFO&amp#27;[m &amp#27;[35m[@503 - main]&amp#27;[m &amp#27;[36mcom.shaft.tools.io.ReportManager&amp#27;[m : File Action "DoesFileExist" successfully performed. With the following test data "File Path: "src/test/resources/testDataFiles/Schemas/InvalidTokenRequest_Unauthorized_schema.json"".
2023-02-07 11:00:52.929 &amp#27;[32m INFO&amp#27;[m &amp#27;[35m[@503 - main]&amp#27;[m &amp#27;[36mcom.shaft.tools.io.ReportManager&amp#27;[m : File Action "GetAbsolutePath" successfully performed. With the following test data "Relative Folder Path: "src/test/resources/testDataFiles/Schemas/InvalidTokenRequest_Unauthorized_schema.json"".
2023-02-07 11:00:52.933 &amp#27;[32m INFO&amp#27;[m &amp#27;[35m[@503 - main]&amp#27;[m &amp#27;[36mcom.shaft.tools.io.ReportManager&amp#27;[m : File Action "DoesFileExist" successfully performed. With the following test data "File Path: "C:\eclipse-workspace\MyProjects\TASystemsAPIs\src\test\resources\testDataFiles\Schemas\InvalidTokenRequest_Unauthorized_schema.json"".
2023-02-07 11:00:52.933 &amp#27;[32m INFO&amp#27;[m &amp#27;[35m[@503 - main]&amp#27;[m &amp#27;[36mcom.shaft.tools.io.ReportManager&amp#27;[m : File Action "GetAbsolutePath" successfully performed. With the following test data "Relative Folder Path: "C:\eclipse-workspace\MyProjects\TASystemsAPIs\src\test\resources\testDataFiles\Schemas\InvalidTokenRequest_Unauthorized_schema.json"".
2023-02-07 11:00:52.934 &amp#27;[32m INFO&amp#27;[m &amp#27;[35m[@503 - main]&amp#27;[m &amp#27;[36mcom.shaft.tools.io.ReportManager&amp#27;[m : File Action "ReadFile" successfully performed. With the following test data "File Path: "C:\eclipse-workspace\MyProjects\TASystemsAPIs\src\test\resources\testDataFiles\Schemas\InvalidTokenRequest_Unauthorized_schema.json"".
2023-02-07 11:00:52.938 &amp#27;[32m INFO&amp#27;[m &amp#27;[35m[@503 - main]&amp#27;[m &amp#27;[36mcom.shaft.tools.io.ReportManager&amp#27;[m : Successfully created attachment "Validation Test Data - Expected JSON Value"
2023-02-07 11:00:52.940 &amp#27;[32m INFO&amp#27;[m &amp#27;[35m[@503 - main]&amp#27;[m &amp#27;[36mcom.shaft.tools.io.ReportManager&amp#27;[m : Successfully created attachment "Validation Test Data - Actual JSON Value"
2023-02-07 11:00:52.941 &amp#27;[32m INFO&amp#27;[m &amp#27;[35m[@503 - main]&amp#27;[m &amp#27;[36mcom.shaft.tools.io.ReportManager&amp#27;[m : Successfully created attachment "SHAFT Engine Logs - Current Method log: InValid_Get_Payment_Policy_With_Missing_Token_TC"
]]></system-out>
  </testcase>
  <testcase name="InValid_Get_Tax_Policy_With_InValid_Token_TC[[Ljava.lang.Object;@46fdc4db](1)" classname="SteeringCompanyAPI_TestCases.Test_Policies_Cases" time="0.603">
    <system-out><![CDATA[2023-02-07 11:00:52.953 &amp#27;[32m INFO&amp#27;[m &amp#27;[35m[@534 - main]&amp#27;[m &amp#27;[36mcom.shaft.tools.io.ReportManager&amp#27;[m : 
################################################################################################################################################
Starting Execution:	"249 out of 107" test cases in the current suite
Test Method:		"SteeringCompanyAPI_TestCases.Test_Policies_Cases.InValid_Get_Tax_Policy_With_InValid_Token_TC"
Test Description:	"TC043 -Policy- Perform Get Tax Policy With InValid/Expired Token"
################################################################################################################################################
2023-02-07 11:00:52.953 &amp#27;[32m INFO&amp#27;[m &amp#27;[35m[@503 - main]&amp#27;[m &amp#27;[36mcom.shaft.tools.io.ReportManager&amp#27;[m : File Action "DoesFileExist" successfully performed. With the following test data "File Path: "SteeringCompanyAPI_TestData/SteeringCompanyAPI_TestData.xlsx"".
2023-02-07 11:00:52.998 &amp#27;[32m INFO&amp#27;[m &amp#27;[35m[@503 - main]&amp#27;[m &amp#27;[36mcom.shaft.tools.io.ReportManager&amp#27;[m : Successfully created attachment "Test Data - Excel"
2023-02-07 11:00:52.999 &amp#27;[32m INFO&amp#27;[m &amp#27;[35m[@503 - main]&amp#27;[m &amp#27;[36mcom.shaft.tools.io.ReportManager&amp#27;[m : File Action "DoesFileExist" successfully performed. With the following test data "File Path: "SteeringCompanyAPI_TestData/SteeringCompanyAPI_TestData.xlsx"".
2023-02-07 11:00:53.034 &amp#27;[32m INFO&amp#27;[m &amp#27;[35m[@503 - main]&amp#27;[m &amp#27;[36mcom.shaft.tools.io.ReportManager&amp#27;[m : Successfully created attachment "Test Data - Excel"
2023-02-07 11:00:53.034 &amp#27;[32m INFO&amp#27;[m &amp#27;[35m[@503 - main]&amp#27;[m &amp#27;[36mcom.shaft.tools.io.ReportManager&amp#27;[m : File Action "DoesFileExist" successfully performed. With the following test data "File Path: "SteeringCompanyAPI_TestData/SteeringCompanyAPI_TestData.xlsx"".
2023-02-07 11:00:53.058 &amp#27;[32m INFO&amp#27;[m &amp#27;[35m[@503 - main]&amp#27;[m &amp#27;[36mcom.shaft.tools.io.ReportManager&amp#27;[m : Successfully created attachment "Test Data - Excel"
2023-02-07 11:00:53.543 &amp#27;[32m INFO&amp#27;[m &amp#27;[35m[@503 - main]&amp#27;[m &amp#27;[36mcom.shaft.tools.io.ReportManager&amp#27;[m : Response status code: "401", status line: "HTTP/1.1 401 "
2023-02-07 11:00:53.547 &amp#27;[32m INFO&amp#27;[m &amp#27;[35m[@503 - main]&amp#27;[m &amp#27;[36mcom.shaft.tools.io.ReportManager&amp#27;[m : Successfully created attachment "API Request - Specifications"
2023-02-07 11:00:53.549 &amp#27;[32m INFO&amp#27;[m &amp#27;[35m[@503 - main]&amp#27;[m &amp#27;[36mcom.shaft.tools.io.ReportManager&amp#27;[m : Successfully created attachment "API Response - JSON Body"
2023-02-07 11:00:53.552 &amp#27;[32m INFO&amp#27;[m &amp#27;[35m[@503 - main]&amp#27;[m &amp#27;[36mcom.shaft.tools.io.ReportManager&amp#27;[m : Successfully created attachment "SHAFT Engine Logs - Current Method log: InValid_Get_Tax_Policy_With_InValid_Token_TC"
]]></system-out>
  </testcase>
  <testcase name="InValid_Get_Tax_Policy_With_InValid_Token_TC[[Ljava.lang.Object;@49bb4c5c](2)" classname="SteeringCompanyAPI_TestCases.Test_Policies_Cases" time="0.61">
    <system-out><![CDATA[2023-02-07 11:00:53.556 &amp#27;[32m INFO&amp#27;[m &amp#27;[35m[@534 - main]&amp#27;[m &amp#27;[36mcom.shaft.tools.io.ReportManager&amp#27;[m : 
################################################################################################################################################
Starting Execution:	"250 out of 107" test cases in the current suite
Test Method:		"SteeringCompanyAPI_TestCases.Test_Policies_Cases.InValid_Get_Tax_Policy_With_InValid_Token_TC"
Test Description:	"TC043 -Policy- Perform Get Tax Policy With InValid/Expired Token"
################################################################################################################################################
2023-02-07 11:00:53.557 &amp#27;[32m INFO&amp#27;[m &amp#27;[35m[@503 - main]&amp#27;[m &amp#27;[36mcom.shaft.tools.io.ReportManager&amp#27;[m : File Action "DoesFileExist" successfully performed. With the following test data "File Path: "SteeringCompanyAPI_TestData/SteeringCompanyAPI_TestData.xlsx"".
2023-02-07 11:00:53.593 &amp#27;[32m INFO&amp#27;[m &amp#27;[35m[@503 - main]&amp#27;[m &amp#27;[36mcom.shaft.tools.io.ReportManager&amp#27;[m : Successfully created attachment "Test Data - Excel"
2023-02-07 11:00:53.594 &amp#27;[32m INFO&amp#27;[m &amp#27;[35m[@503 - main]&amp#27;[m &amp#27;[36mcom.shaft.tools.io.ReportManager&amp#27;[m : File Action "DoesFileExist" successfully performed. With the following test data "File Path: "SteeringCompanyAPI_TestData/SteeringCompanyAPI_TestData.xlsx"".
2023-02-07 11:00:53.614 &amp#27;[32m INFO&amp#27;[m &amp#27;[35m[@503 - main]&amp#27;[m &amp#27;[36mcom.shaft.tools.io.ReportManager&amp#27;[m : Successfully created attachment "Test Data - Excel"
2023-02-07 11:00:53.614 &amp#27;[32m INFO&amp#27;[m &amp#27;[35m[@503 - main]&amp#27;[m &amp#27;[36mcom.shaft.tools.io.ReportManager&amp#27;[m : File Action "DoesFileExist" successfully performed. With the following test data "File Path: "SteeringCompanyAPI_TestData/SteeringCompanyAPI_TestData.xlsx"".
2023-02-07 11:00:53.654 &amp#27;[32m INFO&amp#27;[m &amp#27;[35m[@503 - main]&amp#27;[m &amp#27;[36mcom.shaft.tools.io.ReportManager&amp#27;[m : Successfully created attachment "Test Data - Excel"
2023-02-07 11:00:54.153 &amp#27;[32m INFO&amp#27;[m &amp#27;[35m[@503 - main]&amp#27;[m &amp#27;[36mcom.shaft.tools.io.ReportManager&amp#27;[m : Response status code: "401", status line: "HTTP/1.1 401 "
2023-02-07 11:00:54.156 &amp#27;[32m INFO&amp#27;[m &amp#27;[35m[@503 - main]&amp#27;[m &amp#27;[36mcom.shaft.tools.io.ReportManager&amp#27;[m : Successfully created attachment "API Request - Specifications"
2023-02-07 11:00:54.159 &amp#27;[32m INFO&amp#27;[m &amp#27;[35m[@503 - main]&amp#27;[m &amp#27;[36mcom.shaft.tools.io.ReportManager&amp#27;[m : Successfully created attachment "API Response - JSON Body"
2023-02-07 11:00:54.162 &amp#27;[32m INFO&amp#27;[m &amp#27;[35m[@503 - main]&amp#27;[m &amp#27;[36mcom.shaft.tools.io.ReportManager&amp#27;[m : Successfully created attachment "SHAFT Engine Logs - Current Method log: InValid_Get_Tax_Policy_With_InValid_Token_TC"
]]></system-out>
  </testcase>
  <testcase name="InValid_Get_Tax_Policy_With_Missing_Token_TC[[Ljava.lang.Object;@1046baec](1)" classname="SteeringCompanyAPI_TestCases.Test_Policies_Cases" time="0.634">
    <system-out><![CDATA[2023-02-07 11:00:54.176 &amp#27;[32m INFO&amp#27;[m &amp#27;[35m[@534 - main]&amp#27;[m &amp#27;[36mcom.shaft.tools.io.ReportManager&amp#27;[m : 
################################################################################################################################################
Starting Execution:	"251 out of 107" test cases in the current suite
Test Method:		"SteeringCompanyAPI_TestCases.Test_Policies_Cases.InValid_Get_Tax_Policy_With_Missing_Token_TC"
Test Description:	"TC042 -Policy- Perform Get Tax Policy With Missing Token"
################################################################################################################################################
2023-02-07 11:00:54.176 &amp#27;[32m INFO&amp#27;[m &amp#27;[35m[@503 - main]&amp#27;[m &amp#27;[36mcom.shaft.tools.io.ReportManager&amp#27;[m : File Action "DoesFileExist" successfully performed. With the following test data "File Path: "SteeringCompanyAPI_TestData/SteeringCompanyAPI_TestData.xlsx"".
2023-02-07 11:00:54.220 &amp#27;[32m INFO&amp#27;[m &amp#27;[35m[@503 - main]&amp#27;[m &amp#27;[36mcom.shaft.tools.io.ReportManager&amp#27;[m : Successfully created attachment "Test Data - Excel"
2023-02-07 11:00:54.222 &amp#27;[32m INFO&amp#27;[m &amp#27;[35m[@503 - main]&amp#27;[m &amp#27;[36mcom.shaft.tools.io.ReportManager&amp#27;[m : File Action "DoesFileExist" successfully performed. With the following test data "File Path: "SteeringCompanyAPI_TestData/SteeringCompanyAPI_TestData.xlsx"".
2023-02-07 11:00:54.258 &amp#27;[32m INFO&amp#27;[m &amp#27;[35m[@503 - main]&amp#27;[m &amp#27;[36mcom.shaft.tools.io.ReportManager&amp#27;[m : Successfully created attachment "Test Data - Excel"
2023-02-07 11:00:54.258 &amp#27;[32m INFO&amp#27;[m &amp#27;[35m[@503 - main]&amp#27;[m &amp#27;[36mcom.shaft.tools.io.ReportManager&amp#27;[m : File Action "DoesFileExist" successfully performed. With the following test data "File Path: "SteeringCompanyAPI_TestData/SteeringCompanyAPI_TestData.xlsx"".
2023-02-07 11:00:54.299 &amp#27;[32m INFO&amp#27;[m &amp#27;[35m[@503 - main]&amp#27;[m &amp#27;[36mcom.shaft.tools.io.ReportManager&amp#27;[m : Successfully created attachment "Test Data - Excel"
2023-02-07 11:00:54.768 &amp#27;[32m INFO&amp#27;[m &amp#27;[35m[@503 - main]&amp#27;[m &amp#27;[36mcom.shaft.tools.io.ReportManager&amp#27;[m : Response status code: "401", status line: "HTTP/1.1 401 "
2023-02-07 11:00:54.784 &amp#27;[32m INFO&amp#27;[m &amp#27;[35m[@503 - main]&amp#27;[m &amp#27;[36mcom.shaft.tools.io.ReportManager&amp#27;[m : Successfully created attachment "API Request - Specifications"
2023-02-07 11:00:54.788 &amp#27;[32m INFO&amp#27;[m &amp#27;[35m[@503 - main]&amp#27;[m &amp#27;[36mcom.shaft.tools.io.ReportManager&amp#27;[m : Successfully created attachment "API Response - JSON Body"
2023-02-07 11:00:54.790 &amp#27;[32m INFO&amp#27;[m &amp#27;[35m[@503 - main]&amp#27;[m &amp#27;[36mcom.shaft.tools.io.ReportManager&amp#27;[m : File Action "DoesFileExist" successfully performed. With the following test data "File Path: "Schemas/InvalidTokenRequest_Unauthorized_schema.json"".
2023-02-07 11:00:54.791 &amp#27;[32m INFO&amp#27;[m &amp#27;[35m[@503 - main]&amp#27;[m &amp#27;[36mcom.shaft.tools.io.ReportManager&amp#27;[m : File Action "DoesFileExist" successfully performed. With the following test data "File Path: "src/test/resources/testDataFiles/Schemas/InvalidTokenRequest_Unauthorized_schema.json"".
2023-02-07 11:00:54.791 &amp#27;[32m INFO&amp#27;[m &amp#27;[35m[@503 - main]&amp#27;[m &amp#27;[36mcom.shaft.tools.io.ReportManager&amp#27;[m : File Action "GetAbsolutePath" successfully performed. With the following test data "Relative Folder Path: "src/test/resources/testDataFiles/Schemas/InvalidTokenRequest_Unauthorized_schema.json"".
2023-02-07 11:00:54.795 &amp#27;[32m INFO&amp#27;[m &amp#27;[35m[@503 - main]&amp#27;[m &amp#27;[36mcom.shaft.tools.io.ReportManager&amp#27;[m : File Action "DoesFileExist" successfully performed. With the following test data "File Path: "C:\eclipse-workspace\MyProjects\TASystemsAPIs\src\test\resources\testDataFiles\Schemas\InvalidTokenRequest_Unauthorized_schema.json"".
2023-02-07 11:00:54.795 &amp#27;[32m INFO&amp#27;[m &amp#27;[35m[@503 - main]&amp#27;[m &amp#27;[36mcom.shaft.tools.io.ReportManager&amp#27;[m : File Action "GetAbsolutePath" successfully performed. With the following test data "Relative Folder Path: "C:\eclipse-workspace\MyProjects\TASystemsAPIs\src\test\resources\testDataFiles\Schemas\InvalidTokenRequest_Unauthorized_schema.json"".
2023-02-07 11:00:54.796 &amp#27;[32m INFO&amp#27;[m &amp#27;[35m[@503 - main]&amp#27;[m &amp#27;[36mcom.shaft.tools.io.ReportManager&amp#27;[m : File Action "ReadFile" successfully performed. With the following test data "File Path: "C:\eclipse-workspace\MyProjects\TASystemsAPIs\src\test\resources\testDataFiles\Schemas\InvalidTokenRequest_Unauthorized_schema.json"".
2023-02-07 11:00:54.798 &amp#27;[32m INFO&amp#27;[m &amp#27;[35m[@503 - main]&amp#27;[m &amp#27;[36mcom.shaft.tools.io.ReportManager&amp#27;[m : Successfully created attachment "Validation Test Data - Expected JSON Value"
2023-02-07 11:00:54.801 &amp#27;[32m INFO&amp#27;[m &amp#27;[35m[@503 - main]&amp#27;[m &amp#27;[36mcom.shaft.tools.io.ReportManager&amp#27;[m : Successfully created attachment "Validation Test Data - Actual JSON Value"
2023-02-07 11:00:54.805 &amp#27;[32m INFO&amp#27;[m &amp#27;[35m[@503 - main]&amp#27;[m &amp#27;[36mcom.shaft.tools.io.ReportManager&amp#27;[m : Successfully created attachment "SHAFT Engine Logs - Current Method log: InValid_Get_Tax_Policy_With_Missing_Token_TC"
]]></system-out>
  </testcase>
  <testcase name="InValid_Get_Tax_Policy_With_Missing_Token_TC[[Ljava.lang.Object;@312ffa92](2)" classname="SteeringCompanyAPI_TestCases.Test_Policies_Cases" time="0.625">
    <system-out><![CDATA[2023-02-07 11:00:54.811 &amp#27;[32m INFO&amp#27;[m &amp#27;[35m[@534 - main]&amp#27;[m &amp#27;[36mcom.shaft.tools.io.ReportManager&amp#27;[m : 
################################################################################################################################################
Starting Execution:	"252 out of 107" test cases in the current suite
Test Method:		"SteeringCompanyAPI_TestCases.Test_Policies_Cases.InValid_Get_Tax_Policy_With_Missing_Token_TC"
Test Description:	"TC042 -Policy- Perform Get Tax Policy With Missing Token"
################################################################################################################################################
2023-02-07 11:00:54.812 &amp#27;[32m INFO&amp#27;[m &amp#27;[35m[@503 - main]&amp#27;[m &amp#27;[36mcom.shaft.tools.io.ReportManager&amp#27;[m : File Action "DoesFileExist" successfully performed. With the following test data "File Path: "SteeringCompanyAPI_TestData/SteeringCompanyAPI_TestData.xlsx"".
2023-02-07 11:00:54.852 &amp#27;[32m INFO&amp#27;[m &amp#27;[35m[@503 - main]&amp#27;[m &amp#27;[36mcom.shaft.tools.io.ReportManager&amp#27;[m : Successfully created attachment "Test Data - Excel"
2023-02-07 11:00:54.852 &amp#27;[32m INFO&amp#27;[m &amp#27;[35m[@503 - main]&amp#27;[m &amp#27;[36mcom.shaft.tools.io.ReportManager&amp#27;[m : File Action "DoesFileExist" successfully performed. With the following test data "File Path: "SteeringCompanyAPI_TestData/SteeringCompanyAPI_TestData.xlsx"".
2023-02-07 11:00:54.884 &amp#27;[32m INFO&amp#27;[m &amp#27;[35m[@503 - main]&amp#27;[m &amp#27;[36mcom.shaft.tools.io.ReportManager&amp#27;[m : Successfully created attachment "Test Data - Excel"
2023-02-07 11:00:54.884 &amp#27;[32m INFO&amp#27;[m &amp#27;[35m[@503 - main]&amp#27;[m &amp#27;[36mcom.shaft.tools.io.ReportManager&amp#27;[m : File Action "DoesFileExist" successfully performed. With the following test data "File Path: "SteeringCompanyAPI_TestData/SteeringCompanyAPI_TestData.xlsx"".
2023-02-07 11:00:54.914 &amp#27;[32m INFO&amp#27;[m &amp#27;[35m[@503 - main]&amp#27;[m &amp#27;[36mcom.shaft.tools.io.ReportManager&amp#27;[m : Successfully created attachment "Test Data - Excel"
2023-02-07 11:00:55.393 &amp#27;[32m INFO&amp#27;[m &amp#27;[35m[@503 - main]&amp#27;[m &amp#27;[36mcom.shaft.tools.io.ReportManager&amp#27;[m : Response status code: "401", status line: "HTTP/1.1 401 "
2023-02-07 11:00:55.415 &amp#27;[32m INFO&amp#27;[m &amp#27;[35m[@503 - main]&amp#27;[m &amp#27;[36mcom.shaft.tools.io.ReportManager&amp#27;[m : Successfully created attachment "API Request - Specifications"
2023-02-07 11:00:55.417 &amp#27;[32m INFO&amp#27;[m &amp#27;[35m[@503 - main]&amp#27;[m &amp#27;[36mcom.shaft.tools.io.ReportManager&amp#27;[m : Successfully created attachment "API Response - JSON Body"
2023-02-07 11:00:55.419 &amp#27;[32m INFO&amp#27;[m &amp#27;[35m[@503 - main]&amp#27;[m &amp#27;[36mcom.shaft.tools.io.ReportManager&amp#27;[m : File Action "DoesFileExist" successfully performed. With the following test data "File Path: "Schemas/InvalidTokenRequest_Unauthorized_schema.json"".
2023-02-07 11:00:55.419 &amp#27;[32m INFO&amp#27;[m &amp#27;[35m[@503 - main]&amp#27;[m &amp#27;[36mcom.shaft.tools.io.ReportManager&amp#27;[m : File Action "DoesFileExist" successfully performed. With the following test data "File Path: "src/test/resources/testDataFiles/Schemas/InvalidTokenRequest_Unauthorized_schema.json"".
2023-02-07 11:00:55.420 &amp#27;[32m INFO&amp#27;[m &amp#27;[35m[@503 - main]&amp#27;[m &amp#27;[36mcom.shaft.tools.io.ReportManager&amp#27;[m : File Action "GetAbsolutePath" successfully performed. With the following test data "Relative Folder Path: "src/test/resources/testDataFiles/Schemas/InvalidTokenRequest_Unauthorized_schema.json"".
2023-02-07 11:00:55.423 &amp#27;[32m INFO&amp#27;[m &amp#27;[35m[@503 - main]&amp#27;[m &amp#27;[36mcom.shaft.tools.io.ReportManager&amp#27;[m : File Action "DoesFileExist" successfully performed. With the following test data "File Path: "C:\eclipse-workspace\MyProjects\TASystemsAPIs\src\test\resources\testDataFiles\Schemas\InvalidTokenRequest_Unauthorized_schema.json"".
2023-02-07 11:00:55.424 &amp#27;[32m INFO&amp#27;[m &amp#27;[35m[@503 - main]&amp#27;[m &amp#27;[36mcom.shaft.tools.io.ReportManager&amp#27;[m : File Action "GetAbsolutePath" successfully performed. With the following test data "Relative Folder Path: "C:\eclipse-workspace\MyProjects\TASystemsAPIs\src\test\resources\testDataFiles\Schemas\InvalidTokenRequest_Unauthorized_schema.json"".
2023-02-07 11:00:55.424 &amp#27;[32m INFO&amp#27;[m &amp#27;[35m[@503 - main]&amp#27;[m &amp#27;[36mcom.shaft.tools.io.ReportManager&amp#27;[m : File Action "ReadFile" successfully performed. With the following test data "File Path: "C:\eclipse-workspace\MyProjects\TASystemsAPIs\src\test\resources\testDataFiles\Schemas\InvalidTokenRequest_Unauthorized_schema.json"".
2023-02-07 11:00:55.427 &amp#27;[32m INFO&amp#27;[m &amp#27;[35m[@503 - main]&amp#27;[m &amp#27;[36mcom.shaft.tools.io.ReportManager&amp#27;[m : Successfully created attachment "Validation Test Data - Expected JSON Value"
2023-02-07 11:00:55.428 &amp#27;[32m INFO&amp#27;[m &amp#27;[35m[@503 - main]&amp#27;[m &amp#27;[36mcom.shaft.tools.io.ReportManager&amp#27;[m : Successfully created attachment "Validation Test Data - Actual JSON Value"
2023-02-07 11:00:55.431 &amp#27;[32m INFO&amp#27;[m &amp#27;[35m[@503 - main]&amp#27;[m &amp#27;[36mcom.shaft.tools.io.ReportManager&amp#27;[m : Successfully created attachment "SHAFT Engine Logs - Current Method log: InValid_Get_Tax_Policy_With_Missing_Token_TC"
]]></system-out>
  </testcase>
  <testcase name="InValid_Get_Usage_Policy_With_InValid_Token_TC[[Ljava.lang.Object;@3f16b11e](1)" classname="SteeringCompanyAPI_TestCases.Test_Policies_Cases" time="0.605">
    <system-out><![CDATA[2023-02-07 11:00:55.449 &amp#27;[32m INFO&amp#27;[m &amp#27;[35m[@534 - main]&amp#27;[m &amp#27;[36mcom.shaft.tools.io.ReportManager&amp#27;[m : 
################################################################################################################################################
Starting Execution:	"253 out of 107" test cases in the current suite
Test Method:		"SteeringCompanyAPI_TestCases.Test_Policies_Cases.InValid_Get_Usage_Policy_With_InValid_Token_TC"
Test Description:	"TC045 -Policy- Perform Get Usage Policy With InValid/Expired Token"
################################################################################################################################################
2023-02-07 11:00:55.450 &amp#27;[32m INFO&amp#27;[m &amp#27;[35m[@503 - main]&amp#27;[m &amp#27;[36mcom.shaft.tools.io.ReportManager&amp#27;[m : File Action "DoesFileExist" successfully performed. With the following test data "File Path: "SteeringCompanyAPI_TestData/SteeringCompanyAPI_TestData.xlsx"".
2023-02-07 11:00:55.496 &amp#27;[32m INFO&amp#27;[m &amp#27;[35m[@503 - main]&amp#27;[m &amp#27;[36mcom.shaft.tools.io.ReportManager&amp#27;[m : Successfully created attachment "Test Data - Excel"
2023-02-07 11:00:55.496 &amp#27;[32m INFO&amp#27;[m &amp#27;[35m[@503 - main]&amp#27;[m &amp#27;[36mcom.shaft.tools.io.ReportManager&amp#27;[m : File Action "DoesFileExist" successfully performed. With the following test data "File Path: "SteeringCompanyAPI_TestData/SteeringCompanyAPI_TestData.xlsx"".
2023-02-07 11:00:55.527 &amp#27;[32m INFO&amp#27;[m &amp#27;[35m[@503 - main]&amp#27;[m &amp#27;[36mcom.shaft.tools.io.ReportManager&amp#27;[m : Successfully created attachment "Test Data - Excel"
2023-02-07 11:00:55.527 &amp#27;[32m INFO&amp#27;[m &amp#27;[35m[@503 - main]&amp#27;[m &amp#27;[36mcom.shaft.tools.io.ReportManager&amp#27;[m : File Action "DoesFileExist" successfully performed. With the following test data "File Path: "SteeringCompanyAPI_TestData/SteeringCompanyAPI_TestData.xlsx"".
2023-02-07 11:00:55.563 &amp#27;[32m INFO&amp#27;[m &amp#27;[35m[@503 - main]&amp#27;[m &amp#27;[36mcom.shaft.tools.io.ReportManager&amp#27;[m : Successfully created attachment "Test Data - Excel"
2023-02-07 11:00:56.040 &amp#27;[32m INFO&amp#27;[m &amp#27;[35m[@503 - main]&amp#27;[m &amp#27;[36mcom.shaft.tools.io.ReportManager&amp#27;[m : Response status code: "401", status line: "HTTP/1.1 401 "
2023-02-07 11:00:56.044 &amp#27;[32m INFO&amp#27;[m &amp#27;[35m[@503 - main]&amp#27;[m &amp#27;[36mcom.shaft.tools.io.ReportManager&amp#27;[m : Successfully created attachment "API Request - Specifications"
2023-02-07 11:00:56.047 &amp#27;[32m INFO&amp#27;[m &amp#27;[35m[@503 - main]&amp#27;[m &amp#27;[36mcom.shaft.tools.io.ReportManager&amp#27;[m : Successfully created attachment "API Response - JSON Body"
2023-02-07 11:00:56.049 &amp#27;[32m INFO&amp#27;[m &amp#27;[35m[@503 - main]&amp#27;[m &amp#27;[36mcom.shaft.tools.io.ReportManager&amp#27;[m : Successfully created attachment "SHAFT Engine Logs - Current Method log: InValid_Get_Usage_Policy_With_InValid_Token_TC"
]]></system-out>
  </testcase>
  <testcase name="InValid_Get_Usage_Policy_With_InValid_Token_TC[[Ljava.lang.Object;@2e1940b](2)" classname="SteeringCompanyAPI_TestCases.Test_Policies_Cases" time="0.574">
    <system-out><![CDATA[2023-02-07 11:00:56.055 &amp#27;[32m INFO&amp#27;[m &amp#27;[35m[@534 - main]&amp#27;[m &amp#27;[36mcom.shaft.tools.io.ReportManager&amp#27;[m : 
################################################################################################################################################
Starting Execution:	"254 out of 107" test cases in the current suite
Test Method:		"SteeringCompanyAPI_TestCases.Test_Policies_Cases.InValid_Get_Usage_Policy_With_InValid_Token_TC"
Test Description:	"TC045 -Policy- Perform Get Usage Policy With InValid/Expired Token"
################################################################################################################################################
2023-02-07 11:00:56.056 &amp#27;[32m INFO&amp#27;[m &amp#27;[35m[@503 - main]&amp#27;[m &amp#27;[36mcom.shaft.tools.io.ReportManager&amp#27;[m : File Action "DoesFileExist" successfully performed. With the following test data "File Path: "SteeringCompanyAPI_TestData/SteeringCompanyAPI_TestData.xlsx"".
2023-02-07 11:00:56.092 &amp#27;[32m INFO&amp#27;[m &amp#27;[35m[@503 - main]&amp#27;[m &amp#27;[36mcom.shaft.tools.io.ReportManager&amp#27;[m : Successfully created attachment "Test Data - Excel"
2023-02-07 11:00:56.092 &amp#27;[32m INFO&amp#27;[m &amp#27;[35m[@503 - main]&amp#27;[m &amp#27;[36mcom.shaft.tools.io.ReportManager&amp#27;[m : File Action "DoesFileExist" successfully performed. With the following test data "File Path: "SteeringCompanyAPI_TestData/SteeringCompanyAPI_TestData.xlsx"".
2023-02-07 11:00:56.116 &amp#27;[32m INFO&amp#27;[m &amp#27;[35m[@503 - main]&amp#27;[m &amp#27;[36mcom.shaft.tools.io.ReportManager&amp#27;[m : Successfully created attachment "Test Data - Excel"
2023-02-07 11:00:56.116 &amp#27;[32m INFO&amp#27;[m &amp#27;[35m[@503 - main]&amp#27;[m &amp#27;[36mcom.shaft.tools.io.ReportManager&amp#27;[m : File Action "DoesFileExist" successfully performed. With the following test data "File Path: "SteeringCompanyAPI_TestData/SteeringCompanyAPI_TestData.xlsx"".
2023-02-07 11:00:56.139 &amp#27;[32m INFO&amp#27;[m &amp#27;[35m[@503 - main]&amp#27;[m &amp#27;[36mcom.shaft.tools.io.ReportManager&amp#27;[m : Successfully created attachment "Test Data - Excel"
2023-02-07 11:00:56.614 &amp#27;[32m INFO&amp#27;[m &amp#27;[35m[@503 - main]&amp#27;[m &amp#27;[36mcom.shaft.tools.io.ReportManager&amp#27;[m : Response status code: "401", status line: "HTTP/1.1 401 "
2023-02-07 11:00:56.617 &amp#27;[32m INFO&amp#27;[m &amp#27;[35m[@503 - main]&amp#27;[m &amp#27;[36mcom.shaft.tools.io.ReportManager&amp#27;[m : Successfully created attachment "API Request - Specifications"
2023-02-07 11:00:56.621 &amp#27;[32m INFO&amp#27;[m &amp#27;[35m[@503 - main]&amp#27;[m &amp#27;[36mcom.shaft.tools.io.ReportManager&amp#27;[m : Successfully created attachment "API Response - JSON Body"
2023-02-07 11:00:56.624 &amp#27;[32m INFO&amp#27;[m &amp#27;[35m[@503 - main]&amp#27;[m &amp#27;[36mcom.shaft.tools.io.ReportManager&amp#27;[m : Successfully created attachment "SHAFT Engine Logs - Current Method log: InValid_Get_Usage_Policy_With_InValid_Token_TC"
]]></system-out>
  </testcase>
  <testcase name="InValid_Get_Usage_Policy_With_Missing_Token_TC[[Ljava.lang.Object;@4b4800b6](1)" classname="SteeringCompanyAPI_TestCases.Test_Policies_Cases" time="0.639">
    <system-out><![CDATA[2023-02-07 11:00:56.636 &amp#27;[32m INFO&amp#27;[m &amp#27;[35m[@534 - main]&amp#27;[m &amp#27;[36mcom.shaft.tools.io.ReportManager&amp#27;[m : 
################################################################################################################################################
Starting Execution:	"255 out of 107" test cases in the current suite
Test Method:		"SteeringCompanyAPI_TestCases.Test_Policies_Cases.InValid_Get_Usage_Policy_With_Missing_Token_TC"
Test Description:	"TC044 -Policy- Perform Get Usage Policy With Missing Token"
################################################################################################################################################
2023-02-07 11:00:56.637 &amp#27;[32m INFO&amp#27;[m &amp#27;[35m[@503 - main]&amp#27;[m &amp#27;[36mcom.shaft.tools.io.ReportManager&amp#27;[m : File Action "DoesFileExist" successfully performed. With the following test data "File Path: "SteeringCompanyAPI_TestData/SteeringCompanyAPI_TestData.xlsx"".
2023-02-07 11:00:56.674 &amp#27;[32m INFO&amp#27;[m &amp#27;[35m[@503 - main]&amp#27;[m &amp#27;[36mcom.shaft.tools.io.ReportManager&amp#27;[m : Successfully created attachment "Test Data - Excel"
2023-02-07 11:00:56.674 &amp#27;[32m INFO&amp#27;[m &amp#27;[35m[@503 - main]&amp#27;[m &amp#27;[36mcom.shaft.tools.io.ReportManager&amp#27;[m : File Action "DoesFileExist" successfully performed. With the following test data "File Path: "SteeringCompanyAPI_TestData/SteeringCompanyAPI_TestData.xlsx"".
2023-02-07 11:00:56.720 &amp#27;[32m INFO&amp#27;[m &amp#27;[35m[@503 - main]&amp#27;[m &amp#27;[36mcom.shaft.tools.io.ReportManager&amp#27;[m : Successfully created attachment "Test Data - Excel"
2023-02-07 11:00:56.720 &amp#27;[32m INFO&amp#27;[m &amp#27;[35m[@503 - main]&amp#27;[m &amp#27;[36mcom.shaft.tools.io.ReportManager&amp#27;[m : File Action "DoesFileExist" successfully performed. With the following test data "File Path: "SteeringCompanyAPI_TestData/SteeringCompanyAPI_TestData.xlsx"".
2023-02-07 11:00:56.766 &amp#27;[32m INFO&amp#27;[m &amp#27;[35m[@503 - main]&amp#27;[m &amp#27;[36mcom.shaft.tools.io.ReportManager&amp#27;[m : Successfully created attachment "Test Data - Excel"
2023-02-07 11:00:57.248 &amp#27;[32m INFO&amp#27;[m &amp#27;[35m[@503 - main]&amp#27;[m &amp#27;[36mcom.shaft.tools.io.ReportManager&amp#27;[m : Response status code: "401", status line: "HTTP/1.1 401 "
2023-02-07 11:00:57.261 &amp#27;[32m INFO&amp#27;[m &amp#27;[35m[@503 - main]&amp#27;[m &amp#27;[36mcom.shaft.tools.io.ReportManager&amp#27;[m : Successfully created attachment "API Request - Specifications"
2023-02-07 11:00:57.262 &amp#27;[32m INFO&amp#27;[m &amp#27;[35m[@503 - main]&amp#27;[m &amp#27;[36mcom.shaft.tools.io.ReportManager&amp#27;[m : Successfully created attachment "API Response - JSON Body"
2023-02-07 11:00:57.263 &amp#27;[32m INFO&amp#27;[m &amp#27;[35m[@503 - main]&amp#27;[m &amp#27;[36mcom.shaft.tools.io.ReportManager&amp#27;[m : File Action "DoesFileExist" successfully performed. With the following test data "File Path: "Schemas/InvalidTokenRequest_Unauthorized_schema.json"".
2023-02-07 11:00:57.263 &amp#27;[32m INFO&amp#27;[m &amp#27;[35m[@503 - main]&amp#27;[m &amp#27;[36mcom.shaft.tools.io.ReportManager&amp#27;[m : File Action "DoesFileExist" successfully performed. With the following test data "File Path: "src/test/resources/testDataFiles/Schemas/InvalidTokenRequest_Unauthorized_schema.json"".
2023-02-07 11:00:57.263 &amp#27;[32m INFO&amp#27;[m &amp#27;[35m[@503 - main]&amp#27;[m &amp#27;[36mcom.shaft.tools.io.ReportManager&amp#27;[m : File Action "GetAbsolutePath" successfully performed. With the following test data "Relative Folder Path: "src/test/resources/testDataFiles/Schemas/InvalidTokenRequest_Unauthorized_schema.json"".
2023-02-07 11:00:57.264 &amp#27;[32m INFO&amp#27;[m &amp#27;[35m[@503 - main]&amp#27;[m &amp#27;[36mcom.shaft.tools.io.ReportManager&amp#27;[m : File Action "DoesFileExist" successfully performed. With the following test data "File Path: "C:\eclipse-workspace\MyProjects\TASystemsAPIs\src\test\resources\testDataFiles\Schemas\InvalidTokenRequest_Unauthorized_schema.json"".
2023-02-07 11:00:57.264 &amp#27;[32m INFO&amp#27;[m &amp#27;[35m[@503 - main]&amp#27;[m &amp#27;[36mcom.shaft.tools.io.ReportManager&amp#27;[m : File Action "GetAbsolutePath" successfully performed. With the following test data "Relative Folder Path: "C:\eclipse-workspace\MyProjects\TASystemsAPIs\src\test\resources\testDataFiles\Schemas\InvalidTokenRequest_Unauthorized_schema.json"".
2023-02-07 11:00:57.264 &amp#27;[32m INFO&amp#27;[m &amp#27;[35m[@503 - main]&amp#27;[m &amp#27;[36mcom.shaft.tools.io.ReportManager&amp#27;[m : File Action "ReadFile" successfully performed. With the following test data "File Path: "C:\eclipse-workspace\MyProjects\TASystemsAPIs\src\test\resources\testDataFiles\Schemas\InvalidTokenRequest_Unauthorized_schema.json"".
2023-02-07 11:00:57.266 &amp#27;[32m INFO&amp#27;[m &amp#27;[35m[@503 - main]&amp#27;[m &amp#27;[36mcom.shaft.tools.io.ReportManager&amp#27;[m : Successfully created attachment "Validation Test Data - Expected JSON Value"
2023-02-07 11:00:57.267 &amp#27;[32m INFO&amp#27;[m &amp#27;[35m[@503 - main]&amp#27;[m &amp#27;[36mcom.shaft.tools.io.ReportManager&amp#27;[m : Successfully created attachment "Validation Test Data - Actual JSON Value"
2023-02-07 11:00:57.270 &amp#27;[32m INFO&amp#27;[m &amp#27;[35m[@503 - main]&amp#27;[m &amp#27;[36mcom.shaft.tools.io.ReportManager&amp#27;[m : Successfully created attachment "SHAFT Engine Logs - Current Method log: InValid_Get_Usage_Policy_With_Missing_Token_TC"
]]></system-out>
  </testcase>
  <testcase name="InValid_Get_Usage_Policy_With_Missing_Token_TC[[Ljava.lang.Object;@4bda6d93](2)" classname="SteeringCompanyAPI_TestCases.Test_Policies_Cases" time="0.687">
    <system-out><![CDATA[2023-02-07 11:00:57.275 &amp#27;[32m INFO&amp#27;[m &amp#27;[35m[@534 - main]&amp#27;[m &amp#27;[36mcom.shaft.tools.io.ReportManager&amp#27;[m : 
################################################################################################################################################
Starting Execution:	"256 out of 107" test cases in the current suite
Test Method:		"SteeringCompanyAPI_TestCases.Test_Policies_Cases.InValid_Get_Usage_Policy_With_Missing_Token_TC"
Test Description:	"TC044 -Policy- Perform Get Usage Policy With Missing Token"
################################################################################################################################################
2023-02-07 11:00:57.276 &amp#27;[32m INFO&amp#27;[m &amp#27;[35m[@503 - main]&amp#27;[m &amp#27;[36mcom.shaft.tools.io.ReportManager&amp#27;[m : File Action "DoesFileExist" successfully performed. With the following test data "File Path: "SteeringCompanyAPI_TestData/SteeringCompanyAPI_TestData.xlsx"".
2023-02-07 11:00:57.319 &amp#27;[32m INFO&amp#27;[m &amp#27;[35m[@503 - main]&amp#27;[m &amp#27;[36mcom.shaft.tools.io.ReportManager&amp#27;[m : Successfully created attachment "Test Data - Excel"
2023-02-07 11:00:57.319 &amp#27;[32m INFO&amp#27;[m &amp#27;[35m[@503 - main]&amp#27;[m &amp#27;[36mcom.shaft.tools.io.ReportManager&amp#27;[m : File Action "DoesFileExist" successfully performed. With the following test data "File Path: "SteeringCompanyAPI_TestData/SteeringCompanyAPI_TestData.xlsx"".
2023-02-07 11:00:57.362 &amp#27;[32m INFO&amp#27;[m &amp#27;[35m[@503 - main]&amp#27;[m &amp#27;[36mcom.shaft.tools.io.ReportManager&amp#27;[m : Successfully created attachment "Test Data - Excel"
2023-02-07 11:00:57.363 &amp#27;[32m INFO&amp#27;[m &amp#27;[35m[@503 - main]&amp#27;[m &amp#27;[36mcom.shaft.tools.io.ReportManager&amp#27;[m : File Action "DoesFileExist" successfully performed. With the following test data "File Path: "SteeringCompanyAPI_TestData/SteeringCompanyAPI_TestData.xlsx"".
2023-02-07 11:00:57.402 &amp#27;[32m INFO&amp#27;[m &amp#27;[35m[@503 - main]&amp#27;[m &amp#27;[36mcom.shaft.tools.io.ReportManager&amp#27;[m : Successfully created attachment "Test Data - Excel"
2023-02-07 11:00:57.914 &amp#27;[32m INFO&amp#27;[m &amp#27;[35m[@503 - main]&amp#27;[m &amp#27;[36mcom.shaft.tools.io.ReportManager&amp#27;[m : Response status code: "401", status line: "HTTP/1.1 401 "
2023-02-07 11:00:57.935 &amp#27;[32m INFO&amp#27;[m &amp#27;[35m[@503 - main]&amp#27;[m &amp#27;[36mcom.shaft.tools.io.ReportManager&amp#27;[m : Successfully created attachment "API Request - Specifications"
2023-02-07 11:00:57.940 &amp#27;[32m INFO&amp#27;[m &amp#27;[35m[@503 - main]&amp#27;[m &amp#27;[36mcom.shaft.tools.io.ReportManager&amp#27;[m : Successfully created attachment "API Response - JSON Body"
2023-02-07 11:00:57.942 &amp#27;[32m INFO&amp#27;[m &amp#27;[35m[@503 - main]&amp#27;[m &amp#27;[36mcom.shaft.tools.io.ReportManager&amp#27;[m : File Action "DoesFileExist" successfully performed. With the following test data "File Path: "Schemas/InvalidTokenRequest_Unauthorized_schema.json"".
2023-02-07 11:00:57.943 &amp#27;[32m INFO&amp#27;[m &amp#27;[35m[@503 - main]&amp#27;[m &amp#27;[36mcom.shaft.tools.io.ReportManager&amp#27;[m : File Action "DoesFileExist" successfully performed. With the following test data "File Path: "src/test/resources/testDataFiles/Schemas/InvalidTokenRequest_Unauthorized_schema.json"".
2023-02-07 11:00:57.943 &amp#27;[32m INFO&amp#27;[m &amp#27;[35m[@503 - main]&amp#27;[m &amp#27;[36mcom.shaft.tools.io.ReportManager&amp#27;[m : File Action "GetAbsolutePath" successfully performed. With the following test data "Relative Folder Path: "src/test/resources/testDataFiles/Schemas/InvalidTokenRequest_Unauthorized_schema.json"".
2023-02-07 11:00:57.946 &amp#27;[32m INFO&amp#27;[m &amp#27;[35m[@503 - main]&amp#27;[m &amp#27;[36mcom.shaft.tools.io.ReportManager&amp#27;[m : File Action "DoesFileExist" successfully performed. With the following test data "File Path: "C:\eclipse-workspace\MyProjects\TASystemsAPIs\src\test\resources\testDataFiles\Schemas\InvalidTokenRequest_Unauthorized_schema.json"".
2023-02-07 11:00:57.946 &amp#27;[32m INFO&amp#27;[m &amp#27;[35m[@503 - main]&amp#27;[m &amp#27;[36mcom.shaft.tools.io.ReportManager&amp#27;[m : File Action "GetAbsolutePath" successfully performed. With the following test data "Relative Folder Path: "C:\eclipse-workspace\MyProjects\TASystemsAPIs\src\test\resources\testDataFiles\Schemas\InvalidTokenRequest_Unauthorized_schema.json"".
2023-02-07 11:00:57.947 &amp#27;[32m INFO&amp#27;[m &amp#27;[35m[@503 - main]&amp#27;[m &amp#27;[36mcom.shaft.tools.io.ReportManager&amp#27;[m : File Action "ReadFile" successfully performed. With the following test data "File Path: "C:\eclipse-workspace\MyProjects\TASystemsAPIs\src\test\resources\testDataFiles\Schemas\InvalidTokenRequest_Unauthorized_schema.json"".
2023-02-07 11:00:57.949 &amp#27;[32m INFO&amp#27;[m &amp#27;[35m[@503 - main]&amp#27;[m &amp#27;[36mcom.shaft.tools.io.ReportManager&amp#27;[m : Successfully created attachment "Validation Test Data - Expected JSON Value"
2023-02-07 11:00:57.953 &amp#27;[32m INFO&amp#27;[m &amp#27;[35m[@503 - main]&amp#27;[m &amp#27;[36mcom.shaft.tools.io.ReportManager&amp#27;[m : Successfully created attachment "Validation Test Data - Actual JSON Value"
2023-02-07 11:00:57.957 &amp#27;[32m INFO&amp#27;[m &amp#27;[35m[@503 - main]&amp#27;[m &amp#27;[36mcom.shaft.tools.io.ReportManager&amp#27;[m : Successfully created attachment "SHAFT Engine Logs - Current Method log: InValid_Get_Usage_Policy_With_Missing_Token_TC"
]]></system-out>
  </testcase>
  <testcase name="InValid_Update_Cancel_Policy_With_Invalid_Token_TC[[Ljava.lang.Object;@6cdf4825](1)" classname="SteeringCompanyAPI_TestCases.Test_Policies_Cases" time="0.635">
    <system-out><![CDATA[2023-02-07 11:00:57.967 &amp#27;[32m INFO&amp#27;[m &amp#27;[35m[@534 - main]&amp#27;[m &amp#27;[36mcom.shaft.tools.io.ReportManager&amp#27;[m : 
################################################################################################################################################
Starting Execution:	"257 out of 107" test cases in the current suite
Test Method:		"SteeringCompanyAPI_TestCases.Test_Policies_Cases.InValid_Update_Cancel_Policy_With_Invalid_Token_TC"
Test Description:	"TC031 -Policy- Perform Update Cancel Policy with Invalid/Expired Token"
################################################################################################################################################
2023-02-07 11:00:57.968 &amp#27;[32m INFO&amp#27;[m &amp#27;[35m[@503 - main]&amp#27;[m &amp#27;[36mcom.shaft.tools.io.ReportManager&amp#27;[m : File Action "DoesFileExist" successfully performed. With the following test data "File Path: "SteeringCompanyAPI_TestData/SteeringCompanyAPI_TestData.xlsx"".
2023-02-07 11:00:58.003 &amp#27;[32m INFO&amp#27;[m &amp#27;[35m[@503 - main]&amp#27;[m &amp#27;[36mcom.shaft.tools.io.ReportManager&amp#27;[m : Successfully created attachment "Test Data - Excel"
2023-02-07 11:00:58.003 &amp#27;[32m INFO&amp#27;[m &amp#27;[35m[@503 - main]&amp#27;[m &amp#27;[36mcom.shaft.tools.io.ReportManager&amp#27;[m : File Action "DoesFileExist" successfully performed. With the following test data "File Path: "SteeringCompanyAPI_TestData/SteeringCompanyAPI_TestData.xlsx"".
2023-02-07 11:00:58.047 &amp#27;[32m INFO&amp#27;[m &amp#27;[35m[@503 - main]&amp#27;[m &amp#27;[36mcom.shaft.tools.io.ReportManager&amp#27;[m : Successfully created attachment "Test Data - Excel"
2023-02-07 11:00:58.047 &amp#27;[32m INFO&amp#27;[m &amp#27;[35m[@503 - main]&amp#27;[m &amp#27;[36mcom.shaft.tools.io.ReportManager&amp#27;[m : File Action "DoesFileExist" successfully performed. With the following test data "File Path: "SteeringCompanyAPI_TestData/SteeringCompanyAPI_TestData.xlsx"".
2023-02-07 11:00:58.084 &amp#27;[32m INFO&amp#27;[m &amp#27;[35m[@503 - main]&amp#27;[m &amp#27;[36mcom.shaft.tools.io.ReportManager&amp#27;[m : Successfully created attachment "Test Data - Excel"
2023-02-07 11:00:58.587 &amp#27;[32m INFO&amp#27;[m &amp#27;[35m[@503 - main]&amp#27;[m &amp#27;[36mcom.shaft.tools.io.ReportManager&amp#27;[m : Response status code: "401", status line: "HTTP/1.1 401 "
2023-02-07 11:00:58.590 &amp#27;[32m INFO&amp#27;[m &amp#27;[35m[@503 - main]&amp#27;[m &amp#27;[36mcom.shaft.tools.io.ReportManager&amp#27;[m : Successfully created attachment "API Request - Specifications"
2023-02-07 11:00:58.593 &amp#27;[32m INFO&amp#27;[m &amp#27;[35m[@503 - main]&amp#27;[m &amp#27;[36mcom.shaft.tools.io.ReportManager&amp#27;[m : Successfully created attachment "API Request - JSON Body"
2023-02-07 11:00:58.595 &amp#27;[32m INFO&amp#27;[m &amp#27;[35m[@503 - main]&amp#27;[m &amp#27;[36mcom.shaft.tools.io.ReportManager&amp#27;[m : Successfully created attachment "API Response - JSON Body"
2023-02-07 11:00:58.597 &amp#27;[32m INFO&amp#27;[m &amp#27;[35m[@503 - main]&amp#27;[m &amp#27;[36mcom.shaft.tools.io.ReportManager&amp#27;[m : Successfully created attachment "SHAFT Engine Logs - Current Method log: InValid_Update_Cancel_Policy_With_Invalid_Token_TC"
]]></system-out>
  </testcase>
  <testcase name="InValid_Update_Cancel_Policy_With_Invalid_Token_TC[[Ljava.lang.Object;@646f3b9f](2)" classname="SteeringCompanyAPI_TestCases.Test_Policies_Cases" time="0.593">
    <system-out><![CDATA[2023-02-07 11:00:58.602 &amp#27;[32m INFO&amp#27;[m &amp#27;[35m[@534 - main]&amp#27;[m &amp#27;[36mcom.shaft.tools.io.ReportManager&amp#27;[m : 
################################################################################################################################################
Starting Execution:	"258 out of 107" test cases in the current suite
Test Method:		"SteeringCompanyAPI_TestCases.Test_Policies_Cases.InValid_Update_Cancel_Policy_With_Invalid_Token_TC"
Test Description:	"TC031 -Policy- Perform Update Cancel Policy with Invalid/Expired Token"
################################################################################################################################################
2023-02-07 11:00:58.603 &amp#27;[32m INFO&amp#27;[m &amp#27;[35m[@503 - main]&amp#27;[m &amp#27;[36mcom.shaft.tools.io.ReportManager&amp#27;[m : File Action "DoesFileExist" successfully performed. With the following test data "File Path: "SteeringCompanyAPI_TestData/SteeringCompanyAPI_TestData.xlsx"".
2023-02-07 11:00:58.643 &amp#27;[32m INFO&amp#27;[m &amp#27;[35m[@503 - main]&amp#27;[m &amp#27;[36mcom.shaft.tools.io.ReportManager&amp#27;[m : Successfully created attachment "Test Data - Excel"
2023-02-07 11:00:58.643 &amp#27;[32m INFO&amp#27;[m &amp#27;[35m[@503 - main]&amp#27;[m &amp#27;[36mcom.shaft.tools.io.ReportManager&amp#27;[m : File Action "DoesFileExist" successfully performed. With the following test data "File Path: "SteeringCompanyAPI_TestData/SteeringCompanyAPI_TestData.xlsx"".
2023-02-07 11:00:58.663 &amp#27;[32m INFO&amp#27;[m &amp#27;[35m[@503 - main]&amp#27;[m &amp#27;[36mcom.shaft.tools.io.ReportManager&amp#27;[m : Successfully created attachment "Test Data - Excel"
2023-02-07 11:00:58.664 &amp#27;[32m INFO&amp#27;[m &amp#27;[35m[@503 - main]&amp#27;[m &amp#27;[36mcom.shaft.tools.io.ReportManager&amp#27;[m : File Action "DoesFileExist" successfully performed. With the following test data "File Path: "SteeringCompanyAPI_TestData/SteeringCompanyAPI_TestData.xlsx"".
2023-02-07 11:00:58.683 &amp#27;[32m INFO&amp#27;[m &amp#27;[35m[@503 - main]&amp#27;[m &amp#27;[36mcom.shaft.tools.io.ReportManager&amp#27;[m : Successfully created attachment "Test Data - Excel"
2023-02-07 11:00:59.181 &amp#27;[32m INFO&amp#27;[m &amp#27;[35m[@503 - main]&amp#27;[m &amp#27;[36mcom.shaft.tools.io.ReportManager&amp#27;[m : Response status code: "401", status line: "HTTP/1.1 401 "
2023-02-07 11:00:59.184 &amp#27;[32m INFO&amp#27;[m &amp#27;[35m[@503 - main]&amp#27;[m &amp#27;[36mcom.shaft.tools.io.ReportManager&amp#27;[m : Successfully created attachment "API Request - Specifications"
2023-02-07 11:00:59.188 &amp#27;[32m INFO&amp#27;[m &amp#27;[35m[@503 - main]&amp#27;[m &amp#27;[36mcom.shaft.tools.io.ReportManager&amp#27;[m : Successfully created attachment "API Request - JSON Body"
2023-02-07 11:00:59.190 &amp#27;[32m INFO&amp#27;[m &amp#27;[35m[@503 - main]&amp#27;[m &amp#27;[36mcom.shaft.tools.io.ReportManager&amp#27;[m : Successfully created attachment "API Response - JSON Body"
2023-02-07 11:00:59.192 &amp#27;[32m INFO&amp#27;[m &amp#27;[35m[@503 - main]&amp#27;[m &amp#27;[36mcom.shaft.tools.io.ReportManager&amp#27;[m : Successfully created attachment "SHAFT Engine Logs - Current Method log: InValid_Update_Cancel_Policy_With_Invalid_Token_TC"
]]></system-out>
  </testcase>
  <testcase name="InValid_Update_Cancel_Policy_With_Missing_Token_TC[[Ljava.lang.Object;@2b126e06](1)" classname="SteeringCompanyAPI_TestCases.Test_Policies_Cases" time="0.864">
    <system-out><![CDATA[2023-02-07 11:00:59.200 &amp#27;[32m INFO&amp#27;[m &amp#27;[35m[@534 - main]&amp#27;[m &amp#27;[36mcom.shaft.tools.io.ReportManager&amp#27;[m : 
################################################################################################################################################
Starting Execution:	"259 out of 107" test cases in the current suite
Test Method:		"SteeringCompanyAPI_TestCases.Test_Policies_Cases.InValid_Update_Cancel_Policy_With_Missing_Token_TC"
Test Description:	"TC030 -Policy- Perform Update Cancel Policy with missing Token"
################################################################################################################################################
2023-02-07 11:00:59.201 &amp#27;[32m INFO&amp#27;[m &amp#27;[35m[@503 - main]&amp#27;[m &amp#27;[36mcom.shaft.tools.io.ReportManager&amp#27;[m : File Action "DoesFileExist" successfully performed. With the following test data "File Path: "SteeringCompanyAPI_TestData/SteeringCompanyAPI_TestData.xlsx"".
2023-02-07 11:00:59.240 &amp#27;[32m INFO&amp#27;[m &amp#27;[35m[@503 - main]&amp#27;[m &amp#27;[36mcom.shaft.tools.io.ReportManager&amp#27;[m : Successfully created attachment "Test Data - Excel"
2023-02-07 11:00:59.240 &amp#27;[32m INFO&amp#27;[m &amp#27;[35m[@503 - main]&amp#27;[m &amp#27;[36mcom.shaft.tools.io.ReportManager&amp#27;[m : File Action "DoesFileExist" successfully performed. With the following test data "File Path: "SteeringCompanyAPI_TestData/SteeringCompanyAPI_TestData.xlsx"".
2023-02-07 11:00:59.279 &amp#27;[32m INFO&amp#27;[m &amp#27;[35m[@503 - main]&amp#27;[m &amp#27;[36mcom.shaft.tools.io.ReportManager&amp#27;[m : Successfully created attachment "Test Data - Excel"
2023-02-07 11:00:59.280 &amp#27;[32m INFO&amp#27;[m &amp#27;[35m[@503 - main]&amp#27;[m &amp#27;[36mcom.shaft.tools.io.ReportManager&amp#27;[m : File Action "DoesFileExist" successfully performed. With the following test data "File Path: "SteeringCompanyAPI_TestData/SteeringCompanyAPI_TestData.xlsx"".
2023-02-07 11:00:59.321 &amp#27;[32m INFO&amp#27;[m &amp#27;[35m[@503 - main]&amp#27;[m &amp#27;[36mcom.shaft.tools.io.ReportManager&amp#27;[m : Successfully created attachment "Test Data - Excel"
2023-02-07 11:01:00.024 &amp#27;[32m INFO&amp#27;[m &amp#27;[35m[@503 - main]&amp#27;[m &amp#27;[36mcom.shaft.tools.io.ReportManager&amp#27;[m : Response status code: "401", status line: "HTTP/1.1 401 "
2023-02-07 11:01:00.045 &amp#27;[32m INFO&amp#27;[m &amp#27;[35m[@503 - main]&amp#27;[m &amp#27;[36mcom.shaft.tools.io.ReportManager&amp#27;[m : Successfully created attachment "API Request - Specifications"
2023-02-07 11:01:00.047 &amp#27;[32m INFO&amp#27;[m &amp#27;[35m[@503 - main]&amp#27;[m &amp#27;[36mcom.shaft.tools.io.ReportManager&amp#27;[m : Successfully created attachment "API Request - JSON Body"
2023-02-07 11:01:00.049 &amp#27;[32m INFO&amp#27;[m &amp#27;[35m[@503 - main]&amp#27;[m &amp#27;[36mcom.shaft.tools.io.ReportManager&amp#27;[m : Successfully created attachment "API Response - JSON Body"
2023-02-07 11:01:00.053 &amp#27;[32m INFO&amp#27;[m &amp#27;[35m[@503 - main]&amp#27;[m &amp#27;[36mcom.shaft.tools.io.ReportManager&amp#27;[m : File Action "DoesFileExist" successfully performed. With the following test data "File Path: "Schemas/InvalidTokenRequest_Unauthorized_schema.json"".
2023-02-07 11:01:00.054 &amp#27;[32m INFO&amp#27;[m &amp#27;[35m[@503 - main]&amp#27;[m &amp#27;[36mcom.shaft.tools.io.ReportManager&amp#27;[m : File Action "DoesFileExist" successfully performed. With the following test data "File Path: "src/test/resources/testDataFiles/Schemas/InvalidTokenRequest_Unauthorized_schema.json"".
2023-02-07 11:01:00.054 &amp#27;[32m INFO&amp#27;[m &amp#27;[35m[@503 - main]&amp#27;[m &amp#27;[36mcom.shaft.tools.io.ReportManager&amp#27;[m : File Action "GetAbsolutePath" successfully performed. With the following test data "Relative Folder Path: "src/test/resources/testDataFiles/Schemas/InvalidTokenRequest_Unauthorized_schema.json"".
2023-02-07 11:01:00.057 &amp#27;[32m INFO&amp#27;[m &amp#27;[35m[@503 - main]&amp#27;[m &amp#27;[36mcom.shaft.tools.io.ReportManager&amp#27;[m : File Action "DoesFileExist" successfully performed. With the following test data "File Path: "C:\eclipse-workspace\MyProjects\TASystemsAPIs\src\test\resources\testDataFiles\Schemas\InvalidTokenRequest_Unauthorized_schema.json"".
2023-02-07 11:01:00.057 &amp#27;[32m INFO&amp#27;[m &amp#27;[35m[@503 - main]&amp#27;[m &amp#27;[36mcom.shaft.tools.io.ReportManager&amp#27;[m : File Action "GetAbsolutePath" successfully performed. With the following test data "Relative Folder Path: "C:\eclipse-workspace\MyProjects\TASystemsAPIs\src\test\resources\testDataFiles\Schemas\InvalidTokenRequest_Unauthorized_schema.json"".
2023-02-07 11:01:00.058 &amp#27;[32m INFO&amp#27;[m &amp#27;[35m[@503 - main]&amp#27;[m &amp#27;[36mcom.shaft.tools.io.ReportManager&amp#27;[m : File Action "ReadFile" successfully performed. With the following test data "File Path: "C:\eclipse-workspace\MyProjects\TASystemsAPIs\src\test\resources\testDataFiles\Schemas\InvalidTokenRequest_Unauthorized_schema.json"".
2023-02-07 11:01:00.059 &amp#27;[32m INFO&amp#27;[m &amp#27;[35m[@503 - main]&amp#27;[m &amp#27;[36mcom.shaft.tools.io.ReportManager&amp#27;[m : Successfully created attachment "Validation Test Data - Expected JSON Value"
2023-02-07 11:01:00.060 &amp#27;[32m INFO&amp#27;[m &amp#27;[35m[@503 - main]&amp#27;[m &amp#27;[36mcom.shaft.tools.io.ReportManager&amp#27;[m : Successfully created attachment "Validation Test Data - Actual JSON Value"
2023-02-07 11:01:00.061 &amp#27;[32m INFO&amp#27;[m &amp#27;[35m[@503 - main]&amp#27;[m &amp#27;[36mcom.shaft.tools.io.ReportManager&amp#27;[m : Successfully created attachment "SHAFT Engine Logs - Current Method log: InValid_Update_Cancel_Policy_With_Missing_Token_TC"
]]></system-out>
  </testcase>
  <testcase name="InValid_Update_Cancel_Policy_With_Missing_Token_TC[[Ljava.lang.Object;@6dc9f3e6](2)" classname="SteeringCompanyAPI_TestCases.Test_Policies_Cases" time="0.601">
    <system-out><![CDATA[2023-02-07 11:01:00.065 &amp#27;[32m INFO&amp#27;[m &amp#27;[35m[@534 - main]&amp#27;[m &amp#27;[36mcom.shaft.tools.io.ReportManager&amp#27;[m : 
################################################################################################################################################
Starting Execution:	"260 out of 107" test cases in the current suite
Test Method:		"SteeringCompanyAPI_TestCases.Test_Policies_Cases.InValid_Update_Cancel_Policy_With_Missing_Token_TC"
Test Description:	"TC030 -Policy- Perform Update Cancel Policy with missing Token"
################################################################################################################################################
2023-02-07 11:01:00.065 &amp#27;[32m INFO&amp#27;[m &amp#27;[35m[@503 - main]&amp#27;[m &amp#27;[36mcom.shaft.tools.io.ReportManager&amp#27;[m : File Action "DoesFileExist" successfully performed. With the following test data "File Path: "SteeringCompanyAPI_TestData/SteeringCompanyAPI_TestData.xlsx"".
2023-02-07 11:01:00.082 &amp#27;[32m INFO&amp#27;[m &amp#27;[35m[@503 - main]&amp#27;[m &amp#27;[36mcom.shaft.tools.io.ReportManager&amp#27;[m : Successfully created attachment "Test Data - Excel"
2023-02-07 11:01:00.082 &amp#27;[32m INFO&amp#27;[m &amp#27;[35m[@503 - main]&amp#27;[m &amp#27;[36mcom.shaft.tools.io.ReportManager&amp#27;[m : File Action "DoesFileExist" successfully performed. With the following test data "File Path: "SteeringCompanyAPI_TestData/SteeringCompanyAPI_TestData.xlsx"".
2023-02-07 11:01:00.103 &amp#27;[32m INFO&amp#27;[m &amp#27;[35m[@503 - main]&amp#27;[m &amp#27;[36mcom.shaft.tools.io.ReportManager&amp#27;[m : Successfully created attachment "Test Data - Excel"
2023-02-07 11:01:00.104 &amp#27;[32m INFO&amp#27;[m &amp#27;[35m[@503 - main]&amp#27;[m &amp#27;[36mcom.shaft.tools.io.ReportManager&amp#27;[m : File Action "DoesFileExist" successfully performed. With the following test data "File Path: "SteeringCompanyAPI_TestData/SteeringCompanyAPI_TestData.xlsx"".
2023-02-07 11:01:00.124 &amp#27;[32m INFO&amp#27;[m &amp#27;[35m[@503 - main]&amp#27;[m &amp#27;[36mcom.shaft.tools.io.ReportManager&amp#27;[m : Successfully created attachment "Test Data - Excel"
2023-02-07 11:01:00.630 &amp#27;[32m INFO&amp#27;[m &amp#27;[35m[@503 - main]&amp#27;[m &amp#27;[36mcom.shaft.tools.io.ReportManager&amp#27;[m : Response status code: "401", status line: "HTTP/1.1 401 "
2023-02-07 11:01:00.653 &amp#27;[32m INFO&amp#27;[m &amp#27;[35m[@503 - main]&amp#27;[m &amp#27;[36mcom.shaft.tools.io.ReportManager&amp#27;[m : Successfully created attachment "API Request - Specifications"
2023-02-07 11:01:00.654 &amp#27;[32m INFO&amp#27;[m &amp#27;[35m[@503 - main]&amp#27;[m &amp#27;[36mcom.shaft.tools.io.ReportManager&amp#27;[m : Successfully created attachment "API Request - JSON Body"
2023-02-07 11:01:00.655 &amp#27;[32m INFO&amp#27;[m &amp#27;[35m[@503 - main]&amp#27;[m &amp#27;[36mcom.shaft.tools.io.ReportManager&amp#27;[m : Successfully created attachment "API Response - JSON Body"
2023-02-07 11:01:00.656 &amp#27;[32m INFO&amp#27;[m &amp#27;[35m[@503 - main]&amp#27;[m &amp#27;[36mcom.shaft.tools.io.ReportManager&amp#27;[m : File Action "DoesFileExist" successfully performed. With the following test data "File Path: "Schemas/InvalidTokenRequest_Unauthorized_schema.json"".
2023-02-07 11:01:00.656 &amp#27;[32m INFO&amp#27;[m &amp#27;[35m[@503 - main]&amp#27;[m &amp#27;[36mcom.shaft.tools.io.ReportManager&amp#27;[m : File Action "DoesFileExist" successfully performed. With the following test data "File Path: "src/test/resources/testDataFiles/Schemas/InvalidTokenRequest_Unauthorized_schema.json"".
2023-02-07 11:01:00.656 &amp#27;[32m INFO&amp#27;[m &amp#27;[35m[@503 - main]&amp#27;[m &amp#27;[36mcom.shaft.tools.io.ReportManager&amp#27;[m : File Action "GetAbsolutePath" successfully performed. With the following test data "Relative Folder Path: "src/test/resources/testDataFiles/Schemas/InvalidTokenRequest_Unauthorized_schema.json"".
2023-02-07 11:01:00.658 &amp#27;[32m INFO&amp#27;[m &amp#27;[35m[@503 - main]&amp#27;[m &amp#27;[36mcom.shaft.tools.io.ReportManager&amp#27;[m : File Action "DoesFileExist" successfully performed. With the following test data "File Path: "C:\eclipse-workspace\MyProjects\TASystemsAPIs\src\test\resources\testDataFiles\Schemas\InvalidTokenRequest_Unauthorized_schema.json"".
2023-02-07 11:01:00.658 &amp#27;[32m INFO&amp#27;[m &amp#27;[35m[@503 - main]&amp#27;[m &amp#27;[36mcom.shaft.tools.io.ReportManager&amp#27;[m : File Action "GetAbsolutePath" successfully performed. With the following test data "Relative Folder Path: "C:\eclipse-workspace\MyProjects\TASystemsAPIs\src\test\resources\testDataFiles\Schemas\InvalidTokenRequest_Unauthorized_schema.json"".
2023-02-07 11:01:00.658 &amp#27;[32m INFO&amp#27;[m &amp#27;[35m[@503 - main]&amp#27;[m &amp#27;[36mcom.shaft.tools.io.ReportManager&amp#27;[m : File Action "ReadFile" successfully performed. With the following test data "File Path: "C:\eclipse-workspace\MyProjects\TASystemsAPIs\src\test\resources\testDataFiles\Schemas\InvalidTokenRequest_Unauthorized_schema.json"".
2023-02-07 11:01:00.659 &amp#27;[32m INFO&amp#27;[m &amp#27;[35m[@503 - main]&amp#27;[m &amp#27;[36mcom.shaft.tools.io.ReportManager&amp#27;[m : Successfully created attachment "Validation Test Data - Expected JSON Value"
2023-02-07 11:01:00.662 &amp#27;[32m INFO&amp#27;[m &amp#27;[35m[@503 - main]&amp#27;[m &amp#27;[36mcom.shaft.tools.io.ReportManager&amp#27;[m : Successfully created attachment "Validation Test Data - Actual JSON Value"
2023-02-07 11:01:00.663 &amp#27;[32m INFO&amp#27;[m &amp#27;[35m[@503 - main]&amp#27;[m &amp#27;[36mcom.shaft.tools.io.ReportManager&amp#27;[m : Successfully created attachment "SHAFT Engine Logs - Current Method log: InValid_Update_Cancel_Policy_With_Missing_Token_TC"
]]></system-out>
  </testcase>
  <testcase name="InValid_Update_General_Policy_With_InValid_Token_TC[[Ljava.lang.Object;@32a2746d](1)" classname="SteeringCompanyAPI_TestCases.Test_Policies_Cases" time="0.611">
    <system-out><![CDATA[2023-02-07 11:01:00.668 &amp#27;[32m INFO&amp#27;[m &amp#27;[35m[@534 - main]&amp#27;[m &amp#27;[36mcom.shaft.tools.io.ReportManager&amp#27;[m : 
################################################################################################################################################
Starting Execution:	"261 out of 107" test cases in the current suite
Test Method:		"SteeringCompanyAPI_TestCases.Test_Policies_Cases.InValid_Update_General_Policy_With_InValid_Token_TC"
Test Description:	"TC039 -Policy- Perform Update General Policy With InValid/Expired Token"
################################################################################################################################################
2023-02-07 11:01:00.668 &amp#27;[32m INFO&amp#27;[m &amp#27;[35m[@503 - main]&amp#27;[m &amp#27;[36mcom.shaft.tools.io.ReportManager&amp#27;[m : File Action "DoesFileExist" successfully performed. With the following test data "File Path: "SteeringCompanyAPI_TestData/SteeringCompanyAPI_TestData.xlsx"".
2023-02-07 11:01:00.690 &amp#27;[32m INFO&amp#27;[m &amp#27;[35m[@503 - main]&amp#27;[m &amp#27;[36mcom.shaft.tools.io.ReportManager&amp#27;[m : Successfully created attachment "Test Data - Excel"
2023-02-07 11:01:00.690 &amp#27;[32m INFO&amp#27;[m &amp#27;[35m[@503 - main]&amp#27;[m &amp#27;[36mcom.shaft.tools.io.ReportManager&amp#27;[m : File Action "DoesFileExist" successfully performed. With the following test data "File Path: "SteeringCompanyAPI_TestData/SteeringCompanyAPI_TestData.xlsx"".
2023-02-07 11:01:00.710 &amp#27;[32m INFO&amp#27;[m &amp#27;[35m[@503 - main]&amp#27;[m &amp#27;[36mcom.shaft.tools.io.ReportManager&amp#27;[m : Successfully created attachment "Test Data - Excel"
2023-02-07 11:01:00.710 &amp#27;[32m INFO&amp#27;[m &amp#27;[35m[@503 - main]&amp#27;[m &amp#27;[36mcom.shaft.tools.io.ReportManager&amp#27;[m : File Action "DoesFileExist" successfully performed. With the following test data "File Path: "SteeringCompanyAPI_TestData/SteeringCompanyAPI_TestData.xlsx"".
2023-02-07 11:01:00.769 &amp#27;[32m INFO&amp#27;[m &amp#27;[35m[@503 - main]&amp#27;[m &amp#27;[36mcom.shaft.tools.io.ReportManager&amp#27;[m : Successfully created attachment "Test Data - Excel"
2023-02-07 11:01:01.266 &amp#27;[32m INFO&amp#27;[m &amp#27;[35m[@503 - main]&amp#27;[m &amp#27;[36mcom.shaft.tools.io.ReportManager&amp#27;[m : Response status code: "401", status line: "HTTP/1.1 401 "
2023-02-07 11:01:01.269 &amp#27;[32m INFO&amp#27;[m &amp#27;[35m[@503 - main]&amp#27;[m &amp#27;[36mcom.shaft.tools.io.ReportManager&amp#27;[m : Successfully created attachment "API Request - Specifications"
2023-02-07 11:01:01.273 &amp#27;[32m INFO&amp#27;[m &amp#27;[35m[@503 - main]&amp#27;[m &amp#27;[36mcom.shaft.tools.io.ReportManager&amp#27;[m : Successfully created attachment "API Request - JSON Body"
2023-02-07 11:01:01.274 &amp#27;[32m INFO&amp#27;[m &amp#27;[35m[@503 - main]&amp#27;[m &amp#27;[36mcom.shaft.tools.io.ReportManager&amp#27;[m : Successfully created attachment "API Response - JSON Body"
2023-02-07 11:01:01.276 &amp#27;[32m INFO&amp#27;[m &amp#27;[35m[@503 - main]&amp#27;[m &amp#27;[36mcom.shaft.tools.io.ReportManager&amp#27;[m : Successfully created attachment "SHAFT Engine Logs - Current Method log: InValid_Update_General_Policy_With_InValid_Token_TC"
]]></system-out>
  </testcase>
  <testcase name="InValid_Update_General_Policy_With_InValid_Token_TC[[Ljava.lang.Object;@3479facb](2)" classname="SteeringCompanyAPI_TestCases.Test_Policies_Cases" time="0.622">
    <system-out><![CDATA[2023-02-07 11:01:01.280 &amp#27;[32m INFO&amp#27;[m &amp#27;[35m[@534 - main]&amp#27;[m &amp#27;[36mcom.shaft.tools.io.ReportManager&amp#27;[m : 
################################################################################################################################################
Starting Execution:	"262 out of 107" test cases in the current suite
Test Method:		"SteeringCompanyAPI_TestCases.Test_Policies_Cases.InValid_Update_General_Policy_With_InValid_Token_TC"
Test Description:	"TC039 -Policy- Perform Update General Policy With InValid/Expired Token"
################################################################################################################################################
2023-02-07 11:01:01.280 &amp#27;[32m INFO&amp#27;[m &amp#27;[35m[@503 - main]&amp#27;[m &amp#27;[36mcom.shaft.tools.io.ReportManager&amp#27;[m : File Action "DoesFileExist" successfully performed. With the following test data "File Path: "SteeringCompanyAPI_TestData/SteeringCompanyAPI_TestData.xlsx"".
2023-02-07 11:01:01.324 &amp#27;[32m INFO&amp#27;[m &amp#27;[35m[@503 - main]&amp#27;[m &amp#27;[36mcom.shaft.tools.io.ReportManager&amp#27;[m : Successfully created attachment "Test Data - Excel"
2023-02-07 11:01:01.325 &amp#27;[32m INFO&amp#27;[m &amp#27;[35m[@503 - main]&amp#27;[m &amp#27;[36mcom.shaft.tools.io.ReportManager&amp#27;[m : File Action "DoesFileExist" successfully performed. With the following test data "File Path: "SteeringCompanyAPI_TestData/SteeringCompanyAPI_TestData.xlsx"".
2023-02-07 11:01:01.362 &amp#27;[32m INFO&amp#27;[m &amp#27;[35m[@503 - main]&amp#27;[m &amp#27;[36mcom.shaft.tools.io.ReportManager&amp#27;[m : Successfully created attachment "Test Data - Excel"
2023-02-07 11:01:01.362 &amp#27;[32m INFO&amp#27;[m &amp#27;[35m[@503 - main]&amp#27;[m &amp#27;[36mcom.shaft.tools.io.ReportManager&amp#27;[m : File Action "DoesFileExist" successfully performed. With the following test data "File Path: "SteeringCompanyAPI_TestData/SteeringCompanyAPI_TestData.xlsx"".
2023-02-07 11:01:01.378 &amp#27;[32m INFO&amp#27;[m &amp#27;[35m[@503 - main]&amp#27;[m &amp#27;[36mcom.shaft.tools.io.ReportManager&amp#27;[m : Successfully created attachment "Test Data - Excel"
2023-02-07 11:01:01.889 &amp#27;[32m INFO&amp#27;[m &amp#27;[35m[@503 - main]&amp#27;[m &amp#27;[36mcom.shaft.tools.io.ReportManager&amp#27;[m : Response status code: "401", status line: "HTTP/1.1 401 "
2023-02-07 11:01:01.892 &amp#27;[32m INFO&amp#27;[m &amp#27;[35m[@503 - main]&amp#27;[m &amp#27;[36mcom.shaft.tools.io.ReportManager&amp#27;[m : Successfully created attachment "API Request - Specifications"
2023-02-07 11:01:01.893 &amp#27;[32m INFO&amp#27;[m &amp#27;[35m[@503 - main]&amp#27;[m &amp#27;[36mcom.shaft.tools.io.ReportManager&amp#27;[m : Successfully created attachment "API Request - JSON Body"
2023-02-07 11:01:01.894 &amp#27;[32m INFO&amp#27;[m &amp#27;[35m[@503 - main]&amp#27;[m &amp#27;[36mcom.shaft.tools.io.ReportManager&amp#27;[m : Successfully created attachment "API Response - JSON Body"
2023-02-07 11:01:01.897 &amp#27;[32m INFO&amp#27;[m &amp#27;[35m[@503 - main]&amp#27;[m &amp#27;[36mcom.shaft.tools.io.ReportManager&amp#27;[m : Successfully created attachment "SHAFT Engine Logs - Current Method log: InValid_Update_General_Policy_With_InValid_Token_TC"
]]></system-out>
  </testcase>
  <testcase name="InValid_Update_General_Policy_With_Missing_Token_TC[[Ljava.lang.Object;@17366fbb](1)" classname="SteeringCompanyAPI_TestCases.Test_Policies_Cases" time="1.239">
    <system-out><![CDATA[2023-02-07 11:01:01.908 &amp#27;[32m INFO&amp#27;[m &amp#27;[35m[@534 - main]&amp#27;[m &amp#27;[36mcom.shaft.tools.io.ReportManager&amp#27;[m : 
################################################################################################################################################
Starting Execution:	"263 out of 107" test cases in the current suite
Test Method:		"SteeringCompanyAPI_TestCases.Test_Policies_Cases.InValid_Update_General_Policy_With_Missing_Token_TC"
Test Description:	"TC038 -Policy- Perform Update General Policy With Missing Token"
################################################################################################################################################
2023-02-07 11:01:01.908 &amp#27;[32m INFO&amp#27;[m &amp#27;[35m[@503 - main]&amp#27;[m &amp#27;[36mcom.shaft.tools.io.ReportManager&amp#27;[m : File Action "DoesFileExist" successfully performed. With the following test data "File Path: "SteeringCompanyAPI_TestData/SteeringCompanyAPI_TestData.xlsx"".
2023-02-07 11:01:01.941 &amp#27;[32m INFO&amp#27;[m &amp#27;[35m[@503 - main]&amp#27;[m &amp#27;[36mcom.shaft.tools.io.ReportManager&amp#27;[m : Successfully created attachment "Test Data - Excel"
2023-02-07 11:01:01.941 &amp#27;[32m INFO&amp#27;[m &amp#27;[35m[@503 - main]&amp#27;[m &amp#27;[36mcom.shaft.tools.io.ReportManager&amp#27;[m : File Action "DoesFileExist" successfully performed. With the following test data "File Path: "SteeringCompanyAPI_TestData/SteeringCompanyAPI_TestData.xlsx"".
2023-02-07 11:01:01.985 &amp#27;[32m INFO&amp#27;[m &amp#27;[35m[@503 - main]&amp#27;[m &amp#27;[36mcom.shaft.tools.io.ReportManager&amp#27;[m : Successfully created attachment "Test Data - Excel"
2023-02-07 11:01:01.986 &amp#27;[32m INFO&amp#27;[m &amp#27;[35m[@503 - main]&amp#27;[m &amp#27;[36mcom.shaft.tools.io.ReportManager&amp#27;[m : File Action "DoesFileExist" successfully performed. With the following test data "File Path: "SteeringCompanyAPI_TestData/SteeringCompanyAPI_TestData.xlsx"".
2023-02-07 11:01:02.007 &amp#27;[32m INFO&amp#27;[m &amp#27;[35m[@503 - main]&amp#27;[m &amp#27;[36mcom.shaft.tools.io.ReportManager&amp#27;[m : Successfully created attachment "Test Data - Excel"
2023-02-07 11:01:03.113 &amp#27;[32m INFO&amp#27;[m &amp#27;[35m[@503 - main]&amp#27;[m &amp#27;[36mcom.shaft.tools.io.ReportManager&amp#27;[m : Response status code: "401", status line: "HTTP/1.1 401 "
2023-02-07 11:01:03.126 &amp#27;[32m INFO&amp#27;[m &amp#27;[35m[@503 - main]&amp#27;[m &amp#27;[36mcom.shaft.tools.io.ReportManager&amp#27;[m : Successfully created attachment "API Request - Specifications"
2023-02-07 11:01:03.127 &amp#27;[32m INFO&amp#27;[m &amp#27;[35m[@503 - main]&amp#27;[m &amp#27;[36mcom.shaft.tools.io.ReportManager&amp#27;[m : Successfully created attachment "API Request - JSON Body"
2023-02-07 11:01:03.127 &amp#27;[32m INFO&amp#27;[m &amp#27;[35m[@503 - main]&amp#27;[m &amp#27;[36mcom.shaft.tools.io.ReportManager&amp#27;[m : Successfully created attachment "API Response - JSON Body"
2023-02-07 11:01:03.128 &amp#27;[32m INFO&amp#27;[m &amp#27;[35m[@503 - main]&amp#27;[m &amp#27;[36mcom.shaft.tools.io.ReportManager&amp#27;[m : File Action "DoesFileExist" successfully performed. With the following test data "File Path: "Schemas/InvalidTokenRequest_Unauthorized_schema.json"".
2023-02-07 11:01:03.128 &amp#27;[32m INFO&amp#27;[m &amp#27;[35m[@503 - main]&amp#27;[m &amp#27;[36mcom.shaft.tools.io.ReportManager&amp#27;[m : File Action "DoesFileExist" successfully performed. With the following test data "File Path: "src/test/resources/testDataFiles/Schemas/InvalidTokenRequest_Unauthorized_schema.json"".
2023-02-07 11:01:03.128 &amp#27;[32m INFO&amp#27;[m &amp#27;[35m[@503 - main]&amp#27;[m &amp#27;[36mcom.shaft.tools.io.ReportManager&amp#27;[m : File Action "GetAbsolutePath" successfully performed. With the following test data "Relative Folder Path: "src/test/resources/testDataFiles/Schemas/InvalidTokenRequest_Unauthorized_schema.json"".
2023-02-07 11:01:03.133 &amp#27;[32m INFO&amp#27;[m &amp#27;[35m[@503 - main]&amp#27;[m &amp#27;[36mcom.shaft.tools.io.ReportManager&amp#27;[m : File Action "DoesFileExist" successfully performed. With the following test data "File Path: "C:\eclipse-workspace\MyProjects\TASystemsAPIs\src\test\resources\testDataFiles\Schemas\InvalidTokenRequest_Unauthorized_schema.json"".
2023-02-07 11:01:03.134 &amp#27;[32m INFO&amp#27;[m &amp#27;[35m[@503 - main]&amp#27;[m &amp#27;[36mcom.shaft.tools.io.ReportManager&amp#27;[m : File Action "GetAbsolutePath" successfully performed. With the following test data "Relative Folder Path: "C:\eclipse-workspace\MyProjects\TASystemsAPIs\src\test\resources\testDataFiles\Schemas\InvalidTokenRequest_Unauthorized_schema.json"".
2023-02-07 11:01:03.134 &amp#27;[32m INFO&amp#27;[m &amp#27;[35m[@503 - main]&amp#27;[m &amp#27;[36mcom.shaft.tools.io.ReportManager&amp#27;[m : File Action "ReadFile" successfully performed. With the following test data "File Path: "C:\eclipse-workspace\MyProjects\TASystemsAPIs\src\test\resources\testDataFiles\Schemas\InvalidTokenRequest_Unauthorized_schema.json"".
2023-02-07 11:01:03.141 &amp#27;[32m INFO&amp#27;[m &amp#27;[35m[@503 - main]&amp#27;[m &amp#27;[36mcom.shaft.tools.io.ReportManager&amp#27;[m : Successfully created attachment "Validation Test Data - Expected JSON Value"
2023-02-07 11:01:03.142 &amp#27;[32m INFO&amp#27;[m &amp#27;[35m[@503 - main]&amp#27;[m &amp#27;[36mcom.shaft.tools.io.ReportManager&amp#27;[m : Successfully created attachment "Validation Test Data - Actual JSON Value"
2023-02-07 11:01:03.144 &amp#27;[32m INFO&amp#27;[m &amp#27;[35m[@503 - main]&amp#27;[m &amp#27;[36mcom.shaft.tools.io.ReportManager&amp#27;[m : Successfully created attachment "SHAFT Engine Logs - Current Method log: InValid_Update_General_Policy_With_Missing_Token_TC"
]]></system-out>
  </testcase>
  <testcase name="InValid_Update_General_Policy_With_Missing_Token_TC[[Ljava.lang.Object;@7e4afb38](2)" classname="SteeringCompanyAPI_TestCases.Test_Policies_Cases" time="1.753">
    <system-out><![CDATA[2023-02-07 11:01:03.147 &amp#27;[32m INFO&amp#27;[m &amp#27;[35m[@534 - main]&amp#27;[m &amp#27;[36mcom.shaft.tools.io.ReportManager&amp#27;[m : 
################################################################################################################################################
Starting Execution:	"264 out of 107" test cases in the current suite
Test Method:		"SteeringCompanyAPI_TestCases.Test_Policies_Cases.InValid_Update_General_Policy_With_Missing_Token_TC"
Test Description:	"TC038 -Policy- Perform Update General Policy With Missing Token"
################################################################################################################################################
2023-02-07 11:01:03.148 &amp#27;[32m INFO&amp#27;[m &amp#27;[35m[@503 - main]&amp#27;[m &amp#27;[36mcom.shaft.tools.io.ReportManager&amp#27;[m : File Action "DoesFileExist" successfully performed. With the following test data "File Path: "SteeringCompanyAPI_TestData/SteeringCompanyAPI_TestData.xlsx"".
2023-02-07 11:01:03.185 &amp#27;[32m INFO&amp#27;[m &amp#27;[35m[@503 - main]&amp#27;[m &amp#27;[36mcom.shaft.tools.io.ReportManager&amp#27;[m : Successfully created attachment "Test Data - Excel"
2023-02-07 11:01:03.185 &amp#27;[32m INFO&amp#27;[m &amp#27;[35m[@503 - main]&amp#27;[m &amp#27;[36mcom.shaft.tools.io.ReportManager&amp#27;[m : File Action "DoesFileExist" successfully performed. With the following test data "File Path: "SteeringCompanyAPI_TestData/SteeringCompanyAPI_TestData.xlsx"".
2023-02-07 11:01:03.218 &amp#27;[32m INFO&amp#27;[m &amp#27;[35m[@503 - main]&amp#27;[m &amp#27;[36mcom.shaft.tools.io.ReportManager&amp#27;[m : Successfully created attachment "Test Data - Excel"
2023-02-07 11:01:03.218 &amp#27;[32m INFO&amp#27;[m &amp#27;[35m[@503 - main]&amp#27;[m &amp#27;[36mcom.shaft.tools.io.ReportManager&amp#27;[m : File Action "DoesFileExist" successfully performed. With the following test data "File Path: "SteeringCompanyAPI_TestData/SteeringCompanyAPI_TestData.xlsx"".
2023-02-07 11:01:03.241 &amp#27;[32m INFO&amp#27;[m &amp#27;[35m[@503 - main]&amp#27;[m &amp#27;[36mcom.shaft.tools.io.ReportManager&amp#27;[m : Successfully created attachment "Test Data - Excel"
2023-02-07 11:01:04.861 &amp#27;[32m INFO&amp#27;[m &amp#27;[35m[@503 - main]&amp#27;[m &amp#27;[36mcom.shaft.tools.io.ReportManager&amp#27;[m : Response status code: "401", status line: "HTTP/1.1 401 "
2023-02-07 11:01:04.881 &amp#27;[32m INFO&amp#27;[m &amp#27;[35m[@503 - main]&amp#27;[m &amp#27;[36mcom.shaft.tools.io.ReportManager&amp#27;[m : Successfully created attachment "API Request - Specifications"
2023-02-07 11:01:04.884 &amp#27;[32m INFO&amp#27;[m &amp#27;[35m[@503 - main]&amp#27;[m &amp#27;[36mcom.shaft.tools.io.ReportManager&amp#27;[m : Successfully created attachment "API Request - JSON Body"
2023-02-07 11:01:04.886 &amp#27;[32m INFO&amp#27;[m &amp#27;[35m[@503 - main]&amp#27;[m &amp#27;[36mcom.shaft.tools.io.ReportManager&amp#27;[m : Successfully created attachment "API Response - JSON Body"
2023-02-07 11:01:04.887 &amp#27;[32m INFO&amp#27;[m &amp#27;[35m[@503 - main]&amp#27;[m &amp#27;[36mcom.shaft.tools.io.ReportManager&amp#27;[m : File Action "DoesFileExist" successfully performed. With the following test data "File Path: "Schemas/InvalidTokenRequest_Unauthorized_schema.json"".
2023-02-07 11:01:04.888 &amp#27;[32m INFO&amp#27;[m &amp#27;[35m[@503 - main]&amp#27;[m &amp#27;[36mcom.shaft.tools.io.ReportManager&amp#27;[m : File Action "DoesFileExist" successfully performed. With the following test data "File Path: "src/test/resources/testDataFiles/Schemas/InvalidTokenRequest_Unauthorized_schema.json"".
2023-02-07 11:01:04.888 &amp#27;[32m INFO&amp#27;[m &amp#27;[35m[@503 - main]&amp#27;[m &amp#27;[36mcom.shaft.tools.io.ReportManager&amp#27;[m : File Action "GetAbsolutePath" successfully performed. With the following test data "Relative Folder Path: "src/test/resources/testDataFiles/Schemas/InvalidTokenRequest_Unauthorized_schema.json"".
2023-02-07 11:01:04.890 &amp#27;[32m INFO&amp#27;[m &amp#27;[35m[@503 - main]&amp#27;[m &amp#27;[36mcom.shaft.tools.io.ReportManager&amp#27;[m : File Action "DoesFileExist" successfully performed. With the following test data "File Path: "C:\eclipse-workspace\MyProjects\TASystemsAPIs\src\test\resources\testDataFiles\Schemas\InvalidTokenRequest_Unauthorized_schema.json"".
2023-02-07 11:01:04.890 &amp#27;[32m INFO&amp#27;[m &amp#27;[35m[@503 - main]&amp#27;[m &amp#27;[36mcom.shaft.tools.io.ReportManager&amp#27;[m : File Action "GetAbsolutePath" successfully performed. With the following test data "Relative Folder Path: "C:\eclipse-workspace\MyProjects\TASystemsAPIs\src\test\resources\testDataFiles\Schemas\InvalidTokenRequest_Unauthorized_schema.json"".
2023-02-07 11:01:04.891 &amp#27;[32m INFO&amp#27;[m &amp#27;[35m[@503 - main]&amp#27;[m &amp#27;[36mcom.shaft.tools.io.ReportManager&amp#27;[m : File Action "ReadFile" successfully performed. With the following test data "File Path: "C:\eclipse-workspace\MyProjects\TASystemsAPIs\src\test\resources\testDataFiles\Schemas\InvalidTokenRequest_Unauthorized_schema.json"".
2023-02-07 11:01:04.893 &amp#27;[32m INFO&amp#27;[m &amp#27;[35m[@503 - main]&amp#27;[m &amp#27;[36mcom.shaft.tools.io.ReportManager&amp#27;[m : Successfully created attachment "Validation Test Data - Expected JSON Value"
2023-02-07 11:01:04.895 &amp#27;[32m INFO&amp#27;[m &amp#27;[35m[@503 - main]&amp#27;[m &amp#27;[36mcom.shaft.tools.io.ReportManager&amp#27;[m : Successfully created attachment "Validation Test Data - Actual JSON Value"
2023-02-07 11:01:04.896 &amp#27;[32m INFO&amp#27;[m &amp#27;[35m[@503 - main]&amp#27;[m &amp#27;[36mcom.shaft.tools.io.ReportManager&amp#27;[m : Successfully created attachment "SHAFT Engine Logs - Current Method log: InValid_Update_General_Policy_With_Missing_Token_TC"
]]></system-out>
  </testcase>
  <testcase name="InValid_Update_Payment_Policy_With_InValid_Token_TC[[Ljava.lang.Object;@6ea23e07](1)" classname="SteeringCompanyAPI_TestCases.Test_Policies_Cases" time="0.624">
    <system-out><![CDATA[2023-02-07 11:01:04.907 &amp#27;[32m INFO&amp#27;[m &amp#27;[35m[@534 - main]&amp#27;[m &amp#27;[36mcom.shaft.tools.io.ReportManager&amp#27;[m : 
################################################################################################################################################
Starting Execution:	"265 out of 107" test cases in the current suite
Test Method:		"SteeringCompanyAPI_TestCases.Test_Policies_Cases.InValid_Update_Payment_Policy_With_InValid_Token_TC"
Test Description:	"TC037 -Policy- Perform Update Payment Policy With Invalid/Expired Token"
################################################################################################################################################
2023-02-07 11:01:04.908 &amp#27;[32m INFO&amp#27;[m &amp#27;[35m[@503 - main]&amp#27;[m &amp#27;[36mcom.shaft.tools.io.ReportManager&amp#27;[m : File Action "DoesFileExist" successfully performed. With the following test data "File Path: "SteeringCompanyAPI_TestData/SteeringCompanyAPI_TestData.xlsx"".
2023-02-07 11:01:04.954 &amp#27;[32m INFO&amp#27;[m &amp#27;[35m[@503 - main]&amp#27;[m &amp#27;[36mcom.shaft.tools.io.ReportManager&amp#27;[m : Successfully created attachment "Test Data - Excel"
2023-02-07 11:01:04.955 &amp#27;[32m INFO&amp#27;[m &amp#27;[35m[@503 - main]&amp#27;[m &amp#27;[36mcom.shaft.tools.io.ReportManager&amp#27;[m : File Action "DoesFileExist" successfully performed. With the following test data "File Path: "SteeringCompanyAPI_TestData/SteeringCompanyAPI_TestData.xlsx"".
2023-02-07 11:01:04.989 &amp#27;[32m INFO&amp#27;[m &amp#27;[35m[@503 - main]&amp#27;[m &amp#27;[36mcom.shaft.tools.io.ReportManager&amp#27;[m : Successfully created attachment "Test Data - Excel"
2023-02-07 11:01:04.989 &amp#27;[32m INFO&amp#27;[m &amp#27;[35m[@503 - main]&amp#27;[m &amp#27;[36mcom.shaft.tools.io.ReportManager&amp#27;[m : File Action "DoesFileExist" successfully performed. With the following test data "File Path: "SteeringCompanyAPI_TestData/SteeringCompanyAPI_TestData.xlsx"".
2023-02-07 11:01:05.008 &amp#27;[32m INFO&amp#27;[m &amp#27;[35m[@503 - main]&amp#27;[m &amp#27;[36mcom.shaft.tools.io.ReportManager&amp#27;[m : Successfully created attachment "Test Data - Excel"
2023-02-07 11:01:05.515 &amp#27;[32m INFO&amp#27;[m &amp#27;[35m[@503 - main]&amp#27;[m &amp#27;[36mcom.shaft.tools.io.ReportManager&amp#27;[m : Response status code: "401", status line: "HTTP/1.1 401 "
2023-02-07 11:01:05.520 &amp#27;[32m INFO&amp#27;[m &amp#27;[35m[@503 - main]&amp#27;[m &amp#27;[36mcom.shaft.tools.io.ReportManager&amp#27;[m : Successfully created attachment "API Request - Specifications"
2023-02-07 11:01:05.521 &amp#27;[32m INFO&amp#27;[m &amp#27;[35m[@503 - main]&amp#27;[m &amp#27;[36mcom.shaft.tools.io.ReportManager&amp#27;[m : Successfully created attachment "API Request - JSON Body"
2023-02-07 11:01:05.525 &amp#27;[32m INFO&amp#27;[m &amp#27;[35m[@503 - main]&amp#27;[m &amp#27;[36mcom.shaft.tools.io.ReportManager&amp#27;[m : Successfully created attachment "API Response - JSON Body"
2023-02-07 11:01:05.527 &amp#27;[32m INFO&amp#27;[m &amp#27;[35m[@503 - main]&amp#27;[m &amp#27;[36mcom.shaft.tools.io.ReportManager&amp#27;[m : Successfully created attachment "SHAFT Engine Logs - Current Method log: InValid_Update_Payment_Policy_With_InValid_Token_TC"
]]></system-out>
  </testcase>
  <testcase name="InValid_Update_Payment_Policy_With_InValid_Token_TC[[Ljava.lang.Object;@af53c77](2)" classname="SteeringCompanyAPI_TestCases.Test_Policies_Cases" time="1.004">
    <system-out><![CDATA[2023-02-07 11:01:05.532 &amp#27;[32m INFO&amp#27;[m &amp#27;[35m[@534 - main]&amp#27;[m &amp#27;[36mcom.shaft.tools.io.ReportManager&amp#27;[m : 
################################################################################################################################################
Starting Execution:	"266 out of 107" test cases in the current suite
Test Method:		"SteeringCompanyAPI_TestCases.Test_Policies_Cases.InValid_Update_Payment_Policy_With_InValid_Token_TC"
Test Description:	"TC037 -Policy- Perform Update Payment Policy With Invalid/Expired Token"
################################################################################################################################################
2023-02-07 11:01:05.532 &amp#27;[32m INFO&amp#27;[m &amp#27;[35m[@503 - main]&amp#27;[m &amp#27;[36mcom.shaft.tools.io.ReportManager&amp#27;[m : File Action "DoesFileExist" successfully performed. With the following test data "File Path: "SteeringCompanyAPI_TestData/SteeringCompanyAPI_TestData.xlsx"".
2023-02-07 11:01:05.589 &amp#27;[32m INFO&amp#27;[m &amp#27;[35m[@503 - main]&amp#27;[m &amp#27;[36mcom.shaft.tools.io.ReportManager&amp#27;[m : Successfully created attachment "Test Data - Excel"
2023-02-07 11:01:05.590 &amp#27;[32m INFO&amp#27;[m &amp#27;[35m[@503 - main]&amp#27;[m &amp#27;[36mcom.shaft.tools.io.ReportManager&amp#27;[m : File Action "DoesFileExist" successfully performed. With the following test data "File Path: "SteeringCompanyAPI_TestData/SteeringCompanyAPI_TestData.xlsx"".
2023-02-07 11:01:05.617 &amp#27;[32m INFO&amp#27;[m &amp#27;[35m[@503 - main]&amp#27;[m &amp#27;[36mcom.shaft.tools.io.ReportManager&amp#27;[m : Successfully created attachment "Test Data - Excel"
2023-02-07 11:01:05.617 &amp#27;[32m INFO&amp#27;[m &amp#27;[35m[@503 - main]&amp#27;[m &amp#27;[36mcom.shaft.tools.io.ReportManager&amp#27;[m : File Action "DoesFileExist" successfully performed. With the following test data "File Path: "SteeringCompanyAPI_TestData/SteeringCompanyAPI_TestData.xlsx"".
2023-02-07 11:01:05.652 &amp#27;[32m INFO&amp#27;[m &amp#27;[35m[@503 - main]&amp#27;[m &amp#27;[36mcom.shaft.tools.io.ReportManager&amp#27;[m : Successfully created attachment "Test Data - Excel"
2023-02-07 11:01:06.523 &amp#27;[32m INFO&amp#27;[m &amp#27;[35m[@503 - main]&amp#27;[m &amp#27;[36mcom.shaft.tools.io.ReportManager&amp#27;[m : Response status code: "401", status line: "HTTP/1.1 401 "
2023-02-07 11:01:06.526 &amp#27;[32m INFO&amp#27;[m &amp#27;[35m[@503 - main]&amp#27;[m &amp#27;[36mcom.shaft.tools.io.ReportManager&amp#27;[m : Successfully created attachment "API Request - Specifications"
2023-02-07 11:01:06.529 &amp#27;[32m INFO&amp#27;[m &amp#27;[35m[@503 - main]&amp#27;[m &amp#27;[36mcom.shaft.tools.io.ReportManager&amp#27;[m : Successfully created attachment "API Request - JSON Body"
2023-02-07 11:01:06.531 &amp#27;[32m INFO&amp#27;[m &amp#27;[35m[@503 - main]&amp#27;[m &amp#27;[36mcom.shaft.tools.io.ReportManager&amp#27;[m : Successfully created attachment "API Response - JSON Body"
2023-02-07 11:01:06.533 &amp#27;[32m INFO&amp#27;[m &amp#27;[35m[@503 - main]&amp#27;[m &amp#27;[36mcom.shaft.tools.io.ReportManager&amp#27;[m : Successfully created attachment "SHAFT Engine Logs - Current Method log: InValid_Update_Payment_Policy_With_InValid_Token_TC"
]]></system-out>
  </testcase>
  <testcase name="InValid_Update_Payment_Policy_With_Missing_Token_TC[[Ljava.lang.Object;@616bf8c4](1)" classname="SteeringCompanyAPI_TestCases.Test_Policies_Cases" time="0.944">
    <system-out><![CDATA[2023-02-07 11:01:06.543 &amp#27;[32m INFO&amp#27;[m &amp#27;[35m[@534 - main]&amp#27;[m &amp#27;[36mcom.shaft.tools.io.ReportManager&amp#27;[m : 
################################################################################################################################################
Starting Execution:	"267 out of 107" test cases in the current suite
Test Method:		"SteeringCompanyAPI_TestCases.Test_Policies_Cases.InValid_Update_Payment_Policy_With_Missing_Token_TC"
Test Description:	"TC036 -Policy- Perform Update Payment Policy With Missing Token"
################################################################################################################################################
2023-02-07 11:01:06.544 &amp#27;[32m INFO&amp#27;[m &amp#27;[35m[@503 - main]&amp#27;[m &amp#27;[36mcom.shaft.tools.io.ReportManager&amp#27;[m : File Action "DoesFileExist" successfully performed. With the following test data "File Path: "SteeringCompanyAPI_TestData/SteeringCompanyAPI_TestData.xlsx"".
2023-02-07 11:01:06.580 &amp#27;[32m INFO&amp#27;[m &amp#27;[35m[@503 - main]&amp#27;[m &amp#27;[36mcom.shaft.tools.io.ReportManager&amp#27;[m : Successfully created attachment "Test Data - Excel"
2023-02-07 11:01:06.580 &amp#27;[32m INFO&amp#27;[m &amp#27;[35m[@503 - main]&amp#27;[m &amp#27;[36mcom.shaft.tools.io.ReportManager&amp#27;[m : File Action "DoesFileExist" successfully performed. With the following test data "File Path: "SteeringCompanyAPI_TestData/SteeringCompanyAPI_TestData.xlsx"".
2023-02-07 11:01:06.600 &amp#27;[32m INFO&amp#27;[m &amp#27;[35m[@503 - main]&amp#27;[m &amp#27;[36mcom.shaft.tools.io.ReportManager&amp#27;[m : Successfully created attachment "Test Data - Excel"
2023-02-07 11:01:06.601 &amp#27;[32m INFO&amp#27;[m &amp#27;[35m[@503 - main]&amp#27;[m &amp#27;[36mcom.shaft.tools.io.ReportManager&amp#27;[m : File Action "DoesFileExist" successfully performed. With the following test data "File Path: "SteeringCompanyAPI_TestData/SteeringCompanyAPI_TestData.xlsx"".
2023-02-07 11:01:06.617 &amp#27;[32m INFO&amp#27;[m &amp#27;[35m[@503 - main]&amp#27;[m &amp#27;[36mcom.shaft.tools.io.ReportManager&amp#27;[m : Successfully created attachment "Test Data - Excel"
2023-02-07 11:01:07.454 &amp#27;[32m INFO&amp#27;[m &amp#27;[35m[@503 - main]&amp#27;[m &amp#27;[36mcom.shaft.tools.io.ReportManager&amp#27;[m : Response status code: "401", status line: "HTTP/1.1 401 "
2023-02-07 11:01:07.469 &amp#27;[32m INFO&amp#27;[m &amp#27;[35m[@503 - main]&amp#27;[m &amp#27;[36mcom.shaft.tools.io.ReportManager&amp#27;[m : Successfully created attachment "API Request - Specifications"
2023-02-07 11:01:07.470 &amp#27;[32m INFO&amp#27;[m &amp#27;[35m[@503 - main]&amp#27;[m &amp#27;[36mcom.shaft.tools.io.ReportManager&amp#27;[m : Successfully created attachment "API Request - JSON Body"
2023-02-07 11:01:07.473 &amp#27;[32m INFO&amp#27;[m &amp#27;[35m[@503 - main]&amp#27;[m &amp#27;[36mcom.shaft.tools.io.ReportManager&amp#27;[m : Successfully created attachment "API Response - JSON Body"
2023-02-07 11:01:07.473 &amp#27;[32m INFO&amp#27;[m &amp#27;[35m[@503 - main]&amp#27;[m &amp#27;[36mcom.shaft.tools.io.ReportManager&amp#27;[m : File Action "DoesFileExist" successfully performed. With the following test data "File Path: "Schemas/InvalidTokenRequest_Unauthorized_schema.json"".
2023-02-07 11:01:07.473 &amp#27;[32m INFO&amp#27;[m &amp#27;[35m[@503 - main]&amp#27;[m &amp#27;[36mcom.shaft.tools.io.ReportManager&amp#27;[m : File Action "DoesFileExist" successfully performed. With the following test data "File Path: "src/test/resources/testDataFiles/Schemas/InvalidTokenRequest_Unauthorized_schema.json"".
2023-02-07 11:01:07.473 &amp#27;[32m INFO&amp#27;[m &amp#27;[35m[@503 - main]&amp#27;[m &amp#27;[36mcom.shaft.tools.io.ReportManager&amp#27;[m : File Action "GetAbsolutePath" successfully performed. With the following test data "Relative Folder Path: "src/test/resources/testDataFiles/Schemas/InvalidTokenRequest_Unauthorized_schema.json"".
2023-02-07 11:01:07.474 &amp#27;[32m INFO&amp#27;[m &amp#27;[35m[@503 - main]&amp#27;[m &amp#27;[36mcom.shaft.tools.io.ReportManager&amp#27;[m : File Action "DoesFileExist" successfully performed. With the following test data "File Path: "C:\eclipse-workspace\MyProjects\TASystemsAPIs\src\test\resources\testDataFiles\Schemas\InvalidTokenRequest_Unauthorized_schema.json"".
2023-02-07 11:01:07.474 &amp#27;[32m INFO&amp#27;[m &amp#27;[35m[@503 - main]&amp#27;[m &amp#27;[36mcom.shaft.tools.io.ReportManager&amp#27;[m : File Action "GetAbsolutePath" successfully performed. With the following test data "Relative Folder Path: "C:\eclipse-workspace\MyProjects\TASystemsAPIs\src\test\resources\testDataFiles\Schemas\InvalidTokenRequest_Unauthorized_schema.json"".
2023-02-07 11:01:07.475 &amp#27;[32m INFO&amp#27;[m &amp#27;[35m[@503 - main]&amp#27;[m &amp#27;[36mcom.shaft.tools.io.ReportManager&amp#27;[m : File Action "ReadFile" successfully performed. With the following test data "File Path: "C:\eclipse-workspace\MyProjects\TASystemsAPIs\src\test\resources\testDataFiles\Schemas\InvalidTokenRequest_Unauthorized_schema.json"".
2023-02-07 11:01:07.476 &amp#27;[32m INFO&amp#27;[m &amp#27;[35m[@503 - main]&amp#27;[m &amp#27;[36mcom.shaft.tools.io.ReportManager&amp#27;[m : Successfully created attachment "Validation Test Data - Expected JSON Value"
2023-02-07 11:01:07.479 &amp#27;[32m INFO&amp#27;[m &amp#27;[35m[@503 - main]&amp#27;[m &amp#27;[36mcom.shaft.tools.io.ReportManager&amp#27;[m : Successfully created attachment "Validation Test Data - Actual JSON Value"
2023-02-07 11:01:07.480 &amp#27;[32m INFO&amp#27;[m &amp#27;[35m[@503 - main]&amp#27;[m &amp#27;[36mcom.shaft.tools.io.ReportManager&amp#27;[m : Successfully created attachment "SHAFT Engine Logs - Current Method log: InValid_Update_Payment_Policy_With_Missing_Token_TC"
]]></system-out>
  </testcase>
  <testcase name="InValid_Update_Payment_Policy_With_Missing_Token_TC[[Ljava.lang.Object;@27adff31](2)" classname="SteeringCompanyAPI_TestCases.Test_Policies_Cases" time="1.638">
    <system-out><![CDATA[2023-02-07 11:01:07.486 &amp#27;[32m INFO&amp#27;[m &amp#27;[35m[@534 - main]&amp#27;[m &amp#27;[36mcom.shaft.tools.io.ReportManager&amp#27;[m : 
################################################################################################################################################
Starting Execution:	"268 out of 107" test cases in the current suite
Test Method:		"SteeringCompanyAPI_TestCases.Test_Policies_Cases.InValid_Update_Payment_Policy_With_Missing_Token_TC"
Test Description:	"TC036 -Policy- Perform Update Payment Policy With Missing Token"
################################################################################################################################################
2023-02-07 11:01:07.486 &amp#27;[32m INFO&amp#27;[m &amp#27;[35m[@503 - main]&amp#27;[m &amp#27;[36mcom.shaft.tools.io.ReportManager&amp#27;[m : File Action "DoesFileExist" successfully performed. With the following test data "File Path: "SteeringCompanyAPI_TestData/SteeringCompanyAPI_TestData.xlsx"".
2023-02-07 11:01:07.517 &amp#27;[32m INFO&amp#27;[m &amp#27;[35m[@503 - main]&amp#27;[m &amp#27;[36mcom.shaft.tools.io.ReportManager&amp#27;[m : Successfully created attachment "Test Data - Excel"
2023-02-07 11:01:07.517 &amp#27;[32m INFO&amp#27;[m &amp#27;[35m[@503 - main]&amp#27;[m &amp#27;[36mcom.shaft.tools.io.ReportManager&amp#27;[m : File Action "DoesFileExist" successfully performed. With the following test data "File Path: "SteeringCompanyAPI_TestData/SteeringCompanyAPI_TestData.xlsx"".
2023-02-07 11:01:07.554 &amp#27;[32m INFO&amp#27;[m &amp#27;[35m[@503 - main]&amp#27;[m &amp#27;[36mcom.shaft.tools.io.ReportManager&amp#27;[m : Successfully created attachment "Test Data - Excel"
2023-02-07 11:01:07.554 &amp#27;[32m INFO&amp#27;[m &amp#27;[35m[@503 - main]&amp#27;[m &amp#27;[36mcom.shaft.tools.io.ReportManager&amp#27;[m : File Action "DoesFileExist" successfully performed. With the following test data "File Path: "SteeringCompanyAPI_TestData/SteeringCompanyAPI_TestData.xlsx"".
2023-02-07 11:01:07.590 &amp#27;[32m INFO&amp#27;[m &amp#27;[35m[@503 - main]&amp#27;[m &amp#27;[36mcom.shaft.tools.io.ReportManager&amp#27;[m : Successfully created attachment "Test Data - Excel"
2023-02-07 11:01:09.105 &amp#27;[32m INFO&amp#27;[m &amp#27;[35m[@503 - main]&amp#27;[m &amp#27;[36mcom.shaft.tools.io.ReportManager&amp#27;[m : Response status code: "401", status line: "HTTP/1.1 401 "
2023-02-07 11:01:09.114 &amp#27;[32m INFO&amp#27;[m &amp#27;[35m[@503 - main]&amp#27;[m &amp#27;[36mcom.shaft.tools.io.ReportManager&amp#27;[m : Successfully created attachment "API Request - Specifications"
2023-02-07 11:01:09.114 &amp#27;[32m INFO&amp#27;[m &amp#27;[35m[@503 - main]&amp#27;[m &amp#27;[36mcom.shaft.tools.io.ReportManager&amp#27;[m : Successfully created attachment "API Request - JSON Body"
2023-02-07 11:01:09.116 &amp#27;[32m INFO&amp#27;[m &amp#27;[35m[@503 - main]&amp#27;[m &amp#27;[36mcom.shaft.tools.io.ReportManager&amp#27;[m : Successfully created attachment "API Response - JSON Body"
2023-02-07 11:01:09.117 &amp#27;[32m INFO&amp#27;[m &amp#27;[35m[@503 - main]&amp#27;[m &amp#27;[36mcom.shaft.tools.io.ReportManager&amp#27;[m : File Action "DoesFileExist" successfully performed. With the following test data "File Path: "Schemas/InvalidTokenRequest_Unauthorized_schema.json"".
2023-02-07 11:01:09.117 &amp#27;[32m INFO&amp#27;[m &amp#27;[35m[@503 - main]&amp#27;[m &amp#27;[36mcom.shaft.tools.io.ReportManager&amp#27;[m : File Action "DoesFileExist" successfully performed. With the following test data "File Path: "src/test/resources/testDataFiles/Schemas/InvalidTokenRequest_Unauthorized_schema.json"".
2023-02-07 11:01:09.117 &amp#27;[32m INFO&amp#27;[m &amp#27;[35m[@503 - main]&amp#27;[m &amp#27;[36mcom.shaft.tools.io.ReportManager&amp#27;[m : File Action "GetAbsolutePath" successfully performed. With the following test data "Relative Folder Path: "src/test/resources/testDataFiles/Schemas/InvalidTokenRequest_Unauthorized_schema.json"".
2023-02-07 11:01:09.118 &amp#27;[32m INFO&amp#27;[m &amp#27;[35m[@503 - main]&amp#27;[m &amp#27;[36mcom.shaft.tools.io.ReportManager&amp#27;[m : File Action "DoesFileExist" successfully performed. With the following test data "File Path: "C:\eclipse-workspace\MyProjects\TASystemsAPIs\src\test\resources\testDataFiles\Schemas\InvalidTokenRequest_Unauthorized_schema.json"".
2023-02-07 11:01:09.118 &amp#27;[32m INFO&amp#27;[m &amp#27;[35m[@503 - main]&amp#27;[m &amp#27;[36mcom.shaft.tools.io.ReportManager&amp#27;[m : File Action "GetAbsolutePath" successfully performed. With the following test data "Relative Folder Path: "C:\eclipse-workspace\MyProjects\TASystemsAPIs\src\test\resources\testDataFiles\Schemas\InvalidTokenRequest_Unauthorized_schema.json"".
2023-02-07 11:01:09.118 &amp#27;[32m INFO&amp#27;[m &amp#27;[35m[@503 - main]&amp#27;[m &amp#27;[36mcom.shaft.tools.io.ReportManager&amp#27;[m : File Action "ReadFile" successfully performed. With the following test data "File Path: "C:\eclipse-workspace\MyProjects\TASystemsAPIs\src\test\resources\testDataFiles\Schemas\InvalidTokenRequest_Unauthorized_schema.json"".
2023-02-07 11:01:09.120 &amp#27;[32m INFO&amp#27;[m &amp#27;[35m[@503 - main]&amp#27;[m &amp#27;[36mcom.shaft.tools.io.ReportManager&amp#27;[m : Successfully created attachment "Validation Test Data - Expected JSON Value"
2023-02-07 11:01:09.121 &amp#27;[32m INFO&amp#27;[m &amp#27;[35m[@503 - main]&amp#27;[m &amp#27;[36mcom.shaft.tools.io.ReportManager&amp#27;[m : Successfully created attachment "Validation Test Data - Actual JSON Value"
2023-02-07 11:01:09.122 &amp#27;[32m INFO&amp#27;[m &amp#27;[35m[@503 - main]&amp#27;[m &amp#27;[36mcom.shaft.tools.io.ReportManager&amp#27;[m : Successfully created attachment "SHAFT Engine Logs - Current Method log: InValid_Update_Payment_Policy_With_Missing_Token_TC"
]]></system-out>
  </testcase>
  <testcase name="InValid_Update_Tax_Policy_With_InValid_Token_TC[[Ljava.lang.Object;@a4e0b08](1)" classname="SteeringCompanyAPI_TestCases.Test_Policies_Cases" time="0.651">
    <system-out><![CDATA[2023-02-07 11:01:09.133 &amp#27;[32m INFO&amp#27;[m &amp#27;[35m[@534 - main]&amp#27;[m &amp#27;[36mcom.shaft.tools.io.ReportManager&amp#27;[m : 
################################################################################################################################################
Starting Execution:	"269 out of 107" test cases in the current suite
Test Method:		"SteeringCompanyAPI_TestCases.Test_Policies_Cases.InValid_Update_Tax_Policy_With_InValid_Token_TC"
Test Description:	"TC033 -Policy- Perform Update Tax Policy With Invalid/Expired Token"
################################################################################################################################################
2023-02-07 11:01:09.133 &amp#27;[32m INFO&amp#27;[m &amp#27;[35m[@503 - main]&amp#27;[m &amp#27;[36mcom.shaft.tools.io.ReportManager&amp#27;[m : File Action "DoesFileExist" successfully performed. With the following test data "File Path: "SteeringCompanyAPI_TestData/SteeringCompanyAPI_TestData.xlsx"".
2023-02-07 11:01:09.178 &amp#27;[32m INFO&amp#27;[m &amp#27;[35m[@503 - main]&amp#27;[m &amp#27;[36mcom.shaft.tools.io.ReportManager&amp#27;[m : Successfully created attachment "Test Data - Excel"
2023-02-07 11:01:09.179 &amp#27;[32m INFO&amp#27;[m &amp#27;[35m[@503 - main]&amp#27;[m &amp#27;[36mcom.shaft.tools.io.ReportManager&amp#27;[m : File Action "DoesFileExist" successfully performed. With the following test data "File Path: "SteeringCompanyAPI_TestData/SteeringCompanyAPI_TestData.xlsx"".
2023-02-07 11:01:09.210 &amp#27;[32m INFO&amp#27;[m &amp#27;[35m[@503 - main]&amp#27;[m &amp#27;[36mcom.shaft.tools.io.ReportManager&amp#27;[m : Successfully created attachment "Test Data - Excel"
2023-02-07 11:01:09.210 &amp#27;[32m INFO&amp#27;[m &amp#27;[35m[@503 - main]&amp#27;[m &amp#27;[36mcom.shaft.tools.io.ReportManager&amp#27;[m : File Action "DoesFileExist" successfully performed. With the following test data "File Path: "SteeringCompanyAPI_TestData/SteeringCompanyAPI_TestData.xlsx"".
2023-02-07 11:01:09.241 &amp#27;[32m INFO&amp#27;[m &amp#27;[35m[@503 - main]&amp#27;[m &amp#27;[36mcom.shaft.tools.io.ReportManager&amp#27;[m : Successfully created attachment "Test Data - Excel"
2023-02-07 11:01:09.774 &amp#27;[32m INFO&amp#27;[m &amp#27;[35m[@503 - main]&amp#27;[m &amp#27;[36mcom.shaft.tools.io.ReportManager&amp#27;[m : Response status code: "401", status line: "HTTP/1.1 401 "
2023-02-07 11:01:09.777 &amp#27;[32m INFO&amp#27;[m &amp#27;[35m[@503 - main]&amp#27;[m &amp#27;[36mcom.shaft.tools.io.ReportManager&amp#27;[m : Successfully created attachment "API Request - Specifications"
2023-02-07 11:01:09.778 &amp#27;[32m INFO&amp#27;[m &amp#27;[35m[@503 - main]&amp#27;[m &amp#27;[36mcom.shaft.tools.io.ReportManager&amp#27;[m : Successfully created attachment "API Request - JSON Body"
2023-02-07 11:01:09.779 &amp#27;[32m INFO&amp#27;[m &amp#27;[35m[@503 - main]&amp#27;[m &amp#27;[36mcom.shaft.tools.io.ReportManager&amp#27;[m : Successfully created attachment "API Response - JSON Body"
2023-02-07 11:01:09.781 &amp#27;[32m INFO&amp#27;[m &amp#27;[35m[@503 - main]&amp#27;[m &amp#27;[36mcom.shaft.tools.io.ReportManager&amp#27;[m : Successfully created attachment "SHAFT Engine Logs - Current Method log: InValid_Update_Tax_Policy_With_InValid_Token_TC"
]]></system-out>
  </testcase>
  <testcase name="InValid_Update_Tax_Policy_With_InValid_Token_TC[[Ljava.lang.Object;@422b7a6c](2)" classname="SteeringCompanyAPI_TestCases.Test_Policies_Cases" time="0.64">
    <system-out><![CDATA[2023-02-07 11:01:09.783 &amp#27;[32m INFO&amp#27;[m &amp#27;[35m[@534 - main]&amp#27;[m &amp#27;[36mcom.shaft.tools.io.ReportManager&amp#27;[m : 
################################################################################################################################################
Starting Execution:	"270 out of 107" test cases in the current suite
Test Method:		"SteeringCompanyAPI_TestCases.Test_Policies_Cases.InValid_Update_Tax_Policy_With_InValid_Token_TC"
Test Description:	"TC033 -Policy- Perform Update Tax Policy With Invalid/Expired Token"
################################################################################################################################################
2023-02-07 11:01:09.783 &amp#27;[32m INFO&amp#27;[m &amp#27;[35m[@503 - main]&amp#27;[m &amp#27;[36mcom.shaft.tools.io.ReportManager&amp#27;[m : File Action "DoesFileExist" successfully performed. With the following test data "File Path: "SteeringCompanyAPI_TestData/SteeringCompanyAPI_TestData.xlsx"".
2023-02-07 11:01:09.805 &amp#27;[32m INFO&amp#27;[m &amp#27;[35m[@503 - main]&amp#27;[m &amp#27;[36mcom.shaft.tools.io.ReportManager&amp#27;[m : Successfully created attachment "Test Data - Excel"
2023-02-07 11:01:09.806 &amp#27;[32m INFO&amp#27;[m &amp#27;[35m[@503 - main]&amp#27;[m &amp#27;[36mcom.shaft.tools.io.ReportManager&amp#27;[m : File Action "DoesFileExist" successfully performed. With the following test data "File Path: "SteeringCompanyAPI_TestData/SteeringCompanyAPI_TestData.xlsx"".
2023-02-07 11:01:09.829 &amp#27;[32m INFO&amp#27;[m &amp#27;[35m[@503 - main]&amp#27;[m &amp#27;[36mcom.shaft.tools.io.ReportManager&amp#27;[m : Successfully created attachment "Test Data - Excel"
2023-02-07 11:01:09.829 &amp#27;[32m INFO&amp#27;[m &amp#27;[35m[@503 - main]&amp#27;[m &amp#27;[36mcom.shaft.tools.io.ReportManager&amp#27;[m : File Action "DoesFileExist" successfully performed. With the following test data "File Path: "SteeringCompanyAPI_TestData/SteeringCompanyAPI_TestData.xlsx"".
2023-02-07 11:01:09.865 &amp#27;[32m INFO&amp#27;[m &amp#27;[35m[@503 - main]&amp#27;[m &amp#27;[36mcom.shaft.tools.io.ReportManager&amp#27;[m : Successfully created attachment "Test Data - Excel"
2023-02-07 11:01:10.415 &amp#27;[32m INFO&amp#27;[m &amp#27;[35m[@503 - main]&amp#27;[m &amp#27;[36mcom.shaft.tools.io.ReportManager&amp#27;[m : Response status code: "401", status line: "HTTP/1.1 401 "
2023-02-07 11:01:10.417 &amp#27;[32m INFO&amp#27;[m &amp#27;[35m[@503 - main]&amp#27;[m &amp#27;[36mcom.shaft.tools.io.ReportManager&amp#27;[m : Successfully created attachment "API Request - Specifications"
2023-02-07 11:01:10.418 &amp#27;[32m INFO&amp#27;[m &amp#27;[35m[@503 - main]&amp#27;[m &amp#27;[36mcom.shaft.tools.io.ReportManager&amp#27;[m : Successfully created attachment "API Request - JSON Body"
2023-02-07 11:01:10.418 &amp#27;[32m INFO&amp#27;[m &amp#27;[35m[@503 - main]&amp#27;[m &amp#27;[36mcom.shaft.tools.io.ReportManager&amp#27;[m : Successfully created attachment "API Response - JSON Body"
2023-02-07 11:01:10.421 &amp#27;[32m INFO&amp#27;[m &amp#27;[35m[@503 - main]&amp#27;[m &amp#27;[36mcom.shaft.tools.io.ReportManager&amp#27;[m : Successfully created attachment "SHAFT Engine Logs - Current Method log: InValid_Update_Tax_Policy_With_InValid_Token_TC"
]]></system-out>
  </testcase>
  <testcase name="InValid_Update_Tax_Policy_With_Missing_Token_TC[[Ljava.lang.Object;@55132e22](1)" classname="SteeringCompanyAPI_TestCases.Test_Policies_Cases" time="0.623">
    <system-out><![CDATA[2023-02-07 11:01:10.429 &amp#27;[32m INFO&amp#27;[m &amp#27;[35m[@534 - main]&amp#27;[m &amp#27;[36mcom.shaft.tools.io.ReportManager&amp#27;[m : 
################################################################################################################################################
Starting Execution:	"271 out of 107" test cases in the current suite
Test Method:		"SteeringCompanyAPI_TestCases.Test_Policies_Cases.InValid_Update_Tax_Policy_With_Missing_Token_TC"
Test Description:	"TC032 -Policy- Perform Update Tax Policy With Missing Token"
################################################################################################################################################
2023-02-07 11:01:10.430 &amp#27;[32m INFO&amp#27;[m &amp#27;[35m[@503 - main]&amp#27;[m &amp#27;[36mcom.shaft.tools.io.ReportManager&amp#27;[m : File Action "DoesFileExist" successfully performed. With the following test data "File Path: "SteeringCompanyAPI_TestData/SteeringCompanyAPI_TestData.xlsx"".
2023-02-07 11:01:10.457 &amp#27;[32m INFO&amp#27;[m &amp#27;[35m[@503 - main]&amp#27;[m &amp#27;[36mcom.shaft.tools.io.ReportManager&amp#27;[m : Successfully created attachment "Test Data - Excel"
2023-02-07 11:01:10.458 &amp#27;[32m INFO&amp#27;[m &amp#27;[35m[@503 - main]&amp#27;[m &amp#27;[36mcom.shaft.tools.io.ReportManager&amp#27;[m : File Action "DoesFileExist" successfully performed. With the following test data "File Path: "SteeringCompanyAPI_TestData/SteeringCompanyAPI_TestData.xlsx"".
2023-02-07 11:01:10.475 &amp#27;[32m INFO&amp#27;[m &amp#27;[35m[@503 - main]&amp#27;[m &amp#27;[36mcom.shaft.tools.io.ReportManager&amp#27;[m : Successfully created attachment "Test Data - Excel"
2023-02-07 11:01:10.475 &amp#27;[32m INFO&amp#27;[m &amp#27;[35m[@503 - main]&amp#27;[m &amp#27;[36mcom.shaft.tools.io.ReportManager&amp#27;[m : File Action "DoesFileExist" successfully performed. With the following test data "File Path: "SteeringCompanyAPI_TestData/SteeringCompanyAPI_TestData.xlsx"".
2023-02-07 11:01:10.505 &amp#27;[32m INFO&amp#27;[m &amp#27;[35m[@503 - main]&amp#27;[m &amp#27;[36mcom.shaft.tools.io.ReportManager&amp#27;[m : Successfully created attachment "Test Data - Excel"
2023-02-07 11:01:11.031 &amp#27;[32m INFO&amp#27;[m &amp#27;[35m[@503 - main]&amp#27;[m &amp#27;[36mcom.shaft.tools.io.ReportManager&amp#27;[m : Response status code: "401", status line: "HTTP/1.1 401 "
2023-02-07 11:01:11.041 &amp#27;[32m INFO&amp#27;[m &amp#27;[35m[@503 - main]&amp#27;[m &amp#27;[36mcom.shaft.tools.io.ReportManager&amp#27;[m : Successfully created attachment "API Request - Specifications"
2023-02-07 11:01:11.042 &amp#27;[32m INFO&amp#27;[m &amp#27;[35m[@503 - main]&amp#27;[m &amp#27;[36mcom.shaft.tools.io.ReportManager&amp#27;[m : Successfully created attachment "API Request - JSON Body"
2023-02-07 11:01:11.042 &amp#27;[32m INFO&amp#27;[m &amp#27;[35m[@503 - main]&amp#27;[m &amp#27;[36mcom.shaft.tools.io.ReportManager&amp#27;[m : Successfully created attachment "API Response - JSON Body"
2023-02-07 11:01:11.043 &amp#27;[32m INFO&amp#27;[m &amp#27;[35m[@503 - main]&amp#27;[m &amp#27;[36mcom.shaft.tools.io.ReportManager&amp#27;[m : File Action "DoesFileExist" successfully performed. With the following test data "File Path: "Schemas/InvalidTokenRequest_Unauthorized_schema.json"".
2023-02-07 11:01:11.043 &amp#27;[32m INFO&amp#27;[m &amp#27;[35m[@503 - main]&amp#27;[m &amp#27;[36mcom.shaft.tools.io.ReportManager&amp#27;[m : File Action "DoesFileExist" successfully performed. With the following test data "File Path: "src/test/resources/testDataFiles/Schemas/InvalidTokenRequest_Unauthorized_schema.json"".
2023-02-07 11:01:11.043 &amp#27;[32m INFO&amp#27;[m &amp#27;[35m[@503 - main]&amp#27;[m &amp#27;[36mcom.shaft.tools.io.ReportManager&amp#27;[m : File Action "GetAbsolutePath" successfully performed. With the following test data "Relative Folder Path: "src/test/resources/testDataFiles/Schemas/InvalidTokenRequest_Unauthorized_schema.json"".
2023-02-07 11:01:11.045 &amp#27;[32m INFO&amp#27;[m &amp#27;[35m[@503 - main]&amp#27;[m &amp#27;[36mcom.shaft.tools.io.ReportManager&amp#27;[m : File Action "DoesFileExist" successfully performed. With the following test data "File Path: "C:\eclipse-workspace\MyProjects\TASystemsAPIs\src\test\resources\testDataFiles\Schemas\InvalidTokenRequest_Unauthorized_schema.json"".
2023-02-07 11:01:11.045 &amp#27;[32m INFO&amp#27;[m &amp#27;[35m[@503 - main]&amp#27;[m &amp#27;[36mcom.shaft.tools.io.ReportManager&amp#27;[m : File Action "GetAbsolutePath" successfully performed. With the following test data "Relative Folder Path: "C:\eclipse-workspace\MyProjects\TASystemsAPIs\src\test\resources\testDataFiles\Schemas\InvalidTokenRequest_Unauthorized_schema.json"".
2023-02-07 11:01:11.045 &amp#27;[32m INFO&amp#27;[m &amp#27;[35m[@503 - main]&amp#27;[m &amp#27;[36mcom.shaft.tools.io.ReportManager&amp#27;[m : File Action "ReadFile" successfully performed. With the following test data "File Path: "C:\eclipse-workspace\MyProjects\TASystemsAPIs\src\test\resources\testDataFiles\Schemas\InvalidTokenRequest_Unauthorized_schema.json"".
2023-02-07 11:01:11.047 &amp#27;[32m INFO&amp#27;[m &amp#27;[35m[@503 - main]&amp#27;[m &amp#27;[36mcom.shaft.tools.io.ReportManager&amp#27;[m : Successfully created attachment "Validation Test Data - Expected JSON Value"
2023-02-07 11:01:11.049 &amp#27;[32m INFO&amp#27;[m &amp#27;[35m[@503 - main]&amp#27;[m &amp#27;[36mcom.shaft.tools.io.ReportManager&amp#27;[m : Successfully created attachment "Validation Test Data - Actual JSON Value"
2023-02-07 11:01:11.050 &amp#27;[32m INFO&amp#27;[m &amp#27;[35m[@503 - main]&amp#27;[m &amp#27;[36mcom.shaft.tools.io.ReportManager&amp#27;[m : Successfully created attachment "SHAFT Engine Logs - Current Method log: InValid_Update_Tax_Policy_With_Missing_Token_TC"
]]></system-out>
  </testcase>
  <testcase name="InValid_Update_Tax_Policy_With_Missing_Token_TC[[Ljava.lang.Object;@5d7f1824](2)" classname="SteeringCompanyAPI_TestCases.Test_Policies_Cases" time="0.608">
    <system-out><![CDATA[2023-02-07 11:01:11.051 &amp#27;[32m INFO&amp#27;[m &amp#27;[35m[@534 - main]&amp#27;[m &amp#27;[36mcom.shaft.tools.io.ReportManager&amp#27;[m : 
################################################################################################################################################
Starting Execution:	"272 out of 107" test cases in the current suite
Test Method:		"SteeringCompanyAPI_TestCases.Test_Policies_Cases.InValid_Update_Tax_Policy_With_Missing_Token_TC"
Test Description:	"TC032 -Policy- Perform Update Tax Policy With Missing Token"
################################################################################################################################################
2023-02-07 11:01:11.052 &amp#27;[32m INFO&amp#27;[m &amp#27;[35m[@503 - main]&amp#27;[m &amp#27;[36mcom.shaft.tools.io.ReportManager&amp#27;[m : File Action "DoesFileExist" successfully performed. With the following test data "File Path: "SteeringCompanyAPI_TestData/SteeringCompanyAPI_TestData.xlsx"".
2023-02-07 11:01:11.084 &amp#27;[32m INFO&amp#27;[m &amp#27;[35m[@503 - main]&amp#27;[m &amp#27;[36mcom.shaft.tools.io.ReportManager&amp#27;[m : Successfully created attachment "Test Data - Excel"
2023-02-07 11:01:11.085 &amp#27;[32m INFO&amp#27;[m &amp#27;[35m[@503 - main]&amp#27;[m &amp#27;[36mcom.shaft.tools.io.ReportManager&amp#27;[m : File Action "DoesFileExist" successfully performed. With the following test data "File Path: "SteeringCompanyAPI_TestData/SteeringCompanyAPI_TestData.xlsx"".
2023-02-07 11:01:11.107 &amp#27;[32m INFO&amp#27;[m &amp#27;[35m[@503 - main]&amp#27;[m &amp#27;[36mcom.shaft.tools.io.ReportManager&amp#27;[m : Successfully created attachment "Test Data - Excel"
2023-02-07 11:01:11.108 &amp#27;[32m INFO&amp#27;[m &amp#27;[35m[@503 - main]&amp#27;[m &amp#27;[36mcom.shaft.tools.io.ReportManager&amp#27;[m : File Action "DoesFileExist" successfully performed. With the following test data "File Path: "SteeringCompanyAPI_TestData/SteeringCompanyAPI_TestData.xlsx"".
2023-02-07 11:01:11.142 &amp#27;[32m INFO&amp#27;[m &amp#27;[35m[@503 - main]&amp#27;[m &amp#27;[36mcom.shaft.tools.io.ReportManager&amp#27;[m : Successfully created attachment "Test Data - Excel"
2023-02-07 11:01:11.633 &amp#27;[32m INFO&amp#27;[m &amp#27;[35m[@503 - main]&amp#27;[m &amp#27;[36mcom.shaft.tools.io.ReportManager&amp#27;[m : Response status code: "401", status line: "HTTP/1.1 401 "
2023-02-07 11:01:11.648 &amp#27;[32m INFO&amp#27;[m &amp#27;[35m[@503 - main]&amp#27;[m &amp#27;[36mcom.shaft.tools.io.ReportManager&amp#27;[m : Successfully created attachment "API Request - Specifications"
2023-02-07 11:01:11.649 &amp#27;[32m INFO&amp#27;[m &amp#27;[35m[@503 - main]&amp#27;[m &amp#27;[36mcom.shaft.tools.io.ReportManager&amp#27;[m : Successfully created attachment "API Request - JSON Body"
2023-02-07 11:01:11.649 &amp#27;[32m INFO&amp#27;[m &amp#27;[35m[@503 - main]&amp#27;[m &amp#27;[36mcom.shaft.tools.io.ReportManager&amp#27;[m : Successfully created attachment "API Response - JSON Body"
2023-02-07 11:01:11.651 &amp#27;[32m INFO&amp#27;[m &amp#27;[35m[@503 - main]&amp#27;[m &amp#27;[36mcom.shaft.tools.io.ReportManager&amp#27;[m : File Action "DoesFileExist" successfully performed. With the following test data "File Path: "Schemas/InvalidTokenRequest_Unauthorized_schema.json"".
2023-02-07 11:01:11.651 &amp#27;[32m INFO&amp#27;[m &amp#27;[35m[@503 - main]&amp#27;[m &amp#27;[36mcom.shaft.tools.io.ReportManager&amp#27;[m : File Action "DoesFileExist" successfully performed. With the following test data "File Path: "src/test/resources/testDataFiles/Schemas/InvalidTokenRequest_Unauthorized_schema.json"".
2023-02-07 11:01:11.651 &amp#27;[32m INFO&amp#27;[m &amp#27;[35m[@503 - main]&amp#27;[m &amp#27;[36mcom.shaft.tools.io.ReportManager&amp#27;[m : File Action "GetAbsolutePath" successfully performed. With the following test data "Relative Folder Path: "src/test/resources/testDataFiles/Schemas/InvalidTokenRequest_Unauthorized_schema.json"".
2023-02-07 11:01:11.653 &amp#27;[32m INFO&amp#27;[m &amp#27;[35m[@503 - main]&amp#27;[m &amp#27;[36mcom.shaft.tools.io.ReportManager&amp#27;[m : File Action "DoesFileExist" successfully performed. With the following test data "File Path: "C:\eclipse-workspace\MyProjects\TASystemsAPIs\src\test\resources\testDataFiles\Schemas\InvalidTokenRequest_Unauthorized_schema.json"".
2023-02-07 11:01:11.653 &amp#27;[32m INFO&amp#27;[m &amp#27;[35m[@503 - main]&amp#27;[m &amp#27;[36mcom.shaft.tools.io.ReportManager&amp#27;[m : File Action "GetAbsolutePath" successfully performed. With the following test data "Relative Folder Path: "C:\eclipse-workspace\MyProjects\TASystemsAPIs\src\test\resources\testDataFiles\Schemas\InvalidTokenRequest_Unauthorized_schema.json"".
2023-02-07 11:01:11.653 &amp#27;[32m INFO&amp#27;[m &amp#27;[35m[@503 - main]&amp#27;[m &amp#27;[36mcom.shaft.tools.io.ReportManager&amp#27;[m : File Action "ReadFile" successfully performed. With the following test data "File Path: "C:\eclipse-workspace\MyProjects\TASystemsAPIs\src\test\resources\testDataFiles\Schemas\InvalidTokenRequest_Unauthorized_schema.json"".
2023-02-07 11:01:11.655 &amp#27;[32m INFO&amp#27;[m &amp#27;[35m[@503 - main]&amp#27;[m &amp#27;[36mcom.shaft.tools.io.ReportManager&amp#27;[m : Successfully created attachment "Validation Test Data - Expected JSON Value"
2023-02-07 11:01:11.656 &amp#27;[32m INFO&amp#27;[m &amp#27;[35m[@503 - main]&amp#27;[m &amp#27;[36mcom.shaft.tools.io.ReportManager&amp#27;[m : Successfully created attachment "Validation Test Data - Actual JSON Value"
2023-02-07 11:01:11.657 &amp#27;[32m INFO&amp#27;[m &amp#27;[35m[@503 - main]&amp#27;[m &amp#27;[36mcom.shaft.tools.io.ReportManager&amp#27;[m : Successfully created attachment "SHAFT Engine Logs - Current Method log: InValid_Update_Tax_Policy_With_Missing_Token_TC"
]]></system-out>
  </testcase>
  <testcase name="InValid_Update_Usage_Policy_With_Invalid_Token_TC[[Ljava.lang.Object;@7d2e42a1](1)" classname="SteeringCompanyAPI_TestCases.Test_Policies_Cases" time="0.609">
    <system-out><![CDATA[2023-02-07 11:01:11.662 &amp#27;[32m INFO&amp#27;[m &amp#27;[35m[@534 - main]&amp#27;[m &amp#27;[36mcom.shaft.tools.io.ReportManager&amp#27;[m : 
################################################################################################################################################
Starting Execution:	"273 out of 107" test cases in the current suite
Test Method:		"SteeringCompanyAPI_TestCases.Test_Policies_Cases.InValid_Update_Usage_Policy_With_Invalid_Token_TC"
Test Description:	"TC035 -Policy- Perform Update Usage Policy With Invalid/Expired Token"
################################################################################################################################################
2023-02-07 11:01:11.663 &amp#27;[32m INFO&amp#27;[m &amp#27;[35m[@503 - main]&amp#27;[m &amp#27;[36mcom.shaft.tools.io.ReportManager&amp#27;[m : File Action "DoesFileExist" successfully performed. With the following test data "File Path: "SteeringCompanyAPI_TestData/SteeringCompanyAPI_TestData.xlsx"".
2023-02-07 11:01:11.698 &amp#27;[32m INFO&amp#27;[m &amp#27;[35m[@503 - main]&amp#27;[m &amp#27;[36mcom.shaft.tools.io.ReportManager&amp#27;[m : Successfully created attachment "Test Data - Excel"
2023-02-07 11:01:11.699 &amp#27;[32m INFO&amp#27;[m &amp#27;[35m[@503 - main]&amp#27;[m &amp#27;[36mcom.shaft.tools.io.ReportManager&amp#27;[m : File Action "DoesFileExist" successfully performed. With the following test data "File Path: "SteeringCompanyAPI_TestData/SteeringCompanyAPI_TestData.xlsx"".
2023-02-07 11:01:11.738 &amp#27;[32m INFO&amp#27;[m &amp#27;[35m[@503 - main]&amp#27;[m &amp#27;[36mcom.shaft.tools.io.ReportManager&amp#27;[m : Successfully created attachment "Test Data - Excel"
2023-02-07 11:01:11.738 &amp#27;[32m INFO&amp#27;[m &amp#27;[35m[@503 - main]&amp#27;[m &amp#27;[36mcom.shaft.tools.io.ReportManager&amp#27;[m : File Action "DoesFileExist" successfully performed. With the following test data "File Path: "SteeringCompanyAPI_TestData/SteeringCompanyAPI_TestData.xlsx"".
2023-02-07 11:01:11.764 &amp#27;[32m INFO&amp#27;[m &amp#27;[35m[@503 - main]&amp#27;[m &amp#27;[36mcom.shaft.tools.io.ReportManager&amp#27;[m : Successfully created attachment "Test Data - Excel"
2023-02-07 11:01:12.264 &amp#27;[32m INFO&amp#27;[m &amp#27;[35m[@503 - main]&amp#27;[m &amp#27;[36mcom.shaft.tools.io.ReportManager&amp#27;[m : Response status code: "401", status line: "HTTP/1.1 401 "
2023-02-07 11:01:12.265 &amp#27;[32m INFO&amp#27;[m &amp#27;[35m[@503 - main]&amp#27;[m &amp#27;[36mcom.shaft.tools.io.ReportManager&amp#27;[m : Successfully created attachment "API Request - Specifications"
2023-02-07 11:01:12.266 &amp#27;[32m INFO&amp#27;[m &amp#27;[35m[@503 - main]&amp#27;[m &amp#27;[36mcom.shaft.tools.io.ReportManager&amp#27;[m : Successfully created attachment "API Request - JSON Body"
2023-02-07 11:01:12.267 &amp#27;[32m INFO&amp#27;[m &amp#27;[35m[@503 - main]&amp#27;[m &amp#27;[36mcom.shaft.tools.io.ReportManager&amp#27;[m : Successfully created attachment "API Response - JSON Body"
2023-02-07 11:01:12.268 &amp#27;[32m INFO&amp#27;[m &amp#27;[35m[@503 - main]&amp#27;[m &amp#27;[36mcom.shaft.tools.io.ReportManager&amp#27;[m : Successfully created attachment "SHAFT Engine Logs - Current Method log: InValid_Update_Usage_Policy_With_Invalid_Token_TC"
]]></system-out>
  </testcase>
  <testcase name="InValid_Update_Usage_Policy_With_Invalid_Token_TC[[Ljava.lang.Object;@231a564e](2)" classname="SteeringCompanyAPI_TestCases.Test_Policies_Cases" time="0.776">
    <system-out><![CDATA[2023-02-07 11:01:12.271 &amp#27;[32m INFO&amp#27;[m &amp#27;[35m[@534 - main]&amp#27;[m &amp#27;[36mcom.shaft.tools.io.ReportManager&amp#27;[m : 
################################################################################################################################################
Starting Execution:	"274 out of 107" test cases in the current suite
Test Method:		"SteeringCompanyAPI_TestCases.Test_Policies_Cases.InValid_Update_Usage_Policy_With_Invalid_Token_TC"
Test Description:	"TC035 -Policy- Perform Update Usage Policy With Invalid/Expired Token"
################################################################################################################################################
2023-02-07 11:01:12.271 &amp#27;[32m INFO&amp#27;[m &amp#27;[35m[@503 - main]&amp#27;[m &amp#27;[36mcom.shaft.tools.io.ReportManager&amp#27;[m : File Action "DoesFileExist" successfully performed. With the following test data "File Path: "SteeringCompanyAPI_TestData/SteeringCompanyAPI_TestData.xlsx"".
2023-02-07 11:01:12.292 &amp#27;[32m INFO&amp#27;[m &amp#27;[35m[@503 - main]&amp#27;[m &amp#27;[36mcom.shaft.tools.io.ReportManager&amp#27;[m : Successfully created attachment "Test Data - Excel"
2023-02-07 11:01:12.292 &amp#27;[32m INFO&amp#27;[m &amp#27;[35m[@503 - main]&amp#27;[m &amp#27;[36mcom.shaft.tools.io.ReportManager&amp#27;[m : File Action "DoesFileExist" successfully performed. With the following test data "File Path: "SteeringCompanyAPI_TestData/SteeringCompanyAPI_TestData.xlsx"".
2023-02-07 11:01:12.321 &amp#27;[32m INFO&amp#27;[m &amp#27;[35m[@503 - main]&amp#27;[m &amp#27;[36mcom.shaft.tools.io.ReportManager&amp#27;[m : Successfully created attachment "Test Data - Excel"
2023-02-07 11:01:12.321 &amp#27;[32m INFO&amp#27;[m &amp#27;[35m[@503 - main]&amp#27;[m &amp#27;[36mcom.shaft.tools.io.ReportManager&amp#27;[m : File Action "DoesFileExist" successfully performed. With the following test data "File Path: "SteeringCompanyAPI_TestData/SteeringCompanyAPI_TestData.xlsx"".
2023-02-07 11:01:12.356 &amp#27;[32m INFO&amp#27;[m &amp#27;[35m[@503 - main]&amp#27;[m &amp#27;[36mcom.shaft.tools.io.ReportManager&amp#27;[m : Successfully created attachment "Test Data - Excel"
2023-02-07 11:01:13.041 &amp#27;[32m INFO&amp#27;[m &amp#27;[35m[@503 - main]&amp#27;[m &amp#27;[36mcom.shaft.tools.io.ReportManager&amp#27;[m : Response status code: "401", status line: "HTTP/1.1 401 "
2023-02-07 11:01:13.042 &amp#27;[32m INFO&amp#27;[m &amp#27;[35m[@503 - main]&amp#27;[m &amp#27;[36mcom.shaft.tools.io.ReportManager&amp#27;[m : Successfully created attachment "API Request - Specifications"
2023-02-07 11:01:13.043 &amp#27;[32m INFO&amp#27;[m &amp#27;[35m[@503 - main]&amp#27;[m &amp#27;[36mcom.shaft.tools.io.ReportManager&amp#27;[m : Successfully created attachment "API Request - JSON Body"
2023-02-07 11:01:13.043 &amp#27;[32m INFO&amp#27;[m &amp#27;[35m[@503 - main]&amp#27;[m &amp#27;[36mcom.shaft.tools.io.ReportManager&amp#27;[m : Successfully created attachment "API Response - JSON Body"
2023-02-07 11:01:13.044 &amp#27;[32m INFO&amp#27;[m &amp#27;[35m[@503 - main]&amp#27;[m &amp#27;[36mcom.shaft.tools.io.ReportManager&amp#27;[m : Successfully created attachment "SHAFT Engine Logs - Current Method log: InValid_Update_Usage_Policy_With_Invalid_Token_TC"
]]></system-out>
  </testcase>
  <testcase name="InValid_Update_Usage_Policy_With_Missing_Token_TC[[Ljava.lang.Object;@3ea3328d](1)" classname="SteeringCompanyAPI_TestCases.Test_Policies_Cases" time="0.621">
    <system-out><![CDATA[2023-02-07 11:01:13.051 &amp#27;[32m INFO&amp#27;[m &amp#27;[35m[@534 - main]&amp#27;[m &amp#27;[36mcom.shaft.tools.io.ReportManager&amp#27;[m : 
################################################################################################################################################
Starting Execution:	"275 out of 107" test cases in the current suite
Test Method:		"SteeringCompanyAPI_TestCases.Test_Policies_Cases.InValid_Update_Usage_Policy_With_Missing_Token_TC"
Test Description:	"TC034 -Policy- Perform Update Usage Policy With Missing Token"
################################################################################################################################################
2023-02-07 11:01:13.052 &amp#27;[32m INFO&amp#27;[m &amp#27;[35m[@503 - main]&amp#27;[m &amp#27;[36mcom.shaft.tools.io.ReportManager&amp#27;[m : File Action "DoesFileExist" successfully performed. With the following test data "File Path: "SteeringCompanyAPI_TestData/SteeringCompanyAPI_TestData.xlsx"".
2023-02-07 11:01:13.088 &amp#27;[32m INFO&amp#27;[m &amp#27;[35m[@503 - main]&amp#27;[m &amp#27;[36mcom.shaft.tools.io.ReportManager&amp#27;[m : Successfully created attachment "Test Data - Excel"
2023-02-07 11:01:13.088 &amp#27;[32m INFO&amp#27;[m &amp#27;[35m[@503 - main]&amp#27;[m &amp#27;[36mcom.shaft.tools.io.ReportManager&amp#27;[m : File Action "DoesFileExist" successfully performed. With the following test data "File Path: "SteeringCompanyAPI_TestData/SteeringCompanyAPI_TestData.xlsx"".
2023-02-07 11:01:13.115 &amp#27;[32m INFO&amp#27;[m &amp#27;[35m[@503 - main]&amp#27;[m &amp#27;[36mcom.shaft.tools.io.ReportManager&amp#27;[m : Successfully created attachment "Test Data - Excel"
2023-02-07 11:01:13.115 &amp#27;[32m INFO&amp#27;[m &amp#27;[35m[@503 - main]&amp#27;[m &amp#27;[36mcom.shaft.tools.io.ReportManager&amp#27;[m : File Action "DoesFileExist" successfully performed. With the following test data "File Path: "SteeringCompanyAPI_TestData/SteeringCompanyAPI_TestData.xlsx"".
2023-02-07 11:01:13.151 &amp#27;[32m INFO&amp#27;[m &amp#27;[35m[@503 - main]&amp#27;[m &amp#27;[36mcom.shaft.tools.io.ReportManager&amp#27;[m : Successfully created attachment "Test Data - Excel"
2023-02-07 11:01:13.652 &amp#27;[32m INFO&amp#27;[m &amp#27;[35m[@503 - main]&amp#27;[m &amp#27;[36mcom.shaft.tools.io.ReportManager&amp#27;[m : Response status code: "401", status line: "HTTP/1.1 401 "
2023-02-07 11:01:13.662 &amp#27;[32m INFO&amp#27;[m &amp#27;[35m[@503 - main]&amp#27;[m &amp#27;[36mcom.shaft.tools.io.ReportManager&amp#27;[m : Successfully created attachment "API Request - Specifications"
2023-02-07 11:01:13.663 &amp#27;[32m INFO&amp#27;[m &amp#27;[35m[@503 - main]&amp#27;[m &amp#27;[36mcom.shaft.tools.io.ReportManager&amp#27;[m : Successfully created attachment "API Request - JSON Body"
2023-02-07 11:01:13.664 &amp#27;[32m INFO&amp#27;[m &amp#27;[35m[@503 - main]&amp#27;[m &amp#27;[36mcom.shaft.tools.io.ReportManager&amp#27;[m : Successfully created attachment "API Response - JSON Body"
2023-02-07 11:01:13.664 &amp#27;[32m INFO&amp#27;[m &amp#27;[35m[@503 - main]&amp#27;[m &amp#27;[36mcom.shaft.tools.io.ReportManager&amp#27;[m : File Action "DoesFileExist" successfully performed. With the following test data "File Path: "Schemas/InvalidTokenRequest_Unauthorized_schema.json"".
2023-02-07 11:01:13.664 &amp#27;[32m INFO&amp#27;[m &amp#27;[35m[@503 - main]&amp#27;[m &amp#27;[36mcom.shaft.tools.io.ReportManager&amp#27;[m : File Action "DoesFileExist" successfully performed. With the following test data "File Path: "src/test/resources/testDataFiles/Schemas/InvalidTokenRequest_Unauthorized_schema.json"".
2023-02-07 11:01:13.665 &amp#27;[32m INFO&amp#27;[m &amp#27;[35m[@503 - main]&amp#27;[m &amp#27;[36mcom.shaft.tools.io.ReportManager&amp#27;[m : File Action "GetAbsolutePath" successfully performed. With the following test data "Relative Folder Path: "src/test/resources/testDataFiles/Schemas/InvalidTokenRequest_Unauthorized_schema.json"".
2023-02-07 11:01:13.666 &amp#27;[32m INFO&amp#27;[m &amp#27;[35m[@503 - main]&amp#27;[m &amp#27;[36mcom.shaft.tools.io.ReportManager&amp#27;[m : File Action "DoesFileExist" successfully performed. With the following test data "File Path: "C:\eclipse-workspace\MyProjects\TASystemsAPIs\src\test\resources\testDataFiles\Schemas\InvalidTokenRequest_Unauthorized_schema.json"".
2023-02-07 11:01:13.666 &amp#27;[32m INFO&amp#27;[m &amp#27;[35m[@503 - main]&amp#27;[m &amp#27;[36mcom.shaft.tools.io.ReportManager&amp#27;[m : File Action "GetAbsolutePath" successfully performed. With the following test data "Relative Folder Path: "C:\eclipse-workspace\MyProjects\TASystemsAPIs\src\test\resources\testDataFiles\Schemas\InvalidTokenRequest_Unauthorized_schema.json"".
2023-02-07 11:01:13.666 &amp#27;[32m INFO&amp#27;[m &amp#27;[35m[@503 - main]&amp#27;[m &amp#27;[36mcom.shaft.tools.io.ReportManager&amp#27;[m : File Action "ReadFile" successfully performed. With the following test data "File Path: "C:\eclipse-workspace\MyProjects\TASystemsAPIs\src\test\resources\testDataFiles\Schemas\InvalidTokenRequest_Unauthorized_schema.json"".
2023-02-07 11:01:13.668 &amp#27;[32m INFO&amp#27;[m &amp#27;[35m[@503 - main]&amp#27;[m &amp#27;[36mcom.shaft.tools.io.ReportManager&amp#27;[m : Successfully created attachment "Validation Test Data - Expected JSON Value"
2023-02-07 11:01:13.670 &amp#27;[32m INFO&amp#27;[m &amp#27;[35m[@503 - main]&amp#27;[m &amp#27;[36mcom.shaft.tools.io.ReportManager&amp#27;[m : Successfully created attachment "Validation Test Data - Actual JSON Value"
2023-02-07 11:01:13.670 &amp#27;[32m INFO&amp#27;[m &amp#27;[35m[@503 - main]&amp#27;[m &amp#27;[36mcom.shaft.tools.io.ReportManager&amp#27;[m : Successfully created attachment "SHAFT Engine Logs - Current Method log: InValid_Update_Usage_Policy_With_Missing_Token_TC"
]]></system-out>
  </testcase>
  <testcase name="InValid_Update_Usage_Policy_With_Missing_Token_TC[[Ljava.lang.Object;@6d20cacc](2)" classname="SteeringCompanyAPI_TestCases.Test_Policies_Cases" time="0.545">
    <system-out><![CDATA[2023-02-07 11:01:13.672 &amp#27;[32m INFO&amp#27;[m &amp#27;[35m[@534 - main]&amp#27;[m &amp#27;[36mcom.shaft.tools.io.ReportManager&amp#27;[m : 
################################################################################################################################################
Starting Execution:	"276 out of 107" test cases in the current suite
Test Method:		"SteeringCompanyAPI_TestCases.Test_Policies_Cases.InValid_Update_Usage_Policy_With_Missing_Token_TC"
Test Description:	"TC034 -Policy- Perform Update Usage Policy With Missing Token"
################################################################################################################################################
2023-02-07 11:01:13.672 &amp#27;[32m INFO&amp#27;[m &amp#27;[35m[@503 - main]&amp#27;[m &amp#27;[36mcom.shaft.tools.io.ReportManager&amp#27;[m : File Action "DoesFileExist" successfully performed. With the following test data "File Path: "SteeringCompanyAPI_TestData/SteeringCompanyAPI_TestData.xlsx"".
2023-02-07 11:01:13.686 &amp#27;[32m INFO&amp#27;[m &amp#27;[35m[@503 - main]&amp#27;[m &amp#27;[36mcom.shaft.tools.io.ReportManager&amp#27;[m : Successfully created attachment "Test Data - Excel"
2023-02-07 11:01:13.686 &amp#27;[32m INFO&amp#27;[m &amp#27;[35m[@503 - main]&amp#27;[m &amp#27;[36mcom.shaft.tools.io.ReportManager&amp#27;[m : File Action "DoesFileExist" successfully performed. With the following test data "File Path: "SteeringCompanyAPI_TestData/SteeringCompanyAPI_TestData.xlsx"".
2023-02-07 11:01:13.698 &amp#27;[32m INFO&amp#27;[m &amp#27;[35m[@503 - main]&amp#27;[m &amp#27;[36mcom.shaft.tools.io.ReportManager&amp#27;[m : Successfully created attachment "Test Data - Excel"
2023-02-07 11:01:13.699 &amp#27;[32m INFO&amp#27;[m &amp#27;[35m[@503 - main]&amp#27;[m &amp#27;[36mcom.shaft.tools.io.ReportManager&amp#27;[m : File Action "DoesFileExist" successfully performed. With the following test data "File Path: "SteeringCompanyAPI_TestData/SteeringCompanyAPI_TestData.xlsx"".
2023-02-07 11:01:13.720 &amp#27;[32m INFO&amp#27;[m &amp#27;[35m[@503 - main]&amp#27;[m &amp#27;[36mcom.shaft.tools.io.ReportManager&amp#27;[m : Successfully created attachment "Test Data - Excel"
2023-02-07 11:01:14.199 &amp#27;[32m INFO&amp#27;[m &amp#27;[35m[@503 - main]&amp#27;[m &amp#27;[36mcom.shaft.tools.io.ReportManager&amp#27;[m : Response status code: "401", status line: "HTTP/1.1 401 "
2023-02-07 11:01:14.206 &amp#27;[32m INFO&amp#27;[m &amp#27;[35m[@503 - main]&amp#27;[m &amp#27;[36mcom.shaft.tools.io.ReportManager&amp#27;[m : Successfully created attachment "API Request - Specifications"
2023-02-07 11:01:14.209 &amp#27;[32m INFO&amp#27;[m &amp#27;[35m[@503 - main]&amp#27;[m &amp#27;[36mcom.shaft.tools.io.ReportManager&amp#27;[m : Successfully created attachment "API Request - JSON Body"
2023-02-07 11:01:14.210 &amp#27;[32m INFO&amp#27;[m &amp#27;[35m[@503 - main]&amp#27;[m &amp#27;[36mcom.shaft.tools.io.ReportManager&amp#27;[m : Successfully created attachment "API Response - JSON Body"
2023-02-07 11:01:14.210 &amp#27;[32m INFO&amp#27;[m &amp#27;[35m[@503 - main]&amp#27;[m &amp#27;[36mcom.shaft.tools.io.ReportManager&amp#27;[m : File Action "DoesFileExist" successfully performed. With the following test data "File Path: "Schemas/InvalidTokenRequest_Unauthorized_schema.json"".
2023-02-07 11:01:14.210 &amp#27;[32m INFO&amp#27;[m &amp#27;[35m[@503 - main]&amp#27;[m &amp#27;[36mcom.shaft.tools.io.ReportManager&amp#27;[m : File Action "DoesFileExist" successfully performed. With the following test data "File Path: "src/test/resources/testDataFiles/Schemas/InvalidTokenRequest_Unauthorized_schema.json"".
2023-02-07 11:01:14.210 &amp#27;[32m INFO&amp#27;[m &amp#27;[35m[@503 - main]&amp#27;[m &amp#27;[36mcom.shaft.tools.io.ReportManager&amp#27;[m : File Action "GetAbsolutePath" successfully performed. With the following test data "Relative Folder Path: "src/test/resources/testDataFiles/Schemas/InvalidTokenRequest_Unauthorized_schema.json"".
2023-02-07 11:01:14.211 &amp#27;[32m INFO&amp#27;[m &amp#27;[35m[@503 - main]&amp#27;[m &amp#27;[36mcom.shaft.tools.io.ReportManager&amp#27;[m : File Action "DoesFileExist" successfully performed. With the following test data "File Path: "C:\eclipse-workspace\MyProjects\TASystemsAPIs\src\test\resources\testDataFiles\Schemas\InvalidTokenRequest_Unauthorized_schema.json"".
2023-02-07 11:01:14.212 &amp#27;[32m INFO&amp#27;[m &amp#27;[35m[@503 - main]&amp#27;[m &amp#27;[36mcom.shaft.tools.io.ReportManager&amp#27;[m : File Action "GetAbsolutePath" successfully performed. With the following test data "Relative Folder Path: "C:\eclipse-workspace\MyProjects\TASystemsAPIs\src\test\resources\testDataFiles\Schemas\InvalidTokenRequest_Unauthorized_schema.json"".
2023-02-07 11:01:14.212 &amp#27;[32m INFO&amp#27;[m &amp#27;[35m[@503 - main]&amp#27;[m &amp#27;[36mcom.shaft.tools.io.ReportManager&amp#27;[m : File Action "ReadFile" successfully performed. With the following test data "File Path: "C:\eclipse-workspace\MyProjects\TASystemsAPIs\src\test\resources\testDataFiles\Schemas\InvalidTokenRequest_Unauthorized_schema.json"".
2023-02-07 11:01:14.213 &amp#27;[32m INFO&amp#27;[m &amp#27;[35m[@503 - main]&amp#27;[m &amp#27;[36mcom.shaft.tools.io.ReportManager&amp#27;[m : Successfully created attachment "Validation Test Data - Expected JSON Value"
2023-02-07 11:01:14.214 &amp#27;[32m INFO&amp#27;[m &amp#27;[35m[@503 - main]&amp#27;[m &amp#27;[36mcom.shaft.tools.io.ReportManager&amp#27;[m : Successfully created attachment "Validation Test Data - Actual JSON Value"
2023-02-07 11:01:14.215 &amp#27;[32m INFO&amp#27;[m &amp#27;[35m[@503 - main]&amp#27;[m &amp#27;[36mcom.shaft.tools.io.ReportManager&amp#27;[m : Successfully created attachment "SHAFT Engine Logs - Current Method log: InValid_Update_Usage_Policy_With_Missing_Token_TC"
]]></system-out>
  </testcase>
  <testcase name="Invalid_GET_all_Policies_with_invalid_Token_TC" classname="SteeringCompanyAPI_TestCases.Test_Policies_Cases" time="1.532">
    <system-out><![CDATA[2023-02-07 11:01:14.217 &amp#27;[32m INFO&amp#27;[m &amp#27;[35m[@534 - main]&amp#27;[m &amp#27;[36mcom.shaft.tools.io.ReportManager&amp#27;[m : 
################################################################################################################################################
Starting Execution:	"277 out of 107" test cases in the current suite
Test Method:		"SteeringCompanyAPI_TestCases.Test_Policies_Cases.Invalid_GET_all_Policies_with_invalid_Token_TC"
Test Description:	"TC004 -Policy- Perform Get all Policies API with invalid or expired Token"
################################################################################################################################################
2023-02-07 11:01:14.217 &amp#27;[32m INFO&amp#27;[m &amp#27;[35m[@503 - main]&amp#27;[m &amp#27;[36mcom.shaft.tools.io.ReportManager&amp#27;[m : File Action "DoesFileExist" successfully performed. With the following test data "File Path: "SteeringCompanyAPI_TestData/SteeringCompanyAPI_TestData.xlsx"".
2023-02-07 11:01:14.234 &amp#27;[32m INFO&amp#27;[m &amp#27;[35m[@503 - main]&amp#27;[m &amp#27;[36mcom.shaft.tools.io.ReportManager&amp#27;[m : Successfully created attachment "Test Data - Excel"
2023-02-07 11:01:15.211 &amp#27;[32m INFO&amp#27;[m &amp#27;[35m[@503 - main]&amp#27;[m &amp#27;[36mcom.shaft.tools.io.ReportManager&amp#27;[m : Response status code: "200", status line: "HTTP/1.1 200 OK"
2023-02-07 11:01:15.219 &amp#27;[32m INFO&amp#27;[m &amp#27;[35m[@503 - main]&amp#27;[m &amp#27;[36mcom.shaft.tools.io.ReportManager&amp#27;[m : Successfully created attachment "API Request - Specifications"
2023-02-07 11:01:15.222 &amp#27;[32m INFO&amp#27;[m &amp#27;[35m[@503 - main]&amp#27;[m &amp#27;[36mcom.shaft.tools.io.ReportManager&amp#27;[m : Successfully created attachment "API Request - Body"
2023-02-07 11:01:15.222 &amp#27;[32m INFO&amp#27;[m &amp#27;[35m[@503 - main]&amp#27;[m &amp#27;[36mcom.shaft.tools.io.ReportManager&amp#27;[m : Successfully created attachment "API Response - JSON Body"
2023-02-07 11:01:15.223 &amp#27;[32m INFO&amp#27;[m &amp#27;[35m[@503 - main]&amp#27;[m &amp#27;[36mcom.shaft.tools.io.ReportManager&amp#27;[m : File Action "DoesFileExist" successfully performed. With the following test data "File Path: "SteeringCompanyAPI_TestData/SteeringCompanyAPI_TestData.xlsx"".
2023-02-07 11:01:15.239 &amp#27;[32m INFO&amp#27;[m &amp#27;[35m[@503 - main]&amp#27;[m &amp#27;[36mcom.shaft.tools.io.ReportManager&amp#27;[m : Successfully created attachment "Test Data - Excel"
2023-02-07 11:01:15.239 &amp#27;[32m INFO&amp#27;[m &amp#27;[35m[@503 - main]&amp#27;[m &amp#27;[36mcom.shaft.tools.io.ReportManager&amp#27;[m : File Action "DoesFileExist" successfully performed. With the following test data "File Path: "SteeringCompanyAPI_TestData/SteeringCompanyAPI_TestData.xlsx"".
2023-02-07 11:01:15.255 &amp#27;[32m INFO&amp#27;[m &amp#27;[35m[@503 - main]&amp#27;[m &amp#27;[36mcom.shaft.tools.io.ReportManager&amp#27;[m : Successfully created attachment "Test Data - Excel"
2023-02-07 11:01:15.255 &amp#27;[32m INFO&amp#27;[m &amp#27;[35m[@503 - main]&amp#27;[m &amp#27;[36mcom.shaft.tools.io.ReportManager&amp#27;[m : File Action "DoesFileExist" successfully performed. With the following test data "File Path: "SteeringCompanyAPI_TestData/SteeringCompanyAPI_TestData.xlsx"".
2023-02-07 11:01:15.270 &amp#27;[32m INFO&amp#27;[m &amp#27;[35m[@503 - main]&amp#27;[m &amp#27;[36mcom.shaft.tools.io.ReportManager&amp#27;[m : Successfully created attachment "Test Data - Excel"
2023-02-07 11:01:15.743 &amp#27;[32m INFO&amp#27;[m &amp#27;[35m[@503 - main]&amp#27;[m &amp#27;[36mcom.shaft.tools.io.ReportManager&amp#27;[m : Response status code: "401", status line: "HTTP/1.1 401 "
2023-02-07 11:01:15.745 &amp#27;[32m INFO&amp#27;[m &amp#27;[35m[@503 - main]&amp#27;[m &amp#27;[36mcom.shaft.tools.io.ReportManager&amp#27;[m : Successfully created attachment "API Request - Specifications"
2023-02-07 11:01:15.746 &amp#27;[32m INFO&amp#27;[m &amp#27;[35m[@503 - main]&amp#27;[m &amp#27;[36mcom.shaft.tools.io.ReportManager&amp#27;[m : Successfully created attachment "API Response - JSON Body"
2023-02-07 11:01:15.747 &amp#27;[32m INFO&amp#27;[m &amp#27;[35m[@503 - main]&amp#27;[m &amp#27;[36mcom.shaft.tools.io.ReportManager&amp#27;[m : Successfully created attachment "SHAFT Engine Logs - Current Method log: Invalid_GET_all_Policies_with_invalid_Token_TC"
]]></system-out>
  </testcase>
  <testcase name="Invalid_GET_all_Policies_with_missing_Token_TC" classname="SteeringCompanyAPI_TestCases.Test_Policies_Cases" time="2.051">
    <system-out><![CDATA[2023-02-07 11:01:15.749 &amp#27;[32m INFO&amp#27;[m &amp#27;[35m[@534 - main]&amp#27;[m &amp#27;[36mcom.shaft.tools.io.ReportManager&amp#27;[m : 
################################################################################################################################################
Starting Execution:	"278 out of 107" test cases in the current suite
Test Method:		"SteeringCompanyAPI_TestCases.Test_Policies_Cases.Invalid_GET_all_Policies_with_missing_Token_TC"
Test Description:	"TC003  -Policy- Perform Get all Policies API with missing Token"
################################################################################################################################################
2023-02-07 11:01:15.749 &amp#27;[32m INFO&amp#27;[m &amp#27;[35m[@503 - main]&amp#27;[m &amp#27;[36mcom.shaft.tools.io.ReportManager&amp#27;[m : File Action "DoesFileExist" successfully performed. With the following test data "File Path: "SteeringCompanyAPI_TestData/SteeringCompanyAPI_TestData.xlsx"".
2023-02-07 11:01:15.763 &amp#27;[32m INFO&amp#27;[m &amp#27;[35m[@503 - main]&amp#27;[m &amp#27;[36mcom.shaft.tools.io.ReportManager&amp#27;[m : Successfully created attachment "Test Data - Excel"
2023-02-07 11:01:16.447 &amp#27;[32m INFO&amp#27;[m &amp#27;[35m[@503 - main]&amp#27;[m &amp#27;[36mcom.shaft.tools.io.ReportManager&amp#27;[m : Response status code: "200", status line: "HTTP/1.1 200 OK"
2023-02-07 11:01:16.455 &amp#27;[32m INFO&amp#27;[m &amp#27;[35m[@503 - main]&amp#27;[m &amp#27;[36mcom.shaft.tools.io.ReportManager&amp#27;[m : Successfully created attachment "API Request - Specifications"
2023-02-07 11:01:16.456 &amp#27;[32m INFO&amp#27;[m &amp#27;[35m[@503 - main]&amp#27;[m &amp#27;[36mcom.shaft.tools.io.ReportManager&amp#27;[m : Successfully created attachment "API Request - Body"
2023-02-07 11:01:16.457 &amp#27;[32m INFO&amp#27;[m &amp#27;[35m[@503 - main]&amp#27;[m &amp#27;[36mcom.shaft.tools.io.ReportManager&amp#27;[m : Successfully created attachment "API Response - JSON Body"
2023-02-07 11:01:16.457 &amp#27;[32m INFO&amp#27;[m &amp#27;[35m[@503 - main]&amp#27;[m &amp#27;[36mcom.shaft.tools.io.ReportManager&amp#27;[m : File Action "DoesFileExist" successfully performed. With the following test data "File Path: "SteeringCompanyAPI_TestData/SteeringCompanyAPI_TestData.xlsx"".
2023-02-07 11:01:16.475 &amp#27;[32m INFO&amp#27;[m &amp#27;[35m[@503 - main]&amp#27;[m &amp#27;[36mcom.shaft.tools.io.ReportManager&amp#27;[m : Successfully created attachment "Test Data - Excel"
2023-02-07 11:01:16.475 &amp#27;[32m INFO&amp#27;[m &amp#27;[35m[@503 - main]&amp#27;[m &amp#27;[36mcom.shaft.tools.io.ReportManager&amp#27;[m : File Action "DoesFileExist" successfully performed. With the following test data "File Path: "SteeringCompanyAPI_TestData/SteeringCompanyAPI_TestData.xlsx"".
2023-02-07 11:01:16.490 &amp#27;[32m INFO&amp#27;[m &amp#27;[35m[@503 - main]&amp#27;[m &amp#27;[36mcom.shaft.tools.io.ReportManager&amp#27;[m : Successfully created attachment "Test Data - Excel"
2023-02-07 11:01:16.490 &amp#27;[32m INFO&amp#27;[m &amp#27;[35m[@503 - main]&amp#27;[m &amp#27;[36mcom.shaft.tools.io.ReportManager&amp#27;[m : File Action "DoesFileExist" successfully performed. With the following test data "File Path: "SteeringCompanyAPI_TestData/SteeringCompanyAPI_TestData.xlsx"".
2023-02-07 11:01:16.505 &amp#27;[32m INFO&amp#27;[m &amp#27;[35m[@503 - main]&amp#27;[m &amp#27;[36mcom.shaft.tools.io.ReportManager&amp#27;[m : Successfully created attachment "Test Data - Excel"
2023-02-07 11:01:17.782 &amp#27;[32m INFO&amp#27;[m &amp#27;[35m[@503 - main]&amp#27;[m &amp#27;[36mcom.shaft.tools.io.ReportManager&amp#27;[m : Response status code: "401", status line: "HTTP/1.1 401 "
2023-02-07 11:01:17.791 &amp#27;[32m INFO&amp#27;[m &amp#27;[35m[@503 - main]&amp#27;[m &amp#27;[36mcom.shaft.tools.io.ReportManager&amp#27;[m : Successfully created attachment "API Request - Specifications"
2023-02-07 11:01:17.794 &amp#27;[32m INFO&amp#27;[m &amp#27;[35m[@503 - main]&amp#27;[m &amp#27;[36mcom.shaft.tools.io.ReportManager&amp#27;[m : Successfully created attachment "API Response - JSON Body"
2023-02-07 11:01:17.795 &amp#27;[32m INFO&amp#27;[m &amp#27;[35m[@503 - main]&amp#27;[m &amp#27;[36mcom.shaft.tools.io.ReportManager&amp#27;[m : File Action "DoesFileExist" successfully performed. With the following test data "File Path: "Schemas/InvalidTokenRequest_Unauthorized_schema.json"".
2023-02-07 11:01:17.795 &amp#27;[32m INFO&amp#27;[m &amp#27;[35m[@503 - main]&amp#27;[m &amp#27;[36mcom.shaft.tools.io.ReportManager&amp#27;[m : File Action "DoesFileExist" successfully performed. With the following test data "File Path: "src/test/resources/testDataFiles/Schemas/InvalidTokenRequest_Unauthorized_schema.json"".
2023-02-07 11:01:17.795 &amp#27;[32m INFO&amp#27;[m &amp#27;[35m[@503 - main]&amp#27;[m &amp#27;[36mcom.shaft.tools.io.ReportManager&amp#27;[m : File Action "GetAbsolutePath" successfully performed. With the following test data "Relative Folder Path: "src/test/resources/testDataFiles/Schemas/InvalidTokenRequest_Unauthorized_schema.json"".
2023-02-07 11:01:17.796 &amp#27;[32m INFO&amp#27;[m &amp#27;[35m[@503 - main]&amp#27;[m &amp#27;[36mcom.shaft.tools.io.ReportManager&amp#27;[m : File Action "DoesFileExist" successfully performed. With the following test data "File Path: "C:\eclipse-workspace\MyProjects\TASystemsAPIs\src\test\resources\testDataFiles\Schemas\InvalidTokenRequest_Unauthorized_schema.json"".
2023-02-07 11:01:17.796 &amp#27;[32m INFO&amp#27;[m &amp#27;[35m[@503 - main]&amp#27;[m &amp#27;[36mcom.shaft.tools.io.ReportManager&amp#27;[m : File Action "GetAbsolutePath" successfully performed. With the following test data "Relative Folder Path: "C:\eclipse-workspace\MyProjects\TASystemsAPIs\src\test\resources\testDataFiles\Schemas\InvalidTokenRequest_Unauthorized_schema.json"".
2023-02-07 11:01:17.796 &amp#27;[32m INFO&amp#27;[m &amp#27;[35m[@503 - main]&amp#27;[m &amp#27;[36mcom.shaft.tools.io.ReportManager&amp#27;[m : File Action "ReadFile" successfully performed. With the following test data "File Path: "C:\eclipse-workspace\MyProjects\TASystemsAPIs\src\test\resources\testDataFiles\Schemas\InvalidTokenRequest_Unauthorized_schema.json"".
2023-02-07 11:01:17.797 &amp#27;[32m INFO&amp#27;[m &amp#27;[35m[@503 - main]&amp#27;[m &amp#27;[36mcom.shaft.tools.io.ReportManager&amp#27;[m : Successfully created attachment "Validation Test Data - Expected JSON Value"
2023-02-07 11:01:17.798 &amp#27;[32m INFO&amp#27;[m &amp#27;[35m[@503 - main]&amp#27;[m &amp#27;[36mcom.shaft.tools.io.ReportManager&amp#27;[m : Successfully created attachment "Validation Test Data - Actual JSON Value"
2023-02-07 11:01:17.798 &amp#27;[32m INFO&amp#27;[m &amp#27;[35m[@503 - main]&amp#27;[m &amp#27;[36mcom.shaft.tools.io.ReportManager&amp#27;[m : Successfully created attachment "SHAFT Engine Logs - Current Method log: Invalid_GET_all_Policies_with_missing_Token_TC"
]]></system-out>
  </testcase>
  <testcase name="Update_Policy_With_InValid_data_TC[[Ljava.lang.Object;@283024a2](1)" classname="SteeringCompanyAPI_TestCases.Test_Policies_Cases" time="1.25">
    <system-out><![CDATA[2023-02-07 11:01:17.835 &amp#27;[32m INFO&amp#27;[m &amp#27;[35m[@534 - main]&amp#27;[m &amp#27;[36mcom.shaft.tools.io.ReportManager&amp#27;[m : 
################################################################################################################################################
Starting Execution:	"279 out of 107" test cases in the current suite
Test Method:		"SteeringCompanyAPI_TestCases.Test_Policies_Cases.Update_Policy_With_InValid_data_TC"
Test Description:	"TC053 -Policy- Perform Update Policy with InValid data"
################################################################################################################################################
2023-02-07 11:01:17.836 &amp#27;[32m INFO&amp#27;[m &amp#27;[35m[@503 - main]&amp#27;[m &amp#27;[36mcom.shaft.tools.io.ReportManager&amp#27;[m : File Action "DoesFileExist" successfully performed. With the following test data "File Path: "SteeringCompanyAPI_TestData/SteeringCompanyAPI_TestData.xlsx"".
2023-02-07 11:01:17.850 &amp#27;[32m INFO&amp#27;[m &amp#27;[35m[@503 - main]&amp#27;[m &amp#27;[36mcom.shaft.tools.io.ReportManager&amp#27;[m : Successfully created attachment "Test Data - Excel"
2023-02-07 11:01:18.492 &amp#27;[32m INFO&amp#27;[m &amp#27;[35m[@503 - main]&amp#27;[m &amp#27;[36mcom.shaft.tools.io.ReportManager&amp#27;[m : Response status code: "200", status line: "HTTP/1.1 200 OK"
2023-02-07 11:01:18.502 &amp#27;[32m INFO&amp#27;[m &amp#27;[35m[@503 - main]&amp#27;[m &amp#27;[36mcom.shaft.tools.io.ReportManager&amp#27;[m : Successfully created attachment "API Request - Specifications"
2023-02-07 11:01:18.503 &amp#27;[32m INFO&amp#27;[m &amp#27;[35m[@503 - main]&amp#27;[m &amp#27;[36mcom.shaft.tools.io.ReportManager&amp#27;[m : Successfully created attachment "API Request - Body"
2023-02-07 11:01:18.504 &amp#27;[32m INFO&amp#27;[m &amp#27;[35m[@503 - main]&amp#27;[m &amp#27;[36mcom.shaft.tools.io.ReportManager&amp#27;[m : Successfully created attachment "API Response - JSON Body"
2023-02-07 11:01:18.511 &amp#27;[32m INFO&amp#27;[m &amp#27;[35m[@503 - main]&amp#27;[m &amp#27;[36mcom.shaft.tools.io.ReportManager&amp#27;[m : File Action "DoesFileExist" successfully performed. With the following test data "File Path: "SteeringCompanyAPI_TestData/SteeringCompanyAPI_TestData.xlsx"".
2023-02-07 11:01:18.524 &amp#27;[32m INFO&amp#27;[m &amp#27;[35m[@503 - main]&amp#27;[m &amp#27;[36mcom.shaft.tools.io.ReportManager&amp#27;[m : Successfully created attachment "Test Data - Excel"
2023-02-07 11:01:18.524 &amp#27;[32m INFO&amp#27;[m &amp#27;[35m[@503 - main]&amp#27;[m &amp#27;[36mcom.shaft.tools.io.ReportManager&amp#27;[m : File Action "DoesFileExist" successfully performed. With the following test data "File Path: "SteeringCompanyAPI_TestData/SteeringCompanyAPI_TestData.xlsx"".
2023-02-07 11:01:18.538 &amp#27;[32m INFO&amp#27;[m &amp#27;[35m[@503 - main]&amp#27;[m &amp#27;[36mcom.shaft.tools.io.ReportManager&amp#27;[m : Successfully created attachment "Test Data - Excel"
2023-02-07 11:01:18.538 &amp#27;[32m INFO&amp#27;[m &amp#27;[35m[@503 - main]&amp#27;[m &amp#27;[36mcom.shaft.tools.io.ReportManager&amp#27;[m : File Action "DoesFileExist" successfully performed. With the following test data "File Path: "SteeringCompanyAPI_TestData/SteeringCompanyAPI_TestData.xlsx"".
2023-02-07 11:01:18.551 &amp#27;[32m INFO&amp#27;[m &amp#27;[35m[@503 - main]&amp#27;[m &amp#27;[36mcom.shaft.tools.io.ReportManager&amp#27;[m : Successfully created attachment "Test Data - Excel"
2023-02-07 11:01:19.063 &amp#27;[32m INFO&amp#27;[m &amp#27;[35m[@503 - main]&amp#27;[m &amp#27;[36mcom.shaft.tools.io.ReportManager&amp#27;[m : Response status code: "422", status line: "HTTP/1.1 422 "
2023-02-07 11:01:19.074 &amp#27;[32m INFO&amp#27;[m &amp#27;[35m[@503 - main]&amp#27;[m &amp#27;[36mcom.shaft.tools.io.ReportManager&amp#27;[m : Successfully created attachment "API Request - Specifications"
2023-02-07 11:01:19.074 &amp#27;[32m INFO&amp#27;[m &amp#27;[35m[@503 - main]&amp#27;[m &amp#27;[36mcom.shaft.tools.io.ReportManager&amp#27;[m : Successfully created attachment "API Request - JSON Body"
2023-02-07 11:01:19.078 &amp#27;[32m INFO&amp#27;[m &amp#27;[35m[@503 - main]&amp#27;[m &amp#27;[36mcom.shaft.tools.io.ReportManager&amp#27;[m : Successfully created attachment "API Response - JSON Body"
2023-02-07 11:01:19.079 &amp#27;[32m INFO&amp#27;[m &amp#27;[35m[@503 - main]&amp#27;[m &amp#27;[36mcom.shaft.tools.io.ReportManager&amp#27;[m : File Action "DoesFileExist" successfully performed. With the following test data "File Path: "Schemas/ValidationError_schema.json"".
2023-02-07 11:01:19.079 &amp#27;[32m INFO&amp#27;[m &amp#27;[35m[@503 - main]&amp#27;[m &amp#27;[36mcom.shaft.tools.io.ReportManager&amp#27;[m : File Action "DoesFileExist" successfully performed. With the following test data "File Path: "src/test/resources/testDataFiles/Schemas/ValidationError_schema.json"".
2023-02-07 11:01:19.079 &amp#27;[32m INFO&amp#27;[m &amp#27;[35m[@503 - main]&amp#27;[m &amp#27;[36mcom.shaft.tools.io.ReportManager&amp#27;[m : File Action "GetAbsolutePath" successfully performed. With the following test data "Relative Folder Path: "src/test/resources/testDataFiles/Schemas/ValidationError_schema.json"".
2023-02-07 11:01:19.080 &amp#27;[32m INFO&amp#27;[m &amp#27;[35m[@503 - main]&amp#27;[m &amp#27;[36mcom.shaft.tools.io.ReportManager&amp#27;[m : File Action "DoesFileExist" successfully performed. With the following test data "File Path: "C:\eclipse-workspace\MyProjects\TASystemsAPIs\src\test\resources\testDataFiles\Schemas\ValidationError_schema.json"".
2023-02-07 11:01:19.080 &amp#27;[32m INFO&amp#27;[m &amp#27;[35m[@503 - main]&amp#27;[m &amp#27;[36mcom.shaft.tools.io.ReportManager&amp#27;[m : File Action "GetAbsolutePath" successfully performed. With the following test data "Relative Folder Path: "C:\eclipse-workspace\MyProjects\TASystemsAPIs\src\test\resources\testDataFiles\Schemas\ValidationError_schema.json"".
2023-02-07 11:01:19.081 &amp#27;[32m INFO&amp#27;[m &amp#27;[35m[@503 - main]&amp#27;[m &amp#27;[36mcom.shaft.tools.io.ReportManager&amp#27;[m : File Action "ReadFile" successfully performed. With the following test data "File Path: "C:\eclipse-workspace\MyProjects\TASystemsAPIs\src\test\resources\testDataFiles\Schemas\ValidationError_schema.json"".
2023-02-07 11:01:19.082 &amp#27;[32m INFO&amp#27;[m &amp#27;[35m[@503 - main]&amp#27;[m &amp#27;[36mcom.shaft.tools.io.ReportManager&amp#27;[m : Successfully created attachment "Validation Test Data - Expected JSON Value"
2023-02-07 11:01:19.083 &amp#27;[32m INFO&amp#27;[m &amp#27;[35m[@503 - main]&amp#27;[m &amp#27;[36mcom.shaft.tools.io.ReportManager&amp#27;[m : Successfully created attachment "Validation Test Data - Actual JSON Value"
2023-02-07 11:01:19.084 &amp#27;[32m INFO&amp#27;[m &amp#27;[35m[@503 - main]&amp#27;[m &amp#27;[36mcom.shaft.tools.io.ReportManager&amp#27;[m : Successfully created attachment "SHAFT Engine Logs - Current Method log: Update_Policy_With_InValid_data_TC"
]]></system-out>
  </testcase>
  <testcase name="Update_Policy_With_InValid_data_TC[[Ljava.lang.Object;@6e5e9ec7](2)" classname="SteeringCompanyAPI_TestCases.Test_Policies_Cases" time="1.183">
    <system-out><![CDATA[2023-02-07 11:01:19.086 &amp#27;[32m INFO&amp#27;[m &amp#27;[35m[@534 - main]&amp#27;[m &amp#27;[36mcom.shaft.tools.io.ReportManager&amp#27;[m : 
################################################################################################################################################
Starting Execution:	"280 out of 107" test cases in the current suite
Test Method:		"SteeringCompanyAPI_TestCases.Test_Policies_Cases.Update_Policy_With_InValid_data_TC"
Test Description:	"TC053 -Policy- Perform Update Policy with InValid data"
################################################################################################################################################
2023-02-07 11:01:19.086 &amp#27;[32m INFO&amp#27;[m &amp#27;[35m[@503 - main]&amp#27;[m &amp#27;[36mcom.shaft.tools.io.ReportManager&amp#27;[m : File Action "DoesFileExist" successfully performed. With the following test data "File Path: "SteeringCompanyAPI_TestData/SteeringCompanyAPI_TestData.xlsx"".
2023-02-07 11:01:19.100 &amp#27;[32m INFO&amp#27;[m &amp#27;[35m[@503 - main]&amp#27;[m &amp#27;[36mcom.shaft.tools.io.ReportManager&amp#27;[m : Successfully created attachment "Test Data - Excel"
2023-02-07 11:01:19.704 &amp#27;[32m INFO&amp#27;[m &amp#27;[35m[@503 - main]&amp#27;[m &amp#27;[36mcom.shaft.tools.io.ReportManager&amp#27;[m : Response status code: "200", status line: "HTTP/1.1 200 OK"
2023-02-07 11:01:19.714 &amp#27;[32m INFO&amp#27;[m &amp#27;[35m[@503 - main]&amp#27;[m &amp#27;[36mcom.shaft.tools.io.ReportManager&amp#27;[m : Successfully created attachment "API Request - Specifications"
2023-02-07 11:01:19.716 &amp#27;[32m INFO&amp#27;[m &amp#27;[35m[@503 - main]&amp#27;[m &amp#27;[36mcom.shaft.tools.io.ReportManager&amp#27;[m : Successfully created attachment "API Request - Body"
2023-02-07 11:01:19.717 &amp#27;[32m INFO&amp#27;[m &amp#27;[35m[@503 - main]&amp#27;[m &amp#27;[36mcom.shaft.tools.io.ReportManager&amp#27;[m : Successfully created attachment "API Response - JSON Body"
2023-02-07 11:01:19.723 &amp#27;[32m INFO&amp#27;[m &amp#27;[35m[@503 - main]&amp#27;[m &amp#27;[36mcom.shaft.tools.io.ReportManager&amp#27;[m : File Action "DoesFileExist" successfully performed. With the following test data "File Path: "SteeringCompanyAPI_TestData/SteeringCompanyAPI_TestData.xlsx"".
2023-02-07 11:01:19.744 &amp#27;[32m INFO&amp#27;[m &amp#27;[35m[@503 - main]&amp#27;[m &amp#27;[36mcom.shaft.tools.io.ReportManager&amp#27;[m : Successfully created attachment "Test Data - Excel"
2023-02-07 11:01:19.744 &amp#27;[32m INFO&amp#27;[m &amp#27;[35m[@503 - main]&amp#27;[m &amp#27;[36mcom.shaft.tools.io.ReportManager&amp#27;[m : File Action "DoesFileExist" successfully performed. With the following test data "File Path: "SteeringCompanyAPI_TestData/SteeringCompanyAPI_TestData.xlsx"".
2023-02-07 11:01:19.759 &amp#27;[32m INFO&amp#27;[m &amp#27;[35m[@503 - main]&amp#27;[m &amp#27;[36mcom.shaft.tools.io.ReportManager&amp#27;[m : Successfully created attachment "Test Data - Excel"
2023-02-07 11:01:19.759 &amp#27;[32m INFO&amp#27;[m &amp#27;[35m[@503 - main]&amp#27;[m &amp#27;[36mcom.shaft.tools.io.ReportManager&amp#27;[m : File Action "DoesFileExist" successfully performed. With the following test data "File Path: "SteeringCompanyAPI_TestData/SteeringCompanyAPI_TestData.xlsx"".
2023-02-07 11:01:19.774 &amp#27;[32m INFO&amp#27;[m &amp#27;[35m[@503 - main]&amp#27;[m &amp#27;[36mcom.shaft.tools.io.ReportManager&amp#27;[m : Successfully created attachment "Test Data - Excel"
2023-02-07 11:01:20.249 &amp#27;[32m INFO&amp#27;[m &amp#27;[35m[@503 - main]&amp#27;[m &amp#27;[36mcom.shaft.tools.io.ReportManager&amp#27;[m : Response status code: "422", status line: "HTTP/1.1 422 "
2023-02-07 11:01:20.259 &amp#27;[32m INFO&amp#27;[m &amp#27;[35m[@503 - main]&amp#27;[m &amp#27;[36mcom.shaft.tools.io.ReportManager&amp#27;[m : Successfully created attachment "API Request - Specifications"
2023-02-07 11:01:20.260 &amp#27;[32m INFO&amp#27;[m &amp#27;[35m[@503 - main]&amp#27;[m &amp#27;[36mcom.shaft.tools.io.ReportManager&amp#27;[m : Successfully created attachment "API Request - JSON Body"
2023-02-07 11:01:20.263 &amp#27;[32m INFO&amp#27;[m &amp#27;[35m[@503 - main]&amp#27;[m &amp#27;[36mcom.shaft.tools.io.ReportManager&amp#27;[m : Successfully created attachment "API Response - JSON Body"
2023-02-07 11:01:20.263 &amp#27;[32m INFO&amp#27;[m &amp#27;[35m[@503 - main]&amp#27;[m &amp#27;[36mcom.shaft.tools.io.ReportManager&amp#27;[m : File Action "DoesFileExist" successfully performed. With the following test data "File Path: "Schemas/ValidationError_schema.json"".
2023-02-07 11:01:20.263 &amp#27;[32m INFO&amp#27;[m &amp#27;[35m[@503 - main]&amp#27;[m &amp#27;[36mcom.shaft.tools.io.ReportManager&amp#27;[m : File Action "DoesFileExist" successfully performed. With the following test data "File Path: "src/test/resources/testDataFiles/Schemas/ValidationError_schema.json"".
2023-02-07 11:01:20.264 &amp#27;[32m INFO&amp#27;[m &amp#27;[35m[@503 - main]&amp#27;[m &amp#27;[36mcom.shaft.tools.io.ReportManager&amp#27;[m : File Action "GetAbsolutePath" successfully performed. With the following test data "Relative Folder Path: "src/test/resources/testDataFiles/Schemas/ValidationError_schema.json"".
2023-02-07 11:01:20.265 &amp#27;[32m INFO&amp#27;[m &amp#27;[35m[@503 - main]&amp#27;[m &amp#27;[36mcom.shaft.tools.io.ReportManager&amp#27;[m : File Action "DoesFileExist" successfully performed. With the following test data "File Path: "C:\eclipse-workspace\MyProjects\TASystemsAPIs\src\test\resources\testDataFiles\Schemas\ValidationError_schema.json"".
2023-02-07 11:01:20.265 &amp#27;[32m INFO&amp#27;[m &amp#27;[35m[@503 - main]&amp#27;[m &amp#27;[36mcom.shaft.tools.io.ReportManager&amp#27;[m : File Action "GetAbsolutePath" successfully performed. With the following test data "Relative Folder Path: "C:\eclipse-workspace\MyProjects\TASystemsAPIs\src\test\resources\testDataFiles\Schemas\ValidationError_schema.json"".
2023-02-07 11:01:20.265 &amp#27;[32m INFO&amp#27;[m &amp#27;[35m[@503 - main]&amp#27;[m &amp#27;[36mcom.shaft.tools.io.ReportManager&amp#27;[m : File Action "ReadFile" successfully performed. With the following test data "File Path: "C:\eclipse-workspace\MyProjects\TASystemsAPIs\src\test\resources\testDataFiles\Schemas\ValidationError_schema.json"".
2023-02-07 11:01:20.266 &amp#27;[32m INFO&amp#27;[m &amp#27;[35m[@503 - main]&amp#27;[m &amp#27;[36mcom.shaft.tools.io.ReportManager&amp#27;[m : Successfully created attachment "Validation Test Data - Expected JSON Value"
2023-02-07 11:01:20.267 &amp#27;[32m INFO&amp#27;[m &amp#27;[35m[@503 - main]&amp#27;[m &amp#27;[36mcom.shaft.tools.io.ReportManager&amp#27;[m : Successfully created attachment "Validation Test Data - Actual JSON Value"
2023-02-07 11:01:20.267 &amp#27;[32m INFO&amp#27;[m &amp#27;[35m[@503 - main]&amp#27;[m &amp#27;[36mcom.shaft.tools.io.ReportManager&amp#27;[m : Successfully created attachment "SHAFT Engine Logs - Current Method log: Update_Policy_With_InValid_data_TC"
]]></system-out>
  </testcase>
  <testcase name="Update_Policy_With_InValid_data_TC[[Ljava.lang.Object;@5989b160](3)" classname="SteeringCompanyAPI_TestCases.Test_Policies_Cases" time="1.242">
    <system-out><![CDATA[2023-02-07 11:01:20.269 &amp#27;[32m INFO&amp#27;[m &amp#27;[35m[@534 - main]&amp#27;[m &amp#27;[36mcom.shaft.tools.io.ReportManager&amp#27;[m : 
################################################################################################################################################
Starting Execution:	"281 out of 107" test cases in the current suite
Test Method:		"SteeringCompanyAPI_TestCases.Test_Policies_Cases.Update_Policy_With_InValid_data_TC"
Test Description:	"TC053 -Policy- Perform Update Policy with InValid data"
################################################################################################################################################
2023-02-07 11:01:20.269 &amp#27;[32m INFO&amp#27;[m &amp#27;[35m[@503 - main]&amp#27;[m &amp#27;[36mcom.shaft.tools.io.ReportManager&amp#27;[m : File Action "DoesFileExist" successfully performed. With the following test data "File Path: "SteeringCompanyAPI_TestData/SteeringCompanyAPI_TestData.xlsx"".
2023-02-07 11:01:20.284 &amp#27;[32m INFO&amp#27;[m &amp#27;[35m[@503 - main]&amp#27;[m &amp#27;[36mcom.shaft.tools.io.ReportManager&amp#27;[m : Successfully created attachment "Test Data - Excel"
2023-02-07 11:01:20.904 &amp#27;[32m INFO&amp#27;[m &amp#27;[35m[@503 - main]&amp#27;[m &amp#27;[36mcom.shaft.tools.io.ReportManager&amp#27;[m : Response status code: "200", status line: "HTTP/1.1 200 OK"
2023-02-07 11:01:20.915 &amp#27;[32m INFO&amp#27;[m &amp#27;[35m[@503 - main]&amp#27;[m &amp#27;[36mcom.shaft.tools.io.ReportManager&amp#27;[m : Successfully created attachment "API Request - Specifications"
2023-02-07 11:01:20.915 &amp#27;[32m INFO&amp#27;[m &amp#27;[35m[@503 - main]&amp#27;[m &amp#27;[36mcom.shaft.tools.io.ReportManager&amp#27;[m : Successfully created attachment "API Request - Body"
2023-02-07 11:01:20.918 &amp#27;[32m INFO&amp#27;[m &amp#27;[35m[@503 - main]&amp#27;[m &amp#27;[36mcom.shaft.tools.io.ReportManager&amp#27;[m : Successfully created attachment "API Response - JSON Body"
2023-02-07 11:01:20.924 &amp#27;[32m INFO&amp#27;[m &amp#27;[35m[@503 - main]&amp#27;[m &amp#27;[36mcom.shaft.tools.io.ReportManager&amp#27;[m : File Action "DoesFileExist" successfully performed. With the following test data "File Path: "SteeringCompanyAPI_TestData/SteeringCompanyAPI_TestData.xlsx"".
2023-02-07 11:01:20.938 &amp#27;[32m INFO&amp#27;[m &amp#27;[35m[@503 - main]&amp#27;[m &amp#27;[36mcom.shaft.tools.io.ReportManager&amp#27;[m : Successfully created attachment "Test Data - Excel"
2023-02-07 11:01:20.938 &amp#27;[32m INFO&amp#27;[m &amp#27;[35m[@503 - main]&amp#27;[m &amp#27;[36mcom.shaft.tools.io.ReportManager&amp#27;[m : File Action "DoesFileExist" successfully performed. With the following test data "File Path: "SteeringCompanyAPI_TestData/SteeringCompanyAPI_TestData.xlsx"".
2023-02-07 11:01:20.953 &amp#27;[32m INFO&amp#27;[m &amp#27;[35m[@503 - main]&amp#27;[m &amp#27;[36mcom.shaft.tools.io.ReportManager&amp#27;[m : Successfully created attachment "Test Data - Excel"
2023-02-07 11:01:20.953 &amp#27;[32m INFO&amp#27;[m &amp#27;[35m[@503 - main]&amp#27;[m &amp#27;[36mcom.shaft.tools.io.ReportManager&amp#27;[m : File Action "DoesFileExist" successfully performed. With the following test data "File Path: "SteeringCompanyAPI_TestData/SteeringCompanyAPI_TestData.xlsx"".
2023-02-07 11:01:20.966 &amp#27;[32m INFO&amp#27;[m &amp#27;[35m[@503 - main]&amp#27;[m &amp#27;[36mcom.shaft.tools.io.ReportManager&amp#27;[m : Successfully created attachment "Test Data - Excel"
2023-02-07 11:01:21.493 &amp#27;[32m INFO&amp#27;[m &amp#27;[35m[@503 - main]&amp#27;[m &amp#27;[36mcom.shaft.tools.io.ReportManager&amp#27;[m : Response status code: "422", status line: "HTTP/1.1 422 "
2023-02-07 11:01:21.503 &amp#27;[32m INFO&amp#27;[m &amp#27;[35m[@503 - main]&amp#27;[m &amp#27;[36mcom.shaft.tools.io.ReportManager&amp#27;[m : Successfully created attachment "API Request - Specifications"
2023-02-07 11:01:21.505 &amp#27;[32m INFO&amp#27;[m &amp#27;[35m[@503 - main]&amp#27;[m &amp#27;[36mcom.shaft.tools.io.ReportManager&amp#27;[m : Successfully created attachment "API Request - JSON Body"
2023-02-07 11:01:21.505 &amp#27;[32m INFO&amp#27;[m &amp#27;[35m[@503 - main]&amp#27;[m &amp#27;[36mcom.shaft.tools.io.ReportManager&amp#27;[m : Successfully created attachment "API Response - JSON Body"
2023-02-07 11:01:21.506 &amp#27;[32m INFO&amp#27;[m &amp#27;[35m[@503 - main]&amp#27;[m &amp#27;[36mcom.shaft.tools.io.ReportManager&amp#27;[m : File Action "DoesFileExist" successfully performed. With the following test data "File Path: "Schemas/ValidationError_schema.json"".
2023-02-07 11:01:21.506 &amp#27;[32m INFO&amp#27;[m &amp#27;[35m[@503 - main]&amp#27;[m &amp#27;[36mcom.shaft.tools.io.ReportManager&amp#27;[m : File Action "DoesFileExist" successfully performed. With the following test data "File Path: "src/test/resources/testDataFiles/Schemas/ValidationError_schema.json"".
2023-02-07 11:01:21.506 &amp#27;[32m INFO&amp#27;[m &amp#27;[35m[@503 - main]&amp#27;[m &amp#27;[36mcom.shaft.tools.io.ReportManager&amp#27;[m : File Action "GetAbsolutePath" successfully performed. With the following test data "Relative Folder Path: "src/test/resources/testDataFiles/Schemas/ValidationError_schema.json"".
2023-02-07 11:01:21.507 &amp#27;[32m INFO&amp#27;[m &amp#27;[35m[@503 - main]&amp#27;[m &amp#27;[36mcom.shaft.tools.io.ReportManager&amp#27;[m : File Action "DoesFileExist" successfully performed. With the following test data "File Path: "C:\eclipse-workspace\MyProjects\TASystemsAPIs\src\test\resources\testDataFiles\Schemas\ValidationError_schema.json"".
2023-02-07 11:01:21.507 &amp#27;[32m INFO&amp#27;[m &amp#27;[35m[@503 - main]&amp#27;[m &amp#27;[36mcom.shaft.tools.io.ReportManager&amp#27;[m : File Action "GetAbsolutePath" successfully performed. With the following test data "Relative Folder Path: "C:\eclipse-workspace\MyProjects\TASystemsAPIs\src\test\resources\testDataFiles\Schemas\ValidationError_schema.json"".
2023-02-07 11:01:21.507 &amp#27;[32m INFO&amp#27;[m &amp#27;[35m[@503 - main]&amp#27;[m &amp#27;[36mcom.shaft.tools.io.ReportManager&amp#27;[m : File Action "ReadFile" successfully performed. With the following test data "File Path: "C:\eclipse-workspace\MyProjects\TASystemsAPIs\src\test\resources\testDataFiles\Schemas\ValidationError_schema.json"".
2023-02-07 11:01:21.508 &amp#27;[32m INFO&amp#27;[m &amp#27;[35m[@503 - main]&amp#27;[m &amp#27;[36mcom.shaft.tools.io.ReportManager&amp#27;[m : Successfully created attachment "Validation Test Data - Expected JSON Value"
2023-02-07 11:01:21.509 &amp#27;[32m INFO&amp#27;[m &amp#27;[35m[@503 - main]&amp#27;[m &amp#27;[36mcom.shaft.tools.io.ReportManager&amp#27;[m : Successfully created attachment "Validation Test Data - Actual JSON Value"
2023-02-07 11:01:21.509 &amp#27;[32m INFO&amp#27;[m &amp#27;[35m[@503 - main]&amp#27;[m &amp#27;[36mcom.shaft.tools.io.ReportManager&amp#27;[m : Successfully created attachment "SHAFT Engine Logs - Current Method log: Update_Policy_With_InValid_data_TC"
]]></system-out>
  </testcase>
  <testcase name="Update_Policy_With_InValid_data_TC[[Ljava.lang.Object;@7223024a](4)" classname="SteeringCompanyAPI_TestCases.Test_Policies_Cases" time="1.547">
    <system-out><![CDATA[2023-02-07 11:01:21.510 &amp#27;[32m INFO&amp#27;[m &amp#27;[35m[@534 - main]&amp#27;[m &amp#27;[36mcom.shaft.tools.io.ReportManager&amp#27;[m : 
################################################################################################################################################
Starting Execution:	"282 out of 107" test cases in the current suite
Test Method:		"SteeringCompanyAPI_TestCases.Test_Policies_Cases.Update_Policy_With_InValid_data_TC"
Test Description:	"TC053 -Policy- Perform Update Policy with InValid data"
################################################################################################################################################
2023-02-07 11:01:21.511 &amp#27;[32m INFO&amp#27;[m &amp#27;[35m[@503 - main]&amp#27;[m &amp#27;[36mcom.shaft.tools.io.ReportManager&amp#27;[m : File Action "DoesFileExist" successfully performed. With the following test data "File Path: "SteeringCompanyAPI_TestData/SteeringCompanyAPI_TestData.xlsx"".
2023-02-07 11:01:21.531 &amp#27;[32m INFO&amp#27;[m &amp#27;[35m[@503 - main]&amp#27;[m &amp#27;[36mcom.shaft.tools.io.ReportManager&amp#27;[m : Successfully created attachment "Test Data - Excel"
2023-02-07 11:01:22.479 &amp#27;[32m INFO&amp#27;[m &amp#27;[35m[@503 - main]&amp#27;[m &amp#27;[36mcom.shaft.tools.io.ReportManager&amp#27;[m : Response status code: "200", status line: "HTTP/1.1 200 OK"
2023-02-07 11:01:22.490 &amp#27;[32m INFO&amp#27;[m &amp#27;[35m[@503 - main]&amp#27;[m &amp#27;[36mcom.shaft.tools.io.ReportManager&amp#27;[m : Successfully created attachment "API Request - Specifications"
2023-02-07 11:01:22.490 &amp#27;[32m INFO&amp#27;[m &amp#27;[35m[@503 - main]&amp#27;[m &amp#27;[36mcom.shaft.tools.io.ReportManager&amp#27;[m : Successfully created attachment "API Request - Body"
2023-02-07 11:01:22.490 &amp#27;[32m INFO&amp#27;[m &amp#27;[35m[@503 - main]&amp#27;[m &amp#27;[36mcom.shaft.tools.io.ReportManager&amp#27;[m : Successfully created attachment "API Response - JSON Body"
2023-02-07 11:01:22.496 &amp#27;[32m INFO&amp#27;[m &amp#27;[35m[@503 - main]&amp#27;[m &amp#27;[36mcom.shaft.tools.io.ReportManager&amp#27;[m : File Action "DoesFileExist" successfully performed. With the following test data "File Path: "SteeringCompanyAPI_TestData/SteeringCompanyAPI_TestData.xlsx"".
2023-02-07 11:01:22.511 &amp#27;[32m INFO&amp#27;[m &amp#27;[35m[@503 - main]&amp#27;[m &amp#27;[36mcom.shaft.tools.io.ReportManager&amp#27;[m : Successfully created attachment "Test Data - Excel"
2023-02-07 11:01:22.511 &amp#27;[32m INFO&amp#27;[m &amp#27;[35m[@503 - main]&amp#27;[m &amp#27;[36mcom.shaft.tools.io.ReportManager&amp#27;[m : File Action "DoesFileExist" successfully performed. With the following test data "File Path: "SteeringCompanyAPI_TestData/SteeringCompanyAPI_TestData.xlsx"".
2023-02-07 11:01:22.524 &amp#27;[32m INFO&amp#27;[m &amp#27;[35m[@503 - main]&amp#27;[m &amp#27;[36mcom.shaft.tools.io.ReportManager&amp#27;[m : Successfully created attachment "Test Data - Excel"
2023-02-07 11:01:22.524 &amp#27;[32m INFO&amp#27;[m &amp#27;[35m[@503 - main]&amp#27;[m &amp#27;[36mcom.shaft.tools.io.ReportManager&amp#27;[m : File Action "DoesFileExist" successfully performed. With the following test data "File Path: "SteeringCompanyAPI_TestData/SteeringCompanyAPI_TestData.xlsx"".
2023-02-07 11:01:22.537 &amp#27;[32m INFO&amp#27;[m &amp#27;[35m[@503 - main]&amp#27;[m &amp#27;[36mcom.shaft.tools.io.ReportManager&amp#27;[m : Successfully created attachment "Test Data - Excel"
2023-02-07 11:01:23.039 &amp#27;[32m INFO&amp#27;[m &amp#27;[35m[@503 - main]&amp#27;[m &amp#27;[36mcom.shaft.tools.io.ReportManager&amp#27;[m : Response status code: "422", status line: "HTTP/1.1 422 "
2023-02-07 11:01:23.046 &amp#27;[32m INFO&amp#27;[m &amp#27;[35m[@503 - main]&amp#27;[m &amp#27;[36mcom.shaft.tools.io.ReportManager&amp#27;[m : Successfully created attachment "API Request - Specifications"
2023-02-07 11:01:23.049 &amp#27;[32m INFO&amp#27;[m &amp#27;[35m[@503 - main]&amp#27;[m &amp#27;[36mcom.shaft.tools.io.ReportManager&amp#27;[m : Successfully created attachment "API Request - JSON Body"
2023-02-07 11:01:23.051 &amp#27;[32m INFO&amp#27;[m &amp#27;[35m[@503 - main]&amp#27;[m &amp#27;[36mcom.shaft.tools.io.ReportManager&amp#27;[m : Successfully created attachment "API Response - JSON Body"
2023-02-07 11:01:23.053 &amp#27;[32m INFO&amp#27;[m &amp#27;[35m[@503 - main]&amp#27;[m &amp#27;[36mcom.shaft.tools.io.ReportManager&amp#27;[m : File Action "DoesFileExist" successfully performed. With the following test data "File Path: "Schemas/ValidationError_schema.json"".
2023-02-07 11:01:23.053 &amp#27;[32m INFO&amp#27;[m &amp#27;[35m[@503 - main]&amp#27;[m &amp#27;[36mcom.shaft.tools.io.ReportManager&amp#27;[m : File Action "DoesFileExist" successfully performed. With the following test data "File Path: "src/test/resources/testDataFiles/Schemas/ValidationError_schema.json"".
2023-02-07 11:01:23.053 &amp#27;[32m INFO&amp#27;[m &amp#27;[35m[@503 - main]&amp#27;[m &amp#27;[36mcom.shaft.tools.io.ReportManager&amp#27;[m : File Action "GetAbsolutePath" successfully performed. With the following test data "Relative Folder Path: "src/test/resources/testDataFiles/Schemas/ValidationError_schema.json"".
2023-02-07 11:01:23.054 &amp#27;[32m INFO&amp#27;[m &amp#27;[35m[@503 - main]&amp#27;[m &amp#27;[36mcom.shaft.tools.io.ReportManager&amp#27;[m : File Action "DoesFileExist" successfully performed. With the following test data "File Path: "C:\eclipse-workspace\MyProjects\TASystemsAPIs\src\test\resources\testDataFiles\Schemas\ValidationError_schema.json"".
2023-02-07 11:01:23.054 &amp#27;[32m INFO&amp#27;[m &amp#27;[35m[@503 - main]&amp#27;[m &amp#27;[36mcom.shaft.tools.io.ReportManager&amp#27;[m : File Action "GetAbsolutePath" successfully performed. With the following test data "Relative Folder Path: "C:\eclipse-workspace\MyProjects\TASystemsAPIs\src\test\resources\testDataFiles\Schemas\ValidationError_schema.json"".
2023-02-07 11:01:23.054 &amp#27;[32m INFO&amp#27;[m &amp#27;[35m[@503 - main]&amp#27;[m &amp#27;[36mcom.shaft.tools.io.ReportManager&amp#27;[m : File Action "ReadFile" successfully performed. With the following test data "File Path: "C:\eclipse-workspace\MyProjects\TASystemsAPIs\src\test\resources\testDataFiles\Schemas\ValidationError_schema.json"".
2023-02-07 11:01:23.055 &amp#27;[32m INFO&amp#27;[m &amp#27;[35m[@503 - main]&amp#27;[m &amp#27;[36mcom.shaft.tools.io.ReportManager&amp#27;[m : Successfully created attachment "Validation Test Data - Expected JSON Value"
2023-02-07 11:01:23.055 &amp#27;[32m INFO&amp#27;[m &amp#27;[35m[@503 - main]&amp#27;[m &amp#27;[36mcom.shaft.tools.io.ReportManager&amp#27;[m : Successfully created attachment "Validation Test Data - Actual JSON Value"
2023-02-07 11:01:23.056 &amp#27;[32m INFO&amp#27;[m &amp#27;[35m[@503 - main]&amp#27;[m &amp#27;[36mcom.shaft.tools.io.ReportManager&amp#27;[m : Successfully created attachment "SHAFT Engine Logs - Current Method log: Update_Policy_With_InValid_data_TC"
]]></system-out>
  </testcase>
  <testcase name="Update_Policy_With_InValid_data_TC[[Ljava.lang.Object;@1c714ca5](5)" classname="SteeringCompanyAPI_TestCases.Test_Policies_Cases" time="1.212">
    <system-out><![CDATA[2023-02-07 11:01:23.058 &amp#27;[32m INFO&amp#27;[m &amp#27;[35m[@534 - main]&amp#27;[m &amp#27;[36mcom.shaft.tools.io.ReportManager&amp#27;[m : 
################################################################################################################################################
Starting Execution:	"283 out of 107" test cases in the current suite
Test Method:		"SteeringCompanyAPI_TestCases.Test_Policies_Cases.Update_Policy_With_InValid_data_TC"
Test Description:	"TC053 -Policy- Perform Update Policy with InValid data"
################################################################################################################################################
2023-02-07 11:01:23.059 &amp#27;[32m INFO&amp#27;[m &amp#27;[35m[@503 - main]&amp#27;[m &amp#27;[36mcom.shaft.tools.io.ReportManager&amp#27;[m : File Action "DoesFileExist" successfully performed. With the following test data "File Path: "SteeringCompanyAPI_TestData/SteeringCompanyAPI_TestData.xlsx"".
2023-02-07 11:01:23.072 &amp#27;[32m INFO&amp#27;[m &amp#27;[35m[@503 - main]&amp#27;[m &amp#27;[36mcom.shaft.tools.io.ReportManager&amp#27;[m : Successfully created attachment "Test Data - Excel"
2023-02-07 11:01:23.706 &amp#27;[32m INFO&amp#27;[m &amp#27;[35m[@503 - main]&amp#27;[m &amp#27;[36mcom.shaft.tools.io.ReportManager&amp#27;[m : Response status code: "200", status line: "HTTP/1.1 200 OK"
2023-02-07 11:01:23.716 &amp#27;[32m INFO&amp#27;[m &amp#27;[35m[@503 - main]&amp#27;[m &amp#27;[36mcom.shaft.tools.io.ReportManager&amp#27;[m : Successfully created attachment "API Request - Specifications"
2023-02-07 11:01:23.716 &amp#27;[32m INFO&amp#27;[m &amp#27;[35m[@503 - main]&amp#27;[m &amp#27;[36mcom.shaft.tools.io.ReportManager&amp#27;[m : Successfully created attachment "API Request - Body"
2023-02-07 11:01:23.717 &amp#27;[32m INFO&amp#27;[m &amp#27;[35m[@503 - main]&amp#27;[m &amp#27;[36mcom.shaft.tools.io.ReportManager&amp#27;[m : Successfully created attachment "API Response - JSON Body"
2023-02-07 11:01:23.724 &amp#27;[32m INFO&amp#27;[m &amp#27;[35m[@503 - main]&amp#27;[m &amp#27;[36mcom.shaft.tools.io.ReportManager&amp#27;[m : File Action "DoesFileExist" successfully performed. With the following test data "File Path: "SteeringCompanyAPI_TestData/SteeringCompanyAPI_TestData.xlsx"".
2023-02-07 11:01:23.740 &amp#27;[32m INFO&amp#27;[m &amp#27;[35m[@503 - main]&amp#27;[m &amp#27;[36mcom.shaft.tools.io.ReportManager&amp#27;[m : Successfully created attachment "Test Data - Excel"
2023-02-07 11:01:23.740 &amp#27;[32m INFO&amp#27;[m &amp#27;[35m[@503 - main]&amp#27;[m &amp#27;[36mcom.shaft.tools.io.ReportManager&amp#27;[m : File Action "DoesFileExist" successfully performed. With the following test data "File Path: "SteeringCompanyAPI_TestData/SteeringCompanyAPI_TestData.xlsx"".
2023-02-07 11:01:23.755 &amp#27;[32m INFO&amp#27;[m &amp#27;[35m[@503 - main]&amp#27;[m &amp#27;[36mcom.shaft.tools.io.ReportManager&amp#27;[m : Successfully created attachment "Test Data - Excel"
2023-02-07 11:01:23.756 &amp#27;[32m INFO&amp#27;[m &amp#27;[35m[@503 - main]&amp#27;[m &amp#27;[36mcom.shaft.tools.io.ReportManager&amp#27;[m : File Action "DoesFileExist" successfully performed. With the following test data "File Path: "SteeringCompanyAPI_TestData/SteeringCompanyAPI_TestData.xlsx"".
2023-02-07 11:01:23.769 &amp#27;[32m INFO&amp#27;[m &amp#27;[35m[@503 - main]&amp#27;[m &amp#27;[36mcom.shaft.tools.io.ReportManager&amp#27;[m : Successfully created attachment "Test Data - Excel"
2023-02-07 11:01:24.248 &amp#27;[32m INFO&amp#27;[m &amp#27;[35m[@503 - main]&amp#27;[m &amp#27;[36mcom.shaft.tools.io.ReportManager&amp#27;[m : Response status code: "422", status line: "HTTP/1.1 422 "
2023-02-07 11:01:24.260 &amp#27;[32m INFO&amp#27;[m &amp#27;[35m[@503 - main]&amp#27;[m &amp#27;[36mcom.shaft.tools.io.ReportManager&amp#27;[m : Successfully created attachment "API Request - Specifications"
2023-02-07 11:01:24.263 &amp#27;[32m INFO&amp#27;[m &amp#27;[35m[@503 - main]&amp#27;[m &amp#27;[36mcom.shaft.tools.io.ReportManager&amp#27;[m : Successfully created attachment "API Request - JSON Body"
2023-02-07 11:01:24.264 &amp#27;[32m INFO&amp#27;[m &amp#27;[35m[@503 - main]&amp#27;[m &amp#27;[36mcom.shaft.tools.io.ReportManager&amp#27;[m : Successfully created attachment "API Response - JSON Body"
2023-02-07 11:01:24.264 &amp#27;[32m INFO&amp#27;[m &amp#27;[35m[@503 - main]&amp#27;[m &amp#27;[36mcom.shaft.tools.io.ReportManager&amp#27;[m : File Action "DoesFileExist" successfully performed. With the following test data "File Path: "Schemas/ValidationError_schema.json"".
2023-02-07 11:01:24.264 &amp#27;[32m INFO&amp#27;[m &amp#27;[35m[@503 - main]&amp#27;[m &amp#27;[36mcom.shaft.tools.io.ReportManager&amp#27;[m : File Action "DoesFileExist" successfully performed. With the following test data "File Path: "src/test/resources/testDataFiles/Schemas/ValidationError_schema.json"".
2023-02-07 11:01:24.264 &amp#27;[32m INFO&amp#27;[m &amp#27;[35m[@503 - main]&amp#27;[m &amp#27;[36mcom.shaft.tools.io.ReportManager&amp#27;[m : File Action "GetAbsolutePath" successfully performed. With the following test data "Relative Folder Path: "src/test/resources/testDataFiles/Schemas/ValidationError_schema.json"".
2023-02-07 11:01:24.266 &amp#27;[32m INFO&amp#27;[m &amp#27;[35m[@503 - main]&amp#27;[m &amp#27;[36mcom.shaft.tools.io.ReportManager&amp#27;[m : File Action "DoesFileExist" successfully performed. With the following test data "File Path: "C:\eclipse-workspace\MyProjects\TASystemsAPIs\src\test\resources\testDataFiles\Schemas\ValidationError_schema.json"".
2023-02-07 11:01:24.266 &amp#27;[32m INFO&amp#27;[m &amp#27;[35m[@503 - main]&amp#27;[m &amp#27;[36mcom.shaft.tools.io.ReportManager&amp#27;[m : File Action "GetAbsolutePath" successfully performed. With the following test data "Relative Folder Path: "C:\eclipse-workspace\MyProjects\TASystemsAPIs\src\test\resources\testDataFiles\Schemas\ValidationError_schema.json"".
2023-02-07 11:01:24.266 &amp#27;[32m INFO&amp#27;[m &amp#27;[35m[@503 - main]&amp#27;[m &amp#27;[36mcom.shaft.tools.io.ReportManager&amp#27;[m : File Action "ReadFile" successfully performed. With the following test data "File Path: "C:\eclipse-workspace\MyProjects\TASystemsAPIs\src\test\resources\testDataFiles\Schemas\ValidationError_schema.json"".
2023-02-07 11:01:24.267 &amp#27;[32m INFO&amp#27;[m &amp#27;[35m[@503 - main]&amp#27;[m &amp#27;[36mcom.shaft.tools.io.ReportManager&amp#27;[m : Successfully created attachment "Validation Test Data - Expected JSON Value"
2023-02-07 11:01:24.267 &amp#27;[32m INFO&amp#27;[m &amp#27;[35m[@503 - main]&amp#27;[m &amp#27;[36mcom.shaft.tools.io.ReportManager&amp#27;[m : Successfully created attachment "Validation Test Data - Actual JSON Value"
2023-02-07 11:01:24.268 &amp#27;[32m INFO&amp#27;[m &amp#27;[35m[@503 - main]&amp#27;[m &amp#27;[36mcom.shaft.tools.io.ReportManager&amp#27;[m : Successfully created attachment "SHAFT Engine Logs - Current Method log: Update_Policy_With_InValid_data_TC"
]]></system-out>
  </testcase>
  <testcase name="Update_Policy_With_InValid_data_TC[[Ljava.lang.Object;@3dcfdda5](6)" classname="SteeringCompanyAPI_TestCases.Test_Policies_Cases" time="1.543">
    <system-out><![CDATA[2023-02-07 11:01:24.270 &amp#27;[32m INFO&amp#27;[m &amp#27;[35m[@534 - main]&amp#27;[m &amp#27;[36mcom.shaft.tools.io.ReportManager&amp#27;[m : 
################################################################################################################################################
Starting Execution:	"284 out of 107" test cases in the current suite
Test Method:		"SteeringCompanyAPI_TestCases.Test_Policies_Cases.Update_Policy_With_InValid_data_TC"
Test Description:	"TC053 -Policy- Perform Update Policy with InValid data"
################################################################################################################################################
2023-02-07 11:01:24.270 &amp#27;[32m INFO&amp#27;[m &amp#27;[35m[@503 - main]&amp#27;[m &amp#27;[36mcom.shaft.tools.io.ReportManager&amp#27;[m : File Action "DoesFileExist" successfully performed. With the following test data "File Path: "SteeringCompanyAPI_TestData/SteeringCompanyAPI_TestData.xlsx"".
2023-02-07 11:01:24.352 &amp#27;[32m INFO&amp#27;[m &amp#27;[35m[@503 - main]&amp#27;[m &amp#27;[36mcom.shaft.tools.io.ReportManager&amp#27;[m : Successfully created attachment "Test Data - Excel"
2023-02-07 11:01:25.197 &amp#27;[32m INFO&amp#27;[m &amp#27;[35m[@503 - main]&amp#27;[m &amp#27;[36mcom.shaft.tools.io.ReportManager&amp#27;[m : Response status code: "200", status line: "HTTP/1.1 200 OK"
2023-02-07 11:01:25.206 &amp#27;[32m INFO&amp#27;[m &amp#27;[35m[@503 - main]&amp#27;[m &amp#27;[36mcom.shaft.tools.io.ReportManager&amp#27;[m : Successfully created attachment "API Request - Specifications"
2023-02-07 11:01:25.207 &amp#27;[32m INFO&amp#27;[m &amp#27;[35m[@503 - main]&amp#27;[m &amp#27;[36mcom.shaft.tools.io.ReportManager&amp#27;[m : Successfully created attachment "API Request - Body"
2023-02-07 11:01:25.208 &amp#27;[32m INFO&amp#27;[m &amp#27;[35m[@503 - main]&amp#27;[m &amp#27;[36mcom.shaft.tools.io.ReportManager&amp#27;[m : Successfully created attachment "API Response - JSON Body"
2023-02-07 11:01:25.216 &amp#27;[32m INFO&amp#27;[m &amp#27;[35m[@503 - main]&amp#27;[m &amp#27;[36mcom.shaft.tools.io.ReportManager&amp#27;[m : File Action "DoesFileExist" successfully performed. With the following test data "File Path: "SteeringCompanyAPI_TestData/SteeringCompanyAPI_TestData.xlsx"".
2023-02-07 11:01:25.234 &amp#27;[32m INFO&amp#27;[m &amp#27;[35m[@503 - main]&amp#27;[m &amp#27;[36mcom.shaft.tools.io.ReportManager&amp#27;[m : Successfully created attachment "Test Data - Excel"
2023-02-07 11:01:25.234 &amp#27;[32m INFO&amp#27;[m &amp#27;[35m[@503 - main]&amp#27;[m &amp#27;[36mcom.shaft.tools.io.ReportManager&amp#27;[m : File Action "DoesFileExist" successfully performed. With the following test data "File Path: "SteeringCompanyAPI_TestData/SteeringCompanyAPI_TestData.xlsx"".
2023-02-07 11:01:25.250 &amp#27;[32m INFO&amp#27;[m &amp#27;[35m[@503 - main]&amp#27;[m &amp#27;[36mcom.shaft.tools.io.ReportManager&amp#27;[m : Successfully created attachment "Test Data - Excel"
2023-02-07 11:01:25.250 &amp#27;[32m INFO&amp#27;[m &amp#27;[35m[@503 - main]&amp#27;[m &amp#27;[36mcom.shaft.tools.io.ReportManager&amp#27;[m : File Action "DoesFileExist" successfully performed. With the following test data "File Path: "SteeringCompanyAPI_TestData/SteeringCompanyAPI_TestData.xlsx"".
2023-02-07 11:01:25.267 &amp#27;[32m INFO&amp#27;[m &amp#27;[35m[@503 - main]&amp#27;[m &amp#27;[36mcom.shaft.tools.io.ReportManager&amp#27;[m : Successfully created attachment "Test Data - Excel"
2023-02-07 11:01:25.795 &amp#27;[32m INFO&amp#27;[m &amp#27;[35m[@503 - main]&amp#27;[m &amp#27;[36mcom.shaft.tools.io.ReportManager&amp#27;[m : Response status code: "422", status line: "HTTP/1.1 422 "
2023-02-07 11:01:25.804 &amp#27;[32m INFO&amp#27;[m &amp#27;[35m[@503 - main]&amp#27;[m &amp#27;[36mcom.shaft.tools.io.ReportManager&amp#27;[m : Successfully created attachment "API Request - Specifications"
2023-02-07 11:01:25.806 &amp#27;[32m INFO&amp#27;[m &amp#27;[35m[@503 - main]&amp#27;[m &amp#27;[36mcom.shaft.tools.io.ReportManager&amp#27;[m : Successfully created attachment "API Request - JSON Body"
2023-02-07 11:01:25.807 &amp#27;[32m INFO&amp#27;[m &amp#27;[35m[@503 - main]&amp#27;[m &amp#27;[36mcom.shaft.tools.io.ReportManager&amp#27;[m : Successfully created attachment "API Response - JSON Body"
2023-02-07 11:01:25.807 &amp#27;[32m INFO&amp#27;[m &amp#27;[35m[@503 - main]&amp#27;[m &amp#27;[36mcom.shaft.tools.io.ReportManager&amp#27;[m : File Action "DoesFileExist" successfully performed. With the following test data "File Path: "Schemas/ValidationError_schema.json"".
2023-02-07 11:01:25.807 &amp#27;[32m INFO&amp#27;[m &amp#27;[35m[@503 - main]&amp#27;[m &amp#27;[36mcom.shaft.tools.io.ReportManager&amp#27;[m : File Action "DoesFileExist" successfully performed. With the following test data "File Path: "src/test/resources/testDataFiles/Schemas/ValidationError_schema.json"".
2023-02-07 11:01:25.807 &amp#27;[32m INFO&amp#27;[m &amp#27;[35m[@503 - main]&amp#27;[m &amp#27;[36mcom.shaft.tools.io.ReportManager&amp#27;[m : File Action "GetAbsolutePath" successfully performed. With the following test data "Relative Folder Path: "src/test/resources/testDataFiles/Schemas/ValidationError_schema.json"".
2023-02-07 11:01:25.809 &amp#27;[32m INFO&amp#27;[m &amp#27;[35m[@503 - main]&amp#27;[m &amp#27;[36mcom.shaft.tools.io.ReportManager&amp#27;[m : File Action "DoesFileExist" successfully performed. With the following test data "File Path: "C:\eclipse-workspace\MyProjects\TASystemsAPIs\src\test\resources\testDataFiles\Schemas\ValidationError_schema.json"".
2023-02-07 11:01:25.809 &amp#27;[32m INFO&amp#27;[m &amp#27;[35m[@503 - main]&amp#27;[m &amp#27;[36mcom.shaft.tools.io.ReportManager&amp#27;[m : File Action "GetAbsolutePath" successfully performed. With the following test data "Relative Folder Path: "C:\eclipse-workspace\MyProjects\TASystemsAPIs\src\test\resources\testDataFiles\Schemas\ValidationError_schema.json"".
2023-02-07 11:01:25.809 &amp#27;[32m INFO&amp#27;[m &amp#27;[35m[@503 - main]&amp#27;[m &amp#27;[36mcom.shaft.tools.io.ReportManager&amp#27;[m : File Action "ReadFile" successfully performed. With the following test data "File Path: "C:\eclipse-workspace\MyProjects\TASystemsAPIs\src\test\resources\testDataFiles\Schemas\ValidationError_schema.json"".
2023-02-07 11:01:25.810 &amp#27;[32m INFO&amp#27;[m &amp#27;[35m[@503 - main]&amp#27;[m &amp#27;[36mcom.shaft.tools.io.ReportManager&amp#27;[m : Successfully created attachment "Validation Test Data - Expected JSON Value"
2023-02-07 11:01:25.811 &amp#27;[32m INFO&amp#27;[m &amp#27;[35m[@503 - main]&amp#27;[m &amp#27;[36mcom.shaft.tools.io.ReportManager&amp#27;[m : Successfully created attachment "Validation Test Data - Actual JSON Value"
2023-02-07 11:01:25.812 &amp#27;[32m INFO&amp#27;[m &amp#27;[35m[@503 - main]&amp#27;[m &amp#27;[36mcom.shaft.tools.io.ReportManager&amp#27;[m : Successfully created attachment "SHAFT Engine Logs - Current Method log: Update_Policy_With_InValid_data_TC"
]]></system-out>
  </testcase>
  <testcase name="Update_Policy_With_InValid_data_TC[[Ljava.lang.Object;@58f14df9](7)" classname="SteeringCompanyAPI_TestCases.Test_Policies_Cases" time="1.28">
    <system-out><![CDATA[2023-02-07 11:01:25.813 &amp#27;[32m INFO&amp#27;[m &amp#27;[35m[@534 - main]&amp#27;[m &amp#27;[36mcom.shaft.tools.io.ReportManager&amp#27;[m : 
################################################################################################################################################
Starting Execution:	"285 out of 107" test cases in the current suite
Test Method:		"SteeringCompanyAPI_TestCases.Test_Policies_Cases.Update_Policy_With_InValid_data_TC"
Test Description:	"TC053 -Policy- Perform Update Policy with InValid data"
################################################################################################################################################
2023-02-07 11:01:25.813 &amp#27;[32m INFO&amp#27;[m &amp#27;[35m[@503 - main]&amp#27;[m &amp#27;[36mcom.shaft.tools.io.ReportManager&amp#27;[m : File Action "DoesFileExist" successfully performed. With the following test data "File Path: "SteeringCompanyAPI_TestData/SteeringCompanyAPI_TestData.xlsx"".
2023-02-07 11:01:25.828 &amp#27;[32m INFO&amp#27;[m &amp#27;[35m[@503 - main]&amp#27;[m &amp#27;[36mcom.shaft.tools.io.ReportManager&amp#27;[m : Successfully created attachment "Test Data - Excel"
2023-02-07 11:01:26.482 &amp#27;[32m INFO&amp#27;[m &amp#27;[35m[@503 - main]&amp#27;[m &amp#27;[36mcom.shaft.tools.io.ReportManager&amp#27;[m : Response status code: "200", status line: "HTTP/1.1 200 OK"
2023-02-07 11:01:26.490 &amp#27;[32m INFO&amp#27;[m &amp#27;[35m[@503 - main]&amp#27;[m &amp#27;[36mcom.shaft.tools.io.ReportManager&amp#27;[m : Successfully created attachment "API Request - Specifications"
2023-02-07 11:01:26.490 &amp#27;[32m INFO&amp#27;[m &amp#27;[35m[@503 - main]&amp#27;[m &amp#27;[36mcom.shaft.tools.io.ReportManager&amp#27;[m : Successfully created attachment "API Request - Body"
2023-02-07 11:01:26.491 &amp#27;[32m INFO&amp#27;[m &amp#27;[35m[@503 - main]&amp#27;[m &amp#27;[36mcom.shaft.tools.io.ReportManager&amp#27;[m : Successfully created attachment "API Response - JSON Body"
2023-02-07 11:01:26.497 &amp#27;[32m INFO&amp#27;[m &amp#27;[35m[@503 - main]&amp#27;[m &amp#27;[36mcom.shaft.tools.io.ReportManager&amp#27;[m : File Action "DoesFileExist" successfully performed. With the following test data "File Path: "SteeringCompanyAPI_TestData/SteeringCompanyAPI_TestData.xlsx"".
2023-02-07 11:01:26.514 &amp#27;[32m INFO&amp#27;[m &amp#27;[35m[@503 - main]&amp#27;[m &amp#27;[36mcom.shaft.tools.io.ReportManager&amp#27;[m : Successfully created attachment "Test Data - Excel"
2023-02-07 11:01:26.514 &amp#27;[32m INFO&amp#27;[m &amp#27;[35m[@503 - main]&amp#27;[m &amp#27;[36mcom.shaft.tools.io.ReportManager&amp#27;[m : File Action "DoesFileExist" successfully performed. With the following test data "File Path: "SteeringCompanyAPI_TestData/SteeringCompanyAPI_TestData.xlsx"".
2023-02-07 11:01:26.534 &amp#27;[32m INFO&amp#27;[m &amp#27;[35m[@503 - main]&amp#27;[m &amp#27;[36mcom.shaft.tools.io.ReportManager&amp#27;[m : Successfully created attachment "Test Data - Excel"
2023-02-07 11:01:26.534 &amp#27;[32m INFO&amp#27;[m &amp#27;[35m[@503 - main]&amp#27;[m &amp#27;[36mcom.shaft.tools.io.ReportManager&amp#27;[m : File Action "DoesFileExist" successfully performed. With the following test data "File Path: "SteeringCompanyAPI_TestData/SteeringCompanyAPI_TestData.xlsx"".
2023-02-07 11:01:26.551 &amp#27;[32m INFO&amp#27;[m &amp#27;[35m[@503 - main]&amp#27;[m &amp#27;[36mcom.shaft.tools.io.ReportManager&amp#27;[m : Successfully created attachment "Test Data - Excel"
2023-02-07 11:01:27.073 &amp#27;[32m INFO&amp#27;[m &amp#27;[35m[@503 - main]&amp#27;[m &amp#27;[36mcom.shaft.tools.io.ReportManager&amp#27;[m : Response status code: "422", status line: "HTTP/1.1 422 "
2023-02-07 11:01:27.083 &amp#27;[32m INFO&amp#27;[m &amp#27;[35m[@503 - main]&amp#27;[m &amp#27;[36mcom.shaft.tools.io.ReportManager&amp#27;[m : Successfully created attachment "API Request - Specifications"
2023-02-07 11:01:27.083 &amp#27;[32m INFO&amp#27;[m &amp#27;[35m[@503 - main]&amp#27;[m &amp#27;[36mcom.shaft.tools.io.ReportManager&amp#27;[m : Successfully created attachment "API Request - JSON Body"
2023-02-07 11:01:27.086 &amp#27;[32m INFO&amp#27;[m &amp#27;[35m[@503 - main]&amp#27;[m &amp#27;[36mcom.shaft.tools.io.ReportManager&amp#27;[m : Successfully created attachment "API Response - JSON Body"
2023-02-07 11:01:27.087 &amp#27;[32m INFO&amp#27;[m &amp#27;[35m[@503 - main]&amp#27;[m &amp#27;[36mcom.shaft.tools.io.ReportManager&amp#27;[m : File Action "DoesFileExist" successfully performed. With the following test data "File Path: "Schemas/ValidationError_schema.json"".
2023-02-07 11:01:27.087 &amp#27;[32m INFO&amp#27;[m &amp#27;[35m[@503 - main]&amp#27;[m &amp#27;[36mcom.shaft.tools.io.ReportManager&amp#27;[m : File Action "DoesFileExist" successfully performed. With the following test data "File Path: "src/test/resources/testDataFiles/Schemas/ValidationError_schema.json"".
2023-02-07 11:01:27.087 &amp#27;[32m INFO&amp#27;[m &amp#27;[35m[@503 - main]&amp#27;[m &amp#27;[36mcom.shaft.tools.io.ReportManager&amp#27;[m : File Action "GetAbsolutePath" successfully performed. With the following test data "Relative Folder Path: "src/test/resources/testDataFiles/Schemas/ValidationError_schema.json"".
2023-02-07 11:01:27.089 &amp#27;[32m INFO&amp#27;[m &amp#27;[35m[@503 - main]&amp#27;[m &amp#27;[36mcom.shaft.tools.io.ReportManager&amp#27;[m : File Action "DoesFileExist" successfully performed. With the following test data "File Path: "C:\eclipse-workspace\MyProjects\TASystemsAPIs\src\test\resources\testDataFiles\Schemas\ValidationError_schema.json"".
2023-02-07 11:01:27.089 &amp#27;[32m INFO&amp#27;[m &amp#27;[35m[@503 - main]&amp#27;[m &amp#27;[36mcom.shaft.tools.io.ReportManager&amp#27;[m : File Action "GetAbsolutePath" successfully performed. With the following test data "Relative Folder Path: "C:\eclipse-workspace\MyProjects\TASystemsAPIs\src\test\resources\testDataFiles\Schemas\ValidationError_schema.json"".
2023-02-07 11:01:27.089 &amp#27;[32m INFO&amp#27;[m &amp#27;[35m[@503 - main]&amp#27;[m &amp#27;[36mcom.shaft.tools.io.ReportManager&amp#27;[m : File Action "ReadFile" successfully performed. With the following test data "File Path: "C:\eclipse-workspace\MyProjects\TASystemsAPIs\src\test\resources\testDataFiles\Schemas\ValidationError_schema.json"".
2023-02-07 11:01:27.090 &amp#27;[32m INFO&amp#27;[m &amp#27;[35m[@503 - main]&amp#27;[m &amp#27;[36mcom.shaft.tools.io.ReportManager&amp#27;[m : Successfully created attachment "Validation Test Data - Expected JSON Value"
2023-02-07 11:01:27.091 &amp#27;[32m INFO&amp#27;[m &amp#27;[35m[@503 - main]&amp#27;[m &amp#27;[36mcom.shaft.tools.io.ReportManager&amp#27;[m : Successfully created attachment "Validation Test Data - Actual JSON Value"
2023-02-07 11:01:27.091 &amp#27;[32m INFO&amp#27;[m &amp#27;[35m[@503 - main]&amp#27;[m &amp#27;[36mcom.shaft.tools.io.ReportManager&amp#27;[m : Successfully created attachment "SHAFT Engine Logs - Current Method log: Update_Policy_With_InValid_data_TC"
]]></system-out>
  </testcase>
  <testcase name="Update_Policy_With_InValid_data_TC[[Ljava.lang.Object;@5bac6e4a](8)" classname="SteeringCompanyAPI_TestCases.Test_Policies_Cases" time="1.18">
    <system-out><![CDATA[2023-02-07 11:01:27.094 &amp#27;[32m INFO&amp#27;[m &amp#27;[35m[@534 - main]&amp#27;[m &amp#27;[36mcom.shaft.tools.io.ReportManager&amp#27;[m : 
################################################################################################################################################
Starting Execution:	"286 out of 107" test cases in the current suite
Test Method:		"SteeringCompanyAPI_TestCases.Test_Policies_Cases.Update_Policy_With_InValid_data_TC"
Test Description:	"TC053 -Policy- Perform Update Policy with InValid data"
################################################################################################################################################
2023-02-07 11:01:27.094 &amp#27;[32m INFO&amp#27;[m &amp#27;[35m[@503 - main]&amp#27;[m &amp#27;[36mcom.shaft.tools.io.ReportManager&amp#27;[m : File Action "DoesFileExist" successfully performed. With the following test data "File Path: "SteeringCompanyAPI_TestData/SteeringCompanyAPI_TestData.xlsx"".
2023-02-07 11:01:27.107 &amp#27;[32m INFO&amp#27;[m &amp#27;[35m[@503 - main]&amp#27;[m &amp#27;[36mcom.shaft.tools.io.ReportManager&amp#27;[m : Successfully created attachment "Test Data - Excel"
2023-02-07 11:01:27.715 &amp#27;[32m INFO&amp#27;[m &amp#27;[35m[@503 - main]&amp#27;[m &amp#27;[36mcom.shaft.tools.io.ReportManager&amp#27;[m : Response status code: "200", status line: "HTTP/1.1 200 OK"
2023-02-07 11:01:27.722 &amp#27;[32m INFO&amp#27;[m &amp#27;[35m[@503 - main]&amp#27;[m &amp#27;[36mcom.shaft.tools.io.ReportManager&amp#27;[m : Successfully created attachment "API Request - Specifications"
2023-02-07 11:01:27.723 &amp#27;[32m INFO&amp#27;[m &amp#27;[35m[@503 - main]&amp#27;[m &amp#27;[36mcom.shaft.tools.io.ReportManager&amp#27;[m : Successfully created attachment "API Request - Body"
2023-02-07 11:01:27.724 &amp#27;[32m INFO&amp#27;[m &amp#27;[35m[@503 - main]&amp#27;[m &amp#27;[36mcom.shaft.tools.io.ReportManager&amp#27;[m : Successfully created attachment "API Response - JSON Body"
2023-02-07 11:01:27.729 &amp#27;[32m INFO&amp#27;[m &amp#27;[35m[@503 - main]&amp#27;[m &amp#27;[36mcom.shaft.tools.io.ReportManager&amp#27;[m : File Action "DoesFileExist" successfully performed. With the following test data "File Path: "SteeringCompanyAPI_TestData/SteeringCompanyAPI_TestData.xlsx"".
2023-02-07 11:01:27.742 &amp#27;[32m INFO&amp#27;[m &amp#27;[35m[@503 - main]&amp#27;[m &amp#27;[36mcom.shaft.tools.io.ReportManager&amp#27;[m : Successfully created attachment "Test Data - Excel"
2023-02-07 11:01:27.743 &amp#27;[32m INFO&amp#27;[m &amp#27;[35m[@503 - main]&amp#27;[m &amp#27;[36mcom.shaft.tools.io.ReportManager&amp#27;[m : File Action "DoesFileExist" successfully performed. With the following test data "File Path: "SteeringCompanyAPI_TestData/SteeringCompanyAPI_TestData.xlsx"".
2023-02-07 11:01:27.756 &amp#27;[32m INFO&amp#27;[m &amp#27;[35m[@503 - main]&amp#27;[m &amp#27;[36mcom.shaft.tools.io.ReportManager&amp#27;[m : Successfully created attachment "Test Data - Excel"
2023-02-07 11:01:27.756 &amp#27;[32m INFO&amp#27;[m &amp#27;[35m[@503 - main]&amp#27;[m &amp#27;[36mcom.shaft.tools.io.ReportManager&amp#27;[m : File Action "DoesFileExist" successfully performed. With the following test data "File Path: "SteeringCompanyAPI_TestData/SteeringCompanyAPI_TestData.xlsx"".
2023-02-07 11:01:27.770 &amp#27;[32m INFO&amp#27;[m &amp#27;[35m[@503 - main]&amp#27;[m &amp#27;[36mcom.shaft.tools.io.ReportManager&amp#27;[m : Successfully created attachment "Test Data - Excel"
2023-02-07 11:01:28.256 &amp#27;[32m INFO&amp#27;[m &amp#27;[35m[@503 - main]&amp#27;[m &amp#27;[36mcom.shaft.tools.io.ReportManager&amp#27;[m : Response status code: "422", status line: "HTTP/1.1 422 "
2023-02-07 11:01:28.266 &amp#27;[32m INFO&amp#27;[m &amp#27;[35m[@503 - main]&amp#27;[m &amp#27;[36mcom.shaft.tools.io.ReportManager&amp#27;[m : Successfully created attachment "API Request - Specifications"
2023-02-07 11:01:28.267 &amp#27;[32m INFO&amp#27;[m &amp#27;[35m[@503 - main]&amp#27;[m &amp#27;[36mcom.shaft.tools.io.ReportManager&amp#27;[m : Successfully created attachment "API Request - JSON Body"
2023-02-07 11:01:28.267 &amp#27;[32m INFO&amp#27;[m &amp#27;[35m[@503 - main]&amp#27;[m &amp#27;[36mcom.shaft.tools.io.ReportManager&amp#27;[m : Successfully created attachment "API Response - JSON Body"
2023-02-07 11:01:28.268 &amp#27;[32m INFO&amp#27;[m &amp#27;[35m[@503 - main]&amp#27;[m &amp#27;[36mcom.shaft.tools.io.ReportManager&amp#27;[m : File Action "DoesFileExist" successfully performed. With the following test data "File Path: "Schemas/ValidationError_schema.json"".
2023-02-07 11:01:28.268 &amp#27;[32m INFO&amp#27;[m &amp#27;[35m[@503 - main]&amp#27;[m &amp#27;[36mcom.shaft.tools.io.ReportManager&amp#27;[m : File Action "DoesFileExist" successfully performed. With the following test data "File Path: "src/test/resources/testDataFiles/Schemas/ValidationError_schema.json"".
2023-02-07 11:01:28.268 &amp#27;[32m INFO&amp#27;[m &amp#27;[35m[@503 - main]&amp#27;[m &amp#27;[36mcom.shaft.tools.io.ReportManager&amp#27;[m : File Action "GetAbsolutePath" successfully performed. With the following test data "Relative Folder Path: "src/test/resources/testDataFiles/Schemas/ValidationError_schema.json"".
2023-02-07 11:01:28.269 &amp#27;[32m INFO&amp#27;[m &amp#27;[35m[@503 - main]&amp#27;[m &amp#27;[36mcom.shaft.tools.io.ReportManager&amp#27;[m : File Action "DoesFileExist" successfully performed. With the following test data "File Path: "C:\eclipse-workspace\MyProjects\TASystemsAPIs\src\test\resources\testDataFiles\Schemas\ValidationError_schema.json"".
2023-02-07 11:01:28.269 &amp#27;[32m INFO&amp#27;[m &amp#27;[35m[@503 - main]&amp#27;[m &amp#27;[36mcom.shaft.tools.io.ReportManager&amp#27;[m : File Action "GetAbsolutePath" successfully performed. With the following test data "Relative Folder Path: "C:\eclipse-workspace\MyProjects\TASystemsAPIs\src\test\resources\testDataFiles\Schemas\ValidationError_schema.json"".
2023-02-07 11:01:28.269 &amp#27;[32m INFO&amp#27;[m &amp#27;[35m[@503 - main]&amp#27;[m &amp#27;[36mcom.shaft.tools.io.ReportManager&amp#27;[m : File Action "ReadFile" successfully performed. With the following test data "File Path: "C:\eclipse-workspace\MyProjects\TASystemsAPIs\src\test\resources\testDataFiles\Schemas\ValidationError_schema.json"".
2023-02-07 11:01:28.271 &amp#27;[32m INFO&amp#27;[m &amp#27;[35m[@503 - main]&amp#27;[m &amp#27;[36mcom.shaft.tools.io.ReportManager&amp#27;[m : Successfully created attachment "Validation Test Data - Expected JSON Value"
2023-02-07 11:01:28.272 &amp#27;[32m INFO&amp#27;[m &amp#27;[35m[@503 - main]&amp#27;[m &amp#27;[36mcom.shaft.tools.io.ReportManager&amp#27;[m : Successfully created attachment "Validation Test Data - Actual JSON Value"
2023-02-07 11:01:28.272 &amp#27;[32m INFO&amp#27;[m &amp#27;[35m[@503 - main]&amp#27;[m &amp#27;[36mcom.shaft.tools.io.ReportManager&amp#27;[m : Successfully created attachment "SHAFT Engine Logs - Current Method log: Update_Policy_With_InValid_data_TC"
]]></system-out>
  </testcase>
  <testcase name="Update_Policy_With_InValid_data_TC[[Ljava.lang.Object;@440d726b](9)" classname="SteeringCompanyAPI_TestCases.Test_Policies_Cases" time="1.241">
    <system-out><![CDATA[2023-02-07 11:01:28.274 &amp#27;[32m INFO&amp#27;[m &amp#27;[35m[@534 - main]&amp#27;[m &amp#27;[36mcom.shaft.tools.io.ReportManager&amp#27;[m : 
################################################################################################################################################
Starting Execution:	"287 out of 107" test cases in the current suite
Test Method:		"SteeringCompanyAPI_TestCases.Test_Policies_Cases.Update_Policy_With_InValid_data_TC"
Test Description:	"TC053 -Policy- Perform Update Policy with InValid data"
################################################################################################################################################
2023-02-07 11:01:28.274 &amp#27;[32m INFO&amp#27;[m &amp#27;[35m[@503 - main]&amp#27;[m &amp#27;[36mcom.shaft.tools.io.ReportManager&amp#27;[m : File Action "DoesFileExist" successfully performed. With the following test data "File Path: "SteeringCompanyAPI_TestData/SteeringCompanyAPI_TestData.xlsx"".
2023-02-07 11:01:28.288 &amp#27;[32m INFO&amp#27;[m &amp#27;[35m[@503 - main]&amp#27;[m &amp#27;[36mcom.shaft.tools.io.ReportManager&amp#27;[m : Successfully created attachment "Test Data - Excel"
2023-02-07 11:01:28.914 &amp#27;[32m INFO&amp#27;[m &amp#27;[35m[@503 - main]&amp#27;[m &amp#27;[36mcom.shaft.tools.io.ReportManager&amp#27;[m : Response status code: "200", status line: "HTTP/1.1 200 OK"
2023-02-07 11:01:28.924 &amp#27;[32m INFO&amp#27;[m &amp#27;[35m[@503 - main]&amp#27;[m &amp#27;[36mcom.shaft.tools.io.ReportManager&amp#27;[m : Successfully created attachment "API Request - Specifications"
2023-02-07 11:01:28.924 &amp#27;[32m INFO&amp#27;[m &amp#27;[35m[@503 - main]&amp#27;[m &amp#27;[36mcom.shaft.tools.io.ReportManager&amp#27;[m : Successfully created attachment "API Request - Body"
2023-02-07 11:01:28.927 &amp#27;[32m INFO&amp#27;[m &amp#27;[35m[@503 - main]&amp#27;[m &amp#27;[36mcom.shaft.tools.io.ReportManager&amp#27;[m : Successfully created attachment "API Response - JSON Body"
2023-02-07 11:01:28.932 &amp#27;[32m INFO&amp#27;[m &amp#27;[35m[@503 - main]&amp#27;[m &amp#27;[36mcom.shaft.tools.io.ReportManager&amp#27;[m : File Action "DoesFileExist" successfully performed. With the following test data "File Path: "SteeringCompanyAPI_TestData/SteeringCompanyAPI_TestData.xlsx"".
2023-02-07 11:01:28.945 &amp#27;[32m INFO&amp#27;[m &amp#27;[35m[@503 - main]&amp#27;[m &amp#27;[36mcom.shaft.tools.io.ReportManager&amp#27;[m : Successfully created attachment "Test Data - Excel"
2023-02-07 11:01:28.946 &amp#27;[32m INFO&amp#27;[m &amp#27;[35m[@503 - main]&amp#27;[m &amp#27;[36mcom.shaft.tools.io.ReportManager&amp#27;[m : File Action "DoesFileExist" successfully performed. With the following test data "File Path: "SteeringCompanyAPI_TestData/SteeringCompanyAPI_TestData.xlsx"".
2023-02-07 11:01:28.967 &amp#27;[32m INFO&amp#27;[m &amp#27;[35m[@503 - main]&amp#27;[m &amp#27;[36mcom.shaft.tools.io.ReportManager&amp#27;[m : Successfully created attachment "Test Data - Excel"
2023-02-07 11:01:28.967 &amp#27;[32m INFO&amp#27;[m &amp#27;[35m[@503 - main]&amp#27;[m &amp#27;[36mcom.shaft.tools.io.ReportManager&amp#27;[m : File Action "DoesFileExist" successfully performed. With the following test data "File Path: "SteeringCompanyAPI_TestData/SteeringCompanyAPI_TestData.xlsx"".
2023-02-07 11:01:28.981 &amp#27;[32m INFO&amp#27;[m &amp#27;[35m[@503 - main]&amp#27;[m &amp#27;[36mcom.shaft.tools.io.ReportManager&amp#27;[m : Successfully created attachment "Test Data - Excel"
2023-02-07 11:01:29.495 &amp#27;[32m INFO&amp#27;[m &amp#27;[35m[@503 - main]&amp#27;[m &amp#27;[36mcom.shaft.tools.io.ReportManager&amp#27;[m : Response status code: "422", status line: "HTTP/1.1 422 "
2023-02-07 11:01:29.507 &amp#27;[32m INFO&amp#27;[m &amp#27;[35m[@503 - main]&amp#27;[m &amp#27;[36mcom.shaft.tools.io.ReportManager&amp#27;[m : Successfully created attachment "API Request - Specifications"
2023-02-07 11:01:29.508 &amp#27;[32m INFO&amp#27;[m &amp#27;[35m[@503 - main]&amp#27;[m &amp#27;[36mcom.shaft.tools.io.ReportManager&amp#27;[m : Successfully created attachment "API Request - JSON Body"
2023-02-07 11:01:29.508 &amp#27;[32m INFO&amp#27;[m &amp#27;[35m[@503 - main]&amp#27;[m &amp#27;[36mcom.shaft.tools.io.ReportManager&amp#27;[m : Successfully created attachment "API Response - JSON Body"
2023-02-07 11:01:29.508 &amp#27;[32m INFO&amp#27;[m &amp#27;[35m[@503 - main]&amp#27;[m &amp#27;[36mcom.shaft.tools.io.ReportManager&amp#27;[m : File Action "DoesFileExist" successfully performed. With the following test data "File Path: "Schemas/ValidationError_schema.json"".
2023-02-07 11:01:29.508 &amp#27;[32m INFO&amp#27;[m &amp#27;[35m[@503 - main]&amp#27;[m &amp#27;[36mcom.shaft.tools.io.ReportManager&amp#27;[m : File Action "DoesFileExist" successfully performed. With the following test data "File Path: "src/test/resources/testDataFiles/Schemas/ValidationError_schema.json"".
2023-02-07 11:01:29.508 &amp#27;[32m INFO&amp#27;[m &amp#27;[35m[@503 - main]&amp#27;[m &amp#27;[36mcom.shaft.tools.io.ReportManager&amp#27;[m : File Action "GetAbsolutePath" successfully performed. With the following test data "Relative Folder Path: "src/test/resources/testDataFiles/Schemas/ValidationError_schema.json"".
2023-02-07 11:01:29.510 &amp#27;[32m INFO&amp#27;[m &amp#27;[35m[@503 - main]&amp#27;[m &amp#27;[36mcom.shaft.tools.io.ReportManager&amp#27;[m : File Action "DoesFileExist" successfully performed. With the following test data "File Path: "C:\eclipse-workspace\MyProjects\TASystemsAPIs\src\test\resources\testDataFiles\Schemas\ValidationError_schema.json"".
2023-02-07 11:01:29.510 &amp#27;[32m INFO&amp#27;[m &amp#27;[35m[@503 - main]&amp#27;[m &amp#27;[36mcom.shaft.tools.io.ReportManager&amp#27;[m : File Action "GetAbsolutePath" successfully performed. With the following test data "Relative Folder Path: "C:\eclipse-workspace\MyProjects\TASystemsAPIs\src\test\resources\testDataFiles\Schemas\ValidationError_schema.json"".
2023-02-07 11:01:29.511 &amp#27;[32m INFO&amp#27;[m &amp#27;[35m[@503 - main]&amp#27;[m &amp#27;[36mcom.shaft.tools.io.ReportManager&amp#27;[m : File Action "ReadFile" successfully performed. With the following test data "File Path: "C:\eclipse-workspace\MyProjects\TASystemsAPIs\src\test\resources\testDataFiles\Schemas\ValidationError_schema.json"".
2023-02-07 11:01:29.512 &amp#27;[32m INFO&amp#27;[m &amp#27;[35m[@503 - main]&amp#27;[m &amp#27;[36mcom.shaft.tools.io.ReportManager&amp#27;[m : Successfully created attachment "Validation Test Data - Expected JSON Value"
2023-02-07 11:01:29.512 &amp#27;[32m INFO&amp#27;[m &amp#27;[35m[@503 - main]&amp#27;[m &amp#27;[36mcom.shaft.tools.io.ReportManager&amp#27;[m : Successfully created attachment "Validation Test Data - Actual JSON Value"
2023-02-07 11:01:29.513 &amp#27;[32m INFO&amp#27;[m &amp#27;[35m[@503 - main]&amp#27;[m &amp#27;[36mcom.shaft.tools.io.ReportManager&amp#27;[m : Successfully created attachment "SHAFT Engine Logs - Current Method log: Update_Policy_With_InValid_data_TC"
]]></system-out>
  </testcase>
  <testcase name="Update_Policy_With_InValid_data_TC[[Ljava.lang.Object;@60c27969](10)" classname="SteeringCompanyAPI_TestCases.Test_Policies_Cases" time="2.168">
    <system-out><![CDATA[2023-02-07 11:01:29.515 &amp#27;[32m INFO&amp#27;[m &amp#27;[35m[@534 - main]&amp#27;[m &amp#27;[36mcom.shaft.tools.io.ReportManager&amp#27;[m : 
################################################################################################################################################
Starting Execution:	"288 out of 107" test cases in the current suite
Test Method:		"SteeringCompanyAPI_TestCases.Test_Policies_Cases.Update_Policy_With_InValid_data_TC"
Test Description:	"TC053 -Policy- Perform Update Policy with InValid data"
################################################################################################################################################
2023-02-07 11:01:29.515 &amp#27;[32m INFO&amp#27;[m &amp#27;[35m[@503 - main]&amp#27;[m &amp#27;[36mcom.shaft.tools.io.ReportManager&amp#27;[m : File Action "DoesFileExist" successfully performed. With the following test data "File Path: "SteeringCompanyAPI_TestData/SteeringCompanyAPI_TestData.xlsx"".
2023-02-07 11:01:29.529 &amp#27;[32m INFO&amp#27;[m &amp#27;[35m[@503 - main]&amp#27;[m &amp#27;[36mcom.shaft.tools.io.ReportManager&amp#27;[m : Successfully created attachment "Test Data - Excel"
2023-02-07 11:01:30.477 &amp#27;[32m INFO&amp#27;[m &amp#27;[35m[@503 - main]&amp#27;[m &amp#27;[36mcom.shaft.tools.io.ReportManager&amp#27;[m : Response status code: "200", status line: "HTTP/1.1 200 OK"
2023-02-07 11:01:30.487 &amp#27;[32m INFO&amp#27;[m &amp#27;[35m[@503 - main]&amp#27;[m &amp#27;[36mcom.shaft.tools.io.ReportManager&amp#27;[m : Successfully created attachment "API Request - Specifications"
2023-02-07 11:01:30.488 &amp#27;[32m INFO&amp#27;[m &amp#27;[35m[@503 - main]&amp#27;[m &amp#27;[36mcom.shaft.tools.io.ReportManager&amp#27;[m : Successfully created attachment "API Request - Body"
2023-02-07 11:01:30.494 &amp#27;[32m INFO&amp#27;[m &amp#27;[35m[@503 - main]&amp#27;[m &amp#27;[36mcom.shaft.tools.io.ReportManager&amp#27;[m : Successfully created attachment "API Response - JSON Body"
2023-02-07 11:01:30.500 &amp#27;[32m INFO&amp#27;[m &amp#27;[35m[@503 - main]&amp#27;[m &amp#27;[36mcom.shaft.tools.io.ReportManager&amp#27;[m : File Action "DoesFileExist" successfully performed. With the following test data "File Path: "SteeringCompanyAPI_TestData/SteeringCompanyAPI_TestData.xlsx"".
2023-02-07 11:01:30.514 &amp#27;[32m INFO&amp#27;[m &amp#27;[35m[@503 - main]&amp#27;[m &amp#27;[36mcom.shaft.tools.io.ReportManager&amp#27;[m : Successfully created attachment "Test Data - Excel"
2023-02-07 11:01:30.514 &amp#27;[32m INFO&amp#27;[m &amp#27;[35m[@503 - main]&amp#27;[m &amp#27;[36mcom.shaft.tools.io.ReportManager&amp#27;[m : File Action "DoesFileExist" successfully performed. With the following test data "File Path: "SteeringCompanyAPI_TestData/SteeringCompanyAPI_TestData.xlsx"".
2023-02-07 11:01:30.528 &amp#27;[32m INFO&amp#27;[m &amp#27;[35m[@503 - main]&amp#27;[m &amp#27;[36mcom.shaft.tools.io.ReportManager&amp#27;[m : Successfully created attachment "Test Data - Excel"
2023-02-07 11:01:30.528 &amp#27;[32m INFO&amp#27;[m &amp#27;[35m[@503 - main]&amp#27;[m &amp#27;[36mcom.shaft.tools.io.ReportManager&amp#27;[m : File Action "DoesFileExist" successfully performed. With the following test data "File Path: "SteeringCompanyAPI_TestData/SteeringCompanyAPI_TestData.xlsx"".
2023-02-07 11:01:30.543 &amp#27;[32m INFO&amp#27;[m &amp#27;[35m[@503 - main]&amp#27;[m &amp#27;[36mcom.shaft.tools.io.ReportManager&amp#27;[m : Successfully created attachment "Test Data - Excel"
2023-02-07 11:01:31.663 &amp#27;[32m INFO&amp#27;[m &amp#27;[35m[@503 - main]&amp#27;[m &amp#27;[36mcom.shaft.tools.io.ReportManager&amp#27;[m : Response status code: "422", status line: "HTTP/1.1 422 "
2023-02-07 11:01:31.671 &amp#27;[32m INFO&amp#27;[m &amp#27;[35m[@503 - main]&amp#27;[m &amp#27;[36mcom.shaft.tools.io.ReportManager&amp#27;[m : Successfully created attachment "API Request - Specifications"
2023-02-07 11:01:31.673 &amp#27;[32m INFO&amp#27;[m &amp#27;[35m[@503 - main]&amp#27;[m &amp#27;[36mcom.shaft.tools.io.ReportManager&amp#27;[m : Successfully created attachment "API Request - JSON Body"
2023-02-07 11:01:31.675 &amp#27;[32m INFO&amp#27;[m &amp#27;[35m[@503 - main]&amp#27;[m &amp#27;[36mcom.shaft.tools.io.ReportManager&amp#27;[m : Successfully created attachment "API Response - JSON Body"
2023-02-07 11:01:31.675 &amp#27;[32m INFO&amp#27;[m &amp#27;[35m[@503 - main]&amp#27;[m &amp#27;[36mcom.shaft.tools.io.ReportManager&amp#27;[m : File Action "DoesFileExist" successfully performed. With the following test data "File Path: "Schemas/ValidationError_schema.json"".
2023-02-07 11:01:31.675 &amp#27;[32m INFO&amp#27;[m &amp#27;[35m[@503 - main]&amp#27;[m &amp#27;[36mcom.shaft.tools.io.ReportManager&amp#27;[m : File Action "DoesFileExist" successfully performed. With the following test data "File Path: "src/test/resources/testDataFiles/Schemas/ValidationError_schema.json"".
2023-02-07 11:01:31.675 &amp#27;[32m INFO&amp#27;[m &amp#27;[35m[@503 - main]&amp#27;[m &amp#27;[36mcom.shaft.tools.io.ReportManager&amp#27;[m : File Action "GetAbsolutePath" successfully performed. With the following test data "Relative Folder Path: "src/test/resources/testDataFiles/Schemas/ValidationError_schema.json"".
2023-02-07 11:01:31.677 &amp#27;[32m INFO&amp#27;[m &amp#27;[35m[@503 - main]&amp#27;[m &amp#27;[36mcom.shaft.tools.io.ReportManager&amp#27;[m : File Action "DoesFileExist" successfully performed. With the following test data "File Path: "C:\eclipse-workspace\MyProjects\TASystemsAPIs\src\test\resources\testDataFiles\Schemas\ValidationError_schema.json"".
2023-02-07 11:01:31.677 &amp#27;[32m INFO&amp#27;[m &amp#27;[35m[@503 - main]&amp#27;[m &amp#27;[36mcom.shaft.tools.io.ReportManager&amp#27;[m : File Action "GetAbsolutePath" successfully performed. With the following test data "Relative Folder Path: "C:\eclipse-workspace\MyProjects\TASystemsAPIs\src\test\resources\testDataFiles\Schemas\ValidationError_schema.json"".
2023-02-07 11:01:31.677 &amp#27;[32m INFO&amp#27;[m &amp#27;[35m[@503 - main]&amp#27;[m &amp#27;[36mcom.shaft.tools.io.ReportManager&amp#27;[m : File Action "ReadFile" successfully performed. With the following test data "File Path: "C:\eclipse-workspace\MyProjects\TASystemsAPIs\src\test\resources\testDataFiles\Schemas\ValidationError_schema.json"".
2023-02-07 11:01:31.679 &amp#27;[32m INFO&amp#27;[m &amp#27;[35m[@503 - main]&amp#27;[m &amp#27;[36mcom.shaft.tools.io.ReportManager&amp#27;[m : Successfully created attachment "Validation Test Data - Expected JSON Value"
2023-02-07 11:01:31.679 &amp#27;[32m INFO&amp#27;[m &amp#27;[35m[@503 - main]&amp#27;[m &amp#27;[36mcom.shaft.tools.io.ReportManager&amp#27;[m : Successfully created attachment "Validation Test Data - Actual JSON Value"
2023-02-07 11:01:31.679 &amp#27;[32m INFO&amp#27;[m &amp#27;[35m[@503 - main]&amp#27;[m &amp#27;[36mcom.shaft.tools.io.ReportManager&amp#27;[m : Successfully created attachment "SHAFT Engine Logs - Current Method log: Update_Policy_With_InValid_data_TC"
]]></system-out>
  </testcase>
  <testcase name="Update_Policy_With_InValid_data_TC[[Ljava.lang.Object;@4dbd9233](11)" classname="SteeringCompanyAPI_TestCases.Test_Policies_Cases" time="1.287">
    <system-out><![CDATA[2023-02-07 11:01:31.682 &amp#27;[32m INFO&amp#27;[m &amp#27;[35m[@534 - main]&amp#27;[m &amp#27;[36mcom.shaft.tools.io.ReportManager&amp#27;[m : 
################################################################################################################################################
Starting Execution:	"289 out of 107" test cases in the current suite
Test Method:		"SteeringCompanyAPI_TestCases.Test_Policies_Cases.Update_Policy_With_InValid_data_TC"
Test Description:	"TC053 -Policy- Perform Update Policy with InValid data"
################################################################################################################################################
2023-02-07 11:01:31.683 &amp#27;[32m INFO&amp#27;[m &amp#27;[35m[@503 - main]&amp#27;[m &amp#27;[36mcom.shaft.tools.io.ReportManager&amp#27;[m : File Action "DoesFileExist" successfully performed. With the following test data "File Path: "SteeringCompanyAPI_TestData/SteeringCompanyAPI_TestData.xlsx"".
2023-02-07 11:01:31.698 &amp#27;[32m INFO&amp#27;[m &amp#27;[35m[@503 - main]&amp#27;[m &amp#27;[36mcom.shaft.tools.io.ReportManager&amp#27;[m : Successfully created attachment "Test Data - Excel"
2023-02-07 11:01:32.371 &amp#27;[32m INFO&amp#27;[m &amp#27;[35m[@503 - main]&amp#27;[m &amp#27;[36mcom.shaft.tools.io.ReportManager&amp#27;[m : Response status code: "200", status line: "HTTP/1.1 200 OK"
2023-02-07 11:01:32.386 &amp#27;[32m INFO&amp#27;[m &amp#27;[35m[@503 - main]&amp#27;[m &amp#27;[36mcom.shaft.tools.io.ReportManager&amp#27;[m : Successfully created attachment "API Request - Specifications"
2023-02-07 11:01:32.386 &amp#27;[32m INFO&amp#27;[m &amp#27;[35m[@503 - main]&amp#27;[m &amp#27;[36mcom.shaft.tools.io.ReportManager&amp#27;[m : Successfully created attachment "API Request - Body"
2023-02-07 11:01:32.386 &amp#27;[32m INFO&amp#27;[m &amp#27;[35m[@503 - main]&amp#27;[m &amp#27;[36mcom.shaft.tools.io.ReportManager&amp#27;[m : Successfully created attachment "API Response - JSON Body"
2023-02-07 11:01:32.392 &amp#27;[32m INFO&amp#27;[m &amp#27;[35m[@503 - main]&amp#27;[m &amp#27;[36mcom.shaft.tools.io.ReportManager&amp#27;[m : File Action "DoesFileExist" successfully performed. With the following test data "File Path: "SteeringCompanyAPI_TestData/SteeringCompanyAPI_TestData.xlsx"".
2023-02-07 11:01:32.405 &amp#27;[32m INFO&amp#27;[m &amp#27;[35m[@503 - main]&amp#27;[m &amp#27;[36mcom.shaft.tools.io.ReportManager&amp#27;[m : Successfully created attachment "Test Data - Excel"
2023-02-07 11:01:32.405 &amp#27;[32m INFO&amp#27;[m &amp#27;[35m[@503 - main]&amp#27;[m &amp#27;[36mcom.shaft.tools.io.ReportManager&amp#27;[m : File Action "DoesFileExist" successfully performed. With the following test data "File Path: "SteeringCompanyAPI_TestData/SteeringCompanyAPI_TestData.xlsx"".
2023-02-07 11:01:32.420 &amp#27;[32m INFO&amp#27;[m &amp#27;[35m[@503 - main]&amp#27;[m &amp#27;[36mcom.shaft.tools.io.ReportManager&amp#27;[m : Successfully created attachment "Test Data - Excel"
2023-02-07 11:01:32.420 &amp#27;[32m INFO&amp#27;[m &amp#27;[35m[@503 - main]&amp#27;[m &amp#27;[36mcom.shaft.tools.io.ReportManager&amp#27;[m : File Action "DoesFileExist" successfully performed. With the following test data "File Path: "SteeringCompanyAPI_TestData/SteeringCompanyAPI_TestData.xlsx"".
2023-02-07 11:01:32.434 &amp#27;[32m INFO&amp#27;[m &amp#27;[35m[@503 - main]&amp#27;[m &amp#27;[36mcom.shaft.tools.io.ReportManager&amp#27;[m : Successfully created attachment "Test Data - Excel"
2023-02-07 11:01:32.946 &amp#27;[32m INFO&amp#27;[m &amp#27;[35m[@503 - main]&amp#27;[m &amp#27;[36mcom.shaft.tools.io.ReportManager&amp#27;[m : Response status code: "422", status line: "HTTP/1.1 422 "
2023-02-07 11:01:32.958 &amp#27;[32m INFO&amp#27;[m &amp#27;[35m[@503 - main]&amp#27;[m &amp#27;[36mcom.shaft.tools.io.ReportManager&amp#27;[m : Successfully created attachment "API Request - Specifications"
2023-02-07 11:01:32.959 &amp#27;[32m INFO&amp#27;[m &amp#27;[35m[@503 - main]&amp#27;[m &amp#27;[36mcom.shaft.tools.io.ReportManager&amp#27;[m : Successfully created attachment "API Request - JSON Body"
2023-02-07 11:01:32.962 &amp#27;[32m INFO&amp#27;[m &amp#27;[35m[@503 - main]&amp#27;[m &amp#27;[36mcom.shaft.tools.io.ReportManager&amp#27;[m : Successfully created attachment "API Response - JSON Body"
2023-02-07 11:01:32.962 &amp#27;[32m INFO&amp#27;[m &amp#27;[35m[@503 - main]&amp#27;[m &amp#27;[36mcom.shaft.tools.io.ReportManager&amp#27;[m : File Action "DoesFileExist" successfully performed. With the following test data "File Path: "Schemas/ValidationError_schema.json"".
2023-02-07 11:01:32.962 &amp#27;[32m INFO&amp#27;[m &amp#27;[35m[@503 - main]&amp#27;[m &amp#27;[36mcom.shaft.tools.io.ReportManager&amp#27;[m : File Action "DoesFileExist" successfully performed. With the following test data "File Path: "src/test/resources/testDataFiles/Schemas/ValidationError_schema.json"".
2023-02-07 11:01:32.962 &amp#27;[32m INFO&amp#27;[m &amp#27;[35m[@503 - main]&amp#27;[m &amp#27;[36mcom.shaft.tools.io.ReportManager&amp#27;[m : File Action "GetAbsolutePath" successfully performed. With the following test data "Relative Folder Path: "src/test/resources/testDataFiles/Schemas/ValidationError_schema.json"".
2023-02-07 11:01:32.964 &amp#27;[32m INFO&amp#27;[m &amp#27;[35m[@503 - main]&amp#27;[m &amp#27;[36mcom.shaft.tools.io.ReportManager&amp#27;[m : File Action "DoesFileExist" successfully performed. With the following test data "File Path: "C:\eclipse-workspace\MyProjects\TASystemsAPIs\src\test\resources\testDataFiles\Schemas\ValidationError_schema.json"".
2023-02-07 11:01:32.964 &amp#27;[32m INFO&amp#27;[m &amp#27;[35m[@503 - main]&amp#27;[m &amp#27;[36mcom.shaft.tools.io.ReportManager&amp#27;[m : File Action "GetAbsolutePath" successfully performed. With the following test data "Relative Folder Path: "C:\eclipse-workspace\MyProjects\TASystemsAPIs\src\test\resources\testDataFiles\Schemas\ValidationError_schema.json"".
2023-02-07 11:01:32.964 &amp#27;[32m INFO&amp#27;[m &amp#27;[35m[@503 - main]&amp#27;[m &amp#27;[36mcom.shaft.tools.io.ReportManager&amp#27;[m : File Action "ReadFile" successfully performed. With the following test data "File Path: "C:\eclipse-workspace\MyProjects\TASystemsAPIs\src\test\resources\testDataFiles\Schemas\ValidationError_schema.json"".
2023-02-07 11:01:32.965 &amp#27;[32m INFO&amp#27;[m &amp#27;[35m[@503 - main]&amp#27;[m &amp#27;[36mcom.shaft.tools.io.ReportManager&amp#27;[m : Successfully created attachment "Validation Test Data - Expected JSON Value"
2023-02-07 11:01:32.967 &amp#27;[32m INFO&amp#27;[m &amp#27;[35m[@503 - main]&amp#27;[m &amp#27;[36mcom.shaft.tools.io.ReportManager&amp#27;[m : Successfully created attachment "Validation Test Data - Actual JSON Value"
2023-02-07 11:01:32.967 &amp#27;[32m INFO&amp#27;[m &amp#27;[35m[@503 - main]&amp#27;[m &amp#27;[36mcom.shaft.tools.io.ReportManager&amp#27;[m : Successfully created attachment "SHAFT Engine Logs - Current Method log: Update_Policy_With_InValid_data_TC"
]]></system-out>
  </testcase>
  <testcase name="Update_Policy_With_InValid_data_TC[[Ljava.lang.Object;@6ca72c12](12)" classname="SteeringCompanyAPI_TestCases.Test_Policies_Cases" time="1.252">
    <system-out><![CDATA[2023-02-07 11:01:32.969 &amp#27;[32m INFO&amp#27;[m &amp#27;[35m[@534 - main]&amp#27;[m &amp#27;[36mcom.shaft.tools.io.ReportManager&amp#27;[m : 
################################################################################################################################################
Starting Execution:	"290 out of 107" test cases in the current suite
Test Method:		"SteeringCompanyAPI_TestCases.Test_Policies_Cases.Update_Policy_With_InValid_data_TC"
Test Description:	"TC053 -Policy- Perform Update Policy with InValid data"
################################################################################################################################################
2023-02-07 11:01:32.970 &amp#27;[32m INFO&amp#27;[m &amp#27;[35m[@503 - main]&amp#27;[m &amp#27;[36mcom.shaft.tools.io.ReportManager&amp#27;[m : File Action "DoesFileExist" successfully performed. With the following test data "File Path: "SteeringCompanyAPI_TestData/SteeringCompanyAPI_TestData.xlsx"".
2023-02-07 11:01:32.990 &amp#27;[32m INFO&amp#27;[m &amp#27;[35m[@503 - main]&amp#27;[m &amp#27;[36mcom.shaft.tools.io.ReportManager&amp#27;[m : Successfully created attachment "Test Data - Excel"
2023-02-07 11:01:33.637 &amp#27;[32m INFO&amp#27;[m &amp#27;[35m[@503 - main]&amp#27;[m &amp#27;[36mcom.shaft.tools.io.ReportManager&amp#27;[m : Response status code: "200", status line: "HTTP/1.1 200 OK"
2023-02-07 11:01:33.650 &amp#27;[32m INFO&amp#27;[m &amp#27;[35m[@503 - main]&amp#27;[m &amp#27;[36mcom.shaft.tools.io.ReportManager&amp#27;[m : Successfully created attachment "API Request - Specifications"
2023-02-07 11:01:33.651 &amp#27;[32m INFO&amp#27;[m &amp#27;[35m[@503 - main]&amp#27;[m &amp#27;[36mcom.shaft.tools.io.ReportManager&amp#27;[m : Successfully created attachment "API Request - Body"
2023-02-07 11:01:33.651 &amp#27;[32m INFO&amp#27;[m &amp#27;[35m[@503 - main]&amp#27;[m &amp#27;[36mcom.shaft.tools.io.ReportManager&amp#27;[m : Successfully created attachment "API Response - JSON Body"
2023-02-07 11:01:33.662 &amp#27;[32m INFO&amp#27;[m &amp#27;[35m[@503 - main]&amp#27;[m &amp#27;[36mcom.shaft.tools.io.ReportManager&amp#27;[m : File Action "DoesFileExist" successfully performed. With the following test data "File Path: "SteeringCompanyAPI_TestData/SteeringCompanyAPI_TestData.xlsx"".
2023-02-07 11:01:33.681 &amp#27;[32m INFO&amp#27;[m &amp#27;[35m[@503 - main]&amp#27;[m &amp#27;[36mcom.shaft.tools.io.ReportManager&amp#27;[m : Successfully created attachment "Test Data - Excel"
2023-02-07 11:01:33.682 &amp#27;[32m INFO&amp#27;[m &amp#27;[35m[@503 - main]&amp#27;[m &amp#27;[36mcom.shaft.tools.io.ReportManager&amp#27;[m : File Action "DoesFileExist" successfully performed. With the following test data "File Path: "SteeringCompanyAPI_TestData/SteeringCompanyAPI_TestData.xlsx"".
2023-02-07 11:01:33.700 &amp#27;[32m INFO&amp#27;[m &amp#27;[35m[@503 - main]&amp#27;[m &amp#27;[36mcom.shaft.tools.io.ReportManager&amp#27;[m : Successfully created attachment "Test Data - Excel"
2023-02-07 11:01:33.700 &amp#27;[32m INFO&amp#27;[m &amp#27;[35m[@503 - main]&amp#27;[m &amp#27;[36mcom.shaft.tools.io.ReportManager&amp#27;[m : File Action "DoesFileExist" successfully performed. With the following test data "File Path: "SteeringCompanyAPI_TestData/SteeringCompanyAPI_TestData.xlsx"".
2023-02-07 11:01:33.722 &amp#27;[32m INFO&amp#27;[m &amp#27;[35m[@503 - main]&amp#27;[m &amp#27;[36mcom.shaft.tools.io.ReportManager&amp#27;[m : Successfully created attachment "Test Data - Excel"
2023-02-07 11:01:34.201 &amp#27;[32m INFO&amp#27;[m &amp#27;[35m[@503 - main]&amp#27;[m &amp#27;[36mcom.shaft.tools.io.ReportManager&amp#27;[m : Response status code: "422", status line: "HTTP/1.1 422 "
2023-02-07 11:01:34.209 &amp#27;[32m INFO&amp#27;[m &amp#27;[35m[@503 - main]&amp#27;[m &amp#27;[36mcom.shaft.tools.io.ReportManager&amp#27;[m : Successfully created attachment "API Request - Specifications"
2023-02-07 11:01:34.209 &amp#27;[32m INFO&amp#27;[m &amp#27;[35m[@503 - main]&amp#27;[m &amp#27;[36mcom.shaft.tools.io.ReportManager&amp#27;[m : Successfully created attachment "API Request - JSON Body"
2023-02-07 11:01:34.210 &amp#27;[32m INFO&amp#27;[m &amp#27;[35m[@503 - main]&amp#27;[m &amp#27;[36mcom.shaft.tools.io.ReportManager&amp#27;[m : Successfully created attachment "API Response - JSON Body"
2023-02-07 11:01:34.210 &amp#27;[32m INFO&amp#27;[m &amp#27;[35m[@503 - main]&amp#27;[m &amp#27;[36mcom.shaft.tools.io.ReportManager&amp#27;[m : File Action "DoesFileExist" successfully performed. With the following test data "File Path: "Schemas/ValidationError_schema.json"".
2023-02-07 11:01:34.210 &amp#27;[32m INFO&amp#27;[m &amp#27;[35m[@503 - main]&amp#27;[m &amp#27;[36mcom.shaft.tools.io.ReportManager&amp#27;[m : File Action "DoesFileExist" successfully performed. With the following test data "File Path: "src/test/resources/testDataFiles/Schemas/ValidationError_schema.json"".
2023-02-07 11:01:34.210 &amp#27;[32m INFO&amp#27;[m &amp#27;[35m[@503 - main]&amp#27;[m &amp#27;[36mcom.shaft.tools.io.ReportManager&amp#27;[m : File Action "GetAbsolutePath" successfully performed. With the following test data "Relative Folder Path: "src/test/resources/testDataFiles/Schemas/ValidationError_schema.json"".
2023-02-07 11:01:34.211 &amp#27;[32m INFO&amp#27;[m &amp#27;[35m[@503 - main]&amp#27;[m &amp#27;[36mcom.shaft.tools.io.ReportManager&amp#27;[m : File Action "DoesFileExist" successfully performed. With the following test data "File Path: "C:\eclipse-workspace\MyProjects\TASystemsAPIs\src\test\resources\testDataFiles\Schemas\ValidationError_schema.json"".
2023-02-07 11:01:34.212 &amp#27;[32m INFO&amp#27;[m &amp#27;[35m[@503 - main]&amp#27;[m &amp#27;[36mcom.shaft.tools.io.ReportManager&amp#27;[m : File Action "GetAbsolutePath" successfully performed. With the following test data "Relative Folder Path: "C:\eclipse-workspace\MyProjects\TASystemsAPIs\src\test\resources\testDataFiles\Schemas\ValidationError_schema.json"".
2023-02-07 11:01:34.212 &amp#27;[32m INFO&amp#27;[m &amp#27;[35m[@503 - main]&amp#27;[m &amp#27;[36mcom.shaft.tools.io.ReportManager&amp#27;[m : File Action "ReadFile" successfully performed. With the following test data "File Path: "C:\eclipse-workspace\MyProjects\TASystemsAPIs\src\test\resources\testDataFiles\Schemas\ValidationError_schema.json"".
2023-02-07 11:01:34.218 &amp#27;[32m INFO&amp#27;[m &amp#27;[35m[@503 - main]&amp#27;[m &amp#27;[36mcom.shaft.tools.io.ReportManager&amp#27;[m : Successfully created attachment "Validation Test Data - Expected JSON Value"
2023-02-07 11:01:34.219 &amp#27;[32m INFO&amp#27;[m &amp#27;[35m[@503 - main]&amp#27;[m &amp#27;[36mcom.shaft.tools.io.ReportManager&amp#27;[m : Successfully created attachment "Validation Test Data - Actual JSON Value"
2023-02-07 11:01:34.219 &amp#27;[32m INFO&amp#27;[m &amp#27;[35m[@503 - main]&amp#27;[m &amp#27;[36mcom.shaft.tools.io.ReportManager&amp#27;[m : Successfully created attachment "SHAFT Engine Logs - Current Method log: Update_Policy_With_InValid_data_TC"
]]></system-out>
  </testcase>
  <testcase name="Update_Policy_With_InValid_data_TC[[Ljava.lang.Object;@4a40a6ea](13)" classname="SteeringCompanyAPI_TestCases.Test_Policies_Cases" time="2.678">
    <system-out><![CDATA[2023-02-07 11:01:34.222 &amp#27;[32m INFO&amp#27;[m &amp#27;[35m[@534 - main]&amp#27;[m &amp#27;[36mcom.shaft.tools.io.ReportManager&amp#27;[m : 
################################################################################################################################################
Starting Execution:	"291 out of 107" test cases in the current suite
Test Method:		"SteeringCompanyAPI_TestCases.Test_Policies_Cases.Update_Policy_With_InValid_data_TC"
Test Description:	"TC053 -Policy- Perform Update Policy with InValid data"
################################################################################################################################################
2023-02-07 11:01:34.222 &amp#27;[32m INFO&amp#27;[m &amp#27;[35m[@503 - main]&amp#27;[m &amp#27;[36mcom.shaft.tools.io.ReportManager&amp#27;[m : File Action "DoesFileExist" successfully performed. With the following test data "File Path: "SteeringCompanyAPI_TestData/SteeringCompanyAPI_TestData.xlsx"".
2023-02-07 11:01:34.243 &amp#27;[32m INFO&amp#27;[m &amp#27;[35m[@503 - main]&amp#27;[m &amp#27;[36mcom.shaft.tools.io.ReportManager&amp#27;[m : Successfully created attachment "Test Data - Excel"
2023-02-07 11:01:35.644 &amp#27;[32m INFO&amp#27;[m &amp#27;[35m[@503 - main]&amp#27;[m &amp#27;[36mcom.shaft.tools.io.ReportManager&amp#27;[m : Response status code: "200", status line: "HTTP/1.1 200 OK"
2023-02-07 11:01:35.654 &amp#27;[32m INFO&amp#27;[m &amp#27;[35m[@503 - main]&amp#27;[m &amp#27;[36mcom.shaft.tools.io.ReportManager&amp#27;[m : Successfully created attachment "API Request - Specifications"
2023-02-07 11:01:35.654 &amp#27;[32m INFO&amp#27;[m &amp#27;[35m[@503 - main]&amp#27;[m &amp#27;[36mcom.shaft.tools.io.ReportManager&amp#27;[m : Successfully created attachment "API Request - Body"
2023-02-07 11:01:35.657 &amp#27;[32m INFO&amp#27;[m &amp#27;[35m[@503 - main]&amp#27;[m &amp#27;[36mcom.shaft.tools.io.ReportManager&amp#27;[m : Successfully created attachment "API Response - JSON Body"
2023-02-07 11:01:35.662 &amp#27;[32m INFO&amp#27;[m &amp#27;[35m[@503 - main]&amp#27;[m &amp#27;[36mcom.shaft.tools.io.ReportManager&amp#27;[m : File Action "DoesFileExist" successfully performed. With the following test data "File Path: "SteeringCompanyAPI_TestData/SteeringCompanyAPI_TestData.xlsx"".
2023-02-07 11:01:35.675 &amp#27;[32m INFO&amp#27;[m &amp#27;[35m[@503 - main]&amp#27;[m &amp#27;[36mcom.shaft.tools.io.ReportManager&amp#27;[m : Successfully created attachment "Test Data - Excel"
2023-02-07 11:01:35.676 &amp#27;[32m INFO&amp#27;[m &amp#27;[35m[@503 - main]&amp#27;[m &amp#27;[36mcom.shaft.tools.io.ReportManager&amp#27;[m : File Action "DoesFileExist" successfully performed. With the following test data "File Path: "SteeringCompanyAPI_TestData/SteeringCompanyAPI_TestData.xlsx"".
2023-02-07 11:01:35.690 &amp#27;[32m INFO&amp#27;[m &amp#27;[35m[@503 - main]&amp#27;[m &amp#27;[36mcom.shaft.tools.io.ReportManager&amp#27;[m : Successfully created attachment "Test Data - Excel"
2023-02-07 11:01:35.690 &amp#27;[32m INFO&amp#27;[m &amp#27;[35m[@503 - main]&amp#27;[m &amp#27;[36mcom.shaft.tools.io.ReportManager&amp#27;[m : File Action "DoesFileExist" successfully performed. With the following test data "File Path: "SteeringCompanyAPI_TestData/SteeringCompanyAPI_TestData.xlsx"".
2023-02-07 11:01:35.706 &amp#27;[32m INFO&amp#27;[m &amp#27;[35m[@503 - main]&amp#27;[m &amp#27;[36mcom.shaft.tools.io.ReportManager&amp#27;[m : Successfully created attachment "Test Data - Excel"
2023-02-07 11:01:36.227 &amp#27;[32m INFO&amp#27;[m &amp#27;[35m[@503 - main]&amp#27;[m &amp#27;[36mcom.shaft.tools.io.ReportManager&amp#27;[m : Response status code: "422", status line: "HTTP/1.1 422 "
2023-02-07 11:01:36.888 &amp#27;[32m INFO&amp#27;[m &amp#27;[35m[@503 - main]&amp#27;[m &amp#27;[36mcom.shaft.tools.io.ReportManager&amp#27;[m : Successfully created attachment "API Request - Specifications"
2023-02-07 11:01:36.889 &amp#27;[32m INFO&amp#27;[m &amp#27;[35m[@503 - main]&amp#27;[m &amp#27;[36mcom.shaft.tools.io.ReportManager&amp#27;[m : Successfully created attachment "API Request - JSON Body"
2023-02-07 11:01:36.889 &amp#27;[32m INFO&amp#27;[m &amp#27;[35m[@503 - main]&amp#27;[m &amp#27;[36mcom.shaft.tools.io.ReportManager&amp#27;[m : Successfully created attachment "API Response - JSON Body"
2023-02-07 11:01:36.890 &amp#27;[32m INFO&amp#27;[m &amp#27;[35m[@503 - main]&amp#27;[m &amp#27;[36mcom.shaft.tools.io.ReportManager&amp#27;[m : File Action "DoesFileExist" successfully performed. With the following test data "File Path: "Schemas/ValidationError_schema.json"".
2023-02-07 11:01:36.890 &amp#27;[32m INFO&amp#27;[m &amp#27;[35m[@503 - main]&amp#27;[m &amp#27;[36mcom.shaft.tools.io.ReportManager&amp#27;[m : File Action "DoesFileExist" successfully performed. With the following test data "File Path: "src/test/resources/testDataFiles/Schemas/ValidationError_schema.json"".
2023-02-07 11:01:36.890 &amp#27;[32m INFO&amp#27;[m &amp#27;[35m[@503 - main]&amp#27;[m &amp#27;[36mcom.shaft.tools.io.ReportManager&amp#27;[m : File Action "GetAbsolutePath" successfully performed. With the following test data "Relative Folder Path: "src/test/resources/testDataFiles/Schemas/ValidationError_schema.json"".
2023-02-07 11:01:36.891 &amp#27;[32m INFO&amp#27;[m &amp#27;[35m[@503 - main]&amp#27;[m &amp#27;[36mcom.shaft.tools.io.ReportManager&amp#27;[m : File Action "DoesFileExist" successfully performed. With the following test data "File Path: "C:\eclipse-workspace\MyProjects\TASystemsAPIs\src\test\resources\testDataFiles\Schemas\ValidationError_schema.json"".
2023-02-07 11:01:36.892 &amp#27;[32m INFO&amp#27;[m &amp#27;[35m[@503 - main]&amp#27;[m &amp#27;[36mcom.shaft.tools.io.ReportManager&amp#27;[m : File Action "GetAbsolutePath" successfully performed. With the following test data "Relative Folder Path: "C:\eclipse-workspace\MyProjects\TASystemsAPIs\src\test\resources\testDataFiles\Schemas\ValidationError_schema.json"".
2023-02-07 11:01:36.892 &amp#27;[32m INFO&amp#27;[m &amp#27;[35m[@503 - main]&amp#27;[m &amp#27;[36mcom.shaft.tools.io.ReportManager&amp#27;[m : File Action "ReadFile" successfully performed. With the following test data "File Path: "C:\eclipse-workspace\MyProjects\TASystemsAPIs\src\test\resources\testDataFiles\Schemas\ValidationError_schema.json"".
2023-02-07 11:01:36.895 &amp#27;[32m INFO&amp#27;[m &amp#27;[35m[@503 - main]&amp#27;[m &amp#27;[36mcom.shaft.tools.io.ReportManager&amp#27;[m : Successfully created attachment "Validation Test Data - Expected JSON Value"
2023-02-07 11:01:36.895 &amp#27;[32m INFO&amp#27;[m &amp#27;[35m[@503 - main]&amp#27;[m &amp#27;[36mcom.shaft.tools.io.ReportManager&amp#27;[m : Successfully created attachment "Validation Test Data - Actual JSON Value"
2023-02-07 11:01:36.897 &amp#27;[32m INFO&amp#27;[m &amp#27;[35m[@503 - main]&amp#27;[m &amp#27;[36mcom.shaft.tools.io.ReportManager&amp#27;[m : Successfully created attachment "SHAFT Engine Logs - Current Method log: Update_Policy_With_InValid_data_TC"
]]></system-out>
  </testcase>
  <testcase name="Update_Policy_With_InValid_data_TC[[Ljava.lang.Object;@5999703](14)" classname="SteeringCompanyAPI_TestCases.Test_Policies_Cases" time="1.221">
    <system-out><![CDATA[2023-02-07 11:01:36.900 &amp#27;[32m INFO&amp#27;[m &amp#27;[35m[@534 - main]&amp#27;[m &amp#27;[36mcom.shaft.tools.io.ReportManager&amp#27;[m : 
################################################################################################################################################
Starting Execution:	"292 out of 107" test cases in the current suite
Test Method:		"SteeringCompanyAPI_TestCases.Test_Policies_Cases.Update_Policy_With_InValid_data_TC"
Test Description:	"TC053 -Policy- Perform Update Policy with InValid data"
################################################################################################################################################
2023-02-07 11:01:36.900 &amp#27;[32m INFO&amp#27;[m &amp#27;[35m[@503 - main]&amp#27;[m &amp#27;[36mcom.shaft.tools.io.ReportManager&amp#27;[m : File Action "DoesFileExist" successfully performed. With the following test data "File Path: "SteeringCompanyAPI_TestData/SteeringCompanyAPI_TestData.xlsx"".
2023-02-07 11:01:36.914 &amp#27;[32m INFO&amp#27;[m &amp#27;[35m[@503 - main]&amp#27;[m &amp#27;[36mcom.shaft.tools.io.ReportManager&amp#27;[m : Successfully created attachment "Test Data - Excel"
2023-02-07 11:01:37.539 &amp#27;[32m INFO&amp#27;[m &amp#27;[35m[@503 - main]&amp#27;[m &amp#27;[36mcom.shaft.tools.io.ReportManager&amp#27;[m : Response status code: "200", status line: "HTTP/1.1 200 OK"
2023-02-07 11:01:37.553 &amp#27;[32m INFO&amp#27;[m &amp#27;[35m[@503 - main]&amp#27;[m &amp#27;[36mcom.shaft.tools.io.ReportManager&amp#27;[m : Successfully created attachment "API Request - Specifications"
2023-02-07 11:01:37.553 &amp#27;[32m INFO&amp#27;[m &amp#27;[35m[@503 - main]&amp#27;[m &amp#27;[36mcom.shaft.tools.io.ReportManager&amp#27;[m : Successfully created attachment "API Request - Body"
2023-02-07 11:01:37.554 &amp#27;[32m INFO&amp#27;[m &amp#27;[35m[@503 - main]&amp#27;[m &amp#27;[36mcom.shaft.tools.io.ReportManager&amp#27;[m : Successfully created attachment "API Response - JSON Body"
2023-02-07 11:01:37.560 &amp#27;[32m INFO&amp#27;[m &amp#27;[35m[@503 - main]&amp#27;[m &amp#27;[36mcom.shaft.tools.io.ReportManager&amp#27;[m : File Action "DoesFileExist" successfully performed. With the following test data "File Path: "SteeringCompanyAPI_TestData/SteeringCompanyAPI_TestData.xlsx"".
2023-02-07 11:01:37.573 &amp#27;[32m INFO&amp#27;[m &amp#27;[35m[@503 - main]&amp#27;[m &amp#27;[36mcom.shaft.tools.io.ReportManager&amp#27;[m : Successfully created attachment "Test Data - Excel"
2023-02-07 11:01:37.573 &amp#27;[32m INFO&amp#27;[m &amp#27;[35m[@503 - main]&amp#27;[m &amp#27;[36mcom.shaft.tools.io.ReportManager&amp#27;[m : File Action "DoesFileExist" successfully performed. With the following test data "File Path: "SteeringCompanyAPI_TestData/SteeringCompanyAPI_TestData.xlsx"".
2023-02-07 11:01:37.588 &amp#27;[32m INFO&amp#27;[m &amp#27;[35m[@503 - main]&amp#27;[m &amp#27;[36mcom.shaft.tools.io.ReportManager&amp#27;[m : Successfully created attachment "Test Data - Excel"
2023-02-07 11:01:37.588 &amp#27;[32m INFO&amp#27;[m &amp#27;[35m[@503 - main]&amp#27;[m &amp#27;[36mcom.shaft.tools.io.ReportManager&amp#27;[m : File Action "DoesFileExist" successfully performed. With the following test data "File Path: "SteeringCompanyAPI_TestData/SteeringCompanyAPI_TestData.xlsx"".
2023-02-07 11:01:37.602 &amp#27;[32m INFO&amp#27;[m &amp#27;[35m[@503 - main]&amp#27;[m &amp#27;[36mcom.shaft.tools.io.ReportManager&amp#27;[m : Successfully created attachment "Test Data - Excel"
2023-02-07 11:01:38.098 &amp#27;[32m INFO&amp#27;[m &amp#27;[35m[@503 - main]&amp#27;[m &amp#27;[36mcom.shaft.tools.io.ReportManager&amp#27;[m : Response status code: "422", status line: "HTTP/1.1 422 "
2023-02-07 11:01:38.112 &amp#27;[32m INFO&amp#27;[m &amp#27;[35m[@503 - main]&amp#27;[m &amp#27;[36mcom.shaft.tools.io.ReportManager&amp#27;[m : Successfully created attachment "API Request - Specifications"
2023-02-07 11:01:38.113 &amp#27;[32m INFO&amp#27;[m &amp#27;[35m[@503 - main]&amp#27;[m &amp#27;[36mcom.shaft.tools.io.ReportManager&amp#27;[m : Successfully created attachment "API Request - JSON Body"
2023-02-07 11:01:38.114 &amp#27;[32m INFO&amp#27;[m &amp#27;[35m[@503 - main]&amp#27;[m &amp#27;[36mcom.shaft.tools.io.ReportManager&amp#27;[m : Successfully created attachment "API Response - JSON Body"
2023-02-07 11:01:38.114 &amp#27;[32m INFO&amp#27;[m &amp#27;[35m[@503 - main]&amp#27;[m &amp#27;[36mcom.shaft.tools.io.ReportManager&amp#27;[m : File Action "DoesFileExist" successfully performed. With the following test data "File Path: "Schemas/ValidationError_schema.json"".
2023-02-07 11:01:38.114 &amp#27;[32m INFO&amp#27;[m &amp#27;[35m[@503 - main]&amp#27;[m &amp#27;[36mcom.shaft.tools.io.ReportManager&amp#27;[m : File Action "DoesFileExist" successfully performed. With the following test data "File Path: "src/test/resources/testDataFiles/Schemas/ValidationError_schema.json"".
2023-02-07 11:01:38.114 &amp#27;[32m INFO&amp#27;[m &amp#27;[35m[@503 - main]&amp#27;[m &amp#27;[36mcom.shaft.tools.io.ReportManager&amp#27;[m : File Action "GetAbsolutePath" successfully performed. With the following test data "Relative Folder Path: "src/test/resources/testDataFiles/Schemas/ValidationError_schema.json"".
2023-02-07 11:01:38.116 &amp#27;[32m INFO&amp#27;[m &amp#27;[35m[@503 - main]&amp#27;[m &amp#27;[36mcom.shaft.tools.io.ReportManager&amp#27;[m : File Action "DoesFileExist" successfully performed. With the following test data "File Path: "C:\eclipse-workspace\MyProjects\TASystemsAPIs\src\test\resources\testDataFiles\Schemas\ValidationError_schema.json"".
2023-02-07 11:01:38.117 &amp#27;[32m INFO&amp#27;[m &amp#27;[35m[@503 - main]&amp#27;[m &amp#27;[36mcom.shaft.tools.io.ReportManager&amp#27;[m : File Action "GetAbsolutePath" successfully performed. With the following test data "Relative Folder Path: "C:\eclipse-workspace\MyProjects\TASystemsAPIs\src\test\resources\testDataFiles\Schemas\ValidationError_schema.json"".
2023-02-07 11:01:38.117 &amp#27;[32m INFO&amp#27;[m &amp#27;[35m[@503 - main]&amp#27;[m &amp#27;[36mcom.shaft.tools.io.ReportManager&amp#27;[m : File Action "ReadFile" successfully performed. With the following test data "File Path: "C:\eclipse-workspace\MyProjects\TASystemsAPIs\src\test\resources\testDataFiles\Schemas\ValidationError_schema.json"".
2023-02-07 11:01:38.117 &amp#27;[32m INFO&amp#27;[m &amp#27;[35m[@503 - main]&amp#27;[m &amp#27;[36mcom.shaft.tools.io.ReportManager&amp#27;[m : Successfully created attachment "Validation Test Data - Expected JSON Value"
2023-02-07 11:01:38.118 &amp#27;[32m INFO&amp#27;[m &amp#27;[35m[@503 - main]&amp#27;[m &amp#27;[36mcom.shaft.tools.io.ReportManager&amp#27;[m : Successfully created attachment "Validation Test Data - Actual JSON Value"
2023-02-07 11:01:38.119 &amp#27;[32m INFO&amp#27;[m &amp#27;[35m[@503 - main]&amp#27;[m &amp#27;[36mcom.shaft.tools.io.ReportManager&amp#27;[m : Successfully created attachment "SHAFT Engine Logs - Current Method log: Update_Policy_With_InValid_data_TC"
]]></system-out>
  </testcase>
  <testcase name="Update_Policy_With_InValid_data_TC[[Ljava.lang.Object;@24de7592](15)" classname="SteeringCompanyAPI_TestCases.Test_Policies_Cases" time="1.235">
    <system-out><![CDATA[2023-02-07 11:01:38.121 &amp#27;[32m INFO&amp#27;[m &amp#27;[35m[@534 - main]&amp#27;[m &amp#27;[36mcom.shaft.tools.io.ReportManager&amp#27;[m : 
################################################################################################################################################
Starting Execution:	"293 out of 107" test cases in the current suite
Test Method:		"SteeringCompanyAPI_TestCases.Test_Policies_Cases.Update_Policy_With_InValid_data_TC"
Test Description:	"TC053 -Policy- Perform Update Policy with InValid data"
################################################################################################################################################
2023-02-07 11:01:38.121 &amp#27;[32m INFO&amp#27;[m &amp#27;[35m[@503 - main]&amp#27;[m &amp#27;[36mcom.shaft.tools.io.ReportManager&amp#27;[m : File Action "DoesFileExist" successfully performed. With the following test data "File Path: "SteeringCompanyAPI_TestData/SteeringCompanyAPI_TestData.xlsx"".
2023-02-07 11:01:38.135 &amp#27;[32m INFO&amp#27;[m &amp#27;[35m[@503 - main]&amp#27;[m &amp#27;[36mcom.shaft.tools.io.ReportManager&amp#27;[m : Successfully created attachment "Test Data - Excel"
2023-02-07 11:01:38.773 &amp#27;[32m INFO&amp#27;[m &amp#27;[35m[@503 - main]&amp#27;[m &amp#27;[36mcom.shaft.tools.io.ReportManager&amp#27;[m : Response status code: "200", status line: "HTTP/1.1 200 OK"
2023-02-07 11:01:38.785 &amp#27;[32m INFO&amp#27;[m &amp#27;[35m[@503 - main]&amp#27;[m &amp#27;[36mcom.shaft.tools.io.ReportManager&amp#27;[m : Successfully created attachment "API Request - Specifications"
2023-02-07 11:01:38.786 &amp#27;[32m INFO&amp#27;[m &amp#27;[35m[@503 - main]&amp#27;[m &amp#27;[36mcom.shaft.tools.io.ReportManager&amp#27;[m : Successfully created attachment "API Request - Body"
2023-02-07 11:01:38.792 &amp#27;[32m INFO&amp#27;[m &amp#27;[35m[@503 - main]&amp#27;[m &amp#27;[36mcom.shaft.tools.io.ReportManager&amp#27;[m : Successfully created attachment "API Response - JSON Body"
2023-02-07 11:01:38.798 &amp#27;[32m INFO&amp#27;[m &amp#27;[35m[@503 - main]&amp#27;[m &amp#27;[36mcom.shaft.tools.io.ReportManager&amp#27;[m : File Action "DoesFileExist" successfully performed. With the following test data "File Path: "SteeringCompanyAPI_TestData/SteeringCompanyAPI_TestData.xlsx"".
2023-02-07 11:01:38.811 &amp#27;[32m INFO&amp#27;[m &amp#27;[35m[@503 - main]&amp#27;[m &amp#27;[36mcom.shaft.tools.io.ReportManager&amp#27;[m : Successfully created attachment "Test Data - Excel"
2023-02-07 11:01:38.812 &amp#27;[32m INFO&amp#27;[m &amp#27;[35m[@503 - main]&amp#27;[m &amp#27;[36mcom.shaft.tools.io.ReportManager&amp#27;[m : File Action "DoesFileExist" successfully performed. With the following test data "File Path: "SteeringCompanyAPI_TestData/SteeringCompanyAPI_TestData.xlsx"".
2023-02-07 11:01:38.824 &amp#27;[32m INFO&amp#27;[m &amp#27;[35m[@503 - main]&amp#27;[m &amp#27;[36mcom.shaft.tools.io.ReportManager&amp#27;[m : Successfully created attachment "Test Data - Excel"
2023-02-07 11:01:38.825 &amp#27;[32m INFO&amp#27;[m &amp#27;[35m[@503 - main]&amp#27;[m &amp#27;[36mcom.shaft.tools.io.ReportManager&amp#27;[m : File Action "DoesFileExist" successfully performed. With the following test data "File Path: "SteeringCompanyAPI_TestData/SteeringCompanyAPI_TestData.xlsx"".
2023-02-07 11:01:38.838 &amp#27;[32m INFO&amp#27;[m &amp#27;[35m[@503 - main]&amp#27;[m &amp#27;[36mcom.shaft.tools.io.ReportManager&amp#27;[m : Successfully created attachment "Test Data - Excel"
2023-02-07 11:01:39.337 &amp#27;[32m INFO&amp#27;[m &amp#27;[35m[@503 - main]&amp#27;[m &amp#27;[36mcom.shaft.tools.io.ReportManager&amp#27;[m : Response status code: "422", status line: "HTTP/1.1 422 "
2023-02-07 11:01:39.348 &amp#27;[32m INFO&amp#27;[m &amp#27;[35m[@503 - main]&amp#27;[m &amp#27;[36mcom.shaft.tools.io.ReportManager&amp#27;[m : Successfully created attachment "API Request - Specifications"
2023-02-07 11:01:39.349 &amp#27;[32m INFO&amp#27;[m &amp#27;[35m[@503 - main]&amp#27;[m &amp#27;[36mcom.shaft.tools.io.ReportManager&amp#27;[m : Successfully created attachment "API Request - JSON Body"
2023-02-07 11:01:39.350 &amp#27;[32m INFO&amp#27;[m &amp#27;[35m[@503 - main]&amp#27;[m &amp#27;[36mcom.shaft.tools.io.ReportManager&amp#27;[m : Successfully created attachment "API Response - JSON Body"
2023-02-07 11:01:39.350 &amp#27;[32m INFO&amp#27;[m &amp#27;[35m[@503 - main]&amp#27;[m &amp#27;[36mcom.shaft.tools.io.ReportManager&amp#27;[m : File Action "DoesFileExist" successfully performed. With the following test data "File Path: "Schemas/ValidationError_schema.json"".
2023-02-07 11:01:39.350 &amp#27;[32m INFO&amp#27;[m &amp#27;[35m[@503 - main]&amp#27;[m &amp#27;[36mcom.shaft.tools.io.ReportManager&amp#27;[m : File Action "DoesFileExist" successfully performed. With the following test data "File Path: "src/test/resources/testDataFiles/Schemas/ValidationError_schema.json"".
2023-02-07 11:01:39.350 &amp#27;[32m INFO&amp#27;[m &amp#27;[35m[@503 - main]&amp#27;[m &amp#27;[36mcom.shaft.tools.io.ReportManager&amp#27;[m : File Action "GetAbsolutePath" successfully performed. With the following test data "Relative Folder Path: "src/test/resources/testDataFiles/Schemas/ValidationError_schema.json"".
2023-02-07 11:01:39.351 &amp#27;[32m INFO&amp#27;[m &amp#27;[35m[@503 - main]&amp#27;[m &amp#27;[36mcom.shaft.tools.io.ReportManager&amp#27;[m : File Action "DoesFileExist" successfully performed. With the following test data "File Path: "C:\eclipse-workspace\MyProjects\TASystemsAPIs\src\test\resources\testDataFiles\Schemas\ValidationError_schema.json"".
2023-02-07 11:01:39.351 &amp#27;[32m INFO&amp#27;[m &amp#27;[35m[@503 - main]&amp#27;[m &amp#27;[36mcom.shaft.tools.io.ReportManager&amp#27;[m : File Action "GetAbsolutePath" successfully performed. With the following test data "Relative Folder Path: "C:\eclipse-workspace\MyProjects\TASystemsAPIs\src\test\resources\testDataFiles\Schemas\ValidationError_schema.json"".
2023-02-07 11:01:39.352 &amp#27;[32m INFO&amp#27;[m &amp#27;[35m[@503 - main]&amp#27;[m &amp#27;[36mcom.shaft.tools.io.ReportManager&amp#27;[m : File Action "ReadFile" successfully performed. With the following test data "File Path: "C:\eclipse-workspace\MyProjects\TASystemsAPIs\src\test\resources\testDataFiles\Schemas\ValidationError_schema.json"".
2023-02-07 11:01:39.352 &amp#27;[32m INFO&amp#27;[m &amp#27;[35m[@503 - main]&amp#27;[m &amp#27;[36mcom.shaft.tools.io.ReportManager&amp#27;[m : Successfully created attachment "Validation Test Data - Expected JSON Value"
2023-02-07 11:01:39.353 &amp#27;[32m INFO&amp#27;[m &amp#27;[35m[@503 - main]&amp#27;[m &amp#27;[36mcom.shaft.tools.io.ReportManager&amp#27;[m : Successfully created attachment "Validation Test Data - Actual JSON Value"
2023-02-07 11:01:39.354 &amp#27;[32m INFO&amp#27;[m &amp#27;[35m[@503 - main]&amp#27;[m &amp#27;[36mcom.shaft.tools.io.ReportManager&amp#27;[m : Successfully created attachment "SHAFT Engine Logs - Current Method log: Update_Policy_With_InValid_data_TC"
]]></system-out>
  </testcase>
  <testcase name="Update_Policy_With_InValid_data_TC[[Ljava.lang.Object;@2beea690](16)" classname="SteeringCompanyAPI_TestCases.Test_Policies_Cases" time="1.282">
    <system-out><![CDATA[2023-02-07 11:01:39.357 &amp#27;[32m INFO&amp#27;[m &amp#27;[35m[@534 - main]&amp#27;[m &amp#27;[36mcom.shaft.tools.io.ReportManager&amp#27;[m : 
################################################################################################################################################
Starting Execution:	"294 out of 107" test cases in the current suite
Test Method:		"SteeringCompanyAPI_TestCases.Test_Policies_Cases.Update_Policy_With_InValid_data_TC"
Test Description:	"TC053 -Policy- Perform Update Policy with InValid data"
################################################################################################################################################
2023-02-07 11:01:39.357 &amp#27;[32m INFO&amp#27;[m &amp#27;[35m[@503 - main]&amp#27;[m &amp#27;[36mcom.shaft.tools.io.ReportManager&amp#27;[m : File Action "DoesFileExist" successfully performed. With the following test data "File Path: "SteeringCompanyAPI_TestData/SteeringCompanyAPI_TestData.xlsx"".
2023-02-07 11:01:39.372 &amp#27;[32m INFO&amp#27;[m &amp#27;[35m[@503 - main]&amp#27;[m &amp#27;[36mcom.shaft.tools.io.ReportManager&amp#27;[m : Successfully created attachment "Test Data - Excel"
2023-02-07 11:01:40.056 &amp#27;[32m INFO&amp#27;[m &amp#27;[35m[@503 - main]&amp#27;[m &amp#27;[36mcom.shaft.tools.io.ReportManager&amp#27;[m : Response status code: "200", status line: "HTTP/1.1 200 OK"
2023-02-07 11:01:40.065 &amp#27;[32m INFO&amp#27;[m &amp#27;[35m[@503 - main]&amp#27;[m &amp#27;[36mcom.shaft.tools.io.ReportManager&amp#27;[m : Successfully created attachment "API Request - Specifications"
2023-02-07 11:01:40.065 &amp#27;[32m INFO&amp#27;[m &amp#27;[35m[@503 - main]&amp#27;[m &amp#27;[36mcom.shaft.tools.io.ReportManager&amp#27;[m : Successfully created attachment "API Request - Body"
2023-02-07 11:01:40.066 &amp#27;[32m INFO&amp#27;[m &amp#27;[35m[@503 - main]&amp#27;[m &amp#27;[36mcom.shaft.tools.io.ReportManager&amp#27;[m : Successfully created attachment "API Response - JSON Body"
2023-02-07 11:01:40.070 &amp#27;[32m INFO&amp#27;[m &amp#27;[35m[@503 - main]&amp#27;[m &amp#27;[36mcom.shaft.tools.io.ReportManager&amp#27;[m : File Action "DoesFileExist" successfully performed. With the following test data "File Path: "SteeringCompanyAPI_TestData/SteeringCompanyAPI_TestData.xlsx"".
2023-02-07 11:01:40.083 &amp#27;[32m INFO&amp#27;[m &amp#27;[35m[@503 - main]&amp#27;[m &amp#27;[36mcom.shaft.tools.io.ReportManager&amp#27;[m : Successfully created attachment "Test Data - Excel"
2023-02-07 11:01:40.083 &amp#27;[32m INFO&amp#27;[m &amp#27;[35m[@503 - main]&amp#27;[m &amp#27;[36mcom.shaft.tools.io.ReportManager&amp#27;[m : File Action "DoesFileExist" successfully performed. With the following test data "File Path: "SteeringCompanyAPI_TestData/SteeringCompanyAPI_TestData.xlsx"".
2023-02-07 11:01:40.098 &amp#27;[32m INFO&amp#27;[m &amp#27;[35m[@503 - main]&amp#27;[m &amp#27;[36mcom.shaft.tools.io.ReportManager&amp#27;[m : Successfully created attachment "Test Data - Excel"
2023-02-07 11:01:40.098 &amp#27;[32m INFO&amp#27;[m &amp#27;[35m[@503 - main]&amp#27;[m &amp#27;[36mcom.shaft.tools.io.ReportManager&amp#27;[m : File Action "DoesFileExist" successfully performed. With the following test data "File Path: "SteeringCompanyAPI_TestData/SteeringCompanyAPI_TestData.xlsx"".
2023-02-07 11:01:40.122 &amp#27;[32m INFO&amp#27;[m &amp#27;[35m[@503 - main]&amp#27;[m &amp#27;[36mcom.shaft.tools.io.ReportManager&amp#27;[m : Successfully created attachment "Test Data - Excel"
2023-02-07 11:01:40.620 &amp#27;[32m INFO&amp#27;[m &amp#27;[35m[@503 - main]&amp#27;[m &amp#27;[36mcom.shaft.tools.io.ReportManager&amp#27;[m : Response status code: "422", status line: "HTTP/1.1 422 "
2023-02-07 11:01:40.629 &amp#27;[32m INFO&amp#27;[m &amp#27;[35m[@503 - main]&amp#27;[m &amp#27;[36mcom.shaft.tools.io.ReportManager&amp#27;[m : Successfully created attachment "API Request - Specifications"
2023-02-07 11:01:40.631 &amp#27;[32m INFO&amp#27;[m &amp#27;[35m[@503 - main]&amp#27;[m &amp#27;[36mcom.shaft.tools.io.ReportManager&amp#27;[m : Successfully created attachment "API Request - JSON Body"
2023-02-07 11:01:40.631 &amp#27;[32m INFO&amp#27;[m &amp#27;[35m[@503 - main]&amp#27;[m &amp#27;[36mcom.shaft.tools.io.ReportManager&amp#27;[m : Successfully created attachment "API Response - JSON Body"
2023-02-07 11:01:40.632 &amp#27;[32m INFO&amp#27;[m &amp#27;[35m[@503 - main]&amp#27;[m &amp#27;[36mcom.shaft.tools.io.ReportManager&amp#27;[m : File Action "DoesFileExist" successfully performed. With the following test data "File Path: "Schemas/ValidationError_schema.json"".
2023-02-07 11:01:40.632 &amp#27;[32m INFO&amp#27;[m &amp#27;[35m[@503 - main]&amp#27;[m &amp#27;[36mcom.shaft.tools.io.ReportManager&amp#27;[m : File Action "DoesFileExist" successfully performed. With the following test data "File Path: "src/test/resources/testDataFiles/Schemas/ValidationError_schema.json"".
2023-02-07 11:01:40.632 &amp#27;[32m INFO&amp#27;[m &amp#27;[35m[@503 - main]&amp#27;[m &amp#27;[36mcom.shaft.tools.io.ReportManager&amp#27;[m : File Action "GetAbsolutePath" successfully performed. With the following test data "Relative Folder Path: "src/test/resources/testDataFiles/Schemas/ValidationError_schema.json"".
2023-02-07 11:01:40.633 &amp#27;[32m INFO&amp#27;[m &amp#27;[35m[@503 - main]&amp#27;[m &amp#27;[36mcom.shaft.tools.io.ReportManager&amp#27;[m : File Action "DoesFileExist" successfully performed. With the following test data "File Path: "C:\eclipse-workspace\MyProjects\TASystemsAPIs\src\test\resources\testDataFiles\Schemas\ValidationError_schema.json"".
2023-02-07 11:01:40.633 &amp#27;[32m INFO&amp#27;[m &amp#27;[35m[@503 - main]&amp#27;[m &amp#27;[36mcom.shaft.tools.io.ReportManager&amp#27;[m : File Action "GetAbsolutePath" successfully performed. With the following test data "Relative Folder Path: "C:\eclipse-workspace\MyProjects\TASystemsAPIs\src\test\resources\testDataFiles\Schemas\ValidationError_schema.json"".
2023-02-07 11:01:40.633 &amp#27;[32m INFO&amp#27;[m &amp#27;[35m[@503 - main]&amp#27;[m &amp#27;[36mcom.shaft.tools.io.ReportManager&amp#27;[m : File Action "ReadFile" successfully performed. With the following test data "File Path: "C:\eclipse-workspace\MyProjects\TASystemsAPIs\src\test\resources\testDataFiles\Schemas\ValidationError_schema.json"".
2023-02-07 11:01:40.635 &amp#27;[32m INFO&amp#27;[m &amp#27;[35m[@503 - main]&amp#27;[m &amp#27;[36mcom.shaft.tools.io.ReportManager&amp#27;[m : Successfully created attachment "Validation Test Data - Expected JSON Value"
2023-02-07 11:01:40.636 &amp#27;[32m INFO&amp#27;[m &amp#27;[35m[@503 - main]&amp#27;[m &amp#27;[36mcom.shaft.tools.io.ReportManager&amp#27;[m : Successfully created attachment "Validation Test Data - Actual JSON Value"
2023-02-07 11:01:40.637 &amp#27;[32m INFO&amp#27;[m &amp#27;[35m[@503 - main]&amp#27;[m &amp#27;[36mcom.shaft.tools.io.ReportManager&amp#27;[m : Successfully created attachment "SHAFT Engine Logs - Current Method log: Update_Policy_With_InValid_data_TC"
]]></system-out>
  </testcase>
  <testcase name="Update_Policy_With_InValid_data_TC[[Ljava.lang.Object;@1b8a4c52](17)" classname="SteeringCompanyAPI_TestCases.Test_Policies_Cases" time="1.883">
    <system-out><![CDATA[2023-02-07 11:01:40.638 &amp#27;[32m INFO&amp#27;[m &amp#27;[35m[@534 - main]&amp#27;[m &amp#27;[36mcom.shaft.tools.io.ReportManager&amp#27;[m : 
################################################################################################################################################
Starting Execution:	"295 out of 107" test cases in the current suite
Test Method:		"SteeringCompanyAPI_TestCases.Test_Policies_Cases.Update_Policy_With_InValid_data_TC"
Test Description:	"TC053 -Policy- Perform Update Policy with InValid data"
################################################################################################################################################
2023-02-07 11:01:40.639 &amp#27;[32m INFO&amp#27;[m &amp#27;[35m[@503 - main]&amp#27;[m &amp#27;[36mcom.shaft.tools.io.ReportManager&amp#27;[m : File Action "DoesFileExist" successfully performed. With the following test data "File Path: "SteeringCompanyAPI_TestData/SteeringCompanyAPI_TestData.xlsx"".
2023-02-07 11:01:40.654 &amp#27;[32m INFO&amp#27;[m &amp#27;[35m[@503 - main]&amp#27;[m &amp#27;[36mcom.shaft.tools.io.ReportManager&amp#27;[m : Successfully created attachment "Test Data - Excel"
2023-02-07 11:01:41.936 &amp#27;[32m INFO&amp#27;[m &amp#27;[35m[@503 - main]&amp#27;[m &amp#27;[36mcom.shaft.tools.io.ReportManager&amp#27;[m : Response status code: "200", status line: "HTTP/1.1 200 OK"
2023-02-07 11:01:41.946 &amp#27;[32m INFO&amp#27;[m &amp#27;[35m[@503 - main]&amp#27;[m &amp#27;[36mcom.shaft.tools.io.ReportManager&amp#27;[m : Successfully created attachment "API Request - Specifications"
2023-02-07 11:01:41.946 &amp#27;[32m INFO&amp#27;[m &amp#27;[35m[@503 - main]&amp#27;[m &amp#27;[36mcom.shaft.tools.io.ReportManager&amp#27;[m : Successfully created attachment "API Request - Body"
2023-02-07 11:01:41.952 &amp#27;[32m INFO&amp#27;[m &amp#27;[35m[@503 - main]&amp#27;[m &amp#27;[36mcom.shaft.tools.io.ReportManager&amp#27;[m : Successfully created attachment "API Response - JSON Body"
2023-02-07 11:01:41.958 &amp#27;[32m INFO&amp#27;[m &amp#27;[35m[@503 - main]&amp#27;[m &amp#27;[36mcom.shaft.tools.io.ReportManager&amp#27;[m : File Action "DoesFileExist" successfully performed. With the following test data "File Path: "SteeringCompanyAPI_TestData/SteeringCompanyAPI_TestData.xlsx"".
2023-02-07 11:01:41.971 &amp#27;[32m INFO&amp#27;[m &amp#27;[35m[@503 - main]&amp#27;[m &amp#27;[36mcom.shaft.tools.io.ReportManager&amp#27;[m : Successfully created attachment "Test Data - Excel"
2023-02-07 11:01:41.972 &amp#27;[32m INFO&amp#27;[m &amp#27;[35m[@503 - main]&amp#27;[m &amp#27;[36mcom.shaft.tools.io.ReportManager&amp#27;[m : File Action "DoesFileExist" successfully performed. With the following test data "File Path: "SteeringCompanyAPI_TestData/SteeringCompanyAPI_TestData.xlsx"".
2023-02-07 11:01:41.985 &amp#27;[32m INFO&amp#27;[m &amp#27;[35m[@503 - main]&amp#27;[m &amp#27;[36mcom.shaft.tools.io.ReportManager&amp#27;[m : Successfully created attachment "Test Data - Excel"
2023-02-07 11:01:41.985 &amp#27;[32m INFO&amp#27;[m &amp#27;[35m[@503 - main]&amp#27;[m &amp#27;[36mcom.shaft.tools.io.ReportManager&amp#27;[m : File Action "DoesFileExist" successfully performed. With the following test data "File Path: "SteeringCompanyAPI_TestData/SteeringCompanyAPI_TestData.xlsx"".
2023-02-07 11:01:41.999 &amp#27;[32m INFO&amp#27;[m &amp#27;[35m[@503 - main]&amp#27;[m &amp#27;[36mcom.shaft.tools.io.ReportManager&amp#27;[m : Successfully created attachment "Test Data - Excel"
2023-02-07 11:01:42.504 &amp#27;[32m INFO&amp#27;[m &amp#27;[35m[@503 - main]&amp#27;[m &amp#27;[36mcom.shaft.tools.io.ReportManager&amp#27;[m : Response status code: "422", status line: "HTTP/1.1 422 "
2023-02-07 11:01:42.513 &amp#27;[32m INFO&amp#27;[m &amp#27;[35m[@503 - main]&amp#27;[m &amp#27;[36mcom.shaft.tools.io.ReportManager&amp#27;[m : Successfully created attachment "API Request - Specifications"
2023-02-07 11:01:42.513 &amp#27;[32m INFO&amp#27;[m &amp#27;[35m[@503 - main]&amp#27;[m &amp#27;[36mcom.shaft.tools.io.ReportManager&amp#27;[m : Successfully created attachment "API Request - JSON Body"
2023-02-07 11:01:42.514 &amp#27;[32m INFO&amp#27;[m &amp#27;[35m[@503 - main]&amp#27;[m &amp#27;[36mcom.shaft.tools.io.ReportManager&amp#27;[m : Successfully created attachment "API Response - JSON Body"
2023-02-07 11:01:42.515 &amp#27;[32m INFO&amp#27;[m &amp#27;[35m[@503 - main]&amp#27;[m &amp#27;[36mcom.shaft.tools.io.ReportManager&amp#27;[m : File Action "DoesFileExist" successfully performed. With the following test data "File Path: "Schemas/ValidationError_schema.json"".
2023-02-07 11:01:42.515 &amp#27;[32m INFO&amp#27;[m &amp#27;[35m[@503 - main]&amp#27;[m &amp#27;[36mcom.shaft.tools.io.ReportManager&amp#27;[m : File Action "DoesFileExist" successfully performed. With the following test data "File Path: "src/test/resources/testDataFiles/Schemas/ValidationError_schema.json"".
2023-02-07 11:01:42.515 &amp#27;[32m INFO&amp#27;[m &amp#27;[35m[@503 - main]&amp#27;[m &amp#27;[36mcom.shaft.tools.io.ReportManager&amp#27;[m : File Action "GetAbsolutePath" successfully performed. With the following test data "Relative Folder Path: "src/test/resources/testDataFiles/Schemas/ValidationError_schema.json"".
2023-02-07 11:01:42.516 &amp#27;[32m INFO&amp#27;[m &amp#27;[35m[@503 - main]&amp#27;[m &amp#27;[36mcom.shaft.tools.io.ReportManager&amp#27;[m : File Action "DoesFileExist" successfully performed. With the following test data "File Path: "C:\eclipse-workspace\MyProjects\TASystemsAPIs\src\test\resources\testDataFiles\Schemas\ValidationError_schema.json"".
2023-02-07 11:01:42.516 &amp#27;[32m INFO&amp#27;[m &amp#27;[35m[@503 - main]&amp#27;[m &amp#27;[36mcom.shaft.tools.io.ReportManager&amp#27;[m : File Action "GetAbsolutePath" successfully performed. With the following test data "Relative Folder Path: "C:\eclipse-workspace\MyProjects\TASystemsAPIs\src\test\resources\testDataFiles\Schemas\ValidationError_schema.json"".
2023-02-07 11:01:42.516 &amp#27;[32m INFO&amp#27;[m &amp#27;[35m[@503 - main]&amp#27;[m &amp#27;[36mcom.shaft.tools.io.ReportManager&amp#27;[m : File Action "ReadFile" successfully performed. With the following test data "File Path: "C:\eclipse-workspace\MyProjects\TASystemsAPIs\src\test\resources\testDataFiles\Schemas\ValidationError_schema.json"".
2023-02-07 11:01:42.517 &amp#27;[32m INFO&amp#27;[m &amp#27;[35m[@503 - main]&amp#27;[m &amp#27;[36mcom.shaft.tools.io.ReportManager&amp#27;[m : Successfully created attachment "Validation Test Data - Expected JSON Value"
2023-02-07 11:01:42.519 &amp#27;[32m INFO&amp#27;[m &amp#27;[35m[@503 - main]&amp#27;[m &amp#27;[36mcom.shaft.tools.io.ReportManager&amp#27;[m : Successfully created attachment "Validation Test Data - Actual JSON Value"
2023-02-07 11:01:42.519 &amp#27;[32m INFO&amp#27;[m &amp#27;[35m[@503 - main]&amp#27;[m &amp#27;[36mcom.shaft.tools.io.ReportManager&amp#27;[m : Successfully created attachment "SHAFT Engine Logs - Current Method log: Update_Policy_With_InValid_data_TC"
]]></system-out>
  </testcase>
  <testcase name="Update_Policy_With_InValid_data_TC[[Ljava.lang.Object;@64234cee](18)" classname="SteeringCompanyAPI_TestCases.Test_Policies_Cases" time="1.59">
    <system-out><![CDATA[2023-02-07 11:01:42.521 &amp#27;[32m INFO&amp#27;[m &amp#27;[35m[@534 - main]&amp#27;[m &amp#27;[36mcom.shaft.tools.io.ReportManager&amp#27;[m : 
################################################################################################################################################
Starting Execution:	"296 out of 107" test cases in the current suite
Test Method:		"SteeringCompanyAPI_TestCases.Test_Policies_Cases.Update_Policy_With_InValid_data_TC"
Test Description:	"TC053 -Policy- Perform Update Policy with InValid data"
################################################################################################################################################
2023-02-07 11:01:42.522 &amp#27;[32m INFO&amp#27;[m &amp#27;[35m[@503 - main]&amp#27;[m &amp#27;[36mcom.shaft.tools.io.ReportManager&amp#27;[m : File Action "DoesFileExist" successfully performed. With the following test data "File Path: "SteeringCompanyAPI_TestData/SteeringCompanyAPI_TestData.xlsx"".
2023-02-07 11:01:42.535 &amp#27;[32m INFO&amp#27;[m &amp#27;[35m[@503 - main]&amp#27;[m &amp#27;[36mcom.shaft.tools.io.ReportManager&amp#27;[m : Successfully created attachment "Test Data - Excel"
2023-02-07 11:01:43.140 &amp#27;[32m INFO&amp#27;[m &amp#27;[35m[@503 - main]&amp#27;[m &amp#27;[36mcom.shaft.tools.io.ReportManager&amp#27;[m : Response status code: "200", status line: "HTTP/1.1 200 OK"
2023-02-07 11:01:43.149 &amp#27;[32m INFO&amp#27;[m &amp#27;[35m[@503 - main]&amp#27;[m &amp#27;[36mcom.shaft.tools.io.ReportManager&amp#27;[m : Successfully created attachment "API Request - Specifications"
2023-02-07 11:01:43.149 &amp#27;[32m INFO&amp#27;[m &amp#27;[35m[@503 - main]&amp#27;[m &amp#27;[36mcom.shaft.tools.io.ReportManager&amp#27;[m : Successfully created attachment "API Request - Body"
2023-02-07 11:01:43.150 &amp#27;[32m INFO&amp#27;[m &amp#27;[35m[@503 - main]&amp#27;[m &amp#27;[36mcom.shaft.tools.io.ReportManager&amp#27;[m : Successfully created attachment "API Response - JSON Body"
2023-02-07 11:01:43.155 &amp#27;[32m INFO&amp#27;[m &amp#27;[35m[@503 - main]&amp#27;[m &amp#27;[36mcom.shaft.tools.io.ReportManager&amp#27;[m : File Action "DoesFileExist" successfully performed. With the following test data "File Path: "SteeringCompanyAPI_TestData/SteeringCompanyAPI_TestData.xlsx"".
2023-02-07 11:01:43.172 &amp#27;[32m INFO&amp#27;[m &amp#27;[35m[@503 - main]&amp#27;[m &amp#27;[36mcom.shaft.tools.io.ReportManager&amp#27;[m : Successfully created attachment "Test Data - Excel"
2023-02-07 11:01:43.172 &amp#27;[32m INFO&amp#27;[m &amp#27;[35m[@503 - main]&amp#27;[m &amp#27;[36mcom.shaft.tools.io.ReportManager&amp#27;[m : File Action "DoesFileExist" successfully performed. With the following test data "File Path: "SteeringCompanyAPI_TestData/SteeringCompanyAPI_TestData.xlsx"".
2023-02-07 11:01:43.186 &amp#27;[32m INFO&amp#27;[m &amp#27;[35m[@503 - main]&amp#27;[m &amp#27;[36mcom.shaft.tools.io.ReportManager&amp#27;[m : Successfully created attachment "Test Data - Excel"
2023-02-07 11:01:43.186 &amp#27;[32m INFO&amp#27;[m &amp#27;[35m[@503 - main]&amp#27;[m &amp#27;[36mcom.shaft.tools.io.ReportManager&amp#27;[m : File Action "DoesFileExist" successfully performed. With the following test data "File Path: "SteeringCompanyAPI_TestData/SteeringCompanyAPI_TestData.xlsx"".
2023-02-07 11:01:43.202 &amp#27;[32m INFO&amp#27;[m &amp#27;[35m[@503 - main]&amp#27;[m &amp#27;[36mcom.shaft.tools.io.ReportManager&amp#27;[m : Successfully created attachment "Test Data - Excel"
2023-02-07 11:01:44.092 &amp#27;[32m INFO&amp#27;[m &amp#27;[35m[@503 - main]&amp#27;[m &amp#27;[36mcom.shaft.tools.io.ReportManager&amp#27;[m : Response status code: "422", status line: "HTTP/1.1 422 "
2023-02-07 11:01:44.100 &amp#27;[32m INFO&amp#27;[m &amp#27;[35m[@503 - main]&amp#27;[m &amp#27;[36mcom.shaft.tools.io.ReportManager&amp#27;[m : Successfully created attachment "API Request - Specifications"
2023-02-07 11:01:44.104 &amp#27;[32m INFO&amp#27;[m &amp#27;[35m[@503 - main]&amp#27;[m &amp#27;[36mcom.shaft.tools.io.ReportManager&amp#27;[m : Successfully created attachment "API Request - JSON Body"
2023-02-07 11:01:44.104 &amp#27;[32m INFO&amp#27;[m &amp#27;[35m[@503 - main]&amp#27;[m &amp#27;[36mcom.shaft.tools.io.ReportManager&amp#27;[m : Successfully created attachment "API Response - JSON Body"
2023-02-07 11:01:44.104 &amp#27;[32m INFO&amp#27;[m &amp#27;[35m[@503 - main]&amp#27;[m &amp#27;[36mcom.shaft.tools.io.ReportManager&amp#27;[m : File Action "DoesFileExist" successfully performed. With the following test data "File Path: "Schemas/ValidationError_schema.json"".
2023-02-07 11:01:44.105 &amp#27;[32m INFO&amp#27;[m &amp#27;[35m[@503 - main]&amp#27;[m &amp#27;[36mcom.shaft.tools.io.ReportManager&amp#27;[m : File Action "DoesFileExist" successfully performed. With the following test data "File Path: "src/test/resources/testDataFiles/Schemas/ValidationError_schema.json"".
2023-02-07 11:01:44.105 &amp#27;[32m INFO&amp#27;[m &amp#27;[35m[@503 - main]&amp#27;[m &amp#27;[36mcom.shaft.tools.io.ReportManager&amp#27;[m : File Action "GetAbsolutePath" successfully performed. With the following test data "Relative Folder Path: "src/test/resources/testDataFiles/Schemas/ValidationError_schema.json"".
2023-02-07 11:01:44.106 &amp#27;[32m INFO&amp#27;[m &amp#27;[35m[@503 - main]&amp#27;[m &amp#27;[36mcom.shaft.tools.io.ReportManager&amp#27;[m : File Action "DoesFileExist" successfully performed. With the following test data "File Path: "C:\eclipse-workspace\MyProjects\TASystemsAPIs\src\test\resources\testDataFiles\Schemas\ValidationError_schema.json"".
2023-02-07 11:01:44.106 &amp#27;[32m INFO&amp#27;[m &amp#27;[35m[@503 - main]&amp#27;[m &amp#27;[36mcom.shaft.tools.io.ReportManager&amp#27;[m : File Action "GetAbsolutePath" successfully performed. With the following test data "Relative Folder Path: "C:\eclipse-workspace\MyProjects\TASystemsAPIs\src\test\resources\testDataFiles\Schemas\ValidationError_schema.json"".
2023-02-07 11:01:44.106 &amp#27;[32m INFO&amp#27;[m &amp#27;[35m[@503 - main]&amp#27;[m &amp#27;[36mcom.shaft.tools.io.ReportManager&amp#27;[m : File Action "ReadFile" successfully performed. With the following test data "File Path: "C:\eclipse-workspace\MyProjects\TASystemsAPIs\src\test\resources\testDataFiles\Schemas\ValidationError_schema.json"".
2023-02-07 11:01:44.107 &amp#27;[32m INFO&amp#27;[m &amp#27;[35m[@503 - main]&amp#27;[m &amp#27;[36mcom.shaft.tools.io.ReportManager&amp#27;[m : Successfully created attachment "Validation Test Data - Expected JSON Value"
2023-02-07 11:01:44.108 &amp#27;[32m INFO&amp#27;[m &amp#27;[35m[@503 - main]&amp#27;[m &amp#27;[36mcom.shaft.tools.io.ReportManager&amp#27;[m : Successfully created attachment "Validation Test Data - Actual JSON Value"
2023-02-07 11:01:44.109 &amp#27;[32m INFO&amp#27;[m &amp#27;[35m[@503 - main]&amp#27;[m &amp#27;[36mcom.shaft.tools.io.ReportManager&amp#27;[m : Successfully created attachment "SHAFT Engine Logs - Current Method log: Update_Policy_With_InValid_data_TC"
]]></system-out>
  </testcase>
  <testcase name="Update_Policy_With_InValid_data_TC[[Ljava.lang.Object;@232ef0b5](19)" classname="SteeringCompanyAPI_TestCases.Test_Policies_Cases" time="1.224">
    <system-out><![CDATA[2023-02-07 11:01:44.111 &amp#27;[32m INFO&amp#27;[m &amp#27;[35m[@534 - main]&amp#27;[m &amp#27;[36mcom.shaft.tools.io.ReportManager&amp#27;[m : 
################################################################################################################################################
Starting Execution:	"297 out of 107" test cases in the current suite
Test Method:		"SteeringCompanyAPI_TestCases.Test_Policies_Cases.Update_Policy_With_InValid_data_TC"
Test Description:	"TC053 -Policy- Perform Update Policy with InValid data"
################################################################################################################################################
2023-02-07 11:01:44.111 &amp#27;[32m INFO&amp#27;[m &amp#27;[35m[@503 - main]&amp#27;[m &amp#27;[36mcom.shaft.tools.io.ReportManager&amp#27;[m : File Action "DoesFileExist" successfully performed. With the following test data "File Path: "SteeringCompanyAPI_TestData/SteeringCompanyAPI_TestData.xlsx"".
2023-02-07 11:01:44.125 &amp#27;[32m INFO&amp#27;[m &amp#27;[35m[@503 - main]&amp#27;[m &amp#27;[36mcom.shaft.tools.io.ReportManager&amp#27;[m : Successfully created attachment "Test Data - Excel"
2023-02-07 11:01:44.742 &amp#27;[32m INFO&amp#27;[m &amp#27;[35m[@503 - main]&amp#27;[m &amp#27;[36mcom.shaft.tools.io.ReportManager&amp#27;[m : Response status code: "200", status line: "HTTP/1.1 200 OK"
2023-02-07 11:01:44.754 &amp#27;[32m INFO&amp#27;[m &amp#27;[35m[@503 - main]&amp#27;[m &amp#27;[36mcom.shaft.tools.io.ReportManager&amp#27;[m : Successfully created attachment "API Request - Specifications"
2023-02-07 11:01:44.755 &amp#27;[32m INFO&amp#27;[m &amp#27;[35m[@503 - main]&amp#27;[m &amp#27;[36mcom.shaft.tools.io.ReportManager&amp#27;[m : Successfully created attachment "API Request - Body"
2023-02-07 11:01:44.755 &amp#27;[32m INFO&amp#27;[m &amp#27;[35m[@503 - main]&amp#27;[m &amp#27;[36mcom.shaft.tools.io.ReportManager&amp#27;[m : Successfully created attachment "API Response - JSON Body"
2023-02-07 11:01:44.761 &amp#27;[32m INFO&amp#27;[m &amp#27;[35m[@503 - main]&amp#27;[m &amp#27;[36mcom.shaft.tools.io.ReportManager&amp#27;[m : File Action "DoesFileExist" successfully performed. With the following test data "File Path: "SteeringCompanyAPI_TestData/SteeringCompanyAPI_TestData.xlsx"".
2023-02-07 11:01:44.775 &amp#27;[32m INFO&amp#27;[m &amp#27;[35m[@503 - main]&amp#27;[m &amp#27;[36mcom.shaft.tools.io.ReportManager&amp#27;[m : Successfully created attachment "Test Data - Excel"
2023-02-07 11:01:44.776 &amp#27;[32m INFO&amp#27;[m &amp#27;[35m[@503 - main]&amp#27;[m &amp#27;[36mcom.shaft.tools.io.ReportManager&amp#27;[m : File Action "DoesFileExist" successfully performed. With the following test data "File Path: "SteeringCompanyAPI_TestData/SteeringCompanyAPI_TestData.xlsx"".
2023-02-07 11:01:44.790 &amp#27;[32m INFO&amp#27;[m &amp#27;[35m[@503 - main]&amp#27;[m &amp#27;[36mcom.shaft.tools.io.ReportManager&amp#27;[m : Successfully created attachment "Test Data - Excel"
2023-02-07 11:01:44.790 &amp#27;[32m INFO&amp#27;[m &amp#27;[35m[@503 - main]&amp#27;[m &amp#27;[36mcom.shaft.tools.io.ReportManager&amp#27;[m : File Action "DoesFileExist" successfully performed. With the following test data "File Path: "SteeringCompanyAPI_TestData/SteeringCompanyAPI_TestData.xlsx"".
2023-02-07 11:01:44.803 &amp#27;[32m INFO&amp#27;[m &amp#27;[35m[@503 - main]&amp#27;[m &amp#27;[36mcom.shaft.tools.io.ReportManager&amp#27;[m : Successfully created attachment "Test Data - Excel"
2023-02-07 11:01:45.316 &amp#27;[32m INFO&amp#27;[m &amp#27;[35m[@503 - main]&amp#27;[m &amp#27;[36mcom.shaft.tools.io.ReportManager&amp#27;[m : Response status code: "422", status line: "HTTP/1.1 422 "
2023-02-07 11:01:45.327 &amp#27;[32m INFO&amp#27;[m &amp#27;[35m[@503 - main]&amp#27;[m &amp#27;[36mcom.shaft.tools.io.ReportManager&amp#27;[m : Successfully created attachment "API Request - Specifications"
2023-02-07 11:01:45.328 &amp#27;[32m INFO&amp#27;[m &amp#27;[35m[@503 - main]&amp#27;[m &amp#27;[36mcom.shaft.tools.io.ReportManager&amp#27;[m : Successfully created attachment "API Request - JSON Body"
2023-02-07 11:01:45.328 &amp#27;[32m INFO&amp#27;[m &amp#27;[35m[@503 - main]&amp#27;[m &amp#27;[36mcom.shaft.tools.io.ReportManager&amp#27;[m : Successfully created attachment "API Response - JSON Body"
2023-02-07 11:01:45.329 &amp#27;[32m INFO&amp#27;[m &amp#27;[35m[@503 - main]&amp#27;[m &amp#27;[36mcom.shaft.tools.io.ReportManager&amp#27;[m : File Action "DoesFileExist" successfully performed. With the following test data "File Path: "Schemas/ValidationError_schema.json"".
2023-02-07 11:01:45.329 &amp#27;[32m INFO&amp#27;[m &amp#27;[35m[@503 - main]&amp#27;[m &amp#27;[36mcom.shaft.tools.io.ReportManager&amp#27;[m : File Action "DoesFileExist" successfully performed. With the following test data "File Path: "src/test/resources/testDataFiles/Schemas/ValidationError_schema.json"".
2023-02-07 11:01:45.329 &amp#27;[32m INFO&amp#27;[m &amp#27;[35m[@503 - main]&amp#27;[m &amp#27;[36mcom.shaft.tools.io.ReportManager&amp#27;[m : File Action "GetAbsolutePath" successfully performed. With the following test data "Relative Folder Path: "src/test/resources/testDataFiles/Schemas/ValidationError_schema.json"".
2023-02-07 11:01:45.330 &amp#27;[32m INFO&amp#27;[m &amp#27;[35m[@503 - main]&amp#27;[m &amp#27;[36mcom.shaft.tools.io.ReportManager&amp#27;[m : File Action "DoesFileExist" successfully performed. With the following test data "File Path: "C:\eclipse-workspace\MyProjects\TASystemsAPIs\src\test\resources\testDataFiles\Schemas\ValidationError_schema.json"".
2023-02-07 11:01:45.330 &amp#27;[32m INFO&amp#27;[m &amp#27;[35m[@503 - main]&amp#27;[m &amp#27;[36mcom.shaft.tools.io.ReportManager&amp#27;[m : File Action "GetAbsolutePath" successfully performed. With the following test data "Relative Folder Path: "C:\eclipse-workspace\MyProjects\TASystemsAPIs\src\test\resources\testDataFiles\Schemas\ValidationError_schema.json"".
2023-02-07 11:01:45.330 &amp#27;[32m INFO&amp#27;[m &amp#27;[35m[@503 - main]&amp#27;[m &amp#27;[36mcom.shaft.tools.io.ReportManager&amp#27;[m : File Action "ReadFile" successfully performed. With the following test data "File Path: "C:\eclipse-workspace\MyProjects\TASystemsAPIs\src\test\resources\testDataFiles\Schemas\ValidationError_schema.json"".
2023-02-07 11:01:45.332 &amp#27;[32m INFO&amp#27;[m &amp#27;[35m[@503 - main]&amp#27;[m &amp#27;[36mcom.shaft.tools.io.ReportManager&amp#27;[m : Successfully created attachment "Validation Test Data - Expected JSON Value"
2023-02-07 11:01:45.333 &amp#27;[32m INFO&amp#27;[m &amp#27;[35m[@503 - main]&amp#27;[m &amp#27;[36mcom.shaft.tools.io.ReportManager&amp#27;[m : Successfully created attachment "Validation Test Data - Actual JSON Value"
2023-02-07 11:01:45.334 &amp#27;[32m INFO&amp#27;[m &amp#27;[35m[@503 - main]&amp#27;[m &amp#27;[36mcom.shaft.tools.io.ReportManager&amp#27;[m : Successfully created attachment "SHAFT Engine Logs - Current Method log: Update_Policy_With_InValid_data_TC"
]]></system-out>
  </testcase>
  <testcase name="Update_Policy_With_InValid_data_TC[[Ljava.lang.Object;@2b2e27c](20)" classname="SteeringCompanyAPI_TestCases.Test_Policies_Cases" time="1.205">
    <system-out><![CDATA[2023-02-07 11:01:45.337 &amp#27;[32m INFO&amp#27;[m &amp#27;[35m[@534 - main]&amp#27;[m &amp#27;[36mcom.shaft.tools.io.ReportManager&amp#27;[m : 
################################################################################################################################################
Starting Execution:	"298 out of 107" test cases in the current suite
Test Method:		"SteeringCompanyAPI_TestCases.Test_Policies_Cases.Update_Policy_With_InValid_data_TC"
Test Description:	"TC053 -Policy- Perform Update Policy with InValid data"
################################################################################################################################################
2023-02-07 11:01:45.337 &amp#27;[32m INFO&amp#27;[m &amp#27;[35m[@503 - main]&amp#27;[m &amp#27;[36mcom.shaft.tools.io.ReportManager&amp#27;[m : File Action "DoesFileExist" successfully performed. With the following test data "File Path: "SteeringCompanyAPI_TestData/SteeringCompanyAPI_TestData.xlsx"".
2023-02-07 11:01:45.353 &amp#27;[32m INFO&amp#27;[m &amp#27;[35m[@503 - main]&amp#27;[m &amp#27;[36mcom.shaft.tools.io.ReportManager&amp#27;[m : Successfully created attachment "Test Data - Excel"
2023-02-07 11:01:45.972 &amp#27;[32m INFO&amp#27;[m &amp#27;[35m[@503 - main]&amp#27;[m &amp#27;[36mcom.shaft.tools.io.ReportManager&amp#27;[m : Response status code: "200", status line: "HTTP/1.1 200 OK"
2023-02-07 11:01:45.990 &amp#27;[32m INFO&amp#27;[m &amp#27;[35m[@503 - main]&amp#27;[m &amp#27;[36mcom.shaft.tools.io.ReportManager&amp#27;[m : Successfully created attachment "API Request - Specifications"
2023-02-07 11:01:45.992 &amp#27;[32m INFO&amp#27;[m &amp#27;[35m[@503 - main]&amp#27;[m &amp#27;[36mcom.shaft.tools.io.ReportManager&amp#27;[m : Successfully created attachment "API Request - Body"
2023-02-07 11:01:45.994 &amp#27;[32m INFO&amp#27;[m &amp#27;[35m[@503 - main]&amp#27;[m &amp#27;[36mcom.shaft.tools.io.ReportManager&amp#27;[m : Successfully created attachment "API Response - JSON Body"
2023-02-07 11:01:45.999 &amp#27;[32m INFO&amp#27;[m &amp#27;[35m[@503 - main]&amp#27;[m &amp#27;[36mcom.shaft.tools.io.ReportManager&amp#27;[m : File Action "DoesFileExist" successfully performed. With the following test data "File Path: "SteeringCompanyAPI_TestData/SteeringCompanyAPI_TestData.xlsx"".
2023-02-07 11:01:46.012 &amp#27;[32m INFO&amp#27;[m &amp#27;[35m[@503 - main]&amp#27;[m &amp#27;[36mcom.shaft.tools.io.ReportManager&amp#27;[m : Successfully created attachment "Test Data - Excel"
2023-02-07 11:01:46.013 &amp#27;[32m INFO&amp#27;[m &amp#27;[35m[@503 - main]&amp#27;[m &amp#27;[36mcom.shaft.tools.io.ReportManager&amp#27;[m : File Action "DoesFileExist" successfully performed. With the following test data "File Path: "SteeringCompanyAPI_TestData/SteeringCompanyAPI_TestData.xlsx"".
2023-02-07 11:01:46.025 &amp#27;[32m INFO&amp#27;[m &amp#27;[35m[@503 - main]&amp#27;[m &amp#27;[36mcom.shaft.tools.io.ReportManager&amp#27;[m : Successfully created attachment "Test Data - Excel"
2023-02-07 11:01:46.025 &amp#27;[32m INFO&amp#27;[m &amp#27;[35m[@503 - main]&amp#27;[m &amp#27;[36mcom.shaft.tools.io.ReportManager&amp#27;[m : File Action "DoesFileExist" successfully performed. With the following test data "File Path: "SteeringCompanyAPI_TestData/SteeringCompanyAPI_TestData.xlsx"".
2023-02-07 11:01:46.039 &amp#27;[32m INFO&amp#27;[m &amp#27;[35m[@503 - main]&amp#27;[m &amp#27;[36mcom.shaft.tools.io.ReportManager&amp#27;[m : Successfully created attachment "Test Data - Excel"
2023-02-07 11:01:46.528 &amp#27;[32m INFO&amp#27;[m &amp#27;[35m[@503 - main]&amp#27;[m &amp#27;[36mcom.shaft.tools.io.ReportManager&amp#27;[m : Response status code: "422", status line: "HTTP/1.1 422 "
2023-02-07 11:01:46.534 &amp#27;[32m INFO&amp#27;[m &amp#27;[35m[@503 - main]&amp#27;[m &amp#27;[36mcom.shaft.tools.io.ReportManager&amp#27;[m : Successfully created attachment "API Request - Specifications"
2023-02-07 11:01:46.535 &amp#27;[32m INFO&amp#27;[m &amp#27;[35m[@503 - main]&amp#27;[m &amp#27;[36mcom.shaft.tools.io.ReportManager&amp#27;[m : Successfully created attachment "API Request - JSON Body"
2023-02-07 11:01:46.535 &amp#27;[32m INFO&amp#27;[m &amp#27;[35m[@503 - main]&amp#27;[m &amp#27;[36mcom.shaft.tools.io.ReportManager&amp#27;[m : Successfully created attachment "API Response - JSON Body"
2023-02-07 11:01:46.536 &amp#27;[32m INFO&amp#27;[m &amp#27;[35m[@503 - main]&amp#27;[m &amp#27;[36mcom.shaft.tools.io.ReportManager&amp#27;[m : File Action "DoesFileExist" successfully performed. With the following test data "File Path: "Schemas/ValidationError_schema.json"".
2023-02-07 11:01:46.536 &amp#27;[32m INFO&amp#27;[m &amp#27;[35m[@503 - main]&amp#27;[m &amp#27;[36mcom.shaft.tools.io.ReportManager&amp#27;[m : File Action "DoesFileExist" successfully performed. With the following test data "File Path: "src/test/resources/testDataFiles/Schemas/ValidationError_schema.json"".
2023-02-07 11:01:46.536 &amp#27;[32m INFO&amp#27;[m &amp#27;[35m[@503 - main]&amp#27;[m &amp#27;[36mcom.shaft.tools.io.ReportManager&amp#27;[m : File Action "GetAbsolutePath" successfully performed. With the following test data "Relative Folder Path: "src/test/resources/testDataFiles/Schemas/ValidationError_schema.json"".
2023-02-07 11:01:46.537 &amp#27;[32m INFO&amp#27;[m &amp#27;[35m[@503 - main]&amp#27;[m &amp#27;[36mcom.shaft.tools.io.ReportManager&amp#27;[m : File Action "DoesFileExist" successfully performed. With the following test data "File Path: "C:\eclipse-workspace\MyProjects\TASystemsAPIs\src\test\resources\testDataFiles\Schemas\ValidationError_schema.json"".
2023-02-07 11:01:46.538 &amp#27;[32m INFO&amp#27;[m &amp#27;[35m[@503 - main]&amp#27;[m &amp#27;[36mcom.shaft.tools.io.ReportManager&amp#27;[m : File Action "GetAbsolutePath" successfully performed. With the following test data "Relative Folder Path: "C:\eclipse-workspace\MyProjects\TASystemsAPIs\src\test\resources\testDataFiles\Schemas\ValidationError_schema.json"".
2023-02-07 11:01:46.538 &amp#27;[32m INFO&amp#27;[m &amp#27;[35m[@503 - main]&amp#27;[m &amp#27;[36mcom.shaft.tools.io.ReportManager&amp#27;[m : File Action "ReadFile" successfully performed. With the following test data "File Path: "C:\eclipse-workspace\MyProjects\TASystemsAPIs\src\test\resources\testDataFiles\Schemas\ValidationError_schema.json"".
2023-02-07 11:01:46.539 &amp#27;[32m INFO&amp#27;[m &amp#27;[35m[@503 - main]&amp#27;[m &amp#27;[36mcom.shaft.tools.io.ReportManager&amp#27;[m : Successfully created attachment "Validation Test Data - Expected JSON Value"
2023-02-07 11:01:46.540 &amp#27;[32m INFO&amp#27;[m &amp#27;[35m[@503 - main]&amp#27;[m &amp#27;[36mcom.shaft.tools.io.ReportManager&amp#27;[m : Successfully created attachment "Validation Test Data - Actual JSON Value"
2023-02-07 11:01:46.540 &amp#27;[32m INFO&amp#27;[m &amp#27;[35m[@503 - main]&amp#27;[m &amp#27;[36mcom.shaft.tools.io.ReportManager&amp#27;[m : Successfully created attachment "SHAFT Engine Logs - Current Method log: Update_Policy_With_InValid_data_TC"
]]></system-out>
  </testcase>
  <testcase name="Update_Policy_With_InValid_data_TC[[Ljava.lang.Object;@5312198b](21)" classname="SteeringCompanyAPI_TestCases.Test_Policies_Cases" time="1.643">
    <system-out><![CDATA[2023-02-07 11:01:46.542 &amp#27;[32m INFO&amp#27;[m &amp#27;[35m[@534 - main]&amp#27;[m &amp#27;[36mcom.shaft.tools.io.ReportManager&amp#27;[m : 
################################################################################################################################################
Starting Execution:	"299 out of 107" test cases in the current suite
Test Method:		"SteeringCompanyAPI_TestCases.Test_Policies_Cases.Update_Policy_With_InValid_data_TC"
Test Description:	"TC053 -Policy- Perform Update Policy with InValid data"
################################################################################################################################################
2023-02-07 11:01:46.542 &amp#27;[32m INFO&amp#27;[m &amp#27;[35m[@503 - main]&amp#27;[m &amp#27;[36mcom.shaft.tools.io.ReportManager&amp#27;[m : File Action "DoesFileExist" successfully performed. With the following test data "File Path: "SteeringCompanyAPI_TestData/SteeringCompanyAPI_TestData.xlsx"".
2023-02-07 11:01:46.556 &amp#27;[32m INFO&amp#27;[m &amp#27;[35m[@503 - main]&amp#27;[m &amp#27;[36mcom.shaft.tools.io.ReportManager&amp#27;[m : Successfully created attachment "Test Data - Excel"
2023-02-07 11:01:47.193 &amp#27;[32m INFO&amp#27;[m &amp#27;[35m[@503 - main]&amp#27;[m &amp#27;[36mcom.shaft.tools.io.ReportManager&amp#27;[m : Response status code: "200", status line: "HTTP/1.1 200 OK"
2023-02-07 11:01:47.201 &amp#27;[32m INFO&amp#27;[m &amp#27;[35m[@503 - main]&amp#27;[m &amp#27;[36mcom.shaft.tools.io.ReportManager&amp#27;[m : Successfully created attachment "API Request - Specifications"
2023-02-07 11:01:47.201 &amp#27;[32m INFO&amp#27;[m &amp#27;[35m[@503 - main]&amp#27;[m &amp#27;[36mcom.shaft.tools.io.ReportManager&amp#27;[m : Successfully created attachment "API Request - Body"
2023-02-07 11:01:47.203 &amp#27;[32m INFO&amp#27;[m &amp#27;[35m[@503 - main]&amp#27;[m &amp#27;[36mcom.shaft.tools.io.ReportManager&amp#27;[m : Successfully created attachment "API Response - JSON Body"
2023-02-07 11:01:47.209 &amp#27;[32m INFO&amp#27;[m &amp#27;[35m[@503 - main]&amp#27;[m &amp#27;[36mcom.shaft.tools.io.ReportManager&amp#27;[m : File Action "DoesFileExist" successfully performed. With the following test data "File Path: "SteeringCompanyAPI_TestData/SteeringCompanyAPI_TestData.xlsx"".
2023-02-07 11:01:47.226 &amp#27;[32m INFO&amp#27;[m &amp#27;[35m[@503 - main]&amp#27;[m &amp#27;[36mcom.shaft.tools.io.ReportManager&amp#27;[m : Successfully created attachment "Test Data - Excel"
2023-02-07 11:01:47.227 &amp#27;[32m INFO&amp#27;[m &amp#27;[35m[@503 - main]&amp#27;[m &amp#27;[36mcom.shaft.tools.io.ReportManager&amp#27;[m : File Action "DoesFileExist" successfully performed. With the following test data "File Path: "SteeringCompanyAPI_TestData/SteeringCompanyAPI_TestData.xlsx"".
2023-02-07 11:01:47.241 &amp#27;[32m INFO&amp#27;[m &amp#27;[35m[@503 - main]&amp#27;[m &amp#27;[36mcom.shaft.tools.io.ReportManager&amp#27;[m : Successfully created attachment "Test Data - Excel"
2023-02-07 11:01:47.241 &amp#27;[32m INFO&amp#27;[m &amp#27;[35m[@503 - main]&amp#27;[m &amp#27;[36mcom.shaft.tools.io.ReportManager&amp#27;[m : File Action "DoesFileExist" successfully performed. With the following test data "File Path: "SteeringCompanyAPI_TestData/SteeringCompanyAPI_TestData.xlsx"".
2023-02-07 11:01:47.254 &amp#27;[32m INFO&amp#27;[m &amp#27;[35m[@503 - main]&amp#27;[m &amp#27;[36mcom.shaft.tools.io.ReportManager&amp#27;[m : Successfully created attachment "Test Data - Excel"
2023-02-07 11:01:48.166 &amp#27;[32m INFO&amp#27;[m &amp#27;[35m[@503 - main]&amp#27;[m &amp#27;[36mcom.shaft.tools.io.ReportManager&amp#27;[m : Response status code: "422", status line: "HTTP/1.1 422 "
2023-02-07 11:01:48.175 &amp#27;[32m INFO&amp#27;[m &amp#27;[35m[@503 - main]&amp#27;[m &amp#27;[36mcom.shaft.tools.io.ReportManager&amp#27;[m : Successfully created attachment "API Request - Specifications"
2023-02-07 11:01:48.178 &amp#27;[32m INFO&amp#27;[m &amp#27;[35m[@503 - main]&amp#27;[m &amp#27;[36mcom.shaft.tools.io.ReportManager&amp#27;[m : Successfully created attachment "API Request - JSON Body"
2023-02-07 11:01:48.178 &amp#27;[32m INFO&amp#27;[m &amp#27;[35m[@503 - main]&amp#27;[m &amp#27;[36mcom.shaft.tools.io.ReportManager&amp#27;[m : Successfully created attachment "API Response - JSON Body"
2023-02-07 11:01:48.179 &amp#27;[32m INFO&amp#27;[m &amp#27;[35m[@503 - main]&amp#27;[m &amp#27;[36mcom.shaft.tools.io.ReportManager&amp#27;[m : File Action "DoesFileExist" successfully performed. With the following test data "File Path: "Schemas/ValidationError_schema.json"".
2023-02-07 11:01:48.179 &amp#27;[32m INFO&amp#27;[m &amp#27;[35m[@503 - main]&amp#27;[m &amp#27;[36mcom.shaft.tools.io.ReportManager&amp#27;[m : File Action "DoesFileExist" successfully performed. With the following test data "File Path: "src/test/resources/testDataFiles/Schemas/ValidationError_schema.json"".
2023-02-07 11:01:48.179 &amp#27;[32m INFO&amp#27;[m &amp#27;[35m[@503 - main]&amp#27;[m &amp#27;[36mcom.shaft.tools.io.ReportManager&amp#27;[m : File Action "GetAbsolutePath" successfully performed. With the following test data "Relative Folder Path: "src/test/resources/testDataFiles/Schemas/ValidationError_schema.json"".
2023-02-07 11:01:48.180 &amp#27;[32m INFO&amp#27;[m &amp#27;[35m[@503 - main]&amp#27;[m &amp#27;[36mcom.shaft.tools.io.ReportManager&amp#27;[m : File Action "DoesFileExist" successfully performed. With the following test data "File Path: "C:\eclipse-workspace\MyProjects\TASystemsAPIs\src\test\resources\testDataFiles\Schemas\ValidationError_schema.json"".
2023-02-07 11:01:48.180 &amp#27;[32m INFO&amp#27;[m &amp#27;[35m[@503 - main]&amp#27;[m &amp#27;[36mcom.shaft.tools.io.ReportManager&amp#27;[m : File Action "GetAbsolutePath" successfully performed. With the following test data "Relative Folder Path: "C:\eclipse-workspace\MyProjects\TASystemsAPIs\src\test\resources\testDataFiles\Schemas\ValidationError_schema.json"".
2023-02-07 11:01:48.180 &amp#27;[32m INFO&amp#27;[m &amp#27;[35m[@503 - main]&amp#27;[m &amp#27;[36mcom.shaft.tools.io.ReportManager&amp#27;[m : File Action "ReadFile" successfully performed. With the following test data "File Path: "C:\eclipse-workspace\MyProjects\TASystemsAPIs\src\test\resources\testDataFiles\Schemas\ValidationError_schema.json"".
2023-02-07 11:01:48.181 &amp#27;[32m INFO&amp#27;[m &amp#27;[35m[@503 - main]&amp#27;[m &amp#27;[36mcom.shaft.tools.io.ReportManager&amp#27;[m : Successfully created attachment "Validation Test Data - Expected JSON Value"
2023-02-07 11:01:48.182 &amp#27;[32m INFO&amp#27;[m &amp#27;[35m[@503 - main]&amp#27;[m &amp#27;[36mcom.shaft.tools.io.ReportManager&amp#27;[m : Successfully created attachment "Validation Test Data - Actual JSON Value"
2023-02-07 11:01:48.183 &amp#27;[32m INFO&amp#27;[m &amp#27;[35m[@503 - main]&amp#27;[m &amp#27;[36mcom.shaft.tools.io.ReportManager&amp#27;[m : Successfully created attachment "SHAFT Engine Logs - Current Method log: Update_Policy_With_InValid_data_TC"
]]></system-out>
  </testcase>
  <testcase name="Update_Policy_With_InValid_data_TC[[Ljava.lang.Object;@3a2df8d1](22)" classname="SteeringCompanyAPI_TestCases.Test_Policies_Cases" time="1.214">
    <system-out><![CDATA[2023-02-07 11:01:48.184 &amp#27;[32m INFO&amp#27;[m &amp#27;[35m[@534 - main]&amp#27;[m &amp#27;[36mcom.shaft.tools.io.ReportManager&amp#27;[m : 
################################################################################################################################################
Starting Execution:	"300 out of 107" test cases in the current suite
Test Method:		"SteeringCompanyAPI_TestCases.Test_Policies_Cases.Update_Policy_With_InValid_data_TC"
Test Description:	"TC053 -Policy- Perform Update Policy with InValid data"
################################################################################################################################################
2023-02-07 11:01:48.185 &amp#27;[32m INFO&amp#27;[m &amp#27;[35m[@503 - main]&amp#27;[m &amp#27;[36mcom.shaft.tools.io.ReportManager&amp#27;[m : File Action "DoesFileExist" successfully performed. With the following test data "File Path: "SteeringCompanyAPI_TestData/SteeringCompanyAPI_TestData.xlsx"".
2023-02-07 11:01:48.197 &amp#27;[32m INFO&amp#27;[m &amp#27;[35m[@503 - main]&amp#27;[m &amp#27;[36mcom.shaft.tools.io.ReportManager&amp#27;[m : Successfully created attachment "Test Data - Excel"
2023-02-07 11:01:48.811 &amp#27;[32m INFO&amp#27;[m &amp#27;[35m[@503 - main]&amp#27;[m &amp#27;[36mcom.shaft.tools.io.ReportManager&amp#27;[m : Response status code: "200", status line: "HTTP/1.1 200 OK"
2023-02-07 11:01:48.819 &amp#27;[32m INFO&amp#27;[m &amp#27;[35m[@503 - main]&amp#27;[m &amp#27;[36mcom.shaft.tools.io.ReportManager&amp#27;[m : Successfully created attachment "API Request - Specifications"
2023-02-07 11:01:48.821 &amp#27;[32m INFO&amp#27;[m &amp#27;[35m[@503 - main]&amp#27;[m &amp#27;[36mcom.shaft.tools.io.ReportManager&amp#27;[m : Successfully created attachment "API Request - Body"
2023-02-07 11:01:48.822 &amp#27;[32m INFO&amp#27;[m &amp#27;[35m[@503 - main]&amp#27;[m &amp#27;[36mcom.shaft.tools.io.ReportManager&amp#27;[m : Successfully created attachment "API Response - JSON Body"
2023-02-07 11:01:48.827 &amp#27;[32m INFO&amp#27;[m &amp#27;[35m[@503 - main]&amp#27;[m &amp#27;[36mcom.shaft.tools.io.ReportManager&amp#27;[m : File Action "DoesFileExist" successfully performed. With the following test data "File Path: "SteeringCompanyAPI_TestData/SteeringCompanyAPI_TestData.xlsx"".
2023-02-07 11:01:48.840 &amp#27;[32m INFO&amp#27;[m &amp#27;[35m[@503 - main]&amp#27;[m &amp#27;[36mcom.shaft.tools.io.ReportManager&amp#27;[m : Successfully created attachment "Test Data - Excel"
2023-02-07 11:01:48.840 &amp#27;[32m INFO&amp#27;[m &amp#27;[35m[@503 - main]&amp#27;[m &amp#27;[36mcom.shaft.tools.io.ReportManager&amp#27;[m : File Action "DoesFileExist" successfully performed. With the following test data "File Path: "SteeringCompanyAPI_TestData/SteeringCompanyAPI_TestData.xlsx"".
2023-02-07 11:01:48.855 &amp#27;[32m INFO&amp#27;[m &amp#27;[35m[@503 - main]&amp#27;[m &amp#27;[36mcom.shaft.tools.io.ReportManager&amp#27;[m : Successfully created attachment "Test Data - Excel"
2023-02-07 11:01:48.855 &amp#27;[32m INFO&amp#27;[m &amp#27;[35m[@503 - main]&amp#27;[m &amp#27;[36mcom.shaft.tools.io.ReportManager&amp#27;[m : File Action "DoesFileExist" successfully performed. With the following test data "File Path: "SteeringCompanyAPI_TestData/SteeringCompanyAPI_TestData.xlsx"".
2023-02-07 11:01:48.869 &amp#27;[32m INFO&amp#27;[m &amp#27;[35m[@503 - main]&amp#27;[m &amp#27;[36mcom.shaft.tools.io.ReportManager&amp#27;[m : Successfully created attachment "Test Data - Excel"
2023-02-07 11:01:49.379 &amp#27;[32m INFO&amp#27;[m &amp#27;[35m[@503 - main]&amp#27;[m &amp#27;[36mcom.shaft.tools.io.ReportManager&amp#27;[m : Response status code: "422", status line: "HTTP/1.1 422 "
2023-02-07 11:01:49.391 &amp#27;[32m INFO&amp#27;[m &amp#27;[35m[@503 - main]&amp#27;[m &amp#27;[36mcom.shaft.tools.io.ReportManager&amp#27;[m : Successfully created attachment "API Request - Specifications"
2023-02-07 11:01:49.392 &amp#27;[32m INFO&amp#27;[m &amp#27;[35m[@503 - main]&amp#27;[m &amp#27;[36mcom.shaft.tools.io.ReportManager&amp#27;[m : Successfully created attachment "API Request - JSON Body"
2023-02-07 11:01:49.392 &amp#27;[32m INFO&amp#27;[m &amp#27;[35m[@503 - main]&amp#27;[m &amp#27;[36mcom.shaft.tools.io.ReportManager&amp#27;[m : Successfully created attachment "API Response - JSON Body"
2023-02-07 11:01:49.393 &amp#27;[32m INFO&amp#27;[m &amp#27;[35m[@503 - main]&amp#27;[m &amp#27;[36mcom.shaft.tools.io.ReportManager&amp#27;[m : File Action "DoesFileExist" successfully performed. With the following test data "File Path: "Schemas/ValidationError_schema.json"".
2023-02-07 11:01:49.393 &amp#27;[32m INFO&amp#27;[m &amp#27;[35m[@503 - main]&amp#27;[m &amp#27;[36mcom.shaft.tools.io.ReportManager&amp#27;[m : File Action "DoesFileExist" successfully performed. With the following test data "File Path: "src/test/resources/testDataFiles/Schemas/ValidationError_schema.json"".
2023-02-07 11:01:49.393 &amp#27;[32m INFO&amp#27;[m &amp#27;[35m[@503 - main]&amp#27;[m &amp#27;[36mcom.shaft.tools.io.ReportManager&amp#27;[m : File Action "GetAbsolutePath" successfully performed. With the following test data "Relative Folder Path: "src/test/resources/testDataFiles/Schemas/ValidationError_schema.json"".
2023-02-07 11:01:49.394 &amp#27;[32m INFO&amp#27;[m &amp#27;[35m[@503 - main]&amp#27;[m &amp#27;[36mcom.shaft.tools.io.ReportManager&amp#27;[m : File Action "DoesFileExist" successfully performed. With the following test data "File Path: "C:\eclipse-workspace\MyProjects\TASystemsAPIs\src\test\resources\testDataFiles\Schemas\ValidationError_schema.json"".
2023-02-07 11:01:49.394 &amp#27;[32m INFO&amp#27;[m &amp#27;[35m[@503 - main]&amp#27;[m &amp#27;[36mcom.shaft.tools.io.ReportManager&amp#27;[m : File Action "GetAbsolutePath" successfully performed. With the following test data "Relative Folder Path: "C:\eclipse-workspace\MyProjects\TASystemsAPIs\src\test\resources\testDataFiles\Schemas\ValidationError_schema.json"".
2023-02-07 11:01:49.394 &amp#27;[32m INFO&amp#27;[m &amp#27;[35m[@503 - main]&amp#27;[m &amp#27;[36mcom.shaft.tools.io.ReportManager&amp#27;[m : File Action "ReadFile" successfully performed. With the following test data "File Path: "C:\eclipse-workspace\MyProjects\TASystemsAPIs\src\test\resources\testDataFiles\Schemas\ValidationError_schema.json"".
2023-02-07 11:01:49.395 &amp#27;[32m INFO&amp#27;[m &amp#27;[35m[@503 - main]&amp#27;[m &amp#27;[36mcom.shaft.tools.io.ReportManager&amp#27;[m : Successfully created attachment "Validation Test Data - Expected JSON Value"
2023-02-07 11:01:49.396 &amp#27;[32m INFO&amp#27;[m &amp#27;[35m[@503 - main]&amp#27;[m &amp#27;[36mcom.shaft.tools.io.ReportManager&amp#27;[m : Successfully created attachment "Validation Test Data - Actual JSON Value"
2023-02-07 11:01:49.397 &amp#27;[32m INFO&amp#27;[m &amp#27;[35m[@503 - main]&amp#27;[m &amp#27;[36mcom.shaft.tools.io.ReportManager&amp#27;[m : Successfully created attachment "SHAFT Engine Logs - Current Method log: Update_Policy_With_InValid_data_TC"
]]></system-out>
  </testcase>
  <testcase name="Update_Policy_With_InValid_data_TC[[Ljava.lang.Object;@5db2d752](23)" classname="SteeringCompanyAPI_TestCases.Test_Policies_Cases" time="1.812">
    <system-out><![CDATA[2023-02-07 11:01:49.398 &amp#27;[32m INFO&amp#27;[m &amp#27;[35m[@534 - main]&amp#27;[m &amp#27;[36mcom.shaft.tools.io.ReportManager&amp#27;[m : 
################################################################################################################################################
Starting Execution:	"301 out of 107" test cases in the current suite
Test Method:		"SteeringCompanyAPI_TestCases.Test_Policies_Cases.Update_Policy_With_InValid_data_TC"
Test Description:	"TC053 -Policy- Perform Update Policy with InValid data"
################################################################################################################################################
2023-02-07 11:01:49.399 &amp#27;[32m INFO&amp#27;[m &amp#27;[35m[@503 - main]&amp#27;[m &amp#27;[36mcom.shaft.tools.io.ReportManager&amp#27;[m : File Action "DoesFileExist" successfully performed. With the following test data "File Path: "SteeringCompanyAPI_TestData/SteeringCompanyAPI_TestData.xlsx"".
2023-02-07 11:01:49.412 &amp#27;[32m INFO&amp#27;[m &amp#27;[35m[@503 - main]&amp#27;[m &amp#27;[36mcom.shaft.tools.io.ReportManager&amp#27;[m : Successfully created attachment "Test Data - Excel"
2023-02-07 11:01:50.418 &amp#27;[32m INFO&amp#27;[m &amp#27;[35m[@503 - main]&amp#27;[m &amp#27;[36mcom.shaft.tools.io.ReportManager&amp#27;[m : Response status code: "200", status line: "HTTP/1.1 200 OK"
2023-02-07 11:01:50.429 &amp#27;[32m INFO&amp#27;[m &amp#27;[35m[@503 - main]&amp#27;[m &amp#27;[36mcom.shaft.tools.io.ReportManager&amp#27;[m : Successfully created attachment "API Request - Specifications"
2023-02-07 11:01:50.429 &amp#27;[32m INFO&amp#27;[m &amp#27;[35m[@503 - main]&amp#27;[m &amp#27;[36mcom.shaft.tools.io.ReportManager&amp#27;[m : Successfully created attachment "API Request - Body"
2023-02-07 11:01:50.429 &amp#27;[32m INFO&amp#27;[m &amp#27;[35m[@503 - main]&amp#27;[m &amp#27;[36mcom.shaft.tools.io.ReportManager&amp#27;[m : Successfully created attachment "API Response - JSON Body"
2023-02-07 11:01:50.435 &amp#27;[32m INFO&amp#27;[m &amp#27;[35m[@503 - main]&amp#27;[m &amp#27;[36mcom.shaft.tools.io.ReportManager&amp#27;[m : File Action "DoesFileExist" successfully performed. With the following test data "File Path: "SteeringCompanyAPI_TestData/SteeringCompanyAPI_TestData.xlsx"".
2023-02-07 11:01:50.449 &amp#27;[32m INFO&amp#27;[m &amp#27;[35m[@503 - main]&amp#27;[m &amp#27;[36mcom.shaft.tools.io.ReportManager&amp#27;[m : Successfully created attachment "Test Data - Excel"
2023-02-07 11:01:50.450 &amp#27;[32m INFO&amp#27;[m &amp#27;[35m[@503 - main]&amp#27;[m &amp#27;[36mcom.shaft.tools.io.ReportManager&amp#27;[m : File Action "DoesFileExist" successfully performed. With the following test data "File Path: "SteeringCompanyAPI_TestData/SteeringCompanyAPI_TestData.xlsx"".
2023-02-07 11:01:50.463 &amp#27;[32m INFO&amp#27;[m &amp#27;[35m[@503 - main]&amp#27;[m &amp#27;[36mcom.shaft.tools.io.ReportManager&amp#27;[m : Successfully created attachment "Test Data - Excel"
2023-02-07 11:01:50.463 &amp#27;[32m INFO&amp#27;[m &amp#27;[35m[@503 - main]&amp#27;[m &amp#27;[36mcom.shaft.tools.io.ReportManager&amp#27;[m : File Action "DoesFileExist" successfully performed. With the following test data "File Path: "SteeringCompanyAPI_TestData/SteeringCompanyAPI_TestData.xlsx"".
2023-02-07 11:01:50.485 &amp#27;[32m INFO&amp#27;[m &amp#27;[35m[@503 - main]&amp#27;[m &amp#27;[36mcom.shaft.tools.io.ReportManager&amp#27;[m : Successfully created attachment "Test Data - Excel"
2023-02-07 11:01:51.193 &amp#27;[32m INFO&amp#27;[m &amp#27;[35m[@503 - main]&amp#27;[m &amp#27;[36mcom.shaft.tools.io.ReportManager&amp#27;[m : Response status code: "422", status line: "HTTP/1.1 422 "
2023-02-07 11:01:51.202 &amp#27;[32m INFO&amp#27;[m &amp#27;[35m[@503 - main]&amp#27;[m &amp#27;[36mcom.shaft.tools.io.ReportManager&amp#27;[m : Successfully created attachment "API Request - Specifications"
2023-02-07 11:01:51.203 &amp#27;[32m INFO&amp#27;[m &amp#27;[35m[@503 - main]&amp#27;[m &amp#27;[36mcom.shaft.tools.io.ReportManager&amp#27;[m : Successfully created attachment "API Request - JSON Body"
2023-02-07 11:01:51.203 &amp#27;[32m INFO&amp#27;[m &amp#27;[35m[@503 - main]&amp#27;[m &amp#27;[36mcom.shaft.tools.io.ReportManager&amp#27;[m : Successfully created attachment "API Response - JSON Body"
2023-02-07 11:01:51.204 &amp#27;[32m INFO&amp#27;[m &amp#27;[35m[@503 - main]&amp#27;[m &amp#27;[36mcom.shaft.tools.io.ReportManager&amp#27;[m : File Action "DoesFileExist" successfully performed. With the following test data "File Path: "Schemas/ValidationError_schema.json"".
2023-02-07 11:01:51.204 &amp#27;[32m INFO&amp#27;[m &amp#27;[35m[@503 - main]&amp#27;[m &amp#27;[36mcom.shaft.tools.io.ReportManager&amp#27;[m : File Action "DoesFileExist" successfully performed. With the following test data "File Path: "src/test/resources/testDataFiles/Schemas/ValidationError_schema.json"".
2023-02-07 11:01:51.204 &amp#27;[32m INFO&amp#27;[m &amp#27;[35m[@503 - main]&amp#27;[m &amp#27;[36mcom.shaft.tools.io.ReportManager&amp#27;[m : File Action "GetAbsolutePath" successfully performed. With the following test data "Relative Folder Path: "src/test/resources/testDataFiles/Schemas/ValidationError_schema.json"".
2023-02-07 11:01:51.205 &amp#27;[32m INFO&amp#27;[m &amp#27;[35m[@503 - main]&amp#27;[m &amp#27;[36mcom.shaft.tools.io.ReportManager&amp#27;[m : File Action "DoesFileExist" successfully performed. With the following test data "File Path: "C:\eclipse-workspace\MyProjects\TASystemsAPIs\src\test\resources\testDataFiles\Schemas\ValidationError_schema.json"".
2023-02-07 11:01:51.205 &amp#27;[32m INFO&amp#27;[m &amp#27;[35m[@503 - main]&amp#27;[m &amp#27;[36mcom.shaft.tools.io.ReportManager&amp#27;[m : File Action "GetAbsolutePath" successfully performed. With the following test data "Relative Folder Path: "C:\eclipse-workspace\MyProjects\TASystemsAPIs\src\test\resources\testDataFiles\Schemas\ValidationError_schema.json"".
2023-02-07 11:01:51.206 &amp#27;[32m INFO&amp#27;[m &amp#27;[35m[@503 - main]&amp#27;[m &amp#27;[36mcom.shaft.tools.io.ReportManager&amp#27;[m : File Action "ReadFile" successfully performed. With the following test data "File Path: "C:\eclipse-workspace\MyProjects\TASystemsAPIs\src\test\resources\testDataFiles\Schemas\ValidationError_schema.json"".
2023-02-07 11:01:51.207 &amp#27;[32m INFO&amp#27;[m &amp#27;[35m[@503 - main]&amp#27;[m &amp#27;[36mcom.shaft.tools.io.ReportManager&amp#27;[m : Successfully created attachment "Validation Test Data - Expected JSON Value"
2023-02-07 11:01:51.208 &amp#27;[32m INFO&amp#27;[m &amp#27;[35m[@503 - main]&amp#27;[m &amp#27;[36mcom.shaft.tools.io.ReportManager&amp#27;[m : Successfully created attachment "Validation Test Data - Actual JSON Value"
2023-02-07 11:01:51.209 &amp#27;[32m INFO&amp#27;[m &amp#27;[35m[@503 - main]&amp#27;[m &amp#27;[36mcom.shaft.tools.io.ReportManager&amp#27;[m : Successfully created attachment "SHAFT Engine Logs - Current Method log: Update_Policy_With_InValid_data_TC"
]]></system-out>
  </testcase>
  <testcase name="Update_Policy_With_InValid_data_TC[[Ljava.lang.Object;@7f05accb](24)" classname="SteeringCompanyAPI_TestCases.Test_Policies_Cases" time="2.456">
    <system-out><![CDATA[2023-02-07 11:01:51.211 &amp#27;[32m INFO&amp#27;[m &amp#27;[35m[@534 - main]&amp#27;[m &amp#27;[36mcom.shaft.tools.io.ReportManager&amp#27;[m : 
################################################################################################################################################
Starting Execution:	"302 out of 107" test cases in the current suite
Test Method:		"SteeringCompanyAPI_TestCases.Test_Policies_Cases.Update_Policy_With_InValid_data_TC"
Test Description:	"TC053 -Policy- Perform Update Policy with InValid data"
################################################################################################################################################
2023-02-07 11:01:51.211 &amp#27;[32m INFO&amp#27;[m &amp#27;[35m[@503 - main]&amp#27;[m &amp#27;[36mcom.shaft.tools.io.ReportManager&amp#27;[m : File Action "DoesFileExist" successfully performed. With the following test data "File Path: "SteeringCompanyAPI_TestData/SteeringCompanyAPI_TestData.xlsx"".
2023-02-07 11:01:51.225 &amp#27;[32m INFO&amp#27;[m &amp#27;[35m[@503 - main]&amp#27;[m &amp#27;[36mcom.shaft.tools.io.ReportManager&amp#27;[m : Successfully created attachment "Test Data - Excel"
2023-02-07 11:01:52.034 &amp#27;[32m INFO&amp#27;[m &amp#27;[35m[@503 - main]&amp#27;[m &amp#27;[36mcom.shaft.tools.io.ReportManager&amp#27;[m : Response status code: "200", status line: "HTTP/1.1 200 OK"
2023-02-07 11:01:52.043 &amp#27;[32m INFO&amp#27;[m &amp#27;[35m[@503 - main]&amp#27;[m &amp#27;[36mcom.shaft.tools.io.ReportManager&amp#27;[m : Successfully created attachment "API Request - Specifications"
2023-02-07 11:01:52.044 &amp#27;[32m INFO&amp#27;[m &amp#27;[35m[@503 - main]&amp#27;[m &amp#27;[36mcom.shaft.tools.io.ReportManager&amp#27;[m : Successfully created attachment "API Request - Body"
2023-02-07 11:01:52.047 &amp#27;[32m INFO&amp#27;[m &amp#27;[35m[@503 - main]&amp#27;[m &amp#27;[36mcom.shaft.tools.io.ReportManager&amp#27;[m : Successfully created attachment "API Response - JSON Body"
2023-02-07 11:01:52.052 &amp#27;[32m INFO&amp#27;[m &amp#27;[35m[@503 - main]&amp#27;[m &amp#27;[36mcom.shaft.tools.io.ReportManager&amp#27;[m : File Action "DoesFileExist" successfully performed. With the following test data "File Path: "SteeringCompanyAPI_TestData/SteeringCompanyAPI_TestData.xlsx"".
2023-02-07 11:01:52.066 &amp#27;[32m INFO&amp#27;[m &amp#27;[35m[@503 - main]&amp#27;[m &amp#27;[36mcom.shaft.tools.io.ReportManager&amp#27;[m : Successfully created attachment "Test Data - Excel"
2023-02-07 11:01:52.067 &amp#27;[32m INFO&amp#27;[m &amp#27;[35m[@503 - main]&amp#27;[m &amp#27;[36mcom.shaft.tools.io.ReportManager&amp#27;[m : File Action "DoesFileExist" successfully performed. With the following test data "File Path: "SteeringCompanyAPI_TestData/SteeringCompanyAPI_TestData.xlsx"".
2023-02-07 11:01:52.082 &amp#27;[32m INFO&amp#27;[m &amp#27;[35m[@503 - main]&amp#27;[m &amp#27;[36mcom.shaft.tools.io.ReportManager&amp#27;[m : Successfully created attachment "Test Data - Excel"
2023-02-07 11:01:52.082 &amp#27;[32m INFO&amp#27;[m &amp#27;[35m[@503 - main]&amp#27;[m &amp#27;[36mcom.shaft.tools.io.ReportManager&amp#27;[m : File Action "DoesFileExist" successfully performed. With the following test data "File Path: "SteeringCompanyAPI_TestData/SteeringCompanyAPI_TestData.xlsx"".
2023-02-07 11:01:52.096 &amp#27;[32m INFO&amp#27;[m &amp#27;[35m[@503 - main]&amp#27;[m &amp#27;[36mcom.shaft.tools.io.ReportManager&amp#27;[m : Successfully created attachment "Test Data - Excel"
2023-02-07 11:01:53.648 &amp#27;[32m INFO&amp#27;[m &amp#27;[35m[@503 - main]&amp#27;[m &amp#27;[36mcom.shaft.tools.io.ReportManager&amp#27;[m : Response status code: "422", status line: "HTTP/1.1 422 "
2023-02-07 11:01:53.657 &amp#27;[32m INFO&amp#27;[m &amp#27;[35m[@503 - main]&amp#27;[m &amp#27;[36mcom.shaft.tools.io.ReportManager&amp#27;[m : Successfully created attachment "API Request - Specifications"
2023-02-07 11:01:53.657 &amp#27;[32m INFO&amp#27;[m &amp#27;[35m[@503 - main]&amp#27;[m &amp#27;[36mcom.shaft.tools.io.ReportManager&amp#27;[m : Successfully created attachment "API Request - JSON Body"
2023-02-07 11:01:53.658 &amp#27;[32m INFO&amp#27;[m &amp#27;[35m[@503 - main]&amp#27;[m &amp#27;[36mcom.shaft.tools.io.ReportManager&amp#27;[m : Successfully created attachment "API Response - JSON Body"
2023-02-07 11:01:53.658 &amp#27;[32m INFO&amp#27;[m &amp#27;[35m[@503 - main]&amp#27;[m &amp#27;[36mcom.shaft.tools.io.ReportManager&amp#27;[m : File Action "DoesFileExist" successfully performed. With the following test data "File Path: "Schemas/ValidationError_schema.json"".
2023-02-07 11:01:53.658 &amp#27;[32m INFO&amp#27;[m &amp#27;[35m[@503 - main]&amp#27;[m &amp#27;[36mcom.shaft.tools.io.ReportManager&amp#27;[m : File Action "DoesFileExist" successfully performed. With the following test data "File Path: "src/test/resources/testDataFiles/Schemas/ValidationError_schema.json"".
2023-02-07 11:01:53.658 &amp#27;[32m INFO&amp#27;[m &amp#27;[35m[@503 - main]&amp#27;[m &amp#27;[36mcom.shaft.tools.io.ReportManager&amp#27;[m : File Action "GetAbsolutePath" successfully performed. With the following test data "Relative Folder Path: "src/test/resources/testDataFiles/Schemas/ValidationError_schema.json"".
2023-02-07 11:01:53.660 &amp#27;[32m INFO&amp#27;[m &amp#27;[35m[@503 - main]&amp#27;[m &amp#27;[36mcom.shaft.tools.io.ReportManager&amp#27;[m : File Action "DoesFileExist" successfully performed. With the following test data "File Path: "C:\eclipse-workspace\MyProjects\TASystemsAPIs\src\test\resources\testDataFiles\Schemas\ValidationError_schema.json"".
2023-02-07 11:01:53.660 &amp#27;[32m INFO&amp#27;[m &amp#27;[35m[@503 - main]&amp#27;[m &amp#27;[36mcom.shaft.tools.io.ReportManager&amp#27;[m : File Action "GetAbsolutePath" successfully performed. With the following test data "Relative Folder Path: "C:\eclipse-workspace\MyProjects\TASystemsAPIs\src\test\resources\testDataFiles\Schemas\ValidationError_schema.json"".
2023-02-07 11:01:53.661 &amp#27;[32m INFO&amp#27;[m &amp#27;[35m[@503 - main]&amp#27;[m &amp#27;[36mcom.shaft.tools.io.ReportManager&amp#27;[m : File Action "ReadFile" successfully performed. With the following test data "File Path: "C:\eclipse-workspace\MyProjects\TASystemsAPIs\src\test\resources\testDataFiles\Schemas\ValidationError_schema.json"".
2023-02-07 11:01:53.664 &amp#27;[32m INFO&amp#27;[m &amp#27;[35m[@503 - main]&amp#27;[m &amp#27;[36mcom.shaft.tools.io.ReportManager&amp#27;[m : Successfully created attachment "Validation Test Data - Expected JSON Value"
2023-02-07 11:01:53.664 &amp#27;[32m INFO&amp#27;[m &amp#27;[35m[@503 - main]&amp#27;[m &amp#27;[36mcom.shaft.tools.io.ReportManager&amp#27;[m : Successfully created attachment "Validation Test Data - Actual JSON Value"
2023-02-07 11:01:53.665 &amp#27;[32m INFO&amp#27;[m &amp#27;[35m[@503 - main]&amp#27;[m &amp#27;[36mcom.shaft.tools.io.ReportManager&amp#27;[m : Successfully created attachment "SHAFT Engine Logs - Current Method log: Update_Policy_With_InValid_data_TC"
]]></system-out>
  </testcase>
  <testcase name="Update_Policy_With_InValid_data_TC[[Ljava.lang.Object;@40d8b470](25)" classname="SteeringCompanyAPI_TestCases.Test_Policies_Cases" time="1.299">
    <system-out><![CDATA[2023-02-07 11:01:53.667 &amp#27;[32m INFO&amp#27;[m &amp#27;[35m[@534 - main]&amp#27;[m &amp#27;[36mcom.shaft.tools.io.ReportManager&amp#27;[m : 
################################################################################################################################################
Starting Execution:	"303 out of 107" test cases in the current suite
Test Method:		"SteeringCompanyAPI_TestCases.Test_Policies_Cases.Update_Policy_With_InValid_data_TC"
Test Description:	"TC053 -Policy- Perform Update Policy with InValid data"
################################################################################################################################################
2023-02-07 11:01:53.667 &amp#27;[32m INFO&amp#27;[m &amp#27;[35m[@503 - main]&amp#27;[m &amp#27;[36mcom.shaft.tools.io.ReportManager&amp#27;[m : File Action "DoesFileExist" successfully performed. With the following test data "File Path: "SteeringCompanyAPI_TestData/SteeringCompanyAPI_TestData.xlsx"".
2023-02-07 11:01:53.681 &amp#27;[32m INFO&amp#27;[m &amp#27;[35m[@503 - main]&amp#27;[m &amp#27;[36mcom.shaft.tools.io.ReportManager&amp#27;[m : Successfully created attachment "Test Data - Excel"
2023-02-07 11:01:54.332 &amp#27;[32m INFO&amp#27;[m &amp#27;[35m[@503 - main]&amp#27;[m &amp#27;[36mcom.shaft.tools.io.ReportManager&amp#27;[m : Response status code: "200", status line: "HTTP/1.1 200 OK"
2023-02-07 11:01:54.342 &amp#27;[32m INFO&amp#27;[m &amp#27;[35m[@503 - main]&amp#27;[m &amp#27;[36mcom.shaft.tools.io.ReportManager&amp#27;[m : Successfully created attachment "API Request - Specifications"
2023-02-07 11:01:54.342 &amp#27;[32m INFO&amp#27;[m &amp#27;[35m[@503 - main]&amp#27;[m &amp#27;[36mcom.shaft.tools.io.ReportManager&amp#27;[m : Successfully created attachment "API Request - Body"
2023-02-07 11:01:54.343 &amp#27;[32m INFO&amp#27;[m &amp#27;[35m[@503 - main]&amp#27;[m &amp#27;[36mcom.shaft.tools.io.ReportManager&amp#27;[m : Successfully created attachment "API Response - JSON Body"
2023-02-07 11:01:54.348 &amp#27;[32m INFO&amp#27;[m &amp#27;[35m[@503 - main]&amp#27;[m &amp#27;[36mcom.shaft.tools.io.ReportManager&amp#27;[m : File Action "DoesFileExist" successfully performed. With the following test data "File Path: "SteeringCompanyAPI_TestData/SteeringCompanyAPI_TestData.xlsx"".
2023-02-07 11:01:54.364 &amp#27;[32m INFO&amp#27;[m &amp#27;[35m[@503 - main]&amp#27;[m &amp#27;[36mcom.shaft.tools.io.ReportManager&amp#27;[m : Successfully created attachment "Test Data - Excel"
2023-02-07 11:01:54.364 &amp#27;[32m INFO&amp#27;[m &amp#27;[35m[@503 - main]&amp#27;[m &amp#27;[36mcom.shaft.tools.io.ReportManager&amp#27;[m : File Action "DoesFileExist" successfully performed. With the following test data "File Path: "SteeringCompanyAPI_TestData/SteeringCompanyAPI_TestData.xlsx"".
2023-02-07 11:01:54.377 &amp#27;[32m INFO&amp#27;[m &amp#27;[35m[@503 - main]&amp#27;[m &amp#27;[36mcom.shaft.tools.io.ReportManager&amp#27;[m : Successfully created attachment "Test Data - Excel"
2023-02-07 11:01:54.377 &amp#27;[32m INFO&amp#27;[m &amp#27;[35m[@503 - main]&amp#27;[m &amp#27;[36mcom.shaft.tools.io.ReportManager&amp#27;[m : File Action "DoesFileExist" successfully performed. With the following test data "File Path: "SteeringCompanyAPI_TestData/SteeringCompanyAPI_TestData.xlsx"".
2023-02-07 11:01:54.392 &amp#27;[32m INFO&amp#27;[m &amp#27;[35m[@503 - main]&amp#27;[m &amp#27;[36mcom.shaft.tools.io.ReportManager&amp#27;[m : Successfully created attachment "Test Data - Excel"
2023-02-07 11:01:54.942 &amp#27;[32m INFO&amp#27;[m &amp#27;[35m[@503 - main]&amp#27;[m &amp#27;[36mcom.shaft.tools.io.ReportManager&amp#27;[m : Response status code: "422", status line: "HTTP/1.1 422 "
2023-02-07 11:01:54.953 &amp#27;[32m INFO&amp#27;[m &amp#27;[35m[@503 - main]&amp#27;[m &amp#27;[36mcom.shaft.tools.io.ReportManager&amp#27;[m : Successfully created attachment "API Request - Specifications"
2023-02-07 11:01:54.956 &amp#27;[32m INFO&amp#27;[m &amp#27;[35m[@503 - main]&amp#27;[m &amp#27;[36mcom.shaft.tools.io.ReportManager&amp#27;[m : Successfully created attachment "API Request - JSON Body"
2023-02-07 11:01:54.956 &amp#27;[32m INFO&amp#27;[m &amp#27;[35m[@503 - main]&amp#27;[m &amp#27;[36mcom.shaft.tools.io.ReportManager&amp#27;[m : Successfully created attachment "API Response - JSON Body"
2023-02-07 11:01:54.957 &amp#27;[32m INFO&amp#27;[m &amp#27;[35m[@503 - main]&amp#27;[m &amp#27;[36mcom.shaft.tools.io.ReportManager&amp#27;[m : File Action "DoesFileExist" successfully performed. With the following test data "File Path: "Schemas/ValidationError_schema.json"".
2023-02-07 11:01:54.957 &amp#27;[32m INFO&amp#27;[m &amp#27;[35m[@503 - main]&amp#27;[m &amp#27;[36mcom.shaft.tools.io.ReportManager&amp#27;[m : File Action "DoesFileExist" successfully performed. With the following test data "File Path: "src/test/resources/testDataFiles/Schemas/ValidationError_schema.json"".
2023-02-07 11:01:54.957 &amp#27;[32m INFO&amp#27;[m &amp#27;[35m[@503 - main]&amp#27;[m &amp#27;[36mcom.shaft.tools.io.ReportManager&amp#27;[m : File Action "GetAbsolutePath" successfully performed. With the following test data "Relative Folder Path: "src/test/resources/testDataFiles/Schemas/ValidationError_schema.json"".
2023-02-07 11:01:54.959 &amp#27;[32m INFO&amp#27;[m &amp#27;[35m[@503 - main]&amp#27;[m &amp#27;[36mcom.shaft.tools.io.ReportManager&amp#27;[m : File Action "DoesFileExist" successfully performed. With the following test data "File Path: "C:\eclipse-workspace\MyProjects\TASystemsAPIs\src\test\resources\testDataFiles\Schemas\ValidationError_schema.json"".
2023-02-07 11:01:54.959 &amp#27;[32m INFO&amp#27;[m &amp#27;[35m[@503 - main]&amp#27;[m &amp#27;[36mcom.shaft.tools.io.ReportManager&amp#27;[m : File Action "GetAbsolutePath" successfully performed. With the following test data "Relative Folder Path: "C:\eclipse-workspace\MyProjects\TASystemsAPIs\src\test\resources\testDataFiles\Schemas\ValidationError_schema.json"".
2023-02-07 11:01:54.959 &amp#27;[32m INFO&amp#27;[m &amp#27;[35m[@503 - main]&amp#27;[m &amp#27;[36mcom.shaft.tools.io.ReportManager&amp#27;[m : File Action "ReadFile" successfully performed. With the following test data "File Path: "C:\eclipse-workspace\MyProjects\TASystemsAPIs\src\test\resources\testDataFiles\Schemas\ValidationError_schema.json"".
2023-02-07 11:01:54.962 &amp#27;[32m INFO&amp#27;[m &amp#27;[35m[@503 - main]&amp#27;[m &amp#27;[36mcom.shaft.tools.io.ReportManager&amp#27;[m : Successfully created attachment "Validation Test Data - Expected JSON Value"
2023-02-07 11:01:54.962 &amp#27;[32m INFO&amp#27;[m &amp#27;[35m[@503 - main]&amp#27;[m &amp#27;[36mcom.shaft.tools.io.ReportManager&amp#27;[m : Successfully created attachment "Validation Test Data - Actual JSON Value"
2023-02-07 11:01:54.963 &amp#27;[32m INFO&amp#27;[m &amp#27;[35m[@503 - main]&amp#27;[m &amp#27;[36mcom.shaft.tools.io.ReportManager&amp#27;[m : Successfully created attachment "SHAFT Engine Logs - Current Method log: Update_Policy_With_InValid_data_TC"
]]></system-out>
  </testcase>
  <testcase name="Update_Policy_With_InValid_data_TC[[Ljava.lang.Object;@773df663](26)" classname="SteeringCompanyAPI_TestCases.Test_Policies_Cases" time="1.212">
    <system-out><![CDATA[2023-02-07 11:01:54.965 &amp#27;[32m INFO&amp#27;[m &amp#27;[35m[@534 - main]&amp#27;[m &amp#27;[36mcom.shaft.tools.io.ReportManager&amp#27;[m : 
################################################################################################################################################
Starting Execution:	"304 out of 107" test cases in the current suite
Test Method:		"SteeringCompanyAPI_TestCases.Test_Policies_Cases.Update_Policy_With_InValid_data_TC"
Test Description:	"TC053 -Policy- Perform Update Policy with InValid data"
################################################################################################################################################
2023-02-07 11:01:54.965 &amp#27;[32m INFO&amp#27;[m &amp#27;[35m[@503 - main]&amp#27;[m &amp#27;[36mcom.shaft.tools.io.ReportManager&amp#27;[m : File Action "DoesFileExist" successfully performed. With the following test data "File Path: "SteeringCompanyAPI_TestData/SteeringCompanyAPI_TestData.xlsx"".
2023-02-07 11:01:54.979 &amp#27;[32m INFO&amp#27;[m &amp#27;[35m[@503 - main]&amp#27;[m &amp#27;[36mcom.shaft.tools.io.ReportManager&amp#27;[m : Successfully created attachment "Test Data - Excel"
2023-02-07 11:01:55.605 &amp#27;[32m INFO&amp#27;[m &amp#27;[35m[@503 - main]&amp#27;[m &amp#27;[36mcom.shaft.tools.io.ReportManager&amp#27;[m : Response status code: "200", status line: "HTTP/1.1 200 OK"
2023-02-07 11:01:55.617 &amp#27;[32m INFO&amp#27;[m &amp#27;[35m[@503 - main]&amp#27;[m &amp#27;[36mcom.shaft.tools.io.ReportManager&amp#27;[m : Successfully created attachment "API Request - Specifications"
2023-02-07 11:01:55.618 &amp#27;[32m INFO&amp#27;[m &amp#27;[35m[@503 - main]&amp#27;[m &amp#27;[36mcom.shaft.tools.io.ReportManager&amp#27;[m : Successfully created attachment "API Request - Body"
2023-02-07 11:01:55.618 &amp#27;[32m INFO&amp#27;[m &amp#27;[35m[@503 - main]&amp#27;[m &amp#27;[36mcom.shaft.tools.io.ReportManager&amp#27;[m : Successfully created attachment "API Response - JSON Body"
2023-02-07 11:01:55.627 &amp#27;[32m INFO&amp#27;[m &amp#27;[35m[@503 - main]&amp#27;[m &amp#27;[36mcom.shaft.tools.io.ReportManager&amp#27;[m : File Action "DoesFileExist" successfully performed. With the following test data "File Path: "SteeringCompanyAPI_TestData/SteeringCompanyAPI_TestData.xlsx"".
2023-02-07 11:01:55.640 &amp#27;[32m INFO&amp#27;[m &amp#27;[35m[@503 - main]&amp#27;[m &amp#27;[36mcom.shaft.tools.io.ReportManager&amp#27;[m : Successfully created attachment "Test Data - Excel"
2023-02-07 11:01:55.641 &amp#27;[32m INFO&amp#27;[m &amp#27;[35m[@503 - main]&amp#27;[m &amp#27;[36mcom.shaft.tools.io.ReportManager&amp#27;[m : File Action "DoesFileExist" successfully performed. With the following test data "File Path: "SteeringCompanyAPI_TestData/SteeringCompanyAPI_TestData.xlsx"".
2023-02-07 11:01:55.655 &amp#27;[32m INFO&amp#27;[m &amp#27;[35m[@503 - main]&amp#27;[m &amp#27;[36mcom.shaft.tools.io.ReportManager&amp#27;[m : Successfully created attachment "Test Data - Excel"
2023-02-07 11:01:55.655 &amp#27;[32m INFO&amp#27;[m &amp#27;[35m[@503 - main]&amp#27;[m &amp#27;[36mcom.shaft.tools.io.ReportManager&amp#27;[m : File Action "DoesFileExist" successfully performed. With the following test data "File Path: "SteeringCompanyAPI_TestData/SteeringCompanyAPI_TestData.xlsx"".
2023-02-07 11:01:55.668 &amp#27;[32m INFO&amp#27;[m &amp#27;[35m[@503 - main]&amp#27;[m &amp#27;[36mcom.shaft.tools.io.ReportManager&amp#27;[m : Successfully created attachment "Test Data - Excel"
2023-02-07 11:01:56.159 &amp#27;[32m INFO&amp#27;[m &amp#27;[35m[@503 - main]&amp#27;[m &amp#27;[36mcom.shaft.tools.io.ReportManager&amp#27;[m : Response status code: "422", status line: "HTTP/1.1 422 "
2023-02-07 11:01:56.167 &amp#27;[32m INFO&amp#27;[m &amp#27;[35m[@503 - main]&amp#27;[m &amp#27;[36mcom.shaft.tools.io.ReportManager&amp#27;[m : Successfully created attachment "API Request - Specifications"
2023-02-07 11:01:56.168 &amp#27;[32m INFO&amp#27;[m &amp#27;[35m[@503 - main]&amp#27;[m &amp#27;[36mcom.shaft.tools.io.ReportManager&amp#27;[m : Successfully created attachment "API Request - JSON Body"
2023-02-07 11:01:56.171 &amp#27;[32m INFO&amp#27;[m &amp#27;[35m[@503 - main]&amp#27;[m &amp#27;[36mcom.shaft.tools.io.ReportManager&amp#27;[m : Successfully created attachment "API Response - JSON Body"
2023-02-07 11:01:56.172 &amp#27;[32m INFO&amp#27;[m &amp#27;[35m[@503 - main]&amp#27;[m &amp#27;[36mcom.shaft.tools.io.ReportManager&amp#27;[m : File Action "DoesFileExist" successfully performed. With the following test data "File Path: "Schemas/ValidationError_schema.json"".
2023-02-07 11:01:56.172 &amp#27;[32m INFO&amp#27;[m &amp#27;[35m[@503 - main]&amp#27;[m &amp#27;[36mcom.shaft.tools.io.ReportManager&amp#27;[m : File Action "DoesFileExist" successfully performed. With the following test data "File Path: "src/test/resources/testDataFiles/Schemas/ValidationError_schema.json"".
2023-02-07 11:01:56.172 &amp#27;[32m INFO&amp#27;[m &amp#27;[35m[@503 - main]&amp#27;[m &amp#27;[36mcom.shaft.tools.io.ReportManager&amp#27;[m : File Action "GetAbsolutePath" successfully performed. With the following test data "Relative Folder Path: "src/test/resources/testDataFiles/Schemas/ValidationError_schema.json"".
2023-02-07 11:01:56.173 &amp#27;[32m INFO&amp#27;[m &amp#27;[35m[@503 - main]&amp#27;[m &amp#27;[36mcom.shaft.tools.io.ReportManager&amp#27;[m : File Action "DoesFileExist" successfully performed. With the following test data "File Path: "C:\eclipse-workspace\MyProjects\TASystemsAPIs\src\test\resources\testDataFiles\Schemas\ValidationError_schema.json"".
2023-02-07 11:01:56.173 &amp#27;[32m INFO&amp#27;[m &amp#27;[35m[@503 - main]&amp#27;[m &amp#27;[36mcom.shaft.tools.io.ReportManager&amp#27;[m : File Action "GetAbsolutePath" successfully performed. With the following test data "Relative Folder Path: "C:\eclipse-workspace\MyProjects\TASystemsAPIs\src\test\resources\testDataFiles\Schemas\ValidationError_schema.json"".
2023-02-07 11:01:56.173 &amp#27;[32m INFO&amp#27;[m &amp#27;[35m[@503 - main]&amp#27;[m &amp#27;[36mcom.shaft.tools.io.ReportManager&amp#27;[m : File Action "ReadFile" successfully performed. With the following test data "File Path: "C:\eclipse-workspace\MyProjects\TASystemsAPIs\src\test\resources\testDataFiles\Schemas\ValidationError_schema.json"".
2023-02-07 11:01:56.174 &amp#27;[32m INFO&amp#27;[m &amp#27;[35m[@503 - main]&amp#27;[m &amp#27;[36mcom.shaft.tools.io.ReportManager&amp#27;[m : Successfully created attachment "Validation Test Data - Expected JSON Value"
2023-02-07 11:01:56.175 &amp#27;[32m INFO&amp#27;[m &amp#27;[35m[@503 - main]&amp#27;[m &amp#27;[36mcom.shaft.tools.io.ReportManager&amp#27;[m : Successfully created attachment "Validation Test Data - Actual JSON Value"
2023-02-07 11:01:56.175 &amp#27;[32m INFO&amp#27;[m &amp#27;[35m[@503 - main]&amp#27;[m &amp#27;[36mcom.shaft.tools.io.ReportManager&amp#27;[m : Successfully created attachment "SHAFT Engine Logs - Current Method log: Update_Policy_With_InValid_data_TC"
]]></system-out>
  </testcase>
  <testcase name="Update_Policy_With_InValid_data_TC[[Ljava.lang.Object;@7a5c4068](27)" classname="SteeringCompanyAPI_TestCases.Test_Policies_Cases" time="1.432">
    <system-out><![CDATA[2023-02-07 11:01:56.177 &amp#27;[32m INFO&amp#27;[m &amp#27;[35m[@534 - main]&amp#27;[m &amp#27;[36mcom.shaft.tools.io.ReportManager&amp#27;[m : 
################################################################################################################################################
Starting Execution:	"305 out of 107" test cases in the current suite
Test Method:		"SteeringCompanyAPI_TestCases.Test_Policies_Cases.Update_Policy_With_InValid_data_TC"
Test Description:	"TC053 -Policy- Perform Update Policy with InValid data"
################################################################################################################################################
2023-02-07 11:01:56.177 &amp#27;[32m INFO&amp#27;[m &amp#27;[35m[@503 - main]&amp#27;[m &amp#27;[36mcom.shaft.tools.io.ReportManager&amp#27;[m : File Action "DoesFileExist" successfully performed. With the following test data "File Path: "SteeringCompanyAPI_TestData/SteeringCompanyAPI_TestData.xlsx"".
2023-02-07 11:01:56.198 &amp#27;[32m INFO&amp#27;[m &amp#27;[35m[@503 - main]&amp#27;[m &amp#27;[36mcom.shaft.tools.io.ReportManager&amp#27;[m : Successfully created attachment "Test Data - Excel"
2023-02-07 11:01:56.819 &amp#27;[32m INFO&amp#27;[m &amp#27;[35m[@503 - main]&amp#27;[m &amp#27;[36mcom.shaft.tools.io.ReportManager&amp#27;[m : Response status code: "200", status line: "HTTP/1.1 200 OK"
2023-02-07 11:01:56.826 &amp#27;[32m INFO&amp#27;[m &amp#27;[35m[@503 - main]&amp#27;[m &amp#27;[36mcom.shaft.tools.io.ReportManager&amp#27;[m : Successfully created attachment "API Request - Specifications"
2023-02-07 11:01:56.828 &amp#27;[32m INFO&amp#27;[m &amp#27;[35m[@503 - main]&amp#27;[m &amp#27;[36mcom.shaft.tools.io.ReportManager&amp#27;[m : Successfully created attachment "API Request - Body"
2023-02-07 11:01:56.829 &amp#27;[32m INFO&amp#27;[m &amp#27;[35m[@503 - main]&amp#27;[m &amp#27;[36mcom.shaft.tools.io.ReportManager&amp#27;[m : Successfully created attachment "API Response - JSON Body"
2023-02-07 11:01:56.835 &amp#27;[32m INFO&amp#27;[m &amp#27;[35m[@503 - main]&amp#27;[m &amp#27;[36mcom.shaft.tools.io.ReportManager&amp#27;[m : File Action "DoesFileExist" successfully performed. With the following test data "File Path: "SteeringCompanyAPI_TestData/SteeringCompanyAPI_TestData.xlsx"".
2023-02-07 11:01:56.849 &amp#27;[32m INFO&amp#27;[m &amp#27;[35m[@503 - main]&amp#27;[m &amp#27;[36mcom.shaft.tools.io.ReportManager&amp#27;[m : Successfully created attachment "Test Data - Excel"
2023-02-07 11:01:56.849 &amp#27;[32m INFO&amp#27;[m &amp#27;[35m[@503 - main]&amp#27;[m &amp#27;[36mcom.shaft.tools.io.ReportManager&amp#27;[m : File Action "DoesFileExist" successfully performed. With the following test data "File Path: "SteeringCompanyAPI_TestData/SteeringCompanyAPI_TestData.xlsx"".
2023-02-07 11:01:56.862 &amp#27;[32m INFO&amp#27;[m &amp#27;[35m[@503 - main]&amp#27;[m &amp#27;[36mcom.shaft.tools.io.ReportManager&amp#27;[m : Successfully created attachment "Test Data - Excel"
2023-02-07 11:01:56.862 &amp#27;[32m INFO&amp#27;[m &amp#27;[35m[@503 - main]&amp#27;[m &amp#27;[36mcom.shaft.tools.io.ReportManager&amp#27;[m : File Action "DoesFileExist" successfully performed. With the following test data "File Path: "SteeringCompanyAPI_TestData/SteeringCompanyAPI_TestData.xlsx"".
2023-02-07 11:01:56.876 &amp#27;[32m INFO&amp#27;[m &amp#27;[35m[@503 - main]&amp#27;[m &amp#27;[36mcom.shaft.tools.io.ReportManager&amp#27;[m : Successfully created attachment "Test Data - Excel"
2023-02-07 11:01:57.592 &amp#27;[32m INFO&amp#27;[m &amp#27;[35m[@503 - main]&amp#27;[m &amp#27;[36mcom.shaft.tools.io.ReportManager&amp#27;[m : Response status code: "422", status line: "HTTP/1.1 422 "
2023-02-07 11:01:57.600 &amp#27;[32m INFO&amp#27;[m &amp#27;[35m[@503 - main]&amp#27;[m &amp#27;[36mcom.shaft.tools.io.ReportManager&amp#27;[m : Successfully created attachment "API Request - Specifications"
2023-02-07 11:01:57.601 &amp#27;[32m INFO&amp#27;[m &amp#27;[35m[@503 - main]&amp#27;[m &amp#27;[36mcom.shaft.tools.io.ReportManager&amp#27;[m : Successfully created attachment "API Request - JSON Body"
2023-02-07 11:01:57.601 &amp#27;[32m INFO&amp#27;[m &amp#27;[35m[@503 - main]&amp#27;[m &amp#27;[36mcom.shaft.tools.io.ReportManager&amp#27;[m : Successfully created attachment "API Response - JSON Body"
2023-02-07 11:01:57.602 &amp#27;[32m INFO&amp#27;[m &amp#27;[35m[@503 - main]&amp#27;[m &amp#27;[36mcom.shaft.tools.io.ReportManager&amp#27;[m : File Action "DoesFileExist" successfully performed. With the following test data "File Path: "Schemas/ValidationError_schema.json"".
2023-02-07 11:01:57.602 &amp#27;[32m INFO&amp#27;[m &amp#27;[35m[@503 - main]&amp#27;[m &amp#27;[36mcom.shaft.tools.io.ReportManager&amp#27;[m : File Action "DoesFileExist" successfully performed. With the following test data "File Path: "src/test/resources/testDataFiles/Schemas/ValidationError_schema.json"".
2023-02-07 11:01:57.602 &amp#27;[32m INFO&amp#27;[m &amp#27;[35m[@503 - main]&amp#27;[m &amp#27;[36mcom.shaft.tools.io.ReportManager&amp#27;[m : File Action "GetAbsolutePath" successfully performed. With the following test data "Relative Folder Path: "src/test/resources/testDataFiles/Schemas/ValidationError_schema.json"".
2023-02-07 11:01:57.603 &amp#27;[32m INFO&amp#27;[m &amp#27;[35m[@503 - main]&amp#27;[m &amp#27;[36mcom.shaft.tools.io.ReportManager&amp#27;[m : File Action "DoesFileExist" successfully performed. With the following test data "File Path: "C:\eclipse-workspace\MyProjects\TASystemsAPIs\src\test\resources\testDataFiles\Schemas\ValidationError_schema.json"".
2023-02-07 11:01:57.603 &amp#27;[32m INFO&amp#27;[m &amp#27;[35m[@503 - main]&amp#27;[m &amp#27;[36mcom.shaft.tools.io.ReportManager&amp#27;[m : File Action "GetAbsolutePath" successfully performed. With the following test data "Relative Folder Path: "C:\eclipse-workspace\MyProjects\TASystemsAPIs\src\test\resources\testDataFiles\Schemas\ValidationError_schema.json"".
2023-02-07 11:01:57.603 &amp#27;[32m INFO&amp#27;[m &amp#27;[35m[@503 - main]&amp#27;[m &amp#27;[36mcom.shaft.tools.io.ReportManager&amp#27;[m : File Action "ReadFile" successfully performed. With the following test data "File Path: "C:\eclipse-workspace\MyProjects\TASystemsAPIs\src\test\resources\testDataFiles\Schemas\ValidationError_schema.json"".
2023-02-07 11:01:57.607 &amp#27;[32m INFO&amp#27;[m &amp#27;[35m[@503 - main]&amp#27;[m &amp#27;[36mcom.shaft.tools.io.ReportManager&amp#27;[m : Successfully created attachment "Validation Test Data - Expected JSON Value"
2023-02-07 11:01:57.608 &amp#27;[32m INFO&amp#27;[m &amp#27;[35m[@503 - main]&amp#27;[m &amp#27;[36mcom.shaft.tools.io.ReportManager&amp#27;[m : Successfully created attachment "Validation Test Data - Actual JSON Value"
2023-02-07 11:01:57.608 &amp#27;[32m INFO&amp#27;[m &amp#27;[35m[@503 - main]&amp#27;[m &amp#27;[36mcom.shaft.tools.io.ReportManager&amp#27;[m : Successfully created attachment "SHAFT Engine Logs - Current Method log: Update_Policy_With_InValid_data_TC"
]]></system-out>
  </testcase>
  <testcase name="Update_Policy_With_InValid_data_TC[[Ljava.lang.Object;@6c42a466](28)" classname="SteeringCompanyAPI_TestCases.Test_Policies_Cases" time="1.559">
    <system-out><![CDATA[2023-02-07 11:01:57.610 &amp#27;[32m INFO&amp#27;[m &amp#27;[35m[@534 - main]&amp#27;[m &amp#27;[36mcom.shaft.tools.io.ReportManager&amp#27;[m : 
################################################################################################################################################
Starting Execution:	"306 out of 107" test cases in the current suite
Test Method:		"SteeringCompanyAPI_TestCases.Test_Policies_Cases.Update_Policy_With_InValid_data_TC"
Test Description:	"TC053 -Policy- Perform Update Policy with InValid data"
################################################################################################################################################
2023-02-07 11:01:57.611 &amp#27;[32m INFO&amp#27;[m &amp#27;[35m[@503 - main]&amp#27;[m &amp#27;[36mcom.shaft.tools.io.ReportManager&amp#27;[m : File Action "DoesFileExist" successfully performed. With the following test data "File Path: "SteeringCompanyAPI_TestData/SteeringCompanyAPI_TestData.xlsx"".
2023-02-07 11:01:57.626 &amp#27;[32m INFO&amp#27;[m &amp#27;[35m[@503 - main]&amp#27;[m &amp#27;[36mcom.shaft.tools.io.ReportManager&amp#27;[m : Successfully created attachment "Test Data - Excel"
2023-02-07 11:01:58.254 &amp#27;[32m INFO&amp#27;[m &amp#27;[35m[@503 - main]&amp#27;[m &amp#27;[36mcom.shaft.tools.io.ReportManager&amp#27;[m : Response status code: "200", status line: "HTTP/1.1 200 OK"
2023-02-07 11:01:58.262 &amp#27;[32m INFO&amp#27;[m &amp#27;[35m[@503 - main]&amp#27;[m &amp#27;[36mcom.shaft.tools.io.ReportManager&amp#27;[m : Successfully created attachment "API Request - Specifications"
2023-02-07 11:01:58.262 &amp#27;[32m INFO&amp#27;[m &amp#27;[35m[@503 - main]&amp#27;[m &amp#27;[36mcom.shaft.tools.io.ReportManager&amp#27;[m : Successfully created attachment "API Request - Body"
2023-02-07 11:01:58.265 &amp#27;[32m INFO&amp#27;[m &amp#27;[35m[@503 - main]&amp#27;[m &amp#27;[36mcom.shaft.tools.io.ReportManager&amp#27;[m : Successfully created attachment "API Response - JSON Body"
2023-02-07 11:01:58.271 &amp#27;[32m INFO&amp#27;[m &amp#27;[35m[@503 - main]&amp#27;[m &amp#27;[36mcom.shaft.tools.io.ReportManager&amp#27;[m : File Action "DoesFileExist" successfully performed. With the following test data "File Path: "SteeringCompanyAPI_TestData/SteeringCompanyAPI_TestData.xlsx"".
2023-02-07 11:01:58.284 &amp#27;[32m INFO&amp#27;[m &amp#27;[35m[@503 - main]&amp#27;[m &amp#27;[36mcom.shaft.tools.io.ReportManager&amp#27;[m : Successfully created attachment "Test Data - Excel"
2023-02-07 11:01:58.284 &amp#27;[32m INFO&amp#27;[m &amp#27;[35m[@503 - main]&amp#27;[m &amp#27;[36mcom.shaft.tools.io.ReportManager&amp#27;[m : File Action "DoesFileExist" successfully performed. With the following test data "File Path: "SteeringCompanyAPI_TestData/SteeringCompanyAPI_TestData.xlsx"".
2023-02-07 11:01:58.297 &amp#27;[32m INFO&amp#27;[m &amp#27;[35m[@503 - main]&amp#27;[m &amp#27;[36mcom.shaft.tools.io.ReportManager&amp#27;[m : Successfully created attachment "Test Data - Excel"
2023-02-07 11:01:58.297 &amp#27;[32m INFO&amp#27;[m &amp#27;[35m[@503 - main]&amp#27;[m &amp#27;[36mcom.shaft.tools.io.ReportManager&amp#27;[m : File Action "DoesFileExist" successfully performed. With the following test data "File Path: "SteeringCompanyAPI_TestData/SteeringCompanyAPI_TestData.xlsx"".
2023-02-07 11:01:58.310 &amp#27;[32m INFO&amp#27;[m &amp#27;[35m[@503 - main]&amp#27;[m &amp#27;[36mcom.shaft.tools.io.ReportManager&amp#27;[m : Successfully created attachment "Test Data - Excel"
2023-02-07 11:01:59.151 &amp#27;[32m INFO&amp#27;[m &amp#27;[35m[@503 - main]&amp#27;[m &amp#27;[36mcom.shaft.tools.io.ReportManager&amp#27;[m : Response status code: "422", status line: "HTTP/1.1 422 "
2023-02-07 11:01:59.160 &amp#27;[32m INFO&amp#27;[m &amp#27;[35m[@503 - main]&amp#27;[m &amp#27;[36mcom.shaft.tools.io.ReportManager&amp#27;[m : Successfully created attachment "API Request - Specifications"
2023-02-07 11:01:59.161 &amp#27;[32m INFO&amp#27;[m &amp#27;[35m[@503 - main]&amp#27;[m &amp#27;[36mcom.shaft.tools.io.ReportManager&amp#27;[m : Successfully created attachment "API Request - JSON Body"
2023-02-07 11:01:59.162 &amp#27;[32m INFO&amp#27;[m &amp#27;[35m[@503 - main]&amp#27;[m &amp#27;[36mcom.shaft.tools.io.ReportManager&amp#27;[m : Successfully created attachment "API Response - JSON Body"
2023-02-07 11:01:59.162 &amp#27;[32m INFO&amp#27;[m &amp#27;[35m[@503 - main]&amp#27;[m &amp#27;[36mcom.shaft.tools.io.ReportManager&amp#27;[m : File Action "DoesFileExist" successfully performed. With the following test data "File Path: "Schemas/ValidationError_schema.json"".
2023-02-07 11:01:59.162 &amp#27;[32m INFO&amp#27;[m &amp#27;[35m[@503 - main]&amp#27;[m &amp#27;[36mcom.shaft.tools.io.ReportManager&amp#27;[m : File Action "DoesFileExist" successfully performed. With the following test data "File Path: "src/test/resources/testDataFiles/Schemas/ValidationError_schema.json"".
2023-02-07 11:01:59.162 &amp#27;[32m INFO&amp#27;[m &amp#27;[35m[@503 - main]&amp#27;[m &amp#27;[36mcom.shaft.tools.io.ReportManager&amp#27;[m : File Action "GetAbsolutePath" successfully performed. With the following test data "Relative Folder Path: "src/test/resources/testDataFiles/Schemas/ValidationError_schema.json"".
2023-02-07 11:01:59.164 &amp#27;[32m INFO&amp#27;[m &amp#27;[35m[@503 - main]&amp#27;[m &amp#27;[36mcom.shaft.tools.io.ReportManager&amp#27;[m : File Action "DoesFileExist" successfully performed. With the following test data "File Path: "C:\eclipse-workspace\MyProjects\TASystemsAPIs\src\test\resources\testDataFiles\Schemas\ValidationError_schema.json"".
2023-02-07 11:01:59.164 &amp#27;[32m INFO&amp#27;[m &amp#27;[35m[@503 - main]&amp#27;[m &amp#27;[36mcom.shaft.tools.io.ReportManager&amp#27;[m : File Action "GetAbsolutePath" successfully performed. With the following test data "Relative Folder Path: "C:\eclipse-workspace\MyProjects\TASystemsAPIs\src\test\resources\testDataFiles\Schemas\ValidationError_schema.json"".
2023-02-07 11:01:59.164 &amp#27;[32m INFO&amp#27;[m &amp#27;[35m[@503 - main]&amp#27;[m &amp#27;[36mcom.shaft.tools.io.ReportManager&amp#27;[m : File Action "ReadFile" successfully performed. With the following test data "File Path: "C:\eclipse-workspace\MyProjects\TASystemsAPIs\src\test\resources\testDataFiles\Schemas\ValidationError_schema.json"".
2023-02-07 11:01:59.166 &amp#27;[32m INFO&amp#27;[m &amp#27;[35m[@503 - main]&amp#27;[m &amp#27;[36mcom.shaft.tools.io.ReportManager&amp#27;[m : Successfully created attachment "Validation Test Data - Expected JSON Value"
2023-02-07 11:01:59.167 &amp#27;[32m INFO&amp#27;[m &amp#27;[35m[@503 - main]&amp#27;[m &amp#27;[36mcom.shaft.tools.io.ReportManager&amp#27;[m : Successfully created attachment "Validation Test Data - Actual JSON Value"
2023-02-07 11:01:59.168 &amp#27;[32m INFO&amp#27;[m &amp#27;[35m[@503 - main]&amp#27;[m &amp#27;[36mcom.shaft.tools.io.ReportManager&amp#27;[m : Successfully created attachment "SHAFT Engine Logs - Current Method log: Update_Policy_With_InValid_data_TC"
]]></system-out>
  </testcase>
  <testcase name="Update_Policy_With_InValid_data_TC[[Ljava.lang.Object;@2019801f](29)" classname="SteeringCompanyAPI_TestCases.Test_Policies_Cases" time="1.841">
    <system-out><![CDATA[2023-02-07 11:01:59.169 &amp#27;[32m INFO&amp#27;[m &amp#27;[35m[@534 - main]&amp#27;[m &amp#27;[36mcom.shaft.tools.io.ReportManager&amp#27;[m : 
################################################################################################################################################
Starting Execution:	"307 out of 107" test cases in the current suite
Test Method:		"SteeringCompanyAPI_TestCases.Test_Policies_Cases.Update_Policy_With_InValid_data_TC"
Test Description:	"TC053 -Policy- Perform Update Policy with InValid data"
################################################################################################################################################
2023-02-07 11:01:59.169 &amp#27;[32m INFO&amp#27;[m &amp#27;[35m[@503 - main]&amp#27;[m &amp#27;[36mcom.shaft.tools.io.ReportManager&amp#27;[m : File Action "DoesFileExist" successfully performed. With the following test data "File Path: "SteeringCompanyAPI_TestData/SteeringCompanyAPI_TestData.xlsx"".
2023-02-07 11:01:59.185 &amp#27;[32m INFO&amp#27;[m &amp#27;[35m[@503 - main]&amp#27;[m &amp#27;[36mcom.shaft.tools.io.ReportManager&amp#27;[m : Successfully created attachment "Test Data - Excel"
2023-02-07 11:02:00.418 &amp#27;[32m INFO&amp#27;[m &amp#27;[35m[@503 - main]&amp#27;[m &amp#27;[36mcom.shaft.tools.io.ReportManager&amp#27;[m : Response status code: "200", status line: "HTTP/1.1 200 OK"
2023-02-07 11:02:00.430 &amp#27;[32m INFO&amp#27;[m &amp#27;[35m[@503 - main]&amp#27;[m &amp#27;[36mcom.shaft.tools.io.ReportManager&amp#27;[m : Successfully created attachment "API Request - Specifications"
2023-02-07 11:02:00.430 &amp#27;[32m INFO&amp#27;[m &amp#27;[35m[@503 - main]&amp#27;[m &amp#27;[36mcom.shaft.tools.io.ReportManager&amp#27;[m : Successfully created attachment "API Request - Body"
2023-02-07 11:02:00.433 &amp#27;[32m INFO&amp#27;[m &amp#27;[35m[@503 - main]&amp#27;[m &amp#27;[36mcom.shaft.tools.io.ReportManager&amp#27;[m : Successfully created attachment "API Response - JSON Body"
2023-02-07 11:02:00.438 &amp#27;[32m INFO&amp#27;[m &amp#27;[35m[@503 - main]&amp#27;[m &amp#27;[36mcom.shaft.tools.io.ReportManager&amp#27;[m : File Action "DoesFileExist" successfully performed. With the following test data "File Path: "SteeringCompanyAPI_TestData/SteeringCompanyAPI_TestData.xlsx"".
2023-02-07 11:02:00.452 &amp#27;[32m INFO&amp#27;[m &amp#27;[35m[@503 - main]&amp#27;[m &amp#27;[36mcom.shaft.tools.io.ReportManager&amp#27;[m : Successfully created attachment "Test Data - Excel"
2023-02-07 11:02:00.452 &amp#27;[32m INFO&amp#27;[m &amp#27;[35m[@503 - main]&amp#27;[m &amp#27;[36mcom.shaft.tools.io.ReportManager&amp#27;[m : File Action "DoesFileExist" successfully performed. With the following test data "File Path: "SteeringCompanyAPI_TestData/SteeringCompanyAPI_TestData.xlsx"".
2023-02-07 11:02:00.465 &amp#27;[32m INFO&amp#27;[m &amp#27;[35m[@503 - main]&amp#27;[m &amp#27;[36mcom.shaft.tools.io.ReportManager&amp#27;[m : Successfully created attachment "Test Data - Excel"
2023-02-07 11:02:00.465 &amp#27;[32m INFO&amp#27;[m &amp#27;[35m[@503 - main]&amp#27;[m &amp#27;[36mcom.shaft.tools.io.ReportManager&amp#27;[m : File Action "DoesFileExist" successfully performed. With the following test data "File Path: "SteeringCompanyAPI_TestData/SteeringCompanyAPI_TestData.xlsx"".
2023-02-07 11:02:00.479 &amp#27;[32m INFO&amp#27;[m &amp#27;[35m[@503 - main]&amp#27;[m &amp#27;[36mcom.shaft.tools.io.ReportManager&amp#27;[m : Successfully created attachment "Test Data - Excel"
2023-02-07 11:02:00.991 &amp#27;[32m INFO&amp#27;[m &amp#27;[35m[@503 - main]&amp#27;[m &amp#27;[36mcom.shaft.tools.io.ReportManager&amp#27;[m : Response status code: "422", status line: "HTTP/1.1 422 "
2023-02-07 11:02:01.001 &amp#27;[32m INFO&amp#27;[m &amp#27;[35m[@503 - main]&amp#27;[m &amp#27;[36mcom.shaft.tools.io.ReportManager&amp#27;[m : Successfully created attachment "API Request - Specifications"
2023-02-07 11:02:01.002 &amp#27;[32m INFO&amp#27;[m &amp#27;[35m[@503 - main]&amp#27;[m &amp#27;[36mcom.shaft.tools.io.ReportManager&amp#27;[m : Successfully created attachment "API Request - JSON Body"
2023-02-07 11:02:01.002 &amp#27;[32m INFO&amp#27;[m &amp#27;[35m[@503 - main]&amp#27;[m &amp#27;[36mcom.shaft.tools.io.ReportManager&amp#27;[m : Successfully created attachment "API Response - JSON Body"
2023-02-07 11:02:01.003 &amp#27;[32m INFO&amp#27;[m &amp#27;[35m[@503 - main]&amp#27;[m &amp#27;[36mcom.shaft.tools.io.ReportManager&amp#27;[m : File Action "DoesFileExist" successfully performed. With the following test data "File Path: "Schemas/ValidationError_schema.json"".
2023-02-07 11:02:01.003 &amp#27;[32m INFO&amp#27;[m &amp#27;[35m[@503 - main]&amp#27;[m &amp#27;[36mcom.shaft.tools.io.ReportManager&amp#27;[m : File Action "DoesFileExist" successfully performed. With the following test data "File Path: "src/test/resources/testDataFiles/Schemas/ValidationError_schema.json"".
2023-02-07 11:02:01.003 &amp#27;[32m INFO&amp#27;[m &amp#27;[35m[@503 - main]&amp#27;[m &amp#27;[36mcom.shaft.tools.io.ReportManager&amp#27;[m : File Action "GetAbsolutePath" successfully performed. With the following test data "Relative Folder Path: "src/test/resources/testDataFiles/Schemas/ValidationError_schema.json"".
2023-02-07 11:02:01.004 &amp#27;[32m INFO&amp#27;[m &amp#27;[35m[@503 - main]&amp#27;[m &amp#27;[36mcom.shaft.tools.io.ReportManager&amp#27;[m : File Action "DoesFileExist" successfully performed. With the following test data "File Path: "C:\eclipse-workspace\MyProjects\TASystemsAPIs\src\test\resources\testDataFiles\Schemas\ValidationError_schema.json"".
2023-02-07 11:02:01.004 &amp#27;[32m INFO&amp#27;[m &amp#27;[35m[@503 - main]&amp#27;[m &amp#27;[36mcom.shaft.tools.io.ReportManager&amp#27;[m : File Action "GetAbsolutePath" successfully performed. With the following test data "Relative Folder Path: "C:\eclipse-workspace\MyProjects\TASystemsAPIs\src\test\resources\testDataFiles\Schemas\ValidationError_schema.json"".
2023-02-07 11:02:01.004 &amp#27;[32m INFO&amp#27;[m &amp#27;[35m[@503 - main]&amp#27;[m &amp#27;[36mcom.shaft.tools.io.ReportManager&amp#27;[m : File Action "ReadFile" successfully performed. With the following test data "File Path: "C:\eclipse-workspace\MyProjects\TASystemsAPIs\src\test\resources\testDataFiles\Schemas\ValidationError_schema.json"".
2023-02-07 11:02:01.006 &amp#27;[32m INFO&amp#27;[m &amp#27;[35m[@503 - main]&amp#27;[m &amp#27;[36mcom.shaft.tools.io.ReportManager&amp#27;[m : Successfully created attachment "Validation Test Data - Expected JSON Value"
2023-02-07 11:02:01.007 &amp#27;[32m INFO&amp#27;[m &amp#27;[35m[@503 - main]&amp#27;[m &amp#27;[36mcom.shaft.tools.io.ReportManager&amp#27;[m : Successfully created attachment "Validation Test Data - Actual JSON Value"
2023-02-07 11:02:01.008 &amp#27;[32m INFO&amp#27;[m &amp#27;[35m[@503 - main]&amp#27;[m &amp#27;[36mcom.shaft.tools.io.ReportManager&amp#27;[m : Successfully created attachment "SHAFT Engine Logs - Current Method log: Update_Policy_With_InValid_data_TC"
]]></system-out>
  </testcase>
  <testcase name="Update_Policy_With_InValid_data_TC[[Ljava.lang.Object;@5a4537cf](30)" classname="SteeringCompanyAPI_TestCases.Test_Policies_Cases" time="1.275">
    <system-out><![CDATA[2023-02-07 11:02:01.010 &amp#27;[32m INFO&amp#27;[m &amp#27;[35m[@534 - main]&amp#27;[m &amp#27;[36mcom.shaft.tools.io.ReportManager&amp#27;[m : 
################################################################################################################################################
Starting Execution:	"308 out of 107" test cases in the current suite
Test Method:		"SteeringCompanyAPI_TestCases.Test_Policies_Cases.Update_Policy_With_InValid_data_TC"
Test Description:	"TC053 -Policy- Perform Update Policy with InValid data"
################################################################################################################################################
2023-02-07 11:02:01.010 &amp#27;[32m INFO&amp#27;[m &amp#27;[35m[@503 - main]&amp#27;[m &amp#27;[36mcom.shaft.tools.io.ReportManager&amp#27;[m : File Action "DoesFileExist" successfully performed. With the following test data "File Path: "SteeringCompanyAPI_TestData/SteeringCompanyAPI_TestData.xlsx"".
2023-02-07 11:02:01.030 &amp#27;[32m INFO&amp#27;[m &amp#27;[35m[@503 - main]&amp#27;[m &amp#27;[36mcom.shaft.tools.io.ReportManager&amp#27;[m : Successfully created attachment "Test Data - Excel"
2023-02-07 11:02:01.678 &amp#27;[32m INFO&amp#27;[m &amp#27;[35m[@503 - main]&amp#27;[m &amp#27;[36mcom.shaft.tools.io.ReportManager&amp#27;[m : Response status code: "200", status line: "HTTP/1.1 200 OK"
2023-02-07 11:02:01.689 &amp#27;[32m INFO&amp#27;[m &amp#27;[35m[@503 - main]&amp#27;[m &amp#27;[36mcom.shaft.tools.io.ReportManager&amp#27;[m : Successfully created attachment "API Request - Specifications"
2023-02-07 11:02:01.690 &amp#27;[32m INFO&amp#27;[m &amp#27;[35m[@503 - main]&amp#27;[m &amp#27;[36mcom.shaft.tools.io.ReportManager&amp#27;[m : Successfully created attachment "API Request - Body"
2023-02-07 11:02:01.690 &amp#27;[32m INFO&amp#27;[m &amp#27;[35m[@503 - main]&amp#27;[m &amp#27;[36mcom.shaft.tools.io.ReportManager&amp#27;[m : Successfully created attachment "API Response - JSON Body"
2023-02-07 11:02:01.694 &amp#27;[32m INFO&amp#27;[m &amp#27;[35m[@503 - main]&amp#27;[m &amp#27;[36mcom.shaft.tools.io.ReportManager&amp#27;[m : File Action "DoesFileExist" successfully performed. With the following test data "File Path: "SteeringCompanyAPI_TestData/SteeringCompanyAPI_TestData.xlsx"".
2023-02-07 11:02:01.709 &amp#27;[32m INFO&amp#27;[m &amp#27;[35m[@503 - main]&amp#27;[m &amp#27;[36mcom.shaft.tools.io.ReportManager&amp#27;[m : Successfully created attachment "Test Data - Excel"
2023-02-07 11:02:01.709 &amp#27;[32m INFO&amp#27;[m &amp#27;[35m[@503 - main]&amp#27;[m &amp#27;[36mcom.shaft.tools.io.ReportManager&amp#27;[m : File Action "DoesFileExist" successfully performed. With the following test data "File Path: "SteeringCompanyAPI_TestData/SteeringCompanyAPI_TestData.xlsx"".
2023-02-07 11:02:01.730 &amp#27;[32m INFO&amp#27;[m &amp#27;[35m[@503 - main]&amp#27;[m &amp#27;[36mcom.shaft.tools.io.ReportManager&amp#27;[m : Successfully created attachment "Test Data - Excel"
2023-02-07 11:02:01.730 &amp#27;[32m INFO&amp#27;[m &amp#27;[35m[@503 - main]&amp#27;[m &amp#27;[36mcom.shaft.tools.io.ReportManager&amp#27;[m : File Action "DoesFileExist" successfully performed. With the following test data "File Path: "SteeringCompanyAPI_TestData/SteeringCompanyAPI_TestData.xlsx"".
2023-02-07 11:02:01.745 &amp#27;[32m INFO&amp#27;[m &amp#27;[35m[@503 - main]&amp#27;[m &amp#27;[36mcom.shaft.tools.io.ReportManager&amp#27;[m : Successfully created attachment "Test Data - Excel"
2023-02-07 11:02:02.265 &amp#27;[32m INFO&amp#27;[m &amp#27;[35m[@503 - main]&amp#27;[m &amp#27;[36mcom.shaft.tools.io.ReportManager&amp#27;[m : Response status code: "422", status line: "HTTP/1.1 422 "
2023-02-07 11:02:02.274 &amp#27;[32m INFO&amp#27;[m &amp#27;[35m[@503 - main]&amp#27;[m &amp#27;[36mcom.shaft.tools.io.ReportManager&amp#27;[m : Successfully created attachment "API Request - Specifications"
2023-02-07 11:02:02.278 &amp#27;[32m INFO&amp#27;[m &amp#27;[35m[@503 - main]&amp#27;[m &amp#27;[36mcom.shaft.tools.io.ReportManager&amp#27;[m : Successfully created attachment "API Request - JSON Body"
2023-02-07 11:02:02.278 &amp#27;[32m INFO&amp#27;[m &amp#27;[35m[@503 - main]&amp#27;[m &amp#27;[36mcom.shaft.tools.io.ReportManager&amp#27;[m : Successfully created attachment "API Response - JSON Body"
2023-02-07 11:02:02.279 &amp#27;[32m INFO&amp#27;[m &amp#27;[35m[@503 - main]&amp#27;[m &amp#27;[36mcom.shaft.tools.io.ReportManager&amp#27;[m : File Action "DoesFileExist" successfully performed. With the following test data "File Path: "Schemas/ValidationError_schema.json"".
2023-02-07 11:02:02.279 &amp#27;[32m INFO&amp#27;[m &amp#27;[35m[@503 - main]&amp#27;[m &amp#27;[36mcom.shaft.tools.io.ReportManager&amp#27;[m : File Action "DoesFileExist" successfully performed. With the following test data "File Path: "src/test/resources/testDataFiles/Schemas/ValidationError_schema.json"".
2023-02-07 11:02:02.279 &amp#27;[32m INFO&amp#27;[m &amp#27;[35m[@503 - main]&amp#27;[m &amp#27;[36mcom.shaft.tools.io.ReportManager&amp#27;[m : File Action "GetAbsolutePath" successfully performed. With the following test data "Relative Folder Path: "src/test/resources/testDataFiles/Schemas/ValidationError_schema.json"".
2023-02-07 11:02:02.280 &amp#27;[32m INFO&amp#27;[m &amp#27;[35m[@503 - main]&amp#27;[m &amp#27;[36mcom.shaft.tools.io.ReportManager&amp#27;[m : File Action "DoesFileExist" successfully performed. With the following test data "File Path: "C:\eclipse-workspace\MyProjects\TASystemsAPIs\src\test\resources\testDataFiles\Schemas\ValidationError_schema.json"".
2023-02-07 11:02:02.280 &amp#27;[32m INFO&amp#27;[m &amp#27;[35m[@503 - main]&amp#27;[m &amp#27;[36mcom.shaft.tools.io.ReportManager&amp#27;[m : File Action "GetAbsolutePath" successfully performed. With the following test data "Relative Folder Path: "C:\eclipse-workspace\MyProjects\TASystemsAPIs\src\test\resources\testDataFiles\Schemas\ValidationError_schema.json"".
2023-02-07 11:02:02.280 &amp#27;[32m INFO&amp#27;[m &amp#27;[35m[@503 - main]&amp#27;[m &amp#27;[36mcom.shaft.tools.io.ReportManager&amp#27;[m : File Action "ReadFile" successfully performed. With the following test data "File Path: "C:\eclipse-workspace\MyProjects\TASystemsAPIs\src\test\resources\testDataFiles\Schemas\ValidationError_schema.json"".
2023-02-07 11:02:02.281 &amp#27;[32m INFO&amp#27;[m &amp#27;[35m[@503 - main]&amp#27;[m &amp#27;[36mcom.shaft.tools.io.ReportManager&amp#27;[m : Successfully created attachment "Validation Test Data - Expected JSON Value"
2023-02-07 11:02:02.281 &amp#27;[32m INFO&amp#27;[m &amp#27;[35m[@503 - main]&amp#27;[m &amp#27;[36mcom.shaft.tools.io.ReportManager&amp#27;[m : Successfully created attachment "Validation Test Data - Actual JSON Value"
2023-02-07 11:02:02.283 &amp#27;[32m INFO&amp#27;[m &amp#27;[35m[@503 - main]&amp#27;[m &amp#27;[36mcom.shaft.tools.io.ReportManager&amp#27;[m : Successfully created attachment "SHAFT Engine Logs - Current Method log: Update_Policy_With_InValid_data_TC"
]]></system-out>
  </testcase>
  <testcase name="Update_Policy_With_InValid_data_TC[[Ljava.lang.Object;@2c91fc8a](31)" classname="SteeringCompanyAPI_TestCases.Test_Policies_Cases" time="2.214">
    <system-out><![CDATA[2023-02-07 11:02:02.285 &amp#27;[32m INFO&amp#27;[m &amp#27;[35m[@534 - main]&amp#27;[m &amp#27;[36mcom.shaft.tools.io.ReportManager&amp#27;[m : 
################################################################################################################################################
Starting Execution:	"309 out of 107" test cases in the current suite
Test Method:		"SteeringCompanyAPI_TestCases.Test_Policies_Cases.Update_Policy_With_InValid_data_TC"
Test Description:	"TC053 -Policy- Perform Update Policy with InValid data"
################################################################################################################################################
2023-02-07 11:02:02.285 &amp#27;[32m INFO&amp#27;[m &amp#27;[35m[@503 - main]&amp#27;[m &amp#27;[36mcom.shaft.tools.io.ReportManager&amp#27;[m : File Action "DoesFileExist" successfully performed. With the following test data "File Path: "SteeringCompanyAPI_TestData/SteeringCompanyAPI_TestData.xlsx"".
2023-02-07 11:02:02.299 &amp#27;[32m INFO&amp#27;[m &amp#27;[35m[@503 - main]&amp#27;[m &amp#27;[36mcom.shaft.tools.io.ReportManager&amp#27;[m : Successfully created attachment "Test Data - Excel"
2023-02-07 11:02:02.924 &amp#27;[32m INFO&amp#27;[m &amp#27;[35m[@503 - main]&amp#27;[m &amp#27;[36mcom.shaft.tools.io.ReportManager&amp#27;[m : Response status code: "200", status line: "HTTP/1.1 200 OK"
2023-02-07 11:02:02.933 &amp#27;[32m INFO&amp#27;[m &amp#27;[35m[@503 - main]&amp#27;[m &amp#27;[36mcom.shaft.tools.io.ReportManager&amp#27;[m : Successfully created attachment "API Request - Specifications"
2023-02-07 11:02:02.934 &amp#27;[32m INFO&amp#27;[m &amp#27;[35m[@503 - main]&amp#27;[m &amp#27;[36mcom.shaft.tools.io.ReportManager&amp#27;[m : Successfully created attachment "API Request - Body"
2023-02-07 11:02:02.934 &amp#27;[32m INFO&amp#27;[m &amp#27;[35m[@503 - main]&amp#27;[m &amp#27;[36mcom.shaft.tools.io.ReportManager&amp#27;[m : Successfully created attachment "API Response - JSON Body"
2023-02-07 11:02:02.940 &amp#27;[32m INFO&amp#27;[m &amp#27;[35m[@503 - main]&amp#27;[m &amp#27;[36mcom.shaft.tools.io.ReportManager&amp#27;[m : File Action "DoesFileExist" successfully performed. With the following test data "File Path: "SteeringCompanyAPI_TestData/SteeringCompanyAPI_TestData.xlsx"".
2023-02-07 11:02:02.953 &amp#27;[32m INFO&amp#27;[m &amp#27;[35m[@503 - main]&amp#27;[m &amp#27;[36mcom.shaft.tools.io.ReportManager&amp#27;[m : Successfully created attachment "Test Data - Excel"
2023-02-07 11:02:02.954 &amp#27;[32m INFO&amp#27;[m &amp#27;[35m[@503 - main]&amp#27;[m &amp#27;[36mcom.shaft.tools.io.ReportManager&amp#27;[m : File Action "DoesFileExist" successfully performed. With the following test data "File Path: "SteeringCompanyAPI_TestData/SteeringCompanyAPI_TestData.xlsx"".
2023-02-07 11:02:02.968 &amp#27;[32m INFO&amp#27;[m &amp#27;[35m[@503 - main]&amp#27;[m &amp#27;[36mcom.shaft.tools.io.ReportManager&amp#27;[m : Successfully created attachment "Test Data - Excel"
2023-02-07 11:02:02.968 &amp#27;[32m INFO&amp#27;[m &amp#27;[35m[@503 - main]&amp#27;[m &amp#27;[36mcom.shaft.tools.io.ReportManager&amp#27;[m : File Action "DoesFileExist" successfully performed. With the following test data "File Path: "SteeringCompanyAPI_TestData/SteeringCompanyAPI_TestData.xlsx"".
2023-02-07 11:02:02.982 &amp#27;[32m INFO&amp#27;[m &amp#27;[35m[@503 - main]&amp#27;[m &amp#27;[36mcom.shaft.tools.io.ReportManager&amp#27;[m : Successfully created attachment "Test Data - Excel"
2023-02-07 11:02:04.476 &amp#27;[32m INFO&amp#27;[m &amp#27;[35m[@503 - main]&amp#27;[m &amp#27;[36mcom.shaft.tools.io.ReportManager&amp#27;[m : Response status code: "422", status line: "HTTP/1.1 422 "
2023-02-07 11:02:04.488 &amp#27;[32m INFO&amp#27;[m &amp#27;[35m[@503 - main]&amp#27;[m &amp#27;[36mcom.shaft.tools.io.ReportManager&amp#27;[m : Successfully created attachment "API Request - Specifications"
2023-02-07 11:02:04.489 &amp#27;[32m INFO&amp#27;[m &amp#27;[35m[@503 - main]&amp#27;[m &amp#27;[36mcom.shaft.tools.io.ReportManager&amp#27;[m : Successfully created attachment "API Request - JSON Body"
2023-02-07 11:02:04.489 &amp#27;[32m INFO&amp#27;[m &amp#27;[35m[@503 - main]&amp#27;[m &amp#27;[36mcom.shaft.tools.io.ReportManager&amp#27;[m : Successfully created attachment "API Response - JSON Body"
2023-02-07 11:02:04.490 &amp#27;[32m INFO&amp#27;[m &amp#27;[35m[@503 - main]&amp#27;[m &amp#27;[36mcom.shaft.tools.io.ReportManager&amp#27;[m : File Action "DoesFileExist" successfully performed. With the following test data "File Path: "Schemas/ValidationError_schema.json"".
2023-02-07 11:02:04.490 &amp#27;[32m INFO&amp#27;[m &amp#27;[35m[@503 - main]&amp#27;[m &amp#27;[36mcom.shaft.tools.io.ReportManager&amp#27;[m : File Action "DoesFileExist" successfully performed. With the following test data "File Path: "src/test/resources/testDataFiles/Schemas/ValidationError_schema.json"".
2023-02-07 11:02:04.490 &amp#27;[32m INFO&amp#27;[m &amp#27;[35m[@503 - main]&amp#27;[m &amp#27;[36mcom.shaft.tools.io.ReportManager&amp#27;[m : File Action "GetAbsolutePath" successfully performed. With the following test data "Relative Folder Path: "src/test/resources/testDataFiles/Schemas/ValidationError_schema.json"".
2023-02-07 11:02:04.491 &amp#27;[32m INFO&amp#27;[m &amp#27;[35m[@503 - main]&amp#27;[m &amp#27;[36mcom.shaft.tools.io.ReportManager&amp#27;[m : File Action "DoesFileExist" successfully performed. With the following test data "File Path: "C:\eclipse-workspace\MyProjects\TASystemsAPIs\src\test\resources\testDataFiles\Schemas\ValidationError_schema.json"".
2023-02-07 11:02:04.491 &amp#27;[32m INFO&amp#27;[m &amp#27;[35m[@503 - main]&amp#27;[m &amp#27;[36mcom.shaft.tools.io.ReportManager&amp#27;[m : File Action "GetAbsolutePath" successfully performed. With the following test data "Relative Folder Path: "C:\eclipse-workspace\MyProjects\TASystemsAPIs\src\test\resources\testDataFiles\Schemas\ValidationError_schema.json"".
2023-02-07 11:02:04.491 &amp#27;[32m INFO&amp#27;[m &amp#27;[35m[@503 - main]&amp#27;[m &amp#27;[36mcom.shaft.tools.io.ReportManager&amp#27;[m : File Action "ReadFile" successfully performed. With the following test data "File Path: "C:\eclipse-workspace\MyProjects\TASystemsAPIs\src\test\resources\testDataFiles\Schemas\ValidationError_schema.json"".
2023-02-07 11:02:04.492 &amp#27;[32m INFO&amp#27;[m &amp#27;[35m[@503 - main]&amp#27;[m &amp#27;[36mcom.shaft.tools.io.ReportManager&amp#27;[m : Successfully created attachment "Validation Test Data - Expected JSON Value"
2023-02-07 11:02:04.495 &amp#27;[32m INFO&amp#27;[m &amp#27;[35m[@503 - main]&amp#27;[m &amp#27;[36mcom.shaft.tools.io.ReportManager&amp#27;[m : Successfully created attachment "Validation Test Data - Actual JSON Value"
2023-02-07 11:02:04.496 &amp#27;[32m INFO&amp#27;[m &amp#27;[35m[@503 - main]&amp#27;[m &amp#27;[36mcom.shaft.tools.io.ReportManager&amp#27;[m : Successfully created attachment "SHAFT Engine Logs - Current Method log: Update_Policy_With_InValid_data_TC"
]]></system-out>
  </testcase>
  <testcase name="Update_Policy_With_InValid_data_TC[[Ljava.lang.Object;@1a9d1d12](32)" classname="SteeringCompanyAPI_TestCases.Test_Policies_Cases" time="1.237">
    <system-out><![CDATA[2023-02-07 11:02:04.499 &amp#27;[32m INFO&amp#27;[m &amp#27;[35m[@534 - main]&amp#27;[m &amp#27;[36mcom.shaft.tools.io.ReportManager&amp#27;[m : 
################################################################################################################################################
Starting Execution:	"310 out of 107" test cases in the current suite
Test Method:		"SteeringCompanyAPI_TestCases.Test_Policies_Cases.Update_Policy_With_InValid_data_TC"
Test Description:	"TC053 -Policy- Perform Update Policy with InValid data"
################################################################################################################################################
2023-02-07 11:02:04.499 &amp#27;[32m INFO&amp#27;[m &amp#27;[35m[@503 - main]&amp#27;[m &amp#27;[36mcom.shaft.tools.io.ReportManager&amp#27;[m : File Action "DoesFileExist" successfully performed. With the following test data "File Path: "SteeringCompanyAPI_TestData/SteeringCompanyAPI_TestData.xlsx"".
2023-02-07 11:02:04.512 &amp#27;[32m INFO&amp#27;[m &amp#27;[35m[@503 - main]&amp#27;[m &amp#27;[36mcom.shaft.tools.io.ReportManager&amp#27;[m : Successfully created attachment "Test Data - Excel"
2023-02-07 11:02:05.134 &amp#27;[32m INFO&amp#27;[m &amp#27;[35m[@503 - main]&amp#27;[m &amp#27;[36mcom.shaft.tools.io.ReportManager&amp#27;[m : Response status code: "200", status line: "HTTP/1.1 200 OK"
2023-02-07 11:02:05.142 &amp#27;[32m INFO&amp#27;[m &amp#27;[35m[@503 - main]&amp#27;[m &amp#27;[36mcom.shaft.tools.io.ReportManager&amp#27;[m : Successfully created attachment "API Request - Specifications"
2023-02-07 11:02:05.142 &amp#27;[32m INFO&amp#27;[m &amp#27;[35m[@503 - main]&amp#27;[m &amp#27;[36mcom.shaft.tools.io.ReportManager&amp#27;[m : Successfully created attachment "API Request - Body"
2023-02-07 11:02:05.145 &amp#27;[32m INFO&amp#27;[m &amp#27;[35m[@503 - main]&amp#27;[m &amp#27;[36mcom.shaft.tools.io.ReportManager&amp#27;[m : Successfully created attachment "API Response - JSON Body"
2023-02-07 11:02:05.150 &amp#27;[32m INFO&amp#27;[m &amp#27;[35m[@503 - main]&amp#27;[m &amp#27;[36mcom.shaft.tools.io.ReportManager&amp#27;[m : File Action "DoesFileExist" successfully performed. With the following test data "File Path: "SteeringCompanyAPI_TestData/SteeringCompanyAPI_TestData.xlsx"".
2023-02-07 11:02:05.163 &amp#27;[32m INFO&amp#27;[m &amp#27;[35m[@503 - main]&amp#27;[m &amp#27;[36mcom.shaft.tools.io.ReportManager&amp#27;[m : Successfully created attachment "Test Data - Excel"
2023-02-07 11:02:05.163 &amp#27;[32m INFO&amp#27;[m &amp#27;[35m[@503 - main]&amp#27;[m &amp#27;[36mcom.shaft.tools.io.ReportManager&amp#27;[m : File Action "DoesFileExist" successfully performed. With the following test data "File Path: "SteeringCompanyAPI_TestData/SteeringCompanyAPI_TestData.xlsx"".
2023-02-07 11:02:05.176 &amp#27;[32m INFO&amp#27;[m &amp#27;[35m[@503 - main]&amp#27;[m &amp#27;[36mcom.shaft.tools.io.ReportManager&amp#27;[m : Successfully created attachment "Test Data - Excel"
2023-02-07 11:02:05.177 &amp#27;[32m INFO&amp#27;[m &amp#27;[35m[@503 - main]&amp#27;[m &amp#27;[36mcom.shaft.tools.io.ReportManager&amp#27;[m : File Action "DoesFileExist" successfully performed. With the following test data "File Path: "SteeringCompanyAPI_TestData/SteeringCompanyAPI_TestData.xlsx"".
2023-02-07 11:02:05.190 &amp#27;[32m INFO&amp#27;[m &amp#27;[35m[@503 - main]&amp#27;[m &amp#27;[36mcom.shaft.tools.io.ReportManager&amp#27;[m : Successfully created attachment "Test Data - Excel"
2023-02-07 11:02:05.717 &amp#27;[32m INFO&amp#27;[m &amp#27;[35m[@503 - main]&amp#27;[m &amp#27;[36mcom.shaft.tools.io.ReportManager&amp#27;[m : Response status code: "422", status line: "HTTP/1.1 422 "
2023-02-07 11:02:05.726 &amp#27;[32m INFO&amp#27;[m &amp#27;[35m[@503 - main]&amp#27;[m &amp#27;[36mcom.shaft.tools.io.ReportManager&amp#27;[m : Successfully created attachment "API Request - Specifications"
2023-02-07 11:02:05.729 &amp#27;[32m INFO&amp#27;[m &amp#27;[35m[@503 - main]&amp#27;[m &amp#27;[36mcom.shaft.tools.io.ReportManager&amp#27;[m : Successfully created attachment "API Request - JSON Body"
2023-02-07 11:02:05.729 &amp#27;[32m INFO&amp#27;[m &amp#27;[35m[@503 - main]&amp#27;[m &amp#27;[36mcom.shaft.tools.io.ReportManager&amp#27;[m : Successfully created attachment "API Response - JSON Body"
2023-02-07 11:02:05.731 &amp#27;[32m INFO&amp#27;[m &amp#27;[35m[@503 - main]&amp#27;[m &amp#27;[36mcom.shaft.tools.io.ReportManager&amp#27;[m : File Action "DoesFileExist" successfully performed. With the following test data "File Path: "Schemas/ValidationError_schema.json"".
2023-02-07 11:02:05.731 &amp#27;[32m INFO&amp#27;[m &amp#27;[35m[@503 - main]&amp#27;[m &amp#27;[36mcom.shaft.tools.io.ReportManager&amp#27;[m : File Action "DoesFileExist" successfully performed. With the following test data "File Path: "src/test/resources/testDataFiles/Schemas/ValidationError_schema.json"".
2023-02-07 11:02:05.731 &amp#27;[32m INFO&amp#27;[m &amp#27;[35m[@503 - main]&amp#27;[m &amp#27;[36mcom.shaft.tools.io.ReportManager&amp#27;[m : File Action "GetAbsolutePath" successfully performed. With the following test data "Relative Folder Path: "src/test/resources/testDataFiles/Schemas/ValidationError_schema.json"".
2023-02-07 11:02:05.732 &amp#27;[32m INFO&amp#27;[m &amp#27;[35m[@503 - main]&amp#27;[m &amp#27;[36mcom.shaft.tools.io.ReportManager&amp#27;[m : File Action "DoesFileExist" successfully performed. With the following test data "File Path: "C:\eclipse-workspace\MyProjects\TASystemsAPIs\src\test\resources\testDataFiles\Schemas\ValidationError_schema.json"".
2023-02-07 11:02:05.732 &amp#27;[32m INFO&amp#27;[m &amp#27;[35m[@503 - main]&amp#27;[m &amp#27;[36mcom.shaft.tools.io.ReportManager&amp#27;[m : File Action "GetAbsolutePath" successfully performed. With the following test data "Relative Folder Path: "C:\eclipse-workspace\MyProjects\TASystemsAPIs\src\test\resources\testDataFiles\Schemas\ValidationError_schema.json"".
2023-02-07 11:02:05.732 &amp#27;[32m INFO&amp#27;[m &amp#27;[35m[@503 - main]&amp#27;[m &amp#27;[36mcom.shaft.tools.io.ReportManager&amp#27;[m : File Action "ReadFile" successfully performed. With the following test data "File Path: "C:\eclipse-workspace\MyProjects\TASystemsAPIs\src\test\resources\testDataFiles\Schemas\ValidationError_schema.json"".
2023-02-07 11:02:05.733 &amp#27;[32m INFO&amp#27;[m &amp#27;[35m[@503 - main]&amp#27;[m &amp#27;[36mcom.shaft.tools.io.ReportManager&amp#27;[m : Successfully created attachment "Validation Test Data - Expected JSON Value"
2023-02-07 11:02:05.733 &amp#27;[32m INFO&amp#27;[m &amp#27;[35m[@503 - main]&amp#27;[m &amp#27;[36mcom.shaft.tools.io.ReportManager&amp#27;[m : Successfully created attachment "Validation Test Data - Actual JSON Value"
2023-02-07 11:02:05.734 &amp#27;[32m INFO&amp#27;[m &amp#27;[35m[@503 - main]&amp#27;[m &amp#27;[36mcom.shaft.tools.io.ReportManager&amp#27;[m : Successfully created attachment "SHAFT Engine Logs - Current Method log: Update_Policy_With_InValid_data_TC"
]]></system-out>
  </testcase>
  <testcase name="Update_Policy_With_InValid_data_TC[[Ljava.lang.Object;@345a83d1](33)" classname="SteeringCompanyAPI_TestCases.Test_Policies_Cases" time="1.248">
    <system-out><![CDATA[2023-02-07 11:02:05.736 &amp#27;[32m INFO&amp#27;[m &amp#27;[35m[@534 - main]&amp#27;[m &amp#27;[36mcom.shaft.tools.io.ReportManager&amp#27;[m : 
################################################################################################################################################
Starting Execution:	"311 out of 107" test cases in the current suite
Test Method:		"SteeringCompanyAPI_TestCases.Test_Policies_Cases.Update_Policy_With_InValid_data_TC"
Test Description:	"TC053 -Policy- Perform Update Policy with InValid data"
################################################################################################################################################
2023-02-07 11:02:05.736 &amp#27;[32m INFO&amp#27;[m &amp#27;[35m[@503 - main]&amp#27;[m &amp#27;[36mcom.shaft.tools.io.ReportManager&amp#27;[m : File Action "DoesFileExist" successfully performed. With the following test data "File Path: "SteeringCompanyAPI_TestData/SteeringCompanyAPI_TestData.xlsx"".
2023-02-07 11:02:05.753 &amp#27;[32m INFO&amp#27;[m &amp#27;[35m[@503 - main]&amp#27;[m &amp#27;[36mcom.shaft.tools.io.ReportManager&amp#27;[m : Successfully created attachment "Test Data - Excel"
2023-02-07 11:02:06.380 &amp#27;[32m INFO&amp#27;[m &amp#27;[35m[@503 - main]&amp#27;[m &amp#27;[36mcom.shaft.tools.io.ReportManager&amp#27;[m : Response status code: "200", status line: "HTTP/1.1 200 OK"
2023-02-07 11:02:06.392 &amp#27;[32m INFO&amp#27;[m &amp#27;[35m[@503 - main]&amp#27;[m &amp#27;[36mcom.shaft.tools.io.ReportManager&amp#27;[m : Successfully created attachment "API Request - Specifications"
2023-02-07 11:02:06.395 &amp#27;[32m INFO&amp#27;[m &amp#27;[35m[@503 - main]&amp#27;[m &amp#27;[36mcom.shaft.tools.io.ReportManager&amp#27;[m : Successfully created attachment "API Request - Body"
2023-02-07 11:02:06.395 &amp#27;[32m INFO&amp#27;[m &amp#27;[35m[@503 - main]&amp#27;[m &amp#27;[36mcom.shaft.tools.io.ReportManager&amp#27;[m : Successfully created attachment "API Response - JSON Body"
2023-02-07 11:02:06.400 &amp#27;[32m INFO&amp#27;[m &amp#27;[35m[@503 - main]&amp#27;[m &amp#27;[36mcom.shaft.tools.io.ReportManager&amp#27;[m : File Action "DoesFileExist" successfully performed. With the following test data "File Path: "SteeringCompanyAPI_TestData/SteeringCompanyAPI_TestData.xlsx"".
2023-02-07 11:02:06.413 &amp#27;[32m INFO&amp#27;[m &amp#27;[35m[@503 - main]&amp#27;[m &amp#27;[36mcom.shaft.tools.io.ReportManager&amp#27;[m : Successfully created attachment "Test Data - Excel"
2023-02-07 11:02:06.414 &amp#27;[32m INFO&amp#27;[m &amp#27;[35m[@503 - main]&amp#27;[m &amp#27;[36mcom.shaft.tools.io.ReportManager&amp#27;[m : File Action "DoesFileExist" successfully performed. With the following test data "File Path: "SteeringCompanyAPI_TestData/SteeringCompanyAPI_TestData.xlsx"".
2023-02-07 11:02:06.427 &amp#27;[32m INFO&amp#27;[m &amp#27;[35m[@503 - main]&amp#27;[m &amp#27;[36mcom.shaft.tools.io.ReportManager&amp#27;[m : Successfully created attachment "Test Data - Excel"
2023-02-07 11:02:06.428 &amp#27;[32m INFO&amp#27;[m &amp#27;[35m[@503 - main]&amp#27;[m &amp#27;[36mcom.shaft.tools.io.ReportManager&amp#27;[m : File Action "DoesFileExist" successfully performed. With the following test data "File Path: "SteeringCompanyAPI_TestData/SteeringCompanyAPI_TestData.xlsx"".
2023-02-07 11:02:06.442 &amp#27;[32m INFO&amp#27;[m &amp#27;[35m[@503 - main]&amp#27;[m &amp#27;[36mcom.shaft.tools.io.ReportManager&amp#27;[m : Successfully created attachment "Test Data - Excel"
2023-02-07 11:02:06.965 &amp#27;[32m INFO&amp#27;[m &amp#27;[35m[@503 - main]&amp#27;[m &amp#27;[36mcom.shaft.tools.io.ReportManager&amp#27;[m : Response status code: "422", status line: "HTTP/1.1 422 "
2023-02-07 11:02:06.976 &amp#27;[32m INFO&amp#27;[m &amp#27;[35m[@503 - main]&amp#27;[m &amp#27;[36mcom.shaft.tools.io.ReportManager&amp#27;[m : Successfully created attachment "API Request - Specifications"
2023-02-07 11:02:06.976 &amp#27;[32m INFO&amp#27;[m &amp#27;[35m[@503 - main]&amp#27;[m &amp#27;[36mcom.shaft.tools.io.ReportManager&amp#27;[m : Successfully created attachment "API Request - JSON Body"
2023-02-07 11:02:06.977 &amp#27;[32m INFO&amp#27;[m &amp#27;[35m[@503 - main]&amp#27;[m &amp#27;[36mcom.shaft.tools.io.ReportManager&amp#27;[m : Successfully created attachment "API Response - JSON Body"
2023-02-07 11:02:06.977 &amp#27;[32m INFO&amp#27;[m &amp#27;[35m[@503 - main]&amp#27;[m &amp#27;[36mcom.shaft.tools.io.ReportManager&amp#27;[m : File Action "DoesFileExist" successfully performed. With the following test data "File Path: "Schemas/ValidationError_schema.json"".
2023-02-07 11:02:06.977 &amp#27;[32m INFO&amp#27;[m &amp#27;[35m[@503 - main]&amp#27;[m &amp#27;[36mcom.shaft.tools.io.ReportManager&amp#27;[m : File Action "DoesFileExist" successfully performed. With the following test data "File Path: "src/test/resources/testDataFiles/Schemas/ValidationError_schema.json"".
2023-02-07 11:02:06.977 &amp#27;[32m INFO&amp#27;[m &amp#27;[35m[@503 - main]&amp#27;[m &amp#27;[36mcom.shaft.tools.io.ReportManager&amp#27;[m : File Action "GetAbsolutePath" successfully performed. With the following test data "Relative Folder Path: "src/test/resources/testDataFiles/Schemas/ValidationError_schema.json"".
2023-02-07 11:02:06.979 &amp#27;[32m INFO&amp#27;[m &amp#27;[35m[@503 - main]&amp#27;[m &amp#27;[36mcom.shaft.tools.io.ReportManager&amp#27;[m : File Action "DoesFileExist" successfully performed. With the following test data "File Path: "C:\eclipse-workspace\MyProjects\TASystemsAPIs\src\test\resources\testDataFiles\Schemas\ValidationError_schema.json"".
2023-02-07 11:02:06.979 &amp#27;[32m INFO&amp#27;[m &amp#27;[35m[@503 - main]&amp#27;[m &amp#27;[36mcom.shaft.tools.io.ReportManager&amp#27;[m : File Action "GetAbsolutePath" successfully performed. With the following test data "Relative Folder Path: "C:\eclipse-workspace\MyProjects\TASystemsAPIs\src\test\resources\testDataFiles\Schemas\ValidationError_schema.json"".
2023-02-07 11:02:06.979 &amp#27;[32m INFO&amp#27;[m &amp#27;[35m[@503 - main]&amp#27;[m &amp#27;[36mcom.shaft.tools.io.ReportManager&amp#27;[m : File Action "ReadFile" successfully performed. With the following test data "File Path: "C:\eclipse-workspace\MyProjects\TASystemsAPIs\src\test\resources\testDataFiles\Schemas\ValidationError_schema.json"".
2023-02-07 11:02:06.981 &amp#27;[32m INFO&amp#27;[m &amp#27;[35m[@503 - main]&amp#27;[m &amp#27;[36mcom.shaft.tools.io.ReportManager&amp#27;[m : Successfully created attachment "Validation Test Data - Expected JSON Value"
2023-02-07 11:02:06.981 &amp#27;[32m INFO&amp#27;[m &amp#27;[35m[@503 - main]&amp#27;[m &amp#27;[36mcom.shaft.tools.io.ReportManager&amp#27;[m : Successfully created attachment "Validation Test Data - Actual JSON Value"
2023-02-07 11:02:06.982 &amp#27;[32m INFO&amp#27;[m &amp#27;[35m[@503 - main]&amp#27;[m &amp#27;[36mcom.shaft.tools.io.ReportManager&amp#27;[m : Successfully created attachment "SHAFT Engine Logs - Current Method log: Update_Policy_With_InValid_data_TC"
]]></system-out>
  </testcase>
  <testcase name="Update_Policy_With_InValid_data_TC[[Ljava.lang.Object;@7941dfad](34)" classname="SteeringCompanyAPI_TestCases.Test_Policies_Cases" time="1.232">
    <system-out><![CDATA[2023-02-07 11:02:06.983 &amp#27;[32m INFO&amp#27;[m &amp#27;[35m[@534 - main]&amp#27;[m &amp#27;[36mcom.shaft.tools.io.ReportManager&amp#27;[m : 
################################################################################################################################################
Starting Execution:	"312 out of 107" test cases in the current suite
Test Method:		"SteeringCompanyAPI_TestCases.Test_Policies_Cases.Update_Policy_With_InValid_data_TC"
Test Description:	"TC053 -Policy- Perform Update Policy with InValid data"
################################################################################################################################################
2023-02-07 11:02:06.984 &amp#27;[32m INFO&amp#27;[m &amp#27;[35m[@503 - main]&amp#27;[m &amp#27;[36mcom.shaft.tools.io.ReportManager&amp#27;[m : File Action "DoesFileExist" successfully performed. With the following test data "File Path: "SteeringCompanyAPI_TestData/SteeringCompanyAPI_TestData.xlsx"".
2023-02-07 11:02:07.003 &amp#27;[32m INFO&amp#27;[m &amp#27;[35m[@503 - main]&amp#27;[m &amp#27;[36mcom.shaft.tools.io.ReportManager&amp#27;[m : Successfully created attachment "Test Data - Excel"
2023-02-07 11:02:07.622 &amp#27;[32m INFO&amp#27;[m &amp#27;[35m[@503 - main]&amp#27;[m &amp#27;[36mcom.shaft.tools.io.ReportManager&amp#27;[m : Response status code: "200", status line: "HTTP/1.1 200 OK"
2023-02-07 11:02:07.631 &amp#27;[32m INFO&amp#27;[m &amp#27;[35m[@503 - main]&amp#27;[m &amp#27;[36mcom.shaft.tools.io.ReportManager&amp#27;[m : Successfully created attachment "API Request - Specifications"
2023-02-07 11:02:07.631 &amp#27;[32m INFO&amp#27;[m &amp#27;[35m[@503 - main]&amp#27;[m &amp#27;[36mcom.shaft.tools.io.ReportManager&amp#27;[m : Successfully created attachment "API Request - Body"
2023-02-07 11:02:07.634 &amp#27;[32m INFO&amp#27;[m &amp#27;[35m[@503 - main]&amp#27;[m &amp#27;[36mcom.shaft.tools.io.ReportManager&amp#27;[m : Successfully created attachment "API Response - JSON Body"
2023-02-07 11:02:07.640 &amp#27;[32m INFO&amp#27;[m &amp#27;[35m[@503 - main]&amp#27;[m &amp#27;[36mcom.shaft.tools.io.ReportManager&amp#27;[m : File Action "DoesFileExist" successfully performed. With the following test data "File Path: "SteeringCompanyAPI_TestData/SteeringCompanyAPI_TestData.xlsx"".
2023-02-07 11:02:07.653 &amp#27;[32m INFO&amp#27;[m &amp#27;[35m[@503 - main]&amp#27;[m &amp#27;[36mcom.shaft.tools.io.ReportManager&amp#27;[m : Successfully created attachment "Test Data - Excel"
2023-02-07 11:02:07.653 &amp#27;[32m INFO&amp#27;[m &amp#27;[35m[@503 - main]&amp#27;[m &amp#27;[36mcom.shaft.tools.io.ReportManager&amp#27;[m : File Action "DoesFileExist" successfully performed. With the following test data "File Path: "SteeringCompanyAPI_TestData/SteeringCompanyAPI_TestData.xlsx"".
2023-02-07 11:02:07.667 &amp#27;[32m INFO&amp#27;[m &amp#27;[35m[@503 - main]&amp#27;[m &amp#27;[36mcom.shaft.tools.io.ReportManager&amp#27;[m : Successfully created attachment "Test Data - Excel"
2023-02-07 11:02:07.668 &amp#27;[32m INFO&amp#27;[m &amp#27;[35m[@503 - main]&amp#27;[m &amp#27;[36mcom.shaft.tools.io.ReportManager&amp#27;[m : File Action "DoesFileExist" successfully performed. With the following test data "File Path: "SteeringCompanyAPI_TestData/SteeringCompanyAPI_TestData.xlsx"".
2023-02-07 11:02:07.681 &amp#27;[32m INFO&amp#27;[m &amp#27;[35m[@503 - main]&amp#27;[m &amp#27;[36mcom.shaft.tools.io.ReportManager&amp#27;[m : Successfully created attachment "Test Data - Excel"
2023-02-07 11:02:08.198 &amp#27;[32m INFO&amp#27;[m &amp#27;[35m[@503 - main]&amp#27;[m &amp#27;[36mcom.shaft.tools.io.ReportManager&amp#27;[m : Response status code: "422", status line: "HTTP/1.1 422 "
2023-02-07 11:02:08.207 &amp#27;[32m INFO&amp#27;[m &amp#27;[35m[@503 - main]&amp#27;[m &amp#27;[36mcom.shaft.tools.io.ReportManager&amp#27;[m : Successfully created attachment "API Request - Specifications"
2023-02-07 11:02:08.208 &amp#27;[32m INFO&amp#27;[m &amp#27;[35m[@503 - main]&amp#27;[m &amp#27;[36mcom.shaft.tools.io.ReportManager&amp#27;[m : Successfully created attachment "API Request - JSON Body"
2023-02-07 11:02:08.209 &amp#27;[32m INFO&amp#27;[m &amp#27;[35m[@503 - main]&amp#27;[m &amp#27;[36mcom.shaft.tools.io.ReportManager&amp#27;[m : Successfully created attachment "API Response - JSON Body"
2023-02-07 11:02:08.209 &amp#27;[32m INFO&amp#27;[m &amp#27;[35m[@503 - main]&amp#27;[m &amp#27;[36mcom.shaft.tools.io.ReportManager&amp#27;[m : File Action "DoesFileExist" successfully performed. With the following test data "File Path: "Schemas/ValidationError_schema.json"".
2023-02-07 11:02:08.209 &amp#27;[32m INFO&amp#27;[m &amp#27;[35m[@503 - main]&amp#27;[m &amp#27;[36mcom.shaft.tools.io.ReportManager&amp#27;[m : File Action "DoesFileExist" successfully performed. With the following test data "File Path: "src/test/resources/testDataFiles/Schemas/ValidationError_schema.json"".
2023-02-07 11:02:08.209 &amp#27;[32m INFO&amp#27;[m &amp#27;[35m[@503 - main]&amp#27;[m &amp#27;[36mcom.shaft.tools.io.ReportManager&amp#27;[m : File Action "GetAbsolutePath" successfully performed. With the following test data "Relative Folder Path: "src/test/resources/testDataFiles/Schemas/ValidationError_schema.json"".
2023-02-07 11:02:08.211 &amp#27;[32m INFO&amp#27;[m &amp#27;[35m[@503 - main]&amp#27;[m &amp#27;[36mcom.shaft.tools.io.ReportManager&amp#27;[m : File Action "DoesFileExist" successfully performed. With the following test data "File Path: "C:\eclipse-workspace\MyProjects\TASystemsAPIs\src\test\resources\testDataFiles\Schemas\ValidationError_schema.json"".
2023-02-07 11:02:08.211 &amp#27;[32m INFO&amp#27;[m &amp#27;[35m[@503 - main]&amp#27;[m &amp#27;[36mcom.shaft.tools.io.ReportManager&amp#27;[m : File Action "GetAbsolutePath" successfully performed. With the following test data "Relative Folder Path: "C:\eclipse-workspace\MyProjects\TASystemsAPIs\src\test\resources\testDataFiles\Schemas\ValidationError_schema.json"".
2023-02-07 11:02:08.211 &amp#27;[32m INFO&amp#27;[m &amp#27;[35m[@503 - main]&amp#27;[m &amp#27;[36mcom.shaft.tools.io.ReportManager&amp#27;[m : File Action "ReadFile" successfully performed. With the following test data "File Path: "C:\eclipse-workspace\MyProjects\TASystemsAPIs\src\test\resources\testDataFiles\Schemas\ValidationError_schema.json"".
2023-02-07 11:02:08.212 &amp#27;[32m INFO&amp#27;[m &amp#27;[35m[@503 - main]&amp#27;[m &amp#27;[36mcom.shaft.tools.io.ReportManager&amp#27;[m : Successfully created attachment "Validation Test Data - Expected JSON Value"
2023-02-07 11:02:08.213 &amp#27;[32m INFO&amp#27;[m &amp#27;[35m[@503 - main]&amp#27;[m &amp#27;[36mcom.shaft.tools.io.ReportManager&amp#27;[m : Successfully created attachment "Validation Test Data - Actual JSON Value"
2023-02-07 11:02:08.214 &amp#27;[32m INFO&amp#27;[m &amp#27;[35m[@503 - main]&amp#27;[m &amp#27;[36mcom.shaft.tools.io.ReportManager&amp#27;[m : Successfully created attachment "SHAFT Engine Logs - Current Method log: Update_Policy_With_InValid_data_TC"
]]></system-out>
  </testcase>
  <testcase name="Update_Policy_With_InValid_data_TC[[Ljava.lang.Object;@58641d11](35)" classname="SteeringCompanyAPI_TestCases.Test_Policies_Cases" time="1.442">
    <system-out><![CDATA[2023-02-07 11:02:08.215 &amp#27;[32m INFO&amp#27;[m &amp#27;[35m[@534 - main]&amp#27;[m &amp#27;[36mcom.shaft.tools.io.ReportManager&amp#27;[m : 
################################################################################################################################################
Starting Execution:	"313 out of 107" test cases in the current suite
Test Method:		"SteeringCompanyAPI_TestCases.Test_Policies_Cases.Update_Policy_With_InValid_data_TC"
Test Description:	"TC053 -Policy- Perform Update Policy with InValid data"
################################################################################################################################################
2023-02-07 11:02:08.215 &amp#27;[32m INFO&amp#27;[m &amp#27;[35m[@503 - main]&amp#27;[m &amp#27;[36mcom.shaft.tools.io.ReportManager&amp#27;[m : File Action "DoesFileExist" successfully performed. With the following test data "File Path: "SteeringCompanyAPI_TestData/SteeringCompanyAPI_TestData.xlsx"".
2023-02-07 11:02:08.228 &amp#27;[32m INFO&amp#27;[m &amp#27;[35m[@503 - main]&amp#27;[m &amp#27;[36mcom.shaft.tools.io.ReportManager&amp#27;[m : Successfully created attachment "Test Data - Excel"
2023-02-07 11:02:09.075 &amp#27;[32m INFO&amp#27;[m &amp#27;[35m[@503 - main]&amp#27;[m &amp#27;[36mcom.shaft.tools.io.ReportManager&amp#27;[m : Response status code: "200", status line: "HTTP/1.1 200 OK"
2023-02-07 11:02:09.085 &amp#27;[32m INFO&amp#27;[m &amp#27;[35m[@503 - main]&amp#27;[m &amp#27;[36mcom.shaft.tools.io.ReportManager&amp#27;[m : Successfully created attachment "API Request - Specifications"
2023-02-07 11:02:09.085 &amp#27;[32m INFO&amp#27;[m &amp#27;[35m[@503 - main]&amp#27;[m &amp#27;[36mcom.shaft.tools.io.ReportManager&amp#27;[m : Successfully created attachment "API Request - Body"
2023-02-07 11:02:09.088 &amp#27;[32m INFO&amp#27;[m &amp#27;[35m[@503 - main]&amp#27;[m &amp#27;[36mcom.shaft.tools.io.ReportManager&amp#27;[m : Successfully created attachment "API Response - JSON Body"
2023-02-07 11:02:09.094 &amp#27;[32m INFO&amp#27;[m &amp#27;[35m[@503 - main]&amp#27;[m &amp#27;[36mcom.shaft.tools.io.ReportManager&amp#27;[m : File Action "DoesFileExist" successfully performed. With the following test data "File Path: "SteeringCompanyAPI_TestData/SteeringCompanyAPI_TestData.xlsx"".
2023-02-07 11:02:09.107 &amp#27;[32m INFO&amp#27;[m &amp#27;[35m[@503 - main]&amp#27;[m &amp#27;[36mcom.shaft.tools.io.ReportManager&amp#27;[m : Successfully created attachment "Test Data - Excel"
2023-02-07 11:02:09.108 &amp#27;[32m INFO&amp#27;[m &amp#27;[35m[@503 - main]&amp#27;[m &amp#27;[36mcom.shaft.tools.io.ReportManager&amp#27;[m : File Action "DoesFileExist" successfully performed. With the following test data "File Path: "SteeringCompanyAPI_TestData/SteeringCompanyAPI_TestData.xlsx"".
2023-02-07 11:02:09.120 &amp#27;[32m INFO&amp#27;[m &amp#27;[35m[@503 - main]&amp#27;[m &amp#27;[36mcom.shaft.tools.io.ReportManager&amp#27;[m : Successfully created attachment "Test Data - Excel"
2023-02-07 11:02:09.121 &amp#27;[32m INFO&amp#27;[m &amp#27;[35m[@503 - main]&amp#27;[m &amp#27;[36mcom.shaft.tools.io.ReportManager&amp#27;[m : File Action "DoesFileExist" successfully performed. With the following test data "File Path: "SteeringCompanyAPI_TestData/SteeringCompanyAPI_TestData.xlsx"".
2023-02-07 11:02:09.134 &amp#27;[32m INFO&amp#27;[m &amp#27;[35m[@503 - main]&amp#27;[m &amp#27;[36mcom.shaft.tools.io.ReportManager&amp#27;[m : Successfully created attachment "Test Data - Excel"
2023-02-07 11:02:09.636 &amp#27;[32m INFO&amp#27;[m &amp#27;[35m[@503 - main]&amp#27;[m &amp#27;[36mcom.shaft.tools.io.ReportManager&amp#27;[m : Response status code: "422", status line: "HTTP/1.1 422 "
2023-02-07 11:02:09.645 &amp#27;[32m INFO&amp#27;[m &amp#27;[35m[@503 - main]&amp#27;[m &amp#27;[36mcom.shaft.tools.io.ReportManager&amp#27;[m : Successfully created attachment "API Request - Specifications"
2023-02-07 11:02:09.648 &amp#27;[32m INFO&amp#27;[m &amp#27;[35m[@503 - main]&amp#27;[m &amp#27;[36mcom.shaft.tools.io.ReportManager&amp#27;[m : Successfully created attachment "API Request - JSON Body"
2023-02-07 11:02:09.649 &amp#27;[32m INFO&amp#27;[m &amp#27;[35m[@503 - main]&amp#27;[m &amp#27;[36mcom.shaft.tools.io.ReportManager&amp#27;[m : Successfully created attachment "API Response - JSON Body"
2023-02-07 11:02:09.649 &amp#27;[32m INFO&amp#27;[m &amp#27;[35m[@503 - main]&amp#27;[m &amp#27;[36mcom.shaft.tools.io.ReportManager&amp#27;[m : File Action "DoesFileExist" successfully performed. With the following test data "File Path: "Schemas/ValidationError_schema.json"".
2023-02-07 11:02:09.649 &amp#27;[32m INFO&amp#27;[m &amp#27;[35m[@503 - main]&amp#27;[m &amp#27;[36mcom.shaft.tools.io.ReportManager&amp#27;[m : File Action "DoesFileExist" successfully performed. With the following test data "File Path: "src/test/resources/testDataFiles/Schemas/ValidationError_schema.json"".
2023-02-07 11:02:09.650 &amp#27;[32m INFO&amp#27;[m &amp#27;[35m[@503 - main]&amp#27;[m &amp#27;[36mcom.shaft.tools.io.ReportManager&amp#27;[m : File Action "GetAbsolutePath" successfully performed. With the following test data "Relative Folder Path: "src/test/resources/testDataFiles/Schemas/ValidationError_schema.json"".
2023-02-07 11:02:09.652 &amp#27;[32m INFO&amp#27;[m &amp#27;[35m[@503 - main]&amp#27;[m &amp#27;[36mcom.shaft.tools.io.ReportManager&amp#27;[m : File Action "DoesFileExist" successfully performed. With the following test data "File Path: "C:\eclipse-workspace\MyProjects\TASystemsAPIs\src\test\resources\testDataFiles\Schemas\ValidationError_schema.json"".
2023-02-07 11:02:09.653 &amp#27;[32m INFO&amp#27;[m &amp#27;[35m[@503 - main]&amp#27;[m &amp#27;[36mcom.shaft.tools.io.ReportManager&amp#27;[m : File Action "GetAbsolutePath" successfully performed. With the following test data "Relative Folder Path: "C:\eclipse-workspace\MyProjects\TASystemsAPIs\src\test\resources\testDataFiles\Schemas\ValidationError_schema.json"".
2023-02-07 11:02:09.653 &amp#27;[32m INFO&amp#27;[m &amp#27;[35m[@503 - main]&amp#27;[m &amp#27;[36mcom.shaft.tools.io.ReportManager&amp#27;[m : File Action "ReadFile" successfully performed. With the following test data "File Path: "C:\eclipse-workspace\MyProjects\TASystemsAPIs\src\test\resources\testDataFiles\Schemas\ValidationError_schema.json"".
2023-02-07 11:02:09.654 &amp#27;[32m INFO&amp#27;[m &amp#27;[35m[@503 - main]&amp#27;[m &amp#27;[36mcom.shaft.tools.io.ReportManager&amp#27;[m : Successfully created attachment "Validation Test Data - Expected JSON Value"
2023-02-07 11:02:09.654 &amp#27;[32m INFO&amp#27;[m &amp#27;[35m[@503 - main]&amp#27;[m &amp#27;[36mcom.shaft.tools.io.ReportManager&amp#27;[m : Successfully created attachment "Validation Test Data - Actual JSON Value"
2023-02-07 11:02:09.656 &amp#27;[32m INFO&amp#27;[m &amp#27;[35m[@503 - main]&amp#27;[m &amp#27;[36mcom.shaft.tools.io.ReportManager&amp#27;[m : Successfully created attachment "SHAFT Engine Logs - Current Method log: Update_Policy_With_InValid_data_TC"
]]></system-out>
  </testcase>
  <testcase name="Update_Policy_With_InValid_data_TC[[Ljava.lang.Object;@187d7b49](36)" classname="SteeringCompanyAPI_TestCases.Test_Policies_Cases" time="1.235">
    <system-out><![CDATA[2023-02-07 11:02:09.658 &amp#27;[32m INFO&amp#27;[m &amp#27;[35m[@534 - main]&amp#27;[m &amp#27;[36mcom.shaft.tools.io.ReportManager&amp#27;[m : 
################################################################################################################################################
Starting Execution:	"314 out of 107" test cases in the current suite
Test Method:		"SteeringCompanyAPI_TestCases.Test_Policies_Cases.Update_Policy_With_InValid_data_TC"
Test Description:	"TC053 -Policy- Perform Update Policy with InValid data"
################################################################################################################################################
2023-02-07 11:02:09.658 &amp#27;[32m INFO&amp#27;[m &amp#27;[35m[@503 - main]&amp#27;[m &amp#27;[36mcom.shaft.tools.io.ReportManager&amp#27;[m : File Action "DoesFileExist" successfully performed. With the following test data "File Path: "SteeringCompanyAPI_TestData/SteeringCompanyAPI_TestData.xlsx"".
2023-02-07 11:02:09.671 &amp#27;[32m INFO&amp#27;[m &amp#27;[35m[@503 - main]&amp#27;[m &amp#27;[36mcom.shaft.tools.io.ReportManager&amp#27;[m : Successfully created attachment "Test Data - Excel"
2023-02-07 11:02:10.311 &amp#27;[32m INFO&amp#27;[m &amp#27;[35m[@503 - main]&amp#27;[m &amp#27;[36mcom.shaft.tools.io.ReportManager&amp#27;[m : Response status code: "200", status line: "HTTP/1.1 200 OK"
2023-02-07 11:02:10.319 &amp#27;[32m INFO&amp#27;[m &amp#27;[35m[@503 - main]&amp#27;[m &amp#27;[36mcom.shaft.tools.io.ReportManager&amp#27;[m : Successfully created attachment "API Request - Specifications"
2023-02-07 11:02:10.320 &amp#27;[32m INFO&amp#27;[m &amp#27;[35m[@503 - main]&amp#27;[m &amp#27;[36mcom.shaft.tools.io.ReportManager&amp#27;[m : Successfully created attachment "API Request - Body"
2023-02-07 11:02:10.320 &amp#27;[32m INFO&amp#27;[m &amp#27;[35m[@503 - main]&amp#27;[m &amp#27;[36mcom.shaft.tools.io.ReportManager&amp#27;[m : Successfully created attachment "API Response - JSON Body"
2023-02-07 11:02:10.325 &amp#27;[32m INFO&amp#27;[m &amp#27;[35m[@503 - main]&amp#27;[m &amp#27;[36mcom.shaft.tools.io.ReportManager&amp#27;[m : File Action "DoesFileExist" successfully performed. With the following test data "File Path: "SteeringCompanyAPI_TestData/SteeringCompanyAPI_TestData.xlsx"".
2023-02-07 11:02:10.338 &amp#27;[32m INFO&amp#27;[m &amp#27;[35m[@503 - main]&amp#27;[m &amp#27;[36mcom.shaft.tools.io.ReportManager&amp#27;[m : Successfully created attachment "Test Data - Excel"
2023-02-07 11:02:10.338 &amp#27;[32m INFO&amp#27;[m &amp#27;[35m[@503 - main]&amp#27;[m &amp#27;[36mcom.shaft.tools.io.ReportManager&amp#27;[m : File Action "DoesFileExist" successfully performed. With the following test data "File Path: "SteeringCompanyAPI_TestData/SteeringCompanyAPI_TestData.xlsx"".
2023-02-07 11:02:10.352 &amp#27;[32m INFO&amp#27;[m &amp#27;[35m[@503 - main]&amp#27;[m &amp#27;[36mcom.shaft.tools.io.ReportManager&amp#27;[m : Successfully created attachment "Test Data - Excel"
2023-02-07 11:02:10.352 &amp#27;[32m INFO&amp#27;[m &amp#27;[35m[@503 - main]&amp#27;[m &amp#27;[36mcom.shaft.tools.io.ReportManager&amp#27;[m : File Action "DoesFileExist" successfully performed. With the following test data "File Path: "SteeringCompanyAPI_TestData/SteeringCompanyAPI_TestData.xlsx"".
2023-02-07 11:02:10.365 &amp#27;[32m INFO&amp#27;[m &amp#27;[35m[@503 - main]&amp#27;[m &amp#27;[36mcom.shaft.tools.io.ReportManager&amp#27;[m : Successfully created attachment "Test Data - Excel"
2023-02-07 11:02:10.877 &amp#27;[32m INFO&amp#27;[m &amp#27;[35m[@503 - main]&amp#27;[m &amp#27;[36mcom.shaft.tools.io.ReportManager&amp#27;[m : Response status code: "422", status line: "HTTP/1.1 422 "
2023-02-07 11:02:10.885 &amp#27;[32m INFO&amp#27;[m &amp#27;[35m[@503 - main]&amp#27;[m &amp#27;[36mcom.shaft.tools.io.ReportManager&amp#27;[m : Successfully created attachment "API Request - Specifications"
2023-02-07 11:02:10.885 &amp#27;[32m INFO&amp#27;[m &amp#27;[35m[@503 - main]&amp#27;[m &amp#27;[36mcom.shaft.tools.io.ReportManager&amp#27;[m : Successfully created attachment "API Request - JSON Body"
2023-02-07 11:02:10.886 &amp#27;[32m INFO&amp#27;[m &amp#27;[35m[@503 - main]&amp#27;[m &amp#27;[36mcom.shaft.tools.io.ReportManager&amp#27;[m : Successfully created attachment "API Response - JSON Body"
2023-02-07 11:02:10.887 &amp#27;[32m INFO&amp#27;[m &amp#27;[35m[@503 - main]&amp#27;[m &amp#27;[36mcom.shaft.tools.io.ReportManager&amp#27;[m : File Action "DoesFileExist" successfully performed. With the following test data "File Path: "Schemas/ValidationError_schema.json"".
2023-02-07 11:02:10.887 &amp#27;[32m INFO&amp#27;[m &amp#27;[35m[@503 - main]&amp#27;[m &amp#27;[36mcom.shaft.tools.io.ReportManager&amp#27;[m : File Action "DoesFileExist" successfully performed. With the following test data "File Path: "src/test/resources/testDataFiles/Schemas/ValidationError_schema.json"".
2023-02-07 11:02:10.887 &amp#27;[32m INFO&amp#27;[m &amp#27;[35m[@503 - main]&amp#27;[m &amp#27;[36mcom.shaft.tools.io.ReportManager&amp#27;[m : File Action "GetAbsolutePath" successfully performed. With the following test data "Relative Folder Path: "src/test/resources/testDataFiles/Schemas/ValidationError_schema.json"".
2023-02-07 11:02:10.888 &amp#27;[32m INFO&amp#27;[m &amp#27;[35m[@503 - main]&amp#27;[m &amp#27;[36mcom.shaft.tools.io.ReportManager&amp#27;[m : File Action "DoesFileExist" successfully performed. With the following test data "File Path: "C:\eclipse-workspace\MyProjects\TASystemsAPIs\src\test\resources\testDataFiles\Schemas\ValidationError_schema.json"".
2023-02-07 11:02:10.888 &amp#27;[32m INFO&amp#27;[m &amp#27;[35m[@503 - main]&amp#27;[m &amp#27;[36mcom.shaft.tools.io.ReportManager&amp#27;[m : File Action "GetAbsolutePath" successfully performed. With the following test data "Relative Folder Path: "C:\eclipse-workspace\MyProjects\TASystemsAPIs\src\test\resources\testDataFiles\Schemas\ValidationError_schema.json"".
2023-02-07 11:02:10.888 &amp#27;[32m INFO&amp#27;[m &amp#27;[35m[@503 - main]&amp#27;[m &amp#27;[36mcom.shaft.tools.io.ReportManager&amp#27;[m : File Action "ReadFile" successfully performed. With the following test data "File Path: "C:\eclipse-workspace\MyProjects\TASystemsAPIs\src\test\resources\testDataFiles\Schemas\ValidationError_schema.json"".
2023-02-07 11:02:10.889 &amp#27;[32m INFO&amp#27;[m &amp#27;[35m[@503 - main]&amp#27;[m &amp#27;[36mcom.shaft.tools.io.ReportManager&amp#27;[m : Successfully created attachment "Validation Test Data - Expected JSON Value"
2023-02-07 11:02:10.889 &amp#27;[32m INFO&amp#27;[m &amp#27;[35m[@503 - main]&amp#27;[m &amp#27;[36mcom.shaft.tools.io.ReportManager&amp#27;[m : Successfully created attachment "Validation Test Data - Actual JSON Value"
2023-02-07 11:02:10.890 &amp#27;[32m INFO&amp#27;[m &amp#27;[35m[@503 - main]&amp#27;[m &amp#27;[36mcom.shaft.tools.io.ReportManager&amp#27;[m : Successfully created attachment "SHAFT Engine Logs - Current Method log: Update_Policy_With_InValid_data_TC"
]]></system-out>
  </testcase>
  <testcase name="Update_Policy_With_InValid_data_TC[[Ljava.lang.Object;@c568bf9](37)" classname="SteeringCompanyAPI_TestCases.Test_Policies_Cases" time="1.208">
    <system-out><![CDATA[2023-02-07 11:02:10.892 &amp#27;[32m INFO&amp#27;[m &amp#27;[35m[@534 - main]&amp#27;[m &amp#27;[36mcom.shaft.tools.io.ReportManager&amp#27;[m : 
################################################################################################################################################
Starting Execution:	"315 out of 107" test cases in the current suite
Test Method:		"SteeringCompanyAPI_TestCases.Test_Policies_Cases.Update_Policy_With_InValid_data_TC"
Test Description:	"TC053 -Policy- Perform Update Policy with InValid data"
################################################################################################################################################
2023-02-07 11:02:10.892 &amp#27;[32m INFO&amp#27;[m &amp#27;[35m[@503 - main]&amp#27;[m &amp#27;[36mcom.shaft.tools.io.ReportManager&amp#27;[m : File Action "DoesFileExist" successfully performed. With the following test data "File Path: "SteeringCompanyAPI_TestData/SteeringCompanyAPI_TestData.xlsx"".
2023-02-07 11:02:10.906 &amp#27;[32m INFO&amp#27;[m &amp#27;[35m[@503 - main]&amp#27;[m &amp#27;[36mcom.shaft.tools.io.ReportManager&amp#27;[m : Successfully created attachment "Test Data - Excel"
2023-02-07 11:02:11.509 &amp#27;[32m INFO&amp#27;[m &amp#27;[35m[@503 - main]&amp#27;[m &amp#27;[36mcom.shaft.tools.io.ReportManager&amp#27;[m : Response status code: "200", status line: "HTTP/1.1 200 OK"
2023-02-07 11:02:11.524 &amp#27;[32m INFO&amp#27;[m &amp#27;[35m[@503 - main]&amp#27;[m &amp#27;[36mcom.shaft.tools.io.ReportManager&amp#27;[m : Successfully created attachment "API Request - Specifications"
2023-02-07 11:02:11.524 &amp#27;[32m INFO&amp#27;[m &amp#27;[35m[@503 - main]&amp#27;[m &amp#27;[36mcom.shaft.tools.io.ReportManager&amp#27;[m : Successfully created attachment "API Request - Body"
2023-02-07 11:02:11.526 &amp#27;[32m INFO&amp#27;[m &amp#27;[35m[@503 - main]&amp#27;[m &amp#27;[36mcom.shaft.tools.io.ReportManager&amp#27;[m : Successfully created attachment "API Response - JSON Body"
2023-02-07 11:02:11.531 &amp#27;[32m INFO&amp#27;[m &amp#27;[35m[@503 - main]&amp#27;[m &amp#27;[36mcom.shaft.tools.io.ReportManager&amp#27;[m : File Action "DoesFileExist" successfully performed. With the following test data "File Path: "SteeringCompanyAPI_TestData/SteeringCompanyAPI_TestData.xlsx"".
2023-02-07 11:02:11.544 &amp#27;[32m INFO&amp#27;[m &amp#27;[35m[@503 - main]&amp#27;[m &amp#27;[36mcom.shaft.tools.io.ReportManager&amp#27;[m : Successfully created attachment "Test Data - Excel"
2023-02-07 11:02:11.544 &amp#27;[32m INFO&amp#27;[m &amp#27;[35m[@503 - main]&amp#27;[m &amp#27;[36mcom.shaft.tools.io.ReportManager&amp#27;[m : File Action "DoesFileExist" successfully performed. With the following test data "File Path: "SteeringCompanyAPI_TestData/SteeringCompanyAPI_TestData.xlsx"".
2023-02-07 11:02:11.567 &amp#27;[32m INFO&amp#27;[m &amp#27;[35m[@503 - main]&amp#27;[m &amp#27;[36mcom.shaft.tools.io.ReportManager&amp#27;[m : Successfully created attachment "Test Data - Excel"
2023-02-07 11:02:11.567 &amp#27;[32m INFO&amp#27;[m &amp#27;[35m[@503 - main]&amp#27;[m &amp#27;[36mcom.shaft.tools.io.ReportManager&amp#27;[m : File Action "DoesFileExist" successfully performed. With the following test data "File Path: "SteeringCompanyAPI_TestData/SteeringCompanyAPI_TestData.xlsx"".
2023-02-07 11:02:11.585 &amp#27;[32m INFO&amp#27;[m &amp#27;[35m[@503 - main]&amp#27;[m &amp#27;[36mcom.shaft.tools.io.ReportManager&amp#27;[m : Successfully created attachment "Test Data - Excel"
2023-02-07 11:02:12.081 &amp#27;[32m INFO&amp#27;[m &amp#27;[35m[@503 - main]&amp#27;[m &amp#27;[36mcom.shaft.tools.io.ReportManager&amp#27;[m : Response status code: "422", status line: "HTTP/1.1 422 "
2023-02-07 11:02:12.090 &amp#27;[32m INFO&amp#27;[m &amp#27;[35m[@503 - main]&amp#27;[m &amp#27;[36mcom.shaft.tools.io.ReportManager&amp#27;[m : Successfully created attachment "API Request - Specifications"
2023-02-07 11:02:12.091 &amp#27;[32m INFO&amp#27;[m &amp#27;[35m[@503 - main]&amp#27;[m &amp#27;[36mcom.shaft.tools.io.ReportManager&amp#27;[m : Successfully created attachment "API Request - JSON Body"
2023-02-07 11:02:12.094 &amp#27;[32m INFO&amp#27;[m &amp#27;[35m[@503 - main]&amp#27;[m &amp#27;[36mcom.shaft.tools.io.ReportManager&amp#27;[m : Successfully created attachment "API Response - JSON Body"
2023-02-07 11:02:12.094 &amp#27;[32m INFO&amp#27;[m &amp#27;[35m[@503 - main]&amp#27;[m &amp#27;[36mcom.shaft.tools.io.ReportManager&amp#27;[m : File Action "DoesFileExist" successfully performed. With the following test data "File Path: "Schemas/ValidationError_schema.json"".
2023-02-07 11:02:12.094 &amp#27;[32m INFO&amp#27;[m &amp#27;[35m[@503 - main]&amp#27;[m &amp#27;[36mcom.shaft.tools.io.ReportManager&amp#27;[m : File Action "DoesFileExist" successfully performed. With the following test data "File Path: "src/test/resources/testDataFiles/Schemas/ValidationError_schema.json"".
2023-02-07 11:02:12.094 &amp#27;[32m INFO&amp#27;[m &amp#27;[35m[@503 - main]&amp#27;[m &amp#27;[36mcom.shaft.tools.io.ReportManager&amp#27;[m : File Action "GetAbsolutePath" successfully performed. With the following test data "Relative Folder Path: "src/test/resources/testDataFiles/Schemas/ValidationError_schema.json"".
2023-02-07 11:02:12.095 &amp#27;[32m INFO&amp#27;[m &amp#27;[35m[@503 - main]&amp#27;[m &amp#27;[36mcom.shaft.tools.io.ReportManager&amp#27;[m : File Action "DoesFileExist" successfully performed. With the following test data "File Path: "C:\eclipse-workspace\MyProjects\TASystemsAPIs\src\test\resources\testDataFiles\Schemas\ValidationError_schema.json"".
2023-02-07 11:02:12.096 &amp#27;[32m INFO&amp#27;[m &amp#27;[35m[@503 - main]&amp#27;[m &amp#27;[36mcom.shaft.tools.io.ReportManager&amp#27;[m : File Action "GetAbsolutePath" successfully performed. With the following test data "Relative Folder Path: "C:\eclipse-workspace\MyProjects\TASystemsAPIs\src\test\resources\testDataFiles\Schemas\ValidationError_schema.json"".
2023-02-07 11:02:12.096 &amp#27;[32m INFO&amp#27;[m &amp#27;[35m[@503 - main]&amp#27;[m &amp#27;[36mcom.shaft.tools.io.ReportManager&amp#27;[m : File Action "ReadFile" successfully performed. With the following test data "File Path: "C:\eclipse-workspace\MyProjects\TASystemsAPIs\src\test\resources\testDataFiles\Schemas\ValidationError_schema.json"".
2023-02-07 11:02:12.097 &amp#27;[32m INFO&amp#27;[m &amp#27;[35m[@503 - main]&amp#27;[m &amp#27;[36mcom.shaft.tools.io.ReportManager&amp#27;[m : Successfully created attachment "Validation Test Data - Expected JSON Value"
2023-02-07 11:02:12.097 &amp#27;[32m INFO&amp#27;[m &amp#27;[35m[@503 - main]&amp#27;[m &amp#27;[36mcom.shaft.tools.io.ReportManager&amp#27;[m : Successfully created attachment "Validation Test Data - Actual JSON Value"
2023-02-07 11:02:12.099 &amp#27;[32m INFO&amp#27;[m &amp#27;[35m[@503 - main]&amp#27;[m &amp#27;[36mcom.shaft.tools.io.ReportManager&amp#27;[m : Successfully created attachment "SHAFT Engine Logs - Current Method log: Update_Policy_With_InValid_data_TC"
]]></system-out>
  </testcase>
  <testcase name="Update_Policy_With_InValid_data_TC[[Ljava.lang.Object;@33ed4527](38)" classname="SteeringCompanyAPI_TestCases.Test_Policies_Cases" time="1.285">
    <system-out><![CDATA[2023-02-07 11:02:12.101 &amp#27;[32m INFO&amp#27;[m &amp#27;[35m[@534 - main]&amp#27;[m &amp#27;[36mcom.shaft.tools.io.ReportManager&amp#27;[m : 
################################################################################################################################################
Starting Execution:	"316 out of 107" test cases in the current suite
Test Method:		"SteeringCompanyAPI_TestCases.Test_Policies_Cases.Update_Policy_With_InValid_data_TC"
Test Description:	"TC053 -Policy- Perform Update Policy with InValid data"
################################################################################################################################################
2023-02-07 11:02:12.101 &amp#27;[32m INFO&amp#27;[m &amp#27;[35m[@503 - main]&amp#27;[m &amp#27;[36mcom.shaft.tools.io.ReportManager&amp#27;[m : File Action "DoesFileExist" successfully performed. With the following test data "File Path: "SteeringCompanyAPI_TestData/SteeringCompanyAPI_TestData.xlsx"".
2023-02-07 11:02:12.115 &amp#27;[32m INFO&amp#27;[m &amp#27;[35m[@503 - main]&amp#27;[m &amp#27;[36mcom.shaft.tools.io.ReportManager&amp#27;[m : Successfully created attachment "Test Data - Excel"
2023-02-07 11:02:12.745 &amp#27;[32m INFO&amp#27;[m &amp#27;[35m[@503 - main]&amp#27;[m &amp#27;[36mcom.shaft.tools.io.ReportManager&amp#27;[m : Response status code: "200", status line: "HTTP/1.1 200 OK"
2023-02-07 11:02:12.756 &amp#27;[32m INFO&amp#27;[m &amp#27;[35m[@503 - main]&amp#27;[m &amp#27;[36mcom.shaft.tools.io.ReportManager&amp#27;[m : Successfully created attachment "API Request - Specifications"
2023-02-07 11:02:12.756 &amp#27;[32m INFO&amp#27;[m &amp#27;[35m[@503 - main]&amp#27;[m &amp#27;[36mcom.shaft.tools.io.ReportManager&amp#27;[m : Successfully created attachment "API Request - Body"
2023-02-07 11:02:12.757 &amp#27;[32m INFO&amp#27;[m &amp#27;[35m[@503 - main]&amp#27;[m &amp#27;[36mcom.shaft.tools.io.ReportManager&amp#27;[m : Successfully created attachment "API Response - JSON Body"
2023-02-07 11:02:12.766 &amp#27;[32m INFO&amp#27;[m &amp#27;[35m[@503 - main]&amp#27;[m &amp#27;[36mcom.shaft.tools.io.ReportManager&amp#27;[m : File Action "DoesFileExist" successfully performed. With the following test data "File Path: "SteeringCompanyAPI_TestData/SteeringCompanyAPI_TestData.xlsx"".
2023-02-07 11:02:12.788 &amp#27;[32m INFO&amp#27;[m &amp#27;[35m[@503 - main]&amp#27;[m &amp#27;[36mcom.shaft.tools.io.ReportManager&amp#27;[m : Successfully created attachment "Test Data - Excel"
2023-02-07 11:02:12.788 &amp#27;[32m INFO&amp#27;[m &amp#27;[35m[@503 - main]&amp#27;[m &amp#27;[36mcom.shaft.tools.io.ReportManager&amp#27;[m : File Action "DoesFileExist" successfully performed. With the following test data "File Path: "SteeringCompanyAPI_TestData/SteeringCompanyAPI_TestData.xlsx"".
2023-02-07 11:02:12.810 &amp#27;[32m INFO&amp#27;[m &amp#27;[35m[@503 - main]&amp#27;[m &amp#27;[36mcom.shaft.tools.io.ReportManager&amp#27;[m : Successfully created attachment "Test Data - Excel"
2023-02-07 11:02:12.811 &amp#27;[32m INFO&amp#27;[m &amp#27;[35m[@503 - main]&amp#27;[m &amp#27;[36mcom.shaft.tools.io.ReportManager&amp#27;[m : File Action "DoesFileExist" successfully performed. With the following test data "File Path: "SteeringCompanyAPI_TestData/SteeringCompanyAPI_TestData.xlsx"".
2023-02-07 11:02:12.835 &amp#27;[32m INFO&amp#27;[m &amp#27;[35m[@503 - main]&amp#27;[m &amp#27;[36mcom.shaft.tools.io.ReportManager&amp#27;[m : Successfully created attachment "Test Data - Excel"
2023-02-07 11:02:13.368 &amp#27;[32m INFO&amp#27;[m &amp#27;[35m[@503 - main]&amp#27;[m &amp#27;[36mcom.shaft.tools.io.ReportManager&amp#27;[m : Response status code: "422", status line: "HTTP/1.1 422 "
2023-02-07 11:02:13.378 &amp#27;[32m INFO&amp#27;[m &amp#27;[35m[@503 - main]&amp#27;[m &amp#27;[36mcom.shaft.tools.io.ReportManager&amp#27;[m : Successfully created attachment "API Request - Specifications"
2023-02-07 11:02:13.379 &amp#27;[32m INFO&amp#27;[m &amp#27;[35m[@503 - main]&amp#27;[m &amp#27;[36mcom.shaft.tools.io.ReportManager&amp#27;[m : Successfully created attachment "API Request - JSON Body"
2023-02-07 11:02:13.380 &amp#27;[32m INFO&amp#27;[m &amp#27;[35m[@503 - main]&amp#27;[m &amp#27;[36mcom.shaft.tools.io.ReportManager&amp#27;[m : Successfully created attachment "API Response - JSON Body"
2023-02-07 11:02:13.380 &amp#27;[32m INFO&amp#27;[m &amp#27;[35m[@503 - main]&amp#27;[m &amp#27;[36mcom.shaft.tools.io.ReportManager&amp#27;[m : File Action "DoesFileExist" successfully performed. With the following test data "File Path: "Schemas/ValidationError_schema.json"".
2023-02-07 11:02:13.380 &amp#27;[32m INFO&amp#27;[m &amp#27;[35m[@503 - main]&amp#27;[m &amp#27;[36mcom.shaft.tools.io.ReportManager&amp#27;[m : File Action "DoesFileExist" successfully performed. With the following test data "File Path: "src/test/resources/testDataFiles/Schemas/ValidationError_schema.json"".
2023-02-07 11:02:13.380 &amp#27;[32m INFO&amp#27;[m &amp#27;[35m[@503 - main]&amp#27;[m &amp#27;[36mcom.shaft.tools.io.ReportManager&amp#27;[m : File Action "GetAbsolutePath" successfully performed. With the following test data "Relative Folder Path: "src/test/resources/testDataFiles/Schemas/ValidationError_schema.json"".
2023-02-07 11:02:13.382 &amp#27;[32m INFO&amp#27;[m &amp#27;[35m[@503 - main]&amp#27;[m &amp#27;[36mcom.shaft.tools.io.ReportManager&amp#27;[m : File Action "DoesFileExist" successfully performed. With the following test data "File Path: "C:\eclipse-workspace\MyProjects\TASystemsAPIs\src\test\resources\testDataFiles\Schemas\ValidationError_schema.json"".
2023-02-07 11:02:13.382 &amp#27;[32m INFO&amp#27;[m &amp#27;[35m[@503 - main]&amp#27;[m &amp#27;[36mcom.shaft.tools.io.ReportManager&amp#27;[m : File Action "GetAbsolutePath" successfully performed. With the following test data "Relative Folder Path: "C:\eclipse-workspace\MyProjects\TASystemsAPIs\src\test\resources\testDataFiles\Schemas\ValidationError_schema.json"".
2023-02-07 11:02:13.382 &amp#27;[32m INFO&amp#27;[m &amp#27;[35m[@503 - main]&amp#27;[m &amp#27;[36mcom.shaft.tools.io.ReportManager&amp#27;[m : File Action "ReadFile" successfully performed. With the following test data "File Path: "C:\eclipse-workspace\MyProjects\TASystemsAPIs\src\test\resources\testDataFiles\Schemas\ValidationError_schema.json"".
2023-02-07 11:02:13.383 &amp#27;[32m INFO&amp#27;[m &amp#27;[35m[@503 - main]&amp#27;[m &amp#27;[36mcom.shaft.tools.io.ReportManager&amp#27;[m : Successfully created attachment "Validation Test Data - Expected JSON Value"
2023-02-07 11:02:13.384 &amp#27;[32m INFO&amp#27;[m &amp#27;[35m[@503 - main]&amp#27;[m &amp#27;[36mcom.shaft.tools.io.ReportManager&amp#27;[m : Successfully created attachment "Validation Test Data - Actual JSON Value"
2023-02-07 11:02:13.384 &amp#27;[32m INFO&amp#27;[m &amp#27;[35m[@503 - main]&amp#27;[m &amp#27;[36mcom.shaft.tools.io.ReportManager&amp#27;[m : Successfully created attachment "SHAFT Engine Logs - Current Method log: Update_Policy_With_InValid_data_TC"
]]></system-out>
  </testcase>
  <testcase name="Update_Policy_With_InValid_data_TC[[Ljava.lang.Object;@4fa3aed3](39)" classname="SteeringCompanyAPI_TestCases.Test_Policies_Cases" time="1.241">
    <system-out><![CDATA[2023-02-07 11:02:13.386 &amp#27;[32m INFO&amp#27;[m &amp#27;[35m[@534 - main]&amp#27;[m &amp#27;[36mcom.shaft.tools.io.ReportManager&amp#27;[m : 
################################################################################################################################################
Starting Execution:	"317 out of 107" test cases in the current suite
Test Method:		"SteeringCompanyAPI_TestCases.Test_Policies_Cases.Update_Policy_With_InValid_data_TC"
Test Description:	"TC053 -Policy- Perform Update Policy with InValid data"
################################################################################################################################################
2023-02-07 11:02:13.387 &amp#27;[32m INFO&amp#27;[m &amp#27;[35m[@503 - main]&amp#27;[m &amp#27;[36mcom.shaft.tools.io.ReportManager&amp#27;[m : File Action "DoesFileExist" successfully performed. With the following test data "File Path: "SteeringCompanyAPI_TestData/SteeringCompanyAPI_TestData.xlsx"".
2023-02-07 11:02:13.403 &amp#27;[32m INFO&amp#27;[m &amp#27;[35m[@503 - main]&amp#27;[m &amp#27;[36mcom.shaft.tools.io.ReportManager&amp#27;[m : Successfully created attachment "Test Data - Excel"
2023-02-07 11:02:14.043 &amp#27;[32m INFO&amp#27;[m &amp#27;[35m[@503 - main]&amp#27;[m &amp#27;[36mcom.shaft.tools.io.ReportManager&amp#27;[m : Response status code: "200", status line: "HTTP/1.1 200 OK"
2023-02-07 11:02:14.053 &amp#27;[32m INFO&amp#27;[m &amp#27;[35m[@503 - main]&amp#27;[m &amp#27;[36mcom.shaft.tools.io.ReportManager&amp#27;[m : Successfully created attachment "API Request - Specifications"
2023-02-07 11:02:14.053 &amp#27;[32m INFO&amp#27;[m &amp#27;[35m[@503 - main]&amp#27;[m &amp#27;[36mcom.shaft.tools.io.ReportManager&amp#27;[m : Successfully created attachment "API Request - Body"
2023-02-07 11:02:14.054 &amp#27;[32m INFO&amp#27;[m &amp#27;[35m[@503 - main]&amp#27;[m &amp#27;[36mcom.shaft.tools.io.ReportManager&amp#27;[m : Successfully created attachment "API Response - JSON Body"
2023-02-07 11:02:14.063 &amp#27;[32m INFO&amp#27;[m &amp#27;[35m[@503 - main]&amp#27;[m &amp#27;[36mcom.shaft.tools.io.ReportManager&amp#27;[m : File Action "DoesFileExist" successfully performed. With the following test data "File Path: "SteeringCompanyAPI_TestData/SteeringCompanyAPI_TestData.xlsx"".
2023-02-07 11:02:14.086 &amp#27;[32m INFO&amp#27;[m &amp#27;[35m[@503 - main]&amp#27;[m &amp#27;[36mcom.shaft.tools.io.ReportManager&amp#27;[m : Successfully created attachment "Test Data - Excel"
2023-02-07 11:02:14.086 &amp#27;[32m INFO&amp#27;[m &amp#27;[35m[@503 - main]&amp#27;[m &amp#27;[36mcom.shaft.tools.io.ReportManager&amp#27;[m : File Action "DoesFileExist" successfully performed. With the following test data "File Path: "SteeringCompanyAPI_TestData/SteeringCompanyAPI_TestData.xlsx"".
2023-02-07 11:02:14.105 &amp#27;[32m INFO&amp#27;[m &amp#27;[35m[@503 - main]&amp#27;[m &amp#27;[36mcom.shaft.tools.io.ReportManager&amp#27;[m : Successfully created attachment "Test Data - Excel"
2023-02-07 11:02:14.105 &amp#27;[32m INFO&amp#27;[m &amp#27;[35m[@503 - main]&amp#27;[m &amp#27;[36mcom.shaft.tools.io.ReportManager&amp#27;[m : File Action "DoesFileExist" successfully performed. With the following test data "File Path: "SteeringCompanyAPI_TestData/SteeringCompanyAPI_TestData.xlsx"".
2023-02-07 11:02:14.126 &amp#27;[32m INFO&amp#27;[m &amp#27;[35m[@503 - main]&amp#27;[m &amp#27;[36mcom.shaft.tools.io.ReportManager&amp#27;[m : Successfully created attachment "Test Data - Excel"
2023-02-07 11:02:14.610 &amp#27;[32m INFO&amp#27;[m &amp#27;[35m[@503 - main]&amp#27;[m &amp#27;[36mcom.shaft.tools.io.ReportManager&amp#27;[m : Response status code: "422", status line: "HTTP/1.1 422 "
2023-02-07 11:02:14.618 &amp#27;[32m INFO&amp#27;[m &amp#27;[35m[@503 - main]&amp#27;[m &amp#27;[36mcom.shaft.tools.io.ReportManager&amp#27;[m : Successfully created attachment "API Request - Specifications"
2023-02-07 11:02:14.619 &amp#27;[32m INFO&amp#27;[m &amp#27;[35m[@503 - main]&amp#27;[m &amp#27;[36mcom.shaft.tools.io.ReportManager&amp#27;[m : Successfully created attachment "API Request - JSON Body"
2023-02-07 11:02:14.619 &amp#27;[32m INFO&amp#27;[m &amp#27;[35m[@503 - main]&amp#27;[m &amp#27;[36mcom.shaft.tools.io.ReportManager&amp#27;[m : Successfully created attachment "API Response - JSON Body"
2023-02-07 11:02:14.619 &amp#27;[32m INFO&amp#27;[m &amp#27;[35m[@503 - main]&amp#27;[m &amp#27;[36mcom.shaft.tools.io.ReportManager&amp#27;[m : File Action "DoesFileExist" successfully performed. With the following test data "File Path: "Schemas/ValidationError_schema.json"".
2023-02-07 11:02:14.619 &amp#27;[32m INFO&amp#27;[m &amp#27;[35m[@503 - main]&amp#27;[m &amp#27;[36mcom.shaft.tools.io.ReportManager&amp#27;[m : File Action "DoesFileExist" successfully performed. With the following test data "File Path: "src/test/resources/testDataFiles/Schemas/ValidationError_schema.json"".
2023-02-07 11:02:14.619 &amp#27;[32m INFO&amp#27;[m &amp#27;[35m[@503 - main]&amp#27;[m &amp#27;[36mcom.shaft.tools.io.ReportManager&amp#27;[m : File Action "GetAbsolutePath" successfully performed. With the following test data "Relative Folder Path: "src/test/resources/testDataFiles/Schemas/ValidationError_schema.json"".
2023-02-07 11:02:14.621 &amp#27;[32m INFO&amp#27;[m &amp#27;[35m[@503 - main]&amp#27;[m &amp#27;[36mcom.shaft.tools.io.ReportManager&amp#27;[m : File Action "DoesFileExist" successfully performed. With the following test data "File Path: "C:\eclipse-workspace\MyProjects\TASystemsAPIs\src\test\resources\testDataFiles\Schemas\ValidationError_schema.json"".
2023-02-07 11:02:14.621 &amp#27;[32m INFO&amp#27;[m &amp#27;[35m[@503 - main]&amp#27;[m &amp#27;[36mcom.shaft.tools.io.ReportManager&amp#27;[m : File Action "GetAbsolutePath" successfully performed. With the following test data "Relative Folder Path: "C:\eclipse-workspace\MyProjects\TASystemsAPIs\src\test\resources\testDataFiles\Schemas\ValidationError_schema.json"".
2023-02-07 11:02:14.621 &amp#27;[32m INFO&amp#27;[m &amp#27;[35m[@503 - main]&amp#27;[m &amp#27;[36mcom.shaft.tools.io.ReportManager&amp#27;[m : File Action "ReadFile" successfully performed. With the following test data "File Path: "C:\eclipse-workspace\MyProjects\TASystemsAPIs\src\test\resources\testDataFiles\Schemas\ValidationError_schema.json"".
2023-02-07 11:02:14.623 &amp#27;[32m INFO&amp#27;[m &amp#27;[35m[@503 - main]&amp#27;[m &amp#27;[36mcom.shaft.tools.io.ReportManager&amp#27;[m : Successfully created attachment "Validation Test Data - Expected JSON Value"
2023-02-07 11:02:14.623 &amp#27;[32m INFO&amp#27;[m &amp#27;[35m[@503 - main]&amp#27;[m &amp#27;[36mcom.shaft.tools.io.ReportManager&amp#27;[m : Successfully created attachment "Validation Test Data - Actual JSON Value"
2023-02-07 11:02:14.624 &amp#27;[32m INFO&amp#27;[m &amp#27;[35m[@503 - main]&amp#27;[m &amp#27;[36mcom.shaft.tools.io.ReportManager&amp#27;[m : Successfully created attachment "SHAFT Engine Logs - Current Method log: Update_Policy_With_InValid_data_TC"
]]></system-out>
  </testcase>
  <testcase name="Update_Policy_With_InValid_data_TC[[Ljava.lang.Object;@7ccafedd](40)" classname="SteeringCompanyAPI_TestCases.Test_Policies_Cases" time="1.497">
    <system-out><![CDATA[2023-02-07 11:02:14.626 &amp#27;[32m INFO&amp#27;[m &amp#27;[35m[@534 - main]&amp#27;[m &amp#27;[36mcom.shaft.tools.io.ReportManager&amp#27;[m : 
################################################################################################################################################
Starting Execution:	"318 out of 107" test cases in the current suite
Test Method:		"SteeringCompanyAPI_TestCases.Test_Policies_Cases.Update_Policy_With_InValid_data_TC"
Test Description:	"TC053 -Policy- Perform Update Policy with InValid data"
################################################################################################################################################
2023-02-07 11:02:14.627 &amp#27;[32m INFO&amp#27;[m &amp#27;[35m[@503 - main]&amp#27;[m &amp#27;[36mcom.shaft.tools.io.ReportManager&amp#27;[m : File Action "DoesFileExist" successfully performed. With the following test data "File Path: "SteeringCompanyAPI_TestData/SteeringCompanyAPI_TestData.xlsx"".
2023-02-07 11:02:14.641 &amp#27;[32m INFO&amp#27;[m &amp#27;[35m[@503 - main]&amp#27;[m &amp#27;[36mcom.shaft.tools.io.ReportManager&amp#27;[m : Successfully created attachment "Test Data - Excel"
2023-02-07 11:02:15.309 &amp#27;[32m INFO&amp#27;[m &amp#27;[35m[@503 - main]&amp#27;[m &amp#27;[36mcom.shaft.tools.io.ReportManager&amp#27;[m : Response status code: "200", status line: "HTTP/1.1 200 OK"
2023-02-07 11:02:15.316 &amp#27;[32m INFO&amp#27;[m &amp#27;[35m[@503 - main]&amp#27;[m &amp#27;[36mcom.shaft.tools.io.ReportManager&amp#27;[m : Successfully created attachment "API Request - Specifications"
2023-02-07 11:02:15.316 &amp#27;[32m INFO&amp#27;[m &amp#27;[35m[@503 - main]&amp#27;[m &amp#27;[36mcom.shaft.tools.io.ReportManager&amp#27;[m : Successfully created attachment "API Request - Body"
2023-02-07 11:02:15.317 &amp#27;[32m INFO&amp#27;[m &amp#27;[35m[@503 - main]&amp#27;[m &amp#27;[36mcom.shaft.tools.io.ReportManager&amp#27;[m : Successfully created attachment "API Response - JSON Body"
2023-02-07 11:02:15.323 &amp#27;[32m INFO&amp#27;[m &amp#27;[35m[@503 - main]&amp#27;[m &amp#27;[36mcom.shaft.tools.io.ReportManager&amp#27;[m : File Action "DoesFileExist" successfully performed. With the following test data "File Path: "SteeringCompanyAPI_TestData/SteeringCompanyAPI_TestData.xlsx"".
2023-02-07 11:02:15.339 &amp#27;[32m INFO&amp#27;[m &amp#27;[35m[@503 - main]&amp#27;[m &amp#27;[36mcom.shaft.tools.io.ReportManager&amp#27;[m : Successfully created attachment "Test Data - Excel"
2023-02-07 11:02:15.340 &amp#27;[32m INFO&amp#27;[m &amp#27;[35m[@503 - main]&amp#27;[m &amp#27;[36mcom.shaft.tools.io.ReportManager&amp#27;[m : File Action "DoesFileExist" successfully performed. With the following test data "File Path: "SteeringCompanyAPI_TestData/SteeringCompanyAPI_TestData.xlsx"".
2023-02-07 11:02:15.356 &amp#27;[32m INFO&amp#27;[m &amp#27;[35m[@503 - main]&amp#27;[m &amp#27;[36mcom.shaft.tools.io.ReportManager&amp#27;[m : Successfully created attachment "Test Data - Excel"
2023-02-07 11:02:15.356 &amp#27;[32m INFO&amp#27;[m &amp#27;[35m[@503 - main]&amp#27;[m &amp#27;[36mcom.shaft.tools.io.ReportManager&amp#27;[m : File Action "DoesFileExist" successfully performed. With the following test data "File Path: "SteeringCompanyAPI_TestData/SteeringCompanyAPI_TestData.xlsx"".
2023-02-07 11:02:15.386 &amp#27;[32m INFO&amp#27;[m &amp#27;[35m[@503 - main]&amp#27;[m &amp#27;[36mcom.shaft.tools.io.ReportManager&amp#27;[m : Successfully created attachment "Test Data - Excel"
2023-02-07 11:02:16.104 &amp#27;[32m INFO&amp#27;[m &amp#27;[35m[@503 - main]&amp#27;[m &amp#27;[36mcom.shaft.tools.io.ReportManager&amp#27;[m : Response status code: "422", status line: "HTTP/1.1 422 "
2023-02-07 11:02:16.116 &amp#27;[32m INFO&amp#27;[m &amp#27;[35m[@503 - main]&amp#27;[m &amp#27;[36mcom.shaft.tools.io.ReportManager&amp#27;[m : Successfully created attachment "API Request - Specifications"
2023-02-07 11:02:16.116 &amp#27;[32m INFO&amp#27;[m &amp#27;[35m[@503 - main]&amp#27;[m &amp#27;[36mcom.shaft.tools.io.ReportManager&amp#27;[m : Successfully created attachment "API Request - JSON Body"
2023-02-07 11:02:16.117 &amp#27;[32m INFO&amp#27;[m &amp#27;[35m[@503 - main]&amp#27;[m &amp#27;[36mcom.shaft.tools.io.ReportManager&amp#27;[m : Successfully created attachment "API Response - JSON Body"
2023-02-07 11:02:16.118 &amp#27;[32m INFO&amp#27;[m &amp#27;[35m[@503 - main]&amp#27;[m &amp#27;[36mcom.shaft.tools.io.ReportManager&amp#27;[m : File Action "DoesFileExist" successfully performed. With the following test data "File Path: "Schemas/ValidationError_schema.json"".
2023-02-07 11:02:16.118 &amp#27;[32m INFO&amp#27;[m &amp#27;[35m[@503 - main]&amp#27;[m &amp#27;[36mcom.shaft.tools.io.ReportManager&amp#27;[m : File Action "DoesFileExist" successfully performed. With the following test data "File Path: "src/test/resources/testDataFiles/Schemas/ValidationError_schema.json"".
2023-02-07 11:02:16.118 &amp#27;[32m INFO&amp#27;[m &amp#27;[35m[@503 - main]&amp#27;[m &amp#27;[36mcom.shaft.tools.io.ReportManager&amp#27;[m : File Action "GetAbsolutePath" successfully performed. With the following test data "Relative Folder Path: "src/test/resources/testDataFiles/Schemas/ValidationError_schema.json"".
2023-02-07 11:02:16.120 &amp#27;[32m INFO&amp#27;[m &amp#27;[35m[@503 - main]&amp#27;[m &amp#27;[36mcom.shaft.tools.io.ReportManager&amp#27;[m : File Action "DoesFileExist" successfully performed. With the following test data "File Path: "C:\eclipse-workspace\MyProjects\TASystemsAPIs\src\test\resources\testDataFiles\Schemas\ValidationError_schema.json"".
2023-02-07 11:02:16.120 &amp#27;[32m INFO&amp#27;[m &amp#27;[35m[@503 - main]&amp#27;[m &amp#27;[36mcom.shaft.tools.io.ReportManager&amp#27;[m : File Action "GetAbsolutePath" successfully performed. With the following test data "Relative Folder Path: "C:\eclipse-workspace\MyProjects\TASystemsAPIs\src\test\resources\testDataFiles\Schemas\ValidationError_schema.json"".
2023-02-07 11:02:16.120 &amp#27;[32m INFO&amp#27;[m &amp#27;[35m[@503 - main]&amp#27;[m &amp#27;[36mcom.shaft.tools.io.ReportManager&amp#27;[m : File Action "ReadFile" successfully performed. With the following test data "File Path: "C:\eclipse-workspace\MyProjects\TASystemsAPIs\src\test\resources\testDataFiles\Schemas\ValidationError_schema.json"".
2023-02-07 11:02:16.122 &amp#27;[32m INFO&amp#27;[m &amp#27;[35m[@503 - main]&amp#27;[m &amp#27;[36mcom.shaft.tools.io.ReportManager&amp#27;[m : Successfully created attachment "Validation Test Data - Expected JSON Value"
2023-02-07 11:02:16.122 &amp#27;[32m INFO&amp#27;[m &amp#27;[35m[@503 - main]&amp#27;[m &amp#27;[36mcom.shaft.tools.io.ReportManager&amp#27;[m : Successfully created attachment "Validation Test Data - Actual JSON Value"
2023-02-07 11:02:16.122 &amp#27;[32m INFO&amp#27;[m &amp#27;[35m[@503 - main]&amp#27;[m &amp#27;[36mcom.shaft.tools.io.ReportManager&amp#27;[m : Successfully created attachment "SHAFT Engine Logs - Current Method log: Update_Policy_With_InValid_data_TC"
]]></system-out>
  </testcase>
  <testcase name="Update_Policy_With_InValid_data_TC[[Ljava.lang.Object;@51475ac1](41)" classname="SteeringCompanyAPI_TestCases.Test_Policies_Cases" time="1.402">
    <system-out><![CDATA[2023-02-07 11:02:16.124 &amp#27;[32m INFO&amp#27;[m &amp#27;[35m[@534 - main]&amp#27;[m &amp#27;[36mcom.shaft.tools.io.ReportManager&amp#27;[m : 
################################################################################################################################################
Starting Execution:	"319 out of 107" test cases in the current suite
Test Method:		"SteeringCompanyAPI_TestCases.Test_Policies_Cases.Update_Policy_With_InValid_data_TC"
Test Description:	"TC053 -Policy- Perform Update Policy with InValid data"
################################################################################################################################################
2023-02-07 11:02:16.125 &amp#27;[32m INFO&amp#27;[m &amp#27;[35m[@503 - main]&amp#27;[m &amp#27;[36mcom.shaft.tools.io.ReportManager&amp#27;[m : File Action "DoesFileExist" successfully performed. With the following test data "File Path: "SteeringCompanyAPI_TestData/SteeringCompanyAPI_TestData.xlsx"".
2023-02-07 11:02:16.139 &amp#27;[32m INFO&amp#27;[m &amp#27;[35m[@503 - main]&amp#27;[m &amp#27;[36mcom.shaft.tools.io.ReportManager&amp#27;[m : Successfully created attachment "Test Data - Excel"
2023-02-07 11:02:16.955 &amp#27;[32m INFO&amp#27;[m &amp#27;[35m[@503 - main]&amp#27;[m &amp#27;[36mcom.shaft.tools.io.ReportManager&amp#27;[m : Response status code: "200", status line: "HTTP/1.1 200 OK"
2023-02-07 11:02:16.964 &amp#27;[32m INFO&amp#27;[m &amp#27;[35m[@503 - main]&amp#27;[m &amp#27;[36mcom.shaft.tools.io.ReportManager&amp#27;[m : Successfully created attachment "API Request - Specifications"
2023-02-07 11:02:16.964 &amp#27;[32m INFO&amp#27;[m &amp#27;[35m[@503 - main]&amp#27;[m &amp#27;[36mcom.shaft.tools.io.ReportManager&amp#27;[m : Successfully created attachment "API Request - Body"
2023-02-07 11:02:16.965 &amp#27;[32m INFO&amp#27;[m &amp#27;[35m[@503 - main]&amp#27;[m &amp#27;[36mcom.shaft.tools.io.ReportManager&amp#27;[m : Successfully created attachment "API Response - JSON Body"
2023-02-07 11:02:16.970 &amp#27;[32m INFO&amp#27;[m &amp#27;[35m[@503 - main]&amp#27;[m &amp#27;[36mcom.shaft.tools.io.ReportManager&amp#27;[m : File Action "DoesFileExist" successfully performed. With the following test data "File Path: "SteeringCompanyAPI_TestData/SteeringCompanyAPI_TestData.xlsx"".
2023-02-07 11:02:16.983 &amp#27;[32m INFO&amp#27;[m &amp#27;[35m[@503 - main]&amp#27;[m &amp#27;[36mcom.shaft.tools.io.ReportManager&amp#27;[m : Successfully created attachment "Test Data - Excel"
2023-02-07 11:02:16.983 &amp#27;[32m INFO&amp#27;[m &amp#27;[35m[@503 - main]&amp#27;[m &amp#27;[36mcom.shaft.tools.io.ReportManager&amp#27;[m : File Action "DoesFileExist" successfully performed. With the following test data "File Path: "SteeringCompanyAPI_TestData/SteeringCompanyAPI_TestData.xlsx"".
2023-02-07 11:02:16.997 &amp#27;[32m INFO&amp#27;[m &amp#27;[35m[@503 - main]&amp#27;[m &amp#27;[36mcom.shaft.tools.io.ReportManager&amp#27;[m : Successfully created attachment "Test Data - Excel"
2023-02-07 11:02:16.997 &amp#27;[32m INFO&amp#27;[m &amp#27;[35m[@503 - main]&amp#27;[m &amp#27;[36mcom.shaft.tools.io.ReportManager&amp#27;[m : File Action "DoesFileExist" successfully performed. With the following test data "File Path: "SteeringCompanyAPI_TestData/SteeringCompanyAPI_TestData.xlsx"".
2023-02-07 11:02:17.011 &amp#27;[32m INFO&amp#27;[m &amp#27;[35m[@503 - main]&amp#27;[m &amp#27;[36mcom.shaft.tools.io.ReportManager&amp#27;[m : Successfully created attachment "Test Data - Excel"
2023-02-07 11:02:17.510 &amp#27;[32m INFO&amp#27;[m &amp#27;[35m[@503 - main]&amp#27;[m &amp#27;[36mcom.shaft.tools.io.ReportManager&amp#27;[m : Response status code: "422", status line: "HTTP/1.1 422 "
2023-02-07 11:02:17.517 &amp#27;[32m INFO&amp#27;[m &amp#27;[35m[@503 - main]&amp#27;[m &amp#27;[36mcom.shaft.tools.io.ReportManager&amp#27;[m : Successfully created attachment "API Request - Specifications"
2023-02-07 11:02:17.518 &amp#27;[32m INFO&amp#27;[m &amp#27;[35m[@503 - main]&amp#27;[m &amp#27;[36mcom.shaft.tools.io.ReportManager&amp#27;[m : Successfully created attachment "API Request - JSON Body"
2023-02-07 11:02:17.518 &amp#27;[32m INFO&amp#27;[m &amp#27;[35m[@503 - main]&amp#27;[m &amp#27;[36mcom.shaft.tools.io.ReportManager&amp#27;[m : Successfully created attachment "API Response - JSON Body"
2023-02-07 11:02:17.519 &amp#27;[32m INFO&amp#27;[m &amp#27;[35m[@503 - main]&amp#27;[m &amp#27;[36mcom.shaft.tools.io.ReportManager&amp#27;[m : File Action "DoesFileExist" successfully performed. With the following test data "File Path: "Schemas/ValidationError_schema.json"".
2023-02-07 11:02:17.519 &amp#27;[32m INFO&amp#27;[m &amp#27;[35m[@503 - main]&amp#27;[m &amp#27;[36mcom.shaft.tools.io.ReportManager&amp#27;[m : File Action "DoesFileExist" successfully performed. With the following test data "File Path: "src/test/resources/testDataFiles/Schemas/ValidationError_schema.json"".
2023-02-07 11:02:17.519 &amp#27;[32m INFO&amp#27;[m &amp#27;[35m[@503 - main]&amp#27;[m &amp#27;[36mcom.shaft.tools.io.ReportManager&amp#27;[m : File Action "GetAbsolutePath" successfully performed. With the following test data "Relative Folder Path: "src/test/resources/testDataFiles/Schemas/ValidationError_schema.json"".
2023-02-07 11:02:17.521 &amp#27;[32m INFO&amp#27;[m &amp#27;[35m[@503 - main]&amp#27;[m &amp#27;[36mcom.shaft.tools.io.ReportManager&amp#27;[m : File Action "DoesFileExist" successfully performed. With the following test data "File Path: "C:\eclipse-workspace\MyProjects\TASystemsAPIs\src\test\resources\testDataFiles\Schemas\ValidationError_schema.json"".
2023-02-07 11:02:17.521 &amp#27;[32m INFO&amp#27;[m &amp#27;[35m[@503 - main]&amp#27;[m &amp#27;[36mcom.shaft.tools.io.ReportManager&amp#27;[m : File Action "GetAbsolutePath" successfully performed. With the following test data "Relative Folder Path: "C:\eclipse-workspace\MyProjects\TASystemsAPIs\src\test\resources\testDataFiles\Schemas\ValidationError_schema.json"".
2023-02-07 11:02:17.521 &amp#27;[32m INFO&amp#27;[m &amp#27;[35m[@503 - main]&amp#27;[m &amp#27;[36mcom.shaft.tools.io.ReportManager&amp#27;[m : File Action "ReadFile" successfully performed. With the following test data "File Path: "C:\eclipse-workspace\MyProjects\TASystemsAPIs\src\test\resources\testDataFiles\Schemas\ValidationError_schema.json"".
2023-02-07 11:02:17.523 &amp#27;[32m INFO&amp#27;[m &amp#27;[35m[@503 - main]&amp#27;[m &amp#27;[36mcom.shaft.tools.io.ReportManager&amp#27;[m : Successfully created attachment "Validation Test Data - Expected JSON Value"
2023-02-07 11:02:17.524 &amp#27;[32m INFO&amp#27;[m &amp#27;[35m[@503 - main]&amp#27;[m &amp#27;[36mcom.shaft.tools.io.ReportManager&amp#27;[m : Successfully created attachment "Validation Test Data - Actual JSON Value"
2023-02-07 11:02:17.524 &amp#27;[32m INFO&amp#27;[m &amp#27;[35m[@503 - main]&amp#27;[m &amp#27;[36mcom.shaft.tools.io.ReportManager&amp#27;[m : Successfully created attachment "SHAFT Engine Logs - Current Method log: Update_Policy_With_InValid_data_TC"
]]></system-out>
  </testcase>
  <testcase name="Update_Policy_With_InValid_data_TC[[Ljava.lang.Object;@187da404](42)" classname="SteeringCompanyAPI_TestCases.Test_Policies_Cases" time="1.196">
    <system-out><![CDATA[2023-02-07 11:02:17.526 &amp#27;[32m INFO&amp#27;[m &amp#27;[35m[@534 - main]&amp#27;[m &amp#27;[36mcom.shaft.tools.io.ReportManager&amp#27;[m : 
################################################################################################################################################
Starting Execution:	"320 out of 107" test cases in the current suite
Test Method:		"SteeringCompanyAPI_TestCases.Test_Policies_Cases.Update_Policy_With_InValid_data_TC"
Test Description:	"TC053 -Policy- Perform Update Policy with InValid data"
################################################################################################################################################
2023-02-07 11:02:17.527 &amp#27;[32m INFO&amp#27;[m &amp#27;[35m[@503 - main]&amp#27;[m &amp#27;[36mcom.shaft.tools.io.ReportManager&amp#27;[m : File Action "DoesFileExist" successfully performed. With the following test data "File Path: "SteeringCompanyAPI_TestData/SteeringCompanyAPI_TestData.xlsx"".
2023-02-07 11:02:17.544 &amp#27;[32m INFO&amp#27;[m &amp#27;[35m[@503 - main]&amp#27;[m &amp#27;[36mcom.shaft.tools.io.ReportManager&amp#27;[m : Successfully created attachment "Test Data - Excel"
2023-02-07 11:02:18.143 &amp#27;[32m INFO&amp#27;[m &amp#27;[35m[@503 - main]&amp#27;[m &amp#27;[36mcom.shaft.tools.io.ReportManager&amp#27;[m : Response status code: "200", status line: "HTTP/1.1 200 OK"
2023-02-07 11:02:18.155 &amp#27;[32m INFO&amp#27;[m &amp#27;[35m[@503 - main]&amp#27;[m &amp#27;[36mcom.shaft.tools.io.ReportManager&amp#27;[m : Successfully created attachment "API Request - Specifications"
2023-02-07 11:02:18.156 &amp#27;[32m INFO&amp#27;[m &amp#27;[35m[@503 - main]&amp#27;[m &amp#27;[36mcom.shaft.tools.io.ReportManager&amp#27;[m : Successfully created attachment "API Request - Body"
2023-02-07 11:02:18.157 &amp#27;[32m INFO&amp#27;[m &amp#27;[35m[@503 - main]&amp#27;[m &amp#27;[36mcom.shaft.tools.io.ReportManager&amp#27;[m : Successfully created attachment "API Response - JSON Body"
2023-02-07 11:02:18.163 &amp#27;[32m INFO&amp#27;[m &amp#27;[35m[@503 - main]&amp#27;[m &amp#27;[36mcom.shaft.tools.io.ReportManager&amp#27;[m : File Action "DoesFileExist" successfully performed. With the following test data "File Path: "SteeringCompanyAPI_TestData/SteeringCompanyAPI_TestData.xlsx"".
2023-02-07 11:02:18.177 &amp#27;[32m INFO&amp#27;[m &amp#27;[35m[@503 - main]&amp#27;[m &amp#27;[36mcom.shaft.tools.io.ReportManager&amp#27;[m : Successfully created attachment "Test Data - Excel"
2023-02-07 11:02:18.177 &amp#27;[32m INFO&amp#27;[m &amp#27;[35m[@503 - main]&amp#27;[m &amp#27;[36mcom.shaft.tools.io.ReportManager&amp#27;[m : File Action "DoesFileExist" successfully performed. With the following test data "File Path: "SteeringCompanyAPI_TestData/SteeringCompanyAPI_TestData.xlsx"".
2023-02-07 11:02:18.192 &amp#27;[32m INFO&amp#27;[m &amp#27;[35m[@503 - main]&amp#27;[m &amp#27;[36mcom.shaft.tools.io.ReportManager&amp#27;[m : Successfully created attachment "Test Data - Excel"
2023-02-07 11:02:18.192 &amp#27;[32m INFO&amp#27;[m &amp#27;[35m[@503 - main]&amp#27;[m &amp#27;[36mcom.shaft.tools.io.ReportManager&amp#27;[m : File Action "DoesFileExist" successfully performed. With the following test data "File Path: "SteeringCompanyAPI_TestData/SteeringCompanyAPI_TestData.xlsx"".
2023-02-07 11:02:18.205 &amp#27;[32m INFO&amp#27;[m &amp#27;[35m[@503 - main]&amp#27;[m &amp#27;[36mcom.shaft.tools.io.ReportManager&amp#27;[m : Successfully created attachment "Test Data - Excel"
2023-02-07 11:02:18.703 &amp#27;[32m INFO&amp#27;[m &amp#27;[35m[@503 - main]&amp#27;[m &amp#27;[36mcom.shaft.tools.io.ReportManager&amp#27;[m : Response status code: "422", status line: "HTTP/1.1 422 "
2023-02-07 11:02:18.714 &amp#27;[32m INFO&amp#27;[m &amp#27;[35m[@503 - main]&amp#27;[m &amp#27;[36mcom.shaft.tools.io.ReportManager&amp#27;[m : Successfully created attachment "API Request - Specifications"
2023-02-07 11:02:18.714 &amp#27;[32m INFO&amp#27;[m &amp#27;[35m[@503 - main]&amp#27;[m &amp#27;[36mcom.shaft.tools.io.ReportManager&amp#27;[m : Successfully created attachment "API Request - JSON Body"
2023-02-07 11:02:18.715 &amp#27;[32m INFO&amp#27;[m &amp#27;[35m[@503 - main]&amp#27;[m &amp#27;[36mcom.shaft.tools.io.ReportManager&amp#27;[m : Successfully created attachment "API Response - JSON Body"
2023-02-07 11:02:18.715 &amp#27;[32m INFO&amp#27;[m &amp#27;[35m[@503 - main]&amp#27;[m &amp#27;[36mcom.shaft.tools.io.ReportManager&amp#27;[m : File Action "DoesFileExist" successfully performed. With the following test data "File Path: "Schemas/ValidationError_schema.json"".
2023-02-07 11:02:18.715 &amp#27;[32m INFO&amp#27;[m &amp#27;[35m[@503 - main]&amp#27;[m &amp#27;[36mcom.shaft.tools.io.ReportManager&amp#27;[m : File Action "DoesFileExist" successfully performed. With the following test data "File Path: "src/test/resources/testDataFiles/Schemas/ValidationError_schema.json"".
2023-02-07 11:02:18.715 &amp#27;[32m INFO&amp#27;[m &amp#27;[35m[@503 - main]&amp#27;[m &amp#27;[36mcom.shaft.tools.io.ReportManager&amp#27;[m : File Action "GetAbsolutePath" successfully performed. With the following test data "Relative Folder Path: "src/test/resources/testDataFiles/Schemas/ValidationError_schema.json"".
2023-02-07 11:02:18.717 &amp#27;[32m INFO&amp#27;[m &amp#27;[35m[@503 - main]&amp#27;[m &amp#27;[36mcom.shaft.tools.io.ReportManager&amp#27;[m : File Action "DoesFileExist" successfully performed. With the following test data "File Path: "C:\eclipse-workspace\MyProjects\TASystemsAPIs\src\test\resources\testDataFiles\Schemas\ValidationError_schema.json"".
2023-02-07 11:02:18.717 &amp#27;[32m INFO&amp#27;[m &amp#27;[35m[@503 - main]&amp#27;[m &amp#27;[36mcom.shaft.tools.io.ReportManager&amp#27;[m : File Action "GetAbsolutePath" successfully performed. With the following test data "Relative Folder Path: "C:\eclipse-workspace\MyProjects\TASystemsAPIs\src\test\resources\testDataFiles\Schemas\ValidationError_schema.json"".
2023-02-07 11:02:18.717 &amp#27;[32m INFO&amp#27;[m &amp#27;[35m[@503 - main]&amp#27;[m &amp#27;[36mcom.shaft.tools.io.ReportManager&amp#27;[m : File Action "ReadFile" successfully performed. With the following test data "File Path: "C:\eclipse-workspace\MyProjects\TASystemsAPIs\src\test\resources\testDataFiles\Schemas\ValidationError_schema.json"".
2023-02-07 11:02:18.718 &amp#27;[32m INFO&amp#27;[m &amp#27;[35m[@503 - main]&amp#27;[m &amp#27;[36mcom.shaft.tools.io.ReportManager&amp#27;[m : Successfully created attachment "Validation Test Data - Expected JSON Value"
2023-02-07 11:02:18.721 &amp#27;[32m INFO&amp#27;[m &amp#27;[35m[@503 - main]&amp#27;[m &amp#27;[36mcom.shaft.tools.io.ReportManager&amp#27;[m : Successfully created attachment "Validation Test Data - Actual JSON Value"
2023-02-07 11:02:18.721 &amp#27;[32m INFO&amp#27;[m &amp#27;[35m[@503 - main]&amp#27;[m &amp#27;[36mcom.shaft.tools.io.ReportManager&amp#27;[m : Successfully created attachment "SHAFT Engine Logs - Current Method log: Update_Policy_With_InValid_data_TC"
]]></system-out>
  </testcase>
  <testcase name="Update_Policy_With_InValid_data_TC[[Ljava.lang.Object;@3696b40f](43)" classname="SteeringCompanyAPI_TestCases.Test_Policies_Cases" time="1.411">
    <system-out><![CDATA[2023-02-07 11:02:18.722 &amp#27;[32m INFO&amp#27;[m &amp#27;[35m[@534 - main]&amp#27;[m &amp#27;[36mcom.shaft.tools.io.ReportManager&amp#27;[m : 
################################################################################################################################################
Starting Execution:	"321 out of 107" test cases in the current suite
Test Method:		"SteeringCompanyAPI_TestCases.Test_Policies_Cases.Update_Policy_With_InValid_data_TC"
Test Description:	"TC053 -Policy- Perform Update Policy with InValid data"
################################################################################################################################################
2023-02-07 11:02:18.723 &amp#27;[32m INFO&amp#27;[m &amp#27;[35m[@503 - main]&amp#27;[m &amp#27;[36mcom.shaft.tools.io.ReportManager&amp#27;[m : File Action "DoesFileExist" successfully performed. With the following test data "File Path: "SteeringCompanyAPI_TestData/SteeringCompanyAPI_TestData.xlsx"".
2023-02-07 11:02:18.736 &amp#27;[32m INFO&amp#27;[m &amp#27;[35m[@503 - main]&amp#27;[m &amp#27;[36mcom.shaft.tools.io.ReportManager&amp#27;[m : Successfully created attachment "Test Data - Excel"
2023-02-07 11:02:19.553 &amp#27;[32m INFO&amp#27;[m &amp#27;[35m[@503 - main]&amp#27;[m &amp#27;[36mcom.shaft.tools.io.ReportManager&amp#27;[m : Response status code: "200", status line: "HTTP/1.1 200 OK"
2023-02-07 11:02:19.562 &amp#27;[32m INFO&amp#27;[m &amp#27;[35m[@503 - main]&amp#27;[m &amp#27;[36mcom.shaft.tools.io.ReportManager&amp#27;[m : Successfully created attachment "API Request - Specifications"
2023-02-07 11:02:19.562 &amp#27;[32m INFO&amp#27;[m &amp#27;[35m[@503 - main]&amp#27;[m &amp#27;[36mcom.shaft.tools.io.ReportManager&amp#27;[m : Successfully created attachment "API Request - Body"
2023-02-07 11:02:19.562 &amp#27;[32m INFO&amp#27;[m &amp#27;[35m[@503 - main]&amp#27;[m &amp#27;[36mcom.shaft.tools.io.ReportManager&amp#27;[m : Successfully created attachment "API Response - JSON Body"
2023-02-07 11:02:19.568 &amp#27;[32m INFO&amp#27;[m &amp#27;[35m[@503 - main]&amp#27;[m &amp#27;[36mcom.shaft.tools.io.ReportManager&amp#27;[m : File Action "DoesFileExist" successfully performed. With the following test data "File Path: "SteeringCompanyAPI_TestData/SteeringCompanyAPI_TestData.xlsx"".
2023-02-07 11:02:19.582 &amp#27;[32m INFO&amp#27;[m &amp#27;[35m[@503 - main]&amp#27;[m &amp#27;[36mcom.shaft.tools.io.ReportManager&amp#27;[m : Successfully created attachment "Test Data - Excel"
2023-02-07 11:02:19.583 &amp#27;[32m INFO&amp#27;[m &amp#27;[35m[@503 - main]&amp#27;[m &amp#27;[36mcom.shaft.tools.io.ReportManager&amp#27;[m : File Action "DoesFileExist" successfully performed. With the following test data "File Path: "SteeringCompanyAPI_TestData/SteeringCompanyAPI_TestData.xlsx"".
2023-02-07 11:02:19.597 &amp#27;[32m INFO&amp#27;[m &amp#27;[35m[@503 - main]&amp#27;[m &amp#27;[36mcom.shaft.tools.io.ReportManager&amp#27;[m : Successfully created attachment "Test Data - Excel"
2023-02-07 11:02:19.597 &amp#27;[32m INFO&amp#27;[m &amp#27;[35m[@503 - main]&amp#27;[m &amp#27;[36mcom.shaft.tools.io.ReportManager&amp#27;[m : File Action "DoesFileExist" successfully performed. With the following test data "File Path: "SteeringCompanyAPI_TestData/SteeringCompanyAPI_TestData.xlsx"".
2023-02-07 11:02:19.614 &amp#27;[32m INFO&amp#27;[m &amp#27;[35m[@503 - main]&amp#27;[m &amp#27;[36mcom.shaft.tools.io.ReportManager&amp#27;[m : Successfully created attachment "Test Data - Excel"
2023-02-07 11:02:20.113 &amp#27;[32m INFO&amp#27;[m &amp#27;[35m[@503 - main]&amp#27;[m &amp#27;[36mcom.shaft.tools.io.ReportManager&amp#27;[m : Response status code: "422", status line: "HTTP/1.1 422 "
2023-02-07 11:02:20.124 &amp#27;[32m INFO&amp#27;[m &amp#27;[35m[@503 - main]&amp#27;[m &amp#27;[36mcom.shaft.tools.io.ReportManager&amp#27;[m : Successfully created attachment "API Request - Specifications"
2023-02-07 11:02:20.124 &amp#27;[32m INFO&amp#27;[m &amp#27;[35m[@503 - main]&amp#27;[m &amp#27;[36mcom.shaft.tools.io.ReportManager&amp#27;[m : Successfully created attachment "API Request - JSON Body"
2023-02-07 11:02:20.128 &amp#27;[32m INFO&amp#27;[m &amp#27;[35m[@503 - main]&amp#27;[m &amp#27;[36mcom.shaft.tools.io.ReportManager&amp#27;[m : Successfully created attachment "API Response - JSON Body"
2023-02-07 11:02:20.128 &amp#27;[32m INFO&amp#27;[m &amp#27;[35m[@503 - main]&amp#27;[m &amp#27;[36mcom.shaft.tools.io.ReportManager&amp#27;[m : File Action "DoesFileExist" successfully performed. With the following test data "File Path: "Schemas/ValidationError_schema.json"".
2023-02-07 11:02:20.128 &amp#27;[32m INFO&amp#27;[m &amp#27;[35m[@503 - main]&amp#27;[m &amp#27;[36mcom.shaft.tools.io.ReportManager&amp#27;[m : File Action "DoesFileExist" successfully performed. With the following test data "File Path: "src/test/resources/testDataFiles/Schemas/ValidationError_schema.json"".
2023-02-07 11:02:20.128 &amp#27;[32m INFO&amp#27;[m &amp#27;[35m[@503 - main]&amp#27;[m &amp#27;[36mcom.shaft.tools.io.ReportManager&amp#27;[m : File Action "GetAbsolutePath" successfully performed. With the following test data "Relative Folder Path: "src/test/resources/testDataFiles/Schemas/ValidationError_schema.json"".
2023-02-07 11:02:20.130 &amp#27;[32m INFO&amp#27;[m &amp#27;[35m[@503 - main]&amp#27;[m &amp#27;[36mcom.shaft.tools.io.ReportManager&amp#27;[m : File Action "DoesFileExist" successfully performed. With the following test data "File Path: "C:\eclipse-workspace\MyProjects\TASystemsAPIs\src\test\resources\testDataFiles\Schemas\ValidationError_schema.json"".
2023-02-07 11:02:20.130 &amp#27;[32m INFO&amp#27;[m &amp#27;[35m[@503 - main]&amp#27;[m &amp#27;[36mcom.shaft.tools.io.ReportManager&amp#27;[m : File Action "GetAbsolutePath" successfully performed. With the following test data "Relative Folder Path: "C:\eclipse-workspace\MyProjects\TASystemsAPIs\src\test\resources\testDataFiles\Schemas\ValidationError_schema.json"".
2023-02-07 11:02:20.130 &amp#27;[32m INFO&amp#27;[m &amp#27;[35m[@503 - main]&amp#27;[m &amp#27;[36mcom.shaft.tools.io.ReportManager&amp#27;[m : File Action "ReadFile" successfully performed. With the following test data "File Path: "C:\eclipse-workspace\MyProjects\TASystemsAPIs\src\test\resources\testDataFiles\Schemas\ValidationError_schema.json"".
2023-02-07 11:02:20.131 &amp#27;[32m INFO&amp#27;[m &amp#27;[35m[@503 - main]&amp#27;[m &amp#27;[36mcom.shaft.tools.io.ReportManager&amp#27;[m : Successfully created attachment "Validation Test Data - Expected JSON Value"
2023-02-07 11:02:20.131 &amp#27;[32m INFO&amp#27;[m &amp#27;[35m[@503 - main]&amp#27;[m &amp#27;[36mcom.shaft.tools.io.ReportManager&amp#27;[m : Successfully created attachment "Validation Test Data - Actual JSON Value"
2023-02-07 11:02:20.132 &amp#27;[32m INFO&amp#27;[m &amp#27;[35m[@503 - main]&amp#27;[m &amp#27;[36mcom.shaft.tools.io.ReportManager&amp#27;[m : Successfully created attachment "SHAFT Engine Logs - Current Method log: Update_Policy_With_InValid_data_TC"
]]></system-out>
  </testcase>
  <testcase name="Update_Policy_With_InValid_data_TC[[Ljava.lang.Object;@8c6bde5](44)" classname="SteeringCompanyAPI_TestCases.Test_Policies_Cases" time="1.217">
    <system-out><![CDATA[2023-02-07 11:02:20.133 &amp#27;[32m INFO&amp#27;[m &amp#27;[35m[@534 - main]&amp#27;[m &amp#27;[36mcom.shaft.tools.io.ReportManager&amp#27;[m : 
################################################################################################################################################
Starting Execution:	"322 out of 107" test cases in the current suite
Test Method:		"SteeringCompanyAPI_TestCases.Test_Policies_Cases.Update_Policy_With_InValid_data_TC"
Test Description:	"TC053 -Policy- Perform Update Policy with InValid data"
################################################################################################################################################
2023-02-07 11:02:20.134 &amp#27;[32m INFO&amp#27;[m &amp#27;[35m[@503 - main]&amp#27;[m &amp#27;[36mcom.shaft.tools.io.ReportManager&amp#27;[m : File Action "DoesFileExist" successfully performed. With the following test data "File Path: "SteeringCompanyAPI_TestData/SteeringCompanyAPI_TestData.xlsx"".
2023-02-07 11:02:20.147 &amp#27;[32m INFO&amp#27;[m &amp#27;[35m[@503 - main]&amp#27;[m &amp#27;[36mcom.shaft.tools.io.ReportManager&amp#27;[m : Successfully created attachment "Test Data - Excel"
2023-02-07 11:02:20.761 &amp#27;[32m INFO&amp#27;[m &amp#27;[35m[@503 - main]&amp#27;[m &amp#27;[36mcom.shaft.tools.io.ReportManager&amp#27;[m : Response status code: "200", status line: "HTTP/1.1 200 OK"
2023-02-07 11:02:20.778 &amp#27;[32m INFO&amp#27;[m &amp#27;[35m[@503 - main]&amp#27;[m &amp#27;[36mcom.shaft.tools.io.ReportManager&amp#27;[m : Successfully created attachment "API Request - Specifications"
2023-02-07 11:02:20.778 &amp#27;[32m INFO&amp#27;[m &amp#27;[35m[@503 - main]&amp#27;[m &amp#27;[36mcom.shaft.tools.io.ReportManager&amp#27;[m : Successfully created attachment "API Request - Body"
2023-02-07 11:02:20.779 &amp#27;[32m INFO&amp#27;[m &amp#27;[35m[@503 - main]&amp#27;[m &amp#27;[36mcom.shaft.tools.io.ReportManager&amp#27;[m : Successfully created attachment "API Response - JSON Body"
2023-02-07 11:02:20.784 &amp#27;[32m INFO&amp#27;[m &amp#27;[35m[@503 - main]&amp#27;[m &amp#27;[36mcom.shaft.tools.io.ReportManager&amp#27;[m : File Action "DoesFileExist" successfully performed. With the following test data "File Path: "SteeringCompanyAPI_TestData/SteeringCompanyAPI_TestData.xlsx"".
2023-02-07 11:02:20.799 &amp#27;[32m INFO&amp#27;[m &amp#27;[35m[@503 - main]&amp#27;[m &amp#27;[36mcom.shaft.tools.io.ReportManager&amp#27;[m : Successfully created attachment "Test Data - Excel"
2023-02-07 11:02:20.799 &amp#27;[32m INFO&amp#27;[m &amp#27;[35m[@503 - main]&amp#27;[m &amp#27;[36mcom.shaft.tools.io.ReportManager&amp#27;[m : File Action "DoesFileExist" successfully performed. With the following test data "File Path: "SteeringCompanyAPI_TestData/SteeringCompanyAPI_TestData.xlsx"".
2023-02-07 11:02:20.813 &amp#27;[32m INFO&amp#27;[m &amp#27;[35m[@503 - main]&amp#27;[m &amp#27;[36mcom.shaft.tools.io.ReportManager&amp#27;[m : Successfully created attachment "Test Data - Excel"
2023-02-07 11:02:20.813 &amp#27;[32m INFO&amp#27;[m &amp#27;[35m[@503 - main]&amp#27;[m &amp#27;[36mcom.shaft.tools.io.ReportManager&amp#27;[m : File Action "DoesFileExist" successfully performed. With the following test data "File Path: "SteeringCompanyAPI_TestData/SteeringCompanyAPI_TestData.xlsx"".
2023-02-07 11:02:20.829 &amp#27;[32m INFO&amp#27;[m &amp#27;[35m[@503 - main]&amp#27;[m &amp#27;[36mcom.shaft.tools.io.ReportManager&amp#27;[m : Successfully created attachment "Test Data - Excel"
2023-02-07 11:02:21.334 &amp#27;[32m INFO&amp#27;[m &amp#27;[35m[@503 - main]&amp#27;[m &amp#27;[36mcom.shaft.tools.io.ReportManager&amp#27;[m : Response status code: "422", status line: "HTTP/1.1 422 "
2023-02-07 11:02:21.342 &amp#27;[32m INFO&amp#27;[m &amp#27;[35m[@503 - main]&amp#27;[m &amp#27;[36mcom.shaft.tools.io.ReportManager&amp#27;[m : Successfully created attachment "API Request - Specifications"
2023-02-07 11:02:21.343 &amp#27;[32m INFO&amp#27;[m &amp#27;[35m[@503 - main]&amp#27;[m &amp#27;[36mcom.shaft.tools.io.ReportManager&amp#27;[m : Successfully created attachment "API Request - JSON Body"
2023-02-07 11:02:21.343 &amp#27;[32m INFO&amp#27;[m &amp#27;[35m[@503 - main]&amp#27;[m &amp#27;[36mcom.shaft.tools.io.ReportManager&amp#27;[m : Successfully created attachment "API Response - JSON Body"
2023-02-07 11:02:21.344 &amp#27;[32m INFO&amp#27;[m &amp#27;[35m[@503 - main]&amp#27;[m &amp#27;[36mcom.shaft.tools.io.ReportManager&amp#27;[m : File Action "DoesFileExist" successfully performed. With the following test data "File Path: "Schemas/ValidationError_schema.json"".
2023-02-07 11:02:21.344 &amp#27;[32m INFO&amp#27;[m &amp#27;[35m[@503 - main]&amp#27;[m &amp#27;[36mcom.shaft.tools.io.ReportManager&amp#27;[m : File Action "DoesFileExist" successfully performed. With the following test data "File Path: "src/test/resources/testDataFiles/Schemas/ValidationError_schema.json"".
2023-02-07 11:02:21.344 &amp#27;[32m INFO&amp#27;[m &amp#27;[35m[@503 - main]&amp#27;[m &amp#27;[36mcom.shaft.tools.io.ReportManager&amp#27;[m : File Action "GetAbsolutePath" successfully performed. With the following test data "Relative Folder Path: "src/test/resources/testDataFiles/Schemas/ValidationError_schema.json"".
2023-02-07 11:02:21.346 &amp#27;[32m INFO&amp#27;[m &amp#27;[35m[@503 - main]&amp#27;[m &amp#27;[36mcom.shaft.tools.io.ReportManager&amp#27;[m : File Action "DoesFileExist" successfully performed. With the following test data "File Path: "C:\eclipse-workspace\MyProjects\TASystemsAPIs\src\test\resources\testDataFiles\Schemas\ValidationError_schema.json"".
2023-02-07 11:02:21.346 &amp#27;[32m INFO&amp#27;[m &amp#27;[35m[@503 - main]&amp#27;[m &amp#27;[36mcom.shaft.tools.io.ReportManager&amp#27;[m : File Action "GetAbsolutePath" successfully performed. With the following test data "Relative Folder Path: "C:\eclipse-workspace\MyProjects\TASystemsAPIs\src\test\resources\testDataFiles\Schemas\ValidationError_schema.json"".
2023-02-07 11:02:21.346 &amp#27;[32m INFO&amp#27;[m &amp#27;[35m[@503 - main]&amp#27;[m &amp#27;[36mcom.shaft.tools.io.ReportManager&amp#27;[m : File Action "ReadFile" successfully performed. With the following test data "File Path: "C:\eclipse-workspace\MyProjects\TASystemsAPIs\src\test\resources\testDataFiles\Schemas\ValidationError_schema.json"".
2023-02-07 11:02:21.346 &amp#27;[32m INFO&amp#27;[m &amp#27;[35m[@503 - main]&amp#27;[m &amp#27;[36mcom.shaft.tools.io.ReportManager&amp#27;[m : Successfully created attachment "Validation Test Data - Expected JSON Value"
2023-02-07 11:02:21.347 &amp#27;[32m INFO&amp#27;[m &amp#27;[35m[@503 - main]&amp#27;[m &amp#27;[36mcom.shaft.tools.io.ReportManager&amp#27;[m : Successfully created attachment "Validation Test Data - Actual JSON Value"
2023-02-07 11:02:21.349 &amp#27;[32m INFO&amp#27;[m &amp#27;[35m[@503 - main]&amp#27;[m &amp#27;[36mcom.shaft.tools.io.ReportManager&amp#27;[m : Successfully created attachment "SHAFT Engine Logs - Current Method log: Update_Policy_With_InValid_data_TC"
]]></system-out>
  </testcase>
  <testcase name="Update_Policy_With_InValid_data_TC[[Ljava.lang.Object;@53e61667](45)" classname="SteeringCompanyAPI_TestCases.Test_Policies_Cases" time="1.451">
    <system-out><![CDATA[2023-02-07 11:02:21.351 &amp#27;[32m INFO&amp#27;[m &amp#27;[35m[@534 - main]&amp#27;[m &amp#27;[36mcom.shaft.tools.io.ReportManager&amp#27;[m : 
################################################################################################################################################
Starting Execution:	"323 out of 107" test cases in the current suite
Test Method:		"SteeringCompanyAPI_TestCases.Test_Policies_Cases.Update_Policy_With_InValid_data_TC"
Test Description:	"TC053 -Policy- Perform Update Policy with InValid data"
################################################################################################################################################
2023-02-07 11:02:21.352 &amp#27;[32m INFO&amp#27;[m &amp#27;[35m[@503 - main]&amp#27;[m &amp#27;[36mcom.shaft.tools.io.ReportManager&amp#27;[m : File Action "DoesFileExist" successfully performed. With the following test data "File Path: "SteeringCompanyAPI_TestData/SteeringCompanyAPI_TestData.xlsx"".
2023-02-07 11:02:21.368 &amp#27;[32m INFO&amp#27;[m &amp#27;[35m[@503 - main]&amp#27;[m &amp#27;[36mcom.shaft.tools.io.ReportManager&amp#27;[m : Successfully created attachment "Test Data - Excel"
2023-02-07 11:02:22.197 &amp#27;[32m INFO&amp#27;[m &amp#27;[35m[@503 - main]&amp#27;[m &amp#27;[36mcom.shaft.tools.io.ReportManager&amp#27;[m : Response status code: "200", status line: "HTTP/1.1 200 OK"
2023-02-07 11:02:22.208 &amp#27;[32m INFO&amp#27;[m &amp#27;[35m[@503 - main]&amp#27;[m &amp#27;[36mcom.shaft.tools.io.ReportManager&amp#27;[m : Successfully created attachment "API Request - Specifications"
2023-02-07 11:02:22.208 &amp#27;[32m INFO&amp#27;[m &amp#27;[35m[@503 - main]&amp#27;[m &amp#27;[36mcom.shaft.tools.io.ReportManager&amp#27;[m : Successfully created attachment "API Request - Body"
2023-02-07 11:02:22.209 &amp#27;[32m INFO&amp#27;[m &amp#27;[35m[@503 - main]&amp#27;[m &amp#27;[36mcom.shaft.tools.io.ReportManager&amp#27;[m : Successfully created attachment "API Response - JSON Body"
2023-02-07 11:02:22.218 &amp#27;[32m INFO&amp#27;[m &amp#27;[35m[@503 - main]&amp#27;[m &amp#27;[36mcom.shaft.tools.io.ReportManager&amp#27;[m : File Action "DoesFileExist" successfully performed. With the following test data "File Path: "SteeringCompanyAPI_TestData/SteeringCompanyAPI_TestData.xlsx"".
2023-02-07 11:02:22.240 &amp#27;[32m INFO&amp#27;[m &amp#27;[35m[@503 - main]&amp#27;[m &amp#27;[36mcom.shaft.tools.io.ReportManager&amp#27;[m : Successfully created attachment "Test Data - Excel"
2023-02-07 11:02:22.241 &amp#27;[32m INFO&amp#27;[m &amp#27;[35m[@503 - main]&amp#27;[m &amp#27;[36mcom.shaft.tools.io.ReportManager&amp#27;[m : File Action "DoesFileExist" successfully performed. With the following test data "File Path: "SteeringCompanyAPI_TestData/SteeringCompanyAPI_TestData.xlsx"".
2023-02-07 11:02:22.265 &amp#27;[32m INFO&amp#27;[m &amp#27;[35m[@503 - main]&amp#27;[m &amp#27;[36mcom.shaft.tools.io.ReportManager&amp#27;[m : Successfully created attachment "Test Data - Excel"
2023-02-07 11:02:22.265 &amp#27;[32m INFO&amp#27;[m &amp#27;[35m[@503 - main]&amp#27;[m &amp#27;[36mcom.shaft.tools.io.ReportManager&amp#27;[m : File Action "DoesFileExist" successfully performed. With the following test data "File Path: "SteeringCompanyAPI_TestData/SteeringCompanyAPI_TestData.xlsx"".
2023-02-07 11:02:22.281 &amp#27;[32m INFO&amp#27;[m &amp#27;[35m[@503 - main]&amp#27;[m &amp#27;[36mcom.shaft.tools.io.ReportManager&amp#27;[m : Successfully created attachment "Test Data - Excel"
2023-02-07 11:02:22.784 &amp#27;[32m INFO&amp#27;[m &amp#27;[35m[@503 - main]&amp#27;[m &amp#27;[36mcom.shaft.tools.io.ReportManager&amp#27;[m : Response status code: "422", status line: "HTTP/1.1 422 "
2023-02-07 11:02:22.792 &amp#27;[32m INFO&amp#27;[m &amp#27;[35m[@503 - main]&amp#27;[m &amp#27;[36mcom.shaft.tools.io.ReportManager&amp#27;[m : Successfully created attachment "API Request - Specifications"
2023-02-07 11:02:22.792 &amp#27;[32m INFO&amp#27;[m &amp#27;[35m[@503 - main]&amp#27;[m &amp#27;[36mcom.shaft.tools.io.ReportManager&amp#27;[m : Successfully created attachment "API Request - JSON Body"
2023-02-07 11:02:22.796 &amp#27;[32m INFO&amp#27;[m &amp#27;[35m[@503 - main]&amp#27;[m &amp#27;[36mcom.shaft.tools.io.ReportManager&amp#27;[m : Successfully created attachment "API Response - JSON Body"
2023-02-07 11:02:22.796 &amp#27;[32m INFO&amp#27;[m &amp#27;[35m[@503 - main]&amp#27;[m &amp#27;[36mcom.shaft.tools.io.ReportManager&amp#27;[m : File Action "DoesFileExist" successfully performed. With the following test data "File Path: "Schemas/ValidationError_schema.json"".
2023-02-07 11:02:22.797 &amp#27;[32m INFO&amp#27;[m &amp#27;[35m[@503 - main]&amp#27;[m &amp#27;[36mcom.shaft.tools.io.ReportManager&amp#27;[m : File Action "DoesFileExist" successfully performed. With the following test data "File Path: "src/test/resources/testDataFiles/Schemas/ValidationError_schema.json"".
2023-02-07 11:02:22.797 &amp#27;[32m INFO&amp#27;[m &amp#27;[35m[@503 - main]&amp#27;[m &amp#27;[36mcom.shaft.tools.io.ReportManager&amp#27;[m : File Action "GetAbsolutePath" successfully performed. With the following test data "Relative Folder Path: "src/test/resources/testDataFiles/Schemas/ValidationError_schema.json"".
2023-02-07 11:02:22.798 &amp#27;[32m INFO&amp#27;[m &amp#27;[35m[@503 - main]&amp#27;[m &amp#27;[36mcom.shaft.tools.io.ReportManager&amp#27;[m : File Action "DoesFileExist" successfully performed. With the following test data "File Path: "C:\eclipse-workspace\MyProjects\TASystemsAPIs\src\test\resources\testDataFiles\Schemas\ValidationError_schema.json"".
2023-02-07 11:02:22.798 &amp#27;[32m INFO&amp#27;[m &amp#27;[35m[@503 - main]&amp#27;[m &amp#27;[36mcom.shaft.tools.io.ReportManager&amp#27;[m : File Action "GetAbsolutePath" successfully performed. With the following test data "Relative Folder Path: "C:\eclipse-workspace\MyProjects\TASystemsAPIs\src\test\resources\testDataFiles\Schemas\ValidationError_schema.json"".
2023-02-07 11:02:22.798 &amp#27;[32m INFO&amp#27;[m &amp#27;[35m[@503 - main]&amp#27;[m &amp#27;[36mcom.shaft.tools.io.ReportManager&amp#27;[m : File Action "ReadFile" successfully performed. With the following test data "File Path: "C:\eclipse-workspace\MyProjects\TASystemsAPIs\src\test\resources\testDataFiles\Schemas\ValidationError_schema.json"".
2023-02-07 11:02:22.799 &amp#27;[32m INFO&amp#27;[m &amp#27;[35m[@503 - main]&amp#27;[m &amp#27;[36mcom.shaft.tools.io.ReportManager&amp#27;[m : Successfully created attachment "Validation Test Data - Expected JSON Value"
2023-02-07 11:02:22.799 &amp#27;[32m INFO&amp#27;[m &amp#27;[35m[@503 - main]&amp#27;[m &amp#27;[36mcom.shaft.tools.io.ReportManager&amp#27;[m : Successfully created attachment "Validation Test Data - Actual JSON Value"
2023-02-07 11:02:22.800 &amp#27;[32m INFO&amp#27;[m &amp#27;[35m[@503 - main]&amp#27;[m &amp#27;[36mcom.shaft.tools.io.ReportManager&amp#27;[m : Successfully created attachment "SHAFT Engine Logs - Current Method log: Update_Policy_With_InValid_data_TC"
]]></system-out>
  </testcase>
  <testcase name="Update_Policy_With_InValid_data_TC[[Ljava.lang.Object;@671ecc71](46)" classname="SteeringCompanyAPI_TestCases.Test_Policies_Cases" time="1.743">
    <system-out><![CDATA[2023-02-07 11:02:22.801 &amp#27;[32m INFO&amp#27;[m &amp#27;[35m[@534 - main]&amp#27;[m &amp#27;[36mcom.shaft.tools.io.ReportManager&amp#27;[m : 
################################################################################################################################################
Starting Execution:	"324 out of 107" test cases in the current suite
Test Method:		"SteeringCompanyAPI_TestCases.Test_Policies_Cases.Update_Policy_With_InValid_data_TC"
Test Description:	"TC053 -Policy- Perform Update Policy with InValid data"
################################################################################################################################################
2023-02-07 11:02:22.801 &amp#27;[32m INFO&amp#27;[m &amp#27;[35m[@503 - main]&amp#27;[m &amp#27;[36mcom.shaft.tools.io.ReportManager&amp#27;[m : File Action "DoesFileExist" successfully performed. With the following test data "File Path: "SteeringCompanyAPI_TestData/SteeringCompanyAPI_TestData.xlsx"".
2023-02-07 11:02:22.815 &amp#27;[32m INFO&amp#27;[m &amp#27;[35m[@503 - main]&amp#27;[m &amp#27;[36mcom.shaft.tools.io.ReportManager&amp#27;[m : Successfully created attachment "Test Data - Excel"
2023-02-07 11:02:23.976 &amp#27;[32m INFO&amp#27;[m &amp#27;[35m[@503 - main]&amp#27;[m &amp#27;[36mcom.shaft.tools.io.ReportManager&amp#27;[m : Response status code: "200", status line: "HTTP/1.1 200 OK"
2023-02-07 11:02:23.985 &amp#27;[32m INFO&amp#27;[m &amp#27;[35m[@503 - main]&amp#27;[m &amp#27;[36mcom.shaft.tools.io.ReportManager&amp#27;[m : Successfully created attachment "API Request - Specifications"
2023-02-07 11:02:23.985 &amp#27;[32m INFO&amp#27;[m &amp#27;[35m[@503 - main]&amp#27;[m &amp#27;[36mcom.shaft.tools.io.ReportManager&amp#27;[m : Successfully created attachment "API Request - Body"
2023-02-07 11:02:23.986 &amp#27;[32m INFO&amp#27;[m &amp#27;[35m[@503 - main]&amp#27;[m &amp#27;[36mcom.shaft.tools.io.ReportManager&amp#27;[m : Successfully created attachment "API Response - JSON Body"
2023-02-07 11:02:23.991 &amp#27;[32m INFO&amp#27;[m &amp#27;[35m[@503 - main]&amp#27;[m &amp#27;[36mcom.shaft.tools.io.ReportManager&amp#27;[m : File Action "DoesFileExist" successfully performed. With the following test data "File Path: "SteeringCompanyAPI_TestData/SteeringCompanyAPI_TestData.xlsx"".
2023-02-07 11:02:24.005 &amp#27;[32m INFO&amp#27;[m &amp#27;[35m[@503 - main]&amp#27;[m &amp#27;[36mcom.shaft.tools.io.ReportManager&amp#27;[m : Successfully created attachment "Test Data - Excel"
2023-02-07 11:02:24.006 &amp#27;[32m INFO&amp#27;[m &amp#27;[35m[@503 - main]&amp#27;[m &amp#27;[36mcom.shaft.tools.io.ReportManager&amp#27;[m : File Action "DoesFileExist" successfully performed. With the following test data "File Path: "SteeringCompanyAPI_TestData/SteeringCompanyAPI_TestData.xlsx"".
2023-02-07 11:02:24.019 &amp#27;[32m INFO&amp#27;[m &amp#27;[35m[@503 - main]&amp#27;[m &amp#27;[36mcom.shaft.tools.io.ReportManager&amp#27;[m : Successfully created attachment "Test Data - Excel"
2023-02-07 11:02:24.019 &amp#27;[32m INFO&amp#27;[m &amp#27;[35m[@503 - main]&amp#27;[m &amp#27;[36mcom.shaft.tools.io.ReportManager&amp#27;[m : File Action "DoesFileExist" successfully performed. With the following test data "File Path: "SteeringCompanyAPI_TestData/SteeringCompanyAPI_TestData.xlsx"".
2023-02-07 11:02:24.032 &amp#27;[32m INFO&amp#27;[m &amp#27;[35m[@503 - main]&amp#27;[m &amp#27;[36mcom.shaft.tools.io.ReportManager&amp#27;[m : Successfully created attachment "Test Data - Excel"
2023-02-07 11:02:24.528 &amp#27;[32m INFO&amp#27;[m &amp#27;[35m[@503 - main]&amp#27;[m &amp#27;[36mcom.shaft.tools.io.ReportManager&amp#27;[m : Response status code: "422", status line: "HTTP/1.1 422 "
2023-02-07 11:02:24.537 &amp#27;[32m INFO&amp#27;[m &amp#27;[35m[@503 - main]&amp#27;[m &amp#27;[36mcom.shaft.tools.io.ReportManager&amp#27;[m : Successfully created attachment "API Request - Specifications"
2023-02-07 11:02:24.537 &amp#27;[32m INFO&amp#27;[m &amp#27;[35m[@503 - main]&amp#27;[m &amp#27;[36mcom.shaft.tools.io.ReportManager&amp#27;[m : Successfully created attachment "API Request - JSON Body"
2023-02-07 11:02:24.538 &amp#27;[32m INFO&amp#27;[m &amp#27;[35m[@503 - main]&amp#27;[m &amp#27;[36mcom.shaft.tools.io.ReportManager&amp#27;[m : Successfully created attachment "API Response - JSON Body"
2023-02-07 11:02:24.539 &amp#27;[32m INFO&amp#27;[m &amp#27;[35m[@503 - main]&amp#27;[m &amp#27;[36mcom.shaft.tools.io.ReportManager&amp#27;[m : File Action "DoesFileExist" successfully performed. With the following test data "File Path: "Schemas/ValidationError_schema.json"".
2023-02-07 11:02:24.539 &amp#27;[32m INFO&amp#27;[m &amp#27;[35m[@503 - main]&amp#27;[m &amp#27;[36mcom.shaft.tools.io.ReportManager&amp#27;[m : File Action "DoesFileExist" successfully performed. With the following test data "File Path: "src/test/resources/testDataFiles/Schemas/ValidationError_schema.json"".
2023-02-07 11:02:24.539 &amp#27;[32m INFO&amp#27;[m &amp#27;[35m[@503 - main]&amp#27;[m &amp#27;[36mcom.shaft.tools.io.ReportManager&amp#27;[m : File Action "GetAbsolutePath" successfully performed. With the following test data "Relative Folder Path: "src/test/resources/testDataFiles/Schemas/ValidationError_schema.json"".
2023-02-07 11:02:24.540 &amp#27;[32m INFO&amp#27;[m &amp#27;[35m[@503 - main]&amp#27;[m &amp#27;[36mcom.shaft.tools.io.ReportManager&amp#27;[m : File Action "DoesFileExist" successfully performed. With the following test data "File Path: "C:\eclipse-workspace\MyProjects\TASystemsAPIs\src\test\resources\testDataFiles\Schemas\ValidationError_schema.json"".
2023-02-07 11:02:24.541 &amp#27;[32m INFO&amp#27;[m &amp#27;[35m[@503 - main]&amp#27;[m &amp#27;[36mcom.shaft.tools.io.ReportManager&amp#27;[m : File Action "GetAbsolutePath" successfully performed. With the following test data "Relative Folder Path: "C:\eclipse-workspace\MyProjects\TASystemsAPIs\src\test\resources\testDataFiles\Schemas\ValidationError_schema.json"".
2023-02-07 11:02:24.541 &amp#27;[32m INFO&amp#27;[m &amp#27;[35m[@503 - main]&amp#27;[m &amp#27;[36mcom.shaft.tools.io.ReportManager&amp#27;[m : File Action "ReadFile" successfully performed. With the following test data "File Path: "C:\eclipse-workspace\MyProjects\TASystemsAPIs\src\test\resources\testDataFiles\Schemas\ValidationError_schema.json"".
2023-02-07 11:02:24.542 &amp#27;[32m INFO&amp#27;[m &amp#27;[35m[@503 - main]&amp#27;[m &amp#27;[36mcom.shaft.tools.io.ReportManager&amp#27;[m : Successfully created attachment "Validation Test Data - Expected JSON Value"
2023-02-07 11:02:24.542 &amp#27;[32m INFO&amp#27;[m &amp#27;[35m[@503 - main]&amp#27;[m &amp#27;[36mcom.shaft.tools.io.ReportManager&amp#27;[m : Successfully created attachment "Validation Test Data - Actual JSON Value"
2023-02-07 11:02:24.543 &amp#27;[32m INFO&amp#27;[m &amp#27;[35m[@503 - main]&amp#27;[m &amp#27;[36mcom.shaft.tools.io.ReportManager&amp#27;[m : Successfully created attachment "SHAFT Engine Logs - Current Method log: Update_Policy_With_InValid_data_TC"
]]></system-out>
  </testcase>
  <testcase name="Update_Policy_With_InValid_data_TC[[Ljava.lang.Object;@65810055](47)" classname="SteeringCompanyAPI_TestCases.Test_Policies_Cases" time="3.726">
    <system-out><![CDATA[2023-02-07 11:02:24.545 &amp#27;[32m INFO&amp#27;[m &amp#27;[35m[@534 - main]&amp#27;[m &amp#27;[36mcom.shaft.tools.io.ReportManager&amp#27;[m : 
################################################################################################################################################
Starting Execution:	"325 out of 107" test cases in the current suite
Test Method:		"SteeringCompanyAPI_TestCases.Test_Policies_Cases.Update_Policy_With_InValid_data_TC"
Test Description:	"TC053 -Policy- Perform Update Policy with InValid data"
################################################################################################################################################
2023-02-07 11:02:24.545 &amp#27;[32m INFO&amp#27;[m &amp#27;[35m[@503 - main]&amp#27;[m &amp#27;[36mcom.shaft.tools.io.ReportManager&amp#27;[m : File Action "DoesFileExist" successfully performed. With the following test data "File Path: "SteeringCompanyAPI_TestData/SteeringCompanyAPI_TestData.xlsx"".
2023-02-07 11:02:24.559 &amp#27;[32m INFO&amp#27;[m &amp#27;[35m[@503 - main]&amp#27;[m &amp#27;[36mcom.shaft.tools.io.ReportManager&amp#27;[m : Successfully created attachment "Test Data - Excel"
2023-02-07 11:02:26.183 &amp#27;[32m INFO&amp#27;[m &amp#27;[35m[@503 - main]&amp#27;[m &amp#27;[36mcom.shaft.tools.io.ReportManager&amp#27;[m : Response status code: "200", status line: "HTTP/1.1 200 OK"
2023-02-07 11:02:26.191 &amp#27;[32m INFO&amp#27;[m &amp#27;[35m[@503 - main]&amp#27;[m &amp#27;[36mcom.shaft.tools.io.ReportManager&amp#27;[m : Successfully created attachment "API Request - Specifications"
2023-02-07 11:02:26.191 &amp#27;[32m INFO&amp#27;[m &amp#27;[35m[@503 - main]&amp#27;[m &amp#27;[36mcom.shaft.tools.io.ReportManager&amp#27;[m : Successfully created attachment "API Request - Body"
2023-02-07 11:02:26.192 &amp#27;[32m INFO&amp#27;[m &amp#27;[35m[@503 - main]&amp#27;[m &amp#27;[36mcom.shaft.tools.io.ReportManager&amp#27;[m : Successfully created attachment "API Response - JSON Body"
2023-02-07 11:02:26.198 &amp#27;[32m INFO&amp#27;[m &amp#27;[35m[@503 - main]&amp#27;[m &amp#27;[36mcom.shaft.tools.io.ReportManager&amp#27;[m : File Action "DoesFileExist" successfully performed. With the following test data "File Path: "SteeringCompanyAPI_TestData/SteeringCompanyAPI_TestData.xlsx"".
2023-02-07 11:02:26.214 &amp#27;[32m INFO&amp#27;[m &amp#27;[35m[@503 - main]&amp#27;[m &amp#27;[36mcom.shaft.tools.io.ReportManager&amp#27;[m : Successfully created attachment "Test Data - Excel"
2023-02-07 11:02:26.214 &amp#27;[32m INFO&amp#27;[m &amp#27;[35m[@503 - main]&amp#27;[m &amp#27;[36mcom.shaft.tools.io.ReportManager&amp#27;[m : File Action "DoesFileExist" successfully performed. With the following test data "File Path: "SteeringCompanyAPI_TestData/SteeringCompanyAPI_TestData.xlsx"".
2023-02-07 11:02:26.238 &amp#27;[32m INFO&amp#27;[m &amp#27;[35m[@503 - main]&amp#27;[m &amp#27;[36mcom.shaft.tools.io.ReportManager&amp#27;[m : Successfully created attachment "Test Data - Excel"
2023-02-07 11:02:26.238 &amp#27;[32m INFO&amp#27;[m &amp#27;[35m[@503 - main]&amp#27;[m &amp#27;[36mcom.shaft.tools.io.ReportManager&amp#27;[m : File Action "DoesFileExist" successfully performed. With the following test data "File Path: "SteeringCompanyAPI_TestData/SteeringCompanyAPI_TestData.xlsx"".
2023-02-07 11:02:26.254 &amp#27;[32m INFO&amp#27;[m &amp#27;[35m[@503 - main]&amp#27;[m &amp#27;[36mcom.shaft.tools.io.ReportManager&amp#27;[m : Successfully created attachment "Test Data - Excel"
2023-02-07 11:02:28.249 &amp#27;[32m INFO&amp#27;[m &amp#27;[35m[@503 - main]&amp#27;[m &amp#27;[36mcom.shaft.tools.io.ReportManager&amp#27;[m : Response status code: "422", status line: "HTTP/1.1 422 "
2023-02-07 11:02:28.264 &amp#27;[32m INFO&amp#27;[m &amp#27;[35m[@503 - main]&amp#27;[m &amp#27;[36mcom.shaft.tools.io.ReportManager&amp#27;[m : Successfully created attachment "API Request - Specifications"
2023-02-07 11:02:28.264 &amp#27;[32m INFO&amp#27;[m &amp#27;[35m[@503 - main]&amp#27;[m &amp#27;[36mcom.shaft.tools.io.ReportManager&amp#27;[m : Successfully created attachment "API Request - JSON Body"
2023-02-07 11:02:28.265 &amp#27;[32m INFO&amp#27;[m &amp#27;[35m[@503 - main]&amp#27;[m &amp#27;[36mcom.shaft.tools.io.ReportManager&amp#27;[m : Successfully created attachment "API Response - JSON Body"
2023-02-07 11:02:28.265 &amp#27;[32m INFO&amp#27;[m &amp#27;[35m[@503 - main]&amp#27;[m &amp#27;[36mcom.shaft.tools.io.ReportManager&amp#27;[m : File Action "DoesFileExist" successfully performed. With the following test data "File Path: "Schemas/ValidationError_schema.json"".
2023-02-07 11:02:28.265 &amp#27;[32m INFO&amp#27;[m &amp#27;[35m[@503 - main]&amp#27;[m &amp#27;[36mcom.shaft.tools.io.ReportManager&amp#27;[m : File Action "DoesFileExist" successfully performed. With the following test data "File Path: "src/test/resources/testDataFiles/Schemas/ValidationError_schema.json"".
2023-02-07 11:02:28.265 &amp#27;[32m INFO&amp#27;[m &amp#27;[35m[@503 - main]&amp#27;[m &amp#27;[36mcom.shaft.tools.io.ReportManager&amp#27;[m : File Action "GetAbsolutePath" successfully performed. With the following test data "Relative Folder Path: "src/test/resources/testDataFiles/Schemas/ValidationError_schema.json"".
2023-02-07 11:02:28.267 &amp#27;[32m INFO&amp#27;[m &amp#27;[35m[@503 - main]&amp#27;[m &amp#27;[36mcom.shaft.tools.io.ReportManager&amp#27;[m : File Action "DoesFileExist" successfully performed. With the following test data "File Path: "C:\eclipse-workspace\MyProjects\TASystemsAPIs\src\test\resources\testDataFiles\Schemas\ValidationError_schema.json"".
2023-02-07 11:02:28.267 &amp#27;[32m INFO&amp#27;[m &amp#27;[35m[@503 - main]&amp#27;[m &amp#27;[36mcom.shaft.tools.io.ReportManager&amp#27;[m : File Action "GetAbsolutePath" successfully performed. With the following test data "Relative Folder Path: "C:\eclipse-workspace\MyProjects\TASystemsAPIs\src\test\resources\testDataFiles\Schemas\ValidationError_schema.json"".
2023-02-07 11:02:28.267 &amp#27;[32m INFO&amp#27;[m &amp#27;[35m[@503 - main]&amp#27;[m &amp#27;[36mcom.shaft.tools.io.ReportManager&amp#27;[m : File Action "ReadFile" successfully performed. With the following test data "File Path: "C:\eclipse-workspace\MyProjects\TASystemsAPIs\src\test\resources\testDataFiles\Schemas\ValidationError_schema.json"".
2023-02-07 11:02:28.268 &amp#27;[32m INFO&amp#27;[m &amp#27;[35m[@503 - main]&amp#27;[m &amp#27;[36mcom.shaft.tools.io.ReportManager&amp#27;[m : Successfully created attachment "Validation Test Data - Expected JSON Value"
2023-02-07 11:02:28.269 &amp#27;[32m INFO&amp#27;[m &amp#27;[35m[@503 - main]&amp#27;[m &amp#27;[36mcom.shaft.tools.io.ReportManager&amp#27;[m : Successfully created attachment "Validation Test Data - Actual JSON Value"
2023-02-07 11:02:28.269 &amp#27;[32m INFO&amp#27;[m &amp#27;[35m[@503 - main]&amp#27;[m &amp#27;[36mcom.shaft.tools.io.ReportManager&amp#27;[m : Successfully created attachment "SHAFT Engine Logs - Current Method log: Update_Policy_With_InValid_data_TC"
]]></system-out>
  </testcase>
  <testcase name="Update_Policy_With_InValid_data_TC[[Ljava.lang.Object;@24210388](48)" classname="SteeringCompanyAPI_TestCases.Test_Policies_Cases" time="1.205">
    <system-out><![CDATA[2023-02-07 11:02:28.271 &amp#27;[32m INFO&amp#27;[m &amp#27;[35m[@534 - main]&amp#27;[m &amp#27;[36mcom.shaft.tools.io.ReportManager&amp#27;[m : 
################################################################################################################################################
Starting Execution:	"326 out of 107" test cases in the current suite
Test Method:		"SteeringCompanyAPI_TestCases.Test_Policies_Cases.Update_Policy_With_InValid_data_TC"
Test Description:	"TC053 -Policy- Perform Update Policy with InValid data"
################################################################################################################################################
2023-02-07 11:02:28.272 &amp#27;[32m INFO&amp#27;[m &amp#27;[35m[@503 - main]&amp#27;[m &amp#27;[36mcom.shaft.tools.io.ReportManager&amp#27;[m : File Action "DoesFileExist" successfully performed. With the following test data "File Path: "SteeringCompanyAPI_TestData/SteeringCompanyAPI_TestData.xlsx"".
2023-02-07 11:02:28.292 &amp#27;[32m INFO&amp#27;[m &amp#27;[35m[@503 - main]&amp#27;[m &amp#27;[36mcom.shaft.tools.io.ReportManager&amp#27;[m : Successfully created attachment "Test Data - Excel"
2023-02-07 11:02:28.915 &amp#27;[32m INFO&amp#27;[m &amp#27;[35m[@503 - main]&amp#27;[m &amp#27;[36mcom.shaft.tools.io.ReportManager&amp#27;[m : Response status code: "200", status line: "HTTP/1.1 200 OK"
2023-02-07 11:02:28.925 &amp#27;[32m INFO&amp#27;[m &amp#27;[35m[@503 - main]&amp#27;[m &amp#27;[36mcom.shaft.tools.io.ReportManager&amp#27;[m : Successfully created attachment "API Request - Specifications"
2023-02-07 11:02:28.926 &amp#27;[32m INFO&amp#27;[m &amp#27;[35m[@503 - main]&amp#27;[m &amp#27;[36mcom.shaft.tools.io.ReportManager&amp#27;[m : Successfully created attachment "API Request - Body"
2023-02-07 11:02:28.929 &amp#27;[32m INFO&amp#27;[m &amp#27;[35m[@503 - main]&amp#27;[m &amp#27;[36mcom.shaft.tools.io.ReportManager&amp#27;[m : Successfully created attachment "API Response - JSON Body"
2023-02-07 11:02:28.935 &amp#27;[32m INFO&amp#27;[m &amp#27;[35m[@503 - main]&amp#27;[m &amp#27;[36mcom.shaft.tools.io.ReportManager&amp#27;[m : File Action "DoesFileExist" successfully performed. With the following test data "File Path: "SteeringCompanyAPI_TestData/SteeringCompanyAPI_TestData.xlsx"".
2023-02-07 11:02:28.947 &amp#27;[32m INFO&amp#27;[m &amp#27;[35m[@503 - main]&amp#27;[m &amp#27;[36mcom.shaft.tools.io.ReportManager&amp#27;[m : Successfully created attachment "Test Data - Excel"
2023-02-07 11:02:28.948 &amp#27;[32m INFO&amp#27;[m &amp#27;[35m[@503 - main]&amp#27;[m &amp#27;[36mcom.shaft.tools.io.ReportManager&amp#27;[m : File Action "DoesFileExist" successfully performed. With the following test data "File Path: "SteeringCompanyAPI_TestData/SteeringCompanyAPI_TestData.xlsx"".
2023-02-07 11:02:28.960 &amp#27;[32m INFO&amp#27;[m &amp#27;[35m[@503 - main]&amp#27;[m &amp#27;[36mcom.shaft.tools.io.ReportManager&amp#27;[m : Successfully created attachment "Test Data - Excel"
2023-02-07 11:02:28.961 &amp#27;[32m INFO&amp#27;[m &amp#27;[35m[@503 - main]&amp#27;[m &amp#27;[36mcom.shaft.tools.io.ReportManager&amp#27;[m : File Action "DoesFileExist" successfully performed. With the following test data "File Path: "SteeringCompanyAPI_TestData/SteeringCompanyAPI_TestData.xlsx"".
2023-02-07 11:02:28.974 &amp#27;[32m INFO&amp#27;[m &amp#27;[35m[@503 - main]&amp#27;[m &amp#27;[36mcom.shaft.tools.io.ReportManager&amp#27;[m : Successfully created attachment "Test Data - Excel"
2023-02-07 11:02:29.456 &amp#27;[32m INFO&amp#27;[m &amp#27;[35m[@503 - main]&amp#27;[m &amp#27;[36mcom.shaft.tools.io.ReportManager&amp#27;[m : Response status code: "422", status line: "HTTP/1.1 422 "
2023-02-07 11:02:29.467 &amp#27;[32m INFO&amp#27;[m &amp#27;[35m[@503 - main]&amp#27;[m &amp#27;[36mcom.shaft.tools.io.ReportManager&amp#27;[m : Successfully created attachment "API Request - Specifications"
2023-02-07 11:02:29.468 &amp#27;[32m INFO&amp#27;[m &amp#27;[35m[@503 - main]&amp#27;[m &amp#27;[36mcom.shaft.tools.io.ReportManager&amp#27;[m : Successfully created attachment "API Request - JSON Body"
2023-02-07 11:02:29.468 &amp#27;[32m INFO&amp#27;[m &amp#27;[35m[@503 - main]&amp#27;[m &amp#27;[36mcom.shaft.tools.io.ReportManager&amp#27;[m : Successfully created attachment "API Response - JSON Body"
2023-02-07 11:02:29.469 &amp#27;[32m INFO&amp#27;[m &amp#27;[35m[@503 - main]&amp#27;[m &amp#27;[36mcom.shaft.tools.io.ReportManager&amp#27;[m : File Action "DoesFileExist" successfully performed. With the following test data "File Path: "Schemas/ValidationError_schema.json"".
2023-02-07 11:02:29.470 &amp#27;[32m INFO&amp#27;[m &amp#27;[35m[@503 - main]&amp#27;[m &amp#27;[36mcom.shaft.tools.io.ReportManager&amp#27;[m : File Action "DoesFileExist" successfully performed. With the following test data "File Path: "src/test/resources/testDataFiles/Schemas/ValidationError_schema.json"".
2023-02-07 11:02:29.470 &amp#27;[32m INFO&amp#27;[m &amp#27;[35m[@503 - main]&amp#27;[m &amp#27;[36mcom.shaft.tools.io.ReportManager&amp#27;[m : File Action "GetAbsolutePath" successfully performed. With the following test data "Relative Folder Path: "src/test/resources/testDataFiles/Schemas/ValidationError_schema.json"".
2023-02-07 11:02:29.471 &amp#27;[32m INFO&amp#27;[m &amp#27;[35m[@503 - main]&amp#27;[m &amp#27;[36mcom.shaft.tools.io.ReportManager&amp#27;[m : File Action "DoesFileExist" successfully performed. With the following test data "File Path: "C:\eclipse-workspace\MyProjects\TASystemsAPIs\src\test\resources\testDataFiles\Schemas\ValidationError_schema.json"".
2023-02-07 11:02:29.471 &amp#27;[32m INFO&amp#27;[m &amp#27;[35m[@503 - main]&amp#27;[m &amp#27;[36mcom.shaft.tools.io.ReportManager&amp#27;[m : File Action "GetAbsolutePath" successfully performed. With the following test data "Relative Folder Path: "C:\eclipse-workspace\MyProjects\TASystemsAPIs\src\test\resources\testDataFiles\Schemas\ValidationError_schema.json"".
2023-02-07 11:02:29.471 &amp#27;[32m INFO&amp#27;[m &amp#27;[35m[@503 - main]&amp#27;[m &amp#27;[36mcom.shaft.tools.io.ReportManager&amp#27;[m : File Action "ReadFile" successfully performed. With the following test data "File Path: "C:\eclipse-workspace\MyProjects\TASystemsAPIs\src\test\resources\testDataFiles\Schemas\ValidationError_schema.json"".
2023-02-07 11:02:29.472 &amp#27;[32m INFO&amp#27;[m &amp#27;[35m[@503 - main]&amp#27;[m &amp#27;[36mcom.shaft.tools.io.ReportManager&amp#27;[m : Successfully created attachment "Validation Test Data - Expected JSON Value"
2023-02-07 11:02:29.473 &amp#27;[32m INFO&amp#27;[m &amp#27;[35m[@503 - main]&amp#27;[m &amp#27;[36mcom.shaft.tools.io.ReportManager&amp#27;[m : Successfully created attachment "Validation Test Data - Actual JSON Value"
2023-02-07 11:02:29.475 &amp#27;[32m INFO&amp#27;[m &amp#27;[35m[@503 - main]&amp#27;[m &amp#27;[36mcom.shaft.tools.io.ReportManager&amp#27;[m : Successfully created attachment "SHAFT Engine Logs - Current Method log: Update_Policy_With_InValid_data_TC"
]]></system-out>
  </testcase>
  <testcase name="Update_Policy_With_InValid_data_TC[[Ljava.lang.Object;@d23fb70](49)" classname="SteeringCompanyAPI_TestCases.Test_Policies_Cases" time="2.228">
    <system-out><![CDATA[2023-02-07 11:02:29.476 &amp#27;[32m INFO&amp#27;[m &amp#27;[35m[@534 - main]&amp#27;[m &amp#27;[36mcom.shaft.tools.io.ReportManager&amp#27;[m : 
################################################################################################################################################
Starting Execution:	"327 out of 107" test cases in the current suite
Test Method:		"SteeringCompanyAPI_TestCases.Test_Policies_Cases.Update_Policy_With_InValid_data_TC"
Test Description:	"TC053 -Policy- Perform Update Policy with InValid data"
################################################################################################################################################
2023-02-07 11:02:29.477 &amp#27;[32m INFO&amp#27;[m &amp#27;[35m[@503 - main]&amp#27;[m &amp#27;[36mcom.shaft.tools.io.ReportManager&amp#27;[m : File Action "DoesFileExist" successfully performed. With the following test data "File Path: "SteeringCompanyAPI_TestData/SteeringCompanyAPI_TestData.xlsx"".
2023-02-07 11:02:29.490 &amp#27;[32m INFO&amp#27;[m &amp#27;[35m[@503 - main]&amp#27;[m &amp#27;[36mcom.shaft.tools.io.ReportManager&amp#27;[m : Successfully created attachment "Test Data - Excel"
2023-02-07 11:02:31.110 &amp#27;[32m INFO&amp#27;[m &amp#27;[35m[@503 - main]&amp#27;[m &amp#27;[36mcom.shaft.tools.io.ReportManager&amp#27;[m : Response status code: "200", status line: "HTTP/1.1 200 OK"
2023-02-07 11:02:31.121 &amp#27;[32m INFO&amp#27;[m &amp#27;[35m[@503 - main]&amp#27;[m &amp#27;[36mcom.shaft.tools.io.ReportManager&amp#27;[m : Successfully created attachment "API Request - Specifications"
2023-02-07 11:02:31.122 &amp#27;[32m INFO&amp#27;[m &amp#27;[35m[@503 - main]&amp#27;[m &amp#27;[36mcom.shaft.tools.io.ReportManager&amp#27;[m : Successfully created attachment "API Request - Body"
2023-02-07 11:02:31.122 &amp#27;[32m INFO&amp#27;[m &amp#27;[35m[@503 - main]&amp#27;[m &amp#27;[36mcom.shaft.tools.io.ReportManager&amp#27;[m : Successfully created attachment "API Response - JSON Body"
2023-02-07 11:02:31.127 &amp#27;[32m INFO&amp#27;[m &amp#27;[35m[@503 - main]&amp#27;[m &amp#27;[36mcom.shaft.tools.io.ReportManager&amp#27;[m : File Action "DoesFileExist" successfully performed. With the following test data "File Path: "SteeringCompanyAPI_TestData/SteeringCompanyAPI_TestData.xlsx"".
2023-02-07 11:02:31.143 &amp#27;[32m INFO&amp#27;[m &amp#27;[35m[@503 - main]&amp#27;[m &amp#27;[36mcom.shaft.tools.io.ReportManager&amp#27;[m : Successfully created attachment "Test Data - Excel"
2023-02-07 11:02:31.143 &amp#27;[32m INFO&amp#27;[m &amp#27;[35m[@503 - main]&amp#27;[m &amp#27;[36mcom.shaft.tools.io.ReportManager&amp#27;[m : File Action "DoesFileExist" successfully performed. With the following test data "File Path: "SteeringCompanyAPI_TestData/SteeringCompanyAPI_TestData.xlsx"".
2023-02-07 11:02:31.158 &amp#27;[32m INFO&amp#27;[m &amp#27;[35m[@503 - main]&amp#27;[m &amp#27;[36mcom.shaft.tools.io.ReportManager&amp#27;[m : Successfully created attachment "Test Data - Excel"
2023-02-07 11:02:31.158 &amp#27;[32m INFO&amp#27;[m &amp#27;[35m[@503 - main]&amp#27;[m &amp#27;[36mcom.shaft.tools.io.ReportManager&amp#27;[m : File Action "DoesFileExist" successfully performed. With the following test data "File Path: "SteeringCompanyAPI_TestData/SteeringCompanyAPI_TestData.xlsx"".
2023-02-07 11:02:31.173 &amp#27;[32m INFO&amp#27;[m &amp#27;[35m[@503 - main]&amp#27;[m &amp#27;[36mcom.shaft.tools.io.ReportManager&amp#27;[m : Successfully created attachment "Test Data - Excel"
2023-02-07 11:02:31.685 &amp#27;[32m INFO&amp#27;[m &amp#27;[35m[@503 - main]&amp#27;[m &amp#27;[36mcom.shaft.tools.io.ReportManager&amp#27;[m : Response status code: "422", status line: "HTTP/1.1 422 "
2023-02-07 11:02:31.696 &amp#27;[32m INFO&amp#27;[m &amp#27;[35m[@503 - main]&amp#27;[m &amp#27;[36mcom.shaft.tools.io.ReportManager&amp#27;[m : Successfully created attachment "API Request - Specifications"
2023-02-07 11:02:31.696 &amp#27;[32m INFO&amp#27;[m &amp#27;[35m[@503 - main]&amp#27;[m &amp#27;[36mcom.shaft.tools.io.ReportManager&amp#27;[m : Successfully created attachment "API Request - JSON Body"
2023-02-07 11:02:31.697 &amp#27;[32m INFO&amp#27;[m &amp#27;[35m[@503 - main]&amp#27;[m &amp#27;[36mcom.shaft.tools.io.ReportManager&amp#27;[m : Successfully created attachment "API Response - JSON Body"
2023-02-07 11:02:31.697 &amp#27;[32m INFO&amp#27;[m &amp#27;[35m[@503 - main]&amp#27;[m &amp#27;[36mcom.shaft.tools.io.ReportManager&amp#27;[m : File Action "DoesFileExist" successfully performed. With the following test data "File Path: "Schemas/ValidationError_schema.json"".
2023-02-07 11:02:31.697 &amp#27;[32m INFO&amp#27;[m &amp#27;[35m[@503 - main]&amp#27;[m &amp#27;[36mcom.shaft.tools.io.ReportManager&amp#27;[m : File Action "DoesFileExist" successfully performed. With the following test data "File Path: "src/test/resources/testDataFiles/Schemas/ValidationError_schema.json"".
2023-02-07 11:02:31.697 &amp#27;[32m INFO&amp#27;[m &amp#27;[35m[@503 - main]&amp#27;[m &amp#27;[36mcom.shaft.tools.io.ReportManager&amp#27;[m : File Action "GetAbsolutePath" successfully performed. With the following test data "Relative Folder Path: "src/test/resources/testDataFiles/Schemas/ValidationError_schema.json"".
2023-02-07 11:02:31.699 &amp#27;[32m INFO&amp#27;[m &amp#27;[35m[@503 - main]&amp#27;[m &amp#27;[36mcom.shaft.tools.io.ReportManager&amp#27;[m : File Action "DoesFileExist" successfully performed. With the following test data "File Path: "C:\eclipse-workspace\MyProjects\TASystemsAPIs\src\test\resources\testDataFiles\Schemas\ValidationError_schema.json"".
2023-02-07 11:02:31.699 &amp#27;[32m INFO&amp#27;[m &amp#27;[35m[@503 - main]&amp#27;[m &amp#27;[36mcom.shaft.tools.io.ReportManager&amp#27;[m : File Action "GetAbsolutePath" successfully performed. With the following test data "Relative Folder Path: "C:\eclipse-workspace\MyProjects\TASystemsAPIs\src\test\resources\testDataFiles\Schemas\ValidationError_schema.json"".
2023-02-07 11:02:31.699 &amp#27;[32m INFO&amp#27;[m &amp#27;[35m[@503 - main]&amp#27;[m &amp#27;[36mcom.shaft.tools.io.ReportManager&amp#27;[m : File Action "ReadFile" successfully performed. With the following test data "File Path: "C:\eclipse-workspace\MyProjects\TASystemsAPIs\src\test\resources\testDataFiles\Schemas\ValidationError_schema.json"".
2023-02-07 11:02:31.701 &amp#27;[32m INFO&amp#27;[m &amp#27;[35m[@503 - main]&amp#27;[m &amp#27;[36mcom.shaft.tools.io.ReportManager&amp#27;[m : Successfully created attachment "Validation Test Data - Expected JSON Value"
2023-02-07 11:02:31.701 &amp#27;[32m INFO&amp#27;[m &amp#27;[35m[@503 - main]&amp#27;[m &amp#27;[36mcom.shaft.tools.io.ReportManager&amp#27;[m : Successfully created attachment "Validation Test Data - Actual JSON Value"
2023-02-07 11:02:31.702 &amp#27;[32m INFO&amp#27;[m &amp#27;[35m[@503 - main]&amp#27;[m &amp#27;[36mcom.shaft.tools.io.ReportManager&amp#27;[m : Successfully created attachment "SHAFT Engine Logs - Current Method log: Update_Policy_With_InValid_data_TC"
]]></system-out>
  </testcase>
  <testcase name="Update_Policy_With_InValid_data_TC[[Ljava.lang.Object;@4116c203](50)" classname="SteeringCompanyAPI_TestCases.Test_Policies_Cases" time="1.404">
    <system-out><![CDATA[2023-02-07 11:02:31.704 &amp#27;[32m INFO&amp#27;[m &amp#27;[35m[@534 - main]&amp#27;[m &amp#27;[36mcom.shaft.tools.io.ReportManager&amp#27;[m : 
################################################################################################################################################
Starting Execution:	"328 out of 107" test cases in the current suite
Test Method:		"SteeringCompanyAPI_TestCases.Test_Policies_Cases.Update_Policy_With_InValid_data_TC"
Test Description:	"TC053 -Policy- Perform Update Policy with InValid data"
################################################################################################################################################
2023-02-07 11:02:31.705 &amp#27;[32m INFO&amp#27;[m &amp#27;[35m[@503 - main]&amp#27;[m &amp#27;[36mcom.shaft.tools.io.ReportManager&amp#27;[m : File Action "DoesFileExist" successfully performed. With the following test data "File Path: "SteeringCompanyAPI_TestData/SteeringCompanyAPI_TestData.xlsx"".
2023-02-07 11:02:31.719 &amp#27;[32m INFO&amp#27;[m &amp#27;[35m[@503 - main]&amp#27;[m &amp#27;[36mcom.shaft.tools.io.ReportManager&amp#27;[m : Successfully created attachment "Test Data - Excel"
2023-02-07 11:02:32.543 &amp#27;[32m INFO&amp#27;[m &amp#27;[35m[@503 - main]&amp#27;[m &amp#27;[36mcom.shaft.tools.io.ReportManager&amp#27;[m : Response status code: "200", status line: "HTTP/1.1 200 OK"
2023-02-07 11:02:32.551 &amp#27;[32m INFO&amp#27;[m &amp#27;[35m[@503 - main]&amp#27;[m &amp#27;[36mcom.shaft.tools.io.ReportManager&amp#27;[m : Successfully created attachment "API Request - Specifications"
2023-02-07 11:02:32.555 &amp#27;[32m INFO&amp#27;[m &amp#27;[35m[@503 - main]&amp#27;[m &amp#27;[36mcom.shaft.tools.io.ReportManager&amp#27;[m : Successfully created attachment "API Request - Body"
2023-02-07 11:02:32.556 &amp#27;[32m INFO&amp#27;[m &amp#27;[35m[@503 - main]&amp#27;[m &amp#27;[36mcom.shaft.tools.io.ReportManager&amp#27;[m : Successfully created attachment "API Response - JSON Body"
2023-02-07 11:02:32.562 &amp#27;[32m INFO&amp#27;[m &amp#27;[35m[@503 - main]&amp#27;[m &amp#27;[36mcom.shaft.tools.io.ReportManager&amp#27;[m : File Action "DoesFileExist" successfully performed. With the following test data "File Path: "SteeringCompanyAPI_TestData/SteeringCompanyAPI_TestData.xlsx"".
2023-02-07 11:02:32.576 &amp#27;[32m INFO&amp#27;[m &amp#27;[35m[@503 - main]&amp#27;[m &amp#27;[36mcom.shaft.tools.io.ReportManager&amp#27;[m : Successfully created attachment "Test Data - Excel"
2023-02-07 11:02:32.576 &amp#27;[32m INFO&amp#27;[m &amp#27;[35m[@503 - main]&amp#27;[m &amp#27;[36mcom.shaft.tools.io.ReportManager&amp#27;[m : File Action "DoesFileExist" successfully performed. With the following test data "File Path: "SteeringCompanyAPI_TestData/SteeringCompanyAPI_TestData.xlsx"".
2023-02-07 11:02:32.590 &amp#27;[32m INFO&amp#27;[m &amp#27;[35m[@503 - main]&amp#27;[m &amp#27;[36mcom.shaft.tools.io.ReportManager&amp#27;[m : Successfully created attachment "Test Data - Excel"
2023-02-07 11:02:32.590 &amp#27;[32m INFO&amp#27;[m &amp#27;[35m[@503 - main]&amp#27;[m &amp#27;[36mcom.shaft.tools.io.ReportManager&amp#27;[m : File Action "DoesFileExist" successfully performed. With the following test data "File Path: "SteeringCompanyAPI_TestData/SteeringCompanyAPI_TestData.xlsx"".
2023-02-07 11:02:32.612 &amp#27;[32m INFO&amp#27;[m &amp#27;[35m[@503 - main]&amp#27;[m &amp#27;[36mcom.shaft.tools.io.ReportManager&amp#27;[m : Successfully created attachment "Test Data - Excel"
2023-02-07 11:02:33.091 &amp#27;[32m INFO&amp#27;[m &amp#27;[35m[@503 - main]&amp#27;[m &amp#27;[36mcom.shaft.tools.io.ReportManager&amp#27;[m : Response status code: "422", status line: "HTTP/1.1 422 "
2023-02-07 11:02:33.099 &amp#27;[32m INFO&amp#27;[m &amp#27;[35m[@503 - main]&amp#27;[m &amp#27;[36mcom.shaft.tools.io.ReportManager&amp#27;[m : Successfully created attachment "API Request - Specifications"
2023-02-07 11:02:33.099 &amp#27;[32m INFO&amp#27;[m &amp#27;[35m[@503 - main]&amp#27;[m &amp#27;[36mcom.shaft.tools.io.ReportManager&amp#27;[m : Successfully created attachment "API Request - JSON Body"
2023-02-07 11:02:33.101 &amp#27;[32m INFO&amp#27;[m &amp#27;[35m[@503 - main]&amp#27;[m &amp#27;[36mcom.shaft.tools.io.ReportManager&amp#27;[m : Successfully created attachment "API Response - JSON Body"
2023-02-07 11:02:33.101 &amp#27;[32m INFO&amp#27;[m &amp#27;[35m[@503 - main]&amp#27;[m &amp#27;[36mcom.shaft.tools.io.ReportManager&amp#27;[m : File Action "DoesFileExist" successfully performed. With the following test data "File Path: "Schemas/ValidationError_schema.json"".
2023-02-07 11:02:33.101 &amp#27;[32m INFO&amp#27;[m &amp#27;[35m[@503 - main]&amp#27;[m &amp#27;[36mcom.shaft.tools.io.ReportManager&amp#27;[m : File Action "DoesFileExist" successfully performed. With the following test data "File Path: "src/test/resources/testDataFiles/Schemas/ValidationError_schema.json"".
2023-02-07 11:02:33.101 &amp#27;[32m INFO&amp#27;[m &amp#27;[35m[@503 - main]&amp#27;[m &amp#27;[36mcom.shaft.tools.io.ReportManager&amp#27;[m : File Action "GetAbsolutePath" successfully performed. With the following test data "Relative Folder Path: "src/test/resources/testDataFiles/Schemas/ValidationError_schema.json"".
2023-02-07 11:02:33.102 &amp#27;[32m INFO&amp#27;[m &amp#27;[35m[@503 - main]&amp#27;[m &amp#27;[36mcom.shaft.tools.io.ReportManager&amp#27;[m : File Action "DoesFileExist" successfully performed. With the following test data "File Path: "C:\eclipse-workspace\MyProjects\TASystemsAPIs\src\test\resources\testDataFiles\Schemas\ValidationError_schema.json"".
2023-02-07 11:02:33.103 &amp#27;[32m INFO&amp#27;[m &amp#27;[35m[@503 - main]&amp#27;[m &amp#27;[36mcom.shaft.tools.io.ReportManager&amp#27;[m : File Action "GetAbsolutePath" successfully performed. With the following test data "Relative Folder Path: "C:\eclipse-workspace\MyProjects\TASystemsAPIs\src\test\resources\testDataFiles\Schemas\ValidationError_schema.json"".
2023-02-07 11:02:33.103 &amp#27;[32m INFO&amp#27;[m &amp#27;[35m[@503 - main]&amp#27;[m &amp#27;[36mcom.shaft.tools.io.ReportManager&amp#27;[m : File Action "ReadFile" successfully performed. With the following test data "File Path: "C:\eclipse-workspace\MyProjects\TASystemsAPIs\src\test\resources\testDataFiles\Schemas\ValidationError_schema.json"".
2023-02-07 11:02:33.106 &amp#27;[32m INFO&amp#27;[m &amp#27;[35m[@503 - main]&amp#27;[m &amp#27;[36mcom.shaft.tools.io.ReportManager&amp#27;[m : Successfully created attachment "Validation Test Data - Expected JSON Value"
2023-02-07 11:02:33.106 &amp#27;[32m INFO&amp#27;[m &amp#27;[35m[@503 - main]&amp#27;[m &amp#27;[36mcom.shaft.tools.io.ReportManager&amp#27;[m : Successfully created attachment "Validation Test Data - Actual JSON Value"
2023-02-07 11:02:33.107 &amp#27;[32m INFO&amp#27;[m &amp#27;[35m[@503 - main]&amp#27;[m &amp#27;[36mcom.shaft.tools.io.ReportManager&amp#27;[m : Successfully created attachment "SHAFT Engine Logs - Current Method log: Update_Policy_With_InValid_data_TC"
]]></system-out>
  </testcase>
  <testcase name="Update_Policy_With_InValid_data_TC[[Ljava.lang.Object;@3f81a8bd](51)" classname="SteeringCompanyAPI_TestCases.Test_Policies_Cases" time="1.554">
    <system-out><![CDATA[2023-02-07 11:02:33.109 &amp#27;[32m INFO&amp#27;[m &amp#27;[35m[@534 - main]&amp#27;[m &amp#27;[36mcom.shaft.tools.io.ReportManager&amp#27;[m : 
################################################################################################################################################
Starting Execution:	"329 out of 107" test cases in the current suite
Test Method:		"SteeringCompanyAPI_TestCases.Test_Policies_Cases.Update_Policy_With_InValid_data_TC"
Test Description:	"TC053 -Policy- Perform Update Policy with InValid data"
################################################################################################################################################
2023-02-07 11:02:33.109 &amp#27;[32m INFO&amp#27;[m &amp#27;[35m[@503 - main]&amp#27;[m &amp#27;[36mcom.shaft.tools.io.ReportManager&amp#27;[m : File Action "DoesFileExist" successfully performed. With the following test data "File Path: "SteeringCompanyAPI_TestData/SteeringCompanyAPI_TestData.xlsx"".
2023-02-07 11:02:33.124 &amp#27;[32m INFO&amp#27;[m &amp#27;[35m[@503 - main]&amp#27;[m &amp#27;[36mcom.shaft.tools.io.ReportManager&amp#27;[m : Successfully created attachment "Test Data - Excel"
2023-02-07 11:02:34.093 &amp#27;[32m INFO&amp#27;[m &amp#27;[35m[@503 - main]&amp#27;[m &amp#27;[36mcom.shaft.tools.io.ReportManager&amp#27;[m : Response status code: "200", status line: "HTTP/1.1 200 OK"
2023-02-07 11:02:34.104 &amp#27;[32m INFO&amp#27;[m &amp#27;[35m[@503 - main]&amp#27;[m &amp#27;[36mcom.shaft.tools.io.ReportManager&amp#27;[m : Successfully created attachment "API Request - Specifications"
2023-02-07 11:02:34.106 &amp#27;[32m INFO&amp#27;[m &amp#27;[35m[@503 - main]&amp#27;[m &amp#27;[36mcom.shaft.tools.io.ReportManager&amp#27;[m : Successfully created attachment "API Request - Body"
2023-02-07 11:02:34.106 &amp#27;[32m INFO&amp#27;[m &amp#27;[35m[@503 - main]&amp#27;[m &amp#27;[36mcom.shaft.tools.io.ReportManager&amp#27;[m : Successfully created attachment "API Response - JSON Body"
2023-02-07 11:02:34.112 &amp#27;[32m INFO&amp#27;[m &amp#27;[35m[@503 - main]&amp#27;[m &amp#27;[36mcom.shaft.tools.io.ReportManager&amp#27;[m : File Action "DoesFileExist" successfully performed. With the following test data "File Path: "SteeringCompanyAPI_TestData/SteeringCompanyAPI_TestData.xlsx"".
2023-02-07 11:02:34.125 &amp#27;[32m INFO&amp#27;[m &amp#27;[35m[@503 - main]&amp#27;[m &amp#27;[36mcom.shaft.tools.io.ReportManager&amp#27;[m : Successfully created attachment "Test Data - Excel"
2023-02-07 11:02:34.125 &amp#27;[32m INFO&amp#27;[m &amp#27;[35m[@503 - main]&amp#27;[m &amp#27;[36mcom.shaft.tools.io.ReportManager&amp#27;[m : File Action "DoesFileExist" successfully performed. With the following test data "File Path: "SteeringCompanyAPI_TestData/SteeringCompanyAPI_TestData.xlsx"".
2023-02-07 11:02:34.138 &amp#27;[32m INFO&amp#27;[m &amp#27;[35m[@503 - main]&amp#27;[m &amp#27;[36mcom.shaft.tools.io.ReportManager&amp#27;[m : Successfully created attachment "Test Data - Excel"
2023-02-07 11:02:34.138 &amp#27;[32m INFO&amp#27;[m &amp#27;[35m[@503 - main]&amp#27;[m &amp#27;[36mcom.shaft.tools.io.ReportManager&amp#27;[m : File Action "DoesFileExist" successfully performed. With the following test data "File Path: "SteeringCompanyAPI_TestData/SteeringCompanyAPI_TestData.xlsx"".
2023-02-07 11:02:34.152 &amp#27;[32m INFO&amp#27;[m &amp#27;[35m[@503 - main]&amp#27;[m &amp#27;[36mcom.shaft.tools.io.ReportManager&amp#27;[m : Successfully created attachment "Test Data - Excel"
2023-02-07 11:02:34.644 &amp#27;[32m INFO&amp#27;[m &amp#27;[35m[@503 - main]&amp#27;[m &amp#27;[36mcom.shaft.tools.io.ReportManager&amp#27;[m : Response status code: "422", status line: "HTTP/1.1 422 "
2023-02-07 11:02:34.652 &amp#27;[32m INFO&amp#27;[m &amp#27;[35m[@503 - main]&amp#27;[m &amp#27;[36mcom.shaft.tools.io.ReportManager&amp#27;[m : Successfully created attachment "API Request - Specifications"
2023-02-07 11:02:34.654 &amp#27;[32m INFO&amp#27;[m &amp#27;[35m[@503 - main]&amp#27;[m &amp#27;[36mcom.shaft.tools.io.ReportManager&amp#27;[m : Successfully created attachment "API Request - JSON Body"
2023-02-07 11:02:34.655 &amp#27;[32m INFO&amp#27;[m &amp#27;[35m[@503 - main]&amp#27;[m &amp#27;[36mcom.shaft.tools.io.ReportManager&amp#27;[m : Successfully created attachment "API Response - JSON Body"
2023-02-07 11:02:34.655 &amp#27;[32m INFO&amp#27;[m &amp#27;[35m[@503 - main]&amp#27;[m &amp#27;[36mcom.shaft.tools.io.ReportManager&amp#27;[m : File Action "DoesFileExist" successfully performed. With the following test data "File Path: "Schemas/ValidationError_schema.json"".
2023-02-07 11:02:34.655 &amp#27;[32m INFO&amp#27;[m &amp#27;[35m[@503 - main]&amp#27;[m &amp#27;[36mcom.shaft.tools.io.ReportManager&amp#27;[m : File Action "DoesFileExist" successfully performed. With the following test data "File Path: "src/test/resources/testDataFiles/Schemas/ValidationError_schema.json"".
2023-02-07 11:02:34.655 &amp#27;[32m INFO&amp#27;[m &amp#27;[35m[@503 - main]&amp#27;[m &amp#27;[36mcom.shaft.tools.io.ReportManager&amp#27;[m : File Action "GetAbsolutePath" successfully performed. With the following test data "Relative Folder Path: "src/test/resources/testDataFiles/Schemas/ValidationError_schema.json"".
2023-02-07 11:02:34.656 &amp#27;[32m INFO&amp#27;[m &amp#27;[35m[@503 - main]&amp#27;[m &amp#27;[36mcom.shaft.tools.io.ReportManager&amp#27;[m : File Action "DoesFileExist" successfully performed. With the following test data "File Path: "C:\eclipse-workspace\MyProjects\TASystemsAPIs\src\test\resources\testDataFiles\Schemas\ValidationError_schema.json"".
2023-02-07 11:02:34.656 &amp#27;[32m INFO&amp#27;[m &amp#27;[35m[@503 - main]&amp#27;[m &amp#27;[36mcom.shaft.tools.io.ReportManager&amp#27;[m : File Action "GetAbsolutePath" successfully performed. With the following test data "Relative Folder Path: "C:\eclipse-workspace\MyProjects\TASystemsAPIs\src\test\resources\testDataFiles\Schemas\ValidationError_schema.json"".
2023-02-07 11:02:34.656 &amp#27;[32m INFO&amp#27;[m &amp#27;[35m[@503 - main]&amp#27;[m &amp#27;[36mcom.shaft.tools.io.ReportManager&amp#27;[m : File Action "ReadFile" successfully performed. With the following test data "File Path: "C:\eclipse-workspace\MyProjects\TASystemsAPIs\src\test\resources\testDataFiles\Schemas\ValidationError_schema.json"".
2023-02-07 11:02:34.660 &amp#27;[32m INFO&amp#27;[m &amp#27;[35m[@503 - main]&amp#27;[m &amp#27;[36mcom.shaft.tools.io.ReportManager&amp#27;[m : Successfully created attachment "Validation Test Data - Expected JSON Value"
2023-02-07 11:02:34.660 &amp#27;[32m INFO&amp#27;[m &amp#27;[35m[@503 - main]&amp#27;[m &amp#27;[36mcom.shaft.tools.io.ReportManager&amp#27;[m : Successfully created attachment "Validation Test Data - Actual JSON Value"
2023-02-07 11:02:34.661 &amp#27;[32m INFO&amp#27;[m &amp#27;[35m[@503 - main]&amp#27;[m &amp#27;[36mcom.shaft.tools.io.ReportManager&amp#27;[m : Successfully created attachment "SHAFT Engine Logs - Current Method log: Update_Policy_With_InValid_data_TC"
]]></system-out>
  </testcase>
  <testcase name="Update_Policy_With_InValid_data_TC[[Ljava.lang.Object;@396556f5](52)" classname="SteeringCompanyAPI_TestCases.Test_Policies_Cases" time="1.24">
    <system-out><![CDATA[2023-02-07 11:02:34.663 &amp#27;[32m INFO&amp#27;[m &amp#27;[35m[@534 - main]&amp#27;[m &amp#27;[36mcom.shaft.tools.io.ReportManager&amp#27;[m : 
################################################################################################################################################
Starting Execution:	"330 out of 107" test cases in the current suite
Test Method:		"SteeringCompanyAPI_TestCases.Test_Policies_Cases.Update_Policy_With_InValid_data_TC"
Test Description:	"TC053 -Policy- Perform Update Policy with InValid data"
################################################################################################################################################
2023-02-07 11:02:34.664 &amp#27;[32m INFO&amp#27;[m &amp#27;[35m[@503 - main]&amp#27;[m &amp#27;[36mcom.shaft.tools.io.ReportManager&amp#27;[m : File Action "DoesFileExist" successfully performed. With the following test data "File Path: "SteeringCompanyAPI_TestData/SteeringCompanyAPI_TestData.xlsx"".
2023-02-07 11:02:34.678 &amp#27;[32m INFO&amp#27;[m &amp#27;[35m[@503 - main]&amp#27;[m &amp#27;[36mcom.shaft.tools.io.ReportManager&amp#27;[m : Successfully created attachment "Test Data - Excel"
2023-02-07 11:02:35.302 &amp#27;[32m INFO&amp#27;[m &amp#27;[35m[@503 - main]&amp#27;[m &amp#27;[36mcom.shaft.tools.io.ReportManager&amp#27;[m : Response status code: "200", status line: "HTTP/1.1 200 OK"
2023-02-07 11:02:35.309 &amp#27;[32m INFO&amp#27;[m &amp#27;[35m[@503 - main]&amp#27;[m &amp#27;[36mcom.shaft.tools.io.ReportManager&amp#27;[m : Successfully created attachment "API Request - Specifications"
2023-02-07 11:02:35.310 &amp#27;[32m INFO&amp#27;[m &amp#27;[35m[@503 - main]&amp#27;[m &amp#27;[36mcom.shaft.tools.io.ReportManager&amp#27;[m : Successfully created attachment "API Request - Body"
2023-02-07 11:02:35.312 &amp#27;[32m INFO&amp#27;[m &amp#27;[35m[@503 - main]&amp#27;[m &amp#27;[36mcom.shaft.tools.io.ReportManager&amp#27;[m : Successfully created attachment "API Response - JSON Body"
2023-02-07 11:02:35.319 &amp#27;[32m INFO&amp#27;[m &amp#27;[35m[@503 - main]&amp#27;[m &amp#27;[36mcom.shaft.tools.io.ReportManager&amp#27;[m : File Action "DoesFileExist" successfully performed. With the following test data "File Path: "SteeringCompanyAPI_TestData/SteeringCompanyAPI_TestData.xlsx"".
2023-02-07 11:02:35.340 &amp#27;[32m INFO&amp#27;[m &amp#27;[35m[@503 - main]&amp#27;[m &amp#27;[36mcom.shaft.tools.io.ReportManager&amp#27;[m : Successfully created attachment "Test Data - Excel"
2023-02-07 11:02:35.340 &amp#27;[32m INFO&amp#27;[m &amp#27;[35m[@503 - main]&amp#27;[m &amp#27;[36mcom.shaft.tools.io.ReportManager&amp#27;[m : File Action "DoesFileExist" successfully performed. With the following test data "File Path: "SteeringCompanyAPI_TestData/SteeringCompanyAPI_TestData.xlsx"".
2023-02-07 11:02:35.356 &amp#27;[32m INFO&amp#27;[m &amp#27;[35m[@503 - main]&amp#27;[m &amp#27;[36mcom.shaft.tools.io.ReportManager&amp#27;[m : Successfully created attachment "Test Data - Excel"
2023-02-07 11:02:35.357 &amp#27;[32m INFO&amp#27;[m &amp#27;[35m[@503 - main]&amp#27;[m &amp#27;[36mcom.shaft.tools.io.ReportManager&amp#27;[m : File Action "DoesFileExist" successfully performed. With the following test data "File Path: "SteeringCompanyAPI_TestData/SteeringCompanyAPI_TestData.xlsx"".
2023-02-07 11:02:35.371 &amp#27;[32m INFO&amp#27;[m &amp#27;[35m[@503 - main]&amp#27;[m &amp#27;[36mcom.shaft.tools.io.ReportManager&amp#27;[m : Successfully created attachment "Test Data - Excel"
2023-02-07 11:02:35.882 &amp#27;[32m INFO&amp#27;[m &amp#27;[35m[@503 - main]&amp#27;[m &amp#27;[36mcom.shaft.tools.io.ReportManager&amp#27;[m : Response status code: "422", status line: "HTTP/1.1 422 "
2023-02-07 11:02:35.892 &amp#27;[32m INFO&amp#27;[m &amp#27;[35m[@503 - main]&amp#27;[m &amp#27;[36mcom.shaft.tools.io.ReportManager&amp#27;[m : Successfully created attachment "API Request - Specifications"
2023-02-07 11:02:35.896 &amp#27;[32m INFO&amp#27;[m &amp#27;[35m[@503 - main]&amp#27;[m &amp#27;[36mcom.shaft.tools.io.ReportManager&amp#27;[m : Successfully created attachment "API Request - JSON Body"
2023-02-07 11:02:35.896 &amp#27;[32m INFO&amp#27;[m &amp#27;[35m[@503 - main]&amp#27;[m &amp#27;[36mcom.shaft.tools.io.ReportManager&amp#27;[m : Successfully created attachment "API Response - JSON Body"
2023-02-07 11:02:35.897 &amp#27;[32m INFO&amp#27;[m &amp#27;[35m[@503 - main]&amp#27;[m &amp#27;[36mcom.shaft.tools.io.ReportManager&amp#27;[m : File Action "DoesFileExist" successfully performed. With the following test data "File Path: "Schemas/ValidationError_schema.json"".
2023-02-07 11:02:35.897 &amp#27;[32m INFO&amp#27;[m &amp#27;[35m[@503 - main]&amp#27;[m &amp#27;[36mcom.shaft.tools.io.ReportManager&amp#27;[m : File Action "DoesFileExist" successfully performed. With the following test data "File Path: "src/test/resources/testDataFiles/Schemas/ValidationError_schema.json"".
2023-02-07 11:02:35.897 &amp#27;[32m INFO&amp#27;[m &amp#27;[35m[@503 - main]&amp#27;[m &amp#27;[36mcom.shaft.tools.io.ReportManager&amp#27;[m : File Action "GetAbsolutePath" successfully performed. With the following test data "Relative Folder Path: "src/test/resources/testDataFiles/Schemas/ValidationError_schema.json"".
2023-02-07 11:02:35.898 &amp#27;[32m INFO&amp#27;[m &amp#27;[35m[@503 - main]&amp#27;[m &amp#27;[36mcom.shaft.tools.io.ReportManager&amp#27;[m : File Action "DoesFileExist" successfully performed. With the following test data "File Path: "C:\eclipse-workspace\MyProjects\TASystemsAPIs\src\test\resources\testDataFiles\Schemas\ValidationError_schema.json"".
2023-02-07 11:02:35.898 &amp#27;[32m INFO&amp#27;[m &amp#27;[35m[@503 - main]&amp#27;[m &amp#27;[36mcom.shaft.tools.io.ReportManager&amp#27;[m : File Action "GetAbsolutePath" successfully performed. With the following test data "Relative Folder Path: "C:\eclipse-workspace\MyProjects\TASystemsAPIs\src\test\resources\testDataFiles\Schemas\ValidationError_schema.json"".
2023-02-07 11:02:35.898 &amp#27;[32m INFO&amp#27;[m &amp#27;[35m[@503 - main]&amp#27;[m &amp#27;[36mcom.shaft.tools.io.ReportManager&amp#27;[m : File Action "ReadFile" successfully performed. With the following test data "File Path: "C:\eclipse-workspace\MyProjects\TASystemsAPIs\src\test\resources\testDataFiles\Schemas\ValidationError_schema.json"".
2023-02-07 11:02:35.899 &amp#27;[32m INFO&amp#27;[m &amp#27;[35m[@503 - main]&amp#27;[m &amp#27;[36mcom.shaft.tools.io.ReportManager&amp#27;[m : Successfully created attachment "Validation Test Data - Expected JSON Value"
2023-02-07 11:02:35.900 &amp#27;[32m INFO&amp#27;[m &amp#27;[35m[@503 - main]&amp#27;[m &amp#27;[36mcom.shaft.tools.io.ReportManager&amp#27;[m : Successfully created attachment "Validation Test Data - Actual JSON Value"
2023-02-07 11:02:35.901 &amp#27;[32m INFO&amp#27;[m &amp#27;[35m[@503 - main]&amp#27;[m &amp#27;[36mcom.shaft.tools.io.ReportManager&amp#27;[m : Successfully created attachment "SHAFT Engine Logs - Current Method log: Update_Policy_With_InValid_data_TC"
]]></system-out>
  </testcase>
  <testcase name="Update_Policy_With_InValid_data_TC[[Ljava.lang.Object;@14245360](53)" classname="SteeringCompanyAPI_TestCases.Test_Policies_Cases" time="1.229">
    <system-out><![CDATA[2023-02-07 11:02:35.902 &amp#27;[32m INFO&amp#27;[m &amp#27;[35m[@534 - main]&amp#27;[m &amp#27;[36mcom.shaft.tools.io.ReportManager&amp#27;[m : 
################################################################################################################################################
Starting Execution:	"331 out of 107" test cases in the current suite
Test Method:		"SteeringCompanyAPI_TestCases.Test_Policies_Cases.Update_Policy_With_InValid_data_TC"
Test Description:	"TC053 -Policy- Perform Update Policy with InValid data"
################################################################################################################################################
2023-02-07 11:02:35.903 &amp#27;[32m INFO&amp#27;[m &amp#27;[35m[@503 - main]&amp#27;[m &amp#27;[36mcom.shaft.tools.io.ReportManager&amp#27;[m : File Action "DoesFileExist" successfully performed. With the following test data "File Path: "SteeringCompanyAPI_TestData/SteeringCompanyAPI_TestData.xlsx"".
2023-02-07 11:02:35.916 &amp#27;[32m INFO&amp#27;[m &amp#27;[35m[@503 - main]&amp#27;[m &amp#27;[36mcom.shaft.tools.io.ReportManager&amp#27;[m : Successfully created attachment "Test Data - Excel"
2023-02-07 11:02:36.528 &amp#27;[32m INFO&amp#27;[m &amp#27;[35m[@503 - main]&amp#27;[m &amp#27;[36mcom.shaft.tools.io.ReportManager&amp#27;[m : Response status code: "200", status line: "HTTP/1.1 200 OK"
2023-02-07 11:02:36.537 &amp#27;[32m INFO&amp#27;[m &amp#27;[35m[@503 - main]&amp#27;[m &amp#27;[36mcom.shaft.tools.io.ReportManager&amp#27;[m : Successfully created attachment "API Request - Specifications"
2023-02-07 11:02:36.538 &amp#27;[32m INFO&amp#27;[m &amp#27;[35m[@503 - main]&amp#27;[m &amp#27;[36mcom.shaft.tools.io.ReportManager&amp#27;[m : Successfully created attachment "API Request - Body"
2023-02-07 11:02:36.540 &amp#27;[32m INFO&amp#27;[m &amp#27;[35m[@503 - main]&amp#27;[m &amp#27;[36mcom.shaft.tools.io.ReportManager&amp#27;[m : Successfully created attachment "API Response - JSON Body"
2023-02-07 11:02:36.546 &amp#27;[32m INFO&amp#27;[m &amp#27;[35m[@503 - main]&amp#27;[m &amp#27;[36mcom.shaft.tools.io.ReportManager&amp#27;[m : File Action "DoesFileExist" successfully performed. With the following test data "File Path: "SteeringCompanyAPI_TestData/SteeringCompanyAPI_TestData.xlsx"".
2023-02-07 11:02:36.560 &amp#27;[32m INFO&amp#27;[m &amp#27;[35m[@503 - main]&amp#27;[m &amp#27;[36mcom.shaft.tools.io.ReportManager&amp#27;[m : Successfully created attachment "Test Data - Excel"
2023-02-07 11:02:36.560 &amp#27;[32m INFO&amp#27;[m &amp#27;[35m[@503 - main]&amp#27;[m &amp#27;[36mcom.shaft.tools.io.ReportManager&amp#27;[m : File Action "DoesFileExist" successfully performed. With the following test data "File Path: "SteeringCompanyAPI_TestData/SteeringCompanyAPI_TestData.xlsx"".
2023-02-07 11:02:36.573 &amp#27;[32m INFO&amp#27;[m &amp#27;[35m[@503 - main]&amp#27;[m &amp#27;[36mcom.shaft.tools.io.ReportManager&amp#27;[m : Successfully created attachment "Test Data - Excel"
2023-02-07 11:02:36.574 &amp#27;[32m INFO&amp#27;[m &amp#27;[35m[@503 - main]&amp#27;[m &amp#27;[36mcom.shaft.tools.io.ReportManager&amp#27;[m : File Action "DoesFileExist" successfully performed. With the following test data "File Path: "SteeringCompanyAPI_TestData/SteeringCompanyAPI_TestData.xlsx"".
2023-02-07 11:02:36.587 &amp#27;[32m INFO&amp#27;[m &amp#27;[35m[@503 - main]&amp#27;[m &amp#27;[36mcom.shaft.tools.io.ReportManager&amp#27;[m : Successfully created attachment "Test Data - Excel"
2023-02-07 11:02:37.112 &amp#27;[32m INFO&amp#27;[m &amp#27;[35m[@503 - main]&amp#27;[m &amp#27;[36mcom.shaft.tools.io.ReportManager&amp#27;[m : Response status code: "422", status line: "HTTP/1.1 422 "
2023-02-07 11:02:37.123 &amp#27;[32m INFO&amp#27;[m &amp#27;[35m[@503 - main]&amp#27;[m &amp#27;[36mcom.shaft.tools.io.ReportManager&amp#27;[m : Successfully created attachment "API Request - Specifications"
2023-02-07 11:02:37.123 &amp#27;[32m INFO&amp#27;[m &amp#27;[35m[@503 - main]&amp#27;[m &amp#27;[36mcom.shaft.tools.io.ReportManager&amp#27;[m : Successfully created attachment "API Request - JSON Body"
2023-02-07 11:02:37.124 &amp#27;[32m INFO&amp#27;[m &amp#27;[35m[@503 - main]&amp#27;[m &amp#27;[36mcom.shaft.tools.io.ReportManager&amp#27;[m : Successfully created attachment "API Response - JSON Body"
2023-02-07 11:02:37.124 &amp#27;[32m INFO&amp#27;[m &amp#27;[35m[@503 - main]&amp#27;[m &amp#27;[36mcom.shaft.tools.io.ReportManager&amp#27;[m : File Action "DoesFileExist" successfully performed. With the following test data "File Path: "Schemas/ValidationError_schema.json"".
2023-02-07 11:02:37.124 &amp#27;[32m INFO&amp#27;[m &amp#27;[35m[@503 - main]&amp#27;[m &amp#27;[36mcom.shaft.tools.io.ReportManager&amp#27;[m : File Action "DoesFileExist" successfully performed. With the following test data "File Path: "src/test/resources/testDataFiles/Schemas/ValidationError_schema.json"".
2023-02-07 11:02:37.124 &amp#27;[32m INFO&amp#27;[m &amp#27;[35m[@503 - main]&amp#27;[m &amp#27;[36mcom.shaft.tools.io.ReportManager&amp#27;[m : File Action "GetAbsolutePath" successfully performed. With the following test data "Relative Folder Path: "src/test/resources/testDataFiles/Schemas/ValidationError_schema.json"".
2023-02-07 11:02:37.126 &amp#27;[32m INFO&amp#27;[m &amp#27;[35m[@503 - main]&amp#27;[m &amp#27;[36mcom.shaft.tools.io.ReportManager&amp#27;[m : File Action "DoesFileExist" successfully performed. With the following test data "File Path: "C:\eclipse-workspace\MyProjects\TASystemsAPIs\src\test\resources\testDataFiles\Schemas\ValidationError_schema.json"".
2023-02-07 11:02:37.126 &amp#27;[32m INFO&amp#27;[m &amp#27;[35m[@503 - main]&amp#27;[m &amp#27;[36mcom.shaft.tools.io.ReportManager&amp#27;[m : File Action "GetAbsolutePath" successfully performed. With the following test data "Relative Folder Path: "C:\eclipse-workspace\MyProjects\TASystemsAPIs\src\test\resources\testDataFiles\Schemas\ValidationError_schema.json"".
2023-02-07 11:02:37.126 &amp#27;[32m INFO&amp#27;[m &amp#27;[35m[@503 - main]&amp#27;[m &amp#27;[36mcom.shaft.tools.io.ReportManager&amp#27;[m : File Action "ReadFile" successfully performed. With the following test data "File Path: "C:\eclipse-workspace\MyProjects\TASystemsAPIs\src\test\resources\testDataFiles\Schemas\ValidationError_schema.json"".
2023-02-07 11:02:37.129 &amp#27;[32m INFO&amp#27;[m &amp#27;[35m[@503 - main]&amp#27;[m &amp#27;[36mcom.shaft.tools.io.ReportManager&amp#27;[m : Successfully created attachment "Validation Test Data - Expected JSON Value"
2023-02-07 11:02:37.129 &amp#27;[32m INFO&amp#27;[m &amp#27;[35m[@503 - main]&amp#27;[m &amp#27;[36mcom.shaft.tools.io.ReportManager&amp#27;[m : Successfully created attachment "Validation Test Data - Actual JSON Value"
2023-02-07 11:02:37.130 &amp#27;[32m INFO&amp#27;[m &amp#27;[35m[@503 - main]&amp#27;[m &amp#27;[36mcom.shaft.tools.io.ReportManager&amp#27;[m : Successfully created attachment "SHAFT Engine Logs - Current Method log: Update_Policy_With_InValid_data_TC"
]]></system-out>
  </testcase>
  <testcase name="Update_Policy_With_InValid_data_TC[[Ljava.lang.Object;@5fc8c99b](54)" classname="SteeringCompanyAPI_TestCases.Test_Policies_Cases" time="1.202">
    <system-out><![CDATA[2023-02-07 11:02:37.131 &amp#27;[32m INFO&amp#27;[m &amp#27;[35m[@534 - main]&amp#27;[m &amp#27;[36mcom.shaft.tools.io.ReportManager&amp#27;[m : 
################################################################################################################################################
Starting Execution:	"332 out of 107" test cases in the current suite
Test Method:		"SteeringCompanyAPI_TestCases.Test_Policies_Cases.Update_Policy_With_InValid_data_TC"
Test Description:	"TC053 -Policy- Perform Update Policy with InValid data"
################################################################################################################################################
2023-02-07 11:02:37.132 &amp#27;[32m INFO&amp#27;[m &amp#27;[35m[@503 - main]&amp#27;[m &amp#27;[36mcom.shaft.tools.io.ReportManager&amp#27;[m : File Action "DoesFileExist" successfully performed. With the following test data "File Path: "SteeringCompanyAPI_TestData/SteeringCompanyAPI_TestData.xlsx"".
2023-02-07 11:02:37.151 &amp#27;[32m INFO&amp#27;[m &amp#27;[35m[@503 - main]&amp#27;[m &amp#27;[36mcom.shaft.tools.io.ReportManager&amp#27;[m : Successfully created attachment "Test Data - Excel"
2023-02-07 11:02:37.748 &amp#27;[32m INFO&amp#27;[m &amp#27;[35m[@503 - main]&amp#27;[m &amp#27;[36mcom.shaft.tools.io.ReportManager&amp#27;[m : Response status code: "200", status line: "HTTP/1.1 200 OK"
2023-02-07 11:02:37.755 &amp#27;[32m INFO&amp#27;[m &amp#27;[35m[@503 - main]&amp#27;[m &amp#27;[36mcom.shaft.tools.io.ReportManager&amp#27;[m : Successfully created attachment "API Request - Specifications"
2023-02-07 11:02:37.755 &amp#27;[32m INFO&amp#27;[m &amp#27;[35m[@503 - main]&amp#27;[m &amp#27;[36mcom.shaft.tools.io.ReportManager&amp#27;[m : Successfully created attachment "API Request - Body"
2023-02-07 11:02:37.759 &amp#27;[32m INFO&amp#27;[m &amp#27;[35m[@503 - main]&amp#27;[m &amp#27;[36mcom.shaft.tools.io.ReportManager&amp#27;[m : Successfully created attachment "API Response - JSON Body"
2023-02-07 11:02:37.766 &amp#27;[32m INFO&amp#27;[m &amp#27;[35m[@503 - main]&amp#27;[m &amp#27;[36mcom.shaft.tools.io.ReportManager&amp#27;[m : File Action "DoesFileExist" successfully performed. With the following test data "File Path: "SteeringCompanyAPI_TestData/SteeringCompanyAPI_TestData.xlsx"".
2023-02-07 11:02:37.781 &amp#27;[32m INFO&amp#27;[m &amp#27;[35m[@503 - main]&amp#27;[m &amp#27;[36mcom.shaft.tools.io.ReportManager&amp#27;[m : Successfully created attachment "Test Data - Excel"
2023-02-07 11:02:37.781 &amp#27;[32m INFO&amp#27;[m &amp#27;[35m[@503 - main]&amp#27;[m &amp#27;[36mcom.shaft.tools.io.ReportManager&amp#27;[m : File Action "DoesFileExist" successfully performed. With the following test data "File Path: "SteeringCompanyAPI_TestData/SteeringCompanyAPI_TestData.xlsx"".
2023-02-07 11:02:37.797 &amp#27;[32m INFO&amp#27;[m &amp#27;[35m[@503 - main]&amp#27;[m &amp#27;[36mcom.shaft.tools.io.ReportManager&amp#27;[m : Successfully created attachment "Test Data - Excel"
2023-02-07 11:02:37.798 &amp#27;[32m INFO&amp#27;[m &amp#27;[35m[@503 - main]&amp#27;[m &amp#27;[36mcom.shaft.tools.io.ReportManager&amp#27;[m : File Action "DoesFileExist" successfully performed. With the following test data "File Path: "SteeringCompanyAPI_TestData/SteeringCompanyAPI_TestData.xlsx"".
2023-02-07 11:02:37.818 &amp#27;[32m INFO&amp#27;[m &amp#27;[35m[@503 - main]&amp#27;[m &amp#27;[36mcom.shaft.tools.io.ReportManager&amp#27;[m : Successfully created attachment "Test Data - Excel"
2023-02-07 11:02:38.318 &amp#27;[32m INFO&amp#27;[m &amp#27;[35m[@503 - main]&amp#27;[m &amp#27;[36mcom.shaft.tools.io.ReportManager&amp#27;[m : Response status code: "422", status line: "HTTP/1.1 422 "
2023-02-07 11:02:38.327 &amp#27;[32m INFO&amp#27;[m &amp#27;[35m[@503 - main]&amp#27;[m &amp#27;[36mcom.shaft.tools.io.ReportManager&amp#27;[m : Successfully created attachment "API Request - Specifications"
2023-02-07 11:02:38.328 &amp#27;[32m INFO&amp#27;[m &amp#27;[35m[@503 - main]&amp#27;[m &amp#27;[36mcom.shaft.tools.io.ReportManager&amp#27;[m : Successfully created attachment "API Request - JSON Body"
2023-02-07 11:02:38.328 &amp#27;[32m INFO&amp#27;[m &amp#27;[35m[@503 - main]&amp#27;[m &amp#27;[36mcom.shaft.tools.io.ReportManager&amp#27;[m : Successfully created attachment "API Response - JSON Body"
2023-02-07 11:02:38.329 &amp#27;[32m INFO&amp#27;[m &amp#27;[35m[@503 - main]&amp#27;[m &amp#27;[36mcom.shaft.tools.io.ReportManager&amp#27;[m : File Action "DoesFileExist" successfully performed. With the following test data "File Path: "Schemas/ValidationError_schema.json"".
2023-02-07 11:02:38.329 &amp#27;[32m INFO&amp#27;[m &amp#27;[35m[@503 - main]&amp#27;[m &amp#27;[36mcom.shaft.tools.io.ReportManager&amp#27;[m : File Action "DoesFileExist" successfully performed. With the following test data "File Path: "src/test/resources/testDataFiles/Schemas/ValidationError_schema.json"".
2023-02-07 11:02:38.329 &amp#27;[32m INFO&amp#27;[m &amp#27;[35m[@503 - main]&amp#27;[m &amp#27;[36mcom.shaft.tools.io.ReportManager&amp#27;[m : File Action "GetAbsolutePath" successfully performed. With the following test data "Relative Folder Path: "src/test/resources/testDataFiles/Schemas/ValidationError_schema.json"".
2023-02-07 11:02:38.330 &amp#27;[32m INFO&amp#27;[m &amp#27;[35m[@503 - main]&amp#27;[m &amp#27;[36mcom.shaft.tools.io.ReportManager&amp#27;[m : File Action "DoesFileExist" successfully performed. With the following test data "File Path: "C:\eclipse-workspace\MyProjects\TASystemsAPIs\src\test\resources\testDataFiles\Schemas\ValidationError_schema.json"".
2023-02-07 11:02:38.330 &amp#27;[32m INFO&amp#27;[m &amp#27;[35m[@503 - main]&amp#27;[m &amp#27;[36mcom.shaft.tools.io.ReportManager&amp#27;[m : File Action "GetAbsolutePath" successfully performed. With the following test data "Relative Folder Path: "C:\eclipse-workspace\MyProjects\TASystemsAPIs\src\test\resources\testDataFiles\Schemas\ValidationError_schema.json"".
2023-02-07 11:02:38.330 &amp#27;[32m INFO&amp#27;[m &amp#27;[35m[@503 - main]&amp#27;[m &amp#27;[36mcom.shaft.tools.io.ReportManager&amp#27;[m : File Action "ReadFile" successfully performed. With the following test data "File Path: "C:\eclipse-workspace\MyProjects\TASystemsAPIs\src\test\resources\testDataFiles\Schemas\ValidationError_schema.json"".
2023-02-07 11:02:38.331 &amp#27;[32m INFO&amp#27;[m &amp#27;[35m[@503 - main]&amp#27;[m &amp#27;[36mcom.shaft.tools.io.ReportManager&amp#27;[m : Successfully created attachment "Validation Test Data - Expected JSON Value"
2023-02-07 11:02:38.332 &amp#27;[32m INFO&amp#27;[m &amp#27;[35m[@503 - main]&amp#27;[m &amp#27;[36mcom.shaft.tools.io.ReportManager&amp#27;[m : Successfully created attachment "Validation Test Data - Actual JSON Value"
2023-02-07 11:02:38.333 &amp#27;[32m INFO&amp#27;[m &amp#27;[35m[@503 - main]&amp#27;[m &amp#27;[36mcom.shaft.tools.io.ReportManager&amp#27;[m : Successfully created attachment "SHAFT Engine Logs - Current Method log: Update_Policy_With_InValid_data_TC"
]]></system-out>
  </testcase>
  <testcase name="Update_Policy_With_InValid_data_TC[[Ljava.lang.Object;@2760da68](55)" classname="SteeringCompanyAPI_TestCases.Test_Policies_Cases" time="1.195">
    <system-out><![CDATA[2023-02-07 11:02:38.334 &amp#27;[32m INFO&amp#27;[m &amp#27;[35m[@534 - main]&amp#27;[m &amp#27;[36mcom.shaft.tools.io.ReportManager&amp#27;[m : 
################################################################################################################################################
Starting Execution:	"333 out of 107" test cases in the current suite
Test Method:		"SteeringCompanyAPI_TestCases.Test_Policies_Cases.Update_Policy_With_InValid_data_TC"
Test Description:	"TC053 -Policy- Perform Update Policy with InValid data"
################################################################################################################################################
2023-02-07 11:02:38.334 &amp#27;[32m INFO&amp#27;[m &amp#27;[35m[@503 - main]&amp#27;[m &amp#27;[36mcom.shaft.tools.io.ReportManager&amp#27;[m : File Action "DoesFileExist" successfully performed. With the following test data "File Path: "SteeringCompanyAPI_TestData/SteeringCompanyAPI_TestData.xlsx"".
2023-02-07 11:02:38.347 &amp#27;[32m INFO&amp#27;[m &amp#27;[35m[@503 - main]&amp#27;[m &amp#27;[36mcom.shaft.tools.io.ReportManager&amp#27;[m : Successfully created attachment "Test Data - Excel"
2023-02-07 11:02:38.971 &amp#27;[32m INFO&amp#27;[m &amp#27;[35m[@503 - main]&amp#27;[m &amp#27;[36mcom.shaft.tools.io.ReportManager&amp#27;[m : Response status code: "200", status line: "HTTP/1.1 200 OK"
2023-02-07 11:02:38.979 &amp#27;[32m INFO&amp#27;[m &amp#27;[35m[@503 - main]&amp#27;[m &amp#27;[36mcom.shaft.tools.io.ReportManager&amp#27;[m : Successfully created attachment "API Request - Specifications"
2023-02-07 11:02:38.980 &amp#27;[32m INFO&amp#27;[m &amp#27;[35m[@503 - main]&amp#27;[m &amp#27;[36mcom.shaft.tools.io.ReportManager&amp#27;[m : Successfully created attachment "API Request - Body"
2023-02-07 11:02:38.980 &amp#27;[32m INFO&amp#27;[m &amp#27;[35m[@503 - main]&amp#27;[m &amp#27;[36mcom.shaft.tools.io.ReportManager&amp#27;[m : Successfully created attachment "API Response - JSON Body"
2023-02-07 11:02:38.985 &amp#27;[32m INFO&amp#27;[m &amp#27;[35m[@503 - main]&amp#27;[m &amp#27;[36mcom.shaft.tools.io.ReportManager&amp#27;[m : File Action "DoesFileExist" successfully performed. With the following test data "File Path: "SteeringCompanyAPI_TestData/SteeringCompanyAPI_TestData.xlsx"".
2023-02-07 11:02:39.000 &amp#27;[32m INFO&amp#27;[m &amp#27;[35m[@503 - main]&amp#27;[m &amp#27;[36mcom.shaft.tools.io.ReportManager&amp#27;[m : Successfully created attachment "Test Data - Excel"
2023-02-07 11:02:39.001 &amp#27;[32m INFO&amp#27;[m &amp#27;[35m[@503 - main]&amp#27;[m &amp#27;[36mcom.shaft.tools.io.ReportManager&amp#27;[m : File Action "DoesFileExist" successfully performed. With the following test data "File Path: "SteeringCompanyAPI_TestData/SteeringCompanyAPI_TestData.xlsx"".
2023-02-07 11:02:39.014 &amp#27;[32m INFO&amp#27;[m &amp#27;[35m[@503 - main]&amp#27;[m &amp#27;[36mcom.shaft.tools.io.ReportManager&amp#27;[m : Successfully created attachment "Test Data - Excel"
2023-02-07 11:02:39.014 &amp#27;[32m INFO&amp#27;[m &amp#27;[35m[@503 - main]&amp#27;[m &amp#27;[36mcom.shaft.tools.io.ReportManager&amp#27;[m : File Action "DoesFileExist" successfully performed. With the following test data "File Path: "SteeringCompanyAPI_TestData/SteeringCompanyAPI_TestData.xlsx"".
2023-02-07 11:02:39.027 &amp#27;[32m INFO&amp#27;[m &amp#27;[35m[@503 - main]&amp#27;[m &amp#27;[36mcom.shaft.tools.io.ReportManager&amp#27;[m : Successfully created attachment "Test Data - Excel"
2023-02-07 11:02:39.508 &amp#27;[32m INFO&amp#27;[m &amp#27;[35m[@503 - main]&amp#27;[m &amp#27;[36mcom.shaft.tools.io.ReportManager&amp#27;[m : Response status code: "422", status line: "HTTP/1.1 422 "
2023-02-07 11:02:39.518 &amp#27;[32m INFO&amp#27;[m &amp#27;[35m[@503 - main]&amp#27;[m &amp#27;[36mcom.shaft.tools.io.ReportManager&amp#27;[m : Successfully created attachment "API Request - Specifications"
2023-02-07 11:02:39.521 &amp#27;[32m INFO&amp#27;[m &amp#27;[35m[@503 - main]&amp#27;[m &amp#27;[36mcom.shaft.tools.io.ReportManager&amp#27;[m : Successfully created attachment "API Request - JSON Body"
2023-02-07 11:02:39.521 &amp#27;[32m INFO&amp#27;[m &amp#27;[35m[@503 - main]&amp#27;[m &amp#27;[36mcom.shaft.tools.io.ReportManager&amp#27;[m : Successfully created attachment "API Response - JSON Body"
2023-02-07 11:02:39.522 &amp#27;[32m INFO&amp#27;[m &amp#27;[35m[@503 - main]&amp#27;[m &amp#27;[36mcom.shaft.tools.io.ReportManager&amp#27;[m : File Action "DoesFileExist" successfully performed. With the following test data "File Path: "Schemas/ValidationError_schema.json"".
2023-02-07 11:02:39.522 &amp#27;[32m INFO&amp#27;[m &amp#27;[35m[@503 - main]&amp#27;[m &amp#27;[36mcom.shaft.tools.io.ReportManager&amp#27;[m : File Action "DoesFileExist" successfully performed. With the following test data "File Path: "src/test/resources/testDataFiles/Schemas/ValidationError_schema.json"".
2023-02-07 11:02:39.522 &amp#27;[32m INFO&amp#27;[m &amp#27;[35m[@503 - main]&amp#27;[m &amp#27;[36mcom.shaft.tools.io.ReportManager&amp#27;[m : File Action "GetAbsolutePath" successfully performed. With the following test data "Relative Folder Path: "src/test/resources/testDataFiles/Schemas/ValidationError_schema.json"".
2023-02-07 11:02:39.523 &amp#27;[32m INFO&amp#27;[m &amp#27;[35m[@503 - main]&amp#27;[m &amp#27;[36mcom.shaft.tools.io.ReportManager&amp#27;[m : File Action "DoesFileExist" successfully performed. With the following test data "File Path: "C:\eclipse-workspace\MyProjects\TASystemsAPIs\src\test\resources\testDataFiles\Schemas\ValidationError_schema.json"".
2023-02-07 11:02:39.523 &amp#27;[32m INFO&amp#27;[m &amp#27;[35m[@503 - main]&amp#27;[m &amp#27;[36mcom.shaft.tools.io.ReportManager&amp#27;[m : File Action "GetAbsolutePath" successfully performed. With the following test data "Relative Folder Path: "C:\eclipse-workspace\MyProjects\TASystemsAPIs\src\test\resources\testDataFiles\Schemas\ValidationError_schema.json"".
2023-02-07 11:02:39.523 &amp#27;[32m INFO&amp#27;[m &amp#27;[35m[@503 - main]&amp#27;[m &amp#27;[36mcom.shaft.tools.io.ReportManager&amp#27;[m : File Action "ReadFile" successfully performed. With the following test data "File Path: "C:\eclipse-workspace\MyProjects\TASystemsAPIs\src\test\resources\testDataFiles\Schemas\ValidationError_schema.json"".
2023-02-07 11:02:39.524 &amp#27;[32m INFO&amp#27;[m &amp#27;[35m[@503 - main]&amp#27;[m &amp#27;[36mcom.shaft.tools.io.ReportManager&amp#27;[m : Successfully created attachment "Validation Test Data - Expected JSON Value"
2023-02-07 11:02:39.525 &amp#27;[32m INFO&amp#27;[m &amp#27;[35m[@503 - main]&amp#27;[m &amp#27;[36mcom.shaft.tools.io.ReportManager&amp#27;[m : Successfully created attachment "Validation Test Data - Actual JSON Value"
2023-02-07 11:02:39.526 &amp#27;[32m INFO&amp#27;[m &amp#27;[35m[@503 - main]&amp#27;[m &amp#27;[36mcom.shaft.tools.io.ReportManager&amp#27;[m : Successfully created attachment "SHAFT Engine Logs - Current Method log: Update_Policy_With_InValid_data_TC"
]]></system-out>
  </testcase>
  <testcase name="Update_Policy_With_InValid_data_TC[[Ljava.lang.Object;@6e41ba2](56)" classname="SteeringCompanyAPI_TestCases.Test_Policies_Cases" time="1.208">
    <system-out><![CDATA[2023-02-07 11:02:39.528 &amp#27;[32m INFO&amp#27;[m &amp#27;[35m[@534 - main]&amp#27;[m &amp#27;[36mcom.shaft.tools.io.ReportManager&amp#27;[m : 
################################################################################################################################################
Starting Execution:	"334 out of 107" test cases in the current suite
Test Method:		"SteeringCompanyAPI_TestCases.Test_Policies_Cases.Update_Policy_With_InValid_data_TC"
Test Description:	"TC053 -Policy- Perform Update Policy with InValid data"
################################################################################################################################################
2023-02-07 11:02:39.528 &amp#27;[32m INFO&amp#27;[m &amp#27;[35m[@503 - main]&amp#27;[m &amp#27;[36mcom.shaft.tools.io.ReportManager&amp#27;[m : File Action "DoesFileExist" successfully performed. With the following test data "File Path: "SteeringCompanyAPI_TestData/SteeringCompanyAPI_TestData.xlsx"".
2023-02-07 11:02:39.541 &amp#27;[32m INFO&amp#27;[m &amp#27;[35m[@503 - main]&amp#27;[m &amp#27;[36mcom.shaft.tools.io.ReportManager&amp#27;[m : Successfully created attachment "Test Data - Excel"
2023-02-07 11:02:40.172 &amp#27;[32m INFO&amp#27;[m &amp#27;[35m[@503 - main]&amp#27;[m &amp#27;[36mcom.shaft.tools.io.ReportManager&amp#27;[m : Response status code: "200", status line: "HTTP/1.1 200 OK"
2023-02-07 11:02:40.179 &amp#27;[32m INFO&amp#27;[m &amp#27;[35m[@503 - main]&amp#27;[m &amp#27;[36mcom.shaft.tools.io.ReportManager&amp#27;[m : Successfully created attachment "API Request - Specifications"
2023-02-07 11:02:40.182 &amp#27;[32m INFO&amp#27;[m &amp#27;[35m[@503 - main]&amp#27;[m &amp#27;[36mcom.shaft.tools.io.ReportManager&amp#27;[m : Successfully created attachment "API Request - Body"
2023-02-07 11:02:40.183 &amp#27;[32m INFO&amp#27;[m &amp#27;[35m[@503 - main]&amp#27;[m &amp#27;[36mcom.shaft.tools.io.ReportManager&amp#27;[m : Successfully created attachment "API Response - JSON Body"
2023-02-07 11:02:40.189 &amp#27;[32m INFO&amp#27;[m &amp#27;[35m[@503 - main]&amp#27;[m &amp#27;[36mcom.shaft.tools.io.ReportManager&amp#27;[m : File Action "DoesFileExist" successfully performed. With the following test data "File Path: "SteeringCompanyAPI_TestData/SteeringCompanyAPI_TestData.xlsx"".
2023-02-07 11:02:40.205 &amp#27;[32m INFO&amp#27;[m &amp#27;[35m[@503 - main]&amp#27;[m &amp#27;[36mcom.shaft.tools.io.ReportManager&amp#27;[m : Successfully created attachment "Test Data - Excel"
2023-02-07 11:02:40.205 &amp#27;[32m INFO&amp#27;[m &amp#27;[35m[@503 - main]&amp#27;[m &amp#27;[36mcom.shaft.tools.io.ReportManager&amp#27;[m : File Action "DoesFileExist" successfully performed. With the following test data "File Path: "SteeringCompanyAPI_TestData/SteeringCompanyAPI_TestData.xlsx"".
2023-02-07 11:02:40.219 &amp#27;[32m INFO&amp#27;[m &amp#27;[35m[@503 - main]&amp#27;[m &amp#27;[36mcom.shaft.tools.io.ReportManager&amp#27;[m : Successfully created attachment "Test Data - Excel"
2023-02-07 11:02:40.220 &amp#27;[32m INFO&amp#27;[m &amp#27;[35m[@503 - main]&amp#27;[m &amp#27;[36mcom.shaft.tools.io.ReportManager&amp#27;[m : File Action "DoesFileExist" successfully performed. With the following test data "File Path: "SteeringCompanyAPI_TestData/SteeringCompanyAPI_TestData.xlsx"".
2023-02-07 11:02:40.235 &amp#27;[32m INFO&amp#27;[m &amp#27;[35m[@503 - main]&amp#27;[m &amp#27;[36mcom.shaft.tools.io.ReportManager&amp#27;[m : Successfully created attachment "Test Data - Excel"
2023-02-07 11:02:40.720 &amp#27;[32m INFO&amp#27;[m &amp#27;[35m[@503 - main]&amp#27;[m &amp#27;[36mcom.shaft.tools.io.ReportManager&amp#27;[m : Response status code: "422", status line: "HTTP/1.1 422 "
2023-02-07 11:02:40.729 &amp#27;[32m INFO&amp#27;[m &amp#27;[35m[@503 - main]&amp#27;[m &amp#27;[36mcom.shaft.tools.io.ReportManager&amp#27;[m : Successfully created attachment "API Request - Specifications"
2023-02-07 11:02:40.729 &amp#27;[32m INFO&amp#27;[m &amp#27;[35m[@503 - main]&amp#27;[m &amp#27;[36mcom.shaft.tools.io.ReportManager&amp#27;[m : Successfully created attachment "API Request - JSON Body"
2023-02-07 11:02:40.730 &amp#27;[32m INFO&amp#27;[m &amp#27;[35m[@503 - main]&amp#27;[m &amp#27;[36mcom.shaft.tools.io.ReportManager&amp#27;[m : Successfully created attachment "API Response - JSON Body"
2023-02-07 11:02:40.730 &amp#27;[32m INFO&amp#27;[m &amp#27;[35m[@503 - main]&amp#27;[m &amp#27;[36mcom.shaft.tools.io.ReportManager&amp#27;[m : File Action "DoesFileExist" successfully performed. With the following test data "File Path: "Schemas/ValidationError_schema.json"".
2023-02-07 11:02:40.730 &amp#27;[32m INFO&amp#27;[m &amp#27;[35m[@503 - main]&amp#27;[m &amp#27;[36mcom.shaft.tools.io.ReportManager&amp#27;[m : File Action "DoesFileExist" successfully performed. With the following test data "File Path: "src/test/resources/testDataFiles/Schemas/ValidationError_schema.json"".
2023-02-07 11:02:40.731 &amp#27;[32m INFO&amp#27;[m &amp#27;[35m[@503 - main]&amp#27;[m &amp#27;[36mcom.shaft.tools.io.ReportManager&amp#27;[m : File Action "GetAbsolutePath" successfully performed. With the following test data "Relative Folder Path: "src/test/resources/testDataFiles/Schemas/ValidationError_schema.json"".
2023-02-07 11:02:40.732 &amp#27;[32m INFO&amp#27;[m &amp#27;[35m[@503 - main]&amp#27;[m &amp#27;[36mcom.shaft.tools.io.ReportManager&amp#27;[m : File Action "DoesFileExist" successfully performed. With the following test data "File Path: "C:\eclipse-workspace\MyProjects\TASystemsAPIs\src\test\resources\testDataFiles\Schemas\ValidationError_schema.json"".
2023-02-07 11:02:40.732 &amp#27;[32m INFO&amp#27;[m &amp#27;[35m[@503 - main]&amp#27;[m &amp#27;[36mcom.shaft.tools.io.ReportManager&amp#27;[m : File Action "GetAbsolutePath" successfully performed. With the following test data "Relative Folder Path: "C:\eclipse-workspace\MyProjects\TASystemsAPIs\src\test\resources\testDataFiles\Schemas\ValidationError_schema.json"".
2023-02-07 11:02:40.732 &amp#27;[32m INFO&amp#27;[m &amp#27;[35m[@503 - main]&amp#27;[m &amp#27;[36mcom.shaft.tools.io.ReportManager&amp#27;[m : File Action "ReadFile" successfully performed. With the following test data "File Path: "C:\eclipse-workspace\MyProjects\TASystemsAPIs\src\test\resources\testDataFiles\Schemas\ValidationError_schema.json"".
2023-02-07 11:02:40.733 &amp#27;[32m INFO&amp#27;[m &amp#27;[35m[@503 - main]&amp#27;[m &amp#27;[36mcom.shaft.tools.io.ReportManager&amp#27;[m : Successfully created attachment "Validation Test Data - Expected JSON Value"
2023-02-07 11:02:40.733 &amp#27;[32m INFO&amp#27;[m &amp#27;[35m[@503 - main]&amp#27;[m &amp#27;[36mcom.shaft.tools.io.ReportManager&amp#27;[m : Successfully created attachment "Validation Test Data - Actual JSON Value"
2023-02-07 11:02:40.735 &amp#27;[32m INFO&amp#27;[m &amp#27;[35m[@503 - main]&amp#27;[m &amp#27;[36mcom.shaft.tools.io.ReportManager&amp#27;[m : Successfully created attachment "SHAFT Engine Logs - Current Method log: Update_Policy_With_InValid_data_TC"
]]></system-out>
  </testcase>
  <testcase name="Update_Policy_With_InValid_data_TC[[Ljava.lang.Object;@284ac8cc](57)" classname="SteeringCompanyAPI_TestCases.Test_Policies_Cases" time="1.574">
    <system-out><![CDATA[2023-02-07 11:02:40.737 &amp#27;[32m INFO&amp#27;[m &amp#27;[35m[@534 - main]&amp#27;[m &amp#27;[36mcom.shaft.tools.io.ReportManager&amp#27;[m : 
################################################################################################################################################
Starting Execution:	"335 out of 107" test cases in the current suite
Test Method:		"SteeringCompanyAPI_TestCases.Test_Policies_Cases.Update_Policy_With_InValid_data_TC"
Test Description:	"TC053 -Policy- Perform Update Policy with InValid data"
################################################################################################################################################
2023-02-07 11:02:40.737 &amp#27;[32m INFO&amp#27;[m &amp#27;[35m[@503 - main]&amp#27;[m &amp#27;[36mcom.shaft.tools.io.ReportManager&amp#27;[m : File Action "DoesFileExist" successfully performed. With the following test data "File Path: "SteeringCompanyAPI_TestData/SteeringCompanyAPI_TestData.xlsx"".
2023-02-07 11:02:40.750 &amp#27;[32m INFO&amp#27;[m &amp#27;[35m[@503 - main]&amp#27;[m &amp#27;[36mcom.shaft.tools.io.ReportManager&amp#27;[m : Successfully created attachment "Test Data - Excel"
2023-02-07 11:02:41.743 &amp#27;[32m INFO&amp#27;[m &amp#27;[35m[@503 - main]&amp#27;[m &amp#27;[36mcom.shaft.tools.io.ReportManager&amp#27;[m : Response status code: "200", status line: "HTTP/1.1 200 OK"
2023-02-07 11:02:41.752 &amp#27;[32m INFO&amp#27;[m &amp#27;[35m[@503 - main]&amp#27;[m &amp#27;[36mcom.shaft.tools.io.ReportManager&amp#27;[m : Successfully created attachment "API Request - Specifications"
2023-02-07 11:02:41.753 &amp#27;[32m INFO&amp#27;[m &amp#27;[35m[@503 - main]&amp#27;[m &amp#27;[36mcom.shaft.tools.io.ReportManager&amp#27;[m : Successfully created attachment "API Request - Body"
2023-02-07 11:02:41.754 &amp#27;[32m INFO&amp#27;[m &amp#27;[35m[@503 - main]&amp#27;[m &amp#27;[36mcom.shaft.tools.io.ReportManager&amp#27;[m : Successfully created attachment "API Response - JSON Body"
2023-02-07 11:02:41.761 &amp#27;[32m INFO&amp#27;[m &amp#27;[35m[@503 - main]&amp#27;[m &amp#27;[36mcom.shaft.tools.io.ReportManager&amp#27;[m : File Action "DoesFileExist" successfully performed. With the following test data "File Path: "SteeringCompanyAPI_TestData/SteeringCompanyAPI_TestData.xlsx"".
2023-02-07 11:02:41.778 &amp#27;[32m INFO&amp#27;[m &amp#27;[35m[@503 - main]&amp#27;[m &amp#27;[36mcom.shaft.tools.io.ReportManager&amp#27;[m : Successfully created attachment "Test Data - Excel"
2023-02-07 11:02:41.778 &amp#27;[32m INFO&amp#27;[m &amp#27;[35m[@503 - main]&amp#27;[m &amp#27;[36mcom.shaft.tools.io.ReportManager&amp#27;[m : File Action "DoesFileExist" successfully performed. With the following test data "File Path: "SteeringCompanyAPI_TestData/SteeringCompanyAPI_TestData.xlsx"".
2023-02-07 11:02:41.799 &amp#27;[32m INFO&amp#27;[m &amp#27;[35m[@503 - main]&amp#27;[m &amp#27;[36mcom.shaft.tools.io.ReportManager&amp#27;[m : Successfully created attachment "Test Data - Excel"
2023-02-07 11:02:41.800 &amp#27;[32m INFO&amp#27;[m &amp#27;[35m[@503 - main]&amp#27;[m &amp#27;[36mcom.shaft.tools.io.ReportManager&amp#27;[m : File Action "DoesFileExist" successfully performed. With the following test data "File Path: "SteeringCompanyAPI_TestData/SteeringCompanyAPI_TestData.xlsx"".
2023-02-07 11:02:41.817 &amp#27;[32m INFO&amp#27;[m &amp#27;[35m[@503 - main]&amp#27;[m &amp#27;[36mcom.shaft.tools.io.ReportManager&amp#27;[m : Successfully created attachment "Test Data - Excel"
2023-02-07 11:02:42.289 &amp#27;[32m INFO&amp#27;[m &amp#27;[35m[@503 - main]&amp#27;[m &amp#27;[36mcom.shaft.tools.io.ReportManager&amp#27;[m : Response status code: "422", status line: "HTTP/1.1 422 "
2023-02-07 11:02:42.300 &amp#27;[32m INFO&amp#27;[m &amp#27;[35m[@503 - main]&amp#27;[m &amp#27;[36mcom.shaft.tools.io.ReportManager&amp#27;[m : Successfully created attachment "API Request - Specifications"
2023-02-07 11:02:42.301 &amp#27;[32m INFO&amp#27;[m &amp#27;[35m[@503 - main]&amp#27;[m &amp#27;[36mcom.shaft.tools.io.ReportManager&amp#27;[m : Successfully created attachment "API Request - JSON Body"
2023-02-07 11:02:42.302 &amp#27;[32m INFO&amp#27;[m &amp#27;[35m[@503 - main]&amp#27;[m &amp#27;[36mcom.shaft.tools.io.ReportManager&amp#27;[m : Successfully created attachment "API Response - JSON Body"
2023-02-07 11:02:42.302 &amp#27;[32m INFO&amp#27;[m &amp#27;[35m[@503 - main]&amp#27;[m &amp#27;[36mcom.shaft.tools.io.ReportManager&amp#27;[m : File Action "DoesFileExist" successfully performed. With the following test data "File Path: "Schemas/ValidationError_schema.json"".
2023-02-07 11:02:42.302 &amp#27;[32m INFO&amp#27;[m &amp#27;[35m[@503 - main]&amp#27;[m &amp#27;[36mcom.shaft.tools.io.ReportManager&amp#27;[m : File Action "DoesFileExist" successfully performed. With the following test data "File Path: "src/test/resources/testDataFiles/Schemas/ValidationError_schema.json"".
2023-02-07 11:02:42.303 &amp#27;[32m INFO&amp#27;[m &amp#27;[35m[@503 - main]&amp#27;[m &amp#27;[36mcom.shaft.tools.io.ReportManager&amp#27;[m : File Action "GetAbsolutePath" successfully performed. With the following test data "Relative Folder Path: "src/test/resources/testDataFiles/Schemas/ValidationError_schema.json"".
2023-02-07 11:02:42.305 &amp#27;[32m INFO&amp#27;[m &amp#27;[35m[@503 - main]&amp#27;[m &amp#27;[36mcom.shaft.tools.io.ReportManager&amp#27;[m : File Action "DoesFileExist" successfully performed. With the following test data "File Path: "C:\eclipse-workspace\MyProjects\TASystemsAPIs\src\test\resources\testDataFiles\Schemas\ValidationError_schema.json"".
2023-02-07 11:02:42.305 &amp#27;[32m INFO&amp#27;[m &amp#27;[35m[@503 - main]&amp#27;[m &amp#27;[36mcom.shaft.tools.io.ReportManager&amp#27;[m : File Action "GetAbsolutePath" successfully performed. With the following test data "Relative Folder Path: "C:\eclipse-workspace\MyProjects\TASystemsAPIs\src\test\resources\testDataFiles\Schemas\ValidationError_schema.json"".
2023-02-07 11:02:42.305 &amp#27;[32m INFO&amp#27;[m &amp#27;[35m[@503 - main]&amp#27;[m &amp#27;[36mcom.shaft.tools.io.ReportManager&amp#27;[m : File Action "ReadFile" successfully performed. With the following test data "File Path: "C:\eclipse-workspace\MyProjects\TASystemsAPIs\src\test\resources\testDataFiles\Schemas\ValidationError_schema.json"".
2023-02-07 11:02:42.307 &amp#27;[32m INFO&amp#27;[m &amp#27;[35m[@503 - main]&amp#27;[m &amp#27;[36mcom.shaft.tools.io.ReportManager&amp#27;[m : Successfully created attachment "Validation Test Data - Expected JSON Value"
2023-02-07 11:02:42.308 &amp#27;[32m INFO&amp#27;[m &amp#27;[35m[@503 - main]&amp#27;[m &amp#27;[36mcom.shaft.tools.io.ReportManager&amp#27;[m : Successfully created attachment "Validation Test Data - Actual JSON Value"
2023-02-07 11:02:42.309 &amp#27;[32m INFO&amp#27;[m &amp#27;[35m[@503 - main]&amp#27;[m &amp#27;[36mcom.shaft.tools.io.ReportManager&amp#27;[m : Successfully created attachment "SHAFT Engine Logs - Current Method log: Update_Policy_With_InValid_data_TC"
]]></system-out>
  </testcase>
  <testcase name="Update_Policy_With_InValid_data_TC[[Ljava.lang.Object;@1ff8bb9e](58)" classname="SteeringCompanyAPI_TestCases.Test_Policies_Cases" time="1.43">
    <system-out><![CDATA[2023-02-07 11:02:42.311 &amp#27;[32m INFO&amp#27;[m &amp#27;[35m[@534 - main]&amp#27;[m &amp#27;[36mcom.shaft.tools.io.ReportManager&amp#27;[m : 
################################################################################################################################################
Starting Execution:	"336 out of 107" test cases in the current suite
Test Method:		"SteeringCompanyAPI_TestCases.Test_Policies_Cases.Update_Policy_With_InValid_data_TC"
Test Description:	"TC053 -Policy- Perform Update Policy with InValid data"
################################################################################################################################################
2023-02-07 11:02:42.311 &amp#27;[32m INFO&amp#27;[m &amp#27;[35m[@503 - main]&amp#27;[m &amp#27;[36mcom.shaft.tools.io.ReportManager&amp#27;[m : File Action "DoesFileExist" successfully performed. With the following test data "File Path: "SteeringCompanyAPI_TestData/SteeringCompanyAPI_TestData.xlsx"".
2023-02-07 11:02:42.327 &amp#27;[32m INFO&amp#27;[m &amp#27;[35m[@503 - main]&amp#27;[m &amp#27;[36mcom.shaft.tools.io.ReportManager&amp#27;[m : Successfully created attachment "Test Data - Excel"
2023-02-07 11:02:42.970 &amp#27;[32m INFO&amp#27;[m &amp#27;[35m[@503 - main]&amp#27;[m &amp#27;[36mcom.shaft.tools.io.ReportManager&amp#27;[m : Response status code: "200", status line: "HTTP/1.1 200 OK"
2023-02-07 11:02:42.978 &amp#27;[32m INFO&amp#27;[m &amp#27;[35m[@503 - main]&amp#27;[m &amp#27;[36mcom.shaft.tools.io.ReportManager&amp#27;[m : Successfully created attachment "API Request - Specifications"
2023-02-07 11:02:42.979 &amp#27;[32m INFO&amp#27;[m &amp#27;[35m[@503 - main]&amp#27;[m &amp#27;[36mcom.shaft.tools.io.ReportManager&amp#27;[m : Successfully created attachment "API Request - Body"
2023-02-07 11:02:42.979 &amp#27;[32m INFO&amp#27;[m &amp#27;[35m[@503 - main]&amp#27;[m &amp#27;[36mcom.shaft.tools.io.ReportManager&amp#27;[m : Successfully created attachment "API Response - JSON Body"
2023-02-07 11:02:42.984 &amp#27;[32m INFO&amp#27;[m &amp#27;[35m[@503 - main]&amp#27;[m &amp#27;[36mcom.shaft.tools.io.ReportManager&amp#27;[m : File Action "DoesFileExist" successfully performed. With the following test data "File Path: "SteeringCompanyAPI_TestData/SteeringCompanyAPI_TestData.xlsx"".
2023-02-07 11:02:42.998 &amp#27;[32m INFO&amp#27;[m &amp#27;[35m[@503 - main]&amp#27;[m &amp#27;[36mcom.shaft.tools.io.ReportManager&amp#27;[m : Successfully created attachment "Test Data - Excel"
2023-02-07 11:02:42.998 &amp#27;[32m INFO&amp#27;[m &amp#27;[35m[@503 - main]&amp#27;[m &amp#27;[36mcom.shaft.tools.io.ReportManager&amp#27;[m : File Action "DoesFileExist" successfully performed. With the following test data "File Path: "SteeringCompanyAPI_TestData/SteeringCompanyAPI_TestData.xlsx"".
2023-02-07 11:02:43.012 &amp#27;[32m INFO&amp#27;[m &amp#27;[35m[@503 - main]&amp#27;[m &amp#27;[36mcom.shaft.tools.io.ReportManager&amp#27;[m : Successfully created attachment "Test Data - Excel"
2023-02-07 11:02:43.012 &amp#27;[32m INFO&amp#27;[m &amp#27;[35m[@503 - main]&amp#27;[m &amp#27;[36mcom.shaft.tools.io.ReportManager&amp#27;[m : File Action "DoesFileExist" successfully performed. With the following test data "File Path: "SteeringCompanyAPI_TestData/SteeringCompanyAPI_TestData.xlsx"".
2023-02-07 11:02:43.025 &amp#27;[32m INFO&amp#27;[m &amp#27;[35m[@503 - main]&amp#27;[m &amp#27;[36mcom.shaft.tools.io.ReportManager&amp#27;[m : Successfully created attachment "Test Data - Excel"
2023-02-07 11:02:43.724 &amp#27;[32m INFO&amp#27;[m &amp#27;[35m[@503 - main]&amp#27;[m &amp#27;[36mcom.shaft.tools.io.ReportManager&amp#27;[m : Response status code: "422", status line: "HTTP/1.1 422 "
2023-02-07 11:02:43.733 &amp#27;[32m INFO&amp#27;[m &amp#27;[35m[@503 - main]&amp#27;[m &amp#27;[36mcom.shaft.tools.io.ReportManager&amp#27;[m : Successfully created attachment "API Request - Specifications"
2023-02-07 11:02:43.734 &amp#27;[32m INFO&amp#27;[m &amp#27;[35m[@503 - main]&amp#27;[m &amp#27;[36mcom.shaft.tools.io.ReportManager&amp#27;[m : Successfully created attachment "API Request - JSON Body"
2023-02-07 11:02:43.734 &amp#27;[32m INFO&amp#27;[m &amp#27;[35m[@503 - main]&amp#27;[m &amp#27;[36mcom.shaft.tools.io.ReportManager&amp#27;[m : Successfully created attachment "API Response - JSON Body"
2023-02-07 11:02:43.735 &amp#27;[32m INFO&amp#27;[m &amp#27;[35m[@503 - main]&amp#27;[m &amp#27;[36mcom.shaft.tools.io.ReportManager&amp#27;[m : File Action "DoesFileExist" successfully performed. With the following test data "File Path: "Schemas/ValidationError_schema.json"".
2023-02-07 11:02:43.735 &amp#27;[32m INFO&amp#27;[m &amp#27;[35m[@503 - main]&amp#27;[m &amp#27;[36mcom.shaft.tools.io.ReportManager&amp#27;[m : File Action "DoesFileExist" successfully performed. With the following test data "File Path: "src/test/resources/testDataFiles/Schemas/ValidationError_schema.json"".
2023-02-07 11:02:43.735 &amp#27;[32m INFO&amp#27;[m &amp#27;[35m[@503 - main]&amp#27;[m &amp#27;[36mcom.shaft.tools.io.ReportManager&amp#27;[m : File Action "GetAbsolutePath" successfully performed. With the following test data "Relative Folder Path: "src/test/resources/testDataFiles/Schemas/ValidationError_schema.json"".
2023-02-07 11:02:43.736 &amp#27;[32m INFO&amp#27;[m &amp#27;[35m[@503 - main]&amp#27;[m &amp#27;[36mcom.shaft.tools.io.ReportManager&amp#27;[m : File Action "DoesFileExist" successfully performed. With the following test data "File Path: "C:\eclipse-workspace\MyProjects\TASystemsAPIs\src\test\resources\testDataFiles\Schemas\ValidationError_schema.json"".
2023-02-07 11:02:43.736 &amp#27;[32m INFO&amp#27;[m &amp#27;[35m[@503 - main]&amp#27;[m &amp#27;[36mcom.shaft.tools.io.ReportManager&amp#27;[m : File Action "GetAbsolutePath" successfully performed. With the following test data "Relative Folder Path: "C:\eclipse-workspace\MyProjects\TASystemsAPIs\src\test\resources\testDataFiles\Schemas\ValidationError_schema.json"".
2023-02-07 11:02:43.736 &amp#27;[32m INFO&amp#27;[m &amp#27;[35m[@503 - main]&amp#27;[m &amp#27;[36mcom.shaft.tools.io.ReportManager&amp#27;[m : File Action "ReadFile" successfully performed. With the following test data "File Path: "C:\eclipse-workspace\MyProjects\TASystemsAPIs\src\test\resources\testDataFiles\Schemas\ValidationError_schema.json"".
2023-02-07 11:02:43.737 &amp#27;[32m INFO&amp#27;[m &amp#27;[35m[@503 - main]&amp#27;[m &amp#27;[36mcom.shaft.tools.io.ReportManager&amp#27;[m : Successfully created attachment "Validation Test Data - Expected JSON Value"
2023-02-07 11:02:43.738 &amp#27;[32m INFO&amp#27;[m &amp#27;[35m[@503 - main]&amp#27;[m &amp#27;[36mcom.shaft.tools.io.ReportManager&amp#27;[m : Successfully created attachment "Validation Test Data - Actual JSON Value"
2023-02-07 11:02:43.739 &amp#27;[32m INFO&amp#27;[m &amp#27;[35m[@503 - main]&amp#27;[m &amp#27;[36mcom.shaft.tools.io.ReportManager&amp#27;[m : Successfully created attachment "SHAFT Engine Logs - Current Method log: Update_Policy_With_InValid_data_TC"
]]></system-out>
  </testcase>
  <testcase name="Update_Policy_With_InValid_data_TC[[Ljava.lang.Object;@479c765d](59)" classname="SteeringCompanyAPI_TestCases.Test_Policies_Cases" time="1.2">
    <system-out><![CDATA[2023-02-07 11:02:43.741 &amp#27;[32m INFO&amp#27;[m &amp#27;[35m[@534 - main]&amp#27;[m &amp#27;[36mcom.shaft.tools.io.ReportManager&amp#27;[m : 
################################################################################################################################################
Starting Execution:	"337 out of 107" test cases in the current suite
Test Method:		"SteeringCompanyAPI_TestCases.Test_Policies_Cases.Update_Policy_With_InValid_data_TC"
Test Description:	"TC053 -Policy- Perform Update Policy with InValid data"
################################################################################################################################################
2023-02-07 11:02:43.741 &amp#27;[32m INFO&amp#27;[m &amp#27;[35m[@503 - main]&amp#27;[m &amp#27;[36mcom.shaft.tools.io.ReportManager&amp#27;[m : File Action "DoesFileExist" successfully performed. With the following test data "File Path: "SteeringCompanyAPI_TestData/SteeringCompanyAPI_TestData.xlsx"".
2023-02-07 11:02:43.754 &amp#27;[32m INFO&amp#27;[m &amp#27;[35m[@503 - main]&amp#27;[m &amp#27;[36mcom.shaft.tools.io.ReportManager&amp#27;[m : Successfully created attachment "Test Data - Excel"
2023-02-07 11:02:44.376 &amp#27;[32m INFO&amp#27;[m &amp#27;[35m[@503 - main]&amp#27;[m &amp#27;[36mcom.shaft.tools.io.ReportManager&amp#27;[m : Response status code: "200", status line: "HTTP/1.1 200 OK"
2023-02-07 11:02:44.386 &amp#27;[32m INFO&amp#27;[m &amp#27;[35m[@503 - main]&amp#27;[m &amp#27;[36mcom.shaft.tools.io.ReportManager&amp#27;[m : Successfully created attachment "API Request - Specifications"
2023-02-07 11:02:44.386 &amp#27;[32m INFO&amp#27;[m &amp#27;[35m[@503 - main]&amp#27;[m &amp#27;[36mcom.shaft.tools.io.ReportManager&amp#27;[m : Successfully created attachment "API Request - Body"
2023-02-07 11:02:44.387 &amp#27;[32m INFO&amp#27;[m &amp#27;[35m[@503 - main]&amp#27;[m &amp#27;[36mcom.shaft.tools.io.ReportManager&amp#27;[m : Successfully created attachment "API Response - JSON Body"
2023-02-07 11:02:44.393 &amp#27;[32m INFO&amp#27;[m &amp#27;[35m[@503 - main]&amp#27;[m &amp#27;[36mcom.shaft.tools.io.ReportManager&amp#27;[m : File Action "DoesFileExist" successfully performed. With the following test data "File Path: "SteeringCompanyAPI_TestData/SteeringCompanyAPI_TestData.xlsx"".
2023-02-07 11:02:44.405 &amp#27;[32m INFO&amp#27;[m &amp#27;[35m[@503 - main]&amp#27;[m &amp#27;[36mcom.shaft.tools.io.ReportManager&amp#27;[m : Successfully created attachment "Test Data - Excel"
2023-02-07 11:02:44.405 &amp#27;[32m INFO&amp#27;[m &amp#27;[35m[@503 - main]&amp#27;[m &amp#27;[36mcom.shaft.tools.io.ReportManager&amp#27;[m : File Action "DoesFileExist" successfully performed. With the following test data "File Path: "SteeringCompanyAPI_TestData/SteeringCompanyAPI_TestData.xlsx"".
2023-02-07 11:02:44.419 &amp#27;[32m INFO&amp#27;[m &amp#27;[35m[@503 - main]&amp#27;[m &amp#27;[36mcom.shaft.tools.io.ReportManager&amp#27;[m : Successfully created attachment "Test Data - Excel"
2023-02-07 11:02:44.419 &amp#27;[32m INFO&amp#27;[m &amp#27;[35m[@503 - main]&amp#27;[m &amp#27;[36mcom.shaft.tools.io.ReportManager&amp#27;[m : File Action "DoesFileExist" successfully performed. With the following test data "File Path: "SteeringCompanyAPI_TestData/SteeringCompanyAPI_TestData.xlsx"".
2023-02-07 11:02:44.432 &amp#27;[32m INFO&amp#27;[m &amp#27;[35m[@503 - main]&amp#27;[m &amp#27;[36mcom.shaft.tools.io.ReportManager&amp#27;[m : Successfully created attachment "Test Data - Excel"
2023-02-07 11:02:44.921 &amp#27;[32m INFO&amp#27;[m &amp#27;[35m[@503 - main]&amp#27;[m &amp#27;[36mcom.shaft.tools.io.ReportManager&amp#27;[m : Response status code: "422", status line: "HTTP/1.1 422 "
2023-02-07 11:02:44.930 &amp#27;[32m INFO&amp#27;[m &amp#27;[35m[@503 - main]&amp#27;[m &amp#27;[36mcom.shaft.tools.io.ReportManager&amp#27;[m : Successfully created attachment "API Request - Specifications"
2023-02-07 11:02:44.933 &amp#27;[32m INFO&amp#27;[m &amp#27;[35m[@503 - main]&amp#27;[m &amp#27;[36mcom.shaft.tools.io.ReportManager&amp#27;[m : Successfully created attachment "API Request - JSON Body"
2023-02-07 11:02:44.933 &amp#27;[32m INFO&amp#27;[m &amp#27;[35m[@503 - main]&amp#27;[m &amp#27;[36mcom.shaft.tools.io.ReportManager&amp#27;[m : Successfully created attachment "API Response - JSON Body"
2023-02-07 11:02:44.933 &amp#27;[32m INFO&amp#27;[m &amp#27;[35m[@503 - main]&amp#27;[m &amp#27;[36mcom.shaft.tools.io.ReportManager&amp#27;[m : File Action "DoesFileExist" successfully performed. With the following test data "File Path: "Schemas/ValidationError_schema.json"".
2023-02-07 11:02:44.933 &amp#27;[32m INFO&amp#27;[m &amp#27;[35m[@503 - main]&amp#27;[m &amp#27;[36mcom.shaft.tools.io.ReportManager&amp#27;[m : File Action "DoesFileExist" successfully performed. With the following test data "File Path: "src/test/resources/testDataFiles/Schemas/ValidationError_schema.json"".
2023-02-07 11:02:44.933 &amp#27;[32m INFO&amp#27;[m &amp#27;[35m[@503 - main]&amp#27;[m &amp#27;[36mcom.shaft.tools.io.ReportManager&amp#27;[m : File Action "GetAbsolutePath" successfully performed. With the following test data "Relative Folder Path: "src/test/resources/testDataFiles/Schemas/ValidationError_schema.json"".
2023-02-07 11:02:44.936 &amp#27;[32m INFO&amp#27;[m &amp#27;[35m[@503 - main]&amp#27;[m &amp#27;[36mcom.shaft.tools.io.ReportManager&amp#27;[m : File Action "DoesFileExist" successfully performed. With the following test data "File Path: "C:\eclipse-workspace\MyProjects\TASystemsAPIs\src\test\resources\testDataFiles\Schemas\ValidationError_schema.json"".
2023-02-07 11:02:44.936 &amp#27;[32m INFO&amp#27;[m &amp#27;[35m[@503 - main]&amp#27;[m &amp#27;[36mcom.shaft.tools.io.ReportManager&amp#27;[m : File Action "GetAbsolutePath" successfully performed. With the following test data "Relative Folder Path: "C:\eclipse-workspace\MyProjects\TASystemsAPIs\src\test\resources\testDataFiles\Schemas\ValidationError_schema.json"".
2023-02-07 11:02:44.936 &amp#27;[32m INFO&amp#27;[m &amp#27;[35m[@503 - main]&amp#27;[m &amp#27;[36mcom.shaft.tools.io.ReportManager&amp#27;[m : File Action "ReadFile" successfully performed. With the following test data "File Path: "C:\eclipse-workspace\MyProjects\TASystemsAPIs\src\test\resources\testDataFiles\Schemas\ValidationError_schema.json"".
2023-02-07 11:02:44.938 &amp#27;[32m INFO&amp#27;[m &amp#27;[35m[@503 - main]&amp#27;[m &amp#27;[36mcom.shaft.tools.io.ReportManager&amp#27;[m : Successfully created attachment "Validation Test Data - Expected JSON Value"
2023-02-07 11:02:44.938 &amp#27;[32m INFO&amp#27;[m &amp#27;[35m[@503 - main]&amp#27;[m &amp#27;[36mcom.shaft.tools.io.ReportManager&amp#27;[m : Successfully created attachment "Validation Test Data - Actual JSON Value"
2023-02-07 11:02:44.939 &amp#27;[32m INFO&amp#27;[m &amp#27;[35m[@503 - main]&amp#27;[m &amp#27;[36mcom.shaft.tools.io.ReportManager&amp#27;[m : Successfully created attachment "SHAFT Engine Logs - Current Method log: Update_Policy_With_InValid_data_TC"
]]></system-out>
  </testcase>
  <testcase name="Update_Policy_With_InValid_data_TC[[Ljava.lang.Object;@6cd943f5](60)" classname="SteeringCompanyAPI_TestCases.Test_Policies_Cases" time="2.587">
    <system-out><![CDATA[2023-02-07 11:02:44.940 &amp#27;[32m INFO&amp#27;[m &amp#27;[35m[@534 - main]&amp#27;[m &amp#27;[36mcom.shaft.tools.io.ReportManager&amp#27;[m : 
################################################################################################################################################
Starting Execution:	"338 out of 107" test cases in the current suite
Test Method:		"SteeringCompanyAPI_TestCases.Test_Policies_Cases.Update_Policy_With_InValid_data_TC"
Test Description:	"TC053 -Policy- Perform Update Policy with InValid data"
################################################################################################################################################
2023-02-07 11:02:44.940 &amp#27;[32m INFO&amp#27;[m &amp#27;[35m[@503 - main]&amp#27;[m &amp#27;[36mcom.shaft.tools.io.ReportManager&amp#27;[m : File Action "DoesFileExist" successfully performed. With the following test data "File Path: "SteeringCompanyAPI_TestData/SteeringCompanyAPI_TestData.xlsx"".
2023-02-07 11:02:44.955 &amp#27;[32m INFO&amp#27;[m &amp#27;[35m[@503 - main]&amp#27;[m &amp#27;[36mcom.shaft.tools.io.ReportManager&amp#27;[m : Successfully created attachment "Test Data - Excel"
2023-02-07 11:02:46.940 &amp#27;[32m INFO&amp#27;[m &amp#27;[35m[@503 - main]&amp#27;[m &amp#27;[36mcom.shaft.tools.io.ReportManager&amp#27;[m : Response status code: "200", status line: "HTTP/1.1 200 OK"
2023-02-07 11:02:46.948 &amp#27;[32m INFO&amp#27;[m &amp#27;[35m[@503 - main]&amp#27;[m &amp#27;[36mcom.shaft.tools.io.ReportManager&amp#27;[m : Successfully created attachment "API Request - Specifications"
2023-02-07 11:02:46.952 &amp#27;[32m INFO&amp#27;[m &amp#27;[35m[@503 - main]&amp#27;[m &amp#27;[36mcom.shaft.tools.io.ReportManager&amp#27;[m : Successfully created attachment "API Request - Body"
2023-02-07 11:02:46.952 &amp#27;[32m INFO&amp#27;[m &amp#27;[35m[@503 - main]&amp#27;[m &amp#27;[36mcom.shaft.tools.io.ReportManager&amp#27;[m : Successfully created attachment "API Response - JSON Body"
2023-02-07 11:02:46.958 &amp#27;[32m INFO&amp#27;[m &amp#27;[35m[@503 - main]&amp#27;[m &amp#27;[36mcom.shaft.tools.io.ReportManager&amp#27;[m : File Action "DoesFileExist" successfully performed. With the following test data "File Path: "SteeringCompanyAPI_TestData/SteeringCompanyAPI_TestData.xlsx"".
2023-02-07 11:02:46.971 &amp#27;[32m INFO&amp#27;[m &amp#27;[35m[@503 - main]&amp#27;[m &amp#27;[36mcom.shaft.tools.io.ReportManager&amp#27;[m : Successfully created attachment "Test Data - Excel"
2023-02-07 11:02:46.972 &amp#27;[32m INFO&amp#27;[m &amp#27;[35m[@503 - main]&amp#27;[m &amp#27;[36mcom.shaft.tools.io.ReportManager&amp#27;[m : File Action "DoesFileExist" successfully performed. With the following test data "File Path: "SteeringCompanyAPI_TestData/SteeringCompanyAPI_TestData.xlsx"".
2023-02-07 11:02:46.986 &amp#27;[32m INFO&amp#27;[m &amp#27;[35m[@503 - main]&amp#27;[m &amp#27;[36mcom.shaft.tools.io.ReportManager&amp#27;[m : Successfully created attachment "Test Data - Excel"
2023-02-07 11:02:46.986 &amp#27;[32m INFO&amp#27;[m &amp#27;[35m[@503 - main]&amp#27;[m &amp#27;[36mcom.shaft.tools.io.ReportManager&amp#27;[m : File Action "DoesFileExist" successfully performed. With the following test data "File Path: "SteeringCompanyAPI_TestData/SteeringCompanyAPI_TestData.xlsx"".
2023-02-07 11:02:47.008 &amp#27;[32m INFO&amp#27;[m &amp#27;[35m[@503 - main]&amp#27;[m &amp#27;[36mcom.shaft.tools.io.ReportManager&amp#27;[m : Successfully created attachment "Test Data - Excel"
2023-02-07 11:02:47.511 &amp#27;[32m INFO&amp#27;[m &amp#27;[35m[@503 - main]&amp#27;[m &amp#27;[36mcom.shaft.tools.io.ReportManager&amp#27;[m : Response status code: "422", status line: "HTTP/1.1 422 "
2023-02-07 11:02:47.519 &amp#27;[32m INFO&amp#27;[m &amp#27;[35m[@503 - main]&amp#27;[m &amp#27;[36mcom.shaft.tools.io.ReportManager&amp#27;[m : Successfully created attachment "API Request - Specifications"
2023-02-07 11:02:47.519 &amp#27;[32m INFO&amp#27;[m &amp#27;[35m[@503 - main]&amp#27;[m &amp#27;[36mcom.shaft.tools.io.ReportManager&amp#27;[m : Successfully created attachment "API Request - JSON Body"
2023-02-07 11:02:47.520 &amp#27;[32m INFO&amp#27;[m &amp#27;[35m[@503 - main]&amp#27;[m &amp#27;[36mcom.shaft.tools.io.ReportManager&amp#27;[m : Successfully created attachment "API Response - JSON Body"
2023-02-07 11:02:47.520 &amp#27;[32m INFO&amp#27;[m &amp#27;[35m[@503 - main]&amp#27;[m &amp#27;[36mcom.shaft.tools.io.ReportManager&amp#27;[m : File Action "DoesFileExist" successfully performed. With the following test data "File Path: "Schemas/ValidationError_schema.json"".
2023-02-07 11:02:47.520 &amp#27;[32m INFO&amp#27;[m &amp#27;[35m[@503 - main]&amp#27;[m &amp#27;[36mcom.shaft.tools.io.ReportManager&amp#27;[m : File Action "DoesFileExist" successfully performed. With the following test data "File Path: "src/test/resources/testDataFiles/Schemas/ValidationError_schema.json"".
2023-02-07 11:02:47.520 &amp#27;[32m INFO&amp#27;[m &amp#27;[35m[@503 - main]&amp#27;[m &amp#27;[36mcom.shaft.tools.io.ReportManager&amp#27;[m : File Action "GetAbsolutePath" successfully performed. With the following test data "Relative Folder Path: "src/test/resources/testDataFiles/Schemas/ValidationError_schema.json"".
2023-02-07 11:02:47.521 &amp#27;[32m INFO&amp#27;[m &amp#27;[35m[@503 - main]&amp#27;[m &amp#27;[36mcom.shaft.tools.io.ReportManager&amp#27;[m : File Action "DoesFileExist" successfully performed. With the following test data "File Path: "C:\eclipse-workspace\MyProjects\TASystemsAPIs\src\test\resources\testDataFiles\Schemas\ValidationError_schema.json"".
2023-02-07 11:02:47.521 &amp#27;[32m INFO&amp#27;[m &amp#27;[35m[@503 - main]&amp#27;[m &amp#27;[36mcom.shaft.tools.io.ReportManager&amp#27;[m : File Action "GetAbsolutePath" successfully performed. With the following test data "Relative Folder Path: "C:\eclipse-workspace\MyProjects\TASystemsAPIs\src\test\resources\testDataFiles\Schemas\ValidationError_schema.json"".
2023-02-07 11:02:47.521 &amp#27;[32m INFO&amp#27;[m &amp#27;[35m[@503 - main]&amp#27;[m &amp#27;[36mcom.shaft.tools.io.ReportManager&amp#27;[m : File Action "ReadFile" successfully performed. With the following test data "File Path: "C:\eclipse-workspace\MyProjects\TASystemsAPIs\src\test\resources\testDataFiles\Schemas\ValidationError_schema.json"".
2023-02-07 11:02:47.524 &amp#27;[32m INFO&amp#27;[m &amp#27;[35m[@503 - main]&amp#27;[m &amp#27;[36mcom.shaft.tools.io.ReportManager&amp#27;[m : Successfully created attachment "Validation Test Data - Expected JSON Value"
2023-02-07 11:02:47.524 &amp#27;[32m INFO&amp#27;[m &amp#27;[35m[@503 - main]&amp#27;[m &amp#27;[36mcom.shaft.tools.io.ReportManager&amp#27;[m : Successfully created attachment "Validation Test Data - Actual JSON Value"
2023-02-07 11:02:47.525 &amp#27;[32m INFO&amp#27;[m &amp#27;[35m[@503 - main]&amp#27;[m &amp#27;[36mcom.shaft.tools.io.ReportManager&amp#27;[m : Successfully created attachment "SHAFT Engine Logs - Current Method log: Update_Policy_With_InValid_data_TC"
]]></system-out>
  </testcase>
  <testcase name="Update_Policy_With_InValid_data_TC[[Ljava.lang.Object;@5a1c3489](61)" classname="SteeringCompanyAPI_TestCases.Test_Policies_Cases" time="1.232">
    <system-out><![CDATA[2023-02-07 11:02:47.528 &amp#27;[32m INFO&amp#27;[m &amp#27;[35m[@534 - main]&amp#27;[m &amp#27;[36mcom.shaft.tools.io.ReportManager&amp#27;[m : 
################################################################################################################################################
Starting Execution:	"339 out of 107" test cases in the current suite
Test Method:		"SteeringCompanyAPI_TestCases.Test_Policies_Cases.Update_Policy_With_InValid_data_TC"
Test Description:	"TC053 -Policy- Perform Update Policy with InValid data"
################################################################################################################################################
2023-02-07 11:02:47.529 &amp#27;[32m INFO&amp#27;[m &amp#27;[35m[@503 - main]&amp#27;[m &amp#27;[36mcom.shaft.tools.io.ReportManager&amp#27;[m : File Action "DoesFileExist" successfully performed. With the following test data "File Path: "SteeringCompanyAPI_TestData/SteeringCompanyAPI_TestData.xlsx"".
2023-02-07 11:02:47.543 &amp#27;[32m INFO&amp#27;[m &amp#27;[35m[@503 - main]&amp#27;[m &amp#27;[36mcom.shaft.tools.io.ReportManager&amp#27;[m : Successfully created attachment "Test Data - Excel"
2023-02-07 11:02:48.170 &amp#27;[32m INFO&amp#27;[m &amp#27;[35m[@503 - main]&amp#27;[m &amp#27;[36mcom.shaft.tools.io.ReportManager&amp#27;[m : Response status code: "200", status line: "HTTP/1.1 200 OK"
2023-02-07 11:02:48.179 &amp#27;[32m INFO&amp#27;[m &amp#27;[35m[@503 - main]&amp#27;[m &amp#27;[36mcom.shaft.tools.io.ReportManager&amp#27;[m : Successfully created attachment "API Request - Specifications"
2023-02-07 11:02:48.180 &amp#27;[32m INFO&amp#27;[m &amp#27;[35m[@503 - main]&amp#27;[m &amp#27;[36mcom.shaft.tools.io.ReportManager&amp#27;[m : Successfully created attachment "API Request - Body"
2023-02-07 11:02:48.181 &amp#27;[32m INFO&amp#27;[m &amp#27;[35m[@503 - main]&amp#27;[m &amp#27;[36mcom.shaft.tools.io.ReportManager&amp#27;[m : Successfully created attachment "API Response - JSON Body"
2023-02-07 11:02:48.187 &amp#27;[32m INFO&amp#27;[m &amp#27;[35m[@503 - main]&amp#27;[m &amp#27;[36mcom.shaft.tools.io.ReportManager&amp#27;[m : File Action "DoesFileExist" successfully performed. With the following test data "File Path: "SteeringCompanyAPI_TestData/SteeringCompanyAPI_TestData.xlsx"".
2023-02-07 11:02:48.204 &amp#27;[32m INFO&amp#27;[m &amp#27;[35m[@503 - main]&amp#27;[m &amp#27;[36mcom.shaft.tools.io.ReportManager&amp#27;[m : Successfully created attachment "Test Data - Excel"
2023-02-07 11:02:48.204 &amp#27;[32m INFO&amp#27;[m &amp#27;[35m[@503 - main]&amp#27;[m &amp#27;[36mcom.shaft.tools.io.ReportManager&amp#27;[m : File Action "DoesFileExist" successfully performed. With the following test data "File Path: "SteeringCompanyAPI_TestData/SteeringCompanyAPI_TestData.xlsx"".
2023-02-07 11:02:48.221 &amp#27;[32m INFO&amp#27;[m &amp#27;[35m[@503 - main]&amp#27;[m &amp#27;[36mcom.shaft.tools.io.ReportManager&amp#27;[m : Successfully created attachment "Test Data - Excel"
2023-02-07 11:02:48.221 &amp#27;[32m INFO&amp#27;[m &amp#27;[35m[@503 - main]&amp#27;[m &amp#27;[36mcom.shaft.tools.io.ReportManager&amp#27;[m : File Action "DoesFileExist" successfully performed. With the following test data "File Path: "SteeringCompanyAPI_TestData/SteeringCompanyAPI_TestData.xlsx"".
2023-02-07 11:02:48.237 &amp#27;[32m INFO&amp#27;[m &amp#27;[35m[@503 - main]&amp#27;[m &amp#27;[36mcom.shaft.tools.io.ReportManager&amp#27;[m : Successfully created attachment "Test Data - Excel"
2023-02-07 11:02:48.743 &amp#27;[32m INFO&amp#27;[m &amp#27;[35m[@503 - main]&amp#27;[m &amp#27;[36mcom.shaft.tools.io.ReportManager&amp#27;[m : Response status code: "422", status line: "HTTP/1.1 422 "
2023-02-07 11:02:48.753 &amp#27;[32m INFO&amp#27;[m &amp#27;[35m[@503 - main]&amp#27;[m &amp#27;[36mcom.shaft.tools.io.ReportManager&amp#27;[m : Successfully created attachment "API Request - Specifications"
2023-02-07 11:02:48.754 &amp#27;[32m INFO&amp#27;[m &amp#27;[35m[@503 - main]&amp#27;[m &amp#27;[36mcom.shaft.tools.io.ReportManager&amp#27;[m : Successfully created attachment "API Request - JSON Body"
2023-02-07 11:02:48.754 &amp#27;[32m INFO&amp#27;[m &amp#27;[35m[@503 - main]&amp#27;[m &amp#27;[36mcom.shaft.tools.io.ReportManager&amp#27;[m : Successfully created attachment "API Response - JSON Body"
2023-02-07 11:02:48.755 &amp#27;[32m INFO&amp#27;[m &amp#27;[35m[@503 - main]&amp#27;[m &amp#27;[36mcom.shaft.tools.io.ReportManager&amp#27;[m : File Action "DoesFileExist" successfully performed. With the following test data "File Path: "Schemas/ValidationError_schema.json"".
2023-02-07 11:02:48.755 &amp#27;[32m INFO&amp#27;[m &amp#27;[35m[@503 - main]&amp#27;[m &amp#27;[36mcom.shaft.tools.io.ReportManager&amp#27;[m : File Action "DoesFileExist" successfully performed. With the following test data "File Path: "src/test/resources/testDataFiles/Schemas/ValidationError_schema.json"".
2023-02-07 11:02:48.755 &amp#27;[32m INFO&amp#27;[m &amp#27;[35m[@503 - main]&amp#27;[m &amp#27;[36mcom.shaft.tools.io.ReportManager&amp#27;[m : File Action "GetAbsolutePath" successfully performed. With the following test data "Relative Folder Path: "src/test/resources/testDataFiles/Schemas/ValidationError_schema.json"".
2023-02-07 11:02:48.756 &amp#27;[32m INFO&amp#27;[m &amp#27;[35m[@503 - main]&amp#27;[m &amp#27;[36mcom.shaft.tools.io.ReportManager&amp#27;[m : File Action "DoesFileExist" successfully performed. With the following test data "File Path: "C:\eclipse-workspace\MyProjects\TASystemsAPIs\src\test\resources\testDataFiles\Schemas\ValidationError_schema.json"".
2023-02-07 11:02:48.756 &amp#27;[32m INFO&amp#27;[m &amp#27;[35m[@503 - main]&amp#27;[m &amp#27;[36mcom.shaft.tools.io.ReportManager&amp#27;[m : File Action "GetAbsolutePath" successfully performed. With the following test data "Relative Folder Path: "C:\eclipse-workspace\MyProjects\TASystemsAPIs\src\test\resources\testDataFiles\Schemas\ValidationError_schema.json"".
2023-02-07 11:02:48.756 &amp#27;[32m INFO&amp#27;[m &amp#27;[35m[@503 - main]&amp#27;[m &amp#27;[36mcom.shaft.tools.io.ReportManager&amp#27;[m : File Action "ReadFile" successfully performed. With the following test data "File Path: "C:\eclipse-workspace\MyProjects\TASystemsAPIs\src\test\resources\testDataFiles\Schemas\ValidationError_schema.json"".
2023-02-07 11:02:48.757 &amp#27;[32m INFO&amp#27;[m &amp#27;[35m[@503 - main]&amp#27;[m &amp#27;[36mcom.shaft.tools.io.ReportManager&amp#27;[m : Successfully created attachment "Validation Test Data - Expected JSON Value"
2023-02-07 11:02:48.758 &amp#27;[32m INFO&amp#27;[m &amp#27;[35m[@503 - main]&amp#27;[m &amp#27;[36mcom.shaft.tools.io.ReportManager&amp#27;[m : Successfully created attachment "Validation Test Data - Actual JSON Value"
2023-02-07 11:02:48.758 &amp#27;[32m INFO&amp#27;[m &amp#27;[35m[@503 - main]&amp#27;[m &amp#27;[36mcom.shaft.tools.io.ReportManager&amp#27;[m : Successfully created attachment "SHAFT Engine Logs - Current Method log: Update_Policy_With_InValid_data_TC"
]]></system-out>
  </testcase>
  <testcase name="Update_Policy_With_InValid_data_TC[[Ljava.lang.Object;@2f684cea](62)" classname="SteeringCompanyAPI_TestCases.Test_Policies_Cases" time="1.267">
    <system-out><![CDATA[2023-02-07 11:02:48.760 &amp#27;[32m INFO&amp#27;[m &amp#27;[35m[@534 - main]&amp#27;[m &amp#27;[36mcom.shaft.tools.io.ReportManager&amp#27;[m : 
################################################################################################################################################
Starting Execution:	"340 out of 107" test cases in the current suite
Test Method:		"SteeringCompanyAPI_TestCases.Test_Policies_Cases.Update_Policy_With_InValid_data_TC"
Test Description:	"TC053 -Policy- Perform Update Policy with InValid data"
################################################################################################################################################
2023-02-07 11:02:48.760 &amp#27;[32m INFO&amp#27;[m &amp#27;[35m[@503 - main]&amp#27;[m &amp#27;[36mcom.shaft.tools.io.ReportManager&amp#27;[m : File Action "DoesFileExist" successfully performed. With the following test data "File Path: "SteeringCompanyAPI_TestData/SteeringCompanyAPI_TestData.xlsx"".
2023-02-07 11:02:48.775 &amp#27;[32m INFO&amp#27;[m &amp#27;[35m[@503 - main]&amp#27;[m &amp#27;[36mcom.shaft.tools.io.ReportManager&amp#27;[m : Successfully created attachment "Test Data - Excel"
2023-02-07 11:02:49.424 &amp#27;[32m INFO&amp#27;[m &amp#27;[35m[@503 - main]&amp#27;[m &amp#27;[36mcom.shaft.tools.io.ReportManager&amp#27;[m : Response status code: "200", status line: "HTTP/1.1 200 OK"
2023-02-07 11:02:49.432 &amp#27;[32m INFO&amp#27;[m &amp#27;[35m[@503 - main]&amp#27;[m &amp#27;[36mcom.shaft.tools.io.ReportManager&amp#27;[m : Successfully created attachment "API Request - Specifications"
2023-02-07 11:02:49.433 &amp#27;[32m INFO&amp#27;[m &amp#27;[35m[@503 - main]&amp#27;[m &amp#27;[36mcom.shaft.tools.io.ReportManager&amp#27;[m : Successfully created attachment "API Request - Body"
2023-02-07 11:02:49.433 &amp#27;[32m INFO&amp#27;[m &amp#27;[35m[@503 - main]&amp#27;[m &amp#27;[36mcom.shaft.tools.io.ReportManager&amp#27;[m : Successfully created attachment "API Response - JSON Body"
2023-02-07 11:02:49.438 &amp#27;[32m INFO&amp#27;[m &amp#27;[35m[@503 - main]&amp#27;[m &amp#27;[36mcom.shaft.tools.io.ReportManager&amp#27;[m : File Action "DoesFileExist" successfully performed. With the following test data "File Path: "SteeringCompanyAPI_TestData/SteeringCompanyAPI_TestData.xlsx"".
2023-02-07 11:02:49.455 &amp#27;[32m INFO&amp#27;[m &amp#27;[35m[@503 - main]&amp#27;[m &amp#27;[36mcom.shaft.tools.io.ReportManager&amp#27;[m : Successfully created attachment "Test Data - Excel"
2023-02-07 11:02:49.455 &amp#27;[32m INFO&amp#27;[m &amp#27;[35m[@503 - main]&amp#27;[m &amp#27;[36mcom.shaft.tools.io.ReportManager&amp#27;[m : File Action "DoesFileExist" successfully performed. With the following test data "File Path: "SteeringCompanyAPI_TestData/SteeringCompanyAPI_TestData.xlsx"".
2023-02-07 11:02:49.468 &amp#27;[32m INFO&amp#27;[m &amp#27;[35m[@503 - main]&amp#27;[m &amp#27;[36mcom.shaft.tools.io.ReportManager&amp#27;[m : Successfully created attachment "Test Data - Excel"
2023-02-07 11:02:49.468 &amp#27;[32m INFO&amp#27;[m &amp#27;[35m[@503 - main]&amp#27;[m &amp#27;[36mcom.shaft.tools.io.ReportManager&amp#27;[m : File Action "DoesFileExist" successfully performed. With the following test data "File Path: "SteeringCompanyAPI_TestData/SteeringCompanyAPI_TestData.xlsx"".
2023-02-07 11:02:49.481 &amp#27;[32m INFO&amp#27;[m &amp#27;[35m[@503 - main]&amp#27;[m &amp#27;[36mcom.shaft.tools.io.ReportManager&amp#27;[m : Successfully created attachment "Test Data - Excel"
2023-02-07 11:02:50.008 &amp#27;[32m INFO&amp#27;[m &amp#27;[35m[@503 - main]&amp#27;[m &amp#27;[36mcom.shaft.tools.io.ReportManager&amp#27;[m : Response status code: "422", status line: "HTTP/1.1 422 "
2023-02-07 11:02:50.017 &amp#27;[32m INFO&amp#27;[m &amp#27;[35m[@503 - main]&amp#27;[m &amp#27;[36mcom.shaft.tools.io.ReportManager&amp#27;[m : Successfully created attachment "API Request - Specifications"
2023-02-07 11:02:50.020 &amp#27;[32m INFO&amp#27;[m &amp#27;[35m[@503 - main]&amp#27;[m &amp#27;[36mcom.shaft.tools.io.ReportManager&amp#27;[m : Successfully created attachment "API Request - JSON Body"
2023-02-07 11:02:50.020 &amp#27;[32m INFO&amp#27;[m &amp#27;[35m[@503 - main]&amp#27;[m &amp#27;[36mcom.shaft.tools.io.ReportManager&amp#27;[m : Successfully created attachment "API Response - JSON Body"
2023-02-07 11:02:50.021 &amp#27;[32m INFO&amp#27;[m &amp#27;[35m[@503 - main]&amp#27;[m &amp#27;[36mcom.shaft.tools.io.ReportManager&amp#27;[m : File Action "DoesFileExist" successfully performed. With the following test data "File Path: "Schemas/ValidationError_schema.json"".
2023-02-07 11:02:50.021 &amp#27;[32m INFO&amp#27;[m &amp#27;[35m[@503 - main]&amp#27;[m &amp#27;[36mcom.shaft.tools.io.ReportManager&amp#27;[m : File Action "DoesFileExist" successfully performed. With the following test data "File Path: "src/test/resources/testDataFiles/Schemas/ValidationError_schema.json"".
2023-02-07 11:02:50.021 &amp#27;[32m INFO&amp#27;[m &amp#27;[35m[@503 - main]&amp#27;[m &amp#27;[36mcom.shaft.tools.io.ReportManager&amp#27;[m : File Action "GetAbsolutePath" successfully performed. With the following test data "Relative Folder Path: "src/test/resources/testDataFiles/Schemas/ValidationError_schema.json"".
2023-02-07 11:02:50.022 &amp#27;[32m INFO&amp#27;[m &amp#27;[35m[@503 - main]&amp#27;[m &amp#27;[36mcom.shaft.tools.io.ReportManager&amp#27;[m : File Action "DoesFileExist" successfully performed. With the following test data "File Path: "C:\eclipse-workspace\MyProjects\TASystemsAPIs\src\test\resources\testDataFiles\Schemas\ValidationError_schema.json"".
2023-02-07 11:02:50.022 &amp#27;[32m INFO&amp#27;[m &amp#27;[35m[@503 - main]&amp#27;[m &amp#27;[36mcom.shaft.tools.io.ReportManager&amp#27;[m : File Action "GetAbsolutePath" successfully performed. With the following test data "Relative Folder Path: "C:\eclipse-workspace\MyProjects\TASystemsAPIs\src\test\resources\testDataFiles\Schemas\ValidationError_schema.json"".
2023-02-07 11:02:50.022 &amp#27;[32m INFO&amp#27;[m &amp#27;[35m[@503 - main]&amp#27;[m &amp#27;[36mcom.shaft.tools.io.ReportManager&amp#27;[m : File Action "ReadFile" successfully performed. With the following test data "File Path: "C:\eclipse-workspace\MyProjects\TASystemsAPIs\src\test\resources\testDataFiles\Schemas\ValidationError_schema.json"".
2023-02-07 11:02:50.023 &amp#27;[32m INFO&amp#27;[m &amp#27;[35m[@503 - main]&amp#27;[m &amp#27;[36mcom.shaft.tools.io.ReportManager&amp#27;[m : Successfully created attachment "Validation Test Data - Expected JSON Value"
2023-02-07 11:02:50.024 &amp#27;[32m INFO&amp#27;[m &amp#27;[35m[@503 - main]&amp#27;[m &amp#27;[36mcom.shaft.tools.io.ReportManager&amp#27;[m : Successfully created attachment "Validation Test Data - Actual JSON Value"
2023-02-07 11:02:50.025 &amp#27;[32m INFO&amp#27;[m &amp#27;[35m[@503 - main]&amp#27;[m &amp#27;[36mcom.shaft.tools.io.ReportManager&amp#27;[m : Successfully created attachment "SHAFT Engine Logs - Current Method log: Update_Policy_With_InValid_data_TC"
]]></system-out>
  </testcase>
  <testcase name="Update_Policy_With_InValid_data_TC[[Ljava.lang.Object;@3dddd037](63)" classname="SteeringCompanyAPI_TestCases.Test_Policies_Cases" time="1.416">
    <system-out><![CDATA[2023-02-07 11:02:50.027 &amp#27;[32m INFO&amp#27;[m &amp#27;[35m[@534 - main]&amp#27;[m &amp#27;[36mcom.shaft.tools.io.ReportManager&amp#27;[m : 
################################################################################################################################################
Starting Execution:	"341 out of 107" test cases in the current suite
Test Method:		"SteeringCompanyAPI_TestCases.Test_Policies_Cases.Update_Policy_With_InValid_data_TC"
Test Description:	"TC053 -Policy- Perform Update Policy with InValid data"
################################################################################################################################################
2023-02-07 11:02:50.027 &amp#27;[32m INFO&amp#27;[m &amp#27;[35m[@503 - main]&amp#27;[m &amp#27;[36mcom.shaft.tools.io.ReportManager&amp#27;[m : File Action "DoesFileExist" successfully performed. With the following test data "File Path: "SteeringCompanyAPI_TestData/SteeringCompanyAPI_TestData.xlsx"".
2023-02-07 11:02:50.041 &amp#27;[32m INFO&amp#27;[m &amp#27;[35m[@503 - main]&amp#27;[m &amp#27;[36mcom.shaft.tools.io.ReportManager&amp#27;[m : Successfully created attachment "Test Data - Excel"
2023-02-07 11:02:50.659 &amp#27;[32m INFO&amp#27;[m &amp#27;[35m[@503 - main]&amp#27;[m &amp#27;[36mcom.shaft.tools.io.ReportManager&amp#27;[m : Response status code: "200", status line: "HTTP/1.1 200 OK"
2023-02-07 11:02:50.668 &amp#27;[32m INFO&amp#27;[m &amp#27;[35m[@503 - main]&amp#27;[m &amp#27;[36mcom.shaft.tools.io.ReportManager&amp#27;[m : Successfully created attachment "API Request - Specifications"
2023-02-07 11:02:50.669 &amp#27;[32m INFO&amp#27;[m &amp#27;[35m[@503 - main]&amp#27;[m &amp#27;[36mcom.shaft.tools.io.ReportManager&amp#27;[m : Successfully created attachment "API Request - Body"
2023-02-07 11:02:50.669 &amp#27;[32m INFO&amp#27;[m &amp#27;[35m[@503 - main]&amp#27;[m &amp#27;[36mcom.shaft.tools.io.ReportManager&amp#27;[m : Successfully created attachment "API Response - JSON Body"
2023-02-07 11:02:50.675 &amp#27;[32m INFO&amp#27;[m &amp#27;[35m[@503 - main]&amp#27;[m &amp#27;[36mcom.shaft.tools.io.ReportManager&amp#27;[m : File Action "DoesFileExist" successfully performed. With the following test data "File Path: "SteeringCompanyAPI_TestData/SteeringCompanyAPI_TestData.xlsx"".
2023-02-07 11:02:50.690 &amp#27;[32m INFO&amp#27;[m &amp#27;[35m[@503 - main]&amp#27;[m &amp#27;[36mcom.shaft.tools.io.ReportManager&amp#27;[m : Successfully created attachment "Test Data - Excel"
2023-02-07 11:02:50.690 &amp#27;[32m INFO&amp#27;[m &amp#27;[35m[@503 - main]&amp#27;[m &amp#27;[36mcom.shaft.tools.io.ReportManager&amp#27;[m : File Action "DoesFileExist" successfully performed. With the following test data "File Path: "SteeringCompanyAPI_TestData/SteeringCompanyAPI_TestData.xlsx"".
2023-02-07 11:02:50.706 &amp#27;[32m INFO&amp#27;[m &amp#27;[35m[@503 - main]&amp#27;[m &amp#27;[36mcom.shaft.tools.io.ReportManager&amp#27;[m : Successfully created attachment "Test Data - Excel"
2023-02-07 11:02:50.706 &amp#27;[32m INFO&amp#27;[m &amp#27;[35m[@503 - main]&amp#27;[m &amp#27;[36mcom.shaft.tools.io.ReportManager&amp#27;[m : File Action "DoesFileExist" successfully performed. With the following test data "File Path: "SteeringCompanyAPI_TestData/SteeringCompanyAPI_TestData.xlsx"".
2023-02-07 11:02:50.720 &amp#27;[32m INFO&amp#27;[m &amp#27;[35m[@503 - main]&amp#27;[m &amp#27;[36mcom.shaft.tools.io.ReportManager&amp#27;[m : Successfully created attachment "Test Data - Excel"
2023-02-07 11:02:51.414 &amp#27;[32m INFO&amp#27;[m &amp#27;[35m[@503 - main]&amp#27;[m &amp#27;[36mcom.shaft.tools.io.ReportManager&amp#27;[m : Response status code: "422", status line: "HTTP/1.1 422 "
2023-02-07 11:02:51.423 &amp#27;[32m INFO&amp#27;[m &amp#27;[35m[@503 - main]&amp#27;[m &amp#27;[36mcom.shaft.tools.io.ReportManager&amp#27;[m : Successfully created attachment "API Request - Specifications"
2023-02-07 11:02:51.424 &amp#27;[32m INFO&amp#27;[m &amp#27;[35m[@503 - main]&amp#27;[m &amp#27;[36mcom.shaft.tools.io.ReportManager&amp#27;[m : Successfully created attachment "API Request - JSON Body"
2023-02-07 11:02:51.424 &amp#27;[32m INFO&amp#27;[m &amp#27;[35m[@503 - main]&amp#27;[m &amp#27;[36mcom.shaft.tools.io.ReportManager&amp#27;[m : Successfully created attachment "API Response - JSON Body"
2023-02-07 11:02:51.425 &amp#27;[32m INFO&amp#27;[m &amp#27;[35m[@503 - main]&amp#27;[m &amp#27;[36mcom.shaft.tools.io.ReportManager&amp#27;[m : File Action "DoesFileExist" successfully performed. With the following test data "File Path: "Schemas/ValidationError_schema.json"".
2023-02-07 11:02:51.425 &amp#27;[32m INFO&amp#27;[m &amp#27;[35m[@503 - main]&amp#27;[m &amp#27;[36mcom.shaft.tools.io.ReportManager&amp#27;[m : File Action "DoesFileExist" successfully performed. With the following test data "File Path: "src/test/resources/testDataFiles/Schemas/ValidationError_schema.json"".
2023-02-07 11:02:51.425 &amp#27;[32m INFO&amp#27;[m &amp#27;[35m[@503 - main]&amp#27;[m &amp#27;[36mcom.shaft.tools.io.ReportManager&amp#27;[m : File Action "GetAbsolutePath" successfully performed. With the following test data "Relative Folder Path: "src/test/resources/testDataFiles/Schemas/ValidationError_schema.json"".
2023-02-07 11:02:51.436 &amp#27;[32m INFO&amp#27;[m &amp#27;[35m[@503 - main]&amp#27;[m &amp#27;[36mcom.shaft.tools.io.ReportManager&amp#27;[m : File Action "DoesFileExist" successfully performed. With the following test data "File Path: "C:\eclipse-workspace\MyProjects\TASystemsAPIs\src\test\resources\testDataFiles\Schemas\ValidationError_schema.json"".
2023-02-07 11:02:51.436 &amp#27;[32m INFO&amp#27;[m &amp#27;[35m[@503 - main]&amp#27;[m &amp#27;[36mcom.shaft.tools.io.ReportManager&amp#27;[m : File Action "GetAbsolutePath" successfully performed. With the following test data "Relative Folder Path: "C:\eclipse-workspace\MyProjects\TASystemsAPIs\src\test\resources\testDataFiles\Schemas\ValidationError_schema.json"".
2023-02-07 11:02:51.436 &amp#27;[32m INFO&amp#27;[m &amp#27;[35m[@503 - main]&amp#27;[m &amp#27;[36mcom.shaft.tools.io.ReportManager&amp#27;[m : File Action "ReadFile" successfully performed. With the following test data "File Path: "C:\eclipse-workspace\MyProjects\TASystemsAPIs\src\test\resources\testDataFiles\Schemas\ValidationError_schema.json"".
2023-02-07 11:02:51.441 &amp#27;[32m INFO&amp#27;[m &amp#27;[35m[@503 - main]&amp#27;[m &amp#27;[36mcom.shaft.tools.io.ReportManager&amp#27;[m : Successfully created attachment "Validation Test Data - Expected JSON Value"
2023-02-07 11:02:51.441 &amp#27;[32m INFO&amp#27;[m &amp#27;[35m[@503 - main]&amp#27;[m &amp#27;[36mcom.shaft.tools.io.ReportManager&amp#27;[m : Successfully created attachment "Validation Test Data - Actual JSON Value"
2023-02-07 11:02:51.441 &amp#27;[32m INFO&amp#27;[m &amp#27;[35m[@503 - main]&amp#27;[m &amp#27;[36mcom.shaft.tools.io.ReportManager&amp#27;[m : Successfully created attachment "SHAFT Engine Logs - Current Method log: Update_Policy_With_InValid_data_TC"
]]></system-out>
  </testcase>
  <testcase name="Update_Policy_With_Missing_Keys_TC[[Ljava.lang.Object;@16c9ca25](1)" classname="SteeringCompanyAPI_TestCases.Test_Policies_Cases" time="1.239">
    <system-out><![CDATA[2023-02-07 11:02:51.463 &amp#27;[32m INFO&amp#27;[m &amp#27;[35m[@534 - main]&amp#27;[m &amp#27;[36mcom.shaft.tools.io.ReportManager&amp#27;[m : 
################################################################################################################################################
Starting Execution:	"342 out of 107" test cases in the current suite
Test Method:		"SteeringCompanyAPI_TestCases.Test_Policies_Cases.Update_Policy_With_Missing_Keys_TC"
Test Description:	"TC051 -Policy- Perform Update Policy with Missing Keys"
################################################################################################################################################
2023-02-07 11:02:51.463 &amp#27;[32m INFO&amp#27;[m &amp#27;[35m[@503 - main]&amp#27;[m &amp#27;[36mcom.shaft.tools.io.ReportManager&amp#27;[m : File Action "DoesFileExist" successfully performed. With the following test data "File Path: "SteeringCompanyAPI_TestData/SteeringCompanyAPI_TestData.xlsx"".
2023-02-07 11:02:51.477 &amp#27;[32m INFO&amp#27;[m &amp#27;[35m[@503 - main]&amp#27;[m &amp#27;[36mcom.shaft.tools.io.ReportManager&amp#27;[m : Successfully created attachment "Test Data - Excel"
2023-02-07 11:02:52.119 &amp#27;[32m INFO&amp#27;[m &amp#27;[35m[@503 - main]&amp#27;[m &amp#27;[36mcom.shaft.tools.io.ReportManager&amp#27;[m : Response status code: "200", status line: "HTTP/1.1 200 OK"
2023-02-07 11:02:52.128 &amp#27;[32m INFO&amp#27;[m &amp#27;[35m[@503 - main]&amp#27;[m &amp#27;[36mcom.shaft.tools.io.ReportManager&amp#27;[m : Successfully created attachment "API Request - Specifications"
2023-02-07 11:02:52.128 &amp#27;[32m INFO&amp#27;[m &amp#27;[35m[@503 - main]&amp#27;[m &amp#27;[36mcom.shaft.tools.io.ReportManager&amp#27;[m : Successfully created attachment "API Request - Body"
2023-02-07 11:02:52.132 &amp#27;[32m INFO&amp#27;[m &amp#27;[35m[@503 - main]&amp#27;[m &amp#27;[36mcom.shaft.tools.io.ReportManager&amp#27;[m : Successfully created attachment "API Response - JSON Body"
2023-02-07 11:02:52.136 &amp#27;[32m INFO&amp#27;[m &amp#27;[35m[@503 - main]&amp#27;[m &amp#27;[36mcom.shaft.tools.io.ReportManager&amp#27;[m : File Action "DoesFileExist" successfully performed. With the following test data "File Path: "SteeringCompanyAPI_TestData/SteeringCompanyAPI_TestData.xlsx"".
2023-02-07 11:02:52.150 &amp#27;[32m INFO&amp#27;[m &amp#27;[35m[@503 - main]&amp#27;[m &amp#27;[36mcom.shaft.tools.io.ReportManager&amp#27;[m : Successfully created attachment "Test Data - Excel"
2023-02-07 11:02:52.150 &amp#27;[32m INFO&amp#27;[m &amp#27;[35m[@503 - main]&amp#27;[m &amp#27;[36mcom.shaft.tools.io.ReportManager&amp#27;[m : File Action "DoesFileExist" successfully performed. With the following test data "File Path: "SteeringCompanyAPI_TestData/SteeringCompanyAPI_TestData.xlsx"".
2023-02-07 11:02:52.163 &amp#27;[32m INFO&amp#27;[m &amp#27;[35m[@503 - main]&amp#27;[m &amp#27;[36mcom.shaft.tools.io.ReportManager&amp#27;[m : Successfully created attachment "Test Data - Excel"
2023-02-07 11:02:52.163 &amp#27;[32m INFO&amp#27;[m &amp#27;[35m[@503 - main]&amp#27;[m &amp#27;[36mcom.shaft.tools.io.ReportManager&amp#27;[m : File Action "DoesFileExist" successfully performed. With the following test data "File Path: "SteeringCompanyAPI_TestData/SteeringCompanyAPI_TestData.xlsx"".
2023-02-07 11:02:52.176 &amp#27;[32m INFO&amp#27;[m &amp#27;[35m[@503 - main]&amp#27;[m &amp#27;[36mcom.shaft.tools.io.ReportManager&amp#27;[m : Successfully created attachment "Test Data - Excel"
2023-02-07 11:02:52.678 &amp#27;[32m INFO&amp#27;[m &amp#27;[35m[@503 - main]&amp#27;[m &amp#27;[36mcom.shaft.tools.io.ReportManager&amp#27;[m : Response status code: "422", status line: "HTTP/1.1 422 "
2023-02-07 11:02:52.693 &amp#27;[32m INFO&amp#27;[m &amp#27;[35m[@503 - main]&amp#27;[m &amp#27;[36mcom.shaft.tools.io.ReportManager&amp#27;[m : Successfully created attachment "API Request - Specifications"
2023-02-07 11:02:52.694 &amp#27;[32m INFO&amp#27;[m &amp#27;[35m[@503 - main]&amp#27;[m &amp#27;[36mcom.shaft.tools.io.ReportManager&amp#27;[m : Successfully created attachment "API Request - JSON Body"
2023-02-07 11:02:52.694 &amp#27;[32m INFO&amp#27;[m &amp#27;[35m[@503 - main]&amp#27;[m &amp#27;[36mcom.shaft.tools.io.ReportManager&amp#27;[m : Successfully created attachment "API Response - JSON Body"
2023-02-07 11:02:52.695 &amp#27;[32m INFO&amp#27;[m &amp#27;[35m[@503 - main]&amp#27;[m &amp#27;[36mcom.shaft.tools.io.ReportManager&amp#27;[m : File Action "DoesFileExist" successfully performed. With the following test data "File Path: "Schemas/ValidationError_schema.json"".
2023-02-07 11:02:52.695 &amp#27;[32m INFO&amp#27;[m &amp#27;[35m[@503 - main]&amp#27;[m &amp#27;[36mcom.shaft.tools.io.ReportManager&amp#27;[m : File Action "DoesFileExist" successfully performed. With the following test data "File Path: "src/test/resources/testDataFiles/Schemas/ValidationError_schema.json"".
2023-02-07 11:02:52.695 &amp#27;[32m INFO&amp#27;[m &amp#27;[35m[@503 - main]&amp#27;[m &amp#27;[36mcom.shaft.tools.io.ReportManager&amp#27;[m : File Action "GetAbsolutePath" successfully performed. With the following test data "Relative Folder Path: "src/test/resources/testDataFiles/Schemas/ValidationError_schema.json"".
2023-02-07 11:02:52.696 &amp#27;[32m INFO&amp#27;[m &amp#27;[35m[@503 - main]&amp#27;[m &amp#27;[36mcom.shaft.tools.io.ReportManager&amp#27;[m : File Action "DoesFileExist" successfully performed. With the following test data "File Path: "C:\eclipse-workspace\MyProjects\TASystemsAPIs\src\test\resources\testDataFiles\Schemas\ValidationError_schema.json"".
2023-02-07 11:02:52.696 &amp#27;[32m INFO&amp#27;[m &amp#27;[35m[@503 - main]&amp#27;[m &amp#27;[36mcom.shaft.tools.io.ReportManager&amp#27;[m : File Action "GetAbsolutePath" successfully performed. With the following test data "Relative Folder Path: "C:\eclipse-workspace\MyProjects\TASystemsAPIs\src\test\resources\testDataFiles\Schemas\ValidationError_schema.json"".
2023-02-07 11:02:52.696 &amp#27;[32m INFO&amp#27;[m &amp#27;[35m[@503 - main]&amp#27;[m &amp#27;[36mcom.shaft.tools.io.ReportManager&amp#27;[m : File Action "ReadFile" successfully performed. With the following test data "File Path: "C:\eclipse-workspace\MyProjects\TASystemsAPIs\src\test\resources\testDataFiles\Schemas\ValidationError_schema.json"".
2023-02-07 11:02:52.698 &amp#27;[32m INFO&amp#27;[m &amp#27;[35m[@503 - main]&amp#27;[m &amp#27;[36mcom.shaft.tools.io.ReportManager&amp#27;[m : Successfully created attachment "Validation Test Data - Expected JSON Value"
2023-02-07 11:02:52.699 &amp#27;[32m INFO&amp#27;[m &amp#27;[35m[@503 - main]&amp#27;[m &amp#27;[36mcom.shaft.tools.io.ReportManager&amp#27;[m : Successfully created attachment "Validation Test Data - Actual JSON Value"
2023-02-07 11:02:52.699 &amp#27;[32m INFO&amp#27;[m &amp#27;[35m[@503 - main]&amp#27;[m &amp#27;[36mcom.shaft.tools.io.ReportManager&amp#27;[m : Successfully created attachment "SHAFT Engine Logs - Current Method log: Update_Policy_With_Missing_Keys_TC"
]]></system-out>
  </testcase>
  <testcase name="Update_Policy_With_Missing_Keys_TC[[Ljava.lang.Object;@f49d9e5](2)" classname="SteeringCompanyAPI_TestCases.Test_Policies_Cases" time="1.553">
    <system-out><![CDATA[2023-02-07 11:02:52.702 &amp#27;[32m INFO&amp#27;[m &amp#27;[35m[@534 - main]&amp#27;[m &amp#27;[36mcom.shaft.tools.io.ReportManager&amp#27;[m : 
################################################################################################################################################
Starting Execution:	"343 out of 107" test cases in the current suite
Test Method:		"SteeringCompanyAPI_TestCases.Test_Policies_Cases.Update_Policy_With_Missing_Keys_TC"
Test Description:	"TC051 -Policy- Perform Update Policy with Missing Keys"
################################################################################################################################################
2023-02-07 11:02:52.702 &amp#27;[32m INFO&amp#27;[m &amp#27;[35m[@503 - main]&amp#27;[m &amp#27;[36mcom.shaft.tools.io.ReportManager&amp#27;[m : File Action "DoesFileExist" successfully performed. With the following test data "File Path: "SteeringCompanyAPI_TestData/SteeringCompanyAPI_TestData.xlsx"".
2023-02-07 11:02:52.715 &amp#27;[32m INFO&amp#27;[m &amp#27;[35m[@503 - main]&amp#27;[m &amp#27;[36mcom.shaft.tools.io.ReportManager&amp#27;[m : Successfully created attachment "Test Data - Excel"
2023-02-07 11:02:53.342 &amp#27;[32m INFO&amp#27;[m &amp#27;[35m[@503 - main]&amp#27;[m &amp#27;[36mcom.shaft.tools.io.ReportManager&amp#27;[m : Response status code: "200", status line: "HTTP/1.1 200 OK"
2023-02-07 11:02:53.349 &amp#27;[32m INFO&amp#27;[m &amp#27;[35m[@503 - main]&amp#27;[m &amp#27;[36mcom.shaft.tools.io.ReportManager&amp#27;[m : Successfully created attachment "API Request - Specifications"
2023-02-07 11:02:53.352 &amp#27;[32m INFO&amp#27;[m &amp#27;[35m[@503 - main]&amp#27;[m &amp#27;[36mcom.shaft.tools.io.ReportManager&amp#27;[m : Successfully created attachment "API Request - Body"
2023-02-07 11:02:53.353 &amp#27;[32m INFO&amp#27;[m &amp#27;[35m[@503 - main]&amp#27;[m &amp#27;[36mcom.shaft.tools.io.ReportManager&amp#27;[m : Successfully created attachment "API Response - JSON Body"
2023-02-07 11:02:53.359 &amp#27;[32m INFO&amp#27;[m &amp#27;[35m[@503 - main]&amp#27;[m &amp#27;[36mcom.shaft.tools.io.ReportManager&amp#27;[m : File Action "DoesFileExist" successfully performed. With the following test data "File Path: "SteeringCompanyAPI_TestData/SteeringCompanyAPI_TestData.xlsx"".
2023-02-07 11:02:53.371 &amp#27;[32m INFO&amp#27;[m &amp#27;[35m[@503 - main]&amp#27;[m &amp#27;[36mcom.shaft.tools.io.ReportManager&amp#27;[m : Successfully created attachment "Test Data - Excel"
2023-02-07 11:02:53.372 &amp#27;[32m INFO&amp#27;[m &amp#27;[35m[@503 - main]&amp#27;[m &amp#27;[36mcom.shaft.tools.io.ReportManager&amp#27;[m : File Action "DoesFileExist" successfully performed. With the following test data "File Path: "SteeringCompanyAPI_TestData/SteeringCompanyAPI_TestData.xlsx"".
2023-02-07 11:02:53.385 &amp#27;[32m INFO&amp#27;[m &amp#27;[35m[@503 - main]&amp#27;[m &amp#27;[36mcom.shaft.tools.io.ReportManager&amp#27;[m : Successfully created attachment "Test Data - Excel"
2023-02-07 11:02:53.385 &amp#27;[32m INFO&amp#27;[m &amp#27;[35m[@503 - main]&amp#27;[m &amp#27;[36mcom.shaft.tools.io.ReportManager&amp#27;[m : File Action "DoesFileExist" successfully performed. With the following test data "File Path: "SteeringCompanyAPI_TestData/SteeringCompanyAPI_TestData.xlsx"".
2023-02-07 11:02:53.398 &amp#27;[32m INFO&amp#27;[m &amp#27;[35m[@503 - main]&amp#27;[m &amp#27;[36mcom.shaft.tools.io.ReportManager&amp#27;[m : Successfully created attachment "Test Data - Excel"
2023-02-07 11:02:54.236 &amp#27;[32m INFO&amp#27;[m &amp#27;[35m[@503 - main]&amp#27;[m &amp#27;[36mcom.shaft.tools.io.ReportManager&amp#27;[m : Response status code: "422", status line: "HTTP/1.1 422 "
2023-02-07 11:02:54.245 &amp#27;[32m INFO&amp#27;[m &amp#27;[35m[@503 - main]&amp#27;[m &amp#27;[36mcom.shaft.tools.io.ReportManager&amp#27;[m : Successfully created attachment "API Request - Specifications"
2023-02-07 11:02:54.246 &amp#27;[32m INFO&amp#27;[m &amp#27;[35m[@503 - main]&amp#27;[m &amp#27;[36mcom.shaft.tools.io.ReportManager&amp#27;[m : Successfully created attachment "API Request - JSON Body"
2023-02-07 11:02:54.246 &amp#27;[32m INFO&amp#27;[m &amp#27;[35m[@503 - main]&amp#27;[m &amp#27;[36mcom.shaft.tools.io.ReportManager&amp#27;[m : Successfully created attachment "API Response - JSON Body"
2023-02-07 11:02:54.247 &amp#27;[32m INFO&amp#27;[m &amp#27;[35m[@503 - main]&amp#27;[m &amp#27;[36mcom.shaft.tools.io.ReportManager&amp#27;[m : File Action "DoesFileExist" successfully performed. With the following test data "File Path: "Schemas/ValidationError_schema.json"".
2023-02-07 11:02:54.247 &amp#27;[32m INFO&amp#27;[m &amp#27;[35m[@503 - main]&amp#27;[m &amp#27;[36mcom.shaft.tools.io.ReportManager&amp#27;[m : File Action "DoesFileExist" successfully performed. With the following test data "File Path: "src/test/resources/testDataFiles/Schemas/ValidationError_schema.json"".
2023-02-07 11:02:54.247 &amp#27;[32m INFO&amp#27;[m &amp#27;[35m[@503 - main]&amp#27;[m &amp#27;[36mcom.shaft.tools.io.ReportManager&amp#27;[m : File Action "GetAbsolutePath" successfully performed. With the following test data "Relative Folder Path: "src/test/resources/testDataFiles/Schemas/ValidationError_schema.json"".
2023-02-07 11:02:54.248 &amp#27;[32m INFO&amp#27;[m &amp#27;[35m[@503 - main]&amp#27;[m &amp#27;[36mcom.shaft.tools.io.ReportManager&amp#27;[m : File Action "DoesFileExist" successfully performed. With the following test data "File Path: "C:\eclipse-workspace\MyProjects\TASystemsAPIs\src\test\resources\testDataFiles\Schemas\ValidationError_schema.json"".
2023-02-07 11:02:54.248 &amp#27;[32m INFO&amp#27;[m &amp#27;[35m[@503 - main]&amp#27;[m &amp#27;[36mcom.shaft.tools.io.ReportManager&amp#27;[m : File Action "GetAbsolutePath" successfully performed. With the following test data "Relative Folder Path: "C:\eclipse-workspace\MyProjects\TASystemsAPIs\src\test\resources\testDataFiles\Schemas\ValidationError_schema.json"".
2023-02-07 11:02:54.248 &amp#27;[32m INFO&amp#27;[m &amp#27;[35m[@503 - main]&amp#27;[m &amp#27;[36mcom.shaft.tools.io.ReportManager&amp#27;[m : File Action "ReadFile" successfully performed. With the following test data "File Path: "C:\eclipse-workspace\MyProjects\TASystemsAPIs\src\test\resources\testDataFiles\Schemas\ValidationError_schema.json"".
2023-02-07 11:02:54.251 &amp#27;[32m INFO&amp#27;[m &amp#27;[35m[@503 - main]&amp#27;[m &amp#27;[36mcom.shaft.tools.io.ReportManager&amp#27;[m : Successfully created attachment "Validation Test Data - Expected JSON Value"
2023-02-07 11:02:54.252 &amp#27;[32m INFO&amp#27;[m &amp#27;[35m[@503 - main]&amp#27;[m &amp#27;[36mcom.shaft.tools.io.ReportManager&amp#27;[m : Successfully created attachment "Validation Test Data - Actual JSON Value"
2023-02-07 11:02:54.253 &amp#27;[32m INFO&amp#27;[m &amp#27;[35m[@503 - main]&amp#27;[m &amp#27;[36mcom.shaft.tools.io.ReportManager&amp#27;[m : Successfully created attachment "SHAFT Engine Logs - Current Method log: Update_Policy_With_Missing_Keys_TC"
]]></system-out>
  </testcase>
  <testcase name="Update_Policy_With_Missing_Keys_TC[[Ljava.lang.Object;@798ab3df](3)" classname="SteeringCompanyAPI_TestCases.Test_Policies_Cases" time="2.129">
    <system-out><![CDATA[2023-02-07 11:02:54.254 &amp#27;[32m INFO&amp#27;[m &amp#27;[35m[@534 - main]&amp#27;[m &amp#27;[36mcom.shaft.tools.io.ReportManager&amp#27;[m : 
################################################################################################################################################
Starting Execution:	"344 out of 107" test cases in the current suite
Test Method:		"SteeringCompanyAPI_TestCases.Test_Policies_Cases.Update_Policy_With_Missing_Keys_TC"
Test Description:	"TC051 -Policy- Perform Update Policy with Missing Keys"
################################################################################################################################################
2023-02-07 11:02:54.255 &amp#27;[32m INFO&amp#27;[m &amp#27;[35m[@503 - main]&amp#27;[m &amp#27;[36mcom.shaft.tools.io.ReportManager&amp#27;[m : File Action "DoesFileExist" successfully performed. With the following test data "File Path: "SteeringCompanyAPI_TestData/SteeringCompanyAPI_TestData.xlsx"".
2023-02-07 11:02:54.268 &amp#27;[32m INFO&amp#27;[m &amp#27;[35m[@503 - main]&amp#27;[m &amp#27;[36mcom.shaft.tools.io.ReportManager&amp#27;[m : Successfully created attachment "Test Data - Excel"
2023-02-07 11:02:55.098 &amp#27;[32m INFO&amp#27;[m &amp#27;[35m[@503 - main]&amp#27;[m &amp#27;[36mcom.shaft.tools.io.ReportManager&amp#27;[m : Response status code: "200", status line: "HTTP/1.1 200 OK"
2023-02-07 11:02:55.109 &amp#27;[32m INFO&amp#27;[m &amp#27;[35m[@503 - main]&amp#27;[m &amp#27;[36mcom.shaft.tools.io.ReportManager&amp#27;[m : Successfully created attachment "API Request - Specifications"
2023-02-07 11:02:55.109 &amp#27;[32m INFO&amp#27;[m &amp#27;[35m[@503 - main]&amp#27;[m &amp#27;[36mcom.shaft.tools.io.ReportManager&amp#27;[m : Successfully created attachment "API Request - Body"
2023-02-07 11:02:55.112 &amp#27;[32m INFO&amp#27;[m &amp#27;[35m[@503 - main]&amp#27;[m &amp#27;[36mcom.shaft.tools.io.ReportManager&amp#27;[m : Successfully created attachment "API Response - JSON Body"
2023-02-07 11:02:55.117 &amp#27;[32m INFO&amp#27;[m &amp#27;[35m[@503 - main]&amp#27;[m &amp#27;[36mcom.shaft.tools.io.ReportManager&amp#27;[m : File Action "DoesFileExist" successfully performed. With the following test data "File Path: "SteeringCompanyAPI_TestData/SteeringCompanyAPI_TestData.xlsx"".
2023-02-07 11:02:55.131 &amp#27;[32m INFO&amp#27;[m &amp#27;[35m[@503 - main]&amp#27;[m &amp#27;[36mcom.shaft.tools.io.ReportManager&amp#27;[m : Successfully created attachment "Test Data - Excel"
2023-02-07 11:02:55.132 &amp#27;[32m INFO&amp#27;[m &amp#27;[35m[@503 - main]&amp#27;[m &amp#27;[36mcom.shaft.tools.io.ReportManager&amp#27;[m : File Action "DoesFileExist" successfully performed. With the following test data "File Path: "SteeringCompanyAPI_TestData/SteeringCompanyAPI_TestData.xlsx"".
2023-02-07 11:02:55.146 &amp#27;[32m INFO&amp#27;[m &amp#27;[35m[@503 - main]&amp#27;[m &amp#27;[36mcom.shaft.tools.io.ReportManager&amp#27;[m : Successfully created attachment "Test Data - Excel"
2023-02-07 11:02:55.146 &amp#27;[32m INFO&amp#27;[m &amp#27;[35m[@503 - main]&amp#27;[m &amp#27;[36mcom.shaft.tools.io.ReportManager&amp#27;[m : File Action "DoesFileExist" successfully performed. With the following test data "File Path: "SteeringCompanyAPI_TestData/SteeringCompanyAPI_TestData.xlsx"".
2023-02-07 11:02:55.158 &amp#27;[32m INFO&amp#27;[m &amp#27;[35m[@503 - main]&amp#27;[m &amp#27;[36mcom.shaft.tools.io.ReportManager&amp#27;[m : Successfully created attachment "Test Data - Excel"
2023-02-07 11:02:56.366 &amp#27;[32m INFO&amp#27;[m &amp#27;[35m[@503 - main]&amp#27;[m &amp#27;[36mcom.shaft.tools.io.ReportManager&amp#27;[m : Response status code: "422", status line: "HTTP/1.1 422 "
2023-02-07 11:02:56.375 &amp#27;[32m INFO&amp#27;[m &amp#27;[35m[@503 - main]&amp#27;[m &amp#27;[36mcom.shaft.tools.io.ReportManager&amp#27;[m : Successfully created attachment "API Request - Specifications"
2023-02-07 11:02:56.375 &amp#27;[32m INFO&amp#27;[m &amp#27;[35m[@503 - main]&amp#27;[m &amp#27;[36mcom.shaft.tools.io.ReportManager&amp#27;[m : Successfully created attachment "API Request - JSON Body"
2023-02-07 11:02:56.376 &amp#27;[32m INFO&amp#27;[m &amp#27;[35m[@503 - main]&amp#27;[m &amp#27;[36mcom.shaft.tools.io.ReportManager&amp#27;[m : Successfully created attachment "API Response - JSON Body"
2023-02-07 11:02:56.376 &amp#27;[32m INFO&amp#27;[m &amp#27;[35m[@503 - main]&amp#27;[m &amp#27;[36mcom.shaft.tools.io.ReportManager&amp#27;[m : File Action "DoesFileExist" successfully performed. With the following test data "File Path: "Schemas/ValidationError_schema.json"".
2023-02-07 11:02:56.377 &amp#27;[32m INFO&amp#27;[m &amp#27;[35m[@503 - main]&amp#27;[m &amp#27;[36mcom.shaft.tools.io.ReportManager&amp#27;[m : File Action "DoesFileExist" successfully performed. With the following test data "File Path: "src/test/resources/testDataFiles/Schemas/ValidationError_schema.json"".
2023-02-07 11:02:56.377 &amp#27;[32m INFO&amp#27;[m &amp#27;[35m[@503 - main]&amp#27;[m &amp#27;[36mcom.shaft.tools.io.ReportManager&amp#27;[m : File Action "GetAbsolutePath" successfully performed. With the following test data "Relative Folder Path: "src/test/resources/testDataFiles/Schemas/ValidationError_schema.json"".
2023-02-07 11:02:56.378 &amp#27;[32m INFO&amp#27;[m &amp#27;[35m[@503 - main]&amp#27;[m &amp#27;[36mcom.shaft.tools.io.ReportManager&amp#27;[m : File Action "DoesFileExist" successfully performed. With the following test data "File Path: "C:\eclipse-workspace\MyProjects\TASystemsAPIs\src\test\resources\testDataFiles\Schemas\ValidationError_schema.json"".
2023-02-07 11:02:56.378 &amp#27;[32m INFO&amp#27;[m &amp#27;[35m[@503 - main]&amp#27;[m &amp#27;[36mcom.shaft.tools.io.ReportManager&amp#27;[m : File Action "GetAbsolutePath" successfully performed. With the following test data "Relative Folder Path: "C:\eclipse-workspace\MyProjects\TASystemsAPIs\src\test\resources\testDataFiles\Schemas\ValidationError_schema.json"".
2023-02-07 11:02:56.378 &amp#27;[32m INFO&amp#27;[m &amp#27;[35m[@503 - main]&amp#27;[m &amp#27;[36mcom.shaft.tools.io.ReportManager&amp#27;[m : File Action "ReadFile" successfully performed. With the following test data "File Path: "C:\eclipse-workspace\MyProjects\TASystemsAPIs\src\test\resources\testDataFiles\Schemas\ValidationError_schema.json"".
2023-02-07 11:02:56.381 &amp#27;[32m INFO&amp#27;[m &amp#27;[35m[@503 - main]&amp#27;[m &amp#27;[36mcom.shaft.tools.io.ReportManager&amp#27;[m : Successfully created attachment "Validation Test Data - Expected JSON Value"
2023-02-07 11:02:56.382 &amp#27;[32m INFO&amp#27;[m &amp#27;[35m[@503 - main]&amp#27;[m &amp#27;[36mcom.shaft.tools.io.ReportManager&amp#27;[m : Successfully created attachment "Validation Test Data - Actual JSON Value"
2023-02-07 11:02:56.382 &amp#27;[32m INFO&amp#27;[m &amp#27;[35m[@503 - main]&amp#27;[m &amp#27;[36mcom.shaft.tools.io.ReportManager&amp#27;[m : Successfully created attachment "SHAFT Engine Logs - Current Method log: Update_Policy_With_Missing_Keys_TC"
]]></system-out>
  </testcase>
  <testcase name="Update_Policy_With_Missing_Keys_TC[[Ljava.lang.Object;@52f29d28](4)" classname="SteeringCompanyAPI_TestCases.Test_Policies_Cases" time="1.664">
    <system-out><![CDATA[2023-02-07 11:02:56.383 &amp#27;[32m INFO&amp#27;[m &amp#27;[35m[@534 - main]&amp#27;[m &amp#27;[36mcom.shaft.tools.io.ReportManager&amp#27;[m : 
################################################################################################################################################
Starting Execution:	"345 out of 107" test cases in the current suite
Test Method:		"SteeringCompanyAPI_TestCases.Test_Policies_Cases.Update_Policy_With_Missing_Keys_TC"
Test Description:	"TC051 -Policy- Perform Update Policy with Missing Keys"
################################################################################################################################################
2023-02-07 11:02:56.384 &amp#27;[32m INFO&amp#27;[m &amp#27;[35m[@503 - main]&amp#27;[m &amp#27;[36mcom.shaft.tools.io.ReportManager&amp#27;[m : File Action "DoesFileExist" successfully performed. With the following test data "File Path: "SteeringCompanyAPI_TestData/SteeringCompanyAPI_TestData.xlsx"".
2023-02-07 11:02:56.403 &amp#27;[32m INFO&amp#27;[m &amp#27;[35m[@503 - main]&amp#27;[m &amp#27;[36mcom.shaft.tools.io.ReportManager&amp#27;[m : Successfully created attachment "Test Data - Excel"
2023-02-07 11:02:57.251 &amp#27;[32m INFO&amp#27;[m &amp#27;[35m[@503 - main]&amp#27;[m &amp#27;[36mcom.shaft.tools.io.ReportManager&amp#27;[m : Response status code: "200", status line: "HTTP/1.1 200 OK"
2023-02-07 11:02:57.258 &amp#27;[32m INFO&amp#27;[m &amp#27;[35m[@503 - main]&amp#27;[m &amp#27;[36mcom.shaft.tools.io.ReportManager&amp#27;[m : Successfully created attachment "API Request - Specifications"
2023-02-07 11:02:57.258 &amp#27;[32m INFO&amp#27;[m &amp#27;[35m[@503 - main]&amp#27;[m &amp#27;[36mcom.shaft.tools.io.ReportManager&amp#27;[m : Successfully created attachment "API Request - Body"
2023-02-07 11:02:57.261 &amp#27;[32m INFO&amp#27;[m &amp#27;[35m[@503 - main]&amp#27;[m &amp#27;[36mcom.shaft.tools.io.ReportManager&amp#27;[m : Successfully created attachment "API Response - JSON Body"
2023-02-07 11:02:57.267 &amp#27;[32m INFO&amp#27;[m &amp#27;[35m[@503 - main]&amp#27;[m &amp#27;[36mcom.shaft.tools.io.ReportManager&amp#27;[m : File Action "DoesFileExist" successfully performed. With the following test data "File Path: "SteeringCompanyAPI_TestData/SteeringCompanyAPI_TestData.xlsx"".
2023-02-07 11:02:57.282 &amp#27;[32m INFO&amp#27;[m &amp#27;[35m[@503 - main]&amp#27;[m &amp#27;[36mcom.shaft.tools.io.ReportManager&amp#27;[m : Successfully created attachment "Test Data - Excel"
2023-02-07 11:02:57.282 &amp#27;[32m INFO&amp#27;[m &amp#27;[35m[@503 - main]&amp#27;[m &amp#27;[36mcom.shaft.tools.io.ReportManager&amp#27;[m : File Action "DoesFileExist" successfully performed. With the following test data "File Path: "SteeringCompanyAPI_TestData/SteeringCompanyAPI_TestData.xlsx"".
2023-02-07 11:02:57.297 &amp#27;[32m INFO&amp#27;[m &amp#27;[35m[@503 - main]&amp#27;[m &amp#27;[36mcom.shaft.tools.io.ReportManager&amp#27;[m : Successfully created attachment "Test Data - Excel"
2023-02-07 11:02:57.297 &amp#27;[32m INFO&amp#27;[m &amp#27;[35m[@503 - main]&amp#27;[m &amp#27;[36mcom.shaft.tools.io.ReportManager&amp#27;[m : File Action "DoesFileExist" successfully performed. With the following test data "File Path: "SteeringCompanyAPI_TestData/SteeringCompanyAPI_TestData.xlsx"".
2023-02-07 11:02:57.312 &amp#27;[32m INFO&amp#27;[m &amp#27;[35m[@503 - main]&amp#27;[m &amp#27;[36mcom.shaft.tools.io.ReportManager&amp#27;[m : Successfully created attachment "Test Data - Excel"
2023-02-07 11:02:58.030 &amp#27;[32m INFO&amp#27;[m &amp#27;[35m[@503 - main]&amp#27;[m &amp#27;[36mcom.shaft.tools.io.ReportManager&amp#27;[m : Response status code: "422", status line: "HTTP/1.1 422 "
2023-02-07 11:02:58.040 &amp#27;[32m INFO&amp#27;[m &amp#27;[35m[@503 - main]&amp#27;[m &amp#27;[36mcom.shaft.tools.io.ReportManager&amp#27;[m : Successfully created attachment "API Request - Specifications"
2023-02-07 11:02:58.041 &amp#27;[32m INFO&amp#27;[m &amp#27;[35m[@503 - main]&amp#27;[m &amp#27;[36mcom.shaft.tools.io.ReportManager&amp#27;[m : Successfully created attachment "API Request - JSON Body"
2023-02-07 11:02:58.042 &amp#27;[32m INFO&amp#27;[m &amp#27;[35m[@503 - main]&amp#27;[m &amp#27;[36mcom.shaft.tools.io.ReportManager&amp#27;[m : Successfully created attachment "API Response - JSON Body"
2023-02-07 11:02:58.042 &amp#27;[32m INFO&amp#27;[m &amp#27;[35m[@503 - main]&amp#27;[m &amp#27;[36mcom.shaft.tools.io.ReportManager&amp#27;[m : File Action "DoesFileExist" successfully performed. With the following test data "File Path: "Schemas/ValidationError_schema.json"".
2023-02-07 11:02:58.042 &amp#27;[32m INFO&amp#27;[m &amp#27;[35m[@503 - main]&amp#27;[m &amp#27;[36mcom.shaft.tools.io.ReportManager&amp#27;[m : File Action "DoesFileExist" successfully performed. With the following test data "File Path: "src/test/resources/testDataFiles/Schemas/ValidationError_schema.json"".
2023-02-07 11:02:58.042 &amp#27;[32m INFO&amp#27;[m &amp#27;[35m[@503 - main]&amp#27;[m &amp#27;[36mcom.shaft.tools.io.ReportManager&amp#27;[m : File Action "GetAbsolutePath" successfully performed. With the following test data "Relative Folder Path: "src/test/resources/testDataFiles/Schemas/ValidationError_schema.json"".
2023-02-07 11:02:58.044 &amp#27;[32m INFO&amp#27;[m &amp#27;[35m[@503 - main]&amp#27;[m &amp#27;[36mcom.shaft.tools.io.ReportManager&amp#27;[m : File Action "DoesFileExist" successfully performed. With the following test data "File Path: "C:\eclipse-workspace\MyProjects\TASystemsAPIs\src\test\resources\testDataFiles\Schemas\ValidationError_schema.json"".
2023-02-07 11:02:58.044 &amp#27;[32m INFO&amp#27;[m &amp#27;[35m[@503 - main]&amp#27;[m &amp#27;[36mcom.shaft.tools.io.ReportManager&amp#27;[m : File Action "GetAbsolutePath" successfully performed. With the following test data "Relative Folder Path: "C:\eclipse-workspace\MyProjects\TASystemsAPIs\src\test\resources\testDataFiles\Schemas\ValidationError_schema.json"".
2023-02-07 11:02:58.045 &amp#27;[32m INFO&amp#27;[m &amp#27;[35m[@503 - main]&amp#27;[m &amp#27;[36mcom.shaft.tools.io.ReportManager&amp#27;[m : File Action "ReadFile" successfully performed. With the following test data "File Path: "C:\eclipse-workspace\MyProjects\TASystemsAPIs\src\test\resources\testDataFiles\Schemas\ValidationError_schema.json"".
2023-02-07 11:02:58.045 &amp#27;[32m INFO&amp#27;[m &amp#27;[35m[@503 - main]&amp#27;[m &amp#27;[36mcom.shaft.tools.io.ReportManager&amp#27;[m : Successfully created attachment "Validation Test Data - Expected JSON Value"
2023-02-07 11:02:58.046 &amp#27;[32m INFO&amp#27;[m &amp#27;[35m[@503 - main]&amp#27;[m &amp#27;[36mcom.shaft.tools.io.ReportManager&amp#27;[m : Successfully created attachment "Validation Test Data - Actual JSON Value"
2023-02-07 11:02:58.047 &amp#27;[32m INFO&amp#27;[m &amp#27;[35m[@503 - main]&amp#27;[m &amp#27;[36mcom.shaft.tools.io.ReportManager&amp#27;[m : Successfully created attachment "SHAFT Engine Logs - Current Method log: Update_Policy_With_Missing_Keys_TC"
]]></system-out>
  </testcase>
  <testcase name="Update_Policy_With_Missing_Keys_TC[[Ljava.lang.Object;@50dc313e](5)" classname="SteeringCompanyAPI_TestCases.Test_Policies_Cases" time="1.66">
    <system-out><![CDATA[2023-02-07 11:02:58.048 &amp#27;[32m INFO&amp#27;[m &amp#27;[35m[@534 - main]&amp#27;[m &amp#27;[36mcom.shaft.tools.io.ReportManager&amp#27;[m : 
################################################################################################################################################
Starting Execution:	"346 out of 107" test cases in the current suite
Test Method:		"SteeringCompanyAPI_TestCases.Test_Policies_Cases.Update_Policy_With_Missing_Keys_TC"
Test Description:	"TC051 -Policy- Perform Update Policy with Missing Keys"
################################################################################################################################################
2023-02-07 11:02:58.049 &amp#27;[32m INFO&amp#27;[m &amp#27;[35m[@503 - main]&amp#27;[m &amp#27;[36mcom.shaft.tools.io.ReportManager&amp#27;[m : File Action "DoesFileExist" successfully performed. With the following test data "File Path: "SteeringCompanyAPI_TestData/SteeringCompanyAPI_TestData.xlsx"".
2023-02-07 11:02:58.062 &amp#27;[32m INFO&amp#27;[m &amp#27;[35m[@503 - main]&amp#27;[m &amp#27;[36mcom.shaft.tools.io.ReportManager&amp#27;[m : Successfully created attachment "Test Data - Excel"
2023-02-07 11:02:58.897 &amp#27;[32m INFO&amp#27;[m &amp#27;[35m[@503 - main]&amp#27;[m &amp#27;[36mcom.shaft.tools.io.ReportManager&amp#27;[m : Response status code: "200", status line: "HTTP/1.1 200 OK"
2023-02-07 11:02:58.904 &amp#27;[32m INFO&amp#27;[m &amp#27;[35m[@503 - main]&amp#27;[m &amp#27;[36mcom.shaft.tools.io.ReportManager&amp#27;[m : Successfully created attachment "API Request - Specifications"
2023-02-07 11:02:58.905 &amp#27;[32m INFO&amp#27;[m &amp#27;[35m[@503 - main]&amp#27;[m &amp#27;[36mcom.shaft.tools.io.ReportManager&amp#27;[m : Successfully created attachment "API Request - Body"
2023-02-07 11:02:58.905 &amp#27;[32m INFO&amp#27;[m &amp#27;[35m[@503 - main]&amp#27;[m &amp#27;[36mcom.shaft.tools.io.ReportManager&amp#27;[m : Successfully created attachment "API Response - JSON Body"
2023-02-07 11:02:58.910 &amp#27;[32m INFO&amp#27;[m &amp#27;[35m[@503 - main]&amp#27;[m &amp#27;[36mcom.shaft.tools.io.ReportManager&amp#27;[m : File Action "DoesFileExist" successfully performed. With the following test data "File Path: "SteeringCompanyAPI_TestData/SteeringCompanyAPI_TestData.xlsx"".
2023-02-07 11:02:58.927 &amp#27;[32m INFO&amp#27;[m &amp#27;[35m[@503 - main]&amp#27;[m &amp#27;[36mcom.shaft.tools.io.ReportManager&amp#27;[m : Successfully created attachment "Test Data - Excel"
2023-02-07 11:02:58.928 &amp#27;[32m INFO&amp#27;[m &amp#27;[35m[@503 - main]&amp#27;[m &amp#27;[36mcom.shaft.tools.io.ReportManager&amp#27;[m : File Action "DoesFileExist" successfully performed. With the following test data "File Path: "SteeringCompanyAPI_TestData/SteeringCompanyAPI_TestData.xlsx"".
2023-02-07 11:02:58.940 &amp#27;[32m INFO&amp#27;[m &amp#27;[35m[@503 - main]&amp#27;[m &amp#27;[36mcom.shaft.tools.io.ReportManager&amp#27;[m : Successfully created attachment "Test Data - Excel"
2023-02-07 11:02:58.941 &amp#27;[32m INFO&amp#27;[m &amp#27;[35m[@503 - main]&amp#27;[m &amp#27;[36mcom.shaft.tools.io.ReportManager&amp#27;[m : File Action "DoesFileExist" successfully performed. With the following test data "File Path: "SteeringCompanyAPI_TestData/SteeringCompanyAPI_TestData.xlsx"".
2023-02-07 11:02:58.954 &amp#27;[32m INFO&amp#27;[m &amp#27;[35m[@503 - main]&amp#27;[m &amp#27;[36mcom.shaft.tools.io.ReportManager&amp#27;[m : Successfully created attachment "Test Data - Excel"
2023-02-07 11:02:59.687 &amp#27;[32m INFO&amp#27;[m &amp#27;[35m[@503 - main]&amp#27;[m &amp#27;[36mcom.shaft.tools.io.ReportManager&amp#27;[m : Response status code: "422", status line: "HTTP/1.1 422 "
2023-02-07 11:02:59.698 &amp#27;[32m INFO&amp#27;[m &amp#27;[35m[@503 - main]&amp#27;[m &amp#27;[36mcom.shaft.tools.io.ReportManager&amp#27;[m : Successfully created attachment "API Request - Specifications"
2023-02-07 11:02:59.701 &amp#27;[32m INFO&amp#27;[m &amp#27;[35m[@503 - main]&amp#27;[m &amp#27;[36mcom.shaft.tools.io.ReportManager&amp#27;[m : Successfully created attachment "API Request - JSON Body"
2023-02-07 11:02:59.702 &amp#27;[32m INFO&amp#27;[m &amp#27;[35m[@503 - main]&amp#27;[m &amp#27;[36mcom.shaft.tools.io.ReportManager&amp#27;[m : Successfully created attachment "API Response - JSON Body"
2023-02-07 11:02:59.702 &amp#27;[32m INFO&amp#27;[m &amp#27;[35m[@503 - main]&amp#27;[m &amp#27;[36mcom.shaft.tools.io.ReportManager&amp#27;[m : File Action "DoesFileExist" successfully performed. With the following test data "File Path: "Schemas/ValidationError_schema.json"".
2023-02-07 11:02:59.702 &amp#27;[32m INFO&amp#27;[m &amp#27;[35m[@503 - main]&amp#27;[m &amp#27;[36mcom.shaft.tools.io.ReportManager&amp#27;[m : File Action "DoesFileExist" successfully performed. With the following test data "File Path: "src/test/resources/testDataFiles/Schemas/ValidationError_schema.json"".
2023-02-07 11:02:59.702 &amp#27;[32m INFO&amp#27;[m &amp#27;[35m[@503 - main]&amp#27;[m &amp#27;[36mcom.shaft.tools.io.ReportManager&amp#27;[m : File Action "GetAbsolutePath" successfully performed. With the following test data "Relative Folder Path: "src/test/resources/testDataFiles/Schemas/ValidationError_schema.json"".
2023-02-07 11:02:59.704 &amp#27;[32m INFO&amp#27;[m &amp#27;[35m[@503 - main]&amp#27;[m &amp#27;[36mcom.shaft.tools.io.ReportManager&amp#27;[m : File Action "DoesFileExist" successfully performed. With the following test data "File Path: "C:\eclipse-workspace\MyProjects\TASystemsAPIs\src\test\resources\testDataFiles\Schemas\ValidationError_schema.json"".
2023-02-07 11:02:59.704 &amp#27;[32m INFO&amp#27;[m &amp#27;[35m[@503 - main]&amp#27;[m &amp#27;[36mcom.shaft.tools.io.ReportManager&amp#27;[m : File Action "GetAbsolutePath" successfully performed. With the following test data "Relative Folder Path: "C:\eclipse-workspace\MyProjects\TASystemsAPIs\src\test\resources\testDataFiles\Schemas\ValidationError_schema.json"".
2023-02-07 11:02:59.704 &amp#27;[32m INFO&amp#27;[m &amp#27;[35m[@503 - main]&amp#27;[m &amp#27;[36mcom.shaft.tools.io.ReportManager&amp#27;[m : File Action "ReadFile" successfully performed. With the following test data "File Path: "C:\eclipse-workspace\MyProjects\TASystemsAPIs\src\test\resources\testDataFiles\Schemas\ValidationError_schema.json"".
2023-02-07 11:02:59.705 &amp#27;[32m INFO&amp#27;[m &amp#27;[35m[@503 - main]&amp#27;[m &amp#27;[36mcom.shaft.tools.io.ReportManager&amp#27;[m : Successfully created attachment "Validation Test Data - Expected JSON Value"
2023-02-07 11:02:59.705 &amp#27;[32m INFO&amp#27;[m &amp#27;[35m[@503 - main]&amp#27;[m &amp#27;[36mcom.shaft.tools.io.ReportManager&amp#27;[m : Successfully created attachment "Validation Test Data - Actual JSON Value"
2023-02-07 11:02:59.706 &amp#27;[32m INFO&amp#27;[m &amp#27;[35m[@503 - main]&amp#27;[m &amp#27;[36mcom.shaft.tools.io.ReportManager&amp#27;[m : Successfully created attachment "SHAFT Engine Logs - Current Method log: Update_Policy_With_Missing_Keys_TC"
]]></system-out>
  </testcase>
  <testcase name="Update_Policy_With_Missing_Keys_TC[[Ljava.lang.Object;@68a3493f](6)" classname="SteeringCompanyAPI_TestCases.Test_Policies_Cases" time="1.241">
    <system-out><![CDATA[2023-02-07 11:02:59.708 &amp#27;[32m INFO&amp#27;[m &amp#27;[35m[@534 - main]&amp#27;[m &amp#27;[36mcom.shaft.tools.io.ReportManager&amp#27;[m : 
################################################################################################################################################
Starting Execution:	"347 out of 107" test cases in the current suite
Test Method:		"SteeringCompanyAPI_TestCases.Test_Policies_Cases.Update_Policy_With_Missing_Keys_TC"
Test Description:	"TC051 -Policy- Perform Update Policy with Missing Keys"
################################################################################################################################################
2023-02-07 11:02:59.709 &amp#27;[32m INFO&amp#27;[m &amp#27;[35m[@503 - main]&amp#27;[m &amp#27;[36mcom.shaft.tools.io.ReportManager&amp#27;[m : File Action "DoesFileExist" successfully performed. With the following test data "File Path: "SteeringCompanyAPI_TestData/SteeringCompanyAPI_TestData.xlsx"".
2023-02-07 11:02:59.723 &amp#27;[32m INFO&amp#27;[m &amp#27;[35m[@503 - main]&amp#27;[m &amp#27;[36mcom.shaft.tools.io.ReportManager&amp#27;[m : Successfully created attachment "Test Data - Excel"
2023-02-07 11:03:00.360 &amp#27;[32m INFO&amp#27;[m &amp#27;[35m[@503 - main]&amp#27;[m &amp#27;[36mcom.shaft.tools.io.ReportManager&amp#27;[m : Response status code: "200", status line: "HTTP/1.1 200 OK"
2023-02-07 11:03:00.372 &amp#27;[32m INFO&amp#27;[m &amp#27;[35m[@503 - main]&amp#27;[m &amp#27;[36mcom.shaft.tools.io.ReportManager&amp#27;[m : Successfully created attachment "API Request - Specifications"
2023-02-07 11:03:00.373 &amp#27;[32m INFO&amp#27;[m &amp#27;[35m[@503 - main]&amp#27;[m &amp#27;[36mcom.shaft.tools.io.ReportManager&amp#27;[m : Successfully created attachment "API Request - Body"
2023-02-07 11:03:00.373 &amp#27;[32m INFO&amp#27;[m &amp#27;[35m[@503 - main]&amp#27;[m &amp#27;[36mcom.shaft.tools.io.ReportManager&amp#27;[m : Successfully created attachment "API Response - JSON Body"
2023-02-07 11:03:00.378 &amp#27;[32m INFO&amp#27;[m &amp#27;[35m[@503 - main]&amp#27;[m &amp#27;[36mcom.shaft.tools.io.ReportManager&amp#27;[m : File Action "DoesFileExist" successfully performed. With the following test data "File Path: "SteeringCompanyAPI_TestData/SteeringCompanyAPI_TestData.xlsx"".
2023-02-07 11:03:00.391 &amp#27;[32m INFO&amp#27;[m &amp#27;[35m[@503 - main]&amp#27;[m &amp#27;[36mcom.shaft.tools.io.ReportManager&amp#27;[m : Successfully created attachment "Test Data - Excel"
2023-02-07 11:03:00.392 &amp#27;[32m INFO&amp#27;[m &amp#27;[35m[@503 - main]&amp#27;[m &amp#27;[36mcom.shaft.tools.io.ReportManager&amp#27;[m : File Action "DoesFileExist" successfully performed. With the following test data "File Path: "SteeringCompanyAPI_TestData/SteeringCompanyAPI_TestData.xlsx"".
2023-02-07 11:03:00.405 &amp#27;[32m INFO&amp#27;[m &amp#27;[35m[@503 - main]&amp#27;[m &amp#27;[36mcom.shaft.tools.io.ReportManager&amp#27;[m : Successfully created attachment "Test Data - Excel"
2023-02-07 11:03:00.405 &amp#27;[32m INFO&amp#27;[m &amp#27;[35m[@503 - main]&amp#27;[m &amp#27;[36mcom.shaft.tools.io.ReportManager&amp#27;[m : File Action "DoesFileExist" successfully performed. With the following test data "File Path: "SteeringCompanyAPI_TestData/SteeringCompanyAPI_TestData.xlsx"".
2023-02-07 11:03:00.418 &amp#27;[32m INFO&amp#27;[m &amp#27;[35m[@503 - main]&amp#27;[m &amp#27;[36mcom.shaft.tools.io.ReportManager&amp#27;[m : Successfully created attachment "Test Data - Excel"
2023-02-07 11:03:00.928 &amp#27;[32m INFO&amp#27;[m &amp#27;[35m[@503 - main]&amp#27;[m &amp#27;[36mcom.shaft.tools.io.ReportManager&amp#27;[m : Response status code: "422", status line: "HTTP/1.1 422 "
2023-02-07 11:03:00.939 &amp#27;[32m INFO&amp#27;[m &amp#27;[35m[@503 - main]&amp#27;[m &amp#27;[36mcom.shaft.tools.io.ReportManager&amp#27;[m : Successfully created attachment "API Request - Specifications"
2023-02-07 11:03:00.940 &amp#27;[32m INFO&amp#27;[m &amp#27;[35m[@503 - main]&amp#27;[m &amp#27;[36mcom.shaft.tools.io.ReportManager&amp#27;[m : Successfully created attachment "API Request - JSON Body"
2023-02-07 11:03:00.943 &amp#27;[32m INFO&amp#27;[m &amp#27;[35m[@503 - main]&amp#27;[m &amp#27;[36mcom.shaft.tools.io.ReportManager&amp#27;[m : Successfully created attachment "API Response - JSON Body"
2023-02-07 11:03:00.944 &amp#27;[32m INFO&amp#27;[m &amp#27;[35m[@503 - main]&amp#27;[m &amp#27;[36mcom.shaft.tools.io.ReportManager&amp#27;[m : File Action "DoesFileExist" successfully performed. With the following test data "File Path: "Schemas/ValidationError_schema.json"".
2023-02-07 11:03:00.944 &amp#27;[32m INFO&amp#27;[m &amp#27;[35m[@503 - main]&amp#27;[m &amp#27;[36mcom.shaft.tools.io.ReportManager&amp#27;[m : File Action "DoesFileExist" successfully performed. With the following test data "File Path: "src/test/resources/testDataFiles/Schemas/ValidationError_schema.json"".
2023-02-07 11:03:00.944 &amp#27;[32m INFO&amp#27;[m &amp#27;[35m[@503 - main]&amp#27;[m &amp#27;[36mcom.shaft.tools.io.ReportManager&amp#27;[m : File Action "GetAbsolutePath" successfully performed. With the following test data "Relative Folder Path: "src/test/resources/testDataFiles/Schemas/ValidationError_schema.json"".
2023-02-07 11:03:00.946 &amp#27;[32m INFO&amp#27;[m &amp#27;[35m[@503 - main]&amp#27;[m &amp#27;[36mcom.shaft.tools.io.ReportManager&amp#27;[m : File Action "DoesFileExist" successfully performed. With the following test data "File Path: "C:\eclipse-workspace\MyProjects\TASystemsAPIs\src\test\resources\testDataFiles\Schemas\ValidationError_schema.json"".
2023-02-07 11:03:00.946 &amp#27;[32m INFO&amp#27;[m &amp#27;[35m[@503 - main]&amp#27;[m &amp#27;[36mcom.shaft.tools.io.ReportManager&amp#27;[m : File Action "GetAbsolutePath" successfully performed. With the following test data "Relative Folder Path: "C:\eclipse-workspace\MyProjects\TASystemsAPIs\src\test\resources\testDataFiles\Schemas\ValidationError_schema.json"".
2023-02-07 11:03:00.946 &amp#27;[32m INFO&amp#27;[m &amp#27;[35m[@503 - main]&amp#27;[m &amp#27;[36mcom.shaft.tools.io.ReportManager&amp#27;[m : File Action "ReadFile" successfully performed. With the following test data "File Path: "C:\eclipse-workspace\MyProjects\TASystemsAPIs\src\test\resources\testDataFiles\Schemas\ValidationError_schema.json"".
2023-02-07 11:03:00.946 &amp#27;[32m INFO&amp#27;[m &amp#27;[35m[@503 - main]&amp#27;[m &amp#27;[36mcom.shaft.tools.io.ReportManager&amp#27;[m : Successfully created attachment "Validation Test Data - Expected JSON Value"
2023-02-07 11:03:00.947 &amp#27;[32m INFO&amp#27;[m &amp#27;[35m[@503 - main]&amp#27;[m &amp#27;[36mcom.shaft.tools.io.ReportManager&amp#27;[m : Successfully created attachment "Validation Test Data - Actual JSON Value"
2023-02-07 11:03:00.947 &amp#27;[32m INFO&amp#27;[m &amp#27;[35m[@503 - main]&amp#27;[m &amp#27;[36mcom.shaft.tools.io.ReportManager&amp#27;[m : Successfully created attachment "SHAFT Engine Logs - Current Method log: Update_Policy_With_Missing_Keys_TC"
]]></system-out>
  </testcase>
  <testcase name="Update_Policy_With_Missing_Keys_TC[[Ljava.lang.Object;@539d6e71](7)" classname="SteeringCompanyAPI_TestCases.Test_Policies_Cases" time="2.268">
    <system-out><![CDATA[2023-02-07 11:03:00.950 &amp#27;[32m INFO&amp#27;[m &amp#27;[35m[@534 - main]&amp#27;[m &amp#27;[36mcom.shaft.tools.io.ReportManager&amp#27;[m : 
################################################################################################################################################
Starting Execution:	"348 out of 107" test cases in the current suite
Test Method:		"SteeringCompanyAPI_TestCases.Test_Policies_Cases.Update_Policy_With_Missing_Keys_TC"
Test Description:	"TC051 -Policy- Perform Update Policy with Missing Keys"
################################################################################################################################################
2023-02-07 11:03:00.950 &amp#27;[32m INFO&amp#27;[m &amp#27;[35m[@503 - main]&amp#27;[m &amp#27;[36mcom.shaft.tools.io.ReportManager&amp#27;[m : File Action "DoesFileExist" successfully performed. With the following test data "File Path: "SteeringCompanyAPI_TestData/SteeringCompanyAPI_TestData.xlsx"".
2023-02-07 11:03:00.963 &amp#27;[32m INFO&amp#27;[m &amp#27;[35m[@503 - main]&amp#27;[m &amp#27;[36mcom.shaft.tools.io.ReportManager&amp#27;[m : Successfully created attachment "Test Data - Excel"
2023-02-07 11:03:01.623 &amp#27;[32m INFO&amp#27;[m &amp#27;[35m[@503 - main]&amp#27;[m &amp#27;[36mcom.shaft.tools.io.ReportManager&amp#27;[m : Response status code: "200", status line: "HTTP/1.1 200 OK"
2023-02-07 11:03:01.629 &amp#27;[32m INFO&amp#27;[m &amp#27;[35m[@503 - main]&amp#27;[m &amp#27;[36mcom.shaft.tools.io.ReportManager&amp#27;[m : Successfully created attachment "API Request - Specifications"
2023-02-07 11:03:01.632 &amp#27;[32m INFO&amp#27;[m &amp#27;[35m[@503 - main]&amp#27;[m &amp#27;[36mcom.shaft.tools.io.ReportManager&amp#27;[m : Successfully created attachment "API Request - Body"
2023-02-07 11:03:01.633 &amp#27;[32m INFO&amp#27;[m &amp#27;[35m[@503 - main]&amp#27;[m &amp#27;[36mcom.shaft.tools.io.ReportManager&amp#27;[m : Successfully created attachment "API Response - JSON Body"
2023-02-07 11:03:01.638 &amp#27;[32m INFO&amp#27;[m &amp#27;[35m[@503 - main]&amp#27;[m &amp#27;[36mcom.shaft.tools.io.ReportManager&amp#27;[m : File Action "DoesFileExist" successfully performed. With the following test data "File Path: "SteeringCompanyAPI_TestData/SteeringCompanyAPI_TestData.xlsx"".
2023-02-07 11:03:01.659 &amp#27;[32m INFO&amp#27;[m &amp#27;[35m[@503 - main]&amp#27;[m &amp#27;[36mcom.shaft.tools.io.ReportManager&amp#27;[m : Successfully created attachment "Test Data - Excel"
2023-02-07 11:03:01.659 &amp#27;[32m INFO&amp#27;[m &amp#27;[35m[@503 - main]&amp#27;[m &amp#27;[36mcom.shaft.tools.io.ReportManager&amp#27;[m : File Action "DoesFileExist" successfully performed. With the following test data "File Path: "SteeringCompanyAPI_TestData/SteeringCompanyAPI_TestData.xlsx"".
2023-02-07 11:03:01.672 &amp#27;[32m INFO&amp#27;[m &amp#27;[35m[@503 - main]&amp#27;[m &amp#27;[36mcom.shaft.tools.io.ReportManager&amp#27;[m : Successfully created attachment "Test Data - Excel"
2023-02-07 11:03:01.672 &amp#27;[32m INFO&amp#27;[m &amp#27;[35m[@503 - main]&amp#27;[m &amp#27;[36mcom.shaft.tools.io.ReportManager&amp#27;[m : File Action "DoesFileExist" successfully performed. With the following test data "File Path: "SteeringCompanyAPI_TestData/SteeringCompanyAPI_TestData.xlsx"".
2023-02-07 11:03:01.686 &amp#27;[32m INFO&amp#27;[m &amp#27;[35m[@503 - main]&amp#27;[m &amp#27;[36mcom.shaft.tools.io.ReportManager&amp#27;[m : Successfully created attachment "Test Data - Excel"
2023-02-07 11:03:03.201 &amp#27;[32m INFO&amp#27;[m &amp#27;[35m[@503 - main]&amp#27;[m &amp#27;[36mcom.shaft.tools.io.ReportManager&amp#27;[m : Response status code: "422", status line: "HTTP/1.1 422 "
2023-02-07 11:03:03.209 &amp#27;[32m INFO&amp#27;[m &amp#27;[35m[@503 - main]&amp#27;[m &amp#27;[36mcom.shaft.tools.io.ReportManager&amp#27;[m : Successfully created attachment "API Request - Specifications"
2023-02-07 11:03:03.210 &amp#27;[32m INFO&amp#27;[m &amp#27;[35m[@503 - main]&amp#27;[m &amp#27;[36mcom.shaft.tools.io.ReportManager&amp#27;[m : Successfully created attachment "API Request - JSON Body"
2023-02-07 11:03:03.210 &amp#27;[32m INFO&amp#27;[m &amp#27;[35m[@503 - main]&amp#27;[m &amp#27;[36mcom.shaft.tools.io.ReportManager&amp#27;[m : Successfully created attachment "API Response - JSON Body"
2023-02-07 11:03:03.211 &amp#27;[32m INFO&amp#27;[m &amp#27;[35m[@503 - main]&amp#27;[m &amp#27;[36mcom.shaft.tools.io.ReportManager&amp#27;[m : File Action "DoesFileExist" successfully performed. With the following test data "File Path: "Schemas/ValidationError_schema.json"".
2023-02-07 11:03:03.211 &amp#27;[32m INFO&amp#27;[m &amp#27;[35m[@503 - main]&amp#27;[m &amp#27;[36mcom.shaft.tools.io.ReportManager&amp#27;[m : File Action "DoesFileExist" successfully performed. With the following test data "File Path: "src/test/resources/testDataFiles/Schemas/ValidationError_schema.json"".
2023-02-07 11:03:03.211 &amp#27;[32m INFO&amp#27;[m &amp#27;[35m[@503 - main]&amp#27;[m &amp#27;[36mcom.shaft.tools.io.ReportManager&amp#27;[m : File Action "GetAbsolutePath" successfully performed. With the following test data "Relative Folder Path: "src/test/resources/testDataFiles/Schemas/ValidationError_schema.json"".
2023-02-07 11:03:03.212 &amp#27;[32m INFO&amp#27;[m &amp#27;[35m[@503 - main]&amp#27;[m &amp#27;[36mcom.shaft.tools.io.ReportManager&amp#27;[m : File Action "DoesFileExist" successfully performed. With the following test data "File Path: "C:\eclipse-workspace\MyProjects\TASystemsAPIs\src\test\resources\testDataFiles\Schemas\ValidationError_schema.json"".
2023-02-07 11:03:03.212 &amp#27;[32m INFO&amp#27;[m &amp#27;[35m[@503 - main]&amp#27;[m &amp#27;[36mcom.shaft.tools.io.ReportManager&amp#27;[m : File Action "GetAbsolutePath" successfully performed. With the following test data "Relative Folder Path: "C:\eclipse-workspace\MyProjects\TASystemsAPIs\src\test\resources\testDataFiles\Schemas\ValidationError_schema.json"".
2023-02-07 11:03:03.212 &amp#27;[32m INFO&amp#27;[m &amp#27;[35m[@503 - main]&amp#27;[m &amp#27;[36mcom.shaft.tools.io.ReportManager&amp#27;[m : File Action "ReadFile" successfully performed. With the following test data "File Path: "C:\eclipse-workspace\MyProjects\TASystemsAPIs\src\test\resources\testDataFiles\Schemas\ValidationError_schema.json"".
2023-02-07 11:03:03.213 &amp#27;[32m INFO&amp#27;[m &amp#27;[35m[@503 - main]&amp#27;[m &amp#27;[36mcom.shaft.tools.io.ReportManager&amp#27;[m : Successfully created attachment "Validation Test Data - Expected JSON Value"
2023-02-07 11:03:03.215 &amp#27;[32m INFO&amp#27;[m &amp#27;[35m[@503 - main]&amp#27;[m &amp#27;[36mcom.shaft.tools.io.ReportManager&amp#27;[m : Successfully created attachment "Validation Test Data - Actual JSON Value"
2023-02-07 11:03:03.216 &amp#27;[32m INFO&amp#27;[m &amp#27;[35m[@503 - main]&amp#27;[m &amp#27;[36mcom.shaft.tools.io.ReportManager&amp#27;[m : Successfully created attachment "SHAFT Engine Logs - Current Method log: Update_Policy_With_Missing_Keys_TC"
]]></system-out>
  </testcase>
  <testcase name="Update_Policy_With_Missing_Keys_TC[[Ljava.lang.Object;@2d4c7cda](8)" classname="SteeringCompanyAPI_TestCases.Test_Policies_Cases" time="1.225">
    <system-out><![CDATA[2023-02-07 11:03:03.217 &amp#27;[32m INFO&amp#27;[m &amp#27;[35m[@534 - main]&amp#27;[m &amp#27;[36mcom.shaft.tools.io.ReportManager&amp#27;[m : 
################################################################################################################################################
Starting Execution:	"349 out of 107" test cases in the current suite
Test Method:		"SteeringCompanyAPI_TestCases.Test_Policies_Cases.Update_Policy_With_Missing_Keys_TC"
Test Description:	"TC051 -Policy- Perform Update Policy with Missing Keys"
################################################################################################################################################
2023-02-07 11:03:03.217 &amp#27;[32m INFO&amp#27;[m &amp#27;[35m[@503 - main]&amp#27;[m &amp#27;[36mcom.shaft.tools.io.ReportManager&amp#27;[m : File Action "DoesFileExist" successfully performed. With the following test data "File Path: "SteeringCompanyAPI_TestData/SteeringCompanyAPI_TestData.xlsx"".
2023-02-07 11:03:03.230 &amp#27;[32m INFO&amp#27;[m &amp#27;[35m[@503 - main]&amp#27;[m &amp#27;[36mcom.shaft.tools.io.ReportManager&amp#27;[m : Successfully created attachment "Test Data - Excel"
2023-02-07 11:03:03.882 &amp#27;[32m INFO&amp#27;[m &amp#27;[35m[@503 - main]&amp#27;[m &amp#27;[36mcom.shaft.tools.io.ReportManager&amp#27;[m : Response status code: "200", status line: "HTTP/1.1 200 OK"
2023-02-07 11:03:03.890 &amp#27;[32m INFO&amp#27;[m &amp#27;[35m[@503 - main]&amp#27;[m &amp#27;[36mcom.shaft.tools.io.ReportManager&amp#27;[m : Successfully created attachment "API Request - Specifications"
2023-02-07 11:03:03.891 &amp#27;[32m INFO&amp#27;[m &amp#27;[35m[@503 - main]&amp#27;[m &amp#27;[36mcom.shaft.tools.io.ReportManager&amp#27;[m : Successfully created attachment "API Request - Body"
2023-02-07 11:03:03.891 &amp#27;[32m INFO&amp#27;[m &amp#27;[35m[@503 - main]&amp#27;[m &amp#27;[36mcom.shaft.tools.io.ReportManager&amp#27;[m : Successfully created attachment "API Response - JSON Body"
2023-02-07 11:03:03.896 &amp#27;[32m INFO&amp#27;[m &amp#27;[35m[@503 - main]&amp#27;[m &amp#27;[36mcom.shaft.tools.io.ReportManager&amp#27;[m : File Action "DoesFileExist" successfully performed. With the following test data "File Path: "SteeringCompanyAPI_TestData/SteeringCompanyAPI_TestData.xlsx"".
2023-02-07 11:03:03.911 &amp#27;[32m INFO&amp#27;[m &amp#27;[35m[@503 - main]&amp#27;[m &amp#27;[36mcom.shaft.tools.io.ReportManager&amp#27;[m : Successfully created attachment "Test Data - Excel"
2023-02-07 11:03:03.911 &amp#27;[32m INFO&amp#27;[m &amp#27;[35m[@503 - main]&amp#27;[m &amp#27;[36mcom.shaft.tools.io.ReportManager&amp#27;[m : File Action "DoesFileExist" successfully performed. With the following test data "File Path: "SteeringCompanyAPI_TestData/SteeringCompanyAPI_TestData.xlsx"".
2023-02-07 11:03:03.924 &amp#27;[32m INFO&amp#27;[m &amp#27;[35m[@503 - main]&amp#27;[m &amp#27;[36mcom.shaft.tools.io.ReportManager&amp#27;[m : Successfully created attachment "Test Data - Excel"
2023-02-07 11:03:03.924 &amp#27;[32m INFO&amp#27;[m &amp#27;[35m[@503 - main]&amp#27;[m &amp#27;[36mcom.shaft.tools.io.ReportManager&amp#27;[m : File Action "DoesFileExist" successfully performed. With the following test data "File Path: "SteeringCompanyAPI_TestData/SteeringCompanyAPI_TestData.xlsx"".
2023-02-07 11:03:03.937 &amp#27;[32m INFO&amp#27;[m &amp#27;[35m[@503 - main]&amp#27;[m &amp#27;[36mcom.shaft.tools.io.ReportManager&amp#27;[m : Successfully created attachment "Test Data - Excel"
2023-02-07 11:03:04.422 &amp#27;[32m INFO&amp#27;[m &amp#27;[35m[@503 - main]&amp#27;[m &amp#27;[36mcom.shaft.tools.io.ReportManager&amp#27;[m : Response status code: "422", status line: "HTTP/1.1 422 "
2023-02-07 11:03:04.433 &amp#27;[32m INFO&amp#27;[m &amp#27;[35m[@503 - main]&amp#27;[m &amp#27;[36mcom.shaft.tools.io.ReportManager&amp#27;[m : Successfully created attachment "API Request - Specifications"
2023-02-07 11:03:04.436 &amp#27;[32m INFO&amp#27;[m &amp#27;[35m[@503 - main]&amp#27;[m &amp#27;[36mcom.shaft.tools.io.ReportManager&amp#27;[m : Successfully created attachment "API Request - JSON Body"
2023-02-07 11:03:04.436 &amp#27;[32m INFO&amp#27;[m &amp#27;[35m[@503 - main]&amp#27;[m &amp#27;[36mcom.shaft.tools.io.ReportManager&amp#27;[m : Successfully created attachment "API Response - JSON Body"
2023-02-07 11:03:04.437 &amp#27;[32m INFO&amp#27;[m &amp#27;[35m[@503 - main]&amp#27;[m &amp#27;[36mcom.shaft.tools.io.ReportManager&amp#27;[m : File Action "DoesFileExist" successfully performed. With the following test data "File Path: "Schemas/ValidationError_schema.json"".
2023-02-07 11:03:04.437 &amp#27;[32m INFO&amp#27;[m &amp#27;[35m[@503 - main]&amp#27;[m &amp#27;[36mcom.shaft.tools.io.ReportManager&amp#27;[m : File Action "DoesFileExist" successfully performed. With the following test data "File Path: "src/test/resources/testDataFiles/Schemas/ValidationError_schema.json"".
2023-02-07 11:03:04.437 &amp#27;[32m INFO&amp#27;[m &amp#27;[35m[@503 - main]&amp#27;[m &amp#27;[36mcom.shaft.tools.io.ReportManager&amp#27;[m : File Action "GetAbsolutePath" successfully performed. With the following test data "Relative Folder Path: "src/test/resources/testDataFiles/Schemas/ValidationError_schema.json"".
2023-02-07 11:03:04.438 &amp#27;[32m INFO&amp#27;[m &amp#27;[35m[@503 - main]&amp#27;[m &amp#27;[36mcom.shaft.tools.io.ReportManager&amp#27;[m : File Action "DoesFileExist" successfully performed. With the following test data "File Path: "C:\eclipse-workspace\MyProjects\TASystemsAPIs\src\test\resources\testDataFiles\Schemas\ValidationError_schema.json"".
2023-02-07 11:03:04.438 &amp#27;[32m INFO&amp#27;[m &amp#27;[35m[@503 - main]&amp#27;[m &amp#27;[36mcom.shaft.tools.io.ReportManager&amp#27;[m : File Action "GetAbsolutePath" successfully performed. With the following test data "Relative Folder Path: "C:\eclipse-workspace\MyProjects\TASystemsAPIs\src\test\resources\testDataFiles\Schemas\ValidationError_schema.json"".
2023-02-07 11:03:04.438 &amp#27;[32m INFO&amp#27;[m &amp#27;[35m[@503 - main]&amp#27;[m &amp#27;[36mcom.shaft.tools.io.ReportManager&amp#27;[m : File Action "ReadFile" successfully performed. With the following test data "File Path: "C:\eclipse-workspace\MyProjects\TASystemsAPIs\src\test\resources\testDataFiles\Schemas\ValidationError_schema.json"".
2023-02-07 11:03:04.439 &amp#27;[32m INFO&amp#27;[m &amp#27;[35m[@503 - main]&amp#27;[m &amp#27;[36mcom.shaft.tools.io.ReportManager&amp#27;[m : Successfully created attachment "Validation Test Data - Expected JSON Value"
2023-02-07 11:03:04.440 &amp#27;[32m INFO&amp#27;[m &amp#27;[35m[@503 - main]&amp#27;[m &amp#27;[36mcom.shaft.tools.io.ReportManager&amp#27;[m : Successfully created attachment "Validation Test Data - Actual JSON Value"
2023-02-07 11:03:04.440 &amp#27;[32m INFO&amp#27;[m &amp#27;[35m[@503 - main]&amp#27;[m &amp#27;[36mcom.shaft.tools.io.ReportManager&amp#27;[m : Successfully created attachment "SHAFT Engine Logs - Current Method log: Update_Policy_With_Missing_Keys_TC"
]]></system-out>
  </testcase>
  <testcase name="Update_Policy_With_Missing_Keys_TC[[Ljava.lang.Object;@4dee9271](9)" classname="SteeringCompanyAPI_TestCases.Test_Policies_Cases" time="1.252">
    <system-out><![CDATA[2023-02-07 11:03:04.442 &amp#27;[32m INFO&amp#27;[m &amp#27;[35m[@534 - main]&amp#27;[m &amp#27;[36mcom.shaft.tools.io.ReportManager&amp#27;[m : 
################################################################################################################################################
Starting Execution:	"350 out of 107" test cases in the current suite
Test Method:		"SteeringCompanyAPI_TestCases.Test_Policies_Cases.Update_Policy_With_Missing_Keys_TC"
Test Description:	"TC051 -Policy- Perform Update Policy with Missing Keys"
################################################################################################################################################
2023-02-07 11:03:04.442 &amp#27;[32m INFO&amp#27;[m &amp#27;[35m[@503 - main]&amp#27;[m &amp#27;[36mcom.shaft.tools.io.ReportManager&amp#27;[m : File Action "DoesFileExist" successfully performed. With the following test data "File Path: "SteeringCompanyAPI_TestData/SteeringCompanyAPI_TestData.xlsx"".
2023-02-07 11:03:04.455 &amp#27;[32m INFO&amp#27;[m &amp#27;[35m[@503 - main]&amp#27;[m &amp#27;[36mcom.shaft.tools.io.ReportManager&amp#27;[m : Successfully created attachment "Test Data - Excel"
2023-02-07 11:03:05.110 &amp#27;[32m INFO&amp#27;[m &amp#27;[35m[@503 - main]&amp#27;[m &amp#27;[36mcom.shaft.tools.io.ReportManager&amp#27;[m : Response status code: "200", status line: "HTTP/1.1 200 OK"
2023-02-07 11:03:05.121 &amp#27;[32m INFO&amp#27;[m &amp#27;[35m[@503 - main]&amp#27;[m &amp#27;[36mcom.shaft.tools.io.ReportManager&amp#27;[m : Successfully created attachment "API Request - Specifications"
2023-02-07 11:03:05.122 &amp#27;[32m INFO&amp#27;[m &amp#27;[35m[@503 - main]&amp#27;[m &amp#27;[36mcom.shaft.tools.io.ReportManager&amp#27;[m : Successfully created attachment "API Request - Body"
2023-02-07 11:03:05.122 &amp#27;[32m INFO&amp#27;[m &amp#27;[35m[@503 - main]&amp#27;[m &amp#27;[36mcom.shaft.tools.io.ReportManager&amp#27;[m : Successfully created attachment "API Response - JSON Body"
2023-02-07 11:03:05.127 &amp#27;[32m INFO&amp#27;[m &amp#27;[35m[@503 - main]&amp#27;[m &amp#27;[36mcom.shaft.tools.io.ReportManager&amp#27;[m : File Action "DoesFileExist" successfully performed. With the following test data "File Path: "SteeringCompanyAPI_TestData/SteeringCompanyAPI_TestData.xlsx"".
2023-02-07 11:03:05.141 &amp#27;[32m INFO&amp#27;[m &amp#27;[35m[@503 - main]&amp#27;[m &amp#27;[36mcom.shaft.tools.io.ReportManager&amp#27;[m : Successfully created attachment "Test Data - Excel"
2023-02-07 11:03:05.141 &amp#27;[32m INFO&amp#27;[m &amp#27;[35m[@503 - main]&amp#27;[m &amp#27;[36mcom.shaft.tools.io.ReportManager&amp#27;[m : File Action "DoesFileExist" successfully performed. With the following test data "File Path: "SteeringCompanyAPI_TestData/SteeringCompanyAPI_TestData.xlsx"".
2023-02-07 11:03:05.159 &amp#27;[32m INFO&amp#27;[m &amp#27;[35m[@503 - main]&amp#27;[m &amp#27;[36mcom.shaft.tools.io.ReportManager&amp#27;[m : Successfully created attachment "Test Data - Excel"
2023-02-07 11:03:05.159 &amp#27;[32m INFO&amp#27;[m &amp#27;[35m[@503 - main]&amp#27;[m &amp#27;[36mcom.shaft.tools.io.ReportManager&amp#27;[m : File Action "DoesFileExist" successfully performed. With the following test data "File Path: "SteeringCompanyAPI_TestData/SteeringCompanyAPI_TestData.xlsx"".
2023-02-07 11:03:05.173 &amp#27;[32m INFO&amp#27;[m &amp#27;[35m[@503 - main]&amp#27;[m &amp#27;[36mcom.shaft.tools.io.ReportManager&amp#27;[m : Successfully created attachment "Test Data - Excel"
2023-02-07 11:03:05.677 &amp#27;[32m INFO&amp#27;[m &amp#27;[35m[@503 - main]&amp#27;[m &amp#27;[36mcom.shaft.tools.io.ReportManager&amp#27;[m : Response status code: "422", status line: "HTTP/1.1 422 "
2023-02-07 11:03:05.686 &amp#27;[32m INFO&amp#27;[m &amp#27;[35m[@503 - main]&amp#27;[m &amp#27;[36mcom.shaft.tools.io.ReportManager&amp#27;[m : Successfully created attachment "API Request - Specifications"
2023-02-07 11:03:05.686 &amp#27;[32m INFO&amp#27;[m &amp#27;[35m[@503 - main]&amp#27;[m &amp#27;[36mcom.shaft.tools.io.ReportManager&amp#27;[m : Successfully created attachment "API Request - JSON Body"
2023-02-07 11:03:05.686 &amp#27;[32m INFO&amp#27;[m &amp#27;[35m[@503 - main]&amp#27;[m &amp#27;[36mcom.shaft.tools.io.ReportManager&amp#27;[m : Successfully created attachment "API Response - JSON Body"
2023-02-07 11:03:05.687 &amp#27;[32m INFO&amp#27;[m &amp#27;[35m[@503 - main]&amp#27;[m &amp#27;[36mcom.shaft.tools.io.ReportManager&amp#27;[m : File Action "DoesFileExist" successfully performed. With the following test data "File Path: "Schemas/ValidationError_schema.json"".
2023-02-07 11:03:05.687 &amp#27;[32m INFO&amp#27;[m &amp#27;[35m[@503 - main]&amp#27;[m &amp#27;[36mcom.shaft.tools.io.ReportManager&amp#27;[m : File Action "DoesFileExist" successfully performed. With the following test data "File Path: "src/test/resources/testDataFiles/Schemas/ValidationError_schema.json"".
2023-02-07 11:03:05.687 &amp#27;[32m INFO&amp#27;[m &amp#27;[35m[@503 - main]&amp#27;[m &amp#27;[36mcom.shaft.tools.io.ReportManager&amp#27;[m : File Action "GetAbsolutePath" successfully performed. With the following test data "Relative Folder Path: "src/test/resources/testDataFiles/Schemas/ValidationError_schema.json"".
2023-02-07 11:03:05.688 &amp#27;[32m INFO&amp#27;[m &amp#27;[35m[@503 - main]&amp#27;[m &amp#27;[36mcom.shaft.tools.io.ReportManager&amp#27;[m : File Action "DoesFileExist" successfully performed. With the following test data "File Path: "C:\eclipse-workspace\MyProjects\TASystemsAPIs\src\test\resources\testDataFiles\Schemas\ValidationError_schema.json"".
2023-02-07 11:03:05.688 &amp#27;[32m INFO&amp#27;[m &amp#27;[35m[@503 - main]&amp#27;[m &amp#27;[36mcom.shaft.tools.io.ReportManager&amp#27;[m : File Action "GetAbsolutePath" successfully performed. With the following test data "Relative Folder Path: "C:\eclipse-workspace\MyProjects\TASystemsAPIs\src\test\resources\testDataFiles\Schemas\ValidationError_schema.json"".
2023-02-07 11:03:05.688 &amp#27;[32m INFO&amp#27;[m &amp#27;[35m[@503 - main]&amp#27;[m &amp#27;[36mcom.shaft.tools.io.ReportManager&amp#27;[m : File Action "ReadFile" successfully performed. With the following test data "File Path: "C:\eclipse-workspace\MyProjects\TASystemsAPIs\src\test\resources\testDataFiles\Schemas\ValidationError_schema.json"".
2023-02-07 11:03:05.689 &amp#27;[32m INFO&amp#27;[m &amp#27;[35m[@503 - main]&amp#27;[m &amp#27;[36mcom.shaft.tools.io.ReportManager&amp#27;[m : Successfully created attachment "Validation Test Data - Expected JSON Value"
2023-02-07 11:03:05.692 &amp#27;[32m INFO&amp#27;[m &amp#27;[35m[@503 - main]&amp#27;[m &amp#27;[36mcom.shaft.tools.io.ReportManager&amp#27;[m : Successfully created attachment "Validation Test Data - Actual JSON Value"
2023-02-07 11:03:05.692 &amp#27;[32m INFO&amp#27;[m &amp#27;[35m[@503 - main]&amp#27;[m &amp#27;[36mcom.shaft.tools.io.ReportManager&amp#27;[m : Successfully created attachment "SHAFT Engine Logs - Current Method log: Update_Policy_With_Missing_Keys_TC"
]]></system-out>
  </testcase>
  <testcase name="Update_Policy_With_Missing_Keys_TC[[Ljava.lang.Object;@1e78acde](10)" classname="SteeringCompanyAPI_TestCases.Test_Policies_Cases" time="1.234">
    <system-out><![CDATA[2023-02-07 11:03:05.695 &amp#27;[32m INFO&amp#27;[m &amp#27;[35m[@534 - main]&amp#27;[m &amp#27;[36mcom.shaft.tools.io.ReportManager&amp#27;[m : 
################################################################################################################################################
Starting Execution:	"351 out of 107" test cases in the current suite
Test Method:		"SteeringCompanyAPI_TestCases.Test_Policies_Cases.Update_Policy_With_Missing_Keys_TC"
Test Description:	"TC051 -Policy- Perform Update Policy with Missing Keys"
################################################################################################################################################
2023-02-07 11:03:05.695 &amp#27;[32m INFO&amp#27;[m &amp#27;[35m[@503 - main]&amp#27;[m &amp#27;[36mcom.shaft.tools.io.ReportManager&amp#27;[m : File Action "DoesFileExist" successfully performed. With the following test data "File Path: "SteeringCompanyAPI_TestData/SteeringCompanyAPI_TestData.xlsx"".
2023-02-07 11:03:05.708 &amp#27;[32m INFO&amp#27;[m &amp#27;[35m[@503 - main]&amp#27;[m &amp#27;[36mcom.shaft.tools.io.ReportManager&amp#27;[m : Successfully created attachment "Test Data - Excel"
2023-02-07 11:03:06.346 &amp#27;[32m INFO&amp#27;[m &amp#27;[35m[@503 - main]&amp#27;[m &amp#27;[36mcom.shaft.tools.io.ReportManager&amp#27;[m : Response status code: "200", status line: "HTTP/1.1 200 OK"
2023-02-07 11:03:06.354 &amp#27;[32m INFO&amp#27;[m &amp#27;[35m[@503 - main]&amp#27;[m &amp#27;[36mcom.shaft.tools.io.ReportManager&amp#27;[m : Successfully created attachment "API Request - Specifications"
2023-02-07 11:03:06.355 &amp#27;[32m INFO&amp#27;[m &amp#27;[35m[@503 - main]&amp#27;[m &amp#27;[36mcom.shaft.tools.io.ReportManager&amp#27;[m : Successfully created attachment "API Request - Body"
2023-02-07 11:03:06.355 &amp#27;[32m INFO&amp#27;[m &amp#27;[35m[@503 - main]&amp#27;[m &amp#27;[36mcom.shaft.tools.io.ReportManager&amp#27;[m : Successfully created attachment "API Response - JSON Body"
2023-02-07 11:03:06.360 &amp#27;[32m INFO&amp#27;[m &amp#27;[35m[@503 - main]&amp#27;[m &amp#27;[36mcom.shaft.tools.io.ReportManager&amp#27;[m : File Action "DoesFileExist" successfully performed. With the following test data "File Path: "SteeringCompanyAPI_TestData/SteeringCompanyAPI_TestData.xlsx"".
2023-02-07 11:03:06.375 &amp#27;[32m INFO&amp#27;[m &amp#27;[35m[@503 - main]&amp#27;[m &amp#27;[36mcom.shaft.tools.io.ReportManager&amp#27;[m : Successfully created attachment "Test Data - Excel"
2023-02-07 11:03:06.375 &amp#27;[32m INFO&amp#27;[m &amp#27;[35m[@503 - main]&amp#27;[m &amp#27;[36mcom.shaft.tools.io.ReportManager&amp#27;[m : File Action "DoesFileExist" successfully performed. With the following test data "File Path: "SteeringCompanyAPI_TestData/SteeringCompanyAPI_TestData.xlsx"".
2023-02-07 11:03:06.395 &amp#27;[32m INFO&amp#27;[m &amp#27;[35m[@503 - main]&amp#27;[m &amp#27;[36mcom.shaft.tools.io.ReportManager&amp#27;[m : Successfully created attachment "Test Data - Excel"
2023-02-07 11:03:06.396 &amp#27;[32m INFO&amp#27;[m &amp#27;[35m[@503 - main]&amp#27;[m &amp#27;[36mcom.shaft.tools.io.ReportManager&amp#27;[m : File Action "DoesFileExist" successfully performed. With the following test data "File Path: "SteeringCompanyAPI_TestData/SteeringCompanyAPI_TestData.xlsx"".
2023-02-07 11:03:06.409 &amp#27;[32m INFO&amp#27;[m &amp#27;[35m[@503 - main]&amp#27;[m &amp#27;[36mcom.shaft.tools.io.ReportManager&amp#27;[m : Successfully created attachment "Test Data - Excel"
2023-02-07 11:03:06.910 &amp#27;[32m INFO&amp#27;[m &amp#27;[35m[@503 - main]&amp#27;[m &amp#27;[36mcom.shaft.tools.io.ReportManager&amp#27;[m : Response status code: "422", status line: "HTTP/1.1 422 "
2023-02-07 11:03:06.919 &amp#27;[32m INFO&amp#27;[m &amp#27;[35m[@503 - main]&amp#27;[m &amp#27;[36mcom.shaft.tools.io.ReportManager&amp#27;[m : Successfully created attachment "API Request - Specifications"
2023-02-07 11:03:06.920 &amp#27;[32m INFO&amp#27;[m &amp#27;[35m[@503 - main]&amp#27;[m &amp#27;[36mcom.shaft.tools.io.ReportManager&amp#27;[m : Successfully created attachment "API Request - JSON Body"
2023-02-07 11:03:06.922 &amp#27;[32m INFO&amp#27;[m &amp#27;[35m[@503 - main]&amp#27;[m &amp#27;[36mcom.shaft.tools.io.ReportManager&amp#27;[m : Successfully created attachment "API Response - JSON Body"
2023-02-07 11:03:06.923 &amp#27;[32m INFO&amp#27;[m &amp#27;[35m[@503 - main]&amp#27;[m &amp#27;[36mcom.shaft.tools.io.ReportManager&amp#27;[m : File Action "DoesFileExist" successfully performed. With the following test data "File Path: "Schemas/ValidationError_schema.json"".
2023-02-07 11:03:06.923 &amp#27;[32m INFO&amp#27;[m &amp#27;[35m[@503 - main]&amp#27;[m &amp#27;[36mcom.shaft.tools.io.ReportManager&amp#27;[m : File Action "DoesFileExist" successfully performed. With the following test data "File Path: "src/test/resources/testDataFiles/Schemas/ValidationError_schema.json"".
2023-02-07 11:03:06.923 &amp#27;[32m INFO&amp#27;[m &amp#27;[35m[@503 - main]&amp#27;[m &amp#27;[36mcom.shaft.tools.io.ReportManager&amp#27;[m : File Action "GetAbsolutePath" successfully performed. With the following test data "Relative Folder Path: "src/test/resources/testDataFiles/Schemas/ValidationError_schema.json"".
2023-02-07 11:03:06.924 &amp#27;[32m INFO&amp#27;[m &amp#27;[35m[@503 - main]&amp#27;[m &amp#27;[36mcom.shaft.tools.io.ReportManager&amp#27;[m : File Action "DoesFileExist" successfully performed. With the following test data "File Path: "C:\eclipse-workspace\MyProjects\TASystemsAPIs\src\test\resources\testDataFiles\Schemas\ValidationError_schema.json"".
2023-02-07 11:03:06.924 &amp#27;[32m INFO&amp#27;[m &amp#27;[35m[@503 - main]&amp#27;[m &amp#27;[36mcom.shaft.tools.io.ReportManager&amp#27;[m : File Action "GetAbsolutePath" successfully performed. With the following test data "Relative Folder Path: "C:\eclipse-workspace\MyProjects\TASystemsAPIs\src\test\resources\testDataFiles\Schemas\ValidationError_schema.json"".
2023-02-07 11:03:06.925 &amp#27;[32m INFO&amp#27;[m &amp#27;[35m[@503 - main]&amp#27;[m &amp#27;[36mcom.shaft.tools.io.ReportManager&amp#27;[m : File Action "ReadFile" successfully performed. With the following test data "File Path: "C:\eclipse-workspace\MyProjects\TASystemsAPIs\src\test\resources\testDataFiles\Schemas\ValidationError_schema.json"".
2023-02-07 11:03:06.926 &amp#27;[32m INFO&amp#27;[m &amp#27;[35m[@503 - main]&amp#27;[m &amp#27;[36mcom.shaft.tools.io.ReportManager&amp#27;[m : Successfully created attachment "Validation Test Data - Expected JSON Value"
2023-02-07 11:03:06.927 &amp#27;[32m INFO&amp#27;[m &amp#27;[35m[@503 - main]&amp#27;[m &amp#27;[36mcom.shaft.tools.io.ReportManager&amp#27;[m : Successfully created attachment "Validation Test Data - Actual JSON Value"
2023-02-07 11:03:06.927 &amp#27;[32m INFO&amp#27;[m &amp#27;[35m[@503 - main]&amp#27;[m &amp#27;[36mcom.shaft.tools.io.ReportManager&amp#27;[m : Successfully created attachment "SHAFT Engine Logs - Current Method log: Update_Policy_With_Missing_Keys_TC"
]]></system-out>
  </testcase>
  <testcase name="Update_Policy_With_Missing_Keys_TC[[Ljava.lang.Object;@7a89ac05](11)" classname="SteeringCompanyAPI_TestCases.Test_Policies_Cases" time="2.599">
    <system-out><![CDATA[2023-02-07 11:03:06.929 &amp#27;[32m INFO&amp#27;[m &amp#27;[35m[@534 - main]&amp#27;[m &amp#27;[36mcom.shaft.tools.io.ReportManager&amp#27;[m : 
################################################################################################################################################
Starting Execution:	"352 out of 107" test cases in the current suite
Test Method:		"SteeringCompanyAPI_TestCases.Test_Policies_Cases.Update_Policy_With_Missing_Keys_TC"
Test Description:	"TC051 -Policy- Perform Update Policy with Missing Keys"
################################################################################################################################################
2023-02-07 11:03:06.929 &amp#27;[32m INFO&amp#27;[m &amp#27;[35m[@503 - main]&amp#27;[m &amp#27;[36mcom.shaft.tools.io.ReportManager&amp#27;[m : File Action "DoesFileExist" successfully performed. With the following test data "File Path: "SteeringCompanyAPI_TestData/SteeringCompanyAPI_TestData.xlsx"".
2023-02-07 11:03:06.942 &amp#27;[32m INFO&amp#27;[m &amp#27;[35m[@503 - main]&amp#27;[m &amp#27;[36mcom.shaft.tools.io.ReportManager&amp#27;[m : Successfully created attachment "Test Data - Excel"
2023-02-07 11:03:07.586 &amp#27;[32m INFO&amp#27;[m &amp#27;[35m[@503 - main]&amp#27;[m &amp#27;[36mcom.shaft.tools.io.ReportManager&amp#27;[m : Response status code: "200", status line: "HTTP/1.1 200 OK"
2023-02-07 11:03:07.595 &amp#27;[32m INFO&amp#27;[m &amp#27;[35m[@503 - main]&amp#27;[m &amp#27;[36mcom.shaft.tools.io.ReportManager&amp#27;[m : Successfully created attachment "API Request - Specifications"
2023-02-07 11:03:07.595 &amp#27;[32m INFO&amp#27;[m &amp#27;[35m[@503 - main]&amp#27;[m &amp#27;[36mcom.shaft.tools.io.ReportManager&amp#27;[m : Successfully created attachment "API Request - Body"
2023-02-07 11:03:07.596 &amp#27;[32m INFO&amp#27;[m &amp#27;[35m[@503 - main]&amp#27;[m &amp#27;[36mcom.shaft.tools.io.ReportManager&amp#27;[m : Successfully created attachment "API Response - JSON Body"
2023-02-07 11:03:07.601 &amp#27;[32m INFO&amp#27;[m &amp#27;[35m[@503 - main]&amp#27;[m &amp#27;[36mcom.shaft.tools.io.ReportManager&amp#27;[m : File Action "DoesFileExist" successfully performed. With the following test data "File Path: "SteeringCompanyAPI_TestData/SteeringCompanyAPI_TestData.xlsx"".
2023-02-07 11:03:07.615 &amp#27;[32m INFO&amp#27;[m &amp#27;[35m[@503 - main]&amp#27;[m &amp#27;[36mcom.shaft.tools.io.ReportManager&amp#27;[m : Successfully created attachment "Test Data - Excel"
2023-02-07 11:03:07.615 &amp#27;[32m INFO&amp#27;[m &amp#27;[35m[@503 - main]&amp#27;[m &amp#27;[36mcom.shaft.tools.io.ReportManager&amp#27;[m : File Action "DoesFileExist" successfully performed. With the following test data "File Path: "SteeringCompanyAPI_TestData/SteeringCompanyAPI_TestData.xlsx"".
2023-02-07 11:03:07.629 &amp#27;[32m INFO&amp#27;[m &amp#27;[35m[@503 - main]&amp#27;[m &amp#27;[36mcom.shaft.tools.io.ReportManager&amp#27;[m : Successfully created attachment "Test Data - Excel"
2023-02-07 11:03:07.629 &amp#27;[32m INFO&amp#27;[m &amp#27;[35m[@503 - main]&amp#27;[m &amp#27;[36mcom.shaft.tools.io.ReportManager&amp#27;[m : File Action "DoesFileExist" successfully performed. With the following test data "File Path: "SteeringCompanyAPI_TestData/SteeringCompanyAPI_TestData.xlsx"".
2023-02-07 11:03:07.642 &amp#27;[32m INFO&amp#27;[m &amp#27;[35m[@503 - main]&amp#27;[m &amp#27;[36mcom.shaft.tools.io.ReportManager&amp#27;[m : Successfully created attachment "Test Data - Excel"
2023-02-07 11:03:09.509 &amp#27;[32m INFO&amp#27;[m &amp#27;[35m[@503 - main]&amp#27;[m &amp#27;[36mcom.shaft.tools.io.ReportManager&amp#27;[m : Response status code: "422", status line: "HTTP/1.1 422 "
2023-02-07 11:03:09.518 &amp#27;[32m INFO&amp#27;[m &amp#27;[35m[@503 - main]&amp#27;[m &amp#27;[36mcom.shaft.tools.io.ReportManager&amp#27;[m : Successfully created attachment "API Request - Specifications"
2023-02-07 11:03:09.521 &amp#27;[32m INFO&amp#27;[m &amp#27;[35m[@503 - main]&amp#27;[m &amp#27;[36mcom.shaft.tools.io.ReportManager&amp#27;[m : Successfully created attachment "API Request - JSON Body"
2023-02-07 11:03:09.522 &amp#27;[32m INFO&amp#27;[m &amp#27;[35m[@503 - main]&amp#27;[m &amp#27;[36mcom.shaft.tools.io.ReportManager&amp#27;[m : Successfully created attachment "API Response - JSON Body"
2023-02-07 11:03:09.522 &amp#27;[32m INFO&amp#27;[m &amp#27;[35m[@503 - main]&amp#27;[m &amp#27;[36mcom.shaft.tools.io.ReportManager&amp#27;[m : File Action "DoesFileExist" successfully performed. With the following test data "File Path: "Schemas/ValidationError_schema.json"".
2023-02-07 11:03:09.522 &amp#27;[32m INFO&amp#27;[m &amp#27;[35m[@503 - main]&amp#27;[m &amp#27;[36mcom.shaft.tools.io.ReportManager&amp#27;[m : File Action "DoesFileExist" successfully performed. With the following test data "File Path: "src/test/resources/testDataFiles/Schemas/ValidationError_schema.json"".
2023-02-07 11:03:09.522 &amp#27;[32m INFO&amp#27;[m &amp#27;[35m[@503 - main]&amp#27;[m &amp#27;[36mcom.shaft.tools.io.ReportManager&amp#27;[m : File Action "GetAbsolutePath" successfully performed. With the following test data "Relative Folder Path: "src/test/resources/testDataFiles/Schemas/ValidationError_schema.json"".
2023-02-07 11:03:09.524 &amp#27;[32m INFO&amp#27;[m &amp#27;[35m[@503 - main]&amp#27;[m &amp#27;[36mcom.shaft.tools.io.ReportManager&amp#27;[m : File Action "DoesFileExist" successfully performed. With the following test data "File Path: "C:\eclipse-workspace\MyProjects\TASystemsAPIs\src\test\resources\testDataFiles\Schemas\ValidationError_schema.json"".
2023-02-07 11:03:09.524 &amp#27;[32m INFO&amp#27;[m &amp#27;[35m[@503 - main]&amp#27;[m &amp#27;[36mcom.shaft.tools.io.ReportManager&amp#27;[m : File Action "GetAbsolutePath" successfully performed. With the following test data "Relative Folder Path: "C:\eclipse-workspace\MyProjects\TASystemsAPIs\src\test\resources\testDataFiles\Schemas\ValidationError_schema.json"".
2023-02-07 11:03:09.524 &amp#27;[32m INFO&amp#27;[m &amp#27;[35m[@503 - main]&amp#27;[m &amp#27;[36mcom.shaft.tools.io.ReportManager&amp#27;[m : File Action "ReadFile" successfully performed. With the following test data "File Path: "C:\eclipse-workspace\MyProjects\TASystemsAPIs\src\test\resources\testDataFiles\Schemas\ValidationError_schema.json"".
2023-02-07 11:03:09.525 &amp#27;[32m INFO&amp#27;[m &amp#27;[35m[@503 - main]&amp#27;[m &amp#27;[36mcom.shaft.tools.io.ReportManager&amp#27;[m : Successfully created attachment "Validation Test Data - Expected JSON Value"
2023-02-07 11:03:09.525 &amp#27;[32m INFO&amp#27;[m &amp#27;[35m[@503 - main]&amp#27;[m &amp#27;[36mcom.shaft.tools.io.ReportManager&amp#27;[m : Successfully created attachment "Validation Test Data - Actual JSON Value"
2023-02-07 11:03:09.526 &amp#27;[32m INFO&amp#27;[m &amp#27;[35m[@503 - main]&amp#27;[m &amp#27;[36mcom.shaft.tools.io.ReportManager&amp#27;[m : Successfully created attachment "SHAFT Engine Logs - Current Method log: Update_Policy_With_Missing_Keys_TC"
]]></system-out>
  </testcase>
  <testcase name="Update_Policy_With_Missing_Keys_TC[[Ljava.lang.Object;@6c436dc3](12)" classname="SteeringCompanyAPI_TestCases.Test_Policies_Cases" time="1.916">
    <system-out><![CDATA[2023-02-07 11:03:09.529 &amp#27;[32m INFO&amp#27;[m &amp#27;[35m[@534 - main]&amp#27;[m &amp#27;[36mcom.shaft.tools.io.ReportManager&amp#27;[m : 
################################################################################################################################################
Starting Execution:	"353 out of 107" test cases in the current suite
Test Method:		"SteeringCompanyAPI_TestCases.Test_Policies_Cases.Update_Policy_With_Missing_Keys_TC"
Test Description:	"TC051 -Policy- Perform Update Policy with Missing Keys"
################################################################################################################################################
2023-02-07 11:03:09.529 &amp#27;[32m INFO&amp#27;[m &amp#27;[35m[@503 - main]&amp#27;[m &amp#27;[36mcom.shaft.tools.io.ReportManager&amp#27;[m : File Action "DoesFileExist" successfully performed. With the following test data "File Path: "SteeringCompanyAPI_TestData/SteeringCompanyAPI_TestData.xlsx"".
2023-02-07 11:03:09.542 &amp#27;[32m INFO&amp#27;[m &amp#27;[35m[@503 - main]&amp#27;[m &amp#27;[36mcom.shaft.tools.io.ReportManager&amp#27;[m : Successfully created attachment "Test Data - Excel"
2023-02-07 11:03:10.148 &amp#27;[32m INFO&amp#27;[m &amp#27;[35m[@503 - main]&amp#27;[m &amp#27;[36mcom.shaft.tools.io.ReportManager&amp#27;[m : Response status code: "200", status line: "HTTP/1.1 200 OK"
2023-02-07 11:03:10.157 &amp#27;[32m INFO&amp#27;[m &amp#27;[35m[@503 - main]&amp#27;[m &amp#27;[36mcom.shaft.tools.io.ReportManager&amp#27;[m : Successfully created attachment "API Request - Specifications"
2023-02-07 11:03:10.157 &amp#27;[32m INFO&amp#27;[m &amp#27;[35m[@503 - main]&amp#27;[m &amp#27;[36mcom.shaft.tools.io.ReportManager&amp#27;[m : Successfully created attachment "API Request - Body"
2023-02-07 11:03:10.157 &amp#27;[32m INFO&amp#27;[m &amp#27;[35m[@503 - main]&amp#27;[m &amp#27;[36mcom.shaft.tools.io.ReportManager&amp#27;[m : Successfully created attachment "API Response - JSON Body"
2023-02-07 11:03:10.163 &amp#27;[32m INFO&amp#27;[m &amp#27;[35m[@503 - main]&amp#27;[m &amp#27;[36mcom.shaft.tools.io.ReportManager&amp#27;[m : File Action "DoesFileExist" successfully performed. With the following test data "File Path: "SteeringCompanyAPI_TestData/SteeringCompanyAPI_TestData.xlsx"".
2023-02-07 11:03:10.176 &amp#27;[32m INFO&amp#27;[m &amp#27;[35m[@503 - main]&amp#27;[m &amp#27;[36mcom.shaft.tools.io.ReportManager&amp#27;[m : Successfully created attachment "Test Data - Excel"
2023-02-07 11:03:10.176 &amp#27;[32m INFO&amp#27;[m &amp#27;[35m[@503 - main]&amp#27;[m &amp#27;[36mcom.shaft.tools.io.ReportManager&amp#27;[m : File Action "DoesFileExist" successfully performed. With the following test data "File Path: "SteeringCompanyAPI_TestData/SteeringCompanyAPI_TestData.xlsx"".
2023-02-07 11:03:10.189 &amp#27;[32m INFO&amp#27;[m &amp#27;[35m[@503 - main]&amp#27;[m &amp#27;[36mcom.shaft.tools.io.ReportManager&amp#27;[m : Successfully created attachment "Test Data - Excel"
2023-02-07 11:03:10.189 &amp#27;[32m INFO&amp#27;[m &amp#27;[35m[@503 - main]&amp#27;[m &amp#27;[36mcom.shaft.tools.io.ReportManager&amp#27;[m : File Action "DoesFileExist" successfully performed. With the following test data "File Path: "SteeringCompanyAPI_TestData/SteeringCompanyAPI_TestData.xlsx"".
2023-02-07 11:03:10.203 &amp#27;[32m INFO&amp#27;[m &amp#27;[35m[@503 - main]&amp#27;[m &amp#27;[36mcom.shaft.tools.io.ReportManager&amp#27;[m : Successfully created attachment "Test Data - Excel"
2023-02-07 11:03:10.808 &amp#27;[32m INFO&amp#27;[m &amp#27;[35m[@503 - main]&amp#27;[m &amp#27;[36mcom.shaft.tools.io.ReportManager&amp#27;[m : Response status code: "422", status line: "HTTP/1.1 422 "
2023-02-07 11:03:11.436 &amp#27;[32m INFO&amp#27;[m &amp#27;[35m[@503 - main]&amp#27;[m &amp#27;[36mcom.shaft.tools.io.ReportManager&amp#27;[m : Successfully created attachment "API Request - Specifications"
2023-02-07 11:03:11.436 &amp#27;[32m INFO&amp#27;[m &amp#27;[35m[@503 - main]&amp#27;[m &amp#27;[36mcom.shaft.tools.io.ReportManager&amp#27;[m : Successfully created attachment "API Request - JSON Body"
2023-02-07 11:03:11.438 &amp#27;[32m INFO&amp#27;[m &amp#27;[35m[@503 - main]&amp#27;[m &amp#27;[36mcom.shaft.tools.io.ReportManager&amp#27;[m : Successfully created attachment "API Response - JSON Body"
2023-02-07 11:03:11.439 &amp#27;[32m INFO&amp#27;[m &amp#27;[35m[@503 - main]&amp#27;[m &amp#27;[36mcom.shaft.tools.io.ReportManager&amp#27;[m : File Action "DoesFileExist" successfully performed. With the following test data "File Path: "Schemas/ValidationError_schema.json"".
2023-02-07 11:03:11.439 &amp#27;[32m INFO&amp#27;[m &amp#27;[35m[@503 - main]&amp#27;[m &amp#27;[36mcom.shaft.tools.io.ReportManager&amp#27;[m : File Action "DoesFileExist" successfully performed. With the following test data "File Path: "src/test/resources/testDataFiles/Schemas/ValidationError_schema.json"".
2023-02-07 11:03:11.439 &amp#27;[32m INFO&amp#27;[m &amp#27;[35m[@503 - main]&amp#27;[m &amp#27;[36mcom.shaft.tools.io.ReportManager&amp#27;[m : File Action "GetAbsolutePath" successfully performed. With the following test data "Relative Folder Path: "src/test/resources/testDataFiles/Schemas/ValidationError_schema.json"".
2023-02-07 11:03:11.440 &amp#27;[32m INFO&amp#27;[m &amp#27;[35m[@503 - main]&amp#27;[m &amp#27;[36mcom.shaft.tools.io.ReportManager&amp#27;[m : File Action "DoesFileExist" successfully performed. With the following test data "File Path: "C:\eclipse-workspace\MyProjects\TASystemsAPIs\src\test\resources\testDataFiles\Schemas\ValidationError_schema.json"".
2023-02-07 11:03:11.440 &amp#27;[32m INFO&amp#27;[m &amp#27;[35m[@503 - main]&amp#27;[m &amp#27;[36mcom.shaft.tools.io.ReportManager&amp#27;[m : File Action "GetAbsolutePath" successfully performed. With the following test data "Relative Folder Path: "C:\eclipse-workspace\MyProjects\TASystemsAPIs\src\test\resources\testDataFiles\Schemas\ValidationError_schema.json"".
2023-02-07 11:03:11.440 &amp#27;[32m INFO&amp#27;[m &amp#27;[35m[@503 - main]&amp#27;[m &amp#27;[36mcom.shaft.tools.io.ReportManager&amp#27;[m : File Action "ReadFile" successfully performed. With the following test data "File Path: "C:\eclipse-workspace\MyProjects\TASystemsAPIs\src\test\resources\testDataFiles\Schemas\ValidationError_schema.json"".
2023-02-07 11:03:11.441 &amp#27;[32m INFO&amp#27;[m &amp#27;[35m[@503 - main]&amp#27;[m &amp#27;[36mcom.shaft.tools.io.ReportManager&amp#27;[m : Successfully created attachment "Validation Test Data - Expected JSON Value"
2023-02-07 11:03:11.442 &amp#27;[32m INFO&amp#27;[m &amp#27;[35m[@503 - main]&amp#27;[m &amp#27;[36mcom.shaft.tools.io.ReportManager&amp#27;[m : Successfully created attachment "Validation Test Data - Actual JSON Value"
2023-02-07 11:03:11.442 &amp#27;[32m INFO&amp#27;[m &amp#27;[35m[@503 - main]&amp#27;[m &amp#27;[36mcom.shaft.tools.io.ReportManager&amp#27;[m : Successfully created attachment "SHAFT Engine Logs - Current Method log: Update_Policy_With_Missing_Keys_TC"
]]></system-out>
  </testcase>
  <testcase name="Update_Policy_With_Missing_Keys_TC[[Ljava.lang.Object;@157815cc](13)" classname="SteeringCompanyAPI_TestCases.Test_Policies_Cases" time="2.731">
    <system-out><![CDATA[2023-02-07 11:03:11.444 &amp#27;[32m INFO&amp#27;[m &amp#27;[35m[@534 - main]&amp#27;[m &amp#27;[36mcom.shaft.tools.io.ReportManager&amp#27;[m : 
################################################################################################################################################
Starting Execution:	"354 out of 107" test cases in the current suite
Test Method:		"SteeringCompanyAPI_TestCases.Test_Policies_Cases.Update_Policy_With_Missing_Keys_TC"
Test Description:	"TC051 -Policy- Perform Update Policy with Missing Keys"
################################################################################################################################################
2023-02-07 11:03:11.444 &amp#27;[32m INFO&amp#27;[m &amp#27;[35m[@503 - main]&amp#27;[m &amp#27;[36mcom.shaft.tools.io.ReportManager&amp#27;[m : File Action "DoesFileExist" successfully performed. With the following test data "File Path: "SteeringCompanyAPI_TestData/SteeringCompanyAPI_TestData.xlsx"".
2023-02-07 11:03:11.459 &amp#27;[32m INFO&amp#27;[m &amp#27;[35m[@503 - main]&amp#27;[m &amp#27;[36mcom.shaft.tools.io.ReportManager&amp#27;[m : Successfully created attachment "Test Data - Excel"
2023-02-07 11:03:12.255 &amp#27;[32m INFO&amp#27;[m &amp#27;[35m[@503 - main]&amp#27;[m &amp#27;[36mcom.shaft.tools.io.ReportManager&amp#27;[m : Response status code: "200", status line: "HTTP/1.1 200 OK"
2023-02-07 11:03:12.262 &amp#27;[32m INFO&amp#27;[m &amp#27;[35m[@503 - main]&amp#27;[m &amp#27;[36mcom.shaft.tools.io.ReportManager&amp#27;[m : Successfully created attachment "API Request - Specifications"
2023-02-07 11:03:12.266 &amp#27;[32m INFO&amp#27;[m &amp#27;[35m[@503 - main]&amp#27;[m &amp#27;[36mcom.shaft.tools.io.ReportManager&amp#27;[m : Successfully created attachment "API Request - Body"
2023-02-07 11:03:12.267 &amp#27;[32m INFO&amp#27;[m &amp#27;[35m[@503 - main]&amp#27;[m &amp#27;[36mcom.shaft.tools.io.ReportManager&amp#27;[m : Successfully created attachment "API Response - JSON Body"
2023-02-07 11:03:12.272 &amp#27;[32m INFO&amp#27;[m &amp#27;[35m[@503 - main]&amp#27;[m &amp#27;[36mcom.shaft.tools.io.ReportManager&amp#27;[m : File Action "DoesFileExist" successfully performed. With the following test data "File Path: "SteeringCompanyAPI_TestData/SteeringCompanyAPI_TestData.xlsx"".
2023-02-07 11:03:12.284 &amp#27;[32m INFO&amp#27;[m &amp#27;[35m[@503 - main]&amp#27;[m &amp#27;[36mcom.shaft.tools.io.ReportManager&amp#27;[m : Successfully created attachment "Test Data - Excel"
2023-02-07 11:03:12.284 &amp#27;[32m INFO&amp#27;[m &amp#27;[35m[@503 - main]&amp#27;[m &amp#27;[36mcom.shaft.tools.io.ReportManager&amp#27;[m : File Action "DoesFileExist" successfully performed. With the following test data "File Path: "SteeringCompanyAPI_TestData/SteeringCompanyAPI_TestData.xlsx"".
2023-02-07 11:03:12.298 &amp#27;[32m INFO&amp#27;[m &amp#27;[35m[@503 - main]&amp#27;[m &amp#27;[36mcom.shaft.tools.io.ReportManager&amp#27;[m : Successfully created attachment "Test Data - Excel"
2023-02-07 11:03:12.299 &amp#27;[32m INFO&amp#27;[m &amp#27;[35m[@503 - main]&amp#27;[m &amp#27;[36mcom.shaft.tools.io.ReportManager&amp#27;[m : File Action "DoesFileExist" successfully performed. With the following test data "File Path: "SteeringCompanyAPI_TestData/SteeringCompanyAPI_TestData.xlsx"".
2023-02-07 11:03:12.320 &amp#27;[32m INFO&amp#27;[m &amp#27;[35m[@503 - main]&amp#27;[m &amp#27;[36mcom.shaft.tools.io.ReportManager&amp#27;[m : Successfully created attachment "Test Data - Excel"
2023-02-07 11:03:14.159 &amp#27;[32m INFO&amp#27;[m &amp#27;[35m[@503 - main]&amp#27;[m &amp#27;[36mcom.shaft.tools.io.ReportManager&amp#27;[m : Response status code: "422", status line: "HTTP/1.1 422 "
2023-02-07 11:03:14.169 &amp#27;[32m INFO&amp#27;[m &amp#27;[35m[@503 - main]&amp#27;[m &amp#27;[36mcom.shaft.tools.io.ReportManager&amp#27;[m : Successfully created attachment "API Request - Specifications"
2023-02-07 11:03:14.169 &amp#27;[32m INFO&amp#27;[m &amp#27;[35m[@503 - main]&amp#27;[m &amp#27;[36mcom.shaft.tools.io.ReportManager&amp#27;[m : Successfully created attachment "API Request - JSON Body"
2023-02-07 11:03:14.170 &amp#27;[32m INFO&amp#27;[m &amp#27;[35m[@503 - main]&amp#27;[m &amp#27;[36mcom.shaft.tools.io.ReportManager&amp#27;[m : Successfully created attachment "API Response - JSON Body"
2023-02-07 11:03:14.170 &amp#27;[32m INFO&amp#27;[m &amp#27;[35m[@503 - main]&amp#27;[m &amp#27;[36mcom.shaft.tools.io.ReportManager&amp#27;[m : File Action "DoesFileExist" successfully performed. With the following test data "File Path: "Schemas/ValidationError_schema.json"".
2023-02-07 11:03:14.170 &amp#27;[32m INFO&amp#27;[m &amp#27;[35m[@503 - main]&amp#27;[m &amp#27;[36mcom.shaft.tools.io.ReportManager&amp#27;[m : File Action "DoesFileExist" successfully performed. With the following test data "File Path: "src/test/resources/testDataFiles/Schemas/ValidationError_schema.json"".
2023-02-07 11:03:14.170 &amp#27;[32m INFO&amp#27;[m &amp#27;[35m[@503 - main]&amp#27;[m &amp#27;[36mcom.shaft.tools.io.ReportManager&amp#27;[m : File Action "GetAbsolutePath" successfully performed. With the following test data "Relative Folder Path: "src/test/resources/testDataFiles/Schemas/ValidationError_schema.json"".
2023-02-07 11:03:14.172 &amp#27;[32m INFO&amp#27;[m &amp#27;[35m[@503 - main]&amp#27;[m &amp#27;[36mcom.shaft.tools.io.ReportManager&amp#27;[m : File Action "DoesFileExist" successfully performed. With the following test data "File Path: "C:\eclipse-workspace\MyProjects\TASystemsAPIs\src\test\resources\testDataFiles\Schemas\ValidationError_schema.json"".
2023-02-07 11:03:14.172 &amp#27;[32m INFO&amp#27;[m &amp#27;[35m[@503 - main]&amp#27;[m &amp#27;[36mcom.shaft.tools.io.ReportManager&amp#27;[m : File Action "GetAbsolutePath" successfully performed. With the following test data "Relative Folder Path: "C:\eclipse-workspace\MyProjects\TASystemsAPIs\src\test\resources\testDataFiles\Schemas\ValidationError_schema.json"".
2023-02-07 11:03:14.172 &amp#27;[32m INFO&amp#27;[m &amp#27;[35m[@503 - main]&amp#27;[m &amp#27;[36mcom.shaft.tools.io.ReportManager&amp#27;[m : File Action "ReadFile" successfully performed. With the following test data "File Path: "C:\eclipse-workspace\MyProjects\TASystemsAPIs\src\test\resources\testDataFiles\Schemas\ValidationError_schema.json"".
2023-02-07 11:03:14.172 &amp#27;[32m INFO&amp#27;[m &amp#27;[35m[@503 - main]&amp#27;[m &amp#27;[36mcom.shaft.tools.io.ReportManager&amp#27;[m : Successfully created attachment "Validation Test Data - Expected JSON Value"
2023-02-07 11:03:14.174 &amp#27;[32m INFO&amp#27;[m &amp#27;[35m[@503 - main]&amp#27;[m &amp#27;[36mcom.shaft.tools.io.ReportManager&amp#27;[m : Successfully created attachment "Validation Test Data - Actual JSON Value"
2023-02-07 11:03:14.174 &amp#27;[32m INFO&amp#27;[m &amp#27;[35m[@503 - main]&amp#27;[m &amp#27;[36mcom.shaft.tools.io.ReportManager&amp#27;[m : Successfully created attachment "SHAFT Engine Logs - Current Method log: Update_Policy_With_Missing_Keys_TC"
]]></system-out>
  </testcase>
  <testcase name="Update_Policy_With_Missing_Keys_TC[[Ljava.lang.Object;@376be33b](14)" classname="SteeringCompanyAPI_TestCases.Test_Policies_Cases" time="1.848">
    <system-out><![CDATA[2023-02-07 11:03:14.176 &amp#27;[32m INFO&amp#27;[m &amp#27;[35m[@534 - main]&amp#27;[m &amp#27;[36mcom.shaft.tools.io.ReportManager&amp#27;[m : 
################################################################################################################################################
Starting Execution:	"355 out of 107" test cases in the current suite
Test Method:		"SteeringCompanyAPI_TestCases.Test_Policies_Cases.Update_Policy_With_Missing_Keys_TC"
Test Description:	"TC051 -Policy- Perform Update Policy with Missing Keys"
################################################################################################################################################
2023-02-07 11:03:14.176 &amp#27;[32m INFO&amp#27;[m &amp#27;[35m[@503 - main]&amp#27;[m &amp#27;[36mcom.shaft.tools.io.ReportManager&amp#27;[m : File Action "DoesFileExist" successfully performed. With the following test data "File Path: "SteeringCompanyAPI_TestData/SteeringCompanyAPI_TestData.xlsx"".
2023-02-07 11:03:14.189 &amp#27;[32m INFO&amp#27;[m &amp#27;[35m[@503 - main]&amp#27;[m &amp#27;[36mcom.shaft.tools.io.ReportManager&amp#27;[m : Successfully created attachment "Test Data - Excel"
2023-02-07 11:03:15.439 &amp#27;[32m INFO&amp#27;[m &amp#27;[35m[@503 - main]&amp#27;[m &amp#27;[36mcom.shaft.tools.io.ReportManager&amp#27;[m : Response status code: "200", status line: "HTTP/1.1 200 OK"
2023-02-07 11:03:15.447 &amp#27;[32m INFO&amp#27;[m &amp#27;[35m[@503 - main]&amp#27;[m &amp#27;[36mcom.shaft.tools.io.ReportManager&amp#27;[m : Successfully created attachment "API Request - Specifications"
2023-02-07 11:03:15.450 &amp#27;[32m INFO&amp#27;[m &amp#27;[35m[@503 - main]&amp#27;[m &amp#27;[36mcom.shaft.tools.io.ReportManager&amp#27;[m : Successfully created attachment "API Request - Body"
2023-02-07 11:03:15.451 &amp#27;[32m INFO&amp#27;[m &amp#27;[35m[@503 - main]&amp#27;[m &amp#27;[36mcom.shaft.tools.io.ReportManager&amp#27;[m : Successfully created attachment "API Response - JSON Body"
2023-02-07 11:03:15.456 &amp#27;[32m INFO&amp#27;[m &amp#27;[35m[@503 - main]&amp#27;[m &amp#27;[36mcom.shaft.tools.io.ReportManager&amp#27;[m : File Action "DoesFileExist" successfully performed. With the following test data "File Path: "SteeringCompanyAPI_TestData/SteeringCompanyAPI_TestData.xlsx"".
2023-02-07 11:03:15.470 &amp#27;[32m INFO&amp#27;[m &amp#27;[35m[@503 - main]&amp#27;[m &amp#27;[36mcom.shaft.tools.io.ReportManager&amp#27;[m : Successfully created attachment "Test Data - Excel"
2023-02-07 11:03:15.470 &amp#27;[32m INFO&amp#27;[m &amp#27;[35m[@503 - main]&amp#27;[m &amp#27;[36mcom.shaft.tools.io.ReportManager&amp#27;[m : File Action "DoesFileExist" successfully performed. With the following test data "File Path: "SteeringCompanyAPI_TestData/SteeringCompanyAPI_TestData.xlsx"".
2023-02-07 11:03:15.483 &amp#27;[32m INFO&amp#27;[m &amp#27;[35m[@503 - main]&amp#27;[m &amp#27;[36mcom.shaft.tools.io.ReportManager&amp#27;[m : Successfully created attachment "Test Data - Excel"
2023-02-07 11:03:15.483 &amp#27;[32m INFO&amp#27;[m &amp#27;[35m[@503 - main]&amp#27;[m &amp#27;[36mcom.shaft.tools.io.ReportManager&amp#27;[m : File Action "DoesFileExist" successfully performed. With the following test data "File Path: "SteeringCompanyAPI_TestData/SteeringCompanyAPI_TestData.xlsx"".
2023-02-07 11:03:15.497 &amp#27;[32m INFO&amp#27;[m &amp#27;[35m[@503 - main]&amp#27;[m &amp#27;[36mcom.shaft.tools.io.ReportManager&amp#27;[m : Successfully created attachment "Test Data - Excel"
2023-02-07 11:03:16.007 &amp#27;[32m INFO&amp#27;[m &amp#27;[35m[@503 - main]&amp#27;[m &amp#27;[36mcom.shaft.tools.io.ReportManager&amp#27;[m : Response status code: "422", status line: "HTTP/1.1 422 "
2023-02-07 11:03:16.016 &amp#27;[32m INFO&amp#27;[m &amp#27;[35m[@503 - main]&amp#27;[m &amp#27;[36mcom.shaft.tools.io.ReportManager&amp#27;[m : Successfully created attachment "API Request - Specifications"
2023-02-07 11:03:16.016 &amp#27;[32m INFO&amp#27;[m &amp#27;[35m[@503 - main]&amp#27;[m &amp#27;[36mcom.shaft.tools.io.ReportManager&amp#27;[m : Successfully created attachment "API Request - JSON Body"
2023-02-07 11:03:16.017 &amp#27;[32m INFO&amp#27;[m &amp#27;[35m[@503 - main]&amp#27;[m &amp#27;[36mcom.shaft.tools.io.ReportManager&amp#27;[m : Successfully created attachment "API Response - JSON Body"
2023-02-07 11:03:16.017 &amp#27;[32m INFO&amp#27;[m &amp#27;[35m[@503 - main]&amp#27;[m &amp#27;[36mcom.shaft.tools.io.ReportManager&amp#27;[m : File Action "DoesFileExist" successfully performed. With the following test data "File Path: "Schemas/ValidationError_schema.json"".
2023-02-07 11:03:16.017 &amp#27;[32m INFO&amp#27;[m &amp#27;[35m[@503 - main]&amp#27;[m &amp#27;[36mcom.shaft.tools.io.ReportManager&amp#27;[m : File Action "DoesFileExist" successfully performed. With the following test data "File Path: "src/test/resources/testDataFiles/Schemas/ValidationError_schema.json"".
2023-02-07 11:03:16.017 &amp#27;[32m INFO&amp#27;[m &amp#27;[35m[@503 - main]&amp#27;[m &amp#27;[36mcom.shaft.tools.io.ReportManager&amp#27;[m : File Action "GetAbsolutePath" successfully performed. With the following test data "Relative Folder Path: "src/test/resources/testDataFiles/Schemas/ValidationError_schema.json"".
2023-02-07 11:03:16.018 &amp#27;[32m INFO&amp#27;[m &amp#27;[35m[@503 - main]&amp#27;[m &amp#27;[36mcom.shaft.tools.io.ReportManager&amp#27;[m : File Action "DoesFileExist" successfully performed. With the following test data "File Path: "C:\eclipse-workspace\MyProjects\TASystemsAPIs\src\test\resources\testDataFiles\Schemas\ValidationError_schema.json"".
2023-02-07 11:03:16.018 &amp#27;[32m INFO&amp#27;[m &amp#27;[35m[@503 - main]&amp#27;[m &amp#27;[36mcom.shaft.tools.io.ReportManager&amp#27;[m : File Action "GetAbsolutePath" successfully performed. With the following test data "Relative Folder Path: "C:\eclipse-workspace\MyProjects\TASystemsAPIs\src\test\resources\testDataFiles\Schemas\ValidationError_schema.json"".
2023-02-07 11:03:16.018 &amp#27;[32m INFO&amp#27;[m &amp#27;[35m[@503 - main]&amp#27;[m &amp#27;[36mcom.shaft.tools.io.ReportManager&amp#27;[m : File Action "ReadFile" successfully performed. With the following test data "File Path: "C:\eclipse-workspace\MyProjects\TASystemsAPIs\src\test\resources\testDataFiles\Schemas\ValidationError_schema.json"".
2023-02-07 11:03:16.021 &amp#27;[32m INFO&amp#27;[m &amp#27;[35m[@503 - main]&amp#27;[m &amp#27;[36mcom.shaft.tools.io.ReportManager&amp#27;[m : Successfully created attachment "Validation Test Data - Expected JSON Value"
2023-02-07 11:03:16.022 &amp#27;[32m INFO&amp#27;[m &amp#27;[35m[@503 - main]&amp#27;[m &amp#27;[36mcom.shaft.tools.io.ReportManager&amp#27;[m : Successfully created attachment "Validation Test Data - Actual JSON Value"
2023-02-07 11:03:16.022 &amp#27;[32m INFO&amp#27;[m &amp#27;[35m[@503 - main]&amp#27;[m &amp#27;[36mcom.shaft.tools.io.ReportManager&amp#27;[m : Successfully created attachment "SHAFT Engine Logs - Current Method log: Update_Policy_With_Missing_Keys_TC"
]]></system-out>
  </testcase>
  <testcase name="Update_Policy_With_Missing_Keys_TC[[Ljava.lang.Object;@10f6afb0](15)" classname="SteeringCompanyAPI_TestCases.Test_Policies_Cases" time="1.43">
    <system-out><![CDATA[2023-02-07 11:03:16.024 &amp#27;[32m INFO&amp#27;[m &amp#27;[35m[@534 - main]&amp#27;[m &amp#27;[36mcom.shaft.tools.io.ReportManager&amp#27;[m : 
################################################################################################################################################
Starting Execution:	"356 out of 107" test cases in the current suite
Test Method:		"SteeringCompanyAPI_TestCases.Test_Policies_Cases.Update_Policy_With_Missing_Keys_TC"
Test Description:	"TC051 -Policy- Perform Update Policy with Missing Keys"
################################################################################################################################################
2023-02-07 11:03:16.024 &amp#27;[32m INFO&amp#27;[m &amp#27;[35m[@503 - main]&amp#27;[m &amp#27;[36mcom.shaft.tools.io.ReportManager&amp#27;[m : File Action "DoesFileExist" successfully performed. With the following test data "File Path: "SteeringCompanyAPI_TestData/SteeringCompanyAPI_TestData.xlsx"".
2023-02-07 11:03:16.038 &amp#27;[32m INFO&amp#27;[m &amp#27;[35m[@503 - main]&amp#27;[m &amp#27;[36mcom.shaft.tools.io.ReportManager&amp#27;[m : Successfully created attachment "Test Data - Excel"
2023-02-07 11:03:16.668 &amp#27;[32m INFO&amp#27;[m &amp#27;[35m[@503 - main]&amp#27;[m &amp#27;[36mcom.shaft.tools.io.ReportManager&amp#27;[m : Response status code: "200", status line: "HTTP/1.1 200 OK"
2023-02-07 11:03:16.679 &amp#27;[32m INFO&amp#27;[m &amp#27;[35m[@503 - main]&amp#27;[m &amp#27;[36mcom.shaft.tools.io.ReportManager&amp#27;[m : Successfully created attachment "API Request - Specifications"
2023-02-07 11:03:16.679 &amp#27;[32m INFO&amp#27;[m &amp#27;[35m[@503 - main]&amp#27;[m &amp#27;[36mcom.shaft.tools.io.ReportManager&amp#27;[m : Successfully created attachment "API Request - Body"
2023-02-07 11:03:16.681 &amp#27;[32m INFO&amp#27;[m &amp#27;[35m[@503 - main]&amp#27;[m &amp#27;[36mcom.shaft.tools.io.ReportManager&amp#27;[m : Successfully created attachment "API Response - JSON Body"
2023-02-07 11:03:16.687 &amp#27;[32m INFO&amp#27;[m &amp#27;[35m[@503 - main]&amp#27;[m &amp#27;[36mcom.shaft.tools.io.ReportManager&amp#27;[m : File Action "DoesFileExist" successfully performed. With the following test data "File Path: "SteeringCompanyAPI_TestData/SteeringCompanyAPI_TestData.xlsx"".
2023-02-07 11:03:16.700 &amp#27;[32m INFO&amp#27;[m &amp#27;[35m[@503 - main]&amp#27;[m &amp#27;[36mcom.shaft.tools.io.ReportManager&amp#27;[m : Successfully created attachment "Test Data - Excel"
2023-02-07 11:03:16.701 &amp#27;[32m INFO&amp#27;[m &amp#27;[35m[@503 - main]&amp#27;[m &amp#27;[36mcom.shaft.tools.io.ReportManager&amp#27;[m : File Action "DoesFileExist" successfully performed. With the following test data "File Path: "SteeringCompanyAPI_TestData/SteeringCompanyAPI_TestData.xlsx"".
2023-02-07 11:03:16.714 &amp#27;[32m INFO&amp#27;[m &amp#27;[35m[@503 - main]&amp#27;[m &amp#27;[36mcom.shaft.tools.io.ReportManager&amp#27;[m : Successfully created attachment "Test Data - Excel"
2023-02-07 11:03:16.714 &amp#27;[32m INFO&amp#27;[m &amp#27;[35m[@503 - main]&amp#27;[m &amp#27;[36mcom.shaft.tools.io.ReportManager&amp#27;[m : File Action "DoesFileExist" successfully performed. With the following test data "File Path: "SteeringCompanyAPI_TestData/SteeringCompanyAPI_TestData.xlsx"".
2023-02-07 11:03:16.729 &amp#27;[32m INFO&amp#27;[m &amp#27;[35m[@503 - main]&amp#27;[m &amp#27;[36mcom.shaft.tools.io.ReportManager&amp#27;[m : Successfully created attachment "Test Data - Excel"
2023-02-07 11:03:17.435 &amp#27;[32m INFO&amp#27;[m &amp#27;[35m[@503 - main]&amp#27;[m &amp#27;[36mcom.shaft.tools.io.ReportManager&amp#27;[m : Response status code: "422", status line: "HTTP/1.1 422 "
2023-02-07 11:03:17.446 &amp#27;[32m INFO&amp#27;[m &amp#27;[35m[@503 - main]&amp#27;[m &amp#27;[36mcom.shaft.tools.io.ReportManager&amp#27;[m : Successfully created attachment "API Request - Specifications"
2023-02-07 11:03:17.447 &amp#27;[32m INFO&amp#27;[m &amp#27;[35m[@503 - main]&amp#27;[m &amp#27;[36mcom.shaft.tools.io.ReportManager&amp#27;[m : Successfully created attachment "API Request - JSON Body"
2023-02-07 11:03:17.447 &amp#27;[32m INFO&amp#27;[m &amp#27;[35m[@503 - main]&amp#27;[m &amp#27;[36mcom.shaft.tools.io.ReportManager&amp#27;[m : Successfully created attachment "API Response - JSON Body"
2023-02-07 11:03:17.448 &amp#27;[32m INFO&amp#27;[m &amp#27;[35m[@503 - main]&amp#27;[m &amp#27;[36mcom.shaft.tools.io.ReportManager&amp#27;[m : File Action "DoesFileExist" successfully performed. With the following test data "File Path: "Schemas/ValidationError_schema.json"".
2023-02-07 11:03:17.448 &amp#27;[32m INFO&amp#27;[m &amp#27;[35m[@503 - main]&amp#27;[m &amp#27;[36mcom.shaft.tools.io.ReportManager&amp#27;[m : File Action "DoesFileExist" successfully performed. With the following test data "File Path: "src/test/resources/testDataFiles/Schemas/ValidationError_schema.json"".
2023-02-07 11:03:17.448 &amp#27;[32m INFO&amp#27;[m &amp#27;[35m[@503 - main]&amp#27;[m &amp#27;[36mcom.shaft.tools.io.ReportManager&amp#27;[m : File Action "GetAbsolutePath" successfully performed. With the following test data "Relative Folder Path: "src/test/resources/testDataFiles/Schemas/ValidationError_schema.json"".
2023-02-07 11:03:17.449 &amp#27;[32m INFO&amp#27;[m &amp#27;[35m[@503 - main]&amp#27;[m &amp#27;[36mcom.shaft.tools.io.ReportManager&amp#27;[m : File Action "DoesFileExist" successfully performed. With the following test data "File Path: "C:\eclipse-workspace\MyProjects\TASystemsAPIs\src\test\resources\testDataFiles\Schemas\ValidationError_schema.json"".
2023-02-07 11:03:17.449 &amp#27;[32m INFO&amp#27;[m &amp#27;[35m[@503 - main]&amp#27;[m &amp#27;[36mcom.shaft.tools.io.ReportManager&amp#27;[m : File Action "GetAbsolutePath" successfully performed. With the following test data "Relative Folder Path: "C:\eclipse-workspace\MyProjects\TASystemsAPIs\src\test\resources\testDataFiles\Schemas\ValidationError_schema.json"".
2023-02-07 11:03:17.449 &amp#27;[32m INFO&amp#27;[m &amp#27;[35m[@503 - main]&amp#27;[m &amp#27;[36mcom.shaft.tools.io.ReportManager&amp#27;[m : File Action "ReadFile" successfully performed. With the following test data "File Path: "C:\eclipse-workspace\MyProjects\TASystemsAPIs\src\test\resources\testDataFiles\Schemas\ValidationError_schema.json"".
2023-02-07 11:03:17.450 &amp#27;[32m INFO&amp#27;[m &amp#27;[35m[@503 - main]&amp#27;[m &amp#27;[36mcom.shaft.tools.io.ReportManager&amp#27;[m : Successfully created attachment "Validation Test Data - Expected JSON Value"
2023-02-07 11:03:17.451 &amp#27;[32m INFO&amp#27;[m &amp#27;[35m[@503 - main]&amp#27;[m &amp#27;[36mcom.shaft.tools.io.ReportManager&amp#27;[m : Successfully created attachment "Validation Test Data - Actual JSON Value"
2023-02-07 11:03:17.452 &amp#27;[32m INFO&amp#27;[m &amp#27;[35m[@503 - main]&amp#27;[m &amp#27;[36mcom.shaft.tools.io.ReportManager&amp#27;[m : Successfully created attachment "SHAFT Engine Logs - Current Method log: Update_Policy_With_Missing_Keys_TC"
]]></system-out>
  </testcase>
  <testcase name="Update_Policy_With_Missing_Keys_TC[[Ljava.lang.Object;@3cc52b09](16)" classname="SteeringCompanyAPI_TestCases.Test_Policies_Cases" time="2.252">
    <system-out><![CDATA[2023-02-07 11:03:17.453 &amp#27;[32m INFO&amp#27;[m &amp#27;[35m[@534 - main]&amp#27;[m &amp#27;[36mcom.shaft.tools.io.ReportManager&amp#27;[m : 
################################################################################################################################################
Starting Execution:	"357 out of 107" test cases in the current suite
Test Method:		"SteeringCompanyAPI_TestCases.Test_Policies_Cases.Update_Policy_With_Missing_Keys_TC"
Test Description:	"TC051 -Policy- Perform Update Policy with Missing Keys"
################################################################################################################################################
2023-02-07 11:03:17.454 &amp#27;[32m INFO&amp#27;[m &amp#27;[35m[@503 - main]&amp#27;[m &amp#27;[36mcom.shaft.tools.io.ReportManager&amp#27;[m : File Action "DoesFileExist" successfully performed. With the following test data "File Path: "SteeringCompanyAPI_TestData/SteeringCompanyAPI_TestData.xlsx"".
2023-02-07 11:03:17.467 &amp#27;[32m INFO&amp#27;[m &amp#27;[35m[@503 - main]&amp#27;[m &amp#27;[36mcom.shaft.tools.io.ReportManager&amp#27;[m : Successfully created attachment "Test Data - Excel"
2023-02-07 11:03:19.102 &amp#27;[32m INFO&amp#27;[m &amp#27;[35m[@503 - main]&amp#27;[m &amp#27;[36mcom.shaft.tools.io.ReportManager&amp#27;[m : Response status code: "200", status line: "HTTP/1.1 200 OK"
2023-02-07 11:03:19.111 &amp#27;[32m INFO&amp#27;[m &amp#27;[35m[@503 - main]&amp#27;[m &amp#27;[36mcom.shaft.tools.io.ReportManager&amp#27;[m : Successfully created attachment "API Request - Specifications"
2023-02-07 11:03:19.111 &amp#27;[32m INFO&amp#27;[m &amp#27;[35m[@503 - main]&amp#27;[m &amp#27;[36mcom.shaft.tools.io.ReportManager&amp#27;[m : Successfully created attachment "API Request - Body"
2023-02-07 11:03:19.113 &amp#27;[32m INFO&amp#27;[m &amp#27;[35m[@503 - main]&amp#27;[m &amp#27;[36mcom.shaft.tools.io.ReportManager&amp#27;[m : Successfully created attachment "API Response - JSON Body"
2023-02-07 11:03:19.118 &amp#27;[32m INFO&amp#27;[m &amp#27;[35m[@503 - main]&amp#27;[m &amp#27;[36mcom.shaft.tools.io.ReportManager&amp#27;[m : File Action "DoesFileExist" successfully performed. With the following test data "File Path: "SteeringCompanyAPI_TestData/SteeringCompanyAPI_TestData.xlsx"".
2023-02-07 11:03:19.131 &amp#27;[32m INFO&amp#27;[m &amp#27;[35m[@503 - main]&amp#27;[m &amp#27;[36mcom.shaft.tools.io.ReportManager&amp#27;[m : Successfully created attachment "Test Data - Excel"
2023-02-07 11:03:19.132 &amp#27;[32m INFO&amp#27;[m &amp#27;[35m[@503 - main]&amp#27;[m &amp#27;[36mcom.shaft.tools.io.ReportManager&amp#27;[m : File Action "DoesFileExist" successfully performed. With the following test data "File Path: "SteeringCompanyAPI_TestData/SteeringCompanyAPI_TestData.xlsx"".
2023-02-07 11:03:19.145 &amp#27;[32m INFO&amp#27;[m &amp#27;[35m[@503 - main]&amp#27;[m &amp#27;[36mcom.shaft.tools.io.ReportManager&amp#27;[m : Successfully created attachment "Test Data - Excel"
2023-02-07 11:03:19.145 &amp#27;[32m INFO&amp#27;[m &amp#27;[35m[@503 - main]&amp#27;[m &amp#27;[36mcom.shaft.tools.io.ReportManager&amp#27;[m : File Action "DoesFileExist" successfully performed. With the following test data "File Path: "SteeringCompanyAPI_TestData/SteeringCompanyAPI_TestData.xlsx"".
2023-02-07 11:03:19.158 &amp#27;[32m INFO&amp#27;[m &amp#27;[35m[@503 - main]&amp#27;[m &amp#27;[36mcom.shaft.tools.io.ReportManager&amp#27;[m : Successfully created attachment "Test Data - Excel"
2023-02-07 11:03:19.676 &amp#27;[32m INFO&amp#27;[m &amp#27;[35m[@503 - main]&amp#27;[m &amp#27;[36mcom.shaft.tools.io.ReportManager&amp#27;[m : Response status code: "422", status line: "HTTP/1.1 422 "
2023-02-07 11:03:19.699 &amp#27;[32m INFO&amp#27;[m &amp#27;[35m[@503 - main]&amp#27;[m &amp#27;[36mcom.shaft.tools.io.ReportManager&amp#27;[m : Successfully created attachment "API Request - Specifications"
2023-02-07 11:03:19.699 &amp#27;[32m INFO&amp#27;[m &amp#27;[35m[@503 - main]&amp#27;[m &amp#27;[36mcom.shaft.tools.io.ReportManager&amp#27;[m : Successfully created attachment "API Request - JSON Body"
2023-02-07 11:03:19.699 &amp#27;[32m INFO&amp#27;[m &amp#27;[35m[@503 - main]&amp#27;[m &amp#27;[36mcom.shaft.tools.io.ReportManager&amp#27;[m : Successfully created attachment "API Response - JSON Body"
2023-02-07 11:03:19.700 &amp#27;[32m INFO&amp#27;[m &amp#27;[35m[@503 - main]&amp#27;[m &amp#27;[36mcom.shaft.tools.io.ReportManager&amp#27;[m : File Action "DoesFileExist" successfully performed. With the following test data "File Path: "Schemas/ValidationError_schema.json"".
2023-02-07 11:03:19.700 &amp#27;[32m INFO&amp#27;[m &amp#27;[35m[@503 - main]&amp#27;[m &amp#27;[36mcom.shaft.tools.io.ReportManager&amp#27;[m : File Action "DoesFileExist" successfully performed. With the following test data "File Path: "src/test/resources/testDataFiles/Schemas/ValidationError_schema.json"".
2023-02-07 11:03:19.700 &amp#27;[32m INFO&amp#27;[m &amp#27;[35m[@503 - main]&amp#27;[m &amp#27;[36mcom.shaft.tools.io.ReportManager&amp#27;[m : File Action "GetAbsolutePath" successfully performed. With the following test data "Relative Folder Path: "src/test/resources/testDataFiles/Schemas/ValidationError_schema.json"".
2023-02-07 11:03:19.701 &amp#27;[32m INFO&amp#27;[m &amp#27;[35m[@503 - main]&amp#27;[m &amp#27;[36mcom.shaft.tools.io.ReportManager&amp#27;[m : File Action "DoesFileExist" successfully performed. With the following test data "File Path: "C:\eclipse-workspace\MyProjects\TASystemsAPIs\src\test\resources\testDataFiles\Schemas\ValidationError_schema.json"".
2023-02-07 11:03:19.701 &amp#27;[32m INFO&amp#27;[m &amp#27;[35m[@503 - main]&amp#27;[m &amp#27;[36mcom.shaft.tools.io.ReportManager&amp#27;[m : File Action "GetAbsolutePath" successfully performed. With the following test data "Relative Folder Path: "C:\eclipse-workspace\MyProjects\TASystemsAPIs\src\test\resources\testDataFiles\Schemas\ValidationError_schema.json"".
2023-02-07 11:03:19.701 &amp#27;[32m INFO&amp#27;[m &amp#27;[35m[@503 - main]&amp#27;[m &amp#27;[36mcom.shaft.tools.io.ReportManager&amp#27;[m : File Action "ReadFile" successfully performed. With the following test data "File Path: "C:\eclipse-workspace\MyProjects\TASystemsAPIs\src\test\resources\testDataFiles\Schemas\ValidationError_schema.json"".
2023-02-07 11:03:19.702 &amp#27;[32m INFO&amp#27;[m &amp#27;[35m[@503 - main]&amp#27;[m &amp#27;[36mcom.shaft.tools.io.ReportManager&amp#27;[m : Successfully created attachment "Validation Test Data - Expected JSON Value"
2023-02-07 11:03:19.703 &amp#27;[32m INFO&amp#27;[m &amp#27;[35m[@503 - main]&amp#27;[m &amp#27;[36mcom.shaft.tools.io.ReportManager&amp#27;[m : Successfully created attachment "Validation Test Data - Actual JSON Value"
2023-02-07 11:03:19.704 &amp#27;[32m INFO&amp#27;[m &amp#27;[35m[@503 - main]&amp#27;[m &amp#27;[36mcom.shaft.tools.io.ReportManager&amp#27;[m : Successfully created attachment "SHAFT Engine Logs - Current Method log: Update_Policy_With_Missing_Keys_TC"
]]></system-out>
  </testcase>
  <testcase name="Update_Policy_With_Missing_Keys_TC[[Ljava.lang.Object;@758e3f06](17)" classname="SteeringCompanyAPI_TestCases.Test_Policies_Cases" time="1.525">
    <system-out><![CDATA[2023-02-07 11:03:19.705 &amp#27;[32m INFO&amp#27;[m &amp#27;[35m[@534 - main]&amp#27;[m &amp#27;[36mcom.shaft.tools.io.ReportManager&amp#27;[m : 
################################################################################################################################################
Starting Execution:	"358 out of 107" test cases in the current suite
Test Method:		"SteeringCompanyAPI_TestCases.Test_Policies_Cases.Update_Policy_With_Missing_Keys_TC"
Test Description:	"TC051 -Policy- Perform Update Policy with Missing Keys"
################################################################################################################################################
2023-02-07 11:03:19.706 &amp#27;[32m INFO&amp#27;[m &amp#27;[35m[@503 - main]&amp#27;[m &amp#27;[36mcom.shaft.tools.io.ReportManager&amp#27;[m : File Action "DoesFileExist" successfully performed. With the following test data "File Path: "SteeringCompanyAPI_TestData/SteeringCompanyAPI_TestData.xlsx"".
2023-02-07 11:03:19.719 &amp#27;[32m INFO&amp#27;[m &amp#27;[35m[@503 - main]&amp#27;[m &amp#27;[36mcom.shaft.tools.io.ReportManager&amp#27;[m : Successfully created attachment "Test Data - Excel"
2023-02-07 11:03:20.648 &amp#27;[32m INFO&amp#27;[m &amp#27;[35m[@503 - main]&amp#27;[m &amp#27;[36mcom.shaft.tools.io.ReportManager&amp#27;[m : Response status code: "200", status line: "HTTP/1.1 200 OK"
2023-02-07 11:03:20.660 &amp#27;[32m INFO&amp#27;[m &amp#27;[35m[@503 - main]&amp#27;[m &amp#27;[36mcom.shaft.tools.io.ReportManager&amp#27;[m : Successfully created attachment "API Request - Specifications"
2023-02-07 11:03:20.661 &amp#27;[32m INFO&amp#27;[m &amp#27;[35m[@503 - main]&amp#27;[m &amp#27;[36mcom.shaft.tools.io.ReportManager&amp#27;[m : Successfully created attachment "API Request - Body"
2023-02-07 11:03:20.661 &amp#27;[32m INFO&amp#27;[m &amp#27;[35m[@503 - main]&amp#27;[m &amp#27;[36mcom.shaft.tools.io.ReportManager&amp#27;[m : Successfully created attachment "API Response - JSON Body"
2023-02-07 11:03:20.666 &amp#27;[32m INFO&amp#27;[m &amp#27;[35m[@503 - main]&amp#27;[m &amp#27;[36mcom.shaft.tools.io.ReportManager&amp#27;[m : File Action "DoesFileExist" successfully performed. With the following test data "File Path: "SteeringCompanyAPI_TestData/SteeringCompanyAPI_TestData.xlsx"".
2023-02-07 11:03:20.679 &amp#27;[32m INFO&amp#27;[m &amp#27;[35m[@503 - main]&amp#27;[m &amp#27;[36mcom.shaft.tools.io.ReportManager&amp#27;[m : Successfully created attachment "Test Data - Excel"
2023-02-07 11:03:20.679 &amp#27;[32m INFO&amp#27;[m &amp#27;[35m[@503 - main]&amp#27;[m &amp#27;[36mcom.shaft.tools.io.ReportManager&amp#27;[m : File Action "DoesFileExist" successfully performed. With the following test data "File Path: "SteeringCompanyAPI_TestData/SteeringCompanyAPI_TestData.xlsx"".
2023-02-07 11:03:20.692 &amp#27;[32m INFO&amp#27;[m &amp#27;[35m[@503 - main]&amp#27;[m &amp#27;[36mcom.shaft.tools.io.ReportManager&amp#27;[m : Successfully created attachment "Test Data - Excel"
2023-02-07 11:03:20.692 &amp#27;[32m INFO&amp#27;[m &amp#27;[35m[@503 - main]&amp#27;[m &amp#27;[36mcom.shaft.tools.io.ReportManager&amp#27;[m : File Action "DoesFileExist" successfully performed. With the following test data "File Path: "SteeringCompanyAPI_TestData/SteeringCompanyAPI_TestData.xlsx"".
2023-02-07 11:03:20.707 &amp#27;[32m INFO&amp#27;[m &amp#27;[35m[@503 - main]&amp#27;[m &amp#27;[36mcom.shaft.tools.io.ReportManager&amp#27;[m : Successfully created attachment "Test Data - Excel"
2023-02-07 11:03:21.210 &amp#27;[32m INFO&amp#27;[m &amp#27;[35m[@503 - main]&amp#27;[m &amp#27;[36mcom.shaft.tools.io.ReportManager&amp#27;[m : Response status code: "422", status line: "HTTP/1.1 422 "
2023-02-07 11:03:21.221 &amp#27;[32m INFO&amp#27;[m &amp#27;[35m[@503 - main]&amp#27;[m &amp#27;[36mcom.shaft.tools.io.ReportManager&amp#27;[m : Successfully created attachment "API Request - Specifications"
2023-02-07 11:03:21.222 &amp#27;[32m INFO&amp#27;[m &amp#27;[35m[@503 - main]&amp#27;[m &amp#27;[36mcom.shaft.tools.io.ReportManager&amp#27;[m : Successfully created attachment "API Request - JSON Body"
2023-02-07 11:03:21.222 &amp#27;[32m INFO&amp#27;[m &amp#27;[35m[@503 - main]&amp#27;[m &amp#27;[36mcom.shaft.tools.io.ReportManager&amp#27;[m : Successfully created attachment "API Response - JSON Body"
2023-02-07 11:03:21.223 &amp#27;[32m INFO&amp#27;[m &amp#27;[35m[@503 - main]&amp#27;[m &amp#27;[36mcom.shaft.tools.io.ReportManager&amp#27;[m : File Action "DoesFileExist" successfully performed. With the following test data "File Path: "Schemas/ValidationError_schema.json"".
2023-02-07 11:03:21.223 &amp#27;[32m INFO&amp#27;[m &amp#27;[35m[@503 - main]&amp#27;[m &amp#27;[36mcom.shaft.tools.io.ReportManager&amp#27;[m : File Action "DoesFileExist" successfully performed. With the following test data "File Path: "src/test/resources/testDataFiles/Schemas/ValidationError_schema.json"".
2023-02-07 11:03:21.223 &amp#27;[32m INFO&amp#27;[m &amp#27;[35m[@503 - main]&amp#27;[m &amp#27;[36mcom.shaft.tools.io.ReportManager&amp#27;[m : File Action "GetAbsolutePath" successfully performed. With the following test data "Relative Folder Path: "src/test/resources/testDataFiles/Schemas/ValidationError_schema.json"".
2023-02-07 11:03:21.224 &amp#27;[32m INFO&amp#27;[m &amp#27;[35m[@503 - main]&amp#27;[m &amp#27;[36mcom.shaft.tools.io.ReportManager&amp#27;[m : File Action "DoesFileExist" successfully performed. With the following test data "File Path: "C:\eclipse-workspace\MyProjects\TASystemsAPIs\src\test\resources\testDataFiles\Schemas\ValidationError_schema.json"".
2023-02-07 11:03:21.225 &amp#27;[32m INFO&amp#27;[m &amp#27;[35m[@503 - main]&amp#27;[m &amp#27;[36mcom.shaft.tools.io.ReportManager&amp#27;[m : File Action "GetAbsolutePath" successfully performed. With the following test data "Relative Folder Path: "C:\eclipse-workspace\MyProjects\TASystemsAPIs\src\test\resources\testDataFiles\Schemas\ValidationError_schema.json"".
2023-02-07 11:03:21.225 &amp#27;[32m INFO&amp#27;[m &amp#27;[35m[@503 - main]&amp#27;[m &amp#27;[36mcom.shaft.tools.io.ReportManager&amp#27;[m : File Action "ReadFile" successfully performed. With the following test data "File Path: "C:\eclipse-workspace\MyProjects\TASystemsAPIs\src\test\resources\testDataFiles\Schemas\ValidationError_schema.json"".
2023-02-07 11:03:21.227 &amp#27;[32m INFO&amp#27;[m &amp#27;[35m[@503 - main]&amp#27;[m &amp#27;[36mcom.shaft.tools.io.ReportManager&amp#27;[m : Successfully created attachment "Validation Test Data - Expected JSON Value"
2023-02-07 11:03:21.227 &amp#27;[32m INFO&amp#27;[m &amp#27;[35m[@503 - main]&amp#27;[m &amp#27;[36mcom.shaft.tools.io.ReportManager&amp#27;[m : Successfully created attachment "Validation Test Data - Actual JSON Value"
2023-02-07 11:03:21.229 &amp#27;[32m INFO&amp#27;[m &amp#27;[35m[@503 - main]&amp#27;[m &amp#27;[36mcom.shaft.tools.io.ReportManager&amp#27;[m : Successfully created attachment "SHAFT Engine Logs - Current Method log: Update_Policy_With_Missing_Keys_TC"
]]></system-out>
  </testcase>
  <testcase name="Update_Policy_With_Missing_Keys_TC[[Ljava.lang.Object;@22d476a0](18)" classname="SteeringCompanyAPI_TestCases.Test_Policies_Cases" time="1.202">
    <system-out><![CDATA[2023-02-07 11:03:21.231 &amp#27;[32m INFO&amp#27;[m &amp#27;[35m[@534 - main]&amp#27;[m &amp#27;[36mcom.shaft.tools.io.ReportManager&amp#27;[m : 
################################################################################################################################################
Starting Execution:	"359 out of 107" test cases in the current suite
Test Method:		"SteeringCompanyAPI_TestCases.Test_Policies_Cases.Update_Policy_With_Missing_Keys_TC"
Test Description:	"TC051 -Policy- Perform Update Policy with Missing Keys"
################################################################################################################################################
2023-02-07 11:03:21.231 &amp#27;[32m INFO&amp#27;[m &amp#27;[35m[@503 - main]&amp#27;[m &amp#27;[36mcom.shaft.tools.io.ReportManager&amp#27;[m : File Action "DoesFileExist" successfully performed. With the following test data "File Path: "SteeringCompanyAPI_TestData/SteeringCompanyAPI_TestData.xlsx"".
2023-02-07 11:03:21.245 &amp#27;[32m INFO&amp#27;[m &amp#27;[35m[@503 - main]&amp#27;[m &amp#27;[36mcom.shaft.tools.io.ReportManager&amp#27;[m : Successfully created attachment "Test Data - Excel"
2023-02-07 11:03:21.864 &amp#27;[32m INFO&amp#27;[m &amp#27;[35m[@503 - main]&amp#27;[m &amp#27;[36mcom.shaft.tools.io.ReportManager&amp#27;[m : Response status code: "200", status line: "HTTP/1.1 200 OK"
2023-02-07 11:03:21.875 &amp#27;[32m INFO&amp#27;[m &amp#27;[35m[@503 - main]&amp#27;[m &amp#27;[36mcom.shaft.tools.io.ReportManager&amp#27;[m : Successfully created attachment "API Request - Specifications"
2023-02-07 11:03:21.875 &amp#27;[32m INFO&amp#27;[m &amp#27;[35m[@503 - main]&amp#27;[m &amp#27;[36mcom.shaft.tools.io.ReportManager&amp#27;[m : Successfully created attachment "API Request - Body"
2023-02-07 11:03:21.877 &amp#27;[32m INFO&amp#27;[m &amp#27;[35m[@503 - main]&amp#27;[m &amp#27;[36mcom.shaft.tools.io.ReportManager&amp#27;[m : Successfully created attachment "API Response - JSON Body"
2023-02-07 11:03:21.882 &amp#27;[32m INFO&amp#27;[m &amp#27;[35m[@503 - main]&amp#27;[m &amp#27;[36mcom.shaft.tools.io.ReportManager&amp#27;[m : File Action "DoesFileExist" successfully performed. With the following test data "File Path: "SteeringCompanyAPI_TestData/SteeringCompanyAPI_TestData.xlsx"".
2023-02-07 11:03:21.896 &amp#27;[32m INFO&amp#27;[m &amp#27;[35m[@503 - main]&amp#27;[m &amp#27;[36mcom.shaft.tools.io.ReportManager&amp#27;[m : Successfully created attachment "Test Data - Excel"
2023-02-07 11:03:21.896 &amp#27;[32m INFO&amp#27;[m &amp#27;[35m[@503 - main]&amp#27;[m &amp#27;[36mcom.shaft.tools.io.ReportManager&amp#27;[m : File Action "DoesFileExist" successfully performed. With the following test data "File Path: "SteeringCompanyAPI_TestData/SteeringCompanyAPI_TestData.xlsx"".
2023-02-07 11:03:21.909 &amp#27;[32m INFO&amp#27;[m &amp#27;[35m[@503 - main]&amp#27;[m &amp#27;[36mcom.shaft.tools.io.ReportManager&amp#27;[m : Successfully created attachment "Test Data - Excel"
2023-02-07 11:03:21.909 &amp#27;[32m INFO&amp#27;[m &amp#27;[35m[@503 - main]&amp#27;[m &amp#27;[36mcom.shaft.tools.io.ReportManager&amp#27;[m : File Action "DoesFileExist" successfully performed. With the following test data "File Path: "SteeringCompanyAPI_TestData/SteeringCompanyAPI_TestData.xlsx"".
2023-02-07 11:03:21.922 &amp#27;[32m INFO&amp#27;[m &amp#27;[35m[@503 - main]&amp#27;[m &amp#27;[36mcom.shaft.tools.io.ReportManager&amp#27;[m : Successfully created attachment "Test Data - Excel"
2023-02-07 11:03:22.414 &amp#27;[32m INFO&amp#27;[m &amp#27;[35m[@503 - main]&amp#27;[m &amp#27;[36mcom.shaft.tools.io.ReportManager&amp#27;[m : Response status code: "422", status line: "HTTP/1.1 422 "
2023-02-07 11:03:22.424 &amp#27;[32m INFO&amp#27;[m &amp#27;[35m[@503 - main]&amp#27;[m &amp#27;[36mcom.shaft.tools.io.ReportManager&amp#27;[m : Successfully created attachment "API Request - Specifications"
2023-02-07 11:03:22.424 &amp#27;[32m INFO&amp#27;[m &amp#27;[35m[@503 - main]&amp#27;[m &amp#27;[36mcom.shaft.tools.io.ReportManager&amp#27;[m : Successfully created attachment "API Request - JSON Body"
2023-02-07 11:03:22.425 &amp#27;[32m INFO&amp#27;[m &amp#27;[35m[@503 - main]&amp#27;[m &amp#27;[36mcom.shaft.tools.io.ReportManager&amp#27;[m : Successfully created attachment "API Response - JSON Body"
2023-02-07 11:03:22.425 &amp#27;[32m INFO&amp#27;[m &amp#27;[35m[@503 - main]&amp#27;[m &amp#27;[36mcom.shaft.tools.io.ReportManager&amp#27;[m : File Action "DoesFileExist" successfully performed. With the following test data "File Path: "Schemas/ValidationError_schema.json"".
2023-02-07 11:03:22.425 &amp#27;[32m INFO&amp#27;[m &amp#27;[35m[@503 - main]&amp#27;[m &amp#27;[36mcom.shaft.tools.io.ReportManager&amp#27;[m : File Action "DoesFileExist" successfully performed. With the following test data "File Path: "src/test/resources/testDataFiles/Schemas/ValidationError_schema.json"".
2023-02-07 11:03:22.425 &amp#27;[32m INFO&amp#27;[m &amp#27;[35m[@503 - main]&amp#27;[m &amp#27;[36mcom.shaft.tools.io.ReportManager&amp#27;[m : File Action "GetAbsolutePath" successfully performed. With the following test data "Relative Folder Path: "src/test/resources/testDataFiles/Schemas/ValidationError_schema.json"".
2023-02-07 11:03:22.426 &amp#27;[32m INFO&amp#27;[m &amp#27;[35m[@503 - main]&amp#27;[m &amp#27;[36mcom.shaft.tools.io.ReportManager&amp#27;[m : File Action "DoesFileExist" successfully performed. With the following test data "File Path: "C:\eclipse-workspace\MyProjects\TASystemsAPIs\src\test\resources\testDataFiles\Schemas\ValidationError_schema.json"".
2023-02-07 11:03:22.426 &amp#27;[32m INFO&amp#27;[m &amp#27;[35m[@503 - main]&amp#27;[m &amp#27;[36mcom.shaft.tools.io.ReportManager&amp#27;[m : File Action "GetAbsolutePath" successfully performed. With the following test data "Relative Folder Path: "C:\eclipse-workspace\MyProjects\TASystemsAPIs\src\test\resources\testDataFiles\Schemas\ValidationError_schema.json"".
2023-02-07 11:03:22.427 &amp#27;[32m INFO&amp#27;[m &amp#27;[35m[@503 - main]&amp#27;[m &amp#27;[36mcom.shaft.tools.io.ReportManager&amp#27;[m : File Action "ReadFile" successfully performed. With the following test data "File Path: "C:\eclipse-workspace\MyProjects\TASystemsAPIs\src\test\resources\testDataFiles\Schemas\ValidationError_schema.json"".
2023-02-07 11:03:22.430 &amp#27;[32m INFO&amp#27;[m &amp#27;[35m[@503 - main]&amp#27;[m &amp#27;[36mcom.shaft.tools.io.ReportManager&amp#27;[m : Successfully created attachment "Validation Test Data - Expected JSON Value"
2023-02-07 11:03:22.430 &amp#27;[32m INFO&amp#27;[m &amp#27;[35m[@503 - main]&amp#27;[m &amp#27;[36mcom.shaft.tools.io.ReportManager&amp#27;[m : Successfully created attachment "Validation Test Data - Actual JSON Value"
2023-02-07 11:03:22.431 &amp#27;[32m INFO&amp#27;[m &amp#27;[35m[@503 - main]&amp#27;[m &amp#27;[36mcom.shaft.tools.io.ReportManager&amp#27;[m : Successfully created attachment "SHAFT Engine Logs - Current Method log: Update_Policy_With_Missing_Keys_TC"
]]></system-out>
  </testcase>
  <testcase name="Update_Policy_With_Missing_Keys_TC[[Ljava.lang.Object;@3f196606](19)" classname="SteeringCompanyAPI_TestCases.Test_Policies_Cases" time="1.212">
    <system-out><![CDATA[2023-02-07 11:03:22.432 &amp#27;[32m INFO&amp#27;[m &amp#27;[35m[@534 - main]&amp#27;[m &amp#27;[36mcom.shaft.tools.io.ReportManager&amp#27;[m : 
################################################################################################################################################
Starting Execution:	"360 out of 107" test cases in the current suite
Test Method:		"SteeringCompanyAPI_TestCases.Test_Policies_Cases.Update_Policy_With_Missing_Keys_TC"
Test Description:	"TC051 -Policy- Perform Update Policy with Missing Keys"
################################################################################################################################################
2023-02-07 11:03:22.432 &amp#27;[32m INFO&amp#27;[m &amp#27;[35m[@503 - main]&amp#27;[m &amp#27;[36mcom.shaft.tools.io.ReportManager&amp#27;[m : File Action "DoesFileExist" successfully performed. With the following test data "File Path: "SteeringCompanyAPI_TestData/SteeringCompanyAPI_TestData.xlsx"".
2023-02-07 11:03:22.446 &amp#27;[32m INFO&amp#27;[m &amp#27;[35m[@503 - main]&amp#27;[m &amp#27;[36mcom.shaft.tools.io.ReportManager&amp#27;[m : Successfully created attachment "Test Data - Excel"
2023-02-07 11:03:23.064 &amp#27;[32m INFO&amp#27;[m &amp#27;[35m[@503 - main]&amp#27;[m &amp#27;[36mcom.shaft.tools.io.ReportManager&amp#27;[m : Response status code: "200", status line: "HTTP/1.1 200 OK"
2023-02-07 11:03:23.075 &amp#27;[32m INFO&amp#27;[m &amp#27;[35m[@503 - main]&amp#27;[m &amp#27;[36mcom.shaft.tools.io.ReportManager&amp#27;[m : Successfully created attachment "API Request - Specifications"
2023-02-07 11:03:23.076 &amp#27;[32m INFO&amp#27;[m &amp#27;[35m[@503 - main]&amp#27;[m &amp#27;[36mcom.shaft.tools.io.ReportManager&amp#27;[m : Successfully created attachment "API Request - Body"
2023-02-07 11:03:23.082 &amp#27;[32m INFO&amp#27;[m &amp#27;[35m[@503 - main]&amp#27;[m &amp#27;[36mcom.shaft.tools.io.ReportManager&amp#27;[m : Successfully created attachment "API Response - JSON Body"
2023-02-07 11:03:23.088 &amp#27;[32m INFO&amp#27;[m &amp#27;[35m[@503 - main]&amp#27;[m &amp#27;[36mcom.shaft.tools.io.ReportManager&amp#27;[m : File Action "DoesFileExist" successfully performed. With the following test data "File Path: "SteeringCompanyAPI_TestData/SteeringCompanyAPI_TestData.xlsx"".
2023-02-07 11:03:23.101 &amp#27;[32m INFO&amp#27;[m &amp#27;[35m[@503 - main]&amp#27;[m &amp#27;[36mcom.shaft.tools.io.ReportManager&amp#27;[m : Successfully created attachment "Test Data - Excel"
2023-02-07 11:03:23.101 &amp#27;[32m INFO&amp#27;[m &amp#27;[35m[@503 - main]&amp#27;[m &amp#27;[36mcom.shaft.tools.io.ReportManager&amp#27;[m : File Action "DoesFileExist" successfully performed. With the following test data "File Path: "SteeringCompanyAPI_TestData/SteeringCompanyAPI_TestData.xlsx"".
2023-02-07 11:03:23.114 &amp#27;[32m INFO&amp#27;[m &amp#27;[35m[@503 - main]&amp#27;[m &amp#27;[36mcom.shaft.tools.io.ReportManager&amp#27;[m : Successfully created attachment "Test Data - Excel"
2023-02-07 11:03:23.114 &amp#27;[32m INFO&amp#27;[m &amp#27;[35m[@503 - main]&amp#27;[m &amp#27;[36mcom.shaft.tools.io.ReportManager&amp#27;[m : File Action "DoesFileExist" successfully performed. With the following test data "File Path: "SteeringCompanyAPI_TestData/SteeringCompanyAPI_TestData.xlsx"".
2023-02-07 11:03:23.127 &amp#27;[32m INFO&amp#27;[m &amp#27;[35m[@503 - main]&amp#27;[m &amp#27;[36mcom.shaft.tools.io.ReportManager&amp#27;[m : Successfully created attachment "Test Data - Excel"
2023-02-07 11:03:23.626 &amp#27;[32m INFO&amp#27;[m &amp#27;[35m[@503 - main]&amp#27;[m &amp#27;[36mcom.shaft.tools.io.ReportManager&amp#27;[m : Response status code: "422", status line: "HTTP/1.1 422 "
2023-02-07 11:03:23.638 &amp#27;[32m INFO&amp#27;[m &amp#27;[35m[@503 - main]&amp#27;[m &amp#27;[36mcom.shaft.tools.io.ReportManager&amp#27;[m : Successfully created attachment "API Request - Specifications"
2023-02-07 11:03:23.639 &amp#27;[32m INFO&amp#27;[m &amp#27;[35m[@503 - main]&amp#27;[m &amp#27;[36mcom.shaft.tools.io.ReportManager&amp#27;[m : Successfully created attachment "API Request - JSON Body"
2023-02-07 11:03:23.639 &amp#27;[32m INFO&amp#27;[m &amp#27;[35m[@503 - main]&amp#27;[m &amp#27;[36mcom.shaft.tools.io.ReportManager&amp#27;[m : Successfully created attachment "API Response - JSON Body"
2023-02-07 11:03:23.640 &amp#27;[32m INFO&amp#27;[m &amp#27;[35m[@503 - main]&amp#27;[m &amp#27;[36mcom.shaft.tools.io.ReportManager&amp#27;[m : File Action "DoesFileExist" successfully performed. With the following test data "File Path: "Schemas/ValidationError_schema.json"".
2023-02-07 11:03:23.640 &amp#27;[32m INFO&amp#27;[m &amp#27;[35m[@503 - main]&amp#27;[m &amp#27;[36mcom.shaft.tools.io.ReportManager&amp#27;[m : File Action "DoesFileExist" successfully performed. With the following test data "File Path: "src/test/resources/testDataFiles/Schemas/ValidationError_schema.json"".
2023-02-07 11:03:23.640 &amp#27;[32m INFO&amp#27;[m &amp#27;[35m[@503 - main]&amp#27;[m &amp#27;[36mcom.shaft.tools.io.ReportManager&amp#27;[m : File Action "GetAbsolutePath" successfully performed. With the following test data "Relative Folder Path: "src/test/resources/testDataFiles/Schemas/ValidationError_schema.json"".
2023-02-07 11:03:23.641 &amp#27;[32m INFO&amp#27;[m &amp#27;[35m[@503 - main]&amp#27;[m &amp#27;[36mcom.shaft.tools.io.ReportManager&amp#27;[m : File Action "DoesFileExist" successfully performed. With the following test data "File Path: "C:\eclipse-workspace\MyProjects\TASystemsAPIs\src\test\resources\testDataFiles\Schemas\ValidationError_schema.json"".
2023-02-07 11:03:23.641 &amp#27;[32m INFO&amp#27;[m &amp#27;[35m[@503 - main]&amp#27;[m &amp#27;[36mcom.shaft.tools.io.ReportManager&amp#27;[m : File Action "GetAbsolutePath" successfully performed. With the following test data "Relative Folder Path: "C:\eclipse-workspace\MyProjects\TASystemsAPIs\src\test\resources\testDataFiles\Schemas\ValidationError_schema.json"".
2023-02-07 11:03:23.641 &amp#27;[32m INFO&amp#27;[m &amp#27;[35m[@503 - main]&amp#27;[m &amp#27;[36mcom.shaft.tools.io.ReportManager&amp#27;[m : File Action "ReadFile" successfully performed. With the following test data "File Path: "C:\eclipse-workspace\MyProjects\TASystemsAPIs\src\test\resources\testDataFiles\Schemas\ValidationError_schema.json"".
2023-02-07 11:03:23.643 &amp#27;[32m INFO&amp#27;[m &amp#27;[35m[@503 - main]&amp#27;[m &amp#27;[36mcom.shaft.tools.io.ReportManager&amp#27;[m : Successfully created attachment "Validation Test Data - Expected JSON Value"
2023-02-07 11:03:23.643 &amp#27;[32m INFO&amp#27;[m &amp#27;[35m[@503 - main]&amp#27;[m &amp#27;[36mcom.shaft.tools.io.ReportManager&amp#27;[m : Successfully created attachment "Validation Test Data - Actual JSON Value"
2023-02-07 11:03:23.643 &amp#27;[32m INFO&amp#27;[m &amp#27;[35m[@503 - main]&amp#27;[m &amp#27;[36mcom.shaft.tools.io.ReportManager&amp#27;[m : Successfully created attachment "SHAFT Engine Logs - Current Method log: Update_Policy_With_Missing_Keys_TC"
]]></system-out>
  </testcase>
  <testcase name="Update_Policy_With_Missing_Keys_TC[[Ljava.lang.Object;@511c292](20)" classname="SteeringCompanyAPI_TestCases.Test_Policies_Cases" time="1.249">
    <system-out><![CDATA[2023-02-07 11:03:23.644 &amp#27;[32m INFO&amp#27;[m &amp#27;[35m[@534 - main]&amp#27;[m &amp#27;[36mcom.shaft.tools.io.ReportManager&amp#27;[m : 
################################################################################################################################################
Starting Execution:	"361 out of 107" test cases in the current suite
Test Method:		"SteeringCompanyAPI_TestCases.Test_Policies_Cases.Update_Policy_With_Missing_Keys_TC"
Test Description:	"TC051 -Policy- Perform Update Policy with Missing Keys"
################################################################################################################################################
2023-02-07 11:03:23.645 &amp#27;[32m INFO&amp#27;[m &amp#27;[35m[@503 - main]&amp#27;[m &amp#27;[36mcom.shaft.tools.io.ReportManager&amp#27;[m : File Action "DoesFileExist" successfully performed. With the following test data "File Path: "SteeringCompanyAPI_TestData/SteeringCompanyAPI_TestData.xlsx"".
2023-02-07 11:03:23.663 &amp#27;[32m INFO&amp#27;[m &amp#27;[35m[@503 - main]&amp#27;[m &amp#27;[36mcom.shaft.tools.io.ReportManager&amp#27;[m : Successfully created attachment "Test Data - Excel"
2023-02-07 11:03:24.291 &amp#27;[32m INFO&amp#27;[m &amp#27;[35m[@503 - main]&amp#27;[m &amp#27;[36mcom.shaft.tools.io.ReportManager&amp#27;[m : Response status code: "200", status line: "HTTP/1.1 200 OK"
2023-02-07 11:03:24.303 &amp#27;[32m INFO&amp#27;[m &amp#27;[35m[@503 - main]&amp#27;[m &amp#27;[36mcom.shaft.tools.io.ReportManager&amp#27;[m : Successfully created attachment "API Request - Specifications"
2023-02-07 11:03:24.304 &amp#27;[32m INFO&amp#27;[m &amp#27;[35m[@503 - main]&amp#27;[m &amp#27;[36mcom.shaft.tools.io.ReportManager&amp#27;[m : Successfully created attachment "API Request - Body"
2023-02-07 11:03:24.306 &amp#27;[32m INFO&amp#27;[m &amp#27;[35m[@503 - main]&amp#27;[m &amp#27;[36mcom.shaft.tools.io.ReportManager&amp#27;[m : Successfully created attachment "API Response - JSON Body"
2023-02-07 11:03:24.311 &amp#27;[32m INFO&amp#27;[m &amp#27;[35m[@503 - main]&amp#27;[m &amp#27;[36mcom.shaft.tools.io.ReportManager&amp#27;[m : File Action "DoesFileExist" successfully performed. With the following test data "File Path: "SteeringCompanyAPI_TestData/SteeringCompanyAPI_TestData.xlsx"".
2023-02-07 11:03:24.325 &amp#27;[32m INFO&amp#27;[m &amp#27;[35m[@503 - main]&amp#27;[m &amp#27;[36mcom.shaft.tools.io.ReportManager&amp#27;[m : Successfully created attachment "Test Data - Excel"
2023-02-07 11:03:24.325 &amp#27;[32m INFO&amp#27;[m &amp#27;[35m[@503 - main]&amp#27;[m &amp#27;[36mcom.shaft.tools.io.ReportManager&amp#27;[m : File Action "DoesFileExist" successfully performed. With the following test data "File Path: "SteeringCompanyAPI_TestData/SteeringCompanyAPI_TestData.xlsx"".
2023-02-07 11:03:24.337 &amp#27;[32m INFO&amp#27;[m &amp#27;[35m[@503 - main]&amp#27;[m &amp#27;[36mcom.shaft.tools.io.ReportManager&amp#27;[m : Successfully created attachment "Test Data - Excel"
2023-02-07 11:03:24.338 &amp#27;[32m INFO&amp#27;[m &amp#27;[35m[@503 - main]&amp#27;[m &amp#27;[36mcom.shaft.tools.io.ReportManager&amp#27;[m : File Action "DoesFileExist" successfully performed. With the following test data "File Path: "SteeringCompanyAPI_TestData/SteeringCompanyAPI_TestData.xlsx"".
2023-02-07 11:03:24.351 &amp#27;[32m INFO&amp#27;[m &amp#27;[35m[@503 - main]&amp#27;[m &amp#27;[36mcom.shaft.tools.io.ReportManager&amp#27;[m : Successfully created attachment "Test Data - Excel"
2023-02-07 11:03:24.878 &amp#27;[32m INFO&amp#27;[m &amp#27;[35m[@503 - main]&amp#27;[m &amp#27;[36mcom.shaft.tools.io.ReportManager&amp#27;[m : Response status code: "422", status line: "HTTP/1.1 422 "
2023-02-07 11:03:24.885 &amp#27;[32m INFO&amp#27;[m &amp#27;[35m[@503 - main]&amp#27;[m &amp#27;[36mcom.shaft.tools.io.ReportManager&amp#27;[m : Successfully created attachment "API Request - Specifications"
2023-02-07 11:03:24.886 &amp#27;[32m INFO&amp#27;[m &amp#27;[35m[@503 - main]&amp#27;[m &amp#27;[36mcom.shaft.tools.io.ReportManager&amp#27;[m : Successfully created attachment "API Request - JSON Body"
2023-02-07 11:03:24.886 &amp#27;[32m INFO&amp#27;[m &amp#27;[35m[@503 - main]&amp#27;[m &amp#27;[36mcom.shaft.tools.io.ReportManager&amp#27;[m : Successfully created attachment "API Response - JSON Body"
2023-02-07 11:03:24.887 &amp#27;[32m INFO&amp#27;[m &amp#27;[35m[@503 - main]&amp#27;[m &amp#27;[36mcom.shaft.tools.io.ReportManager&amp#27;[m : File Action "DoesFileExist" successfully performed. With the following test data "File Path: "Schemas/ValidationError_schema.json"".
2023-02-07 11:03:24.887 &amp#27;[32m INFO&amp#27;[m &amp#27;[35m[@503 - main]&amp#27;[m &amp#27;[36mcom.shaft.tools.io.ReportManager&amp#27;[m : File Action "DoesFileExist" successfully performed. With the following test data "File Path: "src/test/resources/testDataFiles/Schemas/ValidationError_schema.json"".
2023-02-07 11:03:24.887 &amp#27;[32m INFO&amp#27;[m &amp#27;[35m[@503 - main]&amp#27;[m &amp#27;[36mcom.shaft.tools.io.ReportManager&amp#27;[m : File Action "GetAbsolutePath" successfully performed. With the following test data "Relative Folder Path: "src/test/resources/testDataFiles/Schemas/ValidationError_schema.json"".
2023-02-07 11:03:24.888 &amp#27;[32m INFO&amp#27;[m &amp#27;[35m[@503 - main]&amp#27;[m &amp#27;[36mcom.shaft.tools.io.ReportManager&amp#27;[m : File Action "DoesFileExist" successfully performed. With the following test data "File Path: "C:\eclipse-workspace\MyProjects\TASystemsAPIs\src\test\resources\testDataFiles\Schemas\ValidationError_schema.json"".
2023-02-07 11:03:24.888 &amp#27;[32m INFO&amp#27;[m &amp#27;[35m[@503 - main]&amp#27;[m &amp#27;[36mcom.shaft.tools.io.ReportManager&amp#27;[m : File Action "GetAbsolutePath" successfully performed. With the following test data "Relative Folder Path: "C:\eclipse-workspace\MyProjects\TASystemsAPIs\src\test\resources\testDataFiles\Schemas\ValidationError_schema.json"".
2023-02-07 11:03:24.888 &amp#27;[32m INFO&amp#27;[m &amp#27;[35m[@503 - main]&amp#27;[m &amp#27;[36mcom.shaft.tools.io.ReportManager&amp#27;[m : File Action "ReadFile" successfully performed. With the following test data "File Path: "C:\eclipse-workspace\MyProjects\TASystemsAPIs\src\test\resources\testDataFiles\Schemas\ValidationError_schema.json"".
2023-02-07 11:03:24.892 &amp#27;[32m INFO&amp#27;[m &amp#27;[35m[@503 - main]&amp#27;[m &amp#27;[36mcom.shaft.tools.io.ReportManager&amp#27;[m : Successfully created attachment "Validation Test Data - Expected JSON Value"
2023-02-07 11:03:24.892 &amp#27;[32m INFO&amp#27;[m &amp#27;[35m[@503 - main]&amp#27;[m &amp#27;[36mcom.shaft.tools.io.ReportManager&amp#27;[m : Successfully created attachment "Validation Test Data - Actual JSON Value"
2023-02-07 11:03:24.892 &amp#27;[32m INFO&amp#27;[m &amp#27;[35m[@503 - main]&amp#27;[m &amp#27;[36mcom.shaft.tools.io.ReportManager&amp#27;[m : Successfully created attachment "SHAFT Engine Logs - Current Method log: Update_Policy_With_Missing_Keys_TC"
]]></system-out>
  </testcase>
  <testcase name="Update_Policy_With_Missing_Keys_TC[[Ljava.lang.Object;@5e049b25](21)" classname="SteeringCompanyAPI_TestCases.Test_Policies_Cases" time="1.437">
    <system-out><![CDATA[2023-02-07 11:03:24.894 &amp#27;[32m INFO&amp#27;[m &amp#27;[35m[@534 - main]&amp#27;[m &amp#27;[36mcom.shaft.tools.io.ReportManager&amp#27;[m : 
################################################################################################################################################
Starting Execution:	"362 out of 107" test cases in the current suite
Test Method:		"SteeringCompanyAPI_TestCases.Test_Policies_Cases.Update_Policy_With_Missing_Keys_TC"
Test Description:	"TC051 -Policy- Perform Update Policy with Missing Keys"
################################################################################################################################################
2023-02-07 11:03:24.894 &amp#27;[32m INFO&amp#27;[m &amp#27;[35m[@503 - main]&amp#27;[m &amp#27;[36mcom.shaft.tools.io.ReportManager&amp#27;[m : File Action "DoesFileExist" successfully performed. With the following test data "File Path: "SteeringCompanyAPI_TestData/SteeringCompanyAPI_TestData.xlsx"".
2023-02-07 11:03:24.908 &amp#27;[32m INFO&amp#27;[m &amp#27;[35m[@503 - main]&amp#27;[m &amp#27;[36mcom.shaft.tools.io.ReportManager&amp#27;[m : Successfully created attachment "Test Data - Excel"
2023-02-07 11:03:25.536 &amp#27;[32m INFO&amp#27;[m &amp#27;[35m[@503 - main]&amp#27;[m &amp#27;[36mcom.shaft.tools.io.ReportManager&amp#27;[m : Response status code: "200", status line: "HTTP/1.1 200 OK"
2023-02-07 11:03:25.547 &amp#27;[32m INFO&amp#27;[m &amp#27;[35m[@503 - main]&amp#27;[m &amp#27;[36mcom.shaft.tools.io.ReportManager&amp#27;[m : Successfully created attachment "API Request - Specifications"
2023-02-07 11:03:25.548 &amp#27;[32m INFO&amp#27;[m &amp#27;[35m[@503 - main]&amp#27;[m &amp#27;[36mcom.shaft.tools.io.ReportManager&amp#27;[m : Successfully created attachment "API Request - Body"
2023-02-07 11:03:25.549 &amp#27;[32m INFO&amp#27;[m &amp#27;[35m[@503 - main]&amp#27;[m &amp#27;[36mcom.shaft.tools.io.ReportManager&amp#27;[m : Successfully created attachment "API Response - JSON Body"
2023-02-07 11:03:25.553 &amp#27;[32m INFO&amp#27;[m &amp#27;[35m[@503 - main]&amp#27;[m &amp#27;[36mcom.shaft.tools.io.ReportManager&amp#27;[m : File Action "DoesFileExist" successfully performed. With the following test data "File Path: "SteeringCompanyAPI_TestData/SteeringCompanyAPI_TestData.xlsx"".
2023-02-07 11:03:25.569 &amp#27;[32m INFO&amp#27;[m &amp#27;[35m[@503 - main]&amp#27;[m &amp#27;[36mcom.shaft.tools.io.ReportManager&amp#27;[m : Successfully created attachment "Test Data - Excel"
2023-02-07 11:03:25.569 &amp#27;[32m INFO&amp#27;[m &amp#27;[35m[@503 - main]&amp#27;[m &amp#27;[36mcom.shaft.tools.io.ReportManager&amp#27;[m : File Action "DoesFileExist" successfully performed. With the following test data "File Path: "SteeringCompanyAPI_TestData/SteeringCompanyAPI_TestData.xlsx"".
2023-02-07 11:03:25.582 &amp#27;[32m INFO&amp#27;[m &amp#27;[35m[@503 - main]&amp#27;[m &amp#27;[36mcom.shaft.tools.io.ReportManager&amp#27;[m : Successfully created attachment "Test Data - Excel"
2023-02-07 11:03:25.582 &amp#27;[32m INFO&amp#27;[m &amp#27;[35m[@503 - main]&amp#27;[m &amp#27;[36mcom.shaft.tools.io.ReportManager&amp#27;[m : File Action "DoesFileExist" successfully performed. With the following test data "File Path: "SteeringCompanyAPI_TestData/SteeringCompanyAPI_TestData.xlsx"".
2023-02-07 11:03:25.595 &amp#27;[32m INFO&amp#27;[m &amp#27;[35m[@503 - main]&amp#27;[m &amp#27;[36mcom.shaft.tools.io.ReportManager&amp#27;[m : Successfully created attachment "Test Data - Excel"
2023-02-07 11:03:26.313 &amp#27;[32m INFO&amp#27;[m &amp#27;[35m[@503 - main]&amp#27;[m &amp#27;[36mcom.shaft.tools.io.ReportManager&amp#27;[m : Response status code: "422", status line: "HTTP/1.1 422 "
2023-02-07 11:03:26.322 &amp#27;[32m INFO&amp#27;[m &amp#27;[35m[@503 - main]&amp#27;[m &amp#27;[36mcom.shaft.tools.io.ReportManager&amp#27;[m : Successfully created attachment "API Request - Specifications"
2023-02-07 11:03:26.325 &amp#27;[32m INFO&amp#27;[m &amp#27;[35m[@503 - main]&amp#27;[m &amp#27;[36mcom.shaft.tools.io.ReportManager&amp#27;[m : Successfully created attachment "API Request - JSON Body"
2023-02-07 11:03:26.325 &amp#27;[32m INFO&amp#27;[m &amp#27;[35m[@503 - main]&amp#27;[m &amp#27;[36mcom.shaft.tools.io.ReportManager&amp#27;[m : Successfully created attachment "API Response - JSON Body"
2023-02-07 11:03:26.326 &amp#27;[32m INFO&amp#27;[m &amp#27;[35m[@503 - main]&amp#27;[m &amp#27;[36mcom.shaft.tools.io.ReportManager&amp#27;[m : File Action "DoesFileExist" successfully performed. With the following test data "File Path: "Schemas/ValidationError_schema.json"".
2023-02-07 11:03:26.326 &amp#27;[32m INFO&amp#27;[m &amp#27;[35m[@503 - main]&amp#27;[m &amp#27;[36mcom.shaft.tools.io.ReportManager&amp#27;[m : File Action "DoesFileExist" successfully performed. With the following test data "File Path: "src/test/resources/testDataFiles/Schemas/ValidationError_schema.json"".
2023-02-07 11:03:26.326 &amp#27;[32m INFO&amp#27;[m &amp#27;[35m[@503 - main]&amp#27;[m &amp#27;[36mcom.shaft.tools.io.ReportManager&amp#27;[m : File Action "GetAbsolutePath" successfully performed. With the following test data "Relative Folder Path: "src/test/resources/testDataFiles/Schemas/ValidationError_schema.json"".
2023-02-07 11:03:26.327 &amp#27;[32m INFO&amp#27;[m &amp#27;[35m[@503 - main]&amp#27;[m &amp#27;[36mcom.shaft.tools.io.ReportManager&amp#27;[m : File Action "DoesFileExist" successfully performed. With the following test data "File Path: "C:\eclipse-workspace\MyProjects\TASystemsAPIs\src\test\resources\testDataFiles\Schemas\ValidationError_schema.json"".
2023-02-07 11:03:26.327 &amp#27;[32m INFO&amp#27;[m &amp#27;[35m[@503 - main]&amp#27;[m &amp#27;[36mcom.shaft.tools.io.ReportManager&amp#27;[m : File Action "GetAbsolutePath" successfully performed. With the following test data "Relative Folder Path: "C:\eclipse-workspace\MyProjects\TASystemsAPIs\src\test\resources\testDataFiles\Schemas\ValidationError_schema.json"".
2023-02-07 11:03:26.327 &amp#27;[32m INFO&amp#27;[m &amp#27;[35m[@503 - main]&amp#27;[m &amp#27;[36mcom.shaft.tools.io.ReportManager&amp#27;[m : File Action "ReadFile" successfully performed. With the following test data "File Path: "C:\eclipse-workspace\MyProjects\TASystemsAPIs\src\test\resources\testDataFiles\Schemas\ValidationError_schema.json"".
2023-02-07 11:03:26.328 &amp#27;[32m INFO&amp#27;[m &amp#27;[35m[@503 - main]&amp#27;[m &amp#27;[36mcom.shaft.tools.io.ReportManager&amp#27;[m : Successfully created attachment "Validation Test Data - Expected JSON Value"
2023-02-07 11:03:26.328 &amp#27;[32m INFO&amp#27;[m &amp#27;[35m[@503 - main]&amp#27;[m &amp#27;[36mcom.shaft.tools.io.ReportManager&amp#27;[m : Successfully created attachment "Validation Test Data - Actual JSON Value"
2023-02-07 11:03:26.329 &amp#27;[32m INFO&amp#27;[m &amp#27;[35m[@503 - main]&amp#27;[m &amp#27;[36mcom.shaft.tools.io.ReportManager&amp#27;[m : Successfully created attachment "SHAFT Engine Logs - Current Method log: Update_Policy_With_Missing_Keys_TC"
]]></system-out>
  </testcase>
  <testcase name="Update_Policy_With_Missing_Keys_TC[[Ljava.lang.Object;@5b9cf0bf](22)" classname="SteeringCompanyAPI_TestCases.Test_Policies_Cases" time="2.48">
    <system-out><![CDATA[2023-02-07 11:03:26.331 &amp#27;[32m INFO&amp#27;[m &amp#27;[35m[@534 - main]&amp#27;[m &amp#27;[36mcom.shaft.tools.io.ReportManager&amp#27;[m : 
################################################################################################################################################
Starting Execution:	"363 out of 107" test cases in the current suite
Test Method:		"SteeringCompanyAPI_TestCases.Test_Policies_Cases.Update_Policy_With_Missing_Keys_TC"
Test Description:	"TC051 -Policy- Perform Update Policy with Missing Keys"
################################################################################################################################################
2023-02-07 11:03:26.331 &amp#27;[32m INFO&amp#27;[m &amp#27;[35m[@503 - main]&amp#27;[m &amp#27;[36mcom.shaft.tools.io.ReportManager&amp#27;[m : File Action "DoesFileExist" successfully performed. With the following test data "File Path: "SteeringCompanyAPI_TestData/SteeringCompanyAPI_TestData.xlsx"".
2023-02-07 11:03:26.344 &amp#27;[32m INFO&amp#27;[m &amp#27;[35m[@503 - main]&amp#27;[m &amp#27;[36mcom.shaft.tools.io.ReportManager&amp#27;[m : Successfully created attachment "Test Data - Excel"
2023-02-07 11:03:27.220 &amp#27;[32m INFO&amp#27;[m &amp#27;[35m[@503 - main]&amp#27;[m &amp#27;[36mcom.shaft.tools.io.ReportManager&amp#27;[m : Response status code: "200", status line: "HTTP/1.1 200 OK"
2023-02-07 11:03:27.235 &amp#27;[32m INFO&amp#27;[m &amp#27;[35m[@503 - main]&amp#27;[m &amp#27;[36mcom.shaft.tools.io.ReportManager&amp#27;[m : Successfully created attachment "API Request - Specifications"
2023-02-07 11:03:27.236 &amp#27;[32m INFO&amp#27;[m &amp#27;[35m[@503 - main]&amp#27;[m &amp#27;[36mcom.shaft.tools.io.ReportManager&amp#27;[m : Successfully created attachment "API Request - Body"
2023-02-07 11:03:27.236 &amp#27;[32m INFO&amp#27;[m &amp#27;[35m[@503 - main]&amp#27;[m &amp#27;[36mcom.shaft.tools.io.ReportManager&amp#27;[m : Successfully created attachment "API Response - JSON Body"
2023-02-07 11:03:27.241 &amp#27;[32m INFO&amp#27;[m &amp#27;[35m[@503 - main]&amp#27;[m &amp#27;[36mcom.shaft.tools.io.ReportManager&amp#27;[m : File Action "DoesFileExist" successfully performed. With the following test data "File Path: "SteeringCompanyAPI_TestData/SteeringCompanyAPI_TestData.xlsx"".
2023-02-07 11:03:27.254 &amp#27;[32m INFO&amp#27;[m &amp#27;[35m[@503 - main]&amp#27;[m &amp#27;[36mcom.shaft.tools.io.ReportManager&amp#27;[m : Successfully created attachment "Test Data - Excel"
2023-02-07 11:03:27.254 &amp#27;[32m INFO&amp#27;[m &amp#27;[35m[@503 - main]&amp#27;[m &amp#27;[36mcom.shaft.tools.io.ReportManager&amp#27;[m : File Action "DoesFileExist" successfully performed. With the following test data "File Path: "SteeringCompanyAPI_TestData/SteeringCompanyAPI_TestData.xlsx"".
2023-02-07 11:03:27.266 &amp#27;[32m INFO&amp#27;[m &amp#27;[35m[@503 - main]&amp#27;[m &amp#27;[36mcom.shaft.tools.io.ReportManager&amp#27;[m : Successfully created attachment "Test Data - Excel"
2023-02-07 11:03:27.267 &amp#27;[32m INFO&amp#27;[m &amp#27;[35m[@503 - main]&amp#27;[m &amp#27;[36mcom.shaft.tools.io.ReportManager&amp#27;[m : File Action "DoesFileExist" successfully performed. With the following test data "File Path: "SteeringCompanyAPI_TestData/SteeringCompanyAPI_TestData.xlsx"".
2023-02-07 11:03:27.280 &amp#27;[32m INFO&amp#27;[m &amp#27;[35m[@503 - main]&amp#27;[m &amp#27;[36mcom.shaft.tools.io.ReportManager&amp#27;[m : Successfully created attachment "Test Data - Excel"
2023-02-07 11:03:28.792 &amp#27;[32m INFO&amp#27;[m &amp#27;[35m[@503 - main]&amp#27;[m &amp#27;[36mcom.shaft.tools.io.ReportManager&amp#27;[m : Response status code: "422", status line: "HTTP/1.1 422 "
2023-02-07 11:03:28.800 &amp#27;[32m INFO&amp#27;[m &amp#27;[35m[@503 - main]&amp#27;[m &amp#27;[36mcom.shaft.tools.io.ReportManager&amp#27;[m : Successfully created attachment "API Request - Specifications"
2023-02-07 11:03:28.803 &amp#27;[32m INFO&amp#27;[m &amp#27;[35m[@503 - main]&amp#27;[m &amp#27;[36mcom.shaft.tools.io.ReportManager&amp#27;[m : Successfully created attachment "API Request - JSON Body"
2023-02-07 11:03:28.804 &amp#27;[32m INFO&amp#27;[m &amp#27;[35m[@503 - main]&amp#27;[m &amp#27;[36mcom.shaft.tools.io.ReportManager&amp#27;[m : Successfully created attachment "API Response - JSON Body"
2023-02-07 11:03:28.804 &amp#27;[32m INFO&amp#27;[m &amp#27;[35m[@503 - main]&amp#27;[m &amp#27;[36mcom.shaft.tools.io.ReportManager&amp#27;[m : File Action "DoesFileExist" successfully performed. With the following test data "File Path: "Schemas/ValidationError_schema.json"".
2023-02-07 11:03:28.804 &amp#27;[32m INFO&amp#27;[m &amp#27;[35m[@503 - main]&amp#27;[m &amp#27;[36mcom.shaft.tools.io.ReportManager&amp#27;[m : File Action "DoesFileExist" successfully performed. With the following test data "File Path: "src/test/resources/testDataFiles/Schemas/ValidationError_schema.json"".
2023-02-07 11:03:28.804 &amp#27;[32m INFO&amp#27;[m &amp#27;[35m[@503 - main]&amp#27;[m &amp#27;[36mcom.shaft.tools.io.ReportManager&amp#27;[m : File Action "GetAbsolutePath" successfully performed. With the following test data "Relative Folder Path: "src/test/resources/testDataFiles/Schemas/ValidationError_schema.json"".
2023-02-07 11:03:28.806 &amp#27;[32m INFO&amp#27;[m &amp#27;[35m[@503 - main]&amp#27;[m &amp#27;[36mcom.shaft.tools.io.ReportManager&amp#27;[m : File Action "DoesFileExist" successfully performed. With the following test data "File Path: "C:\eclipse-workspace\MyProjects\TASystemsAPIs\src\test\resources\testDataFiles\Schemas\ValidationError_schema.json"".
2023-02-07 11:03:28.806 &amp#27;[32m INFO&amp#27;[m &amp#27;[35m[@503 - main]&amp#27;[m &amp#27;[36mcom.shaft.tools.io.ReportManager&amp#27;[m : File Action "GetAbsolutePath" successfully performed. With the following test data "Relative Folder Path: "C:\eclipse-workspace\MyProjects\TASystemsAPIs\src\test\resources\testDataFiles\Schemas\ValidationError_schema.json"".
2023-02-07 11:03:28.806 &amp#27;[32m INFO&amp#27;[m &amp#27;[35m[@503 - main]&amp#27;[m &amp#27;[36mcom.shaft.tools.io.ReportManager&amp#27;[m : File Action "ReadFile" successfully performed. With the following test data "File Path: "C:\eclipse-workspace\MyProjects\TASystemsAPIs\src\test\resources\testDataFiles\Schemas\ValidationError_schema.json"".
2023-02-07 11:03:28.806 &amp#27;[32m INFO&amp#27;[m &amp#27;[35m[@503 - main]&amp#27;[m &amp#27;[36mcom.shaft.tools.io.ReportManager&amp#27;[m : Successfully created attachment "Validation Test Data - Expected JSON Value"
2023-02-07 11:03:28.807 &amp#27;[32m INFO&amp#27;[m &amp#27;[35m[@503 - main]&amp#27;[m &amp#27;[36mcom.shaft.tools.io.ReportManager&amp#27;[m : Successfully created attachment "Validation Test Data - Actual JSON Value"
2023-02-07 11:03:28.809 &amp#27;[32m INFO&amp#27;[m &amp#27;[35m[@503 - main]&amp#27;[m &amp#27;[36mcom.shaft.tools.io.ReportManager&amp#27;[m : Successfully created attachment "SHAFT Engine Logs - Current Method log: Update_Policy_With_Missing_Keys_TC"
]]></system-out>
  </testcase>
  <testcase name="Update_Policy_With_Missing_Keys_TC[[Ljava.lang.Object;@260b2f03](23)" classname="SteeringCompanyAPI_TestCases.Test_Policies_Cases" time="1.458">
    <system-out><![CDATA[2023-02-07 11:03:28.810 &amp#27;[32m INFO&amp#27;[m &amp#27;[35m[@534 - main]&amp#27;[m &amp#27;[36mcom.shaft.tools.io.ReportManager&amp#27;[m : 
################################################################################################################################################
Starting Execution:	"364 out of 107" test cases in the current suite
Test Method:		"SteeringCompanyAPI_TestCases.Test_Policies_Cases.Update_Policy_With_Missing_Keys_TC"
Test Description:	"TC051 -Policy- Perform Update Policy with Missing Keys"
################################################################################################################################################
2023-02-07 11:03:28.811 &amp#27;[32m INFO&amp#27;[m &amp#27;[35m[@503 - main]&amp#27;[m &amp#27;[36mcom.shaft.tools.io.ReportManager&amp#27;[m : File Action "DoesFileExist" successfully performed. With the following test data "File Path: "SteeringCompanyAPI_TestData/SteeringCompanyAPI_TestData.xlsx"".
2023-02-07 11:03:28.829 &amp#27;[32m INFO&amp#27;[m &amp#27;[35m[@503 - main]&amp#27;[m &amp#27;[36mcom.shaft.tools.io.ReportManager&amp#27;[m : Successfully created attachment "Test Data - Excel"
2023-02-07 11:03:29.463 &amp#27;[32m INFO&amp#27;[m &amp#27;[35m[@503 - main]&amp#27;[m &amp#27;[36mcom.shaft.tools.io.ReportManager&amp#27;[m : Response status code: "200", status line: "HTTP/1.1 200 OK"
2023-02-07 11:03:29.473 &amp#27;[32m INFO&amp#27;[m &amp#27;[35m[@503 - main]&amp#27;[m &amp#27;[36mcom.shaft.tools.io.ReportManager&amp#27;[m : Successfully created attachment "API Request - Specifications"
2023-02-07 11:03:29.474 &amp#27;[32m INFO&amp#27;[m &amp#27;[35m[@503 - main]&amp#27;[m &amp#27;[36mcom.shaft.tools.io.ReportManager&amp#27;[m : Successfully created attachment "API Request - Body"
2023-02-07 11:03:29.474 &amp#27;[32m INFO&amp#27;[m &amp#27;[35m[@503 - main]&amp#27;[m &amp#27;[36mcom.shaft.tools.io.ReportManager&amp#27;[m : Successfully created attachment "API Response - JSON Body"
2023-02-07 11:03:29.479 &amp#27;[32m INFO&amp#27;[m &amp#27;[35m[@503 - main]&amp#27;[m &amp#27;[36mcom.shaft.tools.io.ReportManager&amp#27;[m : File Action "DoesFileExist" successfully performed. With the following test data "File Path: "SteeringCompanyAPI_TestData/SteeringCompanyAPI_TestData.xlsx"".
2023-02-07 11:03:29.493 &amp#27;[32m INFO&amp#27;[m &amp#27;[35m[@503 - main]&amp#27;[m &amp#27;[36mcom.shaft.tools.io.ReportManager&amp#27;[m : Successfully created attachment "Test Data - Excel"
2023-02-07 11:03:29.493 &amp#27;[32m INFO&amp#27;[m &amp#27;[35m[@503 - main]&amp#27;[m &amp#27;[36mcom.shaft.tools.io.ReportManager&amp#27;[m : File Action "DoesFileExist" successfully performed. With the following test data "File Path: "SteeringCompanyAPI_TestData/SteeringCompanyAPI_TestData.xlsx"".
2023-02-07 11:03:29.507 &amp#27;[32m INFO&amp#27;[m &amp#27;[35m[@503 - main]&amp#27;[m &amp#27;[36mcom.shaft.tools.io.ReportManager&amp#27;[m : Successfully created attachment "Test Data - Excel"
2023-02-07 11:03:29.507 &amp#27;[32m INFO&amp#27;[m &amp#27;[35m[@503 - main]&amp#27;[m &amp#27;[36mcom.shaft.tools.io.ReportManager&amp#27;[m : File Action "DoesFileExist" successfully performed. With the following test data "File Path: "SteeringCompanyAPI_TestData/SteeringCompanyAPI_TestData.xlsx"".
2023-02-07 11:03:29.522 &amp#27;[32m INFO&amp#27;[m &amp#27;[35m[@503 - main]&amp#27;[m &amp#27;[36mcom.shaft.tools.io.ReportManager&amp#27;[m : Successfully created attachment "Test Data - Excel"
2023-02-07 11:03:30.251 &amp#27;[32m INFO&amp#27;[m &amp#27;[35m[@503 - main]&amp#27;[m &amp#27;[36mcom.shaft.tools.io.ReportManager&amp#27;[m : Response status code: "422", status line: "HTTP/1.1 422 "
2023-02-07 11:03:30.259 &amp#27;[32m INFO&amp#27;[m &amp#27;[35m[@503 - main]&amp#27;[m &amp#27;[36mcom.shaft.tools.io.ReportManager&amp#27;[m : Successfully created attachment "API Request - Specifications"
2023-02-07 11:03:30.259 &amp#27;[32m INFO&amp#27;[m &amp#27;[35m[@503 - main]&amp#27;[m &amp#27;[36mcom.shaft.tools.io.ReportManager&amp#27;[m : Successfully created attachment "API Request - JSON Body"
2023-02-07 11:03:30.261 &amp#27;[32m INFO&amp#27;[m &amp#27;[35m[@503 - main]&amp#27;[m &amp#27;[36mcom.shaft.tools.io.ReportManager&amp#27;[m : Successfully created attachment "API Response - JSON Body"
2023-02-07 11:03:30.262 &amp#27;[32m INFO&amp#27;[m &amp#27;[35m[@503 - main]&amp#27;[m &amp#27;[36mcom.shaft.tools.io.ReportManager&amp#27;[m : File Action "DoesFileExist" successfully performed. With the following test data "File Path: "Schemas/ValidationError_schema.json"".
2023-02-07 11:03:30.262 &amp#27;[32m INFO&amp#27;[m &amp#27;[35m[@503 - main]&amp#27;[m &amp#27;[36mcom.shaft.tools.io.ReportManager&amp#27;[m : File Action "DoesFileExist" successfully performed. With the following test data "File Path: "src/test/resources/testDataFiles/Schemas/ValidationError_schema.json"".
2023-02-07 11:03:30.262 &amp#27;[32m INFO&amp#27;[m &amp#27;[35m[@503 - main]&amp#27;[m &amp#27;[36mcom.shaft.tools.io.ReportManager&amp#27;[m : File Action "GetAbsolutePath" successfully performed. With the following test data "Relative Folder Path: "src/test/resources/testDataFiles/Schemas/ValidationError_schema.json"".
2023-02-07 11:03:30.264 &amp#27;[32m INFO&amp#27;[m &amp#27;[35m[@503 - main]&amp#27;[m &amp#27;[36mcom.shaft.tools.io.ReportManager&amp#27;[m : File Action "DoesFileExist" successfully performed. With the following test data "File Path: "C:\eclipse-workspace\MyProjects\TASystemsAPIs\src\test\resources\testDataFiles\Schemas\ValidationError_schema.json"".
2023-02-07 11:03:30.264 &amp#27;[32m INFO&amp#27;[m &amp#27;[35m[@503 - main]&amp#27;[m &amp#27;[36mcom.shaft.tools.io.ReportManager&amp#27;[m : File Action "GetAbsolutePath" successfully performed. With the following test data "Relative Folder Path: "C:\eclipse-workspace\MyProjects\TASystemsAPIs\src\test\resources\testDataFiles\Schemas\ValidationError_schema.json"".
2023-02-07 11:03:30.265 &amp#27;[32m INFO&amp#27;[m &amp#27;[35m[@503 - main]&amp#27;[m &amp#27;[36mcom.shaft.tools.io.ReportManager&amp#27;[m : File Action "ReadFile" successfully performed. With the following test data "File Path: "C:\eclipse-workspace\MyProjects\TASystemsAPIs\src\test\resources\testDataFiles\Schemas\ValidationError_schema.json"".
2023-02-07 11:03:30.265 &amp#27;[32m INFO&amp#27;[m &amp#27;[35m[@503 - main]&amp#27;[m &amp#27;[36mcom.shaft.tools.io.ReportManager&amp#27;[m : Successfully created attachment "Validation Test Data - Expected JSON Value"
2023-02-07 11:03:30.266 &amp#27;[32m INFO&amp#27;[m &amp#27;[35m[@503 - main]&amp#27;[m &amp#27;[36mcom.shaft.tools.io.ReportManager&amp#27;[m : Successfully created attachment "Validation Test Data - Actual JSON Value"
2023-02-07 11:03:30.266 &amp#27;[32m INFO&amp#27;[m &amp#27;[35m[@503 - main]&amp#27;[m &amp#27;[36mcom.shaft.tools.io.ReportManager&amp#27;[m : Successfully created attachment "SHAFT Engine Logs - Current Method log: Update_Policy_With_Missing_Keys_TC"
]]></system-out>
  </testcase>
  <testcase name="Update_Policy_With_Missing_Keys_TC[[Ljava.lang.Object;@3e5629f](24)" classname="SteeringCompanyAPI_TestCases.Test_Policies_Cases" time="1.463">
    <system-out><![CDATA[2023-02-07 11:03:30.268 &amp#27;[32m INFO&amp#27;[m &amp#27;[35m[@534 - main]&amp#27;[m &amp#27;[36mcom.shaft.tools.io.ReportManager&amp#27;[m : 
################################################################################################################################################
Starting Execution:	"365 out of 107" test cases in the current suite
Test Method:		"SteeringCompanyAPI_TestCases.Test_Policies_Cases.Update_Policy_With_Missing_Keys_TC"
Test Description:	"TC051 -Policy- Perform Update Policy with Missing Keys"
################################################################################################################################################
2023-02-07 11:03:30.269 &amp#27;[32m INFO&amp#27;[m &amp#27;[35m[@503 - main]&amp#27;[m &amp#27;[36mcom.shaft.tools.io.ReportManager&amp#27;[m : File Action "DoesFileExist" successfully performed. With the following test data "File Path: "SteeringCompanyAPI_TestData/SteeringCompanyAPI_TestData.xlsx"".
2023-02-07 11:03:30.282 &amp#27;[32m INFO&amp#27;[m &amp#27;[35m[@503 - main]&amp#27;[m &amp#27;[36mcom.shaft.tools.io.ReportManager&amp#27;[m : Successfully created attachment "Test Data - Excel"
2023-02-07 11:03:30.916 &amp#27;[32m INFO&amp#27;[m &amp#27;[35m[@503 - main]&amp#27;[m &amp#27;[36mcom.shaft.tools.io.ReportManager&amp#27;[m : Response status code: "200", status line: "HTTP/1.1 200 OK"
2023-02-07 11:03:30.924 &amp#27;[32m INFO&amp#27;[m &amp#27;[35m[@503 - main]&amp#27;[m &amp#27;[36mcom.shaft.tools.io.ReportManager&amp#27;[m : Successfully created attachment "API Request - Specifications"
2023-02-07 11:03:30.925 &amp#27;[32m INFO&amp#27;[m &amp#27;[35m[@503 - main]&amp#27;[m &amp#27;[36mcom.shaft.tools.io.ReportManager&amp#27;[m : Successfully created attachment "API Request - Body"
2023-02-07 11:03:30.925 &amp#27;[32m INFO&amp#27;[m &amp#27;[35m[@503 - main]&amp#27;[m &amp#27;[36mcom.shaft.tools.io.ReportManager&amp#27;[m : Successfully created attachment "API Response - JSON Body"
2023-02-07 11:03:30.931 &amp#27;[32m INFO&amp#27;[m &amp#27;[35m[@503 - main]&amp#27;[m &amp#27;[36mcom.shaft.tools.io.ReportManager&amp#27;[m : File Action "DoesFileExist" successfully performed. With the following test data "File Path: "SteeringCompanyAPI_TestData/SteeringCompanyAPI_TestData.xlsx"".
2023-02-07 11:03:30.950 &amp#27;[32m INFO&amp#27;[m &amp#27;[35m[@503 - main]&amp#27;[m &amp#27;[36mcom.shaft.tools.io.ReportManager&amp#27;[m : Successfully created attachment "Test Data - Excel"
2023-02-07 11:03:30.951 &amp#27;[32m INFO&amp#27;[m &amp#27;[35m[@503 - main]&amp#27;[m &amp#27;[36mcom.shaft.tools.io.ReportManager&amp#27;[m : File Action "DoesFileExist" successfully performed. With the following test data "File Path: "SteeringCompanyAPI_TestData/SteeringCompanyAPI_TestData.xlsx"".
2023-02-07 11:03:30.964 &amp#27;[32m INFO&amp#27;[m &amp#27;[35m[@503 - main]&amp#27;[m &amp#27;[36mcom.shaft.tools.io.ReportManager&amp#27;[m : Successfully created attachment "Test Data - Excel"
2023-02-07 11:03:30.964 &amp#27;[32m INFO&amp#27;[m &amp#27;[35m[@503 - main]&amp#27;[m &amp#27;[36mcom.shaft.tools.io.ReportManager&amp#27;[m : File Action "DoesFileExist" successfully performed. With the following test data "File Path: "SteeringCompanyAPI_TestData/SteeringCompanyAPI_TestData.xlsx"".
2023-02-07 11:03:30.979 &amp#27;[32m INFO&amp#27;[m &amp#27;[35m[@503 - main]&amp#27;[m &amp#27;[36mcom.shaft.tools.io.ReportManager&amp#27;[m : Successfully created attachment "Test Data - Excel"
2023-02-07 11:03:31.715 &amp#27;[32m INFO&amp#27;[m &amp#27;[35m[@503 - main]&amp#27;[m &amp#27;[36mcom.shaft.tools.io.ReportManager&amp#27;[m : Response status code: "422", status line: "HTTP/1.1 422 "
2023-02-07 11:03:31.722 &amp#27;[32m INFO&amp#27;[m &amp#27;[35m[@503 - main]&amp#27;[m &amp#27;[36mcom.shaft.tools.io.ReportManager&amp#27;[m : Successfully created attachment "API Request - Specifications"
2023-02-07 11:03:31.722 &amp#27;[32m INFO&amp#27;[m &amp#27;[35m[@503 - main]&amp#27;[m &amp#27;[36mcom.shaft.tools.io.ReportManager&amp#27;[m : Successfully created attachment "API Request - JSON Body"
2023-02-07 11:03:31.725 &amp#27;[32m INFO&amp#27;[m &amp#27;[35m[@503 - main]&amp#27;[m &amp#27;[36mcom.shaft.tools.io.ReportManager&amp#27;[m : Successfully created attachment "API Response - JSON Body"
2023-02-07 11:03:31.725 &amp#27;[32m INFO&amp#27;[m &amp#27;[35m[@503 - main]&amp#27;[m &amp#27;[36mcom.shaft.tools.io.ReportManager&amp#27;[m : File Action "DoesFileExist" successfully performed. With the following test data "File Path: "Schemas/ValidationError_schema.json"".
2023-02-07 11:03:31.726 &amp#27;[32m INFO&amp#27;[m &amp#27;[35m[@503 - main]&amp#27;[m &amp#27;[36mcom.shaft.tools.io.ReportManager&amp#27;[m : File Action "DoesFileExist" successfully performed. With the following test data "File Path: "src/test/resources/testDataFiles/Schemas/ValidationError_schema.json"".
2023-02-07 11:03:31.726 &amp#27;[32m INFO&amp#27;[m &amp#27;[35m[@503 - main]&amp#27;[m &amp#27;[36mcom.shaft.tools.io.ReportManager&amp#27;[m : File Action "GetAbsolutePath" successfully performed. With the following test data "Relative Folder Path: "src/test/resources/testDataFiles/Schemas/ValidationError_schema.json"".
2023-02-07 11:03:31.727 &amp#27;[32m INFO&amp#27;[m &amp#27;[35m[@503 - main]&amp#27;[m &amp#27;[36mcom.shaft.tools.io.ReportManager&amp#27;[m : File Action "DoesFileExist" successfully performed. With the following test data "File Path: "C:\eclipse-workspace\MyProjects\TASystemsAPIs\src\test\resources\testDataFiles\Schemas\ValidationError_schema.json"".
2023-02-07 11:03:31.727 &amp#27;[32m INFO&amp#27;[m &amp#27;[35m[@503 - main]&amp#27;[m &amp#27;[36mcom.shaft.tools.io.ReportManager&amp#27;[m : File Action "GetAbsolutePath" successfully performed. With the following test data "Relative Folder Path: "C:\eclipse-workspace\MyProjects\TASystemsAPIs\src\test\resources\testDataFiles\Schemas\ValidationError_schema.json"".
2023-02-07 11:03:31.727 &amp#27;[32m INFO&amp#27;[m &amp#27;[35m[@503 - main]&amp#27;[m &amp#27;[36mcom.shaft.tools.io.ReportManager&amp#27;[m : File Action "ReadFile" successfully performed. With the following test data "File Path: "C:\eclipse-workspace\MyProjects\TASystemsAPIs\src\test\resources\testDataFiles\Schemas\ValidationError_schema.json"".
2023-02-07 11:03:31.728 &amp#27;[32m INFO&amp#27;[m &amp#27;[35m[@503 - main]&amp#27;[m &amp#27;[36mcom.shaft.tools.io.ReportManager&amp#27;[m : Successfully created attachment "Validation Test Data - Expected JSON Value"
2023-02-07 11:03:31.728 &amp#27;[32m INFO&amp#27;[m &amp#27;[35m[@503 - main]&amp#27;[m &amp#27;[36mcom.shaft.tools.io.ReportManager&amp#27;[m : Successfully created attachment "Validation Test Data - Actual JSON Value"
2023-02-07 11:03:31.729 &amp#27;[32m INFO&amp#27;[m &amp#27;[35m[@503 - main]&amp#27;[m &amp#27;[36mcom.shaft.tools.io.ReportManager&amp#27;[m : Successfully created attachment "SHAFT Engine Logs - Current Method log: Update_Policy_With_Missing_Keys_TC"
]]></system-out>
  </testcase>
  <testcase name="Update_Policy_With_Missing_Keys_TC[[Ljava.lang.Object;@29640a80](25)" classname="SteeringCompanyAPI_TestCases.Test_Policies_Cases" time="1.197">
    <system-out><![CDATA[2023-02-07 11:03:31.731 &amp#27;[32m INFO&amp#27;[m &amp#27;[35m[@534 - main]&amp#27;[m &amp#27;[36mcom.shaft.tools.io.ReportManager&amp#27;[m : 
################################################################################################################################################
Starting Execution:	"366 out of 107" test cases in the current suite
Test Method:		"SteeringCompanyAPI_TestCases.Test_Policies_Cases.Update_Policy_With_Missing_Keys_TC"
Test Description:	"TC051 -Policy- Perform Update Policy with Missing Keys"
################################################################################################################################################
2023-02-07 11:03:31.732 &amp#27;[32m INFO&amp#27;[m &amp#27;[35m[@503 - main]&amp#27;[m &amp#27;[36mcom.shaft.tools.io.ReportManager&amp#27;[m : File Action "DoesFileExist" successfully performed. With the following test data "File Path: "SteeringCompanyAPI_TestData/SteeringCompanyAPI_TestData.xlsx"".
2023-02-07 11:03:31.745 &amp#27;[32m INFO&amp#27;[m &amp#27;[35m[@503 - main]&amp#27;[m &amp#27;[36mcom.shaft.tools.io.ReportManager&amp#27;[m : Successfully created attachment "Test Data - Excel"
2023-02-07 11:03:32.356 &amp#27;[32m INFO&amp#27;[m &amp#27;[35m[@503 - main]&amp#27;[m &amp#27;[36mcom.shaft.tools.io.ReportManager&amp#27;[m : Response status code: "200", status line: "HTTP/1.1 200 OK"
2023-02-07 11:03:32.366 &amp#27;[32m INFO&amp#27;[m &amp#27;[35m[@503 - main]&amp#27;[m &amp#27;[36mcom.shaft.tools.io.ReportManager&amp#27;[m : Successfully created attachment "API Request - Specifications"
2023-02-07 11:03:32.369 &amp#27;[32m INFO&amp#27;[m &amp#27;[35m[@503 - main]&amp#27;[m &amp#27;[36mcom.shaft.tools.io.ReportManager&amp#27;[m : Successfully created attachment "API Request - Body"
2023-02-07 11:03:32.369 &amp#27;[32m INFO&amp#27;[m &amp#27;[35m[@503 - main]&amp#27;[m &amp#27;[36mcom.shaft.tools.io.ReportManager&amp#27;[m : Successfully created attachment "API Response - JSON Body"
2023-02-07 11:03:32.375 &amp#27;[32m INFO&amp#27;[m &amp#27;[35m[@503 - main]&amp#27;[m &amp#27;[36mcom.shaft.tools.io.ReportManager&amp#27;[m : File Action "DoesFileExist" successfully performed. With the following test data "File Path: "SteeringCompanyAPI_TestData/SteeringCompanyAPI_TestData.xlsx"".
2023-02-07 11:03:32.390 &amp#27;[32m INFO&amp#27;[m &amp#27;[35m[@503 - main]&amp#27;[m &amp#27;[36mcom.shaft.tools.io.ReportManager&amp#27;[m : Successfully created attachment "Test Data - Excel"
2023-02-07 11:03:32.390 &amp#27;[32m INFO&amp#27;[m &amp#27;[35m[@503 - main]&amp#27;[m &amp#27;[36mcom.shaft.tools.io.ReportManager&amp#27;[m : File Action "DoesFileExist" successfully performed. With the following test data "File Path: "SteeringCompanyAPI_TestData/SteeringCompanyAPI_TestData.xlsx"".
2023-02-07 11:03:32.404 &amp#27;[32m INFO&amp#27;[m &amp#27;[35m[@503 - main]&amp#27;[m &amp#27;[36mcom.shaft.tools.io.ReportManager&amp#27;[m : Successfully created attachment "Test Data - Excel"
2023-02-07 11:03:32.404 &amp#27;[32m INFO&amp#27;[m &amp#27;[35m[@503 - main]&amp#27;[m &amp#27;[36mcom.shaft.tools.io.ReportManager&amp#27;[m : File Action "DoesFileExist" successfully performed. With the following test data "File Path: "SteeringCompanyAPI_TestData/SteeringCompanyAPI_TestData.xlsx"".
2023-02-07 11:03:32.418 &amp#27;[32m INFO&amp#27;[m &amp#27;[35m[@503 - main]&amp#27;[m &amp#27;[36mcom.shaft.tools.io.ReportManager&amp#27;[m : Successfully created attachment "Test Data - Excel"
2023-02-07 11:03:32.911 &amp#27;[32m INFO&amp#27;[m &amp#27;[35m[@503 - main]&amp#27;[m &amp#27;[36mcom.shaft.tools.io.ReportManager&amp#27;[m : Response status code: "422", status line: "HTTP/1.1 422 "
2023-02-07 11:03:32.919 &amp#27;[32m INFO&amp#27;[m &amp#27;[35m[@503 - main]&amp#27;[m &amp#27;[36mcom.shaft.tools.io.ReportManager&amp#27;[m : Successfully created attachment "API Request - Specifications"
2023-02-07 11:03:32.919 &amp#27;[32m INFO&amp#27;[m &amp#27;[35m[@503 - main]&amp#27;[m &amp#27;[36mcom.shaft.tools.io.ReportManager&amp#27;[m : Successfully created attachment "API Request - JSON Body"
2023-02-07 11:03:32.920 &amp#27;[32m INFO&amp#27;[m &amp#27;[35m[@503 - main]&amp#27;[m &amp#27;[36mcom.shaft.tools.io.ReportManager&amp#27;[m : Successfully created attachment "API Response - JSON Body"
2023-02-07 11:03:32.920 &amp#27;[32m INFO&amp#27;[m &amp#27;[35m[@503 - main]&amp#27;[m &amp#27;[36mcom.shaft.tools.io.ReportManager&amp#27;[m : File Action "DoesFileExist" successfully performed. With the following test data "File Path: "Schemas/ValidationError_schema.json"".
2023-02-07 11:03:32.920 &amp#27;[32m INFO&amp#27;[m &amp#27;[35m[@503 - main]&amp#27;[m &amp#27;[36mcom.shaft.tools.io.ReportManager&amp#27;[m : File Action "DoesFileExist" successfully performed. With the following test data "File Path: "src/test/resources/testDataFiles/Schemas/ValidationError_schema.json"".
2023-02-07 11:03:32.920 &amp#27;[32m INFO&amp#27;[m &amp#27;[35m[@503 - main]&amp#27;[m &amp#27;[36mcom.shaft.tools.io.ReportManager&amp#27;[m : File Action "GetAbsolutePath" successfully performed. With the following test data "Relative Folder Path: "src/test/resources/testDataFiles/Schemas/ValidationError_schema.json"".
2023-02-07 11:03:32.922 &amp#27;[32m INFO&amp#27;[m &amp#27;[35m[@503 - main]&amp#27;[m &amp#27;[36mcom.shaft.tools.io.ReportManager&amp#27;[m : File Action "DoesFileExist" successfully performed. With the following test data "File Path: "C:\eclipse-workspace\MyProjects\TASystemsAPIs\src\test\resources\testDataFiles\Schemas\ValidationError_schema.json"".
2023-02-07 11:03:32.922 &amp#27;[32m INFO&amp#27;[m &amp#27;[35m[@503 - main]&amp#27;[m &amp#27;[36mcom.shaft.tools.io.ReportManager&amp#27;[m : File Action "GetAbsolutePath" successfully performed. With the following test data "Relative Folder Path: "C:\eclipse-workspace\MyProjects\TASystemsAPIs\src\test\resources\testDataFiles\Schemas\ValidationError_schema.json"".
2023-02-07 11:03:32.923 &amp#27;[32m INFO&amp#27;[m &amp#27;[35m[@503 - main]&amp#27;[m &amp#27;[36mcom.shaft.tools.io.ReportManager&amp#27;[m : File Action "ReadFile" successfully performed. With the following test data "File Path: "C:\eclipse-workspace\MyProjects\TASystemsAPIs\src\test\resources\testDataFiles\Schemas\ValidationError_schema.json"".
2023-02-07 11:03:32.925 &amp#27;[32m INFO&amp#27;[m &amp#27;[35m[@503 - main]&amp#27;[m &amp#27;[36mcom.shaft.tools.io.ReportManager&amp#27;[m : Successfully created attachment "Validation Test Data - Expected JSON Value"
2023-02-07 11:03:32.925 &amp#27;[32m INFO&amp#27;[m &amp#27;[35m[@503 - main]&amp#27;[m &amp#27;[36mcom.shaft.tools.io.ReportManager&amp#27;[m : Successfully created attachment "Validation Test Data - Actual JSON Value"
2023-02-07 11:03:32.926 &amp#27;[32m INFO&amp#27;[m &amp#27;[35m[@503 - main]&amp#27;[m &amp#27;[36mcom.shaft.tools.io.ReportManager&amp#27;[m : Successfully created attachment "SHAFT Engine Logs - Current Method log: Update_Policy_With_Missing_Keys_TC"
]]></system-out>
  </testcase>
  <testcase name="Update_Policy_With_Missing_Keys_TC[[Ljava.lang.Object;@1b5fab42](26)" classname="SteeringCompanyAPI_TestCases.Test_Policies_Cases" time="1.94">
    <system-out><![CDATA[2023-02-07 11:03:32.928 &amp#27;[32m INFO&amp#27;[m &amp#27;[35m[@534 - main]&amp#27;[m &amp#27;[36mcom.shaft.tools.io.ReportManager&amp#27;[m : 
################################################################################################################################################
Starting Execution:	"367 out of 107" test cases in the current suite
Test Method:		"SteeringCompanyAPI_TestCases.Test_Policies_Cases.Update_Policy_With_Missing_Keys_TC"
Test Description:	"TC051 -Policy- Perform Update Policy with Missing Keys"
################################################################################################################################################
2023-02-07 11:03:32.929 &amp#27;[32m INFO&amp#27;[m &amp#27;[35m[@503 - main]&amp#27;[m &amp#27;[36mcom.shaft.tools.io.ReportManager&amp#27;[m : File Action "DoesFileExist" successfully performed. With the following test data "File Path: "SteeringCompanyAPI_TestData/SteeringCompanyAPI_TestData.xlsx"".
2023-02-07 11:03:32.943 &amp#27;[32m INFO&amp#27;[m &amp#27;[35m[@503 - main]&amp#27;[m &amp#27;[36mcom.shaft.tools.io.ReportManager&amp#27;[m : Successfully created attachment "Test Data - Excel"
2023-02-07 11:03:34.252 &amp#27;[32m INFO&amp#27;[m &amp#27;[35m[@503 - main]&amp#27;[m &amp#27;[36mcom.shaft.tools.io.ReportManager&amp#27;[m : Response status code: "200", status line: "HTTP/1.1 200 OK"
2023-02-07 11:03:34.260 &amp#27;[32m INFO&amp#27;[m &amp#27;[35m[@503 - main]&amp#27;[m &amp#27;[36mcom.shaft.tools.io.ReportManager&amp#27;[m : Successfully created attachment "API Request - Specifications"
2023-02-07 11:03:34.263 &amp#27;[32m INFO&amp#27;[m &amp#27;[35m[@503 - main]&amp#27;[m &amp#27;[36mcom.shaft.tools.io.ReportManager&amp#27;[m : Successfully created attachment "API Request - Body"
2023-02-07 11:03:34.264 &amp#27;[32m INFO&amp#27;[m &amp#27;[35m[@503 - main]&amp#27;[m &amp#27;[36mcom.shaft.tools.io.ReportManager&amp#27;[m : Successfully created attachment "API Response - JSON Body"
2023-02-07 11:03:34.269 &amp#27;[32m INFO&amp#27;[m &amp#27;[35m[@503 - main]&amp#27;[m &amp#27;[36mcom.shaft.tools.io.ReportManager&amp#27;[m : File Action "DoesFileExist" successfully performed. With the following test data "File Path: "SteeringCompanyAPI_TestData/SteeringCompanyAPI_TestData.xlsx"".
2023-02-07 11:03:34.288 &amp#27;[32m INFO&amp#27;[m &amp#27;[35m[@503 - main]&amp#27;[m &amp#27;[36mcom.shaft.tools.io.ReportManager&amp#27;[m : Successfully created attachment "Test Data - Excel"
2023-02-07 11:03:34.288 &amp#27;[32m INFO&amp#27;[m &amp#27;[35m[@503 - main]&amp#27;[m &amp#27;[36mcom.shaft.tools.io.ReportManager&amp#27;[m : File Action "DoesFileExist" successfully performed. With the following test data "File Path: "SteeringCompanyAPI_TestData/SteeringCompanyAPI_TestData.xlsx"".
2023-02-07 11:03:34.301 &amp#27;[32m INFO&amp#27;[m &amp#27;[35m[@503 - main]&amp#27;[m &amp#27;[36mcom.shaft.tools.io.ReportManager&amp#27;[m : Successfully created attachment "Test Data - Excel"
2023-02-07 11:03:34.302 &amp#27;[32m INFO&amp#27;[m &amp#27;[35m[@503 - main]&amp#27;[m &amp#27;[36mcom.shaft.tools.io.ReportManager&amp#27;[m : File Action "DoesFileExist" successfully performed. With the following test data "File Path: "SteeringCompanyAPI_TestData/SteeringCompanyAPI_TestData.xlsx"".
2023-02-07 11:03:34.316 &amp#27;[32m INFO&amp#27;[m &amp#27;[35m[@503 - main]&amp#27;[m &amp#27;[36mcom.shaft.tools.io.ReportManager&amp#27;[m : Successfully created attachment "Test Data - Excel"
2023-02-07 11:03:34.850 &amp#27;[32m INFO&amp#27;[m &amp#27;[35m[@503 - main]&amp#27;[m &amp#27;[36mcom.shaft.tools.io.ReportManager&amp#27;[m : Response status code: "422", status line: "HTTP/1.1 422 "
2023-02-07 11:03:34.861 &amp#27;[32m INFO&amp#27;[m &amp#27;[35m[@503 - main]&amp#27;[m &amp#27;[36mcom.shaft.tools.io.ReportManager&amp#27;[m : Successfully created attachment "API Request - Specifications"
2023-02-07 11:03:34.861 &amp#27;[32m INFO&amp#27;[m &amp#27;[35m[@503 - main]&amp#27;[m &amp#27;[36mcom.shaft.tools.io.ReportManager&amp#27;[m : Successfully created attachment "API Request - JSON Body"
2023-02-07 11:03:34.862 &amp#27;[32m INFO&amp#27;[m &amp#27;[35m[@503 - main]&amp#27;[m &amp#27;[36mcom.shaft.tools.io.ReportManager&amp#27;[m : Successfully created attachment "API Response - JSON Body"
2023-02-07 11:03:34.862 &amp#27;[32m INFO&amp#27;[m &amp#27;[35m[@503 - main]&amp#27;[m &amp#27;[36mcom.shaft.tools.io.ReportManager&amp#27;[m : File Action "DoesFileExist" successfully performed. With the following test data "File Path: "Schemas/ValidationError_schema.json"".
2023-02-07 11:03:34.862 &amp#27;[32m INFO&amp#27;[m &amp#27;[35m[@503 - main]&amp#27;[m &amp#27;[36mcom.shaft.tools.io.ReportManager&amp#27;[m : File Action "DoesFileExist" successfully performed. With the following test data "File Path: "src/test/resources/testDataFiles/Schemas/ValidationError_schema.json"".
2023-02-07 11:03:34.862 &amp#27;[32m INFO&amp#27;[m &amp#27;[35m[@503 - main]&amp#27;[m &amp#27;[36mcom.shaft.tools.io.ReportManager&amp#27;[m : File Action "GetAbsolutePath" successfully performed. With the following test data "Relative Folder Path: "src/test/resources/testDataFiles/Schemas/ValidationError_schema.json"".
2023-02-07 11:03:34.863 &amp#27;[32m INFO&amp#27;[m &amp#27;[35m[@503 - main]&amp#27;[m &amp#27;[36mcom.shaft.tools.io.ReportManager&amp#27;[m : File Action "DoesFileExist" successfully performed. With the following test data "File Path: "C:\eclipse-workspace\MyProjects\TASystemsAPIs\src\test\resources\testDataFiles\Schemas\ValidationError_schema.json"".
2023-02-07 11:03:34.863 &amp#27;[32m INFO&amp#27;[m &amp#27;[35m[@503 - main]&amp#27;[m &amp#27;[36mcom.shaft.tools.io.ReportManager&amp#27;[m : File Action "GetAbsolutePath" successfully performed. With the following test data "Relative Folder Path: "C:\eclipse-workspace\MyProjects\TASystemsAPIs\src\test\resources\testDataFiles\Schemas\ValidationError_schema.json"".
2023-02-07 11:03:34.864 &amp#27;[32m INFO&amp#27;[m &amp#27;[35m[@503 - main]&amp#27;[m &amp#27;[36mcom.shaft.tools.io.ReportManager&amp#27;[m : File Action "ReadFile" successfully performed. With the following test data "File Path: "C:\eclipse-workspace\MyProjects\TASystemsAPIs\src\test\resources\testDataFiles\Schemas\ValidationError_schema.json"".
2023-02-07 11:03:34.865 &amp#27;[32m INFO&amp#27;[m &amp#27;[35m[@503 - main]&amp#27;[m &amp#27;[36mcom.shaft.tools.io.ReportManager&amp#27;[m : Successfully created attachment "Validation Test Data - Expected JSON Value"
2023-02-07 11:03:34.866 &amp#27;[32m INFO&amp#27;[m &amp#27;[35m[@503 - main]&amp#27;[m &amp#27;[36mcom.shaft.tools.io.ReportManager&amp#27;[m : Successfully created attachment "Validation Test Data - Actual JSON Value"
2023-02-07 11:03:34.866 &amp#27;[32m INFO&amp#27;[m &amp#27;[35m[@503 - main]&amp#27;[m &amp#27;[36mcom.shaft.tools.io.ReportManager&amp#27;[m : Successfully created attachment "SHAFT Engine Logs - Current Method log: Update_Policy_With_Missing_Keys_TC"
]]></system-out>
  </testcase>
  <testcase name="Update_Policy_With_Missing_Keys_TC[[Ljava.lang.Object;@218d55c3](27)" classname="SteeringCompanyAPI_TestCases.Test_Policies_Cases" time="1.21">
    <system-out><![CDATA[2023-02-07 11:03:34.868 &amp#27;[32m INFO&amp#27;[m &amp#27;[35m[@534 - main]&amp#27;[m &amp#27;[36mcom.shaft.tools.io.ReportManager&amp#27;[m : 
################################################################################################################################################
Starting Execution:	"368 out of 107" test cases in the current suite
Test Method:		"SteeringCompanyAPI_TestCases.Test_Policies_Cases.Update_Policy_With_Missing_Keys_TC"
Test Description:	"TC051 -Policy- Perform Update Policy with Missing Keys"
################################################################################################################################################
2023-02-07 11:03:34.868 &amp#27;[32m INFO&amp#27;[m &amp#27;[35m[@503 - main]&amp#27;[m &amp#27;[36mcom.shaft.tools.io.ReportManager&amp#27;[m : File Action "DoesFileExist" successfully performed. With the following test data "File Path: "SteeringCompanyAPI_TestData/SteeringCompanyAPI_TestData.xlsx"".
2023-02-07 11:03:34.883 &amp#27;[32m INFO&amp#27;[m &amp#27;[35m[@503 - main]&amp#27;[m &amp#27;[36mcom.shaft.tools.io.ReportManager&amp#27;[m : Successfully created attachment "Test Data - Excel"
2023-02-07 11:03:35.497 &amp#27;[32m INFO&amp#27;[m &amp#27;[35m[@503 - main]&amp#27;[m &amp#27;[36mcom.shaft.tools.io.ReportManager&amp#27;[m : Response status code: "200", status line: "HTTP/1.1 200 OK"
2023-02-07 11:03:35.504 &amp#27;[32m INFO&amp#27;[m &amp#27;[35m[@503 - main]&amp#27;[m &amp#27;[36mcom.shaft.tools.io.ReportManager&amp#27;[m : Successfully created attachment "API Request - Specifications"
2023-02-07 11:03:35.505 &amp#27;[32m INFO&amp#27;[m &amp#27;[35m[@503 - main]&amp#27;[m &amp#27;[36mcom.shaft.tools.io.ReportManager&amp#27;[m : Successfully created attachment "API Request - Body"
2023-02-07 11:03:35.508 &amp#27;[32m INFO&amp#27;[m &amp#27;[35m[@503 - main]&amp#27;[m &amp#27;[36mcom.shaft.tools.io.ReportManager&amp#27;[m : Successfully created attachment "API Response - JSON Body"
2023-02-07 11:03:35.517 &amp#27;[32m INFO&amp#27;[m &amp#27;[35m[@503 - main]&amp#27;[m &amp#27;[36mcom.shaft.tools.io.ReportManager&amp#27;[m : File Action "DoesFileExist" successfully performed. With the following test data "File Path: "SteeringCompanyAPI_TestData/SteeringCompanyAPI_TestData.xlsx"".
2023-02-07 11:03:35.530 &amp#27;[32m INFO&amp#27;[m &amp#27;[35m[@503 - main]&amp#27;[m &amp#27;[36mcom.shaft.tools.io.ReportManager&amp#27;[m : Successfully created attachment "Test Data - Excel"
2023-02-07 11:03:35.530 &amp#27;[32m INFO&amp#27;[m &amp#27;[35m[@503 - main]&amp#27;[m &amp#27;[36mcom.shaft.tools.io.ReportManager&amp#27;[m : File Action "DoesFileExist" successfully performed. With the following test data "File Path: "SteeringCompanyAPI_TestData/SteeringCompanyAPI_TestData.xlsx"".
2023-02-07 11:03:35.543 &amp#27;[32m INFO&amp#27;[m &amp#27;[35m[@503 - main]&amp#27;[m &amp#27;[36mcom.shaft.tools.io.ReportManager&amp#27;[m : Successfully created attachment "Test Data - Excel"
2023-02-07 11:03:35.544 &amp#27;[32m INFO&amp#27;[m &amp#27;[35m[@503 - main]&amp#27;[m &amp#27;[36mcom.shaft.tools.io.ReportManager&amp#27;[m : File Action "DoesFileExist" successfully performed. With the following test data "File Path: "SteeringCompanyAPI_TestData/SteeringCompanyAPI_TestData.xlsx"".
2023-02-07 11:03:35.556 &amp#27;[32m INFO&amp#27;[m &amp#27;[35m[@503 - main]&amp#27;[m &amp#27;[36mcom.shaft.tools.io.ReportManager&amp#27;[m : Successfully created attachment "Test Data - Excel"
2023-02-07 11:03:36.059 &amp#27;[32m INFO&amp#27;[m &amp#27;[35m[@503 - main]&amp#27;[m &amp#27;[36mcom.shaft.tools.io.ReportManager&amp#27;[m : Response status code: "422", status line: "HTTP/1.1 422 "
2023-02-07 11:03:36.071 &amp#27;[32m INFO&amp#27;[m &amp#27;[35m[@503 - main]&amp#27;[m &amp#27;[36mcom.shaft.tools.io.ReportManager&amp#27;[m : Successfully created attachment "API Request - Specifications"
2023-02-07 11:03:36.072 &amp#27;[32m INFO&amp#27;[m &amp#27;[35m[@503 - main]&amp#27;[m &amp#27;[36mcom.shaft.tools.io.ReportManager&amp#27;[m : Successfully created attachment "API Request - JSON Body"
2023-02-07 11:03:36.072 &amp#27;[32m INFO&amp#27;[m &amp#27;[35m[@503 - main]&amp#27;[m &amp#27;[36mcom.shaft.tools.io.ReportManager&amp#27;[m : Successfully created attachment "API Response - JSON Body"
2023-02-07 11:03:36.073 &amp#27;[32m INFO&amp#27;[m &amp#27;[35m[@503 - main]&amp#27;[m &amp#27;[36mcom.shaft.tools.io.ReportManager&amp#27;[m : File Action "DoesFileExist" successfully performed. With the following test data "File Path: "Schemas/ValidationError_schema.json"".
2023-02-07 11:03:36.073 &amp#27;[32m INFO&amp#27;[m &amp#27;[35m[@503 - main]&amp#27;[m &amp#27;[36mcom.shaft.tools.io.ReportManager&amp#27;[m : File Action "DoesFileExist" successfully performed. With the following test data "File Path: "src/test/resources/testDataFiles/Schemas/ValidationError_schema.json"".
2023-02-07 11:03:36.074 &amp#27;[32m INFO&amp#27;[m &amp#27;[35m[@503 - main]&amp#27;[m &amp#27;[36mcom.shaft.tools.io.ReportManager&amp#27;[m : File Action "GetAbsolutePath" successfully performed. With the following test data "Relative Folder Path: "src/test/resources/testDataFiles/Schemas/ValidationError_schema.json"".
2023-02-07 11:03:36.075 &amp#27;[32m INFO&amp#27;[m &amp#27;[35m[@503 - main]&amp#27;[m &amp#27;[36mcom.shaft.tools.io.ReportManager&amp#27;[m : File Action "DoesFileExist" successfully performed. With the following test data "File Path: "C:\eclipse-workspace\MyProjects\TASystemsAPIs\src\test\resources\testDataFiles\Schemas\ValidationError_schema.json"".
2023-02-07 11:03:36.075 &amp#27;[32m INFO&amp#27;[m &amp#27;[35m[@503 - main]&amp#27;[m &amp#27;[36mcom.shaft.tools.io.ReportManager&amp#27;[m : File Action "GetAbsolutePath" successfully performed. With the following test data "Relative Folder Path: "C:\eclipse-workspace\MyProjects\TASystemsAPIs\src\test\resources\testDataFiles\Schemas\ValidationError_schema.json"".
2023-02-07 11:03:36.075 &amp#27;[32m INFO&amp#27;[m &amp#27;[35m[@503 - main]&amp#27;[m &amp#27;[36mcom.shaft.tools.io.ReportManager&amp#27;[m : File Action "ReadFile" successfully performed. With the following test data "File Path: "C:\eclipse-workspace\MyProjects\TASystemsAPIs\src\test\resources\testDataFiles\Schemas\ValidationError_schema.json"".
2023-02-07 11:03:36.076 &amp#27;[32m INFO&amp#27;[m &amp#27;[35m[@503 - main]&amp#27;[m &amp#27;[36mcom.shaft.tools.io.ReportManager&amp#27;[m : Successfully created attachment "Validation Test Data - Expected JSON Value"
2023-02-07 11:03:36.076 &amp#27;[32m INFO&amp#27;[m &amp#27;[35m[@503 - main]&amp#27;[m &amp#27;[36mcom.shaft.tools.io.ReportManager&amp#27;[m : Successfully created attachment "Validation Test Data - Actual JSON Value"
2023-02-07 11:03:36.077 &amp#27;[32m INFO&amp#27;[m &amp#27;[35m[@503 - main]&amp#27;[m &amp#27;[36mcom.shaft.tools.io.ReportManager&amp#27;[m : Successfully created attachment "SHAFT Engine Logs - Current Method log: Update_Policy_With_Missing_Keys_TC"
]]></system-out>
  </testcase>
  <testcase name="Update_Policy_With_Missing_Keys_TC[[Ljava.lang.Object;@12390d5a](28)" classname="SteeringCompanyAPI_TestCases.Test_Policies_Cases" time="1.176">
    <system-out><![CDATA[2023-02-07 11:03:36.079 &amp#27;[32m INFO&amp#27;[m &amp#27;[35m[@534 - main]&amp#27;[m &amp#27;[36mcom.shaft.tools.io.ReportManager&amp#27;[m : 
################################################################################################################################################
Starting Execution:	"369 out of 107" test cases in the current suite
Test Method:		"SteeringCompanyAPI_TestCases.Test_Policies_Cases.Update_Policy_With_Missing_Keys_TC"
Test Description:	"TC051 -Policy- Perform Update Policy with Missing Keys"
################################################################################################################################################
2023-02-07 11:03:36.080 &amp#27;[32m INFO&amp#27;[m &amp#27;[35m[@503 - main]&amp#27;[m &amp#27;[36mcom.shaft.tools.io.ReportManager&amp#27;[m : File Action "DoesFileExist" successfully performed. With the following test data "File Path: "SteeringCompanyAPI_TestData/SteeringCompanyAPI_TestData.xlsx"".
2023-02-07 11:03:36.096 &amp#27;[32m INFO&amp#27;[m &amp#27;[35m[@503 - main]&amp#27;[m &amp#27;[36mcom.shaft.tools.io.ReportManager&amp#27;[m : Successfully created attachment "Test Data - Excel"
2023-02-07 11:03:36.701 &amp#27;[32m INFO&amp#27;[m &amp#27;[35m[@503 - main]&amp#27;[m &amp#27;[36mcom.shaft.tools.io.ReportManager&amp#27;[m : Response status code: "200", status line: "HTTP/1.1 200 OK"
2023-02-07 11:03:36.710 &amp#27;[32m INFO&amp#27;[m &amp#27;[35m[@503 - main]&amp#27;[m &amp#27;[36mcom.shaft.tools.io.ReportManager&amp#27;[m : Successfully created attachment "API Request - Specifications"
2023-02-07 11:03:36.710 &amp#27;[32m INFO&amp#27;[m &amp#27;[35m[@503 - main]&amp#27;[m &amp#27;[36mcom.shaft.tools.io.ReportManager&amp#27;[m : Successfully created attachment "API Request - Body"
2023-02-07 11:03:36.711 &amp#27;[32m INFO&amp#27;[m &amp#27;[35m[@503 - main]&amp#27;[m &amp#27;[36mcom.shaft.tools.io.ReportManager&amp#27;[m : Successfully created attachment "API Response - JSON Body"
2023-02-07 11:03:36.717 &amp#27;[32m INFO&amp#27;[m &amp#27;[35m[@503 - main]&amp#27;[m &amp#27;[36mcom.shaft.tools.io.ReportManager&amp#27;[m : File Action "DoesFileExist" successfully performed. With the following test data "File Path: "SteeringCompanyAPI_TestData/SteeringCompanyAPI_TestData.xlsx"".
2023-02-07 11:03:36.730 &amp#27;[32m INFO&amp#27;[m &amp#27;[35m[@503 - main]&amp#27;[m &amp#27;[36mcom.shaft.tools.io.ReportManager&amp#27;[m : Successfully created attachment "Test Data - Excel"
2023-02-07 11:03:36.730 &amp#27;[32m INFO&amp#27;[m &amp#27;[35m[@503 - main]&amp#27;[m &amp#27;[36mcom.shaft.tools.io.ReportManager&amp#27;[m : File Action "DoesFileExist" successfully performed. With the following test data "File Path: "SteeringCompanyAPI_TestData/SteeringCompanyAPI_TestData.xlsx"".
2023-02-07 11:03:36.743 &amp#27;[32m INFO&amp#27;[m &amp#27;[35m[@503 - main]&amp#27;[m &amp#27;[36mcom.shaft.tools.io.ReportManager&amp#27;[m : Successfully created attachment "Test Data - Excel"
2023-02-07 11:03:36.743 &amp#27;[32m INFO&amp#27;[m &amp#27;[35m[@503 - main]&amp#27;[m &amp#27;[36mcom.shaft.tools.io.ReportManager&amp#27;[m : File Action "DoesFileExist" successfully performed. With the following test data "File Path: "SteeringCompanyAPI_TestData/SteeringCompanyAPI_TestData.xlsx"".
2023-02-07 11:03:36.759 &amp#27;[32m INFO&amp#27;[m &amp#27;[35m[@503 - main]&amp#27;[m &amp#27;[36mcom.shaft.tools.io.ReportManager&amp#27;[m : Successfully created attachment "Test Data - Excel"
2023-02-07 11:03:37.239 &amp#27;[32m INFO&amp#27;[m &amp#27;[35m[@503 - main]&amp#27;[m &amp#27;[36mcom.shaft.tools.io.ReportManager&amp#27;[m : Response status code: "422", status line: "HTTP/1.1 422 "
2023-02-07 11:03:37.247 &amp#27;[32m INFO&amp#27;[m &amp#27;[35m[@503 - main]&amp#27;[m &amp#27;[36mcom.shaft.tools.io.ReportManager&amp#27;[m : Successfully created attachment "API Request - Specifications"
2023-02-07 11:03:37.248 &amp#27;[32m INFO&amp#27;[m &amp#27;[35m[@503 - main]&amp#27;[m &amp#27;[36mcom.shaft.tools.io.ReportManager&amp#27;[m : Successfully created attachment "API Request - JSON Body"
2023-02-07 11:03:37.248 &amp#27;[32m INFO&amp#27;[m &amp#27;[35m[@503 - main]&amp#27;[m &amp#27;[36mcom.shaft.tools.io.ReportManager&amp#27;[m : Successfully created attachment "API Response - JSON Body"
2023-02-07 11:03:37.249 &amp#27;[32m INFO&amp#27;[m &amp#27;[35m[@503 - main]&amp#27;[m &amp#27;[36mcom.shaft.tools.io.ReportManager&amp#27;[m : File Action "DoesFileExist" successfully performed. With the following test data "File Path: "Schemas/ValidationError_schema.json"".
2023-02-07 11:03:37.249 &amp#27;[32m INFO&amp#27;[m &amp#27;[35m[@503 - main]&amp#27;[m &amp#27;[36mcom.shaft.tools.io.ReportManager&amp#27;[m : File Action "DoesFileExist" successfully performed. With the following test data "File Path: "src/test/resources/testDataFiles/Schemas/ValidationError_schema.json"".
2023-02-07 11:03:37.249 &amp#27;[32m INFO&amp#27;[m &amp#27;[35m[@503 - main]&amp#27;[m &amp#27;[36mcom.shaft.tools.io.ReportManager&amp#27;[m : File Action "GetAbsolutePath" successfully performed. With the following test data "Relative Folder Path: "src/test/resources/testDataFiles/Schemas/ValidationError_schema.json"".
2023-02-07 11:03:37.251 &amp#27;[32m INFO&amp#27;[m &amp#27;[35m[@503 - main]&amp#27;[m &amp#27;[36mcom.shaft.tools.io.ReportManager&amp#27;[m : File Action "DoesFileExist" successfully performed. With the following test data "File Path: "C:\eclipse-workspace\MyProjects\TASystemsAPIs\src\test\resources\testDataFiles\Schemas\ValidationError_schema.json"".
2023-02-07 11:03:37.251 &amp#27;[32m INFO&amp#27;[m &amp#27;[35m[@503 - main]&amp#27;[m &amp#27;[36mcom.shaft.tools.io.ReportManager&amp#27;[m : File Action "GetAbsolutePath" successfully performed. With the following test data "Relative Folder Path: "C:\eclipse-workspace\MyProjects\TASystemsAPIs\src\test\resources\testDataFiles\Schemas\ValidationError_schema.json"".
2023-02-07 11:03:37.251 &amp#27;[32m INFO&amp#27;[m &amp#27;[35m[@503 - main]&amp#27;[m &amp#27;[36mcom.shaft.tools.io.ReportManager&amp#27;[m : File Action "ReadFile" successfully performed. With the following test data "File Path: "C:\eclipse-workspace\MyProjects\TASystemsAPIs\src\test\resources\testDataFiles\Schemas\ValidationError_schema.json"".
2023-02-07 11:03:37.251 &amp#27;[32m INFO&amp#27;[m &amp#27;[35m[@503 - main]&amp#27;[m &amp#27;[36mcom.shaft.tools.io.ReportManager&amp#27;[m : Successfully created attachment "Validation Test Data - Expected JSON Value"
2023-02-07 11:03:37.254 &amp#27;[32m INFO&amp#27;[m &amp#27;[35m[@503 - main]&amp#27;[m &amp#27;[36mcom.shaft.tools.io.ReportManager&amp#27;[m : Successfully created attachment "Validation Test Data - Actual JSON Value"
2023-02-07 11:03:37.254 &amp#27;[32m INFO&amp#27;[m &amp#27;[35m[@503 - main]&amp#27;[m &amp#27;[36mcom.shaft.tools.io.ReportManager&amp#27;[m : Successfully created attachment "SHAFT Engine Logs - Current Method log: Update_Policy_With_Missing_Keys_TC"
]]></system-out>
  </testcase>
  <testcase name="Update_Policy_With_Missing_Keys_TC[[Ljava.lang.Object;@2c1e62eb](29)" classname="SteeringCompanyAPI_TestCases.Test_Policies_Cases" time="1.281">
    <system-out><![CDATA[2023-02-07 11:03:37.256 &amp#27;[32m INFO&amp#27;[m &amp#27;[35m[@534 - main]&amp#27;[m &amp#27;[36mcom.shaft.tools.io.ReportManager&amp#27;[m : 
################################################################################################################################################
Starting Execution:	"370 out of 107" test cases in the current suite
Test Method:		"SteeringCompanyAPI_TestCases.Test_Policies_Cases.Update_Policy_With_Missing_Keys_TC"
Test Description:	"TC051 -Policy- Perform Update Policy with Missing Keys"
################################################################################################################################################
2023-02-07 11:03:37.257 &amp#27;[32m INFO&amp#27;[m &amp#27;[35m[@503 - main]&amp#27;[m &amp#27;[36mcom.shaft.tools.io.ReportManager&amp#27;[m : File Action "DoesFileExist" successfully performed. With the following test data "File Path: "SteeringCompanyAPI_TestData/SteeringCompanyAPI_TestData.xlsx"".
2023-02-07 11:03:37.270 &amp#27;[32m INFO&amp#27;[m &amp#27;[35m[@503 - main]&amp#27;[m &amp#27;[36mcom.shaft.tools.io.ReportManager&amp#27;[m : Successfully created attachment "Test Data - Excel"
2023-02-07 11:03:37.927 &amp#27;[32m INFO&amp#27;[m &amp#27;[35m[@503 - main]&amp#27;[m &amp#27;[36mcom.shaft.tools.io.ReportManager&amp#27;[m : Response status code: "200", status line: "HTTP/1.1 200 OK"
2023-02-07 11:03:37.933 &amp#27;[32m INFO&amp#27;[m &amp#27;[35m[@503 - main]&amp#27;[m &amp#27;[36mcom.shaft.tools.io.ReportManager&amp#27;[m : Successfully created attachment "API Request - Specifications"
2023-02-07 11:03:37.933 &amp#27;[32m INFO&amp#27;[m &amp#27;[35m[@503 - main]&amp#27;[m &amp#27;[36mcom.shaft.tools.io.ReportManager&amp#27;[m : Successfully created attachment "API Request - Body"
2023-02-07 11:03:37.934 &amp#27;[32m INFO&amp#27;[m &amp#27;[35m[@503 - main]&amp#27;[m &amp#27;[36mcom.shaft.tools.io.ReportManager&amp#27;[m : Successfully created attachment "API Response - JSON Body"
2023-02-07 11:03:37.938 &amp#27;[32m INFO&amp#27;[m &amp#27;[35m[@503 - main]&amp#27;[m &amp#27;[36mcom.shaft.tools.io.ReportManager&amp#27;[m : File Action "DoesFileExist" successfully performed. With the following test data "File Path: "SteeringCompanyAPI_TestData/SteeringCompanyAPI_TestData.xlsx"".
2023-02-07 11:03:37.954 &amp#27;[32m INFO&amp#27;[m &amp#27;[35m[@503 - main]&amp#27;[m &amp#27;[36mcom.shaft.tools.io.ReportManager&amp#27;[m : Successfully created attachment "Test Data - Excel"
2023-02-07 11:03:37.954 &amp#27;[32m INFO&amp#27;[m &amp#27;[35m[@503 - main]&amp#27;[m &amp#27;[36mcom.shaft.tools.io.ReportManager&amp#27;[m : File Action "DoesFileExist" successfully performed. With the following test data "File Path: "SteeringCompanyAPI_TestData/SteeringCompanyAPI_TestData.xlsx"".
2023-02-07 11:03:37.974 &amp#27;[32m INFO&amp#27;[m &amp#27;[35m[@503 - main]&amp#27;[m &amp#27;[36mcom.shaft.tools.io.ReportManager&amp#27;[m : Successfully created attachment "Test Data - Excel"
2023-02-07 11:03:37.974 &amp#27;[32m INFO&amp#27;[m &amp#27;[35m[@503 - main]&amp#27;[m &amp#27;[36mcom.shaft.tools.io.ReportManager&amp#27;[m : File Action "DoesFileExist" successfully performed. With the following test data "File Path: "SteeringCompanyAPI_TestData/SteeringCompanyAPI_TestData.xlsx"".
2023-02-07 11:03:37.987 &amp#27;[32m INFO&amp#27;[m &amp#27;[35m[@503 - main]&amp#27;[m &amp#27;[36mcom.shaft.tools.io.ReportManager&amp#27;[m : Successfully created attachment "Test Data - Excel"
2023-02-07 11:03:38.514 &amp#27;[32m INFO&amp#27;[m &amp#27;[35m[@503 - main]&amp#27;[m &amp#27;[36mcom.shaft.tools.io.ReportManager&amp#27;[m : Response status code: "422", status line: "HTTP/1.1 422 "
2023-02-07 11:03:38.526 &amp#27;[32m INFO&amp#27;[m &amp#27;[35m[@503 - main]&amp#27;[m &amp#27;[36mcom.shaft.tools.io.ReportManager&amp#27;[m : Successfully created attachment "API Request - Specifications"
2023-02-07 11:03:38.529 &amp#27;[32m INFO&amp#27;[m &amp#27;[35m[@503 - main]&amp#27;[m &amp#27;[36mcom.shaft.tools.io.ReportManager&amp#27;[m : Successfully created attachment "API Request - JSON Body"
2023-02-07 11:03:38.529 &amp#27;[32m INFO&amp#27;[m &amp#27;[35m[@503 - main]&amp#27;[m &amp#27;[36mcom.shaft.tools.io.ReportManager&amp#27;[m : Successfully created attachment "API Response - JSON Body"
2023-02-07 11:03:38.530 &amp#27;[32m INFO&amp#27;[m &amp#27;[35m[@503 - main]&amp#27;[m &amp#27;[36mcom.shaft.tools.io.ReportManager&amp#27;[m : File Action "DoesFileExist" successfully performed. With the following test data "File Path: "Schemas/ValidationError_schema.json"".
2023-02-07 11:03:38.530 &amp#27;[32m INFO&amp#27;[m &amp#27;[35m[@503 - main]&amp#27;[m &amp#27;[36mcom.shaft.tools.io.ReportManager&amp#27;[m : File Action "DoesFileExist" successfully performed. With the following test data "File Path: "src/test/resources/testDataFiles/Schemas/ValidationError_schema.json"".
2023-02-07 11:03:38.530 &amp#27;[32m INFO&amp#27;[m &amp#27;[35m[@503 - main]&amp#27;[m &amp#27;[36mcom.shaft.tools.io.ReportManager&amp#27;[m : File Action "GetAbsolutePath" successfully performed. With the following test data "Relative Folder Path: "src/test/resources/testDataFiles/Schemas/ValidationError_schema.json"".
2023-02-07 11:03:38.531 &amp#27;[32m INFO&amp#27;[m &amp#27;[35m[@503 - main]&amp#27;[m &amp#27;[36mcom.shaft.tools.io.ReportManager&amp#27;[m : File Action "DoesFileExist" successfully performed. With the following test data "File Path: "C:\eclipse-workspace\MyProjects\TASystemsAPIs\src\test\resources\testDataFiles\Schemas\ValidationError_schema.json"".
2023-02-07 11:03:38.531 &amp#27;[32m INFO&amp#27;[m &amp#27;[35m[@503 - main]&amp#27;[m &amp#27;[36mcom.shaft.tools.io.ReportManager&amp#27;[m : File Action "GetAbsolutePath" successfully performed. With the following test data "Relative Folder Path: "C:\eclipse-workspace\MyProjects\TASystemsAPIs\src\test\resources\testDataFiles\Schemas\ValidationError_schema.json"".
2023-02-07 11:03:38.531 &amp#27;[32m INFO&amp#27;[m &amp#27;[35m[@503 - main]&amp#27;[m &amp#27;[36mcom.shaft.tools.io.ReportManager&amp#27;[m : File Action "ReadFile" successfully performed. With the following test data "File Path: "C:\eclipse-workspace\MyProjects\TASystemsAPIs\src\test\resources\testDataFiles\Schemas\ValidationError_schema.json"".
2023-02-07 11:03:38.532 &amp#27;[32m INFO&amp#27;[m &amp#27;[35m[@503 - main]&amp#27;[m &amp#27;[36mcom.shaft.tools.io.ReportManager&amp#27;[m : Successfully created attachment "Validation Test Data - Expected JSON Value"
2023-02-07 11:03:38.533 &amp#27;[32m INFO&amp#27;[m &amp#27;[35m[@503 - main]&amp#27;[m &amp#27;[36mcom.shaft.tools.io.ReportManager&amp#27;[m : Successfully created attachment "Validation Test Data - Actual JSON Value"
2023-02-07 11:03:38.534 &amp#27;[32m INFO&amp#27;[m &amp#27;[35m[@503 - main]&amp#27;[m &amp#27;[36mcom.shaft.tools.io.ReportManager&amp#27;[m : Successfully created attachment "SHAFT Engine Logs - Current Method log: Update_Policy_With_Missing_Keys_TC"
]]></system-out>
  </testcase>
  <testcase name="Update_Policy_With_Missing_Keys_TC[[Ljava.lang.Object;@1aa7f5e](30)" classname="SteeringCompanyAPI_TestCases.Test_Policies_Cases" time="1.438">
    <system-out><![CDATA[2023-02-07 11:03:38.536 &amp#27;[32m INFO&amp#27;[m &amp#27;[35m[@534 - main]&amp#27;[m &amp#27;[36mcom.shaft.tools.io.ReportManager&amp#27;[m : 
################################################################################################################################################
Starting Execution:	"371 out of 107" test cases in the current suite
Test Method:		"SteeringCompanyAPI_TestCases.Test_Policies_Cases.Update_Policy_With_Missing_Keys_TC"
Test Description:	"TC051 -Policy- Perform Update Policy with Missing Keys"
################################################################################################################################################
2023-02-07 11:03:38.536 &amp#27;[32m INFO&amp#27;[m &amp#27;[35m[@503 - main]&amp#27;[m &amp#27;[36mcom.shaft.tools.io.ReportManager&amp#27;[m : File Action "DoesFileExist" successfully performed. With the following test data "File Path: "SteeringCompanyAPI_TestData/SteeringCompanyAPI_TestData.xlsx"".
2023-02-07 11:03:38.549 &amp#27;[32m INFO&amp#27;[m &amp#27;[35m[@503 - main]&amp#27;[m &amp#27;[36mcom.shaft.tools.io.ReportManager&amp#27;[m : Successfully created attachment "Test Data - Excel"
2023-02-07 11:03:39.183 &amp#27;[32m INFO&amp#27;[m &amp#27;[35m[@503 - main]&amp#27;[m &amp#27;[36mcom.shaft.tools.io.ReportManager&amp#27;[m : Response status code: "200", status line: "HTTP/1.1 200 OK"
2023-02-07 11:03:39.194 &amp#27;[32m INFO&amp#27;[m &amp#27;[35m[@503 - main]&amp#27;[m &amp#27;[36mcom.shaft.tools.io.ReportManager&amp#27;[m : Successfully created attachment "API Request - Specifications"
2023-02-07 11:03:39.194 &amp#27;[32m INFO&amp#27;[m &amp#27;[35m[@503 - main]&amp#27;[m &amp#27;[36mcom.shaft.tools.io.ReportManager&amp#27;[m : Successfully created attachment "API Request - Body"
2023-02-07 11:03:39.195 &amp#27;[32m INFO&amp#27;[m &amp#27;[35m[@503 - main]&amp#27;[m &amp#27;[36mcom.shaft.tools.io.ReportManager&amp#27;[m : Successfully created attachment "API Response - JSON Body"
2023-02-07 11:03:39.200 &amp#27;[32m INFO&amp#27;[m &amp#27;[35m[@503 - main]&amp#27;[m &amp#27;[36mcom.shaft.tools.io.ReportManager&amp#27;[m : File Action "DoesFileExist" successfully performed. With the following test data "File Path: "SteeringCompanyAPI_TestData/SteeringCompanyAPI_TestData.xlsx"".
2023-02-07 11:03:39.214 &amp#27;[32m INFO&amp#27;[m &amp#27;[35m[@503 - main]&amp#27;[m &amp#27;[36mcom.shaft.tools.io.ReportManager&amp#27;[m : Successfully created attachment "Test Data - Excel"
2023-02-07 11:03:39.214 &amp#27;[32m INFO&amp#27;[m &amp#27;[35m[@503 - main]&amp#27;[m &amp#27;[36mcom.shaft.tools.io.ReportManager&amp#27;[m : File Action "DoesFileExist" successfully performed. With the following test data "File Path: "SteeringCompanyAPI_TestData/SteeringCompanyAPI_TestData.xlsx"".
2023-02-07 11:03:39.228 &amp#27;[32m INFO&amp#27;[m &amp#27;[35m[@503 - main]&amp#27;[m &amp#27;[36mcom.shaft.tools.io.ReportManager&amp#27;[m : Successfully created attachment "Test Data - Excel"
2023-02-07 11:03:39.228 &amp#27;[32m INFO&amp#27;[m &amp#27;[35m[@503 - main]&amp#27;[m &amp#27;[36mcom.shaft.tools.io.ReportManager&amp#27;[m : File Action "DoesFileExist" successfully performed. With the following test data "File Path: "SteeringCompanyAPI_TestData/SteeringCompanyAPI_TestData.xlsx"".
2023-02-07 11:03:39.241 &amp#27;[32m INFO&amp#27;[m &amp#27;[35m[@503 - main]&amp#27;[m &amp#27;[36mcom.shaft.tools.io.ReportManager&amp#27;[m : Successfully created attachment "Test Data - Excel"
2023-02-07 11:03:39.957 &amp#27;[32m INFO&amp#27;[m &amp#27;[35m[@503 - main]&amp#27;[m &amp#27;[36mcom.shaft.tools.io.ReportManager&amp#27;[m : Response status code: "422", status line: "HTTP/1.1 422 "
2023-02-07 11:03:39.965 &amp#27;[32m INFO&amp#27;[m &amp#27;[35m[@503 - main]&amp#27;[m &amp#27;[36mcom.shaft.tools.io.ReportManager&amp#27;[m : Successfully created attachment "API Request - Specifications"
2023-02-07 11:03:39.965 &amp#27;[32m INFO&amp#27;[m &amp#27;[35m[@503 - main]&amp#27;[m &amp#27;[36mcom.shaft.tools.io.ReportManager&amp#27;[m : Successfully created attachment "API Request - JSON Body"
2023-02-07 11:03:39.967 &amp#27;[32m INFO&amp#27;[m &amp#27;[35m[@503 - main]&amp#27;[m &amp#27;[36mcom.shaft.tools.io.ReportManager&amp#27;[m : Successfully created attachment "API Response - JSON Body"
2023-02-07 11:03:39.968 &amp#27;[32m INFO&amp#27;[m &amp#27;[35m[@503 - main]&amp#27;[m &amp#27;[36mcom.shaft.tools.io.ReportManager&amp#27;[m : File Action "DoesFileExist" successfully performed. With the following test data "File Path: "Schemas/ValidationError_schema.json"".
2023-02-07 11:03:39.968 &amp#27;[32m INFO&amp#27;[m &amp#27;[35m[@503 - main]&amp#27;[m &amp#27;[36mcom.shaft.tools.io.ReportManager&amp#27;[m : File Action "DoesFileExist" successfully performed. With the following test data "File Path: "src/test/resources/testDataFiles/Schemas/ValidationError_schema.json"".
2023-02-07 11:03:39.968 &amp#27;[32m INFO&amp#27;[m &amp#27;[35m[@503 - main]&amp#27;[m &amp#27;[36mcom.shaft.tools.io.ReportManager&amp#27;[m : File Action "GetAbsolutePath" successfully performed. With the following test data "Relative Folder Path: "src/test/resources/testDataFiles/Schemas/ValidationError_schema.json"".
2023-02-07 11:03:39.970 &amp#27;[32m INFO&amp#27;[m &amp#27;[35m[@503 - main]&amp#27;[m &amp#27;[36mcom.shaft.tools.io.ReportManager&amp#27;[m : File Action "DoesFileExist" successfully performed. With the following test data "File Path: "C:\eclipse-workspace\MyProjects\TASystemsAPIs\src\test\resources\testDataFiles\Schemas\ValidationError_schema.json"".
2023-02-07 11:03:39.970 &amp#27;[32m INFO&amp#27;[m &amp#27;[35m[@503 - main]&amp#27;[m &amp#27;[36mcom.shaft.tools.io.ReportManager&amp#27;[m : File Action "GetAbsolutePath" successfully performed. With the following test data "Relative Folder Path: "C:\eclipse-workspace\MyProjects\TASystemsAPIs\src\test\resources\testDataFiles\Schemas\ValidationError_schema.json"".
2023-02-07 11:03:39.970 &amp#27;[32m INFO&amp#27;[m &amp#27;[35m[@503 - main]&amp#27;[m &amp#27;[36mcom.shaft.tools.io.ReportManager&amp#27;[m : File Action "ReadFile" successfully performed. With the following test data "File Path: "C:\eclipse-workspace\MyProjects\TASystemsAPIs\src\test\resources\testDataFiles\Schemas\ValidationError_schema.json"".
2023-02-07 11:03:39.971 &amp#27;[32m INFO&amp#27;[m &amp#27;[35m[@503 - main]&amp#27;[m &amp#27;[36mcom.shaft.tools.io.ReportManager&amp#27;[m : Successfully created attachment "Validation Test Data - Expected JSON Value"
2023-02-07 11:03:39.972 &amp#27;[32m INFO&amp#27;[m &amp#27;[35m[@503 - main]&amp#27;[m &amp#27;[36mcom.shaft.tools.io.ReportManager&amp#27;[m : Successfully created attachment "Validation Test Data - Actual JSON Value"
2023-02-07 11:03:39.972 &amp#27;[32m INFO&amp#27;[m &amp#27;[35m[@503 - main]&amp#27;[m &amp#27;[36mcom.shaft.tools.io.ReportManager&amp#27;[m : Successfully created attachment "SHAFT Engine Logs - Current Method log: Update_Policy_With_Missing_Keys_TC"
]]></system-out>
  </testcase>
  <testcase name="Update_Policy_With_Missing_Keys_TC[[Ljava.lang.Object;@42f12800](31)" classname="SteeringCompanyAPI_TestCases.Test_Policies_Cases" time="1.659">
    <system-out><![CDATA[2023-02-07 11:03:39.974 &amp#27;[32m INFO&amp#27;[m &amp#27;[35m[@534 - main]&amp#27;[m &amp#27;[36mcom.shaft.tools.io.ReportManager&amp#27;[m : 
################################################################################################################################################
Starting Execution:	"372 out of 107" test cases in the current suite
Test Method:		"SteeringCompanyAPI_TestCases.Test_Policies_Cases.Update_Policy_With_Missing_Keys_TC"
Test Description:	"TC051 -Policy- Perform Update Policy with Missing Keys"
################################################################################################################################################
2023-02-07 11:03:39.974 &amp#27;[32m INFO&amp#27;[m &amp#27;[35m[@503 - main]&amp#27;[m &amp#27;[36mcom.shaft.tools.io.ReportManager&amp#27;[m : File Action "DoesFileExist" successfully performed. With the following test data "File Path: "SteeringCompanyAPI_TestData/SteeringCompanyAPI_TestData.xlsx"".
2023-02-07 11:03:39.988 &amp#27;[32m INFO&amp#27;[m &amp#27;[35m[@503 - main]&amp#27;[m &amp#27;[36mcom.shaft.tools.io.ReportManager&amp#27;[m : Successfully created attachment "Test Data - Excel"
2023-02-07 11:03:41.061 &amp#27;[32m INFO&amp#27;[m &amp#27;[35m[@503 - main]&amp#27;[m &amp#27;[36mcom.shaft.tools.io.ReportManager&amp#27;[m : Response status code: "200", status line: "HTTP/1.1 200 OK"
2023-02-07 11:03:41.072 &amp#27;[32m INFO&amp#27;[m &amp#27;[35m[@503 - main]&amp#27;[m &amp#27;[36mcom.shaft.tools.io.ReportManager&amp#27;[m : Successfully created attachment "API Request - Specifications"
2023-02-07 11:03:41.075 &amp#27;[32m INFO&amp#27;[m &amp#27;[35m[@503 - main]&amp#27;[m &amp#27;[36mcom.shaft.tools.io.ReportManager&amp#27;[m : Successfully created attachment "API Request - Body"
2023-02-07 11:03:41.075 &amp#27;[32m INFO&amp#27;[m &amp#27;[35m[@503 - main]&amp#27;[m &amp#27;[36mcom.shaft.tools.io.ReportManager&amp#27;[m : Successfully created attachment "API Response - JSON Body"
2023-02-07 11:03:41.080 &amp#27;[32m INFO&amp#27;[m &amp#27;[35m[@503 - main]&amp#27;[m &amp#27;[36mcom.shaft.tools.io.ReportManager&amp#27;[m : File Action "DoesFileExist" successfully performed. With the following test data "File Path: "SteeringCompanyAPI_TestData/SteeringCompanyAPI_TestData.xlsx"".
2023-02-07 11:03:41.093 &amp#27;[32m INFO&amp#27;[m &amp#27;[35m[@503 - main]&amp#27;[m &amp#27;[36mcom.shaft.tools.io.ReportManager&amp#27;[m : Successfully created attachment "Test Data - Excel"
2023-02-07 11:03:41.093 &amp#27;[32m INFO&amp#27;[m &amp#27;[35m[@503 - main]&amp#27;[m &amp#27;[36mcom.shaft.tools.io.ReportManager&amp#27;[m : File Action "DoesFileExist" successfully performed. With the following test data "File Path: "SteeringCompanyAPI_TestData/SteeringCompanyAPI_TestData.xlsx"".
2023-02-07 11:03:41.105 &amp#27;[32m INFO&amp#27;[m &amp#27;[35m[@503 - main]&amp#27;[m &amp#27;[36mcom.shaft.tools.io.ReportManager&amp#27;[m : Successfully created attachment "Test Data - Excel"
2023-02-07 11:03:41.106 &amp#27;[32m INFO&amp#27;[m &amp#27;[35m[@503 - main]&amp#27;[m &amp#27;[36mcom.shaft.tools.io.ReportManager&amp#27;[m : File Action "DoesFileExist" successfully performed. With the following test data "File Path: "SteeringCompanyAPI_TestData/SteeringCompanyAPI_TestData.xlsx"".
2023-02-07 11:03:41.119 &amp#27;[32m INFO&amp#27;[m &amp#27;[35m[@503 - main]&amp#27;[m &amp#27;[36mcom.shaft.tools.io.ReportManager&amp#27;[m : Successfully created attachment "Test Data - Excel"
2023-02-07 11:03:41.615 &amp#27;[32m INFO&amp#27;[m &amp#27;[35m[@503 - main]&amp#27;[m &amp#27;[36mcom.shaft.tools.io.ReportManager&amp#27;[m : Response status code: "422", status line: "HTTP/1.1 422 "
2023-02-07 11:03:41.624 &amp#27;[32m INFO&amp#27;[m &amp#27;[35m[@503 - main]&amp#27;[m &amp#27;[36mcom.shaft.tools.io.ReportManager&amp#27;[m : Successfully created attachment "API Request - Specifications"
2023-02-07 11:03:41.625 &amp#27;[32m INFO&amp#27;[m &amp#27;[35m[@503 - main]&amp#27;[m &amp#27;[36mcom.shaft.tools.io.ReportManager&amp#27;[m : Successfully created attachment "API Request - JSON Body"
2023-02-07 11:03:41.626 &amp#27;[32m INFO&amp#27;[m &amp#27;[35m[@503 - main]&amp#27;[m &amp#27;[36mcom.shaft.tools.io.ReportManager&amp#27;[m : Successfully created attachment "API Response - JSON Body"
2023-02-07 11:03:41.627 &amp#27;[32m INFO&amp#27;[m &amp#27;[35m[@503 - main]&amp#27;[m &amp#27;[36mcom.shaft.tools.io.ReportManager&amp#27;[m : File Action "DoesFileExist" successfully performed. With the following test data "File Path: "Schemas/ValidationError_schema.json"".
2023-02-07 11:03:41.627 &amp#27;[32m INFO&amp#27;[m &amp#27;[35m[@503 - main]&amp#27;[m &amp#27;[36mcom.shaft.tools.io.ReportManager&amp#27;[m : File Action "DoesFileExist" successfully performed. With the following test data "File Path: "src/test/resources/testDataFiles/Schemas/ValidationError_schema.json"".
2023-02-07 11:03:41.627 &amp#27;[32m INFO&amp#27;[m &amp#27;[35m[@503 - main]&amp#27;[m &amp#27;[36mcom.shaft.tools.io.ReportManager&amp#27;[m : File Action "GetAbsolutePath" successfully performed. With the following test data "Relative Folder Path: "src/test/resources/testDataFiles/Schemas/ValidationError_schema.json"".
2023-02-07 11:03:41.628 &amp#27;[32m INFO&amp#27;[m &amp#27;[35m[@503 - main]&amp#27;[m &amp#27;[36mcom.shaft.tools.io.ReportManager&amp#27;[m : File Action "DoesFileExist" successfully performed. With the following test data "File Path: "C:\eclipse-workspace\MyProjects\TASystemsAPIs\src\test\resources\testDataFiles\Schemas\ValidationError_schema.json"".
2023-02-07 11:03:41.628 &amp#27;[32m INFO&amp#27;[m &amp#27;[35m[@503 - main]&amp#27;[m &amp#27;[36mcom.shaft.tools.io.ReportManager&amp#27;[m : File Action "GetAbsolutePath" successfully performed. With the following test data "Relative Folder Path: "C:\eclipse-workspace\MyProjects\TASystemsAPIs\src\test\resources\testDataFiles\Schemas\ValidationError_schema.json"".
2023-02-07 11:03:41.628 &amp#27;[32m INFO&amp#27;[m &amp#27;[35m[@503 - main]&amp#27;[m &amp#27;[36mcom.shaft.tools.io.ReportManager&amp#27;[m : File Action "ReadFile" successfully performed. With the following test data "File Path: "C:\eclipse-workspace\MyProjects\TASystemsAPIs\src\test\resources\testDataFiles\Schemas\ValidationError_schema.json"".
2023-02-07 11:03:41.630 &amp#27;[32m INFO&amp#27;[m &amp#27;[35m[@503 - main]&amp#27;[m &amp#27;[36mcom.shaft.tools.io.ReportManager&amp#27;[m : Successfully created attachment "Validation Test Data - Expected JSON Value"
2023-02-07 11:03:41.631 &amp#27;[32m INFO&amp#27;[m &amp#27;[35m[@503 - main]&amp#27;[m &amp#27;[36mcom.shaft.tools.io.ReportManager&amp#27;[m : Successfully created attachment "Validation Test Data - Actual JSON Value"
2023-02-07 11:03:41.631 &amp#27;[32m INFO&amp#27;[m &amp#27;[35m[@503 - main]&amp#27;[m &amp#27;[36mcom.shaft.tools.io.ReportManager&amp#27;[m : Successfully created attachment "SHAFT Engine Logs - Current Method log: Update_Policy_With_Missing_Keys_TC"
]]></system-out>
  </testcase>
  <testcase name="Update_Policy_With_Missing_Keys_TC[[Ljava.lang.Object;@70006aaa](32)" classname="SteeringCompanyAPI_TestCases.Test_Policies_Cases" time="1.617">
    <system-out><![CDATA[2023-02-07 11:03:41.633 &amp#27;[32m INFO&amp#27;[m &amp#27;[35m[@534 - main]&amp#27;[m &amp#27;[36mcom.shaft.tools.io.ReportManager&amp#27;[m : 
################################################################################################################################################
Starting Execution:	"373 out of 107" test cases in the current suite
Test Method:		"SteeringCompanyAPI_TestCases.Test_Policies_Cases.Update_Policy_With_Missing_Keys_TC"
Test Description:	"TC051 -Policy- Perform Update Policy with Missing Keys"
################################################################################################################################################
2023-02-07 11:03:41.634 &amp#27;[32m INFO&amp#27;[m &amp#27;[35m[@503 - main]&amp#27;[m &amp#27;[36mcom.shaft.tools.io.ReportManager&amp#27;[m : File Action "DoesFileExist" successfully performed. With the following test data "File Path: "SteeringCompanyAPI_TestData/SteeringCompanyAPI_TestData.xlsx"".
2023-02-07 11:03:41.651 &amp#27;[32m INFO&amp#27;[m &amp#27;[35m[@503 - main]&amp#27;[m &amp#27;[36mcom.shaft.tools.io.ReportManager&amp#27;[m : Successfully created attachment "Test Data - Excel"
2023-02-07 11:03:42.288 &amp#27;[32m INFO&amp#27;[m &amp#27;[35m[@503 - main]&amp#27;[m &amp#27;[36mcom.shaft.tools.io.ReportManager&amp#27;[m : Response status code: "200", status line: "HTTP/1.1 200 OK"
2023-02-07 11:03:42.301 &amp#27;[32m INFO&amp#27;[m &amp#27;[35m[@503 - main]&amp#27;[m &amp#27;[36mcom.shaft.tools.io.ReportManager&amp#27;[m : Successfully created attachment "API Request - Specifications"
2023-02-07 11:03:42.301 &amp#27;[32m INFO&amp#27;[m &amp#27;[35m[@503 - main]&amp#27;[m &amp#27;[36mcom.shaft.tools.io.ReportManager&amp#27;[m : Successfully created attachment "API Request - Body"
2023-02-07 11:03:42.302 &amp#27;[32m INFO&amp#27;[m &amp#27;[35m[@503 - main]&amp#27;[m &amp#27;[36mcom.shaft.tools.io.ReportManager&amp#27;[m : Successfully created attachment "API Response - JSON Body"
2023-02-07 11:03:42.308 &amp#27;[32m INFO&amp#27;[m &amp#27;[35m[@503 - main]&amp#27;[m &amp#27;[36mcom.shaft.tools.io.ReportManager&amp#27;[m : File Action "DoesFileExist" successfully performed. With the following test data "File Path: "SteeringCompanyAPI_TestData/SteeringCompanyAPI_TestData.xlsx"".
2023-02-07 11:03:42.320 &amp#27;[32m INFO&amp#27;[m &amp#27;[35m[@503 - main]&amp#27;[m &amp#27;[36mcom.shaft.tools.io.ReportManager&amp#27;[m : Successfully created attachment "Test Data - Excel"
2023-02-07 11:03:42.320 &amp#27;[32m INFO&amp#27;[m &amp#27;[35m[@503 - main]&amp#27;[m &amp#27;[36mcom.shaft.tools.io.ReportManager&amp#27;[m : File Action "DoesFileExist" successfully performed. With the following test data "File Path: "SteeringCompanyAPI_TestData/SteeringCompanyAPI_TestData.xlsx"".
2023-02-07 11:03:42.342 &amp#27;[32m INFO&amp#27;[m &amp#27;[35m[@503 - main]&amp#27;[m &amp#27;[36mcom.shaft.tools.io.ReportManager&amp#27;[m : Successfully created attachment "Test Data - Excel"
2023-02-07 11:03:42.342 &amp#27;[32m INFO&amp#27;[m &amp#27;[35m[@503 - main]&amp#27;[m &amp#27;[36mcom.shaft.tools.io.ReportManager&amp#27;[m : File Action "DoesFileExist" successfully performed. With the following test data "File Path: "SteeringCompanyAPI_TestData/SteeringCompanyAPI_TestData.xlsx"".
2023-02-07 11:03:42.356 &amp#27;[32m INFO&amp#27;[m &amp#27;[35m[@503 - main]&amp#27;[m &amp#27;[36mcom.shaft.tools.io.ReportManager&amp#27;[m : Successfully created attachment "Test Data - Excel"
2023-02-07 11:03:43.233 &amp#27;[32m INFO&amp#27;[m &amp#27;[35m[@503 - main]&amp#27;[m &amp#27;[36mcom.shaft.tools.io.ReportManager&amp#27;[m : Response status code: "422", status line: "HTTP/1.1 422 "
2023-02-07 11:03:43.242 &amp#27;[32m INFO&amp#27;[m &amp#27;[35m[@503 - main]&amp#27;[m &amp#27;[36mcom.shaft.tools.io.ReportManager&amp#27;[m : Successfully created attachment "API Request - Specifications"
2023-02-07 11:03:43.242 &amp#27;[32m INFO&amp#27;[m &amp#27;[35m[@503 - main]&amp#27;[m &amp#27;[36mcom.shaft.tools.io.ReportManager&amp#27;[m : Successfully created attachment "API Request - JSON Body"
2023-02-07 11:03:43.245 &amp#27;[32m INFO&amp#27;[m &amp#27;[35m[@503 - main]&amp#27;[m &amp#27;[36mcom.shaft.tools.io.ReportManager&amp#27;[m : Successfully created attachment "API Response - JSON Body"
2023-02-07 11:03:43.245 &amp#27;[32m INFO&amp#27;[m &amp#27;[35m[@503 - main]&amp#27;[m &amp#27;[36mcom.shaft.tools.io.ReportManager&amp#27;[m : File Action "DoesFileExist" successfully performed. With the following test data "File Path: "Schemas/ValidationError_schema.json"".
2023-02-07 11:03:43.245 &amp#27;[32m INFO&amp#27;[m &amp#27;[35m[@503 - main]&amp#27;[m &amp#27;[36mcom.shaft.tools.io.ReportManager&amp#27;[m : File Action "DoesFileExist" successfully performed. With the following test data "File Path: "src/test/resources/testDataFiles/Schemas/ValidationError_schema.json"".
2023-02-07 11:03:43.245 &amp#27;[32m INFO&amp#27;[m &amp#27;[35m[@503 - main]&amp#27;[m &amp#27;[36mcom.shaft.tools.io.ReportManager&amp#27;[m : File Action "GetAbsolutePath" successfully performed. With the following test data "Relative Folder Path: "src/test/resources/testDataFiles/Schemas/ValidationError_schema.json"".
2023-02-07 11:03:43.246 &amp#27;[32m INFO&amp#27;[m &amp#27;[35m[@503 - main]&amp#27;[m &amp#27;[36mcom.shaft.tools.io.ReportManager&amp#27;[m : File Action "DoesFileExist" successfully performed. With the following test data "File Path: "C:\eclipse-workspace\MyProjects\TASystemsAPIs\src\test\resources\testDataFiles\Schemas\ValidationError_schema.json"".
2023-02-07 11:03:43.247 &amp#27;[32m INFO&amp#27;[m &amp#27;[35m[@503 - main]&amp#27;[m &amp#27;[36mcom.shaft.tools.io.ReportManager&amp#27;[m : File Action "GetAbsolutePath" successfully performed. With the following test data "Relative Folder Path: "C:\eclipse-workspace\MyProjects\TASystemsAPIs\src\test\resources\testDataFiles\Schemas\ValidationError_schema.json"".
2023-02-07 11:03:43.247 &amp#27;[32m INFO&amp#27;[m &amp#27;[35m[@503 - main]&amp#27;[m &amp#27;[36mcom.shaft.tools.io.ReportManager&amp#27;[m : File Action "ReadFile" successfully performed. With the following test data "File Path: "C:\eclipse-workspace\MyProjects\TASystemsAPIs\src\test\resources\testDataFiles\Schemas\ValidationError_schema.json"".
2023-02-07 11:03:43.247 &amp#27;[32m INFO&amp#27;[m &amp#27;[35m[@503 - main]&amp#27;[m &amp#27;[36mcom.shaft.tools.io.ReportManager&amp#27;[m : Successfully created attachment "Validation Test Data - Expected JSON Value"
2023-02-07 11:03:43.248 &amp#27;[32m INFO&amp#27;[m &amp#27;[35m[@503 - main]&amp#27;[m &amp#27;[36mcom.shaft.tools.io.ReportManager&amp#27;[m : Successfully created attachment "Validation Test Data - Actual JSON Value"
2023-02-07 11:03:43.248 &amp#27;[32m INFO&amp#27;[m &amp#27;[35m[@503 - main]&amp#27;[m &amp#27;[36mcom.shaft.tools.io.ReportManager&amp#27;[m : Successfully created attachment "SHAFT Engine Logs - Current Method log: Update_Policy_With_Missing_Keys_TC"
]]></system-out>
  </testcase>
  <testcase name="Update_Policy_With_Missing_Keys_TC[[Ljava.lang.Object;@30826f4a](33)" classname="SteeringCompanyAPI_TestCases.Test_Policies_Cases" time="1.241">
    <system-out><![CDATA[2023-02-07 11:03:43.251 &amp#27;[32m INFO&amp#27;[m &amp#27;[35m[@534 - main]&amp#27;[m &amp#27;[36mcom.shaft.tools.io.ReportManager&amp#27;[m : 
################################################################################################################################################
Starting Execution:	"374 out of 107" test cases in the current suite
Test Method:		"SteeringCompanyAPI_TestCases.Test_Policies_Cases.Update_Policy_With_Missing_Keys_TC"
Test Description:	"TC051 -Policy- Perform Update Policy with Missing Keys"
################################################################################################################################################
2023-02-07 11:03:43.251 &amp#27;[32m INFO&amp#27;[m &amp#27;[35m[@503 - main]&amp#27;[m &amp#27;[36mcom.shaft.tools.io.ReportManager&amp#27;[m : File Action "DoesFileExist" successfully performed. With the following test data "File Path: "SteeringCompanyAPI_TestData/SteeringCompanyAPI_TestData.xlsx"".
2023-02-07 11:03:43.264 &amp#27;[32m INFO&amp#27;[m &amp#27;[35m[@503 - main]&amp#27;[m &amp#27;[36mcom.shaft.tools.io.ReportManager&amp#27;[m : Successfully created attachment "Test Data - Excel"
2023-02-07 11:03:43.878 &amp#27;[32m INFO&amp#27;[m &amp#27;[35m[@503 - main]&amp#27;[m &amp#27;[36mcom.shaft.tools.io.ReportManager&amp#27;[m : Response status code: "200", status line: "HTTP/1.1 200 OK"
2023-02-07 11:03:43.886 &amp#27;[32m INFO&amp#27;[m &amp#27;[35m[@503 - main]&amp#27;[m &amp#27;[36mcom.shaft.tools.io.ReportManager&amp#27;[m : Successfully created attachment "API Request - Specifications"
2023-02-07 11:03:43.889 &amp#27;[32m INFO&amp#27;[m &amp#27;[35m[@503 - main]&amp#27;[m &amp#27;[36mcom.shaft.tools.io.ReportManager&amp#27;[m : Successfully created attachment "API Request - Body"
2023-02-07 11:03:43.890 &amp#27;[32m INFO&amp#27;[m &amp#27;[35m[@503 - main]&amp#27;[m &amp#27;[36mcom.shaft.tools.io.ReportManager&amp#27;[m : Successfully created attachment "API Response - JSON Body"
2023-02-07 11:03:43.895 &amp#27;[32m INFO&amp#27;[m &amp#27;[35m[@503 - main]&amp#27;[m &amp#27;[36mcom.shaft.tools.io.ReportManager&amp#27;[m : File Action "DoesFileExist" successfully performed. With the following test data "File Path: "SteeringCompanyAPI_TestData/SteeringCompanyAPI_TestData.xlsx"".
2023-02-07 11:03:43.910 &amp#27;[32m INFO&amp#27;[m &amp#27;[35m[@503 - main]&amp#27;[m &amp#27;[36mcom.shaft.tools.io.ReportManager&amp#27;[m : Successfully created attachment "Test Data - Excel"
2023-02-07 11:03:43.910 &amp#27;[32m INFO&amp#27;[m &amp#27;[35m[@503 - main]&amp#27;[m &amp#27;[36mcom.shaft.tools.io.ReportManager&amp#27;[m : File Action "DoesFileExist" successfully performed. With the following test data "File Path: "SteeringCompanyAPI_TestData/SteeringCompanyAPI_TestData.xlsx"".
2023-02-07 11:03:43.923 &amp#27;[32m INFO&amp#27;[m &amp#27;[35m[@503 - main]&amp#27;[m &amp#27;[36mcom.shaft.tools.io.ReportManager&amp#27;[m : Successfully created attachment "Test Data - Excel"
2023-02-07 11:03:43.923 &amp#27;[32m INFO&amp#27;[m &amp#27;[35m[@503 - main]&amp#27;[m &amp#27;[36mcom.shaft.tools.io.ReportManager&amp#27;[m : File Action "DoesFileExist" successfully performed. With the following test data "File Path: "SteeringCompanyAPI_TestData/SteeringCompanyAPI_TestData.xlsx"".
2023-02-07 11:03:43.937 &amp#27;[32m INFO&amp#27;[m &amp#27;[35m[@503 - main]&amp#27;[m &amp#27;[36mcom.shaft.tools.io.ReportManager&amp#27;[m : Successfully created attachment "Test Data - Excel"
2023-02-07 11:03:44.469 &amp#27;[32m INFO&amp#27;[m &amp#27;[35m[@503 - main]&amp#27;[m &amp#27;[36mcom.shaft.tools.io.ReportManager&amp#27;[m : Response status code: "422", status line: "HTTP/1.1 422 "
2023-02-07 11:03:44.479 &amp#27;[32m INFO&amp#27;[m &amp#27;[35m[@503 - main]&amp#27;[m &amp#27;[36mcom.shaft.tools.io.ReportManager&amp#27;[m : Successfully created attachment "API Request - Specifications"
2023-02-07 11:03:44.480 &amp#27;[32m INFO&amp#27;[m &amp#27;[35m[@503 - main]&amp#27;[m &amp#27;[36mcom.shaft.tools.io.ReportManager&amp#27;[m : Successfully created attachment "API Request - JSON Body"
2023-02-07 11:03:44.480 &amp#27;[32m INFO&amp#27;[m &amp#27;[35m[@503 - main]&amp#27;[m &amp#27;[36mcom.shaft.tools.io.ReportManager&amp#27;[m : Successfully created attachment "API Response - JSON Body"
2023-02-07 11:03:44.481 &amp#27;[32m INFO&amp#27;[m &amp#27;[35m[@503 - main]&amp#27;[m &amp#27;[36mcom.shaft.tools.io.ReportManager&amp#27;[m : File Action "DoesFileExist" successfully performed. With the following test data "File Path: "Schemas/ValidationError_schema.json"".
2023-02-07 11:03:44.481 &amp#27;[32m INFO&amp#27;[m &amp#27;[35m[@503 - main]&amp#27;[m &amp#27;[36mcom.shaft.tools.io.ReportManager&amp#27;[m : File Action "DoesFileExist" successfully performed. With the following test data "File Path: "src/test/resources/testDataFiles/Schemas/ValidationError_schema.json"".
2023-02-07 11:03:44.481 &amp#27;[32m INFO&amp#27;[m &amp#27;[35m[@503 - main]&amp#27;[m &amp#27;[36mcom.shaft.tools.io.ReportManager&amp#27;[m : File Action "GetAbsolutePath" successfully performed. With the following test data "Relative Folder Path: "src/test/resources/testDataFiles/Schemas/ValidationError_schema.json"".
2023-02-07 11:03:44.482 &amp#27;[32m INFO&amp#27;[m &amp#27;[35m[@503 - main]&amp#27;[m &amp#27;[36mcom.shaft.tools.io.ReportManager&amp#27;[m : File Action "DoesFileExist" successfully performed. With the following test data "File Path: "C:\eclipse-workspace\MyProjects\TASystemsAPIs\src\test\resources\testDataFiles\Schemas\ValidationError_schema.json"".
2023-02-07 11:03:44.482 &amp#27;[32m INFO&amp#27;[m &amp#27;[35m[@503 - main]&amp#27;[m &amp#27;[36mcom.shaft.tools.io.ReportManager&amp#27;[m : File Action "GetAbsolutePath" successfully performed. With the following test data "Relative Folder Path: "C:\eclipse-workspace\MyProjects\TASystemsAPIs\src\test\resources\testDataFiles\Schemas\ValidationError_schema.json"".
2023-02-07 11:03:44.483 &amp#27;[32m INFO&amp#27;[m &amp#27;[35m[@503 - main]&amp#27;[m &amp#27;[36mcom.shaft.tools.io.ReportManager&amp#27;[m : File Action "ReadFile" successfully performed. With the following test data "File Path: "C:\eclipse-workspace\MyProjects\TASystemsAPIs\src\test\resources\testDataFiles\Schemas\ValidationError_schema.json"".
2023-02-07 11:03:44.488 &amp#27;[32m INFO&amp#27;[m &amp#27;[35m[@503 - main]&amp#27;[m &amp#27;[36mcom.shaft.tools.io.ReportManager&amp#27;[m : Successfully created attachment "Validation Test Data - Expected JSON Value"
2023-02-07 11:03:44.490 &amp#27;[32m INFO&amp#27;[m &amp#27;[35m[@503 - main]&amp#27;[m &amp#27;[36mcom.shaft.tools.io.ReportManager&amp#27;[m : Successfully created attachment "Validation Test Data - Actual JSON Value"
2023-02-07 11:03:44.490 &amp#27;[32m INFO&amp#27;[m &amp#27;[35m[@503 - main]&amp#27;[m &amp#27;[36mcom.shaft.tools.io.ReportManager&amp#27;[m : Successfully created attachment "SHAFT Engine Logs - Current Method log: Update_Policy_With_Missing_Keys_TC"
]]></system-out>
  </testcase>
  <testcase name="Update_Policy_With_NotAccepted_data_TC[[Ljava.lang.Object;@5fdbd470](1)" classname="SteeringCompanyAPI_TestCases.Test_Policies_Cases" time="1.247">
    <system-out><![CDATA[2023-02-07 11:03:44.495 &amp#27;[32m INFO&amp#27;[m &amp#27;[35m[@534 - main]&amp#27;[m &amp#27;[36mcom.shaft.tools.io.ReportManager&amp#27;[m : 
################################################################################################################################################
Starting Execution:	"375 out of 107" test cases in the current suite
Test Method:		"SteeringCompanyAPI_TestCases.Test_Policies_Cases.Update_Policy_With_NotAccepted_data_TC"
Test Description:	"TC055 -Policy- Perform Update Policy with NotAccepted data"
################################################################################################################################################
2023-02-07 11:03:44.495 &amp#27;[32m INFO&amp#27;[m &amp#27;[35m[@503 - main]&amp#27;[m &amp#27;[36mcom.shaft.tools.io.ReportManager&amp#27;[m : File Action "DoesFileExist" successfully performed. With the following test data "File Path: "SteeringCompanyAPI_TestData/SteeringCompanyAPI_TestData.xlsx"".
2023-02-07 11:03:44.508 &amp#27;[32m INFO&amp#27;[m &amp#27;[35m[@503 - main]&amp#27;[m &amp#27;[36mcom.shaft.tools.io.ReportManager&amp#27;[m : Successfully created attachment "Test Data - Excel"
2023-02-07 11:03:45.146 &amp#27;[32m INFO&amp#27;[m &amp#27;[35m[@503 - main]&amp#27;[m &amp#27;[36mcom.shaft.tools.io.ReportManager&amp#27;[m : Response status code: "200", status line: "HTTP/1.1 200 OK"
2023-02-07 11:03:45.154 &amp#27;[32m INFO&amp#27;[m &amp#27;[35m[@503 - main]&amp#27;[m &amp#27;[36mcom.shaft.tools.io.ReportManager&amp#27;[m : Successfully created attachment "API Request - Specifications"
2023-02-07 11:03:45.155 &amp#27;[32m INFO&amp#27;[m &amp#27;[35m[@503 - main]&amp#27;[m &amp#27;[36mcom.shaft.tools.io.ReportManager&amp#27;[m : Successfully created attachment "API Request - Body"
2023-02-07 11:03:45.158 &amp#27;[32m INFO&amp#27;[m &amp#27;[35m[@503 - main]&amp#27;[m &amp#27;[36mcom.shaft.tools.io.ReportManager&amp#27;[m : Successfully created attachment "API Response - JSON Body"
2023-02-07 11:03:45.163 &amp#27;[32m INFO&amp#27;[m &amp#27;[35m[@503 - main]&amp#27;[m &amp#27;[36mcom.shaft.tools.io.ReportManager&amp#27;[m : File Action "DoesFileExist" successfully performed. With the following test data "File Path: "SteeringCompanyAPI_TestData/SteeringCompanyAPI_TestData.xlsx"".
2023-02-07 11:03:45.175 &amp#27;[32m INFO&amp#27;[m &amp#27;[35m[@503 - main]&amp#27;[m &amp#27;[36mcom.shaft.tools.io.ReportManager&amp#27;[m : Successfully created attachment "Test Data - Excel"
2023-02-07 11:03:45.175 &amp#27;[32m INFO&amp#27;[m &amp#27;[35m[@503 - main]&amp#27;[m &amp#27;[36mcom.shaft.tools.io.ReportManager&amp#27;[m : File Action "DoesFileExist" successfully performed. With the following test data "File Path: "SteeringCompanyAPI_TestData/SteeringCompanyAPI_TestData.xlsx"".
2023-02-07 11:03:45.193 &amp#27;[32m INFO&amp#27;[m &amp#27;[35m[@503 - main]&amp#27;[m &amp#27;[36mcom.shaft.tools.io.ReportManager&amp#27;[m : Successfully created attachment "Test Data - Excel"
2023-02-07 11:03:45.193 &amp#27;[32m INFO&amp#27;[m &amp#27;[35m[@503 - main]&amp#27;[m &amp#27;[36mcom.shaft.tools.io.ReportManager&amp#27;[m : File Action "DoesFileExist" successfully performed. With the following test data "File Path: "SteeringCompanyAPI_TestData/SteeringCompanyAPI_TestData.xlsx"".
2023-02-07 11:03:45.205 &amp#27;[32m INFO&amp#27;[m &amp#27;[35m[@503 - main]&amp#27;[m &amp#27;[36mcom.shaft.tools.io.ReportManager&amp#27;[m : Successfully created attachment "Test Data - Excel"
2023-02-07 11:03:45.725 &amp#27;[32m INFO&amp#27;[m &amp#27;[35m[@503 - main]&amp#27;[m &amp#27;[36mcom.shaft.tools.io.ReportManager&amp#27;[m : Response status code: "406", status line: "HTTP/1.1 406 "
2023-02-07 11:03:45.735 &amp#27;[32m INFO&amp#27;[m &amp#27;[35m[@503 - main]&amp#27;[m &amp#27;[36mcom.shaft.tools.io.ReportManager&amp#27;[m : Successfully created attachment "API Request - Specifications"
2023-02-07 11:03:45.736 &amp#27;[32m INFO&amp#27;[m &amp#27;[35m[@503 - main]&amp#27;[m &amp#27;[36mcom.shaft.tools.io.ReportManager&amp#27;[m : Successfully created attachment "API Request - JSON Body"
2023-02-07 11:03:45.737 &amp#27;[32m INFO&amp#27;[m &amp#27;[35m[@503 - main]&amp#27;[m &amp#27;[36mcom.shaft.tools.io.ReportManager&amp#27;[m : Successfully created attachment "API Response - JSON Body"
2023-02-07 11:03:45.737 &amp#27;[32m INFO&amp#27;[m &amp#27;[35m[@503 - main]&amp#27;[m &amp#27;[36mcom.shaft.tools.io.ReportManager&amp#27;[m : File Action "DoesFileExist" successfully performed. With the following test data "File Path: "Schemas/NotAcceptable_Response_schema.json"".
2023-02-07 11:03:45.737 &amp#27;[32m INFO&amp#27;[m &amp#27;[35m[@503 - main]&amp#27;[m &amp#27;[36mcom.shaft.tools.io.ReportManager&amp#27;[m : File Action "DoesFileExist" successfully performed. With the following test data "File Path: "src/test/resources/testDataFiles/Schemas/NotAcceptable_Response_schema.json"".
2023-02-07 11:03:45.737 &amp#27;[32m INFO&amp#27;[m &amp#27;[35m[@503 - main]&amp#27;[m &amp#27;[36mcom.shaft.tools.io.ReportManager&amp#27;[m : File Action "GetAbsolutePath" successfully performed. With the following test data "Relative Folder Path: "src/test/resources/testDataFiles/Schemas/NotAcceptable_Response_schema.json"".
2023-02-07 11:03:45.738 &amp#27;[32m INFO&amp#27;[m &amp#27;[35m[@503 - main]&amp#27;[m &amp#27;[36mcom.shaft.tools.io.ReportManager&amp#27;[m : File Action "DoesFileExist" successfully performed. With the following test data "File Path: "C:\eclipse-workspace\MyProjects\TASystemsAPIs\src\test\resources\testDataFiles\Schemas\NotAcceptable_Response_schema.json"".
2023-02-07 11:03:45.738 &amp#27;[32m INFO&amp#27;[m &amp#27;[35m[@503 - main]&amp#27;[m &amp#27;[36mcom.shaft.tools.io.ReportManager&amp#27;[m : File Action "GetAbsolutePath" successfully performed. With the following test data "Relative Folder Path: "C:\eclipse-workspace\MyProjects\TASystemsAPIs\src\test\resources\testDataFiles\Schemas\NotAcceptable_Response_schema.json"".
2023-02-07 11:03:45.738 &amp#27;[32m INFO&amp#27;[m &amp#27;[35m[@503 - main]&amp#27;[m &amp#27;[36mcom.shaft.tools.io.ReportManager&amp#27;[m : File Action "ReadFile" successfully performed. With the following test data "File Path: "C:\eclipse-workspace\MyProjects\TASystemsAPIs\src\test\resources\testDataFiles\Schemas\NotAcceptable_Response_schema.json"".
2023-02-07 11:03:45.739 &amp#27;[32m INFO&amp#27;[m &amp#27;[35m[@503 - main]&amp#27;[m &amp#27;[36mcom.shaft.tools.io.ReportManager&amp#27;[m : Successfully created attachment "Validation Test Data - Expected JSON Value"
2023-02-07 11:03:45.740 &amp#27;[32m INFO&amp#27;[m &amp#27;[35m[@503 - main]&amp#27;[m &amp#27;[36mcom.shaft.tools.io.ReportManager&amp#27;[m : Successfully created attachment "Validation Test Data - Actual JSON Value"
2023-02-07 11:03:45.740 &amp#27;[32m INFO&amp#27;[m &amp#27;[35m[@503 - main]&amp#27;[m &amp#27;[36mcom.shaft.tools.io.ReportManager&amp#27;[m : Successfully created attachment "SHAFT Engine Logs - Current Method log: Update_Policy_With_NotAccepted_data_TC"
]]></system-out>
  </testcase>
  <testcase name="Update_Policy_With_NotAccepted_data_TC[[Ljava.lang.Object;@232022b9](2)" classname="SteeringCompanyAPI_TestCases.Test_Policies_Cases" time="3.414">
    <system-out><![CDATA[2023-02-07 11:03:45.742 &amp#27;[32m INFO&amp#27;[m &amp#27;[35m[@534 - main]&amp#27;[m &amp#27;[36mcom.shaft.tools.io.ReportManager&amp#27;[m : 
################################################################################################################################################
Starting Execution:	"376 out of 107" test cases in the current suite
Test Method:		"SteeringCompanyAPI_TestCases.Test_Policies_Cases.Update_Policy_With_NotAccepted_data_TC"
Test Description:	"TC055 -Policy- Perform Update Policy with NotAccepted data"
################################################################################################################################################
2023-02-07 11:03:45.742 &amp#27;[32m INFO&amp#27;[m &amp#27;[35m[@503 - main]&amp#27;[m &amp#27;[36mcom.shaft.tools.io.ReportManager&amp#27;[m : File Action "DoesFileExist" successfully performed. With the following test data "File Path: "SteeringCompanyAPI_TestData/SteeringCompanyAPI_TestData.xlsx"".
2023-02-07 11:03:45.757 &amp#27;[32m INFO&amp#27;[m &amp#27;[35m[@503 - main]&amp#27;[m &amp#27;[36mcom.shaft.tools.io.ReportManager&amp#27;[m : Successfully created attachment "Test Data - Excel"
2023-02-07 11:03:46.647 &amp#27;[32m INFO&amp#27;[m &amp#27;[35m[@503 - main]&amp#27;[m &amp#27;[36mcom.shaft.tools.io.ReportManager&amp#27;[m : Response status code: "200", status line: "HTTP/1.1 200 OK"
2023-02-07 11:03:46.657 &amp#27;[32m INFO&amp#27;[m &amp#27;[35m[@503 - main]&amp#27;[m &amp#27;[36mcom.shaft.tools.io.ReportManager&amp#27;[m : Successfully created attachment "API Request - Specifications"
2023-02-07 11:03:46.657 &amp#27;[32m INFO&amp#27;[m &amp#27;[35m[@503 - main]&amp#27;[m &amp#27;[36mcom.shaft.tools.io.ReportManager&amp#27;[m : Successfully created attachment "API Request - Body"
2023-02-07 11:03:46.658 &amp#27;[32m INFO&amp#27;[m &amp#27;[35m[@503 - main]&amp#27;[m &amp#27;[36mcom.shaft.tools.io.ReportManager&amp#27;[m : Successfully created attachment "API Response - JSON Body"
2023-02-07 11:03:46.663 &amp#27;[32m INFO&amp#27;[m &amp#27;[35m[@503 - main]&amp#27;[m &amp#27;[36mcom.shaft.tools.io.ReportManager&amp#27;[m : File Action "DoesFileExist" successfully performed. With the following test data "File Path: "SteeringCompanyAPI_TestData/SteeringCompanyAPI_TestData.xlsx"".
2023-02-07 11:03:46.679 &amp#27;[32m INFO&amp#27;[m &amp#27;[35m[@503 - main]&amp#27;[m &amp#27;[36mcom.shaft.tools.io.ReportManager&amp#27;[m : Successfully created attachment "Test Data - Excel"
2023-02-07 11:03:46.679 &amp#27;[32m INFO&amp#27;[m &amp#27;[35m[@503 - main]&amp#27;[m &amp#27;[36mcom.shaft.tools.io.ReportManager&amp#27;[m : File Action "DoesFileExist" successfully performed. With the following test data "File Path: "SteeringCompanyAPI_TestData/SteeringCompanyAPI_TestData.xlsx"".
2023-02-07 11:03:46.692 &amp#27;[32m INFO&amp#27;[m &amp#27;[35m[@503 - main]&amp#27;[m &amp#27;[36mcom.shaft.tools.io.ReportManager&amp#27;[m : Successfully created attachment "Test Data - Excel"
2023-02-07 11:03:46.692 &amp#27;[32m INFO&amp#27;[m &amp#27;[35m[@503 - main]&amp#27;[m &amp#27;[36mcom.shaft.tools.io.ReportManager&amp#27;[m : File Action "DoesFileExist" successfully performed. With the following test data "File Path: "SteeringCompanyAPI_TestData/SteeringCompanyAPI_TestData.xlsx"".
2023-02-07 11:03:46.713 &amp#27;[32m INFO&amp#27;[m &amp#27;[35m[@503 - main]&amp#27;[m &amp#27;[36mcom.shaft.tools.io.ReportManager&amp#27;[m : Successfully created attachment "Test Data - Excel"
2023-02-07 11:03:49.138 &amp#27;[32m INFO&amp#27;[m &amp#27;[35m[@503 - main]&amp#27;[m &amp#27;[36mcom.shaft.tools.io.ReportManager&amp#27;[m : Response status code: "406", status line: "HTTP/1.1 406 "
2023-02-07 11:03:49.146 &amp#27;[32m INFO&amp#27;[m &amp#27;[35m[@503 - main]&amp#27;[m &amp#27;[36mcom.shaft.tools.io.ReportManager&amp#27;[m : Successfully created attachment "API Request - Specifications"
2023-02-07 11:03:49.146 &amp#27;[32m INFO&amp#27;[m &amp#27;[35m[@503 - main]&amp#27;[m &amp#27;[36mcom.shaft.tools.io.ReportManager&amp#27;[m : Successfully created attachment "API Request - JSON Body"
2023-02-07 11:03:49.150 &amp#27;[32m INFO&amp#27;[m &amp#27;[35m[@503 - main]&amp#27;[m &amp#27;[36mcom.shaft.tools.io.ReportManager&amp#27;[m : Successfully created attachment "API Response - JSON Body"
2023-02-07 11:03:49.150 &amp#27;[32m INFO&amp#27;[m &amp#27;[35m[@503 - main]&amp#27;[m &amp#27;[36mcom.shaft.tools.io.ReportManager&amp#27;[m : File Action "DoesFileExist" successfully performed. With the following test data "File Path: "Schemas/NotAcceptable_Response_schema.json"".
2023-02-07 11:03:49.150 &amp#27;[32m INFO&amp#27;[m &amp#27;[35m[@503 - main]&amp#27;[m &amp#27;[36mcom.shaft.tools.io.ReportManager&amp#27;[m : File Action "DoesFileExist" successfully performed. With the following test data "File Path: "src/test/resources/testDataFiles/Schemas/NotAcceptable_Response_schema.json"".
2023-02-07 11:03:49.151 &amp#27;[32m INFO&amp#27;[m &amp#27;[35m[@503 - main]&amp#27;[m &amp#27;[36mcom.shaft.tools.io.ReportManager&amp#27;[m : File Action "GetAbsolutePath" successfully performed. With the following test data "Relative Folder Path: "src/test/resources/testDataFiles/Schemas/NotAcceptable_Response_schema.json"".
2023-02-07 11:03:49.151 &amp#27;[32m INFO&amp#27;[m &amp#27;[35m[@503 - main]&amp#27;[m &amp#27;[36mcom.shaft.tools.io.ReportManager&amp#27;[m : File Action "DoesFileExist" successfully performed. With the following test data "File Path: "C:\eclipse-workspace\MyProjects\TASystemsAPIs\src\test\resources\testDataFiles\Schemas\NotAcceptable_Response_schema.json"".
2023-02-07 11:03:49.151 &amp#27;[32m INFO&amp#27;[m &amp#27;[35m[@503 - main]&amp#27;[m &amp#27;[36mcom.shaft.tools.io.ReportManager&amp#27;[m : File Action "GetAbsolutePath" successfully performed. With the following test data "Relative Folder Path: "C:\eclipse-workspace\MyProjects\TASystemsAPIs\src\test\resources\testDataFiles\Schemas\NotAcceptable_Response_schema.json"".
2023-02-07 11:03:49.152 &amp#27;[32m INFO&amp#27;[m &amp#27;[35m[@503 - main]&amp#27;[m &amp#27;[36mcom.shaft.tools.io.ReportManager&amp#27;[m : File Action "ReadFile" successfully performed. With the following test data "File Path: "C:\eclipse-workspace\MyProjects\TASystemsAPIs\src\test\resources\testDataFiles\Schemas\NotAcceptable_Response_schema.json"".
2023-02-07 11:03:49.153 &amp#27;[32m INFO&amp#27;[m &amp#27;[35m[@503 - main]&amp#27;[m &amp#27;[36mcom.shaft.tools.io.ReportManager&amp#27;[m : Successfully created attachment "Validation Test Data - Expected JSON Value"
2023-02-07 11:03:49.153 &amp#27;[32m INFO&amp#27;[m &amp#27;[35m[@503 - main]&amp#27;[m &amp#27;[36mcom.shaft.tools.io.ReportManager&amp#27;[m : Successfully created attachment "Validation Test Data - Actual JSON Value"
2023-02-07 11:03:49.153 &amp#27;[32m INFO&amp#27;[m &amp#27;[35m[@503 - main]&amp#27;[m &amp#27;[36mcom.shaft.tools.io.ReportManager&amp#27;[m : Successfully created attachment "SHAFT Engine Logs - Current Method log: Update_Policy_With_NotAccepted_data_TC"
]]></system-out>
  </testcase>
  <testcase name="Update_Policy_With_NotAccepted_data_TC[[Ljava.lang.Object;@7e18ce4d](3)" classname="SteeringCompanyAPI_TestCases.Test_Policies_Cases" time="1.213">
    <system-out><![CDATA[2023-02-07 11:03:49.156 &amp#27;[32m INFO&amp#27;[m &amp#27;[35m[@534 - main]&amp#27;[m &amp#27;[36mcom.shaft.tools.io.ReportManager&amp#27;[m : 
################################################################################################################################################
Starting Execution:	"377 out of 107" test cases in the current suite
Test Method:		"SteeringCompanyAPI_TestCases.Test_Policies_Cases.Update_Policy_With_NotAccepted_data_TC"
Test Description:	"TC055 -Policy- Perform Update Policy with NotAccepted data"
################################################################################################################################################
2023-02-07 11:03:49.156 &amp#27;[32m INFO&amp#27;[m &amp#27;[35m[@503 - main]&amp#27;[m &amp#27;[36mcom.shaft.tools.io.ReportManager&amp#27;[m : File Action "DoesFileExist" successfully performed. With the following test data "File Path: "SteeringCompanyAPI_TestData/SteeringCompanyAPI_TestData.xlsx"".
2023-02-07 11:03:49.170 &amp#27;[32m INFO&amp#27;[m &amp#27;[35m[@503 - main]&amp#27;[m &amp#27;[36mcom.shaft.tools.io.ReportManager&amp#27;[m : Successfully created attachment "Test Data - Excel"
2023-02-07 11:03:49.804 &amp#27;[32m INFO&amp#27;[m &amp#27;[35m[@503 - main]&amp#27;[m &amp#27;[36mcom.shaft.tools.io.ReportManager&amp#27;[m : Response status code: "200", status line: "HTTP/1.1 200 OK"
2023-02-07 11:03:49.813 &amp#27;[32m INFO&amp#27;[m &amp#27;[35m[@503 - main]&amp#27;[m &amp#27;[36mcom.shaft.tools.io.ReportManager&amp#27;[m : Successfully created attachment "API Request - Specifications"
2023-02-07 11:03:49.814 &amp#27;[32m INFO&amp#27;[m &amp#27;[35m[@503 - main]&amp#27;[m &amp#27;[36mcom.shaft.tools.io.ReportManager&amp#27;[m : Successfully created attachment "API Request - Body"
2023-02-07 11:03:49.814 &amp#27;[32m INFO&amp#27;[m &amp#27;[35m[@503 - main]&amp#27;[m &amp#27;[36mcom.shaft.tools.io.ReportManager&amp#27;[m : Successfully created attachment "API Response - JSON Body"
2023-02-07 11:03:49.820 &amp#27;[32m INFO&amp#27;[m &amp#27;[35m[@503 - main]&amp#27;[m &amp#27;[36mcom.shaft.tools.io.ReportManager&amp#27;[m : File Action "DoesFileExist" successfully performed. With the following test data "File Path: "SteeringCompanyAPI_TestData/SteeringCompanyAPI_TestData.xlsx"".
2023-02-07 11:03:49.833 &amp#27;[32m INFO&amp#27;[m &amp#27;[35m[@503 - main]&amp#27;[m &amp#27;[36mcom.shaft.tools.io.ReportManager&amp#27;[m : Successfully created attachment "Test Data - Excel"
2023-02-07 11:03:49.834 &amp#27;[32m INFO&amp#27;[m &amp#27;[35m[@503 - main]&amp#27;[m &amp#27;[36mcom.shaft.tools.io.ReportManager&amp#27;[m : File Action "DoesFileExist" successfully performed. With the following test data "File Path: "SteeringCompanyAPI_TestData/SteeringCompanyAPI_TestData.xlsx"".
2023-02-07 11:03:49.847 &amp#27;[32m INFO&amp#27;[m &amp#27;[35m[@503 - main]&amp#27;[m &amp#27;[36mcom.shaft.tools.io.ReportManager&amp#27;[m : Successfully created attachment "Test Data - Excel"
2023-02-07 11:03:49.847 &amp#27;[32m INFO&amp#27;[m &amp#27;[35m[@503 - main]&amp#27;[m &amp#27;[36mcom.shaft.tools.io.ReportManager&amp#27;[m : File Action "DoesFileExist" successfully performed. With the following test data "File Path: "SteeringCompanyAPI_TestData/SteeringCompanyAPI_TestData.xlsx"".
2023-02-07 11:03:49.860 &amp#27;[32m INFO&amp#27;[m &amp#27;[35m[@503 - main]&amp#27;[m &amp#27;[36mcom.shaft.tools.io.ReportManager&amp#27;[m : Successfully created attachment "Test Data - Excel"
2023-02-07 11:03:50.349 &amp#27;[32m INFO&amp#27;[m &amp#27;[35m[@503 - main]&amp#27;[m &amp#27;[36mcom.shaft.tools.io.ReportManager&amp#27;[m : Response status code: "406", status line: "HTTP/1.1 406 "
2023-02-07 11:03:50.357 &amp#27;[32m INFO&amp#27;[m &amp#27;[35m[@503 - main]&amp#27;[m &amp#27;[36mcom.shaft.tools.io.ReportManager&amp#27;[m : Successfully created attachment "API Request - Specifications"
2023-02-07 11:03:50.357 &amp#27;[32m INFO&amp#27;[m &amp#27;[35m[@503 - main]&amp#27;[m &amp#27;[36mcom.shaft.tools.io.ReportManager&amp#27;[m : Successfully created attachment "API Request - JSON Body"
2023-02-07 11:03:50.357 &amp#27;[32m INFO&amp#27;[m &amp#27;[35m[@503 - main]&amp#27;[m &amp#27;[36mcom.shaft.tools.io.ReportManager&amp#27;[m : Successfully created attachment "API Response - JSON Body"
2023-02-07 11:03:50.358 &amp#27;[32m INFO&amp#27;[m &amp#27;[35m[@503 - main]&amp#27;[m &amp#27;[36mcom.shaft.tools.io.ReportManager&amp#27;[m : File Action "DoesFileExist" successfully performed. With the following test data "File Path: "Schemas/NotAcceptable_Response_schema.json"".
2023-02-07 11:03:50.358 &amp#27;[32m INFO&amp#27;[m &amp#27;[35m[@503 - main]&amp#27;[m &amp#27;[36mcom.shaft.tools.io.ReportManager&amp#27;[m : File Action "DoesFileExist" successfully performed. With the following test data "File Path: "src/test/resources/testDataFiles/Schemas/NotAcceptable_Response_schema.json"".
2023-02-07 11:03:50.358 &amp#27;[32m INFO&amp#27;[m &amp#27;[35m[@503 - main]&amp#27;[m &amp#27;[36mcom.shaft.tools.io.ReportManager&amp#27;[m : File Action "GetAbsolutePath" successfully performed. With the following test data "Relative Folder Path: "src/test/resources/testDataFiles/Schemas/NotAcceptable_Response_schema.json"".
2023-02-07 11:03:50.359 &amp#27;[32m INFO&amp#27;[m &amp#27;[35m[@503 - main]&amp#27;[m &amp#27;[36mcom.shaft.tools.io.ReportManager&amp#27;[m : File Action "DoesFileExist" successfully performed. With the following test data "File Path: "C:\eclipse-workspace\MyProjects\TASystemsAPIs\src\test\resources\testDataFiles\Schemas\NotAcceptable_Response_schema.json"".
2023-02-07 11:03:50.359 &amp#27;[32m INFO&amp#27;[m &amp#27;[35m[@503 - main]&amp#27;[m &amp#27;[36mcom.shaft.tools.io.ReportManager&amp#27;[m : File Action "GetAbsolutePath" successfully performed. With the following test data "Relative Folder Path: "C:\eclipse-workspace\MyProjects\TASystemsAPIs\src\test\resources\testDataFiles\Schemas\NotAcceptable_Response_schema.json"".
2023-02-07 11:03:50.359 &amp#27;[32m INFO&amp#27;[m &amp#27;[35m[@503 - main]&amp#27;[m &amp#27;[36mcom.shaft.tools.io.ReportManager&amp#27;[m : File Action "ReadFile" successfully performed. With the following test data "File Path: "C:\eclipse-workspace\MyProjects\TASystemsAPIs\src\test\resources\testDataFiles\Schemas\NotAcceptable_Response_schema.json"".
2023-02-07 11:03:50.362 &amp#27;[32m INFO&amp#27;[m &amp#27;[35m[@503 - main]&amp#27;[m &amp#27;[36mcom.shaft.tools.io.ReportManager&amp#27;[m : Successfully created attachment "Validation Test Data - Expected JSON Value"
2023-02-07 11:03:50.362 &amp#27;[32m INFO&amp#27;[m &amp#27;[35m[@503 - main]&amp#27;[m &amp#27;[36mcom.shaft.tools.io.ReportManager&amp#27;[m : Successfully created attachment "Validation Test Data - Actual JSON Value"
2023-02-07 11:03:50.363 &amp#27;[32m INFO&amp#27;[m &amp#27;[35m[@503 - main]&amp#27;[m &amp#27;[36mcom.shaft.tools.io.ReportManager&amp#27;[m : Successfully created attachment "SHAFT Engine Logs - Current Method log: Update_Policy_With_NotAccepted_data_TC"
]]></system-out>
  </testcase>
  <testcase name="Update_Policy_With_NotFound_data_TC[[Ljava.lang.Object;@24a99fc1](1)" classname="SteeringCompanyAPI_TestCases.Test_Policies_Cases" time="1.224">
    <system-out><![CDATA[2023-02-07 11:03:50.371 &amp#27;[32m INFO&amp#27;[m &amp#27;[35m[@534 - main]&amp#27;[m &amp#27;[36mcom.shaft.tools.io.ReportManager&amp#27;[m : 
################################################################################################################################################
Starting Execution:	"378 out of 107" test cases in the current suite
Test Method:		"SteeringCompanyAPI_TestCases.Test_Policies_Cases.Update_Policy_With_NotFound_data_TC"
Test Description:	"TC057 -Policy- Perform Update Policy with NotFound data"
################################################################################################################################################
2023-02-07 11:03:50.371 &amp#27;[32m INFO&amp#27;[m &amp#27;[35m[@503 - main]&amp#27;[m &amp#27;[36mcom.shaft.tools.io.ReportManager&amp#27;[m : File Action "DoesFileExist" successfully performed. With the following test data "File Path: "SteeringCompanyAPI_TestData/SteeringCompanyAPI_TestData.xlsx"".
2023-02-07 11:03:50.385 &amp#27;[32m INFO&amp#27;[m &amp#27;[35m[@503 - main]&amp#27;[m &amp#27;[36mcom.shaft.tools.io.ReportManager&amp#27;[m : Successfully created attachment "Test Data - Excel"
2023-02-07 11:03:51.005 &amp#27;[32m INFO&amp#27;[m &amp#27;[35m[@503 - main]&amp#27;[m &amp#27;[36mcom.shaft.tools.io.ReportManager&amp#27;[m : Response status code: "200", status line: "HTTP/1.1 200 OK"
2023-02-07 11:03:51.016 &amp#27;[32m INFO&amp#27;[m &amp#27;[35m[@503 - main]&amp#27;[m &amp#27;[36mcom.shaft.tools.io.ReportManager&amp#27;[m : Successfully created attachment "API Request - Specifications"
2023-02-07 11:03:51.019 &amp#27;[32m INFO&amp#27;[m &amp#27;[35m[@503 - main]&amp#27;[m &amp#27;[36mcom.shaft.tools.io.ReportManager&amp#27;[m : Successfully created attachment "API Request - Body"
2023-02-07 11:03:51.020 &amp#27;[32m INFO&amp#27;[m &amp#27;[35m[@503 - main]&amp#27;[m &amp#27;[36mcom.shaft.tools.io.ReportManager&amp#27;[m : Successfully created attachment "API Response - JSON Body"
2023-02-07 11:03:51.026 &amp#27;[32m INFO&amp#27;[m &amp#27;[35m[@503 - main]&amp#27;[m &amp#27;[36mcom.shaft.tools.io.ReportManager&amp#27;[m : File Action "DoesFileExist" successfully performed. With the following test data "File Path: "SteeringCompanyAPI_TestData/SteeringCompanyAPI_TestData.xlsx"".
2023-02-07 11:03:51.039 &amp#27;[32m INFO&amp#27;[m &amp#27;[35m[@503 - main]&amp#27;[m &amp#27;[36mcom.shaft.tools.io.ReportManager&amp#27;[m : Successfully created attachment "Test Data - Excel"
2023-02-07 11:03:51.039 &amp#27;[32m INFO&amp#27;[m &amp#27;[35m[@503 - main]&amp#27;[m &amp#27;[36mcom.shaft.tools.io.ReportManager&amp#27;[m : File Action "DoesFileExist" successfully performed. With the following test data "File Path: "SteeringCompanyAPI_TestData/SteeringCompanyAPI_TestData.xlsx"".
2023-02-07 11:03:51.052 &amp#27;[32m INFO&amp#27;[m &amp#27;[35m[@503 - main]&amp#27;[m &amp#27;[36mcom.shaft.tools.io.ReportManager&amp#27;[m : Successfully created attachment "Test Data - Excel"
2023-02-07 11:03:51.052 &amp#27;[32m INFO&amp#27;[m &amp#27;[35m[@503 - main]&amp#27;[m &amp#27;[36mcom.shaft.tools.io.ReportManager&amp#27;[m : File Action "DoesFileExist" successfully performed. With the following test data "File Path: "SteeringCompanyAPI_TestData/SteeringCompanyAPI_TestData.xlsx"".
2023-02-07 11:03:51.066 &amp#27;[32m INFO&amp#27;[m &amp#27;[35m[@503 - main]&amp#27;[m &amp#27;[36mcom.shaft.tools.io.ReportManager&amp#27;[m : Successfully created attachment "Test Data - Excel"
2023-02-07 11:03:51.579 &amp#27;[32m INFO&amp#27;[m &amp#27;[35m[@503 - main]&amp#27;[m &amp#27;[36mcom.shaft.tools.io.ReportManager&amp#27;[m : Response status code: "404", status line: "HTTP/1.1 404 "
2023-02-07 11:03:51.586 &amp#27;[32m INFO&amp#27;[m &amp#27;[35m[@503 - main]&amp#27;[m &amp#27;[36mcom.shaft.tools.io.ReportManager&amp#27;[m : Successfully created attachment "API Request - Specifications"
2023-02-07 11:03:51.587 &amp#27;[32m INFO&amp#27;[m &amp#27;[35m[@503 - main]&amp#27;[m &amp#27;[36mcom.shaft.tools.io.ReportManager&amp#27;[m : Successfully created attachment "API Request - JSON Body"
2023-02-07 11:03:51.587 &amp#27;[32m INFO&amp#27;[m &amp#27;[35m[@503 - main]&amp#27;[m &amp#27;[36mcom.shaft.tools.io.ReportManager&amp#27;[m : Successfully created attachment "API Response - JSON Body"
2023-02-07 11:03:51.587 &amp#27;[32m INFO&amp#27;[m &amp#27;[35m[@503 - main]&amp#27;[m &amp#27;[36mcom.shaft.tools.io.ReportManager&amp#27;[m : File Action "DoesFileExist" successfully performed. With the following test data "File Path: "Schemas/NotFoundError_schema.json"".
2023-02-07 11:03:51.588 &amp#27;[32m INFO&amp#27;[m &amp#27;[35m[@503 - main]&amp#27;[m &amp#27;[36mcom.shaft.tools.io.ReportManager&amp#27;[m : File Action "DoesFileExist" successfully performed. With the following test data "File Path: "src/test/resources/testDataFiles/Schemas/NotFoundError_schema.json"".
2023-02-07 11:03:51.588 &amp#27;[32m INFO&amp#27;[m &amp#27;[35m[@503 - main]&amp#27;[m &amp#27;[36mcom.shaft.tools.io.ReportManager&amp#27;[m : File Action "GetAbsolutePath" successfully performed. With the following test data "Relative Folder Path: "src/test/resources/testDataFiles/Schemas/NotFoundError_schema.json"".
2023-02-07 11:03:51.588 &amp#27;[32m INFO&amp#27;[m &amp#27;[35m[@503 - main]&amp#27;[m &amp#27;[36mcom.shaft.tools.io.ReportManager&amp#27;[m : File Action "DoesFileExist" successfully performed. With the following test data "File Path: "C:\eclipse-workspace\MyProjects\TASystemsAPIs\src\test\resources\testDataFiles\Schemas\NotFoundError_schema.json"".
2023-02-07 11:03:51.589 &amp#27;[32m INFO&amp#27;[m &amp#27;[35m[@503 - main]&amp#27;[m &amp#27;[36mcom.shaft.tools.io.ReportManager&amp#27;[m : File Action "GetAbsolutePath" successfully performed. With the following test data "Relative Folder Path: "C:\eclipse-workspace\MyProjects\TASystemsAPIs\src\test\resources\testDataFiles\Schemas\NotFoundError_schema.json"".
2023-02-07 11:03:51.589 &amp#27;[32m INFO&amp#27;[m &amp#27;[35m[@503 - main]&amp#27;[m &amp#27;[36mcom.shaft.tools.io.ReportManager&amp#27;[m : File Action "ReadFile" successfully performed. With the following test data "File Path: "C:\eclipse-workspace\MyProjects\TASystemsAPIs\src\test\resources\testDataFiles\Schemas\NotFoundError_schema.json"".
2023-02-07 11:03:51.592 &amp#27;[32m INFO&amp#27;[m &amp#27;[35m[@503 - main]&amp#27;[m &amp#27;[36mcom.shaft.tools.io.ReportManager&amp#27;[m : Successfully created attachment "Validation Test Data - Expected JSON Value"
2023-02-07 11:03:51.593 &amp#27;[32m INFO&amp#27;[m &amp#27;[35m[@503 - main]&amp#27;[m &amp#27;[36mcom.shaft.tools.io.ReportManager&amp#27;[m : Successfully created attachment "Validation Test Data - Actual JSON Value"
2023-02-07 11:03:51.593 &amp#27;[32m INFO&amp#27;[m &amp#27;[35m[@503 - main]&amp#27;[m &amp#27;[36mcom.shaft.tools.io.ReportManager&amp#27;[m : Successfully created attachment "SHAFT Engine Logs - Current Method log: Update_Policy_With_NotFound_data_TC"
]]></system-out>
  </testcase>
  <testcase name="Valid_Add_Cancel_Policy_TC[[Ljava.lang.Object;@64cf5a18](1)" classname="SteeringCompanyAPI_TestCases.Test_Policies_Cases" time="1.888">
    <system-out><![CDATA[2023-02-07 11:03:51.595 &amp#27;[32m INFO&amp#27;[m &amp#27;[35m[@534 - main]&amp#27;[m &amp#27;[36mcom.shaft.tools.io.ReportManager&amp#27;[m : 
################################################################################################################################################
Starting Execution:	"379 out of 107" test cases in the current suite
Test Method:		"SteeringCompanyAPI_TestCases.Test_Policies_Cases.Valid_Add_Cancel_Policy_TC"
Test Description:	"TC005 -Policy- Perform Add Valid Cancel Policy"
################################################################################################################################################
2023-02-07 11:03:51.596 &amp#27;[32m INFO&amp#27;[m &amp#27;[35m[@503 - main]&amp#27;[m &amp#27;[36mcom.shaft.tools.io.ReportManager&amp#27;[m : File Action "DoesFileExist" successfully performed. With the following test data "File Path: "SteeringCompanyAPI_TestData/SteeringCompanyAPI_TestData.xlsx"".
2023-02-07 11:03:51.610 &amp#27;[32m INFO&amp#27;[m &amp#27;[35m[@503 - main]&amp#27;[m &amp#27;[36mcom.shaft.tools.io.ReportManager&amp#27;[m : Successfully created attachment "Test Data - Excel"
2023-02-07 11:03:52.589 &amp#27;[32m INFO&amp#27;[m &amp#27;[35m[@503 - main]&amp#27;[m &amp#27;[36mcom.shaft.tools.io.ReportManager&amp#27;[m : Response status code: "200", status line: "HTTP/1.1 200 OK"
2023-02-07 11:03:52.601 &amp#27;[32m INFO&amp#27;[m &amp#27;[35m[@503 - main]&amp#27;[m &amp#27;[36mcom.shaft.tools.io.ReportManager&amp#27;[m : Successfully created attachment "API Request - Specifications"
2023-02-07 11:03:52.602 &amp#27;[32m INFO&amp#27;[m &amp#27;[35m[@503 - main]&amp#27;[m &amp#27;[36mcom.shaft.tools.io.ReportManager&amp#27;[m : Successfully created attachment "API Request - Body"
2023-02-07 11:03:52.604 &amp#27;[32m INFO&amp#27;[m &amp#27;[35m[@503 - main]&amp#27;[m &amp#27;[36mcom.shaft.tools.io.ReportManager&amp#27;[m : Successfully created attachment "API Response - JSON Body"
2023-02-07 11:03:52.609 &amp#27;[32m INFO&amp#27;[m &amp#27;[35m[@503 - main]&amp#27;[m &amp#27;[36mcom.shaft.tools.io.ReportManager&amp#27;[m : File Action "DoesFileExist" successfully performed. With the following test data "File Path: "SteeringCompanyAPI_TestData/SteeringCompanyAPI_TestData.xlsx"".
2023-02-07 11:03:52.622 &amp#27;[32m INFO&amp#27;[m &amp#27;[35m[@503 - main]&amp#27;[m &amp#27;[36mcom.shaft.tools.io.ReportManager&amp#27;[m : Successfully created attachment "Test Data - Excel"
2023-02-07 11:03:52.622 &amp#27;[32m INFO&amp#27;[m &amp#27;[35m[@503 - main]&amp#27;[m &amp#27;[36mcom.shaft.tools.io.ReportManager&amp#27;[m : File Action "DoesFileExist" successfully performed. With the following test data "File Path: "SteeringCompanyAPI_TestData/SteeringCompanyAPI_TestData.xlsx"".
2023-02-07 11:03:52.635 &amp#27;[32m INFO&amp#27;[m &amp#27;[35m[@503 - main]&amp#27;[m &amp#27;[36mcom.shaft.tools.io.ReportManager&amp#27;[m : Successfully created attachment "Test Data - Excel"
2023-02-07 11:03:52.635 &amp#27;[32m INFO&amp#27;[m &amp#27;[35m[@503 - main]&amp#27;[m &amp#27;[36mcom.shaft.tools.io.ReportManager&amp#27;[m : File Action "DoesFileExist" successfully performed. With the following test data "File Path: "SteeringCompanyAPI_TestData/SteeringCompanyAPI_TestData.xlsx"".
2023-02-07 11:03:52.656 &amp#27;[32m INFO&amp#27;[m &amp#27;[35m[@503 - main]&amp#27;[m &amp#27;[36mcom.shaft.tools.io.ReportManager&amp#27;[m : Successfully created attachment "Test Data - Excel"
2023-02-07 11:03:53.255 &amp#27;[32m INFO&amp#27;[m &amp#27;[35m[@503 - main]&amp#27;[m &amp#27;[36mcom.shaft.tools.io.ReportManager&amp#27;[m : Response status code: "201", status line: "HTTP/1.1 201 "
2023-02-07 11:03:53.265 &amp#27;[32m INFO&amp#27;[m &amp#27;[35m[@503 - main]&amp#27;[m &amp#27;[36mcom.shaft.tools.io.ReportManager&amp#27;[m : Successfully created attachment "API Request - Specifications"
2023-02-07 11:03:53.265 &amp#27;[32m INFO&amp#27;[m &amp#27;[35m[@503 - main]&amp#27;[m &amp#27;[36mcom.shaft.tools.io.ReportManager&amp#27;[m : Successfully created attachment "API Request - JSON Body"
2023-02-07 11:03:53.266 &amp#27;[32m INFO&amp#27;[m &amp#27;[35m[@503 - main]&amp#27;[m &amp#27;[36mcom.shaft.tools.io.ReportManager&amp#27;[m : Successfully created attachment "API Response - JSON Body"
2023-02-07 11:03:53.266 &amp#27;[32m INFO&amp#27;[m &amp#27;[35m[@503 - main]&amp#27;[m &amp#27;[36mcom.shaft.tools.io.ReportManager&amp#27;[m : File Action "DoesFileExist" successfully performed. With the following test data "File Path: "src/test/resources/testDataFiles/SteeringCompanyAPI_TestData/SteeringCompanyAPI_TestData.xlsx"".
2023-02-07 11:03:53.410 &amp#27;[32m INFO&amp#27;[m &amp#27;[35m[@503 - main]&amp#27;[m &amp#27;[36mcom.shaft.tools.io.ReportManager&amp#27;[m : File Action "DoesFileExist" successfully performed. With the following test data "File Path: "SteeringCompanyAPI_TestData/SteeringCompanyAPI_TestData.xlsx"".
2023-02-07 11:03:53.445 &amp#27;[32m INFO&amp#27;[m &amp#27;[35m[@503 - main]&amp#27;[m &amp#27;[36mcom.shaft.tools.io.ReportManager&amp#27;[m : Successfully created attachment "Test Data - Excel"
2023-02-07 11:03:53.445 &amp#27;[32m INFO&amp#27;[m &amp#27;[35m[@503 - main]&amp#27;[m &amp#27;[36mcom.shaft.tools.io.ReportManager&amp#27;[m : File Action "DoesFileExist" successfully performed. With the following test data "File Path: "SteeringCompanyAPI_TestData/SteeringCompanyAPI_TestData.xlsx"".
2023-02-07 11:03:53.476 &amp#27;[32m INFO&amp#27;[m &amp#27;[35m[@503 - main]&amp#27;[m &amp#27;[36mcom.shaft.tools.io.ReportManager&amp#27;[m : Successfully created attachment "Test Data - Excel"
2023-02-07 11:03:53.477 &amp#27;[32m INFO&amp#27;[m &amp#27;[35m[@503 - main]&amp#27;[m &amp#27;[36mcom.shaft.tools.io.ReportManager&amp#27;[m : File Action "DoesFileExist" successfully performed. With the following test data "File Path: "Schemas/Cancel_Policy_schema.json"".
2023-02-07 11:03:53.477 &amp#27;[32m INFO&amp#27;[m &amp#27;[35m[@503 - main]&amp#27;[m &amp#27;[36mcom.shaft.tools.io.ReportManager&amp#27;[m : File Action "DoesFileExist" successfully performed. With the following test data "File Path: "src/test/resources/testDataFiles/Schemas/Cancel_Policy_schema.json"".
2023-02-07 11:03:53.478 &amp#27;[32m INFO&amp#27;[m &amp#27;[35m[@503 - main]&amp#27;[m &amp#27;[36mcom.shaft.tools.io.ReportManager&amp#27;[m : File Action "GetAbsolutePath" successfully performed. With the following test data "Relative Folder Path: "src/test/resources/testDataFiles/Schemas/Cancel_Policy_schema.json"".
2023-02-07 11:03:53.479 &amp#27;[32m INFO&amp#27;[m &amp#27;[35m[@503 - main]&amp#27;[m &amp#27;[36mcom.shaft.tools.io.ReportManager&amp#27;[m : File Action "DoesFileExist" successfully performed. With the following test data "File Path: "C:\eclipse-workspace\MyProjects\TASystemsAPIs\src\test\resources\testDataFiles\Schemas\Cancel_Policy_schema.json"".
2023-02-07 11:03:53.479 &amp#27;[32m INFO&amp#27;[m &amp#27;[35m[@503 - main]&amp#27;[m &amp#27;[36mcom.shaft.tools.io.ReportManager&amp#27;[m : File Action "GetAbsolutePath" successfully performed. With the following test data "Relative Folder Path: "C:\eclipse-workspace\MyProjects\TASystemsAPIs\src\test\resources\testDataFiles\Schemas\Cancel_Policy_schema.json"".
2023-02-07 11:03:53.479 &amp#27;[32m INFO&amp#27;[m &amp#27;[35m[@503 - main]&amp#27;[m &amp#27;[36mcom.shaft.tools.io.ReportManager&amp#27;[m : File Action "ReadFile" successfully performed. With the following test data "File Path: "C:\eclipse-workspace\MyProjects\TASystemsAPIs\src\test\resources\testDataFiles\Schemas\Cancel_Policy_schema.json"".
2023-02-07 11:03:53.480 &amp#27;[32m INFO&amp#27;[m &amp#27;[35m[@503 - main]&amp#27;[m &amp#27;[36mcom.shaft.tools.io.ReportManager&amp#27;[m : Successfully created attachment "Validation Test Data - Expected JSON Value"
2023-02-07 11:03:53.481 &amp#27;[32m INFO&amp#27;[m &amp#27;[35m[@503 - main]&amp#27;[m &amp#27;[36mcom.shaft.tools.io.ReportManager&amp#27;[m : Successfully created attachment "Validation Test Data - Actual JSON Value"
2023-02-07 11:03:53.482 &amp#27;[32m INFO&amp#27;[m &amp#27;[35m[@503 - main]&amp#27;[m &amp#27;[36mcom.shaft.tools.io.ReportManager&amp#27;[m : Successfully created attachment "SHAFT Engine Logs - Current Method log: Valid_Add_Cancel_Policy_TC"
]]></system-out>
  </testcase>
  <testcase name="Valid_Add_Cancel_Policy_TC[[Ljava.lang.Object;@4823564a](2)" classname="SteeringCompanyAPI_TestCases.Test_Policies_Cases" time="1.389">
    <system-out><![CDATA[2023-02-07 11:03:53.484 &amp#27;[32m INFO&amp#27;[m &amp#27;[35m[@534 - main]&amp#27;[m &amp#27;[36mcom.shaft.tools.io.ReportManager&amp#27;[m : 
################################################################################################################################################
Starting Execution:	"380 out of 107" test cases in the current suite
Test Method:		"SteeringCompanyAPI_TestCases.Test_Policies_Cases.Valid_Add_Cancel_Policy_TC"
Test Description:	"TC005 -Policy- Perform Add Valid Cancel Policy"
################################################################################################################################################
2023-02-07 11:03:53.484 &amp#27;[32m INFO&amp#27;[m &amp#27;[35m[@503 - main]&amp#27;[m &amp#27;[36mcom.shaft.tools.io.ReportManager&amp#27;[m : File Action "DoesFileExist" successfully performed. With the following test data "File Path: "SteeringCompanyAPI_TestData/SteeringCompanyAPI_TestData.xlsx"".
2023-02-07 11:03:53.511 &amp#27;[32m INFO&amp#27;[m &amp#27;[35m[@503 - main]&amp#27;[m &amp#27;[36mcom.shaft.tools.io.ReportManager&amp#27;[m : Successfully created attachment "Test Data - Excel"
2023-02-07 11:03:54.158 &amp#27;[32m INFO&amp#27;[m &amp#27;[35m[@503 - main]&amp#27;[m &amp#27;[36mcom.shaft.tools.io.ReportManager&amp#27;[m : Response status code: "200", status line: "HTTP/1.1 200 OK"
2023-02-07 11:03:54.169 &amp#27;[32m INFO&amp#27;[m &amp#27;[35m[@503 - main]&amp#27;[m &amp#27;[36mcom.shaft.tools.io.ReportManager&amp#27;[m : Successfully created attachment "API Request - Specifications"
2023-02-07 11:03:54.169 &amp#27;[32m INFO&amp#27;[m &amp#27;[35m[@503 - main]&amp#27;[m &amp#27;[36mcom.shaft.tools.io.ReportManager&amp#27;[m : Successfully created attachment "API Request - Body"
2023-02-07 11:03:54.170 &amp#27;[32m INFO&amp#27;[m &amp#27;[35m[@503 - main]&amp#27;[m &amp#27;[36mcom.shaft.tools.io.ReportManager&amp#27;[m : Successfully created attachment "API Response - JSON Body"
2023-02-07 11:03:54.176 &amp#27;[32m INFO&amp#27;[m &amp#27;[35m[@503 - main]&amp#27;[m &amp#27;[36mcom.shaft.tools.io.ReportManager&amp#27;[m : File Action "DoesFileExist" successfully performed. With the following test data "File Path: "SteeringCompanyAPI_TestData/SteeringCompanyAPI_TestData.xlsx"".
2023-02-07 11:03:54.196 &amp#27;[32m INFO&amp#27;[m &amp#27;[35m[@503 - main]&amp#27;[m &amp#27;[36mcom.shaft.tools.io.ReportManager&amp#27;[m : Successfully created attachment "Test Data - Excel"
2023-02-07 11:03:54.196 &amp#27;[32m INFO&amp#27;[m &amp#27;[35m[@503 - main]&amp#27;[m &amp#27;[36mcom.shaft.tools.io.ReportManager&amp#27;[m : File Action "DoesFileExist" successfully performed. With the following test data "File Path: "SteeringCompanyAPI_TestData/SteeringCompanyAPI_TestData.xlsx"".
2023-02-07 11:03:54.217 &amp#27;[32m INFO&amp#27;[m &amp#27;[35m[@503 - main]&amp#27;[m &amp#27;[36mcom.shaft.tools.io.ReportManager&amp#27;[m : Successfully created attachment "Test Data - Excel"
2023-02-07 11:03:54.218 &amp#27;[32m INFO&amp#27;[m &amp#27;[35m[@503 - main]&amp#27;[m &amp#27;[36mcom.shaft.tools.io.ReportManager&amp#27;[m : File Action "DoesFileExist" successfully performed. With the following test data "File Path: "SteeringCompanyAPI_TestData/SteeringCompanyAPI_TestData.xlsx"".
2023-02-07 11:03:54.238 &amp#27;[32m INFO&amp#27;[m &amp#27;[35m[@503 - main]&amp#27;[m &amp#27;[36mcom.shaft.tools.io.ReportManager&amp#27;[m : Successfully created attachment "Test Data - Excel"
2023-02-07 11:03:54.758 &amp#27;[32m INFO&amp#27;[m &amp#27;[35m[@503 - main]&amp#27;[m &amp#27;[36mcom.shaft.tools.io.ReportManager&amp#27;[m : Response status code: "201", status line: "HTTP/1.1 201 "
2023-02-07 11:03:54.765 &amp#27;[32m INFO&amp#27;[m &amp#27;[35m[@503 - main]&amp#27;[m &amp#27;[36mcom.shaft.tools.io.ReportManager&amp#27;[m : Successfully created attachment "API Request - Specifications"
2023-02-07 11:03:54.765 &amp#27;[32m INFO&amp#27;[m &amp#27;[35m[@503 - main]&amp#27;[m &amp#27;[36mcom.shaft.tools.io.ReportManager&amp#27;[m : Successfully created attachment "API Request - JSON Body"
2023-02-07 11:03:54.769 &amp#27;[32m INFO&amp#27;[m &amp#27;[35m[@503 - main]&amp#27;[m &amp#27;[36mcom.shaft.tools.io.ReportManager&amp#27;[m : Successfully created attachment "API Response - JSON Body"
2023-02-07 11:03:54.769 &amp#27;[32m INFO&amp#27;[m &amp#27;[35m[@503 - main]&amp#27;[m &amp#27;[36mcom.shaft.tools.io.ReportManager&amp#27;[m : File Action "DoesFileExist" successfully performed. With the following test data "File Path: "src/test/resources/testDataFiles/SteeringCompanyAPI_TestData/SteeringCompanyAPI_TestData.xlsx"".
2023-02-07 11:03:54.819 &amp#27;[32m INFO&amp#27;[m &amp#27;[35m[@503 - main]&amp#27;[m &amp#27;[36mcom.shaft.tools.io.ReportManager&amp#27;[m : File Action "DoesFileExist" successfully performed. With the following test data "File Path: "SteeringCompanyAPI_TestData/SteeringCompanyAPI_TestData.xlsx"".
2023-02-07 11:03:54.841 &amp#27;[32m INFO&amp#27;[m &amp#27;[35m[@503 - main]&amp#27;[m &amp#27;[36mcom.shaft.tools.io.ReportManager&amp#27;[m : Successfully created attachment "Test Data - Excel"
2023-02-07 11:03:54.841 &amp#27;[32m INFO&amp#27;[m &amp#27;[35m[@503 - main]&amp#27;[m &amp#27;[36mcom.shaft.tools.io.ReportManager&amp#27;[m : File Action "DoesFileExist" successfully performed. With the following test data "File Path: "SteeringCompanyAPI_TestData/SteeringCompanyAPI_TestData.xlsx"".
2023-02-07 11:03:54.863 &amp#27;[32m INFO&amp#27;[m &amp#27;[35m[@503 - main]&amp#27;[m &amp#27;[36mcom.shaft.tools.io.ReportManager&amp#27;[m : Successfully created attachment "Test Data - Excel"
2023-02-07 11:03:54.865 &amp#27;[32m INFO&amp#27;[m &amp#27;[35m[@503 - main]&amp#27;[m &amp#27;[36mcom.shaft.tools.io.ReportManager&amp#27;[m : File Action "DoesFileExist" successfully performed. With the following test data "File Path: "Schemas/Cancel_Policy_schema.json"".
2023-02-07 11:03:54.866 &amp#27;[32m INFO&amp#27;[m &amp#27;[35m[@503 - main]&amp#27;[m &amp#27;[36mcom.shaft.tools.io.ReportManager&amp#27;[m : File Action "DoesFileExist" successfully performed. With the following test data "File Path: "src/test/resources/testDataFiles/Schemas/Cancel_Policy_schema.json"".
2023-02-07 11:03:54.866 &amp#27;[32m INFO&amp#27;[m &amp#27;[35m[@503 - main]&amp#27;[m &amp#27;[36mcom.shaft.tools.io.ReportManager&amp#27;[m : File Action "GetAbsolutePath" successfully performed. With the following test data "Relative Folder Path: "src/test/resources/testDataFiles/Schemas/Cancel_Policy_schema.json"".
2023-02-07 11:03:54.867 &amp#27;[32m INFO&amp#27;[m &amp#27;[35m[@503 - main]&amp#27;[m &amp#27;[36mcom.shaft.tools.io.ReportManager&amp#27;[m : File Action "DoesFileExist" successfully performed. With the following test data "File Path: "C:\eclipse-workspace\MyProjects\TASystemsAPIs\src\test\resources\testDataFiles\Schemas\Cancel_Policy_schema.json"".
2023-02-07 11:03:54.867 &amp#27;[32m INFO&amp#27;[m &amp#27;[35m[@503 - main]&amp#27;[m &amp#27;[36mcom.shaft.tools.io.ReportManager&amp#27;[m : File Action "GetAbsolutePath" successfully performed. With the following test data "Relative Folder Path: "C:\eclipse-workspace\MyProjects\TASystemsAPIs\src\test\resources\testDataFiles\Schemas\Cancel_Policy_schema.json"".
2023-02-07 11:03:54.868 &amp#27;[32m INFO&amp#27;[m &amp#27;[35m[@503 - main]&amp#27;[m &amp#27;[36mcom.shaft.tools.io.ReportManager&amp#27;[m : File Action "ReadFile" successfully performed. With the following test data "File Path: "C:\eclipse-workspace\MyProjects\TASystemsAPIs\src\test\resources\testDataFiles\Schemas\Cancel_Policy_schema.json"".
2023-02-07 11:03:54.869 &amp#27;[32m INFO&amp#27;[m &amp#27;[35m[@503 - main]&amp#27;[m &amp#27;[36mcom.shaft.tools.io.ReportManager&amp#27;[m : Successfully created attachment "Validation Test Data - Expected JSON Value"
2023-02-07 11:03:54.870 &amp#27;[32m INFO&amp#27;[m &amp#27;[35m[@503 - main]&amp#27;[m &amp#27;[36mcom.shaft.tools.io.ReportManager&amp#27;[m : Successfully created attachment "Validation Test Data - Actual JSON Value"
2023-02-07 11:03:54.871 &amp#27;[32m INFO&amp#27;[m &amp#27;[35m[@503 - main]&amp#27;[m &amp#27;[36mcom.shaft.tools.io.ReportManager&amp#27;[m : Successfully created attachment "SHAFT Engine Logs - Current Method log: Valid_Add_Cancel_Policy_TC"
]]></system-out>
  </testcase>
  <testcase name="Valid_Add_Cancel_Policy_TC[[Ljava.lang.Object;@458b436f](3)" classname="SteeringCompanyAPI_TestCases.Test_Policies_Cases" time="2.979">
    <system-out><![CDATA[2023-02-07 11:03:54.873 &amp#27;[32m INFO&amp#27;[m &amp#27;[35m[@534 - main]&amp#27;[m &amp#27;[36mcom.shaft.tools.io.ReportManager&amp#27;[m : 
################################################################################################################################################
Starting Execution:	"381 out of 107" test cases in the current suite
Test Method:		"SteeringCompanyAPI_TestCases.Test_Policies_Cases.Valid_Add_Cancel_Policy_TC"
Test Description:	"TC005 -Policy- Perform Add Valid Cancel Policy"
################################################################################################################################################
2023-02-07 11:03:54.874 &amp#27;[32m INFO&amp#27;[m &amp#27;[35m[@503 - main]&amp#27;[m &amp#27;[36mcom.shaft.tools.io.ReportManager&amp#27;[m : File Action "DoesFileExist" successfully performed. With the following test data "File Path: "SteeringCompanyAPI_TestData/SteeringCompanyAPI_TestData.xlsx"".
2023-02-07 11:03:54.900 &amp#27;[32m INFO&amp#27;[m &amp#27;[35m[@503 - main]&amp#27;[m &amp#27;[36mcom.shaft.tools.io.ReportManager&amp#27;[m : Successfully created attachment "Test Data - Excel"
2023-02-07 11:03:56.514 &amp#27;[32m INFO&amp#27;[m &amp#27;[35m[@503 - main]&amp#27;[m &amp#27;[36mcom.shaft.tools.io.ReportManager&amp#27;[m : Response status code: "200", status line: "HTTP/1.1 200 OK"
2023-02-07 11:03:56.526 &amp#27;[32m INFO&amp#27;[m &amp#27;[35m[@503 - main]&amp#27;[m &amp#27;[36mcom.shaft.tools.io.ReportManager&amp#27;[m : Successfully created attachment "API Request - Specifications"
2023-02-07 11:03:56.527 &amp#27;[32m INFO&amp#27;[m &amp#27;[35m[@503 - main]&amp#27;[m &amp#27;[36mcom.shaft.tools.io.ReportManager&amp#27;[m : Successfully created attachment "API Request - Body"
2023-02-07 11:03:56.528 &amp#27;[32m INFO&amp#27;[m &amp#27;[35m[@503 - main]&amp#27;[m &amp#27;[36mcom.shaft.tools.io.ReportManager&amp#27;[m : Successfully created attachment "API Response - JSON Body"
2023-02-07 11:03:56.533 &amp#27;[32m INFO&amp#27;[m &amp#27;[35m[@503 - main]&amp#27;[m &amp#27;[36mcom.shaft.tools.io.ReportManager&amp#27;[m : File Action "DoesFileExist" successfully performed. With the following test data "File Path: "SteeringCompanyAPI_TestData/SteeringCompanyAPI_TestData.xlsx"".
2023-02-07 11:03:56.551 &amp#27;[32m INFO&amp#27;[m &amp#27;[35m[@503 - main]&amp#27;[m &amp#27;[36mcom.shaft.tools.io.ReportManager&amp#27;[m : Successfully created attachment "Test Data - Excel"
2023-02-07 11:03:56.552 &amp#27;[32m INFO&amp#27;[m &amp#27;[35m[@503 - main]&amp#27;[m &amp#27;[36mcom.shaft.tools.io.ReportManager&amp#27;[m : File Action "DoesFileExist" successfully performed. With the following test data "File Path: "SteeringCompanyAPI_TestData/SteeringCompanyAPI_TestData.xlsx"".
2023-02-07 11:03:56.569 &amp#27;[32m INFO&amp#27;[m &amp#27;[35m[@503 - main]&amp#27;[m &amp#27;[36mcom.shaft.tools.io.ReportManager&amp#27;[m : Successfully created attachment "Test Data - Excel"
2023-02-07 11:03:56.569 &amp#27;[32m INFO&amp#27;[m &amp#27;[35m[@503 - main]&amp#27;[m &amp#27;[36mcom.shaft.tools.io.ReportManager&amp#27;[m : File Action "DoesFileExist" successfully performed. With the following test data "File Path: "SteeringCompanyAPI_TestData/SteeringCompanyAPI_TestData.xlsx"".
2023-02-07 11:03:56.588 &amp#27;[32m INFO&amp#27;[m &amp#27;[35m[@503 - main]&amp#27;[m &amp#27;[36mcom.shaft.tools.io.ReportManager&amp#27;[m : Successfully created attachment "Test Data - Excel"
2023-02-07 11:03:57.703 &amp#27;[32m INFO&amp#27;[m &amp#27;[35m[@503 - main]&amp#27;[m &amp#27;[36mcom.shaft.tools.io.ReportManager&amp#27;[m : Response status code: "201", status line: "HTTP/1.1 201 "
2023-02-07 11:03:57.720 &amp#27;[32m INFO&amp#27;[m &amp#27;[35m[@503 - main]&amp#27;[m &amp#27;[36mcom.shaft.tools.io.ReportManager&amp#27;[m : Successfully created attachment "API Request - Specifications"
2023-02-07 11:03:57.721 &amp#27;[32m INFO&amp#27;[m &amp#27;[35m[@503 - main]&amp#27;[m &amp#27;[36mcom.shaft.tools.io.ReportManager&amp#27;[m : Successfully created attachment "API Request - JSON Body"
2023-02-07 11:03:57.721 &amp#27;[32m INFO&amp#27;[m &amp#27;[35m[@503 - main]&amp#27;[m &amp#27;[36mcom.shaft.tools.io.ReportManager&amp#27;[m : Successfully created attachment "API Response - JSON Body"
2023-02-07 11:03:57.721 &amp#27;[32m INFO&amp#27;[m &amp#27;[35m[@503 - main]&amp#27;[m &amp#27;[36mcom.shaft.tools.io.ReportManager&amp#27;[m : File Action "DoesFileExist" successfully performed. With the following test data "File Path: "src/test/resources/testDataFiles/SteeringCompanyAPI_TestData/SteeringCompanyAPI_TestData.xlsx"".
2023-02-07 11:03:57.773 &amp#27;[32m INFO&amp#27;[m &amp#27;[35m[@503 - main]&amp#27;[m &amp#27;[36mcom.shaft.tools.io.ReportManager&amp#27;[m : File Action "DoesFileExist" successfully performed. With the following test data "File Path: "SteeringCompanyAPI_TestData/SteeringCompanyAPI_TestData.xlsx"".
2023-02-07 11:03:57.810 &amp#27;[32m INFO&amp#27;[m &amp#27;[35m[@503 - main]&amp#27;[m &amp#27;[36mcom.shaft.tools.io.ReportManager&amp#27;[m : Successfully created attachment "Test Data - Excel"
2023-02-07 11:03:57.810 &amp#27;[32m INFO&amp#27;[m &amp#27;[35m[@503 - main]&amp#27;[m &amp#27;[36mcom.shaft.tools.io.ReportManager&amp#27;[m : File Action "DoesFileExist" successfully performed. With the following test data "File Path: "SteeringCompanyAPI_TestData/SteeringCompanyAPI_TestData.xlsx"".
2023-02-07 11:03:57.841 &amp#27;[32m INFO&amp#27;[m &amp#27;[35m[@503 - main]&amp#27;[m &amp#27;[36mcom.shaft.tools.io.ReportManager&amp#27;[m : Successfully created attachment "Test Data - Excel"
2023-02-07 11:03:57.843 &amp#27;[32m INFO&amp#27;[m &amp#27;[35m[@503 - main]&amp#27;[m &amp#27;[36mcom.shaft.tools.io.ReportManager&amp#27;[m : File Action "DoesFileExist" successfully performed. With the following test data "File Path: "Schemas/Cancel_Policy_schema.json"".
2023-02-07 11:03:57.843 &amp#27;[32m INFO&amp#27;[m &amp#27;[35m[@503 - main]&amp#27;[m &amp#27;[36mcom.shaft.tools.io.ReportManager&amp#27;[m : File Action "DoesFileExist" successfully performed. With the following test data "File Path: "src/test/resources/testDataFiles/Schemas/Cancel_Policy_schema.json"".
2023-02-07 11:03:57.843 &amp#27;[32m INFO&amp#27;[m &amp#27;[35m[@503 - main]&amp#27;[m &amp#27;[36mcom.shaft.tools.io.ReportManager&amp#27;[m : File Action "GetAbsolutePath" successfully performed. With the following test data "Relative Folder Path: "src/test/resources/testDataFiles/Schemas/Cancel_Policy_schema.json"".
2023-02-07 11:03:57.845 &amp#27;[32m INFO&amp#27;[m &amp#27;[35m[@503 - main]&amp#27;[m &amp#27;[36mcom.shaft.tools.io.ReportManager&amp#27;[m : File Action "DoesFileExist" successfully performed. With the following test data "File Path: "C:\eclipse-workspace\MyProjects\TASystemsAPIs\src\test\resources\testDataFiles\Schemas\Cancel_Policy_schema.json"".
2023-02-07 11:03:57.845 &amp#27;[32m INFO&amp#27;[m &amp#27;[35m[@503 - main]&amp#27;[m &amp#27;[36mcom.shaft.tools.io.ReportManager&amp#27;[m : File Action "GetAbsolutePath" successfully performed. With the following test data "Relative Folder Path: "C:\eclipse-workspace\MyProjects\TASystemsAPIs\src\test\resources\testDataFiles\Schemas\Cancel_Policy_schema.json"".
2023-02-07 11:03:57.846 &amp#27;[32m INFO&amp#27;[m &amp#27;[35m[@503 - main]&amp#27;[m &amp#27;[36mcom.shaft.tools.io.ReportManager&amp#27;[m : File Action "ReadFile" successfully performed. With the following test data "File Path: "C:\eclipse-workspace\MyProjects\TASystemsAPIs\src\test\resources\testDataFiles\Schemas\Cancel_Policy_schema.json"".
2023-02-07 11:03:57.848 &amp#27;[32m INFO&amp#27;[m &amp#27;[35m[@503 - main]&amp#27;[m &amp#27;[36mcom.shaft.tools.io.ReportManager&amp#27;[m : Successfully created attachment "Validation Test Data - Expected JSON Value"
2023-02-07 11:03:57.849 &amp#27;[32m INFO&amp#27;[m &amp#27;[35m[@503 - main]&amp#27;[m &amp#27;[36mcom.shaft.tools.io.ReportManager&amp#27;[m : Successfully created attachment "Validation Test Data - Actual JSON Value"
2023-02-07 11:03:57.849 &amp#27;[32m INFO&amp#27;[m &amp#27;[35m[@503 - main]&amp#27;[m &amp#27;[36mcom.shaft.tools.io.ReportManager&amp#27;[m : Successfully created attachment "SHAFT Engine Logs - Current Method log: Valid_Add_Cancel_Policy_TC"
]]></system-out>
  </testcase>
  <testcase name="Valid_Add_General_Policy_TC[[Ljava.lang.Object;@818835e](1)" classname="SteeringCompanyAPI_TestCases.Test_Policies_Cases" time="1.629">
    <system-out><![CDATA[2023-02-07 11:03:57.855 &amp#27;[32m INFO&amp#27;[m &amp#27;[35m[@534 - main]&amp#27;[m &amp#27;[36mcom.shaft.tools.io.ReportManager&amp#27;[m : 
################################################################################################################################################
Starting Execution:	"382 out of 107" test cases in the current suite
Test Method:		"SteeringCompanyAPI_TestCases.Test_Policies_Cases.Valid_Add_General_Policy_TC"
Test Description:	"TC009 -Policy- Perform Add Valid General Policy "
################################################################################################################################################
2023-02-07 11:03:57.859 &amp#27;[32m INFO&amp#27;[m &amp#27;[35m[@503 - main]&amp#27;[m &amp#27;[36mcom.shaft.tools.io.ReportManager&amp#27;[m : File Action "DoesFileExist" successfully performed. With the following test data "File Path: "SteeringCompanyAPI_TestData/SteeringCompanyAPI_TestData.xlsx"".
2023-02-07 11:03:58.031 &amp#27;[32m INFO&amp#27;[m &amp#27;[35m[@503 - main]&amp#27;[m &amp#27;[36mcom.shaft.tools.io.ReportManager&amp#27;[m : Successfully created attachment "Test Data - Excel"
2023-02-07 11:03:58.712 &amp#27;[32m INFO&amp#27;[m &amp#27;[35m[@503 - main]&amp#27;[m &amp#27;[36mcom.shaft.tools.io.ReportManager&amp#27;[m : Response status code: "200", status line: "HTTP/1.1 200 OK"
2023-02-07 11:03:58.719 &amp#27;[32m INFO&amp#27;[m &amp#27;[35m[@503 - main]&amp#27;[m &amp#27;[36mcom.shaft.tools.io.ReportManager&amp#27;[m : Successfully created attachment "API Request - Specifications"
2023-02-07 11:03:58.722 &amp#27;[32m INFO&amp#27;[m &amp#27;[35m[@503 - main]&amp#27;[m &amp#27;[36mcom.shaft.tools.io.ReportManager&amp#27;[m : Successfully created attachment "API Request - Body"
2023-02-07 11:03:58.722 &amp#27;[32m INFO&amp#27;[m &amp#27;[35m[@503 - main]&amp#27;[m &amp#27;[36mcom.shaft.tools.io.ReportManager&amp#27;[m : Successfully created attachment "API Response - JSON Body"
2023-02-07 11:03:58.728 &amp#27;[32m INFO&amp#27;[m &amp#27;[35m[@503 - main]&amp#27;[m &amp#27;[36mcom.shaft.tools.io.ReportManager&amp#27;[m : File Action "DoesFileExist" successfully performed. With the following test data "File Path: "SteeringCompanyAPI_TestData/SteeringCompanyAPI_TestData.xlsx"".
2023-02-07 11:03:58.746 &amp#27;[32m INFO&amp#27;[m &amp#27;[35m[@503 - main]&amp#27;[m &amp#27;[36mcom.shaft.tools.io.ReportManager&amp#27;[m : Successfully created attachment "Test Data - Excel"
2023-02-07 11:03:58.746 &amp#27;[32m INFO&amp#27;[m &amp#27;[35m[@503 - main]&amp#27;[m &amp#27;[36mcom.shaft.tools.io.ReportManager&amp#27;[m : File Action "DoesFileExist" successfully performed. With the following test data "File Path: "SteeringCompanyAPI_TestData/SteeringCompanyAPI_TestData.xlsx"".
2023-02-07 11:03:58.772 &amp#27;[32m INFO&amp#27;[m &amp#27;[35m[@503 - main]&amp#27;[m &amp#27;[36mcom.shaft.tools.io.ReportManager&amp#27;[m : Successfully created attachment "Test Data - Excel"
2023-02-07 11:03:58.772 &amp#27;[32m INFO&amp#27;[m &amp#27;[35m[@503 - main]&amp#27;[m &amp#27;[36mcom.shaft.tools.io.ReportManager&amp#27;[m : File Action "DoesFileExist" successfully performed. With the following test data "File Path: "SteeringCompanyAPI_TestData/SteeringCompanyAPI_TestData.xlsx"".
2023-02-07 11:03:58.791 &amp#27;[32m INFO&amp#27;[m &amp#27;[35m[@503 - main]&amp#27;[m &amp#27;[36mcom.shaft.tools.io.ReportManager&amp#27;[m : Successfully created attachment "Test Data - Excel"
2023-02-07 11:03:59.342 &amp#27;[32m INFO&amp#27;[m &amp#27;[35m[@503 - main]&amp#27;[m &amp#27;[36mcom.shaft.tools.io.ReportManager&amp#27;[m : Response status code: "201", status line: "HTTP/1.1 201 "
2023-02-07 11:03:59.353 &amp#27;[32m INFO&amp#27;[m &amp#27;[35m[@503 - main]&amp#27;[m &amp#27;[36mcom.shaft.tools.io.ReportManager&amp#27;[m : Successfully created attachment "API Request - Specifications"
2023-02-07 11:03:59.353 &amp#27;[32m INFO&amp#27;[m &amp#27;[35m[@503 - main]&amp#27;[m &amp#27;[36mcom.shaft.tools.io.ReportManager&amp#27;[m : Successfully created attachment "API Request - JSON Body"
2023-02-07 11:03:59.355 &amp#27;[32m INFO&amp#27;[m &amp#27;[35m[@503 - main]&amp#27;[m &amp#27;[36mcom.shaft.tools.io.ReportManager&amp#27;[m : Successfully created attachment "API Response - JSON Body"
2023-02-07 11:03:59.355 &amp#27;[32m INFO&amp#27;[m &amp#27;[35m[@503 - main]&amp#27;[m &amp#27;[36mcom.shaft.tools.io.ReportManager&amp#27;[m : File Action "DoesFileExist" successfully performed. With the following test data "File Path: "src/test/resources/testDataFiles/SteeringCompanyAPI_TestData/SteeringCompanyAPI_TestData.xlsx"".
2023-02-07 11:03:59.400 &amp#27;[32m INFO&amp#27;[m &amp#27;[35m[@503 - main]&amp#27;[m &amp#27;[36mcom.shaft.tools.io.ReportManager&amp#27;[m : File Action "DoesFileExist" successfully performed. With the following test data "File Path: "SteeringCompanyAPI_TestData/SteeringCompanyAPI_TestData.xlsx"".
2023-02-07 11:03:59.437 &amp#27;[32m INFO&amp#27;[m &amp#27;[35m[@503 - main]&amp#27;[m &amp#27;[36mcom.shaft.tools.io.ReportManager&amp#27;[m : Successfully created attachment "Test Data - Excel"
2023-02-07 11:03:59.437 &amp#27;[32m INFO&amp#27;[m &amp#27;[35m[@503 - main]&amp#27;[m &amp#27;[36mcom.shaft.tools.io.ReportManager&amp#27;[m : File Action "DoesFileExist" successfully performed. With the following test data "File Path: "SteeringCompanyAPI_TestData/SteeringCompanyAPI_TestData.xlsx"".
2023-02-07 11:03:59.469 &amp#27;[32m INFO&amp#27;[m &amp#27;[35m[@503 - main]&amp#27;[m &amp#27;[36mcom.shaft.tools.io.ReportManager&amp#27;[m : Successfully created attachment "Test Data - Excel"
2023-02-07 11:03:59.473 &amp#27;[32m INFO&amp#27;[m &amp#27;[35m[@503 - main]&amp#27;[m &amp#27;[36mcom.shaft.tools.io.ReportManager&amp#27;[m : File Action "DoesFileExist" successfully performed. With the following test data "File Path: "Schemas/General_Policy_schema.json"".
2023-02-07 11:03:59.474 &amp#27;[32m INFO&amp#27;[m &amp#27;[35m[@503 - main]&amp#27;[m &amp#27;[36mcom.shaft.tools.io.ReportManager&amp#27;[m : File Action "DoesFileExist" successfully performed. With the following test data "File Path: "src/test/resources/testDataFiles/Schemas/General_Policy_schema.json"".
2023-02-07 11:03:59.475 &amp#27;[32m INFO&amp#27;[m &amp#27;[35m[@503 - main]&amp#27;[m &amp#27;[36mcom.shaft.tools.io.ReportManager&amp#27;[m : File Action "GetAbsolutePath" successfully performed. With the following test data "Relative Folder Path: "src/test/resources/testDataFiles/Schemas/General_Policy_schema.json"".
2023-02-07 11:03:59.478 &amp#27;[32m INFO&amp#27;[m &amp#27;[35m[@503 - main]&amp#27;[m &amp#27;[36mcom.shaft.tools.io.ReportManager&amp#27;[m : File Action "DoesFileExist" successfully performed. With the following test data "File Path: "C:\eclipse-workspace\MyProjects\TASystemsAPIs\src\test\resources\testDataFiles\Schemas\General_Policy_schema.json"".
2023-02-07 11:03:59.478 &amp#27;[32m INFO&amp#27;[m &amp#27;[35m[@503 - main]&amp#27;[m &amp#27;[36mcom.shaft.tools.io.ReportManager&amp#27;[m : File Action "GetAbsolutePath" successfully performed. With the following test data "Relative Folder Path: "C:\eclipse-workspace\MyProjects\TASystemsAPIs\src\test\resources\testDataFiles\Schemas\General_Policy_schema.json"".
2023-02-07 11:03:59.478 &amp#27;[32m INFO&amp#27;[m &amp#27;[35m[@503 - main]&amp#27;[m &amp#27;[36mcom.shaft.tools.io.ReportManager&amp#27;[m : File Action "ReadFile" successfully performed. With the following test data "File Path: "C:\eclipse-workspace\MyProjects\TASystemsAPIs\src\test\resources\testDataFiles\Schemas\General_Policy_schema.json"".
2023-02-07 11:03:59.479 &amp#27;[32m INFO&amp#27;[m &amp#27;[35m[@503 - main]&amp#27;[m &amp#27;[36mcom.shaft.tools.io.ReportManager&amp#27;[m : Successfully created attachment "Validation Test Data - Expected JSON Value"
2023-02-07 11:03:59.481 &amp#27;[32m INFO&amp#27;[m &amp#27;[35m[@503 - main]&amp#27;[m &amp#27;[36mcom.shaft.tools.io.ReportManager&amp#27;[m : Successfully created attachment "Validation Test Data - Actual JSON Value"
2023-02-07 11:03:59.481 &amp#27;[32m INFO&amp#27;[m &amp#27;[35m[@503 - main]&amp#27;[m &amp#27;[36mcom.shaft.tools.io.ReportManager&amp#27;[m : Successfully created attachment "SHAFT Engine Logs - Current Method log: Valid_Add_General_Policy_TC"
]]></system-out>
  </testcase>
  <testcase name="Valid_Add_General_Policy_TC[[Ljava.lang.Object;@28f1b0e](2)" classname="SteeringCompanyAPI_TestCases.Test_Policies_Cases" time="1.473">
    <system-out><![CDATA[2023-02-07 11:03:59.483 &amp#27;[32m INFO&amp#27;[m &amp#27;[35m[@534 - main]&amp#27;[m &amp#27;[36mcom.shaft.tools.io.ReportManager&amp#27;[m : 
################################################################################################################################################
Starting Execution:	"383 out of 107" test cases in the current suite
Test Method:		"SteeringCompanyAPI_TestCases.Test_Policies_Cases.Valid_Add_General_Policy_TC"
Test Description:	"TC009 -Policy- Perform Add Valid General Policy "
################################################################################################################################################
2023-02-07 11:03:59.484 &amp#27;[32m INFO&amp#27;[m &amp#27;[35m[@503 - main]&amp#27;[m &amp#27;[36mcom.shaft.tools.io.ReportManager&amp#27;[m : File Action "DoesFileExist" successfully performed. With the following test data "File Path: "SteeringCompanyAPI_TestData/SteeringCompanyAPI_TestData.xlsx"".
2023-02-07 11:03:59.507 &amp#27;[32m INFO&amp#27;[m &amp#27;[35m[@503 - main]&amp#27;[m &amp#27;[36mcom.shaft.tools.io.ReportManager&amp#27;[m : Successfully created attachment "Test Data - Excel"
2023-02-07 11:04:00.142 &amp#27;[32m INFO&amp#27;[m &amp#27;[35m[@503 - main]&amp#27;[m &amp#27;[36mcom.shaft.tools.io.ReportManager&amp#27;[m : Response status code: "200", status line: "HTTP/1.1 200 OK"
2023-02-07 11:04:00.150 &amp#27;[32m INFO&amp#27;[m &amp#27;[35m[@503 - main]&amp#27;[m &amp#27;[36mcom.shaft.tools.io.ReportManager&amp#27;[m : Successfully created attachment "API Request - Specifications"
2023-02-07 11:04:00.151 &amp#27;[32m INFO&amp#27;[m &amp#27;[35m[@503 - main]&amp#27;[m &amp#27;[36mcom.shaft.tools.io.ReportManager&amp#27;[m : Successfully created attachment "API Request - Body"
2023-02-07 11:04:00.152 &amp#27;[32m INFO&amp#27;[m &amp#27;[35m[@503 - main]&amp#27;[m &amp#27;[36mcom.shaft.tools.io.ReportManager&amp#27;[m : Successfully created attachment "API Response - JSON Body"
2023-02-07 11:04:00.162 &amp#27;[32m INFO&amp#27;[m &amp#27;[35m[@503 - main]&amp#27;[m &amp#27;[36mcom.shaft.tools.io.ReportManager&amp#27;[m : File Action "DoesFileExist" successfully performed. With the following test data "File Path: "SteeringCompanyAPI_TestData/SteeringCompanyAPI_TestData.xlsx"".
2023-02-07 11:04:00.179 &amp#27;[32m INFO&amp#27;[m &amp#27;[35m[@503 - main]&amp#27;[m &amp#27;[36mcom.shaft.tools.io.ReportManager&amp#27;[m : Successfully created attachment "Test Data - Excel"
2023-02-07 11:04:00.179 &amp#27;[32m INFO&amp#27;[m &amp#27;[35m[@503 - main]&amp#27;[m &amp#27;[36mcom.shaft.tools.io.ReportManager&amp#27;[m : File Action "DoesFileExist" successfully performed. With the following test data "File Path: "SteeringCompanyAPI_TestData/SteeringCompanyAPI_TestData.xlsx"".
2023-02-07 11:04:00.196 &amp#27;[32m INFO&amp#27;[m &amp#27;[35m[@503 - main]&amp#27;[m &amp#27;[36mcom.shaft.tools.io.ReportManager&amp#27;[m : Successfully created attachment "Test Data - Excel"
2023-02-07 11:04:00.196 &amp#27;[32m INFO&amp#27;[m &amp#27;[35m[@503 - main]&amp#27;[m &amp#27;[36mcom.shaft.tools.io.ReportManager&amp#27;[m : File Action "DoesFileExist" successfully performed. With the following test data "File Path: "SteeringCompanyAPI_TestData/SteeringCompanyAPI_TestData.xlsx"".
2023-02-07 11:04:00.210 &amp#27;[32m INFO&amp#27;[m &amp#27;[35m[@503 - main]&amp#27;[m &amp#27;[36mcom.shaft.tools.io.ReportManager&amp#27;[m : Successfully created attachment "Test Data - Excel"
2023-02-07 11:04:00.712 &amp#27;[32m INFO&amp#27;[m &amp#27;[35m[@503 - main]&amp#27;[m &amp#27;[36mcom.shaft.tools.io.ReportManager&amp#27;[m : Response status code: "201", status line: "HTTP/1.1 201 "
2023-02-07 11:04:00.736 &amp#27;[32m INFO&amp#27;[m &amp#27;[35m[@503 - main]&amp#27;[m &amp#27;[36mcom.shaft.tools.io.ReportManager&amp#27;[m : Successfully created attachment "API Request - Specifications"
2023-02-07 11:04:00.737 &amp#27;[32m INFO&amp#27;[m &amp#27;[35m[@503 - main]&amp#27;[m &amp#27;[36mcom.shaft.tools.io.ReportManager&amp#27;[m : Successfully created attachment "API Request - JSON Body"
2023-02-07 11:04:00.738 &amp#27;[32m INFO&amp#27;[m &amp#27;[35m[@503 - main]&amp#27;[m &amp#27;[36mcom.shaft.tools.io.ReportManager&amp#27;[m : Successfully created attachment "API Response - JSON Body"
2023-02-07 11:04:00.740 &amp#27;[32m INFO&amp#27;[m &amp#27;[35m[@503 - main]&amp#27;[m &amp#27;[36mcom.shaft.tools.io.ReportManager&amp#27;[m : File Action "DoesFileExist" successfully performed. With the following test data "File Path: "src/test/resources/testDataFiles/SteeringCompanyAPI_TestData/SteeringCompanyAPI_TestData.xlsx"".
2023-02-07 11:04:00.861 &amp#27;[32m INFO&amp#27;[m &amp#27;[35m[@503 - main]&amp#27;[m &amp#27;[36mcom.shaft.tools.io.ReportManager&amp#27;[m : File Action "DoesFileExist" successfully performed. With the following test data "File Path: "SteeringCompanyAPI_TestData/SteeringCompanyAPI_TestData.xlsx"".
2023-02-07 11:04:00.904 &amp#27;[32m INFO&amp#27;[m &amp#27;[35m[@503 - main]&amp#27;[m &amp#27;[36mcom.shaft.tools.io.ReportManager&amp#27;[m : Successfully created attachment "Test Data - Excel"
2023-02-07 11:04:00.904 &amp#27;[32m INFO&amp#27;[m &amp#27;[35m[@503 - main]&amp#27;[m &amp#27;[36mcom.shaft.tools.io.ReportManager&amp#27;[m : File Action "DoesFileExist" successfully performed. With the following test data "File Path: "SteeringCompanyAPI_TestData/SteeringCompanyAPI_TestData.xlsx"".
2023-02-07 11:04:00.947 &amp#27;[32m INFO&amp#27;[m &amp#27;[35m[@503 - main]&amp#27;[m &amp#27;[36mcom.shaft.tools.io.ReportManager&amp#27;[m : Successfully created attachment "Test Data - Excel"
2023-02-07 11:04:00.948 &amp#27;[32m INFO&amp#27;[m &amp#27;[35m[@503 - main]&amp#27;[m &amp#27;[36mcom.shaft.tools.io.ReportManager&amp#27;[m : File Action "DoesFileExist" successfully performed. With the following test data "File Path: "Schemas/General_Policy_schema.json"".
2023-02-07 11:04:00.949 &amp#27;[32m INFO&amp#27;[m &amp#27;[35m[@503 - main]&amp#27;[m &amp#27;[36mcom.shaft.tools.io.ReportManager&amp#27;[m : File Action "DoesFileExist" successfully performed. With the following test data "File Path: "src/test/resources/testDataFiles/Schemas/General_Policy_schema.json"".
2023-02-07 11:04:00.949 &amp#27;[32m INFO&amp#27;[m &amp#27;[35m[@503 - main]&amp#27;[m &amp#27;[36mcom.shaft.tools.io.ReportManager&amp#27;[m : File Action "GetAbsolutePath" successfully performed. With the following test data "Relative Folder Path: "src/test/resources/testDataFiles/Schemas/General_Policy_schema.json"".
2023-02-07 11:04:00.951 &amp#27;[32m INFO&amp#27;[m &amp#27;[35m[@503 - main]&amp#27;[m &amp#27;[36mcom.shaft.tools.io.ReportManager&amp#27;[m : File Action "DoesFileExist" successfully performed. With the following test data "File Path: "C:\eclipse-workspace\MyProjects\TASystemsAPIs\src\test\resources\testDataFiles\Schemas\General_Policy_schema.json"".
2023-02-07 11:04:00.951 &amp#27;[32m INFO&amp#27;[m &amp#27;[35m[@503 - main]&amp#27;[m &amp#27;[36mcom.shaft.tools.io.ReportManager&amp#27;[m : File Action "GetAbsolutePath" successfully performed. With the following test data "Relative Folder Path: "C:\eclipse-workspace\MyProjects\TASystemsAPIs\src\test\resources\testDataFiles\Schemas\General_Policy_schema.json"".
2023-02-07 11:04:00.951 &amp#27;[32m INFO&amp#27;[m &amp#27;[35m[@503 - main]&amp#27;[m &amp#27;[36mcom.shaft.tools.io.ReportManager&amp#27;[m : File Action "ReadFile" successfully performed. With the following test data "File Path: "C:\eclipse-workspace\MyProjects\TASystemsAPIs\src\test\resources\testDataFiles\Schemas\General_Policy_schema.json"".
2023-02-07 11:04:00.953 &amp#27;[32m INFO&amp#27;[m &amp#27;[35m[@503 - main]&amp#27;[m &amp#27;[36mcom.shaft.tools.io.ReportManager&amp#27;[m : Successfully created attachment "Validation Test Data - Expected JSON Value"
2023-02-07 11:04:00.953 &amp#27;[32m INFO&amp#27;[m &amp#27;[35m[@503 - main]&amp#27;[m &amp#27;[36mcom.shaft.tools.io.ReportManager&amp#27;[m : Successfully created attachment "Validation Test Data - Actual JSON Value"
2023-02-07 11:04:00.955 &amp#27;[32m INFO&amp#27;[m &amp#27;[35m[@503 - main]&amp#27;[m &amp#27;[36mcom.shaft.tools.io.ReportManager&amp#27;[m : Successfully created attachment "SHAFT Engine Logs - Current Method log: Valid_Add_General_Policy_TC"
]]></system-out>
  </testcase>
  <testcase name="Valid_Add_Payment_Policy_TC[[Ljava.lang.Object;@16f05d06](1)" classname="SteeringCompanyAPI_TestCases.Test_Policies_Cases" time="1.532">
    <system-out><![CDATA[2023-02-07 11:04:00.961 &amp#27;[32m INFO&amp#27;[m &amp#27;[35m[@534 - main]&amp#27;[m &amp#27;[36mcom.shaft.tools.io.ReportManager&amp#27;[m : 
################################################################################################################################################
Starting Execution:	"384 out of 107" test cases in the current suite
Test Method:		"SteeringCompanyAPI_TestCases.Test_Policies_Cases.Valid_Add_Payment_Policy_TC"
Test Description:	"TC008 -Policy- Perform Add Valid Payment Policy"
################################################################################################################################################
2023-02-07 11:04:00.961 &amp#27;[32m INFO&amp#27;[m &amp#27;[35m[@503 - main]&amp#27;[m &amp#27;[36mcom.shaft.tools.io.ReportManager&amp#27;[m : File Action "DoesFileExist" successfully performed. With the following test data "File Path: "SteeringCompanyAPI_TestData/SteeringCompanyAPI_TestData.xlsx"".
2023-02-07 11:04:00.996 &amp#27;[32m INFO&amp#27;[m &amp#27;[35m[@503 - main]&amp#27;[m &amp#27;[36mcom.shaft.tools.io.ReportManager&amp#27;[m : Successfully created attachment "Test Data - Excel"
2023-02-07 11:04:01.643 &amp#27;[32m INFO&amp#27;[m &amp#27;[35m[@503 - main]&amp#27;[m &amp#27;[36mcom.shaft.tools.io.ReportManager&amp#27;[m : Response status code: "200", status line: "HTTP/1.1 200 OK"
2023-02-07 11:04:01.654 &amp#27;[32m INFO&amp#27;[m &amp#27;[35m[@503 - main]&amp#27;[m &amp#27;[36mcom.shaft.tools.io.ReportManager&amp#27;[m : Successfully created attachment "API Request - Specifications"
2023-02-07 11:04:01.654 &amp#27;[32m INFO&amp#27;[m &amp#27;[35m[@503 - main]&amp#27;[m &amp#27;[36mcom.shaft.tools.io.ReportManager&amp#27;[m : Successfully created attachment "API Request - Body"
2023-02-07 11:04:01.654 &amp#27;[32m INFO&amp#27;[m &amp#27;[35m[@503 - main]&amp#27;[m &amp#27;[36mcom.shaft.tools.io.ReportManager&amp#27;[m : Successfully created attachment "API Response - JSON Body"
2023-02-07 11:04:01.664 &amp#27;[32m INFO&amp#27;[m &amp#27;[35m[@503 - main]&amp#27;[m &amp#27;[36mcom.shaft.tools.io.ReportManager&amp#27;[m : File Action "DoesFileExist" successfully performed. With the following test data "File Path: "SteeringCompanyAPI_TestData/SteeringCompanyAPI_TestData.xlsx"".
2023-02-07 11:04:01.710 &amp#27;[32m INFO&amp#27;[m &amp#27;[35m[@503 - main]&amp#27;[m &amp#27;[36mcom.shaft.tools.io.ReportManager&amp#27;[m : Successfully created attachment "Test Data - Excel"
2023-02-07 11:04:01.710 &amp#27;[32m INFO&amp#27;[m &amp#27;[35m[@503 - main]&amp#27;[m &amp#27;[36mcom.shaft.tools.io.ReportManager&amp#27;[m : File Action "DoesFileExist" successfully performed. With the following test data "File Path: "SteeringCompanyAPI_TestData/SteeringCompanyAPI_TestData.xlsx"".
2023-02-07 11:04:01.755 &amp#27;[32m INFO&amp#27;[m &amp#27;[35m[@503 - main]&amp#27;[m &amp#27;[36mcom.shaft.tools.io.ReportManager&amp#27;[m : Successfully created attachment "Test Data - Excel"
2023-02-07 11:04:01.755 &amp#27;[32m INFO&amp#27;[m &amp#27;[35m[@503 - main]&amp#27;[m &amp#27;[36mcom.shaft.tools.io.ReportManager&amp#27;[m : File Action "DoesFileExist" successfully performed. With the following test data "File Path: "SteeringCompanyAPI_TestData/SteeringCompanyAPI_TestData.xlsx"".
2023-02-07 11:04:01.798 &amp#27;[32m INFO&amp#27;[m &amp#27;[35m[@503 - main]&amp#27;[m &amp#27;[36mcom.shaft.tools.io.ReportManager&amp#27;[m : Successfully created attachment "Test Data - Excel"
2023-02-07 11:04:02.348 &amp#27;[32m INFO&amp#27;[m &amp#27;[35m[@503 - main]&amp#27;[m &amp#27;[36mcom.shaft.tools.io.ReportManager&amp#27;[m : Response status code: "201", status line: "HTTP/1.1 201 "
2023-02-07 11:04:02.360 &amp#27;[32m INFO&amp#27;[m &amp#27;[35m[@503 - main]&amp#27;[m &amp#27;[36mcom.shaft.tools.io.ReportManager&amp#27;[m : Successfully created attachment "API Request - Specifications"
2023-02-07 11:04:02.361 &amp#27;[32m INFO&amp#27;[m &amp#27;[35m[@503 - main]&amp#27;[m &amp#27;[36mcom.shaft.tools.io.ReportManager&amp#27;[m : Successfully created attachment "API Request - JSON Body"
2023-02-07 11:04:02.362 &amp#27;[32m INFO&amp#27;[m &amp#27;[35m[@503 - main]&amp#27;[m &amp#27;[36mcom.shaft.tools.io.ReportManager&amp#27;[m : Successfully created attachment "API Response - JSON Body"
2023-02-07 11:04:02.362 &amp#27;[32m INFO&amp#27;[m &amp#27;[35m[@503 - main]&amp#27;[m &amp#27;[36mcom.shaft.tools.io.ReportManager&amp#27;[m : File Action "DoesFileExist" successfully performed. With the following test data "File Path: "src/test/resources/testDataFiles/SteeringCompanyAPI_TestData/SteeringCompanyAPI_TestData.xlsx"".
2023-02-07 11:04:02.417 &amp#27;[32m INFO&amp#27;[m &amp#27;[35m[@503 - main]&amp#27;[m &amp#27;[36mcom.shaft.tools.io.ReportManager&amp#27;[m : File Action "DoesFileExist" successfully performed. With the following test data "File Path: "SteeringCompanyAPI_TestData/SteeringCompanyAPI_TestData.xlsx"".
2023-02-07 11:04:02.443 &amp#27;[32m INFO&amp#27;[m &amp#27;[35m[@503 - main]&amp#27;[m &amp#27;[36mcom.shaft.tools.io.ReportManager&amp#27;[m : Successfully created attachment "Test Data - Excel"
2023-02-07 11:04:02.443 &amp#27;[32m INFO&amp#27;[m &amp#27;[35m[@503 - main]&amp#27;[m &amp#27;[36mcom.shaft.tools.io.ReportManager&amp#27;[m : File Action "DoesFileExist" successfully performed. With the following test data "File Path: "SteeringCompanyAPI_TestData/SteeringCompanyAPI_TestData.xlsx"".
2023-02-07 11:04:02.478 &amp#27;[32m INFO&amp#27;[m &amp#27;[35m[@503 - main]&amp#27;[m &amp#27;[36mcom.shaft.tools.io.ReportManager&amp#27;[m : Successfully created attachment "Test Data - Excel"
2023-02-07 11:04:02.479 &amp#27;[32m INFO&amp#27;[m &amp#27;[35m[@503 - main]&amp#27;[m &amp#27;[36mcom.shaft.tools.io.ReportManager&amp#27;[m : File Action "DoesFileExist" successfully performed. With the following test data "File Path: "Schemas/Payment_Policy_schema.json"".
2023-02-07 11:04:02.480 &amp#27;[32m INFO&amp#27;[m &amp#27;[35m[@503 - main]&amp#27;[m &amp#27;[36mcom.shaft.tools.io.ReportManager&amp#27;[m : File Action "DoesFileExist" successfully performed. With the following test data "File Path: "src/test/resources/testDataFiles/Schemas/Payment_Policy_schema.json"".
2023-02-07 11:04:02.480 &amp#27;[32m INFO&amp#27;[m &amp#27;[35m[@503 - main]&amp#27;[m &amp#27;[36mcom.shaft.tools.io.ReportManager&amp#27;[m : File Action "GetAbsolutePath" successfully performed. With the following test data "Relative Folder Path: "src/test/resources/testDataFiles/Schemas/Payment_Policy_schema.json"".
2023-02-07 11:04:02.483 &amp#27;[32m INFO&amp#27;[m &amp#27;[35m[@503 - main]&amp#27;[m &amp#27;[36mcom.shaft.tools.io.ReportManager&amp#27;[m : File Action "DoesFileExist" successfully performed. With the following test data "File Path: "C:\eclipse-workspace\MyProjects\TASystemsAPIs\src\test\resources\testDataFiles\Schemas\Payment_Policy_schema.json"".
2023-02-07 11:04:02.483 &amp#27;[32m INFO&amp#27;[m &amp#27;[35m[@503 - main]&amp#27;[m &amp#27;[36mcom.shaft.tools.io.ReportManager&amp#27;[m : File Action "GetAbsolutePath" successfully performed. With the following test data "Relative Folder Path: "C:\eclipse-workspace\MyProjects\TASystemsAPIs\src\test\resources\testDataFiles\Schemas\Payment_Policy_schema.json"".
2023-02-07 11:04:02.483 &amp#27;[32m INFO&amp#27;[m &amp#27;[35m[@503 - main]&amp#27;[m &amp#27;[36mcom.shaft.tools.io.ReportManager&amp#27;[m : File Action "ReadFile" successfully performed. With the following test data "File Path: "C:\eclipse-workspace\MyProjects\TASystemsAPIs\src\test\resources\testDataFiles\Schemas\Payment_Policy_schema.json"".
2023-02-07 11:04:02.487 &amp#27;[32m INFO&amp#27;[m &amp#27;[35m[@503 - main]&amp#27;[m &amp#27;[36mcom.shaft.tools.io.ReportManager&amp#27;[m : Successfully created attachment "Validation Test Data - Expected JSON Value"
2023-02-07 11:04:02.488 &amp#27;[32m INFO&amp#27;[m &amp#27;[35m[@503 - main]&amp#27;[m &amp#27;[36mcom.shaft.tools.io.ReportManager&amp#27;[m : Successfully created attachment "Validation Test Data - Actual JSON Value"
2023-02-07 11:04:02.490 &amp#27;[32m INFO&amp#27;[m &amp#27;[35m[@503 - main]&amp#27;[m &amp#27;[36mcom.shaft.tools.io.ReportManager&amp#27;[m : Successfully created attachment "SHAFT Engine Logs - Current Method log: Valid_Add_Payment_Policy_TC"
]]></system-out>
  </testcase>
  <testcase name="Valid_Add_Payment_Policy_TC[[Ljava.lang.Object;@6561b6a7](2)" classname="SteeringCompanyAPI_TestCases.Test_Policies_Cases" time="1.348">
    <system-out><![CDATA[2023-02-07 11:04:02.492 &amp#27;[32m INFO&amp#27;[m &amp#27;[35m[@534 - main]&amp#27;[m &amp#27;[36mcom.shaft.tools.io.ReportManager&amp#27;[m : 
################################################################################################################################################
Starting Execution:	"385 out of 107" test cases in the current suite
Test Method:		"SteeringCompanyAPI_TestCases.Test_Policies_Cases.Valid_Add_Payment_Policy_TC"
Test Description:	"TC008 -Policy- Perform Add Valid Payment Policy"
################################################################################################################################################
2023-02-07 11:04:02.493 &amp#27;[32m INFO&amp#27;[m &amp#27;[35m[@503 - main]&amp#27;[m &amp#27;[36mcom.shaft.tools.io.ReportManager&amp#27;[m : File Action "DoesFileExist" successfully performed. With the following test data "File Path: "SteeringCompanyAPI_TestData/SteeringCompanyAPI_TestData.xlsx"".
2023-02-07 11:04:02.526 &amp#27;[32m INFO&amp#27;[m &amp#27;[35m[@503 - main]&amp#27;[m &amp#27;[36mcom.shaft.tools.io.ReportManager&amp#27;[m : Successfully created attachment "Test Data - Excel"
2023-02-07 11:04:03.177 &amp#27;[32m INFO&amp#27;[m &amp#27;[35m[@503 - main]&amp#27;[m &amp#27;[36mcom.shaft.tools.io.ReportManager&amp#27;[m : Response status code: "200", status line: "HTTP/1.1 200 OK"
2023-02-07 11:04:03.184 &amp#27;[32m INFO&amp#27;[m &amp#27;[35m[@503 - main]&amp#27;[m &amp#27;[36mcom.shaft.tools.io.ReportManager&amp#27;[m : Successfully created attachment "API Request - Specifications"
2023-02-07 11:04:03.187 &amp#27;[32m INFO&amp#27;[m &amp#27;[35m[@503 - main]&amp#27;[m &amp#27;[36mcom.shaft.tools.io.ReportManager&amp#27;[m : Successfully created attachment "API Request - Body"
2023-02-07 11:04:03.187 &amp#27;[32m INFO&amp#27;[m &amp#27;[35m[@503 - main]&amp#27;[m &amp#27;[36mcom.shaft.tools.io.ReportManager&amp#27;[m : Successfully created attachment "API Response - JSON Body"
2023-02-07 11:04:03.192 &amp#27;[32m INFO&amp#27;[m &amp#27;[35m[@503 - main]&amp#27;[m &amp#27;[36mcom.shaft.tools.io.ReportManager&amp#27;[m : File Action "DoesFileExist" successfully performed. With the following test data "File Path: "SteeringCompanyAPI_TestData/SteeringCompanyAPI_TestData.xlsx"".
2023-02-07 11:04:03.206 &amp#27;[32m INFO&amp#27;[m &amp#27;[35m[@503 - main]&amp#27;[m &amp#27;[36mcom.shaft.tools.io.ReportManager&amp#27;[m : Successfully created attachment "Test Data - Excel"
2023-02-07 11:04:03.206 &amp#27;[32m INFO&amp#27;[m &amp#27;[35m[@503 - main]&amp#27;[m &amp#27;[36mcom.shaft.tools.io.ReportManager&amp#27;[m : File Action "DoesFileExist" successfully performed. With the following test data "File Path: "SteeringCompanyAPI_TestData/SteeringCompanyAPI_TestData.xlsx"".
2023-02-07 11:04:03.221 &amp#27;[32m INFO&amp#27;[m &amp#27;[35m[@503 - main]&amp#27;[m &amp#27;[36mcom.shaft.tools.io.ReportManager&amp#27;[m : Successfully created attachment "Test Data - Excel"
2023-02-07 11:04:03.222 &amp#27;[32m INFO&amp#27;[m &amp#27;[35m[@503 - main]&amp#27;[m &amp#27;[36mcom.shaft.tools.io.ReportManager&amp#27;[m : File Action "DoesFileExist" successfully performed. With the following test data "File Path: "SteeringCompanyAPI_TestData/SteeringCompanyAPI_TestData.xlsx"".
2023-02-07 11:04:03.239 &amp#27;[32m INFO&amp#27;[m &amp#27;[35m[@503 - main]&amp#27;[m &amp#27;[36mcom.shaft.tools.io.ReportManager&amp#27;[m : Successfully created attachment "Test Data - Excel"
2023-02-07 11:04:03.745 &amp#27;[32m INFO&amp#27;[m &amp#27;[35m[@503 - main]&amp#27;[m &amp#27;[36mcom.shaft.tools.io.ReportManager&amp#27;[m : Response status code: "201", status line: "HTTP/1.1 201 "
2023-02-07 11:04:03.752 &amp#27;[32m INFO&amp#27;[m &amp#27;[35m[@503 - main]&amp#27;[m &amp#27;[36mcom.shaft.tools.io.ReportManager&amp#27;[m : Successfully created attachment "API Request - Specifications"
2023-02-07 11:04:03.753 &amp#27;[32m INFO&amp#27;[m &amp#27;[35m[@503 - main]&amp#27;[m &amp#27;[36mcom.shaft.tools.io.ReportManager&amp#27;[m : Successfully created attachment "API Request - JSON Body"
2023-02-07 11:04:03.753 &amp#27;[32m INFO&amp#27;[m &amp#27;[35m[@503 - main]&amp#27;[m &amp#27;[36mcom.shaft.tools.io.ReportManager&amp#27;[m : Successfully created attachment "API Response - JSON Body"
2023-02-07 11:04:03.753 &amp#27;[32m INFO&amp#27;[m &amp#27;[35m[@503 - main]&amp#27;[m &amp#27;[36mcom.shaft.tools.io.ReportManager&amp#27;[m : File Action "DoesFileExist" successfully performed. With the following test data "File Path: "src/test/resources/testDataFiles/SteeringCompanyAPI_TestData/SteeringCompanyAPI_TestData.xlsx"".
2023-02-07 11:04:03.787 &amp#27;[32m INFO&amp#27;[m &amp#27;[35m[@503 - main]&amp#27;[m &amp#27;[36mcom.shaft.tools.io.ReportManager&amp#27;[m : File Action "DoesFileExist" successfully performed. With the following test data "File Path: "SteeringCompanyAPI_TestData/SteeringCompanyAPI_TestData.xlsx"".
2023-02-07 11:04:03.816 &amp#27;[32m INFO&amp#27;[m &amp#27;[35m[@503 - main]&amp#27;[m &amp#27;[36mcom.shaft.tools.io.ReportManager&amp#27;[m : Successfully created attachment "Test Data - Excel"
2023-02-07 11:04:03.816 &amp#27;[32m INFO&amp#27;[m &amp#27;[35m[@503 - main]&amp#27;[m &amp#27;[36mcom.shaft.tools.io.ReportManager&amp#27;[m : File Action "DoesFileExist" successfully performed. With the following test data "File Path: "SteeringCompanyAPI_TestData/SteeringCompanyAPI_TestData.xlsx"".
2023-02-07 11:04:03.833 &amp#27;[32m INFO&amp#27;[m &amp#27;[35m[@503 - main]&amp#27;[m &amp#27;[36mcom.shaft.tools.io.ReportManager&amp#27;[m : Successfully created attachment "Test Data - Excel"
2023-02-07 11:04:03.833 &amp#27;[32m INFO&amp#27;[m &amp#27;[35m[@503 - main]&amp#27;[m &amp#27;[36mcom.shaft.tools.io.ReportManager&amp#27;[m : File Action "DoesFileExist" successfully performed. With the following test data "File Path: "Schemas/Payment_Policy_schema.json"".
2023-02-07 11:04:03.834 &amp#27;[32m INFO&amp#27;[m &amp#27;[35m[@503 - main]&amp#27;[m &amp#27;[36mcom.shaft.tools.io.ReportManager&amp#27;[m : File Action "DoesFileExist" successfully performed. With the following test data "File Path: "src/test/resources/testDataFiles/Schemas/Payment_Policy_schema.json"".
2023-02-07 11:04:03.834 &amp#27;[32m INFO&amp#27;[m &amp#27;[35m[@503 - main]&amp#27;[m &amp#27;[36mcom.shaft.tools.io.ReportManager&amp#27;[m : File Action "GetAbsolutePath" successfully performed. With the following test data "Relative Folder Path: "src/test/resources/testDataFiles/Schemas/Payment_Policy_schema.json"".
2023-02-07 11:04:03.835 &amp#27;[32m INFO&amp#27;[m &amp#27;[35m[@503 - main]&amp#27;[m &amp#27;[36mcom.shaft.tools.io.ReportManager&amp#27;[m : File Action "DoesFileExist" successfully performed. With the following test data "File Path: "C:\eclipse-workspace\MyProjects\TASystemsAPIs\src\test\resources\testDataFiles\Schemas\Payment_Policy_schema.json"".
2023-02-07 11:04:03.835 &amp#27;[32m INFO&amp#27;[m &amp#27;[35m[@503 - main]&amp#27;[m &amp#27;[36mcom.shaft.tools.io.ReportManager&amp#27;[m : File Action "GetAbsolutePath" successfully performed. With the following test data "Relative Folder Path: "C:\eclipse-workspace\MyProjects\TASystemsAPIs\src\test\resources\testDataFiles\Schemas\Payment_Policy_schema.json"".
2023-02-07 11:04:03.835 &amp#27;[32m INFO&amp#27;[m &amp#27;[35m[@503 - main]&amp#27;[m &amp#27;[36mcom.shaft.tools.io.ReportManager&amp#27;[m : File Action "ReadFile" successfully performed. With the following test data "File Path: "C:\eclipse-workspace\MyProjects\TASystemsAPIs\src\test\resources\testDataFiles\Schemas\Payment_Policy_schema.json"".
2023-02-07 11:04:03.836 &amp#27;[32m INFO&amp#27;[m &amp#27;[35m[@503 - main]&amp#27;[m &amp#27;[36mcom.shaft.tools.io.ReportManager&amp#27;[m : Successfully created attachment "Validation Test Data - Expected JSON Value"
2023-02-07 11:04:03.836 &amp#27;[32m INFO&amp#27;[m &amp#27;[35m[@503 - main]&amp#27;[m &amp#27;[36mcom.shaft.tools.io.ReportManager&amp#27;[m : Successfully created attachment "Validation Test Data - Actual JSON Value"
2023-02-07 11:04:03.838 &amp#27;[32m INFO&amp#27;[m &amp#27;[35m[@503 - main]&amp#27;[m &amp#27;[36mcom.shaft.tools.io.ReportManager&amp#27;[m : Successfully created attachment "SHAFT Engine Logs - Current Method log: Valid_Add_Payment_Policy_TC"
]]></system-out>
  </testcase>
  <testcase name="Valid_Add_Tax_Policy_TC[[Ljava.lang.Object;@769d0e74](1)" classname="SteeringCompanyAPI_TestCases.Test_Policies_Cases" time="1.354">
    <system-out><![CDATA[2023-02-07 11:04:03.841 &amp#27;[32m INFO&amp#27;[m &amp#27;[35m[@534 - main]&amp#27;[m &amp#27;[36mcom.shaft.tools.io.ReportManager&amp#27;[m : 
################################################################################################################################################
Starting Execution:	"386 out of 107" test cases in the current suite
Test Method:		"SteeringCompanyAPI_TestCases.Test_Policies_Cases.Valid_Add_Tax_Policy_TC"
Test Description:	"TC006 -Policy- Perform Add Valid Tax Policy"
################################################################################################################################################
2023-02-07 11:04:03.841 &amp#27;[32m INFO&amp#27;[m &amp#27;[35m[@503 - main]&amp#27;[m &amp#27;[36mcom.shaft.tools.io.ReportManager&amp#27;[m : File Action "DoesFileExist" successfully performed. With the following test data "File Path: "SteeringCompanyAPI_TestData/SteeringCompanyAPI_TestData.xlsx"".
2023-02-07 11:04:03.856 &amp#27;[32m INFO&amp#27;[m &amp#27;[35m[@503 - main]&amp#27;[m &amp#27;[36mcom.shaft.tools.io.ReportManager&amp#27;[m : Successfully created attachment "Test Data - Excel"
2023-02-07 11:04:04.475 &amp#27;[32m INFO&amp#27;[m &amp#27;[35m[@503 - main]&amp#27;[m &amp#27;[36mcom.shaft.tools.io.ReportManager&amp#27;[m : Response status code: "200", status line: "HTTP/1.1 200 OK"
2023-02-07 11:04:04.486 &amp#27;[32m INFO&amp#27;[m &amp#27;[35m[@503 - main]&amp#27;[m &amp#27;[36mcom.shaft.tools.io.ReportManager&amp#27;[m : Successfully created attachment "API Request - Specifications"
2023-02-07 11:04:04.488 &amp#27;[32m INFO&amp#27;[m &amp#27;[35m[@503 - main]&amp#27;[m &amp#27;[36mcom.shaft.tools.io.ReportManager&amp#27;[m : Successfully created attachment "API Request - Body"
2023-02-07 11:04:04.488 &amp#27;[32m INFO&amp#27;[m &amp#27;[35m[@503 - main]&amp#27;[m &amp#27;[36mcom.shaft.tools.io.ReportManager&amp#27;[m : Successfully created attachment "API Response - JSON Body"
2023-02-07 11:04:04.493 &amp#27;[32m INFO&amp#27;[m &amp#27;[35m[@503 - main]&amp#27;[m &amp#27;[36mcom.shaft.tools.io.ReportManager&amp#27;[m : File Action "DoesFileExist" successfully performed. With the following test data "File Path: "SteeringCompanyAPI_TestData/SteeringCompanyAPI_TestData.xlsx"".
2023-02-07 11:04:04.510 &amp#27;[32m INFO&amp#27;[m &amp#27;[35m[@503 - main]&amp#27;[m &amp#27;[36mcom.shaft.tools.io.ReportManager&amp#27;[m : Successfully created attachment "Test Data - Excel"
2023-02-07 11:04:04.511 &amp#27;[32m INFO&amp#27;[m &amp#27;[35m[@503 - main]&amp#27;[m &amp#27;[36mcom.shaft.tools.io.ReportManager&amp#27;[m : File Action "DoesFileExist" successfully performed. With the following test data "File Path: "SteeringCompanyAPI_TestData/SteeringCompanyAPI_TestData.xlsx"".
2023-02-07 11:04:04.527 &amp#27;[32m INFO&amp#27;[m &amp#27;[35m[@503 - main]&amp#27;[m &amp#27;[36mcom.shaft.tools.io.ReportManager&amp#27;[m : Successfully created attachment "Test Data - Excel"
2023-02-07 11:04:04.527 &amp#27;[32m INFO&amp#27;[m &amp#27;[35m[@503 - main]&amp#27;[m &amp#27;[36mcom.shaft.tools.io.ReportManager&amp#27;[m : File Action "DoesFileExist" successfully performed. With the following test data "File Path: "SteeringCompanyAPI_TestData/SteeringCompanyAPI_TestData.xlsx"".
2023-02-07 11:04:04.542 &amp#27;[32m INFO&amp#27;[m &amp#27;[35m[@503 - main]&amp#27;[m &amp#27;[36mcom.shaft.tools.io.ReportManager&amp#27;[m : Successfully created attachment "Test Data - Excel"
2023-02-07 11:04:05.108 &amp#27;[32m INFO&amp#27;[m &amp#27;[35m[@503 - main]&amp#27;[m &amp#27;[36mcom.shaft.tools.io.ReportManager&amp#27;[m : Response status code: "201", status line: "HTTP/1.1 201 "
2023-02-07 11:04:05.119 &amp#27;[32m INFO&amp#27;[m &amp#27;[35m[@503 - main]&amp#27;[m &amp#27;[36mcom.shaft.tools.io.ReportManager&amp#27;[m : Successfully created attachment "API Request - Specifications"
2023-02-07 11:04:05.122 &amp#27;[32m INFO&amp#27;[m &amp#27;[35m[@503 - main]&amp#27;[m &amp#27;[36mcom.shaft.tools.io.ReportManager&amp#27;[m : Successfully created attachment "API Request - JSON Body"
2023-02-07 11:04:05.122 &amp#27;[32m INFO&amp#27;[m &amp#27;[35m[@503 - main]&amp#27;[m &amp#27;[36mcom.shaft.tools.io.ReportManager&amp#27;[m : Successfully created attachment "API Response - JSON Body"
2023-02-07 11:04:05.122 &amp#27;[32m INFO&amp#27;[m &amp#27;[35m[@503 - main]&amp#27;[m &amp#27;[36mcom.shaft.tools.io.ReportManager&amp#27;[m : File Action "DoesFileExist" successfully performed. With the following test data "File Path: "src/test/resources/testDataFiles/SteeringCompanyAPI_TestData/SteeringCompanyAPI_TestData.xlsx"".
2023-02-07 11:04:05.159 &amp#27;[32m INFO&amp#27;[m &amp#27;[35m[@503 - main]&amp#27;[m &amp#27;[36mcom.shaft.tools.io.ReportManager&amp#27;[m : File Action "DoesFileExist" successfully performed. With the following test data "File Path: "SteeringCompanyAPI_TestData/SteeringCompanyAPI_TestData.xlsx"".
2023-02-07 11:04:05.174 &amp#27;[32m INFO&amp#27;[m &amp#27;[35m[@503 - main]&amp#27;[m &amp#27;[36mcom.shaft.tools.io.ReportManager&amp#27;[m : Successfully created attachment "Test Data - Excel"
2023-02-07 11:04:05.174 &amp#27;[32m INFO&amp#27;[m &amp#27;[35m[@503 - main]&amp#27;[m &amp#27;[36mcom.shaft.tools.io.ReportManager&amp#27;[m : File Action "DoesFileExist" successfully performed. With the following test data "File Path: "SteeringCompanyAPI_TestData/SteeringCompanyAPI_TestData.xlsx"".
2023-02-07 11:04:05.190 &amp#27;[32m INFO&amp#27;[m &amp#27;[35m[@503 - main]&amp#27;[m &amp#27;[36mcom.shaft.tools.io.ReportManager&amp#27;[m : Successfully created attachment "Test Data - Excel"
2023-02-07 11:04:05.191 &amp#27;[32m INFO&amp#27;[m &amp#27;[35m[@503 - main]&amp#27;[m &amp#27;[36mcom.shaft.tools.io.ReportManager&amp#27;[m : File Action "DoesFileExist" successfully performed. With the following test data "File Path: "Schemas/Tax_Policy_schema.json"".
2023-02-07 11:04:05.191 &amp#27;[32m INFO&amp#27;[m &amp#27;[35m[@503 - main]&amp#27;[m &amp#27;[36mcom.shaft.tools.io.ReportManager&amp#27;[m : File Action "DoesFileExist" successfully performed. With the following test data "File Path: "src/test/resources/testDataFiles/Schemas/Tax_Policy_schema.json"".
2023-02-07 11:04:05.191 &amp#27;[32m INFO&amp#27;[m &amp#27;[35m[@503 - main]&amp#27;[m &amp#27;[36mcom.shaft.tools.io.ReportManager&amp#27;[m : File Action "GetAbsolutePath" successfully performed. With the following test data "Relative Folder Path: "src/test/resources/testDataFiles/Schemas/Tax_Policy_schema.json"".
2023-02-07 11:04:05.192 &amp#27;[32m INFO&amp#27;[m &amp#27;[35m[@503 - main]&amp#27;[m &amp#27;[36mcom.shaft.tools.io.ReportManager&amp#27;[m : File Action "DoesFileExist" successfully performed. With the following test data "File Path: "C:\eclipse-workspace\MyProjects\TASystemsAPIs\src\test\resources\testDataFiles\Schemas\Tax_Policy_schema.json"".
2023-02-07 11:04:05.193 &amp#27;[32m INFO&amp#27;[m &amp#27;[35m[@503 - main]&amp#27;[m &amp#27;[36mcom.shaft.tools.io.ReportManager&amp#27;[m : File Action "GetAbsolutePath" successfully performed. With the following test data "Relative Folder Path: "C:\eclipse-workspace\MyProjects\TASystemsAPIs\src\test\resources\testDataFiles\Schemas\Tax_Policy_schema.json"".
2023-02-07 11:04:05.193 &amp#27;[32m INFO&amp#27;[m &amp#27;[35m[@503 - main]&amp#27;[m &amp#27;[36mcom.shaft.tools.io.ReportManager&amp#27;[m : File Action "ReadFile" successfully performed. With the following test data "File Path: "C:\eclipse-workspace\MyProjects\TASystemsAPIs\src\test\resources\testDataFiles\Schemas\Tax_Policy_schema.json"".
2023-02-07 11:04:05.193 &amp#27;[32m INFO&amp#27;[m &amp#27;[35m[@503 - main]&amp#27;[m &amp#27;[36mcom.shaft.tools.io.ReportManager&amp#27;[m : Successfully created attachment "Validation Test Data - Expected JSON Value"
2023-02-07 11:04:05.194 &amp#27;[32m INFO&amp#27;[m &amp#27;[35m[@503 - main]&amp#27;[m &amp#27;[36mcom.shaft.tools.io.ReportManager&amp#27;[m : Successfully created attachment "Validation Test Data - Actual JSON Value"
2023-02-07 11:04:05.194 &amp#27;[32m INFO&amp#27;[m &amp#27;[35m[@503 - main]&amp#27;[m &amp#27;[36mcom.shaft.tools.io.ReportManager&amp#27;[m : Successfully created attachment "SHAFT Engine Logs - Current Method log: Valid_Add_Tax_Policy_TC"
]]></system-out>
  </testcase>
  <testcase name="Valid_Add_Tax_Policy_TC[[Ljava.lang.Object;@204fba8](2)" classname="SteeringCompanyAPI_TestCases.Test_Policies_Cases" time="1.318">
    <system-out><![CDATA[2023-02-07 11:04:05.196 &amp#27;[32m INFO&amp#27;[m &amp#27;[35m[@534 - main]&amp#27;[m &amp#27;[36mcom.shaft.tools.io.ReportManager&amp#27;[m : 
################################################################################################################################################
Starting Execution:	"387 out of 107" test cases in the current suite
Test Method:		"SteeringCompanyAPI_TestCases.Test_Policies_Cases.Valid_Add_Tax_Policy_TC"
Test Description:	"TC006 -Policy- Perform Add Valid Tax Policy"
################################################################################################################################################
2023-02-07 11:04:05.196 &amp#27;[32m INFO&amp#27;[m &amp#27;[35m[@503 - main]&amp#27;[m &amp#27;[36mcom.shaft.tools.io.ReportManager&amp#27;[m : File Action "DoesFileExist" successfully performed. With the following test data "File Path: "SteeringCompanyAPI_TestData/SteeringCompanyAPI_TestData.xlsx"".
2023-02-07 11:04:05.211 &amp#27;[32m INFO&amp#27;[m &amp#27;[35m[@503 - main]&amp#27;[m &amp#27;[36mcom.shaft.tools.io.ReportManager&amp#27;[m : Successfully created attachment "Test Data - Excel"
2023-02-07 11:04:05.835 &amp#27;[32m INFO&amp#27;[m &amp#27;[35m[@503 - main]&amp#27;[m &amp#27;[36mcom.shaft.tools.io.ReportManager&amp#27;[m : Response status code: "200", status line: "HTTP/1.1 200 OK"
2023-02-07 11:04:05.843 &amp#27;[32m INFO&amp#27;[m &amp#27;[35m[@503 - main]&amp#27;[m &amp#27;[36mcom.shaft.tools.io.ReportManager&amp#27;[m : Successfully created attachment "API Request - Specifications"
2023-02-07 11:04:05.846 &amp#27;[32m INFO&amp#27;[m &amp#27;[35m[@503 - main]&amp#27;[m &amp#27;[36mcom.shaft.tools.io.ReportManager&amp#27;[m : Successfully created attachment "API Request - Body"
2023-02-07 11:04:05.846 &amp#27;[32m INFO&amp#27;[m &amp#27;[35m[@503 - main]&amp#27;[m &amp#27;[36mcom.shaft.tools.io.ReportManager&amp#27;[m : Successfully created attachment "API Response - JSON Body"
2023-02-07 11:04:05.853 &amp#27;[32m INFO&amp#27;[m &amp#27;[35m[@503 - main]&amp#27;[m &amp#27;[36mcom.shaft.tools.io.ReportManager&amp#27;[m : File Action "DoesFileExist" successfully performed. With the following test data "File Path: "SteeringCompanyAPI_TestData/SteeringCompanyAPI_TestData.xlsx"".
2023-02-07 11:04:05.877 &amp#27;[32m INFO&amp#27;[m &amp#27;[35m[@503 - main]&amp#27;[m &amp#27;[36mcom.shaft.tools.io.ReportManager&amp#27;[m : Successfully created attachment "Test Data - Excel"
2023-02-07 11:04:05.878 &amp#27;[32m INFO&amp#27;[m &amp#27;[35m[@503 - main]&amp#27;[m &amp#27;[36mcom.shaft.tools.io.ReportManager&amp#27;[m : File Action "DoesFileExist" successfully performed. With the following test data "File Path: "SteeringCompanyAPI_TestData/SteeringCompanyAPI_TestData.xlsx"".
2023-02-07 11:04:05.901 &amp#27;[32m INFO&amp#27;[m &amp#27;[35m[@503 - main]&amp#27;[m &amp#27;[36mcom.shaft.tools.io.ReportManager&amp#27;[m : Successfully created attachment "Test Data - Excel"
2023-02-07 11:04:05.901 &amp#27;[32m INFO&amp#27;[m &amp#27;[35m[@503 - main]&amp#27;[m &amp#27;[36mcom.shaft.tools.io.ReportManager&amp#27;[m : File Action "DoesFileExist" successfully performed. With the following test data "File Path: "SteeringCompanyAPI_TestData/SteeringCompanyAPI_TestData.xlsx"".
2023-02-07 11:04:05.918 &amp#27;[32m INFO&amp#27;[m &amp#27;[35m[@503 - main]&amp#27;[m &amp#27;[36mcom.shaft.tools.io.ReportManager&amp#27;[m : Successfully created attachment "Test Data - Excel"
2023-02-07 11:04:06.429 &amp#27;[32m INFO&amp#27;[m &amp#27;[35m[@503 - main]&amp#27;[m &amp#27;[36mcom.shaft.tools.io.ReportManager&amp#27;[m : Response status code: "201", status line: "HTTP/1.1 201 "
2023-02-07 11:04:06.440 &amp#27;[32m INFO&amp#27;[m &amp#27;[35m[@503 - main]&amp#27;[m &amp#27;[36mcom.shaft.tools.io.ReportManager&amp#27;[m : Successfully created attachment "API Request - Specifications"
2023-02-07 11:04:06.440 &amp#27;[32m INFO&amp#27;[m &amp#27;[35m[@503 - main]&amp#27;[m &amp#27;[36mcom.shaft.tools.io.ReportManager&amp#27;[m : Successfully created attachment "API Request - JSON Body"
2023-02-07 11:04:06.443 &amp#27;[32m INFO&amp#27;[m &amp#27;[35m[@503 - main]&amp#27;[m &amp#27;[36mcom.shaft.tools.io.ReportManager&amp#27;[m : Successfully created attachment "API Response - JSON Body"
2023-02-07 11:04:06.443 &amp#27;[32m INFO&amp#27;[m &amp#27;[35m[@503 - main]&amp#27;[m &amp#27;[36mcom.shaft.tools.io.ReportManager&amp#27;[m : File Action "DoesFileExist" successfully performed. With the following test data "File Path: "src/test/resources/testDataFiles/SteeringCompanyAPI_TestData/SteeringCompanyAPI_TestData.xlsx"".
2023-02-07 11:04:06.475 &amp#27;[32m INFO&amp#27;[m &amp#27;[35m[@503 - main]&amp#27;[m &amp#27;[36mcom.shaft.tools.io.ReportManager&amp#27;[m : File Action "DoesFileExist" successfully performed. With the following test data "File Path: "SteeringCompanyAPI_TestData/SteeringCompanyAPI_TestData.xlsx"".
2023-02-07 11:04:06.490 &amp#27;[32m INFO&amp#27;[m &amp#27;[35m[@503 - main]&amp#27;[m &amp#27;[36mcom.shaft.tools.io.ReportManager&amp#27;[m : Successfully created attachment "Test Data - Excel"
2023-02-07 11:04:06.491 &amp#27;[32m INFO&amp#27;[m &amp#27;[35m[@503 - main]&amp#27;[m &amp#27;[36mcom.shaft.tools.io.ReportManager&amp#27;[m : File Action "DoesFileExist" successfully performed. With the following test data "File Path: "SteeringCompanyAPI_TestData/SteeringCompanyAPI_TestData.xlsx"".
2023-02-07 11:04:06.506 &amp#27;[32m INFO&amp#27;[m &amp#27;[35m[@503 - main]&amp#27;[m &amp#27;[36mcom.shaft.tools.io.ReportManager&amp#27;[m : Successfully created attachment "Test Data - Excel"
2023-02-07 11:04:06.506 &amp#27;[32m INFO&amp#27;[m &amp#27;[35m[@503 - main]&amp#27;[m &amp#27;[36mcom.shaft.tools.io.ReportManager&amp#27;[m : File Action "DoesFileExist" successfully performed. With the following test data "File Path: "Schemas/Tax_Policy_schema.json"".
2023-02-07 11:04:06.506 &amp#27;[32m INFO&amp#27;[m &amp#27;[35m[@503 - main]&amp#27;[m &amp#27;[36mcom.shaft.tools.io.ReportManager&amp#27;[m : File Action "DoesFileExist" successfully performed. With the following test data "File Path: "src/test/resources/testDataFiles/Schemas/Tax_Policy_schema.json"".
2023-02-07 11:04:06.506 &amp#27;[32m INFO&amp#27;[m &amp#27;[35m[@503 - main]&amp#27;[m &amp#27;[36mcom.shaft.tools.io.ReportManager&amp#27;[m : File Action "GetAbsolutePath" successfully performed. With the following test data "Relative Folder Path: "src/test/resources/testDataFiles/Schemas/Tax_Policy_schema.json"".
2023-02-07 11:04:06.508 &amp#27;[32m INFO&amp#27;[m &amp#27;[35m[@503 - main]&amp#27;[m &amp#27;[36mcom.shaft.tools.io.ReportManager&amp#27;[m : File Action "DoesFileExist" successfully performed. With the following test data "File Path: "C:\eclipse-workspace\MyProjects\TASystemsAPIs\src\test\resources\testDataFiles\Schemas\Tax_Policy_schema.json"".
2023-02-07 11:04:06.508 &amp#27;[32m INFO&amp#27;[m &amp#27;[35m[@503 - main]&amp#27;[m &amp#27;[36mcom.shaft.tools.io.ReportManager&amp#27;[m : File Action "GetAbsolutePath" successfully performed. With the following test data "Relative Folder Path: "C:\eclipse-workspace\MyProjects\TASystemsAPIs\src\test\resources\testDataFiles\Schemas\Tax_Policy_schema.json"".
2023-02-07 11:04:06.508 &amp#27;[32m INFO&amp#27;[m &amp#27;[35m[@503 - main]&amp#27;[m &amp#27;[36mcom.shaft.tools.io.ReportManager&amp#27;[m : File Action "ReadFile" successfully performed. With the following test data "File Path: "C:\eclipse-workspace\MyProjects\TASystemsAPIs\src\test\resources\testDataFiles\Schemas\Tax_Policy_schema.json"".
2023-02-07 11:04:06.509 &amp#27;[32m INFO&amp#27;[m &amp#27;[35m[@503 - main]&amp#27;[m &amp#27;[36mcom.shaft.tools.io.ReportManager&amp#27;[m : Successfully created attachment "Validation Test Data - Expected JSON Value"
2023-02-07 11:04:06.511 &amp#27;[32m INFO&amp#27;[m &amp#27;[35m[@503 - main]&amp#27;[m &amp#27;[36mcom.shaft.tools.io.ReportManager&amp#27;[m : Successfully created attachment "Validation Test Data - Actual JSON Value"
2023-02-07 11:04:06.511 &amp#27;[32m INFO&amp#27;[m &amp#27;[35m[@503 - main]&amp#27;[m &amp#27;[36mcom.shaft.tools.io.ReportManager&amp#27;[m : Successfully created attachment "SHAFT Engine Logs - Current Method log: Valid_Add_Tax_Policy_TC"
]]></system-out>
  </testcase>
  <testcase name="Valid_Add_Usage_Policy_TC[[Ljava.lang.Object;@5323a746](1)" classname="SteeringCompanyAPI_TestCases.Test_Policies_Cases" time="1.731">
    <system-out><![CDATA[2023-02-07 11:04:06.516 &amp#27;[32m INFO&amp#27;[m &amp#27;[35m[@534 - main]&amp#27;[m &amp#27;[36mcom.shaft.tools.io.ReportManager&amp#27;[m : 
################################################################################################################################################
Starting Execution:	"388 out of 107" test cases in the current suite
Test Method:		"SteeringCompanyAPI_TestCases.Test_Policies_Cases.Valid_Add_Usage_Policy_TC"
Test Description:	"TC007 -Policy- Perform Add Valid Usage Policy"
################################################################################################################################################
2023-02-07 11:04:06.516 &amp#27;[32m INFO&amp#27;[m &amp#27;[35m[@503 - main]&amp#27;[m &amp#27;[36mcom.shaft.tools.io.ReportManager&amp#27;[m : File Action "DoesFileExist" successfully performed. With the following test data "File Path: "SteeringCompanyAPI_TestData/SteeringCompanyAPI_TestData.xlsx"".
2023-02-07 11:04:06.533 &amp#27;[32m INFO&amp#27;[m &amp#27;[35m[@503 - main]&amp#27;[m &amp#27;[36mcom.shaft.tools.io.ReportManager&amp#27;[m : Successfully created attachment "Test Data - Excel"
2023-02-07 11:04:07.391 &amp#27;[32m INFO&amp#27;[m &amp#27;[35m[@503 - main]&amp#27;[m &amp#27;[36mcom.shaft.tools.io.ReportManager&amp#27;[m : Response status code: "200", status line: "HTTP/1.1 200 OK"
2023-02-07 11:04:07.552 &amp#27;[32m INFO&amp#27;[m &amp#27;[35m[@503 - main]&amp#27;[m &amp#27;[36mcom.shaft.tools.io.ReportManager&amp#27;[m : Successfully created attachment "API Request - Specifications"
2023-02-07 11:04:07.552 &amp#27;[32m INFO&amp#27;[m &amp#27;[35m[@503 - main]&amp#27;[m &amp#27;[36mcom.shaft.tools.io.ReportManager&amp#27;[m : Successfully created attachment "API Request - Body"
2023-02-07 11:04:07.553 &amp#27;[32m INFO&amp#27;[m &amp#27;[35m[@503 - main]&amp#27;[m &amp#27;[36mcom.shaft.tools.io.ReportManager&amp#27;[m : Successfully created attachment "API Response - JSON Body"
2023-02-07 11:04:07.558 &amp#27;[32m INFO&amp#27;[m &amp#27;[35m[@503 - main]&amp#27;[m &amp#27;[36mcom.shaft.tools.io.ReportManager&amp#27;[m : File Action "DoesFileExist" successfully performed. With the following test data "File Path: "SteeringCompanyAPI_TestData/SteeringCompanyAPI_TestData.xlsx"".
2023-02-07 11:04:07.573 &amp#27;[32m INFO&amp#27;[m &amp#27;[35m[@503 - main]&amp#27;[m &amp#27;[36mcom.shaft.tools.io.ReportManager&amp#27;[m : Successfully created attachment "Test Data - Excel"
2023-02-07 11:04:07.574 &amp#27;[32m INFO&amp#27;[m &amp#27;[35m[@503 - main]&amp#27;[m &amp#27;[36mcom.shaft.tools.io.ReportManager&amp#27;[m : File Action "DoesFileExist" successfully performed. With the following test data "File Path: "SteeringCompanyAPI_TestData/SteeringCompanyAPI_TestData.xlsx"".
2023-02-07 11:04:07.587 &amp#27;[32m INFO&amp#27;[m &amp#27;[35m[@503 - main]&amp#27;[m &amp#27;[36mcom.shaft.tools.io.ReportManager&amp#27;[m : Successfully created attachment "Test Data - Excel"
2023-02-07 11:04:07.588 &amp#27;[32m INFO&amp#27;[m &amp#27;[35m[@503 - main]&amp#27;[m &amp#27;[36mcom.shaft.tools.io.ReportManager&amp#27;[m : File Action "DoesFileExist" successfully performed. With the following test data "File Path: "SteeringCompanyAPI_TestData/SteeringCompanyAPI_TestData.xlsx"".
2023-02-07 11:04:07.601 &amp#27;[32m INFO&amp#27;[m &amp#27;[35m[@503 - main]&amp#27;[m &amp#27;[36mcom.shaft.tools.io.ReportManager&amp#27;[m : Successfully created attachment "Test Data - Excel"
2023-02-07 11:04:08.143 &amp#27;[32m INFO&amp#27;[m &amp#27;[35m[@503 - main]&amp#27;[m &amp#27;[36mcom.shaft.tools.io.ReportManager&amp#27;[m : Response status code: "201", status line: "HTTP/1.1 201 "
2023-02-07 11:04:08.153 &amp#27;[32m INFO&amp#27;[m &amp#27;[35m[@503 - main]&amp#27;[m &amp#27;[36mcom.shaft.tools.io.ReportManager&amp#27;[m : Successfully created attachment "API Request - Specifications"
2023-02-07 11:04:08.154 &amp#27;[32m INFO&amp#27;[m &amp#27;[35m[@503 - main]&amp#27;[m &amp#27;[36mcom.shaft.tools.io.ReportManager&amp#27;[m : Successfully created attachment "API Request - JSON Body"
2023-02-07 11:04:08.157 &amp#27;[32m INFO&amp#27;[m &amp#27;[35m[@503 - main]&amp#27;[m &amp#27;[36mcom.shaft.tools.io.ReportManager&amp#27;[m : Successfully created attachment "API Response - JSON Body"
2023-02-07 11:04:08.157 &amp#27;[32m INFO&amp#27;[m &amp#27;[35m[@503 - main]&amp#27;[m &amp#27;[36mcom.shaft.tools.io.ReportManager&amp#27;[m : File Action "DoesFileExist" successfully performed. With the following test data "File Path: "src/test/resources/testDataFiles/SteeringCompanyAPI_TestData/SteeringCompanyAPI_TestData.xlsx"".
2023-02-07 11:04:08.192 &amp#27;[32m INFO&amp#27;[m &amp#27;[35m[@503 - main]&amp#27;[m &amp#27;[36mcom.shaft.tools.io.ReportManager&amp#27;[m : File Action "DoesFileExist" successfully performed. With the following test data "File Path: "SteeringCompanyAPI_TestData/SteeringCompanyAPI_TestData.xlsx"".
2023-02-07 11:04:08.220 &amp#27;[32m INFO&amp#27;[m &amp#27;[35m[@503 - main]&amp#27;[m &amp#27;[36mcom.shaft.tools.io.ReportManager&amp#27;[m : Successfully created attachment "Test Data - Excel"
2023-02-07 11:04:08.221 &amp#27;[32m INFO&amp#27;[m &amp#27;[35m[@503 - main]&amp#27;[m &amp#27;[36mcom.shaft.tools.io.ReportManager&amp#27;[m : File Action "DoesFileExist" successfully performed. With the following test data "File Path: "SteeringCompanyAPI_TestData/SteeringCompanyAPI_TestData.xlsx"".
2023-02-07 11:04:08.236 &amp#27;[32m INFO&amp#27;[m &amp#27;[35m[@503 - main]&amp#27;[m &amp#27;[36mcom.shaft.tools.io.ReportManager&amp#27;[m : Successfully created attachment "Test Data - Excel"
2023-02-07 11:04:08.238 &amp#27;[32m INFO&amp#27;[m &amp#27;[35m[@503 - main]&amp#27;[m &amp#27;[36mcom.shaft.tools.io.ReportManager&amp#27;[m : File Action "DoesFileExist" successfully performed. With the following test data "File Path: "Schemas/Usage_Policy_schema.json"".
2023-02-07 11:04:08.238 &amp#27;[32m INFO&amp#27;[m &amp#27;[35m[@503 - main]&amp#27;[m &amp#27;[36mcom.shaft.tools.io.ReportManager&amp#27;[m : File Action "DoesFileExist" successfully performed. With the following test data "File Path: "src/test/resources/testDataFiles/Schemas/Usage_Policy_schema.json"".
2023-02-07 11:04:08.238 &amp#27;[32m INFO&amp#27;[m &amp#27;[35m[@503 - main]&amp#27;[m &amp#27;[36mcom.shaft.tools.io.ReportManager&amp#27;[m : File Action "GetAbsolutePath" successfully performed. With the following test data "Relative Folder Path: "src/test/resources/testDataFiles/Schemas/Usage_Policy_schema.json"".
2023-02-07 11:04:08.240 &amp#27;[32m INFO&amp#27;[m &amp#27;[35m[@503 - main]&amp#27;[m &amp#27;[36mcom.shaft.tools.io.ReportManager&amp#27;[m : File Action "DoesFileExist" successfully performed. With the following test data "File Path: "C:\eclipse-workspace\MyProjects\TASystemsAPIs\src\test\resources\testDataFiles\Schemas\Usage_Policy_schema.json"".
2023-02-07 11:04:08.240 &amp#27;[32m INFO&amp#27;[m &amp#27;[35m[@503 - main]&amp#27;[m &amp#27;[36mcom.shaft.tools.io.ReportManager&amp#27;[m : File Action "GetAbsolutePath" successfully performed. With the following test data "Relative Folder Path: "C:\eclipse-workspace\MyProjects\TASystemsAPIs\src\test\resources\testDataFiles\Schemas\Usage_Policy_schema.json"".
2023-02-07 11:04:08.241 &amp#27;[32m INFO&amp#27;[m &amp#27;[35m[@503 - main]&amp#27;[m &amp#27;[36mcom.shaft.tools.io.ReportManager&amp#27;[m : File Action "ReadFile" successfully performed. With the following test data "File Path: "C:\eclipse-workspace\MyProjects\TASystemsAPIs\src\test\resources\testDataFiles\Schemas\Usage_Policy_schema.json"".
2023-02-07 11:04:08.242 &amp#27;[32m INFO&amp#27;[m &amp#27;[35m[@503 - main]&amp#27;[m &amp#27;[36mcom.shaft.tools.io.ReportManager&amp#27;[m : Successfully created attachment "Validation Test Data - Expected JSON Value"
2023-02-07 11:04:08.244 &amp#27;[32m INFO&amp#27;[m &amp#27;[35m[@503 - main]&amp#27;[m &amp#27;[36mcom.shaft.tools.io.ReportManager&amp#27;[m : Successfully created attachment "Validation Test Data - Actual JSON Value"
2023-02-07 11:04:08.245 &amp#27;[32m INFO&amp#27;[m &amp#27;[35m[@503 - main]&amp#27;[m &amp#27;[36mcom.shaft.tools.io.ReportManager&amp#27;[m : Successfully created attachment "SHAFT Engine Logs - Current Method log: Valid_Add_Usage_Policy_TC"
]]></system-out>
  </testcase>
  <testcase name="Valid_Add_Usage_Policy_TC[[Ljava.lang.Object;@13c8e7bc](2)" classname="SteeringCompanyAPI_TestCases.Test_Policies_Cases" time="1.395">
    <system-out><![CDATA[2023-02-07 11:04:08.246 &amp#27;[32m INFO&amp#27;[m &amp#27;[35m[@534 - main]&amp#27;[m &amp#27;[36mcom.shaft.tools.io.ReportManager&amp#27;[m : 
################################################################################################################################################
Starting Execution:	"389 out of 107" test cases in the current suite
Test Method:		"SteeringCompanyAPI_TestCases.Test_Policies_Cases.Valid_Add_Usage_Policy_TC"
Test Description:	"TC007 -Policy- Perform Add Valid Usage Policy"
################################################################################################################################################
2023-02-07 11:04:08.247 &amp#27;[32m INFO&amp#27;[m &amp#27;[35m[@503 - main]&amp#27;[m &amp#27;[36mcom.shaft.tools.io.ReportManager&amp#27;[m : File Action "DoesFileExist" successfully performed. With the following test data "File Path: "SteeringCompanyAPI_TestData/SteeringCompanyAPI_TestData.xlsx"".
2023-02-07 11:04:08.266 &amp#27;[32m INFO&amp#27;[m &amp#27;[35m[@503 - main]&amp#27;[m &amp#27;[36mcom.shaft.tools.io.ReportManager&amp#27;[m : Successfully created attachment "Test Data - Excel"
2023-02-07 11:04:08.876 &amp#27;[32m INFO&amp#27;[m &amp#27;[35m[@503 - main]&amp#27;[m &amp#27;[36mcom.shaft.tools.io.ReportManager&amp#27;[m : Response status code: "200", status line: "HTTP/1.1 200 OK"
2023-02-07 11:04:08.883 &amp#27;[32m INFO&amp#27;[m &amp#27;[35m[@503 - main]&amp#27;[m &amp#27;[36mcom.shaft.tools.io.ReportManager&amp#27;[m : Successfully created attachment "API Request - Specifications"
2023-02-07 11:04:08.884 &amp#27;[32m INFO&amp#27;[m &amp#27;[35m[@503 - main]&amp#27;[m &amp#27;[36mcom.shaft.tools.io.ReportManager&amp#27;[m : Successfully created attachment "API Request - Body"
2023-02-07 11:04:08.884 &amp#27;[32m INFO&amp#27;[m &amp#27;[35m[@503 - main]&amp#27;[m &amp#27;[36mcom.shaft.tools.io.ReportManager&amp#27;[m : Successfully created attachment "API Response - JSON Body"
2023-02-07 11:04:08.890 &amp#27;[32m INFO&amp#27;[m &amp#27;[35m[@503 - main]&amp#27;[m &amp#27;[36mcom.shaft.tools.io.ReportManager&amp#27;[m : File Action "DoesFileExist" successfully performed. With the following test data "File Path: "SteeringCompanyAPI_TestData/SteeringCompanyAPI_TestData.xlsx"".
2023-02-07 11:04:08.908 &amp#27;[32m INFO&amp#27;[m &amp#27;[35m[@503 - main]&amp#27;[m &amp#27;[36mcom.shaft.tools.io.ReportManager&amp#27;[m : Successfully created attachment "Test Data - Excel"
2023-02-07 11:04:08.908 &amp#27;[32m INFO&amp#27;[m &amp#27;[35m[@503 - main]&amp#27;[m &amp#27;[36mcom.shaft.tools.io.ReportManager&amp#27;[m : File Action "DoesFileExist" successfully performed. With the following test data "File Path: "SteeringCompanyAPI_TestData/SteeringCompanyAPI_TestData.xlsx"".
2023-02-07 11:04:08.925 &amp#27;[32m INFO&amp#27;[m &amp#27;[35m[@503 - main]&amp#27;[m &amp#27;[36mcom.shaft.tools.io.ReportManager&amp#27;[m : Successfully created attachment "Test Data - Excel"
2023-02-07 11:04:08.925 &amp#27;[32m INFO&amp#27;[m &amp#27;[35m[@503 - main]&amp#27;[m &amp#27;[36mcom.shaft.tools.io.ReportManager&amp#27;[m : File Action "DoesFileExist" successfully performed. With the following test data "File Path: "SteeringCompanyAPI_TestData/SteeringCompanyAPI_TestData.xlsx"".
2023-02-07 11:04:08.941 &amp#27;[32m INFO&amp#27;[m &amp#27;[35m[@503 - main]&amp#27;[m &amp#27;[36mcom.shaft.tools.io.ReportManager&amp#27;[m : Successfully created attachment "Test Data - Excel"
2023-02-07 11:04:09.556 &amp#27;[32m INFO&amp#27;[m &amp#27;[35m[@503 - main]&amp#27;[m &amp#27;[36mcom.shaft.tools.io.ReportManager&amp#27;[m : Response status code: "201", status line: "HTTP/1.1 201 "
2023-02-07 11:04:09.569 &amp#27;[32m INFO&amp#27;[m &amp#27;[35m[@503 - main]&amp#27;[m &amp#27;[36mcom.shaft.tools.io.ReportManager&amp#27;[m : Successfully created attachment "API Request - Specifications"
2023-02-07 11:04:09.572 &amp#27;[32m INFO&amp#27;[m &amp#27;[35m[@503 - main]&amp#27;[m &amp#27;[36mcom.shaft.tools.io.ReportManager&amp#27;[m : Successfully created attachment "API Request - JSON Body"
2023-02-07 11:04:09.572 &amp#27;[32m INFO&amp#27;[m &amp#27;[35m[@503 - main]&amp#27;[m &amp#27;[36mcom.shaft.tools.io.ReportManager&amp#27;[m : Successfully created attachment "API Response - JSON Body"
2023-02-07 11:04:09.572 &amp#27;[32m INFO&amp#27;[m &amp#27;[35m[@503 - main]&amp#27;[m &amp#27;[36mcom.shaft.tools.io.ReportManager&amp#27;[m : File Action "DoesFileExist" successfully performed. With the following test data "File Path: "src/test/resources/testDataFiles/SteeringCompanyAPI_TestData/SteeringCompanyAPI_TestData.xlsx"".
2023-02-07 11:04:09.606 &amp#27;[32m INFO&amp#27;[m &amp#27;[35m[@503 - main]&amp#27;[m &amp#27;[36mcom.shaft.tools.io.ReportManager&amp#27;[m : File Action "DoesFileExist" successfully performed. With the following test data "File Path: "SteeringCompanyAPI_TestData/SteeringCompanyAPI_TestData.xlsx"".
2023-02-07 11:04:09.620 &amp#27;[32m INFO&amp#27;[m &amp#27;[35m[@503 - main]&amp#27;[m &amp#27;[36mcom.shaft.tools.io.ReportManager&amp#27;[m : Successfully created attachment "Test Data - Excel"
2023-02-07 11:04:09.620 &amp#27;[32m INFO&amp#27;[m &amp#27;[35m[@503 - main]&amp#27;[m &amp#27;[36mcom.shaft.tools.io.ReportManager&amp#27;[m : File Action "DoesFileExist" successfully performed. With the following test data "File Path: "SteeringCompanyAPI_TestData/SteeringCompanyAPI_TestData.xlsx"".
2023-02-07 11:04:09.637 &amp#27;[32m INFO&amp#27;[m &amp#27;[35m[@503 - main]&amp#27;[m &amp#27;[36mcom.shaft.tools.io.ReportManager&amp#27;[m : Successfully created attachment "Test Data - Excel"
2023-02-07 11:04:09.637 &amp#27;[32m INFO&amp#27;[m &amp#27;[35m[@503 - main]&amp#27;[m &amp#27;[36mcom.shaft.tools.io.ReportManager&amp#27;[m : File Action "DoesFileExist" successfully performed. With the following test data "File Path: "Schemas/Usage_Policy_schema.json"".
2023-02-07 11:04:09.637 &amp#27;[32m INFO&amp#27;[m &amp#27;[35m[@503 - main]&amp#27;[m &amp#27;[36mcom.shaft.tools.io.ReportManager&amp#27;[m : File Action "DoesFileExist" successfully performed. With the following test data "File Path: "src/test/resources/testDataFiles/Schemas/Usage_Policy_schema.json"".
2023-02-07 11:04:09.637 &amp#27;[32m INFO&amp#27;[m &amp#27;[35m[@503 - main]&amp#27;[m &amp#27;[36mcom.shaft.tools.io.ReportManager&amp#27;[m : File Action "GetAbsolutePath" successfully performed. With the following test data "Relative Folder Path: "src/test/resources/testDataFiles/Schemas/Usage_Policy_schema.json"".
2023-02-07 11:04:09.638 &amp#27;[32m INFO&amp#27;[m &amp#27;[35m[@503 - main]&amp#27;[m &amp#27;[36mcom.shaft.tools.io.ReportManager&amp#27;[m : File Action "DoesFileExist" successfully performed. With the following test data "File Path: "C:\eclipse-workspace\MyProjects\TASystemsAPIs\src\test\resources\testDataFiles\Schemas\Usage_Policy_schema.json"".
2023-02-07 11:04:09.638 &amp#27;[32m INFO&amp#27;[m &amp#27;[35m[@503 - main]&amp#27;[m &amp#27;[36mcom.shaft.tools.io.ReportManager&amp#27;[m : File Action "GetAbsolutePath" successfully performed. With the following test data "Relative Folder Path: "C:\eclipse-workspace\MyProjects\TASystemsAPIs\src\test\resources\testDataFiles\Schemas\Usage_Policy_schema.json"".
2023-02-07 11:04:09.638 &amp#27;[32m INFO&amp#27;[m &amp#27;[35m[@503 - main]&amp#27;[m &amp#27;[36mcom.shaft.tools.io.ReportManager&amp#27;[m : File Action "ReadFile" successfully performed. With the following test data "File Path: "C:\eclipse-workspace\MyProjects\TASystemsAPIs\src\test\resources\testDataFiles\Schemas\Usage_Policy_schema.json"".
2023-02-07 11:04:09.639 &amp#27;[32m INFO&amp#27;[m &amp#27;[35m[@503 - main]&amp#27;[m &amp#27;[36mcom.shaft.tools.io.ReportManager&amp#27;[m : Successfully created attachment "Validation Test Data - Expected JSON Value"
2023-02-07 11:04:09.639 &amp#27;[32m INFO&amp#27;[m &amp#27;[35m[@503 - main]&amp#27;[m &amp#27;[36mcom.shaft.tools.io.ReportManager&amp#27;[m : Successfully created attachment "Validation Test Data - Actual JSON Value"
2023-02-07 11:04:09.640 &amp#27;[32m INFO&amp#27;[m &amp#27;[35m[@503 - main]&amp#27;[m &amp#27;[36mcom.shaft.tools.io.ReportManager&amp#27;[m : Successfully created attachment "SHAFT Engine Logs - Current Method log: Valid_Add_Usage_Policy_TC"
]]></system-out>
  </testcase>
  <testcase name="Valid_GET_all_Policies_Rq_TC" classname="SteeringCompanyAPI_TestCases.Test_Policies_Cases" time="1.579">
    <system-out><![CDATA[2023-02-07 11:04:09.642 &amp#27;[32m INFO&amp#27;[m &amp#27;[35m[@534 - main]&amp#27;[m &amp#27;[36mcom.shaft.tools.io.ReportManager&amp#27;[m : 
################################################################################################################################################
Starting Execution:	"390 out of 107" test cases in the current suite
Test Method:		"SteeringCompanyAPI_TestCases.Test_Policies_Cases.Valid_GET_all_Policies_Rq_TC"
Test Description:	"TC001  -Policy- Perform Get all Policies API with valid user name and password"
################################################################################################################################################
2023-02-07 11:04:09.642 &amp#27;[32m INFO&amp#27;[m &amp#27;[35m[@503 - main]&amp#27;[m &amp#27;[36mcom.shaft.tools.io.ReportManager&amp#27;[m : File Action "DoesFileExist" successfully performed. With the following test data "File Path: "SteeringCompanyAPI_TestData/SteeringCompanyAPI_TestData.xlsx"".
2023-02-07 11:04:09.663 &amp#27;[32m INFO&amp#27;[m &amp#27;[35m[@503 - main]&amp#27;[m &amp#27;[36mcom.shaft.tools.io.ReportManager&amp#27;[m : Successfully created attachment "Test Data - Excel"
2023-02-07 11:04:10.286 &amp#27;[32m INFO&amp#27;[m &amp#27;[35m[@503 - main]&amp#27;[m &amp#27;[36mcom.shaft.tools.io.ReportManager&amp#27;[m : Response status code: "200", status line: "HTTP/1.1 200 OK"
2023-02-07 11:04:10.293 &amp#27;[32m INFO&amp#27;[m &amp#27;[35m[@503 - main]&amp#27;[m &amp#27;[36mcom.shaft.tools.io.ReportManager&amp#27;[m : Successfully created attachment "API Request - Specifications"
2023-02-07 11:04:10.295 &amp#27;[32m INFO&amp#27;[m &amp#27;[35m[@503 - main]&amp#27;[m &amp#27;[36mcom.shaft.tools.io.ReportManager&amp#27;[m : Successfully created attachment "API Request - Body"
2023-02-07 11:04:10.296 &amp#27;[32m INFO&amp#27;[m &amp#27;[35m[@503 - main]&amp#27;[m &amp#27;[36mcom.shaft.tools.io.ReportManager&amp#27;[m : Successfully created attachment "API Response - JSON Body"
2023-02-07 11:04:10.302 &amp#27;[32m INFO&amp#27;[m &amp#27;[35m[@503 - main]&amp#27;[m &amp#27;[36mcom.shaft.tools.io.ReportManager&amp#27;[m : File Action "DoesFileExist" successfully performed. With the following test data "File Path: "SteeringCompanyAPI_TestData/SteeringCompanyAPI_TestData.xlsx"".
2023-02-07 11:04:10.318 &amp#27;[32m INFO&amp#27;[m &amp#27;[35m[@503 - main]&amp#27;[m &amp#27;[36mcom.shaft.tools.io.ReportManager&amp#27;[m : Successfully created attachment "Test Data - Excel"
2023-02-07 11:04:10.318 &amp#27;[32m INFO&amp#27;[m &amp#27;[35m[@503 - main]&amp#27;[m &amp#27;[36mcom.shaft.tools.io.ReportManager&amp#27;[m : File Action "DoesFileExist" successfully performed. With the following test data "File Path: "SteeringCompanyAPI_TestData/SteeringCompanyAPI_TestData.xlsx"".
2023-02-07 11:04:10.335 &amp#27;[32m INFO&amp#27;[m &amp#27;[35m[@503 - main]&amp#27;[m &amp#27;[36mcom.shaft.tools.io.ReportManager&amp#27;[m : Successfully created attachment "Test Data - Excel"
2023-02-07 11:04:10.335 &amp#27;[32m INFO&amp#27;[m &amp#27;[35m[@503 - main]&amp#27;[m &amp#27;[36mcom.shaft.tools.io.ReportManager&amp#27;[m : File Action "DoesFileExist" successfully performed. With the following test data "File Path: "SteeringCompanyAPI_TestData/SteeringCompanyAPI_TestData.xlsx"".
2023-02-07 11:04:10.352 &amp#27;[32m INFO&amp#27;[m &amp#27;[35m[@503 - main]&amp#27;[m &amp#27;[36mcom.shaft.tools.io.ReportManager&amp#27;[m : Successfully created attachment "Test Data - Excel"
2023-02-07 11:04:10.864 &amp#27;[32m INFO&amp#27;[m &amp#27;[35m[@503 - main]&amp#27;[m &amp#27;[36mcom.shaft.tools.io.ReportManager&amp#27;[m : Response status code: "200", status line: "HTTP/1.1 200 "
2023-02-07 11:04:11.192 &amp#27;[32m INFO&amp#27;[m &amp#27;[35m[@503 - main]&amp#27;[m &amp#27;[36mcom.shaft.tools.io.ReportManager&amp#27;[m : Successfully created attachment "API Request - Specifications"
2023-02-07 11:04:11.193 &amp#27;[32m INFO&amp#27;[m &amp#27;[35m[@503 - main]&amp#27;[m &amp#27;[36mcom.shaft.tools.io.ReportManager&amp#27;[m : Successfully created attachment "API Response - JSON Body"
2023-02-07 11:04:11.197 &amp#27;[32m INFO&amp#27;[m &amp#27;[35m[@503 - main]&amp#27;[m &amp#27;[36mcom.shaft.tools.io.ReportManager&amp#27;[m : Successfully created attachment "Validation Test Data - Expected Value"
2023-02-07 11:04:11.198 &amp#27;[32m INFO&amp#27;[m &amp#27;[35m[@503 - main]&amp#27;[m &amp#27;[36mcom.shaft.tools.io.ReportManager&amp#27;[m : Successfully created attachment "Validation Test Data - Actual Value"
2023-02-07 11:04:11.203 &amp#27;[32m INFO&amp#27;[m &amp#27;[35m[@503 - main]&amp#27;[m &amp#27;[36mcom.shaft.tools.io.ReportManager&amp#27;[m : Get response jsonvalue "cancellationPolicies".
2023-02-07 11:04:11.204 &amp#27;[32m INFO&amp#27;[m &amp#27;[35m[@503 - main]&amp#27;[m &amp#27;[36mcom.shaft.tools.io.ReportManager&amp#27;[m : Successfully created attachment "Validation Test Data - Expected Value"
2023-02-07 11:04:11.204 &amp#27;[32m INFO&amp#27;[m &amp#27;[35m[@503 - main]&amp#27;[m &amp#27;[36mcom.shaft.tools.io.ReportManager&amp#27;[m : Successfully created attachment "Validation Test Data - Actual Value"
2023-02-07 11:04:11.205 &amp#27;[32m INFO&amp#27;[m &amp#27;[35m[@503 - main]&amp#27;[m &amp#27;[36mcom.shaft.tools.io.ReportManager&amp#27;[m : File Action "DoesFileExist" successfully performed. With the following test data "File Path: "Schemas/GetAllPolicies_schema.json"".
2023-02-07 11:04:11.205 &amp#27;[32m INFO&amp#27;[m &amp#27;[35m[@503 - main]&amp#27;[m &amp#27;[36mcom.shaft.tools.io.ReportManager&amp#27;[m : File Action "DoesFileExist" successfully performed. With the following test data "File Path: "src/test/resources/testDataFiles/Schemas/GetAllPolicies_schema.json"".
2023-02-07 11:04:11.205 &amp#27;[32m INFO&amp#27;[m &amp#27;[35m[@503 - main]&amp#27;[m &amp#27;[36mcom.shaft.tools.io.ReportManager&amp#27;[m : File Action "GetAbsolutePath" successfully performed. With the following test data "Relative Folder Path: "src/test/resources/testDataFiles/Schemas/GetAllPolicies_schema.json"".
2023-02-07 11:04:11.211 &amp#27;[32m INFO&amp#27;[m &amp#27;[35m[@503 - main]&amp#27;[m &amp#27;[36mcom.shaft.tools.io.ReportManager&amp#27;[m : File Action "DoesFileExist" successfully performed. With the following test data "File Path: "C:\eclipse-workspace\MyProjects\TASystemsAPIs\src\test\resources\testDataFiles\Schemas\GetAllPolicies_schema.json"".
2023-02-07 11:04:11.212 &amp#27;[32m INFO&amp#27;[m &amp#27;[35m[@503 - main]&amp#27;[m &amp#27;[36mcom.shaft.tools.io.ReportManager&amp#27;[m : File Action "GetAbsolutePath" successfully performed. With the following test data "Relative Folder Path: "C:\eclipse-workspace\MyProjects\TASystemsAPIs\src\test\resources\testDataFiles\Schemas\GetAllPolicies_schema.json"".
2023-02-07 11:04:11.213 &amp#27;[32m INFO&amp#27;[m &amp#27;[35m[@503 - main]&amp#27;[m &amp#27;[36mcom.shaft.tools.io.ReportManager&amp#27;[m : File Action "ReadFile" successfully performed. With the following test data "File Path: "C:\eclipse-workspace\MyProjects\TASystemsAPIs\src\test\resources\testDataFiles\Schemas\GetAllPolicies_schema.json"".
2023-02-07 11:04:11.216 &amp#27;[32m INFO&amp#27;[m &amp#27;[35m[@503 - main]&amp#27;[m &amp#27;[36mcom.shaft.tools.io.ReportManager&amp#27;[m : Successfully created attachment "Validation Test Data - Expected JSON Value"
2023-02-07 11:04:11.217 &amp#27;[32m INFO&amp#27;[m &amp#27;[35m[@503 - main]&amp#27;[m &amp#27;[36mcom.shaft.tools.io.ReportManager&amp#27;[m : Successfully created attachment "Validation Test Data - Actual JSON Value"
2023-02-07 11:04:11.217 &amp#27;[32m INFO&amp#27;[m &amp#27;[35m[@503 - main]&amp#27;[m &amp#27;[36mcom.shaft.tools.io.ReportManager&amp#27;[m : Successfully created attachment "SHAFT Engine Logs - Current Method log: Valid_GET_all_Policies_Rq_TC"
]]></system-out>
  </testcase>
  <testcase name="Valid_GET_all_Policies_by_Qry_Rq_TC" classname="SteeringCompanyAPI_TestCases.Test_Policies_Cases" time="1.561">
    <system-out><![CDATA[2023-02-07 11:04:11.221 &amp#27;[32m INFO&amp#27;[m &amp#27;[35m[@534 - main]&amp#27;[m &amp#27;[36mcom.shaft.tools.io.ReportManager&amp#27;[m : 
################################################################################################################################################
Starting Execution:	"391 out of 107" test cases in the current suite
Test Method:		"SteeringCompanyAPI_TestCases.Test_Policies_Cases.Valid_GET_all_Policies_by_Qry_Rq_TC"
Test Description:	"TC002  -Policy- Perform Get all Policies API with pagination with valid user name and password"
################################################################################################################################################
2023-02-07 11:04:11.222 &amp#27;[32m INFO&amp#27;[m &amp#27;[35m[@503 - main]&amp#27;[m &amp#27;[36mcom.shaft.tools.io.ReportManager&amp#27;[m : File Action "DoesFileExist" successfully performed. With the following test data "File Path: "SteeringCompanyAPI_TestData/SteeringCompanyAPI_TestData.xlsx"".
2023-02-07 11:04:11.238 &amp#27;[32m INFO&amp#27;[m &amp#27;[35m[@503 - main]&amp#27;[m &amp#27;[36mcom.shaft.tools.io.ReportManager&amp#27;[m : Successfully created attachment "Test Data - Excel"
2023-02-07 11:04:11.842 &amp#27;[32m INFO&amp#27;[m &amp#27;[35m[@503 - main]&amp#27;[m &amp#27;[36mcom.shaft.tools.io.ReportManager&amp#27;[m : Response status code: "200", status line: "HTTP/1.1 200 OK"
2023-02-07 11:04:11.850 &amp#27;[32m INFO&amp#27;[m &amp#27;[35m[@503 - main]&amp#27;[m &amp#27;[36mcom.shaft.tools.io.ReportManager&amp#27;[m : Successfully created attachment "API Request - Specifications"
2023-02-07 11:04:11.852 &amp#27;[32m INFO&amp#27;[m &amp#27;[35m[@503 - main]&amp#27;[m &amp#27;[36mcom.shaft.tools.io.ReportManager&amp#27;[m : Successfully created attachment "API Request - Body"
2023-02-07 11:04:11.852 &amp#27;[32m INFO&amp#27;[m &amp#27;[35m[@503 - main]&amp#27;[m &amp#27;[36mcom.shaft.tools.io.ReportManager&amp#27;[m : Successfully created attachment "API Response - JSON Body"
2023-02-07 11:04:11.861 &amp#27;[32m INFO&amp#27;[m &amp#27;[35m[@503 - main]&amp#27;[m &amp#27;[36mcom.shaft.tools.io.ReportManager&amp#27;[m : File Action "DoesFileExist" successfully performed. With the following test data "File Path: "SteeringCompanyAPI_TestData/SteeringCompanyAPI_TestData.xlsx"".
2023-02-07 11:04:11.885 &amp#27;[32m INFO&amp#27;[m &amp#27;[35m[@503 - main]&amp#27;[m &amp#27;[36mcom.shaft.tools.io.ReportManager&amp#27;[m : Successfully created attachment "Test Data - Excel"
2023-02-07 11:04:11.885 &amp#27;[32m INFO&amp#27;[m &amp#27;[35m[@503 - main]&amp#27;[m &amp#27;[36mcom.shaft.tools.io.ReportManager&amp#27;[m : File Action "DoesFileExist" successfully performed. With the following test data "File Path: "SteeringCompanyAPI_TestData/SteeringCompanyAPI_TestData.xlsx"".
2023-02-07 11:04:11.903 &amp#27;[32m INFO&amp#27;[m &amp#27;[35m[@503 - main]&amp#27;[m &amp#27;[36mcom.shaft.tools.io.ReportManager&amp#27;[m : Successfully created attachment "Test Data - Excel"
2023-02-07 11:04:11.904 &amp#27;[32m INFO&amp#27;[m &amp#27;[35m[@503 - main]&amp#27;[m &amp#27;[36mcom.shaft.tools.io.ReportManager&amp#27;[m : File Action "DoesFileExist" successfully performed. With the following test data "File Path: "SteeringCompanyAPI_TestData/SteeringCompanyAPI_TestData.xlsx"".
2023-02-07 11:04:11.924 &amp#27;[32m INFO&amp#27;[m &amp#27;[35m[@503 - main]&amp#27;[m &amp#27;[36mcom.shaft.tools.io.ReportManager&amp#27;[m : Successfully created attachment "Test Data - Excel"
2023-02-07 11:04:12.434 &amp#27;[32m INFO&amp#27;[m &amp#27;[35m[@503 - main]&amp#27;[m &amp#27;[36mcom.shaft.tools.io.ReportManager&amp#27;[m : Response status code: "200", status line: "HTTP/1.1 200 "
2023-02-07 11:04:12.756 &amp#27;[32m INFO&amp#27;[m &amp#27;[35m[@503 - main]&amp#27;[m &amp#27;[36mcom.shaft.tools.io.ReportManager&amp#27;[m : Successfully created attachment "API Request - Specifications"
2023-02-07 11:04:12.759 &amp#27;[32m INFO&amp#27;[m &amp#27;[35m[@503 - main]&amp#27;[m &amp#27;[36mcom.shaft.tools.io.ReportManager&amp#27;[m : Successfully created attachment "API Response - JSON Body"
2023-02-07 11:04:12.761 &amp#27;[32m INFO&amp#27;[m &amp#27;[35m[@503 - main]&amp#27;[m &amp#27;[36mcom.shaft.tools.io.ReportManager&amp#27;[m : Successfully created attachment "Validation Test Data - Expected Value"
2023-02-07 11:04:12.761 &amp#27;[32m INFO&amp#27;[m &amp#27;[35m[@503 - main]&amp#27;[m &amp#27;[36mcom.shaft.tools.io.ReportManager&amp#27;[m : Successfully created attachment "Validation Test Data - Actual Value"
2023-02-07 11:04:12.766 &amp#27;[32m INFO&amp#27;[m &amp#27;[35m[@503 - main]&amp#27;[m &amp#27;[36mcom.shaft.tools.io.ReportManager&amp#27;[m : Get response jsonvalue "cancellationPolicies".
2023-02-07 11:04:12.766 &amp#27;[32m INFO&amp#27;[m &amp#27;[35m[@503 - main]&amp#27;[m &amp#27;[36mcom.shaft.tools.io.ReportManager&amp#27;[m : Successfully created attachment "Validation Test Data - Expected Value"
2023-02-07 11:04:12.767 &amp#27;[32m INFO&amp#27;[m &amp#27;[35m[@503 - main]&amp#27;[m &amp#27;[36mcom.shaft.tools.io.ReportManager&amp#27;[m : Successfully created attachment "Validation Test Data - Actual Value"
2023-02-07 11:04:12.767 &amp#27;[32m INFO&amp#27;[m &amp#27;[35m[@503 - main]&amp#27;[m &amp#27;[36mcom.shaft.tools.io.ReportManager&amp#27;[m : File Action "DoesFileExist" successfully performed. With the following test data "File Path: "Schemas/GetAllPolicies_schema.json"".
2023-02-07 11:04:12.767 &amp#27;[32m INFO&amp#27;[m &amp#27;[35m[@503 - main]&amp#27;[m &amp#27;[36mcom.shaft.tools.io.ReportManager&amp#27;[m : File Action "DoesFileExist" successfully performed. With the following test data "File Path: "src/test/resources/testDataFiles/Schemas/GetAllPolicies_schema.json"".
2023-02-07 11:04:12.767 &amp#27;[32m INFO&amp#27;[m &amp#27;[35m[@503 - main]&amp#27;[m &amp#27;[36mcom.shaft.tools.io.ReportManager&amp#27;[m : File Action "GetAbsolutePath" successfully performed. With the following test data "Relative Folder Path: "src/test/resources/testDataFiles/Schemas/GetAllPolicies_schema.json"".
2023-02-07 11:04:12.773 &amp#27;[32m INFO&amp#27;[m &amp#27;[35m[@503 - main]&amp#27;[m &amp#27;[36mcom.shaft.tools.io.ReportManager&amp#27;[m : File Action "DoesFileExist" successfully performed. With the following test data "File Path: "C:\eclipse-workspace\MyProjects\TASystemsAPIs\src\test\resources\testDataFiles\Schemas\GetAllPolicies_schema.json"".
2023-02-07 11:04:12.774 &amp#27;[32m INFO&amp#27;[m &amp#27;[35m[@503 - main]&amp#27;[m &amp#27;[36mcom.shaft.tools.io.ReportManager&amp#27;[m : File Action "GetAbsolutePath" successfully performed. With the following test data "Relative Folder Path: "C:\eclipse-workspace\MyProjects\TASystemsAPIs\src\test\resources\testDataFiles\Schemas\GetAllPolicies_schema.json"".
2023-02-07 11:04:12.774 &amp#27;[32m INFO&amp#27;[m &amp#27;[35m[@503 - main]&amp#27;[m &amp#27;[36mcom.shaft.tools.io.ReportManager&amp#27;[m : File Action "ReadFile" successfully performed. With the following test data "File Path: "C:\eclipse-workspace\MyProjects\TASystemsAPIs\src\test\resources\testDataFiles\Schemas\GetAllPolicies_schema.json"".
2023-02-07 11:04:12.778 &amp#27;[32m INFO&amp#27;[m &amp#27;[35m[@503 - main]&amp#27;[m &amp#27;[36mcom.shaft.tools.io.ReportManager&amp#27;[m : Successfully created attachment "Validation Test Data - Expected JSON Value"
2023-02-07 11:04:12.778 &amp#27;[32m INFO&amp#27;[m &amp#27;[35m[@503 - main]&amp#27;[m &amp#27;[36mcom.shaft.tools.io.ReportManager&amp#27;[m : Successfully created attachment "Validation Test Data - Actual JSON Value"
2023-02-07 11:04:12.779 &amp#27;[32m INFO&amp#27;[m &amp#27;[35m[@503 - main]&amp#27;[m &amp#27;[36mcom.shaft.tools.io.ReportManager&amp#27;[m : Successfully created attachment "SHAFT Engine Logs - Current Method log: Valid_GET_all_Policies_by_Qry_Rq_TC"
]]></system-out>
  </testcase>
  <testcase name="Valid_Get_Cancel_Policy_TC[[Ljava.lang.Object;@7dada7ed](1)" classname="SteeringCompanyAPI_TestCases.Test_Policies_Cases" time="1.917">
    <system-out><![CDATA[2023-02-07 11:04:12.787 &amp#27;[32m INFO&amp#27;[m &amp#27;[35m[@534 - main]&amp#27;[m &amp#27;[36mcom.shaft.tools.io.ReportManager&amp#27;[m : 
################################################################################################################################################
Starting Execution:	"392 out of 107" test cases in the current suite
Test Method:		"SteeringCompanyAPI_TestCases.Test_Policies_Cases.Valid_Get_Cancel_Policy_TC"
Test Description:	"TC015 -Policy- Perform Get Valid Cancel Policy"
################################################################################################################################################
2023-02-07 11:04:12.787 &amp#27;[32m INFO&amp#27;[m &amp#27;[35m[@503 - main]&amp#27;[m &amp#27;[36mcom.shaft.tools.io.ReportManager&amp#27;[m : File Action "DoesFileExist" successfully performed. With the following test data "File Path: "SteeringCompanyAPI_TestData/SteeringCompanyAPI_TestData.xlsx"".
2023-02-07 11:04:12.807 &amp#27;[32m INFO&amp#27;[m &amp#27;[35m[@503 - main]&amp#27;[m &amp#27;[36mcom.shaft.tools.io.ReportManager&amp#27;[m : Successfully created attachment "Test Data - Excel"
2023-02-07 11:04:13.416 &amp#27;[32m INFO&amp#27;[m &amp#27;[35m[@503 - main]&amp#27;[m &amp#27;[36mcom.shaft.tools.io.ReportManager&amp#27;[m : Response status code: "200", status line: "HTTP/1.1 200 OK"
2023-02-07 11:04:13.429 &amp#27;[32m INFO&amp#27;[m &amp#27;[35m[@503 - main]&amp#27;[m &amp#27;[36mcom.shaft.tools.io.ReportManager&amp#27;[m : Successfully created attachment "API Request - Specifications"
2023-02-07 11:04:13.429 &amp#27;[32m INFO&amp#27;[m &amp#27;[35m[@503 - main]&amp#27;[m &amp#27;[36mcom.shaft.tools.io.ReportManager&amp#27;[m : Successfully created attachment "API Request - Body"
2023-02-07 11:04:13.432 &amp#27;[32m INFO&amp#27;[m &amp#27;[35m[@503 - main]&amp#27;[m &amp#27;[36mcom.shaft.tools.io.ReportManager&amp#27;[m : Successfully created attachment "API Response - JSON Body"
2023-02-07 11:04:13.437 &amp#27;[32m INFO&amp#27;[m &amp#27;[35m[@503 - main]&amp#27;[m &amp#27;[36mcom.shaft.tools.io.ReportManager&amp#27;[m : File Action "DoesFileExist" successfully performed. With the following test data "File Path: "SteeringCompanyAPI_TestData/SteeringCompanyAPI_TestData.xlsx"".
2023-02-07 11:04:13.452 &amp#27;[32m INFO&amp#27;[m &amp#27;[35m[@503 - main]&amp#27;[m &amp#27;[36mcom.shaft.tools.io.ReportManager&amp#27;[m : Successfully created attachment "Test Data - Excel"
2023-02-07 11:04:13.452 &amp#27;[32m INFO&amp#27;[m &amp#27;[35m[@503 - main]&amp#27;[m &amp#27;[36mcom.shaft.tools.io.ReportManager&amp#27;[m : File Action "DoesFileExist" successfully performed. With the following test data "File Path: "SteeringCompanyAPI_TestData/SteeringCompanyAPI_TestData.xlsx"".
2023-02-07 11:04:13.466 &amp#27;[32m INFO&amp#27;[m &amp#27;[35m[@503 - main]&amp#27;[m &amp#27;[36mcom.shaft.tools.io.ReportManager&amp#27;[m : Successfully created attachment "Test Data - Excel"
2023-02-07 11:04:13.466 &amp#27;[32m INFO&amp#27;[m &amp#27;[35m[@503 - main]&amp#27;[m &amp#27;[36mcom.shaft.tools.io.ReportManager&amp#27;[m : File Action "DoesFileExist" successfully performed. With the following test data "File Path: "SteeringCompanyAPI_TestData/SteeringCompanyAPI_TestData.xlsx"".
2023-02-07 11:04:13.479 &amp#27;[32m INFO&amp#27;[m &amp#27;[35m[@503 - main]&amp#27;[m &amp#27;[36mcom.shaft.tools.io.ReportManager&amp#27;[m : Successfully created attachment "Test Data - Excel"
2023-02-07 11:04:14.621 &amp#27;[32m INFO&amp#27;[m &amp#27;[35m[@503 - main]&amp#27;[m &amp#27;[36mcom.shaft.tools.io.ReportManager&amp#27;[m : Response status code: "200", status line: "HTTP/1.1 200 "
2023-02-07 11:04:14.628 &amp#27;[32m INFO&amp#27;[m &amp#27;[35m[@503 - main]&amp#27;[m &amp#27;[36mcom.shaft.tools.io.ReportManager&amp#27;[m : Successfully created attachment "API Request - Specifications"
2023-02-07 11:04:14.629 &amp#27;[32m INFO&amp#27;[m &amp#27;[35m[@503 - main]&amp#27;[m &amp#27;[36mcom.shaft.tools.io.ReportManager&amp#27;[m : Successfully created attachment "API Response - JSON Body"
2023-02-07 11:04:14.629 &amp#27;[32m INFO&amp#27;[m &amp#27;[35m[@503 - main]&amp#27;[m &amp#27;[36mcom.shaft.tools.io.ReportManager&amp#27;[m : File Action "DoesFileExist" successfully performed. With the following test data "File Path: "src/test/resources/testDataFiles/SteeringCompanyAPI_TestData/SteeringCompanyAPI_TestData.xlsx"".
2023-02-07 11:04:14.661 &amp#27;[32m INFO&amp#27;[m &amp#27;[35m[@503 - main]&amp#27;[m &amp#27;[36mcom.shaft.tools.io.ReportManager&amp#27;[m : File Action "DoesFileExist" successfully performed. With the following test data "File Path: "SteeringCompanyAPI_TestData/SteeringCompanyAPI_TestData.xlsx"".
2023-02-07 11:04:14.680 &amp#27;[32m INFO&amp#27;[m &amp#27;[35m[@503 - main]&amp#27;[m &amp#27;[36mcom.shaft.tools.io.ReportManager&amp#27;[m : Successfully created attachment "Test Data - Excel"
2023-02-07 11:04:14.680 &amp#27;[32m INFO&amp#27;[m &amp#27;[35m[@503 - main]&amp#27;[m &amp#27;[36mcom.shaft.tools.io.ReportManager&amp#27;[m : File Action "DoesFileExist" successfully performed. With the following test data "File Path: "SteeringCompanyAPI_TestData/SteeringCompanyAPI_TestData.xlsx"".
2023-02-07 11:04:14.695 &amp#27;[32m INFO&amp#27;[m &amp#27;[35m[@503 - main]&amp#27;[m &amp#27;[36mcom.shaft.tools.io.ReportManager&amp#27;[m : Successfully created attachment "Test Data - Excel"
2023-02-07 11:04:14.696 &amp#27;[32m INFO&amp#27;[m &amp#27;[35m[@503 - main]&amp#27;[m &amp#27;[36mcom.shaft.tools.io.ReportManager&amp#27;[m : File Action "DoesFileExist" successfully performed. With the following test data "File Path: "Schemas/Cancel_Policy_schema.json"".
2023-02-07 11:04:14.697 &amp#27;[32m INFO&amp#27;[m &amp#27;[35m[@503 - main]&amp#27;[m &amp#27;[36mcom.shaft.tools.io.ReportManager&amp#27;[m : File Action "DoesFileExist" successfully performed. With the following test data "File Path: "src/test/resources/testDataFiles/Schemas/Cancel_Policy_schema.json"".
2023-02-07 11:04:14.697 &amp#27;[32m INFO&amp#27;[m &amp#27;[35m[@503 - main]&amp#27;[m &amp#27;[36mcom.shaft.tools.io.ReportManager&amp#27;[m : File Action "GetAbsolutePath" successfully performed. With the following test data "Relative Folder Path: "src/test/resources/testDataFiles/Schemas/Cancel_Policy_schema.json"".
2023-02-07 11:04:14.698 &amp#27;[32m INFO&amp#27;[m &amp#27;[35m[@503 - main]&amp#27;[m &amp#27;[36mcom.shaft.tools.io.ReportManager&amp#27;[m : File Action "DoesFileExist" successfully performed. With the following test data "File Path: "C:\eclipse-workspace\MyProjects\TASystemsAPIs\src\test\resources\testDataFiles\Schemas\Cancel_Policy_schema.json"".
2023-02-07 11:04:14.698 &amp#27;[32m INFO&amp#27;[m &amp#27;[35m[@503 - main]&amp#27;[m &amp#27;[36mcom.shaft.tools.io.ReportManager&amp#27;[m : File Action "GetAbsolutePath" successfully performed. With the following test data "Relative Folder Path: "C:\eclipse-workspace\MyProjects\TASystemsAPIs\src\test\resources\testDataFiles\Schemas\Cancel_Policy_schema.json"".
2023-02-07 11:04:14.698 &amp#27;[32m INFO&amp#27;[m &amp#27;[35m[@503 - main]&amp#27;[m &amp#27;[36mcom.shaft.tools.io.ReportManager&amp#27;[m : File Action "ReadFile" successfully performed. With the following test data "File Path: "C:\eclipse-workspace\MyProjects\TASystemsAPIs\src\test\resources\testDataFiles\Schemas\Cancel_Policy_schema.json"".
2023-02-07 11:04:14.699 &amp#27;[32m INFO&amp#27;[m &amp#27;[35m[@503 - main]&amp#27;[m &amp#27;[36mcom.shaft.tools.io.ReportManager&amp#27;[m : Successfully created attachment "Validation Test Data - Expected JSON Value"
2023-02-07 11:04:14.700 &amp#27;[32m INFO&amp#27;[m &amp#27;[35m[@503 - main]&amp#27;[m &amp#27;[36mcom.shaft.tools.io.ReportManager&amp#27;[m : Successfully created attachment "Validation Test Data - Actual JSON Value"
2023-02-07 11:04:14.701 &amp#27;[32m INFO&amp#27;[m &amp#27;[35m[@503 - main]&amp#27;[m &amp#27;[36mcom.shaft.tools.io.ReportManager&amp#27;[m : Successfully created attachment "SHAFT Engine Logs - Current Method log: Valid_Get_Cancel_Policy_TC"
]]></system-out>
  </testcase>
  <testcase name="Valid_Get_Cancel_Policy_TC[[Ljava.lang.Object;@8c19e55](2)" classname="SteeringCompanyAPI_TestCases.Test_Policies_Cases" time="1.305">
    <system-out><![CDATA[2023-02-07 11:04:14.703 &amp#27;[32m INFO&amp#27;[m &amp#27;[35m[@534 - main]&amp#27;[m &amp#27;[36mcom.shaft.tools.io.ReportManager&amp#27;[m : 
################################################################################################################################################
Starting Execution:	"393 out of 107" test cases in the current suite
Test Method:		"SteeringCompanyAPI_TestCases.Test_Policies_Cases.Valid_Get_Cancel_Policy_TC"
Test Description:	"TC015 -Policy- Perform Get Valid Cancel Policy"
################################################################################################################################################
2023-02-07 11:04:14.703 &amp#27;[32m INFO&amp#27;[m &amp#27;[35m[@503 - main]&amp#27;[m &amp#27;[36mcom.shaft.tools.io.ReportManager&amp#27;[m : File Action "DoesFileExist" successfully performed. With the following test data "File Path: "SteeringCompanyAPI_TestData/SteeringCompanyAPI_TestData.xlsx"".
2023-02-07 11:04:14.718 &amp#27;[32m INFO&amp#27;[m &amp#27;[35m[@503 - main]&amp#27;[m &amp#27;[36mcom.shaft.tools.io.ReportManager&amp#27;[m : Successfully created attachment "Test Data - Excel"
2023-02-07 11:04:15.354 &amp#27;[32m INFO&amp#27;[m &amp#27;[35m[@503 - main]&amp#27;[m &amp#27;[36mcom.shaft.tools.io.ReportManager&amp#27;[m : Response status code: "200", status line: "HTTP/1.1 200 OK"
2023-02-07 11:04:15.365 &amp#27;[32m INFO&amp#27;[m &amp#27;[35m[@503 - main]&amp#27;[m &amp#27;[36mcom.shaft.tools.io.ReportManager&amp#27;[m : Successfully created attachment "API Request - Specifications"
2023-02-07 11:04:15.365 &amp#27;[32m INFO&amp#27;[m &amp#27;[35m[@503 - main]&amp#27;[m &amp#27;[36mcom.shaft.tools.io.ReportManager&amp#27;[m : Successfully created attachment "API Request - Body"
2023-02-07 11:04:15.368 &amp#27;[32m INFO&amp#27;[m &amp#27;[35m[@503 - main]&amp#27;[m &amp#27;[36mcom.shaft.tools.io.ReportManager&amp#27;[m : Successfully created attachment "API Response - JSON Body"
2023-02-07 11:04:15.373 &amp#27;[32m INFO&amp#27;[m &amp#27;[35m[@503 - main]&amp#27;[m &amp#27;[36mcom.shaft.tools.io.ReportManager&amp#27;[m : File Action "DoesFileExist" successfully performed. With the following test data "File Path: "SteeringCompanyAPI_TestData/SteeringCompanyAPI_TestData.xlsx"".
2023-02-07 11:04:15.388 &amp#27;[32m INFO&amp#27;[m &amp#27;[35m[@503 - main]&amp#27;[m &amp#27;[36mcom.shaft.tools.io.ReportManager&amp#27;[m : Successfully created attachment "Test Data - Excel"
2023-02-07 11:04:15.388 &amp#27;[32m INFO&amp#27;[m &amp#27;[35m[@503 - main]&amp#27;[m &amp#27;[36mcom.shaft.tools.io.ReportManager&amp#27;[m : File Action "DoesFileExist" successfully performed. With the following test data "File Path: "SteeringCompanyAPI_TestData/SteeringCompanyAPI_TestData.xlsx"".
2023-02-07 11:04:15.403 &amp#27;[32m INFO&amp#27;[m &amp#27;[35m[@503 - main]&amp#27;[m &amp#27;[36mcom.shaft.tools.io.ReportManager&amp#27;[m : Successfully created attachment "Test Data - Excel"
2023-02-07 11:04:15.403 &amp#27;[32m INFO&amp#27;[m &amp#27;[35m[@503 - main]&amp#27;[m &amp#27;[36mcom.shaft.tools.io.ReportManager&amp#27;[m : File Action "DoesFileExist" successfully performed. With the following test data "File Path: "SteeringCompanyAPI_TestData/SteeringCompanyAPI_TestData.xlsx"".
2023-02-07 11:04:15.420 &amp#27;[32m INFO&amp#27;[m &amp#27;[35m[@503 - main]&amp#27;[m &amp#27;[36mcom.shaft.tools.io.ReportManager&amp#27;[m : Successfully created attachment "Test Data - Excel"
2023-02-07 11:04:15.916 &amp#27;[32m INFO&amp#27;[m &amp#27;[35m[@503 - main]&amp#27;[m &amp#27;[36mcom.shaft.tools.io.ReportManager&amp#27;[m : Response status code: "200", status line: "HTTP/1.1 200 "
2023-02-07 11:04:15.923 &amp#27;[32m INFO&amp#27;[m &amp#27;[35m[@503 - main]&amp#27;[m &amp#27;[36mcom.shaft.tools.io.ReportManager&amp#27;[m : Successfully created attachment "API Request - Specifications"
2023-02-07 11:04:15.924 &amp#27;[32m INFO&amp#27;[m &amp#27;[35m[@503 - main]&amp#27;[m &amp#27;[36mcom.shaft.tools.io.ReportManager&amp#27;[m : Successfully created attachment "API Response - JSON Body"
2023-02-07 11:04:15.924 &amp#27;[32m INFO&amp#27;[m &amp#27;[35m[@503 - main]&amp#27;[m &amp#27;[36mcom.shaft.tools.io.ReportManager&amp#27;[m : File Action "DoesFileExist" successfully performed. With the following test data "File Path: "src/test/resources/testDataFiles/SteeringCompanyAPI_TestData/SteeringCompanyAPI_TestData.xlsx"".
2023-02-07 11:04:15.968 &amp#27;[32m INFO&amp#27;[m &amp#27;[35m[@503 - main]&amp#27;[m &amp#27;[36mcom.shaft.tools.io.ReportManager&amp#27;[m : File Action "DoesFileExist" successfully performed. With the following test data "File Path: "SteeringCompanyAPI_TestData/SteeringCompanyAPI_TestData.xlsx"".
2023-02-07 11:04:15.986 &amp#27;[32m INFO&amp#27;[m &amp#27;[35m[@503 - main]&amp#27;[m &amp#27;[36mcom.shaft.tools.io.ReportManager&amp#27;[m : Successfully created attachment "Test Data - Excel"
2023-02-07 11:04:15.986 &amp#27;[32m INFO&amp#27;[m &amp#27;[35m[@503 - main]&amp#27;[m &amp#27;[36mcom.shaft.tools.io.ReportManager&amp#27;[m : File Action "DoesFileExist" successfully performed. With the following test data "File Path: "SteeringCompanyAPI_TestData/SteeringCompanyAPI_TestData.xlsx"".
2023-02-07 11:04:16.000 &amp#27;[32m INFO&amp#27;[m &amp#27;[35m[@503 - main]&amp#27;[m &amp#27;[36mcom.shaft.tools.io.ReportManager&amp#27;[m : Successfully created attachment "Test Data - Excel"
2023-02-07 11:04:16.001 &amp#27;[32m INFO&amp#27;[m &amp#27;[35m[@503 - main]&amp#27;[m &amp#27;[36mcom.shaft.tools.io.ReportManager&amp#27;[m : File Action "DoesFileExist" successfully performed. With the following test data "File Path: "Schemas/Cancel_Policy_schema.json"".
2023-02-07 11:04:16.001 &amp#27;[32m INFO&amp#27;[m &amp#27;[35m[@503 - main]&amp#27;[m &amp#27;[36mcom.shaft.tools.io.ReportManager&amp#27;[m : File Action "DoesFileExist" successfully performed. With the following test data "File Path: "src/test/resources/testDataFiles/Schemas/Cancel_Policy_schema.json"".
2023-02-07 11:04:16.001 &amp#27;[32m INFO&amp#27;[m &amp#27;[35m[@503 - main]&amp#27;[m &amp#27;[36mcom.shaft.tools.io.ReportManager&amp#27;[m : File Action "GetAbsolutePath" successfully performed. With the following test data "Relative Folder Path: "src/test/resources/testDataFiles/Schemas/Cancel_Policy_schema.json"".
2023-02-07 11:04:16.003 &amp#27;[32m INFO&amp#27;[m &amp#27;[35m[@503 - main]&amp#27;[m &amp#27;[36mcom.shaft.tools.io.ReportManager&amp#27;[m : File Action "DoesFileExist" successfully performed. With the following test data "File Path: "C:\eclipse-workspace\MyProjects\TASystemsAPIs\src\test\resources\testDataFiles\Schemas\Cancel_Policy_schema.json"".
2023-02-07 11:04:16.003 &amp#27;[32m INFO&amp#27;[m &amp#27;[35m[@503 - main]&amp#27;[m &amp#27;[36mcom.shaft.tools.io.ReportManager&amp#27;[m : File Action "GetAbsolutePath" successfully performed. With the following test data "Relative Folder Path: "C:\eclipse-workspace\MyProjects\TASystemsAPIs\src\test\resources\testDataFiles\Schemas\Cancel_Policy_schema.json"".
2023-02-07 11:04:16.003 &amp#27;[32m INFO&amp#27;[m &amp#27;[35m[@503 - main]&amp#27;[m &amp#27;[36mcom.shaft.tools.io.ReportManager&amp#27;[m : File Action "ReadFile" successfully performed. With the following test data "File Path: "C:\eclipse-workspace\MyProjects\TASystemsAPIs\src\test\resources\testDataFiles\Schemas\Cancel_Policy_schema.json"".
2023-02-07 11:04:16.005 &amp#27;[32m INFO&amp#27;[m &amp#27;[35m[@503 - main]&amp#27;[m &amp#27;[36mcom.shaft.tools.io.ReportManager&amp#27;[m : Successfully created attachment "Validation Test Data - Expected JSON Value"
2023-02-07 11:04:16.005 &amp#27;[32m INFO&amp#27;[m &amp#27;[35m[@503 - main]&amp#27;[m &amp#27;[36mcom.shaft.tools.io.ReportManager&amp#27;[m : Successfully created attachment "Validation Test Data - Actual JSON Value"
2023-02-07 11:04:16.006 &amp#27;[32m INFO&amp#27;[m &amp#27;[35m[@503 - main]&amp#27;[m &amp#27;[36mcom.shaft.tools.io.ReportManager&amp#27;[m : Successfully created attachment "SHAFT Engine Logs - Current Method log: Valid_Get_Cancel_Policy_TC"
]]></system-out>
  </testcase>
  <testcase name="Valid_Get_General_Policy_TC[[Ljava.lang.Object;@558fbded](1)" classname="SteeringCompanyAPI_TestCases.Test_Policies_Cases" time="1.309">
    <system-out><![CDATA[2023-02-07 11:04:16.010 &amp#27;[32m INFO&amp#27;[m &amp#27;[35m[@534 - main]&amp#27;[m &amp#27;[36mcom.shaft.tools.io.ReportManager&amp#27;[m : 
################################################################################################################################################
Starting Execution:	"394 out of 107" test cases in the current suite
Test Method:		"SteeringCompanyAPI_TestCases.Test_Policies_Cases.Valid_Get_General_Policy_TC"
Test Description:	"TC019 -Policy- Perform Get Valid General Policy"
################################################################################################################################################
2023-02-07 11:04:16.010 &amp#27;[32m INFO&amp#27;[m &amp#27;[35m[@503 - main]&amp#27;[m &amp#27;[36mcom.shaft.tools.io.ReportManager&amp#27;[m : File Action "DoesFileExist" successfully performed. With the following test data "File Path: "SteeringCompanyAPI_TestData/SteeringCompanyAPI_TestData.xlsx"".
2023-02-07 11:04:16.026 &amp#27;[32m INFO&amp#27;[m &amp#27;[35m[@503 - main]&amp#27;[m &amp#27;[36mcom.shaft.tools.io.ReportManager&amp#27;[m : Successfully created attachment "Test Data - Excel"
2023-02-07 11:04:16.650 &amp#27;[32m INFO&amp#27;[m &amp#27;[35m[@503 - main]&amp#27;[m &amp#27;[36mcom.shaft.tools.io.ReportManager&amp#27;[m : Response status code: "200", status line: "HTTP/1.1 200 OK"
2023-02-07 11:04:16.661 &amp#27;[32m INFO&amp#27;[m &amp#27;[35m[@503 - main]&amp#27;[m &amp#27;[36mcom.shaft.tools.io.ReportManager&amp#27;[m : Successfully created attachment "API Request - Specifications"
2023-02-07 11:04:16.661 &amp#27;[32m INFO&amp#27;[m &amp#27;[35m[@503 - main]&amp#27;[m &amp#27;[36mcom.shaft.tools.io.ReportManager&amp#27;[m : Successfully created attachment "API Request - Body"
2023-02-07 11:04:16.662 &amp#27;[32m INFO&amp#27;[m &amp#27;[35m[@503 - main]&amp#27;[m &amp#27;[36mcom.shaft.tools.io.ReportManager&amp#27;[m : Successfully created attachment "API Response - JSON Body"
2023-02-07 11:04:16.667 &amp#27;[32m INFO&amp#27;[m &amp#27;[35m[@503 - main]&amp#27;[m &amp#27;[36mcom.shaft.tools.io.ReportManager&amp#27;[m : File Action "DoesFileExist" successfully performed. With the following test data "File Path: "SteeringCompanyAPI_TestData/SteeringCompanyAPI_TestData.xlsx"".
2023-02-07 11:04:16.681 &amp#27;[32m INFO&amp#27;[m &amp#27;[35m[@503 - main]&amp#27;[m &amp#27;[36mcom.shaft.tools.io.ReportManager&amp#27;[m : Successfully created attachment "Test Data - Excel"
2023-02-07 11:04:16.682 &amp#27;[32m INFO&amp#27;[m &amp#27;[35m[@503 - main]&amp#27;[m &amp#27;[36mcom.shaft.tools.io.ReportManager&amp#27;[m : File Action "DoesFileExist" successfully performed. With the following test data "File Path: "SteeringCompanyAPI_TestData/SteeringCompanyAPI_TestData.xlsx"".
2023-02-07 11:04:16.695 &amp#27;[32m INFO&amp#27;[m &amp#27;[35m[@503 - main]&amp#27;[m &amp#27;[36mcom.shaft.tools.io.ReportManager&amp#27;[m : Successfully created attachment "Test Data - Excel"
2023-02-07 11:04:16.695 &amp#27;[32m INFO&amp#27;[m &amp#27;[35m[@503 - main]&amp#27;[m &amp#27;[36mcom.shaft.tools.io.ReportManager&amp#27;[m : File Action "DoesFileExist" successfully performed. With the following test data "File Path: "SteeringCompanyAPI_TestData/SteeringCompanyAPI_TestData.xlsx"".
2023-02-07 11:04:16.709 &amp#27;[32m INFO&amp#27;[m &amp#27;[35m[@503 - main]&amp#27;[m &amp#27;[36mcom.shaft.tools.io.ReportManager&amp#27;[m : Successfully created attachment "Test Data - Excel"
2023-02-07 11:04:17.238 &amp#27;[32m INFO&amp#27;[m &amp#27;[35m[@503 - main]&amp#27;[m &amp#27;[36mcom.shaft.tools.io.ReportManager&amp#27;[m : Response status code: "200", status line: "HTTP/1.1 200 "
2023-02-07 11:04:17.250 &amp#27;[32m INFO&amp#27;[m &amp#27;[35m[@503 - main]&amp#27;[m &amp#27;[36mcom.shaft.tools.io.ReportManager&amp#27;[m : Successfully created attachment "API Request - Specifications"
2023-02-07 11:04:17.252 &amp#27;[32m INFO&amp#27;[m &amp#27;[35m[@503 - main]&amp#27;[m &amp#27;[36mcom.shaft.tools.io.ReportManager&amp#27;[m : Successfully created attachment "API Response - JSON Body"
2023-02-07 11:04:17.253 &amp#27;[32m INFO&amp#27;[m &amp#27;[35m[@503 - main]&amp#27;[m &amp#27;[36mcom.shaft.tools.io.ReportManager&amp#27;[m : File Action "DoesFileExist" successfully performed. With the following test data "File Path: "src/test/resources/testDataFiles/SteeringCompanyAPI_TestData/SteeringCompanyAPI_TestData.xlsx"".
2023-02-07 11:04:17.286 &amp#27;[32m INFO&amp#27;[m &amp#27;[35m[@503 - main]&amp#27;[m &amp#27;[36mcom.shaft.tools.io.ReportManager&amp#27;[m : File Action "DoesFileExist" successfully performed. With the following test data "File Path: "SteeringCompanyAPI_TestData/SteeringCompanyAPI_TestData.xlsx"".
2023-02-07 11:04:17.300 &amp#27;[32m INFO&amp#27;[m &amp#27;[35m[@503 - main]&amp#27;[m &amp#27;[36mcom.shaft.tools.io.ReportManager&amp#27;[m : Successfully created attachment "Test Data - Excel"
2023-02-07 11:04:17.301 &amp#27;[32m INFO&amp#27;[m &amp#27;[35m[@503 - main]&amp#27;[m &amp#27;[36mcom.shaft.tools.io.ReportManager&amp#27;[m : File Action "DoesFileExist" successfully performed. With the following test data "File Path: "SteeringCompanyAPI_TestData/SteeringCompanyAPI_TestData.xlsx"".
2023-02-07 11:04:17.314 &amp#27;[32m INFO&amp#27;[m &amp#27;[35m[@503 - main]&amp#27;[m &amp#27;[36mcom.shaft.tools.io.ReportManager&amp#27;[m : Successfully created attachment "Test Data - Excel"
2023-02-07 11:04:17.315 &amp#27;[32m INFO&amp#27;[m &amp#27;[35m[@503 - main]&amp#27;[m &amp#27;[36mcom.shaft.tools.io.ReportManager&amp#27;[m : File Action "DoesFileExist" successfully performed. With the following test data "File Path: "Schemas/General_Policy_schema.json"".
2023-02-07 11:04:17.315 &amp#27;[32m INFO&amp#27;[m &amp#27;[35m[@503 - main]&amp#27;[m &amp#27;[36mcom.shaft.tools.io.ReportManager&amp#27;[m : File Action "DoesFileExist" successfully performed. With the following test data "File Path: "src/test/resources/testDataFiles/Schemas/General_Policy_schema.json"".
2023-02-07 11:04:17.316 &amp#27;[32m INFO&amp#27;[m &amp#27;[35m[@503 - main]&amp#27;[m &amp#27;[36mcom.shaft.tools.io.ReportManager&amp#27;[m : File Action "GetAbsolutePath" successfully performed. With the following test data "Relative Folder Path: "src/test/resources/testDataFiles/Schemas/General_Policy_schema.json"".
2023-02-07 11:04:17.316 &amp#27;[32m INFO&amp#27;[m &amp#27;[35m[@503 - main]&amp#27;[m &amp#27;[36mcom.shaft.tools.io.ReportManager&amp#27;[m : File Action "DoesFileExist" successfully performed. With the following test data "File Path: "C:\eclipse-workspace\MyProjects\TASystemsAPIs\src\test\resources\testDataFiles\Schemas\General_Policy_schema.json"".
2023-02-07 11:04:17.316 &amp#27;[32m INFO&amp#27;[m &amp#27;[35m[@503 - main]&amp#27;[m &amp#27;[36mcom.shaft.tools.io.ReportManager&amp#27;[m : File Action "GetAbsolutePath" successfully performed. With the following test data "Relative Folder Path: "C:\eclipse-workspace\MyProjects\TASystemsAPIs\src\test\resources\testDataFiles\Schemas\General_Policy_schema.json"".
2023-02-07 11:04:17.317 &amp#27;[32m INFO&amp#27;[m &amp#27;[35m[@503 - main]&amp#27;[m &amp#27;[36mcom.shaft.tools.io.ReportManager&amp#27;[m : File Action "ReadFile" successfully performed. With the following test data "File Path: "C:\eclipse-workspace\MyProjects\TASystemsAPIs\src\test\resources\testDataFiles\Schemas\General_Policy_schema.json"".
2023-02-07 11:04:17.317 &amp#27;[32m INFO&amp#27;[m &amp#27;[35m[@503 - main]&amp#27;[m &amp#27;[36mcom.shaft.tools.io.ReportManager&amp#27;[m : Successfully created attachment "Validation Test Data - Expected JSON Value"
2023-02-07 11:04:17.318 &amp#27;[32m INFO&amp#27;[m &amp#27;[35m[@503 - main]&amp#27;[m &amp#27;[36mcom.shaft.tools.io.ReportManager&amp#27;[m : Successfully created attachment "Validation Test Data - Actual JSON Value"
2023-02-07 11:04:17.318 &amp#27;[32m INFO&amp#27;[m &amp#27;[35m[@503 - main]&amp#27;[m &amp#27;[36mcom.shaft.tools.io.ReportManager&amp#27;[m : Successfully created attachment "SHAFT Engine Logs - Current Method log: Valid_Get_General_Policy_TC"
]]></system-out>
  </testcase>
  <testcase name="Valid_Get_General_Policy_TC[[Ljava.lang.Object;@4ad5545f](2)" classname="SteeringCompanyAPI_TestCases.Test_Policies_Cases" time="1.895">
    <system-out><![CDATA[2023-02-07 11:04:17.320 &amp#27;[32m INFO&amp#27;[m &amp#27;[35m[@534 - main]&amp#27;[m &amp#27;[36mcom.shaft.tools.io.ReportManager&amp#27;[m : 
################################################################################################################################################
Starting Execution:	"395 out of 107" test cases in the current suite
Test Method:		"SteeringCompanyAPI_TestCases.Test_Policies_Cases.Valid_Get_General_Policy_TC"
Test Description:	"TC019 -Policy- Perform Get Valid General Policy"
################################################################################################################################################
2023-02-07 11:04:17.320 &amp#27;[32m INFO&amp#27;[m &amp#27;[35m[@503 - main]&amp#27;[m &amp#27;[36mcom.shaft.tools.io.ReportManager&amp#27;[m : File Action "DoesFileExist" successfully performed. With the following test data "File Path: "SteeringCompanyAPI_TestData/SteeringCompanyAPI_TestData.xlsx"".
2023-02-07 11:04:17.339 &amp#27;[32m INFO&amp#27;[m &amp#27;[35m[@503 - main]&amp#27;[m &amp#27;[36mcom.shaft.tools.io.ReportManager&amp#27;[m : Successfully created attachment "Test Data - Excel"
2023-02-07 11:04:18.345 &amp#27;[32m INFO&amp#27;[m &amp#27;[35m[@503 - main]&amp#27;[m &amp#27;[36mcom.shaft.tools.io.ReportManager&amp#27;[m : Response status code: "200", status line: "HTTP/1.1 200 OK"
2023-02-07 11:04:18.355 &amp#27;[32m INFO&amp#27;[m &amp#27;[35m[@503 - main]&amp#27;[m &amp#27;[36mcom.shaft.tools.io.ReportManager&amp#27;[m : Successfully created attachment "API Request - Specifications"
2023-02-07 11:04:18.356 &amp#27;[32m INFO&amp#27;[m &amp#27;[35m[@503 - main]&amp#27;[m &amp#27;[36mcom.shaft.tools.io.ReportManager&amp#27;[m : Successfully created attachment "API Request - Body"
2023-02-07 11:04:18.356 &amp#27;[32m INFO&amp#27;[m &amp#27;[35m[@503 - main]&amp#27;[m &amp#27;[36mcom.shaft.tools.io.ReportManager&amp#27;[m : Successfully created attachment "API Response - JSON Body"
2023-02-07 11:04:18.362 &amp#27;[32m INFO&amp#27;[m &amp#27;[35m[@503 - main]&amp#27;[m &amp#27;[36mcom.shaft.tools.io.ReportManager&amp#27;[m : File Action "DoesFileExist" successfully performed. With the following test data "File Path: "SteeringCompanyAPI_TestData/SteeringCompanyAPI_TestData.xlsx"".
2023-02-07 11:04:18.377 &amp#27;[32m INFO&amp#27;[m &amp#27;[35m[@503 - main]&amp#27;[m &amp#27;[36mcom.shaft.tools.io.ReportManager&amp#27;[m : Successfully created attachment "Test Data - Excel"
2023-02-07 11:04:18.377 &amp#27;[32m INFO&amp#27;[m &amp#27;[35m[@503 - main]&amp#27;[m &amp#27;[36mcom.shaft.tools.io.ReportManager&amp#27;[m : File Action "DoesFileExist" successfully performed. With the following test data "File Path: "SteeringCompanyAPI_TestData/SteeringCompanyAPI_TestData.xlsx"".
2023-02-07 11:04:18.391 &amp#27;[32m INFO&amp#27;[m &amp#27;[35m[@503 - main]&amp#27;[m &amp#27;[36mcom.shaft.tools.io.ReportManager&amp#27;[m : Successfully created attachment "Test Data - Excel"
2023-02-07 11:04:18.392 &amp#27;[32m INFO&amp#27;[m &amp#27;[35m[@503 - main]&amp#27;[m &amp#27;[36mcom.shaft.tools.io.ReportManager&amp#27;[m : File Action "DoesFileExist" successfully performed. With the following test data "File Path: "SteeringCompanyAPI_TestData/SteeringCompanyAPI_TestData.xlsx"".
2023-02-07 11:04:18.406 &amp#27;[32m INFO&amp#27;[m &amp#27;[35m[@503 - main]&amp#27;[m &amp#27;[36mcom.shaft.tools.io.ReportManager&amp#27;[m : Successfully created attachment "Test Data - Excel"
2023-02-07 11:04:19.127 &amp#27;[32m INFO&amp#27;[m &amp#27;[35m[@503 - main]&amp#27;[m &amp#27;[36mcom.shaft.tools.io.ReportManager&amp#27;[m : Response status code: "200", status line: "HTTP/1.1 200 "
2023-02-07 11:04:19.140 &amp#27;[32m INFO&amp#27;[m &amp#27;[35m[@503 - main]&amp#27;[m &amp#27;[36mcom.shaft.tools.io.ReportManager&amp#27;[m : Successfully created attachment "API Request - Specifications"
2023-02-07 11:04:19.140 &amp#27;[32m INFO&amp#27;[m &amp#27;[35m[@503 - main]&amp#27;[m &amp#27;[36mcom.shaft.tools.io.ReportManager&amp#27;[m : Successfully created attachment "API Response - JSON Body"
2023-02-07 11:04:19.141 &amp#27;[32m INFO&amp#27;[m &amp#27;[35m[@503 - main]&amp#27;[m &amp#27;[36mcom.shaft.tools.io.ReportManager&amp#27;[m : File Action "DoesFileExist" successfully performed. With the following test data "File Path: "src/test/resources/testDataFiles/SteeringCompanyAPI_TestData/SteeringCompanyAPI_TestData.xlsx"".
2023-02-07 11:04:19.175 &amp#27;[32m INFO&amp#27;[m &amp#27;[35m[@503 - main]&amp#27;[m &amp#27;[36mcom.shaft.tools.io.ReportManager&amp#27;[m : File Action "DoesFileExist" successfully performed. With the following test data "File Path: "SteeringCompanyAPI_TestData/SteeringCompanyAPI_TestData.xlsx"".
2023-02-07 11:04:19.191 &amp#27;[32m INFO&amp#27;[m &amp#27;[35m[@503 - main]&amp#27;[m &amp#27;[36mcom.shaft.tools.io.ReportManager&amp#27;[m : Successfully created attachment "Test Data - Excel"
2023-02-07 11:04:19.191 &amp#27;[32m INFO&amp#27;[m &amp#27;[35m[@503 - main]&amp#27;[m &amp#27;[36mcom.shaft.tools.io.ReportManager&amp#27;[m : File Action "DoesFileExist" successfully performed. With the following test data "File Path: "SteeringCompanyAPI_TestData/SteeringCompanyAPI_TestData.xlsx"".
2023-02-07 11:04:19.208 &amp#27;[32m INFO&amp#27;[m &amp#27;[35m[@503 - main]&amp#27;[m &amp#27;[36mcom.shaft.tools.io.ReportManager&amp#27;[m : Successfully created attachment "Test Data - Excel"
2023-02-07 11:04:19.209 &amp#27;[32m INFO&amp#27;[m &amp#27;[35m[@503 - main]&amp#27;[m &amp#27;[36mcom.shaft.tools.io.ReportManager&amp#27;[m : File Action "DoesFileExist" successfully performed. With the following test data "File Path: "Schemas/General_Policy_schema.json"".
2023-02-07 11:04:19.209 &amp#27;[32m INFO&amp#27;[m &amp#27;[35m[@503 - main]&amp#27;[m &amp#27;[36mcom.shaft.tools.io.ReportManager&amp#27;[m : File Action "DoesFileExist" successfully performed. With the following test data "File Path: "src/test/resources/testDataFiles/Schemas/General_Policy_schema.json"".
2023-02-07 11:04:19.209 &amp#27;[32m INFO&amp#27;[m &amp#27;[35m[@503 - main]&amp#27;[m &amp#27;[36mcom.shaft.tools.io.ReportManager&amp#27;[m : File Action "GetAbsolutePath" successfully performed. With the following test data "Relative Folder Path: "src/test/resources/testDataFiles/Schemas/General_Policy_schema.json"".
2023-02-07 11:04:19.210 &amp#27;[32m INFO&amp#27;[m &amp#27;[35m[@503 - main]&amp#27;[m &amp#27;[36mcom.shaft.tools.io.ReportManager&amp#27;[m : File Action "DoesFileExist" successfully performed. With the following test data "File Path: "C:\eclipse-workspace\MyProjects\TASystemsAPIs\src\test\resources\testDataFiles\Schemas\General_Policy_schema.json"".
2023-02-07 11:04:19.210 &amp#27;[32m INFO&amp#27;[m &amp#27;[35m[@503 - main]&amp#27;[m &amp#27;[36mcom.shaft.tools.io.ReportManager&amp#27;[m : File Action "GetAbsolutePath" successfully performed. With the following test data "Relative Folder Path: "C:\eclipse-workspace\MyProjects\TASystemsAPIs\src\test\resources\testDataFiles\Schemas\General_Policy_schema.json"".
2023-02-07 11:04:19.210 &amp#27;[32m INFO&amp#27;[m &amp#27;[35m[@503 - main]&amp#27;[m &amp#27;[36mcom.shaft.tools.io.ReportManager&amp#27;[m : File Action "ReadFile" successfully performed. With the following test data "File Path: "C:\eclipse-workspace\MyProjects\TASystemsAPIs\src\test\resources\testDataFiles\Schemas\General_Policy_schema.json"".
2023-02-07 11:04:19.211 &amp#27;[32m INFO&amp#27;[m &amp#27;[35m[@503 - main]&amp#27;[m &amp#27;[36mcom.shaft.tools.io.ReportManager&amp#27;[m : Successfully created attachment "Validation Test Data - Expected JSON Value"
2023-02-07 11:04:19.212 &amp#27;[32m INFO&amp#27;[m &amp#27;[35m[@503 - main]&amp#27;[m &amp#27;[36mcom.shaft.tools.io.ReportManager&amp#27;[m : Successfully created attachment "Validation Test Data - Actual JSON Value"
2023-02-07 11:04:19.212 &amp#27;[32m INFO&amp#27;[m &amp#27;[35m[@503 - main]&amp#27;[m &amp#27;[36mcom.shaft.tools.io.ReportManager&amp#27;[m : Successfully created attachment "SHAFT Engine Logs - Current Method log: Valid_Get_General_Policy_TC"
]]></system-out>
  </testcase>
  <testcase name="Valid_Get_Payment_Policy_TC[[Ljava.lang.Object;@70894de9](1)" classname="SteeringCompanyAPI_TestCases.Test_Policies_Cases" time="1.647">
    <system-out><![CDATA[2023-02-07 11:04:19.218 &amp#27;[32m INFO&amp#27;[m &amp#27;[35m[@534 - main]&amp#27;[m &amp#27;[36mcom.shaft.tools.io.ReportManager&amp#27;[m : 
################################################################################################################################################
Starting Execution:	"396 out of 107" test cases in the current suite
Test Method:		"SteeringCompanyAPI_TestCases.Test_Policies_Cases.Valid_Get_Payment_Policy_TC"
Test Description:	"TC018 -Policy- Perform Get Valid Payment Policy"
################################################################################################################################################
2023-02-07 11:04:19.218 &amp#27;[32m INFO&amp#27;[m &amp#27;[35m[@503 - main]&amp#27;[m &amp#27;[36mcom.shaft.tools.io.ReportManager&amp#27;[m : File Action "DoesFileExist" successfully performed. With the following test data "File Path: "SteeringCompanyAPI_TestData/SteeringCompanyAPI_TestData.xlsx"".
2023-02-07 11:04:19.234 &amp#27;[32m INFO&amp#27;[m &amp#27;[35m[@503 - main]&amp#27;[m &amp#27;[36mcom.shaft.tools.io.ReportManager&amp#27;[m : Successfully created attachment "Test Data - Excel"
2023-02-07 11:04:20.220 &amp#27;[32m INFO&amp#27;[m &amp#27;[35m[@503 - main]&amp#27;[m &amp#27;[36mcom.shaft.tools.io.ReportManager&amp#27;[m : Response status code: "200", status line: "HTTP/1.1 200 OK"
2023-02-07 11:04:20.230 &amp#27;[32m INFO&amp#27;[m &amp#27;[35m[@503 - main]&amp#27;[m &amp#27;[36mcom.shaft.tools.io.ReportManager&amp#27;[m : Successfully created attachment "API Request - Specifications"
2023-02-07 11:04:20.231 &amp#27;[32m INFO&amp#27;[m &amp#27;[35m[@503 - main]&amp#27;[m &amp#27;[36mcom.shaft.tools.io.ReportManager&amp#27;[m : Successfully created attachment "API Request - Body"
2023-02-07 11:04:20.231 &amp#27;[32m INFO&amp#27;[m &amp#27;[35m[@503 - main]&amp#27;[m &amp#27;[36mcom.shaft.tools.io.ReportManager&amp#27;[m : Successfully created attachment "API Response - JSON Body"
2023-02-07 11:04:20.236 &amp#27;[32m INFO&amp#27;[m &amp#27;[35m[@503 - main]&amp#27;[m &amp#27;[36mcom.shaft.tools.io.ReportManager&amp#27;[m : File Action "DoesFileExist" successfully performed. With the following test data "File Path: "SteeringCompanyAPI_TestData/SteeringCompanyAPI_TestData.xlsx"".
2023-02-07 11:04:20.253 &amp#27;[32m INFO&amp#27;[m &amp#27;[35m[@503 - main]&amp#27;[m &amp#27;[36mcom.shaft.tools.io.ReportManager&amp#27;[m : Successfully created attachment "Test Data - Excel"
2023-02-07 11:04:20.253 &amp#27;[32m INFO&amp#27;[m &amp#27;[35m[@503 - main]&amp#27;[m &amp#27;[36mcom.shaft.tools.io.ReportManager&amp#27;[m : File Action "DoesFileExist" successfully performed. With the following test data "File Path: "SteeringCompanyAPI_TestData/SteeringCompanyAPI_TestData.xlsx"".
2023-02-07 11:04:20.270 &amp#27;[32m INFO&amp#27;[m &amp#27;[35m[@503 - main]&amp#27;[m &amp#27;[36mcom.shaft.tools.io.ReportManager&amp#27;[m : Successfully created attachment "Test Data - Excel"
2023-02-07 11:04:20.270 &amp#27;[32m INFO&amp#27;[m &amp#27;[35m[@503 - main]&amp#27;[m &amp#27;[36mcom.shaft.tools.io.ReportManager&amp#27;[m : File Action "DoesFileExist" successfully performed. With the following test data "File Path: "SteeringCompanyAPI_TestData/SteeringCompanyAPI_TestData.xlsx"".
2023-02-07 11:04:20.287 &amp#27;[32m INFO&amp#27;[m &amp#27;[35m[@503 - main]&amp#27;[m &amp#27;[36mcom.shaft.tools.io.ReportManager&amp#27;[m : Successfully created attachment "Test Data - Excel"
2023-02-07 11:04:20.777 &amp#27;[32m INFO&amp#27;[m &amp#27;[35m[@503 - main]&amp#27;[m &amp#27;[36mcom.shaft.tools.io.ReportManager&amp#27;[m : Response status code: "200", status line: "HTTP/1.1 200 "
2023-02-07 11:04:20.787 &amp#27;[32m INFO&amp#27;[m &amp#27;[35m[@503 - main]&amp#27;[m &amp#27;[36mcom.shaft.tools.io.ReportManager&amp#27;[m : Successfully created attachment "API Request - Specifications"
2023-02-07 11:04:20.788 &amp#27;[32m INFO&amp#27;[m &amp#27;[35m[@503 - main]&amp#27;[m &amp#27;[36mcom.shaft.tools.io.ReportManager&amp#27;[m : Successfully created attachment "API Response - JSON Body"
2023-02-07 11:04:20.788 &amp#27;[32m INFO&amp#27;[m &amp#27;[35m[@503 - main]&amp#27;[m &amp#27;[36mcom.shaft.tools.io.ReportManager&amp#27;[m : File Action "DoesFileExist" successfully performed. With the following test data "File Path: "src/test/resources/testDataFiles/SteeringCompanyAPI_TestData/SteeringCompanyAPI_TestData.xlsx"".
2023-02-07 11:04:20.829 &amp#27;[32m INFO&amp#27;[m &amp#27;[35m[@503 - main]&amp#27;[m &amp#27;[36mcom.shaft.tools.io.ReportManager&amp#27;[m : File Action "DoesFileExist" successfully performed. With the following test data "File Path: "SteeringCompanyAPI_TestData/SteeringCompanyAPI_TestData.xlsx"".
2023-02-07 11:04:20.844 &amp#27;[32m INFO&amp#27;[m &amp#27;[35m[@503 - main]&amp#27;[m &amp#27;[36mcom.shaft.tools.io.ReportManager&amp#27;[m : Successfully created attachment "Test Data - Excel"
2023-02-07 11:04:20.844 &amp#27;[32m INFO&amp#27;[m &amp#27;[35m[@503 - main]&amp#27;[m &amp#27;[36mcom.shaft.tools.io.ReportManager&amp#27;[m : File Action "DoesFileExist" successfully performed. With the following test data "File Path: "SteeringCompanyAPI_TestData/SteeringCompanyAPI_TestData.xlsx"".
2023-02-07 11:04:20.857 &amp#27;[32m INFO&amp#27;[m &amp#27;[35m[@503 - main]&amp#27;[m &amp#27;[36mcom.shaft.tools.io.ReportManager&amp#27;[m : Successfully created attachment "Test Data - Excel"
2023-02-07 11:04:20.858 &amp#27;[32m INFO&amp#27;[m &amp#27;[35m[@503 - main]&amp#27;[m &amp#27;[36mcom.shaft.tools.io.ReportManager&amp#27;[m : File Action "DoesFileExist" successfully performed. With the following test data "File Path: "Schemas/Payment_Policy_schema.json"".
2023-02-07 11:04:20.858 &amp#27;[32m INFO&amp#27;[m &amp#27;[35m[@503 - main]&amp#27;[m &amp#27;[36mcom.shaft.tools.io.ReportManager&amp#27;[m : File Action "DoesFileExist" successfully performed. With the following test data "File Path: "src/test/resources/testDataFiles/Schemas/Payment_Policy_schema.json"".
2023-02-07 11:04:20.858 &amp#27;[32m INFO&amp#27;[m &amp#27;[35m[@503 - main]&amp#27;[m &amp#27;[36mcom.shaft.tools.io.ReportManager&amp#27;[m : File Action "GetAbsolutePath" successfully performed. With the following test data "Relative Folder Path: "src/test/resources/testDataFiles/Schemas/Payment_Policy_schema.json"".
2023-02-07 11:04:20.860 &amp#27;[32m INFO&amp#27;[m &amp#27;[35m[@503 - main]&amp#27;[m &amp#27;[36mcom.shaft.tools.io.ReportManager&amp#27;[m : File Action "DoesFileExist" successfully performed. With the following test data "File Path: "C:\eclipse-workspace\MyProjects\TASystemsAPIs\src\test\resources\testDataFiles\Schemas\Payment_Policy_schema.json"".
2023-02-07 11:04:20.860 &amp#27;[32m INFO&amp#27;[m &amp#27;[35m[@503 - main]&amp#27;[m &amp#27;[36mcom.shaft.tools.io.ReportManager&amp#27;[m : File Action "GetAbsolutePath" successfully performed. With the following test data "Relative Folder Path: "C:\eclipse-workspace\MyProjects\TASystemsAPIs\src\test\resources\testDataFiles\Schemas\Payment_Policy_schema.json"".
2023-02-07 11:04:20.860 &amp#27;[32m INFO&amp#27;[m &amp#27;[35m[@503 - main]&amp#27;[m &amp#27;[36mcom.shaft.tools.io.ReportManager&amp#27;[m : File Action "ReadFile" successfully performed. With the following test data "File Path: "C:\eclipse-workspace\MyProjects\TASystemsAPIs\src\test\resources\testDataFiles\Schemas\Payment_Policy_schema.json"".
2023-02-07 11:04:20.861 &amp#27;[32m INFO&amp#27;[m &amp#27;[35m[@503 - main]&amp#27;[m &amp#27;[36mcom.shaft.tools.io.ReportManager&amp#27;[m : Successfully created attachment "Validation Test Data - Expected JSON Value"
2023-02-07 11:04:20.862 &amp#27;[32m INFO&amp#27;[m &amp#27;[35m[@503 - main]&amp#27;[m &amp#27;[36mcom.shaft.tools.io.ReportManager&amp#27;[m : Successfully created attachment "Validation Test Data - Actual JSON Value"
2023-02-07 11:04:20.862 &amp#27;[32m INFO&amp#27;[m &amp#27;[35m[@503 - main]&amp#27;[m &amp#27;[36mcom.shaft.tools.io.ReportManager&amp#27;[m : Successfully created attachment "SHAFT Engine Logs - Current Method log: Valid_Get_Payment_Policy_TC"
]]></system-out>
  </testcase>
  <testcase name="Valid_Get_Payment_Policy_TC[[Ljava.lang.Object;@7b2d9945](2)" classname="SteeringCompanyAPI_TestCases.Test_Policies_Cases" time="1.882">
    <system-out><![CDATA[2023-02-07 11:04:20.864 &amp#27;[32m INFO&amp#27;[m &amp#27;[35m[@534 - main]&amp#27;[m &amp#27;[36mcom.shaft.tools.io.ReportManager&amp#27;[m : 
################################################################################################################################################
Starting Execution:	"397 out of 107" test cases in the current suite
Test Method:		"SteeringCompanyAPI_TestCases.Test_Policies_Cases.Valid_Get_Payment_Policy_TC"
Test Description:	"TC018 -Policy- Perform Get Valid Payment Policy"
################################################################################################################################################
2023-02-07 11:04:20.865 &amp#27;[32m INFO&amp#27;[m &amp#27;[35m[@503 - main]&amp#27;[m &amp#27;[36mcom.shaft.tools.io.ReportManager&amp#27;[m : File Action "DoesFileExist" successfully performed. With the following test data "File Path: "SteeringCompanyAPI_TestData/SteeringCompanyAPI_TestData.xlsx"".
2023-02-07 11:04:20.878 &amp#27;[32m INFO&amp#27;[m &amp#27;[35m[@503 - main]&amp#27;[m &amp#27;[36mcom.shaft.tools.io.ReportManager&amp#27;[m : Successfully created attachment "Test Data - Excel"
2023-02-07 11:04:21.509 &amp#27;[32m INFO&amp#27;[m &amp#27;[35m[@503 - main]&amp#27;[m &amp#27;[36mcom.shaft.tools.io.ReportManager&amp#27;[m : Response status code: "200", status line: "HTTP/1.1 200 OK"
2023-02-07 11:04:21.524 &amp#27;[32m INFO&amp#27;[m &amp#27;[35m[@503 - main]&amp#27;[m &amp#27;[36mcom.shaft.tools.io.ReportManager&amp#27;[m : Successfully created attachment "API Request - Specifications"
2023-02-07 11:04:21.524 &amp#27;[32m INFO&amp#27;[m &amp#27;[35m[@503 - main]&amp#27;[m &amp#27;[36mcom.shaft.tools.io.ReportManager&amp#27;[m : Successfully created attachment "API Request - Body"
2023-02-07 11:04:21.525 &amp#27;[32m INFO&amp#27;[m &amp#27;[35m[@503 - main]&amp#27;[m &amp#27;[36mcom.shaft.tools.io.ReportManager&amp#27;[m : Successfully created attachment "API Response - JSON Body"
2023-02-07 11:04:21.530 &amp#27;[32m INFO&amp#27;[m &amp#27;[35m[@503 - main]&amp#27;[m &amp#27;[36mcom.shaft.tools.io.ReportManager&amp#27;[m : File Action "DoesFileExist" successfully performed. With the following test data "File Path: "SteeringCompanyAPI_TestData/SteeringCompanyAPI_TestData.xlsx"".
2023-02-07 11:04:21.544 &amp#27;[32m INFO&amp#27;[m &amp#27;[35m[@503 - main]&amp#27;[m &amp#27;[36mcom.shaft.tools.io.ReportManager&amp#27;[m : Successfully created attachment "Test Data - Excel"
2023-02-07 11:04:21.544 &amp#27;[32m INFO&amp#27;[m &amp#27;[35m[@503 - main]&amp#27;[m &amp#27;[36mcom.shaft.tools.io.ReportManager&amp#27;[m : File Action "DoesFileExist" successfully performed. With the following test data "File Path: "SteeringCompanyAPI_TestData/SteeringCompanyAPI_TestData.xlsx"".
2023-02-07 11:04:21.558 &amp#27;[32m INFO&amp#27;[m &amp#27;[35m[@503 - main]&amp#27;[m &amp#27;[36mcom.shaft.tools.io.ReportManager&amp#27;[m : Successfully created attachment "Test Data - Excel"
2023-02-07 11:04:21.558 &amp#27;[32m INFO&amp#27;[m &amp#27;[35m[@503 - main]&amp#27;[m &amp#27;[36mcom.shaft.tools.io.ReportManager&amp#27;[m : File Action "DoesFileExist" successfully performed. With the following test data "File Path: "SteeringCompanyAPI_TestData/SteeringCompanyAPI_TestData.xlsx"".
2023-02-07 11:04:21.572 &amp#27;[32m INFO&amp#27;[m &amp#27;[35m[@503 - main]&amp#27;[m &amp#27;[36mcom.shaft.tools.io.ReportManager&amp#27;[m : Successfully created attachment "Test Data - Excel"
2023-02-07 11:04:22.671 &amp#27;[32m INFO&amp#27;[m &amp#27;[35m[@503 - main]&amp#27;[m &amp#27;[36mcom.shaft.tools.io.ReportManager&amp#27;[m : Response status code: "200", status line: "HTTP/1.1 200 "
2023-02-07 11:04:22.678 &amp#27;[32m INFO&amp#27;[m &amp#27;[35m[@503 - main]&amp#27;[m &amp#27;[36mcom.shaft.tools.io.ReportManager&amp#27;[m : Successfully created attachment "API Request - Specifications"
2023-02-07 11:04:22.681 &amp#27;[32m INFO&amp#27;[m &amp#27;[35m[@503 - main]&amp#27;[m &amp#27;[36mcom.shaft.tools.io.ReportManager&amp#27;[m : Successfully created attachment "API Response - JSON Body"
2023-02-07 11:04:22.681 &amp#27;[32m INFO&amp#27;[m &amp#27;[35m[@503 - main]&amp#27;[m &amp#27;[36mcom.shaft.tools.io.ReportManager&amp#27;[m : File Action "DoesFileExist" successfully performed. With the following test data "File Path: "src/test/resources/testDataFiles/SteeringCompanyAPI_TestData/SteeringCompanyAPI_TestData.xlsx"".
2023-02-07 11:04:22.712 &amp#27;[32m INFO&amp#27;[m &amp#27;[35m[@503 - main]&amp#27;[m &amp#27;[36mcom.shaft.tools.io.ReportManager&amp#27;[m : File Action "DoesFileExist" successfully performed. With the following test data "File Path: "SteeringCompanyAPI_TestData/SteeringCompanyAPI_TestData.xlsx"".
2023-02-07 11:04:22.726 &amp#27;[32m INFO&amp#27;[m &amp#27;[35m[@503 - main]&amp#27;[m &amp#27;[36mcom.shaft.tools.io.ReportManager&amp#27;[m : Successfully created attachment "Test Data - Excel"
2023-02-07 11:04:22.726 &amp#27;[32m INFO&amp#27;[m &amp#27;[35m[@503 - main]&amp#27;[m &amp#27;[36mcom.shaft.tools.io.ReportManager&amp#27;[m : File Action "DoesFileExist" successfully performed. With the following test data "File Path: "SteeringCompanyAPI_TestData/SteeringCompanyAPI_TestData.xlsx"".
2023-02-07 11:04:22.740 &amp#27;[32m INFO&amp#27;[m &amp#27;[35m[@503 - main]&amp#27;[m &amp#27;[36mcom.shaft.tools.io.ReportManager&amp#27;[m : Successfully created attachment "Test Data - Excel"
2023-02-07 11:04:22.740 &amp#27;[32m INFO&amp#27;[m &amp#27;[35m[@503 - main]&amp#27;[m &amp#27;[36mcom.shaft.tools.io.ReportManager&amp#27;[m : File Action "DoesFileExist" successfully performed. With the following test data "File Path: "Schemas/Payment_Policy_schema.json"".
2023-02-07 11:04:22.741 &amp#27;[32m INFO&amp#27;[m &amp#27;[35m[@503 - main]&amp#27;[m &amp#27;[36mcom.shaft.tools.io.ReportManager&amp#27;[m : File Action "DoesFileExist" successfully performed. With the following test data "File Path: "src/test/resources/testDataFiles/Schemas/Payment_Policy_schema.json"".
2023-02-07 11:04:22.741 &amp#27;[32m INFO&amp#27;[m &amp#27;[35m[@503 - main]&amp#27;[m &amp#27;[36mcom.shaft.tools.io.ReportManager&amp#27;[m : File Action "GetAbsolutePath" successfully performed. With the following test data "Relative Folder Path: "src/test/resources/testDataFiles/Schemas/Payment_Policy_schema.json"".
2023-02-07 11:04:22.742 &amp#27;[32m INFO&amp#27;[m &amp#27;[35m[@503 - main]&amp#27;[m &amp#27;[36mcom.shaft.tools.io.ReportManager&amp#27;[m : File Action "DoesFileExist" successfully performed. With the following test data "File Path: "C:\eclipse-workspace\MyProjects\TASystemsAPIs\src\test\resources\testDataFiles\Schemas\Payment_Policy_schema.json"".
2023-02-07 11:04:22.742 &amp#27;[32m INFO&amp#27;[m &amp#27;[35m[@503 - main]&amp#27;[m &amp#27;[36mcom.shaft.tools.io.ReportManager&amp#27;[m : File Action "GetAbsolutePath" successfully performed. With the following test data "Relative Folder Path: "C:\eclipse-workspace\MyProjects\TASystemsAPIs\src\test\resources\testDataFiles\Schemas\Payment_Policy_schema.json"".
2023-02-07 11:04:22.742 &amp#27;[32m INFO&amp#27;[m &amp#27;[35m[@503 - main]&amp#27;[m &amp#27;[36mcom.shaft.tools.io.ReportManager&amp#27;[m : File Action "ReadFile" successfully performed. With the following test data "File Path: "C:\eclipse-workspace\MyProjects\TASystemsAPIs\src\test\resources\testDataFiles\Schemas\Payment_Policy_schema.json"".
2023-02-07 11:04:22.743 &amp#27;[32m INFO&amp#27;[m &amp#27;[35m[@503 - main]&amp#27;[m &amp#27;[36mcom.shaft.tools.io.ReportManager&amp#27;[m : Successfully created attachment "Validation Test Data - Expected JSON Value"
2023-02-07 11:04:22.744 &amp#27;[32m INFO&amp#27;[m &amp#27;[35m[@503 - main]&amp#27;[m &amp#27;[36mcom.shaft.tools.io.ReportManager&amp#27;[m : Successfully created attachment "Validation Test Data - Actual JSON Value"
2023-02-07 11:04:22.745 &amp#27;[32m INFO&amp#27;[m &amp#27;[35m[@503 - main]&amp#27;[m &amp#27;[36mcom.shaft.tools.io.ReportManager&amp#27;[m : Successfully created attachment "SHAFT Engine Logs - Current Method log: Valid_Get_Payment_Policy_TC"
]]></system-out>
  </testcase>
  <testcase name="Valid_Get_Tax_Policy_TC[[Ljava.lang.Object;@3cb8918a](1)" classname="SteeringCompanyAPI_TestCases.Test_Policies_Cases" time="1.312">
    <system-out><![CDATA[2023-02-07 11:04:22.749 &amp#27;[32m INFO&amp#27;[m &amp#27;[35m[@534 - main]&amp#27;[m &amp#27;[36mcom.shaft.tools.io.ReportManager&amp#27;[m : 
################################################################################################################################################
Starting Execution:	"398 out of 107" test cases in the current suite
Test Method:		"SteeringCompanyAPI_TestCases.Test_Policies_Cases.Valid_Get_Tax_Policy_TC"
Test Description:	"TC016 -Policy- Perform Get Valid Tax Policy"
################################################################################################################################################
2023-02-07 11:04:22.749 &amp#27;[32m INFO&amp#27;[m &amp#27;[35m[@503 - main]&amp#27;[m &amp#27;[36mcom.shaft.tools.io.ReportManager&amp#27;[m : File Action "DoesFileExist" successfully performed. With the following test data "File Path: "SteeringCompanyAPI_TestData/SteeringCompanyAPI_TestData.xlsx"".
2023-02-07 11:04:22.770 &amp#27;[32m INFO&amp#27;[m &amp#27;[35m[@503 - main]&amp#27;[m &amp#27;[36mcom.shaft.tools.io.ReportManager&amp#27;[m : Successfully created attachment "Test Data - Excel"
2023-02-07 11:04:23.412 &amp#27;[32m INFO&amp#27;[m &amp#27;[35m[@503 - main]&amp#27;[m &amp#27;[36mcom.shaft.tools.io.ReportManager&amp#27;[m : Response status code: "200", status line: "HTTP/1.1 200 OK"
2023-02-07 11:04:23.424 &amp#27;[32m INFO&amp#27;[m &amp#27;[35m[@503 - main]&amp#27;[m &amp#27;[36mcom.shaft.tools.io.ReportManager&amp#27;[m : Successfully created attachment "API Request - Specifications"
2023-02-07 11:04:23.426 &amp#27;[32m INFO&amp#27;[m &amp#27;[35m[@503 - main]&amp#27;[m &amp#27;[36mcom.shaft.tools.io.ReportManager&amp#27;[m : Successfully created attachment "API Request - Body"
2023-02-07 11:04:23.427 &amp#27;[32m INFO&amp#27;[m &amp#27;[35m[@503 - main]&amp#27;[m &amp#27;[36mcom.shaft.tools.io.ReportManager&amp#27;[m : Successfully created attachment "API Response - JSON Body"
2023-02-07 11:04:23.432 &amp#27;[32m INFO&amp#27;[m &amp#27;[35m[@503 - main]&amp#27;[m &amp#27;[36mcom.shaft.tools.io.ReportManager&amp#27;[m : File Action "DoesFileExist" successfully performed. With the following test data "File Path: "SteeringCompanyAPI_TestData/SteeringCompanyAPI_TestData.xlsx"".
2023-02-07 11:04:23.446 &amp#27;[32m INFO&amp#27;[m &amp#27;[35m[@503 - main]&amp#27;[m &amp#27;[36mcom.shaft.tools.io.ReportManager&amp#27;[m : Successfully created attachment "Test Data - Excel"
2023-02-07 11:04:23.446 &amp#27;[32m INFO&amp#27;[m &amp#27;[35m[@503 - main]&amp#27;[m &amp#27;[36mcom.shaft.tools.io.ReportManager&amp#27;[m : File Action "DoesFileExist" successfully performed. With the following test data "File Path: "SteeringCompanyAPI_TestData/SteeringCompanyAPI_TestData.xlsx"".
2023-02-07 11:04:23.460 &amp#27;[32m INFO&amp#27;[m &amp#27;[35m[@503 - main]&amp#27;[m &amp#27;[36mcom.shaft.tools.io.ReportManager&amp#27;[m : Successfully created attachment "Test Data - Excel"
2023-02-07 11:04:23.460 &amp#27;[32m INFO&amp#27;[m &amp#27;[35m[@503 - main]&amp#27;[m &amp#27;[36mcom.shaft.tools.io.ReportManager&amp#27;[m : File Action "DoesFileExist" successfully performed. With the following test data "File Path: "SteeringCompanyAPI_TestData/SteeringCompanyAPI_TestData.xlsx"".
2023-02-07 11:04:23.475 &amp#27;[32m INFO&amp#27;[m &amp#27;[35m[@503 - main]&amp#27;[m &amp#27;[36mcom.shaft.tools.io.ReportManager&amp#27;[m : Successfully created attachment "Test Data - Excel"
2023-02-07 11:04:23.981 &amp#27;[32m INFO&amp#27;[m &amp#27;[35m[@503 - main]&amp#27;[m &amp#27;[36mcom.shaft.tools.io.ReportManager&amp#27;[m : Response status code: "200", status line: "HTTP/1.1 200 "
2023-02-07 11:04:23.992 &amp#27;[32m INFO&amp#27;[m &amp#27;[35m[@503 - main]&amp#27;[m &amp#27;[36mcom.shaft.tools.io.ReportManager&amp#27;[m : Successfully created attachment "API Request - Specifications"
2023-02-07 11:04:23.992 &amp#27;[32m INFO&amp#27;[m &amp#27;[35m[@503 - main]&amp#27;[m &amp#27;[36mcom.shaft.tools.io.ReportManager&amp#27;[m : Successfully created attachment "API Response - JSON Body"
2023-02-07 11:04:23.992 &amp#27;[32m INFO&amp#27;[m &amp#27;[35m[@503 - main]&amp#27;[m &amp#27;[36mcom.shaft.tools.io.ReportManager&amp#27;[m : File Action "DoesFileExist" successfully performed. With the following test data "File Path: "src/test/resources/testDataFiles/SteeringCompanyAPI_TestData/SteeringCompanyAPI_TestData.xlsx"".
2023-02-07 11:04:24.023 &amp#27;[32m INFO&amp#27;[m &amp#27;[35m[@503 - main]&amp#27;[m &amp#27;[36mcom.shaft.tools.io.ReportManager&amp#27;[m : File Action "DoesFileExist" successfully performed. With the following test data "File Path: "SteeringCompanyAPI_TestData/SteeringCompanyAPI_TestData.xlsx"".
2023-02-07 11:04:24.038 &amp#27;[32m INFO&amp#27;[m &amp#27;[35m[@503 - main]&amp#27;[m &amp#27;[36mcom.shaft.tools.io.ReportManager&amp#27;[m : Successfully created attachment "Test Data - Excel"
2023-02-07 11:04:24.038 &amp#27;[32m INFO&amp#27;[m &amp#27;[35m[@503 - main]&amp#27;[m &amp#27;[36mcom.shaft.tools.io.ReportManager&amp#27;[m : File Action "DoesFileExist" successfully performed. With the following test data "File Path: "SteeringCompanyAPI_TestData/SteeringCompanyAPI_TestData.xlsx"".
2023-02-07 11:04:24.055 &amp#27;[32m INFO&amp#27;[m &amp#27;[35m[@503 - main]&amp#27;[m &amp#27;[36mcom.shaft.tools.io.ReportManager&amp#27;[m : Successfully created attachment "Test Data - Excel"
2023-02-07 11:04:24.055 &amp#27;[32m INFO&amp#27;[m &amp#27;[35m[@503 - main]&amp#27;[m &amp#27;[36mcom.shaft.tools.io.ReportManager&amp#27;[m : File Action "DoesFileExist" successfully performed. With the following test data "File Path: "Schemas/Tax_Policy_schema.json"".
2023-02-07 11:04:24.056 &amp#27;[32m INFO&amp#27;[m &amp#27;[35m[@503 - main]&amp#27;[m &amp#27;[36mcom.shaft.tools.io.ReportManager&amp#27;[m : File Action "DoesFileExist" successfully performed. With the following test data "File Path: "src/test/resources/testDataFiles/Schemas/Tax_Policy_schema.json"".
2023-02-07 11:04:24.056 &amp#27;[32m INFO&amp#27;[m &amp#27;[35m[@503 - main]&amp#27;[m &amp#27;[36mcom.shaft.tools.io.ReportManager&amp#27;[m : File Action "GetAbsolutePath" successfully performed. With the following test data "Relative Folder Path: "src/test/resources/testDataFiles/Schemas/Tax_Policy_schema.json"".
2023-02-07 11:04:24.057 &amp#27;[32m INFO&amp#27;[m &amp#27;[35m[@503 - main]&amp#27;[m &amp#27;[36mcom.shaft.tools.io.ReportManager&amp#27;[m : File Action "DoesFileExist" successfully performed. With the following test data "File Path: "C:\eclipse-workspace\MyProjects\TASystemsAPIs\src\test\resources\testDataFiles\Schemas\Tax_Policy_schema.json"".
2023-02-07 11:04:24.057 &amp#27;[32m INFO&amp#27;[m &amp#27;[35m[@503 - main]&amp#27;[m &amp#27;[36mcom.shaft.tools.io.ReportManager&amp#27;[m : File Action "GetAbsolutePath" successfully performed. With the following test data "Relative Folder Path: "C:\eclipse-workspace\MyProjects\TASystemsAPIs\src\test\resources\testDataFiles\Schemas\Tax_Policy_schema.json"".
2023-02-07 11:04:24.057 &amp#27;[32m INFO&amp#27;[m &amp#27;[35m[@503 - main]&amp#27;[m &amp#27;[36mcom.shaft.tools.io.ReportManager&amp#27;[m : File Action "ReadFile" successfully performed. With the following test data "File Path: "C:\eclipse-workspace\MyProjects\TASystemsAPIs\src\test\resources\testDataFiles\Schemas\Tax_Policy_schema.json"".
2023-02-07 11:04:24.058 &amp#27;[32m INFO&amp#27;[m &amp#27;[35m[@503 - main]&amp#27;[m &amp#27;[36mcom.shaft.tools.io.ReportManager&amp#27;[m : Successfully created attachment "Validation Test Data - Expected JSON Value"
2023-02-07 11:04:24.058 &amp#27;[32m INFO&amp#27;[m &amp#27;[35m[@503 - main]&amp#27;[m &amp#27;[36mcom.shaft.tools.io.ReportManager&amp#27;[m : Successfully created attachment "Validation Test Data - Actual JSON Value"
2023-02-07 11:04:24.058 &amp#27;[32m INFO&amp#27;[m &amp#27;[35m[@503 - main]&amp#27;[m &amp#27;[36mcom.shaft.tools.io.ReportManager&amp#27;[m : Successfully created attachment "SHAFT Engine Logs - Current Method log: Valid_Get_Tax_Policy_TC"
]]></system-out>
  </testcase>
  <testcase name="Valid_Get_Tax_Policy_TC[[Ljava.lang.Object;@57078238](2)" classname="SteeringCompanyAPI_TestCases.Test_Policies_Cases" time="1.516">
    <system-out><![CDATA[2023-02-07 11:04:24.060 &amp#27;[32m INFO&amp#27;[m &amp#27;[35m[@534 - main]&amp#27;[m &amp#27;[36mcom.shaft.tools.io.ReportManager&amp#27;[m : 
################################################################################################################################################
Starting Execution:	"399 out of 107" test cases in the current suite
Test Method:		"SteeringCompanyAPI_TestCases.Test_Policies_Cases.Valid_Get_Tax_Policy_TC"
Test Description:	"TC016 -Policy- Perform Get Valid Tax Policy"
################################################################################################################################################
2023-02-07 11:04:24.061 &amp#27;[32m INFO&amp#27;[m &amp#27;[35m[@503 - main]&amp#27;[m &amp#27;[36mcom.shaft.tools.io.ReportManager&amp#27;[m : File Action "DoesFileExist" successfully performed. With the following test data "File Path: "SteeringCompanyAPI_TestData/SteeringCompanyAPI_TestData.xlsx"".
2023-02-07 11:04:24.074 &amp#27;[32m INFO&amp#27;[m &amp#27;[35m[@503 - main]&amp#27;[m &amp#27;[36mcom.shaft.tools.io.ReportManager&amp#27;[m : Successfully created attachment "Test Data - Excel"
2023-02-07 11:04:24.684 &amp#27;[32m INFO&amp#27;[m &amp#27;[35m[@503 - main]&amp#27;[m &amp#27;[36mcom.shaft.tools.io.ReportManager&amp#27;[m : Response status code: "200", status line: "HTTP/1.1 200 OK"
2023-02-07 11:04:24.692 &amp#27;[32m INFO&amp#27;[m &amp#27;[35m[@503 - main]&amp#27;[m &amp#27;[36mcom.shaft.tools.io.ReportManager&amp#27;[m : Successfully created attachment "API Request - Specifications"
2023-02-07 11:04:24.695 &amp#27;[32m INFO&amp#27;[m &amp#27;[35m[@503 - main]&amp#27;[m &amp#27;[36mcom.shaft.tools.io.ReportManager&amp#27;[m : Successfully created attachment "API Request - Body"
2023-02-07 11:04:24.695 &amp#27;[32m INFO&amp#27;[m &amp#27;[35m[@503 - main]&amp#27;[m &amp#27;[36mcom.shaft.tools.io.ReportManager&amp#27;[m : Successfully created attachment "API Response - JSON Body"
2023-02-07 11:04:24.700 &amp#27;[32m INFO&amp#27;[m &amp#27;[35m[@503 - main]&amp#27;[m &amp#27;[36mcom.shaft.tools.io.ReportManager&amp#27;[m : File Action "DoesFileExist" successfully performed. With the following test data "File Path: "SteeringCompanyAPI_TestData/SteeringCompanyAPI_TestData.xlsx"".
2023-02-07 11:04:24.713 &amp#27;[32m INFO&amp#27;[m &amp#27;[35m[@503 - main]&amp#27;[m &amp#27;[36mcom.shaft.tools.io.ReportManager&amp#27;[m : Successfully created attachment "Test Data - Excel"
2023-02-07 11:04:24.714 &amp#27;[32m INFO&amp#27;[m &amp#27;[35m[@503 - main]&amp#27;[m &amp#27;[36mcom.shaft.tools.io.ReportManager&amp#27;[m : File Action "DoesFileExist" successfully performed. With the following test data "File Path: "SteeringCompanyAPI_TestData/SteeringCompanyAPI_TestData.xlsx"".
2023-02-07 11:04:24.732 &amp#27;[32m INFO&amp#27;[m &amp#27;[35m[@503 - main]&amp#27;[m &amp#27;[36mcom.shaft.tools.io.ReportManager&amp#27;[m : Successfully created attachment "Test Data - Excel"
2023-02-07 11:04:24.732 &amp#27;[32m INFO&amp#27;[m &amp#27;[35m[@503 - main]&amp#27;[m &amp#27;[36mcom.shaft.tools.io.ReportManager&amp#27;[m : File Action "DoesFileExist" successfully performed. With the following test data "File Path: "SteeringCompanyAPI_TestData/SteeringCompanyAPI_TestData.xlsx"".
2023-02-07 11:04:24.759 &amp#27;[32m INFO&amp#27;[m &amp#27;[35m[@503 - main]&amp#27;[m &amp#27;[36mcom.shaft.tools.io.ReportManager&amp#27;[m : Successfully created attachment "Test Data - Excel"
2023-02-07 11:04:25.500 &amp#27;[32m INFO&amp#27;[m &amp#27;[35m[@503 - main]&amp#27;[m &amp#27;[36mcom.shaft.tools.io.ReportManager&amp#27;[m : Response status code: "200", status line: "HTTP/1.1 200 "
2023-02-07 11:04:25.508 &amp#27;[32m INFO&amp#27;[m &amp#27;[35m[@503 - main]&amp#27;[m &amp#27;[36mcom.shaft.tools.io.ReportManager&amp#27;[m : Successfully created attachment "API Request - Specifications"
2023-02-07 11:04:25.509 &amp#27;[32m INFO&amp#27;[m &amp#27;[35m[@503 - main]&amp#27;[m &amp#27;[36mcom.shaft.tools.io.ReportManager&amp#27;[m : Successfully created attachment "API Response - JSON Body"
2023-02-07 11:04:25.509 &amp#27;[32m INFO&amp#27;[m &amp#27;[35m[@503 - main]&amp#27;[m &amp#27;[36mcom.shaft.tools.io.ReportManager&amp#27;[m : File Action "DoesFileExist" successfully performed. With the following test data "File Path: "src/test/resources/testDataFiles/SteeringCompanyAPI_TestData/SteeringCompanyAPI_TestData.xlsx"".
2023-02-07 11:04:25.539 &amp#27;[32m INFO&amp#27;[m &amp#27;[35m[@503 - main]&amp#27;[m &amp#27;[36mcom.shaft.tools.io.ReportManager&amp#27;[m : File Action "DoesFileExist" successfully performed. With the following test data "File Path: "SteeringCompanyAPI_TestData/SteeringCompanyAPI_TestData.xlsx"".
2023-02-07 11:04:25.557 &amp#27;[32m INFO&amp#27;[m &amp#27;[35m[@503 - main]&amp#27;[m &amp#27;[36mcom.shaft.tools.io.ReportManager&amp#27;[m : Successfully created attachment "Test Data - Excel"
2023-02-07 11:04:25.557 &amp#27;[32m INFO&amp#27;[m &amp#27;[35m[@503 - main]&amp#27;[m &amp#27;[36mcom.shaft.tools.io.ReportManager&amp#27;[m : File Action "DoesFileExist" successfully performed. With the following test data "File Path: "SteeringCompanyAPI_TestData/SteeringCompanyAPI_TestData.xlsx"".
2023-02-07 11:04:25.571 &amp#27;[32m INFO&amp#27;[m &amp#27;[35m[@503 - main]&amp#27;[m &amp#27;[36mcom.shaft.tools.io.ReportManager&amp#27;[m : Successfully created attachment "Test Data - Excel"
2023-02-07 11:04:25.572 &amp#27;[32m INFO&amp#27;[m &amp#27;[35m[@503 - main]&amp#27;[m &amp#27;[36mcom.shaft.tools.io.ReportManager&amp#27;[m : File Action "DoesFileExist" successfully performed. With the following test data "File Path: "Schemas/Tax_Policy_schema.json"".
2023-02-07 11:04:25.572 &amp#27;[32m INFO&amp#27;[m &amp#27;[35m[@503 - main]&amp#27;[m &amp#27;[36mcom.shaft.tools.io.ReportManager&amp#27;[m : File Action "DoesFileExist" successfully performed. With the following test data "File Path: "src/test/resources/testDataFiles/Schemas/Tax_Policy_schema.json"".
2023-02-07 11:04:25.572 &amp#27;[32m INFO&amp#27;[m &amp#27;[35m[@503 - main]&amp#27;[m &amp#27;[36mcom.shaft.tools.io.ReportManager&amp#27;[m : File Action "GetAbsolutePath" successfully performed. With the following test data "Relative Folder Path: "src/test/resources/testDataFiles/Schemas/Tax_Policy_schema.json"".
2023-02-07 11:04:25.573 &amp#27;[32m INFO&amp#27;[m &amp#27;[35m[@503 - main]&amp#27;[m &amp#27;[36mcom.shaft.tools.io.ReportManager&amp#27;[m : File Action "DoesFileExist" successfully performed. With the following test data "File Path: "C:\eclipse-workspace\MyProjects\TASystemsAPIs\src\test\resources\testDataFiles\Schemas\Tax_Policy_schema.json"".
2023-02-07 11:04:25.573 &amp#27;[32m INFO&amp#27;[m &amp#27;[35m[@503 - main]&amp#27;[m &amp#27;[36mcom.shaft.tools.io.ReportManager&amp#27;[m : File Action "GetAbsolutePath" successfully performed. With the following test data "Relative Folder Path: "C:\eclipse-workspace\MyProjects\TASystemsAPIs\src\test\resources\testDataFiles\Schemas\Tax_Policy_schema.json"".
2023-02-07 11:04:25.573 &amp#27;[32m INFO&amp#27;[m &amp#27;[35m[@503 - main]&amp#27;[m &amp#27;[36mcom.shaft.tools.io.ReportManager&amp#27;[m : File Action "ReadFile" successfully performed. With the following test data "File Path: "C:\eclipse-workspace\MyProjects\TASystemsAPIs\src\test\resources\testDataFiles\Schemas\Tax_Policy_schema.json"".
2023-02-07 11:04:25.574 &amp#27;[32m INFO&amp#27;[m &amp#27;[35m[@503 - main]&amp#27;[m &amp#27;[36mcom.shaft.tools.io.ReportManager&amp#27;[m : Successfully created attachment "Validation Test Data - Expected JSON Value"
2023-02-07 11:04:25.574 &amp#27;[32m INFO&amp#27;[m &amp#27;[35m[@503 - main]&amp#27;[m &amp#27;[36mcom.shaft.tools.io.ReportManager&amp#27;[m : Successfully created attachment "Validation Test Data - Actual JSON Value"
2023-02-07 11:04:25.575 &amp#27;[32m INFO&amp#27;[m &amp#27;[35m[@503 - main]&amp#27;[m &amp#27;[36mcom.shaft.tools.io.ReportManager&amp#27;[m : Successfully created attachment "SHAFT Engine Logs - Current Method log: Valid_Get_Tax_Policy_TC"
]]></system-out>
  </testcase>
  <testcase name="Valid_Get_Usage_Policy_TC[[Ljava.lang.Object;@41506f4b](1)" classname="SteeringCompanyAPI_TestCases.Test_Policies_Cases" time="1.321">
    <system-out><![CDATA[2023-02-07 11:04:25.579 &amp#27;[32m INFO&amp#27;[m &amp#27;[35m[@534 - main]&amp#27;[m &amp#27;[36mcom.shaft.tools.io.ReportManager&amp#27;[m : 
################################################################################################################################################
Starting Execution:	"400 out of 107" test cases in the current suite
Test Method:		"SteeringCompanyAPI_TestCases.Test_Policies_Cases.Valid_Get_Usage_Policy_TC"
Test Description:	"TC017 -Policy- Perform Get Valid Usage Policy"
################################################################################################################################################
2023-02-07 11:04:25.579 &amp#27;[32m INFO&amp#27;[m &amp#27;[35m[@503 - main]&amp#27;[m &amp#27;[36mcom.shaft.tools.io.ReportManager&amp#27;[m : File Action "DoesFileExist" successfully performed. With the following test data "File Path: "SteeringCompanyAPI_TestData/SteeringCompanyAPI_TestData.xlsx"".
2023-02-07 11:04:25.593 &amp#27;[32m INFO&amp#27;[m &amp#27;[35m[@503 - main]&amp#27;[m &amp#27;[36mcom.shaft.tools.io.ReportManager&amp#27;[m : Successfully created attachment "Test Data - Excel"
2023-02-07 11:04:26.220 &amp#27;[32m INFO&amp#27;[m &amp#27;[35m[@503 - main]&amp#27;[m &amp#27;[36mcom.shaft.tools.io.ReportManager&amp#27;[m : Response status code: "200", status line: "HTTP/1.1 200 OK"
2023-02-07 11:04:26.229 &amp#27;[32m INFO&amp#27;[m &amp#27;[35m[@503 - main]&amp#27;[m &amp#27;[36mcom.shaft.tools.io.ReportManager&amp#27;[m : Successfully created attachment "API Request - Specifications"
2023-02-07 11:04:26.229 &amp#27;[32m INFO&amp#27;[m &amp#27;[35m[@503 - main]&amp#27;[m &amp#27;[36mcom.shaft.tools.io.ReportManager&amp#27;[m : Successfully created attachment "API Request - Body"
2023-02-07 11:04:26.233 &amp#27;[32m INFO&amp#27;[m &amp#27;[35m[@503 - main]&amp#27;[m &amp#27;[36mcom.shaft.tools.io.ReportManager&amp#27;[m : Successfully created attachment "API Response - JSON Body"
2023-02-07 11:04:26.238 &amp#27;[32m INFO&amp#27;[m &amp#27;[35m[@503 - main]&amp#27;[m &amp#27;[36mcom.shaft.tools.io.ReportManager&amp#27;[m : File Action "DoesFileExist" successfully performed. With the following test data "File Path: "SteeringCompanyAPI_TestData/SteeringCompanyAPI_TestData.xlsx"".
2023-02-07 11:04:26.251 &amp#27;[32m INFO&amp#27;[m &amp#27;[35m[@503 - main]&amp#27;[m &amp#27;[36mcom.shaft.tools.io.ReportManager&amp#27;[m : Successfully created attachment "Test Data - Excel"
2023-02-07 11:04:26.251 &amp#27;[32m INFO&amp#27;[m &amp#27;[35m[@503 - main]&amp#27;[m &amp#27;[36mcom.shaft.tools.io.ReportManager&amp#27;[m : File Action "DoesFileExist" successfully performed. With the following test data "File Path: "SteeringCompanyAPI_TestData/SteeringCompanyAPI_TestData.xlsx"".
2023-02-07 11:04:26.265 &amp#27;[32m INFO&amp#27;[m &amp#27;[35m[@503 - main]&amp#27;[m &amp#27;[36mcom.shaft.tools.io.ReportManager&amp#27;[m : Successfully created attachment "Test Data - Excel"
2023-02-07 11:04:26.266 &amp#27;[32m INFO&amp#27;[m &amp#27;[35m[@503 - main]&amp#27;[m &amp#27;[36mcom.shaft.tools.io.ReportManager&amp#27;[m : File Action "DoesFileExist" successfully performed. With the following test data "File Path: "SteeringCompanyAPI_TestData/SteeringCompanyAPI_TestData.xlsx"".
2023-02-07 11:04:26.282 &amp#27;[32m INFO&amp#27;[m &amp#27;[35m[@503 - main]&amp#27;[m &amp#27;[36mcom.shaft.tools.io.ReportManager&amp#27;[m : Successfully created attachment "Test Data - Excel"
2023-02-07 11:04:26.813 &amp#27;[32m INFO&amp#27;[m &amp#27;[35m[@503 - main]&amp#27;[m &amp#27;[36mcom.shaft.tools.io.ReportManager&amp#27;[m : Response status code: "200", status line: "HTTP/1.1 200 "
2023-02-07 11:04:26.823 &amp#27;[32m INFO&amp#27;[m &amp#27;[35m[@503 - main]&amp#27;[m &amp#27;[36mcom.shaft.tools.io.ReportManager&amp#27;[m : Successfully created attachment "API Request - Specifications"
2023-02-07 11:04:26.824 &amp#27;[32m INFO&amp#27;[m &amp#27;[35m[@503 - main]&amp#27;[m &amp#27;[36mcom.shaft.tools.io.ReportManager&amp#27;[m : Successfully created attachment "API Response - JSON Body"
2023-02-07 11:04:26.824 &amp#27;[32m INFO&amp#27;[m &amp#27;[35m[@503 - main]&amp#27;[m &amp#27;[36mcom.shaft.tools.io.ReportManager&amp#27;[m : File Action "DoesFileExist" successfully performed. With the following test data "File Path: "src/test/resources/testDataFiles/SteeringCompanyAPI_TestData/SteeringCompanyAPI_TestData.xlsx"".
2023-02-07 11:04:26.854 &amp#27;[32m INFO&amp#27;[m &amp#27;[35m[@503 - main]&amp#27;[m &amp#27;[36mcom.shaft.tools.io.ReportManager&amp#27;[m : File Action "DoesFileExist" successfully performed. With the following test data "File Path: "SteeringCompanyAPI_TestData/SteeringCompanyAPI_TestData.xlsx"".
2023-02-07 11:04:26.868 &amp#27;[32m INFO&amp#27;[m &amp#27;[35m[@503 - main]&amp#27;[m &amp#27;[36mcom.shaft.tools.io.ReportManager&amp#27;[m : Successfully created attachment "Test Data - Excel"
2023-02-07 11:04:26.868 &amp#27;[32m INFO&amp#27;[m &amp#27;[35m[@503 - main]&amp#27;[m &amp#27;[36mcom.shaft.tools.io.ReportManager&amp#27;[m : File Action "DoesFileExist" successfully performed. With the following test data "File Path: "SteeringCompanyAPI_TestData/SteeringCompanyAPI_TestData.xlsx"".
2023-02-07 11:04:26.893 &amp#27;[32m INFO&amp#27;[m &amp#27;[35m[@503 - main]&amp#27;[m &amp#27;[36mcom.shaft.tools.io.ReportManager&amp#27;[m : Successfully created attachment "Test Data - Excel"
2023-02-07 11:04:26.894 &amp#27;[32m INFO&amp#27;[m &amp#27;[35m[@503 - main]&amp#27;[m &amp#27;[36mcom.shaft.tools.io.ReportManager&amp#27;[m : File Action "DoesFileExist" successfully performed. With the following test data "File Path: "Schemas/Usage_Policy_schema.json"".
2023-02-07 11:04:26.894 &amp#27;[32m INFO&amp#27;[m &amp#27;[35m[@503 - main]&amp#27;[m &amp#27;[36mcom.shaft.tools.io.ReportManager&amp#27;[m : File Action "DoesFileExist" successfully performed. With the following test data "File Path: "src/test/resources/testDataFiles/Schemas/Usage_Policy_schema.json"".
2023-02-07 11:04:26.894 &amp#27;[32m INFO&amp#27;[m &amp#27;[35m[@503 - main]&amp#27;[m &amp#27;[36mcom.shaft.tools.io.ReportManager&amp#27;[m : File Action "GetAbsolutePath" successfully performed. With the following test data "Relative Folder Path: "src/test/resources/testDataFiles/Schemas/Usage_Policy_schema.json"".
2023-02-07 11:04:26.895 &amp#27;[32m INFO&amp#27;[m &amp#27;[35m[@503 - main]&amp#27;[m &amp#27;[36mcom.shaft.tools.io.ReportManager&amp#27;[m : File Action "DoesFileExist" successfully performed. With the following test data "File Path: "C:\eclipse-workspace\MyProjects\TASystemsAPIs\src\test\resources\testDataFiles\Schemas\Usage_Policy_schema.json"".
2023-02-07 11:04:26.895 &amp#27;[32m INFO&amp#27;[m &amp#27;[35m[@503 - main]&amp#27;[m &amp#27;[36mcom.shaft.tools.io.ReportManager&amp#27;[m : File Action "GetAbsolutePath" successfully performed. With the following test data "Relative Folder Path: "C:\eclipse-workspace\MyProjects\TASystemsAPIs\src\test\resources\testDataFiles\Schemas\Usage_Policy_schema.json"".
2023-02-07 11:04:26.895 &amp#27;[32m INFO&amp#27;[m &amp#27;[35m[@503 - main]&amp#27;[m &amp#27;[36mcom.shaft.tools.io.ReportManager&amp#27;[m : File Action "ReadFile" successfully performed. With the following test data "File Path: "C:\eclipse-workspace\MyProjects\TASystemsAPIs\src\test\resources\testDataFiles\Schemas\Usage_Policy_schema.json"".
2023-02-07 11:04:26.897 &amp#27;[32m INFO&amp#27;[m &amp#27;[35m[@503 - main]&amp#27;[m &amp#27;[36mcom.shaft.tools.io.ReportManager&amp#27;[m : Successfully created attachment "Validation Test Data - Expected JSON Value"
2023-02-07 11:04:26.897 &amp#27;[32m INFO&amp#27;[m &amp#27;[35m[@503 - main]&amp#27;[m &amp#27;[36mcom.shaft.tools.io.ReportManager&amp#27;[m : Successfully created attachment "Validation Test Data - Actual JSON Value"
2023-02-07 11:04:26.898 &amp#27;[32m INFO&amp#27;[m &amp#27;[35m[@503 - main]&amp#27;[m &amp#27;[36mcom.shaft.tools.io.ReportManager&amp#27;[m : Successfully created attachment "SHAFT Engine Logs - Current Method log: Valid_Get_Usage_Policy_TC"
]]></system-out>
  </testcase>
  <testcase name="Valid_Get_Usage_Policy_TC[[Ljava.lang.Object;@4a74a3ef](2)" classname="SteeringCompanyAPI_TestCases.Test_Policies_Cases" time="1.326">
    <system-out><![CDATA[2023-02-07 11:04:26.900 &amp#27;[32m INFO&amp#27;[m &amp#27;[35m[@534 - main]&amp#27;[m &amp#27;[36mcom.shaft.tools.io.ReportManager&amp#27;[m : 
################################################################################################################################################
Starting Execution:	"401 out of 107" test cases in the current suite
Test Method:		"SteeringCompanyAPI_TestCases.Test_Policies_Cases.Valid_Get_Usage_Policy_TC"
Test Description:	"TC017 -Policy- Perform Get Valid Usage Policy"
################################################################################################################################################
2023-02-07 11:04:26.900 &amp#27;[32m INFO&amp#27;[m &amp#27;[35m[@503 - main]&amp#27;[m &amp#27;[36mcom.shaft.tools.io.ReportManager&amp#27;[m : File Action "DoesFileExist" successfully performed. With the following test data "File Path: "SteeringCompanyAPI_TestData/SteeringCompanyAPI_TestData.xlsx"".
2023-02-07 11:04:26.914 &amp#27;[32m INFO&amp#27;[m &amp#27;[35m[@503 - main]&amp#27;[m &amp#27;[36mcom.shaft.tools.io.ReportManager&amp#27;[m : Successfully created attachment "Test Data - Excel"
2023-02-07 11:04:27.571 &amp#27;[32m INFO&amp#27;[m &amp#27;[35m[@503 - main]&amp#27;[m &amp#27;[36mcom.shaft.tools.io.ReportManager&amp#27;[m : Response status code: "200", status line: "HTTP/1.1 200 OK"
2023-02-07 11:04:27.579 &amp#27;[32m INFO&amp#27;[m &amp#27;[35m[@503 - main]&amp#27;[m &amp#27;[36mcom.shaft.tools.io.ReportManager&amp#27;[m : Successfully created attachment "API Request - Specifications"
2023-02-07 11:04:27.581 &amp#27;[32m INFO&amp#27;[m &amp#27;[35m[@503 - main]&amp#27;[m &amp#27;[36mcom.shaft.tools.io.ReportManager&amp#27;[m : Successfully created attachment "API Request - Body"
2023-02-07 11:04:27.581 &amp#27;[32m INFO&amp#27;[m &amp#27;[35m[@503 - main]&amp#27;[m &amp#27;[36mcom.shaft.tools.io.ReportManager&amp#27;[m : Successfully created attachment "API Response - JSON Body"
2023-02-07 11:04:27.586 &amp#27;[32m INFO&amp#27;[m &amp#27;[35m[@503 - main]&amp#27;[m &amp#27;[36mcom.shaft.tools.io.ReportManager&amp#27;[m : File Action "DoesFileExist" successfully performed. With the following test data "File Path: "SteeringCompanyAPI_TestData/SteeringCompanyAPI_TestData.xlsx"".
2023-02-07 11:04:27.600 &amp#27;[32m INFO&amp#27;[m &amp#27;[35m[@503 - main]&amp#27;[m &amp#27;[36mcom.shaft.tools.io.ReportManager&amp#27;[m : Successfully created attachment "Test Data - Excel"
2023-02-07 11:04:27.600 &amp#27;[32m INFO&amp#27;[m &amp#27;[35m[@503 - main]&amp#27;[m &amp#27;[36mcom.shaft.tools.io.ReportManager&amp#27;[m : File Action "DoesFileExist" successfully performed. With the following test data "File Path: "SteeringCompanyAPI_TestData/SteeringCompanyAPI_TestData.xlsx"".
2023-02-07 11:04:27.614 &amp#27;[32m INFO&amp#27;[m &amp#27;[35m[@503 - main]&amp#27;[m &amp#27;[36mcom.shaft.tools.io.ReportManager&amp#27;[m : Successfully created attachment "Test Data - Excel"
2023-02-07 11:04:27.614 &amp#27;[32m INFO&amp#27;[m &amp#27;[35m[@503 - main]&amp#27;[m &amp#27;[36mcom.shaft.tools.io.ReportManager&amp#27;[m : File Action "DoesFileExist" successfully performed. With the following test data "File Path: "SteeringCompanyAPI_TestData/SteeringCompanyAPI_TestData.xlsx"".
2023-02-07 11:04:27.630 &amp#27;[32m INFO&amp#27;[m &amp#27;[35m[@503 - main]&amp#27;[m &amp#27;[36mcom.shaft.tools.io.ReportManager&amp#27;[m : Successfully created attachment "Test Data - Excel"
2023-02-07 11:04:28.150 &amp#27;[32m INFO&amp#27;[m &amp#27;[35m[@503 - main]&amp#27;[m &amp#27;[36mcom.shaft.tools.io.ReportManager&amp#27;[m : Response status code: "200", status line: "HTTP/1.1 200 "
2023-02-07 11:04:28.158 &amp#27;[32m INFO&amp#27;[m &amp#27;[35m[@503 - main]&amp#27;[m &amp#27;[36mcom.shaft.tools.io.ReportManager&amp#27;[m : Successfully created attachment "API Request - Specifications"
2023-02-07 11:04:28.159 &amp#27;[32m INFO&amp#27;[m &amp#27;[35m[@503 - main]&amp#27;[m &amp#27;[36mcom.shaft.tools.io.ReportManager&amp#27;[m : Successfully created attachment "API Response - JSON Body"
2023-02-07 11:04:28.159 &amp#27;[32m INFO&amp#27;[m &amp#27;[35m[@503 - main]&amp#27;[m &amp#27;[36mcom.shaft.tools.io.ReportManager&amp#27;[m : File Action "DoesFileExist" successfully performed. With the following test data "File Path: "src/test/resources/testDataFiles/SteeringCompanyAPI_TestData/SteeringCompanyAPI_TestData.xlsx"".
2023-02-07 11:04:28.189 &amp#27;[32m INFO&amp#27;[m &amp#27;[35m[@503 - main]&amp#27;[m &amp#27;[36mcom.shaft.tools.io.ReportManager&amp#27;[m : File Action "DoesFileExist" successfully performed. With the following test data "File Path: "SteeringCompanyAPI_TestData/SteeringCompanyAPI_TestData.xlsx"".
2023-02-07 11:04:28.203 &amp#27;[32m INFO&amp#27;[m &amp#27;[35m[@503 - main]&amp#27;[m &amp#27;[36mcom.shaft.tools.io.ReportManager&amp#27;[m : Successfully created attachment "Test Data - Excel"
2023-02-07 11:04:28.203 &amp#27;[32m INFO&amp#27;[m &amp#27;[35m[@503 - main]&amp#27;[m &amp#27;[36mcom.shaft.tools.io.ReportManager&amp#27;[m : File Action "DoesFileExist" successfully performed. With the following test data "File Path: "SteeringCompanyAPI_TestData/SteeringCompanyAPI_TestData.xlsx"".
2023-02-07 11:04:28.219 &amp#27;[32m INFO&amp#27;[m &amp#27;[35m[@503 - main]&amp#27;[m &amp#27;[36mcom.shaft.tools.io.ReportManager&amp#27;[m : Successfully created attachment "Test Data - Excel"
2023-02-07 11:04:28.220 &amp#27;[32m INFO&amp#27;[m &amp#27;[35m[@503 - main]&amp#27;[m &amp#27;[36mcom.shaft.tools.io.ReportManager&amp#27;[m : File Action "DoesFileExist" successfully performed. With the following test data "File Path: "Schemas/Usage_Policy_schema.json"".
2023-02-07 11:04:28.220 &amp#27;[32m INFO&amp#27;[m &amp#27;[35m[@503 - main]&amp#27;[m &amp#27;[36mcom.shaft.tools.io.ReportManager&amp#27;[m : File Action "DoesFileExist" successfully performed. With the following test data "File Path: "src/test/resources/testDataFiles/Schemas/Usage_Policy_schema.json"".
2023-02-07 11:04:28.220 &amp#27;[32m INFO&amp#27;[m &amp#27;[35m[@503 - main]&amp#27;[m &amp#27;[36mcom.shaft.tools.io.ReportManager&amp#27;[m : File Action "GetAbsolutePath" successfully performed. With the following test data "Relative Folder Path: "src/test/resources/testDataFiles/Schemas/Usage_Policy_schema.json"".
2023-02-07 11:04:28.221 &amp#27;[32m INFO&amp#27;[m &amp#27;[35m[@503 - main]&amp#27;[m &amp#27;[36mcom.shaft.tools.io.ReportManager&amp#27;[m : File Action "DoesFileExist" successfully performed. With the following test data "File Path: "C:\eclipse-workspace\MyProjects\TASystemsAPIs\src\test\resources\testDataFiles\Schemas\Usage_Policy_schema.json"".
2023-02-07 11:04:28.221 &amp#27;[32m INFO&amp#27;[m &amp#27;[35m[@503 - main]&amp#27;[m &amp#27;[36mcom.shaft.tools.io.ReportManager&amp#27;[m : File Action "GetAbsolutePath" successfully performed. With the following test data "Relative Folder Path: "C:\eclipse-workspace\MyProjects\TASystemsAPIs\src\test\resources\testDataFiles\Schemas\Usage_Policy_schema.json"".
2023-02-07 11:04:28.221 &amp#27;[32m INFO&amp#27;[m &amp#27;[35m[@503 - main]&amp#27;[m &amp#27;[36mcom.shaft.tools.io.ReportManager&amp#27;[m : File Action "ReadFile" successfully performed. With the following test data "File Path: "C:\eclipse-workspace\MyProjects\TASystemsAPIs\src\test\resources\testDataFiles\Schemas\Usage_Policy_schema.json"".
2023-02-07 11:04:28.222 &amp#27;[32m INFO&amp#27;[m &amp#27;[35m[@503 - main]&amp#27;[m &amp#27;[36mcom.shaft.tools.io.ReportManager&amp#27;[m : Successfully created attachment "Validation Test Data - Expected JSON Value"
2023-02-07 11:04:28.222 &amp#27;[32m INFO&amp#27;[m &amp#27;[35m[@503 - main]&amp#27;[m &amp#27;[36mcom.shaft.tools.io.ReportManager&amp#27;[m : Successfully created attachment "Validation Test Data - Actual JSON Value"
2023-02-07 11:04:28.224 &amp#27;[32m INFO&amp#27;[m &amp#27;[35m[@503 - main]&amp#27;[m &amp#27;[36mcom.shaft.tools.io.ReportManager&amp#27;[m : Successfully created attachment "SHAFT Engine Logs - Current Method log: Valid_Get_Usage_Policy_TC"
]]></system-out>
  </testcase>
  <testcase name="Valid_Update_Cancel_Policy_TC[[Ljava.lang.Object;@75bf5a58](1)" classname="SteeringCompanyAPI_TestCases.Test_Policies_Cases" time="2.229">
    <system-out><![CDATA[2023-02-07 11:04:28.227 &amp#27;[32m INFO&amp#27;[m &amp#27;[35m[@534 - main]&amp#27;[m &amp#27;[36mcom.shaft.tools.io.ReportManager&amp#27;[m : 
################################################################################################################################################
Starting Execution:	"402 out of 107" test cases in the current suite
Test Method:		"SteeringCompanyAPI_TestCases.Test_Policies_Cases.Valid_Update_Cancel_Policy_TC"
Test Description:	"TC010 -Policy- Perform Update Valid Cancel Policy"
################################################################################################################################################
2023-02-07 11:04:28.228 &amp#27;[32m INFO&amp#27;[m &amp#27;[35m[@503 - main]&amp#27;[m &amp#27;[36mcom.shaft.tools.io.ReportManager&amp#27;[m : File Action "DoesFileExist" successfully performed. With the following test data "File Path: "SteeringCompanyAPI_TestData/SteeringCompanyAPI_TestData.xlsx"".
2023-02-07 11:04:28.242 &amp#27;[32m INFO&amp#27;[m &amp#27;[35m[@503 - main]&amp#27;[m &amp#27;[36mcom.shaft.tools.io.ReportManager&amp#27;[m : Successfully created attachment "Test Data - Excel"
2023-02-07 11:04:28.868 &amp#27;[32m INFO&amp#27;[m &amp#27;[35m[@503 - main]&amp#27;[m &amp#27;[36mcom.shaft.tools.io.ReportManager&amp#27;[m : Response status code: "200", status line: "HTTP/1.1 200 OK"
2023-02-07 11:04:28.879 &amp#27;[32m INFO&amp#27;[m &amp#27;[35m[@503 - main]&amp#27;[m &amp#27;[36mcom.shaft.tools.io.ReportManager&amp#27;[m : Successfully created attachment "API Request - Specifications"
2023-02-07 11:04:28.882 &amp#27;[32m INFO&amp#27;[m &amp#27;[35m[@503 - main]&amp#27;[m &amp#27;[36mcom.shaft.tools.io.ReportManager&amp#27;[m : Successfully created attachment "API Request - Body"
2023-02-07 11:04:28.888 &amp#27;[32m INFO&amp#27;[m &amp#27;[35m[@503 - main]&amp#27;[m &amp#27;[36mcom.shaft.tools.io.ReportManager&amp#27;[m : Successfully created attachment "API Response - JSON Body"
2023-02-07 11:04:28.893 &amp#27;[32m INFO&amp#27;[m &amp#27;[35m[@503 - main]&amp#27;[m &amp#27;[36mcom.shaft.tools.io.ReportManager&amp#27;[m : File Action "DoesFileExist" successfully performed. With the following test data "File Path: "SteeringCompanyAPI_TestData/SteeringCompanyAPI_TestData.xlsx"".
2023-02-07 11:04:28.913 &amp#27;[32m INFO&amp#27;[m &amp#27;[35m[@503 - main]&amp#27;[m &amp#27;[36mcom.shaft.tools.io.ReportManager&amp#27;[m : Successfully created attachment "Test Data - Excel"
2023-02-07 11:04:28.913 &amp#27;[32m INFO&amp#27;[m &amp#27;[35m[@503 - main]&amp#27;[m &amp#27;[36mcom.shaft.tools.io.ReportManager&amp#27;[m : File Action "DoesFileExist" successfully performed. With the following test data "File Path: "SteeringCompanyAPI_TestData/SteeringCompanyAPI_TestData.xlsx"".
2023-02-07 11:04:28.927 &amp#27;[32m INFO&amp#27;[m &amp#27;[35m[@503 - main]&amp#27;[m &amp#27;[36mcom.shaft.tools.io.ReportManager&amp#27;[m : Successfully created attachment "Test Data - Excel"
2023-02-07 11:04:28.927 &amp#27;[32m INFO&amp#27;[m &amp#27;[35m[@503 - main]&amp#27;[m &amp#27;[36mcom.shaft.tools.io.ReportManager&amp#27;[m : File Action "DoesFileExist" successfully performed. With the following test data "File Path: "SteeringCompanyAPI_TestData/SteeringCompanyAPI_TestData.xlsx"".
2023-02-07 11:04:28.941 &amp#27;[32m INFO&amp#27;[m &amp#27;[35m[@503 - main]&amp#27;[m &amp#27;[36mcom.shaft.tools.io.ReportManager&amp#27;[m : Successfully created attachment "Test Data - Excel"
2023-02-07 11:04:30.377 &amp#27;[32m INFO&amp#27;[m &amp#27;[35m[@503 - main]&amp#27;[m &amp#27;[36mcom.shaft.tools.io.ReportManager&amp#27;[m : Response status code: "200", status line: "HTTP/1.1 200 "
2023-02-07 11:04:30.384 &amp#27;[32m INFO&amp#27;[m &amp#27;[35m[@503 - main]&amp#27;[m &amp#27;[36mcom.shaft.tools.io.ReportManager&amp#27;[m : Successfully created attachment "API Request - Specifications"
2023-02-07 11:04:30.387 &amp#27;[32m INFO&amp#27;[m &amp#27;[35m[@503 - main]&amp#27;[m &amp#27;[36mcom.shaft.tools.io.ReportManager&amp#27;[m : Successfully created attachment "API Request - JSON Body"
2023-02-07 11:04:30.387 &amp#27;[32m INFO&amp#27;[m &amp#27;[35m[@503 - main]&amp#27;[m &amp#27;[36mcom.shaft.tools.io.ReportManager&amp#27;[m : Successfully created attachment "API Response - JSON Body"
2023-02-07 11:04:30.388 &amp#27;[32m INFO&amp#27;[m &amp#27;[35m[@503 - main]&amp#27;[m &amp#27;[36mcom.shaft.tools.io.ReportManager&amp#27;[m : File Action "DoesFileExist" successfully performed. With the following test data "File Path: "src/test/resources/testDataFiles/SteeringCompanyAPI_TestData/SteeringCompanyAPI_TestData.xlsx"".
2023-02-07 11:04:30.419 &amp#27;[32m INFO&amp#27;[m &amp#27;[35m[@503 - main]&amp#27;[m &amp#27;[36mcom.shaft.tools.io.ReportManager&amp#27;[m : File Action "DoesFileExist" successfully performed. With the following test data "File Path: "SteeringCompanyAPI_TestData/SteeringCompanyAPI_TestData.xlsx"".
2023-02-07 11:04:30.434 &amp#27;[32m INFO&amp#27;[m &amp#27;[35m[@503 - main]&amp#27;[m &amp#27;[36mcom.shaft.tools.io.ReportManager&amp#27;[m : Successfully created attachment "Test Data - Excel"
2023-02-07 11:04:30.434 &amp#27;[32m INFO&amp#27;[m &amp#27;[35m[@503 - main]&amp#27;[m &amp#27;[36mcom.shaft.tools.io.ReportManager&amp#27;[m : File Action "DoesFileExist" successfully performed. With the following test data "File Path: "SteeringCompanyAPI_TestData/SteeringCompanyAPI_TestData.xlsx"".
2023-02-07 11:04:30.449 &amp#27;[32m INFO&amp#27;[m &amp#27;[35m[@503 - main]&amp#27;[m &amp#27;[36mcom.shaft.tools.io.ReportManager&amp#27;[m : Successfully created attachment "Test Data - Excel"
2023-02-07 11:04:30.450 &amp#27;[32m INFO&amp#27;[m &amp#27;[35m[@503 - main]&amp#27;[m &amp#27;[36mcom.shaft.tools.io.ReportManager&amp#27;[m : File Action "DoesFileExist" successfully performed. With the following test data "File Path: "Schemas/Cancel_Policy_schema.json"".
2023-02-07 11:04:30.450 &amp#27;[32m INFO&amp#27;[m &amp#27;[35m[@503 - main]&amp#27;[m &amp#27;[36mcom.shaft.tools.io.ReportManager&amp#27;[m : File Action "DoesFileExist" successfully performed. With the following test data "File Path: "src/test/resources/testDataFiles/Schemas/Cancel_Policy_schema.json"".
2023-02-07 11:04:30.451 &amp#27;[32m INFO&amp#27;[m &amp#27;[35m[@503 - main]&amp#27;[m &amp#27;[36mcom.shaft.tools.io.ReportManager&amp#27;[m : File Action "GetAbsolutePath" successfully performed. With the following test data "Relative Folder Path: "src/test/resources/testDataFiles/Schemas/Cancel_Policy_schema.json"".
2023-02-07 11:04:30.452 &amp#27;[32m INFO&amp#27;[m &amp#27;[35m[@503 - main]&amp#27;[m &amp#27;[36mcom.shaft.tools.io.ReportManager&amp#27;[m : File Action "DoesFileExist" successfully performed. With the following test data "File Path: "C:\eclipse-workspace\MyProjects\TASystemsAPIs\src\test\resources\testDataFiles\Schemas\Cancel_Policy_schema.json"".
2023-02-07 11:04:30.452 &amp#27;[32m INFO&amp#27;[m &amp#27;[35m[@503 - main]&amp#27;[m &amp#27;[36mcom.shaft.tools.io.ReportManager&amp#27;[m : File Action "GetAbsolutePath" successfully performed. With the following test data "Relative Folder Path: "C:\eclipse-workspace\MyProjects\TASystemsAPIs\src\test\resources\testDataFiles\Schemas\Cancel_Policy_schema.json"".
2023-02-07 11:04:30.452 &amp#27;[32m INFO&amp#27;[m &amp#27;[35m[@503 - main]&amp#27;[m &amp#27;[36mcom.shaft.tools.io.ReportManager&amp#27;[m : File Action "ReadFile" successfully performed. With the following test data "File Path: "C:\eclipse-workspace\MyProjects\TASystemsAPIs\src\test\resources\testDataFiles\Schemas\Cancel_Policy_schema.json"".
2023-02-07 11:04:30.454 &amp#27;[32m INFO&amp#27;[m &amp#27;[35m[@503 - main]&amp#27;[m &amp#27;[36mcom.shaft.tools.io.ReportManager&amp#27;[m : Successfully created attachment "Validation Test Data - Expected JSON Value"
2023-02-07 11:04:30.455 &amp#27;[32m INFO&amp#27;[m &amp#27;[35m[@503 - main]&amp#27;[m &amp#27;[36mcom.shaft.tools.io.ReportManager&amp#27;[m : Successfully created attachment "Validation Test Data - Actual JSON Value"
2023-02-07 11:04:30.455 &amp#27;[32m INFO&amp#27;[m &amp#27;[35m[@503 - main]&amp#27;[m &amp#27;[36mcom.shaft.tools.io.ReportManager&amp#27;[m : Successfully created attachment "SHAFT Engine Logs - Current Method log: Valid_Update_Cancel_Policy_TC"
]]></system-out>
  </testcase>
  <testcase name="Valid_Update_Cancel_Policy_TC[[Ljava.lang.Object;@7216f3d4](2)" classname="SteeringCompanyAPI_TestCases.Test_Policies_Cases" time="1.664">
    <system-out><![CDATA[2023-02-07 11:04:30.457 &amp#27;[32m INFO&amp#27;[m &amp#27;[35m[@534 - main]&amp#27;[m &amp#27;[36mcom.shaft.tools.io.ReportManager&amp#27;[m : 
################################################################################################################################################
Starting Execution:	"403 out of 107" test cases in the current suite
Test Method:		"SteeringCompanyAPI_TestCases.Test_Policies_Cases.Valid_Update_Cancel_Policy_TC"
Test Description:	"TC010 -Policy- Perform Update Valid Cancel Policy"
################################################################################################################################################
2023-02-07 11:04:30.457 &amp#27;[32m INFO&amp#27;[m &amp#27;[35m[@503 - main]&amp#27;[m &amp#27;[36mcom.shaft.tools.io.ReportManager&amp#27;[m : File Action "DoesFileExist" successfully performed. With the following test data "File Path: "SteeringCompanyAPI_TestData/SteeringCompanyAPI_TestData.xlsx"".
2023-02-07 11:04:30.471 &amp#27;[32m INFO&amp#27;[m &amp#27;[35m[@503 - main]&amp#27;[m &amp#27;[36mcom.shaft.tools.io.ReportManager&amp#27;[m : Successfully created attachment "Test Data - Excel"
2023-02-07 11:04:31.458 &amp#27;[32m INFO&amp#27;[m &amp#27;[35m[@503 - main]&amp#27;[m &amp#27;[36mcom.shaft.tools.io.ReportManager&amp#27;[m : Response status code: "200", status line: "HTTP/1.1 200 OK"
2023-02-07 11:04:31.467 &amp#27;[32m INFO&amp#27;[m &amp#27;[35m[@503 - main]&amp#27;[m &amp#27;[36mcom.shaft.tools.io.ReportManager&amp#27;[m : Successfully created attachment "API Request - Specifications"
2023-02-07 11:04:31.468 &amp#27;[32m INFO&amp#27;[m &amp#27;[35m[@503 - main]&amp#27;[m &amp#27;[36mcom.shaft.tools.io.ReportManager&amp#27;[m : Successfully created attachment "API Request - Body"
2023-02-07 11:04:31.471 &amp#27;[32m INFO&amp#27;[m &amp#27;[35m[@503 - main]&amp#27;[m &amp#27;[36mcom.shaft.tools.io.ReportManager&amp#27;[m : Successfully created attachment "API Response - JSON Body"
2023-02-07 11:04:31.476 &amp#27;[32m INFO&amp#27;[m &amp#27;[35m[@503 - main]&amp#27;[m &amp#27;[36mcom.shaft.tools.io.ReportManager&amp#27;[m : File Action "DoesFileExist" successfully performed. With the following test data "File Path: "SteeringCompanyAPI_TestData/SteeringCompanyAPI_TestData.xlsx"".
2023-02-07 11:04:31.490 &amp#27;[32m INFO&amp#27;[m &amp#27;[35m[@503 - main]&amp#27;[m &amp#27;[36mcom.shaft.tools.io.ReportManager&amp#27;[m : Successfully created attachment "Test Data - Excel"
2023-02-07 11:04:31.490 &amp#27;[32m INFO&amp#27;[m &amp#27;[35m[@503 - main]&amp#27;[m &amp#27;[36mcom.shaft.tools.io.ReportManager&amp#27;[m : File Action "DoesFileExist" successfully performed. With the following test data "File Path: "SteeringCompanyAPI_TestData/SteeringCompanyAPI_TestData.xlsx"".
2023-02-07 11:04:31.503 &amp#27;[32m INFO&amp#27;[m &amp#27;[35m[@503 - main]&amp#27;[m &amp#27;[36mcom.shaft.tools.io.ReportManager&amp#27;[m : Successfully created attachment "Test Data - Excel"
2023-02-07 11:04:31.503 &amp#27;[32m INFO&amp#27;[m &amp#27;[35m[@503 - main]&amp#27;[m &amp#27;[36mcom.shaft.tools.io.ReportManager&amp#27;[m : File Action "DoesFileExist" successfully performed. With the following test data "File Path: "SteeringCompanyAPI_TestData/SteeringCompanyAPI_TestData.xlsx"".
2023-02-07 11:04:31.517 &amp#27;[32m INFO&amp#27;[m &amp#27;[35m[@503 - main]&amp#27;[m &amp#27;[36mcom.shaft.tools.io.ReportManager&amp#27;[m : Successfully created attachment "Test Data - Excel"
2023-02-07 11:04:32.035 &amp#27;[32m INFO&amp#27;[m &amp#27;[35m[@503 - main]&amp#27;[m &amp#27;[36mcom.shaft.tools.io.ReportManager&amp#27;[m : Response status code: "200", status line: "HTTP/1.1 200 "
2023-02-07 11:04:32.046 &amp#27;[32m INFO&amp#27;[m &amp#27;[35m[@503 - main]&amp#27;[m &amp#27;[36mcom.shaft.tools.io.ReportManager&amp#27;[m : Successfully created attachment "API Request - Specifications"
2023-02-07 11:04:32.047 &amp#27;[32m INFO&amp#27;[m &amp#27;[35m[@503 - main]&amp#27;[m &amp#27;[36mcom.shaft.tools.io.ReportManager&amp#27;[m : Successfully created attachment "API Request - JSON Body"
2023-02-07 11:04:32.047 &amp#27;[32m INFO&amp#27;[m &amp#27;[35m[@503 - main]&amp#27;[m &amp#27;[36mcom.shaft.tools.io.ReportManager&amp#27;[m : Successfully created attachment "API Response - JSON Body"
2023-02-07 11:04:32.047 &amp#27;[32m INFO&amp#27;[m &amp#27;[35m[@503 - main]&amp#27;[m &amp#27;[36mcom.shaft.tools.io.ReportManager&amp#27;[m : File Action "DoesFileExist" successfully performed. With the following test data "File Path: "src/test/resources/testDataFiles/SteeringCompanyAPI_TestData/SteeringCompanyAPI_TestData.xlsx"".
2023-02-07 11:04:32.087 &amp#27;[32m INFO&amp#27;[m &amp#27;[35m[@503 - main]&amp#27;[m &amp#27;[36mcom.shaft.tools.io.ReportManager&amp#27;[m : File Action "DoesFileExist" successfully performed. With the following test data "File Path: "SteeringCompanyAPI_TestData/SteeringCompanyAPI_TestData.xlsx"".
2023-02-07 11:04:32.101 &amp#27;[32m INFO&amp#27;[m &amp#27;[35m[@503 - main]&amp#27;[m &amp#27;[36mcom.shaft.tools.io.ReportManager&amp#27;[m : Successfully created attachment "Test Data - Excel"
2023-02-07 11:04:32.101 &amp#27;[32m INFO&amp#27;[m &amp#27;[35m[@503 - main]&amp#27;[m &amp#27;[36mcom.shaft.tools.io.ReportManager&amp#27;[m : File Action "DoesFileExist" successfully performed. With the following test data "File Path: "SteeringCompanyAPI_TestData/SteeringCompanyAPI_TestData.xlsx"".
2023-02-07 11:04:32.115 &amp#27;[32m INFO&amp#27;[m &amp#27;[35m[@503 - main]&amp#27;[m &amp#27;[36mcom.shaft.tools.io.ReportManager&amp#27;[m : Successfully created attachment "Test Data - Excel"
2023-02-07 11:04:32.116 &amp#27;[32m INFO&amp#27;[m &amp#27;[35m[@503 - main]&amp#27;[m &amp#27;[36mcom.shaft.tools.io.ReportManager&amp#27;[m : File Action "DoesFileExist" successfully performed. With the following test data "File Path: "Schemas/Cancel_Policy_schema.json"".
2023-02-07 11:04:32.116 &amp#27;[32m INFO&amp#27;[m &amp#27;[35m[@503 - main]&amp#27;[m &amp#27;[36mcom.shaft.tools.io.ReportManager&amp#27;[m : File Action "DoesFileExist" successfully performed. With the following test data "File Path: "src/test/resources/testDataFiles/Schemas/Cancel_Policy_schema.json"".
2023-02-07 11:04:32.116 &amp#27;[32m INFO&amp#27;[m &amp#27;[35m[@503 - main]&amp#27;[m &amp#27;[36mcom.shaft.tools.io.ReportManager&amp#27;[m : File Action "GetAbsolutePath" successfully performed. With the following test data "Relative Folder Path: "src/test/resources/testDataFiles/Schemas/Cancel_Policy_schema.json"".
2023-02-07 11:04:32.117 &amp#27;[32m INFO&amp#27;[m &amp#27;[35m[@503 - main]&amp#27;[m &amp#27;[36mcom.shaft.tools.io.ReportManager&amp#27;[m : File Action "DoesFileExist" successfully performed. With the following test data "File Path: "C:\eclipse-workspace\MyProjects\TASystemsAPIs\src\test\resources\testDataFiles\Schemas\Cancel_Policy_schema.json"".
2023-02-07 11:04:32.117 &amp#27;[32m INFO&amp#27;[m &amp#27;[35m[@503 - main]&amp#27;[m &amp#27;[36mcom.shaft.tools.io.ReportManager&amp#27;[m : File Action "GetAbsolutePath" successfully performed. With the following test data "Relative Folder Path: "C:\eclipse-workspace\MyProjects\TASystemsAPIs\src\test\resources\testDataFiles\Schemas\Cancel_Policy_schema.json"".
2023-02-07 11:04:32.117 &amp#27;[32m INFO&amp#27;[m &amp#27;[35m[@503 - main]&amp#27;[m &amp#27;[36mcom.shaft.tools.io.ReportManager&amp#27;[m : File Action "ReadFile" successfully performed. With the following test data "File Path: "C:\eclipse-workspace\MyProjects\TASystemsAPIs\src\test\resources\testDataFiles\Schemas\Cancel_Policy_schema.json"".
2023-02-07 11:04:32.118 &amp#27;[32m INFO&amp#27;[m &amp#27;[35m[@503 - main]&amp#27;[m &amp#27;[36mcom.shaft.tools.io.ReportManager&amp#27;[m : Successfully created attachment "Validation Test Data - Expected JSON Value"
2023-02-07 11:04:32.119 &amp#27;[32m INFO&amp#27;[m &amp#27;[35m[@503 - main]&amp#27;[m &amp#27;[36mcom.shaft.tools.io.ReportManager&amp#27;[m : Successfully created attachment "Validation Test Data - Actual JSON Value"
2023-02-07 11:04:32.119 &amp#27;[32m INFO&amp#27;[m &amp#27;[35m[@503 - main]&amp#27;[m &amp#27;[36mcom.shaft.tools.io.ReportManager&amp#27;[m : Successfully created attachment "SHAFT Engine Logs - Current Method log: Valid_Update_Cancel_Policy_TC"
]]></system-out>
  </testcase>
  <testcase name="Valid_Update_General_Policy_TC[[Ljava.lang.Object;@712932dd](1)" classname="SteeringCompanyAPI_TestCases.Test_Policies_Cases" time="1.759">
    <system-out><![CDATA[2023-02-07 11:04:32.123 &amp#27;[32m INFO&amp#27;[m &amp#27;[35m[@534 - main]&amp#27;[m &amp#27;[36mcom.shaft.tools.io.ReportManager&amp#27;[m : 
################################################################################################################################################
Starting Execution:	"404 out of 107" test cases in the current suite
Test Method:		"SteeringCompanyAPI_TestCases.Test_Policies_Cases.Valid_Update_General_Policy_TC"
Test Description:	"TC014 -Policy- Perform Update Valid General Policy"
################################################################################################################################################
2023-02-07 11:04:32.123 &amp#27;[32m INFO&amp#27;[m &amp#27;[35m[@503 - main]&amp#27;[m &amp#27;[36mcom.shaft.tools.io.ReportManager&amp#27;[m : File Action "DoesFileExist" successfully performed. With the following test data "File Path: "SteeringCompanyAPI_TestData/SteeringCompanyAPI_TestData.xlsx"".
2023-02-07 11:04:32.137 &amp#27;[32m INFO&amp#27;[m &amp#27;[35m[@503 - main]&amp#27;[m &amp#27;[36mcom.shaft.tools.io.ReportManager&amp#27;[m : Successfully created attachment "Test Data - Excel"
2023-02-07 11:04:32.763 &amp#27;[32m INFO&amp#27;[m &amp#27;[35m[@503 - main]&amp#27;[m &amp#27;[36mcom.shaft.tools.io.ReportManager&amp#27;[m : Response status code: "200", status line: "HTTP/1.1 200 OK"
2023-02-07 11:04:32.774 &amp#27;[32m INFO&amp#27;[m &amp#27;[35m[@503 - main]&amp#27;[m &amp#27;[36mcom.shaft.tools.io.ReportManager&amp#27;[m : Successfully created attachment "API Request - Specifications"
2023-02-07 11:04:32.776 &amp#27;[32m INFO&amp#27;[m &amp#27;[35m[@503 - main]&amp#27;[m &amp#27;[36mcom.shaft.tools.io.ReportManager&amp#27;[m : Successfully created attachment "API Request - Body"
2023-02-07 11:04:32.776 &amp#27;[32m INFO&amp#27;[m &amp#27;[35m[@503 - main]&amp#27;[m &amp#27;[36mcom.shaft.tools.io.ReportManager&amp#27;[m : Successfully created attachment "API Response - JSON Body"
2023-02-07 11:04:32.783 &amp#27;[32m INFO&amp#27;[m &amp#27;[35m[@503 - main]&amp#27;[m &amp#27;[36mcom.shaft.tools.io.ReportManager&amp#27;[m : File Action "DoesFileExist" successfully performed. With the following test data "File Path: "SteeringCompanyAPI_TestData/SteeringCompanyAPI_TestData.xlsx"".
2023-02-07 11:04:32.798 &amp#27;[32m INFO&amp#27;[m &amp#27;[35m[@503 - main]&amp#27;[m &amp#27;[36mcom.shaft.tools.io.ReportManager&amp#27;[m : Successfully created attachment "Test Data - Excel"
2023-02-07 11:04:32.798 &amp#27;[32m INFO&amp#27;[m &amp#27;[35m[@503 - main]&amp#27;[m &amp#27;[36mcom.shaft.tools.io.ReportManager&amp#27;[m : File Action "DoesFileExist" successfully performed. With the following test data "File Path: "SteeringCompanyAPI_TestData/SteeringCompanyAPI_TestData.xlsx"".
2023-02-07 11:04:32.812 &amp#27;[32m INFO&amp#27;[m &amp#27;[35m[@503 - main]&amp#27;[m &amp#27;[36mcom.shaft.tools.io.ReportManager&amp#27;[m : Successfully created attachment "Test Data - Excel"
2023-02-07 11:04:32.812 &amp#27;[32m INFO&amp#27;[m &amp#27;[35m[@503 - main]&amp#27;[m &amp#27;[36mcom.shaft.tools.io.ReportManager&amp#27;[m : File Action "DoesFileExist" successfully performed. With the following test data "File Path: "SteeringCompanyAPI_TestData/SteeringCompanyAPI_TestData.xlsx"".
2023-02-07 11:04:32.825 &amp#27;[32m INFO&amp#27;[m &amp#27;[35m[@503 - main]&amp#27;[m &amp#27;[36mcom.shaft.tools.io.ReportManager&amp#27;[m : Successfully created attachment "Test Data - Excel"
2023-02-07 11:04:33.797 &amp#27;[32m INFO&amp#27;[m &amp#27;[35m[@503 - main]&amp#27;[m &amp#27;[36mcom.shaft.tools.io.ReportManager&amp#27;[m : Response status code: "200", status line: "HTTP/1.1 200 "
2023-02-07 11:04:33.803 &amp#27;[32m INFO&amp#27;[m &amp#27;[35m[@503 - main]&amp#27;[m &amp#27;[36mcom.shaft.tools.io.ReportManager&amp#27;[m : Successfully created attachment "API Request - Specifications"
2023-02-07 11:04:33.803 &amp#27;[32m INFO&amp#27;[m &amp#27;[35m[@503 - main]&amp#27;[m &amp#27;[36mcom.shaft.tools.io.ReportManager&amp#27;[m : Successfully created attachment "API Request - JSON Body"
2023-02-07 11:04:33.806 &amp#27;[32m INFO&amp#27;[m &amp#27;[35m[@503 - main]&amp#27;[m &amp#27;[36mcom.shaft.tools.io.ReportManager&amp#27;[m : Successfully created attachment "API Response - JSON Body"
2023-02-07 11:04:33.806 &amp#27;[32m INFO&amp#27;[m &amp#27;[35m[@503 - main]&amp#27;[m &amp#27;[36mcom.shaft.tools.io.ReportManager&amp#27;[m : File Action "DoesFileExist" successfully performed. With the following test data "File Path: "src/test/resources/testDataFiles/SteeringCompanyAPI_TestData/SteeringCompanyAPI_TestData.xlsx"".
2023-02-07 11:04:33.835 &amp#27;[32m INFO&amp#27;[m &amp#27;[35m[@503 - main]&amp#27;[m &amp#27;[36mcom.shaft.tools.io.ReportManager&amp#27;[m : File Action "DoesFileExist" successfully performed. With the following test data "File Path: "SteeringCompanyAPI_TestData/SteeringCompanyAPI_TestData.xlsx"".
2023-02-07 11:04:33.849 &amp#27;[32m INFO&amp#27;[m &amp#27;[35m[@503 - main]&amp#27;[m &amp#27;[36mcom.shaft.tools.io.ReportManager&amp#27;[m : Successfully created attachment "Test Data - Excel"
2023-02-07 11:04:33.849 &amp#27;[32m INFO&amp#27;[m &amp#27;[35m[@503 - main]&amp#27;[m &amp#27;[36mcom.shaft.tools.io.ReportManager&amp#27;[m : File Action "DoesFileExist" successfully performed. With the following test data "File Path: "SteeringCompanyAPI_TestData/SteeringCompanyAPI_TestData.xlsx"".
2023-02-07 11:04:33.874 &amp#27;[32m INFO&amp#27;[m &amp#27;[35m[@503 - main]&amp#27;[m &amp#27;[36mcom.shaft.tools.io.ReportManager&amp#27;[m : Successfully created attachment "Test Data - Excel"
2023-02-07 11:04:33.875 &amp#27;[32m INFO&amp#27;[m &amp#27;[35m[@503 - main]&amp#27;[m &amp#27;[36mcom.shaft.tools.io.ReportManager&amp#27;[m : File Action "DoesFileExist" successfully performed. With the following test data "File Path: "Schemas/General_Policy_schema.json"".
2023-02-07 11:04:33.875 &amp#27;[32m INFO&amp#27;[m &amp#27;[35m[@503 - main]&amp#27;[m &amp#27;[36mcom.shaft.tools.io.ReportManager&amp#27;[m : File Action "DoesFileExist" successfully performed. With the following test data "File Path: "src/test/resources/testDataFiles/Schemas/General_Policy_schema.json"".
2023-02-07 11:04:33.875 &amp#27;[32m INFO&amp#27;[m &amp#27;[35m[@503 - main]&amp#27;[m &amp#27;[36mcom.shaft.tools.io.ReportManager&amp#27;[m : File Action "GetAbsolutePath" successfully performed. With the following test data "Relative Folder Path: "src/test/resources/testDataFiles/Schemas/General_Policy_schema.json"".
2023-02-07 11:04:33.876 &amp#27;[32m INFO&amp#27;[m &amp#27;[35m[@503 - main]&amp#27;[m &amp#27;[36mcom.shaft.tools.io.ReportManager&amp#27;[m : File Action "DoesFileExist" successfully performed. With the following test data "File Path: "C:\eclipse-workspace\MyProjects\TASystemsAPIs\src\test\resources\testDataFiles\Schemas\General_Policy_schema.json"".
2023-02-07 11:04:33.876 &amp#27;[32m INFO&amp#27;[m &amp#27;[35m[@503 - main]&amp#27;[m &amp#27;[36mcom.shaft.tools.io.ReportManager&amp#27;[m : File Action "GetAbsolutePath" successfully performed. With the following test data "Relative Folder Path: "C:\eclipse-workspace\MyProjects\TASystemsAPIs\src\test\resources\testDataFiles\Schemas\General_Policy_schema.json"".
2023-02-07 11:04:33.876 &amp#27;[32m INFO&amp#27;[m &amp#27;[35m[@503 - main]&amp#27;[m &amp#27;[36mcom.shaft.tools.io.ReportManager&amp#27;[m : File Action "ReadFile" successfully performed. With the following test data "File Path: "C:\eclipse-workspace\MyProjects\TASystemsAPIs\src\test\resources\testDataFiles\Schemas\General_Policy_schema.json"".
2023-02-07 11:04:33.877 &amp#27;[32m INFO&amp#27;[m &amp#27;[35m[@503 - main]&amp#27;[m &amp#27;[36mcom.shaft.tools.io.ReportManager&amp#27;[m : Successfully created attachment "Validation Test Data - Expected JSON Value"
2023-02-07 11:04:33.879 &amp#27;[32m INFO&amp#27;[m &amp#27;[35m[@503 - main]&amp#27;[m &amp#27;[36mcom.shaft.tools.io.ReportManager&amp#27;[m : Successfully created attachment "Validation Test Data - Actual JSON Value"
2023-02-07 11:04:33.880 &amp#27;[32m INFO&amp#27;[m &amp#27;[35m[@503 - main]&amp#27;[m &amp#27;[36mcom.shaft.tools.io.ReportManager&amp#27;[m : Successfully created attachment "SHAFT Engine Logs - Current Method log: Valid_Update_General_Policy_TC"
]]></system-out>
  </testcase>
  <testcase name="Valid_Update_General_Policy_TC[[Ljava.lang.Object;@5df9994a](2)" classname="SteeringCompanyAPI_TestCases.Test_Policies_Cases" time="2.069">
    <system-out><![CDATA[2023-02-07 11:04:33.881 &amp#27;[32m INFO&amp#27;[m &amp#27;[35m[@534 - main]&amp#27;[m &amp#27;[36mcom.shaft.tools.io.ReportManager&amp#27;[m : 
################################################################################################################################################
Starting Execution:	"405 out of 107" test cases in the current suite
Test Method:		"SteeringCompanyAPI_TestCases.Test_Policies_Cases.Valid_Update_General_Policy_TC"
Test Description:	"TC014 -Policy- Perform Update Valid General Policy"
################################################################################################################################################
2023-02-07 11:04:33.882 &amp#27;[32m INFO&amp#27;[m &amp#27;[35m[@503 - main]&amp#27;[m &amp#27;[36mcom.shaft.tools.io.ReportManager&amp#27;[m : File Action "DoesFileExist" successfully performed. With the following test data "File Path: "SteeringCompanyAPI_TestData/SteeringCompanyAPI_TestData.xlsx"".
2023-02-07 11:04:33.896 &amp#27;[32m INFO&amp#27;[m &amp#27;[35m[@503 - main]&amp#27;[m &amp#27;[36mcom.shaft.tools.io.ReportManager&amp#27;[m : Successfully created attachment "Test Data - Excel"
2023-02-07 11:04:35.234 &amp#27;[32m INFO&amp#27;[m &amp#27;[35m[@503 - main]&amp#27;[m &amp#27;[36mcom.shaft.tools.io.ReportManager&amp#27;[m : Response status code: "200", status line: "HTTP/1.1 200 OK"
2023-02-07 11:04:35.248 &amp#27;[32m INFO&amp#27;[m &amp#27;[35m[@503 - main]&amp#27;[m &amp#27;[36mcom.shaft.tools.io.ReportManager&amp#27;[m : Successfully created attachment "API Request - Specifications"
2023-02-07 11:04:35.251 &amp#27;[32m INFO&amp#27;[m &amp#27;[35m[@503 - main]&amp#27;[m &amp#27;[36mcom.shaft.tools.io.ReportManager&amp#27;[m : Successfully created attachment "API Request - Body"
2023-02-07 11:04:35.252 &amp#27;[32m INFO&amp#27;[m &amp#27;[35m[@503 - main]&amp#27;[m &amp#27;[36mcom.shaft.tools.io.ReportManager&amp#27;[m : Successfully created attachment "API Response - JSON Body"
2023-02-07 11:04:35.267 &amp#27;[32m INFO&amp#27;[m &amp#27;[35m[@503 - main]&amp#27;[m &amp#27;[36mcom.shaft.tools.io.ReportManager&amp#27;[m : File Action "DoesFileExist" successfully performed. With the following test data "File Path: "SteeringCompanyAPI_TestData/SteeringCompanyAPI_TestData.xlsx"".
2023-02-07 11:04:35.304 &amp#27;[32m INFO&amp#27;[m &amp#27;[35m[@503 - main]&amp#27;[m &amp#27;[36mcom.shaft.tools.io.ReportManager&amp#27;[m : Successfully created attachment "Test Data - Excel"
2023-02-07 11:04:35.304 &amp#27;[32m INFO&amp#27;[m &amp#27;[35m[@503 - main]&amp#27;[m &amp#27;[36mcom.shaft.tools.io.ReportManager&amp#27;[m : File Action "DoesFileExist" successfully performed. With the following test data "File Path: "SteeringCompanyAPI_TestData/SteeringCompanyAPI_TestData.xlsx"".
2023-02-07 11:04:35.332 &amp#27;[32m INFO&amp#27;[m &amp#27;[35m[@503 - main]&amp#27;[m &amp#27;[36mcom.shaft.tools.io.ReportManager&amp#27;[m : Successfully created attachment "Test Data - Excel"
2023-02-07 11:04:35.332 &amp#27;[32m INFO&amp#27;[m &amp#27;[35m[@503 - main]&amp#27;[m &amp#27;[36mcom.shaft.tools.io.ReportManager&amp#27;[m : File Action "DoesFileExist" successfully performed. With the following test data "File Path: "SteeringCompanyAPI_TestData/SteeringCompanyAPI_TestData.xlsx"".
2023-02-07 11:04:35.351 &amp#27;[32m INFO&amp#27;[m &amp#27;[35m[@503 - main]&amp#27;[m &amp#27;[36mcom.shaft.tools.io.ReportManager&amp#27;[m : Successfully created attachment "Test Data - Excel"
2023-02-07 11:04:35.849 &amp#27;[32m INFO&amp#27;[m &amp#27;[35m[@503 - main]&amp#27;[m &amp#27;[36mcom.shaft.tools.io.ReportManager&amp#27;[m : Response status code: "200", status line: "HTTP/1.1 200 "
2023-02-07 11:04:35.856 &amp#27;[32m INFO&amp#27;[m &amp#27;[35m[@503 - main]&amp#27;[m &amp#27;[36mcom.shaft.tools.io.ReportManager&amp#27;[m : Successfully created attachment "API Request - Specifications"
2023-02-07 11:04:35.857 &amp#27;[32m INFO&amp#27;[m &amp#27;[35m[@503 - main]&amp#27;[m &amp#27;[36mcom.shaft.tools.io.ReportManager&amp#27;[m : Successfully created attachment "API Request - JSON Body"
2023-02-07 11:04:35.857 &amp#27;[32m INFO&amp#27;[m &amp#27;[35m[@503 - main]&amp#27;[m &amp#27;[36mcom.shaft.tools.io.ReportManager&amp#27;[m : Successfully created attachment "API Response - JSON Body"
2023-02-07 11:04:35.857 &amp#27;[32m INFO&amp#27;[m &amp#27;[35m[@503 - main]&amp#27;[m &amp#27;[36mcom.shaft.tools.io.ReportManager&amp#27;[m : File Action "DoesFileExist" successfully performed. With the following test data "File Path: "src/test/resources/testDataFiles/SteeringCompanyAPI_TestData/SteeringCompanyAPI_TestData.xlsx"".
2023-02-07 11:04:35.899 &amp#27;[32m INFO&amp#27;[m &amp#27;[35m[@503 - main]&amp#27;[m &amp#27;[36mcom.shaft.tools.io.ReportManager&amp#27;[m : File Action "DoesFileExist" successfully performed. With the following test data "File Path: "SteeringCompanyAPI_TestData/SteeringCompanyAPI_TestData.xlsx"".
2023-02-07 11:04:35.922 &amp#27;[32m INFO&amp#27;[m &amp#27;[35m[@503 - main]&amp#27;[m &amp#27;[36mcom.shaft.tools.io.ReportManager&amp#27;[m : Successfully created attachment "Test Data - Excel"
2023-02-07 11:04:35.922 &amp#27;[32m INFO&amp#27;[m &amp#27;[35m[@503 - main]&amp#27;[m &amp#27;[36mcom.shaft.tools.io.ReportManager&amp#27;[m : File Action "DoesFileExist" successfully performed. With the following test data "File Path: "SteeringCompanyAPI_TestData/SteeringCompanyAPI_TestData.xlsx"".
2023-02-07 11:04:35.942 &amp#27;[32m INFO&amp#27;[m &amp#27;[35m[@503 - main]&amp#27;[m &amp#27;[36mcom.shaft.tools.io.ReportManager&amp#27;[m : Successfully created attachment "Test Data - Excel"
2023-02-07 11:04:35.944 &amp#27;[32m INFO&amp#27;[m &amp#27;[35m[@503 - main]&amp#27;[m &amp#27;[36mcom.shaft.tools.io.ReportManager&amp#27;[m : File Action "DoesFileExist" successfully performed. With the following test data "File Path: "Schemas/General_Policy_schema.json"".
2023-02-07 11:04:35.944 &amp#27;[32m INFO&amp#27;[m &amp#27;[35m[@503 - main]&amp#27;[m &amp#27;[36mcom.shaft.tools.io.ReportManager&amp#27;[m : File Action "DoesFileExist" successfully performed. With the following test data "File Path: "src/test/resources/testDataFiles/Schemas/General_Policy_schema.json"".
2023-02-07 11:04:35.944 &amp#27;[32m INFO&amp#27;[m &amp#27;[35m[@503 - main]&amp#27;[m &amp#27;[36mcom.shaft.tools.io.ReportManager&amp#27;[m : File Action "GetAbsolutePath" successfully performed. With the following test data "Relative Folder Path: "src/test/resources/testDataFiles/Schemas/General_Policy_schema.json"".
2023-02-07 11:04:35.946 &amp#27;[32m INFO&amp#27;[m &amp#27;[35m[@503 - main]&amp#27;[m &amp#27;[36mcom.shaft.tools.io.ReportManager&amp#27;[m : File Action "DoesFileExist" successfully performed. With the following test data "File Path: "C:\eclipse-workspace\MyProjects\TASystemsAPIs\src\test\resources\testDataFiles\Schemas\General_Policy_schema.json"".
2023-02-07 11:04:35.946 &amp#27;[32m INFO&amp#27;[m &amp#27;[35m[@503 - main]&amp#27;[m &amp#27;[36mcom.shaft.tools.io.ReportManager&amp#27;[m : File Action "GetAbsolutePath" successfully performed. With the following test data "Relative Folder Path: "C:\eclipse-workspace\MyProjects\TASystemsAPIs\src\test\resources\testDataFiles\Schemas\General_Policy_schema.json"".
2023-02-07 11:04:35.947 &amp#27;[32m INFO&amp#27;[m &amp#27;[35m[@503 - main]&amp#27;[m &amp#27;[36mcom.shaft.tools.io.ReportManager&amp#27;[m : File Action "ReadFile" successfully performed. With the following test data "File Path: "C:\eclipse-workspace\MyProjects\TASystemsAPIs\src\test\resources\testDataFiles\Schemas\General_Policy_schema.json"".
2023-02-07 11:04:35.948 &amp#27;[32m INFO&amp#27;[m &amp#27;[35m[@503 - main]&amp#27;[m &amp#27;[36mcom.shaft.tools.io.ReportManager&amp#27;[m : Successfully created attachment "Validation Test Data - Expected JSON Value"
2023-02-07 11:04:35.948 &amp#27;[32m INFO&amp#27;[m &amp#27;[35m[@503 - main]&amp#27;[m &amp#27;[36mcom.shaft.tools.io.ReportManager&amp#27;[m : Successfully created attachment "Validation Test Data - Actual JSON Value"
2023-02-07 11:04:35.950 &amp#27;[32m INFO&amp#27;[m &amp#27;[35m[@503 - main]&amp#27;[m &amp#27;[36mcom.shaft.tools.io.ReportManager&amp#27;[m : Successfully created attachment "SHAFT Engine Logs - Current Method log: Valid_Update_General_Policy_TC"
]]></system-out>
  </testcase>
  <testcase name="Valid_Update_Payment_Policy_TC[[Ljava.lang.Object;@4fc960c3](1)" classname="SteeringCompanyAPI_TestCases.Test_Policies_Cases" time="1.347">
    <system-out><![CDATA[2023-02-07 11:04:35.953 &amp#27;[32m INFO&amp#27;[m &amp#27;[35m[@534 - main]&amp#27;[m &amp#27;[36mcom.shaft.tools.io.ReportManager&amp#27;[m : 
################################################################################################################################################
Starting Execution:	"406 out of 107" test cases in the current suite
Test Method:		"SteeringCompanyAPI_TestCases.Test_Policies_Cases.Valid_Update_Payment_Policy_TC"
Test Description:	"TC013 -Policy- Perform Update Valid Payment Policy"
################################################################################################################################################
2023-02-07 11:04:35.953 &amp#27;[32m INFO&amp#27;[m &amp#27;[35m[@503 - main]&amp#27;[m &amp#27;[36mcom.shaft.tools.io.ReportManager&amp#27;[m : File Action "DoesFileExist" successfully performed. With the following test data "File Path: "SteeringCompanyAPI_TestData/SteeringCompanyAPI_TestData.xlsx"".
2023-02-07 11:04:35.978 &amp#27;[32m INFO&amp#27;[m &amp#27;[35m[@503 - main]&amp#27;[m &amp#27;[36mcom.shaft.tools.io.ReportManager&amp#27;[m : Successfully created attachment "Test Data - Excel"
2023-02-07 11:04:36.612 &amp#27;[32m INFO&amp#27;[m &amp#27;[35m[@503 - main]&amp#27;[m &amp#27;[36mcom.shaft.tools.io.ReportManager&amp#27;[m : Response status code: "200", status line: "HTTP/1.1 200 OK"
2023-02-07 11:04:36.622 &amp#27;[32m INFO&amp#27;[m &amp#27;[35m[@503 - main]&amp#27;[m &amp#27;[36mcom.shaft.tools.io.ReportManager&amp#27;[m : Successfully created attachment "API Request - Specifications"
2023-02-07 11:04:36.624 &amp#27;[32m INFO&amp#27;[m &amp#27;[35m[@503 - main]&amp#27;[m &amp#27;[36mcom.shaft.tools.io.ReportManager&amp#27;[m : Successfully created attachment "API Request - Body"
2023-02-07 11:04:36.627 &amp#27;[32m INFO&amp#27;[m &amp#27;[35m[@503 - main]&amp#27;[m &amp#27;[36mcom.shaft.tools.io.ReportManager&amp#27;[m : Successfully created attachment "API Response - JSON Body"
2023-02-07 11:04:36.633 &amp#27;[32m INFO&amp#27;[m &amp#27;[35m[@503 - main]&amp#27;[m &amp#27;[36mcom.shaft.tools.io.ReportManager&amp#27;[m : File Action "DoesFileExist" successfully performed. With the following test data "File Path: "SteeringCompanyAPI_TestData/SteeringCompanyAPI_TestData.xlsx"".
2023-02-07 11:04:36.656 &amp#27;[32m INFO&amp#27;[m &amp#27;[35m[@503 - main]&amp#27;[m &amp#27;[36mcom.shaft.tools.io.ReportManager&amp#27;[m : Successfully created attachment "Test Data - Excel"
2023-02-07 11:04:36.657 &amp#27;[32m INFO&amp#27;[m &amp#27;[35m[@503 - main]&amp#27;[m &amp#27;[36mcom.shaft.tools.io.ReportManager&amp#27;[m : File Action "DoesFileExist" successfully performed. With the following test data "File Path: "SteeringCompanyAPI_TestData/SteeringCompanyAPI_TestData.xlsx"".
2023-02-07 11:04:36.678 &amp#27;[32m INFO&amp#27;[m &amp#27;[35m[@503 - main]&amp#27;[m &amp#27;[36mcom.shaft.tools.io.ReportManager&amp#27;[m : Successfully created attachment "Test Data - Excel"
2023-02-07 11:04:36.678 &amp#27;[32m INFO&amp#27;[m &amp#27;[35m[@503 - main]&amp#27;[m &amp#27;[36mcom.shaft.tools.io.ReportManager&amp#27;[m : File Action "DoesFileExist" successfully performed. With the following test data "File Path: "SteeringCompanyAPI_TestData/SteeringCompanyAPI_TestData.xlsx"".
2023-02-07 11:04:36.697 &amp#27;[32m INFO&amp#27;[m &amp#27;[35m[@503 - main]&amp#27;[m &amp#27;[36mcom.shaft.tools.io.ReportManager&amp#27;[m : Successfully created attachment "Test Data - Excel"
2023-02-07 11:04:37.224 &amp#27;[32m INFO&amp#27;[m &amp#27;[35m[@503 - main]&amp#27;[m &amp#27;[36mcom.shaft.tools.io.ReportManager&amp#27;[m : Response status code: "200", status line: "HTTP/1.1 200 "
2023-02-07 11:04:37.232 &amp#27;[32m INFO&amp#27;[m &amp#27;[35m[@503 - main]&amp#27;[m &amp#27;[36mcom.shaft.tools.io.ReportManager&amp#27;[m : Successfully created attachment "API Request - Specifications"
2023-02-07 11:04:37.233 &amp#27;[32m INFO&amp#27;[m &amp#27;[35m[@503 - main]&amp#27;[m &amp#27;[36mcom.shaft.tools.io.ReportManager&amp#27;[m : Successfully created attachment "API Request - JSON Body"
2023-02-07 11:04:37.233 &amp#27;[32m INFO&amp#27;[m &amp#27;[35m[@503 - main]&amp#27;[m &amp#27;[36mcom.shaft.tools.io.ReportManager&amp#27;[m : Successfully created attachment "API Response - JSON Body"
2023-02-07 11:04:37.233 &amp#27;[32m INFO&amp#27;[m &amp#27;[35m[@503 - main]&amp#27;[m &amp#27;[36mcom.shaft.tools.io.ReportManager&amp#27;[m : File Action "DoesFileExist" successfully performed. With the following test data "File Path: "src/test/resources/testDataFiles/SteeringCompanyAPI_TestData/SteeringCompanyAPI_TestData.xlsx"".
2023-02-07 11:04:37.264 &amp#27;[32m INFO&amp#27;[m &amp#27;[35m[@503 - main]&amp#27;[m &amp#27;[36mcom.shaft.tools.io.ReportManager&amp#27;[m : File Action "DoesFileExist" successfully performed. With the following test data "File Path: "SteeringCompanyAPI_TestData/SteeringCompanyAPI_TestData.xlsx"".
2023-02-07 11:04:37.278 &amp#27;[32m INFO&amp#27;[m &amp#27;[35m[@503 - main]&amp#27;[m &amp#27;[36mcom.shaft.tools.io.ReportManager&amp#27;[m : Successfully created attachment "Test Data - Excel"
2023-02-07 11:04:37.278 &amp#27;[32m INFO&amp#27;[m &amp#27;[35m[@503 - main]&amp#27;[m &amp#27;[36mcom.shaft.tools.io.ReportManager&amp#27;[m : File Action "DoesFileExist" successfully performed. With the following test data "File Path: "SteeringCompanyAPI_TestData/SteeringCompanyAPI_TestData.xlsx"".
2023-02-07 11:04:37.292 &amp#27;[32m INFO&amp#27;[m &amp#27;[35m[@503 - main]&amp#27;[m &amp#27;[36mcom.shaft.tools.io.ReportManager&amp#27;[m : Successfully created attachment "Test Data - Excel"
2023-02-07 11:04:37.293 &amp#27;[32m INFO&amp#27;[m &amp#27;[35m[@503 - main]&amp#27;[m &amp#27;[36mcom.shaft.tools.io.ReportManager&amp#27;[m : File Action "DoesFileExist" successfully performed. With the following test data "File Path: "Schemas/Payment_Policy_schema.json"".
2023-02-07 11:04:37.293 &amp#27;[32m INFO&amp#27;[m &amp#27;[35m[@503 - main]&amp#27;[m &amp#27;[36mcom.shaft.tools.io.ReportManager&amp#27;[m : File Action "DoesFileExist" successfully performed. With the following test data "File Path: "src/test/resources/testDataFiles/Schemas/Payment_Policy_schema.json"".
2023-02-07 11:04:37.293 &amp#27;[32m INFO&amp#27;[m &amp#27;[35m[@503 - main]&amp#27;[m &amp#27;[36mcom.shaft.tools.io.ReportManager&amp#27;[m : File Action "GetAbsolutePath" successfully performed. With the following test data "Relative Folder Path: "src/test/resources/testDataFiles/Schemas/Payment_Policy_schema.json"".
2023-02-07 11:04:37.294 &amp#27;[32m INFO&amp#27;[m &amp#27;[35m[@503 - main]&amp#27;[m &amp#27;[36mcom.shaft.tools.io.ReportManager&amp#27;[m : File Action "DoesFileExist" successfully performed. With the following test data "File Path: "C:\eclipse-workspace\MyProjects\TASystemsAPIs\src\test\resources\testDataFiles\Schemas\Payment_Policy_schema.json"".
2023-02-07 11:04:37.294 &amp#27;[32m INFO&amp#27;[m &amp#27;[35m[@503 - main]&amp#27;[m &amp#27;[36mcom.shaft.tools.io.ReportManager&amp#27;[m : File Action "GetAbsolutePath" successfully performed. With the following test data "Relative Folder Path: "C:\eclipse-workspace\MyProjects\TASystemsAPIs\src\test\resources\testDataFiles\Schemas\Payment_Policy_schema.json"".
2023-02-07 11:04:37.294 &amp#27;[32m INFO&amp#27;[m &amp#27;[35m[@503 - main]&amp#27;[m &amp#27;[36mcom.shaft.tools.io.ReportManager&amp#27;[m : File Action "ReadFile" successfully performed. With the following test data "File Path: "C:\eclipse-workspace\MyProjects\TASystemsAPIs\src\test\resources\testDataFiles\Schemas\Payment_Policy_schema.json"".
2023-02-07 11:04:37.295 &amp#27;[32m INFO&amp#27;[m &amp#27;[35m[@503 - main]&amp#27;[m &amp#27;[36mcom.shaft.tools.io.ReportManager&amp#27;[m : Successfully created attachment "Validation Test Data - Expected JSON Value"
2023-02-07 11:04:37.296 &amp#27;[32m INFO&amp#27;[m &amp#27;[35m[@503 - main]&amp#27;[m &amp#27;[36mcom.shaft.tools.io.ReportManager&amp#27;[m : Successfully created attachment "Validation Test Data - Actual JSON Value"
2023-02-07 11:04:37.296 &amp#27;[32m INFO&amp#27;[m &amp#27;[35m[@503 - main]&amp#27;[m &amp#27;[36mcom.shaft.tools.io.ReportManager&amp#27;[m : Successfully created attachment "SHAFT Engine Logs - Current Method log: Valid_Update_Payment_Policy_TC"
]]></system-out>
  </testcase>
  <testcase name="Valid_Update_Payment_Policy_TC[[Ljava.lang.Object;@498d58b3](2)" classname="SteeringCompanyAPI_TestCases.Test_Policies_Cases" time="1.749">
    <system-out><![CDATA[2023-02-07 11:04:37.300 &amp#27;[32m INFO&amp#27;[m &amp#27;[35m[@534 - main]&amp#27;[m &amp#27;[36mcom.shaft.tools.io.ReportManager&amp#27;[m : 
################################################################################################################################################
Starting Execution:	"407 out of 107" test cases in the current suite
Test Method:		"SteeringCompanyAPI_TestCases.Test_Policies_Cases.Valid_Update_Payment_Policy_TC"
Test Description:	"TC013 -Policy- Perform Update Valid Payment Policy"
################################################################################################################################################
2023-02-07 11:04:37.301 &amp#27;[32m INFO&amp#27;[m &amp#27;[35m[@503 - main]&amp#27;[m &amp#27;[36mcom.shaft.tools.io.ReportManager&amp#27;[m : File Action "DoesFileExist" successfully performed. With the following test data "File Path: "SteeringCompanyAPI_TestData/SteeringCompanyAPI_TestData.xlsx"".
2023-02-07 11:04:37.315 &amp#27;[32m INFO&amp#27;[m &amp#27;[35m[@503 - main]&amp#27;[m &amp#27;[36mcom.shaft.tools.io.ReportManager&amp#27;[m : Successfully created attachment "Test Data - Excel"
2023-02-07 11:04:37.967 &amp#27;[32m INFO&amp#27;[m &amp#27;[35m[@503 - main]&amp#27;[m &amp#27;[36mcom.shaft.tools.io.ReportManager&amp#27;[m : Response status code: "200", status line: "HTTP/1.1 200 OK"
2023-02-07 11:04:37.975 &amp#27;[32m INFO&amp#27;[m &amp#27;[35m[@503 - main]&amp#27;[m &amp#27;[36mcom.shaft.tools.io.ReportManager&amp#27;[m : Successfully created attachment "API Request - Specifications"
2023-02-07 11:04:37.978 &amp#27;[32m INFO&amp#27;[m &amp#27;[35m[@503 - main]&amp#27;[m &amp#27;[36mcom.shaft.tools.io.ReportManager&amp#27;[m : Successfully created attachment "API Request - Body"
2023-02-07 11:04:37.979 &amp#27;[32m INFO&amp#27;[m &amp#27;[35m[@503 - main]&amp#27;[m &amp#27;[36mcom.shaft.tools.io.ReportManager&amp#27;[m : Successfully created attachment "API Response - JSON Body"
2023-02-07 11:04:37.984 &amp#27;[32m INFO&amp#27;[m &amp#27;[35m[@503 - main]&amp#27;[m &amp#27;[36mcom.shaft.tools.io.ReportManager&amp#27;[m : File Action "DoesFileExist" successfully performed. With the following test data "File Path: "SteeringCompanyAPI_TestData/SteeringCompanyAPI_TestData.xlsx"".
2023-02-07 11:04:37.997 &amp#27;[32m INFO&amp#27;[m &amp#27;[35m[@503 - main]&amp#27;[m &amp#27;[36mcom.shaft.tools.io.ReportManager&amp#27;[m : Successfully created attachment "Test Data - Excel"
2023-02-07 11:04:37.998 &amp#27;[32m INFO&amp#27;[m &amp#27;[35m[@503 - main]&amp#27;[m &amp#27;[36mcom.shaft.tools.io.ReportManager&amp#27;[m : File Action "DoesFileExist" successfully performed. With the following test data "File Path: "SteeringCompanyAPI_TestData/SteeringCompanyAPI_TestData.xlsx"".
2023-02-07 11:04:38.011 &amp#27;[32m INFO&amp#27;[m &amp#27;[35m[@503 - main]&amp#27;[m &amp#27;[36mcom.shaft.tools.io.ReportManager&amp#27;[m : Successfully created attachment "Test Data - Excel"
2023-02-07 11:04:38.012 &amp#27;[32m INFO&amp#27;[m &amp#27;[35m[@503 - main]&amp#27;[m &amp#27;[36mcom.shaft.tools.io.ReportManager&amp#27;[m : File Action "DoesFileExist" successfully performed. With the following test data "File Path: "SteeringCompanyAPI_TestData/SteeringCompanyAPI_TestData.xlsx"".
2023-02-07 11:04:38.025 &amp#27;[32m INFO&amp#27;[m &amp#27;[35m[@503 - main]&amp#27;[m &amp#27;[36mcom.shaft.tools.io.ReportManager&amp#27;[m : Successfully created attachment "Test Data - Excel"
2023-02-07 11:04:38.960 &amp#27;[32m INFO&amp#27;[m &amp#27;[35m[@503 - main]&amp#27;[m &amp#27;[36mcom.shaft.tools.io.ReportManager&amp#27;[m : Response status code: "200", status line: "HTTP/1.1 200 "
2023-02-07 11:04:38.968 &amp#27;[32m INFO&amp#27;[m &amp#27;[35m[@503 - main]&amp#27;[m &amp#27;[36mcom.shaft.tools.io.ReportManager&amp#27;[m : Successfully created attachment "API Request - Specifications"
2023-02-07 11:04:38.968 &amp#27;[32m INFO&amp#27;[m &amp#27;[35m[@503 - main]&amp#27;[m &amp#27;[36mcom.shaft.tools.io.ReportManager&amp#27;[m : Successfully created attachment "API Request - JSON Body"
2023-02-07 11:04:38.968 &amp#27;[32m INFO&amp#27;[m &amp#27;[35m[@503 - main]&amp#27;[m &amp#27;[36mcom.shaft.tools.io.ReportManager&amp#27;[m : Successfully created attachment "API Response - JSON Body"
2023-02-07 11:04:38.968 &amp#27;[32m INFO&amp#27;[m &amp#27;[35m[@503 - main]&amp#27;[m &amp#27;[36mcom.shaft.tools.io.ReportManager&amp#27;[m : File Action "DoesFileExist" successfully performed. With the following test data "File Path: "src/test/resources/testDataFiles/SteeringCompanyAPI_TestData/SteeringCompanyAPI_TestData.xlsx"".
2023-02-07 11:04:39.009 &amp#27;[32m INFO&amp#27;[m &amp#27;[35m[@503 - main]&amp#27;[m &amp#27;[36mcom.shaft.tools.io.ReportManager&amp#27;[m : File Action "DoesFileExist" successfully performed. With the following test data "File Path: "SteeringCompanyAPI_TestData/SteeringCompanyAPI_TestData.xlsx"".
2023-02-07 11:04:39.024 &amp#27;[32m INFO&amp#27;[m &amp#27;[35m[@503 - main]&amp#27;[m &amp#27;[36mcom.shaft.tools.io.ReportManager&amp#27;[m : Successfully created attachment "Test Data - Excel"
2023-02-07 11:04:39.024 &amp#27;[32m INFO&amp#27;[m &amp#27;[35m[@503 - main]&amp#27;[m &amp#27;[36mcom.shaft.tools.io.ReportManager&amp#27;[m : File Action "DoesFileExist" successfully performed. With the following test data "File Path: "SteeringCompanyAPI_TestData/SteeringCompanyAPI_TestData.xlsx"".
2023-02-07 11:04:39.039 &amp#27;[32m INFO&amp#27;[m &amp#27;[35m[@503 - main]&amp#27;[m &amp#27;[36mcom.shaft.tools.io.ReportManager&amp#27;[m : Successfully created attachment "Test Data - Excel"
2023-02-07 11:04:39.040 &amp#27;[32m INFO&amp#27;[m &amp#27;[35m[@503 - main]&amp#27;[m &amp#27;[36mcom.shaft.tools.io.ReportManager&amp#27;[m : File Action "DoesFileExist" successfully performed. With the following test data "File Path: "Schemas/Payment_Policy_schema.json"".
2023-02-07 11:04:39.040 &amp#27;[32m INFO&amp#27;[m &amp#27;[35m[@503 - main]&amp#27;[m &amp#27;[36mcom.shaft.tools.io.ReportManager&amp#27;[m : File Action "DoesFileExist" successfully performed. With the following test data "File Path: "src/test/resources/testDataFiles/Schemas/Payment_Policy_schema.json"".
2023-02-07 11:04:39.040 &amp#27;[32m INFO&amp#27;[m &amp#27;[35m[@503 - main]&amp#27;[m &amp#27;[36mcom.shaft.tools.io.ReportManager&amp#27;[m : File Action "GetAbsolutePath" successfully performed. With the following test data "Relative Folder Path: "src/test/resources/testDataFiles/Schemas/Payment_Policy_schema.json"".
2023-02-07 11:04:39.042 &amp#27;[32m INFO&amp#27;[m &amp#27;[35m[@503 - main]&amp#27;[m &amp#27;[36mcom.shaft.tools.io.ReportManager&amp#27;[m : File Action "DoesFileExist" successfully performed. With the following test data "File Path: "C:\eclipse-workspace\MyProjects\TASystemsAPIs\src\test\resources\testDataFiles\Schemas\Payment_Policy_schema.json"".
2023-02-07 11:04:39.042 &amp#27;[32m INFO&amp#27;[m &amp#27;[35m[@503 - main]&amp#27;[m &amp#27;[36mcom.shaft.tools.io.ReportManager&amp#27;[m : File Action "GetAbsolutePath" successfully performed. With the following test data "Relative Folder Path: "C:\eclipse-workspace\MyProjects\TASystemsAPIs\src\test\resources\testDataFiles\Schemas\Payment_Policy_schema.json"".
2023-02-07 11:04:39.042 &amp#27;[32m INFO&amp#27;[m &amp#27;[35m[@503 - main]&amp#27;[m &amp#27;[36mcom.shaft.tools.io.ReportManager&amp#27;[m : File Action "ReadFile" successfully performed. With the following test data "File Path: "C:\eclipse-workspace\MyProjects\TASystemsAPIs\src\test\resources\testDataFiles\Schemas\Payment_Policy_schema.json"".
2023-02-07 11:04:39.043 &amp#27;[32m INFO&amp#27;[m &amp#27;[35m[@503 - main]&amp#27;[m &amp#27;[36mcom.shaft.tools.io.ReportManager&amp#27;[m : Successfully created attachment "Validation Test Data - Expected JSON Value"
2023-02-07 11:04:39.046 &amp#27;[32m INFO&amp#27;[m &amp#27;[35m[@503 - main]&amp#27;[m &amp#27;[36mcom.shaft.tools.io.ReportManager&amp#27;[m : Successfully created attachment "Validation Test Data - Actual JSON Value"
2023-02-07 11:04:39.046 &amp#27;[32m INFO&amp#27;[m &amp#27;[35m[@503 - main]&amp#27;[m &amp#27;[36mcom.shaft.tools.io.ReportManager&amp#27;[m : Successfully created attachment "SHAFT Engine Logs - Current Method log: Valid_Update_Payment_Policy_TC"
]]></system-out>
  </testcase>
  <testcase name="Valid_Update_Tax_Policy_TC[[Ljava.lang.Object;@27bf5956](1)" classname="SteeringCompanyAPI_TestCases.Test_Policies_Cases" time="2.247">
    <system-out><![CDATA[2023-02-07 11:04:39.051 &amp#27;[32m INFO&amp#27;[m &amp#27;[35m[@534 - main]&amp#27;[m &amp#27;[36mcom.shaft.tools.io.ReportManager&amp#27;[m : 
################################################################################################################################################
Starting Execution:	"408 out of 107" test cases in the current suite
Test Method:		"SteeringCompanyAPI_TestCases.Test_Policies_Cases.Valid_Update_Tax_Policy_TC"
Test Description:	"TC011 -Policy- Perform Update Valid Tax Policy"
################################################################################################################################################
2023-02-07 11:04:39.052 &amp#27;[32m INFO&amp#27;[m &amp#27;[35m[@503 - main]&amp#27;[m &amp#27;[36mcom.shaft.tools.io.ReportManager&amp#27;[m : File Action "DoesFileExist" successfully performed. With the following test data "File Path: "SteeringCompanyAPI_TestData/SteeringCompanyAPI_TestData.xlsx"".
2023-02-07 11:04:39.067 &amp#27;[32m INFO&amp#27;[m &amp#27;[35m[@503 - main]&amp#27;[m &amp#27;[36mcom.shaft.tools.io.ReportManager&amp#27;[m : Successfully created attachment "Test Data - Excel"
2023-02-07 11:04:39.657 &amp#27;[32m INFO&amp#27;[m &amp#27;[35m[@503 - main]&amp#27;[m &amp#27;[36mcom.shaft.tools.io.ReportManager&amp#27;[m : Response status code: "200", status line: "HTTP/1.1 200 OK"
2023-02-07 11:04:39.667 &amp#27;[32m INFO&amp#27;[m &amp#27;[35m[@503 - main]&amp#27;[m &amp#27;[36mcom.shaft.tools.io.ReportManager&amp#27;[m : Successfully created attachment "API Request - Specifications"
2023-02-07 11:04:39.670 &amp#27;[32m INFO&amp#27;[m &amp#27;[35m[@503 - main]&amp#27;[m &amp#27;[36mcom.shaft.tools.io.ReportManager&amp#27;[m : Successfully created attachment "API Request - Body"
2023-02-07 11:04:39.670 &amp#27;[32m INFO&amp#27;[m &amp#27;[35m[@503 - main]&amp#27;[m &amp#27;[36mcom.shaft.tools.io.ReportManager&amp#27;[m : Successfully created attachment "API Response - JSON Body"
2023-02-07 11:04:39.676 &amp#27;[32m INFO&amp#27;[m &amp#27;[35m[@503 - main]&amp#27;[m &amp#27;[36mcom.shaft.tools.io.ReportManager&amp#27;[m : File Action "DoesFileExist" successfully performed. With the following test data "File Path: "SteeringCompanyAPI_TestData/SteeringCompanyAPI_TestData.xlsx"".
2023-02-07 11:04:39.691 &amp#27;[32m INFO&amp#27;[m &amp#27;[35m[@503 - main]&amp#27;[m &amp#27;[36mcom.shaft.tools.io.ReportManager&amp#27;[m : Successfully created attachment "Test Data - Excel"
2023-02-07 11:04:39.691 &amp#27;[32m INFO&amp#27;[m &amp#27;[35m[@503 - main]&amp#27;[m &amp#27;[36mcom.shaft.tools.io.ReportManager&amp#27;[m : File Action "DoesFileExist" successfully performed. With the following test data "File Path: "SteeringCompanyAPI_TestData/SteeringCompanyAPI_TestData.xlsx"".
2023-02-07 11:04:39.704 &amp#27;[32m INFO&amp#27;[m &amp#27;[35m[@503 - main]&amp#27;[m &amp#27;[36mcom.shaft.tools.io.ReportManager&amp#27;[m : Successfully created attachment "Test Data - Excel"
2023-02-07 11:04:39.704 &amp#27;[32m INFO&amp#27;[m &amp#27;[35m[@503 - main]&amp#27;[m &amp#27;[36mcom.shaft.tools.io.ReportManager&amp#27;[m : File Action "DoesFileExist" successfully performed. With the following test data "File Path: "SteeringCompanyAPI_TestData/SteeringCompanyAPI_TestData.xlsx"".
2023-02-07 11:04:39.720 &amp#27;[32m INFO&amp#27;[m &amp#27;[35m[@503 - main]&amp#27;[m &amp#27;[36mcom.shaft.tools.io.ReportManager&amp#27;[m : Successfully created attachment "Test Data - Excel"
2023-02-07 11:04:41.122 &amp#27;[32m INFO&amp#27;[m &amp#27;[35m[@503 - main]&amp#27;[m &amp#27;[36mcom.shaft.tools.io.ReportManager&amp#27;[m : Response status code: "200", status line: "HTTP/1.1 200 "
2023-02-07 11:04:41.136 &amp#27;[32m INFO&amp#27;[m &amp#27;[35m[@503 - main]&amp#27;[m &amp#27;[36mcom.shaft.tools.io.ReportManager&amp#27;[m : Successfully created attachment "API Request - Specifications"
2023-02-07 11:04:41.137 &amp#27;[32m INFO&amp#27;[m &amp#27;[35m[@503 - main]&amp#27;[m &amp#27;[36mcom.shaft.tools.io.ReportManager&amp#27;[m : Successfully created attachment "API Request - JSON Body"
2023-02-07 11:04:41.138 &amp#27;[32m INFO&amp#27;[m &amp#27;[35m[@503 - main]&amp#27;[m &amp#27;[36mcom.shaft.tools.io.ReportManager&amp#27;[m : Successfully created attachment "API Response - JSON Body"
2023-02-07 11:04:41.138 &amp#27;[32m INFO&amp#27;[m &amp#27;[35m[@503 - main]&amp#27;[m &amp#27;[36mcom.shaft.tools.io.ReportManager&amp#27;[m : File Action "DoesFileExist" successfully performed. With the following test data "File Path: "src/test/resources/testDataFiles/SteeringCompanyAPI_TestData/SteeringCompanyAPI_TestData.xlsx"".
2023-02-07 11:04:41.203 &amp#27;[32m INFO&amp#27;[m &amp#27;[35m[@503 - main]&amp#27;[m &amp#27;[36mcom.shaft.tools.io.ReportManager&amp#27;[m : File Action "DoesFileExist" successfully performed. With the following test data "File Path: "SteeringCompanyAPI_TestData/SteeringCompanyAPI_TestData.xlsx"".
2023-02-07 11:04:41.248 &amp#27;[32m INFO&amp#27;[m &amp#27;[35m[@503 - main]&amp#27;[m &amp#27;[36mcom.shaft.tools.io.ReportManager&amp#27;[m : Successfully created attachment "Test Data - Excel"
2023-02-07 11:04:41.248 &amp#27;[32m INFO&amp#27;[m &amp#27;[35m[@503 - main]&amp#27;[m &amp#27;[36mcom.shaft.tools.io.ReportManager&amp#27;[m : File Action "DoesFileExist" successfully performed. With the following test data "File Path: "SteeringCompanyAPI_TestData/SteeringCompanyAPI_TestData.xlsx"".
2023-02-07 11:04:41.292 &amp#27;[32m INFO&amp#27;[m &amp#27;[35m[@503 - main]&amp#27;[m &amp#27;[36mcom.shaft.tools.io.ReportManager&amp#27;[m : Successfully created attachment "Test Data - Excel"
2023-02-07 11:04:41.293 &amp#27;[32m INFO&amp#27;[m &amp#27;[35m[@503 - main]&amp#27;[m &amp#27;[36mcom.shaft.tools.io.ReportManager&amp#27;[m : File Action "DoesFileExist" successfully performed. With the following test data "File Path: "Schemas/Tax_Policy_schema.json"".
2023-02-07 11:04:41.293 &amp#27;[32m INFO&amp#27;[m &amp#27;[35m[@503 - main]&amp#27;[m &amp#27;[36mcom.shaft.tools.io.ReportManager&amp#27;[m : File Action "DoesFileExist" successfully performed. With the following test data "File Path: "src/test/resources/testDataFiles/Schemas/Tax_Policy_schema.json"".
2023-02-07 11:04:41.293 &amp#27;[32m INFO&amp#27;[m &amp#27;[35m[@503 - main]&amp#27;[m &amp#27;[36mcom.shaft.tools.io.ReportManager&amp#27;[m : File Action "GetAbsolutePath" successfully performed. With the following test data "Relative Folder Path: "src/test/resources/testDataFiles/Schemas/Tax_Policy_schema.json"".
2023-02-07 11:04:41.294 &amp#27;[32m INFO&amp#27;[m &amp#27;[35m[@503 - main]&amp#27;[m &amp#27;[36mcom.shaft.tools.io.ReportManager&amp#27;[m : File Action "DoesFileExist" successfully performed. With the following test data "File Path: "C:\eclipse-workspace\MyProjects\TASystemsAPIs\src\test\resources\testDataFiles\Schemas\Tax_Policy_schema.json"".
2023-02-07 11:04:41.295 &amp#27;[32m INFO&amp#27;[m &amp#27;[35m[@503 - main]&amp#27;[m &amp#27;[36mcom.shaft.tools.io.ReportManager&amp#27;[m : File Action "GetAbsolutePath" successfully performed. With the following test data "Relative Folder Path: "C:\eclipse-workspace\MyProjects\TASystemsAPIs\src\test\resources\testDataFiles\Schemas\Tax_Policy_schema.json"".
2023-02-07 11:04:41.295 &amp#27;[32m INFO&amp#27;[m &amp#27;[35m[@503 - main]&amp#27;[m &amp#27;[36mcom.shaft.tools.io.ReportManager&amp#27;[m : File Action "ReadFile" successfully performed. With the following test data "File Path: "C:\eclipse-workspace\MyProjects\TASystemsAPIs\src\test\resources\testDataFiles\Schemas\Tax_Policy_schema.json"".
2023-02-07 11:04:41.296 &amp#27;[32m INFO&amp#27;[m &amp#27;[35m[@503 - main]&amp#27;[m &amp#27;[36mcom.shaft.tools.io.ReportManager&amp#27;[m : Successfully created attachment "Validation Test Data - Expected JSON Value"
2023-02-07 11:04:41.296 &amp#27;[32m INFO&amp#27;[m &amp#27;[35m[@503 - main]&amp#27;[m &amp#27;[36mcom.shaft.tools.io.ReportManager&amp#27;[m : Successfully created attachment "Validation Test Data - Actual JSON Value"
2023-02-07 11:04:41.297 &amp#27;[32m INFO&amp#27;[m &amp#27;[35m[@503 - main]&amp#27;[m &amp#27;[36mcom.shaft.tools.io.ReportManager&amp#27;[m : Successfully created attachment "SHAFT Engine Logs - Current Method log: Valid_Update_Tax_Policy_TC"
]]></system-out>
  </testcase>
  <testcase name="Valid_Update_Tax_Policy_TC[[Ljava.lang.Object;@63d3f717](2)" classname="SteeringCompanyAPI_TestCases.Test_Policies_Cases" time="2.379">
    <system-out><![CDATA[2023-02-07 11:04:41.298 &amp#27;[32m INFO&amp#27;[m &amp#27;[35m[@534 - main]&amp#27;[m &amp#27;[36mcom.shaft.tools.io.ReportManager&amp#27;[m : 
################################################################################################################################################
Starting Execution:	"409 out of 107" test cases in the current suite
Test Method:		"SteeringCompanyAPI_TestCases.Test_Policies_Cases.Valid_Update_Tax_Policy_TC"
Test Description:	"TC011 -Policy- Perform Update Valid Tax Policy"
################################################################################################################################################
2023-02-07 11:04:41.298 &amp#27;[32m INFO&amp#27;[m &amp#27;[35m[@503 - main]&amp#27;[m &amp#27;[36mcom.shaft.tools.io.ReportManager&amp#27;[m : File Action "DoesFileExist" successfully performed. With the following test data "File Path: "SteeringCompanyAPI_TestData/SteeringCompanyAPI_TestData.xlsx"".
2023-02-07 11:04:41.318 &amp#27;[32m INFO&amp#27;[m &amp#27;[35m[@503 - main]&amp#27;[m &amp#27;[36mcom.shaft.tools.io.ReportManager&amp#27;[m : Successfully created attachment "Test Data - Excel"
2023-02-07 11:04:42.854 &amp#27;[32m INFO&amp#27;[m &amp#27;[35m[@503 - main]&amp#27;[m &amp#27;[36mcom.shaft.tools.io.ReportManager&amp#27;[m : Response status code: "200", status line: "HTTP/1.1 200 OK"
2023-02-07 11:04:42.870 &amp#27;[32m INFO&amp#27;[m &amp#27;[35m[@503 - main]&amp#27;[m &amp#27;[36mcom.shaft.tools.io.ReportManager&amp#27;[m : Successfully created attachment "API Request - Specifications"
2023-02-07 11:04:42.873 &amp#27;[32m INFO&amp#27;[m &amp#27;[35m[@503 - main]&amp#27;[m &amp#27;[36mcom.shaft.tools.io.ReportManager&amp#27;[m : Successfully created attachment "API Request - Body"
2023-02-07 11:04:42.874 &amp#27;[32m INFO&amp#27;[m &amp#27;[35m[@503 - main]&amp#27;[m &amp#27;[36mcom.shaft.tools.io.ReportManager&amp#27;[m : Successfully created attachment "API Response - JSON Body"
2023-02-07 11:04:42.888 &amp#27;[32m INFO&amp#27;[m &amp#27;[35m[@503 - main]&amp#27;[m &amp#27;[36mcom.shaft.tools.io.ReportManager&amp#27;[m : File Action "DoesFileExist" successfully performed. With the following test data "File Path: "SteeringCompanyAPI_TestData/SteeringCompanyAPI_TestData.xlsx"".
2023-02-07 11:04:42.925 &amp#27;[32m INFO&amp#27;[m &amp#27;[35m[@503 - main]&amp#27;[m &amp#27;[36mcom.shaft.tools.io.ReportManager&amp#27;[m : Successfully created attachment "Test Data - Excel"
2023-02-07 11:04:42.926 &amp#27;[32m INFO&amp#27;[m &amp#27;[35m[@503 - main]&amp#27;[m &amp#27;[36mcom.shaft.tools.io.ReportManager&amp#27;[m : File Action "DoesFileExist" successfully performed. With the following test data "File Path: "SteeringCompanyAPI_TestData/SteeringCompanyAPI_TestData.xlsx"".
2023-02-07 11:04:42.961 &amp#27;[32m INFO&amp#27;[m &amp#27;[35m[@503 - main]&amp#27;[m &amp#27;[36mcom.shaft.tools.io.ReportManager&amp#27;[m : Successfully created attachment "Test Data - Excel"
2023-02-07 11:04:42.962 &amp#27;[32m INFO&amp#27;[m &amp#27;[35m[@503 - main]&amp#27;[m &amp#27;[36mcom.shaft.tools.io.ReportManager&amp#27;[m : File Action "DoesFileExist" successfully performed. With the following test data "File Path: "SteeringCompanyAPI_TestData/SteeringCompanyAPI_TestData.xlsx"".
2023-02-07 11:04:42.991 &amp#27;[32m INFO&amp#27;[m &amp#27;[35m[@503 - main]&amp#27;[m &amp#27;[36mcom.shaft.tools.io.ReportManager&amp#27;[m : Successfully created attachment "Test Data - Excel"
2023-02-07 11:04:43.499 &amp#27;[32m INFO&amp#27;[m &amp#27;[35m[@503 - main]&amp#27;[m &amp#27;[36mcom.shaft.tools.io.ReportManager&amp#27;[m : Response status code: "200", status line: "HTTP/1.1 200 "
2023-02-07 11:04:43.515 &amp#27;[32m INFO&amp#27;[m &amp#27;[35m[@503 - main]&amp#27;[m &amp#27;[36mcom.shaft.tools.io.ReportManager&amp#27;[m : Successfully created attachment "API Request - Specifications"
2023-02-07 11:04:43.516 &amp#27;[32m INFO&amp#27;[m &amp#27;[35m[@503 - main]&amp#27;[m &amp#27;[36mcom.shaft.tools.io.ReportManager&amp#27;[m : Successfully created attachment "API Request - JSON Body"
2023-02-07 11:04:43.521 &amp#27;[32m INFO&amp#27;[m &amp#27;[35m[@503 - main]&amp#27;[m &amp#27;[36mcom.shaft.tools.io.ReportManager&amp#27;[m : Successfully created attachment "API Response - JSON Body"
2023-02-07 11:04:43.521 &amp#27;[32m INFO&amp#27;[m &amp#27;[35m[@503 - main]&amp#27;[m &amp#27;[36mcom.shaft.tools.io.ReportManager&amp#27;[m : File Action "DoesFileExist" successfully performed. With the following test data "File Path: "src/test/resources/testDataFiles/SteeringCompanyAPI_TestData/SteeringCompanyAPI_TestData.xlsx"".
2023-02-07 11:04:43.596 &amp#27;[32m INFO&amp#27;[m &amp#27;[35m[@503 - main]&amp#27;[m &amp#27;[36mcom.shaft.tools.io.ReportManager&amp#27;[m : File Action "DoesFileExist" successfully performed. With the following test data "File Path: "SteeringCompanyAPI_TestData/SteeringCompanyAPI_TestData.xlsx"".
2023-02-07 11:04:43.639 &amp#27;[32m INFO&amp#27;[m &amp#27;[35m[@503 - main]&amp#27;[m &amp#27;[36mcom.shaft.tools.io.ReportManager&amp#27;[m : Successfully created attachment "Test Data - Excel"
2023-02-07 11:04:43.639 &amp#27;[32m INFO&amp#27;[m &amp#27;[35m[@503 - main]&amp#27;[m &amp#27;[36mcom.shaft.tools.io.ReportManager&amp#27;[m : File Action "DoesFileExist" successfully performed. With the following test data "File Path: "SteeringCompanyAPI_TestData/SteeringCompanyAPI_TestData.xlsx"".
2023-02-07 11:04:43.669 &amp#27;[32m INFO&amp#27;[m &amp#27;[35m[@503 - main]&amp#27;[m &amp#27;[36mcom.shaft.tools.io.ReportManager&amp#27;[m : Successfully created attachment "Test Data - Excel"
2023-02-07 11:04:43.670 &amp#27;[32m INFO&amp#27;[m &amp#27;[35m[@503 - main]&amp#27;[m &amp#27;[36mcom.shaft.tools.io.ReportManager&amp#27;[m : File Action "DoesFileExist" successfully performed. With the following test data "File Path: "Schemas/Tax_Policy_schema.json"".
2023-02-07 11:04:43.670 &amp#27;[32m INFO&amp#27;[m &amp#27;[35m[@503 - main]&amp#27;[m &amp#27;[36mcom.shaft.tools.io.ReportManager&amp#27;[m : File Action "DoesFileExist" successfully performed. With the following test data "File Path: "src/test/resources/testDataFiles/Schemas/Tax_Policy_schema.json"".
2023-02-07 11:04:43.670 &amp#27;[32m INFO&amp#27;[m &amp#27;[35m[@503 - main]&amp#27;[m &amp#27;[36mcom.shaft.tools.io.ReportManager&amp#27;[m : File Action "GetAbsolutePath" successfully performed. With the following test data "Relative Folder Path: "src/test/resources/testDataFiles/Schemas/Tax_Policy_schema.json"".
2023-02-07 11:04:43.672 &amp#27;[32m INFO&amp#27;[m &amp#27;[35m[@503 - main]&amp#27;[m &amp#27;[36mcom.shaft.tools.io.ReportManager&amp#27;[m : File Action "DoesFileExist" successfully performed. With the following test data "File Path: "C:\eclipse-workspace\MyProjects\TASystemsAPIs\src\test\resources\testDataFiles\Schemas\Tax_Policy_schema.json"".
2023-02-07 11:04:43.672 &amp#27;[32m INFO&amp#27;[m &amp#27;[35m[@503 - main]&amp#27;[m &amp#27;[36mcom.shaft.tools.io.ReportManager&amp#27;[m : File Action "GetAbsolutePath" successfully performed. With the following test data "Relative Folder Path: "C:\eclipse-workspace\MyProjects\TASystemsAPIs\src\test\resources\testDataFiles\Schemas\Tax_Policy_schema.json"".
2023-02-07 11:04:43.672 &amp#27;[32m INFO&amp#27;[m &amp#27;[35m[@503 - main]&amp#27;[m &amp#27;[36mcom.shaft.tools.io.ReportManager&amp#27;[m : File Action "ReadFile" successfully performed. With the following test data "File Path: "C:\eclipse-workspace\MyProjects\TASystemsAPIs\src\test\resources\testDataFiles\Schemas\Tax_Policy_schema.json"".
2023-02-07 11:04:43.674 &amp#27;[32m INFO&amp#27;[m &amp#27;[35m[@503 - main]&amp#27;[m &amp#27;[36mcom.shaft.tools.io.ReportManager&amp#27;[m : Successfully created attachment "Validation Test Data - Expected JSON Value"
2023-02-07 11:04:43.674 &amp#27;[32m INFO&amp#27;[m &amp#27;[35m[@503 - main]&amp#27;[m &amp#27;[36mcom.shaft.tools.io.ReportManager&amp#27;[m : Successfully created attachment "Validation Test Data - Actual JSON Value"
2023-02-07 11:04:43.675 &amp#27;[32m INFO&amp#27;[m &amp#27;[35m[@503 - main]&amp#27;[m &amp#27;[36mcom.shaft.tools.io.ReportManager&amp#27;[m : Successfully created attachment "SHAFT Engine Logs - Current Method log: Valid_Update_Tax_Policy_TC"
]]></system-out>
  </testcase>
  <testcase name="Valid_Update_Usage_Policy_TC[[Ljava.lang.Object;@2d923bb](1)" classname="SteeringCompanyAPI_TestCases.Test_Policies_Cases" time="2.858">
    <system-out><![CDATA[2023-02-07 11:04:43.687 &amp#27;[32m INFO&amp#27;[m &amp#27;[35m[@534 - main]&amp#27;[m &amp#27;[36mcom.shaft.tools.io.ReportManager&amp#27;[m : 
################################################################################################################################################
Starting Execution:	"410 out of 107" test cases in the current suite
Test Method:		"SteeringCompanyAPI_TestCases.Test_Policies_Cases.Valid_Update_Usage_Policy_TC"
Test Description:	"TC012 -Policy- Perform Update Valid Usage Policy"
################################################################################################################################################
2023-02-07 11:04:43.687 &amp#27;[32m INFO&amp#27;[m &amp#27;[35m[@503 - main]&amp#27;[m &amp#27;[36mcom.shaft.tools.io.ReportManager&amp#27;[m : File Action "DoesFileExist" successfully performed. With the following test data "File Path: "SteeringCompanyAPI_TestData/SteeringCompanyAPI_TestData.xlsx"".
2023-02-07 11:04:43.737 &amp#27;[32m INFO&amp#27;[m &amp#27;[35m[@503 - main]&amp#27;[m &amp#27;[36mcom.shaft.tools.io.ReportManager&amp#27;[m : Successfully created attachment "Test Data - Excel"
2023-02-07 11:04:44.348 &amp#27;[32m INFO&amp#27;[m &amp#27;[35m[@503 - main]&amp#27;[m &amp#27;[36mcom.shaft.tools.io.ReportManager&amp#27;[m : Response status code: "200", status line: "HTTP/1.1 200 OK"
2023-02-07 11:04:44.368 &amp#27;[32m INFO&amp#27;[m &amp#27;[35m[@503 - main]&amp#27;[m &amp#27;[36mcom.shaft.tools.io.ReportManager&amp#27;[m : Successfully created attachment "API Request - Specifications"
2023-02-07 11:04:44.369 &amp#27;[32m INFO&amp#27;[m &amp#27;[35m[@503 - main]&amp#27;[m &amp#27;[36mcom.shaft.tools.io.ReportManager&amp#27;[m : Successfully created attachment "API Request - Body"
2023-02-07 11:04:44.371 &amp#27;[32m INFO&amp#27;[m &amp#27;[35m[@503 - main]&amp#27;[m &amp#27;[36mcom.shaft.tools.io.ReportManager&amp#27;[m : Successfully created attachment "API Response - JSON Body"
2023-02-07 11:04:44.390 &amp#27;[32m INFO&amp#27;[m &amp#27;[35m[@503 - main]&amp#27;[m &amp#27;[36mcom.shaft.tools.io.ReportManager&amp#27;[m : File Action "DoesFileExist" successfully performed. With the following test data "File Path: "SteeringCompanyAPI_TestData/SteeringCompanyAPI_TestData.xlsx"".
2023-02-07 11:04:44.416 &amp#27;[32m INFO&amp#27;[m &amp#27;[35m[@503 - main]&amp#27;[m &amp#27;[36mcom.shaft.tools.io.ReportManager&amp#27;[m : Successfully created attachment "Test Data - Excel"
2023-02-07 11:04:44.417 &amp#27;[32m INFO&amp#27;[m &amp#27;[35m[@503 - main]&amp#27;[m &amp#27;[36mcom.shaft.tools.io.ReportManager&amp#27;[m : File Action "DoesFileExist" successfully performed. With the following test data "File Path: "SteeringCompanyAPI_TestData/SteeringCompanyAPI_TestData.xlsx"".
2023-02-07 11:04:44.456 &amp#27;[32m INFO&amp#27;[m &amp#27;[35m[@503 - main]&amp#27;[m &amp#27;[36mcom.shaft.tools.io.ReportManager&amp#27;[m : Successfully created attachment "Test Data - Excel"
2023-02-07 11:04:44.457 &amp#27;[32m INFO&amp#27;[m &amp#27;[35m[@503 - main]&amp#27;[m &amp#27;[36mcom.shaft.tools.io.ReportManager&amp#27;[m : File Action "DoesFileExist" successfully performed. With the following test data "File Path: "SteeringCompanyAPI_TestData/SteeringCompanyAPI_TestData.xlsx"".
2023-02-07 11:04:44.491 &amp#27;[32m INFO&amp#27;[m &amp#27;[35m[@503 - main]&amp#27;[m &amp#27;[36mcom.shaft.tools.io.ReportManager&amp#27;[m : Successfully created attachment "Test Data - Excel"
2023-02-07 11:04:46.233 &amp#27;[32m INFO&amp#27;[m &amp#27;[35m[@503 - main]&amp#27;[m &amp#27;[36mcom.shaft.tools.io.ReportManager&amp#27;[m : Response status code: "200", status line: "HTTP/1.1 200 "
2023-02-07 11:04:46.387 &amp#27;[32m INFO&amp#27;[m &amp#27;[35m[@503 - main]&amp#27;[m &amp#27;[36mcom.shaft.tools.io.ReportManager&amp#27;[m : Successfully created attachment "API Request - Specifications"
2023-02-07 11:04:46.389 &amp#27;[32m INFO&amp#27;[m &amp#27;[35m[@503 - main]&amp#27;[m &amp#27;[36mcom.shaft.tools.io.ReportManager&amp#27;[m : Successfully created attachment "API Request - JSON Body"
2023-02-07 11:04:46.390 &amp#27;[32m INFO&amp#27;[m &amp#27;[35m[@503 - main]&amp#27;[m &amp#27;[36mcom.shaft.tools.io.ReportManager&amp#27;[m : Successfully created attachment "API Response - JSON Body"
2023-02-07 11:04:46.390 &amp#27;[32m INFO&amp#27;[m &amp#27;[35m[@503 - main]&amp#27;[m &amp#27;[36mcom.shaft.tools.io.ReportManager&amp#27;[m : File Action "DoesFileExist" successfully performed. With the following test data "File Path: "src/test/resources/testDataFiles/SteeringCompanyAPI_TestData/SteeringCompanyAPI_TestData.xlsx"".
2023-02-07 11:04:46.476 &amp#27;[32m INFO&amp#27;[m &amp#27;[35m[@503 - main]&amp#27;[m &amp#27;[36mcom.shaft.tools.io.ReportManager&amp#27;[m : File Action "DoesFileExist" successfully performed. With the following test data "File Path: "SteeringCompanyAPI_TestData/SteeringCompanyAPI_TestData.xlsx"".
2023-02-07 11:04:46.496 &amp#27;[32m INFO&amp#27;[m &amp#27;[35m[@503 - main]&amp#27;[m &amp#27;[36mcom.shaft.tools.io.ReportManager&amp#27;[m : Successfully created attachment "Test Data - Excel"
2023-02-07 11:04:46.496 &amp#27;[32m INFO&amp#27;[m &amp#27;[35m[@503 - main]&amp#27;[m &amp#27;[36mcom.shaft.tools.io.ReportManager&amp#27;[m : File Action "DoesFileExist" successfully performed. With the following test data "File Path: "SteeringCompanyAPI_TestData/SteeringCompanyAPI_TestData.xlsx"".
2023-02-07 11:04:46.535 &amp#27;[32m INFO&amp#27;[m &amp#27;[35m[@503 - main]&amp#27;[m &amp#27;[36mcom.shaft.tools.io.ReportManager&amp#27;[m : Successfully created attachment "Test Data - Excel"
2023-02-07 11:04:46.537 &amp#27;[32m INFO&amp#27;[m &amp#27;[35m[@503 - main]&amp#27;[m &amp#27;[36mcom.shaft.tools.io.ReportManager&amp#27;[m : File Action "DoesFileExist" successfully performed. With the following test data "File Path: "Schemas/Usage_Policy_schema.json"".
2023-02-07 11:04:46.537 &amp#27;[32m INFO&amp#27;[m &amp#27;[35m[@503 - main]&amp#27;[m &amp#27;[36mcom.shaft.tools.io.ReportManager&amp#27;[m : File Action "DoesFileExist" successfully performed. With the following test data "File Path: "src/test/resources/testDataFiles/Schemas/Usage_Policy_schema.json"".
2023-02-07 11:04:46.537 &amp#27;[32m INFO&amp#27;[m &amp#27;[35m[@503 - main]&amp#27;[m &amp#27;[36mcom.shaft.tools.io.ReportManager&amp#27;[m : File Action "GetAbsolutePath" successfully performed. With the following test data "Relative Folder Path: "src/test/resources/testDataFiles/Schemas/Usage_Policy_schema.json"".
2023-02-07 11:04:46.538 &amp#27;[32m INFO&amp#27;[m &amp#27;[35m[@503 - main]&amp#27;[m &amp#27;[36mcom.shaft.tools.io.ReportManager&amp#27;[m : File Action "DoesFileExist" successfully performed. With the following test data "File Path: "C:\eclipse-workspace\MyProjects\TASystemsAPIs\src\test\resources\testDataFiles\Schemas\Usage_Policy_schema.json"".
2023-02-07 11:04:46.538 &amp#27;[32m INFO&amp#27;[m &amp#27;[35m[@503 - main]&amp#27;[m &amp#27;[36mcom.shaft.tools.io.ReportManager&amp#27;[m : File Action "GetAbsolutePath" successfully performed. With the following test data "Relative Folder Path: "C:\eclipse-workspace\MyProjects\TASystemsAPIs\src\test\resources\testDataFiles\Schemas\Usage_Policy_schema.json"".
2023-02-07 11:04:46.539 &amp#27;[32m INFO&amp#27;[m &amp#27;[35m[@503 - main]&amp#27;[m &amp#27;[36mcom.shaft.tools.io.ReportManager&amp#27;[m : File Action "ReadFile" successfully performed. With the following test data "File Path: "C:\eclipse-workspace\MyProjects\TASystemsAPIs\src\test\resources\testDataFiles\Schemas\Usage_Policy_schema.json"".
2023-02-07 11:04:46.540 &amp#27;[32m INFO&amp#27;[m &amp#27;[35m[@503 - main]&amp#27;[m &amp#27;[36mcom.shaft.tools.io.ReportManager&amp#27;[m : Successfully created attachment "Validation Test Data - Expected JSON Value"
2023-02-07 11:04:46.540 &amp#27;[32m INFO&amp#27;[m &amp#27;[35m[@503 - main]&amp#27;[m &amp#27;[36mcom.shaft.tools.io.ReportManager&amp#27;[m : Successfully created attachment "Validation Test Data - Actual JSON Value"
2023-02-07 11:04:46.541 &amp#27;[32m INFO&amp#27;[m &amp#27;[35m[@503 - main]&amp#27;[m &amp#27;[36mcom.shaft.tools.io.ReportManager&amp#27;[m : Successfully created attachment "SHAFT Engine Logs - Current Method log: Valid_Update_Usage_Policy_TC"
]]></system-out>
  </testcase>
  <testcase name="Valid_Update_Usage_Policy_TC[[Ljava.lang.Object;@6e44a641](2)" classname="SteeringCompanyAPI_TestCases.Test_Policies_Cases" time="1.472">
    <system-out><![CDATA[2023-02-07 11:04:46.543 &amp#27;[32m INFO&amp#27;[m &amp#27;[35m[@534 - main]&amp#27;[m &amp#27;[36mcom.shaft.tools.io.ReportManager&amp#27;[m : 
################################################################################################################################################
Starting Execution:	"411 out of 107" test cases in the current suite
Test Method:		"SteeringCompanyAPI_TestCases.Test_Policies_Cases.Valid_Update_Usage_Policy_TC"
Test Description:	"TC012 -Policy- Perform Update Valid Usage Policy"
################################################################################################################################################
2023-02-07 11:04:46.543 &amp#27;[32m INFO&amp#27;[m &amp#27;[35m[@503 - main]&amp#27;[m &amp#27;[36mcom.shaft.tools.io.ReportManager&amp#27;[m : File Action "DoesFileExist" successfully performed. With the following test data "File Path: "SteeringCompanyAPI_TestData/SteeringCompanyAPI_TestData.xlsx"".
2023-02-07 11:04:46.571 &amp#27;[32m INFO&amp#27;[m &amp#27;[35m[@503 - main]&amp#27;[m &amp#27;[36mcom.shaft.tools.io.ReportManager&amp#27;[m : Successfully created attachment "Test Data - Excel"
2023-02-07 11:04:47.212 &amp#27;[32m INFO&amp#27;[m &amp#27;[35m[@503 - main]&amp#27;[m &amp#27;[36mcom.shaft.tools.io.ReportManager&amp#27;[m : Response status code: "200", status line: "HTTP/1.1 200 OK"
2023-02-07 11:04:47.242 &amp#27;[32m INFO&amp#27;[m &amp#27;[35m[@503 - main]&amp#27;[m &amp#27;[36mcom.shaft.tools.io.ReportManager&amp#27;[m : Successfully created attachment "API Request - Specifications"
2023-02-07 11:04:47.244 &amp#27;[32m INFO&amp#27;[m &amp#27;[35m[@503 - main]&amp#27;[m &amp#27;[36mcom.shaft.tools.io.ReportManager&amp#27;[m : Successfully created attachment "API Request - Body"
2023-02-07 11:04:47.246 &amp#27;[32m INFO&amp#27;[m &amp#27;[35m[@503 - main]&amp#27;[m &amp#27;[36mcom.shaft.tools.io.ReportManager&amp#27;[m : Successfully created attachment "API Response - JSON Body"
2023-02-07 11:04:47.264 &amp#27;[32m INFO&amp#27;[m &amp#27;[35m[@503 - main]&amp#27;[m &amp#27;[36mcom.shaft.tools.io.ReportManager&amp#27;[m : File Action "DoesFileExist" successfully performed. With the following test data "File Path: "SteeringCompanyAPI_TestData/SteeringCompanyAPI_TestData.xlsx"".
2023-02-07 11:04:47.298 &amp#27;[32m INFO&amp#27;[m &amp#27;[35m[@503 - main]&amp#27;[m &amp#27;[36mcom.shaft.tools.io.ReportManager&amp#27;[m : Successfully created attachment "Test Data - Excel"
2023-02-07 11:04:47.298 &amp#27;[32m INFO&amp#27;[m &amp#27;[35m[@503 - main]&amp#27;[m &amp#27;[36mcom.shaft.tools.io.ReportManager&amp#27;[m : File Action "DoesFileExist" successfully performed. With the following test data "File Path: "SteeringCompanyAPI_TestData/SteeringCompanyAPI_TestData.xlsx"".
2023-02-07 11:04:47.328 &amp#27;[32m INFO&amp#27;[m &amp#27;[35m[@503 - main]&amp#27;[m &amp#27;[36mcom.shaft.tools.io.ReportManager&amp#27;[m : Successfully created attachment "Test Data - Excel"
2023-02-07 11:04:47.329 &amp#27;[32m INFO&amp#27;[m &amp#27;[35m[@503 - main]&amp#27;[m &amp#27;[36mcom.shaft.tools.io.ReportManager&amp#27;[m : File Action "DoesFileExist" successfully performed. With the following test data "File Path: "SteeringCompanyAPI_TestData/SteeringCompanyAPI_TestData.xlsx"".
2023-02-07 11:04:47.374 &amp#27;[32m INFO&amp#27;[m &amp#27;[35m[@503 - main]&amp#27;[m &amp#27;[36mcom.shaft.tools.io.ReportManager&amp#27;[m : Successfully created attachment "Test Data - Excel"
2023-02-07 11:04:47.880 &amp#27;[32m INFO&amp#27;[m &amp#27;[35m[@503 - main]&amp#27;[m &amp#27;[36mcom.shaft.tools.io.ReportManager&amp#27;[m : Response status code: "200", status line: "HTTP/1.1 200 "
2023-02-07 11:04:47.895 &amp#27;[32m INFO&amp#27;[m &amp#27;[35m[@503 - main]&amp#27;[m &amp#27;[36mcom.shaft.tools.io.ReportManager&amp#27;[m : Successfully created attachment "API Request - Specifications"
2023-02-07 11:04:47.896 &amp#27;[32m INFO&amp#27;[m &amp#27;[35m[@503 - main]&amp#27;[m &amp#27;[36mcom.shaft.tools.io.ReportManager&amp#27;[m : Successfully created attachment "API Request - JSON Body"
2023-02-07 11:04:47.896 &amp#27;[32m INFO&amp#27;[m &amp#27;[35m[@503 - main]&amp#27;[m &amp#27;[36mcom.shaft.tools.io.ReportManager&amp#27;[m : Successfully created attachment "API Response - JSON Body"
2023-02-07 11:04:47.898 &amp#27;[32m INFO&amp#27;[m &amp#27;[35m[@503 - main]&amp#27;[m &amp#27;[36mcom.shaft.tools.io.ReportManager&amp#27;[m : File Action "DoesFileExist" successfully performed. With the following test data "File Path: "src/test/resources/testDataFiles/SteeringCompanyAPI_TestData/SteeringCompanyAPI_TestData.xlsx"".
2023-02-07 11:04:47.939 &amp#27;[32m INFO&amp#27;[m &amp#27;[35m[@503 - main]&amp#27;[m &amp#27;[36mcom.shaft.tools.io.ReportManager&amp#27;[m : File Action "DoesFileExist" successfully performed. With the following test data "File Path: "SteeringCompanyAPI_TestData/SteeringCompanyAPI_TestData.xlsx"".
2023-02-07 11:04:47.962 &amp#27;[32m INFO&amp#27;[m &amp#27;[35m[@503 - main]&amp#27;[m &amp#27;[36mcom.shaft.tools.io.ReportManager&amp#27;[m : Successfully created attachment "Test Data - Excel"
2023-02-07 11:04:47.962 &amp#27;[32m INFO&amp#27;[m &amp#27;[35m[@503 - main]&amp#27;[m &amp#27;[36mcom.shaft.tools.io.ReportManager&amp#27;[m : File Action "DoesFileExist" successfully performed. With the following test data "File Path: "SteeringCompanyAPI_TestData/SteeringCompanyAPI_TestData.xlsx"".
2023-02-07 11:04:48.005 &amp#27;[32m INFO&amp#27;[m &amp#27;[35m[@503 - main]&amp#27;[m &amp#27;[36mcom.shaft.tools.io.ReportManager&amp#27;[m : Successfully created attachment "Test Data - Excel"
2023-02-07 11:04:48.006 &amp#27;[32m INFO&amp#27;[m &amp#27;[35m[@503 - main]&amp#27;[m &amp#27;[36mcom.shaft.tools.io.ReportManager&amp#27;[m : File Action "DoesFileExist" successfully performed. With the following test data "File Path: "Schemas/Usage_Policy_schema.json"".
2023-02-07 11:04:48.006 &amp#27;[32m INFO&amp#27;[m &amp#27;[35m[@503 - main]&amp#27;[m &amp#27;[36mcom.shaft.tools.io.ReportManager&amp#27;[m : File Action "DoesFileExist" successfully performed. With the following test data "File Path: "src/test/resources/testDataFiles/Schemas/Usage_Policy_schema.json"".
2023-02-07 11:04:48.006 &amp#27;[32m INFO&amp#27;[m &amp#27;[35m[@503 - main]&amp#27;[m &amp#27;[36mcom.shaft.tools.io.ReportManager&amp#27;[m : File Action "GetAbsolutePath" successfully performed. With the following test data "Relative Folder Path: "src/test/resources/testDataFiles/Schemas/Usage_Policy_schema.json"".
2023-02-07 11:04:48.008 &amp#27;[32m INFO&amp#27;[m &amp#27;[35m[@503 - main]&amp#27;[m &amp#27;[36mcom.shaft.tools.io.ReportManager&amp#27;[m : File Action "DoesFileExist" successfully performed. With the following test data "File Path: "C:\eclipse-workspace\MyProjects\TASystemsAPIs\src\test\resources\testDataFiles\Schemas\Usage_Policy_schema.json"".
2023-02-07 11:04:48.008 &amp#27;[32m INFO&amp#27;[m &amp#27;[35m[@503 - main]&amp#27;[m &amp#27;[36mcom.shaft.tools.io.ReportManager&amp#27;[m : File Action "GetAbsolutePath" successfully performed. With the following test data "Relative Folder Path: "C:\eclipse-workspace\MyProjects\TASystemsAPIs\src\test\resources\testDataFiles\Schemas\Usage_Policy_schema.json"".
2023-02-07 11:04:48.008 &amp#27;[32m INFO&amp#27;[m &amp#27;[35m[@503 - main]&amp#27;[m &amp#27;[36mcom.shaft.tools.io.ReportManager&amp#27;[m : File Action "ReadFile" successfully performed. With the following test data "File Path: "C:\eclipse-workspace\MyProjects\TASystemsAPIs\src\test\resources\testDataFiles\Schemas\Usage_Policy_schema.json"".
2023-02-07 11:04:48.010 &amp#27;[32m INFO&amp#27;[m &amp#27;[35m[@503 - main]&amp#27;[m &amp#27;[36mcom.shaft.tools.io.ReportManager&amp#27;[m : Successfully created attachment "Validation Test Data - Expected JSON Value"
2023-02-07 11:04:48.010 &amp#27;[32m INFO&amp#27;[m &amp#27;[35m[@503 - main]&amp#27;[m &amp#27;[36mcom.shaft.tools.io.ReportManager&amp#27;[m : Successfully created attachment "Validation Test Data - Actual JSON Value"
2023-02-07 11:04:48.013 &amp#27;[32m INFO&amp#27;[m &amp#27;[35m[@503 - main]&amp#27;[m &amp#27;[36mcom.shaft.tools.io.ReportManager&amp#27;[m : Successfully created attachment "SHAFT Engine Logs - Current Method log: Valid_Update_Usage_Policy_TC"
]]></system-out>
  </testcase>
  <testcase name="Get_Invalid_Reservation_ByID_with_invalid_Token_TC[[Ljava.lang.Object;@497d610c](1)" classname="SteeringCompanyAPI_TestCases.Test_Reservation_Cases" time="1.528">
    <system-out><![CDATA[2023-02-07 11:04:48.015 &amp#27;[32m INFO&amp#27;[m &amp#27;[35m[@534 - main]&amp#27;[m &amp#27;[36mcom.shaft.tools.io.ReportManager&amp#27;[m : 
################################################################################################################################################
Starting Execution of a Configuration (Setup or Teardown) Method
Test Method:		"SteeringCompanyAPI_TestCases.Test_Reservation_Cases.Setup_data"
################################################################################################################################################
2023-02-07 11:04:48.017 &amp#27;[32m INFO&amp#27;[m &amp#27;[35m[@503 - main]&amp#27;[m &amp#27;[36mcom.shaft.tools.io.ReportManager&amp#27;[m : File Action "DoesFileExist" successfully performed. With the following test data "File Path: "SteeringCompanyAPI_TestData/SteeringCompanyAPI_TestData.xlsx"".
2023-02-07 11:04:48.055 &amp#27;[32m INFO&amp#27;[m &amp#27;[35m[@503 - main]&amp#27;[m &amp#27;[36mcom.shaft.tools.io.ReportManager&amp#27;[m : Successfully created attachment "Test Data - Excel"
2023-02-07 11:04:48.055 &amp#27;[32m INFO&amp#27;[m &amp#27;[35m[@503 - main]&amp#27;[m &amp#27;[36mcom.shaft.tools.io.ReportManager&amp#27;[m : File Action "DoesFileExist" successfully performed. With the following test data "File Path: "SteeringCompanyAPI_TestData/SteeringCompanyAPI_TestData.xlsx"".
2023-02-07 11:04:48.091 &amp#27;[32m INFO&amp#27;[m &amp#27;[35m[@503 - main]&amp#27;[m &amp#27;[36mcom.shaft.tools.io.ReportManager&amp#27;[m : Successfully created attachment "Test Data - Excel"
2023-02-07 11:04:48.092 &amp#27;[31mERROR&amp#27;[m &amp#27;[35m[@609 - main]&amp#27;[m &amp#27;[36mio.qameta.allure.AllureLifecycle&amp#27;[m : Could not add attachment: no test is running
2023-02-07 11:04:48.094 &amp#27;[32m INFO&amp#27;[m &amp#27;[35m[@503 - main]&amp#27;[m &amp#27;[36mcom.shaft.tools.io.ReportManager&amp#27;[m : Successfully created attachment "SHAFT Engine Logs - Current Method log: Setup_data"
2023-02-07 11:04:48.095 &amp#27;[32m INFO&amp#27;[m &amp#27;[35m[@534 - main]&amp#27;[m &amp#27;[36mcom.shaft.tools.io.ReportManager&amp#27;[m : 
################################################################################################################################################
Starting Execution:	"412 out of 107" test cases in the current suite
Test Method:		"SteeringCompanyAPI_TestCases.Test_Reservation_Cases.Get_Invalid_Reservation_ByID_with_invalid_Token_TC"
Test Description:	"TC005 -Reservation-  Perform Get Reservation API by ID with invalid or expired Token"
################################################################################################################################################
2023-02-07 11:04:48.096 &amp#27;[32m INFO&amp#27;[m &amp#27;[35m[@503 - main]&amp#27;[m &amp#27;[36mcom.shaft.tools.io.ReportManager&amp#27;[m : File Action "DoesFileExist" successfully performed. With the following test data "File Path: "SteeringCompanyAPI_TestData/SteeringCompanyAPI_TestData.xlsx"".
2023-02-07 11:04:48.130 &amp#27;[32m INFO&amp#27;[m &amp#27;[35m[@503 - main]&amp#27;[m &amp#27;[36mcom.shaft.tools.io.ReportManager&amp#27;[m : Successfully created attachment "Test Data - Excel"
2023-02-07 11:04:48.772 &amp#27;[32m INFO&amp#27;[m &amp#27;[35m[@503 - main]&amp#27;[m &amp#27;[36mcom.shaft.tools.io.ReportManager&amp#27;[m : Response status code: "200", status line: "HTTP/1.1 200 OK"
2023-02-07 11:04:48.782 &amp#27;[32m INFO&amp#27;[m &amp#27;[35m[@503 - main]&amp#27;[m &amp#27;[36mcom.shaft.tools.io.ReportManager&amp#27;[m : Successfully created attachment "API Request - Specifications"
2023-02-07 11:04:48.786 &amp#27;[32m INFO&amp#27;[m &amp#27;[35m[@503 - main]&amp#27;[m &amp#27;[36mcom.shaft.tools.io.ReportManager&amp#27;[m : Successfully created attachment "API Request - Body"
2023-02-07 11:04:48.788 &amp#27;[32m INFO&amp#27;[m &amp#27;[35m[@503 - main]&amp#27;[m &amp#27;[36mcom.shaft.tools.io.ReportManager&amp#27;[m : Successfully created attachment "API Response - JSON Body"
2023-02-07 11:04:48.791 &amp#27;[32m INFO&amp#27;[m &amp#27;[35m[@503 - main]&amp#27;[m &amp#27;[36mcom.shaft.tools.io.ReportManager&amp#27;[m : File Action "DoesFileExist" successfully performed. With the following test data "File Path: "SteeringCompanyAPI_TestData/SteeringCompanyAPI_TestData.xlsx"".
2023-02-07 11:04:48.850 &amp#27;[32m INFO&amp#27;[m &amp#27;[35m[@503 - main]&amp#27;[m &amp#27;[36mcom.shaft.tools.io.ReportManager&amp#27;[m : Successfully created attachment "Test Data - Excel"
2023-02-07 11:04:49.611 &amp#27;[32m INFO&amp#27;[m &amp#27;[35m[@503 - main]&amp#27;[m &amp#27;[36mcom.shaft.tools.io.ReportManager&amp#27;[m : Response status code: "401", status line: "HTTP/1.1 401 "
2023-02-07 11:04:49.613 &amp#27;[32m INFO&amp#27;[m &amp#27;[35m[@503 - main]&amp#27;[m &amp#27;[36mcom.shaft.tools.io.ReportManager&amp#27;[m : Successfully created attachment "API Request - Specifications"
2023-02-07 11:04:49.617 &amp#27;[32m INFO&amp#27;[m &amp#27;[35m[@503 - main]&amp#27;[m &amp#27;[36mcom.shaft.tools.io.ReportManager&amp#27;[m : Successfully created attachment "API Response - JSON Body"
2023-02-07 11:04:49.620 &amp#27;[32m INFO&amp#27;[m &amp#27;[35m[@503 - main]&amp#27;[m &amp#27;[36mcom.shaft.tools.io.ReportManager&amp#27;[m : Successfully created attachment "SHAFT Engine Logs - Current Method log: Get_Invalid_Reservation_ByID_with_invalid_Token_TC"
]]></system-out>
  </testcase>
  <testcase name="Get_Invalid_Reservation_ByID_with_invalid_Token_TC[[Ljava.lang.Object;@4d1e8614](2)" classname="SteeringCompanyAPI_TestCases.Test_Reservation_Cases" time="2.615">
    <system-out><![CDATA[2023-02-07 11:04:49.626 &amp#27;[32m INFO&amp#27;[m &amp#27;[35m[@534 - main]&amp#27;[m &amp#27;[36mcom.shaft.tools.io.ReportManager&amp#27;[m : 
################################################################################################################################################
Starting Execution:	"413 out of 107" test cases in the current suite
Test Method:		"SteeringCompanyAPI_TestCases.Test_Reservation_Cases.Get_Invalid_Reservation_ByID_with_invalid_Token_TC"
Test Description:	"TC005 -Reservation-  Perform Get Reservation API by ID with invalid or expired Token"
################################################################################################################################################
2023-02-07 11:04:49.627 &amp#27;[32m INFO&amp#27;[m &amp#27;[35m[@503 - main]&amp#27;[m &amp#27;[36mcom.shaft.tools.io.ReportManager&amp#27;[m : File Action "DoesFileExist" successfully performed. With the following test data "File Path: "SteeringCompanyAPI_TestData/SteeringCompanyAPI_TestData.xlsx"".
2023-02-07 11:04:49.675 &amp#27;[32m INFO&amp#27;[m &amp#27;[35m[@503 - main]&amp#27;[m &amp#27;[36mcom.shaft.tools.io.ReportManager&amp#27;[m : Successfully created attachment "Test Data - Excel"
2023-02-07 11:04:51.637 &amp#27;[32m INFO&amp#27;[m &amp#27;[35m[@503 - main]&amp#27;[m &amp#27;[36mcom.shaft.tools.io.ReportManager&amp#27;[m : Response status code: "200", status line: "HTTP/1.1 200 OK"
2023-02-07 11:04:51.653 &amp#27;[32m INFO&amp#27;[m &amp#27;[35m[@503 - main]&amp#27;[m &amp#27;[36mcom.shaft.tools.io.ReportManager&amp#27;[m : Successfully created attachment "API Request - Specifications"
2023-02-07 11:04:51.655 &amp#27;[32m INFO&amp#27;[m &amp#27;[35m[@503 - main]&amp#27;[m &amp#27;[36mcom.shaft.tools.io.ReportManager&amp#27;[m : Successfully created attachment "API Request - Body"
2023-02-07 11:04:51.657 &amp#27;[32m INFO&amp#27;[m &amp#27;[35m[@503 - main]&amp#27;[m &amp#27;[36mcom.shaft.tools.io.ReportManager&amp#27;[m : Successfully created attachment "API Response - JSON Body"
2023-02-07 11:04:51.657 &amp#27;[32m INFO&amp#27;[m &amp#27;[35m[@503 - main]&amp#27;[m &amp#27;[36mcom.shaft.tools.io.ReportManager&amp#27;[m : File Action "DoesFileExist" successfully performed. With the following test data "File Path: "SteeringCompanyAPI_TestData/SteeringCompanyAPI_TestData.xlsx"".
2023-02-07 11:04:51.731 &amp#27;[32m INFO&amp#27;[m &amp#27;[35m[@503 - main]&amp#27;[m &amp#27;[36mcom.shaft.tools.io.ReportManager&amp#27;[m : Successfully created attachment "Test Data - Excel"
2023-02-07 11:04:52.232 &amp#27;[32m INFO&amp#27;[m &amp#27;[35m[@503 - main]&amp#27;[m &amp#27;[36mcom.shaft.tools.io.ReportManager&amp#27;[m : Response status code: "401", status line: "HTTP/1.1 401 "
2023-02-07 11:04:52.234 &amp#27;[32m INFO&amp#27;[m &amp#27;[35m[@503 - main]&amp#27;[m &amp#27;[36mcom.shaft.tools.io.ReportManager&amp#27;[m : Successfully created attachment "API Request - Specifications"
2023-02-07 11:04:52.235 &amp#27;[32m INFO&amp#27;[m &amp#27;[35m[@503 - main]&amp#27;[m &amp#27;[36mcom.shaft.tools.io.ReportManager&amp#27;[m : Successfully created attachment "API Response - JSON Body"
2023-02-07 11:04:52.237 &amp#27;[32m INFO&amp#27;[m &amp#27;[35m[@503 - main]&amp#27;[m &amp#27;[36mcom.shaft.tools.io.ReportManager&amp#27;[m : Successfully created attachment "SHAFT Engine Logs - Current Method log: Get_Invalid_Reservation_ByID_with_invalid_Token_TC"
]]></system-out>
  </testcase>
  <testcase name="Get_Invalid_Reservation_ByID_with_missing_Token_TC[[Ljava.lang.Object;@1630c647](1)" classname="SteeringCompanyAPI_TestCases.Test_Reservation_Cases" time="1.284">
    <system-out><![CDATA[2023-02-07 11:04:52.240 &amp#27;[32m INFO&amp#27;[m &amp#27;[35m[@534 - main]&amp#27;[m &amp#27;[36mcom.shaft.tools.io.ReportManager&amp#27;[m : 
################################################################################################################################################
Starting Execution:	"414 out of 107" test cases in the current suite
Test Method:		"SteeringCompanyAPI_TestCases.Test_Reservation_Cases.Get_Invalid_Reservation_ByID_with_missing_Token_TC"
Test Description:	"TC004  -Reservation-   Perform Get Reservation by ID with missing Token"
################################################################################################################################################
2023-02-07 11:04:52.240 &amp#27;[32m INFO&amp#27;[m &amp#27;[35m[@503 - main]&amp#27;[m &amp#27;[36mcom.shaft.tools.io.ReportManager&amp#27;[m : File Action "DoesFileExist" successfully performed. With the following test data "File Path: "SteeringCompanyAPI_TestData/SteeringCompanyAPI_TestData.xlsx"".
2023-02-07 11:04:52.273 &amp#27;[32m INFO&amp#27;[m &amp#27;[35m[@503 - main]&amp#27;[m &amp#27;[36mcom.shaft.tools.io.ReportManager&amp#27;[m : Successfully created attachment "Test Data - Excel"
2023-02-07 11:04:52.923 &amp#27;[32m INFO&amp#27;[m &amp#27;[35m[@503 - main]&amp#27;[m &amp#27;[36mcom.shaft.tools.io.ReportManager&amp#27;[m : Response status code: "200", status line: "HTTP/1.1 200 OK"
2023-02-07 11:04:52.942 &amp#27;[32m INFO&amp#27;[m &amp#27;[35m[@503 - main]&amp#27;[m &amp#27;[36mcom.shaft.tools.io.ReportManager&amp#27;[m : Successfully created attachment "API Request - Specifications"
2023-02-07 11:04:52.944 &amp#27;[32m INFO&amp#27;[m &amp#27;[35m[@503 - main]&amp#27;[m &amp#27;[36mcom.shaft.tools.io.ReportManager&amp#27;[m : Successfully created attachment "API Request - Body"
2023-02-07 11:04:52.945 &amp#27;[32m INFO&amp#27;[m &amp#27;[35m[@503 - main]&amp#27;[m &amp#27;[36mcom.shaft.tools.io.ReportManager&amp#27;[m : Successfully created attachment "API Response - JSON Body"
2023-02-07 11:04:52.945 &amp#27;[32m INFO&amp#27;[m &amp#27;[35m[@503 - main]&amp#27;[m &amp#27;[36mcom.shaft.tools.io.ReportManager&amp#27;[m : File Action "DoesFileExist" successfully performed. With the following test data "File Path: "SteeringCompanyAPI_TestData/SteeringCompanyAPI_TestData.xlsx"".
2023-02-07 11:04:52.989 &amp#27;[32m INFO&amp#27;[m &amp#27;[35m[@503 - main]&amp#27;[m &amp#27;[36mcom.shaft.tools.io.ReportManager&amp#27;[m : Successfully created attachment "Test Data - Excel"
2023-02-07 11:04:53.492 &amp#27;[32m INFO&amp#27;[m &amp#27;[35m[@503 - main]&amp#27;[m &amp#27;[36mcom.shaft.tools.io.ReportManager&amp#27;[m : Response status code: "401", status line: "HTTP/1.1 401 "
2023-02-07 11:04:53.509 &amp#27;[32m INFO&amp#27;[m &amp#27;[35m[@503 - main]&amp#27;[m &amp#27;[36mcom.shaft.tools.io.ReportManager&amp#27;[m : Successfully created attachment "API Request - Specifications"
2023-02-07 11:04:53.511 &amp#27;[32m INFO&amp#27;[m &amp#27;[35m[@503 - main]&amp#27;[m &amp#27;[36mcom.shaft.tools.io.ReportManager&amp#27;[m : Successfully created attachment "API Response - JSON Body"
2023-02-07 11:04:53.512 &amp#27;[32m INFO&amp#27;[m &amp#27;[35m[@503 - main]&amp#27;[m &amp#27;[36mcom.shaft.tools.io.ReportManager&amp#27;[m : File Action "DoesFileExist" successfully performed. With the following test data "File Path: "Schemas/InvalidTokenRequest_Unauthorized_schema.json"".
2023-02-07 11:04:53.512 &amp#27;[32m INFO&amp#27;[m &amp#27;[35m[@503 - main]&amp#27;[m &amp#27;[36mcom.shaft.tools.io.ReportManager&amp#27;[m : File Action "DoesFileExist" successfully performed. With the following test data "File Path: "src/test/resources/testDataFiles/Schemas/InvalidTokenRequest_Unauthorized_schema.json"".
2023-02-07 11:04:53.512 &amp#27;[32m INFO&amp#27;[m &amp#27;[35m[@503 - main]&amp#27;[m &amp#27;[36mcom.shaft.tools.io.ReportManager&amp#27;[m : File Action "GetAbsolutePath" successfully performed. With the following test data "Relative Folder Path: "src/test/resources/testDataFiles/Schemas/InvalidTokenRequest_Unauthorized_schema.json"".
2023-02-07 11:04:53.515 &amp#27;[32m INFO&amp#27;[m &amp#27;[35m[@503 - main]&amp#27;[m &amp#27;[36mcom.shaft.tools.io.ReportManager&amp#27;[m : File Action "DoesFileExist" successfully performed. With the following test data "File Path: "C:\eclipse-workspace\MyProjects\TASystemsAPIs\src\test\resources\testDataFiles\Schemas\InvalidTokenRequest_Unauthorized_schema.json"".
2023-02-07 11:04:53.515 &amp#27;[32m INFO&amp#27;[m &amp#27;[35m[@503 - main]&amp#27;[m &amp#27;[36mcom.shaft.tools.io.ReportManager&amp#27;[m : File Action "GetAbsolutePath" successfully performed. With the following test data "Relative Folder Path: "C:\eclipse-workspace\MyProjects\TASystemsAPIs\src\test\resources\testDataFiles\Schemas\InvalidTokenRequest_Unauthorized_schema.json"".
2023-02-07 11:04:53.515 &amp#27;[32m INFO&amp#27;[m &amp#27;[35m[@503 - main]&amp#27;[m &amp#27;[36mcom.shaft.tools.io.ReportManager&amp#27;[m : File Action "ReadFile" successfully performed. With the following test data "File Path: "C:\eclipse-workspace\MyProjects\TASystemsAPIs\src\test\resources\testDataFiles\Schemas\InvalidTokenRequest_Unauthorized_schema.json"".
2023-02-07 11:04:53.517 &amp#27;[32m INFO&amp#27;[m &amp#27;[35m[@503 - main]&amp#27;[m &amp#27;[36mcom.shaft.tools.io.ReportManager&amp#27;[m : Successfully created attachment "Validation Test Data - Expected JSON Value"
2023-02-07 11:04:53.519 &amp#27;[32m INFO&amp#27;[m &amp#27;[35m[@503 - main]&amp#27;[m &amp#27;[36mcom.shaft.tools.io.ReportManager&amp#27;[m : Successfully created attachment "Validation Test Data - Actual JSON Value"
2023-02-07 11:04:53.521 &amp#27;[32m INFO&amp#27;[m &amp#27;[35m[@503 - main]&amp#27;[m &amp#27;[36mcom.shaft.tools.io.ReportManager&amp#27;[m : Successfully created attachment "SHAFT Engine Logs - Current Method log: Get_Invalid_Reservation_ByID_with_missing_Token_TC"
]]></system-out>
  </testcase>
  <testcase name="Get_Invalid_Reservation_ByID_with_missing_Token_TC[[Ljava.lang.Object;@2de3049d](2)" classname="SteeringCompanyAPI_TestCases.Test_Reservation_Cases" time="1.983">
    <system-out><![CDATA[2023-02-07 11:04:53.524 &amp#27;[32m INFO&amp#27;[m &amp#27;[35m[@534 - main]&amp#27;[m &amp#27;[36mcom.shaft.tools.io.ReportManager&amp#27;[m : 
################################################################################################################################################
Starting Execution:	"415 out of 107" test cases in the current suite
Test Method:		"SteeringCompanyAPI_TestCases.Test_Reservation_Cases.Get_Invalid_Reservation_ByID_with_missing_Token_TC"
Test Description:	"TC004  -Reservation-   Perform Get Reservation by ID with missing Token"
################################################################################################################################################
2023-02-07 11:04:53.525 &amp#27;[32m INFO&amp#27;[m &amp#27;[35m[@503 - main]&amp#27;[m &amp#27;[36mcom.shaft.tools.io.ReportManager&amp#27;[m : File Action "DoesFileExist" successfully performed. With the following test data "File Path: "SteeringCompanyAPI_TestData/SteeringCompanyAPI_TestData.xlsx"".
2023-02-07 11:04:53.550 &amp#27;[32m INFO&amp#27;[m &amp#27;[35m[@503 - main]&amp#27;[m &amp#27;[36mcom.shaft.tools.io.ReportManager&amp#27;[m : Successfully created attachment "Test Data - Excel"
2023-02-07 11:04:54.213 &amp#27;[32m INFO&amp#27;[m &amp#27;[35m[@503 - main]&amp#27;[m &amp#27;[36mcom.shaft.tools.io.ReportManager&amp#27;[m : Response status code: "200", status line: "HTTP/1.1 200 OK"
2023-02-07 11:04:54.232 &amp#27;[32m INFO&amp#27;[m &amp#27;[35m[@503 - main]&amp#27;[m &amp#27;[36mcom.shaft.tools.io.ReportManager&amp#27;[m : Successfully created attachment "API Request - Specifications"
2023-02-07 11:04:54.234 &amp#27;[32m INFO&amp#27;[m &amp#27;[35m[@503 - main]&amp#27;[m &amp#27;[36mcom.shaft.tools.io.ReportManager&amp#27;[m : Successfully created attachment "API Request - Body"
2023-02-07 11:04:54.235 &amp#27;[32m INFO&amp#27;[m &amp#27;[35m[@503 - main]&amp#27;[m &amp#27;[36mcom.shaft.tools.io.ReportManager&amp#27;[m : Successfully created attachment "API Response - JSON Body"
2023-02-07 11:04:54.236 &amp#27;[32m INFO&amp#27;[m &amp#27;[35m[@503 - main]&amp#27;[m &amp#27;[36mcom.shaft.tools.io.ReportManager&amp#27;[m : File Action "DoesFileExist" successfully performed. With the following test data "File Path: "SteeringCompanyAPI_TestData/SteeringCompanyAPI_TestData.xlsx"".
2023-02-07 11:04:54.280 &amp#27;[32m INFO&amp#27;[m &amp#27;[35m[@503 - main]&amp#27;[m &amp#27;[36mcom.shaft.tools.io.ReportManager&amp#27;[m : Successfully created attachment "Test Data - Excel"
2023-02-07 11:04:55.475 &amp#27;[32m INFO&amp#27;[m &amp#27;[35m[@503 - main]&amp#27;[m &amp#27;[36mcom.shaft.tools.io.ReportManager&amp#27;[m : Response status code: "401", status line: "HTTP/1.1 401 "
2023-02-07 11:04:55.492 &amp#27;[32m INFO&amp#27;[m &amp#27;[35m[@503 - main]&amp#27;[m &amp#27;[36mcom.shaft.tools.io.ReportManager&amp#27;[m : Successfully created attachment "API Request - Specifications"
2023-02-07 11:04:55.493 &amp#27;[32m INFO&amp#27;[m &amp#27;[35m[@503 - main]&amp#27;[m &amp#27;[36mcom.shaft.tools.io.ReportManager&amp#27;[m : Successfully created attachment "API Response - JSON Body"
2023-02-07 11:04:55.494 &amp#27;[32m INFO&amp#27;[m &amp#27;[35m[@503 - main]&amp#27;[m &amp#27;[36mcom.shaft.tools.io.ReportManager&amp#27;[m : File Action "DoesFileExist" successfully performed. With the following test data "File Path: "Schemas/InvalidTokenRequest_Unauthorized_schema.json"".
2023-02-07 11:04:55.495 &amp#27;[32m INFO&amp#27;[m &amp#27;[35m[@503 - main]&amp#27;[m &amp#27;[36mcom.shaft.tools.io.ReportManager&amp#27;[m : File Action "DoesFileExist" successfully performed. With the following test data "File Path: "src/test/resources/testDataFiles/Schemas/InvalidTokenRequest_Unauthorized_schema.json"".
2023-02-07 11:04:55.495 &amp#27;[32m INFO&amp#27;[m &amp#27;[35m[@503 - main]&amp#27;[m &amp#27;[36mcom.shaft.tools.io.ReportManager&amp#27;[m : File Action "GetAbsolutePath" successfully performed. With the following test data "Relative Folder Path: "src/test/resources/testDataFiles/Schemas/InvalidTokenRequest_Unauthorized_schema.json"".
2023-02-07 11:04:55.497 &amp#27;[32m INFO&amp#27;[m &amp#27;[35m[@503 - main]&amp#27;[m &amp#27;[36mcom.shaft.tools.io.ReportManager&amp#27;[m : File Action "DoesFileExist" successfully performed. With the following test data "File Path: "C:\eclipse-workspace\MyProjects\TASystemsAPIs\src\test\resources\testDataFiles\Schemas\InvalidTokenRequest_Unauthorized_schema.json"".
2023-02-07 11:04:55.497 &amp#27;[32m INFO&amp#27;[m &amp#27;[35m[@503 - main]&amp#27;[m &amp#27;[36mcom.shaft.tools.io.ReportManager&amp#27;[m : File Action "GetAbsolutePath" successfully performed. With the following test data "Relative Folder Path: "C:\eclipse-workspace\MyProjects\TASystemsAPIs\src\test\resources\testDataFiles\Schemas\InvalidTokenRequest_Unauthorized_schema.json"".
2023-02-07 11:04:55.498 &amp#27;[32m INFO&amp#27;[m &amp#27;[35m[@503 - main]&amp#27;[m &amp#27;[36mcom.shaft.tools.io.ReportManager&amp#27;[m : File Action "ReadFile" successfully performed. With the following test data "File Path: "C:\eclipse-workspace\MyProjects\TASystemsAPIs\src\test\resources\testDataFiles\Schemas\InvalidTokenRequest_Unauthorized_schema.json"".
2023-02-07 11:04:55.502 &amp#27;[32m INFO&amp#27;[m &amp#27;[35m[@503 - main]&amp#27;[m &amp#27;[36mcom.shaft.tools.io.ReportManager&amp#27;[m : Successfully created attachment "Validation Test Data - Expected JSON Value"
2023-02-07 11:04:55.503 &amp#27;[32m INFO&amp#27;[m &amp#27;[35m[@503 - main]&amp#27;[m &amp#27;[36mcom.shaft.tools.io.ReportManager&amp#27;[m : Successfully created attachment "Validation Test Data - Actual JSON Value"
2023-02-07 11:04:55.504 &amp#27;[32m INFO&amp#27;[m &amp#27;[35m[@503 - main]&amp#27;[m &amp#27;[36mcom.shaft.tools.io.ReportManager&amp#27;[m : Successfully created attachment "SHAFT Engine Logs - Current Method log: Get_Invalid_Reservation_ByID_with_missing_Token_TC"
]]></system-out>
  </testcase>
  <testcase name="Get_Reservation_With_BadRequest_ByID_Rq_TC[[Ljava.lang.Object;@23ba417a](1)" classname="SteeringCompanyAPI_TestCases.Test_Reservation_Cases" time="2.669">
    <system-out><![CDATA[2023-02-07 11:04:55.510 &amp#27;[32m INFO&amp#27;[m &amp#27;[35m[@534 - main]&amp#27;[m &amp#27;[36mcom.shaft.tools.io.ReportManager&amp#27;[m : 
################################################################################################################################################
Starting Execution:	"416 out of 107" test cases in the current suite
Test Method:		"SteeringCompanyAPI_TestCases.Test_Reservation_Cases.Get_Reservation_With_BadRequest_ByID_Rq_TC"
Test Description:	"TC003  -Reservation-   Perform Get Reservation API With BadRequest by ID"
################################################################################################################################################
2023-02-07 11:04:55.510 &amp#27;[32m INFO&amp#27;[m &amp#27;[35m[@503 - main]&amp#27;[m &amp#27;[36mcom.shaft.tools.io.ReportManager&amp#27;[m : File Action "DoesFileExist" successfully performed. With the following test data "File Path: "SteeringCompanyAPI_TestData/SteeringCompanyAPI_TestData.xlsx"".
2023-02-07 11:04:55.558 &amp#27;[32m INFO&amp#27;[m &amp#27;[35m[@503 - main]&amp#27;[m &amp#27;[36mcom.shaft.tools.io.ReportManager&amp#27;[m : Successfully created attachment "Test Data - Excel"
2023-02-07 11:04:56.214 &amp#27;[32m INFO&amp#27;[m &amp#27;[35m[@503 - main]&amp#27;[m &amp#27;[36mcom.shaft.tools.io.ReportManager&amp#27;[m : Response status code: "200", status line: "HTTP/1.1 200 OK"
2023-02-07 11:04:56.229 &amp#27;[32m INFO&amp#27;[m &amp#27;[35m[@503 - main]&amp#27;[m &amp#27;[36mcom.shaft.tools.io.ReportManager&amp#27;[m : Successfully created attachment "API Request - Specifications"
2023-02-07 11:04:56.231 &amp#27;[32m INFO&amp#27;[m &amp#27;[35m[@503 - main]&amp#27;[m &amp#27;[36mcom.shaft.tools.io.ReportManager&amp#27;[m : Successfully created attachment "API Request - Body"
2023-02-07 11:04:56.235 &amp#27;[32m INFO&amp#27;[m &amp#27;[35m[@503 - main]&amp#27;[m &amp#27;[36mcom.shaft.tools.io.ReportManager&amp#27;[m : Successfully created attachment "API Response - JSON Body"
2023-02-07 11:04:56.248 &amp#27;[32m INFO&amp#27;[m &amp#27;[35m[@503 - main]&amp#27;[m &amp#27;[36mcom.shaft.tools.io.ReportManager&amp#27;[m : File Action "DoesFileExist" successfully performed. With the following test data "File Path: "SteeringCompanyAPI_TestData/SteeringCompanyAPI_TestData.xlsx"".
2023-02-07 11:04:56.280 &amp#27;[32m INFO&amp#27;[m &amp#27;[35m[@503 - main]&amp#27;[m &amp#27;[36mcom.shaft.tools.io.ReportManager&amp#27;[m : Successfully created attachment "Test Data - Excel"
2023-02-07 11:04:58.147 &amp#27;[32m INFO&amp#27;[m &amp#27;[35m[@503 - main]&amp#27;[m &amp#27;[36mcom.shaft.tools.io.ReportManager&amp#27;[m : Response status code: "400", status line: "HTTP/1.1 400 "
2023-02-07 11:04:58.162 &amp#27;[32m INFO&amp#27;[m &amp#27;[35m[@503 - main]&amp#27;[m &amp#27;[36mcom.shaft.tools.io.ReportManager&amp#27;[m : Successfully created attachment "API Request - Specifications"
2023-02-07 11:04:58.163 &amp#27;[32m INFO&amp#27;[m &amp#27;[35m[@503 - main]&amp#27;[m &amp#27;[36mcom.shaft.tools.io.ReportManager&amp#27;[m : Successfully created attachment "API Response - JSON Body"
2023-02-07 11:04:58.165 &amp#27;[32m INFO&amp#27;[m &amp#27;[35m[@503 - main]&amp#27;[m &amp#27;[36mcom.shaft.tools.io.ReportManager&amp#27;[m : File Action "DoesFileExist" successfully performed. With the following test data "File Path: "Schemas/BadRequestError_schema.json"".
2023-02-07 11:04:58.165 &amp#27;[32m INFO&amp#27;[m &amp#27;[35m[@503 - main]&amp#27;[m &amp#27;[36mcom.shaft.tools.io.ReportManager&amp#27;[m : File Action "DoesFileExist" successfully performed. With the following test data "File Path: "src/test/resources/testDataFiles/Schemas/BadRequestError_schema.json"".
2023-02-07 11:04:58.165 &amp#27;[32m INFO&amp#27;[m &amp#27;[35m[@503 - main]&amp#27;[m &amp#27;[36mcom.shaft.tools.io.ReportManager&amp#27;[m : File Action "GetAbsolutePath" successfully performed. With the following test data "Relative Folder Path: "src/test/resources/testDataFiles/Schemas/BadRequestError_schema.json"".
2023-02-07 11:04:58.168 &amp#27;[32m INFO&amp#27;[m &amp#27;[35m[@503 - main]&amp#27;[m &amp#27;[36mcom.shaft.tools.io.ReportManager&amp#27;[m : File Action "DoesFileExist" successfully performed. With the following test data "File Path: "C:\eclipse-workspace\MyProjects\TASystemsAPIs\src\test\resources\testDataFiles\Schemas\BadRequestError_schema.json"".
2023-02-07 11:04:58.168 &amp#27;[32m INFO&amp#27;[m &amp#27;[35m[@503 - main]&amp#27;[m &amp#27;[36mcom.shaft.tools.io.ReportManager&amp#27;[m : File Action "GetAbsolutePath" successfully performed. With the following test data "Relative Folder Path: "C:\eclipse-workspace\MyProjects\TASystemsAPIs\src\test\resources\testDataFiles\Schemas\BadRequestError_schema.json"".
2023-02-07 11:04:58.168 &amp#27;[32m INFO&amp#27;[m &amp#27;[35m[@503 - main]&amp#27;[m &amp#27;[36mcom.shaft.tools.io.ReportManager&amp#27;[m : File Action "ReadFile" successfully performed. With the following test data "File Path: "C:\eclipse-workspace\MyProjects\TASystemsAPIs\src\test\resources\testDataFiles\Schemas\BadRequestError_schema.json"".
2023-02-07 11:04:58.172 &amp#27;[32m INFO&amp#27;[m &amp#27;[35m[@503 - main]&amp#27;[m &amp#27;[36mcom.shaft.tools.io.ReportManager&amp#27;[m : Successfully created attachment "Validation Test Data - Expected JSON Value"
2023-02-07 11:04:58.174 &amp#27;[32m INFO&amp#27;[m &amp#27;[35m[@503 - main]&amp#27;[m &amp#27;[36mcom.shaft.tools.io.ReportManager&amp#27;[m : Successfully created attachment "Validation Test Data - Actual JSON Value"
2023-02-07 11:04:58.175 &amp#27;[32m INFO&amp#27;[m &amp#27;[35m[@503 - main]&amp#27;[m &amp#27;[36mcom.shaft.tools.io.ReportManager&amp#27;[m : Successfully created attachment "SHAFT Engine Logs - Current Method log: Get_Reservation_With_BadRequest_ByID_Rq_TC"
]]></system-out>
  </testcase>
  <testcase name="Get_Reservation_With_BadRequest_ByID_Rq_TC[[Ljava.lang.Object;@3ff5243f](2)" classname="SteeringCompanyAPI_TestCases.Test_Reservation_Cases" time="3.556">
    <system-out><![CDATA[2023-02-07 11:04:58.177 &amp#27;[32m INFO&amp#27;[m &amp#27;[35m[@534 - main]&amp#27;[m &amp#27;[36mcom.shaft.tools.io.ReportManager&amp#27;[m : 
################################################################################################################################################
Starting Execution:	"417 out of 107" test cases in the current suite
Test Method:		"SteeringCompanyAPI_TestCases.Test_Reservation_Cases.Get_Reservation_With_BadRequest_ByID_Rq_TC"
Test Description:	"TC003  -Reservation-   Perform Get Reservation API With BadRequest by ID"
################################################################################################################################################
2023-02-07 11:04:58.178 &amp#27;[32m INFO&amp#27;[m &amp#27;[35m[@503 - main]&amp#27;[m &amp#27;[36mcom.shaft.tools.io.ReportManager&amp#27;[m : File Action "DoesFileExist" successfully performed. With the following test data "File Path: "SteeringCompanyAPI_TestData/SteeringCompanyAPI_TestData.xlsx"".
2023-02-07 11:04:58.225 &amp#27;[32m INFO&amp#27;[m &amp#27;[35m[@503 - main]&amp#27;[m &amp#27;[36mcom.shaft.tools.io.ReportManager&amp#27;[m : Successfully created attachment "Test Data - Excel"
2023-02-07 11:04:58.864 &amp#27;[32m INFO&amp#27;[m &amp#27;[35m[@503 - main]&amp#27;[m &amp#27;[36mcom.shaft.tools.io.ReportManager&amp#27;[m : Response status code: "200", status line: "HTTP/1.1 200 OK"
2023-02-07 11:04:58.875 &amp#27;[32m INFO&amp#27;[m &amp#27;[35m[@503 - main]&amp#27;[m &amp#27;[36mcom.shaft.tools.io.ReportManager&amp#27;[m : Successfully created attachment "API Request - Specifications"
2023-02-07 11:04:58.875 &amp#27;[32m INFO&amp#27;[m &amp#27;[35m[@503 - main]&amp#27;[m &amp#27;[36mcom.shaft.tools.io.ReportManager&amp#27;[m : Successfully created attachment "API Request - Body"
2023-02-07 11:04:58.878 &amp#27;[32m INFO&amp#27;[m &amp#27;[35m[@503 - main]&amp#27;[m &amp#27;[36mcom.shaft.tools.io.ReportManager&amp#27;[m : Successfully created attachment "API Response - JSON Body"
2023-02-07 11:04:58.891 &amp#27;[32m INFO&amp#27;[m &amp#27;[35m[@503 - main]&amp#27;[m &amp#27;[36mcom.shaft.tools.io.ReportManager&amp#27;[m : File Action "DoesFileExist" successfully performed. With the following test data "File Path: "SteeringCompanyAPI_TestData/SteeringCompanyAPI_TestData.xlsx"".
2023-02-07 11:04:58.931 &amp#27;[32m INFO&amp#27;[m &amp#27;[35m[@503 - main]&amp#27;[m &amp#27;[36mcom.shaft.tools.io.ReportManager&amp#27;[m : Successfully created attachment "Test Data - Excel"
2023-02-07 11:05:01.701 &amp#27;[32m INFO&amp#27;[m &amp#27;[35m[@503 - main]&amp#27;[m &amp#27;[36mcom.shaft.tools.io.ReportManager&amp#27;[m : Response status code: "400", status line: "HTTP/1.1 400 "
2023-02-07 11:05:01.718 &amp#27;[32m INFO&amp#27;[m &amp#27;[35m[@503 - main]&amp#27;[m &amp#27;[36mcom.shaft.tools.io.ReportManager&amp#27;[m : Successfully created attachment "API Request - Specifications"
2023-02-07 11:05:01.719 &amp#27;[32m INFO&amp#27;[m &amp#27;[35m[@503 - main]&amp#27;[m &amp#27;[36mcom.shaft.tools.io.ReportManager&amp#27;[m : Successfully created attachment "API Response - JSON Body"
2023-02-07 11:05:01.720 &amp#27;[32m INFO&amp#27;[m &amp#27;[35m[@503 - main]&amp#27;[m &amp#27;[36mcom.shaft.tools.io.ReportManager&amp#27;[m : File Action "DoesFileExist" successfully performed. With the following test data "File Path: "Schemas/BadRequestError_schema.json"".
2023-02-07 11:05:01.721 &amp#27;[32m INFO&amp#27;[m &amp#27;[35m[@503 - main]&amp#27;[m &amp#27;[36mcom.shaft.tools.io.ReportManager&amp#27;[m : File Action "DoesFileExist" successfully performed. With the following test data "File Path: "src/test/resources/testDataFiles/Schemas/BadRequestError_schema.json"".
2023-02-07 11:05:01.721 &amp#27;[32m INFO&amp#27;[m &amp#27;[35m[@503 - main]&amp#27;[m &amp#27;[36mcom.shaft.tools.io.ReportManager&amp#27;[m : File Action "GetAbsolutePath" successfully performed. With the following test data "Relative Folder Path: "src/test/resources/testDataFiles/Schemas/BadRequestError_schema.json"".
2023-02-07 11:05:01.723 &amp#27;[32m INFO&amp#27;[m &amp#27;[35m[@503 - main]&amp#27;[m &amp#27;[36mcom.shaft.tools.io.ReportManager&amp#27;[m : File Action "DoesFileExist" successfully performed. With the following test data "File Path: "C:\eclipse-workspace\MyProjects\TASystemsAPIs\src\test\resources\testDataFiles\Schemas\BadRequestError_schema.json"".
2023-02-07 11:05:01.723 &amp#27;[32m INFO&amp#27;[m &amp#27;[35m[@503 - main]&amp#27;[m &amp#27;[36mcom.shaft.tools.io.ReportManager&amp#27;[m : File Action "GetAbsolutePath" successfully performed. With the following test data "Relative Folder Path: "C:\eclipse-workspace\MyProjects\TASystemsAPIs\src\test\resources\testDataFiles\Schemas\BadRequestError_schema.json"".
2023-02-07 11:05:01.724 &amp#27;[32m INFO&amp#27;[m &amp#27;[35m[@503 - main]&amp#27;[m &amp#27;[36mcom.shaft.tools.io.ReportManager&amp#27;[m : File Action "ReadFile" successfully performed. With the following test data "File Path: "C:\eclipse-workspace\MyProjects\TASystemsAPIs\src\test\resources\testDataFiles\Schemas\BadRequestError_schema.json"".
2023-02-07 11:05:01.727 &amp#27;[32m INFO&amp#27;[m &amp#27;[35m[@503 - main]&amp#27;[m &amp#27;[36mcom.shaft.tools.io.ReportManager&amp#27;[m : Successfully created attachment "Validation Test Data - Expected JSON Value"
2023-02-07 11:05:01.729 &amp#27;[32m INFO&amp#27;[m &amp#27;[35m[@503 - main]&amp#27;[m &amp#27;[36mcom.shaft.tools.io.ReportManager&amp#27;[m : Successfully created attachment "Validation Test Data - Actual JSON Value"
2023-02-07 11:05:01.731 &amp#27;[32m INFO&amp#27;[m &amp#27;[35m[@503 - main]&amp#27;[m &amp#27;[36mcom.shaft.tools.io.ReportManager&amp#27;[m : Successfully created attachment "SHAFT Engine Logs - Current Method log: Get_Reservation_With_BadRequest_ByID_Rq_TC"
]]></system-out>
  </testcase>
  <testcase name="Get_Reservation_With_NotFound_ByID_Rq_TC[[Ljava.lang.Object;@25cfeaee](1)" classname="SteeringCompanyAPI_TestCases.Test_Reservation_Cases" time="7.45">
    <failure message="Perform request failed &quot;GET | Target Status Code: 404 | Service URL: https://api-demo.np.transporticonline.com/steeringcompanies/v1/reservations//6107057 | Content Type: */* | Response Time: 2733ms&quot;." type="java.lang.AssertionError"><![CDATA[java.lang.AssertionError: Perform request failed "GET | Target Status Code: 404 | Service URL: https://api-demo.np.transporticonline.com/steeringcompanies/v1/reservations//6107057 | Content Type: */* | Response Time: 2733ms".
	at org.testng.Assert.fail(Assert.java:110)
	at com.shaft.api.RestActions.failAction(RestActions.java:102)
	at com.shaft.api.RestActions.failAction(RestActions.java:464)
	at com.shaft.api.RequestBuilder.performRequest(RequestBuilder.java:299)
	at com.shaft.api.RequestBuilder.perform(RequestBuilder.java:264)
	at SteeringCompanyAPIs.Reservations_API.Get_Reservations_With_NotFound_by_id_Rq(Reservations_API.java:31)
	at SteeringCompanyAPI_TestCases.Test_Reservation_Cases.Get_Reservation_With_NotFound_ByID_Rq_TC(Test_Reservation_Cases.java:85)
	at java.base/jdk.internal.reflect.NativeMethodAccessorImpl.invoke0(Native Method)
	at java.base/jdk.internal.reflect.NativeMethodAccessorImpl.invoke(NativeMethodAccessorImpl.java:77)
	at java.base/jdk.internal.reflect.DelegatingMethodAccessorImpl.invoke(DelegatingMethodAccessorImpl.java:43)
	at java.base/java.lang.reflect.Method.invoke(Method.java:568)
	at org.testng.internal.invokers.MethodInvocationHelper.invokeMethod(MethodInvocationHelper.java:139)
	at org.testng.internal.invokers.TestInvoker.invokeMethod(TestInvoker.java:677)
	at org.testng.internal.invokers.TestInvoker.invokeTestMethod(TestInvoker.java:221)
	at org.testng.internal.invokers.MethodRunner.runInSequence(MethodRunner.java:50)
	at org.testng.internal.invokers.TestInvoker$MethodInvocationAgent.invoke(TestInvoker.java:969)
	at org.testng.internal.invokers.TestInvoker.invokeTestMethods(TestInvoker.java:194)
	at org.testng.internal.invokers.TestMethodWorker.invokeTestMethods(TestMethodWorker.java:148)
	at org.testng.internal.invokers.TestMethodWorker.run(TestMethodWorker.java:128)
	at java.base/java.util.ArrayList.forEach(ArrayList.java:1511)
	at org.testng.TestRunner.privateRun(TestRunner.java:829)
	at org.testng.TestRunner.run(TestRunner.java:602)
	at org.testng.SuiteRunner.runTest(SuiteRunner.java:437)
	at org.testng.SuiteRunner.runSequentially(SuiteRunner.java:431)
	at org.testng.SuiteRunner.privateRun(SuiteRunner.java:391)
	at org.testng.SuiteRunner.run(SuiteRunner.java:330)
	at org.testng.SuiteRunnerWorker.runSuite(SuiteRunnerWorker.java:52)
	at org.testng.SuiteRunnerWorker.run(SuiteRunnerWorker.java:95)
	at org.testng.TestNG.runSuitesSequentially(TestNG.java:1256)
	at org.testng.TestNG.runSuitesLocally(TestNG.java:1176)
	at org.testng.TestNG.runSuites(TestNG.java:1099)
	at org.testng.TestNG.run(TestNG.java:1067)
	at org.apache.maven.surefire.testng.TestNGExecutor.run(TestNGExecutor.java:151)
	at org.apache.maven.surefire.testng.TestNGDirectoryTestSuite.executeMulti(TestNGDirectoryTestSuite.java:192)
	at org.apache.maven.surefire.testng.TestNGDirectoryTestSuite.execute(TestNGDirectoryTestSuite.java:93)
	at org.apache.maven.surefire.testng.TestNGProvider.invoke(TestNGProvider.java:155)
	at org.apache.maven.surefire.booter.ForkedBooter.runSuitesInProcess(ForkedBooter.java:456)
	at org.apache.maven.surefire.booter.ForkedBooter.execute(ForkedBooter.java:169)
	at org.apache.maven.surefire.booter.ForkedBooter.run(ForkedBooter.java:595)
	at org.apache.maven.surefire.booter.ForkedBooter.main(ForkedBooter.java:581)
]]></failure>
    <system-out><![CDATA[2023-02-07 11:05:01.736 &amp#27;[32m INFO&amp#27;[m &amp#27;[35m[@534 - main]&amp#27;[m &amp#27;[36mcom.shaft.tools.io.ReportManager&amp#27;[m : 
################################################################################################################################################
Starting Execution:	"418 out of 107" test cases in the current suite
Test Method:		"SteeringCompanyAPI_TestCases.Test_Reservation_Cases.Get_Reservation_With_NotFound_ByID_Rq_TC"
Test Description:	"TC002  -Reservation-   Perform Get Reservation API With NotFound by ID"
################################################################################################################################################
2023-02-07 11:05:01.736 &amp#27;[32m INFO&amp#27;[m &amp#27;[35m[@503 - main]&amp#27;[m &amp#27;[36mcom.shaft.tools.io.ReportManager&amp#27;[m : File Action "DoesFileExist" successfully performed. With the following test data "File Path: "SteeringCompanyAPI_TestData/SteeringCompanyAPI_TestData.xlsx"".
2023-02-07 11:05:01.783 &amp#27;[32m INFO&amp#27;[m &amp#27;[35m[@503 - main]&amp#27;[m &amp#27;[36mcom.shaft.tools.io.ReportManager&amp#27;[m : Successfully created attachment "Test Data - Excel"
2023-02-07 11:05:06.368 &amp#27;[32m INFO&amp#27;[m &amp#27;[35m[@503 - main]&amp#27;[m &amp#27;[36mcom.shaft.tools.io.ReportManager&amp#27;[m : Response status code: "200", status line: "HTTP/1.1 200 OK"
2023-02-07 11:05:06.377 &amp#27;[32m INFO&amp#27;[m &amp#27;[35m[@503 - main]&amp#27;[m &amp#27;[36mcom.shaft.tools.io.ReportManager&amp#27;[m : Successfully created attachment "API Request - Specifications"
2023-02-07 11:05:06.378 &amp#27;[32m INFO&amp#27;[m &amp#27;[35m[@503 - main]&amp#27;[m &amp#27;[36mcom.shaft.tools.io.ReportManager&amp#27;[m : Successfully created attachment "API Request - Body"
2023-02-07 11:05:06.382 &amp#27;[32m INFO&amp#27;[m &amp#27;[35m[@503 - main]&amp#27;[m &amp#27;[36mcom.shaft.tools.io.ReportManager&amp#27;[m : Successfully created attachment "API Response - JSON Body"
2023-02-07 11:05:06.392 &amp#27;[32m INFO&amp#27;[m &amp#27;[35m[@503 - main]&amp#27;[m &amp#27;[36mcom.shaft.tools.io.ReportManager&amp#27;[m : File Action "DoesFileExist" successfully performed. With the following test data "File Path: "SteeringCompanyAPI_TestData/SteeringCompanyAPI_TestData.xlsx"".
2023-02-07 11:05:06.422 &amp#27;[32m INFO&amp#27;[m &amp#27;[35m[@503 - main]&amp#27;[m &amp#27;[36mcom.shaft.tools.io.ReportManager&amp#27;[m : Successfully created attachment "Test Data - Excel"
2023-02-07 11:05:09.157 &amp#27;[32m INFO&amp#27;[m &amp#27;[35m[@503 - main]&amp#27;[m &amp#27;[36mcom.shaft.tools.io.ReportManager&amp#27;[m : Response status code: "200", status line: "HTTP/1.1 200 "
2023-02-07 11:05:09.174 &amp#27;[32m INFO&amp#27;[m &amp#27;[35m[@503 - main]&amp#27;[m &amp#27;[36mcom.shaft.tools.io.ReportManager&amp#27;[m : Successfully created attachment "API Request - Specifications"
2023-02-07 11:05:09.175 &amp#27;[32m INFO&amp#27;[m &amp#27;[35m[@503 - main]&amp#27;[m &amp#27;[36mcom.shaft.tools.io.ReportManager&amp#27;[m : Successfully created attachment "API Response - JSON Body"
2023-02-07 11:05:09.179 &amp#27;[32m INFO&amp#27;[m &amp#27;[35m[@503 - main]&amp#27;[m &amp#27;[36mcom.shaft.tools.io.ReportManager&amp#27;[m : Successfully created attachment "SHAFT Engine Logs - Current Method log: Get_Reservation_With_NotFound_ByID_Rq_TC"
]]></system-out>
  </testcase>
  <testcase name="Get_Valid_Reservation_ByID_Rq_TC[[Ljava.lang.Object;@71e4e24e](1)" classname="SteeringCompanyAPI_TestCases.Test_Reservation_Cases" time="1.845">
    <system-out><![CDATA[2023-02-07 11:05:09.187 &amp#27;[32m INFO&amp#27;[m &amp#27;[35m[@534 - main]&amp#27;[m &amp#27;[36mcom.shaft.tools.io.ReportManager&amp#27;[m : 
################################################################################################################################################
Starting Execution:	"419 out of 107" test cases in the current suite
Test Method:		"SteeringCompanyAPI_TestCases.Test_Reservation_Cases.Get_Valid_Reservation_ByID_Rq_TC"
Test Description:	"TC001  -Reservation-   Perform Get Reservation API by ID"
################################################################################################################################################
2023-02-07 11:05:09.187 &amp#27;[32m INFO&amp#27;[m &amp#27;[35m[@503 - main]&amp#27;[m &amp#27;[36mcom.shaft.tools.io.ReportManager&amp#27;[m : File Action "DoesFileExist" successfully performed. With the following test data "File Path: "SteeringCompanyAPI_TestData/SteeringCompanyAPI_TestData.xlsx"".
2023-02-07 11:05:09.227 &amp#27;[32m INFO&amp#27;[m &amp#27;[35m[@503 - main]&amp#27;[m &amp#27;[36mcom.shaft.tools.io.ReportManager&amp#27;[m : Successfully created attachment "Test Data - Excel"
2023-02-07 11:05:09.895 &amp#27;[32m INFO&amp#27;[m &amp#27;[35m[@503 - main]&amp#27;[m &amp#27;[36mcom.shaft.tools.io.ReportManager&amp#27;[m : Response status code: "200", status line: "HTTP/1.1 200 OK"
2023-02-07 11:05:09.914 &amp#27;[32m INFO&amp#27;[m &amp#27;[35m[@503 - main]&amp#27;[m &amp#27;[36mcom.shaft.tools.io.ReportManager&amp#27;[m : Successfully created attachment "API Request - Specifications"
2023-02-07 11:05:09.916 &amp#27;[32m INFO&amp#27;[m &amp#27;[35m[@503 - main]&amp#27;[m &amp#27;[36mcom.shaft.tools.io.ReportManager&amp#27;[m : Successfully created attachment "API Request - Body"
2023-02-07 11:05:09.917 &amp#27;[32m INFO&amp#27;[m &amp#27;[35m[@503 - main]&amp#27;[m &amp#27;[36mcom.shaft.tools.io.ReportManager&amp#27;[m : Successfully created attachment "API Response - JSON Body"
2023-02-07 11:05:09.930 &amp#27;[32m INFO&amp#27;[m &amp#27;[35m[@503 - main]&amp#27;[m &amp#27;[36mcom.shaft.tools.io.ReportManager&amp#27;[m : File Action "DoesFileExist" successfully performed. With the following test data "File Path: "SteeringCompanyAPI_TestData/SteeringCompanyAPI_TestData.xlsx"".
2023-02-07 11:05:09.973 &amp#27;[32m INFO&amp#27;[m &amp#27;[35m[@503 - main]&amp#27;[m &amp#27;[36mcom.shaft.tools.io.ReportManager&amp#27;[m : Successfully created attachment "Test Data - Excel"
2023-02-07 11:05:10.989 &amp#27;[32m INFO&amp#27;[m &amp#27;[35m[@503 - main]&amp#27;[m &amp#27;[36mcom.shaft.tools.io.ReportManager&amp#27;[m : Response status code: "200", status line: "HTTP/1.1 200 "
2023-02-07 11:05:11.007 &amp#27;[32m INFO&amp#27;[m &amp#27;[35m[@503 - main]&amp#27;[m &amp#27;[36mcom.shaft.tools.io.ReportManager&amp#27;[m : Successfully created attachment "API Request - Specifications"
2023-02-07 11:05:11.008 &amp#27;[32m INFO&amp#27;[m &amp#27;[35m[@503 - main]&amp#27;[m &amp#27;[36mcom.shaft.tools.io.ReportManager&amp#27;[m : Successfully created attachment "API Response - JSON Body"
2023-02-07 11:05:11.010 &amp#27;[32m INFO&amp#27;[m &amp#27;[35m[@503 - main]&amp#27;[m &amp#27;[36mcom.shaft.tools.io.ReportManager&amp#27;[m : Successfully created attachment "Validation Test Data - Expected Value"
2023-02-07 11:05:11.011 &amp#27;[32m INFO&amp#27;[m &amp#27;[35m[@503 - main]&amp#27;[m &amp#27;[36mcom.shaft.tools.io.ReportManager&amp#27;[m : Successfully created attachment "Validation Test Data - Actual Value"
2023-02-07 11:05:11.012 &amp#27;[32m INFO&amp#27;[m &amp#27;[35m[@503 - main]&amp#27;[m &amp#27;[36mcom.shaft.tools.io.ReportManager&amp#27;[m : File Action "DoesFileExist" successfully performed. With the following test data "File Path: "Schemas/Reservations_schema.json"".
2023-02-07 11:05:11.012 &amp#27;[32m INFO&amp#27;[m &amp#27;[35m[@503 - main]&amp#27;[m &amp#27;[36mcom.shaft.tools.io.ReportManager&amp#27;[m : File Action "DoesFileExist" successfully performed. With the following test data "File Path: "src/test/resources/testDataFiles/Schemas/Reservations_schema.json"".
2023-02-07 11:05:11.013 &amp#27;[32m INFO&amp#27;[m &amp#27;[35m[@503 - main]&amp#27;[m &amp#27;[36mcom.shaft.tools.io.ReportManager&amp#27;[m : File Action "GetAbsolutePath" successfully performed. With the following test data "Relative Folder Path: "src/test/resources/testDataFiles/Schemas/Reservations_schema.json"".
2023-02-07 11:05:11.020 &amp#27;[32m INFO&amp#27;[m &amp#27;[35m[@503 - main]&amp#27;[m &amp#27;[36mcom.shaft.tools.io.ReportManager&amp#27;[m : File Action "DoesFileExist" successfully performed. With the following test data "File Path: "C:\eclipse-workspace\MyProjects\TASystemsAPIs\src\test\resources\testDataFiles\Schemas\Reservations_schema.json"".
2023-02-07 11:05:11.021 &amp#27;[32m INFO&amp#27;[m &amp#27;[35m[@503 - main]&amp#27;[m &amp#27;[36mcom.shaft.tools.io.ReportManager&amp#27;[m : File Action "GetAbsolutePath" successfully performed. With the following test data "Relative Folder Path: "C:\eclipse-workspace\MyProjects\TASystemsAPIs\src\test\resources\testDataFiles\Schemas\Reservations_schema.json"".
2023-02-07 11:05:11.021 &amp#27;[32m INFO&amp#27;[m &amp#27;[35m[@503 - main]&amp#27;[m &amp#27;[36mcom.shaft.tools.io.ReportManager&amp#27;[m : File Action "ReadFile" successfully performed. With the following test data "File Path: "C:\eclipse-workspace\MyProjects\TASystemsAPIs\src\test\resources\testDataFiles\Schemas\Reservations_schema.json"".
2023-02-07 11:05:11.026 &amp#27;[32m INFO&amp#27;[m &amp#27;[35m[@503 - main]&amp#27;[m &amp#27;[36mcom.shaft.tools.io.ReportManager&amp#27;[m : Successfully created attachment "Validation Test Data - Expected JSON Value"
2023-02-07 11:05:11.027 &amp#27;[32m INFO&amp#27;[m &amp#27;[35m[@503 - main]&amp#27;[m &amp#27;[36mcom.shaft.tools.io.ReportManager&amp#27;[m : Successfully created attachment "Validation Test Data - Actual JSON Value"
2023-02-07 11:05:11.028 &amp#27;[32m INFO&amp#27;[m &amp#27;[35m[@503 - main]&amp#27;[m &amp#27;[36mcom.shaft.tools.io.ReportManager&amp#27;[m : Successfully created attachment "SHAFT Engine Logs - Current Method log: Get_Valid_Reservation_ByID_Rq_TC"
]]></system-out>
  </testcase>
  <testcase name="Get_Valid_Reservation_ByID_Rq_TC[[Ljava.lang.Object;@3ec850fd](2)" classname="SteeringCompanyAPI_TestCases.Test_Reservation_Cases" time="1.58">
    <system-out><![CDATA[2023-02-07 11:05:11.032 &amp#27;[32m INFO&amp#27;[m &amp#27;[35m[@534 - main]&amp#27;[m &amp#27;[36mcom.shaft.tools.io.ReportManager&amp#27;[m : 
################################################################################################################################################
Starting Execution:	"420 out of 107" test cases in the current suite
Test Method:		"SteeringCompanyAPI_TestCases.Test_Reservation_Cases.Get_Valid_Reservation_ByID_Rq_TC"
Test Description:	"TC001  -Reservation-   Perform Get Reservation API by ID"
################################################################################################################################################
2023-02-07 11:05:11.032 &amp#27;[32m INFO&amp#27;[m &amp#27;[35m[@503 - main]&amp#27;[m &amp#27;[36mcom.shaft.tools.io.ReportManager&amp#27;[m : File Action "DoesFileExist" successfully performed. With the following test data "File Path: "SteeringCompanyAPI_TestData/SteeringCompanyAPI_TestData.xlsx"".
2023-02-07 11:05:11.077 &amp#27;[32m INFO&amp#27;[m &amp#27;[35m[@503 - main]&amp#27;[m &amp#27;[36mcom.shaft.tools.io.ReportManager&amp#27;[m : Successfully created attachment "Test Data - Excel"
2023-02-07 11:05:11.723 &amp#27;[32m INFO&amp#27;[m &amp#27;[35m[@503 - main]&amp#27;[m &amp#27;[36mcom.shaft.tools.io.ReportManager&amp#27;[m : Response status code: "200", status line: "HTTP/1.1 200 OK"
2023-02-07 11:05:11.740 &amp#27;[32m INFO&amp#27;[m &amp#27;[35m[@503 - main]&amp#27;[m &amp#27;[36mcom.shaft.tools.io.ReportManager&amp#27;[m : Successfully created attachment "API Request - Specifications"
2023-02-07 11:05:11.741 &amp#27;[32m INFO&amp#27;[m &amp#27;[35m[@503 - main]&amp#27;[m &amp#27;[36mcom.shaft.tools.io.ReportManager&amp#27;[m : Successfully created attachment "API Request - Body"
2023-02-07 11:05:11.744 &amp#27;[32m INFO&amp#27;[m &amp#27;[35m[@503 - main]&amp#27;[m &amp#27;[36mcom.shaft.tools.io.ReportManager&amp#27;[m : Successfully created attachment "API Response - JSON Body"
2023-02-07 11:05:11.759 &amp#27;[32m INFO&amp#27;[m &amp#27;[35m[@503 - main]&amp#27;[m &amp#27;[36mcom.shaft.tools.io.ReportManager&amp#27;[m : File Action "DoesFileExist" successfully performed. With the following test data "File Path: "SteeringCompanyAPI_TestData/SteeringCompanyAPI_TestData.xlsx"".
2023-02-07 11:05:11.788 &amp#27;[32m INFO&amp#27;[m &amp#27;[35m[@503 - main]&amp#27;[m &amp#27;[36mcom.shaft.tools.io.ReportManager&amp#27;[m : Successfully created attachment "Test Data - Excel"
2023-02-07 11:05:12.559 &amp#27;[32m INFO&amp#27;[m &amp#27;[35m[@503 - main]&amp#27;[m &amp#27;[36mcom.shaft.tools.io.ReportManager&amp#27;[m : Response status code: "200", status line: "HTTP/1.1 200 "
2023-02-07 11:05:12.580 &amp#27;[32m INFO&amp#27;[m &amp#27;[35m[@503 - main]&amp#27;[m &amp#27;[36mcom.shaft.tools.io.ReportManager&amp#27;[m : Successfully created attachment "API Request - Specifications"
2023-02-07 11:05:12.581 &amp#27;[32m INFO&amp#27;[m &amp#27;[35m[@503 - main]&amp#27;[m &amp#27;[36mcom.shaft.tools.io.ReportManager&amp#27;[m : Successfully created attachment "API Response - JSON Body"
2023-02-07 11:05:12.587 &amp#27;[32m INFO&amp#27;[m &amp#27;[35m[@503 - main]&amp#27;[m &amp#27;[36mcom.shaft.tools.io.ReportManager&amp#27;[m : Successfully created attachment "Validation Test Data - Expected Value"
2023-02-07 11:05:12.588 &amp#27;[32m INFO&amp#27;[m &amp#27;[35m[@503 - main]&amp#27;[m &amp#27;[36mcom.shaft.tools.io.ReportManager&amp#27;[m : Successfully created attachment "Validation Test Data - Actual Value"
2023-02-07 11:05:12.589 &amp#27;[32m INFO&amp#27;[m &amp#27;[35m[@503 - main]&amp#27;[m &amp#27;[36mcom.shaft.tools.io.ReportManager&amp#27;[m : File Action "DoesFileExist" successfully performed. With the following test data "File Path: "Schemas/Reservations_schema.json"".
2023-02-07 11:05:12.590 &amp#27;[32m INFO&amp#27;[m &amp#27;[35m[@503 - main]&amp#27;[m &amp#27;[36mcom.shaft.tools.io.ReportManager&amp#27;[m : File Action "DoesFileExist" successfully performed. With the following test data "File Path: "src/test/resources/testDataFiles/Schemas/Reservations_schema.json"".
2023-02-07 11:05:12.590 &amp#27;[32m INFO&amp#27;[m &amp#27;[35m[@503 - main]&amp#27;[m &amp#27;[36mcom.shaft.tools.io.ReportManager&amp#27;[m : File Action "GetAbsolutePath" successfully performed. With the following test data "Relative Folder Path: "src/test/resources/testDataFiles/Schemas/Reservations_schema.json"".
2023-02-07 11:05:12.599 &amp#27;[32m INFO&amp#27;[m &amp#27;[35m[@503 - main]&amp#27;[m &amp#27;[36mcom.shaft.tools.io.ReportManager&amp#27;[m : File Action "DoesFileExist" successfully performed. With the following test data "File Path: "C:\eclipse-workspace\MyProjects\TASystemsAPIs\src\test\resources\testDataFiles\Schemas\Reservations_schema.json"".
2023-02-07 11:05:12.599 &amp#27;[32m INFO&amp#27;[m &amp#27;[35m[@503 - main]&amp#27;[m &amp#27;[36mcom.shaft.tools.io.ReportManager&amp#27;[m : File Action "GetAbsolutePath" successfully performed. With the following test data "Relative Folder Path: "C:\eclipse-workspace\MyProjects\TASystemsAPIs\src\test\resources\testDataFiles\Schemas\Reservations_schema.json"".
2023-02-07 11:05:12.600 &amp#27;[32m INFO&amp#27;[m &amp#27;[35m[@503 - main]&amp#27;[m &amp#27;[36mcom.shaft.tools.io.ReportManager&amp#27;[m : File Action "ReadFile" successfully performed. With the following test data "File Path: "C:\eclipse-workspace\MyProjects\TASystemsAPIs\src\test\resources\testDataFiles\Schemas\Reservations_schema.json"".
2023-02-07 11:05:12.604 &amp#27;[32m INFO&amp#27;[m &amp#27;[35m[@503 - main]&amp#27;[m &amp#27;[36mcom.shaft.tools.io.ReportManager&amp#27;[m : Successfully created attachment "Validation Test Data - Expected JSON Value"
2023-02-07 11:05:12.605 &amp#27;[32m INFO&amp#27;[m &amp#27;[35m[@503 - main]&amp#27;[m &amp#27;[36mcom.shaft.tools.io.ReportManager&amp#27;[m : Successfully created attachment "Validation Test Data - Actual JSON Value"
2023-02-07 11:05:12.607 &amp#27;[32m INFO&amp#27;[m &amp#27;[35m[@503 - main]&amp#27;[m &amp#27;[36mcom.shaft.tools.io.ReportManager&amp#27;[m : Successfully created attachment "SHAFT Engine Logs - Current Method log: Get_Valid_Reservation_ByID_Rq_TC"
]]></system-out>
  </testcase>
  <testcase name="Bad_Token_RQ_TC" classname="SteeringCompanyAPI_TestCases.Test_Token_Cases" time="0.559">
    <system-out><![CDATA[2023-02-07 11:05:12.610 &amp#27;[32m INFO&amp#27;[m &amp#27;[35m[@534 - main]&amp#27;[m &amp#27;[36mcom.shaft.tools.io.ReportManager&amp#27;[m : 
################################################################################################################################################
Starting Execution of a Configuration (Setup or Teardown) Method
Test Method:		"SteeringCompanyAPI_TestCases.Test_Token_Cases.Setup_data"
################################################################################################################################################
2023-02-07 11:05:12.611 &amp#27;[32m INFO&amp#27;[m &amp#27;[35m[@503 - main]&amp#27;[m &amp#27;[36mcom.shaft.tools.io.ReportManager&amp#27;[m : File Action "DoesFileExist" successfully performed. With the following test data "File Path: "SteeringCompanyAPI_TestData/SteeringCompanyAPI_TestData.xlsx"".
2023-02-07 11:05:12.647 &amp#27;[32m INFO&amp#27;[m &amp#27;[35m[@503 - main]&amp#27;[m &amp#27;[36mcom.shaft.tools.io.ReportManager&amp#27;[m : Successfully created attachment "Test Data - Excel"
2023-02-07 11:05:12.647 &amp#27;[31mERROR&amp#27;[m &amp#27;[35m[@609 - main]&amp#27;[m &amp#27;[36mio.qameta.allure.AllureLifecycle&amp#27;[m : Could not add attachment: no test is running
2023-02-07 11:05:12.648 &amp#27;[32m INFO&amp#27;[m &amp#27;[35m[@503 - main]&amp#27;[m &amp#27;[36mcom.shaft.tools.io.ReportManager&amp#27;[m : Successfully created attachment "SHAFT Engine Logs - Current Method log: Setup_data"
2023-02-07 11:05:12.649 &amp#27;[32m INFO&amp#27;[m &amp#27;[35m[@534 - main]&amp#27;[m &amp#27;[36mcom.shaft.tools.io.ReportManager&amp#27;[m : 
################################################################################################################################################
Starting Execution:	"421 out of 107" test cases in the current suite
Test Method:		"SteeringCompanyAPI_TestCases.Test_Token_Cases.Bad_Token_RQ_TC"
Test Description:	"TC003 - Perform Post Token API with empty request body"
################################################################################################################################################
2023-02-07 11:05:12.649 &amp#27;[32m INFO&amp#27;[m &amp#27;[35m[@503 - main]&amp#27;[m &amp#27;[36mcom.shaft.tools.io.ReportManager&amp#27;[m : File Action "DoesFileExist" successfully performed. With the following test data "File Path: "SteeringCompanyAPI_TestData/SteeringCompanyAPI_TestData.xlsx"".
2023-02-07 11:05:12.670 &amp#27;[32m INFO&amp#27;[m &amp#27;[35m[@503 - main]&amp#27;[m &amp#27;[36mcom.shaft.tools.io.ReportManager&amp#27;[m : Successfully created attachment "Test Data - Excel"
2023-02-07 11:05:13.172 &amp#27;[32m INFO&amp#27;[m &amp#27;[35m[@503 - main]&amp#27;[m &amp#27;[36mcom.shaft.tools.io.ReportManager&amp#27;[m : Response status code: "400", status line: "HTTP/1.1 400 Bad Request"
2023-02-07 11:05:13.191 &amp#27;[32m INFO&amp#27;[m &amp#27;[35m[@503 - main]&amp#27;[m &amp#27;[36mcom.shaft.tools.io.ReportManager&amp#27;[m : Successfully created attachment "API Request - Specifications"
2023-02-07 11:05:13.193 &amp#27;[32m INFO&amp#27;[m &amp#27;[35m[@503 - main]&amp#27;[m &amp#27;[36mcom.shaft.tools.io.ReportManager&amp#27;[m : Successfully created attachment "API Response - JSON Body"
2023-02-07 11:05:13.194 &amp#27;[32m INFO&amp#27;[m &amp#27;[35m[@503 - main]&amp#27;[m &amp#27;[36mcom.shaft.tools.io.ReportManager&amp#27;[m : Get response jsonvalue "error_description".
2023-02-07 11:05:13.196 &amp#27;[32m INFO&amp#27;[m &amp#27;[35m[@503 - main]&amp#27;[m &amp#27;[36mcom.shaft.tools.io.ReportManager&amp#27;[m : File Action "DoesFileExist" successfully performed. With the following test data "File Path: "Schemas/Token_Unauthorized_schema.json"".
2023-02-07 11:05:13.196 &amp#27;[32m INFO&amp#27;[m &amp#27;[35m[@503 - main]&amp#27;[m &amp#27;[36mcom.shaft.tools.io.ReportManager&amp#27;[m : File Action "DoesFileExist" successfully performed. With the following test data "File Path: "src/test/resources/testDataFiles/Schemas/Token_Unauthorized_schema.json"".
2023-02-07 11:05:13.197 &amp#27;[32m INFO&amp#27;[m &amp#27;[35m[@503 - main]&amp#27;[m &amp#27;[36mcom.shaft.tools.io.ReportManager&amp#27;[m : File Action "GetAbsolutePath" successfully performed. With the following test data "Relative Folder Path: "src/test/resources/testDataFiles/Schemas/Token_Unauthorized_schema.json"".
2023-02-07 11:05:13.200 &amp#27;[32m INFO&amp#27;[m &amp#27;[35m[@503 - main]&amp#27;[m &amp#27;[36mcom.shaft.tools.io.ReportManager&amp#27;[m : File Action "DoesFileExist" successfully performed. With the following test data "File Path: "C:\eclipse-workspace\MyProjects\TASystemsAPIs\src\test\resources\testDataFiles\Schemas\Token_Unauthorized_schema.json"".
2023-02-07 11:05:13.200 &amp#27;[32m INFO&amp#27;[m &amp#27;[35m[@503 - main]&amp#27;[m &amp#27;[36mcom.shaft.tools.io.ReportManager&amp#27;[m : File Action "GetAbsolutePath" successfully performed. With the following test data "Relative Folder Path: "C:\eclipse-workspace\MyProjects\TASystemsAPIs\src\test\resources\testDataFiles\Schemas\Token_Unauthorized_schema.json"".
2023-02-07 11:05:13.201 &amp#27;[32m INFO&amp#27;[m &amp#27;[35m[@503 - main]&amp#27;[m &amp#27;[36mcom.shaft.tools.io.ReportManager&amp#27;[m : File Action "ReadFile" successfully performed. With the following test data "File Path: "C:\eclipse-workspace\MyProjects\TASystemsAPIs\src\test\resources\testDataFiles\Schemas\Token_Unauthorized_schema.json"".
2023-02-07 11:05:13.203 &amp#27;[32m INFO&amp#27;[m &amp#27;[35m[@503 - main]&amp#27;[m &amp#27;[36mcom.shaft.tools.io.ReportManager&amp#27;[m : Successfully created attachment "Validation Test Data - Expected JSON Value"
2023-02-07 11:05:13.204 &amp#27;[32m INFO&amp#27;[m &amp#27;[35m[@503 - main]&amp#27;[m &amp#27;[36mcom.shaft.tools.io.ReportManager&amp#27;[m : Successfully created attachment "Validation Test Data - Actual JSON Value"
2023-02-07 11:05:13.206 &amp#27;[32m INFO&amp#27;[m &amp#27;[35m[@503 - main]&amp#27;[m &amp#27;[36mcom.shaft.tools.io.ReportManager&amp#27;[m : Successfully created attachment "SHAFT Engine Logs - Current Method log: Bad_Token_RQ_TC"
]]></system-out>
  </testcase>
  <testcase name="InValid_Token_RQ_TC" classname="SteeringCompanyAPI_TestCases.Test_Token_Cases" time="3.221">
    <system-out><![CDATA[2023-02-07 11:05:13.209 &amp#27;[32m INFO&amp#27;[m &amp#27;[35m[@534 - main]&amp#27;[m &amp#27;[36mcom.shaft.tools.io.ReportManager&amp#27;[m : 
################################################################################################################################################
Starting Execution:	"422 out of 107" test cases in the current suite
Test Method:		"SteeringCompanyAPI_TestCases.Test_Token_Cases.InValid_Token_RQ_TC"
Test Description:	"TC002 - Perform Post Token API with Invalid user name and password"
################################################################################################################################################
2023-02-07 11:05:13.210 &amp#27;[32m INFO&amp#27;[m &amp#27;[35m[@503 - main]&amp#27;[m &amp#27;[36mcom.shaft.tools.io.ReportManager&amp#27;[m : File Action "DoesFileExist" successfully performed. With the following test data "File Path: "SteeringCompanyAPI_TestData/SteeringCompanyAPI_TestData.xlsx"".
2023-02-07 11:05:13.263 &amp#27;[32m INFO&amp#27;[m &amp#27;[35m[@503 - main]&amp#27;[m &amp#27;[36mcom.shaft.tools.io.ReportManager&amp#27;[m : Successfully created attachment "Test Data - Excel"
2023-02-07 11:05:16.401 &amp#27;[32m INFO&amp#27;[m &amp#27;[35m[@503 - main]&amp#27;[m &amp#27;[36mcom.shaft.tools.io.ReportManager&amp#27;[m : Response status code: "401", status line: "HTTP/1.1 401 Unauthorized"
2023-02-07 11:05:16.415 &amp#27;[32m INFO&amp#27;[m &amp#27;[35m[@503 - main]&amp#27;[m &amp#27;[36mcom.shaft.tools.io.ReportManager&amp#27;[m : Successfully created attachment "API Request - Specifications"
2023-02-07 11:05:16.416 &amp#27;[32m INFO&amp#27;[m &amp#27;[35m[@503 - main]&amp#27;[m &amp#27;[36mcom.shaft.tools.io.ReportManager&amp#27;[m : Successfully created attachment "API Request - Body"
2023-02-07 11:05:16.418 &amp#27;[32m INFO&amp#27;[m &amp#27;[35m[@503 - main]&amp#27;[m &amp#27;[36mcom.shaft.tools.io.ReportManager&amp#27;[m : Successfully created attachment "API Response - JSON Body"
2023-02-07 11:05:16.419 &amp#27;[32m INFO&amp#27;[m &amp#27;[35m[@503 - main]&amp#27;[m &amp#27;[36mcom.shaft.tools.io.ReportManager&amp#27;[m : Get response jsonvalue "error_description".
2023-02-07 11:05:16.419 &amp#27;[32m INFO&amp#27;[m &amp#27;[35m[@503 - main]&amp#27;[m &amp#27;[36mcom.shaft.tools.io.ReportManager&amp#27;[m : File Action "DoesFileExist" successfully performed. With the following test data "File Path: "Schemas/Token_Unauthorized_schema.json"".
2023-02-07 11:05:16.420 &amp#27;[32m INFO&amp#27;[m &amp#27;[35m[@503 - main]&amp#27;[m &amp#27;[36mcom.shaft.tools.io.ReportManager&amp#27;[m : File Action "DoesFileExist" successfully performed. With the following test data "File Path: "src/test/resources/testDataFiles/Schemas/Token_Unauthorized_schema.json"".
2023-02-07 11:05:16.420 &amp#27;[32m INFO&amp#27;[m &amp#27;[35m[@503 - main]&amp#27;[m &amp#27;[36mcom.shaft.tools.io.ReportManager&amp#27;[m : File Action "GetAbsolutePath" successfully performed. With the following test data "Relative Folder Path: "src/test/resources/testDataFiles/Schemas/Token_Unauthorized_schema.json"".
2023-02-07 11:05:16.422 &amp#27;[32m INFO&amp#27;[m &amp#27;[35m[@503 - main]&amp#27;[m &amp#27;[36mcom.shaft.tools.io.ReportManager&amp#27;[m : File Action "DoesFileExist" successfully performed. With the following test data "File Path: "C:\eclipse-workspace\MyProjects\TASystemsAPIs\src\test\resources\testDataFiles\Schemas\Token_Unauthorized_schema.json"".
2023-02-07 11:05:16.422 &amp#27;[32m INFO&amp#27;[m &amp#27;[35m[@503 - main]&amp#27;[m &amp#27;[36mcom.shaft.tools.io.ReportManager&amp#27;[m : File Action "GetAbsolutePath" successfully performed. With the following test data "Relative Folder Path: "C:\eclipse-workspace\MyProjects\TASystemsAPIs\src\test\resources\testDataFiles\Schemas\Token_Unauthorized_schema.json"".
2023-02-07 11:05:16.422 &amp#27;[32m INFO&amp#27;[m &amp#27;[35m[@503 - main]&amp#27;[m &amp#27;[36mcom.shaft.tools.io.ReportManager&amp#27;[m : File Action "ReadFile" successfully performed. With the following test data "File Path: "C:\eclipse-workspace\MyProjects\TASystemsAPIs\src\test\resources\testDataFiles\Schemas\Token_Unauthorized_schema.json"".
2023-02-07 11:05:16.426 &amp#27;[32m INFO&amp#27;[m &amp#27;[35m[@503 - main]&amp#27;[m &amp#27;[36mcom.shaft.tools.io.ReportManager&amp#27;[m : Successfully created attachment "Validation Test Data - Expected JSON Value"
2023-02-07 11:05:16.427 &amp#27;[32m INFO&amp#27;[m &amp#27;[35m[@503 - main]&amp#27;[m &amp#27;[36mcom.shaft.tools.io.ReportManager&amp#27;[m : Successfully created attachment "Validation Test Data - Actual JSON Value"
2023-02-07 11:05:16.428 &amp#27;[32m INFO&amp#27;[m &amp#27;[35m[@503 - main]&amp#27;[m &amp#27;[36mcom.shaft.tools.io.ReportManager&amp#27;[m : Successfully created attachment "SHAFT Engine Logs - Current Method log: InValid_Token_RQ_TC"
]]></system-out>
  </testcase>
  <testcase name="Valid_Token_RQ_TC" classname="SteeringCompanyAPI_TestCases.Test_Token_Cases" time="1.666">
    <system-out><![CDATA[2023-02-07 11:05:16.431 &amp#27;[32m INFO&amp#27;[m &amp#27;[35m[@534 - main]&amp#27;[m &amp#27;[36mcom.shaft.tools.io.ReportManager&amp#27;[m : 
################################################################################################################################################
Starting Execution:	"423 out of 107" test cases in the current suite
Test Method:		"SteeringCompanyAPI_TestCases.Test_Token_Cases.Valid_Token_RQ_TC"
Test Description:	"TC001 - Perform Post Token API with valid user name and password and return with token"
################################################################################################################################################
2023-02-07 11:05:16.432 &amp#27;[32m INFO&amp#27;[m &amp#27;[35m[@503 - main]&amp#27;[m &amp#27;[36mcom.shaft.tools.io.ReportManager&amp#27;[m : File Action "DoesFileExist" successfully performed. With the following test data "File Path: "SteeringCompanyAPI_TestData/SteeringCompanyAPI_TestData.xlsx"".
2023-02-07 11:05:16.453 &amp#27;[32m INFO&amp#27;[m &amp#27;[35m[@503 - main]&amp#27;[m &amp#27;[36mcom.shaft.tools.io.ReportManager&amp#27;[m : Successfully created attachment "Test Data - Excel"
2023-02-07 11:05:17.969 &amp#27;[32m INFO&amp#27;[m &amp#27;[35m[@503 - main]&amp#27;[m &amp#27;[36mcom.shaft.tools.io.ReportManager&amp#27;[m : Response status code: "200", status line: "HTTP/1.1 200 OK"
2023-02-07 11:05:17.986 &amp#27;[32m INFO&amp#27;[m &amp#27;[35m[@503 - main]&amp#27;[m &amp#27;[36mcom.shaft.tools.io.ReportManager&amp#27;[m : Successfully created attachment "API Request - Specifications"
2023-02-07 11:05:17.989 &amp#27;[32m INFO&amp#27;[m &amp#27;[35m[@503 - main]&amp#27;[m &amp#27;[36mcom.shaft.tools.io.ReportManager&amp#27;[m : Successfully created attachment "API Request - Body"
2023-02-07 11:05:17.991 &amp#27;[32m INFO&amp#27;[m &amp#27;[35m[@503 - main]&amp#27;[m &amp#27;[36mcom.shaft.tools.io.ReportManager&amp#27;[m : Successfully created attachment "API Response - JSON Body"
2023-02-07 11:05:17.992 &amp#27;[32m INFO&amp#27;[m &amp#27;[35m[@503 - main]&amp#27;[m &amp#27;[36mcom.shaft.tools.io.ReportManager&amp#27;[m : Successfully created attachment "Validation Test Data - Expected Value"
2023-02-07 11:05:17.995 &amp#27;[32m INFO&amp#27;[m &amp#27;[35m[@503 - main]&amp#27;[m &amp#27;[36mcom.shaft.tools.io.ReportManager&amp#27;[m : Successfully created attachment "Validation Test Data - Actual Value"
2023-02-07 11:05:17.996 &amp#27;[32m INFO&amp#27;[m &amp#27;[35m[@503 - main]&amp#27;[m &amp#27;[36mcom.shaft.tools.io.ReportManager&amp#27;[m : Get response jsonvalue "access_token".
2023-02-07 11:05:17.997 &amp#27;[32m INFO&amp#27;[m &amp#27;[35m[@503 - main]&amp#27;[m &amp#27;[36mcom.shaft.tools.io.ReportManager&amp#27;[m : Successfully created attachment "Validation Test Data - Expected Value"
2023-02-07 11:05:17.998 &amp#27;[32m INFO&amp#27;[m &amp#27;[35m[@503 - main]&amp#27;[m &amp#27;[36mcom.shaft.tools.io.ReportManager&amp#27;[m : Successfully created attachment "Validation Test Data - Actual Value"
2023-02-07 11:05:17.999 &amp#27;[32m INFO&amp#27;[m &amp#27;[35m[@503 - main]&amp#27;[m &amp#27;[36mcom.shaft.tools.io.ReportManager&amp#27;[m : File Action "DoesFileExist" successfully performed. With the following test data "File Path: "Schemas/Token_schema.json"".
2023-02-07 11:05:17.999 &amp#27;[32m INFO&amp#27;[m &amp#27;[35m[@503 - main]&amp#27;[m &amp#27;[36mcom.shaft.tools.io.ReportManager&amp#27;[m : File Action "DoesFileExist" successfully performed. With the following test data "File Path: "src/test/resources/testDataFiles/Schemas/Token_schema.json"".
2023-02-07 11:05:17.999 &amp#27;[32m INFO&amp#27;[m &amp#27;[35m[@503 - main]&amp#27;[m &amp#27;[36mcom.shaft.tools.io.ReportManager&amp#27;[m : File Action "GetAbsolutePath" successfully performed. With the following test data "Relative Folder Path: "src/test/resources/testDataFiles/Schemas/Token_schema.json"".
2023-02-07 11:05:18.002 &amp#27;[32m INFO&amp#27;[m &amp#27;[35m[@503 - main]&amp#27;[m &amp#27;[36mcom.shaft.tools.io.ReportManager&amp#27;[m : File Action "DoesFileExist" successfully performed. With the following test data "File Path: "C:\eclipse-workspace\MyProjects\TASystemsAPIs\src\test\resources\testDataFiles\Schemas\Token_schema.json"".
2023-02-07 11:05:18.002 &amp#27;[32m INFO&amp#27;[m &amp#27;[35m[@503 - main]&amp#27;[m &amp#27;[36mcom.shaft.tools.io.ReportManager&amp#27;[m : File Action "GetAbsolutePath" successfully performed. With the following test data "Relative Folder Path: "C:\eclipse-workspace\MyProjects\TASystemsAPIs\src\test\resources\testDataFiles\Schemas\Token_schema.json"".
2023-02-07 11:05:18.003 &amp#27;[32m INFO&amp#27;[m &amp#27;[35m[@503 - main]&amp#27;[m &amp#27;[36mcom.shaft.tools.io.ReportManager&amp#27;[m : File Action "ReadFile" successfully performed. With the following test data "File Path: "C:\eclipse-workspace\MyProjects\TASystemsAPIs\src\test\resources\testDataFiles\Schemas\Token_schema.json"".
2023-02-07 11:05:18.004 &amp#27;[32m INFO&amp#27;[m &amp#27;[35m[@503 - main]&amp#27;[m &amp#27;[36mcom.shaft.tools.io.ReportManager&amp#27;[m : Successfully created attachment "Validation Test Data - Expected JSON Value"
2023-02-07 11:05:18.005 &amp#27;[32m INFO&amp#27;[m &amp#27;[35m[@503 - main]&amp#27;[m &amp#27;[36mcom.shaft.tools.io.ReportManager&amp#27;[m : Successfully created attachment "Validation Test Data - Actual JSON Value"
2023-02-07 11:05:18.093 &amp#27;[32m INFO&amp#27;[m &amp#27;[35m[@503 - main]&amp#27;[m &amp#27;[36mcom.shaft.tools.io.ReportManager&amp#27;[m : Successfully created attachment "SHAFT Engine Logs - Current Method log: Valid_Token_RQ_TC"
]]></system-out>
  </testcase>
</testsuite>