<?xml version="1.0" encoding="UTF-8"?>
<testsuite xmlns:xsi="http://www.w3.org/2001/XMLSchema-instance" xsi:noNamespaceSchemaLocation="https://maven.apache.org/surefire/maven-surefire-plugin/xsd/surefire-test-report-3.0.xsd" version="3.0" name="TestSuite" time="13.017" tests="4" errors="0" skipped="0" failures="0">
  <properties>
    <property name="cucumber.publish.quiet" value="true"/>
    <property name="java.specification.version" value="17"/>
    <property name="sun.cpu.isalist" value="amd64"/>
    <property name="sun.arch.data.model" value="64"/>
    <property name="projectKey" value=""/>
    <property name="testDataFolderPath" value="src/test/resources/testDataFiles/"/>
    <property name="jiraUrl" value="https://"/>
    <property name="java.vendor.url" value="https://java.oracle.com/"/>
    <property name="imitatePort" value="8000"/>
    <property name="cucumber.filter.name" value=""/>
    <property name="propertiesFolderPath_CI" value=""/>
    <property name="ReportBugs" value="false"/>
    <property name="allureResultsFolderPath" value="allure-results/"/>
    <property name="sun.boot.library.path" value="C:\Program Files\Java\jdk-17.0.2\bin"/>
    <property name="sun.java.command" value="C:\Users\HeshamAbdElhamedGhar\AppData\Local\Temp\surefire5895235789326117453\surefirebooter-20221012161049238_3.jar C:\Users\HeshamAbdElhamedGhar\AppData\Local\Temp\surefire5895235789326117453 2022-10-12T16-10-48_821-jvmRun1 surefire-20221012161049238_1tmp surefire_0-20221012161049238_2tmp"/>
    <property name="jdk.debug" value="release"/>
    <property name="maximumPerformanceMode" value="0"/>
    <property name="autoMaximizeBrowserWindow" value="true"/>
    <property name="java.specification.vendor" value="Oracle Corporation"/>
    <property name="extentReportsFolderPath" value="extent-reports/"/>
    <property name="shaftEngineVersion" value="SHAFT Engine v6.4.20220906-BETA"/>
    <property name="java.version.date" value="2022-01-18"/>
    <property name="java.home" value="C:\Program Files\Java\jdk-17.0.2"/>
    <property name="testng.dtd.http" value="true"/>
    <property name="attemptClearBeforeTypingUsingBackspace" value="true"/>
    <property name="basedir" value="C:\eclipse-workspace\MyProjects\TASystemsAPIs"/>
    <property name="alwaysLogDiscreetly" value="false"/>
    <property name="java.specification.name" value="Java Platform API Specification"/>
    <property name="java.vm.specification.vendor" value="Oracle Corporation"/>
    <property name="browserStack.appName" value=""/>
    <property name="videoParams_recordVideo" value="true"/>
    <property name="assignee" value=""/>
    <property name="video.save.mode" value="ALL"/>
    <property name="waitImplicitly" value="false"/>
    <property name="user.script" value=""/>
    <property name="sun.management.compiler" value="HotSpot 64-Bit Tiered Compilers"/>
    <property name="browserStack.local" value="false"/>
    <property name="browserStack.geoLocation" value=""/>
    <property name="generateAllureReportArchive" value="false"/>
    <property name="java.runtime.version" value="17.0.2+8-LTS-86"/>
    <property name="watermarkImagePath" value="images/shaft_white_bg.png"/>
    <property name="browserStack.deviceName" value=""/>
    <property name="browserStack.browserVersion" value=""/>
    <property name="tinkey.kms.credentialPath" value=""/>
    <property name="file.encoding" value="Cp1252"/>
    <property name="forceCheckForElementVisibility" value="true"/>
    <property name="cleanAllureResultsDirectoryBeforeExecution" value="true"/>
    <property name="java.io.tmpdir" value="C:\Users\HESHAM~1\AppData\Local\Temp\"/>
    <property name="databaseNetworkTimeout" value="30"/>
    <property name="reportPath" value="target/surefire-reports/testng-results.xml"/>
    <property name="java.version" value="17.0.2"/>
    <property name="java.vm.specification.name" value="Java Virtual Machine Specification"/>
    <property name="databaseLoginTimeout" value="30"/>
    <property name="dockerCommandTimeout" value="30"/>
    <property name="implicitWaitTimeout" value="30"/>
    <property name="org.slf4j.simpleLogger.defaultLogLevel" value="trace"/>
    <property name="native.encoding" value="Cp1252"/>
    <property name="tinkey.kms.serverType" value=""/>
    <property name="java.library.path" value="C:\Program Files\Java\jdk-17.0.2\bin;C:\WINDOWS\Sun\Java\bin;C:\WINDOWS\system32;C:\WINDOWS;C:/Program Files/Java/jdk-17.0.2/bin/server;C:/Program Files/Java/jdk-17.0.2/bin;C:\Program Files\Python310\Scripts\;C:\Program Files\Python310\;C:\Program Files\Common Files\Oracle\Java\javapath;C:\Program Files (x86)\Common Files\Oracle\Java\javapath;C:\WINDOWS\system32;C:\WINDOWS;C:\WINDOWS\System32\Wbem;C:\WINDOWS\System32\WindowsPowerShell\v1.0\;C:\WINDOWS\System32\OpenSSH\;C:\Program Files\Java\jdk-18.0.2\bin;C:\WebDriver;C:\Users\HeshamAbdElhamedGhar\AppData\Roaming\nvm;C:\Program Files\nodejs;C:\Program Files\Liquid Technologies\Liquid Studio 2021\XmlDataBinder19\Redist19\cpp\win32\bin;C:\Program Files\Liquid Technologies\Liquid Studio 2021\XmlDataBinder19\Redist19\cpp\win64\bin;C:\Program Files\Git\cmd;C:\Users\HeshamAbdElhamedGhar\AppData\Local\Microsoft\WindowsApps;C:\Users\HeshamAbdElhamedGhar\AppData\Local\Programs\Microsoft VS Code\bin;C:\Users\HeshamAbdElhamedGhar\AppData\Roaming\npm;C:\Users\HeshamAbdElhamedGhar\AppData\Roaming\nvm;C:\Program Files\nodejs;C:\Program Files\JetBrains\IntelliJ IDEA Community Edition 2022.2.2\bin;;C:\Users\HeshamAbdElhamedGhar\AppData\Local\GitHubDesktop\bin;C:\Automation Testing Tools\java-2022-09\eclipse;;."/>
    <property name="java.vendor" value="Oracle Corporation"/>
    <property name="cucumber.execution.strict" value="true"/>
    <property name="screenshotParams_scalingFactor" value="1"/>
    <property name="sun.io.unicode.encoding" value="UnicodeLittle"/>
    <property name="executionAddress" value="local"/>
    <property name="apiConnectionManagerTimeout" value="30"/>
    <property name="browserObjectSingleton" value="false"/>
    <property name="screenshotParams_whenToTakeAScreenshot" value="ValidationPointsOnly"/>
    <property name="cucumber.features" value="src/test/resources"/>
    <property name="scriptExecutionTimeout" value="30"/>
    <property name="screenshotParams_highlightElements" value="true"/>
    <property name="MobileBrowserVersion" value=""/>
    <property name="user.timezone" value="Africa/Cairo"/>
    <property name="downloadsFolderPath" value="target/downloadedFiles/"/>
    <property name="java.vm.specification.version" value="17"/>
    <property name="os.name" value="Windows 11"/>
    <property name="mobile_appActivity" value=""/>
    <property name="mobile_app" value=""/>
    <property name="automaticallyAssertResponseStatusCode" value="true"/>
    <property name="surefire.test.class.path" value="C:\eclipse-workspace\MyProjects\TASystemsAPIs\target\test-classes;C:\eclipse-workspace\MyProjects\TASystemsAPIs\target\classes;C:\Users\HeshamAbdElhamedGhar\.m2\repository\io\github\shafthq\SHAFT_ENGINE\6.4.20220906-BETA\SHAFT_ENGINE-6.4.20220906-BETA.jar;C:\Users\HeshamAbdElhamedGhar\.m2\repository\org\testng\testng\7.6.1\testng-7.6.1.jar;C:\Users\HeshamAbdElhamedGhar\.m2\repository\com\google\code\findbugs\jsr305\3.0.2\jsr305-3.0.2.jar;C:\Users\HeshamAbdElhamedGhar\.m2\repository\com\beust\jcommander\1.82\jcommander-1.82.jar;C:\Users\HeshamAbdElhamedGhar\.m2\repository\org\webjars\jquery\3.6.0\jquery-3.6.0.jar;C:\Users\HeshamAbdElhamedGhar\.m2\repository\org\seleniumhq\selenium\selenium-java\4.4.0\selenium-java-4.4.0.jar;C:\Users\HeshamAbdElhamedGhar\.m2\repository\org\seleniumhq\selenium\selenium-api\4.4.0\selenium-api-4.4.0.jar;C:\Users\HeshamAbdElhamedGhar\.m2\repository\org\seleniumhq\selenium\selenium-chrome-driver\4.4.0\selenium-chrome-driver-4.4.0.jar;C:\Users\HeshamAbdElhamedGhar\.m2\repository\com\google\auto\service\auto-service-annotations\1.0.1\auto-service-annotations-1.0.1.jar;C:\Users\HeshamAbdElhamedGhar\.m2\repository\org\seleniumhq\selenium\selenium-chromium-driver\4.4.0\selenium-chromium-driver-4.4.0.jar;C:\Users\HeshamAbdElhamedGhar\.m2\repository\org\seleniumhq\selenium\selenium-json\4.4.0\selenium-json-4.4.0.jar;C:\Users\HeshamAbdElhamedGhar\.m2\repository\org\seleniumhq\selenium\selenium-devtools-v102\4.4.0\selenium-devtools-v102-4.4.0.jar;C:\Users\HeshamAbdElhamedGhar\.m2\repository\org\seleniumhq\selenium\selenium-devtools-v103\4.4.0\selenium-devtools-v103-4.4.0.jar;C:\Users\HeshamAbdElhamedGhar\.m2\repository\org\seleniumhq\selenium\selenium-devtools-v104\4.4.0\selenium-devtools-v104-4.4.0.jar;C:\Users\HeshamAbdElhamedGhar\.m2\repository\org\seleniumhq\selenium\selenium-devtools-v85\4.4.0\selenium-devtools-v85-4.4.0.jar;C:\Users\HeshamAbdElhamedGhar\.m2\repository\org\seleniumhq\selenium\selenium-edge-driver\4.4.0\selenium-edge-driver-4.4.0.jar;C:\Users\HeshamAbdElhamedGhar\.m2\repository\org\seleniumhq\selenium\selenium-firefox-driver\4.4.0\selenium-firefox-driver-4.4.0.jar;C:\Users\HeshamAbdElhamedGhar\.m2\repository\org\seleniumhq\selenium\selenium-ie-driver\4.4.0\selenium-ie-driver-4.4.0.jar;C:\Users\HeshamAbdElhamedGhar\.m2\repository\org\seleniumhq\selenium\selenium-opera-driver\4.4.0\selenium-opera-driver-4.4.0.jar;C:\Users\HeshamAbdElhamedGhar\.m2\repository\org\seleniumhq\selenium\selenium-remote-driver\4.4.0\selenium-remote-driver-4.4.0.jar;C:\Users\HeshamAbdElhamedGhar\.m2\repository\io\netty\netty-codec-http\4.1.78.Final\netty-codec-http-4.1.78.Final.jar;C:\Users\HeshamAbdElhamedGhar\.m2\repository\io\netty\netty-transport-classes-epoll\4.1.78.Final\netty-transport-classes-epoll-4.1.78.Final.jar;C:\Users\HeshamAbdElhamedGhar\.m2\repository\io\netty\netty-transport-classes-kqueue\4.1.78.Final\netty-transport-classes-kqueue-4.1.78.Final.jar;C:\Users\HeshamAbdElhamedGhar\.m2\repository\io\netty\netty-transport-native-epoll\4.1.78.Final\netty-transport-native-epoll-4.1.78.Final.jar;C:\Users\HeshamAbdElhamedGhar\.m2\repository\io\netty\netty-transport-native-kqueue\4.1.78.Final\netty-transport-native-kqueue-4.1.78.Final.jar;C:\Users\HeshamAbdElhamedGhar\.m2\repository\io\opentelemetry\opentelemetry-api\1.16.0\opentelemetry-api-1.16.0.jar;C:\Users\HeshamAbdElhamedGhar\.m2\repository\io\opentelemetry\opentelemetry-context\1.16.0\opentelemetry-context-1.16.0.jar;C:\Users\HeshamAbdElhamedGhar\.m2\repository\io\opentelemetry\opentelemetry-exporter-logging\1.16.0\opentelemetry-exporter-logging-1.16.0.jar;C:\Users\HeshamAbdElhamedGhar\.m2\repository\io\opentelemetry\opentelemetry-sdk-metrics\1.16.0\opentelemetry-sdk-metrics-1.16.0.jar;C:\Users\HeshamAbdElhamedGhar\.m2\repository\io\opentelemetry\opentelemetry-sdk-logs\1.16.0-alpha\opentelemetry-sdk-logs-1.16.0-alpha.jar;C:\Users\HeshamAbdElhamedGhar\.m2\repository\io\opentelemetry\opentelemetry-sdk-common\1.16.0\opentelemetry-sdk-common-1.16.0.jar;C:\Users\HeshamAbdElhamedGhar\.m2\repository\io\opentelemetry\opentelemetry-sdk-extension-autoconfigure-spi\1.16.0\opentelemetry-sdk-extension-autoconfigure-spi-1.16.0.jar;C:\Users\HeshamAbdElhamedGhar\.m2\repository\io\opentelemetry\opentelemetry-sdk-extension-autoconfigure\1.16.0-alpha\opentelemetry-sdk-extension-autoconfigure-1.16.0-alpha.jar;C:\Users\HeshamAbdElhamedGhar\.m2\repository\io\opentelemetry\opentelemetry-sdk-trace\1.16.0\opentelemetry-sdk-trace-1.16.0.jar;C:\Users\HeshamAbdElhamedGhar\.m2\repository\io\opentelemetry\opentelemetry-sdk\1.16.0\opentelemetry-sdk-1.16.0.jar;C:\Users\HeshamAbdElhamedGhar\.m2\repository\io\opentelemetry\opentelemetry-semconv\1.16.0-alpha\opentelemetry-semconv-1.16.0-alpha.jar;C:\Users\HeshamAbdElhamedGhar\.m2\repository\io\ous\jtoml\2.0.0\jtoml-2.0.0.jar;C:\Users\HeshamAbdElhamedGhar\.m2\repository\net\bytebuddy\byte-buddy\1.12.10\byte-buddy-1.12.10.jar;C:\Users\HeshamAbdElhamedGhar\.m2\repository\org\asynchttpclient\async-http-client\2.12.3\async-http-client-2.12.3.jar;C:\Users\HeshamAbdElhamedGhar\.m2\repository\org\asynchttpclient\async-http-client-netty-utils\2.12.3\async-http-client-netty-utils-2.12.3.jar;C:\Users\HeshamAbdElhamedGhar\.m2\repository\io\netty\netty-codec-socks\4.1.60.Final\netty-codec-socks-4.1.60.Final.jar;C:\Users\HeshamAbdElhamedGhar\.m2\repository\io\netty\netty-handler-proxy\4.1.60.Final\netty-handler-proxy-4.1.60.Final.jar;C:\Users\HeshamAbdElhamedGhar\.m2\repository\io\netty\netty-transport-native-epoll\4.1.60.Final\netty-transport-native-epoll-4.1.60.Final-linux-x86_64.jar;C:\Users\HeshamAbdElhamedGhar\.m2\repository\io\netty\netty-transport-native-kqueue\4.1.60.Final\netty-transport-native-kqueue-4.1.60.Final-osx-x86_64.jar;C:\Users\HeshamAbdElhamedGhar\.m2\repository\com\typesafe\netty\netty-reactive-streams\2.0.4\netty-reactive-streams-2.0.4.jar;C:\Users\HeshamAbdElhamedGhar\.m2\repository\com\sun\activation\jakarta.activation\1.2.2\jakarta.activation-1.2.2.jar;C:\Users\HeshamAbdElhamedGhar\.m2\repository\org\seleniumhq\selenium\selenium-http\4.4.0\selenium-http-4.4.0.jar;C:\Users\HeshamAbdElhamedGhar\.m2\repository\dev\failsafe\failsafe\3.2.4\failsafe-3.2.4.jar;C:\Users\HeshamAbdElhamedGhar\.m2\repository\org\seleniumhq\selenium\selenium-safari-driver\4.4.0\selenium-safari-driver-4.4.0.jar;C:\Users\HeshamAbdElhamedGhar\.m2\repository\org\seleniumhq\selenium\selenium-support\4.4.0\selenium-support-4.4.0.jar;C:\Users\HeshamAbdElhamedGhar\.m2\repository\io\netty\netty-handler\4.1.80.Final\netty-handler-4.1.80.Final.jar;C:\Users\HeshamAbdElhamedGhar\.m2\repository\io\netty\netty-common\4.1.80.Final\netty-common-4.1.80.Final.jar;C:\Users\HeshamAbdElhamedGhar\.m2\repository\io\netty\netty-resolver\4.1.80.Final\netty-resolver-4.1.80.Final.jar;C:\Users\HeshamAbdElhamedGhar\.m2\repository\io\netty\netty-buffer\4.1.80.Final\netty-buffer-4.1.80.Final.jar;C:\Users\HeshamAbdElhamedGhar\.m2\repository\io\netty\netty-transport\4.1.80.Final\netty-transport-4.1.80.Final.jar;C:\Users\HeshamAbdElhamedGhar\.m2\repository\io\netty\netty-transport-native-unix-common\4.1.80.Final\netty-transport-native-unix-common-4.1.80.Final.jar;C:\Users\HeshamAbdElhamedGhar\.m2\repository\io\netty\netty-codec\4.1.80.Final\netty-codec-4.1.80.Final.jar;C:\Users\HeshamAbdElhamedGhar\.m2\repository\io\appium\java-client\8.2.0\java-client-8.2.0.jar;C:\Users\HeshamAbdElhamedGhar\.m2\repository\com\google\code\gson\gson\2.9.1\gson-2.9.1.jar;C:\Users\HeshamAbdElhamedGhar\.m2\repository\commons-codec\commons-codec\1.15\commons-codec-1.15.jar;C:\Users\HeshamAbdElhamedGhar\.m2\repository\cglib\cglib\3.3.0\cglib-3.3.0.jar;C:\Users\HeshamAbdElhamedGhar\.m2\repository\org\ow2\asm\asm\7.1\asm-7.1.jar;C:\Users\HeshamAbdElhamedGhar\.m2\repository\commons-validator\commons-validator\1.7\commons-validator-1.7.jar;C:\Users\HeshamAbdElhamedGhar\.m2\repository\commons-beanutils\commons-beanutils\1.9.4\commons-beanutils-1.9.4.jar;C:\Users\HeshamAbdElhamedGhar\.m2\repository\commons-digester\commons-digester\2.1\commons-digester-2.1.jar;C:\Users\HeshamAbdElhamedGhar\.m2\repository\commons-collections\commons-collections\3.2.2\commons-collections-3.2.2.jar;C:\Users\HeshamAbdElhamedGhar\.m2\repository\org\apache\commons\commons-lang3\3.12.0\commons-lang3-3.12.0.jar;C:\Users\HeshamAbdElhamedGhar\.m2\repository\commons-io\commons-io\2.11.0\commons-io-2.11.0.jar;C:\Users\HeshamAbdElhamedGhar\.m2\repository\io\github\bonigarcia\webdrivermanager\5.3.0\webdrivermanager-5.3.0.jar;C:\Users\HeshamAbdElhamedGhar\.m2\repository\com\github\docker-java\docker-java\3.2.13\docker-java-3.2.13.jar;C:\Users\HeshamAbdElhamedGhar\.m2\repository\com\github\docker-java\docker-java-core\3.2.13\docker-java-core-3.2.13.jar;C:\Users\HeshamAbdElhamedGhar\.m2\repository\com\github\docker-java\docker-java-api\3.2.13\docker-java-api-3.2.13.jar;C:\Users\HeshamAbdElhamedGhar\.m2\repository\org\slf4j\jcl-over-slf4j\1.7.30\jcl-over-slf4j-1.7.30.jar;C:\Users\HeshamAbdElhamedGhar\.m2\repository\com\github\docker-java\docker-java-transport-httpclient5\3.2.13\docker-java-transport-httpclient5-3.2.13.jar;C:\Users\HeshamAbdElhamedGhar\.m2\repository\com\github\docker-java\docker-java-transport\3.2.13\docker-java-transport-3.2.13.jar;C:\Users\HeshamAbdElhamedGhar\.m2\repository\net\java\dev\jna\jna\5.8.0\jna-5.8.0.jar;C:\Users\HeshamAbdElhamedGhar\.m2\repository\org\brotli\dec\0.1.2\dec-0.1.2.jar;C:\Users\HeshamAbdElhamedGhar\.m2\repository\org\apache\httpcomponents\client5\httpclient5\5.1.3\httpclient5-5.1.3.jar;C:\Users\HeshamAbdElhamedGhar\.m2\repository\org\apache\httpcomponents\core5\httpcore5\5.1.3\httpcore5-5.1.3.jar;C:\Users\HeshamAbdElhamedGhar\.m2\repository\org\apache\httpcomponents\core5\httpcore5-h2\5.1.3\httpcore5-h2-5.1.3.jar;C:\Users\HeshamAbdElhamedGhar\.m2\repository\org\apache\poi\poi\5.2.2\poi-5.2.2.jar;C:\Users\HeshamAbdElhamedGhar\.m2\repository\org\apache\commons\commons-collections4\4.4\commons-collections4-4.4.jar;C:\Users\HeshamAbdElhamedGhar\.m2\repository\org\apache\commons\commons-math3\3.6.1\commons-math3-3.6.1.jar;C:\Users\HeshamAbdElhamedGhar\.m2\repository\com\zaxxer\SparseBitSet\1.2\SparseBitSet-1.2.jar;C:\Users\HeshamAbdElhamedGhar\.m2\repository\org\apache\logging\log4j\log4j-api\2.17.2\log4j-api-2.17.2.jar;C:\Users\HeshamAbdElhamedGhar\.m2\repository\org\apache\poi\poi-ooxml\5.2.2\poi-ooxml-5.2.2.jar;C:\Users\HeshamAbdElhamedGhar\.m2\repository\org\apache\poi\poi-ooxml-lite\5.2.2\poi-ooxml-lite-5.2.2.jar;C:\Users\HeshamAbdElhamedGhar\.m2\repository\org\apache\xmlbeans\xmlbeans\5.0.3\xmlbeans-5.0.3.jar;C:\Users\HeshamAbdElhamedGhar\.m2\repository\org\apache\commons\commons-compress\1.21\commons-compress-1.21.jar;C:\Users\HeshamAbdElhamedGhar\.m2\repository\com\github\virtuald\curvesapi\1.07\curvesapi-1.07.jar;C:\Users\HeshamAbdElhamedGhar\.m2\repository\io\qameta\allure\allure-testng\2.19.0\allure-testng-2.19.0.jar;C:\Users\HeshamAbdElhamedGhar\.m2\repository\io\qameta\allure\allure-java-commons\2.19.0\allure-java-commons-2.19.0.jar;C:\Users\HeshamAbdElhamedGhar\.m2\repository\io\qameta\allure\allure-model\2.19.0\allure-model-2.19.0.jar;C:\Users\HeshamAbdElhamedGhar\.m2\repository\io\qameta\allure\allure-test-filter\2.19.0\allure-test-filter-2.19.0.jar;C:\Users\HeshamAbdElhamedGhar\.m2\repository\io\qameta\allure\allure-cucumber7-jvm\2.19.0\allure-cucumber7-jvm-2.19.0.jar;C:\Users\HeshamAbdElhamedGhar\.m2\repository\io\cucumber\gherkin\23.0.1\gherkin-23.0.1.jar;C:\Users\HeshamAbdElhamedGhar\.m2\repository\io\cucumber\messages\18.0.0\messages-18.0.0.jar;C:\Users\HeshamAbdElhamedGhar\.m2\repository\org\aspectj\aspectjweaver\1.9.9.1\aspectjweaver-1.9.9.1.jar;C:\Users\HeshamAbdElhamedGhar\.m2\repository\com\aventstack\extentreports\5.0.9\extentreports-5.0.9.jar;C:\Users\HeshamAbdElhamedGhar\.m2\repository\io\reactivex\rxjava3\rxjava\3.0.4\rxjava-3.0.4.jar;C:\Users\HeshamAbdElhamedGhar\.m2\repository\org\reactivestreams\reactive-streams\1.0.3\reactive-streams-1.0.3.jar;C:\Users\HeshamAbdElhamedGhar\.m2\repository\org\freemarker\freemarker\2.3.30\freemarker-2.3.30.jar;C:\Users\HeshamAbdElhamedGhar\.m2\repository\org\apache\pdfbox\pdfbox\2.0.26\pdfbox-2.0.26.jar;C:\Users\HeshamAbdElhamedGhar\.m2\repository\org\apache\pdfbox\fontbox\2.0.26\fontbox-2.0.26.jar;C:\Users\HeshamAbdElhamedGhar\.m2\repository\commons-logging\commons-logging\1.2\commons-logging-1.2.jar;C:\Users\HeshamAbdElhamedGhar\.m2\repository\io\rest-assured\rest-assured\5.1.1\rest-assured-5.1.1.jar;C:\Users\HeshamAbdElhamedGhar\.m2\repository\org\apache\groovy\groovy\4.0.1\groovy-4.0.1.jar;C:\Users\HeshamAbdElhamedGhar\.m2\repository\org\apache\groovy\groovy-xml\4.0.1\groovy-xml-4.0.1.jar;C:\Users\HeshamAbdElhamedGhar\.m2\repository\org\apache\httpcomponents\httpclient\4.5.13\httpclient-4.5.13.jar;C:\Users\HeshamAbdElhamedGhar\.m2\repository\org\apache\httpcomponents\httpcore\4.4.13\httpcore-4.4.13.jar;C:\Users\HeshamAbdElhamedGhar\.m2\repository\org\apache\httpcomponents\httpmime\4.5.13\httpmime-4.5.13.jar;C:\Users\HeshamAbdElhamedGhar\.m2\repository\org\hamcrest\hamcrest\2.1\hamcrest-2.1.jar;C:\Users\HeshamAbdElhamedGhar\.m2\repository\org\ccil\cowan\tagsoup\tagsoup\1.2.1\tagsoup-1.2.1.jar;C:\Users\HeshamAbdElhamedGhar\.m2\repository\io\rest-assured\json-path\5.1.1\json-path-5.1.1.jar;C:\Users\HeshamAbdElhamedGhar\.m2\repository\org\apache\groovy\groovy-json\4.0.1\groovy-json-4.0.1.jar;C:\Users\HeshamAbdElhamedGhar\.m2\repository\io\rest-assured\rest-assured-common\5.1.1\rest-assured-common-5.1.1.jar;C:\Users\HeshamAbdElhamedGhar\.m2\repository\io\rest-assured\xml-path\5.1.1\xml-path-5.1.1.jar;C:\Users\HeshamAbdElhamedGhar\.m2\repository\com\googlecode\json-simple\json-simple\1.1.1\json-simple-1.1.1.jar;C:\Users\HeshamAbdElhamedGhar\.m2\repository\com\jayway\jsonpath\json-path\2.7.0\json-path-2.7.0.jar;C:\Users\HeshamAbdElhamedGhar\.m2\repository\net\minidev\json-smart\2.4.7\json-smart-2.4.7.jar;C:\Users\HeshamAbdElhamedGhar\.m2\repository\net\minidev\accessors-smart\2.4.7\accessors-smart-2.4.7.jar;C:\Users\HeshamAbdElhamedGhar\.m2\repository\org\skyscreamer\jsonassert\1.5.1\jsonassert-1.5.1.jar;C:\Users\HeshamAbdElhamedGhar\.m2\repository\com\vaadin\external\google\android-json\0.0.20131108.vaadin1\android-json-0.0.20131108.vaadin1.jar;C:\Users\HeshamAbdElhamedGhar\.m2\repository\eu\medsea\mimeutil\mime-util\2.1.3\mime-util-2.1.3.jar;C:\Users\HeshamAbdElhamedGhar\.m2\repository\io\rest-assured\json-schema-validator\5.1.1\json-schema-validator-5.1.1.jar;C:\Users\HeshamAbdElhamedGhar\.m2\repository\com\github\java-json-tools\json-schema-validator\2.2.14\json-schema-validator-2.2.14.jar;C:\Users\HeshamAbdElhamedGhar\.m2\repository\com\github\java-json-tools\jackson-coreutils-equivalence\1.0\jackson-coreutils-equivalence-1.0.jar;C:\Users\HeshamAbdElhamedGhar\.m2\repository\com\github\java-json-tools\jackson-coreutils\2.0\jackson-coreutils-2.0.jar;C:\Users\HeshamAbdElhamedGhar\.m2\repository\com\github\java-json-tools\msg-simple\1.2\msg-simple-1.2.jar;C:\Users\HeshamAbdElhamedGhar\.m2\repository\com\github\java-json-tools\btf\1.3\btf-1.3.jar;C:\Users\HeshamAbdElhamedGhar\.m2\repository\com\github\java-json-tools\json-schema-core\1.2.14\json-schema-core-1.2.14.jar;C:\Users\HeshamAbdElhamedGhar\.m2\repository\com\github\java-json-tools\uri-template\0.10\uri-template-0.10.jar;C:\Users\HeshamAbdElhamedGhar\.m2\repository\org\mozilla\rhino\1.7.7.2\rhino-1.7.7.2.jar;C:\Users\HeshamAbdElhamedGhar\.m2\repository\com\sun\mail\mailapi\1.6.2\mailapi-1.6.2.jar;C:\Users\HeshamAbdElhamedGhar\.m2\repository\joda-time\joda-time\2.10.5\joda-time-2.10.5.jar;C:\Users\HeshamAbdElhamedGhar\.m2\repository\com\googlecode\libphonenumber\libphonenumber\8.11.1\libphonenumber-8.11.1.jar;C:\Users\HeshamAbdElhamedGhar\.m2\repository\net\sf\jopt-simple\jopt-simple\5.0.4\jopt-simple-5.0.4.jar;C:\Users\HeshamAbdElhamedGhar\.m2\repository\com\fasterxml\jackson\datatype\jackson-datatype-jdk8\2.13.4\jackson-datatype-jdk8-2.13.4.jar;C:\Users\HeshamAbdElhamedGhar\.m2\repository\com\fasterxml\jackson\core\jackson-core\2.13.4\jackson-core-2.13.4.jar;C:\Users\HeshamAbdElhamedGhar\.m2\repository\com\applitools\eyes-images-java4\4.14.0\eyes-images-java4-4.14.0.jar;C:\Users\HeshamAbdElhamedGhar\.m2\repository\com\applitools\eyes-common-java4\4.14.0\eyes-common-java4-4.14.0.jar;C:\Users\HeshamAbdElhamedGhar\.m2\repository\org\imgscalr\imgscalr-lib\4.2\imgscalr-lib-4.2.jar;C:\Users\HeshamAbdElhamedGhar\.m2\repository\com\helger\ph-css\6.1.1\ph-css-6.1.1.jar;C:\Users\HeshamAbdElhamedGhar\.m2\repository\com\helger\ph-commons\9.0.2\ph-commons-9.0.2.jar;C:\Users\HeshamAbdElhamedGhar\.m2\repository\org\jsoup\jsoup\1.8.3\jsoup-1.8.3.jar;C:\Users\HeshamAbdElhamedGhar\.m2\repository\com\applitools\eyes-sdk-core-java4\4.14.0\eyes-sdk-core-java4-4.14.0.jar;C:\Users\HeshamAbdElhamedGhar\.m2\repository\com\applitools\eyes-connectivity-java4-jersey2x\4.14.0\eyes-connectivity-java4-jersey2x-4.14.0.jar;C:\Users\HeshamAbdElhamedGhar\.m2\repository\org\glassfish\jersey\connectors\jersey-apache-connector\2.16\jersey-apache-connector-2.16.jar;C:\Users\HeshamAbdElhamedGhar\.m2\repository\org\glassfish\jersey\core\jersey-common\2.16\jersey-common-2.16.jar;C:\Users\HeshamAbdElhamedGhar\.m2\repository\javax\annotation\javax.annotation-api\1.2\javax.annotation-api-1.2.jar;C:\Users\HeshamAbdElhamedGhar\.m2\repository\org\glassfish\jersey\bundles\repackaged\jersey-guava\2.16\jersey-guava-2.16.jar;C:\Users\HeshamAbdElhamedGhar\.m2\repository\org\glassfish\hk2\osgi-resource-locator\1.0.1\osgi-resource-locator-1.0.1.jar;C:\Users\HeshamAbdElhamedGhar\.m2\repository\javax\ws\rs\javax.ws.rs-api\2.0.1\javax.ws.rs-api-2.0.1.jar;C:\Users\HeshamAbdElhamedGhar\.m2\repository\org\glassfish\jersey\core\jersey-client\2.16\jersey-client-2.16.jar;C:\Users\HeshamAbdElhamedGhar\.m2\repository\org\glassfish\hk2\hk2-api\2.4.0-b09\hk2-api-2.4.0-b09.jar;C:\Users\HeshamAbdElhamedGhar\.m2\repository\org\glassfish\hk2\hk2-utils\2.4.0-b09\hk2-utils-2.4.0-b09.jar;C:\Users\HeshamAbdElhamedGhar\.m2\repository\org\glassfish\hk2\external\aopalliance-repackaged\2.4.0-b09\aopalliance-repackaged-2.4.0-b09.jar;C:\Users\HeshamAbdElhamedGhar\.m2\repository\org\glassfish\hk2\external\javax.inject\2.4.0-b09\javax.inject-2.4.0-b09.jar;C:\Users\HeshamAbdElhamedGhar\.m2\repository\org\glassfish\hk2\hk2-locator\2.4.0-b09\hk2-locator-2.4.0-b09.jar;C:\Users\HeshamAbdElhamedGhar\.m2\repository\org\openpnp\opencv\4.5.5-1\opencv-4.5.5-1.jar;C:\Users\HeshamAbdElhamedGhar\.m2\repository\com\sikulix\sikulixapi\2.0.5\sikulixapi-2.0.5.jar;C:\Users\HeshamAbdElhamedGhar\.m2\repository\org\python\jython-slim\2.7.2\jython-slim-2.7.2.jar;C:\Users\HeshamAbdElhamedGhar\.m2\repository\org\antlr\antlr\3.5.2\antlr-3.5.2.jar;C:\Users\HeshamAbdElhamedGhar\.m2\repository\org\antlr\ST4\4.0.8\ST4-4.0.8.jar;C:\Users\HeshamAbdElhamedGhar\.m2\repository\javax\servlet\javax.servlet-api\3.1.0\javax.servlet-api-3.1.0.jar;C:\Users\HeshamAbdElhamedGhar\.m2\repository\org\antlr\antlr-runtime\3.5.2\antlr-runtime-3.5.2.jar;C:\Users\HeshamAbdElhamedGhar\.m2\repository\org\bouncycastle\bcpkix-jdk15on\1.62\bcpkix-jdk15on-1.62.jar;C:\Users\HeshamAbdElhamedGhar\.m2\repository\org\bouncycastle\bcprov-jdk15on\1.62\bcprov-jdk15on-1.62.jar;C:\Users\HeshamAbdElhamedGhar\.m2\repository\org\ow2\asm\asm-commons\7.1\asm-commons-7.1.jar;C:\Users\HeshamAbdElhamedGhar\.m2\repository\org\ow2\asm\asm-tree\7.1\asm-tree-7.1.jar;C:\Users\HeshamAbdElhamedGhar\.m2\repository\org\ow2\asm\asm-analysis\7.1\asm-analysis-7.1.jar;C:\Users\HeshamAbdElhamedGhar\.m2\repository\org\ow2\asm\asm-util\7.1\asm-util-7.1.jar;C:\Users\HeshamAbdElhamedGhar\.m2\repository\com\ibm\icu\icu4j\59.1\icu4j-59.1.jar;C:\Users\HeshamAbdElhamedGhar\.m2\repository\com\carrotsearch\java-sizeof\0.0.5\java-sizeof-0.0.5.jar;C:\Users\HeshamAbdElhamedGhar\.m2\repository\com\github\jnr\jffi\1.2.20\jffi-1.2.20.jar;C:\Users\HeshamAbdElhamedGhar\.m2\repository\com\github\jnr\jnr-netdb\1.1.6\jnr-netdb-1.1.6.jar;C:\Users\HeshamAbdElhamedGhar\.m2\repository\com\github\jnr\jnr-ffi\2.1.10\jnr-ffi-2.1.10.jar;C:\Users\HeshamAbdElhamedGhar\.m2\repository\com\github\jnr\jffi\1.2.19\jffi-1.2.19-native.jar;C:\Users\HeshamAbdElhamedGhar\.m2\repository\com\github\jnr\jnr-a64asm\1.0.0\jnr-a64asm-1.0.0.jar;C:\Users\HeshamAbdElhamedGhar\.m2\repository\com\github\jnr\jnr-x86asm\1.0.2\jnr-x86asm-1.0.2.jar;C:\Users\HeshamAbdElhamedGhar\.m2\repository\com\github\jnr\jnr-posix\3.0.50\jnr-posix-3.0.50.jar;C:\Users\HeshamAbdElhamedGhar\.m2\repository\com\github\jnr\jnr-constants\0.9.12\jnr-constants-0.9.12.jar;C:\Users\HeshamAbdElhamedGhar\.m2\repository\jline\jline\2.14.5\jline-2.14.5.jar;C:\Users\HeshamAbdElhamedGhar\.m2\repository\org\apache\ant\ant\1.9.7\ant-1.9.7.jar;C:\Users\HeshamAbdElhamedGhar\.m2\repository\org\apache\ant\ant-launcher\1.9.7\ant-launcher-1.9.7.jar;C:\Users\HeshamAbdElhamedGhar\.m2\repository\com\sikulix\sikulix2tigervnc\1.1.4\sikulix2tigervnc-1.1.4.jar;C:\Users\HeshamAbdElhamedGhar\.m2\repository\commons-cli\commons-cli\1.4\commons-cli-1.4.jar;C:\Users\HeshamAbdElhamedGhar\.m2\repository\org\apache\commons\commons-exec\1.3\commons-exec-1.3.jar;C:\Users\HeshamAbdElhamedGhar\.m2\repository\net\java\dev\jna\jna-platform\5.6.0\jna-platform-5.6.0.jar;C:\Users\HeshamAbdElhamedGhar\.m2\repository\net\oneandone\reflections8\reflections8\0.11.6\reflections8-0.11.6.jar;C:\Users\HeshamAbdElhamedGhar\.m2\repository\org\javassist\javassist\3.22.0-GA\javassist-3.22.0-GA.jar;C:\Users\HeshamAbdElhamedGhar\.m2\repository\net\sourceforge\tess4j\tess4j\4.5.4\tess4j-4.5.4.jar;C:\Users\HeshamAbdElhamedGhar\.m2\repository\com\github\jai-imageio\jai-imageio-core\1.4.0\jai-imageio-core-1.4.0.jar;C:\Users\HeshamAbdElhamedGhar\.m2\repository\org\ghost4j\ghost4j\1.0.1\ghost4j-1.0.1.jar;C:\Users\HeshamAbdElhamedGhar\.m2\repository\org\apache\xmlgraphics\xmlgraphics-commons\1.4\xmlgraphics-commons-1.4.jar;C:\Users\HeshamAbdElhamedGhar\.m2\repository\com\lowagie\itext\2.1.7\itext-2.1.7.jar;C:\Users\HeshamAbdElhamedGhar\.m2\repository\org\apache\pdfbox\pdfbox-tools\2.0.21\pdfbox-tools-2.0.21.jar;C:\Users\HeshamAbdElhamedGhar\.m2\repository\org\apache\pdfbox\pdfbox-debugger\2.0.21\pdfbox-debugger-2.0.21.jar;C:\Users\HeshamAbdElhamedGhar\.m2\repository\org\apache\pdfbox\jbig2-imageio\3.0.3\jbig2-imageio-3.0.3.jar;C:\Users\HeshamAbdElhamedGhar\.m2\repository\net\sourceforge\lept4j\lept4j\1.13.2\lept4j-1.13.2.jar;C:\Users\HeshamAbdElhamedGhar\.m2\repository\org\jboss\jboss-vfs\3.2.15.Final\jboss-vfs-3.2.15.Final.jar;C:\Users\HeshamAbdElhamedGhar\.m2\repository\org\jboss\logging\jboss-logging\3.1.4.GA\jboss-logging-3.1.4.GA.jar;C:\Users\HeshamAbdElhamedGhar\.m2\repository\net\sf\py4j\py4j\0.10.9.1\py4j-0.10.9.1.jar;C:\Users\HeshamAbdElhamedGhar\.m2\repository\com\epam\healenium\healenium-web\3.3.0\healenium-web-3.3.0.jar;C:\Users\HeshamAbdElhamedGhar\.m2\repository\com\typesafe\config\1.4.2\config-1.4.2.jar;C:\Users\HeshamAbdElhamedGhar\.m2\repository\com\epam\healenium\tree-comparing\0.4.10\tree-comparing-0.4.10.jar;C:\Users\HeshamAbdElhamedGhar\.m2\repository\org\apache\commons\commons-text\1.6\commons-text-1.6.jar;C:\Users\HeshamAbdElhamedGhar\.m2\repository\com\squareup\okhttp3\okhttp\4.9.3\okhttp-4.9.3.jar;C:\Users\HeshamAbdElhamedGhar\.m2\repository\com\squareup\okio\okio\2.8.0\okio-2.8.0.jar;C:\Users\HeshamAbdElhamedGhar\.m2\repository\org\jetbrains\kotlin\kotlin-stdlib-common\1.4.0\kotlin-stdlib-common-1.4.0.jar;C:\Users\HeshamAbdElhamedGhar\.m2\repository\org\jetbrains\kotlin\kotlin-stdlib\1.4.10\kotlin-stdlib-1.4.10.jar;C:\Users\HeshamAbdElhamedGhar\.m2\repository\org\mapstruct\mapstruct\1.4.2.Final\mapstruct-1.4.2.Final.jar;C:\Users\HeshamAbdElhamedGhar\.m2\repository\one\util\streamex\0.8.1\streamex-0.8.1.jar;C:\Users\HeshamAbdElhamedGhar\.m2\repository\org\mapstruct\mapstruct-processor\1.4.2.Final\mapstruct-processor-1.4.2.Final.jar;C:\Users\HeshamAbdElhamedGhar\.m2\repository\com\assertthat\selenium-shutterbug\1.6\selenium-shutterbug-1.6.jar;C:\Users\HeshamAbdElhamedGhar\.m2\repository\com\github\zafarkhaja\java-semver\0.9.0\java-semver-0.9.0.jar;C:\Users\HeshamAbdElhamedGhar\.m2\repository\com\jcraft\jsch\0.1.55\jsch-0.1.55.jar;C:\Users\HeshamAbdElhamedGhar\.m2\repository\mysql\mysql-connector-java\8.0.30\mysql-connector-java-8.0.30.jar;C:\Users\HeshamAbdElhamedGhar\.m2\repository\com\google\protobuf\protobuf-java\3.19.4\protobuf-java-3.19.4.jar;C:\Users\HeshamAbdElhamedGhar\.m2\repository\com\microsoft\sqlserver\mssql-jdbc\9.4.1.jre16-preview\mssql-jdbc-9.4.1.jre16-preview.jar;C:\Users\HeshamAbdElhamedGhar\.m2\repository\postgresql\postgresql\9.1-901-1.jdbc4\postgresql-9.1-901-1.jdbc4.jar;C:\Users\HeshamAbdElhamedGhar\.m2\repository\com\ibm\db2\jcc\db2jcc\db2jcc4\db2jcc-db2jcc4.jar;C:\Users\HeshamAbdElhamedGhar\.m2\repository\io\cucumber\cucumber-java\7.5.0\cucumber-java-7.5.0.jar;C:\Users\HeshamAbdElhamedGhar\.m2\repository\io\cucumber\cucumber-core\7.5.0\cucumber-core-7.5.0.jar;C:\Users\HeshamAbdElhamedGhar\.m2\repository\io\cucumber\cucumber-gherkin\7.5.0\cucumber-gherkin-7.5.0.jar;C:\Users\HeshamAbdElhamedGhar\.m2\repository\io\cucumber\cucumber-gherkin-messages\7.5.0\cucumber-gherkin-messages-7.5.0.jar;C:\Users\HeshamAbdElhamedGhar\.m2\repository\io\cucumber\tag-expressions\4.1.0\tag-expressions-4.1.0.jar;C:\Users\HeshamAbdElhamedGhar\.m2\repository\io\cucumber\cucumber-expressions\16.0.0\cucumber-expressions-16.0.0.jar;C:\Users\HeshamAbdElhamedGhar\.m2\repository\io\cucumber\datatable\7.5.0\datatable-7.5.0.jar;C:\Users\HeshamAbdElhamedGhar\.m2\repository\io\cucumber\cucumber-plugin\7.5.0\cucumber-plugin-7.5.0.jar;C:\Users\HeshamAbdElhamedGhar\.m2\repository\io\cucumber\docstring\7.5.0\docstring-7.5.0.jar;C:\Users\HeshamAbdElhamedGhar\.m2\repository\io\cucumber\html-formatter\19.2.0\html-formatter-19.2.0.jar;C:\Users\HeshamAbdElhamedGhar\.m2\repository\io\cucumber\ci-environment\9.1.0\ci-environment-9.1.0.jar;C:\Users\HeshamAbdElhamedGhar\.m2\repository\org\apiguardian\apiguardian-api\1.1.2\apiguardian-api-1.1.2.jar;C:\Users\HeshamAbdElhamedGhar\.m2\repository\io\cucumber\cucumber-testng\7.5.0\cucumber-testng-7.5.0.jar;C:\Users\HeshamAbdElhamedGhar\.m2\repository\io\cucumber\cucumber-picocontainer\7.5.0\cucumber-picocontainer-7.5.0.jar;C:\Users\HeshamAbdElhamedGhar\.m2\repository\org\picocontainer\picocontainer\2.15\picocontainer-2.15.jar;C:\Users\HeshamAbdElhamedGhar\.m2\repository\ws\schild\jave-all-deps\3.3.1\jave-all-deps-3.3.1.jar;C:\Users\HeshamAbdElhamedGhar\.m2\repository\ws\schild\jave-core\3.3.1\jave-core-3.3.1.jar;C:\Users\HeshamAbdElhamedGhar\.m2\repository\ws\schild\jave-nativebin-win32\3.3.1\jave-nativebin-win32-3.3.1.jar;C:\Users\HeshamAbdElhamedGhar\.m2\repository\ws\schild\jave-nativebin-win64\3.3.1\jave-nativebin-win64-3.3.1.jar;C:\Users\HeshamAbdElhamedGhar\.m2\repository\ws\schild\jave-nativebin-linux32\3.3.1\jave-nativebin-linux32-3.3.1.jar;C:\Users\HeshamAbdElhamedGhar\.m2\repository\ws\schild\jave-nativebin-linux64\3.3.1\jave-nativebin-linux64-3.3.1.jar;C:\Users\HeshamAbdElhamedGhar\.m2\repository\ws\schild\jave-nativebin-osx64\3.3.1\jave-nativebin-osx64-3.3.1.jar;C:\Users\HeshamAbdElhamedGhar\.m2\repository\ws\schild\jave-nativebin-osxm1\3.3.1\jave-nativebin-osxm1-3.3.1.jar;C:\Users\HeshamAbdElhamedGhar\.m2\repository\ws\schild\jave-nativebin-linux-arm32\3.3.1\jave-nativebin-linux-arm32-3.3.1.jar;C:\Users\HeshamAbdElhamedGhar\.m2\repository\ws\schild\jave-nativebin-linux-arm64\3.3.1\jave-nativebin-linux-arm64-3.3.1.jar;C:\Users\HeshamAbdElhamedGhar\.m2\repository\com\automation-remarks\video-recorder-testng\2.0\video-recorder-testng-2.0.jar;C:\Users\HeshamAbdElhamedGhar\.m2\repository\com\automation-remarks\video-recorder-core\2.0\video-recorder-core-2.0.jar;C:\Users\HeshamAbdElhamedGhar\.m2\repository\org\aeonbits\owner\owner-java8\1.0.10\owner-java8-1.0.10.jar;C:\Users\HeshamAbdElhamedGhar\.m2\repository\org\aeonbits\owner\owner\1.0.10\owner-1.0.10.jar;C:\Users\HeshamAbdElhamedGhar\.m2\repository\org\zeroturnaround\zt-exec\1.10\zt-exec-1.10.jar;C:\Users\HeshamAbdElhamedGhar\.m2\repository\org\awaitility\awaitility\3.1.6\awaitility-3.1.6.jar;C:\Users\HeshamAbdElhamedGhar\.m2\repository\org\hamcrest\hamcrest-library\1.3\hamcrest-library-1.3.jar;C:\Users\HeshamAbdElhamedGhar\.m2\repository\org\hamcrest\hamcrest-core\1.3\hamcrest-core-1.3.jar;C:\Users\HeshamAbdElhamedGhar\.m2\repository\org\objenesis\objenesis\2.6\objenesis-2.6.jar;C:\Users\HeshamAbdElhamedGhar\.m2\repository\org\json\json\20180813\json-20180813.jar;C:\Users\HeshamAbdElhamedGhar\.m2\repository\org\slf4j\slf4j-simple\2.0.0\slf4j-simple-2.0.0.jar;C:\Users\HeshamAbdElhamedGhar\.m2\repository\org\slf4j\slf4j-api\2.0.0\slf4j-api-2.0.0.jar;C:\Users\HeshamAbdElhamedGhar\.m2\repository\org\slf4j\log4j-over-slf4j\2.0.0\log4j-over-slf4j-2.0.0.jar;C:\Users\HeshamAbdElhamedGhar\.m2\repository\com\google\guava\guava\31.1-jre\guava-31.1-jre.jar;C:\Users\HeshamAbdElhamedGhar\.m2\repository\com\google\guava\failureaccess\1.0.1\failureaccess-1.0.1.jar;C:\Users\HeshamAbdElhamedGhar\.m2\repository\com\google\guava\listenablefuture\9999.0-empty-to-avoid-conflict-with-guava\listenablefuture-9999.0-empty-to-avoid-conflict-with-guava.jar;C:\Users\HeshamAbdElhamedGhar\.m2\repository\org\checkerframework\checker-qual\3.12.0\checker-qual-3.12.0.jar;C:\Users\HeshamAbdElhamedGhar\.m2\repository\com\google\errorprone\error_prone_annotations\2.11.0\error_prone_annotations-2.11.0.jar;C:\Users\HeshamAbdElhamedGhar\.m2\repository\com\google\j2objc\j2objc-annotations\1.3\j2objc-annotations-1.3.jar;C:\Users\HeshamAbdElhamedGhar\.m2\repository\org\projectlombok\lombok\1.18.24\lombok-1.18.24.jar;C:\Users\HeshamAbdElhamedGhar\.m2\repository\com\google\crypto\tink\tink\1.7.0\tink-1.7.0.jar;C:\Users\HeshamAbdElhamedGhar\.m2\repository\com\google\crypto\tink\tink-awskms\1.7.0\tink-awskms-1.7.0.jar;C:\Users\HeshamAbdElhamedGhar\.m2\repository\com\amazonaws\aws-java-sdk-core\1.12.182\aws-java-sdk-core-1.12.182.jar;C:\Users\HeshamAbdElhamedGhar\.m2\repository\software\amazon\ion\ion-java\1.0.2\ion-java-1.0.2.jar;C:\Users\HeshamAbdElhamedGhar\.m2\repository\com\amazonaws\aws-java-sdk-kms\1.12.182\aws-java-sdk-kms-1.12.182.jar;C:\Users\HeshamAbdElhamedGhar\.m2\repository\com\amazonaws\jmespath-java\1.12.182\jmespath-java-1.12.182.jar;C:\Users\HeshamAbdElhamedGhar\.m2\repository\com\fasterxml\jackson\dataformat\jackson-dataformat-cbor\2.13.1\jackson-dataformat-cbor-2.13.1.jar;C:\Users\HeshamAbdElhamedGhar\.m2\repository\com\google\auto\service\auto-service\1.0.1\auto-service-1.0.1.jar;C:\Users\HeshamAbdElhamedGhar\.m2\repository\com\google\auto\auto-common\1.2\auto-common-1.2.jar;C:\Users\HeshamAbdElhamedGhar\.m2\repository\com\google\crypto\tink\tink-gcpkms\1.7.0\tink-gcpkms-1.7.0.jar;C:\Users\HeshamAbdElhamedGhar\.m2\repository\com\google\api-client\google-api-client\1.33.2\google-api-client-1.33.2.jar;C:\Users\HeshamAbdElhamedGhar\.m2\repository\com\google\oauth-client\google-oauth-client\1.33.0\google-oauth-client-1.33.0.jar;C:\Users\HeshamAbdElhamedGhar\.m2\repository\com\google\http-client\google-http-client-apache-v2\1.41.2\google-http-client-apache-v2-1.41.2.jar;C:\Users\HeshamAbdElhamedGhar\.m2\repository\com\google\apis\google-api-services-cloudkms\v1-rev108-1.25.0\google-api-services-cloudkms-v1-rev108-1.25.0.jar;C:\Users\HeshamAbdElhamedGhar\.m2\repository\com\google\auth\google-auth-library-oauth2-http\1.5.3\google-auth-library-oauth2-http-1.5.3.jar;C:\Users\HeshamAbdElhamedGhar\.m2\repository\com\google\auto\value\auto-value-annotations\1.9\auto-value-annotations-1.9.jar;C:\Users\HeshamAbdElhamedGhar\.m2\repository\com\google\auth\google-auth-library-credentials\1.5.3\google-auth-library-credentials-1.5.3.jar;C:\Users\HeshamAbdElhamedGhar\.m2\repository\com\google\http-client\google-http-client\1.41.3\google-http-client-1.41.3.jar;C:\Users\HeshamAbdElhamedGhar\.m2\repository\io\opencensus\opencensus-api\0.31.0\opencensus-api-0.31.0.jar;C:\Users\HeshamAbdElhamedGhar\.m2\repository\io\grpc\grpc-context\1.27.2\grpc-context-1.27.2.jar;C:\Users\HeshamAbdElhamedGhar\.m2\repository\io\opencensus\opencensus-contrib-http-util\0.31.0\opencensus-contrib-http-util-0.31.0.jar;C:\Users\HeshamAbdElhamedGhar\.m2\repository\com\google\http-client\google-http-client-gson\1.41.3\google-http-client-gson-1.41.3.jar;C:\Users\HeshamAbdElhamedGhar\.m2\repository\org\yaml\snakeyaml\1.31\snakeyaml-1.31.jar;C:\Users\HeshamAbdElhamedGhar\.m2\repository\com\auth0\java-jwt\4.0.0\java-jwt-4.0.0.jar;C:\Users\HeshamAbdElhamedGhar\.m2\repository\com\fasterxml\jackson\core\jackson-databind\2.13.2.2\jackson-databind-2.13.2.2.jar;C:\Users\HeshamAbdElhamedGhar\.m2\repository\com\fasterxml\jackson\core\jackson-annotations\2.13.2\jackson-annotations-2.13.2.jar;"/>
    <property name="user.home" value="C:\Users\HeshamAbdElhamedGhar"/>
    <property name="mobile_automationName" value="UiAutomator2"/>
    <property name="dynamicObjectRepositoryPath" value="src/main/resources/dynamicObjectRepository/"/>
    <property name="setThreadCount" value="1"/>
    <property name="serverHost" value="localhost"/>
    <property name="style.color" value="always"/>
    <property name="setGroupByInstances" value="true"/>
    <property name="mobile_platformVersion" value=""/>
    <property name="cucumber.execution.limit" value=""/>
    <property name="screenshotParams_screenshotType" value="FullPage"/>
    <property name="debugMode" value="true"/>
    <property name="retryMaximumNumberOfAttempts" value="1"/>
    <property name="applitoolsApiKey" value=""/>
    <property name="score-cap" value="0.5"/>
    <property name="cucumber.plugin" value="pretty, json:allure-results/cucumber.json, html:allure-results/cucumberReport.html, com.shaft.tools.listeners.CucumberTestRunnerListener"/>
    <property name="path.separator" value=";"/>
    <property name="browserStack.accessKey" value="7E7PgzBtwk4sWLUcF8Y5"/>
    <property name="screenshotParams_skippedElementsFromScreenshot" value=""/>
    <property name="os.version" value="10.0"/>
    <property name="reportTestCasesExecution" value="false"/>
    <property name="pageLoadTimeout" value="30"/>
    <property name="browserStack.osVersion" value=""/>
    <property name="browserStack.username" value="mohabmohie1"/>
    <property name="mobile_udid" value=""/>
    <property name="screenshotParams_highlightMethod" value="AI"/>
    <property name="java.vm.name" value="Java HotSpot(TM) 64-Bit Server VM"/>
    <property name="browserStack.platformVersion" value=""/>
    <property name="apiConnectionTimeout" value="30"/>
    <property name="cucumber.ansi-colors.disabled" value="false"/>
    <property name="forceCheckNavigationWasSuccessful" value="true"/>
    <property name="cucumber.filter.tags" value=""/>
    <property name="os.arch" value="amd64"/>
    <property name="cucumber.execution.order" value="lexical"/>
    <property name="setVerbose" value="1"/>
    <property name="customDriverPath" value=""/>
    <property name="setParallel" value="NONE"/>
    <property name="tinkey.keysetFilename" value=""/>
    <property name="java.vm.info" value="mixed mode, sharing"/>
    <property name="video.folder" value="allure-results/videos"/>
    <property name="java.class.version" value="61.0"/>
    <property name="sun.jnu.encoding" value="Cp1252"/>
    <property name="browserStack.appUrl" value=""/>
    <property name="setPreserveOrder" value="true"/>
    <property name="skipTestsWithLinkedIssues" value="false"/>
    <property name="com.SHAFT.proxySettings" value=""/>
    <property name="browserStack.seleniumVersion" value="4.1.2"/>
    <property name="clickUsingJavascriptWhenWebDriverClickFails" value="false"/>
    <property name="disableLogging" value="false"/>
    <property name="authorization" value=":"/>
    <property name="targetBrowserName" value="GoogleChrome"/>
    <property name="screenshotParams_watermarkOpacity" value="0.2"/>
    <property name="mobile_browserName" value=""/>
    <property name="browserStack.debug" value="true"/>
    <property name="file.separator" value="\"/>
    <property name="java.vm.compressedOopsMode" value="Zero based"/>
    <property name="line.separator" value="&#10;"/>
    <property name="ExecutionName" value=""/>
    <property name="testDataColumnNamePrefix" value="Data"/>
    <property name="cucumber.object-factory" value=""/>
    <property name="targetOperatingSystem" value="Windows-64"/>
    <property name="allure.link.custom.pattern" value="{}"/>
    <property name="propertiesFolderPath" value="src/main/resources/properties/"/>
    <property name="headlessExecution" value="false"/>
    <property name="user.name" value="HeshamAbdElhamedGhar"/>
    <property name="browserStack.appRelativeFilePath" value=""/>
    <property name="screenshotParams_watermark" value="false"/>
    <property name="jiraInteraction" value="false"/>
    <property name="serverPort" value="7878"/>
    <property name="cleanExtentReportsDirectoryBeforeExecution" value="true"/>
    <property name="localRepository" value="C:\Users\HeshamAbdElhamedGhar\.m2\repository"/>
    <property name="defaultElementIdentificationTimeout" value="60"/>
    <property name="ExecutionDescription" value=""/>
    <property name="sun.os.patch.level" value=""/>
    <property name="lazyLoadingTimeout" value="30"/>
    <property name="customDriverName" value=""/>
    <property name="waitForLazyLoading" value="true"/>
    <property name="browserNavigationTimeout" value="60"/>
    <property name="mobile_platformName" value=""/>
    <property name="mobile_appPackage" value=""/>
    <property name="java.class.path" value="C:\eclipse-workspace\MyProjects\TASystemsAPIs\target\test-classes;C:\eclipse-workspace\MyProjects\TASystemsAPIs\target\classes;C:\Users\HeshamAbdElhamedGhar\.m2\repository\io\github\shafthq\SHAFT_ENGINE\6.4.20220906-BETA\SHAFT_ENGINE-6.4.20220906-BETA.jar;C:\Users\HeshamAbdElhamedGhar\.m2\repository\org\testng\testng\7.6.1\testng-7.6.1.jar;C:\Users\HeshamAbdElhamedGhar\.m2\repository\com\google\code\findbugs\jsr305\3.0.2\jsr305-3.0.2.jar;C:\Users\HeshamAbdElhamedGhar\.m2\repository\com\beust\jcommander\1.82\jcommander-1.82.jar;C:\Users\HeshamAbdElhamedGhar\.m2\repository\org\webjars\jquery\3.6.0\jquery-3.6.0.jar;C:\Users\HeshamAbdElhamedGhar\.m2\repository\org\seleniumhq\selenium\selenium-java\4.4.0\selenium-java-4.4.0.jar;C:\Users\HeshamAbdElhamedGhar\.m2\repository\org\seleniumhq\selenium\selenium-api\4.4.0\selenium-api-4.4.0.jar;C:\Users\HeshamAbdElhamedGhar\.m2\repository\org\seleniumhq\selenium\selenium-chrome-driver\4.4.0\selenium-chrome-driver-4.4.0.jar;C:\Users\HeshamAbdElhamedGhar\.m2\repository\com\google\auto\service\auto-service-annotations\1.0.1\auto-service-annotations-1.0.1.jar;C:\Users\HeshamAbdElhamedGhar\.m2\repository\org\seleniumhq\selenium\selenium-chromium-driver\4.4.0\selenium-chromium-driver-4.4.0.jar;C:\Users\HeshamAbdElhamedGhar\.m2\repository\org\seleniumhq\selenium\selenium-json\4.4.0\selenium-json-4.4.0.jar;C:\Users\HeshamAbdElhamedGhar\.m2\repository\org\seleniumhq\selenium\selenium-devtools-v102\4.4.0\selenium-devtools-v102-4.4.0.jar;C:\Users\HeshamAbdElhamedGhar\.m2\repository\org\seleniumhq\selenium\selenium-devtools-v103\4.4.0\selenium-devtools-v103-4.4.0.jar;C:\Users\HeshamAbdElhamedGhar\.m2\repository\org\seleniumhq\selenium\selenium-devtools-v104\4.4.0\selenium-devtools-v104-4.4.0.jar;C:\Users\HeshamAbdElhamedGhar\.m2\repository\org\seleniumhq\selenium\selenium-devtools-v85\4.4.0\selenium-devtools-v85-4.4.0.jar;C:\Users\HeshamAbdElhamedGhar\.m2\repository\org\seleniumhq\selenium\selenium-edge-driver\4.4.0\selenium-edge-driver-4.4.0.jar;C:\Users\HeshamAbdElhamedGhar\.m2\repository\org\seleniumhq\selenium\selenium-firefox-driver\4.4.0\selenium-firefox-driver-4.4.0.jar;C:\Users\HeshamAbdElhamedGhar\.m2\repository\org\seleniumhq\selenium\selenium-ie-driver\4.4.0\selenium-ie-driver-4.4.0.jar;C:\Users\HeshamAbdElhamedGhar\.m2\repository\org\seleniumhq\selenium\selenium-opera-driver\4.4.0\selenium-opera-driver-4.4.0.jar;C:\Users\HeshamAbdElhamedGhar\.m2\repository\org\seleniumhq\selenium\selenium-remote-driver\4.4.0\selenium-remote-driver-4.4.0.jar;C:\Users\HeshamAbdElhamedGhar\.m2\repository\io\netty\netty-codec-http\4.1.78.Final\netty-codec-http-4.1.78.Final.jar;C:\Users\HeshamAbdElhamedGhar\.m2\repository\io\netty\netty-transport-classes-epoll\4.1.78.Final\netty-transport-classes-epoll-4.1.78.Final.jar;C:\Users\HeshamAbdElhamedGhar\.m2\repository\io\netty\netty-transport-classes-kqueue\4.1.78.Final\netty-transport-classes-kqueue-4.1.78.Final.jar;C:\Users\HeshamAbdElhamedGhar\.m2\repository\io\netty\netty-transport-native-epoll\4.1.78.Final\netty-transport-native-epoll-4.1.78.Final.jar;C:\Users\HeshamAbdElhamedGhar\.m2\repository\io\netty\netty-transport-native-kqueue\4.1.78.Final\netty-transport-native-kqueue-4.1.78.Final.jar;C:\Users\HeshamAbdElhamedGhar\.m2\repository\io\opentelemetry\opentelemetry-api\1.16.0\opentelemetry-api-1.16.0.jar;C:\Users\HeshamAbdElhamedGhar\.m2\repository\io\opentelemetry\opentelemetry-context\1.16.0\opentelemetry-context-1.16.0.jar;C:\Users\HeshamAbdElhamedGhar\.m2\repository\io\opentelemetry\opentelemetry-exporter-logging\1.16.0\opentelemetry-exporter-logging-1.16.0.jar;C:\Users\HeshamAbdElhamedGhar\.m2\repository\io\opentelemetry\opentelemetry-sdk-metrics\1.16.0\opentelemetry-sdk-metrics-1.16.0.jar;C:\Users\HeshamAbdElhamedGhar\.m2\repository\io\opentelemetry\opentelemetry-sdk-logs\1.16.0-alpha\opentelemetry-sdk-logs-1.16.0-alpha.jar;C:\Users\HeshamAbdElhamedGhar\.m2\repository\io\opentelemetry\opentelemetry-sdk-common\1.16.0\opentelemetry-sdk-common-1.16.0.jar;C:\Users\HeshamAbdElhamedGhar\.m2\repository\io\opentelemetry\opentelemetry-sdk-extension-autoconfigure-spi\1.16.0\opentelemetry-sdk-extension-autoconfigure-spi-1.16.0.jar;C:\Users\HeshamAbdElhamedGhar\.m2\repository\io\opentelemetry\opentelemetry-sdk-extension-autoconfigure\1.16.0-alpha\opentelemetry-sdk-extension-autoconfigure-1.16.0-alpha.jar;C:\Users\HeshamAbdElhamedGhar\.m2\repository\io\opentelemetry\opentelemetry-sdk-trace\1.16.0\opentelemetry-sdk-trace-1.16.0.jar;C:\Users\HeshamAbdElhamedGhar\.m2\repository\io\opentelemetry\opentelemetry-sdk\1.16.0\opentelemetry-sdk-1.16.0.jar;C:\Users\HeshamAbdElhamedGhar\.m2\repository\io\opentelemetry\opentelemetry-semconv\1.16.0-alpha\opentelemetry-semconv-1.16.0-alpha.jar;C:\Users\HeshamAbdElhamedGhar\.m2\repository\io\ous\jtoml\2.0.0\jtoml-2.0.0.jar;C:\Users\HeshamAbdElhamedGhar\.m2\repository\net\bytebuddy\byte-buddy\1.12.10\byte-buddy-1.12.10.jar;C:\Users\HeshamAbdElhamedGhar\.m2\repository\org\asynchttpclient\async-http-client\2.12.3\async-http-client-2.12.3.jar;C:\Users\HeshamAbdElhamedGhar\.m2\repository\org\asynchttpclient\async-http-client-netty-utils\2.12.3\async-http-client-netty-utils-2.12.3.jar;C:\Users\HeshamAbdElhamedGhar\.m2\repository\io\netty\netty-codec-socks\4.1.60.Final\netty-codec-socks-4.1.60.Final.jar;C:\Users\HeshamAbdElhamedGhar\.m2\repository\io\netty\netty-handler-proxy\4.1.60.Final\netty-handler-proxy-4.1.60.Final.jar;C:\Users\HeshamAbdElhamedGhar\.m2\repository\io\netty\netty-transport-native-epoll\4.1.60.Final\netty-transport-native-epoll-4.1.60.Final-linux-x86_64.jar;C:\Users\HeshamAbdElhamedGhar\.m2\repository\io\netty\netty-transport-native-kqueue\4.1.60.Final\netty-transport-native-kqueue-4.1.60.Final-osx-x86_64.jar;C:\Users\HeshamAbdElhamedGhar\.m2\repository\com\typesafe\netty\netty-reactive-streams\2.0.4\netty-reactive-streams-2.0.4.jar;C:\Users\HeshamAbdElhamedGhar\.m2\repository\com\sun\activation\jakarta.activation\1.2.2\jakarta.activation-1.2.2.jar;C:\Users\HeshamAbdElhamedGhar\.m2\repository\org\seleniumhq\selenium\selenium-http\4.4.0\selenium-http-4.4.0.jar;C:\Users\HeshamAbdElhamedGhar\.m2\repository\dev\failsafe\failsafe\3.2.4\failsafe-3.2.4.jar;C:\Users\HeshamAbdElhamedGhar\.m2\repository\org\seleniumhq\selenium\selenium-safari-driver\4.4.0\selenium-safari-driver-4.4.0.jar;C:\Users\HeshamAbdElhamedGhar\.m2\repository\org\seleniumhq\selenium\selenium-support\4.4.0\selenium-support-4.4.0.jar;C:\Users\HeshamAbdElhamedGhar\.m2\repository\io\netty\netty-handler\4.1.80.Final\netty-handler-4.1.80.Final.jar;C:\Users\HeshamAbdElhamedGhar\.m2\repository\io\netty\netty-common\4.1.80.Final\netty-common-4.1.80.Final.jar;C:\Users\HeshamAbdElhamedGhar\.m2\repository\io\netty\netty-resolver\4.1.80.Final\netty-resolver-4.1.80.Final.jar;C:\Users\HeshamAbdElhamedGhar\.m2\repository\io\netty\netty-buffer\4.1.80.Final\netty-buffer-4.1.80.Final.jar;C:\Users\HeshamAbdElhamedGhar\.m2\repository\io\netty\netty-transport\4.1.80.Final\netty-transport-4.1.80.Final.jar;C:\Users\HeshamAbdElhamedGhar\.m2\repository\io\netty\netty-transport-native-unix-common\4.1.80.Final\netty-transport-native-unix-common-4.1.80.Final.jar;C:\Users\HeshamAbdElhamedGhar\.m2\repository\io\netty\netty-codec\4.1.80.Final\netty-codec-4.1.80.Final.jar;C:\Users\HeshamAbdElhamedGhar\.m2\repository\io\appium\java-client\8.2.0\java-client-8.2.0.jar;C:\Users\HeshamAbdElhamedGhar\.m2\repository\com\google\code\gson\gson\2.9.1\gson-2.9.1.jar;C:\Users\HeshamAbdElhamedGhar\.m2\repository\commons-codec\commons-codec\1.15\commons-codec-1.15.jar;C:\Users\HeshamAbdElhamedGhar\.m2\repository\cglib\cglib\3.3.0\cglib-3.3.0.jar;C:\Users\HeshamAbdElhamedGhar\.m2\repository\org\ow2\asm\asm\7.1\asm-7.1.jar;C:\Users\HeshamAbdElhamedGhar\.m2\repository\commons-validator\commons-validator\1.7\commons-validator-1.7.jar;C:\Users\HeshamAbdElhamedGhar\.m2\repository\commons-beanutils\commons-beanutils\1.9.4\commons-beanutils-1.9.4.jar;C:\Users\HeshamAbdElhamedGhar\.m2\repository\commons-digester\commons-digester\2.1\commons-digester-2.1.jar;C:\Users\HeshamAbdElhamedGhar\.m2\repository\commons-collections\commons-collections\3.2.2\commons-collections-3.2.2.jar;C:\Users\HeshamAbdElhamedGhar\.m2\repository\org\apache\commons\commons-lang3\3.12.0\commons-lang3-3.12.0.jar;C:\Users\HeshamAbdElhamedGhar\.m2\repository\commons-io\commons-io\2.11.0\commons-io-2.11.0.jar;C:\Users\HeshamAbdElhamedGhar\.m2\repository\io\github\bonigarcia\webdrivermanager\5.3.0\webdrivermanager-5.3.0.jar;C:\Users\HeshamAbdElhamedGhar\.m2\repository\com\github\docker-java\docker-java\3.2.13\docker-java-3.2.13.jar;C:\Users\HeshamAbdElhamedGhar\.m2\repository\com\github\docker-java\docker-java-core\3.2.13\docker-java-core-3.2.13.jar;C:\Users\HeshamAbdElhamedGhar\.m2\repository\com\github\docker-java\docker-java-api\3.2.13\docker-java-api-3.2.13.jar;C:\Users\HeshamAbdElhamedGhar\.m2\repository\org\slf4j\jcl-over-slf4j\1.7.30\jcl-over-slf4j-1.7.30.jar;C:\Users\HeshamAbdElhamedGhar\.m2\repository\com\github\docker-java\docker-java-transport-httpclient5\3.2.13\docker-java-transport-httpclient5-3.2.13.jar;C:\Users\HeshamAbdElhamedGhar\.m2\repository\com\github\docker-java\docker-java-transport\3.2.13\docker-java-transport-3.2.13.jar;C:\Users\HeshamAbdElhamedGhar\.m2\repository\net\java\dev\jna\jna\5.8.0\jna-5.8.0.jar;C:\Users\HeshamAbdElhamedGhar\.m2\repository\org\brotli\dec\0.1.2\dec-0.1.2.jar;C:\Users\HeshamAbdElhamedGhar\.m2\repository\org\apache\httpcomponents\client5\httpclient5\5.1.3\httpclient5-5.1.3.jar;C:\Users\HeshamAbdElhamedGhar\.m2\repository\org\apache\httpcomponents\core5\httpcore5\5.1.3\httpcore5-5.1.3.jar;C:\Users\HeshamAbdElhamedGhar\.m2\repository\org\apache\httpcomponents\core5\httpcore5-h2\5.1.3\httpcore5-h2-5.1.3.jar;C:\Users\HeshamAbdElhamedGhar\.m2\repository\org\apache\poi\poi\5.2.2\poi-5.2.2.jar;C:\Users\HeshamAbdElhamedGhar\.m2\repository\org\apache\commons\commons-collections4\4.4\commons-collections4-4.4.jar;C:\Users\HeshamAbdElhamedGhar\.m2\repository\org\apache\commons\commons-math3\3.6.1\commons-math3-3.6.1.jar;C:\Users\HeshamAbdElhamedGhar\.m2\repository\com\zaxxer\SparseBitSet\1.2\SparseBitSet-1.2.jar;C:\Users\HeshamAbdElhamedGhar\.m2\repository\org\apache\logging\log4j\log4j-api\2.17.2\log4j-api-2.17.2.jar;C:\Users\HeshamAbdElhamedGhar\.m2\repository\org\apache\poi\poi-ooxml\5.2.2\poi-ooxml-5.2.2.jar;C:\Users\HeshamAbdElhamedGhar\.m2\repository\org\apache\poi\poi-ooxml-lite\5.2.2\poi-ooxml-lite-5.2.2.jar;C:\Users\HeshamAbdElhamedGhar\.m2\repository\org\apache\xmlbeans\xmlbeans\5.0.3\xmlbeans-5.0.3.jar;C:\Users\HeshamAbdElhamedGhar\.m2\repository\org\apache\commons\commons-compress\1.21\commons-compress-1.21.jar;C:\Users\HeshamAbdElhamedGhar\.m2\repository\com\github\virtuald\curvesapi\1.07\curvesapi-1.07.jar;C:\Users\HeshamAbdElhamedGhar\.m2\repository\io\qameta\allure\allure-testng\2.19.0\allure-testng-2.19.0.jar;C:\Users\HeshamAbdElhamedGhar\.m2\repository\io\qameta\allure\allure-java-commons\2.19.0\allure-java-commons-2.19.0.jar;C:\Users\HeshamAbdElhamedGhar\.m2\repository\io\qameta\allure\allure-model\2.19.0\allure-model-2.19.0.jar;C:\Users\HeshamAbdElhamedGhar\.m2\repository\io\qameta\allure\allure-test-filter\2.19.0\allure-test-filter-2.19.0.jar;C:\Users\HeshamAbdElhamedGhar\.m2\repository\io\qameta\allure\allure-cucumber7-jvm\2.19.0\allure-cucumber7-jvm-2.19.0.jar;C:\Users\HeshamAbdElhamedGhar\.m2\repository\io\cucumber\gherkin\23.0.1\gherkin-23.0.1.jar;C:\Users\HeshamAbdElhamedGhar\.m2\repository\io\cucumber\messages\18.0.0\messages-18.0.0.jar;C:\Users\HeshamAbdElhamedGhar\.m2\repository\org\aspectj\aspectjweaver\1.9.9.1\aspectjweaver-1.9.9.1.jar;C:\Users\HeshamAbdElhamedGhar\.m2\repository\com\aventstack\extentreports\5.0.9\extentreports-5.0.9.jar;C:\Users\HeshamAbdElhamedGhar\.m2\repository\io\reactivex\rxjava3\rxjava\3.0.4\rxjava-3.0.4.jar;C:\Users\HeshamAbdElhamedGhar\.m2\repository\org\reactivestreams\reactive-streams\1.0.3\reactive-streams-1.0.3.jar;C:\Users\HeshamAbdElhamedGhar\.m2\repository\org\freemarker\freemarker\2.3.30\freemarker-2.3.30.jar;C:\Users\HeshamAbdElhamedGhar\.m2\repository\org\apache\pdfbox\pdfbox\2.0.26\pdfbox-2.0.26.jar;C:\Users\HeshamAbdElhamedGhar\.m2\repository\org\apache\pdfbox\fontbox\2.0.26\fontbox-2.0.26.jar;C:\Users\HeshamAbdElhamedGhar\.m2\repository\commons-logging\commons-logging\1.2\commons-logging-1.2.jar;C:\Users\HeshamAbdElhamedGhar\.m2\repository\io\rest-assured\rest-assured\5.1.1\rest-assured-5.1.1.jar;C:\Users\HeshamAbdElhamedGhar\.m2\repository\org\apache\groovy\groovy\4.0.1\groovy-4.0.1.jar;C:\Users\HeshamAbdElhamedGhar\.m2\repository\org\apache\groovy\groovy-xml\4.0.1\groovy-xml-4.0.1.jar;C:\Users\HeshamAbdElhamedGhar\.m2\repository\org\apache\httpcomponents\httpclient\4.5.13\httpclient-4.5.13.jar;C:\Users\HeshamAbdElhamedGhar\.m2\repository\org\apache\httpcomponents\httpcore\4.4.13\httpcore-4.4.13.jar;C:\Users\HeshamAbdElhamedGhar\.m2\repository\org\apache\httpcomponents\httpmime\4.5.13\httpmime-4.5.13.jar;C:\Users\HeshamAbdElhamedGhar\.m2\repository\org\hamcrest\hamcrest\2.1\hamcrest-2.1.jar;C:\Users\HeshamAbdElhamedGhar\.m2\repository\org\ccil\cowan\tagsoup\tagsoup\1.2.1\tagsoup-1.2.1.jar;C:\Users\HeshamAbdElhamedGhar\.m2\repository\io\rest-assured\json-path\5.1.1\json-path-5.1.1.jar;C:\Users\HeshamAbdElhamedGhar\.m2\repository\org\apache\groovy\groovy-json\4.0.1\groovy-json-4.0.1.jar;C:\Users\HeshamAbdElhamedGhar\.m2\repository\io\rest-assured\rest-assured-common\5.1.1\rest-assured-common-5.1.1.jar;C:\Users\HeshamAbdElhamedGhar\.m2\repository\io\rest-assured\xml-path\5.1.1\xml-path-5.1.1.jar;C:\Users\HeshamAbdElhamedGhar\.m2\repository\com\googlecode\json-simple\json-simple\1.1.1\json-simple-1.1.1.jar;C:\Users\HeshamAbdElhamedGhar\.m2\repository\com\jayway\jsonpath\json-path\2.7.0\json-path-2.7.0.jar;C:\Users\HeshamAbdElhamedGhar\.m2\repository\net\minidev\json-smart\2.4.7\json-smart-2.4.7.jar;C:\Users\HeshamAbdElhamedGhar\.m2\repository\net\minidev\accessors-smart\2.4.7\accessors-smart-2.4.7.jar;C:\Users\HeshamAbdElhamedGhar\.m2\repository\org\skyscreamer\jsonassert\1.5.1\jsonassert-1.5.1.jar;C:\Users\HeshamAbdElhamedGhar\.m2\repository\com\vaadin\external\google\android-json\0.0.20131108.vaadin1\android-json-0.0.20131108.vaadin1.jar;C:\Users\HeshamAbdElhamedGhar\.m2\repository\eu\medsea\mimeutil\mime-util\2.1.3\mime-util-2.1.3.jar;C:\Users\HeshamAbdElhamedGhar\.m2\repository\io\rest-assured\json-schema-validator\5.1.1\json-schema-validator-5.1.1.jar;C:\Users\HeshamAbdElhamedGhar\.m2\repository\com\github\java-json-tools\json-schema-validator\2.2.14\json-schema-validator-2.2.14.jar;C:\Users\HeshamAbdElhamedGhar\.m2\repository\com\github\java-json-tools\jackson-coreutils-equivalence\1.0\jackson-coreutils-equivalence-1.0.jar;C:\Users\HeshamAbdElhamedGhar\.m2\repository\com\github\java-json-tools\jackson-coreutils\2.0\jackson-coreutils-2.0.jar;C:\Users\HeshamAbdElhamedGhar\.m2\repository\com\github\java-json-tools\msg-simple\1.2\msg-simple-1.2.jar;C:\Users\HeshamAbdElhamedGhar\.m2\repository\com\github\java-json-tools\btf\1.3\btf-1.3.jar;C:\Users\HeshamAbdElhamedGhar\.m2\repository\com\github\java-json-tools\json-schema-core\1.2.14\json-schema-core-1.2.14.jar;C:\Users\HeshamAbdElhamedGhar\.m2\repository\com\github\java-json-tools\uri-template\0.10\uri-template-0.10.jar;C:\Users\HeshamAbdElhamedGhar\.m2\repository\org\mozilla\rhino\1.7.7.2\rhino-1.7.7.2.jar;C:\Users\HeshamAbdElhamedGhar\.m2\repository\com\sun\mail\mailapi\1.6.2\mailapi-1.6.2.jar;C:\Users\HeshamAbdElhamedGhar\.m2\repository\joda-time\joda-time\2.10.5\joda-time-2.10.5.jar;C:\Users\HeshamAbdElhamedGhar\.m2\repository\com\googlecode\libphonenumber\libphonenumber\8.11.1\libphonenumber-8.11.1.jar;C:\Users\HeshamAbdElhamedGhar\.m2\repository\net\sf\jopt-simple\jopt-simple\5.0.4\jopt-simple-5.0.4.jar;C:\Users\HeshamAbdElhamedGhar\.m2\repository\com\fasterxml\jackson\datatype\jackson-datatype-jdk8\2.13.4\jackson-datatype-jdk8-2.13.4.jar;C:\Users\HeshamAbdElhamedGhar\.m2\repository\com\fasterxml\jackson\core\jackson-core\2.13.4\jackson-core-2.13.4.jar;C:\Users\HeshamAbdElhamedGhar\.m2\repository\com\applitools\eyes-images-java4\4.14.0\eyes-images-java4-4.14.0.jar;C:\Users\HeshamAbdElhamedGhar\.m2\repository\com\applitools\eyes-common-java4\4.14.0\eyes-common-java4-4.14.0.jar;C:\Users\HeshamAbdElhamedGhar\.m2\repository\org\imgscalr\imgscalr-lib\4.2\imgscalr-lib-4.2.jar;C:\Users\HeshamAbdElhamedGhar\.m2\repository\com\helger\ph-css\6.1.1\ph-css-6.1.1.jar;C:\Users\HeshamAbdElhamedGhar\.m2\repository\com\helger\ph-commons\9.0.2\ph-commons-9.0.2.jar;C:\Users\HeshamAbdElhamedGhar\.m2\repository\org\jsoup\jsoup\1.8.3\jsoup-1.8.3.jar;C:\Users\HeshamAbdElhamedGhar\.m2\repository\com\applitools\eyes-sdk-core-java4\4.14.0\eyes-sdk-core-java4-4.14.0.jar;C:\Users\HeshamAbdElhamedGhar\.m2\repository\com\applitools\eyes-connectivity-java4-jersey2x\4.14.0\eyes-connectivity-java4-jersey2x-4.14.0.jar;C:\Users\HeshamAbdElhamedGhar\.m2\repository\org\glassfish\jersey\connectors\jersey-apache-connector\2.16\jersey-apache-connector-2.16.jar;C:\Users\HeshamAbdElhamedGhar\.m2\repository\org\glassfish\jersey\core\jersey-common\2.16\jersey-common-2.16.jar;C:\Users\HeshamAbdElhamedGhar\.m2\repository\javax\annotation\javax.annotation-api\1.2\javax.annotation-api-1.2.jar;C:\Users\HeshamAbdElhamedGhar\.m2\repository\org\glassfish\jersey\bundles\repackaged\jersey-guava\2.16\jersey-guava-2.16.jar;C:\Users\HeshamAbdElhamedGhar\.m2\repository\org\glassfish\hk2\osgi-resource-locator\1.0.1\osgi-resource-locator-1.0.1.jar;C:\Users\HeshamAbdElhamedGhar\.m2\repository\javax\ws\rs\javax.ws.rs-api\2.0.1\javax.ws.rs-api-2.0.1.jar;C:\Users\HeshamAbdElhamedGhar\.m2\repository\org\glassfish\jersey\core\jersey-client\2.16\jersey-client-2.16.jar;C:\Users\HeshamAbdElhamedGhar\.m2\repository\org\glassfish\hk2\hk2-api\2.4.0-b09\hk2-api-2.4.0-b09.jar;C:\Users\HeshamAbdElhamedGhar\.m2\repository\org\glassfish\hk2\hk2-utils\2.4.0-b09\hk2-utils-2.4.0-b09.jar;C:\Users\HeshamAbdElhamedGhar\.m2\repository\org\glassfish\hk2\external\aopalliance-repackaged\2.4.0-b09\aopalliance-repackaged-2.4.0-b09.jar;C:\Users\HeshamAbdElhamedGhar\.m2\repository\org\glassfish\hk2\external\javax.inject\2.4.0-b09\javax.inject-2.4.0-b09.jar;C:\Users\HeshamAbdElhamedGhar\.m2\repository\org\glassfish\hk2\hk2-locator\2.4.0-b09\hk2-locator-2.4.0-b09.jar;C:\Users\HeshamAbdElhamedGhar\.m2\repository\org\openpnp\opencv\4.5.5-1\opencv-4.5.5-1.jar;C:\Users\HeshamAbdElhamedGhar\.m2\repository\com\sikulix\sikulixapi\2.0.5\sikulixapi-2.0.5.jar;C:\Users\HeshamAbdElhamedGhar\.m2\repository\org\python\jython-slim\2.7.2\jython-slim-2.7.2.jar;C:\Users\HeshamAbdElhamedGhar\.m2\repository\org\antlr\antlr\3.5.2\antlr-3.5.2.jar;C:\Users\HeshamAbdElhamedGhar\.m2\repository\org\antlr\ST4\4.0.8\ST4-4.0.8.jar;C:\Users\HeshamAbdElhamedGhar\.m2\repository\javax\servlet\javax.servlet-api\3.1.0\javax.servlet-api-3.1.0.jar;C:\Users\HeshamAbdElhamedGhar\.m2\repository\org\antlr\antlr-runtime\3.5.2\antlr-runtime-3.5.2.jar;C:\Users\HeshamAbdElhamedGhar\.m2\repository\org\bouncycastle\bcpkix-jdk15on\1.62\bcpkix-jdk15on-1.62.jar;C:\Users\HeshamAbdElhamedGhar\.m2\repository\org\bouncycastle\bcprov-jdk15on\1.62\bcprov-jdk15on-1.62.jar;C:\Users\HeshamAbdElhamedGhar\.m2\repository\org\ow2\asm\asm-commons\7.1\asm-commons-7.1.jar;C:\Users\HeshamAbdElhamedGhar\.m2\repository\org\ow2\asm\asm-tree\7.1\asm-tree-7.1.jar;C:\Users\HeshamAbdElhamedGhar\.m2\repository\org\ow2\asm\asm-analysis\7.1\asm-analysis-7.1.jar;C:\Users\HeshamAbdElhamedGhar\.m2\repository\org\ow2\asm\asm-util\7.1\asm-util-7.1.jar;C:\Users\HeshamAbdElhamedGhar\.m2\repository\com\ibm\icu\icu4j\59.1\icu4j-59.1.jar;C:\Users\HeshamAbdElhamedGhar\.m2\repository\com\carrotsearch\java-sizeof\0.0.5\java-sizeof-0.0.5.jar;C:\Users\HeshamAbdElhamedGhar\.m2\repository\com\github\jnr\jffi\1.2.20\jffi-1.2.20.jar;C:\Users\HeshamAbdElhamedGhar\.m2\repository\com\github\jnr\jnr-netdb\1.1.6\jnr-netdb-1.1.6.jar;C:\Users\HeshamAbdElhamedGhar\.m2\repository\com\github\jnr\jnr-ffi\2.1.10\jnr-ffi-2.1.10.jar;C:\Users\HeshamAbdElhamedGhar\.m2\repository\com\github\jnr\jffi\1.2.19\jffi-1.2.19-native.jar;C:\Users\HeshamAbdElhamedGhar\.m2\repository\com\github\jnr\jnr-a64asm\1.0.0\jnr-a64asm-1.0.0.jar;C:\Users\HeshamAbdElhamedGhar\.m2\repository\com\github\jnr\jnr-x86asm\1.0.2\jnr-x86asm-1.0.2.jar;C:\Users\HeshamAbdElhamedGhar\.m2\repository\com\github\jnr\jnr-posix\3.0.50\jnr-posix-3.0.50.jar;C:\Users\HeshamAbdElhamedGhar\.m2\repository\com\github\jnr\jnr-constants\0.9.12\jnr-constants-0.9.12.jar;C:\Users\HeshamAbdElhamedGhar\.m2\repository\jline\jline\2.14.5\jline-2.14.5.jar;C:\Users\HeshamAbdElhamedGhar\.m2\repository\org\apache\ant\ant\1.9.7\ant-1.9.7.jar;C:\Users\HeshamAbdElhamedGhar\.m2\repository\org\apache\ant\ant-launcher\1.9.7\ant-launcher-1.9.7.jar;C:\Users\HeshamAbdElhamedGhar\.m2\repository\com\sikulix\sikulix2tigervnc\1.1.4\sikulix2tigervnc-1.1.4.jar;C:\Users\HeshamAbdElhamedGhar\.m2\repository\commons-cli\commons-cli\1.4\commons-cli-1.4.jar;C:\Users\HeshamAbdElhamedGhar\.m2\repository\org\apache\commons\commons-exec\1.3\commons-exec-1.3.jar;C:\Users\HeshamAbdElhamedGhar\.m2\repository\net\java\dev\jna\jna-platform\5.6.0\jna-platform-5.6.0.jar;C:\Users\HeshamAbdElhamedGhar\.m2\repository\net\oneandone\reflections8\reflections8\0.11.6\reflections8-0.11.6.jar;C:\Users\HeshamAbdElhamedGhar\.m2\repository\org\javassist\javassist\3.22.0-GA\javassist-3.22.0-GA.jar;C:\Users\HeshamAbdElhamedGhar\.m2\repository\net\sourceforge\tess4j\tess4j\4.5.4\tess4j-4.5.4.jar;C:\Users\HeshamAbdElhamedGhar\.m2\repository\com\github\jai-imageio\jai-imageio-core\1.4.0\jai-imageio-core-1.4.0.jar;C:\Users\HeshamAbdElhamedGhar\.m2\repository\org\ghost4j\ghost4j\1.0.1\ghost4j-1.0.1.jar;C:\Users\HeshamAbdElhamedGhar\.m2\repository\org\apache\xmlgraphics\xmlgraphics-commons\1.4\xmlgraphics-commons-1.4.jar;C:\Users\HeshamAbdElhamedGhar\.m2\repository\com\lowagie\itext\2.1.7\itext-2.1.7.jar;C:\Users\HeshamAbdElhamedGhar\.m2\repository\org\apache\pdfbox\pdfbox-tools\2.0.21\pdfbox-tools-2.0.21.jar;C:\Users\HeshamAbdElhamedGhar\.m2\repository\org\apache\pdfbox\pdfbox-debugger\2.0.21\pdfbox-debugger-2.0.21.jar;C:\Users\HeshamAbdElhamedGhar\.m2\repository\org\apache\pdfbox\jbig2-imageio\3.0.3\jbig2-imageio-3.0.3.jar;C:\Users\HeshamAbdElhamedGhar\.m2\repository\net\sourceforge\lept4j\lept4j\1.13.2\lept4j-1.13.2.jar;C:\Users\HeshamAbdElhamedGhar\.m2\repository\org\jboss\jboss-vfs\3.2.15.Final\jboss-vfs-3.2.15.Final.jar;C:\Users\HeshamAbdElhamedGhar\.m2\repository\org\jboss\logging\jboss-logging\3.1.4.GA\jboss-logging-3.1.4.GA.jar;C:\Users\HeshamAbdElhamedGhar\.m2\repository\net\sf\py4j\py4j\0.10.9.1\py4j-0.10.9.1.jar;C:\Users\HeshamAbdElhamedGhar\.m2\repository\com\epam\healenium\healenium-web\3.3.0\healenium-web-3.3.0.jar;C:\Users\HeshamAbdElhamedGhar\.m2\repository\com\typesafe\config\1.4.2\config-1.4.2.jar;C:\Users\HeshamAbdElhamedGhar\.m2\repository\com\epam\healenium\tree-comparing\0.4.10\tree-comparing-0.4.10.jar;C:\Users\HeshamAbdElhamedGhar\.m2\repository\org\apache\commons\commons-text\1.6\commons-text-1.6.jar;C:\Users\HeshamAbdElhamedGhar\.m2\repository\com\squareup\okhttp3\okhttp\4.9.3\okhttp-4.9.3.jar;C:\Users\HeshamAbdElhamedGhar\.m2\repository\com\squareup\okio\okio\2.8.0\okio-2.8.0.jar;C:\Users\HeshamAbdElhamedGhar\.m2\repository\org\jetbrains\kotlin\kotlin-stdlib-common\1.4.0\kotlin-stdlib-common-1.4.0.jar;C:\Users\HeshamAbdElhamedGhar\.m2\repository\org\jetbrains\kotlin\kotlin-stdlib\1.4.10\kotlin-stdlib-1.4.10.jar;C:\Users\HeshamAbdElhamedGhar\.m2\repository\org\mapstruct\mapstruct\1.4.2.Final\mapstruct-1.4.2.Final.jar;C:\Users\HeshamAbdElhamedGhar\.m2\repository\one\util\streamex\0.8.1\streamex-0.8.1.jar;C:\Users\HeshamAbdElhamedGhar\.m2\repository\org\mapstruct\mapstruct-processor\1.4.2.Final\mapstruct-processor-1.4.2.Final.jar;C:\Users\HeshamAbdElhamedGhar\.m2\repository\com\assertthat\selenium-shutterbug\1.6\selenium-shutterbug-1.6.jar;C:\Users\HeshamAbdElhamedGhar\.m2\repository\com\github\zafarkhaja\java-semver\0.9.0\java-semver-0.9.0.jar;C:\Users\HeshamAbdElhamedGhar\.m2\repository\com\jcraft\jsch\0.1.55\jsch-0.1.55.jar;C:\Users\HeshamAbdElhamedGhar\.m2\repository\mysql\mysql-connector-java\8.0.30\mysql-connector-java-8.0.30.jar;C:\Users\HeshamAbdElhamedGhar\.m2\repository\com\google\protobuf\protobuf-java\3.19.4\protobuf-java-3.19.4.jar;C:\Users\HeshamAbdElhamedGhar\.m2\repository\com\microsoft\sqlserver\mssql-jdbc\9.4.1.jre16-preview\mssql-jdbc-9.4.1.jre16-preview.jar;C:\Users\HeshamAbdElhamedGhar\.m2\repository\postgresql\postgresql\9.1-901-1.jdbc4\postgresql-9.1-901-1.jdbc4.jar;C:\Users\HeshamAbdElhamedGhar\.m2\repository\com\ibm\db2\jcc\db2jcc\db2jcc4\db2jcc-db2jcc4.jar;C:\Users\HeshamAbdElhamedGhar\.m2\repository\io\cucumber\cucumber-java\7.5.0\cucumber-java-7.5.0.jar;C:\Users\HeshamAbdElhamedGhar\.m2\repository\io\cucumber\cucumber-core\7.5.0\cucumber-core-7.5.0.jar;C:\Users\HeshamAbdElhamedGhar\.m2\repository\io\cucumber\cucumber-gherkin\7.5.0\cucumber-gherkin-7.5.0.jar;C:\Users\HeshamAbdElhamedGhar\.m2\repository\io\cucumber\cucumber-gherkin-messages\7.5.0\cucumber-gherkin-messages-7.5.0.jar;C:\Users\HeshamAbdElhamedGhar\.m2\repository\io\cucumber\tag-expressions\4.1.0\tag-expressions-4.1.0.jar;C:\Users\HeshamAbdElhamedGhar\.m2\repository\io\cucumber\cucumber-expressions\16.0.0\cucumber-expressions-16.0.0.jar;C:\Users\HeshamAbdElhamedGhar\.m2\repository\io\cucumber\datatable\7.5.0\datatable-7.5.0.jar;C:\Users\HeshamAbdElhamedGhar\.m2\repository\io\cucumber\cucumber-plugin\7.5.0\cucumber-plugin-7.5.0.jar;C:\Users\HeshamAbdElhamedGhar\.m2\repository\io\cucumber\docstring\7.5.0\docstring-7.5.0.jar;C:\Users\HeshamAbdElhamedGhar\.m2\repository\io\cucumber\html-formatter\19.2.0\html-formatter-19.2.0.jar;C:\Users\HeshamAbdElhamedGhar\.m2\repository\io\cucumber\ci-environment\9.1.0\ci-environment-9.1.0.jar;C:\Users\HeshamAbdElhamedGhar\.m2\repository\org\apiguardian\apiguardian-api\1.1.2\apiguardian-api-1.1.2.jar;C:\Users\HeshamAbdElhamedGhar\.m2\repository\io\cucumber\cucumber-testng\7.5.0\cucumber-testng-7.5.0.jar;C:\Users\HeshamAbdElhamedGhar\.m2\repository\io\cucumber\cucumber-picocontainer\7.5.0\cucumber-picocontainer-7.5.0.jar;C:\Users\HeshamAbdElhamedGhar\.m2\repository\org\picocontainer\picocontainer\2.15\picocontainer-2.15.jar;C:\Users\HeshamAbdElhamedGhar\.m2\repository\ws\schild\jave-all-deps\3.3.1\jave-all-deps-3.3.1.jar;C:\Users\HeshamAbdElhamedGhar\.m2\repository\ws\schild\jave-core\3.3.1\jave-core-3.3.1.jar;C:\Users\HeshamAbdElhamedGhar\.m2\repository\ws\schild\jave-nativebin-win32\3.3.1\jave-nativebin-win32-3.3.1.jar;C:\Users\HeshamAbdElhamedGhar\.m2\repository\ws\schild\jave-nativebin-win64\3.3.1\jave-nativebin-win64-3.3.1.jar;C:\Users\HeshamAbdElhamedGhar\.m2\repository\ws\schild\jave-nativebin-linux32\3.3.1\jave-nativebin-linux32-3.3.1.jar;C:\Users\HeshamAbdElhamedGhar\.m2\repository\ws\schild\jave-nativebin-linux64\3.3.1\jave-nativebin-linux64-3.3.1.jar;C:\Users\HeshamAbdElhamedGhar\.m2\repository\ws\schild\jave-nativebin-osx64\3.3.1\jave-nativebin-osx64-3.3.1.jar;C:\Users\HeshamAbdElhamedGhar\.m2\repository\ws\schild\jave-nativebin-osxm1\3.3.1\jave-nativebin-osxm1-3.3.1.jar;C:\Users\HeshamAbdElhamedGhar\.m2\repository\ws\schild\jave-nativebin-linux-arm32\3.3.1\jave-nativebin-linux-arm32-3.3.1.jar;C:\Users\HeshamAbdElhamedGhar\.m2\repository\ws\schild\jave-nativebin-linux-arm64\3.3.1\jave-nativebin-linux-arm64-3.3.1.jar;C:\Users\HeshamAbdElhamedGhar\.m2\repository\com\automation-remarks\video-recorder-testng\2.0\video-recorder-testng-2.0.jar;C:\Users\HeshamAbdElhamedGhar\.m2\repository\com\automation-remarks\video-recorder-core\2.0\video-recorder-core-2.0.jar;C:\Users\HeshamAbdElhamedGhar\.m2\repository\org\aeonbits\owner\owner-java8\1.0.10\owner-java8-1.0.10.jar;C:\Users\HeshamAbdElhamedGhar\.m2\repository\org\aeonbits\owner\owner\1.0.10\owner-1.0.10.jar;C:\Users\HeshamAbdElhamedGhar\.m2\repository\org\zeroturnaround\zt-exec\1.10\zt-exec-1.10.jar;C:\Users\HeshamAbdElhamedGhar\.m2\repository\org\awaitility\awaitility\3.1.6\awaitility-3.1.6.jar;C:\Users\HeshamAbdElhamedGhar\.m2\repository\org\hamcrest\hamcrest-library\1.3\hamcrest-library-1.3.jar;C:\Users\HeshamAbdElhamedGhar\.m2\repository\org\hamcrest\hamcrest-core\1.3\hamcrest-core-1.3.jar;C:\Users\HeshamAbdElhamedGhar\.m2\repository\org\objenesis\objenesis\2.6\objenesis-2.6.jar;C:\Users\HeshamAbdElhamedGhar\.m2\repository\org\json\json\20180813\json-20180813.jar;C:\Users\HeshamAbdElhamedGhar\.m2\repository\org\slf4j\slf4j-simple\2.0.0\slf4j-simple-2.0.0.jar;C:\Users\HeshamAbdElhamedGhar\.m2\repository\org\slf4j\slf4j-api\2.0.0\slf4j-api-2.0.0.jar;C:\Users\HeshamAbdElhamedGhar\.m2\repository\org\slf4j\log4j-over-slf4j\2.0.0\log4j-over-slf4j-2.0.0.jar;C:\Users\HeshamAbdElhamedGhar\.m2\repository\com\google\guava\guava\31.1-jre\guava-31.1-jre.jar;C:\Users\HeshamAbdElhamedGhar\.m2\repository\com\google\guava\failureaccess\1.0.1\failureaccess-1.0.1.jar;C:\Users\HeshamAbdElhamedGhar\.m2\repository\com\google\guava\listenablefuture\9999.0-empty-to-avoid-conflict-with-guava\listenablefuture-9999.0-empty-to-avoid-conflict-with-guava.jar;C:\Users\HeshamAbdElhamedGhar\.m2\repository\org\checkerframework\checker-qual\3.12.0\checker-qual-3.12.0.jar;C:\Users\HeshamAbdElhamedGhar\.m2\repository\com\google\errorprone\error_prone_annotations\2.11.0\error_prone_annotations-2.11.0.jar;C:\Users\HeshamAbdElhamedGhar\.m2\repository\com\google\j2objc\j2objc-annotations\1.3\j2objc-annotations-1.3.jar;C:\Users\HeshamAbdElhamedGhar\.m2\repository\org\projectlombok\lombok\1.18.24\lombok-1.18.24.jar;C:\Users\HeshamAbdElhamedGhar\.m2\repository\com\google\crypto\tink\tink\1.7.0\tink-1.7.0.jar;C:\Users\HeshamAbdElhamedGhar\.m2\repository\com\google\crypto\tink\tink-awskms\1.7.0\tink-awskms-1.7.0.jar;C:\Users\HeshamAbdElhamedGhar\.m2\repository\com\amazonaws\aws-java-sdk-core\1.12.182\aws-java-sdk-core-1.12.182.jar;C:\Users\HeshamAbdElhamedGhar\.m2\repository\software\amazon\ion\ion-java\1.0.2\ion-java-1.0.2.jar;C:\Users\HeshamAbdElhamedGhar\.m2\repository\com\amazonaws\aws-java-sdk-kms\1.12.182\aws-java-sdk-kms-1.12.182.jar;C:\Users\HeshamAbdElhamedGhar\.m2\repository\com\amazonaws\jmespath-java\1.12.182\jmespath-java-1.12.182.jar;C:\Users\HeshamAbdElhamedGhar\.m2\repository\com\fasterxml\jackson\dataformat\jackson-dataformat-cbor\2.13.1\jackson-dataformat-cbor-2.13.1.jar;C:\Users\HeshamAbdElhamedGhar\.m2\repository\com\google\auto\service\auto-service\1.0.1\auto-service-1.0.1.jar;C:\Users\HeshamAbdElhamedGhar\.m2\repository\com\google\auto\auto-common\1.2\auto-common-1.2.jar;C:\Users\HeshamAbdElhamedGhar\.m2\repository\com\google\crypto\tink\tink-gcpkms\1.7.0\tink-gcpkms-1.7.0.jar;C:\Users\HeshamAbdElhamedGhar\.m2\repository\com\google\api-client\google-api-client\1.33.2\google-api-client-1.33.2.jar;C:\Users\HeshamAbdElhamedGhar\.m2\repository\com\google\oauth-client\google-oauth-client\1.33.0\google-oauth-client-1.33.0.jar;C:\Users\HeshamAbdElhamedGhar\.m2\repository\com\google\http-client\google-http-client-apache-v2\1.41.2\google-http-client-apache-v2-1.41.2.jar;C:\Users\HeshamAbdElhamedGhar\.m2\repository\com\google\apis\google-api-services-cloudkms\v1-rev108-1.25.0\google-api-services-cloudkms-v1-rev108-1.25.0.jar;C:\Users\HeshamAbdElhamedGhar\.m2\repository\com\google\auth\google-auth-library-oauth2-http\1.5.3\google-auth-library-oauth2-http-1.5.3.jar;C:\Users\HeshamAbdElhamedGhar\.m2\repository\com\google\auto\value\auto-value-annotations\1.9\auto-value-annotations-1.9.jar;C:\Users\HeshamAbdElhamedGhar\.m2\repository\com\google\auth\google-auth-library-credentials\1.5.3\google-auth-library-credentials-1.5.3.jar;C:\Users\HeshamAbdElhamedGhar\.m2\repository\com\google\http-client\google-http-client\1.41.3\google-http-client-1.41.3.jar;C:\Users\HeshamAbdElhamedGhar\.m2\repository\io\opencensus\opencensus-api\0.31.0\opencensus-api-0.31.0.jar;C:\Users\HeshamAbdElhamedGhar\.m2\repository\io\grpc\grpc-context\1.27.2\grpc-context-1.27.2.jar;C:\Users\HeshamAbdElhamedGhar\.m2\repository\io\opencensus\opencensus-contrib-http-util\0.31.0\opencensus-contrib-http-util-0.31.0.jar;C:\Users\HeshamAbdElhamedGhar\.m2\repository\com\google\http-client\google-http-client-gson\1.41.3\google-http-client-gson-1.41.3.jar;C:\Users\HeshamAbdElhamedGhar\.m2\repository\org\yaml\snakeyaml\1.31\snakeyaml-1.31.jar;C:\Users\HeshamAbdElhamedGhar\.m2\repository\com\auth0\java-jwt\4.0.0\java-jwt-4.0.0.jar;C:\Users\HeshamAbdElhamedGhar\.m2\repository\com\fasterxml\jackson\core\jackson-databind\2.13.2.2\jackson-databind-2.13.2.2.jar;C:\Users\HeshamAbdElhamedGhar\.m2\repository\com\fasterxml\jackson\core\jackson-annotations\2.13.2\jackson-annotations-2.13.2.jar;"/>
    <property name="tinkey.kms.masterKeyUri" value=""/>
    <property name="java.vm.vendor" value="Oracle Corporation"/>
    <property name="openAllureReportAfterExecution" value="true"/>
    <property name="allureVersion" value="2.19.0"/>
    <property name="user.variant" value=""/>
    <property name="videoParams_scope" value="TestMethod"/>
    <property name="browserStack.acceptInsecureCerts" value="true"/>
    <property name="forceCheckTextWasTypedCorrectly" value="true"/>
    <property name="databaseQueryTimeout" value="30"/>
    <property name="user.country" value="US"/>
    <property name="sun.java.launcher" value="SUN_STANDARD"/>
    <property name="allure.link.issue.pattern" value=""/>
    <property name="cucumber.snippet-type" value="underscore"/>
    <property name="apiSocketTimeout" value="30"/>
    <property name="sun.cpu.endian" value="little"/>
    <property name="user.language" value="en"/>
    <property name="cucumber.execution.dry-run" value="false"/>
    <property name="allure.link.tms.pattern" value="https:///{} "/>
    <property name="createAnimatedGif" value="true"/>
    <property name="cucumber.execution.wip" value="false"/>
    <property name="surefire.real.class.path" value="C:\Users\HeshamAbdElhamedGhar\AppData\Local\Temp\surefire5895235789326117453\surefirebooter-20221012161049238_3.jar"/>
    <property name="shellSessionTimeout" value="30"/>
    <property name="recovery-tries" value="1"/>
    <property name="java.runtime.name" value="Java(TM) SE Runtime Environment"/>
    <property name="generateExtentReports" value="true"/>
    <property name="heal-enabled" value="false"/>
    <property name="java.vendor.url.bug" value="https://bugreport.java.com/bugreport/"/>
    <property name="animatedGif_frameDelay" value="500"/>
    <property name="captureElementName" value="true"/>
    <property name="forceCheckElementLocatorIsUnique" value="true"/>
    <property name="user.dir" value="C:\eclipse-workspace\MyProjects\TASystemsAPIs"/>
    <property name="video.mode" value="ALL"/>
    <property name="mobile_deviceName" value=""/>
    <property name="browserStack.appiumVersion" value="1.22.0"/>
    <property name="captureWebDriverLogs" value="true"/>
    <property name="setDataProviderThreadCount" value="1"/>
    <property name="browserStack.networkLogs" value="true"/>
    <property name="java.vm.version" value="17.0.2+8-LTS-86"/>
    <property name="cucumber.glue" value="customCucumberSteps, com.shaft.cucumber"/>
  </properties>
  <testcase name="Valid_GET_all_cities_Lookups_Rq_TC" classname="SteeringCompanyAPI_TestCases.Test_Lookups_Cases" time="6.769">
    <system-out><![CDATA[
################################################################################################################################################
Detected SHAFT Engine Version: "SHAFT Engine v6.4.20220906-BETA"
################################################################################################################################################
[ReportManager] getPreserveOrder: true @12-10-2022 16:10:51.0728 PM
[ReportManager] getDataProviderThreadCount: 1 @12-10-2022 16:10:51.0732 PM
[ReportManager] getThreadCount: 1 @12-10-2022 16:10:51.0732 PM
[ReportManager] getVerbose: 1 @12-10-2022 16:10:51.0732 PM
[ReportManager] getGroupByInstances: true @12-10-2022 16:10:51.0733 PM
[ReportManager] getParallel: none @12-10-2022 16:10:51.0733 PM

################################################################################################################################################
Starting Execution of a Configuration (Setup or Teardown) Method
Test Method:		"com.shaft.tools.io.LogsHelper.setupActivities"
################################################################################################################################################

################################################################################################################################################
Starting Execution of a Configuration (Setup or Teardown) Method
Test Method:		"SteeringCompanyAPI_TestCases.Test_Lookups_Cases.perparedata"
################################################################################################################################################
[ReportManager] Loaded Test Data: "src/test/resources/testDataFiles/SteeringCompanyAPI_TestData/SteeringCompanyAPI_TestData.xlsx". @12-10-2022 16:10:53.0411 PM

################################################################################################################################################
Starting Execution:	"1 out of 4" test cases in the current suite
Test Method:		"SteeringCompanyAPI_TestCases.Test_Lookups_Cases.Valid_GET_all_cities_Lookups_Rq_TC"
Test Description:	"TC001 - Peform Get all cities API with valid user name and password and retun with token"
################################################################################################################################################
[ReportManager] Loaded Test Data: "src/test/resources/testDataFiles/SteeringCompanyAPI_TestData/SteeringCompanyAPI_TestData.xlsx". @12-10-2022 16:10:53.0547 PM
[ReportManager] Assertion Passed: Evaluating the actual response status code against the expected one... @12-10-2022 16:10:56.0235 PM
[ReportManager] Perform request "POST | Target Status Code: 200 | Service URL: https://auth-demo.np.transporticonline.com/auth/realms/tic/protocol/openid-connect/token | Content Type: application/x-www-form-urlencoded | Response Time: 1357ms". @12-10-2022 16:10:57.0027 PM
[ReportManager] Assertion Passed: Check Response Status Code is 200 and it is valid. @12-10-2022 16:10:57.0202 PM
[ReportManager] Assertion Passed: Evaluating the actual response status code against the expected one... @12-10-2022 16:10:58.0225 PM
[ReportManager] Perform request "GET | Target Status Code: 200 | Service URL: https://api-demo.np.transporticonline.com/steeringcompanies/v1/lookups/cities | Content Type: */* | Response Time: 994ms". @12-10-2022 16:10:59.0051 PM
[ReportManager] Assertion Passed: "200" is equal to "200". @12-10-2022 16:10:59.0062 PM
[ReportManager] Verification Passed: "994" is greater than or equal to "1.1". @12-10-2022 16:10:59.0063 PM
[ReportManager] Verification Passed: "994" is less than or equal to "10000". @12-10-2022 16:10:59.0064 PM
[ReportManager] Assertion Passed: "{"page":0,"size":2147483647,"totalPages":1,"totalElements":704,"content":[{"id":1071,"nameArabic":"مطار دنيزلي كارداك","nameEnglish":"Denizli Cardak Airport","isActive":true,"lastUpdated":"2022-06-02T00:13:35Z","sectors":null},{"id":390021162,"nameArabic":"براتو","nameEnglish":"PRATO","isActive":true,"lastUpdated":"2022-06-02T00:13:44Z","sectors":null},{"id":36,"nameArabic":"كوالالمبور","nameEnglish":"Kuala Lumpur","isActive":true,"lastUpdated":"2022-06-02T01:21:49Z","sectors":null},{"id":926,"nameArabic":"قابس","nameEnglish":"GABES","isActive":true,"lastUpdated":"2022-06-02T00:14:15Z","sectors":null},{"id":849,"nameArabic":"سولنجين","nameEnglish":"Solngen","isActive":true,"lastUpdated":"2022-06-02T01:37:02Z","sectors":null},{"id":753,"nameArabic":"سيبا","nameEnglish":"Ciba","isActive":true,"lastUpdated":"2022-06-02T00:43:05Z","sectors":null},{"id":72,"nameArabic":"طرابلس","nameEnglish":"Tripoli","isActive":true,"lastUpdated":"2022-06-02T00:19:40Z","sectors":null},{"id":1006,"nameArabic":"بشكشكي","nameEnglish":"FRUNZE","isActive":true,"lastUpdated":"2022-06-02T00:20:05Z","sectors":null},{"id":985,"nameArabic":"قندهار","nameEnglish":"KANDAHAR","isActive":true,"lastUpdated":"2022-06-02T00:25:20Z","sectors":null},{"id":736,"nameArabic":"طبركا","nameEnglish":"Tabrka","isActive":true,"lastUpdated":"2022-06-02T01:16:50Z","sectors":null},{"id":953,"nameArabic":"سوهاج","nameEnglish":"Sohag","isActive":true,"lastUpdated":"2022-06-02T00:25:24Z","sectors":null},{"id":816,"nameArabic":"كوتشين","nameEnglish":"Cochin","isActive":true,"lastUpdated":"2022-06-02T01:06:13Z","sectors":null},{"id":789,"nameArabic":"فيصل اباد","nameEnglish":"Faisalabad","isActive":true,"lastUpdated":"2022-06-02T01:27:12Z","sectors":null},{"id":1013,"nameArabic":"كازان","nameEnglish":"KAZAN","isActive":true,"lastUpdated":"2022-06-02T00:37:19Z","sectors":null},{"id":794,"nameArabic":"كايسيري","nameEnglish":"KAYSERI","isActive":true,"lastUpdated":"2022-06-02T01:21:58Z","sectors":null},{"id":764,"nameArabic":"طنجه","nameEnglish":"Tangier","isActive":true,"lastUpdated":"2022-06-02T01:27:13Z","sectors":null},{"id":780,"nameArabic":"شهيراز","nameEnglish":"Shahyraz","isActive":true,"lastUpdated":"2022-06-02T00:37:28Z","sectors":null},{"id":712,"nameArabic":"طشقند","nameEnglish":"Tashkent","isActive":true,"lastUpdated":"2022-06-02T01:27:13Z","sectors":null},{"id":824,"nameArabic":"سمكرند","nameEnglish":"Samarqand","isActive":true,"lastUpdated":"2022-06-02T00:37:28Z","sectors":null},{"id":993,"nameArabic":"كرابي","nameEnglish":"KRBI","isActive":true,"lastUpdated":"2022-06-02T01:22:03Z","sectors":null},{"id":820,"nameArabic":"كاليكوت","nameEnglish":"CALICUT","isActive":true,"lastUpdated":"2022-06-02T01:27:21Z","sectors":null},{"id":91,"nameArabic":"كانو","nameEnglish":"KANO","isActive":true,"lastUpdated":"2022-06-02T01:22:03Z","sectors":null},{"id":125,"nameArabic":"كابل","nameEnglish":"Kabul","isActive":true,"lastUpdated":"2022-06-02T00:42:58Z","sectors":null},{"id":34,"nameArabic":"فيينا","nameEnglish":"Vienna","isActive":true,"lastUpdated":"2022-06-02T00:42:59Z","sectors":null},{"id":67,"nameArabic":"صنعاء","nameEnglish":"Sanaa","isActive":true,"lastUpdated":"2022-06-02T00:55:27Z","sectors":null},{"id":836,"nameArabic":"غاروا","nameEnglish":"GAROUA","isActive":true,"lastUpdated":"2022-06-02T01:06:13Z","sectors":null},{"id":735,"nameArabic":"صفاقس","nameEnglish":"Sfax","isActive":true,"lastUpdated":"2022-06-02T00:43:00Z","sectors":null},{"id":942,"nameArabic":"فريتاون","nameEnglish":"FREETOWN","isActive":true,"lastUpdated":"2022-06-02T00:43:35Z","sectors":null},{"id":777,"nameArabic":"كرمان","nameEnglish":"Kerman","isActive":true,"lastUpdated":"2022-06-02T00:50:06Z","sectors":null},{"id":1034,"nameArabic":"غروزني","nameEnglish":"Grozny","isActive":true,"lastUpdated":"2022-06-02T01:22:03Z","sectors":null},{"id":1049,"nameArabic":"شتوروكس","nameEnglish":"CHATEAUROUX","isActive":true,"lastUpdated":"2022-06-02T00:50:07Z","sectors":null},{"id":1042,"nameArabic":"كليتون","nameEnglish":"Clayton","isActive":true,"lastUpdated":"2022-06-02T01:06:13Z","sectors":null},{"id":809,"nameArabic":"كوتشينج","nameEnglish":"Kuching","isActive":true,"lastUpdated":"2022-06-02T01:12:09Z","sectors":null},{"id":1026,"nameArabic":"سيلهت أوسماني","nameEnglish":"SYLHET OSMANI","isActive":true,"lastUpdated":"2022-06-02T00:50:08Z","sectors":null},{"id":1081,"nameArabic":"سواكن","nameEnglish":"Swaken","isActive":true,"lastUpdated":"2022-06-02T01:27:14Z","sectors":null},{"id":982,"nameArabic":"سليمانية","nameEnglish":"SULAYMANIAH","isActive":true,"lastUpdated":"2022-06-02T01:27:15Z","sectors":null},{"id":939,"nameArabic":"شرم الشيخ","nameEnglish":"SHARM EL SHEIK","isActive":true,"lastUpdated":"2022-06-02T01:29:18Z","sectors":null},{"id":713,"nameArabic":"عشق اباد","nameEnglish":"Ashgabat","isActive":true,"lastUpdated":"2022-06-02T01:32:36Z","sectors":null},{"id":7,"nameArabic":"عمان","nameEnglish":"Amman","isActive":true,"lastUpdated":"2022-06-02T01:32:36Z","sectors":null},{"id":965,"nameArabic":"شيفاش","nameEnglish":"SIVAS","isActive":true,"lastUpdated":"2022-06-02T01:32:36Z","sectors":null},{"id":1037,"nameArabic":"فلاديقوقاز","nameEnglish":"Vladikavkaz","isActive":true,"lastUpdated":"2022-06-02T01:01:06Z","sectors":null},{"id":770,"nameArabic":"سورابايا","nameEnglish":"Surabaya","isActive":true,"lastUpdated":"2022-06-02T01:32:36Z","sectors":null},{"id":850,"nameArabic":"فرانكفورت","nameEnglish":"Frankfort","isActive":true,"lastUpdated":"2022-06-02T01:01:06Z","sectors":null},{"id":8,"nameArabic":"سيىول","nameEnglish":"Seoul","isActive":true,"lastUpdated":"2022-06-02T01:01:06Z","sectors":null},{"id":62,"nameArabic":"عدن","nameEnglish":"Aden","isActive":true,"lastUpdated":"2022-06-02T01:32:38Z","sectors":null},{"id":79,"nameArabic":"سنغافوره","nameEnglish":"sengafora","isActive":true,"lastUpdated":"2022-06-02T01:33:12Z","sectors":null},{"id":845,"nameArabic":"سيمونكنج","nameEnglish":"SEMONGKONG","isActive":true,"lastUpdated":"2022-06-02T01:01:07Z","sectors":null},{"id":799,"nameArabic":"غازيانتيب","nameEnglish":"GAZIANTEP","isActive":true,"lastUpdated":"2022-06-02T01:16:50Z","sectors":null},{"id":15,"nameArabic":"طوكيو","nameEnglish":"Tokyo","isActive":true,"lastUpdated":"2022-06-02T01:16:50Z","sectors":null},{"id":765,"nameArabic":"كازابلانكا","nameEnglish":"Casablanca","isActive":true,"lastUpdated":"2022-06-02T01:16:52Z","sectors":null},{"id":1010,"nameArabic":"سوشي","nameEnglish":"SOCHI","isActive":true,"lastUpdated":"2022-06-02T01:16:52Z","sectors":null},{"id":752,"nameArabic":"طبرك","nameEnglish":"Tbarak","isActive":true,"lastUpdated":"2022-06-02T01:16:52Z","sectors":null},{"id":883,"nameArabic":"سانتيقو","nameEnglish":"SANTIAGO","isActive":true,"lastUpdated":"2022-06-02T00:14:05Z","sectors":null},{"id":743,"nameArabic":"وهدان","nameEnglish":"Wahdan","isActive":true,"lastUpdated":"2022-06-02T00:16:27Z","sectors":null},{"id":874,"nameArabic":"سفاجة","nameEnglish":"SAFAJAH","isActive":true,"lastUpdated":"2022-06-02T01:18:55Z","sectors":null},{"id":711,"nameArabic":"سراييفو","nameEnglish":"Sarajevo","isActive":true,"lastUpdated":"2022-06-02T01:18:55Z","sectors":null},{"id":958,"nameArabic":"ستراسبورغ","nameEnglish":"STRASBOURG","isActive":true,"lastUpdated":"2022-06-02T00:19:40Z","sectors":null},{"id":886,"nameArabic":"حراري","nameEnglish":"Harare","isActive":true,"lastUpdated":"2022-06-02T01:22:14Z","sectors":null},{"id":983,"nameArabic":"دمـشـق","nameEnglish":"DAMASCUS","isActive":true,"lastUpdated":null,"sectors":null},{"id":1060,"nameArabic":"دراشتين","nameEnglish":"DRACHTEN","isActive":true,"lastUpdated":"2022-06-02T00:19:41Z","sectors":null},{"id":1057,"nameArabic":"جاكرتا","nameEnglish":"JAKARTA","isActive":true,"lastUpdated":"2022-06-02T00:19:41Z","sectors":null},{"id":975,"nameArabic":"روما","nameEnglish":"ROMA C.A.","isActive":true,"lastUpdated":"2022-06-02T01:26:50Z","sectors":null},{"id":390021122,"nameArabic":"هيليسينكور","nameEnglish":"HELSINGOR","isActive":true,"lastUpdated":"2022-06-02T00:19:44Z","sectors":null},{"id":834,"nameArabic":"دوالا","nameEnglish":"DOUALA","isActive":true,"lastUpdated":"2022-06-02T00:24:56Z","sectors":null},{"id":32,"nameArabic":"تايبيه","nameEnglish":"taybeh","isActive":true,"lastUpdated":"2022-06-02T01:26:51Z","sectors":null},{"id":855,"nameArabic":"ستوتجارت","nameEnglish":"Stuttgart","isActive":true,"lastUpdated":"2022-06-02T01:37:49Z","sectors":null},{"id":782,"nameArabic":"زهدان","nameEnglish":"Zahedan","isActive":true,"lastUpdated":"2022-06-02T00:31:02Z","sectors":null},{"id":1047,"nameArabic":"جوتيبورغ","nameEnglish":"GOTEBORG","isActive":true,"lastUpdated":"2022-06-02T01:22:05Z","sectors":null},{"id":848,"nameArabic":"دوسلفورت","nameEnglish":"Dusseldorf","isActive":true,"lastUpdated":"2022-06-02T00:25:27Z","sectors":null},{"id":961,"nameArabic":"سانتا فيه","nameEnglish":"SANTA FEE","isActive":true,"lastUpdated":"2022-06-02T01:32:30Z","sectors":null},{"id":796,"nameArabic":"ديار بكر","nameEnglish":"Diyarbakir","isActive":true,"lastUpdated":"2022-06-02T00:31:03Z","sectors":null},{"id":825,"nameArabic":"دوشنبه","nameEnglish":"DUSHANBE","isActive":true,"lastUpdated":"2022-06-02T00:31:03Z","sectors":null},{"id":1017,"nameArabic":"جوا","nameEnglish":"GOA","isActive":true,"lastUpdated":"2022-06-02T01:37:49Z","sectors":null},{"id":944,"nameArabic":"تيدجكيجا","nameEnglish":"TIDJIKJA","isActive":true,"lastUpdated":"2022-06-02T00:31:14Z","sectors":null},{"id":977,"nameArabic":"راس الخيمة","nameEnglish":"RAS AL KHAIMAH","isActive":true,"lastUpdated":"2022-06-02T01:32:30Z","sectors":null},{"id":843,"nameArabic":"سكوتو","nameEnglish":"SOKOTO","isActive":true,"lastUpdated":"2022-06-02T01:37:02Z","sectors":null},{"id":27,"nameArabic":"روما","nameEnglish":"Rome","isActive":true,"lastUpdated":"2022-06-02T01:37:02Z","sectors":null},{"id":817,"nameArabic":"حيدر اباد","nameEnglish":"Hyderabad","isActive":true,"lastUpdated":"2022-06-02T01:37:04Z","sectors":null},{"id":984,"nameArabic":"ســيول","nameEnglish":"SEOUL","isActive":true,"lastUpdated":"2022-06-02T00:37:29Z","sectors":null},{"id":974,"nameArabic":"جنوة","nameEnglish":"GENOVA","isActive":true,"lastUpdated":"2022-06-02T00:37:42Z","sectors":null},{"id":808,"nameArabic":"جوهاربارو","nameEnglish":"Joharparo","isActive":true,"lastUpdated":"2022-06-02T01:11:55Z","sectors":null},{"id":781,"nameArabic":"تبريز","nameEnglish":"Tabriz","isActive":true,"lastUpdated":"2022-06-02T01:37:50Z","sectors":null},{"id":1079,"nameArabic":"دبي وورلد سنترال","nameEnglish":"Dubai World Central","isActive":true,"lastUpdated":"2022-06-02T00:35:02Z","sectors":null},{"id":1075,"nameArabic":"تارب","nameEnglish":"Tarbes ","isActive":true,"lastUpdated":"2022-06-02T01:31:16Z","sectors":null},{"id":864,"nameArabic":"زاباتوكا","nameEnglish":"Zapatoka","isActive":true,"lastUpdated":"2022-06-02T00:49:36Z","sectors":null},{"id":1099,"nameArabic":"بارسو داجات","nameEnglish":"Barstow Daggett","isActive":true,"lastUpdated":"2022-06-02T01:03:22Z","sectors":null},{"id":870,"nameArabic":"جزر كان","nameEnglish":"Can island","isActive":true,"lastUpdated":"2022-06-02T00:49:37Z","sectors":null},{"id":1023,"nameArabic":"جايا","nameEnglish":"GAYA","isActive":true,"lastUpdated":"2022-06-02T00:49:38Z","sectors":null},{"id":727,"nameArabic":"حلب","nameEnglish":"Hlab","isActive":true,"lastUpdated":"2022-06-02T01:37:04Z","sectors":null},{"id":826,"nameArabic":"زنجبار","nameEnglish":"Zanzibar","isActive":true,"lastUpdated":"2022-06-02T00:55:28Z","sectors":null},{"id":1055,"nameArabic":"زغرب","nameEnglish":"ZAGREB","isActive":true,"lastUpdated":"2022-06-02T00:55:28Z","sectors":null},{"id":803,"nameArabic":"سامسون","nameEnglish":"SAMSUN","isActive":true,"lastUpdated":"2022-06-02T01:01:07Z","sectors":null},{"id":962,"nameArabic":"روما","nameEnglish":"ROMA L.D.F.A.","isActive":true,"lastUpdated":"2022-06-02T00:55:28Z","sectors":null},{"id":65,"nameArabic":"جيبوتي","nameEnglish":"Djibouti","isActive":true,"lastUpdated":"2022-06-02T01:01:10Z","sectors":null},{"id":126,"nameArabic":"جوهانسبرج","nameEnglish":"Johannesburg","isActive":true,"lastUpdated":"2022-06-02T01:01:19Z","sectors":null},{"id":1036,"nameArabic":"خوخند","nameEnglish":"Khujand","isActive":true,"lastUpdated":"2022-06-02T01:37:04Z","sectors":null},{"id":1024,"nameArabic":"رانشي","nameEnglish":"RANCHI","isActive":true,"lastUpdated":"2022-06-02T01:11:48Z","sectors":null},{"id":991,"nameArabic":"جرجان","nameEnglish":"GORGAN","isActive":true,"lastUpdated":"2022-06-02T01:16:45Z","sectors":null},{"id":797,"nameArabic":"دالامان","nameEnglish":"DALAMAN","isActive":true,"lastUpdated":"2022-06-02T01:32:31Z","sectors":null},{"id":876,"nameArabic":"دبلن","nameEnglish":"dublin","isActive":true,"lastUpdated":"2022-06-02T01:32:31Z","sectors":null},{"id":1069,"nameArabic":"تسيلينوكراد","nameEnglish":"TSELINOGRAD","isActive":true,"lastUpdated":"2022-06-02T01:32:31Z","sectors":null},{"id":58,"nameArabic":"دبي","nameEnglish":"Dubai","isActive":true,"lastUpdated":"2022-06-02T01:16:53Z","sectors":null},{"id":1032,"nameArabic":"خانيا","nameEnglish":"Chania","isActive":true,"lastUpdated":"2022-06-02T01:16:53Z","sectors":null},{"id":390021227,"nameArabic":"بدر","nameEnglish":"Bader","isActive":true,"lastUpdated":"2019-07-14T11:09:19Z","sectors":null},{"id":1014,"nameArabic":"يو اف أه","nameEnglish":"UFA","isActive":true,"lastUpdated":"2022-06-02T00:14:08Z","sectors":null},{"id":28,"nameArabic":"هيوستن","nameEnglish":"Huston","isActive":true,"lastUpdated":"2022-06-02T01:22:07Z","sectors":null},{"id":78,"nameArabic":"داكار","nameEnglish":"Dakar","isActive":true,"lastUpdated":"2022-06-02T01:19:35Z","sectors":null},{"id":1080,"nameArabic":"مطار لندن لوتون","nameEnglish":"London Luton Airport","isActive":true,"lastUpdated":"2022-06-02T00:17:38Z","sectors":null},{"id":1039,"nameArabic":"ياي","nameEnglish":"Yei","isActive":true,"lastUpdated":"2022-06-02T01:32:40Z","sectors":null},{"id":970,"nameArabic":"هتاي","nameEnglish":"HATAY","isActive":true,"lastUpdated":"2022-06-02T01:22:07Z","sectors":null},{"id":769,"nameArabic":"ميدان","nameEnglish":"medan","isActive":true,"lastUpdated":"2022-06-02T01:07:00Z","sectors":null},{"id":73,"nameArabic":"نيروبي","nameEnglish":"Nairobi","isActive":true,"lastUpdated":"2022-06-02T01:22:07Z","sectors":null},{"id":59,"nameArabic":"مسقط","nameEnglish":"Masqat","isActive":true,"lastUpdated":"2022-06-02T00:24:58Z","sectors":null},{"id":996,"nameArabic":"ناميلا","nameEnglish":"NAMLEA","isActive":true,"lastUpdated":"2022-06-02T01:14:20Z","sectors":null},{"id":1020,"nameArabic":"ناك بور","nameEnglish":"NAGPUR","isActive":true,"lastUpdated":"2022-06-02T01:22:08Z","sectors":null},{"id":867,"nameArabic":"هاتيي","nameEnglish":"HAT YAE","isActive":true,"lastUpdated":"2022-06-02T01:16:46Z","sectors":null},{"id":879,"nameArabic":"هانوي","nameEnglish":"HANOI","isActive":true,"lastUpdated":"2022-06-02T00:26:18Z","sectors":null},{"id":969,"nameArabic":"موس ","nameEnglish":"MUS","isActive":true,"lastUpdated":"2022-06-02T00:31:16Z","sectors":null},{"id":857,"nameArabic":"نايس","nameEnglish":"NICE","isActive":true,"lastUpdated":"2022-06-02T01:11:58Z","sectors":null},{"id":751,"nameArabic":"مسراته","nameEnglish":"Misrata","isActive":true,"lastUpdated":"2022-06-02T01:29:52Z","sectors":null},{"id":717,"nameArabic":"وارسو","nameEnglish":"Warsaw","isActive":true,"lastUpdated":"2022-06-02T00:37:31Z","sectors":null},{"id":1078,"nameArabic":"ميلاس-بودروم","nameEnglish":"Milas-Bodrum","isActive":true,"lastUpdated":"2022-06-02T00:35:01Z","sectors":null},{"id":1054,"nameArabic":"ميامي","nameEnglish":"MIAMI","isActive":true,"lastUpdated":"2022-06-02T01:22:24Z","sectors":null},{"id":1076,"nameArabic":"معتيقية","nameEnglish":"Mitiga","isActive":true,"lastUpdated":"2022-06-02T01:26:22Z","sectors":null},{"id":948,"nameArabic":"ميتز نانسي لورايني","nameEnglish":"METZ-NANCY-LORRAINE","isActive":true,"lastUpdated":"2022-06-02T01:26:51Z","sectors":null},{"id":992,"nameArabic":"منغالور","nameEnglish":"MANGALORE","isActive":true,"lastUpdated":"2022-06-02T01:26:51Z","sectors":null},{"id":762,"nameArabic":"ورزازات","nameEnglish":"Ouarzazate","isActive":true,"lastUpdated":"2022-06-02T01:37:04Z","sectors":null},{"id":954,"nameArabic":"مونبلييه","nameEnglish":"MONTPELLIER","isActive":true,"lastUpdated":"2022-06-02T00:37:32Z","sectors":null},{"id":1077,"nameArabic":"مطار موسكو الدولي","nameEnglish":"Vnukovo International Airport","isActive":true,"lastUpdated":"2022-06-02T01:31:16Z","sectors":null},{"id":851,"nameArabic":"هانوفر","nameEnglish":"Hanover","isActive":true,"lastUpdated":"2022-06-02T01:37:05Z","sectors":null},{"id":68,"nameArabic":"نيويورك","nameEnglish":"New York","isActive":true,"lastUpdated":"2022-06-02T01:37:06Z","sectors":null},{"id":802,"nameArabic":"نيفيشهر","nameEnglish":"NEVSHIR","isActive":true,"lastUpdated":"2022-06-02T01:37:06Z","sectors":null},{"id":853,"nameArabic":"ميونخ","nameEnglish":"Munich","isActive":true,"lastUpdated":"2022-06-02T01:01:41Z","sectors":null},{"id":2,"nameArabic":"ياوندي","nameEnglish":"Yaounde","isActive":true,"lastUpdated":"2022-07-25T22:29:49Z","sectors":null},{"id":1009,"nameArabic":"مينيرالني فودي","nameEnglish":"MINERALNYE VODY","isActive":true,"lastUpdated":"2022-06-02T01:37:07Z","sectors":null},{"id":1061,"nameArabic":"موباسا","nameEnglish":"MOMBASA","isActive":true,"lastUpdated":"2022-06-02T01:09:23Z","sectors":null},{"id":1062,"nameArabic":"موروني","nameEnglish":"MORONI","isActive":true,"lastUpdated":"2022-06-02T00:43:08Z","sectors":null},{"id":1073,"nameArabic":"مطار نيكوس كازانتزاكيس","nameEnglish":"Nikos Kazantzakis Airport","isActive":true,"lastUpdated":"2022-06-02T00:54:20Z","sectors":null},{"id":1066,"nameArabic":"ناراتيوات","nameEnglish":"NARATHIWAT","isActive":true,"lastUpdated":"2022-06-02T00:49:47Z","sectors":null},{"id":1041,"nameArabic":"مطار بغداد","nameEnglish":"Baghdad Airport","isActive":true,"lastUpdated":"2022-06-02T00:55:41Z","sectors":null},{"id":841,"nameArabic":"نغاونديري","nameEnglish":"NGAOUNDERE","isActive":true,"lastUpdated":"2022-06-02T01:01:12Z","sectors":null},{"id":1040,"nameArabic":"ميـنــا","nameEnglish":"MINNA","isActive":true,"lastUpdated":"2022-06-02T01:01:13Z","sectors":null},{"id":933,"nameArabic":"نيوكاسل","nameEnglish":"NEWCASTLE","isActive":true,"lastUpdated":"2022-06-02T01:16:46Z","sectors":null},{"id":11,"nameArabic":"نواكشوط","nameEnglish":"Nouakchott","isActive":true,"lastUpdated":"2022-06-02T01:06:15Z","sectors":null},{"id":934,"nameArabic":"ميدلاند","nameEnglish":"EAST MIDLANDS","isActive":true,"lastUpdated":"2022-06-02T01:01:13Z","sectors":null},{"id":98,"nameArabic":"ملقا","nameEnglish":"Malaga","isActive":true,"lastUpdated":"2022-06-02T01:01:14Z","sectors":null},{"id":957,"nameArabic":"نانت","nameEnglish":"NANTES","isActive":true,"lastUpdated":"2022-06-02T01:06:16Z","sectors":null},{"id":742,"nameArabic":"وارجلة","nameEnglish":"Warjlah","isActive":true,"lastUpdated":"2022-06-02T01:11:57Z","sectors":null},{"id":967,"nameArabic":"مطار سانليو أورفا","nameEnglish":"SANLIURFA AIRPORT TURKEY","isActive":true,"lastUpdated":"2022-06-02T01:06:16Z","sectors":null},{"id":70,"nameArabic":"نيودلهي","nameEnglish":"New Delhi","isActive":true,"lastUpdated":"2022-06-02T01:11:58Z","sectors":null},{"id":973,"nameArabic":"ميلانو","nameEnglish":"MILANO","isActive":true,"lastUpdated":"2022-06-02T01:16:46Z","sectors":null},{"id":734,"nameArabic":"موناستير","nameEnglish":"Monastir","isActive":true,"lastUpdated":"2022-06-02T01:12:00Z","sectors":null},{"id":1052,"nameArabic":"نيويورك","nameEnglish":"NEW YORK","isActive":true,"lastUpdated":"2022-06-02T01:17:12Z","sectors":null},{"id":1058,"nameArabic":"كينجداو","nameEnglish":"QINGDAO","isActive":true,"lastUpdated":"2022-06-02T01:22:14Z","sectors":null},{"id":884,"nameArabic":"البحيرة","nameEnglish":"AL BUHIRAH","isActive":true,"lastUpdated":"2022-06-02T01:26:53Z","sectors":null},{"id":873,"nameArabic":"مابوتو","nameEnglish":"Maputo","isActive":true,"lastUpdated":"2022-06-02T01:26:53Z","sectors":null},{"id":840,"nameArabic":"مدغوري","nameEnglish":"Mdgora","isActive":true,"lastUpdated":"2022-06-02T01:06:16Z","sectors":null},{"id":127,"nameArabic":"ليبرفيل","nameEnglish":"Libreville","isActive":true,"lastUpdated":"2022-06-02T00:19:56Z","sectors":null},{"id":51,"nameArabic":"اسطنبول","nameEnglish":"Istanbul","isActive":true,"lastUpdated":"2022-06-02T01:26:54Z","sectors":null},{"id":976,"nameArabic":"الأردن","nameEnglish":"AMMAN","isActive":true,"lastUpdated":"2022-06-02T00:25:00Z","sectors":null},{"id":798,"nameArabic":"ارضروم","nameEnglish":"ERZURUM","isActive":true,"lastUpdated":"2022-06-02T01:32:03Z","sectors":null},{"id":931,"nameArabic":"لندن","nameEnglish":"LONDON","isActive":true,"lastUpdated":null,"sectors":null},{"id":390021228,"nameArabic":"مالابو","nameEnglish":"Malabo","isActive":true,"lastUpdated":"2022-06-12T22:52:03Z","sectors":null},{"id":754,"nameArabic":"اسوان","nameEnglish":"Aswan","isActive":true,"lastUpdated":"2022-06-02T00:31:20Z","sectors":null},{"id":772,"nameArabic":"احواز","nameEnglish":"Ahvaz","isActive":true,"lastUpdated":"2022-06-02T01:26:55Z","sectors":null},{"id":42,"nameArabic":"استكهولم","nameEnglish":"Stockholm","isActive":true,"lastUpdated":"2022-06-02T01:26:56Z","sectors":null},{"id":812,"nameArabic":"احمد اباد","nameEnglish":"Ahmedabad","isActive":true,"lastUpdated":"2022-06-02T01:26:56Z","sectors":null},{"id":831,"nameArabic":"ابيدجان","nameEnglish":"Abidjan","isActive":true,"lastUpdated":"2022-06-02T00:31:20Z","sectors":null},{"id":865,"nameArabic":"لومي","nameEnglish":"Lome","isActive":true,"lastUpdated":"2022-06-02T01:27:28Z","sectors":null},{"id":46,"nameArabic":"اثينا","nameEnglish":"Athens","isActive":true,"lastUpdated":"2022-06-02T00:37:21Z","sectors":null},{"id":932,"nameArabic":"ليدز برادفورد","nameEnglish":"LEEDS AND BRADFORD","isActive":true,"lastUpdated":"2022-06-02T01:29:20Z","sectors":null},{"id":1072,"nameArabic":"مايوت","nameEnglish":"Dzaoudzi Pamandzi","isActive":true,"lastUpdated":"2022-06-02T01:31:13Z","sectors":null},{"id":763,"nameArabic":"مراكش","nameEnglish":"Marrakech","isActive":true,"lastUpdated":"2022-06-02T01:32:01Z","sectors":null},{"id":800,"nameArabic":"مدينة اسبارتا","nameEnglish":"ISPARTA CITY","isActive":true,"lastUpdated":"2022-06-02T01:32:02Z","sectors":null},{"id":966,"nameArabic":"الأزيغ","nameEnglish":"ELAZIG","isActive":true,"lastUpdated":"2022-06-02T01:32:03Z","sectors":null},{"id":818,"nameArabic":"مدراس","nameEnglish":"Madras","isActive":true,"lastUpdated":"2022-06-02T01:16:58Z","sectors":null},{"id":30,"nameArabic":"اكرا","nameEnglish":"Accra","isActive":true,"lastUpdated":"2022-06-02T01:32:03Z","sectors":null},{"id":791,"nameArabic":"كيويتا","nameEnglish":"Kujia","isActive":true,"lastUpdated":"2022-06-02T00:43:09Z","sectors":null},{"id":1048,"nameArabic":"لواندا","nameEnglish":"LUANDA","isActive":true,"lastUpdated":"2022-06-02T00:43:09Z","sectors":null},{"id":75,"nameArabic":"الاسكندرية","nameEnglish":"Alexandria","isActive":true,"lastUpdated":"2022-06-02T01:11:48Z","sectors":null},{"id":963,"nameArabic":"مالطية","nameEnglish":"MALATYA","isActive":true,"lastUpdated":"2022-06-02T01:12:04Z","sectors":null},{"id":1043,"nameArabic":"كيرسون","nameEnglish":"Kherson","isActive":true,"lastUpdated":"2022-06-02T01:12:06Z","sectors":null},{"id":847,"nameArabic":"كولون","nameEnglish":"Kowloon","isActive":true,"lastUpdated":"2022-06-02T01:06:18Z","sectors":null},{"id":29,"nameArabic":"الجزائر","nameEnglish":"Algeria","isActive":true,"lastUpdated":"2022-06-02T01:00:55Z","sectors":null},{"id":792,"nameArabic":"اظنا","nameEnglish":"Azna","isActive":true,"lastUpdated":"2022-06-02T01:00:55Z","sectors":null},{"id":830,"nameArabic":"كوتونو","nameEnglish":"Cotonou","isActive":true,"lastUpdated":"2022-06-02T01:01:17Z","sectors":null},{"id":54,"nameArabic":"مانيلا","nameEnglish":"Manila","isActive":true,"lastUpdated":"2022-06-02T00:49:48Z","sectors":null},{"id":390021229,"nameArabic":"قارو","nameEnglish":"Garowe","isActive":true,"lastUpdated":"2022-08-01T20:08:39Z","sectors":null},{"id":806,"nameArabic":"صبيحه","nameEnglish":"Sabiha","isActive":true,"lastUpdated":"2022-06-02T00:49:50Z","sectors":null},{"id":1008,"nameArabic":"ماكهاشكا","nameEnglish":"MAKHACHKALA","isActive":true,"lastUpdated":"2022-06-02T01:12:16Z","sectors":null},{"id":938,"nameArabic":"اقصر","nameEnglish":"LUXOR","isActive":true,"lastUpdated":"2022-06-02T00:49:50Z","sectors":null},{"id":38,"nameArabic":"لاهاي","nameEnglish":"The Hague","isActive":true,"lastUpdated":"2022-06-02T01:16:26Z","sectors":null},{"id":744,"nameArabic":"ادرار","nameEnglish":"ADRAR","isActive":true,"lastUpdated":"2022-06-02T01:16:26Z","sectors":null},{"id":3,"nameArabic":"اسلام اباد","nameEnglish":"Islamabad","isActive":true,"lastUpdated":"2022-06-02T01:16:26Z","sectors":null},{"id":21,"nameArabic":"مدريد","nameEnglish":"Madrid","isActive":true,"lastUpdated":"2022-06-02T01:16:47Z","sectors":null},{"id":755,"nameArabic":"اسيوط","nameEnglish":"Assiut","isActive":true,"lastUpdated":"2022-06-02T01:07:19Z","sectors":null},{"id":774,"nameArabic":"ليزراباس","nameEnglish":"Lezrabass","isActive":true,"lastUpdated":"2022-06-02T01:16:48Z","sectors":null},{"id":110,"nameArabic":"لاهور","nameEnglish":"Lahore","isActive":true,"lastUpdated":"2022-06-02T01:12:04Z","sectors":null},{"id":793,"nameArabic":"ازمير","nameEnglish":"Izmir","isActive":true,"lastUpdated":"2022-06-02T01:16:58Z","sectors":null},{"id":878,"nameArabic":"كييف","nameEnglish":"KIEV","isActive":true,"lastUpdated":"2022-06-02T01:17:12Z","sectors":null},{"id":998,"nameArabic":"بالمبانج","nameEnglish":"PALEMBANG","isActive":true,"lastUpdated":"2022-06-02T01:11:51Z","sectors":null},{"id":875,"nameArabic":"بورت لويس","nameEnglish":"Port Lowey's","isActive":true,"lastUpdated":"2022-06-02T00:20:01Z","sectors":null},{"id":1000,"nameArabic":"بانجارماسين ","nameEnglish":"BANJARMASIN","isActive":true,"lastUpdated":"2022-06-02T01:21:31Z","sectors":null},{"id":813,"nameArabic":"بانغلور","nameEnglish":"Bangalore","isActive":true,"lastUpdated":"2022-06-02T01:07:05Z","sectors":null},{"id":76,"nameArabic":"بانكوك","nameEnglish":"Bangkok","isActive":true,"lastUpdated":"2022-06-02T00:53:06Z","sectors":null},{"id":929,"nameArabic":" مانشيستر","nameEnglish":"MANCHESTER","isActive":true,"lastUpdated":"2022-06-02T00:31:21Z","sectors":null},{"id":872,"nameArabic":"برجتاون","nameEnglish":"Bridgetown","isActive":true,"lastUpdated":"2022-06-02T01:16:28Z","sectors":null},{"id":833,"nameArabic":"اوقا دوقو","nameEnglish":"Ouagadougo","isActive":true,"lastUpdated":"2022-06-02T01:21:33Z","sectors":null},{"id":17,"nameArabic":"بيرن","nameEnglish":"Bern","isActive":true,"lastUpdated":"2022-06-02T01:26:57Z","sectors":null},{"id":888,"nameArabic":"بشكيك","nameEnglish":"Bishkek","isActive":true,"lastUpdated":"2022-06-02T01:00:41Z","sectors":null},{"id":718,"nameArabic":"براغ","nameEnglish":"Prague","isActive":true,"lastUpdated":"2022-06-02T01:16:28Z","sectors":null},{"id":1016,"nameArabic":"بهوبال","nameEnglish":"BHOPAL","isActive":true,"lastUpdated":"2022-06-02T01:21:50Z","sectors":null},{"id":768,"nameArabic":"بانده اسيا","nameEnglish":"Bande Asia","isActive":true,"lastUpdated":"2022-06-02T01:21:52Z","sectors":null},{"id":749,"nameArabic":"بنغازي","nameEnglish":"Benghazi","isActive":true,"lastUpdated":"2022-06-02T01:22:24Z","sectors":null},{"id":1018,"nameArabic":"أندور","nameEnglish":"INDORE","isActive":true,"lastUpdated":"2022-06-02T01:26:56Z","sectors":null},{"id":97,"nameArabic":"باريس","nameEnglish":"Paris","isActive":true,"lastUpdated":"2022-06-02T01:27:29Z","sectors":null},{"id":869,"nameArabic":"بيجينج","nameEnglish":"BEIJING","isActive":true,"lastUpdated":"2022-06-02T00:37:21Z","sectors":null},{"id":702,"nameArabic":"ابوجا","nameEnglish":"ABUJA","isActive":true,"lastUpdated":"2022-06-02T01:32:05Z","sectors":null},{"id":1027,"nameArabic":"فاراناسي","nameEnglish":"VARANASI","isActive":true,"lastUpdated":"2022-06-02T01:32:05Z","sectors":null},{"id":827,"nameArabic":"بنجول","nameEnglish":"benjol","isActive":true,"lastUpdated":"2022-06-02T00:43:28Z","sectors":null},{"id":863,"nameArabic":"بياتي","nameEnglish":"Piatti","isActive":true,"lastUpdated":"2022-06-02T01:32:05Z","sectors":null},{"id":882,"nameArabic":"بوخارست","nameEnglish":"BUCHAREST","isActive":true,"lastUpdated":"2022-06-02T01:32:06Z","sectors":null},{"id":63,"nameArabic":"بغداد","nameEnglish":"Baghdad","isActive":true,"lastUpdated":"2022-06-02T00:43:10Z","sectors":null},{"id":124,"nameArabic":"بيشاور","nameEnglish":"Peshawar","isActive":true,"lastUpdated":"2022-06-02T00:43:10Z","sectors":null},{"id":1050,"nameArabic":"باريس","nameEnglish":"PARIS","isActive":true,"lastUpdated":"2022-06-02T00:43:12Z","sectors":null},{"id":928,"nameArabic":" برمنجهام","nameEnglish":"BIRMINGHAM","isActive":true,"lastUpdated":"2022-06-02T01:01:21Z","sectors":null},{"id":946,"nameArabic":"بوردو","nameEnglish":"BORDEAUX","isActive":true,"lastUpdated":"2022-06-02T01:37:09Z","sectors":null},{"id":968,"nameArabic":"باتمان","nameEnglish":"BATMAN","isActive":true,"lastUpdated":"2022-06-02T01:11:52Z","sectors":null},{"id":747,"nameArabic":"بربيرا","nameEnglish":"Berbiera","isActive":true,"lastUpdated":"2022-06-02T01:32:07Z","sectors":null},{"id":1011,"nameArabic":"بخارى","nameEnglish":"BUKHARA","isActive":true,"lastUpdated":"2022-06-02T01:32:07Z","sectors":null},{"id":1053,"nameArabic":"اورلاندو","nameEnglish":"ORLANDO","isActive":true,"lastUpdated":"2022-06-02T01:11:20Z","sectors":null},{"id":779,"nameArabic":"سداي","nameEnglish":"Sdaa","isActive":true,"lastUpdated":"2022-06-02T01:32:37Z","sectors":null},{"id":705,"nameArabic":"برلين","nameEnglish":"Berlin","isActive":true,"lastUpdated":"2022-06-02T01:37:09Z","sectors":null},{"id":930,"nameArabic":" بيمبريدج","nameEnglish":"BEMBRIDGE","isActive":true,"lastUpdated":"2022-06-02T00:49:50Z","sectors":null},{"id":94,"nameArabic":"باماكو","nameEnglish":"Bamako","isActive":true,"lastUpdated":"2022-06-02T00:55:47Z","sectors":null},{"id":83,"nameArabic":"برازيليا","nameEnglish":"Brasilia","isActive":true,"lastUpdated":"2022-06-02T00:49:52Z","sectors":null},{"id":1015,"nameArabic":"أيورنقباد","nameEnglish":"AURANGABAD","isActive":true,"lastUpdated":"2022-06-02T01:32:48Z","sectors":null},{"id":945,"nameArabic":"بانغي","nameEnglish":"BANGUI","isActive":true,"lastUpdated":"2022-06-02T00:49:53Z","sectors":null},{"id":784,"nameArabic":"اورمييه","nameEnglish":"URMIEH","isActive":true,"lastUpdated":"2022-06-02T00:49:53Z","sectors":null},{"id":771,"nameArabic":"بالك بابن","nameEnglish":"Bulk Baben","isActive":true,"lastUpdated":"2022-06-02T00:56:02Z","sectors":null},{"id":767,"nameArabic":"باتام","nameEnglish":"Batam","isActive":true,"lastUpdated":"2022-06-02T01:11:20Z","sectors":null},{"id":980,"nameArabic":"باكستان","nameEnglish":"SAILKOT PAKISTAN","isActive":true,"lastUpdated":"2022-06-02T01:37:12Z","sectors":null},{"id":1035,"nameArabic":"باكو","nameEnglish":"Baku","isActive":true,"lastUpdated":"2022-06-02T01:01:26Z","sectors":null},{"id":1044,"nameArabic":"بومان","nameEnglish":"Bowman","isActive":true,"lastUpdated":"2022-06-02T01:06:19Z","sectors":null},{"id":1007,"nameArabic":"أوش ","nameEnglish":"OSH","isActive":true,"lastUpdated":"2022-06-02T01:06:19Z","sectors":null},{"id":997,"nameArabic":"بادانغ","nameEnglish":"PADANG","isActive":true,"lastUpdated":"2022-06-02T01:14:14Z","sectors":null},{"id":701,"nameArabic":"أسمرة","nameEnglish":"Asmara","isActive":true,"lastUpdated":"2022-06-02T01:16:27Z","sectors":null},{"id":390021230,"nameArabic":"نوكوس","nameEnglish":"Nukus","isActive":true,"lastUpdated":"2022-08-01T20:10:11Z","sectors":null},{"id":972,"nameArabic":"بريشتينا","nameEnglish":"PRISTINA","isActive":true,"lastUpdated":"2022-06-02T01:17:23Z","sectors":null},{"id":50,"nameArabic":"الدوحة","nameEnglish":"Doha","isActive":true,"lastUpdated":"2022-06-02T01:21:33Z","sectors":null},{"id":390021231,"nameArabic":"رنيه","nameEnglish":"Ranyah","isActive":true,"lastUpdated":"2019-07-14T11:09:19Z","sectors":null},{"id":1021,"nameArabic":"الونج","nameEnglish":"ALONG","isActive":true,"lastUpdated":"2022-06-02T00:55:47Z","sectors":null},{"id":1127,"nameArabic":"انديجان","nameEnglish":"Andijan ","isActive":true,"lastUpdated":"2022-06-02T01:27:05Z","sectors":null},{"id":86,"nameArabic":"المنامة","nameEnglish":"Manama","isActive":true,"lastUpdated":"2022-06-02T00:57:58Z","sectors":null},{"id":390021156,"nameArabic":"أنفرس","nameEnglish":"ANVERS","isActive":true,"lastUpdated":"2022-06-02T01:21:33Z","sectors":null},{"id":390021166,"nameArabic":"فيتشنزا","nameEnglish":"VICENZA","isActive":true,"lastUpdated":"2022-06-02T01:21:33Z","sectors":null},{"id":1084,"nameArabic":"شانتو","nameEnglish":"Shantou","isActive":true,"lastUpdated":"2022-06-02T00:19:43Z","sectors":null},{"id":10,"nameArabic":"الكويت","nameEnglish":"Kuwait","isActive":true,"lastUpdated":"2022-06-02T00:20:06Z","sectors":null},{"id":837,"nameArabic":"الورين","nameEnglish":"ILORIN","isActive":true,"lastUpdated":"2022-06-02T01:37:14Z","sectors":null},{"id":728,"nameArabic":"اللاذقية","nameEnglish":"Lattakia","isActive":true,"lastUpdated":"2022-06-02T01:22:14Z","sectors":null},{"id":390021171,"nameArabic":"صوفيا","nameEnglish":"SOFIA","isActive":true,"lastUpdated":"2022-06-02T01:06:21Z","sectors":null},{"id":390021174,"nameArabic":"بريشتينا","nameEnglish":"PRISTINA","isActive":true,"lastUpdated":"2022-06-02T00:25:01Z","sectors":null},{"id":390001125,"nameArabic":"أرجنتوي","nameEnglish":"Argenteuil","isActive":true,"lastUpdated":"2022-06-02T00:25:02Z","sectors":null},{"id":390021163,"nameArabic":"بريشا","nameEnglish":"BRESCIA","isActive":true,"lastUpdated":"2022-06-02T01:22:14Z","sectors":null},{"id":724,"nameArabic":"العين","nameEnglish":"AL-ain","isActive":true,"lastUpdated":"2022-06-02T00:31:24Z","sectors":null},{"id":390021165,"nameArabic":"ريميني","nameEnglish":"RIMINI","isActive":true,"lastUpdated":"2022-06-02T01:32:09Z","sectors":null},{"id":1132,"nameArabic":"جيمبو","nameEnglish":"Gimpo ","isActive":true,"lastUpdated":"2022-06-02T01:16:30Z","sectors":null},{"id":1068,"nameArabic":"الماتا","nameEnglish":"ALMA-ATA","isActive":true,"lastUpdated":"2022-06-02T01:24:46Z","sectors":null},{"id":1082,"nameArabic":"أنا","nameEnglish":"ANAA","isActive":true,"lastUpdated":"2022-06-02T00:36:45Z","sectors":null},{"id":390021093,"nameArabic":"كرولي","nameEnglish":"Crawley","isActive":true,"lastUpdated":null,"sectors":null},{"id":390021090,"nameArabic":"نوتنغهام","nameEnglish":"Nottingham","isActive":true,"lastUpdated":null,"sectors":null},{"id":390021095,"nameArabic":"ان اربور","nameEnglish":"Ann Arbor","isActive":true,"lastUpdated":null,"sectors":null},{"id":93,"nameArabic":"انقره","nameEnglish":"Ankara","isActive":true,"lastUpdated":"2022-06-02T01:26:57Z","sectors":null},{"id":1067,"nameArabic":"الور ستار","nameEnglish":"ALOR SETAR","isActive":true,"lastUpdated":"2022-06-02T00:49:53Z","sectors":null},{"id":1086,"nameArabic":"صعيد","nameEnglish":"Said","isActive":true,"lastUpdated":"2022-06-02T00:36:46Z","sectors":null},{"id":925,"nameArabic":"اليس سبرنج","nameEnglish":"ALICE SPRING","isActive":true,"lastUpdated":"2022-06-02T01:26:57Z","sectors":null},{"id":84,"nameArabic":"دكا","nameEnglish":"Dhaka","isActive":true,"lastUpdated":"2022-06-02T01:32:58Z","sectors":null},{"id":943,"nameArabic":"الحسيمة","nameEnglish":"AL HOCIEMA","isActive":true,"lastUpdated":"2022-06-02T00:49:55Z","sectors":null},{"id":881,"nameArabic":"العقبة","nameEnglish":"AL-AQABA","isActive":true,"lastUpdated":"2022-06-02T00:37:23Z","sectors":null},{"id":1129,"nameArabic":"سيدني","nameEnglish":"Sydney","isActive":true,"lastUpdated":"2022-06-02T01:00:43Z","sectors":null},{"id":48,"nameArabic":"القاهرة","nameEnglish":"Cairo","isActive":true,"lastUpdated":"2022-06-02T01:34:35Z","sectors":null},{"id":1085,"nameArabic":"بويرتو كابيزاس","nameEnglish":"Puerto Cabezas","isActive":true,"lastUpdated":"2022-06-02T00:37:59Z","sectors":null},{"id":390021173,"nameArabic":"رتردام","nameEnglish":"ROTTERDAM","isActive":true,"lastUpdated":"2022-06-02T01:27:05Z","sectors":null},{"id":1133,"nameArabic":"ليجي","nameEnglish":"Liege ","isActive":true,"lastUpdated":"2022-06-02T01:00:44Z","sectors":null},{"id":390021164,"nameArabic":"فيرونا","nameEnglish":"VERONA","isActive":true,"lastUpdated":"2022-06-02T00:49:56Z","sectors":null},{"id":56,"nameArabic":"الخرطوم","nameEnglish":"Alkhartom","isActive":true,"lastUpdated":"2022-06-02T01:11:20Z","sectors":null},{"id":390021176,"nameArabic":"فريزاي","nameEnglish":"FERIZAJ","isActive":true,"lastUpdated":"2022-06-02T00:49:56Z","sectors":null},{"id":390021091,"nameArabic":"ليستر","nameEnglish":"Leicester","isActive":true,"lastUpdated":"2022-06-02T01:16:30Z","sectors":null},{"id":390021088,"nameArabic":"بلاكبيرن","nameEnglish":"Blackburn","isActive":true,"lastUpdated":"2022-06-02T00:49:56Z","sectors":null},{"id":390021089,"nameArabic":"ويلتشير","nameEnglish":"Wiltshire","isActive":true,"lastUpdated":"2022-06-02T00:49:57Z","sectors":null},{"id":390021178,"nameArabic":"جوبا","nameEnglish":"Juba ","isActive":true,"lastUpdated":"2022-06-02T01:27:05Z","sectors":null},{"id":390021168,"nameArabic":"إيسين","nameEnglish":"ESSEN","isActive":true,"lastUpdated":"2022-06-02T00:55:52Z","sectors":null},{"id":1,"nameArabic":"الرباط","nameEnglish":"Rabat","isActive":true,"lastUpdated":"2022-06-02T01:32:08Z","sectors":null},{"id":1083,"nameArabic":"جرجانية","nameEnglish":"Urgench","isActive":true,"lastUpdated":"2022-06-02T00:56:38Z","sectors":null},{"id":390021170,"nameArabic":"لوتيز لباتش","nameEnglish":"LUTZELBACH","isActive":true,"lastUpdated":"2022-06-02T01:06:20Z","sectors":null},{"id":390021159,"nameArabic":"بروج","nameEnglish":"BRUGES","isActive":true,"lastUpdated":"2022-06-02T01:11:21Z","sectors":null},{"id":390021158,"nameArabic":"بيرنجين","nameEnglish":"BERINGEN","isActive":true,"lastUpdated":"2022-06-02T01:16:29Z","sectors":null},{"id":390021179,"nameArabic":"أنطاكية","nameEnglish":"Antioch","isActive":true,"lastUpdated":"2022-06-02T01:16:31Z","sectors":null},{"id":390021167,"nameArabic":"هامبورغ","nameEnglish":"HAMBURG ","isActive":true,"lastUpdated":"2022-06-02T01:37:15Z","sectors":null},{"id":1130,"nameArabic":"صوفيا","nameEnglish":"Sofia ","isActive":true,"lastUpdated":"2022-06-02T01:37:15Z","sectors":null},{"id":390021175,"nameArabic":"بريزرن","nameEnglish":"PRIZREN","isActive":true,"lastUpdated":"2022-06-02T01:37:15Z","sectors":null},{"id":1144,"nameArabic":"بيساو","nameEnglish":"Bissau","isActive":true,"lastUpdated":"2022-06-02T01:37:16Z","sectors":null},{"id":390011086,"nameArabic":" سانت ديني","nameEnglish":"Saint-Denis","isActive":true,"lastUpdated":"2022-06-02T01:11:21Z","sectors":null},{"id":1051,"nameArabic":"واشنطن","nameEnglish":"WASHINGTON","isActive":true,"lastUpdated":"2022-06-02T00:13:39Z","sectors":null},{"id":1107,"nameArabic":"كاتالاو","nameEnglish":"Catalao","isActive":true,"lastUpdated":"2022-06-02T01:32:56Z","sectors":null},{"id":390021151,"nameArabic":"مونتانا","nameEnglish":"Montana","isActive":true,"lastUpdated":"2022-06-02T01:21:36Z","sectors":null},{"id":390021116,"nameArabic":"رانس","nameEnglish":"Rance","isActive":true,"lastUpdated":"2022-06-02T01:27:06Z","sectors":null},{"id":390021138,"nameArabic":"برشلونة","nameEnglish":"BARCELONA","isActive":true,"lastUpdated":"2022-07-25T22:29:48Z","sectors":null},{"id":1092,"nameArabic":"هيريندين باي","nameEnglish":"Herendeen Bay","isActive":true,"lastUpdated":"2022-06-02T00:19:43Z","sectors":null},{"id":1097,"nameArabic":"إرزينكان","nameEnglish":"Erzincan","isActive":true,"lastUpdated":"2022-06-02T00:19:43Z","sectors":null},{"id":1094,"nameArabic":"همدان","nameEnglish":"Hamedan","isActive":true,"lastUpdated":"2022-06-02T00:25:03Z","sectors":null},{"id":1103,"nameArabic":"اسلامشهر","nameEnglish":" Islam mashhar","isActive":true,"lastUpdated":"2022-06-02T01:37:17Z","sectors":null},{"id":390021100,"nameArabic":"مونتريال","nameEnglish":"MONTREAL","isActive":true,"lastUpdated":"2022-06-02T00:25:04Z","sectors":null},{"id":390021113,"nameArabic":"ماها جانجا","nameEnglish":"MAHA GANGA","isActive":true,"lastUpdated":"2022-06-02T01:11:34Z","sectors":null},{"id":390021139,"nameArabic":"سان دييغو","nameEnglish":"SAN DIEGO","isActive":true,"lastUpdated":"2022-06-02T00:31:25Z","sectors":null},{"id":390021150,"nameArabic":"فرجينيا","nameEnglish":"Virginia ","isActive":true,"lastUpdated":"2022-06-02T00:55:31Z","sectors":null},{"id":390021115,"nameArabic":"أرجنتوي","nameEnglish":"ARGENTEUIL","isActive":true,"lastUpdated":null,"sectors":null},{"id":390021152,"nameArabic":"هيمبستيد","nameEnglish":"HEMPSTEAD","isActive":true,"lastUpdated":"2022-06-02T01:24:56Z","sectors":null},{"id":390021103,"nameArabic":"كسانثي","nameEnglish":"XANTHI","isActive":true,"lastUpdated":"2022-06-02T01:27:06Z","sectors":null},{"id":1089,"nameArabic":"مانسشون هاوس","nameEnglish":"Mansion House","isActive":true,"lastUpdated":"2022-06-02T00:55:53Z","sectors":null},{"id":390021135,"nameArabic":"واتفورد","nameEnglish":"WATFORD","isActive":true,"lastUpdated":"2022-06-02T01:27:07Z","sectors":null},{"id":390021127,"nameArabic":"بلاك بيرن","nameEnglish":"BLACKBURN","isActive":true,"lastUpdated":null,"sectors":null},{"id":390021128,"nameArabic":"سلاو","nameEnglish":"SLOUGH","isActive":true,"lastUpdated":null,"sectors":null},{"id":390021130,"nameArabic":"ليستر","nameEnglish":"LEICESTER","isActive":true,"lastUpdated":null,"sectors":null},{"id":1090,"nameArabic":"كوسري","nameEnglish":"Kosrae","isActive":true,"lastUpdated":"2022-06-02T01:00:44Z","sectors":null},{"id":1095,"nameArabic":"دين هاج","nameEnglish":"Den Haag","isActive":true,"lastUpdated":"2022-06-02T00:37:00Z","sectors":null},{"id":390021148,"nameArabic":"كاليفورنيا","nameEnglish":"California ","isActive":true,"lastUpdated":"2022-06-02T01:27:35Z","sectors":null},{"id":390021104,"nameArabic":"مالبورن","nameEnglish":"MELBOURNE","isActive":true,"lastUpdated":"2022-06-02T00:37:00Z","sectors":null},{"id":1088,"nameArabic":"زفير","nameEnglish":"Zafer","isActive":true,"lastUpdated":"2022-06-02T01:32:10Z","sectors":null},{"id":390021105,"nameArabic":"سيدني","nameEnglish":"SYDNEY","isActive":true,"lastUpdated":"2022-06-02T01:32:11Z","sectors":null},{"id":1104,"nameArabic":"سيينا","nameEnglish":"Siena","isActive":true,"lastUpdated":"2022-06-02T00:43:14Z","sectors":null},{"id":390021141,"nameArabic":"فولز تشيرش","nameEnglish":"Falls Church","isActive":true,"lastUpdated":"2022-06-02T00:49:58Z","sectors":null},{"id":667,"nameArabic":"أبوعريش","nameEnglish":"Abuarich","isActive":true,"lastUpdated":"2022-06-02T01:32:59Z","sectors":null},{"id":390021106,"nameArabic":"أرنكليف","nameEnglish":"ARNCLHFFE","isActive":true,"lastUpdated":"2022-06-02T00:43:15Z","sectors":null},{"id":390021120,"nameArabic":"ريميس","nameEnglish":"REIMS","isActive":true,"lastUpdated":"2022-06-02T01:16:31Z","sectors":null},{"id":390021109,"nameArabic":"سانت ديني","nameEnglish":"SAINT DENIS","isActive":true,"lastUpdated":"2022-06-02T00:43:16Z","sectors":null},{"id":614,"nameArabic":"جيزان","nameEnglish":"Jizan","isActive":true,"lastUpdated":"2022-06-02T01:33:13Z","sectors":null},{"id":390021121,"nameArabic":"تالانجي","nameEnglish":"TALANGE","isActive":true,"lastUpdated":"2022-06-02T01:16:33Z","sectors":null},{"id":390021107,"nameArabic":"فيكتوريا","nameEnglish":"VICTORIA","isActive":true,"lastUpdated":"2022-06-02T01:06:21Z","sectors":null},{"id":1109,"nameArabic":"شيشمارف","nameEnglish":"Shishmaref","isActive":true,"lastUpdated":"2022-06-02T01:37:18Z","sectors":null},{"id":390021110,"nameArabic":"نوفي بازار","nameEnglish":"NOVI PAZAR","isActive":true,"lastUpdated":"2022-06-02T01:37:18Z","sectors":null},{"id":390021108,"nameArabic":"كرايستشيرتش","nameEnglish":"CHRISTCHURCH","isActive":true,"lastUpdated":"2022-06-02T00:49:58Z","sectors":null},{"id":390021149,"nameArabic":"بوسطن","nameEnglish":"Boston","isActive":true,"lastUpdated":"2022-06-02T00:55:31Z","sectors":null},{"id":1093,"nameArabic":"هينزادا","nameEnglish":"Henzada","isActive":true,"lastUpdated":"2022-06-02T00:57:58Z","sectors":null},{"id":390021133,"nameArabic":"لوتون","nameEnglish":"LUTON","isActive":true,"lastUpdated":"2022-06-02T01:37:18Z","sectors":null},{"id":390021137,"nameArabic":"سرقسطة","nameEnglish":"ZARAGOZA","isActive":true,"lastUpdated":"2022-06-02T01:37:18Z","sectors":null},{"id":390021140,"nameArabic":"فورت","nameEnglish":"Fort ","isActive":true,"lastUpdated":"2022-06-02T01:37:19Z","sectors":null},{"id":390021101,"nameArabic":"أونتاريو","nameEnglish":"ONTARIO","isActive":true,"lastUpdated":"2022-06-02T01:09:26Z","sectors":null},{"id":1100,"nameArabic":"اسبانيا","nameEnglish":"Aspen","isActive":true,"lastUpdated":"2022-06-02T00:55:54Z","sectors":null},{"id":390021099,"nameArabic":"ميسيساغا","nameEnglish":"MISSISSAUGA","isActive":true,"lastUpdated":"2022-06-02T01:11:22Z","sectors":null},{"id":1108,"nameArabic":"تمنراست","nameEnglish":"Tamanrasset","isActive":true,"lastUpdated":"2022-06-02T01:11:21Z","sectors":null},{"id":1106,"nameArabic":"ساسكيلخ","nameEnglish":"Saskylakh ","isActive":true,"lastUpdated":"2022-06-02T00:55:54Z","sectors":null},{"id":390021131,"nameArabic":"نوتنغهام","nameEnglish":"NOTTINGHAM","isActive":true,"lastUpdated":"2022-06-02T00:55:55Z","sectors":null},{"id":1110,"nameArabic":"كومبو اليجر","nameEnglish":"Campo Alegre","isActive":true,"lastUpdated":"2022-06-02T01:06:21Z","sectors":null},{"id":390021111,"nameArabic":"كيغالي","nameEnglish":"KIGALI","isActive":true,"lastUpdated":"2022-06-02T01:11:33Z","sectors":null},{"id":390021136,"nameArabic":"ديوسبري","nameEnglish":"DEWSBURY","isActive":true,"lastUpdated":"2022-06-02T01:11:34Z","sectors":null},{"id":986,"nameArabic":"مزار شريف","nameEnglish":"MAZAR-I-SHARIF","isActive":true,"lastUpdated":"2022-06-02T00:13:39Z","sectors":null},{"id":390021187,"nameArabic":"كاتسينا","nameEnglish":"KATSINA","isActive":true,"lastUpdated":"2022-06-02T01:36:56Z","sectors":null},{"id":390021226,"nameArabic":"فانكوفير","nameEnglish":"Vancouver","isActive":true,"lastUpdated":"2022-06-02T01:22:17Z","sectors":null},{"id":390021189,"nameArabic":"كوتاهيا","nameEnglish":"Kutahya","isActive":true,"lastUpdated":"2022-06-02T01:27:07Z","sectors":null},{"id":390021193,"nameArabic":"بورصة","nameEnglish":"BURSA","isActive":true,"lastUpdated":"2022-06-02T01:21:39Z","sectors":null},{"id":3333,"nameArabic":"برازافيل","nameEnglish":"Brazzaville","isActive":true,"lastUpdated":"2022-06-02T00:19:45Z","sectors":null},{"id":1268,"nameArabic":"أكتاو","nameEnglish":"Aktau","isActive":true,"lastUpdated":"2022-06-02T00:19:45Z","sectors":null},{"id":390021195,"nameArabic":"كهرمان ماراس","nameEnglish":"KAHRAMANMARAS","isActive":true,"lastUpdated":null,"sectors":null},{"id":1146,"nameArabic":"برث ","nameEnglish":"Perth","isActive":true,"lastUpdated":"2022-06-02T00:19:45Z","sectors":null},{"id":390021182,"nameArabic":"باوتشي","nameEnglish":"BAUCHI","isActive":true,"lastUpdated":null,"sectors":null},{"id":3338,"nameArabic":"ليما","nameEnglish":"Lima","isActive":true,"lastUpdated":"2022-06-02T01:21:40Z","sectors":null},{"id":1225,"nameArabic":"اسكيشهر","nameEnglish":"Eskisehir","isActive":true,"lastUpdated":"2022-06-02T00:25:06Z","sectors":null},{"id":390021194,"nameArabic":"كهرمان ماراس","nameEnglish":"KAHRAMANMARAS","isActive":true,"lastUpdated":"2022-06-02T01:36:56Z","sectors":null},{"id":390021185,"nameArabic":"غومبي","nameEnglish":"GOMBE","isActive":true,"lastUpdated":"2022-06-02T00:25:09Z","sectors":null},{"id":1226,"nameArabic":"جيرسون","nameEnglish":"Giresun","isActive":true,"lastUpdated":"2022-06-02T01:06:59Z","sectors":null},{"id":390001145,"nameArabic":"عثمان ذقنة","nameEnglish":"Osman Thigna","isActive":true,"lastUpdated":"2022-06-02T01:37:19Z","sectors":null},{"id":1186,"nameArabic":"بنجول","nameEnglish":"Bingol","isActive":true,"lastUpdated":"2022-06-02T01:21:40Z","sectors":null},{"id":390021198,"nameArabic":"اروا","nameEnglish":"Aroa","isActive":true,"lastUpdated":"2022-06-02T01:32:41Z","sectors":null},{"id":390021213,"nameArabic":"كاستامون","nameEnglish":"Kastamonu ","isActive":true,"lastUpdated":"2022-06-02T00:25:12Z","sectors":null},{"id":390021201,"nameArabic":"كويندا","nameEnglish":"Cooinda","isActive":true,"lastUpdated":"2022-06-02T01:21:41Z","sectors":null},{"id":390021206,"nameArabic":"ديستار","nameEnglish":"Dysart","isActive":true,"lastUpdated":"2022-06-02T01:27:08Z","sectors":null},{"id":390021200,"nameArabic":"بايروث","nameEnglish":"Bayreuth","isActive":true,"lastUpdated":"2022-06-02T01:27:09Z","sectors":null},{"id":1207,"nameArabic":"تامال","nameEnglish":"Tamale","isActive":true,"lastUpdated":"2022-06-02T00:25:34Z","sectors":null},{"id":390021202,"nameArabic":"شيمكينت","nameEnglish":"Shymkent","isActive":true,"lastUpdated":null,"sectors":null},{"id":1167,"nameArabic":"تبليسي","nameEnglish":"Tbilisi","isActive":true,"lastUpdated":"2022-06-02T01:14:15Z","sectors":null},{"id":390021154,"nameArabic":"بورت أوف سبين","nameEnglish":"PORT OF SPAIN","isActive":true,"lastUpdated":"2022-06-02T01:12:11Z","sectors":null},{"id":390001086,"nameArabic":"غابوروني","nameEnglish":"Gaborone","isActive":true,"lastUpdated":"2022-06-02T00:55:31Z","sectors":null},{"id":390021192,"nameArabic":"جواهاتي","nameEnglish":"Guwahati ","isActive":true,"lastUpdated":"2022-06-02T00:37:01Z","sectors":null},{"id":390021221,"nameArabic":"شانجهاي","nameEnglish":"Shanghai Pudong","isActive":true,"lastUpdated":"2022-06-02T00:31:26Z","sectors":null},{"id":1206,"nameArabic":"لانزهو","nameEnglish":"Lanzhou","isActive":true,"lastUpdated":"2022-06-02T00:49:32Z","sectors":null},{"id":390021225,"nameArabic":"اكسينج كوجاب","nameEnglish":"Xining Caojiabu","isActive":true,"lastUpdated":"2022-06-02T00:55:32Z","sectors":null},{"id":390021224,"nameArabic":"فريبورج","nameEnglish":"Vryburg","isActive":true,"lastUpdated":"2022-06-02T01:06:48Z","sectors":null},{"id":390021218,"nameArabic":"سينوب","nameEnglish":"Sinop","isActive":true,"lastUpdated":"2022-06-02T01:11:35Z","sectors":null},{"id":390021191,"nameArabic":"كلكتا","nameEnglish":"Kolkata","isActive":true,"lastUpdated":"2022-06-02T01:37:46Z","sectors":null},{"id":615,"nameArabic":"شقراء","nameEnglish":"Shaqra","isActive":true,"lastUpdated":"2022-06-02T01:27:32Z","sectors":null},{"id":390021183,"nameArabic":"بيرنين كبي","nameEnglish":"BIRNIN KEBBI","isActive":true,"lastUpdated":"2022-06-02T00:37:02Z","sectors":null},{"id":1187,"nameArabic":"انتيبي","nameEnglish":"entebbe","isActive":true,"lastUpdated":"2022-06-02T00:37:03Z","sectors":null},{"id":390021222,"nameArabic":"مارينا","nameEnglish":"Marina","isActive":true,"lastUpdated":"2022-06-02T01:06:26Z","sectors":null},{"id":390021219,"nameArabic":"اوبانو","nameEnglish":"Obano","isActive":true,"lastUpdated":"2022-06-02T00:55:33Z","sectors":null},{"id":390021220,"nameArabic":"اوسفالدو فيرا","nameEnglish":"Osvaldo Vieira","isActive":true,"lastUpdated":"2022-06-02T01:32:56Z","sectors":null},{"id":390021204,"nameArabic":"دايتون","nameEnglish":"Dayton ","isActive":true,"lastUpdated":"2022-06-02T00:37:04Z","sectors":null},{"id":390021214,"nameArabic":"كسالا","nameEnglish":"Kassala","isActive":true,"lastUpdated":"2022-06-02T00:55:33Z","sectors":null},{"id":390021144,"nameArabic":"ان اربور","nameEnglish":"Ann Arbor","isActive":true,"lastUpdated":"2022-06-02T01:33:13Z","sectors":null},{"id":1269,"nameArabic":"زنجان","nameEnglish":"ZANJAN","isActive":true,"lastUpdated":"2022-06-02T00:49:32Z","sectors":null},{"id":390021153,"nameArabic":"أراو","nameEnglish":"Arao","isActive":true,"lastUpdated":"2022-06-02T00:49:59Z","sectors":null},{"id":1267,"nameArabic":"ثيروفانانثابورام","nameEnglish":"Thiruvananthapuram","isActive":true,"lastUpdated":"2022-06-02T01:11:39Z","sectors":null},{"id":390021188,"nameArabic":"مايدوغوري","nameEnglish":"MAIDUGURI","isActive":true,"lastUpdated":"2022-06-02T01:14:21Z","sectors":null},{"id":1367,"nameArabic":"كولاب","nameEnglish":"Kulob","isActive":true,"lastUpdated":"2022-06-02T00:49:59Z","sectors":null},{"id":390021210,"nameArabic":"اجارتالا","nameEnglish":"Agartala ","isActive":true,"lastUpdated":"2022-06-02T01:11:36Z","sectors":null},{"id":1366,"nameArabic":"بليز دياغني","nameEnglish":"Blaise Diagne","isActive":true,"lastUpdated":"2022-06-02T01:33:18Z","sectors":null},{"id":99,"nameArabic":"بوجومبورا","nameEnglish":"Bujumbura","isActive":true,"lastUpdated":"2022-06-02T01:06:26Z","sectors":null},{"id":1266,"nameArabic":"سقطرى","nameEnglish":"Socotra","isActive":true,"lastUpdated":"2022-06-02T01:06:26Z","sectors":null},{"id":390021196,"nameArabic":"لومبوك","nameEnglish":"Lombok","isActive":true,"lastUpdated":"2022-06-02T01:16:35Z","sectors":null},{"id":643,"nameArabic":"عنيزة","nameEnglish":"Unaizah","isActive":true,"lastUpdated":"2022-06-02T01:34:34Z","sectors":null},{"id":390021199,"nameArabic":"باطومي ","nameEnglish":"Batumi","isActive":true,"lastUpdated":"2022-06-02T01:16:36Z","sectors":null},{"id":390021181,"nameArabic":"اكشننج","nameEnglish":"XINING","isActive":true,"lastUpdated":"2022-06-02T01:16:54Z","sectors":null},{"id":646,"nameArabic":"ينبع","nameEnglish":"Yanbu","isActive":true,"lastUpdated":"2022-06-02T01:37:04Z","sectors":null},{"id":940,"nameArabic":"أتبارا","nameEnglish":"ATBARA","isActive":true,"lastUpdated":"2022-06-02T00:13:40Z","sectors":null},{"id":670,"nameArabic":"بلجرشي","nameEnglish":"Biljurshi","isActive":true,"lastUpdated":"2022-06-02T00:13:41Z","sectors":null},{"id":601,"nameArabic":"الرياض","nameEnglish":"Riyadh","isActive":true,"lastUpdated":"2022-06-02T01:21:33Z","sectors":null},{"id":657,"nameArabic":"النماص","nameEnglish":"Nimas","isActive":true,"lastUpdated":"2022-06-02T00:13:42Z","sectors":null},{"id":603,"nameArabic":"مكة المكرمة","nameEnglish":"Makkah","isActive":true,"lastUpdated":"2022-06-02T01:21:50Z","sectors":null},{"id":722,"nameArabic":"الريان","nameEnglish":"Rayyan","isActive":true,"lastUpdated":"2022-06-02T00:13:44Z","sectors":null},{"id":672,"nameArabic":"الاحساء","nameEnglish":"Al-Hasa","isActive":true,"lastUpdated":"2022-06-02T01:37:09Z","sectors":null},{"id":647,"nameArabic":"مهد الذهب","nameEnglish":"Mahd al dhab","isActive":true,"lastUpdated":"2022-06-02T01:21:50Z","sectors":null},{"id":610,"nameArabic":"بريدة","nameEnglish":"Buraydah","isActive":true,"lastUpdated":"2022-06-02T01:37:09Z","sectors":null},{"id":639,"nameArabic":"دومة الجندل","nameEnglish":"Jandal","isActive":true,"lastUpdated":"2022-06-02T01:11:55Z","sectors":null},{"id":609,"nameArabic":"الهفوف","nameEnglish":"Al Hafuf","isActive":true,"lastUpdated":"2022-06-02T00:43:12Z","sectors":null},{"id":680,"nameArabic":"المذنب","nameEnglish":"AL-mthenb","isActive":true,"lastUpdated":"2022-06-02T00:55:48Z","sectors":null},{"id":679,"nameArabic":"شرورة","nameEnglish":"Sharorah","isActive":true,"lastUpdated":"2022-06-02T00:14:17Z","sectors":null},{"id":669,"nameArabic":"بالقرن","nameEnglish":"Belgarn","isActive":true,"lastUpdated":"2022-06-02T01:16:28Z","sectors":null},{"id":671,"nameArabic":"سدير","nameEnglish":"Sudair","isActive":true,"lastUpdated":"2022-06-02T01:06:51Z","sectors":null},{"id":613,"nameArabic":"أبها","nameEnglish":"Abha","isActive":true,"lastUpdated":"2022-06-02T01:32:05Z","sectors":null},{"id":649,"nameArabic":"خيبر","nameEnglish":"Khaybar","isActive":true,"lastUpdated":"2022-06-02T01:12:07Z","sectors":null},{"id":617,"nameArabic":"القويعية","nameEnglish":"AL-qwia","isActive":true,"lastUpdated":"2022-06-02T01:00:42Z","sectors":null},{"id":612,"nameArabic":"عرعر","nameEnglish":"ArAr","isActive":true,"lastUpdated":"2022-06-02T00:31:02Z","sectors":null},{"id":642,"nameArabic":"حقل","nameEnglish":"Haql","isActive":true,"lastUpdated":"2022-06-02T01:22:04Z","sectors":null},{"id":604,"nameArabic":"الطائف","nameEnglish":"Taif","isActive":true,"lastUpdated":"2022-06-02T01:27:04Z","sectors":null},{"id":627,"nameArabic":"القطيف","nameEnglish":"Qatif","isActive":true,"lastUpdated":"2022-06-02T01:32:08Z","sectors":null},{"id":5072,"nameArabic":"القصيم","nameEnglish":"alqasem","isActive":true,"lastUpdated":"2022-06-02T00:37:01Z","sectors":null},{"id":634,"nameArabic":"تيماء","nameEnglish":"Tayma","isActive":true,"lastUpdated":"2022-06-02T00:31:05Z","sectors":null},{"id":623,"nameArabic":"حوطة بني تميم","nameEnglish":"Hawtat Bani Tamim","isActive":true,"lastUpdated":"2022-06-02T00:37:41Z","sectors":null},{"id":645,"nameArabic":"البكيرية","nameEnglish":"Bukayriyah","isActive":true,"lastUpdated":"2022-06-02T01:06:58Z","sectors":null},{"id":677,"nameArabic":"تثليث","nameEnglish":"Ttlet","isActive":true,"lastUpdated":"2022-06-02T01:32:32Z","sectors":null},{"id":636,"nameArabic":"الوجة","nameEnglish":"AL-wjh","isActive":true,"lastUpdated":"2022-06-02T01:06:19Z","sectors":null},{"id":655,"nameArabic":"خميس مشيط","nameEnglish":"Khamis Mushait","isActive":true,"lastUpdated":"2022-06-02T00:49:36Z","sectors":null},{"id":1208,"nameArabic":"باوتشي","nameEnglish":"BAUCHI","isActive":true,"lastUpdated":"2022-06-02T00:37:03Z","sectors":null},{"id":665,"nameArabic":"صامطة","nameEnglish":"Samitah","isActive":true,"lastUpdated":"2022-06-02T00:43:00Z","sectors":null},{"id":637,"nameArabic":"املج","nameEnglish":"Umluj","isActive":true,"lastUpdated":"2022-06-02T01:16:28Z","sectors":null},{"id":630,"nameArabic":"حفر الباطن","nameEnglish":"Hafar Al Baten","isActive":true,"lastUpdated":"2022-06-02T00:55:28Z","sectors":null},{"id":653,"nameArabic":"الخرمة","nameEnglish":"Kurmah","isActive":true,"lastUpdated":"2022-06-02T00:55:49Z","sectors":null},{"id":682,"nameArabic":"الغاط","nameEnglish":"Ghat","isActive":true,"lastUpdated":"2022-06-02T01:06:28Z","sectors":null},{"id":629,"nameArabic":"قريه","nameEnglish":"Qariah","isActive":true,"lastUpdated":"2022-06-02T01:07:00Z","sectors":null},{"id":664,"nameArabic":"نجران","nameEnglish":"Najran","isActive":true,"lastUpdated":"2022-06-02T01:32:33Z","sectors":null},{"id":652,"nameArabic":"القنفذة","nameEnglish":"Qunfudah","isActive":true,"lastUpdated":"2022-06-02T00:49:53Z","sectors":null},{"id":681,"nameArabic":"بقعاء","nameEnglish":"Baqaa","isActive":true,"lastUpdated":"2022-06-02T00:37:22Z","sectors":null},{"id":641,"nameArabic":"القريات","nameEnglish":"Qurayyat","isActive":true,"lastUpdated":"2022-06-02T00:37:22Z","sectors":null},{"id":635,"nameArabic":"ضباء","nameEnglish":"Duba","isActive":true,"lastUpdated":"2022-06-02T01:32:36Z","sectors":null},{"id":644,"nameArabic":"الرس","nameEnglish":"Al Rass","isActive":true,"lastUpdated":"2022-06-02T00:43:15Z","sectors":null},{"id":616,"nameArabic":"الدوادمي","nameEnglish":"Dawadmi","isActive":true,"lastUpdated":"2022-06-02T00:49:54Z","sectors":null},{"id":607,"nameArabic":"الدمام","nameEnglish":"Dammam","isActive":true,"lastUpdated":"2022-06-02T01:00:42Z","sectors":null},{"id":650,"nameArabic":"رابغ","nameEnglish":"Rabigh","isActive":true,"lastUpdated":"2022-06-02T01:01:10Z","sectors":null},{"id":654,"nameArabic":"البرك","nameEnglish":"AL-berk","isActive":true,"lastUpdated":"2022-06-02T00:50:16Z","sectors":null},{"id":651,"nameArabic":"الليث","nameEnglish":"Laith","isActive":true,"lastUpdated":"2022-06-02T01:32:56Z","sectors":null},{"id":663,"nameArabic":"المندق","nameEnglish":"Almendq","isActive":true,"lastUpdated":"2022-06-02T00:25:00Z","sectors":null},{"id":1246,"nameArabic":"اديامان","nameEnglish":"3","isActive":true,"lastUpdated":"2022-06-02T00:31:10Z","sectors":null},{"id":675,"nameArabic":"السليل","nameEnglish":"As Sulayyil","isActive":true,"lastUpdated":"2022-06-02T01:16:29Z","sectors":null},{"id":648,"nameArabic":"العلا","nameEnglish":"Al Ula","isActive":true,"lastUpdated":"2022-06-02T00:25:01Z","sectors":null},{"id":611,"nameArabic":"حائل","nameEnglish":"Hail","isActive":true,"lastUpdated":"2022-06-02T01:16:54Z","sectors":null},{"id":1056,"nameArabic":"سالزبرك","nameEnglish":"SALZBURG","isActive":true,"lastUpdated":"2022-06-02T01:26:44Z","sectors":null},{"id":748,"nameArabic":"كفده","nameEnglish":"Kefda","isActive":true,"lastUpdated":"2022-06-02T01:21:58Z","sectors":null},{"id":714,"nameArabic":"كمبالا","nameEnglish":"Kampala","isActive":true,"lastUpdated":"2022-06-02T01:24:49Z","sectors":null},{"id":776,"nameArabic":"اصفهان","nameEnglish":"Isfahan","isActive":true,"lastUpdated":"2022-06-02T01:26:54Z","sectors":null},{"id":605,"nameArabic":"المدينة المنورة","nameEnglish":"Madina","isActive":true,"lastUpdated":"2022-06-02T01:27:07Z","sectors":null},{"id":3339,"nameArabic":"شيمكينت","nameEnglish":"Shymkent","isActive":true,"lastUpdated":"2022-06-02T00:13:49Z","sectors":null},{"id":1019,"nameArabic":"كاندلا","nameEnglish":"KANDLA","isActive":true,"lastUpdated":"2022-06-02T01:22:03Z","sectors":null},{"id":390000000,"nameArabic":"أخرى","nameEnglish":"ANOTHER","isActive":true,"lastUpdated":null,"sectors":null},{"id":103,"nameArabic":"جزر ملاديف(مالي)","nameEnglish":"MALI","isActive":true,"lastUpdated":"2022-06-02T00:24:57Z","sectors":null},{"id":618,"nameArabic":"عفيف","nameEnglish":"Afif","isActive":true,"lastUpdated":"2022-06-02T01:22:04Z","sectors":null},{"id":704,"nameArabic":"باكو","nameEnglish":"Baku","isActive":true,"lastUpdated":"2022-06-02T00:37:43Z","sectors":null},{"id":656,"nameArabic":"ظهران الجنوب","nameEnglish":"Dhahran South","isActive":true,"lastUpdated":"2022-06-02T01:22:04Z","sectors":null},{"id":628,"nameArabic":"الجبيل","nameEnglish":"Jubail","isActive":true,"lastUpdated":"2022-06-02T00:24:59Z","sectors":null},{"id":676,"nameArabic":"العرضية الجنوبية","nameEnglish":"Alardiah Aljanoubiah","isActive":true,"lastUpdated":"2022-06-02T00:43:14Z","sectors":null},{"id":760,"nameArabic":"فاس","nameEnglish":"Fes","isActive":true,"lastUpdated":"2022-06-02T00:37:19Z","sectors":null},{"id":631,"nameArabic":"الخفجي","nameEnglish":"Al Khafji","isActive":true,"lastUpdated":"2022-06-02T01:37:15Z","sectors":null},{"id":660,"nameArabic":"محائل عسير","nameEnglish":"Maha?l Asir","isActive":true,"lastUpdated":"2022-06-02T01:37:07Z","sectors":null},{"id":390021124,"nameArabic":"برادفورد","nameEnglish":"BRADFORD","isActive":true,"lastUpdated":"2022-06-02T01:06:22Z","sectors":null},{"id":807,"nameArabic":"فوكيت","nameEnglish":"PHUKET","isActive":true,"lastUpdated":"2022-06-02T00:43:21Z","sectors":null},{"id":31,"nameArabic":"كراتشي","nameEnglish":"Karachi","isActive":true,"lastUpdated":"2022-06-02T01:01:05Z","sectors":null},{"id":662,"nameArabic":"قلوة","nameEnglish":"Gulwh","isActive":true,"lastUpdated":"2022-06-02T01:14:19Z","sectors":null},{"id":619,"nameArabic":"المجمعة","nameEnglish":"Al Majmaah","isActive":true,"lastUpdated":"2022-06-02T00:16:27Z","sectors":null},{"id":999,"nameArabic":"كوالا ترينجانو","nameEnglish":"KUALA TRENGGANU","isActive":true,"lastUpdated":"2022-06-02T00:25:19Z","sectors":null},{"id":733,"nameArabic":"قفصة","nameEnglish":"Gafsa","isActive":true,"lastUpdated":"2022-06-02T01:27:12Z","sectors":null},{"id":390021092,"nameArabic":"سلوف","nameEnglish":"SLOUGH","isActive":true,"lastUpdated":"2022-06-02T00:55:53Z","sectors":null},{"id":61,"nameArabic":"كوبنهاجن","nameEnglish":"Copenhagen","isActive":true,"lastUpdated":"2022-06-02T00:55:27Z","sectors":null},{"id":12,"nameArabic":"كراكاس","nameEnglish":"Karakas","isActive":true,"lastUpdated":"2022-06-02T01:16:49Z","sectors":null},{"id":622,"nameArabic":"ثادق","nameEnglish":"Tadiq","isActive":true,"lastUpdated":"2022-06-02T01:01:21Z","sectors":null},{"id":1059,"nameArabic":"عين قزام","nameEnglish":"IN GUEZZAM","isActive":true,"lastUpdated":"2022-06-02T01:27:12Z","sectors":null},{"id":1368,"nameArabic":"ويلنغتون","nameEnglish":"WELLINGTON","isActive":true,"lastUpdated":"2022-06-02T00:49:33Z","sectors":null},{"id":640,"nameArabic":"طبرجل","nameEnglish":"Tabarjal","isActive":true,"lastUpdated":"2022-06-02T00:25:23Z","sectors":null},{"id":668,"nameArabic":"فرسان","nameEnglish":"Farsan","isActive":true,"lastUpdated":"2022-06-02T00:56:13Z","sectors":null},{"id":620,"nameArabic":"الزلفي","nameEnglish":"Al Zilfi","isActive":true,"lastUpdated":"2022-06-02T01:27:03Z","sectors":null},{"id":811,"nameArabic":"كوتاكنابالو","nameEnglish":"Kotaknabalo","isActive":true,"lastUpdated":"2022-06-02T01:27:19Z","sectors":null},{"id":1002,"nameArabic":"كوانكزهوا","nameEnglish":"GUANGZHOU","isActive":true,"lastUpdated":"2022-06-02T00:25:34Z","sectors":null},{"id":1031,"nameArabic":"البصرة","nameEnglish":"Basra","isActive":true,"lastUpdated":"2022-06-02T01:06:18Z","sectors":null},{"id":819,"nameArabic":"سرنجار","nameEnglish":"Srinagar","isActive":true,"lastUpdated":"2022-06-02T01:27:15Z","sectors":null},{"id":43,"nameArabic":"كوناكري","nameEnglish":"Conakry","isActive":true,"lastUpdated":"2022-06-02T01:29:52Z","sectors":null},{"id":951,"nameArabic":"يانجون","nameEnglish":"yangon","isActive":true,"lastUpdated":"2022-06-02T01:32:33Z","sectors":null},{"id":1074,"nameArabic":"كوالا لنامو","nameEnglish":"Kuala Namu International Airport","isActive":true,"lastUpdated":"2022-06-02T01:31:13Z","sectors":null},{"id":658,"nameArabic":"رجال المع","nameEnglish":"Rejal Elmaa","isActive":true,"lastUpdated":"2022-06-02T00:37:30Z","sectors":null},{"id":730,"nameArabic":"صلاصة","nameEnglish":"Salalah","isActive":true,"lastUpdated":"2022-06-02T01:29:55Z","sectors":null},{"id":673,"nameArabic":"سبت العلايا","nameEnglish":"Sabt Al Alayah","isActive":true,"lastUpdated":"2022-06-02T00:43:05Z","sectors":null},{"id":621,"nameArabic":"حريملاء","nameEnglish":"Huraymala","isActive":true,"lastUpdated":"2022-06-02T00:43:06Z","sectors":null},{"id":732,"nameArabic":"جدبه","nameEnglish":"Jdba","isActive":true,"lastUpdated":"2022-06-02T00:49:38Z","sectors":null},{"id":20,"nameArabic":"كانبرا","nameEnglish":"Canberra","isActive":true,"lastUpdated":"2022-06-02T00:50:07Z","sectors":null},{"id":801,"nameArabic":"قونيا","nameEnglish":"KONYA","isActive":true,"lastUpdated":"2022-06-02T00:50:21Z","sectors":null},{"id":866,"nameArabic":"بروناي","nameEnglish":"bronay","isActive":true,"lastUpdated":"2022-06-02T01:33:13Z","sectors":null},{"id":626,"nameArabic":"وادى الدواسر","nameEnglish":"Wadi ad-Dawasir","isActive":true,"lastUpdated":"2022-06-02T01:06:16Z","sectors":null},{"id":66,"nameArabic":"طهران","nameEnglish":"Tahran","isActive":true,"lastUpdated":"2022-06-02T01:11:48Z","sectors":null},{"id":838,"nameArabic":"كدونه","nameEnglish":"KADUNA","isActive":true,"lastUpdated":"2022-06-02T01:11:48Z","sectors":null},{"id":877,"nameArabic":"أوكلاند","nameEnglish":"Auckland","isActive":true,"lastUpdated":"2022-06-02T01:11:50Z","sectors":null},{"id":1012,"nameArabic":"تيرميز","nameEnglish":"TERMIZ","isActive":true,"lastUpdated":"2022-06-02T01:12:35Z","sectors":null},{"id":805,"nameArabic":"فان","nameEnglish":"VAN","isActive":true,"lastUpdated":"2022-06-02T01:16:49Z","sectors":null},{"id":35,"nameArabic":"السويس","nameEnglish":"SUEZ","isActive":true,"lastUpdated":"2022-06-02T00:13:43Z","sectors":null},{"id":390021126,"nameArabic":"لانكشر","nameEnglish":"LANCASTER","isActive":true,"lastUpdated":"2022-06-02T00:13:46Z","sectors":null},{"id":703,"nameArabic":"نور سلطان","nameEnglish":"Nur-Sultan","isActive":true,"lastUpdated":"2022-06-02T00:20:00Z","sectors":null},{"id":666,"nameArabic":"صبيا","nameEnglish":"Sabya","isActive":true,"lastUpdated":"2022-06-02T00:20:39Z","sectors":null},{"id":390021207,"nameArabic":"الابيض","nameEnglish":"Al-Ubayyid","isActive":true,"lastUpdated":"2022-06-02T00:20:41Z","sectors":null},{"id":85,"nameArabic":"دمشق","nameEnglish":"Damascus","isActive":true,"lastUpdated":"2022-06-02T00:31:04Z","sectors":null},{"id":978,"nameArabic":"ملتان","nameEnglish":"MULTAN","isActive":true,"lastUpdated":"2022-06-02T00:31:17Z","sectors":null},{"id":852,"nameArabic":"هامبورج","nameEnglish":"Hamburg","isActive":true,"lastUpdated":"2022-06-02T00:49:39Z","sectors":null},{"id":723,"nameArabic":"تعز","nameEnglish":"Taiz","isActive":true,"lastUpdated":"2022-06-02T01:27:08Z","sectors":null},{"id":1098,"nameArabic":"إدريمت كورفيز","nameEnglish":"Edremit/Korfez","isActive":true,"lastUpdated":"2022-06-02T00:55:54Z","sectors":null},{"id":390021123,"nameArabic":"بلاك بول","nameEnglish":"BLACKPOOL","isActive":true,"lastUpdated":"2022-06-02T00:56:00Z","sectors":null},{"id":750,"nameArabic":"لبيداء","nameEnglish":"Baida","isActive":true,"lastUpdated":"2022-06-02T01:12:08Z","sectors":null},{"id":757,"nameArabic":"اغادير","nameEnglish":"Aghadeer","isActive":true,"lastUpdated":"2022-06-02T01:14:14Z","sectors":null},{"id":787,"nameArabic":"اردبيل","nameEnglish":"ARDEBIL","isActive":true,"lastUpdated":"2022-06-02T01:32:04Z","sectors":null},{"id":1087,"nameArabic":"ناماىجان","nameEnglish":"Namangan","isActive":true,"lastUpdated":"2022-06-02T01:32:09Z","sectors":null},{"id":971,"nameArabic":"سكوبيه","nameEnglish":"SKOPJE","isActive":true,"lastUpdated":"2022-06-02T01:32:37Z","sectors":null},{"id":720,"nameArabic":"سيئون","nameEnglish":"Seiyun","isActive":true,"lastUpdated":"2022-06-02T01:27:14Z","sectors":null},{"id":856,"nameArabic":"زيورخ","nameEnglish":"Zurich","isActive":true,"lastUpdated":"2022-06-02T00:14:05Z","sectors":null},{"id":92,"nameArabic":"مقديشو","nameEnglish":"Mogadishu","isActive":true,"lastUpdated":"2022-06-02T00:19:55Z","sectors":null},{"id":721,"nameArabic":"الحديدة","nameEnglish":"Hodeidah","isActive":true,"lastUpdated":"2022-06-02T00:20:08Z","sectors":null},{"id":678,"nameArabic":"سراة عبيدة","nameEnglish":"Sarat Obeida","isActive":true,"lastUpdated":"2022-06-02T00:25:27Z","sectors":null},{"id":3334,"nameArabic":"مونروفيا","nameEnglish":"Monrovia","isActive":true,"lastUpdated":"2022-06-02T00:25:38Z","sectors":null},{"id":606,"nameArabic":"تبوك","nameEnglish":"Tabuk","isActive":true,"lastUpdated":"2022-06-02T00:31:14Z","sectors":null},{"id":14,"nameArabic":"جنيف","nameEnglish":"Geneva","isActive":true,"lastUpdated":"2022-06-02T00:37:31Z","sectors":null},{"id":390021205,"nameArabic":"انالاسكا","nameEnglish":"Unalaska","isActive":true,"lastUpdated":"2022-06-02T00:47:03Z","sectors":null},{"id":936,"nameArabic":"إسكندرية","nameEnglish":"BORG ELARAB","isActive":true,"lastUpdated":"2022-06-02T00:49:50Z","sectors":null},{"id":390021160,"nameArabic":"لييج","nameEnglish":"LIEGE","isActive":true,"lastUpdated":"2022-06-02T00:49:55Z","sectors":null},{"id":990,"nameArabic":"بيرجند","nameEnglish":"BIRJAND","isActive":true,"lastUpdated":"2022-06-02T01:00:36Z","sectors":null},{"id":947,"nameArabic":"مولهاوس ","nameEnglish":"MULHOUSE","isActive":true,"lastUpdated":"2022-06-02T01:01:13Z","sectors":null},{"id":390021142,"nameArabic":"ميشيغان","nameEnglish":"Michigan","isActive":true,"lastUpdated":"2022-06-02T01:06:23Z","sectors":null},{"id":955,"nameArabic":"بـاريس ","nameEnglish":"PARIS","isActive":true,"lastUpdated":"2022-06-02T01:29:52Z","sectors":null},{"id":624,"nameArabic":"الخرج","nameEnglish":"Al kharj","isActive":true,"lastUpdated":"2022-06-02T01:16:38Z","sectors":null},{"id":390021125,"nameArabic":"بولتون","nameEnglish":"BOLTON","isActive":true,"lastUpdated":"2022-06-02T01:35:03Z","sectors":null},{"id":82,"nameArabic":"بيونس  ايرس","nameEnglish":"BuenosAires","isActive":true,"lastUpdated":"2022-06-02T00:14:08Z","sectors":null},{"id":1025,"nameArabic":"شيتاجونج","nameEnglish":"CHITTAGONG","isActive":true,"lastUpdated":"2022-06-02T00:14:16Z","sectors":null},{"id":88,"nameArabic":"لاجوس","nameEnglish":"LAGOS","isActive":true,"lastUpdated":"2022-06-02T00:19:58Z","sectors":null},{"id":740,"nameArabic":"كونستاني","nameEnglish":"Konstanz","isActive":true,"lastUpdated":"2022-06-02T00:19:59Z","sectors":null},{"id":1064,"nameArabic":"بريفيزا","nameEnglish":"PREVEZA","isActive":true,"lastUpdated":"2022-06-02T00:20:06Z","sectors":null},{"id":1128,"nameArabic":"فانتا","nameEnglish":"Vantaa ","isActive":true,"lastUpdated":"2022-06-02T00:20:09Z","sectors":null},{"id":659,"nameArabic":"بيشة","nameEnglish":"Bishah","isActive":true,"lastUpdated":"2022-06-02T00:31:15Z","sectors":null},{"id":71,"nameArabic":"موسكو","nameEnglish":"Moscow","isActive":true,"lastUpdated":"2022-06-02T01:18:56Z","sectors":null},{"id":706,"nameArabic":"بريتوريا","nameEnglish":"Pretoria","isActive":true,"lastUpdated":"2022-06-02T00:50:31Z","sectors":null},{"id":142,"nameArabic":"اسلو","nameEnglish":"OSLO","isActive":true,"lastUpdated":"2022-06-02T01:00:55Z","sectors":null},{"id":661,"nameArabic":"الباحة","nameEnglish":"Baha","isActive":true,"lastUpdated":"2022-06-02T01:00:56Z","sectors":null},{"id":1046,"nameArabic":"تورينتو بيرسون","nameEnglish":"TORONTO-PEARSON","isActive":true,"lastUpdated":"2022-06-02T01:01:11Z","sectors":null},{"id":835,"nameArabic":"مالي","nameEnglish":"MALE","isActive":true,"lastUpdated":"2022-06-02T01:01:14Z","sectors":null},{"id":390021087,"nameArabic":"أنتاناناريفو","nameEnglish":"Antananarivo","isActive":true,"lastUpdated":"2022-06-02T01:01:20Z","sectors":null},{"id":632,"nameArabic":"طريف","nameEnglish":"Turayf","isActive":true,"lastUpdated":"2022-06-02T01:06:13Z","sectors":null},{"id":832,"nameArabic":"بوبو ديلاسو","nameEnglish":"Bobo Delaso","isActive":true,"lastUpdated":"2022-06-02T01:11:50Z","sectors":null},{"id":625,"nameArabic":"الافلاج","nameEnglish":"AL-aflaj","isActive":true,"lastUpdated":"2022-06-02T01:21:50Z","sectors":null},{"id":390021118,"nameArabic":"بوندي ","nameEnglish":"BONDY","isActive":true,"lastUpdated":"2022-06-02T01:32:11Z","sectors":null},{"id":710,"nameArabic":"دار السلام","nameEnglish":"Darussalam","isActive":true,"lastUpdated":"2022-06-02T01:37:04Z","sectors":null},{"id":19,"nameArabic":"مكسيكو","nameEnglish":"Mexico","isActive":true,"lastUpdated":"2022-06-02T00:19:55Z","sectors":null},{"id":390021172,"nameArabic":"ماسترخت","nameEnglish":"MAASTRICHT","isActive":true,"lastUpdated":"2022-06-02T00:20:40Z","sectors":null},{"id":95,"nameArabic":"لوس  انجليس","nameEnglish":"Los Angelis","isActive":true,"lastUpdated":"2022-06-02T00:31:19Z","sectors":null},{"id":775,"nameArabic":"بشير","nameEnglish":"Bashir","isActive":true,"lastUpdated":"2022-06-02T01:29:20Z","sectors":null},{"id":1022,"nameArabic":"جوهاتي","nameEnglish":"GAUHATI","isActive":true,"lastUpdated":"2022-06-02T01:34:34Z","sectors":null},{"id":716,"nameArabic":"لشبونة","nameEnglish":"Lisbon","isActive":true,"lastUpdated":"2022-06-02T00:37:36Z","sectors":null},{"id":390021097,"nameArabic":"برتش كولومبيا","nameEnglish":"BRITISH COLUMBIA","isActive":true,"lastUpdated":"2022-06-02T00:38:00Z","sectors":null},{"id":964,"nameArabic":"مرزيفون","nameEnglish":"MERZIFON","isActive":true,"lastUpdated":"2022-06-02T00:55:42Z","sectors":null},{"id":804,"nameArabic":"طرابزون","nameEnglish":"Trabzon","isActive":true,"lastUpdated":"2022-06-02T01:06:14Z","sectors":null},{"id":823,"nameArabic":"لارنكا","nameEnglish":"Larnaca","isActive":true,"lastUpdated":"2022-06-02T01:07:01Z","sectors":null},{"id":871,"nameArabic":"بدوازفيل","nameEnglish":"Bdowazfel","isActive":true,"lastUpdated":"2022-06-02T01:11:51Z","sectors":null},{"id":761,"nameArabic":"وجده","nameEnglish":"Oujda","isActive":true,"lastUpdated":"2022-06-02T01:11:57Z","sectors":null},{"id":119,"nameArabic":"جزر القمر","nameEnglish":"Comoros Islands","isActive":true,"lastUpdated":"2022-06-02T01:37:04Z","sectors":null},{"id":390021145,"nameArabic":"نيوجرسي","nameEnglish":"New Jersey","isActive":true,"lastUpdated":"2022-06-02T00:13:47Z","sectors":null},{"id":979,"nameArabic":"رحيم يار خان","nameEnglish":"RAHIMYARKHAN","isActive":true,"lastUpdated":"2022-06-02T00:14:06Z","sectors":null},{"id":1005,"nameArabic":"كونمينغ","nameEnglish":"KUNMING","isActive":true,"lastUpdated":"2022-06-02T01:18:56Z","sectors":null},{"id":741,"nameArabic":"غاردية","nameEnglish":"Ghardaïa","isActive":true,"lastUpdated":"2022-06-02T00:20:24Z","sectors":null},{"id":773,"nameArabic":"يزد","nameEnglish":"Yazd","isActive":true,"lastUpdated":"2022-06-02T00:49:39Z","sectors":null},{"id":602,"nameArabic":"جدة","nameEnglish":"Jeddah","isActive":true,"lastUpdated":"2022-06-02T01:22:05Z","sectors":null},{"id":709,"nameArabic":"تيرانا","nameEnglish":"Tirana","isActive":true,"lastUpdated":"2022-06-02T01:26:50Z","sectors":null},{"id":390021146,"nameArabic":"إلينوي","nameEnglish":"Illinois ","isActive":true,"lastUpdated":"2022-06-02T00:55:55Z","sectors":null},{"id":858,"nameArabic":"ليون","nameEnglish":"LYON","isActive":true,"lastUpdated":"2022-06-02T01:06:18Z","sectors":null},{"id":719,"nameArabic":"بودابست","nameEnglish":"Budapest","isActive":true,"lastUpdated":"2022-06-02T01:32:06Z","sectors":null},{"id":766,"nameArabic":"ناظور","nameEnglish":"NADOR","isActive":true,"lastUpdated":"2022-06-02T01:12:05Z","sectors":null},{"id":106,"nameArabic":"موريشيوس","nameEnglish":"Mauritius","isActive":true,"lastUpdated":"2022-06-02T01:12:11Z","sectors":null},{"id":731,"nameArabic":"غزة","nameEnglish":"Gaza","isActive":true,"lastUpdated":"2022-06-02T01:16:50Z","sectors":null},{"id":390021169,"nameArabic":"هاوزن","nameEnglish":"HAUSEN","isActive":true,"lastUpdated":"2022-06-02T01:21:34Z","sectors":null},{"id":1063,"nameArabic":" بالمادي مايوركا","nameEnglish":"PALMA DE MALLORCA","isActive":true,"lastUpdated":"2022-06-02T01:21:50Z","sectors":null},{"id":707,"nameArabic":"بندر سرى بكاون","nameEnglish":"Bandar Ser Begawan ","isActive":true,"lastUpdated":"2022-06-02T01:21:52Z","sectors":null},{"id":25,"nameArabic":"واشنطن","nameEnglish":"Washington","isActive":true,"lastUpdated":"2022-06-02T01:22:06Z","sectors":null},{"id":390021112,"nameArabic":"بلانتيري","nameEnglish":"BLANTYRE","isActive":true,"lastUpdated":"2022-06-02T01:22:15Z","sectors":null},{"id":783,"nameArabic":"رشت","nameEnglish":"RASHT","isActive":true,"lastUpdated":"2022-06-02T01:26:50Z","sectors":null},{"id":3335,"nameArabic":"كينشاسا","nameEnglish":"Kinshasa","isActive":true,"lastUpdated":"2022-06-02T00:13:47Z","sectors":null},{"id":633,"nameArabic":"رفحاء","nameEnglish":"Rafha","isActive":true,"lastUpdated":"2022-06-02T00:14:06Z","sectors":null},{"id":1045,"nameArabic":"ستانستيد لندن","nameEnglish":"LONDON Stansted","isActive":true,"lastUpdated":"2022-06-02T00:14:17Z","sectors":null},{"id":638,"nameArabic":"الجوف","nameEnglish":"Al Jowf","isActive":true,"lastUpdated":"2022-06-02T01:32:03Z","sectors":null},{"id":786,"nameArabic":"ابادان","nameEnglish":"ABADAN","isActive":true,"lastUpdated":"2022-06-02T01:38:08Z","sectors":null},{"id":1028,"nameArabic":" جايبور","nameEnglish":"JAIPUR","isActive":true,"lastUpdated":"2022-06-02T01:26:56Z","sectors":null},{"id":390021114,"nameArabic":"مولوز","nameEnglish":"MULHOUSE","isActive":true,"lastUpdated":"2022-06-02T00:25:06Z","sectors":null},{"id":390021161,"nameArabic":"فينيسيا ","nameEnglish":"VENESIA","isActive":true,"lastUpdated":"2022-06-02T01:27:33Z","sectors":null},{"id":39,"nameArabic":"جاكرتا","nameEnglish":"Jakarta","isActive":true,"lastUpdated":"2022-06-02T01:37:49Z","sectors":null},{"id":981,"nameArabic":"اربيل","nameEnglish":"ERBIL","isActive":true,"lastUpdated":"2022-06-02T01:00:56Z","sectors":null},{"id":390021216,"nameArabic":"لاك رودولف","nameEnglish":"Lake Rudolf","isActive":true,"lastUpdated":"2022-06-02T01:11:36Z","sectors":null},{"id":860,"nameArabic":"امستردام","nameEnglish":"Amsterdam","isActive":true,"lastUpdated":"2022-06-02T01:06:19Z","sectors":null},{"id":69,"nameArabic":"انجمينا","nameEnglish":"NDjamena","isActive":true,"lastUpdated":"2022-06-02T00:31:23Z","sectors":null},{"id":759,"nameArabic":"الراشدية","nameEnglish":"Rashidiya","isActive":true,"lastUpdated":"2022-06-02T01:27:04Z","sectors":null},{"id":959,"nameArabic":"واشنطون","nameEnglish":"WASHINGTON","isActive":true,"lastUpdated":"2022-06-02T01:14:20Z","sectors":null},{"id":859,"nameArabic":"تولوز","nameEnglish":"TOULOUSE","isActive":true,"lastUpdated":"2022-06-02T00:43:06Z","sectors":null},{"id":108,"nameArabic":"هونج كونج","nameEnglish":"hong kong","isActive":true,"lastUpdated":"2022-06-02T01:29:55Z","sectors":null},{"id":1003,"nameArabic":"يانشيوان ","nameEnglish":"YINCHUAN","isActive":true,"lastUpdated":"2022-06-02T00:37:31Z","sectors":null},{"id":390021203,"nameArabic":"كاناكال","nameEnglish":"Canakkale","isActive":true,"lastUpdated":"2022-06-02T00:37:51Z","sectors":null},{"id":390021098,"nameArabic":"دونداس","nameEnglish":"DUNDAS","isActive":true,"lastUpdated":"2022-06-02T01:16:31Z","sectors":null},{"id":756,"nameArabic":"العريش","nameEnglish":"Arish","isActive":true,"lastUpdated":"2022-06-02T00:43:13Z","sectors":null},{"id":24,"nameArabic":"بون","nameEnglish":"Bon","isActive":true,"lastUpdated":"2022-06-02T01:32:05Z","sectors":null},{"id":89,"nameArabic":"نيامي","nameEnglish":"Niamey","isActive":true,"lastUpdated":"2022-06-02T00:49:43Z","sectors":null},{"id":844,"nameArabic":"يولا","nameEnglish":"YOLA","isActive":false,"lastUpdated":"2022-06-02T01:01:21Z","sectors":null},{"id":937,"nameArabic":"هورغاده","nameEnglish":"HURGHADA","isActive":true,"lastUpdated":"2022-06-02T01:01:11Z","sectors":null},{"id":390021129,"nameArabic":"كرولي","nameEnglish":"CRAWLEY","isActive":true,"lastUpdated":"2022-06-02T00:52:58Z","sectors":null},{"id":935,"nameArabic":"هيرغيزا","nameEnglish":"HARGEISA","isActive":true,"lastUpdated":"2022-06-02T00:55:40Z","sectors":null},{"id":854,"nameArabic":"نور مبرج","nameEnglish":"Nuremberg","isActive":true,"lastUpdated":"2022-06-02T00:55:40Z","sectors":null},{"id":33,"nameArabic":"اديس  ابابا","nameEnglish":"Addis Ababa","isActive":true,"lastUpdated":"2022-06-02T00:55:43Z","sectors":null},{"id":1070,"nameArabic":"مطار موسكو دوموديدوفو","nameEnglish":"Moscow Domodedovo Airport","isActive":true,"lastUpdated":"2022-06-02T01:00:38Z","sectors":null},{"id":1038,"nameArabic":"الموصل","nameEnglish":"Mosul","isActive":true,"lastUpdated":"2022-06-02T01:00:41Z","sectors":null},{"id":390021157,"nameArabic":"ميكلين","nameEnglish":"MECHELEN","isActive":true,"lastUpdated":"2022-06-02T01:00:43Z","sectors":null},{"id":1131,"nameArabic":"بيسا","nameEnglish":"Pisa ","isActive":true,"lastUpdated":"2022-06-02T01:00:44Z","sectors":null},{"id":390021119,"nameArabic":"ليميرو","nameEnglish":"LIMERO","isActive":true,"lastUpdated":"2022-06-02T01:00:44Z","sectors":null},{"id":821,"nameArabic":"لكناو","nameEnglish":"LUCKNOW","isActive":true,"lastUpdated":"2022-06-02T01:12:35Z","sectors":null},{"id":390021134,"nameArabic":"كوفنتري","nameEnglish":"COVENTRY","isActive":true,"lastUpdated":"2022-06-02T01:27:07Z","sectors":null},{"id":3337,"nameArabic":"كاتماندو","nameEnglish":"Kathmandu","isActive":true,"lastUpdated":"2022-06-02T01:06:26Z","sectors":null},{"id":810,"nameArabic":"بينانج","nameEnglish":"Penang","isActive":true,"lastUpdated":"2022-06-02T01:08:46Z","sectors":null},{"id":18,"nameArabic":"ابوظبي","nameEnglish":"Abu Dhabi","isActive":true,"lastUpdated":"2022-06-02T01:11:49Z","sectors":null},{"id":927,"nameArabic":"بيشار","nameEnglish":"BECHAR","isActive":true,"lastUpdated":"2022-06-02T01:11:50Z","sectors":null},{"id":952,"nameArabic":"هلسنكي","nameEnglish":"Helsinki","isActive":true,"lastUpdated":"2022-06-02T01:11:58Z","sectors":null},{"id":390021147,"nameArabic":"أوريجون","nameEnglish":"Oregon","isActive":true,"lastUpdated":"2022-06-02T01:16:35Z","sectors":null},{"id":390021132,"nameArabic":"ويست يوركشاير","nameEnglish":"WEST YORKSHIRE","isActive":true,"lastUpdated":"2022-06-02T01:12:37Z","sectors":null},{"id":726,"nameArabic":"الشارقة","nameEnglish":"Sharjah","isActive":true,"lastUpdated":"2022-06-02T01:32:08Z","sectors":null},{"id":390021143,"nameArabic":"فلوريدا","nameEnglish":"Florida","isActive":true,"lastUpdated":"2022-06-02T01:32:11Z","sectors":null},{"id":960,"nameArabic":"نيويورك","nameEnglish":"NEW YORK","isActive":true,"lastUpdated":"2022-06-02T01:37:06Z","sectors":null},{"id":950,"nameArabic":"مارسيليا","nameEnglish":"MARSEILLE","isActive":true,"lastUpdated":"2022-06-02T01:37:08Z","sectors":null},{"id":758,"nameArabic":"الدار البيضاء","nameEnglish":"Casablanca","isActive":true,"lastUpdated":"2022-06-02T01:37:15Z","sectors":null},{"id":868,"nameArabic":"اورومجي","nameEnglish":"ormoge","isActive":true,"lastUpdated":"2022-06-02T01:37:16Z","sectors":null},{"id":390021212,"nameArabic":"نانوالك","nameEnglish":"Nanwalek ","isActive":true,"lastUpdated":"2022-06-02T00:13:49Z","sectors":null},{"id":390021208,"nameArabic":"جينتينج","nameEnglish":"Genting ","isActive":true,"lastUpdated":"2022-06-02T00:13:55Z","sectors":null},{"id":880,"nameArabic":"فرقانا","nameEnglish":"FERGANA","isActive":true,"lastUpdated":"2022-06-02T00:14:15Z","sectors":null},{"id":815,"nameArabic":"كولكاتا","nameEnglish":"Calcutta","isActive":true,"lastUpdated":"2022-06-02T00:19:59Z","sectors":null},{"id":608,"nameArabic":"الخبر","nameEnglish":"Khobar","isActive":true,"lastUpdated":"2022-06-02T00:20:08Z","sectors":null},{"id":795,"nameArabic":"انطاليا","nameEnglish":"Anatolia","isActive":true,"lastUpdated":"2022-06-02T01:26:57Z","sectors":null},{"id":842,"nameArabic":"بورت هاكورت","nameEnglish":"PORT HARCOURT","isActive":true,"lastUpdated":"2022-06-02T00:50:32Z","sectors":null},{"id":390021155,"nameArabic":"كريب","nameEnglish":"CUREPE‏","isActive":true,"lastUpdated":"2022-06-02T00:55:31Z","sectors":null},{"id":778,"nameArabic":"مشهد","nameEnglish":"Mashad","isActive":true,"lastUpdated":"2022-06-02T00:57:54Z","sectors":null},{"id":5,"nameArabic":"تونس","nameEnglish":"Tunisia","isActive":true,"lastUpdated":"2022-06-02T01:12:16Z","sectors":null},{"id":16,"nameArabic":"لوساكا","nameEnglish":"Lusaka","isActive":true,"lastUpdated":"2022-06-02T01:37:08Z","sectors":null},{"id":390021180,"nameArabic":"النجف","nameEnglish":"ALNAJAF","isActive":true,"lastUpdated":"2022-06-02T01:37:16Z","sectors":null},{"id":390021184,"nameArabic":"دتسي","nameEnglish":"DUTSE","isActive":true,"lastUpdated":"2022-06-02T01:00:45Z","sectors":null},{"id":785,"nameArabic":"باكهتران","nameEnglish":"Baketran","isActive":true,"lastUpdated":"2022-06-02T01:21:32Z","sectors":null},{"id":1065,"nameArabic":"رودس","nameEnglish":"RODOS","isActive":true,"lastUpdated":"2022-06-02T00:14:06Z","sectors":null},{"id":739,"nameArabic":"عنابه","nameEnglish":"Annaba","isActive":true,"lastUpdated":"2022-06-02T00:14:16Z","sectors":null},{"id":390001085,"nameArabic":"عجمان","nameEnglish":"Ajman","isActive":true,"lastUpdated":"2022-06-02T01:21:34Z","sectors":null},{"id":1004,"nameArabic":"لانزوهو","nameEnglish":"LANZHOU","isActive":true,"lastUpdated":"2022-06-02T00:19:57Z","sectors":null},{"id":725,"nameArabic":"الفجيرة","nameEnglish":"Fujairah","isActive":true,"lastUpdated":"2022-06-02T00:20:07Z","sectors":null},{"id":390021217,"nameArabic":"موموت","nameEnglish":"Momote","isActive":true,"lastUpdated":"2022-06-02T01:32:12Z","sectors":null},{"id":390001126,"nameArabic":"مامنوزو ","nameEnglish":"مامنوزو ","isActive":true,"lastUpdated":"2022-06-02T01:32:40Z","sectors":null},{"id":1105,"nameArabic":"شونغناك","nameEnglish":"Shungnak","isActive":true,"lastUpdated":"2022-06-02T01:32:41Z","sectors":null},{"id":738,"nameArabic":"توزر","nameEnglish":"Tozeur","isActive":true,"lastUpdated":"2022-06-02T01:22:06Z","sectors":null},{"id":390021117,"nameArabic":"سانت إتيان","nameEnglish":"SAINT ETIENNE","isActive":true,"lastUpdated":"2022-06-02T00:31:24Z","sectors":null},{"id":40,"nameArabic":"بيروت","nameEnglish":"Beirut","isActive":true,"lastUpdated":"2022-06-02T01:00:52Z","sectors":null},{"id":995,"nameArabic":"ليرية","nameEnglish":"LEREH","isActive":true,"lastUpdated":"2022-06-02T01:01:15Z","sectors":null},{"id":1101,"nameArabic":"الاناضول","nameEnglish":"Anadolu","isActive":true,"lastUpdated":"2022-06-02T00:37:00Z","sectors":null},{"id":390021223,"nameArabic":"مرسى علم","nameEnglish":"Marsa Alam","isActive":true,"lastUpdated":"2022-06-02T00:37:04Z","sectors":null},{"id":1001,"nameArabic":"مدينة سولو","nameEnglish":"SOLO","isActive":true,"lastUpdated":"2022-06-02T01:22:08Z","sectors":null},{"id":1091,"nameArabic":"هانتينجبوقج","nameEnglish":"Huntingburg","isActive":true,"lastUpdated":"2022-06-02T00:47:02Z","sectors":null},{"id":45,"nameArabic":"بومباي","nameEnglish":"Bombay","isActive":true,"lastUpdated":"2022-06-02T00:43:25Z","sectors":null},{"id":390001105,"nameArabic":"شيكاغو","nameEnglish":"Chicago","isActive":true,"lastUpdated":"2022-06-02T01:33:13Z","sectors":null},{"id":390021211,"nameArabic":"كنجيز توبم","nameEnglish":"Cengiz Topel","isActive":true,"lastUpdated":"2022-06-02T00:49:32Z","sectors":null},{"id":22,"nameArabic":"لندن","nameEnglish":"London","isActive":true,"lastUpdated":"2022-06-02T01:01:15Z","sectors":null},{"id":715,"nameArabic":"كولمبو","nameEnglish":"Colombo","isActive":true,"lastUpdated":"2022-06-02T00:49:50Z","sectors":null},{"id":96,"nameArabic":"بكين","nameEnglish":"Beken","isActive":true,"lastUpdated":"2022-06-02T00:50:36Z","sectors":null},{"id":23,"nameArabic":"اتاوا","nameEnglish":"OTAWA","isActive":true,"lastUpdated":"2022-06-02T01:34:35Z","sectors":null},{"id":390021215,"nameArabic":"رينية معوض","nameEnglish":"Rene Mouawad","isActive":true,"lastUpdated":"2022-06-02T01:22:47Z","sectors":null},{"id":1126,"nameArabic":"هيرات","nameEnglish":"HERAT","isActive":true,"lastUpdated":"2022-06-02T01:06:21Z","sectors":null},{"id":390021096,"nameArabic":"مالمو","nameEnglish":"MALMO","isActive":true,"lastUpdated":"2022-06-02T01:06:22Z","sectors":null},{"id":1096,"nameArabic":"جاج إسلند","nameEnglish":"Gag Island","isActive":true,"lastUpdated":"2022-06-02T00:55:53Z","sectors":null},{"id":390021102,"nameArabic":"لندن أونتاريو","nameEnglish":"LONDON ONTARIO","isActive":true,"lastUpdated":"2022-06-02T00:55:55Z","sectors":null},{"id":390021197,"nameArabic":"ماردين","nameEnglish":"Mardin","isActive":true,"lastUpdated":"2022-06-02T01:11:35Z","sectors":null},{"id":390021186,"nameArabic":"ايلورين","nameEnglish":"ILORIN","isActive":true,"lastUpdated":"2022-06-02T01:12:17Z","sectors":null},{"id":390021209,"nameArabic":"ماجاس","nameEnglish":"Magas ","isActive":true,"lastUpdated":"2022-06-02T01:14:21Z","sectors":null},{"id":941,"nameArabic":"بورسودان","nameEnglish":"PORT SUDAN","isActive":true,"lastUpdated":"2022-06-02T01:16:27Z","sectors":null},{"id":994,"nameArabic":"اوجونك بانادانج","nameEnglish":"UJUNG PANDANG","isActive":true,"lastUpdated":"2022-06-02T01:16:28Z","sectors":null},{"id":390021177,"nameArabic":"بنوم بنه","nameEnglish":"Phnom Penh","isActive":true,"lastUpdated":"2022-06-02T01:16:31Z","sectors":null},{"id":1102,"nameArabic":"دنيسون","nameEnglish":"Denison Municipal","isActive":true,"lastUpdated":"2022-06-02T01:27:05Z","sectors":null},{"id":956,"nameArabic":"ليل","nameEnglish":"LILLE","isActive":true,"lastUpdated":"2022-06-02T01:32:02Z","sectors":null},{"id":64,"nameArabic":"بروكسل","nameEnglish":"Brussels","isActive":true,"lastUpdated":"2022-06-02T01:32:07Z","sectors":null},{"id":390021190,"nameArabic":"بلي كسير","nameEnglish":"Balikesir","isActive":true,"lastUpdated":"2022-06-02T01:32:12Z","sectors":null}]}" contains "content". @12-10-2022 16:10:59.0076 PM
[ReportManager] Assertion Passed: Check that content object is not null. @12-10-2022 16:10:59.0352 PM
[ReportManager] Assertion Passed: The API response schema matches that in this file "src/test/resources/testDataFiles/Lookups_cities_schema.json". @12-10-2022 16:11:00.0116 PM
Lookups Cities Response Body  : - {"page":0,"size":2147483647,"totalPages":1,"totalElements":704,"content":[{"id":1071,"nameArabic":"مطار دنيزلي كارداك","nameEnglish":"Denizli Cardak Airport","isActive":true,"lastUpdated":"2022-06-02T00:13:35Z","sectors":null},{"id":390021162,"nameArabic":"براتو","nameEnglish":"PRATO","isActive":true,"lastUpdated":"2022-06-02T00:13:44Z","sectors":null},{"id":36,"nameArabic":"كوالالمبور","nameEnglish":"Kuala Lumpur","isActive":true,"lastUpdated":"2022-06-02T01:21:49Z","sectors":null},{"id":926,"nameArabic":"قابس","nameEnglish":"GABES","isActive":true,"lastUpdated":"2022-06-02T00:14:15Z","sectors":null},{"id":849,"nameArabic":"سولنجين","nameEnglish":"Solngen","isActive":true,"lastUpdated":"2022-06-02T01:37:02Z","sectors":null},{"id":753,"nameArabic":"سيبا","nameEnglish":"Ciba","isActive":true,"lastUpdated":"2022-06-02T00:43:05Z","sectors":null},{"id":72,"nameArabic":"طرابلس","nameEnglish":"Tripoli","isActive":true,"lastUpdated":"2022-06-02T00:19:40Z","sectors":null},{"id":1006,"nameArabic":"بشكشكي","nameEnglish":"FRUNZE","isActive":true,"lastUpdated":"2022-06-02T00:20:05Z","sectors":null},{"id":985,"nameArabic":"قندهار","nameEnglish":"KANDAHAR","isActive":true,"lastUpdated":"2022-06-02T00:25:20Z","sectors":null},{"id":736,"nameArabic":"طبركا","nameEnglish":"Tabrka","isActive":true,"lastUpdated":"2022-06-02T01:16:50Z","sectors":null},{"id":953,"nameArabic":"سوهاج","nameEnglish":"Sohag","isActive":true,"lastUpdated":"2022-06-02T00:25:24Z","sectors":null},{"id":816,"nameArabic":"كوتشين","nameEnglish":"Cochin","isActive":true,"lastUpdated":"2022-06-02T01:06:13Z","sectors":null},{"id":789,"nameArabic":"فيصل اباد","nameEnglish":"Faisalabad","isActive":true,"lastUpdated":"2022-06-02T01:27:12Z","sectors":null},{"id":1013,"nameArabic":"كازان","nameEnglish":"KAZAN","isActive":true,"lastUpdated":"2022-06-02T00:37:19Z","sectors":null},{"id":794,"nameArabic":"كايسيري","nameEnglish":"KAYSERI","isActive":true,"lastUpdated":"2022-06-02T01:21:58Z","sectors":null},{"id":764,"nameArabic":"طنجه","nameEnglish":"Tangier","isActive":true,"lastUpdated":"2022-06-02T01:27:13Z","sectors":null},{"id":780,"nameArabic":"شهيراز","nameEnglish":"Shahyraz","isActive":true,"lastUpdated":"2022-06-02T00:37:28Z","sectors":null},{"id":712,"nameArabic":"طشقند","nameEnglish":"Tashkent","isActive":true,"lastUpdated":"2022-06-02T01:27:13Z","sectors":null},{"id":824,"nameArabic":"سمكرند","nameEnglish":"Samarqand","isActive":true,"lastUpdated":"2022-06-02T00:37:28Z","sectors":null},{"id":993,"nameArabic":"كرابي","nameEnglish":"KRBI","isActive":true,"lastUpdated":"2022-06-02T01:22:03Z","sectors":null},{"id":820,"nameArabic":"كاليكوت","nameEnglish":"CALICUT","isActive":true,"lastUpdated":"2022-06-02T01:27:21Z","sectors":null},{"id":91,"nameArabic":"كانو","nameEnglish":"KANO","isActive":true,"lastUpdated":"2022-06-02T01:22:03Z","sectors":null},{"id":125,"nameArabic":"كابل","nameEnglish":"Kabul","isActive":true,"lastUpdated":"2022-06-02T00:42:58Z","sectors":null},{"id":34,"nameArabic":"فيينا","nameEnglish":"Vienna","isActive":true,"lastUpdated":"2022-06-02T00:42:59Z","sectors":null},{"id":67,"nameArabic":"صنعاء","nameEnglish":"Sanaa","isActive":true,"lastUpdated":"2022-06-02T00:55:27Z","sectors":null},{"id":836,"nameArabic":"غاروا","nameEnglish":"GAROUA","isActive":true,"lastUpdated":"2022-06-02T01:06:13Z","sectors":null},{"id":735,"nameArabic":"صفاقس","nameEnglish":"Sfax","isActive":true,"lastUpdated":"2022-06-02T00:43:00Z","sectors":null},{"id":942,"nameArabic":"فريتاون","nameEnglish":"FREETOWN","isActive":true,"lastUpdated":"2022-06-02T00:43:35Z","sectors":null},{"id":777,"nameArabic":"كرمان","nameEnglish":"Kerman","isActive":true,"lastUpdated":"2022-06-02T00:50:06Z","sectors":null},{"id":1034,"nameArabic":"غروزني","nameEnglish":"Grozny","isActive":true,"lastUpdated":"2022-06-02T01:22:03Z","sectors":null},{"id":1049,"nameArabic":"شتوروكس","nameEnglish":"CHATEAUROUX","isActive":true,"lastUpdated":"2022-06-02T00:50:07Z","sectors":null},{"id":1042,"nameArabic":"كليتون","nameEnglish":"Clayton","isActive":true,"lastUpdated":"2022-06-02T01:06:13Z","sectors":null},{"id":809,"nameArabic":"كوتشينج","nameEnglish":"Kuching","isActive":true,"lastUpdated":"2022-06-02T01:12:09Z","sectors":null},{"id":1026,"nameArabic":"سيلهت أوسماني","nameEnglish":"SYLHET OSMANI","isActive":true,"lastUpdated":"2022-06-02T00:50:08Z","sectors":null},{"id":1081,"nameArabic":"سواكن","nameEnglish":"Swaken","isActive":true,"lastUpdated":"2022-06-02T01:27:14Z","sectors":null},{"id":982,"nameArabic":"سليمانية","nameEnglish":"SULAYMANIAH","isActive":true,"lastUpdated":"2022-06-02T01:27:15Z","sectors":null},{"id":939,"nameArabic":"شرم الشيخ","nameEnglish":"SHARM EL SHEIK","isActive":true,"lastUpdated":"2022-06-02T01:29:18Z","sectors":null},{"id":713,"nameArabic":"عشق اباد","nameEnglish":"Ashgabat","isActive":true,"lastUpdated":"2022-06-02T01:32:36Z","sectors":null},{"id":7,"nameArabic":"عمان","nameEnglish":"Amman","isActive":true,"lastUpdated":"2022-06-02T01:32:36Z","sectors":null},{"id":965,"nameArabic":"شيفاش","nameEnglish":"SIVAS","isActive":true,"lastUpdated":"2022-06-02T01:32:36Z","sectors":null},{"id":1037,"nameArabic":"فلاديقوقاز","nameEnglish":"Vladikavkaz","isActive":true,"lastUpdated":"2022-06-02T01:01:06Z","sectors":null},{"id":770,"nameArabic":"سورابايا","nameEnglish":"Surabaya","isActive":true,"lastUpdated":"2022-06-02T01:32:36Z","sectors":null},{"id":850,"nameArabic":"فرانكفورت","nameEnglish":"Frankfort","isActive":true,"lastUpdated":"2022-06-02T01:01:06Z","sectors":null},{"id":8,"nameArabic":"سيىول","nameEnglish":"Seoul","isActive":true,"lastUpdated":"2022-06-02T01:01:06Z","sectors":null},{"id":62,"nameArabic":"عدن","nameEnglish":"Aden","isActive":true,"lastUpdated":"2022-06-02T01:32:38Z","sectors":null},{"id":79,"nameArabic":"سنغافوره","nameEnglish":"sengafora","isActive":true,"lastUpdated":"2022-06-02T01:33:12Z","sectors":null},{"id":845,"nameArabic":"سيمونكنج","nameEnglish":"SEMONGKONG","isActive":true,"lastUpdated":"2022-06-02T01:01:07Z","sectors":null},{"id":799,"nameArabic":"غازيانتيب","nameEnglish":"GAZIANTEP","isActive":true,"lastUpdated":"2022-06-02T01:16:50Z","sectors":null},{"id":15,"nameArabic":"طوكيو","nameEnglish":"Tokyo","isActive":true,"lastUpdated":"2022-06-02T01:16:50Z","sectors":null},{"id":765,"nameArabic":"كازابلانكا","nameEnglish":"Casablanca","isActive":true,"lastUpdated":"2022-06-02T01:16:52Z","sectors":null},{"id":1010,"nameArabic":"سوشي","nameEnglish":"SOCHI","isActive":true,"lastUpdated":"2022-06-02T01:16:52Z","sectors":null},{"id":752,"nameArabic":"طبرك","nameEnglish":"Tbarak","isActive":true,"lastUpdated":"2022-06-02T01:16:52Z","sectors":null},{"id":883,"nameArabic":"سانتيقو","nameEnglish":"SANTIAGO","isActive":true,"lastUpdated":"2022-06-02T00:14:05Z","sectors":null},{"id":743,"nameArabic":"وهدان","nameEnglish":"Wahdan","isActive":true,"lastUpdated":"2022-06-02T00:16:27Z","sectors":null},{"id":874,"nameArabic":"سفاجة","nameEnglish":"SAFAJAH","isActive":true,"lastUpdated":"2022-06-02T01:18:55Z","sectors":null},{"id":711,"nameArabic":"سراييفو","nameEnglish":"Sarajevo","isActive":true,"lastUpdated":"2022-06-02T01:18:55Z","sectors":null},{"id":958,"nameArabic":"ستراسبورغ","nameEnglish":"STRASBOURG","isActive":true,"lastUpdated":"2022-06-02T00:19:40Z","sectors":null},{"id":886,"nameArabic":"حراري","nameEnglish":"Harare","isActive":true,"lastUpdated":"2022-06-02T01:22:14Z","sectors":null},{"id":983,"nameArabic":"دمـشـق","nameEnglish":"DAMASCUS","isActive":true,"lastUpdated":null,"sectors":null},{"id":1060,"nameArabic":"دراشتين","nameEnglish":"DRACHTEN","isActive":true,"lastUpdated":"2022-06-02T00:19:41Z","sectors":null},{"id":1057,"nameArabic":"جاكرتا","nameEnglish":"JAKARTA","isActive":true,"lastUpdated":"2022-06-02T00:19:41Z","sectors":null},{"id":975,"nameArabic":"روما","nameEnglish":"ROMA C.A.","isActive":true,"lastUpdated":"2022-06-02T01:26:50Z","sectors":null},{"id":390021122,"nameArabic":"هيليسينكور","nameEnglish":"HELSINGOR","isActive":true,"lastUpdated":"2022-06-02T00:19:44Z","sectors":null},{"id":834,"nameArabic":"دوالا","nameEnglish":"DOUALA","isActive":true,"lastUpdated":"2022-06-02T00:24:56Z","sectors":null},{"id":32,"nameArabic":"تايبيه","nameEnglish":"taybeh","isActive":true,"lastUpdated":"2022-06-02T01:26:51Z","sectors":null},{"id":855,"nameArabic":"ستوتجارت","nameEnglish":"Stuttgart","isActive":true,"lastUpdated":"2022-06-02T01:37:49Z","sectors":null},{"id":782,"nameArabic":"زهدان","nameEnglish":"Zahedan","isActive":true,"lastUpdated":"2022-06-02T00:31:02Z","sectors":null},{"id":1047,"nameArabic":"جوتيبورغ","nameEnglish":"GOTEBORG","isActive":true,"lastUpdated":"2022-06-02T01:22:05Z","sectors":null},{"id":848,"nameArabic":"دوسلفورت","nameEnglish":"Dusseldorf","isActive":true,"lastUpdated":"2022-06-02T00:25:27Z","sectors":null},{"id":961,"nameArabic":"سانتا فيه","nameEnglish":"SANTA FEE","isActive":true,"lastUpdated":"2022-06-02T01:32:30Z","sectors":null},{"id":796,"nameArabic":"ديار بكر","nameEnglish":"Diyarbakir","isActive":true,"lastUpdated":"2022-06-02T00:31:03Z","sectors":null},{"id":825,"nameArabic":"دوشنبه","nameEnglish":"DUSHANBE","isActive":true,"lastUpdated":"2022-06-02T00:31:03Z","sectors":null},{"id":1017,"nameArabic":"جوا","nameEnglish":"GOA","isActive":true,"lastUpdated":"2022-06-02T01:37:49Z","sectors":null},{"id":944,"nameArabic":"تيدجكيجا","nameEnglish":"TIDJIKJA","isActive":true,"lastUpdated":"2022-06-02T00:31:14Z","sectors":null},{"id":977,"nameArabic":"راس الخيمة","nameEnglish":"RAS AL KHAIMAH","isActive":true,"lastUpdated":"2022-06-02T01:32:30Z","sectors":null},{"id":843,"nameArabic":"سكوتو","nameEnglish":"SOKOTO","isActive":true,"lastUpdated":"2022-06-02T01:37:02Z","sectors":null},{"id":27,"nameArabic":"روما","nameEnglish":"Rome","isActive":true,"lastUpdated":"2022-06-02T01:37:02Z","sectors":null},{"id":817,"nameArabic":"حيدر اباد","nameEnglish":"Hyderabad","isActive":true,"lastUpdated":"2022-06-02T01:37:04Z","sectors":null},{"id":984,"nameArabic":"ســيول","nameEnglish":"SEOUL","isActive":true,"lastUpdated":"2022-06-02T00:37:29Z","sectors":null},{"id":974,"nameArabic":"جنوة","nameEnglish":"GENOVA","isActive":true,"lastUpdated":"2022-06-02T00:37:42Z","sectors":null},{"id":808,"nameArabic":"جوهاربارو","nameEnglish":"Joharparo","isActive":true,"lastUpdated":"2022-06-02T01:11:55Z","sectors":null},{"id":781,"nameArabic":"تبريز","nameEnglish":"Tabriz","isActive":true,"lastUpdated":"2022-06-02T01:37:50Z","sectors":null},{"id":1079,"nameArabic":"دبي وورلد سنترال","nameEnglish":"Dubai World Central","isActive":true,"lastUpdated":"2022-06-02T00:35:02Z","sectors":null},{"id":1075,"nameArabic":"تارب","nameEnglish":"Tarbes ","isActive":true,"lastUpdated":"2022-06-02T01:31:16Z","sectors":null},{"id":864,"nameArabic":"زاباتوكا","nameEnglish":"Zapatoka","isActive":true,"lastUpdated":"2022-06-02T00:49:36Z","sectors":null},{"id":1099,"nameArabic":"بارسو داجات","nameEnglish":"Barstow Daggett","isActive":true,"lastUpdated":"2022-06-02T01:03:22Z","sectors":null},{"id":870,"nameArabic":"جزر كان","nameEnglish":"Can island","isActive":true,"lastUpdated":"2022-06-02T00:49:37Z","sectors":null},{"id":1023,"nameArabic":"جايا","nameEnglish":"GAYA","isActive":true,"lastUpdated":"2022-06-02T00:49:38Z","sectors":null},{"id":727,"nameArabic":"حلب","nameEnglish":"Hlab","isActive":true,"lastUpdated":"2022-06-02T01:37:04Z","sectors":null},{"id":826,"nameArabic":"زنجبار","nameEnglish":"Zanzibar","isActive":true,"lastUpdated":"2022-06-02T00:55:28Z","sectors":null},{"id":1055,"nameArabic":"زغرب","nameEnglish":"ZAGREB","isActive":true,"lastUpdated":"2022-06-02T00:55:28Z","sectors":null},{"id":803,"nameArabic":"سامسون","nameEnglish":"SAMSUN","isActive":true,"lastUpdated":"2022-06-02T01:01:07Z","sectors":null},{"id":962,"nameArabic":"روما","nameEnglish":"ROMA L.D.F.A.","isActive":true,"lastUpdated":"2022-06-02T00:55:28Z","sectors":null},{"id":65,"nameArabic":"جيبوتي","nameEnglish":"Djibouti","isActive":true,"lastUpdated":"2022-06-02T01:01:10Z","sectors":null},{"id":126,"nameArabic":"جوهانسبرج","nameEnglish":"Johannesburg","isActive":true,"lastUpdated":"2022-06-02T01:01:19Z","sectors":null},{"id":1036,"nameArabic":"خوخند","nameEnglish":"Khujand","isActive":true,"lastUpdated":"2022-06-02T01:37:04Z","sectors":null},{"id":1024,"nameArabic":"رانشي","nameEnglish":"RANCHI","isActive":true,"lastUpdated":"2022-06-02T01:11:48Z","sectors":null},{"id":991,"nameArabic":"جرجان","nameEnglish":"GORGAN","isActive":true,"lastUpdated":"2022-06-02T01:16:45Z","sectors":null},{"id":797,"nameArabic":"دالامان","nameEnglish":"DALAMAN","isActive":true,"lastUpdated":"2022-06-02T01:32:31Z","sectors":null},{"id":876,"nameArabic":"دبلن","nameEnglish":"dublin","isActive":true,"lastUpdated":"2022-06-02T01:32:31Z","sectors":null},{"id":1069,"nameArabic":"تسيلينوكراد","nameEnglish":"TSELINOGRAD","isActive":true,"lastUpdated":"2022-06-02T01:32:31Z","sectors":null},{"id":58,"nameArabic":"دبي","nameEnglish":"Dubai","isActive":true,"lastUpdated":"2022-06-02T01:16:53Z","sectors":null},{"id":1032,"nameArabic":"خانيا","nameEnglish":"Chania","isActive":true,"lastUpdated":"2022-06-02T01:16:53Z","sectors":null},{"id":390021227,"nameArabic":"بدر","nameEnglish":"Bader","isActive":true,"lastUpdated":"2019-07-14T11:09:19Z","sectors":null},{"id":1014,"nameArabic":"يو اف أه","nameEnglish":"UFA","isActive":true,"lastUpdated":"2022-06-02T00:14:08Z","sectors":null},{"id":28,"nameArabic":"هيوستن","nameEnglish":"Huston","isActive":true,"lastUpdated":"2022-06-02T01:22:07Z","sectors":null},{"id":78,"nameArabic":"داكار","nameEnglish":"Dakar","isActive":true,"lastUpdated":"2022-06-02T01:19:35Z","sectors":null},{"id":1080,"nameArabic":"مطار لندن لوتون","nameEnglish":"London Luton Airport","isActive":true,"lastUpdated":"2022-06-02T00:17:38Z","sectors":null},{"id":1039,"nameArabic":"ياي","nameEnglish":"Yei","isActive":true,"lastUpdated":"2022-06-02T01:32:40Z","sectors":null},{"id":970,"nameArabic":"هتاي","nameEnglish":"HATAY","isActive":true,"lastUpdated":"2022-06-02T01:22:07Z","sectors":null},{"id":769,"nameArabic":"ميدان","nameEnglish":"medan","isActive":true,"lastUpdated":"2022-06-02T01:07:00Z","sectors":null},{"id":73,"nameArabic":"نيروبي","nameEnglish":"Nairobi","isActive":true,"lastUpdated":"2022-06-02T01:22:07Z","sectors":null},{"id":59,"nameArabic":"مسقط","nameEnglish":"Masqat","isActive":true,"lastUpdated":"2022-06-02T00:24:58Z","sectors":null},{"id":996,"nameArabic":"ناميلا","nameEnglish":"NAMLEA","isActive":true,"lastUpdated":"2022-06-02T01:14:20Z","sectors":null},{"id":1020,"nameArabic":"ناك بور","nameEnglish":"NAGPUR","isActive":true,"lastUpdated":"2022-06-02T01:22:08Z","sectors":null},{"id":867,"nameArabic":"هاتيي","nameEnglish":"HAT YAE","isActive":true,"lastUpdated":"2022-06-02T01:16:46Z","sectors":null},{"id":879,"nameArabic":"هانوي","nameEnglish":"HANOI","isActive":true,"lastUpdated":"2022-06-02T00:26:18Z","sectors":null},{"id":969,"nameArabic":"موس ","nameEnglish":"MUS","isActive":true,"lastUpdated":"2022-06-02T00:31:16Z","sectors":null},{"id":857,"nameArabic":"نايس","nameEnglish":"NICE","isActive":true,"lastUpdated":"2022-06-02T01:11:58Z","sectors":null},{"id":751,"nameArabic":"مسراته","nameEnglish":"Misrata","isActive":true,"lastUpdated":"2022-06-02T01:29:52Z","sectors":null},{"id":717,"nameArabic":"وارسو","nameEnglish":"Warsaw","isActive":true,"lastUpdated":"2022-06-02T00:37:31Z","sectors":null},{"id":1078,"nameArabic":"ميلاس-بودروم","nameEnglish":"Milas-Bodrum","isActive":true,"lastUpdated":"2022-06-02T00:35:01Z","sectors":null},{"id":1054,"nameArabic":"ميامي","nameEnglish":"MIAMI","isActive":true,"lastUpdated":"2022-06-02T01:22:24Z","sectors":null},{"id":1076,"nameArabic":"معتيقية","nameEnglish":"Mitiga","isActive":true,"lastUpdated":"2022-06-02T01:26:22Z","sectors":null},{"id":948,"nameArabic":"ميتز نانسي لورايني","nameEnglish":"METZ-NANCY-LORRAINE","isActive":true,"lastUpdated":"2022-06-02T01:26:51Z","sectors":null},{"id":992,"nameArabic":"منغالور","nameEnglish":"MANGALORE","isActive":true,"lastUpdated":"2022-06-02T01:26:51Z","sectors":null},{"id":762,"nameArabic":"ورزازات","nameEnglish":"Ouarzazate","isActive":true,"lastUpdated":"2022-06-02T01:37:04Z","sectors":null},{"id":954,"nameArabic":"مونبلييه","nameEnglish":"MONTPELLIER","isActive":true,"lastUpdated":"2022-06-02T00:37:32Z","sectors":null},{"id":1077,"nameArabic":"مطار موسكو الدولي","nameEnglish":"Vnukovo International Airport","isActive":true,"lastUpdated":"2022-06-02T01:31:16Z","sectors":null},{"id":851,"nameArabic":"هانوفر","nameEnglish":"Hanover","isActive":true,"lastUpdated":"2022-06-02T01:37:05Z","sectors":null},{"id":68,"nameArabic":"نيويورك","nameEnglish":"New York","isActive":true,"lastUpdated":"2022-06-02T01:37:06Z","sectors":null},{"id":802,"nameArabic":"نيفيشهر","nameEnglish":"NEVSHIR","isActive":true,"lastUpdated":"2022-06-02T01:37:06Z","sectors":null},{"id":853,"nameArabic":"ميونخ","nameEnglish":"Munich","isActive":true,"lastUpdated":"2022-06-02T01:01:41Z","sectors":null},{"id":2,"nameArabic":"ياوندي","nameEnglish":"Yaounde","isActive":true,"lastUpdated":"2022-07-25T22:29:49Z","sectors":null},{"id":1009,"nameArabic":"مينيرالني فودي","nameEnglish":"MINERALNYE VODY","isActive":true,"lastUpdated":"2022-06-02T01:37:07Z","sectors":null},{"id":1061,"nameArabic":"موباسا","nameEnglish":"MOMBASA","isActive":true,"lastUpdated":"2022-06-02T01:09:23Z","sectors":null},{"id":1062,"nameArabic":"موروني","nameEnglish":"MORONI","isActive":true,"lastUpdated":"2022-06-02T00:43:08Z","sectors":null},{"id":1073,"nameArabic":"مطار نيكوس كازانتزاكيس","nameEnglish":"Nikos Kazantzakis Airport","isActive":true,"lastUpdated":"2022-06-02T00:54:20Z","sectors":null},{"id":1066,"nameArabic":"ناراتيوات","nameEnglish":"NARATHIWAT","isActive":true,"lastUpdated":"2022-06-02T00:49:47Z","sectors":null},{"id":1041,"nameArabic":"مطار بغداد","nameEnglish":"Baghdad Airport","isActive":true,"lastUpdated":"2022-06-02T00:55:41Z","sectors":null},{"id":841,"nameArabic":"نغاونديري","nameEnglish":"NGAOUNDERE","isActive":true,"lastUpdated":"2022-06-02T01:01:12Z","sectors":null},{"id":1040,"nameArabic":"ميـنــا","nameEnglish":"MINNA","isActive":true,"lastUpdated":"2022-06-02T01:01:13Z","sectors":null},{"id":933,"nameArabic":"نيوكاسل","nameEnglish":"NEWCASTLE","isActive":true,"lastUpdated":"2022-06-02T01:16:46Z","sectors":null},{"id":11,"nameArabic":"نواكشوط","nameEnglish":"Nouakchott","isActive":true,"lastUpdated":"2022-06-02T01:06:15Z","sectors":null},{"id":934,"nameArabic":"ميدلاند","nameEnglish":"EAST MIDLANDS","isActive":true,"lastUpdated":"2022-06-02T01:01:13Z","sectors":null},{"id":98,"nameArabic":"ملقا","nameEnglish":"Malaga","isActive":true,"lastUpdated":"2022-06-02T01:01:14Z","sectors":null},{"id":957,"nameArabic":"نانت","nameEnglish":"NANTES","isActive":true,"lastUpdated":"2022-06-02T01:06:16Z","sectors":null},{"id":742,"nameArabic":"وارجلة","nameEnglish":"Warjlah","isActive":true,"lastUpdated":"2022-06-02T01:11:57Z","sectors":null},{"id":967,"nameArabic":"مطار سانليو أورفا","nameEnglish":"SANLIURFA AIRPORT TURKEY","isActive":true,"lastUpdated":"2022-06-02T01:06:16Z","sectors":null},{"id":70,"nameArabic":"نيودلهي","nameEnglish":"New Delhi","isActive":true,"lastUpdated":"2022-06-02T01:11:58Z","sectors":null},{"id":973,"nameArabic":"ميلانو","nameEnglish":"MILANO","isActive":true,"lastUpdated":"2022-06-02T01:16:46Z","sectors":null},{"id":734,"nameArabic":"موناستير","nameEnglish":"Monastir","isActive":true,"lastUpdated":"2022-06-02T01:12:00Z","sectors":null},{"id":1052,"nameArabic":"نيويورك","nameEnglish":"NEW YORK","isActive":true,"lastUpdated":"2022-06-02T01:17:12Z","sectors":null},{"id":1058,"nameArabic":"كينجداو","nameEnglish":"QINGDAO","isActive":true,"lastUpdated":"2022-06-02T01:22:14Z","sectors":null},{"id":884,"nameArabic":"البحيرة","nameEnglish":"AL BUHIRAH","isActive":true,"lastUpdated":"2022-06-02T01:26:53Z","sectors":null},{"id":873,"nameArabic":"مابوتو","nameEnglish":"Maputo","isActive":true,"lastUpdated":"2022-06-02T01:26:53Z","sectors":null},{"id":840,"nameArabic":"مدغوري","nameEnglish":"Mdgora","isActive":true,"lastUpdated":"2022-06-02T01:06:16Z","sectors":null},{"id":127,"nameArabic":"ليبرفيل","nameEnglish":"Libreville","isActive":true,"lastUpdated":"2022-06-02T00:19:56Z","sectors":null},{"id":51,"nameArabic":"اسطنبول","nameEnglish":"Istanbul","isActive":true,"lastUpdated":"2022-06-02T01:26:54Z","sectors":null},{"id":976,"nameArabic":"الأردن","nameEnglish":"AMMAN","isActive":true,"lastUpdated":"2022-06-02T00:25:00Z","sectors":null},{"id":798,"nameArabic":"ارضروم","nameEnglish":"ERZURUM","isActive":true,"lastUpdated":"2022-06-02T01:32:03Z","sectors":null},{"id":931,"nameArabic":"لندن","nameEnglish":"LONDON","isActive":true,"lastUpdated":null,"sectors":null},{"id":390021228,"nameArabic":"مالابو","nameEnglish":"Malabo","isActive":true,"lastUpdated":"2022-06-12T22:52:03Z","sectors":null},{"id":754,"nameArabic":"اسوان","nameEnglish":"Aswan","isActive":true,"lastUpdated":"2022-06-02T00:31:20Z","sectors":null},{"id":772,"nameArabic":"احواز","nameEnglish":"Ahvaz","isActive":true,"lastUpdated":"2022-06-02T01:26:55Z","sectors":null},{"id":42,"nameArabic":"استكهولم","nameEnglish":"Stockholm","isActive":true,"lastUpdated":"2022-06-02T01:26:56Z","sectors":null},{"id":812,"nameArabic":"احمد اباد","nameEnglish":"Ahmedabad","isActive":true,"lastUpdated":"2022-06-02T01:26:56Z","sectors":null},{"id":831,"nameArabic":"ابيدجان","nameEnglish":"Abidjan","isActive":true,"lastUpdated":"2022-06-02T00:31:20Z","sectors":null},{"id":865,"nameArabic":"لومي","nameEnglish":"Lome","isActive":true,"lastUpdated":"2022-06-02T01:27:28Z","sectors":null},{"id":46,"nameArabic":"اثينا","nameEnglish":"Athens","isActive":true,"lastUpdated":"2022-06-02T00:37:21Z","sectors":null},{"id":932,"nameArabic":"ليدز برادفورد","nameEnglish":"LEEDS AND BRADFORD","isActive":true,"lastUpdated":"2022-06-02T01:29:20Z","sectors":null},{"id":1072,"nameArabic":"مايوت","nameEnglish":"Dzaoudzi Pamandzi","isActive":true,"lastUpdated":"2022-06-02T01:31:13Z","sectors":null},{"id":763,"nameArabic":"مراكش","nameEnglish":"Marrakech","isActive":true,"lastUpdated":"2022-06-02T01:32:01Z","sectors":null},{"id":800,"nameArabic":"مدينة اسبارتا","nameEnglish":"ISPARTA CITY","isActive":true,"lastUpdated":"2022-06-02T01:32:02Z","sectors":null},{"id":966,"nameArabic":"الأزيغ","nameEnglish":"ELAZIG","isActive":true,"lastUpdated":"2022-06-02T01:32:03Z","sectors":null},{"id":818,"nameArabic":"مدراس","nameEnglish":"Madras","isActive":true,"lastUpdated":"2022-06-02T01:16:58Z","sectors":null},{"id":30,"nameArabic":"اكرا","nameEnglish":"Accra","isActive":true,"lastUpdated":"2022-06-02T01:32:03Z","sectors":null},{"id":791,"nameArabic":"كيويتا","nameEnglish":"Kujia","isActive":true,"lastUpdated":"2022-06-02T00:43:09Z","sectors":null},{"id":1048,"nameArabic":"لواندا","nameEnglish":"LUANDA","isActive":true,"lastUpdated":"2022-06-02T00:43:09Z","sectors":null},{"id":75,"nameArabic":"الاسكندرية","nameEnglish":"Alexandria","isActive":true,"lastUpdated":"2022-06-02T01:11:48Z","sectors":null},{"id":963,"nameArabic":"مالطية","nameEnglish":"MALATYA","isActive":true,"lastUpdated":"2022-06-02T01:12:04Z","sectors":null},{"id":1043,"nameArabic":"كيرسون","nameEnglish":"Kherson","isActive":true,"lastUpdated":"2022-06-02T01:12:06Z","sectors":null},{"id":847,"nameArabic":"كولون","nameEnglish":"Kowloon","isActive":true,"lastUpdated":"2022-06-02T01:06:18Z","sectors":null},{"id":29,"nameArabic":"الجزائر","nameEnglish":"Algeria","isActive":true,"lastUpdated":"2022-06-02T01:00:55Z","sectors":null},{"id":792,"nameArabic":"اظنا","nameEnglish":"Azna","isActive":true,"lastUpdated":"2022-06-02T01:00:55Z","sectors":null},{"id":830,"nameArabic":"كوتونو","nameEnglish":"Cotonou","isActive":true,"lastUpdated":"2022-06-02T01:01:17Z","sectors":null},{"id":54,"nameArabic":"مانيلا","nameEnglish":"Manila","isActive":true,"lastUpdated":"2022-06-02T00:49:48Z","sectors":null},{"id":390021229,"nameArabic":"قارو","nameEnglish":"Garowe","isActive":true,"lastUpdated":"2022-08-01T20:08:39Z","sectors":null},{"id":806,"nameArabic":"صبيحه","nameEnglish":"Sabiha","isActive":true,"lastUpdated":"2022-06-02T00:49:50Z","sectors":null},{"id":1008,"nameArabic":"ماكهاشكا","nameEnglish":"MAKHACHKALA","isActive":true,"lastUpdated":"2022-06-02T01:12:16Z","sectors":null},{"id":938,"nameArabic":"اقصر","nameEnglish":"LUXOR","isActive":true,"lastUpdated":"2022-06-02T00:49:50Z","sectors":null},{"id":38,"nameArabic":"لاهاي","nameEnglish":"The Hague","isActive":true,"lastUpdated":"2022-06-02T01:16:26Z","sectors":null},{"id":744,"nameArabic":"ادرار","nameEnglish":"ADRAR","isActive":true,"lastUpdated":"2022-06-02T01:16:26Z","sectors":null},{"id":3,"nameArabic":"اسلام اباد","nameEnglish":"Islamabad","isActive":true,"lastUpdated":"2022-06-02T01:16:26Z","sectors":null},{"id":21,"nameArabic":"مدريد","nameEnglish":"Madrid","isActive":true,"lastUpdated":"2022-06-02T01:16:47Z","sectors":null},{"id":755,"nameArabic":"اسيوط","nameEnglish":"Assiut","isActive":true,"lastUpdated":"2022-06-02T01:07:19Z","sectors":null},{"id":774,"nameArabic":"ليزراباس","nameEnglish":"Lezrabass","isActive":true,"lastUpdated":"2022-06-02T01:16:48Z","sectors":null},{"id":110,"nameArabic":"لاهور","nameEnglish":"Lahore","isActive":true,"lastUpdated":"2022-06-02T01:12:04Z","sectors":null},{"id":793,"nameArabic":"ازمير","nameEnglish":"Izmir","isActive":true,"lastUpdated":"2022-06-02T01:16:58Z","sectors":null},{"id":878,"nameArabic":"كييف","nameEnglish":"KIEV","isActive":true,"lastUpdated":"2022-06-02T01:17:12Z","sectors":null},{"id":998,"nameArabic":"بالمبانج","nameEnglish":"PALEMBANG","isActive":true,"lastUpdated":"2022-06-02T01:11:51Z","sectors":null},{"id":875,"nameArabic":"بورت لويس","nameEnglish":"Port Lowey's","isActive":true,"lastUpdated":"2022-06-02T00:20:01Z","sectors":null},{"id":1000,"nameArabic":"بانجارماسين ","nameEnglish":"BANJARMASIN","isActive":true,"lastUpdated":"2022-06-02T01:21:31Z","sectors":null},{"id":813,"nameArabic":"بانغلور","nameEnglish":"Bangalore","isActive":true,"lastUpdated":"2022-06-02T01:07:05Z","sectors":null},{"id":76,"nameArabic":"بانكوك","nameEnglish":"Bangkok","isActive":true,"lastUpdated":"2022-06-02T00:53:06Z","sectors":null},{"id":929,"nameArabic":" مانشيستر","nameEnglish":"MANCHESTER","isActive":true,"lastUpdated":"2022-06-02T00:31:21Z","sectors":null},{"id":872,"nameArabic":"برجتاون","nameEnglish":"Bridgetown","isActive":true,"lastUpdated":"2022-06-02T01:16:28Z","sectors":null},{"id":833,"nameArabic":"اوقا دوقو","nameEnglish":"Ouagadougo","isActive":true,"lastUpdated":"2022-06-02T01:21:33Z","sectors":null},{"id":17,"nameArabic":"بيرن","nameEnglish":"Bern","isActive":true,"lastUpdated":"2022-06-02T01:26:57Z","sectors":null},{"id":888,"nameArabic":"بشكيك","nameEnglish":"Bishkek","isActive":true,"lastUpdated":"2022-06-02T01:00:41Z","sectors":null},{"id":718,"nameArabic":"براغ","nameEnglish":"Prague","isActive":true,"lastUpdated":"2022-06-02T01:16:28Z","sectors":null},{"id":1016,"nameArabic":"بهوبال","nameEnglish":"BHOPAL","isActive":true,"lastUpdated":"2022-06-02T01:21:50Z","sectors":null},{"id":768,"nameArabic":"بانده اسيا","nameEnglish":"Bande Asia","isActive":true,"lastUpdated":"2022-06-02T01:21:52Z","sectors":null},{"id":749,"nameArabic":"بنغازي","nameEnglish":"Benghazi","isActive":true,"lastUpdated":"2022-06-02T01:22:24Z","sectors":null},{"id":1018,"nameArabic":"أندور","nameEnglish":"INDORE","isActive":true,"lastUpdated":"2022-06-02T01:26:56Z","sectors":null},{"id":97,"nameArabic":"باريس","nameEnglish":"Paris","isActive":true,"lastUpdated":"2022-06-02T01:27:29Z","sectors":null},{"id":869,"nameArabic":"بيجينج","nameEnglish":"BEIJING","isActive":true,"lastUpdated":"2022-06-02T00:37:21Z","sectors":null},{"id":702,"nameArabic":"ابوجا","nameEnglish":"ABUJA","isActive":true,"lastUpdated":"2022-06-02T01:32:05Z","sectors":null},{"id":1027,"nameArabic":"فاراناسي","nameEnglish":"VARANASI","isActive":true,"lastUpdated":"2022-06-02T01:32:05Z","sectors":null},{"id":827,"nameArabic":"بنجول","nameEnglish":"benjol","isActive":true,"lastUpdated":"2022-06-02T00:43:28Z","sectors":null},{"id":863,"nameArabic":"بياتي","nameEnglish":"Piatti","isActive":true,"lastUpdated":"2022-06-02T01:32:05Z","sectors":null},{"id":882,"nameArabic":"بوخارست","nameEnglish":"BUCHAREST","isActive":true,"lastUpdated":"2022-06-02T01:32:06Z","sectors":null},{"id":63,"nameArabic":"بغداد","nameEnglish":"Baghdad","isActive":true,"lastUpdated":"2022-06-02T00:43:10Z","sectors":null},{"id":124,"nameArabic":"بيشاور","nameEnglish":"Peshawar","isActive":true,"lastUpdated":"2022-06-02T00:43:10Z","sectors":null},{"id":1050,"nameArabic":"باريس","nameEnglish":"PARIS","isActive":true,"lastUpdated":"2022-06-02T00:43:12Z","sectors":null},{"id":928,"nameArabic":" برمنجهام","nameEnglish":"BIRMINGHAM","isActive":true,"lastUpdated":"2022-06-02T01:01:21Z","sectors":null},{"id":946,"nameArabic":"بوردو","nameEnglish":"BORDEAUX","isActive":true,"lastUpdated":"2022-06-02T01:37:09Z","sectors":null},{"id":968,"nameArabic":"باتمان","nameEnglish":"BATMAN","isActive":true,"lastUpdated":"2022-06-02T01:11:52Z","sectors":null},{"id":747,"nameArabic":"بربيرا","nameEnglish":"Berbiera","isActive":true,"lastUpdated":"2022-06-02T01:32:07Z","sectors":null},{"id":1011,"nameArabic":"بخارى","nameEnglish":"BUKHARA","isActive":true,"lastUpdated":"2022-06-02T01:32:07Z","sectors":null},{"id":1053,"nameArabic":"اورلاندو","nameEnglish":"ORLANDO","isActive":true,"lastUpdated":"2022-06-02T01:11:20Z","sectors":null},{"id":779,"nameArabic":"سداي","nameEnglish":"Sdaa","isActive":true,"lastUpdated":"2022-06-02T01:32:37Z","sectors":null},{"id":705,"nameArabic":"برلين","nameEnglish":"Berlin","isActive":true,"lastUpdated":"2022-06-02T01:37:09Z","sectors":null},{"id":930,"nameArabic":" بيمبريدج","nameEnglish":"BEMBRIDGE","isActive":true,"lastUpdated":"2022-06-02T00:49:50Z","sectors":null},{"id":94,"nameArabic":"باماكو","nameEnglish":"Bamako","isActive":true,"lastUpdated":"2022-06-02T00:55:47Z","sectors":null},{"id":83,"nameArabic":"برازيليا","nameEnglish":"Brasilia","isActive":true,"lastUpdated":"2022-06-02T00:49:52Z","sectors":null},{"id":1015,"nameArabic":"أيورنقباد","nameEnglish":"AURANGABAD","isActive":true,"lastUpdated":"2022-06-02T01:32:48Z","sectors":null},{"id":945,"nameArabic":"بانغي","nameEnglish":"BANGUI","isActive":true,"lastUpdated":"2022-06-02T00:49:53Z","sectors":null},{"id":784,"nameArabic":"اورمييه","nameEnglish":"URMIEH","isActive":true,"lastUpdated":"2022-06-02T00:49:53Z","sectors":null},{"id":771,"nameArabic":"بالك بابن","nameEnglish":"Bulk Baben","isActive":true,"lastUpdated":"2022-06-02T00:56:02Z","sectors":null},{"id":767,"nameArabic":"باتام","nameEnglish":"Batam","isActive":true,"lastUpdated":"2022-06-02T01:11:20Z","sectors":null},{"id":980,"nameArabic":"باكستان","nameEnglish":"SAILKOT PAKISTAN","isActive":true,"lastUpdated":"2022-06-02T01:37:12Z","sectors":null},{"id":1035,"nameArabic":"باكو","nameEnglish":"Baku","isActive":true,"lastUpdated":"2022-06-02T01:01:26Z","sectors":null},{"id":1044,"nameArabic":"بومان","nameEnglish":"Bowman","isActive":true,"lastUpdated":"2022-06-02T01:06:19Z","sectors":null},{"id":1007,"nameArabic":"أوش ","nameEnglish":"OSH","isActive":true,"lastUpdated":"2022-06-02T01:06:19Z","sectors":null},{"id":997,"nameArabic":"بادانغ","nameEnglish":"PADANG","isActive":true,"lastUpdated":"2022-06-02T01:14:14Z","sectors":null},{"id":701,"nameArabic":"أسمرة","nameEnglish":"Asmara","isActive":true,"lastUpdated":"2022-06-02T01:16:27Z","sectors":null},{"id":390021230,"nameArabic":"نوكوس","nameEnglish":"Nukus","isActive":true,"lastUpdated":"2022-08-01T20:10:11Z","sectors":null},{"id":972,"nameArabic":"بريشتينا","nameEnglish":"PRISTINA","isActive":true,"lastUpdated":"2022-06-02T01:17:23Z","sectors":null},{"id":50,"nameArabic":"الدوحة","nameEnglish":"Doha","isActive":true,"lastUpdated":"2022-06-02T01:21:33Z","sectors":null},{"id":390021231,"nameArabic":"رنيه","nameEnglish":"Ranyah","isActive":true,"lastUpdated":"2019-07-14T11:09:19Z","sectors":null},{"id":1021,"nameArabic":"الونج","nameEnglish":"ALONG","isActive":true,"lastUpdated":"2022-06-02T00:55:47Z","sectors":null},{"id":1127,"nameArabic":"انديجان","nameEnglish":"Andijan ","isActive":true,"lastUpdated":"2022-06-02T01:27:05Z","sectors":null},{"id":86,"nameArabic":"المنامة","nameEnglish":"Manama","isActive":true,"lastUpdated":"2022-06-02T00:57:58Z","sectors":null},{"id":390021156,"nameArabic":"أنفرس","nameEnglish":"ANVERS","isActive":true,"lastUpdated":"2022-06-02T01:21:33Z","sectors":null},{"id":390021166,"nameArabic":"فيتشنزا","nameEnglish":"VICENZA","isActive":true,"lastUpdated":"2022-06-02T01:21:33Z","sectors":null},{"id":1084,"nameArabic":"شانتو","nameEnglish":"Shantou","isActive":true,"lastUpdated":"2022-06-02T00:19:43Z","sectors":null},{"id":10,"nameArabic":"الكويت","nameEnglish":"Kuwait","isActive":true,"lastUpdated":"2022-06-02T00:20:06Z","sectors":null},{"id":837,"nameArabic":"الورين","nameEnglish":"ILORIN","isActive":true,"lastUpdated":"2022-06-02T01:37:14Z","sectors":null},{"id":728,"nameArabic":"اللاذقية","nameEnglish":"Lattakia","isActive":true,"lastUpdated":"2022-06-02T01:22:14Z","sectors":null},{"id":390021171,"nameArabic":"صوفيا","nameEnglish":"SOFIA","isActive":true,"lastUpdated":"2022-06-02T01:06:21Z","sectors":null},{"id":390021174,"nameArabic":"بريشتينا","nameEnglish":"PRISTINA","isActive":true,"lastUpdated":"2022-06-02T00:25:01Z","sectors":null},{"id":390001125,"nameArabic":"أرجنتوي","nameEnglish":"Argenteuil","isActive":true,"lastUpdated":"2022-06-02T00:25:02Z","sectors":null},{"id":390021163,"nameArabic":"بريشا","nameEnglish":"BRESCIA","isActive":true,"lastUpdated":"2022-06-02T01:22:14Z","sectors":null},{"id":724,"nameArabic":"العين","nameEnglish":"AL-ain","isActive":true,"lastUpdated":"2022-06-02T00:31:24Z","sectors":null},{"id":390021165,"nameArabic":"ريميني","nameEnglish":"RIMINI","isActive":true,"lastUpdated":"2022-06-02T01:32:09Z","sectors":null},{"id":1132,"nameArabic":"جيمبو","nameEnglish":"Gimpo ","isActive":true,"lastUpdated":"2022-06-02T01:16:30Z","sectors":null},{"id":1068,"nameArabic":"الماتا","nameEnglish":"ALMA-ATA","isActive":true,"lastUpdated":"2022-06-02T01:24:46Z","sectors":null},{"id":1082,"nameArabic":"أنا","nameEnglish":"ANAA","isActive":true,"lastUpdated":"2022-06-02T00:36:45Z","sectors":null},{"id":390021093,"nameArabic":"كرولي","nameEnglish":"Crawley","isActive":true,"lastUpdated":null,"sectors":null},{"id":390021090,"nameArabic":"نوتنغهام","nameEnglish":"Nottingham","isActive":true,"lastUpdated":null,"sectors":null},{"id":390021095,"nameArabic":"ان اربور","nameEnglish":"Ann Arbor","isActive":true,"lastUpdated":null,"sectors":null},{"id":93,"nameArabic":"انقره","nameEnglish":"Ankara","isActive":true,"lastUpdated":"2022-06-02T01:26:57Z","sectors":null},{"id":1067,"nameArabic":"الور ستار","nameEnglish":"ALOR SETAR","isActive":true,"lastUpdated":"2022-06-02T00:49:53Z","sectors":null},{"id":1086,"nameArabic":"صعيد","nameEnglish":"Said","isActive":true,"lastUpdated":"2022-06-02T00:36:46Z","sectors":null},{"id":925,"nameArabic":"اليس سبرنج","nameEnglish":"ALICE SPRING","isActive":true,"lastUpdated":"2022-06-02T01:26:57Z","sectors":null},{"id":84,"nameArabic":"دكا","nameEnglish":"Dhaka","isActive":true,"lastUpdated":"2022-06-02T01:32:58Z","sectors":null},{"id":943,"nameArabic":"الحسيمة","nameEnglish":"AL HOCIEMA","isActive":true,"lastUpdated":"2022-06-02T00:49:55Z","sectors":null},{"id":881,"nameArabic":"العقبة","nameEnglish":"AL-AQABA","isActive":true,"lastUpdated":"2022-06-02T00:37:23Z","sectors":null},{"id":1129,"nameArabic":"سيدني","nameEnglish":"Sydney","isActive":true,"lastUpdated":"2022-06-02T01:00:43Z","sectors":null},{"id":48,"nameArabic":"القاهرة","nameEnglish":"Cairo","isActive":true,"lastUpdated":"2022-06-02T01:34:35Z","sectors":null},{"id":1085,"nameArabic":"بويرتو كابيزاس","nameEnglish":"Puerto Cabezas","isActive":true,"lastUpdated":"2022-06-02T00:37:59Z","sectors":null},{"id":390021173,"nameArabic":"رتردام","nameEnglish":"ROTTERDAM","isActive":true,"lastUpdated":"2022-06-02T01:27:05Z","sectors":null},{"id":1133,"nameArabic":"ليجي","nameEnglish":"Liege ","isActive":true,"lastUpdated":"2022-06-02T01:00:44Z","sectors":null},{"id":390021164,"nameArabic":"فيرونا","nameEnglish":"VERONA","isActive":true,"lastUpdated":"2022-06-02T00:49:56Z","sectors":null},{"id":56,"nameArabic":"الخرطوم","nameEnglish":"Alkhartom","isActive":true,"lastUpdated":"2022-06-02T01:11:20Z","sectors":null},{"id":390021176,"nameArabic":"فريزاي","nameEnglish":"FERIZAJ","isActive":true,"lastUpdated":"2022-06-02T00:49:56Z","sectors":null},{"id":390021091,"nameArabic":"ليستر","nameEnglish":"Leicester","isActive":true,"lastUpdated":"2022-06-02T01:16:30Z","sectors":null},{"id":390021088,"nameArabic":"بلاكبيرن","nameEnglish":"Blackburn","isActive":true,"lastUpdated":"2022-06-02T00:49:56Z","sectors":null},{"id":390021089,"nameArabic":"ويلتشير","nameEnglish":"Wiltshire","isActive":true,"lastUpdated":"2022-06-02T00:49:57Z","sectors":null},{"id":390021178,"nameArabic":"جوبا","nameEnglish":"Juba ","isActive":true,"lastUpdated":"2022-06-02T01:27:05Z","sectors":null},{"id":390021168,"nameArabic":"إيسين","nameEnglish":"ESSEN","isActive":true,"lastUpdated":"2022-06-02T00:55:52Z","sectors":null},{"id":1,"nameArabic":"الرباط","nameEnglish":"Rabat","isActive":true,"lastUpdated":"2022-06-02T01:32:08Z","sectors":null},{"id":1083,"nameArabic":"جرجانية","nameEnglish":"Urgench","isActive":true,"lastUpdated":"2022-06-02T00:56:38Z","sectors":null},{"id":390021170,"nameArabic":"لوتيز لباتش","nameEnglish":"LUTZELBACH","isActive":true,"lastUpdated":"2022-06-02T01:06:20Z","sectors":null},{"id":390021159,"nameArabic":"بروج","nameEnglish":"BRUGES","isActive":true,"lastUpdated":"2022-06-02T01:11:21Z","sectors":null},{"id":390021158,"nameArabic":"بيرنجين","nameEnglish":"BERINGEN","isActive":true,"lastUpdated":"2022-06-02T01:16:29Z","sectors":null},{"id":390021179,"nameArabic":"أنطاكية","nameEnglish":"Antioch","isActive":true,"lastUpdated":"2022-06-02T01:16:31Z","sectors":null},{"id":390021167,"nameArabic":"هامبورغ","nameEnglish":"HAMBURG ","isActive":true,"lastUpdated":"2022-06-02T01:37:15Z","sectors":null},{"id":1130,"nameArabic":"صوفيا","nameEnglish":"Sofia ","isActive":true,"lastUpdated":"2022-06-02T01:37:15Z","sectors":null},{"id":390021175,"nameArabic":"بريزرن","nameEnglish":"PRIZREN","isActive":true,"lastUpdated":"2022-06-02T01:37:15Z","sectors":null},{"id":1144,"nameArabic":"بيساو","nameEnglish":"Bissau","isActive":true,"lastUpdated":"2022-06-02T01:37:16Z","sectors":null},{"id":390011086,"nameArabic":" سانت ديني","nameEnglish":"Saint-Denis","isActive":true,"lastUpdated":"2022-06-02T01:11:21Z","sectors":null},{"id":1051,"nameArabic":"واشنطن","nameEnglish":"WASHINGTON","isActive":true,"lastUpdated":"2022-06-02T00:13:39Z","sectors":null},{"id":1107,"nameArabic":"كاتالاو","nameEnglish":"Catalao","isActive":true,"lastUpdated":"2022-06-02T01:32:56Z","sectors":null},{"id":390021151,"nameArabic":"مونتانا","nameEnglish":"Montana","isActive":true,"lastUpdated":"2022-06-02T01:21:36Z","sectors":null},{"id":390021116,"nameArabic":"رانس","nameEnglish":"Rance","isActive":true,"lastUpdated":"2022-06-02T01:27:06Z","sectors":null},{"id":390021138,"nameArabic":"برشلونة","nameEnglish":"BARCELONA","isActive":true,"lastUpdated":"2022-07-25T22:29:48Z","sectors":null},{"id":1092,"nameArabic":"هيريندين باي","nameEnglish":"Herendeen Bay","isActive":true,"lastUpdated":"2022-06-02T00:19:43Z","sectors":null},{"id":1097,"nameArabic":"إرزينكان","nameEnglish":"Erzincan","isActive":true,"lastUpdated":"2022-06-02T00:19:43Z","sectors":null},{"id":1094,"nameArabic":"همدان","nameEnglish":"Hamedan","isActive":true,"lastUpdated":"2022-06-02T00:25:03Z","sectors":null},{"id":1103,"nameArabic":"اسلامشهر","nameEnglish":" Islam mashhar","isActive":true,"lastUpdated":"2022-06-02T01:37:17Z","sectors":null},{"id":390021100,"nameArabic":"مونتريال","nameEnglish":"MONTREAL","isActive":true,"lastUpdated":"2022-06-02T00:25:04Z","sectors":null},{"id":390021113,"nameArabic":"ماها جانجا","nameEnglish":"MAHA GANGA","isActive":true,"lastUpdated":"2022-06-02T01:11:34Z","sectors":null},{"id":390021139,"nameArabic":"سان دييغو","nameEnglish":"SAN DIEGO","isActive":true,"lastUpdated":"2022-06-02T00:31:25Z","sectors":null},{"id":390021150,"nameArabic":"فرجينيا","nameEnglish":"Virginia ","isActive":true,"lastUpdated":"2022-06-02T00:55:31Z","sectors":null},{"id":390021115,"nameArabic":"أرجنتوي","nameEnglish":"ARGENTEUIL","isActive":true,"lastUpdated":null,"sectors":null},{"id":390021152,"nameArabic":"هيمبستيد","nameEnglish":"HEMPSTEAD","isActive":true,"lastUpdated":"2022-06-02T01:24:56Z","sectors":null},{"id":390021103,"nameArabic":"كسانثي","nameEnglish":"XANTHI","isActive":true,"lastUpdated":"2022-06-02T01:27:06Z","sectors":null},{"id":1089,"nameArabic":"مانسشون هاوس","nameEnglish":"Mansion House","isActive":true,"lastUpdated":"2022-06-02T00:55:53Z","sectors":null},{"id":390021135,"nameArabic":"واتفورد","nameEnglish":"WATFORD","isActive":true,"lastUpdated":"2022-06-02T01:27:07Z","sectors":null},{"id":390021127,"nameArabic":"بلاك بيرن","nameEnglish":"BLACKBURN","isActive":true,"lastUpdated":null,"sectors":null},{"id":390021128,"nameArabic":"سلاو","nameEnglish":"SLOUGH","isActive":true,"lastUpdated":null,"sectors":null},{"id":390021130,"nameArabic":"ليستر","nameEnglish":"LEICESTER","isActive":true,"lastUpdated":null,"sectors":null},{"id":1090,"nameArabic":"كوسري","nameEnglish":"Kosrae","isActive":true,"lastUpdated":"2022-06-02T01:00:44Z","sectors":null},{"id":1095,"nameArabic":"دين هاج","nameEnglish":"Den Haag","isActive":true,"lastUpdated":"2022-06-02T00:37:00Z","sectors":null},{"id":390021148,"nameArabic":"كاليفورنيا","nameEnglish":"California ","isActive":true,"lastUpdated":"2022-06-02T01:27:35Z","sectors":null},{"id":390021104,"nameArabic":"مالبورن","nameEnglish":"MELBOURNE","isActive":true,"lastUpdated":"2022-06-02T00:37:00Z","sectors":null},{"id":1088,"nameArabic":"زفير","nameEnglish":"Zafer","isActive":true,"lastUpdated":"2022-06-02T01:32:10Z","sectors":null},{"id":390021105,"nameArabic":"سيدني","nameEnglish":"SYDNEY","isActive":true,"lastUpdated":"2022-06-02T01:32:11Z","sectors":null},{"id":1104,"nameArabic":"سيينا","nameEnglish":"Siena","isActive":true,"lastUpdated":"2022-06-02T00:43:14Z","sectors":null},{"id":390021141,"nameArabic":"فولز تشيرش","nameEnglish":"Falls Church","isActive":true,"lastUpdated":"2022-06-02T00:49:58Z","sectors":null},{"id":667,"nameArabic":"أبوعريش","nameEnglish":"Abuarich","isActive":true,"lastUpdated":"2022-06-02T01:32:59Z","sectors":null},{"id":390021106,"nameArabic":"أرنكليف","nameEnglish":"ARNCLHFFE","isActive":true,"lastUpdated":"2022-06-02T00:43:15Z","sectors":null},{"id":390021120,"nameArabic":"ريميس","nameEnglish":"REIMS","isActive":true,"lastUpdated":"2022-06-02T01:16:31Z","sectors":null},{"id":390021109,"nameArabic":"سانت ديني","nameEnglish":"SAINT DENIS","isActive":true,"lastUpdated":"2022-06-02T00:43:16Z","sectors":null},{"id":614,"nameArabic":"جيزان","nameEnglish":"Jizan","isActive":true,"lastUpdated":"2022-06-02T01:33:13Z","sectors":null},{"id":390021121,"nameArabic":"تالانجي","nameEnglish":"TALANGE","isActive":true,"lastUpdated":"2022-06-02T01:16:33Z","sectors":null},{"id":390021107,"nameArabic":"فيكتوريا","nameEnglish":"VICTORIA","isActive":true,"lastUpdated":"2022-06-02T01:06:21Z","sectors":null},{"id":1109,"nameArabic":"شيشمارف","nameEnglish":"Shishmaref","isActive":true,"lastUpdated":"2022-06-02T01:37:18Z","sectors":null},{"id":390021110,"nameArabic":"نوفي بازار","nameEnglish":"NOVI PAZAR","isActive":true,"lastUpdated":"2022-06-02T01:37:18Z","sectors":null},{"id":390021108,"nameArabic":"كرايستشيرتش","nameEnglish":"CHRISTCHURCH","isActive":true,"lastUpdated":"2022-06-02T00:49:58Z","sectors":null},{"id":390021149,"nameArabic":"بوسطن","nameEnglish":"Boston","isActive":true,"lastUpdated":"2022-06-02T00:55:31Z","sectors":null},{"id":1093,"nameArabic":"هينزادا","nameEnglish":"Henzada","isActive":true,"lastUpdated":"2022-06-02T00:57:58Z","sectors":null},{"id":390021133,"nameArabic":"لوتون","nameEnglish":"LUTON","isActive":true,"lastUpdated":"2022-06-02T01:37:18Z","sectors":null},{"id":390021137,"nameArabic":"سرقسطة","nameEnglish":"ZARAGOZA","isActive":true,"lastUpdated":"2022-06-02T01:37:18Z","sectors":null},{"id":390021140,"nameArabic":"فورت","nameEnglish":"Fort ","isActive":true,"lastUpdated":"2022-06-02T01:37:19Z","sectors":null},{"id":390021101,"nameArabic":"أونتاريو","nameEnglish":"ONTARIO","isActive":true,"lastUpdated":"2022-06-02T01:09:26Z","sectors":null},{"id":1100,"nameArabic":"اسبانيا","nameEnglish":"Aspen","isActive":true,"lastUpdated":"2022-06-02T00:55:54Z","sectors":null},{"id":390021099,"nameArabic":"ميسيساغا","nameEnglish":"MISSISSAUGA","isActive":true,"lastUpdated":"2022-06-02T01:11:22Z","sectors":null},{"id":1108,"nameArabic":"تمنراست","nameEnglish":"Tamanrasset","isActive":true,"lastUpdated":"2022-06-02T01:11:21Z","sectors":null},{"id":1106,"nameArabic":"ساسكيلخ","nameEnglish":"Saskylakh ","isActive":true,"lastUpdated":"2022-06-02T00:55:54Z","sectors":null},{"id":390021131,"nameArabic":"نوتنغهام","nameEnglish":"NOTTINGHAM","isActive":true,"lastUpdated":"2022-06-02T00:55:55Z","sectors":null},{"id":1110,"nameArabic":"كومبو اليجر","nameEnglish":"Campo Alegre","isActive":true,"lastUpdated":"2022-06-02T01:06:21Z","sectors":null},{"id":390021111,"nameArabic":"كيغالي","nameEnglish":"KIGALI","isActive":true,"lastUpdated":"2022-06-02T01:11:33Z","sectors":null},{"id":390021136,"nameArabic":"ديوسبري","nameEnglish":"DEWSBURY","isActive":true,"lastUpdated":"2022-06-02T01:11:34Z","sectors":null},{"id":986,"nameArabic":"مزار شريف","nameEnglish":"MAZAR-I-SHARIF","isActive":true,"lastUpdated":"2022-06-02T00:13:39Z","sectors":null},{"id":390021187,"nameArabic":"كاتسينا","nameEnglish":"KATSINA","isActive":true,"lastUpdated":"2022-06-02T01:36:56Z","sectors":null},{"id":390021226,"nameArabic":"فانكوفير","nameEnglish":"Vancouver","isActive":true,"lastUpdated":"2022-06-02T01:22:17Z","sectors":null},{"id":390021189,"nameArabic":"كوتاهيا","nameEnglish":"Kutahya","isActive":true,"lastUpdated":"2022-06-02T01:27:07Z","sectors":null},{"id":390021193,"nameArabic":"بورصة","nameEnglish":"BURSA","isActive":true,"lastUpdated":"2022-06-02T01:21:39Z","sectors":null},{"id":3333,"nameArabic":"برازافيل","nameEnglish":"Brazzaville","isActive":true,"lastUpdated":"2022-06-02T00:19:45Z","sectors":null},{"id":1268,"nameArabic":"أكتاو","nameEnglish":"Aktau","isActive":true,"lastUpdated":"2022-06-02T00:19:45Z","sectors":null},{"id":390021195,"nameArabic":"كهرمان ماراس","nameEnglish":"KAHRAMANMARAS","isActive":true,"lastUpdated":null,"sectors":null},{"id":1146,"nameArabic":"برث ","nameEnglish":"Perth","isActive":true,"lastUpdated":"2022-06-02T00:19:45Z","sectors":null},{"id":390021182,"nameArabic":"باوتشي","nameEnglish":"BAUCHI","isActive":true,"lastUpdated":null,"sectors":null},{"id":3338,"nameArabic":"ليما","nameEnglish":"Lima","isActive":true,"lastUpdated":"2022-06-02T01:21:40Z","sectors":null},{"id":1225,"nameArabic":"اسكيشهر","nameEnglish":"Eskisehir","isActive":true,"lastUpdated":"2022-06-02T00:25:06Z","sectors":null},{"id":390021194,"nameArabic":"كهرمان ماراس","nameEnglish":"KAHRAMANMARAS","isActive":true,"lastUpdated":"2022-06-02T01:36:56Z","sectors":null},{"id":390021185,"nameArabic":"غومبي","nameEnglish":"GOMBE","isActive":true,"lastUpdated":"2022-06-02T00:25:09Z","sectors":null},{"id":1226,"nameArabic":"جيرسون","nameEnglish":"Giresun","isActive":true,"lastUpdated":"2022-06-02T01:06:59Z","sectors":null},{"id":390001145,"nameArabic":"عثمان ذقنة","nameEnglish":"Osman Thigna","isActive":true,"lastUpdated":"2022-06-02T01:37:19Z","sectors":null},{"id":1186,"nameArabic":"بنجول","nameEnglish":"Bingol","isActive":true,"lastUpdated":"2022-06-02T01:21:40Z","sectors":null},{"id":390021198,"nameArabic":"اروا","nameEnglish":"Aroa","isActive":true,"lastUpdated":"2022-06-02T01:32:41Z","sectors":null},{"id":390021213,"nameArabic":"كاستامون","nameEnglish":"Kastamonu ","isActive":true,"lastUpdated":"2022-06-02T00:25:12Z","sectors":null},{"id":390021201,"nameArabic":"كويندا","nameEnglish":"Cooinda","isActive":true,"lastUpdated":"2022-06-02T01:21:41Z","sectors":null},{"id":390021206,"nameArabic":"ديستار","nameEnglish":"Dysart","isActive":true,"lastUpdated":"2022-06-02T01:27:08Z","sectors":null},{"id":390021200,"nameArabic":"بايروث","nameEnglish":"Bayreuth","isActive":true,"lastUpdated":"2022-06-02T01:27:09Z","sectors":null},{"id":1207,"nameArabic":"تامال","nameEnglish":"Tamale","isActive":true,"lastUpdated":"2022-06-02T00:25:34Z","sectors":null},{"id":390021202,"nameArabic":"شيمكينت","nameEnglish":"Shymkent","isActive":true,"lastUpdated":null,"sectors":null},{"id":1167,"nameArabic":"تبليسي","nameEnglish":"Tbilisi","isActive":true,"lastUpdated":"2022-06-02T01:14:15Z","sectors":null},{"id":390021154,"nameArabic":"بورت أوف سبين","nameEnglish":"PORT OF SPAIN","isActive":true,"lastUpdated":"2022-06-02T01:12:11Z","sectors":null},{"id":390001086,"nameArabic":"غابوروني","nameEnglish":"Gaborone","isActive":true,"lastUpdated":"2022-06-02T00:55:31Z","sectors":null},{"id":390021192,"nameArabic":"جواهاتي","nameEnglish":"Guwahati ","isActive":true,"lastUpdated":"2022-06-02T00:37:01Z","sectors":null},{"id":390021221,"nameArabic":"شانجهاي","nameEnglish":"Shanghai Pudong","isActive":true,"lastUpdated":"2022-06-02T00:31:26Z","sectors":null},{"id":1206,"nameArabic":"لانزهو","nameEnglish":"Lanzhou","isActive":true,"lastUpdated":"2022-06-02T00:49:32Z","sectors":null},{"id":390021225,"nameArabic":"اكسينج كوجاب","nameEnglish":"Xining Caojiabu","isActive":true,"lastUpdated":"2022-06-02T00:55:32Z","sectors":null},{"id":390021224,"nameArabic":"فريبورج","nameEnglish":"Vryburg","isActive":true,"lastUpdated":"2022-06-02T01:06:48Z","sectors":null},{"id":390021218,"nameArabic":"سينوب","nameEnglish":"Sinop","isActive":true,"lastUpdated":"2022-06-02T01:11:35Z","sectors":null},{"id":390021191,"nameArabic":"كلكتا","nameEnglish":"Kolkata","isActive":true,"lastUpdated":"2022-06-02T01:37:46Z","sectors":null},{"id":615,"nameArabic":"شقراء","nameEnglish":"Shaqra","isActive":true,"lastUpdated":"2022-06-02T01:27:32Z","sectors":null},{"id":390021183,"nameArabic":"بيرنين كبي","nameEnglish":"BIRNIN KEBBI","isActive":true,"lastUpdated":"2022-06-02T00:37:02Z","sectors":null},{"id":1187,"nameArabic":"انتيبي","nameEnglish":"entebbe","isActive":true,"lastUpdated":"2022-06-02T00:37:03Z","sectors":null},{"id":390021222,"nameArabic":"مارينا","nameEnglish":"Marina","isActive":true,"lastUpdated":"2022-06-02T01:06:26Z","sectors":null},{"id":390021219,"nameArabic":"اوبانو","nameEnglish":"Obano","isActive":true,"lastUpdated":"2022-06-02T00:55:33Z","sectors":null},{"id":390021220,"nameArabic":"اوسفالدو فيرا","nameEnglish":"Osvaldo Vieira","isActive":true,"lastUpdated":"2022-06-02T01:32:56Z","sectors":null},{"id":390021204,"nameArabic":"دايتون","nameEnglish":"Dayton ","isActive":true,"lastUpdated":"2022-06-02T00:37:04Z","sectors":null},{"id":390021214,"nameArabic":"كسالا","nameEnglish":"Kassala","isActive":true,"lastUpdated":"2022-06-02T00:55:33Z","sectors":null},{"id":390021144,"nameArabic":"ان اربور","nameEnglish":"Ann Arbor","isActive":true,"lastUpdated":"2022-06-02T01:33:13Z","sectors":null},{"id":1269,"nameArabic":"زنجان","nameEnglish":"ZANJAN","isActive":true,"lastUpdated":"2022-06-02T00:49:32Z","sectors":null},{"id":390021153,"nameArabic":"أراو","nameEnglish":"Arao","isActive":true,"lastUpdated":"2022-06-02T00:49:59Z","sectors":null},{"id":1267,"nameArabic":"ثيروفانانثابورام","nameEnglish":"Thiruvananthapuram","isActive":true,"lastUpdated":"2022-06-02T01:11:39Z","sectors":null},{"id":390021188,"nameArabic":"مايدوغوري","nameEnglish":"MAIDUGURI","isActive":true,"lastUpdated":"2022-06-02T01:14:21Z","sectors":null},{"id":1367,"nameArabic":"كولاب","nameEnglish":"Kulob","isActive":true,"lastUpdated":"2022-06-02T00:49:59Z","sectors":null},{"id":390021210,"nameArabic":"اجارتالا","nameEnglish":"Agartala ","isActive":true,"lastUpdated":"2022-06-02T01:11:36Z","sectors":null},{"id":1366,"nameArabic":"بليز دياغني","nameEnglish":"Blaise Diagne","isActive":true,"lastUpdated":"2022-06-02T01:33:18Z","sectors":null},{"id":99,"nameArabic":"بوجومبورا","nameEnglish":"Bujumbura","isActive":true,"lastUpdated":"2022-06-02T01:06:26Z","sectors":null},{"id":1266,"nameArabic":"سقطرى","nameEnglish":"Socotra","isActive":true,"lastUpdated":"2022-06-02T01:06:26Z","sectors":null},{"id":390021196,"nameArabic":"لومبوك","nameEnglish":"Lombok","isActive":true,"lastUpdated":"2022-06-02T01:16:35Z","sectors":null},{"id":643,"nameArabic":"عنيزة","nameEnglish":"Unaizah","isActive":true,"lastUpdated":"2022-06-02T01:34:34Z","sectors":null},{"id":390021199,"nameArabic":"باطومي ","nameEnglish":"Batumi","isActive":true,"lastUpdated":"2022-06-02T01:16:36Z","sectors":null},{"id":390021181,"nameArabic":"اكشننج","nameEnglish":"XINING","isActive":true,"lastUpdated":"2022-06-02T01:16:54Z","sectors":null},{"id":646,"nameArabic":"ينبع","nameEnglish":"Yanbu","isActive":true,"lastUpdated":"2022-06-02T01:37:04Z","sectors":null},{"id":940,"nameArabic":"أتبارا","nameEnglish":"ATBARA","isActive":true,"lastUpdated":"2022-06-02T00:13:40Z","sectors":null},{"id":670,"nameArabic":"بلجرشي","nameEnglish":"Biljurshi","isActive":true,"lastUpdated":"2022-06-02T00:13:41Z","sectors":null},{"id":601,"nameArabic":"الرياض","nameEnglish":"Riyadh","isActive":true,"lastUpdated":"2022-06-02T01:21:33Z","sectors":null},{"id":657,"nameArabic":"النماص","nameEnglish":"Nimas","isActive":true,"lastUpdated":"2022-06-02T00:13:42Z","sectors":null},{"id":603,"nameArabic":"مكة المكرمة","nameEnglish":"Makkah","isActive":true,"lastUpdated":"2022-06-02T01:21:50Z","sectors":null},{"id":722,"nameArabic":"الريان","nameEnglish":"Rayyan","isActive":true,"lastUpdated":"2022-06-02T00:13:44Z","sectors":null},{"id":672,"nameArabic":"الاحساء","nameEnglish":"Al-Hasa","isActive":true,"lastUpdated":"2022-06-02T01:37:09Z","sectors":null},{"id":647,"nameArabic":"مهد الذهب","nameEnglish":"Mahd al dhab","isActive":true,"lastUpdated":"2022-06-02T01:21:50Z","sectors":null},{"id":610,"nameArabic":"بريدة","nameEnglish":"Buraydah","isActive":true,"lastUpdated":"2022-06-02T01:37:09Z","sectors":null},{"id":639,"nameArabic":"دومة الجندل","nameEnglish":"Jandal","isActive":true,"lastUpdated":"2022-06-02T01:11:55Z","sectors":null},{"id":609,"nameArabic":"الهفوف","nameEnglish":"Al Hafuf","isActive":true,"lastUpdated":"2022-06-02T00:43:12Z","sectors":null},{"id":680,"nameArabic":"المذنب","nameEnglish":"AL-mthenb","isActive":true,"lastUpdated":"2022-06-02T00:55:48Z","sectors":null},{"id":679,"nameArabic":"شرورة","nameEnglish":"Sharorah","isActive":true,"lastUpdated":"2022-06-02T00:14:17Z","sectors":null},{"id":669,"nameArabic":"بالقرن","nameEnglish":"Belgarn","isActive":true,"lastUpdated":"2022-06-02T01:16:28Z","sectors":null},{"id":671,"nameArabic":"سدير","nameEnglish":"Sudair","isActive":true,"lastUpdated":"2022-06-02T01:06:51Z","sectors":null},{"id":613,"nameArabic":"أبها","nameEnglish":"Abha","isActive":true,"lastUpdated":"2022-06-02T01:32:05Z","sectors":null},{"id":649,"nameArabic":"خيبر","nameEnglish":"Khaybar","isActive":true,"lastUpdated":"2022-06-02T01:12:07Z","sectors":null},{"id":617,"nameArabic":"القويعية","nameEnglish":"AL-qwia","isActive":true,"lastUpdated":"2022-06-02T01:00:42Z","sectors":null},{"id":612,"nameArabic":"عرعر","nameEnglish":"ArAr","isActive":true,"lastUpdated":"2022-06-02T00:31:02Z","sectors":null},{"id":642,"nameArabic":"حقل","nameEnglish":"Haql","isActive":true,"lastUpdated":"2022-06-02T01:22:04Z","sectors":null},{"id":604,"nameArabic":"الطائف","nameEnglish":"Taif","isActive":true,"lastUpdated":"2022-06-02T01:27:04Z","sectors":null},{"id":627,"nameArabic":"القطيف","nameEnglish":"Qatif","isActive":true,"lastUpdated":"2022-06-02T01:32:08Z","sectors":null},{"id":5072,"nameArabic":"القصيم","nameEnglish":"alqasem","isActive":true,"lastUpdated":"2022-06-02T00:37:01Z","sectors":null},{"id":634,"nameArabic":"تيماء","nameEnglish":"Tayma","isActive":true,"lastUpdated":"2022-06-02T00:31:05Z","sectors":null},{"id":623,"nameArabic":"حوطة بني تميم","nameEnglish":"Hawtat Bani Tamim","isActive":true,"lastUpdated":"2022-06-02T00:37:41Z","sectors":null},{"id":645,"nameArabic":"البكيرية","nameEnglish":"Bukayriyah","isActive":true,"lastUpdated":"2022-06-02T01:06:58Z","sectors":null},{"id":677,"nameArabic":"تثليث","nameEnglish":"Ttlet","isActive":true,"lastUpdated":"2022-06-02T01:32:32Z","sectors":null},{"id":636,"nameArabic":"الوجة","nameEnglish":"AL-wjh","isActive":true,"lastUpdated":"2022-06-02T01:06:19Z","sectors":null},{"id":655,"nameArabic":"خميس مشيط","nameEnglish":"Khamis Mushait","isActive":true,"lastUpdated":"2022-06-02T00:49:36Z","sectors":null},{"id":1208,"nameArabic":"باوتشي","nameEnglish":"BAUCHI","isActive":true,"lastUpdated":"2022-06-02T00:37:03Z","sectors":null},{"id":665,"nameArabic":"صامطة","nameEnglish":"Samitah","isActive":true,"lastUpdated":"2022-06-02T00:43:00Z","sectors":null},{"id":637,"nameArabic":"املج","nameEnglish":"Umluj","isActive":true,"lastUpdated":"2022-06-02T01:16:28Z","sectors":null},{"id":630,"nameArabic":"حفر الباطن","nameEnglish":"Hafar Al Baten","isActive":true,"lastUpdated":"2022-06-02T00:55:28Z","sectors":null},{"id":653,"nameArabic":"الخرمة","nameEnglish":"Kurmah","isActive":true,"lastUpdated":"2022-06-02T00:55:49Z","sectors":null},{"id":682,"nameArabic":"الغاط","nameEnglish":"Ghat","isActive":true,"lastUpdated":"2022-06-02T01:06:28Z","sectors":null},{"id":629,"nameArabic":"قريه","nameEnglish":"Qariah","isActive":true,"lastUpdated":"2022-06-02T01:07:00Z","sectors":null},{"id":664,"nameArabic":"نجران","nameEnglish":"Najran","isActive":true,"lastUpdated":"2022-06-02T01:32:33Z","sectors":null},{"id":652,"nameArabic":"القنفذة","nameEnglish":"Qunfudah","isActive":true,"lastUpdated":"2022-06-02T00:49:53Z","sectors":null},{"id":681,"nameArabic":"بقعاء","nameEnglish":"Baqaa","isActive":true,"lastUpdated":"2022-06-02T00:37:22Z","sectors":null},{"id":641,"nameArabic":"القريات","nameEnglish":"Qurayyat","isActive":true,"lastUpdated":"2022-06-02T00:37:22Z","sectors":null},{"id":635,"nameArabic":"ضباء","nameEnglish":"Duba","isActive":true,"lastUpdated":"2022-06-02T01:32:36Z","sectors":null},{"id":644,"nameArabic":"الرس","nameEnglish":"Al Rass","isActive":true,"lastUpdated":"2022-06-02T00:43:15Z","sectors":null},{"id":616,"nameArabic":"الدوادمي","nameEnglish":"Dawadmi","isActive":true,"lastUpdated":"2022-06-02T00:49:54Z","sectors":null},{"id":607,"nameArabic":"الدمام","nameEnglish":"Dammam","isActive":true,"lastUpdated":"2022-06-02T01:00:42Z","sectors":null},{"id":650,"nameArabic":"رابغ","nameEnglish":"Rabigh","isActive":true,"lastUpdated":"2022-06-02T01:01:10Z","sectors":null},{"id":654,"nameArabic":"البرك","nameEnglish":"AL-berk","isActive":true,"lastUpdated":"2022-06-02T00:50:16Z","sectors":null},{"id":651,"nameArabic":"الليث","nameEnglish":"Laith","isActive":true,"lastUpdated":"2022-06-02T01:32:56Z","sectors":null},{"id":663,"nameArabic":"المندق","nameEnglish":"Almendq","isActive":true,"lastUpdated":"2022-06-02T00:25:00Z","sectors":null},{"id":1246,"nameArabic":"اديامان","nameEnglish":"3","isActive":true,"lastUpdated":"2022-06-02T00:31:10Z","sectors":null},{"id":675,"nameArabic":"السليل","nameEnglish":"As Sulayyil","isActive":true,"lastUpdated":"2022-06-02T01:16:29Z","sectors":null},{"id":648,"nameArabic":"العلا","nameEnglish":"Al Ula","isActive":true,"lastUpdated":"2022-06-02T00:25:01Z","sectors":null},{"id":611,"nameArabic":"حائل","nameEnglish":"Hail","isActive":true,"lastUpdated":"2022-06-02T01:16:54Z","sectors":null},{"id":1056,"nameArabic":"سالزبرك","nameEnglish":"SALZBURG","isActive":true,"lastUpdated":"2022-06-02T01:26:44Z","sectors":null},{"id":748,"nameArabic":"كفده","nameEnglish":"Kefda","isActive":true,"lastUpdated":"2022-06-02T01:21:58Z","sectors":null},{"id":714,"nameArabic":"كمبالا","nameEnglish":"Kampala","isActive":true,"lastUpdated":"2022-06-02T01:24:49Z","sectors":null},{"id":776,"nameArabic":"اصفهان","nameEnglish":"Isfahan","isActive":true,"lastUpdated":"2022-06-02T01:26:54Z","sectors":null},{"id":605,"nameArabic":"المدينة المنورة","nameEnglish":"Madina","isActive":true,"lastUpdated":"2022-06-02T01:27:07Z","sectors":null},{"id":3339,"nameArabic":"شيمكينت","nameEnglish":"Shymkent","isActive":true,"lastUpdated":"2022-06-02T00:13:49Z","sectors":null},{"id":1019,"nameArabic":"كاندلا","nameEnglish":"KANDLA","isActive":true,"lastUpdated":"2022-06-02T01:22:03Z","sectors":null},{"id":390000000,"nameArabic":"أخرى","nameEnglish":"ANOTHER","isActive":true,"lastUpdated":null,"sectors":null},{"id":103,"nameArabic":"جزر ملاديف(مالي)","nameEnglish":"MALI","isActive":true,"lastUpdated":"2022-06-02T00:24:57Z","sectors":null},{"id":618,"nameArabic":"عفيف","nameEnglish":"Afif","isActive":true,"lastUpdated":"2022-06-02T01:22:04Z","sectors":null},{"id":704,"nameArabic":"باكو","nameEnglish":"Baku","isActive":true,"lastUpdated":"2022-06-02T00:37:43Z","sectors":null},{"id":656,"nameArabic":"ظهران الجنوب","nameEnglish":"Dhahran South","isActive":true,"lastUpdated":"2022-06-02T01:22:04Z","sectors":null},{"id":628,"nameArabic":"الجبيل","nameEnglish":"Jubail","isActive":true,"lastUpdated":"2022-06-02T00:24:59Z","sectors":null},{"id":676,"nameArabic":"العرضية الجنوبية","nameEnglish":"Alardiah Aljanoubiah","isActive":true,"lastUpdated":"2022-06-02T00:43:14Z","sectors":null},{"id":760,"nameArabic":"فاس","nameEnglish":"Fes","isActive":true,"lastUpdated":"2022-06-02T00:37:19Z","sectors":null},{"id":631,"nameArabic":"الخفجي","nameEnglish":"Al Khafji","isActive":true,"lastUpdated":"2022-06-02T01:37:15Z","sectors":null},{"id":660,"nameArabic":"محائل عسير","nameEnglish":"Maha?l Asir","isActive":true,"lastUpdated":"2022-06-02T01:37:07Z","sectors":null},{"id":390021124,"nameArabic":"برادفورد","nameEnglish":"BRADFORD","isActive":true,"lastUpdated":"2022-06-02T01:06:22Z","sectors":null},{"id":807,"nameArabic":"فوكيت","nameEnglish":"PHUKET","isActive":true,"lastUpdated":"2022-06-02T00:43:21Z","sectors":null},{"id":31,"nameArabic":"كراتشي","nameEnglish":"Karachi","isActive":true,"lastUpdated":"2022-06-02T01:01:05Z","sectors":null},{"id":662,"nameArabic":"قلوة","nameEnglish":"Gulwh","isActive":true,"lastUpdated":"2022-06-02T01:14:19Z","sectors":null},{"id":619,"nameArabic":"المجمعة","nameEnglish":"Al Majmaah","isActive":true,"lastUpdated":"2022-06-02T00:16:27Z","sectors":null},{"id":999,"nameArabic":"كوالا ترينجانو","nameEnglish":"KUALA TRENGGANU","isActive":true,"lastUpdated":"2022-06-02T00:25:19Z","sectors":null},{"id":733,"nameArabic":"قفصة","nameEnglish":"Gafsa","isActive":true,"lastUpdated":"2022-06-02T01:27:12Z","sectors":null},{"id":390021092,"nameArabic":"سلوف","nameEnglish":"SLOUGH","isActive":true,"lastUpdated":"2022-06-02T00:55:53Z","sectors":null},{"id":61,"nameArabic":"كوبنهاجن","nameEnglish":"Copenhagen","isActive":true,"lastUpdated":"2022-06-02T00:55:27Z","sectors":null},{"id":12,"nameArabic":"كراكاس","nameEnglish":"Karakas","isActive":true,"lastUpdated":"2022-06-02T01:16:49Z","sectors":null},{"id":622,"nameArabic":"ثادق","nameEnglish":"Tadiq","isActive":true,"lastUpdated":"2022-06-02T01:01:21Z","sectors":null},{"id":1059,"nameArabic":"عين قزام","nameEnglish":"IN GUEZZAM","isActive":true,"lastUpdated":"2022-06-02T01:27:12Z","sectors":null},{"id":1368,"nameArabic":"ويلنغتون","nameEnglish":"WELLINGTON","isActive":true,"lastUpdated":"2022-06-02T00:49:33Z","sectors":null},{"id":640,"nameArabic":"طبرجل","nameEnglish":"Tabarjal","isActive":true,"lastUpdated":"2022-06-02T00:25:23Z","sectors":null},{"id":668,"nameArabic":"فرسان","nameEnglish":"Farsan","isActive":true,"lastUpdated":"2022-06-02T00:56:13Z","sectors":null},{"id":620,"nameArabic":"الزلفي","nameEnglish":"Al Zilfi","isActive":true,"lastUpdated":"2022-06-02T01:27:03Z","sectors":null},{"id":811,"nameArabic":"كوتاكنابالو","nameEnglish":"Kotaknabalo","isActive":true,"lastUpdated":"2022-06-02T01:27:19Z","sectors":null},{"id":1002,"nameArabic":"كوانكزهوا","nameEnglish":"GUANGZHOU","isActive":true,"lastUpdated":"2022-06-02T00:25:34Z","sectors":null},{"id":1031,"nameArabic":"البصرة","nameEnglish":"Basra","isActive":true,"lastUpdated":"2022-06-02T01:06:18Z","sectors":null},{"id":819,"nameArabic":"سرنجار","nameEnglish":"Srinagar","isActive":true,"lastUpdated":"2022-06-02T01:27:15Z","sectors":null},{"id":43,"nameArabic":"كوناكري","nameEnglish":"Conakry","isActive":true,"lastUpdated":"2022-06-02T01:29:52Z","sectors":null},{"id":951,"nameArabic":"يانجون","nameEnglish":"yangon","isActive":true,"lastUpdated":"2022-06-02T01:32:33Z","sectors":null},{"id":1074,"nameArabic":"كوالا لنامو","nameEnglish":"Kuala Namu International Airport","isActive":true,"lastUpdated":"2022-06-02T01:31:13Z","sectors":null},{"id":658,"nameArabic":"رجال المع","nameEnglish":"Rejal Elmaa","isActive":true,"lastUpdated":"2022-06-02T00:37:30Z","sectors":null},{"id":730,"nameArabic":"صلاصة","nameEnglish":"Salalah","isActive":true,"lastUpdated":"2022-06-02T01:29:55Z","sectors":null},{"id":673,"nameArabic":"سبت العلايا","nameEnglish":"Sabt Al Alayah","isActive":true,"lastUpdated":"2022-06-02T00:43:05Z","sectors":null},{"id":621,"nameArabic":"حريملاء","nameEnglish":"Huraymala","isActive":true,"lastUpdated":"2022-06-02T00:43:06Z","sectors":null},{"id":732,"nameArabic":"جدبه","nameEnglish":"Jdba","isActive":true,"lastUpdated":"2022-06-02T00:49:38Z","sectors":null},{"id":20,"nameArabic":"كانبرا","nameEnglish":"Canberra","isActive":true,"lastUpdated":"2022-06-02T00:50:07Z","sectors":null},{"id":801,"nameArabic":"قونيا","nameEnglish":"KONYA","isActive":true,"lastUpdated":"2022-06-02T00:50:21Z","sectors":null},{"id":866,"nameArabic":"بروناي","nameEnglish":"bronay","isActive":true,"lastUpdated":"2022-06-02T01:33:13Z","sectors":null},{"id":626,"nameArabic":"وادى الدواسر","nameEnglish":"Wadi ad-Dawasir","isActive":true,"lastUpdated":"2022-06-02T01:06:16Z","sectors":null},{"id":66,"nameArabic":"طهران","nameEnglish":"Tahran","isActive":true,"lastUpdated":"2022-06-02T01:11:48Z","sectors":null},{"id":838,"nameArabic":"كدونه","nameEnglish":"KADUNA","isActive":true,"lastUpdated":"2022-06-02T01:11:48Z","sectors":null},{"id":877,"nameArabic":"أوكلاند","nameEnglish":"Auckland","isActive":true,"lastUpdated":"2022-06-02T01:11:50Z","sectors":null},{"id":1012,"nameArabic":"تيرميز","nameEnglish":"TERMIZ","isActive":true,"lastUpdated":"2022-06-02T01:12:35Z","sectors":null},{"id":805,"nameArabic":"فان","nameEnglish":"VAN","isActive":true,"lastUpdated":"2022-06-02T01:16:49Z","sectors":null},{"id":35,"nameArabic":"السويس","nameEnglish":"SUEZ","isActive":true,"lastUpdated":"2022-06-02T00:13:43Z","sectors":null},{"id":390021126,"nameArabic":"لانكشر","nameEnglish":"LANCASTER","isActive":true,"lastUpdated":"2022-06-02T00:13:46Z","sectors":null},{"id":703,"nameArabic":"نور سلطان","nameEnglish":"Nur-Sultan","isActive":true,"lastUpdated":"2022-06-02T00:20:00Z","sectors":null},{"id":666,"nameArabic":"صبيا","nameEnglish":"Sabya","isActive":true,"lastUpdated":"2022-06-02T00:20:39Z","sectors":null},{"id":390021207,"nameArabic":"الابيض","nameEnglish":"Al-Ubayyid","isActive":true,"lastUpdated":"2022-06-02T00:20:41Z","sectors":null},{"id":85,"nameArabic":"دمشق","nameEnglish":"Damascus","isActive":true,"lastUpdated":"2022-06-02T00:31:04Z","sectors":null},{"id":978,"nameArabic":"ملتان","nameEnglish":"MULTAN","isActive":true,"lastUpdated":"2022-06-02T00:31:17Z","sectors":null},{"id":852,"nameArabic":"هامبورج","nameEnglish":"Hamburg","isActive":true,"lastUpdated":"2022-06-02T00:49:39Z","sectors":null},{"id":723,"nameArabic":"تعز","nameEnglish":"Taiz","isActive":true,"lastUpdated":"2022-06-02T01:27:08Z","sectors":null},{"id":1098,"nameArabic":"إدريمت كورفيز","nameEnglish":"Edremit/Korfez","isActive":true,"lastUpdated":"2022-06-02T00:55:54Z","sectors":null},{"id":390021123,"nameArabic":"بلاك بول","nameEnglish":"BLACKPOOL","isActive":true,"lastUpdated":"2022-06-02T00:56:00Z","sectors":null},{"id":750,"nameArabic":"لبيداء","nameEnglish":"Baida","isActive":true,"lastUpdated":"2022-06-02T01:12:08Z","sectors":null},{"id":757,"nameArabic":"اغادير","nameEnglish":"Aghadeer","isActive":true,"lastUpdated":"2022-06-02T01:14:14Z","sectors":null},{"id":787,"nameArabic":"اردبيل","nameEnglish":"ARDEBIL","isActive":true,"lastUpdated":"2022-06-02T01:32:04Z","sectors":null},{"id":1087,"nameArabic":"ناماىجان","nameEnglish":"Namangan","isActive":true,"lastUpdated":"2022-06-02T01:32:09Z","sectors":null},{"id":971,"nameArabic":"سكوبيه","nameEnglish":"SKOPJE","isActive":true,"lastUpdated":"2022-06-02T01:32:37Z","sectors":null},{"id":720,"nameArabic":"سيئون","nameEnglish":"Seiyun","isActive":true,"lastUpdated":"2022-06-02T01:27:14Z","sectors":null},{"id":856,"nameArabic":"زيورخ","nameEnglish":"Zurich","isActive":true,"lastUpdated":"2022-06-02T00:14:05Z","sectors":null},{"id":92,"nameArabic":"مقديشو","nameEnglish":"Mogadishu","isActive":true,"lastUpdated":"2022-06-02T00:19:55Z","sectors":null},{"id":721,"nameArabic":"الحديدة","nameEnglish":"Hodeidah","isActive":true,"lastUpdated":"2022-06-02T00:20:08Z","sectors":null},{"id":678,"nameArabic":"سراة عبيدة","nameEnglish":"Sarat Obeida","isActive":true,"lastUpdated":"2022-06-02T00:25:27Z","sectors":null},{"id":3334,"nameArabic":"مونروفيا","nameEnglish":"Monrovia","isActive":true,"lastUpdated":"2022-06-02T00:25:38Z","sectors":null},{"id":606,"nameArabic":"تبوك","nameEnglish":"Tabuk","isActive":true,"lastUpdated":"2022-06-02T00:31:14Z","sectors":null},{"id":14,"nameArabic":"جنيف","nameEnglish":"Geneva","isActive":true,"lastUpdated":"2022-06-02T00:37:31Z","sectors":null},{"id":390021205,"nameArabic":"انالاسكا","nameEnglish":"Unalaska","isActive":true,"lastUpdated":"2022-06-02T00:47:03Z","sectors":null},{"id":936,"nameArabic":"إسكندرية","nameEnglish":"BORG ELARAB","isActive":true,"lastUpdated":"2022-06-02T00:49:50Z","sectors":null},{"id":390021160,"nameArabic":"لييج","nameEnglish":"LIEGE","isActive":true,"lastUpdated":"2022-06-02T00:49:55Z","sectors":null},{"id":990,"nameArabic":"بيرجند","nameEnglish":"BIRJAND","isActive":true,"lastUpdated":"2022-06-02T01:00:36Z","sectors":null},{"id":947,"nameArabic":"مولهاوس ","nameEnglish":"MULHOUSE","isActive":true,"lastUpdated":"2022-06-02T01:01:13Z","sectors":null},{"id":390021142,"nameArabic":"ميشيغان","nameEnglish":"Michigan","isActive":true,"lastUpdated":"2022-06-02T01:06:23Z","sectors":null},{"id":955,"nameArabic":"بـاريس ","nameEnglish":"PARIS","isActive":true,"lastUpdated":"2022-06-02T01:29:52Z","sectors":null},{"id":624,"nameArabic":"الخرج","nameEnglish":"Al kharj","isActive":true,"lastUpdated":"2022-06-02T01:16:38Z","sectors":null},{"id":390021125,"nameArabic":"بولتون","nameEnglish":"BOLTON","isActive":true,"lastUpdated":"2022-06-02T01:35:03Z","sectors":null},{"id":82,"nameArabic":"بيونس  ايرس","nameEnglish":"BuenosAires","isActive":true,"lastUpdated":"2022-06-02T00:14:08Z","sectors":null},{"id":1025,"nameArabic":"شيتاجونج","nameEnglish":"CHITTAGONG","isActive":true,"lastUpdated":"2022-06-02T00:14:16Z","sectors":null},{"id":88,"nameArabic":"لاجوس","nameEnglish":"LAGOS","isActive":true,"lastUpdated":"2022-06-02T00:19:58Z","sectors":null},{"id":740,"nameArabic":"كونستاني","nameEnglish":"Konstanz","isActive":true,"lastUpdated":"2022-06-02T00:19:59Z","sectors":null},{"id":1064,"nameArabic":"بريفيزا","nameEnglish":"PREVEZA","isActive":true,"lastUpdated":"2022-06-02T00:20:06Z","sectors":null},{"id":1128,"nameArabic":"فانتا","nameEnglish":"Vantaa ","isActive":true,"lastUpdated":"2022-06-02T00:20:09Z","sectors":null},{"id":659,"nameArabic":"بيشة","nameEnglish":"Bishah","isActive":true,"lastUpdated":"2022-06-02T00:31:15Z","sectors":null},{"id":71,"nameArabic":"موسكو","nameEnglish":"Moscow","isActive":true,"lastUpdated":"2022-06-02T01:18:56Z","sectors":null},{"id":706,"nameArabic":"بريتوريا","nameEnglish":"Pretoria","isActive":true,"lastUpdated":"2022-06-02T00:50:31Z","sectors":null},{"id":142,"nameArabic":"اسلو","nameEnglish":"OSLO","isActive":true,"lastUpdated":"2022-06-02T01:00:55Z","sectors":null},{"id":661,"nameArabic":"الباحة","nameEnglish":"Baha","isActive":true,"lastUpdated":"2022-06-02T01:00:56Z","sectors":null},{"id":1046,"nameArabic":"تورينتو بيرسون","nameEnglish":"TORONTO-PEARSON","isActive":true,"lastUpdated":"2022-06-02T01:01:11Z","sectors":null},{"id":835,"nameArabic":"مالي","nameEnglish":"MALE","isActive":true,"lastUpdated":"2022-06-02T01:01:14Z","sectors":null},{"id":390021087,"nameArabic":"أنتاناناريفو","nameEnglish":"Antananarivo","isActive":true,"lastUpdated":"2022-06-02T01:01:20Z","sectors":null},{"id":632,"nameArabic":"طريف","nameEnglish":"Turayf","isActive":true,"lastUpdated":"2022-06-02T01:06:13Z","sectors":null},{"id":832,"nameArabic":"بوبو ديلاسو","nameEnglish":"Bobo Delaso","isActive":true,"lastUpdated":"2022-06-02T01:11:50Z","sectors":null},{"id":625,"nameArabic":"الافلاج","nameEnglish":"AL-aflaj","isActive":true,"lastUpdated":"2022-06-02T01:21:50Z","sectors":null},{"id":390021118,"nameArabic":"بوندي ","nameEnglish":"BONDY","isActive":true,"lastUpdated":"2022-06-02T01:32:11Z","sectors":null},{"id":710,"nameArabic":"دار السلام","nameEnglish":"Darussalam","isActive":true,"lastUpdated":"2022-06-02T01:37:04Z","sectors":null},{"id":19,"nameArabic":"مكسيكو","nameEnglish":"Mexico","isActive":true,"lastUpdated":"2022-06-02T00:19:55Z","sectors":null},{"id":390021172,"nameArabic":"ماسترخت","nameEnglish":"MAASTRICHT","isActive":true,"lastUpdated":"2022-06-02T00:20:40Z","sectors":null},{"id":95,"nameArabic":"لوس  انجليس","nameEnglish":"Los Angelis","isActive":true,"lastUpdated":"2022-06-02T00:31:19Z","sectors":null},{"id":775,"nameArabic":"بشير","nameEnglish":"Bashir","isActive":true,"lastUpdated":"2022-06-02T01:29:20Z","sectors":null},{"id":1022,"nameArabic":"جوهاتي","nameEnglish":"GAUHATI","isActive":true,"lastUpdated":"2022-06-02T01:34:34Z","sectors":null},{"id":716,"nameArabic":"لشبونة","nameEnglish":"Lisbon","isActive":true,"lastUpdated":"2022-06-02T00:37:36Z","sectors":null},{"id":390021097,"nameArabic":"برتش كولومبيا","nameEnglish":"BRITISH COLUMBIA","isActive":true,"lastUpdated":"2022-06-02T00:38:00Z","sectors":null},{"id":964,"nameArabic":"مرزيفون","nameEnglish":"MERZIFON","isActive":true,"lastUpdated":"2022-06-02T00:55:42Z","sectors":null},{"id":804,"nameArabic":"طرابزون","nameEnglish":"Trabzon","isActive":true,"lastUpdated":"2022-06-02T01:06:14Z","sectors":null},{"id":823,"nameArabic":"لارنكا","nameEnglish":"Larnaca","isActive":true,"lastUpdated":"2022-06-02T01:07:01Z","sectors":null},{"id":871,"nameArabic":"بدوازفيل","nameEnglish":"Bdowazfel","isActive":true,"lastUpdated":"2022-06-02T01:11:51Z","sectors":null},{"id":761,"nameArabic":"وجده","nameEnglish":"Oujda","isActive":true,"lastUpdated":"2022-06-02T01:11:57Z","sectors":null},{"id":119,"nameArabic":"جزر القمر","nameEnglish":"Comoros Islands","isActive":true,"lastUpdated":"2022-06-02T01:37:04Z","sectors":null},{"id":390021145,"nameArabic":"نيوجرسي","nameEnglish":"New Jersey","isActive":true,"lastUpdated":"2022-06-02T00:13:47Z","sectors":null},{"id":979,"nameArabic":"رحيم يار خان","nameEnglish":"RAHIMYARKHAN","isActive":true,"lastUpdated":"2022-06-02T00:14:06Z","sectors":null},{"id":1005,"nameArabic":"كونمينغ","nameEnglish":"KUNMING","isActive":true,"lastUpdated":"2022-06-02T01:18:56Z","sectors":null},{"id":741,"nameArabic":"غاردية","nameEnglish":"Ghardaïa","isActive":true,"lastUpdated":"2022-06-02T00:20:24Z","sectors":null},{"id":773,"nameArabic":"يزد","nameEnglish":"Yazd","isActive":true,"lastUpdated":"2022-06-02T00:49:39Z","sectors":null},{"id":602,"nameArabic":"جدة","nameEnglish":"Jeddah","isActive":true,"lastUpdated":"2022-06-02T01:22:05Z","sectors":null},{"id":709,"nameArabic":"تيرانا","nameEnglish":"Tirana","isActive":true,"lastUpdated":"2022-06-02T01:26:50Z","sectors":null},{"id":390021146,"nameArabic":"إلينوي","nameEnglish":"Illinois ","isActive":true,"lastUpdated":"2022-06-02T00:55:55Z","sectors":null},{"id":858,"nameArabic":"ليون","nameEnglish":"LYON","isActive":true,"lastUpdated":"2022-06-02T01:06:18Z","sectors":null},{"id":719,"nameArabic":"بودابست","nameEnglish":"Budapest","isActive":true,"lastUpdated":"2022-06-02T01:32:06Z","sectors":null},{"id":766,"nameArabic":"ناظور","nameEnglish":"NADOR","isActive":true,"lastUpdated":"2022-06-02T01:12:05Z","sectors":null},{"id":106,"nameArabic":"موريشيوس","nameEnglish":"Mauritius","isActive":true,"lastUpdated":"2022-06-02T01:12:11Z","sectors":null},{"id":731,"nameArabic":"غزة","nameEnglish":"Gaza","isActive":true,"lastUpdated":"2022-06-02T01:16:50Z","sectors":null},{"id":390021169,"nameArabic":"هاوزن","nameEnglish":"HAUSEN","isActive":true,"lastUpdated":"2022-06-02T01:21:34Z","sectors":null},{"id":1063,"nameArabic":" بالمادي مايوركا","nameEnglish":"PALMA DE MALLORCA","isActive":true,"lastUpdated":"2022-06-02T01:21:50Z","sectors":null},{"id":707,"nameArabic":"بندر سرى بكاون","nameEnglish":"Bandar Ser Begawan ","isActive":true,"lastUpdated":"2022-06-02T01:21:52Z","sectors":null},{"id":25,"nameArabic":"واشنطن","nameEnglish":"Washington","isActive":true,"lastUpdated":"2022-06-02T01:22:06Z","sectors":null},{"id":390021112,"nameArabic":"بلانتيري","nameEnglish":"BLANTYRE","isActive":true,"lastUpdated":"2022-06-02T01:22:15Z","sectors":null},{"id":783,"nameArabic":"رشت","nameEnglish":"RASHT","isActive":true,"lastUpdated":"2022-06-02T01:26:50Z","sectors":null},{"id":3335,"nameArabic":"كينشاسا","nameEnglish":"Kinshasa","isActive":true,"lastUpdated":"2022-06-02T00:13:47Z","sectors":null},{"id":633,"nameArabic":"رفحاء","nameEnglish":"Rafha","isActive":true,"lastUpdated":"2022-06-02T00:14:06Z","sectors":null},{"id":1045,"nameArabic":"ستانستيد لندن","nameEnglish":"LONDON Stansted","isActive":true,"lastUpdated":"2022-06-02T00:14:17Z","sectors":null},{"id":638,"nameArabic":"الجوف","nameEnglish":"Al Jowf","isActive":true,"lastUpdated":"2022-06-02T01:32:03Z","sectors":null},{"id":786,"nameArabic":"ابادان","nameEnglish":"ABADAN","isActive":true,"lastUpdated":"2022-06-02T01:38:08Z","sectors":null},{"id":1028,"nameArabic":" جايبور","nameEnglish":"JAIPUR","isActive":true,"lastUpdated":"2022-06-02T01:26:56Z","sectors":null},{"id":390021114,"nameArabic":"مولوز","nameEnglish":"MULHOUSE","isActive":true,"lastUpdated":"2022-06-02T00:25:06Z","sectors":null},{"id":390021161,"nameArabic":"فينيسيا ","nameEnglish":"VENESIA","isActive":true,"lastUpdated":"2022-06-02T01:27:33Z","sectors":null},{"id":39,"nameArabic":"جاكرتا","nameEnglish":"Jakarta","isActive":true,"lastUpdated":"2022-06-02T01:37:49Z","sectors":null},{"id":981,"nameArabic":"اربيل","nameEnglish":"ERBIL","isActive":true,"lastUpdated":"2022-06-02T01:00:56Z","sectors":null},{"id":390021216,"nameArabic":"لاك رودولف","nameEnglish":"Lake Rudolf","isActive":true,"lastUpdated":"2022-06-02T01:11:36Z","sectors":null},{"id":860,"nameArabic":"امستردام","nameEnglish":"Amsterdam","isActive":true,"lastUpdated":"2022-06-02T01:06:19Z","sectors":null},{"id":69,"nameArabic":"انجمينا","nameEnglish":"NDjamena","isActive":true,"lastUpdated":"2022-06-02T00:31:23Z","sectors":null},{"id":759,"nameArabic":"الراشدية","nameEnglish":"Rashidiya","isActive":true,"lastUpdated":"2022-06-02T01:27:04Z","sectors":null},{"id":959,"nameArabic":"واشنطون","nameEnglish":"WASHINGTON","isActive":true,"lastUpdated":"2022-06-02T01:14:20Z","sectors":null},{"id":859,"nameArabic":"تولوز","nameEnglish":"TOULOUSE","isActive":true,"lastUpdated":"2022-06-02T00:43:06Z","sectors":null},{"id":108,"nameArabic":"هونج كونج","nameEnglish":"hong kong","isActive":true,"lastUpdated":"2022-06-02T01:29:55Z","sectors":null},{"id":1003,"nameArabic":"يانشيوان ","nameEnglish":"YINCHUAN","isActive":true,"lastUpdated":"2022-06-02T00:37:31Z","sectors":null},{"id":390021203,"nameArabic":"كاناكال","nameEnglish":"Canakkale","isActive":true,"lastUpdated":"2022-06-02T00:37:51Z","sectors":null},{"id":390021098,"nameArabic":"دونداس","nameEnglish":"DUNDAS","isActive":true,"lastUpdated":"2022-06-02T01:16:31Z","sectors":null},{"id":756,"nameArabic":"العريش","nameEnglish":"Arish","isActive":true,"lastUpdated":"2022-06-02T00:43:13Z","sectors":null},{"id":24,"nameArabic":"بون","nameEnglish":"Bon","isActive":true,"lastUpdated":"2022-06-02T01:32:05Z","sectors":null},{"id":89,"nameArabic":"نيامي","nameEnglish":"Niamey","isActive":true,"lastUpdated":"2022-06-02T00:49:43Z","sectors":null},{"id":844,"nameArabic":"يولا","nameEnglish":"YOLA","isActive":false,"lastUpdated":"2022-06-02T01:01:21Z","sectors":null},{"id":937,"nameArabic":"هورغاده","nameEnglish":"HURGHADA","isActive":true,"lastUpdated":"2022-06-02T01:01:11Z","sectors":null},{"id":390021129,"nameArabic":"كرولي","nameEnglish":"CRAWLEY","isActive":true,"lastUpdated":"2022-06-02T00:52:58Z","sectors":null},{"id":935,"nameArabic":"هيرغيزا","nameEnglish":"HARGEISA","isActive":true,"lastUpdated":"2022-06-02T00:55:40Z","sectors":null},{"id":854,"nameArabic":"نور مبرج","nameEnglish":"Nuremberg","isActive":true,"lastUpdated":"2022-06-02T00:55:40Z","sectors":null},{"id":33,"nameArabic":"اديس  ابابا","nameEnglish":"Addis Ababa","isActive":true,"lastUpdated":"2022-06-02T00:55:43Z","sectors":null},{"id":1070,"nameArabic":"مطار موسكو دوموديدوفو","nameEnglish":"Moscow Domodedovo Airport","isActive":true,"lastUpdated":"2022-06-02T01:00:38Z","sectors":null},{"id":1038,"nameArabic":"الموصل","nameEnglish":"Mosul","isActive":true,"lastUpdated":"2022-06-02T01:00:41Z","sectors":null},{"id":390021157,"nameArabic":"ميكلين","nameEnglish":"MECHELEN","isActive":true,"lastUpdated":"2022-06-02T01:00:43Z","sectors":null},{"id":1131,"nameArabic":"بيسا","nameEnglish":"Pisa ","isActive":true,"lastUpdated":"2022-06-02T01:00:44Z","sectors":null},{"id":390021119,"nameArabic":"ليميرو","nameEnglish":"LIMERO","isActive":true,"lastUpdated":"2022-06-02T01:00:44Z","sectors":null},{"id":821,"nameArabic":"لكناو","nameEnglish":"LUCKNOW","isActive":true,"lastUpdated":"2022-06-02T01:12:35Z","sectors":null},{"id":390021134,"nameArabic":"كوفنتري","nameEnglish":"COVENTRY","isActive":true,"lastUpdated":"2022-06-02T01:27:07Z","sectors":null},{"id":3337,"nameArabic":"كاتماندو","nameEnglish":"Kathmandu","isActive":true,"lastUpdated":"2022-06-02T01:06:26Z","sectors":null},{"id":810,"nameArabic":"بينانج","nameEnglish":"Penang","isActive":true,"lastUpdated":"2022-06-02T01:08:46Z","sectors":null},{"id":18,"nameArabic":"ابوظبي","nameEnglish":"Abu Dhabi","isActive":true,"lastUpdated":"2022-06-02T01:11:49Z","sectors":null},{"id":927,"nameArabic":"بيشار","nameEnglish":"BECHAR","isActive":true,"lastUpdated":"2022-06-02T01:11:50Z","sectors":null},{"id":952,"nameArabic":"هلسنكي","nameEnglish":"Helsinki","isActive":true,"lastUpdated":"2022-06-02T01:11:58Z","sectors":null},{"id":390021147,"nameArabic":"أوريجون","nameEnglish":"Oregon","isActive":true,"lastUpdated":"2022-06-02T01:16:35Z","sectors":null},{"id":390021132,"nameArabic":"ويست يوركشاير","nameEnglish":"WEST YORKSHIRE","isActive":true,"lastUpdated":"2022-06-02T01:12:37Z","sectors":null},{"id":726,"nameArabic":"الشارقة","nameEnglish":"Sharjah","isActive":true,"lastUpdated":"2022-06-02T01:32:08Z","sectors":null},{"id":390021143,"nameArabic":"فلوريدا","nameEnglish":"Florida","isActive":true,"lastUpdated":"2022-06-02T01:32:11Z","sectors":null},{"id":960,"nameArabic":"نيويورك","nameEnglish":"NEW YORK","isActive":true,"lastUpdated":"2022-06-02T01:37:06Z","sectors":null},{"id":950,"nameArabic":"مارسيليا","nameEnglish":"MARSEILLE","isActive":true,"lastUpdated":"2022-06-02T01:37:08Z","sectors":null},{"id":758,"nameArabic":"الدار البيضاء","nameEnglish":"Casablanca","isActive":true,"lastUpdated":"2022-06-02T01:37:15Z","sectors":null},{"id":868,"nameArabic":"اورومجي","nameEnglish":"ormoge","isActive":true,"lastUpdated":"2022-06-02T01:37:16Z","sectors":null},{"id":390021212,"nameArabic":"نانوالك","nameEnglish":"Nanwalek ","isActive":true,"lastUpdated":"2022-06-02T00:13:49Z","sectors":null},{"id":390021208,"nameArabic":"جينتينج","nameEnglish":"Genting ","isActive":true,"lastUpdated":"2022-06-02T00:13:55Z","sectors":null},{"id":880,"nameArabic":"فرقانا","nameEnglish":"FERGANA","isActive":true,"lastUpdated":"2022-06-02T00:14:15Z","sectors":null},{"id":815,"nameArabic":"كولكاتا","nameEnglish":"Calcutta","isActive":true,"lastUpdated":"2022-06-02T00:19:59Z","sectors":null},{"id":608,"nameArabic":"الخبر","nameEnglish":"Khobar","isActive":true,"lastUpdated":"2022-06-02T00:20:08Z","sectors":null},{"id":795,"nameArabic":"انطاليا","nameEnglish":"Anatolia","isActive":true,"lastUpdated":"2022-06-02T01:26:57Z","sectors":null},{"id":842,"nameArabic":"بورت هاكورت","nameEnglish":"PORT HARCOURT","isActive":true,"lastUpdated":"2022-06-02T00:50:32Z","sectors":null},{"id":390021155,"nameArabic":"كريب","nameEnglish":"CUREPE‏","isActive":true,"lastUpdated":"2022-06-02T00:55:31Z","sectors":null},{"id":778,"nameArabic":"مشهد","nameEnglish":"Mashad","isActive":true,"lastUpdated":"2022-06-02T00:57:54Z","sectors":null},{"id":5,"nameArabic":"تونس","nameEnglish":"Tunisia","isActive":true,"lastUpdated":"2022-06-02T01:12:16Z","sectors":null},{"id":16,"nameArabic":"لوساكا","nameEnglish":"Lusaka","isActive":true,"lastUpdated":"2022-06-02T01:37:08Z","sectors":null},{"id":390021180,"nameArabic":"النجف","nameEnglish":"ALNAJAF","isActive":true,"lastUpdated":"2022-06-02T01:37:16Z","sectors":null},{"id":390021184,"nameArabic":"دتسي","nameEnglish":"DUTSE","isActive":true,"lastUpdated":"2022-06-02T01:00:45Z","sectors":null},{"id":785,"nameArabic":"باكهتران","nameEnglish":"Baketran","isActive":true,"lastUpdated":"2022-06-02T01:21:32Z","sectors":null},{"id":1065,"nameArabic":"رودس","nameEnglish":"RODOS","isActive":true,"lastUpdated":"2022-06-02T00:14:06Z","sectors":null},{"id":739,"nameArabic":"عنابه","nameEnglish":"Annaba","isActive":true,"lastUpdated":"2022-06-02T00:14:16Z","sectors":null},{"id":390001085,"nameArabic":"عجمان","nameEnglish":"Ajman","isActive":true,"lastUpdated":"2022-06-02T01:21:34Z","sectors":null},{"id":1004,"nameArabic":"لانزوهو","nameEnglish":"LANZHOU","isActive":true,"lastUpdated":"2022-06-02T00:19:57Z","sectors":null},{"id":725,"nameArabic":"الفجيرة","nameEnglish":"Fujairah","isActive":true,"lastUpdated":"2022-06-02T00:20:07Z","sectors":null},{"id":390021217,"nameArabic":"موموت","nameEnglish":"Momote","isActive":true,"lastUpdated":"2022-06-02T01:32:12Z","sectors":null},{"id":390001126,"nameArabic":"مامنوزو ","nameEnglish":"مامنوزو ","isActive":true,"lastUpdated":"2022-06-02T01:32:40Z","sectors":null},{"id":1105,"nameArabic":"شونغناك","nameEnglish":"Shungnak","isActive":true,"lastUpdated":"2022-06-02T01:32:41Z","sectors":null},{"id":738,"nameArabic":"توزر","nameEnglish":"Tozeur","isActive":true,"lastUpdated":"2022-06-02T01:22:06Z","sectors":null},{"id":390021117,"nameArabic":"سانت إتيان","nameEnglish":"SAINT ETIENNE","isActive":true,"lastUpdated":"2022-06-02T00:31:24Z","sectors":null},{"id":40,"nameArabic":"بيروت","nameEnglish":"Beirut","isActive":true,"lastUpdated":"2022-06-02T01:00:52Z","sectors":null},{"id":995,"nameArabic":"ليرية","nameEnglish":"LEREH","isActive":true,"lastUpdated":"2022-06-02T01:01:15Z","sectors":null},{"id":1101,"nameArabic":"الاناضول","nameEnglish":"Anadolu","isActive":true,"lastUpdated":"2022-06-02T00:37:00Z","sectors":null},{"id":390021223,"nameArabic":"مرسى علم","nameEnglish":"Marsa Alam","isActive":true,"lastUpdated":"2022-06-02T00:37:04Z","sectors":null},{"id":1001,"nameArabic":"مدينة سولو","nameEnglish":"SOLO","isActive":true,"lastUpdated":"2022-06-02T01:22:08Z","sectors":null},{"id":1091,"nameArabic":"هانتينجبوقج","nameEnglish":"Huntingburg","isActive":true,"lastUpdated":"2022-06-02T00:47:02Z","sectors":null},{"id":45,"nameArabic":"بومباي","nameEnglish":"Bombay","isActive":true,"lastUpdated":"2022-06-02T00:43:25Z","sectors":null},{"id":390001105,"nameArabic":"شيكاغو","nameEnglish":"Chicago","isActive":true,"lastUpdated":"2022-06-02T01:33:13Z","sectors":null},{"id":390021211,"nameArabic":"كنجيز توبم","nameEnglish":"Cengiz Topel","isActive":true,"lastUpdated":"2022-06-02T00:49:32Z","sectors":null},{"id":22,"nameArabic":"لندن","nameEnglish":"London","isActive":true,"lastUpdated":"2022-06-02T01:01:15Z","sectors":null},{"id":715,"nameArabic":"كولمبو","nameEnglish":"Colombo","isActive":true,"lastUpdated":"2022-06-02T00:49:50Z","sectors":null},{"id":96,"nameArabic":"بكين","nameEnglish":"Beken","isActive":true,"lastUpdated":"2022-06-02T00:50:36Z","sectors":null},{"id":23,"nameArabic":"اتاوا","nameEnglish":"OTAWA","isActive":true,"lastUpdated":"2022-06-02T01:34:35Z","sectors":null},{"id":390021215,"nameArabic":"رينية معوض","nameEnglish":"Rene Mouawad","isActive":true,"lastUpdated":"2022-06-02T01:22:47Z","sectors":null},{"id":1126,"nameArabic":"هيرات","nameEnglish":"HERAT","isActive":true,"lastUpdated":"2022-06-02T01:06:21Z","sectors":null},{"id":390021096,"nameArabic":"مالمو","nameEnglish":"MALMO","isActive":true,"lastUpdated":"2022-06-02T01:06:22Z","sectors":null},{"id":1096,"nameArabic":"جاج إسلند","nameEnglish":"Gag Island","isActive":true,"lastUpdated":"2022-06-02T00:55:53Z","sectors":null},{"id":390021102,"nameArabic":"لندن أونتاريو","nameEnglish":"LONDON ONTARIO","isActive":true,"lastUpdated":"2022-06-02T00:55:55Z","sectors":null},{"id":390021197,"nameArabic":"ماردين","nameEnglish":"Mardin","isActive":true,"lastUpdated":"2022-06-02T01:11:35Z","sectors":null},{"id":390021186,"nameArabic":"ايلورين","nameEnglish":"ILORIN","isActive":true,"lastUpdated":"2022-06-02T01:12:17Z","sectors":null},{"id":390021209,"nameArabic":"ماجاس","nameEnglish":"Magas ","isActive":true,"lastUpdated":"2022-06-02T01:14:21Z","sectors":null},{"id":941,"nameArabic":"بورسودان","nameEnglish":"PORT SUDAN","isActive":true,"lastUpdated":"2022-06-02T01:16:27Z","sectors":null},{"id":994,"nameArabic":"اوجونك بانادانج","nameEnglish":"UJUNG PANDANG","isActive":true,"lastUpdated":"2022-06-02T01:16:28Z","sectors":null},{"id":390021177,"nameArabic":"بنوم بنه","nameEnglish":"Phnom Penh","isActive":true,"lastUpdated":"2022-06-02T01:16:31Z","sectors":null},{"id":1102,"nameArabic":"دنيسون","nameEnglish":"Denison Municipal","isActive":true,"lastUpdated":"2022-06-02T01:27:05Z","sectors":null},{"id":956,"nameArabic":"ليل","nameEnglish":"LILLE","isActive":true,"lastUpdated":"2022-06-02T01:32:02Z","sectors":null},{"id":64,"nameArabic":"بروكسل","nameEnglish":"Brussels","isActive":true,"lastUpdated":"2022-06-02T01:32:07Z","sectors":null},{"id":390021190,"nameArabic":"بلي كسير","nameEnglish":"Balikesir","isActive":true,"lastUpdated":"2022-06-02T01:32:12Z","sectors":null}]}   -E
[ReportManager] Verification Passed: "994" is greater than or equal to "1.1". @12-10-2022 16:11:00.0125 PM
[ReportManager] Verification Passed: "994" is less than or equal to "10000". @12-10-2022 16:11:00.0126 PM
]]></system-out>
    <system-err><![CDATA[[main] INFO com.shaft.tools.io.ReportManagerHelper - [ReportManager] Loaded OpenCV "opencv_java455". @12-10-2022 16:10:51.0682 PM
[main] ERROR io.qameta.allure.AllureLifecycle - Could not start step: no test case running
[main] ERROR io.qameta.allure.AllureLifecycle - Could not update step: no step running
[main] ERROR io.qameta.allure.AllureLifecycle - Could not stop step: no step running
[main] ERROR io.qameta.allure.AllureLifecycle - Could not start step: no test case running
[main] ERROR io.qameta.allure.AllureLifecycle - Could not update step: no step running
[main] ERROR io.qameta.allure.AllureLifecycle - Could not stop step: no step running
[main] ERROR io.qameta.allure.AllureLifecycle - Could not start step: no test case running
[main] ERROR io.qameta.allure.AllureLifecycle - Could not update step: no step running
[main] ERROR io.qameta.allure.AllureLifecycle - Could not stop step: no step running
[main] ERROR io.qameta.allure.AllureLifecycle - Could not start step: no test case running
[main] ERROR io.qameta.allure.AllureLifecycle - Could not update step: no step running
[main] ERROR io.qameta.allure.AllureLifecycle - Could not stop step: no step running
[main] ERROR io.qameta.allure.AllureLifecycle - Could not start step: no test case running
[main] ERROR io.qameta.allure.AllureLifecycle - Could not update step: no step running
[main] ERROR io.qameta.allure.AllureLifecycle - Could not stop step: no step running
[main] ERROR io.qameta.allure.AllureLifecycle - Could not start step: no test case running
[main] ERROR io.qameta.allure.AllureLifecycle - Could not update step: no step running
[main] ERROR io.qameta.allure.AllureLifecycle - Could not stop step: no step running
[main] INFO com.shaft.tools.io.ReportManagerHelper - [ReportManager] Initializing Project Structure... @12-10-2022 16:10:51.0933 PM
[main] INFO com.shaft.tools.io.ReportManagerHelper - [ReportManager] Initializing Allure Reporting Environment... @12-10-2022 16:10:51.0934 PM
[main] INFO com.shaft.tools.io.ReportManagerHelper - [ReportManager] Initializing Extent Reporting Environment... @12-10-2022 16:10:52.0089 PM
[main] INFO com.shaft.tools.io.ReportManagerHelper - [ReportManager] Initializing Important Links... @12-10-2022 16:10:52.0429 PM
[main] INFO com.shaft.tools.io.ReportManagerHelper - [ReportManager] Initializing Custom Properties... @12-10-2022 16:10:52.0439 PM
[main] INFO com.shaft.tools.io.ReportManagerHelper - [ReportManager] Setting discrete logging to: "false" @12-10-2022 16:10:52.0478 PM
[main] INFO com.shaft.tools.io.ReportManagerHelper - [ReportManager] Setting discrete logging to: "false" @12-10-2022 16:10:52.0506 PM
[main] INFO com.shaft.tools.io.ReportManagerHelper - [ReportManager] Setting discrete logging to: "false" @12-10-2022 16:10:52.0506 PM
[main] INFO com.shaft.tools.io.ReportManagerHelper - [ReportManager] File Action "DoesFileExist" successfully performed. With the following test data "File Path: "SteeringCompanyAPI_TestData/SteeringCompanyAPI_TestData.xlsx"". @12-10-2022 16:10:52.0510 PM
ERROR StatusLogger Log4j2 could not find a logging implementation. Please add log4j-core to the classpath. Using SimpleLogger to log to the console...
[main] INFO com.shaft.tools.io.ReportManagerHelper - [ReportManager] Successfully created attachment "Test Data - Excel" @12-10-2022 16:10:53.0413 PM
[main] INFO com.shaft.tools.io.ReportManagerHelper - [ReportManager] Debugging Attachment Entry @12-10-2022 16:10:53.0413 PM
PK&amp#3;&amp#4;&amp#20;&amp#0;&amp#6;&amp#0;&amp#8;&amp#0;&amp#0;&amp#0;!&amp#0;&amp#18;&amp#24;��d&amp#1;&amp#0;&amp#0;&amp#24;&amp#5;&amp#0;&amp#0;&amp#19;&amp#0;&amp#8;&amp#2;[Content_Types].xml �&amp#4;&amp#2;(�&amp#0;&amp#2;&amp#0;&amp#0;&amp#0;&amp#0;&amp#0;&amp#0;&amp#0;&amp#0;&amp#0;&amp#0;&amp#0;&amp#0;&amp#0;&amp#0;&amp#0;&amp#0;&amp#0;&amp#0;&amp#0;&amp#0;&amp#0;&amp#0;&amp#0;&amp#0;&amp#0;&amp#0;&amp#0;&amp#0;&amp#0;&amp#0;&amp#0;&amp#0;&amp#0;&amp#0;&amp#0;&amp#0;&amp#0;&amp#0;&amp#0;&amp#0;&amp#0;&amp#0;&amp#0;&amp#0;&amp#0;&amp#0;&amp#0;&amp#0;&amp#0;&amp#0;&amp#0;&amp#0;&amp#0;&amp#0;&amp#0;&amp#0;&amp#0;&amp#0;&amp#0;&amp#0;&amp#0;&amp#0;&amp#0;&amp#0;&amp#0;&amp#0;&amp#0;&amp#0;&amp#0;&amp#0;&amp#0;&amp#0;&amp#0;&amp#0;&amp#0;&amp#0;&amp#0;&amp#0;&amp#0;&amp#0;&amp#0;&amp#0;&amp#0;&amp#0;&amp#0;&amp#0;&amp#0;&amp#0;&amp#0;&amp#0;&amp#0;&amp#0;&amp#0;&amp#0;&amp#0;&amp#0;&amp#0;&amp#0;&amp#0;&amp#0;&amp#0;&amp#0;&amp#0;&amp#0;&amp#0;&amp#0;&amp#0;&amp#0;&amp#0;&amp#0;&amp#0;&amp#0;&amp#0;&amp#0;&amp#0;&amp#0;&amp#0;&amp#0;&amp#0;&amp#0;&amp#0;&amp#0;&amp#0;&amp#0;&amp#0;&amp#0;&amp#0;&amp#0;&amp#0;&amp#0;&amp#0;&amp#0;&amp#0;&amp#0;&amp#0;&amp#0;&amp#0;&amp#0;&amp#0;&amp#0;&amp#0;&amp#0;&amp#0;&amp#0;&amp#0;&amp#0;&amp#0;&amp#0;&amp#0;&amp#0;&amp#0;&amp#0;&amp#0;&amp#0;&amp#0;&amp#0;&amp#0;&amp#0;&amp#0;&amp#0;&amp#0;&amp#0;&amp#0;&amp#0;&amp#0;&amp#0;&amp#0;&amp#0;&amp#0;&amp#0;&amp#0;&amp#0;&amp#0;&amp#0;&amp#0;&amp#0;&amp#0;&amp#0;&amp#0;&amp#0;&amp#0;&amp#0;&amp#0;&amp#0;&amp#0;&amp#0;&amp#0;&amp#0;&amp#0;&amp#0;&amp#0;&amp#0;&amp#0;&amp#0;&amp#0;&amp#0;&amp#0;&amp#0;&amp#0;&amp#0;&amp#0;&amp#0;&amp#0;&amp#0;&amp#0;&amp#0;&amp#0;&amp#0;&amp#0;&amp#0;&amp#0;&amp#0;&amp#0;&amp#0;&amp#0;&amp#0;&amp#0;&amp#0;&amp#0;&amp#0;&amp#0;&amp#0;&amp#0;&amp#0;&amp#0;&amp#0;&amp#0;&amp#0;&amp#0;&amp#0;&amp#0;&amp#0;&amp#0;&amp#0;&amp#0;&amp#0;&amp#0;&amp#0;&amp#0;&amp#0;&amp#0;&amp#0;&amp#0;&amp#0;&amp#0;&amp#0;&amp#0;&amp#0;&amp#0;&amp#0;&amp#0;&amp#0;&amp#0;&amp#0;&amp#0;&amp#0;&amp#0;&amp#0;&amp#0;&amp#0;&amp#0;&amp#0;&amp#0;&amp#0;&amp#0;&amp#0;&amp#0;&amp#0;&amp#0;&amp#0;&amp#0;&amp#0;&amp#0;&amp#0;&amp#0;&amp#0;&amp#0;&amp#0;&amp#0;&amp#0;&amp#0;&amp#0;&amp#0;&amp#0;&amp#0;&amp#0;&amp#0;&amp#0;&amp#0;&amp#0;&amp#0;&amp#0;&amp#0;&amp#0;&amp#0;&amp#0;&amp#0;&amp#0;&amp#0;&amp#0;&amp#0;&amp#0;&amp#0;&amp#0;&amp#0;&amp#0;&amp#0;&amp#0;&amp#0;&amp#0;&amp#0;&amp#0;&amp#0;&amp#0;&amp#0;&amp#0;&amp#0;&amp#0;&amp#0;&amp#0;&amp#0;&amp#0;&amp#0;&amp#0;&amp#0;&amp#0;&amp#0;&amp#0;&amp#0;&amp#0;&amp#0;&amp#0;&amp#0;&amp#0;&amp#0;&amp#0;&amp#0;&amp#0;&amp#0;&amp#0;&amp#0;&amp#0;&amp#0;&amp#0;&amp#0;&amp#0;&amp#0;&amp#0;&amp#0;&amp#0;&amp#0;&amp#0;&amp#0;&amp#0;&amp#0;&amp#0;&amp#0;&amp#0;&amp#0;&amp#0;&amp#0;&amp#0;&amp#0;&amp#0;&amp#0;&amp#0;&amp#0;&amp#0;&amp#0;&amp#0;&amp#0;&amp#0;&amp#0;&amp#0;&amp#0;&amp#0;&amp#0;&amp#0;&amp#0;&amp#0;&amp#0;&amp#0;&amp#0;&amp#0;&amp#0;&amp#0;&amp#0;&amp#0;&amp#0;&amp#0;&amp#0;&amp#0;&amp#0;&amp#0;&amp#0;&amp#0;&amp#0;&amp#0;&amp#0;&amp#0;&amp#0;&amp#0;&amp#0;&amp#0;&amp#0;&amp#0;&amp#0;&amp#0;&amp#0;&amp#0;&amp#0;&amp#0;&amp#0;&amp#0;&amp#0;&amp#0;&amp#0;&amp#0;&amp#0;&amp#0;&amp#0;&amp#0;&amp#0;&amp#0;&amp#0;&amp#0;&amp#0;&amp#0;&amp#0;&amp#0;&amp#0;&amp#0;&amp#0;&amp#0;&amp#0;&amp#0;&amp#0;&amp#0;&amp#0;&amp#0;&amp#0;&amp#0;&amp#0;&amp#0;&amp#0;&amp#0;&amp#0;&amp#0;&amp#0;&amp#0;&amp#0;&amp#0;&amp#0;&amp#0;&amp#0;&amp#0;&amp#0;&amp#0;&amp#0;&amp#0;&amp#0;&amp#0;&amp#0;&amp#0;&amp#0;&amp#0;&amp#0;&amp#0;&amp#0;&amp#0;&amp#0;&amp#0;&amp#0;&amp#0;&amp#0;&amp#0;&amp#0;&amp#0;&amp#0;&amp#0;&amp#0;&amp#0;&amp#0;&amp#0;&amp#0;&amp#0;&amp#0;&amp#0;&amp#0;&amp#0;&amp#0;&amp#0;&amp#0;&amp#0;&amp#0;&amp#0;&amp#0;&amp#0;&amp#0;&amp#0;&amp#0;&amp#0;&amp#0;&amp#0;&amp#0;&amp#0;&amp#0;&amp#0;&amp#0;&amp#0;&amp#0;&amp#0;Ĕ�n�0&amp#12;���&amp#14;U�S&amp#27;�0M&amp#19;���&amp#28;7��&amp#7;�&amp#26;C#�$�
���&amp#27;`��&amp#14;�@ڥQ&amp#27;��~qc&amp#15;���f+�h�+E��&amp#12;\�q�R�O��;�!)���&amp#14;J�&amp#1;&amp#20;����p�	�&amp#25;g;,EM&amp#20;�Ī�Fa�&amp#3;8ޙ��(��8�AU&amp#11;5&amp#7;9��ne�&amp#29;���Z
1&amp#26;>�L--eOk��%�`Qd&amp#15;��֫&amp#20;*&amp#4;k*EL*WN�r�w&amp#14;&amp#5;g�&amp#24;�M�&amp#27;�&amp#16;�ӡ���`��ʥ�FC6Q�^T�&amp#24;rm姏�&amp#15;�&amp#23;�a�&amp#14;J?��
���
W��&amp#16;Ai�&amp#1;��EZ�F&amp#25;��>���Q��a��|I�D��?q&amp#16;�;��y~)�̑�#m,�&amp#18;=�\�&amp#8;��"w��&amp#1;~j&amp#31;���;�> wr�ӫ�o�6;&amp#15;,&amp#4;�&amp#12;|7kץ�v�)pv١�3&amp#26;t��Lsm�&amp#5;&amp#0;&amp#0;��&amp#3;&amp#0;PK&amp#3;&amp#4;&amp#20;&amp#0;&amp#6;&amp#0;&amp#8;&amp#0;&amp#0;&amp#0;!&amp#0;�U0#�&amp#0;&amp#0;&amp#0;L&amp#2;&amp#0;&amp#0;&amp#11;&amp#0;&amp#8;&amp#2;_rels/.rels �&amp#4;&amp#2;(�&amp#0;&amp#2;&amp#0;&amp#0;&amp#0;&amp#0;&amp#0;&amp#0;&amp#0;&amp#0;&amp#0;&amp#0;&amp#0;&amp#0;&amp#0;&amp#0;&amp#0;&amp#0;&amp#0;&amp#0;&amp#0;&amp#0;&amp#0;&amp#0;&amp#0;&amp#0;&amp#0;&amp#0;&amp#0;&amp#0;&amp#0;&amp#0;&amp#0;&amp#0;&amp#0;&amp#0;&amp#0;&amp#0;&amp#0;&amp#0;&amp#0;&amp#0;&amp#0;&amp#0;&amp#0;&amp#0;&amp#0;&amp#0;&amp#0;&amp#0;&amp#0;&amp#0;&amp#0;&amp#0;&amp#0;&amp#0;&amp#0;&amp#0;&amp#0;&amp#0;&amp#0;&amp#0;&amp#0;&amp#0;&amp#0;&amp#0;&amp#0;&amp#0;&amp#0;&amp#0;&amp#0;&amp#0;&amp#0;&amp#0;&amp#0;&amp#0;&amp#0;&amp#0;&amp#0;&amp#0;&amp#0;&amp#0;&amp#0;&amp#0;&amp#0;&amp#0;&amp#0;&amp#0;&amp#0;&amp#0;&amp#0;&amp#0;&amp#0;&amp#0;&amp#0;&amp#0;&amp#0;&amp#0;&amp#0;&amp#0;&amp#0;&amp#0;&amp#0;&amp#0;&amp#0;&amp#0;&amp#0;&amp#0;&amp#0;&amp#0;&amp#0;&amp#0;&amp#0;&amp#0;&amp#0;&amp#0;&amp#0;&amp#0;&amp#0;&amp#0;&amp#0;&amp#0;&amp#0;&amp#0;&amp#0;&amp#0;&amp#0;&amp#0;&amp#0;&amp#0;&amp#0;&amp#0;&amp#0;&amp#0;&amp#0;&amp#0;&amp#0;&amp#0;&amp#0;&amp#0;&amp#0;&amp#0;&amp#0;&amp#0;&amp#0;&amp#0;&amp#0;&amp#0;&amp#0;&amp#0;&amp#0;&amp#0;&amp#0;&amp#0;&amp#0;&amp#0;&amp#0;&amp#0;&amp#0;&amp#0;&amp#0;&amp#0;&amp#0;&amp#0;&amp#0;&amp#0;&amp#0;&amp#0;&amp#0;&amp#0;&amp#0;&amp#0;&amp#0;&amp#0;&amp#0;&amp#0;&amp#0;&amp#0;&amp#0;&amp#0;&amp#0;&amp#0;&amp#0;&amp#0;&amp#0;&amp#0;&amp#0;&amp#0;&amp#0;&amp#0;&amp#0;&amp#0;&amp#0;&amp#0;&amp#0;&amp#0;&amp#0;&amp#0;&amp#0;&amp#0;&amp#0;&amp#0;&amp#0;&amp#0;&amp#0;&amp#0;&amp#0;&amp#0;&amp#0;&amp#0;&amp#0;&amp#0;&amp#0;&amp#0;&amp#0;&amp#0;&amp#0;&amp#0;&amp#0;&amp#0;&amp#0;&amp#0;&amp#0;&amp#0;&amp#0;&amp#0;&amp#0;&amp#0;&amp#0;&amp#0;&amp#0;&amp#0;&amp#0;&amp#0;&amp#0;&amp#0;&amp#0;&amp#0;&amp#0;&amp#0;&amp#0;&amp#0;&amp#0;&amp#0;&amp#0;&amp#0;&amp#0;&amp#0;&amp#0;&amp#0;&amp#0;&amp#0;&amp#0;&amp#0;&amp#0;&amp#0;&amp#0;&amp#0;&amp#0;&amp#0;&amp#0;&amp#0;&amp#0;&amp#0;&amp#0;&amp#0;&amp#0;&amp#0;&amp#0;&amp#0;&amp#0;&amp#0;&amp#0;&amp#0;&amp#0;&amp#0;&amp#0;&amp#0;&amp#0;&amp#0;&amp#0;&amp#0;&amp#0;&amp#0;&amp#0;&amp#0;&amp#0;&amp#0;&amp#0;&amp#0;&amp#0;&amp#0;&amp#0;&amp#0;&amp#0;&amp#0;&amp#0;&amp#0;&amp#0;&amp#0;&amp#0;&amp#0;&amp#0;&amp#0;&amp#0;&amp#0;&amp#0;&amp#0;&amp#0;&amp#0;&amp#0;&amp#0;&amp#0;&amp#0;&amp#0;&amp#0;&amp#0;&amp#0;&amp#0;&amp#0;&amp#0;&amp#0;&amp#0;&amp#0;&amp#0;&amp#0;&amp#0;&amp#0;&amp#0;&amp#0;&amp#0;&amp#0;&amp#0;&amp#0;&amp#0;&amp#0;&amp#0;&amp#0;&amp#0;&amp#0;&amp#0;&amp#0;&amp#0;&amp#0;&amp#0;&amp#0;&amp#0;&amp#0;&amp#0;&amp#0;&amp#0;&amp#0;&amp#0;&amp#0;&amp#0;&amp#0;&amp#0;&amp#0;&amp#0;&amp#0;&amp#0;&amp#0;&amp#0;&amp#0;&amp#0;&amp#0;&amp#0;&amp#0;&amp#0;&amp#0;&amp#0;&amp#0;&amp#0;&amp#0;&amp#0;&amp#0;&amp#0;&amp#0;&amp#0;&amp#0;&amp#0;&amp#0;&amp#0;&amp#0;&amp#0;&amp#0;&amp#0;&amp#0;&amp#0;&amp#0;&amp#0;&amp#0;&amp#0;&amp#0;&amp#0;&amp#0;&amp#0;&amp#0;&amp#0;&amp#0;&amp#0;&amp#0;&amp#0;&amp#0;&amp#0;&amp#0;&amp#0;&amp#0;&amp#0;&amp#0;&amp#0;&amp#0;&amp#0;&amp#0;&amp#0;&amp#0;&amp#0;&amp#0;&amp#0;&amp#0;&amp#0;&amp#0;&amp#0;&amp#0;&amp#0;&amp#0;&amp#0;&amp#0;&amp#0;&amp#0;&amp#0;&amp#0;&amp#0;&amp#0;&amp#0;&amp#0;&amp#0;&amp#0;&amp#0;&amp#0;&amp#0;&amp#0;&amp#0;&amp#0;&amp#0;&amp#0;&amp#0;&amp#0;&amp#0;&amp#0;&amp#0;&amp#0;&amp#0;&amp#0;&amp#0;&amp#0;&amp#0;&amp#0;&amp#0;&amp#0;&amp#0;&amp#0;&amp#0;&amp#0;&amp#0;&amp#0;&amp#0;&amp#0;&amp#0;&amp#0;&amp#0;&amp#0;&amp#0;&amp#0;&amp#0;&amp#0;&amp#0;&amp#0;&amp#0;&amp#0;&amp#0;&amp#0;&amp#0;&amp#0;&amp#0;&amp#0;&amp#0;&amp#0;&amp#0;&amp#0;&amp#0;&amp#0;&amp#0;&amp#0;&amp#0;&amp#0;&amp#0;&amp#0;&amp#0;&amp#0;&amp#0;&amp#0;&amp#0;&amp#0;&amp#0;&amp#0;&amp#0;&amp#0;&amp#0;&amp#0;&amp#0;&amp#0;&amp#0;&amp#0;��MO�0&amp#12;��H�����ݐ&amp#16;BKwAH�!T~�I�&amp#15;���$&amp#27;ݿ'&amp#28;&amp#16;T&amp#26;�&amp#3;G�~����<���!��4��&amp#18;&amp#20;;#�w����qu&amp#7;*&r�Fq���&amp#17;v�����GJy(v��*����K��#F��D�&amp#16;�.W&amp#26;	&amp#19;�&amp#28;�&amp#22;=��Z�MY�b��&amp#1;�BS���7��ϛז��
?�9L�ҙ&amp#21;�sbgٮ|�l!��&amp#26;USh9i�b�r:"y_dl��D��&amp#19;�|-N��R"4&amp#18;�2�G�%��Z�4�˝y�7	ë��ɂ�&amp#31;��&amp#1;&amp#0;&amp#0;��&amp#3;&amp#0;PK&amp#3;&amp#4;&amp#20;&amp#0;&amp#6;&amp#0;&amp#8;&amp#0;&amp#0;&amp#0;!&amp#0;�N���&amp#3;&amp#0;&amp#0;_	&amp#0;&amp#0;&amp#15;&amp#0;&amp#0;&amp#0;xl/workbook.xml�Umo�8&amp#16;�~���(���!	&amp#16;&amp#21;Vy!�Je�h����*㘒#�s�S@���&amp#29;&amp#7;B�r:q�C�`{����g&�_ve��R.rV�ttc�&amp#26;�&amp#8;���e���&�@ׄ�U�&amp#11;Vё��B�2����-�%c&amp#27;
&amp#0;*1��R־i
��%&amp#22;7��&amp#21;�&amp#24;/��)1E�)�ĚRY&amp#22;�mY�Y��&amp#15;&amp#8;>�&amp#6;��V9�1#MI+y&amp#0;��&amp#18;�u^�&amp#14;�$����o�� ��&amp#1;b�&amp#23;�ܷ��V&amp#18;��b&amp#28;/&amp#11;p{�\m����&amp#15;Y0��M�uqU�&amp#19;�&amp#4;[�&amp#27;�6&amp#15;�/�G��Ї&amp#16;�.cp&amp#29;�cr���&amp#28;�Xq�&amp#19;��&amp#14;���FC �V+>&amp#4;�h��oWyA&amp#31;&amp#15;��p]ť�T�k&amp#5;&amp#22;r��f#�&amp#15;S��&amp#31;&amp#22;xS�M^���z�P7�'9ϸ��&amp#21;n
���;x�&amp#12;�&amp#27;ڮ�&amp#4;a&amp#4;���F���ã_?��&amp#22;;Z3P�6�79�PX�/�&amp#21;FL|�&amp#20;3,�ZË�&amp#30;�&amp#11;J
�<5T1�&amp#26;&amp#19;���g��E�&amp#20;�4x�&amp#11;IK&amp#17;���Bp��&amp#16;�&amp#5;���&amp#19;*�i�%N �b� )�P��*�j&amp#15;��S�W&amp#6;�3�����&amp#15;j�D�Є&amp#24;&amp#30;�<��1��.�;E�$���]|&amp#15;Y}���cPRvl&amp#1;w�D�{�&amp#8;���[&amp#28;8��űa&amp#15;&amp#2;�p&amp#2;�6�A��� ���&amp#14;�~�
��O&amp#24;n��(&amp#31;&amp#5;=�&amp#29;����&amp#20;�&amp#29;d�M���x��&amp#31;C=&amp#24;��o�a�(&amp#31;s�&amp#21;�BSSm��W&amp#25;ێt&amp#3;Y�h�&amp#31;��v�)��&amp#26;��&amp#3;���a�7����1�&amp#29;����_i����\�&amp#21;ϑ��&amp#14;Q?F�m��^�p���&amp#8;�!&amp#12;Iҏ���Dq��3�&amp#8;�
&amp#26;��O�j�J�A	&amp#1;�&amp#5;�}�A�5�[�]�����)���\Ag&amp#7;�q�&amp#14;ڭ&amp#26;�&amp#27;	.&amp#8;ԟz�7&amp#12;�u(N���B�o�	���3�XA�&amp#26;:�5鹆3&amp#24;�����F�����O�I�D�w��t�&amp#2;�X�1�)�d&amp#3;53��&amp#16;&amp#11;Pf&amp#27;	&amp#19;x��
�Ah������p��2��s&amp#12;7Nzn&amp#31;��ą4td���O�ǁٞ�X6P�m�s_��q���:,&amp#28;S����y�2s<�o�&amp#15;�}A�4N&amp#30;�4��N�镶����)��8��qp�}0�&amp#7;��?�+�&amp#12;�!�jlejv2&amp#25;&amp#7;&amp#0;&amp#0;��&amp#3;&amp#0;PK&amp#3;&amp#4;&amp#20;&amp#0;&amp#6;&amp#0;&amp#8;&amp#0;&amp#0;&amp#0;!&amp#0;J��a�&amp#0;&amp#0;&amp#0;G&amp#3;&amp#0;&amp#0;&amp#26;&amp#0;&amp#8;&amp#1;xl/_rels/workbook.xml.rels �&amp#4;&amp#1;(�&amp#0;&amp#1;&amp#0;&amp#0;&amp#0;&amp#0;&amp#0;&amp#0;&amp#0;&amp#0;&amp#0;&amp#0;&amp#0;&amp#0;&amp#0;&amp#0;&amp#0;&amp#0;&amp#0;&amp#0;&amp#0;&amp#0;&amp#0;&amp#0;&amp#0;&amp#0;&amp#0;&amp#0;&amp#0;&amp#0;&amp#0;&amp#0;&amp#0;&amp#0;&amp#0;&amp#0;&amp#0;&amp#0;&amp#0;&amp#0;&amp#0;&amp#0;&amp#0;&amp#0;&amp#0;&amp#0;&amp#0;&amp#0;&amp#0;&amp#0;&amp#0;&amp#0;&amp#0;&amp#0;&amp#0;&amp#0;&amp#0;&amp#0;&amp#0;&amp#0;&amp#0;&amp#0;&amp#0;&amp#0;&amp#0;&amp#0;&amp#0;&amp#0;&amp#0;&amp#0;&amp#0;&amp#0;&amp#0;&amp#0;&amp#0;&amp#0;&amp#0;&amp#0;&amp#0;&amp#0;&amp#0;&amp#0;&amp#0;&amp#0;&amp#0;&amp#0;&amp#0;&amp#0;&amp#0;&amp#0;&amp#0;&amp#0;&amp#0;&amp#0;&amp#0;&amp#0;&amp#0;&amp#0;&amp#0;&amp#0;&amp#0;&amp#0;&amp#0;&amp#0;&amp#0;&amp#0;&amp#0;&amp#0;&amp#0;&amp#0;&amp#0;&amp#0;&amp#0;&amp#0;&amp#0;&amp#0;&amp#0;&amp#0;&amp#0;&amp#0;&amp#0;&amp#0;&amp#0;&amp#0;&amp#0;&amp#0;&amp#0;&amp#0;&amp#0;&amp#0;&amp#0;&amp#0;&amp#0;&amp#0;&amp#0;&amp#0;&amp#0;&amp#0;&amp#0;&amp#0;&amp#0;&amp#0;&amp#0;&amp#0;&amp#0;&amp#0;&amp#0;&amp#0;&amp#0;&amp#0;&amp#0;&amp#0;&amp#0;&amp#0;&amp#0;&amp#0;&amp#0;&amp#0;&amp#0;&amp#0;&amp#0;&amp#0;&amp#0;&amp#0;&amp#0;&amp#0;&amp#0;&amp#0;&amp#0;&amp#0;&amp#0;&amp#0;&amp#0;&amp#0;&amp#0;&amp#0;&amp#0;&amp#0;&amp#0;&amp#0;&amp#0;&amp#0;&amp#0;&amp#0;&amp#0;&amp#0;&amp#0;&amp#0;&amp#0;&amp#0;&amp#0;&amp#0;&amp#0;&amp#0;&amp#0;&amp#0;&amp#0;&amp#0;&amp#0;&amp#0;&amp#0;&amp#0;&amp#0;&amp#0;&amp#0;&amp#0;&amp#0;&amp#0;&amp#0;&amp#0;&amp#0;&amp#0;&amp#0;&amp#0;&amp#0;&amp#0;&amp#0;&amp#0;&amp#0;&amp#0;&amp#0;&amp#0;&amp#0;&amp#0;&amp#0;&amp#0;&amp#0;&amp#0;&amp#0;&amp#0;&amp#0;&amp#0;&amp#0;&amp#0;&amp#0;&amp#0;&amp#0;&amp#0;&amp#0;&amp#0;&amp#0;&amp#0;&amp#0;&amp#0;&amp#0;&amp#0;&amp#0;&amp#0;&amp#0;&amp#0;&amp#0;&amp#0;&amp#0;&amp#0;&amp#0;&amp#0;&amp#0;&amp#0;���j�0&amp#12;��ѽq��P�:{)����&amp#7;0�&amp#18;�Mlc�?y����6���У$4�1�f�9��&amp#29;#u�)(�&amp#28;&amp#4;�ڛε
^�OW� ��3��&amp#14;&amp#21;�H��./6��kNOd�@"�8R`�Ã�T[&amp#28;4e>�K���As&amp#26;c+��&amp#15;�EY�����5��i��Q&amp#16;w�&amp#26;�~&amp#12;��om�4]���~&amp#27;��&amp#25;&amp#11;ɉ&amp#11;���-��i�^&amp#22;Y&amp#2;&amp#5;y��\����&amp#3;YD>q&amp#28;W$�K�&amp#4;S�3�b2�k�&amp#17;�&amp#11;�T>:�3[/%s�*&amp#12;�}���+4�?�rV��&amp#11;&amp#0;&amp#0;��&amp#3;&amp#0;PK&amp#3;&amp#4;&amp#20;&amp#0;&amp#6;&amp#0;&amp#8;&amp#0;&amp#0;&amp#0;!&amp#0;�xO��&amp#3;&amp#0;&amp#0;�&amp#8;&amp#0;&amp#0;&amp#24;&amp#0;&amp#0;&amp#0;xl/worksheets/sheet1.xml��[��0&amp#24;��&amp#23;�?��k<�U�&amp#29;���s�,{��4�&amp#26;j���Ӗe��~Ѷ3P&amp#24;ʀ1��>�!o��G١&amp#23;��P}�C?���Lբ�&amp#22;���K12��5�T�&amp#11;|�&amp#6;?�&amp#30;>-&amp#15;J�L˹E@�M�[k��&amp#16;�Z.����{�i���§�&amp#18;3hN�Q$;&amp#18;&amp#5;��H*z<&amp#17;r}&amp#15;C5�`�Tl/yo'��&amp#29;���i�`.4���I�w��cJ&amp#14;�؈N��&amp#8;�H��i�+M7&amp#29;�}&amp#12;&amp#19;��Q�&amp#19;��/a��7��`Z&amp#25;�X&amp#31;�d�����d��+���0aB4&amp#17;�&amp#0;_Q��R
gWV�
�?&amp#8;�_a�]:ߋ���d&amp#29;F�����Z�^�ā����[�e���E���?�Z�&amp#2;N�U�4o
�&amp#14;�2�d�&amp#28;��K��y�FΎ&amp#27;�vn�	�&amp#4;@0���&amp#25;&amp#3;�?&amp#23;�sU��B����&amp#11;�&amp#26;]�M��7t�����mk�$~&amp#2;�8;���䆁&amp#15;!�&amp#31;;,S&amp#29;0���p�	lD��|&amp#16;�ma���Y2O&amp#23;3���X%�7��I&amp#8;�&amp#31;�0��I�A&amp#22;;݆&amp#27;[	�˻&amp#12;h�&amp#20;<�@tƼ&amp#27;����&amp#7;&amp#0;&amp#0;��&amp#0;&amp#0;&amp#0;�����&amp#14;� &amp#20;�_��&amp#0;&amp#17;Z�&amp#28;����`��&amp#31;��Y�}&amp#23;+��ss�cǏ�9&amp#7;��Z�����x�<�6%�&amp#4;�&k
�d&amp#7;딄$Pw�5չi+�
ȓ�J./QjU֠m7&amp#17;ɸ2&amp#19;Nfİ
t
j�&amp#29;8�3N՗ȧD�&amp#19;Ŕ8���&amp#18;lk&amp#17;
il$&amp#8;�"Ek#�&amp#17;)ٓ�Fb&amp#12;e�!�&amp#27;���p&amp#4;�&amp#31;�q�-v&amp#11;��0�&amp#29;z�͜�v,&amp#17;�&amp#23;b�չ��&amp#3;�&amp#29;3���h�(�&amp#12;u&amp#15;��='3�t�+6�B�&amp#5;�&amp#8;^���n�&amp#8;�
&amp#22;
,&amp#8;G����o�&amp#6;&amp#0;&amp#0;��&amp#0;&amp#0;&amp#0;��l��&amp#14;�0&amp#16;E��&amp#30;�B&amp#3;6@��&.�&amp#8;��&amp#17;&amp#30;%C�&amp#26;�&amp#11;&amp#24;�Dw��Ž3A
������Y_&amp#26;&amp#19;R�F��&amp#18;�4�&amp#27;&&amp#20;��_υ���/�?��>
�{&amp#11;X&amp#21;M���{`�P��HB��dE�
�e��bJr�U&amp#22;cܷ\o�X&amp#27;[�-W���ʽ'm�&amp#28;���m��1Ƭh:RA�?e/�~���)&amp#27;ݎ�Sr���z�&amp#28;�&amp#4;p���Tk3���Uc��&amp#0;&z&amp#1;&amp#0;&amp#0;��&amp#3;&amp#0;PK&amp#3;&amp#4;&amp#20;&amp#0;&amp#6;&amp#0;&amp#8;&amp#0;&amp#0;&amp#0;!&amp#0;���C�&amp#2;&amp#0;&amp#0;�&amp#6;&amp#0;&amp#0;&amp#24;&amp#0;&amp#0;&amp#0;xl/worksheets/sheet2.xml��K��0&amp#20;����&amp#31;,�@�&amp#1;&amp#20;2
CQgW��v�%X����cT���&amp#2;Jf�,&amp#26;���b�&amp#15;�ǳ��&amp#17;�&amp#17;�ϩ�.(���Z�����^9	%Ʋ�f��!�/`�����I�i&amp#1;,ABor�Z;d�gx&amp#11;�&amp#25;W
��L��d&amp#22;&amp#31;��3�&amp#6;VO/��&amp#11;&amp#22;�ؓL�t&d�&amp#30;�j&amp#26;��T� ��3DC�,�7�&amp#24;̅&�=8���08\�&amp#1;&amp#17;[�	�2A)�<{��J�m�}���qr�x&amp#4;x./2����&amp#20;\+�&amp#26;�"ٛ=߶�z����t��]&amp#24;?�4&amp#28;Ÿ����}����
^a�w��+l�\:;�:��0H��S�D�S�EZ8�jS9Q\&�&MS�*����&amp#22;��cWDC�Ӎ��K�WS~~
8�75�l�
:�&amp#22;Pçd��V����&amp#25;�&amp#22;H4ӂ�ȸ&amp#21;Gx���i���ߓ&amp#6;�(�]&amp#21;��&amp#23;�j
�&amp#23;Mjhء�_��3�]kQ6tCltLJV��`8F&amp#20;���7W&amp#29;2�J�&amp#24;5L&amp#24;;�^Emۜ�n&amp#28;��8�(ق��&amp#24;�����J������+&amp#3;�O&amp#12;�����M���O&amp#30;�&amp#11;�&?�&amp#0;&amp#0;&amp#0;��&amp#0;&amp#0;&amp#0;����[&amp#14;� &amp#16;E�Ұ&amp#0;)��&amp#26;J�%� �?}&amp#4;���VC[P&amp#19;�ȝ&amp#3;�a`���&amp#19;�I�L{KL�&amp#8;Jl'&amp#27;&amp#11;�"�u�2���um}jM-݈�I.Uq~&amp#8;m�n KW&amp#20;q��&amp#19;&amp#14;�&amp#17;�6�-�=�2�s�՛8��nIT1�_&amp#18;"&H�&amp#17;&amp#12;�����yK?݁��y`=�m&amp#2;�y�d��H?K�?$����@r&amp#24;C�I6]3&amp#14;����8�&amp#29;���&amp#19;&amp#0;&amp#0;��&amp#0;&amp#0;&amp#0;���)HLO�M,J��+V�IM+�U2�3WR(�Lπ�K�&amp#11;���J
I�%%��0^FjbJj&amp#17;�g�����_&amp#2;������&amp#23;e&amp#23;g����&amp#1;&amp#0;&amp#0;&amp#0;��&amp#3;&amp#0;PK&amp#3;&amp#4;&amp#20;&amp#0;&amp#6;&amp#0;&amp#8;&amp#0;&amp#0;&amp#0;!&amp#0;�&amp#23;&amp#16;�N&amp#7;&amp#0;&amp#0;� &amp#0;&amp#0;&amp#19;&amp#0;&amp#0;&amp#0;xl/theme/theme1.xml�Y͋&amp#27;7&amp#20;�&amp#23;�?&amp#12;sw�5�%���l��$d��&amp#28;���QV32��&amp#27;&amp#19;&amp#2;%9�R(���Bo=��@&amp#3;
��	$��&amp#31;�'��#��$�lJZv
�G������~z�t�ҽ�zG�&amp#11;�_�P�=��ؘ$Ӗk8(4|OH��&amp#17;e	n�&amp#11;,�K۟~r&amp#17;m�&amp#8;��&amp#3;�Dl��&amp#31;I9�*&amp#22;�&amp#8;����f8��&��H�#�&amp#22;�&amp#28;&amp#29;�ޘ&amp#22;+�R�&amp#24;#��^�bP{}2!#�
�J{��O�1�B
�(�W��%���òB���R�&amp#29;!��a�1;&amp#30;�{��(&amp#18;&amp#18;~h�%��&amp#23;�/&amp#22;�V&D�&amp#6;YCn��2�L`|X�s���j� &amp#8;�Z{�_&amp#3;�\����Z��ҧ&amp#1;h4�����:�n�a
P�ա�W�U�&amp#22;��_]��&amp#29;���נT��&amp#31;&amp#12;��E&amp#11;�A)>\Ç�f�g�נ&amp#20;_[��K�^P��kPDIr��.��jw��&amp#21;d��&amp#19;�&amp#12;�A��)�Q�
��RSLX"7�Z��2>&amp#0;�&amp#2;R$I���&amp#12;O�&amp#8;���(9���%�&amp#8;&amp#18;o�&amp#18;&`�T)
JU��>���#��02��]`�X&amp#27;R�xb��L��+��7 /�={����=����_���*Kn&amp#7;%SS�Տ_���&amp#23;�_�����7��'��Ŀ��˗���:����&amp#21;/�}���&amp#23;�}��O�&amp#29;��&amp#28;&amp#29;��!����c�&�a�&amp#14;��&amp#1;?��0BĒ@&amp#17;�v����&amp#2;^[ ��u����&amp#28;X�&amp#5;�<�kٺ&amp#31;�$���F�&amp#5;�c�v&amp#24;w:ચ���p�Lݓ󹉻�Бk�.J�&amp#0;��3�W�Rٍ�e�
�&amp#18;��8��S��C�&amp#29;��C���=2�L����&amp#16;����%Cr`%R.�Cb���e �����m�èk�=|d#a[ �0~�����h.Q�R9D15&amp#29;��d�2r�G&�/$Dz�)��c,�K�:��&amp#26;A�
&amp#12;�&amp#14;�&amp#30;]�6�Kr�ҹ�&amp#24;3�=v؍P<s�L���~&&amp#14;!E�w�I&amp#23;|��;D=C&amp#28;P�1ܷ	���f"�&amp#5;�j��'��e�&amp#29;�����&amp#31;&amp#23;t���e�<�ص͉3;:�ڻ&amp#24;St��&amp#24;{�>sX�a3���W"`�&amp#29;�J�+��U��`&amp#1;e��k�)r�&amp#8;+e��m�goq�x&amp#22;(�&amp#17;ߤ�&amp#26;D�J]8�Tz��&amp#14;M�5&amp#2;�&amp#31;��)�&amp#5;�0���I�&amp#8;Yg�z&amp#22;�|]p+~o��`_�=�&amp#4;&amp#25;|j&amp#25; ����&amp#16;Qk�<a�&amp#8;
&amp#12;&amp#23;݂�&amp#21;�\D��Zl؛6&amp#15;&amp#3;&amp#20;FV�&amp#19;���ω�'�w�&amp#30;w&amp#1;s&amp#6;&amp#5;�[���:�(e�D��	�&amp#31;,kzh���p��s�yUs^�����f�^>�e�k��Z����Aj��|��&���O���3!���&amp#5;ŻBw}&amp#4;�ь&amp#7;0��Q�'�j&amp#1;�"��5�,ܔ#-�q&?'2ڏ�&amp#12;ZCe����L�Tx3&�c��u+&amp#21;�Э�N�x���Ng�����&amp#11;&amp#5;��x)\�C�J��Z=�ޭ��~�TwY�&amp#6;(��&amp#24;aLf&amp#27;Qu&amp#24;Q_&amp#14;B&amp#20;^g�^ٙX�tX�PꗡZFq�
0m&amp#21;&amp#21;x���E��A�A�f&amp#28;��c&amp#21;������
ΙFz�3��&amp#1;Pb/3 �tSٺqyjui��E�-#�t��0�0�&amp#23;�,;͖�Yƺ���2O�b�&amp#27;r3�&amp#15;&amp#17;kE"'��&&S��;n��j&amp#8;�*#4k�&amp#19;�&amp#24;��x&amp#6;�#�[&amp#23;�S�v&amp#25;I�n�wa�&amp#25;&amp#23;��D�:\�N�&amp#6;1��{��-_-�
4�&amp#28;�m+W�&amp#16;>Z�@+&amp#31;�q&amp#16;t;�x2�#i��&amp#24;Q�N&amp#31;��S�p����&amp#29;�$�&amp#28;½&amp#31;���&amp#3;:�7&amp#17;�XX/+&amp#7;�����r��1���&amp#21;���w�`�h׼��9��#:�Pv��d��5����O+&amp#31;&amp#24;Oٚ���.<��&amp#3;��O�7&amp#31;��s&amp#6;i�g��*��t��;�
��CԲ*�n�N-r�k.�&amp#14;&amp#18;�yJ���}�&amp#3;�0-��2MY�NÊ��Q۴3,&amp#8;&amp#12;O�6�muF8=�'?ȝ�Zu@,�J����ܼ�f&amp#7;w�<zp8�R�PBo�#(��&amp#27;Ȕ6`�ܓY�&amp#8;߼9'-�~)l&amp#7;�J�-�&amp#26;a�&amp#16;T�R�&amp#17;���v&amp#24;V���\�u*&amp#15;�`�Q\&amp#14;���&amp#1;\a�Evi���.���-ͅ&amp#17;��L_�&amp#23;����\�|q�&amp#17; ���ʠYmvj�f�=(&amp#4;�N����:�^�[�
zݰ�&amp#28;<�#
&amp#14;��nP�7
�r�[&amp#8;j%e~�Y�&amp#7;�J;��&amp#27;��� +c`�)}d�&amp#0;�j���&amp#1;&amp#0;&amp#0;��&amp#3;&amp#0;PK&amp#3;&amp#4;&amp#20;&amp#0;&amp#6;&amp#0;&amp#8;&amp#0;&amp#0;&amp#0;!&amp#0;&amp#6;}&amp#23;y�&amp#3;&amp#0;&amp#0;�
&amp#0;&amp#0;
&amp#0;&amp#0;&amp#0;xl/styles.xml�V�n�8&amp#16;}_`�A໢K,�6,&amp#21;�E�&amp#2;ݢ@���R&amp#18;%&amp#19;�E����E�}��d+�81����s�vf��ǎ3瑨�J&amp#17;���G&amp#14;&amp#17;�,��b��}�.��h,
̤ 1:�&amp#6;}L~�m��##w&amp#7;B�&amp#3;&amp#16;���A�z�yM~ &amp#28;77�&&amp#2;NJ�8ְU��Ԋ�1J�y���=��@=�׀p�&amp#30;���%���&amp#25;eT&amp#31;-&amp#22;rx��\	�p���.���邹
�N�F���&amp#29;Ns%&amp#27;Y�&amp#27;��dYҜ<ww�-=���&amp#0;�}HA����;�N����#5�Cɺ�B7N.[�c4&amp#3;GM
V&amp#15;B�#Rs&amp#4;&amp#21;&amp#30;n%���&amp#25;H&amp#2;�%�\2�&amp#28;
���Y����7���LQs�Ĝ�c/&amp#14;��V{��)��&amp#8;=�G�M�nͭWl�F�W&amp#25;�.&amp#24;SU&amp#22;�t�]o0?`�&amp#0;��D=&amp#11;���&amp#8;k&amp#19;�@�(c�:��d
��D�&amp#20;N�a}��`&amp#2;z��&amp#14;�޼])|&amp#12;��z�F2Z&amp#24;�T[K�!���C��&amp#27;���&amp#1;4�|���&amp#19;�
/�qm��7�&amp#23;�m�i��5k&amp#20;r�IU��&amp#27;��4B/J֌�&amp#26;�P�:�-k&amp#19;��&amp#26;fA�.(����&amp#16;{�&amp#24;&amp#22;&amp#0;�&amp#19;���,��<a��ݕ�hy���"F0UMK�K�°���
�_R
@�e%&amp#7;�5;~myFTjG��f��'�����b�&amp#18;��I&amp#1;�Y�oJj�k�)�m�M��c��9W�NW�L����P��&amp#21;��&amp#5;�i�O��x�L4�n��t]�|�k�
C�
�����&amp#0;p%֋��٘�ô
|&amp#2;z�8&amp#7;��wP4ߎ&amp#28;�C��ߕ�&amp#30;�.@�IW<�&amp#19;�&amp#28;3'c�&amp#7;&amp#12;/Ũx�/�%&amp#5;�"k)�T&amp#24;�,�i�A�!9&amp#27;&amp#21; m&amp#19;��q&amp#22;�(�sW�Sm�&amp#6;�_O�&amp#1;FAJ�2}:��y�')hˁIío�Qj&amp#11;&amp#17;����&amp#25;&amp#30;�����_&amp#26;�����*&amp#26;���&amp#15;��>
݅�Y��[&amp#18;��h�s��v�ۥK?��?&/��x��&amp#7;&amp#21;L�`�j&amp#24;�b�&amp#16;����Y&amp#22;�ɦwߎlp{��2�����w�[?pgs�p&amp#23;���M� ��g�}�F&amp#19;ߣw�c|/&amp#8;�&amp#23;�q>Zi�	Pc��X��&amp#20;�&amp#4;�W���Jx��j�&amp#31;&amp#0;&amp#0;&amp#0;��&amp#3;&amp#0;PK&amp#3;&amp#4;&amp#20;&amp#0;&amp#6;&amp#0;&amp#8;&amp#0;&amp#0;&amp#0;!&amp#0;�"� 6&amp#1;&amp#0;&amp#0;A&amp#2;&amp#0;&amp#0;&amp#20;&amp#0;&amp#0;&amp#0;xl/sharedStrings.xmllR�J&amp#3;1&amp#16;|&amp#23;��#ｴUD��&amp#21;��P����Oeͭ��esf�U�ޜ
B�cfvfg�&amp#20;�&amp#15;�f&amp#7;&amp#12;l=�j�&amp#15;U�d|miW���vp�2&amp#22;�&amp#26;ZOX�Od5�NO
fɢ��T�H7њM�&amp#14;8�&amp#29;Rd^|p �&amp#25;v���Ps�(�����B;��2��$qoܲ'����/p���mUH5�y��/��ۻ�j]h�
�&amp#19;?�ڿ"m� M���8���4�&amp#26;�ϩ�%&amp#0;q�X㩵���.U~Kt&amp#12;�:�qRw��7���e�&amp#30;D-�&amp#17;-��T�a&amp#12;&amp#15;�0ŗ���C��Ѥ�)�&amp#8;��s���&amp#26;&amp#4;F�p&amp#15;���g)�B�X,&amp#31;͐Z��N�&amp#3;&amp#19;[��ų&amp#14;���O��&amp#23;��&amp#0;&amp#0;&amp#0;��&amp#3;&amp#0;PK&amp#3;&amp#4;&amp#20;&amp#0;&amp#6;&amp#0;&amp#8;&amp#0;&amp#0;&amp#0;!&amp#0;�����&amp#0;&amp#0;&amp#0;V&amp#1;&amp#0;&amp#0;#&amp#0;&amp#0;&amp#0;xl/worksheets/_rels/sheet1.xml.rels���j�0&amp#12;&amp#6;��`�`to��0�H�K7�a��=����4������g&amp#24;�&amp#21;&amp#6;;
I�~4�.i5�Tj&amp#20;&amp#30;a��`�����&amp#8;&amp#31;���&amp#19;���&amp#30;Wa&amp#26;�J&amp#21;v����N+j[�!�j��u������.P��I&n�YJBmeYlFw�C�?��ۀ��4&amp#7;?B9�-��5����2���^�9&amp#17;�&amp#31;'lhRY#�&amp#26;�e!�fkˌg
&amp#27;OI:Ν&amp#22;䚥ht�m�:'��,��oy^.J�q&amp#5;;
��&amp#27;�&amp#23;&amp#0;&amp#0;&amp#0;��&amp#3;&amp#0;PK&amp#3;&amp#4;&amp#20;&amp#0;&amp#6;&amp#0;&amp#8;&amp#0;&amp#0;&amp#0;!&amp#0;|��{R&amp#1;&amp#0;&amp#0;�&amp#2;&amp#0;&amp#0;&amp#17;&amp#0;&amp#8;&amp#1;docProps/core.xml �&amp#4;&amp#1;(�&amp#0;&amp#1;&amp#0;&amp#0;&amp#0;&amp#0;&amp#0;&amp#0;&amp#0;&amp#0;&amp#0;&amp#0;&amp#0;&amp#0;&amp#0;&amp#0;&amp#0;&amp#0;&amp#0;&amp#0;&amp#0;&amp#0;&amp#0;&amp#0;&amp#0;&amp#0;&amp#0;&amp#0;&amp#0;&amp#0;&amp#0;&amp#0;&amp#0;&amp#0;&amp#0;&amp#0;&amp#0;&amp#0;&amp#0;&amp#0;&amp#0;&amp#0;&amp#0;&amp#0;&amp#0;&amp#0;&amp#0;&amp#0;&amp#0;&amp#0;&amp#0;&amp#0;&amp#0;&amp#0;&amp#0;&amp#0;&amp#0;&amp#0;&amp#0;&amp#0;&amp#0;&amp#0;&amp#0;&amp#0;&amp#0;&amp#0;&amp#0;&amp#0;&amp#0;&amp#0;&amp#0;&amp#0;&amp#0;&amp#0;&amp#0;&amp#0;&amp#0;&amp#0;&amp#0;&amp#0;&amp#0;&amp#0;&amp#0;&amp#0;&amp#0;&amp#0;&amp#0;&amp#0;&amp#0;&amp#0;&amp#0;&amp#0;&amp#0;&amp#0;&amp#0;&amp#0;&amp#0;&amp#0;&amp#0;&amp#0;&amp#0;&amp#0;&amp#0;&amp#0;&amp#0;&amp#0;&amp#0;&amp#0;&amp#0;&amp#0;&amp#0;&amp#0;&amp#0;&amp#0;&amp#0;&amp#0;&amp#0;&amp#0;&amp#0;&amp#0;&amp#0;&amp#0;&amp#0;&amp#0;&amp#0;&amp#0;&amp#0;&amp#0;&amp#0;&amp#0;&amp#0;&amp#0;&amp#0;&amp#0;&amp#0;&amp#0;&amp#0;&amp#0;&amp#0;&amp#0;&amp#0;&amp#0;&amp#0;&amp#0;&amp#0;&amp#0;&amp#0;&amp#0;&amp#0;&amp#0;&amp#0;&amp#0;&amp#0;&amp#0;&amp#0;&amp#0;&amp#0;&amp#0;&amp#0;&amp#0;&amp#0;&amp#0;&amp#0;&amp#0;&amp#0;&amp#0;&amp#0;&amp#0;&amp#0;&amp#0;&amp#0;&amp#0;&amp#0;&amp#0;&amp#0;&amp#0;&amp#0;&amp#0;&amp#0;&amp#0;&amp#0;&amp#0;&amp#0;&amp#0;&amp#0;&amp#0;&amp#0;&amp#0;&amp#0;&amp#0;&amp#0;&amp#0;&amp#0;&amp#0;&amp#0;&amp#0;&amp#0;&amp#0;&amp#0;&amp#0;&amp#0;&amp#0;&amp#0;&amp#0;&amp#0;&amp#0;&amp#0;&amp#0;&amp#0;&amp#0;&amp#0;&amp#0;&amp#0;&amp#0;&amp#0;&amp#0;&amp#0;&amp#0;&amp#0;&amp#0;&amp#0;&amp#0;&amp#0;&amp#0;&amp#0;&amp#0;&amp#0;&amp#0;&amp#0;&amp#0;&amp#0;&amp#0;&amp#0;&amp#0;&amp#0;&amp#0;&amp#0;&amp#0;&amp#0;&amp#0;&amp#0;&amp#0;&amp#0;&amp#0;&amp#0;&amp#0;&amp#0;&amp#0;&amp#0;&amp#0;&amp#0;&amp#0;&amp#0;&amp#0;&amp#0;&amp#0;&amp#0;&amp#0;��_O�0&amp#20;��M�&amp#14;��P`��&amp#1;&amp#22;�M&amp#31;41qF�[�ލFZ�����[`Č1�������4�nd&amp#29;|���Q&amp#5;J�&amp#24;&amp#5;�XÅZ&amp#21;�y>&amp#11;�Q`&amp#29;U�֍�&amp#2;m��iy|�3MXc��4&amp#26;�&amp#19;`&amp#3;OR�0]��9M0��&amp#2;Im�&amp#21;�&amp#23;�����_��w�&amp#2;���)��(���&amp#22;&amp#24;ꁈvH�&amp#6;��0u&amp#7;�&amp#12;C
&amp#18;��8�&amp#18;��u`�������R����vv�l����X1&amp#8;��u��t6��&amp#4;�>�?uQC��]1@e�&amp#25;a&amp#6;�kLy&amp#7;��2�X���'��mE�X�x�j7ZS�&amp#30;��&amp#2;�����C���&amp#5;���&amp#25;�2�&amp#3;�+/����&amp#12;�i��a&amp#18;�q6O&$�_��z���F�/���?�&amp#25;I3rr6"�&amp#1;e�&amp#15;�M�&amp#5;&amp#0;&amp#0;��&amp#3;&amp#0;PK&amp#3;&amp#4;&amp#20;&amp#0;&amp#6;&amp#0;&amp#8;&amp#0;&amp#0;&amp#0;!&amp#0;e�3�&amp#1;&amp#0;&amp#0;9&amp#3;&amp#0;&amp#0;&amp#16;&amp#0;&amp#8;&amp#1;docProps/app.xml �&amp#4;&amp#1;(�&amp#0;&amp#1;&amp#0;&amp#0;&amp#0;&amp#0;&amp#0;&amp#0;&amp#0;&amp#0;&amp#0;&amp#0;&amp#0;&amp#0;&amp#0;&amp#0;&amp#0;&amp#0;&amp#0;&amp#0;&amp#0;&amp#0;&amp#0;&amp#0;&amp#0;&amp#0;&amp#0;&amp#0;&amp#0;&amp#0;&amp#0;&amp#0;&amp#0;&amp#0;&amp#0;&amp#0;&amp#0;&amp#0;&amp#0;&amp#0;&amp#0;&amp#0;&amp#0;&amp#0;&amp#0;&amp#0;&amp#0;&amp#0;&amp#0;&amp#0;&amp#0;&amp#0;&amp#0;&amp#0;&amp#0;&amp#0;&amp#0;&amp#0;&amp#0;&amp#0;&amp#0;&amp#0;&amp#0;&amp#0;&amp#0;&amp#0;&amp#0;&amp#0;&amp#0;&amp#0;&amp#0;&amp#0;&amp#0;&amp#0;&amp#0;&amp#0;&amp#0;&amp#0;&amp#0;&amp#0;&amp#0;&amp#0;&amp#0;&amp#0;&amp#0;&amp#0;&amp#0;&amp#0;&amp#0;&amp#0;&amp#0;&amp#0;&amp#0;&amp#0;&amp#0;&amp#0;&amp#0;&amp#0;&amp#0;&amp#0;&amp#0;&amp#0;&amp#0;&amp#0;&amp#0;&amp#0;&amp#0;&amp#0;&amp#0;&amp#0;&amp#0;&amp#0;&amp#0;&amp#0;&amp#0;&amp#0;&amp#0;&amp#0;&amp#0;&amp#0;&amp#0;&amp#0;&amp#0;&amp#0;&amp#0;&amp#0;&amp#0;&amp#0;&amp#0;&amp#0;&amp#0;&amp#0;&amp#0;&amp#0;&amp#0;&amp#0;&amp#0;&amp#0;&amp#0;&amp#0;&amp#0;&amp#0;&amp#0;&amp#0;&amp#0;&amp#0;&amp#0;&amp#0;&amp#0;&amp#0;&amp#0;&amp#0;&amp#0;&amp#0;&amp#0;&amp#0;&amp#0;&amp#0;&amp#0;&amp#0;&amp#0;&amp#0;&amp#0;&amp#0;&amp#0;&amp#0;&amp#0;&amp#0;&amp#0;&amp#0;&amp#0;&amp#0;&amp#0;&amp#0;&amp#0;&amp#0;&amp#0;&amp#0;&amp#0;&amp#0;&amp#0;&amp#0;&amp#0;&amp#0;&amp#0;&amp#0;&amp#0;&amp#0;&amp#0;&amp#0;&amp#0;&amp#0;&amp#0;&amp#0;&amp#0;&amp#0;&amp#0;&amp#0;&amp#0;&amp#0;&amp#0;&amp#0;&amp#0;&amp#0;&amp#0;&amp#0;&amp#0;&amp#0;&amp#0;&amp#0;&amp#0;&amp#0;&amp#0;&amp#0;&amp#0;&amp#0;&amp#0;&amp#0;&amp#0;&amp#0;&amp#0;&amp#0;&amp#0;&amp#0;&amp#0;&amp#0;&amp#0;&amp#0;&amp#0;&amp#0;&amp#0;&amp#0;&amp#0;&amp#0;&amp#0;&amp#0;&amp#0;&amp#0;&amp#0;&amp#0;&amp#0;&amp#0;&amp#0;&amp#0;&amp#0;&amp#0;&amp#0;&amp#0;&amp#0;&amp#0;&amp#0;&amp#0;&amp#0;&amp#0;&amp#0;&amp#0;&amp#0;&amp#0;���k�0&amp#16;��&amp#7;�&amp#31;��&amp#27;��(#�*%��`c���c��s,bKBw5����c�:�àow�}|�|'��C�f=$t�&amp#23;�r��&amp#12;�
��Bܗ�.��&amp#12;��ʴ�C!���Z��6)DH�&amp#0;3��X��(��D�@gp��g�&amp#14;�3�m��P���m�O&amp#29;x��<��p �&amp#21;T&amp#23;q
&amp#20;c⪧��V�&amp#14;|�P&amp#30;#&amp#3;ku&amp#19;c�!�J���&amp#20;0Ԕ}=Xh�����`����Ε��jkM&amp#11;k&amp#14;ֵi&amp#17;�|&amp#25;�;0��6�%Ԫ�U&amp#15;�B����-E�� &amp#12;8��Mr�&amp#19;c
��9�mDJ�wH{l&amp#0;&amp#8;�d�8<�s�v���d���8&amp#4;� ,�#��Z�_��$�&amp#31;�a�&amp#29;qn6�&amp#31;o
�9��Z�=��Q&amp#2;�k�&amp#25;�+�u��GF��&amp#31;���>��s�y��C�mL��/5�e&amp#26;�;�xj��uc�&amp#14;�g�[ax$&amp#15;㟠/�&amp#22;����?�)����?&amp#0;&amp#0;&amp#0;��&amp#3;&amp#0;PK&amp#1;&amp#2;-&amp#0;&amp#20;&amp#0;&amp#6;&amp#0;&amp#8;&amp#0;&amp#0;&amp#0;!&amp#0;&amp#18;&amp#24;��d&amp#1;&amp#0;&amp#0;&amp#24;&amp#5;&amp#0;&amp#0;&amp#19;&amp#0;&amp#0;&amp#0;&amp#0;&amp#0;&amp#0;&amp#0;&amp#0;&amp#0;&amp#0;&amp#0;&amp#0;&amp#0;&amp#0;&amp#0;&amp#0;&amp#0;[Content_Types].xmlPK&amp#1;&amp#2;-&amp#0;&amp#20;&amp#0;&amp#6;&amp#0;&amp#8;&amp#0;&amp#0;&amp#0;!&amp#0;�U0#�&amp#0;&amp#0;&amp#0;L&amp#2;&amp#0;&amp#0;&amp#11;&amp#0;&amp#0;&amp#0;&amp#0;&amp#0;&amp#0;&amp#0;&amp#0;&amp#0;&amp#0;&amp#0;&amp#0;&amp#0;�&amp#3;&amp#0;&amp#0;_rels/.relsPK&amp#1;&amp#2;-&amp#0;&amp#20;&amp#0;&amp#6;&amp#0;&amp#8;&amp#0;&amp#0;&amp#0;!&amp#0;�N���&amp#3;&amp#0;&amp#0;_	&amp#0;&amp#0;&amp#15;&amp#0;&amp#0;&amp#0;&amp#0;&amp#0;&amp#0;&amp#0;&amp#0;&amp#0;&amp#0;&amp#0;&amp#0;&amp#0;�&amp#6;&amp#0;&amp#0;xl/workbook.xmlPK&amp#1;&amp#2;-&amp#0;&amp#20;&amp#0;&amp#6;&amp#0;&amp#8;&amp#0;&amp#0;&amp#0;!&amp#0;J��a�&amp#0;&amp#0;&amp#0;G&amp#3;&amp#0;&amp#0;&amp#26;&amp#0;&amp#0;&amp#0;&amp#0;&amp#0;&amp#0;&amp#0;&amp#0;&amp#0;&amp#0;&amp#0;&amp#0;&amp#0;�
&amp#0;&amp#0;xl/_rels/workbook.xml.relsPK&amp#1;&amp#2;-&amp#0;&amp#20;&amp#0;&amp#6;&amp#0;&amp#8;&amp#0;&amp#0;&amp#0;!&amp#0;�xO��&amp#3;&amp#0;&amp#0;�&amp#8;&amp#0;&amp#0;&amp#24;&amp#0;&amp#0;&amp#0;&amp#0;&amp#0;&amp#0;&amp#0;&amp#0;&amp#0;&amp#0;&amp#0;&amp#0;&amp#0;�&amp#12;&amp#0;&amp#0;xl/worksheets/sheet1.xmlPK&amp#1;&amp#2;-&amp#0;&amp#20;&amp#0;&amp#6;&amp#0;&amp#8;&amp#0;&amp#0;&amp#0;!&amp#0;���C�&amp#2;&amp#0;&amp#0;�&amp#6;&amp#0;&amp#0;&amp#24;&amp#0;&amp#0;&amp#0;&amp#0;&amp#0;&amp#0;&amp#0;&amp#0;&amp#0;&amp#0;&amp#0;&amp#0;&amp#0;�&amp#16;&amp#0;&amp#0;xl/worksheets/sheet2.xmlPK&amp#1;&amp#2;-&amp#0;&amp#20;&amp#0;&amp#6;&amp#0;&amp#8;&amp#0;&amp#0;&amp#0;!&amp#0;�&amp#23;&amp#16;�N&amp#7;&amp#0;&amp#0;� &amp#0;&amp#0;&amp#19;&amp#0;&amp#0;&amp#0;&amp#0;&amp#0;&amp#0;&amp#0;&amp#0;&amp#0;&amp#0;&amp#0;&amp#0;&amp#0;&amp#2;&amp#20;&amp#0;&amp#0;xl/theme/theme1.xmlPK&amp#1;&amp#2;-&amp#0;&amp#20;&amp#0;&amp#6;&amp#0;&amp#8;&amp#0;&amp#0;&amp#0;!&amp#0;&amp#6;}&amp#23;y�&amp#3;&amp#0;&amp#0;�
&amp#0;&amp#0;
&amp#0;&amp#0;&amp#0;&amp#0;&amp#0;&amp#0;&amp#0;&amp#0;&amp#0;&amp#0;&amp#0;&amp#0;&amp#0;�&amp#27;&amp#0;&amp#0;xl/styles.xmlPK&amp#1;&amp#2;-&amp#0;&amp#20;&amp#0;&amp#6;&amp#0;&amp#8;&amp#0;&amp#0;&amp#0;!&amp#0;�"� 6&amp#1;&amp#0;&amp#0;A&amp#2;&amp#0;&amp#0;&amp#20;&amp#0;&amp#0;&amp#0;&amp#0;&amp#0;&amp#0;&amp#0;&amp#0;&amp#0;&amp#0;&amp#0;&amp#0;&amp#0;Y&amp#31;&amp#0;&amp#0;xl/sharedStrings.xmlPK&amp#1;&amp#2;-&amp#0;&amp#20;&amp#0;&amp#6;&amp#0;&amp#8;&amp#0;&amp#0;&amp#0;!&amp#0;�����&amp#0;&amp#0;&amp#0;V&amp#1;&amp#0;&amp#0;#&amp#0;&amp#0;&amp#0;&amp#0;&amp#0;&amp#0;&amp#0;&amp#0;&amp#0;&amp#0;&amp#0;&amp#0;&amp#0;� &amp#0;&amp#0;xl/worksheets/_rels/sheet1.xml.relsPK&amp#1;&amp#2;-&amp#0;&amp#20;&amp#0;&amp#6;&amp#0;&amp#8;&amp#0;&amp#0;&amp#0;!&amp#0;|��{R&amp#1;&amp#0;&amp#0;�&amp#2;&amp#0;&amp#0;&amp#17;&amp#0;&amp#0;&amp#0;&amp#0;&amp#0;&amp#0;&amp#0;&amp#0;&amp#0;&amp#0;&amp#0;&amp#0;&amp#0;�!&amp#0;&amp#0;docProps/core.xmlPK&amp#1;&amp#2;-&amp#0;&amp#20;&amp#0;&amp#6;&amp#0;&amp#8;&amp#0;&amp#0;&amp#0;!&amp#0;e�3�&amp#1;&amp#0;&amp#0;9&amp#3;&amp#0;&amp#0;&amp#16;&amp#0;&amp#0;&amp#0;&amp#0;&amp#0;&amp#0;&amp#0;&amp#0;&amp#0;&amp#0;&amp#0;&amp#0;&amp#0;h$&amp#0;&amp#0;docProps/app.xmlPK&amp#5;&amp#6;&amp#0;&amp#0;&amp#0;&amp#0;&amp#12;&amp#0;&amp#12;&amp#0;&amp#23;&amp#3;&amp#0;&amp#0;2'&amp#0;&amp#0;&amp#0;&amp#0;

[main] ERROR io.qameta.allure.AllureLifecycle - Could not add attachment: no test is running
[main] INFO com.shaft.tools.io.ReportManagerHelper - [ReportManager] Successfully created attachment "SHAFT Engine Logs - Current Method log: perparedata" @12-10-2022 16:10:53.0453 PM
[main] INFO com.shaft.tools.io.ReportManagerHelper - [ReportManager] Setting discrete logging to: "false" @12-10-2022 16:10:53.0454 PM
[main] INFO com.shaft.tools.io.ReportManagerHelper - [ReportManager] Setting discrete logging to: "false" @12-10-2022 16:10:53.0504 PM
[main] INFO com.shaft.tools.io.ReportManagerHelper - [ReportManager] Setting discrete logging to: "false" @12-10-2022 16:10:53.0504 PM
[main] INFO com.shaft.tools.io.ReportManagerHelper - [ReportManager] File Action "DoesFileExist" successfully performed. With the following test data "File Path: "SteeringCompanyAPI_TestData/SteeringCompanyAPI_TestData.xlsx"". @12-10-2022 16:10:53.0513 PM
[main] INFO com.shaft.tools.io.ReportManagerHelper - [ReportManager] Successfully created attachment "Test Data - Excel" @12-10-2022 16:10:53.0553 PM
[main] INFO com.shaft.tools.io.ReportManagerHelper - [ReportManager] Debugging Attachment Entry @12-10-2022 16:10:53.0553 PM
PK&amp#3;&amp#4;&amp#20;&amp#0;&amp#6;&amp#0;&amp#8;&amp#0;&amp#0;&amp#0;!&amp#0;&amp#18;&amp#24;��d&amp#1;&amp#0;&amp#0;&amp#24;&amp#5;&amp#0;&amp#0;&amp#19;&amp#0;&amp#8;&amp#2;[Content_Types].xml �&amp#4;&amp#2;(�&amp#0;&amp#2;&amp#0;&amp#0;&amp#0;&amp#0;&amp#0;&amp#0;&amp#0;&amp#0;&amp#0;&amp#0;&amp#0;&amp#0;&amp#0;&amp#0;&amp#0;&amp#0;&amp#0;&amp#0;&amp#0;&amp#0;&amp#0;&amp#0;&amp#0;&amp#0;&amp#0;&amp#0;&amp#0;&amp#0;&amp#0;&amp#0;&amp#0;&amp#0;&amp#0;&amp#0;&amp#0;&amp#0;&amp#0;&amp#0;&amp#0;&amp#0;&amp#0;&amp#0;&amp#0;&amp#0;&amp#0;&amp#0;&amp#0;&amp#0;&amp#0;&amp#0;&amp#0;&amp#0;&amp#0;&amp#0;&amp#0;&amp#0;&amp#0;&amp#0;&amp#0;&amp#0;&amp#0;&amp#0;&amp#0;&amp#0;&amp#0;&amp#0;&amp#0;&amp#0;&amp#0;&amp#0;&amp#0;&amp#0;&amp#0;&amp#0;&amp#0;&amp#0;&amp#0;&amp#0;&amp#0;&amp#0;&amp#0;&amp#0;&amp#0;&amp#0;&amp#0;&amp#0;&amp#0;&amp#0;&amp#0;&amp#0;&amp#0;&amp#0;&amp#0;&amp#0;&amp#0;&amp#0;&amp#0;&amp#0;&amp#0;&amp#0;&amp#0;&amp#0;&amp#0;&amp#0;&amp#0;&amp#0;&amp#0;&amp#0;&amp#0;&amp#0;&amp#0;&amp#0;&amp#0;&amp#0;&amp#0;&amp#0;&amp#0;&amp#0;&amp#0;&amp#0;&amp#0;&amp#0;&amp#0;&amp#0;&amp#0;&amp#0;&amp#0;&amp#0;&amp#0;&amp#0;&amp#0;&amp#0;&amp#0;&amp#0;&amp#0;&amp#0;&amp#0;&amp#0;&amp#0;&amp#0;&amp#0;&amp#0;&amp#0;&amp#0;&amp#0;&amp#0;&amp#0;&amp#0;&amp#0;&amp#0;&amp#0;&amp#0;&amp#0;&amp#0;&amp#0;&amp#0;&amp#0;&amp#0;&amp#0;&amp#0;&amp#0;&amp#0;&amp#0;&amp#0;&amp#0;&amp#0;&amp#0;&amp#0;&amp#0;&amp#0;&amp#0;&amp#0;&amp#0;&amp#0;&amp#0;&amp#0;&amp#0;&amp#0;&amp#0;&amp#0;&amp#0;&amp#0;&amp#0;&amp#0;&amp#0;&amp#0;&amp#0;&amp#0;&amp#0;&amp#0;&amp#0;&amp#0;&amp#0;&amp#0;&amp#0;&amp#0;&amp#0;&amp#0;&amp#0;&amp#0;&amp#0;&amp#0;&amp#0;&amp#0;&amp#0;&amp#0;&amp#0;&amp#0;&amp#0;&amp#0;&amp#0;&amp#0;&amp#0;&amp#0;&amp#0;&amp#0;&amp#0;&amp#0;&amp#0;&amp#0;&amp#0;&amp#0;&amp#0;&amp#0;&amp#0;&amp#0;&amp#0;&amp#0;&amp#0;&amp#0;&amp#0;&amp#0;&amp#0;&amp#0;&amp#0;&amp#0;&amp#0;&amp#0;&amp#0;&amp#0;&amp#0;&amp#0;&amp#0;&amp#0;&amp#0;&amp#0;&amp#0;&amp#0;&amp#0;&amp#0;&amp#0;&amp#0;&amp#0;&amp#0;&amp#0;&amp#0;&amp#0;&amp#0;&amp#0;&amp#0;&amp#0;&amp#0;&amp#0;&amp#0;&amp#0;&amp#0;&amp#0;&amp#0;&amp#0;&amp#0;&amp#0;&amp#0;&amp#0;&amp#0;&amp#0;&amp#0;&amp#0;&amp#0;&amp#0;&amp#0;&amp#0;&amp#0;&amp#0;&amp#0;&amp#0;&amp#0;&amp#0;&amp#0;&amp#0;&amp#0;&amp#0;&amp#0;&amp#0;&amp#0;&amp#0;&amp#0;&amp#0;&amp#0;&amp#0;&amp#0;&amp#0;&amp#0;&amp#0;&amp#0;&amp#0;&amp#0;&amp#0;&amp#0;&amp#0;&amp#0;&amp#0;&amp#0;&amp#0;&amp#0;&amp#0;&amp#0;&amp#0;&amp#0;&amp#0;&amp#0;&amp#0;&amp#0;&amp#0;&amp#0;&amp#0;&amp#0;&amp#0;&amp#0;&amp#0;&amp#0;&amp#0;&amp#0;&amp#0;&amp#0;&amp#0;&amp#0;&amp#0;&amp#0;&amp#0;&amp#0;&amp#0;&amp#0;&amp#0;&amp#0;&amp#0;&amp#0;&amp#0;&amp#0;&amp#0;&amp#0;&amp#0;&amp#0;&amp#0;&amp#0;&amp#0;&amp#0;&amp#0;&amp#0;&amp#0;&amp#0;&amp#0;&amp#0;&amp#0;&amp#0;&amp#0;&amp#0;&amp#0;&amp#0;&amp#0;&amp#0;&amp#0;&amp#0;&amp#0;&amp#0;&amp#0;&amp#0;&amp#0;&amp#0;&amp#0;&amp#0;&amp#0;&amp#0;&amp#0;&amp#0;&amp#0;&amp#0;&amp#0;&amp#0;&amp#0;&amp#0;&amp#0;&amp#0;&amp#0;&amp#0;&amp#0;&amp#0;&amp#0;&amp#0;&amp#0;&amp#0;&amp#0;&amp#0;&amp#0;&amp#0;&amp#0;&amp#0;&amp#0;&amp#0;&amp#0;&amp#0;&amp#0;&amp#0;&amp#0;&amp#0;&amp#0;&amp#0;&amp#0;&amp#0;&amp#0;&amp#0;&amp#0;&amp#0;&amp#0;&amp#0;&amp#0;&amp#0;&amp#0;&amp#0;&amp#0;&amp#0;&amp#0;&amp#0;&amp#0;&amp#0;&amp#0;&amp#0;&amp#0;&amp#0;&amp#0;&amp#0;&amp#0;&amp#0;&amp#0;&amp#0;&amp#0;&amp#0;&amp#0;&amp#0;&amp#0;&amp#0;&amp#0;&amp#0;&amp#0;&amp#0;&amp#0;&amp#0;&amp#0;&amp#0;&amp#0;&amp#0;&amp#0;&amp#0;&amp#0;&amp#0;&amp#0;&amp#0;&amp#0;&amp#0;&amp#0;&amp#0;&amp#0;&amp#0;&amp#0;&amp#0;&amp#0;&amp#0;&amp#0;&amp#0;&amp#0;&amp#0;&amp#0;&amp#0;&amp#0;&amp#0;&amp#0;&amp#0;&amp#0;&amp#0;&amp#0;&amp#0;&amp#0;&amp#0;&amp#0;&amp#0;&amp#0;&amp#0;&amp#0;&amp#0;&amp#0;&amp#0;&amp#0;&amp#0;&amp#0;&amp#0;&amp#0;&amp#0;&amp#0;&amp#0;&amp#0;&amp#0;&amp#0;&amp#0;Ĕ�n�0&amp#12;���&amp#14;U�S&amp#27;�0M&amp#19;���&amp#28;7��&amp#7;�&amp#26;C#�$�
���&amp#27;`��&amp#14;�@ڥQ&amp#27;��~qc&amp#15;���f+�h�+E��&amp#12;\�q�R�O��;�!)���&amp#14;J�&amp#1;&amp#20;����p�	�&amp#25;g;,EM&amp#20;�Ī�Fa�&amp#3;8ޙ��(��8�AU&amp#11;5&amp#7;9��ne�&amp#29;���Z
1&amp#26;>�L--eOk��%�`Qd&amp#15;��֫&amp#20;*&amp#4;k*EL*WN�r�w&amp#14;&amp#5;g�&amp#24;�M�&amp#27;�&amp#16;�ӡ���`��ʥ�FC6Q�^T�&amp#24;rm姏�&amp#15;�&amp#23;�a�&amp#14;J?��
���
W��&amp#16;Ai�&amp#1;��EZ�F&amp#25;��>���Q��a��|I�D��?q&amp#16;�;��y~)�̑�#m,�&amp#18;=�\�&amp#8;��"w��&amp#1;~j&amp#31;���;�> wr�ӫ�o�6;&amp#15;,&amp#4;�&amp#12;|7kץ�v�)pv١�3&amp#26;t��Lsm�&amp#5;&amp#0;&amp#0;��&amp#3;&amp#0;PK&amp#3;&amp#4;&amp#20;&amp#0;&amp#6;&amp#0;&amp#8;&amp#0;&amp#0;&amp#0;!&amp#0;�U0#�&amp#0;&amp#0;&amp#0;L&amp#2;&amp#0;&amp#0;&amp#11;&amp#0;&amp#8;&amp#2;_rels/.rels �&amp#4;&amp#2;(�&amp#0;&amp#2;&amp#0;&amp#0;&amp#0;&amp#0;&amp#0;&amp#0;&amp#0;&amp#0;&amp#0;&amp#0;&amp#0;&amp#0;&amp#0;&amp#0;&amp#0;&amp#0;&amp#0;&amp#0;&amp#0;&amp#0;&amp#0;&amp#0;&amp#0;&amp#0;&amp#0;&amp#0;&amp#0;&amp#0;&amp#0;&amp#0;&amp#0;&amp#0;&amp#0;&amp#0;&amp#0;&amp#0;&amp#0;&amp#0;&amp#0;&amp#0;&amp#0;&amp#0;&amp#0;&amp#0;&amp#0;&amp#0;&amp#0;&amp#0;&amp#0;&amp#0;&amp#0;&amp#0;&amp#0;&amp#0;&amp#0;&amp#0;&amp#0;&amp#0;&amp#0;&amp#0;&amp#0;&amp#0;&amp#0;&amp#0;&amp#0;&amp#0;&amp#0;&amp#0;&amp#0;&amp#0;&amp#0;&amp#0;&amp#0;&amp#0;&amp#0;&amp#0;&amp#0;&amp#0;&amp#0;&amp#0;&amp#0;&amp#0;&amp#0;&amp#0;&amp#0;&amp#0;&amp#0;&amp#0;&amp#0;&amp#0;&amp#0;&amp#0;&amp#0;&amp#0;&amp#0;&amp#0;&amp#0;&amp#0;&amp#0;&amp#0;&amp#0;&amp#0;&amp#0;&amp#0;&amp#0;&amp#0;&amp#0;&amp#0;&amp#0;&amp#0;&amp#0;&amp#0;&amp#0;&amp#0;&amp#0;&amp#0;&amp#0;&amp#0;&amp#0;&amp#0;&amp#0;&amp#0;&amp#0;&amp#0;&amp#0;&amp#0;&amp#0;&amp#0;&amp#0;&amp#0;&amp#0;&amp#0;&amp#0;&amp#0;&amp#0;&amp#0;&amp#0;&amp#0;&amp#0;&amp#0;&amp#0;&amp#0;&amp#0;&amp#0;&amp#0;&amp#0;&amp#0;&amp#0;&amp#0;&amp#0;&amp#0;&amp#0;&amp#0;&amp#0;&amp#0;&amp#0;&amp#0;&amp#0;&amp#0;&amp#0;&amp#0;&amp#0;&amp#0;&amp#0;&amp#0;&amp#0;&amp#0;&amp#0;&amp#0;&amp#0;&amp#0;&amp#0;&amp#0;&amp#0;&amp#0;&amp#0;&amp#0;&amp#0;&amp#0;&amp#0;&amp#0;&amp#0;&amp#0;&amp#0;&amp#0;&amp#0;&amp#0;&amp#0;&amp#0;&amp#0;&amp#0;&amp#0;&amp#0;&amp#0;&amp#0;&amp#0;&amp#0;&amp#0;&amp#0;&amp#0;&amp#0;&amp#0;&amp#0;&amp#0;&amp#0;&amp#0;&amp#0;&amp#0;&amp#0;&amp#0;&amp#0;&amp#0;&amp#0;&amp#0;&amp#0;&amp#0;&amp#0;&amp#0;&amp#0;&amp#0;&amp#0;&amp#0;&amp#0;&amp#0;&amp#0;&amp#0;&amp#0;&amp#0;&amp#0;&amp#0;&amp#0;&amp#0;&amp#0;&amp#0;&amp#0;&amp#0;&amp#0;&amp#0;&amp#0;&amp#0;&amp#0;&amp#0;&amp#0;&amp#0;&amp#0;&amp#0;&amp#0;&amp#0;&amp#0;&amp#0;&amp#0;&amp#0;&amp#0;&amp#0;&amp#0;&amp#0;&amp#0;&amp#0;&amp#0;&amp#0;&amp#0;&amp#0;&amp#0;&amp#0;&amp#0;&amp#0;&amp#0;&amp#0;&amp#0;&amp#0;&amp#0;&amp#0;&amp#0;&amp#0;&amp#0;&amp#0;&amp#0;&amp#0;&amp#0;&amp#0;&amp#0;&amp#0;&amp#0;&amp#0;&amp#0;&amp#0;&amp#0;&amp#0;&amp#0;&amp#0;&amp#0;&amp#0;&amp#0;&amp#0;&amp#0;&amp#0;&amp#0;&amp#0;&amp#0;&amp#0;&amp#0;&amp#0;&amp#0;&amp#0;&amp#0;&amp#0;&amp#0;&amp#0;&amp#0;&amp#0;&amp#0;&amp#0;&amp#0;&amp#0;&amp#0;&amp#0;&amp#0;&amp#0;&amp#0;&amp#0;&amp#0;&amp#0;&amp#0;&amp#0;&amp#0;&amp#0;&amp#0;&amp#0;&amp#0;&amp#0;&amp#0;&amp#0;&amp#0;&amp#0;&amp#0;&amp#0;&amp#0;&amp#0;&amp#0;&amp#0;&amp#0;&amp#0;&amp#0;&amp#0;&amp#0;&amp#0;&amp#0;&amp#0;&amp#0;&amp#0;&amp#0;&amp#0;&amp#0;&amp#0;&amp#0;&amp#0;&amp#0;&amp#0;&amp#0;&amp#0;&amp#0;&amp#0;&amp#0;&amp#0;&amp#0;&amp#0;&amp#0;&amp#0;&amp#0;&amp#0;&amp#0;&amp#0;&amp#0;&amp#0;&amp#0;&amp#0;&amp#0;&amp#0;&amp#0;&amp#0;&amp#0;&amp#0;&amp#0;&amp#0;&amp#0;&amp#0;&amp#0;&amp#0;&amp#0;&amp#0;&amp#0;&amp#0;&amp#0;&amp#0;&amp#0;&amp#0;&amp#0;&amp#0;&amp#0;&amp#0;&amp#0;&amp#0;&amp#0;&amp#0;&amp#0;&amp#0;&amp#0;&amp#0;&amp#0;&amp#0;&amp#0;&amp#0;&amp#0;&amp#0;&amp#0;&amp#0;&amp#0;&amp#0;&amp#0;&amp#0;&amp#0;&amp#0;&amp#0;&amp#0;&amp#0;&amp#0;&amp#0;&amp#0;&amp#0;&amp#0;&amp#0;&amp#0;&amp#0;&amp#0;&amp#0;&amp#0;&amp#0;&amp#0;&amp#0;&amp#0;&amp#0;&amp#0;&amp#0;&amp#0;&amp#0;&amp#0;&amp#0;&amp#0;&amp#0;&amp#0;&amp#0;&amp#0;&amp#0;&amp#0;&amp#0;&amp#0;&amp#0;&amp#0;&amp#0;&amp#0;&amp#0;&amp#0;&amp#0;&amp#0;&amp#0;&amp#0;&amp#0;&amp#0;&amp#0;&amp#0;&amp#0;&amp#0;&amp#0;&amp#0;&amp#0;&amp#0;&amp#0;&amp#0;&amp#0;&amp#0;&amp#0;&amp#0;&amp#0;&amp#0;&amp#0;&amp#0;&amp#0;&amp#0;&amp#0;&amp#0;&amp#0;&amp#0;&amp#0;&amp#0;&amp#0;&amp#0;&amp#0;&amp#0;&amp#0;&amp#0;&amp#0;&amp#0;&amp#0;&amp#0;&amp#0;&amp#0;&amp#0;&amp#0;&amp#0;&amp#0;&amp#0;&amp#0;��MO�0&amp#12;��H�����ݐ&amp#16;BKwAH�!T~�I�&amp#15;���$&amp#27;ݿ'&amp#28;&amp#16;T&amp#26;�&amp#3;G�~����<���!��4��&amp#18;&amp#20;;#�w����qu&amp#7;*&r�Fq���&amp#17;v�����GJy(v��*����K��#F��D�&amp#16;�.W&amp#26;	&amp#19;�&amp#28;�&amp#22;=��Z�MY�b��&amp#1;�BS���7��ϛז��
?�9L�ҙ&amp#21;�sbgٮ|�l!��&amp#26;USh9i�b�r:"y_dl��D��&amp#19;�|-N��R"4&amp#18;�2�G�%��Z�4�˝y�7	ë��ɂ�&amp#31;��&amp#1;&amp#0;&amp#0;��&amp#3;&amp#0;PK&amp#3;&amp#4;&amp#20;&amp#0;&amp#6;&amp#0;&amp#8;&amp#0;&amp#0;&amp#0;!&amp#0;�N���&amp#3;&amp#0;&amp#0;_	&amp#0;&amp#0;&amp#15;&amp#0;&amp#0;&amp#0;xl/workbook.xml�Umo�8&amp#16;�~���(���!	&amp#16;&amp#21;Vy!�Je�h����*㘒#�s�S@���&amp#29;&amp#7;B�r:q�C�`{����g&�_ve��R.rV�ttc�&amp#26;�&amp#8;���e���&�@ׄ�U�&amp#11;Vё��B�2����-�%c&amp#27;
&amp#0;*1��R־i
��%&amp#22;7��&amp#21;�&amp#24;/��)1E�)�ĚRY&amp#22;�mY�Y��&amp#15;&amp#8;>�&amp#6;��V9�1#MI+y&amp#0;��&amp#18;�u^�&amp#14;�$����o�� ��&amp#1;b�&amp#23;�ܷ��V&amp#18;��b&amp#28;/&amp#11;p{�\m����&amp#15;Y0��M�uqU�&amp#19;�&amp#4;[�&amp#27;�6&amp#15;�/�G��Ї&amp#16;�.cp&amp#29;�cr���&amp#28;�Xq�&amp#19;��&amp#14;���FC �V+>&amp#4;�h��oWyA&amp#31;&amp#15;��p]ť�T�k&amp#5;&amp#22;r��f#�&amp#15;S��&amp#31;&amp#22;xS�M^���z�P7�'9ϸ��&amp#21;n
���;x�&amp#12;�&amp#27;ڮ�&amp#4;a&amp#4;���F���ã_?��&amp#22;;Z3P�6�79�PX�/�&amp#21;FL|�&amp#20;3,�ZË�&amp#30;�&amp#11;J
�<5T1�&amp#26;&amp#19;���g��E�&amp#20;�4x�&amp#11;IK&amp#17;���Bp��&amp#16;�&amp#5;���&amp#19;*�i�%N �b� )�P��*�j&amp#15;��S�W&amp#6;�3�����&amp#15;j�D�Є&amp#24;&amp#30;�<��1��.�;E�$���]|&amp#15;Y}���cPRvl&amp#1;w�D�{�&amp#8;���[&amp#28;8��űa&amp#15;&amp#2;�p&amp#2;�6�A��� ���&amp#14;�~�
��O&amp#24;n��(&amp#31;&amp#5;=�&amp#29;����&amp#20;�&amp#29;d�M���x��&amp#31;C=&amp#24;��o�a�(&amp#31;s�&amp#21;�BSSm��W&amp#25;ێt&amp#3;Y�h�&amp#31;��v�)��&amp#26;��&amp#3;���a�7����1�&amp#29;����_i����\�&amp#21;ϑ��&amp#14;Q?F�m��^�p���&amp#8;�!&amp#12;Iҏ���Dq��3�&amp#8;�
&amp#26;��O�j�J�A	&amp#1;�&amp#5;�}�A�5�[�]�����)���\Ag&amp#7;�q�&amp#14;ڭ&amp#26;�&amp#27;	.&amp#8;ԟz�7&amp#12;�u(N���B�o�	���3�XA�&amp#26;:�5鹆3&amp#24;�����F�����O�I�D�w��t�&amp#2;�X�1�)�d&amp#3;53��&amp#16;&amp#11;Pf&amp#27;	&amp#19;x��
�Ah������p��2��s&amp#12;7Nzn&amp#31;��ą4td���O�ǁٞ�X6P�m�s_��q���:,&amp#28;S����y�2s<�o�&amp#15;�}A�4N&amp#30;�4��N�镶����)��8��qp�}0�&amp#7;��?�+�&amp#12;�!�jlejv2&amp#25;&amp#7;&amp#0;&amp#0;��&amp#3;&amp#0;PK&amp#3;&amp#4;&amp#20;&amp#0;&amp#6;&amp#0;&amp#8;&amp#0;&amp#0;&amp#0;!&amp#0;J��a�&amp#0;&amp#0;&amp#0;G&amp#3;&amp#0;&amp#0;&amp#26;&amp#0;&amp#8;&amp#1;xl/_rels/workbook.xml.rels �&amp#4;&amp#1;(�&amp#0;&amp#1;&amp#0;&amp#0;&amp#0;&amp#0;&amp#0;&amp#0;&amp#0;&amp#0;&amp#0;&amp#0;&amp#0;&amp#0;&amp#0;&amp#0;&amp#0;&amp#0;&amp#0;&amp#0;&amp#0;&amp#0;&amp#0;&amp#0;&amp#0;&amp#0;&amp#0;&amp#0;&amp#0;&amp#0;&amp#0;&amp#0;&amp#0;&amp#0;&amp#0;&amp#0;&amp#0;&amp#0;&amp#0;&amp#0;&amp#0;&amp#0;&amp#0;&amp#0;&amp#0;&amp#0;&amp#0;&amp#0;&amp#0;&amp#0;&amp#0;&amp#0;&amp#0;&amp#0;&amp#0;&amp#0;&amp#0;&amp#0;&amp#0;&amp#0;&amp#0;&amp#0;&amp#0;&amp#0;&amp#0;&amp#0;&amp#0;&amp#0;&amp#0;&amp#0;&amp#0;&amp#0;&amp#0;&amp#0;&amp#0;&amp#0;&amp#0;&amp#0;&amp#0;&amp#0;&amp#0;&amp#0;&amp#0;&amp#0;&amp#0;&amp#0;&amp#0;&amp#0;&amp#0;&amp#0;&amp#0;&amp#0;&amp#0;&amp#0;&amp#0;&amp#0;&amp#0;&amp#0;&amp#0;&amp#0;&amp#0;&amp#0;&amp#0;&amp#0;&amp#0;&amp#0;&amp#0;&amp#0;&amp#0;&amp#0;&amp#0;&amp#0;&amp#0;&amp#0;&amp#0;&amp#0;&amp#0;&amp#0;&amp#0;&amp#0;&amp#0;&amp#0;&amp#0;&amp#0;&amp#0;&amp#0;&amp#0;&amp#0;&amp#0;&amp#0;&amp#0;&amp#0;&amp#0;&amp#0;&amp#0;&amp#0;&amp#0;&amp#0;&amp#0;&amp#0;&amp#0;&amp#0;&amp#0;&amp#0;&amp#0;&amp#0;&amp#0;&amp#0;&amp#0;&amp#0;&amp#0;&amp#0;&amp#0;&amp#0;&amp#0;&amp#0;&amp#0;&amp#0;&amp#0;&amp#0;&amp#0;&amp#0;&amp#0;&amp#0;&amp#0;&amp#0;&amp#0;&amp#0;&amp#0;&amp#0;&amp#0;&amp#0;&amp#0;&amp#0;&amp#0;&amp#0;&amp#0;&amp#0;&amp#0;&amp#0;&amp#0;&amp#0;&amp#0;&amp#0;&amp#0;&amp#0;&amp#0;&amp#0;&amp#0;&amp#0;&amp#0;&amp#0;&amp#0;&amp#0;&amp#0;&amp#0;&amp#0;&amp#0;&amp#0;&amp#0;&amp#0;&amp#0;&amp#0;&amp#0;&amp#0;&amp#0;&amp#0;&amp#0;&amp#0;&amp#0;&amp#0;&amp#0;&amp#0;&amp#0;&amp#0;&amp#0;&amp#0;&amp#0;&amp#0;&amp#0;&amp#0;&amp#0;&amp#0;&amp#0;&amp#0;&amp#0;&amp#0;&amp#0;&amp#0;&amp#0;&amp#0;&amp#0;&amp#0;&amp#0;&amp#0;&amp#0;&amp#0;&amp#0;&amp#0;&amp#0;&amp#0;&amp#0;&amp#0;&amp#0;&amp#0;&amp#0;&amp#0;&amp#0;&amp#0;&amp#0;&amp#0;&amp#0;&amp#0;&amp#0;&amp#0;&amp#0;&amp#0;&amp#0;���j�0&amp#12;��ѽq��P�:{)����&amp#7;0�&amp#18;�Mlc�?y����6���У$4�1�f�9��&amp#29;#u�)(�&amp#28;&amp#4;�ڛε
^�OW� ��3��&amp#14;&amp#21;�H��./6��kNOd�@"�8R`�Ã�T[&amp#28;4e>�K���As&amp#26;c+��&amp#15;�EY�����5��i��Q&amp#16;w�&amp#26;�~&amp#12;��om�4]���~&amp#27;��&amp#25;&amp#11;ɉ&amp#11;���-��i�^&amp#22;Y&amp#2;&amp#5;y��\����&amp#3;YD>q&amp#28;W$�K�&amp#4;S�3�b2�k�&amp#17;�&amp#11;�T>:�3[/%s�*&amp#12;�}���+4�?�rV��&amp#11;&amp#0;&amp#0;��&amp#3;&amp#0;PK&amp#3;&amp#4;&amp#20;&amp#0;&amp#6;&amp#0;&amp#8;&amp#0;&amp#0;&amp#0;!&amp#0;�xO��&amp#3;&amp#0;&amp#0;�&amp#8;&amp#0;&amp#0;&amp#24;&amp#0;&amp#0;&amp#0;xl/worksheets/sheet1.xml��[��0&amp#24;��&amp#23;�?��k<�U�&amp#29;���s�,{��4�&amp#26;j���Ӗe��~Ѷ3P&amp#24;ʀ1��>�!o��G١&amp#23;��P}�C?���Lբ�&amp#22;���K12��5�T�&amp#11;|�&amp#6;?�&amp#30;>-&amp#15;J�L˹E@�M�[k��&amp#16;�Z.����{�i���§�&amp#18;3hN�Q$;&amp#18;&amp#5;��H*z<&amp#17;r}&amp#15;C5�`�Tl/yo'��&amp#29;���i�`.4���I�w��cJ&amp#14;�؈N��&amp#8;�H��i�+M7&amp#29;�}&amp#12;&amp#19;��Q�&amp#19;��/a��7��`Z&amp#25;�X&amp#31;�d�����d��+���0aB4&amp#17;�&amp#0;_Q��R
gWV�
�?&amp#8;�_a�]:ߋ���d&amp#29;F�����Z�^�ā����[�e���E���?�Z�&amp#2;N�U�4o
�&amp#14;�2�d�&amp#28;��K��y�FΎ&amp#27;�vn�	�&amp#4;@0���&amp#25;&amp#3;�?&amp#23;�sU��B����&amp#11;�&amp#26;]�M��7t�����mk�$~&amp#2;�8;���䆁&amp#15;!�&amp#31;;,S&amp#29;0���p�	lD��|&amp#16;�ma���Y2O&amp#23;3���X%�7��I&amp#8;�&amp#31;�0��I�A&amp#22;;݆&amp#27;[	�˻&amp#12;h�&amp#20;<�@tƼ&amp#27;����&amp#7;&amp#0;&amp#0;��&amp#0;&amp#0;&amp#0;�����&amp#14;� &amp#20;�_��&amp#0;&amp#17;Z�&amp#28;����`��&amp#31;��Y�}&amp#23;+��ss�cǏ�9&amp#7;��Z�����x�<�6%�&amp#4;�&k
�d&amp#7;딄$Pw�5չi+�
ȓ�J./QjU֠m7&amp#17;ɸ2&amp#19;Nfİ
t
j�&amp#29;8�3N՗ȧD�&amp#19;Ŕ8���&amp#18;lk&amp#17;
il$&amp#8;�"Ek#�&amp#17;)ٓ�Fb&amp#12;e�!�&amp#27;���p&amp#4;�&amp#31;�q�-v&amp#11;��0�&amp#29;z�͜�v,&amp#17;�&amp#23;b�չ��&amp#3;�&amp#29;3���h�(�&amp#12;u&amp#15;��='3�t�+6�B�&amp#5;�&amp#8;^���n�&amp#8;�
&amp#22;
,&amp#8;G����o�&amp#6;&amp#0;&amp#0;��&amp#0;&amp#0;&amp#0;��l��&amp#14;�0&amp#16;E��&amp#30;�B&amp#3;6@��&.�&amp#8;��&amp#17;&amp#30;%C�&amp#26;�&amp#11;&amp#24;�Dw��Ž3A
������Y_&amp#26;&amp#19;R�F��&amp#18;�4�&amp#27;&&amp#20;��_υ���/�?��>
�{&amp#11;X&amp#21;M���{`�P��HB��dE�
�e��bJr�U&amp#22;cܷ\o�X&amp#27;[�-W���ʽ'm�&amp#28;���m��1Ƭh:RA�?e/�~���)&amp#27;ݎ�Sr���z�&amp#28;�&amp#4;p���Tk3���Uc��&amp#0;&z&amp#1;&amp#0;&amp#0;��&amp#3;&amp#0;PK&amp#3;&amp#4;&amp#20;&amp#0;&amp#6;&amp#0;&amp#8;&amp#0;&amp#0;&amp#0;!&amp#0;���C�&amp#2;&amp#0;&amp#0;�&amp#6;&amp#0;&amp#0;&amp#24;&amp#0;&amp#0;&amp#0;xl/worksheets/sheet2.xml��K��0&amp#20;����&amp#31;,�@�&amp#1;&amp#20;2
CQgW��v�%X����cT���&amp#2;Jf�,&amp#26;���b�&amp#15;�ǳ��&amp#17;�&amp#17;�ϩ�.(���Z�����^9	%Ʋ�f��!�/`�����I�i&amp#1;,ABor�Z;d�gx&amp#11;�&amp#25;W
��L��d&amp#22;&amp#31;��3�&amp#6;VO/��&amp#11;&amp#22;�ؓL�t&d�&amp#30;�j&amp#26;��T� ��3DC�,�7�&amp#24;̅&�=8���08\�&amp#1;&amp#17;[�	�2A)�<{��J�m�}���qr�x&amp#4;x./2����&amp#20;\+�&amp#26;�"ٛ=߶�z����t��]&amp#24;?�4&amp#28;Ÿ����}����
^a�w��+l�\:;�:��0H��S�D�S�EZ8�jS9Q\&�&MS�*����&amp#22;��cWDC�Ӎ��K�WS~~
8�75�l�
:�&amp#22;Pçd��V����&amp#25;�&amp#22;H4ӂ�ȸ&amp#21;Gx���i���ߓ&amp#6;�(�]&amp#21;��&amp#23;�j
�&amp#23;Mjhء�_��3�]kQ6tCltLJV��`8F&amp#20;���7W&amp#29;2�J�&amp#24;5L&amp#24;;�^Emۜ�n&amp#28;��8�(ق��&amp#24;�����J������+&amp#3;�O&amp#12;�����M���O&amp#30;�&amp#11;�&?�&amp#0;&amp#0;&amp#0;��&amp#0;&amp#0;&amp#0;����[&amp#14;� &amp#16;E�Ұ&amp#0;)��&amp#26;J�%� �?}&amp#4;���VC[P&amp#19;�ȝ&amp#3;�a`���&amp#19;�I�L{KL�&amp#8;Jl'&amp#27;&amp#11;�"�u�2���um}jM-݈�I.Uq~&amp#8;m�n KW&amp#20;q��&amp#19;&amp#14;�&amp#17;�6�-�=�2�s�՛8��nIT1�_&amp#18;"&H�&amp#17;&amp#12;�����yK?݁��y`=�m&amp#2;�y�d��H?K�?$����@r&amp#24;C�I6]3&amp#14;����8�&amp#29;���&amp#19;&amp#0;&amp#0;��&amp#0;&amp#0;&amp#0;���)HLO�M,J��+V�IM+�U2�3WR(�Lπ�K�&amp#11;���J
I�%%��0^FjbJj&amp#17;�g�����_&amp#2;������&amp#23;e&amp#23;g����&amp#1;&amp#0;&amp#0;&amp#0;��&amp#3;&amp#0;PK&amp#3;&amp#4;&amp#20;&amp#0;&amp#6;&amp#0;&amp#8;&amp#0;&amp#0;&amp#0;!&amp#0;�&amp#23;&amp#16;�N&amp#7;&amp#0;&amp#0;� &amp#0;&amp#0;&amp#19;&amp#0;&amp#0;&amp#0;xl/theme/theme1.xml�Y͋&amp#27;7&amp#20;�&amp#23;�?&amp#12;sw�5�%���l��$d��&amp#28;���QV32��&amp#27;&amp#19;&amp#2;%9�R(���Bo=��@&amp#3;
��	$��&amp#31;�'��#��$�lJZv
�G������~z�t�ҽ�zG�&amp#11;�_�P�=��ؘ$Ӗk8(4|OH��&amp#17;e	n�&amp#11;,�K۟~r&amp#17;m�&amp#8;��&amp#3;�Dl��&amp#31;I9�*&amp#22;�&amp#8;����f8��&��H�#�&amp#22;�&amp#28;&amp#29;�ޘ&amp#22;+�R�&amp#24;#��^�bP{}2!#�
�J{��O�1�B
�(�W��%���òB���R�&amp#29;!��a�1;&amp#30;�{��(&amp#18;&amp#18;~h�%��&amp#23;�/&amp#22;�V&D�&amp#6;YCn��2�L`|X�s���j� &amp#8;�Z{�_&amp#3;�\����Z��ҧ&amp#1;h4�����:�n�a
P�ա�W�U�&amp#22;��_]��&amp#29;���נT��&amp#31;&amp#12;��E&amp#11;�A)>\Ç�f�g�נ&amp#20;_[��K�^P��kPDIr��.��jw��&amp#21;d��&amp#19;�&amp#12;�A��)�Q�
��RSLX"7�Z��2>&amp#0;�&amp#2;R$I���&amp#12;O�&amp#8;���(9���%�&amp#8;&amp#18;o�&amp#18;&`�T)
JU��>���#��02��]`�X&amp#27;R�xb��L��+��7 /�={����=����_���*Kn&amp#7;%SS�Տ_���&amp#23;�_�����7��'��Ŀ��˗���:����&amp#21;/�}���&amp#23;�}��O�&amp#29;��&amp#28;&amp#29;��!����c�&�a�&amp#14;��&amp#1;?��0BĒ@&amp#17;�v����&amp#2;^[ ��u����&amp#28;X�&amp#5;�<�kٺ&amp#31;�$���F�&amp#5;�c�v&amp#24;w:ચ���p�Lݓ󹉻�Бk�.J�&amp#0;��3�W�Rٍ�e�
�&amp#18;��8��S��C�&amp#29;��C���=2�L����&amp#16;����%Cr`%R.�Cb���e �����m�èk�=|d#a[ �0~�����h.Q�R9D15&amp#29;��d�2r�G&�/$Dz�)��c,�K�:��&amp#26;A�
&amp#12;�&amp#14;�&amp#30;]�6�Kr�ҹ�&amp#24;3�=v؍P<s�L���~&&amp#14;!E�w�I&amp#23;|��;D=C&amp#28;P�1ܷ	���f"�&amp#5;�j��'��e�&amp#29;�����&amp#31;&amp#23;t���e�<�ص͉3;:�ڻ&amp#24;St��&amp#24;{�>sX�a3���W"`�&amp#29;�J�+��U��`&amp#1;e��k�)r�&amp#8;+e��m�goq�x&amp#22;(�&amp#17;ߤ�&amp#26;D�J]8�Tz��&amp#14;M�5&amp#2;�&amp#31;��)�&amp#5;�0���I�&amp#8;Yg�z&amp#22;�|]p+~o��`_�=�&amp#4;&amp#25;|j&amp#25; ����&amp#16;Qk�<a�&amp#8;
&amp#12;&amp#23;݂�&amp#21;�\D��Zl؛6&amp#15;&amp#3;&amp#20;FV�&amp#19;���ω�'�w�&amp#30;w&amp#1;s&amp#6;&amp#5;�[���:�(e�D��	�&amp#31;,kzh���p��s�yUs^�����f�^>�e�k��Z����Aj��|��&���O���3!���&amp#5;ŻBw}&amp#4;�ь&amp#7;0��Q�'�j&amp#1;�"��5�,ܔ#-�q&?'2ڏ�&amp#12;ZCe����L�Tx3&�c��u+&amp#21;�Э�N�x���Ng�����&amp#11;&amp#5;��x)\�C�J��Z=�ޭ��~�TwY�&amp#6;(��&amp#24;aLf&amp#27;Qu&amp#24;Q_&amp#14;B&amp#20;^g�^ٙX�tX�PꗡZFq�
0m&amp#21;&amp#21;x���E��A�A�f&amp#28;��c&amp#21;������
ΙFz�3��&amp#1;Pb/3 �tSٺqyjui��E�-#�t��0�0�&amp#23;�,;͖�Yƺ���2O�b�&amp#27;r3�&amp#15;&amp#17;kE"'��&&S��;n��j&amp#8;�*#4k�&amp#19;�&amp#24;��x&amp#6;�#�[&amp#23;�S�v&amp#25;I�n�wa�&amp#25;&amp#23;��D�:\�N�&amp#6;1��{��-_-�
4�&amp#28;�m+W�&amp#16;>Z�@+&amp#31;�q&amp#16;t;�x2�#i��&amp#24;Q�N&amp#31;��S�p����&amp#29;�$�&amp#28;½&amp#31;���&amp#3;:�7&amp#17;�XX/+&amp#7;�����r��1���&amp#21;���w�`�h׼��9��#:�Pv��d��5����O+&amp#31;&amp#24;Oٚ���.<��&amp#3;��O�7&amp#31;��s&amp#6;i�g��*��t��;�
��CԲ*�n�N-r�k.�&amp#14;&amp#18;�yJ���}�&amp#3;�0-��2MY�NÊ��Q۴3,&amp#8;&amp#12;O�6�muF8=�'?ȝ�Zu@,�J����ܼ�f&amp#7;w�<zp8�R�PBo�#(��&amp#27;Ȕ6`�ܓY�&amp#8;߼9'-�~)l&amp#7;�J�-�&amp#26;a�&amp#16;T�R�&amp#17;���v&amp#24;V���\�u*&amp#15;�`�Q\&amp#14;���&amp#1;\a�Evi���.���-ͅ&amp#17;��L_�&amp#23;����\�|q�&amp#17; ���ʠYmvj�f�=(&amp#4;�N����:�^�[�
zݰ�&amp#28;<�#
&amp#14;��nP�7
�r�[&amp#8;j%e~�Y�&amp#7;�J;��&amp#27;��� +c`�)}d�&amp#0;�j���&amp#1;&amp#0;&amp#0;��&amp#3;&amp#0;PK&amp#3;&amp#4;&amp#20;&amp#0;&amp#6;&amp#0;&amp#8;&amp#0;&amp#0;&amp#0;!&amp#0;&amp#6;}&amp#23;y�&amp#3;&amp#0;&amp#0;�
&amp#0;&amp#0;
&amp#0;&amp#0;&amp#0;xl/styles.xml�V�n�8&amp#16;}_`�A໢K,�6,&amp#21;�E�&amp#2;ݢ@���R&amp#18;%&amp#19;�E����E�}��d+�81����s�vf��ǎ3瑨�J&amp#17;���G&amp#14;&amp#17;�,��b��}�.��h,
̤ 1:�&amp#6;}L~�m��##w&amp#7;B�&amp#3;&amp#16;���A�z�yM~ &amp#28;77�&&amp#2;NJ�8ְU��Ԋ�1J�y���=��@=�׀p�&amp#30;���%���&amp#25;eT&amp#31;-&amp#22;rx��\	�p���.���邹
�N�F���&amp#29;Ns%&amp#27;Y�&amp#27;��dYҜ<ww�-=���&amp#0;�}HA����;�N����#5�Cɺ�B7N.[�c4&amp#3;GM
V&amp#15;B�#Rs&amp#4;&amp#21;&amp#30;n%���&amp#25;H&amp#2;�%�\2�&amp#28;
���Y����7���LQs�Ĝ�c/&amp#14;��V{��)��&amp#8;=�G�M�nͭWl�F�W&amp#25;�.&amp#24;SU&amp#22;�t�]o0?`�&amp#0;��D=&amp#11;���&amp#8;k&amp#19;�@�(c�:��d
��D�&amp#20;N�a}��`&amp#2;z��&amp#14;�޼])|&amp#12;��z�F2Z&amp#24;�T[K�!���C��&amp#27;���&amp#1;4�|���&amp#19;�
/�qm��7�&amp#23;�m�i��5k&amp#20;r�IU��&amp#27;��4B/J֌�&amp#26;�P�:�-k&amp#19;��&amp#26;fA�.(����&amp#16;{�&amp#24;&amp#22;&amp#0;�&amp#19;���,��<a��ݕ�hy���"F0UMK�K�°���
�_R
@�e%&amp#7;�5;~myFTjG��f��'�����b�&amp#18;��I&amp#1;�Y�oJj�k�)�m�M��c��9W�NW�L����P��&amp#21;��&amp#5;�i�O��x�L4�n��t]�|�k�
C�
�����&amp#0;p%֋��٘�ô
|&amp#2;z�8&amp#7;��wP4ߎ&amp#28;�C��ߕ�&amp#30;�.@�IW<�&amp#19;�&amp#28;3'c�&amp#7;&amp#12;/Ũx�/�%&amp#5;�"k)�T&amp#24;�,�i�A�!9&amp#27;&amp#21; m&amp#19;��q&amp#22;�(�sW�Sm�&amp#6;�_O�&amp#1;FAJ�2}:��y�')hˁIío�Qj&amp#11;&amp#17;����&amp#25;&amp#30;�����_&amp#26;�����*&amp#26;���&amp#15;��>
݅�Y��[&amp#18;��h�s��v�ۥK?��?&/��x��&amp#7;&amp#21;L�`�j&amp#24;�b�&amp#16;����Y&amp#22;�ɦwߎlp{��2�����w�[?pgs�p&amp#23;���M� ��g�}�F&amp#19;ߣw�c|/&amp#8;�&amp#23;�q>Zi�	Pc��X��&amp#20;�&amp#4;�W���Jx��j�&amp#31;&amp#0;&amp#0;&amp#0;��&amp#3;&amp#0;PK&amp#3;&amp#4;&amp#20;&amp#0;&amp#6;&amp#0;&amp#8;&amp#0;&amp#0;&amp#0;!&amp#0;�"� 6&amp#1;&amp#0;&amp#0;A&amp#2;&amp#0;&amp#0;&amp#20;&amp#0;&amp#0;&amp#0;xl/sharedStrings.xmllR�J&amp#3;1&amp#16;|&amp#23;��#ｴUD��&amp#21;��P����Oeͭ��esf�U�ޜ
B�cfvfg�&amp#20;�&amp#15;�f&amp#7;&amp#12;l=�j�&amp#15;U�d|miW���vp�2&amp#22;�&amp#26;ZOX�Od5�NO
fɢ��T�H7њM�&amp#14;8�&amp#29;Rd^|p �&amp#25;v���Ps�(�����B;��2��$qoܲ'����/p���mUH5�y��/��ۻ�j]h�
�&amp#19;?�ڿ"m� M���8���4�&amp#26;�ϩ�%&amp#0;q�X㩵���.U~Kt&amp#12;�:�qRw��7���e�&amp#30;D-�&amp#17;-��T�a&amp#12;&amp#15;�0ŗ���C��Ѥ�)�&amp#8;��s���&amp#26;&amp#4;F�p&amp#15;���g)�B�X,&amp#31;͐Z��N�&amp#3;&amp#19;[��ų&amp#14;���O��&amp#23;��&amp#0;&amp#0;&amp#0;��&amp#3;&amp#0;PK&amp#3;&amp#4;&amp#20;&amp#0;&amp#6;&amp#0;&amp#8;&amp#0;&amp#0;&amp#0;!&amp#0;�����&amp#0;&amp#0;&amp#0;V&amp#1;&amp#0;&amp#0;#&amp#0;&amp#0;&amp#0;xl/worksheets/_rels/sheet1.xml.rels���j�0&amp#12;&amp#6;��`�`to��0�H�K7�a��=����4������g&amp#24;�&amp#21;&amp#6;;
I�~4�.i5�Tj&amp#20;&amp#30;a��`�����&amp#8;&amp#31;���&amp#19;���&amp#30;Wa&amp#26;�J&amp#21;v����N+j[�!�j��u������.P��I&n�YJBmeYlFw�C�?��ۀ��4&amp#7;?B9�-��5����2���^�9&amp#17;�&amp#31;'lhRY#�&amp#26;�e!�fkˌg
&amp#27;OI:Ν&amp#22;䚥ht�m�:'��,��oy^.J�q&amp#5;;
��&amp#27;�&amp#23;&amp#0;&amp#0;&amp#0;��&amp#3;&amp#0;PK&amp#3;&amp#4;&amp#20;&amp#0;&amp#6;&amp#0;&amp#8;&amp#0;&amp#0;&amp#0;!&amp#0;|��{R&amp#1;&amp#0;&amp#0;�&amp#2;&amp#0;&amp#0;&amp#17;&amp#0;&amp#8;&amp#1;docProps/core.xml �&amp#4;&amp#1;(�&amp#0;&amp#1;&amp#0;&amp#0;&amp#0;&amp#0;&amp#0;&amp#0;&amp#0;&amp#0;&amp#0;&amp#0;&amp#0;&amp#0;&amp#0;&amp#0;&amp#0;&amp#0;&amp#0;&amp#0;&amp#0;&amp#0;&amp#0;&amp#0;&amp#0;&amp#0;&amp#0;&amp#0;&amp#0;&amp#0;&amp#0;&amp#0;&amp#0;&amp#0;&amp#0;&amp#0;&amp#0;&amp#0;&amp#0;&amp#0;&amp#0;&amp#0;&amp#0;&amp#0;&amp#0;&amp#0;&amp#0;&amp#0;&amp#0;&amp#0;&amp#0;&amp#0;&amp#0;&amp#0;&amp#0;&amp#0;&amp#0;&amp#0;&amp#0;&amp#0;&amp#0;&amp#0;&amp#0;&amp#0;&amp#0;&amp#0;&amp#0;&amp#0;&amp#0;&amp#0;&amp#0;&amp#0;&amp#0;&amp#0;&amp#0;&amp#0;&amp#0;&amp#0;&amp#0;&amp#0;&amp#0;&amp#0;&amp#0;&amp#0;&amp#0;&amp#0;&amp#0;&amp#0;&amp#0;&amp#0;&amp#0;&amp#0;&amp#0;&amp#0;&amp#0;&amp#0;&amp#0;&amp#0;&amp#0;&amp#0;&amp#0;&amp#0;&amp#0;&amp#0;&amp#0;&amp#0;&amp#0;&amp#0;&amp#0;&amp#0;&amp#0;&amp#0;&amp#0;&amp#0;&amp#0;&amp#0;&amp#0;&amp#0;&amp#0;&amp#0;&amp#0;&amp#0;&amp#0;&amp#0;&amp#0;&amp#0;&amp#0;&amp#0;&amp#0;&amp#0;&amp#0;&amp#0;&amp#0;&amp#0;&amp#0;&amp#0;&amp#0;&amp#0;&amp#0;&amp#0;&amp#0;&amp#0;&amp#0;&amp#0;&amp#0;&amp#0;&amp#0;&amp#0;&amp#0;&amp#0;&amp#0;&amp#0;&amp#0;&amp#0;&amp#0;&amp#0;&amp#0;&amp#0;&amp#0;&amp#0;&amp#0;&amp#0;&amp#0;&amp#0;&amp#0;&amp#0;&amp#0;&amp#0;&amp#0;&amp#0;&amp#0;&amp#0;&amp#0;&amp#0;&amp#0;&amp#0;&amp#0;&amp#0;&amp#0;&amp#0;&amp#0;&amp#0;&amp#0;&amp#0;&amp#0;&amp#0;&amp#0;&amp#0;&amp#0;&amp#0;&amp#0;&amp#0;&amp#0;&amp#0;&amp#0;&amp#0;&amp#0;&amp#0;&amp#0;&amp#0;&amp#0;&amp#0;&amp#0;&amp#0;&amp#0;&amp#0;&amp#0;&amp#0;&amp#0;&amp#0;&amp#0;&amp#0;&amp#0;&amp#0;&amp#0;&amp#0;&amp#0;&amp#0;&amp#0;&amp#0;&amp#0;&amp#0;&amp#0;&amp#0;&amp#0;&amp#0;&amp#0;&amp#0;&amp#0;&amp#0;&amp#0;&amp#0;&amp#0;&amp#0;&amp#0;&amp#0;&amp#0;&amp#0;&amp#0;&amp#0;&amp#0;&amp#0;&amp#0;&amp#0;&amp#0;&amp#0;&amp#0;&amp#0;&amp#0;&amp#0;&amp#0;&amp#0;&amp#0;&amp#0;&amp#0;&amp#0;&amp#0;&amp#0;��_O�0&amp#20;��M�&amp#14;��P`��&amp#1;&amp#22;�M&amp#31;41qF�[�ލFZ�����[`Č1�������4�nd&amp#29;|���Q&amp#5;J�&amp#24;&amp#5;�XÅZ&amp#21;�y>&amp#11;�Q`&amp#29;U�֍�&amp#2;m��iy|�3MXc��4&amp#26;�&amp#19;`&amp#3;OR�0]��9M0��&amp#2;Im�&amp#21;�&amp#23;�����_��w�&amp#2;���)��(���&amp#22;&amp#24;ꁈvH�&amp#6;��0u&amp#7;�&amp#12;C
&amp#18;��8�&amp#18;��u`�������R����vv�l����X1&amp#8;��u��t6��&amp#4;�>�?uQC��]1@e�&amp#25;a&amp#6;�kLy&amp#7;��2�X���'��mE�X�x�j7ZS�&amp#30;��&amp#2;�����C���&amp#5;���&amp#25;�2�&amp#3;�+/����&amp#12;�i��a&amp#18;�q6O&$�_��z���F�/���?�&amp#25;I3rr6"�&amp#1;e�&amp#15;�M�&amp#5;&amp#0;&amp#0;��&amp#3;&amp#0;PK&amp#3;&amp#4;&amp#20;&amp#0;&amp#6;&amp#0;&amp#8;&amp#0;&amp#0;&amp#0;!&amp#0;e�3�&amp#1;&amp#0;&amp#0;9&amp#3;&amp#0;&amp#0;&amp#16;&amp#0;&amp#8;&amp#1;docProps/app.xml �&amp#4;&amp#1;(�&amp#0;&amp#1;&amp#0;&amp#0;&amp#0;&amp#0;&amp#0;&amp#0;&amp#0;&amp#0;&amp#0;&amp#0;&amp#0;&amp#0;&amp#0;&amp#0;&amp#0;&amp#0;&amp#0;&amp#0;&amp#0;&amp#0;&amp#0;&amp#0;&amp#0;&amp#0;&amp#0;&amp#0;&amp#0;&amp#0;&amp#0;&amp#0;&amp#0;&amp#0;&amp#0;&amp#0;&amp#0;&amp#0;&amp#0;&amp#0;&amp#0;&amp#0;&amp#0;&amp#0;&amp#0;&amp#0;&amp#0;&amp#0;&amp#0;&amp#0;&amp#0;&amp#0;&amp#0;&amp#0;&amp#0;&amp#0;&amp#0;&amp#0;&amp#0;&amp#0;&amp#0;&amp#0;&amp#0;&amp#0;&amp#0;&amp#0;&amp#0;&amp#0;&amp#0;&amp#0;&amp#0;&amp#0;&amp#0;&amp#0;&amp#0;&amp#0;&amp#0;&amp#0;&amp#0;&amp#0;&amp#0;&amp#0;&amp#0;&amp#0;&amp#0;&amp#0;&amp#0;&amp#0;&amp#0;&amp#0;&amp#0;&amp#0;&amp#0;&amp#0;&amp#0;&amp#0;&amp#0;&amp#0;&amp#0;&amp#0;&amp#0;&amp#0;&amp#0;&amp#0;&amp#0;&amp#0;&amp#0;&amp#0;&amp#0;&amp#0;&amp#0;&amp#0;&amp#0;&amp#0;&amp#0;&amp#0;&amp#0;&amp#0;&amp#0;&amp#0;&amp#0;&amp#0;&amp#0;&amp#0;&amp#0;&amp#0;&amp#0;&amp#0;&amp#0;&amp#0;&amp#0;&amp#0;&amp#0;&amp#0;&amp#0;&amp#0;&amp#0;&amp#0;&amp#0;&amp#0;&amp#0;&amp#0;&amp#0;&amp#0;&amp#0;&amp#0;&amp#0;&amp#0;&amp#0;&amp#0;&amp#0;&amp#0;&amp#0;&amp#0;&amp#0;&amp#0;&amp#0;&amp#0;&amp#0;&amp#0;&amp#0;&amp#0;&amp#0;&amp#0;&amp#0;&amp#0;&amp#0;&amp#0;&amp#0;&amp#0;&amp#0;&amp#0;&amp#0;&amp#0;&amp#0;&amp#0;&amp#0;&amp#0;&amp#0;&amp#0;&amp#0;&amp#0;&amp#0;&amp#0;&amp#0;&amp#0;&amp#0;&amp#0;&amp#0;&amp#0;&amp#0;&amp#0;&amp#0;&amp#0;&amp#0;&amp#0;&amp#0;&amp#0;&amp#0;&amp#0;&amp#0;&amp#0;&amp#0;&amp#0;&amp#0;&amp#0;&amp#0;&amp#0;&amp#0;&amp#0;&amp#0;&amp#0;&amp#0;&amp#0;&amp#0;&amp#0;&amp#0;&amp#0;&amp#0;&amp#0;&amp#0;&amp#0;&amp#0;&amp#0;&amp#0;&amp#0;&amp#0;&amp#0;&amp#0;&amp#0;&amp#0;&amp#0;&amp#0;&amp#0;&amp#0;&amp#0;&amp#0;&amp#0;&amp#0;&amp#0;&amp#0;&amp#0;&amp#0;&amp#0;&amp#0;&amp#0;&amp#0;&amp#0;&amp#0;&amp#0;&amp#0;&amp#0;&amp#0;&amp#0;&amp#0;&amp#0;&amp#0;&amp#0;���k�0&amp#16;��&amp#7;�&amp#31;��&amp#27;��(#�*%��`c���c��s,bKBw5����c�:�àow�}|�|'��C�f=$t�&amp#23;�r��&amp#12;�
��Bܗ�.��&amp#12;��ʴ�C!���Z��6)DH�&amp#0;3��X��(��D�@gp��g�&amp#14;�3�m��P���m�O&amp#29;x��<��p �&amp#21;T&amp#23;q
&amp#20;c⪧��V�&amp#14;|�P&amp#30;#&amp#3;ku&amp#19;c�!�J���&amp#20;0Ԕ}=Xh�����`����Ε��jkM&amp#11;k&amp#14;ֵi&amp#17;�|&amp#25;�;0��6�%Ԫ�U&amp#15;�B����-E�� &amp#12;8��Mr�&amp#19;c
��9�mDJ�wH{l&amp#0;&amp#8;�d�8<�s�v���d���8&amp#4;� ,�#��Z�_��$�&amp#31;�a�&amp#29;qn6�&amp#31;o
�9��Z�=��Q&amp#2;�k�&amp#25;�+�u��GF��&amp#31;���>��s�y��C�mL��/5�e&amp#26;�;�xj��uc�&amp#14;�g�[ax$&amp#15;㟠/�&amp#22;����?�)����?&amp#0;&amp#0;&amp#0;��&amp#3;&amp#0;PK&amp#1;&amp#2;-&amp#0;&amp#20;&amp#0;&amp#6;&amp#0;&amp#8;&amp#0;&amp#0;&amp#0;!&amp#0;&amp#18;&amp#24;��d&amp#1;&amp#0;&amp#0;&amp#24;&amp#5;&amp#0;&amp#0;&amp#19;&amp#0;&amp#0;&amp#0;&amp#0;&amp#0;&amp#0;&amp#0;&amp#0;&amp#0;&amp#0;&amp#0;&amp#0;&amp#0;&amp#0;&amp#0;&amp#0;&amp#0;[Content_Types].xmlPK&amp#1;&amp#2;-&amp#0;&amp#20;&amp#0;&amp#6;&amp#0;&amp#8;&amp#0;&amp#0;&amp#0;!&amp#0;�U0#�&amp#0;&amp#0;&amp#0;L&amp#2;&amp#0;&amp#0;&amp#11;&amp#0;&amp#0;&amp#0;&amp#0;&amp#0;&amp#0;&amp#0;&amp#0;&amp#0;&amp#0;&amp#0;&amp#0;&amp#0;�&amp#3;&amp#0;&amp#0;_rels/.relsPK&amp#1;&amp#2;-&amp#0;&amp#20;&amp#0;&amp#6;&amp#0;&amp#8;&amp#0;&amp#0;&amp#0;!&amp#0;�N���&amp#3;&amp#0;&amp#0;_	&amp#0;&amp#0;&amp#15;&amp#0;&amp#0;&amp#0;&amp#0;&amp#0;&amp#0;&amp#0;&amp#0;&amp#0;&amp#0;&amp#0;&amp#0;&amp#0;�&amp#6;&amp#0;&amp#0;xl/workbook.xmlPK&amp#1;&amp#2;-&amp#0;&amp#20;&amp#0;&amp#6;&amp#0;&amp#8;&amp#0;&amp#0;&amp#0;!&amp#0;J��a�&amp#0;&amp#0;&amp#0;G&amp#3;&amp#0;&amp#0;&amp#26;&amp#0;&amp#0;&amp#0;&amp#0;&amp#0;&amp#0;&amp#0;&amp#0;&amp#0;&amp#0;&amp#0;&amp#0;&amp#0;�
&amp#0;&amp#0;xl/_rels/workbook.xml.relsPK&amp#1;&amp#2;-&amp#0;&amp#20;&amp#0;&amp#6;&amp#0;&amp#8;&amp#0;&amp#0;&amp#0;!&amp#0;�xO��&amp#3;&amp#0;&amp#0;�&amp#8;&amp#0;&amp#0;&amp#24;&amp#0;&amp#0;&amp#0;&amp#0;&amp#0;&amp#0;&amp#0;&amp#0;&amp#0;&amp#0;&amp#0;&amp#0;&amp#0;�&amp#12;&amp#0;&amp#0;xl/worksheets/sheet1.xmlPK&amp#1;&amp#2;-&amp#0;&amp#20;&amp#0;&amp#6;&amp#0;&amp#8;&amp#0;&amp#0;&amp#0;!&amp#0;���C�&amp#2;&amp#0;&amp#0;�&amp#6;&amp#0;&amp#0;&amp#24;&amp#0;&amp#0;&amp#0;&amp#0;&amp#0;&amp#0;&amp#0;&amp#0;&amp#0;&amp#0;&amp#0;&amp#0;&amp#0;�&amp#16;&amp#0;&amp#0;xl/worksheets/sheet2.xmlPK&amp#1;&amp#2;-&amp#0;&amp#20;&amp#0;&amp#6;&amp#0;&amp#8;&amp#0;&amp#0;&amp#0;!&amp#0;�&amp#23;&amp#16;�N&amp#7;&amp#0;&amp#0;� &amp#0;&amp#0;&amp#19;&amp#0;&amp#0;&amp#0;&amp#0;&amp#0;&amp#0;&amp#0;&amp#0;&amp#0;&amp#0;&amp#0;&amp#0;&amp#0;&amp#2;&amp#20;&amp#0;&amp#0;xl/theme/theme1.xmlPK&amp#1;&amp#2;-&amp#0;&amp#20;&amp#0;&amp#6;&amp#0;&amp#8;&amp#0;&amp#0;&amp#0;!&amp#0;&amp#6;}&amp#23;y�&amp#3;&amp#0;&amp#0;�
&amp#0;&amp#0;
&amp#0;&amp#0;&amp#0;&amp#0;&amp#0;&amp#0;&amp#0;&amp#0;&amp#0;&amp#0;&amp#0;&amp#0;&amp#0;�&amp#27;&amp#0;&amp#0;xl/styles.xmlPK&amp#1;&amp#2;-&amp#0;&amp#20;&amp#0;&amp#6;&amp#0;&amp#8;&amp#0;&amp#0;&amp#0;!&amp#0;�"� 6&amp#1;&amp#0;&amp#0;A&amp#2;&amp#0;&amp#0;&amp#20;&amp#0;&amp#0;&amp#0;&amp#0;&amp#0;&amp#0;&amp#0;&amp#0;&amp#0;&amp#0;&amp#0;&amp#0;&amp#0;Y&amp#31;&amp#0;&amp#0;xl/sharedStrings.xmlPK&amp#1;&amp#2;-&amp#0;&amp#20;&amp#0;&amp#6;&amp#0;&amp#8;&amp#0;&amp#0;&amp#0;!&amp#0;�����&amp#0;&amp#0;&amp#0;V&amp#1;&amp#0;&amp#0;#&amp#0;&amp#0;&amp#0;&amp#0;&amp#0;&amp#0;&amp#0;&amp#0;&amp#0;&amp#0;&amp#0;&amp#0;&amp#0;� &amp#0;&amp#0;xl/worksheets/_rels/sheet1.xml.relsPK&amp#1;&amp#2;-&amp#0;&amp#20;&amp#0;&amp#6;&amp#0;&amp#8;&amp#0;&amp#0;&amp#0;!&amp#0;|��{R&amp#1;&amp#0;&amp#0;�&amp#2;&amp#0;&amp#0;&amp#17;&amp#0;&amp#0;&amp#0;&amp#0;&amp#0;&amp#0;&amp#0;&amp#0;&amp#0;&amp#0;&amp#0;&amp#0;&amp#0;�!&amp#0;&amp#0;docProps/core.xmlPK&amp#1;&amp#2;-&amp#0;&amp#20;&amp#0;&amp#6;&amp#0;&amp#8;&amp#0;&amp#0;&amp#0;!&amp#0;e�3�&amp#1;&amp#0;&amp#0;9&amp#3;&amp#0;&amp#0;&amp#16;&amp#0;&amp#0;&amp#0;&amp#0;&amp#0;&amp#0;&amp#0;&amp#0;&amp#0;&amp#0;&amp#0;&amp#0;&amp#0;h$&amp#0;&amp#0;docProps/app.xmlPK&amp#5;&amp#6;&amp#0;&amp#0;&amp#0;&amp#0;&amp#12;&amp#0;&amp#12;&amp#0;&amp#23;&amp#3;&amp#0;&amp#0;2'&amp#0;&amp#0;&amp#0;&amp#0;

[main] INFO com.shaft.tools.io.ReportManagerHelper - [ReportManager] Setting discrete logging to: "true" @12-10-2022 16:10:56.0216 PM
[main] INFO com.shaft.tools.io.ReportManagerHelper - [ReportManager] Response status code: "200", status line: "HTTP/1.1 200 OK" @12-10-2022 16:10:56.0216 PM
[main] INFO com.shaft.tools.io.ReportManagerHelper - [ReportManager] Setting discrete logging to: "false" @12-10-2022 16:10:56.0236 PM
[main] INFO com.shaft.tools.io.ReportManagerHelper - [ReportManager] Successfully created attachment "API Request - Specifications" @12-10-2022 16:10:57.0029 PM
[main] INFO com.shaft.tools.io.ReportManagerHelper - [ReportManager] Debugging Attachment Entry @12-10-2022 16:10:57.0029 PM
Headers:
_______________

Content-Type=application/x-www-form-urlencoded


[main] INFO com.shaft.tools.io.ReportManagerHelper - [ReportManager] Successfully created attachment "API Request - Body" @12-10-2022 16:10:57.0031 PM
[main] INFO com.shaft.tools.io.ReportManagerHelper - [ReportManager] Debugging Attachment Entry @12-10-2022 16:10:57.0031 PM
��&amp#0;&amp#5;t&amp#0;Ausername=tokhi&password=123&grant_type=password&client_id=tic-api

[main] INFO com.shaft.tools.io.ReportManagerHelper - [ReportManager] Successfully created attachment "API Response - JSON Body" @12-10-2022 16:10:57.0201 PM
[main] INFO com.shaft.tools.io.ReportManagerHelper - [ReportManager] Debugging Attachment Entry @12-10-2022 16:10:57.0201 PM
{
  "access_token": "eyJhbGciOiJSUzI1NiIsInR5cCIgOiAiSldUIiwia2lkIiA6ICJjck9ORDFNdFVPVWhzS2Mtb0ppVFFmb0o1d1l4REF6Y3k0ZjNYZ0dveGdZIn0.eyJleHAiOjE2NjU1ODQxNTQsImlhdCI6MTY2NTU4Mzg1NCwianRpIjoiYTc4MDA0NWEtZGRhZS00M2UwLWFmYTktYTViOTYxMThkNDY4IiwiaXNzIjoiaHR0cHM6Ly9hdXRoLWRlbW8ubnAudHJhbnNwb3J0aWNvbmxpbmUuY29tL2F1dGgvcmVhbG1zL3RpYyIsImF1ZCI6ImFjY291bnQiLCJzdWIiOiI0ZTk3NmQ0NC1iM2ZkLTRjYTktODk1Ny0wYWJiODUwNzNhNzQiLCJ0eXAiOiJCZWFyZXIiLCJhenAiOiJ0aWMtYXBpIiwic2Vzc2lvbl9zdGF0ZSI6IjQwZjM1ZDQ1LWRmZmQtNDE4MS1hYzc2LTA2MThjN2Q5ODcxOSIsImFjciI6IjEiLCJhbGxvd2VkLW9yaWdpbnMiOlsiaHR0cHM6Ly9hcGktZGV2Lm5wLnRyYW5zcG9ydGljb25saW5lLmNvbSJdLCJyZWFsbV9hY2Nlc3MiOnsicm9sZXMiOlsib2ZmbGluZV9hY2Nlc3MiLCJkZWZhdWx0LXJvbGVzLXRpYyIsInVtYV9hdXRob3JpemF0aW9uIiwidXNlciJdfSwicmVzb3VyY2VfYWNjZXNzIjp7ImFjY291bnQiOnsicm9sZXMiOlsibWFuYWdlLWFjY291bnQiLCJtYW5hZ2UtYWNjb3VudC1saW5rcyIsInZpZXctcHJvZmlsZSJdfX0sInNjb3BlIjoiZW1haWwgcHJvZmlsZSIsInNpZCI6IjQwZjM1ZDQ1LWRmZmQtNDE4MS1hYzc2LTA2MThjN2Q5ODcxOSIsImVtYWlsX3ZlcmlmaWVkIjpmYWxzZSwicHJlZmVycmVkX3VzZXJuYW1lIjoidG9raGkiLCJ0Y0lkIjoiMzE5OTU3In0.DMeT54Al6O7yoL2cJrPcAD0fmG039C7xOeFJoGgEQZiCE7oOGC22v90upD_eIILwzEB6C7uk-jLB7bIwdwtpU8g57HRnNP0zJsH-TCHNo9QuBh1FXOhvel2qY_olZ6HhQq1hjwh2NBwa4CrpcKzLgxh__sdf0u0UXViVX0IMOFb4DUP1yCq3o_sPy0sD0HuoS7UC6v5WOrJWdV6GUTlewnnQ5nSmu-pf-gb1133Da6qb2GCocllOWuZDPE16ldckBd3QBxiovL4najw5ThlbHfJkJl0goYl-ZJ-SnE0K7QsWLkBOWVa9SSwx8vEGu4M_Z2oZ63-U_EiikiPwGqexOg",
  "refresh_token": "eyJhbGciOiJIUzI1NiIsInR5cCIgOiAiSldUIiwia2lkIiA6ICJkMTFjNTY4Yi1iMjAyLTQzYjgtYTBiMy1hYWI4ZWMyYWQzZDEifQ.eyJleHAiOjE2NjU1ODU2NTQsImlhdCI6MTY2NTU4Mzg1NCwianRpIjoiOGFkZjllZGYtMDIwNy00YTU2LWIyMDYtYTQ2ZjYyNmFjMTBhIiwiaXNzIjoiaHR0cHM6Ly9hdXRoLWRlbW8ubnAudHJhbnNwb3J0aWNvbmxpbmUuY29tL2F1dGgvcmVhbG1zL3RpYyIsImF1ZCI6Imh0dHBzOi8vYXV0aC1kZW1vLm5wLnRyYW5zcG9ydGljb25saW5lLmNvbS9hdXRoL3JlYWxtcy90aWMiLCJzdWIiOiI0ZTk3NmQ0NC1iM2ZkLTRjYTktODk1Ny0wYWJiODUwNzNhNzQiLCJ0eXAiOiJSZWZyZXNoIiwiYXpwIjoidGljLWFwaSIsInNlc3Npb25fc3RhdGUiOiI0MGYzNWQ0NS1kZmZkLTQxODEtYWM3Ni0wNjE4YzdkOTg3MTkiLCJzY29wZSI6ImVtYWlsIHByb2ZpbGUiLCJzaWQiOiI0MGYzNWQ0NS1kZmZkLTQxODEtYWM3Ni0wNjE4YzdkOTg3MTkifQ.NbUZ8WdJMH-_jDHPGHFls3qVHm-FQdiZHrJtytLTNB4",
  "refresh_expires_in": 1800,
  "not-before-policy": 0,
  "scope": "email profile",
  "token_type": "Bearer",
  "session_state": "40f35d45-dffd-4181-ac76-0618c7d98719",
  "expires_in": 300
}

[main] INFO com.shaft.tools.io.ReportManagerHelper - [ReportManager] Setting discrete logging to: "true" @12-10-2022 16:10:58.0225 PM
[main] INFO com.shaft.tools.io.ReportManagerHelper - [ReportManager] Response status code: "200", status line: "HTTP/1.1 200 " @12-10-2022 16:10:58.0225 PM
[main] INFO com.shaft.tools.io.ReportManagerHelper - [ReportManager] Setting discrete logging to: "false" @12-10-2022 16:10:58.0225 PM
[main] INFO com.shaft.tools.io.ReportManagerHelper - [ReportManager] Successfully created attachment "API Request - Specifications" @12-10-2022 16:10:59.0052 PM
[main] INFO com.shaft.tools.io.ReportManagerHelper - [ReportManager] Debugging Attachment Entry @12-10-2022 16:10:59.0052 PM
Headers:
_______________

Authorization=Bearer eyJhbGciOiJSUzI1NiIsInR5cCIgOiAiSldUIiwia2lkIiA6ICJjck9ORDFNdFVPVWhzS2Mtb0ppVFFmb0o1d1l4REF6Y3k0ZjNYZ0dveGdZIn0.eyJleHAiOjE2NjU1ODQxNTQsImlhdCI6MTY2NTU4Mzg1NCwianRpIjoiYTc4MDA0NWEtZGRhZS00M2UwLWFmYTktYTViOTYxMThkNDY4IiwiaXNzIjoiaHR0cHM6Ly9hdXRoLWRlbW8ubnAudHJhbnNwb3J0aWNvbmxpbmUuY29tL2F1dGgvcmVhbG1zL3RpYyIsImF1ZCI6ImFjY291bnQiLCJzdWIiOiI0ZTk3NmQ0NC1iM2ZkLTRjYTktODk1Ny0wYWJiODUwNzNhNzQiLCJ0eXAiOiJCZWFyZXIiLCJhenAiOiJ0aWMtYXBpIiwic2Vzc2lvbl9zdGF0ZSI6IjQwZjM1ZDQ1LWRmZmQtNDE4MS1hYzc2LTA2MThjN2Q5ODcxOSIsImFjciI6IjEiLCJhbGxvd2VkLW9yaWdpbnMiOlsiaHR0cHM6Ly9hcGktZGV2Lm5wLnRyYW5zcG9ydGljb25saW5lLmNvbSJdLCJyZWFsbV9hY2Nlc3MiOnsicm9sZXMiOlsib2ZmbGluZV9hY2Nlc3MiLCJkZWZhdWx0LXJvbGVzLXRpYyIsInVtYV9hdXRob3JpemF0aW9uIiwidXNlciJdfSwicmVzb3VyY2VfYWNjZXNzIjp7ImFjY291bnQiOnsicm9sZXMiOlsibWFuYWdlLWFjY291bnQiLCJtYW5hZ2UtYWNjb3VudC1saW5rcyIsInZpZXctcHJvZmlsZSJdfX0sInNjb3BlIjoiZW1haWwgcHJvZmlsZSIsInNpZCI6IjQwZjM1ZDQ1LWRmZmQtNDE4MS1hYzc2LTA2MThjN2Q5ODcxOSIsImVtYWlsX3ZlcmlmaWVkIjpmYWxzZSwicHJlZmVycmVkX3VzZXJuYW1lIjoidG9raGkiLCJ0Y0lkIjoiMzE5OTU3In0.DMeT54Al6O7yoL2cJrPcAD0fmG039C7xOeFJoGgEQZiCE7oOGC22v90upD_eIILwzEB6C7uk-jLB7bIwdwtpU8g57HRnNP0zJsH-TCHNo9QuBh1FXOhvel2qY_olZ6HhQq1hjwh2NBwa4CrpcKzLgxh__sdf0u0UXViVX0IMOFb4DUP1yCq3o_sPy0sD0HuoS7UC6v5WOrJWdV6GUTlewnnQ5nSmu-pf-gb1133Da6qb2GCocllOWuZDPE16ldckBd3QBxiovL4najw5ThlbHfJkJl0goYl-ZJ-SnE0K7QsWLkBOWVa9SSwx8vEGu4M_Z2oZ63-U_EiikiPwGqexOg
Content-Type=*/*


[main] INFO com.shaft.tools.io.ReportManagerHelper - [ReportManager] Successfully created attachment "API Response - JSON Body" @12-10-2022 16:10:59.0054 PM
[main] INFO com.shaft.tools.io.ReportManagerHelper - [ReportManager] Debugging Attachment Entry @12-10-2022 16:10:59.0054 PM
{
  "size": 2147483647,
  "totalPages": 1,
  "page": 0,
  "content": [
    {
      "lastUpdated": "2022-06-02T00:13:35Z",
      "nameArabic": "???? ?????? ??????",
      "nameEnglish": "Denizli Cardak Airport",
      "id": 1071,
      "isActive": true
    },
    {
      "lastUpdated": "2022-06-02T00:13:44Z",
      "nameArabic": "?????",
      "nameEnglish": "PRATO",
      "id": 390021162,
      "isActive": true
    },
    {
      "lastUpdated": "2022-06-02T01:21:49Z",
      "nameArabic": "??????????",
      "nameEnglish": "Kuala Lumpur",
      "id": 36,
      "isActive": true
    },
    {
      "lastUpdated": "2022-06-02T00:14:15Z",
      "nameArabic": "????",
      "nameEnglish": "GABES",
      "id": 926,
      "isActive": true
    },
    {
      "lastUpdated": "2022-06-02T01:37:02Z",
      "nameArabic": "???????",
      "nameEnglish": "Solngen",
      "id": 849,
      "isActive": true
    },
    {
      "lastUpdated": "2022-06-02T00:43:05Z",
      "nameArabic": "????",
      "nameEnglish": "Ciba",
      "id": 753,
      "isActive": true
    },
    {
      "lastUpdated": "2022-06-02T00:19:40Z",
      "nameArabic": "??????",
      "nameEnglish": "Tripoli",
      "id": 72,
      "isActive": true
    },
    {
      "lastUpdated": "2022-06-02T00:20:05Z",
      "nameArabic": "??????",
      "nameEnglish": "FRUNZE",
      "id": 1006,
      "isActive": true
    },
    {
      "lastUpdated": "2022-06-02T00:25:20Z",
      "nameArabic": "??????",
      "nameEnglish": "KANDAHAR",
      "id": 985,
      "isActive": true
    },
    {
      "lastUpdated": "2022-06-02T01:16:50Z",
      "nameArabic": "?????",
      "nameEnglish": "Tabrka",
      "id": 736,
      "isActive": true
    },
    {
      "lastUpdated": "2022-06-02T00:25:24Z",
      "nameArabic": "?????",
      "nameEnglish": "Sohag",
      "id": 953,
      "isActive": true
    },
    {
      "lastUpdated": "2022-06-02T01:06:13Z",
      "nameArabic": "??????",
      "nameEnglish": "Cochin",
      "id": 816,
      "isActive": true
    },
    {
      "lastUpdated": "2022-06-02T01:27:12Z",
      "nameArabic": "???? ????",
      "nameEnglish": "Faisalabad",
      "id": 789,
      "isActive": true
    },
    {
      "lastUpdated": "2022-06-02T00:37:19Z",
      "nameArabic": "?????",
      "nameEnglish": "KAZAN",
      "id": 1013,
      "isActive": true
    },
    {
      "lastUpdated": "2022-06-02T01:21:58Z",
      "nameArabic": "???????",
      "nameEnglish": "KAYSERI",
      "id": 794,
      "isActive": true
    },
    {
      "lastUpdated": "2022-06-02T01:27:13Z",
      "nameArabic": "????",
      "nameEnglish": "Tangier",
      "id": 764,
      "isActive": true
    },
    {
      "lastUpdated": "2022-06-02T00:37:28Z",
      "nameArabic": "??????",
      "nameEnglish": "Shahyraz",
      "id": 780,
      "isActive": true
    },
    {
      "lastUpdated": "2022-06-02T01:27:13Z",
      "nameArabic": "?????",
      "nameEnglish": "Tashkent",
      "id": 712,
      "isActive": true
    },
    {
      "lastUpdated": "2022-06-02T00:37:28Z",
      "nameArabic": "??????",
      "nameEnglish": "Samarqand",
      "id": 824,
      "isActive": true
    },
    {
      "lastUpdated": "2022-06-02T01:22:03Z",
      "nameArabic": "?????",
      "nameEnglish": "KRBI",
      "id": 993,
      "isActive": true
    },
    {
      "lastUpdated": "2022-06-02T01:27:21Z",
      "nameArabic": "???????",
      "nameEnglish": "CALICUT",
      "id": 820,
      "isActive": true
    },
    {
      "lastUpdated": "2022-06-02T01:22:03Z",
      "nameArabic": "????",
      "nameEnglish": "KANO",
      "id": 91,
      "isActive": true
    },
    {
      "lastUpdated": "2022-06-02T00:42:58Z",
      "nameArabic": "????",
      "nameEnglish": "Kabul",
      "id": 125,
      "isActive": true
    },
    {
      "lastUpdated": "2022-06-02T00:42:59Z",
      "nameArabic": "?????",
      "nameEnglish": "Vienna",
      "id": 34,
      "isActive": true
    },
    {
      "lastUpdated": "2022-06-02T00:55:27Z",
      "nameArabic": "?????",
      "nameEnglish": "Sanaa",
      "id": 67,
      "isActive": true
    },
    {
      "lastUpdated": "2022-06-02T01:06:13Z",
      "nameArabic": "?????",
      "nameEnglish": "GAROUA",
      "id": 836,
      "isActive": true
    },
    {
      "lastUpdated": "2022-06-02T00:43:00Z",
      "nameArabic": "?????",
      "nameEnglish": "Sfax",
      "id": 735,
      "isActive": true
    },
    {
      "lastUpdated": "2022-06-02T00:43:35Z",
      "nameArabic": "???????",
      "nameEnglish": "FREETOWN",
      "id": 942,
      "isActive": true
    },
    {
      "lastUpdated": "2022-06-02T00:50:06Z",
      "nameArabic": "?????",
      "nameEnglish": "Kerman",
      "id": 777,
      "isActive": true
    },
    {
      "lastUpdated": "2022-06-02T01:22:03Z",
      "nameArabic": "??????",
      "nameEnglish": "Grozny",
      "id": 1034,
      "isActive": true
    },
    {
      "lastUpdated": "2022-06-02T00:50:07Z",
      "nameArabic": "???????",
      "nameEnglish": "CHATEAUROUX",
      "id": 1049,
      "isActive": true
    },
    {
      "lastUpdated": "2022-06-02T01:06:13Z",
      "nameArabic": "??????",
      "nameEnglish": "Clayton",
      "id": 1042,
      "isActive": true
    },
    {
      "lastUpdated": "2022-06-02T01:12:09Z",
      "nameArabic": "???????",
      "nameEnglish": "Kuching",
      "id": 809,
      "isActive": true
    },
    {
      "lastUpdated": "2022-06-02T00:50:08Z",
      "nameArabic": "????? ???????",
      "nameEnglish": "SYLHET OSMANI",
      "id": 1026,
      "isActive": true
    },
    {
      "lastUpdated": "2022-06-02T01:27:14Z",
      "nameArabic": "?????",
      "nameEnglish": "Swaken",
      "id": 1081,
      "isActive": true
    },
    {
      "lastUpdated": "2022-06-02T01:27:15Z",
      "nameArabic": "????????",
      "nameEnglish": "SULAYMANIAH",
      "id": 982,
      "isActive": true
    },
    {
      "lastUpdated": "2022-06-02T01:29:18Z",
      "nameArabic": "??? ?????",
      "nameEnglish": "SHARM EL SHEIK",
      "id": 939,
      "isActive": true
    },
    {
      "lastUpdated": "2022-06-02T01:32:36Z",
      "nameArabic": "??? ????",
      "nameEnglish": "Ashgabat",
      "id": 713,
      "isActive": true
    },
    {
      "lastUpdated": "2022-06-02T01:32:36Z",
      "nameArabic": "????",
      "nameEnglish": "Amman",
      "id": 7,
      "isActive": true
    },
    {
      "lastUpdated": "2022-06-02T01:32:36Z",
      "nameArabic": "?????",
      "nameEnglish": "SIVAS",
      "id": 965,
      "isActive": true
    },
    {
      "lastUpdated": "2022-06-02T01:01:06Z",
      "nameArabic": "??????????",
      "nameEnglish": "Vladikavkaz",
      "id": 1037,
      "isActive": true
    },
    {
      "lastUpdated": "2022-06-02T01:32:36Z",
      "nameArabic": "????????",
      "nameEnglish": "Surabaya",
      "id": 770,
      "isActive": true
    },
    {
      "lastUpdated": "2022-06-02T01:01:06Z",
      "nameArabic": "?????????",
      "nameEnglish": "Frankfort",
      "id": 850,
      "isActive": true
    },
    {
      "lastUpdated": "2022-06-02T01:01:06Z",
      "nameArabic": "?????",
      "nameEnglish": "Seoul",
      "id": 8,
      "isActive": true
    },
    {
      "lastUpdated": "2022-06-02T01:32:38Z",
      "nameArabic": "???",
      "nameEnglish": "Aden",
      "id": 62,
      "isActive": true
    },
    {
      "lastUpdated": "2022-06-02T01:33:12Z",
      "nameArabic": "????????",
      "nameEnglish": "sengafora",
      "id": 79,
      "isActive": true
    },
    {
      "lastUpdated": "2022-06-02T01:01:07Z",
      "nameArabic": "????????",
      "nameEnglish": "SEMONGKONG",
      "id": 845,
      "isActive": true
    },
    {
      "lastUpdated": "2022-06-02T01:16:50Z",
      "nameArabic": "?????????",
      "nameEnglish": "GAZIANTEP",
      "id": 799,
      "isActive": true
    },
    {
      "lastUpdated": "2022-06-02T01:16:50Z",
      "nameArabic": "?????",
      "nameEnglish": "Tokyo",
      "id": 15,
      "isActive": true
    },
    {
      "lastUpdated": "2022-06-02T01:16:52Z",
      "nameArabic": "??????????",
      "nameEnglish": "Casablanca",
      "id": 765,
      "isActive": true
    },
    {
      "lastUpdated": "2022-06-02T01:16:52Z",
      "nameArabic": "????",
      "nameEnglish": "SOCHI",
      "id": 1010,
      "isActive": true
    },
    {
      "lastUpdated": "2022-06-02T01:16:52Z",
      "nameArabic": "????",
      "nameEnglish": "Tbarak",
      "id": 752,
      "isActive": true
    },
    {
      "lastUpdated": "2022-06-02T00:14:05Z",
      "nameArabic": "???????",
      "nameEnglish": "SANTIAGO",
      "id": 883,
      "isActive": true
    },
    {
      "lastUpdated": "2022-06-02T00:16:27Z",
      "nameArabic": "?????",
      "nameEnglish": "Wahdan",
      "id": 743,
      "isActive": true
    },
    {
      "lastUpdated": "2022-06-02T01:18:55Z",
      "nameArabic": "?????",
      "nameEnglish": "SAFAJAH",
      "id": 874,
      "isActive": true
    },
    {
      "lastUpdated": "2022-06-02T01:18:55Z",
      "nameArabic": "???????",
      "nameEnglish": "Sarajevo",
      "id": 711,
      "isActive": true
    },
    {
      "lastUpdated": "2022-06-02T00:19:40Z",
      "nameArabic": "?????????",
      "nameEnglish": "STRASBOURG",
      "id": 958,
      "isActive": true
    },
    {
      "lastUpdated": "2022-06-02T01:22:14Z",
      "nameArabic": "?????",
      "nameEnglish": "Harare",
      "id": 886,
      "isActive": true
    },
    {
      "nameArabic": "??????",
      "nameEnglish": "DAMASCUS",
      "id": 983,
      "isActive": true
    },
    {
      "lastUpdated": "2022-06-02T00:19:41Z",
      "nameArabic": "???????",
      "nameEnglish": "DRACHTEN",
      "id": 1060,
      "isActive": true
    },
    {
      "lastUpdated": "2022-06-02T00:19:41Z",
      "nameArabic": "??????",
      "nameEnglish": "JAKARTA",
      "id": 1057,
      "isActive": true
    },
    {
      "lastUpdated": "2022-06-02T01:26:50Z",
      "nameArabic": "????",
      "nameEnglish": "ROMA C.A.",
      "id": 975,
      "isActive": true
    },
    {
      "lastUpdated": "2022-06-02T00:19:44Z",
      "nameArabic": "??????????",
      "nameEnglish": "HELSINGOR",
      "id": 390021122,
      "isActive": true
    },
    {
      "lastUpdated": "2022-06-02T00:24:56Z",
      "nameArabic": "?????",
      "nameEnglish": "DOUALA",
      "id": 834,
      "isActive": true
    },
    {
      "lastUpdated": "2022-06-02T01:26:51Z",
      "nameArabic": "??????",
      "nameEnglish": "taybeh",
      "id": 32,
      "isActive": true
    },
    {
      "lastUpdated": "2022-06-02T01:37:49Z",
      "nameArabic": "????????",
      "nameEnglish": "Stuttgart",
      "id": 855,
      "isActive": true
    },
    {
      "lastUpdated": "2022-06-02T00:31:02Z",
      "nameArabic": "?????",
      "nameEnglish": "Zahedan",
      "id": 782,
      "isActive": true
    },
    {
      "lastUpdated": "2022-06-02T01:22:05Z",
      "nameArabic": "????????",
      "nameEnglish": "GOTEBORG",
      "id": 1047,
      "isActive": true
    },
    {
      "lastUpdated": "2022-06-02T00:25:27Z",
      "nameArabic": "????????",
      "nameEnglish": "Dusseldorf",
      "id": 848,
      "isActive": true
    },
    {
      "lastUpdated": "2022-06-02T01:32:30Z",
      "nameArabic": "????? ???",
      "nameEnglish": "SANTA FEE",
      "id": 961,
      "isActive": true
    },
    {
      "lastUpdated": "2022-06-02T00:31:03Z",
      "nameArabic": "???? ???",
      "nameEnglish": "Diyarbakir",
      "id": 796,
      "isActive": true
    },
    {
      "lastUpdated": "2022-06-02T00:31:03Z",
      "nameArabic": "??????",
      "nameEnglish": "DUSHANBE",
      "id": 825,
      "isActive": true
    },
    {
      "lastUpdated": "2022-06-02T01:37:49Z",
      "nameArabic": "???",
      "nameEnglish": "GOA",
      "id": 1017,
      "isActive": true
    },
    {
      "lastUpdated": "2022-06-02T00:31:14Z",
      "nameArabic": "????????",
      "nameEnglish": "TIDJIKJA",
      "id": 944,
      "isActive": true
    },
    {
      "lastUpdated": "2022-06-02T01:32:30Z",
      "nameArabic": "??? ??????",
      "nameEnglish": "RAS AL KHAIMAH",
      "id": 977,
      "isActive": true
    },
    {
      "lastUpdated": "2022-06-02T01:37:02Z",
      "nameArabic": "?????",
      "nameEnglish": "SOKOTO",
      "id": 843,
      "isActive": true
    },
    {
      "lastUpdated": "2022-06-02T01:37:02Z",
      "nameArabic": "????",
      "nameEnglish": "Rome",
      "id": 27,
      "isActive": true
    },
    {
      "lastUpdated": "2022-06-02T01:37:04Z",
      "nameArabic": "???? ????",
      "nameEnglish": "Hyderabad",
      "id": 817,
      "isActive": true
    },
    {
      "lastUpdated": "2022-06-02T00:37:29Z",
      "nameArabic": "??????",
      "nameEnglish": "SEOUL",
      "id": 984,
      "isActive": true
    },
    {
      "lastUpdated": "2022-06-02T00:37:42Z",
      "nameArabic": "????",
      "nameEnglish": "GENOVA",
      "id": 974,
      "isActive": true
    },
    {
      "lastUpdated": "2022-06-02T01:11:55Z",
      "nameArabic": "?????????",
      "nameEnglish": "Joharparo",
      "id": 808,
      "isActive": true
    },
    {
      "lastUpdated": "2022-06-02T01:37:50Z",
      "nameArabic": "?????",
      "nameEnglish": "Tabriz",
      "id": 781,
      "isActive": true
    },
    {
      "lastUpdated": "2022-06-02T00:35:02Z",
      "nameArabic": "??? ????? ??????",
      "nameEnglish": "Dubai World Central",
      "id": 1079,
      "isActive": true
    },
    {
      "lastUpdated": "2022-06-02T01:31:16Z",
      "nameArabic": "????",
      "nameEnglish": "Tarbes ",
      "id": 1075,
      "isActive": true
    },
    {
      "lastUpdated": "2022-06-02T00:49:36Z",
      "nameArabic": "????????",
      "nameEnglish": "Zapatoka",
      "id": 864,
      "isActive": true
    },
    {
      "lastUpdated": "2022-06-02T01:03:22Z",
      "nameArabic": "????? ?????",
      "nameEnglish": "Barstow Daggett",
      "id": 1099,
      "isActive": true
    },
    {
      "lastUpdated": "2022-06-02T00:49:37Z",
      "nameArabic": "??? ???",
      "nameEnglish": "Can island",
      "id": 870,
      "isActive": true
    },
    {
      "lastUpdated": "2022-06-02T00:49:38Z",
      "nameArabic": "????",
      "nameEnglish": "GAYA",
      "id": 1023,
      "isActive": true
    },
    {
      "lastUpdated": "2022-06-02T01:37:04Z",
      "nameArabic": "???",
      "nameEnglish": "Hlab",
      "id": 727,
      "isActive": true
    },
    {
      "lastUpdated": "2022-06-02T00:55:28Z",
      "nameArabic": "??????",
      "nameEnglish": "Zanzibar",
      "id": 826,
      "isActive": true
    },
    {
      "lastUpdated": "2022-06-02T00:55:28Z",
      "nameArabic": "????",
      "nameEnglish": "ZAGREB",
      "id": 1055,
      "isActive": true
    },
    {
      "lastUpdated": "2022-06-02T01:01:07Z",
      "nameArabic": "??????",
      "nameEnglish": "SAMSUN",
      "id": 803,
      "isActive": true
    },
    {
      "lastUpdated": "2022-06-02T00:55:28Z",
      "nameArabic": "????",
      "nameEnglish": "ROMA L.D.F.A.",
      "id": 962,
      "isActive": true
    },
    {
      "lastUpdated": "2022-06-02T01:01:10Z",
      "nameArabic": "??????",
      "nameEnglish": "Djibouti",
      "id": 65,
      "isActive": true
    },
    {
      "lastUpdated": "2022-06-02T01:01:19Z",
      "nameArabic": "?????????",
      "nameEnglish": "Johannesburg",
      "id": 126,
      "isActive": true
    },
    {
      "lastUpdated": "2022-06-02T01:37:04Z",
      "nameArabic": "?????",
      "nameEnglish": "Khujand",
      "id": 1036,
      "isActive": true
    },
    {
      "lastUpdated": "2022-06-02T01:11:48Z",
      "nameArabic": "?????",
      "nameEnglish": "RANCHI",
      "id": 1024,
      "isActive": true
    },
    {
      "lastUpdated": "2022-06-02T01:16:45Z",
      "nameArabic": "?????",
      "nameEnglish": "GORGAN",
      "id": 991,
      "isActive": true
    },
    {
      "lastUpdated": "2022-06-02T01:32:31Z",
      "nameArabic": "???????",
      "nameEnglish": "DALAMAN",
      "id": 797,
      "isActive": true
    },
    {
      "lastUpdated": "2022-06-02T01:32:31Z",
      "nameArabic": "????",
      "nameEnglish": "dublin",
      "id": 876,
      "isActive": true
    },
    {
      "lastUpdated": "2022-06-02T01:32:31Z",
      "nameArabic": "???????????",
      "nameEnglish": "TSELINOGRAD",
      "id": 1069,
      "isActive": true
    },
    {
      "lastUpdated": "2022-06-02T01:16:53Z",
      "nameArabic": "???",
      "nameEnglish": "Dubai",
      "id": 58,
      "isActive": true
    },
    {
      "lastUpdated": "2022-06-02T01:16:53Z",
      "nameArabic": "?????",
      "nameEnglish": "Chania",
      "id": 1032,
      "isActive": true
    },
    {
      "lastUpdated": "2019-07-14T11:09:19Z",
      "nameArabic": "???",
      "nameEnglish": "Bader",
      "id": 390021227,
      "isActive": true
    },
    {
      "lastUpdated": "2022-06-02T00:14:08Z",
      "nameArabic": "?? ?? ??",
      "nameEnglish": "UFA",
      "id": 1014,
      "isActive": true
    },
    {
      "lastUpdated": "2022-06-02T01:22:07Z",
      "nameArabic": "??????",
      "nameEnglish": "Huston",
      "id": 28,
      "isActive": true
    },
    {
      "lastUpdated": "2022-06-02T01:19:35Z",
      "nameArabic": "?????",
      "nameEnglish": "Dakar",
      "id": 78,
      "isActive": true
    },
    {
      "lastUpdated": "2022-06-02T00:17:38Z",
      "nameArabic": "???? ???? ?????",
      "nameEnglish": "London Luton Airport",
      "id": 1080,
      "isActive": true
    },
    {
      "lastUpdated": "2022-06-02T01:32:40Z",
      "nameArabic": "???",
      "nameEnglish": "Yei",
      "id": 1039,
      "isActive": true
    },
    {
      "lastUpdated": "2022-06-02T01:22:07Z",
      "nameArabic": "????",
      "nameEnglish": "HATAY",
      "id": 970,
      "isActive": true
    },
    {
      "lastUpdated": "2022-06-02T01:07:00Z",
      "nameArabic": "?????",
      "nameEnglish": "medan",
      "id": 769,
      "isActive": true
    },
    {
      "lastUpdated": "2022-06-02T01:22:07Z",
      "nameArabic": "??????",
      "nameEnglish": "Nairobi",
      "id": 73,
      "isActive": true
    },
    {
      "lastUpdated": "2022-06-02T00:24:58Z",
      "nameArabic": "????",
      "nameEnglish": "Masqat",
      "id": 59,
      "isActive": true
    },
    {
      "lastUpdated": "2022-06-02T01:14:20Z",
      "nameArabic": "??????",
      "nameEnglish": "NAMLEA",
      "id": 996,
      "isActive": true
    },
    {
      "lastUpdated": "2022-06-02T01:22:08Z",
      "nameArabic": "??? ???",
      "nameEnglish": "NAGPUR",
      "id": 1020,
      "isActive": true
    },
    {
      "lastUpdated": "2022-06-02T01:16:46Z",
      "nameArabic": "?????",
      "nameEnglish": "HAT YAE",
      "id": 867,
      "isActive": true
    },
    {
      "lastUpdated": "2022-06-02T00:26:18Z",
      "nameArabic": "?????",
      "nameEnglish": "HANOI",
      "id": 879,
      "isActive": true
    },
    {
      "lastUpdated": "2022-06-02T00:31:16Z",
      "nameArabic": "??? ",
      "nameEnglish": "MUS",
      "id": 969,
      "isActive": true
    },
    {
      "lastUpdated": "2022-06-02T01:11:58Z",
      "nameArabic": "????",
      "nameEnglish": "NICE",
      "id": 857,
      "isActive": true
    },
    {
      "lastUpdated": "2022-06-02T01:29:52Z",
      "nameArabic": "??????",
      "nameEnglish": "Misrata",
      "id": 751,
      "isActive": true
    },
    {
      "lastUpdated": "2022-06-02T00:37:31Z",
      "nameArabic": "?????",
      "nameEnglish": "Warsaw",
      "id": 717,
      "isActive": true
    },
    {
      "lastUpdated": "2022-06-02T00:35:01Z",
      "nameArabic": "?????-??????",
      "nameEnglish": "Milas-Bodrum",
      "id": 1078,
      "isActive": true
    },
    {
      "lastUpdated": "2022-06-02T01:22:24Z",
      "nameArabic": "?????",
      "nameEnglish": "MIAMI",
      "id": 1054,
      "isActive": true
    },
    {
      "lastUpdated": "2022-06-02T01:26:22Z",
      "nameArabic": "???????",
      "nameEnglish": "Mitiga",
      "id": 1076,
      "isActive": true
    },
    {
      "lastUpdated": "2022-06-02T01:26:51Z",
      "nameArabic": "???? ????? ???????",
      "nameEnglish": "METZ-NANCY-LORRAINE",
      "id": 948,
      "isActive": true
    },
    {
      "lastUpdated": "2022-06-02T01:26:51Z",
      "nameArabic": "???????",
      "nameEnglish": "MANGALORE",
      "id": 992,
      "isActive": true
    },
    {
      "lastUpdated": "2022-06-02T01:37:04Z",
      "nameArabic": "???????",
      "nameEnglish": "Ouarzazate",
      "id": 762,
      "isActive": true
    },
    {
      "lastUpdated": "2022-06-02T00:37:32Z",
      "nameArabic": "????????",
      "nameEnglish": "MONTPELLIER",
      "id": 954,
      "isActive": true
    },
    {
      "lastUpdated": "2022-06-02T01:31:16Z",
      "nameArabic": "???? ????? ??????",
      "nameEnglish": "Vnukovo International Airport",
      "id": 1077,
      "isActive": true
    },
    {
      "lastUpdated": "2022-06-02T01:37:05Z",
      "nameArabic": "??????",
      "nameEnglish": "Hanover",
      "id": 851,
      "isActive": true
    },
    {
      "lastUpdated": "2022-06-02T01:37:06Z",
      "nameArabic": "???????",
      "nameEnglish": "New York",
      "id": 68,
      "isActive": true
    },
    {
      "lastUpdated": "2022-06-02T01:37:06Z",
      "nameArabic": "???????",
      "nameEnglish": "NEVSHIR",
      "id": 802,
      "isActive": true
    },
    {
      "lastUpdated": "2022-06-02T01:01:41Z",
      "nameArabic": "?????",
      "nameEnglish": "Munich",
      "id": 853,
      "isActive": true
    },
    {
      "lastUpdated": "2022-07-25T22:29:49Z",
      "nameArabic": "??????",
      "nameEnglish": "Yaounde",
      "id": 2,
      "isActive": true
    },
    {
      "lastUpdated": "2022-06-02T01:37:07Z",
      "nameArabic": "????????? ????",
      "nameEnglish": "MINERALNYE VODY",
      "id": 1009,
      "isActive": true
    },
    {
      "lastUpdated": "2022-06-02T01:09:23Z",
      "nameArabic": "??????",
      "nameEnglish": "MOMBASA",
      "id": 1061,
      "isActive": true
    },
    {
      "lastUpdated": "2022-06-02T00:43:08Z",
      "nameArabic": "??????",
      "nameEnglish": "MORONI",
      "id": 1062,
      "isActive": true
    },
    {
      "lastUpdated": "2022-06-02T00:54:20Z",
      "nameArabic": "???? ????? ???????????",
      "nameEnglish": "Nikos Kazantzakis Airport",
      "id": 1073,
      "isActive": true
    },
    {
      "lastUpdated": "2022-06-02T00:49:47Z",
      "nameArabic": "?????????",
      "nameEnglish": "NARATHIWAT",
      "id": 1066,
      "isActive": true
    },
    {
      "lastUpdated": "2022-06-02T00:55:41Z",
      "nameArabic": "???? ?????",
      "nameEnglish": "Baghdad Airport",
      "id": 1041,
      "isActive": true
    },
    {
      "lastUpdated": "2022-06-02T01:01:12Z",
      "nameArabic": "?????????",
      "nameEnglish": "NGAOUNDERE",
      "id": 841,
      "isActive": true
    },
    {
      "lastUpdated": "2022-06-02T01:01:13Z",
      "nameArabic": "???????",
      "nameEnglish": "MINNA",
      "id": 1040,
      "isActive": true
    },
    {
      "lastUpdated": "2022-06-02T01:16:46Z",
      "nameArabic": "???????",
      "nameEnglish": "NEWCASTLE",
      "id": 933,
      "isActive": true
    },
    {
      "lastUpdated": "2022-06-02T01:06:15Z",
      "nameArabic": "???????",
      "nameEnglish": "Nouakchott",
      "id": 11,
      "isActive": true
    },
    {
      "lastUpdated": "2022-06-02T01:01:13Z",
      "nameArabic": "???????",
      "nameEnglish": "EAST MIDLANDS",
      "id": 934,
      "isActive": true
    },
    {
      "lastUpdated": "2022-06-02T01:01:14Z",
      "nameArabic": "????",
      "nameEnglish": "Malaga",
      "id": 98,
      "isActive": true
    },
    {
      "lastUpdated": "2022-06-02T01:06:16Z",
      "nameArabic": "????",
      "nameEnglish": "NANTES",
      "id": 957,
      "isActive": true
    },
    {
      "lastUpdated": "2022-06-02T01:11:57Z",
      "nameArabic": "??????",
      "nameEnglish": "Warjlah",
      "id": 742,
      "isActive": true
    },
    {
      "lastUpdated": "2022-06-02T01:06:16Z",
      "nameArabic": "???? ?????? ?????",
      "nameEnglish": "SANLIURFA AIRPORT TURKEY",
      "id": 967,
      "isActive": true
    },
    {
      "lastUpdated": "2022-06-02T01:11:58Z",
      "nameArabic": "???????",
      "nameEnglish": "New Delhi",
      "id": 70,
      "isActive": true
    },
    {
      "lastUpdated": "2022-06-02T01:16:46Z",
      "nameArabic": "??????",
      "nameEnglish": "MILANO",
      "id": 973,
      "isActive": true
    },
    {
      "lastUpdated": "2022-06-02T01:12:00Z",
      "nameArabic": "????????",
      "nameEnglish": "Monastir",
      "id": 734,
      "isActive": true
    },
    {
      "lastUpdated": "2022-06-02T01:17:12Z",
      "nameArabic": "???????",
      "nameEnglish": "NEW YORK",
      "id": 1052,
      "isActive": true
    },
    {
      "lastUpdated": "2022-06-02T01:22:14Z",
      "nameArabic": "???????",
      "nameEnglish": "QINGDAO",
      "id": 1058,
      "isActive": true
    },
    {
      "lastUpdated": "2022-06-02T01:26:53Z",
      "nameArabic": "???????",
      "nameEnglish": "AL BUHIRAH",
      "id": 884,
      "isActive": true
    },
    {
      "lastUpdated": "2022-06-02T01:26:53Z",
      "nameArabic": "??????",
      "nameEnglish": "Maputo",
      "id": 873,
      "isActive": true
    },
    {
      "lastUpdated": "2022-06-02T01:06:16Z",
      "nameArabic": "??????",
      "nameEnglish": "Mdgora",
      "id": 840,
      "isActive": true
    },
    {
      "lastUpdated": "2022-06-02T00:19:56Z",
      "nameArabic": "???????",
      "nameEnglish": "Libreville",
      "id": 127,
      "isActive": true
    },
    {
      "lastUpdated": "2022-06-02T01:26:54Z",
      "nameArabic": "???????",
      "nameEnglish": "Istanbul",
      "id": 51,
      "isActive": true
    },
    {
      "lastUpdated": "2022-06-02T00:25:00Z",
      "nameArabic": "??????",
      "nameEnglish": "AMMAN",
      "id": 976,
      "isActive": true
    },
    {
      "lastUpdated": "2022-06-02T01:32:03Z",
      "nameArabic": "??????",
      "nameEnglish": "ERZURUM",
      "id": 798,
      "isActive": true
    },
    {
      "nameArabic": "????",
      "nameEnglish": "LONDON",
      "id": 931,
      "isActive": true
    },
    {
      "lastUpdated": "2022-06-12T22:52:03Z",
      "nameArabic": "??????",
      "nameEnglish": "Malabo",
      "id": 390021228,
      "isActive": true
    },
    {
      "lastUpdated": "2022-06-02T00:31:20Z",
      "nameArabic": "?????",
      "nameEnglish": "Aswan",
      "id": 754,
      "isActive": true
    },
    {
      "lastUpdated": "2022-06-02T01:26:55Z",
      "nameArabic": "?????",
      "nameEnglish": "Ahvaz",
      "id": 772,
      "isActive": true
    },
    {
      "lastUpdated": "2022-06-02T01:26:56Z",
      "nameArabic": "????????",
      "nameEnglish": "Stockholm",
      "id": 42,
      "isActive": true
    },
    {
      "lastUpdated": "2022-06-02T01:26:56Z",
      "nameArabic": "???? ????",
      "nameEnglish": "Ahmedabad",
      "id": 812,
      "isActive": true
    },
    {
      "lastUpdated": "2022-06-02T00:31:20Z",
      "nameArabic": "???????",
      "nameEnglish": "Abidjan",
      "id": 831,
      "isActive": true
    },
    {
      "lastUpdated": "2022-06-02T01:27:28Z",
      "nameArabic": "????",
      "nameEnglish": "Lome",
      "id": 865,
      "isActive": true
    },
    {
      "lastUpdated": "2022-06-02T00:37:21Z",
      "nameArabic": "?????",
      "nameEnglish": "Athens",
      "id": 46,
      "isActive": true
    },
    {
      "lastUpdated": "2022-06-02T01:29:20Z",
      "nameArabic": "???? ????????",
      "nameEnglish": "LEEDS AND BRADFORD",
      "id": 932,
      "isActive": true
    },
    {
      "lastUpdated": "2022-06-02T01:31:13Z",
      "nameArabic": "?????",
      "nameEnglish": "Dzaoudzi Pamandzi",
      "id": 1072,
      "isActive": true
    },
    {
      "lastUpdated": "2022-06-02T01:32:01Z",
      "nameArabic": "?????",
      "nameEnglish": "Marrakech",
      "id": 763,
      "isActive": true
    },
    {
      "lastUpdated": "2022-06-02T01:32:02Z",
      "nameArabic": "????? ???????",
      "nameEnglish": "ISPARTA CITY",
      "id": 800,
      "isActive": true
    },
    {
      "lastUpdated": "2022-06-02T01:32:03Z",
      "nameArabic": "??????",
      "nameEnglish": "ELAZIG",
      "id": 966,
      "isActive": true
    },
    {
      "lastUpdated": "2022-06-02T01:16:58Z",
      "nameArabic": "?????",
      "nameEnglish": "Madras",
      "id": 818,
      "isActive": true
    },
    {
      "lastUpdated": "2022-06-02T01:32:03Z",
      "nameArabic": "????",
      "nameEnglish": "Accra",
      "id": 30,
      "isActive": true
    },
    {
      "lastUpdated": "2022-06-02T00:43:09Z",
      "nameArabic": "??????",
      "nameEnglish": "Kujia",
      "id": 791,
      "isActive": true
    },
    {
      "lastUpdated": "2022-06-02T00:43:09Z",
      "nameArabic": "??????",
      "nameEnglish": "LUANDA",
      "id": 1048,
      "isActive": true
    },
    {
      "lastUpdated": "2022-06-02T01:11:48Z",
      "nameArabic": "??????????",
      "nameEnglish": "Alexandria",
      "id": 75,
      "isActive": true
    },
    {
      "lastUpdated": "2022-06-02T01:12:04Z",
      "nameArabic": "??????",
      "nameEnglish": "MALATYA",
      "id": 963,
      "isActive": true
    },
    {
      "lastUpdated": "2022-06-02T01:12:06Z",
      "nameArabic": "??????",
      "nameEnglish": "Kherson",
      "id": 1043,
      "isActive": true
    },
    {
      "lastUpdated": "2022-06-02T01:06:18Z",
      "nameArabic": "?????",
      "nameEnglish": "Kowloon",
      "id": 847,
      "isActive": true
    },
    {
      "lastUpdated": "2022-06-02T01:00:55Z",
      "nameArabic": "???????",
      "nameEnglish": "Algeria",
      "id": 29,
      "isActive": true
    },
    {
      "lastUpdated": "2022-06-02T01:00:55Z",
      "nameArabic": "????",
      "nameEnglish": "Azna",
      "id": 792,
      "isActive": true
    },
    {
      "lastUpdated": "2022-06-02T01:01:17Z",
      "nameArabic": "??????",
      "nameEnglish": "Cotonou",
      "id": 830,
      "isActive": true
    },
    {
      "lastUpdated": "2022-06-02T00:49:48Z",
      "nameArabic": "??????",
      "nameEnglish": "Manila",
      "id": 54,
      "isActive": true
    },
    {
      "lastUpdated": "2022-08-01T20:08:39Z",
      "nameArabic": "????",
      "nameEnglish": "Garowe",
      "id": 390021229,
      "isActive": true
    },
    {
      "lastUpdated": "2022-06-02T00:49:50Z",
      "nameArabic": "?????",
      "nameEnglish": "Sabiha",
      "id": 806,
      "isActive": true
    },
    {
      "lastUpdated": "2022-06-02T01:12:16Z",
      "nameArabic": "????????",
      "nameEnglish": "MAKHACHKALA",
      "id": 1008,
      "isActive": true
    },
    {
      "lastUpdated": "2022-06-02T00:49:50Z",
      "nameArabic": "????",
      "nameEnglish": "LUXOR",
      "id": 938,
      "isActive": true
    },
    {
      "lastUpdated": "2022-06-02T01:16:26Z",
      "nameArabic": "?????",
      "nameEnglish": "The Hague",
      "id": 38,
      "isActive": true
    },
    {
      "lastUpdated": "2022-06-02T01:16:26Z",
      "nameArabic": "?????",
      "nameEnglish": "ADRAR",
      "id": 744,
      "isActive": true
    },
    {
      "lastUpdated": "2022-06-02T01:16:26Z",
      "nameArabic": "????? ????",
      "nameEnglish": "Islamabad",
      "id": 3,
      "isActive": true
    },
    {
      "lastUpdated": "2022-06-02T01:16:47Z",
      "nameArabic": "?????",
      "nameEnglish": "Madrid",
      "id": 21,
      "isActive": true
    },
    {
      "lastUpdated": "2022-06-02T01:07:19Z",
      "nameArabic": "?????",
      "nameEnglish": "Assiut",
      "id": 755,
      "isActive": true
    },
    {
      "lastUpdated": "2022-06-02T01:16:48Z",
      "nameArabic": "????????",
      "nameEnglish": "Lezrabass",
      "id": 774,
      "isActive": true
    },
    {
      "lastUpdated": "2022-06-02T01:12:04Z",
      "nameArabic": "?????",
      "nameEnglish": "Lahore",
      "id": 110,
      "isActive": true
    },
    {
      "lastUpdated": "2022-06-02T01:16:58Z",
      "nameArabic": "?????",
      "nameEnglish": "Izmir",
      "id": 793,
      "isActive": true
    },
    {
      "lastUpdated": "2022-06-02T01:17:12Z",
      "nameArabic": "????",
      "nameEnglish": "KIEV",
      "id": 878,
      "isActive": true
    },
    {
      "lastUpdated": "2022-06-02T01:11:51Z",
      "nameArabic": "????????",
      "nameEnglish": "PALEMBANG",
      "id": 998,
      "isActive": true
    },
    {
      "lastUpdated": "2022-06-02T00:20:01Z",
      "nameArabic": "???? ????",
      "nameEnglish": "Port Lowey\u0027s",
      "id": 875,
      "isActive": true
    },
    {
      "lastUpdated": "2022-06-02T01:21:31Z",
      "nameArabic": "??????????? ",
      "nameEnglish": "BANJARMASIN",
      "id": 1000,
      "isActive": true
    },
    {
      "lastUpdated": "2022-06-02T01:07:05Z",
      "nameArabic": "???????",
      "nameEnglish": "Bangalore",
      "id": 813,
      "isActive": true
    },
    {
      "lastUpdated": "2022-06-02T00:53:06Z",
      "nameArabic": "??????",
      "nameEnglish": "Bangkok",
      "id": 76,
      "isActive": true
    },
    {
      "lastUpdated": "2022-06-02T00:31:21Z",
      "nameArabic": " ????????",
      "nameEnglish": "MANCHESTER",
      "id": 929,
      "isActive": true
    },
    {
      "lastUpdated": "2022-06-02T01:16:28Z",
      "nameArabic": "???????",
      "nameEnglish": "Bridgetown",
      "id": 872,
      "isActive": true
    },
    {
      "lastUpdated": "2022-06-02T01:21:33Z",
      "nameArabic": "???? ????",
      "nameEnglish": "Ouagadougo",
      "id": 833,
      "isActive": true
    },
    {
      "lastUpdated": "2022-06-02T01:26:57Z",
      "nameArabic": "????",
      "nameEnglish": "Bern",
      "id": 17,
      "isActive": true
    },
    {
      "lastUpdated": "2022-06-02T01:00:41Z",
      "nameArabic": "?????",
      "nameEnglish": "Bishkek",
      "id": 888,
      "isActive": true
    },
    {
      "lastUpdated": "2022-06-02T01:16:28Z",
      "nameArabic": "????",
      "nameEnglish": "Prague",
      "id": 718,
      "isActive": true
    },
    {
      "lastUpdated": "2022-06-02T01:21:50Z",
      "nameArabic": "??????",
      "nameEnglish": "BHOPAL",
      "id": 1016,
      "isActive": true
    },
    {
      "lastUpdated": "2022-06-02T01:21:52Z",
      "nameArabic": "????? ????",
      "nameEnglish": "Bande Asia",
      "id": 768,
      "isActive": true
    },
    {
      "lastUpdated": "2022-06-02T01:22:24Z",
      "nameArabic": "??????",
      "nameEnglish": "Benghazi",
      "id": 749,
      "isActive": true
    },
    {
      "lastUpdated": "2022-06-02T01:26:56Z",
      "nameArabic": "?????",
      "nameEnglish": "INDORE",
      "id": 1018,
      "isActive": true
    },
    {
      "lastUpdated": "2022-06-02T01:27:29Z",
      "nameArabic": "?????",
      "nameEnglish": "Paris",
      "id": 97,
      "isActive": true
    },
    {
      "lastUpdated": "2022-06-02T00:37:21Z",
      "nameArabic": "??????",
      "nameEnglish": "BEIJING",
      "id": 869,
      "isActive": true
    },
    {
      "lastUpdated": "2022-06-02T01:32:05Z",
      "nameArabic": "?????",
      "nameEnglish": "ABUJA",
      "id": 702,
      "isActive": true
    },
    {
      "lastUpdated": "2022-06-02T01:32:05Z",
      "nameArabic": "????????",
      "nameEnglish": "VARANASI",
      "id": 1027,
      "isActive": true
    },
    {
      "lastUpdated": "2022-06-02T00:43:28Z",
      "nameArabic": "?????",
      "nameEnglish": "benjol",
      "id": 827,
      "isActive": true
    },
    {
      "lastUpdated": "2022-06-02T01:32:05Z",
      "nameArabic": "?????",
      "nameEnglish": "Piatti",
      "id": 863,
      "isActive": true
    },
    {
      "lastUpdated": "2022-06-02T01:32:06Z",
      "nameArabic": "???????",
      "nameEnglish": "BUCHAREST",
      "id": 882,
      "isActive": true
    },
    {
      "lastUpdated": "2022-06-02T00:43:10Z",
      "nameArabic": "?????",
      "nameEnglish": "Baghdad",
      "id": 63,
      "isActive": true
    },
    {
      "lastUpdated": "2022-06-02T00:43:10Z",
      "nameArabic": "??????",
      "nameEnglish": "Peshawar",
      "id": 124,
      "isActive": true
    },
    {
      "lastUpdated": "2022-06-02T00:43:12Z",
      "nameArabic": "?????",
      "nameEnglish": "PARIS",
      "id": 1050,
      "isActive": true
    },
    {
      "lastUpdated": "2022-06-02T01:01:21Z",
      "nameArabic": " ????????",
      "nameEnglish": "BIRMINGHAM",
      "id": 928,
      "isActive": true
    },
    {
      "lastUpdated": "2022-06-02T01:37:09Z",
      "nameArabic": "?????",
      "nameEnglish": "BORDEAUX",
      "id": 946,
      "isActive": true
    },
    {
      "lastUpdated": "2022-06-02T01:11:52Z",
      "nameArabic": "??????",
      "nameEnglish": "BATMAN",
      "id": 968,
      "isActive": true
    },
    {
      "lastUpdated": "2022-06-02T01:32:07Z",
      "nameArabic": "??????",
      "nameEnglish": "Berbiera",
      "id": 747,
      "isActive": true
    },
    {
      "lastUpdated": "2022-06-02T01:32:07Z",
      "nameArabic": "?????",
      "nameEnglish": "BUKHARA",
      "id": 1011,
      "isActive": true
    },
    {
      "lastUpdated": "2022-06-02T01:11:20Z",
      "nameArabic": "????????",
      "nameEnglish": "ORLANDO",
      "id": 1053,
      "isActive": true
    },
    {
      "lastUpdated": "2022-06-02T01:32:37Z",
      "nameArabic": "????",
      "nameEnglish": "Sdaa",
      "id": 779,
      "isActive": true
    },
    {
      "lastUpdated": "2022-06-02T01:37:09Z",
      "nameArabic": "?????",
      "nameEnglish": "Berlin",
      "id": 705,
      "isActive": true
    },
    {
      "lastUpdated": "2022-06-02T00:49:50Z",
      "nameArabic": " ????????",
      "nameEnglish": "BEMBRIDGE",
      "id": 930,
      "isActive": true
    },
    {
      "lastUpdated": "2022-06-02T00:55:47Z",
      "nameArabic": "??????",
      "nameEnglish": "Bamako",
      "id": 94,
      "isActive": true
    },
    {
      "lastUpdated": "2022-06-02T00:49:52Z",
      "nameArabic": "????????",
      "nameEnglish": "Brasilia",
      "id": 83,
      "isActive": true
    },
    {
      "lastUpdated": "2022-06-02T01:32:48Z",
      "nameArabic": "?????????",
      "nameEnglish": "AURANGABAD",
      "id": 1015,
      "isActive": true
    },
    {
      "lastUpdated": "2022-06-02T00:49:53Z",
      "nameArabic": "?????",
      "nameEnglish": "BANGUI",
      "id": 945,
      "isActive": true
    },
    {
      "lastUpdated": "2022-06-02T00:49:53Z",
      "nameArabic": "???????",
      "nameEnglish": "URMIEH",
      "id": 784,
      "isActive": true
    },
    {
      "lastUpdated": "2022-06-02T00:56:02Z",
      "nameArabic": "???? ????",
      "nameEnglish": "Bulk Baben",
      "id": 771,
      "isActive": true
    },
    {
      "lastUpdated": "2022-06-02T01:11:20Z",
      "nameArabic": "?????",
      "nameEnglish": "Batam",
      "id": 767,
      "isActive": true
    },
    {
      "lastUpdated": "2022-06-02T01:37:12Z",
      "nameArabic": "???????",
      "nameEnglish": "SAILKOT PAKISTAN",
      "id": 980,
      "isActive": true
    },
    {
      "lastUpdated": "2022-06-02T01:01:26Z",
      "nameArabic": "????",
      "nameEnglish": "Baku",
      "id": 1035,
      "isActive": true
    },
    {
      "lastUpdated": "2022-06-02T01:06:19Z",
      "nameArabic": "?????",
      "nameEnglish": "Bowman",
      "id": 1044,
      "isActive": true
    },
    {
      "lastUpdated": "2022-06-02T01:06:19Z",
      "nameArabic": "??? ",
      "nameEnglish": "OSH",
      "id": 1007,
      "isActive": true
    },
    {
      "lastUpdated": "2022-06-02T01:14:14Z",
      "nameArabic": "??????",
      "nameEnglish": "PADANG",
      "id": 997,
      "isActive": true
    },
    {
      "lastUpdated": "2022-06-02T01:16:27Z",
      "nameArabic": "?????",
      "nameEnglish": "Asmara",
      "id": 701,
      "isActive": true
    },
    {
      "lastUpdated": "2022-08-01T20:10:11Z",
      "nameArabic": "?????",
      "nameEnglish": "Nukus",
      "id": 390021230,
      "isActive": true
    },
    {
      "lastUpdated": "2022-06-02T01:17:23Z",
      "nameArabic": "????????",
      "nameEnglish": "PRISTINA",
      "id": 972,
      "isActive": true
    },
    {
      "lastUpdated": "2022-06-02T01:21:33Z",
      "nameArabic": "??????",
      "nameEnglish": "Doha",
      "id": 50,
      "isActive": true
    },
    {
      "lastUpdated": "2019-07-14T11:09:19Z",
      "nameArabic": "????",
      "nameEnglish": "Ranyah",
      "id": 390021231,
      "isActive": true
    },
    {
      "lastUpdated": "2022-06-02T00:55:47Z",
      "nameArabic": "?????",
      "nameEnglish": "ALONG",
      "id": 1021,
      "isActive": true
    },
    {
      "lastUpdated": "2022-06-02T01:27:05Z",
      "nameArabic": "???????",
      "nameEnglish": "Andijan ",
      "id": 1127,
      "isActive": true
    },
    {
      "lastUpdated": "2022-06-02T00:57:58Z",
      "nameArabic": "???????",
      "nameEnglish": "Manama",
      "id": 86,
      "isActive": true
    },
    {
      "lastUpdated": "2022-06-02T01:21:33Z",
      "nameArabic": "?????",
      "nameEnglish": "ANVERS",
      "id": 390021156,
      "isActive": true
    },
    {
      "lastUpdated": "2022-06-02T01:21:33Z",
      "nameArabic": "???????",
      "nameEnglish": "VICENZA",
      "id": 390021166,
      "isActive": true
    },
    {
      "lastUpdated": "2022-06-02T00:19:43Z",
      "nameArabic": "?????",
      "nameEnglish": "Shantou",
      "id": 1084,
      "isActive": true
    },
    {
      "lastUpdated": "2022-06-02T00:20:06Z",
      "nameArabic": "??????",
      "nameEnglish": "Kuwait",
      "id": 10,
      "isActive": true
    },
    {
      "lastUpdated": "2022-06-02T01:37:14Z",
      "nameArabic": "??????",
      "nameEnglish": "ILORIN",
      "id": 837,
      "isActive": true
    },
    {
      "lastUpdated": "2022-06-02T01:22:14Z",
      "nameArabic": "????????",
      "nameEnglish": "Lattakia",
      "id": 728,
      "isActive": true
    },
    {
      "lastUpdated": "2022-06-02T01:06:21Z",
      "nameArabic": "?????",
      "nameEnglish": "SOFIA",
      "id": 390021171,
      "isActive": true
    },
    {
      "lastUpdated": "2022-06-02T00:25:01Z",
      "nameArabic": "????????",
      "nameEnglish": "PRISTINA",
      "id": 390021174,
      "isActive": true
    },
    {
      "lastUpdated": "2022-06-02T00:25:02Z",
      "nameArabic": "???????",
      "nameEnglish": "Argenteuil",
      "id": 390001125,
      "isActive": true
    },
    {
      "lastUpdated": "2022-06-02T01:22:14Z",
      "nameArabic": "?????",
      "nameEnglish": "BRESCIA",
      "id": 390021163,
      "isActive": true
    },
    {
      "lastUpdated": "2022-06-02T00:31:24Z",
      "nameArabic": "?????",
      "nameEnglish": "AL-ain",
      "id": 724,
      "isActive": true
    },
    {
      "lastUpdated": "2022-06-02T01:32:09Z",
      "nameArabic": "??????",
      "nameEnglish": "RIMINI",
      "id": 390021165,
      "isActive": true
    },
    {
      "lastUpdated": "2022-06-02T01:16:30Z",
      "nameArabic": "?????",
      "nameEnglish": "Gimpo ",
      "id": 1132,
      "isActive": true
    },
    {
      "lastUpdated": "2022-06-02T01:24:46Z",
      "nameArabic": "??????",
      "nameEnglish": "ALMA-ATA",
      "id": 1068,
      "isActive": true
    },
    {
      "lastUpdated": "2022-06-02T00:36:45Z",
      "nameArabic": "???",
      "nameEnglish": "ANAA",
      "id": 1082,
      "isActive": true
    },
    {
      "nameArabic": "?????",
      "nameEnglish": "Crawley",
      "id": 390021093,
      "isActive": true
    },
    {
      "nameArabic": "????????",
      "nameEnglish": "Nottingham",
      "id": 390021090,
      "isActive": true
    },
    {
      "nameArabic": "?? ?????",
      "nameEnglish": "Ann Arbor",
      "id": 390021095,
      "isActive": true
    },
    {
      "lastUpdated": "2022-06-02T01:26:57Z",
      "nameArabic": "?????",
      "nameEnglish": "Ankara",
      "id": 93,
      "isActive": true
    },
    {
      "lastUpdated": "2022-06-02T00:49:53Z",
      "nameArabic": "???? ????",
      "nameEnglish": "ALOR SETAR",
      "id": 1067,
      "isActive": true
    },
    {
      "lastUpdated": "2022-06-02T00:36:46Z",
      "nameArabic": "????",
      "nameEnglish": "Said",
      "id": 1086,
      "isActive": true
    },
    {
      "lastUpdated": "2022-06-02T01:26:57Z",
      "nameArabic": "???? ?????",
      "nameEnglish": "ALICE SPRING",
      "id": 925,
      "isActive": true
    },
    {
      "lastUpdated": "2022-06-02T01:32:58Z",
      "nameArabic": "???",
      "nameEnglish": "Dhaka",
      "id": 84,
      "isActive": true
    },
    {
      "lastUpdated": "2022-06-02T00:49:55Z",
      "nameArabic": "???????",
      "nameEnglish": "AL HOCIEMA",
      "id": 943,
      "isActive": true
    },
    {
      "lastUpdated": "2022-06-02T00:37:23Z",
      "nameArabic": "??????",
      "nameEnglish": "AL-AQABA",
      "id": 881,
      "isActive": true
    },
    {
      "lastUpdated": "2022-06-02T01:00:43Z",
      "nameArabic": "?????",
      "nameEnglish": "Sydney",
      "id": 1129,
      "isActive": true
    },
    {
      "lastUpdated": "2022-06-02T01:34:35Z",
      "nameArabic": "???????",
      "nameEnglish": "Cairo",
      "id": 48,
      "isActive": true
    },
    {
      "lastUpdated": "2022-06-02T00:37:59Z",
      "nameArabic": "?????? ???????",
      "nameEnglish": "Puerto Cabezas",
      "id": 1085,
      "isActive": true
    },
    {
      "lastUpdated": "2022-06-02T01:27:05Z",
      "nameArabic": "??????",
      "nameEnglish": "ROTTERDAM",
      "id": 390021173,
      "isActive": true
    },
    {
      "lastUpdated": "2022-06-02T01:00:44Z",
      "nameArabic": "????",
      "nameEnglish": "Liege ",
      "id": 1133,
      "isActive": true
    },
    {
      "lastUpdated": "2022-06-02T00:49:56Z",
      "nameArabic": "??????",
      "nameEnglish": "VERONA",
      "id": 390021164,
      "isActive": true
    },
    {
      "lastUpdated": "2022-06-02T01:11:20Z",
      "nameArabic": "???????",
      "nameEnglish": "Alkhartom",
      "id": 56,
      "isActive": true
    },
    {
      "lastUpdated": "2022-06-02T00:49:56Z",
      "nameArabic": "??????",
      "nameEnglish": "FERIZAJ",
      "id": 390021176,
      "isActive": true
    },
    {
      "lastUpdated": "2022-06-02T01:16:30Z",
      "nameArabic": "?????",
      "nameEnglish": "Leicester",
      "id": 390021091,
      "isActive": true
    },
    {
      "lastUpdated": "2022-06-02T00:49:56Z",
      "nameArabic": "????????",
      "nameEnglish": "Blackburn",
      "id": 390021088,
      "isActive": true
    },
    {
      "lastUpdated": "2022-06-02T00:49:57Z",
      "nameArabic": "???????",
      "nameEnglish": "Wiltshire",
      "id": 390021089,
      "isActive": true
    },
    {
      "lastUpdated": "2022-06-02T01:27:05Z",
      "nameArabic": "????",
      "nameEnglish": "Juba ",
      "id": 390021178,
      "isActive": true
    },
    {
      "lastUpdated": "2022-06-02T00:55:52Z",
      "nameArabic": "?????",
      "nameEnglish": "ESSEN",
      "id": 390021168,
      "isActive": true
    },
    {
      "lastUpdated": "2022-06-02T01:32:08Z",
      "nameArabic": "??????",
      "nameEnglish": "Rabat",
      "id": 1,
      "isActive": true
    },
    {
      "lastUpdated": "2022-06-02T00:56:38Z",
      "nameArabic": "???????",
      "nameEnglish": "Urgench",
      "id": 1083,
      "isActive": true
    },
    {
      "lastUpdated": "2022-06-02T01:06:20Z",
      "nameArabic": "????? ?????",
      "nameEnglish": "LUTZELBACH",
      "id": 390021170,
      "isActive": true
    },
    {
      "lastUpdated": "2022-06-02T01:11:21Z",
      "nameArabic": "????",
      "nameEnglish": "BRUGES",
      "id": 390021159,
      "isActive": true
    },
    {
      "lastUpdated": "2022-06-02T01:16:29Z",
      "nameArabic": "???????",
      "nameEnglish": "BERINGEN",
      "id": 390021158,
      "isActive": true
    },
    {
      "lastUpdated": "2022-06-02T01:16:31Z",
      "nameArabic": "???????",
      "nameEnglish": "Antioch",
      "id": 390021179,
      "isActive": true
    },
    {
      "lastUpdated": "2022-06-02T01:37:15Z",
      "nameArabic": "???????",
      "nameEnglish": "HAMBURG�",
      "id": 390021167,
      "isActive": true
    },
    {
      "lastUpdated": "2022-06-02T01:37:15Z",
      "nameArabic": "?????",
      "nameEnglish": "Sofia ",
      "id": 1130,
      "isActive": true
    },
    {
      "lastUpdated": "2022-06-02T01:37:15Z",
      "nameArabic": "??????",
      "nameEnglish": "PRIZREN",
      "id": 390021175,
      "isActive": true
    },
    {
      "lastUpdated": "2022-06-02T01:37:16Z",
      "nameArabic": "?????",
      "nameEnglish": "Bissau",
      "id": 1144,
      "isActive": true
    },
    {
      "lastUpdated": "2022-06-02T01:11:21Z",
      "nameArabic": " ???? ????",
      "nameEnglish": "Saint-Denis",
      "id": 390011086,
      "isActive": true
    },
    {
      "lastUpdated": "2022-06-02T00:13:39Z",
      "nameArabic": "??????",
      "nameEnglish": "WASHINGTON",
      "id": 1051,
      "isActive": true
    },
    {
      "lastUpdated": "2022-06-02T01:32:56Z",
      "nameArabic": "???????",
      "nameEnglish": "Catalao",
      "id": 1107,
      "isActive": true
    },
    {
      "lastUpdated": "2022-06-02T01:21:36Z",
      "nameArabic": "???????",
      "nameEnglish": "Montana",
      "id": 390021151,
      "isActive": true
    },
    {
      "lastUpdated": "2022-06-02T01:27:06Z",
      "nameArabic": "????",
      "nameEnglish": "Rance",
      "id": 390021116,
      "isActive": true
    },
    {
      "lastUpdated": "2022-07-25T22:29:48Z",
      "nameArabic": "???????",
      "nameEnglish": "BARCELONA",
      "id": 390021138,
      "isActive": true
    },
    {
      "lastUpdated": "2022-06-02T00:19:43Z",
      "nameArabic": "???????? ???",
      "nameEnglish": "Herendeen Bay",
      "id": 1092,
      "isActive": true
    },
    {
      "lastUpdated": "2022-06-02T00:19:43Z",
      "nameArabic": "????????",
      "nameEnglish": "Erzincan",
      "id": 1097,
      "isActive": true
    },
    {
      "lastUpdated": "2022-06-02T00:25:03Z",
      "nameArabic": "?????",
      "nameEnglish": "Hamedan",
      "id": 1094,
      "isActive": true
    },
    {
      "lastUpdated": "2022-06-02T01:37:17Z",
      "nameArabic": "????????",
      "nameEnglish": " Islam mashhar",
      "id": 1103,
      "isActive": true
    },
    {
      "lastUpdated": "2022-06-02T00:25:04Z",
      "nameArabic": "????????",
      "nameEnglish": "MONTREAL",
      "id": 390021100,
      "isActive": true
    },
    {
      "lastUpdated": "2022-06-02T01:11:34Z",
      "nameArabic": "???? ?????",
      "nameEnglish": "MAHA GANGA",
      "id": 390021113,
      "isActive": true
    },
    {
      "lastUpdated": "2022-06-02T00:31:25Z",
      "nameArabic": "??? ?????",
      "nameEnglish": "SAN DIEGO",
      "id": 390021139,
      "isActive": true
    },
    {
      "lastUpdated": "2022-06-02T00:55:31Z",
      "nameArabic": "???????",
      "nameEnglish": "Virginia�",
      "id": 390021150,
      "isActive": true
    },
    {
      "nameArabic": "???????",
      "nameEnglish": "ARGENTEUIL",
      "id": 390021115,
      "isActive": true
    },
    {
      "lastUpdated": "2022-06-02T01:24:56Z",
      "nameArabic": "????????",
      "nameEnglish": "HEMPSTEAD",
      "id": 390021152,
      "isActive": true
    },
    {
      "lastUpdated": "2022-06-02T01:27:06Z",
      "nameArabic": "??????",
      "nameEnglish": "XANTHI",
      "id": 390021103,
      "isActive": true
    },
    {
      "lastUpdated": "2022-06-02T00:55:53Z",
      "nameArabic": "??????? ????",
      "nameEnglish": "Mansion House",
      "id": 1089,
      "isActive": true
    },
    {
      "lastUpdated": "2022-06-02T01:27:07Z",
      "nameArabic": "???????",
      "nameEnglish": "WATFORD",
      "id": 390021135,
      "isActive": true
    },
    {
      "nameArabic": "???? ????",
      "nameEnglish": "BLACKBURN",
      "id": 390021127,
      "isActive": true
    },
    {
      "nameArabic": "????",
      "nameEnglish": "SLOUGH",
      "id": 390021128,
      "isActive": true
    },
    {
      "nameArabic": "?????",
      "nameEnglish": "LEICESTER",
      "id": 390021130,
      "isActive": true
    },
    {
      "lastUpdated": "2022-06-02T01:00:44Z",
      "nameArabic": "?????",
      "nameEnglish": "Kosrae",
      "id": 1090,
      "isActive": true
    },
    {
      "lastUpdated": "2022-06-02T00:37:00Z",
      "nameArabic": "??? ???",
      "nameEnglish": "Den Haag",
      "id": 1095,
      "isActive": true
    },
    {
      "lastUpdated": "2022-06-02T01:27:35Z",
      "nameArabic": "??????????",
      "nameEnglish": "California�",
      "id": 390021148,
      "isActive": true
    },
    {
      "lastUpdated": "2022-06-02T00:37:00Z",
      "nameArabic": "???????",
      "nameEnglish": "MELBOURNE",
      "id": 390021104,
      "isActive": true
    },
    {
      "lastUpdated": "2022-06-02T01:32:10Z",
      "nameArabic": "????",
      "nameEnglish": "Zafer",
      "id": 1088,
      "isActive": true
    },
    {
      "lastUpdated": "2022-06-02T01:32:11Z",
      "nameArabic": "?????",
      "nameEnglish": "SYDNEY",
      "id": 390021105,
      "isActive": true
    },
    {
      "lastUpdated": "2022-06-02T00:43:14Z",
      "nameArabic": "?????",
      "nameEnglish": "Siena",
      "id": 1104,
      "isActive": true
    },
    {
      "lastUpdated": "2022-06-02T00:49:58Z",
      "nameArabic": "???? ?????",
      "nameEnglish": "Falls Church",
      "id": 390021141,
      "isActive": true
    },
    {
      "lastUpdated": "2022-06-02T01:32:59Z",
      "nameArabic": "???????",
      "nameEnglish": "Abuarich",
      "id": 667,
      "isActive": true
    },
    {
      "lastUpdated": "2022-06-02T00:43:15Z",
      "nameArabic": "???????",
      "nameEnglish": "ARNCLHFFE",
      "id": 390021106,
      "isActive": true
    },
    {
      "lastUpdated": "2022-06-02T01:16:31Z",
      "nameArabic": "?????",
      "nameEnglish": "REIMS",
      "id": 390021120,
      "isActive": true
    },
    {
      "lastUpdated": "2022-06-02T00:43:16Z",
      "nameArabic": "???? ????",
      "nameEnglish": "SAINT DENIS",
      "id": 390021109,
      "isActive": true
    },
    {
      "lastUpdated": "2022-06-02T01:33:13Z",
      "nameArabic": "?????",
      "nameEnglish": "Jizan",
      "id": 614,
      "isActive": true
    },
    {
      "lastUpdated": "2022-06-02T01:16:33Z",
      "nameArabic": "???????",
      "nameEnglish": "TALANGE",
      "id": 390021121,
      "isActive": true
    },
    {
      "lastUpdated": "2022-06-02T01:06:21Z",
      "nameArabic": "????????",
      "nameEnglish": "VICTORIA",
      "id": 390021107,
      "isActive": true
    },
    {
      "lastUpdated": "2022-06-02T01:37:18Z",
      "nameArabic": "???????",
      "nameEnglish": "Shishmaref",
      "id": 1109,
      "isActive": true
    },
    {
      "lastUpdated": "2022-06-02T01:37:18Z",
      "nameArabic": "???? ?????",
      "nameEnglish": "NOVI PAZAR",
      "id": 390021110,
      "isActive": true
    },
    {
      "lastUpdated": "2022-06-02T00:49:58Z",
      "nameArabic": "???????????",
      "nameEnglish": "CHRISTCHURCH",
      "id": 390021108,
      "isActive": true
    },
    {
      "lastUpdated": "2022-06-02T00:55:31Z",
      "nameArabic": "?????",
      "nameEnglish": "Boston",
      "id": 390021149,
      "isActive": true
    },
    {
      "lastUpdated": "2022-06-02T00:57:58Z",
      "nameArabic": "???????",
      "nameEnglish": "Henzada",
      "id": 1093,
      "isActive": true
    },
    {
      "lastUpdated": "2022-06-02T01:37:18Z",
      "nameArabic": "?????",
      "nameEnglish": "LUTON",
      "id": 390021133,
      "isActive": true
    },
    {
      "lastUpdated": "2022-06-02T01:37:18Z",
      "nameArabic": "??????",
      "nameEnglish": "ZARAGOZA",
      "id": 390021137,
      "isActive": true
    },
    {
      "lastUpdated": "2022-06-02T01:37:19Z",
      "nameArabic": "????",
      "nameEnglish": "Fort�",
      "id": 390021140,
      "isActive": true
    },
    {
      "lastUpdated": "2022-06-02T01:09:26Z",
      "nameArabic": "????????",
      "nameEnglish": "ONTARIO",
      "id": 390021101,
      "isActive": true
    },
    {
      "lastUpdated": "2022-06-02T00:55:54Z",
      "nameArabic": "???????",
      "nameEnglish": "Aspen",
      "id": 1100,
      "isActive": true
    },
    {
      "lastUpdated": "2022-06-02T01:11:22Z",
      "nameArabic": "????????",
      "nameEnglish": "MISSISSAUGA",
      "id": 390021099,
      "isActive": true
    },
    {
      "lastUpdated": "2022-06-02T01:11:21Z",
      "nameArabic": "???????",
      "nameEnglish": "Tamanrasset",
      "id": 1108,
      "isActive": true
    },
    {
      "lastUpdated": "2022-06-02T00:55:54Z",
      "nameArabic": "???????",
      "nameEnglish": "Saskylakh ",
      "id": 1106,
      "isActive": true
    },
    {
      "lastUpdated": "2022-06-02T00:55:55Z",
      "nameArabic": "????????",
      "nameEnglish": "NOTTINGHAM",
      "id": 390021131,
      "isActive": true
    },
    {
      "lastUpdated": "2022-06-02T01:06:21Z",
      "nameArabic": "????? ?????",
      "nameEnglish": "Campo Alegre",
      "id": 1110,
      "isActive": true
    },
    {
      "lastUpdated": "2022-06-02T01:11:33Z",
      "nameArabic": "??????",
      "nameEnglish": "KIGALI",
      "id": 390021111,
      "isActive": true
    },
    {
      "lastUpdated": "2022-06-02T01:11:34Z",
      "nameArabic": "???????",
      "nameEnglish": "DEWSBURY",
      "id": 390021136,
      "isActive": true
    },
    {
      "lastUpdated": "2022-06-02T00:13:39Z",
      "nameArabic": "???? ????",
      "nameEnglish": "MAZAR-I-SHARIF",
      "id": 986,
      "isActive": true
    },
    {
      "lastUpdated": "2022-06-02T01:36:56Z",
      "nameArabic": "???????",
      "nameEnglish": "KATSINA",
      "id": 390021187,
      "isActive": true
    },
    {
      "lastUpdated": "2022-06-02T01:22:17Z",
      "nameArabic": "????????",
      "nameEnglish": "Vancouver",
      "id": 390021226,
      "isActive": true
    },
    {
      "lastUpdated": "2022-06-02T01:27:07Z",
      "nameArabic": "???????",
      "nameEnglish": "Kutahya",
      "id": 390021189,
      "isActive": true
    },
    {
      "lastUpdated": "2022-06-02T01:21:39Z",
      "nameArabic": "?????",
      "nameEnglish": "BURSA",
      "id": 390021193,
      "isActive": true
    },
    {
      "lastUpdated": "2022-06-02T00:19:45Z",
      "nameArabic": "????????",
      "nameEnglish": "Brazzaville",
      "id": 3333,
      "isActive": true
    },
    {
      "lastUpdated": "2022-06-02T00:19:45Z",
      "nameArabic": "?????",
      "nameEnglish": "Aktau",
      "id": 1268,
      "isActive": true
    },
    {
      "nameArabic": "?????? ?????",
      "nameEnglish": "KAHRAMANMARAS",
      "id": 390021195,
      "isActive": true
    },
    {
      "lastUpdated": "2022-06-02T00:19:45Z",
      "nameArabic": "??? ",
      "nameEnglish": "Perth",
      "id": 1146,
      "isActive": true
    },
    {
      "nameArabic": "??????",
      "nameEnglish": "BAUCHI",
      "id": 390021182,
      "isActive": true
    },
    {
      "lastUpdated": "2022-06-02T01:21:40Z",
      "nameArabic": "????",
      "nameEnglish": "Lima",
      "id": 3338,
      "isActive": true
    },
    {
      "lastUpdated": "2022-06-02T00:25:06Z",
      "nameArabic": "???????",
      "nameEnglish": "Eskisehir",
      "id": 1225,
      "isActive": true
    },
    {
      "lastUpdated": "2022-06-02T01:36:56Z",
      "nameArabic": "?????? ?????",
      "nameEnglish": "KAHRAMANMARAS",
      "id": 390021194,
      "isActive": true
    },
    {
      "lastUpdated": "2022-06-02T00:25:09Z",
      "nameArabic": "?????",
      "nameEnglish": "GOMBE",
      "id": 390021185,
      "isActive": true
    },
    {
      "lastUpdated": "2022-06-02T01:06:59Z",
      "nameArabic": "??????",
      "nameEnglish": "Giresun",
      "id": 1226,
      "isActive": true
    },
    {
      "lastUpdated": "2022-06-02T01:37:19Z",
      "nameArabic": "????? ????",
      "nameEnglish": "Osman Thigna",
      "id": 390001145,
      "isActive": true
    },
    {
      "lastUpdated": "2022-06-02T01:21:40Z",
      "nameArabic": "?????",
      "nameEnglish": "Bingol",
      "id": 1186,
      "isActive": true
    },
    {
      "lastUpdated": "2022-06-02T01:32:41Z",
      "nameArabic": "????",
      "nameEnglish": "Aroa",
      "id": 390021198,
      "isActive": true
    },
    {
      "lastUpdated": "2022-06-02T00:25:12Z",
      "nameArabic": "????????",
      "nameEnglish": "Kastamonu ",
      "id": 390021213,
      "isActive": true
    },
    {
      "lastUpdated": "2022-06-02T01:21:41Z",
      "nameArabic": "??????",
      "nameEnglish": "Cooinda",
      "id": 390021201,
      "isActive": true
    },
    {
      "lastUpdated": "2022-06-02T01:27:08Z",
      "nameArabic": "??????",
      "nameEnglish": "Dysart",
      "id": 390021206,
      "isActive": true
    },
    {
      "lastUpdated": "2022-06-02T01:27:09Z",
      "nameArabic": "??????",
      "nameEnglish": "Bayreuth",
      "id": 390021200,
      "isActive": true
    },
    {
      "lastUpdated": "2022-06-02T00:25:34Z",
      "nameArabic": "?????",
      "nameEnglish": "Tamale",
      "id": 1207,
      "isActive": true
    },
    {
      "nameArabic": "???????",
      "nameEnglish": "Shymkent",
      "id": 390021202,
      "isActive": true
    },
    {
      "lastUpdated": "2022-06-02T01:14:15Z",
      "nameArabic": "??????",
      "nameEnglish": "Tbilisi",
      "id": 1167,
      "isActive": true
    },
    {
      "lastUpdated": "2022-06-02T01:12:11Z",
      "nameArabic": "???? ??? ????",
      "nameEnglish": "PORT�OF�SPAIN",
      "id": 390021154,
      "isActive": true
    },
    {
      "lastUpdated": "2022-06-02T00:55:31Z",
      "nameArabic": "????????",
      "nameEnglish": "Gaborone",
      "id": 390001086,
      "isActive": true
    },
    {
      "lastUpdated": "2022-06-02T00:37:01Z",
      "nameArabic": "???????",
      "nameEnglish": "Guwahati ",
      "id": 390021192,
      "isActive": true
    },
    {
      "lastUpdated": "2022-06-02T00:31:26Z",
      "nameArabic": "???????",
      "nameEnglish": "Shanghai Pudong",
      "id": 390021221,
      "isActive": true
    },
    {
      "lastUpdated": "2022-06-02T00:49:32Z",
      "nameArabic": "??????",
      "nameEnglish": "Lanzhou",
      "id": 1206,
      "isActive": true
    },
    {
      "lastUpdated": "2022-06-02T00:55:32Z",
      "nameArabic": "?????? ?????",
      "nameEnglish": "Xining Caojiabu",
      "id": 390021225,
      "isActive": true
    },
    {
      "lastUpdated": "2022-06-02T01:06:48Z",
      "nameArabic": "???????",
      "nameEnglish": "Vryburg",
      "id": 390021224,
      "isActive": true
    },
    {
      "lastUpdated": "2022-06-02T01:11:35Z",
      "nameArabic": "?????",
      "nameEnglish": "Sinop",
      "id": 390021218,
      "isActive": true
    },
    {
      "lastUpdated": "2022-06-02T01:37:46Z",
      "nameArabic": "?????",
      "nameEnglish": "Kolkata",
      "id": 390021191,
      "isActive": true
    },
    {
      "lastUpdated": "2022-06-02T01:27:32Z",
      "nameArabic": "?????",
      "nameEnglish": "Shaqra",
      "id": 615,
      "isActive": true
    },
    {
      "lastUpdated": "2022-06-02T00:37:02Z",
      "nameArabic": "?????? ???",
      "nameEnglish": "BIRNIN KEBBI",
      "id": 390021183,
      "isActive": true
    },
    {
      "lastUpdated": "2022-06-02T00:37:03Z",
      "nameArabic": "??????",
      "nameEnglish": "entebbe",
      "id": 1187,
      "isActive": true
    },
    {
      "lastUpdated": "2022-06-02T01:06:26Z",
      "nameArabic": "??????",
      "nameEnglish": "Marina",
      "id": 390021222,
      "isActive": true
    },
    {
      "lastUpdated": "2022-06-02T00:55:33Z",
      "nameArabic": "??????",
      "nameEnglish": "Obano",
      "id": 390021219,
      "isActive": true
    },
    {
      "lastUpdated": "2022-06-02T01:32:56Z",
      "nameArabic": "???????? ????",
      "nameEnglish": "Osvaldo Vieira",
      "id": 390021220,
      "isActive": true
    },
    {
      "lastUpdated": "2022-06-02T00:37:04Z",
      "nameArabic": "??????",
      "nameEnglish": "Dayton�",
      "id": 390021204,
      "isActive": true
    },
    {
      "lastUpdated": "2022-06-02T00:55:33Z",
      "nameArabic": "?????",
      "nameEnglish": "Kassala",
      "id": 390021214,
      "isActive": true
    },
    {
      "lastUpdated": "2022-06-02T01:33:13Z",
      "nameArabic": "?? ?????",
      "nameEnglish": "Ann Arbor",
      "id": 390021144,
      "isActive": true
    },
    {
      "lastUpdated": "2022-06-02T00:49:32Z",
      "nameArabic": "?????",
      "nameEnglish": "ZANJAN",
      "id": 1269,
      "isActive": true
    },
    {
      "lastUpdated": "2022-06-02T00:49:59Z",
      "nameArabic": "????",
      "nameEnglish": "Arao",
      "id": 390021153,
      "isActive": true
    },
    {
      "lastUpdated": "2022-06-02T01:11:39Z",
      "nameArabic": "????????????????",
      "nameEnglish": "Thiruvananthapuram",
      "id": 1267,
      "isActive": true
    },
    {
      "lastUpdated": "2022-06-02T01:14:21Z",
      "nameArabic": "?????????",
      "nameEnglish": "MAIDUGURI",
      "id": 390021188,
      "isActive": true
    },
    {
      "lastUpdated": "2022-06-02T00:49:59Z",
      "nameArabic": "?????",
      "nameEnglish": "Kulob",
      "id": 1367,
      "isActive": true
    },
    {
      "lastUpdated": "2022-06-02T01:11:36Z",
      "nameArabic": "????????",
      "nameEnglish": "Agartala�",
      "id": 390021210,
      "isActive": true
    },
    {
      "lastUpdated": "2022-06-02T01:33:18Z",
      "nameArabic": "???? ??????",
      "nameEnglish": "Blaise Diagne",
      "id": 1366,
      "isActive": true
    },
    {
      "lastUpdated": "2022-06-02T01:06:26Z",
      "nameArabic": "?????????",
      "nameEnglish": "Bujumbura",
      "id": 99,
      "isActive": true
    },
    {
      "lastUpdated": "2022-06-02T01:06:26Z",
      "nameArabic": "?????",
      "nameEnglish": "Socotra",
      "id": 1266,
      "isActive": true
    },
    {
      "lastUpdated": "2022-06-02T01:16:35Z",
      "nameArabic": "??????",
      "nameEnglish": "Lombok",
      "id": 390021196,
      "isActive": true
    },
    {
      "lastUpdated": "2022-06-02T01:34:34Z",
      "nameArabic": "?????",
      "nameEnglish": "Unaizah",
      "id": 643,
      "isActive": true
    },
    {
      "lastUpdated": "2022-06-02T01:16:36Z",
      "nameArabic": "??????�",
      "nameEnglish": "Batumi",
      "id": 390021199,
      "isActive": true
    },
    {
      "lastUpdated": "2022-06-02T01:16:54Z",
      "nameArabic": "??????",
      "nameEnglish": "XINING",
      "id": 390021181,
      "isActive": true
    },
    {
      "lastUpdated": "2022-06-02T01:37:04Z",
      "nameArabic": "????",
      "nameEnglish": "Yanbu",
      "id": 646,
      "isActive": true
    },
    {
      "lastUpdated": "2022-06-02T00:13:40Z",
      "nameArabic": "??????",
      "nameEnglish": "ATBARA",
      "id": 940,
      "isActive": true
    },
    {
      "lastUpdated": "2022-06-02T00:13:41Z",
      "nameArabic": "??????",
      "nameEnglish": "Biljurshi",
      "id": 670,
      "isActive": true
    },
    {
      "lastUpdated": "2022-06-02T01:21:33Z",
      "nameArabic": "??????",
      "nameEnglish": "Riyadh",
      "id": 601,
      "isActive": true
    },
    {
      "lastUpdated": "2022-06-02T00:13:42Z",
      "nameArabic": "??????",
      "nameEnglish": "Nimas",
      "id": 657,
      "isActive": true
    },
    {
      "lastUpdated": "2022-06-02T01:21:50Z",
      "nameArabic": "??? ???????",
      "nameEnglish": "Makkah",
      "id": 603,
      "isActive": true
    },
    {
      "lastUpdated": "2022-06-02T00:13:44Z",
      "nameArabic": "??????",
      "nameEnglish": "Rayyan",
      "id": 722,
      "isActive": true
    },
    {
      "lastUpdated": "2022-06-02T01:37:09Z",
      "nameArabic": "???????",
      "nameEnglish": "Al-Hasa",
      "id": 672,
      "isActive": true
    },
    {
      "lastUpdated": "2022-06-02T01:21:50Z",
      "nameArabic": "??? ?????",
      "nameEnglish": "Mahd al dhab",
      "id": 647,
      "isActive": true
    },
    {
      "lastUpdated": "2022-06-02T01:37:09Z",
      "nameArabic": "?????",
      "nameEnglish": "Buraydah",
      "id": 610,
      "isActive": true
    },
    {
      "lastUpdated": "2022-06-02T01:11:55Z",
      "nameArabic": "???? ??????",
      "nameEnglish": "Jandal",
      "id": 639,
      "isActive": true
    },
    {
      "lastUpdated": "2022-06-02T00:43:12Z",
      "nameArabic": "??????",
      "nameEnglish": "Al Hafuf",
      "id": 609,
      "isActive": true
    },
    {
      "lastUpdated": "2022-06-02T00:55:48Z",
      "nameArabic": "??????",
      "nameEnglish": "AL-mthenb",
      "id": 680,
      "isActive": true
    },
    {
      "lastUpdated": "2022-06-02T00:14:17Z",
      "nameArabic": "?????",
      "nameEnglish": "Sharorah",
      "id": 679,
      "isActive": true
    },
    {
      "lastUpdated": "2022-06-02T01:16:28Z",
      "nameArabic": "??????",
      "nameEnglish": "Belgarn",
      "id": 669,
      "isActive": true
    },
    {
      "lastUpdated": "2022-06-02T01:06:51Z",
      "nameArabic": "????",
      "nameEnglish": "Sudair",
      "id": 671,
      "isActive": true
    },
    {
      "lastUpdated": "2022-06-02T01:32:05Z",
      "nameArabic": "????",
      "nameEnglish": "Abha",
      "id": 613,
      "isActive": true
    },
    {
      "lastUpdated": "2022-06-02T01:12:07Z",
      "nameArabic": "????",
      "nameEnglish": "Khaybar",
      "id": 649,
      "isActive": true
    },
    {
      "lastUpdated": "2022-06-02T01:00:42Z",
      "nameArabic": "????????",
      "nameEnglish": "AL-qwia",
      "id": 617,
      "isActive": true
    },
    {
      "lastUpdated": "2022-06-02T00:31:02Z",
      "nameArabic": "????",
      "nameEnglish": "ArAr",
      "id": 612,
      "isActive": true
    },
    {
      "lastUpdated": "2022-06-02T01:22:04Z",
      "nameArabic": "???",
      "nameEnglish": "Haql",
      "id": 642,
      "isActive": true
    },
    {
      "lastUpdated": "2022-06-02T01:27:04Z",
      "nameArabic": "??????",
      "nameEnglish": "Taif",
      "id": 604,
      "isActive": true
    },
    {
      "lastUpdated": "2022-06-02T01:32:08Z",
      "nameArabic": "??????",
      "nameEnglish": "Qatif",
      "id": 627,
      "isActive": true
    },
    {
      "lastUpdated": "2022-06-02T00:37:01Z",
      "nameArabic": "??????",
      "nameEnglish": "alqasem",
      "id": 5072,
      "isActive": true
    },
    {
      "lastUpdated": "2022-06-02T00:31:05Z",
      "nameArabic": "?????",
      "nameEnglish": "Tayma",
      "id": 634,
      "isActive": true
    },
    {
      "lastUpdated": "2022-06-02T00:37:41Z",
      "nameArabic": "???? ??? ????",
      "nameEnglish": "Hawtat Bani Tamim",
      "id": 623,
      "isActive": true
    },
    {
      "lastUpdated": "2022-06-02T01:06:58Z",
      "nameArabic": "????????",
      "nameEnglish": "Bukayriyah",
      "id": 645,
      "isActive": true
    },
    {
      "lastUpdated": "2022-06-02T01:32:32Z",
      "nameArabic": "?????",
      "nameEnglish": "Ttlet",
      "id": 677,
      "isActive": true
    },
    {
      "lastUpdated": "2022-06-02T01:06:19Z",
      "nameArabic": "?????",
      "nameEnglish": "AL-wjh",
      "id": 636,
      "isActive": true
    },
    {
      "lastUpdated": "2022-06-02T00:49:36Z",
      "nameArabic": "???? ????",
      "nameEnglish": "Khamis Mushait",
      "id": 655,
      "isActive": true
    },
    {
      "lastUpdated": "2022-06-02T00:37:03Z",
      "nameArabic": "??????",
      "nameEnglish": "BAUCHI",
      "id": 1208,
      "isActive": true
    },
    {
      "lastUpdated": "2022-06-02T00:43:00Z",
      "nameArabic": "?????",
      "nameEnglish": "Samitah",
      "id": 665,
      "isActive": true
    },
    {
      "lastUpdated": "2022-06-02T01:16:28Z",
      "nameArabic": "????",
      "nameEnglish": "Umluj",
      "id": 637,
      "isActive": true
    },
    {
      "lastUpdated": "2022-06-02T00:55:28Z",
      "nameArabic": "??? ??????",
      "nameEnglish": "Hafar Al Baten",
      "id": 630,
      "isActive": true
    },
    {
      "lastUpdated": "2022-06-02T00:55:49Z",
      "nameArabic": "??????",
      "nameEnglish": "Kurmah",
      "id": 653,
      "isActive": true
    },
    {
      "lastUpdated": "2022-06-02T01:06:28Z",
      "nameArabic": "?????",
      "nameEnglish": "Ghat",
      "id": 682,
      "isActive": true
    },
    {
      "lastUpdated": "2022-06-02T01:07:00Z",
      "nameArabic": "????",
      "nameEnglish": "Qariah",
      "id": 629,
      "isActive": true
    },
    {
      "lastUpdated": "2022-06-02T01:32:33Z",
      "nameArabic": "?????",
      "nameEnglish": "Najran",
      "id": 664,
      "isActive": true
    },
    {
      "lastUpdated": "2022-06-02T00:49:53Z",
      "nameArabic": "???????",
      "nameEnglish": "Qunfudah",
      "id": 652,
      "isActive": true
    },
    {
      "lastUpdated": "2022-06-02T00:37:22Z",
      "nameArabic": "?????",
      "nameEnglish": "Baqaa",
      "id": 681,
      "isActive": true
    },
    {
      "lastUpdated": "2022-06-02T00:37:22Z",
      "nameArabic": "???????",
      "nameEnglish": "Qurayyat",
      "id": 641,
      "isActive": true
    },
    {
      "lastUpdated": "2022-06-02T01:32:36Z",
      "nameArabic": "????",
      "nameEnglish": "Duba",
      "id": 635,
      "isActive": true
    },
    {
      "lastUpdated": "2022-06-02T00:43:15Z",
      "nameArabic": "????",
      "nameEnglish": "Al Rass",
      "id": 644,
      "isActive": true
    },
    {
      "lastUpdated": "2022-06-02T00:49:54Z",
      "nameArabic": "????????",
      "nameEnglish": "Dawadmi",
      "id": 616,
      "isActive": true
    },
    {
      "lastUpdated": "2022-06-02T01:00:42Z",
      "nameArabic": "??????",
      "nameEnglish": "Dammam",
      "id": 607,
      "isActive": true
    },
    {
      "lastUpdated": "2022-06-02T01:01:10Z",
      "nameArabic": "????",
      "nameEnglish": "Rabigh",
      "id": 650,
      "isActive": true
    },
    {
      "lastUpdated": "2022-06-02T00:50:16Z",
      "nameArabic": "?????",
      "nameEnglish": "AL-berk",
      "id": 654,
      "isActive": true
    },
    {
      "lastUpdated": "2022-06-02T01:32:56Z",
      "nameArabic": "?????",
      "nameEnglish": "Laith",
      "id": 651,
      "isActive": true
    },
    {
      "lastUpdated": "2022-06-02T00:25:00Z",
      "nameArabic": "??????",
      "nameEnglish": "Almendq",
      "id": 663,
      "isActive": true
    },
    {
      "lastUpdated": "2022-06-02T00:31:10Z",
      "nameArabic": "???????",
      "nameEnglish": "3",
      "id": 1246,
      "isActive": true
    },
    {
      "lastUpdated": "2022-06-02T01:16:29Z",
      "nameArabic": "??????",
      "nameEnglish": "As Sulayyil",
      "id": 675,
      "isActive": true
    },
    {
      "lastUpdated": "2022-06-02T00:25:01Z",
      "nameArabic": "?????",
      "nameEnglish": "Al Ula",
      "id": 648,
      "isActive": true
    },
    {
      "lastUpdated": "2022-06-02T01:16:54Z",
      "nameArabic": "????",
      "nameEnglish": "Hail",
      "id": 611,
      "isActive": true
    },
    {
      "lastUpdated": "2022-06-02T01:26:44Z",
      "nameArabic": "???????",
      "nameEnglish": "SALZBURG",
      "id": 1056,
      "isActive": true
    },
    {
      "lastUpdated": "2022-06-02T01:21:58Z",
      "nameArabic": "????",
      "nameEnglish": "Kefda",
      "id": 748,
      "isActive": true
    },
    {
      "lastUpdated": "2022-06-02T01:24:49Z",
      "nameArabic": "??????",
      "nameEnglish": "Kampala",
      "id": 714,
      "isActive": true
    },
    {
      "lastUpdated": "2022-06-02T01:26:54Z",
      "nameArabic": "??????",
      "nameEnglish": "Isfahan",
      "id": 776,
      "isActive": true
    },
    {
      "lastUpdated": "2022-06-02T01:27:07Z",
      "nameArabic": "??????? ???????",
      "nameEnglish": "Madina",
      "id": 605,
      "isActive": true
    },
    {
      "lastUpdated": "2022-06-02T00:13:49Z",
      "nameArabic": "???????",
      "nameEnglish": "Shymkent",
      "id": 3339,
      "isActive": true
    },
    {
      "lastUpdated": "2022-06-02T01:22:03Z",
      "nameArabic": "??????",
      "nameEnglish": "KANDLA",
      "id": 1019,
      "isActive": true
    },
    {
      "nameArabic": "????",
      "nameEnglish": "ANOTHER",
      "id": 390000000,
      "isActive": true
    },
    {
      "lastUpdated": "2022-06-02T00:24:57Z",
      "nameArabic": "??? ??????(????)",
      "nameEnglish": "MALI",
      "id": 103,
      "isActive": true
    },
    {
      "lastUpdated": "2022-06-02T01:22:04Z",
      "nameArabic": "????",
      "nameEnglish": "Afif",
      "id": 618,
      "isActive": true
    },
    {
      "lastUpdated": "2022-06-02T00:37:43Z",
      "nameArabic": "????",
      "nameEnglish": "Baku",
      "id": 704,
      "isActive": true
    },
    {
      "lastUpdated": "2022-06-02T01:22:04Z",
      "nameArabic": "????? ??????",
      "nameEnglish": "Dhahran South",
      "id": 656,
      "isActive": true
    },
    {
      "lastUpdated": "2022-06-02T00:24:59Z",
      "nameArabic": "??????",
      "nameEnglish": "Jubail",
      "id": 628,
      "isActive": true
    },
    {
      "lastUpdated": "2022-06-02T00:43:14Z",
      "nameArabic": "??????? ????????",
      "nameEnglish": "Alardiah Aljanoubiah",
      "id": 676,
      "isActive": true
    },
    {
      "lastUpdated": "2022-06-02T00:37:19Z",
      "nameArabic": "???",
      "nameEnglish": "Fes",
      "id": 760,
      "isActive": true
    },
    {
      "lastUpdated": "2022-06-02T01:37:15Z",
      "nameArabic": "??????",
      "nameEnglish": "Al Khafji",
      "id": 631,
      "isActive": true
    },
    {
      "lastUpdated": "2022-06-02T01:37:07Z",
      "nameArabic": "????? ????",
      "nameEnglish": "Maha?l Asir",
      "id": 660,
      "isActive": true
    },
    {
      "lastUpdated": "2022-06-02T01:06:22Z",
      "nameArabic": "????????",
      "nameEnglish": "BRADFORD",
      "id": 390021124,
      "isActive": true
    },
    {
      "lastUpdated": "2022-06-02T00:43:21Z",
      "nameArabic": "?????",
      "nameEnglish": "PHUKET",
      "id": 807,
      "isActive": true
    },
    {
      "lastUpdated": "2022-06-02T01:01:05Z",
      "nameArabic": "??????",
      "nameEnglish": "Karachi",
      "id": 31,
      "isActive": true
    },
    {
      "lastUpdated": "2022-06-02T01:14:19Z",
      "nameArabic": "????",
      "nameEnglish": "Gulwh",
      "id": 662,
      "isActive": true
    },
    {
      "lastUpdated": "2022-06-02T00:16:27Z",
      "nameArabic": "???????",
      "nameEnglish": "Al Majmaah",
      "id": 619,
      "isActive": true
    },
    {
      "lastUpdated": "2022-06-02T00:25:19Z",
      "nameArabic": "????? ????????",
      "nameEnglish": "KUALA TRENGGANU",
      "id": 999,
      "isActive": true
    },
    {
      "lastUpdated": "2022-06-02T01:27:12Z",
      "nameArabic": "????",
      "nameEnglish": "Gafsa",
      "id": 733,
      "isActive": true
    },
    {
      "lastUpdated": "2022-06-02T00:55:53Z",
      "nameArabic": "????",
      "nameEnglish": "SLOUGH",
      "id": 390021092,
      "isActive": true
    },
    {
      "lastUpdated": "2022-06-02T00:55:27Z",
      "nameArabic": "????????",
      "nameEnglish": "Copenhagen",
      "id": 61,
      "isActive": true
    },
    {
      "lastUpdated": "2022-06-02T01:16:49Z",
      "nameArabic": "??????",
      "nameEnglish": "Karakas",
      "id": 12,
      "isActive": true
    },
    {
      "lastUpdated": "2022-06-02T01:01:21Z",
      "nameArabic": "????",
      "nameEnglish": "Tadiq",
      "id": 622,
      "isActive": true
    },
    {
      "lastUpdated": "2022-06-02T01:27:12Z",
      "nameArabic": "??? ????",
      "nameEnglish": "IN GUEZZAM",
      "id": 1059,
      "isActive": true
    },
    {
      "lastUpdated": "2022-06-02T00:49:33Z",
      "nameArabic": "????????",
      "nameEnglish": "WELLINGTON",
      "id": 1368,
      "isActive": true
    },
    {
      "lastUpdated": "2022-06-02T00:25:23Z",
      "nameArabic": "?????",
      "nameEnglish": "Tabarjal",
      "id": 640,
      "isActive": true
    },
    {
      "lastUpdated": "2022-06-02T00:56:13Z",
      "nameArabic": "?????",
      "nameEnglish": "Farsan",
      "id": 668,
      "isActive": true
    },
    {
      "lastUpdated": "2022-06-02T01:27:03Z",
      "nameArabic": "??????",
      "nameEnglish": "Al Zilfi",
      "id": 620,
      "isActive": true
    },
    {
      "lastUpdated": "2022-06-02T01:27:19Z",
      "nameArabic": "???????????",
      "nameEnglish": "Kotaknabalo",
      "id": 811,
      "isActive": true
    },
    {
      "lastUpdated": "2022-06-02T00:25:34Z",
      "nameArabic": "?????????",
      "nameEnglish": "GUANGZHOU",
      "id": 1002,
      "isActive": true
    },
    {
      "lastUpdated": "2022-06-02T01:06:18Z",
      "nameArabic": "??????",
      "nameEnglish": "Basra",
      "id": 1031,
      "isActive": true
    },
    {
      "lastUpdated": "2022-06-02T01:27:15Z",
      "nameArabic": "??????",
      "nameEnglish": "Srinagar",
      "id": 819,
      "isActive": true
    },
    {
      "lastUpdated": "2022-06-02T01:29:52Z",
      "nameArabic": "???????",
      "nameEnglish": "Conakry",
      "id": 43,
      "isActive": true
    },
    {
      "lastUpdated": "2022-06-02T01:32:33Z",
      "nameArabic": "??????",
      "nameEnglish": "yangon",
      "id": 951,
      "isActive": true
    },
    {
      "lastUpdated": "2022-06-02T01:31:13Z",
      "nameArabic": "????? ?????",
      "nameEnglish": "Kuala Namu International Airport",
      "id": 1074,
      "isActive": true
    },
    {
      "lastUpdated": "2022-06-02T00:37:30Z",
      "nameArabic": "???? ????",
      "nameEnglish": "Rejal Elmaa",
      "id": 658,
      "isActive": true
    },
    {
      "lastUpdated": "2022-06-02T01:29:55Z",
      "nameArabic": "?????",
      "nameEnglish": "Salalah",
      "id": 730,
      "isActive": true
    },
    {
      "lastUpdated": "2022-06-02T00:43:05Z",
      "nameArabic": "??? ???????",
      "nameEnglish": "Sabt Al Alayah",
      "id": 673,
      "isActive": true
    },
    {
      "lastUpdated": "2022-06-02T00:43:06Z",
      "nameArabic": "???????",
      "nameEnglish": "Huraymala",
      "id": 621,
      "isActive": true
    },
    {
      "lastUpdated": "2022-06-02T00:49:38Z",
      "nameArabic": "????",
      "nameEnglish": "Jdba",
      "id": 732,
      "isActive": true
    },
    {
      "lastUpdated": "2022-06-02T00:50:07Z",
      "nameArabic": "??????",
      "nameEnglish": "Canberra",
      "id": 20,
      "isActive": true
    },
    {
      "lastUpdated": "2022-06-02T00:50:21Z",
      "nameArabic": "?????",
      "nameEnglish": "KONYA",
      "id": 801,
      "isActive": true
    },
    {
      "lastUpdated": "2022-06-02T01:33:13Z",
      "nameArabic": "??????",
      "nameEnglish": "bronay",
      "id": 866,
      "isActive": true
    },
    {
      "lastUpdated": "2022-06-02T01:06:16Z",
      "nameArabic": "???? ???????",
      "nameEnglish": "Wadi ad-Dawasir",
      "id": 626,
      "isActive": true
    },
    {
      "lastUpdated": "2022-06-02T01:11:48Z",
      "nameArabic": "?????",
      "nameEnglish": "Tahran",
      "id": 66,
      "isActive": true
    },
    {
      "lastUpdated": "2022-06-02T01:11:48Z",
      "nameArabic": "?????",
      "nameEnglish": "KADUNA",
      "id": 838,
      "isActive": true
    },
    {
      "lastUpdated": "2022-06-02T01:11:50Z",
      "nameArabic": "???????",
      "nameEnglish": "Auckland",
      "id": 877,
      "isActive": true
    },
    {
      "lastUpdated": "2022-06-02T01:12:35Z",
      "nameArabic": "??????",
      "nameEnglish": "TERMIZ",
      "id": 1012,
      "isActive": true
    },
    {
      "lastUpdated": "2022-06-02T01:16:49Z",
      "nameArabic": "???",
      "nameEnglish": "VAN",
      "id": 805,
      "isActive": true
    },
    {
      "lastUpdated": "2022-06-02T00:13:43Z",
      "nameArabic": "??????",
      "nameEnglish": "SUEZ",
      "id": 35,
      "isActive": true
    },
    {
      "lastUpdated": "2022-06-02T00:13:46Z",
      "nameArabic": "??????",
      "nameEnglish": "LANCASTER",
      "id": 390021126,
      "isActive": true
    },
    {
      "lastUpdated": "2022-06-02T00:20:00Z",
      "nameArabic": "??? ?????",
      "nameEnglish": "Nur-Sultan",
      "id": 703,
      "isActive": true
    },
    {
      "lastUpdated": "2022-06-02T00:20:39Z",
      "nameArabic": "????",
      "nameEnglish": "Sabya",
      "id": 666,
      "isActive": true
    },
    {
      "lastUpdated": "2022-06-02T00:20:41Z",
      "nameArabic": "??????",
      "nameEnglish": "Al-Ubayyid",
      "id": 390021207,
      "isActive": true
    },
    {
      "lastUpdated": "2022-06-02T00:31:04Z",
      "nameArabic": "????",
      "nameEnglish": "Damascus",
      "id": 85,
      "isActive": true
    },
    {
      "lastUpdated": "2022-06-02T00:31:17Z",
      "nameArabic": "?????",
      "nameEnglish": "MULTAN",
      "id": 978,
      "isActive": true
    },
    {
      "lastUpdated": "2022-06-02T00:49:39Z",
      "nameArabic": "???????",
      "nameEnglish": "Hamburg",
      "id": 852,
      "isActive": true
    },
    {
      "lastUpdated": "2022-06-02T01:27:08Z",
      "nameArabic": "???",
      "nameEnglish": "Taiz",
      "id": 723,
      "isActive": true
    },
    {
      "lastUpdated": "2022-06-02T00:55:54Z",
      "nameArabic": "?????? ??????",
      "nameEnglish": "Edremit/Korfez",
      "id": 1098,
      "isActive": true
    },
    {
      "lastUpdated": "2022-06-02T00:56:00Z",
      "nameArabic": "???? ???",
      "nameEnglish": "BLACKPOOL",
      "id": 390021123,
      "isActive": true
    },
    {
      "lastUpdated": "2022-06-02T01:12:08Z",
      "nameArabic": "??????",
      "nameEnglish": "Baida",
      "id": 750,
      "isActive": true
    },
    {
      "lastUpdated": "2022-06-02T01:14:14Z",
      "nameArabic": "??????",
      "nameEnglish": "Aghadeer",
      "id": 757,
      "isActive": true
    },
    {
      "lastUpdated": "2022-06-02T01:32:04Z",
      "nameArabic": "??????",
      "nameEnglish": "ARDEBIL",
      "id": 787,
      "isActive": true
    },
    {
      "lastUpdated": "2022-06-02T01:32:09Z",
      "nameArabic": "????????",
      "nameEnglish": "Namangan",
      "id": 1087,
      "isActive": true
    },
    {
      "lastUpdated": "2022-06-02T01:32:37Z",
      "nameArabic": "??????",
      "nameEnglish": "SKOPJE",
      "id": 971,
      "isActive": true
    },
    {
      "lastUpdated": "2022-06-02T01:27:14Z",
      "nameArabic": "?????",
      "nameEnglish": "Seiyun",
      "id": 720,
      "isActive": true
    },
    {
      "lastUpdated": "2022-06-02T00:14:05Z",
      "nameArabic": "?????",
      "nameEnglish": "Zurich",
      "id": 856,
      "isActive": true
    },
    {
      "lastUpdated": "2022-06-02T00:19:55Z",
      "nameArabic": "??????",
      "nameEnglish": "Mogadishu",
      "id": 92,
      "isActive": true
    },
    {
      "lastUpdated": "2022-06-02T00:20:08Z",
      "nameArabic": "???????",
      "nameEnglish": "Hodeidah",
      "id": 721,
      "isActive": true
    },
    {
      "lastUpdated": "2022-06-02T00:25:27Z",
      "nameArabic": "???? ?????",
      "nameEnglish": "Sarat Obeida",
      "id": 678,
      "isActive": true
    },
    {
      "lastUpdated": "2022-06-02T00:25:38Z",
      "nameArabic": "????????",
      "nameEnglish": "Monrovia",
      "id": 3334,
      "isActive": true
    },
    {
      "lastUpdated": "2022-06-02T00:31:14Z",
      "nameArabic": "????",
      "nameEnglish": "Tabuk",
      "id": 606,
      "isActive": true
    },
    {
      "lastUpdated": "2022-06-02T00:37:31Z",
      "nameArabic": "????",
      "nameEnglish": "Geneva",
      "id": 14,
      "isActive": true
    },
    {
      "lastUpdated": "2022-06-02T00:47:03Z",
      "nameArabic": "????????",
      "nameEnglish": "Unalaska",
      "id": 390021205,
      "isActive": true
    },
    {
      "lastUpdated": "2022-06-02T00:49:50Z",
      "nameArabic": "????????",
      "nameEnglish": "BORG ELARAB",
      "id": 936,
      "isActive": true
    },
    {
      "lastUpdated": "2022-06-02T00:49:55Z",
      "nameArabic": "????",
      "nameEnglish": "LIEGE",
      "id": 390021160,
      "isActive": true
    },
    {
      "lastUpdated": "2022-06-02T01:00:36Z",
      "nameArabic": "??????",
      "nameEnglish": "BIRJAND",
      "id": 990,
      "isActive": true
    },
    {
      "lastUpdated": "2022-06-02T01:01:13Z",
      "nameArabic": "??????? ",
      "nameEnglish": "MULHOUSE",
      "id": 947,
      "isActive": true
    },
    {
      "lastUpdated": "2022-06-02T01:06:23Z",
      "nameArabic": "???????",
      "nameEnglish": "Michigan",
      "id": 390021142,
      "isActive": true
    },
    {
      "lastUpdated": "2022-06-02T01:29:52Z",
      "nameArabic": "?????? ",
      "nameEnglish": "PARIS",
      "id": 955,
      "isActive": true
    },
    {
      "lastUpdated": "2022-06-02T01:16:38Z",
      "nameArabic": "?????",
      "nameEnglish": "Al kharj",
      "id": 624,
      "isActive": true
    },
    {
      "lastUpdated": "2022-06-02T01:35:03Z",
      "nameArabic": "??????",
      "nameEnglish": "BOLTON",
      "id": 390021125,
      "isActive": true
    },
    {
      "lastUpdated": "2022-06-02T00:14:08Z",
      "nameArabic": "?????  ????",
      "nameEnglish": "BuenosAires",
      "id": 82,
      "isActive": true
    },
    {
      "lastUpdated": "2022-06-02T00:14:16Z",
      "nameArabic": "????????",
      "nameEnglish": "CHITTAGONG",
      "id": 1025,
      "isActive": true
    },
    {
      "lastUpdated": "2022-06-02T00:19:58Z",
      "nameArabic": "?????",
      "nameEnglish": "LAGOS",
      "id": 88,
      "isActive": true
    },
    {
      "lastUpdated": "2022-06-02T00:19:59Z",
      "nameArabic": "????????",
      "nameEnglish": "Konstanz",
      "id": 740,
      "isActive": true
    },
    {
      "lastUpdated": "2022-06-02T00:20:06Z",
      "nameArabic": "???????",
      "nameEnglish": "PREVEZA",
      "id": 1064,
      "isActive": true
    },
    {
      "lastUpdated": "2022-06-02T00:20:09Z",
      "nameArabic": "?????",
      "nameEnglish": "Vantaa ",
      "id": 1128,
      "isActive": true
    },
    {
      "lastUpdated": "2022-06-02T00:31:15Z",
      "nameArabic": "????",
      "nameEnglish": "Bishah",
      "id": 659,
      "isActive": true
    },
    {
      "lastUpdated": "2022-06-02T01:18:56Z",
      "nameArabic": "?????",
      "nameEnglish": "Moscow",
      "id": 71,
      "isActive": true
    },
    {
      "lastUpdated": "2022-06-02T00:50:31Z",
      "nameArabic": "????????",
      "nameEnglish": "Pretoria",
      "id": 706,
      "isActive": true
    },
    {
      "lastUpdated": "2022-06-02T01:00:55Z",
      "nameArabic": "????",
      "nameEnglish": "OSLO",
      "id": 142,
      "isActive": true
    },
    {
      "lastUpdated": "2022-06-02T01:00:56Z",
      "nameArabic": "??????",
      "nameEnglish": "Baha",
      "id": 661,
      "isActive": true
    },
    {
      "lastUpdated": "2022-06-02T01:01:11Z",
      "nameArabic": "??????? ??????",
      "nameEnglish": "TORONTO-PEARSON",
      "id": 1046,
      "isActive": true
    },
    {
      "lastUpdated": "2022-06-02T01:01:14Z",
      "nameArabic": "????",
      "nameEnglish": "MALE",
      "id": 835,
      "isActive": true
    },
    {
      "lastUpdated": "2022-06-02T01:01:20Z",
      "nameArabic": "????????????",
      "nameEnglish": "Antananarivo",
      "id": 390021087,
      "isActive": true
    },
    {
      "lastUpdated": "2022-06-02T01:06:13Z",
      "nameArabic": "????",
      "nameEnglish": "Turayf",
      "id": 632,
      "isActive": true
    },
    {
      "lastUpdated": "2022-06-02T01:11:50Z",
      "nameArabic": "???? ??????",
      "nameEnglish": "Bobo Delaso",
      "id": 832,
      "isActive": true
    },
    {
      "lastUpdated": "2022-06-02T01:21:50Z",
      "nameArabic": "???????",
      "nameEnglish": "AL-aflaj",
      "id": 625,
      "isActive": true
    },
    {
      "lastUpdated": "2022-06-02T01:32:11Z",
      "nameArabic": "????? ",
      "nameEnglish": "BONDY",
      "id": 390021118,
      "isActive": true
    },
    {
      "lastUpdated": "2022-06-02T01:37:04Z",
      "nameArabic": "??? ??????",
      "nameEnglish": "Darussalam",
      "id": 710,
      "isActive": true
    },
    {
      "lastUpdated": "2022-06-02T00:19:55Z",
      "nameArabic": "??????",
      "nameEnglish": "Mexico",
      "id": 19,
      "isActive": true
    },
    {
      "lastUpdated": "2022-06-02T00:20:40Z",
      "nameArabic": "???????",
      "nameEnglish": "MAASTRICHT",
      "id": 390021172,
      "isActive": true
    },
    {
      "lastUpdated": "2022-06-02T00:31:19Z",
      "nameArabic": "???  ??????",
      "nameEnglish": "Los Angelis",
      "id": 95,
      "isActive": true
    },
    {
      "lastUpdated": "2022-06-02T01:29:20Z",
      "nameArabic": "????",
      "nameEnglish": "Bashir",
      "id": 775,
      "isActive": true
    },
    {
      "lastUpdated": "2022-06-02T01:34:34Z",
      "nameArabic": "??????",
      "nameEnglish": "GAUHATI",
      "id": 1022,
      "isActive": true
    },
    {
      "lastUpdated": "2022-06-02T00:37:36Z",
      "nameArabic": "??????",
      "nameEnglish": "Lisbon",
      "id": 716,
      "isActive": true
    },
    {
      "lastUpdated": "2022-06-02T00:38:00Z",
      "nameArabic": "???? ????????",
      "nameEnglish": "BRITISH COLUMBIA",
      "id": 390021097,
      "isActive": true
    },
    {
      "lastUpdated": "2022-06-02T00:55:42Z",
      "nameArabic": "???????",
      "nameEnglish": "MERZIFON",
      "id": 964,
      "isActive": true
    },
    {
      "lastUpdated": "2022-06-02T01:06:14Z",
      "nameArabic": "???????",
      "nameEnglish": "Trabzon",
      "id": 804,
      "isActive": true
    },
    {
      "lastUpdated": "2022-06-02T01:07:01Z",
      "nameArabic": "??????",
      "nameEnglish": "Larnaca",
      "id": 823,
      "isActive": true
    },
    {
      "lastUpdated": "2022-06-02T01:11:51Z",
      "nameArabic": "????????",
      "nameEnglish": "Bdowazfel",
      "id": 871,
      "isActive": true
    },
    {
      "lastUpdated": "2022-06-02T01:11:57Z",
      "nameArabic": "????",
      "nameEnglish": "Oujda",
      "id": 761,
      "isActive": true
    },
    {
      "lastUpdated": "2022-06-02T01:37:04Z",
      "nameArabic": "??? ?????",
      "nameEnglish": "Comoros Islands",
      "id": 119,
      "isActive": true
    },
    {
      "lastUpdated": "2022-06-02T00:13:47Z",
      "nameArabic": "???????",
      "nameEnglish": "New�Jersey",
      "id": 390021145,
      "isActive": true
    },
    {
      "lastUpdated": "2022-06-02T00:14:06Z",
      "nameArabic": "???? ??? ???",
      "nameEnglish": "RAHIMYARKHAN",
      "id": 979,
      "isActive": true
    },
    {
      "lastUpdated": "2022-06-02T01:18:56Z",
      "nameArabic": "???????",
      "nameEnglish": "KUNMING",
      "id": 1005,
      "isActive": true
    },
    {
      "lastUpdated": "2022-06-02T00:20:24Z",
      "nameArabic": "??????",
      "nameEnglish": "Gharda�a",
      "id": 741,
      "isActive": true
    },
    {
      "lastUpdated": "2022-06-02T00:49:39Z",
      "nameArabic": "???",
      "nameEnglish": "Yazd",
      "id": 773,
      "isActive": true
    },
    {
      "lastUpdated": "2022-06-02T01:22:05Z",
      "nameArabic": "???",
      "nameEnglish": "Jeddah",
      "id": 602,
      "isActive": true
    },
    {
      "lastUpdated": "2022-06-02T01:26:50Z",
      "nameArabic": "??????",
      "nameEnglish": "Tirana",
      "id": 709,
      "isActive": true
    },
    {
      "lastUpdated": "2022-06-02T00:55:55Z",
      "nameArabic": "??????",
      "nameEnglish": "Illinois�",
      "id": 390021146,
      "isActive": true
    },
    {
      "lastUpdated": "2022-06-02T01:06:18Z",
      "nameArabic": "????",
      "nameEnglish": "LYON",
      "id": 858,
      "isActive": true
    },
    {
      "lastUpdated": "2022-06-02T01:32:06Z",
      "nameArabic": "???????",
      "nameEnglish": "Budapest",
      "id": 719,
      "isActive": true
    },
    {
      "lastUpdated": "2022-06-02T01:12:05Z",
      "nameArabic": "?????",
      "nameEnglish": "NADOR",
      "id": 766,
      "isActive": true
    },
    {
      "lastUpdated": "2022-06-02T01:12:11Z",
      "nameArabic": "????????",
      "nameEnglish": "Mauritius",
      "id": 106,
      "isActive": true
    },
    {
      "lastUpdated": "2022-06-02T01:16:50Z",
      "nameArabic": "???",
      "nameEnglish": "Gaza",
      "id": 731,
      "isActive": true
    },
    {
      "lastUpdated": "2022-06-02T01:21:34Z",
      "nameArabic": "?????",
      "nameEnglish": "HAUSEN",
      "id": 390021169,
      "isActive": true
    },
    {
      "lastUpdated": "2022-06-02T01:21:50Z",
      "nameArabic": " ??????? ???????",
      "nameEnglish": "PALMA DE MALLORCA",
      "id": 1063,
      "isActive": true
    },
    {
      "lastUpdated": "2022-06-02T01:21:52Z",
      "nameArabic": "???? ??? ?????",
      "nameEnglish": "Bandar Ser Begawan ",
      "id": 707,
      "isActive": true
    },
    {
      "lastUpdated": "2022-06-02T01:22:06Z",
      "nameArabic": "??????",
      "nameEnglish": "Washington",
      "id": 25,
      "isActive": true
    },
    {
      "lastUpdated": "2022-06-02T01:22:15Z",
      "nameArabic": "????????",
      "nameEnglish": "BLANTYRE",
      "id": 390021112,
      "isActive": true
    },
    {
      "lastUpdated": "2022-06-02T01:26:50Z",
      "nameArabic": "???",
      "nameEnglish": "RASHT",
      "id": 783,
      "isActive": true
    },
    {
      "lastUpdated": "2022-06-02T00:13:47Z",
      "nameArabic": "???????",
      "nameEnglish": "Kinshasa",
      "id": 3335,
      "isActive": true
    },
    {
      "lastUpdated": "2022-06-02T00:14:06Z",
      "nameArabic": "?????",
      "nameEnglish": "Rafha",
      "id": 633,
      "isActive": true
    },
    {
      "lastUpdated": "2022-06-02T00:14:17Z",
      "nameArabic": "???????? ????",
      "nameEnglish": "LONDON Stansted",
      "id": 1045,
      "isActive": true
    },
    {
      "lastUpdated": "2022-06-02T01:32:03Z",
      "nameArabic": "?????",
      "nameEnglish": "Al Jowf",
      "id": 638,
      "isActive": true
    },
    {
      "lastUpdated": "2022-06-02T01:38:08Z",
      "nameArabic": "??????",
      "nameEnglish": "ABADAN",
      "id": 786,
      "isActive": true
    },
    {
      "lastUpdated": "2022-06-02T01:26:56Z",
      "nameArabic": " ??????",
      "nameEnglish": "JAIPUR",
      "id": 1028,
      "isActive": true
    },
    {
      "lastUpdated": "2022-06-02T00:25:06Z",
      "nameArabic": "?????",
      "nameEnglish": "MULHOUSE",
      "id": 390021114,
      "isActive": true
    },
    {
      "lastUpdated": "2022-06-02T01:27:33Z",
      "nameArabic": "??????? ",
      "nameEnglish": "VENESIA",
      "id": 390021161,
      "isActive": true
    },
    {
      "lastUpdated": "2022-06-02T01:37:49Z",
      "nameArabic": "??????",
      "nameEnglish": "Jakarta",
      "id": 39,
      "isActive": true
    },
    {
      "lastUpdated": "2022-06-02T01:00:56Z",
      "nameArabic": "?????",
      "nameEnglish": "ERBIL",
      "id": 981,
      "isActive": true
    },
    {
      "lastUpdated": "2022-06-02T01:11:36Z",
      "nameArabic": "??? ??????",
      "nameEnglish": "Lake Rudolf",
      "id": 390021216,
      "isActive": true
    },
    {
      "lastUpdated": "2022-06-02T01:06:19Z",
      "nameArabic": "????????",
      "nameEnglish": "Amsterdam",
      "id": 860,
      "isActive": true
    },
    {
      "lastUpdated": "2022-06-02T00:31:23Z",
      "nameArabic": "???????",
      "nameEnglish": "NDjamena",
      "id": 69,
      "isActive": true
    },
    {
      "lastUpdated": "2022-06-02T01:27:04Z",
      "nameArabic": "????????",
      "nameEnglish": "Rashidiya",
      "id": 759,
      "isActive": true
    },
    {
      "lastUpdated": "2022-06-02T01:14:20Z",
      "nameArabic": "???????",
      "nameEnglish": "WASHINGTON",
      "id": 959,
      "isActive": true
    },
    {
      "lastUpdated": "2022-06-02T00:43:06Z",
      "nameArabic": "?????",
      "nameEnglish": "TOULOUSE",
      "id": 859,
      "isActive": true
    },
    {
      "lastUpdated": "2022-06-02T01:29:55Z",
      "nameArabic": "???? ????",
      "nameEnglish": "hong kong",
      "id": 108,
      "isActive": true
    },
    {
      "lastUpdated": "2022-06-02T00:37:31Z",
      "nameArabic": "???????? ",
      "nameEnglish": "YINCHUAN",
      "id": 1003,
      "isActive": true
    },
    {
      "lastUpdated": "2022-06-02T00:37:51Z",
      "nameArabic": "???????",
      "nameEnglish": "Canakkale",
      "id": 390021203,
      "isActive": true
    },
    {
      "lastUpdated": "2022-06-02T01:16:31Z",
      "nameArabic": "??????",
      "nameEnglish": "DUNDAS",
      "id": 390021098,
      "isActive": true
    },
    {
      "lastUpdated": "2022-06-02T00:43:13Z",
      "nameArabic": "??????",
      "nameEnglish": "Arish",
      "id": 756,
      "isActive": true
    },
    {
      "lastUpdated": "2022-06-02T01:32:05Z",
      "nameArabic": "???",
      "nameEnglish": "Bon",
      "id": 24,
      "isActive": true
    },
    {
      "lastUpdated": "2022-06-02T00:49:43Z",
      "nameArabic": "?????",
      "nameEnglish": "Niamey",
      "id": 89,
      "isActive": true
    },
    {
      "lastUpdated": "2022-06-02T01:01:21Z",
      "nameArabic": "????",
      "nameEnglish": "YOLA",
      "id": 844,
      "isActive": false
    },
    {
      "lastUpdated": "2022-06-02T01:01:11Z",
      "nameArabic": "???????",
      "nameEnglish": "HURGHADA",
      "id": 937,
      "isActive": true
    },
    {
      "lastUpdated": "2022-06-02T00:52:58Z",
      "nameArabic": "?????",
      "nameEnglish": "CRAWLEY",
      "id": 390021129,
      "isActive": true
    },
    {
      "lastUpdated": "2022-06-02T00:55:40Z",
      "nameArabic": "???????",
      "nameEnglish": "HARGEISA",
      "id": 935,
      "isActive": true
    },
    {
      "lastUpdated": "2022-06-02T00:55:40Z",
      "nameArabic": "??? ????",
      "nameEnglish": "Nuremberg",
      "id": 854,
      "isActive": true
    },
    {
      "lastUpdated": "2022-06-02T00:55:43Z",
      "nameArabic": "????  ?????",
      "nameEnglish": "Addis Ababa",
      "id": 33,
      "isActive": true
    },
    {
      "lastUpdated": "2022-06-02T01:00:38Z",
      "nameArabic": "???? ????? ??????????",
      "nameEnglish": "Moscow Domodedovo Airport",
      "id": 1070,
      "isActive": true
    },
    {
      "lastUpdated": "2022-06-02T01:00:41Z",
      "nameArabic": "??????",
      "nameEnglish": "Mosul",
      "id": 1038,
      "isActive": true
    },
    {
      "lastUpdated": "2022-06-02T01:00:43Z",
      "nameArabic": "??????",
      "nameEnglish": "MECHELEN",
      "id": 390021157,
      "isActive": true
    },
    {
      "lastUpdated": "2022-06-02T01:00:44Z",
      "nameArabic": "????",
      "nameEnglish": "Pisa ",
      "id": 1131,
      "isActive": true
    },
    {
      "lastUpdated": "2022-06-02T01:00:44Z",
      "nameArabic": "??????",
      "nameEnglish": "LIMERO",
      "id": 390021119,
      "isActive": true
    },
    {
      "lastUpdated": "2022-06-02T01:12:35Z",
      "nameArabic": "?????",
      "nameEnglish": "LUCKNOW",
      "id": 821,
      "isActive": true
    },
    {
      "lastUpdated": "2022-06-02T01:27:07Z",
      "nameArabic": "???????",
      "nameEnglish": "COVENTRY",
      "id": 390021134,
      "isActive": true
    },
    {
      "lastUpdated": "2022-06-02T01:06:26Z",
      "nameArabic": "????????",
      "nameEnglish": "Kathmandu",
      "id": 3337,
      "isActive": true
    },
    {
      "lastUpdated": "2022-06-02T01:08:46Z",
      "nameArabic": "??????",
      "nameEnglish": "Penang",
      "id": 810,
      "isActive": true
    },
    {
      "lastUpdated": "2022-06-02T01:11:49Z",
      "nameArabic": "??????",
      "nameEnglish": "Abu Dhabi",
      "id": 18,
      "isActive": true
    },
    {
      "lastUpdated": "2022-06-02T01:11:50Z",
      "nameArabic": "?????",
      "nameEnglish": "BECHAR",
      "id": 927,
      "isActive": true
    },
    {
      "lastUpdated": "2022-06-02T01:11:58Z",
      "nameArabic": "??????",
      "nameEnglish": "Helsinki",
      "id": 952,
      "isActive": true
    },
    {
      "lastUpdated": "2022-06-02T01:16:35Z",
      "nameArabic": "???????",
      "nameEnglish": "Oregon",
      "id": 390021147,
      "isActive": true
    },
    {
      "lastUpdated": "2022-06-02T01:12:37Z",
      "nameArabic": "???? ????????",
      "nameEnglish": "WEST YORKSHIRE",
      "id": 390021132,
      "isActive": true
    },
    {
      "lastUpdated": "2022-06-02T01:32:08Z",
      "nameArabic": "???????",
      "nameEnglish": "Sharjah",
      "id": 726,
      "isActive": true
    },
    {
      "lastUpdated": "2022-06-02T01:32:11Z",
      "nameArabic": "???????",
      "nameEnglish": "Florida",
      "id": 390021143,
      "isActive": true
    },
    {
      "lastUpdated": "2022-06-02T01:37:06Z",
      "nameArabic": "???????",
      "nameEnglish": "NEW YORK",
      "id": 960,
      "isActive": true
    },
    {
      "lastUpdated": "2022-06-02T01:37:08Z",
      "nameArabic": "????????",
      "nameEnglish": "MARSEILLE",
      "id": 950,
      "isActive": true
    },
    {
      "lastUpdated": "2022-06-02T01:37:15Z",
      "nameArabic": "????? ???????",
      "nameEnglish": "Casablanca",
      "id": 758,
      "isActive": true
    },
    {
      "lastUpdated": "2022-06-02T01:37:16Z",
      "nameArabic": "???????",
      "nameEnglish": "ormoge",
      "id": 868,
      "isActive": true
    },
    {
      "lastUpdated": "2022-06-02T00:13:49Z",
      "nameArabic": "???????",
      "nameEnglish": "Nanwalek ",
      "id": 390021212,
      "isActive": true
    },
    {
      "lastUpdated": "2022-06-02T00:13:55Z",
      "nameArabic": "???????",
      "nameEnglish": "Genting�",
      "id": 390021208,
      "isActive": true
    },
    {
      "lastUpdated": "2022-06-02T00:14:15Z",
      "nameArabic": "??????",
      "nameEnglish": "FERGANA",
      "id": 880,
      "isActive": true
    },
    {
      "lastUpdated": "2022-06-02T00:19:59Z",
      "nameArabic": "???????",
      "nameEnglish": "Calcutta",
      "id": 815,
      "isActive": true
    },
    {
      "lastUpdated": "2022-06-02T00:20:08Z",
      "nameArabic": "?????",
      "nameEnglish": "Khobar",
      "id": 608,
      "isActive": true
    },
    {
      "lastUpdated": "2022-06-02T01:26:57Z",
      "nameArabic": "???????",
      "nameEnglish": "Anatolia",
      "id": 795,
      "isActive": true
    },
    {
      "lastUpdated": "2022-06-02T00:50:32Z",
      "nameArabic": "???? ??????",
      "nameEnglish": "PORT HARCOURT",
      "id": 842,
      "isActive": true
    },
    {
      "lastUpdated": "2022-06-02T00:55:31Z",
      "nameArabic": "????",
      "nameEnglish": "CUREPE?",
      "id": 390021155,
      "isActive": true
    },
    {
      "lastUpdated": "2022-06-02T00:57:54Z",
      "nameArabic": "????",
      "nameEnglish": "Mashad",
      "id": 778,
      "isActive": true
    },
    {
      "lastUpdated": "2022-06-02T01:12:16Z",
      "nameArabic": "????",
      "nameEnglish": "Tunisia",
      "id": 5,
      "isActive": true
    },
    {
      "lastUpdated": "2022-06-02T01:37:08Z",
      "nameArabic": "??????",
      "nameEnglish": "Lusaka",
      "id": 16,
      "isActive": true
    },
    {
      "lastUpdated": "2022-06-02T01:37:16Z",
      "nameArabic": "?????",
      "nameEnglish": "ALNAJAF",
      "id": 390021180,
      "isActive": true
    },
    {
      "lastUpdated": "2022-06-02T01:00:45Z",
      "nameArabic": "????",
      "nameEnglish": "DUTSE",
      "id": 390021184,
      "isActive": true
    },
    {
      "lastUpdated": "2022-06-02T01:21:32Z",
      "nameArabic": "????????",
      "nameEnglish": "Baketran",
      "id": 785,
      "isActive": true
    },
    {
      "lastUpdated": "2022-06-02T00:14:06Z",
      "nameArabic": "????",
      "nameEnglish": "RODOS",
      "id": 1065,
      "isActive": true
    },
    {
      "lastUpdated": "2022-06-02T00:14:16Z",
      "nameArabic": "?????",
      "nameEnglish": "Annaba",
      "id": 739,
      "isActive": true
    },
    {
      "lastUpdated": "2022-06-02T01:21:34Z",
      "nameArabic": "?????",
      "nameEnglish": "Ajman",
      "id": 390001085,
      "isActive": true
    },
    {
      "lastUpdated": "2022-06-02T00:19:57Z",
      "nameArabic": "???????",
      "nameEnglish": "LANZHOU",
      "id": 1004,
      "isActive": true
    },
    {
      "lastUpdated": "2022-06-02T00:20:07Z",
      "nameArabic": "???????",
      "nameEnglish": "Fujairah",
      "id": 725,
      "isActive": true
    },
    {
      "lastUpdated": "2022-06-02T01:32:12Z",
      "nameArabic": "?????",
      "nameEnglish": "Momote",
      "id": 390021217,
      "isActive": true
    },
    {
      "lastUpdated": "2022-06-02T01:32:40Z",
      "nameArabic": "??????? ",
      "nameEnglish": "??????? ",
      "id": 390001126,
      "isActive": true
    },
    {
      "lastUpdated": "2022-06-02T01:32:41Z",
      "nameArabic": "???????",
      "nameEnglish": "Shungnak",
      "id": 1105,
      "isActive": true
    },
    {
      "lastUpdated": "2022-06-02T01:22:06Z",
      "nameArabic": "????",
      "nameEnglish": "Tozeur",
      "id": 738,
      "isActive": true
    },
    {
      "lastUpdated": "2022-06-02T00:31:24Z",
      "nameArabic": "???? ?????",
      "nameEnglish": "SAINT ETIENNE",
      "id": 390021117,
      "isActive": true
    },
    {
      "lastUpdated": "2022-06-02T01:00:52Z",
      "nameArabic": "?????",
      "nameEnglish": "Beirut",
      "id": 40,
      "isActive": true
    },
    {
      "lastUpdated": "2022-06-02T01:01:15Z",
      "nameArabic": "?????",
      "nameEnglish": "LEREH",
      "id": 995,
      "isActive": true
    },
    {
      "lastUpdated": "2022-06-02T00:37:00Z",
      "nameArabic": "????????",
      "nameEnglish": "Anadolu",
      "id": 1101,
      "isActive": true
    },
    {
      "lastUpdated": "2022-06-02T00:37:04Z",
      "nameArabic": "???? ???",
      "nameEnglish": "Marsa Alam",
      "id": 390021223,
      "isActive": true
    },
    {
      "lastUpdated": "2022-06-02T01:22:08Z",
      "nameArabic": "????? ????",
      "nameEnglish": "SOLO",
      "id": 1001,
      "isActive": true
    },
    {
      "lastUpdated": "2022-06-02T00:47:02Z",
      "nameArabic": "???????????",
      "nameEnglish": "Huntingburg",
      "id": 1091,
      "isActive": true
    },
    {
      "lastUpdated": "2022-06-02T00:43:25Z",
      "nameArabic": "??????",
      "nameEnglish": "Bombay",
      "id": 45,
      "isActive": true
    },
    {
      "lastUpdated": "2022-06-02T01:33:13Z",
      "nameArabic": "??????",
      "nameEnglish": "Chicago",
      "id": 390001105,
      "isActive": true
    },
    {
      "lastUpdated": "2022-06-02T00:49:32Z",
      "nameArabic": "????? ????",
      "nameEnglish": "Cengiz Topel",
      "id": 390021211,
      "isActive": true
    },
    {
      "lastUpdated": "2022-06-02T01:01:15Z",
      "nameArabic": "????",
      "nameEnglish": "London",
      "id": 22,
      "isActive": true
    },
    {
      "lastUpdated": "2022-06-02T00:49:50Z",
      "nameArabic": "??????",
      "nameEnglish": "Colombo",
      "id": 715,
      "isActive": true
    },
    {
      "lastUpdated": "2022-06-02T00:50:36Z",
      "nameArabic": "????",
      "nameEnglish": "Beken",
      "id": 96,
      "isActive": true
    },
    {
      "lastUpdated": "2022-06-02T01:34:35Z",
      "nameArabic": "?????",
      "nameEnglish": "OTAWA",
      "id": 23,
      "isActive": true
    },
    {
      "lastUpdated": "2022-06-02T01:22:47Z",
      "nameArabic": "????? ????",
      "nameEnglish": "Rene Mouawad",
      "id": 390021215,
      "isActive": true
    },
    {
      "lastUpdated": "2022-06-02T01:06:21Z",
      "nameArabic": "?????",
      "nameEnglish": "HERAT",
      "id": 1126,
      "isActive": true
    },
    {
      "lastUpdated": "2022-06-02T01:06:22Z",
      "nameArabic": "?????",
      "nameEnglish": "MALMO",
      "id": 390021096,
      "isActive": true
    },
    {
      "lastUpdated": "2022-06-02T00:55:53Z",
      "nameArabic": "??? ?????",
      "nameEnglish": "Gag Island",
      "id": 1096,
      "isActive": true
    },
    {
      "lastUpdated": "2022-06-02T00:55:55Z",
      "nameArabic": "???? ????????",
      "nameEnglish": "LONDON ONTARIO",
      "id": 390021102,
      "isActive": true
    },
    {
      "lastUpdated": "2022-06-02T01:11:35Z",
      "nameArabic": "??????",
      "nameEnglish": "Mardin",
      "id": 390021197,
      "isActive": true
    },
    {
      "lastUpdated": "2022-06-02T01:12:17Z",
      "nameArabic": "???????",
      "nameEnglish": "ILORIN",
      "id": 390021186,
      "isActive": true
    },
    {
      "lastUpdated": "2022-06-02T01:14:21Z",
      "nameArabic": "?????",
      "nameEnglish": "Magas�",
      "id": 390021209,
      "isActive": true
    },
    {
      "lastUpdated": "2022-06-02T01:16:27Z",
      "nameArabic": "????????",
      "nameEnglish": "PORT SUDAN",
      "id": 941,
      "isActive": true
    },
    {
      "lastUpdated": "2022-06-02T01:16:28Z",
      "nameArabic": "?????? ????????",
      "nameEnglish": "UJUNG PANDANG",
      "id": 994,
      "isActive": true
    },
    {
      "lastUpdated": "2022-06-02T01:16:31Z",
      "nameArabic": "???? ???",
      "nameEnglish": "Phnom Penh",
      "id": 390021177,
      "isActive": true
    },
    {
      "lastUpdated": "2022-06-02T01:27:05Z",
      "nameArabic": "??????",
      "nameEnglish": "Denison Municipal",
      "id": 1102,
      "isActive": true
    },
    {
      "lastUpdated": "2022-06-02T01:32:02Z",
      "nameArabic": "???",
      "nameEnglish": "LILLE",
      "id": 956,
      "isActive": true
    },
    {
      "lastUpdated": "2022-06-02T01:32:07Z",
      "nameArabic": "??????",
      "nameEnglish": "Brussels",
      "id": 64,
      "isActive": true
    },
    {
      "lastUpdated": "2022-06-02T01:32:12Z",
      "nameArabic": "??? ????",
      "nameEnglish": "Balikesir",
      "id": 390021190,
      "isActive": true
    }
  ],
  "totalElements": 704
}

[main] INFO com.shaft.tools.io.ReportManagerHelper - [ReportManager] Successfully created attachment "Validation Test Data - Expected Value" @12-10-2022 16:10:59.0088 PM
[main] INFO com.shaft.tools.io.ReportManagerHelper - [ReportManager] Debugging Attachment Entry @12-10-2022 16:10:59.0088 PM
content

[main] INFO com.shaft.tools.io.ReportManagerHelper - [ReportManager] Successfully created attachment "Validation Test Data - Actual Value" @12-10-2022 16:10:59.0091 PM
[main] INFO com.shaft.tools.io.ReportManagerHelper - [ReportManager] Debugging Attachment Entry @12-10-2022 16:10:59.0092 PM
{"page":0,"size":2147483647,"totalPages":1,"totalElements":704,"content":[{"id":1071,"nameArabic":"???? ?????? ??????","nameEnglish":"Denizli Cardak Airport","isActive":true,"lastUpdated":"2022-06-02T00:13:35Z","sectors":null},{"id":390021162,"nameArabic":"?????","nameEnglish":"PRATO","isActive":true,"lastUpdated":"2022-06-02T00:13:44Z","sectors":null},{"id":36,"nameArabic":"??????????","nameEnglish":"Kuala Lumpur","isActive":true,"lastUpdated":"2022-06-02T01:21:49Z","sectors":null},{"id":926,"nameArabic":"????","nameEnglish":"GABES","isActive":true,"lastUpdated":"2022-06-02T00:14:15Z","sectors":null},{"id":849,"nameArabic":"???????","nameEnglish":"Solngen","isActive":true,"lastUpdated":"2022-06-02T01:37:02Z","sectors":null},{"id":753,"nameArabic":"????","nameEnglish":"Ciba","isActive":true,"lastUpdated":"2022-06-02T00:43:05Z","sectors":null},{"id":72,"nameArabic":"??????","nameEnglish":"Tripoli","isActive":true,"lastUpdated":"2022-06-02T00:19:40Z","sectors":null},{"id":1006,"nameArabic":"??????","nameEnglish":"FRUNZE","isActive":true,"lastUpdated":"2022-06-02T00:20:05Z","sectors":null},{"id":985,"nameArabic":"??????","nameEnglish":"KANDAHAR","isActive":true,"lastUpdated":"2022-06-02T00:25:20Z","sectors":null},{"id":736,"nameArabic":"?????","nameEnglish":"Tabrka","isActive":true,"lastUpdated":"2022-06-02T01:16:50Z","sectors":null},{"id":953,"nameArabic":"?????","nameEnglish":"Sohag","isActive":true,"lastUpdated":"2022-06-02T00:25:24Z","sectors":null},{"id":816,"nameArabic":"??????","nameEnglish":"Cochin","isActive":true,"lastUpdated":"2022-06-02T01:06:13Z","sectors":null},{"id":789,"nameArabic":"???? ????","nameEnglish":"Faisalabad","isActive":true,"lastUpdated":"2022-06-02T01:27:12Z","sectors":null},{"id":1013,"nameArabic":"?????","nameEnglish":"KAZAN","isActive":true,"lastUpdated":"2022-06-02T00:37:19Z","sectors":null},{"id":794,"nameArabic":"???????","nameEnglish":"KAYSERI","isActive":true,"lastUpdated":"2022-06-02T01:21:58Z","sectors":null},{"id":764,"nameArabic":"????","nameEnglish":"Tangier","isActive":true,"lastUpdated":"2022-06-02T01:27:13Z","sectors":null},{"id":780,"nameArabic":"??????","nameEnglish":"Shahyraz","isActive":true,"lastUpdated":"2022-06-02T00:37:28Z","sectors":null},{"id":712,"nameArabic":"?????","nameEnglish":"Tashkent","isActive":true,"lastUpdated":"2022-06-02T01:27:13Z","sectors":null},{"id":824,"nameArabic":"??????","nameEnglish":"Samarqand","isActive":true,"lastUpdated":"2022-06-02T00:37:28Z","sectors":null},{"id":993,"nameArabic":"?????","nameEnglish":"KRBI","isActive":true,"lastUpdated":"2022-06-02T01:22:03Z","sectors":null},{"id":820,"nameArabic":"???????","nameEnglish":"CALICUT","isActive":true,"lastUpdated":"2022-06-02T01:27:21Z","sectors":null},{"id":91,"nameArabic":"????","nameEnglish":"KANO","isActive":true,"lastUpdated":"2022-06-02T01:22:03Z","sectors":null},{"id":125,"nameArabic":"????","nameEnglish":"Kabul","isActive":true,"lastUpdated":"2022-06-02T00:42:58Z","sectors":null},{"id":34,"nameArabic":"?????","nameEnglish":"Vienna","isActive":true,"lastUpdated":"2022-06-02T00:42:59Z","sectors":null},{"id":67,"nameArabic":"?????","nameEnglish":"Sanaa","isActive":true,"lastUpdated":"2022-06-02T00:55:27Z","sectors":null},{"id":836,"nameArabic":"?????","nameEnglish":"GAROUA","isActive":true,"lastUpdated":"2022-06-02T01:06:13Z","sectors":null},{"id":735,"nameArabic":"?????","nameEnglish":"Sfax","isActive":true,"lastUpdated":"2022-06-02T00:43:00Z","sectors":null},{"id":942,"nameArabic":"???????","nameEnglish":"FREETOWN","isActive":true,"lastUpdated":"2022-06-02T00:43:35Z","sectors":null},{"id":777,"nameArabic":"?????","nameEnglish":"Kerman","isActive":true,"lastUpdated":"2022-06-02T00:50:06Z","sectors":null},{"id":1034,"nameArabic":"??????","nameEnglish":"Grozny","isActive":true,"lastUpdated":"2022-06-02T01:22:03Z","sectors":null},{"id":1049,"nameArabic":"???????","nameEnglish":"CHATEAUROUX","isActive":true,"lastUpdated":"2022-06-02T00:50:07Z","sectors":null},{"id":1042,"nameArabic":"??????","nameEnglish":"Clayton","isActive":true,"lastUpdated":"2022-06-02T01:06:13Z","sectors":null},{"id":809,"nameArabic":"???????","nameEnglish":"Kuching","isActive":true,"lastUpdated":"2022-06-02T01:12:09Z","sectors":null},{"id":1026,"nameArabic":"????? ???????","nameEnglish":"SYLHET OSMANI","isActive":true,"lastUpdated":"2022-06-02T00:50:08Z","sectors":null},{"id":1081,"nameArabic":"?????","nameEnglish":"Swaken","isActive":true,"lastUpdated":"2022-06-02T01:27:14Z","sectors":null},{"id":982,"nameArabic":"????????","nameEnglish":"SULAYMANIAH","isActive":true,"lastUpdated":"2022-06-02T01:27:15Z","sectors":null},{"id":939,"nameArabic":"??? ?????","nameEnglish":"SHARM EL SHEIK","isActive":true,"lastUpdated":"2022-06-02T01:29:18Z","sectors":null},{"id":713,"nameArabic":"??? ????","nameEnglish":"Ashgabat","isActive":true,"lastUpdated":"2022-06-02T01:32:36Z","sectors":null},{"id":7,"nameArabic":"????","nameEnglish":"Amman","isActive":true,"lastUpdated":"2022-06-02T01:32:36Z","sectors":null},{"id":965,"nameArabic":"?????","nameEnglish":"SIVAS","isActive":true,"lastUpdated":"2022-06-02T01:32:36Z","sectors":null},{"id":1037,"nameArabic":"??????????","nameEnglish":"Vladikavkaz","isActive":true,"lastUpdated":"2022-06-02T01:01:06Z","sectors":null},{"id":770,"nameArabic":"????????","nameEnglish":"Surabaya","isActive":true,"lastUpdated":"2022-06-02T01:32:36Z","sectors":null},{"id":850,"nameArabic":"?????????","nameEnglish":"Frankfort","isActive":true,"lastUpdated":"2022-06-02T01:01:06Z","sectors":null},{"id":8,"nameArabic":"?????","nameEnglish":"Seoul","isActive":true,"lastUpdated":"2022-06-02T01:01:06Z","sectors":null},{"id":62,"nameArabic":"???","nameEnglish":"Aden","isActive":true,"lastUpdated":"2022-06-02T01:32:38Z","sectors":null},{"id":79,"nameArabic":"????????","nameEnglish":"sengafora","isActive":true,"lastUpdated":"2022-06-02T01:33:12Z","sectors":null},{"id":845,"nameArabic":"????????","nameEnglish":"SEMONGKONG","isActive":true,"lastUpdated":"2022-06-02T01:01:07Z","sectors":null},{"id":799,"nameArabic":"?????????","nameEnglish":"GAZIANTEP","isActive":true,"lastUpdated":"2022-06-02T01:16:50Z","sectors":null},{"id":15,"nameArabic":"?????","nameEnglish":"Tokyo","isActive":true,"lastUpdated":"2022-06-02T01:16:50Z","sectors":null},{"id":765,"nameArabic":"??????????","nameEnglish":"Casablanca","isActive":true,"lastUpdated":"2022-06-02T01:16:52Z","sectors":null},{"id":1010,"nameArabic":"????","nameEnglish":"SOCHI","isActive":true,"lastUpdated":"2022-06-02T01:16:52Z","sectors":null},{"id":752,"nameArabic":"????","nameEnglish":"Tbarak","isActive":true,"lastUpdated":"2022-06-02T01:16:52Z","sectors":null},{"id":883,"nameArabic":"???????","nameEnglish":"SANTIAGO","isActive":true,"lastUpdated":"2022-06-02T00:14:05Z","sectors":null},{"id":743,"nameArabic":"?????","nameEnglish":"Wahdan","isActive":true,"lastUpdated":"2022-06-02T00:16:27Z","sectors":null},{"id":874,"nameArabic":"?????","nameEnglish":"SAFAJAH","isActive":true,"lastUpdated":"2022-06-02T01:18:55Z","sectors":null},{"id":711,"nameArabic":"???????","nameEnglish":"Sarajevo","isActive":true,"lastUpdated":"2022-06-02T01:18:55Z","sectors":null},{"id":958,"nameArabic":"?????????","nameEnglish":"STRASBOURG","isActive":true,"lastUpdated":"2022-06-02T00:19:40Z","sectors":null},{"id":886,"nameArabic":"?????","nameEnglish":"Harare","isActive":true,"lastUpdated":"2022-06-02T01:22:14Z","sectors":null},{"id":983,"nameArabic":"??????","nameEnglish":"DAMASCUS","isActive":true,"lastUpdated":null,"sectors":null},{"id":1060,"nameArabic":"???????","nameEnglish":"DRACHTEN","isActive":true,"lastUpdated":"2022-06-02T00:19:41Z","sectors":null},{"id":1057,"nameArabic":"??????","nameEnglish":"JAKARTA","isActive":true,"lastUpdated":"2022-06-02T00:19:41Z","sectors":null},{"id":975,"nameArabic":"????","nameEnglish":"ROMA C.A.","isActive":true,"lastUpdated":"2022-06-02T01:26:50Z","sectors":null},{"id":390021122,"nameArabic":"??????????","nameEnglish":"HELSINGOR","isActive":true,"lastUpdated":"2022-06-02T00:19:44Z","sectors":null},{"id":834,"nameArabic":"?????","nameEnglish":"DOUALA","isActive":true,"lastUpdated":"2022-06-02T00:24:56Z","sectors":null},{"id":32,"nameArabic":"??????","nameEnglish":"taybeh","isActive":true,"lastUpdated":"2022-06-02T01:26:51Z","sectors":null},{"id":855,"nameArabic":"????????","nameEnglish":"Stuttgart","isActive":true,"lastUpdated":"2022-06-02T01:37:49Z","sectors":null},{"id":782,"nameArabic":"?????","nameEnglish":"Zahedan","isActive":true,"lastUpdated":"2022-06-02T00:31:02Z","sectors":null},{"id":1047,"nameArabic":"????????","nameEnglish":"GOTEBORG","isActive":true,"lastUpdated":"2022-06-02T01:22:05Z","sectors":null},{"id":848,"nameArabic":"????????","nameEnglish":"Dusseldorf","isActive":true,"lastUpdated":"2022-06-02T00:25:27Z","sectors":null},{"id":961,"nameArabic":"????? ???","nameEnglish":"SANTA FEE","isActive":true,"lastUpdated":"2022-06-02T01:32:30Z","sectors":null},{"id":796,"nameArabic":"???? ???","nameEnglish":"Diyarbakir","isActive":true,"lastUpdated":"2022-06-02T00:31:03Z","sectors":null},{"id":825,"nameArabic":"??????","nameEnglish":"DUSHANBE","isActive":true,"lastUpdated":"2022-06-02T00:31:03Z","sectors":null},{"id":1017,"nameArabic":"???","nameEnglish":"GOA","isActive":true,"lastUpdated":"2022-06-02T01:37:49Z","sectors":null},{"id":944,"nameArabic":"????????","nameEnglish":"TIDJIKJA","isActive":true,"lastUpdated":"2022-06-02T00:31:14Z","sectors":null},{"id":977,"nameArabic":"??? ??????","nameEnglish":"RAS AL KHAIMAH","isActive":true,"lastUpdated":"2022-06-02T01:32:30Z","sectors":null},{"id":843,"nameArabic":"?????","nameEnglish":"SOKOTO","isActive":true,"lastUpdated":"2022-06-02T01:37:02Z","sectors":null},{"id":27,"nameArabic":"????","nameEnglish":"Rome","isActive":true,"lastUpdated":"2022-06-02T01:37:02Z","sectors":null},{"id":817,"nameArabic":"???? ????","nameEnglish":"Hyderabad","isActive":true,"lastUpdated":"2022-06-02T01:37:04Z","sectors":null},{"id":984,"nameArabic":"??????","nameEnglish":"SEOUL","isActive":true,"lastUpdated":"2022-06-02T00:37:29Z","sectors":null},{"id":974,"nameArabic":"????","nameEnglish":"GENOVA","isActive":true,"lastUpdated":"2022-06-02T00:37:42Z","sectors":null},{"id":808,"nameArabic":"?????????","nameEnglish":"Joharparo","isActive":true,"lastUpdated":"2022-06-02T01:11:55Z","sectors":null},{"id":781,"nameArabic":"?????","nameEnglish":"Tabriz","isActive":true,"lastUpdated":"2022-06-02T01:37:50Z","sectors":null},{"id":1079,"nameArabic":"??? ????? ??????","nameEnglish":"Dubai World Central","isActive":true,"lastUpdated":"2022-06-02T00:35:02Z","sectors":null},{"id":1075,"nameArabic":"????","nameEnglish":"Tarbes ","isActive":true,"lastUpdated":"2022-06-02T01:31:16Z","sectors":null},{"id":864,"nameArabic":"????????","nameEnglish":"Zapatoka","isActive":true,"lastUpdated":"2022-06-02T00:49:36Z","sectors":null},{"id":1099,"nameArabic":"????? ?????","nameEnglish":"Barstow Daggett","isActive":true,"lastUpdated":"2022-06-02T01:03:22Z","sectors":null},{"id":870,"nameArabic":"??? ???","nameEnglish":"Can island","isActive":true,"lastUpdated":"2022-06-02T00:49:37Z","sectors":null},{"id":1023,"nameArabic":"????","nameEnglish":"GAYA","isActive":true,"lastUpdated":"2022-06-02T00:49:38Z","sectors":null},{"id":727,"nameArabic":"???","nameEnglish":"Hlab","isActive":true,"lastUpdated":"2022-06-02T01:37:04Z","sectors":null},{"id":826,"nameArabic":"??????","nameEnglish":"Zanzibar","isActive":true,"lastUpdated":"2022-06-02T00:55:28Z","sectors":null},{"id":1055,"nameArabic":"????","nameEnglish":"ZAGREB","isActive":true,"lastUpdated":"2022-06-02T00:55:28Z","sectors":null},{"id":803,"nameArabic":"??????","nameEnglish":"SAMSUN","isActive":true,"lastUpdated":"2022-06-02T01:01:07Z","sectors":null},{"id":962,"nameArabic":"????","nameEnglish":"ROMA L.D.F.A.","isActive":true,"lastUpdated":"2022-06-02T00:55:28Z","sectors":null},{"id":65,"nameArabic":"??????","nameEnglish":"Djibouti","isActive":true,"lastUpdated":"2022-06-02T01:01:10Z","sectors":null},{"id":126,"nameArabic":"?????????","nameEnglish":"Johannesburg","isActive":true,"lastUpdated":"2022-06-02T01:01:19Z","sectors":null},{"id":1036,"nameArabic":"?????","nameEnglish":"Khujand","isActive":true,"lastUpdated":"2022-06-02T01:37:04Z","sectors":null},{"id":1024,"nameArabic":"?????","nameEnglish":"RANCHI","isActive":true,"lastUpdated":"2022-06-02T01:11:48Z","sectors":null},{"id":991,"nameArabic":"?????","nameEnglish":"GORGAN","isActive":true,"lastUpdated":"2022-06-02T01:16:45Z","sectors":null},{"id":797,"nameArabic":"???????","nameEnglish":"DALAMAN","isActive":true,"lastUpdated":"2022-06-02T01:32:31Z","sectors":null},{"id":876,"nameArabic":"????","nameEnglish":"dublin","isActive":true,"lastUpdated":"2022-06-02T01:32:31Z","sectors":null},{"id":1069,"nameArabic":"???????????","nameEnglish":"TSELINOGRAD","isActive":true,"lastUpdated":"2022-06-02T01:32:31Z","sectors":null},{"id":58,"nameArabic":"???","nameEnglish":"Dubai","isActive":true,"lastUpdated":"2022-06-02T01:16:53Z","sectors":null},{"id":1032,"nameArabic":"?????","nameEnglish":"Chania","isActive":true,"lastUpdated":"2022-06-02T01:16:53Z","sectors":null},{"id":390021227,"nameArabic":"???","nameEnglish":"Bader","isActive":true,"lastUpdated":"2019-07-14T11:09:19Z","sectors":null},{"id":1014,"nameArabic":"?? ?? ??","nameEnglish":"UFA","isActive":true,"lastUpdated":"2022-06-02T00:14:08Z","sectors":null},{"id":28,"nameArabic":"??????","nameEnglish":"Huston","isActive":true,"lastUpdated":"2022-06-02T01:22:07Z","sectors":null},{"id":78,"nameArabic":"?????","nameEnglish":"Dakar","isActive":true,"lastUpdated":"2022-06-02T01:19:35Z","sectors":null},{"id":1080,"nameArabic":"???? ???? ?????","nameEnglish":"London Luton Airport","isActive":true,"lastUpdated":"2022-06-02T00:17:38Z","sectors":null},{"id":1039,"nameArabic":"???","nameEnglish":"Yei","isActive":true,"lastUpdated":"2022-06-02T01:32:40Z","sectors":null},{"id":970,"nameArabic":"????","nameEnglish":"HATAY","isActive":true,"lastUpdated":"2022-06-02T01:22:07Z","sectors":null},{"id":769,"nameArabic":"?????","nameEnglish":"medan","isActive":true,"lastUpdated":"2022-06-02T01:07:00Z","sectors":null},{"id":73,"nameArabic":"??????","nameEnglish":"Nairobi","isActive":true,"lastUpdated":"2022-06-02T01:22:07Z","sectors":null},{"id":59,"nameArabic":"????","nameEnglish":"Masqat","isActive":true,"lastUpdated":"2022-06-02T00:24:58Z","sectors":null},{"id":996,"nameArabic":"??????","nameEnglish":"NAMLEA","isActive":true,"lastUpdated":"2022-06-02T01:14:20Z","sectors":null},{"id":1020,"nameArabic":"??? ???","nameEnglish":"NAGPUR","isActive":true,"lastUpdated":"2022-06-02T01:22:08Z","sectors":null},{"id":867,"nameArabic":"?????","nameEnglish":"HAT YAE","isActive":true,"lastUpdated":"2022-06-02T01:16:46Z","sectors":null},{"id":879,"nameArabic":"?????","nameEnglish":"HANOI","isActive":true,"lastUpdated":"2022-06-02T00:26:18Z","sectors":null},{"id":969,"nameArabic":"??? ","nameEnglish":"MUS","isActive":true,"lastUpdated":"2022-06-02T00:31:16Z","sectors":null},{"id":857,"nameArabic":"????","nameEnglish":"NICE","isActive":true,"lastUpdated":"2022-06-02T01:11:58Z","sectors":null},{"id":751,"nameArabic":"??????","nameEnglish":"Misrata","isActive":true,"lastUpdated":"2022-06-02T01:29:52Z","sectors":null},{"id":717,"nameArabic":"?????","nameEnglish":"Warsaw","isActive":true,"lastUpdated":"2022-06-02T00:37:31Z","sectors":null},{"id":1078,"nameArabic":"?????-??????","nameEnglish":"Milas-Bodrum","isActive":true,"lastUpdated":"2022-06-02T00:35:01Z","sectors":null},{"id":1054,"nameArabic":"?????","nameEnglish":"MIAMI","isActive":true,"lastUpdated":"2022-06-02T01:22:24Z","sectors":null},{"id":1076,"nameArabic":"???????","nameEnglish":"Mitiga","isActive":true,"lastUpdated":"2022-06-02T01:26:22Z","sectors":null},{"id":948,"nameArabic":"???? ????? ???????","nameEnglish":"METZ-NANCY-LORRAINE","isActive":true,"lastUpdated":"2022-06-02T01:26:51Z","sectors":null},{"id":992,"nameArabic":"???????","nameEnglish":"MANGALORE","isActive":true,"lastUpdated":"2022-06-02T01:26:51Z","sectors":null},{"id":762,"nameArabic":"???????","nameEnglish":"Ouarzazate","isActive":true,"lastUpdated":"2022-06-02T01:37:04Z","sectors":null},{"id":954,"nameArabic":"????????","nameEnglish":"MONTPELLIER","isActive":true,"lastUpdated":"2022-06-02T00:37:32Z","sectors":null},{"id":1077,"nameArabic":"???? ????? ??????","nameEnglish":"Vnukovo International Airport","isActive":true,"lastUpdated":"2022-06-02T01:31:16Z","sectors":null},{"id":851,"nameArabic":"??????","nameEnglish":"Hanover","isActive":true,"lastUpdated":"2022-06-02T01:37:05Z","sectors":null},{"id":68,"nameArabic":"???????","nameEnglish":"New York","isActive":true,"lastUpdated":"2022-06-02T01:37:06Z","sectors":null},{"id":802,"nameArabic":"???????","nameEnglish":"NEVSHIR","isActive":true,"lastUpdated":"2022-06-02T01:37:06Z","sectors":null},{"id":853,"nameArabic":"?????","nameEnglish":"Munich","isActive":true,"lastUpdated":"2022-06-02T01:01:41Z","sectors":null},{"id":2,"nameArabic":"??????","nameEnglish":"Yaounde","isActive":true,"lastUpdated":"2022-07-25T22:29:49Z","sectors":null},{"id":1009,"nameArabic":"????????? ????","nameEnglish":"MINERALNYE VODY","isActive":true,"lastUpdated":"2022-06-02T01:37:07Z","sectors":null},{"id":1061,"nameArabic":"??????","nameEnglish":"MOMBASA","isActive":true,"lastUpdated":"2022-06-02T01:09:23Z","sectors":null},{"id":1062,"nameArabic":"??????","nameEnglish":"MORONI","isActive":true,"lastUpdated":"2022-06-02T00:43:08Z","sectors":null},{"id":1073,"nameArabic":"???? ????? ???????????","nameEnglish":"Nikos Kazantzakis Airport","isActive":true,"lastUpdated":"2022-06-02T00:54:20Z","sectors":null},{"id":1066,"nameArabic":"?????????","nameEnglish":"NARATHIWAT","isActive":true,"lastUpdated":"2022-06-02T00:49:47Z","sectors":null},{"id":1041,"nameArabic":"???? ?????","nameEnglish":"Baghdad Airport","isActive":true,"lastUpdated":"2022-06-02T00:55:41Z","sectors":null},{"id":841,"nameArabic":"?????????","nameEnglish":"NGAOUNDERE","isActive":true,"lastUpdated":"2022-06-02T01:01:12Z","sectors":null},{"id":1040,"nameArabic":"???????","nameEnglish":"MINNA","isActive":true,"lastUpdated":"2022-06-02T01:01:13Z","sectors":null},{"id":933,"nameArabic":"???????","nameEnglish":"NEWCASTLE","isActive":true,"lastUpdated":"2022-06-02T01:16:46Z","sectors":null},{"id":11,"nameArabic":"???????","nameEnglish":"Nouakchott","isActive":true,"lastUpdated":"2022-06-02T01:06:15Z","sectors":null},{"id":934,"nameArabic":"???????","nameEnglish":"EAST MIDLANDS","isActive":true,"lastUpdated":"2022-06-02T01:01:13Z","sectors":null},{"id":98,"nameArabic":"????","nameEnglish":"Malaga","isActive":true,"lastUpdated":"2022-06-02T01:01:14Z","sectors":null},{"id":957,"nameArabic":"????","nameEnglish":"NANTES","isActive":true,"lastUpdated":"2022-06-02T01:06:16Z","sectors":null},{"id":742,"nameArabic":"??????","nameEnglish":"Warjlah","isActive":true,"lastUpdated":"2022-06-02T01:11:57Z","sectors":null},{"id":967,"nameArabic":"???? ?????? ?????","nameEnglish":"SANLIURFA AIRPORT TURKEY","isActive":true,"lastUpdated":"2022-06-02T01:06:16Z","sectors":null},{"id":70,"nameArabic":"???????","nameEnglish":"New Delhi","isActive":true,"lastUpdated":"2022-06-02T01:11:58Z","sectors":null},{"id":973,"nameArabic":"??????","nameEnglish":"MILANO","isActive":true,"lastUpdated":"2022-06-02T01:16:46Z","sectors":null},{"id":734,"nameArabic":"????????","nameEnglish":"Monastir","isActive":true,"lastUpdated":"2022-06-02T01:12:00Z","sectors":null},{"id":1052,"nameArabic":"???????","nameEnglish":"NEW YORK","isActive":true,"lastUpdated":"2022-06-02T01:17:12Z","sectors":null},{"id":1058,"nameArabic":"???????","nameEnglish":"QINGDAO","isActive":true,"lastUpdated":"2022-06-02T01:22:14Z","sectors":null},{"id":884,"nameArabic":"???????","nameEnglish":"AL BUHIRAH","isActive":true,"lastUpdated":"2022-06-02T01:26:53Z","sectors":null},{"id":873,"nameArabic":"??????","nameEnglish":"Maputo","isActive":true,"lastUpdated":"2022-06-02T01:26:53Z","sectors":null},{"id":840,"nameArabic":"??????","nameEnglish":"Mdgora","isActive":true,"lastUpdated":"2022-06-02T01:06:16Z","sectors":null},{"id":127,"nameArabic":"???????","nameEnglish":"Libreville","isActive":true,"lastUpdated":"2022-06-02T00:19:56Z","sectors":null},{"id":51,"nameArabic":"???????","nameEnglish":"Istanbul","isActive":true,"lastUpdated":"2022-06-02T01:26:54Z","sectors":null},{"id":976,"nameArabic":"??????","nameEnglish":"AMMAN","isActive":true,"lastUpdated":"2022-06-02T00:25:00Z","sectors":null},{"id":798,"nameArabic":"??????","nameEnglish":"ERZURUM","isActive":true,"lastUpdated":"2022-06-02T01:32:03Z","sectors":null},{"id":931,"nameArabic":"????","nameEnglish":"LONDON","isActive":true,"lastUpdated":null,"sectors":null},{"id":390021228,"nameArabic":"??????","nameEnglish":"Malabo","isActive":true,"lastUpdated":"2022-06-12T22:52:03Z","sectors":null},{"id":754,"nameArabic":"?????","nameEnglish":"Aswan","isActive":true,"lastUpdated":"2022-06-02T00:31:20Z","sectors":null},{"id":772,"nameArabic":"?????","nameEnglish":"Ahvaz","isActive":true,"lastUpdated":"2022-06-02T01:26:55Z","sectors":null},{"id":42,"nameArabic":"????????","nameEnglish":"Stockholm","isActive":true,"lastUpdated":"2022-06-02T01:26:56Z","sectors":null},{"id":812,"nameArabic":"???? ????","nameEnglish":"Ahmedabad","isActive":true,"lastUpdated":"2022-06-02T01:26:56Z","sectors":null},{"id":831,"nameArabic":"???????","nameEnglish":"Abidjan","isActive":true,"lastUpdated":"2022-06-02T00:31:20Z","sectors":null},{"id":865,"nameArabic":"????","nameEnglish":"Lome","isActive":true,"lastUpdated":"2022-06-02T01:27:28Z","sectors":null},{"id":46,"nameArabic":"?????","nameEnglish":"Athens","isActive":true,"lastUpdated":"2022-06-02T00:37:21Z","sectors":null},{"id":932,"nameArabic":"???? ????????","nameEnglish":"LEEDS AND BRADFORD","isActive":true,"lastUpdated":"2022-06-02T01:29:20Z","sectors":null},{"id":1072,"nameArabic":"?????","nameEnglish":"Dzaoudzi Pamandzi","isActive":true,"lastUpdated":"2022-06-02T01:31:13Z","sectors":null},{"id":763,"nameArabic":"?????","nameEnglish":"Marrakech","isActive":true,"lastUpdated":"2022-06-02T01:32:01Z","sectors":null},{"id":800,"nameArabic":"????? ???????","nameEnglish":"ISPARTA CITY","isActive":true,"lastUpdated":"2022-06-02T01:32:02Z","sectors":null},{"id":966,"nameArabic":"??????","nameEnglish":"ELAZIG","isActive":true,"lastUpdated":"2022-06-02T01:32:03Z","sectors":null},{"id":818,"nameArabic":"?????","nameEnglish":"Madras","isActive":true,"lastUpdated":"2022-06-02T01:16:58Z","sectors":null},{"id":30,"nameArabic":"????","nameEnglish":"Accra","isActive":true,"lastUpdated":"2022-06-02T01:32:03Z","sectors":null},{"id":791,"nameArabic":"??????","nameEnglish":"Kujia","isActive":true,"lastUpdated":"2022-06-02T00:43:09Z","sectors":null},{"id":1048,"nameArabic":"??????","nameEnglish":"LUANDA","isActive":true,"lastUpdated":"2022-06-02T00:43:09Z","sectors":null},{"id":75,"nameArabic":"??????????","nameEnglish":"Alexandria","isActive":true,"lastUpdated":"2022-06-02T01:11:48Z","sectors":null},{"id":963,"nameArabic":"??????","nameEnglish":"MALATYA","isActive":true,"lastUpdated":"2022-06-02T01:12:04Z","sectors":null},{"id":1043,"nameArabic":"??????","nameEnglish":"Kherson","isActive":true,"lastUpdated":"2022-06-02T01:12:06Z","sectors":null},{"id":847,"nameArabic":"?????","nameEnglish":"Kowloon","isActive":true,"lastUpdated":"2022-06-02T01:06:18Z","sectors":null},{"id":29,"nameArabic":"???????","nameEnglish":"Algeria","isActive":true,"lastUpdated":"2022-06-02T01:00:55Z","sectors":null},{"id":792,"nameArabic":"????","nameEnglish":"Azna","isActive":true,"lastUpdated":"2022-06-02T01:00:55Z","sectors":null},{"id":830,"nameArabic":"??????","nameEnglish":"Cotonou","isActive":true,"lastUpdated":"2022-06-02T01:01:17Z","sectors":null},{"id":54,"nameArabic":"??????","nameEnglish":"Manila","isActive":true,"lastUpdated":"2022-06-02T00:49:48Z","sectors":null},{"id":390021229,"nameArabic":"????","nameEnglish":"Garowe","isActive":true,"lastUpdated":"2022-08-01T20:08:39Z","sectors":null},{"id":806,"nameArabic":"?????","nameEnglish":"Sabiha","isActive":true,"lastUpdated":"2022-06-02T00:49:50Z","sectors":null},{"id":1008,"nameArabic":"????????","nameEnglish":"MAKHACHKALA","isActive":true,"lastUpdated":"2022-06-02T01:12:16Z","sectors":null},{"id":938,"nameArabic":"????","nameEnglish":"LUXOR","isActive":true,"lastUpdated":"2022-06-02T00:49:50Z","sectors":null},{"id":38,"nameArabic":"?????","nameEnglish":"The Hague","isActive":true,"lastUpdated":"2022-06-02T01:16:26Z","sectors":null},{"id":744,"nameArabic":"?????","nameEnglish":"ADRAR","isActive":true,"lastUpdated":"2022-06-02T01:16:26Z","sectors":null},{"id":3,"nameArabic":"????? ????","nameEnglish":"Islamabad","isActive":true,"lastUpdated":"2022-06-02T01:16:26Z","sectors":null},{"id":21,"nameArabic":"?????","nameEnglish":"Madrid","isActive":true,"lastUpdated":"2022-06-02T01:16:47Z","sectors":null},{"id":755,"nameArabic":"?????","nameEnglish":"Assiut","isActive":true,"lastUpdated":"2022-06-02T01:07:19Z","sectors":null},{"id":774,"nameArabic":"????????","nameEnglish":"Lezrabass","isActive":true,"lastUpdated":"2022-06-02T01:16:48Z","sectors":null},{"id":110,"nameArabic":"?????","nameEnglish":"Lahore","isActive":true,"lastUpdated":"2022-06-02T01:12:04Z","sectors":null},{"id":793,"nameArabic":"?????","nameEnglish":"Izmir","isActive":true,"lastUpdated":"2022-06-02T01:16:58Z","sectors":null},{"id":878,"nameArabic":"????","nameEnglish":"KIEV","isActive":true,"lastUpdated":"2022-06-02T01:17:12Z","sectors":null},{"id":998,"nameArabic":"????????","nameEnglish":"PALEMBANG","isActive":true,"lastUpdated":"2022-06-02T01:11:51Z","sectors":null},{"id":875,"nameArabic":"???? ????","nameEnglish":"Port Lowey's","isActive":true,"lastUpdated":"2022-06-02T00:20:01Z","sectors":null},{"id":1000,"nameArabic":"??????????? ","nameEnglish":"BANJARMASIN","isActive":true,"lastUpdated":"2022-06-02T01:21:31Z","sectors":null},{"id":813,"nameArabic":"???????","nameEnglish":"Bangalore","isActive":true,"lastUpdated":"2022-06-02T01:07:05Z","sectors":null},{"id":76,"nameArabic":"??????","nameEnglish":"Bangkok","isActive":true,"lastUpdated":"2022-06-02T00:53:06Z","sectors":null},{"id":929,"nameArabic":" ????????","nameEnglish":"MANCHESTER","isActive":true,"lastUpdated":"2022-06-02T00:31:21Z","sectors":null},{"id":872,"nameArabic":"???????","nameEnglish":"Bridgetown","isActive":true,"lastUpdated":"2022-06-02T01:16:28Z","sectors":null},{"id":833,"nameArabic":"???? ????","nameEnglish":"Ouagadougo","isActive":true,"lastUpdated":"2022-06-02T01:21:33Z","sectors":null},{"id":17,"nameArabic":"????","nameEnglish":"Bern","isActive":true,"lastUpdated":"2022-06-02T01:26:57Z","sectors":null},{"id":888,"nameArabic":"?????","nameEnglish":"Bishkek","isActive":true,"lastUpdated":"2022-06-02T01:00:41Z","sectors":null},{"id":718,"nameArabic":"????","nameEnglish":"Prague","isActive":true,"lastUpdated":"2022-06-02T01:16:28Z","sectors":null},{"id":1016,"nameArabic":"??????","nameEnglish":"BHOPAL","isActive":true,"lastUpdated":"2022-06-02T01:21:50Z","sectors":null},{"id":768,"nameArabic":"????? ????","nameEnglish":"Bande Asia","isActive":true,"lastUpdated":"2022-06-02T01:21:52Z","sectors":null},{"id":749,"nameArabic":"??????","nameEnglish":"Benghazi","isActive":true,"lastUpdated":"2022-06-02T01:22:24Z","sectors":null},{"id":1018,"nameArabic":"?????","nameEnglish":"INDORE","isActive":true,"lastUpdated":"2022-06-02T01:26:56Z","sectors":null},{"id":97,"nameArabic":"?????","nameEnglish":"Paris","isActive":true,"lastUpdated":"2022-06-02T01:27:29Z","sectors":null},{"id":869,"nameArabic":"??????","nameEnglish":"BEIJING","isActive":true,"lastUpdated":"2022-06-02T00:37:21Z","sectors":null},{"id":702,"nameArabic":"?????","nameEnglish":"ABUJA","isActive":true,"lastUpdated":"2022-06-02T01:32:05Z","sectors":null},{"id":1027,"nameArabic":"????????","nameEnglish":"VARANASI","isActive":true,"lastUpdated":"2022-06-02T01:32:05Z","sectors":null},{"id":827,"nameArabic":"?????","nameEnglish":"benjol","isActive":true,"lastUpdated":"2022-06-02T00:43:28Z","sectors":null},{"id":863,"nameArabic":"?????","nameEnglish":"Piatti","isActive":true,"lastUpdated":"2022-06-02T01:32:05Z","sectors":null},{"id":882,"nameArabic":"???????","nameEnglish":"BUCHAREST","isActive":true,"lastUpdated":"2022-06-02T01:32:06Z","sectors":null},{"id":63,"nameArabic":"?????","nameEnglish":"Baghdad","isActive":true,"lastUpdated":"2022-06-02T00:43:10Z","sectors":null},{"id":124,"nameArabic":"??????","nameEnglish":"Peshawar","isActive":true,"lastUpdated":"2022-06-02T00:43:10Z","sectors":null},{"id":1050,"nameArabic":"?????","nameEnglish":"PARIS","isActive":true,"lastUpdated":"2022-06-02T00:43:12Z","sectors":null},{"id":928,"nameArabic":" ????????","nameEnglish":"BIRMINGHAM","isActive":true,"lastUpdated":"2022-06-02T01:01:21Z","sectors":null},{"id":946,"nameArabic":"?????","nameEnglish":"BORDEAUX","isActive":true,"lastUpdated":"2022-06-02T01:37:09Z","sectors":null},{"id":968,"nameArabic":"??????","nameEnglish":"BATMAN","isActive":true,"lastUpdated":"2022-06-02T01:11:52Z","sectors":null},{"id":747,"nameArabic":"??????","nameEnglish":"Berbiera","isActive":true,"lastUpdated":"2022-06-02T01:32:07Z","sectors":null},{"id":1011,"nameArabic":"?????","nameEnglish":"BUKHARA","isActive":true,"lastUpdated":"2022-06-02T01:32:07Z","sectors":null},{"id":1053,"nameArabic":"????????","nameEnglish":"ORLANDO","isActive":true,"lastUpdated":"2022-06-02T01:11:20Z","sectors":null},{"id":779,"nameArabic":"????","nameEnglish":"Sdaa","isActive":true,"lastUpdated":"2022-06-02T01:32:37Z","sectors":null},{"id":705,"nameArabic":"?????","nameEnglish":"Berlin","isActive":true,"lastUpdated":"2022-06-02T01:37:09Z","sectors":null},{"id":930,"nameArabic":" ????????","nameEnglish":"BEMBRIDGE","isActive":true,"lastUpdated":"2022-06-02T00:49:50Z","sectors":null},{"id":94,"nameArabic":"??????","nameEnglish":"Bamako","isActive":true,"lastUpdated":"2022-06-02T00:55:47Z","sectors":null},{"id":83,"nameArabic":"????????","nameEnglish":"Brasilia","isActive":true,"lastUpdated":"2022-06-02T00:49:52Z","sectors":null},{"id":1015,"nameArabic":"?????????","nameEnglish":"AURANGABAD","isActive":true,"lastUpdated":"2022-06-02T01:32:48Z","sectors":null},{"id":945,"nameArabic":"?????","nameEnglish":"BANGUI","isActive":true,"lastUpdated":"2022-06-02T00:49:53Z","sectors":null},{"id":784,"nameArabic":"???????","nameEnglish":"URMIEH","isActive":true,"lastUpdated":"2022-06-02T00:49:53Z","sectors":null},{"id":771,"nameArabic":"???? ????","nameEnglish":"Bulk Baben","isActive":true,"lastUpdated":"2022-06-02T00:56:02Z","sectors":null},{"id":767,"nameArabic":"?????","nameEnglish":"Batam","isActive":true,"lastUpdated":"2022-06-02T01:11:20Z","sectors":null},{"id":980,"nameArabic":"???????","nameEnglish":"SAILKOT PAKISTAN","isActive":true,"lastUpdated":"2022-06-02T01:37:12Z","sectors":null},{"id":1035,"nameArabic":"????","nameEnglish":"Baku","isActive":true,"lastUpdated":"2022-06-02T01:01:26Z","sectors":null},{"id":1044,"nameArabic":"?????","nameEnglish":"Bowman","isActive":true,"lastUpdated":"2022-06-02T01:06:19Z","sectors":null},{"id":1007,"nameArabic":"??? ","nameEnglish":"OSH","isActive":true,"lastUpdated":"2022-06-02T01:06:19Z","sectors":null},{"id":997,"nameArabic":"??????","nameEnglish":"PADANG","isActive":true,"lastUpdated":"2022-06-02T01:14:14Z","sectors":null},{"id":701,"nameArabic":"?????","nameEnglish":"Asmara","isActive":true,"lastUpdated":"2022-06-02T01:16:27Z","sectors":null},{"id":390021230,"nameArabic":"?????","nameEnglish":"Nukus","isActive":true,"lastUpdated":"2022-08-01T20:10:11Z","sectors":null},{"id":972,"nameArabic":"????????","nameEnglish":"PRISTINA","isActive":true,"lastUpdated":"2022-06-02T01:17:23Z","sectors":null},{"id":50,"nameArabic":"??????","nameEnglish":"Doha","isActive":true,"lastUpdated":"2022-06-02T01:21:33Z","sectors":null},{"id":390021231,"nameArabic":"????","nameEnglish":"Ranyah","isActive":true,"lastUpdated":"2019-07-14T11:09:19Z","sectors":null},{"id":1021,"nameArabic":"?????","nameEnglish":"ALONG","isActive":true,"lastUpdated":"2022-06-02T00:55:47Z","sectors":null},{"id":1127,"nameArabic":"???????","nameEnglish":"Andijan ","isActive":true,"lastUpdated":"2022-06-02T01:27:05Z","sectors":null},{"id":86,"nameArabic":"???????","nameEnglish":"Manama","isActive":true,"lastUpdated":"2022-06-02T00:57:58Z","sectors":null},{"id":390021156,"nameArabic":"?????","nameEnglish":"ANVERS","isActive":true,"lastUpdated":"2022-06-02T01:21:33Z","sectors":null},{"id":390021166,"nameArabic":"???????","nameEnglish":"VICENZA","isActive":true,"lastUpdated":"2022-06-02T01:21:33Z","sectors":null},{"id":1084,"nameArabic":"?????","nameEnglish":"Shantou","isActive":true,"lastUpdated":"2022-06-02T00:19:43Z","sectors":null},{"id":10,"nameArabic":"??????","nameEnglish":"Kuwait","isActive":true,"lastUpdated":"2022-06-02T00:20:06Z","sectors":null},{"id":837,"nameArabic":"??????","nameEnglish":"ILORIN","isActive":true,"lastUpdated":"2022-06-02T01:37:14Z","sectors":null},{"id":728,"nameArabic":"????????","nameEnglish":"Lattakia","isActive":true,"lastUpdated":"2022-06-02T01:22:14Z","sectors":null},{"id":390021171,"nameArabic":"?????","nameEnglish":"SOFIA","isActive":true,"lastUpdated":"2022-06-02T01:06:21Z","sectors":null},{"id":390021174,"nameArabic":"????????","nameEnglish":"PRISTINA","isActive":true,"lastUpdated":"2022-06-02T00:25:01Z","sectors":null},{"id":390001125,"nameArabic":"???????","nameEnglish":"Argenteuil","isActive":true,"lastUpdated":"2022-06-02T00:25:02Z","sectors":null},{"id":390021163,"nameArabic":"?????","nameEnglish":"BRESCIA","isActive":true,"lastUpdated":"2022-06-02T01:22:14Z","sectors":null},{"id":724,"nameArabic":"?????","nameEnglish":"AL-ain","isActive":true,"lastUpdated":"2022-06-02T00:31:24Z","sectors":null},{"id":390021165,"nameArabic":"??????","nameEnglish":"RIMINI","isActive":true,"lastUpdated":"2022-06-02T01:32:09Z","sectors":null},{"id":1132,"nameArabic":"?????","nameEnglish":"Gimpo ","isActive":true,"lastUpdated":"2022-06-02T01:16:30Z","sectors":null},{"id":1068,"nameArabic":"??????","nameEnglish":"ALMA-ATA","isActive":true,"lastUpdated":"2022-06-02T01:24:46Z","sectors":null},{"id":1082,"nameArabic":"???","nameEnglish":"ANAA","isActive":true,"lastUpdated":"2022-06-02T00:36:45Z","sectors":null},{"id":390021093,"nameArabic":"?????","nameEnglish":"Crawley","isActive":true,"lastUpdated":null,"sectors":null},{"id":390021090,"nameArabic":"????????","nameEnglish":"Nottingham","isActive":true,"lastUpdated":null,"sectors":null},{"id":390021095,"nameArabic":"?? ?????","nameEnglish":"Ann Arbor","isActive":true,"lastUpdated":null,"sectors":null},{"id":93,"nameArabic":"?????","nameEnglish":"Ankara","isActive":true,"lastUpdated":"2022-06-02T01:26:57Z","sectors":null},{"id":1067,"nameArabic":"???? ????","nameEnglish":"ALOR SETAR","isActive":true,"lastUpdated":"2022-06-02T00:49:53Z","sectors":null},{"id":1086,"nameArabic":"????","nameEnglish":"Said","isActive":true,"lastUpdated":"2022-06-02T00:36:46Z","sectors":null},{"id":925,"nameArabic":"???? ?????","nameEnglish":"ALICE SPRING","isActive":true,"lastUpdated":"2022-06-02T01:26:57Z","sectors":null},{"id":84,"nameArabic":"???","nameEnglish":"Dhaka","isActive":true,"lastUpdated":"2022-06-02T01:32:58Z","sectors":null},{"id":943,"nameArabic":"???????","nameEnglish":"AL HOCIEMA","isActive":true,"lastUpdated":"2022-06-02T00:49:55Z","sectors":null},{"id":881,"nameArabic":"??????","nameEnglish":"AL-AQABA","isActive":true,"lastUpdated":"2022-06-02T00:37:23Z","sectors":null},{"id":1129,"nameArabic":"?????","nameEnglish":"Sydney","isActive":true,"lastUpdated":"2022-06-02T01:00:43Z","sectors":null},{"id":48,"nameArabic":"???????","nameEnglish":"Cairo","isActive":true,"lastUpdated":"2022-06-02T01:34:35Z","sectors":null},{"id":1085,"nameArabic":"?????? ???????","nameEnglish":"Puerto Cabezas","isActive":true,"lastUpdated":"2022-06-02T00:37:59Z","sectors":null},{"id":390021173,"nameArabic":"??????","nameEnglish":"ROTTERDAM","isActive":true,"lastUpdated":"2022-06-02T01:27:05Z","sectors":null},{"id":1133,"nameArabic":"????","nameEnglish":"Liege ","isActive":true,"lastUpdated":"2022-06-02T01:00:44Z","sectors":null},{"id":390021164,"nameArabic":"??????","nameEnglish":"VERONA","isActive":true,"lastUpdated":"2022-06-02T00:49:56Z","sectors":null},{"id":56,"nameArabic":"???????","nameEnglish":"Alkhartom","isActive":true,"lastUpdated":"2022-06-02T01:11:20Z","sectors":null},{"id":390021176,"nameArabic":"??????","nameEnglish":"FERIZAJ","isActive":true,"lastUpdated":"2022-06-02T00:49:56Z","sectors":null},{"id":390021091,"nameArabic":"?????","nameEnglish":"Leicester","isActive":true,"lastUpdated":"2022-06-02T01:16:30Z","sectors":null},{"id":390021088,"nameArabic":"????????","nameEnglish":"Blackburn","isActive":true,"lastUpdated":"2022-06-02T00:49:56Z","sectors":null},{"id":390021089,"nameArabic":"???????","nameEnglish":"Wiltshire","isActive":true,"lastUpdated":"2022-06-02T00:49:57Z","sectors":null},{"id":390021178,"nameArabic":"????","nameEnglish":"Juba ","isActive":true,"lastUpdated":"2022-06-02T01:27:05Z","sectors":null},{"id":390021168,"nameArabic":"?????","nameEnglish":"ESSEN","isActive":true,"lastUpdated":"2022-06-02T00:55:52Z","sectors":null},{"id":1,"nameArabic":"??????","nameEnglish":"Rabat","isActive":true,"lastUpdated":"2022-06-02T01:32:08Z","sectors":null},{"id":1083,"nameArabic":"???????","nameEnglish":"Urgench","isActive":true,"lastUpdated":"2022-06-02T00:56:38Z","sectors":null},{"id":390021170,"nameArabic":"????? ?????","nameEnglish":"LUTZELBACH","isActive":true,"lastUpdated":"2022-06-02T01:06:20Z","sectors":null},{"id":390021159,"nameArabic":"????","nameEnglish":"BRUGES","isActive":true,"lastUpdated":"2022-06-02T01:11:21Z","sectors":null},{"id":390021158,"nameArabic":"???????","nameEnglish":"BERINGEN","isActive":true,"lastUpdated":"2022-06-02T01:16:29Z","sectors":null},{"id":390021179,"nameArabic":"???????","nameEnglish":"Antioch","isActive":true,"lastUpdated":"2022-06-02T01:16:31Z","sectors":null},{"id":390021167,"nameArabic":"???????","nameEnglish":"HAMBURG�","isActive":true,"lastUpdated":"2022-06-02T01:37:15Z","sectors":null},{"id":1130,"nameArabic":"?????","nameEnglish":"Sofia ","isActive":true,"lastUpdated":"2022-06-02T01:37:15Z","sectors":null},{"id":390021175,"nameArabic":"??????","nameEnglish":"PRIZREN","isActive":true,"lastUpdated":"2022-06-02T01:37:15Z","sectors":null},{"id":1144,"nameArabic":"?????","nameEnglish":"Bissau","isActive":true,"lastUpdated":"2022-06-02T01:37:16Z","sectors":null},{"id":390011086,"nameArabic":" ???? ????","nameEnglish":"Saint-Denis","isActive":true,"lastUpdated":"2022-06-02T01:11:21Z","sectors":null},{"id":1051,"nameArabic":"??????","nameEnglish":"WASHINGTON","isActive":true,"lastUpdated":"2022-06-02T00:13:39Z","sectors":null},{"id":1107,"nameArabic":"???????","nameEnglish":"Catalao","isActive":true,"lastUpdated":"2022-06-02T01:32:56Z","sectors":null},{"id":390021151,"nameArabic":"???????","nameEnglish":"Montana","isActive":true,"lastUpdated":"2022-06-02T01:21:36Z","sectors":null},{"id":390021116,"nameArabic":"????","nameEnglish":"Rance","isActive":true,"lastUpdated":"2022-06-02T01:27:06Z","sectors":null},{"id":390021138,"nameArabic":"???????","nameEnglish":"BARCELONA","isActive":true,"lastUpdated":"2022-07-25T22:29:48Z","sectors":null},{"id":1092,"nameArabic":"???????? ???","nameEnglish":"Herendeen Bay","isActive":true,"lastUpdated":"2022-06-02T00:19:43Z","sectors":null},{"id":1097,"nameArabic":"????????","nameEnglish":"Erzincan","isActive":true,"lastUpdated":"2022-06-02T00:19:43Z","sectors":null},{"id":1094,"nameArabic":"?????","nameEnglish":"Hamedan","isActive":true,"lastUpdated":"2022-06-02T00:25:03Z","sectors":null},{"id":1103,"nameArabic":"????????","nameEnglish":" Islam mashhar","isActive":true,"lastUpdated":"2022-06-02T01:37:17Z","sectors":null},{"id":390021100,"nameArabic":"????????","nameEnglish":"MONTREAL","isActive":true,"lastUpdated":"2022-06-02T00:25:04Z","sectors":null},{"id":390021113,"nameArabic":"???? ?????","nameEnglish":"MAHA GANGA","isActive":true,"lastUpdated":"2022-06-02T01:11:34Z","sectors":null},{"id":390021139,"nameArabic":"??? ?????","nameEnglish":"SAN DIEGO","isActive":true,"lastUpdated":"2022-06-02T00:31:25Z","sectors":null},{"id":390021150,"nameArabic":"???????","nameEnglish":"Virginia�","isActive":true,"lastUpdated":"2022-06-02T00:55:31Z","sectors":null},{"id":390021115,"nameArabic":"???????","nameEnglish":"ARGENTEUIL","isActive":true,"lastUpdated":null,"sectors":null},{"id":390021152,"nameArabic":"????????","nameEnglish":"HEMPSTEAD","isActive":true,"lastUpdated":"2022-06-02T01:24:56Z","sectors":null},{"id":390021103,"nameArabic":"??????","nameEnglish":"XANTHI","isActive":true,"lastUpdated":"2022-06-02T01:27:06Z","sectors":null},{"id":1089,"nameArabic":"??????? ????","nameEnglish":"Mansion House","isActive":true,"lastUpdated":"2022-06-02T00:55:53Z","sectors":null},{"id":390021135,"nameArabic":"???????","nameEnglish":"WATFORD","isActive":true,"lastUpdated":"2022-06-02T01:27:07Z","sectors":null},{"id":390021127,"nameArabic":"???? ????","nameEnglish":"BLACKBURN","isActive":true,"lastUpdated":null,"sectors":null},{"id":390021128,"nameArabic":"????","nameEnglish":"SLOUGH","isActive":true,"lastUpdated":null,"sectors":null},{"id":390021130,"nameArabic":"?????","nameEnglish":"LEICESTER","isActive":true,"lastUpdated":null,"sectors":null},{"id":1090,"nameArabic":"?????","nameEnglish":"Kosrae","isActive":true,"lastUpdated":"2022-06-02T01:00:44Z","sectors":null},{"id":1095,"nameArabic":"??? ???","nameEnglish":"Den Haag","isActive":true,"lastUpdated":"2022-06-02T00:37:00Z","sectors":null},{"id":390021148,"nameArabic":"??????????","nameEnglish":"California�","isActive":true,"lastUpdated":"2022-06-02T01:27:35Z","sectors":null},{"id":390021104,"nameArabic":"???????","nameEnglish":"MELBOURNE","isActive":true,"lastUpdated":"2022-06-02T00:37:00Z","sectors":null},{"id":1088,"nameArabic":"????","nameEnglish":"Zafer","isActive":true,"lastUpdated":"2022-06-02T01:32:10Z","sectors":null},{"id":390021105,"nameArabic":"?????","nameEnglish":"SYDNEY","isActive":true,"lastUpdated":"2022-06-02T01:32:11Z","sectors":null},{"id":1104,"nameArabic":"?????","nameEnglish":"Siena","isActive":true,"lastUpdated":"2022-06-02T00:43:14Z","sectors":null},{"id":390021141,"nameArabic":"???? ?????","nameEnglish":"Falls Church","isActive":true,"lastUpdated":"2022-06-02T00:49:58Z","sectors":null},{"id":667,"nameArabic":"???????","nameEnglish":"Abuarich","isActive":true,"lastUpdated":"2022-06-02T01:32:59Z","sectors":null},{"id":390021106,"nameArabic":"???????","nameEnglish":"ARNCLHFFE","isActive":true,"lastUpdated":"2022-06-02T00:43:15Z","sectors":null},{"id":390021120,"nameArabic":"?????","nameEnglish":"REIMS","isActive":true,"lastUpdated":"2022-06-02T01:16:31Z","sectors":null},{"id":390021109,"nameArabic":"???? ????","nameEnglish":"SAINT DENIS","isActive":true,"lastUpdated":"2022-06-02T00:43:16Z","sectors":null},{"id":614,"nameArabic":"?????","nameEnglish":"Jizan","isActive":true,"lastUpdated":"2022-06-02T01:33:13Z","sectors":null},{"id":390021121,"nameArabic":"???????","nameEnglish":"TALANGE","isActive":true,"lastUpdated":"2022-06-02T01:16:33Z","sectors":null},{"id":390021107,"nameArabic":"????????","nameEnglish":"VICTORIA","isActive":true,"lastUpdated":"2022-06-02T01:06:21Z","sectors":null},{"id":1109,"nameArabic":"???????","nameEnglish":"Shishmaref","isActive":true,"lastUpdated":"2022-06-02T01:37:18Z","sectors":null},{"id":390021110,"nameArabic":"???? ?????","nameEnglish":"NOVI PAZAR","isActive":true,"lastUpdated":"2022-06-02T01:37:18Z","sectors":null},{"id":390021108,"nameArabic":"???????????","nameEnglish":"CHRISTCHURCH","isActive":true,"lastUpdated":"2022-06-02T00:49:58Z","sectors":null},{"id":390021149,"nameArabic":"?????","nameEnglish":"Boston","isActive":true,"lastUpdated":"2022-06-02T00:55:31Z","sectors":null},{"id":1093,"nameArabic":"???????","nameEnglish":"Henzada","isActive":true,"lastUpdated":"2022-06-02T00:57:58Z","sectors":null},{"id":390021133,"nameArabic":"?????","nameEnglish":"LUTON","isActive":true,"lastUpdated":"2022-06-02T01:37:18Z","sectors":null},{"id":390021137,"nameArabic":"??????","nameEnglish":"ZARAGOZA","isActive":true,"lastUpdated":"2022-06-02T01:37:18Z","sectors":null},{"id":390021140,"nameArabic":"????","nameEnglish":"Fort�","isActive":true,"lastUpdated":"2022-06-02T01:37:19Z","sectors":null},{"id":390021101,"nameArabic":"????????","nameEnglish":"ONTARIO","isActive":true,"lastUpdated":"2022-06-02T01:09:26Z","sectors":null},{"id":1100,"nameArabic":"???????","nameEnglish":"Aspen","isActive":true,"lastUpdated":"2022-06-02T00:55:54Z","sectors":null},{"id":390021099,"nameArabic":"????????","nameEnglish":"MISSISSAUGA","isActive":true,"lastUpdated":"2022-06-02T01:11:22Z","sectors":null},{"id":1108,"nameArabic":"???????","nameEnglish":"Tamanrasset","isActive":true,"lastUpdated":"2022-06-02T01:11:21Z","sectors":null},{"id":1106,"nameArabic":"???????","nameEnglish":"Saskylakh ","isActive":true,"lastUpdated":"2022-06-02T00:55:54Z","sectors":null},{"id":390021131,"nameArabic":"????????","nameEnglish":"NOTTINGHAM","isActive":true,"lastUpdated":"2022-06-02T00:55:55Z","sectors":null},{"id":1110,"nameArabic":"????? ?????","nameEnglish":"Campo Alegre","isActive":true,"lastUpdated":"2022-06-02T01:06:21Z","sectors":null},{"id":390021111,"nameArabic":"??????","nameEnglish":"KIGALI","isActive":true,"lastUpdated":"2022-06-02T01:11:33Z","sectors":null},{"id":390021136,"nameArabic":"???????","nameEnglish":"DEWSBURY","isActive":true,"lastUpdated":"2022-06-02T01:11:34Z","sectors":null},{"id":986,"nameArabic":"???? ????","nameEnglish":"MAZAR-I-SHARIF","isActive":true,"lastUpdated":"2022-06-02T00:13:39Z","sectors":null},{"id":390021187,"nameArabic":"???????","nameEnglish":"KATSINA","isActive":true,"lastUpdated":"2022-06-02T01:36:56Z","sectors":null},{"id":390021226,"nameArabic":"????????","nameEnglish":"Vancouver","isActive":true,"lastUpdated":"2022-06-02T01:22:17Z","sectors":null},{"id":390021189,"nameArabic":"???????","nameEnglish":"Kutahya","isActive":true,"lastUpdated":"2022-06-02T01:27:07Z","sectors":null},{"id":390021193,"nameArabic":"?????","nameEnglish":"BURSA","isActive":true,"lastUpdated":"2022-06-02T01:21:39Z","sectors":null},{"id":3333,"nameArabic":"????????","nameEnglish":"Brazzaville","isActive":true,"lastUpdated":"2022-06-02T00:19:45Z","sectors":null},{"id":1268,"nameArabic":"?????","nameEnglish":"Aktau","isActive":true,"lastUpdated":"2022-06-02T00:19:45Z","sectors":null},{"id":390021195,"nameArabic":"?????? ?????","nameEnglish":"KAHRAMANMARAS","isActive":true,"lastUpdated":null,"sectors":null},{"id":1146,"nameArabic":"??? ","nameEnglish":"Perth","isActive":true,"lastUpdated":"2022-06-02T00:19:45Z","sectors":null},{"id":390021182,"nameArabic":"??????","nameEnglish":"BAUCHI","isActive":true,"lastUpdated":null,"sectors":null},{"id":3338,"nameArabic":"????","nameEnglish":"Lima","isActive":true,"lastUpdated":"2022-06-02T01:21:40Z","sectors":null},{"id":1225,"nameArabic":"???????","nameEnglish":"Eskisehir","isActive":true,"lastUpdated":"2022-06-02T00:25:06Z","sectors":null},{"id":390021194,"nameArabic":"?????? ?????","nameEnglish":"KAHRAMANMARAS","isActive":true,"lastUpdated":"2022-06-02T01:36:56Z","sectors":null},{"id":390021185,"nameArabic":"?????","nameEnglish":"GOMBE","isActive":true,"lastUpdated":"2022-06-02T00:25:09Z","sectors":null},{"id":1226,"nameArabic":"??????","nameEnglish":"Giresun","isActive":true,"lastUpdated":"2022-06-02T01:06:59Z","sectors":null},{"id":390001145,"nameArabic":"????? ????","nameEnglish":"Osman Thigna","isActive":true,"lastUpdated":"2022-06-02T01:37:19Z","sectors":null},{"id":1186,"nameArabic":"?????","nameEnglish":"Bingol","isActive":true,"lastUpdated":"2022-06-02T01:21:40Z","sectors":null},{"id":390021198,"nameArabic":"????","nameEnglish":"Aroa","isActive":true,"lastUpdated":"2022-06-02T01:32:41Z","sectors":null},{"id":390021213,"nameArabic":"????????","nameEnglish":"Kastamonu ","isActive":true,"lastUpdated":"2022-06-02T00:25:12Z","sectors":null},{"id":390021201,"nameArabic":"??????","nameEnglish":"Cooinda","isActive":true,"lastUpdated":"2022-06-02T01:21:41Z","sectors":null},{"id":390021206,"nameArabic":"??????","nameEnglish":"Dysart","isActive":true,"lastUpdated":"2022-06-02T01:27:08Z","sectors":null},{"id":390021200,"nameArabic":"??????","nameEnglish":"Bayreuth","isActive":true,"lastUpdated":"2022-06-02T01:27:09Z","sectors":null},{"id":1207,"nameArabic":"?????","nameEnglish":"Tamale","isActive":true,"lastUpdated":"2022-06-02T00:25:34Z","sectors":null},{"id":390021202,"nameArabic":"???????","nameEnglish":"Shymkent","isActive":true,"lastUpdated":null,"sectors":null},{"id":1167,"nameArabic":"??????","nameEnglish":"Tbilisi","isActive":true,"lastUpdated":"2022-06-02T01:14:15Z","sectors":null},{"id":390021154,"nameArabic":"???? ??? ????","nameEnglish":"PORT�OF�SPAIN","isActive":true,"lastUpdated":"2022-06-02T01:12:11Z","sectors":null},{"id":390001086,"nameArabic":"????????","nameEnglish":"Gaborone","isActive":true,"lastUpdated":"2022-06-02T00:55:31Z","sectors":null},{"id":390021192,"nameArabic":"???????","nameEnglish":"Guwahati ","isActive":true,"lastUpdated":"2022-06-02T00:37:01Z","sectors":null},{"id":390021221,"nameArabic":"???????","nameEnglish":"Shanghai Pudong","isActive":true,"lastUpdated":"2022-06-02T00:31:26Z","sectors":null},{"id":1206,"nameArabic":"??????","nameEnglish":"Lanzhou","isActive":true,"lastUpdated":"2022-06-02T00:49:32Z","sectors":null},{"id":390021225,"nameArabic":"?????? ?????","nameEnglish":"Xining Caojiabu","isActive":true,"lastUpdated":"2022-06-02T00:55:32Z","sectors":null},{"id":390021224,"nameArabic":"???????","nameEnglish":"Vryburg","isActive":true,"lastUpdated":"2022-06-02T01:06:48Z","sectors":null},{"id":390021218,"nameArabic":"?????","nameEnglish":"Sinop","isActive":true,"lastUpdated":"2022-06-02T01:11:35Z","sectors":null},{"id":390021191,"nameArabic":"?????","nameEnglish":"Kolkata","isActive":true,"lastUpdated":"2022-06-02T01:37:46Z","sectors":null},{"id":615,"nameArabic":"?????","nameEnglish":"Shaqra","isActive":true,"lastUpdated":"2022-06-02T01:27:32Z","sectors":null},{"id":390021183,"nameArabic":"?????? ???","nameEnglish":"BIRNIN KEBBI","isActive":true,"lastUpdated":"2022-06-02T00:37:02Z","sectors":null},{"id":1187,"nameArabic":"??????","nameEnglish":"entebbe","isActive":true,"lastUpdated":"2022-06-02T00:37:03Z","sectors":null},{"id":390021222,"nameArabic":"??????","nameEnglish":"Marina","isActive":true,"lastUpdated":"2022-06-02T01:06:26Z","sectors":null},{"id":390021219,"nameArabic":"??????","nameEnglish":"Obano","isActive":true,"lastUpdated":"2022-06-02T00:55:33Z","sectors":null},{"id":390021220,"nameArabic":"???????? ????","nameEnglish":"Osvaldo Vieira","isActive":true,"lastUpdated":"2022-06-02T01:32:56Z","sectors":null},{"id":390021204,"nameArabic":"??????","nameEnglish":"Dayton�","isActive":true,"lastUpdated":"2022-06-02T00:37:04Z","sectors":null},{"id":390021214,"nameArabic":"?????","nameEnglish":"Kassala","isActive":true,"lastUpdated":"2022-06-02T00:55:33Z","sectors":null},{"id":390021144,"nameArabic":"?? ?????","nameEnglish":"Ann Arbor","isActive":true,"lastUpdated":"2022-06-02T01:33:13Z","sectors":null},{"id":1269,"nameArabic":"?????","nameEnglish":"ZANJAN","isActive":true,"lastUpdated":"2022-06-02T00:49:32Z","sectors":null},{"id":390021153,"nameArabic":"????","nameEnglish":"Arao","isActive":true,"lastUpdated":"2022-06-02T00:49:59Z","sectors":null},{"id":1267,"nameArabic":"????????????????","nameEnglish":"Thiruvananthapuram","isActive":true,"lastUpdated":"2022-06-02T01:11:39Z","sectors":null},{"id":390021188,"nameArabic":"?????????","nameEnglish":"MAIDUGURI","isActive":true,"lastUpdated":"2022-06-02T01:14:21Z","sectors":null},{"id":1367,"nameArabic":"?????","nameEnglish":"Kulob","isActive":true,"lastUpdated":"2022-06-02T00:49:59Z","sectors":null},{"id":390021210,"nameArabic":"????????","nameEnglish":"Agartala�","isActive":true,"lastUpdated":"2022-06-02T01:11:36Z","sectors":null},{"id":1366,"nameArabic":"???? ??????","nameEnglish":"Blaise Diagne","isActive":true,"lastUpdated":"2022-06-02T01:33:18Z","sectors":null},{"id":99,"nameArabic":"?????????","nameEnglish":"Bujumbura","isActive":true,"lastUpdated":"2022-06-02T01:06:26Z","sectors":null},{"id":1266,"nameArabic":"?????","nameEnglish":"Socotra","isActive":true,"lastUpdated":"2022-06-02T01:06:26Z","sectors":null},{"id":390021196,"nameArabic":"??????","nameEnglish":"Lombok","isActive":true,"lastUpdated":"2022-06-02T01:16:35Z","sectors":null},{"id":643,"nameArabic":"?????","nameEnglish":"Unaizah","isActive":true,"lastUpdated":"2022-06-02T01:34:34Z","sectors":null},{"id":390021199,"nameArabic":"??????�","nameEnglish":"Batumi","isActive":true,"lastUpdated":"2022-06-02T01:16:36Z","sectors":null},{"id":390021181,"nameArabic":"??????","nameEnglish":"XINING","isActive":true,"lastUpdated":"2022-06-02T01:16:54Z","sectors":null},{"id":646,"nameArabic":"????","nameEnglish":"Yanbu","isActive":true,"lastUpdated":"2022-06-02T01:37:04Z","sectors":null},{"id":940,"nameArabic":"??????","nameEnglish":"ATBARA","isActive":true,"lastUpdated":"2022-06-02T00:13:40Z","sectors":null},{"id":670,"nameArabic":"??????","nameEnglish":"Biljurshi","isActive":true,"lastUpdated":"2022-06-02T00:13:41Z","sectors":null},{"id":601,"nameArabic":"??????","nameEnglish":"Riyadh","isActive":true,"lastUpdated":"2022-06-02T01:21:33Z","sectors":null},{"id":657,"nameArabic":"??????","nameEnglish":"Nimas","isActive":true,"lastUpdated":"2022-06-02T00:13:42Z","sectors":null},{"id":603,"nameArabic":"??? ???????","nameEnglish":"Makkah","isActive":true,"lastUpdated":"2022-06-02T01:21:50Z","sectors":null},{"id":722,"nameArabic":"??????","nameEnglish":"Rayyan","isActive":true,"lastUpdated":"2022-06-02T00:13:44Z","sectors":null},{"id":672,"nameArabic":"???????","nameEnglish":"Al-Hasa","isActive":true,"lastUpdated":"2022-06-02T01:37:09Z","sectors":null},{"id":647,"nameArabic":"??? ?????","nameEnglish":"Mahd al dhab","isActive":true,"lastUpdated":"2022-06-02T01:21:50Z","sectors":null},{"id":610,"nameArabic":"?????","nameEnglish":"Buraydah","isActive":true,"lastUpdated":"2022-06-02T01:37:09Z","sectors":null},{"id":639,"nameArabic":"???? ??????","nameEnglish":"Jandal","isActive":true,"lastUpdated":"2022-06-02T01:11:55Z","sectors":null},{"id":609,"nameArabic":"??????","nameEnglish":"Al Hafuf","isActive":true,"lastUpdated":"2022-06-02T00:43:12Z","sectors":null},{"id":680,"nameArabic":"??????","nameEnglish":"AL-mthenb","isActive":true,"lastUpdated":"2022-06-02T00:55:48Z","sectors":null},{"id":679,"nameArabic":"?????","nameEnglish":"Sharorah","isActive":true,"lastUpdated":"2022-06-02T00:14:17Z","sectors":null},{"id":669,"nameArabic":"??????","nameEnglish":"Belgarn","isActive":true,"lastUpdated":"2022-06-02T01:16:28Z","sectors":null},{"id":671,"nameArabic":"????","nameEnglish":"Sudair","isActive":true,"lastUpdated":"2022-06-02T01:06:51Z","sectors":null},{"id":613,"nameArabic":"????","nameEnglish":"Abha","isActive":true,"lastUpdated":"2022-06-02T01:32:05Z","sectors":null},{"id":649,"nameArabic":"????","nameEnglish":"Khaybar","isActive":true,"lastUpdated":"2022-06-02T01:12:07Z","sectors":null},{"id":617,"nameArabic":"????????","nameEnglish":"AL-qwia","isActive":true,"lastUpdated":"2022-06-02T01:00:42Z","sectors":null},{"id":612,"nameArabic":"????","nameEnglish":"ArAr","isActive":true,"lastUpdated":"2022-06-02T00:31:02Z","sectors":null},{"id":642,"nameArabic":"???","nameEnglish":"Haql","isActive":true,"lastUpdated":"2022-06-02T01:22:04Z","sectors":null},{"id":604,"nameArabic":"??????","nameEnglish":"Taif","isActive":true,"lastUpdated":"2022-06-02T01:27:04Z","sectors":null},{"id":627,"nameArabic":"??????","nameEnglish":"Qatif","isActive":true,"lastUpdated":"2022-06-02T01:32:08Z","sectors":null},{"id":5072,"nameArabic":"??????","nameEnglish":"alqasem","isActive":true,"lastUpdated":"2022-06-02T00:37:01Z","sectors":null},{"id":634,"nameArabic":"?????","nameEnglish":"Tayma","isActive":true,"lastUpdated":"2022-06-02T00:31:05Z","sectors":null},{"id":623,"nameArabic":"???? ??? ????","nameEnglish":"Hawtat Bani Tamim","isActive":true,"lastUpdated":"2022-06-02T00:37:41Z","sectors":null},{"id":645,"nameArabic":"????????","nameEnglish":"Bukayriyah","isActive":true,"lastUpdated":"2022-06-02T01:06:58Z","sectors":null},{"id":677,"nameArabic":"?????","nameEnglish":"Ttlet","isActive":true,"lastUpdated":"2022-06-02T01:32:32Z","sectors":null},{"id":636,"nameArabic":"?????","nameEnglish":"AL-wjh","isActive":true,"lastUpdated":"2022-06-02T01:06:19Z","sectors":null},{"id":655,"nameArabic":"???? ????","nameEnglish":"Khamis Mushait","isActive":true,"lastUpdated":"2022-06-02T00:49:36Z","sectors":null},{"id":1208,"nameArabic":"??????","nameEnglish":"BAUCHI","isActive":true,"lastUpdated":"2022-06-02T00:37:03Z","sectors":null},{"id":665,"nameArabic":"?????","nameEnglish":"Samitah","isActive":true,"lastUpdated":"2022-06-02T00:43:00Z","sectors":null},{"id":637,"nameArabic":"????","nameEnglish":"Umluj","isActive":true,"lastUpdated":"2022-06-02T01:16:28Z","sectors":null},{"id":630,"nameArabic":"??? ??????","nameEnglish":"Hafar Al Baten","isActive":true,"lastUpdated":"2022-06-02T00:55:28Z","sectors":null},{"id":653,"nameArabic":"??????","nameEnglish":"Kurmah","isActive":true,"lastUpdated":"2022-06-02T00:55:49Z","sectors":null},{"id":682,"nameArabic":"?????","nameEnglish":"Ghat","isActive":true,"lastUpdated":"2022-06-02T01:06:28Z","sectors":null},{"id":629,"nameArabic":"????","nameEnglish":"Qariah","isActive":true,"lastUpdated":"2022-06-02T01:07:00Z","sectors":null},{"id":664,"nameArabic":"?????","nameEnglish":"Najran","isActive":true,"lastUpdated":"2022-06-02T01:32:33Z","sectors":null},{"id":652,"nameArabic":"???????","nameEnglish":"Qunfudah","isActive":true,"lastUpdated":"2022-06-02T00:49:53Z","sectors":null},{"id":681,"nameArabic":"?????","nameEnglish":"Baqaa","isActive":true,"lastUpdated":"2022-06-02T00:37:22Z","sectors":null},{"id":641,"nameArabic":"???????","nameEnglish":"Qurayyat","isActive":true,"lastUpdated":"2022-06-02T00:37:22Z","sectors":null},{"id":635,"nameArabic":"????","nameEnglish":"Duba","isActive":true,"lastUpdated":"2022-06-02T01:32:36Z","sectors":null},{"id":644,"nameArabic":"????","nameEnglish":"Al Rass","isActive":true,"lastUpdated":"2022-06-02T00:43:15Z","sectors":null},{"id":616,"nameArabic":"????????","nameEnglish":"Dawadmi","isActive":true,"lastUpdated":"2022-06-02T00:49:54Z","sectors":null},{"id":607,"nameArabic":"??????","nameEnglish":"Dammam","isActive":true,"lastUpdated":"2022-06-02T01:00:42Z","sectors":null},{"id":650,"nameArabic":"????","nameEnglish":"Rabigh","isActive":true,"lastUpdated":"2022-06-02T01:01:10Z","sectors":null},{"id":654,"nameArabic":"?????","nameEnglish":"AL-berk","isActive":true,"lastUpdated":"2022-06-02T00:50:16Z","sectors":null},{"id":651,"nameArabic":"?????","nameEnglish":"Laith","isActive":true,"lastUpdated":"2022-06-02T01:32:56Z","sectors":null},{"id":663,"nameArabic":"??????","nameEnglish":"Almendq","isActive":true,"lastUpdated":"2022-06-02T00:25:00Z","sectors":null},{"id":1246,"nameArabic":"???????","nameEnglish":"3","isActive":true,"lastUpdated":"2022-06-02T00:31:10Z","sectors":null},{"id":675,"nameArabic":"??????","nameEnglish":"As Sulayyil","isActive":true,"lastUpdated":"2022-06-02T01:16:29Z","sectors":null},{"id":648,"nameArabic":"?????","nameEnglish":"Al Ula","isActive":true,"lastUpdated":"2022-06-02T00:25:01Z","sectors":null},{"id":611,"nameArabic":"????","nameEnglish":"Hail","isActive":true,"lastUpdated":"2022-06-02T01:16:54Z","sectors":null},{"id":1056,"nameArabic":"???????","nameEnglish":"SALZBURG","isActive":true,"lastUpdated":"2022-06-02T01:26:44Z","sectors":null},{"id":748,"nameArabic":"????","nameEnglish":"Kefda","isActive":true,"lastUpdated":"2022-06-02T01:21:58Z","sectors":null},{"id":714,"nameArabic":"??????","nameEnglish":"Kampala","isActive":true,"lastUpdated":"2022-06-02T01:24:49Z","sectors":null},{"id":776,"nameArabic":"??????","nameEnglish":"Isfahan","isActive":true,"lastUpdated":"2022-06-02T01:26:54Z","sectors":null},{"id":605,"nameArabic":"??????? ???????","nameEnglish":"Madina","isActive":true,"lastUpdated":"2022-06-02T01:27:07Z","sectors":null},{"id":3339,"nameArabic":"???????","nameEnglish":"Shymkent","isActive":true,"lastUpdated":"2022-06-02T00:13:49Z","sectors":null},{"id":1019,"nameArabic":"??????","nameEnglish":"KANDLA","isActive":true,"lastUpdated":"2022-06-02T01:22:03Z","sectors":null},{"id":390000000,"nameArabic":"????","nameEnglish":"ANOTHER","isActive":true,"lastUpdated":null,"sectors":null},{"id":103,"nameArabic":"??? ??????(????)","nameEnglish":"MALI","isActive":true,"lastUpdated":"2022-06-02T00:24:57Z","sectors":null},{"id":618,"nameArabic":"????","nameEnglish":"Afif","isActive":true,"lastUpdated":"2022-06-02T01:22:04Z","sectors":null},{"id":704,"nameArabic":"????","nameEnglish":"Baku","isActive":true,"lastUpdated":"2022-06-02T00:37:43Z","sectors":null},{"id":656,"nameArabic":"????? ??????","nameEnglish":"Dhahran South","isActive":true,"lastUpdated":"2022-06-02T01:22:04Z","sectors":null},{"id":628,"nameArabic":"??????","nameEnglish":"Jubail","isActive":true,"lastUpdated":"2022-06-02T00:24:59Z","sectors":null},{"id":676,"nameArabic":"??????? ????????","nameEnglish":"Alardiah Aljanoubiah","isActive":true,"lastUpdated":"2022-06-02T00:43:14Z","sectors":null},{"id":760,"nameArabic":"???","nameEnglish":"Fes","isActive":true,"lastUpdated":"2022-06-02T00:37:19Z","sectors":null},{"id":631,"nameArabic":"??????","nameEnglish":"Al Khafji","isActive":true,"lastUpdated":"2022-06-02T01:37:15Z","sectors":null},{"id":660,"nameArabic":"????? ????","nameEnglish":"Maha?l Asir","isActive":true,"lastUpdated":"2022-06-02T01:37:07Z","sectors":null},{"id":390021124,"nameArabic":"????????","nameEnglish":"BRADFORD","isActive":true,"lastUpdated":"2022-06-02T01:06:22Z","sectors":null},{"id":807,"nameArabic":"?????","nameEnglish":"PHUKET","isActive":true,"lastUpdated":"2022-06-02T00:43:21Z","sectors":null},{"id":31,"nameArabic":"??????","nameEnglish":"Karachi","isActive":true,"lastUpdated":"2022-06-02T01:01:05Z","sectors":null},{"id":662,"nameArabic":"????","nameEnglish":"Gulwh","isActive":true,"lastUpdated":"2022-06-02T01:14:19Z","sectors":null},{"id":619,"nameArabic":"???????","nameEnglish":"Al Majmaah","isActive":true,"lastUpdated":"2022-06-02T00:16:27Z","sectors":null},{"id":999,"nameArabic":"????? ????????","nameEnglish":"KUALA TRENGGANU","isActive":true,"lastUpdated":"2022-06-02T00:25:19Z","sectors":null},{"id":733,"nameArabic":"????","nameEnglish":"Gafsa","isActive":true,"lastUpdated":"2022-06-02T01:27:12Z","sectors":null},{"id":390021092,"nameArabic":"????","nameEnglish":"SLOUGH","isActive":true,"lastUpdated":"2022-06-02T00:55:53Z","sectors":null},{"id":61,"nameArabic":"????????","nameEnglish":"Copenhagen","isActive":true,"lastUpdated":"2022-06-02T00:55:27Z","sectors":null},{"id":12,"nameArabic":"??????","nameEnglish":"Karakas","isActive":true,"lastUpdated":"2022-06-02T01:16:49Z","sectors":null},{"id":622,"nameArabic":"????","nameEnglish":"Tadiq","isActive":true,"lastUpdated":"2022-06-02T01:01:21Z","sectors":null},{"id":1059,"nameArabic":"??? ????","nameEnglish":"IN GUEZZAM","isActive":true,"lastUpdated":"2022-06-02T01:27:12Z","sectors":null},{"id":1368,"nameArabic":"????????","nameEnglish":"WELLINGTON","isActive":true,"lastUpdated":"2022-06-02T00:49:33Z","sectors":null},{"id":640,"nameArabic":"?????","nameEnglish":"Tabarjal","isActive":true,"lastUpdated":"2022-06-02T00:25:23Z","sectors":null},{"id":668,"nameArabic":"?????","nameEnglish":"Farsan","isActive":true,"lastUpdated":"2022-06-02T00:56:13Z","sectors":null},{"id":620,"nameArabic":"??????","nameEnglish":"Al Zilfi","isActive":true,"lastUpdated":"2022-06-02T01:27:03Z","sectors":null},{"id":811,"nameArabic":"???????????","nameEnglish":"Kotaknabalo","isActive":true,"lastUpdated":"2022-06-02T01:27:19Z","sectors":null},{"id":1002,"nameArabic":"?????????","nameEnglish":"GUANGZHOU","isActive":true,"lastUpdated":"2022-06-02T00:25:34Z","sectors":null},{"id":1031,"nameArabic":"??????","nameEnglish":"Basra","isActive":true,"lastUpdated":"2022-06-02T01:06:18Z","sectors":null},{"id":819,"nameArabic":"??????","nameEnglish":"Srinagar","isActive":true,"lastUpdated":"2022-06-02T01:27:15Z","sectors":null},{"id":43,"nameArabic":"???????","nameEnglish":"Conakry","isActive":true,"lastUpdated":"2022-06-02T01:29:52Z","sectors":null},{"id":951,"nameArabic":"??????","nameEnglish":"yangon","isActive":true,"lastUpdated":"2022-06-02T01:32:33Z","sectors":null},{"id":1074,"nameArabic":"????? ?????","nameEnglish":"Kuala Namu International Airport","isActive":true,"lastUpdated":"2022-06-02T01:31:13Z","sectors":null},{"id":658,"nameArabic":"???? ????","nameEnglish":"Rejal Elmaa","isActive":true,"lastUpdated":"2022-06-02T00:37:30Z","sectors":null},{"id":730,"nameArabic":"?????","nameEnglish":"Salalah","isActive":true,"lastUpdated":"2022-06-02T01:29:55Z","sectors":null},{"id":673,"nameArabic":"??? ???????","nameEnglish":"Sabt Al Alayah","isActive":true,"lastUpdated":"2022-06-02T00:43:05Z","sectors":null},{"id":621,"nameArabic":"???????","nameEnglish":"Huraymala","isActive":true,"lastUpdated":"2022-06-02T00:43:06Z","sectors":null},{"id":732,"nameArabic":"????","nameEnglish":"Jdba","isActive":true,"lastUpdated":"2022-06-02T00:49:38Z","sectors":null},{"id":20,"nameArabic":"??????","nameEnglish":"Canberra","isActive":true,"lastUpdated":"2022-06-02T00:50:07Z","sectors":null},{"id":801,"nameArabic":"?????","nameEnglish":"KONYA","isActive":true,"lastUpdated":"2022-06-02T00:50:21Z","sectors":null},{"id":866,"nameArabic":"??????","nameEnglish":"bronay","isActive":true,"lastUpdated":"2022-06-02T01:33:13Z","sectors":null},{"id":626,"nameArabic":"???? ???????","nameEnglish":"Wadi ad-Dawasir","isActive":true,"lastUpdated":"2022-06-02T01:06:16Z","sectors":null},{"id":66,"nameArabic":"?????","nameEnglish":"Tahran","isActive":true,"lastUpdated":"2022-06-02T01:11:48Z","sectors":null},{"id":838,"nameArabic":"?????","nameEnglish":"KADUNA","isActive":true,"lastUpdated":"2022-06-02T01:11:48Z","sectors":null},{"id":877,"nameArabic":"???????","nameEnglish":"Auckland","isActive":true,"lastUpdated":"2022-06-02T01:11:50Z","sectors":null},{"id":1012,"nameArabic":"??????","nameEnglish":"TERMIZ","isActive":true,"lastUpdated":"2022-06-02T01:12:35Z","sectors":null},{"id":805,"nameArabic":"???","nameEnglish":"VAN","isActive":true,"lastUpdated":"2022-06-02T01:16:49Z","sectors":null},{"id":35,"nameArabic":"??????","nameEnglish":"SUEZ","isActive":true,"lastUpdated":"2022-06-02T00:13:43Z","sectors":null},{"id":390021126,"nameArabic":"??????","nameEnglish":"LANCASTER","isActive":true,"lastUpdated":"2022-06-02T00:13:46Z","sectors":null},{"id":703,"nameArabic":"??? ?????","nameEnglish":"Nur-Sultan","isActive":true,"lastUpdated":"2022-06-02T00:20:00Z","sectors":null},{"id":666,"nameArabic":"????","nameEnglish":"Sabya","isActive":true,"lastUpdated":"2022-06-02T00:20:39Z","sectors":null},{"id":390021207,"nameArabic":"??????","nameEnglish":"Al-Ubayyid","isActive":true,"lastUpdated":"2022-06-02T00:20:41Z","sectors":null},{"id":85,"nameArabic":"????","nameEnglish":"Damascus","isActive":true,"lastUpdated":"2022-06-02T00:31:04Z","sectors":null},{"id":978,"nameArabic":"?????","nameEnglish":"MULTAN","isActive":true,"lastUpdated":"2022-06-02T00:31:17Z","sectors":null},{"id":852,"nameArabic":"???????","nameEnglish":"Hamburg","isActive":true,"lastUpdated":"2022-06-02T00:49:39Z","sectors":null},{"id":723,"nameArabic":"???","nameEnglish":"Taiz","isActive":true,"lastUpdated":"2022-06-02T01:27:08Z","sectors":null},{"id":1098,"nameArabic":"?????? ??????","nameEnglish":"Edremit/Korfez","isActive":true,"lastUpdated":"2022-06-02T00:55:54Z","sectors":null},{"id":390021123,"nameArabic":"???? ???","nameEnglish":"BLACKPOOL","isActive":true,"lastUpdated":"2022-06-02T00:56:00Z","sectors":null},{"id":750,"nameArabic":"??????","nameEnglish":"Baida","isActive":true,"lastUpdated":"2022-06-02T01:12:08Z","sectors":null},{"id":757,"nameArabic":"??????","nameEnglish":"Aghadeer","isActive":true,"lastUpdated":"2022-06-02T01:14:14Z","sectors":null},{"id":787,"nameArabic":"??????","nameEnglish":"ARDEBIL","isActive":true,"lastUpdated":"2022-06-02T01:32:04Z","sectors":null},{"id":1087,"nameArabic":"????????","nameEnglish":"Namangan","isActive":true,"lastUpdated":"2022-06-02T01:32:09Z","sectors":null},{"id":971,"nameArabic":"??????","nameEnglish":"SKOPJE","isActive":true,"lastUpdated":"2022-06-02T01:32:37Z","sectors":null},{"id":720,"nameArabic":"?????","nameEnglish":"Seiyun","isActive":true,"lastUpdated":"2022-06-02T01:27:14Z","sectors":null},{"id":856,"nameArabic":"?????","nameEnglish":"Zurich","isActive":true,"lastUpdated":"2022-06-02T00:14:05Z","sectors":null},{"id":92,"nameArabic":"??????","nameEnglish":"Mogadishu","isActive":true,"lastUpdated":"2022-06-02T00:19:55Z","sectors":null},{"id":721,"nameArabic":"???????","nameEnglish":"Hodeidah","isActive":true,"lastUpdated":"2022-06-02T00:20:08Z","sectors":null},{"id":678,"nameArabic":"???? ?????","nameEnglish":"Sarat Obeida","isActive":true,"lastUpdated":"2022-06-02T00:25:27Z","sectors":null},{"id":3334,"nameArabic":"????????","nameEnglish":"Monrovia","isActive":true,"lastUpdated":"2022-06-02T00:25:38Z","sectors":null},{"id":606,"nameArabic":"????","nameEnglish":"Tabuk","isActive":true,"lastUpdated":"2022-06-02T00:31:14Z","sectors":null},{"id":14,"nameArabic":"????","nameEnglish":"Geneva","isActive":true,"lastUpdated":"2022-06-02T00:37:31Z","sectors":null},{"id":390021205,"nameArabic":"????????","nameEnglish":"Unalaska","isActive":true,"lastUpdated":"2022-06-02T00:47:03Z","sectors":null},{"id":936,"nameArabic":"????????","nameEnglish":"BORG ELARAB","isActive":true,"lastUpdated":"2022-06-02T00:49:50Z","sectors":null},{"id":390021160,"nameArabic":"????","nameEnglish":"LIEGE","isActive":true,"lastUpdated":"2022-06-02T00:49:55Z","sectors":null},{"id":990,"nameArabic":"??????","nameEnglish":"BIRJAND","isActive":true,"lastUpdated":"2022-06-02T01:00:36Z","sectors":null},{"id":947,"nameArabic":"??????? ","nameEnglish":"MULHOUSE","isActive":true,"lastUpdated":"2022-06-02T01:01:13Z","sectors":null},{"id":390021142,"nameArabic":"???????","nameEnglish":"Michigan","isActive":true,"lastUpdated":"2022-06-02T01:06:23Z","sectors":null},{"id":955,"nameArabic":"?????? ","nameEnglish":"PARIS","isActive":true,"lastUpdated":"2022-06-02T01:29:52Z","sectors":null},{"id":624,"nameArabic":"?????","nameEnglish":"Al kharj","isActive":true,"lastUpdated":"2022-06-02T01:16:38Z","sectors":null},{"id":390021125,"nameArabic":"??????","nameEnglish":"BOLTON","isActive":true,"lastUpdated":"2022-06-02T01:35:03Z","sectors":null},{"id":82,"nameArabic":"?????  ????","nameEnglish":"BuenosAires","isActive":true,"lastUpdated":"2022-06-02T00:14:08Z","sectors":null},{"id":1025,"nameArabic":"????????","nameEnglish":"CHITTAGONG","isActive":true,"lastUpdated":"2022-06-02T00:14:16Z","sectors":null},{"id":88,"nameArabic":"?????","nameEnglish":"LAGOS","isActive":true,"lastUpdated":"2022-06-02T00:19:58Z","sectors":null},{"id":740,"nameArabic":"????????","nameEnglish":"Konstanz","isActive":true,"lastUpdated":"2022-06-02T00:19:59Z","sectors":null},{"id":1064,"nameArabic":"???????","nameEnglish":"PREVEZA","isActive":true,"lastUpdated":"2022-06-02T00:20:06Z","sectors":null},{"id":1128,"nameArabic":"?????","nameEnglish":"Vantaa ","isActive":true,"lastUpdated":"2022-06-02T00:20:09Z","sectors":null},{"id":659,"nameArabic":"????","nameEnglish":"Bishah","isActive":true,"lastUpdated":"2022-06-02T00:31:15Z","sectors":null},{"id":71,"nameArabic":"?????","nameEnglish":"Moscow","isActive":true,"lastUpdated":"2022-06-02T01:18:56Z","sectors":null},{"id":706,"nameArabic":"????????","nameEnglish":"Pretoria","isActive":true,"lastUpdated":"2022-06-02T00:50:31Z","sectors":null},{"id":142,"nameArabic":"????","nameEnglish":"OSLO","isActive":true,"lastUpdated":"2022-06-02T01:00:55Z","sectors":null},{"id":661,"nameArabic":"??????","nameEnglish":"Baha","isActive":true,"lastUpdated":"2022-06-02T01:00:56Z","sectors":null},{"id":1046,"nameArabic":"??????? ??????","nameEnglish":"TORONTO-PEARSON","isActive":true,"lastUpdated":"2022-06-02T01:01:11Z","sectors":null},{"id":835,"nameArabic":"????","nameEnglish":"MALE","isActive":true,"lastUpdated":"2022-06-02T01:01:14Z","sectors":null},{"id":390021087,"nameArabic":"????????????","nameEnglish":"Antananarivo","isActive":true,"lastUpdated":"2022-06-02T01:01:20Z","sectors":null},{"id":632,"nameArabic":"????","nameEnglish":"Turayf","isActive":true,"lastUpdated":"2022-06-02T01:06:13Z","sectors":null},{"id":832,"nameArabic":"???? ??????","nameEnglish":"Bobo Delaso","isActive":true,"lastUpdated":"2022-06-02T01:11:50Z","sectors":null},{"id":625,"nameArabic":"???????","nameEnglish":"AL-aflaj","isActive":true,"lastUpdated":"2022-06-02T01:21:50Z","sectors":null},{"id":390021118,"nameArabic":"????? ","nameEnglish":"BONDY","isActive":true,"lastUpdated":"2022-06-02T01:32:11Z","sectors":null},{"id":710,"nameArabic":"??? ??????","nameEnglish":"Darussalam","isActive":true,"lastUpdated":"2022-06-02T01:37:04Z","sectors":null},{"id":19,"nameArabic":"??????","nameEnglish":"Mexico","isActive":true,"lastUpdated":"2022-06-02T00:19:55Z","sectors":null},{"id":390021172,"nameArabic":"???????","nameEnglish":"MAASTRICHT","isActive":true,"lastUpdated":"2022-06-02T00:20:40Z","sectors":null},{"id":95,"nameArabic":"???  ??????","nameEnglish":"Los Angelis","isActive":true,"lastUpdated":"2022-06-02T00:31:19Z","sectors":null},{"id":775,"nameArabic":"????","nameEnglish":"Bashir","isActive":true,"lastUpdated":"2022-06-02T01:29:20Z","sectors":null},{"id":1022,"nameArabic":"??????","nameEnglish":"GAUHATI","isActive":true,"lastUpdated":"2022-06-02T01:34:34Z","sectors":null},{"id":716,"nameArabic":"??????","nameEnglish":"Lisbon","isActive":true,"lastUpdated":"2022-06-02T00:37:36Z","sectors":null},{"id":390021097,"nameArabic":"???? ????????","nameEnglish":"BRITISH COLUMBIA","isActive":true,"lastUpdated":"2022-06-02T00:38:00Z","sectors":null},{"id":964,"nameArabic":"???????","nameEnglish":"MERZIFON","isActive":true,"lastUpdated":"2022-06-02T00:55:42Z","sectors":null},{"id":804,"nameArabic":"???????","nameEnglish":"Trabzon","isActive":true,"lastUpdated":"2022-06-02T01:06:14Z","sectors":null},{"id":823,"nameArabic":"??????","nameEnglish":"Larnaca","isActive":true,"lastUpdated":"2022-06-02T01:07:01Z","sectors":null},{"id":871,"nameArabic":"????????","nameEnglish":"Bdowazfel","isActive":true,"lastUpdated":"2022-06-02T01:11:51Z","sectors":null},{"id":761,"nameArabic":"????","nameEnglish":"Oujda","isActive":true,"lastUpdated":"2022-06-02T01:11:57Z","sectors":null},{"id":119,"nameArabic":"??? ?????","nameEnglish":"Comoros Islands","isActive":true,"lastUpdated":"2022-06-02T01:37:04Z","sectors":null},{"id":390021145,"nameArabic":"???????","nameEnglish":"New�Jersey","isActive":true,"lastUpdated":"2022-06-02T00:13:47Z","sectors":null},{"id":979,"nameArabic":"???? ??? ???","nameEnglish":"RAHIMYARKHAN","isActive":true,"lastUpdated":"2022-06-02T00:14:06Z","sectors":null},{"id":1005,"nameArabic":"???????","nameEnglish":"KUNMING","isActive":true,"lastUpdated":"2022-06-02T01:18:56Z","sectors":null},{"id":741,"nameArabic":"??????","nameEnglish":"Gharda�a","isActive":true,"lastUpdated":"2022-06-02T00:20:24Z","sectors":null},{"id":773,"nameArabic":"???","nameEnglish":"Yazd","isActive":true,"lastUpdated":"2022-06-02T00:49:39Z","sectors":null},{"id":602,"nameArabic":"???","nameEnglish":"Jeddah","isActive":true,"lastUpdated":"2022-06-02T01:22:05Z","sectors":null},{"id":709,"nameArabic":"??????","nameEnglish":"Tirana","isActive":true,"lastUpdated":"2022-06-02T01:26:50Z","sectors":null},{"id":390021146,"nameArabic":"??????","nameEnglish":"Illinois�","isActive":true,"lastUpdated":"2022-06-02T00:55:55Z","sectors":null},{"id":858,"nameArabic":"????","nameEnglish":"LYON","isActive":true,"lastUpdated":"2022-06-02T01:06:18Z","sectors":null},{"id":719,"nameArabic":"???????","nameEnglish":"Budapest","isActive":true,"lastUpdated":"2022-06-02T01:32:06Z","sectors":null},{"id":766,"nameArabic":"?????","nameEnglish":"NADOR","isActive":true,"lastUpdated":"2022-06-02T01:12:05Z","sectors":null},{"id":106,"nameArabic":"????????","nameEnglish":"Mauritius","isActive":true,"lastUpdated":"2022-06-02T01:12:11Z","sectors":null},{"id":731,"nameArabic":"???","nameEnglish":"Gaza","isActive":true,"lastUpdated":"2022-06-02T01:16:50Z","sectors":null},{"id":390021169,"nameArabic":"?????","nameEnglish":"HAUSEN","isActive":true,"lastUpdated":"2022-06-02T01:21:34Z","sectors":null},{"id":1063,"nameArabic":" ??????? ???????","nameEnglish":"PALMA DE MALLORCA","isActive":true,"lastUpdated":"2022-06-02T01:21:50Z","sectors":null},{"id":707,"nameArabic":"???? ??? ?????","nameEnglish":"Bandar Ser Begawan ","isActive":true,"lastUpdated":"2022-06-02T01:21:52Z","sectors":null},{"id":25,"nameArabic":"??????","nameEnglish":"Washington","isActive":true,"lastUpdated":"2022-06-02T01:22:06Z","sectors":null},{"id":390021112,"nameArabic":"????????","nameEnglish":"BLANTYRE","isActive":true,"lastUpdated":"2022-06-02T01:22:15Z","sectors":null},{"id":783,"nameArabic":"???","nameEnglish":"RASHT","isActive":true,"lastUpdated":"2022-06-02T01:26:50Z","sectors":null},{"id":3335,"nameArabic":"???????","nameEnglish":"Kinshasa","isActive":true,"lastUpdated":"2022-06-02T00:13:47Z","sectors":null},{"id":633,"nameArabic":"?????","nameEnglish":"Rafha","isActive":true,"lastUpdated":"2022-06-02T00:14:06Z","sectors":null},{"id":1045,"nameArabic":"???????? ????","nameEnglish":"LONDON Stansted","isActive":true,"lastUpdated":"2022-06-02T00:14:17Z","sectors":null},{"id":638,"nameArabic":"?????","nameEnglish":"Al Jowf","isActive":true,"lastUpdated":"2022-06-02T01:32:03Z","sectors":null},{"id":786,"nameArabic":"??????","nameEnglish":"ABADAN","isActive":true,"lastUpdated":"2022-06-02T01:38:08Z","sectors":null},{"id":1028,"nameArabic":" ??????","nameEnglish":"JAIPUR","isActive":true,"lastUpdated":"2022-06-02T01:26:56Z","sectors":null},{"id":390021114,"nameArabic":"?????","nameEnglish":"MULHOUSE","isActive":true,"lastUpdated":"2022-06-02T00:25:06Z","sectors":null},{"id":390021161,"nameArabic":"??????? ","nameEnglish":"VENESIA","isActive":true,"lastUpdated":"2022-06-02T01:27:33Z","sectors":null},{"id":39,"nameArabic":"??????","nameEnglish":"Jakarta","isActive":true,"lastUpdated":"2022-06-02T01:37:49Z","sectors":null},{"id":981,"nameArabic":"?????","nameEnglish":"ERBIL","isActive":true,"lastUpdated":"2022-06-02T01:00:56Z","sectors":null},{"id":390021216,"nameArabic":"??? ??????","nameEnglish":"Lake Rudolf","isActive":true,"lastUpdated":"2022-06-02T01:11:36Z","sectors":null},{"id":860,"nameArabic":"????????","nameEnglish":"Amsterdam","isActive":true,"lastUpdated":"2022-06-02T01:06:19Z","sectors":null},{"id":69,"nameArabic":"???????","nameEnglish":"NDjamena","isActive":true,"lastUpdated":"2022-06-02T00:31:23Z","sectors":null},{"id":759,"nameArabic":"????????","nameEnglish":"Rashidiya","isActive":true,"lastUpdated":"2022-06-02T01:27:04Z","sectors":null},{"id":959,"nameArabic":"???????","nameEnglish":"WASHINGTON","isActive":true,"lastUpdated":"2022-06-02T01:14:20Z","sectors":null},{"id":859,"nameArabic":"?????","nameEnglish":"TOULOUSE","isActive":true,"lastUpdated":"2022-06-02T00:43:06Z","sectors":null},{"id":108,"nameArabic":"???? ????","nameEnglish":"hong kong","isActive":true,"lastUpdated":"2022-06-02T01:29:55Z","sectors":null},{"id":1003,"nameArabic":"???????? ","nameEnglish":"YINCHUAN","isActive":true,"lastUpdated":"2022-06-02T00:37:31Z","sectors":null},{"id":390021203,"nameArabic":"???????","nameEnglish":"Canakkale","isActive":true,"lastUpdated":"2022-06-02T00:37:51Z","sectors":null},{"id":390021098,"nameArabic":"??????","nameEnglish":"DUNDAS","isActive":true,"lastUpdated":"2022-06-02T01:16:31Z","sectors":null},{"id":756,"nameArabic":"??????","nameEnglish":"Arish","isActive":true,"lastUpdated":"2022-06-02T00:43:13Z","sectors":null},{"id":24,"nameArabic":"???","nameEnglish":"Bon","isActive":true,"lastUpdated":"2022-06-02T01:32:05Z","sectors":null},{"id":89,"nameArabic":"?????","nameEnglish":"Niamey","isActive":true,"lastUpdated":"2022-06-02T00:49:43Z","sectors":null},{"id":844,"nameArabic":"????","nameEnglish":"YOLA","isActive":false,"lastUpdated":"2022-06-02T01:01:21Z","sectors":null},{"id":937,"nameArabic":"???????","nameEnglish":"HURGHADA","isActive":true,"lastUpdated":"2022-06-02T01:01:11Z","sectors":null},{"id":390021129,"nameArabic":"?????","nameEnglish":"CRAWLEY","isActive":true,"lastUpdated":"2022-06-02T00:52:58Z","sectors":null},{"id":935,"nameArabic":"???????","nameEnglish":"HARGEISA","isActive":true,"lastUpdated":"2022-06-02T00:55:40Z","sectors":null},{"id":854,"nameArabic":"??? ????","nameEnglish":"Nuremberg","isActive":true,"lastUpdated":"2022-06-02T00:55:40Z","sectors":null},{"id":33,"nameArabic":"????  ?????","nameEnglish":"Addis Ababa","isActive":true,"lastUpdated":"2022-06-02T00:55:43Z","sectors":null},{"id":1070,"nameArabic":"???? ????? ??????????","nameEnglish":"Moscow Domodedovo Airport","isActive":true,"lastUpdated":"2022-06-02T01:00:38Z","sectors":null},{"id":1038,"nameArabic":"??????","nameEnglish":"Mosul","isActive":true,"lastUpdated":"2022-06-02T01:00:41Z","sectors":null},{"id":390021157,"nameArabic":"??????","nameEnglish":"MECHELEN","isActive":true,"lastUpdated":"2022-06-02T01:00:43Z","sectors":null},{"id":1131,"nameArabic":"????","nameEnglish":"Pisa ","isActive":true,"lastUpdated":"2022-06-02T01:00:44Z","sectors":null},{"id":390021119,"nameArabic":"??????","nameEnglish":"LIMERO","isActive":true,"lastUpdated":"2022-06-02T01:00:44Z","sectors":null},{"id":821,"nameArabic":"?????","nameEnglish":"LUCKNOW","isActive":true,"lastUpdated":"2022-06-02T01:12:35Z","sectors":null},{"id":390021134,"nameArabic":"???????","nameEnglish":"COVENTRY","isActive":true,"lastUpdated":"2022-06-02T01:27:07Z","sectors":null},{"id":3337,"nameArabic":"????????","nameEnglish":"Kathmandu","isActive":true,"lastUpdated":"2022-06-02T01:06:26Z","sectors":null},{"id":810,"nameArabic":"??????","nameEnglish":"Penang","isActive":true,"lastUpdated":"2022-06-02T01:08:46Z","sectors":null},{"id":18,"nameArabic":"??????","nameEnglish":"Abu Dhabi","isActive":true,"lastUpdated":"2022-06-02T01:11:49Z","sectors":null},{"id":927,"nameArabic":"?????","nameEnglish":"BECHAR","isActive":true,"lastUpdated":"2022-06-02T01:11:50Z","sectors":null},{"id":952,"nameArabic":"??????","nameEnglish":"Helsinki","isActive":true,"lastUpdated":"2022-06-02T01:11:58Z","sectors":null},{"id":390021147,"nameArabic":"???????","nameEnglish":"Oregon","isActive":true,"lastUpdated":"2022-06-02T01:16:35Z","sectors":null},{"id":390021132,"nameArabic":"???? ????????","nameEnglish":"WEST YORKSHIRE","isActive":true,"lastUpdated":"2022-06-02T01:12:37Z","sectors":null},{"id":726,"nameArabic":"???????","nameEnglish":"Sharjah","isActive":true,"lastUpdated":"2022-06-02T01:32:08Z","sectors":null},{"id":390021143,"nameArabic":"???????","nameEnglish":"Florida","isActive":true,"lastUpdated":"2022-06-02T01:32:11Z","sectors":null},{"id":960,"nameArabic":"???????","nameEnglish":"NEW YORK","isActive":true,"lastUpdated":"2022-06-02T01:37:06Z","sectors":null},{"id":950,"nameArabic":"????????","nameEnglish":"MARSEILLE","isActive":true,"lastUpdated":"2022-06-02T01:37:08Z","sectors":null},{"id":758,"nameArabic":"????? ???????","nameEnglish":"Casablanca","isActive":true,"lastUpdated":"2022-06-02T01:37:15Z","sectors":null},{"id":868,"nameArabic":"???????","nameEnglish":"ormoge","isActive":true,"lastUpdated":"2022-06-02T01:37:16Z","sectors":null},{"id":390021212,"nameArabic":"???????","nameEnglish":"Nanwalek ","isActive":true,"lastUpdated":"2022-06-02T00:13:49Z","sectors":null},{"id":390021208,"nameArabic":"???????","nameEnglish":"Genting�","isActive":true,"lastUpdated":"2022-06-02T00:13:55Z","sectors":null},{"id":880,"nameArabic":"??????","nameEnglish":"FERGANA","isActive":true,"lastUpdated":"2022-06-02T00:14:15Z","sectors":null},{"id":815,"nameArabic":"???????","nameEnglish":"Calcutta","isActive":true,"lastUpdated":"2022-06-02T00:19:59Z","sectors":null},{"id":608,"nameArabic":"?????","nameEnglish":"Khobar","isActive":true,"lastUpdated":"2022-06-02T00:20:08Z","sectors":null},{"id":795,"nameArabic":"???????","nameEnglish":"Anatolia","isActive":true,"lastUpdated":"2022-06-02T01:26:57Z","sectors":null},{"id":842,"nameArabic":"???? ??????","nameEnglish":"PORT HARCOURT","isActive":true,"lastUpdated":"2022-06-02T00:50:32Z","sectors":null},{"id":390021155,"nameArabic":"????","nameEnglish":"CUREPE?","isActive":true,"lastUpdated":"2022-06-02T00:55:31Z","sectors":null},{"id":778,"nameArabic":"????","nameEnglish":"Mashad","isActive":true,"lastUpdated":"2022-06-02T00:57:54Z","sectors":null},{"id":5,"nameArabic":"????","nameEnglish":"Tunisia","isActive":true,"lastUpdated":"2022-06-02T01:12:16Z","sectors":null},{"id":16,"nameArabic":"??????","nameEnglish":"Lusaka","isActive":true,"lastUpdated":"2022-06-02T01:37:08Z","sectors":null},{"id":390021180,"nameArabic":"?????","nameEnglish":"ALNAJAF","isActive":true,"lastUpdated":"2022-06-02T01:37:16Z","sectors":null},{"id":390021184,"nameArabic":"????","nameEnglish":"DUTSE","isActive":true,"lastUpdated":"2022-06-02T01:00:45Z","sectors":null},{"id":785,"nameArabic":"????????","nameEnglish":"Baketran","isActive":true,"lastUpdated":"2022-06-02T01:21:32Z","sectors":null},{"id":1065,"nameArabic":"????","nameEnglish":"RODOS","isActive":true,"lastUpdated":"2022-06-02T00:14:06Z","sectors":null},{"id":739,"nameArabic":"?????","nameEnglish":"Annaba","isActive":true,"lastUpdated":"2022-06-02T00:14:16Z","sectors":null},{"id":390001085,"nameArabic":"?????","nameEnglish":"Ajman","isActive":true,"lastUpdated":"2022-06-02T01:21:34Z","sectors":null},{"id":1004,"nameArabic":"???????","nameEnglish":"LANZHOU","isActive":true,"lastUpdated":"2022-06-02T00:19:57Z","sectors":null},{"id":725,"nameArabic":"???????","nameEnglish":"Fujairah","isActive":true,"lastUpdated":"2022-06-02T00:20:07Z","sectors":null},{"id":390021217,"nameArabic":"?????","nameEnglish":"Momote","isActive":true,"lastUpdated":"2022-06-02T01:32:12Z","sectors":null},{"id":390001126,"nameArabic":"??????? ","nameEnglish":"??????? ","isActive":true,"lastUpdated":"2022-06-02T01:32:40Z","sectors":null},{"id":1105,"nameArabic":"???????","nameEnglish":"Shungnak","isActive":true,"lastUpdated":"2022-06-02T01:32:41Z","sectors":null},{"id":738,"nameArabic":"????","nameEnglish":"Tozeur","isActive":true,"lastUpdated":"2022-06-02T01:22:06Z","sectors":null},{"id":390021117,"nameArabic":"???? ?????","nameEnglish":"SAINT ETIENNE","isActive":true,"lastUpdated":"2022-06-02T00:31:24Z","sectors":null},{"id":40,"nameArabic":"?????","nameEnglish":"Beirut","isActive":true,"lastUpdated":"2022-06-02T01:00:52Z","sectors":null},{"id":995,"nameArabic":"?????","nameEnglish":"LEREH","isActive":true,"lastUpdated":"2022-06-02T01:01:15Z","sectors":null},{"id":1101,"nameArabic":"????????","nameEnglish":"Anadolu","isActive":true,"lastUpdated":"2022-06-02T00:37:00Z","sectors":null},{"id":390021223,"nameArabic":"???? ???","nameEnglish":"Marsa Alam","isActive":true,"lastUpdated":"2022-06-02T00:37:04Z","sectors":null},{"id":1001,"nameArabic":"????? ????","nameEnglish":"SOLO","isActive":true,"lastUpdated":"2022-06-02T01:22:08Z","sectors":null},{"id":1091,"nameArabic":"???????????","nameEnglish":"Huntingburg","isActive":true,"lastUpdated":"2022-06-02T00:47:02Z","sectors":null},{"id":45,"nameArabic":"??????","nameEnglish":"Bombay","isActive":true,"lastUpdated":"2022-06-02T00:43:25Z","sectors":null},{"id":390001105,"nameArabic":"??????","nameEnglish":"Chicago","isActive":true,"lastUpdated":"2022-06-02T01:33:13Z","sectors":null},{"id":390021211,"nameArabic":"????? ????","nameEnglish":"Cengiz Topel","isActive":true,"lastUpdated":"2022-06-02T00:49:32Z","sectors":null},{"id":22,"nameArabic":"????","nameEnglish":"London","isActive":true,"lastUpdated":"2022-06-02T01:01:15Z","sectors":null},{"id":715,"nameArabic":"??????","nameEnglish":"Colombo","isActive":true,"lastUpdated":"2022-06-02T00:49:50Z","sectors":null},{"id":96,"nameArabic":"????","nameEnglish":"Beken","isActive":true,"lastUpdated":"2022-06-02T00:50:36Z","sectors":null},{"id":23,"nameArabic":"?????","nameEnglish":"OTAWA","isActive":true,"lastUpdated":"2022-06-02T01:34:35Z","sectors":null},{"id":390021215,"nameArabic":"????? ????","nameEnglish":"Rene Mouawad","isActive":true,"lastUpdated":"2022-06-02T01:22:47Z","sectors":null},{"id":1126,"nameArabic":"?????","nameEnglish":"HERAT","isActive":true,"lastUpdated":"2022-06-02T01:06:21Z","sectors":null},{"id":390021096,"nameArabic":"?????","nameEnglish":"MALMO","isActive":true,"lastUpdated":"2022-06-02T01:06:22Z","sectors":null},{"id":1096,"nameArabic":"??? ?????","nameEnglish":"Gag Island","isActive":true,"lastUpdated":"2022-06-02T00:55:53Z","sectors":null},{"id":390021102,"nameArabic":"???? ????????","nameEnglish":"LONDON ONTARIO","isActive":true,"lastUpdated":"2022-06-02T00:55:55Z","sectors":null},{"id":390021197,"nameArabic":"??????","nameEnglish":"Mardin","isActive":true,"lastUpdated":"2022-06-02T01:11:35Z","sectors":null},{"id":390021186,"nameArabic":"???????","nameEnglish":"ILORIN","isActive":true,"lastUpdated":"2022-06-02T01:12:17Z","sectors":null},{"id":390021209,"nameArabic":"?????","nameEnglish":"Magas�","isActive":true,"lastUpdated":"2022-06-02T01:14:21Z","sectors":null},{"id":941,"nameArabic":"????????","nameEnglish":"PORT SUDAN","isActive":true,"lastUpdated":"2022-06-02T01:16:27Z","sectors":null},{"id":994,"nameArabic":"?????? ????????","nameEnglish":"UJUNG PANDANG","isActive":true,"lastUpdated":"2022-06-02T01:16:28Z","sectors":null},{"id":390021177,"nameArabic":"???? ???","nameEnglish":"Phnom Penh","isActive":true,"lastUpdated":"2022-06-02T01:16:31Z","sectors":null},{"id":1102,"nameArabic":"??????","nameEnglish":"Denison Municipal","isActive":true,"lastUpdated":"2022-06-02T01:27:05Z","sectors":null},{"id":956,"nameArabic":"???","nameEnglish":"LILLE","isActive":true,"lastUpdated":"2022-06-02T01:32:02Z","sectors":null},{"id":64,"nameArabic":"??????","nameEnglish":"Brussels","isActive":true,"lastUpdated":"2022-06-02T01:32:07Z","sectors":null},{"id":390021190,"nameArabic":"??? ????","nameEnglish":"Balikesir","isActive":true,"lastUpdated":"2022-06-02T01:32:12Z","sectors":null}]}

[main] INFO com.shaft.tools.io.ReportManagerHelper - [ReportManager] Get response jsonvalue "content". @12-10-2022 16:10:59.0351 PM
[main] INFO com.shaft.tools.io.ReportManagerHelper - [ReportManager] Successfully created attachment "Validation Test Data - Expected Value" @12-10-2022 16:10:59.0353 PM
[main] INFO com.shaft.tools.io.ReportManagerHelper - [ReportManager] Debugging Attachment Entry @12-10-2022 16:10:59.0353 PM
null

[main] INFO com.shaft.tools.io.ReportManagerHelper - [ReportManager] Successfully created attachment "Validation Test Data - Actual Value" @12-10-2022 16:10:59.0355 PM
[main] INFO com.shaft.tools.io.ReportManagerHelper - [ReportManager] Debugging Attachment Entry @12-10-2022 16:10:59.0355 PM
[{"id":1071,"nameArabic":"???? ?????? ??????","nameEnglish":"Denizli Cardak Airport","isActive":true,"lastUpdated":"2022-06-02T00:13:35Z","sectors":null},{"id":390021162,"nameArabic":"?????","nameEnglish":"PRATO","isActive":true,"lastUpdated":"2022-06-02T00:13:44Z","sectors":null},{"id":36,"nameArabic":"??????????","nameEnglish":"Kuala Lumpur","isActive":true,"lastUpdated":"2022-06-02T01:21:49Z","sectors":null},{"id":926,"nameArabic":"????","nameEnglish":"GABES","isActive":true,"lastUpdated":"2022-06-02T00:14:15Z","sectors":null},{"id":849,"nameArabic":"???????","nameEnglish":"Solngen","isActive":true,"lastUpdated":"2022-06-02T01:37:02Z","sectors":null},{"id":753,"nameArabic":"????","nameEnglish":"Ciba","isActive":true,"lastUpdated":"2022-06-02T00:43:05Z","sectors":null},{"id":72,"nameArabic":"??????","nameEnglish":"Tripoli","isActive":true,"lastUpdated":"2022-06-02T00:19:40Z","sectors":null},{"id":1006,"nameArabic":"??????","nameEnglish":"FRUNZE","isActive":true,"lastUpdated":"2022-06-02T00:20:05Z","sectors":null},{"id":985,"nameArabic":"??????","nameEnglish":"KANDAHAR","isActive":true,"lastUpdated":"2022-06-02T00:25:20Z","sectors":null},{"id":736,"nameArabic":"?????","nameEnglish":"Tabrka","isActive":true,"lastUpdated":"2022-06-02T01:16:50Z","sectors":null},{"id":953,"nameArabic":"?????","nameEnglish":"Sohag","isActive":true,"lastUpdated":"2022-06-02T00:25:24Z","sectors":null},{"id":816,"nameArabic":"??????","nameEnglish":"Cochin","isActive":true,"lastUpdated":"2022-06-02T01:06:13Z","sectors":null},{"id":789,"nameArabic":"???? ????","nameEnglish":"Faisalabad","isActive":true,"lastUpdated":"2022-06-02T01:27:12Z","sectors":null},{"id":1013,"nameArabic":"?????","nameEnglish":"KAZAN","isActive":true,"lastUpdated":"2022-06-02T00:37:19Z","sectors":null},{"id":794,"nameArabic":"???????","nameEnglish":"KAYSERI","isActive":true,"lastUpdated":"2022-06-02T01:21:58Z","sectors":null},{"id":764,"nameArabic":"????","nameEnglish":"Tangier","isActive":true,"lastUpdated":"2022-06-02T01:27:13Z","sectors":null},{"id":780,"nameArabic":"??????","nameEnglish":"Shahyraz","isActive":true,"lastUpdated":"2022-06-02T00:37:28Z","sectors":null},{"id":712,"nameArabic":"?????","nameEnglish":"Tashkent","isActive":true,"lastUpdated":"2022-06-02T01:27:13Z","sectors":null},{"id":824,"nameArabic":"??????","nameEnglish":"Samarqand","isActive":true,"lastUpdated":"2022-06-02T00:37:28Z","sectors":null},{"id":993,"nameArabic":"?????","nameEnglish":"KRBI","isActive":true,"lastUpdated":"2022-06-02T01:22:03Z","sectors":null},{"id":820,"nameArabic":"???????","nameEnglish":"CALICUT","isActive":true,"lastUpdated":"2022-06-02T01:27:21Z","sectors":null},{"id":91,"nameArabic":"????","nameEnglish":"KANO","isActive":true,"lastUpdated":"2022-06-02T01:22:03Z","sectors":null},{"id":125,"nameArabic":"????","nameEnglish":"Kabul","isActive":true,"lastUpdated":"2022-06-02T00:42:58Z","sectors":null},{"id":34,"nameArabic":"?????","nameEnglish":"Vienna","isActive":true,"lastUpdated":"2022-06-02T00:42:59Z","sectors":null},{"id":67,"nameArabic":"?????","nameEnglish":"Sanaa","isActive":true,"lastUpdated":"2022-06-02T00:55:27Z","sectors":null},{"id":836,"nameArabic":"?????","nameEnglish":"GAROUA","isActive":true,"lastUpdated":"2022-06-02T01:06:13Z","sectors":null},{"id":735,"nameArabic":"?????","nameEnglish":"Sfax","isActive":true,"lastUpdated":"2022-06-02T00:43:00Z","sectors":null},{"id":942,"nameArabic":"???????","nameEnglish":"FREETOWN","isActive":true,"lastUpdated":"2022-06-02T00:43:35Z","sectors":null},{"id":777,"nameArabic":"?????","nameEnglish":"Kerman","isActive":true,"lastUpdated":"2022-06-02T00:50:06Z","sectors":null},{"id":1034,"nameArabic":"??????","nameEnglish":"Grozny","isActive":true,"lastUpdated":"2022-06-02T01:22:03Z","sectors":null},{"id":1049,"nameArabic":"???????","nameEnglish":"CHATEAUROUX","isActive":true,"lastUpdated":"2022-06-02T00:50:07Z","sectors":null},{"id":1042,"nameArabic":"??????","nameEnglish":"Clayton","isActive":true,"lastUpdated":"2022-06-02T01:06:13Z","sectors":null},{"id":809,"nameArabic":"???????","nameEnglish":"Kuching","isActive":true,"lastUpdated":"2022-06-02T01:12:09Z","sectors":null},{"id":1026,"nameArabic":"????? ???????","nameEnglish":"SYLHET OSMANI","isActive":true,"lastUpdated":"2022-06-02T00:50:08Z","sectors":null},{"id":1081,"nameArabic":"?????","nameEnglish":"Swaken","isActive":true,"lastUpdated":"2022-06-02T01:27:14Z","sectors":null},{"id":982,"nameArabic":"????????","nameEnglish":"SULAYMANIAH","isActive":true,"lastUpdated":"2022-06-02T01:27:15Z","sectors":null},{"id":939,"nameArabic":"??? ?????","nameEnglish":"SHARM EL SHEIK","isActive":true,"lastUpdated":"2022-06-02T01:29:18Z","sectors":null},{"id":713,"nameArabic":"??? ????","nameEnglish":"Ashgabat","isActive":true,"lastUpdated":"2022-06-02T01:32:36Z","sectors":null},{"id":7,"nameArabic":"????","nameEnglish":"Amman","isActive":true,"lastUpdated":"2022-06-02T01:32:36Z","sectors":null},{"id":965,"nameArabic":"?????","nameEnglish":"SIVAS","isActive":true,"lastUpdated":"2022-06-02T01:32:36Z","sectors":null},{"id":1037,"nameArabic":"??????????","nameEnglish":"Vladikavkaz","isActive":true,"lastUpdated":"2022-06-02T01:01:06Z","sectors":null},{"id":770,"nameArabic":"????????","nameEnglish":"Surabaya","isActive":true,"lastUpdated":"2022-06-02T01:32:36Z","sectors":null},{"id":850,"nameArabic":"?????????","nameEnglish":"Frankfort","isActive":true,"lastUpdated":"2022-06-02T01:01:06Z","sectors":null},{"id":8,"nameArabic":"?????","nameEnglish":"Seoul","isActive":true,"lastUpdated":"2022-06-02T01:01:06Z","sectors":null},{"id":62,"nameArabic":"???","nameEnglish":"Aden","isActive":true,"lastUpdated":"2022-06-02T01:32:38Z","sectors":null},{"id":79,"nameArabic":"????????","nameEnglish":"sengafora","isActive":true,"lastUpdated":"2022-06-02T01:33:12Z","sectors":null},{"id":845,"nameArabic":"????????","nameEnglish":"SEMONGKONG","isActive":true,"lastUpdated":"2022-06-02T01:01:07Z","sectors":null},{"id":799,"nameArabic":"?????????","nameEnglish":"GAZIANTEP","isActive":true,"lastUpdated":"2022-06-02T01:16:50Z","sectors":null},{"id":15,"nameArabic":"?????","nameEnglish":"Tokyo","isActive":true,"lastUpdated":"2022-06-02T01:16:50Z","sectors":null},{"id":765,"nameArabic":"??????????","nameEnglish":"Casablanca","isActive":true,"lastUpdated":"2022-06-02T01:16:52Z","sectors":null},{"id":1010,"nameArabic":"????","nameEnglish":"SOCHI","isActive":true,"lastUpdated":"2022-06-02T01:16:52Z","sectors":null},{"id":752,"nameArabic":"????","nameEnglish":"Tbarak","isActive":true,"lastUpdated":"2022-06-02T01:16:52Z","sectors":null},{"id":883,"nameArabic":"???????","nameEnglish":"SANTIAGO","isActive":true,"lastUpdated":"2022-06-02T00:14:05Z","sectors":null},{"id":743,"nameArabic":"?????","nameEnglish":"Wahdan","isActive":true,"lastUpdated":"2022-06-02T00:16:27Z","sectors":null},{"id":874,"nameArabic":"?????","nameEnglish":"SAFAJAH","isActive":true,"lastUpdated":"2022-06-02T01:18:55Z","sectors":null},{"id":711,"nameArabic":"???????","nameEnglish":"Sarajevo","isActive":true,"lastUpdated":"2022-06-02T01:18:55Z","sectors":null},{"id":958,"nameArabic":"?????????","nameEnglish":"STRASBOURG","isActive":true,"lastUpdated":"2022-06-02T00:19:40Z","sectors":null},{"id":886,"nameArabic":"?????","nameEnglish":"Harare","isActive":true,"lastUpdated":"2022-06-02T01:22:14Z","sectors":null},{"id":983,"nameArabic":"??????","nameEnglish":"DAMASCUS","isActive":true,"lastUpdated":null,"sectors":null},{"id":1060,"nameArabic":"???????","nameEnglish":"DRACHTEN","isActive":true,"lastUpdated":"2022-06-02T00:19:41Z","sectors":null},{"id":1057,"nameArabic":"??????","nameEnglish":"JAKARTA","isActive":true,"lastUpdated":"2022-06-02T00:19:41Z","sectors":null},{"id":975,"nameArabic":"????","nameEnglish":"ROMA C.A.","isActive":true,"lastUpdated":"2022-06-02T01:26:50Z","sectors":null},{"id":390021122,"nameArabic":"??????????","nameEnglish":"HELSINGOR","isActive":true,"lastUpdated":"2022-06-02T00:19:44Z","sectors":null},{"id":834,"nameArabic":"?????","nameEnglish":"DOUALA","isActive":true,"lastUpdated":"2022-06-02T00:24:56Z","sectors":null},{"id":32,"nameArabic":"??????","nameEnglish":"taybeh","isActive":true,"lastUpdated":"2022-06-02T01:26:51Z","sectors":null},{"id":855,"nameArabic":"????????","nameEnglish":"Stuttgart","isActive":true,"lastUpdated":"2022-06-02T01:37:49Z","sectors":null},{"id":782,"nameArabic":"?????","nameEnglish":"Zahedan","isActive":true,"lastUpdated":"2022-06-02T00:31:02Z","sectors":null},{"id":1047,"nameArabic":"????????","nameEnglish":"GOTEBORG","isActive":true,"lastUpdated":"2022-06-02T01:22:05Z","sectors":null},{"id":848,"nameArabic":"????????","nameEnglish":"Dusseldorf","isActive":true,"lastUpdated":"2022-06-02T00:25:27Z","sectors":null},{"id":961,"nameArabic":"????? ???","nameEnglish":"SANTA FEE","isActive":true,"lastUpdated":"2022-06-02T01:32:30Z","sectors":null},{"id":796,"nameArabic":"???? ???","nameEnglish":"Diyarbakir","isActive":true,"lastUpdated":"2022-06-02T00:31:03Z","sectors":null},{"id":825,"nameArabic":"??????","nameEnglish":"DUSHANBE","isActive":true,"lastUpdated":"2022-06-02T00:31:03Z","sectors":null},{"id":1017,"nameArabic":"???","nameEnglish":"GOA","isActive":true,"lastUpdated":"2022-06-02T01:37:49Z","sectors":null},{"id":944,"nameArabic":"????????","nameEnglish":"TIDJIKJA","isActive":true,"lastUpdated":"2022-06-02T00:31:14Z","sectors":null},{"id":977,"nameArabic":"??? ??????","nameEnglish":"RAS AL KHAIMAH","isActive":true,"lastUpdated":"2022-06-02T01:32:30Z","sectors":null},{"id":843,"nameArabic":"?????","nameEnglish":"SOKOTO","isActive":true,"lastUpdated":"2022-06-02T01:37:02Z","sectors":null},{"id":27,"nameArabic":"????","nameEnglish":"Rome","isActive":true,"lastUpdated":"2022-06-02T01:37:02Z","sectors":null},{"id":817,"nameArabic":"???? ????","nameEnglish":"Hyderabad","isActive":true,"lastUpdated":"2022-06-02T01:37:04Z","sectors":null},{"id":984,"nameArabic":"??????","nameEnglish":"SEOUL","isActive":true,"lastUpdated":"2022-06-02T00:37:29Z","sectors":null},{"id":974,"nameArabic":"????","nameEnglish":"GENOVA","isActive":true,"lastUpdated":"2022-06-02T00:37:42Z","sectors":null},{"id":808,"nameArabic":"?????????","nameEnglish":"Joharparo","isActive":true,"lastUpdated":"2022-06-02T01:11:55Z","sectors":null},{"id":781,"nameArabic":"?????","nameEnglish":"Tabriz","isActive":true,"lastUpdated":"2022-06-02T01:37:50Z","sectors":null},{"id":1079,"nameArabic":"??? ????? ??????","nameEnglish":"Dubai World Central","isActive":true,"lastUpdated":"2022-06-02T00:35:02Z","sectors":null},{"id":1075,"nameArabic":"????","nameEnglish":"Tarbes ","isActive":true,"lastUpdated":"2022-06-02T01:31:16Z","sectors":null},{"id":864,"nameArabic":"????????","nameEnglish":"Zapatoka","isActive":true,"lastUpdated":"2022-06-02T00:49:36Z","sectors":null},{"id":1099,"nameArabic":"????? ?????","nameEnglish":"Barstow Daggett","isActive":true,"lastUpdated":"2022-06-02T01:03:22Z","sectors":null},{"id":870,"nameArabic":"??? ???","nameEnglish":"Can island","isActive":true,"lastUpdated":"2022-06-02T00:49:37Z","sectors":null},{"id":1023,"nameArabic":"????","nameEnglish":"GAYA","isActive":true,"lastUpdated":"2022-06-02T00:49:38Z","sectors":null},{"id":727,"nameArabic":"???","nameEnglish":"Hlab","isActive":true,"lastUpdated":"2022-06-02T01:37:04Z","sectors":null},{"id":826,"nameArabic":"??????","nameEnglish":"Zanzibar","isActive":true,"lastUpdated":"2022-06-02T00:55:28Z","sectors":null},{"id":1055,"nameArabic":"????","nameEnglish":"ZAGREB","isActive":true,"lastUpdated":"2022-06-02T00:55:28Z","sectors":null},{"id":803,"nameArabic":"??????","nameEnglish":"SAMSUN","isActive":true,"lastUpdated":"2022-06-02T01:01:07Z","sectors":null},{"id":962,"nameArabic":"????","nameEnglish":"ROMA L.D.F.A.","isActive":true,"lastUpdated":"2022-06-02T00:55:28Z","sectors":null},{"id":65,"nameArabic":"??????","nameEnglish":"Djibouti","isActive":true,"lastUpdated":"2022-06-02T01:01:10Z","sectors":null},{"id":126,"nameArabic":"?????????","nameEnglish":"Johannesburg","isActive":true,"lastUpdated":"2022-06-02T01:01:19Z","sectors":null},{"id":1036,"nameArabic":"?????","nameEnglish":"Khujand","isActive":true,"lastUpdated":"2022-06-02T01:37:04Z","sectors":null},{"id":1024,"nameArabic":"?????","nameEnglish":"RANCHI","isActive":true,"lastUpdated":"2022-06-02T01:11:48Z","sectors":null},{"id":991,"nameArabic":"?????","nameEnglish":"GORGAN","isActive":true,"lastUpdated":"2022-06-02T01:16:45Z","sectors":null},{"id":797,"nameArabic":"???????","nameEnglish":"DALAMAN","isActive":true,"lastUpdated":"2022-06-02T01:32:31Z","sectors":null},{"id":876,"nameArabic":"????","nameEnglish":"dublin","isActive":true,"lastUpdated":"2022-06-02T01:32:31Z","sectors":null},{"id":1069,"nameArabic":"???????????","nameEnglish":"TSELINOGRAD","isActive":true,"lastUpdated":"2022-06-02T01:32:31Z","sectors":null},{"id":58,"nameArabic":"???","nameEnglish":"Dubai","isActive":true,"lastUpdated":"2022-06-02T01:16:53Z","sectors":null},{"id":1032,"nameArabic":"?????","nameEnglish":"Chania","isActive":true,"lastUpdated":"2022-06-02T01:16:53Z","sectors":null},{"id":390021227,"nameArabic":"???","nameEnglish":"Bader","isActive":true,"lastUpdated":"2019-07-14T11:09:19Z","sectors":null},{"id":1014,"nameArabic":"?? ?? ??","nameEnglish":"UFA","isActive":true,"lastUpdated":"2022-06-02T00:14:08Z","sectors":null},{"id":28,"nameArabic":"??????","nameEnglish":"Huston","isActive":true,"lastUpdated":"2022-06-02T01:22:07Z","sectors":null},{"id":78,"nameArabic":"?????","nameEnglish":"Dakar","isActive":true,"lastUpdated":"2022-06-02T01:19:35Z","sectors":null},{"id":1080,"nameArabic":"???? ???? ?????","nameEnglish":"London Luton Airport","isActive":true,"lastUpdated":"2022-06-02T00:17:38Z","sectors":null},{"id":1039,"nameArabic":"???","nameEnglish":"Yei","isActive":true,"lastUpdated":"2022-06-02T01:32:40Z","sectors":null},{"id":970,"nameArabic":"????","nameEnglish":"HATAY","isActive":true,"lastUpdated":"2022-06-02T01:22:07Z","sectors":null},{"id":769,"nameArabic":"?????","nameEnglish":"medan","isActive":true,"lastUpdated":"2022-06-02T01:07:00Z","sectors":null},{"id":73,"nameArabic":"??????","nameEnglish":"Nairobi","isActive":true,"lastUpdated":"2022-06-02T01:22:07Z","sectors":null},{"id":59,"nameArabic":"????","nameEnglish":"Masqat","isActive":true,"lastUpdated":"2022-06-02T00:24:58Z","sectors":null},{"id":996,"nameArabic":"??????","nameEnglish":"NAMLEA","isActive":true,"lastUpdated":"2022-06-02T01:14:20Z","sectors":null},{"id":1020,"nameArabic":"??? ???","nameEnglish":"NAGPUR","isActive":true,"lastUpdated":"2022-06-02T01:22:08Z","sectors":null},{"id":867,"nameArabic":"?????","nameEnglish":"HAT YAE","isActive":true,"lastUpdated":"2022-06-02T01:16:46Z","sectors":null},{"id":879,"nameArabic":"?????","nameEnglish":"HANOI","isActive":true,"lastUpdated":"2022-06-02T00:26:18Z","sectors":null},{"id":969,"nameArabic":"??? ","nameEnglish":"MUS","isActive":true,"lastUpdated":"2022-06-02T00:31:16Z","sectors":null},{"id":857,"nameArabic":"????","nameEnglish":"NICE","isActive":true,"lastUpdated":"2022-06-02T01:11:58Z","sectors":null},{"id":751,"nameArabic":"??????","nameEnglish":"Misrata","isActive":true,"lastUpdated":"2022-06-02T01:29:52Z","sectors":null},{"id":717,"nameArabic":"?????","nameEnglish":"Warsaw","isActive":true,"lastUpdated":"2022-06-02T00:37:31Z","sectors":null},{"id":1078,"nameArabic":"?????-??????","nameEnglish":"Milas-Bodrum","isActive":true,"lastUpdated":"2022-06-02T00:35:01Z","sectors":null},{"id":1054,"nameArabic":"?????","nameEnglish":"MIAMI","isActive":true,"lastUpdated":"2022-06-02T01:22:24Z","sectors":null},{"id":1076,"nameArabic":"???????","nameEnglish":"Mitiga","isActive":true,"lastUpdated":"2022-06-02T01:26:22Z","sectors":null},{"id":948,"nameArabic":"???? ????? ???????","nameEnglish":"METZ-NANCY-LORRAINE","isActive":true,"lastUpdated":"2022-06-02T01:26:51Z","sectors":null},{"id":992,"nameArabic":"???????","nameEnglish":"MANGALORE","isActive":true,"lastUpdated":"2022-06-02T01:26:51Z","sectors":null},{"id":762,"nameArabic":"???????","nameEnglish":"Ouarzazate","isActive":true,"lastUpdated":"2022-06-02T01:37:04Z","sectors":null},{"id":954,"nameArabic":"????????","nameEnglish":"MONTPELLIER","isActive":true,"lastUpdated":"2022-06-02T00:37:32Z","sectors":null},{"id":1077,"nameArabic":"???? ????? ??????","nameEnglish":"Vnukovo International Airport","isActive":true,"lastUpdated":"2022-06-02T01:31:16Z","sectors":null},{"id":851,"nameArabic":"??????","nameEnglish":"Hanover","isActive":true,"lastUpdated":"2022-06-02T01:37:05Z","sectors":null},{"id":68,"nameArabic":"???????","nameEnglish":"New York","isActive":true,"lastUpdated":"2022-06-02T01:37:06Z","sectors":null},{"id":802,"nameArabic":"???????","nameEnglish":"NEVSHIR","isActive":true,"lastUpdated":"2022-06-02T01:37:06Z","sectors":null},{"id":853,"nameArabic":"?????","nameEnglish":"Munich","isActive":true,"lastUpdated":"2022-06-02T01:01:41Z","sectors":null},{"id":2,"nameArabic":"??????","nameEnglish":"Yaounde","isActive":true,"lastUpdated":"2022-07-25T22:29:49Z","sectors":null},{"id":1009,"nameArabic":"????????? ????","nameEnglish":"MINERALNYE VODY","isActive":true,"lastUpdated":"2022-06-02T01:37:07Z","sectors":null},{"id":1061,"nameArabic":"??????","nameEnglish":"MOMBASA","isActive":true,"lastUpdated":"2022-06-02T01:09:23Z","sectors":null},{"id":1062,"nameArabic":"??????","nameEnglish":"MORONI","isActive":true,"lastUpdated":"2022-06-02T00:43:08Z","sectors":null},{"id":1073,"nameArabic":"???? ????? ???????????","nameEnglish":"Nikos Kazantzakis Airport","isActive":true,"lastUpdated":"2022-06-02T00:54:20Z","sectors":null},{"id":1066,"nameArabic":"?????????","nameEnglish":"NARATHIWAT","isActive":true,"lastUpdated":"2022-06-02T00:49:47Z","sectors":null},{"id":1041,"nameArabic":"???? ?????","nameEnglish":"Baghdad Airport","isActive":true,"lastUpdated":"2022-06-02T00:55:41Z","sectors":null},{"id":841,"nameArabic":"?????????","nameEnglish":"NGAOUNDERE","isActive":true,"lastUpdated":"2022-06-02T01:01:12Z","sectors":null},{"id":1040,"nameArabic":"???????","nameEnglish":"MINNA","isActive":true,"lastUpdated":"2022-06-02T01:01:13Z","sectors":null},{"id":933,"nameArabic":"???????","nameEnglish":"NEWCASTLE","isActive":true,"lastUpdated":"2022-06-02T01:16:46Z","sectors":null},{"id":11,"nameArabic":"???????","nameEnglish":"Nouakchott","isActive":true,"lastUpdated":"2022-06-02T01:06:15Z","sectors":null},{"id":934,"nameArabic":"???????","nameEnglish":"EAST MIDLANDS","isActive":true,"lastUpdated":"2022-06-02T01:01:13Z","sectors":null},{"id":98,"nameArabic":"????","nameEnglish":"Malaga","isActive":true,"lastUpdated":"2022-06-02T01:01:14Z","sectors":null},{"id":957,"nameArabic":"????","nameEnglish":"NANTES","isActive":true,"lastUpdated":"2022-06-02T01:06:16Z","sectors":null},{"id":742,"nameArabic":"??????","nameEnglish":"Warjlah","isActive":true,"lastUpdated":"2022-06-02T01:11:57Z","sectors":null},{"id":967,"nameArabic":"???? ?????? ?????","nameEnglish":"SANLIURFA AIRPORT TURKEY","isActive":true,"lastUpdated":"2022-06-02T01:06:16Z","sectors":null},{"id":70,"nameArabic":"???????","nameEnglish":"New Delhi","isActive":true,"lastUpdated":"2022-06-02T01:11:58Z","sectors":null},{"id":973,"nameArabic":"??????","nameEnglish":"MILANO","isActive":true,"lastUpdated":"2022-06-02T01:16:46Z","sectors":null},{"id":734,"nameArabic":"????????","nameEnglish":"Monastir","isActive":true,"lastUpdated":"2022-06-02T01:12:00Z","sectors":null},{"id":1052,"nameArabic":"???????","nameEnglish":"NEW YORK","isActive":true,"lastUpdated":"2022-06-02T01:17:12Z","sectors":null},{"id":1058,"nameArabic":"???????","nameEnglish":"QINGDAO","isActive":true,"lastUpdated":"2022-06-02T01:22:14Z","sectors":null},{"id":884,"nameArabic":"???????","nameEnglish":"AL BUHIRAH","isActive":true,"lastUpdated":"2022-06-02T01:26:53Z","sectors":null},{"id":873,"nameArabic":"??????","nameEnglish":"Maputo","isActive":true,"lastUpdated":"2022-06-02T01:26:53Z","sectors":null},{"id":840,"nameArabic":"??????","nameEnglish":"Mdgora","isActive":true,"lastUpdated":"2022-06-02T01:06:16Z","sectors":null},{"id":127,"nameArabic":"???????","nameEnglish":"Libreville","isActive":true,"lastUpdated":"2022-06-02T00:19:56Z","sectors":null},{"id":51,"nameArabic":"???????","nameEnglish":"Istanbul","isActive":true,"lastUpdated":"2022-06-02T01:26:54Z","sectors":null},{"id":976,"nameArabic":"??????","nameEnglish":"AMMAN","isActive":true,"lastUpdated":"2022-06-02T00:25:00Z","sectors":null},{"id":798,"nameArabic":"??????","nameEnglish":"ERZURUM","isActive":true,"lastUpdated":"2022-06-02T01:32:03Z","sectors":null},{"id":931,"nameArabic":"????","nameEnglish":"LONDON","isActive":true,"lastUpdated":null,"sectors":null},{"id":390021228,"nameArabic":"??????","nameEnglish":"Malabo","isActive":true,"lastUpdated":"2022-06-12T22:52:03Z","sectors":null},{"id":754,"nameArabic":"?????","nameEnglish":"Aswan","isActive":true,"lastUpdated":"2022-06-02T00:31:20Z","sectors":null},{"id":772,"nameArabic":"?????","nameEnglish":"Ahvaz","isActive":true,"lastUpdated":"2022-06-02T01:26:55Z","sectors":null},{"id":42,"nameArabic":"????????","nameEnglish":"Stockholm","isActive":true,"lastUpdated":"2022-06-02T01:26:56Z","sectors":null},{"id":812,"nameArabic":"???? ????","nameEnglish":"Ahmedabad","isActive":true,"lastUpdated":"2022-06-02T01:26:56Z","sectors":null},{"id":831,"nameArabic":"???????","nameEnglish":"Abidjan","isActive":true,"lastUpdated":"2022-06-02T00:31:20Z","sectors":null},{"id":865,"nameArabic":"????","nameEnglish":"Lome","isActive":true,"lastUpdated":"2022-06-02T01:27:28Z","sectors":null},{"id":46,"nameArabic":"?????","nameEnglish":"Athens","isActive":true,"lastUpdated":"2022-06-02T00:37:21Z","sectors":null},{"id":932,"nameArabic":"???? ????????","nameEnglish":"LEEDS AND BRADFORD","isActive":true,"lastUpdated":"2022-06-02T01:29:20Z","sectors":null},{"id":1072,"nameArabic":"?????","nameEnglish":"Dzaoudzi Pamandzi","isActive":true,"lastUpdated":"2022-06-02T01:31:13Z","sectors":null},{"id":763,"nameArabic":"?????","nameEnglish":"Marrakech","isActive":true,"lastUpdated":"2022-06-02T01:32:01Z","sectors":null},{"id":800,"nameArabic":"????? ???????","nameEnglish":"ISPARTA CITY","isActive":true,"lastUpdated":"2022-06-02T01:32:02Z","sectors":null},{"id":966,"nameArabic":"??????","nameEnglish":"ELAZIG","isActive":true,"lastUpdated":"2022-06-02T01:32:03Z","sectors":null},{"id":818,"nameArabic":"?????","nameEnglish":"Madras","isActive":true,"lastUpdated":"2022-06-02T01:16:58Z","sectors":null},{"id":30,"nameArabic":"????","nameEnglish":"Accra","isActive":true,"lastUpdated":"2022-06-02T01:32:03Z","sectors":null},{"id":791,"nameArabic":"??????","nameEnglish":"Kujia","isActive":true,"lastUpdated":"2022-06-02T00:43:09Z","sectors":null},{"id":1048,"nameArabic":"??????","nameEnglish":"LUANDA","isActive":true,"lastUpdated":"2022-06-02T00:43:09Z","sectors":null},{"id":75,"nameArabic":"??????????","nameEnglish":"Alexandria","isActive":true,"lastUpdated":"2022-06-02T01:11:48Z","sectors":null},{"id":963,"nameArabic":"??????","nameEnglish":"MALATYA","isActive":true,"lastUpdated":"2022-06-02T01:12:04Z","sectors":null},{"id":1043,"nameArabic":"??????","nameEnglish":"Kherson","isActive":true,"lastUpdated":"2022-06-02T01:12:06Z","sectors":null},{"id":847,"nameArabic":"?????","nameEnglish":"Kowloon","isActive":true,"lastUpdated":"2022-06-02T01:06:18Z","sectors":null},{"id":29,"nameArabic":"???????","nameEnglish":"Algeria","isActive":true,"lastUpdated":"2022-06-02T01:00:55Z","sectors":null},{"id":792,"nameArabic":"????","nameEnglish":"Azna","isActive":true,"lastUpdated":"2022-06-02T01:00:55Z","sectors":null},{"id":830,"nameArabic":"??????","nameEnglish":"Cotonou","isActive":true,"lastUpdated":"2022-06-02T01:01:17Z","sectors":null},{"id":54,"nameArabic":"??????","nameEnglish":"Manila","isActive":true,"lastUpdated":"2022-06-02T00:49:48Z","sectors":null},{"id":390021229,"nameArabic":"????","nameEnglish":"Garowe","isActive":true,"lastUpdated":"2022-08-01T20:08:39Z","sectors":null},{"id":806,"nameArabic":"?????","nameEnglish":"Sabiha","isActive":true,"lastUpdated":"2022-06-02T00:49:50Z","sectors":null},{"id":1008,"nameArabic":"????????","nameEnglish":"MAKHACHKALA","isActive":true,"lastUpdated":"2022-06-02T01:12:16Z","sectors":null},{"id":938,"nameArabic":"????","nameEnglish":"LUXOR","isActive":true,"lastUpdated":"2022-06-02T00:49:50Z","sectors":null},{"id":38,"nameArabic":"?????","nameEnglish":"The Hague","isActive":true,"lastUpdated":"2022-06-02T01:16:26Z","sectors":null},{"id":744,"nameArabic":"?????","nameEnglish":"ADRAR","isActive":true,"lastUpdated":"2022-06-02T01:16:26Z","sectors":null},{"id":3,"nameArabic":"????? ????","nameEnglish":"Islamabad","isActive":true,"lastUpdated":"2022-06-02T01:16:26Z","sectors":null},{"id":21,"nameArabic":"?????","nameEnglish":"Madrid","isActive":true,"lastUpdated":"2022-06-02T01:16:47Z","sectors":null},{"id":755,"nameArabic":"?????","nameEnglish":"Assiut","isActive":true,"lastUpdated":"2022-06-02T01:07:19Z","sectors":null},{"id":774,"nameArabic":"????????","nameEnglish":"Lezrabass","isActive":true,"lastUpdated":"2022-06-02T01:16:48Z","sectors":null},{"id":110,"nameArabic":"?????","nameEnglish":"Lahore","isActive":true,"lastUpdated":"2022-06-02T01:12:04Z","sectors":null},{"id":793,"nameArabic":"?????","nameEnglish":"Izmir","isActive":true,"lastUpdated":"2022-06-02T01:16:58Z","sectors":null},{"id":878,"nameArabic":"????","nameEnglish":"KIEV","isActive":true,"lastUpdated":"2022-06-02T01:17:12Z","sectors":null},{"id":998,"nameArabic":"????????","nameEnglish":"PALEMBANG","isActive":true,"lastUpdated":"2022-06-02T01:11:51Z","sectors":null},{"id":875,"nameArabic":"???? ????","nameEnglish":"Port Lowey's","isActive":true,"lastUpdated":"2022-06-02T00:20:01Z","sectors":null},{"id":1000,"nameArabic":"??????????? ","nameEnglish":"BANJARMASIN","isActive":true,"lastUpdated":"2022-06-02T01:21:31Z","sectors":null},{"id":813,"nameArabic":"???????","nameEnglish":"Bangalore","isActive":true,"lastUpdated":"2022-06-02T01:07:05Z","sectors":null},{"id":76,"nameArabic":"??????","nameEnglish":"Bangkok","isActive":true,"lastUpdated":"2022-06-02T00:53:06Z","sectors":null},{"id":929,"nameArabic":" ????????","nameEnglish":"MANCHESTER","isActive":true,"lastUpdated":"2022-06-02T00:31:21Z","sectors":null},{"id":872,"nameArabic":"???????","nameEnglish":"Bridgetown","isActive":true,"lastUpdated":"2022-06-02T01:16:28Z","sectors":null},{"id":833,"nameArabic":"???? ????","nameEnglish":"Ouagadougo","isActive":true,"lastUpdated":"2022-06-02T01:21:33Z","sectors":null},{"id":17,"nameArabic":"????","nameEnglish":"Bern","isActive":true,"lastUpdated":"2022-06-02T01:26:57Z","sectors":null},{"id":888,"nameArabic":"?????","nameEnglish":"Bishkek","isActive":true,"lastUpdated":"2022-06-02T01:00:41Z","sectors":null},{"id":718,"nameArabic":"????","nameEnglish":"Prague","isActive":true,"lastUpdated":"2022-06-02T01:16:28Z","sectors":null},{"id":1016,"nameArabic":"??????","nameEnglish":"BHOPAL","isActive":true,"lastUpdated":"2022-06-02T01:21:50Z","sectors":null},{"id":768,"nameArabic":"????? ????","nameEnglish":"Bande Asia","isActive":true,"lastUpdated":"2022-06-02T01:21:52Z","sectors":null},{"id":749,"nameArabic":"??????","nameEnglish":"Benghazi","isActive":true,"lastUpdated":"2022-06-02T01:22:24Z","sectors":null},{"id":1018,"nameArabic":"?????","nameEnglish":"INDORE","isActive":true,"lastUpdated":"2022-06-02T01:26:56Z","sectors":null},{"id":97,"nameArabic":"?????","nameEnglish":"Paris","isActive":true,"lastUpdated":"2022-06-02T01:27:29Z","sectors":null},{"id":869,"nameArabic":"??????","nameEnglish":"BEIJING","isActive":true,"lastUpdated":"2022-06-02T00:37:21Z","sectors":null},{"id":702,"nameArabic":"?????","nameEnglish":"ABUJA","isActive":true,"lastUpdated":"2022-06-02T01:32:05Z","sectors":null},{"id":1027,"nameArabic":"????????","nameEnglish":"VARANASI","isActive":true,"lastUpdated":"2022-06-02T01:32:05Z","sectors":null},{"id":827,"nameArabic":"?????","nameEnglish":"benjol","isActive":true,"lastUpdated":"2022-06-02T00:43:28Z","sectors":null},{"id":863,"nameArabic":"?????","nameEnglish":"Piatti","isActive":true,"lastUpdated":"2022-06-02T01:32:05Z","sectors":null},{"id":882,"nameArabic":"???????","nameEnglish":"BUCHAREST","isActive":true,"lastUpdated":"2022-06-02T01:32:06Z","sectors":null},{"id":63,"nameArabic":"?????","nameEnglish":"Baghdad","isActive":true,"lastUpdated":"2022-06-02T00:43:10Z","sectors":null},{"id":124,"nameArabic":"??????","nameEnglish":"Peshawar","isActive":true,"lastUpdated":"2022-06-02T00:43:10Z","sectors":null},{"id":1050,"nameArabic":"?????","nameEnglish":"PARIS","isActive":true,"lastUpdated":"2022-06-02T00:43:12Z","sectors":null},{"id":928,"nameArabic":" ????????","nameEnglish":"BIRMINGHAM","isActive":true,"lastUpdated":"2022-06-02T01:01:21Z","sectors":null},{"id":946,"nameArabic":"?????","nameEnglish":"BORDEAUX","isActive":true,"lastUpdated":"2022-06-02T01:37:09Z","sectors":null},{"id":968,"nameArabic":"??????","nameEnglish":"BATMAN","isActive":true,"lastUpdated":"2022-06-02T01:11:52Z","sectors":null},{"id":747,"nameArabic":"??????","nameEnglish":"Berbiera","isActive":true,"lastUpdated":"2022-06-02T01:32:07Z","sectors":null},{"id":1011,"nameArabic":"?????","nameEnglish":"BUKHARA","isActive":true,"lastUpdated":"2022-06-02T01:32:07Z","sectors":null},{"id":1053,"nameArabic":"????????","nameEnglish":"ORLANDO","isActive":true,"lastUpdated":"2022-06-02T01:11:20Z","sectors":null},{"id":779,"nameArabic":"????","nameEnglish":"Sdaa","isActive":true,"lastUpdated":"2022-06-02T01:32:37Z","sectors":null},{"id":705,"nameArabic":"?????","nameEnglish":"Berlin","isActive":true,"lastUpdated":"2022-06-02T01:37:09Z","sectors":null},{"id":930,"nameArabic":" ????????","nameEnglish":"BEMBRIDGE","isActive":true,"lastUpdated":"2022-06-02T00:49:50Z","sectors":null},{"id":94,"nameArabic":"??????","nameEnglish":"Bamako","isActive":true,"lastUpdated":"2022-06-02T00:55:47Z","sectors":null},{"id":83,"nameArabic":"????????","nameEnglish":"Brasilia","isActive":true,"lastUpdated":"2022-06-02T00:49:52Z","sectors":null},{"id":1015,"nameArabic":"?????????","nameEnglish":"AURANGABAD","isActive":true,"lastUpdated":"2022-06-02T01:32:48Z","sectors":null},{"id":945,"nameArabic":"?????","nameEnglish":"BANGUI","isActive":true,"lastUpdated":"2022-06-02T00:49:53Z","sectors":null},{"id":784,"nameArabic":"???????","nameEnglish":"URMIEH","isActive":true,"lastUpdated":"2022-06-02T00:49:53Z","sectors":null},{"id":771,"nameArabic":"???? ????","nameEnglish":"Bulk Baben","isActive":true,"lastUpdated":"2022-06-02T00:56:02Z","sectors":null},{"id":767,"nameArabic":"?????","nameEnglish":"Batam","isActive":true,"lastUpdated":"2022-06-02T01:11:20Z","sectors":null},{"id":980,"nameArabic":"???????","nameEnglish":"SAILKOT PAKISTAN","isActive":true,"lastUpdated":"2022-06-02T01:37:12Z","sectors":null},{"id":1035,"nameArabic":"????","nameEnglish":"Baku","isActive":true,"lastUpdated":"2022-06-02T01:01:26Z","sectors":null},{"id":1044,"nameArabic":"?????","nameEnglish":"Bowman","isActive":true,"lastUpdated":"2022-06-02T01:06:19Z","sectors":null},{"id":1007,"nameArabic":"??? ","nameEnglish":"OSH","isActive":true,"lastUpdated":"2022-06-02T01:06:19Z","sectors":null},{"id":997,"nameArabic":"??????","nameEnglish":"PADANG","isActive":true,"lastUpdated":"2022-06-02T01:14:14Z","sectors":null},{"id":701,"nameArabic":"?????","nameEnglish":"Asmara","isActive":true,"lastUpdated":"2022-06-02T01:16:27Z","sectors":null},{"id":390021230,"nameArabic":"?????","nameEnglish":"Nukus","isActive":true,"lastUpdated":"2022-08-01T20:10:11Z","sectors":null},{"id":972,"nameArabic":"????????","nameEnglish":"PRISTINA","isActive":true,"lastUpdated":"2022-06-02T01:17:23Z","sectors":null},{"id":50,"nameArabic":"??????","nameEnglish":"Doha","isActive":true,"lastUpdated":"2022-06-02T01:21:33Z","sectors":null},{"id":390021231,"nameArabic":"????","nameEnglish":"Ranyah","isActive":true,"lastUpdated":"2019-07-14T11:09:19Z","sectors":null},{"id":1021,"nameArabic":"?????","nameEnglish":"ALONG","isActive":true,"lastUpdated":"2022-06-02T00:55:47Z","sectors":null},{"id":1127,"nameArabic":"???????","nameEnglish":"Andijan ","isActive":true,"lastUpdated":"2022-06-02T01:27:05Z","sectors":null},{"id":86,"nameArabic":"???????","nameEnglish":"Manama","isActive":true,"lastUpdated":"2022-06-02T00:57:58Z","sectors":null},{"id":390021156,"nameArabic":"?????","nameEnglish":"ANVERS","isActive":true,"lastUpdated":"2022-06-02T01:21:33Z","sectors":null},{"id":390021166,"nameArabic":"???????","nameEnglish":"VICENZA","isActive":true,"lastUpdated":"2022-06-02T01:21:33Z","sectors":null},{"id":1084,"nameArabic":"?????","nameEnglish":"Shantou","isActive":true,"lastUpdated":"2022-06-02T00:19:43Z","sectors":null},{"id":10,"nameArabic":"??????","nameEnglish":"Kuwait","isActive":true,"lastUpdated":"2022-06-02T00:20:06Z","sectors":null},{"id":837,"nameArabic":"??????","nameEnglish":"ILORIN","isActive":true,"lastUpdated":"2022-06-02T01:37:14Z","sectors":null},{"id":728,"nameArabic":"????????","nameEnglish":"Lattakia","isActive":true,"lastUpdated":"2022-06-02T01:22:14Z","sectors":null},{"id":390021171,"nameArabic":"?????","nameEnglish":"SOFIA","isActive":true,"lastUpdated":"2022-06-02T01:06:21Z","sectors":null},{"id":390021174,"nameArabic":"????????","nameEnglish":"PRISTINA","isActive":true,"lastUpdated":"2022-06-02T00:25:01Z","sectors":null},{"id":390001125,"nameArabic":"???????","nameEnglish":"Argenteuil","isActive":true,"lastUpdated":"2022-06-02T00:25:02Z","sectors":null},{"id":390021163,"nameArabic":"?????","nameEnglish":"BRESCIA","isActive":true,"lastUpdated":"2022-06-02T01:22:14Z","sectors":null},{"id":724,"nameArabic":"?????","nameEnglish":"AL-ain","isActive":true,"lastUpdated":"2022-06-02T00:31:24Z","sectors":null},{"id":390021165,"nameArabic":"??????","nameEnglish":"RIMINI","isActive":true,"lastUpdated":"2022-06-02T01:32:09Z","sectors":null},{"id":1132,"nameArabic":"?????","nameEnglish":"Gimpo ","isActive":true,"lastUpdated":"2022-06-02T01:16:30Z","sectors":null},{"id":1068,"nameArabic":"??????","nameEnglish":"ALMA-ATA","isActive":true,"lastUpdated":"2022-06-02T01:24:46Z","sectors":null},{"id":1082,"nameArabic":"???","nameEnglish":"ANAA","isActive":true,"lastUpdated":"2022-06-02T00:36:45Z","sectors":null},{"id":390021093,"nameArabic":"?????","nameEnglish":"Crawley","isActive":true,"lastUpdated":null,"sectors":null},{"id":390021090,"nameArabic":"????????","nameEnglish":"Nottingham","isActive":true,"lastUpdated":null,"sectors":null},{"id":390021095,"nameArabic":"?? ?????","nameEnglish":"Ann Arbor","isActive":true,"lastUpdated":null,"sectors":null},{"id":93,"nameArabic":"?????","nameEnglish":"Ankara","isActive":true,"lastUpdated":"2022-06-02T01:26:57Z","sectors":null},{"id":1067,"nameArabic":"???? ????","nameEnglish":"ALOR SETAR","isActive":true,"lastUpdated":"2022-06-02T00:49:53Z","sectors":null},{"id":1086,"nameArabic":"????","nameEnglish":"Said","isActive":true,"lastUpdated":"2022-06-02T00:36:46Z","sectors":null},{"id":925,"nameArabic":"???? ?????","nameEnglish":"ALICE SPRING","isActive":true,"lastUpdated":"2022-06-02T01:26:57Z","sectors":null},{"id":84,"nameArabic":"???","nameEnglish":"Dhaka","isActive":true,"lastUpdated":"2022-06-02T01:32:58Z","sectors":null},{"id":943,"nameArabic":"???????","nameEnglish":"AL HOCIEMA","isActive":true,"lastUpdated":"2022-06-02T00:49:55Z","sectors":null},{"id":881,"nameArabic":"??????","nameEnglish":"AL-AQABA","isActive":true,"lastUpdated":"2022-06-02T00:37:23Z","sectors":null},{"id":1129,"nameArabic":"?????","nameEnglish":"Sydney","isActive":true,"lastUpdated":"2022-06-02T01:00:43Z","sectors":null},{"id":48,"nameArabic":"???????","nameEnglish":"Cairo","isActive":true,"lastUpdated":"2022-06-02T01:34:35Z","sectors":null},{"id":1085,"nameArabic":"?????? ???????","nameEnglish":"Puerto Cabezas","isActive":true,"lastUpdated":"2022-06-02T00:37:59Z","sectors":null},{"id":390021173,"nameArabic":"??????","nameEnglish":"ROTTERDAM","isActive":true,"lastUpdated":"2022-06-02T01:27:05Z","sectors":null},{"id":1133,"nameArabic":"????","nameEnglish":"Liege ","isActive":true,"lastUpdated":"2022-06-02T01:00:44Z","sectors":null},{"id":390021164,"nameArabic":"??????","nameEnglish":"VERONA","isActive":true,"lastUpdated":"2022-06-02T00:49:56Z","sectors":null},{"id":56,"nameArabic":"???????","nameEnglish":"Alkhartom","isActive":true,"lastUpdated":"2022-06-02T01:11:20Z","sectors":null},{"id":390021176,"nameArabic":"??????","nameEnglish":"FERIZAJ","isActive":true,"lastUpdated":"2022-06-02T00:49:56Z","sectors":null},{"id":390021091,"nameArabic":"?????","nameEnglish":"Leicester","isActive":true,"lastUpdated":"2022-06-02T01:16:30Z","sectors":null},{"id":390021088,"nameArabic":"????????","nameEnglish":"Blackburn","isActive":true,"lastUpdated":"2022-06-02T00:49:56Z","sectors":null},{"id":390021089,"nameArabic":"???????","nameEnglish":"Wiltshire","isActive":true,"lastUpdated":"2022-06-02T00:49:57Z","sectors":null},{"id":390021178,"nameArabic":"????","nameEnglish":"Juba ","isActive":true,"lastUpdated":"2022-06-02T01:27:05Z","sectors":null},{"id":390021168,"nameArabic":"?????","nameEnglish":"ESSEN","isActive":true,"lastUpdated":"2022-06-02T00:55:52Z","sectors":null},{"id":1,"nameArabic":"??????","nameEnglish":"Rabat","isActive":true,"lastUpdated":"2022-06-02T01:32:08Z","sectors":null},{"id":1083,"nameArabic":"???????","nameEnglish":"Urgench","isActive":true,"lastUpdated":"2022-06-02T00:56:38Z","sectors":null},{"id":390021170,"nameArabic":"????? ?????","nameEnglish":"LUTZELBACH","isActive":true,"lastUpdated":"2022-06-02T01:06:20Z","sectors":null},{"id":390021159,"nameArabic":"????","nameEnglish":"BRUGES","isActive":true,"lastUpdated":"2022-06-02T01:11:21Z","sectors":null},{"id":390021158,"nameArabic":"???????","nameEnglish":"BERINGEN","isActive":true,"lastUpdated":"2022-06-02T01:16:29Z","sectors":null},{"id":390021179,"nameArabic":"???????","nameEnglish":"Antioch","isActive":true,"lastUpdated":"2022-06-02T01:16:31Z","sectors":null},{"id":390021167,"nameArabic":"???????","nameEnglish":"HAMBURG�","isActive":true,"lastUpdated":"2022-06-02T01:37:15Z","sectors":null},{"id":1130,"nameArabic":"?????","nameEnglish":"Sofia ","isActive":true,"lastUpdated":"2022-06-02T01:37:15Z","sectors":null},{"id":390021175,"nameArabic":"??????","nameEnglish":"PRIZREN","isActive":true,"lastUpdated":"2022-06-02T01:37:15Z","sectors":null},{"id":1144,"nameArabic":"?????","nameEnglish":"Bissau","isActive":true,"lastUpdated":"2022-06-02T01:37:16Z","sectors":null},{"id":390011086,"nameArabic":" ???? ????","nameEnglish":"Saint-Denis","isActive":true,"lastUpdated":"2022-06-02T01:11:21Z","sectors":null},{"id":1051,"nameArabic":"??????","nameEnglish":"WASHINGTON","isActive":true,"lastUpdated":"2022-06-02T00:13:39Z","sectors":null},{"id":1107,"nameArabic":"???????","nameEnglish":"Catalao","isActive":true,"lastUpdated":"2022-06-02T01:32:56Z","sectors":null},{"id":390021151,"nameArabic":"???????","nameEnglish":"Montana","isActive":true,"lastUpdated":"2022-06-02T01:21:36Z","sectors":null},{"id":390021116,"nameArabic":"????","nameEnglish":"Rance","isActive":true,"lastUpdated":"2022-06-02T01:27:06Z","sectors":null},{"id":390021138,"nameArabic":"???????","nameEnglish":"BARCELONA","isActive":true,"lastUpdated":"2022-07-25T22:29:48Z","sectors":null},{"id":1092,"nameArabic":"???????? ???","nameEnglish":"Herendeen Bay","isActive":true,"lastUpdated":"2022-06-02T00:19:43Z","sectors":null},{"id":1097,"nameArabic":"????????","nameEnglish":"Erzincan","isActive":true,"lastUpdated":"2022-06-02T00:19:43Z","sectors":null},{"id":1094,"nameArabic":"?????","nameEnglish":"Hamedan","isActive":true,"lastUpdated":"2022-06-02T00:25:03Z","sectors":null},{"id":1103,"nameArabic":"????????","nameEnglish":" Islam mashhar","isActive":true,"lastUpdated":"2022-06-02T01:37:17Z","sectors":null},{"id":390021100,"nameArabic":"????????","nameEnglish":"MONTREAL","isActive":true,"lastUpdated":"2022-06-02T00:25:04Z","sectors":null},{"id":390021113,"nameArabic":"???? ?????","nameEnglish":"MAHA GANGA","isActive":true,"lastUpdated":"2022-06-02T01:11:34Z","sectors":null},{"id":390021139,"nameArabic":"??? ?????","nameEnglish":"SAN DIEGO","isActive":true,"lastUpdated":"2022-06-02T00:31:25Z","sectors":null},{"id":390021150,"nameArabic":"???????","nameEnglish":"Virginia�","isActive":true,"lastUpdated":"2022-06-02T00:55:31Z","sectors":null},{"id":390021115,"nameArabic":"???????","nameEnglish":"ARGENTEUIL","isActive":true,"lastUpdated":null,"sectors":null},{"id":390021152,"nameArabic":"????????","nameEnglish":"HEMPSTEAD","isActive":true,"lastUpdated":"2022-06-02T01:24:56Z","sectors":null},{"id":390021103,"nameArabic":"??????","nameEnglish":"XANTHI","isActive":true,"lastUpdated":"2022-06-02T01:27:06Z","sectors":null},{"id":1089,"nameArabic":"??????? ????","nameEnglish":"Mansion House","isActive":true,"lastUpdated":"2022-06-02T00:55:53Z","sectors":null},{"id":390021135,"nameArabic":"???????","nameEnglish":"WATFORD","isActive":true,"lastUpdated":"2022-06-02T01:27:07Z","sectors":null},{"id":390021127,"nameArabic":"???? ????","nameEnglish":"BLACKBURN","isActive":true,"lastUpdated":null,"sectors":null},{"id":390021128,"nameArabic":"????","nameEnglish":"SLOUGH","isActive":true,"lastUpdated":null,"sectors":null},{"id":390021130,"nameArabic":"?????","nameEnglish":"LEICESTER","isActive":true,"lastUpdated":null,"sectors":null},{"id":1090,"nameArabic":"?????","nameEnglish":"Kosrae","isActive":true,"lastUpdated":"2022-06-02T01:00:44Z","sectors":null},{"id":1095,"nameArabic":"??? ???","nameEnglish":"Den Haag","isActive":true,"lastUpdated":"2022-06-02T00:37:00Z","sectors":null},{"id":390021148,"nameArabic":"??????????","nameEnglish":"California�","isActive":true,"lastUpdated":"2022-06-02T01:27:35Z","sectors":null},{"id":390021104,"nameArabic":"???????","nameEnglish":"MELBOURNE","isActive":true,"lastUpdated":"2022-06-02T00:37:00Z","sectors":null},{"id":1088,"nameArabic":"????","nameEnglish":"Zafer","isActive":true,"lastUpdated":"2022-06-02T01:32:10Z","sectors":null},{"id":390021105,"nameArabic":"?????","nameEnglish":"SYDNEY","isActive":true,"lastUpdated":"2022-06-02T01:32:11Z","sectors":null},{"id":1104,"nameArabic":"?????","nameEnglish":"Siena","isActive":true,"lastUpdated":"2022-06-02T00:43:14Z","sectors":null},{"id":390021141,"nameArabic":"???? ?????","nameEnglish":"Falls Church","isActive":true,"lastUpdated":"2022-06-02T00:49:58Z","sectors":null},{"id":667,"nameArabic":"???????","nameEnglish":"Abuarich","isActive":true,"lastUpdated":"2022-06-02T01:32:59Z","sectors":null},{"id":390021106,"nameArabic":"???????","nameEnglish":"ARNCLHFFE","isActive":true,"lastUpdated":"2022-06-02T00:43:15Z","sectors":null},{"id":390021120,"nameArabic":"?????","nameEnglish":"REIMS","isActive":true,"lastUpdated":"2022-06-02T01:16:31Z","sectors":null},{"id":390021109,"nameArabic":"???? ????","nameEnglish":"SAINT DENIS","isActive":true,"lastUpdated":"2022-06-02T00:43:16Z","sectors":null},{"id":614,"nameArabic":"?????","nameEnglish":"Jizan","isActive":true,"lastUpdated":"2022-06-02T01:33:13Z","sectors":null},{"id":390021121,"nameArabic":"???????","nameEnglish":"TALANGE","isActive":true,"lastUpdated":"2022-06-02T01:16:33Z","sectors":null},{"id":390021107,"nameArabic":"????????","nameEnglish":"VICTORIA","isActive":true,"lastUpdated":"2022-06-02T01:06:21Z","sectors":null},{"id":1109,"nameArabic":"???????","nameEnglish":"Shishmaref","isActive":true,"lastUpdated":"2022-06-02T01:37:18Z","sectors":null},{"id":390021110,"nameArabic":"???? ?????","nameEnglish":"NOVI PAZAR","isActive":true,"lastUpdated":"2022-06-02T01:37:18Z","sectors":null},{"id":390021108,"nameArabic":"???????????","nameEnglish":"CHRISTCHURCH","isActive":true,"lastUpdated":"2022-06-02T00:49:58Z","sectors":null},{"id":390021149,"nameArabic":"?????","nameEnglish":"Boston","isActive":true,"lastUpdated":"2022-06-02T00:55:31Z","sectors":null},{"id":1093,"nameArabic":"???????","nameEnglish":"Henzada","isActive":true,"lastUpdated":"2022-06-02T00:57:58Z","sectors":null},{"id":390021133,"nameArabic":"?????","nameEnglish":"LUTON","isActive":true,"lastUpdated":"2022-06-02T01:37:18Z","sectors":null},{"id":390021137,"nameArabic":"??????","nameEnglish":"ZARAGOZA","isActive":true,"lastUpdated":"2022-06-02T01:37:18Z","sectors":null},{"id":390021140,"nameArabic":"????","nameEnglish":"Fort�","isActive":true,"lastUpdated":"2022-06-02T01:37:19Z","sectors":null},{"id":390021101,"nameArabic":"????????","nameEnglish":"ONTARIO","isActive":true,"lastUpdated":"2022-06-02T01:09:26Z","sectors":null},{"id":1100,"nameArabic":"???????","nameEnglish":"Aspen","isActive":true,"lastUpdated":"2022-06-02T00:55:54Z","sectors":null},{"id":390021099,"nameArabic":"????????","nameEnglish":"MISSISSAUGA","isActive":true,"lastUpdated":"2022-06-02T01:11:22Z","sectors":null},{"id":1108,"nameArabic":"???????","nameEnglish":"Tamanrasset","isActive":true,"lastUpdated":"2022-06-02T01:11:21Z","sectors":null},{"id":1106,"nameArabic":"???????","nameEnglish":"Saskylakh ","isActive":true,"lastUpdated":"2022-06-02T00:55:54Z","sectors":null},{"id":390021131,"nameArabic":"????????","nameEnglish":"NOTTINGHAM","isActive":true,"lastUpdated":"2022-06-02T00:55:55Z","sectors":null},{"id":1110,"nameArabic":"????? ?????","nameEnglish":"Campo Alegre","isActive":true,"lastUpdated":"2022-06-02T01:06:21Z","sectors":null},{"id":390021111,"nameArabic":"??????","nameEnglish":"KIGALI","isActive":true,"lastUpdated":"2022-06-02T01:11:33Z","sectors":null},{"id":390021136,"nameArabic":"???????","nameEnglish":"DEWSBURY","isActive":true,"lastUpdated":"2022-06-02T01:11:34Z","sectors":null},{"id":986,"nameArabic":"???? ????","nameEnglish":"MAZAR-I-SHARIF","isActive":true,"lastUpdated":"2022-06-02T00:13:39Z","sectors":null},{"id":390021187,"nameArabic":"???????","nameEnglish":"KATSINA","isActive":true,"lastUpdated":"2022-06-02T01:36:56Z","sectors":null},{"id":390021226,"nameArabic":"????????","nameEnglish":"Vancouver","isActive":true,"lastUpdated":"2022-06-02T01:22:17Z","sectors":null},{"id":390021189,"nameArabic":"???????","nameEnglish":"Kutahya","isActive":true,"lastUpdated":"2022-06-02T01:27:07Z","sectors":null},{"id":390021193,"nameArabic":"?????","nameEnglish":"BURSA","isActive":true,"lastUpdated":"2022-06-02T01:21:39Z","sectors":null},{"id":3333,"nameArabic":"????????","nameEnglish":"Brazzaville","isActive":true,"lastUpdated":"2022-06-02T00:19:45Z","sectors":null},{"id":1268,"nameArabic":"?????","nameEnglish":"Aktau","isActive":true,"lastUpdated":"2022-06-02T00:19:45Z","sectors":null},{"id":390021195,"nameArabic":"?????? ?????","nameEnglish":"KAHRAMANMARAS","isActive":true,"lastUpdated":null,"sectors":null},{"id":1146,"nameArabic":"??? ","nameEnglish":"Perth","isActive":true,"lastUpdated":"2022-06-02T00:19:45Z","sectors":null},{"id":390021182,"nameArabic":"??????","nameEnglish":"BAUCHI","isActive":true,"lastUpdated":null,"sectors":null},{"id":3338,"nameArabic":"????","nameEnglish":"Lima","isActive":true,"lastUpdated":"2022-06-02T01:21:40Z","sectors":null},{"id":1225,"nameArabic":"???????","nameEnglish":"Eskisehir","isActive":true,"lastUpdated":"2022-06-02T00:25:06Z","sectors":null},{"id":390021194,"nameArabic":"?????? ?????","nameEnglish":"KAHRAMANMARAS","isActive":true,"lastUpdated":"2022-06-02T01:36:56Z","sectors":null},{"id":390021185,"nameArabic":"?????","nameEnglish":"GOMBE","isActive":true,"lastUpdated":"2022-06-02T00:25:09Z","sectors":null},{"id":1226,"nameArabic":"??????","nameEnglish":"Giresun","isActive":true,"lastUpdated":"2022-06-02T01:06:59Z","sectors":null},{"id":390001145,"nameArabic":"????? ????","nameEnglish":"Osman Thigna","isActive":true,"lastUpdated":"2022-06-02T01:37:19Z","sectors":null},{"id":1186,"nameArabic":"?????","nameEnglish":"Bingol","isActive":true,"lastUpdated":"2022-06-02T01:21:40Z","sectors":null},{"id":390021198,"nameArabic":"????","nameEnglish":"Aroa","isActive":true,"lastUpdated":"2022-06-02T01:32:41Z","sectors":null},{"id":390021213,"nameArabic":"????????","nameEnglish":"Kastamonu ","isActive":true,"lastUpdated":"2022-06-02T00:25:12Z","sectors":null},{"id":390021201,"nameArabic":"??????","nameEnglish":"Cooinda","isActive":true,"lastUpdated":"2022-06-02T01:21:41Z","sectors":null},{"id":390021206,"nameArabic":"??????","nameEnglish":"Dysart","isActive":true,"lastUpdated":"2022-06-02T01:27:08Z","sectors":null},{"id":390021200,"nameArabic":"??????","nameEnglish":"Bayreuth","isActive":true,"lastUpdated":"2022-06-02T01:27:09Z","sectors":null},{"id":1207,"nameArabic":"?????","nameEnglish":"Tamale","isActive":true,"lastUpdated":"2022-06-02T00:25:34Z","sectors":null},{"id":390021202,"nameArabic":"???????","nameEnglish":"Shymkent","isActive":true,"lastUpdated":null,"sectors":null},{"id":1167,"nameArabic":"??????","nameEnglish":"Tbilisi","isActive":true,"lastUpdated":"2022-06-02T01:14:15Z","sectors":null},{"id":390021154,"nameArabic":"???? ??? ????","nameEnglish":"PORT�OF�SPAIN","isActive":true,"lastUpdated":"2022-06-02T01:12:11Z","sectors":null},{"id":390001086,"nameArabic":"????????","nameEnglish":"Gaborone","isActive":true,"lastUpdated":"2022-06-02T00:55:31Z","sectors":null},{"id":390021192,"nameArabic":"???????","nameEnglish":"Guwahati ","isActive":true,"lastUpdated":"2022-06-02T00:37:01Z","sectors":null},{"id":390021221,"nameArabic":"???????","nameEnglish":"Shanghai Pudong","isActive":true,"lastUpdated":"2022-06-02T00:31:26Z","sectors":null},{"id":1206,"nameArabic":"??????","nameEnglish":"Lanzhou","isActive":true,"lastUpdated":"2022-06-02T00:49:32Z","sectors":null},{"id":390021225,"nameArabic":"?????? ?????","nameEnglish":"Xining Caojiabu","isActive":true,"lastUpdated":"2022-06-02T00:55:32Z","sectors":null},{"id":390021224,"nameArabic":"???????","nameEnglish":"Vryburg","isActive":true,"lastUpdated":"2022-06-02T01:06:48Z","sectors":null},{"id":390021218,"nameArabic":"?????","nameEnglish":"Sinop","isActive":true,"lastUpdated":"2022-06-02T01:11:35Z","sectors":null},{"id":390021191,"nameArabic":"?????","nameEnglish":"Kolkata","isActive":true,"lastUpdated":"2022-06-02T01:37:46Z","sectors":null},{"id":615,"nameArabic":"?????","nameEnglish":"Shaqra","isActive":true,"lastUpdated":"2022-06-02T01:27:32Z","sectors":null},{"id":390021183,"nameArabic":"?????? ???","nameEnglish":"BIRNIN KEBBI","isActive":true,"lastUpdated":"2022-06-02T00:37:02Z","sectors":null},{"id":1187,"nameArabic":"??????","nameEnglish":"entebbe","isActive":true,"lastUpdated":"2022-06-02T00:37:03Z","sectors":null},{"id":390021222,"nameArabic":"??????","nameEnglish":"Marina","isActive":true,"lastUpdated":"2022-06-02T01:06:26Z","sectors":null},{"id":390021219,"nameArabic":"??????","nameEnglish":"Obano","isActive":true,"lastUpdated":"2022-06-02T00:55:33Z","sectors":null},{"id":390021220,"nameArabic":"???????? ????","nameEnglish":"Osvaldo Vieira","isActive":true,"lastUpdated":"2022-06-02T01:32:56Z","sectors":null},{"id":390021204,"nameArabic":"??????","nameEnglish":"Dayton�","isActive":true,"lastUpdated":"2022-06-02T00:37:04Z","sectors":null},{"id":390021214,"nameArabic":"?????","nameEnglish":"Kassala","isActive":true,"lastUpdated":"2022-06-02T00:55:33Z","sectors":null},{"id":390021144,"nameArabic":"?? ?????","nameEnglish":"Ann Arbor","isActive":true,"lastUpdated":"2022-06-02T01:33:13Z","sectors":null},{"id":1269,"nameArabic":"?????","nameEnglish":"ZANJAN","isActive":true,"lastUpdated":"2022-06-02T00:49:32Z","sectors":null},{"id":390021153,"nameArabic":"????","nameEnglish":"Arao","isActive":true,"lastUpdated":"2022-06-02T00:49:59Z","sectors":null},{"id":1267,"nameArabic":"????????????????","nameEnglish":"Thiruvananthapuram","isActive":true,"lastUpdated":"2022-06-02T01:11:39Z","sectors":null},{"id":390021188,"nameArabic":"?????????","nameEnglish":"MAIDUGURI","isActive":true,"lastUpdated":"2022-06-02T01:14:21Z","sectors":null},{"id":1367,"nameArabic":"?????","nameEnglish":"Kulob","isActive":true,"lastUpdated":"2022-06-02T00:49:59Z","sectors":null},{"id":390021210,"nameArabic":"????????","nameEnglish":"Agartala�","isActive":true,"lastUpdated":"2022-06-02T01:11:36Z","sectors":null},{"id":1366,"nameArabic":"???? ??????","nameEnglish":"Blaise Diagne","isActive":true,"lastUpdated":"2022-06-02T01:33:18Z","sectors":null},{"id":99,"nameArabic":"?????????","nameEnglish":"Bujumbura","isActive":true,"lastUpdated":"2022-06-02T01:06:26Z","sectors":null},{"id":1266,"nameArabic":"?????","nameEnglish":"Socotra","isActive":true,"lastUpdated":"2022-06-02T01:06:26Z","sectors":null},{"id":390021196,"nameArabic":"??????","nameEnglish":"Lombok","isActive":true,"lastUpdated":"2022-06-02T01:16:35Z","sectors":null},{"id":643,"nameArabic":"?????","nameEnglish":"Unaizah","isActive":true,"lastUpdated":"2022-06-02T01:34:34Z","sectors":null},{"id":390021199,"nameArabic":"??????�","nameEnglish":"Batumi","isActive":true,"lastUpdated":"2022-06-02T01:16:36Z","sectors":null},{"id":390021181,"nameArabic":"??????","nameEnglish":"XINING","isActive":true,"lastUpdated":"2022-06-02T01:16:54Z","sectors":null},{"id":646,"nameArabic":"????","nameEnglish":"Yanbu","isActive":true,"lastUpdated":"2022-06-02T01:37:04Z","sectors":null},{"id":940,"nameArabic":"??????","nameEnglish":"ATBARA","isActive":true,"lastUpdated":"2022-06-02T00:13:40Z","sectors":null},{"id":670,"nameArabic":"??????","nameEnglish":"Biljurshi","isActive":true,"lastUpdated":"2022-06-02T00:13:41Z","sectors":null},{"id":601,"nameArabic":"??????","nameEnglish":"Riyadh","isActive":true,"lastUpdated":"2022-06-02T01:21:33Z","sectors":null},{"id":657,"nameArabic":"??????","nameEnglish":"Nimas","isActive":true,"lastUpdated":"2022-06-02T00:13:42Z","sectors":null},{"id":603,"nameArabic":"??? ???????","nameEnglish":"Makkah","isActive":true,"lastUpdated":"2022-06-02T01:21:50Z","sectors":null},{"id":722,"nameArabic":"??????","nameEnglish":"Rayyan","isActive":true,"lastUpdated":"2022-06-02T00:13:44Z","sectors":null},{"id":672,"nameArabic":"???????","nameEnglish":"Al-Hasa","isActive":true,"lastUpdated":"2022-06-02T01:37:09Z","sectors":null},{"id":647,"nameArabic":"??? ?????","nameEnglish":"Mahd al dhab","isActive":true,"lastUpdated":"2022-06-02T01:21:50Z","sectors":null},{"id":610,"nameArabic":"?????","nameEnglish":"Buraydah","isActive":true,"lastUpdated":"2022-06-02T01:37:09Z","sectors":null},{"id":639,"nameArabic":"???? ??????","nameEnglish":"Jandal","isActive":true,"lastUpdated":"2022-06-02T01:11:55Z","sectors":null},{"id":609,"nameArabic":"??????","nameEnglish":"Al Hafuf","isActive":true,"lastUpdated":"2022-06-02T00:43:12Z","sectors":null},{"id":680,"nameArabic":"??????","nameEnglish":"AL-mthenb","isActive":true,"lastUpdated":"2022-06-02T00:55:48Z","sectors":null},{"id":679,"nameArabic":"?????","nameEnglish":"Sharorah","isActive":true,"lastUpdated":"2022-06-02T00:14:17Z","sectors":null},{"id":669,"nameArabic":"??????","nameEnglish":"Belgarn","isActive":true,"lastUpdated":"2022-06-02T01:16:28Z","sectors":null},{"id":671,"nameArabic":"????","nameEnglish":"Sudair","isActive":true,"lastUpdated":"2022-06-02T01:06:51Z","sectors":null},{"id":613,"nameArabic":"????","nameEnglish":"Abha","isActive":true,"lastUpdated":"2022-06-02T01:32:05Z","sectors":null},{"id":649,"nameArabic":"????","nameEnglish":"Khaybar","isActive":true,"lastUpdated":"2022-06-02T01:12:07Z","sectors":null},{"id":617,"nameArabic":"????????","nameEnglish":"AL-qwia","isActive":true,"lastUpdated":"2022-06-02T01:00:42Z","sectors":null},{"id":612,"nameArabic":"????","nameEnglish":"ArAr","isActive":true,"lastUpdated":"2022-06-02T00:31:02Z","sectors":null},{"id":642,"nameArabic":"???","nameEnglish":"Haql","isActive":true,"lastUpdated":"2022-06-02T01:22:04Z","sectors":null},{"id":604,"nameArabic":"??????","nameEnglish":"Taif","isActive":true,"lastUpdated":"2022-06-02T01:27:04Z","sectors":null},{"id":627,"nameArabic":"??????","nameEnglish":"Qatif","isActive":true,"lastUpdated":"2022-06-02T01:32:08Z","sectors":null},{"id":5072,"nameArabic":"??????","nameEnglish":"alqasem","isActive":true,"lastUpdated":"2022-06-02T00:37:01Z","sectors":null},{"id":634,"nameArabic":"?????","nameEnglish":"Tayma","isActive":true,"lastUpdated":"2022-06-02T00:31:05Z","sectors":null},{"id":623,"nameArabic":"???? ??? ????","nameEnglish":"Hawtat Bani Tamim","isActive":true,"lastUpdated":"2022-06-02T00:37:41Z","sectors":null},{"id":645,"nameArabic":"????????","nameEnglish":"Bukayriyah","isActive":true,"lastUpdated":"2022-06-02T01:06:58Z","sectors":null},{"id":677,"nameArabic":"?????","nameEnglish":"Ttlet","isActive":true,"lastUpdated":"2022-06-02T01:32:32Z","sectors":null},{"id":636,"nameArabic":"?????","nameEnglish":"AL-wjh","isActive":true,"lastUpdated":"2022-06-02T01:06:19Z","sectors":null},{"id":655,"nameArabic":"???? ????","nameEnglish":"Khamis Mushait","isActive":true,"lastUpdated":"2022-06-02T00:49:36Z","sectors":null},{"id":1208,"nameArabic":"??????","nameEnglish":"BAUCHI","isActive":true,"lastUpdated":"2022-06-02T00:37:03Z","sectors":null},{"id":665,"nameArabic":"?????","nameEnglish":"Samitah","isActive":true,"lastUpdated":"2022-06-02T00:43:00Z","sectors":null},{"id":637,"nameArabic":"????","nameEnglish":"Umluj","isActive":true,"lastUpdated":"2022-06-02T01:16:28Z","sectors":null},{"id":630,"nameArabic":"??? ??????","nameEnglish":"Hafar Al Baten","isActive":true,"lastUpdated":"2022-06-02T00:55:28Z","sectors":null},{"id":653,"nameArabic":"??????","nameEnglish":"Kurmah","isActive":true,"lastUpdated":"2022-06-02T00:55:49Z","sectors":null},{"id":682,"nameArabic":"?????","nameEnglish":"Ghat","isActive":true,"lastUpdated":"2022-06-02T01:06:28Z","sectors":null},{"id":629,"nameArabic":"????","nameEnglish":"Qariah","isActive":true,"lastUpdated":"2022-06-02T01:07:00Z","sectors":null},{"id":664,"nameArabic":"?????","nameEnglish":"Najran","isActive":true,"lastUpdated":"2022-06-02T01:32:33Z","sectors":null},{"id":652,"nameArabic":"???????","nameEnglish":"Qunfudah","isActive":true,"lastUpdated":"2022-06-02T00:49:53Z","sectors":null},{"id":681,"nameArabic":"?????","nameEnglish":"Baqaa","isActive":true,"lastUpdated":"2022-06-02T00:37:22Z","sectors":null},{"id":641,"nameArabic":"???????","nameEnglish":"Qurayyat","isActive":true,"lastUpdated":"2022-06-02T00:37:22Z","sectors":null},{"id":635,"nameArabic":"????","nameEnglish":"Duba","isActive":true,"lastUpdated":"2022-06-02T01:32:36Z","sectors":null},{"id":644,"nameArabic":"????","nameEnglish":"Al Rass","isActive":true,"lastUpdated":"2022-06-02T00:43:15Z","sectors":null},{"id":616,"nameArabic":"????????","nameEnglish":"Dawadmi","isActive":true,"lastUpdated":"2022-06-02T00:49:54Z","sectors":null},{"id":607,"nameArabic":"??????","nameEnglish":"Dammam","isActive":true,"lastUpdated":"2022-06-02T01:00:42Z","sectors":null},{"id":650,"nameArabic":"????","nameEnglish":"Rabigh","isActive":true,"lastUpdated":"2022-06-02T01:01:10Z","sectors":null},{"id":654,"nameArabic":"?????","nameEnglish":"AL-berk","isActive":true,"lastUpdated":"2022-06-02T00:50:16Z","sectors":null},{"id":651,"nameArabic":"?????","nameEnglish":"Laith","isActive":true,"lastUpdated":"2022-06-02T01:32:56Z","sectors":null},{"id":663,"nameArabic":"??????","nameEnglish":"Almendq","isActive":true,"lastUpdated":"2022-06-02T00:25:00Z","sectors":null},{"id":1246,"nameArabic":"???????","nameEnglish":"3","isActive":true,"lastUpdated":"2022-06-02T00:31:10Z","sectors":null},{"id":675,"nameArabic":"??????","nameEnglish":"As Sulayyil","isActive":true,"lastUpdated":"2022-06-02T01:16:29Z","sectors":null},{"id":648,"nameArabic":"?????","nameEnglish":"Al Ula","isActive":true,"lastUpdated":"2022-06-02T00:25:01Z","sectors":null},{"id":611,"nameArabic":"????","nameEnglish":"Hail","isActive":true,"lastUpdated":"2022-06-02T01:16:54Z","sectors":null},{"id":1056,"nameArabic":"???????","nameEnglish":"SALZBURG","isActive":true,"lastUpdated":"2022-06-02T01:26:44Z","sectors":null},{"id":748,"nameArabic":"????","nameEnglish":"Kefda","isActive":true,"lastUpdated":"2022-06-02T01:21:58Z","sectors":null},{"id":714,"nameArabic":"??????","nameEnglish":"Kampala","isActive":true,"lastUpdated":"2022-06-02T01:24:49Z","sectors":null},{"id":776,"nameArabic":"??????","nameEnglish":"Isfahan","isActive":true,"lastUpdated":"2022-06-02T01:26:54Z","sectors":null},{"id":605,"nameArabic":"??????? ???????","nameEnglish":"Madina","isActive":true,"lastUpdated":"2022-06-02T01:27:07Z","sectors":null},{"id":3339,"nameArabic":"???????","nameEnglish":"Shymkent","isActive":true,"lastUpdated":"2022-06-02T00:13:49Z","sectors":null},{"id":1019,"nameArabic":"??????","nameEnglish":"KANDLA","isActive":true,"lastUpdated":"2022-06-02T01:22:03Z","sectors":null},{"id":390000000,"nameArabic":"????","nameEnglish":"ANOTHER","isActive":true,"lastUpdated":null,"sectors":null},{"id":103,"nameArabic":"??? ??????(????)","nameEnglish":"MALI","isActive":true,"lastUpdated":"2022-06-02T00:24:57Z","sectors":null},{"id":618,"nameArabic":"????","nameEnglish":"Afif","isActive":true,"lastUpdated":"2022-06-02T01:22:04Z","sectors":null},{"id":704,"nameArabic":"????","nameEnglish":"Baku","isActive":true,"lastUpdated":"2022-06-02T00:37:43Z","sectors":null},{"id":656,"nameArabic":"????? ??????","nameEnglish":"Dhahran South","isActive":true,"lastUpdated":"2022-06-02T01:22:04Z","sectors":null},{"id":628,"nameArabic":"??????","nameEnglish":"Jubail","isActive":true,"lastUpdated":"2022-06-02T00:24:59Z","sectors":null},{"id":676,"nameArabic":"??????? ????????","nameEnglish":"Alardiah Aljanoubiah","isActive":true,"lastUpdated":"2022-06-02T00:43:14Z","sectors":null},{"id":760,"nameArabic":"???","nameEnglish":"Fes","isActive":true,"lastUpdated":"2022-06-02T00:37:19Z","sectors":null},{"id":631,"nameArabic":"??????","nameEnglish":"Al Khafji","isActive":true,"lastUpdated":"2022-06-02T01:37:15Z","sectors":null},{"id":660,"nameArabic":"????? ????","nameEnglish":"Maha?l Asir","isActive":true,"lastUpdated":"2022-06-02T01:37:07Z","sectors":null},{"id":390021124,"nameArabic":"????????","nameEnglish":"BRADFORD","isActive":true,"lastUpdated":"2022-06-02T01:06:22Z","sectors":null},{"id":807,"nameArabic":"?????","nameEnglish":"PHUKET","isActive":true,"lastUpdated":"2022-06-02T00:43:21Z","sectors":null},{"id":31,"nameArabic":"??????","nameEnglish":"Karachi","isActive":true,"lastUpdated":"2022-06-02T01:01:05Z","sectors":null},{"id":662,"nameArabic":"????","nameEnglish":"Gulwh","isActive":true,"lastUpdated":"2022-06-02T01:14:19Z","sectors":null},{"id":619,"nameArabic":"???????","nameEnglish":"Al Majmaah","isActive":true,"lastUpdated":"2022-06-02T00:16:27Z","sectors":null},{"id":999,"nameArabic":"????? ????????","nameEnglish":"KUALA TRENGGANU","isActive":true,"lastUpdated":"2022-06-02T00:25:19Z","sectors":null},{"id":733,"nameArabic":"????","nameEnglish":"Gafsa","isActive":true,"lastUpdated":"2022-06-02T01:27:12Z","sectors":null},{"id":390021092,"nameArabic":"????","nameEnglish":"SLOUGH","isActive":true,"lastUpdated":"2022-06-02T00:55:53Z","sectors":null},{"id":61,"nameArabic":"????????","nameEnglish":"Copenhagen","isActive":true,"lastUpdated":"2022-06-02T00:55:27Z","sectors":null},{"id":12,"nameArabic":"??????","nameEnglish":"Karakas","isActive":true,"lastUpdated":"2022-06-02T01:16:49Z","sectors":null},{"id":622,"nameArabic":"????","nameEnglish":"Tadiq","isActive":true,"lastUpdated":"2022-06-02T01:01:21Z","sectors":null},{"id":1059,"nameArabic":"??? ????","nameEnglish":"IN GUEZZAM","isActive":true,"lastUpdated":"2022-06-02T01:27:12Z","sectors":null},{"id":1368,"nameArabic":"????????","nameEnglish":"WELLINGTON","isActive":true,"lastUpdated":"2022-06-02T00:49:33Z","sectors":null},{"id":640,"nameArabic":"?????","nameEnglish":"Tabarjal","isActive":true,"lastUpdated":"2022-06-02T00:25:23Z","sectors":null},{"id":668,"nameArabic":"?????","nameEnglish":"Farsan","isActive":true,"lastUpdated":"2022-06-02T00:56:13Z","sectors":null},{"id":620,"nameArabic":"??????","nameEnglish":"Al Zilfi","isActive":true,"lastUpdated":"2022-06-02T01:27:03Z","sectors":null},{"id":811,"nameArabic":"???????????","nameEnglish":"Kotaknabalo","isActive":true,"lastUpdated":"2022-06-02T01:27:19Z","sectors":null},{"id":1002,"nameArabic":"?????????","nameEnglish":"GUANGZHOU","isActive":true,"lastUpdated":"2022-06-02T00:25:34Z","sectors":null},{"id":1031,"nameArabic":"??????","nameEnglish":"Basra","isActive":true,"lastUpdated":"2022-06-02T01:06:18Z","sectors":null},{"id":819,"nameArabic":"??????","nameEnglish":"Srinagar","isActive":true,"lastUpdated":"2022-06-02T01:27:15Z","sectors":null},{"id":43,"nameArabic":"???????","nameEnglish":"Conakry","isActive":true,"lastUpdated":"2022-06-02T01:29:52Z","sectors":null},{"id":951,"nameArabic":"??????","nameEnglish":"yangon","isActive":true,"lastUpdated":"2022-06-02T01:32:33Z","sectors":null},{"id":1074,"nameArabic":"????? ?????","nameEnglish":"Kuala Namu International Airport","isActive":true,"lastUpdated":"2022-06-02T01:31:13Z","sectors":null},{"id":658,"nameArabic":"???? ????","nameEnglish":"Rejal Elmaa","isActive":true,"lastUpdated":"2022-06-02T00:37:30Z","sectors":null},{"id":730,"nameArabic":"?????","nameEnglish":"Salalah","isActive":true,"lastUpdated":"2022-06-02T01:29:55Z","sectors":null},{"id":673,"nameArabic":"??? ???????","nameEnglish":"Sabt Al Alayah","isActive":true,"lastUpdated":"2022-06-02T00:43:05Z","sectors":null},{"id":621,"nameArabic":"???????","nameEnglish":"Huraymala","isActive":true,"lastUpdated":"2022-06-02T00:43:06Z","sectors":null},{"id":732,"nameArabic":"????","nameEnglish":"Jdba","isActive":true,"lastUpdated":"2022-06-02T00:49:38Z","sectors":null},{"id":20,"nameArabic":"??????","nameEnglish":"Canberra","isActive":true,"lastUpdated":"2022-06-02T00:50:07Z","sectors":null},{"id":801,"nameArabic":"?????","nameEnglish":"KONYA","isActive":true,"lastUpdated":"2022-06-02T00:50:21Z","sectors":null},{"id":866,"nameArabic":"??????","nameEnglish":"bronay","isActive":true,"lastUpdated":"2022-06-02T01:33:13Z","sectors":null},{"id":626,"nameArabic":"???? ???????","nameEnglish":"Wadi ad-Dawasir","isActive":true,"lastUpdated":"2022-06-02T01:06:16Z","sectors":null},{"id":66,"nameArabic":"?????","nameEnglish":"Tahran","isActive":true,"lastUpdated":"2022-06-02T01:11:48Z","sectors":null},{"id":838,"nameArabic":"?????","nameEnglish":"KADUNA","isActive":true,"lastUpdated":"2022-06-02T01:11:48Z","sectors":null},{"id":877,"nameArabic":"???????","nameEnglish":"Auckland","isActive":true,"lastUpdated":"2022-06-02T01:11:50Z","sectors":null},{"id":1012,"nameArabic":"??????","nameEnglish":"TERMIZ","isActive":true,"lastUpdated":"2022-06-02T01:12:35Z","sectors":null},{"id":805,"nameArabic":"???","nameEnglish":"VAN","isActive":true,"lastUpdated":"2022-06-02T01:16:49Z","sectors":null},{"id":35,"nameArabic":"??????","nameEnglish":"SUEZ","isActive":true,"lastUpdated":"2022-06-02T00:13:43Z","sectors":null},{"id":390021126,"nameArabic":"??????","nameEnglish":"LANCASTER","isActive":true,"lastUpdated":"2022-06-02T00:13:46Z","sectors":null},{"id":703,"nameArabic":"??? ?????","nameEnglish":"Nur-Sultan","isActive":true,"lastUpdated":"2022-06-02T00:20:00Z","sectors":null},{"id":666,"nameArabic":"????","nameEnglish":"Sabya","isActive":true,"lastUpdated":"2022-06-02T00:20:39Z","sectors":null},{"id":390021207,"nameArabic":"??????","nameEnglish":"Al-Ubayyid","isActive":true,"lastUpdated":"2022-06-02T00:20:41Z","sectors":null},{"id":85,"nameArabic":"????","nameEnglish":"Damascus","isActive":true,"lastUpdated":"2022-06-02T00:31:04Z","sectors":null},{"id":978,"nameArabic":"?????","nameEnglish":"MULTAN","isActive":true,"lastUpdated":"2022-06-02T00:31:17Z","sectors":null},{"id":852,"nameArabic":"???????","nameEnglish":"Hamburg","isActive":true,"lastUpdated":"2022-06-02T00:49:39Z","sectors":null},{"id":723,"nameArabic":"???","nameEnglish":"Taiz","isActive":true,"lastUpdated":"2022-06-02T01:27:08Z","sectors":null},{"id":1098,"nameArabic":"?????? ??????","nameEnglish":"Edremit\/Korfez","isActive":true,"lastUpdated":"2022-06-02T00:55:54Z","sectors":null},{"id":390021123,"nameArabic":"???? ???","nameEnglish":"BLACKPOOL","isActive":true,"lastUpdated":"2022-06-02T00:56:00Z","sectors":null},{"id":750,"nameArabic":"??????","nameEnglish":"Baida","isActive":true,"lastUpdated":"2022-06-02T01:12:08Z","sectors":null},{"id":757,"nameArabic":"??????","nameEnglish":"Aghadeer","isActive":true,"lastUpdated":"2022-06-02T01:14:14Z","sectors":null},{"id":787,"nameArabic":"??????","nameEnglish":"ARDEBIL","isActive":true,"lastUpdated":"2022-06-02T01:32:04Z","sectors":null},{"id":1087,"nameArabic":"????????","nameEnglish":"Namangan","isActive":true,"lastUpdated":"2022-06-02T01:32:09Z","sectors":null},{"id":971,"nameArabic":"??????","nameEnglish":"SKOPJE","isActive":true,"lastUpdated":"2022-06-02T01:32:37Z","sectors":null},{"id":720,"nameArabic":"?????","nameEnglish":"Seiyun","isActive":true,"lastUpdated":"2022-06-02T01:27:14Z","sectors":null},{"id":856,"nameArabic":"?????","nameEnglish":"Zurich","isActive":true,"lastUpdated":"2022-06-02T00:14:05Z","sectors":null},{"id":92,"nameArabic":"??????","nameEnglish":"Mogadishu","isActive":true,"lastUpdated":"2022-06-02T00:19:55Z","sectors":null},{"id":721,"nameArabic":"???????","nameEnglish":"Hodeidah","isActive":true,"lastUpdated":"2022-06-02T00:20:08Z","sectors":null},{"id":678,"nameArabic":"???? ?????","nameEnglish":"Sarat Obeida","isActive":true,"lastUpdated":"2022-06-02T00:25:27Z","sectors":null},{"id":3334,"nameArabic":"????????","nameEnglish":"Monrovia","isActive":true,"lastUpdated":"2022-06-02T00:25:38Z","sectors":null},{"id":606,"nameArabic":"????","nameEnglish":"Tabuk","isActive":true,"lastUpdated":"2022-06-02T00:31:14Z","sectors":null},{"id":14,"nameArabic":"????","nameEnglish":"Geneva","isActive":true,"lastUpdated":"2022-06-02T00:37:31Z","sectors":null},{"id":390021205,"nameArabic":"????????","nameEnglish":"Unalaska","isActive":true,"lastUpdated":"2022-06-02T00:47:03Z","sectors":null},{"id":936,"nameArabic":"????????","nameEnglish":"BORG ELARAB","isActive":true,"lastUpdated":"2022-06-02T00:49:50Z","sectors":null},{"id":390021160,"nameArabic":"????","nameEnglish":"LIEGE","isActive":true,"lastUpdated":"2022-06-02T00:49:55Z","sectors":null},{"id":990,"nameArabic":"??????","nameEnglish":"BIRJAND","isActive":true,"lastUpdated":"2022-06-02T01:00:36Z","sectors":null},{"id":947,"nameArabic":"??????? ","nameEnglish":"MULHOUSE","isActive":true,"lastUpdated":"2022-06-02T01:01:13Z","sectors":null},{"id":390021142,"nameArabic":"???????","nameEnglish":"Michigan","isActive":true,"lastUpdated":"2022-06-02T01:06:23Z","sectors":null},{"id":955,"nameArabic":"?????? ","nameEnglish":"PARIS","isActive":true,"lastUpdated":"2022-06-02T01:29:52Z","sectors":null},{"id":624,"nameArabic":"?????","nameEnglish":"Al kharj","isActive":true,"lastUpdated":"2022-06-02T01:16:38Z","sectors":null},{"id":390021125,"nameArabic":"??????","nameEnglish":"BOLTON","isActive":true,"lastUpdated":"2022-06-02T01:35:03Z","sectors":null},{"id":82,"nameArabic":"?????  ????","nameEnglish":"BuenosAires","isActive":true,"lastUpdated":"2022-06-02T00:14:08Z","sectors":null},{"id":1025,"nameArabic":"????????","nameEnglish":"CHITTAGONG","isActive":true,"lastUpdated":"2022-06-02T00:14:16Z","sectors":null},{"id":88,"nameArabic":"?????","nameEnglish":"LAGOS","isActive":true,"lastUpdated":"2022-06-02T00:19:58Z","sectors":null},{"id":740,"nameArabic":"????????","nameEnglish":"Konstanz","isActive":true,"lastUpdated":"2022-06-02T00:19:59Z","sectors":null},{"id":1064,"nameArabic":"???????","nameEnglish":"PREVEZA","isActive":true,"lastUpdated":"2022-06-02T00:20:06Z","sectors":null},{"id":1128,"nameArabic":"?????","nameEnglish":"Vantaa ","isActive":true,"lastUpdated":"2022-06-02T00:20:09Z","sectors":null},{"id":659,"nameArabic":"????","nameEnglish":"Bishah","isActive":true,"lastUpdated":"2022-06-02T00:31:15Z","sectors":null},{"id":71,"nameArabic":"?????","nameEnglish":"Moscow","isActive":true,"lastUpdated":"2022-06-02T01:18:56Z","sectors":null},{"id":706,"nameArabic":"????????","nameEnglish":"Pretoria","isActive":true,"lastUpdated":"2022-06-02T00:50:31Z","sectors":null},{"id":142,"nameArabic":"????","nameEnglish":"OSLO","isActive":true,"lastUpdated":"2022-06-02T01:00:55Z","sectors":null},{"id":661,"nameArabic":"??????","nameEnglish":"Baha","isActive":true,"lastUpdated":"2022-06-02T01:00:56Z","sectors":null},{"id":1046,"nameArabic":"??????? ??????","nameEnglish":"TORONTO-PEARSON","isActive":true,"lastUpdated":"2022-06-02T01:01:11Z","sectors":null},{"id":835,"nameArabic":"????","nameEnglish":"MALE","isActive":true,"lastUpdated":"2022-06-02T01:01:14Z","sectors":null},{"id":390021087,"nameArabic":"????????????","nameEnglish":"Antananarivo","isActive":true,"lastUpdated":"2022-06-02T01:01:20Z","sectors":null},{"id":632,"nameArabic":"????","nameEnglish":"Turayf","isActive":true,"lastUpdated":"2022-06-02T01:06:13Z","sectors":null},{"id":832,"nameArabic":"???? ??????","nameEnglish":"Bobo Delaso","isActive":true,"lastUpdated":"2022-06-02T01:11:50Z","sectors":null},{"id":625,"nameArabic":"???????","nameEnglish":"AL-aflaj","isActive":true,"lastUpdated":"2022-06-02T01:21:50Z","sectors":null},{"id":390021118,"nameArabic":"????? ","nameEnglish":"BONDY","isActive":true,"lastUpdated":"2022-06-02T01:32:11Z","sectors":null},{"id":710,"nameArabic":"??? ??????","nameEnglish":"Darussalam","isActive":true,"lastUpdated":"2022-06-02T01:37:04Z","sectors":null},{"id":19,"nameArabic":"??????","nameEnglish":"Mexico","isActive":true,"lastUpdated":"2022-06-02T00:19:55Z","sectors":null},{"id":390021172,"nameArabic":"???????","nameEnglish":"MAASTRICHT","isActive":true,"lastUpdated":"2022-06-02T00:20:40Z","sectors":null},{"id":95,"nameArabic":"???  ??????","nameEnglish":"Los Angelis","isActive":true,"lastUpdated":"2022-06-02T00:31:19Z","sectors":null},{"id":775,"nameArabic":"????","nameEnglish":"Bashir","isActive":true,"lastUpdated":"2022-06-02T01:29:20Z","sectors":null},{"id":1022,"nameArabic":"??????","nameEnglish":"GAUHATI","isActive":true,"lastUpdated":"2022-06-02T01:34:34Z","sectors":null},{"id":716,"nameArabic":"??????","nameEnglish":"Lisbon","isActive":true,"lastUpdated":"2022-06-02T00:37:36Z","sectors":null},{"id":390021097,"nameArabic":"???? ????????","nameEnglish":"BRITISH COLUMBIA","isActive":true,"lastUpdated":"2022-06-02T00:38:00Z","sectors":null},{"id":964,"nameArabic":"???????","nameEnglish":"MERZIFON","isActive":true,"lastUpdated":"2022-06-02T00:55:42Z","sectors":null},{"id":804,"nameArabic":"???????","nameEnglish":"Trabzon","isActive":true,"lastUpdated":"2022-06-02T01:06:14Z","sectors":null},{"id":823,"nameArabic":"??????","nameEnglish":"Larnaca","isActive":true,"lastUpdated":"2022-06-02T01:07:01Z","sectors":null},{"id":871,"nameArabic":"????????","nameEnglish":"Bdowazfel","isActive":true,"lastUpdated":"2022-06-02T01:11:51Z","sectors":null},{"id":761,"nameArabic":"????","nameEnglish":"Oujda","isActive":true,"lastUpdated":"2022-06-02T01:11:57Z","sectors":null},{"id":119,"nameArabic":"??? ?????","nameEnglish":"Comoros Islands","isActive":true,"lastUpdated":"2022-06-02T01:37:04Z","sectors":null},{"id":390021145,"nameArabic":"???????","nameEnglish":"New�Jersey","isActive":true,"lastUpdated":"2022-06-02T00:13:47Z","sectors":null},{"id":979,"nameArabic":"???? ??? ???","nameEnglish":"RAHIMYARKHAN","isActive":true,"lastUpdated":"2022-06-02T00:14:06Z","sectors":null},{"id":1005,"nameArabic":"???????","nameEnglish":"KUNMING","isActive":true,"lastUpdated":"2022-06-02T01:18:56Z","sectors":null},{"id":741,"nameArabic":"??????","nameEnglish":"Gharda�a","isActive":true,"lastUpdated":"2022-06-02T00:20:24Z","sectors":null},{"id":773,"nameArabic":"???","nameEnglish":"Yazd","isActive":true,"lastUpdated":"2022-06-02T00:49:39Z","sectors":null},{"id":602,"nameArabic":"???","nameEnglish":"Jeddah","isActive":true,"lastUpdated":"2022-06-02T01:22:05Z","sectors":null},{"id":709,"nameArabic":"??????","nameEnglish":"Tirana","isActive":true,"lastUpdated":"2022-06-02T01:26:50Z","sectors":null},{"id":390021146,"nameArabic":"??????","nameEnglish":"Illinois�","isActive":true,"lastUpdated":"2022-06-02T00:55:55Z","sectors":null},{"id":858,"nameArabic":"????","nameEnglish":"LYON","isActive":true,"lastUpdated":"2022-06-02T01:06:18Z","sectors":null},{"id":719,"nameArabic":"???????","nameEnglish":"Budapest","isActive":true,"lastUpdated":"2022-06-02T01:32:06Z","sectors":null},{"id":766,"nameArabic":"?????","nameEnglish":"NADOR","isActive":true,"lastUpdated":"2022-06-02T01:12:05Z","sectors":null},{"id":106,"nameArabic":"????????","nameEnglish":"Mauritius","isActive":true,"lastUpdated":"2022-06-02T01:12:11Z","sectors":null},{"id":731,"nameArabic":"???","nameEnglish":"Gaza","isActive":true,"lastUpdated":"2022-06-02T01:16:50Z","sectors":null},{"id":390021169,"nameArabic":"?????","nameEnglish":"HAUSEN","isActive":true,"lastUpdated":"2022-06-02T01:21:34Z","sectors":null},{"id":1063,"nameArabic":" ??????? ???????","nameEnglish":"PALMA DE MALLORCA","isActive":true,"lastUpdated":"2022-06-02T01:21:50Z","sectors":null},{"id":707,"nameArabic":"???? ??? ?????","nameEnglish":"Bandar Ser Begawan ","isActive":true,"lastUpdated":"2022-06-02T01:21:52Z","sectors":null},{"id":25,"nameArabic":"??????","nameEnglish":"Washington","isActive":true,"lastUpdated":"2022-06-02T01:22:06Z","sectors":null},{"id":390021112,"nameArabic":"????????","nameEnglish":"BLANTYRE","isActive":true,"lastUpdated":"2022-06-02T01:22:15Z","sectors":null},{"id":783,"nameArabic":"???","nameEnglish":"RASHT","isActive":true,"lastUpdated":"2022-06-02T01:26:50Z","sectors":null},{"id":3335,"nameArabic":"???????","nameEnglish":"Kinshasa","isActive":true,"lastUpdated":"2022-06-02T00:13:47Z","sectors":null},{"id":633,"nameArabic":"?????","nameEnglish":"Rafha","isActive":true,"lastUpdated":"2022-06-02T00:14:06Z","sectors":null},{"id":1045,"nameArabic":"???????? ????","nameEnglish":"LONDON Stansted","isActive":true,"lastUpdated":"2022-06-02T00:14:17Z","sectors":null},{"id":638,"nameArabic":"?????","nameEnglish":"Al Jowf","isActive":true,"lastUpdated":"2022-06-02T01:32:03Z","sectors":null},{"id":786,"nameArabic":"??????","nameEnglish":"ABADAN","isActive":true,"lastUpdated":"2022-06-02T01:38:08Z","sectors":null},{"id":1028,"nameArabic":" ??????","nameEnglish":"JAIPUR","isActive":true,"lastUpdated":"2022-06-02T01:26:56Z","sectors":null},{"id":390021114,"nameArabic":"?????","nameEnglish":"MULHOUSE","isActive":true,"lastUpdated":"2022-06-02T00:25:06Z","sectors":null},{"id":390021161,"nameArabic":"??????? ","nameEnglish":"VENESIA","isActive":true,"lastUpdated":"2022-06-02T01:27:33Z","sectors":null},{"id":39,"nameArabic":"??????","nameEnglish":"Jakarta","isActive":true,"lastUpdated":"2022-06-02T01:37:49Z","sectors":null},{"id":981,"nameArabic":"?????","nameEnglish":"ERBIL","isActive":true,"lastUpdated":"2022-06-02T01:00:56Z","sectors":null},{"id":390021216,"nameArabic":"??? ??????","nameEnglish":"Lake Rudolf","isActive":true,"lastUpdated":"2022-06-02T01:11:36Z","sectors":null},{"id":860,"nameArabic":"????????","nameEnglish":"Amsterdam","isActive":true,"lastUpdated":"2022-06-02T01:06:19Z","sectors":null},{"id":69,"nameArabic":"???????","nameEnglish":"NDjamena","isActive":true,"lastUpdated":"2022-06-02T00:31:23Z","sectors":null},{"id":759,"nameArabic":"????????","nameEnglish":"Rashidiya","isActive":true,"lastUpdated":"2022-06-02T01:27:04Z","sectors":null},{"id":959,"nameArabic":"???????","nameEnglish":"WASHINGTON","isActive":true,"lastUpdated":"2022-06-02T01:14:20Z","sectors":null},{"id":859,"nameArabic":"?????","nameEnglish":"TOULOUSE","isActive":true,"lastUpdated":"2022-06-02T00:43:06Z","sectors":null},{"id":108,"nameArabic":"???? ????","nameEnglish":"hong kong","isActive":true,"lastUpdated":"2022-06-02T01:29:55Z","sectors":null},{"id":1003,"nameArabic":"???????? ","nameEnglish":"YINCHUAN","isActive":true,"lastUpdated":"2022-06-02T00:37:31Z","sectors":null},{"id":390021203,"nameArabic":"???????","nameEnglish":"Canakkale","isActive":true,"lastUpdated":"2022-06-02T00:37:51Z","sectors":null},{"id":390021098,"nameArabic":"??????","nameEnglish":"DUNDAS","isActive":true,"lastUpdated":"2022-06-02T01:16:31Z","sectors":null},{"id":756,"nameArabic":"??????","nameEnglish":"Arish","isActive":true,"lastUpdated":"2022-06-02T00:43:13Z","sectors":null},{"id":24,"nameArabic":"???","nameEnglish":"Bon","isActive":true,"lastUpdated":"2022-06-02T01:32:05Z","sectors":null},{"id":89,"nameArabic":"?????","nameEnglish":"Niamey","isActive":true,"lastUpdated":"2022-06-02T00:49:43Z","sectors":null},{"id":844,"nameArabic":"????","nameEnglish":"YOLA","isActive":false,"lastUpdated":"2022-06-02T01:01:21Z","sectors":null},{"id":937,"nameArabic":"???????","nameEnglish":"HURGHADA","isActive":true,"lastUpdated":"2022-06-02T01:01:11Z","sectors":null},{"id":390021129,"nameArabic":"?????","nameEnglish":"CRAWLEY","isActive":true,"lastUpdated":"2022-06-02T00:52:58Z","sectors":null},{"id":935,"nameArabic":"???????","nameEnglish":"HARGEISA","isActive":true,"lastUpdated":"2022-06-02T00:55:40Z","sectors":null},{"id":854,"nameArabic":"??? ????","nameEnglish":"Nuremberg","isActive":true,"lastUpdated":"2022-06-02T00:55:40Z","sectors":null},{"id":33,"nameArabic":"????  ?????","nameEnglish":"Addis Ababa","isActive":true,"lastUpdated":"2022-06-02T00:55:43Z","sectors":null},{"id":1070,"nameArabic":"???? ????? ??????????","nameEnglish":"Moscow Domodedovo Airport","isActive":true,"lastUpdated":"2022-06-02T01:00:38Z","sectors":null},{"id":1038,"nameArabic":"??????","nameEnglish":"Mosul","isActive":true,"lastUpdated":"2022-06-02T01:00:41Z","sectors":null},{"id":390021157,"nameArabic":"??????","nameEnglish":"MECHELEN","isActive":true,"lastUpdated":"2022-06-02T01:00:43Z","sectors":null},{"id":1131,"nameArabic":"????","nameEnglish":"Pisa ","isActive":true,"lastUpdated":"2022-06-02T01:00:44Z","sectors":null},{"id":390021119,"nameArabic":"??????","nameEnglish":"LIMERO","isActive":true,"lastUpdated":"2022-06-02T01:00:44Z","sectors":null},{"id":821,"nameArabic":"?????","nameEnglish":"LUCKNOW","isActive":true,"lastUpdated":"2022-06-02T01:12:35Z","sectors":null},{"id":390021134,"nameArabic":"???????","nameEnglish":"COVENTRY","isActive":true,"lastUpdated":"2022-06-02T01:27:07Z","sectors":null},{"id":3337,"nameArabic":"????????","nameEnglish":"Kathmandu","isActive":true,"lastUpdated":"2022-06-02T01:06:26Z","sectors":null},{"id":810,"nameArabic":"??????","nameEnglish":"Penang","isActive":true,"lastUpdated":"2022-06-02T01:08:46Z","sectors":null},{"id":18,"nameArabic":"??????","nameEnglish":"Abu Dhabi","isActive":true,"lastUpdated":"2022-06-02T01:11:49Z","sectors":null},{"id":927,"nameArabic":"?????","nameEnglish":"BECHAR","isActive":true,"lastUpdated":"2022-06-02T01:11:50Z","sectors":null},{"id":952,"nameArabic":"??????","nameEnglish":"Helsinki","isActive":true,"lastUpdated":"2022-06-02T01:11:58Z","sectors":null},{"id":390021147,"nameArabic":"???????","nameEnglish":"Oregon","isActive":true,"lastUpdated":"2022-06-02T01:16:35Z","sectors":null},{"id":390021132,"nameArabic":"???? ????????","nameEnglish":"WEST YORKSHIRE","isActive":true,"lastUpdated":"2022-06-02T01:12:37Z","sectors":null},{"id":726,"nameArabic":"???????","nameEnglish":"Sharjah","isActive":true,"lastUpdated":"2022-06-02T01:32:08Z","sectors":null},{"id":390021143,"nameArabic":"???????","nameEnglish":"Florida","isActive":true,"lastUpdated":"2022-06-02T01:32:11Z","sectors":null},{"id":960,"nameArabic":"???????","nameEnglish":"NEW YORK","isActive":true,"lastUpdated":"2022-06-02T01:37:06Z","sectors":null},{"id":950,"nameArabic":"????????","nameEnglish":"MARSEILLE","isActive":true,"lastUpdated":"2022-06-02T01:37:08Z","sectors":null},{"id":758,"nameArabic":"????? ???????","nameEnglish":"Casablanca","isActive":true,"lastUpdated":"2022-06-02T01:37:15Z","sectors":null},{"id":868,"nameArabic":"???????","nameEnglish":"ormoge","isActive":true,"lastUpdated":"2022-06-02T01:37:16Z","sectors":null},{"id":390021212,"nameArabic":"???????","nameEnglish":"Nanwalek ","isActive":true,"lastUpdated":"2022-06-02T00:13:49Z","sectors":null},{"id":390021208,"nameArabic":"???????","nameEnglish":"Genting�","isActive":true,"lastUpdated":"2022-06-02T00:13:55Z","sectors":null},{"id":880,"nameArabic":"??????","nameEnglish":"FERGANA","isActive":true,"lastUpdated":"2022-06-02T00:14:15Z","sectors":null},{"id":815,"nameArabic":"???????","nameEnglish":"Calcutta","isActive":true,"lastUpdated":"2022-06-02T00:19:59Z","sectors":null},{"id":608,"nameArabic":"?????","nameEnglish":"Khobar","isActive":true,"lastUpdated":"2022-06-02T00:20:08Z","sectors":null},{"id":795,"nameArabic":"???????","nameEnglish":"Anatolia","isActive":true,"lastUpdated":"2022-06-02T01:26:57Z","sectors":null},{"id":842,"nameArabic":"???? ??????","nameEnglish":"PORT HARCOURT","isActive":true,"lastUpdated":"2022-06-02T00:50:32Z","sectors":null},{"id":390021155,"nameArabic":"????","nameEnglish":"CUREPE\u200F","isActive":true,"lastUpdated":"2022-06-02T00:55:31Z","sectors":null},{"id":778,"nameArabic":"????","nameEnglish":"Mashad","isActive":true,"lastUpdated":"2022-06-02T00:57:54Z","sectors":null},{"id":5,"nameArabic":"????","nameEnglish":"Tunisia","isActive":true,"lastUpdated":"2022-06-02T01:12:16Z","sectors":null},{"id":16,"nameArabic":"??????","nameEnglish":"Lusaka","isActive":true,"lastUpdated":"2022-06-02T01:37:08Z","sectors":null},{"id":390021180,"nameArabic":"?????","nameEnglish":"ALNAJAF","isActive":true,"lastUpdated":"2022-06-02T01:37:16Z","sectors":null},{"id":390021184,"nameArabic":"????","nameEnglish":"DUTSE","isActive":true,"lastUpdated":"2022-06-02T01:00:45Z","sectors":null},{"id":785,"nameArabic":"????????","nameEnglish":"Baketran","isActive":true,"lastUpdated":"2022-06-02T01:21:32Z","sectors":null},{"id":1065,"nameArabic":"????","nameEnglish":"RODOS","isActive":true,"lastUpdated":"2022-06-02T00:14:06Z","sectors":null},{"id":739,"nameArabic":"?????","nameEnglish":"Annaba","isActive":true,"lastUpdated":"2022-06-02T00:14:16Z","sectors":null},{"id":390001085,"nameArabic":"?????","nameEnglish":"Ajman","isActive":true,"lastUpdated":"2022-06-02T01:21:34Z","sectors":null},{"id":1004,"nameArabic":"???????","nameEnglish":"LANZHOU","isActive":true,"lastUpdated":"2022-06-02T00:19:57Z","sectors":null},{"id":725,"nameArabic":"???????","nameEnglish":"Fujairah","isActive":true,"lastUpdated":"2022-06-02T00:20:07Z","sectors":null},{"id":390021217,"nameArabic":"?????","nameEnglish":"Momote","isActive":true,"lastUpdated":"2022-06-02T01:32:12Z","sectors":null},{"id":390001126,"nameArabic":"??????? ","nameEnglish":"??????? ","isActive":true,"lastUpdated":"2022-06-02T01:32:40Z","sectors":null},{"id":1105,"nameArabic":"???????","nameEnglish":"Shungnak","isActive":true,"lastUpdated":"2022-06-02T01:32:41Z","sectors":null},{"id":738,"nameArabic":"????","nameEnglish":"Tozeur","isActive":true,"lastUpdated":"2022-06-02T01:22:06Z","sectors":null},{"id":390021117,"nameArabic":"???? ?????","nameEnglish":"SAINT ETIENNE","isActive":true,"lastUpdated":"2022-06-02T00:31:24Z","sectors":null},{"id":40,"nameArabic":"?????","nameEnglish":"Beirut","isActive":true,"lastUpdated":"2022-06-02T01:00:52Z","sectors":null},{"id":995,"nameArabic":"?????","nameEnglish":"LEREH","isActive":true,"lastUpdated":"2022-06-02T01:01:15Z","sectors":null},{"id":1101,"nameArabic":"????????","nameEnglish":"Anadolu","isActive":true,"lastUpdated":"2022-06-02T00:37:00Z","sectors":null},{"id":390021223,"nameArabic":"???? ???","nameEnglish":"Marsa Alam","isActive":true,"lastUpdated":"2022-06-02T00:37:04Z","sectors":null},{"id":1001,"nameArabic":"????? ????","nameEnglish":"SOLO","isActive":true,"lastUpdated":"2022-06-02T01:22:08Z","sectors":null},{"id":1091,"nameArabic":"???????????","nameEnglish":"Huntingburg","isActive":true,"lastUpdated":"2022-06-02T00:47:02Z","sectors":null},{"id":45,"nameArabic":"??????","nameEnglish":"Bombay","isActive":true,"lastUpdated":"2022-06-02T00:43:25Z","sectors":null},{"id":390001105,"nameArabic":"??????","nameEnglish":"Chicago","isActive":true,"lastUpdated":"2022-06-02T01:33:13Z","sectors":null},{"id":390021211,"nameArabic":"????? ????","nameEnglish":"Cengiz Topel","isActive":true,"lastUpdated":"2022-06-02T00:49:32Z","sectors":null},{"id":22,"nameArabic":"????","nameEnglish":"London","isActive":true,"lastUpdated":"2022-06-02T01:01:15Z","sectors":null},{"id":715,"nameArabic":"??????","nameEnglish":"Colombo","isActive":true,"lastUpdated":"2022-06-02T00:49:50Z","sectors":null},{"id":96,"nameArabic":"????","nameEnglish":"Beken","isActive":true,"lastUpdated":"2022-06-02T00:50:36Z","sectors":null},{"id":23,"nameArabic":"?????","nameEnglish":"OTAWA","isActive":true,"lastUpdated":"2022-06-02T01:34:35Z","sectors":null},{"id":390021215,"nameArabic":"????? ????","nameEnglish":"Rene Mouawad","isActive":true,"lastUpdated":"2022-06-02T01:22:47Z","sectors":null},{"id":1126,"nameArabic":"?????","nameEnglish":"HERAT","isActive":true,"lastUpdated":"2022-06-02T01:06:21Z","sectors":null},{"id":390021096,"nameArabic":"?????","nameEnglish":"MALMO","isActive":true,"lastUpdated":"2022-06-02T01:06:22Z","sectors":null},{"id":1096,"nameArabic":"??? ?????","nameEnglish":"Gag Island","isActive":true,"lastUpdated":"2022-06-02T00:55:53Z","sectors":null},{"id":390021102,"nameArabic":"???? ????????","nameEnglish":"LONDON ONTARIO","isActive":true,"lastUpdated":"2022-06-02T00:55:55Z","sectors":null},{"id":390021197,"nameArabic":"??????","nameEnglish":"Mardin","isActive":true,"lastUpdated":"2022-06-02T01:11:35Z","sectors":null},{"id":390021186,"nameArabic":"???????","nameEnglish":"ILORIN","isActive":true,"lastUpdated":"2022-06-02T01:12:17Z","sectors":null},{"id":390021209,"nameArabic":"?????","nameEnglish":"Magas�","isActive":true,"lastUpdated":"2022-06-02T01:14:21Z","sectors":null},{"id":941,"nameArabic":"????????","nameEnglish":"PORT SUDAN","isActive":true,"lastUpdated":"2022-06-02T01:16:27Z","sectors":null},{"id":994,"nameArabic":"?????? ????????","nameEnglish":"UJUNG PANDANG","isActive":true,"lastUpdated":"2022-06-02T01:16:28Z","sectors":null},{"id":390021177,"nameArabic":"???? ???","nameEnglish":"Phnom Penh","isActive":true,"lastUpdated":"2022-06-02T01:16:31Z","sectors":null},{"id":1102,"nameArabic":"??????","nameEnglish":"Denison Municipal","isActive":true,"lastUpdated":"2022-06-02T01:27:05Z","sectors":null},{"id":956,"nameArabic":"???","nameEnglish":"LILLE","isActive":true,"lastUpdated":"2022-06-02T01:32:02Z","sectors":null},{"id":64,"nameArabic":"??????","nameEnglish":"Brussels","isActive":true,"lastUpdated":"2022-06-02T01:32:07Z","sectors":null},{"id":390021190,"nameArabic":"??? ????","nameEnglish":"Balikesir","isActive":true,"lastUpdated":"2022-06-02T01:32:12Z","sectors":null}]

[main] INFO com.shaft.tools.io.ReportManagerHelper - [ReportManager] File Action "DoesFileExist" successfully performed. With the following test data "File Path: "Lookups_cities_schema.json"". @12-10-2022 16:10:59.0359 PM
[main] INFO com.shaft.tools.io.ReportManagerHelper - [ReportManager] File Action "DoesFileExist" successfully performed. With the following test data "File Path: "src/test/resources/testDataFiles/Lookups_cities_schema.json"". @12-10-2022 16:10:59.0360 PM
[main] INFO com.shaft.tools.io.ReportManagerHelper - [ReportManager] File Action "GetAbsolutePath" successfully performed. With the following test data "Relative Folder Path: "src/test/resources/testDataFiles/Lookups_cities_schema.json"". @12-10-2022 16:10:59.0360 PM
[main] INFO com.shaft.tools.io.ReportManagerHelper - [ReportManager] File Action "DoesFileExist" successfully performed. With the following test data "File Path: "C:\eclipse-workspace\MyProjects\TASystemsAPIs\src\test\resources\testDataFiles\Lookups_cities_schema.json"". @12-10-2022 16:11:00.0085 PM
[main] INFO com.shaft.tools.io.ReportManagerHelper - [ReportManager] File Action "GetAbsolutePath" successfully performed. With the following test data "Relative Folder Path: "C:\eclipse-workspace\MyProjects\TASystemsAPIs\src\test\resources\testDataFiles\Lookups_cities_schema.json"". @12-10-2022 16:11:00.0085 PM
[main] INFO com.shaft.tools.io.ReportManagerHelper - [ReportManager] File Action "ReadFromFile" successfully performed. With the following test data "File Path: "C:\eclipse-workspace\MyProjects\TASystemsAPIs\src\test\resources\testDataFiles\Lookups_cities_schema.json"". @12-10-2022 16:11:00.0086 PM
[main] INFO com.shaft.tools.io.ReportManagerHelper - [ReportManager] Successfully created attachment "Validation Test Data - Expected JSON Value" @12-10-2022 16:11:00.0117 PM
[main] INFO com.shaft.tools.io.ReportManagerHelper - [ReportManager] Debugging Attachment Entry @12-10-2022 16:11:00.0117 PM
{
  "$schema": "http://json-schema.org/draft-04/schema#",
  "type": "object",
  "properties": {
    "size": {
      "type": "integer"
    },
    "totalPages": {
      "type": "integer"
    },
    "page": {
      "type": "integer"
    },
    "content": {
      "type": "array",
      "items": [
        {
          "type": "object",
          "properties": {
            "lastUpdated": {
              "type": "string"
            },
            "sectors": {
              "type": "null"
            },
            "nameArabic": {
              "type": "string"
            },
            "nameEnglish": {
              "type": "string"
            },
            "id": {
              "type": "integer"
            },
            "isActive": {
              "type": "boolean"
            }
          },
          "required": [
            "id",
            "nameArabic",
            "nameEnglish",
            "isActive",
            "lastUpdated",
            "sectors"
          ]
        }
      ]
    },
    "totalElements": {
      "type": "integer"
    }
  },
  "required": [
    "page",
    "size",
    "totalPages",
    "totalElements",
    "content"
  ]
}

[main] INFO com.shaft.tools.io.ReportManagerHelper - [ReportManager] Successfully created attachment "Validation Test Data - Actual JSON Value" @12-10-2022 16:11:00.0119 PM
[main] INFO com.shaft.tools.io.ReportManagerHelper - [ReportManager] Debugging Attachment Entry @12-10-2022 16:11:00.0119 PM
{
  "size": 2147483647,
  "totalPages": 1,
  "page": 0,
  "content": [
    {
      "lastUpdated": "2022-06-02T00:13:35Z",
      "nameArabic": "???? ?????? ??????",
      "nameEnglish": "Denizli Cardak Airport",
      "id": 1071,
      "isActive": true
    },
    {
      "lastUpdated": "2022-06-02T00:13:44Z",
      "nameArabic": "?????",
      "nameEnglish": "PRATO",
      "id": 390021162,
      "isActive": true
    },
    {
      "lastUpdated": "2022-06-02T01:21:49Z",
      "nameArabic": "??????????",
      "nameEnglish": "Kuala Lumpur",
      "id": 36,
      "isActive": true
    },
    {
      "lastUpdated": "2022-06-02T00:14:15Z",
      "nameArabic": "????",
      "nameEnglish": "GABES",
      "id": 926,
      "isActive": true
    },
    {
      "lastUpdated": "2022-06-02T01:37:02Z",
      "nameArabic": "???????",
      "nameEnglish": "Solngen",
      "id": 849,
      "isActive": true
    },
    {
      "lastUpdated": "2022-06-02T00:43:05Z",
      "nameArabic": "????",
      "nameEnglish": "Ciba",
      "id": 753,
      "isActive": true
    },
    {
      "lastUpdated": "2022-06-02T00:19:40Z",
      "nameArabic": "??????",
      "nameEnglish": "Tripoli",
      "id": 72,
      "isActive": true
    },
    {
      "lastUpdated": "2022-06-02T00:20:05Z",
      "nameArabic": "??????",
      "nameEnglish": "FRUNZE",
      "id": 1006,
      "isActive": true
    },
    {
      "lastUpdated": "2022-06-02T00:25:20Z",
      "nameArabic": "??????",
      "nameEnglish": "KANDAHAR",
      "id": 985,
      "isActive": true
    },
    {
      "lastUpdated": "2022-06-02T01:16:50Z",
      "nameArabic": "?????",
      "nameEnglish": "Tabrka",
      "id": 736,
      "isActive": true
    },
    {
      "lastUpdated": "2022-06-02T00:25:24Z",
      "nameArabic": "?????",
      "nameEnglish": "Sohag",
      "id": 953,
      "isActive": true
    },
    {
      "lastUpdated": "2022-06-02T01:06:13Z",
      "nameArabic": "??????",
      "nameEnglish": "Cochin",
      "id": 816,
      "isActive": true
    },
    {
      "lastUpdated": "2022-06-02T01:27:12Z",
      "nameArabic": "???? ????",
      "nameEnglish": "Faisalabad",
      "id": 789,
      "isActive": true
    },
    {
      "lastUpdated": "2022-06-02T00:37:19Z",
      "nameArabic": "?????",
      "nameEnglish": "KAZAN",
      "id": 1013,
      "isActive": true
    },
    {
      "lastUpdated": "2022-06-02T01:21:58Z",
      "nameArabic": "???????",
      "nameEnglish": "KAYSERI",
      "id": 794,
      "isActive": true
    },
    {
      "lastUpdated": "2022-06-02T01:27:13Z",
      "nameArabic": "????",
      "nameEnglish": "Tangier",
      "id": 764,
      "isActive": true
    },
    {
      "lastUpdated": "2022-06-02T00:37:28Z",
      "nameArabic": "??????",
      "nameEnglish": "Shahyraz",
      "id": 780,
      "isActive": true
    },
    {
      "lastUpdated": "2022-06-02T01:27:13Z",
      "nameArabic": "?????",
      "nameEnglish": "Tashkent",
      "id": 712,
      "isActive": true
    },
    {
      "lastUpdated": "2022-06-02T00:37:28Z",
      "nameArabic": "??????",
      "nameEnglish": "Samarqand",
      "id": 824,
      "isActive": true
    },
    {
      "lastUpdated": "2022-06-02T01:22:03Z",
      "nameArabic": "?????",
      "nameEnglish": "KRBI",
      "id": 993,
      "isActive": true
    },
    {
      "lastUpdated": "2022-06-02T01:27:21Z",
      "nameArabic": "???????",
      "nameEnglish": "CALICUT",
      "id": 820,
      "isActive": true
    },
    {
      "lastUpdated": "2022-06-02T01:22:03Z",
      "nameArabic": "????",
      "nameEnglish": "KANO",
      "id": 91,
      "isActive": true
    },
    {
      "lastUpdated": "2022-06-02T00:42:58Z",
      "nameArabic": "????",
      "nameEnglish": "Kabul",
      "id": 125,
      "isActive": true
    },
    {
      "lastUpdated": "2022-06-02T00:42:59Z",
      "nameArabic": "?????",
      "nameEnglish": "Vienna",
      "id": 34,
      "isActive": true
    },
    {
      "lastUpdated": "2022-06-02T00:55:27Z",
      "nameArabic": "?????",
      "nameEnglish": "Sanaa",
      "id": 67,
      "isActive": true
    },
    {
      "lastUpdated": "2022-06-02T01:06:13Z",
      "nameArabic": "?????",
      "nameEnglish": "GAROUA",
      "id": 836,
      "isActive": true
    },
    {
      "lastUpdated": "2022-06-02T00:43:00Z",
      "nameArabic": "?????",
      "nameEnglish": "Sfax",
      "id": 735,
      "isActive": true
    },
    {
      "lastUpdated": "2022-06-02T00:43:35Z",
      "nameArabic": "???????",
      "nameEnglish": "FREETOWN",
      "id": 942,
      "isActive": true
    },
    {
      "lastUpdated": "2022-06-02T00:50:06Z",
      "nameArabic": "?????",
      "nameEnglish": "Kerman",
      "id": 777,
      "isActive": true
    },
    {
      "lastUpdated": "2022-06-02T01:22:03Z",
      "nameArabic": "??????",
      "nameEnglish": "Grozny",
      "id": 1034,
      "isActive": true
    },
    {
      "lastUpdated": "2022-06-02T00:50:07Z",
      "nameArabic": "???????",
      "nameEnglish": "CHATEAUROUX",
      "id": 1049,
      "isActive": true
    },
    {
      "lastUpdated": "2022-06-02T01:06:13Z",
      "nameArabic": "??????",
      "nameEnglish": "Clayton",
      "id": 1042,
      "isActive": true
    },
    {
      "lastUpdated": "2022-06-02T01:12:09Z",
      "nameArabic": "???????",
      "nameEnglish": "Kuching",
      "id": 809,
      "isActive": true
    },
    {
      "lastUpdated": "2022-06-02T00:50:08Z",
      "nameArabic": "????? ???????",
      "nameEnglish": "SYLHET OSMANI",
      "id": 1026,
      "isActive": true
    },
    {
      "lastUpdated": "2022-06-02T01:27:14Z",
      "nameArabic": "?????",
      "nameEnglish": "Swaken",
      "id": 1081,
      "isActive": true
    },
    {
      "lastUpdated": "2022-06-02T01:27:15Z",
      "nameArabic": "????????",
      "nameEnglish": "SULAYMANIAH",
      "id": 982,
      "isActive": true
    },
    {
      "lastUpdated": "2022-06-02T01:29:18Z",
      "nameArabic": "??? ?????",
      "nameEnglish": "SHARM EL SHEIK",
      "id": 939,
      "isActive": true
    },
    {
      "lastUpdated": "2022-06-02T01:32:36Z",
      "nameArabic": "??? ????",
      "nameEnglish": "Ashgabat",
      "id": 713,
      "isActive": true
    },
    {
      "lastUpdated": "2022-06-02T01:32:36Z",
      "nameArabic": "????",
      "nameEnglish": "Amman",
      "id": 7,
      "isActive": true
    },
    {
      "lastUpdated": "2022-06-02T01:32:36Z",
      "nameArabic": "?????",
      "nameEnglish": "SIVAS",
      "id": 965,
      "isActive": true
    },
    {
      "lastUpdated": "2022-06-02T01:01:06Z",
      "nameArabic": "??????????",
      "nameEnglish": "Vladikavkaz",
      "id": 1037,
      "isActive": true
    },
    {
      "lastUpdated": "2022-06-02T01:32:36Z",
      "nameArabic": "????????",
      "nameEnglish": "Surabaya",
      "id": 770,
      "isActive": true
    },
    {
      "lastUpdated": "2022-06-02T01:01:06Z",
      "nameArabic": "?????????",
      "nameEnglish": "Frankfort",
      "id": 850,
      "isActive": true
    },
    {
      "lastUpdated": "2022-06-02T01:01:06Z",
      "nameArabic": "?????",
      "nameEnglish": "Seoul",
      "id": 8,
      "isActive": true
    },
    {
      "lastUpdated": "2022-06-02T01:32:38Z",
      "nameArabic": "???",
      "nameEnglish": "Aden",
      "id": 62,
      "isActive": true
    },
    {
      "lastUpdated": "2022-06-02T01:33:12Z",
      "nameArabic": "????????",
      "nameEnglish": "sengafora",
      "id": 79,
      "isActive": true
    },
    {
      "lastUpdated": "2022-06-02T01:01:07Z",
      "nameArabic": "????????",
      "nameEnglish": "SEMONGKONG",
      "id": 845,
      "isActive": true
    },
    {
      "lastUpdated": "2022-06-02T01:16:50Z",
      "nameArabic": "?????????",
      "nameEnglish": "GAZIANTEP",
      "id": 799,
      "isActive": true
    },
    {
      "lastUpdated": "2022-06-02T01:16:50Z",
      "nameArabic": "?????",
      "nameEnglish": "Tokyo",
      "id": 15,
      "isActive": true
    },
    {
      "lastUpdated": "2022-06-02T01:16:52Z",
      "nameArabic": "??????????",
      "nameEnglish": "Casablanca",
      "id": 765,
      "isActive": true
    },
    {
      "lastUpdated": "2022-06-02T01:16:52Z",
      "nameArabic": "????",
      "nameEnglish": "SOCHI",
      "id": 1010,
      "isActive": true
    },
    {
      "lastUpdated": "2022-06-02T01:16:52Z",
      "nameArabic": "????",
      "nameEnglish": "Tbarak",
      "id": 752,
      "isActive": true
    },
    {
      "lastUpdated": "2022-06-02T00:14:05Z",
      "nameArabic": "???????",
      "nameEnglish": "SANTIAGO",
      "id": 883,
      "isActive": true
    },
    {
      "lastUpdated": "2022-06-02T00:16:27Z",
      "nameArabic": "?????",
      "nameEnglish": "Wahdan",
      "id": 743,
      "isActive": true
    },
    {
      "lastUpdated": "2022-06-02T01:18:55Z",
      "nameArabic": "?????",
      "nameEnglish": "SAFAJAH",
      "id": 874,
      "isActive": true
    },
    {
      "lastUpdated": "2022-06-02T01:18:55Z",
      "nameArabic": "???????",
      "nameEnglish": "Sarajevo",
      "id": 711,
      "isActive": true
    },
    {
      "lastUpdated": "2022-06-02T00:19:40Z",
      "nameArabic": "?????????",
      "nameEnglish": "STRASBOURG",
      "id": 958,
      "isActive": true
    },
    {
      "lastUpdated": "2022-06-02T01:22:14Z",
      "nameArabic": "?????",
      "nameEnglish": "Harare",
      "id": 886,
      "isActive": true
    },
    {
      "nameArabic": "??????",
      "nameEnglish": "DAMASCUS",
      "id": 983,
      "isActive": true
    },
    {
      "lastUpdated": "2022-06-02T00:19:41Z",
      "nameArabic": "???????",
      "nameEnglish": "DRACHTEN",
      "id": 1060,
      "isActive": true
    },
    {
      "lastUpdated": "2022-06-02T00:19:41Z",
      "nameArabic": "??????",
      "nameEnglish": "JAKARTA",
      "id": 1057,
      "isActive": true
    },
    {
      "lastUpdated": "2022-06-02T01:26:50Z",
      "nameArabic": "????",
      "nameEnglish": "ROMA C.A.",
      "id": 975,
      "isActive": true
    },
    {
      "lastUpdated": "2022-06-02T00:19:44Z",
      "nameArabic": "??????????",
      "nameEnglish": "HELSINGOR",
      "id": 390021122,
      "isActive": true
    },
    {
      "lastUpdated": "2022-06-02T00:24:56Z",
      "nameArabic": "?????",
      "nameEnglish": "DOUALA",
      "id": 834,
      "isActive": true
    },
    {
      "lastUpdated": "2022-06-02T01:26:51Z",
      "nameArabic": "??????",
      "nameEnglish": "taybeh",
      "id": 32,
      "isActive": true
    },
    {
      "lastUpdated": "2022-06-02T01:37:49Z",
      "nameArabic": "????????",
      "nameEnglish": "Stuttgart",
      "id": 855,
      "isActive": true
    },
    {
      "lastUpdated": "2022-06-02T00:31:02Z",
      "nameArabic": "?????",
      "nameEnglish": "Zahedan",
      "id": 782,
      "isActive": true
    },
    {
      "lastUpdated": "2022-06-02T01:22:05Z",
      "nameArabic": "????????",
      "nameEnglish": "GOTEBORG",
      "id": 1047,
      "isActive": true
    },
    {
      "lastUpdated": "2022-06-02T00:25:27Z",
      "nameArabic": "????????",
      "nameEnglish": "Dusseldorf",
      "id": 848,
      "isActive": true
    },
    {
      "lastUpdated": "2022-06-02T01:32:30Z",
      "nameArabic": "????? ???",
      "nameEnglish": "SANTA FEE",
      "id": 961,
      "isActive": true
    },
    {
      "lastUpdated": "2022-06-02T00:31:03Z",
      "nameArabic": "???? ???",
      "nameEnglish": "Diyarbakir",
      "id": 796,
      "isActive": true
    },
    {
      "lastUpdated": "2022-06-02T00:31:03Z",
      "nameArabic": "??????",
      "nameEnglish": "DUSHANBE",
      "id": 825,
      "isActive": true
    },
    {
      "lastUpdated": "2022-06-02T01:37:49Z",
      "nameArabic": "???",
      "nameEnglish": "GOA",
      "id": 1017,
      "isActive": true
    },
    {
      "lastUpdated": "2022-06-02T00:31:14Z",
      "nameArabic": "????????",
      "nameEnglish": "TIDJIKJA",
      "id": 944,
      "isActive": true
    },
    {
      "lastUpdated": "2022-06-02T01:32:30Z",
      "nameArabic": "??? ??????",
      "nameEnglish": "RAS AL KHAIMAH",
      "id": 977,
      "isActive": true
    },
    {
      "lastUpdated": "2022-06-02T01:37:02Z",
      "nameArabic": "?????",
      "nameEnglish": "SOKOTO",
      "id": 843,
      "isActive": true
    },
    {
      "lastUpdated": "2022-06-02T01:37:02Z",
      "nameArabic": "????",
      "nameEnglish": "Rome",
      "id": 27,
      "isActive": true
    },
    {
      "lastUpdated": "2022-06-02T01:37:04Z",
      "nameArabic": "???? ????",
      "nameEnglish": "Hyderabad",
      "id": 817,
      "isActive": true
    },
    {
      "lastUpdated": "2022-06-02T00:37:29Z",
      "nameArabic": "??????",
      "nameEnglish": "SEOUL",
      "id": 984,
      "isActive": true
    },
    {
      "lastUpdated": "2022-06-02T00:37:42Z",
      "nameArabic": "????",
      "nameEnglish": "GENOVA",
      "id": 974,
      "isActive": true
    },
    {
      "lastUpdated": "2022-06-02T01:11:55Z",
      "nameArabic": "?????????",
      "nameEnglish": "Joharparo",
      "id": 808,
      "isActive": true
    },
    {
      "lastUpdated": "2022-06-02T01:37:50Z",
      "nameArabic": "?????",
      "nameEnglish": "Tabriz",
      "id": 781,
      "isActive": true
    },
    {
      "lastUpdated": "2022-06-02T00:35:02Z",
      "nameArabic": "??? ????? ??????",
      "nameEnglish": "Dubai World Central",
      "id": 1079,
      "isActive": true
    },
    {
      "lastUpdated": "2022-06-02T01:31:16Z",
      "nameArabic": "????",
      "nameEnglish": "Tarbes ",
      "id": 1075,
      "isActive": true
    },
    {
      "lastUpdated": "2022-06-02T00:49:36Z",
      "nameArabic": "????????",
      "nameEnglish": "Zapatoka",
      "id": 864,
      "isActive": true
    },
    {
      "lastUpdated": "2022-06-02T01:03:22Z",
      "nameArabic": "????? ?????",
      "nameEnglish": "Barstow Daggett",
      "id": 1099,
      "isActive": true
    },
    {
      "lastUpdated": "2022-06-02T00:49:37Z",
      "nameArabic": "??? ???",
      "nameEnglish": "Can island",
      "id": 870,
      "isActive": true
    },
    {
      "lastUpdated": "2022-06-02T00:49:38Z",
      "nameArabic": "????",
      "nameEnglish": "GAYA",
      "id": 1023,
      "isActive": true
    },
    {
      "lastUpdated": "2022-06-02T01:37:04Z",
      "nameArabic": "???",
      "nameEnglish": "Hlab",
      "id": 727,
      "isActive": true
    },
    {
      "lastUpdated": "2022-06-02T00:55:28Z",
      "nameArabic": "??????",
      "nameEnglish": "Zanzibar",
      "id": 826,
      "isActive": true
    },
    {
      "lastUpdated": "2022-06-02T00:55:28Z",
      "nameArabic": "????",
      "nameEnglish": "ZAGREB",
      "id": 1055,
      "isActive": true
    },
    {
      "lastUpdated": "2022-06-02T01:01:07Z",
      "nameArabic": "??????",
      "nameEnglish": "SAMSUN",
      "id": 803,
      "isActive": true
    },
    {
      "lastUpdated": "2022-06-02T00:55:28Z",
      "nameArabic": "????",
      "nameEnglish": "ROMA L.D.F.A.",
      "id": 962,
      "isActive": true
    },
    {
      "lastUpdated": "2022-06-02T01:01:10Z",
      "nameArabic": "??????",
      "nameEnglish": "Djibouti",
      "id": 65,
      "isActive": true
    },
    {
      "lastUpdated": "2022-06-02T01:01:19Z",
      "nameArabic": "?????????",
      "nameEnglish": "Johannesburg",
      "id": 126,
      "isActive": true
    },
    {
      "lastUpdated": "2022-06-02T01:37:04Z",
      "nameArabic": "?????",
      "nameEnglish": "Khujand",
      "id": 1036,
      "isActive": true
    },
    {
      "lastUpdated": "2022-06-02T01:11:48Z",
      "nameArabic": "?????",
      "nameEnglish": "RANCHI",
      "id": 1024,
      "isActive": true
    },
    {
      "lastUpdated": "2022-06-02T01:16:45Z",
      "nameArabic": "?????",
      "nameEnglish": "GORGAN",
      "id": 991,
      "isActive": true
    },
    {
      "lastUpdated": "2022-06-02T01:32:31Z",
      "nameArabic": "???????",
      "nameEnglish": "DALAMAN",
      "id": 797,
      "isActive": true
    },
    {
      "lastUpdated": "2022-06-02T01:32:31Z",
      "nameArabic": "????",
      "nameEnglish": "dublin",
      "id": 876,
      "isActive": true
    },
    {
      "lastUpdated": "2022-06-02T01:32:31Z",
      "nameArabic": "???????????",
      "nameEnglish": "TSELINOGRAD",
      "id": 1069,
      "isActive": true
    },
    {
      "lastUpdated": "2022-06-02T01:16:53Z",
      "nameArabic": "???",
      "nameEnglish": "Dubai",
      "id": 58,
      "isActive": true
    },
    {
      "lastUpdated": "2022-06-02T01:16:53Z",
      "nameArabic": "?????",
      "nameEnglish": "Chania",
      "id": 1032,
      "isActive": true
    },
    {
      "lastUpdated": "2019-07-14T11:09:19Z",
      "nameArabic": "???",
      "nameEnglish": "Bader",
      "id": 390021227,
      "isActive": true
    },
    {
      "lastUpdated": "2022-06-02T00:14:08Z",
      "nameArabic": "?? ?? ??",
      "nameEnglish": "UFA",
      "id": 1014,
      "isActive": true
    },
    {
      "lastUpdated": "2022-06-02T01:22:07Z",
      "nameArabic": "??????",
      "nameEnglish": "Huston",
      "id": 28,
      "isActive": true
    },
    {
      "lastUpdated": "2022-06-02T01:19:35Z",
      "nameArabic": "?????",
      "nameEnglish": "Dakar",
      "id": 78,
      "isActive": true
    },
    {
      "lastUpdated": "2022-06-02T00:17:38Z",
      "nameArabic": "???? ???? ?????",
      "nameEnglish": "London Luton Airport",
      "id": 1080,
      "isActive": true
    },
    {
      "lastUpdated": "2022-06-02T01:32:40Z",
      "nameArabic": "???",
      "nameEnglish": "Yei",
      "id": 1039,
      "isActive": true
    },
    {
      "lastUpdated": "2022-06-02T01:22:07Z",
      "nameArabic": "????",
      "nameEnglish": "HATAY",
      "id": 970,
      "isActive": true
    },
    {
      "lastUpdated": "2022-06-02T01:07:00Z",
      "nameArabic": "?????",
      "nameEnglish": "medan",
      "id": 769,
      "isActive": true
    },
    {
      "lastUpdated": "2022-06-02T01:22:07Z",
      "nameArabic": "??????",
      "nameEnglish": "Nairobi",
      "id": 73,
      "isActive": true
    },
    {
      "lastUpdated": "2022-06-02T00:24:58Z",
      "nameArabic": "????",
      "nameEnglish": "Masqat",
      "id": 59,
      "isActive": true
    },
    {
      "lastUpdated": "2022-06-02T01:14:20Z",
      "nameArabic": "??????",
      "nameEnglish": "NAMLEA",
      "id": 996,
      "isActive": true
    },
    {
      "lastUpdated": "2022-06-02T01:22:08Z",
      "nameArabic": "??? ???",
      "nameEnglish": "NAGPUR",
      "id": 1020,
      "isActive": true
    },
    {
      "lastUpdated": "2022-06-02T01:16:46Z",
      "nameArabic": "?????",
      "nameEnglish": "HAT YAE",
      "id": 867,
      "isActive": true
    },
    {
      "lastUpdated": "2022-06-02T00:26:18Z",
      "nameArabic": "?????",
      "nameEnglish": "HANOI",
      "id": 879,
      "isActive": true
    },
    {
      "lastUpdated": "2022-06-02T00:31:16Z",
      "nameArabic": "??? ",
      "nameEnglish": "MUS",
      "id": 969,
      "isActive": true
    },
    {
      "lastUpdated": "2022-06-02T01:11:58Z",
      "nameArabic": "????",
      "nameEnglish": "NICE",
      "id": 857,
      "isActive": true
    },
    {
      "lastUpdated": "2022-06-02T01:29:52Z",
      "nameArabic": "??????",
      "nameEnglish": "Misrata",
      "id": 751,
      "isActive": true
    },
    {
      "lastUpdated": "2022-06-02T00:37:31Z",
      "nameArabic": "?????",
      "nameEnglish": "Warsaw",
      "id": 717,
      "isActive": true
    },
    {
      "lastUpdated": "2022-06-02T00:35:01Z",
      "nameArabic": "?????-??????",
      "nameEnglish": "Milas-Bodrum",
      "id": 1078,
      "isActive": true
    },
    {
      "lastUpdated": "2022-06-02T01:22:24Z",
      "nameArabic": "?????",
      "nameEnglish": "MIAMI",
      "id": 1054,
      "isActive": true
    },
    {
      "lastUpdated": "2022-06-02T01:26:22Z",
      "nameArabic": "???????",
      "nameEnglish": "Mitiga",
      "id": 1076,
      "isActive": true
    },
    {
      "lastUpdated": "2022-06-02T01:26:51Z",
      "nameArabic": "???? ????? ???????",
      "nameEnglish": "METZ-NANCY-LORRAINE",
      "id": 948,
      "isActive": true
    },
    {
      "lastUpdated": "2022-06-02T01:26:51Z",
      "nameArabic": "???????",
      "nameEnglish": "MANGALORE",
      "id": 992,
      "isActive": true
    },
    {
      "lastUpdated": "2022-06-02T01:37:04Z",
      "nameArabic": "???????",
      "nameEnglish": "Ouarzazate",
      "id": 762,
      "isActive": true
    },
    {
      "lastUpdated": "2022-06-02T00:37:32Z",
      "nameArabic": "????????",
      "nameEnglish": "MONTPELLIER",
      "id": 954,
      "isActive": true
    },
    {
      "lastUpdated": "2022-06-02T01:31:16Z",
      "nameArabic": "???? ????? ??????",
      "nameEnglish": "Vnukovo International Airport",
      "id": 1077,
      "isActive": true
    },
    {
      "lastUpdated": "2022-06-02T01:37:05Z",
      "nameArabic": "??????",
      "nameEnglish": "Hanover",
      "id": 851,
      "isActive": true
    },
    {
      "lastUpdated": "2022-06-02T01:37:06Z",
      "nameArabic": "???????",
      "nameEnglish": "New York",
      "id": 68,
      "isActive": true
    },
    {
      "lastUpdated": "2022-06-02T01:37:06Z",
      "nameArabic": "???????",
      "nameEnglish": "NEVSHIR",
      "id": 802,
      "isActive": true
    },
    {
      "lastUpdated": "2022-06-02T01:01:41Z",
      "nameArabic": "?????",
      "nameEnglish": "Munich",
      "id": 853,
      "isActive": true
    },
    {
      "lastUpdated": "2022-07-25T22:29:49Z",
      "nameArabic": "??????",
      "nameEnglish": "Yaounde",
      "id": 2,
      "isActive": true
    },
    {
      "lastUpdated": "2022-06-02T01:37:07Z",
      "nameArabic": "????????? ????",
      "nameEnglish": "MINERALNYE VODY",
      "id": 1009,
      "isActive": true
    },
    {
      "lastUpdated": "2022-06-02T01:09:23Z",
      "nameArabic": "??????",
      "nameEnglish": "MOMBASA",
      "id": 1061,
      "isActive": true
    },
    {
      "lastUpdated": "2022-06-02T00:43:08Z",
      "nameArabic": "??????",
      "nameEnglish": "MORONI",
      "id": 1062,
      "isActive": true
    },
    {
      "lastUpdated": "2022-06-02T00:54:20Z",
      "nameArabic": "???? ????? ???????????",
      "nameEnglish": "Nikos Kazantzakis Airport",
      "id": 1073,
      "isActive": true
    },
    {
      "lastUpdated": "2022-06-02T00:49:47Z",
      "nameArabic": "?????????",
      "nameEnglish": "NARATHIWAT",
      "id": 1066,
      "isActive": true
    },
    {
      "lastUpdated": "2022-06-02T00:55:41Z",
      "nameArabic": "???? ?????",
      "nameEnglish": "Baghdad Airport",
      "id": 1041,
      "isActive": true
    },
    {
      "lastUpdated": "2022-06-02T01:01:12Z",
      "nameArabic": "?????????",
      "nameEnglish": "NGAOUNDERE",
      "id": 841,
      "isActive": true
    },
    {
      "lastUpdated": "2022-06-02T01:01:13Z",
      "nameArabic": "???????",
      "nameEnglish": "MINNA",
      "id": 1040,
      "isActive": true
    },
    {
      "lastUpdated": "2022-06-02T01:16:46Z",
      "nameArabic": "???????",
      "nameEnglish": "NEWCASTLE",
      "id": 933,
      "isActive": true
    },
    {
      "lastUpdated": "2022-06-02T01:06:15Z",
      "nameArabic": "???????",
      "nameEnglish": "Nouakchott",
      "id": 11,
      "isActive": true
    },
    {
      "lastUpdated": "2022-06-02T01:01:13Z",
      "nameArabic": "???????",
      "nameEnglish": "EAST MIDLANDS",
      "id": 934,
      "isActive": true
    },
    {
      "lastUpdated": "2022-06-02T01:01:14Z",
      "nameArabic": "????",
      "nameEnglish": "Malaga",
      "id": 98,
      "isActive": true
    },
    {
      "lastUpdated": "2022-06-02T01:06:16Z",
      "nameArabic": "????",
      "nameEnglish": "NANTES",
      "id": 957,
      "isActive": true
    },
    {
      "lastUpdated": "2022-06-02T01:11:57Z",
      "nameArabic": "??????",
      "nameEnglish": "Warjlah",
      "id": 742,
      "isActive": true
    },
    {
      "lastUpdated": "2022-06-02T01:06:16Z",
      "nameArabic": "???? ?????? ?????",
      "nameEnglish": "SANLIURFA AIRPORT TURKEY",
      "id": 967,
      "isActive": true
    },
    {
      "lastUpdated": "2022-06-02T01:11:58Z",
      "nameArabic": "???????",
      "nameEnglish": "New Delhi",
      "id": 70,
      "isActive": true
    },
    {
      "lastUpdated": "2022-06-02T01:16:46Z",
      "nameArabic": "??????",
      "nameEnglish": "MILANO",
      "id": 973,
      "isActive": true
    },
    {
      "lastUpdated": "2022-06-02T01:12:00Z",
      "nameArabic": "????????",
      "nameEnglish": "Monastir",
      "id": 734,
      "isActive": true
    },
    {
      "lastUpdated": "2022-06-02T01:17:12Z",
      "nameArabic": "???????",
      "nameEnglish": "NEW YORK",
      "id": 1052,
      "isActive": true
    },
    {
      "lastUpdated": "2022-06-02T01:22:14Z",
      "nameArabic": "???????",
      "nameEnglish": "QINGDAO",
      "id": 1058,
      "isActive": true
    },
    {
      "lastUpdated": "2022-06-02T01:26:53Z",
      "nameArabic": "???????",
      "nameEnglish": "AL BUHIRAH",
      "id": 884,
      "isActive": true
    },
    {
      "lastUpdated": "2022-06-02T01:26:53Z",
      "nameArabic": "??????",
      "nameEnglish": "Maputo",
      "id": 873,
      "isActive": true
    },
    {
      "lastUpdated": "2022-06-02T01:06:16Z",
      "nameArabic": "??????",
      "nameEnglish": "Mdgora",
      "id": 840,
      "isActive": true
    },
    {
      "lastUpdated": "2022-06-02T00:19:56Z",
      "nameArabic": "???????",
      "nameEnglish": "Libreville",
      "id": 127,
      "isActive": true
    },
    {
      "lastUpdated": "2022-06-02T01:26:54Z",
      "nameArabic": "???????",
      "nameEnglish": "Istanbul",
      "id": 51,
      "isActive": true
    },
    {
      "lastUpdated": "2022-06-02T00:25:00Z",
      "nameArabic": "??????",
      "nameEnglish": "AMMAN",
      "id": 976,
      "isActive": true
    },
    {
      "lastUpdated": "2022-06-02T01:32:03Z",
      "nameArabic": "??????",
      "nameEnglish": "ERZURUM",
      "id": 798,
      "isActive": true
    },
    {
      "nameArabic": "????",
      "nameEnglish": "LONDON",
      "id": 931,
      "isActive": true
    },
    {
      "lastUpdated": "2022-06-12T22:52:03Z",
      "nameArabic": "??????",
      "nameEnglish": "Malabo",
      "id": 390021228,
      "isActive": true
    },
    {
      "lastUpdated": "2022-06-02T00:31:20Z",
      "nameArabic": "?????",
      "nameEnglish": "Aswan",
      "id": 754,
      "isActive": true
    },
    {
      "lastUpdated": "2022-06-02T01:26:55Z",
      "nameArabic": "?????",
      "nameEnglish": "Ahvaz",
      "id": 772,
      "isActive": true
    },
    {
      "lastUpdated": "2022-06-02T01:26:56Z",
      "nameArabic": "????????",
      "nameEnglish": "Stockholm",
      "id": 42,
      "isActive": true
    },
    {
      "lastUpdated": "2022-06-02T01:26:56Z",
      "nameArabic": "???? ????",
      "nameEnglish": "Ahmedabad",
      "id": 812,
      "isActive": true
    },
    {
      "lastUpdated": "2022-06-02T00:31:20Z",
      "nameArabic": "???????",
      "nameEnglish": "Abidjan",
      "id": 831,
      "isActive": true
    },
    {
      "lastUpdated": "2022-06-02T01:27:28Z",
      "nameArabic": "????",
      "nameEnglish": "Lome",
      "id": 865,
      "isActive": true
    },
    {
      "lastUpdated": "2022-06-02T00:37:21Z",
      "nameArabic": "?????",
      "nameEnglish": "Athens",
      "id": 46,
      "isActive": true
    },
    {
      "lastUpdated": "2022-06-02T01:29:20Z",
      "nameArabic": "???? ????????",
      "nameEnglish": "LEEDS AND BRADFORD",
      "id": 932,
      "isActive": true
    },
    {
      "lastUpdated": "2022-06-02T01:31:13Z",
      "nameArabic": "?????",
      "nameEnglish": "Dzaoudzi Pamandzi",
      "id": 1072,
      "isActive": true
    },
    {
      "lastUpdated": "2022-06-02T01:32:01Z",
      "nameArabic": "?????",
      "nameEnglish": "Marrakech",
      "id": 763,
      "isActive": true
    },
    {
      "lastUpdated": "2022-06-02T01:32:02Z",
      "nameArabic": "????? ???????",
      "nameEnglish": "ISPARTA CITY",
      "id": 800,
      "isActive": true
    },
    {
      "lastUpdated": "2022-06-02T01:32:03Z",
      "nameArabic": "??????",
      "nameEnglish": "ELAZIG",
      "id": 966,
      "isActive": true
    },
    {
      "lastUpdated": "2022-06-02T01:16:58Z",
      "nameArabic": "?????",
      "nameEnglish": "Madras",
      "id": 818,
      "isActive": true
    },
    {
      "lastUpdated": "2022-06-02T01:32:03Z",
      "nameArabic": "????",
      "nameEnglish": "Accra",
      "id": 30,
      "isActive": true
    },
    {
      "lastUpdated": "2022-06-02T00:43:09Z",
      "nameArabic": "??????",
      "nameEnglish": "Kujia",
      "id": 791,
      "isActive": true
    },
    {
      "lastUpdated": "2022-06-02T00:43:09Z",
      "nameArabic": "??????",
      "nameEnglish": "LUANDA",
      "id": 1048,
      "isActive": true
    },
    {
      "lastUpdated": "2022-06-02T01:11:48Z",
      "nameArabic": "??????????",
      "nameEnglish": "Alexandria",
      "id": 75,
      "isActive": true
    },
    {
      "lastUpdated": "2022-06-02T01:12:04Z",
      "nameArabic": "??????",
      "nameEnglish": "MALATYA",
      "id": 963,
      "isActive": true
    },
    {
      "lastUpdated": "2022-06-02T01:12:06Z",
      "nameArabic": "??????",
      "nameEnglish": "Kherson",
      "id": 1043,
      "isActive": true
    },
    {
      "lastUpdated": "2022-06-02T01:06:18Z",
      "nameArabic": "?????",
      "nameEnglish": "Kowloon",
      "id": 847,
      "isActive": true
    },
    {
      "lastUpdated": "2022-06-02T01:00:55Z",
      "nameArabic": "???????",
      "nameEnglish": "Algeria",
      "id": 29,
      "isActive": true
    },
    {
      "lastUpdated": "2022-06-02T01:00:55Z",
      "nameArabic": "????",
      "nameEnglish": "Azna",
      "id": 792,
      "isActive": true
    },
    {
      "lastUpdated": "2022-06-02T01:01:17Z",
      "nameArabic": "??????",
      "nameEnglish": "Cotonou",
      "id": 830,
      "isActive": true
    },
    {
      "lastUpdated": "2022-06-02T00:49:48Z",
      "nameArabic": "??????",
      "nameEnglish": "Manila",
      "id": 54,
      "isActive": true
    },
    {
      "lastUpdated": "2022-08-01T20:08:39Z",
      "nameArabic": "????",
      "nameEnglish": "Garowe",
      "id": 390021229,
      "isActive": true
    },
    {
      "lastUpdated": "2022-06-02T00:49:50Z",
      "nameArabic": "?????",
      "nameEnglish": "Sabiha",
      "id": 806,
      "isActive": true
    },
    {
      "lastUpdated": "2022-06-02T01:12:16Z",
      "nameArabic": "????????",
      "nameEnglish": "MAKHACHKALA",
      "id": 1008,
      "isActive": true
    },
    {
      "lastUpdated": "2022-06-02T00:49:50Z",
      "nameArabic": "????",
      "nameEnglish": "LUXOR",
      "id": 938,
      "isActive": true
    },
    {
      "lastUpdated": "2022-06-02T01:16:26Z",
      "nameArabic": "?????",
      "nameEnglish": "The Hague",
      "id": 38,
      "isActive": true
    },
    {
      "lastUpdated": "2022-06-02T01:16:26Z",
      "nameArabic": "?????",
      "nameEnglish": "ADRAR",
      "id": 744,
      "isActive": true
    },
    {
      "lastUpdated": "2022-06-02T01:16:26Z",
      "nameArabic": "????? ????",
      "nameEnglish": "Islamabad",
      "id": 3,
      "isActive": true
    },
    {
      "lastUpdated": "2022-06-02T01:16:47Z",
      "nameArabic": "?????",
      "nameEnglish": "Madrid",
      "id": 21,
      "isActive": true
    },
    {
      "lastUpdated": "2022-06-02T01:07:19Z",
      "nameArabic": "?????",
      "nameEnglish": "Assiut",
      "id": 755,
      "isActive": true
    },
    {
      "lastUpdated": "2022-06-02T01:16:48Z",
      "nameArabic": "????????",
      "nameEnglish": "Lezrabass",
      "id": 774,
      "isActive": true
    },
    {
      "lastUpdated": "2022-06-02T01:12:04Z",
      "nameArabic": "?????",
      "nameEnglish": "Lahore",
      "id": 110,
      "isActive": true
    },
    {
      "lastUpdated": "2022-06-02T01:16:58Z",
      "nameArabic": "?????",
      "nameEnglish": "Izmir",
      "id": 793,
      "isActive": true
    },
    {
      "lastUpdated": "2022-06-02T01:17:12Z",
      "nameArabic": "????",
      "nameEnglish": "KIEV",
      "id": 878,
      "isActive": true
    },
    {
      "lastUpdated": "2022-06-02T01:11:51Z",
      "nameArabic": "????????",
      "nameEnglish": "PALEMBANG",
      "id": 998,
      "isActive": true
    },
    {
      "lastUpdated": "2022-06-02T00:20:01Z",
      "nameArabic": "???? ????",
      "nameEnglish": "Port Lowey\u0027s",
      "id": 875,
      "isActive": true
    },
    {
      "lastUpdated": "2022-06-02T01:21:31Z",
      "nameArabic": "??????????? ",
      "nameEnglish": "BANJARMASIN",
      "id": 1000,
      "isActive": true
    },
    {
      "lastUpdated": "2022-06-02T01:07:05Z",
      "nameArabic": "???????",
      "nameEnglish": "Bangalore",
      "id": 813,
      "isActive": true
    },
    {
      "lastUpdated": "2022-06-02T00:53:06Z",
      "nameArabic": "??????",
      "nameEnglish": "Bangkok",
      "id": 76,
      "isActive": true
    },
    {
      "lastUpdated": "2022-06-02T00:31:21Z",
      "nameArabic": " ????????",
      "nameEnglish": "MANCHESTER",
      "id": 929,
      "isActive": true
    },
    {
      "lastUpdated": "2022-06-02T01:16:28Z",
      "nameArabic": "???????",
      "nameEnglish": "Bridgetown",
      "id": 872,
      "isActive": true
    },
    {
      "lastUpdated": "2022-06-02T01:21:33Z",
      "nameArabic": "???? ????",
      "nameEnglish": "Ouagadougo",
      "id": 833,
      "isActive": true
    },
    {
      "lastUpdated": "2022-06-02T01:26:57Z",
      "nameArabic": "????",
      "nameEnglish": "Bern",
      "id": 17,
      "isActive": true
    },
    {
      "lastUpdated": "2022-06-02T01:00:41Z",
      "nameArabic": "?????",
      "nameEnglish": "Bishkek",
      "id": 888,
      "isActive": true
    },
    {
      "lastUpdated": "2022-06-02T01:16:28Z",
      "nameArabic": "????",
      "nameEnglish": "Prague",
      "id": 718,
      "isActive": true
    },
    {
      "lastUpdated": "2022-06-02T01:21:50Z",
      "nameArabic": "??????",
      "nameEnglish": "BHOPAL",
      "id": 1016,
      "isActive": true
    },
    {
      "lastUpdated": "2022-06-02T01:21:52Z",
      "nameArabic": "????? ????",
      "nameEnglish": "Bande Asia",
      "id": 768,
      "isActive": true
    },
    {
      "lastUpdated": "2022-06-02T01:22:24Z",
      "nameArabic": "??????",
      "nameEnglish": "Benghazi",
      "id": 749,
      "isActive": true
    },
    {
      "lastUpdated": "2022-06-02T01:26:56Z",
      "nameArabic": "?????",
      "nameEnglish": "INDORE",
      "id": 1018,
      "isActive": true
    },
    {
      "lastUpdated": "2022-06-02T01:27:29Z",
      "nameArabic": "?????",
      "nameEnglish": "Paris",
      "id": 97,
      "isActive": true
    },
    {
      "lastUpdated": "2022-06-02T00:37:21Z",
      "nameArabic": "??????",
      "nameEnglish": "BEIJING",
      "id": 869,
      "isActive": true
    },
    {
      "lastUpdated": "2022-06-02T01:32:05Z",
      "nameArabic": "?????",
      "nameEnglish": "ABUJA",
      "id": 702,
      "isActive": true
    },
    {
      "lastUpdated": "2022-06-02T01:32:05Z",
      "nameArabic": "????????",
      "nameEnglish": "VARANASI",
      "id": 1027,
      "isActive": true
    },
    {
      "lastUpdated": "2022-06-02T00:43:28Z",
      "nameArabic": "?????",
      "nameEnglish": "benjol",
      "id": 827,
      "isActive": true
    },
    {
      "lastUpdated": "2022-06-02T01:32:05Z",
      "nameArabic": "?????",
      "nameEnglish": "Piatti",
      "id": 863,
      "isActive": true
    },
    {
      "lastUpdated": "2022-06-02T01:32:06Z",
      "nameArabic": "???????",
      "nameEnglish": "BUCHAREST",
      "id": 882,
      "isActive": true
    },
    {
      "lastUpdated": "2022-06-02T00:43:10Z",
      "nameArabic": "?????",
      "nameEnglish": "Baghdad",
      "id": 63,
      "isActive": true
    },
    {
      "lastUpdated": "2022-06-02T00:43:10Z",
      "nameArabic": "??????",
      "nameEnglish": "Peshawar",
      "id": 124,
      "isActive": true
    },
    {
      "lastUpdated": "2022-06-02T00:43:12Z",
      "nameArabic": "?????",
      "nameEnglish": "PARIS",
      "id": 1050,
      "isActive": true
    },
    {
      "lastUpdated": "2022-06-02T01:01:21Z",
      "nameArabic": " ????????",
      "nameEnglish": "BIRMINGHAM",
      "id": 928,
      "isActive": true
    },
    {
      "lastUpdated": "2022-06-02T01:37:09Z",
      "nameArabic": "?????",
      "nameEnglish": "BORDEAUX",
      "id": 946,
      "isActive": true
    },
    {
      "lastUpdated": "2022-06-02T01:11:52Z",
      "nameArabic": "??????",
      "nameEnglish": "BATMAN",
      "id": 968,
      "isActive": true
    },
    {
      "lastUpdated": "2022-06-02T01:32:07Z",
      "nameArabic": "??????",
      "nameEnglish": "Berbiera",
      "id": 747,
      "isActive": true
    },
    {
      "lastUpdated": "2022-06-02T01:32:07Z",
      "nameArabic": "?????",
      "nameEnglish": "BUKHARA",
      "id": 1011,
      "isActive": true
    },
    {
      "lastUpdated": "2022-06-02T01:11:20Z",
      "nameArabic": "????????",
      "nameEnglish": "ORLANDO",
      "id": 1053,
      "isActive": true
    },
    {
      "lastUpdated": "2022-06-02T01:32:37Z",
      "nameArabic": "????",
      "nameEnglish": "Sdaa",
      "id": 779,
      "isActive": true
    },
    {
      "lastUpdated": "2022-06-02T01:37:09Z",
      "nameArabic": "?????",
      "nameEnglish": "Berlin",
      "id": 705,
      "isActive": true
    },
    {
      "lastUpdated": "2022-06-02T00:49:50Z",
      "nameArabic": " ????????",
      "nameEnglish": "BEMBRIDGE",
      "id": 930,
      "isActive": true
    },
    {
      "lastUpdated": "2022-06-02T00:55:47Z",
      "nameArabic": "??????",
      "nameEnglish": "Bamako",
      "id": 94,
      "isActive": true
    },
    {
      "lastUpdated": "2022-06-02T00:49:52Z",
      "nameArabic": "????????",
      "nameEnglish": "Brasilia",
      "id": 83,
      "isActive": true
    },
    {
      "lastUpdated": "2022-06-02T01:32:48Z",
      "nameArabic": "?????????",
      "nameEnglish": "AURANGABAD",
      "id": 1015,
      "isActive": true
    },
    {
      "lastUpdated": "2022-06-02T00:49:53Z",
      "nameArabic": "?????",
      "nameEnglish": "BANGUI",
      "id": 945,
      "isActive": true
    },
    {
      "lastUpdated": "2022-06-02T00:49:53Z",
      "nameArabic": "???????",
      "nameEnglish": "URMIEH",
      "id": 784,
      "isActive": true
    },
    {
      "lastUpdated": "2022-06-02T00:56:02Z",
      "nameArabic": "???? ????",
      "nameEnglish": "Bulk Baben",
      "id": 771,
      "isActive": true
    },
    {
      "lastUpdated": "2022-06-02T01:11:20Z",
      "nameArabic": "?????",
      "nameEnglish": "Batam",
      "id": 767,
      "isActive": true
    },
    {
      "lastUpdated": "2022-06-02T01:37:12Z",
      "nameArabic": "???????",
      "nameEnglish": "SAILKOT PAKISTAN",
      "id": 980,
      "isActive": true
    },
    {
      "lastUpdated": "2022-06-02T01:01:26Z",
      "nameArabic": "????",
      "nameEnglish": "Baku",
      "id": 1035,
      "isActive": true
    },
    {
      "lastUpdated": "2022-06-02T01:06:19Z",
      "nameArabic": "?????",
      "nameEnglish": "Bowman",
      "id": 1044,
      "isActive": true
    },
    {
      "lastUpdated": "2022-06-02T01:06:19Z",
      "nameArabic": "??? ",
      "nameEnglish": "OSH",
      "id": 1007,
      "isActive": true
    },
    {
      "lastUpdated": "2022-06-02T01:14:14Z",
      "nameArabic": "??????",
      "nameEnglish": "PADANG",
      "id": 997,
      "isActive": true
    },
    {
      "lastUpdated": "2022-06-02T01:16:27Z",
      "nameArabic": "?????",
      "nameEnglish": "Asmara",
      "id": 701,
      "isActive": true
    },
    {
      "lastUpdated": "2022-08-01T20:10:11Z",
      "nameArabic": "?????",
      "nameEnglish": "Nukus",
      "id": 390021230,
      "isActive": true
    },
    {
      "lastUpdated": "2022-06-02T01:17:23Z",
      "nameArabic": "????????",
      "nameEnglish": "PRISTINA",
      "id": 972,
      "isActive": true
    },
    {
      "lastUpdated": "2022-06-02T01:21:33Z",
      "nameArabic": "??????",
      "nameEnglish": "Doha",
      "id": 50,
      "isActive": true
    },
    {
      "lastUpdated": "2019-07-14T11:09:19Z",
      "nameArabic": "????",
      "nameEnglish": "Ranyah",
      "id": 390021231,
      "isActive": true
    },
    {
      "lastUpdated": "2022-06-02T00:55:47Z",
      "nameArabic": "?????",
      "nameEnglish": "ALONG",
      "id": 1021,
      "isActive": true
    },
    {
      "lastUpdated": "2022-06-02T01:27:05Z",
      "nameArabic": "???????",
      "nameEnglish": "Andijan ",
      "id": 1127,
      "isActive": true
    },
    {
      "lastUpdated": "2022-06-02T00:57:58Z",
      "nameArabic": "???????",
      "nameEnglish": "Manama",
      "id": 86,
      "isActive": true
    },
    {
      "lastUpdated": "2022-06-02T01:21:33Z",
      "nameArabic": "?????",
      "nameEnglish": "ANVERS",
      "id": 390021156,
      "isActive": true
    },
    {
      "lastUpdated": "2022-06-02T01:21:33Z",
      "nameArabic": "???????",
      "nameEnglish": "VICENZA",
      "id": 390021166,
      "isActive": true
    },
    {
      "lastUpdated": "2022-06-02T00:19:43Z",
      "nameArabic": "?????",
      "nameEnglish": "Shantou",
      "id": 1084,
      "isActive": true
    },
    {
      "lastUpdated": "2022-06-02T00:20:06Z",
      "nameArabic": "??????",
      "nameEnglish": "Kuwait",
      "id": 10,
      "isActive": true
    },
    {
      "lastUpdated": "2022-06-02T01:37:14Z",
      "nameArabic": "??????",
      "nameEnglish": "ILORIN",
      "id": 837,
      "isActive": true
    },
    {
      "lastUpdated": "2022-06-02T01:22:14Z",
      "nameArabic": "????????",
      "nameEnglish": "Lattakia",
      "id": 728,
      "isActive": true
    },
    {
      "lastUpdated": "2022-06-02T01:06:21Z",
      "nameArabic": "?????",
      "nameEnglish": "SOFIA",
      "id": 390021171,
      "isActive": true
    },
    {
      "lastUpdated": "2022-06-02T00:25:01Z",
      "nameArabic": "????????",
      "nameEnglish": "PRISTINA",
      "id": 390021174,
      "isActive": true
    },
    {
      "lastUpdated": "2022-06-02T00:25:02Z",
      "nameArabic": "???????",
      "nameEnglish": "Argenteuil",
      "id": 390001125,
      "isActive": true
    },
    {
      "lastUpdated": "2022-06-02T01:22:14Z",
      "nameArabic": "?????",
      "nameEnglish": "BRESCIA",
      "id": 390021163,
      "isActive": true
    },
    {
      "lastUpdated": "2022-06-02T00:31:24Z",
      "nameArabic": "?????",
      "nameEnglish": "AL-ain",
      "id": 724,
      "isActive": true
    },
    {
      "lastUpdated": "2022-06-02T01:32:09Z",
      "nameArabic": "??????",
      "nameEnglish": "RIMINI",
      "id": 390021165,
      "isActive": true
    },
    {
      "lastUpdated": "2022-06-02T01:16:30Z",
      "nameArabic": "?????",
      "nameEnglish": "Gimpo ",
      "id": 1132,
      "isActive": true
    },
    {
      "lastUpdated": "2022-06-02T01:24:46Z",
      "nameArabic": "??????",
      "nameEnglish": "ALMA-ATA",
      "id": 1068,
      "isActive": true
    },
    {
      "lastUpdated": "2022-06-02T00:36:45Z",
      "nameArabic": "???",
      "nameEnglish": "ANAA",
      "id": 1082,
      "isActive": true
    },
    {
      "nameArabic": "?????",
      "nameEnglish": "Crawley",
      "id": 390021093,
      "isActive": true
    },
    {
      "nameArabic": "????????",
      "nameEnglish": "Nottingham",
      "id": 390021090,
      "isActive": true
    },
    {
      "nameArabic": "?? ?????",
      "nameEnglish": "Ann Arbor",
      "id": 390021095,
      "isActive": true
    },
    {
      "lastUpdated": "2022-06-02T01:26:57Z",
      "nameArabic": "?????",
      "nameEnglish": "Ankara",
      "id": 93,
      "isActive": true
    },
    {
      "lastUpdated": "2022-06-02T00:49:53Z",
      "nameArabic": "???? ????",
      "nameEnglish": "ALOR SETAR",
      "id": 1067,
      "isActive": true
    },
    {
      "lastUpdated": "2022-06-02T00:36:46Z",
      "nameArabic": "????",
      "nameEnglish": "Said",
      "id": 1086,
      "isActive": true
    },
    {
      "lastUpdated": "2022-06-02T01:26:57Z",
      "nameArabic": "???? ?????",
      "nameEnglish": "ALICE SPRING",
      "id": 925,
      "isActive": true
    },
    {
      "lastUpdated": "2022-06-02T01:32:58Z",
      "nameArabic": "???",
      "nameEnglish": "Dhaka",
      "id": 84,
      "isActive": true
    },
    {
      "lastUpdated": "2022-06-02T00:49:55Z",
      "nameArabic": "???????",
      "nameEnglish": "AL HOCIEMA",
      "id": 943,
      "isActive": true
    },
    {
      "lastUpdated": "2022-06-02T00:37:23Z",
      "nameArabic": "??????",
      "nameEnglish": "AL-AQABA",
      "id": 881,
      "isActive": true
    },
    {
      "lastUpdated": "2022-06-02T01:00:43Z",
      "nameArabic": "?????",
      "nameEnglish": "Sydney",
      "id": 1129,
      "isActive": true
    },
    {
      "lastUpdated": "2022-06-02T01:34:35Z",
      "nameArabic": "???????",
      "nameEnglish": "Cairo",
      "id": 48,
      "isActive": true
    },
    {
      "lastUpdated": "2022-06-02T00:37:59Z",
      "nameArabic": "?????? ???????",
      "nameEnglish": "Puerto Cabezas",
      "id": 1085,
      "isActive": true
    },
    {
      "lastUpdated": "2022-06-02T01:27:05Z",
      "nameArabic": "??????",
      "nameEnglish": "ROTTERDAM",
      "id": 390021173,
      "isActive": true
    },
    {
      "lastUpdated": "2022-06-02T01:00:44Z",
      "nameArabic": "????",
      "nameEnglish": "Liege ",
      "id": 1133,
      "isActive": true
    },
    {
      "lastUpdated": "2022-06-02T00:49:56Z",
      "nameArabic": "??????",
      "nameEnglish": "VERONA",
      "id": 390021164,
      "isActive": true
    },
    {
      "lastUpdated": "2022-06-02T01:11:20Z",
      "nameArabic": "???????",
      "nameEnglish": "Alkhartom",
      "id": 56,
      "isActive": true
    },
    {
      "lastUpdated": "2022-06-02T00:49:56Z",
      "nameArabic": "??????",
      "nameEnglish": "FERIZAJ",
      "id": 390021176,
      "isActive": true
    },
    {
      "lastUpdated": "2022-06-02T01:16:30Z",
      "nameArabic": "?????",
      "nameEnglish": "Leicester",
      "id": 390021091,
      "isActive": true
    },
    {
      "lastUpdated": "2022-06-02T00:49:56Z",
      "nameArabic": "????????",
      "nameEnglish": "Blackburn",
      "id": 390021088,
      "isActive": true
    },
    {
      "lastUpdated": "2022-06-02T00:49:57Z",
      "nameArabic": "???????",
      "nameEnglish": "Wiltshire",
      "id": 390021089,
      "isActive": true
    },
    {
      "lastUpdated": "2022-06-02T01:27:05Z",
      "nameArabic": "????",
      "nameEnglish": "Juba ",
      "id": 390021178,
      "isActive": true
    },
    {
      "lastUpdated": "2022-06-02T00:55:52Z",
      "nameArabic": "?????",
      "nameEnglish": "ESSEN",
      "id": 390021168,
      "isActive": true
    },
    {
      "lastUpdated": "2022-06-02T01:32:08Z",
      "nameArabic": "??????",
      "nameEnglish": "Rabat",
      "id": 1,
      "isActive": true
    },
    {
      "lastUpdated": "2022-06-02T00:56:38Z",
      "nameArabic": "???????",
      "nameEnglish": "Urgench",
      "id": 1083,
      "isActive": true
    },
    {
      "lastUpdated": "2022-06-02T01:06:20Z",
      "nameArabic": "????? ?????",
      "nameEnglish": "LUTZELBACH",
      "id": 390021170,
      "isActive": true
    },
    {
      "lastUpdated": "2022-06-02T01:11:21Z",
      "nameArabic": "????",
      "nameEnglish": "BRUGES",
      "id": 390021159,
      "isActive": true
    },
    {
      "lastUpdated": "2022-06-02T01:16:29Z",
      "nameArabic": "???????",
      "nameEnglish": "BERINGEN",
      "id": 390021158,
      "isActive": true
    },
    {
      "lastUpdated": "2022-06-02T01:16:31Z",
      "nameArabic": "???????",
      "nameEnglish": "Antioch",
      "id": 390021179,
      "isActive": true
    },
    {
      "lastUpdated": "2022-06-02T01:37:15Z",
      "nameArabic": "???????",
      "nameEnglish": "HAMBURG�",
      "id": 390021167,
      "isActive": true
    },
    {
      "lastUpdated": "2022-06-02T01:37:15Z",
      "nameArabic": "?????",
      "nameEnglish": "Sofia ",
      "id": 1130,
      "isActive": true
    },
    {
      "lastUpdated": "2022-06-02T01:37:15Z",
      "nameArabic": "??????",
      "nameEnglish": "PRIZREN",
      "id": 390021175,
      "isActive": true
    },
    {
      "lastUpdated": "2022-06-02T01:37:16Z",
      "nameArabic": "?????",
      "nameEnglish": "Bissau",
      "id": 1144,
      "isActive": true
    },
    {
      "lastUpdated": "2022-06-02T01:11:21Z",
      "nameArabic": " ???? ????",
      "nameEnglish": "Saint-Denis",
      "id": 390011086,
      "isActive": true
    },
    {
      "lastUpdated": "2022-06-02T00:13:39Z",
      "nameArabic": "??????",
      "nameEnglish": "WASHINGTON",
      "id": 1051,
      "isActive": true
    },
    {
      "lastUpdated": "2022-06-02T01:32:56Z",
      "nameArabic": "???????",
      "nameEnglish": "Catalao",
      "id": 1107,
      "isActive": true
    },
    {
      "lastUpdated": "2022-06-02T01:21:36Z",
      "nameArabic": "???????",
      "nameEnglish": "Montana",
      "id": 390021151,
      "isActive": true
    },
    {
      "lastUpdated": "2022-06-02T01:27:06Z",
      "nameArabic": "????",
      "nameEnglish": "Rance",
      "id": 390021116,
      "isActive": true
    },
    {
      "lastUpdated": "2022-07-25T22:29:48Z",
      "nameArabic": "???????",
      "nameEnglish": "BARCELONA",
      "id": 390021138,
      "isActive": true
    },
    {
      "lastUpdated": "2022-06-02T00:19:43Z",
      "nameArabic": "???????? ???",
      "nameEnglish": "Herendeen Bay",
      "id": 1092,
      "isActive": true
    },
    {
      "lastUpdated": "2022-06-02T00:19:43Z",
      "nameArabic": "????????",
      "nameEnglish": "Erzincan",
      "id": 1097,
      "isActive": true
    },
    {
      "lastUpdated": "2022-06-02T00:25:03Z",
      "nameArabic": "?????",
      "nameEnglish": "Hamedan",
      "id": 1094,
      "isActive": true
    },
    {
      "lastUpdated": "2022-06-02T01:37:17Z",
      "nameArabic": "????????",
      "nameEnglish": " Islam mashhar",
      "id": 1103,
      "isActive": true
    },
    {
      "lastUpdated": "2022-06-02T00:25:04Z",
      "nameArabic": "????????",
      "nameEnglish": "MONTREAL",
      "id": 390021100,
      "isActive": true
    },
    {
      "lastUpdated": "2022-06-02T01:11:34Z",
      "nameArabic": "???? ?????",
      "nameEnglish": "MAHA GANGA",
      "id": 390021113,
      "isActive": true
    },
    {
      "lastUpdated": "2022-06-02T00:31:25Z",
      "nameArabic": "??? ?????",
      "nameEnglish": "SAN DIEGO",
      "id": 390021139,
      "isActive": true
    },
    {
      "lastUpdated": "2022-06-02T00:55:31Z",
      "nameArabic": "???????",
      "nameEnglish": "Virginia�",
      "id": 390021150,
      "isActive": true
    },
    {
      "nameArabic": "???????",
      "nameEnglish": "ARGENTEUIL",
      "id": 390021115,
      "isActive": true
    },
    {
      "lastUpdated": "2022-06-02T01:24:56Z",
      "nameArabic": "????????",
      "nameEnglish": "HEMPSTEAD",
      "id": 390021152,
      "isActive": true
    },
    {
      "lastUpdated": "2022-06-02T01:27:06Z",
      "nameArabic": "??????",
      "nameEnglish": "XANTHI",
      "id": 390021103,
      "isActive": true
    },
    {
      "lastUpdated": "2022-06-02T00:55:53Z",
      "nameArabic": "??????? ????",
      "nameEnglish": "Mansion House",
      "id": 1089,
      "isActive": true
    },
    {
      "lastUpdated": "2022-06-02T01:27:07Z",
      "nameArabic": "???????",
      "nameEnglish": "WATFORD",
      "id": 390021135,
      "isActive": true
    },
    {
      "nameArabic": "???? ????",
      "nameEnglish": "BLACKBURN",
      "id": 390021127,
      "isActive": true
    },
    {
      "nameArabic": "????",
      "nameEnglish": "SLOUGH",
      "id": 390021128,
      "isActive": true
    },
    {
      "nameArabic": "?????",
      "nameEnglish": "LEICESTER",
      "id": 390021130,
      "isActive": true
    },
    {
      "lastUpdated": "2022-06-02T01:00:44Z",
      "nameArabic": "?????",
      "nameEnglish": "Kosrae",
      "id": 1090,
      "isActive": true
    },
    {
      "lastUpdated": "2022-06-02T00:37:00Z",
      "nameArabic": "??? ???",
      "nameEnglish": "Den Haag",
      "id": 1095,
      "isActive": true
    },
    {
      "lastUpdated": "2022-06-02T01:27:35Z",
      "nameArabic": "??????????",
      "nameEnglish": "California�",
      "id": 390021148,
      "isActive": true
    },
    {
      "lastUpdated": "2022-06-02T00:37:00Z",
      "nameArabic": "???????",
      "nameEnglish": "MELBOURNE",
      "id": 390021104,
      "isActive": true
    },
    {
      "lastUpdated": "2022-06-02T01:32:10Z",
      "nameArabic": "????",
      "nameEnglish": "Zafer",
      "id": 1088,
      "isActive": true
    },
    {
      "lastUpdated": "2022-06-02T01:32:11Z",
      "nameArabic": "?????",
      "nameEnglish": "SYDNEY",
      "id": 390021105,
      "isActive": true
    },
    {
      "lastUpdated": "2022-06-02T00:43:14Z",
      "nameArabic": "?????",
      "nameEnglish": "Siena",
      "id": 1104,
      "isActive": true
    },
    {
      "lastUpdated": "2022-06-02T00:49:58Z",
      "nameArabic": "???? ?????",
      "nameEnglish": "Falls Church",
      "id": 390021141,
      "isActive": true
    },
    {
      "lastUpdated": "2022-06-02T01:32:59Z",
      "nameArabic": "???????",
      "nameEnglish": "Abuarich",
      "id": 667,
      "isActive": true
    },
    {
      "lastUpdated": "2022-06-02T00:43:15Z",
      "nameArabic": "???????",
      "nameEnglish": "ARNCLHFFE",
      "id": 390021106,
      "isActive": true
    },
    {
      "lastUpdated": "2022-06-02T01:16:31Z",
      "nameArabic": "?????",
      "nameEnglish": "REIMS",
      "id": 390021120,
      "isActive": true
    },
    {
      "lastUpdated": "2022-06-02T00:43:16Z",
      "nameArabic": "???? ????",
      "nameEnglish": "SAINT DENIS",
      "id": 390021109,
      "isActive": true
    },
    {
      "lastUpdated": "2022-06-02T01:33:13Z",
      "nameArabic": "?????",
      "nameEnglish": "Jizan",
      "id": 614,
      "isActive": true
    },
    {
      "lastUpdated": "2022-06-02T01:16:33Z",
      "nameArabic": "???????",
      "nameEnglish": "TALANGE",
      "id": 390021121,
      "isActive": true
    },
    {
      "lastUpdated": "2022-06-02T01:06:21Z",
      "nameArabic": "????????",
      "nameEnglish": "VICTORIA",
      "id": 390021107,
      "isActive": true
    },
    {
      "lastUpdated": "2022-06-02T01:37:18Z",
      "nameArabic": "???????",
      "nameEnglish": "Shishmaref",
      "id": 1109,
      "isActive": true
    },
    {
      "lastUpdated": "2022-06-02T01:37:18Z",
      "nameArabic": "???? ?????",
      "nameEnglish": "NOVI PAZAR",
      "id": 390021110,
      "isActive": true
    },
    {
      "lastUpdated": "2022-06-02T00:49:58Z",
      "nameArabic": "???????????",
      "nameEnglish": "CHRISTCHURCH",
      "id": 390021108,
      "isActive": true
    },
    {
      "lastUpdated": "2022-06-02T00:55:31Z",
      "nameArabic": "?????",
      "nameEnglish": "Boston",
      "id": 390021149,
      "isActive": true
    },
    {
      "lastUpdated": "2022-06-02T00:57:58Z",
      "nameArabic": "???????",
      "nameEnglish": "Henzada",
      "id": 1093,
      "isActive": true
    },
    {
      "lastUpdated": "2022-06-02T01:37:18Z",
      "nameArabic": "?????",
      "nameEnglish": "LUTON",
      "id": 390021133,
      "isActive": true
    },
    {
      "lastUpdated": "2022-06-02T01:37:18Z",
      "nameArabic": "??????",
      "nameEnglish": "ZARAGOZA",
      "id": 390021137,
      "isActive": true
    },
    {
      "lastUpdated": "2022-06-02T01:37:19Z",
      "nameArabic": "????",
      "nameEnglish": "Fort�",
      "id": 390021140,
      "isActive": true
    },
    {
      "lastUpdated": "2022-06-02T01:09:26Z",
      "nameArabic": "????????",
      "nameEnglish": "ONTARIO",
      "id": 390021101,
      "isActive": true
    },
    {
      "lastUpdated": "2022-06-02T00:55:54Z",
      "nameArabic": "???????",
      "nameEnglish": "Aspen",
      "id": 1100,
      "isActive": true
    },
    {
      "lastUpdated": "2022-06-02T01:11:22Z",
      "nameArabic": "????????",
      "nameEnglish": "MISSISSAUGA",
      "id": 390021099,
      "isActive": true
    },
    {
      "lastUpdated": "2022-06-02T01:11:21Z",
      "nameArabic": "???????",
      "nameEnglish": "Tamanrasset",
      "id": 1108,
      "isActive": true
    },
    {
      "lastUpdated": "2022-06-02T00:55:54Z",
      "nameArabic": "???????",
      "nameEnglish": "Saskylakh ",
      "id": 1106,
      "isActive": true
    },
    {
      "lastUpdated": "2022-06-02T00:55:55Z",
      "nameArabic": "????????",
      "nameEnglish": "NOTTINGHAM",
      "id": 390021131,
      "isActive": true
    },
    {
      "lastUpdated": "2022-06-02T01:06:21Z",
      "nameArabic": "????? ?????",
      "nameEnglish": "Campo Alegre",
      "id": 1110,
      "isActive": true
    },
    {
      "lastUpdated": "2022-06-02T01:11:33Z",
      "nameArabic": "??????",
      "nameEnglish": "KIGALI",
      "id": 390021111,
      "isActive": true
    },
    {
      "lastUpdated": "2022-06-02T01:11:34Z",
      "nameArabic": "???????",
      "nameEnglish": "DEWSBURY",
      "id": 390021136,
      "isActive": true
    },
    {
      "lastUpdated": "2022-06-02T00:13:39Z",
      "nameArabic": "???? ????",
      "nameEnglish": "MAZAR-I-SHARIF",
      "id": 986,
      "isActive": true
    },
    {
      "lastUpdated": "2022-06-02T01:36:56Z",
      "nameArabic": "???????",
      "nameEnglish": "KATSINA",
      "id": 390021187,
      "isActive": true
    },
    {
      "lastUpdated": "2022-06-02T01:22:17Z",
      "nameArabic": "????????",
      "nameEnglish": "Vancouver",
      "id": 390021226,
      "isActive": true
    },
    {
      "lastUpdated": "2022-06-02T01:27:07Z",
      "nameArabic": "???????",
      "nameEnglish": "Kutahya",
      "id": 390021189,
      "isActive": true
    },
    {
      "lastUpdated": "2022-06-02T01:21:39Z",
      "nameArabic": "?????",
      "nameEnglish": "BURSA",
      "id": 390021193,
      "isActive": true
    },
    {
      "lastUpdated": "2022-06-02T00:19:45Z",
      "nameArabic": "????????",
      "nameEnglish": "Brazzaville",
      "id": 3333,
      "isActive": true
    },
    {
      "lastUpdated": "2022-06-02T00:19:45Z",
      "nameArabic": "?????",
      "nameEnglish": "Aktau",
      "id": 1268,
      "isActive": true
    },
    {
      "nameArabic": "?????? ?????",
      "nameEnglish": "KAHRAMANMARAS",
      "id": 390021195,
      "isActive": true
    },
    {
      "lastUpdated": "2022-06-02T00:19:45Z",
      "nameArabic": "??? ",
      "nameEnglish": "Perth",
      "id": 1146,
      "isActive": true
    },
    {
      "nameArabic": "??????",
      "nameEnglish": "BAUCHI",
      "id": 390021182,
      "isActive": true
    },
    {
      "lastUpdated": "2022-06-02T01:21:40Z",
      "nameArabic": "????",
      "nameEnglish": "Lima",
      "id": 3338,
      "isActive": true
    },
    {
      "lastUpdated": "2022-06-02T00:25:06Z",
      "nameArabic": "???????",
      "nameEnglish": "Eskisehir",
      "id": 1225,
      "isActive": true
    },
    {
      "lastUpdated": "2022-06-02T01:36:56Z",
      "nameArabic": "?????? ?????",
      "nameEnglish": "KAHRAMANMARAS",
      "id": 390021194,
      "isActive": true
    },
    {
      "lastUpdated": "2022-06-02T00:25:09Z",
      "nameArabic": "?????",
      "nameEnglish": "GOMBE",
      "id": 390021185,
      "isActive": true
    },
    {
      "lastUpdated": "2022-06-02T01:06:59Z",
      "nameArabic": "??????",
      "nameEnglish": "Giresun",
      "id": 1226,
      "isActive": true
    },
    {
      "lastUpdated": "2022-06-02T01:37:19Z",
      "nameArabic": "????? ????",
      "nameEnglish": "Osman Thigna",
      "id": 390001145,
      "isActive": true
    },
    {
      "lastUpdated": "2022-06-02T01:21:40Z",
      "nameArabic": "?????",
      "nameEnglish": "Bingol",
      "id": 1186,
      "isActive": true
    },
    {
      "lastUpdated": "2022-06-02T01:32:41Z",
      "nameArabic": "????",
      "nameEnglish": "Aroa",
      "id": 390021198,
      "isActive": true
    },
    {
      "lastUpdated": "2022-06-02T00:25:12Z",
      "nameArabic": "????????",
      "nameEnglish": "Kastamonu ",
      "id": 390021213,
      "isActive": true
    },
    {
      "lastUpdated": "2022-06-02T01:21:41Z",
      "nameArabic": "??????",
      "nameEnglish": "Cooinda",
      "id": 390021201,
      "isActive": true
    },
    {
      "lastUpdated": "2022-06-02T01:27:08Z",
      "nameArabic": "??????",
      "nameEnglish": "Dysart",
      "id": 390021206,
      "isActive": true
    },
    {
      "lastUpdated": "2022-06-02T01:27:09Z",
      "nameArabic": "??????",
      "nameEnglish": "Bayreuth",
      "id": 390021200,
      "isActive": true
    },
    {
      "lastUpdated": "2022-06-02T00:25:34Z",
      "nameArabic": "?????",
      "nameEnglish": "Tamale",
      "id": 1207,
      "isActive": true
    },
    {
      "nameArabic": "???????",
      "nameEnglish": "Shymkent",
      "id": 390021202,
      "isActive": true
    },
    {
      "lastUpdated": "2022-06-02T01:14:15Z",
      "nameArabic": "??????",
      "nameEnglish": "Tbilisi",
      "id": 1167,
      "isActive": true
    },
    {
      "lastUpdated": "2022-06-02T01:12:11Z",
      "nameArabic": "???? ??? ????",
      "nameEnglish": "PORT�OF�SPAIN",
      "id": 390021154,
      "isActive": true
    },
    {
      "lastUpdated": "2022-06-02T00:55:31Z",
      "nameArabic": "????????",
      "nameEnglish": "Gaborone",
      "id": 390001086,
      "isActive": true
    },
    {
      "lastUpdated": "2022-06-02T00:37:01Z",
      "nameArabic": "???????",
      "nameEnglish": "Guwahati ",
      "id": 390021192,
      "isActive": true
    },
    {
      "lastUpdated": "2022-06-02T00:31:26Z",
      "nameArabic": "???????",
      "nameEnglish": "Shanghai Pudong",
      "id": 390021221,
      "isActive": true
    },
    {
      "lastUpdated": "2022-06-02T00:49:32Z",
      "nameArabic": "??????",
      "nameEnglish": "Lanzhou",
      "id": 1206,
      "isActive": true
    },
    {
      "lastUpdated": "2022-06-02T00:55:32Z",
      "nameArabic": "?????? ?????",
      "nameEnglish": "Xining Caojiabu",
      "id": 390021225,
      "isActive": true
    },
    {
      "lastUpdated": "2022-06-02T01:06:48Z",
      "nameArabic": "???????",
      "nameEnglish": "Vryburg",
      "id": 390021224,
      "isActive": true
    },
    {
      "lastUpdated": "2022-06-02T01:11:35Z",
      "nameArabic": "?????",
      "nameEnglish": "Sinop",
      "id": 390021218,
      "isActive": true
    },
    {
      "lastUpdated": "2022-06-02T01:37:46Z",
      "nameArabic": "?????",
      "nameEnglish": "Kolkata",
      "id": 390021191,
      "isActive": true
    },
    {
      "lastUpdated": "2022-06-02T01:27:32Z",
      "nameArabic": "?????",
      "nameEnglish": "Shaqra",
      "id": 615,
      "isActive": true
    },
    {
      "lastUpdated": "2022-06-02T00:37:02Z",
      "nameArabic": "?????? ???",
      "nameEnglish": "BIRNIN KEBBI",
      "id": 390021183,
      "isActive": true
    },
    {
      "lastUpdated": "2022-06-02T00:37:03Z",
      "nameArabic": "??????",
      "nameEnglish": "entebbe",
      "id": 1187,
      "isActive": true
    },
    {
      "lastUpdated": "2022-06-02T01:06:26Z",
      "nameArabic": "??????",
      "nameEnglish": "Marina",
      "id": 390021222,
      "isActive": true
    },
    {
      "lastUpdated": "2022-06-02T00:55:33Z",
      "nameArabic": "??????",
      "nameEnglish": "Obano",
      "id": 390021219,
      "isActive": true
    },
    {
      "lastUpdated": "2022-06-02T01:32:56Z",
      "nameArabic": "???????? ????",
      "nameEnglish": "Osvaldo Vieira",
      "id": 390021220,
      "isActive": true
    },
    {
      "lastUpdated": "2022-06-02T00:37:04Z",
      "nameArabic": "??????",
      "nameEnglish": "Dayton�",
      "id": 390021204,
      "isActive": true
    },
    {
      "lastUpdated": "2022-06-02T00:55:33Z",
      "nameArabic": "?????",
      "nameEnglish": "Kassala",
      "id": 390021214,
      "isActive": true
    },
    {
      "lastUpdated": "2022-06-02T01:33:13Z",
      "nameArabic": "?? ?????",
      "nameEnglish": "Ann Arbor",
      "id": 390021144,
      "isActive": true
    },
    {
      "lastUpdated": "2022-06-02T00:49:32Z",
      "nameArabic": "?????",
      "nameEnglish": "ZANJAN",
      "id": 1269,
      "isActive": true
    },
    {
      "lastUpdated": "2022-06-02T00:49:59Z",
      "nameArabic": "????",
      "nameEnglish": "Arao",
      "id": 390021153,
      "isActive": true
    },
    {
      "lastUpdated": "2022-06-02T01:11:39Z",
      "nameArabic": "????????????????",
      "nameEnglish": "Thiruvananthapuram",
      "id": 1267,
      "isActive": true
    },
    {
      "lastUpdated": "2022-06-02T01:14:21Z",
      "nameArabic": "?????????",
      "nameEnglish": "MAIDUGURI",
      "id": 390021188,
      "isActive": true
    },
    {
      "lastUpdated": "2022-06-02T00:49:59Z",
      "nameArabic": "?????",
      "nameEnglish": "Kulob",
      "id": 1367,
      "isActive": true
    },
    {
      "lastUpdated": "2022-06-02T01:11:36Z",
      "nameArabic": "????????",
      "nameEnglish": "Agartala�",
      "id": 390021210,
      "isActive": true
    },
    {
      "lastUpdated": "2022-06-02T01:33:18Z",
      "nameArabic": "???? ??????",
      "nameEnglish": "Blaise Diagne",
      "id": 1366,
      "isActive": true
    },
    {
      "lastUpdated": "2022-06-02T01:06:26Z",
      "nameArabic": "?????????",
      "nameEnglish": "Bujumbura",
      "id": 99,
      "isActive": true
    },
    {
      "lastUpdated": "2022-06-02T01:06:26Z",
      "nameArabic": "?????",
      "nameEnglish": "Socotra",
      "id": 1266,
      "isActive": true
    },
    {
      "lastUpdated": "2022-06-02T01:16:35Z",
      "nameArabic": "??????",
      "nameEnglish": "Lombok",
      "id": 390021196,
      "isActive": true
    },
    {
      "lastUpdated": "2022-06-02T01:34:34Z",
      "nameArabic": "?????",
      "nameEnglish": "Unaizah",
      "id": 643,
      "isActive": true
    },
    {
      "lastUpdated": "2022-06-02T01:16:36Z",
      "nameArabic": "??????�",
      "nameEnglish": "Batumi",
      "id": 390021199,
      "isActive": true
    },
    {
      "lastUpdated": "2022-06-02T01:16:54Z",
      "nameArabic": "??????",
      "nameEnglish": "XINING",
      "id": 390021181,
      "isActive": true
    },
    {
      "lastUpdated": "2022-06-02T01:37:04Z",
      "nameArabic": "????",
      "nameEnglish": "Yanbu",
      "id": 646,
      "isActive": true
    },
    {
      "lastUpdated": "2022-06-02T00:13:40Z",
      "nameArabic": "??????",
      "nameEnglish": "ATBARA",
      "id": 940,
      "isActive": true
    },
    {
      "lastUpdated": "2022-06-02T00:13:41Z",
      "nameArabic": "??????",
      "nameEnglish": "Biljurshi",
      "id": 670,
      "isActive": true
    },
    {
      "lastUpdated": "2022-06-02T01:21:33Z",
      "nameArabic": "??????",
      "nameEnglish": "Riyadh",
      "id": 601,
      "isActive": true
    },
    {
      "lastUpdated": "2022-06-02T00:13:42Z",
      "nameArabic": "??????",
      "nameEnglish": "Nimas",
      "id": 657,
      "isActive": true
    },
    {
      "lastUpdated": "2022-06-02T01:21:50Z",
      "nameArabic": "??? ???????",
      "nameEnglish": "Makkah",
      "id": 603,
      "isActive": true
    },
    {
      "lastUpdated": "2022-06-02T00:13:44Z",
      "nameArabic": "??????",
      "nameEnglish": "Rayyan",
      "id": 722,
      "isActive": true
    },
    {
      "lastUpdated": "2022-06-02T01:37:09Z",
      "nameArabic": "???????",
      "nameEnglish": "Al-Hasa",
      "id": 672,
      "isActive": true
    },
    {
      "lastUpdated": "2022-06-02T01:21:50Z",
      "nameArabic": "??? ?????",
      "nameEnglish": "Mahd al dhab",
      "id": 647,
      "isActive": true
    },
    {
      "lastUpdated": "2022-06-02T01:37:09Z",
      "nameArabic": "?????",
      "nameEnglish": "Buraydah",
      "id": 610,
      "isActive": true
    },
    {
      "lastUpdated": "2022-06-02T01:11:55Z",
      "nameArabic": "???? ??????",
      "nameEnglish": "Jandal",
      "id": 639,
      "isActive": true
    },
    {
      "lastUpdated": "2022-06-02T00:43:12Z",
      "nameArabic": "??????",
      "nameEnglish": "Al Hafuf",
      "id": 609,
      "isActive": true
    },
    {
      "lastUpdated": "2022-06-02T00:55:48Z",
      "nameArabic": "??????",
      "nameEnglish": "AL-mthenb",
      "id": 680,
      "isActive": true
    },
    {
      "lastUpdated": "2022-06-02T00:14:17Z",
      "nameArabic": "?????",
      "nameEnglish": "Sharorah",
      "id": 679,
      "isActive": true
    },
    {
      "lastUpdated": "2022-06-02T01:16:28Z",
      "nameArabic": "??????",
      "nameEnglish": "Belgarn",
      "id": 669,
      "isActive": true
    },
    {
      "lastUpdated": "2022-06-02T01:06:51Z",
      "nameArabic": "????",
      "nameEnglish": "Sudair",
      "id": 671,
      "isActive": true
    },
    {
      "lastUpdated": "2022-06-02T01:32:05Z",
      "nameArabic": "????",
      "nameEnglish": "Abha",
      "id": 613,
      "isActive": true
    },
    {
      "lastUpdated": "2022-06-02T01:12:07Z",
      "nameArabic": "????",
      "nameEnglish": "Khaybar",
      "id": 649,
      "isActive": true
    },
    {
      "lastUpdated": "2022-06-02T01:00:42Z",
      "nameArabic": "????????",
      "nameEnglish": "AL-qwia",
      "id": 617,
      "isActive": true
    },
    {
      "lastUpdated": "2022-06-02T00:31:02Z",
      "nameArabic": "????",
      "nameEnglish": "ArAr",
      "id": 612,
      "isActive": true
    },
    {
      "lastUpdated": "2022-06-02T01:22:04Z",
      "nameArabic": "???",
      "nameEnglish": "Haql",
      "id": 642,
      "isActive": true
    },
    {
      "lastUpdated": "2022-06-02T01:27:04Z",
      "nameArabic": "??????",
      "nameEnglish": "Taif",
      "id": 604,
      "isActive": true
    },
    {
      "lastUpdated": "2022-06-02T01:32:08Z",
      "nameArabic": "??????",
      "nameEnglish": "Qatif",
      "id": 627,
      "isActive": true
    },
    {
      "lastUpdated": "2022-06-02T00:37:01Z",
      "nameArabic": "??????",
      "nameEnglish": "alqasem",
      "id": 5072,
      "isActive": true
    },
    {
      "lastUpdated": "2022-06-02T00:31:05Z",
      "nameArabic": "?????",
      "nameEnglish": "Tayma",
      "id": 634,
      "isActive": true
    },
    {
      "lastUpdated": "2022-06-02T00:37:41Z",
      "nameArabic": "???? ??? ????",
      "nameEnglish": "Hawtat Bani Tamim",
      "id": 623,
      "isActive": true
    },
    {
      "lastUpdated": "2022-06-02T01:06:58Z",
      "nameArabic": "????????",
      "nameEnglish": "Bukayriyah",
      "id": 645,
      "isActive": true
    },
    {
      "lastUpdated": "2022-06-02T01:32:32Z",
      "nameArabic": "?????",
      "nameEnglish": "Ttlet",
      "id": 677,
      "isActive": true
    },
    {
      "lastUpdated": "2022-06-02T01:06:19Z",
      "nameArabic": "?????",
      "nameEnglish": "AL-wjh",
      "id": 636,
      "isActive": true
    },
    {
      "lastUpdated": "2022-06-02T00:49:36Z",
      "nameArabic": "???? ????",
      "nameEnglish": "Khamis Mushait",
      "id": 655,
      "isActive": true
    },
    {
      "lastUpdated": "2022-06-02T00:37:03Z",
      "nameArabic": "??????",
      "nameEnglish": "BAUCHI",
      "id": 1208,
      "isActive": true
    },
    {
      "lastUpdated": "2022-06-02T00:43:00Z",
      "nameArabic": "?????",
      "nameEnglish": "Samitah",
      "id": 665,
      "isActive": true
    },
    {
      "lastUpdated": "2022-06-02T01:16:28Z",
      "nameArabic": "????",
      "nameEnglish": "Umluj",
      "id": 637,
      "isActive": true
    },
    {
      "lastUpdated": "2022-06-02T00:55:28Z",
      "nameArabic": "??? ??????",
      "nameEnglish": "Hafar Al Baten",
      "id": 630,
      "isActive": true
    },
    {
      "lastUpdated": "2022-06-02T00:55:49Z",
      "nameArabic": "??????",
      "nameEnglish": "Kurmah",
      "id": 653,
      "isActive": true
    },
    {
      "lastUpdated": "2022-06-02T01:06:28Z",
      "nameArabic": "?????",
      "nameEnglish": "Ghat",
      "id": 682,
      "isActive": true
    },
    {
      "lastUpdated": "2022-06-02T01:07:00Z",
      "nameArabic": "????",
      "nameEnglish": "Qariah",
      "id": 629,
      "isActive": true
    },
    {
      "lastUpdated": "2022-06-02T01:32:33Z",
      "nameArabic": "?????",
      "nameEnglish": "Najran",
      "id": 664,
      "isActive": true
    },
    {
      "lastUpdated": "2022-06-02T00:49:53Z",
      "nameArabic": "???????",
      "nameEnglish": "Qunfudah",
      "id": 652,
      "isActive": true
    },
    {
      "lastUpdated": "2022-06-02T00:37:22Z",
      "nameArabic": "?????",
      "nameEnglish": "Baqaa",
      "id": 681,
      "isActive": true
    },
    {
      "lastUpdated": "2022-06-02T00:37:22Z",
      "nameArabic": "???????",
      "nameEnglish": "Qurayyat",
      "id": 641,
      "isActive": true
    },
    {
      "lastUpdated": "2022-06-02T01:32:36Z",
      "nameArabic": "????",
      "nameEnglish": "Duba",
      "id": 635,
      "isActive": true
    },
    {
      "lastUpdated": "2022-06-02T00:43:15Z",
      "nameArabic": "????",
      "nameEnglish": "Al Rass",
      "id": 644,
      "isActive": true
    },
    {
      "lastUpdated": "2022-06-02T00:49:54Z",
      "nameArabic": "????????",
      "nameEnglish": "Dawadmi",
      "id": 616,
      "isActive": true
    },
    {
      "lastUpdated": "2022-06-02T01:00:42Z",
      "nameArabic": "??????",
      "nameEnglish": "Dammam",
      "id": 607,
      "isActive": true
    },
    {
      "lastUpdated": "2022-06-02T01:01:10Z",
      "nameArabic": "????",
      "nameEnglish": "Rabigh",
      "id": 650,
      "isActive": true
    },
    {
      "lastUpdated": "2022-06-02T00:50:16Z",
      "nameArabic": "?????",
      "nameEnglish": "AL-berk",
      "id": 654,
      "isActive": true
    },
    {
      "lastUpdated": "2022-06-02T01:32:56Z",
      "nameArabic": "?????",
      "nameEnglish": "Laith",
      "id": 651,
      "isActive": true
    },
    {
      "lastUpdated": "2022-06-02T00:25:00Z",
      "nameArabic": "??????",
      "nameEnglish": "Almendq",
      "id": 663,
      "isActive": true
    },
    {
      "lastUpdated": "2022-06-02T00:31:10Z",
      "nameArabic": "???????",
      "nameEnglish": "3",
      "id": 1246,
      "isActive": true
    },
    {
      "lastUpdated": "2022-06-02T01:16:29Z",
      "nameArabic": "??????",
      "nameEnglish": "As Sulayyil",
      "id": 675,
      "isActive": true
    },
    {
      "lastUpdated": "2022-06-02T00:25:01Z",
      "nameArabic": "?????",
      "nameEnglish": "Al Ula",
      "id": 648,
      "isActive": true
    },
    {
      "lastUpdated": "2022-06-02T01:16:54Z",
      "nameArabic": "????",
      "nameEnglish": "Hail",
      "id": 611,
      "isActive": true
    },
    {
      "lastUpdated": "2022-06-02T01:26:44Z",
      "nameArabic": "???????",
      "nameEnglish": "SALZBURG",
      "id": 1056,
      "isActive": true
    },
    {
      "lastUpdated": "2022-06-02T01:21:58Z",
      "nameArabic": "????",
      "nameEnglish": "Kefda",
      "id": 748,
      "isActive": true
    },
    {
      "lastUpdated": "2022-06-02T01:24:49Z",
      "nameArabic": "??????",
      "nameEnglish": "Kampala",
      "id": 714,
      "isActive": true
    },
    {
      "lastUpdated": "2022-06-02T01:26:54Z",
      "nameArabic": "??????",
      "nameEnglish": "Isfahan",
      "id": 776,
      "isActive": true
    },
    {
      "lastUpdated": "2022-06-02T01:27:07Z",
      "nameArabic": "??????? ???????",
      "nameEnglish": "Madina",
      "id": 605,
      "isActive": true
    },
    {
      "lastUpdated": "2022-06-02T00:13:49Z",
      "nameArabic": "???????",
      "nameEnglish": "Shymkent",
      "id": 3339,
      "isActive": true
    },
    {
      "lastUpdated": "2022-06-02T01:22:03Z",
      "nameArabic": "??????",
      "nameEnglish": "KANDLA",
      "id": 1019,
      "isActive": true
    },
    {
      "nameArabic": "????",
      "nameEnglish": "ANOTHER",
      "id": 390000000,
      "isActive": true
    },
    {
      "lastUpdated": "2022-06-02T00:24:57Z",
      "nameArabic": "??? ??????(????)",
      "nameEnglish": "MALI",
      "id": 103,
      "isActive": true
    },
    {
      "lastUpdated": "2022-06-02T01:22:04Z",
      "nameArabic": "????",
      "nameEnglish": "Afif",
      "id": 618,
      "isActive": true
    },
    {
      "lastUpdated": "2022-06-02T00:37:43Z",
      "nameArabic": "????",
      "nameEnglish": "Baku",
      "id": 704,
      "isActive": true
    },
    {
      "lastUpdated": "2022-06-02T01:22:04Z",
      "nameArabic": "????? ??????",
      "nameEnglish": "Dhahran South",
      "id": 656,
      "isActive": true
    },
    {
      "lastUpdated": "2022-06-02T00:24:59Z",
      "nameArabic": "??????",
      "nameEnglish": "Jubail",
      "id": 628,
      "isActive": true
    },
    {
      "lastUpdated": "2022-06-02T00:43:14Z",
      "nameArabic": "??????? ????????",
      "nameEnglish": "Alardiah Aljanoubiah",
      "id": 676,
      "isActive": true
    },
    {
      "lastUpdated": "2022-06-02T00:37:19Z",
      "nameArabic": "???",
      "nameEnglish": "Fes",
      "id": 760,
      "isActive": true
    },
    {
      "lastUpdated": "2022-06-02T01:37:15Z",
      "nameArabic": "??????",
      "nameEnglish": "Al Khafji",
      "id": 631,
      "isActive": true
    },
    {
      "lastUpdated": "2022-06-02T01:37:07Z",
      "nameArabic": "????? ????",
      "nameEnglish": "Maha?l Asir",
      "id": 660,
      "isActive": true
    },
    {
      "lastUpdated": "2022-06-02T01:06:22Z",
      "nameArabic": "????????",
      "nameEnglish": "BRADFORD",
      "id": 390021124,
      "isActive": true
    },
    {
      "lastUpdated": "2022-06-02T00:43:21Z",
      "nameArabic": "?????",
      "nameEnglish": "PHUKET",
      "id": 807,
      "isActive": true
    },
    {
      "lastUpdated": "2022-06-02T01:01:05Z",
      "nameArabic": "??????",
      "nameEnglish": "Karachi",
      "id": 31,
      "isActive": true
    },
    {
      "lastUpdated": "2022-06-02T01:14:19Z",
      "nameArabic": "????",
      "nameEnglish": "Gulwh",
      "id": 662,
      "isActive": true
    },
    {
      "lastUpdated": "2022-06-02T00:16:27Z",
      "nameArabic": "???????",
      "nameEnglish": "Al Majmaah",
      "id": 619,
      "isActive": true
    },
    {
      "lastUpdated": "2022-06-02T00:25:19Z",
      "nameArabic": "????? ????????",
      "nameEnglish": "KUALA TRENGGANU",
      "id": 999,
      "isActive": true
    },
    {
      "lastUpdated": "2022-06-02T01:27:12Z",
      "nameArabic": "????",
      "nameEnglish": "Gafsa",
      "id": 733,
      "isActive": true
    },
    {
      "lastUpdated": "2022-06-02T00:55:53Z",
      "nameArabic": "????",
      "nameEnglish": "SLOUGH",
      "id": 390021092,
      "isActive": true
    },
    {
      "lastUpdated": "2022-06-02T00:55:27Z",
      "nameArabic": "????????",
      "nameEnglish": "Copenhagen",
      "id": 61,
      "isActive": true
    },
    {
      "lastUpdated": "2022-06-02T01:16:49Z",
      "nameArabic": "??????",
      "nameEnglish": "Karakas",
      "id": 12,
      "isActive": true
    },
    {
      "lastUpdated": "2022-06-02T01:01:21Z",
      "nameArabic": "????",
      "nameEnglish": "Tadiq",
      "id": 622,
      "isActive": true
    },
    {
      "lastUpdated": "2022-06-02T01:27:12Z",
      "nameArabic": "??? ????",
      "nameEnglish": "IN GUEZZAM",
      "id": 1059,
      "isActive": true
    },
    {
      "lastUpdated": "2022-06-02T00:49:33Z",
      "nameArabic": "????????",
      "nameEnglish": "WELLINGTON",
      "id": 1368,
      "isActive": true
    },
    {
      "lastUpdated": "2022-06-02T00:25:23Z",
      "nameArabic": "?????",
      "nameEnglish": "Tabarjal",
      "id": 640,
      "isActive": true
    },
    {
      "lastUpdated": "2022-06-02T00:56:13Z",
      "nameArabic": "?????",
      "nameEnglish": "Farsan",
      "id": 668,
      "isActive": true
    },
    {
      "lastUpdated": "2022-06-02T01:27:03Z",
      "nameArabic": "??????",
      "nameEnglish": "Al Zilfi",
      "id": 620,
      "isActive": true
    },
    {
      "lastUpdated": "2022-06-02T01:27:19Z",
      "nameArabic": "???????????",
      "nameEnglish": "Kotaknabalo",
      "id": 811,
      "isActive": true
    },
    {
      "lastUpdated": "2022-06-02T00:25:34Z",
      "nameArabic": "?????????",
      "nameEnglish": "GUANGZHOU",
      "id": 1002,
      "isActive": true
    },
    {
      "lastUpdated": "2022-06-02T01:06:18Z",
      "nameArabic": "??????",
      "nameEnglish": "Basra",
      "id": 1031,
      "isActive": true
    },
    {
      "lastUpdated": "2022-06-02T01:27:15Z",
      "nameArabic": "??????",
      "nameEnglish": "Srinagar",
      "id": 819,
      "isActive": true
    },
    {
      "lastUpdated": "2022-06-02T01:29:52Z",
      "nameArabic": "???????",
      "nameEnglish": "Conakry",
      "id": 43,
      "isActive": true
    },
    {
      "lastUpdated": "2022-06-02T01:32:33Z",
      "nameArabic": "??????",
      "nameEnglish": "yangon",
      "id": 951,
      "isActive": true
    },
    {
      "lastUpdated": "2022-06-02T01:31:13Z",
      "nameArabic": "????? ?????",
      "nameEnglish": "Kuala Namu International Airport",
      "id": 1074,
      "isActive": true
    },
    {
      "lastUpdated": "2022-06-02T00:37:30Z",
      "nameArabic": "???? ????",
      "nameEnglish": "Rejal Elmaa",
      "id": 658,
      "isActive": true
    },
    {
      "lastUpdated": "2022-06-02T01:29:55Z",
      "nameArabic": "?????",
      "nameEnglish": "Salalah",
      "id": 730,
      "isActive": true
    },
    {
      "lastUpdated": "2022-06-02T00:43:05Z",
      "nameArabic": "??? ???????",
      "nameEnglish": "Sabt Al Alayah",
      "id": 673,
      "isActive": true
    },
    {
      "lastUpdated": "2022-06-02T00:43:06Z",
      "nameArabic": "???????",
      "nameEnglish": "Huraymala",
      "id": 621,
      "isActive": true
    },
    {
      "lastUpdated": "2022-06-02T00:49:38Z",
      "nameArabic": "????",
      "nameEnglish": "Jdba",
      "id": 732,
      "isActive": true
    },
    {
      "lastUpdated": "2022-06-02T00:50:07Z",
      "nameArabic": "??????",
      "nameEnglish": "Canberra",
      "id": 20,
      "isActive": true
    },
    {
      "lastUpdated": "2022-06-02T00:50:21Z",
      "nameArabic": "?????",
      "nameEnglish": "KONYA",
      "id": 801,
      "isActive": true
    },
    {
      "lastUpdated": "2022-06-02T01:33:13Z",
      "nameArabic": "??????",
      "nameEnglish": "bronay",
      "id": 866,
      "isActive": true
    },
    {
      "lastUpdated": "2022-06-02T01:06:16Z",
      "nameArabic": "???? ???????",
      "nameEnglish": "Wadi ad-Dawasir",
      "id": 626,
      "isActive": true
    },
    {
      "lastUpdated": "2022-06-02T01:11:48Z",
      "nameArabic": "?????",
      "nameEnglish": "Tahran",
      "id": 66,
      "isActive": true
    },
    {
      "lastUpdated": "2022-06-02T01:11:48Z",
      "nameArabic": "?????",
      "nameEnglish": "KADUNA",
      "id": 838,
      "isActive": true
    },
    {
      "lastUpdated": "2022-06-02T01:11:50Z",
      "nameArabic": "???????",
      "nameEnglish": "Auckland",
      "id": 877,
      "isActive": true
    },
    {
      "lastUpdated": "2022-06-02T01:12:35Z",
      "nameArabic": "??????",
      "nameEnglish": "TERMIZ",
      "id": 1012,
      "isActive": true
    },
    {
      "lastUpdated": "2022-06-02T01:16:49Z",
      "nameArabic": "???",
      "nameEnglish": "VAN",
      "id": 805,
      "isActive": true
    },
    {
      "lastUpdated": "2022-06-02T00:13:43Z",
      "nameArabic": "??????",
      "nameEnglish": "SUEZ",
      "id": 35,
      "isActive": true
    },
    {
      "lastUpdated": "2022-06-02T00:13:46Z",
      "nameArabic": "??????",
      "nameEnglish": "LANCASTER",
      "id": 390021126,
      "isActive": true
    },
    {
      "lastUpdated": "2022-06-02T00:20:00Z",
      "nameArabic": "??? ?????",
      "nameEnglish": "Nur-Sultan",
      "id": 703,
      "isActive": true
    },
    {
      "lastUpdated": "2022-06-02T00:20:39Z",
      "nameArabic": "????",
      "nameEnglish": "Sabya",
      "id": 666,
      "isActive": true
    },
    {
      "lastUpdated": "2022-06-02T00:20:41Z",
      "nameArabic": "??????",
      "nameEnglish": "Al-Ubayyid",
      "id": 390021207,
      "isActive": true
    },
    {
      "lastUpdated": "2022-06-02T00:31:04Z",
      "nameArabic": "????",
      "nameEnglish": "Damascus",
      "id": 85,
      "isActive": true
    },
    {
      "lastUpdated": "2022-06-02T00:31:17Z",
      "nameArabic": "?????",
      "nameEnglish": "MULTAN",
      "id": 978,
      "isActive": true
    },
    {
      "lastUpdated": "2022-06-02T00:49:39Z",
      "nameArabic": "???????",
      "nameEnglish": "Hamburg",
      "id": 852,
      "isActive": true
    },
    {
      "lastUpdated": "2022-06-02T01:27:08Z",
      "nameArabic": "???",
      "nameEnglish": "Taiz",
      "id": 723,
      "isActive": true
    },
    {
      "lastUpdated": "2022-06-02T00:55:54Z",
      "nameArabic": "?????? ??????",
      "nameEnglish": "Edremit/Korfez",
      "id": 1098,
      "isActive": true
    },
    {
      "lastUpdated": "2022-06-02T00:56:00Z",
      "nameArabic": "???? ???",
      "nameEnglish": "BLACKPOOL",
      "id": 390021123,
      "isActive": true
    },
    {
      "lastUpdated": "2022-06-02T01:12:08Z",
      "nameArabic": "??????",
      "nameEnglish": "Baida",
      "id": 750,
      "isActive": true
    },
    {
      "lastUpdated": "2022-06-02T01:14:14Z",
      "nameArabic": "??????",
      "nameEnglish": "Aghadeer",
      "id": 757,
      "isActive": true
    },
    {
      "lastUpdated": "2022-06-02T01:32:04Z",
      "nameArabic": "??????",
      "nameEnglish": "ARDEBIL",
      "id": 787,
      "isActive": true
    },
    {
      "lastUpdated": "2022-06-02T01:32:09Z",
      "nameArabic": "????????",
      "nameEnglish": "Namangan",
      "id": 1087,
      "isActive": true
    },
    {
      "lastUpdated": "2022-06-02T01:32:37Z",
      "nameArabic": "??????",
      "nameEnglish": "SKOPJE",
      "id": 971,
      "isActive": true
    },
    {
      "lastUpdated": "2022-06-02T01:27:14Z",
      "nameArabic": "?????",
      "nameEnglish": "Seiyun",
      "id": 720,
      "isActive": true
    },
    {
      "lastUpdated": "2022-06-02T00:14:05Z",
      "nameArabic": "?????",
      "nameEnglish": "Zurich",
      "id": 856,
      "isActive": true
    },
    {
      "lastUpdated": "2022-06-02T00:19:55Z",
      "nameArabic": "??????",
      "nameEnglish": "Mogadishu",
      "id": 92,
      "isActive": true
    },
    {
      "lastUpdated": "2022-06-02T00:20:08Z",
      "nameArabic": "???????",
      "nameEnglish": "Hodeidah",
      "id": 721,
      "isActive": true
    },
    {
      "lastUpdated": "2022-06-02T00:25:27Z",
      "nameArabic": "???? ?????",
      "nameEnglish": "Sarat Obeida",
      "id": 678,
      "isActive": true
    },
    {
      "lastUpdated": "2022-06-02T00:25:38Z",
      "nameArabic": "????????",
      "nameEnglish": "Monrovia",
      "id": 3334,
      "isActive": true
    },
    {
      "lastUpdated": "2022-06-02T00:31:14Z",
      "nameArabic": "????",
      "nameEnglish": "Tabuk",
      "id": 606,
      "isActive": true
    },
    {
      "lastUpdated": "2022-06-02T00:37:31Z",
      "nameArabic": "????",
      "nameEnglish": "Geneva",
      "id": 14,
      "isActive": true
    },
    {
      "lastUpdated": "2022-06-02T00:47:03Z",
      "nameArabic": "????????",
      "nameEnglish": "Unalaska",
      "id": 390021205,
      "isActive": true
    },
    {
      "lastUpdated": "2022-06-02T00:49:50Z",
      "nameArabic": "????????",
      "nameEnglish": "BORG ELARAB",
      "id": 936,
      "isActive": true
    },
    {
      "lastUpdated": "2022-06-02T00:49:55Z",
      "nameArabic": "????",
      "nameEnglish": "LIEGE",
      "id": 390021160,
      "isActive": true
    },
    {
      "lastUpdated": "2022-06-02T01:00:36Z",
      "nameArabic": "??????",
      "nameEnglish": "BIRJAND",
      "id": 990,
      "isActive": true
    },
    {
      "lastUpdated": "2022-06-02T01:01:13Z",
      "nameArabic": "??????? ",
      "nameEnglish": "MULHOUSE",
      "id": 947,
      "isActive": true
    },
    {
      "lastUpdated": "2022-06-02T01:06:23Z",
      "nameArabic": "???????",
      "nameEnglish": "Michigan",
      "id": 390021142,
      "isActive": true
    },
    {
      "lastUpdated": "2022-06-02T01:29:52Z",
      "nameArabic": "?????? ",
      "nameEnglish": "PARIS",
      "id": 955,
      "isActive": true
    },
    {
      "lastUpdated": "2022-06-02T01:16:38Z",
      "nameArabic": "?????",
      "nameEnglish": "Al kharj",
      "id": 624,
      "isActive": true
    },
    {
      "lastUpdated": "2022-06-02T01:35:03Z",
      "nameArabic": "??????",
      "nameEnglish": "BOLTON",
      "id": 390021125,
      "isActive": true
    },
    {
      "lastUpdated": "2022-06-02T00:14:08Z",
      "nameArabic": "?????  ????",
      "nameEnglish": "BuenosAires",
      "id": 82,
      "isActive": true
    },
    {
      "lastUpdated": "2022-06-02T00:14:16Z",
      "nameArabic": "????????",
      "nameEnglish": "CHITTAGONG",
      "id": 1025,
      "isActive": true
    },
    {
      "lastUpdated": "2022-06-02T00:19:58Z",
      "nameArabic": "?????",
      "nameEnglish": "LAGOS",
      "id": 88,
      "isActive": true
    },
    {
      "lastUpdated": "2022-06-02T00:19:59Z",
      "nameArabic": "????????",
      "nameEnglish": "Konstanz",
      "id": 740,
      "isActive": true
    },
    {
      "lastUpdated": "2022-06-02T00:20:06Z",
      "nameArabic": "???????",
      "nameEnglish": "PREVEZA",
      "id": 1064,
      "isActive": true
    },
    {
      "lastUpdated": "2022-06-02T00:20:09Z",
      "nameArabic": "?????",
      "nameEnglish": "Vantaa ",
      "id": 1128,
      "isActive": true
    },
    {
      "lastUpdated": "2022-06-02T00:31:15Z",
      "nameArabic": "????",
      "nameEnglish": "Bishah",
      "id": 659,
      "isActive": true
    },
    {
      "lastUpdated": "2022-06-02T01:18:56Z",
      "nameArabic": "?????",
      "nameEnglish": "Moscow",
      "id": 71,
      "isActive": true
    },
    {
      "lastUpdated": "2022-06-02T00:50:31Z",
      "nameArabic": "????????",
      "nameEnglish": "Pretoria",
      "id": 706,
      "isActive": true
    },
    {
      "lastUpdated": "2022-06-02T01:00:55Z",
      "nameArabic": "????",
      "nameEnglish": "OSLO",
      "id": 142,
      "isActive": true
    },
    {
      "lastUpdated": "2022-06-02T01:00:56Z",
      "nameArabic": "??????",
      "nameEnglish": "Baha",
      "id": 661,
      "isActive": true
    },
    {
      "lastUpdated": "2022-06-02T01:01:11Z",
      "nameArabic": "??????? ??????",
      "nameEnglish": "TORONTO-PEARSON",
      "id": 1046,
      "isActive": true
    },
    {
      "lastUpdated": "2022-06-02T01:01:14Z",
      "nameArabic": "????",
      "nameEnglish": "MALE",
      "id": 835,
      "isActive": true
    },
    {
      "lastUpdated": "2022-06-02T01:01:20Z",
      "nameArabic": "????????????",
      "nameEnglish": "Antananarivo",
      "id": 390021087,
      "isActive": true
    },
    {
      "lastUpdated": "2022-06-02T01:06:13Z",
      "nameArabic": "????",
      "nameEnglish": "Turayf",
      "id": 632,
      "isActive": true
    },
    {
      "lastUpdated": "2022-06-02T01:11:50Z",
      "nameArabic": "???? ??????",
      "nameEnglish": "Bobo Delaso",
      "id": 832,
      "isActive": true
    },
    {
      "lastUpdated": "2022-06-02T01:21:50Z",
      "nameArabic": "???????",
      "nameEnglish": "AL-aflaj",
      "id": 625,
      "isActive": true
    },
    {
      "lastUpdated": "2022-06-02T01:32:11Z",
      "nameArabic": "????? ",
      "nameEnglish": "BONDY",
      "id": 390021118,
      "isActive": true
    },
    {
      "lastUpdated": "2022-06-02T01:37:04Z",
      "nameArabic": "??? ??????",
      "nameEnglish": "Darussalam",
      "id": 710,
      "isActive": true
    },
    {
      "lastUpdated": "2022-06-02T00:19:55Z",
      "nameArabic": "??????",
      "nameEnglish": "Mexico",
      "id": 19,
      "isActive": true
    },
    {
      "lastUpdated": "2022-06-02T00:20:40Z",
      "nameArabic": "???????",
      "nameEnglish": "MAASTRICHT",
      "id": 390021172,
      "isActive": true
    },
    {
      "lastUpdated": "2022-06-02T00:31:19Z",
      "nameArabic": "???  ??????",
      "nameEnglish": "Los Angelis",
      "id": 95,
      "isActive": true
    },
    {
      "lastUpdated": "2022-06-02T01:29:20Z",
      "nameArabic": "????",
      "nameEnglish": "Bashir",
      "id": 775,
      "isActive": true
    },
    {
      "lastUpdated": "2022-06-02T01:34:34Z",
      "nameArabic": "??????",
      "nameEnglish": "GAUHATI",
      "id": 1022,
      "isActive": true
    },
    {
      "lastUpdated": "2022-06-02T00:37:36Z",
      "nameArabic": "??????",
      "nameEnglish": "Lisbon",
      "id": 716,
      "isActive": true
    },
    {
      "lastUpdated": "2022-06-02T00:38:00Z",
      "nameArabic": "???? ????????",
      "nameEnglish": "BRITISH COLUMBIA",
      "id": 390021097,
      "isActive": true
    },
    {
      "lastUpdated": "2022-06-02T00:55:42Z",
      "nameArabic": "???????",
      "nameEnglish": "MERZIFON",
      "id": 964,
      "isActive": true
    },
    {
      "lastUpdated": "2022-06-02T01:06:14Z",
      "nameArabic": "???????",
      "nameEnglish": "Trabzon",
      "id": 804,
      "isActive": true
    },
    {
      "lastUpdated": "2022-06-02T01:07:01Z",
      "nameArabic": "??????",
      "nameEnglish": "Larnaca",
      "id": 823,
      "isActive": true
    },
    {
      "lastUpdated": "2022-06-02T01:11:51Z",
      "nameArabic": "????????",
      "nameEnglish": "Bdowazfel",
      "id": 871,
      "isActive": true
    },
    {
      "lastUpdated": "2022-06-02T01:11:57Z",
      "nameArabic": "????",
      "nameEnglish": "Oujda",
      "id": 761,
      "isActive": true
    },
    {
      "lastUpdated": "2022-06-02T01:37:04Z",
      "nameArabic": "??? ?????",
      "nameEnglish": "Comoros Islands",
      "id": 119,
      "isActive": true
    },
    {
      "lastUpdated": "2022-06-02T00:13:47Z",
      "nameArabic": "???????",
      "nameEnglish": "New�Jersey",
      "id": 390021145,
      "isActive": true
    },
    {
      "lastUpdated": "2022-06-02T00:14:06Z",
      "nameArabic": "???? ??? ???",
      "nameEnglish": "RAHIMYARKHAN",
      "id": 979,
      "isActive": true
    },
    {
      "lastUpdated": "2022-06-02T01:18:56Z",
      "nameArabic": "???????",
      "nameEnglish": "KUNMING",
      "id": 1005,
      "isActive": true
    },
    {
      "lastUpdated": "2022-06-02T00:20:24Z",
      "nameArabic": "??????",
      "nameEnglish": "Gharda�a",
      "id": 741,
      "isActive": true
    },
    {
      "lastUpdated": "2022-06-02T00:49:39Z",
      "nameArabic": "???",
      "nameEnglish": "Yazd",
      "id": 773,
      "isActive": true
    },
    {
      "lastUpdated": "2022-06-02T01:22:05Z",
      "nameArabic": "???",
      "nameEnglish": "Jeddah",
      "id": 602,
      "isActive": true
    },
    {
      "lastUpdated": "2022-06-02T01:26:50Z",
      "nameArabic": "??????",
      "nameEnglish": "Tirana",
      "id": 709,
      "isActive": true
    },
    {
      "lastUpdated": "2022-06-02T00:55:55Z",
      "nameArabic": "??????",
      "nameEnglish": "Illinois�",
      "id": 390021146,
      "isActive": true
    },
    {
      "lastUpdated": "2022-06-02T01:06:18Z",
      "nameArabic": "????",
      "nameEnglish": "LYON",
      "id": 858,
      "isActive": true
    },
    {
      "lastUpdated": "2022-06-02T01:32:06Z",
      "nameArabic": "???????",
      "nameEnglish": "Budapest",
      "id": 719,
      "isActive": true
    },
    {
      "lastUpdated": "2022-06-02T01:12:05Z",
      "nameArabic": "?????",
      "nameEnglish": "NADOR",
      "id": 766,
      "isActive": true
    },
    {
      "lastUpdated": "2022-06-02T01:12:11Z",
      "nameArabic": "????????",
      "nameEnglish": "Mauritius",
      "id": 106,
      "isActive": true
    },
    {
      "lastUpdated": "2022-06-02T01:16:50Z",
      "nameArabic": "???",
      "nameEnglish": "Gaza",
      "id": 731,
      "isActive": true
    },
    {
      "lastUpdated": "2022-06-02T01:21:34Z",
      "nameArabic": "?????",
      "nameEnglish": "HAUSEN",
      "id": 390021169,
      "isActive": true
    },
    {
      "lastUpdated": "2022-06-02T01:21:50Z",
      "nameArabic": " ??????? ???????",
      "nameEnglish": "PALMA DE MALLORCA",
      "id": 1063,
      "isActive": true
    },
    {
      "lastUpdated": "2022-06-02T01:21:52Z",
      "nameArabic": "???? ??? ?????",
      "nameEnglish": "Bandar Ser Begawan ",
      "id": 707,
      "isActive": true
    },
    {
      "lastUpdated": "2022-06-02T01:22:06Z",
      "nameArabic": "??????",
      "nameEnglish": "Washington",
      "id": 25,
      "isActive": true
    },
    {
      "lastUpdated": "2022-06-02T01:22:15Z",
      "nameArabic": "????????",
      "nameEnglish": "BLANTYRE",
      "id": 390021112,
      "isActive": true
    },
    {
      "lastUpdated": "2022-06-02T01:26:50Z",
      "nameArabic": "???",
      "nameEnglish": "RASHT",
      "id": 783,
      "isActive": true
    },
    {
      "lastUpdated": "2022-06-02T00:13:47Z",
      "nameArabic": "???????",
      "nameEnglish": "Kinshasa",
      "id": 3335,
      "isActive": true
    },
    {
      "lastUpdated": "2022-06-02T00:14:06Z",
      "nameArabic": "?????",
      "nameEnglish": "Rafha",
      "id": 633,
      "isActive": true
    },
    {
      "lastUpdated": "2022-06-02T00:14:17Z",
      "nameArabic": "???????? ????",
      "nameEnglish": "LONDON Stansted",
      "id": 1045,
      "isActive": true
    },
    {
      "lastUpdated": "2022-06-02T01:32:03Z",
      "nameArabic": "?????",
      "nameEnglish": "Al Jowf",
      "id": 638,
      "isActive": true
    },
    {
      "lastUpdated": "2022-06-02T01:38:08Z",
      "nameArabic": "??????",
      "nameEnglish": "ABADAN",
      "id": 786,
      "isActive": true
    },
    {
      "lastUpdated": "2022-06-02T01:26:56Z",
      "nameArabic": " ??????",
      "nameEnglish": "JAIPUR",
      "id": 1028,
      "isActive": true
    },
    {
      "lastUpdated": "2022-06-02T00:25:06Z",
      "nameArabic": "?????",
      "nameEnglish": "MULHOUSE",
      "id": 390021114,
      "isActive": true
    },
    {
      "lastUpdated": "2022-06-02T01:27:33Z",
      "nameArabic": "??????? ",
      "nameEnglish": "VENESIA",
      "id": 390021161,
      "isActive": true
    },
    {
      "lastUpdated": "2022-06-02T01:37:49Z",
      "nameArabic": "??????",
      "nameEnglish": "Jakarta",
      "id": 39,
      "isActive": true
    },
    {
      "lastUpdated": "2022-06-02T01:00:56Z",
      "nameArabic": "?????",
      "nameEnglish": "ERBIL",
      "id": 981,
      "isActive": true
    },
    {
      "lastUpdated": "2022-06-02T01:11:36Z",
      "nameArabic": "??? ??????",
      "nameEnglish": "Lake Rudolf",
      "id": 390021216,
      "isActive": true
    },
    {
      "lastUpdated": "2022-06-02T01:06:19Z",
      "nameArabic": "????????",
      "nameEnglish": "Amsterdam",
      "id": 860,
      "isActive": true
    },
    {
      "lastUpdated": "2022-06-02T00:31:23Z",
      "nameArabic": "???????",
      "nameEnglish": "NDjamena",
      "id": 69,
      "isActive": true
    },
    {
      "lastUpdated": "2022-06-02T01:27:04Z",
      "nameArabic": "????????",
      "nameEnglish": "Rashidiya",
      "id": 759,
      "isActive": true
    },
    {
      "lastUpdated": "2022-06-02T01:14:20Z",
      "nameArabic": "???????",
      "nameEnglish": "WASHINGTON",
      "id": 959,
      "isActive": true
    },
    {
      "lastUpdated": "2022-06-02T00:43:06Z",
      "nameArabic": "?????",
      "nameEnglish": "TOULOUSE",
      "id": 859,
      "isActive": true
    },
    {
      "lastUpdated": "2022-06-02T01:29:55Z",
      "nameArabic": "???? ????",
      "nameEnglish": "hong kong",
      "id": 108,
      "isActive": true
    },
    {
      "lastUpdated": "2022-06-02T00:37:31Z",
      "nameArabic": "???????? ",
      "nameEnglish": "YINCHUAN",
      "id": 1003,
      "isActive": true
    },
    {
      "lastUpdated": "2022-06-02T00:37:51Z",
      "nameArabic": "???????",
      "nameEnglish": "Canakkale",
      "id": 390021203,
      "isActive": true
    },
    {
      "lastUpdated": "2022-06-02T01:16:31Z",
      "nameArabic": "??????",
      "nameEnglish": "DUNDAS",
      "id": 390021098,
      "isActive": true
    },
    {
      "lastUpdated": "2022-06-02T00:43:13Z",
      "nameArabic": "??????",
      "nameEnglish": "Arish",
      "id": 756,
      "isActive": true
    },
    {
      "lastUpdated": "2022-06-02T01:32:05Z",
      "nameArabic": "???",
      "nameEnglish": "Bon",
      "id": 24,
      "isActive": true
    },
    {
      "lastUpdated": "2022-06-02T00:49:43Z",
      "nameArabic": "?????",
      "nameEnglish": "Niamey",
      "id": 89,
      "isActive": true
    },
    {
      "lastUpdated": "2022-06-02T01:01:21Z",
      "nameArabic": "????",
      "nameEnglish": "YOLA",
      "id": 844,
      "isActive": false
    },
    {
      "lastUpdated": "2022-06-02T01:01:11Z",
      "nameArabic": "???????",
      "nameEnglish": "HURGHADA",
      "id": 937,
      "isActive": true
    },
    {
      "lastUpdated": "2022-06-02T00:52:58Z",
      "nameArabic": "?????",
      "nameEnglish": "CRAWLEY",
      "id": 390021129,
      "isActive": true
    },
    {
      "lastUpdated": "2022-06-02T00:55:40Z",
      "nameArabic": "???????",
      "nameEnglish": "HARGEISA",
      "id": 935,
      "isActive": true
    },
    {
      "lastUpdated": "2022-06-02T00:55:40Z",
      "nameArabic": "??? ????",
      "nameEnglish": "Nuremberg",
      "id": 854,
      "isActive": true
    },
    {
      "lastUpdated": "2022-06-02T00:55:43Z",
      "nameArabic": "????  ?????",
      "nameEnglish": "Addis Ababa",
      "id": 33,
      "isActive": true
    },
    {
      "lastUpdated": "2022-06-02T01:00:38Z",
      "nameArabic": "???? ????? ??????????",
      "nameEnglish": "Moscow Domodedovo Airport",
      "id": 1070,
      "isActive": true
    },
    {
      "lastUpdated": "2022-06-02T01:00:41Z",
      "nameArabic": "??????",
      "nameEnglish": "Mosul",
      "id": 1038,
      "isActive": true
    },
    {
      "lastUpdated": "2022-06-02T01:00:43Z",
      "nameArabic": "??????",
      "nameEnglish": "MECHELEN",
      "id": 390021157,
      "isActive": true
    },
    {
      "lastUpdated": "2022-06-02T01:00:44Z",
      "nameArabic": "????",
      "nameEnglish": "Pisa ",
      "id": 1131,
      "isActive": true
    },
    {
      "lastUpdated": "2022-06-02T01:00:44Z",
      "nameArabic": "??????",
      "nameEnglish": "LIMERO",
      "id": 390021119,
      "isActive": true
    },
    {
      "lastUpdated": "2022-06-02T01:12:35Z",
      "nameArabic": "?????",
      "nameEnglish": "LUCKNOW",
      "id": 821,
      "isActive": true
    },
    {
      "lastUpdated": "2022-06-02T01:27:07Z",
      "nameArabic": "???????",
      "nameEnglish": "COVENTRY",
      "id": 390021134,
      "isActive": true
    },
    {
      "lastUpdated": "2022-06-02T01:06:26Z",
      "nameArabic": "????????",
      "nameEnglish": "Kathmandu",
      "id": 3337,
      "isActive": true
    },
    {
      "lastUpdated": "2022-06-02T01:08:46Z",
      "nameArabic": "??????",
      "nameEnglish": "Penang",
      "id": 810,
      "isActive": true
    },
    {
      "lastUpdated": "2022-06-02T01:11:49Z",
      "nameArabic": "??????",
      "nameEnglish": "Abu Dhabi",
      "id": 18,
      "isActive": true
    },
    {
      "lastUpdated": "2022-06-02T01:11:50Z",
      "nameArabic": "?????",
      "nameEnglish": "BECHAR",
      "id": 927,
      "isActive": true
    },
    {
      "lastUpdated": "2022-06-02T01:11:58Z",
      "nameArabic": "??????",
      "nameEnglish": "Helsinki",
      "id": 952,
      "isActive": true
    },
    {
      "lastUpdated": "2022-06-02T01:16:35Z",
      "nameArabic": "???????",
      "nameEnglish": "Oregon",
      "id": 390021147,
      "isActive": true
    },
    {
      "lastUpdated": "2022-06-02T01:12:37Z",
      "nameArabic": "???? ????????",
      "nameEnglish": "WEST YORKSHIRE",
      "id": 390021132,
      "isActive": true
    },
    {
      "lastUpdated": "2022-06-02T01:32:08Z",
      "nameArabic": "???????",
      "nameEnglish": "Sharjah",
      "id": 726,
      "isActive": true
    },
    {
      "lastUpdated": "2022-06-02T01:32:11Z",
      "nameArabic": "???????",
      "nameEnglish": "Florida",
      "id": 390021143,
      "isActive": true
    },
    {
      "lastUpdated": "2022-06-02T01:37:06Z",
      "nameArabic": "???????",
      "nameEnglish": "NEW YORK",
      "id": 960,
      "isActive": true
    },
    {
      "lastUpdated": "2022-06-02T01:37:08Z",
      "nameArabic": "????????",
      "nameEnglish": "MARSEILLE",
      "id": 950,
      "isActive": true
    },
    {
      "lastUpdated": "2022-06-02T01:37:15Z",
      "nameArabic": "????? ???????",
      "nameEnglish": "Casablanca",
      "id": 758,
      "isActive": true
    },
    {
      "lastUpdated": "2022-06-02T01:37:16Z",
      "nameArabic": "???????",
      "nameEnglish": "ormoge",
      "id": 868,
      "isActive": true
    },
    {
      "lastUpdated": "2022-06-02T00:13:49Z",
      "nameArabic": "???????",
      "nameEnglish": "Nanwalek ",
      "id": 390021212,
      "isActive": true
    },
    {
      "lastUpdated": "2022-06-02T00:13:55Z",
      "nameArabic": "???????",
      "nameEnglish": "Genting�",
      "id": 390021208,
      "isActive": true
    },
    {
      "lastUpdated": "2022-06-02T00:14:15Z",
      "nameArabic": "??????",
      "nameEnglish": "FERGANA",
      "id": 880,
      "isActive": true
    },
    {
      "lastUpdated": "2022-06-02T00:19:59Z",
      "nameArabic": "???????",
      "nameEnglish": "Calcutta",
      "id": 815,
      "isActive": true
    },
    {
      "lastUpdated": "2022-06-02T00:20:08Z",
      "nameArabic": "?????",
      "nameEnglish": "Khobar",
      "id": 608,
      "isActive": true
    },
    {
      "lastUpdated": "2022-06-02T01:26:57Z",
      "nameArabic": "???????",
      "nameEnglish": "Anatolia",
      "id": 795,
      "isActive": true
    },
    {
      "lastUpdated": "2022-06-02T00:50:32Z",
      "nameArabic": "???? ??????",
      "nameEnglish": "PORT HARCOURT",
      "id": 842,
      "isActive": true
    },
    {
      "lastUpdated": "2022-06-02T00:55:31Z",
      "nameArabic": "????",
      "nameEnglish": "CUREPE?",
      "id": 390021155,
      "isActive": true
    },
    {
      "lastUpdated": "2022-06-02T00:57:54Z",
      "nameArabic": "????",
      "nameEnglish": "Mashad",
      "id": 778,
      "isActive": true
    },
    {
      "lastUpdated": "2022-06-02T01:12:16Z",
      "nameArabic": "????",
      "nameEnglish": "Tunisia",
      "id": 5,
      "isActive": true
    },
    {
      "lastUpdated": "2022-06-02T01:37:08Z",
      "nameArabic": "??????",
      "nameEnglish": "Lusaka",
      "id": 16,
      "isActive": true
    },
    {
      "lastUpdated": "2022-06-02T01:37:16Z",
      "nameArabic": "?????",
      "nameEnglish": "ALNAJAF",
      "id": 390021180,
      "isActive": true
    },
    {
      "lastUpdated": "2022-06-02T01:00:45Z",
      "nameArabic": "????",
      "nameEnglish": "DUTSE",
      "id": 390021184,
      "isActive": true
    },
    {
      "lastUpdated": "2022-06-02T01:21:32Z",
      "nameArabic": "????????",
      "nameEnglish": "Baketran",
      "id": 785,
      "isActive": true
    },
    {
      "lastUpdated": "2022-06-02T00:14:06Z",
      "nameArabic": "????",
      "nameEnglish": "RODOS",
      "id": 1065,
      "isActive": true
    },
    {
      "lastUpdated": "2022-06-02T00:14:16Z",
      "nameArabic": "?????",
      "nameEnglish": "Annaba",
      "id": 739,
      "isActive": true
    },
    {
      "lastUpdated": "2022-06-02T01:21:34Z",
      "nameArabic": "?????",
      "nameEnglish": "Ajman",
      "id": 390001085,
      "isActive": true
    },
    {
      "lastUpdated": "2022-06-02T00:19:57Z",
      "nameArabic": "???????",
      "nameEnglish": "LANZHOU",
      "id": 1004,
      "isActive": true
    },
    {
      "lastUpdated": "2022-06-02T00:20:07Z",
      "nameArabic": "???????",
      "nameEnglish": "Fujairah",
      "id": 725,
      "isActive": true
    },
    {
      "lastUpdated": "2022-06-02T01:32:12Z",
      "nameArabic": "?????",
      "nameEnglish": "Momote",
      "id": 390021217,
      "isActive": true
    },
    {
      "lastUpdated": "2022-06-02T01:32:40Z",
      "nameArabic": "??????? ",
      "nameEnglish": "??????? ",
      "id": 390001126,
      "isActive": true
    },
    {
      "lastUpdated": "2022-06-02T01:32:41Z",
      "nameArabic": "???????",
      "nameEnglish": "Shungnak",
      "id": 1105,
      "isActive": true
    },
    {
      "lastUpdated": "2022-06-02T01:22:06Z",
      "nameArabic": "????",
      "nameEnglish": "Tozeur",
      "id": 738,
      "isActive": true
    },
    {
      "lastUpdated": "2022-06-02T00:31:24Z",
      "nameArabic": "???? ?????",
      "nameEnglish": "SAINT ETIENNE",
      "id": 390021117,
      "isActive": true
    },
    {
      "lastUpdated": "2022-06-02T01:00:52Z",
      "nameArabic": "?????",
      "nameEnglish": "Beirut",
      "id": 40,
      "isActive": true
    },
    {
      "lastUpdated": "2022-06-02T01:01:15Z",
      "nameArabic": "?????",
      "nameEnglish": "LEREH",
      "id": 995,
      "isActive": true
    },
    {
      "lastUpdated": "2022-06-02T00:37:00Z",
      "nameArabic": "????????",
      "nameEnglish": "Anadolu",
      "id": 1101,
      "isActive": true
    },
    {
      "lastUpdated": "2022-06-02T00:37:04Z",
      "nameArabic": "???? ???",
      "nameEnglish": "Marsa Alam",
      "id": 390021223,
      "isActive": true
    },
    {
      "lastUpdated": "2022-06-02T01:22:08Z",
      "nameArabic": "????? ????",
      "nameEnglish": "SOLO",
      "id": 1001,
      "isActive": true
    },
    {
      "lastUpdated": "2022-06-02T00:47:02Z",
      "nameArabic": "???????????",
      "nameEnglish": "Huntingburg",
      "id": 1091,
      "isActive": true
    },
    {
      "lastUpdated": "2022-06-02T00:43:25Z",
      "nameArabic": "??????",
      "nameEnglish": "Bombay",
      "id": 45,
      "isActive": true
    },
    {
      "lastUpdated": "2022-06-02T01:33:13Z",
      "nameArabic": "??????",
      "nameEnglish": "Chicago",
      "id": 390001105,
      "isActive": true
    },
    {
      "lastUpdated": "2022-06-02T00:49:32Z",
      "nameArabic": "????? ????",
      "nameEnglish": "Cengiz Topel",
      "id": 390021211,
      "isActive": true
    },
    {
      "lastUpdated": "2022-06-02T01:01:15Z",
      "nameArabic": "????",
      "nameEnglish": "London",
      "id": 22,
      "isActive": true
    },
    {
      "lastUpdated": "2022-06-02T00:49:50Z",
      "nameArabic": "??????",
      "nameEnglish": "Colombo",
      "id": 715,
      "isActive": true
    },
    {
      "lastUpdated": "2022-06-02T00:50:36Z",
      "nameArabic": "????",
      "nameEnglish": "Beken",
      "id": 96,
      "isActive": true
    },
    {
      "lastUpdated": "2022-06-02T01:34:35Z",
      "nameArabic": "?????",
      "nameEnglish": "OTAWA",
      "id": 23,
      "isActive": true
    },
    {
      "lastUpdated": "2022-06-02T01:22:47Z",
      "nameArabic": "????? ????",
      "nameEnglish": "Rene Mouawad",
      "id": 390021215,
      "isActive": true
    },
    {
      "lastUpdated": "2022-06-02T01:06:21Z",
      "nameArabic": "?????",
      "nameEnglish": "HERAT",
      "id": 1126,
      "isActive": true
    },
    {
      "lastUpdated": "2022-06-02T01:06:22Z",
      "nameArabic": "?????",
      "nameEnglish": "MALMO",
      "id": 390021096,
      "isActive": true
    },
    {
      "lastUpdated": "2022-06-02T00:55:53Z",
      "nameArabic": "??? ?????",
      "nameEnglish": "Gag Island",
      "id": 1096,
      "isActive": true
    },
    {
      "lastUpdated": "2022-06-02T00:55:55Z",
      "nameArabic": "???? ????????",
      "nameEnglish": "LONDON ONTARIO",
      "id": 390021102,
      "isActive": true
    },
    {
      "lastUpdated": "2022-06-02T01:11:35Z",
      "nameArabic": "??????",
      "nameEnglish": "Mardin",
      "id": 390021197,
      "isActive": true
    },
    {
      "lastUpdated": "2022-06-02T01:12:17Z",
      "nameArabic": "???????",
      "nameEnglish": "ILORIN",
      "id": 390021186,
      "isActive": true
    },
    {
      "lastUpdated": "2022-06-02T01:14:21Z",
      "nameArabic": "?????",
      "nameEnglish": "Magas�",
      "id": 390021209,
      "isActive": true
    },
    {
      "lastUpdated": "2022-06-02T01:16:27Z",
      "nameArabic": "????????",
      "nameEnglish": "PORT SUDAN",
      "id": 941,
      "isActive": true
    },
    {
      "lastUpdated": "2022-06-02T01:16:28Z",
      "nameArabic": "?????? ????????",
      "nameEnglish": "UJUNG PANDANG",
      "id": 994,
      "isActive": true
    },
    {
      "lastUpdated": "2022-06-02T01:16:31Z",
      "nameArabic": "???? ???",
      "nameEnglish": "Phnom Penh",
      "id": 390021177,
      "isActive": true
    },
    {
      "lastUpdated": "2022-06-02T01:27:05Z",
      "nameArabic": "??????",
      "nameEnglish": "Denison Municipal",
      "id": 1102,
      "isActive": true
    },
    {
      "lastUpdated": "2022-06-02T01:32:02Z",
      "nameArabic": "???",
      "nameEnglish": "LILLE",
      "id": 956,
      "isActive": true
    },
    {
      "lastUpdated": "2022-06-02T01:32:07Z",
      "nameArabic": "??????",
      "nameEnglish": "Brussels",
      "id": 64,
      "isActive": true
    },
    {
      "lastUpdated": "2022-06-02T01:32:12Z",
      "nameArabic": "??? ????",
      "nameEnglish": "Balikesir",
      "id": 390021190,
      "isActive": true
    }
  ],
  "totalElements": 704
}

[main] INFO com.shaft.tools.io.ReportManagerHelper - [ReportManager] Successfully created attachment "SHAFT Engine Logs - Current Method log: Valid_GET_all_cities_Lookups_Rq_TC" @12-10-2022 16:11:00.0134 PM
[main] INFO com.shaft.tools.io.ReportManagerHelper - [ReportManager] Setting discrete logging to: "false" @12-10-2022 16:11:00.0134 PM
]]></system-err>
  </testcase>
  <testcase name="Bad_Token_RQ_TC" classname="SteeringCompanyAPI_TestCases.Test_Token_Cases" time="0.984">
    <system-out><![CDATA[
################################################################################################################################################
Starting Execution of a Configuration (Setup or Teardown) Method
Test Method:		"SteeringCompanyAPI_TestCases.Test_Token_Cases.perparedata"
################################################################################################################################################
[ReportManager] Loaded Test Data: "src/test/resources/testDataFiles/SteeringCompanyAPI_TestData/SteeringCompanyAPI_TestData.xlsx". @12-10-2022 16:11:00.0261 PM

################################################################################################################################################
Starting Execution:	"2 out of 4" test cases in the current suite
Test Method:		"SteeringCompanyAPI_TestCases.Test_Token_Cases.Bad_Token_RQ_TC"
Test Description:	"TC003 - Peform Post Token API with empty request body"
################################################################################################################################################
[ReportManager] Loaded Test Data: "src/test/resources/testDataFiles/SteeringCompanyAPI_TestData/SteeringCompanyAPI_TestData.xlsx". @12-10-2022 16:11:00.0299 PM
[ReportManager] Assertion Passed: Evaluating the actual response status code against the expected one... @12-10-2022 16:11:01.0211 PM
[ReportManager] Perform request "POST | Target Status Code: 400 | Service URL: https://auth-demo.np.transporticonline.com/auth/realms/tic/protocol/openid-connect/token | Content Type: application/x-www-form-urlencoded | Response Time: 860ms". @12-10-2022 16:11:01.0228 PM
[ReportManager] Assertion Passed: Check Response Status Code is 400 and it is Bad RQ. @12-10-2022 16:11:01.0234 PM
[ReportManager] Assertion Passed: Check error_description is existed. @12-10-2022 16:11:01.0234 PM
[ReportManager] Assertion Passed: Check error_description is not null. @12-10-2022 16:11:01.0235 PM
[ReportManager] Assertion Passed: Unauthorized Token Schema is matched with Unauthorized schema. @12-10-2022 16:11:01.0244 PM
[ReportManager] Verification Passed: "860" is greater than or equal to "1.1". @12-10-2022 16:11:01.0246 PM
[ReportManager] Verification Passed: "860" is less than or equal to "10000". @12-10-2022 16:11:01.0246 PM
]]></system-out>
    <system-err><![CDATA[[main] INFO com.shaft.tools.io.ReportManagerHelper - [ReportManager] Setting discrete logging to: "false" @12-10-2022 16:11:00.0239 PM
[main] INFO com.shaft.tools.io.ReportManagerHelper - [ReportManager] Setting discrete logging to: "false" @12-10-2022 16:11:00.0239 PM
[main] INFO com.shaft.tools.io.ReportManagerHelper - [ReportManager] File Action "DoesFileExist" successfully performed. With the following test data "File Path: "SteeringCompanyAPI_TestData/SteeringCompanyAPI_TestData.xlsx"". @12-10-2022 16:11:00.0240 PM
[main] INFO com.shaft.tools.io.ReportManagerHelper - [ReportManager] Successfully created attachment "Test Data - Excel" @12-10-2022 16:11:00.0262 PM
[main] INFO com.shaft.tools.io.ReportManagerHelper - [ReportManager] Debugging Attachment Entry @12-10-2022 16:11:00.0262 PM
PK&amp#3;&amp#4;&amp#20;&amp#0;&amp#6;&amp#0;&amp#8;&amp#0;&amp#0;&amp#0;!&amp#0;&amp#18;&amp#24;��d&amp#1;&amp#0;&amp#0;&amp#24;&amp#5;&amp#0;&amp#0;&amp#19;&amp#0;&amp#8;&amp#2;[Content_Types].xml �&amp#4;&amp#2;(�&amp#0;&amp#2;&amp#0;&amp#0;&amp#0;&amp#0;&amp#0;&amp#0;&amp#0;&amp#0;&amp#0;&amp#0;&amp#0;&amp#0;&amp#0;&amp#0;&amp#0;&amp#0;&amp#0;&amp#0;&amp#0;&amp#0;&amp#0;&amp#0;&amp#0;&amp#0;&amp#0;&amp#0;&amp#0;&amp#0;&amp#0;&amp#0;&amp#0;&amp#0;&amp#0;&amp#0;&amp#0;&amp#0;&amp#0;&amp#0;&amp#0;&amp#0;&amp#0;&amp#0;&amp#0;&amp#0;&amp#0;&amp#0;&amp#0;&amp#0;&amp#0;&amp#0;&amp#0;&amp#0;&amp#0;&amp#0;&amp#0;&amp#0;&amp#0;&amp#0;&amp#0;&amp#0;&amp#0;&amp#0;&amp#0;&amp#0;&amp#0;&amp#0;&amp#0;&amp#0;&amp#0;&amp#0;&amp#0;&amp#0;&amp#0;&amp#0;&amp#0;&amp#0;&amp#0;&amp#0;&amp#0;&amp#0;&amp#0;&amp#0;&amp#0;&amp#0;&amp#0;&amp#0;&amp#0;&amp#0;&amp#0;&amp#0;&amp#0;&amp#0;&amp#0;&amp#0;&amp#0;&amp#0;&amp#0;&amp#0;&amp#0;&amp#0;&amp#0;&amp#0;&amp#0;&amp#0;&amp#0;&amp#0;&amp#0;&amp#0;&amp#0;&amp#0;&amp#0;&amp#0;&amp#0;&amp#0;&amp#0;&amp#0;&amp#0;&amp#0;&amp#0;&amp#0;&amp#0;&amp#0;&amp#0;&amp#0;&amp#0;&amp#0;&amp#0;&amp#0;&amp#0;&amp#0;&amp#0;&amp#0;&amp#0;&amp#0;&amp#0;&amp#0;&amp#0;&amp#0;&amp#0;&amp#0;&amp#0;&amp#0;&amp#0;&amp#0;&amp#0;&amp#0;&amp#0;&amp#0;&amp#0;&amp#0;&amp#0;&amp#0;&amp#0;&amp#0;&amp#0;&amp#0;&amp#0;&amp#0;&amp#0;&amp#0;&amp#0;&amp#0;&amp#0;&amp#0;&amp#0;&amp#0;&amp#0;&amp#0;&amp#0;&amp#0;&amp#0;&amp#0;&amp#0;&amp#0;&amp#0;&amp#0;&amp#0;&amp#0;&amp#0;&amp#0;&amp#0;&amp#0;&amp#0;&amp#0;&amp#0;&amp#0;&amp#0;&amp#0;&amp#0;&amp#0;&amp#0;&amp#0;&amp#0;&amp#0;&amp#0;&amp#0;&amp#0;&amp#0;&amp#0;&amp#0;&amp#0;&amp#0;&amp#0;&amp#0;&amp#0;&amp#0;&amp#0;&amp#0;&amp#0;&amp#0;&amp#0;&amp#0;&amp#0;&amp#0;&amp#0;&amp#0;&amp#0;&amp#0;&amp#0;&amp#0;&amp#0;&amp#0;&amp#0;&amp#0;&amp#0;&amp#0;&amp#0;&amp#0;&amp#0;&amp#0;&amp#0;&amp#0;&amp#0;&amp#0;&amp#0;&amp#0;&amp#0;&amp#0;&amp#0;&amp#0;&amp#0;&amp#0;&amp#0;&amp#0;&amp#0;&amp#0;&amp#0;&amp#0;&amp#0;&amp#0;&amp#0;&amp#0;&amp#0;&amp#0;&amp#0;&amp#0;&amp#0;&amp#0;&amp#0;&amp#0;&amp#0;&amp#0;&amp#0;&amp#0;&amp#0;&amp#0;&amp#0;&amp#0;&amp#0;&amp#0;&amp#0;&amp#0;&amp#0;&amp#0;&amp#0;&amp#0;&amp#0;&amp#0;&amp#0;&amp#0;&amp#0;&amp#0;&amp#0;&amp#0;&amp#0;&amp#0;&amp#0;&amp#0;&amp#0;&amp#0;&amp#0;&amp#0;&amp#0;&amp#0;&amp#0;&amp#0;&amp#0;&amp#0;&amp#0;&amp#0;&amp#0;&amp#0;&amp#0;&amp#0;&amp#0;&amp#0;&amp#0;&amp#0;&amp#0;&amp#0;&amp#0;&amp#0;&amp#0;&amp#0;&amp#0;&amp#0;&amp#0;&amp#0;&amp#0;&amp#0;&amp#0;&amp#0;&amp#0;&amp#0;&amp#0;&amp#0;&amp#0;&amp#0;&amp#0;&amp#0;&amp#0;&amp#0;&amp#0;&amp#0;&amp#0;&amp#0;&amp#0;&amp#0;&amp#0;&amp#0;&amp#0;&amp#0;&amp#0;&amp#0;&amp#0;&amp#0;&amp#0;&amp#0;&amp#0;&amp#0;&amp#0;&amp#0;&amp#0;&amp#0;&amp#0;&amp#0;&amp#0;&amp#0;&amp#0;&amp#0;&amp#0;&amp#0;&amp#0;&amp#0;&amp#0;&amp#0;&amp#0;&amp#0;&amp#0;&amp#0;&amp#0;&amp#0;&amp#0;&amp#0;&amp#0;&amp#0;&amp#0;&amp#0;&amp#0;&amp#0;&amp#0;&amp#0;&amp#0;&amp#0;&amp#0;&amp#0;&amp#0;&amp#0;&amp#0;&amp#0;&amp#0;&amp#0;&amp#0;&amp#0;&amp#0;&amp#0;&amp#0;&amp#0;&amp#0;&amp#0;&amp#0;&amp#0;&amp#0;&amp#0;&amp#0;&amp#0;&amp#0;&amp#0;&amp#0;&amp#0;&amp#0;&amp#0;&amp#0;&amp#0;&amp#0;&amp#0;&amp#0;&amp#0;&amp#0;&amp#0;&amp#0;&amp#0;&amp#0;&amp#0;&amp#0;&amp#0;&amp#0;&amp#0;&amp#0;&amp#0;&amp#0;&amp#0;&amp#0;&amp#0;&amp#0;&amp#0;&amp#0;&amp#0;&amp#0;&amp#0;&amp#0;&amp#0;&amp#0;&amp#0;&amp#0;&amp#0;&amp#0;&amp#0;&amp#0;&amp#0;&amp#0;&amp#0;&amp#0;&amp#0;&amp#0;&amp#0;&amp#0;&amp#0;&amp#0;&amp#0;&amp#0;&amp#0;&amp#0;&amp#0;&amp#0;&amp#0;&amp#0;&amp#0;&amp#0;&amp#0;&amp#0;&amp#0;&amp#0;&amp#0;&amp#0;&amp#0;&amp#0;&amp#0;&amp#0;&amp#0;&amp#0;&amp#0;&amp#0;&amp#0;&amp#0;&amp#0;&amp#0;&amp#0;&amp#0;&amp#0;&amp#0;&amp#0;&amp#0;&amp#0;&amp#0;&amp#0;&amp#0;&amp#0;&amp#0;&amp#0;&amp#0;&amp#0;&amp#0;&amp#0;&amp#0;&amp#0;&amp#0;&amp#0;&amp#0;&amp#0;&amp#0;&amp#0;Ĕ�n�0&amp#12;���&amp#14;U�S&amp#27;�0M&amp#19;���&amp#28;7��&amp#7;�&amp#26;C#�$�
���&amp#27;`��&amp#14;�@ڥQ&amp#27;��~qc&amp#15;���f+�h�+E��&amp#12;\�q�R�O��;�!)���&amp#14;J�&amp#1;&amp#20;����p�	�&amp#25;g;,EM&amp#20;�Ī�Fa�&amp#3;8ޙ��(��8�AU&amp#11;5&amp#7;9��ne�&amp#29;���Z
1&amp#26;>�L--eOk��%�`Qd&amp#15;��֫&amp#20;*&amp#4;k*EL*WN�r�w&amp#14;&amp#5;g�&amp#24;�M�&amp#27;�&amp#16;�ӡ���`��ʥ�FC6Q�^T�&amp#24;rm姏�&amp#15;�&amp#23;�a�&amp#14;J?��
���
W��&amp#16;Ai�&amp#1;��EZ�F&amp#25;��>���Q��a��|I�D��?q&amp#16;�;��y~)�̑�#m,�&amp#18;=�\�&amp#8;��"w��&amp#1;~j&amp#31;���;�> wr�ӫ�o�6;&amp#15;,&amp#4;�&amp#12;|7kץ�v�)pv١�3&amp#26;t��Lsm�&amp#5;&amp#0;&amp#0;��&amp#3;&amp#0;PK&amp#3;&amp#4;&amp#20;&amp#0;&amp#6;&amp#0;&amp#8;&amp#0;&amp#0;&amp#0;!&amp#0;�U0#�&amp#0;&amp#0;&amp#0;L&amp#2;&amp#0;&amp#0;&amp#11;&amp#0;&amp#8;&amp#2;_rels/.rels �&amp#4;&amp#2;(�&amp#0;&amp#2;&amp#0;&amp#0;&amp#0;&amp#0;&amp#0;&amp#0;&amp#0;&amp#0;&amp#0;&amp#0;&amp#0;&amp#0;&amp#0;&amp#0;&amp#0;&amp#0;&amp#0;&amp#0;&amp#0;&amp#0;&amp#0;&amp#0;&amp#0;&amp#0;&amp#0;&amp#0;&amp#0;&amp#0;&amp#0;&amp#0;&amp#0;&amp#0;&amp#0;&amp#0;&amp#0;&amp#0;&amp#0;&amp#0;&amp#0;&amp#0;&amp#0;&amp#0;&amp#0;&amp#0;&amp#0;&amp#0;&amp#0;&amp#0;&amp#0;&amp#0;&amp#0;&amp#0;&amp#0;&amp#0;&amp#0;&amp#0;&amp#0;&amp#0;&amp#0;&amp#0;&amp#0;&amp#0;&amp#0;&amp#0;&amp#0;&amp#0;&amp#0;&amp#0;&amp#0;&amp#0;&amp#0;&amp#0;&amp#0;&amp#0;&amp#0;&amp#0;&amp#0;&amp#0;&amp#0;&amp#0;&amp#0;&amp#0;&amp#0;&amp#0;&amp#0;&amp#0;&amp#0;&amp#0;&amp#0;&amp#0;&amp#0;&amp#0;&amp#0;&amp#0;&amp#0;&amp#0;&amp#0;&amp#0;&amp#0;&amp#0;&amp#0;&amp#0;&amp#0;&amp#0;&amp#0;&amp#0;&amp#0;&amp#0;&amp#0;&amp#0;&amp#0;&amp#0;&amp#0;&amp#0;&amp#0;&amp#0;&amp#0;&amp#0;&amp#0;&amp#0;&amp#0;&amp#0;&amp#0;&amp#0;&amp#0;&amp#0;&amp#0;&amp#0;&amp#0;&amp#0;&amp#0;&amp#0;&amp#0;&amp#0;&amp#0;&amp#0;&amp#0;&amp#0;&amp#0;&amp#0;&amp#0;&amp#0;&amp#0;&amp#0;&amp#0;&amp#0;&amp#0;&amp#0;&amp#0;&amp#0;&amp#0;&amp#0;&amp#0;&amp#0;&amp#0;&amp#0;&amp#0;&amp#0;&amp#0;&amp#0;&amp#0;&amp#0;&amp#0;&amp#0;&amp#0;&amp#0;&amp#0;&amp#0;&amp#0;&amp#0;&amp#0;&amp#0;&amp#0;&amp#0;&amp#0;&amp#0;&amp#0;&amp#0;&amp#0;&amp#0;&amp#0;&amp#0;&amp#0;&amp#0;&amp#0;&amp#0;&amp#0;&amp#0;&amp#0;&amp#0;&amp#0;&amp#0;&amp#0;&amp#0;&amp#0;&amp#0;&amp#0;&amp#0;&amp#0;&amp#0;&amp#0;&amp#0;&amp#0;&amp#0;&amp#0;&amp#0;&amp#0;&amp#0;&amp#0;&amp#0;&amp#0;&amp#0;&amp#0;&amp#0;&amp#0;&amp#0;&amp#0;&amp#0;&amp#0;&amp#0;&amp#0;&amp#0;&amp#0;&amp#0;&amp#0;&amp#0;&amp#0;&amp#0;&amp#0;&amp#0;&amp#0;&amp#0;&amp#0;&amp#0;&amp#0;&amp#0;&amp#0;&amp#0;&amp#0;&amp#0;&amp#0;&amp#0;&amp#0;&amp#0;&amp#0;&amp#0;&amp#0;&amp#0;&amp#0;&amp#0;&amp#0;&amp#0;&amp#0;&amp#0;&amp#0;&amp#0;&amp#0;&amp#0;&amp#0;&amp#0;&amp#0;&amp#0;&amp#0;&amp#0;&amp#0;&amp#0;&amp#0;&amp#0;&amp#0;&amp#0;&amp#0;&amp#0;&amp#0;&amp#0;&amp#0;&amp#0;&amp#0;&amp#0;&amp#0;&amp#0;&amp#0;&amp#0;&amp#0;&amp#0;&amp#0;&amp#0;&amp#0;&amp#0;&amp#0;&amp#0;&amp#0;&amp#0;&amp#0;&amp#0;&amp#0;&amp#0;&amp#0;&amp#0;&amp#0;&amp#0;&amp#0;&amp#0;&amp#0;&amp#0;&amp#0;&amp#0;&amp#0;&amp#0;&amp#0;&amp#0;&amp#0;&amp#0;&amp#0;&amp#0;&amp#0;&amp#0;&amp#0;&amp#0;&amp#0;&amp#0;&amp#0;&amp#0;&amp#0;&amp#0;&amp#0;&amp#0;&amp#0;&amp#0;&amp#0;&amp#0;&amp#0;&amp#0;&amp#0;&amp#0;&amp#0;&amp#0;&amp#0;&amp#0;&amp#0;&amp#0;&amp#0;&amp#0;&amp#0;&amp#0;&amp#0;&amp#0;&amp#0;&amp#0;&amp#0;&amp#0;&amp#0;&amp#0;&amp#0;&amp#0;&amp#0;&amp#0;&amp#0;&amp#0;&amp#0;&amp#0;&amp#0;&amp#0;&amp#0;&amp#0;&amp#0;&amp#0;&amp#0;&amp#0;&amp#0;&amp#0;&amp#0;&amp#0;&amp#0;&amp#0;&amp#0;&amp#0;&amp#0;&amp#0;&amp#0;&amp#0;&amp#0;&amp#0;&amp#0;&amp#0;&amp#0;&amp#0;&amp#0;&amp#0;&amp#0;&amp#0;&amp#0;&amp#0;&amp#0;&amp#0;&amp#0;&amp#0;&amp#0;&amp#0;&amp#0;&amp#0;&amp#0;&amp#0;&amp#0;&amp#0;&amp#0;&amp#0;&amp#0;&amp#0;&amp#0;&amp#0;&amp#0;&amp#0;&amp#0;&amp#0;&amp#0;&amp#0;&amp#0;&amp#0;&amp#0;&amp#0;&amp#0;&amp#0;&amp#0;&amp#0;&amp#0;&amp#0;&amp#0;&amp#0;&amp#0;&amp#0;&amp#0;&amp#0;&amp#0;&amp#0;&amp#0;&amp#0;&amp#0;&amp#0;&amp#0;&amp#0;&amp#0;&amp#0;&amp#0;&amp#0;&amp#0;&amp#0;&amp#0;&amp#0;&amp#0;&amp#0;&amp#0;&amp#0;&amp#0;&amp#0;&amp#0;&amp#0;&amp#0;&amp#0;&amp#0;&amp#0;&amp#0;&amp#0;&amp#0;&amp#0;&amp#0;&amp#0;&amp#0;&amp#0;&amp#0;&amp#0;&amp#0;&amp#0;&amp#0;&amp#0;&amp#0;&amp#0;&amp#0;&amp#0;&amp#0;&amp#0;&amp#0;&amp#0;&amp#0;&amp#0;&amp#0;&amp#0;&amp#0;&amp#0;&amp#0;&amp#0;&amp#0;&amp#0;&amp#0;&amp#0;&amp#0;&amp#0;&amp#0;&amp#0;&amp#0;&amp#0;&amp#0;&amp#0;&amp#0;&amp#0;&amp#0;&amp#0;&amp#0;&amp#0;&amp#0;&amp#0;&amp#0;&amp#0;��MO�0&amp#12;��H�����ݐ&amp#16;BKwAH�!T~�I�&amp#15;���$&amp#27;ݿ'&amp#28;&amp#16;T&amp#26;�&amp#3;G�~����<���!��4��&amp#18;&amp#20;;#�w����qu&amp#7;*&r�Fq���&amp#17;v�����GJy(v��*����K��#F��D�&amp#16;�.W&amp#26;	&amp#19;�&amp#28;�&amp#22;=��Z�MY�b��&amp#1;�BS���7��ϛז��
?�9L�ҙ&amp#21;�sbgٮ|�l!��&amp#26;USh9i�b�r:"y_dl��D��&amp#19;�|-N��R"4&amp#18;�2�G�%��Z�4�˝y�7	ë��ɂ�&amp#31;��&amp#1;&amp#0;&amp#0;��&amp#3;&amp#0;PK&amp#3;&amp#4;&amp#20;&amp#0;&amp#6;&amp#0;&amp#8;&amp#0;&amp#0;&amp#0;!&amp#0;�N���&amp#3;&amp#0;&amp#0;_	&amp#0;&amp#0;&amp#15;&amp#0;&amp#0;&amp#0;xl/workbook.xml�Umo�8&amp#16;�~���(���!	&amp#16;&amp#21;Vy!�Je�h����*㘒#�s�S@���&amp#29;&amp#7;B�r:q�C�`{����g&�_ve��R.rV�ttc�&amp#26;�&amp#8;���e���&�@ׄ�U�&amp#11;Vё��B�2����-�%c&amp#27;
&amp#0;*1��R־i
��%&amp#22;7��&amp#21;�&amp#24;/��)1E�)�ĚRY&amp#22;�mY�Y��&amp#15;&amp#8;>�&amp#6;��V9�1#MI+y&amp#0;��&amp#18;�u^�&amp#14;�$����o�� ��&amp#1;b�&amp#23;�ܷ��V&amp#18;��b&amp#28;/&amp#11;p{�\m����&amp#15;Y0��M�uqU�&amp#19;�&amp#4;[�&amp#27;�6&amp#15;�/�G��Ї&amp#16;�.cp&amp#29;�cr���&amp#28;�Xq�&amp#19;��&amp#14;���FC �V+>&amp#4;�h��oWyA&amp#31;&amp#15;��p]ť�T�k&amp#5;&amp#22;r��f#�&amp#15;S��&amp#31;&amp#22;xS�M^���z�P7�'9ϸ��&amp#21;n
���;x�&amp#12;�&amp#27;ڮ�&amp#4;a&amp#4;���F���ã_?��&amp#22;;Z3P�6�79�PX�/�&amp#21;FL|�&amp#20;3,�ZË�&amp#30;�&amp#11;J
�<5T1�&amp#26;&amp#19;���g��E�&amp#20;�4x�&amp#11;IK&amp#17;���Bp��&amp#16;�&amp#5;���&amp#19;*�i�%N �b� )�P��*�j&amp#15;��S�W&amp#6;�3�����&amp#15;j�D�Є&amp#24;&amp#30;�<��1��.�;E�$���]|&amp#15;Y}���cPRvl&amp#1;w�D�{�&amp#8;���[&amp#28;8��űa&amp#15;&amp#2;�p&amp#2;�6�A��� ���&amp#14;�~�
��O&amp#24;n��(&amp#31;&amp#5;=�&amp#29;����&amp#20;�&amp#29;d�M���x��&amp#31;C=&amp#24;��o�a�(&amp#31;s�&amp#21;�BSSm��W&amp#25;ێt&amp#3;Y�h�&amp#31;��v�)��&amp#26;��&amp#3;���a�7����1�&amp#29;����_i����\�&amp#21;ϑ��&amp#14;Q?F�m��^�p���&amp#8;�!&amp#12;Iҏ���Dq��3�&amp#8;�
&amp#26;��O�j�J�A	&amp#1;�&amp#5;�}�A�5�[�]�����)���\Ag&amp#7;�q�&amp#14;ڭ&amp#26;�&amp#27;	.&amp#8;ԟz�7&amp#12;�u(N���B�o�	���3�XA�&amp#26;:�5鹆3&amp#24;�����F�����O�I�D�w��t�&amp#2;�X�1�)�d&amp#3;53��&amp#16;&amp#11;Pf&amp#27;	&amp#19;x��
�Ah������p��2��s&amp#12;7Nzn&amp#31;��ą4td���O�ǁٞ�X6P�m�s_��q���:,&amp#28;S����y�2s<�o�&amp#15;�}A�4N&amp#30;�4��N�镶����)��8��qp�}0�&amp#7;��?�+�&amp#12;�!�jlejv2&amp#25;&amp#7;&amp#0;&amp#0;��&amp#3;&amp#0;PK&amp#3;&amp#4;&amp#20;&amp#0;&amp#6;&amp#0;&amp#8;&amp#0;&amp#0;&amp#0;!&amp#0;J��a�&amp#0;&amp#0;&amp#0;G&amp#3;&amp#0;&amp#0;&amp#26;&amp#0;&amp#8;&amp#1;xl/_rels/workbook.xml.rels �&amp#4;&amp#1;(�&amp#0;&amp#1;&amp#0;&amp#0;&amp#0;&amp#0;&amp#0;&amp#0;&amp#0;&amp#0;&amp#0;&amp#0;&amp#0;&amp#0;&amp#0;&amp#0;&amp#0;&amp#0;&amp#0;&amp#0;&amp#0;&amp#0;&amp#0;&amp#0;&amp#0;&amp#0;&amp#0;&amp#0;&amp#0;&amp#0;&amp#0;&amp#0;&amp#0;&amp#0;&amp#0;&amp#0;&amp#0;&amp#0;&amp#0;&amp#0;&amp#0;&amp#0;&amp#0;&amp#0;&amp#0;&amp#0;&amp#0;&amp#0;&amp#0;&amp#0;&amp#0;&amp#0;&amp#0;&amp#0;&amp#0;&amp#0;&amp#0;&amp#0;&amp#0;&amp#0;&amp#0;&amp#0;&amp#0;&amp#0;&amp#0;&amp#0;&amp#0;&amp#0;&amp#0;&amp#0;&amp#0;&amp#0;&amp#0;&amp#0;&amp#0;&amp#0;&amp#0;&amp#0;&amp#0;&amp#0;&amp#0;&amp#0;&amp#0;&amp#0;&amp#0;&amp#0;&amp#0;&amp#0;&amp#0;&amp#0;&amp#0;&amp#0;&amp#0;&amp#0;&amp#0;&amp#0;&amp#0;&amp#0;&amp#0;&amp#0;&amp#0;&amp#0;&amp#0;&amp#0;&amp#0;&amp#0;&amp#0;&amp#0;&amp#0;&amp#0;&amp#0;&amp#0;&amp#0;&amp#0;&amp#0;&amp#0;&amp#0;&amp#0;&amp#0;&amp#0;&amp#0;&amp#0;&amp#0;&amp#0;&amp#0;&amp#0;&amp#0;&amp#0;&amp#0;&amp#0;&amp#0;&amp#0;&amp#0;&amp#0;&amp#0;&amp#0;&amp#0;&amp#0;&amp#0;&amp#0;&amp#0;&amp#0;&amp#0;&amp#0;&amp#0;&amp#0;&amp#0;&amp#0;&amp#0;&amp#0;&amp#0;&amp#0;&amp#0;&amp#0;&amp#0;&amp#0;&amp#0;&amp#0;&amp#0;&amp#0;&amp#0;&amp#0;&amp#0;&amp#0;&amp#0;&amp#0;&amp#0;&amp#0;&amp#0;&amp#0;&amp#0;&amp#0;&amp#0;&amp#0;&amp#0;&amp#0;&amp#0;&amp#0;&amp#0;&amp#0;&amp#0;&amp#0;&amp#0;&amp#0;&amp#0;&amp#0;&amp#0;&amp#0;&amp#0;&amp#0;&amp#0;&amp#0;&amp#0;&amp#0;&amp#0;&amp#0;&amp#0;&amp#0;&amp#0;&amp#0;&amp#0;&amp#0;&amp#0;&amp#0;&amp#0;&amp#0;&amp#0;&amp#0;&amp#0;&amp#0;&amp#0;&amp#0;&amp#0;&amp#0;&amp#0;&amp#0;&amp#0;&amp#0;&amp#0;&amp#0;&amp#0;&amp#0;&amp#0;&amp#0;&amp#0;&amp#0;&amp#0;&amp#0;&amp#0;&amp#0;&amp#0;&amp#0;&amp#0;&amp#0;&amp#0;&amp#0;&amp#0;&amp#0;&amp#0;&amp#0;&amp#0;&amp#0;&amp#0;&amp#0;&amp#0;&amp#0;&amp#0;&amp#0;&amp#0;&amp#0;&amp#0;&amp#0;&amp#0;&amp#0;&amp#0;&amp#0;&amp#0;&amp#0;���j�0&amp#12;��ѽq��P�:{)����&amp#7;0�&amp#18;�Mlc�?y����6���У$4�1�f�9��&amp#29;#u�)(�&amp#28;&amp#4;�ڛε
^�OW� ��3��&amp#14;&amp#21;�H��./6��kNOd�@"�8R`�Ã�T[&amp#28;4e>�K���As&amp#26;c+��&amp#15;�EY�����5��i��Q&amp#16;w�&amp#26;�~&amp#12;��om�4]���~&amp#27;��&amp#25;&amp#11;ɉ&amp#11;���-��i�^&amp#22;Y&amp#2;&amp#5;y��\����&amp#3;YD>q&amp#28;W$�K�&amp#4;S�3�b2�k�&amp#17;�&amp#11;�T>:�3[/%s�*&amp#12;�}���+4�?�rV��&amp#11;&amp#0;&amp#0;��&amp#3;&amp#0;PK&amp#3;&amp#4;&amp#20;&amp#0;&amp#6;&amp#0;&amp#8;&amp#0;&amp#0;&amp#0;!&amp#0;�xO��&amp#3;&amp#0;&amp#0;�&amp#8;&amp#0;&amp#0;&amp#24;&amp#0;&amp#0;&amp#0;xl/worksheets/sheet1.xml��[��0&amp#24;��&amp#23;�?��k<�U�&amp#29;���s�,{��4�&amp#26;j���Ӗe��~Ѷ3P&amp#24;ʀ1��>�!o��G١&amp#23;��P}�C?���Lբ�&amp#22;���K12��5�T�&amp#11;|�&amp#6;?�&amp#30;>-&amp#15;J�L˹E@�M�[k��&amp#16;�Z.����{�i���§�&amp#18;3hN�Q$;&amp#18;&amp#5;��H*z<&amp#17;r}&amp#15;C5�`�Tl/yo'��&amp#29;���i�`.4���I�w��cJ&amp#14;�؈N��&amp#8;�H��i�+M7&amp#29;�}&amp#12;&amp#19;��Q�&amp#19;��/a��7��`Z&amp#25;�X&amp#31;�d�����d��+���0aB4&amp#17;�&amp#0;_Q��R
gWV�
�?&amp#8;�_a�]:ߋ���d&amp#29;F�����Z�^�ā����[�e���E���?�Z�&amp#2;N�U�4o
�&amp#14;�2�d�&amp#28;��K��y�FΎ&amp#27;�vn�	�&amp#4;@0���&amp#25;&amp#3;�?&amp#23;�sU��B����&amp#11;�&amp#26;]�M��7t�����mk�$~&amp#2;�8;���䆁&amp#15;!�&amp#31;;,S&amp#29;0���p�	lD��|&amp#16;�ma���Y2O&amp#23;3���X%�7��I&amp#8;�&amp#31;�0��I�A&amp#22;;݆&amp#27;[	�˻&amp#12;h�&amp#20;<�@tƼ&amp#27;����&amp#7;&amp#0;&amp#0;��&amp#0;&amp#0;&amp#0;�����&amp#14;� &amp#20;�_��&amp#0;&amp#17;Z�&amp#28;����`��&amp#31;��Y�}&amp#23;+��ss�cǏ�9&amp#7;��Z�����x�<�6%�&amp#4;�&k
�d&amp#7;딄$Pw�5չi+�
ȓ�J./QjU֠m7&amp#17;ɸ2&amp#19;Nfİ
t
j�&amp#29;8�3N՗ȧD�&amp#19;Ŕ8���&amp#18;lk&amp#17;
il$&amp#8;�"Ek#�&amp#17;)ٓ�Fb&amp#12;e�!�&amp#27;���p&amp#4;�&amp#31;�q�-v&amp#11;��0�&amp#29;z�͜�v,&amp#17;�&amp#23;b�չ��&amp#3;�&amp#29;3���h�(�&amp#12;u&amp#15;��='3�t�+6�B�&amp#5;�&amp#8;^���n�&amp#8;�
&amp#22;
,&amp#8;G����o�&amp#6;&amp#0;&amp#0;��&amp#0;&amp#0;&amp#0;��l��&amp#14;�0&amp#16;E��&amp#30;�B&amp#3;6@��&.�&amp#8;��&amp#17;&amp#30;%C�&amp#26;�&amp#11;&amp#24;�Dw��Ž3A
������Y_&amp#26;&amp#19;R�F��&amp#18;�4�&amp#27;&&amp#20;��_υ���/�?��>
�{&amp#11;X&amp#21;M���{`�P��HB��dE�
�e��bJr�U&amp#22;cܷ\o�X&amp#27;[�-W���ʽ'm�&amp#28;���m��1Ƭh:RA�?e/�~���)&amp#27;ݎ�Sr���z�&amp#28;�&amp#4;p���Tk3���Uc��&amp#0;&z&amp#1;&amp#0;&amp#0;��&amp#3;&amp#0;PK&amp#3;&amp#4;&amp#20;&amp#0;&amp#6;&amp#0;&amp#8;&amp#0;&amp#0;&amp#0;!&amp#0;���C�&amp#2;&amp#0;&amp#0;�&amp#6;&amp#0;&amp#0;&amp#24;&amp#0;&amp#0;&amp#0;xl/worksheets/sheet2.xml��K��0&amp#20;����&amp#31;,�@�&amp#1;&amp#20;2
CQgW��v�%X����cT���&amp#2;Jf�,&amp#26;���b�&amp#15;�ǳ��&amp#17;�&amp#17;�ϩ�.(���Z�����^9	%Ʋ�f��!�/`�����I�i&amp#1;,ABor�Z;d�gx&amp#11;�&amp#25;W
��L��d&amp#22;&amp#31;��3�&amp#6;VO/��&amp#11;&amp#22;�ؓL�t&d�&amp#30;�j&amp#26;��T� ��3DC�,�7�&amp#24;̅&�=8���08\�&amp#1;&amp#17;[�	�2A)�<{��J�m�}���qr�x&amp#4;x./2����&amp#20;\+�&amp#26;�"ٛ=߶�z����t��]&amp#24;?�4&amp#28;Ÿ����}����
^a�w��+l�\:;�:��0H��S�D�S�EZ8�jS9Q\&�&MS�*����&amp#22;��cWDC�Ӎ��K�WS~~
8�75�l�
:�&amp#22;Pçd��V����&amp#25;�&amp#22;H4ӂ�ȸ&amp#21;Gx���i���ߓ&amp#6;�(�]&amp#21;��&amp#23;�j
�&amp#23;Mjhء�_��3�]kQ6tCltLJV��`8F&amp#20;���7W&amp#29;2�J�&amp#24;5L&amp#24;;�^Emۜ�n&amp#28;��8�(ق��&amp#24;�����J������+&amp#3;�O&amp#12;�����M���O&amp#30;�&amp#11;�&?�&amp#0;&amp#0;&amp#0;��&amp#0;&amp#0;&amp#0;����[&amp#14;� &amp#16;E�Ұ&amp#0;)��&amp#26;J�%� �?}&amp#4;���VC[P&amp#19;�ȝ&amp#3;�a`���&amp#19;�I�L{KL�&amp#8;Jl'&amp#27;&amp#11;�"�u�2���um}jM-݈�I.Uq~&amp#8;m�n KW&amp#20;q��&amp#19;&amp#14;�&amp#17;�6�-�=�2�s�՛8��nIT1�_&amp#18;"&H�&amp#17;&amp#12;�����yK?݁��y`=�m&amp#2;�y�d��H?K�?$����@r&amp#24;C�I6]3&amp#14;����8�&amp#29;���&amp#19;&amp#0;&amp#0;��&amp#0;&amp#0;&amp#0;���)HLO�M,J��+V�IM+�U2�3WR(�Lπ�K�&amp#11;���J
I�%%��0^FjbJj&amp#17;�g�����_&amp#2;������&amp#23;e&amp#23;g����&amp#1;&amp#0;&amp#0;&amp#0;��&amp#3;&amp#0;PK&amp#3;&amp#4;&amp#20;&amp#0;&amp#6;&amp#0;&amp#8;&amp#0;&amp#0;&amp#0;!&amp#0;�&amp#23;&amp#16;�N&amp#7;&amp#0;&amp#0;� &amp#0;&amp#0;&amp#19;&amp#0;&amp#0;&amp#0;xl/theme/theme1.xml�Y͋&amp#27;7&amp#20;�&amp#23;�?&amp#12;sw�5�%���l��$d��&amp#28;���QV32��&amp#27;&amp#19;&amp#2;%9�R(���Bo=��@&amp#3;
��	$��&amp#31;�'��#��$�lJZv
�G������~z�t�ҽ�zG�&amp#11;�_�P�=��ؘ$Ӗk8(4|OH��&amp#17;e	n�&amp#11;,�K۟~r&amp#17;m�&amp#8;��&amp#3;�Dl��&amp#31;I9�*&amp#22;�&amp#8;����f8��&��H�#�&amp#22;�&amp#28;&amp#29;�ޘ&amp#22;+�R�&amp#24;#��^�bP{}2!#�
�J{��O�1�B
�(�W��%���òB���R�&amp#29;!��a�1;&amp#30;�{��(&amp#18;&amp#18;~h�%��&amp#23;�/&amp#22;�V&D�&amp#6;YCn��2�L`|X�s���j� &amp#8;�Z{�_&amp#3;�\����Z��ҧ&amp#1;h4�����:�n�a
P�ա�W�U�&amp#22;��_]��&amp#29;���נT��&amp#31;&amp#12;��E&amp#11;�A)>\Ç�f�g�נ&amp#20;_[��K�^P��kPDIr��.��jw��&amp#21;d��&amp#19;�&amp#12;�A��)�Q�
��RSLX"7�Z��2>&amp#0;�&amp#2;R$I���&amp#12;O�&amp#8;���(9���%�&amp#8;&amp#18;o�&amp#18;&`�T)
JU��>���#��02��]`�X&amp#27;R�xb��L��+��7 /�={����=����_���*Kn&amp#7;%SS�Տ_���&amp#23;�_�����7��'��Ŀ��˗���:����&amp#21;/�}���&amp#23;�}��O�&amp#29;��&amp#28;&amp#29;��!����c�&�a�&amp#14;��&amp#1;?��0BĒ@&amp#17;�v����&amp#2;^[ ��u����&amp#28;X�&amp#5;�<�kٺ&amp#31;�$���F�&amp#5;�c�v&amp#24;w:ચ���p�Lݓ󹉻�Бk�.J�&amp#0;��3�W�Rٍ�e�
�&amp#18;��8��S��C�&amp#29;��C���=2�L����&amp#16;����%Cr`%R.�Cb���e �����m�èk�=|d#a[ �0~�����h.Q�R9D15&amp#29;��d�2r�G&�/$Dz�)��c,�K�:��&amp#26;A�
&amp#12;�&amp#14;�&amp#30;]�6�Kr�ҹ�&amp#24;3�=v؍P<s�L���~&&amp#14;!E�w�I&amp#23;|��;D=C&amp#28;P�1ܷ	���f"�&amp#5;�j��'��e�&amp#29;�����&amp#31;&amp#23;t���e�<�ص͉3;:�ڻ&amp#24;St��&amp#24;{�>sX�a3���W"`�&amp#29;�J�+��U��`&amp#1;e��k�)r�&amp#8;+e��m�goq�x&amp#22;(�&amp#17;ߤ�&amp#26;D�J]8�Tz��&amp#14;M�5&amp#2;�&amp#31;��)�&amp#5;�0���I�&amp#8;Yg�z&amp#22;�|]p+~o��`_�=�&amp#4;&amp#25;|j&amp#25; ����&amp#16;Qk�<a�&amp#8;
&amp#12;&amp#23;݂�&amp#21;�\D��Zl؛6&amp#15;&amp#3;&amp#20;FV�&amp#19;���ω�'�w�&amp#30;w&amp#1;s&amp#6;&amp#5;�[���:�(e�D��	�&amp#31;,kzh���p��s�yUs^�����f�^>�e�k��Z����Aj��|��&���O���3!���&amp#5;ŻBw}&amp#4;�ь&amp#7;0��Q�'�j&amp#1;�"��5�,ܔ#-�q&?'2ڏ�&amp#12;ZCe����L�Tx3&�c��u+&amp#21;�Э�N�x���Ng�����&amp#11;&amp#5;��x)\�C�J��Z=�ޭ��~�TwY�&amp#6;(��&amp#24;aLf&amp#27;Qu&amp#24;Q_&amp#14;B&amp#20;^g�^ٙX�tX�PꗡZFq�
0m&amp#21;&amp#21;x���E��A�A�f&amp#28;��c&amp#21;������
ΙFz�3��&amp#1;Pb/3 �tSٺqyjui��E�-#�t��0�0�&amp#23;�,;͖�Yƺ���2O�b�&amp#27;r3�&amp#15;&amp#17;kE"'��&&S��;n��j&amp#8;�*#4k�&amp#19;�&amp#24;��x&amp#6;�#�[&amp#23;�S�v&amp#25;I�n�wa�&amp#25;&amp#23;��D�:\�N�&amp#6;1��{��-_-�
4�&amp#28;�m+W�&amp#16;>Z�@+&amp#31;�q&amp#16;t;�x2�#i��&amp#24;Q�N&amp#31;��S�p����&amp#29;�$�&amp#28;½&amp#31;���&amp#3;:�7&amp#17;�XX/+&amp#7;�����r��1���&amp#21;���w�`�h׼��9��#:�Pv��d��5����O+&amp#31;&amp#24;Oٚ���.<��&amp#3;��O�7&amp#31;��s&amp#6;i�g��*��t��;�
��CԲ*�n�N-r�k.�&amp#14;&amp#18;�yJ���}�&amp#3;�0-��2MY�NÊ��Q۴3,&amp#8;&amp#12;O�6�muF8=�'?ȝ�Zu@,�J����ܼ�f&amp#7;w�<zp8�R�PBo�#(��&amp#27;Ȕ6`�ܓY�&amp#8;߼9'-�~)l&amp#7;�J�-�&amp#26;a�&amp#16;T�R�&amp#17;���v&amp#24;V���\�u*&amp#15;�`�Q\&amp#14;���&amp#1;\a�Evi���.���-ͅ&amp#17;��L_�&amp#23;����\�|q�&amp#17; ���ʠYmvj�f�=(&amp#4;�N����:�^�[�
zݰ�&amp#28;<�#
&amp#14;��nP�7
�r�[&amp#8;j%e~�Y�&amp#7;�J;��&amp#27;��� +c`�)}d�&amp#0;�j���&amp#1;&amp#0;&amp#0;��&amp#3;&amp#0;PK&amp#3;&amp#4;&amp#20;&amp#0;&amp#6;&amp#0;&amp#8;&amp#0;&amp#0;&amp#0;!&amp#0;&amp#6;}&amp#23;y�&amp#3;&amp#0;&amp#0;�
&amp#0;&amp#0;
&amp#0;&amp#0;&amp#0;xl/styles.xml�V�n�8&amp#16;}_`�A໢K,�6,&amp#21;�E�&amp#2;ݢ@���R&amp#18;%&amp#19;�E����E�}��d+�81����s�vf��ǎ3瑨�J&amp#17;���G&amp#14;&amp#17;�,��b��}�.��h,
̤ 1:�&amp#6;}L~�m��##w&amp#7;B�&amp#3;&amp#16;���A�z�yM~ &amp#28;77�&&amp#2;NJ�8ְU��Ԋ�1J�y���=��@=�׀p�&amp#30;���%���&amp#25;eT&amp#31;-&amp#22;rx��\	�p���.���邹
�N�F���&amp#29;Ns%&amp#27;Y�&amp#27;��dYҜ<ww�-=���&amp#0;�}HA����;�N����#5�Cɺ�B7N.[�c4&amp#3;GM
V&amp#15;B�#Rs&amp#4;&amp#21;&amp#30;n%���&amp#25;H&amp#2;�%�\2�&amp#28;
���Y����7���LQs�Ĝ�c/&amp#14;��V{��)��&amp#8;=�G�M�nͭWl�F�W&amp#25;�.&amp#24;SU&amp#22;�t�]o0?`�&amp#0;��D=&amp#11;���&amp#8;k&amp#19;�@�(c�:��d
��D�&amp#20;N�a}��`&amp#2;z��&amp#14;�޼])|&amp#12;��z�F2Z&amp#24;�T[K�!���C��&amp#27;���&amp#1;4�|���&amp#19;�
/�qm��7�&amp#23;�m�i��5k&amp#20;r�IU��&amp#27;��4B/J֌�&amp#26;�P�:�-k&amp#19;��&amp#26;fA�.(����&amp#16;{�&amp#24;&amp#22;&amp#0;�&amp#19;���,��<a��ݕ�hy���"F0UMK�K�°���
�_R
@�e%&amp#7;�5;~myFTjG��f��'�����b�&amp#18;��I&amp#1;�Y�oJj�k�)�m�M��c��9W�NW�L����P��&amp#21;��&amp#5;�i�O��x�L4�n��t]�|�k�
C�
�����&amp#0;p%֋��٘�ô
|&amp#2;z�8&amp#7;��wP4ߎ&amp#28;�C��ߕ�&amp#30;�.@�IW<�&amp#19;�&amp#28;3'c�&amp#7;&amp#12;/Ũx�/�%&amp#5;�"k)�T&amp#24;�,�i�A�!9&amp#27;&amp#21; m&amp#19;��q&amp#22;�(�sW�Sm�&amp#6;�_O�&amp#1;FAJ�2}:��y�')hˁIío�Qj&amp#11;&amp#17;����&amp#25;&amp#30;�����_&amp#26;�����*&amp#26;���&amp#15;��>
݅�Y��[&amp#18;��h�s��v�ۥK?��?&/��x��&amp#7;&amp#21;L�`�j&amp#24;�b�&amp#16;����Y&amp#22;�ɦwߎlp{��2�����w�[?pgs�p&amp#23;���M� ��g�}�F&amp#19;ߣw�c|/&amp#8;�&amp#23;�q>Zi�	Pc��X��&amp#20;�&amp#4;�W���Jx��j�&amp#31;&amp#0;&amp#0;&amp#0;��&amp#3;&amp#0;PK&amp#3;&amp#4;&amp#20;&amp#0;&amp#6;&amp#0;&amp#8;&amp#0;&amp#0;&amp#0;!&amp#0;�"� 6&amp#1;&amp#0;&amp#0;A&amp#2;&amp#0;&amp#0;&amp#20;&amp#0;&amp#0;&amp#0;xl/sharedStrings.xmllR�J&amp#3;1&amp#16;|&amp#23;��#ｴUD��&amp#21;��P����Oeͭ��esf�U�ޜ
B�cfvfg�&amp#20;�&amp#15;�f&amp#7;&amp#12;l=�j�&amp#15;U�d|miW���vp�2&amp#22;�&amp#26;ZOX�Od5�NO
fɢ��T�H7њM�&amp#14;8�&amp#29;Rd^|p �&amp#25;v���Ps�(�����B;��2��$qoܲ'����/p���mUH5�y��/��ۻ�j]h�
�&amp#19;?�ڿ"m� M���8���4�&amp#26;�ϩ�%&amp#0;q�X㩵���.U~Kt&amp#12;�:�qRw��7���e�&amp#30;D-�&amp#17;-��T�a&amp#12;&amp#15;�0ŗ���C��Ѥ�)�&amp#8;��s���&amp#26;&amp#4;F�p&amp#15;���g)�B�X,&amp#31;͐Z��N�&amp#3;&amp#19;[��ų&amp#14;���O��&amp#23;��&amp#0;&amp#0;&amp#0;��&amp#3;&amp#0;PK&amp#3;&amp#4;&amp#20;&amp#0;&amp#6;&amp#0;&amp#8;&amp#0;&amp#0;&amp#0;!&amp#0;�����&amp#0;&amp#0;&amp#0;V&amp#1;&amp#0;&amp#0;#&amp#0;&amp#0;&amp#0;xl/worksheets/_rels/sheet1.xml.rels���j�0&amp#12;&amp#6;��`�`to��0�H�K7�a��=����4������g&amp#24;�&amp#21;&amp#6;;
I�~4�.i5�Tj&amp#20;&amp#30;a��`�����&amp#8;&amp#31;���&amp#19;���&amp#30;Wa&amp#26;�J&amp#21;v����N+j[�!�j��u������.P��I&n�YJBmeYlFw�C�?��ۀ��4&amp#7;?B9�-��5����2���^�9&amp#17;�&amp#31;'lhRY#�&amp#26;�e!�fkˌg
&amp#27;OI:Ν&amp#22;䚥ht�m�:'��,��oy^.J�q&amp#5;;
��&amp#27;�&amp#23;&amp#0;&amp#0;&amp#0;��&amp#3;&amp#0;PK&amp#3;&amp#4;&amp#20;&amp#0;&amp#6;&amp#0;&amp#8;&amp#0;&amp#0;&amp#0;!&amp#0;|��{R&amp#1;&amp#0;&amp#0;�&amp#2;&amp#0;&amp#0;&amp#17;&amp#0;&amp#8;&amp#1;docProps/core.xml �&amp#4;&amp#1;(�&amp#0;&amp#1;&amp#0;&amp#0;&amp#0;&amp#0;&amp#0;&amp#0;&amp#0;&amp#0;&amp#0;&amp#0;&amp#0;&amp#0;&amp#0;&amp#0;&amp#0;&amp#0;&amp#0;&amp#0;&amp#0;&amp#0;&amp#0;&amp#0;&amp#0;&amp#0;&amp#0;&amp#0;&amp#0;&amp#0;&amp#0;&amp#0;&amp#0;&amp#0;&amp#0;&amp#0;&amp#0;&amp#0;&amp#0;&amp#0;&amp#0;&amp#0;&amp#0;&amp#0;&amp#0;&amp#0;&amp#0;&amp#0;&amp#0;&amp#0;&amp#0;&amp#0;&amp#0;&amp#0;&amp#0;&amp#0;&amp#0;&amp#0;&amp#0;&amp#0;&amp#0;&amp#0;&amp#0;&amp#0;&amp#0;&amp#0;&amp#0;&amp#0;&amp#0;&amp#0;&amp#0;&amp#0;&amp#0;&amp#0;&amp#0;&amp#0;&amp#0;&amp#0;&amp#0;&amp#0;&amp#0;&amp#0;&amp#0;&amp#0;&amp#0;&amp#0;&amp#0;&amp#0;&amp#0;&amp#0;&amp#0;&amp#0;&amp#0;&amp#0;&amp#0;&amp#0;&amp#0;&amp#0;&amp#0;&amp#0;&amp#0;&amp#0;&amp#0;&amp#0;&amp#0;&amp#0;&amp#0;&amp#0;&amp#0;&amp#0;&amp#0;&amp#0;&amp#0;&amp#0;&amp#0;&amp#0;&amp#0;&amp#0;&amp#0;&amp#0;&amp#0;&amp#0;&amp#0;&amp#0;&amp#0;&amp#0;&amp#0;&amp#0;&amp#0;&amp#0;&amp#0;&amp#0;&amp#0;&amp#0;&amp#0;&amp#0;&amp#0;&amp#0;&amp#0;&amp#0;&amp#0;&amp#0;&amp#0;&amp#0;&amp#0;&amp#0;&amp#0;&amp#0;&amp#0;&amp#0;&amp#0;&amp#0;&amp#0;&amp#0;&amp#0;&amp#0;&amp#0;&amp#0;&amp#0;&amp#0;&amp#0;&amp#0;&amp#0;&amp#0;&amp#0;&amp#0;&amp#0;&amp#0;&amp#0;&amp#0;&amp#0;&amp#0;&amp#0;&amp#0;&amp#0;&amp#0;&amp#0;&amp#0;&amp#0;&amp#0;&amp#0;&amp#0;&amp#0;&amp#0;&amp#0;&amp#0;&amp#0;&amp#0;&amp#0;&amp#0;&amp#0;&amp#0;&amp#0;&amp#0;&amp#0;&amp#0;&amp#0;&amp#0;&amp#0;&amp#0;&amp#0;&amp#0;&amp#0;&amp#0;&amp#0;&amp#0;&amp#0;&amp#0;&amp#0;&amp#0;&amp#0;&amp#0;&amp#0;&amp#0;&amp#0;&amp#0;&amp#0;&amp#0;&amp#0;&amp#0;&amp#0;&amp#0;&amp#0;&amp#0;&amp#0;&amp#0;&amp#0;&amp#0;&amp#0;&amp#0;&amp#0;&amp#0;&amp#0;&amp#0;&amp#0;&amp#0;&amp#0;&amp#0;&amp#0;&amp#0;&amp#0;&amp#0;&amp#0;&amp#0;&amp#0;&amp#0;&amp#0;&amp#0;&amp#0;&amp#0;&amp#0;&amp#0;&amp#0;&amp#0;&amp#0;&amp#0;&amp#0;&amp#0;��_O�0&amp#20;��M�&amp#14;��P`��&amp#1;&amp#22;�M&amp#31;41qF�[�ލFZ�����[`Č1�������4�nd&amp#29;|���Q&amp#5;J�&amp#24;&amp#5;�XÅZ&amp#21;�y>&amp#11;�Q`&amp#29;U�֍�&amp#2;m��iy|�3MXc��4&amp#26;�&amp#19;`&amp#3;OR�0]��9M0��&amp#2;Im�&amp#21;�&amp#23;�����_��w�&amp#2;���)��(���&amp#22;&amp#24;ꁈvH�&amp#6;��0u&amp#7;�&amp#12;C
&amp#18;��8�&amp#18;��u`�������R����vv�l����X1&amp#8;��u��t6��&amp#4;�>�?uQC��]1@e�&amp#25;a&amp#6;�kLy&amp#7;��2�X���'��mE�X�x�j7ZS�&amp#30;��&amp#2;�����C���&amp#5;���&amp#25;�2�&amp#3;�+/����&amp#12;�i��a&amp#18;�q6O&$�_��z���F�/���?�&amp#25;I3rr6"�&amp#1;e�&amp#15;�M�&amp#5;&amp#0;&amp#0;��&amp#3;&amp#0;PK&amp#3;&amp#4;&amp#20;&amp#0;&amp#6;&amp#0;&amp#8;&amp#0;&amp#0;&amp#0;!&amp#0;e�3�&amp#1;&amp#0;&amp#0;9&amp#3;&amp#0;&amp#0;&amp#16;&amp#0;&amp#8;&amp#1;docProps/app.xml �&amp#4;&amp#1;(�&amp#0;&amp#1;&amp#0;&amp#0;&amp#0;&amp#0;&amp#0;&amp#0;&amp#0;&amp#0;&amp#0;&amp#0;&amp#0;&amp#0;&amp#0;&amp#0;&amp#0;&amp#0;&amp#0;&amp#0;&amp#0;&amp#0;&amp#0;&amp#0;&amp#0;&amp#0;&amp#0;&amp#0;&amp#0;&amp#0;&amp#0;&amp#0;&amp#0;&amp#0;&amp#0;&amp#0;&amp#0;&amp#0;&amp#0;&amp#0;&amp#0;&amp#0;&amp#0;&amp#0;&amp#0;&amp#0;&amp#0;&amp#0;&amp#0;&amp#0;&amp#0;&amp#0;&amp#0;&amp#0;&amp#0;&amp#0;&amp#0;&amp#0;&amp#0;&amp#0;&amp#0;&amp#0;&amp#0;&amp#0;&amp#0;&amp#0;&amp#0;&amp#0;&amp#0;&amp#0;&amp#0;&amp#0;&amp#0;&amp#0;&amp#0;&amp#0;&amp#0;&amp#0;&amp#0;&amp#0;&amp#0;&amp#0;&amp#0;&amp#0;&amp#0;&amp#0;&amp#0;&amp#0;&amp#0;&amp#0;&amp#0;&amp#0;&amp#0;&amp#0;&amp#0;&amp#0;&amp#0;&amp#0;&amp#0;&amp#0;&amp#0;&amp#0;&amp#0;&amp#0;&amp#0;&amp#0;&amp#0;&amp#0;&amp#0;&amp#0;&amp#0;&amp#0;&amp#0;&amp#0;&amp#0;&amp#0;&amp#0;&amp#0;&amp#0;&amp#0;&amp#0;&amp#0;&amp#0;&amp#0;&amp#0;&amp#0;&amp#0;&amp#0;&amp#0;&amp#0;&amp#0;&amp#0;&amp#0;&amp#0;&amp#0;&amp#0;&amp#0;&amp#0;&amp#0;&amp#0;&amp#0;&amp#0;&amp#0;&amp#0;&amp#0;&amp#0;&amp#0;&amp#0;&amp#0;&amp#0;&amp#0;&amp#0;&amp#0;&amp#0;&amp#0;&amp#0;&amp#0;&amp#0;&amp#0;&amp#0;&amp#0;&amp#0;&amp#0;&amp#0;&amp#0;&amp#0;&amp#0;&amp#0;&amp#0;&amp#0;&amp#0;&amp#0;&amp#0;&amp#0;&amp#0;&amp#0;&amp#0;&amp#0;&amp#0;&amp#0;&amp#0;&amp#0;&amp#0;&amp#0;&amp#0;&amp#0;&amp#0;&amp#0;&amp#0;&amp#0;&amp#0;&amp#0;&amp#0;&amp#0;&amp#0;&amp#0;&amp#0;&amp#0;&amp#0;&amp#0;&amp#0;&amp#0;&amp#0;&amp#0;&amp#0;&amp#0;&amp#0;&amp#0;&amp#0;&amp#0;&amp#0;&amp#0;&amp#0;&amp#0;&amp#0;&amp#0;&amp#0;&amp#0;&amp#0;&amp#0;&amp#0;&amp#0;&amp#0;&amp#0;&amp#0;&amp#0;&amp#0;&amp#0;&amp#0;&amp#0;&amp#0;&amp#0;&amp#0;&amp#0;&amp#0;&amp#0;&amp#0;&amp#0;&amp#0;&amp#0;&amp#0;&amp#0;&amp#0;&amp#0;&amp#0;&amp#0;&amp#0;&amp#0;&amp#0;&amp#0;&amp#0;&amp#0;&amp#0;&amp#0;&amp#0;&amp#0;&amp#0;&amp#0;���k�0&amp#16;��&amp#7;�&amp#31;��&amp#27;��(#�*%��`c���c��s,bKBw5����c�:�àow�}|�|'��C�f=$t�&amp#23;�r��&amp#12;�
��Bܗ�.��&amp#12;��ʴ�C!���Z��6)DH�&amp#0;3��X��(��D�@gp��g�&amp#14;�3�m��P���m�O&amp#29;x��<��p �&amp#21;T&amp#23;q
&amp#20;c⪧��V�&amp#14;|�P&amp#30;#&amp#3;ku&amp#19;c�!�J���&amp#20;0Ԕ}=Xh�����`����Ε��jkM&amp#11;k&amp#14;ֵi&amp#17;�|&amp#25;�;0��6�%Ԫ�U&amp#15;�B����-E�� &amp#12;8��Mr�&amp#19;c
��9�mDJ�wH{l&amp#0;&amp#8;�d�8<�s�v���d���8&amp#4;� ,�#��Z�_��$�&amp#31;�a�&amp#29;qn6�&amp#31;o
�9��Z�=��Q&amp#2;�k�&amp#25;�+�u��GF��&amp#31;���>��s�y��C�mL��/5�e&amp#26;�;�xj��uc�&amp#14;�g�[ax$&amp#15;㟠/�&amp#22;����?�)����?&amp#0;&amp#0;&amp#0;��&amp#3;&amp#0;PK&amp#1;&amp#2;-&amp#0;&amp#20;&amp#0;&amp#6;&amp#0;&amp#8;&amp#0;&amp#0;&amp#0;!&amp#0;&amp#18;&amp#24;��d&amp#1;&amp#0;&amp#0;&amp#24;&amp#5;&amp#0;&amp#0;&amp#19;&amp#0;&amp#0;&amp#0;&amp#0;&amp#0;&amp#0;&amp#0;&amp#0;&amp#0;&amp#0;&amp#0;&amp#0;&amp#0;&amp#0;&amp#0;&amp#0;&amp#0;[Content_Types].xmlPK&amp#1;&amp#2;-&amp#0;&amp#20;&amp#0;&amp#6;&amp#0;&amp#8;&amp#0;&amp#0;&amp#0;!&amp#0;�U0#�&amp#0;&amp#0;&amp#0;L&amp#2;&amp#0;&amp#0;&amp#11;&amp#0;&amp#0;&amp#0;&amp#0;&amp#0;&amp#0;&amp#0;&amp#0;&amp#0;&amp#0;&amp#0;&amp#0;&amp#0;�&amp#3;&amp#0;&amp#0;_rels/.relsPK&amp#1;&amp#2;-&amp#0;&amp#20;&amp#0;&amp#6;&amp#0;&amp#8;&amp#0;&amp#0;&amp#0;!&amp#0;�N���&amp#3;&amp#0;&amp#0;_	&amp#0;&amp#0;&amp#15;&amp#0;&amp#0;&amp#0;&amp#0;&amp#0;&amp#0;&amp#0;&amp#0;&amp#0;&amp#0;&amp#0;&amp#0;&amp#0;�&amp#6;&amp#0;&amp#0;xl/workbook.xmlPK&amp#1;&amp#2;-&amp#0;&amp#20;&amp#0;&amp#6;&amp#0;&amp#8;&amp#0;&amp#0;&amp#0;!&amp#0;J��a�&amp#0;&amp#0;&amp#0;G&amp#3;&amp#0;&amp#0;&amp#26;&amp#0;&amp#0;&amp#0;&amp#0;&amp#0;&amp#0;&amp#0;&amp#0;&amp#0;&amp#0;&amp#0;&amp#0;&amp#0;�
&amp#0;&amp#0;xl/_rels/workbook.xml.relsPK&amp#1;&amp#2;-&amp#0;&amp#20;&amp#0;&amp#6;&amp#0;&amp#8;&amp#0;&amp#0;&amp#0;!&amp#0;�xO��&amp#3;&amp#0;&amp#0;�&amp#8;&amp#0;&amp#0;&amp#24;&amp#0;&amp#0;&amp#0;&amp#0;&amp#0;&amp#0;&amp#0;&amp#0;&amp#0;&amp#0;&amp#0;&amp#0;&amp#0;�&amp#12;&amp#0;&amp#0;xl/worksheets/sheet1.xmlPK&amp#1;&amp#2;-&amp#0;&amp#20;&amp#0;&amp#6;&amp#0;&amp#8;&amp#0;&amp#0;&amp#0;!&amp#0;���C�&amp#2;&amp#0;&amp#0;�&amp#6;&amp#0;&amp#0;&amp#24;&amp#0;&amp#0;&amp#0;&amp#0;&amp#0;&amp#0;&amp#0;&amp#0;&amp#0;&amp#0;&amp#0;&amp#0;&amp#0;�&amp#16;&amp#0;&amp#0;xl/worksheets/sheet2.xmlPK&amp#1;&amp#2;-&amp#0;&amp#20;&amp#0;&amp#6;&amp#0;&amp#8;&amp#0;&amp#0;&amp#0;!&amp#0;�&amp#23;&amp#16;�N&amp#7;&amp#0;&amp#0;� &amp#0;&amp#0;&amp#19;&amp#0;&amp#0;&amp#0;&amp#0;&amp#0;&amp#0;&amp#0;&amp#0;&amp#0;&amp#0;&amp#0;&amp#0;&amp#0;&amp#2;&amp#20;&amp#0;&amp#0;xl/theme/theme1.xmlPK&amp#1;&amp#2;-&amp#0;&amp#20;&amp#0;&amp#6;&amp#0;&amp#8;&amp#0;&amp#0;&amp#0;!&amp#0;&amp#6;}&amp#23;y�&amp#3;&amp#0;&amp#0;�
&amp#0;&amp#0;
&amp#0;&amp#0;&amp#0;&amp#0;&amp#0;&amp#0;&amp#0;&amp#0;&amp#0;&amp#0;&amp#0;&amp#0;&amp#0;�&amp#27;&amp#0;&amp#0;xl/styles.xmlPK&amp#1;&amp#2;-&amp#0;&amp#20;&amp#0;&amp#6;&amp#0;&amp#8;&amp#0;&amp#0;&amp#0;!&amp#0;�"� 6&amp#1;&amp#0;&amp#0;A&amp#2;&amp#0;&amp#0;&amp#20;&amp#0;&amp#0;&amp#0;&amp#0;&amp#0;&amp#0;&amp#0;&amp#0;&amp#0;&amp#0;&amp#0;&amp#0;&amp#0;Y&amp#31;&amp#0;&amp#0;xl/sharedStrings.xmlPK&amp#1;&amp#2;-&amp#0;&amp#20;&amp#0;&amp#6;&amp#0;&amp#8;&amp#0;&amp#0;&amp#0;!&amp#0;�����&amp#0;&amp#0;&amp#0;V&amp#1;&amp#0;&amp#0;#&amp#0;&amp#0;&amp#0;&amp#0;&amp#0;&amp#0;&amp#0;&amp#0;&amp#0;&amp#0;&amp#0;&amp#0;&amp#0;� &amp#0;&amp#0;xl/worksheets/_rels/sheet1.xml.relsPK&amp#1;&amp#2;-&amp#0;&amp#20;&amp#0;&amp#6;&amp#0;&amp#8;&amp#0;&amp#0;&amp#0;!&amp#0;|��{R&amp#1;&amp#0;&amp#0;�&amp#2;&amp#0;&amp#0;&amp#17;&amp#0;&amp#0;&amp#0;&amp#0;&amp#0;&amp#0;&amp#0;&amp#0;&amp#0;&amp#0;&amp#0;&amp#0;&amp#0;�!&amp#0;&amp#0;docProps/core.xmlPK&amp#1;&amp#2;-&amp#0;&amp#20;&amp#0;&amp#6;&amp#0;&amp#8;&amp#0;&amp#0;&amp#0;!&amp#0;e�3�&amp#1;&amp#0;&amp#0;9&amp#3;&amp#0;&amp#0;&amp#16;&amp#0;&amp#0;&amp#0;&amp#0;&amp#0;&amp#0;&amp#0;&amp#0;&amp#0;&amp#0;&amp#0;&amp#0;&amp#0;h$&amp#0;&amp#0;docProps/app.xmlPK&amp#5;&amp#6;&amp#0;&amp#0;&amp#0;&amp#0;&amp#12;&amp#0;&amp#12;&amp#0;&amp#23;&amp#3;&amp#0;&amp#0;2'&amp#0;&amp#0;&amp#0;&amp#0;

[main] ERROR io.qameta.allure.AllureLifecycle - Could not add attachment: no test is running
[main] INFO com.shaft.tools.io.ReportManagerHelper - [ReportManager] Successfully created attachment "SHAFT Engine Logs - Current Method log: perparedata" @12-10-2022 16:11:00.0265 PM
[main] INFO com.shaft.tools.io.ReportManagerHelper - [ReportManager] Setting discrete logging to: "false" @12-10-2022 16:11:00.0266 PM
[main] INFO com.shaft.tools.io.ReportManagerHelper - [ReportManager] Setting discrete logging to: "false" @12-10-2022 16:11:00.0270 PM
[main] INFO com.shaft.tools.io.ReportManagerHelper - [ReportManager] Setting discrete logging to: "false" @12-10-2022 16:11:00.0270 PM
[main] INFO com.shaft.tools.io.ReportManagerHelper - [ReportManager] File Action "DoesFileExist" successfully performed. With the following test data "File Path: "SteeringCompanyAPI_TestData/SteeringCompanyAPI_TestData.xlsx"". @12-10-2022 16:11:00.0270 PM
[main] INFO com.shaft.tools.io.ReportManagerHelper - [ReportManager] Successfully created attachment "Test Data - Excel" @12-10-2022 16:11:00.0341 PM
[main] INFO com.shaft.tools.io.ReportManagerHelper - [ReportManager] Debugging Attachment Entry @12-10-2022 16:11:00.0341 PM
PK&amp#3;&amp#4;&amp#20;&amp#0;&amp#6;&amp#0;&amp#8;&amp#0;&amp#0;&amp#0;!&amp#0;&amp#18;&amp#24;��d&amp#1;&amp#0;&amp#0;&amp#24;&amp#5;&amp#0;&amp#0;&amp#19;&amp#0;&amp#8;&amp#2;[Content_Types].xml �&amp#4;&amp#2;(�&amp#0;&amp#2;&amp#0;&amp#0;&amp#0;&amp#0;&amp#0;&amp#0;&amp#0;&amp#0;&amp#0;&amp#0;&amp#0;&amp#0;&amp#0;&amp#0;&amp#0;&amp#0;&amp#0;&amp#0;&amp#0;&amp#0;&amp#0;&amp#0;&amp#0;&amp#0;&amp#0;&amp#0;&amp#0;&amp#0;&amp#0;&amp#0;&amp#0;&amp#0;&amp#0;&amp#0;&amp#0;&amp#0;&amp#0;&amp#0;&amp#0;&amp#0;&amp#0;&amp#0;&amp#0;&amp#0;&amp#0;&amp#0;&amp#0;&amp#0;&amp#0;&amp#0;&amp#0;&amp#0;&amp#0;&amp#0;&amp#0;&amp#0;&amp#0;&amp#0;&amp#0;&amp#0;&amp#0;&amp#0;&amp#0;&amp#0;&amp#0;&amp#0;&amp#0;&amp#0;&amp#0;&amp#0;&amp#0;&amp#0;&amp#0;&amp#0;&amp#0;&amp#0;&amp#0;&amp#0;&amp#0;&amp#0;&amp#0;&amp#0;&amp#0;&amp#0;&amp#0;&amp#0;&amp#0;&amp#0;&amp#0;&amp#0;&amp#0;&amp#0;&amp#0;&amp#0;&amp#0;&amp#0;&amp#0;&amp#0;&amp#0;&amp#0;&amp#0;&amp#0;&amp#0;&amp#0;&amp#0;&amp#0;&amp#0;&amp#0;&amp#0;&amp#0;&amp#0;&amp#0;&amp#0;&amp#0;&amp#0;&amp#0;&amp#0;&amp#0;&amp#0;&amp#0;&amp#0;&amp#0;&amp#0;&amp#0;&amp#0;&amp#0;&amp#0;&amp#0;&amp#0;&amp#0;&amp#0;&amp#0;&amp#0;&amp#0;&amp#0;&amp#0;&amp#0;&amp#0;&amp#0;&amp#0;&amp#0;&amp#0;&amp#0;&amp#0;&amp#0;&amp#0;&amp#0;&amp#0;&amp#0;&amp#0;&amp#0;&amp#0;&amp#0;&amp#0;&amp#0;&amp#0;&amp#0;&amp#0;&amp#0;&amp#0;&amp#0;&amp#0;&amp#0;&amp#0;&amp#0;&amp#0;&amp#0;&amp#0;&amp#0;&amp#0;&amp#0;&amp#0;&amp#0;&amp#0;&amp#0;&amp#0;&amp#0;&amp#0;&amp#0;&amp#0;&amp#0;&amp#0;&amp#0;&amp#0;&amp#0;&amp#0;&amp#0;&amp#0;&amp#0;&amp#0;&amp#0;&amp#0;&amp#0;&amp#0;&amp#0;&amp#0;&amp#0;&amp#0;&amp#0;&amp#0;&amp#0;&amp#0;&amp#0;&amp#0;&amp#0;&amp#0;&amp#0;&amp#0;&amp#0;&amp#0;&amp#0;&amp#0;&amp#0;&amp#0;&amp#0;&amp#0;&amp#0;&amp#0;&amp#0;&amp#0;&amp#0;&amp#0;&amp#0;&amp#0;&amp#0;&amp#0;&amp#0;&amp#0;&amp#0;&amp#0;&amp#0;&amp#0;&amp#0;&amp#0;&amp#0;&amp#0;&amp#0;&amp#0;&amp#0;&amp#0;&amp#0;&amp#0;&amp#0;&amp#0;&amp#0;&amp#0;&amp#0;&amp#0;&amp#0;&amp#0;&amp#0;&amp#0;&amp#0;&amp#0;&amp#0;&amp#0;&amp#0;&amp#0;&amp#0;&amp#0;&amp#0;&amp#0;&amp#0;&amp#0;&amp#0;&amp#0;&amp#0;&amp#0;&amp#0;&amp#0;&amp#0;&amp#0;&amp#0;&amp#0;&amp#0;&amp#0;&amp#0;&amp#0;&amp#0;&amp#0;&amp#0;&amp#0;&amp#0;&amp#0;&amp#0;&amp#0;&amp#0;&amp#0;&amp#0;&amp#0;&amp#0;&amp#0;&amp#0;&amp#0;&amp#0;&amp#0;&amp#0;&amp#0;&amp#0;&amp#0;&amp#0;&amp#0;&amp#0;&amp#0;&amp#0;&amp#0;&amp#0;&amp#0;&amp#0;&amp#0;&amp#0;&amp#0;&amp#0;&amp#0;&amp#0;&amp#0;&amp#0;&amp#0;&amp#0;&amp#0;&amp#0;&amp#0;&amp#0;&amp#0;&amp#0;&amp#0;&amp#0;&amp#0;&amp#0;&amp#0;&amp#0;&amp#0;&amp#0;&amp#0;&amp#0;&amp#0;&amp#0;&amp#0;&amp#0;&amp#0;&amp#0;&amp#0;&amp#0;&amp#0;&amp#0;&amp#0;&amp#0;&amp#0;&amp#0;&amp#0;&amp#0;&amp#0;&amp#0;&amp#0;&amp#0;&amp#0;&amp#0;&amp#0;&amp#0;&amp#0;&amp#0;&amp#0;&amp#0;&amp#0;&amp#0;&amp#0;&amp#0;&amp#0;&amp#0;&amp#0;&amp#0;&amp#0;&amp#0;&amp#0;&amp#0;&amp#0;&amp#0;&amp#0;&amp#0;&amp#0;&amp#0;&amp#0;&amp#0;&amp#0;&amp#0;&amp#0;&amp#0;&amp#0;&amp#0;&amp#0;&amp#0;&amp#0;&amp#0;&amp#0;&amp#0;&amp#0;&amp#0;&amp#0;&amp#0;&amp#0;&amp#0;&amp#0;&amp#0;&amp#0;&amp#0;&amp#0;&amp#0;&amp#0;&amp#0;&amp#0;&amp#0;&amp#0;&amp#0;&amp#0;&amp#0;&amp#0;&amp#0;&amp#0;&amp#0;&amp#0;&amp#0;&amp#0;&amp#0;&amp#0;&amp#0;&amp#0;&amp#0;&amp#0;&amp#0;&amp#0;&amp#0;&amp#0;&amp#0;&amp#0;&amp#0;&amp#0;&amp#0;&amp#0;&amp#0;&amp#0;&amp#0;&amp#0;&amp#0;&amp#0;&amp#0;&amp#0;&amp#0;&amp#0;&amp#0;&amp#0;&amp#0;&amp#0;&amp#0;&amp#0;&amp#0;&amp#0;&amp#0;&amp#0;&amp#0;&amp#0;&amp#0;&amp#0;&amp#0;&amp#0;&amp#0;&amp#0;&amp#0;&amp#0;&amp#0;&amp#0;&amp#0;&amp#0;&amp#0;&amp#0;&amp#0;&amp#0;&amp#0;&amp#0;&amp#0;&amp#0;&amp#0;&amp#0;&amp#0;&amp#0;&amp#0;&amp#0;&amp#0;&amp#0;&amp#0;&amp#0;&amp#0;&amp#0;&amp#0;&amp#0;&amp#0;&amp#0;&amp#0;&amp#0;&amp#0;&amp#0;&amp#0;&amp#0;&amp#0;&amp#0;&amp#0;&amp#0;&amp#0;&amp#0;&amp#0;&amp#0;&amp#0;&amp#0;Ĕ�n�0&amp#12;���&amp#14;U�S&amp#27;�0M&amp#19;���&amp#28;7��&amp#7;�&amp#26;C#�$�
���&amp#27;`��&amp#14;�@ڥQ&amp#27;��~qc&amp#15;���f+�h�+E��&amp#12;\�q�R�O��;�!)���&amp#14;J�&amp#1;&amp#20;����p�	�&amp#25;g;,EM&amp#20;�Ī�Fa�&amp#3;8ޙ��(��8�AU&amp#11;5&amp#7;9��ne�&amp#29;���Z
1&amp#26;>�L--eOk��%�`Qd&amp#15;��֫&amp#20;*&amp#4;k*EL*WN�r�w&amp#14;&amp#5;g�&amp#24;�M�&amp#27;�&amp#16;�ӡ���`��ʥ�FC6Q�^T�&amp#24;rm姏�&amp#15;�&amp#23;�a�&amp#14;J?��
���
W��&amp#16;Ai�&amp#1;��EZ�F&amp#25;��>���Q��a��|I�D��?q&amp#16;�;��y~)�̑�#m,�&amp#18;=�\�&amp#8;��"w��&amp#1;~j&amp#31;���;�> wr�ӫ�o�6;&amp#15;,&amp#4;�&amp#12;|7kץ�v�)pv١�3&amp#26;t��Lsm�&amp#5;&amp#0;&amp#0;��&amp#3;&amp#0;PK&amp#3;&amp#4;&amp#20;&amp#0;&amp#6;&amp#0;&amp#8;&amp#0;&amp#0;&amp#0;!&amp#0;�U0#�&amp#0;&amp#0;&amp#0;L&amp#2;&amp#0;&amp#0;&amp#11;&amp#0;&amp#8;&amp#2;_rels/.rels �&amp#4;&amp#2;(�&amp#0;&amp#2;&amp#0;&amp#0;&amp#0;&amp#0;&amp#0;&amp#0;&amp#0;&amp#0;&amp#0;&amp#0;&amp#0;&amp#0;&amp#0;&amp#0;&amp#0;&amp#0;&amp#0;&amp#0;&amp#0;&amp#0;&amp#0;&amp#0;&amp#0;&amp#0;&amp#0;&amp#0;&amp#0;&amp#0;&amp#0;&amp#0;&amp#0;&amp#0;&amp#0;&amp#0;&amp#0;&amp#0;&amp#0;&amp#0;&amp#0;&amp#0;&amp#0;&amp#0;&amp#0;&amp#0;&amp#0;&amp#0;&amp#0;&amp#0;&amp#0;&amp#0;&amp#0;&amp#0;&amp#0;&amp#0;&amp#0;&amp#0;&amp#0;&amp#0;&amp#0;&amp#0;&amp#0;&amp#0;&amp#0;&amp#0;&amp#0;&amp#0;&amp#0;&amp#0;&amp#0;&amp#0;&amp#0;&amp#0;&amp#0;&amp#0;&amp#0;&amp#0;&amp#0;&amp#0;&amp#0;&amp#0;&amp#0;&amp#0;&amp#0;&amp#0;&amp#0;&amp#0;&amp#0;&amp#0;&amp#0;&amp#0;&amp#0;&amp#0;&amp#0;&amp#0;&amp#0;&amp#0;&amp#0;&amp#0;&amp#0;&amp#0;&amp#0;&amp#0;&amp#0;&amp#0;&amp#0;&amp#0;&amp#0;&amp#0;&amp#0;&amp#0;&amp#0;&amp#0;&amp#0;&amp#0;&amp#0;&amp#0;&amp#0;&amp#0;&amp#0;&amp#0;&amp#0;&amp#0;&amp#0;&amp#0;&amp#0;&amp#0;&amp#0;&amp#0;&amp#0;&amp#0;&amp#0;&amp#0;&amp#0;&amp#0;&amp#0;&amp#0;&amp#0;&amp#0;&amp#0;&amp#0;&amp#0;&amp#0;&amp#0;&amp#0;&amp#0;&amp#0;&amp#0;&amp#0;&amp#0;&amp#0;&amp#0;&amp#0;&amp#0;&amp#0;&amp#0;&amp#0;&amp#0;&amp#0;&amp#0;&amp#0;&amp#0;&amp#0;&amp#0;&amp#0;&amp#0;&amp#0;&amp#0;&amp#0;&amp#0;&amp#0;&amp#0;&amp#0;&amp#0;&amp#0;&amp#0;&amp#0;&amp#0;&amp#0;&amp#0;&amp#0;&amp#0;&amp#0;&amp#0;&amp#0;&amp#0;&amp#0;&amp#0;&amp#0;&amp#0;&amp#0;&amp#0;&amp#0;&amp#0;&amp#0;&amp#0;&amp#0;&amp#0;&amp#0;&amp#0;&amp#0;&amp#0;&amp#0;&amp#0;&amp#0;&amp#0;&amp#0;&amp#0;&amp#0;&amp#0;&amp#0;&amp#0;&amp#0;&amp#0;&amp#0;&amp#0;&amp#0;&amp#0;&amp#0;&amp#0;&amp#0;&amp#0;&amp#0;&amp#0;&amp#0;&amp#0;&amp#0;&amp#0;&amp#0;&amp#0;&amp#0;&amp#0;&amp#0;&amp#0;&amp#0;&amp#0;&amp#0;&amp#0;&amp#0;&amp#0;&amp#0;&amp#0;&amp#0;&amp#0;&amp#0;&amp#0;&amp#0;&amp#0;&amp#0;&amp#0;&amp#0;&amp#0;&amp#0;&amp#0;&amp#0;&amp#0;&amp#0;&amp#0;&amp#0;&amp#0;&amp#0;&amp#0;&amp#0;&amp#0;&amp#0;&amp#0;&amp#0;&amp#0;&amp#0;&amp#0;&amp#0;&amp#0;&amp#0;&amp#0;&amp#0;&amp#0;&amp#0;&amp#0;&amp#0;&amp#0;&amp#0;&amp#0;&amp#0;&amp#0;&amp#0;&amp#0;&amp#0;&amp#0;&amp#0;&amp#0;&amp#0;&amp#0;&amp#0;&amp#0;&amp#0;&amp#0;&amp#0;&amp#0;&amp#0;&amp#0;&amp#0;&amp#0;&amp#0;&amp#0;&amp#0;&amp#0;&amp#0;&amp#0;&amp#0;&amp#0;&amp#0;&amp#0;&amp#0;&amp#0;&amp#0;&amp#0;&amp#0;&amp#0;&amp#0;&amp#0;&amp#0;&amp#0;&amp#0;&amp#0;&amp#0;&amp#0;&amp#0;&amp#0;&amp#0;&amp#0;&amp#0;&amp#0;&amp#0;&amp#0;&amp#0;&amp#0;&amp#0;&amp#0;&amp#0;&amp#0;&amp#0;&amp#0;&amp#0;&amp#0;&amp#0;&amp#0;&amp#0;&amp#0;&amp#0;&amp#0;&amp#0;&amp#0;&amp#0;&amp#0;&amp#0;&amp#0;&amp#0;&amp#0;&amp#0;&amp#0;&amp#0;&amp#0;&amp#0;&amp#0;&amp#0;&amp#0;&amp#0;&amp#0;&amp#0;&amp#0;&amp#0;&amp#0;&amp#0;&amp#0;&amp#0;&amp#0;&amp#0;&amp#0;&amp#0;&amp#0;&amp#0;&amp#0;&amp#0;&amp#0;&amp#0;&amp#0;&amp#0;&amp#0;&amp#0;&amp#0;&amp#0;&amp#0;&amp#0;&amp#0;&amp#0;&amp#0;&amp#0;&amp#0;&amp#0;&amp#0;&amp#0;&amp#0;&amp#0;&amp#0;&amp#0;&amp#0;&amp#0;&amp#0;&amp#0;&amp#0;&amp#0;&amp#0;&amp#0;&amp#0;&amp#0;&amp#0;&amp#0;&amp#0;&amp#0;&amp#0;&amp#0;&amp#0;&amp#0;&amp#0;&amp#0;&amp#0;&amp#0;&amp#0;&amp#0;&amp#0;&amp#0;&amp#0;&amp#0;&amp#0;&amp#0;&amp#0;&amp#0;&amp#0;&amp#0;&amp#0;&amp#0;&amp#0;&amp#0;&amp#0;&amp#0;&amp#0;&amp#0;&amp#0;&amp#0;&amp#0;&amp#0;&amp#0;&amp#0;&amp#0;&amp#0;&amp#0;&amp#0;&amp#0;&amp#0;&amp#0;&amp#0;&amp#0;&amp#0;&amp#0;&amp#0;&amp#0;&amp#0;&amp#0;&amp#0;&amp#0;&amp#0;&amp#0;&amp#0;&amp#0;&amp#0;&amp#0;&amp#0;&amp#0;&amp#0;&amp#0;&amp#0;&amp#0;&amp#0;&amp#0;&amp#0;&amp#0;&amp#0;&amp#0;&amp#0;&amp#0;&amp#0;&amp#0;&amp#0;&amp#0;&amp#0;&amp#0;&amp#0;&amp#0;&amp#0;&amp#0;&amp#0;&amp#0;&amp#0;&amp#0;&amp#0;&amp#0;&amp#0;&amp#0;&amp#0;&amp#0;&amp#0;&amp#0;&amp#0;��MO�0&amp#12;��H�����ݐ&amp#16;BKwAH�!T~�I�&amp#15;���$&amp#27;ݿ'&amp#28;&amp#16;T&amp#26;�&amp#3;G�~����<���!��4��&amp#18;&amp#20;;#�w����qu&amp#7;*&r�Fq���&amp#17;v�����GJy(v��*����K��#F��D�&amp#16;�.W&amp#26;	&amp#19;�&amp#28;�&amp#22;=��Z�MY�b��&amp#1;�BS���7��ϛז��
?�9L�ҙ&amp#21;�sbgٮ|�l!��&amp#26;USh9i�b�r:"y_dl��D��&amp#19;�|-N��R"4&amp#18;�2�G�%��Z�4�˝y�7	ë��ɂ�&amp#31;��&amp#1;&amp#0;&amp#0;��&amp#3;&amp#0;PK&amp#3;&amp#4;&amp#20;&amp#0;&amp#6;&amp#0;&amp#8;&amp#0;&amp#0;&amp#0;!&amp#0;�N���&amp#3;&amp#0;&amp#0;_	&amp#0;&amp#0;&amp#15;&amp#0;&amp#0;&amp#0;xl/workbook.xml�Umo�8&amp#16;�~���(���!	&amp#16;&amp#21;Vy!�Je�h����*㘒#�s�S@���&amp#29;&amp#7;B�r:q�C�`{����g&�_ve��R.rV�ttc�&amp#26;�&amp#8;���e���&�@ׄ�U�&amp#11;Vё��B�2����-�%c&amp#27;
&amp#0;*1��R־i
��%&amp#22;7��&amp#21;�&amp#24;/��)1E�)�ĚRY&amp#22;�mY�Y��&amp#15;&amp#8;>�&amp#6;��V9�1#MI+y&amp#0;��&amp#18;�u^�&amp#14;�$����o�� ��&amp#1;b�&amp#23;�ܷ��V&amp#18;��b&amp#28;/&amp#11;p{�\m����&amp#15;Y0��M�uqU�&amp#19;�&amp#4;[�&amp#27;�6&amp#15;�/�G��Ї&amp#16;�.cp&amp#29;�cr���&amp#28;�Xq�&amp#19;��&amp#14;���FC �V+>&amp#4;�h��oWyA&amp#31;&amp#15;��p]ť�T�k&amp#5;&amp#22;r��f#�&amp#15;S��&amp#31;&amp#22;xS�M^���z�P7�'9ϸ��&amp#21;n
���;x�&amp#12;�&amp#27;ڮ�&amp#4;a&amp#4;���F���ã_?��&amp#22;;Z3P�6�79�PX�/�&amp#21;FL|�&amp#20;3,�ZË�&amp#30;�&amp#11;J
�<5T1�&amp#26;&amp#19;���g��E�&amp#20;�4x�&amp#11;IK&amp#17;���Bp��&amp#16;�&amp#5;���&amp#19;*�i�%N �b� )�P��*�j&amp#15;��S�W&amp#6;�3�����&amp#15;j�D�Є&amp#24;&amp#30;�<��1��.�;E�$���]|&amp#15;Y}���cPRvl&amp#1;w�D�{�&amp#8;���[&amp#28;8��űa&amp#15;&amp#2;�p&amp#2;�6�A��� ���&amp#14;�~�
��O&amp#24;n��(&amp#31;&amp#5;=�&amp#29;����&amp#20;�&amp#29;d�M���x��&amp#31;C=&amp#24;��o�a�(&amp#31;s�&amp#21;�BSSm��W&amp#25;ێt&amp#3;Y�h�&amp#31;��v�)��&amp#26;��&amp#3;���a�7����1�&amp#29;����_i����\�&amp#21;ϑ��&amp#14;Q?F�m��^�p���&amp#8;�!&amp#12;Iҏ���Dq��3�&amp#8;�
&amp#26;��O�j�J�A	&amp#1;�&amp#5;�}�A�5�[�]�����)���\Ag&amp#7;�q�&amp#14;ڭ&amp#26;�&amp#27;	.&amp#8;ԟz�7&amp#12;�u(N���B�o�	���3�XA�&amp#26;:�5鹆3&amp#24;�����F�����O�I�D�w��t�&amp#2;�X�1�)�d&amp#3;53��&amp#16;&amp#11;Pf&amp#27;	&amp#19;x��
�Ah������p��2��s&amp#12;7Nzn&amp#31;��ą4td���O�ǁٞ�X6P�m�s_��q���:,&amp#28;S����y�2s<�o�&amp#15;�}A�4N&amp#30;�4��N�镶����)��8��qp�}0�&amp#7;��?�+�&amp#12;�!�jlejv2&amp#25;&amp#7;&amp#0;&amp#0;��&amp#3;&amp#0;PK&amp#3;&amp#4;&amp#20;&amp#0;&amp#6;&amp#0;&amp#8;&amp#0;&amp#0;&amp#0;!&amp#0;J��a�&amp#0;&amp#0;&amp#0;G&amp#3;&amp#0;&amp#0;&amp#26;&amp#0;&amp#8;&amp#1;xl/_rels/workbook.xml.rels �&amp#4;&amp#1;(�&amp#0;&amp#1;&amp#0;&amp#0;&amp#0;&amp#0;&amp#0;&amp#0;&amp#0;&amp#0;&amp#0;&amp#0;&amp#0;&amp#0;&amp#0;&amp#0;&amp#0;&amp#0;&amp#0;&amp#0;&amp#0;&amp#0;&amp#0;&amp#0;&amp#0;&amp#0;&amp#0;&amp#0;&amp#0;&amp#0;&amp#0;&amp#0;&amp#0;&amp#0;&amp#0;&amp#0;&amp#0;&amp#0;&amp#0;&amp#0;&amp#0;&amp#0;&amp#0;&amp#0;&amp#0;&amp#0;&amp#0;&amp#0;&amp#0;&amp#0;&amp#0;&amp#0;&amp#0;&amp#0;&amp#0;&amp#0;&amp#0;&amp#0;&amp#0;&amp#0;&amp#0;&amp#0;&amp#0;&amp#0;&amp#0;&amp#0;&amp#0;&amp#0;&amp#0;&amp#0;&amp#0;&amp#0;&amp#0;&amp#0;&amp#0;&amp#0;&amp#0;&amp#0;&amp#0;&amp#0;&amp#0;&amp#0;&amp#0;&amp#0;&amp#0;&amp#0;&amp#0;&amp#0;&amp#0;&amp#0;&amp#0;&amp#0;&amp#0;&amp#0;&amp#0;&amp#0;&amp#0;&amp#0;&amp#0;&amp#0;&amp#0;&amp#0;&amp#0;&amp#0;&amp#0;&amp#0;&amp#0;&amp#0;&amp#0;&amp#0;&amp#0;&amp#0;&amp#0;&amp#0;&amp#0;&amp#0;&amp#0;&amp#0;&amp#0;&amp#0;&amp#0;&amp#0;&amp#0;&amp#0;&amp#0;&amp#0;&amp#0;&amp#0;&amp#0;&amp#0;&amp#0;&amp#0;&amp#0;&amp#0;&amp#0;&amp#0;&amp#0;&amp#0;&amp#0;&amp#0;&amp#0;&amp#0;&amp#0;&amp#0;&amp#0;&amp#0;&amp#0;&amp#0;&amp#0;&amp#0;&amp#0;&amp#0;&amp#0;&amp#0;&amp#0;&amp#0;&amp#0;&amp#0;&amp#0;&amp#0;&amp#0;&amp#0;&amp#0;&amp#0;&amp#0;&amp#0;&amp#0;&amp#0;&amp#0;&amp#0;&amp#0;&amp#0;&amp#0;&amp#0;&amp#0;&amp#0;&amp#0;&amp#0;&amp#0;&amp#0;&amp#0;&amp#0;&amp#0;&amp#0;&amp#0;&amp#0;&amp#0;&amp#0;&amp#0;&amp#0;&amp#0;&amp#0;&amp#0;&amp#0;&amp#0;&amp#0;&amp#0;&amp#0;&amp#0;&amp#0;&amp#0;&amp#0;&amp#0;&amp#0;&amp#0;&amp#0;&amp#0;&amp#0;&amp#0;&amp#0;&amp#0;&amp#0;&amp#0;&amp#0;&amp#0;&amp#0;&amp#0;&amp#0;&amp#0;&amp#0;&amp#0;&amp#0;&amp#0;&amp#0;&amp#0;&amp#0;&amp#0;&amp#0;&amp#0;&amp#0;&amp#0;&amp#0;&amp#0;&amp#0;&amp#0;&amp#0;&amp#0;&amp#0;&amp#0;&amp#0;&amp#0;&amp#0;&amp#0;&amp#0;&amp#0;&amp#0;&amp#0;&amp#0;&amp#0;&amp#0;&amp#0;&amp#0;&amp#0;&amp#0;&amp#0;&amp#0;&amp#0;&amp#0;���j�0&amp#12;��ѽq��P�:{)����&amp#7;0�&amp#18;�Mlc�?y����6���У$4�1�f�9��&amp#29;#u�)(�&amp#28;&amp#4;�ڛε
^�OW� ��3��&amp#14;&amp#21;�H��./6��kNOd�@"�8R`�Ã�T[&amp#28;4e>�K���As&amp#26;c+��&amp#15;�EY�����5��i��Q&amp#16;w�&amp#26;�~&amp#12;��om�4]���~&amp#27;��&amp#25;&amp#11;ɉ&amp#11;���-��i�^&amp#22;Y&amp#2;&amp#5;y��\����&amp#3;YD>q&amp#28;W$�K�&amp#4;S�3�b2�k�&amp#17;�&amp#11;�T>:�3[/%s�*&amp#12;�}���+4�?�rV��&amp#11;&amp#0;&amp#0;��&amp#3;&amp#0;PK&amp#3;&amp#4;&amp#20;&amp#0;&amp#6;&amp#0;&amp#8;&amp#0;&amp#0;&amp#0;!&amp#0;�xO��&amp#3;&amp#0;&amp#0;�&amp#8;&amp#0;&amp#0;&amp#24;&amp#0;&amp#0;&amp#0;xl/worksheets/sheet1.xml��[��0&amp#24;��&amp#23;�?��k<�U�&amp#29;���s�,{��4�&amp#26;j���Ӗe��~Ѷ3P&amp#24;ʀ1��>�!o��G١&amp#23;��P}�C?���Lբ�&amp#22;���K12��5�T�&amp#11;|�&amp#6;?�&amp#30;>-&amp#15;J�L˹E@�M�[k��&amp#16;�Z.����{�i���§�&amp#18;3hN�Q$;&amp#18;&amp#5;��H*z<&amp#17;r}&amp#15;C5�`�Tl/yo'��&amp#29;���i�`.4���I�w��cJ&amp#14;�؈N��&amp#8;�H��i�+M7&amp#29;�}&amp#12;&amp#19;��Q�&amp#19;��/a��7��`Z&amp#25;�X&amp#31;�d�����d��+���0aB4&amp#17;�&amp#0;_Q��R
gWV�
�?&amp#8;�_a�]:ߋ���d&amp#29;F�����Z�^�ā����[�e���E���?�Z�&amp#2;N�U�4o
�&amp#14;�2�d�&amp#28;��K��y�FΎ&amp#27;�vn�	�&amp#4;@0���&amp#25;&amp#3;�?&amp#23;�sU��B����&amp#11;�&amp#26;]�M��7t�����mk�$~&amp#2;�8;���䆁&amp#15;!�&amp#31;;,S&amp#29;0���p�	lD��|&amp#16;�ma���Y2O&amp#23;3���X%�7��I&amp#8;�&amp#31;�0��I�A&amp#22;;݆&amp#27;[	�˻&amp#12;h�&amp#20;<�@tƼ&amp#27;����&amp#7;&amp#0;&amp#0;��&amp#0;&amp#0;&amp#0;�����&amp#14;� &amp#20;�_��&amp#0;&amp#17;Z�&amp#28;����`��&amp#31;��Y�}&amp#23;+��ss�cǏ�9&amp#7;��Z�����x�<�6%�&amp#4;�&k
�d&amp#7;딄$Pw�5չi+�
ȓ�J./QjU֠m7&amp#17;ɸ2&amp#19;Nfİ
t
j�&amp#29;8�3N՗ȧD�&amp#19;Ŕ8���&amp#18;lk&amp#17;
il$&amp#8;�"Ek#�&amp#17;)ٓ�Fb&amp#12;e�!�&amp#27;���p&amp#4;�&amp#31;�q�-v&amp#11;��0�&amp#29;z�͜�v,&amp#17;�&amp#23;b�չ��&amp#3;�&amp#29;3���h�(�&amp#12;u&amp#15;��='3�t�+6�B�&amp#5;�&amp#8;^���n�&amp#8;�
&amp#22;
,&amp#8;G����o�&amp#6;&amp#0;&amp#0;��&amp#0;&amp#0;&amp#0;��l��&amp#14;�0&amp#16;E��&amp#30;�B&amp#3;6@��&.�&amp#8;��&amp#17;&amp#30;%C�&amp#26;�&amp#11;&amp#24;�Dw��Ž3A
������Y_&amp#26;&amp#19;R�F��&amp#18;�4�&amp#27;&&amp#20;��_υ���/�?��>
�{&amp#11;X&amp#21;M���{`�P��HB��dE�
�e��bJr�U&amp#22;cܷ\o�X&amp#27;[�-W���ʽ'm�&amp#28;���m��1Ƭh:RA�?e/�~���)&amp#27;ݎ�Sr���z�&amp#28;�&amp#4;p���Tk3���Uc��&amp#0;&z&amp#1;&amp#0;&amp#0;��&amp#3;&amp#0;PK&amp#3;&amp#4;&amp#20;&amp#0;&amp#6;&amp#0;&amp#8;&amp#0;&amp#0;&amp#0;!&amp#0;���C�&amp#2;&amp#0;&amp#0;�&amp#6;&amp#0;&amp#0;&amp#24;&amp#0;&amp#0;&amp#0;xl/worksheets/sheet2.xml��K��0&amp#20;����&amp#31;,�@�&amp#1;&amp#20;2
CQgW��v�%X����cT���&amp#2;Jf�,&amp#26;���b�&amp#15;�ǳ��&amp#17;�&amp#17;�ϩ�.(���Z�����^9	%Ʋ�f��!�/`�����I�i&amp#1;,ABor�Z;d�gx&amp#11;�&amp#25;W
��L��d&amp#22;&amp#31;��3�&amp#6;VO/��&amp#11;&amp#22;�ؓL�t&d�&amp#30;�j&amp#26;��T� ��3DC�,�7�&amp#24;̅&�=8���08\�&amp#1;&amp#17;[�	�2A)�<{��J�m�}���qr�x&amp#4;x./2����&amp#20;\+�&amp#26;�"ٛ=߶�z����t��]&amp#24;?�4&amp#28;Ÿ����}����
^a�w��+l�\:;�:��0H��S�D�S�EZ8�jS9Q\&�&MS�*����&amp#22;��cWDC�Ӎ��K�WS~~
8�75�l�
:�&amp#22;Pçd��V����&amp#25;�&amp#22;H4ӂ�ȸ&amp#21;Gx���i���ߓ&amp#6;�(�]&amp#21;��&amp#23;�j
�&amp#23;Mjhء�_��3�]kQ6tCltLJV��`8F&amp#20;���7W&amp#29;2�J�&amp#24;5L&amp#24;;�^Emۜ�n&amp#28;��8�(ق��&amp#24;�����J������+&amp#3;�O&amp#12;�����M���O&amp#30;�&amp#11;�&?�&amp#0;&amp#0;&amp#0;��&amp#0;&amp#0;&amp#0;����[&amp#14;� &amp#16;E�Ұ&amp#0;)��&amp#26;J�%� �?}&amp#4;���VC[P&amp#19;�ȝ&amp#3;�a`���&amp#19;�I�L{KL�&amp#8;Jl'&amp#27;&amp#11;�"�u�2���um}jM-݈�I.Uq~&amp#8;m�n KW&amp#20;q��&amp#19;&amp#14;�&amp#17;�6�-�=�2�s�՛8��nIT1�_&amp#18;"&H�&amp#17;&amp#12;�����yK?݁��y`=�m&amp#2;�y�d��H?K�?$����@r&amp#24;C�I6]3&amp#14;����8�&amp#29;���&amp#19;&amp#0;&amp#0;��&amp#0;&amp#0;&amp#0;���)HLO�M,J��+V�IM+�U2�3WR(�Lπ�K�&amp#11;���J
I�%%��0^FjbJj&amp#17;�g�����_&amp#2;������&amp#23;e&amp#23;g����&amp#1;&amp#0;&amp#0;&amp#0;��&amp#3;&amp#0;PK&amp#3;&amp#4;&amp#20;&amp#0;&amp#6;&amp#0;&amp#8;&amp#0;&amp#0;&amp#0;!&amp#0;�&amp#23;&amp#16;�N&amp#7;&amp#0;&amp#0;� &amp#0;&amp#0;&amp#19;&amp#0;&amp#0;&amp#0;xl/theme/theme1.xml�Y͋&amp#27;7&amp#20;�&amp#23;�?&amp#12;sw�5�%���l��$d��&amp#28;���QV32��&amp#27;&amp#19;&amp#2;%9�R(���Bo=��@&amp#3;
��	$��&amp#31;�'��#��$�lJZv
�G������~z�t�ҽ�zG�&amp#11;�_�P�=��ؘ$Ӗk8(4|OH��&amp#17;e	n�&amp#11;,�K۟~r&amp#17;m�&amp#8;��&amp#3;�Dl��&amp#31;I9�*&amp#22;�&amp#8;����f8��&��H�#�&amp#22;�&amp#28;&amp#29;�ޘ&amp#22;+�R�&amp#24;#��^�bP{}2!#�
�J{��O�1�B
�(�W��%���òB���R�&amp#29;!��a�1;&amp#30;�{��(&amp#18;&amp#18;~h�%��&amp#23;�/&amp#22;�V&D�&amp#6;YCn��2�L`|X�s���j� &amp#8;�Z{�_&amp#3;�\����Z��ҧ&amp#1;h4�����:�n�a
P�ա�W�U�&amp#22;��_]��&amp#29;���נT��&amp#31;&amp#12;��E&amp#11;�A)>\Ç�f�g�נ&amp#20;_[��K�^P��kPDIr��.��jw��&amp#21;d��&amp#19;�&amp#12;�A��)�Q�
��RSLX"7�Z��2>&amp#0;�&amp#2;R$I���&amp#12;O�&amp#8;���(9���%�&amp#8;&amp#18;o�&amp#18;&`�T)
JU��>���#��02��]`�X&amp#27;R�xb��L��+��7 /�={����=����_���*Kn&amp#7;%SS�Տ_���&amp#23;�_�����7��'��Ŀ��˗���:����&amp#21;/�}���&amp#23;�}��O�&amp#29;��&amp#28;&amp#29;��!����c�&�a�&amp#14;��&amp#1;?��0BĒ@&amp#17;�v����&amp#2;^[ ��u����&amp#28;X�&amp#5;�<�kٺ&amp#31;�$���F�&amp#5;�c�v&amp#24;w:ચ���p�Lݓ󹉻�Бk�.J�&amp#0;��3�W�Rٍ�e�
�&amp#18;��8��S��C�&amp#29;��C���=2�L����&amp#16;����%Cr`%R.�Cb���e �����m�èk�=|d#a[ �0~�����h.Q�R9D15&amp#29;��d�2r�G&�/$Dz�)��c,�K�:��&amp#26;A�
&amp#12;�&amp#14;�&amp#30;]�6�Kr�ҹ�&amp#24;3�=v؍P<s�L���~&&amp#14;!E�w�I&amp#23;|��;D=C&amp#28;P�1ܷ	���f"�&amp#5;�j��'��e�&amp#29;�����&amp#31;&amp#23;t���e�<�ص͉3;:�ڻ&amp#24;St��&amp#24;{�>sX�a3���W"`�&amp#29;�J�+��U��`&amp#1;e��k�)r�&amp#8;+e��m�goq�x&amp#22;(�&amp#17;ߤ�&amp#26;D�J]8�Tz��&amp#14;M�5&amp#2;�&amp#31;��)�&amp#5;�0���I�&amp#8;Yg�z&amp#22;�|]p+~o��`_�=�&amp#4;&amp#25;|j&amp#25; ����&amp#16;Qk�<a�&amp#8;
&amp#12;&amp#23;݂�&amp#21;�\D��Zl؛6&amp#15;&amp#3;&amp#20;FV�&amp#19;���ω�'�w�&amp#30;w&amp#1;s&amp#6;&amp#5;�[���:�(e�D��	�&amp#31;,kzh���p��s�yUs^�����f�^>�e�k��Z����Aj��|��&���O���3!���&amp#5;ŻBw}&amp#4;�ь&amp#7;0��Q�'�j&amp#1;�"��5�,ܔ#-�q&?'2ڏ�&amp#12;ZCe����L�Tx3&�c��u+&amp#21;�Э�N�x���Ng�����&amp#11;&amp#5;��x)\�C�J��Z=�ޭ��~�TwY�&amp#6;(��&amp#24;aLf&amp#27;Qu&amp#24;Q_&amp#14;B&amp#20;^g�^ٙX�tX�PꗡZFq�
0m&amp#21;&amp#21;x���E��A�A�f&amp#28;��c&amp#21;������
ΙFz�3��&amp#1;Pb/3 �tSٺqyjui��E�-#�t��0�0�&amp#23;�,;͖�Yƺ���2O�b�&amp#27;r3�&amp#15;&amp#17;kE"'��&&S��;n��j&amp#8;�*#4k�&amp#19;�&amp#24;��x&amp#6;�#�[&amp#23;�S�v&amp#25;I�n�wa�&amp#25;&amp#23;��D�:\�N�&amp#6;1��{��-_-�
4�&amp#28;�m+W�&amp#16;>Z�@+&amp#31;�q&amp#16;t;�x2�#i��&amp#24;Q�N&amp#31;��S�p����&amp#29;�$�&amp#28;½&amp#31;���&amp#3;:�7&amp#17;�XX/+&amp#7;�����r��1���&amp#21;���w�`�h׼��9��#:�Pv��d��5����O+&amp#31;&amp#24;Oٚ���.<��&amp#3;��O�7&amp#31;��s&amp#6;i�g��*��t��;�
��CԲ*�n�N-r�k.�&amp#14;&amp#18;�yJ���}�&amp#3;�0-��2MY�NÊ��Q۴3,&amp#8;&amp#12;O�6�muF8=�'?ȝ�Zu@,�J����ܼ�f&amp#7;w�<zp8�R�PBo�#(��&amp#27;Ȕ6`�ܓY�&amp#8;߼9'-�~)l&amp#7;�J�-�&amp#26;a�&amp#16;T�R�&amp#17;���v&amp#24;V���\�u*&amp#15;�`�Q\&amp#14;���&amp#1;\a�Evi���.���-ͅ&amp#17;��L_�&amp#23;����\�|q�&amp#17; ���ʠYmvj�f�=(&amp#4;�N����:�^�[�
zݰ�&amp#28;<�#
&amp#14;��nP�7
�r�[&amp#8;j%e~�Y�&amp#7;�J;��&amp#27;��� +c`�)}d�&amp#0;�j���&amp#1;&amp#0;&amp#0;��&amp#3;&amp#0;PK&amp#3;&amp#4;&amp#20;&amp#0;&amp#6;&amp#0;&amp#8;&amp#0;&amp#0;&amp#0;!&amp#0;&amp#6;}&amp#23;y�&amp#3;&amp#0;&amp#0;�
&amp#0;&amp#0;
&amp#0;&amp#0;&amp#0;xl/styles.xml�V�n�8&amp#16;}_`�A໢K,�6,&amp#21;�E�&amp#2;ݢ@���R&amp#18;%&amp#19;�E����E�}��d+�81����s�vf��ǎ3瑨�J&amp#17;���G&amp#14;&amp#17;�,��b��}�.��h,
̤ 1:�&amp#6;}L~�m��##w&amp#7;B�&amp#3;&amp#16;���A�z�yM~ &amp#28;77�&&amp#2;NJ�8ְU��Ԋ�1J�y���=��@=�׀p�&amp#30;���%���&amp#25;eT&amp#31;-&amp#22;rx��\	�p���.���邹
�N�F���&amp#29;Ns%&amp#27;Y�&amp#27;��dYҜ<ww�-=���&amp#0;�}HA����;�N����#5�Cɺ�B7N.[�c4&amp#3;GM
V&amp#15;B�#Rs&amp#4;&amp#21;&amp#30;n%���&amp#25;H&amp#2;�%�\2�&amp#28;
���Y����7���LQs�Ĝ�c/&amp#14;��V{��)��&amp#8;=�G�M�nͭWl�F�W&amp#25;�.&amp#24;SU&amp#22;�t�]o0?`�&amp#0;��D=&amp#11;���&amp#8;k&amp#19;�@�(c�:��d
��D�&amp#20;N�a}��`&amp#2;z��&amp#14;�޼])|&amp#12;��z�F2Z&amp#24;�T[K�!���C��&amp#27;���&amp#1;4�|���&amp#19;�
/�qm��7�&amp#23;�m�i��5k&amp#20;r�IU��&amp#27;��4B/J֌�&amp#26;�P�:�-k&amp#19;��&amp#26;fA�.(����&amp#16;{�&amp#24;&amp#22;&amp#0;�&amp#19;���,��<a��ݕ�hy���"F0UMK�K�°���
�_R
@�e%&amp#7;�5;~myFTjG��f��'�����b�&amp#18;��I&amp#1;�Y�oJj�k�)�m�M��c��9W�NW�L����P��&amp#21;��&amp#5;�i�O��x�L4�n��t]�|�k�
C�
�����&amp#0;p%֋��٘�ô
|&amp#2;z�8&amp#7;��wP4ߎ&amp#28;�C��ߕ�&amp#30;�.@�IW<�&amp#19;�&amp#28;3'c�&amp#7;&amp#12;/Ũx�/�%&amp#5;�"k)�T&amp#24;�,�i�A�!9&amp#27;&amp#21; m&amp#19;��q&amp#22;�(�sW�Sm�&amp#6;�_O�&amp#1;FAJ�2}:��y�')hˁIío�Qj&amp#11;&amp#17;����&amp#25;&amp#30;�����_&amp#26;�����*&amp#26;���&amp#15;��>
݅�Y��[&amp#18;��h�s��v�ۥK?��?&/��x��&amp#7;&amp#21;L�`�j&amp#24;�b�&amp#16;����Y&amp#22;�ɦwߎlp{��2�����w�[?pgs�p&amp#23;���M� ��g�}�F&amp#19;ߣw�c|/&amp#8;�&amp#23;�q>Zi�	Pc��X��&amp#20;�&amp#4;�W���Jx��j�&amp#31;&amp#0;&amp#0;&amp#0;��&amp#3;&amp#0;PK&amp#3;&amp#4;&amp#20;&amp#0;&amp#6;&amp#0;&amp#8;&amp#0;&amp#0;&amp#0;!&amp#0;�"� 6&amp#1;&amp#0;&amp#0;A&amp#2;&amp#0;&amp#0;&amp#20;&amp#0;&amp#0;&amp#0;xl/sharedStrings.xmllR�J&amp#3;1&amp#16;|&amp#23;��#ｴUD��&amp#21;��P����Oeͭ��esf�U�ޜ
B�cfvfg�&amp#20;�&amp#15;�f&amp#7;&amp#12;l=�j�&amp#15;U�d|miW���vp�2&amp#22;�&amp#26;ZOX�Od5�NO
fɢ��T�H7њM�&amp#14;8�&amp#29;Rd^|p �&amp#25;v���Ps�(�����B;��2��$qoܲ'����/p���mUH5�y��/��ۻ�j]h�
�&amp#19;?�ڿ"m� M���8���4�&amp#26;�ϩ�%&amp#0;q�X㩵���.U~Kt&amp#12;�:�qRw��7���e�&amp#30;D-�&amp#17;-��T�a&amp#12;&amp#15;�0ŗ���C��Ѥ�)�&amp#8;��s���&amp#26;&amp#4;F�p&amp#15;���g)�B�X,&amp#31;͐Z��N�&amp#3;&amp#19;[��ų&amp#14;���O��&amp#23;��&amp#0;&amp#0;&amp#0;��&amp#3;&amp#0;PK&amp#3;&amp#4;&amp#20;&amp#0;&amp#6;&amp#0;&amp#8;&amp#0;&amp#0;&amp#0;!&amp#0;�����&amp#0;&amp#0;&amp#0;V&amp#1;&amp#0;&amp#0;#&amp#0;&amp#0;&amp#0;xl/worksheets/_rels/sheet1.xml.rels���j�0&amp#12;&amp#6;��`�`to��0�H�K7�a��=����4������g&amp#24;�&amp#21;&amp#6;;
I�~4�.i5�Tj&amp#20;&amp#30;a��`�����&amp#8;&amp#31;���&amp#19;���&amp#30;Wa&amp#26;�J&amp#21;v����N+j[�!�j��u������.P��I&n�YJBmeYlFw�C�?��ۀ��4&amp#7;?B9�-��5����2���^�9&amp#17;�&amp#31;'lhRY#�&amp#26;�e!�fkˌg
&amp#27;OI:Ν&amp#22;䚥ht�m�:'��,��oy^.J�q&amp#5;;
��&amp#27;�&amp#23;&amp#0;&amp#0;&amp#0;��&amp#3;&amp#0;PK&amp#3;&amp#4;&amp#20;&amp#0;&amp#6;&amp#0;&amp#8;&amp#0;&amp#0;&amp#0;!&amp#0;|��{R&amp#1;&amp#0;&amp#0;�&amp#2;&amp#0;&amp#0;&amp#17;&amp#0;&amp#8;&amp#1;docProps/core.xml �&amp#4;&amp#1;(�&amp#0;&amp#1;&amp#0;&amp#0;&amp#0;&amp#0;&amp#0;&amp#0;&amp#0;&amp#0;&amp#0;&amp#0;&amp#0;&amp#0;&amp#0;&amp#0;&amp#0;&amp#0;&amp#0;&amp#0;&amp#0;&amp#0;&amp#0;&amp#0;&amp#0;&amp#0;&amp#0;&amp#0;&amp#0;&amp#0;&amp#0;&amp#0;&amp#0;&amp#0;&amp#0;&amp#0;&amp#0;&amp#0;&amp#0;&amp#0;&amp#0;&amp#0;&amp#0;&amp#0;&amp#0;&amp#0;&amp#0;&amp#0;&amp#0;&amp#0;&amp#0;&amp#0;&amp#0;&amp#0;&amp#0;&amp#0;&amp#0;&amp#0;&amp#0;&amp#0;&amp#0;&amp#0;&amp#0;&amp#0;&amp#0;&amp#0;&amp#0;&amp#0;&amp#0;&amp#0;&amp#0;&amp#0;&amp#0;&amp#0;&amp#0;&amp#0;&amp#0;&amp#0;&amp#0;&amp#0;&amp#0;&amp#0;&amp#0;&amp#0;&amp#0;&amp#0;&amp#0;&amp#0;&amp#0;&amp#0;&amp#0;&amp#0;&amp#0;&amp#0;&amp#0;&amp#0;&amp#0;&amp#0;&amp#0;&amp#0;&amp#0;&amp#0;&amp#0;&amp#0;&amp#0;&amp#0;&amp#0;&amp#0;&amp#0;&amp#0;&amp#0;&amp#0;&amp#0;&amp#0;&amp#0;&amp#0;&amp#0;&amp#0;&amp#0;&amp#0;&amp#0;&amp#0;&amp#0;&amp#0;&amp#0;&amp#0;&amp#0;&amp#0;&amp#0;&amp#0;&amp#0;&amp#0;&amp#0;&amp#0;&amp#0;&amp#0;&amp#0;&amp#0;&amp#0;&amp#0;&amp#0;&amp#0;&amp#0;&amp#0;&amp#0;&amp#0;&amp#0;&amp#0;&amp#0;&amp#0;&amp#0;&amp#0;&amp#0;&amp#0;&amp#0;&amp#0;&amp#0;&amp#0;&amp#0;&amp#0;&amp#0;&amp#0;&amp#0;&amp#0;&amp#0;&amp#0;&amp#0;&amp#0;&amp#0;&amp#0;&amp#0;&amp#0;&amp#0;&amp#0;&amp#0;&amp#0;&amp#0;&amp#0;&amp#0;&amp#0;&amp#0;&amp#0;&amp#0;&amp#0;&amp#0;&amp#0;&amp#0;&amp#0;&amp#0;&amp#0;&amp#0;&amp#0;&amp#0;&amp#0;&amp#0;&amp#0;&amp#0;&amp#0;&amp#0;&amp#0;&amp#0;&amp#0;&amp#0;&amp#0;&amp#0;&amp#0;&amp#0;&amp#0;&amp#0;&amp#0;&amp#0;&amp#0;&amp#0;&amp#0;&amp#0;&amp#0;&amp#0;&amp#0;&amp#0;&amp#0;&amp#0;&amp#0;&amp#0;&amp#0;&amp#0;&amp#0;&amp#0;&amp#0;&amp#0;&amp#0;&amp#0;&amp#0;&amp#0;&amp#0;&amp#0;&amp#0;&amp#0;&amp#0;&amp#0;&amp#0;&amp#0;&amp#0;&amp#0;&amp#0;&amp#0;&amp#0;&amp#0;&amp#0;&amp#0;&amp#0;&amp#0;&amp#0;&amp#0;&amp#0;&amp#0;&amp#0;&amp#0;&amp#0;��_O�0&amp#20;��M�&amp#14;��P`��&amp#1;&amp#22;�M&amp#31;41qF�[�ލFZ�����[`Č1�������4�nd&amp#29;|���Q&amp#5;J�&amp#24;&amp#5;�XÅZ&amp#21;�y>&amp#11;�Q`&amp#29;U�֍�&amp#2;m��iy|�3MXc��4&amp#26;�&amp#19;`&amp#3;OR�0]��9M0��&amp#2;Im�&amp#21;�&amp#23;�����_��w�&amp#2;���)��(���&amp#22;&amp#24;ꁈvH�&amp#6;��0u&amp#7;�&amp#12;C
&amp#18;��8�&amp#18;��u`�������R����vv�l����X1&amp#8;��u��t6��&amp#4;�>�?uQC��]1@e�&amp#25;a&amp#6;�kLy&amp#7;��2�X���'��mE�X�x�j7ZS�&amp#30;��&amp#2;�����C���&amp#5;���&amp#25;�2�&amp#3;�+/����&amp#12;�i��a&amp#18;�q6O&$�_��z���F�/���?�&amp#25;I3rr6"�&amp#1;e�&amp#15;�M�&amp#5;&amp#0;&amp#0;��&amp#3;&amp#0;PK&amp#3;&amp#4;&amp#20;&amp#0;&amp#6;&amp#0;&amp#8;&amp#0;&amp#0;&amp#0;!&amp#0;e�3�&amp#1;&amp#0;&amp#0;9&amp#3;&amp#0;&amp#0;&amp#16;&amp#0;&amp#8;&amp#1;docProps/app.xml �&amp#4;&amp#1;(�&amp#0;&amp#1;&amp#0;&amp#0;&amp#0;&amp#0;&amp#0;&amp#0;&amp#0;&amp#0;&amp#0;&amp#0;&amp#0;&amp#0;&amp#0;&amp#0;&amp#0;&amp#0;&amp#0;&amp#0;&amp#0;&amp#0;&amp#0;&amp#0;&amp#0;&amp#0;&amp#0;&amp#0;&amp#0;&amp#0;&amp#0;&amp#0;&amp#0;&amp#0;&amp#0;&amp#0;&amp#0;&amp#0;&amp#0;&amp#0;&amp#0;&amp#0;&amp#0;&amp#0;&amp#0;&amp#0;&amp#0;&amp#0;&amp#0;&amp#0;&amp#0;&amp#0;&amp#0;&amp#0;&amp#0;&amp#0;&amp#0;&amp#0;&amp#0;&amp#0;&amp#0;&amp#0;&amp#0;&amp#0;&amp#0;&amp#0;&amp#0;&amp#0;&amp#0;&amp#0;&amp#0;&amp#0;&amp#0;&amp#0;&amp#0;&amp#0;&amp#0;&amp#0;&amp#0;&amp#0;&amp#0;&amp#0;&amp#0;&amp#0;&amp#0;&amp#0;&amp#0;&amp#0;&amp#0;&amp#0;&amp#0;&amp#0;&amp#0;&amp#0;&amp#0;&amp#0;&amp#0;&amp#0;&amp#0;&amp#0;&amp#0;&amp#0;&amp#0;&amp#0;&amp#0;&amp#0;&amp#0;&amp#0;&amp#0;&amp#0;&amp#0;&amp#0;&amp#0;&amp#0;&amp#0;&amp#0;&amp#0;&amp#0;&amp#0;&amp#0;&amp#0;&amp#0;&amp#0;&amp#0;&amp#0;&amp#0;&amp#0;&amp#0;&amp#0;&amp#0;&amp#0;&amp#0;&amp#0;&amp#0;&amp#0;&amp#0;&amp#0;&amp#0;&amp#0;&amp#0;&amp#0;&amp#0;&amp#0;&amp#0;&amp#0;&amp#0;&amp#0;&amp#0;&amp#0;&amp#0;&amp#0;&amp#0;&amp#0;&amp#0;&amp#0;&amp#0;&amp#0;&amp#0;&amp#0;&amp#0;&amp#0;&amp#0;&amp#0;&amp#0;&amp#0;&amp#0;&amp#0;&amp#0;&amp#0;&amp#0;&amp#0;&amp#0;&amp#0;&amp#0;&amp#0;&amp#0;&amp#0;&amp#0;&amp#0;&amp#0;&amp#0;&amp#0;&amp#0;&amp#0;&amp#0;&amp#0;&amp#0;&amp#0;&amp#0;&amp#0;&amp#0;&amp#0;&amp#0;&amp#0;&amp#0;&amp#0;&amp#0;&amp#0;&amp#0;&amp#0;&amp#0;&amp#0;&amp#0;&amp#0;&amp#0;&amp#0;&amp#0;&amp#0;&amp#0;&amp#0;&amp#0;&amp#0;&amp#0;&amp#0;&amp#0;&amp#0;&amp#0;&amp#0;&amp#0;&amp#0;&amp#0;&amp#0;&amp#0;&amp#0;&amp#0;&amp#0;&amp#0;&amp#0;&amp#0;&amp#0;&amp#0;&amp#0;&amp#0;&amp#0;&amp#0;&amp#0;&amp#0;&amp#0;&amp#0;&amp#0;&amp#0;&amp#0;&amp#0;&amp#0;&amp#0;&amp#0;&amp#0;&amp#0;&amp#0;&amp#0;&amp#0;&amp#0;&amp#0;&amp#0;&amp#0;&amp#0;&amp#0;&amp#0;���k�0&amp#16;��&amp#7;�&amp#31;��&amp#27;��(#�*%��`c���c��s,bKBw5����c�:�àow�}|�|'��C�f=$t�&amp#23;�r��&amp#12;�
��Bܗ�.��&amp#12;��ʴ�C!���Z��6)DH�&amp#0;3��X��(��D�@gp��g�&amp#14;�3�m��P���m�O&amp#29;x��<��p �&amp#21;T&amp#23;q
&amp#20;c⪧��V�&amp#14;|�P&amp#30;#&amp#3;ku&amp#19;c�!�J���&amp#20;0Ԕ}=Xh�����`����Ε��jkM&amp#11;k&amp#14;ֵi&amp#17;�|&amp#25;�;0��6�%Ԫ�U&amp#15;�B����-E�� &amp#12;8��Mr�&amp#19;c
��9�mDJ�wH{l&amp#0;&amp#8;�d�8<�s�v���d���8&amp#4;� ,�#��Z�_��$�&amp#31;�a�&amp#29;qn6�&amp#31;o
�9��Z�=��Q&amp#2;�k�&amp#25;�+�u��GF��&amp#31;���>��s�y��C�mL��/5�e&amp#26;�;�xj��uc�&amp#14;�g�[ax$&amp#15;㟠/�&amp#22;����?�)����?&amp#0;&amp#0;&amp#0;��&amp#3;&amp#0;PK&amp#1;&amp#2;-&amp#0;&amp#20;&amp#0;&amp#6;&amp#0;&amp#8;&amp#0;&amp#0;&amp#0;!&amp#0;&amp#18;&amp#24;��d&amp#1;&amp#0;&amp#0;&amp#24;&amp#5;&amp#0;&amp#0;&amp#19;&amp#0;&amp#0;&amp#0;&amp#0;&amp#0;&amp#0;&amp#0;&amp#0;&amp#0;&amp#0;&amp#0;&amp#0;&amp#0;&amp#0;&amp#0;&amp#0;&amp#0;[Content_Types].xmlPK&amp#1;&amp#2;-&amp#0;&amp#20;&amp#0;&amp#6;&amp#0;&amp#8;&amp#0;&amp#0;&amp#0;!&amp#0;�U0#�&amp#0;&amp#0;&amp#0;L&amp#2;&amp#0;&amp#0;&amp#11;&amp#0;&amp#0;&amp#0;&amp#0;&amp#0;&amp#0;&amp#0;&amp#0;&amp#0;&amp#0;&amp#0;&amp#0;&amp#0;�&amp#3;&amp#0;&amp#0;_rels/.relsPK&amp#1;&amp#2;-&amp#0;&amp#20;&amp#0;&amp#6;&amp#0;&amp#8;&amp#0;&amp#0;&amp#0;!&amp#0;�N���&amp#3;&amp#0;&amp#0;_	&amp#0;&amp#0;&amp#15;&amp#0;&amp#0;&amp#0;&amp#0;&amp#0;&amp#0;&amp#0;&amp#0;&amp#0;&amp#0;&amp#0;&amp#0;&amp#0;�&amp#6;&amp#0;&amp#0;xl/workbook.xmlPK&amp#1;&amp#2;-&amp#0;&amp#20;&amp#0;&amp#6;&amp#0;&amp#8;&amp#0;&amp#0;&amp#0;!&amp#0;J��a�&amp#0;&amp#0;&amp#0;G&amp#3;&amp#0;&amp#0;&amp#26;&amp#0;&amp#0;&amp#0;&amp#0;&amp#0;&amp#0;&amp#0;&amp#0;&amp#0;&amp#0;&amp#0;&amp#0;&amp#0;�
&amp#0;&amp#0;xl/_rels/workbook.xml.relsPK&amp#1;&amp#2;-&amp#0;&amp#20;&amp#0;&amp#6;&amp#0;&amp#8;&amp#0;&amp#0;&amp#0;!&amp#0;�xO��&amp#3;&amp#0;&amp#0;�&amp#8;&amp#0;&amp#0;&amp#24;&amp#0;&amp#0;&amp#0;&amp#0;&amp#0;&amp#0;&amp#0;&amp#0;&amp#0;&amp#0;&amp#0;&amp#0;&amp#0;�&amp#12;&amp#0;&amp#0;xl/worksheets/sheet1.xmlPK&amp#1;&amp#2;-&amp#0;&amp#20;&amp#0;&amp#6;&amp#0;&amp#8;&amp#0;&amp#0;&amp#0;!&amp#0;���C�&amp#2;&amp#0;&amp#0;�&amp#6;&amp#0;&amp#0;&amp#24;&amp#0;&amp#0;&amp#0;&amp#0;&amp#0;&amp#0;&amp#0;&amp#0;&amp#0;&amp#0;&amp#0;&amp#0;&amp#0;�&amp#16;&amp#0;&amp#0;xl/worksheets/sheet2.xmlPK&amp#1;&amp#2;-&amp#0;&amp#20;&amp#0;&amp#6;&amp#0;&amp#8;&amp#0;&amp#0;&amp#0;!&amp#0;�&amp#23;&amp#16;�N&amp#7;&amp#0;&amp#0;� &amp#0;&amp#0;&amp#19;&amp#0;&amp#0;&amp#0;&amp#0;&amp#0;&amp#0;&amp#0;&amp#0;&amp#0;&amp#0;&amp#0;&amp#0;&amp#0;&amp#2;&amp#20;&amp#0;&amp#0;xl/theme/theme1.xmlPK&amp#1;&amp#2;-&amp#0;&amp#20;&amp#0;&amp#6;&amp#0;&amp#8;&amp#0;&amp#0;&amp#0;!&amp#0;&amp#6;}&amp#23;y�&amp#3;&amp#0;&amp#0;�
&amp#0;&amp#0;
&amp#0;&amp#0;&amp#0;&amp#0;&amp#0;&amp#0;&amp#0;&amp#0;&amp#0;&amp#0;&amp#0;&amp#0;&amp#0;�&amp#27;&amp#0;&amp#0;xl/styles.xmlPK&amp#1;&amp#2;-&amp#0;&amp#20;&amp#0;&amp#6;&amp#0;&amp#8;&amp#0;&amp#0;&amp#0;!&amp#0;�"� 6&amp#1;&amp#0;&amp#0;A&amp#2;&amp#0;&amp#0;&amp#20;&amp#0;&amp#0;&amp#0;&amp#0;&amp#0;&amp#0;&amp#0;&amp#0;&amp#0;&amp#0;&amp#0;&amp#0;&amp#0;Y&amp#31;&amp#0;&amp#0;xl/sharedStrings.xmlPK&amp#1;&amp#2;-&amp#0;&amp#20;&amp#0;&amp#6;&amp#0;&amp#8;&amp#0;&amp#0;&amp#0;!&amp#0;�����&amp#0;&amp#0;&amp#0;V&amp#1;&amp#0;&amp#0;#&amp#0;&amp#0;&amp#0;&amp#0;&amp#0;&amp#0;&amp#0;&amp#0;&amp#0;&amp#0;&amp#0;&amp#0;&amp#0;� &amp#0;&amp#0;xl/worksheets/_rels/sheet1.xml.relsPK&amp#1;&amp#2;-&amp#0;&amp#20;&amp#0;&amp#6;&amp#0;&amp#8;&amp#0;&amp#0;&amp#0;!&amp#0;|��{R&amp#1;&amp#0;&amp#0;�&amp#2;&amp#0;&amp#0;&amp#17;&amp#0;&amp#0;&amp#0;&amp#0;&amp#0;&amp#0;&amp#0;&amp#0;&amp#0;&amp#0;&amp#0;&amp#0;&amp#0;�!&amp#0;&amp#0;docProps/core.xmlPK&amp#1;&amp#2;-&amp#0;&amp#20;&amp#0;&amp#6;&amp#0;&amp#8;&amp#0;&amp#0;&amp#0;!&amp#0;e�3�&amp#1;&amp#0;&amp#0;9&amp#3;&amp#0;&amp#0;&amp#16;&amp#0;&amp#0;&amp#0;&amp#0;&amp#0;&amp#0;&amp#0;&amp#0;&amp#0;&amp#0;&amp#0;&amp#0;&amp#0;h$&amp#0;&amp#0;docProps/app.xmlPK&amp#5;&amp#6;&amp#0;&amp#0;&amp#0;&amp#0;&amp#12;&amp#0;&amp#12;&amp#0;&amp#23;&amp#3;&amp#0;&amp#0;2'&amp#0;&amp#0;&amp#0;&amp#0;

[main] INFO com.shaft.tools.io.ReportManagerHelper - [ReportManager] Setting discrete logging to: "true" @12-10-2022 16:11:01.0210 PM
[main] INFO com.shaft.tools.io.ReportManagerHelper - [ReportManager] Response status code: "400", status line: "HTTP/1.1 400 Bad Request" @12-10-2022 16:11:01.0210 PM
[main] INFO com.shaft.tools.io.ReportManagerHelper - [ReportManager] Setting discrete logging to: "false" @12-10-2022 16:11:01.0211 PM
[main] INFO com.shaft.tools.io.ReportManagerHelper - [ReportManager] Successfully created attachment "API Request - Specifications" @12-10-2022 16:11:01.0231 PM
[main] INFO com.shaft.tools.io.ReportManagerHelper - [ReportManager] Debugging Attachment Entry @12-10-2022 16:11:01.0231 PM
Headers:
_______________

Content-Type=application/x-www-form-urlencoded


[main] INFO com.shaft.tools.io.ReportManagerHelper - [ReportManager] Successfully created attachment "API Response - JSON Body" @12-10-2022 16:11:01.0233 PM
[main] INFO com.shaft.tools.io.ReportManagerHelper - [ReportManager] Debugging Attachment Entry @12-10-2022 16:11:01.0233 PM
{
  "error_description": "Missing form parameter: grant_type",
  "error": "invalid_request"
}

[main] INFO com.shaft.tools.io.ReportManagerHelper - [ReportManager] Get response jsonvalue "error_description". @12-10-2022 16:11:01.0234 PM
[main] INFO com.shaft.tools.io.ReportManagerHelper - [ReportManager] File Action "DoesFileExist" successfully performed. With the following test data "File Path: "Token_Unauthorized_schema.json"". @12-10-2022 16:11:01.0236 PM
[main] INFO com.shaft.tools.io.ReportManagerHelper - [ReportManager] File Action "DoesFileExist" successfully performed. With the following test data "File Path: "src/test/resources/testDataFiles/Token_Unauthorized_schema.json"". @12-10-2022 16:11:01.0236 PM
[main] INFO com.shaft.tools.io.ReportManagerHelper - [ReportManager] File Action "GetAbsolutePath" successfully performed. With the following test data "Relative Folder Path: "src/test/resources/testDataFiles/Token_Unauthorized_schema.json"". @12-10-2022 16:11:01.0236 PM
[main] INFO com.shaft.tools.io.ReportManagerHelper - [ReportManager] File Action "DoesFileExist" successfully performed. With the following test data "File Path: "C:\eclipse-workspace\MyProjects\TASystemsAPIs\src\test\resources\testDataFiles\Token_Unauthorized_schema.json"". @12-10-2022 16:11:01.0243 PM
[main] INFO com.shaft.tools.io.ReportManagerHelper - [ReportManager] File Action "GetAbsolutePath" successfully performed. With the following test data "Relative Folder Path: "C:\eclipse-workspace\MyProjects\TASystemsAPIs\src\test\resources\testDataFiles\Token_Unauthorized_schema.json"". @12-10-2022 16:11:01.0243 PM
[main] INFO com.shaft.tools.io.ReportManagerHelper - [ReportManager] File Action "ReadFromFile" successfully performed. With the following test data "File Path: "C:\eclipse-workspace\MyProjects\TASystemsAPIs\src\test\resources\testDataFiles\Token_Unauthorized_schema.json"". @12-10-2022 16:11:01.0243 PM
[main] INFO com.shaft.tools.io.ReportManagerHelper - [ReportManager] Successfully created attachment "Validation Test Data - Expected JSON Value" @12-10-2022 16:11:01.0245 PM
[main] INFO com.shaft.tools.io.ReportManagerHelper - [ReportManager] Debugging Attachment Entry @12-10-2022 16:11:01.0245 PM
{
  "$schema": "http://json-schema.org/draft-06/schema#",
  "$ref": "#/definitions/Welcome10",
  "definitions": {
    "Welcome10": {
      "additionalProperties": false,
      "type": "object",
      "title": "Welcome10",
      "properties": {
        "error_description": {
          "type": "string"
        },
        "error": {
          "type": "string"
        }
      },
      "required": [
        "error",
        "error_description"
      ]
    }
  }
}

[main] INFO com.shaft.tools.io.ReportManagerHelper - [ReportManager] Successfully created attachment "Validation Test Data - Actual JSON Value" @12-10-2022 16:11:01.0246 PM
[main] INFO com.shaft.tools.io.ReportManagerHelper - [ReportManager] Debugging Attachment Entry @12-10-2022 16:11:01.0246 PM
{
  "error_description": "Missing form parameter: grant_type",
  "error": "invalid_request"
}

[main] INFO com.shaft.tools.io.ReportManagerHelper - [ReportManager] Successfully created attachment "SHAFT Engine Logs - Current Method log: Bad_Token_RQ_TC" @12-10-2022 16:11:01.0247 PM
[main] INFO com.shaft.tools.io.ReportManagerHelper - [ReportManager] Setting discrete logging to: "false" @12-10-2022 16:11:01.0248 PM
]]></system-err>
  </testcase>
  <testcase name="InValid_Token_RQ_TC" classname="SteeringCompanyAPI_TestCases.Test_Token_Cases" time="0.759">
    <system-out><![CDATA[
################################################################################################################################################
Starting Execution:	"3 out of 4" test cases in the current suite
Test Method:		"SteeringCompanyAPI_TestCases.Test_Token_Cases.InValid_Token_RQ_TC"
Test Description:	"TC002 - Peform Post Token API with Invalid user name and password"
################################################################################################################################################
[ReportManager] Loaded Test Data: "src/test/resources/testDataFiles/SteeringCompanyAPI_TestData/SteeringCompanyAPI_TestData.xlsx". @12-10-2022 16:11:01.0276 PM
[ReportManager] Assertion Passed: Evaluating the actual response status code against the expected one... @12-10-2022 16:11:01.0984 PM
[ReportManager] Perform request "POST | Target Status Code: 401 | Service URL: https://auth-demo.np.transporticonline.com/auth/realms/tic/protocol/openid-connect/token | Content Type: application/x-www-form-urlencoded | Response Time: 697ms". @12-10-2022 16:11:01.0999 PM
[ReportManager] Assertion Passed: Check Response Status Code is 401 and it is Unauthorized. @12-10-2022 16:11:02.0004 PM
[ReportManager] Assertion Passed: Check error_description is existed. @12-10-2022 16:11:02.0004 PM
[ReportManager] Assertion Passed: Check error_description is not null. @12-10-2022 16:11:02.0004 PM
[ReportManager] Assertion Passed: Unauthorized Token Schema is matched with Unauthorized schema. @12-10-2022 16:11:02.0008 PM
[ReportManager] Verification Passed: "697" is greater than or equal to "1.1". @12-10-2022 16:11:02.0009 PM
[ReportManager] Verification Passed: "697" is less than or equal to "10000". @12-10-2022 16:11:02.0010 PM
]]></system-out>
    <system-err><![CDATA[[main] INFO com.shaft.tools.io.ReportManagerHelper - [ReportManager] Setting discrete logging to: "false" @12-10-2022 16:11:01.0255 PM
[main] INFO com.shaft.tools.io.ReportManagerHelper - [ReportManager] Setting discrete logging to: "false" @12-10-2022 16:11:01.0255 PM
[main] INFO com.shaft.tools.io.ReportManagerHelper - [ReportManager] File Action "DoesFileExist" successfully performed. With the following test data "File Path: "SteeringCompanyAPI_TestData/SteeringCompanyAPI_TestData.xlsx"". @12-10-2022 16:11:01.0256 PM
[main] INFO com.shaft.tools.io.ReportManagerHelper - [ReportManager] Successfully created attachment "Test Data - Excel" @12-10-2022 16:11:01.0277 PM
[main] INFO com.shaft.tools.io.ReportManagerHelper - [ReportManager] Debugging Attachment Entry @12-10-2022 16:11:01.0277 PM
PK&amp#3;&amp#4;&amp#20;&amp#0;&amp#6;&amp#0;&amp#8;&amp#0;&amp#0;&amp#0;!&amp#0;&amp#18;&amp#24;��d&amp#1;&amp#0;&amp#0;&amp#24;&amp#5;&amp#0;&amp#0;&amp#19;&amp#0;&amp#8;&amp#2;[Content_Types].xml �&amp#4;&amp#2;(�&amp#0;&amp#2;&amp#0;&amp#0;&amp#0;&amp#0;&amp#0;&amp#0;&amp#0;&amp#0;&amp#0;&amp#0;&amp#0;&amp#0;&amp#0;&amp#0;&amp#0;&amp#0;&amp#0;&amp#0;&amp#0;&amp#0;&amp#0;&amp#0;&amp#0;&amp#0;&amp#0;&amp#0;&amp#0;&amp#0;&amp#0;&amp#0;&amp#0;&amp#0;&amp#0;&amp#0;&amp#0;&amp#0;&amp#0;&amp#0;&amp#0;&amp#0;&amp#0;&amp#0;&amp#0;&amp#0;&amp#0;&amp#0;&amp#0;&amp#0;&amp#0;&amp#0;&amp#0;&amp#0;&amp#0;&amp#0;&amp#0;&amp#0;&amp#0;&amp#0;&amp#0;&amp#0;&amp#0;&amp#0;&amp#0;&amp#0;&amp#0;&amp#0;&amp#0;&amp#0;&amp#0;&amp#0;&amp#0;&amp#0;&amp#0;&amp#0;&amp#0;&amp#0;&amp#0;&amp#0;&amp#0;&amp#0;&amp#0;&amp#0;&amp#0;&amp#0;&amp#0;&amp#0;&amp#0;&amp#0;&amp#0;&amp#0;&amp#0;&amp#0;&amp#0;&amp#0;&amp#0;&amp#0;&amp#0;&amp#0;&amp#0;&amp#0;&amp#0;&amp#0;&amp#0;&amp#0;&amp#0;&amp#0;&amp#0;&amp#0;&amp#0;&amp#0;&amp#0;&amp#0;&amp#0;&amp#0;&amp#0;&amp#0;&amp#0;&amp#0;&amp#0;&amp#0;&amp#0;&amp#0;&amp#0;&amp#0;&amp#0;&amp#0;&amp#0;&amp#0;&amp#0;&amp#0;&amp#0;&amp#0;&amp#0;&amp#0;&amp#0;&amp#0;&amp#0;&amp#0;&amp#0;&amp#0;&amp#0;&amp#0;&amp#0;&amp#0;&amp#0;&amp#0;&amp#0;&amp#0;&amp#0;&amp#0;&amp#0;&amp#0;&amp#0;&amp#0;&amp#0;&amp#0;&amp#0;&amp#0;&amp#0;&amp#0;&amp#0;&amp#0;&amp#0;&amp#0;&amp#0;&amp#0;&amp#0;&amp#0;&amp#0;&amp#0;&amp#0;&amp#0;&amp#0;&amp#0;&amp#0;&amp#0;&amp#0;&amp#0;&amp#0;&amp#0;&amp#0;&amp#0;&amp#0;&amp#0;&amp#0;&amp#0;&amp#0;&amp#0;&amp#0;&amp#0;&amp#0;&amp#0;&amp#0;&amp#0;&amp#0;&amp#0;&amp#0;&amp#0;&amp#0;&amp#0;&amp#0;&amp#0;&amp#0;&amp#0;&amp#0;&amp#0;&amp#0;&amp#0;&amp#0;&amp#0;&amp#0;&amp#0;&amp#0;&amp#0;&amp#0;&amp#0;&amp#0;&amp#0;&amp#0;&amp#0;&amp#0;&amp#0;&amp#0;&amp#0;&amp#0;&amp#0;&amp#0;&amp#0;&amp#0;&amp#0;&amp#0;&amp#0;&amp#0;&amp#0;&amp#0;&amp#0;&amp#0;&amp#0;&amp#0;&amp#0;&amp#0;&amp#0;&amp#0;&amp#0;&amp#0;&amp#0;&amp#0;&amp#0;&amp#0;&amp#0;&amp#0;&amp#0;&amp#0;&amp#0;&amp#0;&amp#0;&amp#0;&amp#0;&amp#0;&amp#0;&amp#0;&amp#0;&amp#0;&amp#0;&amp#0;&amp#0;&amp#0;&amp#0;&amp#0;&amp#0;&amp#0;&amp#0;&amp#0;&amp#0;&amp#0;&amp#0;&amp#0;&amp#0;&amp#0;&amp#0;&amp#0;&amp#0;&amp#0;&amp#0;&amp#0;&amp#0;&amp#0;&amp#0;&amp#0;&amp#0;&amp#0;&amp#0;&amp#0;&amp#0;&amp#0;&amp#0;&amp#0;&amp#0;&amp#0;&amp#0;&amp#0;&amp#0;&amp#0;&amp#0;&amp#0;&amp#0;&amp#0;&amp#0;&amp#0;&amp#0;&amp#0;&amp#0;&amp#0;&amp#0;&amp#0;&amp#0;&amp#0;&amp#0;&amp#0;&amp#0;&amp#0;&amp#0;&amp#0;&amp#0;&amp#0;&amp#0;&amp#0;&amp#0;&amp#0;&amp#0;&amp#0;&amp#0;&amp#0;&amp#0;&amp#0;&amp#0;&amp#0;&amp#0;&amp#0;&amp#0;&amp#0;&amp#0;&amp#0;&amp#0;&amp#0;&amp#0;&amp#0;&amp#0;&amp#0;&amp#0;&amp#0;&amp#0;&amp#0;&amp#0;&amp#0;&amp#0;&amp#0;&amp#0;&amp#0;&amp#0;&amp#0;&amp#0;&amp#0;&amp#0;&amp#0;&amp#0;&amp#0;&amp#0;&amp#0;&amp#0;&amp#0;&amp#0;&amp#0;&amp#0;&amp#0;&amp#0;&amp#0;&amp#0;&amp#0;&amp#0;&amp#0;&amp#0;&amp#0;&amp#0;&amp#0;&amp#0;&amp#0;&amp#0;&amp#0;&amp#0;&amp#0;&amp#0;&amp#0;&amp#0;&amp#0;&amp#0;&amp#0;&amp#0;&amp#0;&amp#0;&amp#0;&amp#0;&amp#0;&amp#0;&amp#0;&amp#0;&amp#0;&amp#0;&amp#0;&amp#0;&amp#0;&amp#0;&amp#0;&amp#0;&amp#0;&amp#0;&amp#0;&amp#0;&amp#0;&amp#0;&amp#0;&amp#0;&amp#0;&amp#0;&amp#0;&amp#0;&amp#0;&amp#0;&amp#0;&amp#0;&amp#0;&amp#0;&amp#0;&amp#0;&amp#0;&amp#0;&amp#0;&amp#0;&amp#0;&amp#0;&amp#0;&amp#0;&amp#0;&amp#0;&amp#0;&amp#0;&amp#0;&amp#0;&amp#0;&amp#0;&amp#0;&amp#0;&amp#0;&amp#0;&amp#0;&amp#0;&amp#0;&amp#0;&amp#0;&amp#0;&amp#0;&amp#0;&amp#0;&amp#0;&amp#0;&amp#0;&amp#0;&amp#0;&amp#0;&amp#0;&amp#0;&amp#0;&amp#0;&amp#0;&amp#0;&amp#0;&amp#0;&amp#0;&amp#0;&amp#0;&amp#0;&amp#0;&amp#0;&amp#0;&amp#0;&amp#0;&amp#0;&amp#0;&amp#0;&amp#0;&amp#0;&amp#0;&amp#0;&amp#0;&amp#0;&amp#0;&amp#0;&amp#0;&amp#0;&amp#0;&amp#0;&amp#0;&amp#0;&amp#0;&amp#0;&amp#0;&amp#0;&amp#0;&amp#0;&amp#0;&amp#0;&amp#0;Ĕ�n�0&amp#12;���&amp#14;U�S&amp#27;�0M&amp#19;���&amp#28;7��&amp#7;�&amp#26;C#�$�
���&amp#27;`��&amp#14;�@ڥQ&amp#27;��~qc&amp#15;���f+�h�+E��&amp#12;\�q�R�O��;�!)���&amp#14;J�&amp#1;&amp#20;����p�	�&amp#25;g;,EM&amp#20;�Ī�Fa�&amp#3;8ޙ��(��8�AU&amp#11;5&amp#7;9��ne�&amp#29;���Z
1&amp#26;>�L--eOk��%�`Qd&amp#15;��֫&amp#20;*&amp#4;k*EL*WN�r�w&amp#14;&amp#5;g�&amp#24;�M�&amp#27;�&amp#16;�ӡ���`��ʥ�FC6Q�^T�&amp#24;rm姏�&amp#15;�&amp#23;�a�&amp#14;J?��
���
W��&amp#16;Ai�&amp#1;��EZ�F&amp#25;��>���Q��a��|I�D��?q&amp#16;�;��y~)�̑�#m,�&amp#18;=�\�&amp#8;��"w��&amp#1;~j&amp#31;���;�> wr�ӫ�o�6;&amp#15;,&amp#4;�&amp#12;|7kץ�v�)pv١�3&amp#26;t��Lsm�&amp#5;&amp#0;&amp#0;��&amp#3;&amp#0;PK&amp#3;&amp#4;&amp#20;&amp#0;&amp#6;&amp#0;&amp#8;&amp#0;&amp#0;&amp#0;!&amp#0;�U0#�&amp#0;&amp#0;&amp#0;L&amp#2;&amp#0;&amp#0;&amp#11;&amp#0;&amp#8;&amp#2;_rels/.rels �&amp#4;&amp#2;(�&amp#0;&amp#2;&amp#0;&amp#0;&amp#0;&amp#0;&amp#0;&amp#0;&amp#0;&amp#0;&amp#0;&amp#0;&amp#0;&amp#0;&amp#0;&amp#0;&amp#0;&amp#0;&amp#0;&amp#0;&amp#0;&amp#0;&amp#0;&amp#0;&amp#0;&amp#0;&amp#0;&amp#0;&amp#0;&amp#0;&amp#0;&amp#0;&amp#0;&amp#0;&amp#0;&amp#0;&amp#0;&amp#0;&amp#0;&amp#0;&amp#0;&amp#0;&amp#0;&amp#0;&amp#0;&amp#0;&amp#0;&amp#0;&amp#0;&amp#0;&amp#0;&amp#0;&amp#0;&amp#0;&amp#0;&amp#0;&amp#0;&amp#0;&amp#0;&amp#0;&amp#0;&amp#0;&amp#0;&amp#0;&amp#0;&amp#0;&amp#0;&amp#0;&amp#0;&amp#0;&amp#0;&amp#0;&amp#0;&amp#0;&amp#0;&amp#0;&amp#0;&amp#0;&amp#0;&amp#0;&amp#0;&amp#0;&amp#0;&amp#0;&amp#0;&amp#0;&amp#0;&amp#0;&amp#0;&amp#0;&amp#0;&amp#0;&amp#0;&amp#0;&amp#0;&amp#0;&amp#0;&amp#0;&amp#0;&amp#0;&amp#0;&amp#0;&amp#0;&amp#0;&amp#0;&amp#0;&amp#0;&amp#0;&amp#0;&amp#0;&amp#0;&amp#0;&amp#0;&amp#0;&amp#0;&amp#0;&amp#0;&amp#0;&amp#0;&amp#0;&amp#0;&amp#0;&amp#0;&amp#0;&amp#0;&amp#0;&amp#0;&amp#0;&amp#0;&amp#0;&amp#0;&amp#0;&amp#0;&amp#0;&amp#0;&amp#0;&amp#0;&amp#0;&amp#0;&amp#0;&amp#0;&amp#0;&amp#0;&amp#0;&amp#0;&amp#0;&amp#0;&amp#0;&amp#0;&amp#0;&amp#0;&amp#0;&amp#0;&amp#0;&amp#0;&amp#0;&amp#0;&amp#0;&amp#0;&amp#0;&amp#0;&amp#0;&amp#0;&amp#0;&amp#0;&amp#0;&amp#0;&amp#0;&amp#0;&amp#0;&amp#0;&amp#0;&amp#0;&amp#0;&amp#0;&amp#0;&amp#0;&amp#0;&amp#0;&amp#0;&amp#0;&amp#0;&amp#0;&amp#0;&amp#0;&amp#0;&amp#0;&amp#0;&amp#0;&amp#0;&amp#0;&amp#0;&amp#0;&amp#0;&amp#0;&amp#0;&amp#0;&amp#0;&amp#0;&amp#0;&amp#0;&amp#0;&amp#0;&amp#0;&amp#0;&amp#0;&amp#0;&amp#0;&amp#0;&amp#0;&amp#0;&amp#0;&amp#0;&amp#0;&amp#0;&amp#0;&amp#0;&amp#0;&amp#0;&amp#0;&amp#0;&amp#0;&amp#0;&amp#0;&amp#0;&amp#0;&amp#0;&amp#0;&amp#0;&amp#0;&amp#0;&amp#0;&amp#0;&amp#0;&amp#0;&amp#0;&amp#0;&amp#0;&amp#0;&amp#0;&amp#0;&amp#0;&amp#0;&amp#0;&amp#0;&amp#0;&amp#0;&amp#0;&amp#0;&amp#0;&amp#0;&amp#0;&amp#0;&amp#0;&amp#0;&amp#0;&amp#0;&amp#0;&amp#0;&amp#0;&amp#0;&amp#0;&amp#0;&amp#0;&amp#0;&amp#0;&amp#0;&amp#0;&amp#0;&amp#0;&amp#0;&amp#0;&amp#0;&amp#0;&amp#0;&amp#0;&amp#0;&amp#0;&amp#0;&amp#0;&amp#0;&amp#0;&amp#0;&amp#0;&amp#0;&amp#0;&amp#0;&amp#0;&amp#0;&amp#0;&amp#0;&amp#0;&amp#0;&amp#0;&amp#0;&amp#0;&amp#0;&amp#0;&amp#0;&amp#0;&amp#0;&amp#0;&amp#0;&amp#0;&amp#0;&amp#0;&amp#0;&amp#0;&amp#0;&amp#0;&amp#0;&amp#0;&amp#0;&amp#0;&amp#0;&amp#0;&amp#0;&amp#0;&amp#0;&amp#0;&amp#0;&amp#0;&amp#0;&amp#0;&amp#0;&amp#0;&amp#0;&amp#0;&amp#0;&amp#0;&amp#0;&amp#0;&amp#0;&amp#0;&amp#0;&amp#0;&amp#0;&amp#0;&amp#0;&amp#0;&amp#0;&amp#0;&amp#0;&amp#0;&amp#0;&amp#0;&amp#0;&amp#0;&amp#0;&amp#0;&amp#0;&amp#0;&amp#0;&amp#0;&amp#0;&amp#0;&amp#0;&amp#0;&amp#0;&amp#0;&amp#0;&amp#0;&amp#0;&amp#0;&amp#0;&amp#0;&amp#0;&amp#0;&amp#0;&amp#0;&amp#0;&amp#0;&amp#0;&amp#0;&amp#0;&amp#0;&amp#0;&amp#0;&amp#0;&amp#0;&amp#0;&amp#0;&amp#0;&amp#0;&amp#0;&amp#0;&amp#0;&amp#0;&amp#0;&amp#0;&amp#0;&amp#0;&amp#0;&amp#0;&amp#0;&amp#0;&amp#0;&amp#0;&amp#0;&amp#0;&amp#0;&amp#0;&amp#0;&amp#0;&amp#0;&amp#0;&amp#0;&amp#0;&amp#0;&amp#0;&amp#0;&amp#0;&amp#0;&amp#0;&amp#0;&amp#0;&amp#0;&amp#0;&amp#0;&amp#0;&amp#0;&amp#0;&amp#0;&amp#0;&amp#0;&amp#0;&amp#0;&amp#0;&amp#0;&amp#0;&amp#0;&amp#0;&amp#0;&amp#0;&amp#0;&amp#0;&amp#0;&amp#0;&amp#0;&amp#0;&amp#0;&amp#0;&amp#0;&amp#0;&amp#0;&amp#0;&amp#0;&amp#0;&amp#0;&amp#0;&amp#0;&amp#0;&amp#0;&amp#0;&amp#0;&amp#0;&amp#0;&amp#0;&amp#0;&amp#0;&amp#0;&amp#0;&amp#0;&amp#0;&amp#0;&amp#0;&amp#0;&amp#0;&amp#0;&amp#0;&amp#0;&amp#0;&amp#0;&amp#0;&amp#0;&amp#0;&amp#0;&amp#0;&amp#0;&amp#0;&amp#0;&amp#0;&amp#0;&amp#0;&amp#0;&amp#0;&amp#0;&amp#0;&amp#0;&amp#0;&amp#0;&amp#0;&amp#0;&amp#0;&amp#0;&amp#0;&amp#0;&amp#0;&amp#0;&amp#0;&amp#0;&amp#0;&amp#0;&amp#0;&amp#0;&amp#0;&amp#0;&amp#0;&amp#0;&amp#0;&amp#0;&amp#0;&amp#0;&amp#0;��MO�0&amp#12;��H�����ݐ&amp#16;BKwAH�!T~�I�&amp#15;���$&amp#27;ݿ'&amp#28;&amp#16;T&amp#26;�&amp#3;G�~����<���!��4��&amp#18;&amp#20;;#�w����qu&amp#7;*&r�Fq���&amp#17;v�����GJy(v��*����K��#F��D�&amp#16;�.W&amp#26;	&amp#19;�&amp#28;�&amp#22;=��Z�MY�b��&amp#1;�BS���7��ϛז��
?�9L�ҙ&amp#21;�sbgٮ|�l!��&amp#26;USh9i�b�r:"y_dl��D��&amp#19;�|-N��R"4&amp#18;�2�G�%��Z�4�˝y�7	ë��ɂ�&amp#31;��&amp#1;&amp#0;&amp#0;��&amp#3;&amp#0;PK&amp#3;&amp#4;&amp#20;&amp#0;&amp#6;&amp#0;&amp#8;&amp#0;&amp#0;&amp#0;!&amp#0;�N���&amp#3;&amp#0;&amp#0;_	&amp#0;&amp#0;&amp#15;&amp#0;&amp#0;&amp#0;xl/workbook.xml�Umo�8&amp#16;�~���(���!	&amp#16;&amp#21;Vy!�Je�h����*㘒#�s�S@���&amp#29;&amp#7;B�r:q�C�`{����g&�_ve��R.rV�ttc�&amp#26;�&amp#8;���e���&�@ׄ�U�&amp#11;Vё��B�2����-�%c&amp#27;
&amp#0;*1��R־i
��%&amp#22;7��&amp#21;�&amp#24;/��)1E�)�ĚRY&amp#22;�mY�Y��&amp#15;&amp#8;>�&amp#6;��V9�1#MI+y&amp#0;��&amp#18;�u^�&amp#14;�$����o�� ��&amp#1;b�&amp#23;�ܷ��V&amp#18;��b&amp#28;/&amp#11;p{�\m����&amp#15;Y0��M�uqU�&amp#19;�&amp#4;[�&amp#27;�6&amp#15;�/�G��Ї&amp#16;�.cp&amp#29;�cr���&amp#28;�Xq�&amp#19;��&amp#14;���FC �V+>&amp#4;�h��oWyA&amp#31;&amp#15;��p]ť�T�k&amp#5;&amp#22;r��f#�&amp#15;S��&amp#31;&amp#22;xS�M^���z�P7�'9ϸ��&amp#21;n
���;x�&amp#12;�&amp#27;ڮ�&amp#4;a&amp#4;���F���ã_?��&amp#22;;Z3P�6�79�PX�/�&amp#21;FL|�&amp#20;3,�ZË�&amp#30;�&amp#11;J
�<5T1�&amp#26;&amp#19;���g��E�&amp#20;�4x�&amp#11;IK&amp#17;���Bp��&amp#16;�&amp#5;���&amp#19;*�i�%N �b� )�P��*�j&amp#15;��S�W&amp#6;�3�����&amp#15;j�D�Є&amp#24;&amp#30;�<��1��.�;E�$���]|&amp#15;Y}���cPRvl&amp#1;w�D�{�&amp#8;���[&amp#28;8��űa&amp#15;&amp#2;�p&amp#2;�6�A��� ���&amp#14;�~�
��O&amp#24;n��(&amp#31;&amp#5;=�&amp#29;����&amp#20;�&amp#29;d�M���x��&amp#31;C=&amp#24;��o�a�(&amp#31;s�&amp#21;�BSSm��W&amp#25;ێt&amp#3;Y�h�&amp#31;��v�)��&amp#26;��&amp#3;���a�7����1�&amp#29;����_i����\�&amp#21;ϑ��&amp#14;Q?F�m��^�p���&amp#8;�!&amp#12;Iҏ���Dq��3�&amp#8;�
&amp#26;��O�j�J�A	&amp#1;�&amp#5;�}�A�5�[�]�����)���\Ag&amp#7;�q�&amp#14;ڭ&amp#26;�&amp#27;	.&amp#8;ԟz�7&amp#12;�u(N���B�o�	���3�XA�&amp#26;:�5鹆3&amp#24;�����F�����O�I�D�w��t�&amp#2;�X�1�)�d&amp#3;53��&amp#16;&amp#11;Pf&amp#27;	&amp#19;x��
�Ah������p��2��s&amp#12;7Nzn&amp#31;��ą4td���O�ǁٞ�X6P�m�s_��q���:,&amp#28;S����y�2s<�o�&amp#15;�}A�4N&amp#30;�4��N�镶����)��8��qp�}0�&amp#7;��?�+�&amp#12;�!�jlejv2&amp#25;&amp#7;&amp#0;&amp#0;��&amp#3;&amp#0;PK&amp#3;&amp#4;&amp#20;&amp#0;&amp#6;&amp#0;&amp#8;&amp#0;&amp#0;&amp#0;!&amp#0;J��a�&amp#0;&amp#0;&amp#0;G&amp#3;&amp#0;&amp#0;&amp#26;&amp#0;&amp#8;&amp#1;xl/_rels/workbook.xml.rels �&amp#4;&amp#1;(�&amp#0;&amp#1;&amp#0;&amp#0;&amp#0;&amp#0;&amp#0;&amp#0;&amp#0;&amp#0;&amp#0;&amp#0;&amp#0;&amp#0;&amp#0;&amp#0;&amp#0;&amp#0;&amp#0;&amp#0;&amp#0;&amp#0;&amp#0;&amp#0;&amp#0;&amp#0;&amp#0;&amp#0;&amp#0;&amp#0;&amp#0;&amp#0;&amp#0;&amp#0;&amp#0;&amp#0;&amp#0;&amp#0;&amp#0;&amp#0;&amp#0;&amp#0;&amp#0;&amp#0;&amp#0;&amp#0;&amp#0;&amp#0;&amp#0;&amp#0;&amp#0;&amp#0;&amp#0;&amp#0;&amp#0;&amp#0;&amp#0;&amp#0;&amp#0;&amp#0;&amp#0;&amp#0;&amp#0;&amp#0;&amp#0;&amp#0;&amp#0;&amp#0;&amp#0;&amp#0;&amp#0;&amp#0;&amp#0;&amp#0;&amp#0;&amp#0;&amp#0;&amp#0;&amp#0;&amp#0;&amp#0;&amp#0;&amp#0;&amp#0;&amp#0;&amp#0;&amp#0;&amp#0;&amp#0;&amp#0;&amp#0;&amp#0;&amp#0;&amp#0;&amp#0;&amp#0;&amp#0;&amp#0;&amp#0;&amp#0;&amp#0;&amp#0;&amp#0;&amp#0;&amp#0;&amp#0;&amp#0;&amp#0;&amp#0;&amp#0;&amp#0;&amp#0;&amp#0;&amp#0;&amp#0;&amp#0;&amp#0;&amp#0;&amp#0;&amp#0;&amp#0;&amp#0;&amp#0;&amp#0;&amp#0;&amp#0;&amp#0;&amp#0;&amp#0;&amp#0;&amp#0;&amp#0;&amp#0;&amp#0;&amp#0;&amp#0;&amp#0;&amp#0;&amp#0;&amp#0;&amp#0;&amp#0;&amp#0;&amp#0;&amp#0;&amp#0;&amp#0;&amp#0;&amp#0;&amp#0;&amp#0;&amp#0;&amp#0;&amp#0;&amp#0;&amp#0;&amp#0;&amp#0;&amp#0;&amp#0;&amp#0;&amp#0;&amp#0;&amp#0;&amp#0;&amp#0;&amp#0;&amp#0;&amp#0;&amp#0;&amp#0;&amp#0;&amp#0;&amp#0;&amp#0;&amp#0;&amp#0;&amp#0;&amp#0;&amp#0;&amp#0;&amp#0;&amp#0;&amp#0;&amp#0;&amp#0;&amp#0;&amp#0;&amp#0;&amp#0;&amp#0;&amp#0;&amp#0;&amp#0;&amp#0;&amp#0;&amp#0;&amp#0;&amp#0;&amp#0;&amp#0;&amp#0;&amp#0;&amp#0;&amp#0;&amp#0;&amp#0;&amp#0;&amp#0;&amp#0;&amp#0;&amp#0;&amp#0;&amp#0;&amp#0;&amp#0;&amp#0;&amp#0;&amp#0;&amp#0;&amp#0;&amp#0;&amp#0;&amp#0;&amp#0;&amp#0;&amp#0;&amp#0;&amp#0;&amp#0;&amp#0;&amp#0;&amp#0;&amp#0;&amp#0;&amp#0;&amp#0;&amp#0;&amp#0;&amp#0;&amp#0;&amp#0;&amp#0;&amp#0;&amp#0;&amp#0;&amp#0;&amp#0;&amp#0;&amp#0;&amp#0;&amp#0;&amp#0;&amp#0;&amp#0;&amp#0;&amp#0;&amp#0;���j�0&amp#12;��ѽq��P�:{)����&amp#7;0�&amp#18;�Mlc�?y����6���У$4�1�f�9��&amp#29;#u�)(�&amp#28;&amp#4;�ڛε
^�OW� ��3��&amp#14;&amp#21;�H��./6��kNOd�@"�8R`�Ã�T[&amp#28;4e>�K���As&amp#26;c+��&amp#15;�EY�����5��i��Q&amp#16;w�&amp#26;�~&amp#12;��om�4]���~&amp#27;��&amp#25;&amp#11;ɉ&amp#11;���-��i�^&amp#22;Y&amp#2;&amp#5;y��\����&amp#3;YD>q&amp#28;W$�K�&amp#4;S�3�b2�k�&amp#17;�&amp#11;�T>:�3[/%s�*&amp#12;�}���+4�?�rV��&amp#11;&amp#0;&amp#0;��&amp#3;&amp#0;PK&amp#3;&amp#4;&amp#20;&amp#0;&amp#6;&amp#0;&amp#8;&amp#0;&amp#0;&amp#0;!&amp#0;�xO��&amp#3;&amp#0;&amp#0;�&amp#8;&amp#0;&amp#0;&amp#24;&amp#0;&amp#0;&amp#0;xl/worksheets/sheet1.xml��[��0&amp#24;��&amp#23;�?��k<�U�&amp#29;���s�,{��4�&amp#26;j���Ӗe��~Ѷ3P&amp#24;ʀ1��>�!o��G١&amp#23;��P}�C?���Lբ�&amp#22;���K12��5�T�&amp#11;|�&amp#6;?�&amp#30;>-&amp#15;J�L˹E@�M�[k��&amp#16;�Z.����{�i���§�&amp#18;3hN�Q$;&amp#18;&amp#5;��H*z<&amp#17;r}&amp#15;C5�`�Tl/yo'��&amp#29;���i�`.4���I�w��cJ&amp#14;�؈N��&amp#8;�H��i�+M7&amp#29;�}&amp#12;&amp#19;��Q�&amp#19;��/a��7��`Z&amp#25;�X&amp#31;�d�����d��+���0aB4&amp#17;�&amp#0;_Q��R
gWV�
�?&amp#8;�_a�]:ߋ���d&amp#29;F�����Z�^�ā����[�e���E���?�Z�&amp#2;N�U�4o
�&amp#14;�2�d�&amp#28;��K��y�FΎ&amp#27;�vn�	�&amp#4;@0���&amp#25;&amp#3;�?&amp#23;�sU��B����&amp#11;�&amp#26;]�M��7t�����mk�$~&amp#2;�8;���䆁&amp#15;!�&amp#31;;,S&amp#29;0���p�	lD��|&amp#16;�ma���Y2O&amp#23;3���X%�7��I&amp#8;�&amp#31;�0��I�A&amp#22;;݆&amp#27;[	�˻&amp#12;h�&amp#20;<�@tƼ&amp#27;����&amp#7;&amp#0;&amp#0;��&amp#0;&amp#0;&amp#0;�����&amp#14;� &amp#20;�_��&amp#0;&amp#17;Z�&amp#28;����`��&amp#31;��Y�}&amp#23;+��ss�cǏ�9&amp#7;��Z�����x�<�6%�&amp#4;�&k
�d&amp#7;딄$Pw�5չi+�
ȓ�J./QjU֠m7&amp#17;ɸ2&amp#19;Nfİ
t
j�&amp#29;8�3N՗ȧD�&amp#19;Ŕ8���&amp#18;lk&amp#17;
il$&amp#8;�"Ek#�&amp#17;)ٓ�Fb&amp#12;e�!�&amp#27;���p&amp#4;�&amp#31;�q�-v&amp#11;��0�&amp#29;z�͜�v,&amp#17;�&amp#23;b�չ��&amp#3;�&amp#29;3���h�(�&amp#12;u&amp#15;��='3�t�+6�B�&amp#5;�&amp#8;^���n�&amp#8;�
&amp#22;
,&amp#8;G����o�&amp#6;&amp#0;&amp#0;��&amp#0;&amp#0;&amp#0;��l��&amp#14;�0&amp#16;E��&amp#30;�B&amp#3;6@��&.�&amp#8;��&amp#17;&amp#30;%C�&amp#26;�&amp#11;&amp#24;�Dw��Ž3A
������Y_&amp#26;&amp#19;R�F��&amp#18;�4�&amp#27;&&amp#20;��_υ���/�?��>
�{&amp#11;X&amp#21;M���{`�P��HB��dE�
�e��bJr�U&amp#22;cܷ\o�X&amp#27;[�-W���ʽ'm�&amp#28;���m��1Ƭh:RA�?e/�~���)&amp#27;ݎ�Sr���z�&amp#28;�&amp#4;p���Tk3���Uc��&amp#0;&z&amp#1;&amp#0;&amp#0;��&amp#3;&amp#0;PK&amp#3;&amp#4;&amp#20;&amp#0;&amp#6;&amp#0;&amp#8;&amp#0;&amp#0;&amp#0;!&amp#0;���C�&amp#2;&amp#0;&amp#0;�&amp#6;&amp#0;&amp#0;&amp#24;&amp#0;&amp#0;&amp#0;xl/worksheets/sheet2.xml��K��0&amp#20;����&amp#31;,�@�&amp#1;&amp#20;2
CQgW��v�%X����cT���&amp#2;Jf�,&amp#26;���b�&amp#15;�ǳ��&amp#17;�&amp#17;�ϩ�.(���Z�����^9	%Ʋ�f��!�/`�����I�i&amp#1;,ABor�Z;d�gx&amp#11;�&amp#25;W
��L��d&amp#22;&amp#31;��3�&amp#6;VO/��&amp#11;&amp#22;�ؓL�t&d�&amp#30;�j&amp#26;��T� ��3DC�,�7�&amp#24;̅&�=8���08\�&amp#1;&amp#17;[�	�2A)�<{��J�m�}���qr�x&amp#4;x./2����&amp#20;\+�&amp#26;�"ٛ=߶�z����t��]&amp#24;?�4&amp#28;Ÿ����}����
^a�w��+l�\:;�:��0H��S�D�S�EZ8�jS9Q\&�&MS�*����&amp#22;��cWDC�Ӎ��K�WS~~
8�75�l�
:�&amp#22;Pçd��V����&amp#25;�&amp#22;H4ӂ�ȸ&amp#21;Gx���i���ߓ&amp#6;�(�]&amp#21;��&amp#23;�j
�&amp#23;Mjhء�_��3�]kQ6tCltLJV��`8F&amp#20;���7W&amp#29;2�J�&amp#24;5L&amp#24;;�^Emۜ�n&amp#28;��8�(ق��&amp#24;�����J������+&amp#3;�O&amp#12;�����M���O&amp#30;�&amp#11;�&?�&amp#0;&amp#0;&amp#0;��&amp#0;&amp#0;&amp#0;����[&amp#14;� &amp#16;E�Ұ&amp#0;)��&amp#26;J�%� �?}&amp#4;���VC[P&amp#19;�ȝ&amp#3;�a`���&amp#19;�I�L{KL�&amp#8;Jl'&amp#27;&amp#11;�"�u�2���um}jM-݈�I.Uq~&amp#8;m�n KW&amp#20;q��&amp#19;&amp#14;�&amp#17;�6�-�=�2�s�՛8��nIT1�_&amp#18;"&H�&amp#17;&amp#12;�����yK?݁��y`=�m&amp#2;�y�d��H?K�?$����@r&amp#24;C�I6]3&amp#14;����8�&amp#29;���&amp#19;&amp#0;&amp#0;��&amp#0;&amp#0;&amp#0;���)HLO�M,J��+V�IM+�U2�3WR(�Lπ�K�&amp#11;���J
I�%%��0^FjbJj&amp#17;�g�����_&amp#2;������&amp#23;e&amp#23;g����&amp#1;&amp#0;&amp#0;&amp#0;��&amp#3;&amp#0;PK&amp#3;&amp#4;&amp#20;&amp#0;&amp#6;&amp#0;&amp#8;&amp#0;&amp#0;&amp#0;!&amp#0;�&amp#23;&amp#16;�N&amp#7;&amp#0;&amp#0;� &amp#0;&amp#0;&amp#19;&amp#0;&amp#0;&amp#0;xl/theme/theme1.xml�Y͋&amp#27;7&amp#20;�&amp#23;�?&amp#12;sw�5�%���l��$d��&amp#28;���QV32��&amp#27;&amp#19;&amp#2;%9�R(���Bo=��@&amp#3;
��	$��&amp#31;�'��#��$�lJZv
�G������~z�t�ҽ�zG�&amp#11;�_�P�=��ؘ$Ӗk8(4|OH��&amp#17;e	n�&amp#11;,�K۟~r&amp#17;m�&amp#8;��&amp#3;�Dl��&amp#31;I9�*&amp#22;�&amp#8;����f8��&��H�#�&amp#22;�&amp#28;&amp#29;�ޘ&amp#22;+�R�&amp#24;#��^�bP{}2!#�
�J{��O�1�B
�(�W��%���òB���R�&amp#29;!��a�1;&amp#30;�{��(&amp#18;&amp#18;~h�%��&amp#23;�/&amp#22;�V&D�&amp#6;YCn��2�L`|X�s���j� &amp#8;�Z{�_&amp#3;�\����Z��ҧ&amp#1;h4�����:�n�a
P�ա�W�U�&amp#22;��_]��&amp#29;���נT��&amp#31;&amp#12;��E&amp#11;�A)>\Ç�f�g�נ&amp#20;_[��K�^P��kPDIr��.��jw��&amp#21;d��&amp#19;�&amp#12;�A��)�Q�
��RSLX"7�Z��2>&amp#0;�&amp#2;R$I���&amp#12;O�&amp#8;���(9���%�&amp#8;&amp#18;o�&amp#18;&`�T)
JU��>���#��02��]`�X&amp#27;R�xb��L��+��7 /�={����=����_���*Kn&amp#7;%SS�Տ_���&amp#23;�_�����7��'��Ŀ��˗���:����&amp#21;/�}���&amp#23;�}��O�&amp#29;��&amp#28;&amp#29;��!����c�&�a�&amp#14;��&amp#1;?��0BĒ@&amp#17;�v����&amp#2;^[ ��u����&amp#28;X�&amp#5;�<�kٺ&amp#31;�$���F�&amp#5;�c�v&amp#24;w:ચ���p�Lݓ󹉻�Бk�.J�&amp#0;��3�W�Rٍ�e�
�&amp#18;��8��S��C�&amp#29;��C���=2�L����&amp#16;����%Cr`%R.�Cb���e �����m�èk�=|d#a[ �0~�����h.Q�R9D15&amp#29;��d�2r�G&�/$Dz�)��c,�K�:��&amp#26;A�
&amp#12;�&amp#14;�&amp#30;]�6�Kr�ҹ�&amp#24;3�=v؍P<s�L���~&&amp#14;!E�w�I&amp#23;|��;D=C&amp#28;P�1ܷ	���f"�&amp#5;�j��'��e�&amp#29;�����&amp#31;&amp#23;t���e�<�ص͉3;:�ڻ&amp#24;St��&amp#24;{�>sX�a3���W"`�&amp#29;�J�+��U��`&amp#1;e��k�)r�&amp#8;+e��m�goq�x&amp#22;(�&amp#17;ߤ�&amp#26;D�J]8�Tz��&amp#14;M�5&amp#2;�&amp#31;��)�&amp#5;�0���I�&amp#8;Yg�z&amp#22;�|]p+~o��`_�=�&amp#4;&amp#25;|j&amp#25; ����&amp#16;Qk�<a�&amp#8;
&amp#12;&amp#23;݂�&amp#21;�\D��Zl؛6&amp#15;&amp#3;&amp#20;FV�&amp#19;���ω�'�w�&amp#30;w&amp#1;s&amp#6;&amp#5;�[���:�(e�D��	�&amp#31;,kzh���p��s�yUs^�����f�^>�e�k��Z����Aj��|��&���O���3!���&amp#5;ŻBw}&amp#4;�ь&amp#7;0��Q�'�j&amp#1;�"��5�,ܔ#-�q&?'2ڏ�&amp#12;ZCe����L�Tx3&�c��u+&amp#21;�Э�N�x���Ng�����&amp#11;&amp#5;��x)\�C�J��Z=�ޭ��~�TwY�&amp#6;(��&amp#24;aLf&amp#27;Qu&amp#24;Q_&amp#14;B&amp#20;^g�^ٙX�tX�PꗡZFq�
0m&amp#21;&amp#21;x���E��A�A�f&amp#28;��c&amp#21;������
ΙFz�3��&amp#1;Pb/3 �tSٺqyjui��E�-#�t��0�0�&amp#23;�,;͖�Yƺ���2O�b�&amp#27;r3�&amp#15;&amp#17;kE"'��&&S��;n��j&amp#8;�*#4k�&amp#19;�&amp#24;��x&amp#6;�#�[&amp#23;�S�v&amp#25;I�n�wa�&amp#25;&amp#23;��D�:\�N�&amp#6;1��{��-_-�
4�&amp#28;�m+W�&amp#16;>Z�@+&amp#31;�q&amp#16;t;�x2�#i��&amp#24;Q�N&amp#31;��S�p����&amp#29;�$�&amp#28;½&amp#31;���&amp#3;:�7&amp#17;�XX/+&amp#7;�����r��1���&amp#21;���w�`�h׼��9��#:�Pv��d��5����O+&amp#31;&amp#24;Oٚ���.<��&amp#3;��O�7&amp#31;��s&amp#6;i�g��*��t��;�
��CԲ*�n�N-r�k.�&amp#14;&amp#18;�yJ���}�&amp#3;�0-��2MY�NÊ��Q۴3,&amp#8;&amp#12;O�6�muF8=�'?ȝ�Zu@,�J����ܼ�f&amp#7;w�<zp8�R�PBo�#(��&amp#27;Ȕ6`�ܓY�&amp#8;߼9'-�~)l&amp#7;�J�-�&amp#26;a�&amp#16;T�R�&amp#17;���v&amp#24;V���\�u*&amp#15;�`�Q\&amp#14;���&amp#1;\a�Evi���.���-ͅ&amp#17;��L_�&amp#23;����\�|q�&amp#17; ���ʠYmvj�f�=(&amp#4;�N����:�^�[�
zݰ�&amp#28;<�#
&amp#14;��nP�7
�r�[&amp#8;j%e~�Y�&amp#7;�J;��&amp#27;��� +c`�)}d�&amp#0;�j���&amp#1;&amp#0;&amp#0;��&amp#3;&amp#0;PK&amp#3;&amp#4;&amp#20;&amp#0;&amp#6;&amp#0;&amp#8;&amp#0;&amp#0;&amp#0;!&amp#0;&amp#6;}&amp#23;y�&amp#3;&amp#0;&amp#0;�
&amp#0;&amp#0;
&amp#0;&amp#0;&amp#0;xl/styles.xml�V�n�8&amp#16;}_`�A໢K,�6,&amp#21;�E�&amp#2;ݢ@���R&amp#18;%&amp#19;�E����E�}��d+�81����s�vf��ǎ3瑨�J&amp#17;���G&amp#14;&amp#17;�,��b��}�.��h,
̤ 1:�&amp#6;}L~�m��##w&amp#7;B�&amp#3;&amp#16;���A�z�yM~ &amp#28;77�&&amp#2;NJ�8ְU��Ԋ�1J�y���=��@=�׀p�&amp#30;���%���&amp#25;eT&amp#31;-&amp#22;rx��\	�p���.���邹
�N�F���&amp#29;Ns%&amp#27;Y�&amp#27;��dYҜ<ww�-=���&amp#0;�}HA����;�N����#5�Cɺ�B7N.[�c4&amp#3;GM
V&amp#15;B�#Rs&amp#4;&amp#21;&amp#30;n%���&amp#25;H&amp#2;�%�\2�&amp#28;
���Y����7���LQs�Ĝ�c/&amp#14;��V{��)��&amp#8;=�G�M�nͭWl�F�W&amp#25;�.&amp#24;SU&amp#22;�t�]o0?`�&amp#0;��D=&amp#11;���&amp#8;k&amp#19;�@�(c�:��d
��D�&amp#20;N�a}��`&amp#2;z��&amp#14;�޼])|&amp#12;��z�F2Z&amp#24;�T[K�!���C��&amp#27;���&amp#1;4�|���&amp#19;�
/�qm��7�&amp#23;�m�i��5k&amp#20;r�IU��&amp#27;��4B/J֌�&amp#26;�P�:�-k&amp#19;��&amp#26;fA�.(����&amp#16;{�&amp#24;&amp#22;&amp#0;�&amp#19;���,��<a��ݕ�hy���"F0UMK�K�°���
�_R
@�e%&amp#7;�5;~myFTjG��f��'�����b�&amp#18;��I&amp#1;�Y�oJj�k�)�m�M��c��9W�NW�L����P��&amp#21;��&amp#5;�i�O��x�L4�n��t]�|�k�
C�
�����&amp#0;p%֋��٘�ô
|&amp#2;z�8&amp#7;��wP4ߎ&amp#28;�C��ߕ�&amp#30;�.@�IW<�&amp#19;�&amp#28;3'c�&amp#7;&amp#12;/Ũx�/�%&amp#5;�"k)�T&amp#24;�,�i�A�!9&amp#27;&amp#21; m&amp#19;��q&amp#22;�(�sW�Sm�&amp#6;�_O�&amp#1;FAJ�2}:��y�')hˁIío�Qj&amp#11;&amp#17;����&amp#25;&amp#30;�����_&amp#26;�����*&amp#26;���&amp#15;��>
݅�Y��[&amp#18;��h�s��v�ۥK?��?&/��x��&amp#7;&amp#21;L�`�j&amp#24;�b�&amp#16;����Y&amp#22;�ɦwߎlp{��2�����w�[?pgs�p&amp#23;���M� ��g�}�F&amp#19;ߣw�c|/&amp#8;�&amp#23;�q>Zi�	Pc��X��&amp#20;�&amp#4;�W���Jx��j�&amp#31;&amp#0;&amp#0;&amp#0;��&amp#3;&amp#0;PK&amp#3;&amp#4;&amp#20;&amp#0;&amp#6;&amp#0;&amp#8;&amp#0;&amp#0;&amp#0;!&amp#0;�"� 6&amp#1;&amp#0;&amp#0;A&amp#2;&amp#0;&amp#0;&amp#20;&amp#0;&amp#0;&amp#0;xl/sharedStrings.xmllR�J&amp#3;1&amp#16;|&amp#23;��#ｴUD��&amp#21;��P����Oeͭ��esf�U�ޜ
B�cfvfg�&amp#20;�&amp#15;�f&amp#7;&amp#12;l=�j�&amp#15;U�d|miW���vp�2&amp#22;�&amp#26;ZOX�Od5�NO
fɢ��T�H7њM�&amp#14;8�&amp#29;Rd^|p �&amp#25;v���Ps�(�����B;��2��$qoܲ'����/p���mUH5�y��/��ۻ�j]h�
�&amp#19;?�ڿ"m� M���8���4�&amp#26;�ϩ�%&amp#0;q�X㩵���.U~Kt&amp#12;�:�qRw��7���e�&amp#30;D-�&amp#17;-��T�a&amp#12;&amp#15;�0ŗ���C��Ѥ�)�&amp#8;��s���&amp#26;&amp#4;F�p&amp#15;���g)�B�X,&amp#31;͐Z��N�&amp#3;&amp#19;[��ų&amp#14;���O��&amp#23;��&amp#0;&amp#0;&amp#0;��&amp#3;&amp#0;PK&amp#3;&amp#4;&amp#20;&amp#0;&amp#6;&amp#0;&amp#8;&amp#0;&amp#0;&amp#0;!&amp#0;�����&amp#0;&amp#0;&amp#0;V&amp#1;&amp#0;&amp#0;#&amp#0;&amp#0;&amp#0;xl/worksheets/_rels/sheet1.xml.rels���j�0&amp#12;&amp#6;��`�`to��0�H�K7�a��=����4������g&amp#24;�&amp#21;&amp#6;;
I�~4�.i5�Tj&amp#20;&amp#30;a��`�����&amp#8;&amp#31;���&amp#19;���&amp#30;Wa&amp#26;�J&amp#21;v����N+j[�!�j��u������.P��I&n�YJBmeYlFw�C�?��ۀ��4&amp#7;?B9�-��5����2���^�9&amp#17;�&amp#31;'lhRY#�&amp#26;�e!�fkˌg
&amp#27;OI:Ν&amp#22;䚥ht�m�:'��,��oy^.J�q&amp#5;;
��&amp#27;�&amp#23;&amp#0;&amp#0;&amp#0;��&amp#3;&amp#0;PK&amp#3;&amp#4;&amp#20;&amp#0;&amp#6;&amp#0;&amp#8;&amp#0;&amp#0;&amp#0;!&amp#0;|��{R&amp#1;&amp#0;&amp#0;�&amp#2;&amp#0;&amp#0;&amp#17;&amp#0;&amp#8;&amp#1;docProps/core.xml �&amp#4;&amp#1;(�&amp#0;&amp#1;&amp#0;&amp#0;&amp#0;&amp#0;&amp#0;&amp#0;&amp#0;&amp#0;&amp#0;&amp#0;&amp#0;&amp#0;&amp#0;&amp#0;&amp#0;&amp#0;&amp#0;&amp#0;&amp#0;&amp#0;&amp#0;&amp#0;&amp#0;&amp#0;&amp#0;&amp#0;&amp#0;&amp#0;&amp#0;&amp#0;&amp#0;&amp#0;&amp#0;&amp#0;&amp#0;&amp#0;&amp#0;&amp#0;&amp#0;&amp#0;&amp#0;&amp#0;&amp#0;&amp#0;&amp#0;&amp#0;&amp#0;&amp#0;&amp#0;&amp#0;&amp#0;&amp#0;&amp#0;&amp#0;&amp#0;&amp#0;&amp#0;&amp#0;&amp#0;&amp#0;&amp#0;&amp#0;&amp#0;&amp#0;&amp#0;&amp#0;&amp#0;&amp#0;&amp#0;&amp#0;&amp#0;&amp#0;&amp#0;&amp#0;&amp#0;&amp#0;&amp#0;&amp#0;&amp#0;&amp#0;&amp#0;&amp#0;&amp#0;&amp#0;&amp#0;&amp#0;&amp#0;&amp#0;&amp#0;&amp#0;&amp#0;&amp#0;&amp#0;&amp#0;&amp#0;&amp#0;&amp#0;&amp#0;&amp#0;&amp#0;&amp#0;&amp#0;&amp#0;&amp#0;&amp#0;&amp#0;&amp#0;&amp#0;&amp#0;&amp#0;&amp#0;&amp#0;&amp#0;&amp#0;&amp#0;&amp#0;&amp#0;&amp#0;&amp#0;&amp#0;&amp#0;&amp#0;&amp#0;&amp#0;&amp#0;&amp#0;&amp#0;&amp#0;&amp#0;&amp#0;&amp#0;&amp#0;&amp#0;&amp#0;&amp#0;&amp#0;&amp#0;&amp#0;&amp#0;&amp#0;&amp#0;&amp#0;&amp#0;&amp#0;&amp#0;&amp#0;&amp#0;&amp#0;&amp#0;&amp#0;&amp#0;&amp#0;&amp#0;&amp#0;&amp#0;&amp#0;&amp#0;&amp#0;&amp#0;&amp#0;&amp#0;&amp#0;&amp#0;&amp#0;&amp#0;&amp#0;&amp#0;&amp#0;&amp#0;&amp#0;&amp#0;&amp#0;&amp#0;&amp#0;&amp#0;&amp#0;&amp#0;&amp#0;&amp#0;&amp#0;&amp#0;&amp#0;&amp#0;&amp#0;&amp#0;&amp#0;&amp#0;&amp#0;&amp#0;&amp#0;&amp#0;&amp#0;&amp#0;&amp#0;&amp#0;&amp#0;&amp#0;&amp#0;&amp#0;&amp#0;&amp#0;&amp#0;&amp#0;&amp#0;&amp#0;&amp#0;&amp#0;&amp#0;&amp#0;&amp#0;&amp#0;&amp#0;&amp#0;&amp#0;&amp#0;&amp#0;&amp#0;&amp#0;&amp#0;&amp#0;&amp#0;&amp#0;&amp#0;&amp#0;&amp#0;&amp#0;&amp#0;&amp#0;&amp#0;&amp#0;&amp#0;&amp#0;&amp#0;&amp#0;&amp#0;&amp#0;&amp#0;&amp#0;&amp#0;&amp#0;&amp#0;&amp#0;&amp#0;&amp#0;&amp#0;&amp#0;&amp#0;&amp#0;&amp#0;&amp#0;&amp#0;&amp#0;&amp#0;&amp#0;&amp#0;&amp#0;��_O�0&amp#20;��M�&amp#14;��P`��&amp#1;&amp#22;�M&amp#31;41qF�[�ލFZ�����[`Č1�������4�nd&amp#29;|���Q&amp#5;J�&amp#24;&amp#5;�XÅZ&amp#21;�y>&amp#11;�Q`&amp#29;U�֍�&amp#2;m��iy|�3MXc��4&amp#26;�&amp#19;`&amp#3;OR�0]��9M0��&amp#2;Im�&amp#21;�&amp#23;�����_��w�&amp#2;���)��(���&amp#22;&amp#24;ꁈvH�&amp#6;��0u&amp#7;�&amp#12;C
&amp#18;��8�&amp#18;��u`�������R����vv�l����X1&amp#8;��u��t6��&amp#4;�>�?uQC��]1@e�&amp#25;a&amp#6;�kLy&amp#7;��2�X���'��mE�X�x�j7ZS�&amp#30;��&amp#2;�����C���&amp#5;���&amp#25;�2�&amp#3;�+/����&amp#12;�i��a&amp#18;�q6O&$�_��z���F�/���?�&amp#25;I3rr6"�&amp#1;e�&amp#15;�M�&amp#5;&amp#0;&amp#0;��&amp#3;&amp#0;PK&amp#3;&amp#4;&amp#20;&amp#0;&amp#6;&amp#0;&amp#8;&amp#0;&amp#0;&amp#0;!&amp#0;e�3�&amp#1;&amp#0;&amp#0;9&amp#3;&amp#0;&amp#0;&amp#16;&amp#0;&amp#8;&amp#1;docProps/app.xml �&amp#4;&amp#1;(�&amp#0;&amp#1;&amp#0;&amp#0;&amp#0;&amp#0;&amp#0;&amp#0;&amp#0;&amp#0;&amp#0;&amp#0;&amp#0;&amp#0;&amp#0;&amp#0;&amp#0;&amp#0;&amp#0;&amp#0;&amp#0;&amp#0;&amp#0;&amp#0;&amp#0;&amp#0;&amp#0;&amp#0;&amp#0;&amp#0;&amp#0;&amp#0;&amp#0;&amp#0;&amp#0;&amp#0;&amp#0;&amp#0;&amp#0;&amp#0;&amp#0;&amp#0;&amp#0;&amp#0;&amp#0;&amp#0;&amp#0;&amp#0;&amp#0;&amp#0;&amp#0;&amp#0;&amp#0;&amp#0;&amp#0;&amp#0;&amp#0;&amp#0;&amp#0;&amp#0;&amp#0;&amp#0;&amp#0;&amp#0;&amp#0;&amp#0;&amp#0;&amp#0;&amp#0;&amp#0;&amp#0;&amp#0;&amp#0;&amp#0;&amp#0;&amp#0;&amp#0;&amp#0;&amp#0;&amp#0;&amp#0;&amp#0;&amp#0;&amp#0;&amp#0;&amp#0;&amp#0;&amp#0;&amp#0;&amp#0;&amp#0;&amp#0;&amp#0;&amp#0;&amp#0;&amp#0;&amp#0;&amp#0;&amp#0;&amp#0;&amp#0;&amp#0;&amp#0;&amp#0;&amp#0;&amp#0;&amp#0;&amp#0;&amp#0;&amp#0;&amp#0;&amp#0;&amp#0;&amp#0;&amp#0;&amp#0;&amp#0;&amp#0;&amp#0;&amp#0;&amp#0;&amp#0;&amp#0;&amp#0;&amp#0;&amp#0;&amp#0;&amp#0;&amp#0;&amp#0;&amp#0;&amp#0;&amp#0;&amp#0;&amp#0;&amp#0;&amp#0;&amp#0;&amp#0;&amp#0;&amp#0;&amp#0;&amp#0;&amp#0;&amp#0;&amp#0;&amp#0;&amp#0;&amp#0;&amp#0;&amp#0;&amp#0;&amp#0;&amp#0;&amp#0;&amp#0;&amp#0;&amp#0;&amp#0;&amp#0;&amp#0;&amp#0;&amp#0;&amp#0;&amp#0;&amp#0;&amp#0;&amp#0;&amp#0;&amp#0;&amp#0;&amp#0;&amp#0;&amp#0;&amp#0;&amp#0;&amp#0;&amp#0;&amp#0;&amp#0;&amp#0;&amp#0;&amp#0;&amp#0;&amp#0;&amp#0;&amp#0;&amp#0;&amp#0;&amp#0;&amp#0;&amp#0;&amp#0;&amp#0;&amp#0;&amp#0;&amp#0;&amp#0;&amp#0;&amp#0;&amp#0;&amp#0;&amp#0;&amp#0;&amp#0;&amp#0;&amp#0;&amp#0;&amp#0;&amp#0;&amp#0;&amp#0;&amp#0;&amp#0;&amp#0;&amp#0;&amp#0;&amp#0;&amp#0;&amp#0;&amp#0;&amp#0;&amp#0;&amp#0;&amp#0;&amp#0;&amp#0;&amp#0;&amp#0;&amp#0;&amp#0;&amp#0;&amp#0;&amp#0;&amp#0;&amp#0;&amp#0;&amp#0;&amp#0;&amp#0;&amp#0;&amp#0;&amp#0;&amp#0;&amp#0;&amp#0;&amp#0;&amp#0;&amp#0;&amp#0;&amp#0;&amp#0;&amp#0;&amp#0;&amp#0;&amp#0;&amp#0;&amp#0;���k�0&amp#16;��&amp#7;�&amp#31;��&amp#27;��(#�*%��`c���c��s,bKBw5����c�:�àow�}|�|'��C�f=$t�&amp#23;�r��&amp#12;�
��Bܗ�.��&amp#12;��ʴ�C!���Z��6)DH�&amp#0;3��X��(��D�@gp��g�&amp#14;�3�m��P���m�O&amp#29;x��<��p �&amp#21;T&amp#23;q
&amp#20;c⪧��V�&amp#14;|�P&amp#30;#&amp#3;ku&amp#19;c�!�J���&amp#20;0Ԕ}=Xh�����`����Ε��jkM&amp#11;k&amp#14;ֵi&amp#17;�|&amp#25;�;0��6�%Ԫ�U&amp#15;�B����-E�� &amp#12;8��Mr�&amp#19;c
��9�mDJ�wH{l&amp#0;&amp#8;�d�8<�s�v���d���8&amp#4;� ,�#��Z�_��$�&amp#31;�a�&amp#29;qn6�&amp#31;o
�9��Z�=��Q&amp#2;�k�&amp#25;�+�u��GF��&amp#31;���>��s�y��C�mL��/5�e&amp#26;�;�xj��uc�&amp#14;�g�[ax$&amp#15;㟠/�&amp#22;����?�)����?&amp#0;&amp#0;&amp#0;��&amp#3;&amp#0;PK&amp#1;&amp#2;-&amp#0;&amp#20;&amp#0;&amp#6;&amp#0;&amp#8;&amp#0;&amp#0;&amp#0;!&amp#0;&amp#18;&amp#24;��d&amp#1;&amp#0;&amp#0;&amp#24;&amp#5;&amp#0;&amp#0;&amp#19;&amp#0;&amp#0;&amp#0;&amp#0;&amp#0;&amp#0;&amp#0;&amp#0;&amp#0;&amp#0;&amp#0;&amp#0;&amp#0;&amp#0;&amp#0;&amp#0;&amp#0;[Content_Types].xmlPK&amp#1;&amp#2;-&amp#0;&amp#20;&amp#0;&amp#6;&amp#0;&amp#8;&amp#0;&amp#0;&amp#0;!&amp#0;�U0#�&amp#0;&amp#0;&amp#0;L&amp#2;&amp#0;&amp#0;&amp#11;&amp#0;&amp#0;&amp#0;&amp#0;&amp#0;&amp#0;&amp#0;&amp#0;&amp#0;&amp#0;&amp#0;&amp#0;&amp#0;�&amp#3;&amp#0;&amp#0;_rels/.relsPK&amp#1;&amp#2;-&amp#0;&amp#20;&amp#0;&amp#6;&amp#0;&amp#8;&amp#0;&amp#0;&amp#0;!&amp#0;�N���&amp#3;&amp#0;&amp#0;_	&amp#0;&amp#0;&amp#15;&amp#0;&amp#0;&amp#0;&amp#0;&amp#0;&amp#0;&amp#0;&amp#0;&amp#0;&amp#0;&amp#0;&amp#0;&amp#0;�&amp#6;&amp#0;&amp#0;xl/workbook.xmlPK&amp#1;&amp#2;-&amp#0;&amp#20;&amp#0;&amp#6;&amp#0;&amp#8;&amp#0;&amp#0;&amp#0;!&amp#0;J��a�&amp#0;&amp#0;&amp#0;G&amp#3;&amp#0;&amp#0;&amp#26;&amp#0;&amp#0;&amp#0;&amp#0;&amp#0;&amp#0;&amp#0;&amp#0;&amp#0;&amp#0;&amp#0;&amp#0;&amp#0;�
&amp#0;&amp#0;xl/_rels/workbook.xml.relsPK&amp#1;&amp#2;-&amp#0;&amp#20;&amp#0;&amp#6;&amp#0;&amp#8;&amp#0;&amp#0;&amp#0;!&amp#0;�xO��&amp#3;&amp#0;&amp#0;�&amp#8;&amp#0;&amp#0;&amp#24;&amp#0;&amp#0;&amp#0;&amp#0;&amp#0;&amp#0;&amp#0;&amp#0;&amp#0;&amp#0;&amp#0;&amp#0;&amp#0;�&amp#12;&amp#0;&amp#0;xl/worksheets/sheet1.xmlPK&amp#1;&amp#2;-&amp#0;&amp#20;&amp#0;&amp#6;&amp#0;&amp#8;&amp#0;&amp#0;&amp#0;!&amp#0;���C�&amp#2;&amp#0;&amp#0;�&amp#6;&amp#0;&amp#0;&amp#24;&amp#0;&amp#0;&amp#0;&amp#0;&amp#0;&amp#0;&amp#0;&amp#0;&amp#0;&amp#0;&amp#0;&amp#0;&amp#0;�&amp#16;&amp#0;&amp#0;xl/worksheets/sheet2.xmlPK&amp#1;&amp#2;-&amp#0;&amp#20;&amp#0;&amp#6;&amp#0;&amp#8;&amp#0;&amp#0;&amp#0;!&amp#0;�&amp#23;&amp#16;�N&amp#7;&amp#0;&amp#0;� &amp#0;&amp#0;&amp#19;&amp#0;&amp#0;&amp#0;&amp#0;&amp#0;&amp#0;&amp#0;&amp#0;&amp#0;&amp#0;&amp#0;&amp#0;&amp#0;&amp#2;&amp#20;&amp#0;&amp#0;xl/theme/theme1.xmlPK&amp#1;&amp#2;-&amp#0;&amp#20;&amp#0;&amp#6;&amp#0;&amp#8;&amp#0;&amp#0;&amp#0;!&amp#0;&amp#6;}&amp#23;y�&amp#3;&amp#0;&amp#0;�
&amp#0;&amp#0;
&amp#0;&amp#0;&amp#0;&amp#0;&amp#0;&amp#0;&amp#0;&amp#0;&amp#0;&amp#0;&amp#0;&amp#0;&amp#0;�&amp#27;&amp#0;&amp#0;xl/styles.xmlPK&amp#1;&amp#2;-&amp#0;&amp#20;&amp#0;&amp#6;&amp#0;&amp#8;&amp#0;&amp#0;&amp#0;!&amp#0;�"� 6&amp#1;&amp#0;&amp#0;A&amp#2;&amp#0;&amp#0;&amp#20;&amp#0;&amp#0;&amp#0;&amp#0;&amp#0;&amp#0;&amp#0;&amp#0;&amp#0;&amp#0;&amp#0;&amp#0;&amp#0;Y&amp#31;&amp#0;&amp#0;xl/sharedStrings.xmlPK&amp#1;&amp#2;-&amp#0;&amp#20;&amp#0;&amp#6;&amp#0;&amp#8;&amp#0;&amp#0;&amp#0;!&amp#0;�����&amp#0;&amp#0;&amp#0;V&amp#1;&amp#0;&amp#0;#&amp#0;&amp#0;&amp#0;&amp#0;&amp#0;&amp#0;&amp#0;&amp#0;&amp#0;&amp#0;&amp#0;&amp#0;&amp#0;� &amp#0;&amp#0;xl/worksheets/_rels/sheet1.xml.relsPK&amp#1;&amp#2;-&amp#0;&amp#20;&amp#0;&amp#6;&amp#0;&amp#8;&amp#0;&amp#0;&amp#0;!&amp#0;|��{R&amp#1;&amp#0;&amp#0;�&amp#2;&amp#0;&amp#0;&amp#17;&amp#0;&amp#0;&amp#0;&amp#0;&amp#0;&amp#0;&amp#0;&amp#0;&amp#0;&amp#0;&amp#0;&amp#0;&amp#0;�!&amp#0;&amp#0;docProps/core.xmlPK&amp#1;&amp#2;-&amp#0;&amp#20;&amp#0;&amp#6;&amp#0;&amp#8;&amp#0;&amp#0;&amp#0;!&amp#0;e�3�&amp#1;&amp#0;&amp#0;9&amp#3;&amp#0;&amp#0;&amp#16;&amp#0;&amp#0;&amp#0;&amp#0;&amp#0;&amp#0;&amp#0;&amp#0;&amp#0;&amp#0;&amp#0;&amp#0;&amp#0;h$&amp#0;&amp#0;docProps/app.xmlPK&amp#5;&amp#6;&amp#0;&amp#0;&amp#0;&amp#0;&amp#12;&amp#0;&amp#12;&amp#0;&amp#23;&amp#3;&amp#0;&amp#0;2'&amp#0;&amp#0;&amp#0;&amp#0;

[main] INFO com.shaft.tools.io.ReportManagerHelper - [ReportManager] Setting discrete logging to: "true" @12-10-2022 16:11:01.0983 PM
[main] INFO com.shaft.tools.io.ReportManagerHelper - [ReportManager] Response status code: "401", status line: "HTTP/1.1 401 Unauthorized" @12-10-2022 16:11:01.0983 PM
[main] INFO com.shaft.tools.io.ReportManagerHelper - [ReportManager] Setting discrete logging to: "false" @12-10-2022 16:11:01.0985 PM
[main] INFO com.shaft.tools.io.ReportManagerHelper - [ReportManager] Successfully created attachment "API Request - Specifications" @12-10-2022 16:11:02.0002 PM
[main] INFO com.shaft.tools.io.ReportManagerHelper - [ReportManager] Debugging Attachment Entry @12-10-2022 16:11:02.0002 PM
Headers:
_______________

Content-Type=application/x-www-form-urlencoded


[main] INFO com.shaft.tools.io.ReportManagerHelper - [ReportManager] Successfully created attachment "API Request - Body" @12-10-2022 16:11:02.0003 PM
[main] INFO com.shaft.tools.io.ReportManagerHelper - [ReportManager] Debugging Attachment Entry @12-10-2022 16:11:02.0003 PM
��&amp#0;&amp#5;t&amp#0;Busername=tokhi2&password=123&grant_type=password&client_id=tic-api

[main] INFO com.shaft.tools.io.ReportManagerHelper - [ReportManager] Successfully created attachment "API Response - JSON Body" @12-10-2022 16:11:02.0003 PM
[main] INFO com.shaft.tools.io.ReportManagerHelper - [ReportManager] Debugging Attachment Entry @12-10-2022 16:11:02.0003 PM
{
  "error_description": "Invalid user credentials",
  "error": "invalid_grant"
}

[main] INFO com.shaft.tools.io.ReportManagerHelper - [ReportManager] Get response jsonvalue "error_description". @12-10-2022 16:11:02.0004 PM
[main] INFO com.shaft.tools.io.ReportManagerHelper - [ReportManager] File Action "DoesFileExist" successfully performed. With the following test data "File Path: "Token_Unauthorized_schema.json"". @12-10-2022 16:11:02.0005 PM
[main] INFO com.shaft.tools.io.ReportManagerHelper - [ReportManager] File Action "DoesFileExist" successfully performed. With the following test data "File Path: "src/test/resources/testDataFiles/Token_Unauthorized_schema.json"". @12-10-2022 16:11:02.0005 PM
[main] INFO com.shaft.tools.io.ReportManagerHelper - [ReportManager] File Action "GetAbsolutePath" successfully performed. With the following test data "Relative Folder Path: "src/test/resources/testDataFiles/Token_Unauthorized_schema.json"". @12-10-2022 16:11:02.0005 PM
[main] INFO com.shaft.tools.io.ReportManagerHelper - [ReportManager] File Action "DoesFileExist" successfully performed. With the following test data "File Path: "C:\eclipse-workspace\MyProjects\TASystemsAPIs\src\test\resources\testDataFiles\Token_Unauthorized_schema.json"". @12-10-2022 16:11:02.0007 PM
[main] INFO com.shaft.tools.io.ReportManagerHelper - [ReportManager] File Action "GetAbsolutePath" successfully performed. With the following test data "Relative Folder Path: "C:\eclipse-workspace\MyProjects\TASystemsAPIs\src\test\resources\testDataFiles\Token_Unauthorized_schema.json"". @12-10-2022 16:11:02.0007 PM
[main] INFO com.shaft.tools.io.ReportManagerHelper - [ReportManager] File Action "ReadFromFile" successfully performed. With the following test data "File Path: "C:\eclipse-workspace\MyProjects\TASystemsAPIs\src\test\resources\testDataFiles\Token_Unauthorized_schema.json"". @12-10-2022 16:11:02.0007 PM
[main] INFO com.shaft.tools.io.ReportManagerHelper - [ReportManager] Successfully created attachment "Validation Test Data - Expected JSON Value" @12-10-2022 16:11:02.0009 PM
[main] INFO com.shaft.tools.io.ReportManagerHelper - [ReportManager] Debugging Attachment Entry @12-10-2022 16:11:02.0009 PM
{
  "$schema": "http://json-schema.org/draft-06/schema#",
  "$ref": "#/definitions/Welcome10",
  "definitions": {
    "Welcome10": {
      "additionalProperties": false,
      "type": "object",
      "title": "Welcome10",
      "properties": {
        "error_description": {
          "type": "string"
        },
        "error": {
          "type": "string"
        }
      },
      "required": [
        "error",
        "error_description"
      ]
    }
  }
}

[main] INFO com.shaft.tools.io.ReportManagerHelper - [ReportManager] Successfully created attachment "Validation Test Data - Actual JSON Value" @12-10-2022 16:11:02.0009 PM
[main] INFO com.shaft.tools.io.ReportManagerHelper - [ReportManager] Debugging Attachment Entry @12-10-2022 16:11:02.0009 PM
{
  "error_description": "Invalid user credentials",
  "error": "invalid_grant"
}

[main] INFO com.shaft.tools.io.ReportManagerHelper - [ReportManager] Successfully created attachment "SHAFT Engine Logs - Current Method log: InValid_Token_RQ_TC" @12-10-2022 16:11:02.0010 PM
[main] INFO com.shaft.tools.io.ReportManagerHelper - [ReportManager] Setting discrete logging to: "false" @12-10-2022 16:11:02.0011 PM
]]></system-err>
  </testcase>
  <testcase name="Valid_Token_RQ_TC" classname="SteeringCompanyAPI_TestCases.Test_Token_Cases" time="0.867">
    <system-out><![CDATA[
################################################################################################################################################
Starting Execution:	"4 out of 4" test cases in the current suite
Test Method:		"SteeringCompanyAPI_TestCases.Test_Token_Cases.Valid_Token_RQ_TC"
Test Description:	"TC001 - Peform Post Token API with valid user name and password and retun with token"
################################################################################################################################################
[ReportManager] Loaded Test Data: "src/test/resources/testDataFiles/SteeringCompanyAPI_TestData/SteeringCompanyAPI_TestData.xlsx". @12-10-2022 16:11:02.0028 PM
[ReportManager] Assertion Passed: Evaluating the actual response status code against the expected one... @12-10-2022 16:11:02.0784 PM
[ReportManager] Perform request "POST | Target Status Code: 200 | Service URL: https://auth-demo.np.transporticonline.com/auth/realms/tic/protocol/openid-connect/token | Content Type: application/x-www-form-urlencoded | Response Time: 747ms". @12-10-2022 16:11:02.0798 PM
[ReportManager] Assertion Passed: Check Response Status Code is 200 and it is valid. @12-10-2022 16:11:02.0800 PM
[ReportManager] Assertion Passed: Check Access Token is existed. @12-10-2022 16:11:02.0800 PM
[ReportManager] Assertion Passed: Check Access token is not null. @12-10-2022 16:11:02.0802 PM
[ReportManager] Assertion Passed: Token Schema is matched with valid schema. @12-10-2022 16:11:02.0809 PM
[ReportManager] Verification Passed: "747" is greater than or equal to "1.1". @12-10-2022 16:11:02.0811 PM
[ReportManager] Verification Passed: "747" is less than or equal to "10000". @12-10-2022 16:11:02.0812 PM
[ReportManager] Verification Passed: Expiration Date Token is Valid @12-10-2022 16:11:02.0863 PM
[ReportManager] Verification Passed: ISS is Valid @12-10-2022 16:11:02.0872 PM
[ReportManager] Verification Passed: tcId is Valid @12-10-2022 16:11:02.0874 PM
[ReportManager] Verification Passed: preferred_username is Valid @12-10-2022 16:11:02.0875 PM
]]></system-out>
    <system-err><![CDATA[[main] INFO com.shaft.tools.io.ReportManagerHelper - [ReportManager] Setting discrete logging to: "false" @12-10-2022 16:11:02.0013 PM
[main] INFO com.shaft.tools.io.ReportManagerHelper - [ReportManager] Setting discrete logging to: "false" @12-10-2022 16:11:02.0014 PM
[main] INFO com.shaft.tools.io.ReportManagerHelper - [ReportManager] File Action "DoesFileExist" successfully performed. With the following test data "File Path: "SteeringCompanyAPI_TestData/SteeringCompanyAPI_TestData.xlsx"". @12-10-2022 16:11:02.0014 PM
[main] INFO com.shaft.tools.io.ReportManagerHelper - [ReportManager] Successfully created attachment "Test Data - Excel" @12-10-2022 16:11:02.0030 PM
[main] INFO com.shaft.tools.io.ReportManagerHelper - [ReportManager] Debugging Attachment Entry @12-10-2022 16:11:02.0030 PM
PK&amp#3;&amp#4;&amp#20;&amp#0;&amp#6;&amp#0;&amp#8;&amp#0;&amp#0;&amp#0;!&amp#0;&amp#18;&amp#24;��d&amp#1;&amp#0;&amp#0;&amp#24;&amp#5;&amp#0;&amp#0;&amp#19;&amp#0;&amp#8;&amp#2;[Content_Types].xml �&amp#4;&amp#2;(�&amp#0;&amp#2;&amp#0;&amp#0;&amp#0;&amp#0;&amp#0;&amp#0;&amp#0;&amp#0;&amp#0;&amp#0;&amp#0;&amp#0;&amp#0;&amp#0;&amp#0;&amp#0;&amp#0;&amp#0;&amp#0;&amp#0;&amp#0;&amp#0;&amp#0;&amp#0;&amp#0;&amp#0;&amp#0;&amp#0;&amp#0;&amp#0;&amp#0;&amp#0;&amp#0;&amp#0;&amp#0;&amp#0;&amp#0;&amp#0;&amp#0;&amp#0;&amp#0;&amp#0;&amp#0;&amp#0;&amp#0;&amp#0;&amp#0;&amp#0;&amp#0;&amp#0;&amp#0;&amp#0;&amp#0;&amp#0;&amp#0;&amp#0;&amp#0;&amp#0;&amp#0;&amp#0;&amp#0;&amp#0;&amp#0;&amp#0;&amp#0;&amp#0;&amp#0;&amp#0;&amp#0;&amp#0;&amp#0;&amp#0;&amp#0;&amp#0;&amp#0;&amp#0;&amp#0;&amp#0;&amp#0;&amp#0;&amp#0;&amp#0;&amp#0;&amp#0;&amp#0;&amp#0;&amp#0;&amp#0;&amp#0;&amp#0;&amp#0;&amp#0;&amp#0;&amp#0;&amp#0;&amp#0;&amp#0;&amp#0;&amp#0;&amp#0;&amp#0;&amp#0;&amp#0;&amp#0;&amp#0;&amp#0;&amp#0;&amp#0;&amp#0;&amp#0;&amp#0;&amp#0;&amp#0;&amp#0;&amp#0;&amp#0;&amp#0;&amp#0;&amp#0;&amp#0;&amp#0;&amp#0;&amp#0;&amp#0;&amp#0;&amp#0;&amp#0;&amp#0;&amp#0;&amp#0;&amp#0;&amp#0;&amp#0;&amp#0;&amp#0;&amp#0;&amp#0;&amp#0;&amp#0;&amp#0;&amp#0;&amp#0;&amp#0;&amp#0;&amp#0;&amp#0;&amp#0;&amp#0;&amp#0;&amp#0;&amp#0;&amp#0;&amp#0;&amp#0;&amp#0;&amp#0;&amp#0;&amp#0;&amp#0;&amp#0;&amp#0;&amp#0;&amp#0;&amp#0;&amp#0;&amp#0;&amp#0;&amp#0;&amp#0;&amp#0;&amp#0;&amp#0;&amp#0;&amp#0;&amp#0;&amp#0;&amp#0;&amp#0;&amp#0;&amp#0;&amp#0;&amp#0;&amp#0;&amp#0;&amp#0;&amp#0;&amp#0;&amp#0;&amp#0;&amp#0;&amp#0;&amp#0;&amp#0;&amp#0;&amp#0;&amp#0;&amp#0;&amp#0;&amp#0;&amp#0;&amp#0;&amp#0;&amp#0;&amp#0;&amp#0;&amp#0;&amp#0;&amp#0;&amp#0;&amp#0;&amp#0;&amp#0;&amp#0;&amp#0;&amp#0;&amp#0;&amp#0;&amp#0;&amp#0;&amp#0;&amp#0;&amp#0;&amp#0;&amp#0;&amp#0;&amp#0;&amp#0;&amp#0;&amp#0;&amp#0;&amp#0;&amp#0;&amp#0;&amp#0;&amp#0;&amp#0;&amp#0;&amp#0;&amp#0;&amp#0;&amp#0;&amp#0;&amp#0;&amp#0;&amp#0;&amp#0;&amp#0;&amp#0;&amp#0;&amp#0;&amp#0;&amp#0;&amp#0;&amp#0;&amp#0;&amp#0;&amp#0;&amp#0;&amp#0;&amp#0;&amp#0;&amp#0;&amp#0;&amp#0;&amp#0;&amp#0;&amp#0;&amp#0;&amp#0;&amp#0;&amp#0;&amp#0;&amp#0;&amp#0;&amp#0;&amp#0;&amp#0;&amp#0;&amp#0;&amp#0;&amp#0;&amp#0;&amp#0;&amp#0;&amp#0;&amp#0;&amp#0;&amp#0;&amp#0;&amp#0;&amp#0;&amp#0;&amp#0;&amp#0;&amp#0;&amp#0;&amp#0;&amp#0;&amp#0;&amp#0;&amp#0;&amp#0;&amp#0;&amp#0;&amp#0;&amp#0;&amp#0;&amp#0;&amp#0;&amp#0;&amp#0;&amp#0;&amp#0;&amp#0;&amp#0;&amp#0;&amp#0;&amp#0;&amp#0;&amp#0;&amp#0;&amp#0;&amp#0;&amp#0;&amp#0;&amp#0;&amp#0;&amp#0;&amp#0;&amp#0;&amp#0;&amp#0;&amp#0;&amp#0;&amp#0;&amp#0;&amp#0;&amp#0;&amp#0;&amp#0;&amp#0;&amp#0;&amp#0;&amp#0;&amp#0;&amp#0;&amp#0;&amp#0;&amp#0;&amp#0;&amp#0;&amp#0;&amp#0;&amp#0;&amp#0;&amp#0;&amp#0;&amp#0;&amp#0;&amp#0;&amp#0;&amp#0;&amp#0;&amp#0;&amp#0;&amp#0;&amp#0;&amp#0;&amp#0;&amp#0;&amp#0;&amp#0;&amp#0;&amp#0;&amp#0;&amp#0;&amp#0;&amp#0;&amp#0;&amp#0;&amp#0;&amp#0;&amp#0;&amp#0;&amp#0;&amp#0;&amp#0;&amp#0;&amp#0;&amp#0;&amp#0;&amp#0;&amp#0;&amp#0;&amp#0;&amp#0;&amp#0;&amp#0;&amp#0;&amp#0;&amp#0;&amp#0;&amp#0;&amp#0;&amp#0;&amp#0;&amp#0;&amp#0;&amp#0;&amp#0;&amp#0;&amp#0;&amp#0;&amp#0;&amp#0;&amp#0;&amp#0;&amp#0;&amp#0;&amp#0;&amp#0;&amp#0;&amp#0;&amp#0;&amp#0;&amp#0;&amp#0;&amp#0;&amp#0;&amp#0;&amp#0;&amp#0;&amp#0;&amp#0;&amp#0;&amp#0;&amp#0;&amp#0;&amp#0;&amp#0;&amp#0;&amp#0;&amp#0;&amp#0;&amp#0;&amp#0;&amp#0;&amp#0;&amp#0;&amp#0;&amp#0;&amp#0;&amp#0;&amp#0;&amp#0;&amp#0;&amp#0;&amp#0;&amp#0;&amp#0;&amp#0;&amp#0;&amp#0;&amp#0;&amp#0;&amp#0;&amp#0;&amp#0;&amp#0;&amp#0;&amp#0;&amp#0;&amp#0;&amp#0;&amp#0;&amp#0;&amp#0;&amp#0;&amp#0;&amp#0;&amp#0;&amp#0;&amp#0;&amp#0;&amp#0;&amp#0;&amp#0;&amp#0;&amp#0;&amp#0;&amp#0;&amp#0;&amp#0;&amp#0;&amp#0;&amp#0;&amp#0;&amp#0;&amp#0;&amp#0;&amp#0;&amp#0;&amp#0;&amp#0;&amp#0;&amp#0;&amp#0;&amp#0;&amp#0;&amp#0;&amp#0;&amp#0;Ĕ�n�0&amp#12;���&amp#14;U�S&amp#27;�0M&amp#19;���&amp#28;7��&amp#7;�&amp#26;C#�$�
���&amp#27;`��&amp#14;�@ڥQ&amp#27;��~qc&amp#15;���f+�h�+E��&amp#12;\�q�R�O��;�!)���&amp#14;J�&amp#1;&amp#20;����p�	�&amp#25;g;,EM&amp#20;�Ī�Fa�&amp#3;8ޙ��(��8�AU&amp#11;5&amp#7;9��ne�&amp#29;���Z
1&amp#26;>�L--eOk��%�`Qd&amp#15;��֫&amp#20;*&amp#4;k*EL*WN�r�w&amp#14;&amp#5;g�&amp#24;�M�&amp#27;�&amp#16;�ӡ���`��ʥ�FC6Q�^T�&amp#24;rm姏�&amp#15;�&amp#23;�a�&amp#14;J?��
���
W��&amp#16;Ai�&amp#1;��EZ�F&amp#25;��>���Q��a��|I�D��?q&amp#16;�;��y~)�̑�#m,�&amp#18;=�\�&amp#8;��"w��&amp#1;~j&amp#31;���;�> wr�ӫ�o�6;&amp#15;,&amp#4;�&amp#12;|7kץ�v�)pv١�3&amp#26;t��Lsm�&amp#5;&amp#0;&amp#0;��&amp#3;&amp#0;PK&amp#3;&amp#4;&amp#20;&amp#0;&amp#6;&amp#0;&amp#8;&amp#0;&amp#0;&amp#0;!&amp#0;�U0#�&amp#0;&amp#0;&amp#0;L&amp#2;&amp#0;&amp#0;&amp#11;&amp#0;&amp#8;&amp#2;_rels/.rels �&amp#4;&amp#2;(�&amp#0;&amp#2;&amp#0;&amp#0;&amp#0;&amp#0;&amp#0;&amp#0;&amp#0;&amp#0;&amp#0;&amp#0;&amp#0;&amp#0;&amp#0;&amp#0;&amp#0;&amp#0;&amp#0;&amp#0;&amp#0;&amp#0;&amp#0;&amp#0;&amp#0;&amp#0;&amp#0;&amp#0;&amp#0;&amp#0;&amp#0;&amp#0;&amp#0;&amp#0;&amp#0;&amp#0;&amp#0;&amp#0;&amp#0;&amp#0;&amp#0;&amp#0;&amp#0;&amp#0;&amp#0;&amp#0;&amp#0;&amp#0;&amp#0;&amp#0;&amp#0;&amp#0;&amp#0;&amp#0;&amp#0;&amp#0;&amp#0;&amp#0;&amp#0;&amp#0;&amp#0;&amp#0;&amp#0;&amp#0;&amp#0;&amp#0;&amp#0;&amp#0;&amp#0;&amp#0;&amp#0;&amp#0;&amp#0;&amp#0;&amp#0;&amp#0;&amp#0;&amp#0;&amp#0;&amp#0;&amp#0;&amp#0;&amp#0;&amp#0;&amp#0;&amp#0;&amp#0;&amp#0;&amp#0;&amp#0;&amp#0;&amp#0;&amp#0;&amp#0;&amp#0;&amp#0;&amp#0;&amp#0;&amp#0;&amp#0;&amp#0;&amp#0;&amp#0;&amp#0;&amp#0;&amp#0;&amp#0;&amp#0;&amp#0;&amp#0;&amp#0;&amp#0;&amp#0;&amp#0;&amp#0;&amp#0;&amp#0;&amp#0;&amp#0;&amp#0;&amp#0;&amp#0;&amp#0;&amp#0;&amp#0;&amp#0;&amp#0;&amp#0;&amp#0;&amp#0;&amp#0;&amp#0;&amp#0;&amp#0;&amp#0;&amp#0;&amp#0;&amp#0;&amp#0;&amp#0;&amp#0;&amp#0;&amp#0;&amp#0;&amp#0;&amp#0;&amp#0;&amp#0;&amp#0;&amp#0;&amp#0;&amp#0;&amp#0;&amp#0;&amp#0;&amp#0;&amp#0;&amp#0;&amp#0;&amp#0;&amp#0;&amp#0;&amp#0;&amp#0;&amp#0;&amp#0;&amp#0;&amp#0;&amp#0;&amp#0;&amp#0;&amp#0;&amp#0;&amp#0;&amp#0;&amp#0;&amp#0;&amp#0;&amp#0;&amp#0;&amp#0;&amp#0;&amp#0;&amp#0;&amp#0;&amp#0;&amp#0;&amp#0;&amp#0;&amp#0;&amp#0;&amp#0;&amp#0;&amp#0;&amp#0;&amp#0;&amp#0;&amp#0;&amp#0;&amp#0;&amp#0;&amp#0;&amp#0;&amp#0;&amp#0;&amp#0;&amp#0;&amp#0;&amp#0;&amp#0;&amp#0;&amp#0;&amp#0;&amp#0;&amp#0;&amp#0;&amp#0;&amp#0;&amp#0;&amp#0;&amp#0;&amp#0;&amp#0;&amp#0;&amp#0;&amp#0;&amp#0;&amp#0;&amp#0;&amp#0;&amp#0;&amp#0;&amp#0;&amp#0;&amp#0;&amp#0;&amp#0;&amp#0;&amp#0;&amp#0;&amp#0;&amp#0;&amp#0;&amp#0;&amp#0;&amp#0;&amp#0;&amp#0;&amp#0;&amp#0;&amp#0;&amp#0;&amp#0;&amp#0;&amp#0;&amp#0;&amp#0;&amp#0;&amp#0;&amp#0;&amp#0;&amp#0;&amp#0;&amp#0;&amp#0;&amp#0;&amp#0;&amp#0;&amp#0;&amp#0;&amp#0;&amp#0;&amp#0;&amp#0;&amp#0;&amp#0;&amp#0;&amp#0;&amp#0;&amp#0;&amp#0;&amp#0;&amp#0;&amp#0;&amp#0;&amp#0;&amp#0;&amp#0;&amp#0;&amp#0;&amp#0;&amp#0;&amp#0;&amp#0;&amp#0;&amp#0;&amp#0;&amp#0;&amp#0;&amp#0;&amp#0;&amp#0;&amp#0;&amp#0;&amp#0;&amp#0;&amp#0;&amp#0;&amp#0;&amp#0;&amp#0;&amp#0;&amp#0;&amp#0;&amp#0;&amp#0;&amp#0;&amp#0;&amp#0;&amp#0;&amp#0;&amp#0;&amp#0;&amp#0;&amp#0;&amp#0;&amp#0;&amp#0;&amp#0;&amp#0;&amp#0;&amp#0;&amp#0;&amp#0;&amp#0;&amp#0;&amp#0;&amp#0;&amp#0;&amp#0;&amp#0;&amp#0;&amp#0;&amp#0;&amp#0;&amp#0;&amp#0;&amp#0;&amp#0;&amp#0;&amp#0;&amp#0;&amp#0;&amp#0;&amp#0;&amp#0;&amp#0;&amp#0;&amp#0;&amp#0;&amp#0;&amp#0;&amp#0;&amp#0;&amp#0;&amp#0;&amp#0;&amp#0;&amp#0;&amp#0;&amp#0;&amp#0;&amp#0;&amp#0;&amp#0;&amp#0;&amp#0;&amp#0;&amp#0;&amp#0;&amp#0;&amp#0;&amp#0;&amp#0;&amp#0;&amp#0;&amp#0;&amp#0;&amp#0;&amp#0;&amp#0;&amp#0;&amp#0;&amp#0;&amp#0;&amp#0;&amp#0;&amp#0;&amp#0;&amp#0;&amp#0;&amp#0;&amp#0;&amp#0;&amp#0;&amp#0;&amp#0;&amp#0;&amp#0;&amp#0;&amp#0;&amp#0;&amp#0;&amp#0;&amp#0;&amp#0;&amp#0;&amp#0;&amp#0;&amp#0;&amp#0;&amp#0;&amp#0;&amp#0;&amp#0;&amp#0;&amp#0;&amp#0;&amp#0;&amp#0;&amp#0;&amp#0;&amp#0;&amp#0;&amp#0;&amp#0;&amp#0;&amp#0;&amp#0;&amp#0;&amp#0;&amp#0;&amp#0;&amp#0;&amp#0;&amp#0;&amp#0;&amp#0;&amp#0;&amp#0;&amp#0;&amp#0;&amp#0;&amp#0;&amp#0;&amp#0;&amp#0;&amp#0;&amp#0;&amp#0;&amp#0;&amp#0;&amp#0;&amp#0;&amp#0;&amp#0;&amp#0;&amp#0;&amp#0;&amp#0;&amp#0;&amp#0;&amp#0;&amp#0;&amp#0;&amp#0;&amp#0;&amp#0;&amp#0;&amp#0;&amp#0;&amp#0;&amp#0;&amp#0;&amp#0;&amp#0;&amp#0;&amp#0;&amp#0;&amp#0;&amp#0;&amp#0;&amp#0;&amp#0;&amp#0;&amp#0;&amp#0;&amp#0;&amp#0;&amp#0;&amp#0;&amp#0;&amp#0;&amp#0;&amp#0;&amp#0;&amp#0;&amp#0;&amp#0;&amp#0;&amp#0;&amp#0;&amp#0;&amp#0;��MO�0&amp#12;��H�����ݐ&amp#16;BKwAH�!T~�I�&amp#15;���$&amp#27;ݿ'&amp#28;&amp#16;T&amp#26;�&amp#3;G�~����<���!��4��&amp#18;&amp#20;;#�w����qu&amp#7;*&r�Fq���&amp#17;v�����GJy(v��*����K��#F��D�&amp#16;�.W&amp#26;	&amp#19;�&amp#28;�&amp#22;=��Z�MY�b��&amp#1;�BS���7��ϛז��
?�9L�ҙ&amp#21;�sbgٮ|�l!��&amp#26;USh9i�b�r:"y_dl��D��&amp#19;�|-N��R"4&amp#18;�2�G�%��Z�4�˝y�7	ë��ɂ�&amp#31;��&amp#1;&amp#0;&amp#0;��&amp#3;&amp#0;PK&amp#3;&amp#4;&amp#20;&amp#0;&amp#6;&amp#0;&amp#8;&amp#0;&amp#0;&amp#0;!&amp#0;�N���&amp#3;&amp#0;&amp#0;_	&amp#0;&amp#0;&amp#15;&amp#0;&amp#0;&amp#0;xl/workbook.xml�Umo�8&amp#16;�~���(���!	&amp#16;&amp#21;Vy!�Je�h����*㘒#�s�S@���&amp#29;&amp#7;B�r:q�C�`{����g&�_ve��R.rV�ttc�&amp#26;�&amp#8;���e���&�@ׄ�U�&amp#11;Vё��B�2����-�%c&amp#27;
&amp#0;*1��R־i
��%&amp#22;7��&amp#21;�&amp#24;/��)1E�)�ĚRY&amp#22;�mY�Y��&amp#15;&amp#8;>�&amp#6;��V9�1#MI+y&amp#0;��&amp#18;�u^�&amp#14;�$����o�� ��&amp#1;b�&amp#23;�ܷ��V&amp#18;��b&amp#28;/&amp#11;p{�\m����&amp#15;Y0��M�uqU�&amp#19;�&amp#4;[�&amp#27;�6&amp#15;�/�G��Ї&amp#16;�.cp&amp#29;�cr���&amp#28;�Xq�&amp#19;��&amp#14;���FC �V+>&amp#4;�h��oWyA&amp#31;&amp#15;��p]ť�T�k&amp#5;&amp#22;r��f#�&amp#15;S��&amp#31;&amp#22;xS�M^���z�P7�'9ϸ��&amp#21;n
���;x�&amp#12;�&amp#27;ڮ�&amp#4;a&amp#4;���F���ã_?��&amp#22;;Z3P�6�79�PX�/�&amp#21;FL|�&amp#20;3,�ZË�&amp#30;�&amp#11;J
�<5T1�&amp#26;&amp#19;���g��E�&amp#20;�4x�&amp#11;IK&amp#17;���Bp��&amp#16;�&amp#5;���&amp#19;*�i�%N �b� )�P��*�j&amp#15;��S�W&amp#6;�3�����&amp#15;j�D�Є&amp#24;&amp#30;�<��1��.�;E�$���]|&amp#15;Y}���cPRvl&amp#1;w�D�{�&amp#8;���[&amp#28;8��űa&amp#15;&amp#2;�p&amp#2;�6�A��� ���&amp#14;�~�
��O&amp#24;n��(&amp#31;&amp#5;=�&amp#29;����&amp#20;�&amp#29;d�M���x��&amp#31;C=&amp#24;��o�a�(&amp#31;s�&amp#21;�BSSm��W&amp#25;ێt&amp#3;Y�h�&amp#31;��v�)��&amp#26;��&amp#3;���a�7����1�&amp#29;����_i����\�&amp#21;ϑ��&amp#14;Q?F�m��^�p���&amp#8;�!&amp#12;Iҏ���Dq��3�&amp#8;�
&amp#26;��O�j�J�A	&amp#1;�&amp#5;�}�A�5�[�]�����)���\Ag&amp#7;�q�&amp#14;ڭ&amp#26;�&amp#27;	.&amp#8;ԟz�7&amp#12;�u(N���B�o�	���3�XA�&amp#26;:�5鹆3&amp#24;�����F�����O�I�D�w��t�&amp#2;�X�1�)�d&amp#3;53��&amp#16;&amp#11;Pf&amp#27;	&amp#19;x��
�Ah������p��2��s&amp#12;7Nzn&amp#31;��ą4td���O�ǁٞ�X6P�m�s_��q���:,&amp#28;S����y�2s<�o�&amp#15;�}A�4N&amp#30;�4��N�镶����)��8��qp�}0�&amp#7;��?�+�&amp#12;�!�jlejv2&amp#25;&amp#7;&amp#0;&amp#0;��&amp#3;&amp#0;PK&amp#3;&amp#4;&amp#20;&amp#0;&amp#6;&amp#0;&amp#8;&amp#0;&amp#0;&amp#0;!&amp#0;J��a�&amp#0;&amp#0;&amp#0;G&amp#3;&amp#0;&amp#0;&amp#26;&amp#0;&amp#8;&amp#1;xl/_rels/workbook.xml.rels �&amp#4;&amp#1;(�&amp#0;&amp#1;&amp#0;&amp#0;&amp#0;&amp#0;&amp#0;&amp#0;&amp#0;&amp#0;&amp#0;&amp#0;&amp#0;&amp#0;&amp#0;&amp#0;&amp#0;&amp#0;&amp#0;&amp#0;&amp#0;&amp#0;&amp#0;&amp#0;&amp#0;&amp#0;&amp#0;&amp#0;&amp#0;&amp#0;&amp#0;&amp#0;&amp#0;&amp#0;&amp#0;&amp#0;&amp#0;&amp#0;&amp#0;&amp#0;&amp#0;&amp#0;&amp#0;&amp#0;&amp#0;&amp#0;&amp#0;&amp#0;&amp#0;&amp#0;&amp#0;&amp#0;&amp#0;&amp#0;&amp#0;&amp#0;&amp#0;&amp#0;&amp#0;&amp#0;&amp#0;&amp#0;&amp#0;&amp#0;&amp#0;&amp#0;&amp#0;&amp#0;&amp#0;&amp#0;&amp#0;&amp#0;&amp#0;&amp#0;&amp#0;&amp#0;&amp#0;&amp#0;&amp#0;&amp#0;&amp#0;&amp#0;&amp#0;&amp#0;&amp#0;&amp#0;&amp#0;&amp#0;&amp#0;&amp#0;&amp#0;&amp#0;&amp#0;&amp#0;&amp#0;&amp#0;&amp#0;&amp#0;&amp#0;&amp#0;&amp#0;&amp#0;&amp#0;&amp#0;&amp#0;&amp#0;&amp#0;&amp#0;&amp#0;&amp#0;&amp#0;&amp#0;&amp#0;&amp#0;&amp#0;&amp#0;&amp#0;&amp#0;&amp#0;&amp#0;&amp#0;&amp#0;&amp#0;&amp#0;&amp#0;&amp#0;&amp#0;&amp#0;&amp#0;&amp#0;&amp#0;&amp#0;&amp#0;&amp#0;&amp#0;&amp#0;&amp#0;&amp#0;&amp#0;&amp#0;&amp#0;&amp#0;&amp#0;&amp#0;&amp#0;&amp#0;&amp#0;&amp#0;&amp#0;&amp#0;&amp#0;&amp#0;&amp#0;&amp#0;&amp#0;&amp#0;&amp#0;&amp#0;&amp#0;&amp#0;&amp#0;&amp#0;&amp#0;&amp#0;&amp#0;&amp#0;&amp#0;&amp#0;&amp#0;&amp#0;&amp#0;&amp#0;&amp#0;&amp#0;&amp#0;&amp#0;&amp#0;&amp#0;&amp#0;&amp#0;&amp#0;&amp#0;&amp#0;&amp#0;&amp#0;&amp#0;&amp#0;&amp#0;&amp#0;&amp#0;&amp#0;&amp#0;&amp#0;&amp#0;&amp#0;&amp#0;&amp#0;&amp#0;&amp#0;&amp#0;&amp#0;&amp#0;&amp#0;&amp#0;&amp#0;&amp#0;&amp#0;&amp#0;&amp#0;&amp#0;&amp#0;&amp#0;&amp#0;&amp#0;&amp#0;&amp#0;&amp#0;&amp#0;&amp#0;&amp#0;&amp#0;&amp#0;&amp#0;&amp#0;&amp#0;&amp#0;&amp#0;&amp#0;&amp#0;&amp#0;&amp#0;&amp#0;&amp#0;&amp#0;&amp#0;&amp#0;&amp#0;&amp#0;&amp#0;&amp#0;&amp#0;&amp#0;&amp#0;&amp#0;&amp#0;&amp#0;&amp#0;&amp#0;&amp#0;&amp#0;&amp#0;&amp#0;&amp#0;&amp#0;&amp#0;&amp#0;&amp#0;&amp#0;���j�0&amp#12;��ѽq��P�:{)����&amp#7;0�&amp#18;�Mlc�?y����6���У$4�1�f�9��&amp#29;#u�)(�&amp#28;&amp#4;�ڛε
^�OW� ��3��&amp#14;&amp#21;�H��./6��kNOd�@"�8R`�Ã�T[&amp#28;4e>�K���As&amp#26;c+��&amp#15;�EY�����5��i��Q&amp#16;w�&amp#26;�~&amp#12;��om�4]���~&amp#27;��&amp#25;&amp#11;ɉ&amp#11;���-��i�^&amp#22;Y&amp#2;&amp#5;y��\����&amp#3;YD>q&amp#28;W$�K�&amp#4;S�3�b2�k�&amp#17;�&amp#11;�T>:�3[/%s�*&amp#12;�}���+4�?�rV��&amp#11;&amp#0;&amp#0;��&amp#3;&amp#0;PK&amp#3;&amp#4;&amp#20;&amp#0;&amp#6;&amp#0;&amp#8;&amp#0;&amp#0;&amp#0;!&amp#0;�xO��&amp#3;&amp#0;&amp#0;�&amp#8;&amp#0;&amp#0;&amp#24;&amp#0;&amp#0;&amp#0;xl/worksheets/sheet1.xml��[��0&amp#24;��&amp#23;�?��k<�U�&amp#29;���s�,{��4�&amp#26;j���Ӗe��~Ѷ3P&amp#24;ʀ1��>�!o��G١&amp#23;��P}�C?���Lբ�&amp#22;���K12��5�T�&amp#11;|�&amp#6;?�&amp#30;>-&amp#15;J�L˹E@�M�[k��&amp#16;�Z.����{�i���§�&amp#18;3hN�Q$;&amp#18;&amp#5;��H*z<&amp#17;r}&amp#15;C5�`�Tl/yo'��&amp#29;���i�`.4���I�w��cJ&amp#14;�؈N��&amp#8;�H��i�+M7&amp#29;�}&amp#12;&amp#19;��Q�&amp#19;��/a��7��`Z&amp#25;�X&amp#31;�d�����d��+���0aB4&amp#17;�&amp#0;_Q��R
gWV�
�?&amp#8;�_a�]:ߋ���d&amp#29;F�����Z�^�ā����[�e���E���?�Z�&amp#2;N�U�4o
�&amp#14;�2�d�&amp#28;��K��y�FΎ&amp#27;�vn�	�&amp#4;@0���&amp#25;&amp#3;�?&amp#23;�sU��B����&amp#11;�&amp#26;]�M��7t�����mk�$~&amp#2;�8;���䆁&amp#15;!�&amp#31;;,S&amp#29;0���p�	lD��|&amp#16;�ma���Y2O&amp#23;3���X%�7��I&amp#8;�&amp#31;�0��I�A&amp#22;;݆&amp#27;[	�˻&amp#12;h�&amp#20;<�@tƼ&amp#27;����&amp#7;&amp#0;&amp#0;��&amp#0;&amp#0;&amp#0;�����&amp#14;� &amp#20;�_��&amp#0;&amp#17;Z�&amp#28;����`��&amp#31;��Y�}&amp#23;+��ss�cǏ�9&amp#7;��Z�����x�<�6%�&amp#4;�&k
�d&amp#7;딄$Pw�5չi+�
ȓ�J./QjU֠m7&amp#17;ɸ2&amp#19;Nfİ
t
j�&amp#29;8�3N՗ȧD�&amp#19;Ŕ8���&amp#18;lk&amp#17;
il$&amp#8;�"Ek#�&amp#17;)ٓ�Fb&amp#12;e�!�&amp#27;���p&amp#4;�&amp#31;�q�-v&amp#11;��0�&amp#29;z�͜�v,&amp#17;�&amp#23;b�չ��&amp#3;�&amp#29;3���h�(�&amp#12;u&amp#15;��='3�t�+6�B�&amp#5;�&amp#8;^���n�&amp#8;�
&amp#22;
,&amp#8;G����o�&amp#6;&amp#0;&amp#0;��&amp#0;&amp#0;&amp#0;��l��&amp#14;�0&amp#16;E��&amp#30;�B&amp#3;6@��&.�&amp#8;��&amp#17;&amp#30;%C�&amp#26;�&amp#11;&amp#24;�Dw��Ž3A
������Y_&amp#26;&amp#19;R�F��&amp#18;�4�&amp#27;&&amp#20;��_υ���/�?��>
�{&amp#11;X&amp#21;M���{`�P��HB��dE�
�e��bJr�U&amp#22;cܷ\o�X&amp#27;[�-W���ʽ'm�&amp#28;���m��1Ƭh:RA�?e/�~���)&amp#27;ݎ�Sr���z�&amp#28;�&amp#4;p���Tk3���Uc��&amp#0;&z&amp#1;&amp#0;&amp#0;��&amp#3;&amp#0;PK&amp#3;&amp#4;&amp#20;&amp#0;&amp#6;&amp#0;&amp#8;&amp#0;&amp#0;&amp#0;!&amp#0;���C�&amp#2;&amp#0;&amp#0;�&amp#6;&amp#0;&amp#0;&amp#24;&amp#0;&amp#0;&amp#0;xl/worksheets/sheet2.xml��K��0&amp#20;����&amp#31;,�@�&amp#1;&amp#20;2
CQgW��v�%X����cT���&amp#2;Jf�,&amp#26;���b�&amp#15;�ǳ��&amp#17;�&amp#17;�ϩ�.(���Z�����^9	%Ʋ�f��!�/`�����I�i&amp#1;,ABor�Z;d�gx&amp#11;�&amp#25;W
��L��d&amp#22;&amp#31;��3�&amp#6;VO/��&amp#11;&amp#22;�ؓL�t&d�&amp#30;�j&amp#26;��T� ��3DC�,�7�&amp#24;̅&�=8���08\�&amp#1;&amp#17;[�	�2A)�<{��J�m�}���qr�x&amp#4;x./2����&amp#20;\+�&amp#26;�"ٛ=߶�z����t��]&amp#24;?�4&amp#28;Ÿ����}����
^a�w��+l�\:;�:��0H��S�D�S�EZ8�jS9Q\&�&MS�*����&amp#22;��cWDC�Ӎ��K�WS~~
8�75�l�
:�&amp#22;Pçd��V����&amp#25;�&amp#22;H4ӂ�ȸ&amp#21;Gx���i���ߓ&amp#6;�(�]&amp#21;��&amp#23;�j
�&amp#23;Mjhء�_��3�]kQ6tCltLJV��`8F&amp#20;���7W&amp#29;2�J�&amp#24;5L&amp#24;;�^Emۜ�n&amp#28;��8�(ق��&amp#24;�����J������+&amp#3;�O&amp#12;�����M���O&amp#30;�&amp#11;�&?�&amp#0;&amp#0;&amp#0;��&amp#0;&amp#0;&amp#0;����[&amp#14;� &amp#16;E�Ұ&amp#0;)��&amp#26;J�%� �?}&amp#4;���VC[P&amp#19;�ȝ&amp#3;�a`���&amp#19;�I�L{KL�&amp#8;Jl'&amp#27;&amp#11;�"�u�2���um}jM-݈�I.Uq~&amp#8;m�n KW&amp#20;q��&amp#19;&amp#14;�&amp#17;�6�-�=�2�s�՛8��nIT1�_&amp#18;"&H�&amp#17;&amp#12;�����yK?݁��y`=�m&amp#2;�y�d��H?K�?$����@r&amp#24;C�I6]3&amp#14;����8�&amp#29;���&amp#19;&amp#0;&amp#0;��&amp#0;&amp#0;&amp#0;���)HLO�M,J��+V�IM+�U2�3WR(�Lπ�K�&amp#11;���J
I�%%��0^FjbJj&amp#17;�g�����_&amp#2;������&amp#23;e&amp#23;g����&amp#1;&amp#0;&amp#0;&amp#0;��&amp#3;&amp#0;PK&amp#3;&amp#4;&amp#20;&amp#0;&amp#6;&amp#0;&amp#8;&amp#0;&amp#0;&amp#0;!&amp#0;�&amp#23;&amp#16;�N&amp#7;&amp#0;&amp#0;� &amp#0;&amp#0;&amp#19;&amp#0;&amp#0;&amp#0;xl/theme/theme1.xml�Y͋&amp#27;7&amp#20;�&amp#23;�?&amp#12;sw�5�%���l��$d��&amp#28;���QV32��&amp#27;&amp#19;&amp#2;%9�R(���Bo=��@&amp#3;
��	$��&amp#31;�'��#��$�lJZv
�G������~z�t�ҽ�zG�&amp#11;�_�P�=��ؘ$Ӗk8(4|OH��&amp#17;e	n�&amp#11;,�K۟~r&amp#17;m�&amp#8;��&amp#3;�Dl��&amp#31;I9�*&amp#22;�&amp#8;����f8��&��H�#�&amp#22;�&amp#28;&amp#29;�ޘ&amp#22;+�R�&amp#24;#��^�bP{}2!#�
�J{��O�1�B
�(�W��%���òB���R�&amp#29;!��a�1;&amp#30;�{��(&amp#18;&amp#18;~h�%��&amp#23;�/&amp#22;�V&D�&amp#6;YCn��2�L`|X�s���j� &amp#8;�Z{�_&amp#3;�\����Z��ҧ&amp#1;h4�����:�n�a
P�ա�W�U�&amp#22;��_]��&amp#29;���נT��&amp#31;&amp#12;��E&amp#11;�A)>\Ç�f�g�נ&amp#20;_[��K�^P��kPDIr��.��jw��&amp#21;d��&amp#19;�&amp#12;�A��)�Q�
��RSLX"7�Z��2>&amp#0;�&amp#2;R$I���&amp#12;O�&amp#8;���(9���%�&amp#8;&amp#18;o�&amp#18;&`�T)
JU��>���#��02��]`�X&amp#27;R�xb��L��+��7 /�={����=����_���*Kn&amp#7;%SS�Տ_���&amp#23;�_�����7��'��Ŀ��˗���:����&amp#21;/�}���&amp#23;�}��O�&amp#29;��&amp#28;&amp#29;��!����c�&�a�&amp#14;��&amp#1;?��0BĒ@&amp#17;�v����&amp#2;^[ ��u����&amp#28;X�&amp#5;�<�kٺ&amp#31;�$���F�&amp#5;�c�v&amp#24;w:ચ���p�Lݓ󹉻�Бk�.J�&amp#0;��3�W�Rٍ�e�
�&amp#18;��8��S��C�&amp#29;��C���=2�L����&amp#16;����%Cr`%R.�Cb���e �����m�èk�=|d#a[ �0~�����h.Q�R9D15&amp#29;��d�2r�G&�/$Dz�)��c,�K�:��&amp#26;A�
&amp#12;�&amp#14;�&amp#30;]�6�Kr�ҹ�&amp#24;3�=v؍P<s�L���~&&amp#14;!E�w�I&amp#23;|��;D=C&amp#28;P�1ܷ	���f"�&amp#5;�j��'��e�&amp#29;�����&amp#31;&amp#23;t���e�<�ص͉3;:�ڻ&amp#24;St��&amp#24;{�>sX�a3���W"`�&amp#29;�J�+��U��`&amp#1;e��k�)r�&amp#8;+e��m�goq�x&amp#22;(�&amp#17;ߤ�&amp#26;D�J]8�Tz��&amp#14;M�5&amp#2;�&amp#31;��)�&amp#5;�0���I�&amp#8;Yg�z&amp#22;�|]p+~o��`_�=�&amp#4;&amp#25;|j&amp#25; ����&amp#16;Qk�<a�&amp#8;
&amp#12;&amp#23;݂�&amp#21;�\D��Zl؛6&amp#15;&amp#3;&amp#20;FV�&amp#19;���ω�'�w�&amp#30;w&amp#1;s&amp#6;&amp#5;�[���:�(e�D��	�&amp#31;,kzh���p��s�yUs^�����f�^>�e�k��Z����Aj��|��&���O���3!���&amp#5;ŻBw}&amp#4;�ь&amp#7;0��Q�'�j&amp#1;�"��5�,ܔ#-�q&?'2ڏ�&amp#12;ZCe����L�Tx3&�c��u+&amp#21;�Э�N�x���Ng�����&amp#11;&amp#5;��x)\�C�J��Z=�ޭ��~�TwY�&amp#6;(��&amp#24;aLf&amp#27;Qu&amp#24;Q_&amp#14;B&amp#20;^g�^ٙX�tX�PꗡZFq�
0m&amp#21;&amp#21;x���E��A�A�f&amp#28;��c&amp#21;������
ΙFz�3��&amp#1;Pb/3 �tSٺqyjui��E�-#�t��0�0�&amp#23;�,;͖�Yƺ���2O�b�&amp#27;r3�&amp#15;&amp#17;kE"'��&&S��;n��j&amp#8;�*#4k�&amp#19;�&amp#24;��x&amp#6;�#�[&amp#23;�S�v&amp#25;I�n�wa�&amp#25;&amp#23;��D�:\�N�&amp#6;1��{��-_-�
4�&amp#28;�m+W�&amp#16;>Z�@+&amp#31;�q&amp#16;t;�x2�#i��&amp#24;Q�N&amp#31;��S�p����&amp#29;�$�&amp#28;½&amp#31;���&amp#3;:�7&amp#17;�XX/+&amp#7;�����r��1���&amp#21;���w�`�h׼��9��#:�Pv��d��5����O+&amp#31;&amp#24;Oٚ���.<��&amp#3;��O�7&amp#31;��s&amp#6;i�g��*��t��;�
��CԲ*�n�N-r�k.�&amp#14;&amp#18;�yJ���}�&amp#3;�0-��2MY�NÊ��Q۴3,&amp#8;&amp#12;O�6�muF8=�'?ȝ�Zu@,�J����ܼ�f&amp#7;w�<zp8�R�PBo�#(��&amp#27;Ȕ6`�ܓY�&amp#8;߼9'-�~)l&amp#7;�J�-�&amp#26;a�&amp#16;T�R�&amp#17;���v&amp#24;V���\�u*&amp#15;�`�Q\&amp#14;���&amp#1;\a�Evi���.���-ͅ&amp#17;��L_�&amp#23;����\�|q�&amp#17; ���ʠYmvj�f�=(&amp#4;�N����:�^�[�
zݰ�&amp#28;<�#
&amp#14;��nP�7
�r�[&amp#8;j%e~�Y�&amp#7;�J;��&amp#27;��� +c`�)}d�&amp#0;�j���&amp#1;&amp#0;&amp#0;��&amp#3;&amp#0;PK&amp#3;&amp#4;&amp#20;&amp#0;&amp#6;&amp#0;&amp#8;&amp#0;&amp#0;&amp#0;!&amp#0;&amp#6;}&amp#23;y�&amp#3;&amp#0;&amp#0;�
&amp#0;&amp#0;
&amp#0;&amp#0;&amp#0;xl/styles.xml�V�n�8&amp#16;}_`�A໢K,�6,&amp#21;�E�&amp#2;ݢ@���R&amp#18;%&amp#19;�E����E�}��d+�81����s�vf��ǎ3瑨�J&amp#17;���G&amp#14;&amp#17;�,��b��}�.��h,
̤ 1:�&amp#6;}L~�m��##w&amp#7;B�&amp#3;&amp#16;���A�z�yM~ &amp#28;77�&&amp#2;NJ�8ְU��Ԋ�1J�y���=��@=�׀p�&amp#30;���%���&amp#25;eT&amp#31;-&amp#22;rx��\	�p���.���邹
�N�F���&amp#29;Ns%&amp#27;Y�&amp#27;��dYҜ<ww�-=���&amp#0;�}HA����;�N����#5�Cɺ�B7N.[�c4&amp#3;GM
V&amp#15;B�#Rs&amp#4;&amp#21;&amp#30;n%���&amp#25;H&amp#2;�%�\2�&amp#28;
���Y����7���LQs�Ĝ�c/&amp#14;��V{��)��&amp#8;=�G�M�nͭWl�F�W&amp#25;�.&amp#24;SU&amp#22;�t�]o0?`�&amp#0;��D=&amp#11;���&amp#8;k&amp#19;�@�(c�:��d
��D�&amp#20;N�a}��`&amp#2;z��&amp#14;�޼])|&amp#12;��z�F2Z&amp#24;�T[K�!���C��&amp#27;���&amp#1;4�|���&amp#19;�
/�qm��7�&amp#23;�m�i��5k&amp#20;r�IU��&amp#27;��4B/J֌�&amp#26;�P�:�-k&amp#19;��&amp#26;fA�.(����&amp#16;{�&amp#24;&amp#22;&amp#0;�&amp#19;���,��<a��ݕ�hy���"F0UMK�K�°���
�_R
@�e%&amp#7;�5;~myFTjG��f��'�����b�&amp#18;��I&amp#1;�Y�oJj�k�)�m�M��c��9W�NW�L����P��&amp#21;��&amp#5;�i�O��x�L4�n��t]�|�k�
C�
�����&amp#0;p%֋��٘�ô
|&amp#2;z�8&amp#7;��wP4ߎ&amp#28;�C��ߕ�&amp#30;�.@�IW<�&amp#19;�&amp#28;3'c�&amp#7;&amp#12;/Ũx�/�%&amp#5;�"k)�T&amp#24;�,�i�A�!9&amp#27;&amp#21; m&amp#19;��q&amp#22;�(�sW�Sm�&amp#6;�_O�&amp#1;FAJ�2}:��y�')hˁIío�Qj&amp#11;&amp#17;����&amp#25;&amp#30;�����_&amp#26;�����*&amp#26;���&amp#15;��>
݅�Y��[&amp#18;��h�s��v�ۥK?��?&/��x��&amp#7;&amp#21;L�`�j&amp#24;�b�&amp#16;����Y&amp#22;�ɦwߎlp{��2�����w�[?pgs�p&amp#23;���M� ��g�}�F&amp#19;ߣw�c|/&amp#8;�&amp#23;�q>Zi�	Pc��X��&amp#20;�&amp#4;�W���Jx��j�&amp#31;&amp#0;&amp#0;&amp#0;��&amp#3;&amp#0;PK&amp#3;&amp#4;&amp#20;&amp#0;&amp#6;&amp#0;&amp#8;&amp#0;&amp#0;&amp#0;!&amp#0;�"� 6&amp#1;&amp#0;&amp#0;A&amp#2;&amp#0;&amp#0;&amp#20;&amp#0;&amp#0;&amp#0;xl/sharedStrings.xmllR�J&amp#3;1&amp#16;|&amp#23;��#ｴUD��&amp#21;��P����Oeͭ��esf�U�ޜ
B�cfvfg�&amp#20;�&amp#15;�f&amp#7;&amp#12;l=�j�&amp#15;U�d|miW���vp�2&amp#22;�&amp#26;ZOX�Od5�NO
fɢ��T�H7њM�&amp#14;8�&amp#29;Rd^|p �&amp#25;v���Ps�(�����B;��2��$qoܲ'����/p���mUH5�y��/��ۻ�j]h�
�&amp#19;?�ڿ"m� M���8���4�&amp#26;�ϩ�%&amp#0;q�X㩵���.U~Kt&amp#12;�:�qRw��7���e�&amp#30;D-�&amp#17;-��T�a&amp#12;&amp#15;�0ŗ���C��Ѥ�)�&amp#8;��s���&amp#26;&amp#4;F�p&amp#15;���g)�B�X,&amp#31;͐Z��N�&amp#3;&amp#19;[��ų&amp#14;���O��&amp#23;��&amp#0;&amp#0;&amp#0;��&amp#3;&amp#0;PK&amp#3;&amp#4;&amp#20;&amp#0;&amp#6;&amp#0;&amp#8;&amp#0;&amp#0;&amp#0;!&amp#0;�����&amp#0;&amp#0;&amp#0;V&amp#1;&amp#0;&amp#0;#&amp#0;&amp#0;&amp#0;xl/worksheets/_rels/sheet1.xml.rels���j�0&amp#12;&amp#6;��`�`to��0�H�K7�a��=����4������g&amp#24;�&amp#21;&amp#6;;
I�~4�.i5�Tj&amp#20;&amp#30;a��`�����&amp#8;&amp#31;���&amp#19;���&amp#30;Wa&amp#26;�J&amp#21;v����N+j[�!�j��u������.P��I&n�YJBmeYlFw�C�?��ۀ��4&amp#7;?B9�-��5����2���^�9&amp#17;�&amp#31;'lhRY#�&amp#26;�e!�fkˌg
&amp#27;OI:Ν&amp#22;䚥ht�m�:'��,��oy^.J�q&amp#5;;
��&amp#27;�&amp#23;&amp#0;&amp#0;&amp#0;��&amp#3;&amp#0;PK&amp#3;&amp#4;&amp#20;&amp#0;&amp#6;&amp#0;&amp#8;&amp#0;&amp#0;&amp#0;!&amp#0;|��{R&amp#1;&amp#0;&amp#0;�&amp#2;&amp#0;&amp#0;&amp#17;&amp#0;&amp#8;&amp#1;docProps/core.xml �&amp#4;&amp#1;(�&amp#0;&amp#1;&amp#0;&amp#0;&amp#0;&amp#0;&amp#0;&amp#0;&amp#0;&amp#0;&amp#0;&amp#0;&amp#0;&amp#0;&amp#0;&amp#0;&amp#0;&amp#0;&amp#0;&amp#0;&amp#0;&amp#0;&amp#0;&amp#0;&amp#0;&amp#0;&amp#0;&amp#0;&amp#0;&amp#0;&amp#0;&amp#0;&amp#0;&amp#0;&amp#0;&amp#0;&amp#0;&amp#0;&amp#0;&amp#0;&amp#0;&amp#0;&amp#0;&amp#0;&amp#0;&amp#0;&amp#0;&amp#0;&amp#0;&amp#0;&amp#0;&amp#0;&amp#0;&amp#0;&amp#0;&amp#0;&amp#0;&amp#0;&amp#0;&amp#0;&amp#0;&amp#0;&amp#0;&amp#0;&amp#0;&amp#0;&amp#0;&amp#0;&amp#0;&amp#0;&amp#0;&amp#0;&amp#0;&amp#0;&amp#0;&amp#0;&amp#0;&amp#0;&amp#0;&amp#0;&amp#0;&amp#0;&amp#0;&amp#0;&amp#0;&amp#0;&amp#0;&amp#0;&amp#0;&amp#0;&amp#0;&amp#0;&amp#0;&amp#0;&amp#0;&amp#0;&amp#0;&amp#0;&amp#0;&amp#0;&amp#0;&amp#0;&amp#0;&amp#0;&amp#0;&amp#0;&amp#0;&amp#0;&amp#0;&amp#0;&amp#0;&amp#0;&amp#0;&amp#0;&amp#0;&amp#0;&amp#0;&amp#0;&amp#0;&amp#0;&amp#0;&amp#0;&amp#0;&amp#0;&amp#0;&amp#0;&amp#0;&amp#0;&amp#0;&amp#0;&amp#0;&amp#0;&amp#0;&amp#0;&amp#0;&amp#0;&amp#0;&amp#0;&amp#0;&amp#0;&amp#0;&amp#0;&amp#0;&amp#0;&amp#0;&amp#0;&amp#0;&amp#0;&amp#0;&amp#0;&amp#0;&amp#0;&amp#0;&amp#0;&amp#0;&amp#0;&amp#0;&amp#0;&amp#0;&amp#0;&amp#0;&amp#0;&amp#0;&amp#0;&amp#0;&amp#0;&amp#0;&amp#0;&amp#0;&amp#0;&amp#0;&amp#0;&amp#0;&amp#0;&amp#0;&amp#0;&amp#0;&amp#0;&amp#0;&amp#0;&amp#0;&amp#0;&amp#0;&amp#0;&amp#0;&amp#0;&amp#0;&amp#0;&amp#0;&amp#0;&amp#0;&amp#0;&amp#0;&amp#0;&amp#0;&amp#0;&amp#0;&amp#0;&amp#0;&amp#0;&amp#0;&amp#0;&amp#0;&amp#0;&amp#0;&amp#0;&amp#0;&amp#0;&amp#0;&amp#0;&amp#0;&amp#0;&amp#0;&amp#0;&amp#0;&amp#0;&amp#0;&amp#0;&amp#0;&amp#0;&amp#0;&amp#0;&amp#0;&amp#0;&amp#0;&amp#0;&amp#0;&amp#0;&amp#0;&amp#0;&amp#0;&amp#0;&amp#0;&amp#0;&amp#0;&amp#0;&amp#0;&amp#0;&amp#0;&amp#0;&amp#0;&amp#0;&amp#0;&amp#0;&amp#0;&amp#0;&amp#0;&amp#0;&amp#0;&amp#0;&amp#0;&amp#0;&amp#0;&amp#0;&amp#0;&amp#0;&amp#0;&amp#0;��_O�0&amp#20;��M�&amp#14;��P`��&amp#1;&amp#22;�M&amp#31;41qF�[�ލFZ�����[`Č1�������4�nd&amp#29;|���Q&amp#5;J�&amp#24;&amp#5;�XÅZ&amp#21;�y>&amp#11;�Q`&amp#29;U�֍�&amp#2;m��iy|�3MXc��4&amp#26;�&amp#19;`&amp#3;OR�0]��9M0��&amp#2;Im�&amp#21;�&amp#23;�����_��w�&amp#2;���)��(���&amp#22;&amp#24;ꁈvH�&amp#6;��0u&amp#7;�&amp#12;C
&amp#18;��8�&amp#18;��u`�������R����vv�l����X1&amp#8;��u��t6��&amp#4;�>�?uQC��]1@e�&amp#25;a&amp#6;�kLy&amp#7;��2�X���'��mE�X�x�j7ZS�&amp#30;��&amp#2;�����C���&amp#5;���&amp#25;�2�&amp#3;�+/����&amp#12;�i��a&amp#18;�q6O&$�_��z���F�/���?�&amp#25;I3rr6"�&amp#1;e�&amp#15;�M�&amp#5;&amp#0;&amp#0;��&amp#3;&amp#0;PK&amp#3;&amp#4;&amp#20;&amp#0;&amp#6;&amp#0;&amp#8;&amp#0;&amp#0;&amp#0;!&amp#0;e�3�&amp#1;&amp#0;&amp#0;9&amp#3;&amp#0;&amp#0;&amp#16;&amp#0;&amp#8;&amp#1;docProps/app.xml �&amp#4;&amp#1;(�&amp#0;&amp#1;&amp#0;&amp#0;&amp#0;&amp#0;&amp#0;&amp#0;&amp#0;&amp#0;&amp#0;&amp#0;&amp#0;&amp#0;&amp#0;&amp#0;&amp#0;&amp#0;&amp#0;&amp#0;&amp#0;&amp#0;&amp#0;&amp#0;&amp#0;&amp#0;&amp#0;&amp#0;&amp#0;&amp#0;&amp#0;&amp#0;&amp#0;&amp#0;&amp#0;&amp#0;&amp#0;&amp#0;&amp#0;&amp#0;&amp#0;&amp#0;&amp#0;&amp#0;&amp#0;&amp#0;&amp#0;&amp#0;&amp#0;&amp#0;&amp#0;&amp#0;&amp#0;&amp#0;&amp#0;&amp#0;&amp#0;&amp#0;&amp#0;&amp#0;&amp#0;&amp#0;&amp#0;&amp#0;&amp#0;&amp#0;&amp#0;&amp#0;&amp#0;&amp#0;&amp#0;&amp#0;&amp#0;&amp#0;&amp#0;&amp#0;&amp#0;&amp#0;&amp#0;&amp#0;&amp#0;&amp#0;&amp#0;&amp#0;&amp#0;&amp#0;&amp#0;&amp#0;&amp#0;&amp#0;&amp#0;&amp#0;&amp#0;&amp#0;&amp#0;&amp#0;&amp#0;&amp#0;&amp#0;&amp#0;&amp#0;&amp#0;&amp#0;&amp#0;&amp#0;&amp#0;&amp#0;&amp#0;&amp#0;&amp#0;&amp#0;&amp#0;&amp#0;&amp#0;&amp#0;&amp#0;&amp#0;&amp#0;&amp#0;&amp#0;&amp#0;&amp#0;&amp#0;&amp#0;&amp#0;&amp#0;&amp#0;&amp#0;&amp#0;&amp#0;&amp#0;&amp#0;&amp#0;&amp#0;&amp#0;&amp#0;&amp#0;&amp#0;&amp#0;&amp#0;&amp#0;&amp#0;&amp#0;&amp#0;&amp#0;&amp#0;&amp#0;&amp#0;&amp#0;&amp#0;&amp#0;&amp#0;&amp#0;&amp#0;&amp#0;&amp#0;&amp#0;&amp#0;&amp#0;&amp#0;&amp#0;&amp#0;&amp#0;&amp#0;&amp#0;&amp#0;&amp#0;&amp#0;&amp#0;&amp#0;&amp#0;&amp#0;&amp#0;&amp#0;&amp#0;&amp#0;&amp#0;&amp#0;&amp#0;&amp#0;&amp#0;&amp#0;&amp#0;&amp#0;&amp#0;&amp#0;&amp#0;&amp#0;&amp#0;&amp#0;&amp#0;&amp#0;&amp#0;&amp#0;&amp#0;&amp#0;&amp#0;&amp#0;&amp#0;&amp#0;&amp#0;&amp#0;&amp#0;&amp#0;&amp#0;&amp#0;&amp#0;&amp#0;&amp#0;&amp#0;&amp#0;&amp#0;&amp#0;&amp#0;&amp#0;&amp#0;&amp#0;&amp#0;&amp#0;&amp#0;&amp#0;&amp#0;&amp#0;&amp#0;&amp#0;&amp#0;&amp#0;&amp#0;&amp#0;&amp#0;&amp#0;&amp#0;&amp#0;&amp#0;&amp#0;&amp#0;&amp#0;&amp#0;&amp#0;&amp#0;&amp#0;&amp#0;&amp#0;&amp#0;&amp#0;&amp#0;&amp#0;&amp#0;&amp#0;&amp#0;&amp#0;&amp#0;&amp#0;&amp#0;&amp#0;&amp#0;&amp#0;&amp#0;���k�0&amp#16;��&amp#7;�&amp#31;��&amp#27;��(#�*%��`c���c��s,bKBw5����c�:�àow�}|�|'��C�f=$t�&amp#23;�r��&amp#12;�
��Bܗ�.��&amp#12;��ʴ�C!���Z��6)DH�&amp#0;3��X��(��D�@gp��g�&amp#14;�3�m��P���m�O&amp#29;x��<��p �&amp#21;T&amp#23;q
&amp#20;c⪧��V�&amp#14;|�P&amp#30;#&amp#3;ku&amp#19;c�!�J���&amp#20;0Ԕ}=Xh�����`����Ε��jkM&amp#11;k&amp#14;ֵi&amp#17;�|&amp#25;�;0��6�%Ԫ�U&amp#15;�B����-E�� &amp#12;8��Mr�&amp#19;c
��9�mDJ�wH{l&amp#0;&amp#8;�d�8<�s�v���d���8&amp#4;� ,�#��Z�_��$�&amp#31;�a�&amp#29;qn6�&amp#31;o
�9��Z�=��Q&amp#2;�k�&amp#25;�+�u��GF��&amp#31;���>��s�y��C�mL��/5�e&amp#26;�;�xj��uc�&amp#14;�g�[ax$&amp#15;㟠/�&amp#22;����?�)����?&amp#0;&amp#0;&amp#0;��&amp#3;&amp#0;PK&amp#1;&amp#2;-&amp#0;&amp#20;&amp#0;&amp#6;&amp#0;&amp#8;&amp#0;&amp#0;&amp#0;!&amp#0;&amp#18;&amp#24;��d&amp#1;&amp#0;&amp#0;&amp#24;&amp#5;&amp#0;&amp#0;&amp#19;&amp#0;&amp#0;&amp#0;&amp#0;&amp#0;&amp#0;&amp#0;&amp#0;&amp#0;&amp#0;&amp#0;&amp#0;&amp#0;&amp#0;&amp#0;&amp#0;&amp#0;[Content_Types].xmlPK&amp#1;&amp#2;-&amp#0;&amp#20;&amp#0;&amp#6;&amp#0;&amp#8;&amp#0;&amp#0;&amp#0;!&amp#0;�U0#�&amp#0;&amp#0;&amp#0;L&amp#2;&amp#0;&amp#0;&amp#11;&amp#0;&amp#0;&amp#0;&amp#0;&amp#0;&amp#0;&amp#0;&amp#0;&amp#0;&amp#0;&amp#0;&amp#0;&amp#0;�&amp#3;&amp#0;&amp#0;_rels/.relsPK&amp#1;&amp#2;-&amp#0;&amp#20;&amp#0;&amp#6;&amp#0;&amp#8;&amp#0;&amp#0;&amp#0;!&amp#0;�N���&amp#3;&amp#0;&amp#0;_	&amp#0;&amp#0;&amp#15;&amp#0;&amp#0;&amp#0;&amp#0;&amp#0;&amp#0;&amp#0;&amp#0;&amp#0;&amp#0;&amp#0;&amp#0;&amp#0;�&amp#6;&amp#0;&amp#0;xl/workbook.xmlPK&amp#1;&amp#2;-&amp#0;&amp#20;&amp#0;&amp#6;&amp#0;&amp#8;&amp#0;&amp#0;&amp#0;!&amp#0;J��a�&amp#0;&amp#0;&amp#0;G&amp#3;&amp#0;&amp#0;&amp#26;&amp#0;&amp#0;&amp#0;&amp#0;&amp#0;&amp#0;&amp#0;&amp#0;&amp#0;&amp#0;&amp#0;&amp#0;&amp#0;�
&amp#0;&amp#0;xl/_rels/workbook.xml.relsPK&amp#1;&amp#2;-&amp#0;&amp#20;&amp#0;&amp#6;&amp#0;&amp#8;&amp#0;&amp#0;&amp#0;!&amp#0;�xO��&amp#3;&amp#0;&amp#0;�&amp#8;&amp#0;&amp#0;&amp#24;&amp#0;&amp#0;&amp#0;&amp#0;&amp#0;&amp#0;&amp#0;&amp#0;&amp#0;&amp#0;&amp#0;&amp#0;&amp#0;�&amp#12;&amp#0;&amp#0;xl/worksheets/sheet1.xmlPK&amp#1;&amp#2;-&amp#0;&amp#20;&amp#0;&amp#6;&amp#0;&amp#8;&amp#0;&amp#0;&amp#0;!&amp#0;���C�&amp#2;&amp#0;&amp#0;�&amp#6;&amp#0;&amp#0;&amp#24;&amp#0;&amp#0;&amp#0;&amp#0;&amp#0;&amp#0;&amp#0;&amp#0;&amp#0;&amp#0;&amp#0;&amp#0;&amp#0;�&amp#16;&amp#0;&amp#0;xl/worksheets/sheet2.xmlPK&amp#1;&amp#2;-&amp#0;&amp#20;&amp#0;&amp#6;&amp#0;&amp#8;&amp#0;&amp#0;&amp#0;!&amp#0;�&amp#23;&amp#16;�N&amp#7;&amp#0;&amp#0;� &amp#0;&amp#0;&amp#19;&amp#0;&amp#0;&amp#0;&amp#0;&amp#0;&amp#0;&amp#0;&amp#0;&amp#0;&amp#0;&amp#0;&amp#0;&amp#0;&amp#2;&amp#20;&amp#0;&amp#0;xl/theme/theme1.xmlPK&amp#1;&amp#2;-&amp#0;&amp#20;&amp#0;&amp#6;&amp#0;&amp#8;&amp#0;&amp#0;&amp#0;!&amp#0;&amp#6;}&amp#23;y�&amp#3;&amp#0;&amp#0;�
&amp#0;&amp#0;
&amp#0;&amp#0;&amp#0;&amp#0;&amp#0;&amp#0;&amp#0;&amp#0;&amp#0;&amp#0;&amp#0;&amp#0;&amp#0;�&amp#27;&amp#0;&amp#0;xl/styles.xmlPK&amp#1;&amp#2;-&amp#0;&amp#20;&amp#0;&amp#6;&amp#0;&amp#8;&amp#0;&amp#0;&amp#0;!&amp#0;�"� 6&amp#1;&amp#0;&amp#0;A&amp#2;&amp#0;&amp#0;&amp#20;&amp#0;&amp#0;&amp#0;&amp#0;&amp#0;&amp#0;&amp#0;&amp#0;&amp#0;&amp#0;&amp#0;&amp#0;&amp#0;Y&amp#31;&amp#0;&amp#0;xl/sharedStrings.xmlPK&amp#1;&amp#2;-&amp#0;&amp#20;&amp#0;&amp#6;&amp#0;&amp#8;&amp#0;&amp#0;&amp#0;!&amp#0;�����&amp#0;&amp#0;&amp#0;V&amp#1;&amp#0;&amp#0;#&amp#0;&amp#0;&amp#0;&amp#0;&amp#0;&amp#0;&amp#0;&amp#0;&amp#0;&amp#0;&amp#0;&amp#0;&amp#0;� &amp#0;&amp#0;xl/worksheets/_rels/sheet1.xml.relsPK&amp#1;&amp#2;-&amp#0;&amp#20;&amp#0;&amp#6;&amp#0;&amp#8;&amp#0;&amp#0;&amp#0;!&amp#0;|��{R&amp#1;&amp#0;&amp#0;�&amp#2;&amp#0;&amp#0;&amp#17;&amp#0;&amp#0;&amp#0;&amp#0;&amp#0;&amp#0;&amp#0;&amp#0;&amp#0;&amp#0;&amp#0;&amp#0;&amp#0;�!&amp#0;&amp#0;docProps/core.xmlPK&amp#1;&amp#2;-&amp#0;&amp#20;&amp#0;&amp#6;&amp#0;&amp#8;&amp#0;&amp#0;&amp#0;!&amp#0;e�3�&amp#1;&amp#0;&amp#0;9&amp#3;&amp#0;&amp#0;&amp#16;&amp#0;&amp#0;&amp#0;&amp#0;&amp#0;&amp#0;&amp#0;&amp#0;&amp#0;&amp#0;&amp#0;&amp#0;&amp#0;h$&amp#0;&amp#0;docProps/app.xmlPK&amp#5;&amp#6;&amp#0;&amp#0;&amp#0;&amp#0;&amp#12;&amp#0;&amp#12;&amp#0;&amp#23;&amp#3;&amp#0;&amp#0;2'&amp#0;&amp#0;&amp#0;&amp#0;

[main] INFO com.shaft.tools.io.ReportManagerHelper - [ReportManager] Setting discrete logging to: "true" @12-10-2022 16:11:02.0783 PM
[main] INFO com.shaft.tools.io.ReportManagerHelper - [ReportManager] Response status code: "200", status line: "HTTP/1.1 200 OK" @12-10-2022 16:11:02.0784 PM
[main] INFO com.shaft.tools.io.ReportManagerHelper - [ReportManager] Setting discrete logging to: "false" @12-10-2022 16:11:02.0785 PM
[main] INFO com.shaft.tools.io.ReportManagerHelper - [ReportManager] Successfully created attachment "API Request - Specifications" @12-10-2022 16:11:02.0799 PM
[main] INFO com.shaft.tools.io.ReportManagerHelper - [ReportManager] Debugging Attachment Entry @12-10-2022 16:11:02.0799 PM
Headers:
_______________

Content-Type=application/x-www-form-urlencoded


[main] INFO com.shaft.tools.io.ReportManagerHelper - [ReportManager] Successfully created attachment "API Request - Body" @12-10-2022 16:11:02.0799 PM
[main] INFO com.shaft.tools.io.ReportManagerHelper - [ReportManager] Debugging Attachment Entry @12-10-2022 16:11:02.0799 PM
��&amp#0;&amp#5;t&amp#0;Ausername=tokhi&password=123&grant_type=password&client_id=tic-api

[main] INFO com.shaft.tools.io.ReportManagerHelper - [ReportManager] Successfully created attachment "API Response - JSON Body" @12-10-2022 16:11:02.0800 PM
[main] INFO com.shaft.tools.io.ReportManagerHelper - [ReportManager] Debugging Attachment Entry @12-10-2022 16:11:02.0800 PM
{
  "access_token": "eyJhbGciOiJSUzI1NiIsInR5cCIgOiAiSldUIiwia2lkIiA6ICJjck9ORDFNdFVPVWhzS2Mtb0ppVFFmb0o1d1l4REF6Y3k0ZjNYZ0dveGdZIn0.eyJleHAiOjE2NjU1ODQxNjEsImlhdCI6MTY2NTU4Mzg2MSwianRpIjoiYzYwYTE4MWMtZGM2Yi00NDY2LWFkZTktYjZiODAxNGU4ZTg2IiwiaXNzIjoiaHR0cHM6Ly9hdXRoLWRlbW8ubnAudHJhbnNwb3J0aWNvbmxpbmUuY29tL2F1dGgvcmVhbG1zL3RpYyIsImF1ZCI6ImFjY291bnQiLCJzdWIiOiI0ZTk3NmQ0NC1iM2ZkLTRjYTktODk1Ny0wYWJiODUwNzNhNzQiLCJ0eXAiOiJCZWFyZXIiLCJhenAiOiJ0aWMtYXBpIiwic2Vzc2lvbl9zdGF0ZSI6ImY1MzFkZThmLTdhYTgtNDMwZS04N2RjLTYxZjMzOWNiYWE1YSIsImFjciI6IjEiLCJhbGxvd2VkLW9yaWdpbnMiOlsiaHR0cHM6Ly9hcGktZGV2Lm5wLnRyYW5zcG9ydGljb25saW5lLmNvbSJdLCJyZWFsbV9hY2Nlc3MiOnsicm9sZXMiOlsib2ZmbGluZV9hY2Nlc3MiLCJkZWZhdWx0LXJvbGVzLXRpYyIsInVtYV9hdXRob3JpemF0aW9uIiwidXNlciJdfSwicmVzb3VyY2VfYWNjZXNzIjp7ImFjY291bnQiOnsicm9sZXMiOlsibWFuYWdlLWFjY291bnQiLCJtYW5hZ2UtYWNjb3VudC1saW5rcyIsInZpZXctcHJvZmlsZSJdfX0sInNjb3BlIjoiZW1haWwgcHJvZmlsZSIsInNpZCI6ImY1MzFkZThmLTdhYTgtNDMwZS04N2RjLTYxZjMzOWNiYWE1YSIsImVtYWlsX3ZlcmlmaWVkIjpmYWxzZSwicHJlZmVycmVkX3VzZXJuYW1lIjoidG9raGkiLCJ0Y0lkIjoiMzE5OTU3In0.AXTE4IRn3Q83qizAy5xs1qYT9bZXl28yy57WNJeylnptQYkji5RGEolbzCjXAjLEtyniTJ5id-610-T15I-dKRx1ZJkU96yrFysAlk9qlIpy4eM0nct9TA65WH93J3IEVrQf2k9jG9U2P1cY3SoUWXbYSZmopAo29Vc8x4Y9nbX14Dek1OjVRJR36sRYxCxnHxi6Je2ZSXDQmTdmSfSVATmkINM96v1dUf8OLfzjVB7gfw_xjtRGIl4PpbiTFpvCxq_siCatEY89bmEu_sWpsjyGqz9pqEaij9WUH00KFSTIqCKGaZV6eJL6mbM4mjc7mtfJBOy8Ika7pzRzbSWl-Q",
  "refresh_token": "eyJhbGciOiJIUzI1NiIsInR5cCIgOiAiSldUIiwia2lkIiA6ICJkMTFjNTY4Yi1iMjAyLTQzYjgtYTBiMy1hYWI4ZWMyYWQzZDEifQ.eyJleHAiOjE2NjU1ODU2NjEsImlhdCI6MTY2NTU4Mzg2MSwianRpIjoiODU5M2FiMTYtMDhiOC00YWU0LTgwNjgtOTUzYThkZmE0ODJhIiwiaXNzIjoiaHR0cHM6Ly9hdXRoLWRlbW8ubnAudHJhbnNwb3J0aWNvbmxpbmUuY29tL2F1dGgvcmVhbG1zL3RpYyIsImF1ZCI6Imh0dHBzOi8vYXV0aC1kZW1vLm5wLnRyYW5zcG9ydGljb25saW5lLmNvbS9hdXRoL3JlYWxtcy90aWMiLCJzdWIiOiI0ZTk3NmQ0NC1iM2ZkLTRjYTktODk1Ny0wYWJiODUwNzNhNzQiLCJ0eXAiOiJSZWZyZXNoIiwiYXpwIjoidGljLWFwaSIsInNlc3Npb25fc3RhdGUiOiJmNTMxZGU4Zi03YWE4LTQzMGUtODdkYy02MWYzMzljYmFhNWEiLCJzY29wZSI6ImVtYWlsIHByb2ZpbGUiLCJzaWQiOiJmNTMxZGU4Zi03YWE4LTQzMGUtODdkYy02MWYzMzljYmFhNWEifQ.C9hGYaLf7ipvVl6YFuRRyYAmB1vEd5uwIICyhv6S4Ho",
  "refresh_expires_in": 1800,
  "not-before-policy": 0,
  "scope": "email profile",
  "token_type": "Bearer",
  "session_state": "f531de8f-7aa8-430e-87dc-61f339cbaa5a",
  "expires_in": 300
}

[main] INFO com.shaft.tools.io.ReportManagerHelper - [ReportManager] Successfully created attachment "Validation Test Data - Expected Value" @12-10-2022 16:11:02.0801 PM
[main] INFO com.shaft.tools.io.ReportManagerHelper - [ReportManager] Debugging Attachment Entry @12-10-2022 16:11:02.0801 PM
access_token

[main] INFO com.shaft.tools.io.ReportManagerHelper - [ReportManager] Successfully created attachment "Validation Test Data - Actual Value" @12-10-2022 16:11:02.0801 PM
[main] INFO com.shaft.tools.io.ReportManagerHelper - [ReportManager] Debugging Attachment Entry @12-10-2022 16:11:02.0801 PM
{"access_token":"eyJhbGciOiJSUzI1NiIsInR5cCIgOiAiSldUIiwia2lkIiA6ICJjck9ORDFNdFVPVWhzS2Mtb0ppVFFmb0o1d1l4REF6Y3k0ZjNYZ0dveGdZIn0.eyJleHAiOjE2NjU1ODQxNjEsImlhdCI6MTY2NTU4Mzg2MSwianRpIjoiYzYwYTE4MWMtZGM2Yi00NDY2LWFkZTktYjZiODAxNGU4ZTg2IiwiaXNzIjoiaHR0cHM6Ly9hdXRoLWRlbW8ubnAudHJhbnNwb3J0aWNvbmxpbmUuY29tL2F1dGgvcmVhbG1zL3RpYyIsImF1ZCI6ImFjY291bnQiLCJzdWIiOiI0ZTk3NmQ0NC1iM2ZkLTRjYTktODk1Ny0wYWJiODUwNzNhNzQiLCJ0eXAiOiJCZWFyZXIiLCJhenAiOiJ0aWMtYXBpIiwic2Vzc2lvbl9zdGF0ZSI6ImY1MzFkZThmLTdhYTgtNDMwZS04N2RjLTYxZjMzOWNiYWE1YSIsImFjciI6IjEiLCJhbGxvd2VkLW9yaWdpbnMiOlsiaHR0cHM6Ly9hcGktZGV2Lm5wLnRyYW5zcG9ydGljb25saW5lLmNvbSJdLCJyZWFsbV9hY2Nlc3MiOnsicm9sZXMiOlsib2ZmbGluZV9hY2Nlc3MiLCJkZWZhdWx0LXJvbGVzLXRpYyIsInVtYV9hdXRob3JpemF0aW9uIiwidXNlciJdfSwicmVzb3VyY2VfYWNjZXNzIjp7ImFjY291bnQiOnsicm9sZXMiOlsibWFuYWdlLWFjY291bnQiLCJtYW5hZ2UtYWNjb3VudC1saW5rcyIsInZpZXctcHJvZmlsZSJdfX0sInNjb3BlIjoiZW1haWwgcHJvZmlsZSIsInNpZCI6ImY1MzFkZThmLTdhYTgtNDMwZS04N2RjLTYxZjMzOWNiYWE1YSIsImVtYWlsX3ZlcmlmaWVkIjpmYWxzZSwicHJlZmVycmVkX3VzZXJuYW1lIjoidG9raGkiLCJ0Y0lkIjoiMzE5OTU3In0.AXTE4IRn3Q83qizAy5xs1qYT9bZXl28yy57WNJeylnptQYkji5RGEolbzCjXAjLEtyniTJ5id-610-T15I-dKRx1ZJkU96yrFysAlk9qlIpy4eM0nct9TA65WH93J3IEVrQf2k9jG9U2P1cY3SoUWXbYSZmopAo29Vc8x4Y9nbX14Dek1OjVRJR36sRYxCxnHxi6Je2ZSXDQmTdmSfSVATmkINM96v1dUf8OLfzjVB7gfw_xjtRGIl4PpbiTFpvCxq_siCatEY89bmEu_sWpsjyGqz9pqEaij9WUH00KFSTIqCKGaZV6eJL6mbM4mjc7mtfJBOy8Ika7pzRzbSWl-Q","expires_in":300,"refresh_expires_in":1800,"refresh_token":"eyJhbGciOiJIUzI1NiIsInR5cCIgOiAiSldUIiwia2lkIiA6ICJkMTFjNTY4Yi1iMjAyLTQzYjgtYTBiMy1hYWI4ZWMyYWQzZDEifQ.eyJleHAiOjE2NjU1ODU2NjEsImlhdCI6MTY2NTU4Mzg2MSwianRpIjoiODU5M2FiMTYtMDhiOC00YWU0LTgwNjgtOTUzYThkZmE0ODJhIiwiaXNzIjoiaHR0cHM6Ly9hdXRoLWRlbW8ubnAudHJhbnNwb3J0aWNvbmxpbmUuY29tL2F1dGgvcmVhbG1zL3RpYyIsImF1ZCI6Imh0dHBzOi8vYXV0aC1kZW1vLm5wLnRyYW5zcG9ydGljb25saW5lLmNvbS9hdXRoL3JlYWxtcy90aWMiLCJzdWIiOiI0ZTk3NmQ0NC1iM2ZkLTRjYTktODk1Ny0wYWJiODUwNzNhNzQiLCJ0eXAiOiJSZWZyZXNoIiwiYXpwIjoidGljLWFwaSIsInNlc3Npb25fc3RhdGUiOiJmNTMxZGU4Zi03YWE4LTQzMGUtODdkYy02MWYzMzljYmFhNWEiLCJzY29wZSI6ImVtYWlsIHByb2ZpbGUiLCJzaWQiOiJmNTMxZGU4Zi03YWE4LTQzMGUtODdkYy02MWYzMzljYmFhNWEifQ.C9hGYaLf7ipvVl6YFuRRyYAmB1vEd5uwIICyhv6S4Ho","token_type":"Bearer","not-before-policy":0,"session_state":"f531de8f-7aa8-430e-87dc-61f339cbaa5a","scope":"email profile"}

[main] INFO com.shaft.tools.io.ReportManagerHelper - [ReportManager] Get response jsonvalue "access_token". @12-10-2022 16:11:02.0802 PM
[main] INFO com.shaft.tools.io.ReportManagerHelper - [ReportManager] Successfully created attachment "Validation Test Data - Expected Value" @12-10-2022 16:11:02.0803 PM
[main] INFO com.shaft.tools.io.ReportManagerHelper - [ReportManager] Debugging Attachment Entry @12-10-2022 16:11:02.0803 PM
null

[main] INFO com.shaft.tools.io.ReportManagerHelper - [ReportManager] Successfully created attachment "Validation Test Data - Actual Value" @12-10-2022 16:11:02.0803 PM
[main] INFO com.shaft.tools.io.ReportManagerHelper - [ReportManager] Debugging Attachment Entry @12-10-2022 16:11:02.0803 PM
eyJhbGciOiJSUzI1NiIsInR5cCIgOiAiSldUIiwia2lkIiA6ICJjck9ORDFNdFVPVWhzS2Mtb0ppVFFmb0o1d1l4REF6Y3k0ZjNYZ0dveGdZIn0.eyJleHAiOjE2NjU1ODQxNjEsImlhdCI6MTY2NTU4Mzg2MSwianRpIjoiYzYwYTE4MWMtZGM2Yi00NDY2LWFkZTktYjZiODAxNGU4ZTg2IiwiaXNzIjoiaHR0cHM6Ly9hdXRoLWRlbW8ubnAudHJhbnNwb3J0aWNvbmxpbmUuY29tL2F1dGgvcmVhbG1zL3RpYyIsImF1ZCI6ImFjY291bnQiLCJzdWIiOiI0ZTk3NmQ0NC1iM2ZkLTRjYTktODk1Ny0wYWJiODUwNzNhNzQiLCJ0eXAiOiJCZWFyZXIiLCJhenAiOiJ0aWMtYXBpIiwic2Vzc2lvbl9zdGF0ZSI6ImY1MzFkZThmLTdhYTgtNDMwZS04N2RjLTYxZjMzOWNiYWE1YSIsImFjciI6IjEiLCJhbGxvd2VkLW9yaWdpbnMiOlsiaHR0cHM6Ly9hcGktZGV2Lm5wLnRyYW5zcG9ydGljb25saW5lLmNvbSJdLCJyZWFsbV9hY2Nlc3MiOnsicm9sZXMiOlsib2ZmbGluZV9hY2Nlc3MiLCJkZWZhdWx0LXJvbGVzLXRpYyIsInVtYV9hdXRob3JpemF0aW9uIiwidXNlciJdfSwicmVzb3VyY2VfYWNjZXNzIjp7ImFjY291bnQiOnsicm9sZXMiOlsibWFuYWdlLWFjY291bnQiLCJtYW5hZ2UtYWNjb3VudC1saW5rcyIsInZpZXctcHJvZmlsZSJdfX0sInNjb3BlIjoiZW1haWwgcHJvZmlsZSIsInNpZCI6ImY1MzFkZThmLTdhYTgtNDMwZS04N2RjLTYxZjMzOWNiYWE1YSIsImVtYWlsX3ZlcmlmaWVkIjpmYWxzZSwicHJlZmVycmVkX3VzZXJuYW1lIjoidG9raGkiLCJ0Y0lkIjoiMzE5OTU3In0.AXTE4IRn3Q83qizAy5xs1qYT9bZXl28yy57WNJeylnptQYkji5RGEolbzCjXAjLEtyniTJ5id-610-T15I-dKRx1ZJkU96yrFysAlk9qlIpy4eM0nct9TA65WH93J3IEVrQf2k9jG9U2P1cY3SoUWXbYSZmopAo29Vc8x4Y9nbX14Dek1OjVRJR36sRYxCxnHxi6Je2ZSXDQmTdmSfSVATmkINM96v1dUf8OLfzjVB7gfw_xjtRGIl4PpbiTFpvCxq_siCatEY89bmEu_sWpsjyGqz9pqEaij9WUH00KFSTIqCKGaZV6eJL6mbM4mjc7mtfJBOy8Ika7pzRzbSWl-Q

[main] INFO com.shaft.tools.io.ReportManagerHelper - [ReportManager] File Action "DoesFileExist" successfully performed. With the following test data "File Path: "Token_schema.json"". @12-10-2022 16:11:02.0804 PM
[main] INFO com.shaft.tools.io.ReportManagerHelper - [ReportManager] File Action "DoesFileExist" successfully performed. With the following test data "File Path: "src/test/resources/testDataFiles/Token_schema.json"". @12-10-2022 16:11:02.0804 PM
[main] INFO com.shaft.tools.io.ReportManagerHelper - [ReportManager] File Action "GetAbsolutePath" successfully performed. With the following test data "Relative Folder Path: "src/test/resources/testDataFiles/Token_schema.json"". @12-10-2022 16:11:02.0804 PM
[main] INFO com.shaft.tools.io.ReportManagerHelper - [ReportManager] File Action "DoesFileExist" successfully performed. With the following test data "File Path: "C:\eclipse-workspace\MyProjects\TASystemsAPIs\src\test\resources\testDataFiles\Token_schema.json"". @12-10-2022 16:11:02.0807 PM
[main] INFO com.shaft.tools.io.ReportManagerHelper - [ReportManager] File Action "GetAbsolutePath" successfully performed. With the following test data "Relative Folder Path: "C:\eclipse-workspace\MyProjects\TASystemsAPIs\src\test\resources\testDataFiles\Token_schema.json"". @12-10-2022 16:11:02.0808 PM
[main] INFO com.shaft.tools.io.ReportManagerHelper - [ReportManager] File Action "ReadFromFile" successfully performed. With the following test data "File Path: "C:\eclipse-workspace\MyProjects\TASystemsAPIs\src\test\resources\testDataFiles\Token_schema.json"". @12-10-2022 16:11:02.0808 PM
[main] INFO com.shaft.tools.io.ReportManagerHelper - [ReportManager] Successfully created attachment "Validation Test Data - Expected JSON Value" @12-10-2022 16:11:02.0810 PM
[main] INFO com.shaft.tools.io.ReportManagerHelper - [ReportManager] Debugging Attachment Entry @12-10-2022 16:11:02.0810 PM
{
  "$schema": "http://json-schema.org/draft-04/schema#",
  "type": "object",
  "properties": {
    "access_token": {
      "type": "string"
    },
    "refresh_token": {
      "type": "string"
    },
    "refresh_expires_in": {
      "type": "integer"
    },
    "not-before-policy": {
      "type": "integer"
    },
    "scope": {
      "type": "string"
    },
    "token_type": {
      "type": "string"
    },
    "session_state": {
      "type": "string"
    },
    "expires_in": {
      "type": "integer"
    }
  },
  "required": [
    "access_token",
    "expires_in",
    "refresh_expires_in",
    "refresh_token",
    "token_type",
    "not-before-policy",
    "session_state",
    "scope"
  ]
}

[main] INFO com.shaft.tools.io.ReportManagerHelper - [ReportManager] Successfully created attachment "Validation Test Data - Actual JSON Value" @12-10-2022 16:11:02.0811 PM
[main] INFO com.shaft.tools.io.ReportManagerHelper - [ReportManager] Debugging Attachment Entry @12-10-2022 16:11:02.0811 PM
{
  "access_token": "eyJhbGciOiJSUzI1NiIsInR5cCIgOiAiSldUIiwia2lkIiA6ICJjck9ORDFNdFVPVWhzS2Mtb0ppVFFmb0o1d1l4REF6Y3k0ZjNYZ0dveGdZIn0.eyJleHAiOjE2NjU1ODQxNjEsImlhdCI6MTY2NTU4Mzg2MSwianRpIjoiYzYwYTE4MWMtZGM2Yi00NDY2LWFkZTktYjZiODAxNGU4ZTg2IiwiaXNzIjoiaHR0cHM6Ly9hdXRoLWRlbW8ubnAudHJhbnNwb3J0aWNvbmxpbmUuY29tL2F1dGgvcmVhbG1zL3RpYyIsImF1ZCI6ImFjY291bnQiLCJzdWIiOiI0ZTk3NmQ0NC1iM2ZkLTRjYTktODk1Ny0wYWJiODUwNzNhNzQiLCJ0eXAiOiJCZWFyZXIiLCJhenAiOiJ0aWMtYXBpIiwic2Vzc2lvbl9zdGF0ZSI6ImY1MzFkZThmLTdhYTgtNDMwZS04N2RjLTYxZjMzOWNiYWE1YSIsImFjciI6IjEiLCJhbGxvd2VkLW9yaWdpbnMiOlsiaHR0cHM6Ly9hcGktZGV2Lm5wLnRyYW5zcG9ydGljb25saW5lLmNvbSJdLCJyZWFsbV9hY2Nlc3MiOnsicm9sZXMiOlsib2ZmbGluZV9hY2Nlc3MiLCJkZWZhdWx0LXJvbGVzLXRpYyIsInVtYV9hdXRob3JpemF0aW9uIiwidXNlciJdfSwicmVzb3VyY2VfYWNjZXNzIjp7ImFjY291bnQiOnsicm9sZXMiOlsibWFuYWdlLWFjY291bnQiLCJtYW5hZ2UtYWNjb3VudC1saW5rcyIsInZpZXctcHJvZmlsZSJdfX0sInNjb3BlIjoiZW1haWwgcHJvZmlsZSIsInNpZCI6ImY1MzFkZThmLTdhYTgtNDMwZS04N2RjLTYxZjMzOWNiYWE1YSIsImVtYWlsX3ZlcmlmaWVkIjpmYWxzZSwicHJlZmVycmVkX3VzZXJuYW1lIjoidG9raGkiLCJ0Y0lkIjoiMzE5OTU3In0.AXTE4IRn3Q83qizAy5xs1qYT9bZXl28yy57WNJeylnptQYkji5RGEolbzCjXAjLEtyniTJ5id-610-T15I-dKRx1ZJkU96yrFysAlk9qlIpy4eM0nct9TA65WH93J3IEVrQf2k9jG9U2P1cY3SoUWXbYSZmopAo29Vc8x4Y9nbX14Dek1OjVRJR36sRYxCxnHxi6Je2ZSXDQmTdmSfSVATmkINM96v1dUf8OLfzjVB7gfw_xjtRGIl4PpbiTFpvCxq_siCatEY89bmEu_sWpsjyGqz9pqEaij9WUH00KFSTIqCKGaZV6eJL6mbM4mjc7mtfJBOy8Ika7pzRzbSWl-Q",
  "refresh_token": "eyJhbGciOiJIUzI1NiIsInR5cCIgOiAiSldUIiwia2lkIiA6ICJkMTFjNTY4Yi1iMjAyLTQzYjgtYTBiMy1hYWI4ZWMyYWQzZDEifQ.eyJleHAiOjE2NjU1ODU2NjEsImlhdCI6MTY2NTU4Mzg2MSwianRpIjoiODU5M2FiMTYtMDhiOC00YWU0LTgwNjgtOTUzYThkZmE0ODJhIiwiaXNzIjoiaHR0cHM6Ly9hdXRoLWRlbW8ubnAudHJhbnNwb3J0aWNvbmxpbmUuY29tL2F1dGgvcmVhbG1zL3RpYyIsImF1ZCI6Imh0dHBzOi8vYXV0aC1kZW1vLm5wLnRyYW5zcG9ydGljb25saW5lLmNvbS9hdXRoL3JlYWxtcy90aWMiLCJzdWIiOiI0ZTk3NmQ0NC1iM2ZkLTRjYTktODk1Ny0wYWJiODUwNzNhNzQiLCJ0eXAiOiJSZWZyZXNoIiwiYXpwIjoidGljLWFwaSIsInNlc3Npb25fc3RhdGUiOiJmNTMxZGU4Zi03YWE4LTQzMGUtODdkYy02MWYzMzljYmFhNWEiLCJzY29wZSI6ImVtYWlsIHByb2ZpbGUiLCJzaWQiOiJmNTMxZGU4Zi03YWE4LTQzMGUtODdkYy02MWYzMzljYmFhNWEifQ.C9hGYaLf7ipvVl6YFuRRyYAmB1vEd5uwIICyhv6S4Ho",
  "refresh_expires_in": 1800,
  "not-before-policy": 0,
  "scope": "email profile",
  "token_type": "Bearer",
  "session_state": "f531de8f-7aa8-430e-87dc-61f339cbaa5a",
  "expires_in": 300
}

[main] INFO com.shaft.tools.io.ReportManagerHelper - [ReportManager] Successfully created attachment "SHAFT Engine Logs - Current Method log: Valid_Token_RQ_TC" @12-10-2022 16:11:02.0876 PM
[main] INFO com.shaft.tools.io.ReportManagerHelper - [ReportManager] Setting discrete logging to: "false" @12-10-2022 16:11:02.0877 PM
]]></system-err>
  </testcase>
</testsuite>