<?xml version="1.0" encoding="UTF-8"?>
<testsuite xmlns:xsi="http://www.w3.org/2001/XMLSchema-instance" xsi:noNamespaceSchemaLocation="https://maven.apache.org/surefire/maven-surefire-plugin/xsd/surefire-test-report-3.0.xsd" version="3.0" name="SteeringCompanyAPI_TestCases.Test_Case" time="11.101" tests="3" errors="0" skipped="0" failures="0">
  <properties>
    <property name="cucumber.publish.quiet" value="true"/>
    <property name="java.specification.version" value="17"/>
    <property name="sun.cpu.isalist" value="amd64"/>
    <property name="sun.arch.data.model" value="64"/>
    <property name="projectKey" value=""/>
    <property name="testDataFolderPath" value="src/test/resources/testDataFiles/"/>
    <property name="jiraUrl" value="https://"/>
    <property name="java.vendor.url" value="https://java.oracle.com/"/>
    <property name="imitatePort" value="8000"/>
    <property name="cucumber.filter.name" value=""/>
    <property name="propertiesFolderPath_CI" value=""/>
    <property name="ReportBugs" value="false"/>
    <property name="allureResultsFolderPath" value="allure-results/"/>
    <property name="sun.boot.library.path" value="C:\Program Files\Java\jdk-17.0.2\bin"/>
    <property name="sun.java.command" value="C:\Users\HeshamAbdElhamedGhar\AppData\Local\Temp\surefire2827585305712158208\surefirebooter-20221012155759043_3.jar C:\Users\HeshamAbdElhamedGhar\AppData\Local\Temp\surefire2827585305712158208 2022-10-12T15-57-58_578-jvmRun1 surefire-20221012155759043_1tmp surefire_0-20221012155759043_2tmp"/>
    <property name="jdk.debug" value="release"/>
    <property name="maximumPerformanceMode" value="0"/>
    <property name="autoMaximizeBrowserWindow" value="true"/>
    <property name="java.specification.vendor" value="Oracle Corporation"/>
    <property name="extentReportsFolderPath" value="extent-reports/"/>
    <property name="shaftEngineVersion" value="SHAFT Engine v6.4.20220906-BETA"/>
    <property name="java.version.date" value="2022-01-18"/>
    <property name="java.home" value="C:\Program Files\Java\jdk-17.0.2"/>
    <property name="testng.dtd.http" value="true"/>
    <property name="attemptClearBeforeTypingUsingBackspace" value="true"/>
    <property name="basedir" value="C:\eclipse-workspace\MyProjects\TASystemsAPIs"/>
    <property name="alwaysLogDiscreetly" value="false"/>
    <property name="java.specification.name" value="Java Platform API Specification"/>
    <property name="java.vm.specification.vendor" value="Oracle Corporation"/>
    <property name="browserStack.appName" value=""/>
    <property name="videoParams_recordVideo" value="true"/>
    <property name="assignee" value=""/>
    <property name="video.save.mode" value="ALL"/>
    <property name="waitImplicitly" value="false"/>
    <property name="user.script" value=""/>
    <property name="sun.management.compiler" value="HotSpot 64-Bit Tiered Compilers"/>
    <property name="browserStack.local" value="false"/>
    <property name="browserStack.geoLocation" value=""/>
    <property name="generateAllureReportArchive" value="false"/>
    <property name="java.runtime.version" value="17.0.2+8-LTS-86"/>
    <property name="watermarkImagePath" value="images/shaft_white_bg.png"/>
    <property name="browserStack.deviceName" value=""/>
    <property name="browserStack.browserVersion" value=""/>
    <property name="tinkey.kms.credentialPath" value=""/>
    <property name="file.encoding" value="Cp1252"/>
    <property name="forceCheckForElementVisibility" value="true"/>
    <property name="cleanAllureResultsDirectoryBeforeExecution" value="true"/>
    <property name="java.io.tmpdir" value="C:\Users\HESHAM~1\AppData\Local\Temp\"/>
    <property name="databaseNetworkTimeout" value="30"/>
    <property name="reportPath" value="target/surefire-reports/testng-results.xml"/>
    <property name="java.version" value="17.0.2"/>
    <property name="java.vm.specification.name" value="Java Virtual Machine Specification"/>
    <property name="databaseLoginTimeout" value="30"/>
    <property name="dockerCommandTimeout" value="30"/>
    <property name="implicitWaitTimeout" value="30"/>
    <property name="org.slf4j.simpleLogger.defaultLogLevel" value="trace"/>
    <property name="native.encoding" value="Cp1252"/>
    <property name="tinkey.kms.serverType" value=""/>
    <property name="java.library.path" value="C:\Program Files\Java\jdk-17.0.2\bin;C:\WINDOWS\Sun\Java\bin;C:\WINDOWS\system32;C:\WINDOWS;C:/Program Files/Java/jdk-17.0.2/bin/server;C:/Program Files/Java/jdk-17.0.2/bin;C:\Program Files\Python310\Scripts\;C:\Program Files\Python310\;C:\Program Files\Common Files\Oracle\Java\javapath;C:\Program Files (x86)\Common Files\Oracle\Java\javapath;C:\WINDOWS\system32;C:\WINDOWS;C:\WINDOWS\System32\Wbem;C:\WINDOWS\System32\WindowsPowerShell\v1.0\;C:\WINDOWS\System32\OpenSSH\;C:\Program Files\Java\jdk-18.0.2\bin;C:\WebDriver;C:\Users\HeshamAbdElhamedGhar\AppData\Roaming\nvm;C:\Program Files\nodejs;C:\Program Files\Liquid Technologies\Liquid Studio 2021\XmlDataBinder19\Redist19\cpp\win32\bin;C:\Program Files\Liquid Technologies\Liquid Studio 2021\XmlDataBinder19\Redist19\cpp\win64\bin;C:\Program Files\Git\cmd;C:\Users\HeshamAbdElhamedGhar\AppData\Local\Microsoft\WindowsApps;C:\Users\HeshamAbdElhamedGhar\AppData\Local\Programs\Microsoft VS Code\bin;C:\Users\HeshamAbdElhamedGhar\AppData\Roaming\npm;C:\Users\HeshamAbdElhamedGhar\AppData\Roaming\nvm;C:\Program Files\nodejs;C:\Program Files\JetBrains\IntelliJ IDEA Community Edition 2022.2.2\bin;;C:\Users\HeshamAbdElhamedGhar\AppData\Local\GitHubDesktop\bin;C:\Automation Testing Tools\java-2022-09\eclipse;;."/>
    <property name="java.vendor" value="Oracle Corporation"/>
    <property name="cucumber.execution.strict" value="true"/>
    <property name="screenshotParams_scalingFactor" value="1"/>
    <property name="sun.io.unicode.encoding" value="UnicodeLittle"/>
    <property name="executionAddress" value="local"/>
    <property name="apiConnectionManagerTimeout" value="30"/>
    <property name="browserObjectSingleton" value="false"/>
    <property name="screenshotParams_whenToTakeAScreenshot" value="ValidationPointsOnly"/>
    <property name="cucumber.features" value="src/test/resources"/>
    <property name="scriptExecutionTimeout" value="30"/>
    <property name="screenshotParams_highlightElements" value="true"/>
    <property name="MobileBrowserVersion" value=""/>
    <property name="user.timezone" value="Africa/Cairo"/>
    <property name="downloadsFolderPath" value="target/downloadedFiles/"/>
    <property name="java.vm.specification.version" value="17"/>
    <property name="os.name" value="Windows 11"/>
    <property name="mobile_appActivity" value=""/>
    <property name="mobile_app" value=""/>
    <property name="automaticallyAssertResponseStatusCode" value="true"/>
    <property name="surefire.test.class.path" value="C:\eclipse-workspace\MyProjects\TASystemsAPIs\target\test-classes;C:\eclipse-workspace\MyProjects\TASystemsAPIs\target\classes;C:\Users\HeshamAbdElhamedGhar\.m2\repository\io\github\shafthq\SHAFT_ENGINE\6.4.20220906-BETA\SHAFT_ENGINE-6.4.20220906-BETA.jar;C:\Users\HeshamAbdElhamedGhar\.m2\repository\org\testng\testng\7.6.1\testng-7.6.1.jar;C:\Users\HeshamAbdElhamedGhar\.m2\repository\com\google\code\findbugs\jsr305\3.0.2\jsr305-3.0.2.jar;C:\Users\HeshamAbdElhamedGhar\.m2\repository\com\beust\jcommander\1.82\jcommander-1.82.jar;C:\Users\HeshamAbdElhamedGhar\.m2\repository\org\webjars\jquery\3.6.0\jquery-3.6.0.jar;C:\Users\HeshamAbdElhamedGhar\.m2\repository\org\seleniumhq\selenium\selenium-java\4.4.0\selenium-java-4.4.0.jar;C:\Users\HeshamAbdElhamedGhar\.m2\repository\org\seleniumhq\selenium\selenium-api\4.4.0\selenium-api-4.4.0.jar;C:\Users\HeshamAbdElhamedGhar\.m2\repository\org\seleniumhq\selenium\selenium-chrome-driver\4.4.0\selenium-chrome-driver-4.4.0.jar;C:\Users\HeshamAbdElhamedGhar\.m2\repository\com\google\auto\service\auto-service-annotations\1.0.1\auto-service-annotations-1.0.1.jar;C:\Users\HeshamAbdElhamedGhar\.m2\repository\org\seleniumhq\selenium\selenium-chromium-driver\4.4.0\selenium-chromium-driver-4.4.0.jar;C:\Users\HeshamAbdElhamedGhar\.m2\repository\org\seleniumhq\selenium\selenium-json\4.4.0\selenium-json-4.4.0.jar;C:\Users\HeshamAbdElhamedGhar\.m2\repository\org\seleniumhq\selenium\selenium-devtools-v102\4.4.0\selenium-devtools-v102-4.4.0.jar;C:\Users\HeshamAbdElhamedGhar\.m2\repository\org\seleniumhq\selenium\selenium-devtools-v103\4.4.0\selenium-devtools-v103-4.4.0.jar;C:\Users\HeshamAbdElhamedGhar\.m2\repository\org\seleniumhq\selenium\selenium-devtools-v104\4.4.0\selenium-devtools-v104-4.4.0.jar;C:\Users\HeshamAbdElhamedGhar\.m2\repository\org\seleniumhq\selenium\selenium-devtools-v85\4.4.0\selenium-devtools-v85-4.4.0.jar;C:\Users\HeshamAbdElhamedGhar\.m2\repository\org\seleniumhq\selenium\selenium-edge-driver\4.4.0\selenium-edge-driver-4.4.0.jar;C:\Users\HeshamAbdElhamedGhar\.m2\repository\org\seleniumhq\selenium\selenium-firefox-driver\4.4.0\selenium-firefox-driver-4.4.0.jar;C:\Users\HeshamAbdElhamedGhar\.m2\repository\org\seleniumhq\selenium\selenium-ie-driver\4.4.0\selenium-ie-driver-4.4.0.jar;C:\Users\HeshamAbdElhamedGhar\.m2\repository\org\seleniumhq\selenium\selenium-opera-driver\4.4.0\selenium-opera-driver-4.4.0.jar;C:\Users\HeshamAbdElhamedGhar\.m2\repository\org\seleniumhq\selenium\selenium-remote-driver\4.4.0\selenium-remote-driver-4.4.0.jar;C:\Users\HeshamAbdElhamedGhar\.m2\repository\io\netty\netty-codec-http\4.1.78.Final\netty-codec-http-4.1.78.Final.jar;C:\Users\HeshamAbdElhamedGhar\.m2\repository\io\netty\netty-transport-classes-epoll\4.1.78.Final\netty-transport-classes-epoll-4.1.78.Final.jar;C:\Users\HeshamAbdElhamedGhar\.m2\repository\io\netty\netty-transport-classes-kqueue\4.1.78.Final\netty-transport-classes-kqueue-4.1.78.Final.jar;C:\Users\HeshamAbdElhamedGhar\.m2\repository\io\netty\netty-transport-native-epoll\4.1.78.Final\netty-transport-native-epoll-4.1.78.Final.jar;C:\Users\HeshamAbdElhamedGhar\.m2\repository\io\netty\netty-transport-native-kqueue\4.1.78.Final\netty-transport-native-kqueue-4.1.78.Final.jar;C:\Users\HeshamAbdElhamedGhar\.m2\repository\io\opentelemetry\opentelemetry-api\1.16.0\opentelemetry-api-1.16.0.jar;C:\Users\HeshamAbdElhamedGhar\.m2\repository\io\opentelemetry\opentelemetry-context\1.16.0\opentelemetry-context-1.16.0.jar;C:\Users\HeshamAbdElhamedGhar\.m2\repository\io\opentelemetry\opentelemetry-exporter-logging\1.16.0\opentelemetry-exporter-logging-1.16.0.jar;C:\Users\HeshamAbdElhamedGhar\.m2\repository\io\opentelemetry\opentelemetry-sdk-metrics\1.16.0\opentelemetry-sdk-metrics-1.16.0.jar;C:\Users\HeshamAbdElhamedGhar\.m2\repository\io\opentelemetry\opentelemetry-sdk-logs\1.16.0-alpha\opentelemetry-sdk-logs-1.16.0-alpha.jar;C:\Users\HeshamAbdElhamedGhar\.m2\repository\io\opentelemetry\opentelemetry-sdk-common\1.16.0\opentelemetry-sdk-common-1.16.0.jar;C:\Users\HeshamAbdElhamedGhar\.m2\repository\io\opentelemetry\opentelemetry-sdk-extension-autoconfigure-spi\1.16.0\opentelemetry-sdk-extension-autoconfigure-spi-1.16.0.jar;C:\Users\HeshamAbdElhamedGhar\.m2\repository\io\opentelemetry\opentelemetry-sdk-extension-autoconfigure\1.16.0-alpha\opentelemetry-sdk-extension-autoconfigure-1.16.0-alpha.jar;C:\Users\HeshamAbdElhamedGhar\.m2\repository\io\opentelemetry\opentelemetry-sdk-trace\1.16.0\opentelemetry-sdk-trace-1.16.0.jar;C:\Users\HeshamAbdElhamedGhar\.m2\repository\io\opentelemetry\opentelemetry-sdk\1.16.0\opentelemetry-sdk-1.16.0.jar;C:\Users\HeshamAbdElhamedGhar\.m2\repository\io\opentelemetry\opentelemetry-semconv\1.16.0-alpha\opentelemetry-semconv-1.16.0-alpha.jar;C:\Users\HeshamAbdElhamedGhar\.m2\repository\io\ous\jtoml\2.0.0\jtoml-2.0.0.jar;C:\Users\HeshamAbdElhamedGhar\.m2\repository\net\bytebuddy\byte-buddy\1.12.10\byte-buddy-1.12.10.jar;C:\Users\HeshamAbdElhamedGhar\.m2\repository\org\asynchttpclient\async-http-client\2.12.3\async-http-client-2.12.3.jar;C:\Users\HeshamAbdElhamedGhar\.m2\repository\org\asynchttpclient\async-http-client-netty-utils\2.12.3\async-http-client-netty-utils-2.12.3.jar;C:\Users\HeshamAbdElhamedGhar\.m2\repository\io\netty\netty-codec-socks\4.1.60.Final\netty-codec-socks-4.1.60.Final.jar;C:\Users\HeshamAbdElhamedGhar\.m2\repository\io\netty\netty-handler-proxy\4.1.60.Final\netty-handler-proxy-4.1.60.Final.jar;C:\Users\HeshamAbdElhamedGhar\.m2\repository\io\netty\netty-transport-native-epoll\4.1.60.Final\netty-transport-native-epoll-4.1.60.Final-linux-x86_64.jar;C:\Users\HeshamAbdElhamedGhar\.m2\repository\io\netty\netty-transport-native-kqueue\4.1.60.Final\netty-transport-native-kqueue-4.1.60.Final-osx-x86_64.jar;C:\Users\HeshamAbdElhamedGhar\.m2\repository\com\typesafe\netty\netty-reactive-streams\2.0.4\netty-reactive-streams-2.0.4.jar;C:\Users\HeshamAbdElhamedGhar\.m2\repository\com\sun\activation\jakarta.activation\1.2.2\jakarta.activation-1.2.2.jar;C:\Users\HeshamAbdElhamedGhar\.m2\repository\org\seleniumhq\selenium\selenium-http\4.4.0\selenium-http-4.4.0.jar;C:\Users\HeshamAbdElhamedGhar\.m2\repository\dev\failsafe\failsafe\3.2.4\failsafe-3.2.4.jar;C:\Users\HeshamAbdElhamedGhar\.m2\repository\org\seleniumhq\selenium\selenium-safari-driver\4.4.0\selenium-safari-driver-4.4.0.jar;C:\Users\HeshamAbdElhamedGhar\.m2\repository\org\seleniumhq\selenium\selenium-support\4.4.0\selenium-support-4.4.0.jar;C:\Users\HeshamAbdElhamedGhar\.m2\repository\io\netty\netty-handler\4.1.80.Final\netty-handler-4.1.80.Final.jar;C:\Users\HeshamAbdElhamedGhar\.m2\repository\io\netty\netty-common\4.1.80.Final\netty-common-4.1.80.Final.jar;C:\Users\HeshamAbdElhamedGhar\.m2\repository\io\netty\netty-resolver\4.1.80.Final\netty-resolver-4.1.80.Final.jar;C:\Users\HeshamAbdElhamedGhar\.m2\repository\io\netty\netty-buffer\4.1.80.Final\netty-buffer-4.1.80.Final.jar;C:\Users\HeshamAbdElhamedGhar\.m2\repository\io\netty\netty-transport\4.1.80.Final\netty-transport-4.1.80.Final.jar;C:\Users\HeshamAbdElhamedGhar\.m2\repository\io\netty\netty-transport-native-unix-common\4.1.80.Final\netty-transport-native-unix-common-4.1.80.Final.jar;C:\Users\HeshamAbdElhamedGhar\.m2\repository\io\netty\netty-codec\4.1.80.Final\netty-codec-4.1.80.Final.jar;C:\Users\HeshamAbdElhamedGhar\.m2\repository\io\appium\java-client\8.2.0\java-client-8.2.0.jar;C:\Users\HeshamAbdElhamedGhar\.m2\repository\com\google\code\gson\gson\2.9.1\gson-2.9.1.jar;C:\Users\HeshamAbdElhamedGhar\.m2\repository\commons-codec\commons-codec\1.15\commons-codec-1.15.jar;C:\Users\HeshamAbdElhamedGhar\.m2\repository\cglib\cglib\3.3.0\cglib-3.3.0.jar;C:\Users\HeshamAbdElhamedGhar\.m2\repository\org\ow2\asm\asm\7.1\asm-7.1.jar;C:\Users\HeshamAbdElhamedGhar\.m2\repository\commons-validator\commons-validator\1.7\commons-validator-1.7.jar;C:\Users\HeshamAbdElhamedGhar\.m2\repository\commons-beanutils\commons-beanutils\1.9.4\commons-beanutils-1.9.4.jar;C:\Users\HeshamAbdElhamedGhar\.m2\repository\commons-digester\commons-digester\2.1\commons-digester-2.1.jar;C:\Users\HeshamAbdElhamedGhar\.m2\repository\commons-collections\commons-collections\3.2.2\commons-collections-3.2.2.jar;C:\Users\HeshamAbdElhamedGhar\.m2\repository\org\apache\commons\commons-lang3\3.12.0\commons-lang3-3.12.0.jar;C:\Users\HeshamAbdElhamedGhar\.m2\repository\commons-io\commons-io\2.11.0\commons-io-2.11.0.jar;C:\Users\HeshamAbdElhamedGhar\.m2\repository\io\github\bonigarcia\webdrivermanager\5.3.0\webdrivermanager-5.3.0.jar;C:\Users\HeshamAbdElhamedGhar\.m2\repository\com\github\docker-java\docker-java\3.2.13\docker-java-3.2.13.jar;C:\Users\HeshamAbdElhamedGhar\.m2\repository\com\github\docker-java\docker-java-core\3.2.13\docker-java-core-3.2.13.jar;C:\Users\HeshamAbdElhamedGhar\.m2\repository\com\github\docker-java\docker-java-api\3.2.13\docker-java-api-3.2.13.jar;C:\Users\HeshamAbdElhamedGhar\.m2\repository\org\slf4j\jcl-over-slf4j\1.7.30\jcl-over-slf4j-1.7.30.jar;C:\Users\HeshamAbdElhamedGhar\.m2\repository\com\github\docker-java\docker-java-transport-httpclient5\3.2.13\docker-java-transport-httpclient5-3.2.13.jar;C:\Users\HeshamAbdElhamedGhar\.m2\repository\com\github\docker-java\docker-java-transport\3.2.13\docker-java-transport-3.2.13.jar;C:\Users\HeshamAbdElhamedGhar\.m2\repository\net\java\dev\jna\jna\5.8.0\jna-5.8.0.jar;C:\Users\HeshamAbdElhamedGhar\.m2\repository\org\brotli\dec\0.1.2\dec-0.1.2.jar;C:\Users\HeshamAbdElhamedGhar\.m2\repository\org\apache\httpcomponents\client5\httpclient5\5.1.3\httpclient5-5.1.3.jar;C:\Users\HeshamAbdElhamedGhar\.m2\repository\org\apache\httpcomponents\core5\httpcore5\5.1.3\httpcore5-5.1.3.jar;C:\Users\HeshamAbdElhamedGhar\.m2\repository\org\apache\httpcomponents\core5\httpcore5-h2\5.1.3\httpcore5-h2-5.1.3.jar;C:\Users\HeshamAbdElhamedGhar\.m2\repository\org\apache\poi\poi\5.2.2\poi-5.2.2.jar;C:\Users\HeshamAbdElhamedGhar\.m2\repository\org\apache\commons\commons-collections4\4.4\commons-collections4-4.4.jar;C:\Users\HeshamAbdElhamedGhar\.m2\repository\org\apache\commons\commons-math3\3.6.1\commons-math3-3.6.1.jar;C:\Users\HeshamAbdElhamedGhar\.m2\repository\com\zaxxer\SparseBitSet\1.2\SparseBitSet-1.2.jar;C:\Users\HeshamAbdElhamedGhar\.m2\repository\org\apache\logging\log4j\log4j-api\2.17.2\log4j-api-2.17.2.jar;C:\Users\HeshamAbdElhamedGhar\.m2\repository\org\apache\poi\poi-ooxml\5.2.2\poi-ooxml-5.2.2.jar;C:\Users\HeshamAbdElhamedGhar\.m2\repository\org\apache\poi\poi-ooxml-lite\5.2.2\poi-ooxml-lite-5.2.2.jar;C:\Users\HeshamAbdElhamedGhar\.m2\repository\org\apache\xmlbeans\xmlbeans\5.0.3\xmlbeans-5.0.3.jar;C:\Users\HeshamAbdElhamedGhar\.m2\repository\org\apache\commons\commons-compress\1.21\commons-compress-1.21.jar;C:\Users\HeshamAbdElhamedGhar\.m2\repository\com\github\virtuald\curvesapi\1.07\curvesapi-1.07.jar;C:\Users\HeshamAbdElhamedGhar\.m2\repository\io\qameta\allure\allure-testng\2.19.0\allure-testng-2.19.0.jar;C:\Users\HeshamAbdElhamedGhar\.m2\repository\io\qameta\allure\allure-java-commons\2.19.0\allure-java-commons-2.19.0.jar;C:\Users\HeshamAbdElhamedGhar\.m2\repository\io\qameta\allure\allure-model\2.19.0\allure-model-2.19.0.jar;C:\Users\HeshamAbdElhamedGhar\.m2\repository\io\qameta\allure\allure-test-filter\2.19.0\allure-test-filter-2.19.0.jar;C:\Users\HeshamAbdElhamedGhar\.m2\repository\io\qameta\allure\allure-cucumber7-jvm\2.19.0\allure-cucumber7-jvm-2.19.0.jar;C:\Users\HeshamAbdElhamedGhar\.m2\repository\io\cucumber\gherkin\23.0.1\gherkin-23.0.1.jar;C:\Users\HeshamAbdElhamedGhar\.m2\repository\io\cucumber\messages\18.0.0\messages-18.0.0.jar;C:\Users\HeshamAbdElhamedGhar\.m2\repository\org\aspectj\aspectjweaver\1.9.9.1\aspectjweaver-1.9.9.1.jar;C:\Users\HeshamAbdElhamedGhar\.m2\repository\com\aventstack\extentreports\5.0.9\extentreports-5.0.9.jar;C:\Users\HeshamAbdElhamedGhar\.m2\repository\io\reactivex\rxjava3\rxjava\3.0.4\rxjava-3.0.4.jar;C:\Users\HeshamAbdElhamedGhar\.m2\repository\org\reactivestreams\reactive-streams\1.0.3\reactive-streams-1.0.3.jar;C:\Users\HeshamAbdElhamedGhar\.m2\repository\org\freemarker\freemarker\2.3.30\freemarker-2.3.30.jar;C:\Users\HeshamAbdElhamedGhar\.m2\repository\org\apache\pdfbox\pdfbox\2.0.26\pdfbox-2.0.26.jar;C:\Users\HeshamAbdElhamedGhar\.m2\repository\org\apache\pdfbox\fontbox\2.0.26\fontbox-2.0.26.jar;C:\Users\HeshamAbdElhamedGhar\.m2\repository\commons-logging\commons-logging\1.2\commons-logging-1.2.jar;C:\Users\HeshamAbdElhamedGhar\.m2\repository\io\rest-assured\rest-assured\5.1.1\rest-assured-5.1.1.jar;C:\Users\HeshamAbdElhamedGhar\.m2\repository\org\apache\groovy\groovy\4.0.1\groovy-4.0.1.jar;C:\Users\HeshamAbdElhamedGhar\.m2\repository\org\apache\groovy\groovy-xml\4.0.1\groovy-xml-4.0.1.jar;C:\Users\HeshamAbdElhamedGhar\.m2\repository\org\apache\httpcomponents\httpclient\4.5.13\httpclient-4.5.13.jar;C:\Users\HeshamAbdElhamedGhar\.m2\repository\org\apache\httpcomponents\httpcore\4.4.13\httpcore-4.4.13.jar;C:\Users\HeshamAbdElhamedGhar\.m2\repository\org\apache\httpcomponents\httpmime\4.5.13\httpmime-4.5.13.jar;C:\Users\HeshamAbdElhamedGhar\.m2\repository\org\hamcrest\hamcrest\2.1\hamcrest-2.1.jar;C:\Users\HeshamAbdElhamedGhar\.m2\repository\org\ccil\cowan\tagsoup\tagsoup\1.2.1\tagsoup-1.2.1.jar;C:\Users\HeshamAbdElhamedGhar\.m2\repository\io\rest-assured\json-path\5.1.1\json-path-5.1.1.jar;C:\Users\HeshamAbdElhamedGhar\.m2\repository\org\apache\groovy\groovy-json\4.0.1\groovy-json-4.0.1.jar;C:\Users\HeshamAbdElhamedGhar\.m2\repository\io\rest-assured\rest-assured-common\5.1.1\rest-assured-common-5.1.1.jar;C:\Users\HeshamAbdElhamedGhar\.m2\repository\io\rest-assured\xml-path\5.1.1\xml-path-5.1.1.jar;C:\Users\HeshamAbdElhamedGhar\.m2\repository\com\googlecode\json-simple\json-simple\1.1.1\json-simple-1.1.1.jar;C:\Users\HeshamAbdElhamedGhar\.m2\repository\com\jayway\jsonpath\json-path\2.7.0\json-path-2.7.0.jar;C:\Users\HeshamAbdElhamedGhar\.m2\repository\net\minidev\json-smart\2.4.7\json-smart-2.4.7.jar;C:\Users\HeshamAbdElhamedGhar\.m2\repository\net\minidev\accessors-smart\2.4.7\accessors-smart-2.4.7.jar;C:\Users\HeshamAbdElhamedGhar\.m2\repository\org\skyscreamer\jsonassert\1.5.1\jsonassert-1.5.1.jar;C:\Users\HeshamAbdElhamedGhar\.m2\repository\com\vaadin\external\google\android-json\0.0.20131108.vaadin1\android-json-0.0.20131108.vaadin1.jar;C:\Users\HeshamAbdElhamedGhar\.m2\repository\eu\medsea\mimeutil\mime-util\2.1.3\mime-util-2.1.3.jar;C:\Users\HeshamAbdElhamedGhar\.m2\repository\io\rest-assured\json-schema-validator\5.1.1\json-schema-validator-5.1.1.jar;C:\Users\HeshamAbdElhamedGhar\.m2\repository\com\github\java-json-tools\json-schema-validator\2.2.14\json-schema-validator-2.2.14.jar;C:\Users\HeshamAbdElhamedGhar\.m2\repository\com\github\java-json-tools\jackson-coreutils-equivalence\1.0\jackson-coreutils-equivalence-1.0.jar;C:\Users\HeshamAbdElhamedGhar\.m2\repository\com\github\java-json-tools\jackson-coreutils\2.0\jackson-coreutils-2.0.jar;C:\Users\HeshamAbdElhamedGhar\.m2\repository\com\github\java-json-tools\msg-simple\1.2\msg-simple-1.2.jar;C:\Users\HeshamAbdElhamedGhar\.m2\repository\com\github\java-json-tools\btf\1.3\btf-1.3.jar;C:\Users\HeshamAbdElhamedGhar\.m2\repository\com\github\java-json-tools\json-schema-core\1.2.14\json-schema-core-1.2.14.jar;C:\Users\HeshamAbdElhamedGhar\.m2\repository\com\github\java-json-tools\uri-template\0.10\uri-template-0.10.jar;C:\Users\HeshamAbdElhamedGhar\.m2\repository\org\mozilla\rhino\1.7.7.2\rhino-1.7.7.2.jar;C:\Users\HeshamAbdElhamedGhar\.m2\repository\com\sun\mail\mailapi\1.6.2\mailapi-1.6.2.jar;C:\Users\HeshamAbdElhamedGhar\.m2\repository\joda-time\joda-time\2.10.5\joda-time-2.10.5.jar;C:\Users\HeshamAbdElhamedGhar\.m2\repository\com\googlecode\libphonenumber\libphonenumber\8.11.1\libphonenumber-8.11.1.jar;C:\Users\HeshamAbdElhamedGhar\.m2\repository\net\sf\jopt-simple\jopt-simple\5.0.4\jopt-simple-5.0.4.jar;C:\Users\HeshamAbdElhamedGhar\.m2\repository\com\fasterxml\jackson\datatype\jackson-datatype-jdk8\2.13.4\jackson-datatype-jdk8-2.13.4.jar;C:\Users\HeshamAbdElhamedGhar\.m2\repository\com\fasterxml\jackson\core\jackson-core\2.13.4\jackson-core-2.13.4.jar;C:\Users\HeshamAbdElhamedGhar\.m2\repository\com\applitools\eyes-images-java4\4.14.0\eyes-images-java4-4.14.0.jar;C:\Users\HeshamAbdElhamedGhar\.m2\repository\com\applitools\eyes-common-java4\4.14.0\eyes-common-java4-4.14.0.jar;C:\Users\HeshamAbdElhamedGhar\.m2\repository\org\imgscalr\imgscalr-lib\4.2\imgscalr-lib-4.2.jar;C:\Users\HeshamAbdElhamedGhar\.m2\repository\com\helger\ph-css\6.1.1\ph-css-6.1.1.jar;C:\Users\HeshamAbdElhamedGhar\.m2\repository\com\helger\ph-commons\9.0.2\ph-commons-9.0.2.jar;C:\Users\HeshamAbdElhamedGhar\.m2\repository\org\jsoup\jsoup\1.8.3\jsoup-1.8.3.jar;C:\Users\HeshamAbdElhamedGhar\.m2\repository\com\applitools\eyes-sdk-core-java4\4.14.0\eyes-sdk-core-java4-4.14.0.jar;C:\Users\HeshamAbdElhamedGhar\.m2\repository\com\applitools\eyes-connectivity-java4-jersey2x\4.14.0\eyes-connectivity-java4-jersey2x-4.14.0.jar;C:\Users\HeshamAbdElhamedGhar\.m2\repository\org\glassfish\jersey\connectors\jersey-apache-connector\2.16\jersey-apache-connector-2.16.jar;C:\Users\HeshamAbdElhamedGhar\.m2\repository\org\glassfish\jersey\core\jersey-common\2.16\jersey-common-2.16.jar;C:\Users\HeshamAbdElhamedGhar\.m2\repository\javax\annotation\javax.annotation-api\1.2\javax.annotation-api-1.2.jar;C:\Users\HeshamAbdElhamedGhar\.m2\repository\org\glassfish\jersey\bundles\repackaged\jersey-guava\2.16\jersey-guava-2.16.jar;C:\Users\HeshamAbdElhamedGhar\.m2\repository\org\glassfish\hk2\osgi-resource-locator\1.0.1\osgi-resource-locator-1.0.1.jar;C:\Users\HeshamAbdElhamedGhar\.m2\repository\javax\ws\rs\javax.ws.rs-api\2.0.1\javax.ws.rs-api-2.0.1.jar;C:\Users\HeshamAbdElhamedGhar\.m2\repository\org\glassfish\jersey\core\jersey-client\2.16\jersey-client-2.16.jar;C:\Users\HeshamAbdElhamedGhar\.m2\repository\org\glassfish\hk2\hk2-api\2.4.0-b09\hk2-api-2.4.0-b09.jar;C:\Users\HeshamAbdElhamedGhar\.m2\repository\org\glassfish\hk2\hk2-utils\2.4.0-b09\hk2-utils-2.4.0-b09.jar;C:\Users\HeshamAbdElhamedGhar\.m2\repository\org\glassfish\hk2\external\aopalliance-repackaged\2.4.0-b09\aopalliance-repackaged-2.4.0-b09.jar;C:\Users\HeshamAbdElhamedGhar\.m2\repository\org\glassfish\hk2\external\javax.inject\2.4.0-b09\javax.inject-2.4.0-b09.jar;C:\Users\HeshamAbdElhamedGhar\.m2\repository\org\glassfish\hk2\hk2-locator\2.4.0-b09\hk2-locator-2.4.0-b09.jar;C:\Users\HeshamAbdElhamedGhar\.m2\repository\org\openpnp\opencv\4.5.5-1\opencv-4.5.5-1.jar;C:\Users\HeshamAbdElhamedGhar\.m2\repository\com\sikulix\sikulixapi\2.0.5\sikulixapi-2.0.5.jar;C:\Users\HeshamAbdElhamedGhar\.m2\repository\org\python\jython-slim\2.7.2\jython-slim-2.7.2.jar;C:\Users\HeshamAbdElhamedGhar\.m2\repository\org\antlr\antlr\3.5.2\antlr-3.5.2.jar;C:\Users\HeshamAbdElhamedGhar\.m2\repository\org\antlr\ST4\4.0.8\ST4-4.0.8.jar;C:\Users\HeshamAbdElhamedGhar\.m2\repository\javax\servlet\javax.servlet-api\3.1.0\javax.servlet-api-3.1.0.jar;C:\Users\HeshamAbdElhamedGhar\.m2\repository\org\antlr\antlr-runtime\3.5.2\antlr-runtime-3.5.2.jar;C:\Users\HeshamAbdElhamedGhar\.m2\repository\org\bouncycastle\bcpkix-jdk15on\1.62\bcpkix-jdk15on-1.62.jar;C:\Users\HeshamAbdElhamedGhar\.m2\repository\org\bouncycastle\bcprov-jdk15on\1.62\bcprov-jdk15on-1.62.jar;C:\Users\HeshamAbdElhamedGhar\.m2\repository\org\ow2\asm\asm-commons\7.1\asm-commons-7.1.jar;C:\Users\HeshamAbdElhamedGhar\.m2\repository\org\ow2\asm\asm-tree\7.1\asm-tree-7.1.jar;C:\Users\HeshamAbdElhamedGhar\.m2\repository\org\ow2\asm\asm-analysis\7.1\asm-analysis-7.1.jar;C:\Users\HeshamAbdElhamedGhar\.m2\repository\org\ow2\asm\asm-util\7.1\asm-util-7.1.jar;C:\Users\HeshamAbdElhamedGhar\.m2\repository\com\ibm\icu\icu4j\59.1\icu4j-59.1.jar;C:\Users\HeshamAbdElhamedGhar\.m2\repository\com\carrotsearch\java-sizeof\0.0.5\java-sizeof-0.0.5.jar;C:\Users\HeshamAbdElhamedGhar\.m2\repository\com\github\jnr\jffi\1.2.20\jffi-1.2.20.jar;C:\Users\HeshamAbdElhamedGhar\.m2\repository\com\github\jnr\jnr-netdb\1.1.6\jnr-netdb-1.1.6.jar;C:\Users\HeshamAbdElhamedGhar\.m2\repository\com\github\jnr\jnr-ffi\2.1.10\jnr-ffi-2.1.10.jar;C:\Users\HeshamAbdElhamedGhar\.m2\repository\com\github\jnr\jffi\1.2.19\jffi-1.2.19-native.jar;C:\Users\HeshamAbdElhamedGhar\.m2\repository\com\github\jnr\jnr-a64asm\1.0.0\jnr-a64asm-1.0.0.jar;C:\Users\HeshamAbdElhamedGhar\.m2\repository\com\github\jnr\jnr-x86asm\1.0.2\jnr-x86asm-1.0.2.jar;C:\Users\HeshamAbdElhamedGhar\.m2\repository\com\github\jnr\jnr-posix\3.0.50\jnr-posix-3.0.50.jar;C:\Users\HeshamAbdElhamedGhar\.m2\repository\com\github\jnr\jnr-constants\0.9.12\jnr-constants-0.9.12.jar;C:\Users\HeshamAbdElhamedGhar\.m2\repository\jline\jline\2.14.5\jline-2.14.5.jar;C:\Users\HeshamAbdElhamedGhar\.m2\repository\org\apache\ant\ant\1.9.7\ant-1.9.7.jar;C:\Users\HeshamAbdElhamedGhar\.m2\repository\org\apache\ant\ant-launcher\1.9.7\ant-launcher-1.9.7.jar;C:\Users\HeshamAbdElhamedGhar\.m2\repository\com\sikulix\sikulix2tigervnc\1.1.4\sikulix2tigervnc-1.1.4.jar;C:\Users\HeshamAbdElhamedGhar\.m2\repository\commons-cli\commons-cli\1.4\commons-cli-1.4.jar;C:\Users\HeshamAbdElhamedGhar\.m2\repository\org\apache\commons\commons-exec\1.3\commons-exec-1.3.jar;C:\Users\HeshamAbdElhamedGhar\.m2\repository\net\java\dev\jna\jna-platform\5.6.0\jna-platform-5.6.0.jar;C:\Users\HeshamAbdElhamedGhar\.m2\repository\net\oneandone\reflections8\reflections8\0.11.6\reflections8-0.11.6.jar;C:\Users\HeshamAbdElhamedGhar\.m2\repository\org\javassist\javassist\3.22.0-GA\javassist-3.22.0-GA.jar;C:\Users\HeshamAbdElhamedGhar\.m2\repository\net\sourceforge\tess4j\tess4j\4.5.4\tess4j-4.5.4.jar;C:\Users\HeshamAbdElhamedGhar\.m2\repository\com\github\jai-imageio\jai-imageio-core\1.4.0\jai-imageio-core-1.4.0.jar;C:\Users\HeshamAbdElhamedGhar\.m2\repository\org\ghost4j\ghost4j\1.0.1\ghost4j-1.0.1.jar;C:\Users\HeshamAbdElhamedGhar\.m2\repository\org\apache\xmlgraphics\xmlgraphics-commons\1.4\xmlgraphics-commons-1.4.jar;C:\Users\HeshamAbdElhamedGhar\.m2\repository\com\lowagie\itext\2.1.7\itext-2.1.7.jar;C:\Users\HeshamAbdElhamedGhar\.m2\repository\org\apache\pdfbox\pdfbox-tools\2.0.21\pdfbox-tools-2.0.21.jar;C:\Users\HeshamAbdElhamedGhar\.m2\repository\org\apache\pdfbox\pdfbox-debugger\2.0.21\pdfbox-debugger-2.0.21.jar;C:\Users\HeshamAbdElhamedGhar\.m2\repository\org\apache\pdfbox\jbig2-imageio\3.0.3\jbig2-imageio-3.0.3.jar;C:\Users\HeshamAbdElhamedGhar\.m2\repository\net\sourceforge\lept4j\lept4j\1.13.2\lept4j-1.13.2.jar;C:\Users\HeshamAbdElhamedGhar\.m2\repository\org\jboss\jboss-vfs\3.2.15.Final\jboss-vfs-3.2.15.Final.jar;C:\Users\HeshamAbdElhamedGhar\.m2\repository\org\jboss\logging\jboss-logging\3.1.4.GA\jboss-logging-3.1.4.GA.jar;C:\Users\HeshamAbdElhamedGhar\.m2\repository\net\sf\py4j\py4j\0.10.9.1\py4j-0.10.9.1.jar;C:\Users\HeshamAbdElhamedGhar\.m2\repository\com\epam\healenium\healenium-web\3.3.0\healenium-web-3.3.0.jar;C:\Users\HeshamAbdElhamedGhar\.m2\repository\com\typesafe\config\1.4.2\config-1.4.2.jar;C:\Users\HeshamAbdElhamedGhar\.m2\repository\com\epam\healenium\tree-comparing\0.4.10\tree-comparing-0.4.10.jar;C:\Users\HeshamAbdElhamedGhar\.m2\repository\org\apache\commons\commons-text\1.6\commons-text-1.6.jar;C:\Users\HeshamAbdElhamedGhar\.m2\repository\com\squareup\okhttp3\okhttp\4.9.3\okhttp-4.9.3.jar;C:\Users\HeshamAbdElhamedGhar\.m2\repository\com\squareup\okio\okio\2.8.0\okio-2.8.0.jar;C:\Users\HeshamAbdElhamedGhar\.m2\repository\org\jetbrains\kotlin\kotlin-stdlib-common\1.4.0\kotlin-stdlib-common-1.4.0.jar;C:\Users\HeshamAbdElhamedGhar\.m2\repository\org\jetbrains\kotlin\kotlin-stdlib\1.4.10\kotlin-stdlib-1.4.10.jar;C:\Users\HeshamAbdElhamedGhar\.m2\repository\org\mapstruct\mapstruct\1.4.2.Final\mapstruct-1.4.2.Final.jar;C:\Users\HeshamAbdElhamedGhar\.m2\repository\one\util\streamex\0.8.1\streamex-0.8.1.jar;C:\Users\HeshamAbdElhamedGhar\.m2\repository\org\mapstruct\mapstruct-processor\1.4.2.Final\mapstruct-processor-1.4.2.Final.jar;C:\Users\HeshamAbdElhamedGhar\.m2\repository\com\assertthat\selenium-shutterbug\1.6\selenium-shutterbug-1.6.jar;C:\Users\HeshamAbdElhamedGhar\.m2\repository\com\github\zafarkhaja\java-semver\0.9.0\java-semver-0.9.0.jar;C:\Users\HeshamAbdElhamedGhar\.m2\repository\com\jcraft\jsch\0.1.55\jsch-0.1.55.jar;C:\Users\HeshamAbdElhamedGhar\.m2\repository\mysql\mysql-connector-java\8.0.30\mysql-connector-java-8.0.30.jar;C:\Users\HeshamAbdElhamedGhar\.m2\repository\com\google\protobuf\protobuf-java\3.19.4\protobuf-java-3.19.4.jar;C:\Users\HeshamAbdElhamedGhar\.m2\repository\com\microsoft\sqlserver\mssql-jdbc\9.4.1.jre16-preview\mssql-jdbc-9.4.1.jre16-preview.jar;C:\Users\HeshamAbdElhamedGhar\.m2\repository\postgresql\postgresql\9.1-901-1.jdbc4\postgresql-9.1-901-1.jdbc4.jar;C:\Users\HeshamAbdElhamedGhar\.m2\repository\com\ibm\db2\jcc\db2jcc\db2jcc4\db2jcc-db2jcc4.jar;C:\Users\HeshamAbdElhamedGhar\.m2\repository\io\cucumber\cucumber-java\7.5.0\cucumber-java-7.5.0.jar;C:\Users\HeshamAbdElhamedGhar\.m2\repository\io\cucumber\cucumber-core\7.5.0\cucumber-core-7.5.0.jar;C:\Users\HeshamAbdElhamedGhar\.m2\repository\io\cucumber\cucumber-gherkin\7.5.0\cucumber-gherkin-7.5.0.jar;C:\Users\HeshamAbdElhamedGhar\.m2\repository\io\cucumber\cucumber-gherkin-messages\7.5.0\cucumber-gherkin-messages-7.5.0.jar;C:\Users\HeshamAbdElhamedGhar\.m2\repository\io\cucumber\tag-expressions\4.1.0\tag-expressions-4.1.0.jar;C:\Users\HeshamAbdElhamedGhar\.m2\repository\io\cucumber\cucumber-expressions\16.0.0\cucumber-expressions-16.0.0.jar;C:\Users\HeshamAbdElhamedGhar\.m2\repository\io\cucumber\datatable\7.5.0\datatable-7.5.0.jar;C:\Users\HeshamAbdElhamedGhar\.m2\repository\io\cucumber\cucumber-plugin\7.5.0\cucumber-plugin-7.5.0.jar;C:\Users\HeshamAbdElhamedGhar\.m2\repository\io\cucumber\docstring\7.5.0\docstring-7.5.0.jar;C:\Users\HeshamAbdElhamedGhar\.m2\repository\io\cucumber\html-formatter\19.2.0\html-formatter-19.2.0.jar;C:\Users\HeshamAbdElhamedGhar\.m2\repository\io\cucumber\ci-environment\9.1.0\ci-environment-9.1.0.jar;C:\Users\HeshamAbdElhamedGhar\.m2\repository\org\apiguardian\apiguardian-api\1.1.2\apiguardian-api-1.1.2.jar;C:\Users\HeshamAbdElhamedGhar\.m2\repository\io\cucumber\cucumber-testng\7.5.0\cucumber-testng-7.5.0.jar;C:\Users\HeshamAbdElhamedGhar\.m2\repository\io\cucumber\cucumber-picocontainer\7.5.0\cucumber-picocontainer-7.5.0.jar;C:\Users\HeshamAbdElhamedGhar\.m2\repository\org\picocontainer\picocontainer\2.15\picocontainer-2.15.jar;C:\Users\HeshamAbdElhamedGhar\.m2\repository\ws\schild\jave-all-deps\3.3.1\jave-all-deps-3.3.1.jar;C:\Users\HeshamAbdElhamedGhar\.m2\repository\ws\schild\jave-core\3.3.1\jave-core-3.3.1.jar;C:\Users\HeshamAbdElhamedGhar\.m2\repository\ws\schild\jave-nativebin-win32\3.3.1\jave-nativebin-win32-3.3.1.jar;C:\Users\HeshamAbdElhamedGhar\.m2\repository\ws\schild\jave-nativebin-win64\3.3.1\jave-nativebin-win64-3.3.1.jar;C:\Users\HeshamAbdElhamedGhar\.m2\repository\ws\schild\jave-nativebin-linux32\3.3.1\jave-nativebin-linux32-3.3.1.jar;C:\Users\HeshamAbdElhamedGhar\.m2\repository\ws\schild\jave-nativebin-linux64\3.3.1\jave-nativebin-linux64-3.3.1.jar;C:\Users\HeshamAbdElhamedGhar\.m2\repository\ws\schild\jave-nativebin-osx64\3.3.1\jave-nativebin-osx64-3.3.1.jar;C:\Users\HeshamAbdElhamedGhar\.m2\repository\ws\schild\jave-nativebin-osxm1\3.3.1\jave-nativebin-osxm1-3.3.1.jar;C:\Users\HeshamAbdElhamedGhar\.m2\repository\ws\schild\jave-nativebin-linux-arm32\3.3.1\jave-nativebin-linux-arm32-3.3.1.jar;C:\Users\HeshamAbdElhamedGhar\.m2\repository\ws\schild\jave-nativebin-linux-arm64\3.3.1\jave-nativebin-linux-arm64-3.3.1.jar;C:\Users\HeshamAbdElhamedGhar\.m2\repository\com\automation-remarks\video-recorder-testng\2.0\video-recorder-testng-2.0.jar;C:\Users\HeshamAbdElhamedGhar\.m2\repository\com\automation-remarks\video-recorder-core\2.0\video-recorder-core-2.0.jar;C:\Users\HeshamAbdElhamedGhar\.m2\repository\org\aeonbits\owner\owner-java8\1.0.10\owner-java8-1.0.10.jar;C:\Users\HeshamAbdElhamedGhar\.m2\repository\org\aeonbits\owner\owner\1.0.10\owner-1.0.10.jar;C:\Users\HeshamAbdElhamedGhar\.m2\repository\org\zeroturnaround\zt-exec\1.10\zt-exec-1.10.jar;C:\Users\HeshamAbdElhamedGhar\.m2\repository\org\awaitility\awaitility\3.1.6\awaitility-3.1.6.jar;C:\Users\HeshamAbdElhamedGhar\.m2\repository\org\hamcrest\hamcrest-library\1.3\hamcrest-library-1.3.jar;C:\Users\HeshamAbdElhamedGhar\.m2\repository\org\hamcrest\hamcrest-core\1.3\hamcrest-core-1.3.jar;C:\Users\HeshamAbdElhamedGhar\.m2\repository\org\objenesis\objenesis\2.6\objenesis-2.6.jar;C:\Users\HeshamAbdElhamedGhar\.m2\repository\org\json\json\20180813\json-20180813.jar;C:\Users\HeshamAbdElhamedGhar\.m2\repository\org\slf4j\slf4j-simple\2.0.0\slf4j-simple-2.0.0.jar;C:\Users\HeshamAbdElhamedGhar\.m2\repository\org\slf4j\slf4j-api\2.0.0\slf4j-api-2.0.0.jar;C:\Users\HeshamAbdElhamedGhar\.m2\repository\org\slf4j\log4j-over-slf4j\2.0.0\log4j-over-slf4j-2.0.0.jar;C:\Users\HeshamAbdElhamedGhar\.m2\repository\com\google\guava\guava\31.1-jre\guava-31.1-jre.jar;C:\Users\HeshamAbdElhamedGhar\.m2\repository\com\google\guava\failureaccess\1.0.1\failureaccess-1.0.1.jar;C:\Users\HeshamAbdElhamedGhar\.m2\repository\com\google\guava\listenablefuture\9999.0-empty-to-avoid-conflict-with-guava\listenablefuture-9999.0-empty-to-avoid-conflict-with-guava.jar;C:\Users\HeshamAbdElhamedGhar\.m2\repository\org\checkerframework\checker-qual\3.12.0\checker-qual-3.12.0.jar;C:\Users\HeshamAbdElhamedGhar\.m2\repository\com\google\errorprone\error_prone_annotations\2.11.0\error_prone_annotations-2.11.0.jar;C:\Users\HeshamAbdElhamedGhar\.m2\repository\com\google\j2objc\j2objc-annotations\1.3\j2objc-annotations-1.3.jar;C:\Users\HeshamAbdElhamedGhar\.m2\repository\org\projectlombok\lombok\1.18.24\lombok-1.18.24.jar;C:\Users\HeshamAbdElhamedGhar\.m2\repository\com\google\crypto\tink\tink\1.7.0\tink-1.7.0.jar;C:\Users\HeshamAbdElhamedGhar\.m2\repository\com\google\crypto\tink\tink-awskms\1.7.0\tink-awskms-1.7.0.jar;C:\Users\HeshamAbdElhamedGhar\.m2\repository\com\amazonaws\aws-java-sdk-core\1.12.182\aws-java-sdk-core-1.12.182.jar;C:\Users\HeshamAbdElhamedGhar\.m2\repository\software\amazon\ion\ion-java\1.0.2\ion-java-1.0.2.jar;C:\Users\HeshamAbdElhamedGhar\.m2\repository\com\amazonaws\aws-java-sdk-kms\1.12.182\aws-java-sdk-kms-1.12.182.jar;C:\Users\HeshamAbdElhamedGhar\.m2\repository\com\amazonaws\jmespath-java\1.12.182\jmespath-java-1.12.182.jar;C:\Users\HeshamAbdElhamedGhar\.m2\repository\com\fasterxml\jackson\dataformat\jackson-dataformat-cbor\2.13.1\jackson-dataformat-cbor-2.13.1.jar;C:\Users\HeshamAbdElhamedGhar\.m2\repository\com\google\auto\service\auto-service\1.0.1\auto-service-1.0.1.jar;C:\Users\HeshamAbdElhamedGhar\.m2\repository\com\google\auto\auto-common\1.2\auto-common-1.2.jar;C:\Users\HeshamAbdElhamedGhar\.m2\repository\com\google\crypto\tink\tink-gcpkms\1.7.0\tink-gcpkms-1.7.0.jar;C:\Users\HeshamAbdElhamedGhar\.m2\repository\com\google\api-client\google-api-client\1.33.2\google-api-client-1.33.2.jar;C:\Users\HeshamAbdElhamedGhar\.m2\repository\com\google\oauth-client\google-oauth-client\1.33.0\google-oauth-client-1.33.0.jar;C:\Users\HeshamAbdElhamedGhar\.m2\repository\com\google\http-client\google-http-client-apache-v2\1.41.2\google-http-client-apache-v2-1.41.2.jar;C:\Users\HeshamAbdElhamedGhar\.m2\repository\com\google\apis\google-api-services-cloudkms\v1-rev108-1.25.0\google-api-services-cloudkms-v1-rev108-1.25.0.jar;C:\Users\HeshamAbdElhamedGhar\.m2\repository\com\google\auth\google-auth-library-oauth2-http\1.5.3\google-auth-library-oauth2-http-1.5.3.jar;C:\Users\HeshamAbdElhamedGhar\.m2\repository\com\google\auto\value\auto-value-annotations\1.9\auto-value-annotations-1.9.jar;C:\Users\HeshamAbdElhamedGhar\.m2\repository\com\google\auth\google-auth-library-credentials\1.5.3\google-auth-library-credentials-1.5.3.jar;C:\Users\HeshamAbdElhamedGhar\.m2\repository\com\google\http-client\google-http-client\1.41.3\google-http-client-1.41.3.jar;C:\Users\HeshamAbdElhamedGhar\.m2\repository\io\opencensus\opencensus-api\0.31.0\opencensus-api-0.31.0.jar;C:\Users\HeshamAbdElhamedGhar\.m2\repository\io\grpc\grpc-context\1.27.2\grpc-context-1.27.2.jar;C:\Users\HeshamAbdElhamedGhar\.m2\repository\io\opencensus\opencensus-contrib-http-util\0.31.0\opencensus-contrib-http-util-0.31.0.jar;C:\Users\HeshamAbdElhamedGhar\.m2\repository\com\google\http-client\google-http-client-gson\1.41.3\google-http-client-gson-1.41.3.jar;C:\Users\HeshamAbdElhamedGhar\.m2\repository\org\yaml\snakeyaml\1.31\snakeyaml-1.31.jar;C:\Users\HeshamAbdElhamedGhar\.m2\repository\com\auth0\java-jwt\4.0.0\java-jwt-4.0.0.jar;C:\Users\HeshamAbdElhamedGhar\.m2\repository\com\fasterxml\jackson\core\jackson-databind\2.13.2.2\jackson-databind-2.13.2.2.jar;C:\Users\HeshamAbdElhamedGhar\.m2\repository\com\fasterxml\jackson\core\jackson-annotations\2.13.2\jackson-annotations-2.13.2.jar;"/>
    <property name="user.home" value="C:\Users\HeshamAbdElhamedGhar"/>
    <property name="mobile_automationName" value="UiAutomator2"/>
    <property name="dynamicObjectRepositoryPath" value="src/main/resources/dynamicObjectRepository/"/>
    <property name="setThreadCount" value="1"/>
    <property name="serverHost" value="localhost"/>
    <property name="style.color" value="always"/>
    <property name="setGroupByInstances" value="true"/>
    <property name="mobile_platformVersion" value=""/>
    <property name="cucumber.execution.limit" value=""/>
    <property name="screenshotParams_screenshotType" value="FullPage"/>
    <property name="debugMode" value="true"/>
    <property name="retryMaximumNumberOfAttempts" value="1"/>
    <property name="applitoolsApiKey" value=""/>
    <property name="score-cap" value="0.5"/>
    <property name="cucumber.plugin" value="pretty, json:allure-results/cucumber.json, html:allure-results/cucumberReport.html, com.shaft.tools.listeners.CucumberTestRunnerListener"/>
    <property name="path.separator" value=";"/>
    <property name="browserStack.accessKey" value="7E7PgzBtwk4sWLUcF8Y5"/>
    <property name="screenshotParams_skippedElementsFromScreenshot" value=""/>
    <property name="os.version" value="10.0"/>
    <property name="reportTestCasesExecution" value="false"/>
    <property name="pageLoadTimeout" value="30"/>
    <property name="browserStack.osVersion" value=""/>
    <property name="browserStack.username" value="mohabmohie1"/>
    <property name="mobile_udid" value=""/>
    <property name="screenshotParams_highlightMethod" value="AI"/>
    <property name="java.vm.name" value="Java HotSpot(TM) 64-Bit Server VM"/>
    <property name="browserStack.platformVersion" value=""/>
    <property name="apiConnectionTimeout" value="30"/>
    <property name="cucumber.ansi-colors.disabled" value="false"/>
    <property name="forceCheckNavigationWasSuccessful" value="true"/>
    <property name="cucumber.filter.tags" value=""/>
    <property name="os.arch" value="amd64"/>
    <property name="cucumber.execution.order" value="lexical"/>
    <property name="setVerbose" value="1"/>
    <property name="customDriverPath" value=""/>
    <property name="setParallel" value="NONE"/>
    <property name="tinkey.keysetFilename" value=""/>
    <property name="java.vm.info" value="mixed mode, sharing"/>
    <property name="video.folder" value="allure-results/videos"/>
    <property name="java.class.version" value="61.0"/>
    <property name="sun.jnu.encoding" value="Cp1252"/>
    <property name="browserStack.appUrl" value=""/>
    <property name="setPreserveOrder" value="true"/>
    <property name="skipTestsWithLinkedIssues" value="false"/>
    <property name="com.SHAFT.proxySettings" value=""/>
    <property name="browserStack.seleniumVersion" value="4.1.2"/>
    <property name="clickUsingJavascriptWhenWebDriverClickFails" value="false"/>
    <property name="disableLogging" value="false"/>
    <property name="authorization" value=":"/>
    <property name="targetBrowserName" value="GoogleChrome"/>
    <property name="screenshotParams_watermarkOpacity" value="0.2"/>
    <property name="mobile_browserName" value=""/>
    <property name="browserStack.debug" value="true"/>
    <property name="file.separator" value="\"/>
    <property name="java.vm.compressedOopsMode" value="Zero based"/>
    <property name="line.separator" value="&#10;"/>
    <property name="ExecutionName" value=""/>
    <property name="testDataColumnNamePrefix" value="Data"/>
    <property name="cucumber.object-factory" value=""/>
    <property name="targetOperatingSystem" value="Windows-64"/>
    <property name="allure.link.custom.pattern" value="{}"/>
    <property name="propertiesFolderPath" value="src/main/resources/properties/"/>
    <property name="headlessExecution" value="false"/>
    <property name="user.name" value="HeshamAbdElhamedGhar"/>
    <property name="browserStack.appRelativeFilePath" value=""/>
    <property name="screenshotParams_watermark" value="false"/>
    <property name="jiraInteraction" value="false"/>
    <property name="serverPort" value="7878"/>
    <property name="cleanExtentReportsDirectoryBeforeExecution" value="true"/>
    <property name="localRepository" value="C:\Users\HeshamAbdElhamedGhar\.m2\repository"/>
    <property name="defaultElementIdentificationTimeout" value="60"/>
    <property name="ExecutionDescription" value=""/>
    <property name="sun.os.patch.level" value=""/>
    <property name="lazyLoadingTimeout" value="30"/>
    <property name="customDriverName" value=""/>
    <property name="waitForLazyLoading" value="true"/>
    <property name="browserNavigationTimeout" value="60"/>
    <property name="mobile_platformName" value=""/>
    <property name="mobile_appPackage" value=""/>
    <property name="java.class.path" value="C:\eclipse-workspace\MyProjects\TASystemsAPIs\target\test-classes;C:\eclipse-workspace\MyProjects\TASystemsAPIs\target\classes;C:\Users\HeshamAbdElhamedGhar\.m2\repository\io\github\shafthq\SHAFT_ENGINE\6.4.20220906-BETA\SHAFT_ENGINE-6.4.20220906-BETA.jar;C:\Users\HeshamAbdElhamedGhar\.m2\repository\org\testng\testng\7.6.1\testng-7.6.1.jar;C:\Users\HeshamAbdElhamedGhar\.m2\repository\com\google\code\findbugs\jsr305\3.0.2\jsr305-3.0.2.jar;C:\Users\HeshamAbdElhamedGhar\.m2\repository\com\beust\jcommander\1.82\jcommander-1.82.jar;C:\Users\HeshamAbdElhamedGhar\.m2\repository\org\webjars\jquery\3.6.0\jquery-3.6.0.jar;C:\Users\HeshamAbdElhamedGhar\.m2\repository\org\seleniumhq\selenium\selenium-java\4.4.0\selenium-java-4.4.0.jar;C:\Users\HeshamAbdElhamedGhar\.m2\repository\org\seleniumhq\selenium\selenium-api\4.4.0\selenium-api-4.4.0.jar;C:\Users\HeshamAbdElhamedGhar\.m2\repository\org\seleniumhq\selenium\selenium-chrome-driver\4.4.0\selenium-chrome-driver-4.4.0.jar;C:\Users\HeshamAbdElhamedGhar\.m2\repository\com\google\auto\service\auto-service-annotations\1.0.1\auto-service-annotations-1.0.1.jar;C:\Users\HeshamAbdElhamedGhar\.m2\repository\org\seleniumhq\selenium\selenium-chromium-driver\4.4.0\selenium-chromium-driver-4.4.0.jar;C:\Users\HeshamAbdElhamedGhar\.m2\repository\org\seleniumhq\selenium\selenium-json\4.4.0\selenium-json-4.4.0.jar;C:\Users\HeshamAbdElhamedGhar\.m2\repository\org\seleniumhq\selenium\selenium-devtools-v102\4.4.0\selenium-devtools-v102-4.4.0.jar;C:\Users\HeshamAbdElhamedGhar\.m2\repository\org\seleniumhq\selenium\selenium-devtools-v103\4.4.0\selenium-devtools-v103-4.4.0.jar;C:\Users\HeshamAbdElhamedGhar\.m2\repository\org\seleniumhq\selenium\selenium-devtools-v104\4.4.0\selenium-devtools-v104-4.4.0.jar;C:\Users\HeshamAbdElhamedGhar\.m2\repository\org\seleniumhq\selenium\selenium-devtools-v85\4.4.0\selenium-devtools-v85-4.4.0.jar;C:\Users\HeshamAbdElhamedGhar\.m2\repository\org\seleniumhq\selenium\selenium-edge-driver\4.4.0\selenium-edge-driver-4.4.0.jar;C:\Users\HeshamAbdElhamedGhar\.m2\repository\org\seleniumhq\selenium\selenium-firefox-driver\4.4.0\selenium-firefox-driver-4.4.0.jar;C:\Users\HeshamAbdElhamedGhar\.m2\repository\org\seleniumhq\selenium\selenium-ie-driver\4.4.0\selenium-ie-driver-4.4.0.jar;C:\Users\HeshamAbdElhamedGhar\.m2\repository\org\seleniumhq\selenium\selenium-opera-driver\4.4.0\selenium-opera-driver-4.4.0.jar;C:\Users\HeshamAbdElhamedGhar\.m2\repository\org\seleniumhq\selenium\selenium-remote-driver\4.4.0\selenium-remote-driver-4.4.0.jar;C:\Users\HeshamAbdElhamedGhar\.m2\repository\io\netty\netty-codec-http\4.1.78.Final\netty-codec-http-4.1.78.Final.jar;C:\Users\HeshamAbdElhamedGhar\.m2\repository\io\netty\netty-transport-classes-epoll\4.1.78.Final\netty-transport-classes-epoll-4.1.78.Final.jar;C:\Users\HeshamAbdElhamedGhar\.m2\repository\io\netty\netty-transport-classes-kqueue\4.1.78.Final\netty-transport-classes-kqueue-4.1.78.Final.jar;C:\Users\HeshamAbdElhamedGhar\.m2\repository\io\netty\netty-transport-native-epoll\4.1.78.Final\netty-transport-native-epoll-4.1.78.Final.jar;C:\Users\HeshamAbdElhamedGhar\.m2\repository\io\netty\netty-transport-native-kqueue\4.1.78.Final\netty-transport-native-kqueue-4.1.78.Final.jar;C:\Users\HeshamAbdElhamedGhar\.m2\repository\io\opentelemetry\opentelemetry-api\1.16.0\opentelemetry-api-1.16.0.jar;C:\Users\HeshamAbdElhamedGhar\.m2\repository\io\opentelemetry\opentelemetry-context\1.16.0\opentelemetry-context-1.16.0.jar;C:\Users\HeshamAbdElhamedGhar\.m2\repository\io\opentelemetry\opentelemetry-exporter-logging\1.16.0\opentelemetry-exporter-logging-1.16.0.jar;C:\Users\HeshamAbdElhamedGhar\.m2\repository\io\opentelemetry\opentelemetry-sdk-metrics\1.16.0\opentelemetry-sdk-metrics-1.16.0.jar;C:\Users\HeshamAbdElhamedGhar\.m2\repository\io\opentelemetry\opentelemetry-sdk-logs\1.16.0-alpha\opentelemetry-sdk-logs-1.16.0-alpha.jar;C:\Users\HeshamAbdElhamedGhar\.m2\repository\io\opentelemetry\opentelemetry-sdk-common\1.16.0\opentelemetry-sdk-common-1.16.0.jar;C:\Users\HeshamAbdElhamedGhar\.m2\repository\io\opentelemetry\opentelemetry-sdk-extension-autoconfigure-spi\1.16.0\opentelemetry-sdk-extension-autoconfigure-spi-1.16.0.jar;C:\Users\HeshamAbdElhamedGhar\.m2\repository\io\opentelemetry\opentelemetry-sdk-extension-autoconfigure\1.16.0-alpha\opentelemetry-sdk-extension-autoconfigure-1.16.0-alpha.jar;C:\Users\HeshamAbdElhamedGhar\.m2\repository\io\opentelemetry\opentelemetry-sdk-trace\1.16.0\opentelemetry-sdk-trace-1.16.0.jar;C:\Users\HeshamAbdElhamedGhar\.m2\repository\io\opentelemetry\opentelemetry-sdk\1.16.0\opentelemetry-sdk-1.16.0.jar;C:\Users\HeshamAbdElhamedGhar\.m2\repository\io\opentelemetry\opentelemetry-semconv\1.16.0-alpha\opentelemetry-semconv-1.16.0-alpha.jar;C:\Users\HeshamAbdElhamedGhar\.m2\repository\io\ous\jtoml\2.0.0\jtoml-2.0.0.jar;C:\Users\HeshamAbdElhamedGhar\.m2\repository\net\bytebuddy\byte-buddy\1.12.10\byte-buddy-1.12.10.jar;C:\Users\HeshamAbdElhamedGhar\.m2\repository\org\asynchttpclient\async-http-client\2.12.3\async-http-client-2.12.3.jar;C:\Users\HeshamAbdElhamedGhar\.m2\repository\org\asynchttpclient\async-http-client-netty-utils\2.12.3\async-http-client-netty-utils-2.12.3.jar;C:\Users\HeshamAbdElhamedGhar\.m2\repository\io\netty\netty-codec-socks\4.1.60.Final\netty-codec-socks-4.1.60.Final.jar;C:\Users\HeshamAbdElhamedGhar\.m2\repository\io\netty\netty-handler-proxy\4.1.60.Final\netty-handler-proxy-4.1.60.Final.jar;C:\Users\HeshamAbdElhamedGhar\.m2\repository\io\netty\netty-transport-native-epoll\4.1.60.Final\netty-transport-native-epoll-4.1.60.Final-linux-x86_64.jar;C:\Users\HeshamAbdElhamedGhar\.m2\repository\io\netty\netty-transport-native-kqueue\4.1.60.Final\netty-transport-native-kqueue-4.1.60.Final-osx-x86_64.jar;C:\Users\HeshamAbdElhamedGhar\.m2\repository\com\typesafe\netty\netty-reactive-streams\2.0.4\netty-reactive-streams-2.0.4.jar;C:\Users\HeshamAbdElhamedGhar\.m2\repository\com\sun\activation\jakarta.activation\1.2.2\jakarta.activation-1.2.2.jar;C:\Users\HeshamAbdElhamedGhar\.m2\repository\org\seleniumhq\selenium\selenium-http\4.4.0\selenium-http-4.4.0.jar;C:\Users\HeshamAbdElhamedGhar\.m2\repository\dev\failsafe\failsafe\3.2.4\failsafe-3.2.4.jar;C:\Users\HeshamAbdElhamedGhar\.m2\repository\org\seleniumhq\selenium\selenium-safari-driver\4.4.0\selenium-safari-driver-4.4.0.jar;C:\Users\HeshamAbdElhamedGhar\.m2\repository\org\seleniumhq\selenium\selenium-support\4.4.0\selenium-support-4.4.0.jar;C:\Users\HeshamAbdElhamedGhar\.m2\repository\io\netty\netty-handler\4.1.80.Final\netty-handler-4.1.80.Final.jar;C:\Users\HeshamAbdElhamedGhar\.m2\repository\io\netty\netty-common\4.1.80.Final\netty-common-4.1.80.Final.jar;C:\Users\HeshamAbdElhamedGhar\.m2\repository\io\netty\netty-resolver\4.1.80.Final\netty-resolver-4.1.80.Final.jar;C:\Users\HeshamAbdElhamedGhar\.m2\repository\io\netty\netty-buffer\4.1.80.Final\netty-buffer-4.1.80.Final.jar;C:\Users\HeshamAbdElhamedGhar\.m2\repository\io\netty\netty-transport\4.1.80.Final\netty-transport-4.1.80.Final.jar;C:\Users\HeshamAbdElhamedGhar\.m2\repository\io\netty\netty-transport-native-unix-common\4.1.80.Final\netty-transport-native-unix-common-4.1.80.Final.jar;C:\Users\HeshamAbdElhamedGhar\.m2\repository\io\netty\netty-codec\4.1.80.Final\netty-codec-4.1.80.Final.jar;C:\Users\HeshamAbdElhamedGhar\.m2\repository\io\appium\java-client\8.2.0\java-client-8.2.0.jar;C:\Users\HeshamAbdElhamedGhar\.m2\repository\com\google\code\gson\gson\2.9.1\gson-2.9.1.jar;C:\Users\HeshamAbdElhamedGhar\.m2\repository\commons-codec\commons-codec\1.15\commons-codec-1.15.jar;C:\Users\HeshamAbdElhamedGhar\.m2\repository\cglib\cglib\3.3.0\cglib-3.3.0.jar;C:\Users\HeshamAbdElhamedGhar\.m2\repository\org\ow2\asm\asm\7.1\asm-7.1.jar;C:\Users\HeshamAbdElhamedGhar\.m2\repository\commons-validator\commons-validator\1.7\commons-validator-1.7.jar;C:\Users\HeshamAbdElhamedGhar\.m2\repository\commons-beanutils\commons-beanutils\1.9.4\commons-beanutils-1.9.4.jar;C:\Users\HeshamAbdElhamedGhar\.m2\repository\commons-digester\commons-digester\2.1\commons-digester-2.1.jar;C:\Users\HeshamAbdElhamedGhar\.m2\repository\commons-collections\commons-collections\3.2.2\commons-collections-3.2.2.jar;C:\Users\HeshamAbdElhamedGhar\.m2\repository\org\apache\commons\commons-lang3\3.12.0\commons-lang3-3.12.0.jar;C:\Users\HeshamAbdElhamedGhar\.m2\repository\commons-io\commons-io\2.11.0\commons-io-2.11.0.jar;C:\Users\HeshamAbdElhamedGhar\.m2\repository\io\github\bonigarcia\webdrivermanager\5.3.0\webdrivermanager-5.3.0.jar;C:\Users\HeshamAbdElhamedGhar\.m2\repository\com\github\docker-java\docker-java\3.2.13\docker-java-3.2.13.jar;C:\Users\HeshamAbdElhamedGhar\.m2\repository\com\github\docker-java\docker-java-core\3.2.13\docker-java-core-3.2.13.jar;C:\Users\HeshamAbdElhamedGhar\.m2\repository\com\github\docker-java\docker-java-api\3.2.13\docker-java-api-3.2.13.jar;C:\Users\HeshamAbdElhamedGhar\.m2\repository\org\slf4j\jcl-over-slf4j\1.7.30\jcl-over-slf4j-1.7.30.jar;C:\Users\HeshamAbdElhamedGhar\.m2\repository\com\github\docker-java\docker-java-transport-httpclient5\3.2.13\docker-java-transport-httpclient5-3.2.13.jar;C:\Users\HeshamAbdElhamedGhar\.m2\repository\com\github\docker-java\docker-java-transport\3.2.13\docker-java-transport-3.2.13.jar;C:\Users\HeshamAbdElhamedGhar\.m2\repository\net\java\dev\jna\jna\5.8.0\jna-5.8.0.jar;C:\Users\HeshamAbdElhamedGhar\.m2\repository\org\brotli\dec\0.1.2\dec-0.1.2.jar;C:\Users\HeshamAbdElhamedGhar\.m2\repository\org\apache\httpcomponents\client5\httpclient5\5.1.3\httpclient5-5.1.3.jar;C:\Users\HeshamAbdElhamedGhar\.m2\repository\org\apache\httpcomponents\core5\httpcore5\5.1.3\httpcore5-5.1.3.jar;C:\Users\HeshamAbdElhamedGhar\.m2\repository\org\apache\httpcomponents\core5\httpcore5-h2\5.1.3\httpcore5-h2-5.1.3.jar;C:\Users\HeshamAbdElhamedGhar\.m2\repository\org\apache\poi\poi\5.2.2\poi-5.2.2.jar;C:\Users\HeshamAbdElhamedGhar\.m2\repository\org\apache\commons\commons-collections4\4.4\commons-collections4-4.4.jar;C:\Users\HeshamAbdElhamedGhar\.m2\repository\org\apache\commons\commons-math3\3.6.1\commons-math3-3.6.1.jar;C:\Users\HeshamAbdElhamedGhar\.m2\repository\com\zaxxer\SparseBitSet\1.2\SparseBitSet-1.2.jar;C:\Users\HeshamAbdElhamedGhar\.m2\repository\org\apache\logging\log4j\log4j-api\2.17.2\log4j-api-2.17.2.jar;C:\Users\HeshamAbdElhamedGhar\.m2\repository\org\apache\poi\poi-ooxml\5.2.2\poi-ooxml-5.2.2.jar;C:\Users\HeshamAbdElhamedGhar\.m2\repository\org\apache\poi\poi-ooxml-lite\5.2.2\poi-ooxml-lite-5.2.2.jar;C:\Users\HeshamAbdElhamedGhar\.m2\repository\org\apache\xmlbeans\xmlbeans\5.0.3\xmlbeans-5.0.3.jar;C:\Users\HeshamAbdElhamedGhar\.m2\repository\org\apache\commons\commons-compress\1.21\commons-compress-1.21.jar;C:\Users\HeshamAbdElhamedGhar\.m2\repository\com\github\virtuald\curvesapi\1.07\curvesapi-1.07.jar;C:\Users\HeshamAbdElhamedGhar\.m2\repository\io\qameta\allure\allure-testng\2.19.0\allure-testng-2.19.0.jar;C:\Users\HeshamAbdElhamedGhar\.m2\repository\io\qameta\allure\allure-java-commons\2.19.0\allure-java-commons-2.19.0.jar;C:\Users\HeshamAbdElhamedGhar\.m2\repository\io\qameta\allure\allure-model\2.19.0\allure-model-2.19.0.jar;C:\Users\HeshamAbdElhamedGhar\.m2\repository\io\qameta\allure\allure-test-filter\2.19.0\allure-test-filter-2.19.0.jar;C:\Users\HeshamAbdElhamedGhar\.m2\repository\io\qameta\allure\allure-cucumber7-jvm\2.19.0\allure-cucumber7-jvm-2.19.0.jar;C:\Users\HeshamAbdElhamedGhar\.m2\repository\io\cucumber\gherkin\23.0.1\gherkin-23.0.1.jar;C:\Users\HeshamAbdElhamedGhar\.m2\repository\io\cucumber\messages\18.0.0\messages-18.0.0.jar;C:\Users\HeshamAbdElhamedGhar\.m2\repository\org\aspectj\aspectjweaver\1.9.9.1\aspectjweaver-1.9.9.1.jar;C:\Users\HeshamAbdElhamedGhar\.m2\repository\com\aventstack\extentreports\5.0.9\extentreports-5.0.9.jar;C:\Users\HeshamAbdElhamedGhar\.m2\repository\io\reactivex\rxjava3\rxjava\3.0.4\rxjava-3.0.4.jar;C:\Users\HeshamAbdElhamedGhar\.m2\repository\org\reactivestreams\reactive-streams\1.0.3\reactive-streams-1.0.3.jar;C:\Users\HeshamAbdElhamedGhar\.m2\repository\org\freemarker\freemarker\2.3.30\freemarker-2.3.30.jar;C:\Users\HeshamAbdElhamedGhar\.m2\repository\org\apache\pdfbox\pdfbox\2.0.26\pdfbox-2.0.26.jar;C:\Users\HeshamAbdElhamedGhar\.m2\repository\org\apache\pdfbox\fontbox\2.0.26\fontbox-2.0.26.jar;C:\Users\HeshamAbdElhamedGhar\.m2\repository\commons-logging\commons-logging\1.2\commons-logging-1.2.jar;C:\Users\HeshamAbdElhamedGhar\.m2\repository\io\rest-assured\rest-assured\5.1.1\rest-assured-5.1.1.jar;C:\Users\HeshamAbdElhamedGhar\.m2\repository\org\apache\groovy\groovy\4.0.1\groovy-4.0.1.jar;C:\Users\HeshamAbdElhamedGhar\.m2\repository\org\apache\groovy\groovy-xml\4.0.1\groovy-xml-4.0.1.jar;C:\Users\HeshamAbdElhamedGhar\.m2\repository\org\apache\httpcomponents\httpclient\4.5.13\httpclient-4.5.13.jar;C:\Users\HeshamAbdElhamedGhar\.m2\repository\org\apache\httpcomponents\httpcore\4.4.13\httpcore-4.4.13.jar;C:\Users\HeshamAbdElhamedGhar\.m2\repository\org\apache\httpcomponents\httpmime\4.5.13\httpmime-4.5.13.jar;C:\Users\HeshamAbdElhamedGhar\.m2\repository\org\hamcrest\hamcrest\2.1\hamcrest-2.1.jar;C:\Users\HeshamAbdElhamedGhar\.m2\repository\org\ccil\cowan\tagsoup\tagsoup\1.2.1\tagsoup-1.2.1.jar;C:\Users\HeshamAbdElhamedGhar\.m2\repository\io\rest-assured\json-path\5.1.1\json-path-5.1.1.jar;C:\Users\HeshamAbdElhamedGhar\.m2\repository\org\apache\groovy\groovy-json\4.0.1\groovy-json-4.0.1.jar;C:\Users\HeshamAbdElhamedGhar\.m2\repository\io\rest-assured\rest-assured-common\5.1.1\rest-assured-common-5.1.1.jar;C:\Users\HeshamAbdElhamedGhar\.m2\repository\io\rest-assured\xml-path\5.1.1\xml-path-5.1.1.jar;C:\Users\HeshamAbdElhamedGhar\.m2\repository\com\googlecode\json-simple\json-simple\1.1.1\json-simple-1.1.1.jar;C:\Users\HeshamAbdElhamedGhar\.m2\repository\com\jayway\jsonpath\json-path\2.7.0\json-path-2.7.0.jar;C:\Users\HeshamAbdElhamedGhar\.m2\repository\net\minidev\json-smart\2.4.7\json-smart-2.4.7.jar;C:\Users\HeshamAbdElhamedGhar\.m2\repository\net\minidev\accessors-smart\2.4.7\accessors-smart-2.4.7.jar;C:\Users\HeshamAbdElhamedGhar\.m2\repository\org\skyscreamer\jsonassert\1.5.1\jsonassert-1.5.1.jar;C:\Users\HeshamAbdElhamedGhar\.m2\repository\com\vaadin\external\google\android-json\0.0.20131108.vaadin1\android-json-0.0.20131108.vaadin1.jar;C:\Users\HeshamAbdElhamedGhar\.m2\repository\eu\medsea\mimeutil\mime-util\2.1.3\mime-util-2.1.3.jar;C:\Users\HeshamAbdElhamedGhar\.m2\repository\io\rest-assured\json-schema-validator\5.1.1\json-schema-validator-5.1.1.jar;C:\Users\HeshamAbdElhamedGhar\.m2\repository\com\github\java-json-tools\json-schema-validator\2.2.14\json-schema-validator-2.2.14.jar;C:\Users\HeshamAbdElhamedGhar\.m2\repository\com\github\java-json-tools\jackson-coreutils-equivalence\1.0\jackson-coreutils-equivalence-1.0.jar;C:\Users\HeshamAbdElhamedGhar\.m2\repository\com\github\java-json-tools\jackson-coreutils\2.0\jackson-coreutils-2.0.jar;C:\Users\HeshamAbdElhamedGhar\.m2\repository\com\github\java-json-tools\msg-simple\1.2\msg-simple-1.2.jar;C:\Users\HeshamAbdElhamedGhar\.m2\repository\com\github\java-json-tools\btf\1.3\btf-1.3.jar;C:\Users\HeshamAbdElhamedGhar\.m2\repository\com\github\java-json-tools\json-schema-core\1.2.14\json-schema-core-1.2.14.jar;C:\Users\HeshamAbdElhamedGhar\.m2\repository\com\github\java-json-tools\uri-template\0.10\uri-template-0.10.jar;C:\Users\HeshamAbdElhamedGhar\.m2\repository\org\mozilla\rhino\1.7.7.2\rhino-1.7.7.2.jar;C:\Users\HeshamAbdElhamedGhar\.m2\repository\com\sun\mail\mailapi\1.6.2\mailapi-1.6.2.jar;C:\Users\HeshamAbdElhamedGhar\.m2\repository\joda-time\joda-time\2.10.5\joda-time-2.10.5.jar;C:\Users\HeshamAbdElhamedGhar\.m2\repository\com\googlecode\libphonenumber\libphonenumber\8.11.1\libphonenumber-8.11.1.jar;C:\Users\HeshamAbdElhamedGhar\.m2\repository\net\sf\jopt-simple\jopt-simple\5.0.4\jopt-simple-5.0.4.jar;C:\Users\HeshamAbdElhamedGhar\.m2\repository\com\fasterxml\jackson\datatype\jackson-datatype-jdk8\2.13.4\jackson-datatype-jdk8-2.13.4.jar;C:\Users\HeshamAbdElhamedGhar\.m2\repository\com\fasterxml\jackson\core\jackson-core\2.13.4\jackson-core-2.13.4.jar;C:\Users\HeshamAbdElhamedGhar\.m2\repository\com\applitools\eyes-images-java4\4.14.0\eyes-images-java4-4.14.0.jar;C:\Users\HeshamAbdElhamedGhar\.m2\repository\com\applitools\eyes-common-java4\4.14.0\eyes-common-java4-4.14.0.jar;C:\Users\HeshamAbdElhamedGhar\.m2\repository\org\imgscalr\imgscalr-lib\4.2\imgscalr-lib-4.2.jar;C:\Users\HeshamAbdElhamedGhar\.m2\repository\com\helger\ph-css\6.1.1\ph-css-6.1.1.jar;C:\Users\HeshamAbdElhamedGhar\.m2\repository\com\helger\ph-commons\9.0.2\ph-commons-9.0.2.jar;C:\Users\HeshamAbdElhamedGhar\.m2\repository\org\jsoup\jsoup\1.8.3\jsoup-1.8.3.jar;C:\Users\HeshamAbdElhamedGhar\.m2\repository\com\applitools\eyes-sdk-core-java4\4.14.0\eyes-sdk-core-java4-4.14.0.jar;C:\Users\HeshamAbdElhamedGhar\.m2\repository\com\applitools\eyes-connectivity-java4-jersey2x\4.14.0\eyes-connectivity-java4-jersey2x-4.14.0.jar;C:\Users\HeshamAbdElhamedGhar\.m2\repository\org\glassfish\jersey\connectors\jersey-apache-connector\2.16\jersey-apache-connector-2.16.jar;C:\Users\HeshamAbdElhamedGhar\.m2\repository\org\glassfish\jersey\core\jersey-common\2.16\jersey-common-2.16.jar;C:\Users\HeshamAbdElhamedGhar\.m2\repository\javax\annotation\javax.annotation-api\1.2\javax.annotation-api-1.2.jar;C:\Users\HeshamAbdElhamedGhar\.m2\repository\org\glassfish\jersey\bundles\repackaged\jersey-guava\2.16\jersey-guava-2.16.jar;C:\Users\HeshamAbdElhamedGhar\.m2\repository\org\glassfish\hk2\osgi-resource-locator\1.0.1\osgi-resource-locator-1.0.1.jar;C:\Users\HeshamAbdElhamedGhar\.m2\repository\javax\ws\rs\javax.ws.rs-api\2.0.1\javax.ws.rs-api-2.0.1.jar;C:\Users\HeshamAbdElhamedGhar\.m2\repository\org\glassfish\jersey\core\jersey-client\2.16\jersey-client-2.16.jar;C:\Users\HeshamAbdElhamedGhar\.m2\repository\org\glassfish\hk2\hk2-api\2.4.0-b09\hk2-api-2.4.0-b09.jar;C:\Users\HeshamAbdElhamedGhar\.m2\repository\org\glassfish\hk2\hk2-utils\2.4.0-b09\hk2-utils-2.4.0-b09.jar;C:\Users\HeshamAbdElhamedGhar\.m2\repository\org\glassfish\hk2\external\aopalliance-repackaged\2.4.0-b09\aopalliance-repackaged-2.4.0-b09.jar;C:\Users\HeshamAbdElhamedGhar\.m2\repository\org\glassfish\hk2\external\javax.inject\2.4.0-b09\javax.inject-2.4.0-b09.jar;C:\Users\HeshamAbdElhamedGhar\.m2\repository\org\glassfish\hk2\hk2-locator\2.4.0-b09\hk2-locator-2.4.0-b09.jar;C:\Users\HeshamAbdElhamedGhar\.m2\repository\org\openpnp\opencv\4.5.5-1\opencv-4.5.5-1.jar;C:\Users\HeshamAbdElhamedGhar\.m2\repository\com\sikulix\sikulixapi\2.0.5\sikulixapi-2.0.5.jar;C:\Users\HeshamAbdElhamedGhar\.m2\repository\org\python\jython-slim\2.7.2\jython-slim-2.7.2.jar;C:\Users\HeshamAbdElhamedGhar\.m2\repository\org\antlr\antlr\3.5.2\antlr-3.5.2.jar;C:\Users\HeshamAbdElhamedGhar\.m2\repository\org\antlr\ST4\4.0.8\ST4-4.0.8.jar;C:\Users\HeshamAbdElhamedGhar\.m2\repository\javax\servlet\javax.servlet-api\3.1.0\javax.servlet-api-3.1.0.jar;C:\Users\HeshamAbdElhamedGhar\.m2\repository\org\antlr\antlr-runtime\3.5.2\antlr-runtime-3.5.2.jar;C:\Users\HeshamAbdElhamedGhar\.m2\repository\org\bouncycastle\bcpkix-jdk15on\1.62\bcpkix-jdk15on-1.62.jar;C:\Users\HeshamAbdElhamedGhar\.m2\repository\org\bouncycastle\bcprov-jdk15on\1.62\bcprov-jdk15on-1.62.jar;C:\Users\HeshamAbdElhamedGhar\.m2\repository\org\ow2\asm\asm-commons\7.1\asm-commons-7.1.jar;C:\Users\HeshamAbdElhamedGhar\.m2\repository\org\ow2\asm\asm-tree\7.1\asm-tree-7.1.jar;C:\Users\HeshamAbdElhamedGhar\.m2\repository\org\ow2\asm\asm-analysis\7.1\asm-analysis-7.1.jar;C:\Users\HeshamAbdElhamedGhar\.m2\repository\org\ow2\asm\asm-util\7.1\asm-util-7.1.jar;C:\Users\HeshamAbdElhamedGhar\.m2\repository\com\ibm\icu\icu4j\59.1\icu4j-59.1.jar;C:\Users\HeshamAbdElhamedGhar\.m2\repository\com\carrotsearch\java-sizeof\0.0.5\java-sizeof-0.0.5.jar;C:\Users\HeshamAbdElhamedGhar\.m2\repository\com\github\jnr\jffi\1.2.20\jffi-1.2.20.jar;C:\Users\HeshamAbdElhamedGhar\.m2\repository\com\github\jnr\jnr-netdb\1.1.6\jnr-netdb-1.1.6.jar;C:\Users\HeshamAbdElhamedGhar\.m2\repository\com\github\jnr\jnr-ffi\2.1.10\jnr-ffi-2.1.10.jar;C:\Users\HeshamAbdElhamedGhar\.m2\repository\com\github\jnr\jffi\1.2.19\jffi-1.2.19-native.jar;C:\Users\HeshamAbdElhamedGhar\.m2\repository\com\github\jnr\jnr-a64asm\1.0.0\jnr-a64asm-1.0.0.jar;C:\Users\HeshamAbdElhamedGhar\.m2\repository\com\github\jnr\jnr-x86asm\1.0.2\jnr-x86asm-1.0.2.jar;C:\Users\HeshamAbdElhamedGhar\.m2\repository\com\github\jnr\jnr-posix\3.0.50\jnr-posix-3.0.50.jar;C:\Users\HeshamAbdElhamedGhar\.m2\repository\com\github\jnr\jnr-constants\0.9.12\jnr-constants-0.9.12.jar;C:\Users\HeshamAbdElhamedGhar\.m2\repository\jline\jline\2.14.5\jline-2.14.5.jar;C:\Users\HeshamAbdElhamedGhar\.m2\repository\org\apache\ant\ant\1.9.7\ant-1.9.7.jar;C:\Users\HeshamAbdElhamedGhar\.m2\repository\org\apache\ant\ant-launcher\1.9.7\ant-launcher-1.9.7.jar;C:\Users\HeshamAbdElhamedGhar\.m2\repository\com\sikulix\sikulix2tigervnc\1.1.4\sikulix2tigervnc-1.1.4.jar;C:\Users\HeshamAbdElhamedGhar\.m2\repository\commons-cli\commons-cli\1.4\commons-cli-1.4.jar;C:\Users\HeshamAbdElhamedGhar\.m2\repository\org\apache\commons\commons-exec\1.3\commons-exec-1.3.jar;C:\Users\HeshamAbdElhamedGhar\.m2\repository\net\java\dev\jna\jna-platform\5.6.0\jna-platform-5.6.0.jar;C:\Users\HeshamAbdElhamedGhar\.m2\repository\net\oneandone\reflections8\reflections8\0.11.6\reflections8-0.11.6.jar;C:\Users\HeshamAbdElhamedGhar\.m2\repository\org\javassist\javassist\3.22.0-GA\javassist-3.22.0-GA.jar;C:\Users\HeshamAbdElhamedGhar\.m2\repository\net\sourceforge\tess4j\tess4j\4.5.4\tess4j-4.5.4.jar;C:\Users\HeshamAbdElhamedGhar\.m2\repository\com\github\jai-imageio\jai-imageio-core\1.4.0\jai-imageio-core-1.4.0.jar;C:\Users\HeshamAbdElhamedGhar\.m2\repository\org\ghost4j\ghost4j\1.0.1\ghost4j-1.0.1.jar;C:\Users\HeshamAbdElhamedGhar\.m2\repository\org\apache\xmlgraphics\xmlgraphics-commons\1.4\xmlgraphics-commons-1.4.jar;C:\Users\HeshamAbdElhamedGhar\.m2\repository\com\lowagie\itext\2.1.7\itext-2.1.7.jar;C:\Users\HeshamAbdElhamedGhar\.m2\repository\org\apache\pdfbox\pdfbox-tools\2.0.21\pdfbox-tools-2.0.21.jar;C:\Users\HeshamAbdElhamedGhar\.m2\repository\org\apache\pdfbox\pdfbox-debugger\2.0.21\pdfbox-debugger-2.0.21.jar;C:\Users\HeshamAbdElhamedGhar\.m2\repository\org\apache\pdfbox\jbig2-imageio\3.0.3\jbig2-imageio-3.0.3.jar;C:\Users\HeshamAbdElhamedGhar\.m2\repository\net\sourceforge\lept4j\lept4j\1.13.2\lept4j-1.13.2.jar;C:\Users\HeshamAbdElhamedGhar\.m2\repository\org\jboss\jboss-vfs\3.2.15.Final\jboss-vfs-3.2.15.Final.jar;C:\Users\HeshamAbdElhamedGhar\.m2\repository\org\jboss\logging\jboss-logging\3.1.4.GA\jboss-logging-3.1.4.GA.jar;C:\Users\HeshamAbdElhamedGhar\.m2\repository\net\sf\py4j\py4j\0.10.9.1\py4j-0.10.9.1.jar;C:\Users\HeshamAbdElhamedGhar\.m2\repository\com\epam\healenium\healenium-web\3.3.0\healenium-web-3.3.0.jar;C:\Users\HeshamAbdElhamedGhar\.m2\repository\com\typesafe\config\1.4.2\config-1.4.2.jar;C:\Users\HeshamAbdElhamedGhar\.m2\repository\com\epam\healenium\tree-comparing\0.4.10\tree-comparing-0.4.10.jar;C:\Users\HeshamAbdElhamedGhar\.m2\repository\org\apache\commons\commons-text\1.6\commons-text-1.6.jar;C:\Users\HeshamAbdElhamedGhar\.m2\repository\com\squareup\okhttp3\okhttp\4.9.3\okhttp-4.9.3.jar;C:\Users\HeshamAbdElhamedGhar\.m2\repository\com\squareup\okio\okio\2.8.0\okio-2.8.0.jar;C:\Users\HeshamAbdElhamedGhar\.m2\repository\org\jetbrains\kotlin\kotlin-stdlib-common\1.4.0\kotlin-stdlib-common-1.4.0.jar;C:\Users\HeshamAbdElhamedGhar\.m2\repository\org\jetbrains\kotlin\kotlin-stdlib\1.4.10\kotlin-stdlib-1.4.10.jar;C:\Users\HeshamAbdElhamedGhar\.m2\repository\org\mapstruct\mapstruct\1.4.2.Final\mapstruct-1.4.2.Final.jar;C:\Users\HeshamAbdElhamedGhar\.m2\repository\one\util\streamex\0.8.1\streamex-0.8.1.jar;C:\Users\HeshamAbdElhamedGhar\.m2\repository\org\mapstruct\mapstruct-processor\1.4.2.Final\mapstruct-processor-1.4.2.Final.jar;C:\Users\HeshamAbdElhamedGhar\.m2\repository\com\assertthat\selenium-shutterbug\1.6\selenium-shutterbug-1.6.jar;C:\Users\HeshamAbdElhamedGhar\.m2\repository\com\github\zafarkhaja\java-semver\0.9.0\java-semver-0.9.0.jar;C:\Users\HeshamAbdElhamedGhar\.m2\repository\com\jcraft\jsch\0.1.55\jsch-0.1.55.jar;C:\Users\HeshamAbdElhamedGhar\.m2\repository\mysql\mysql-connector-java\8.0.30\mysql-connector-java-8.0.30.jar;C:\Users\HeshamAbdElhamedGhar\.m2\repository\com\google\protobuf\protobuf-java\3.19.4\protobuf-java-3.19.4.jar;C:\Users\HeshamAbdElhamedGhar\.m2\repository\com\microsoft\sqlserver\mssql-jdbc\9.4.1.jre16-preview\mssql-jdbc-9.4.1.jre16-preview.jar;C:\Users\HeshamAbdElhamedGhar\.m2\repository\postgresql\postgresql\9.1-901-1.jdbc4\postgresql-9.1-901-1.jdbc4.jar;C:\Users\HeshamAbdElhamedGhar\.m2\repository\com\ibm\db2\jcc\db2jcc\db2jcc4\db2jcc-db2jcc4.jar;C:\Users\HeshamAbdElhamedGhar\.m2\repository\io\cucumber\cucumber-java\7.5.0\cucumber-java-7.5.0.jar;C:\Users\HeshamAbdElhamedGhar\.m2\repository\io\cucumber\cucumber-core\7.5.0\cucumber-core-7.5.0.jar;C:\Users\HeshamAbdElhamedGhar\.m2\repository\io\cucumber\cucumber-gherkin\7.5.0\cucumber-gherkin-7.5.0.jar;C:\Users\HeshamAbdElhamedGhar\.m2\repository\io\cucumber\cucumber-gherkin-messages\7.5.0\cucumber-gherkin-messages-7.5.0.jar;C:\Users\HeshamAbdElhamedGhar\.m2\repository\io\cucumber\tag-expressions\4.1.0\tag-expressions-4.1.0.jar;C:\Users\HeshamAbdElhamedGhar\.m2\repository\io\cucumber\cucumber-expressions\16.0.0\cucumber-expressions-16.0.0.jar;C:\Users\HeshamAbdElhamedGhar\.m2\repository\io\cucumber\datatable\7.5.0\datatable-7.5.0.jar;C:\Users\HeshamAbdElhamedGhar\.m2\repository\io\cucumber\cucumber-plugin\7.5.0\cucumber-plugin-7.5.0.jar;C:\Users\HeshamAbdElhamedGhar\.m2\repository\io\cucumber\docstring\7.5.0\docstring-7.5.0.jar;C:\Users\HeshamAbdElhamedGhar\.m2\repository\io\cucumber\html-formatter\19.2.0\html-formatter-19.2.0.jar;C:\Users\HeshamAbdElhamedGhar\.m2\repository\io\cucumber\ci-environment\9.1.0\ci-environment-9.1.0.jar;C:\Users\HeshamAbdElhamedGhar\.m2\repository\org\apiguardian\apiguardian-api\1.1.2\apiguardian-api-1.1.2.jar;C:\Users\HeshamAbdElhamedGhar\.m2\repository\io\cucumber\cucumber-testng\7.5.0\cucumber-testng-7.5.0.jar;C:\Users\HeshamAbdElhamedGhar\.m2\repository\io\cucumber\cucumber-picocontainer\7.5.0\cucumber-picocontainer-7.5.0.jar;C:\Users\HeshamAbdElhamedGhar\.m2\repository\org\picocontainer\picocontainer\2.15\picocontainer-2.15.jar;C:\Users\HeshamAbdElhamedGhar\.m2\repository\ws\schild\jave-all-deps\3.3.1\jave-all-deps-3.3.1.jar;C:\Users\HeshamAbdElhamedGhar\.m2\repository\ws\schild\jave-core\3.3.1\jave-core-3.3.1.jar;C:\Users\HeshamAbdElhamedGhar\.m2\repository\ws\schild\jave-nativebin-win32\3.3.1\jave-nativebin-win32-3.3.1.jar;C:\Users\HeshamAbdElhamedGhar\.m2\repository\ws\schild\jave-nativebin-win64\3.3.1\jave-nativebin-win64-3.3.1.jar;C:\Users\HeshamAbdElhamedGhar\.m2\repository\ws\schild\jave-nativebin-linux32\3.3.1\jave-nativebin-linux32-3.3.1.jar;C:\Users\HeshamAbdElhamedGhar\.m2\repository\ws\schild\jave-nativebin-linux64\3.3.1\jave-nativebin-linux64-3.3.1.jar;C:\Users\HeshamAbdElhamedGhar\.m2\repository\ws\schild\jave-nativebin-osx64\3.3.1\jave-nativebin-osx64-3.3.1.jar;C:\Users\HeshamAbdElhamedGhar\.m2\repository\ws\schild\jave-nativebin-osxm1\3.3.1\jave-nativebin-osxm1-3.3.1.jar;C:\Users\HeshamAbdElhamedGhar\.m2\repository\ws\schild\jave-nativebin-linux-arm32\3.3.1\jave-nativebin-linux-arm32-3.3.1.jar;C:\Users\HeshamAbdElhamedGhar\.m2\repository\ws\schild\jave-nativebin-linux-arm64\3.3.1\jave-nativebin-linux-arm64-3.3.1.jar;C:\Users\HeshamAbdElhamedGhar\.m2\repository\com\automation-remarks\video-recorder-testng\2.0\video-recorder-testng-2.0.jar;C:\Users\HeshamAbdElhamedGhar\.m2\repository\com\automation-remarks\video-recorder-core\2.0\video-recorder-core-2.0.jar;C:\Users\HeshamAbdElhamedGhar\.m2\repository\org\aeonbits\owner\owner-java8\1.0.10\owner-java8-1.0.10.jar;C:\Users\HeshamAbdElhamedGhar\.m2\repository\org\aeonbits\owner\owner\1.0.10\owner-1.0.10.jar;C:\Users\HeshamAbdElhamedGhar\.m2\repository\org\zeroturnaround\zt-exec\1.10\zt-exec-1.10.jar;C:\Users\HeshamAbdElhamedGhar\.m2\repository\org\awaitility\awaitility\3.1.6\awaitility-3.1.6.jar;C:\Users\HeshamAbdElhamedGhar\.m2\repository\org\hamcrest\hamcrest-library\1.3\hamcrest-library-1.3.jar;C:\Users\HeshamAbdElhamedGhar\.m2\repository\org\hamcrest\hamcrest-core\1.3\hamcrest-core-1.3.jar;C:\Users\HeshamAbdElhamedGhar\.m2\repository\org\objenesis\objenesis\2.6\objenesis-2.6.jar;C:\Users\HeshamAbdElhamedGhar\.m2\repository\org\json\json\20180813\json-20180813.jar;C:\Users\HeshamAbdElhamedGhar\.m2\repository\org\slf4j\slf4j-simple\2.0.0\slf4j-simple-2.0.0.jar;C:\Users\HeshamAbdElhamedGhar\.m2\repository\org\slf4j\slf4j-api\2.0.0\slf4j-api-2.0.0.jar;C:\Users\HeshamAbdElhamedGhar\.m2\repository\org\slf4j\log4j-over-slf4j\2.0.0\log4j-over-slf4j-2.0.0.jar;C:\Users\HeshamAbdElhamedGhar\.m2\repository\com\google\guava\guava\31.1-jre\guava-31.1-jre.jar;C:\Users\HeshamAbdElhamedGhar\.m2\repository\com\google\guava\failureaccess\1.0.1\failureaccess-1.0.1.jar;C:\Users\HeshamAbdElhamedGhar\.m2\repository\com\google\guava\listenablefuture\9999.0-empty-to-avoid-conflict-with-guava\listenablefuture-9999.0-empty-to-avoid-conflict-with-guava.jar;C:\Users\HeshamAbdElhamedGhar\.m2\repository\org\checkerframework\checker-qual\3.12.0\checker-qual-3.12.0.jar;C:\Users\HeshamAbdElhamedGhar\.m2\repository\com\google\errorprone\error_prone_annotations\2.11.0\error_prone_annotations-2.11.0.jar;C:\Users\HeshamAbdElhamedGhar\.m2\repository\com\google\j2objc\j2objc-annotations\1.3\j2objc-annotations-1.3.jar;C:\Users\HeshamAbdElhamedGhar\.m2\repository\org\projectlombok\lombok\1.18.24\lombok-1.18.24.jar;C:\Users\HeshamAbdElhamedGhar\.m2\repository\com\google\crypto\tink\tink\1.7.0\tink-1.7.0.jar;C:\Users\HeshamAbdElhamedGhar\.m2\repository\com\google\crypto\tink\tink-awskms\1.7.0\tink-awskms-1.7.0.jar;C:\Users\HeshamAbdElhamedGhar\.m2\repository\com\amazonaws\aws-java-sdk-core\1.12.182\aws-java-sdk-core-1.12.182.jar;C:\Users\HeshamAbdElhamedGhar\.m2\repository\software\amazon\ion\ion-java\1.0.2\ion-java-1.0.2.jar;C:\Users\HeshamAbdElhamedGhar\.m2\repository\com\amazonaws\aws-java-sdk-kms\1.12.182\aws-java-sdk-kms-1.12.182.jar;C:\Users\HeshamAbdElhamedGhar\.m2\repository\com\amazonaws\jmespath-java\1.12.182\jmespath-java-1.12.182.jar;C:\Users\HeshamAbdElhamedGhar\.m2\repository\com\fasterxml\jackson\dataformat\jackson-dataformat-cbor\2.13.1\jackson-dataformat-cbor-2.13.1.jar;C:\Users\HeshamAbdElhamedGhar\.m2\repository\com\google\auto\service\auto-service\1.0.1\auto-service-1.0.1.jar;C:\Users\HeshamAbdElhamedGhar\.m2\repository\com\google\auto\auto-common\1.2\auto-common-1.2.jar;C:\Users\HeshamAbdElhamedGhar\.m2\repository\com\google\crypto\tink\tink-gcpkms\1.7.0\tink-gcpkms-1.7.0.jar;C:\Users\HeshamAbdElhamedGhar\.m2\repository\com\google\api-client\google-api-client\1.33.2\google-api-client-1.33.2.jar;C:\Users\HeshamAbdElhamedGhar\.m2\repository\com\google\oauth-client\google-oauth-client\1.33.0\google-oauth-client-1.33.0.jar;C:\Users\HeshamAbdElhamedGhar\.m2\repository\com\google\http-client\google-http-client-apache-v2\1.41.2\google-http-client-apache-v2-1.41.2.jar;C:\Users\HeshamAbdElhamedGhar\.m2\repository\com\google\apis\google-api-services-cloudkms\v1-rev108-1.25.0\google-api-services-cloudkms-v1-rev108-1.25.0.jar;C:\Users\HeshamAbdElhamedGhar\.m2\repository\com\google\auth\google-auth-library-oauth2-http\1.5.3\google-auth-library-oauth2-http-1.5.3.jar;C:\Users\HeshamAbdElhamedGhar\.m2\repository\com\google\auto\value\auto-value-annotations\1.9\auto-value-annotations-1.9.jar;C:\Users\HeshamAbdElhamedGhar\.m2\repository\com\google\auth\google-auth-library-credentials\1.5.3\google-auth-library-credentials-1.5.3.jar;C:\Users\HeshamAbdElhamedGhar\.m2\repository\com\google\http-client\google-http-client\1.41.3\google-http-client-1.41.3.jar;C:\Users\HeshamAbdElhamedGhar\.m2\repository\io\opencensus\opencensus-api\0.31.0\opencensus-api-0.31.0.jar;C:\Users\HeshamAbdElhamedGhar\.m2\repository\io\grpc\grpc-context\1.27.2\grpc-context-1.27.2.jar;C:\Users\HeshamAbdElhamedGhar\.m2\repository\io\opencensus\opencensus-contrib-http-util\0.31.0\opencensus-contrib-http-util-0.31.0.jar;C:\Users\HeshamAbdElhamedGhar\.m2\repository\com\google\http-client\google-http-client-gson\1.41.3\google-http-client-gson-1.41.3.jar;C:\Users\HeshamAbdElhamedGhar\.m2\repository\org\yaml\snakeyaml\1.31\snakeyaml-1.31.jar;C:\Users\HeshamAbdElhamedGhar\.m2\repository\com\auth0\java-jwt\4.0.0\java-jwt-4.0.0.jar;C:\Users\HeshamAbdElhamedGhar\.m2\repository\com\fasterxml\jackson\core\jackson-databind\2.13.2.2\jackson-databind-2.13.2.2.jar;C:\Users\HeshamAbdElhamedGhar\.m2\repository\com\fasterxml\jackson\core\jackson-annotations\2.13.2\jackson-annotations-2.13.2.jar;"/>
    <property name="tinkey.kms.masterKeyUri" value=""/>
    <property name="java.vm.vendor" value="Oracle Corporation"/>
    <property name="openAllureReportAfterExecution" value="true"/>
    <property name="allureVersion" value="2.19.0"/>
    <property name="user.variant" value=""/>
    <property name="videoParams_scope" value="TestMethod"/>
    <property name="browserStack.acceptInsecureCerts" value="true"/>
    <property name="forceCheckTextWasTypedCorrectly" value="true"/>
    <property name="databaseQueryTimeout" value="30"/>
    <property name="user.country" value="US"/>
    <property name="sun.java.launcher" value="SUN_STANDARD"/>
    <property name="allure.link.issue.pattern" value=""/>
    <property name="cucumber.snippet-type" value="underscore"/>
    <property name="apiSocketTimeout" value="30"/>
    <property name="sun.cpu.endian" value="little"/>
    <property name="user.language" value="en"/>
    <property name="cucumber.execution.dry-run" value="false"/>
    <property name="allure.link.tms.pattern" value="https:///{} "/>
    <property name="createAnimatedGif" value="true"/>
    <property name="cucumber.execution.wip" value="false"/>
    <property name="surefire.real.class.path" value="C:\Users\HeshamAbdElhamedGhar\AppData\Local\Temp\surefire2827585305712158208\surefirebooter-20221012155759043_3.jar"/>
    <property name="shellSessionTimeout" value="30"/>
    <property name="recovery-tries" value="1"/>
    <property name="java.runtime.name" value="Java(TM) SE Runtime Environment"/>
    <property name="generateExtentReports" value="true"/>
    <property name="heal-enabled" value="false"/>
    <property name="java.vendor.url.bug" value="https://bugreport.java.com/bugreport/"/>
    <property name="animatedGif_frameDelay" value="500"/>
    <property name="captureElementName" value="true"/>
    <property name="forceCheckElementLocatorIsUnique" value="true"/>
    <property name="user.dir" value="C:\eclipse-workspace\MyProjects\TASystemsAPIs"/>
    <property name="video.mode" value="ALL"/>
    <property name="mobile_deviceName" value=""/>
    <property name="browserStack.appiumVersion" value="1.22.0"/>
    <property name="captureWebDriverLogs" value="true"/>
    <property name="setDataProviderThreadCount" value="1"/>
    <property name="browserStack.networkLogs" value="true"/>
    <property name="java.vm.version" value="17.0.2+8-LTS-86"/>
    <property name="cucumber.glue" value="customCucumberSteps, com.shaft.cucumber"/>
  </properties>
  <testcase name="Bad_Token_RQ_TC" classname="SteeringCompanyAPI_TestCases.Test_Case" time="5.037">
    <system-out><![CDATA[
################################################################################################################################################
Detected SHAFT Engine Version: "SHAFT Engine v6.4.20220906-BETA"
################################################################################################################################################
[ReportManager] getPreserveOrder: true @12-10-2022 15:58:02.0542 PM
[ReportManager] getDataProviderThreadCount: 1 @12-10-2022 15:58:02.0545 PM
[ReportManager] getThreadCount: 1 @12-10-2022 15:58:02.0545 PM
[ReportManager] getVerbose: 1 @12-10-2022 15:58:02.0546 PM
[ReportManager] getGroupByInstances: true @12-10-2022 15:58:02.0546 PM
[ReportManager] getParallel: none @12-10-2022 15:58:02.0546 PM

################################################################################################################################################
Starting Execution of a Configuration (Setup or Teardown) Method
Test Method:		"com.shaft.tools.io.LogsHelper.setupActivities"
################################################################################################################################################

################################################################################################################################################
Starting Execution of a Configuration (Setup or Teardown) Method
Test Method:		"SteeringCompanyAPI_TestCases.Test_Case.perparedata"
################################################################################################################################################
[ReportManager] Loaded Test Data: "src/test/resources/testDataFiles/SteeringCompanyAPI_TestData/SteeringCompanyAPI_TestData.xlsx". @12-10-2022 15:58:04.0267 PM

################################################################################################################################################
Starting Execution:	"1 out of 3" test cases in the current suite
Test Method:		"SteeringCompanyAPI_TestCases.Test_Case.Bad_Token_RQ_TC"
Test Description:	"TC003 - Peform Post Token API with empty request body"
################################################################################################################################################
[ReportManager] Loaded Test Data: "src/test/resources/testDataFiles/SteeringCompanyAPI_TestData/SteeringCompanyAPI_TestData.xlsx". @12-10-2022 15:58:04.0406 PM
[ReportManager] Assertion Passed: Evaluating the actual response status code against the expected one... @12-10-2022 15:58:07.0409 PM
[ReportManager] Perform request "POST | Target Status Code: 400 | Service URL: https://auth-demo.np.transporticonline.com/auth/realms/tic/protocol/openid-connect/token | Content Type: application/x-www-form-urlencoded | Response Time: 1695ms". @12-10-2022 15:58:08.0255 PM
[ReportManager] Assertion Passed: Check Response Status Code is 400 and it is Bad RQ. @12-10-2022 15:58:08.0442 PM
[ReportManager] Assertion Passed: Check error_description is existed. @12-10-2022 15:58:08.0445 PM
[ReportManager] Assertion Passed: Check error_description is not null. @12-10-2022 15:58:08.0559 PM
[ReportManager] Assertion Passed: Unauthorized Token Schema is matched with Unauthorized schema. @12-10-2022 15:58:09.0273 PM
[ReportManager] Verification Passed: "1695" is greater than or equal to "1.1". @12-10-2022 15:58:09.0277 PM
[ReportManager] Verification Passed: "1695" is less than or equal to "10000". @12-10-2022 15:58:09.0278 PM
]]></system-out>
    <system-err><![CDATA[[main] INFO com.shaft.tools.io.ReportManagerHelper - [ReportManager] Loaded OpenCV "opencv_java455". @12-10-2022 15:58:02.0497 PM
[main] ERROR io.qameta.allure.AllureLifecycle - Could not start step: no test case running
[main] ERROR io.qameta.allure.AllureLifecycle - Could not update step: no step running
[main] ERROR io.qameta.allure.AllureLifecycle - Could not stop step: no step running
[main] ERROR io.qameta.allure.AllureLifecycle - Could not start step: no test case running
[main] ERROR io.qameta.allure.AllureLifecycle - Could not update step: no step running
[main] ERROR io.qameta.allure.AllureLifecycle - Could not stop step: no step running
[main] ERROR io.qameta.allure.AllureLifecycle - Could not start step: no test case running
[main] ERROR io.qameta.allure.AllureLifecycle - Could not update step: no step running
[main] ERROR io.qameta.allure.AllureLifecycle - Could not stop step: no step running
[main] ERROR io.qameta.allure.AllureLifecycle - Could not start step: no test case running
[main] ERROR io.qameta.allure.AllureLifecycle - Could not update step: no step running
[main] ERROR io.qameta.allure.AllureLifecycle - Could not stop step: no step running
[main] ERROR io.qameta.allure.AllureLifecycle - Could not start step: no test case running
[main] ERROR io.qameta.allure.AllureLifecycle - Could not update step: no step running
[main] ERROR io.qameta.allure.AllureLifecycle - Could not stop step: no step running
[main] ERROR io.qameta.allure.AllureLifecycle - Could not start step: no test case running
[main] ERROR io.qameta.allure.AllureLifecycle - Could not update step: no step running
[main] ERROR io.qameta.allure.AllureLifecycle - Could not stop step: no step running
[main] INFO com.shaft.tools.io.ReportManagerHelper - [ReportManager] Initializing Project Structure... @12-10-2022 15:58:02.0747 PM
[main] INFO com.shaft.tools.io.ReportManagerHelper - [ReportManager] Initializing Allure Reporting Environment... @12-10-2022 15:58:02.0748 PM
[main] INFO com.shaft.tools.io.ReportManagerHelper - [ReportManager] Initializing Extent Reporting Environment... @12-10-2022 15:58:02.0907 PM
[main] INFO com.shaft.tools.io.ReportManagerHelper - [ReportManager] Initializing Important Links... @12-10-2022 15:58:03.0290 PM
[main] INFO com.shaft.tools.io.ReportManagerHelper - [ReportManager] Initializing Custom Properties... @12-10-2022 15:58:03.0299 PM
[main] INFO com.shaft.tools.io.ReportManagerHelper - [ReportManager] Setting discrete logging to: "false" @12-10-2022 15:58:03.0338 PM
[main] INFO com.shaft.tools.io.ReportManagerHelper - [ReportManager] Setting discrete logging to: "false" @12-10-2022 15:58:03.0368 PM
[main] INFO com.shaft.tools.io.ReportManagerHelper - [ReportManager] Setting discrete logging to: "false" @12-10-2022 15:58:03.0368 PM
[main] INFO com.shaft.tools.io.ReportManagerHelper - [ReportManager] File Action "DoesFileExist" successfully performed. With the following test data "File Path: "SteeringCompanyAPI_TestData/SteeringCompanyAPI_TestData.xlsx"". @12-10-2022 15:58:03.0373 PM
ERROR StatusLogger Log4j2 could not find a logging implementation. Please add log4j-core to the classpath. Using SimpleLogger to log to the console...
[main] INFO com.shaft.tools.io.ReportManagerHelper - [ReportManager] Successfully created attachment "Test Data - Excel" @12-10-2022 15:58:04.0269 PM
[main] INFO com.shaft.tools.io.ReportManagerHelper - [ReportManager] Debugging Attachment Entry @12-10-2022 15:58:04.0269 PM
PK&amp#3;&amp#4;&amp#20;&amp#0;&amp#6;&amp#0;&amp#8;&amp#0;&amp#0;&amp#0;!&amp#0;&amp#18;&amp#24;��d&amp#1;&amp#0;&amp#0;&amp#24;&amp#5;&amp#0;&amp#0;&amp#19;&amp#0;&amp#8;&amp#2;[Content_Types].xml �&amp#4;&amp#2;(�&amp#0;&amp#2;&amp#0;&amp#0;&amp#0;&amp#0;&amp#0;&amp#0;&amp#0;&amp#0;&amp#0;&amp#0;&amp#0;&amp#0;&amp#0;&amp#0;&amp#0;&amp#0;&amp#0;&amp#0;&amp#0;&amp#0;&amp#0;&amp#0;&amp#0;&amp#0;&amp#0;&amp#0;&amp#0;&amp#0;&amp#0;&amp#0;&amp#0;&amp#0;&amp#0;&amp#0;&amp#0;&amp#0;&amp#0;&amp#0;&amp#0;&amp#0;&amp#0;&amp#0;&amp#0;&amp#0;&amp#0;&amp#0;&amp#0;&amp#0;&amp#0;&amp#0;&amp#0;&amp#0;&amp#0;&amp#0;&amp#0;&amp#0;&amp#0;&amp#0;&amp#0;&amp#0;&amp#0;&amp#0;&amp#0;&amp#0;&amp#0;&amp#0;&amp#0;&amp#0;&amp#0;&amp#0;&amp#0;&amp#0;&amp#0;&amp#0;&amp#0;&amp#0;&amp#0;&amp#0;&amp#0;&amp#0;&amp#0;&amp#0;&amp#0;&amp#0;&amp#0;&amp#0;&amp#0;&amp#0;&amp#0;&amp#0;&amp#0;&amp#0;&amp#0;&amp#0;&amp#0;&amp#0;&amp#0;&amp#0;&amp#0;&amp#0;&amp#0;&amp#0;&amp#0;&amp#0;&amp#0;&amp#0;&amp#0;&amp#0;&amp#0;&amp#0;&amp#0;&amp#0;&amp#0;&amp#0;&amp#0;&amp#0;&amp#0;&amp#0;&amp#0;&amp#0;&amp#0;&amp#0;&amp#0;&amp#0;&amp#0;&amp#0;&amp#0;&amp#0;&amp#0;&amp#0;&amp#0;&amp#0;&amp#0;&amp#0;&amp#0;&amp#0;&amp#0;&amp#0;&amp#0;&amp#0;&amp#0;&amp#0;&amp#0;&amp#0;&amp#0;&amp#0;&amp#0;&amp#0;&amp#0;&amp#0;&amp#0;&amp#0;&amp#0;&amp#0;&amp#0;&amp#0;&amp#0;&amp#0;&amp#0;&amp#0;&amp#0;&amp#0;&amp#0;&amp#0;&amp#0;&amp#0;&amp#0;&amp#0;&amp#0;&amp#0;&amp#0;&amp#0;&amp#0;&amp#0;&amp#0;&amp#0;&amp#0;&amp#0;&amp#0;&amp#0;&amp#0;&amp#0;&amp#0;&amp#0;&amp#0;&amp#0;&amp#0;&amp#0;&amp#0;&amp#0;&amp#0;&amp#0;&amp#0;&amp#0;&amp#0;&amp#0;&amp#0;&amp#0;&amp#0;&amp#0;&amp#0;&amp#0;&amp#0;&amp#0;&amp#0;&amp#0;&amp#0;&amp#0;&amp#0;&amp#0;&amp#0;&amp#0;&amp#0;&amp#0;&amp#0;&amp#0;&amp#0;&amp#0;&amp#0;&amp#0;&amp#0;&amp#0;&amp#0;&amp#0;&amp#0;&amp#0;&amp#0;&amp#0;&amp#0;&amp#0;&amp#0;&amp#0;&amp#0;&amp#0;&amp#0;&amp#0;&amp#0;&amp#0;&amp#0;&amp#0;&amp#0;&amp#0;&amp#0;&amp#0;&amp#0;&amp#0;&amp#0;&amp#0;&amp#0;&amp#0;&amp#0;&amp#0;&amp#0;&amp#0;&amp#0;&amp#0;&amp#0;&amp#0;&amp#0;&amp#0;&amp#0;&amp#0;&amp#0;&amp#0;&amp#0;&amp#0;&amp#0;&amp#0;&amp#0;&amp#0;&amp#0;&amp#0;&amp#0;&amp#0;&amp#0;&amp#0;&amp#0;&amp#0;&amp#0;&amp#0;&amp#0;&amp#0;&amp#0;&amp#0;&amp#0;&amp#0;&amp#0;&amp#0;&amp#0;&amp#0;&amp#0;&amp#0;&amp#0;&amp#0;&amp#0;&amp#0;&amp#0;&amp#0;&amp#0;&amp#0;&amp#0;&amp#0;&amp#0;&amp#0;&amp#0;&amp#0;&amp#0;&amp#0;&amp#0;&amp#0;&amp#0;&amp#0;&amp#0;&amp#0;&amp#0;&amp#0;&amp#0;&amp#0;&amp#0;&amp#0;&amp#0;&amp#0;&amp#0;&amp#0;&amp#0;&amp#0;&amp#0;&amp#0;&amp#0;&amp#0;&amp#0;&amp#0;&amp#0;&amp#0;&amp#0;&amp#0;&amp#0;&amp#0;&amp#0;&amp#0;&amp#0;&amp#0;&amp#0;&amp#0;&amp#0;&amp#0;&amp#0;&amp#0;&amp#0;&amp#0;&amp#0;&amp#0;&amp#0;&amp#0;&amp#0;&amp#0;&amp#0;&amp#0;&amp#0;&amp#0;&amp#0;&amp#0;&amp#0;&amp#0;&amp#0;&amp#0;&amp#0;&amp#0;&amp#0;&amp#0;&amp#0;&amp#0;&amp#0;&amp#0;&amp#0;&amp#0;&amp#0;&amp#0;&amp#0;&amp#0;&amp#0;&amp#0;&amp#0;&amp#0;&amp#0;&amp#0;&amp#0;&amp#0;&amp#0;&amp#0;&amp#0;&amp#0;&amp#0;&amp#0;&amp#0;&amp#0;&amp#0;&amp#0;&amp#0;&amp#0;&amp#0;&amp#0;&amp#0;&amp#0;&amp#0;&amp#0;&amp#0;&amp#0;&amp#0;&amp#0;&amp#0;&amp#0;&amp#0;&amp#0;&amp#0;&amp#0;&amp#0;&amp#0;&amp#0;&amp#0;&amp#0;&amp#0;&amp#0;&amp#0;&amp#0;&amp#0;&amp#0;&amp#0;&amp#0;&amp#0;&amp#0;&amp#0;&amp#0;&amp#0;&amp#0;&amp#0;&amp#0;&amp#0;&amp#0;&amp#0;&amp#0;&amp#0;&amp#0;&amp#0;&amp#0;&amp#0;&amp#0;&amp#0;&amp#0;&amp#0;&amp#0;&amp#0;&amp#0;&amp#0;&amp#0;&amp#0;&amp#0;&amp#0;&amp#0;&amp#0;&amp#0;&amp#0;&amp#0;&amp#0;&amp#0;&amp#0;&amp#0;&amp#0;&amp#0;&amp#0;&amp#0;&amp#0;&amp#0;&amp#0;&amp#0;&amp#0;&amp#0;&amp#0;&amp#0;&amp#0;&amp#0;&amp#0;&amp#0;&amp#0;&amp#0;&amp#0;&amp#0;&amp#0;&amp#0;&amp#0;&amp#0;&amp#0;&amp#0;&amp#0;&amp#0;&amp#0;&amp#0;&amp#0;&amp#0;&amp#0;&amp#0;&amp#0;&amp#0;&amp#0;&amp#0;&amp#0;&amp#0;&amp#0;&amp#0;&amp#0;&amp#0;&amp#0;Ĕ�n�0&amp#12;���&amp#14;U�S&amp#27;�0M&amp#19;���&amp#28;7��&amp#7;�&amp#26;C#�$�
���&amp#27;`��&amp#14;�@ڥQ&amp#27;��~qc&amp#15;���f+�h�+E��&amp#12;\�q�R�O��;�!)���&amp#14;J�&amp#1;&amp#20;����p�	�&amp#25;g;,EM&amp#20;�Ī�Fa�&amp#3;8ޙ��(��8�AU&amp#11;5&amp#7;9��ne�&amp#29;���Z
1&amp#26;>�L--eOk��%�`Qd&amp#15;��֫&amp#20;*&amp#4;k*EL*WN�r�w&amp#14;&amp#5;g�&amp#24;�M�&amp#27;�&amp#16;�ӡ���`��ʥ�FC6Q�^T�&amp#24;rm姏�&amp#15;�&amp#23;�a�&amp#14;J?��
���
W��&amp#16;Ai�&amp#1;��EZ�F&amp#25;��>���Q��a��|I�D��?q&amp#16;�;��y~)�̑�#m,�&amp#18;=�\�&amp#8;��"w��&amp#1;~j&amp#31;���;�> wr�ӫ�o�6;&amp#15;,&amp#4;�&amp#12;|7kץ�v�)pv١�3&amp#26;t��Lsm�&amp#5;&amp#0;&amp#0;��&amp#3;&amp#0;PK&amp#3;&amp#4;&amp#20;&amp#0;&amp#6;&amp#0;&amp#8;&amp#0;&amp#0;&amp#0;!&amp#0;�U0#�&amp#0;&amp#0;&amp#0;L&amp#2;&amp#0;&amp#0;&amp#11;&amp#0;&amp#8;&amp#2;_rels/.rels �&amp#4;&amp#2;(�&amp#0;&amp#2;&amp#0;&amp#0;&amp#0;&amp#0;&amp#0;&amp#0;&amp#0;&amp#0;&amp#0;&amp#0;&amp#0;&amp#0;&amp#0;&amp#0;&amp#0;&amp#0;&amp#0;&amp#0;&amp#0;&amp#0;&amp#0;&amp#0;&amp#0;&amp#0;&amp#0;&amp#0;&amp#0;&amp#0;&amp#0;&amp#0;&amp#0;&amp#0;&amp#0;&amp#0;&amp#0;&amp#0;&amp#0;&amp#0;&amp#0;&amp#0;&amp#0;&amp#0;&amp#0;&amp#0;&amp#0;&amp#0;&amp#0;&amp#0;&amp#0;&amp#0;&amp#0;&amp#0;&amp#0;&amp#0;&amp#0;&amp#0;&amp#0;&amp#0;&amp#0;&amp#0;&amp#0;&amp#0;&amp#0;&amp#0;&amp#0;&amp#0;&amp#0;&amp#0;&amp#0;&amp#0;&amp#0;&amp#0;&amp#0;&amp#0;&amp#0;&amp#0;&amp#0;&amp#0;&amp#0;&amp#0;&amp#0;&amp#0;&amp#0;&amp#0;&amp#0;&amp#0;&amp#0;&amp#0;&amp#0;&amp#0;&amp#0;&amp#0;&amp#0;&amp#0;&amp#0;&amp#0;&amp#0;&amp#0;&amp#0;&amp#0;&amp#0;&amp#0;&amp#0;&amp#0;&amp#0;&amp#0;&amp#0;&amp#0;&amp#0;&amp#0;&amp#0;&amp#0;&amp#0;&amp#0;&amp#0;&amp#0;&amp#0;&amp#0;&amp#0;&amp#0;&amp#0;&amp#0;&amp#0;&amp#0;&amp#0;&amp#0;&amp#0;&amp#0;&amp#0;&amp#0;&amp#0;&amp#0;&amp#0;&amp#0;&amp#0;&amp#0;&amp#0;&amp#0;&amp#0;&amp#0;&amp#0;&amp#0;&amp#0;&amp#0;&amp#0;&amp#0;&amp#0;&amp#0;&amp#0;&amp#0;&amp#0;&amp#0;&amp#0;&amp#0;&amp#0;&amp#0;&amp#0;&amp#0;&amp#0;&amp#0;&amp#0;&amp#0;&amp#0;&amp#0;&amp#0;&amp#0;&amp#0;&amp#0;&amp#0;&amp#0;&amp#0;&amp#0;&amp#0;&amp#0;&amp#0;&amp#0;&amp#0;&amp#0;&amp#0;&amp#0;&amp#0;&amp#0;&amp#0;&amp#0;&amp#0;&amp#0;&amp#0;&amp#0;&amp#0;&amp#0;&amp#0;&amp#0;&amp#0;&amp#0;&amp#0;&amp#0;&amp#0;&amp#0;&amp#0;&amp#0;&amp#0;&amp#0;&amp#0;&amp#0;&amp#0;&amp#0;&amp#0;&amp#0;&amp#0;&amp#0;&amp#0;&amp#0;&amp#0;&amp#0;&amp#0;&amp#0;&amp#0;&amp#0;&amp#0;&amp#0;&amp#0;&amp#0;&amp#0;&amp#0;&amp#0;&amp#0;&amp#0;&amp#0;&amp#0;&amp#0;&amp#0;&amp#0;&amp#0;&amp#0;&amp#0;&amp#0;&amp#0;&amp#0;&amp#0;&amp#0;&amp#0;&amp#0;&amp#0;&amp#0;&amp#0;&amp#0;&amp#0;&amp#0;&amp#0;&amp#0;&amp#0;&amp#0;&amp#0;&amp#0;&amp#0;&amp#0;&amp#0;&amp#0;&amp#0;&amp#0;&amp#0;&amp#0;&amp#0;&amp#0;&amp#0;&amp#0;&amp#0;&amp#0;&amp#0;&amp#0;&amp#0;&amp#0;&amp#0;&amp#0;&amp#0;&amp#0;&amp#0;&amp#0;&amp#0;&amp#0;&amp#0;&amp#0;&amp#0;&amp#0;&amp#0;&amp#0;&amp#0;&amp#0;&amp#0;&amp#0;&amp#0;&amp#0;&amp#0;&amp#0;&amp#0;&amp#0;&amp#0;&amp#0;&amp#0;&amp#0;&amp#0;&amp#0;&amp#0;&amp#0;&amp#0;&amp#0;&amp#0;&amp#0;&amp#0;&amp#0;&amp#0;&amp#0;&amp#0;&amp#0;&amp#0;&amp#0;&amp#0;&amp#0;&amp#0;&amp#0;&amp#0;&amp#0;&amp#0;&amp#0;&amp#0;&amp#0;&amp#0;&amp#0;&amp#0;&amp#0;&amp#0;&amp#0;&amp#0;&amp#0;&amp#0;&amp#0;&amp#0;&amp#0;&amp#0;&amp#0;&amp#0;&amp#0;&amp#0;&amp#0;&amp#0;&amp#0;&amp#0;&amp#0;&amp#0;&amp#0;&amp#0;&amp#0;&amp#0;&amp#0;&amp#0;&amp#0;&amp#0;&amp#0;&amp#0;&amp#0;&amp#0;&amp#0;&amp#0;&amp#0;&amp#0;&amp#0;&amp#0;&amp#0;&amp#0;&amp#0;&amp#0;&amp#0;&amp#0;&amp#0;&amp#0;&amp#0;&amp#0;&amp#0;&amp#0;&amp#0;&amp#0;&amp#0;&amp#0;&amp#0;&amp#0;&amp#0;&amp#0;&amp#0;&amp#0;&amp#0;&amp#0;&amp#0;&amp#0;&amp#0;&amp#0;&amp#0;&amp#0;&amp#0;&amp#0;&amp#0;&amp#0;&amp#0;&amp#0;&amp#0;&amp#0;&amp#0;&amp#0;&amp#0;&amp#0;&amp#0;&amp#0;&amp#0;&amp#0;&amp#0;&amp#0;&amp#0;&amp#0;&amp#0;&amp#0;&amp#0;&amp#0;&amp#0;&amp#0;&amp#0;&amp#0;&amp#0;&amp#0;&amp#0;&amp#0;&amp#0;&amp#0;&amp#0;&amp#0;&amp#0;&amp#0;&amp#0;&amp#0;&amp#0;&amp#0;&amp#0;&amp#0;&amp#0;&amp#0;&amp#0;&amp#0;&amp#0;&amp#0;&amp#0;&amp#0;&amp#0;&amp#0;&amp#0;&amp#0;&amp#0;&amp#0;&amp#0;&amp#0;&amp#0;&amp#0;&amp#0;&amp#0;&amp#0;&amp#0;&amp#0;&amp#0;&amp#0;&amp#0;&amp#0;&amp#0;&amp#0;&amp#0;&amp#0;&amp#0;&amp#0;&amp#0;&amp#0;&amp#0;&amp#0;&amp#0;&amp#0;&amp#0;&amp#0;&amp#0;&amp#0;&amp#0;&amp#0;&amp#0;&amp#0;&amp#0;&amp#0;&amp#0;&amp#0;&amp#0;&amp#0;&amp#0;&amp#0;&amp#0;&amp#0;&amp#0;&amp#0;&amp#0;&amp#0;&amp#0;&amp#0;&amp#0;&amp#0;&amp#0;&amp#0;&amp#0;&amp#0;&amp#0;&amp#0;��MO�0&amp#12;��H�����ݐ&amp#16;BKwAH�!T~�I�&amp#15;���$&amp#27;ݿ'&amp#28;&amp#16;T&amp#26;�&amp#3;G�~����<���!��4��&amp#18;&amp#20;;#�w����qu&amp#7;*&r�Fq���&amp#17;v�����GJy(v��*����K��#F��D�&amp#16;�.W&amp#26;	&amp#19;�&amp#28;�&amp#22;=��Z�MY�b��&amp#1;�BS���7��ϛז��
?�9L�ҙ&amp#21;�sbgٮ|�l!��&amp#26;USh9i�b�r:"y_dl��D��&amp#19;�|-N��R"4&amp#18;�2�G�%��Z�4�˝y�7	ë��ɂ�&amp#31;��&amp#1;&amp#0;&amp#0;��&amp#3;&amp#0;PK&amp#3;&amp#4;&amp#20;&amp#0;&amp#6;&amp#0;&amp#8;&amp#0;&amp#0;&amp#0;!&amp#0;�N���&amp#3;&amp#0;&amp#0;_	&amp#0;&amp#0;&amp#15;&amp#0;&amp#0;&amp#0;xl/workbook.xml�Umo�8&amp#16;�~���(���!	&amp#16;&amp#21;Vy!�Je�h����*㘒#�s�S@���&amp#29;&amp#7;B�r:q�C�`{����g&�_ve��R.rV�ttc�&amp#26;�&amp#8;���e���&�@ׄ�U�&amp#11;Vё��B�2����-�%c&amp#27;
&amp#0;*1��R־i
��%&amp#22;7��&amp#21;�&amp#24;/��)1E�)�ĚRY&amp#22;�mY�Y��&amp#15;&amp#8;>�&amp#6;��V9�1#MI+y&amp#0;��&amp#18;�u^�&amp#14;�$����o�� ��&amp#1;b�&amp#23;�ܷ��V&amp#18;��b&amp#28;/&amp#11;p{�\m����&amp#15;Y0��M�uqU�&amp#19;�&amp#4;[�&amp#27;�6&amp#15;�/�G��Ї&amp#16;�.cp&amp#29;�cr���&amp#28;�Xq�&amp#19;��&amp#14;���FC �V+>&amp#4;�h��oWyA&amp#31;&amp#15;��p]ť�T�k&amp#5;&amp#22;r��f#�&amp#15;S��&amp#31;&amp#22;xS�M^���z�P7�'9ϸ��&amp#21;n
���;x�&amp#12;�&amp#27;ڮ�&amp#4;a&amp#4;���F���ã_?��&amp#22;;Z3P�6�79�PX�/�&amp#21;FL|�&amp#20;3,�ZË�&amp#30;�&amp#11;J
�<5T1�&amp#26;&amp#19;���g��E�&amp#20;�4x�&amp#11;IK&amp#17;���Bp��&amp#16;�&amp#5;���&amp#19;*�i�%N �b� )�P��*�j&amp#15;��S�W&amp#6;�3�����&amp#15;j�D�Є&amp#24;&amp#30;�<��1��.�;E�$���]|&amp#15;Y}���cPRvl&amp#1;w�D�{�&amp#8;���[&amp#28;8��űa&amp#15;&amp#2;�p&amp#2;�6�A��� ���&amp#14;�~�
��O&amp#24;n��(&amp#31;&amp#5;=�&amp#29;����&amp#20;�&amp#29;d�M���x��&amp#31;C=&amp#24;��o�a�(&amp#31;s�&amp#21;�BSSm��W&amp#25;ێt&amp#3;Y�h�&amp#31;��v�)��&amp#26;��&amp#3;���a�7����1�&amp#29;����_i����\�&amp#21;ϑ��&amp#14;Q?F�m��^�p���&amp#8;�!&amp#12;Iҏ���Dq��3�&amp#8;�
&amp#26;��O�j�J�A	&amp#1;�&amp#5;�}�A�5�[�]�����)���\Ag&amp#7;�q�&amp#14;ڭ&amp#26;�&amp#27;	.&amp#8;ԟz�7&amp#12;�u(N���B�o�	���3�XA�&amp#26;:�5鹆3&amp#24;�����F�����O�I�D�w��t�&amp#2;�X�1�)�d&amp#3;53��&amp#16;&amp#11;Pf&amp#27;	&amp#19;x��
�Ah������p��2��s&amp#12;7Nzn&amp#31;��ą4td���O�ǁٞ�X6P�m�s_��q���:,&amp#28;S����y�2s<�o�&amp#15;�}A�4N&amp#30;�4��N�镶����)��8��qp�}0�&amp#7;��?�+�&amp#12;�!�jlejv2&amp#25;&amp#7;&amp#0;&amp#0;��&amp#3;&amp#0;PK&amp#3;&amp#4;&amp#20;&amp#0;&amp#6;&amp#0;&amp#8;&amp#0;&amp#0;&amp#0;!&amp#0;J��a�&amp#0;&amp#0;&amp#0;G&amp#3;&amp#0;&amp#0;&amp#26;&amp#0;&amp#8;&amp#1;xl/_rels/workbook.xml.rels �&amp#4;&amp#1;(�&amp#0;&amp#1;&amp#0;&amp#0;&amp#0;&amp#0;&amp#0;&amp#0;&amp#0;&amp#0;&amp#0;&amp#0;&amp#0;&amp#0;&amp#0;&amp#0;&amp#0;&amp#0;&amp#0;&amp#0;&amp#0;&amp#0;&amp#0;&amp#0;&amp#0;&amp#0;&amp#0;&amp#0;&amp#0;&amp#0;&amp#0;&amp#0;&amp#0;&amp#0;&amp#0;&amp#0;&amp#0;&amp#0;&amp#0;&amp#0;&amp#0;&amp#0;&amp#0;&amp#0;&amp#0;&amp#0;&amp#0;&amp#0;&amp#0;&amp#0;&amp#0;&amp#0;&amp#0;&amp#0;&amp#0;&amp#0;&amp#0;&amp#0;&amp#0;&amp#0;&amp#0;&amp#0;&amp#0;&amp#0;&amp#0;&amp#0;&amp#0;&amp#0;&amp#0;&amp#0;&amp#0;&amp#0;&amp#0;&amp#0;&amp#0;&amp#0;&amp#0;&amp#0;&amp#0;&amp#0;&amp#0;&amp#0;&amp#0;&amp#0;&amp#0;&amp#0;&amp#0;&amp#0;&amp#0;&amp#0;&amp#0;&amp#0;&amp#0;&amp#0;&amp#0;&amp#0;&amp#0;&amp#0;&amp#0;&amp#0;&amp#0;&amp#0;&amp#0;&amp#0;&amp#0;&amp#0;&amp#0;&amp#0;&amp#0;&amp#0;&amp#0;&amp#0;&amp#0;&amp#0;&amp#0;&amp#0;&amp#0;&amp#0;&amp#0;&amp#0;&amp#0;&amp#0;&amp#0;&amp#0;&amp#0;&amp#0;&amp#0;&amp#0;&amp#0;&amp#0;&amp#0;&amp#0;&amp#0;&amp#0;&amp#0;&amp#0;&amp#0;&amp#0;&amp#0;&amp#0;&amp#0;&amp#0;&amp#0;&amp#0;&amp#0;&amp#0;&amp#0;&amp#0;&amp#0;&amp#0;&amp#0;&amp#0;&amp#0;&amp#0;&amp#0;&amp#0;&amp#0;&amp#0;&amp#0;&amp#0;&amp#0;&amp#0;&amp#0;&amp#0;&amp#0;&amp#0;&amp#0;&amp#0;&amp#0;&amp#0;&amp#0;&amp#0;&amp#0;&amp#0;&amp#0;&amp#0;&amp#0;&amp#0;&amp#0;&amp#0;&amp#0;&amp#0;&amp#0;&amp#0;&amp#0;&amp#0;&amp#0;&amp#0;&amp#0;&amp#0;&amp#0;&amp#0;&amp#0;&amp#0;&amp#0;&amp#0;&amp#0;&amp#0;&amp#0;&amp#0;&amp#0;&amp#0;&amp#0;&amp#0;&amp#0;&amp#0;&amp#0;&amp#0;&amp#0;&amp#0;&amp#0;&amp#0;&amp#0;&amp#0;&amp#0;&amp#0;&amp#0;&amp#0;&amp#0;&amp#0;&amp#0;&amp#0;&amp#0;&amp#0;&amp#0;&amp#0;&amp#0;&amp#0;&amp#0;&amp#0;&amp#0;&amp#0;&amp#0;&amp#0;&amp#0;&amp#0;&amp#0;&amp#0;&amp#0;&amp#0;&amp#0;&amp#0;&amp#0;&amp#0;&amp#0;&amp#0;&amp#0;&amp#0;&amp#0;&amp#0;&amp#0;&amp#0;&amp#0;&amp#0;&amp#0;&amp#0;&amp#0;&amp#0;���j�0&amp#12;��ѽq��P�:{)����&amp#7;0�&amp#18;�Mlc�?y����6���У$4�1�f�9��&amp#29;#u�)(�&amp#28;&amp#4;�ڛε
^�OW� ��3��&amp#14;&amp#21;�H��./6��kNOd�@"�8R`�Ã�T[&amp#28;4e>�K���As&amp#26;c+��&amp#15;�EY�����5��i��Q&amp#16;w�&amp#26;�~&amp#12;��om�4]���~&amp#27;��&amp#25;&amp#11;ɉ&amp#11;���-��i�^&amp#22;Y&amp#2;&amp#5;y��\����&amp#3;YD>q&amp#28;W$�K�&amp#4;S�3�b2�k�&amp#17;�&amp#11;�T>:�3[/%s�*&amp#12;�}���+4�?�rV��&amp#11;&amp#0;&amp#0;��&amp#3;&amp#0;PK&amp#3;&amp#4;&amp#20;&amp#0;&amp#6;&amp#0;&amp#8;&amp#0;&amp#0;&amp#0;!&amp#0;�xO��&amp#3;&amp#0;&amp#0;�&amp#8;&amp#0;&amp#0;&amp#24;&amp#0;&amp#0;&amp#0;xl/worksheets/sheet1.xml��[��0&amp#24;��&amp#23;�?��k<�U�&amp#29;���s�,{��4�&amp#26;j���Ӗe��~Ѷ3P&amp#24;ʀ1��>�!o��G١&amp#23;��P}�C?���Lբ�&amp#22;���K12��5�T�&amp#11;|�&amp#6;?�&amp#30;>-&amp#15;J�L˹E@�M�[k��&amp#16;�Z.����{�i���§�&amp#18;3hN�Q$;&amp#18;&amp#5;��H*z<&amp#17;r}&amp#15;C5�`�Tl/yo'��&amp#29;���i�`.4���I�w��cJ&amp#14;�؈N��&amp#8;�H��i�+M7&amp#29;�}&amp#12;&amp#19;��Q�&amp#19;��/a��7��`Z&amp#25;�X&amp#31;�d�����d��+���0aB4&amp#17;�&amp#0;_Q��R
gWV�
�?&amp#8;�_a�]:ߋ���d&amp#29;F�����Z�^�ā����[�e���E���?�Z�&amp#2;N�U�4o
�&amp#14;�2�d�&amp#28;��K��y�FΎ&amp#27;�vn�	�&amp#4;@0���&amp#25;&amp#3;�?&amp#23;�sU��B����&amp#11;�&amp#26;]�M��7t�����mk�$~&amp#2;�8;���䆁&amp#15;!�&amp#31;;,S&amp#29;0���p�	lD��|&amp#16;�ma���Y2O&amp#23;3���X%�7��I&amp#8;�&amp#31;�0��I�A&amp#22;;݆&amp#27;[	�˻&amp#12;h�&amp#20;<�@tƼ&amp#27;����&amp#7;&amp#0;&amp#0;��&amp#0;&amp#0;&amp#0;�����&amp#14;� &amp#20;�_��&amp#0;&amp#17;Z�&amp#28;����`��&amp#31;��Y�}&amp#23;+��ss�cǏ�9&amp#7;��Z�����x�<�6%�&amp#4;�&k
�d&amp#7;딄$Pw�5չi+�
ȓ�J./QjU֠m7&amp#17;ɸ2&amp#19;Nfİ
t
j�&amp#29;8�3N՗ȧD�&amp#19;Ŕ8���&amp#18;lk&amp#17;
il$&amp#8;�"Ek#�&amp#17;)ٓ�Fb&amp#12;e�!�&amp#27;���p&amp#4;�&amp#31;�q�-v&amp#11;��0�&amp#29;z�͜�v,&amp#17;�&amp#23;b�չ��&amp#3;�&amp#29;3���h�(�&amp#12;u&amp#15;��='3�t�+6�B�&amp#5;�&amp#8;^���n�&amp#8;�
&amp#22;
,&amp#8;G����o�&amp#6;&amp#0;&amp#0;��&amp#0;&amp#0;&amp#0;��l��&amp#14;�0&amp#16;E��&amp#30;�B&amp#3;6@��&.�&amp#8;��&amp#17;&amp#30;%C�&amp#26;�&amp#11;&amp#24;�Dw��Ž3A
������Y_&amp#26;&amp#19;R�F��&amp#18;�4�&amp#27;&&amp#20;��_υ���/�?��>
�{&amp#11;X&amp#21;M���{`�P��HB��dE�
�e��bJr�U&amp#22;cܷ\o�X&amp#27;[�-W���ʽ'm�&amp#28;���m��1Ƭh:RA�?e/�~���)&amp#27;ݎ�Sr���z�&amp#28;�&amp#4;p���Tk3���Uc��&amp#0;&z&amp#1;&amp#0;&amp#0;��&amp#3;&amp#0;PK&amp#3;&amp#4;&amp#20;&amp#0;&amp#6;&amp#0;&amp#8;&amp#0;&amp#0;&amp#0;!&amp#0;���C�&amp#2;&amp#0;&amp#0;�&amp#6;&amp#0;&amp#0;&amp#24;&amp#0;&amp#0;&amp#0;xl/worksheets/sheet2.xml��K��0&amp#20;����&amp#31;,�@�&amp#1;&amp#20;2
CQgW��v�%X����cT���&amp#2;Jf�,&amp#26;���b�&amp#15;�ǳ��&amp#17;�&amp#17;�ϩ�.(���Z�����^9	%Ʋ�f��!�/`�����I�i&amp#1;,ABor�Z;d�gx&amp#11;�&amp#25;W
��L��d&amp#22;&amp#31;��3�&amp#6;VO/��&amp#11;&amp#22;�ؓL�t&d�&amp#30;�j&amp#26;��T� ��3DC�,�7�&amp#24;̅&�=8���08\�&amp#1;&amp#17;[�	�2A)�<{��J�m�}���qr�x&amp#4;x./2����&amp#20;\+�&amp#26;�"ٛ=߶�z����t��]&amp#24;?�4&amp#28;Ÿ����}����
^a�w��+l�\:;�:��0H��S�D�S�EZ8�jS9Q\&�&MS�*����&amp#22;��cWDC�Ӎ��K�WS~~
8�75�l�
:�&amp#22;Pçd��V����&amp#25;�&amp#22;H4ӂ�ȸ&amp#21;Gx���i���ߓ&amp#6;�(�]&amp#21;��&amp#23;�j
�&amp#23;Mjhء�_��3�]kQ6tCltLJV��`8F&amp#20;���7W&amp#29;2�J�&amp#24;5L&amp#24;;�^Emۜ�n&amp#28;��8�(ق��&amp#24;�����J������+&amp#3;�O&amp#12;�����M���O&amp#30;�&amp#11;�&?�&amp#0;&amp#0;&amp#0;��&amp#0;&amp#0;&amp#0;����[&amp#14;� &amp#16;E�Ұ&amp#0;)��&amp#26;J�%� �?}&amp#4;���VC[P&amp#19;�ȝ&amp#3;�a`���&amp#19;�I�L{KL�&amp#8;Jl'&amp#27;&amp#11;�"�u�2���um}jM-݈�I.Uq~&amp#8;m�n KW&amp#20;q��&amp#19;&amp#14;�&amp#17;�6�-�=�2�s�՛8��nIT1�_&amp#18;"&H�&amp#17;&amp#12;�����yK?݁��y`=�m&amp#2;�y�d��H?K�?$����@r&amp#24;C�I6]3&amp#14;����8�&amp#29;���&amp#19;&amp#0;&amp#0;��&amp#0;&amp#0;&amp#0;���)HLO�M,J��+V�IM+�U2�3WR(�Lπ�K�&amp#11;���J
I�%%��0^FjbJj&amp#17;�g�����_&amp#2;������&amp#23;e&amp#23;g����&amp#1;&amp#0;&amp#0;&amp#0;��&amp#3;&amp#0;PK&amp#3;&amp#4;&amp#20;&amp#0;&amp#6;&amp#0;&amp#8;&amp#0;&amp#0;&amp#0;!&amp#0;�&amp#23;&amp#16;�N&amp#7;&amp#0;&amp#0;� &amp#0;&amp#0;&amp#19;&amp#0;&amp#0;&amp#0;xl/theme/theme1.xml�Y͋&amp#27;7&amp#20;�&amp#23;�?&amp#12;sw�5�%���l��$d��&amp#28;���QV32��&amp#27;&amp#19;&amp#2;%9�R(���Bo=��@&amp#3;
��	$��&amp#31;�'��#��$�lJZv
�G������~z�t�ҽ�zG�&amp#11;�_�P�=��ؘ$Ӗk8(4|OH��&amp#17;e	n�&amp#11;,�K۟~r&amp#17;m�&amp#8;��&amp#3;�Dl��&amp#31;I9�*&amp#22;�&amp#8;����f8��&��H�#�&amp#22;�&amp#28;&amp#29;�ޘ&amp#22;+�R�&amp#24;#��^�bP{}2!#�
�J{��O�1�B
�(�W��%���òB���R�&amp#29;!��a�1;&amp#30;�{��(&amp#18;&amp#18;~h�%��&amp#23;�/&amp#22;�V&D�&amp#6;YCn��2�L`|X�s���j� &amp#8;�Z{�_&amp#3;�\����Z��ҧ&amp#1;h4�����:�n�a
P�ա�W�U�&amp#22;��_]��&amp#29;���נT��&amp#31;&amp#12;��E&amp#11;�A)>\Ç�f�g�נ&amp#20;_[��K�^P��kPDIr��.��jw��&amp#21;d��&amp#19;�&amp#12;�A��)�Q�
��RSLX"7�Z��2>&amp#0;�&amp#2;R$I���&amp#12;O�&amp#8;���(9���%�&amp#8;&amp#18;o�&amp#18;&`�T)
JU��>���#��02��]`�X&amp#27;R�xb��L��+��7 /�={����=����_���*Kn&amp#7;%SS�Տ_���&amp#23;�_�����7��'��Ŀ��˗���:����&amp#21;/�}���&amp#23;�}��O�&amp#29;��&amp#28;&amp#29;��!����c�&�a�&amp#14;��&amp#1;?��0BĒ@&amp#17;�v����&amp#2;^[ ��u����&amp#28;X�&amp#5;�<�kٺ&amp#31;�$���F�&amp#5;�c�v&amp#24;w:ચ���p�Lݓ󹉻�Бk�.J�&amp#0;��3�W�Rٍ�e�
�&amp#18;��8��S��C�&amp#29;��C���=2�L����&amp#16;����%Cr`%R.�Cb���e �����m�èk�=|d#a[ �0~�����h.Q�R9D15&amp#29;��d�2r�G&�/$Dz�)��c,�K�:��&amp#26;A�
&amp#12;�&amp#14;�&amp#30;]�6�Kr�ҹ�&amp#24;3�=v؍P<s�L���~&&amp#14;!E�w�I&amp#23;|��;D=C&amp#28;P�1ܷ	���f"�&amp#5;�j��'��e�&amp#29;�����&amp#31;&amp#23;t���e�<�ص͉3;:�ڻ&amp#24;St��&amp#24;{�>sX�a3���W"`�&amp#29;�J�+��U��`&amp#1;e��k�)r�&amp#8;+e��m�goq�x&amp#22;(�&amp#17;ߤ�&amp#26;D�J]8�Tz��&amp#14;M�5&amp#2;�&amp#31;��)�&amp#5;�0���I�&amp#8;Yg�z&amp#22;�|]p+~o��`_�=�&amp#4;&amp#25;|j&amp#25; ����&amp#16;Qk�<a�&amp#8;
&amp#12;&amp#23;݂�&amp#21;�\D��Zl؛6&amp#15;&amp#3;&amp#20;FV�&amp#19;���ω�'�w�&amp#30;w&amp#1;s&amp#6;&amp#5;�[���:�(e�D��	�&amp#31;,kzh���p��s�yUs^�����f�^>�e�k��Z����Aj��|��&���O���3!���&amp#5;ŻBw}&amp#4;�ь&amp#7;0��Q�'�j&amp#1;�"��5�,ܔ#-�q&?'2ڏ�&amp#12;ZCe����L�Tx3&�c��u+&amp#21;�Э�N�x���Ng�����&amp#11;&amp#5;��x)\�C�J��Z=�ޭ��~�TwY�&amp#6;(��&amp#24;aLf&amp#27;Qu&amp#24;Q_&amp#14;B&amp#20;^g�^ٙX�tX�PꗡZFq�
0m&amp#21;&amp#21;x���E��A�A�f&amp#28;��c&amp#21;������
ΙFz�3��&amp#1;Pb/3 �tSٺqyjui��E�-#�t��0�0�&amp#23;�,;͖�Yƺ���2O�b�&amp#27;r3�&amp#15;&amp#17;kE"'��&&S��;n��j&amp#8;�*#4k�&amp#19;�&amp#24;��x&amp#6;�#�[&amp#23;�S�v&amp#25;I�n�wa�&amp#25;&amp#23;��D�:\�N�&amp#6;1��{��-_-�
4�&amp#28;�m+W�&amp#16;>Z�@+&amp#31;�q&amp#16;t;�x2�#i��&amp#24;Q�N&amp#31;��S�p����&amp#29;�$�&amp#28;½&amp#31;���&amp#3;:�7&amp#17;�XX/+&amp#7;�����r��1���&amp#21;���w�`�h׼��9��#:�Pv��d��5����O+&amp#31;&amp#24;Oٚ���.<��&amp#3;��O�7&amp#31;��s&amp#6;i�g��*��t��;�
��CԲ*�n�N-r�k.�&amp#14;&amp#18;�yJ���}�&amp#3;�0-��2MY�NÊ��Q۴3,&amp#8;&amp#12;O�6�muF8=�'?ȝ�Zu@,�J����ܼ�f&amp#7;w�<zp8�R�PBo�#(��&amp#27;Ȕ6`�ܓY�&amp#8;߼9'-�~)l&amp#7;�J�-�&amp#26;a�&amp#16;T�R�&amp#17;���v&amp#24;V���\�u*&amp#15;�`�Q\&amp#14;���&amp#1;\a�Evi���.���-ͅ&amp#17;��L_�&amp#23;����\�|q�&amp#17; ���ʠYmvj�f�=(&amp#4;�N����:�^�[�
zݰ�&amp#28;<�#
&amp#14;��nP�7
�r�[&amp#8;j%e~�Y�&amp#7;�J;��&amp#27;��� +c`�)}d�&amp#0;�j���&amp#1;&amp#0;&amp#0;��&amp#3;&amp#0;PK&amp#3;&amp#4;&amp#20;&amp#0;&amp#6;&amp#0;&amp#8;&amp#0;&amp#0;&amp#0;!&amp#0;&amp#6;}&amp#23;y�&amp#3;&amp#0;&amp#0;�
&amp#0;&amp#0;
&amp#0;&amp#0;&amp#0;xl/styles.xml�V�n�8&amp#16;}_`�A໢K,�6,&amp#21;�E�&amp#2;ݢ@���R&amp#18;%&amp#19;�E����E�}��d+�81����s�vf��ǎ3瑨�J&amp#17;���G&amp#14;&amp#17;�,��b��}�.��h,
̤ 1:�&amp#6;}L~�m��##w&amp#7;B�&amp#3;&amp#16;���A�z�yM~ &amp#28;77�&&amp#2;NJ�8ְU��Ԋ�1J�y���=��@=�׀p�&amp#30;���%���&amp#25;eT&amp#31;-&amp#22;rx��\	�p���.���邹
�N�F���&amp#29;Ns%&amp#27;Y�&amp#27;��dYҜ<ww�-=���&amp#0;�}HA����;�N����#5�Cɺ�B7N.[�c4&amp#3;GM
V&amp#15;B�#Rs&amp#4;&amp#21;&amp#30;n%���&amp#25;H&amp#2;�%�\2�&amp#28;
���Y����7���LQs�Ĝ�c/&amp#14;��V{��)��&amp#8;=�G�M�nͭWl�F�W&amp#25;�.&amp#24;SU&amp#22;�t�]o0?`�&amp#0;��D=&amp#11;���&amp#8;k&amp#19;�@�(c�:��d
��D�&amp#20;N�a}��`&amp#2;z��&amp#14;�޼])|&amp#12;��z�F2Z&amp#24;�T[K�!���C��&amp#27;���&amp#1;4�|���&amp#19;�
/�qm��7�&amp#23;�m�i��5k&amp#20;r�IU��&amp#27;��4B/J֌�&amp#26;�P�:�-k&amp#19;��&amp#26;fA�.(����&amp#16;{�&amp#24;&amp#22;&amp#0;�&amp#19;���,��<a��ݕ�hy���"F0UMK�K�°���
�_R
@�e%&amp#7;�5;~myFTjG��f��'�����b�&amp#18;��I&amp#1;�Y�oJj�k�)�m�M��c��9W�NW�L����P��&amp#21;��&amp#5;�i�O��x�L4�n��t]�|�k�
C�
�����&amp#0;p%֋��٘�ô
|&amp#2;z�8&amp#7;��wP4ߎ&amp#28;�C��ߕ�&amp#30;�.@�IW<�&amp#19;�&amp#28;3'c�&amp#7;&amp#12;/Ũx�/�%&amp#5;�"k)�T&amp#24;�,�i�A�!9&amp#27;&amp#21; m&amp#19;��q&amp#22;�(�sW�Sm�&amp#6;�_O�&amp#1;FAJ�2}:��y�')hˁIío�Qj&amp#11;&amp#17;����&amp#25;&amp#30;�����_&amp#26;�����*&amp#26;���&amp#15;��>
݅�Y��[&amp#18;��h�s��v�ۥK?��?&/��x��&amp#7;&amp#21;L�`�j&amp#24;�b�&amp#16;����Y&amp#22;�ɦwߎlp{��2�����w�[?pgs�p&amp#23;���M� ��g�}�F&amp#19;ߣw�c|/&amp#8;�&amp#23;�q>Zi�	Pc��X��&amp#20;�&amp#4;�W���Jx��j�&amp#31;&amp#0;&amp#0;&amp#0;��&amp#3;&amp#0;PK&amp#3;&amp#4;&amp#20;&amp#0;&amp#6;&amp#0;&amp#8;&amp#0;&amp#0;&amp#0;!&amp#0;�"� 6&amp#1;&amp#0;&amp#0;A&amp#2;&amp#0;&amp#0;&amp#20;&amp#0;&amp#0;&amp#0;xl/sharedStrings.xmllR�J&amp#3;1&amp#16;|&amp#23;��#ｴUD��&amp#21;��P����Oeͭ��esf�U�ޜ
B�cfvfg�&amp#20;�&amp#15;�f&amp#7;&amp#12;l=�j�&amp#15;U�d|miW���vp�2&amp#22;�&amp#26;ZOX�Od5�NO
fɢ��T�H7њM�&amp#14;8�&amp#29;Rd^|p �&amp#25;v���Ps�(�����B;��2��$qoܲ'����/p���mUH5�y��/��ۻ�j]h�
�&amp#19;?�ڿ"m� M���8���4�&amp#26;�ϩ�%&amp#0;q�X㩵���.U~Kt&amp#12;�:�qRw��7���e�&amp#30;D-�&amp#17;-��T�a&amp#12;&amp#15;�0ŗ���C��Ѥ�)�&amp#8;��s���&amp#26;&amp#4;F�p&amp#15;���g)�B�X,&amp#31;͐Z��N�&amp#3;&amp#19;[��ų&amp#14;���O��&amp#23;��&amp#0;&amp#0;&amp#0;��&amp#3;&amp#0;PK&amp#3;&amp#4;&amp#20;&amp#0;&amp#6;&amp#0;&amp#8;&amp#0;&amp#0;&amp#0;!&amp#0;�����&amp#0;&amp#0;&amp#0;V&amp#1;&amp#0;&amp#0;#&amp#0;&amp#0;&amp#0;xl/worksheets/_rels/sheet1.xml.rels���j�0&amp#12;&amp#6;��`�`to��0�H�K7�a��=����4������g&amp#24;�&amp#21;&amp#6;;
I�~4�.i5�Tj&amp#20;&amp#30;a��`�����&amp#8;&amp#31;���&amp#19;���&amp#30;Wa&amp#26;�J&amp#21;v����N+j[�!�j��u������.P��I&n�YJBmeYlFw�C�?��ۀ��4&amp#7;?B9�-��5����2���^�9&amp#17;�&amp#31;'lhRY#�&amp#26;�e!�fkˌg
&amp#27;OI:Ν&amp#22;䚥ht�m�:'��,��oy^.J�q&amp#5;;
��&amp#27;�&amp#23;&amp#0;&amp#0;&amp#0;��&amp#3;&amp#0;PK&amp#3;&amp#4;&amp#20;&amp#0;&amp#6;&amp#0;&amp#8;&amp#0;&amp#0;&amp#0;!&amp#0;|��{R&amp#1;&amp#0;&amp#0;�&amp#2;&amp#0;&amp#0;&amp#17;&amp#0;&amp#8;&amp#1;docProps/core.xml �&amp#4;&amp#1;(�&amp#0;&amp#1;&amp#0;&amp#0;&amp#0;&amp#0;&amp#0;&amp#0;&amp#0;&amp#0;&amp#0;&amp#0;&amp#0;&amp#0;&amp#0;&amp#0;&amp#0;&amp#0;&amp#0;&amp#0;&amp#0;&amp#0;&amp#0;&amp#0;&amp#0;&amp#0;&amp#0;&amp#0;&amp#0;&amp#0;&amp#0;&amp#0;&amp#0;&amp#0;&amp#0;&amp#0;&amp#0;&amp#0;&amp#0;&amp#0;&amp#0;&amp#0;&amp#0;&amp#0;&amp#0;&amp#0;&amp#0;&amp#0;&amp#0;&amp#0;&amp#0;&amp#0;&amp#0;&amp#0;&amp#0;&amp#0;&amp#0;&amp#0;&amp#0;&amp#0;&amp#0;&amp#0;&amp#0;&amp#0;&amp#0;&amp#0;&amp#0;&amp#0;&amp#0;&amp#0;&amp#0;&amp#0;&amp#0;&amp#0;&amp#0;&amp#0;&amp#0;&amp#0;&amp#0;&amp#0;&amp#0;&amp#0;&amp#0;&amp#0;&amp#0;&amp#0;&amp#0;&amp#0;&amp#0;&amp#0;&amp#0;&amp#0;&amp#0;&amp#0;&amp#0;&amp#0;&amp#0;&amp#0;&amp#0;&amp#0;&amp#0;&amp#0;&amp#0;&amp#0;&amp#0;&amp#0;&amp#0;&amp#0;&amp#0;&amp#0;&amp#0;&amp#0;&amp#0;&amp#0;&amp#0;&amp#0;&amp#0;&amp#0;&amp#0;&amp#0;&amp#0;&amp#0;&amp#0;&amp#0;&amp#0;&amp#0;&amp#0;&amp#0;&amp#0;&amp#0;&amp#0;&amp#0;&amp#0;&amp#0;&amp#0;&amp#0;&amp#0;&amp#0;&amp#0;&amp#0;&amp#0;&amp#0;&amp#0;&amp#0;&amp#0;&amp#0;&amp#0;&amp#0;&amp#0;&amp#0;&amp#0;&amp#0;&amp#0;&amp#0;&amp#0;&amp#0;&amp#0;&amp#0;&amp#0;&amp#0;&amp#0;&amp#0;&amp#0;&amp#0;&amp#0;&amp#0;&amp#0;&amp#0;&amp#0;&amp#0;&amp#0;&amp#0;&amp#0;&amp#0;&amp#0;&amp#0;&amp#0;&amp#0;&amp#0;&amp#0;&amp#0;&amp#0;&amp#0;&amp#0;&amp#0;&amp#0;&amp#0;&amp#0;&amp#0;&amp#0;&amp#0;&amp#0;&amp#0;&amp#0;&amp#0;&amp#0;&amp#0;&amp#0;&amp#0;&amp#0;&amp#0;&amp#0;&amp#0;&amp#0;&amp#0;&amp#0;&amp#0;&amp#0;&amp#0;&amp#0;&amp#0;&amp#0;&amp#0;&amp#0;&amp#0;&amp#0;&amp#0;&amp#0;&amp#0;&amp#0;&amp#0;&amp#0;&amp#0;&amp#0;&amp#0;&amp#0;&amp#0;&amp#0;&amp#0;&amp#0;&amp#0;&amp#0;&amp#0;&amp#0;&amp#0;&amp#0;&amp#0;&amp#0;&amp#0;&amp#0;&amp#0;&amp#0;&amp#0;&amp#0;&amp#0;&amp#0;&amp#0;&amp#0;&amp#0;&amp#0;&amp#0;&amp#0;&amp#0;&amp#0;&amp#0;&amp#0;&amp#0;&amp#0;��_O�0&amp#20;��M�&amp#14;��P`��&amp#1;&amp#22;�M&amp#31;41qF�[�ލFZ�����[`Č1�������4�nd&amp#29;|���Q&amp#5;J�&amp#24;&amp#5;�XÅZ&amp#21;�y>&amp#11;�Q`&amp#29;U�֍�&amp#2;m��iy|�3MXc��4&amp#26;�&amp#19;`&amp#3;OR�0]��9M0��&amp#2;Im�&amp#21;�&amp#23;�����_��w�&amp#2;���)��(���&amp#22;&amp#24;ꁈvH�&amp#6;��0u&amp#7;�&amp#12;C
&amp#18;��8�&amp#18;��u`�������R����vv�l����X1&amp#8;��u��t6��&amp#4;�>�?uQC��]1@e�&amp#25;a&amp#6;�kLy&amp#7;��2�X���'��mE�X�x�j7ZS�&amp#30;��&amp#2;�����C���&amp#5;���&amp#25;�2�&amp#3;�+/����&amp#12;�i��a&amp#18;�q6O&$�_��z���F�/���?�&amp#25;I3rr6"�&amp#1;e�&amp#15;�M�&amp#5;&amp#0;&amp#0;��&amp#3;&amp#0;PK&amp#3;&amp#4;&amp#20;&amp#0;&amp#6;&amp#0;&amp#8;&amp#0;&amp#0;&amp#0;!&amp#0;e�3�&amp#1;&amp#0;&amp#0;9&amp#3;&amp#0;&amp#0;&amp#16;&amp#0;&amp#8;&amp#1;docProps/app.xml �&amp#4;&amp#1;(�&amp#0;&amp#1;&amp#0;&amp#0;&amp#0;&amp#0;&amp#0;&amp#0;&amp#0;&amp#0;&amp#0;&amp#0;&amp#0;&amp#0;&amp#0;&amp#0;&amp#0;&amp#0;&amp#0;&amp#0;&amp#0;&amp#0;&amp#0;&amp#0;&amp#0;&amp#0;&amp#0;&amp#0;&amp#0;&amp#0;&amp#0;&amp#0;&amp#0;&amp#0;&amp#0;&amp#0;&amp#0;&amp#0;&amp#0;&amp#0;&amp#0;&amp#0;&amp#0;&amp#0;&amp#0;&amp#0;&amp#0;&amp#0;&amp#0;&amp#0;&amp#0;&amp#0;&amp#0;&amp#0;&amp#0;&amp#0;&amp#0;&amp#0;&amp#0;&amp#0;&amp#0;&amp#0;&amp#0;&amp#0;&amp#0;&amp#0;&amp#0;&amp#0;&amp#0;&amp#0;&amp#0;&amp#0;&amp#0;&amp#0;&amp#0;&amp#0;&amp#0;&amp#0;&amp#0;&amp#0;&amp#0;&amp#0;&amp#0;&amp#0;&amp#0;&amp#0;&amp#0;&amp#0;&amp#0;&amp#0;&amp#0;&amp#0;&amp#0;&amp#0;&amp#0;&amp#0;&amp#0;&amp#0;&amp#0;&amp#0;&amp#0;&amp#0;&amp#0;&amp#0;&amp#0;&amp#0;&amp#0;&amp#0;&amp#0;&amp#0;&amp#0;&amp#0;&amp#0;&amp#0;&amp#0;&amp#0;&amp#0;&amp#0;&amp#0;&amp#0;&amp#0;&amp#0;&amp#0;&amp#0;&amp#0;&amp#0;&amp#0;&amp#0;&amp#0;&amp#0;&amp#0;&amp#0;&amp#0;&amp#0;&amp#0;&amp#0;&amp#0;&amp#0;&amp#0;&amp#0;&amp#0;&amp#0;&amp#0;&amp#0;&amp#0;&amp#0;&amp#0;&amp#0;&amp#0;&amp#0;&amp#0;&amp#0;&amp#0;&amp#0;&amp#0;&amp#0;&amp#0;&amp#0;&amp#0;&amp#0;&amp#0;&amp#0;&amp#0;&amp#0;&amp#0;&amp#0;&amp#0;&amp#0;&amp#0;&amp#0;&amp#0;&amp#0;&amp#0;&amp#0;&amp#0;&amp#0;&amp#0;&amp#0;&amp#0;&amp#0;&amp#0;&amp#0;&amp#0;&amp#0;&amp#0;&amp#0;&amp#0;&amp#0;&amp#0;&amp#0;&amp#0;&amp#0;&amp#0;&amp#0;&amp#0;&amp#0;&amp#0;&amp#0;&amp#0;&amp#0;&amp#0;&amp#0;&amp#0;&amp#0;&amp#0;&amp#0;&amp#0;&amp#0;&amp#0;&amp#0;&amp#0;&amp#0;&amp#0;&amp#0;&amp#0;&amp#0;&amp#0;&amp#0;&amp#0;&amp#0;&amp#0;&amp#0;&amp#0;&amp#0;&amp#0;&amp#0;&amp#0;&amp#0;&amp#0;&amp#0;&amp#0;&amp#0;&amp#0;&amp#0;&amp#0;&amp#0;&amp#0;&amp#0;&amp#0;&amp#0;&amp#0;&amp#0;&amp#0;&amp#0;&amp#0;&amp#0;&amp#0;&amp#0;&amp#0;&amp#0;&amp#0;&amp#0;&amp#0;&amp#0;&amp#0;&amp#0;&amp#0;&amp#0;���k�0&amp#16;��&amp#7;�&amp#31;��&amp#27;��(#�*%��`c���c��s,bKBw5����c�:�àow�}|�|'��C�f=$t�&amp#23;�r��&amp#12;�
��Bܗ�.��&amp#12;��ʴ�C!���Z��6)DH�&amp#0;3��X��(��D�@gp��g�&amp#14;�3�m��P���m�O&amp#29;x��<��p �&amp#21;T&amp#23;q
&amp#20;c⪧��V�&amp#14;|�P&amp#30;#&amp#3;ku&amp#19;c�!�J���&amp#20;0Ԕ}=Xh�����`����Ε��jkM&amp#11;k&amp#14;ֵi&amp#17;�|&amp#25;�;0��6�%Ԫ�U&amp#15;�B����-E�� &amp#12;8��Mr�&amp#19;c
��9�mDJ�wH{l&amp#0;&amp#8;�d�8<�s�v���d���8&amp#4;� ,�#��Z�_��$�&amp#31;�a�&amp#29;qn6�&amp#31;o
�9��Z�=��Q&amp#2;�k�&amp#25;�+�u��GF��&amp#31;���>��s�y��C�mL��/5�e&amp#26;�;�xj��uc�&amp#14;�g�[ax$&amp#15;㟠/�&amp#22;����?�)����?&amp#0;&amp#0;&amp#0;��&amp#3;&amp#0;PK&amp#1;&amp#2;-&amp#0;&amp#20;&amp#0;&amp#6;&amp#0;&amp#8;&amp#0;&amp#0;&amp#0;!&amp#0;&amp#18;&amp#24;��d&amp#1;&amp#0;&amp#0;&amp#24;&amp#5;&amp#0;&amp#0;&amp#19;&amp#0;&amp#0;&amp#0;&amp#0;&amp#0;&amp#0;&amp#0;&amp#0;&amp#0;&amp#0;&amp#0;&amp#0;&amp#0;&amp#0;&amp#0;&amp#0;&amp#0;[Content_Types].xmlPK&amp#1;&amp#2;-&amp#0;&amp#20;&amp#0;&amp#6;&amp#0;&amp#8;&amp#0;&amp#0;&amp#0;!&amp#0;�U0#�&amp#0;&amp#0;&amp#0;L&amp#2;&amp#0;&amp#0;&amp#11;&amp#0;&amp#0;&amp#0;&amp#0;&amp#0;&amp#0;&amp#0;&amp#0;&amp#0;&amp#0;&amp#0;&amp#0;&amp#0;�&amp#3;&amp#0;&amp#0;_rels/.relsPK&amp#1;&amp#2;-&amp#0;&amp#20;&amp#0;&amp#6;&amp#0;&amp#8;&amp#0;&amp#0;&amp#0;!&amp#0;�N���&amp#3;&amp#0;&amp#0;_	&amp#0;&amp#0;&amp#15;&amp#0;&amp#0;&amp#0;&amp#0;&amp#0;&amp#0;&amp#0;&amp#0;&amp#0;&amp#0;&amp#0;&amp#0;&amp#0;�&amp#6;&amp#0;&amp#0;xl/workbook.xmlPK&amp#1;&amp#2;-&amp#0;&amp#20;&amp#0;&amp#6;&amp#0;&amp#8;&amp#0;&amp#0;&amp#0;!&amp#0;J��a�&amp#0;&amp#0;&amp#0;G&amp#3;&amp#0;&amp#0;&amp#26;&amp#0;&amp#0;&amp#0;&amp#0;&amp#0;&amp#0;&amp#0;&amp#0;&amp#0;&amp#0;&amp#0;&amp#0;&amp#0;�
&amp#0;&amp#0;xl/_rels/workbook.xml.relsPK&amp#1;&amp#2;-&amp#0;&amp#20;&amp#0;&amp#6;&amp#0;&amp#8;&amp#0;&amp#0;&amp#0;!&amp#0;�xO��&amp#3;&amp#0;&amp#0;�&amp#8;&amp#0;&amp#0;&amp#24;&amp#0;&amp#0;&amp#0;&amp#0;&amp#0;&amp#0;&amp#0;&amp#0;&amp#0;&amp#0;&amp#0;&amp#0;&amp#0;�&amp#12;&amp#0;&amp#0;xl/worksheets/sheet1.xmlPK&amp#1;&amp#2;-&amp#0;&amp#20;&amp#0;&amp#6;&amp#0;&amp#8;&amp#0;&amp#0;&amp#0;!&amp#0;���C�&amp#2;&amp#0;&amp#0;�&amp#6;&amp#0;&amp#0;&amp#24;&amp#0;&amp#0;&amp#0;&amp#0;&amp#0;&amp#0;&amp#0;&amp#0;&amp#0;&amp#0;&amp#0;&amp#0;&amp#0;�&amp#16;&amp#0;&amp#0;xl/worksheets/sheet2.xmlPK&amp#1;&amp#2;-&amp#0;&amp#20;&amp#0;&amp#6;&amp#0;&amp#8;&amp#0;&amp#0;&amp#0;!&amp#0;�&amp#23;&amp#16;�N&amp#7;&amp#0;&amp#0;� &amp#0;&amp#0;&amp#19;&amp#0;&amp#0;&amp#0;&amp#0;&amp#0;&amp#0;&amp#0;&amp#0;&amp#0;&amp#0;&amp#0;&amp#0;&amp#0;&amp#2;&amp#20;&amp#0;&amp#0;xl/theme/theme1.xmlPK&amp#1;&amp#2;-&amp#0;&amp#20;&amp#0;&amp#6;&amp#0;&amp#8;&amp#0;&amp#0;&amp#0;!&amp#0;&amp#6;}&amp#23;y�&amp#3;&amp#0;&amp#0;�
&amp#0;&amp#0;
&amp#0;&amp#0;&amp#0;&amp#0;&amp#0;&amp#0;&amp#0;&amp#0;&amp#0;&amp#0;&amp#0;&amp#0;&amp#0;�&amp#27;&amp#0;&amp#0;xl/styles.xmlPK&amp#1;&amp#2;-&amp#0;&amp#20;&amp#0;&amp#6;&amp#0;&amp#8;&amp#0;&amp#0;&amp#0;!&amp#0;�"� 6&amp#1;&amp#0;&amp#0;A&amp#2;&amp#0;&amp#0;&amp#20;&amp#0;&amp#0;&amp#0;&amp#0;&amp#0;&amp#0;&amp#0;&amp#0;&amp#0;&amp#0;&amp#0;&amp#0;&amp#0;Y&amp#31;&amp#0;&amp#0;xl/sharedStrings.xmlPK&amp#1;&amp#2;-&amp#0;&amp#20;&amp#0;&amp#6;&amp#0;&amp#8;&amp#0;&amp#0;&amp#0;!&amp#0;�����&amp#0;&amp#0;&amp#0;V&amp#1;&amp#0;&amp#0;#&amp#0;&amp#0;&amp#0;&amp#0;&amp#0;&amp#0;&amp#0;&amp#0;&amp#0;&amp#0;&amp#0;&amp#0;&amp#0;� &amp#0;&amp#0;xl/worksheets/_rels/sheet1.xml.relsPK&amp#1;&amp#2;-&amp#0;&amp#20;&amp#0;&amp#6;&amp#0;&amp#8;&amp#0;&amp#0;&amp#0;!&amp#0;|��{R&amp#1;&amp#0;&amp#0;�&amp#2;&amp#0;&amp#0;&amp#17;&amp#0;&amp#0;&amp#0;&amp#0;&amp#0;&amp#0;&amp#0;&amp#0;&amp#0;&amp#0;&amp#0;&amp#0;&amp#0;�!&amp#0;&amp#0;docProps/core.xmlPK&amp#1;&amp#2;-&amp#0;&amp#20;&amp#0;&amp#6;&amp#0;&amp#8;&amp#0;&amp#0;&amp#0;!&amp#0;e�3�&amp#1;&amp#0;&amp#0;9&amp#3;&amp#0;&amp#0;&amp#16;&amp#0;&amp#0;&amp#0;&amp#0;&amp#0;&amp#0;&amp#0;&amp#0;&amp#0;&amp#0;&amp#0;&amp#0;&amp#0;h$&amp#0;&amp#0;docProps/app.xmlPK&amp#5;&amp#6;&amp#0;&amp#0;&amp#0;&amp#0;&amp#12;&amp#0;&amp#12;&amp#0;&amp#23;&amp#3;&amp#0;&amp#0;2'&amp#0;&amp#0;&amp#0;&amp#0;

[main] ERROR io.qameta.allure.AllureLifecycle - Could not add attachment: no test is running
[main] INFO com.shaft.tools.io.ReportManagerHelper - [ReportManager] Successfully created attachment "SHAFT Engine Logs - Current Method log: perparedata" @12-10-2022 15:58:04.0304 PM
[main] INFO com.shaft.tools.io.ReportManagerHelper - [ReportManager] Setting discrete logging to: "false" @12-10-2022 15:58:04.0305 PM
[main] INFO com.shaft.tools.io.ReportManagerHelper - [ReportManager] Setting discrete logging to: "false" @12-10-2022 15:58:04.0364 PM
[main] INFO com.shaft.tools.io.ReportManagerHelper - [ReportManager] Setting discrete logging to: "false" @12-10-2022 15:58:04.0365 PM
[main] INFO com.shaft.tools.io.ReportManagerHelper - [ReportManager] File Action "DoesFileExist" successfully performed. With the following test data "File Path: "SteeringCompanyAPI_TestData/SteeringCompanyAPI_TestData.xlsx"". @12-10-2022 15:58:04.0373 PM
[main] INFO com.shaft.tools.io.ReportManagerHelper - [ReportManager] Successfully created attachment "Test Data - Excel" @12-10-2022 15:58:04.0412 PM
[main] INFO com.shaft.tools.io.ReportManagerHelper - [ReportManager] Debugging Attachment Entry @12-10-2022 15:58:04.0412 PM
PK&amp#3;&amp#4;&amp#20;&amp#0;&amp#6;&amp#0;&amp#8;&amp#0;&amp#0;&amp#0;!&amp#0;&amp#18;&amp#24;��d&amp#1;&amp#0;&amp#0;&amp#24;&amp#5;&amp#0;&amp#0;&amp#19;&amp#0;&amp#8;&amp#2;[Content_Types].xml �&amp#4;&amp#2;(�&amp#0;&amp#2;&amp#0;&amp#0;&amp#0;&amp#0;&amp#0;&amp#0;&amp#0;&amp#0;&amp#0;&amp#0;&amp#0;&amp#0;&amp#0;&amp#0;&amp#0;&amp#0;&amp#0;&amp#0;&amp#0;&amp#0;&amp#0;&amp#0;&amp#0;&amp#0;&amp#0;&amp#0;&amp#0;&amp#0;&amp#0;&amp#0;&amp#0;&amp#0;&amp#0;&amp#0;&amp#0;&amp#0;&amp#0;&amp#0;&amp#0;&amp#0;&amp#0;&amp#0;&amp#0;&amp#0;&amp#0;&amp#0;&amp#0;&amp#0;&amp#0;&amp#0;&amp#0;&amp#0;&amp#0;&amp#0;&amp#0;&amp#0;&amp#0;&amp#0;&amp#0;&amp#0;&amp#0;&amp#0;&amp#0;&amp#0;&amp#0;&amp#0;&amp#0;&amp#0;&amp#0;&amp#0;&amp#0;&amp#0;&amp#0;&amp#0;&amp#0;&amp#0;&amp#0;&amp#0;&amp#0;&amp#0;&amp#0;&amp#0;&amp#0;&amp#0;&amp#0;&amp#0;&amp#0;&amp#0;&amp#0;&amp#0;&amp#0;&amp#0;&amp#0;&amp#0;&amp#0;&amp#0;&amp#0;&amp#0;&amp#0;&amp#0;&amp#0;&amp#0;&amp#0;&amp#0;&amp#0;&amp#0;&amp#0;&amp#0;&amp#0;&amp#0;&amp#0;&amp#0;&amp#0;&amp#0;&amp#0;&amp#0;&amp#0;&amp#0;&amp#0;&amp#0;&amp#0;&amp#0;&amp#0;&amp#0;&amp#0;&amp#0;&amp#0;&amp#0;&amp#0;&amp#0;&amp#0;&amp#0;&amp#0;&amp#0;&amp#0;&amp#0;&amp#0;&amp#0;&amp#0;&amp#0;&amp#0;&amp#0;&amp#0;&amp#0;&amp#0;&amp#0;&amp#0;&amp#0;&amp#0;&amp#0;&amp#0;&amp#0;&amp#0;&amp#0;&amp#0;&amp#0;&amp#0;&amp#0;&amp#0;&amp#0;&amp#0;&amp#0;&amp#0;&amp#0;&amp#0;&amp#0;&amp#0;&amp#0;&amp#0;&amp#0;&amp#0;&amp#0;&amp#0;&amp#0;&amp#0;&amp#0;&amp#0;&amp#0;&amp#0;&amp#0;&amp#0;&amp#0;&amp#0;&amp#0;&amp#0;&amp#0;&amp#0;&amp#0;&amp#0;&amp#0;&amp#0;&amp#0;&amp#0;&amp#0;&amp#0;&amp#0;&amp#0;&amp#0;&amp#0;&amp#0;&amp#0;&amp#0;&amp#0;&amp#0;&amp#0;&amp#0;&amp#0;&amp#0;&amp#0;&amp#0;&amp#0;&amp#0;&amp#0;&amp#0;&amp#0;&amp#0;&amp#0;&amp#0;&amp#0;&amp#0;&amp#0;&amp#0;&amp#0;&amp#0;&amp#0;&amp#0;&amp#0;&amp#0;&amp#0;&amp#0;&amp#0;&amp#0;&amp#0;&amp#0;&amp#0;&amp#0;&amp#0;&amp#0;&amp#0;&amp#0;&amp#0;&amp#0;&amp#0;&amp#0;&amp#0;&amp#0;&amp#0;&amp#0;&amp#0;&amp#0;&amp#0;&amp#0;&amp#0;&amp#0;&amp#0;&amp#0;&amp#0;&amp#0;&amp#0;&amp#0;&amp#0;&amp#0;&amp#0;&amp#0;&amp#0;&amp#0;&amp#0;&amp#0;&amp#0;&amp#0;&amp#0;&amp#0;&amp#0;&amp#0;&amp#0;&amp#0;&amp#0;&amp#0;&amp#0;&amp#0;&amp#0;&amp#0;&amp#0;&amp#0;&amp#0;&amp#0;&amp#0;&amp#0;&amp#0;&amp#0;&amp#0;&amp#0;&amp#0;&amp#0;&amp#0;&amp#0;&amp#0;&amp#0;&amp#0;&amp#0;&amp#0;&amp#0;&amp#0;&amp#0;&amp#0;&amp#0;&amp#0;&amp#0;&amp#0;&amp#0;&amp#0;&amp#0;&amp#0;&amp#0;&amp#0;&amp#0;&amp#0;&amp#0;&amp#0;&amp#0;&amp#0;&amp#0;&amp#0;&amp#0;&amp#0;&amp#0;&amp#0;&amp#0;&amp#0;&amp#0;&amp#0;&amp#0;&amp#0;&amp#0;&amp#0;&amp#0;&amp#0;&amp#0;&amp#0;&amp#0;&amp#0;&amp#0;&amp#0;&amp#0;&amp#0;&amp#0;&amp#0;&amp#0;&amp#0;&amp#0;&amp#0;&amp#0;&amp#0;&amp#0;&amp#0;&amp#0;&amp#0;&amp#0;&amp#0;&amp#0;&amp#0;&amp#0;&amp#0;&amp#0;&amp#0;&amp#0;&amp#0;&amp#0;&amp#0;&amp#0;&amp#0;&amp#0;&amp#0;&amp#0;&amp#0;&amp#0;&amp#0;&amp#0;&amp#0;&amp#0;&amp#0;&amp#0;&amp#0;&amp#0;&amp#0;&amp#0;&amp#0;&amp#0;&amp#0;&amp#0;&amp#0;&amp#0;&amp#0;&amp#0;&amp#0;&amp#0;&amp#0;&amp#0;&amp#0;&amp#0;&amp#0;&amp#0;&amp#0;&amp#0;&amp#0;&amp#0;&amp#0;&amp#0;&amp#0;&amp#0;&amp#0;&amp#0;&amp#0;&amp#0;&amp#0;&amp#0;&amp#0;&amp#0;&amp#0;&amp#0;&amp#0;&amp#0;&amp#0;&amp#0;&amp#0;&amp#0;&amp#0;&amp#0;&amp#0;&amp#0;&amp#0;&amp#0;&amp#0;&amp#0;&amp#0;&amp#0;&amp#0;&amp#0;&amp#0;&amp#0;&amp#0;&amp#0;&amp#0;&amp#0;&amp#0;&amp#0;&amp#0;&amp#0;&amp#0;&amp#0;&amp#0;&amp#0;&amp#0;&amp#0;&amp#0;&amp#0;&amp#0;&amp#0;&amp#0;&amp#0;&amp#0;&amp#0;&amp#0;&amp#0;&amp#0;&amp#0;&amp#0;&amp#0;&amp#0;&amp#0;&amp#0;&amp#0;&amp#0;&amp#0;&amp#0;&amp#0;&amp#0;&amp#0;&amp#0;&amp#0;&amp#0;&amp#0;&amp#0;&amp#0;&amp#0;&amp#0;&amp#0;&amp#0;&amp#0;&amp#0;&amp#0;&amp#0;&amp#0;&amp#0;&amp#0;&amp#0;&amp#0;&amp#0;&amp#0;&amp#0;&amp#0;&amp#0;&amp#0;&amp#0;&amp#0;&amp#0;&amp#0;&amp#0;&amp#0;&amp#0;&amp#0;&amp#0;Ĕ�n�0&amp#12;���&amp#14;U�S&amp#27;�0M&amp#19;���&amp#28;7��&amp#7;�&amp#26;C#�$�
���&amp#27;`��&amp#14;�@ڥQ&amp#27;��~qc&amp#15;���f+�h�+E��&amp#12;\�q�R�O��;�!)���&amp#14;J�&amp#1;&amp#20;����p�	�&amp#25;g;,EM&amp#20;�Ī�Fa�&amp#3;8ޙ��(��8�AU&amp#11;5&amp#7;9��ne�&amp#29;���Z
1&amp#26;>�L--eOk��%�`Qd&amp#15;��֫&amp#20;*&amp#4;k*EL*WN�r�w&amp#14;&amp#5;g�&amp#24;�M�&amp#27;�&amp#16;�ӡ���`��ʥ�FC6Q�^T�&amp#24;rm姏�&amp#15;�&amp#23;�a�&amp#14;J?��
���
W��&amp#16;Ai�&amp#1;��EZ�F&amp#25;��>���Q��a��|I�D��?q&amp#16;�;��y~)�̑�#m,�&amp#18;=�\�&amp#8;��"w��&amp#1;~j&amp#31;���;�> wr�ӫ�o�6;&amp#15;,&amp#4;�&amp#12;|7kץ�v�)pv١�3&amp#26;t��Lsm�&amp#5;&amp#0;&amp#0;��&amp#3;&amp#0;PK&amp#3;&amp#4;&amp#20;&amp#0;&amp#6;&amp#0;&amp#8;&amp#0;&amp#0;&amp#0;!&amp#0;�U0#�&amp#0;&amp#0;&amp#0;L&amp#2;&amp#0;&amp#0;&amp#11;&amp#0;&amp#8;&amp#2;_rels/.rels �&amp#4;&amp#2;(�&amp#0;&amp#2;&amp#0;&amp#0;&amp#0;&amp#0;&amp#0;&amp#0;&amp#0;&amp#0;&amp#0;&amp#0;&amp#0;&amp#0;&amp#0;&amp#0;&amp#0;&amp#0;&amp#0;&amp#0;&amp#0;&amp#0;&amp#0;&amp#0;&amp#0;&amp#0;&amp#0;&amp#0;&amp#0;&amp#0;&amp#0;&amp#0;&amp#0;&amp#0;&amp#0;&amp#0;&amp#0;&amp#0;&amp#0;&amp#0;&amp#0;&amp#0;&amp#0;&amp#0;&amp#0;&amp#0;&amp#0;&amp#0;&amp#0;&amp#0;&amp#0;&amp#0;&amp#0;&amp#0;&amp#0;&amp#0;&amp#0;&amp#0;&amp#0;&amp#0;&amp#0;&amp#0;&amp#0;&amp#0;&amp#0;&amp#0;&amp#0;&amp#0;&amp#0;&amp#0;&amp#0;&amp#0;&amp#0;&amp#0;&amp#0;&amp#0;&amp#0;&amp#0;&amp#0;&amp#0;&amp#0;&amp#0;&amp#0;&amp#0;&amp#0;&amp#0;&amp#0;&amp#0;&amp#0;&amp#0;&amp#0;&amp#0;&amp#0;&amp#0;&amp#0;&amp#0;&amp#0;&amp#0;&amp#0;&amp#0;&amp#0;&amp#0;&amp#0;&amp#0;&amp#0;&amp#0;&amp#0;&amp#0;&amp#0;&amp#0;&amp#0;&amp#0;&amp#0;&amp#0;&amp#0;&amp#0;&amp#0;&amp#0;&amp#0;&amp#0;&amp#0;&amp#0;&amp#0;&amp#0;&amp#0;&amp#0;&amp#0;&amp#0;&amp#0;&amp#0;&amp#0;&amp#0;&amp#0;&amp#0;&amp#0;&amp#0;&amp#0;&amp#0;&amp#0;&amp#0;&amp#0;&amp#0;&amp#0;&amp#0;&amp#0;&amp#0;&amp#0;&amp#0;&amp#0;&amp#0;&amp#0;&amp#0;&amp#0;&amp#0;&amp#0;&amp#0;&amp#0;&amp#0;&amp#0;&amp#0;&amp#0;&amp#0;&amp#0;&amp#0;&amp#0;&amp#0;&amp#0;&amp#0;&amp#0;&amp#0;&amp#0;&amp#0;&amp#0;&amp#0;&amp#0;&amp#0;&amp#0;&amp#0;&amp#0;&amp#0;&amp#0;&amp#0;&amp#0;&amp#0;&amp#0;&amp#0;&amp#0;&amp#0;&amp#0;&amp#0;&amp#0;&amp#0;&amp#0;&amp#0;&amp#0;&amp#0;&amp#0;&amp#0;&amp#0;&amp#0;&amp#0;&amp#0;&amp#0;&amp#0;&amp#0;&amp#0;&amp#0;&amp#0;&amp#0;&amp#0;&amp#0;&amp#0;&amp#0;&amp#0;&amp#0;&amp#0;&amp#0;&amp#0;&amp#0;&amp#0;&amp#0;&amp#0;&amp#0;&amp#0;&amp#0;&amp#0;&amp#0;&amp#0;&amp#0;&amp#0;&amp#0;&amp#0;&amp#0;&amp#0;&amp#0;&amp#0;&amp#0;&amp#0;&amp#0;&amp#0;&amp#0;&amp#0;&amp#0;&amp#0;&amp#0;&amp#0;&amp#0;&amp#0;&amp#0;&amp#0;&amp#0;&amp#0;&amp#0;&amp#0;&amp#0;&amp#0;&amp#0;&amp#0;&amp#0;&amp#0;&amp#0;&amp#0;&amp#0;&amp#0;&amp#0;&amp#0;&amp#0;&amp#0;&amp#0;&amp#0;&amp#0;&amp#0;&amp#0;&amp#0;&amp#0;&amp#0;&amp#0;&amp#0;&amp#0;&amp#0;&amp#0;&amp#0;&amp#0;&amp#0;&amp#0;&amp#0;&amp#0;&amp#0;&amp#0;&amp#0;&amp#0;&amp#0;&amp#0;&amp#0;&amp#0;&amp#0;&amp#0;&amp#0;&amp#0;&amp#0;&amp#0;&amp#0;&amp#0;&amp#0;&amp#0;&amp#0;&amp#0;&amp#0;&amp#0;&amp#0;&amp#0;&amp#0;&amp#0;&amp#0;&amp#0;&amp#0;&amp#0;&amp#0;&amp#0;&amp#0;&amp#0;&amp#0;&amp#0;&amp#0;&amp#0;&amp#0;&amp#0;&amp#0;&amp#0;&amp#0;&amp#0;&amp#0;&amp#0;&amp#0;&amp#0;&amp#0;&amp#0;&amp#0;&amp#0;&amp#0;&amp#0;&amp#0;&amp#0;&amp#0;&amp#0;&amp#0;&amp#0;&amp#0;&amp#0;&amp#0;&amp#0;&amp#0;&amp#0;&amp#0;&amp#0;&amp#0;&amp#0;&amp#0;&amp#0;&amp#0;&amp#0;&amp#0;&amp#0;&amp#0;&amp#0;&amp#0;&amp#0;&amp#0;&amp#0;&amp#0;&amp#0;&amp#0;&amp#0;&amp#0;&amp#0;&amp#0;&amp#0;&amp#0;&amp#0;&amp#0;&amp#0;&amp#0;&amp#0;&amp#0;&amp#0;&amp#0;&amp#0;&amp#0;&amp#0;&amp#0;&amp#0;&amp#0;&amp#0;&amp#0;&amp#0;&amp#0;&amp#0;&amp#0;&amp#0;&amp#0;&amp#0;&amp#0;&amp#0;&amp#0;&amp#0;&amp#0;&amp#0;&amp#0;&amp#0;&amp#0;&amp#0;&amp#0;&amp#0;&amp#0;&amp#0;&amp#0;&amp#0;&amp#0;&amp#0;&amp#0;&amp#0;&amp#0;&amp#0;&amp#0;&amp#0;&amp#0;&amp#0;&amp#0;&amp#0;&amp#0;&amp#0;&amp#0;&amp#0;&amp#0;&amp#0;&amp#0;&amp#0;&amp#0;&amp#0;&amp#0;&amp#0;&amp#0;&amp#0;&amp#0;&amp#0;&amp#0;&amp#0;&amp#0;&amp#0;&amp#0;&amp#0;&amp#0;&amp#0;&amp#0;&amp#0;&amp#0;&amp#0;&amp#0;&amp#0;&amp#0;&amp#0;&amp#0;&amp#0;&amp#0;&amp#0;&amp#0;&amp#0;&amp#0;&amp#0;&amp#0;&amp#0;&amp#0;&amp#0;&amp#0;&amp#0;&amp#0;&amp#0;&amp#0;&amp#0;&amp#0;&amp#0;&amp#0;&amp#0;&amp#0;&amp#0;&amp#0;&amp#0;&amp#0;&amp#0;&amp#0;&amp#0;&amp#0;&amp#0;&amp#0;&amp#0;&amp#0;&amp#0;&amp#0;&amp#0;&amp#0;&amp#0;&amp#0;&amp#0;&amp#0;&amp#0;&amp#0;&amp#0;&amp#0;&amp#0;&amp#0;&amp#0;&amp#0;&amp#0;&amp#0;��MO�0&amp#12;��H�����ݐ&amp#16;BKwAH�!T~�I�&amp#15;���$&amp#27;ݿ'&amp#28;&amp#16;T&amp#26;�&amp#3;G�~����<���!��4��&amp#18;&amp#20;;#�w����qu&amp#7;*&r�Fq���&amp#17;v�����GJy(v��*����K��#F��D�&amp#16;�.W&amp#26;	&amp#19;�&amp#28;�&amp#22;=��Z�MY�b��&amp#1;�BS���7��ϛז��
?�9L�ҙ&amp#21;�sbgٮ|�l!��&amp#26;USh9i�b�r:"y_dl��D��&amp#19;�|-N��R"4&amp#18;�2�G�%��Z�4�˝y�7	ë��ɂ�&amp#31;��&amp#1;&amp#0;&amp#0;��&amp#3;&amp#0;PK&amp#3;&amp#4;&amp#20;&amp#0;&amp#6;&amp#0;&amp#8;&amp#0;&amp#0;&amp#0;!&amp#0;�N���&amp#3;&amp#0;&amp#0;_	&amp#0;&amp#0;&amp#15;&amp#0;&amp#0;&amp#0;xl/workbook.xml�Umo�8&amp#16;�~���(���!	&amp#16;&amp#21;Vy!�Je�h����*㘒#�s�S@���&amp#29;&amp#7;B�r:q�C�`{����g&�_ve��R.rV�ttc�&amp#26;�&amp#8;���e���&�@ׄ�U�&amp#11;Vё��B�2����-�%c&amp#27;
&amp#0;*1��R־i
��%&amp#22;7��&amp#21;�&amp#24;/��)1E�)�ĚRY&amp#22;�mY�Y��&amp#15;&amp#8;>�&amp#6;��V9�1#MI+y&amp#0;��&amp#18;�u^�&amp#14;�$����o�� ��&amp#1;b�&amp#23;�ܷ��V&amp#18;��b&amp#28;/&amp#11;p{�\m����&amp#15;Y0��M�uqU�&amp#19;�&amp#4;[�&amp#27;�6&amp#15;�/�G��Ї&amp#16;�.cp&amp#29;�cr���&amp#28;�Xq�&amp#19;��&amp#14;���FC �V+>&amp#4;�h��oWyA&amp#31;&amp#15;��p]ť�T�k&amp#5;&amp#22;r��f#�&amp#15;S��&amp#31;&amp#22;xS�M^���z�P7�'9ϸ��&amp#21;n
���;x�&amp#12;�&amp#27;ڮ�&amp#4;a&amp#4;���F���ã_?��&amp#22;;Z3P�6�79�PX�/�&amp#21;FL|�&amp#20;3,�ZË�&amp#30;�&amp#11;J
�<5T1�&amp#26;&amp#19;���g��E�&amp#20;�4x�&amp#11;IK&amp#17;���Bp��&amp#16;�&amp#5;���&amp#19;*�i�%N �b� )�P��*�j&amp#15;��S�W&amp#6;�3�����&amp#15;j�D�Є&amp#24;&amp#30;�<��1��.�;E�$���]|&amp#15;Y}���cPRvl&amp#1;w�D�{�&amp#8;���[&amp#28;8��űa&amp#15;&amp#2;�p&amp#2;�6�A��� ���&amp#14;�~�
��O&amp#24;n��(&amp#31;&amp#5;=�&amp#29;����&amp#20;�&amp#29;d�M���x��&amp#31;C=&amp#24;��o�a�(&amp#31;s�&amp#21;�BSSm��W&amp#25;ێt&amp#3;Y�h�&amp#31;��v�)��&amp#26;��&amp#3;���a�7����1�&amp#29;����_i����\�&amp#21;ϑ��&amp#14;Q?F�m��^�p���&amp#8;�!&amp#12;Iҏ���Dq��3�&amp#8;�
&amp#26;��O�j�J�A	&amp#1;�&amp#5;�}�A�5�[�]�����)���\Ag&amp#7;�q�&amp#14;ڭ&amp#26;�&amp#27;	.&amp#8;ԟz�7&amp#12;�u(N���B�o�	���3�XA�&amp#26;:�5鹆3&amp#24;�����F�����O�I�D�w��t�&amp#2;�X�1�)�d&amp#3;53��&amp#16;&amp#11;Pf&amp#27;	&amp#19;x��
�Ah������p��2��s&amp#12;7Nzn&amp#31;��ą4td���O�ǁٞ�X6P�m�s_��q���:,&amp#28;S����y�2s<�o�&amp#15;�}A�4N&amp#30;�4��N�镶����)��8��qp�}0�&amp#7;��?�+�&amp#12;�!�jlejv2&amp#25;&amp#7;&amp#0;&amp#0;��&amp#3;&amp#0;PK&amp#3;&amp#4;&amp#20;&amp#0;&amp#6;&amp#0;&amp#8;&amp#0;&amp#0;&amp#0;!&amp#0;J��a�&amp#0;&amp#0;&amp#0;G&amp#3;&amp#0;&amp#0;&amp#26;&amp#0;&amp#8;&amp#1;xl/_rels/workbook.xml.rels �&amp#4;&amp#1;(�&amp#0;&amp#1;&amp#0;&amp#0;&amp#0;&amp#0;&amp#0;&amp#0;&amp#0;&amp#0;&amp#0;&amp#0;&amp#0;&amp#0;&amp#0;&amp#0;&amp#0;&amp#0;&amp#0;&amp#0;&amp#0;&amp#0;&amp#0;&amp#0;&amp#0;&amp#0;&amp#0;&amp#0;&amp#0;&amp#0;&amp#0;&amp#0;&amp#0;&amp#0;&amp#0;&amp#0;&amp#0;&amp#0;&amp#0;&amp#0;&amp#0;&amp#0;&amp#0;&amp#0;&amp#0;&amp#0;&amp#0;&amp#0;&amp#0;&amp#0;&amp#0;&amp#0;&amp#0;&amp#0;&amp#0;&amp#0;&amp#0;&amp#0;&amp#0;&amp#0;&amp#0;&amp#0;&amp#0;&amp#0;&amp#0;&amp#0;&amp#0;&amp#0;&amp#0;&amp#0;&amp#0;&amp#0;&amp#0;&amp#0;&amp#0;&amp#0;&amp#0;&amp#0;&amp#0;&amp#0;&amp#0;&amp#0;&amp#0;&amp#0;&amp#0;&amp#0;&amp#0;&amp#0;&amp#0;&amp#0;&amp#0;&amp#0;&amp#0;&amp#0;&amp#0;&amp#0;&amp#0;&amp#0;&amp#0;&amp#0;&amp#0;&amp#0;&amp#0;&amp#0;&amp#0;&amp#0;&amp#0;&amp#0;&amp#0;&amp#0;&amp#0;&amp#0;&amp#0;&amp#0;&amp#0;&amp#0;&amp#0;&amp#0;&amp#0;&amp#0;&amp#0;&amp#0;&amp#0;&amp#0;&amp#0;&amp#0;&amp#0;&amp#0;&amp#0;&amp#0;&amp#0;&amp#0;&amp#0;&amp#0;&amp#0;&amp#0;&amp#0;&amp#0;&amp#0;&amp#0;&amp#0;&amp#0;&amp#0;&amp#0;&amp#0;&amp#0;&amp#0;&amp#0;&amp#0;&amp#0;&amp#0;&amp#0;&amp#0;&amp#0;&amp#0;&amp#0;&amp#0;&amp#0;&amp#0;&amp#0;&amp#0;&amp#0;&amp#0;&amp#0;&amp#0;&amp#0;&amp#0;&amp#0;&amp#0;&amp#0;&amp#0;&amp#0;&amp#0;&amp#0;&amp#0;&amp#0;&amp#0;&amp#0;&amp#0;&amp#0;&amp#0;&amp#0;&amp#0;&amp#0;&amp#0;&amp#0;&amp#0;&amp#0;&amp#0;&amp#0;&amp#0;&amp#0;&amp#0;&amp#0;&amp#0;&amp#0;&amp#0;&amp#0;&amp#0;&amp#0;&amp#0;&amp#0;&amp#0;&amp#0;&amp#0;&amp#0;&amp#0;&amp#0;&amp#0;&amp#0;&amp#0;&amp#0;&amp#0;&amp#0;&amp#0;&amp#0;&amp#0;&amp#0;&amp#0;&amp#0;&amp#0;&amp#0;&amp#0;&amp#0;&amp#0;&amp#0;&amp#0;&amp#0;&amp#0;&amp#0;&amp#0;&amp#0;&amp#0;&amp#0;&amp#0;&amp#0;&amp#0;&amp#0;&amp#0;&amp#0;&amp#0;&amp#0;&amp#0;&amp#0;&amp#0;&amp#0;&amp#0;&amp#0;&amp#0;&amp#0;&amp#0;&amp#0;&amp#0;&amp#0;&amp#0;&amp#0;&amp#0;&amp#0;���j�0&amp#12;��ѽq��P�:{)����&amp#7;0�&amp#18;�Mlc�?y����6���У$4�1�f�9��&amp#29;#u�)(�&amp#28;&amp#4;�ڛε
^�OW� ��3��&amp#14;&amp#21;�H��./6��kNOd�@"�8R`�Ã�T[&amp#28;4e>�K���As&amp#26;c+��&amp#15;�EY�����5��i��Q&amp#16;w�&amp#26;�~&amp#12;��om�4]���~&amp#27;��&amp#25;&amp#11;ɉ&amp#11;���-��i�^&amp#22;Y&amp#2;&amp#5;y��\����&amp#3;YD>q&amp#28;W$�K�&amp#4;S�3�b2�k�&amp#17;�&amp#11;�T>:�3[/%s�*&amp#12;�}���+4�?�rV��&amp#11;&amp#0;&amp#0;��&amp#3;&amp#0;PK&amp#3;&amp#4;&amp#20;&amp#0;&amp#6;&amp#0;&amp#8;&amp#0;&amp#0;&amp#0;!&amp#0;�xO��&amp#3;&amp#0;&amp#0;�&amp#8;&amp#0;&amp#0;&amp#24;&amp#0;&amp#0;&amp#0;xl/worksheets/sheet1.xml��[��0&amp#24;��&amp#23;�?��k<�U�&amp#29;���s�,{��4�&amp#26;j���Ӗe��~Ѷ3P&amp#24;ʀ1��>�!o��G١&amp#23;��P}�C?���Lբ�&amp#22;���K12��5�T�&amp#11;|�&amp#6;?�&amp#30;>-&amp#15;J�L˹E@�M�[k��&amp#16;�Z.����{�i���§�&amp#18;3hN�Q$;&amp#18;&amp#5;��H*z<&amp#17;r}&amp#15;C5�`�Tl/yo'��&amp#29;���i�`.4���I�w��cJ&amp#14;�؈N��&amp#8;�H��i�+M7&amp#29;�}&amp#12;&amp#19;��Q�&amp#19;��/a��7��`Z&amp#25;�X&amp#31;�d�����d��+���0aB4&amp#17;�&amp#0;_Q��R
gWV�
�?&amp#8;�_a�]:ߋ���d&amp#29;F�����Z�^�ā����[�e���E���?�Z�&amp#2;N�U�4o
�&amp#14;�2�d�&amp#28;��K��y�FΎ&amp#27;�vn�	�&amp#4;@0���&amp#25;&amp#3;�?&amp#23;�sU��B����&amp#11;�&amp#26;]�M��7t�����mk�$~&amp#2;�8;���䆁&amp#15;!�&amp#31;;,S&amp#29;0���p�	lD��|&amp#16;�ma���Y2O&amp#23;3���X%�7��I&amp#8;�&amp#31;�0��I�A&amp#22;;݆&amp#27;[	�˻&amp#12;h�&amp#20;<�@tƼ&amp#27;����&amp#7;&amp#0;&amp#0;��&amp#0;&amp#0;&amp#0;�����&amp#14;� &amp#20;�_��&amp#0;&amp#17;Z�&amp#28;����`��&amp#31;��Y�}&amp#23;+��ss�cǏ�9&amp#7;��Z�����x�<�6%�&amp#4;�&k
�d&amp#7;딄$Pw�5չi+�
ȓ�J./QjU֠m7&amp#17;ɸ2&amp#19;Nfİ
t
j�&amp#29;8�3N՗ȧD�&amp#19;Ŕ8���&amp#18;lk&amp#17;
il$&amp#8;�"Ek#�&amp#17;)ٓ�Fb&amp#12;e�!�&amp#27;���p&amp#4;�&amp#31;�q�-v&amp#11;��0�&amp#29;z�͜�v,&amp#17;�&amp#23;b�չ��&amp#3;�&amp#29;3���h�(�&amp#12;u&amp#15;��='3�t�+6�B�&amp#5;�&amp#8;^���n�&amp#8;�
&amp#22;
,&amp#8;G����o�&amp#6;&amp#0;&amp#0;��&amp#0;&amp#0;&amp#0;��l��&amp#14;�0&amp#16;E��&amp#30;�B&amp#3;6@��&.�&amp#8;��&amp#17;&amp#30;%C�&amp#26;�&amp#11;&amp#24;�Dw��Ž3A
������Y_&amp#26;&amp#19;R�F��&amp#18;�4�&amp#27;&&amp#20;��_υ���/�?��>
�{&amp#11;X&amp#21;M���{`�P��HB��dE�
�e��bJr�U&amp#22;cܷ\o�X&amp#27;[�-W���ʽ'm�&amp#28;���m��1Ƭh:RA�?e/�~���)&amp#27;ݎ�Sr���z�&amp#28;�&amp#4;p���Tk3���Uc��&amp#0;&z&amp#1;&amp#0;&amp#0;��&amp#3;&amp#0;PK&amp#3;&amp#4;&amp#20;&amp#0;&amp#6;&amp#0;&amp#8;&amp#0;&amp#0;&amp#0;!&amp#0;���C�&amp#2;&amp#0;&amp#0;�&amp#6;&amp#0;&amp#0;&amp#24;&amp#0;&amp#0;&amp#0;xl/worksheets/sheet2.xml��K��0&amp#20;����&amp#31;,�@�&amp#1;&amp#20;2
CQgW��v�%X����cT���&amp#2;Jf�,&amp#26;���b�&amp#15;�ǳ��&amp#17;�&amp#17;�ϩ�.(���Z�����^9	%Ʋ�f��!�/`�����I�i&amp#1;,ABor�Z;d�gx&amp#11;�&amp#25;W
��L��d&amp#22;&amp#31;��3�&amp#6;VO/��&amp#11;&amp#22;�ؓL�t&d�&amp#30;�j&amp#26;��T� ��3DC�,�7�&amp#24;̅&�=8���08\�&amp#1;&amp#17;[�	�2A)�<{��J�m�}���qr�x&amp#4;x./2����&amp#20;\+�&amp#26;�"ٛ=߶�z����t��]&amp#24;?�4&amp#28;Ÿ����}����
^a�w��+l�\:;�:��0H��S�D�S�EZ8�jS9Q\&�&MS�*����&amp#22;��cWDC�Ӎ��K�WS~~
8�75�l�
:�&amp#22;Pçd��V����&amp#25;�&amp#22;H4ӂ�ȸ&amp#21;Gx���i���ߓ&amp#6;�(�]&amp#21;��&amp#23;�j
�&amp#23;Mjhء�_��3�]kQ6tCltLJV��`8F&amp#20;���7W&amp#29;2�J�&amp#24;5L&amp#24;;�^Emۜ�n&amp#28;��8�(ق��&amp#24;�����J������+&amp#3;�O&amp#12;�����M���O&amp#30;�&amp#11;�&?�&amp#0;&amp#0;&amp#0;��&amp#0;&amp#0;&amp#0;����[&amp#14;� &amp#16;E�Ұ&amp#0;)��&amp#26;J�%� �?}&amp#4;���VC[P&amp#19;�ȝ&amp#3;�a`���&amp#19;�I�L{KL�&amp#8;Jl'&amp#27;&amp#11;�"�u�2���um}jM-݈�I.Uq~&amp#8;m�n KW&amp#20;q��&amp#19;&amp#14;�&amp#17;�6�-�=�2�s�՛8��nIT1�_&amp#18;"&H�&amp#17;&amp#12;�����yK?݁��y`=�m&amp#2;�y�d��H?K�?$����@r&amp#24;C�I6]3&amp#14;����8�&amp#29;���&amp#19;&amp#0;&amp#0;��&amp#0;&amp#0;&amp#0;���)HLO�M,J��+V�IM+�U2�3WR(�Lπ�K�&amp#11;���J
I�%%��0^FjbJj&amp#17;�g�����_&amp#2;������&amp#23;e&amp#23;g����&amp#1;&amp#0;&amp#0;&amp#0;��&amp#3;&amp#0;PK&amp#3;&amp#4;&amp#20;&amp#0;&amp#6;&amp#0;&amp#8;&amp#0;&amp#0;&amp#0;!&amp#0;�&amp#23;&amp#16;�N&amp#7;&amp#0;&amp#0;� &amp#0;&amp#0;&amp#19;&amp#0;&amp#0;&amp#0;xl/theme/theme1.xml�Y͋&amp#27;7&amp#20;�&amp#23;�?&amp#12;sw�5�%���l��$d��&amp#28;���QV32��&amp#27;&amp#19;&amp#2;%9�R(���Bo=��@&amp#3;
��	$��&amp#31;�'��#��$�lJZv
�G������~z�t�ҽ�zG�&amp#11;�_�P�=��ؘ$Ӗk8(4|OH��&amp#17;e	n�&amp#11;,�K۟~r&amp#17;m�&amp#8;��&amp#3;�Dl��&amp#31;I9�*&amp#22;�&amp#8;����f8��&��H�#�&amp#22;�&amp#28;&amp#29;�ޘ&amp#22;+�R�&amp#24;#��^�bP{}2!#�
�J{��O�1�B
�(�W��%���òB���R�&amp#29;!��a�1;&amp#30;�{��(&amp#18;&amp#18;~h�%��&amp#23;�/&amp#22;�V&D�&amp#6;YCn��2�L`|X�s���j� &amp#8;�Z{�_&amp#3;�\����Z��ҧ&amp#1;h4�����:�n�a
P�ա�W�U�&amp#22;��_]��&amp#29;���נT��&amp#31;&amp#12;��E&amp#11;�A)>\Ç�f�g�נ&amp#20;_[��K�^P��kPDIr��.��jw��&amp#21;d��&amp#19;�&amp#12;�A��)�Q�
��RSLX"7�Z��2>&amp#0;�&amp#2;R$I���&amp#12;O�&amp#8;���(9���%�&amp#8;&amp#18;o�&amp#18;&`�T)
JU��>���#��02��]`�X&amp#27;R�xb��L��+��7 /�={����=����_���*Kn&amp#7;%SS�Տ_���&amp#23;�_�����7��'��Ŀ��˗���:����&amp#21;/�}���&amp#23;�}��O�&amp#29;��&amp#28;&amp#29;��!����c�&�a�&amp#14;��&amp#1;?��0BĒ@&amp#17;�v����&amp#2;^[ ��u����&amp#28;X�&amp#5;�<�kٺ&amp#31;�$���F�&amp#5;�c�v&amp#24;w:ચ���p�Lݓ󹉻�Бk�.J�&amp#0;��3�W�Rٍ�e�
�&amp#18;��8��S��C�&amp#29;��C���=2�L����&amp#16;����%Cr`%R.�Cb���e �����m�èk�=|d#a[ �0~�����h.Q�R9D15&amp#29;��d�2r�G&�/$Dz�)��c,�K�:��&amp#26;A�
&amp#12;�&amp#14;�&amp#30;]�6�Kr�ҹ�&amp#24;3�=v؍P<s�L���~&&amp#14;!E�w�I&amp#23;|��;D=C&amp#28;P�1ܷ	���f"�&amp#5;�j��'��e�&amp#29;�����&amp#31;&amp#23;t���e�<�ص͉3;:�ڻ&amp#24;St��&amp#24;{�>sX�a3���W"`�&amp#29;�J�+��U��`&amp#1;e��k�)r�&amp#8;+e��m�goq�x&amp#22;(�&amp#17;ߤ�&amp#26;D�J]8�Tz��&amp#14;M�5&amp#2;�&amp#31;��)�&amp#5;�0���I�&amp#8;Yg�z&amp#22;�|]p+~o��`_�=�&amp#4;&amp#25;|j&amp#25; ����&amp#16;Qk�<a�&amp#8;
&amp#12;&amp#23;݂�&amp#21;�\D��Zl؛6&amp#15;&amp#3;&amp#20;FV�&amp#19;���ω�'�w�&amp#30;w&amp#1;s&amp#6;&amp#5;�[���:�(e�D��	�&amp#31;,kzh���p��s�yUs^�����f�^>�e�k��Z����Aj��|��&���O���3!���&amp#5;ŻBw}&amp#4;�ь&amp#7;0��Q�'�j&amp#1;�"��5�,ܔ#-�q&?'2ڏ�&amp#12;ZCe����L�Tx3&�c��u+&amp#21;�Э�N�x���Ng�����&amp#11;&amp#5;��x)\�C�J��Z=�ޭ��~�TwY�&amp#6;(��&amp#24;aLf&amp#27;Qu&amp#24;Q_&amp#14;B&amp#20;^g�^ٙX�tX�PꗡZFq�
0m&amp#21;&amp#21;x���E��A�A�f&amp#28;��c&amp#21;������
ΙFz�3��&amp#1;Pb/3 �tSٺqyjui��E�-#�t��0�0�&amp#23;�,;͖�Yƺ���2O�b�&amp#27;r3�&amp#15;&amp#17;kE"'��&&S��;n��j&amp#8;�*#4k�&amp#19;�&amp#24;��x&amp#6;�#�[&amp#23;�S�v&amp#25;I�n�wa�&amp#25;&amp#23;��D�:\�N�&amp#6;1��{��-_-�
4�&amp#28;�m+W�&amp#16;>Z�@+&amp#31;�q&amp#16;t;�x2�#i��&amp#24;Q�N&amp#31;��S�p����&amp#29;�$�&amp#28;½&amp#31;���&amp#3;:�7&amp#17;�XX/+&amp#7;�����r��1���&amp#21;���w�`�h׼��9��#:�Pv��d��5����O+&amp#31;&amp#24;Oٚ���.<��&amp#3;��O�7&amp#31;��s&amp#6;i�g��*��t��;�
��CԲ*�n�N-r�k.�&amp#14;&amp#18;�yJ���}�&amp#3;�0-��2MY�NÊ��Q۴3,&amp#8;&amp#12;O�6�muF8=�'?ȝ�Zu@,�J����ܼ�f&amp#7;w�<zp8�R�PBo�#(��&amp#27;Ȕ6`�ܓY�&amp#8;߼9'-�~)l&amp#7;�J�-�&amp#26;a�&amp#16;T�R�&amp#17;���v&amp#24;V���\�u*&amp#15;�`�Q\&amp#14;���&amp#1;\a�Evi���.���-ͅ&amp#17;��L_�&amp#23;����\�|q�&amp#17; ���ʠYmvj�f�=(&amp#4;�N����:�^�[�
zݰ�&amp#28;<�#
&amp#14;��nP�7
�r�[&amp#8;j%e~�Y�&amp#7;�J;��&amp#27;��� +c`�)}d�&amp#0;�j���&amp#1;&amp#0;&amp#0;��&amp#3;&amp#0;PK&amp#3;&amp#4;&amp#20;&amp#0;&amp#6;&amp#0;&amp#8;&amp#0;&amp#0;&amp#0;!&amp#0;&amp#6;}&amp#23;y�&amp#3;&amp#0;&amp#0;�
&amp#0;&amp#0;
&amp#0;&amp#0;&amp#0;xl/styles.xml�V�n�8&amp#16;}_`�A໢K,�6,&amp#21;�E�&amp#2;ݢ@���R&amp#18;%&amp#19;�E����E�}��d+�81����s�vf��ǎ3瑨�J&amp#17;���G&amp#14;&amp#17;�,��b��}�.��h,
̤ 1:�&amp#6;}L~�m��##w&amp#7;B�&amp#3;&amp#16;���A�z�yM~ &amp#28;77�&&amp#2;NJ�8ְU��Ԋ�1J�y���=��@=�׀p�&amp#30;���%���&amp#25;eT&amp#31;-&amp#22;rx��\	�p���.���邹
�N�F���&amp#29;Ns%&amp#27;Y�&amp#27;��dYҜ<ww�-=���&amp#0;�}HA����;�N����#5�Cɺ�B7N.[�c4&amp#3;GM
V&amp#15;B�#Rs&amp#4;&amp#21;&amp#30;n%���&amp#25;H&amp#2;�%�\2�&amp#28;
���Y����7���LQs�Ĝ�c/&amp#14;��V{��)��&amp#8;=�G�M�nͭWl�F�W&amp#25;�.&amp#24;SU&amp#22;�t�]o0?`�&amp#0;��D=&amp#11;���&amp#8;k&amp#19;�@�(c�:��d
��D�&amp#20;N�a}��`&amp#2;z��&amp#14;�޼])|&amp#12;��z�F2Z&amp#24;�T[K�!���C��&amp#27;���&amp#1;4�|���&amp#19;�
/�qm��7�&amp#23;�m�i��5k&amp#20;r�IU��&amp#27;��4B/J֌�&amp#26;�P�:�-k&amp#19;��&amp#26;fA�.(����&amp#16;{�&amp#24;&amp#22;&amp#0;�&amp#19;���,��<a��ݕ�hy���"F0UMK�K�°���
�_R
@�e%&amp#7;�5;~myFTjG��f��'�����b�&amp#18;��I&amp#1;�Y�oJj�k�)�m�M��c��9W�NW�L����P��&amp#21;��&amp#5;�i�O��x�L4�n��t]�|�k�
C�
�����&amp#0;p%֋��٘�ô
|&amp#2;z�8&amp#7;��wP4ߎ&amp#28;�C��ߕ�&amp#30;�.@�IW<�&amp#19;�&amp#28;3'c�&amp#7;&amp#12;/Ũx�/�%&amp#5;�"k)�T&amp#24;�,�i�A�!9&amp#27;&amp#21; m&amp#19;��q&amp#22;�(�sW�Sm�&amp#6;�_O�&amp#1;FAJ�2}:��y�')hˁIío�Qj&amp#11;&amp#17;����&amp#25;&amp#30;�����_&amp#26;�����*&amp#26;���&amp#15;��>
݅�Y��[&amp#18;��h�s��v�ۥK?��?&/��x��&amp#7;&amp#21;L�`�j&amp#24;�b�&amp#16;����Y&amp#22;�ɦwߎlp{��2�����w�[?pgs�p&amp#23;���M� ��g�}�F&amp#19;ߣw�c|/&amp#8;�&amp#23;�q>Zi�	Pc��X��&amp#20;�&amp#4;�W���Jx��j�&amp#31;&amp#0;&amp#0;&amp#0;��&amp#3;&amp#0;PK&amp#3;&amp#4;&amp#20;&amp#0;&amp#6;&amp#0;&amp#8;&amp#0;&amp#0;&amp#0;!&amp#0;�"� 6&amp#1;&amp#0;&amp#0;A&amp#2;&amp#0;&amp#0;&amp#20;&amp#0;&amp#0;&amp#0;xl/sharedStrings.xmllR�J&amp#3;1&amp#16;|&amp#23;��#ｴUD��&amp#21;��P����Oeͭ��esf�U�ޜ
B�cfvfg�&amp#20;�&amp#15;�f&amp#7;&amp#12;l=�j�&amp#15;U�d|miW���vp�2&amp#22;�&amp#26;ZOX�Od5�NO
fɢ��T�H7њM�&amp#14;8�&amp#29;Rd^|p �&amp#25;v���Ps�(�����B;��2��$qoܲ'����/p���mUH5�y��/��ۻ�j]h�
�&amp#19;?�ڿ"m� M���8���4�&amp#26;�ϩ�%&amp#0;q�X㩵���.U~Kt&amp#12;�:�qRw��7���e�&amp#30;D-�&amp#17;-��T�a&amp#12;&amp#15;�0ŗ���C��Ѥ�)�&amp#8;��s���&amp#26;&amp#4;F�p&amp#15;���g)�B�X,&amp#31;͐Z��N�&amp#3;&amp#19;[��ų&amp#14;���O��&amp#23;��&amp#0;&amp#0;&amp#0;��&amp#3;&amp#0;PK&amp#3;&amp#4;&amp#20;&amp#0;&amp#6;&amp#0;&amp#8;&amp#0;&amp#0;&amp#0;!&amp#0;�����&amp#0;&amp#0;&amp#0;V&amp#1;&amp#0;&amp#0;#&amp#0;&amp#0;&amp#0;xl/worksheets/_rels/sheet1.xml.rels���j�0&amp#12;&amp#6;��`�`to��0�H�K7�a��=����4������g&amp#24;�&amp#21;&amp#6;;
I�~4�.i5�Tj&amp#20;&amp#30;a��`�����&amp#8;&amp#31;���&amp#19;���&amp#30;Wa&amp#26;�J&amp#21;v����N+j[�!�j��u������.P��I&n�YJBmeYlFw�C�?��ۀ��4&amp#7;?B9�-��5����2���^�9&amp#17;�&amp#31;'lhRY#�&amp#26;�e!�fkˌg
&amp#27;OI:Ν&amp#22;䚥ht�m�:'��,��oy^.J�q&amp#5;;
��&amp#27;�&amp#23;&amp#0;&amp#0;&amp#0;��&amp#3;&amp#0;PK&amp#3;&amp#4;&amp#20;&amp#0;&amp#6;&amp#0;&amp#8;&amp#0;&amp#0;&amp#0;!&amp#0;|��{R&amp#1;&amp#0;&amp#0;�&amp#2;&amp#0;&amp#0;&amp#17;&amp#0;&amp#8;&amp#1;docProps/core.xml �&amp#4;&amp#1;(�&amp#0;&amp#1;&amp#0;&amp#0;&amp#0;&amp#0;&amp#0;&amp#0;&amp#0;&amp#0;&amp#0;&amp#0;&amp#0;&amp#0;&amp#0;&amp#0;&amp#0;&amp#0;&amp#0;&amp#0;&amp#0;&amp#0;&amp#0;&amp#0;&amp#0;&amp#0;&amp#0;&amp#0;&amp#0;&amp#0;&amp#0;&amp#0;&amp#0;&amp#0;&amp#0;&amp#0;&amp#0;&amp#0;&amp#0;&amp#0;&amp#0;&amp#0;&amp#0;&amp#0;&amp#0;&amp#0;&amp#0;&amp#0;&amp#0;&amp#0;&amp#0;&amp#0;&amp#0;&amp#0;&amp#0;&amp#0;&amp#0;&amp#0;&amp#0;&amp#0;&amp#0;&amp#0;&amp#0;&amp#0;&amp#0;&amp#0;&amp#0;&amp#0;&amp#0;&amp#0;&amp#0;&amp#0;&amp#0;&amp#0;&amp#0;&amp#0;&amp#0;&amp#0;&amp#0;&amp#0;&amp#0;&amp#0;&amp#0;&amp#0;&amp#0;&amp#0;&amp#0;&amp#0;&amp#0;&amp#0;&amp#0;&amp#0;&amp#0;&amp#0;&amp#0;&amp#0;&amp#0;&amp#0;&amp#0;&amp#0;&amp#0;&amp#0;&amp#0;&amp#0;&amp#0;&amp#0;&amp#0;&amp#0;&amp#0;&amp#0;&amp#0;&amp#0;&amp#0;&amp#0;&amp#0;&amp#0;&amp#0;&amp#0;&amp#0;&amp#0;&amp#0;&amp#0;&amp#0;&amp#0;&amp#0;&amp#0;&amp#0;&amp#0;&amp#0;&amp#0;&amp#0;&amp#0;&amp#0;&amp#0;&amp#0;&amp#0;&amp#0;&amp#0;&amp#0;&amp#0;&amp#0;&amp#0;&amp#0;&amp#0;&amp#0;&amp#0;&amp#0;&amp#0;&amp#0;&amp#0;&amp#0;&amp#0;&amp#0;&amp#0;&amp#0;&amp#0;&amp#0;&amp#0;&amp#0;&amp#0;&amp#0;&amp#0;&amp#0;&amp#0;&amp#0;&amp#0;&amp#0;&amp#0;&amp#0;&amp#0;&amp#0;&amp#0;&amp#0;&amp#0;&amp#0;&amp#0;&amp#0;&amp#0;&amp#0;&amp#0;&amp#0;&amp#0;&amp#0;&amp#0;&amp#0;&amp#0;&amp#0;&amp#0;&amp#0;&amp#0;&amp#0;&amp#0;&amp#0;&amp#0;&amp#0;&amp#0;&amp#0;&amp#0;&amp#0;&amp#0;&amp#0;&amp#0;&amp#0;&amp#0;&amp#0;&amp#0;&amp#0;&amp#0;&amp#0;&amp#0;&amp#0;&amp#0;&amp#0;&amp#0;&amp#0;&amp#0;&amp#0;&amp#0;&amp#0;&amp#0;&amp#0;&amp#0;&amp#0;&amp#0;&amp#0;&amp#0;&amp#0;&amp#0;&amp#0;&amp#0;&amp#0;&amp#0;&amp#0;&amp#0;&amp#0;&amp#0;&amp#0;&amp#0;&amp#0;&amp#0;&amp#0;&amp#0;&amp#0;&amp#0;&amp#0;&amp#0;&amp#0;&amp#0;&amp#0;&amp#0;&amp#0;&amp#0;&amp#0;&amp#0;&amp#0;&amp#0;&amp#0;&amp#0;��_O�0&amp#20;��M�&amp#14;��P`��&amp#1;&amp#22;�M&amp#31;41qF�[�ލFZ�����[`Č1�������4�nd&amp#29;|���Q&amp#5;J�&amp#24;&amp#5;�XÅZ&amp#21;�y>&amp#11;�Q`&amp#29;U�֍�&amp#2;m��iy|�3MXc��4&amp#26;�&amp#19;`&amp#3;OR�0]��9M0��&amp#2;Im�&amp#21;�&amp#23;�����_��w�&amp#2;���)��(���&amp#22;&amp#24;ꁈvH�&amp#6;��0u&amp#7;�&amp#12;C
&amp#18;��8�&amp#18;��u`�������R����vv�l����X1&amp#8;��u��t6��&amp#4;�>�?uQC��]1@e�&amp#25;a&amp#6;�kLy&amp#7;��2�X���'��mE�X�x�j7ZS�&amp#30;��&amp#2;�����C���&amp#5;���&amp#25;�2�&amp#3;�+/����&amp#12;�i��a&amp#18;�q6O&$�_��z���F�/���?�&amp#25;I3rr6"�&amp#1;e�&amp#15;�M�&amp#5;&amp#0;&amp#0;��&amp#3;&amp#0;PK&amp#3;&amp#4;&amp#20;&amp#0;&amp#6;&amp#0;&amp#8;&amp#0;&amp#0;&amp#0;!&amp#0;e�3�&amp#1;&amp#0;&amp#0;9&amp#3;&amp#0;&amp#0;&amp#16;&amp#0;&amp#8;&amp#1;docProps/app.xml �&amp#4;&amp#1;(�&amp#0;&amp#1;&amp#0;&amp#0;&amp#0;&amp#0;&amp#0;&amp#0;&amp#0;&amp#0;&amp#0;&amp#0;&amp#0;&amp#0;&amp#0;&amp#0;&amp#0;&amp#0;&amp#0;&amp#0;&amp#0;&amp#0;&amp#0;&amp#0;&amp#0;&amp#0;&amp#0;&amp#0;&amp#0;&amp#0;&amp#0;&amp#0;&amp#0;&amp#0;&amp#0;&amp#0;&amp#0;&amp#0;&amp#0;&amp#0;&amp#0;&amp#0;&amp#0;&amp#0;&amp#0;&amp#0;&amp#0;&amp#0;&amp#0;&amp#0;&amp#0;&amp#0;&amp#0;&amp#0;&amp#0;&amp#0;&amp#0;&amp#0;&amp#0;&amp#0;&amp#0;&amp#0;&amp#0;&amp#0;&amp#0;&amp#0;&amp#0;&amp#0;&amp#0;&amp#0;&amp#0;&amp#0;&amp#0;&amp#0;&amp#0;&amp#0;&amp#0;&amp#0;&amp#0;&amp#0;&amp#0;&amp#0;&amp#0;&amp#0;&amp#0;&amp#0;&amp#0;&amp#0;&amp#0;&amp#0;&amp#0;&amp#0;&amp#0;&amp#0;&amp#0;&amp#0;&amp#0;&amp#0;&amp#0;&amp#0;&amp#0;&amp#0;&amp#0;&amp#0;&amp#0;&amp#0;&amp#0;&amp#0;&amp#0;&amp#0;&amp#0;&amp#0;&amp#0;&amp#0;&amp#0;&amp#0;&amp#0;&amp#0;&amp#0;&amp#0;&amp#0;&amp#0;&amp#0;&amp#0;&amp#0;&amp#0;&amp#0;&amp#0;&amp#0;&amp#0;&amp#0;&amp#0;&amp#0;&amp#0;&amp#0;&amp#0;&amp#0;&amp#0;&amp#0;&amp#0;&amp#0;&amp#0;&amp#0;&amp#0;&amp#0;&amp#0;&amp#0;&amp#0;&amp#0;&amp#0;&amp#0;&amp#0;&amp#0;&amp#0;&amp#0;&amp#0;&amp#0;&amp#0;&amp#0;&amp#0;&amp#0;&amp#0;&amp#0;&amp#0;&amp#0;&amp#0;&amp#0;&amp#0;&amp#0;&amp#0;&amp#0;&amp#0;&amp#0;&amp#0;&amp#0;&amp#0;&amp#0;&amp#0;&amp#0;&amp#0;&amp#0;&amp#0;&amp#0;&amp#0;&amp#0;&amp#0;&amp#0;&amp#0;&amp#0;&amp#0;&amp#0;&amp#0;&amp#0;&amp#0;&amp#0;&amp#0;&amp#0;&amp#0;&amp#0;&amp#0;&amp#0;&amp#0;&amp#0;&amp#0;&amp#0;&amp#0;&amp#0;&amp#0;&amp#0;&amp#0;&amp#0;&amp#0;&amp#0;&amp#0;&amp#0;&amp#0;&amp#0;&amp#0;&amp#0;&amp#0;&amp#0;&amp#0;&amp#0;&amp#0;&amp#0;&amp#0;&amp#0;&amp#0;&amp#0;&amp#0;&amp#0;&amp#0;&amp#0;&amp#0;&amp#0;&amp#0;&amp#0;&amp#0;&amp#0;&amp#0;&amp#0;&amp#0;&amp#0;&amp#0;&amp#0;&amp#0;&amp#0;&amp#0;&amp#0;&amp#0;&amp#0;&amp#0;&amp#0;&amp#0;&amp#0;&amp#0;&amp#0;&amp#0;���k�0&amp#16;��&amp#7;�&amp#31;��&amp#27;��(#�*%��`c���c��s,bKBw5����c�:�àow�}|�|'��C�f=$t�&amp#23;�r��&amp#12;�
��Bܗ�.��&amp#12;��ʴ�C!���Z��6)DH�&amp#0;3��X��(��D�@gp��g�&amp#14;�3�m��P���m�O&amp#29;x��<��p �&amp#21;T&amp#23;q
&amp#20;c⪧��V�&amp#14;|�P&amp#30;#&amp#3;ku&amp#19;c�!�J���&amp#20;0Ԕ}=Xh�����`����Ε��jkM&amp#11;k&amp#14;ֵi&amp#17;�|&amp#25;�;0��6�%Ԫ�U&amp#15;�B����-E�� &amp#12;8��Mr�&amp#19;c
��9�mDJ�wH{l&amp#0;&amp#8;�d�8<�s�v���d���8&amp#4;� ,�#��Z�_��$�&amp#31;�a�&amp#29;qn6�&amp#31;o
�9��Z�=��Q&amp#2;�k�&amp#25;�+�u��GF��&amp#31;���>��s�y��C�mL��/5�e&amp#26;�;�xj��uc�&amp#14;�g�[ax$&amp#15;㟠/�&amp#22;����?�)����?&amp#0;&amp#0;&amp#0;��&amp#3;&amp#0;PK&amp#1;&amp#2;-&amp#0;&amp#20;&amp#0;&amp#6;&amp#0;&amp#8;&amp#0;&amp#0;&amp#0;!&amp#0;&amp#18;&amp#24;��d&amp#1;&amp#0;&amp#0;&amp#24;&amp#5;&amp#0;&amp#0;&amp#19;&amp#0;&amp#0;&amp#0;&amp#0;&amp#0;&amp#0;&amp#0;&amp#0;&amp#0;&amp#0;&amp#0;&amp#0;&amp#0;&amp#0;&amp#0;&amp#0;&amp#0;[Content_Types].xmlPK&amp#1;&amp#2;-&amp#0;&amp#20;&amp#0;&amp#6;&amp#0;&amp#8;&amp#0;&amp#0;&amp#0;!&amp#0;�U0#�&amp#0;&amp#0;&amp#0;L&amp#2;&amp#0;&amp#0;&amp#11;&amp#0;&amp#0;&amp#0;&amp#0;&amp#0;&amp#0;&amp#0;&amp#0;&amp#0;&amp#0;&amp#0;&amp#0;&amp#0;�&amp#3;&amp#0;&amp#0;_rels/.relsPK&amp#1;&amp#2;-&amp#0;&amp#20;&amp#0;&amp#6;&amp#0;&amp#8;&amp#0;&amp#0;&amp#0;!&amp#0;�N���&amp#3;&amp#0;&amp#0;_	&amp#0;&amp#0;&amp#15;&amp#0;&amp#0;&amp#0;&amp#0;&amp#0;&amp#0;&amp#0;&amp#0;&amp#0;&amp#0;&amp#0;&amp#0;&amp#0;�&amp#6;&amp#0;&amp#0;xl/workbook.xmlPK&amp#1;&amp#2;-&amp#0;&amp#20;&amp#0;&amp#6;&amp#0;&amp#8;&amp#0;&amp#0;&amp#0;!&amp#0;J��a�&amp#0;&amp#0;&amp#0;G&amp#3;&amp#0;&amp#0;&amp#26;&amp#0;&amp#0;&amp#0;&amp#0;&amp#0;&amp#0;&amp#0;&amp#0;&amp#0;&amp#0;&amp#0;&amp#0;&amp#0;�
&amp#0;&amp#0;xl/_rels/workbook.xml.relsPK&amp#1;&amp#2;-&amp#0;&amp#20;&amp#0;&amp#6;&amp#0;&amp#8;&amp#0;&amp#0;&amp#0;!&amp#0;�xO��&amp#3;&amp#0;&amp#0;�&amp#8;&amp#0;&amp#0;&amp#24;&amp#0;&amp#0;&amp#0;&amp#0;&amp#0;&amp#0;&amp#0;&amp#0;&amp#0;&amp#0;&amp#0;&amp#0;&amp#0;�&amp#12;&amp#0;&amp#0;xl/worksheets/sheet1.xmlPK&amp#1;&amp#2;-&amp#0;&amp#20;&amp#0;&amp#6;&amp#0;&amp#8;&amp#0;&amp#0;&amp#0;!&amp#0;���C�&amp#2;&amp#0;&amp#0;�&amp#6;&amp#0;&amp#0;&amp#24;&amp#0;&amp#0;&amp#0;&amp#0;&amp#0;&amp#0;&amp#0;&amp#0;&amp#0;&amp#0;&amp#0;&amp#0;&amp#0;�&amp#16;&amp#0;&amp#0;xl/worksheets/sheet2.xmlPK&amp#1;&amp#2;-&amp#0;&amp#20;&amp#0;&amp#6;&amp#0;&amp#8;&amp#0;&amp#0;&amp#0;!&amp#0;�&amp#23;&amp#16;�N&amp#7;&amp#0;&amp#0;� &amp#0;&amp#0;&amp#19;&amp#0;&amp#0;&amp#0;&amp#0;&amp#0;&amp#0;&amp#0;&amp#0;&amp#0;&amp#0;&amp#0;&amp#0;&amp#0;&amp#2;&amp#20;&amp#0;&amp#0;xl/theme/theme1.xmlPK&amp#1;&amp#2;-&amp#0;&amp#20;&amp#0;&amp#6;&amp#0;&amp#8;&amp#0;&amp#0;&amp#0;!&amp#0;&amp#6;}&amp#23;y�&amp#3;&amp#0;&amp#0;�
&amp#0;&amp#0;
&amp#0;&amp#0;&amp#0;&amp#0;&amp#0;&amp#0;&amp#0;&amp#0;&amp#0;&amp#0;&amp#0;&amp#0;&amp#0;�&amp#27;&amp#0;&amp#0;xl/styles.xmlPK&amp#1;&amp#2;-&amp#0;&amp#20;&amp#0;&amp#6;&amp#0;&amp#8;&amp#0;&amp#0;&amp#0;!&amp#0;�"� 6&amp#1;&amp#0;&amp#0;A&amp#2;&amp#0;&amp#0;&amp#20;&amp#0;&amp#0;&amp#0;&amp#0;&amp#0;&amp#0;&amp#0;&amp#0;&amp#0;&amp#0;&amp#0;&amp#0;&amp#0;Y&amp#31;&amp#0;&amp#0;xl/sharedStrings.xmlPK&amp#1;&amp#2;-&amp#0;&amp#20;&amp#0;&amp#6;&amp#0;&amp#8;&amp#0;&amp#0;&amp#0;!&amp#0;�����&amp#0;&amp#0;&amp#0;V&amp#1;&amp#0;&amp#0;#&amp#0;&amp#0;&amp#0;&amp#0;&amp#0;&amp#0;&amp#0;&amp#0;&amp#0;&amp#0;&amp#0;&amp#0;&amp#0;� &amp#0;&amp#0;xl/worksheets/_rels/sheet1.xml.relsPK&amp#1;&amp#2;-&amp#0;&amp#20;&amp#0;&amp#6;&amp#0;&amp#8;&amp#0;&amp#0;&amp#0;!&amp#0;|��{R&amp#1;&amp#0;&amp#0;�&amp#2;&amp#0;&amp#0;&amp#17;&amp#0;&amp#0;&amp#0;&amp#0;&amp#0;&amp#0;&amp#0;&amp#0;&amp#0;&amp#0;&amp#0;&amp#0;&amp#0;�!&amp#0;&amp#0;docProps/core.xmlPK&amp#1;&amp#2;-&amp#0;&amp#20;&amp#0;&amp#6;&amp#0;&amp#8;&amp#0;&amp#0;&amp#0;!&amp#0;e�3�&amp#1;&amp#0;&amp#0;9&amp#3;&amp#0;&amp#0;&amp#16;&amp#0;&amp#0;&amp#0;&amp#0;&amp#0;&amp#0;&amp#0;&amp#0;&amp#0;&amp#0;&amp#0;&amp#0;&amp#0;h$&amp#0;&amp#0;docProps/app.xmlPK&amp#5;&amp#6;&amp#0;&amp#0;&amp#0;&amp#0;&amp#12;&amp#0;&amp#12;&amp#0;&amp#23;&amp#3;&amp#0;&amp#0;2'&amp#0;&amp#0;&amp#0;&amp#0;

[main] INFO com.shaft.tools.io.ReportManagerHelper - [ReportManager] Setting discrete logging to: "true" @12-10-2022 15:58:07.0402 PM
[main] INFO com.shaft.tools.io.ReportManagerHelper - [ReportManager] Response status code: "400", status line: "HTTP/1.1 400 Bad Request" @12-10-2022 15:58:07.0402 PM
[main] INFO com.shaft.tools.io.ReportManagerHelper - [ReportManager] Setting discrete logging to: "false" @12-10-2022 15:58:07.0409 PM
[main] INFO com.shaft.tools.io.ReportManagerHelper - [ReportManager] Successfully created attachment "API Request - Specifications" @12-10-2022 15:58:08.0256 PM
[main] INFO com.shaft.tools.io.ReportManagerHelper - [ReportManager] Debugging Attachment Entry @12-10-2022 15:58:08.0256 PM
Headers:
_______________

Content-Type=application/x-www-form-urlencoded


[main] INFO com.shaft.tools.io.ReportManagerHelper - [ReportManager] Successfully created attachment "API Response - JSON Body" @12-10-2022 15:58:08.0440 PM
[main] INFO com.shaft.tools.io.ReportManagerHelper - [ReportManager] Debugging Attachment Entry @12-10-2022 15:58:08.0441 PM
{
  "error_description": "Missing form parameter: grant_type",
  "error": "invalid_request"
}

[main] INFO com.shaft.tools.io.ReportManagerHelper - [ReportManager] Get response jsonvalue "error_description". @12-10-2022 15:58:08.0559 PM
[main] INFO com.shaft.tools.io.ReportManagerHelper - [ReportManager] File Action "DoesFileExist" successfully performed. With the following test data "File Path: "Token_Unauthorized_schema.json"". @12-10-2022 15:58:08.0560 PM
[main] INFO com.shaft.tools.io.ReportManagerHelper - [ReportManager] File Action "DoesFileExist" successfully performed. With the following test data "File Path: "src/test/resources/testDataFiles/Token_Unauthorized_schema.json"". @12-10-2022 15:58:08.0560 PM
[main] INFO com.shaft.tools.io.ReportManagerHelper - [ReportManager] File Action "GetAbsolutePath" successfully performed. With the following test data "Relative Folder Path: "src/test/resources/testDataFiles/Token_Unauthorized_schema.json"". @12-10-2022 15:58:08.0560 PM
[main] INFO com.shaft.tools.io.ReportManagerHelper - [ReportManager] File Action "DoesFileExist" successfully performed. With the following test data "File Path: "C:\eclipse-workspace\MyProjects\TASystemsAPIs\src\test\resources\testDataFiles\Token_Unauthorized_schema.json"". @12-10-2022 15:58:09.0270 PM
[main] INFO com.shaft.tools.io.ReportManagerHelper - [ReportManager] File Action "GetAbsolutePath" successfully performed. With the following test data "Relative Folder Path: "C:\eclipse-workspace\MyProjects\TASystemsAPIs\src\test\resources\testDataFiles\Token_Unauthorized_schema.json"". @12-10-2022 15:58:09.0270 PM
[main] INFO com.shaft.tools.io.ReportManagerHelper - [ReportManager] File Action "ReadFromFile" successfully performed. With the following test data "File Path: "C:\eclipse-workspace\MyProjects\TASystemsAPIs\src\test\resources\testDataFiles\Token_Unauthorized_schema.json"". @12-10-2022 15:58:09.0271 PM
[main] INFO com.shaft.tools.io.ReportManagerHelper - [ReportManager] Successfully created attachment "Validation Test Data - Expected JSON Value" @12-10-2022 15:58:09.0275 PM
[main] INFO com.shaft.tools.io.ReportManagerHelper - [ReportManager] Debugging Attachment Entry @12-10-2022 15:58:09.0275 PM
{
  "$schema": "http://json-schema.org/draft-06/schema#",
  "$ref": "#/definitions/Welcome10",
  "definitions": {
    "Welcome10": {
      "additionalProperties": false,
      "type": "object",
      "title": "Welcome10",
      "properties": {
        "error_description": {
          "type": "string"
        },
        "error": {
          "type": "string"
        }
      },
      "required": [
        "error",
        "error_description"
      ]
    }
  }
}

[main] INFO com.shaft.tools.io.ReportManagerHelper - [ReportManager] Successfully created attachment "Validation Test Data - Actual JSON Value" @12-10-2022 15:58:09.0276 PM
[main] INFO com.shaft.tools.io.ReportManagerHelper - [ReportManager] Debugging Attachment Entry @12-10-2022 15:58:09.0276 PM
{
  "error_description": "Missing form parameter: grant_type",
  "error": "invalid_request"
}

[main] INFO com.shaft.tools.io.ReportManagerHelper - [ReportManager] Successfully created attachment "SHAFT Engine Logs - Current Method log: Bad_Token_RQ_TC" @12-10-2022 15:58:09.0280 PM
[main] INFO com.shaft.tools.io.ReportManagerHelper - [ReportManager] Setting discrete logging to: "false" @12-10-2022 15:58:09.0280 PM
]]></system-err>
  </testcase>
  <testcase name="InValid_Token_RQ_TC" classname="SteeringCompanyAPI_TestCases.Test_Case" time="0.773">
    <system-out><![CDATA[
################################################################################################################################################
Starting Execution:	"2 out of 3" test cases in the current suite
Test Method:		"SteeringCompanyAPI_TestCases.Test_Case.InValid_Token_RQ_TC"
Test Description:	"TC002 - Peform Post Token API with Invalid user name and password"
################################################################################################################################################
[ReportManager] Loaded Test Data: "src/test/resources/testDataFiles/SteeringCompanyAPI_TestData/SteeringCompanyAPI_TestData.xlsx". @12-10-2022 15:58:09.0383 PM
[ReportManager] Assertion Passed: Evaluating the actual response status code against the expected one... @12-10-2022 15:58:10.0099 PM
[ReportManager] Perform request "POST | Target Status Code: 401 | Service URL: https://auth-demo.np.transporticonline.com/auth/realms/tic/protocol/openid-connect/token | Content Type: application/x-www-form-urlencoded | Response Time: 703ms". @12-10-2022 15:58:10.0116 PM
[ReportManager] Assertion Passed: Check Response Status Code is 401 and it is Unauthorized. @12-10-2022 15:58:10.0120 PM
[ReportManager] Assertion Passed: Check error_description is existed. @12-10-2022 15:58:10.0120 PM
[ReportManager] Assertion Passed: Check error_description is not null. @12-10-2022 15:58:10.0121 PM
[ReportManager] Assertion Passed: Unauthorized Token Schema is matched with Unauthorized schema. @12-10-2022 15:58:10.0126 PM
[ReportManager] Verification Passed: "703" is greater than or equal to "1.1". @12-10-2022 15:58:10.0129 PM
[ReportManager] Verification Passed: "703" is less than or equal to "10000". @12-10-2022 15:58:10.0129 PM
]]></system-out>
    <system-err><![CDATA[[main] INFO com.shaft.tools.io.ReportManagerHelper - [ReportManager] Setting discrete logging to: "false" @12-10-2022 15:58:09.0358 PM
[main] INFO com.shaft.tools.io.ReportManagerHelper - [ReportManager] Setting discrete logging to: "false" @12-10-2022 15:58:09.0359 PM
[main] INFO com.shaft.tools.io.ReportManagerHelper - [ReportManager] File Action "DoesFileExist" successfully performed. With the following test data "File Path: "SteeringCompanyAPI_TestData/SteeringCompanyAPI_TestData.xlsx"". @12-10-2022 15:58:09.0359 PM
[main] INFO com.shaft.tools.io.ReportManagerHelper - [ReportManager] Successfully created attachment "Test Data - Excel" @12-10-2022 15:58:09.0386 PM
[main] INFO com.shaft.tools.io.ReportManagerHelper - [ReportManager] Debugging Attachment Entry @12-10-2022 15:58:09.0386 PM
PK&amp#3;&amp#4;&amp#20;&amp#0;&amp#6;&amp#0;&amp#8;&amp#0;&amp#0;&amp#0;!&amp#0;&amp#18;&amp#24;��d&amp#1;&amp#0;&amp#0;&amp#24;&amp#5;&amp#0;&amp#0;&amp#19;&amp#0;&amp#8;&amp#2;[Content_Types].xml �&amp#4;&amp#2;(�&amp#0;&amp#2;&amp#0;&amp#0;&amp#0;&amp#0;&amp#0;&amp#0;&amp#0;&amp#0;&amp#0;&amp#0;&amp#0;&amp#0;&amp#0;&amp#0;&amp#0;&amp#0;&amp#0;&amp#0;&amp#0;&amp#0;&amp#0;&amp#0;&amp#0;&amp#0;&amp#0;&amp#0;&amp#0;&amp#0;&amp#0;&amp#0;&amp#0;&amp#0;&amp#0;&amp#0;&amp#0;&amp#0;&amp#0;&amp#0;&amp#0;&amp#0;&amp#0;&amp#0;&amp#0;&amp#0;&amp#0;&amp#0;&amp#0;&amp#0;&amp#0;&amp#0;&amp#0;&amp#0;&amp#0;&amp#0;&amp#0;&amp#0;&amp#0;&amp#0;&amp#0;&amp#0;&amp#0;&amp#0;&amp#0;&amp#0;&amp#0;&amp#0;&amp#0;&amp#0;&amp#0;&amp#0;&amp#0;&amp#0;&amp#0;&amp#0;&amp#0;&amp#0;&amp#0;&amp#0;&amp#0;&amp#0;&amp#0;&amp#0;&amp#0;&amp#0;&amp#0;&amp#0;&amp#0;&amp#0;&amp#0;&amp#0;&amp#0;&amp#0;&amp#0;&amp#0;&amp#0;&amp#0;&amp#0;&amp#0;&amp#0;&amp#0;&amp#0;&amp#0;&amp#0;&amp#0;&amp#0;&amp#0;&amp#0;&amp#0;&amp#0;&amp#0;&amp#0;&amp#0;&amp#0;&amp#0;&amp#0;&amp#0;&amp#0;&amp#0;&amp#0;&amp#0;&amp#0;&amp#0;&amp#0;&amp#0;&amp#0;&amp#0;&amp#0;&amp#0;&amp#0;&amp#0;&amp#0;&amp#0;&amp#0;&amp#0;&amp#0;&amp#0;&amp#0;&amp#0;&amp#0;&amp#0;&amp#0;&amp#0;&amp#0;&amp#0;&amp#0;&amp#0;&amp#0;&amp#0;&amp#0;&amp#0;&amp#0;&amp#0;&amp#0;&amp#0;&amp#0;&amp#0;&amp#0;&amp#0;&amp#0;&amp#0;&amp#0;&amp#0;&amp#0;&amp#0;&amp#0;&amp#0;&amp#0;&amp#0;&amp#0;&amp#0;&amp#0;&amp#0;&amp#0;&amp#0;&amp#0;&amp#0;&amp#0;&amp#0;&amp#0;&amp#0;&amp#0;&amp#0;&amp#0;&amp#0;&amp#0;&amp#0;&amp#0;&amp#0;&amp#0;&amp#0;&amp#0;&amp#0;&amp#0;&amp#0;&amp#0;&amp#0;&amp#0;&amp#0;&amp#0;&amp#0;&amp#0;&amp#0;&amp#0;&amp#0;&amp#0;&amp#0;&amp#0;&amp#0;&amp#0;&amp#0;&amp#0;&amp#0;&amp#0;&amp#0;&amp#0;&amp#0;&amp#0;&amp#0;&amp#0;&amp#0;&amp#0;&amp#0;&amp#0;&amp#0;&amp#0;&amp#0;&amp#0;&amp#0;&amp#0;&amp#0;&amp#0;&amp#0;&amp#0;&amp#0;&amp#0;&amp#0;&amp#0;&amp#0;&amp#0;&amp#0;&amp#0;&amp#0;&amp#0;&amp#0;&amp#0;&amp#0;&amp#0;&amp#0;&amp#0;&amp#0;&amp#0;&amp#0;&amp#0;&amp#0;&amp#0;&amp#0;&amp#0;&amp#0;&amp#0;&amp#0;&amp#0;&amp#0;&amp#0;&amp#0;&amp#0;&amp#0;&amp#0;&amp#0;&amp#0;&amp#0;&amp#0;&amp#0;&amp#0;&amp#0;&amp#0;&amp#0;&amp#0;&amp#0;&amp#0;&amp#0;&amp#0;&amp#0;&amp#0;&amp#0;&amp#0;&amp#0;&amp#0;&amp#0;&amp#0;&amp#0;&amp#0;&amp#0;&amp#0;&amp#0;&amp#0;&amp#0;&amp#0;&amp#0;&amp#0;&amp#0;&amp#0;&amp#0;&amp#0;&amp#0;&amp#0;&amp#0;&amp#0;&amp#0;&amp#0;&amp#0;&amp#0;&amp#0;&amp#0;&amp#0;&amp#0;&amp#0;&amp#0;&amp#0;&amp#0;&amp#0;&amp#0;&amp#0;&amp#0;&amp#0;&amp#0;&amp#0;&amp#0;&amp#0;&amp#0;&amp#0;&amp#0;&amp#0;&amp#0;&amp#0;&amp#0;&amp#0;&amp#0;&amp#0;&amp#0;&amp#0;&amp#0;&amp#0;&amp#0;&amp#0;&amp#0;&amp#0;&amp#0;&amp#0;&amp#0;&amp#0;&amp#0;&amp#0;&amp#0;&amp#0;&amp#0;&amp#0;&amp#0;&amp#0;&amp#0;&amp#0;&amp#0;&amp#0;&amp#0;&amp#0;&amp#0;&amp#0;&amp#0;&amp#0;&amp#0;&amp#0;&amp#0;&amp#0;&amp#0;&amp#0;&amp#0;&amp#0;&amp#0;&amp#0;&amp#0;&amp#0;&amp#0;&amp#0;&amp#0;&amp#0;&amp#0;&amp#0;&amp#0;&amp#0;&amp#0;&amp#0;&amp#0;&amp#0;&amp#0;&amp#0;&amp#0;&amp#0;&amp#0;&amp#0;&amp#0;&amp#0;&amp#0;&amp#0;&amp#0;&amp#0;&amp#0;&amp#0;&amp#0;&amp#0;&amp#0;&amp#0;&amp#0;&amp#0;&amp#0;&amp#0;&amp#0;&amp#0;&amp#0;&amp#0;&amp#0;&amp#0;&amp#0;&amp#0;&amp#0;&amp#0;&amp#0;&amp#0;&amp#0;&amp#0;&amp#0;&amp#0;&amp#0;&amp#0;&amp#0;&amp#0;&amp#0;&amp#0;&amp#0;&amp#0;&amp#0;&amp#0;&amp#0;&amp#0;&amp#0;&amp#0;&amp#0;&amp#0;&amp#0;&amp#0;&amp#0;&amp#0;&amp#0;&amp#0;&amp#0;&amp#0;&amp#0;&amp#0;&amp#0;&amp#0;&amp#0;&amp#0;&amp#0;&amp#0;&amp#0;&amp#0;&amp#0;&amp#0;&amp#0;&amp#0;&amp#0;&amp#0;&amp#0;&amp#0;&amp#0;&amp#0;&amp#0;&amp#0;&amp#0;&amp#0;&amp#0;&amp#0;&amp#0;&amp#0;&amp#0;&amp#0;&amp#0;&amp#0;&amp#0;&amp#0;&amp#0;&amp#0;&amp#0;&amp#0;&amp#0;&amp#0;&amp#0;&amp#0;&amp#0;&amp#0;&amp#0;&amp#0;&amp#0;&amp#0;&amp#0;&amp#0;&amp#0;&amp#0;&amp#0;&amp#0;&amp#0;&amp#0;&amp#0;&amp#0;Ĕ�n�0&amp#12;���&amp#14;U�S&amp#27;�0M&amp#19;���&amp#28;7��&amp#7;�&amp#26;C#�$�
���&amp#27;`��&amp#14;�@ڥQ&amp#27;��~qc&amp#15;���f+�h�+E��&amp#12;\�q�R�O��;�!)���&amp#14;J�&amp#1;&amp#20;����p�	�&amp#25;g;,EM&amp#20;�Ī�Fa�&amp#3;8ޙ��(��8�AU&amp#11;5&amp#7;9��ne�&amp#29;���Z
1&amp#26;>�L--eOk��%�`Qd&amp#15;��֫&amp#20;*&amp#4;k*EL*WN�r�w&amp#14;&amp#5;g�&amp#24;�M�&amp#27;�&amp#16;�ӡ���`��ʥ�FC6Q�^T�&amp#24;rm姏�&amp#15;�&amp#23;�a�&amp#14;J?��
���
W��&amp#16;Ai�&amp#1;��EZ�F&amp#25;��>���Q��a��|I�D��?q&amp#16;�;��y~)�̑�#m,�&amp#18;=�\�&amp#8;��"w��&amp#1;~j&amp#31;���;�> wr�ӫ�o�6;&amp#15;,&amp#4;�&amp#12;|7kץ�v�)pv١�3&amp#26;t��Lsm�&amp#5;&amp#0;&amp#0;��&amp#3;&amp#0;PK&amp#3;&amp#4;&amp#20;&amp#0;&amp#6;&amp#0;&amp#8;&amp#0;&amp#0;&amp#0;!&amp#0;�U0#�&amp#0;&amp#0;&amp#0;L&amp#2;&amp#0;&amp#0;&amp#11;&amp#0;&amp#8;&amp#2;_rels/.rels �&amp#4;&amp#2;(�&amp#0;&amp#2;&amp#0;&amp#0;&amp#0;&amp#0;&amp#0;&amp#0;&amp#0;&amp#0;&amp#0;&amp#0;&amp#0;&amp#0;&amp#0;&amp#0;&amp#0;&amp#0;&amp#0;&amp#0;&amp#0;&amp#0;&amp#0;&amp#0;&amp#0;&amp#0;&amp#0;&amp#0;&amp#0;&amp#0;&amp#0;&amp#0;&amp#0;&amp#0;&amp#0;&amp#0;&amp#0;&amp#0;&amp#0;&amp#0;&amp#0;&amp#0;&amp#0;&amp#0;&amp#0;&amp#0;&amp#0;&amp#0;&amp#0;&amp#0;&amp#0;&amp#0;&amp#0;&amp#0;&amp#0;&amp#0;&amp#0;&amp#0;&amp#0;&amp#0;&amp#0;&amp#0;&amp#0;&amp#0;&amp#0;&amp#0;&amp#0;&amp#0;&amp#0;&amp#0;&amp#0;&amp#0;&amp#0;&amp#0;&amp#0;&amp#0;&amp#0;&amp#0;&amp#0;&amp#0;&amp#0;&amp#0;&amp#0;&amp#0;&amp#0;&amp#0;&amp#0;&amp#0;&amp#0;&amp#0;&amp#0;&amp#0;&amp#0;&amp#0;&amp#0;&amp#0;&amp#0;&amp#0;&amp#0;&amp#0;&amp#0;&amp#0;&amp#0;&amp#0;&amp#0;&amp#0;&amp#0;&amp#0;&amp#0;&amp#0;&amp#0;&amp#0;&amp#0;&amp#0;&amp#0;&amp#0;&amp#0;&amp#0;&amp#0;&amp#0;&amp#0;&amp#0;&amp#0;&amp#0;&amp#0;&amp#0;&amp#0;&amp#0;&amp#0;&amp#0;&amp#0;&amp#0;&amp#0;&amp#0;&amp#0;&amp#0;&amp#0;&amp#0;&amp#0;&amp#0;&amp#0;&amp#0;&amp#0;&amp#0;&amp#0;&amp#0;&amp#0;&amp#0;&amp#0;&amp#0;&amp#0;&amp#0;&amp#0;&amp#0;&amp#0;&amp#0;&amp#0;&amp#0;&amp#0;&amp#0;&amp#0;&amp#0;&amp#0;&amp#0;&amp#0;&amp#0;&amp#0;&amp#0;&amp#0;&amp#0;&amp#0;&amp#0;&amp#0;&amp#0;&amp#0;&amp#0;&amp#0;&amp#0;&amp#0;&amp#0;&amp#0;&amp#0;&amp#0;&amp#0;&amp#0;&amp#0;&amp#0;&amp#0;&amp#0;&amp#0;&amp#0;&amp#0;&amp#0;&amp#0;&amp#0;&amp#0;&amp#0;&amp#0;&amp#0;&amp#0;&amp#0;&amp#0;&amp#0;&amp#0;&amp#0;&amp#0;&amp#0;&amp#0;&amp#0;&amp#0;&amp#0;&amp#0;&amp#0;&amp#0;&amp#0;&amp#0;&amp#0;&amp#0;&amp#0;&amp#0;&amp#0;&amp#0;&amp#0;&amp#0;&amp#0;&amp#0;&amp#0;&amp#0;&amp#0;&amp#0;&amp#0;&amp#0;&amp#0;&amp#0;&amp#0;&amp#0;&amp#0;&amp#0;&amp#0;&amp#0;&amp#0;&amp#0;&amp#0;&amp#0;&amp#0;&amp#0;&amp#0;&amp#0;&amp#0;&amp#0;&amp#0;&amp#0;&amp#0;&amp#0;&amp#0;&amp#0;&amp#0;&amp#0;&amp#0;&amp#0;&amp#0;&amp#0;&amp#0;&amp#0;&amp#0;&amp#0;&amp#0;&amp#0;&amp#0;&amp#0;&amp#0;&amp#0;&amp#0;&amp#0;&amp#0;&amp#0;&amp#0;&amp#0;&amp#0;&amp#0;&amp#0;&amp#0;&amp#0;&amp#0;&amp#0;&amp#0;&amp#0;&amp#0;&amp#0;&amp#0;&amp#0;&amp#0;&amp#0;&amp#0;&amp#0;&amp#0;&amp#0;&amp#0;&amp#0;&amp#0;&amp#0;&amp#0;&amp#0;&amp#0;&amp#0;&amp#0;&amp#0;&amp#0;&amp#0;&amp#0;&amp#0;&amp#0;&amp#0;&amp#0;&amp#0;&amp#0;&amp#0;&amp#0;&amp#0;&amp#0;&amp#0;&amp#0;&amp#0;&amp#0;&amp#0;&amp#0;&amp#0;&amp#0;&amp#0;&amp#0;&amp#0;&amp#0;&amp#0;&amp#0;&amp#0;&amp#0;&amp#0;&amp#0;&amp#0;&amp#0;&amp#0;&amp#0;&amp#0;&amp#0;&amp#0;&amp#0;&amp#0;&amp#0;&amp#0;&amp#0;&amp#0;&amp#0;&amp#0;&amp#0;&amp#0;&amp#0;&amp#0;&amp#0;&amp#0;&amp#0;&amp#0;&amp#0;&amp#0;&amp#0;&amp#0;&amp#0;&amp#0;&amp#0;&amp#0;&amp#0;&amp#0;&amp#0;&amp#0;&amp#0;&amp#0;&amp#0;&amp#0;&amp#0;&amp#0;&amp#0;&amp#0;&amp#0;&amp#0;&amp#0;&amp#0;&amp#0;&amp#0;&amp#0;&amp#0;&amp#0;&amp#0;&amp#0;&amp#0;&amp#0;&amp#0;&amp#0;&amp#0;&amp#0;&amp#0;&amp#0;&amp#0;&amp#0;&amp#0;&amp#0;&amp#0;&amp#0;&amp#0;&amp#0;&amp#0;&amp#0;&amp#0;&amp#0;&amp#0;&amp#0;&amp#0;&amp#0;&amp#0;&amp#0;&amp#0;&amp#0;&amp#0;&amp#0;&amp#0;&amp#0;&amp#0;&amp#0;&amp#0;&amp#0;&amp#0;&amp#0;&amp#0;&amp#0;&amp#0;&amp#0;&amp#0;&amp#0;&amp#0;&amp#0;&amp#0;&amp#0;&amp#0;&amp#0;&amp#0;&amp#0;&amp#0;&amp#0;&amp#0;&amp#0;&amp#0;&amp#0;&amp#0;&amp#0;&amp#0;&amp#0;&amp#0;&amp#0;&amp#0;&amp#0;&amp#0;&amp#0;&amp#0;&amp#0;&amp#0;&amp#0;&amp#0;&amp#0;&amp#0;&amp#0;&amp#0;&amp#0;&amp#0;&amp#0;&amp#0;&amp#0;&amp#0;&amp#0;&amp#0;&amp#0;&amp#0;&amp#0;&amp#0;&amp#0;&amp#0;&amp#0;&amp#0;&amp#0;&amp#0;&amp#0;&amp#0;&amp#0;&amp#0;&amp#0;&amp#0;&amp#0;&amp#0;&amp#0;&amp#0;&amp#0;&amp#0;&amp#0;&amp#0;&amp#0;&amp#0;&amp#0;&amp#0;&amp#0;&amp#0;&amp#0;&amp#0;&amp#0;&amp#0;&amp#0;&amp#0;&amp#0;��MO�0&amp#12;��H�����ݐ&amp#16;BKwAH�!T~�I�&amp#15;���$&amp#27;ݿ'&amp#28;&amp#16;T&amp#26;�&amp#3;G�~����<���!��4��&amp#18;&amp#20;;#�w����qu&amp#7;*&r�Fq���&amp#17;v�����GJy(v��*����K��#F��D�&amp#16;�.W&amp#26;	&amp#19;�&amp#28;�&amp#22;=��Z�MY�b��&amp#1;�BS���7��ϛז��
?�9L�ҙ&amp#21;�sbgٮ|�l!��&amp#26;USh9i�b�r:"y_dl��D��&amp#19;�|-N��R"4&amp#18;�2�G�%��Z�4�˝y�7	ë��ɂ�&amp#31;��&amp#1;&amp#0;&amp#0;��&amp#3;&amp#0;PK&amp#3;&amp#4;&amp#20;&amp#0;&amp#6;&amp#0;&amp#8;&amp#0;&amp#0;&amp#0;!&amp#0;�N���&amp#3;&amp#0;&amp#0;_	&amp#0;&amp#0;&amp#15;&amp#0;&amp#0;&amp#0;xl/workbook.xml�Umo�8&amp#16;�~���(���!	&amp#16;&amp#21;Vy!�Je�h����*㘒#�s�S@���&amp#29;&amp#7;B�r:q�C�`{����g&�_ve��R.rV�ttc�&amp#26;�&amp#8;���e���&�@ׄ�U�&amp#11;Vё��B�2����-�%c&amp#27;
&amp#0;*1��R־i
��%&amp#22;7��&amp#21;�&amp#24;/��)1E�)�ĚRY&amp#22;�mY�Y��&amp#15;&amp#8;>�&amp#6;��V9�1#MI+y&amp#0;��&amp#18;�u^�&amp#14;�$����o�� ��&amp#1;b�&amp#23;�ܷ��V&amp#18;��b&amp#28;/&amp#11;p{�\m����&amp#15;Y0��M�uqU�&amp#19;�&amp#4;[�&amp#27;�6&amp#15;�/�G��Ї&amp#16;�.cp&amp#29;�cr���&amp#28;�Xq�&amp#19;��&amp#14;���FC �V+>&amp#4;�h��oWyA&amp#31;&amp#15;��p]ť�T�k&amp#5;&amp#22;r��f#�&amp#15;S��&amp#31;&amp#22;xS�M^���z�P7�'9ϸ��&amp#21;n
���;x�&amp#12;�&amp#27;ڮ�&amp#4;a&amp#4;���F���ã_?��&amp#22;;Z3P�6�79�PX�/�&amp#21;FL|�&amp#20;3,�ZË�&amp#30;�&amp#11;J
�<5T1�&amp#26;&amp#19;���g��E�&amp#20;�4x�&amp#11;IK&amp#17;���Bp��&amp#16;�&amp#5;���&amp#19;*�i�%N �b� )�P��*�j&amp#15;��S�W&amp#6;�3�����&amp#15;j�D�Є&amp#24;&amp#30;�<��1��.�;E�$���]|&amp#15;Y}���cPRvl&amp#1;w�D�{�&amp#8;���[&amp#28;8��űa&amp#15;&amp#2;�p&amp#2;�6�A��� ���&amp#14;�~�
��O&amp#24;n��(&amp#31;&amp#5;=�&amp#29;����&amp#20;�&amp#29;d�M���x��&amp#31;C=&amp#24;��o�a�(&amp#31;s�&amp#21;�BSSm��W&amp#25;ێt&amp#3;Y�h�&amp#31;��v�)��&amp#26;��&amp#3;���a�7����1�&amp#29;����_i����\�&amp#21;ϑ��&amp#14;Q?F�m��^�p���&amp#8;�!&amp#12;Iҏ���Dq��3�&amp#8;�
&amp#26;��O�j�J�A	&amp#1;�&amp#5;�}�A�5�[�]�����)���\Ag&amp#7;�q�&amp#14;ڭ&amp#26;�&amp#27;	.&amp#8;ԟz�7&amp#12;�u(N���B�o�	���3�XA�&amp#26;:�5鹆3&amp#24;�����F�����O�I�D�w��t�&amp#2;�X�1�)�d&amp#3;53��&amp#16;&amp#11;Pf&amp#27;	&amp#19;x��
�Ah������p��2��s&amp#12;7Nzn&amp#31;��ą4td���O�ǁٞ�X6P�m�s_��q���:,&amp#28;S����y�2s<�o�&amp#15;�}A�4N&amp#30;�4��N�镶����)��8��qp�}0�&amp#7;��?�+�&amp#12;�!�jlejv2&amp#25;&amp#7;&amp#0;&amp#0;��&amp#3;&amp#0;PK&amp#3;&amp#4;&amp#20;&amp#0;&amp#6;&amp#0;&amp#8;&amp#0;&amp#0;&amp#0;!&amp#0;J��a�&amp#0;&amp#0;&amp#0;G&amp#3;&amp#0;&amp#0;&amp#26;&amp#0;&amp#8;&amp#1;xl/_rels/workbook.xml.rels �&amp#4;&amp#1;(�&amp#0;&amp#1;&amp#0;&amp#0;&amp#0;&amp#0;&amp#0;&amp#0;&amp#0;&amp#0;&amp#0;&amp#0;&amp#0;&amp#0;&amp#0;&amp#0;&amp#0;&amp#0;&amp#0;&amp#0;&amp#0;&amp#0;&amp#0;&amp#0;&amp#0;&amp#0;&amp#0;&amp#0;&amp#0;&amp#0;&amp#0;&amp#0;&amp#0;&amp#0;&amp#0;&amp#0;&amp#0;&amp#0;&amp#0;&amp#0;&amp#0;&amp#0;&amp#0;&amp#0;&amp#0;&amp#0;&amp#0;&amp#0;&amp#0;&amp#0;&amp#0;&amp#0;&amp#0;&amp#0;&amp#0;&amp#0;&amp#0;&amp#0;&amp#0;&amp#0;&amp#0;&amp#0;&amp#0;&amp#0;&amp#0;&amp#0;&amp#0;&amp#0;&amp#0;&amp#0;&amp#0;&amp#0;&amp#0;&amp#0;&amp#0;&amp#0;&amp#0;&amp#0;&amp#0;&amp#0;&amp#0;&amp#0;&amp#0;&amp#0;&amp#0;&amp#0;&amp#0;&amp#0;&amp#0;&amp#0;&amp#0;&amp#0;&amp#0;&amp#0;&amp#0;&amp#0;&amp#0;&amp#0;&amp#0;&amp#0;&amp#0;&amp#0;&amp#0;&amp#0;&amp#0;&amp#0;&amp#0;&amp#0;&amp#0;&amp#0;&amp#0;&amp#0;&amp#0;&amp#0;&amp#0;&amp#0;&amp#0;&amp#0;&amp#0;&amp#0;&amp#0;&amp#0;&amp#0;&amp#0;&amp#0;&amp#0;&amp#0;&amp#0;&amp#0;&amp#0;&amp#0;&amp#0;&amp#0;&amp#0;&amp#0;&amp#0;&amp#0;&amp#0;&amp#0;&amp#0;&amp#0;&amp#0;&amp#0;&amp#0;&amp#0;&amp#0;&amp#0;&amp#0;&amp#0;&amp#0;&amp#0;&amp#0;&amp#0;&amp#0;&amp#0;&amp#0;&amp#0;&amp#0;&amp#0;&amp#0;&amp#0;&amp#0;&amp#0;&amp#0;&amp#0;&amp#0;&amp#0;&amp#0;&amp#0;&amp#0;&amp#0;&amp#0;&amp#0;&amp#0;&amp#0;&amp#0;&amp#0;&amp#0;&amp#0;&amp#0;&amp#0;&amp#0;&amp#0;&amp#0;&amp#0;&amp#0;&amp#0;&amp#0;&amp#0;&amp#0;&amp#0;&amp#0;&amp#0;&amp#0;&amp#0;&amp#0;&amp#0;&amp#0;&amp#0;&amp#0;&amp#0;&amp#0;&amp#0;&amp#0;&amp#0;&amp#0;&amp#0;&amp#0;&amp#0;&amp#0;&amp#0;&amp#0;&amp#0;&amp#0;&amp#0;&amp#0;&amp#0;&amp#0;&amp#0;&amp#0;&amp#0;&amp#0;&amp#0;&amp#0;&amp#0;&amp#0;&amp#0;&amp#0;&amp#0;&amp#0;&amp#0;&amp#0;&amp#0;&amp#0;&amp#0;&amp#0;&amp#0;&amp#0;&amp#0;&amp#0;&amp#0;&amp#0;&amp#0;&amp#0;&amp#0;&amp#0;&amp#0;&amp#0;&amp#0;&amp#0;&amp#0;&amp#0;&amp#0;&amp#0;&amp#0;&amp#0;&amp#0;&amp#0;���j�0&amp#12;��ѽq��P�:{)����&amp#7;0�&amp#18;�Mlc�?y����6���У$4�1�f�9��&amp#29;#u�)(�&amp#28;&amp#4;�ڛε
^�OW� ��3��&amp#14;&amp#21;�H��./6��kNOd�@"�8R`�Ã�T[&amp#28;4e>�K���As&amp#26;c+��&amp#15;�EY�����5��i��Q&amp#16;w�&amp#26;�~&amp#12;��om�4]���~&amp#27;��&amp#25;&amp#11;ɉ&amp#11;���-��i�^&amp#22;Y&amp#2;&amp#5;y��\����&amp#3;YD>q&amp#28;W$�K�&amp#4;S�3�b2�k�&amp#17;�&amp#11;�T>:�3[/%s�*&amp#12;�}���+4�?�rV��&amp#11;&amp#0;&amp#0;��&amp#3;&amp#0;PK&amp#3;&amp#4;&amp#20;&amp#0;&amp#6;&amp#0;&amp#8;&amp#0;&amp#0;&amp#0;!&amp#0;�xO��&amp#3;&amp#0;&amp#0;�&amp#8;&amp#0;&amp#0;&amp#24;&amp#0;&amp#0;&amp#0;xl/worksheets/sheet1.xml��[��0&amp#24;��&amp#23;�?��k<�U�&amp#29;���s�,{��4�&amp#26;j���Ӗe��~Ѷ3P&amp#24;ʀ1��>�!o��G١&amp#23;��P}�C?���Lբ�&amp#22;���K12��5�T�&amp#11;|�&amp#6;?�&amp#30;>-&amp#15;J�L˹E@�M�[k��&amp#16;�Z.����{�i���§�&amp#18;3hN�Q$;&amp#18;&amp#5;��H*z<&amp#17;r}&amp#15;C5�`�Tl/yo'��&amp#29;���i�`.4���I�w��cJ&amp#14;�؈N��&amp#8;�H��i�+M7&amp#29;�}&amp#12;&amp#19;��Q�&amp#19;��/a��7��`Z&amp#25;�X&amp#31;�d�����d��+���0aB4&amp#17;�&amp#0;_Q��R
gWV�
�?&amp#8;�_a�]:ߋ���d&amp#29;F�����Z�^�ā����[�e���E���?�Z�&amp#2;N�U�4o
�&amp#14;�2�d�&amp#28;��K��y�FΎ&amp#27;�vn�	�&amp#4;@0���&amp#25;&amp#3;�?&amp#23;�sU��B����&amp#11;�&amp#26;]�M��7t�����mk�$~&amp#2;�8;���䆁&amp#15;!�&amp#31;;,S&amp#29;0���p�	lD��|&amp#16;�ma���Y2O&amp#23;3���X%�7��I&amp#8;�&amp#31;�0��I�A&amp#22;;݆&amp#27;[	�˻&amp#12;h�&amp#20;<�@tƼ&amp#27;����&amp#7;&amp#0;&amp#0;��&amp#0;&amp#0;&amp#0;�����&amp#14;� &amp#20;�_��&amp#0;&amp#17;Z�&amp#28;����`��&amp#31;��Y�}&amp#23;+��ss�cǏ�9&amp#7;��Z�����x�<�6%�&amp#4;�&k
�d&amp#7;딄$Pw�5չi+�
ȓ�J./QjU֠m7&amp#17;ɸ2&amp#19;Nfİ
t
j�&amp#29;8�3N՗ȧD�&amp#19;Ŕ8���&amp#18;lk&amp#17;
il$&amp#8;�"Ek#�&amp#17;)ٓ�Fb&amp#12;e�!�&amp#27;���p&amp#4;�&amp#31;�q�-v&amp#11;��0�&amp#29;z�͜�v,&amp#17;�&amp#23;b�չ��&amp#3;�&amp#29;3���h�(�&amp#12;u&amp#15;��='3�t�+6�B�&amp#5;�&amp#8;^���n�&amp#8;�
&amp#22;
,&amp#8;G����o�&amp#6;&amp#0;&amp#0;��&amp#0;&amp#0;&amp#0;��l��&amp#14;�0&amp#16;E��&amp#30;�B&amp#3;6@��&.�&amp#8;��&amp#17;&amp#30;%C�&amp#26;�&amp#11;&amp#24;�Dw��Ž3A
������Y_&amp#26;&amp#19;R�F��&amp#18;�4�&amp#27;&&amp#20;��_υ���/�?��>
�{&amp#11;X&amp#21;M���{`�P��HB��dE�
�e��bJr�U&amp#22;cܷ\o�X&amp#27;[�-W���ʽ'm�&amp#28;���m��1Ƭh:RA�?e/�~���)&amp#27;ݎ�Sr���z�&amp#28;�&amp#4;p���Tk3���Uc��&amp#0;&z&amp#1;&amp#0;&amp#0;��&amp#3;&amp#0;PK&amp#3;&amp#4;&amp#20;&amp#0;&amp#6;&amp#0;&amp#8;&amp#0;&amp#0;&amp#0;!&amp#0;���C�&amp#2;&amp#0;&amp#0;�&amp#6;&amp#0;&amp#0;&amp#24;&amp#0;&amp#0;&amp#0;xl/worksheets/sheet2.xml��K��0&amp#20;����&amp#31;,�@�&amp#1;&amp#20;2
CQgW��v�%X����cT���&amp#2;Jf�,&amp#26;���b�&amp#15;�ǳ��&amp#17;�&amp#17;�ϩ�.(���Z�����^9	%Ʋ�f��!�/`�����I�i&amp#1;,ABor�Z;d�gx&amp#11;�&amp#25;W
��L��d&amp#22;&amp#31;��3�&amp#6;VO/��&amp#11;&amp#22;�ؓL�t&d�&amp#30;�j&amp#26;��T� ��3DC�,�7�&amp#24;̅&�=8���08\�&amp#1;&amp#17;[�	�2A)�<{��J�m�}���qr�x&amp#4;x./2����&amp#20;\+�&amp#26;�"ٛ=߶�z����t��]&amp#24;?�4&amp#28;Ÿ����}����
^a�w��+l�\:;�:��0H��S�D�S�EZ8�jS9Q\&�&MS�*����&amp#22;��cWDC�Ӎ��K�WS~~
8�75�l�
:�&amp#22;Pçd��V����&amp#25;�&amp#22;H4ӂ�ȸ&amp#21;Gx���i���ߓ&amp#6;�(�]&amp#21;��&amp#23;�j
�&amp#23;Mjhء�_��3�]kQ6tCltLJV��`8F&amp#20;���7W&amp#29;2�J�&amp#24;5L&amp#24;;�^Emۜ�n&amp#28;��8�(ق��&amp#24;�����J������+&amp#3;�O&amp#12;�����M���O&amp#30;�&amp#11;�&?�&amp#0;&amp#0;&amp#0;��&amp#0;&amp#0;&amp#0;����[&amp#14;� &amp#16;E�Ұ&amp#0;)��&amp#26;J�%� �?}&amp#4;���VC[P&amp#19;�ȝ&amp#3;�a`���&amp#19;�I�L{KL�&amp#8;Jl'&amp#27;&amp#11;�"�u�2���um}jM-݈�I.Uq~&amp#8;m�n KW&amp#20;q��&amp#19;&amp#14;�&amp#17;�6�-�=�2�s�՛8��nIT1�_&amp#18;"&H�&amp#17;&amp#12;�����yK?݁��y`=�m&amp#2;�y�d��H?K�?$����@r&amp#24;C�I6]3&amp#14;����8�&amp#29;���&amp#19;&amp#0;&amp#0;��&amp#0;&amp#0;&amp#0;���)HLO�M,J��+V�IM+�U2�3WR(�Lπ�K�&amp#11;���J
I�%%��0^FjbJj&amp#17;�g�����_&amp#2;������&amp#23;e&amp#23;g����&amp#1;&amp#0;&amp#0;&amp#0;��&amp#3;&amp#0;PK&amp#3;&amp#4;&amp#20;&amp#0;&amp#6;&amp#0;&amp#8;&amp#0;&amp#0;&amp#0;!&amp#0;�&amp#23;&amp#16;�N&amp#7;&amp#0;&amp#0;� &amp#0;&amp#0;&amp#19;&amp#0;&amp#0;&amp#0;xl/theme/theme1.xml�Y͋&amp#27;7&amp#20;�&amp#23;�?&amp#12;sw�5�%���l��$d��&amp#28;���QV32��&amp#27;&amp#19;&amp#2;%9�R(���Bo=��@&amp#3;
��	$��&amp#31;�'��#��$�lJZv
�G������~z�t�ҽ�zG�&amp#11;�_�P�=��ؘ$Ӗk8(4|OH��&amp#17;e	n�&amp#11;,�K۟~r&amp#17;m�&amp#8;��&amp#3;�Dl��&amp#31;I9�*&amp#22;�&amp#8;����f8��&��H�#�&amp#22;�&amp#28;&amp#29;�ޘ&amp#22;+�R�&amp#24;#��^�bP{}2!#�
�J{��O�1�B
�(�W��%���òB���R�&amp#29;!��a�1;&amp#30;�{��(&amp#18;&amp#18;~h�%��&amp#23;�/&amp#22;�V&D�&amp#6;YCn��2�L`|X�s���j� &amp#8;�Z{�_&amp#3;�\����Z��ҧ&amp#1;h4�����:�n�a
P�ա�W�U�&amp#22;��_]��&amp#29;���נT��&amp#31;&amp#12;��E&amp#11;�A)>\Ç�f�g�נ&amp#20;_[��K�^P��kPDIr��.��jw��&amp#21;d��&amp#19;�&amp#12;�A��)�Q�
��RSLX"7�Z��2>&amp#0;�&amp#2;R$I���&amp#12;O�&amp#8;���(9���%�&amp#8;&amp#18;o�&amp#18;&`�T)
JU��>���#��02��]`�X&amp#27;R�xb��L��+��7 /�={����=����_���*Kn&amp#7;%SS�Տ_���&amp#23;�_�����7��'��Ŀ��˗���:����&amp#21;/�}���&amp#23;�}��O�&amp#29;��&amp#28;&amp#29;��!����c�&�a�&amp#14;��&amp#1;?��0BĒ@&amp#17;�v����&amp#2;^[ ��u����&amp#28;X�&amp#5;�<�kٺ&amp#31;�$���F�&amp#5;�c�v&amp#24;w:ચ���p�Lݓ󹉻�Бk�.J�&amp#0;��3�W�Rٍ�e�
�&amp#18;��8��S��C�&amp#29;��C���=2�L����&amp#16;����%Cr`%R.�Cb���e �����m�èk�=|d#a[ �0~�����h.Q�R9D15&amp#29;��d�2r�G&�/$Dz�)��c,�K�:��&amp#26;A�
&amp#12;�&amp#14;�&amp#30;]�6�Kr�ҹ�&amp#24;3�=v؍P<s�L���~&&amp#14;!E�w�I&amp#23;|��;D=C&amp#28;P�1ܷ	���f"�&amp#5;�j��'��e�&amp#29;�����&amp#31;&amp#23;t���e�<�ص͉3;:�ڻ&amp#24;St��&amp#24;{�>sX�a3���W"`�&amp#29;�J�+��U��`&amp#1;e��k�)r�&amp#8;+e��m�goq�x&amp#22;(�&amp#17;ߤ�&amp#26;D�J]8�Tz��&amp#14;M�5&amp#2;�&amp#31;��)�&amp#5;�0���I�&amp#8;Yg�z&amp#22;�|]p+~o��`_�=�&amp#4;&amp#25;|j&amp#25; ����&amp#16;Qk�<a�&amp#8;
&amp#12;&amp#23;݂�&amp#21;�\D��Zl؛6&amp#15;&amp#3;&amp#20;FV�&amp#19;���ω�'�w�&amp#30;w&amp#1;s&amp#6;&amp#5;�[���:�(e�D��	�&amp#31;,kzh���p��s�yUs^�����f�^>�e�k��Z����Aj��|��&���O���3!���&amp#5;ŻBw}&amp#4;�ь&amp#7;0��Q�'�j&amp#1;�"��5�,ܔ#-�q&?'2ڏ�&amp#12;ZCe����L�Tx3&�c��u+&amp#21;�Э�N�x���Ng�����&amp#11;&amp#5;��x)\�C�J��Z=�ޭ��~�TwY�&amp#6;(��&amp#24;aLf&amp#27;Qu&amp#24;Q_&amp#14;B&amp#20;^g�^ٙX�tX�PꗡZFq�
0m&amp#21;&amp#21;x���E��A�A�f&amp#28;��c&amp#21;������
ΙFz�3��&amp#1;Pb/3 �tSٺqyjui��E�-#�t��0�0�&amp#23;�,;͖�Yƺ���2O�b�&amp#27;r3�&amp#15;&amp#17;kE"'��&&S��;n��j&amp#8;�*#4k�&amp#19;�&amp#24;��x&amp#6;�#�[&amp#23;�S�v&amp#25;I�n�wa�&amp#25;&amp#23;��D�:\�N�&amp#6;1��{��-_-�
4�&amp#28;�m+W�&amp#16;>Z�@+&amp#31;�q&amp#16;t;�x2�#i��&amp#24;Q�N&amp#31;��S�p����&amp#29;�$�&amp#28;½&amp#31;���&amp#3;:�7&amp#17;�XX/+&amp#7;�����r��1���&amp#21;���w�`�h׼��9��#:�Pv��d��5����O+&amp#31;&amp#24;Oٚ���.<��&amp#3;��O�7&amp#31;��s&amp#6;i�g��*��t��;�
��CԲ*�n�N-r�k.�&amp#14;&amp#18;�yJ���}�&amp#3;�0-��2MY�NÊ��Q۴3,&amp#8;&amp#12;O�6�muF8=�'?ȝ�Zu@,�J����ܼ�f&amp#7;w�<zp8�R�PBo�#(��&amp#27;Ȕ6`�ܓY�&amp#8;߼9'-�~)l&amp#7;�J�-�&amp#26;a�&amp#16;T�R�&amp#17;���v&amp#24;V���\�u*&amp#15;�`�Q\&amp#14;���&amp#1;\a�Evi���.���-ͅ&amp#17;��L_�&amp#23;����\�|q�&amp#17; ���ʠYmvj�f�=(&amp#4;�N����:�^�[�
zݰ�&amp#28;<�#
&amp#14;��nP�7
�r�[&amp#8;j%e~�Y�&amp#7;�J;��&amp#27;��� +c`�)}d�&amp#0;�j���&amp#1;&amp#0;&amp#0;��&amp#3;&amp#0;PK&amp#3;&amp#4;&amp#20;&amp#0;&amp#6;&amp#0;&amp#8;&amp#0;&amp#0;&amp#0;!&amp#0;&amp#6;}&amp#23;y�&amp#3;&amp#0;&amp#0;�
&amp#0;&amp#0;
&amp#0;&amp#0;&amp#0;xl/styles.xml�V�n�8&amp#16;}_`�A໢K,�6,&amp#21;�E�&amp#2;ݢ@���R&amp#18;%&amp#19;�E����E�}��d+�81����s�vf��ǎ3瑨�J&amp#17;���G&amp#14;&amp#17;�,��b��}�.��h,
̤ 1:�&amp#6;}L~�m��##w&amp#7;B�&amp#3;&amp#16;���A�z�yM~ &amp#28;77�&&amp#2;NJ�8ְU��Ԋ�1J�y���=��@=�׀p�&amp#30;���%���&amp#25;eT&amp#31;-&amp#22;rx��\	�p���.���邹
�N�F���&amp#29;Ns%&amp#27;Y�&amp#27;��dYҜ<ww�-=���&amp#0;�}HA����;�N����#5�Cɺ�B7N.[�c4&amp#3;GM
V&amp#15;B�#Rs&amp#4;&amp#21;&amp#30;n%���&amp#25;H&amp#2;�%�\2�&amp#28;
���Y����7���LQs�Ĝ�c/&amp#14;��V{��)��&amp#8;=�G�M�nͭWl�F�W&amp#25;�.&amp#24;SU&amp#22;�t�]o0?`�&amp#0;��D=&amp#11;���&amp#8;k&amp#19;�@�(c�:��d
��D�&amp#20;N�a}��`&amp#2;z��&amp#14;�޼])|&amp#12;��z�F2Z&amp#24;�T[K�!���C��&amp#27;���&amp#1;4�|���&amp#19;�
/�qm��7�&amp#23;�m�i��5k&amp#20;r�IU��&amp#27;��4B/J֌�&amp#26;�P�:�-k&amp#19;��&amp#26;fA�.(����&amp#16;{�&amp#24;&amp#22;&amp#0;�&amp#19;���,��<a��ݕ�hy���"F0UMK�K�°���
�_R
@�e%&amp#7;�5;~myFTjG��f��'�����b�&amp#18;��I&amp#1;�Y�oJj�k�)�m�M��c��9W�NW�L����P��&amp#21;��&amp#5;�i�O��x�L4�n��t]�|�k�
C�
�����&amp#0;p%֋��٘�ô
|&amp#2;z�8&amp#7;��wP4ߎ&amp#28;�C��ߕ�&amp#30;�.@�IW<�&amp#19;�&amp#28;3'c�&amp#7;&amp#12;/Ũx�/�%&amp#5;�"k)�T&amp#24;�,�i�A�!9&amp#27;&amp#21; m&amp#19;��q&amp#22;�(�sW�Sm�&amp#6;�_O�&amp#1;FAJ�2}:��y�')hˁIío�Qj&amp#11;&amp#17;����&amp#25;&amp#30;�����_&amp#26;�����*&amp#26;���&amp#15;��>
݅�Y��[&amp#18;��h�s��v�ۥK?��?&/��x��&amp#7;&amp#21;L�`�j&amp#24;�b�&amp#16;����Y&amp#22;�ɦwߎlp{��2�����w�[?pgs�p&amp#23;���M� ��g�}�F&amp#19;ߣw�c|/&amp#8;�&amp#23;�q>Zi�	Pc��X��&amp#20;�&amp#4;�W���Jx��j�&amp#31;&amp#0;&amp#0;&amp#0;��&amp#3;&amp#0;PK&amp#3;&amp#4;&amp#20;&amp#0;&amp#6;&amp#0;&amp#8;&amp#0;&amp#0;&amp#0;!&amp#0;�"� 6&amp#1;&amp#0;&amp#0;A&amp#2;&amp#0;&amp#0;&amp#20;&amp#0;&amp#0;&amp#0;xl/sharedStrings.xmllR�J&amp#3;1&amp#16;|&amp#23;��#ｴUD��&amp#21;��P����Oeͭ��esf�U�ޜ
B�cfvfg�&amp#20;�&amp#15;�f&amp#7;&amp#12;l=�j�&amp#15;U�d|miW���vp�2&amp#22;�&amp#26;ZOX�Od5�NO
fɢ��T�H7њM�&amp#14;8�&amp#29;Rd^|p �&amp#25;v���Ps�(�����B;��2��$qoܲ'����/p���mUH5�y��/��ۻ�j]h�
�&amp#19;?�ڿ"m� M���8���4�&amp#26;�ϩ�%&amp#0;q�X㩵���.U~Kt&amp#12;�:�qRw��7���e�&amp#30;D-�&amp#17;-��T�a&amp#12;&amp#15;�0ŗ���C��Ѥ�)�&amp#8;��s���&amp#26;&amp#4;F�p&amp#15;���g)�B�X,&amp#31;͐Z��N�&amp#3;&amp#19;[��ų&amp#14;���O��&amp#23;��&amp#0;&amp#0;&amp#0;��&amp#3;&amp#0;PK&amp#3;&amp#4;&amp#20;&amp#0;&amp#6;&amp#0;&amp#8;&amp#0;&amp#0;&amp#0;!&amp#0;�����&amp#0;&amp#0;&amp#0;V&amp#1;&amp#0;&amp#0;#&amp#0;&amp#0;&amp#0;xl/worksheets/_rels/sheet1.xml.rels���j�0&amp#12;&amp#6;��`�`to��0�H�K7�a��=����4������g&amp#24;�&amp#21;&amp#6;;
I�~4�.i5�Tj&amp#20;&amp#30;a��`�����&amp#8;&amp#31;���&amp#19;���&amp#30;Wa&amp#26;�J&amp#21;v����N+j[�!�j��u������.P��I&n�YJBmeYlFw�C�?��ۀ��4&amp#7;?B9�-��5����2���^�9&amp#17;�&amp#31;'lhRY#�&amp#26;�e!�fkˌg
&amp#27;OI:Ν&amp#22;䚥ht�m�:'��,��oy^.J�q&amp#5;;
��&amp#27;�&amp#23;&amp#0;&amp#0;&amp#0;��&amp#3;&amp#0;PK&amp#3;&amp#4;&amp#20;&amp#0;&amp#6;&amp#0;&amp#8;&amp#0;&amp#0;&amp#0;!&amp#0;|��{R&amp#1;&amp#0;&amp#0;�&amp#2;&amp#0;&amp#0;&amp#17;&amp#0;&amp#8;&amp#1;docProps/core.xml �&amp#4;&amp#1;(�&amp#0;&amp#1;&amp#0;&amp#0;&amp#0;&amp#0;&amp#0;&amp#0;&amp#0;&amp#0;&amp#0;&amp#0;&amp#0;&amp#0;&amp#0;&amp#0;&amp#0;&amp#0;&amp#0;&amp#0;&amp#0;&amp#0;&amp#0;&amp#0;&amp#0;&amp#0;&amp#0;&amp#0;&amp#0;&amp#0;&amp#0;&amp#0;&amp#0;&amp#0;&amp#0;&amp#0;&amp#0;&amp#0;&amp#0;&amp#0;&amp#0;&amp#0;&amp#0;&amp#0;&amp#0;&amp#0;&amp#0;&amp#0;&amp#0;&amp#0;&amp#0;&amp#0;&amp#0;&amp#0;&amp#0;&amp#0;&amp#0;&amp#0;&amp#0;&amp#0;&amp#0;&amp#0;&amp#0;&amp#0;&amp#0;&amp#0;&amp#0;&amp#0;&amp#0;&amp#0;&amp#0;&amp#0;&amp#0;&amp#0;&amp#0;&amp#0;&amp#0;&amp#0;&amp#0;&amp#0;&amp#0;&amp#0;&amp#0;&amp#0;&amp#0;&amp#0;&amp#0;&amp#0;&amp#0;&amp#0;&amp#0;&amp#0;&amp#0;&amp#0;&amp#0;&amp#0;&amp#0;&amp#0;&amp#0;&amp#0;&amp#0;&amp#0;&amp#0;&amp#0;&amp#0;&amp#0;&amp#0;&amp#0;&amp#0;&amp#0;&amp#0;&amp#0;&amp#0;&amp#0;&amp#0;&amp#0;&amp#0;&amp#0;&amp#0;&amp#0;&amp#0;&amp#0;&amp#0;&amp#0;&amp#0;&amp#0;&amp#0;&amp#0;&amp#0;&amp#0;&amp#0;&amp#0;&amp#0;&amp#0;&amp#0;&amp#0;&amp#0;&amp#0;&amp#0;&amp#0;&amp#0;&amp#0;&amp#0;&amp#0;&amp#0;&amp#0;&amp#0;&amp#0;&amp#0;&amp#0;&amp#0;&amp#0;&amp#0;&amp#0;&amp#0;&amp#0;&amp#0;&amp#0;&amp#0;&amp#0;&amp#0;&amp#0;&amp#0;&amp#0;&amp#0;&amp#0;&amp#0;&amp#0;&amp#0;&amp#0;&amp#0;&amp#0;&amp#0;&amp#0;&amp#0;&amp#0;&amp#0;&amp#0;&amp#0;&amp#0;&amp#0;&amp#0;&amp#0;&amp#0;&amp#0;&amp#0;&amp#0;&amp#0;&amp#0;&amp#0;&amp#0;&amp#0;&amp#0;&amp#0;&amp#0;&amp#0;&amp#0;&amp#0;&amp#0;&amp#0;&amp#0;&amp#0;&amp#0;&amp#0;&amp#0;&amp#0;&amp#0;&amp#0;&amp#0;&amp#0;&amp#0;&amp#0;&amp#0;&amp#0;&amp#0;&amp#0;&amp#0;&amp#0;&amp#0;&amp#0;&amp#0;&amp#0;&amp#0;&amp#0;&amp#0;&amp#0;&amp#0;&amp#0;&amp#0;&amp#0;&amp#0;&amp#0;&amp#0;&amp#0;&amp#0;&amp#0;&amp#0;&amp#0;&amp#0;&amp#0;&amp#0;&amp#0;&amp#0;&amp#0;&amp#0;&amp#0;&amp#0;&amp#0;&amp#0;&amp#0;&amp#0;&amp#0;&amp#0;&amp#0;&amp#0;&amp#0;&amp#0;&amp#0;��_O�0&amp#20;��M�&amp#14;��P`��&amp#1;&amp#22;�M&amp#31;41qF�[�ލFZ�����[`Č1�������4�nd&amp#29;|���Q&amp#5;J�&amp#24;&amp#5;�XÅZ&amp#21;�y>&amp#11;�Q`&amp#29;U�֍�&amp#2;m��iy|�3MXc��4&amp#26;�&amp#19;`&amp#3;OR�0]��9M0��&amp#2;Im�&amp#21;�&amp#23;�����_��w�&amp#2;���)��(���&amp#22;&amp#24;ꁈvH�&amp#6;��0u&amp#7;�&amp#12;C
&amp#18;��8�&amp#18;��u`�������R����vv�l����X1&amp#8;��u��t6��&amp#4;�>�?uQC��]1@e�&amp#25;a&amp#6;�kLy&amp#7;��2�X���'��mE�X�x�j7ZS�&amp#30;��&amp#2;�����C���&amp#5;���&amp#25;�2�&amp#3;�+/����&amp#12;�i��a&amp#18;�q6O&$�_��z���F�/���?�&amp#25;I3rr6"�&amp#1;e�&amp#15;�M�&amp#5;&amp#0;&amp#0;��&amp#3;&amp#0;PK&amp#3;&amp#4;&amp#20;&amp#0;&amp#6;&amp#0;&amp#8;&amp#0;&amp#0;&amp#0;!&amp#0;e�3�&amp#1;&amp#0;&amp#0;9&amp#3;&amp#0;&amp#0;&amp#16;&amp#0;&amp#8;&amp#1;docProps/app.xml �&amp#4;&amp#1;(�&amp#0;&amp#1;&amp#0;&amp#0;&amp#0;&amp#0;&amp#0;&amp#0;&amp#0;&amp#0;&amp#0;&amp#0;&amp#0;&amp#0;&amp#0;&amp#0;&amp#0;&amp#0;&amp#0;&amp#0;&amp#0;&amp#0;&amp#0;&amp#0;&amp#0;&amp#0;&amp#0;&amp#0;&amp#0;&amp#0;&amp#0;&amp#0;&amp#0;&amp#0;&amp#0;&amp#0;&amp#0;&amp#0;&amp#0;&amp#0;&amp#0;&amp#0;&amp#0;&amp#0;&amp#0;&amp#0;&amp#0;&amp#0;&amp#0;&amp#0;&amp#0;&amp#0;&amp#0;&amp#0;&amp#0;&amp#0;&amp#0;&amp#0;&amp#0;&amp#0;&amp#0;&amp#0;&amp#0;&amp#0;&amp#0;&amp#0;&amp#0;&amp#0;&amp#0;&amp#0;&amp#0;&amp#0;&amp#0;&amp#0;&amp#0;&amp#0;&amp#0;&amp#0;&amp#0;&amp#0;&amp#0;&amp#0;&amp#0;&amp#0;&amp#0;&amp#0;&amp#0;&amp#0;&amp#0;&amp#0;&amp#0;&amp#0;&amp#0;&amp#0;&amp#0;&amp#0;&amp#0;&amp#0;&amp#0;&amp#0;&amp#0;&amp#0;&amp#0;&amp#0;&amp#0;&amp#0;&amp#0;&amp#0;&amp#0;&amp#0;&amp#0;&amp#0;&amp#0;&amp#0;&amp#0;&amp#0;&amp#0;&amp#0;&amp#0;&amp#0;&amp#0;&amp#0;&amp#0;&amp#0;&amp#0;&amp#0;&amp#0;&amp#0;&amp#0;&amp#0;&amp#0;&amp#0;&amp#0;&amp#0;&amp#0;&amp#0;&amp#0;&amp#0;&amp#0;&amp#0;&amp#0;&amp#0;&amp#0;&amp#0;&amp#0;&amp#0;&amp#0;&amp#0;&amp#0;&amp#0;&amp#0;&amp#0;&amp#0;&amp#0;&amp#0;&amp#0;&amp#0;&amp#0;&amp#0;&amp#0;&amp#0;&amp#0;&amp#0;&amp#0;&amp#0;&amp#0;&amp#0;&amp#0;&amp#0;&amp#0;&amp#0;&amp#0;&amp#0;&amp#0;&amp#0;&amp#0;&amp#0;&amp#0;&amp#0;&amp#0;&amp#0;&amp#0;&amp#0;&amp#0;&amp#0;&amp#0;&amp#0;&amp#0;&amp#0;&amp#0;&amp#0;&amp#0;&amp#0;&amp#0;&amp#0;&amp#0;&amp#0;&amp#0;&amp#0;&amp#0;&amp#0;&amp#0;&amp#0;&amp#0;&amp#0;&amp#0;&amp#0;&amp#0;&amp#0;&amp#0;&amp#0;&amp#0;&amp#0;&amp#0;&amp#0;&amp#0;&amp#0;&amp#0;&amp#0;&amp#0;&amp#0;&amp#0;&amp#0;&amp#0;&amp#0;&amp#0;&amp#0;&amp#0;&amp#0;&amp#0;&amp#0;&amp#0;&amp#0;&amp#0;&amp#0;&amp#0;&amp#0;&amp#0;&amp#0;&amp#0;&amp#0;&amp#0;&amp#0;&amp#0;&amp#0;&amp#0;&amp#0;&amp#0;&amp#0;&amp#0;&amp#0;&amp#0;&amp#0;&amp#0;&amp#0;&amp#0;&amp#0;&amp#0;���k�0&amp#16;��&amp#7;�&amp#31;��&amp#27;��(#�*%��`c���c��s,bKBw5����c�:�àow�}|�|'��C�f=$t�&amp#23;�r��&amp#12;�
��Bܗ�.��&amp#12;��ʴ�C!���Z��6)DH�&amp#0;3��X��(��D�@gp��g�&amp#14;�3�m��P���m�O&amp#29;x��<��p �&amp#21;T&amp#23;q
&amp#20;c⪧��V�&amp#14;|�P&amp#30;#&amp#3;ku&amp#19;c�!�J���&amp#20;0Ԕ}=Xh�����`����Ε��jkM&amp#11;k&amp#14;ֵi&amp#17;�|&amp#25;�;0��6�%Ԫ�U&amp#15;�B����-E�� &amp#12;8��Mr�&amp#19;c
��9�mDJ�wH{l&amp#0;&amp#8;�d�8<�s�v���d���8&amp#4;� ,�#��Z�_��$�&amp#31;�a�&amp#29;qn6�&amp#31;o
�9��Z�=��Q&amp#2;�k�&amp#25;�+�u��GF��&amp#31;���>��s�y��C�mL��/5�e&amp#26;�;�xj��uc�&amp#14;�g�[ax$&amp#15;㟠/�&amp#22;����?�)����?&amp#0;&amp#0;&amp#0;��&amp#3;&amp#0;PK&amp#1;&amp#2;-&amp#0;&amp#20;&amp#0;&amp#6;&amp#0;&amp#8;&amp#0;&amp#0;&amp#0;!&amp#0;&amp#18;&amp#24;��d&amp#1;&amp#0;&amp#0;&amp#24;&amp#5;&amp#0;&amp#0;&amp#19;&amp#0;&amp#0;&amp#0;&amp#0;&amp#0;&amp#0;&amp#0;&amp#0;&amp#0;&amp#0;&amp#0;&amp#0;&amp#0;&amp#0;&amp#0;&amp#0;&amp#0;[Content_Types].xmlPK&amp#1;&amp#2;-&amp#0;&amp#20;&amp#0;&amp#6;&amp#0;&amp#8;&amp#0;&amp#0;&amp#0;!&amp#0;�U0#�&amp#0;&amp#0;&amp#0;L&amp#2;&amp#0;&amp#0;&amp#11;&amp#0;&amp#0;&amp#0;&amp#0;&amp#0;&amp#0;&amp#0;&amp#0;&amp#0;&amp#0;&amp#0;&amp#0;&amp#0;�&amp#3;&amp#0;&amp#0;_rels/.relsPK&amp#1;&amp#2;-&amp#0;&amp#20;&amp#0;&amp#6;&amp#0;&amp#8;&amp#0;&amp#0;&amp#0;!&amp#0;�N���&amp#3;&amp#0;&amp#0;_	&amp#0;&amp#0;&amp#15;&amp#0;&amp#0;&amp#0;&amp#0;&amp#0;&amp#0;&amp#0;&amp#0;&amp#0;&amp#0;&amp#0;&amp#0;&amp#0;�&amp#6;&amp#0;&amp#0;xl/workbook.xmlPK&amp#1;&amp#2;-&amp#0;&amp#20;&amp#0;&amp#6;&amp#0;&amp#8;&amp#0;&amp#0;&amp#0;!&amp#0;J��a�&amp#0;&amp#0;&amp#0;G&amp#3;&amp#0;&amp#0;&amp#26;&amp#0;&amp#0;&amp#0;&amp#0;&amp#0;&amp#0;&amp#0;&amp#0;&amp#0;&amp#0;&amp#0;&amp#0;&amp#0;�
&amp#0;&amp#0;xl/_rels/workbook.xml.relsPK&amp#1;&amp#2;-&amp#0;&amp#20;&amp#0;&amp#6;&amp#0;&amp#8;&amp#0;&amp#0;&amp#0;!&amp#0;�xO��&amp#3;&amp#0;&amp#0;�&amp#8;&amp#0;&amp#0;&amp#24;&amp#0;&amp#0;&amp#0;&amp#0;&amp#0;&amp#0;&amp#0;&amp#0;&amp#0;&amp#0;&amp#0;&amp#0;&amp#0;�&amp#12;&amp#0;&amp#0;xl/worksheets/sheet1.xmlPK&amp#1;&amp#2;-&amp#0;&amp#20;&amp#0;&amp#6;&amp#0;&amp#8;&amp#0;&amp#0;&amp#0;!&amp#0;���C�&amp#2;&amp#0;&amp#0;�&amp#6;&amp#0;&amp#0;&amp#24;&amp#0;&amp#0;&amp#0;&amp#0;&amp#0;&amp#0;&amp#0;&amp#0;&amp#0;&amp#0;&amp#0;&amp#0;&amp#0;�&amp#16;&amp#0;&amp#0;xl/worksheets/sheet2.xmlPK&amp#1;&amp#2;-&amp#0;&amp#20;&amp#0;&amp#6;&amp#0;&amp#8;&amp#0;&amp#0;&amp#0;!&amp#0;�&amp#23;&amp#16;�N&amp#7;&amp#0;&amp#0;� &amp#0;&amp#0;&amp#19;&amp#0;&amp#0;&amp#0;&amp#0;&amp#0;&amp#0;&amp#0;&amp#0;&amp#0;&amp#0;&amp#0;&amp#0;&amp#0;&amp#2;&amp#20;&amp#0;&amp#0;xl/theme/theme1.xmlPK&amp#1;&amp#2;-&amp#0;&amp#20;&amp#0;&amp#6;&amp#0;&amp#8;&amp#0;&amp#0;&amp#0;!&amp#0;&amp#6;}&amp#23;y�&amp#3;&amp#0;&amp#0;�
&amp#0;&amp#0;
&amp#0;&amp#0;&amp#0;&amp#0;&amp#0;&amp#0;&amp#0;&amp#0;&amp#0;&amp#0;&amp#0;&amp#0;&amp#0;�&amp#27;&amp#0;&amp#0;xl/styles.xmlPK&amp#1;&amp#2;-&amp#0;&amp#20;&amp#0;&amp#6;&amp#0;&amp#8;&amp#0;&amp#0;&amp#0;!&amp#0;�"� 6&amp#1;&amp#0;&amp#0;A&amp#2;&amp#0;&amp#0;&amp#20;&amp#0;&amp#0;&amp#0;&amp#0;&amp#0;&amp#0;&amp#0;&amp#0;&amp#0;&amp#0;&amp#0;&amp#0;&amp#0;Y&amp#31;&amp#0;&amp#0;xl/sharedStrings.xmlPK&amp#1;&amp#2;-&amp#0;&amp#20;&amp#0;&amp#6;&amp#0;&amp#8;&amp#0;&amp#0;&amp#0;!&amp#0;�����&amp#0;&amp#0;&amp#0;V&amp#1;&amp#0;&amp#0;#&amp#0;&amp#0;&amp#0;&amp#0;&amp#0;&amp#0;&amp#0;&amp#0;&amp#0;&amp#0;&amp#0;&amp#0;&amp#0;� &amp#0;&amp#0;xl/worksheets/_rels/sheet1.xml.relsPK&amp#1;&amp#2;-&amp#0;&amp#20;&amp#0;&amp#6;&amp#0;&amp#8;&amp#0;&amp#0;&amp#0;!&amp#0;|��{R&amp#1;&amp#0;&amp#0;�&amp#2;&amp#0;&amp#0;&amp#17;&amp#0;&amp#0;&amp#0;&amp#0;&amp#0;&amp#0;&amp#0;&amp#0;&amp#0;&amp#0;&amp#0;&amp#0;&amp#0;�!&amp#0;&amp#0;docProps/core.xmlPK&amp#1;&amp#2;-&amp#0;&amp#20;&amp#0;&amp#6;&amp#0;&amp#8;&amp#0;&amp#0;&amp#0;!&amp#0;e�3�&amp#1;&amp#0;&amp#0;9&amp#3;&amp#0;&amp#0;&amp#16;&amp#0;&amp#0;&amp#0;&amp#0;&amp#0;&amp#0;&amp#0;&amp#0;&amp#0;&amp#0;&amp#0;&amp#0;&amp#0;h$&amp#0;&amp#0;docProps/app.xmlPK&amp#5;&amp#6;&amp#0;&amp#0;&amp#0;&amp#0;&amp#12;&amp#0;&amp#12;&amp#0;&amp#23;&amp#3;&amp#0;&amp#0;2'&amp#0;&amp#0;&amp#0;&amp#0;

[main] INFO com.shaft.tools.io.ReportManagerHelper - [ReportManager] Setting discrete logging to: "true" @12-10-2022 15:58:10.0099 PM
[main] INFO com.shaft.tools.io.ReportManagerHelper - [ReportManager] Response status code: "401", status line: "HTTP/1.1 401 Unauthorized" @12-10-2022 15:58:10.0099 PM
[main] INFO com.shaft.tools.io.ReportManagerHelper - [ReportManager] Setting discrete logging to: "false" @12-10-2022 15:58:10.0100 PM
[main] INFO com.shaft.tools.io.ReportManagerHelper - [ReportManager] Successfully created attachment "API Request - Specifications" @12-10-2022 15:58:10.0117 PM
[main] INFO com.shaft.tools.io.ReportManagerHelper - [ReportManager] Debugging Attachment Entry @12-10-2022 15:58:10.0117 PM
Headers:
_______________

Content-Type=application/x-www-form-urlencoded


[main] INFO com.shaft.tools.io.ReportManagerHelper - [ReportManager] Successfully created attachment "API Request - Body" @12-10-2022 15:58:10.0118 PM
[main] INFO com.shaft.tools.io.ReportManagerHelper - [ReportManager] Debugging Attachment Entry @12-10-2022 15:58:10.0118 PM
��&amp#0;&amp#5;t&amp#0;Busername=tokhi2&password=123&grant_type=password&client_id=tic-api

[main] INFO com.shaft.tools.io.ReportManagerHelper - [ReportManager] Successfully created attachment "API Response - JSON Body" @12-10-2022 15:58:10.0119 PM
[main] INFO com.shaft.tools.io.ReportManagerHelper - [ReportManager] Debugging Attachment Entry @12-10-2022 15:58:10.0119 PM
{
  "error_description": "Invalid user credentials",
  "error": "invalid_grant"
}

[main] INFO com.shaft.tools.io.ReportManagerHelper - [ReportManager] Get response jsonvalue "error_description". @12-10-2022 15:58:10.0121 PM
[main] INFO com.shaft.tools.io.ReportManagerHelper - [ReportManager] File Action "DoesFileExist" successfully performed. With the following test data "File Path: "Token_Unauthorized_schema.json"". @12-10-2022 15:58:10.0121 PM
[main] INFO com.shaft.tools.io.ReportManagerHelper - [ReportManager] File Action "DoesFileExist" successfully performed. With the following test data "File Path: "src/test/resources/testDataFiles/Token_Unauthorized_schema.json"". @12-10-2022 15:58:10.0121 PM
[main] INFO com.shaft.tools.io.ReportManagerHelper - [ReportManager] File Action "GetAbsolutePath" successfully performed. With the following test data "Relative Folder Path: "src/test/resources/testDataFiles/Token_Unauthorized_schema.json"". @12-10-2022 15:58:10.0121 PM
[main] INFO com.shaft.tools.io.ReportManagerHelper - [ReportManager] File Action "DoesFileExist" successfully performed. With the following test data "File Path: "C:\eclipse-workspace\MyProjects\TASystemsAPIs\src\test\resources\testDataFiles\Token_Unauthorized_schema.json"". @12-10-2022 15:58:10.0124 PM
[main] INFO com.shaft.tools.io.ReportManagerHelper - [ReportManager] File Action "GetAbsolutePath" successfully performed. With the following test data "Relative Folder Path: "C:\eclipse-workspace\MyProjects\TASystemsAPIs\src\test\resources\testDataFiles\Token_Unauthorized_schema.json"". @12-10-2022 15:58:10.0124 PM
[main] INFO com.shaft.tools.io.ReportManagerHelper - [ReportManager] File Action "ReadFromFile" successfully performed. With the following test data "File Path: "C:\eclipse-workspace\MyProjects\TASystemsAPIs\src\test\resources\testDataFiles\Token_Unauthorized_schema.json"". @12-10-2022 15:58:10.0125 PM
[main] INFO com.shaft.tools.io.ReportManagerHelper - [ReportManager] Successfully created attachment "Validation Test Data - Expected JSON Value" @12-10-2022 15:58:10.0127 PM
[main] INFO com.shaft.tools.io.ReportManagerHelper - [ReportManager] Debugging Attachment Entry @12-10-2022 15:58:10.0127 PM
{
  "$schema": "http://json-schema.org/draft-06/schema#",
  "$ref": "#/definitions/Welcome10",
  "definitions": {
    "Welcome10": {
      "additionalProperties": false,
      "type": "object",
      "title": "Welcome10",
      "properties": {
        "error_description": {
          "type": "string"
        },
        "error": {
          "type": "string"
        }
      },
      "required": [
        "error",
        "error_description"
      ]
    }
  }
}

[main] INFO com.shaft.tools.io.ReportManagerHelper - [ReportManager] Successfully created attachment "Validation Test Data - Actual JSON Value" @12-10-2022 15:58:10.0128 PM
[main] INFO com.shaft.tools.io.ReportManagerHelper - [ReportManager] Debugging Attachment Entry @12-10-2022 15:58:10.0128 PM
{
  "error_description": "Invalid user credentials",
  "error": "invalid_grant"
}

[main] INFO com.shaft.tools.io.ReportManagerHelper - [ReportManager] Successfully created attachment "SHAFT Engine Logs - Current Method log: InValid_Token_RQ_TC" @12-10-2022 15:58:10.0130 PM
[main] INFO com.shaft.tools.io.ReportManagerHelper - [ReportManager] Setting discrete logging to: "false" @12-10-2022 15:58:10.0130 PM
]]></system-err>
  </testcase>
  <testcase name="Valid_Token_RQ_TC" classname="SteeringCompanyAPI_TestCases.Test_Case" time="0.933">
    <system-out><![CDATA[
################################################################################################################################################
Starting Execution:	"3 out of 3" test cases in the current suite
Test Method:		"SteeringCompanyAPI_TestCases.Test_Case.Valid_Token_RQ_TC"
Test Description:	"TC001 - Peform Post Token API with valid user name and password and retun with token"
################################################################################################################################################
[ReportManager] Loaded Test Data: "src/test/resources/testDataFiles/SteeringCompanyAPI_TestData/SteeringCompanyAPI_TestData.xlsx". @12-10-2022 15:58:10.0164 PM
[ReportManager] Assertion Passed: Evaluating the actual response status code against the expected one... @12-10-2022 15:58:10.0977 PM
[ReportManager] Perform request "POST | Target Status Code: 200 | Service URL: https://auth-demo.np.transporticonline.com/auth/realms/tic/protocol/openid-connect/token | Content Type: application/x-www-form-urlencoded | Response Time: 801ms". @12-10-2022 15:58:10.0992 PM
[ReportManager] Assertion Passed: Check Response Status Code is 200 and it is valid. @12-10-2022 15:58:10.0995 PM
[ReportManager] Assertion Passed: Check Access Token is existed. @12-10-2022 15:58:10.0996 PM
[ReportManager] Assertion Passed: Check Access token is not null. @12-10-2022 15:58:11.0000 PM
[ReportManager] Assertion Passed: Token Schema is matched with valid schema. @12-10-2022 15:58:11.0009 PM
[ReportManager] Verification Passed: "801" is greater than or equal to "1.1". @12-10-2022 15:58:11.0011 PM
[ReportManager] Verification Passed: "801" is less than or equal to "10000". @12-10-2022 15:58:11.0011 PM
[ReportManager] Verification Passed: Expiration Date Token is Valid @12-10-2022 15:58:11.0055 PM
[ReportManager] Verification Passed: ISS is Valid @12-10-2022 15:58:11.0062 PM
[ReportManager] Verification Passed: tcId is Valid @12-10-2022 15:58:11.0063 PM
[ReportManager] Verification Passed: preferred_username is Valid @12-10-2022 15:58:11.0065 PM
]]></system-out>
    <system-err><![CDATA[[main] INFO com.shaft.tools.io.ReportManagerHelper - [ReportManager] Setting discrete logging to: "false" @12-10-2022 15:58:10.0137 PM
[main] INFO com.shaft.tools.io.ReportManagerHelper - [ReportManager] Setting discrete logging to: "false" @12-10-2022 15:58:10.0137 PM
[main] INFO com.shaft.tools.io.ReportManagerHelper - [ReportManager] File Action "DoesFileExist" successfully performed. With the following test data "File Path: "SteeringCompanyAPI_TestData/SteeringCompanyAPI_TestData.xlsx"". @12-10-2022 15:58:10.0137 PM
[main] INFO com.shaft.tools.io.ReportManagerHelper - [ReportManager] Successfully created attachment "Test Data - Excel" @12-10-2022 15:58:10.0167 PM
[main] INFO com.shaft.tools.io.ReportManagerHelper - [ReportManager] Debugging Attachment Entry @12-10-2022 15:58:10.0168 PM
PK&amp#3;&amp#4;&amp#20;&amp#0;&amp#6;&amp#0;&amp#8;&amp#0;&amp#0;&amp#0;!&amp#0;&amp#18;&amp#24;��d&amp#1;&amp#0;&amp#0;&amp#24;&amp#5;&amp#0;&amp#0;&amp#19;&amp#0;&amp#8;&amp#2;[Content_Types].xml �&amp#4;&amp#2;(�&amp#0;&amp#2;&amp#0;&amp#0;&amp#0;&amp#0;&amp#0;&amp#0;&amp#0;&amp#0;&amp#0;&amp#0;&amp#0;&amp#0;&amp#0;&amp#0;&amp#0;&amp#0;&amp#0;&amp#0;&amp#0;&amp#0;&amp#0;&amp#0;&amp#0;&amp#0;&amp#0;&amp#0;&amp#0;&amp#0;&amp#0;&amp#0;&amp#0;&amp#0;&amp#0;&amp#0;&amp#0;&amp#0;&amp#0;&amp#0;&amp#0;&amp#0;&amp#0;&amp#0;&amp#0;&amp#0;&amp#0;&amp#0;&amp#0;&amp#0;&amp#0;&amp#0;&amp#0;&amp#0;&amp#0;&amp#0;&amp#0;&amp#0;&amp#0;&amp#0;&amp#0;&amp#0;&amp#0;&amp#0;&amp#0;&amp#0;&amp#0;&amp#0;&amp#0;&amp#0;&amp#0;&amp#0;&amp#0;&amp#0;&amp#0;&amp#0;&amp#0;&amp#0;&amp#0;&amp#0;&amp#0;&amp#0;&amp#0;&amp#0;&amp#0;&amp#0;&amp#0;&amp#0;&amp#0;&amp#0;&amp#0;&amp#0;&amp#0;&amp#0;&amp#0;&amp#0;&amp#0;&amp#0;&amp#0;&amp#0;&amp#0;&amp#0;&amp#0;&amp#0;&amp#0;&amp#0;&amp#0;&amp#0;&amp#0;&amp#0;&amp#0;&amp#0;&amp#0;&amp#0;&amp#0;&amp#0;&amp#0;&amp#0;&amp#0;&amp#0;&amp#0;&amp#0;&amp#0;&amp#0;&amp#0;&amp#0;&amp#0;&amp#0;&amp#0;&amp#0;&amp#0;&amp#0;&amp#0;&amp#0;&amp#0;&amp#0;&amp#0;&amp#0;&amp#0;&amp#0;&amp#0;&amp#0;&amp#0;&amp#0;&amp#0;&amp#0;&amp#0;&amp#0;&amp#0;&amp#0;&amp#0;&amp#0;&amp#0;&amp#0;&amp#0;&amp#0;&amp#0;&amp#0;&amp#0;&amp#0;&amp#0;&amp#0;&amp#0;&amp#0;&amp#0;&amp#0;&amp#0;&amp#0;&amp#0;&amp#0;&amp#0;&amp#0;&amp#0;&amp#0;&amp#0;&amp#0;&amp#0;&amp#0;&amp#0;&amp#0;&amp#0;&amp#0;&amp#0;&amp#0;&amp#0;&amp#0;&amp#0;&amp#0;&amp#0;&amp#0;&amp#0;&amp#0;&amp#0;&amp#0;&amp#0;&amp#0;&amp#0;&amp#0;&amp#0;&amp#0;&amp#0;&amp#0;&amp#0;&amp#0;&amp#0;&amp#0;&amp#0;&amp#0;&amp#0;&amp#0;&amp#0;&amp#0;&amp#0;&amp#0;&amp#0;&amp#0;&amp#0;&amp#0;&amp#0;&amp#0;&amp#0;&amp#0;&amp#0;&amp#0;&amp#0;&amp#0;&amp#0;&amp#0;&amp#0;&amp#0;&amp#0;&amp#0;&amp#0;&amp#0;&amp#0;&amp#0;&amp#0;&amp#0;&amp#0;&amp#0;&amp#0;&amp#0;&amp#0;&amp#0;&amp#0;&amp#0;&amp#0;&amp#0;&amp#0;&amp#0;&amp#0;&amp#0;&amp#0;&amp#0;&amp#0;&amp#0;&amp#0;&amp#0;&amp#0;&amp#0;&amp#0;&amp#0;&amp#0;&amp#0;&amp#0;&amp#0;&amp#0;&amp#0;&amp#0;&amp#0;&amp#0;&amp#0;&amp#0;&amp#0;&amp#0;&amp#0;&amp#0;&amp#0;&amp#0;&amp#0;&amp#0;&amp#0;&amp#0;&amp#0;&amp#0;&amp#0;&amp#0;&amp#0;&amp#0;&amp#0;&amp#0;&amp#0;&amp#0;&amp#0;&amp#0;&amp#0;&amp#0;&amp#0;&amp#0;&amp#0;&amp#0;&amp#0;&amp#0;&amp#0;&amp#0;&amp#0;&amp#0;&amp#0;&amp#0;&amp#0;&amp#0;&amp#0;&amp#0;&amp#0;&amp#0;&amp#0;&amp#0;&amp#0;&amp#0;&amp#0;&amp#0;&amp#0;&amp#0;&amp#0;&amp#0;&amp#0;&amp#0;&amp#0;&amp#0;&amp#0;&amp#0;&amp#0;&amp#0;&amp#0;&amp#0;&amp#0;&amp#0;&amp#0;&amp#0;&amp#0;&amp#0;&amp#0;&amp#0;&amp#0;&amp#0;&amp#0;&amp#0;&amp#0;&amp#0;&amp#0;&amp#0;&amp#0;&amp#0;&amp#0;&amp#0;&amp#0;&amp#0;&amp#0;&amp#0;&amp#0;&amp#0;&amp#0;&amp#0;&amp#0;&amp#0;&amp#0;&amp#0;&amp#0;&amp#0;&amp#0;&amp#0;&amp#0;&amp#0;&amp#0;&amp#0;&amp#0;&amp#0;&amp#0;&amp#0;&amp#0;&amp#0;&amp#0;&amp#0;&amp#0;&amp#0;&amp#0;&amp#0;&amp#0;&amp#0;&amp#0;&amp#0;&amp#0;&amp#0;&amp#0;&amp#0;&amp#0;&amp#0;&amp#0;&amp#0;&amp#0;&amp#0;&amp#0;&amp#0;&amp#0;&amp#0;&amp#0;&amp#0;&amp#0;&amp#0;&amp#0;&amp#0;&amp#0;&amp#0;&amp#0;&amp#0;&amp#0;&amp#0;&amp#0;&amp#0;&amp#0;&amp#0;&amp#0;&amp#0;&amp#0;&amp#0;&amp#0;&amp#0;&amp#0;&amp#0;&amp#0;&amp#0;&amp#0;&amp#0;&amp#0;&amp#0;&amp#0;&amp#0;&amp#0;&amp#0;&amp#0;&amp#0;&amp#0;&amp#0;&amp#0;&amp#0;&amp#0;&amp#0;&amp#0;&amp#0;&amp#0;&amp#0;&amp#0;&amp#0;&amp#0;&amp#0;&amp#0;&amp#0;&amp#0;&amp#0;&amp#0;&amp#0;&amp#0;&amp#0;&amp#0;&amp#0;&amp#0;&amp#0;&amp#0;&amp#0;&amp#0;&amp#0;&amp#0;&amp#0;&amp#0;&amp#0;&amp#0;&amp#0;&amp#0;&amp#0;&amp#0;&amp#0;&amp#0;&amp#0;&amp#0;&amp#0;&amp#0;&amp#0;&amp#0;&amp#0;&amp#0;&amp#0;&amp#0;&amp#0;&amp#0;&amp#0;&amp#0;&amp#0;&amp#0;&amp#0;&amp#0;&amp#0;&amp#0;&amp#0;&amp#0;&amp#0;&amp#0;&amp#0;&amp#0;&amp#0;&amp#0;&amp#0;&amp#0;&amp#0;&amp#0;Ĕ�n�0&amp#12;���&amp#14;U�S&amp#27;�0M&amp#19;���&amp#28;7��&amp#7;�&amp#26;C#�$�
���&amp#27;`��&amp#14;�@ڥQ&amp#27;��~qc&amp#15;���f+�h�+E��&amp#12;\�q�R�O��;�!)���&amp#14;J�&amp#1;&amp#20;����p�	�&amp#25;g;,EM&amp#20;�Ī�Fa�&amp#3;8ޙ��(��8�AU&amp#11;5&amp#7;9��ne�&amp#29;���Z
1&amp#26;>�L--eOk��%�`Qd&amp#15;��֫&amp#20;*&amp#4;k*EL*WN�r�w&amp#14;&amp#5;g�&amp#24;�M�&amp#27;�&amp#16;�ӡ���`��ʥ�FC6Q�^T�&amp#24;rm姏�&amp#15;�&amp#23;�a�&amp#14;J?��
���
W��&amp#16;Ai�&amp#1;��EZ�F&amp#25;��>���Q��a��|I�D��?q&amp#16;�;��y~)�̑�#m,�&amp#18;=�\�&amp#8;��"w��&amp#1;~j&amp#31;���;�> wr�ӫ�o�6;&amp#15;,&amp#4;�&amp#12;|7kץ�v�)pv١�3&amp#26;t��Lsm�&amp#5;&amp#0;&amp#0;��&amp#3;&amp#0;PK&amp#3;&amp#4;&amp#20;&amp#0;&amp#6;&amp#0;&amp#8;&amp#0;&amp#0;&amp#0;!&amp#0;�U0#�&amp#0;&amp#0;&amp#0;L&amp#2;&amp#0;&amp#0;&amp#11;&amp#0;&amp#8;&amp#2;_rels/.rels �&amp#4;&amp#2;(�&amp#0;&amp#2;&amp#0;&amp#0;&amp#0;&amp#0;&amp#0;&amp#0;&amp#0;&amp#0;&amp#0;&amp#0;&amp#0;&amp#0;&amp#0;&amp#0;&amp#0;&amp#0;&amp#0;&amp#0;&amp#0;&amp#0;&amp#0;&amp#0;&amp#0;&amp#0;&amp#0;&amp#0;&amp#0;&amp#0;&amp#0;&amp#0;&amp#0;&amp#0;&amp#0;&amp#0;&amp#0;&amp#0;&amp#0;&amp#0;&amp#0;&amp#0;&amp#0;&amp#0;&amp#0;&amp#0;&amp#0;&amp#0;&amp#0;&amp#0;&amp#0;&amp#0;&amp#0;&amp#0;&amp#0;&amp#0;&amp#0;&amp#0;&amp#0;&amp#0;&amp#0;&amp#0;&amp#0;&amp#0;&amp#0;&amp#0;&amp#0;&amp#0;&amp#0;&amp#0;&amp#0;&amp#0;&amp#0;&amp#0;&amp#0;&amp#0;&amp#0;&amp#0;&amp#0;&amp#0;&amp#0;&amp#0;&amp#0;&amp#0;&amp#0;&amp#0;&amp#0;&amp#0;&amp#0;&amp#0;&amp#0;&amp#0;&amp#0;&amp#0;&amp#0;&amp#0;&amp#0;&amp#0;&amp#0;&amp#0;&amp#0;&amp#0;&amp#0;&amp#0;&amp#0;&amp#0;&amp#0;&amp#0;&amp#0;&amp#0;&amp#0;&amp#0;&amp#0;&amp#0;&amp#0;&amp#0;&amp#0;&amp#0;&amp#0;&amp#0;&amp#0;&amp#0;&amp#0;&amp#0;&amp#0;&amp#0;&amp#0;&amp#0;&amp#0;&amp#0;&amp#0;&amp#0;&amp#0;&amp#0;&amp#0;&amp#0;&amp#0;&amp#0;&amp#0;&amp#0;&amp#0;&amp#0;&amp#0;&amp#0;&amp#0;&amp#0;&amp#0;&amp#0;&amp#0;&amp#0;&amp#0;&amp#0;&amp#0;&amp#0;&amp#0;&amp#0;&amp#0;&amp#0;&amp#0;&amp#0;&amp#0;&amp#0;&amp#0;&amp#0;&amp#0;&amp#0;&amp#0;&amp#0;&amp#0;&amp#0;&amp#0;&amp#0;&amp#0;&amp#0;&amp#0;&amp#0;&amp#0;&amp#0;&amp#0;&amp#0;&amp#0;&amp#0;&amp#0;&amp#0;&amp#0;&amp#0;&amp#0;&amp#0;&amp#0;&amp#0;&amp#0;&amp#0;&amp#0;&amp#0;&amp#0;&amp#0;&amp#0;&amp#0;&amp#0;&amp#0;&amp#0;&amp#0;&amp#0;&amp#0;&amp#0;&amp#0;&amp#0;&amp#0;&amp#0;&amp#0;&amp#0;&amp#0;&amp#0;&amp#0;&amp#0;&amp#0;&amp#0;&amp#0;&amp#0;&amp#0;&amp#0;&amp#0;&amp#0;&amp#0;&amp#0;&amp#0;&amp#0;&amp#0;&amp#0;&amp#0;&amp#0;&amp#0;&amp#0;&amp#0;&amp#0;&amp#0;&amp#0;&amp#0;&amp#0;&amp#0;&amp#0;&amp#0;&amp#0;&amp#0;&amp#0;&amp#0;&amp#0;&amp#0;&amp#0;&amp#0;&amp#0;&amp#0;&amp#0;&amp#0;&amp#0;&amp#0;&amp#0;&amp#0;&amp#0;&amp#0;&amp#0;&amp#0;&amp#0;&amp#0;&amp#0;&amp#0;&amp#0;&amp#0;&amp#0;&amp#0;&amp#0;&amp#0;&amp#0;&amp#0;&amp#0;&amp#0;&amp#0;&amp#0;&amp#0;&amp#0;&amp#0;&amp#0;&amp#0;&amp#0;&amp#0;&amp#0;&amp#0;&amp#0;&amp#0;&amp#0;&amp#0;&amp#0;&amp#0;&amp#0;&amp#0;&amp#0;&amp#0;&amp#0;&amp#0;&amp#0;&amp#0;&amp#0;&amp#0;&amp#0;&amp#0;&amp#0;&amp#0;&amp#0;&amp#0;&amp#0;&amp#0;&amp#0;&amp#0;&amp#0;&amp#0;&amp#0;&amp#0;&amp#0;&amp#0;&amp#0;&amp#0;&amp#0;&amp#0;&amp#0;&amp#0;&amp#0;&amp#0;&amp#0;&amp#0;&amp#0;&amp#0;&amp#0;&amp#0;&amp#0;&amp#0;&amp#0;&amp#0;&amp#0;&amp#0;&amp#0;&amp#0;&amp#0;&amp#0;&amp#0;&amp#0;&amp#0;&amp#0;&amp#0;&amp#0;&amp#0;&amp#0;&amp#0;&amp#0;&amp#0;&amp#0;&amp#0;&amp#0;&amp#0;&amp#0;&amp#0;&amp#0;&amp#0;&amp#0;&amp#0;&amp#0;&amp#0;&amp#0;&amp#0;&amp#0;&amp#0;&amp#0;&amp#0;&amp#0;&amp#0;&amp#0;&amp#0;&amp#0;&amp#0;&amp#0;&amp#0;&amp#0;&amp#0;&amp#0;&amp#0;&amp#0;&amp#0;&amp#0;&amp#0;&amp#0;&amp#0;&amp#0;&amp#0;&amp#0;&amp#0;&amp#0;&amp#0;&amp#0;&amp#0;&amp#0;&amp#0;&amp#0;&amp#0;&amp#0;&amp#0;&amp#0;&amp#0;&amp#0;&amp#0;&amp#0;&amp#0;&amp#0;&amp#0;&amp#0;&amp#0;&amp#0;&amp#0;&amp#0;&amp#0;&amp#0;&amp#0;&amp#0;&amp#0;&amp#0;&amp#0;&amp#0;&amp#0;&amp#0;&amp#0;&amp#0;&amp#0;&amp#0;&amp#0;&amp#0;&amp#0;&amp#0;&amp#0;&amp#0;&amp#0;&amp#0;&amp#0;&amp#0;&amp#0;&amp#0;&amp#0;&amp#0;&amp#0;&amp#0;&amp#0;&amp#0;&amp#0;&amp#0;&amp#0;&amp#0;&amp#0;&amp#0;&amp#0;&amp#0;&amp#0;&amp#0;&amp#0;&amp#0;&amp#0;&amp#0;&amp#0;&amp#0;&amp#0;&amp#0;&amp#0;&amp#0;&amp#0;&amp#0;&amp#0;&amp#0;&amp#0;&amp#0;&amp#0;&amp#0;&amp#0;&amp#0;&amp#0;&amp#0;&amp#0;&amp#0;&amp#0;&amp#0;&amp#0;&amp#0;&amp#0;&amp#0;&amp#0;&amp#0;&amp#0;&amp#0;&amp#0;&amp#0;&amp#0;&amp#0;&amp#0;&amp#0;&amp#0;&amp#0;&amp#0;&amp#0;&amp#0;&amp#0;&amp#0;&amp#0;&amp#0;&amp#0;&amp#0;&amp#0;&amp#0;&amp#0;&amp#0;��MO�0&amp#12;��H�����ݐ&amp#16;BKwAH�!T~�I�&amp#15;���$&amp#27;ݿ'&amp#28;&amp#16;T&amp#26;�&amp#3;G�~����<���!��4��&amp#18;&amp#20;;#�w����qu&amp#7;*&r�Fq���&amp#17;v�����GJy(v��*����K��#F��D�&amp#16;�.W&amp#26;	&amp#19;�&amp#28;�&amp#22;=��Z�MY�b��&amp#1;�BS���7��ϛז��
?�9L�ҙ&amp#21;�sbgٮ|�l!��&amp#26;USh9i�b�r:"y_dl��D��&amp#19;�|-N��R"4&amp#18;�2�G�%��Z�4�˝y�7	ë��ɂ�&amp#31;��&amp#1;&amp#0;&amp#0;��&amp#3;&amp#0;PK&amp#3;&amp#4;&amp#20;&amp#0;&amp#6;&amp#0;&amp#8;&amp#0;&amp#0;&amp#0;!&amp#0;�N���&amp#3;&amp#0;&amp#0;_	&amp#0;&amp#0;&amp#15;&amp#0;&amp#0;&amp#0;xl/workbook.xml�Umo�8&amp#16;�~���(���!	&amp#16;&amp#21;Vy!�Je�h����*㘒#�s�S@���&amp#29;&amp#7;B�r:q�C�`{����g&�_ve��R.rV�ttc�&amp#26;�&amp#8;���e���&�@ׄ�U�&amp#11;Vё��B�2����-�%c&amp#27;
&amp#0;*1��R־i
��%&amp#22;7��&amp#21;�&amp#24;/��)1E�)�ĚRY&amp#22;�mY�Y��&amp#15;&amp#8;>�&amp#6;��V9�1#MI+y&amp#0;��&amp#18;�u^�&amp#14;�$����o�� ��&amp#1;b�&amp#23;�ܷ��V&amp#18;��b&amp#28;/&amp#11;p{�\m����&amp#15;Y0��M�uqU�&amp#19;�&amp#4;[�&amp#27;�6&amp#15;�/�G��Ї&amp#16;�.cp&amp#29;�cr���&amp#28;�Xq�&amp#19;��&amp#14;���FC �V+>&amp#4;�h��oWyA&amp#31;&amp#15;��p]ť�T�k&amp#5;&amp#22;r��f#�&amp#15;S��&amp#31;&amp#22;xS�M^���z�P7�'9ϸ��&amp#21;n
���;x�&amp#12;�&amp#27;ڮ�&amp#4;a&amp#4;���F���ã_?��&amp#22;;Z3P�6�79�PX�/�&amp#21;FL|�&amp#20;3,�ZË�&amp#30;�&amp#11;J
�<5T1�&amp#26;&amp#19;���g��E�&amp#20;�4x�&amp#11;IK&amp#17;���Bp��&amp#16;�&amp#5;���&amp#19;*�i�%N �b� )�P��*�j&amp#15;��S�W&amp#6;�3�����&amp#15;j�D�Є&amp#24;&amp#30;�<��1��.�;E�$���]|&amp#15;Y}���cPRvl&amp#1;w�D�{�&amp#8;���[&amp#28;8��űa&amp#15;&amp#2;�p&amp#2;�6�A��� ���&amp#14;�~�
��O&amp#24;n��(&amp#31;&amp#5;=�&amp#29;����&amp#20;�&amp#29;d�M���x��&amp#31;C=&amp#24;��o�a�(&amp#31;s�&amp#21;�BSSm��W&amp#25;ێt&amp#3;Y�h�&amp#31;��v�)��&amp#26;��&amp#3;���a�7����1�&amp#29;����_i����\�&amp#21;ϑ��&amp#14;Q?F�m��^�p���&amp#8;�!&amp#12;Iҏ���Dq��3�&amp#8;�
&amp#26;��O�j�J�A	&amp#1;�&amp#5;�}�A�5�[�]�����)���\Ag&amp#7;�q�&amp#14;ڭ&amp#26;�&amp#27;	.&amp#8;ԟz�7&amp#12;�u(N���B�o�	���3�XA�&amp#26;:�5鹆3&amp#24;�����F�����O�I�D�w��t�&amp#2;�X�1�)�d&amp#3;53��&amp#16;&amp#11;Pf&amp#27;	&amp#19;x��
�Ah������p��2��s&amp#12;7Nzn&amp#31;��ą4td���O�ǁٞ�X6P�m�s_��q���:,&amp#28;S����y�2s<�o�&amp#15;�}A�4N&amp#30;�4��N�镶����)��8��qp�}0�&amp#7;��?�+�&amp#12;�!�jlejv2&amp#25;&amp#7;&amp#0;&amp#0;��&amp#3;&amp#0;PK&amp#3;&amp#4;&amp#20;&amp#0;&amp#6;&amp#0;&amp#8;&amp#0;&amp#0;&amp#0;!&amp#0;J��a�&amp#0;&amp#0;&amp#0;G&amp#3;&amp#0;&amp#0;&amp#26;&amp#0;&amp#8;&amp#1;xl/_rels/workbook.xml.rels �&amp#4;&amp#1;(�&amp#0;&amp#1;&amp#0;&amp#0;&amp#0;&amp#0;&amp#0;&amp#0;&amp#0;&amp#0;&amp#0;&amp#0;&amp#0;&amp#0;&amp#0;&amp#0;&amp#0;&amp#0;&amp#0;&amp#0;&amp#0;&amp#0;&amp#0;&amp#0;&amp#0;&amp#0;&amp#0;&amp#0;&amp#0;&amp#0;&amp#0;&amp#0;&amp#0;&amp#0;&amp#0;&amp#0;&amp#0;&amp#0;&amp#0;&amp#0;&amp#0;&amp#0;&amp#0;&amp#0;&amp#0;&amp#0;&amp#0;&amp#0;&amp#0;&amp#0;&amp#0;&amp#0;&amp#0;&amp#0;&amp#0;&amp#0;&amp#0;&amp#0;&amp#0;&amp#0;&amp#0;&amp#0;&amp#0;&amp#0;&amp#0;&amp#0;&amp#0;&amp#0;&amp#0;&amp#0;&amp#0;&amp#0;&amp#0;&amp#0;&amp#0;&amp#0;&amp#0;&amp#0;&amp#0;&amp#0;&amp#0;&amp#0;&amp#0;&amp#0;&amp#0;&amp#0;&amp#0;&amp#0;&amp#0;&amp#0;&amp#0;&amp#0;&amp#0;&amp#0;&amp#0;&amp#0;&amp#0;&amp#0;&amp#0;&amp#0;&amp#0;&amp#0;&amp#0;&amp#0;&amp#0;&amp#0;&amp#0;&amp#0;&amp#0;&amp#0;&amp#0;&amp#0;&amp#0;&amp#0;&amp#0;&amp#0;&amp#0;&amp#0;&amp#0;&amp#0;&amp#0;&amp#0;&amp#0;&amp#0;&amp#0;&amp#0;&amp#0;&amp#0;&amp#0;&amp#0;&amp#0;&amp#0;&amp#0;&amp#0;&amp#0;&amp#0;&amp#0;&amp#0;&amp#0;&amp#0;&amp#0;&amp#0;&amp#0;&amp#0;&amp#0;&amp#0;&amp#0;&amp#0;&amp#0;&amp#0;&amp#0;&amp#0;&amp#0;&amp#0;&amp#0;&amp#0;&amp#0;&amp#0;&amp#0;&amp#0;&amp#0;&amp#0;&amp#0;&amp#0;&amp#0;&amp#0;&amp#0;&amp#0;&amp#0;&amp#0;&amp#0;&amp#0;&amp#0;&amp#0;&amp#0;&amp#0;&amp#0;&amp#0;&amp#0;&amp#0;&amp#0;&amp#0;&amp#0;&amp#0;&amp#0;&amp#0;&amp#0;&amp#0;&amp#0;&amp#0;&amp#0;&amp#0;&amp#0;&amp#0;&amp#0;&amp#0;&amp#0;&amp#0;&amp#0;&amp#0;&amp#0;&amp#0;&amp#0;&amp#0;&amp#0;&amp#0;&amp#0;&amp#0;&amp#0;&amp#0;&amp#0;&amp#0;&amp#0;&amp#0;&amp#0;&amp#0;&amp#0;&amp#0;&amp#0;&amp#0;&amp#0;&amp#0;&amp#0;&amp#0;&amp#0;&amp#0;&amp#0;&amp#0;&amp#0;&amp#0;&amp#0;&amp#0;&amp#0;&amp#0;&amp#0;&amp#0;&amp#0;&amp#0;&amp#0;&amp#0;&amp#0;&amp#0;&amp#0;&amp#0;&amp#0;&amp#0;&amp#0;&amp#0;&amp#0;&amp#0;&amp#0;&amp#0;&amp#0;&amp#0;&amp#0;&amp#0;&amp#0;&amp#0;���j�0&amp#12;��ѽq��P�:{)����&amp#7;0�&amp#18;�Mlc�?y����6���У$4�1�f�9��&amp#29;#u�)(�&amp#28;&amp#4;�ڛε
^�OW� ��3��&amp#14;&amp#21;�H��./6��kNOd�@"�8R`�Ã�T[&amp#28;4e>�K���As&amp#26;c+��&amp#15;�EY�����5��i��Q&amp#16;w�&amp#26;�~&amp#12;��om�4]���~&amp#27;��&amp#25;&amp#11;ɉ&amp#11;���-��i�^&amp#22;Y&amp#2;&amp#5;y��\����&amp#3;YD>q&amp#28;W$�K�&amp#4;S�3�b2�k�&amp#17;�&amp#11;�T>:�3[/%s�*&amp#12;�}���+4�?�rV��&amp#11;&amp#0;&amp#0;��&amp#3;&amp#0;PK&amp#3;&amp#4;&amp#20;&amp#0;&amp#6;&amp#0;&amp#8;&amp#0;&amp#0;&amp#0;!&amp#0;�xO��&amp#3;&amp#0;&amp#0;�&amp#8;&amp#0;&amp#0;&amp#24;&amp#0;&amp#0;&amp#0;xl/worksheets/sheet1.xml��[��0&amp#24;��&amp#23;�?��k<�U�&amp#29;���s�,{��4�&amp#26;j���Ӗe��~Ѷ3P&amp#24;ʀ1��>�!o��G١&amp#23;��P}�C?���Lբ�&amp#22;���K12��5�T�&amp#11;|�&amp#6;?�&amp#30;>-&amp#15;J�L˹E@�M�[k��&amp#16;�Z.����{�i���§�&amp#18;3hN�Q$;&amp#18;&amp#5;��H*z<&amp#17;r}&amp#15;C5�`�Tl/yo'��&amp#29;���i�`.4���I�w��cJ&amp#14;�؈N��&amp#8;�H��i�+M7&amp#29;�}&amp#12;&amp#19;��Q�&amp#19;��/a��7��`Z&amp#25;�X&amp#31;�d�����d��+���0aB4&amp#17;�&amp#0;_Q��R
gWV�
�?&amp#8;�_a�]:ߋ���d&amp#29;F�����Z�^�ā����[�e���E���?�Z�&amp#2;N�U�4o
�&amp#14;�2�d�&amp#28;��K��y�FΎ&amp#27;�vn�	�&amp#4;@0���&amp#25;&amp#3;�?&amp#23;�sU��B����&amp#11;�&amp#26;]�M��7t�����mk�$~&amp#2;�8;���䆁&amp#15;!�&amp#31;;,S&amp#29;0���p�	lD��|&amp#16;�ma���Y2O&amp#23;3���X%�7��I&amp#8;�&amp#31;�0��I�A&amp#22;;݆&amp#27;[	�˻&amp#12;h�&amp#20;<�@tƼ&amp#27;����&amp#7;&amp#0;&amp#0;��&amp#0;&amp#0;&amp#0;�����&amp#14;� &amp#20;�_��&amp#0;&amp#17;Z�&amp#28;����`��&amp#31;��Y�}&amp#23;+��ss�cǏ�9&amp#7;��Z�����x�<�6%�&amp#4;�&k
�d&amp#7;딄$Pw�5չi+�
ȓ�J./QjU֠m7&amp#17;ɸ2&amp#19;Nfİ
t
j�&amp#29;8�3N՗ȧD�&amp#19;Ŕ8���&amp#18;lk&amp#17;
il$&amp#8;�"Ek#�&amp#17;)ٓ�Fb&amp#12;e�!�&amp#27;���p&amp#4;�&amp#31;�q�-v&amp#11;��0�&amp#29;z�͜�v,&amp#17;�&amp#23;b�չ��&amp#3;�&amp#29;3���h�(�&amp#12;u&amp#15;��='3�t�+6�B�&amp#5;�&amp#8;^���n�&amp#8;�
&amp#22;
,&amp#8;G����o�&amp#6;&amp#0;&amp#0;��&amp#0;&amp#0;&amp#0;��l��&amp#14;�0&amp#16;E��&amp#30;�B&amp#3;6@��&.�&amp#8;��&amp#17;&amp#30;%C�&amp#26;�&amp#11;&amp#24;�Dw��Ž3A
������Y_&amp#26;&amp#19;R�F��&amp#18;�4�&amp#27;&&amp#20;��_υ���/�?��>
�{&amp#11;X&amp#21;M���{`�P��HB��dE�
�e��bJr�U&amp#22;cܷ\o�X&amp#27;[�-W���ʽ'm�&amp#28;���m��1Ƭh:RA�?e/�~���)&amp#27;ݎ�Sr���z�&amp#28;�&amp#4;p���Tk3���Uc��&amp#0;&z&amp#1;&amp#0;&amp#0;��&amp#3;&amp#0;PK&amp#3;&amp#4;&amp#20;&amp#0;&amp#6;&amp#0;&amp#8;&amp#0;&amp#0;&amp#0;!&amp#0;���C�&amp#2;&amp#0;&amp#0;�&amp#6;&amp#0;&amp#0;&amp#24;&amp#0;&amp#0;&amp#0;xl/worksheets/sheet2.xml��K��0&amp#20;����&amp#31;,�@�&amp#1;&amp#20;2
CQgW��v�%X����cT���&amp#2;Jf�,&amp#26;���b�&amp#15;�ǳ��&amp#17;�&amp#17;�ϩ�.(���Z�����^9	%Ʋ�f��!�/`�����I�i&amp#1;,ABor�Z;d�gx&amp#11;�&amp#25;W
��L��d&amp#22;&amp#31;��3�&amp#6;VO/��&amp#11;&amp#22;�ؓL�t&d�&amp#30;�j&amp#26;��T� ��3DC�,�7�&amp#24;̅&�=8���08\�&amp#1;&amp#17;[�	�2A)�<{��J�m�}���qr�x&amp#4;x./2����&amp#20;\+�&amp#26;�"ٛ=߶�z����t��]&amp#24;?�4&amp#28;Ÿ����}����
^a�w��+l�\:;�:��0H��S�D�S�EZ8�jS9Q\&�&MS�*����&amp#22;��cWDC�Ӎ��K�WS~~
8�75�l�
:�&amp#22;Pçd��V����&amp#25;�&amp#22;H4ӂ�ȸ&amp#21;Gx���i���ߓ&amp#6;�(�]&amp#21;��&amp#23;�j
�&amp#23;Mjhء�_��3�]kQ6tCltLJV��`8F&amp#20;���7W&amp#29;2�J�&amp#24;5L&amp#24;;�^Emۜ�n&amp#28;��8�(ق��&amp#24;�����J������+&amp#3;�O&amp#12;�����M���O&amp#30;�&amp#11;�&?�&amp#0;&amp#0;&amp#0;��&amp#0;&amp#0;&amp#0;����[&amp#14;� &amp#16;E�Ұ&amp#0;)��&amp#26;J�%� �?}&amp#4;���VC[P&amp#19;�ȝ&amp#3;�a`���&amp#19;�I�L{KL�&amp#8;Jl'&amp#27;&amp#11;�"�u�2���um}jM-݈�I.Uq~&amp#8;m�n KW&amp#20;q��&amp#19;&amp#14;�&amp#17;�6�-�=�2�s�՛8��nIT1�_&amp#18;"&H�&amp#17;&amp#12;�����yK?݁��y`=�m&amp#2;�y�d��H?K�?$����@r&amp#24;C�I6]3&amp#14;����8�&amp#29;���&amp#19;&amp#0;&amp#0;��&amp#0;&amp#0;&amp#0;���)HLO�M,J��+V�IM+�U2�3WR(�Lπ�K�&amp#11;���J
I�%%��0^FjbJj&amp#17;�g�����_&amp#2;������&amp#23;e&amp#23;g����&amp#1;&amp#0;&amp#0;&amp#0;��&amp#3;&amp#0;PK&amp#3;&amp#4;&amp#20;&amp#0;&amp#6;&amp#0;&amp#8;&amp#0;&amp#0;&amp#0;!&amp#0;�&amp#23;&amp#16;�N&amp#7;&amp#0;&amp#0;� &amp#0;&amp#0;&amp#19;&amp#0;&amp#0;&amp#0;xl/theme/theme1.xml�Y͋&amp#27;7&amp#20;�&amp#23;�?&amp#12;sw�5�%���l��$d��&amp#28;���QV32��&amp#27;&amp#19;&amp#2;%9�R(���Bo=��@&amp#3;
��	$��&amp#31;�'��#��$�lJZv
�G������~z�t�ҽ�zG�&amp#11;�_�P�=��ؘ$Ӗk8(4|OH��&amp#17;e	n�&amp#11;,�K۟~r&amp#17;m�&amp#8;��&amp#3;�Dl��&amp#31;I9�*&amp#22;�&amp#8;����f8��&��H�#�&amp#22;�&amp#28;&amp#29;�ޘ&amp#22;+�R�&amp#24;#��^�bP{}2!#�
�J{��O�1�B
�(�W��%���òB���R�&amp#29;!��a�1;&amp#30;�{��(&amp#18;&amp#18;~h�%��&amp#23;�/&amp#22;�V&D�&amp#6;YCn��2�L`|X�s���j� &amp#8;�Z{�_&amp#3;�\����Z��ҧ&amp#1;h4�����:�n�a
P�ա�W�U�&amp#22;��_]��&amp#29;���נT��&amp#31;&amp#12;��E&amp#11;�A)>\Ç�f�g�נ&amp#20;_[��K�^P��kPDIr��.��jw��&amp#21;d��&amp#19;�&amp#12;�A��)�Q�
��RSLX"7�Z��2>&amp#0;�&amp#2;R$I���&amp#12;O�&amp#8;���(9���%�&amp#8;&amp#18;o�&amp#18;&`�T)
JU��>���#��02��]`�X&amp#27;R�xb��L��+��7 /�={����=����_���*Kn&amp#7;%SS�Տ_���&amp#23;�_�����7��'��Ŀ��˗���:����&amp#21;/�}���&amp#23;�}��O�&amp#29;��&amp#28;&amp#29;��!����c�&�a�&amp#14;��&amp#1;?��0BĒ@&amp#17;�v����&amp#2;^[ ��u����&amp#28;X�&amp#5;�<�kٺ&amp#31;�$���F�&amp#5;�c�v&amp#24;w:ચ���p�Lݓ󹉻�Бk�.J�&amp#0;��3�W�Rٍ�e�
�&amp#18;��8��S��C�&amp#29;��C���=2�L����&amp#16;����%Cr`%R.�Cb���e �����m�èk�=|d#a[ �0~�����h.Q�R9D15&amp#29;��d�2r�G&�/$Dz�)��c,�K�:��&amp#26;A�
&amp#12;�&amp#14;�&amp#30;]�6�Kr�ҹ�&amp#24;3�=v؍P<s�L���~&&amp#14;!E�w�I&amp#23;|��;D=C&amp#28;P�1ܷ	���f"�&amp#5;�j��'��e�&amp#29;�����&amp#31;&amp#23;t���e�<�ص͉3;:�ڻ&amp#24;St��&amp#24;{�>sX�a3���W"`�&amp#29;�J�+��U��`&amp#1;e��k�)r�&amp#8;+e��m�goq�x&amp#22;(�&amp#17;ߤ�&amp#26;D�J]8�Tz��&amp#14;M�5&amp#2;�&amp#31;��)�&amp#5;�0���I�&amp#8;Yg�z&amp#22;�|]p+~o��`_�=�&amp#4;&amp#25;|j&amp#25; ����&amp#16;Qk�<a�&amp#8;
&amp#12;&amp#23;݂�&amp#21;�\D��Zl؛6&amp#15;&amp#3;&amp#20;FV�&amp#19;���ω�'�w�&amp#30;w&amp#1;s&amp#6;&amp#5;�[���:�(e�D��	�&amp#31;,kzh���p��s�yUs^�����f�^>�e�k��Z����Aj��|��&���O���3!���&amp#5;ŻBw}&amp#4;�ь&amp#7;0��Q�'�j&amp#1;�"��5�,ܔ#-�q&?'2ڏ�&amp#12;ZCe����L�Tx3&�c��u+&amp#21;�Э�N�x���Ng�����&amp#11;&amp#5;��x)\�C�J��Z=�ޭ��~�TwY�&amp#6;(��&amp#24;aLf&amp#27;Qu&amp#24;Q_&amp#14;B&amp#20;^g�^ٙX�tX�PꗡZFq�
0m&amp#21;&amp#21;x���E��A�A�f&amp#28;��c&amp#21;������
ΙFz�3��&amp#1;Pb/3 �tSٺqyjui��E�-#�t��0�0�&amp#23;�,;͖�Yƺ���2O�b�&amp#27;r3�&amp#15;&amp#17;kE"'��&&S��;n��j&amp#8;�*#4k�&amp#19;�&amp#24;��x&amp#6;�#�[&amp#23;�S�v&amp#25;I�n�wa�&amp#25;&amp#23;��D�:\�N�&amp#6;1��{��-_-�
4�&amp#28;�m+W�&amp#16;>Z�@+&amp#31;�q&amp#16;t;�x2�#i��&amp#24;Q�N&amp#31;��S�p����&amp#29;�$�&amp#28;½&amp#31;���&amp#3;:�7&amp#17;�XX/+&amp#7;�����r��1���&amp#21;���w�`�h׼��9��#:�Pv��d��5����O+&amp#31;&amp#24;Oٚ���.<��&amp#3;��O�7&amp#31;��s&amp#6;i�g��*��t��;�
��CԲ*�n�N-r�k.�&amp#14;&amp#18;�yJ���}�&amp#3;�0-��2MY�NÊ��Q۴3,&amp#8;&amp#12;O�6�muF8=�'?ȝ�Zu@,�J����ܼ�f&amp#7;w�<zp8�R�PBo�#(��&amp#27;Ȕ6`�ܓY�&amp#8;߼9'-�~)l&amp#7;�J�-�&amp#26;a�&amp#16;T�R�&amp#17;���v&amp#24;V���\�u*&amp#15;�`�Q\&amp#14;���&amp#1;\a�Evi���.���-ͅ&amp#17;��L_�&amp#23;����\�|q�&amp#17; ���ʠYmvj�f�=(&amp#4;�N����:�^�[�
zݰ�&amp#28;<�#
&amp#14;��nP�7
�r�[&amp#8;j%e~�Y�&amp#7;�J;��&amp#27;��� +c`�)}d�&amp#0;�j���&amp#1;&amp#0;&amp#0;��&amp#3;&amp#0;PK&amp#3;&amp#4;&amp#20;&amp#0;&amp#6;&amp#0;&amp#8;&amp#0;&amp#0;&amp#0;!&amp#0;&amp#6;}&amp#23;y�&amp#3;&amp#0;&amp#0;�
&amp#0;&amp#0;
&amp#0;&amp#0;&amp#0;xl/styles.xml�V�n�8&amp#16;}_`�A໢K,�6,&amp#21;�E�&amp#2;ݢ@���R&amp#18;%&amp#19;�E����E�}��d+�81����s�vf��ǎ3瑨�J&amp#17;���G&amp#14;&amp#17;�,��b��}�.��h,
̤ 1:�&amp#6;}L~�m��##w&amp#7;B�&amp#3;&amp#16;���A�z�yM~ &amp#28;77�&&amp#2;NJ�8ְU��Ԋ�1J�y���=��@=�׀p�&amp#30;���%���&amp#25;eT&amp#31;-&amp#22;rx��\	�p���.���邹
�N�F���&amp#29;Ns%&amp#27;Y�&amp#27;��dYҜ<ww�-=���&amp#0;�}HA����;�N����#5�Cɺ�B7N.[�c4&amp#3;GM
V&amp#15;B�#Rs&amp#4;&amp#21;&amp#30;n%���&amp#25;H&amp#2;�%�\2�&amp#28;
���Y����7���LQs�Ĝ�c/&amp#14;��V{��)��&amp#8;=�G�M�nͭWl�F�W&amp#25;�.&amp#24;SU&amp#22;�t�]o0?`�&amp#0;��D=&amp#11;���&amp#8;k&amp#19;�@�(c�:��d
��D�&amp#20;N�a}��`&amp#2;z��&amp#14;�޼])|&amp#12;��z�F2Z&amp#24;�T[K�!���C��&amp#27;���&amp#1;4�|���&amp#19;�
/�qm��7�&amp#23;�m�i��5k&amp#20;r�IU��&amp#27;��4B/J֌�&amp#26;�P�:�-k&amp#19;��&amp#26;fA�.(����&amp#16;{�&amp#24;&amp#22;&amp#0;�&amp#19;���,��<a��ݕ�hy���"F0UMK�K�°���
�_R
@�e%&amp#7;�5;~myFTjG��f��'�����b�&amp#18;��I&amp#1;�Y�oJj�k�)�m�M��c��9W�NW�L����P��&amp#21;��&amp#5;�i�O��x�L4�n��t]�|�k�
C�
�����&amp#0;p%֋��٘�ô
|&amp#2;z�8&amp#7;��wP4ߎ&amp#28;�C��ߕ�&amp#30;�.@�IW<�&amp#19;�&amp#28;3'c�&amp#7;&amp#12;/Ũx�/�%&amp#5;�"k)�T&amp#24;�,�i�A�!9&amp#27;&amp#21; m&amp#19;��q&amp#22;�(�sW�Sm�&amp#6;�_O�&amp#1;FAJ�2}:��y�')hˁIío�Qj&amp#11;&amp#17;����&amp#25;&amp#30;�����_&amp#26;�����*&amp#26;���&amp#15;��>
݅�Y��[&amp#18;��h�s��v�ۥK?��?&/��x��&amp#7;&amp#21;L�`�j&amp#24;�b�&amp#16;����Y&amp#22;�ɦwߎlp{��2�����w�[?pgs�p&amp#23;���M� ��g�}�F&amp#19;ߣw�c|/&amp#8;�&amp#23;�q>Zi�	Pc��X��&amp#20;�&amp#4;�W���Jx��j�&amp#31;&amp#0;&amp#0;&amp#0;��&amp#3;&amp#0;PK&amp#3;&amp#4;&amp#20;&amp#0;&amp#6;&amp#0;&amp#8;&amp#0;&amp#0;&amp#0;!&amp#0;�"� 6&amp#1;&amp#0;&amp#0;A&amp#2;&amp#0;&amp#0;&amp#20;&amp#0;&amp#0;&amp#0;xl/sharedStrings.xmllR�J&amp#3;1&amp#16;|&amp#23;��#ｴUD��&amp#21;��P����Oeͭ��esf�U�ޜ
B�cfvfg�&amp#20;�&amp#15;�f&amp#7;&amp#12;l=�j�&amp#15;U�d|miW���vp�2&amp#22;�&amp#26;ZOX�Od5�NO
fɢ��T�H7њM�&amp#14;8�&amp#29;Rd^|p �&amp#25;v���Ps�(�����B;��2��$qoܲ'����/p���mUH5�y��/��ۻ�j]h�
�&amp#19;?�ڿ"m� M���8���4�&amp#26;�ϩ�%&amp#0;q�X㩵���.U~Kt&amp#12;�:�qRw��7���e�&amp#30;D-�&amp#17;-��T�a&amp#12;&amp#15;�0ŗ���C��Ѥ�)�&amp#8;��s���&amp#26;&amp#4;F�p&amp#15;���g)�B�X,&amp#31;͐Z��N�&amp#3;&amp#19;[��ų&amp#14;���O��&amp#23;��&amp#0;&amp#0;&amp#0;��&amp#3;&amp#0;PK&amp#3;&amp#4;&amp#20;&amp#0;&amp#6;&amp#0;&amp#8;&amp#0;&amp#0;&amp#0;!&amp#0;�����&amp#0;&amp#0;&amp#0;V&amp#1;&amp#0;&amp#0;#&amp#0;&amp#0;&amp#0;xl/worksheets/_rels/sheet1.xml.rels���j�0&amp#12;&amp#6;��`�`to��0�H�K7�a��=����4������g&amp#24;�&amp#21;&amp#6;;
I�~4�.i5�Tj&amp#20;&amp#30;a��`�����&amp#8;&amp#31;���&amp#19;���&amp#30;Wa&amp#26;�J&amp#21;v����N+j[�!�j��u������.P��I&n�YJBmeYlFw�C�?��ۀ��4&amp#7;?B9�-��5����2���^�9&amp#17;�&amp#31;'lhRY#�&amp#26;�e!�fkˌg
&amp#27;OI:Ν&amp#22;䚥ht�m�:'��,��oy^.J�q&amp#5;;
��&amp#27;�&amp#23;&amp#0;&amp#0;&amp#0;��&amp#3;&amp#0;PK&amp#3;&amp#4;&amp#20;&amp#0;&amp#6;&amp#0;&amp#8;&amp#0;&amp#0;&amp#0;!&amp#0;|��{R&amp#1;&amp#0;&amp#0;�&amp#2;&amp#0;&amp#0;&amp#17;&amp#0;&amp#8;&amp#1;docProps/core.xml �&amp#4;&amp#1;(�&amp#0;&amp#1;&amp#0;&amp#0;&amp#0;&amp#0;&amp#0;&amp#0;&amp#0;&amp#0;&amp#0;&amp#0;&amp#0;&amp#0;&amp#0;&amp#0;&amp#0;&amp#0;&amp#0;&amp#0;&amp#0;&amp#0;&amp#0;&amp#0;&amp#0;&amp#0;&amp#0;&amp#0;&amp#0;&amp#0;&amp#0;&amp#0;&amp#0;&amp#0;&amp#0;&amp#0;&amp#0;&amp#0;&amp#0;&amp#0;&amp#0;&amp#0;&amp#0;&amp#0;&amp#0;&amp#0;&amp#0;&amp#0;&amp#0;&amp#0;&amp#0;&amp#0;&amp#0;&amp#0;&amp#0;&amp#0;&amp#0;&amp#0;&amp#0;&amp#0;&amp#0;&amp#0;&amp#0;&amp#0;&amp#0;&amp#0;&amp#0;&amp#0;&amp#0;&amp#0;&amp#0;&amp#0;&amp#0;&amp#0;&amp#0;&amp#0;&amp#0;&amp#0;&amp#0;&amp#0;&amp#0;&amp#0;&amp#0;&amp#0;&amp#0;&amp#0;&amp#0;&amp#0;&amp#0;&amp#0;&amp#0;&amp#0;&amp#0;&amp#0;&amp#0;&amp#0;&amp#0;&amp#0;&amp#0;&amp#0;&amp#0;&amp#0;&amp#0;&amp#0;&amp#0;&amp#0;&amp#0;&amp#0;&amp#0;&amp#0;&amp#0;&amp#0;&amp#0;&amp#0;&amp#0;&amp#0;&amp#0;&amp#0;&amp#0;&amp#0;&amp#0;&amp#0;&amp#0;&amp#0;&amp#0;&amp#0;&amp#0;&amp#0;&amp#0;&amp#0;&amp#0;&amp#0;&amp#0;&amp#0;&amp#0;&amp#0;&amp#0;&amp#0;&amp#0;&amp#0;&amp#0;&amp#0;&amp#0;&amp#0;&amp#0;&amp#0;&amp#0;&amp#0;&amp#0;&amp#0;&amp#0;&amp#0;&amp#0;&amp#0;&amp#0;&amp#0;&amp#0;&amp#0;&amp#0;&amp#0;&amp#0;&amp#0;&amp#0;&amp#0;&amp#0;&amp#0;&amp#0;&amp#0;&amp#0;&amp#0;&amp#0;&amp#0;&amp#0;&amp#0;&amp#0;&amp#0;&amp#0;&amp#0;&amp#0;&amp#0;&amp#0;&amp#0;&amp#0;&amp#0;&amp#0;&amp#0;&amp#0;&amp#0;&amp#0;&amp#0;&amp#0;&amp#0;&amp#0;&amp#0;&amp#0;&amp#0;&amp#0;&amp#0;&amp#0;&amp#0;&amp#0;&amp#0;&amp#0;&amp#0;&amp#0;&amp#0;&amp#0;&amp#0;&amp#0;&amp#0;&amp#0;&amp#0;&amp#0;&amp#0;&amp#0;&amp#0;&amp#0;&amp#0;&amp#0;&amp#0;&amp#0;&amp#0;&amp#0;&amp#0;&amp#0;&amp#0;&amp#0;&amp#0;&amp#0;&amp#0;&amp#0;&amp#0;&amp#0;&amp#0;&amp#0;&amp#0;&amp#0;&amp#0;&amp#0;&amp#0;&amp#0;&amp#0;&amp#0;&amp#0;&amp#0;&amp#0;&amp#0;&amp#0;&amp#0;&amp#0;&amp#0;&amp#0;&amp#0;&amp#0;&amp#0;&amp#0;&amp#0;&amp#0;��_O�0&amp#20;��M�&amp#14;��P`��&amp#1;&amp#22;�M&amp#31;41qF�[�ލFZ�����[`Č1�������4�nd&amp#29;|���Q&amp#5;J�&amp#24;&amp#5;�XÅZ&amp#21;�y>&amp#11;�Q`&amp#29;U�֍�&amp#2;m��iy|�3MXc��4&amp#26;�&amp#19;`&amp#3;OR�0]��9M0��&amp#2;Im�&amp#21;�&amp#23;�����_��w�&amp#2;���)��(���&amp#22;&amp#24;ꁈvH�&amp#6;��0u&amp#7;�&amp#12;C
&amp#18;��8�&amp#18;��u`�������R����vv�l����X1&amp#8;��u��t6��&amp#4;�>�?uQC��]1@e�&amp#25;a&amp#6;�kLy&amp#7;��2�X���'��mE�X�x�j7ZS�&amp#30;��&amp#2;�����C���&amp#5;���&amp#25;�2�&amp#3;�+/����&amp#12;�i��a&amp#18;�q6O&$�_��z���F�/���?�&amp#25;I3rr6"�&amp#1;e�&amp#15;�M�&amp#5;&amp#0;&amp#0;��&amp#3;&amp#0;PK&amp#3;&amp#4;&amp#20;&amp#0;&amp#6;&amp#0;&amp#8;&amp#0;&amp#0;&amp#0;!&amp#0;e�3�&amp#1;&amp#0;&amp#0;9&amp#3;&amp#0;&amp#0;&amp#16;&amp#0;&amp#8;&amp#1;docProps/app.xml �&amp#4;&amp#1;(�&amp#0;&amp#1;&amp#0;&amp#0;&amp#0;&amp#0;&amp#0;&amp#0;&amp#0;&amp#0;&amp#0;&amp#0;&amp#0;&amp#0;&amp#0;&amp#0;&amp#0;&amp#0;&amp#0;&amp#0;&amp#0;&amp#0;&amp#0;&amp#0;&amp#0;&amp#0;&amp#0;&amp#0;&amp#0;&amp#0;&amp#0;&amp#0;&amp#0;&amp#0;&amp#0;&amp#0;&amp#0;&amp#0;&amp#0;&amp#0;&amp#0;&amp#0;&amp#0;&amp#0;&amp#0;&amp#0;&amp#0;&amp#0;&amp#0;&amp#0;&amp#0;&amp#0;&amp#0;&amp#0;&amp#0;&amp#0;&amp#0;&amp#0;&amp#0;&amp#0;&amp#0;&amp#0;&amp#0;&amp#0;&amp#0;&amp#0;&amp#0;&amp#0;&amp#0;&amp#0;&amp#0;&amp#0;&amp#0;&amp#0;&amp#0;&amp#0;&amp#0;&amp#0;&amp#0;&amp#0;&amp#0;&amp#0;&amp#0;&amp#0;&amp#0;&amp#0;&amp#0;&amp#0;&amp#0;&amp#0;&amp#0;&amp#0;&amp#0;&amp#0;&amp#0;&amp#0;&amp#0;&amp#0;&amp#0;&amp#0;&amp#0;&amp#0;&amp#0;&amp#0;&amp#0;&amp#0;&amp#0;&amp#0;&amp#0;&amp#0;&amp#0;&amp#0;&amp#0;&amp#0;&amp#0;&amp#0;&amp#0;&amp#0;&amp#0;&amp#0;&amp#0;&amp#0;&amp#0;&amp#0;&amp#0;&amp#0;&amp#0;&amp#0;&amp#0;&amp#0;&amp#0;&amp#0;&amp#0;&amp#0;&amp#0;&amp#0;&amp#0;&amp#0;&amp#0;&amp#0;&amp#0;&amp#0;&amp#0;&amp#0;&amp#0;&amp#0;&amp#0;&amp#0;&amp#0;&amp#0;&amp#0;&amp#0;&amp#0;&amp#0;&amp#0;&amp#0;&amp#0;&amp#0;&amp#0;&amp#0;&amp#0;&amp#0;&amp#0;&amp#0;&amp#0;&amp#0;&amp#0;&amp#0;&amp#0;&amp#0;&amp#0;&amp#0;&amp#0;&amp#0;&amp#0;&amp#0;&amp#0;&amp#0;&amp#0;&amp#0;&amp#0;&amp#0;&amp#0;&amp#0;&amp#0;&amp#0;&amp#0;&amp#0;&amp#0;&amp#0;&amp#0;&amp#0;&amp#0;&amp#0;&amp#0;&amp#0;&amp#0;&amp#0;&amp#0;&amp#0;&amp#0;&amp#0;&amp#0;&amp#0;&amp#0;&amp#0;&amp#0;&amp#0;&amp#0;&amp#0;&amp#0;&amp#0;&amp#0;&amp#0;&amp#0;&amp#0;&amp#0;&amp#0;&amp#0;&amp#0;&amp#0;&amp#0;&amp#0;&amp#0;&amp#0;&amp#0;&amp#0;&amp#0;&amp#0;&amp#0;&amp#0;&amp#0;&amp#0;&amp#0;&amp#0;&amp#0;&amp#0;&amp#0;&amp#0;&amp#0;&amp#0;&amp#0;&amp#0;&amp#0;&amp#0;&amp#0;&amp#0;&amp#0;&amp#0;&amp#0;&amp#0;&amp#0;&amp#0;&amp#0;&amp#0;&amp#0;&amp#0;&amp#0;���k�0&amp#16;��&amp#7;�&amp#31;��&amp#27;��(#�*%��`c���c��s,bKBw5����c�:�àow�}|�|'��C�f=$t�&amp#23;�r��&amp#12;�
��Bܗ�.��&amp#12;��ʴ�C!���Z��6)DH�&amp#0;3��X��(��D�@gp��g�&amp#14;�3�m��P���m�O&amp#29;x��<��p �&amp#21;T&amp#23;q
&amp#20;c⪧��V�&amp#14;|�P&amp#30;#&amp#3;ku&amp#19;c�!�J���&amp#20;0Ԕ}=Xh�����`����Ε��jkM&amp#11;k&amp#14;ֵi&amp#17;�|&amp#25;�;0��6�%Ԫ�U&amp#15;�B����-E�� &amp#12;8��Mr�&amp#19;c
��9�mDJ�wH{l&amp#0;&amp#8;�d�8<�s�v���d���8&amp#4;� ,�#��Z�_��$�&amp#31;�a�&amp#29;qn6�&amp#31;o
�9��Z�=��Q&amp#2;�k�&amp#25;�+�u��GF��&amp#31;���>��s�y��C�mL��/5�e&amp#26;�;�xj��uc�&amp#14;�g�[ax$&amp#15;㟠/�&amp#22;����?�)����?&amp#0;&amp#0;&amp#0;��&amp#3;&amp#0;PK&amp#1;&amp#2;-&amp#0;&amp#20;&amp#0;&amp#6;&amp#0;&amp#8;&amp#0;&amp#0;&amp#0;!&amp#0;&amp#18;&amp#24;��d&amp#1;&amp#0;&amp#0;&amp#24;&amp#5;&amp#0;&amp#0;&amp#19;&amp#0;&amp#0;&amp#0;&amp#0;&amp#0;&amp#0;&amp#0;&amp#0;&amp#0;&amp#0;&amp#0;&amp#0;&amp#0;&amp#0;&amp#0;&amp#0;&amp#0;[Content_Types].xmlPK&amp#1;&amp#2;-&amp#0;&amp#20;&amp#0;&amp#6;&amp#0;&amp#8;&amp#0;&amp#0;&amp#0;!&amp#0;�U0#�&amp#0;&amp#0;&amp#0;L&amp#2;&amp#0;&amp#0;&amp#11;&amp#0;&amp#0;&amp#0;&amp#0;&amp#0;&amp#0;&amp#0;&amp#0;&amp#0;&amp#0;&amp#0;&amp#0;&amp#0;�&amp#3;&amp#0;&amp#0;_rels/.relsPK&amp#1;&amp#2;-&amp#0;&amp#20;&amp#0;&amp#6;&amp#0;&amp#8;&amp#0;&amp#0;&amp#0;!&amp#0;�N���&amp#3;&amp#0;&amp#0;_	&amp#0;&amp#0;&amp#15;&amp#0;&amp#0;&amp#0;&amp#0;&amp#0;&amp#0;&amp#0;&amp#0;&amp#0;&amp#0;&amp#0;&amp#0;&amp#0;�&amp#6;&amp#0;&amp#0;xl/workbook.xmlPK&amp#1;&amp#2;-&amp#0;&amp#20;&amp#0;&amp#6;&amp#0;&amp#8;&amp#0;&amp#0;&amp#0;!&amp#0;J��a�&amp#0;&amp#0;&amp#0;G&amp#3;&amp#0;&amp#0;&amp#26;&amp#0;&amp#0;&amp#0;&amp#0;&amp#0;&amp#0;&amp#0;&amp#0;&amp#0;&amp#0;&amp#0;&amp#0;&amp#0;�
&amp#0;&amp#0;xl/_rels/workbook.xml.relsPK&amp#1;&amp#2;-&amp#0;&amp#20;&amp#0;&amp#6;&amp#0;&amp#8;&amp#0;&amp#0;&amp#0;!&amp#0;�xO��&amp#3;&amp#0;&amp#0;�&amp#8;&amp#0;&amp#0;&amp#24;&amp#0;&amp#0;&amp#0;&amp#0;&amp#0;&amp#0;&amp#0;&amp#0;&amp#0;&amp#0;&amp#0;&amp#0;&amp#0;�&amp#12;&amp#0;&amp#0;xl/worksheets/sheet1.xmlPK&amp#1;&amp#2;-&amp#0;&amp#20;&amp#0;&amp#6;&amp#0;&amp#8;&amp#0;&amp#0;&amp#0;!&amp#0;���C�&amp#2;&amp#0;&amp#0;�&amp#6;&amp#0;&amp#0;&amp#24;&amp#0;&amp#0;&amp#0;&amp#0;&amp#0;&amp#0;&amp#0;&amp#0;&amp#0;&amp#0;&amp#0;&amp#0;&amp#0;�&amp#16;&amp#0;&amp#0;xl/worksheets/sheet2.xmlPK&amp#1;&amp#2;-&amp#0;&amp#20;&amp#0;&amp#6;&amp#0;&amp#8;&amp#0;&amp#0;&amp#0;!&amp#0;�&amp#23;&amp#16;�N&amp#7;&amp#0;&amp#0;� &amp#0;&amp#0;&amp#19;&amp#0;&amp#0;&amp#0;&amp#0;&amp#0;&amp#0;&amp#0;&amp#0;&amp#0;&amp#0;&amp#0;&amp#0;&amp#0;&amp#2;&amp#20;&amp#0;&amp#0;xl/theme/theme1.xmlPK&amp#1;&amp#2;-&amp#0;&amp#20;&amp#0;&amp#6;&amp#0;&amp#8;&amp#0;&amp#0;&amp#0;!&amp#0;&amp#6;}&amp#23;y�&amp#3;&amp#0;&amp#0;�
&amp#0;&amp#0;
&amp#0;&amp#0;&amp#0;&amp#0;&amp#0;&amp#0;&amp#0;&amp#0;&amp#0;&amp#0;&amp#0;&amp#0;&amp#0;�&amp#27;&amp#0;&amp#0;xl/styles.xmlPK&amp#1;&amp#2;-&amp#0;&amp#20;&amp#0;&amp#6;&amp#0;&amp#8;&amp#0;&amp#0;&amp#0;!&amp#0;�"� 6&amp#1;&amp#0;&amp#0;A&amp#2;&amp#0;&amp#0;&amp#20;&amp#0;&amp#0;&amp#0;&amp#0;&amp#0;&amp#0;&amp#0;&amp#0;&amp#0;&amp#0;&amp#0;&amp#0;&amp#0;Y&amp#31;&amp#0;&amp#0;xl/sharedStrings.xmlPK&amp#1;&amp#2;-&amp#0;&amp#20;&amp#0;&amp#6;&amp#0;&amp#8;&amp#0;&amp#0;&amp#0;!&amp#0;�����&amp#0;&amp#0;&amp#0;V&amp#1;&amp#0;&amp#0;#&amp#0;&amp#0;&amp#0;&amp#0;&amp#0;&amp#0;&amp#0;&amp#0;&amp#0;&amp#0;&amp#0;&amp#0;&amp#0;� &amp#0;&amp#0;xl/worksheets/_rels/sheet1.xml.relsPK&amp#1;&amp#2;-&amp#0;&amp#20;&amp#0;&amp#6;&amp#0;&amp#8;&amp#0;&amp#0;&amp#0;!&amp#0;|��{R&amp#1;&amp#0;&amp#0;�&amp#2;&amp#0;&amp#0;&amp#17;&amp#0;&amp#0;&amp#0;&amp#0;&amp#0;&amp#0;&amp#0;&amp#0;&amp#0;&amp#0;&amp#0;&amp#0;&amp#0;�!&amp#0;&amp#0;docProps/core.xmlPK&amp#1;&amp#2;-&amp#0;&amp#20;&amp#0;&amp#6;&amp#0;&amp#8;&amp#0;&amp#0;&amp#0;!&amp#0;e�3�&amp#1;&amp#0;&amp#0;9&amp#3;&amp#0;&amp#0;&amp#16;&amp#0;&amp#0;&amp#0;&amp#0;&amp#0;&amp#0;&amp#0;&amp#0;&amp#0;&amp#0;&amp#0;&amp#0;&amp#0;h$&amp#0;&amp#0;docProps/app.xmlPK&amp#5;&amp#6;&amp#0;&amp#0;&amp#0;&amp#0;&amp#12;&amp#0;&amp#12;&amp#0;&amp#23;&amp#3;&amp#0;&amp#0;2'&amp#0;&amp#0;&amp#0;&amp#0;

[main] INFO com.shaft.tools.io.ReportManagerHelper - [ReportManager] Setting discrete logging to: "true" @12-10-2022 15:58:10.0977 PM
[main] INFO com.shaft.tools.io.ReportManagerHelper - [ReportManager] Response status code: "200", status line: "HTTP/1.1 200 OK" @12-10-2022 15:58:10.0977 PM
[main] INFO com.shaft.tools.io.ReportManagerHelper - [ReportManager] Setting discrete logging to: "false" @12-10-2022 15:58:10.0978 PM
[main] INFO com.shaft.tools.io.ReportManagerHelper - [ReportManager] Successfully created attachment "API Request - Specifications" @12-10-2022 15:58:10.0993 PM
[main] INFO com.shaft.tools.io.ReportManagerHelper - [ReportManager] Debugging Attachment Entry @12-10-2022 15:58:10.0993 PM
Headers:
_______________

Content-Type=application/x-www-form-urlencoded


[main] INFO com.shaft.tools.io.ReportManagerHelper - [ReportManager] Successfully created attachment "API Request - Body" @12-10-2022 15:58:10.0994 PM
[main] INFO com.shaft.tools.io.ReportManagerHelper - [ReportManager] Debugging Attachment Entry @12-10-2022 15:58:10.0994 PM
��&amp#0;&amp#5;t&amp#0;Ausername=tokhi&password=123&grant_type=password&client_id=tic-api

[main] INFO com.shaft.tools.io.ReportManagerHelper - [ReportManager] Successfully created attachment "API Response - JSON Body" @12-10-2022 15:58:10.0995 PM
[main] INFO com.shaft.tools.io.ReportManagerHelper - [ReportManager] Debugging Attachment Entry @12-10-2022 15:58:10.0995 PM
{
  "access_token": "eyJhbGciOiJSUzI1NiIsInR5cCIgOiAiSldUIiwia2lkIiA6ICJjck9ORDFNdFVPVWhzS2Mtb0ppVFFmb0o1d1l4REF6Y3k0ZjNYZ0dveGdZIn0.eyJleHAiOjE2NjU1ODMzODksImlhdCI6MTY2NTU4MzA4OSwianRpIjoiZTM2YzQ0MjctNThmZi00ODM0LTlkZmQtYzc5ZjUwZTdkY2U5IiwiaXNzIjoiaHR0cHM6Ly9hdXRoLWRlbW8ubnAudHJhbnNwb3J0aWNvbmxpbmUuY29tL2F1dGgvcmVhbG1zL3RpYyIsImF1ZCI6ImFjY291bnQiLCJzdWIiOiI0ZTk3NmQ0NC1iM2ZkLTRjYTktODk1Ny0wYWJiODUwNzNhNzQiLCJ0eXAiOiJCZWFyZXIiLCJhenAiOiJ0aWMtYXBpIiwic2Vzc2lvbl9zdGF0ZSI6ImZlNGY3ZWE4LTIxODYtNGIwNy1iZTJmLTAxNTE0MzBmODMyNiIsImFjciI6IjEiLCJhbGxvd2VkLW9yaWdpbnMiOlsiaHR0cHM6Ly9hcGktZGV2Lm5wLnRyYW5zcG9ydGljb25saW5lLmNvbSJdLCJyZWFsbV9hY2Nlc3MiOnsicm9sZXMiOlsib2ZmbGluZV9hY2Nlc3MiLCJkZWZhdWx0LXJvbGVzLXRpYyIsInVtYV9hdXRob3JpemF0aW9uIiwidXNlciJdfSwicmVzb3VyY2VfYWNjZXNzIjp7ImFjY291bnQiOnsicm9sZXMiOlsibWFuYWdlLWFjY291bnQiLCJtYW5hZ2UtYWNjb3VudC1saW5rcyIsInZpZXctcHJvZmlsZSJdfX0sInNjb3BlIjoiZW1haWwgcHJvZmlsZSIsInNpZCI6ImZlNGY3ZWE4LTIxODYtNGIwNy1iZTJmLTAxNTE0MzBmODMyNiIsImVtYWlsX3ZlcmlmaWVkIjpmYWxzZSwicHJlZmVycmVkX3VzZXJuYW1lIjoidG9raGkiLCJ0Y0lkIjoiMzE5OTU3In0.aLlkqVvAjVaa1QOY2oeaG73bURukpn5He1nefV0UkShPLuNqNXLbE30rGnlRurxeqWWXc6z8FsyCq-kyqSAzSLwRjDMilo_7gI9TK9QKGRYAPg3n-tuF8ayWQFp0MyhDPpxwQe0Oo1NVpQ2mpm6CmcdtrjSivzcBqVMDIVAj4ZgCPqvrUDpMc4d7DAXMeNQykUjMKXAoxkwivt343w_UlqeMSbltl6bEVI_EtfPryprgsGNoTTYj6wlUipqmBaXqXSjcmL9d038dy4CLZ-BIn5uijvkWiE1esGFofXXX3Hl8pxCO7_4jW9pbN5jUMOwTRzFSY9Flu-Yssz2wrqTNew",
  "refresh_token": "eyJhbGciOiJIUzI1NiIsInR5cCIgOiAiSldUIiwia2lkIiA6ICJkMTFjNTY4Yi1iMjAyLTQzYjgtYTBiMy1hYWI4ZWMyYWQzZDEifQ.eyJleHAiOjE2NjU1ODQ4ODksImlhdCI6MTY2NTU4MzA4OSwianRpIjoiZjcyZjhhYWMtMjRiNC00ZmZhLWE1NjUtNjJhMjg3NTY1ZGVjIiwiaXNzIjoiaHR0cHM6Ly9hdXRoLWRlbW8ubnAudHJhbnNwb3J0aWNvbmxpbmUuY29tL2F1dGgvcmVhbG1zL3RpYyIsImF1ZCI6Imh0dHBzOi8vYXV0aC1kZW1vLm5wLnRyYW5zcG9ydGljb25saW5lLmNvbS9hdXRoL3JlYWxtcy90aWMiLCJzdWIiOiI0ZTk3NmQ0NC1iM2ZkLTRjYTktODk1Ny0wYWJiODUwNzNhNzQiLCJ0eXAiOiJSZWZyZXNoIiwiYXpwIjoidGljLWFwaSIsInNlc3Npb25fc3RhdGUiOiJmZTRmN2VhOC0yMTg2LTRiMDctYmUyZi0wMTUxNDMwZjgzMjYiLCJzY29wZSI6ImVtYWlsIHByb2ZpbGUiLCJzaWQiOiJmZTRmN2VhOC0yMTg2LTRiMDctYmUyZi0wMTUxNDMwZjgzMjYifQ.Hfb9PLCVVWDLD1ELvfI1Smns3XiJ50gTIjEytOagPy4",
  "refresh_expires_in": 1800,
  "not-before-policy": 0,
  "scope": "email profile",
  "token_type": "Bearer",
  "session_state": "fe4f7ea8-2186-4b07-be2f-0151430f8326",
  "expires_in": 300
}

[main] INFO com.shaft.tools.io.ReportManagerHelper - [ReportManager] Successfully created attachment "Validation Test Data - Expected Value" @12-10-2022 15:58:10.0996 PM
[main] INFO com.shaft.tools.io.ReportManagerHelper - [ReportManager] Debugging Attachment Entry @12-10-2022 15:58:10.0996 PM
access_token

[main] INFO com.shaft.tools.io.ReportManagerHelper - [ReportManager] Successfully created attachment "Validation Test Data - Actual Value" @12-10-2022 15:58:10.0997 PM
[main] INFO com.shaft.tools.io.ReportManagerHelper - [ReportManager] Debugging Attachment Entry @12-10-2022 15:58:10.0997 PM
{"access_token":"eyJhbGciOiJSUzI1NiIsInR5cCIgOiAiSldUIiwia2lkIiA6ICJjck9ORDFNdFVPVWhzS2Mtb0ppVFFmb0o1d1l4REF6Y3k0ZjNYZ0dveGdZIn0.eyJleHAiOjE2NjU1ODMzODksImlhdCI6MTY2NTU4MzA4OSwianRpIjoiZTM2YzQ0MjctNThmZi00ODM0LTlkZmQtYzc5ZjUwZTdkY2U5IiwiaXNzIjoiaHR0cHM6Ly9hdXRoLWRlbW8ubnAudHJhbnNwb3J0aWNvbmxpbmUuY29tL2F1dGgvcmVhbG1zL3RpYyIsImF1ZCI6ImFjY291bnQiLCJzdWIiOiI0ZTk3NmQ0NC1iM2ZkLTRjYTktODk1Ny0wYWJiODUwNzNhNzQiLCJ0eXAiOiJCZWFyZXIiLCJhenAiOiJ0aWMtYXBpIiwic2Vzc2lvbl9zdGF0ZSI6ImZlNGY3ZWE4LTIxODYtNGIwNy1iZTJmLTAxNTE0MzBmODMyNiIsImFjciI6IjEiLCJhbGxvd2VkLW9yaWdpbnMiOlsiaHR0cHM6Ly9hcGktZGV2Lm5wLnRyYW5zcG9ydGljb25saW5lLmNvbSJdLCJyZWFsbV9hY2Nlc3MiOnsicm9sZXMiOlsib2ZmbGluZV9hY2Nlc3MiLCJkZWZhdWx0LXJvbGVzLXRpYyIsInVtYV9hdXRob3JpemF0aW9uIiwidXNlciJdfSwicmVzb3VyY2VfYWNjZXNzIjp7ImFjY291bnQiOnsicm9sZXMiOlsibWFuYWdlLWFjY291bnQiLCJtYW5hZ2UtYWNjb3VudC1saW5rcyIsInZpZXctcHJvZmlsZSJdfX0sInNjb3BlIjoiZW1haWwgcHJvZmlsZSIsInNpZCI6ImZlNGY3ZWE4LTIxODYtNGIwNy1iZTJmLTAxNTE0MzBmODMyNiIsImVtYWlsX3ZlcmlmaWVkIjpmYWxzZSwicHJlZmVycmVkX3VzZXJuYW1lIjoidG9raGkiLCJ0Y0lkIjoiMzE5OTU3In0.aLlkqVvAjVaa1QOY2oeaG73bURukpn5He1nefV0UkShPLuNqNXLbE30rGnlRurxeqWWXc6z8FsyCq-kyqSAzSLwRjDMilo_7gI9TK9QKGRYAPg3n-tuF8ayWQFp0MyhDPpxwQe0Oo1NVpQ2mpm6CmcdtrjSivzcBqVMDIVAj4ZgCPqvrUDpMc4d7DAXMeNQykUjMKXAoxkwivt343w_UlqeMSbltl6bEVI_EtfPryprgsGNoTTYj6wlUipqmBaXqXSjcmL9d038dy4CLZ-BIn5uijvkWiE1esGFofXXX3Hl8pxCO7_4jW9pbN5jUMOwTRzFSY9Flu-Yssz2wrqTNew","expires_in":300,"refresh_expires_in":1800,"refresh_token":"eyJhbGciOiJIUzI1NiIsInR5cCIgOiAiSldUIiwia2lkIiA6ICJkMTFjNTY4Yi1iMjAyLTQzYjgtYTBiMy1hYWI4ZWMyYWQzZDEifQ.eyJleHAiOjE2NjU1ODQ4ODksImlhdCI6MTY2NTU4MzA4OSwianRpIjoiZjcyZjhhYWMtMjRiNC00ZmZhLWE1NjUtNjJhMjg3NTY1ZGVjIiwiaXNzIjoiaHR0cHM6Ly9hdXRoLWRlbW8ubnAudHJhbnNwb3J0aWNvbmxpbmUuY29tL2F1dGgvcmVhbG1zL3RpYyIsImF1ZCI6Imh0dHBzOi8vYXV0aC1kZW1vLm5wLnRyYW5zcG9ydGljb25saW5lLmNvbS9hdXRoL3JlYWxtcy90aWMiLCJzdWIiOiI0ZTk3NmQ0NC1iM2ZkLTRjYTktODk1Ny0wYWJiODUwNzNhNzQiLCJ0eXAiOiJSZWZyZXNoIiwiYXpwIjoidGljLWFwaSIsInNlc3Npb25fc3RhdGUiOiJmZTRmN2VhOC0yMTg2LTRiMDctYmUyZi0wMTUxNDMwZjgzMjYiLCJzY29wZSI6ImVtYWlsIHByb2ZpbGUiLCJzaWQiOiJmZTRmN2VhOC0yMTg2LTRiMDctYmUyZi0wMTUxNDMwZjgzMjYifQ.Hfb9PLCVVWDLD1ELvfI1Smns3XiJ50gTIjEytOagPy4","token_type":"Bearer","not-before-policy":0,"session_state":"fe4f7ea8-2186-4b07-be2f-0151430f8326","scope":"email profile"}

[main] INFO com.shaft.tools.io.ReportManagerHelper - [ReportManager] Get response jsonvalue "access_token". @12-10-2022 15:58:11.0000 PM
[main] INFO com.shaft.tools.io.ReportManagerHelper - [ReportManager] Successfully created attachment "Validation Test Data - Expected Value" @12-10-2022 15:58:11.0001 PM
[main] INFO com.shaft.tools.io.ReportManagerHelper - [ReportManager] Debugging Attachment Entry @12-10-2022 15:58:11.0001 PM
null

[main] INFO com.shaft.tools.io.ReportManagerHelper - [ReportManager] Successfully created attachment "Validation Test Data - Actual Value" @12-10-2022 15:58:11.0002 PM
[main] INFO com.shaft.tools.io.ReportManagerHelper - [ReportManager] Debugging Attachment Entry @12-10-2022 15:58:11.0002 PM
eyJhbGciOiJSUzI1NiIsInR5cCIgOiAiSldUIiwia2lkIiA6ICJjck9ORDFNdFVPVWhzS2Mtb0ppVFFmb0o1d1l4REF6Y3k0ZjNYZ0dveGdZIn0.eyJleHAiOjE2NjU1ODMzODksImlhdCI6MTY2NTU4MzA4OSwianRpIjoiZTM2YzQ0MjctNThmZi00ODM0LTlkZmQtYzc5ZjUwZTdkY2U5IiwiaXNzIjoiaHR0cHM6Ly9hdXRoLWRlbW8ubnAudHJhbnNwb3J0aWNvbmxpbmUuY29tL2F1dGgvcmVhbG1zL3RpYyIsImF1ZCI6ImFjY291bnQiLCJzdWIiOiI0ZTk3NmQ0NC1iM2ZkLTRjYTktODk1Ny0wYWJiODUwNzNhNzQiLCJ0eXAiOiJCZWFyZXIiLCJhenAiOiJ0aWMtYXBpIiwic2Vzc2lvbl9zdGF0ZSI6ImZlNGY3ZWE4LTIxODYtNGIwNy1iZTJmLTAxNTE0MzBmODMyNiIsImFjciI6IjEiLCJhbGxvd2VkLW9yaWdpbnMiOlsiaHR0cHM6Ly9hcGktZGV2Lm5wLnRyYW5zcG9ydGljb25saW5lLmNvbSJdLCJyZWFsbV9hY2Nlc3MiOnsicm9sZXMiOlsib2ZmbGluZV9hY2Nlc3MiLCJkZWZhdWx0LXJvbGVzLXRpYyIsInVtYV9hdXRob3JpemF0aW9uIiwidXNlciJdfSwicmVzb3VyY2VfYWNjZXNzIjp7ImFjY291bnQiOnsicm9sZXMiOlsibWFuYWdlLWFjY291bnQiLCJtYW5hZ2UtYWNjb3VudC1saW5rcyIsInZpZXctcHJvZmlsZSJdfX0sInNjb3BlIjoiZW1haWwgcHJvZmlsZSIsInNpZCI6ImZlNGY3ZWE4LTIxODYtNGIwNy1iZTJmLTAxNTE0MzBmODMyNiIsImVtYWlsX3ZlcmlmaWVkIjpmYWxzZSwicHJlZmVycmVkX3VzZXJuYW1lIjoidG9raGkiLCJ0Y0lkIjoiMzE5OTU3In0.aLlkqVvAjVaa1QOY2oeaG73bURukpn5He1nefV0UkShPLuNqNXLbE30rGnlRurxeqWWXc6z8FsyCq-kyqSAzSLwRjDMilo_7gI9TK9QKGRYAPg3n-tuF8ayWQFp0MyhDPpxwQe0Oo1NVpQ2mpm6CmcdtrjSivzcBqVMDIVAj4ZgCPqvrUDpMc4d7DAXMeNQykUjMKXAoxkwivt343w_UlqeMSbltl6bEVI_EtfPryprgsGNoTTYj6wlUipqmBaXqXSjcmL9d038dy4CLZ-BIn5uijvkWiE1esGFofXXX3Hl8pxCO7_4jW9pbN5jUMOwTRzFSY9Flu-Yssz2wrqTNew

[main] INFO com.shaft.tools.io.ReportManagerHelper - [ReportManager] File Action "DoesFileExist" successfully performed. With the following test data "File Path: "Token_schema.json"". @12-10-2022 15:58:11.0002 PM
[main] INFO com.shaft.tools.io.ReportManagerHelper - [ReportManager] File Action "DoesFileExist" successfully performed. With the following test data "File Path: "src/test/resources/testDataFiles/Token_schema.json"". @12-10-2022 15:58:11.0002 PM
[main] INFO com.shaft.tools.io.ReportManagerHelper - [ReportManager] File Action "GetAbsolutePath" successfully performed. With the following test data "Relative Folder Path: "src/test/resources/testDataFiles/Token_schema.json"". @12-10-2022 15:58:11.0002 PM
[main] INFO com.shaft.tools.io.ReportManagerHelper - [ReportManager] File Action "DoesFileExist" successfully performed. With the following test data "File Path: "C:\eclipse-workspace\MyProjects\TASystemsAPIs\src\test\resources\testDataFiles\Token_schema.json"". @12-10-2022 15:58:11.0007 PM
[main] INFO com.shaft.tools.io.ReportManagerHelper - [ReportManager] File Action "GetAbsolutePath" successfully performed. With the following test data "Relative Folder Path: "C:\eclipse-workspace\MyProjects\TASystemsAPIs\src\test\resources\testDataFiles\Token_schema.json"". @12-10-2022 15:58:11.0008 PM
[main] INFO com.shaft.tools.io.ReportManagerHelper - [ReportManager] File Action "ReadFromFile" successfully performed. With the following test data "File Path: "C:\eclipse-workspace\MyProjects\TASystemsAPIs\src\test\resources\testDataFiles\Token_schema.json"". @12-10-2022 15:58:11.0008 PM
[main] INFO com.shaft.tools.io.ReportManagerHelper - [ReportManager] Successfully created attachment "Validation Test Data - Expected JSON Value" @12-10-2022 15:58:11.0010 PM
[main] INFO com.shaft.tools.io.ReportManagerHelper - [ReportManager] Debugging Attachment Entry @12-10-2022 15:58:11.0010 PM
{
  "$schema": "http://json-schema.org/draft-04/schema#",
  "type": "object",
  "properties": {
    "access_token": {
      "type": "string"
    },
    "refresh_token": {
      "type": "string"
    },
    "refresh_expires_in": {
      "type": "integer"
    },
    "not-before-policy": {
      "type": "integer"
    },
    "scope": {
      "type": "string"
    },
    "token_type": {
      "type": "string"
    },
    "session_state": {
      "type": "string"
    },
    "expires_in": {
      "type": "integer"
    }
  },
  "required": [
    "access_token",
    "expires_in",
    "refresh_expires_in",
    "refresh_token",
    "token_type",
    "not-before-policy",
    "session_state",
    "scope"
  ]
}

[main] INFO com.shaft.tools.io.ReportManagerHelper - [ReportManager] Successfully created attachment "Validation Test Data - Actual JSON Value" @12-10-2022 15:58:11.0011 PM
[main] INFO com.shaft.tools.io.ReportManagerHelper - [ReportManager] Debugging Attachment Entry @12-10-2022 15:58:11.0011 PM
{
  "access_token": "eyJhbGciOiJSUzI1NiIsInR5cCIgOiAiSldUIiwia2lkIiA6ICJjck9ORDFNdFVPVWhzS2Mtb0ppVFFmb0o1d1l4REF6Y3k0ZjNYZ0dveGdZIn0.eyJleHAiOjE2NjU1ODMzODksImlhdCI6MTY2NTU4MzA4OSwianRpIjoiZTM2YzQ0MjctNThmZi00ODM0LTlkZmQtYzc5ZjUwZTdkY2U5IiwiaXNzIjoiaHR0cHM6Ly9hdXRoLWRlbW8ubnAudHJhbnNwb3J0aWNvbmxpbmUuY29tL2F1dGgvcmVhbG1zL3RpYyIsImF1ZCI6ImFjY291bnQiLCJzdWIiOiI0ZTk3NmQ0NC1iM2ZkLTRjYTktODk1Ny0wYWJiODUwNzNhNzQiLCJ0eXAiOiJCZWFyZXIiLCJhenAiOiJ0aWMtYXBpIiwic2Vzc2lvbl9zdGF0ZSI6ImZlNGY3ZWE4LTIxODYtNGIwNy1iZTJmLTAxNTE0MzBmODMyNiIsImFjciI6IjEiLCJhbGxvd2VkLW9yaWdpbnMiOlsiaHR0cHM6Ly9hcGktZGV2Lm5wLnRyYW5zcG9ydGljb25saW5lLmNvbSJdLCJyZWFsbV9hY2Nlc3MiOnsicm9sZXMiOlsib2ZmbGluZV9hY2Nlc3MiLCJkZWZhdWx0LXJvbGVzLXRpYyIsInVtYV9hdXRob3JpemF0aW9uIiwidXNlciJdfSwicmVzb3VyY2VfYWNjZXNzIjp7ImFjY291bnQiOnsicm9sZXMiOlsibWFuYWdlLWFjY291bnQiLCJtYW5hZ2UtYWNjb3VudC1saW5rcyIsInZpZXctcHJvZmlsZSJdfX0sInNjb3BlIjoiZW1haWwgcHJvZmlsZSIsInNpZCI6ImZlNGY3ZWE4LTIxODYtNGIwNy1iZTJmLTAxNTE0MzBmODMyNiIsImVtYWlsX3ZlcmlmaWVkIjpmYWxzZSwicHJlZmVycmVkX3VzZXJuYW1lIjoidG9raGkiLCJ0Y0lkIjoiMzE5OTU3In0.aLlkqVvAjVaa1QOY2oeaG73bURukpn5He1nefV0UkShPLuNqNXLbE30rGnlRurxeqWWXc6z8FsyCq-kyqSAzSLwRjDMilo_7gI9TK9QKGRYAPg3n-tuF8ayWQFp0MyhDPpxwQe0Oo1NVpQ2mpm6CmcdtrjSivzcBqVMDIVAj4ZgCPqvrUDpMc4d7DAXMeNQykUjMKXAoxkwivt343w_UlqeMSbltl6bEVI_EtfPryprgsGNoTTYj6wlUipqmBaXqXSjcmL9d038dy4CLZ-BIn5uijvkWiE1esGFofXXX3Hl8pxCO7_4jW9pbN5jUMOwTRzFSY9Flu-Yssz2wrqTNew",
  "refresh_token": "eyJhbGciOiJIUzI1NiIsInR5cCIgOiAiSldUIiwia2lkIiA6ICJkMTFjNTY4Yi1iMjAyLTQzYjgtYTBiMy1hYWI4ZWMyYWQzZDEifQ.eyJleHAiOjE2NjU1ODQ4ODksImlhdCI6MTY2NTU4MzA4OSwianRpIjoiZjcyZjhhYWMtMjRiNC00ZmZhLWE1NjUtNjJhMjg3NTY1ZGVjIiwiaXNzIjoiaHR0cHM6Ly9hdXRoLWRlbW8ubnAudHJhbnNwb3J0aWNvbmxpbmUuY29tL2F1dGgvcmVhbG1zL3RpYyIsImF1ZCI6Imh0dHBzOi8vYXV0aC1kZW1vLm5wLnRyYW5zcG9ydGljb25saW5lLmNvbS9hdXRoL3JlYWxtcy90aWMiLCJzdWIiOiI0ZTk3NmQ0NC1iM2ZkLTRjYTktODk1Ny0wYWJiODUwNzNhNzQiLCJ0eXAiOiJSZWZyZXNoIiwiYXpwIjoidGljLWFwaSIsInNlc3Npb25fc3RhdGUiOiJmZTRmN2VhOC0yMTg2LTRiMDctYmUyZi0wMTUxNDMwZjgzMjYiLCJzY29wZSI6ImVtYWlsIHByb2ZpbGUiLCJzaWQiOiJmZTRmN2VhOC0yMTg2LTRiMDctYmUyZi0wMTUxNDMwZjgzMjYifQ.Hfb9PLCVVWDLD1ELvfI1Smns3XiJ50gTIjEytOagPy4",
  "refresh_expires_in": 1800,
  "not-before-policy": 0,
  "scope": "email profile",
  "token_type": "Bearer",
  "session_state": "fe4f7ea8-2186-4b07-be2f-0151430f8326",
  "expires_in": 300
}

[main] INFO com.shaft.tools.io.ReportManagerHelper - [ReportManager] Successfully created attachment "SHAFT Engine Logs - Current Method log: Valid_Token_RQ_TC" @12-10-2022 15:58:11.0066 PM
[main] INFO com.shaft.tools.io.ReportManagerHelper - [ReportManager] Setting discrete logging to: "false" @12-10-2022 15:58:11.0066 PM
]]></system-err>
  </testcase>
</testsuite>