<?xml version="1.0" encoding="UTF-8"?>
<testsuite xmlns:xsi="http://www.w3.org/2001/XMLSchema-instance" xsi:noNamespaceSchemaLocation="https://maven.apache.org/surefire/maven-surefire-plugin/xsd/surefire-test-report-3.0.xsd" version="3.0" name="TestSuite" time="159.269" tests="168" errors="0" skipped="0" failures="0">
  <properties>
    <property name="appender.console.type" value="Console"/>
    <property name="appender.console.layout.pattern" value="%d{${LOG_DATEFORMAT_PATTERN:-yyyy-MM-dd HH:mm:ss.SSS}} %highlight{${LOG_LEVEL_PATTERN:-%5p}}{FATAL=red blink, ERROR=red, WARN=yellow bold, INFO=green, DEBUG=green bold, TRACE=blue} %style{[@%L - %t]}{magenta} %style{%logger{36}}{cyan} : %m%n${LOG_EXCEPTION_CONVERSION_WORD:-}"/>
    <property name="cucumber.publish.quiet" value="true"/>
    <property name="java.specification.version" value="17"/>
    <property name="sun.cpu.isalist" value="amd64"/>
    <property name="capabilities.appiumVersion" value=""/>
    <property name="sun.arch.data.model" value="64"/>
    <property name="projectKey" value=""/>
    <property name="testDataFolderPath" value="src/test/resources/testDataFiles/"/>
    <property name="imitatePort" value="8000"/>
    <property name="java.vendor.url" value="https://java.oracle.com/"/>
    <property name="jiraUrl" value="https://"/>
    <property name="cucumber.filter.name" value=""/>
    <property name="propertiesFolderPath_CI" value=""/>
    <property name="ReportBugs" value="false"/>
    <property name="allureResultsFolderPath" value="allure-results/"/>
    <property name="sun.boot.library.path" value="C:\Program Files\Java\jdk-17.0.2\bin"/>
    <property name="sun.java.command" value="C:\Users\HeshamAbdElhamedGhar\AppData\Local\Temp\surefire14263256460125444622\surefirebooter-20230112115548554_3.jar C:\Users\HeshamAbdElhamedGhar\AppData\Local\Temp\surefire14263256460125444622 2023-01-12T11-55-48_277-jvmRun1 surefire-20230112115548554_1tmp surefire_0-20230112115548554_2tmp"/>
    <property name="jdk.debug" value="release"/>
    <property name="appender.console.filter.threshold.type" value="ThresholdFilter"/>
    <property name="maximumPerformanceMode" value="0"/>
    <property name="autoMaximizeBrowserWindow" value="true"/>
    <property name="extentReportsFolderPath" value="extent-reports/"/>
    <property name="java.specification.vendor" value="Oracle Corporation"/>
    <property name="shaftEngineVersion" value="SHAFT Engine v6.4.20221215"/>
    <property name="java.version.date" value="2022-01-18"/>
    <property name="java.home" value="C:\Program Files\Java\jdk-17.0.2"/>
    <property name="testng.dtd.http" value="true"/>
    <property name="attemptClearBeforeTypingUsingBackspace" value="false"/>
    <property name="isMobileEmulation" value="false"/>
    <property name="basedir" value="C:\eclipse-workspace\MyProjects\TASystemsAPIs"/>
    <property name="alwaysLogDiscreetly" value="false"/>
    <property name="java.specification.name" value="Java Platform API Specification"/>
    <property name="java.vm.specification.vendor" value="Oracle Corporation"/>
    <property name="browserStack.appName" value=""/>
    <property name="mobileEmulation.userAgent" value=""/>
    <property name="videoParams_recordVideo" value="false"/>
    <property name="assignee" value=""/>
    <property name="video.save.mode" value="ALL"/>
    <property name="rootLogger" value="debug, STDOUT, LOGFILE"/>
    <property name="user.script" value=""/>
    <property name="appender.file.layout.type" value="PatternLayout"/>
    <property name="sun.management.compiler" value="HotSpot 64-Bit Tiered Compilers"/>
    <property name="browserStack.local" value="false"/>
    <property name="browserStack.geoLocation" value=""/>
    <property name="generateAllureReportArchive" value="false"/>
    <property name="java.runtime.version" value="17.0.2+8-LTS-86"/>
    <property name="appender.file.fileName" value="target/logs/log4j.log"/>
    <property name="watermarkImagePath" value="images/shaft_white_bg.png"/>
    <property name="browserStack.deviceName" value=""/>
    <property name="browserStack.browserVersion" value=""/>
    <property name="tinkey.kms.credentialPath" value=""/>
    <property name="file.encoding" value="Cp1252"/>
    <property name="forceCheckForElementVisibility" value="true"/>
    <property name="capabilities.deviceQuery" value=""/>
    <property name="cleanAllureResultsDirectoryBeforeExecution" value="true"/>
    <property name="appender.file.filter.threshold.type" value="ThresholdFilter"/>
    <property name="java.io.tmpdir" value="C:\Users\HESHAM~1\AppData\Local\Temp\"/>
    <property name="databaseNetworkTimeout" value="30"/>
    <property name="reportPath" value="target/surefire-reports/testng-results.xml"/>
    <property name="java.version" value="17.0.2"/>
    <property name="java.vm.specification.name" value="Java Virtual Machine Specification"/>
    <property name="databaseLoginTimeout" value="30"/>
    <property name="dockerCommandTimeout" value="30"/>
    <property name="native.encoding" value="Cp1252"/>
    <property name="tinkey.kms.serverType" value=""/>
    <property name="java.library.path" value="C:\Program Files\Java\jdk-17.0.2\bin;C:\WINDOWS\Sun\Java\bin;C:\WINDOWS\system32;C:\WINDOWS;C:\Program Files\Common Files\Oracle\Java\javapath;C:\Program Files (x86)\Common Files\Oracle\Java\javapath;C:\WINDOWS\system32;C:\WINDOWS;C:\WINDOWS\System32\Wbem;C:\WINDOWS\System32\WindowsPowerShell\v1.0\;C:\WINDOWS\System32\OpenSSH\;C:\Program Files\Java\jdk-18.0.2\bin;C:\WebDriver;C:\Users\HeshamAbdElhamedGhar\AppData\Roaming\nvm;C:\Program Files\nodejs;C:\Program Files\Liquid Technologies\Liquid Studio 2021\XmlDataBinder19\Redist19\cpp\win32\bin;C:\Program Files\Liquid Technologies\Liquid Studio 2021\XmlDataBinder19\Redist19\cpp\win64\bin;C:\Program Files\Git\cmd;C:\Users\HeshamAbdElhamedGhar\AppData\Local\Microsoft\WindowsApps;C:\Users\HeshamAbdElhamedGhar\AppData\Local\Programs\Microsoft VS Code\bin;C:\Users\HeshamAbdElhamedGhar\AppData\Roaming\npm;C:\Users\HeshamAbdElhamedGhar\AppData\Roaming\nvm;C:\Program Files\nodejs;C:\Program Files\JetBrains\IntelliJ IDEA Community Edition 2022.2.2\bin;;C:\Users\HeshamAbdElhamedGhar\AppData\Local\GitHubDesktop\bin;."/>
    <property name="java.vendor" value="Oracle Corporation"/>
    <property name="cucumber.execution.strict" value="true"/>
    <property name="screenshotParams_scalingFactor" value="1"/>
    <property name="sun.io.unicode.encoding" value="UnicodeLittle"/>
    <property name="executionAddress" value="local"/>
    <property name="apiConnectionManagerTimeout" value="30"/>
    <property name="screenshotParams_whenToTakeAScreenshot" value="ValidationPointsOnly"/>
    <property name="cucumber.features" value="src/test/resources"/>
    <property name="scriptExecutionTimeout" value="30"/>
    <property name="appender.console.filter.threshold.level" value="info"/>
    <property name="screenshotParams_highlightElements" value="true"/>
    <property name="MobileBrowserVersion" value=""/>
    <property name="user.timezone" value="Africa/Cairo"/>
    <property name="downloadsFolderPath" value="target/downloadedFiles/"/>
    <property name="java.vm.specification.version" value="17"/>
    <property name="mobileEmulation.pixelRatio" value=""/>
    <property name="os.name" value="Windows 11"/>
    <property name="mobile_appActivity" value=""/>
    <property name="mobile_app" value=""/>
    <property name="automaticallyAssertResponseStatusCode" value="true"/>
    <property name="surefire.test.class.path" value="C:\eclipse-workspace\MyProjects\TASystemsAPIs\target\test-classes;C:\eclipse-workspace\MyProjects\TASystemsAPIs\target\classes;C:\Users\HeshamAbdElhamedGhar\.m2\repository\io\github\shafthq\SHAFT_ENGINE\6.4.20221215\SHAFT_ENGINE-6.4.20221215.jar;C:\Users\HeshamAbdElhamedGhar\.m2\repository\org\testng\testng\7.7.0\testng-7.7.0.jar;C:\Users\HeshamAbdElhamedGhar\.m2\repository\com\beust\jcommander\1.82\jcommander-1.82.jar;C:\Users\HeshamAbdElhamedGhar\.m2\repository\org\webjars\jquery\3.6.1\jquery-3.6.1.jar;C:\Users\HeshamAbdElhamedGhar\.m2\repository\org\seleniumhq\selenium\selenium-java\4.7.2\selenium-java-4.7.2.jar;C:\Users\HeshamAbdElhamedGhar\.m2\repository\org\seleniumhq\selenium\selenium-api\4.7.2\selenium-api-4.7.2.jar;C:\Users\HeshamAbdElhamedGhar\.m2\repository\org\seleniumhq\selenium\selenium-chrome-driver\4.7.2\selenium-chrome-driver-4.7.2.jar;C:\Users\HeshamAbdElhamedGhar\.m2\repository\com\google\auto\service\auto-service-annotations\1.0.1\auto-service-annotations-1.0.1.jar;C:\Users\HeshamAbdElhamedGhar\.m2\repository\org\seleniumhq\selenium\selenium-chromium-driver\4.7.2\selenium-chromium-driver-4.7.2.jar;C:\Users\HeshamAbdElhamedGhar\.m2\repository\org\seleniumhq\selenium\selenium-json\4.7.2\selenium-json-4.7.2.jar;C:\Users\HeshamAbdElhamedGhar\.m2\repository\org\seleniumhq\selenium\selenium-devtools-v106\4.7.2\selenium-devtools-v106-4.7.2.jar;C:\Users\HeshamAbdElhamedGhar\.m2\repository\org\seleniumhq\selenium\selenium-devtools-v107\4.7.2\selenium-devtools-v107-4.7.2.jar;C:\Users\HeshamAbdElhamedGhar\.m2\repository\org\seleniumhq\selenium\selenium-devtools-v108\4.7.2\selenium-devtools-v108-4.7.2.jar;C:\Users\HeshamAbdElhamedGhar\.m2\repository\org\seleniumhq\selenium\selenium-devtools-v85\4.7.2\selenium-devtools-v85-4.7.2.jar;C:\Users\HeshamAbdElhamedGhar\.m2\repository\org\seleniumhq\selenium\selenium-edge-driver\4.7.2\selenium-edge-driver-4.7.2.jar;C:\Users\HeshamAbdElhamedGhar\.m2\repository\org\seleniumhq\selenium\selenium-firefox-driver\4.7.2\selenium-firefox-driver-4.7.2.jar;C:\Users\HeshamAbdElhamedGhar\.m2\repository\org\seleniumhq\selenium\selenium-http\4.7.2\selenium-http-4.7.2.jar;C:\Users\HeshamAbdElhamedGhar\.m2\repository\dev\failsafe\failsafe\3.3.0\failsafe-3.3.0.jar;C:\Users\HeshamAbdElhamedGhar\.m2\repository\org\seleniumhq\selenium\selenium-ie-driver\4.7.2\selenium-ie-driver-4.7.2.jar;C:\Users\HeshamAbdElhamedGhar\.m2\repository\org\seleniumhq\selenium\selenium-remote-driver\4.7.2\selenium-remote-driver-4.7.2.jar;C:\Users\HeshamAbdElhamedGhar\.m2\repository\io\netty\netty-codec-http\4.1.84.Final\netty-codec-http-4.1.84.Final.jar;C:\Users\HeshamAbdElhamedGhar\.m2\repository\io\netty\netty-transport-classes-epoll\4.1.84.Final\netty-transport-classes-epoll-4.1.84.Final.jar;C:\Users\HeshamAbdElhamedGhar\.m2\repository\io\netty\netty-transport-classes-kqueue\4.1.84.Final\netty-transport-classes-kqueue-4.1.84.Final.jar;C:\Users\HeshamAbdElhamedGhar\.m2\repository\io\netty\netty-transport-native-epoll\4.1.84.Final\netty-transport-native-epoll-4.1.84.Final.jar;C:\Users\HeshamAbdElhamedGhar\.m2\repository\io\netty\netty-transport-native-kqueue\4.1.84.Final\netty-transport-native-kqueue-4.1.84.Final.jar;C:\Users\HeshamAbdElhamedGhar\.m2\repository\io\opentelemetry\opentelemetry-api\1.19.0\opentelemetry-api-1.19.0.jar;C:\Users\HeshamAbdElhamedGhar\.m2\repository\io\opentelemetry\opentelemetry-context\1.19.0\opentelemetry-context-1.19.0.jar;C:\Users\HeshamAbdElhamedGhar\.m2\repository\io\opentelemetry\opentelemetry-exporter-logging\1.19.0\opentelemetry-exporter-logging-1.19.0.jar;C:\Users\HeshamAbdElhamedGhar\.m2\repository\io\opentelemetry\opentelemetry-sdk-metrics\1.19.0\opentelemetry-sdk-metrics-1.19.0.jar;C:\Users\HeshamAbdElhamedGhar\.m2\repository\io\opentelemetry\opentelemetry-sdk-logs\1.19.0-alpha\opentelemetry-sdk-logs-1.19.0-alpha.jar;C:\Users\HeshamAbdElhamedGhar\.m2\repository\io\opentelemetry\opentelemetry-api-logs\1.19.0-alpha\opentelemetry-api-logs-1.19.0-alpha.jar;C:\Users\HeshamAbdElhamedGhar\.m2\repository\io\opentelemetry\opentelemetry-sdk-common\1.19.0\opentelemetry-sdk-common-1.19.0.jar;C:\Users\HeshamAbdElhamedGhar\.m2\repository\io\opentelemetry\opentelemetry-sdk-extension-autoconfigure-spi\1.19.0\opentelemetry-sdk-extension-autoconfigure-spi-1.19.0.jar;C:\Users\HeshamAbdElhamedGhar\.m2\repository\io\opentelemetry\opentelemetry-sdk-extension-autoconfigure\1.19.0-alpha\opentelemetry-sdk-extension-autoconfigure-1.19.0-alpha.jar;C:\Users\HeshamAbdElhamedGhar\.m2\repository\io\opentelemetry\opentelemetry-exporter-common\1.19.0\opentelemetry-exporter-common-1.19.0.jar;C:\Users\HeshamAbdElhamedGhar\.m2\repository\io\opentelemetry\opentelemetry-sdk-trace\1.19.0\opentelemetry-sdk-trace-1.19.0.jar;C:\Users\HeshamAbdElhamedGhar\.m2\repository\io\opentelemetry\opentelemetry-sdk\1.19.0\opentelemetry-sdk-1.19.0.jar;C:\Users\HeshamAbdElhamedGhar\.m2\repository\io\opentelemetry\opentelemetry-semconv\1.19.0-alpha\opentelemetry-semconv-1.19.0-alpha.jar;C:\Users\HeshamAbdElhamedGhar\.m2\repository\io\ous\jtoml\2.0.0\jtoml-2.0.0.jar;C:\Users\HeshamAbdElhamedGhar\.m2\repository\net\bytebuddy\byte-buddy\1.12.18\byte-buddy-1.12.18.jar;C:\Users\HeshamAbdElhamedGhar\.m2\repository\org\asynchttpclient\async-http-client\2.12.3\async-http-client-2.12.3.jar;C:\Users\HeshamAbdElhamedGhar\.m2\repository\org\asynchttpclient\async-http-client-netty-utils\2.12.3\async-http-client-netty-utils-2.12.3.jar;C:\Users\HeshamAbdElhamedGhar\.m2\repository\io\netty\netty-codec-socks\4.1.60.Final\netty-codec-socks-4.1.60.Final.jar;C:\Users\HeshamAbdElhamedGhar\.m2\repository\io\netty\netty-handler-proxy\4.1.60.Final\netty-handler-proxy-4.1.60.Final.jar;C:\Users\HeshamAbdElhamedGhar\.m2\repository\io\netty\netty-transport-native-epoll\4.1.60.Final\netty-transport-native-epoll-4.1.60.Final-linux-x86_64.jar;C:\Users\HeshamAbdElhamedGhar\.m2\repository\io\netty\netty-transport-native-kqueue\4.1.60.Final\netty-transport-native-kqueue-4.1.60.Final-osx-x86_64.jar;C:\Users\HeshamAbdElhamedGhar\.m2\repository\com\typesafe\netty\netty-reactive-streams\2.0.4\netty-reactive-streams-2.0.4.jar;C:\Users\HeshamAbdElhamedGhar\.m2\repository\com\sun\activation\jakarta.activation\1.2.2\jakarta.activation-1.2.2.jar;C:\Users\HeshamAbdElhamedGhar\.m2\repository\org\seleniumhq\selenium\selenium-manager\4.7.2\selenium-manager-4.7.2.jar;C:\Users\HeshamAbdElhamedGhar\.m2\repository\org\seleniumhq\selenium\selenium-safari-driver\4.7.2\selenium-safari-driver-4.7.2.jar;C:\Users\HeshamAbdElhamedGhar\.m2\repository\org\seleniumhq\selenium\selenium-support\4.7.2\selenium-support-4.7.2.jar;C:\Users\HeshamAbdElhamedGhar\.m2\repository\io\netty\netty-handler\4.1.86.Final\netty-handler-4.1.86.Final.jar;C:\Users\HeshamAbdElhamedGhar\.m2\repository\io\netty\netty-common\4.1.86.Final\netty-common-4.1.86.Final.jar;C:\Users\HeshamAbdElhamedGhar\.m2\repository\io\netty\netty-resolver\4.1.86.Final\netty-resolver-4.1.86.Final.jar;C:\Users\HeshamAbdElhamedGhar\.m2\repository\io\netty\netty-buffer\4.1.86.Final\netty-buffer-4.1.86.Final.jar;C:\Users\HeshamAbdElhamedGhar\.m2\repository\io\netty\netty-transport\4.1.86.Final\netty-transport-4.1.86.Final.jar;C:\Users\HeshamAbdElhamedGhar\.m2\repository\io\netty\netty-transport-native-unix-common\4.1.86.Final\netty-transport-native-unix-common-4.1.86.Final.jar;C:\Users\HeshamAbdElhamedGhar\.m2\repository\io\netty\netty-codec\4.1.86.Final\netty-codec-4.1.86.Final.jar;C:\Users\HeshamAbdElhamedGhar\.m2\repository\io\appium\java-client\8.3.0\java-client-8.3.0.jar;C:\Users\HeshamAbdElhamedGhar\.m2\repository\com\google\code\gson\gson\2.10\gson-2.10.jar;C:\Users\HeshamAbdElhamedGhar\.m2\repository\cglib\cglib\3.3.0\cglib-3.3.0.jar;C:\Users\HeshamAbdElhamedGhar\.m2\repository\org\ow2\asm\asm\7.1\asm-7.1.jar;C:\Users\HeshamAbdElhamedGhar\.m2\repository\commons-validator\commons-validator\1.7\commons-validator-1.7.jar;C:\Users\HeshamAbdElhamedGhar\.m2\repository\commons-beanutils\commons-beanutils\1.9.4\commons-beanutils-1.9.4.jar;C:\Users\HeshamAbdElhamedGhar\.m2\repository\commons-digester\commons-digester\2.1\commons-digester-2.1.jar;C:\Users\HeshamAbdElhamedGhar\.m2\repository\commons-collections\commons-collections\3.2.2\commons-collections-3.2.2.jar;C:\Users\HeshamAbdElhamedGhar\.m2\repository\org\apache\commons\commons-lang3\3.12.0\commons-lang3-3.12.0.jar;C:\Users\HeshamAbdElhamedGhar\.m2\repository\commons-io\commons-io\2.11.0\commons-io-2.11.0.jar;C:\Users\HeshamAbdElhamedGhar\.m2\repository\io\github\bonigarcia\webdrivermanager\5.3.1\webdrivermanager-5.3.1.jar;C:\Users\HeshamAbdElhamedGhar\.m2\repository\com\github\docker-java\docker-java\3.2.13\docker-java-3.2.13.jar;C:\Users\HeshamAbdElhamedGhar\.m2\repository\com\github\docker-java\docker-java-core\3.2.13\docker-java-core-3.2.13.jar;C:\Users\HeshamAbdElhamedGhar\.m2\repository\com\github\docker-java\docker-java-api\3.2.13\docker-java-api-3.2.13.jar;C:\Users\HeshamAbdElhamedGhar\.m2\repository\org\slf4j\jcl-over-slf4j\1.7.30\jcl-over-slf4j-1.7.30.jar;C:\Users\HeshamAbdElhamedGhar\.m2\repository\com\github\docker-java\docker-java-transport-httpclient5\3.2.13\docker-java-transport-httpclient5-3.2.13.jar;C:\Users\HeshamAbdElhamedGhar\.m2\repository\com\github\docker-java\docker-java-transport\3.2.13\docker-java-transport-3.2.13.jar;C:\Users\HeshamAbdElhamedGhar\.m2\repository\net\java\dev\jna\jna\5.8.0\jna-5.8.0.jar;C:\Users\HeshamAbdElhamedGhar\.m2\repository\org\brotli\dec\0.1.2\dec-0.1.2.jar;C:\Users\HeshamAbdElhamedGhar\.m2\repository\org\apache\httpcomponents\client5\httpclient5\5.1.3\httpclient5-5.1.3.jar;C:\Users\HeshamAbdElhamedGhar\.m2\repository\org\apache\httpcomponents\core5\httpcore5\5.1.3\httpcore5-5.1.3.jar;C:\Users\HeshamAbdElhamedGhar\.m2\repository\org\apache\httpcomponents\core5\httpcore5-h2\5.1.3\httpcore5-h2-5.1.3.jar;C:\Users\HeshamAbdElhamedGhar\.m2\repository\io\cucumber\cucumber-java\7.10.0\cucumber-java-7.10.0.jar;C:\Users\HeshamAbdElhamedGhar\.m2\repository\io\cucumber\cucumber-core\7.10.0\cucumber-core-7.10.0.jar;C:\Users\HeshamAbdElhamedGhar\.m2\repository\io\cucumber\cucumber-gherkin\7.10.0\cucumber-gherkin-7.10.0.jar;C:\Users\HeshamAbdElhamedGhar\.m2\repository\io\cucumber\cucumber-gherkin-messages\7.10.0\cucumber-gherkin-messages-7.10.0.jar;C:\Users\HeshamAbdElhamedGhar\.m2\repository\io\cucumber\gherkin\25.0.2\gherkin-25.0.2.jar;C:\Users\HeshamAbdElhamedGhar\.m2\repository\io\cucumber\messages\19.1.4\messages-19.1.4.jar;C:\Users\HeshamAbdElhamedGhar\.m2\repository\io\cucumber\tag-expressions\4.1.0\tag-expressions-4.1.0.jar;C:\Users\HeshamAbdElhamedGhar\.m2\repository\io\cucumber\cucumber-expressions\16.1.1\cucumber-expressions-16.1.1.jar;C:\Users\HeshamAbdElhamedGhar\.m2\repository\io\cucumber\datatable\7.10.0\datatable-7.10.0.jar;C:\Users\HeshamAbdElhamedGhar\.m2\repository\io\cucumber\cucumber-plugin\7.10.0\cucumber-plugin-7.10.0.jar;C:\Users\HeshamAbdElhamedGhar\.m2\repository\io\cucumber\docstring\7.10.0\docstring-7.10.0.jar;C:\Users\HeshamAbdElhamedGhar\.m2\repository\io\cucumber\html-formatter\20.2.0\html-formatter-20.2.0.jar;C:\Users\HeshamAbdElhamedGhar\.m2\repository\io\cucumber\ci-environment\9.1.0\ci-environment-9.1.0.jar;C:\Users\HeshamAbdElhamedGhar\.m2\repository\org\apiguardian\apiguardian-api\1.1.2\apiguardian-api-1.1.2.jar;C:\Users\HeshamAbdElhamedGhar\.m2\repository\io\cucumber\cucumber-testng\7.10.0\cucumber-testng-7.10.0.jar;C:\Users\HeshamAbdElhamedGhar\.m2\repository\io\cucumber\cucumber-picocontainer\7.10.0\cucumber-picocontainer-7.10.0.jar;C:\Users\HeshamAbdElhamedGhar\.m2\repository\org\picocontainer\picocontainer\2.15\picocontainer-2.15.jar;C:\Users\HeshamAbdElhamedGhar\.m2\repository\org\apache\poi\poi\5.2.3\poi-5.2.3.jar;C:\Users\HeshamAbdElhamedGhar\.m2\repository\commons-codec\commons-codec\1.15\commons-codec-1.15.jar;C:\Users\HeshamAbdElhamedGhar\.m2\repository\org\apache\commons\commons-collections4\4.4\commons-collections4-4.4.jar;C:\Users\HeshamAbdElhamedGhar\.m2\repository\org\apache\commons\commons-math3\3.6.1\commons-math3-3.6.1.jar;C:\Users\HeshamAbdElhamedGhar\.m2\repository\com\zaxxer\SparseBitSet\1.2\SparseBitSet-1.2.jar;C:\Users\HeshamAbdElhamedGhar\.m2\repository\org\apache\logging\log4j\log4j-api\2.18.0\log4j-api-2.18.0.jar;C:\Users\HeshamAbdElhamedGhar\.m2\repository\org\apache\poi\poi-ooxml\5.2.3\poi-ooxml-5.2.3.jar;C:\Users\HeshamAbdElhamedGhar\.m2\repository\org\apache\poi\poi-ooxml-lite\5.2.3\poi-ooxml-lite-5.2.3.jar;C:\Users\HeshamAbdElhamedGhar\.m2\repository\org\apache\xmlbeans\xmlbeans\5.1.1\xmlbeans-5.1.1.jar;C:\Users\HeshamAbdElhamedGhar\.m2\repository\org\apache\commons\commons-compress\1.21\commons-compress-1.21.jar;C:\Users\HeshamAbdElhamedGhar\.m2\repository\com\github\virtuald\curvesapi\1.07\curvesapi-1.07.jar;C:\Users\HeshamAbdElhamedGhar\.m2\repository\io\qameta\allure\allure-testng\2.20.1\allure-testng-2.20.1.jar;C:\Users\HeshamAbdElhamedGhar\.m2\repository\io\qameta\allure\allure-java-commons\2.20.1\allure-java-commons-2.20.1.jar;C:\Users\HeshamAbdElhamedGhar\.m2\repository\io\qameta\allure\allure-model\2.20.1\allure-model-2.20.1.jar;C:\Users\HeshamAbdElhamedGhar\.m2\repository\io\qameta\allure\allure-test-filter\2.20.1\allure-test-filter-2.20.1.jar;C:\Users\HeshamAbdElhamedGhar\.m2\repository\io\qameta\allure\allure-cucumber7-jvm\2.20.1\allure-cucumber7-jvm-2.20.1.jar;C:\Users\HeshamAbdElhamedGhar\.m2\repository\org\aspectj\aspectjweaver\1.9.9.1\aspectjweaver-1.9.9.1.jar;C:\Users\HeshamAbdElhamedGhar\.m2\repository\com\aventstack\extentreports\5.0.9\extentreports-5.0.9.jar;C:\Users\HeshamAbdElhamedGhar\.m2\repository\io\reactivex\rxjava3\rxjava\3.0.4\rxjava-3.0.4.jar;C:\Users\HeshamAbdElhamedGhar\.m2\repository\org\reactivestreams\reactive-streams\1.0.3\reactive-streams-1.0.3.jar;C:\Users\HeshamAbdElhamedGhar\.m2\repository\org\freemarker\freemarker\2.3.30\freemarker-2.3.30.jar;C:\Users\HeshamAbdElhamedGhar\.m2\repository\org\apache\pdfbox\pdfbox\2.0.27\pdfbox-2.0.27.jar;C:\Users\HeshamAbdElhamedGhar\.m2\repository\org\apache\pdfbox\fontbox\2.0.27\fontbox-2.0.27.jar;C:\Users\HeshamAbdElhamedGhar\.m2\repository\commons-logging\commons-logging\1.2\commons-logging-1.2.jar;C:\Users\HeshamAbdElhamedGhar\.m2\repository\io\rest-assured\rest-assured\5.3.0\rest-assured-5.3.0.jar;C:\Users\HeshamAbdElhamedGhar\.m2\repository\org\apache\groovy\groovy\4.0.6\groovy-4.0.6.jar;C:\Users\HeshamAbdElhamedGhar\.m2\repository\org\apache\groovy\groovy-xml\4.0.6\groovy-xml-4.0.6.jar;C:\Users\HeshamAbdElhamedGhar\.m2\repository\org\apache\httpcomponents\httpclient\4.5.13\httpclient-4.5.13.jar;C:\Users\HeshamAbdElhamedGhar\.m2\repository\org\apache\httpcomponents\httpcore\4.4.13\httpcore-4.4.13.jar;C:\Users\HeshamAbdElhamedGhar\.m2\repository\org\apache\httpcomponents\httpmime\4.5.13\httpmime-4.5.13.jar;C:\Users\HeshamAbdElhamedGhar\.m2\repository\org\hamcrest\hamcrest\2.1\hamcrest-2.1.jar;C:\Users\HeshamAbdElhamedGhar\.m2\repository\org\ccil\cowan\tagsoup\tagsoup\1.2.1\tagsoup-1.2.1.jar;C:\Users\HeshamAbdElhamedGhar\.m2\repository\io\rest-assured\json-path\5.3.0\json-path-5.3.0.jar;C:\Users\HeshamAbdElhamedGhar\.m2\repository\org\apache\groovy\groovy-json\4.0.6\groovy-json-4.0.6.jar;C:\Users\HeshamAbdElhamedGhar\.m2\repository\io\rest-assured\rest-assured-common\5.3.0\rest-assured-common-5.3.0.jar;C:\Users\HeshamAbdElhamedGhar\.m2\repository\io\rest-assured\xml-path\5.3.0\xml-path-5.3.0.jar;C:\Users\HeshamAbdElhamedGhar\.m2\repository\com\googlecode\json-simple\json-simple\1.1.1\json-simple-1.1.1.jar;C:\Users\HeshamAbdElhamedGhar\.m2\repository\com\jayway\jsonpath\json-path\2.7.0\json-path-2.7.0.jar;C:\Users\HeshamAbdElhamedGhar\.m2\repository\net\minidev\json-smart\2.4.7\json-smart-2.4.7.jar;C:\Users\HeshamAbdElhamedGhar\.m2\repository\net\minidev\accessors-smart\2.4.7\accessors-smart-2.4.7.jar;C:\Users\HeshamAbdElhamedGhar\.m2\repository\org\skyscreamer\jsonassert\1.5.1\jsonassert-1.5.1.jar;C:\Users\HeshamAbdElhamedGhar\.m2\repository\com\vaadin\external\google\android-json\0.0.20131108.vaadin1\android-json-0.0.20131108.vaadin1.jar;C:\Users\HeshamAbdElhamedGhar\.m2\repository\eu\medsea\mimeutil\mime-util\2.1.3\mime-util-2.1.3.jar;C:\Users\HeshamAbdElhamedGhar\.m2\repository\io\rest-assured\json-schema-validator\5.3.0\json-schema-validator-5.3.0.jar;C:\Users\HeshamAbdElhamedGhar\.m2\repository\com\github\java-json-tools\json-schema-validator\2.2.14\json-schema-validator-2.2.14.jar;C:\Users\HeshamAbdElhamedGhar\.m2\repository\com\github\java-json-tools\jackson-coreutils-equivalence\1.0\jackson-coreutils-equivalence-1.0.jar;C:\Users\HeshamAbdElhamedGhar\.m2\repository\com\github\java-json-tools\jackson-coreutils\2.0\jackson-coreutils-2.0.jar;C:\Users\HeshamAbdElhamedGhar\.m2\repository\com\github\java-json-tools\msg-simple\1.2\msg-simple-1.2.jar;C:\Users\HeshamAbdElhamedGhar\.m2\repository\com\github\java-json-tools\btf\1.3\btf-1.3.jar;C:\Users\HeshamAbdElhamedGhar\.m2\repository\com\github\java-json-tools\json-schema-core\1.2.14\json-schema-core-1.2.14.jar;C:\Users\HeshamAbdElhamedGhar\.m2\repository\com\github\java-json-tools\uri-template\0.10\uri-template-0.10.jar;C:\Users\HeshamAbdElhamedGhar\.m2\repository\org\mozilla\rhino\1.7.7.2\rhino-1.7.7.2.jar;C:\Users\HeshamAbdElhamedGhar\.m2\repository\com\sun\mail\mailapi\1.6.2\mailapi-1.6.2.jar;C:\Users\HeshamAbdElhamedGhar\.m2\repository\joda-time\joda-time\2.10.5\joda-time-2.10.5.jar;C:\Users\HeshamAbdElhamedGhar\.m2\repository\com\googlecode\libphonenumber\libphonenumber\8.11.1\libphonenumber-8.11.1.jar;C:\Users\HeshamAbdElhamedGhar\.m2\repository\net\sf\jopt-simple\jopt-simple\5.0.4\jopt-simple-5.0.4.jar;C:\Users\HeshamAbdElhamedGhar\.m2\repository\com\fasterxml\jackson\datatype\jackson-datatype-jdk8\2.14.1\jackson-datatype-jdk8-2.14.1.jar;C:\Users\HeshamAbdElhamedGhar\.m2\repository\com\fasterxml\jackson\core\jackson-core\2.14.1\jackson-core-2.14.1.jar;C:\Users\HeshamAbdElhamedGhar\.m2\repository\com\applitools\eyes-images-java4\4.14.0\eyes-images-java4-4.14.0.jar;C:\Users\HeshamAbdElhamedGhar\.m2\repository\com\applitools\eyes-common-java4\4.14.0\eyes-common-java4-4.14.0.jar;C:\Users\HeshamAbdElhamedGhar\.m2\repository\org\imgscalr\imgscalr-lib\4.2\imgscalr-lib-4.2.jar;C:\Users\HeshamAbdElhamedGhar\.m2\repository\com\helger\ph-css\6.1.1\ph-css-6.1.1.jar;C:\Users\HeshamAbdElhamedGhar\.m2\repository\com\helger\ph-commons\9.0.2\ph-commons-9.0.2.jar;C:\Users\HeshamAbdElhamedGhar\.m2\repository\org\jsoup\jsoup\1.8.3\jsoup-1.8.3.jar;C:\Users\HeshamAbdElhamedGhar\.m2\repository\com\applitools\eyes-sdk-core-java4\4.14.0\eyes-sdk-core-java4-4.14.0.jar;C:\Users\HeshamAbdElhamedGhar\.m2\repository\com\applitools\eyes-connectivity-java4-jersey2x\4.14.0\eyes-connectivity-java4-jersey2x-4.14.0.jar;C:\Users\HeshamAbdElhamedGhar\.m2\repository\org\glassfish\jersey\connectors\jersey-apache-connector\2.16\jersey-apache-connector-2.16.jar;C:\Users\HeshamAbdElhamedGhar\.m2\repository\org\glassfish\jersey\core\jersey-common\2.16\jersey-common-2.16.jar;C:\Users\HeshamAbdElhamedGhar\.m2\repository\javax\annotation\javax.annotation-api\1.2\javax.annotation-api-1.2.jar;C:\Users\HeshamAbdElhamedGhar\.m2\repository\org\glassfish\jersey\bundles\repackaged\jersey-guava\2.16\jersey-guava-2.16.jar;C:\Users\HeshamAbdElhamedGhar\.m2\repository\org\glassfish\hk2\osgi-resource-locator\1.0.1\osgi-resource-locator-1.0.1.jar;C:\Users\HeshamAbdElhamedGhar\.m2\repository\javax\ws\rs\javax.ws.rs-api\2.0.1\javax.ws.rs-api-2.0.1.jar;C:\Users\HeshamAbdElhamedGhar\.m2\repository\org\glassfish\jersey\core\jersey-client\2.16\jersey-client-2.16.jar;C:\Users\HeshamAbdElhamedGhar\.m2\repository\org\glassfish\hk2\hk2-api\2.4.0-b09\hk2-api-2.4.0-b09.jar;C:\Users\HeshamAbdElhamedGhar\.m2\repository\org\glassfish\hk2\hk2-utils\2.4.0-b09\hk2-utils-2.4.0-b09.jar;C:\Users\HeshamAbdElhamedGhar\.m2\repository\org\glassfish\hk2\external\aopalliance-repackaged\2.4.0-b09\aopalliance-repackaged-2.4.0-b09.jar;C:\Users\HeshamAbdElhamedGhar\.m2\repository\org\glassfish\hk2\external\javax.inject\2.4.0-b09\javax.inject-2.4.0-b09.jar;C:\Users\HeshamAbdElhamedGhar\.m2\repository\org\glassfish\hk2\hk2-locator\2.4.0-b09\hk2-locator-2.4.0-b09.jar;C:\Users\HeshamAbdElhamedGhar\.m2\repository\org\openpnp\opencv\4.5.5-1\opencv-4.5.5-1.jar;C:\Users\HeshamAbdElhamedGhar\.m2\repository\com\sikulix\sikulixapi\2.0.5\sikulixapi-2.0.5.jar;C:\Users\HeshamAbdElhamedGhar\.m2\repository\org\python\jython-slim\2.7.2\jython-slim-2.7.2.jar;C:\Users\HeshamAbdElhamedGhar\.m2\repository\org\antlr\antlr\3.5.2\antlr-3.5.2.jar;C:\Users\HeshamAbdElhamedGhar\.m2\repository\org\antlr\ST4\4.0.8\ST4-4.0.8.jar;C:\Users\HeshamAbdElhamedGhar\.m2\repository\javax\servlet\javax.servlet-api\3.1.0\javax.servlet-api-3.1.0.jar;C:\Users\HeshamAbdElhamedGhar\.m2\repository\org\antlr\antlr-runtime\3.5.2\antlr-runtime-3.5.2.jar;C:\Users\HeshamAbdElhamedGhar\.m2\repository\org\bouncycastle\bcpkix-jdk15on\1.62\bcpkix-jdk15on-1.62.jar;C:\Users\HeshamAbdElhamedGhar\.m2\repository\org\bouncycastle\bcprov-jdk15on\1.62\bcprov-jdk15on-1.62.jar;C:\Users\HeshamAbdElhamedGhar\.m2\repository\org\ow2\asm\asm-commons\7.1\asm-commons-7.1.jar;C:\Users\HeshamAbdElhamedGhar\.m2\repository\org\ow2\asm\asm-tree\7.1\asm-tree-7.1.jar;C:\Users\HeshamAbdElhamedGhar\.m2\repository\org\ow2\asm\asm-analysis\7.1\asm-analysis-7.1.jar;C:\Users\HeshamAbdElhamedGhar\.m2\repository\org\ow2\asm\asm-util\7.1\asm-util-7.1.jar;C:\Users\HeshamAbdElhamedGhar\.m2\repository\com\ibm\icu\icu4j\59.1\icu4j-59.1.jar;C:\Users\HeshamAbdElhamedGhar\.m2\repository\com\carrotsearch\java-sizeof\0.0.5\java-sizeof-0.0.5.jar;C:\Users\HeshamAbdElhamedGhar\.m2\repository\com\github\jnr\jffi\1.2.20\jffi-1.2.20.jar;C:\Users\HeshamAbdElhamedGhar\.m2\repository\com\github\jnr\jnr-netdb\1.1.6\jnr-netdb-1.1.6.jar;C:\Users\HeshamAbdElhamedGhar\.m2\repository\com\github\jnr\jnr-ffi\2.1.10\jnr-ffi-2.1.10.jar;C:\Users\HeshamAbdElhamedGhar\.m2\repository\com\github\jnr\jffi\1.2.19\jffi-1.2.19-native.jar;C:\Users\HeshamAbdElhamedGhar\.m2\repository\com\github\jnr\jnr-a64asm\1.0.0\jnr-a64asm-1.0.0.jar;C:\Users\HeshamAbdElhamedGhar\.m2\repository\com\github\jnr\jnr-x86asm\1.0.2\jnr-x86asm-1.0.2.jar;C:\Users\HeshamAbdElhamedGhar\.m2\repository\com\github\jnr\jnr-posix\3.0.50\jnr-posix-3.0.50.jar;C:\Users\HeshamAbdElhamedGhar\.m2\repository\com\github\jnr\jnr-constants\0.9.12\jnr-constants-0.9.12.jar;C:\Users\HeshamAbdElhamedGhar\.m2\repository\jline\jline\2.14.5\jline-2.14.5.jar;C:\Users\HeshamAbdElhamedGhar\.m2\repository\org\apache\ant\ant\1.9.7\ant-1.9.7.jar;C:\Users\HeshamAbdElhamedGhar\.m2\repository\org\apache\ant\ant-launcher\1.9.7\ant-launcher-1.9.7.jar;C:\Users\HeshamAbdElhamedGhar\.m2\repository\com\sikulix\sikulix2tigervnc\1.1.4\sikulix2tigervnc-1.1.4.jar;C:\Users\HeshamAbdElhamedGhar\.m2\repository\commons-cli\commons-cli\1.4\commons-cli-1.4.jar;C:\Users\HeshamAbdElhamedGhar\.m2\repository\org\apache\commons\commons-exec\1.3\commons-exec-1.3.jar;C:\Users\HeshamAbdElhamedGhar\.m2\repository\net\java\dev\jna\jna-platform\5.6.0\jna-platform-5.6.0.jar;C:\Users\HeshamAbdElhamedGhar\.m2\repository\net\oneandone\reflections8\reflections8\0.11.6\reflections8-0.11.6.jar;C:\Users\HeshamAbdElhamedGhar\.m2\repository\org\javassist\javassist\3.22.0-GA\javassist-3.22.0-GA.jar;C:\Users\HeshamAbdElhamedGhar\.m2\repository\net\sourceforge\tess4j\tess4j\4.5.4\tess4j-4.5.4.jar;C:\Users\HeshamAbdElhamedGhar\.m2\repository\com\github\jai-imageio\jai-imageio-core\1.4.0\jai-imageio-core-1.4.0.jar;C:\Users\HeshamAbdElhamedGhar\.m2\repository\org\ghost4j\ghost4j\1.0.1\ghost4j-1.0.1.jar;C:\Users\HeshamAbdElhamedGhar\.m2\repository\org\apache\xmlgraphics\xmlgraphics-commons\1.4\xmlgraphics-commons-1.4.jar;C:\Users\HeshamAbdElhamedGhar\.m2\repository\com\lowagie\itext\2.1.7\itext-2.1.7.jar;C:\Users\HeshamAbdElhamedGhar\.m2\repository\org\apache\pdfbox\pdfbox-tools\2.0.21\pdfbox-tools-2.0.21.jar;C:\Users\HeshamAbdElhamedGhar\.m2\repository\org\apache\pdfbox\pdfbox-debugger\2.0.21\pdfbox-debugger-2.0.21.jar;C:\Users\HeshamAbdElhamedGhar\.m2\repository\org\apache\pdfbox\jbig2-imageio\3.0.3\jbig2-imageio-3.0.3.jar;C:\Users\HeshamAbdElhamedGhar\.m2\repository\net\sourceforge\lept4j\lept4j\1.13.2\lept4j-1.13.2.jar;C:\Users\HeshamAbdElhamedGhar\.m2\repository\org\jboss\jboss-vfs\3.2.15.Final\jboss-vfs-3.2.15.Final.jar;C:\Users\HeshamAbdElhamedGhar\.m2\repository\org\jboss\logging\jboss-logging\3.1.4.GA\jboss-logging-3.1.4.GA.jar;C:\Users\HeshamAbdElhamedGhar\.m2\repository\net\sf\py4j\py4j\0.10.9.1\py4j-0.10.9.1.jar;C:\Users\HeshamAbdElhamedGhar\.m2\repository\com\epam\healenium\healenium-web\3.3.1\healenium-web-3.3.1.jar;C:\Users\HeshamAbdElhamedGhar\.m2\repository\com\typesafe\config\1.4.2\config-1.4.2.jar;C:\Users\HeshamAbdElhamedGhar\.m2\repository\com\epam\healenium\tree-comparing\0.4.11\tree-comparing-0.4.11.jar;C:\Users\HeshamAbdElhamedGhar\.m2\repository\org\apache\commons\commons-text\1.6\commons-text-1.6.jar;C:\Users\HeshamAbdElhamedGhar\.m2\repository\com\squareup\okhttp3\okhttp\4.9.3\okhttp-4.9.3.jar;C:\Users\HeshamAbdElhamedGhar\.m2\repository\com\squareup\okio\okio\2.8.0\okio-2.8.0.jar;C:\Users\HeshamAbdElhamedGhar\.m2\repository\org\jetbrains\kotlin\kotlin-stdlib-common\1.4.0\kotlin-stdlib-common-1.4.0.jar;C:\Users\HeshamAbdElhamedGhar\.m2\repository\org\jetbrains\kotlin\kotlin-stdlib\1.4.10\kotlin-stdlib-1.4.10.jar;C:\Users\HeshamAbdElhamedGhar\.m2\repository\org\mapstruct\mapstruct\1.4.2.Final\mapstruct-1.4.2.Final.jar;C:\Users\HeshamAbdElhamedGhar\.m2\repository\one\util\streamex\0.8.1\streamex-0.8.1.jar;C:\Users\HeshamAbdElhamedGhar\.m2\repository\org\mapstruct\mapstruct-processor\1.4.2.Final\mapstruct-processor-1.4.2.Final.jar;C:\Users\HeshamAbdElhamedGhar\.m2\repository\com\assertthat\selenium-shutterbug\1.6\selenium-shutterbug-1.6.jar;C:\Users\HeshamAbdElhamedGhar\.m2\repository\com\github\zafarkhaja\java-semver\0.9.0\java-semver-0.9.0.jar;C:\Users\HeshamAbdElhamedGhar\.m2\repository\com\jcraft\jsch\0.1.55\jsch-0.1.55.jar;C:\Users\HeshamAbdElhamedGhar\.m2\repository\mysql\mysql-connector-java\8.0.30\mysql-connector-java-8.0.30.jar;C:\Users\HeshamAbdElhamedGhar\.m2\repository\com\google\protobuf\protobuf-java\3.19.4\protobuf-java-3.19.4.jar;C:\Users\HeshamAbdElhamedGhar\.m2\repository\com\microsoft\sqlserver\mssql-jdbc\9.4.1.jre16-preview\mssql-jdbc-9.4.1.jre16-preview.jar;C:\Users\HeshamAbdElhamedGhar\.m2\repository\postgresql\postgresql\9.1-901-1.jdbc4\postgresql-9.1-901-1.jdbc4.jar;C:\Users\HeshamAbdElhamedGhar\.m2\repository\com\ibm\db2\jcc\db2jcc\db2jcc4\db2jcc-db2jcc4.jar;C:\Users\HeshamAbdElhamedGhar\.m2\repository\ws\schild\jave-all-deps\3.3.1\jave-all-deps-3.3.1.jar;C:\Users\HeshamAbdElhamedGhar\.m2\repository\ws\schild\jave-core\3.3.1\jave-core-3.3.1.jar;C:\Users\HeshamAbdElhamedGhar\.m2\repository\ws\schild\jave-nativebin-win32\3.3.1\jave-nativebin-win32-3.3.1.jar;C:\Users\HeshamAbdElhamedGhar\.m2\repository\ws\schild\jave-nativebin-win64\3.3.1\jave-nativebin-win64-3.3.1.jar;C:\Users\HeshamAbdElhamedGhar\.m2\repository\ws\schild\jave-nativebin-linux32\3.3.1\jave-nativebin-linux32-3.3.1.jar;C:\Users\HeshamAbdElhamedGhar\.m2\repository\ws\schild\jave-nativebin-linux64\3.3.1\jave-nativebin-linux64-3.3.1.jar;C:\Users\HeshamAbdElhamedGhar\.m2\repository\ws\schild\jave-nativebin-osx64\3.3.1\jave-nativebin-osx64-3.3.1.jar;C:\Users\HeshamAbdElhamedGhar\.m2\repository\ws\schild\jave-nativebin-osxm1\3.3.1\jave-nativebin-osxm1-3.3.1.jar;C:\Users\HeshamAbdElhamedGhar\.m2\repository\ws\schild\jave-nativebin-linux-arm32\3.3.1\jave-nativebin-linux-arm32-3.3.1.jar;C:\Users\HeshamAbdElhamedGhar\.m2\repository\ws\schild\jave-nativebin-linux-arm64\3.3.1\jave-nativebin-linux-arm64-3.3.1.jar;C:\Users\HeshamAbdElhamedGhar\.m2\repository\com\automation-remarks\video-recorder-testng\2.0\video-recorder-testng-2.0.jar;C:\Users\HeshamAbdElhamedGhar\.m2\repository\com\automation-remarks\video-recorder-core\2.0\video-recorder-core-2.0.jar;C:\Users\HeshamAbdElhamedGhar\.m2\repository\org\aeonbits\owner\owner-java8\1.0.10\owner-java8-1.0.10.jar;C:\Users\HeshamAbdElhamedGhar\.m2\repository\org\aeonbits\owner\owner\1.0.10\owner-1.0.10.jar;C:\Users\HeshamAbdElhamedGhar\.m2\repository\org\zeroturnaround\zt-exec\1.10\zt-exec-1.10.jar;C:\Users\HeshamAbdElhamedGhar\.m2\repository\org\awaitility\awaitility\3.1.6\awaitility-3.1.6.jar;C:\Users\HeshamAbdElhamedGhar\.m2\repository\org\hamcrest\hamcrest-library\1.3\hamcrest-library-1.3.jar;C:\Users\HeshamAbdElhamedGhar\.m2\repository\org\hamcrest\hamcrest-core\1.3\hamcrest-core-1.3.jar;C:\Users\HeshamAbdElhamedGhar\.m2\repository\org\objenesis\objenesis\2.6\objenesis-2.6.jar;C:\Users\HeshamAbdElhamedGhar\.m2\repository\org\json\json\20180813\json-20180813.jar;C:\Users\HeshamAbdElhamedGhar\.m2\repository\org\apache\logging\log4j\log4j-slf4j2-impl\2.19.0\log4j-slf4j2-impl-2.19.0.jar;C:\Users\HeshamAbdElhamedGhar\.m2\repository\org\slf4j\slf4j-api\2.0.0\slf4j-api-2.0.0.jar;C:\Users\HeshamAbdElhamedGhar\.m2\repository\org\apache\logging\log4j\log4j-core\2.19.0\log4j-core-2.19.0.jar;C:\Users\HeshamAbdElhamedGhar\.m2\repository\org\apache\logging\log4j\log4j-1.2-api\2.19.0\log4j-1.2-api-2.19.0.jar;C:\Users\HeshamAbdElhamedGhar\.m2\repository\com\google\guava\guava\31.1-jre\guava-31.1-jre.jar;C:\Users\HeshamAbdElhamedGhar\.m2\repository\com\google\guava\failureaccess\1.0.1\failureaccess-1.0.1.jar;C:\Users\HeshamAbdElhamedGhar\.m2\repository\com\google\guava\listenablefuture\9999.0-empty-to-avoid-conflict-with-guava\listenablefuture-9999.0-empty-to-avoid-conflict-with-guava.jar;C:\Users\HeshamAbdElhamedGhar\.m2\repository\com\google\code\findbugs\jsr305\3.0.2\jsr305-3.0.2.jar;C:\Users\HeshamAbdElhamedGhar\.m2\repository\org\checkerframework\checker-qual\3.12.0\checker-qual-3.12.0.jar;C:\Users\HeshamAbdElhamedGhar\.m2\repository\com\google\errorprone\error_prone_annotations\2.11.0\error_prone_annotations-2.11.0.jar;C:\Users\HeshamAbdElhamedGhar\.m2\repository\com\google\j2objc\j2objc-annotations\1.3\j2objc-annotations-1.3.jar;C:\Users\HeshamAbdElhamedGhar\.m2\repository\org\projectlombok\lombok\1.18.24\lombok-1.18.24.jar;C:\Users\HeshamAbdElhamedGhar\.m2\repository\com\google\crypto\tink\tink\1.7.0\tink-1.7.0.jar;C:\Users\HeshamAbdElhamedGhar\.m2\repository\com\google\crypto\tink\tink-awskms\1.7.0\tink-awskms-1.7.0.jar;C:\Users\HeshamAbdElhamedGhar\.m2\repository\com\amazonaws\aws-java-sdk-core\1.12.182\aws-java-sdk-core-1.12.182.jar;C:\Users\HeshamAbdElhamedGhar\.m2\repository\software\amazon\ion\ion-java\1.0.2\ion-java-1.0.2.jar;C:\Users\HeshamAbdElhamedGhar\.m2\repository\com\amazonaws\aws-java-sdk-kms\1.12.182\aws-java-sdk-kms-1.12.182.jar;C:\Users\HeshamAbdElhamedGhar\.m2\repository\com\amazonaws\jmespath-java\1.12.182\jmespath-java-1.12.182.jar;C:\Users\HeshamAbdElhamedGhar\.m2\repository\com\fasterxml\jackson\dataformat\jackson-dataformat-cbor\2.13.1\jackson-dataformat-cbor-2.13.1.jar;C:\Users\HeshamAbdElhamedGhar\.m2\repository\com\google\auto\service\auto-service\1.0.1\auto-service-1.0.1.jar;C:\Users\HeshamAbdElhamedGhar\.m2\repository\com\google\auto\auto-common\1.2\auto-common-1.2.jar;C:\Users\HeshamAbdElhamedGhar\.m2\repository\com\google\crypto\tink\tink-gcpkms\1.7.0\tink-gcpkms-1.7.0.jar;C:\Users\HeshamAbdElhamedGhar\.m2\repository\com\google\api-client\google-api-client\1.33.2\google-api-client-1.33.2.jar;C:\Users\HeshamAbdElhamedGhar\.m2\repository\com\google\oauth-client\google-oauth-client\1.33.0\google-oauth-client-1.33.0.jar;C:\Users\HeshamAbdElhamedGhar\.m2\repository\com\google\http-client\google-http-client-apache-v2\1.41.2\google-http-client-apache-v2-1.41.2.jar;C:\Users\HeshamAbdElhamedGhar\.m2\repository\com\google\apis\google-api-services-cloudkms\v1-rev108-1.25.0\google-api-services-cloudkms-v1-rev108-1.25.0.jar;C:\Users\HeshamAbdElhamedGhar\.m2\repository\com\google\auth\google-auth-library-oauth2-http\1.5.3\google-auth-library-oauth2-http-1.5.3.jar;C:\Users\HeshamAbdElhamedGhar\.m2\repository\com\google\auto\value\auto-value-annotations\1.9\auto-value-annotations-1.9.jar;C:\Users\HeshamAbdElhamedGhar\.m2\repository\com\google\auth\google-auth-library-credentials\1.5.3\google-auth-library-credentials-1.5.3.jar;C:\Users\HeshamAbdElhamedGhar\.m2\repository\com\google\http-client\google-http-client\1.41.3\google-http-client-1.41.3.jar;C:\Users\HeshamAbdElhamedGhar\.m2\repository\io\opencensus\opencensus-api\0.31.0\opencensus-api-0.31.0.jar;C:\Users\HeshamAbdElhamedGhar\.m2\repository\io\grpc\grpc-context\1.27.2\grpc-context-1.27.2.jar;C:\Users\HeshamAbdElhamedGhar\.m2\repository\io\opencensus\opencensus-contrib-http-util\0.31.0\opencensus-contrib-http-util-0.31.0.jar;C:\Users\HeshamAbdElhamedGhar\.m2\repository\com\google\http-client\google-http-client-gson\1.41.3\google-http-client-gson-1.41.3.jar;C:\Users\HeshamAbdElhamedGhar\.m2\repository\org\yaml\snakeyaml\1.33\snakeyaml-1.33.jar;C:\Users\HeshamAbdElhamedGhar\.m2\repository\com\auth0\java-jwt\4.0.0\java-jwt-4.0.0.jar;C:\Users\HeshamAbdElhamedGhar\.m2\repository\com\fasterxml\jackson\core\jackson-databind\2.13.2.2\jackson-databind-2.13.2.2.jar;C:\Users\HeshamAbdElhamedGhar\.m2\repository\com\fasterxml\jackson\core\jackson-annotations\2.13.2\jackson-annotations-2.13.2.jar;C:\Users\HeshamAbdElhamedGhar\.m2\repository\org\jetbrains\annotations\23.1.0\annotations-23.1.0.jar;"/>
    <property name="user.home" value="C:\Users\HeshamAbdElhamedGhar"/>
    <property name="mobile_automationName" value="UIAutomator2"/>
    <property name="dynamicObjectRepositoryPath" value="src/main/resources/dynamicObjectRepository/"/>
    <property name="setThreadCount" value="1"/>
    <property name="serverHost" value="localhost"/>
    <property name="setGroupByInstances" value="true"/>
    <property name="mobile_platformVersion" value=""/>
    <property name="cucumber.execution.limit" value=""/>
    <property name="screenshotParams_screenshotType" value="FullPage"/>
    <property name="name" value="PropertiesConfig"/>
    <property name="mobileEmulation.deviceName" value=""/>
    <property name="appender.console.name" value="STDOUT"/>
    <property name="appender.console.layout.type" value="PatternLayout"/>
    <property name="debugMode" value="false"/>
    <property name="retryMaximumNumberOfAttempts" value="0"/>
    <property name="appender.console.layout.disableAnsi" value="false"/>
    <property name="score-cap" value="0.5"/>
    <property name="applitoolsApiKey" value=""/>
    <property name="cucumber.plugin" value="pretty, json:allure-results/cucumber.json, html:allure-results/cucumberReport.html, com.shaft.tools.listeners.CucumberTestRunnerListener"/>
    <property name="path.separator" value=";"/>
    <property name="browserStack.accessKey" value="7E7PgzBtwk4sWLUcF8Y5"/>
    <property name="screenshotParams_skippedElementsFromScreenshot" value=""/>
    <property name="os.version" value="10.0"/>
    <property name="reportTestCasesExecution" value="false"/>
    <property name="pageLoadTimeout" value="30"/>
    <property name="browserStack.osVersion" value=""/>
    <property name="browserStack.username" value="mohabmohie1"/>
    <property name="mobile_udid" value=""/>
    <property name="screenshotParams_highlightMethod" value="AI"/>
    <property name="java.vm.name" value="Java HotSpot(TM) 64-Bit Server VM"/>
    <property name="browserStack.platformVersion" value=""/>
    <property name="apiConnectionTimeout" value="30"/>
    <property name="cucumber.ansi-colors.disabled" value="false"/>
    <property name="forceCheckNavigationWasSuccessful" value="true"/>
    <property name="cucumber.filter.tags" value=""/>
    <property name="os.arch" value="amd64"/>
    <property name="cucumber.execution.order" value="lexical"/>
    <property name="appender.file.type" value="File"/>
    <property name="setVerbose" value="1"/>
    <property name="setParallel" value="NONE"/>
    <property name="customDriverPath" value=""/>
    <property name="baseURL" value=""/>
    <property name="tinkey.keysetFilename" value=""/>
    <property name="java.vm.info" value="mixed mode, sharing"/>
    <property name="video.folder" value="allure-results/videos"/>
    <property name="java.class.version" value="61.0"/>
    <property name="sun.jnu.encoding" value="Cp1252"/>
    <property name="browserStack.appUrl" value=""/>
    <property name="setPreserveOrder" value="true"/>
    <property name="skipTestsWithLinkedIssues" value="false"/>
    <property name="com.SHAFT.proxySettings" value=""/>
    <property name="browserStack.seleniumVersion" value="4.1.2"/>
    <property name="clickUsingJavascriptWhenWebDriverClickFails" value="false"/>
    <property name="disableLogging" value="false"/>
    <property name="authorization" value=":"/>
    <property name="targetBrowserName" value="GoogleChrome"/>
    <property name="screenshotParams_watermarkOpacity" value="0.2"/>
    <property name="mobile_browserName" value=""/>
    <property name="browserStack.debug" value="true"/>
    <property name="mobileEmulation.width" value=""/>
    <property name="file.separator" value="\"/>
    <property name="java.vm.compressedOopsMode" value="Zero based"/>
    <property name="line.separator" value="&#10;"/>
    <property name="ExecutionName" value=""/>
    <property name="appender.file.layout.pattern" value="[%-5level] %d{yyyy-MM-dd HH:mm:ss.SSS} [%t] %c{1} - %msg%n"/>
    <property name="testDataColumnNamePrefix" value="Data"/>
    <property name="cucumber.object-factory" value=""/>
    <property name="targetOperatingSystem" value="Windows-64"/>
    <property name="allure.link.custom.pattern" value="{}"/>
    <property name="propertiesFolderPath" value="src/main/resources/properties/"/>
    <property name="headlessExecution" value="false"/>
    <property name="user.name" value="HeshamAbdElhamedGhar"/>
    <property name="browserStack.appRelativeFilePath" value=""/>
    <property name="screenshotParams_watermark" value="true"/>
    <property name="jiraInteraction" value="false"/>
    <property name="serverPort" value="7878"/>
    <property name="cleanExtentReportsDirectoryBeforeExecution" value="true"/>
    <property name="localRepository" value="C:\Users\HeshamAbdElhamedGhar\.m2\repository"/>
    <property name="idea.version" value="2022.3.1"/>
    <property name="defaultElementIdentificationTimeout" value="60"/>
    <property name="capabilities.accessKey" value=""/>
    <property name="ExecutionDescription" value=""/>
    <property name="sun.os.patch.level" value=""/>
    <property name="lazyLoadingTimeout" value="30"/>
    <property name="customDriverName" value=""/>
    <property name="waitForLazyLoading" value="false"/>
    <property name="browserNavigationTimeout" value="60"/>
    <property name="mobile_platformName" value=""/>
    <property name="mobile_appPackage" value=""/>
    <property name="java.class.path" value="C:\eclipse-workspace\MyProjects\TASystemsAPIs\target\test-classes;C:\eclipse-workspace\MyProjects\TASystemsAPIs\target\classes;C:\Users\HeshamAbdElhamedGhar\.m2\repository\io\github\shafthq\SHAFT_ENGINE\6.4.20221215\SHAFT_ENGINE-6.4.20221215.jar;C:\Users\HeshamAbdElhamedGhar\.m2\repository\org\testng\testng\7.7.0\testng-7.7.0.jar;C:\Users\HeshamAbdElhamedGhar\.m2\repository\com\beust\jcommander\1.82\jcommander-1.82.jar;C:\Users\HeshamAbdElhamedGhar\.m2\repository\org\webjars\jquery\3.6.1\jquery-3.6.1.jar;C:\Users\HeshamAbdElhamedGhar\.m2\repository\org\seleniumhq\selenium\selenium-java\4.7.2\selenium-java-4.7.2.jar;C:\Users\HeshamAbdElhamedGhar\.m2\repository\org\seleniumhq\selenium\selenium-api\4.7.2\selenium-api-4.7.2.jar;C:\Users\HeshamAbdElhamedGhar\.m2\repository\org\seleniumhq\selenium\selenium-chrome-driver\4.7.2\selenium-chrome-driver-4.7.2.jar;C:\Users\HeshamAbdElhamedGhar\.m2\repository\com\google\auto\service\auto-service-annotations\1.0.1\auto-service-annotations-1.0.1.jar;C:\Users\HeshamAbdElhamedGhar\.m2\repository\org\seleniumhq\selenium\selenium-chromium-driver\4.7.2\selenium-chromium-driver-4.7.2.jar;C:\Users\HeshamAbdElhamedGhar\.m2\repository\org\seleniumhq\selenium\selenium-json\4.7.2\selenium-json-4.7.2.jar;C:\Users\HeshamAbdElhamedGhar\.m2\repository\org\seleniumhq\selenium\selenium-devtools-v106\4.7.2\selenium-devtools-v106-4.7.2.jar;C:\Users\HeshamAbdElhamedGhar\.m2\repository\org\seleniumhq\selenium\selenium-devtools-v107\4.7.2\selenium-devtools-v107-4.7.2.jar;C:\Users\HeshamAbdElhamedGhar\.m2\repository\org\seleniumhq\selenium\selenium-devtools-v108\4.7.2\selenium-devtools-v108-4.7.2.jar;C:\Users\HeshamAbdElhamedGhar\.m2\repository\org\seleniumhq\selenium\selenium-devtools-v85\4.7.2\selenium-devtools-v85-4.7.2.jar;C:\Users\HeshamAbdElhamedGhar\.m2\repository\org\seleniumhq\selenium\selenium-edge-driver\4.7.2\selenium-edge-driver-4.7.2.jar;C:\Users\HeshamAbdElhamedGhar\.m2\repository\org\seleniumhq\selenium\selenium-firefox-driver\4.7.2\selenium-firefox-driver-4.7.2.jar;C:\Users\HeshamAbdElhamedGhar\.m2\repository\org\seleniumhq\selenium\selenium-http\4.7.2\selenium-http-4.7.2.jar;C:\Users\HeshamAbdElhamedGhar\.m2\repository\dev\failsafe\failsafe\3.3.0\failsafe-3.3.0.jar;C:\Users\HeshamAbdElhamedGhar\.m2\repository\org\seleniumhq\selenium\selenium-ie-driver\4.7.2\selenium-ie-driver-4.7.2.jar;C:\Users\HeshamAbdElhamedGhar\.m2\repository\org\seleniumhq\selenium\selenium-remote-driver\4.7.2\selenium-remote-driver-4.7.2.jar;C:\Users\HeshamAbdElhamedGhar\.m2\repository\io\netty\netty-codec-http\4.1.84.Final\netty-codec-http-4.1.84.Final.jar;C:\Users\HeshamAbdElhamedGhar\.m2\repository\io\netty\netty-transport-classes-epoll\4.1.84.Final\netty-transport-classes-epoll-4.1.84.Final.jar;C:\Users\HeshamAbdElhamedGhar\.m2\repository\io\netty\netty-transport-classes-kqueue\4.1.84.Final\netty-transport-classes-kqueue-4.1.84.Final.jar;C:\Users\HeshamAbdElhamedGhar\.m2\repository\io\netty\netty-transport-native-epoll\4.1.84.Final\netty-transport-native-epoll-4.1.84.Final.jar;C:\Users\HeshamAbdElhamedGhar\.m2\repository\io\netty\netty-transport-native-kqueue\4.1.84.Final\netty-transport-native-kqueue-4.1.84.Final.jar;C:\Users\HeshamAbdElhamedGhar\.m2\repository\io\opentelemetry\opentelemetry-api\1.19.0\opentelemetry-api-1.19.0.jar;C:\Users\HeshamAbdElhamedGhar\.m2\repository\io\opentelemetry\opentelemetry-context\1.19.0\opentelemetry-context-1.19.0.jar;C:\Users\HeshamAbdElhamedGhar\.m2\repository\io\opentelemetry\opentelemetry-exporter-logging\1.19.0\opentelemetry-exporter-logging-1.19.0.jar;C:\Users\HeshamAbdElhamedGhar\.m2\repository\io\opentelemetry\opentelemetry-sdk-metrics\1.19.0\opentelemetry-sdk-metrics-1.19.0.jar;C:\Users\HeshamAbdElhamedGhar\.m2\repository\io\opentelemetry\opentelemetry-sdk-logs\1.19.0-alpha\opentelemetry-sdk-logs-1.19.0-alpha.jar;C:\Users\HeshamAbdElhamedGhar\.m2\repository\io\opentelemetry\opentelemetry-api-logs\1.19.0-alpha\opentelemetry-api-logs-1.19.0-alpha.jar;C:\Users\HeshamAbdElhamedGhar\.m2\repository\io\opentelemetry\opentelemetry-sdk-common\1.19.0\opentelemetry-sdk-common-1.19.0.jar;C:\Users\HeshamAbdElhamedGhar\.m2\repository\io\opentelemetry\opentelemetry-sdk-extension-autoconfigure-spi\1.19.0\opentelemetry-sdk-extension-autoconfigure-spi-1.19.0.jar;C:\Users\HeshamAbdElhamedGhar\.m2\repository\io\opentelemetry\opentelemetry-sdk-extension-autoconfigure\1.19.0-alpha\opentelemetry-sdk-extension-autoconfigure-1.19.0-alpha.jar;C:\Users\HeshamAbdElhamedGhar\.m2\repository\io\opentelemetry\opentelemetry-exporter-common\1.19.0\opentelemetry-exporter-common-1.19.0.jar;C:\Users\HeshamAbdElhamedGhar\.m2\repository\io\opentelemetry\opentelemetry-sdk-trace\1.19.0\opentelemetry-sdk-trace-1.19.0.jar;C:\Users\HeshamAbdElhamedGhar\.m2\repository\io\opentelemetry\opentelemetry-sdk\1.19.0\opentelemetry-sdk-1.19.0.jar;C:\Users\HeshamAbdElhamedGhar\.m2\repository\io\opentelemetry\opentelemetry-semconv\1.19.0-alpha\opentelemetry-semconv-1.19.0-alpha.jar;C:\Users\HeshamAbdElhamedGhar\.m2\repository\io\ous\jtoml\2.0.0\jtoml-2.0.0.jar;C:\Users\HeshamAbdElhamedGhar\.m2\repository\net\bytebuddy\byte-buddy\1.12.18\byte-buddy-1.12.18.jar;C:\Users\HeshamAbdElhamedGhar\.m2\repository\org\asynchttpclient\async-http-client\2.12.3\async-http-client-2.12.3.jar;C:\Users\HeshamAbdElhamedGhar\.m2\repository\org\asynchttpclient\async-http-client-netty-utils\2.12.3\async-http-client-netty-utils-2.12.3.jar;C:\Users\HeshamAbdElhamedGhar\.m2\repository\io\netty\netty-codec-socks\4.1.60.Final\netty-codec-socks-4.1.60.Final.jar;C:\Users\HeshamAbdElhamedGhar\.m2\repository\io\netty\netty-handler-proxy\4.1.60.Final\netty-handler-proxy-4.1.60.Final.jar;C:\Users\HeshamAbdElhamedGhar\.m2\repository\io\netty\netty-transport-native-epoll\4.1.60.Final\netty-transport-native-epoll-4.1.60.Final-linux-x86_64.jar;C:\Users\HeshamAbdElhamedGhar\.m2\repository\io\netty\netty-transport-native-kqueue\4.1.60.Final\netty-transport-native-kqueue-4.1.60.Final-osx-x86_64.jar;C:\Users\HeshamAbdElhamedGhar\.m2\repository\com\typesafe\netty\netty-reactive-streams\2.0.4\netty-reactive-streams-2.0.4.jar;C:\Users\HeshamAbdElhamedGhar\.m2\repository\com\sun\activation\jakarta.activation\1.2.2\jakarta.activation-1.2.2.jar;C:\Users\HeshamAbdElhamedGhar\.m2\repository\org\seleniumhq\selenium\selenium-manager\4.7.2\selenium-manager-4.7.2.jar;C:\Users\HeshamAbdElhamedGhar\.m2\repository\org\seleniumhq\selenium\selenium-safari-driver\4.7.2\selenium-safari-driver-4.7.2.jar;C:\Users\HeshamAbdElhamedGhar\.m2\repository\org\seleniumhq\selenium\selenium-support\4.7.2\selenium-support-4.7.2.jar;C:\Users\HeshamAbdElhamedGhar\.m2\repository\io\netty\netty-handler\4.1.86.Final\netty-handler-4.1.86.Final.jar;C:\Users\HeshamAbdElhamedGhar\.m2\repository\io\netty\netty-common\4.1.86.Final\netty-common-4.1.86.Final.jar;C:\Users\HeshamAbdElhamedGhar\.m2\repository\io\netty\netty-resolver\4.1.86.Final\netty-resolver-4.1.86.Final.jar;C:\Users\HeshamAbdElhamedGhar\.m2\repository\io\netty\netty-buffer\4.1.86.Final\netty-buffer-4.1.86.Final.jar;C:\Users\HeshamAbdElhamedGhar\.m2\repository\io\netty\netty-transport\4.1.86.Final\netty-transport-4.1.86.Final.jar;C:\Users\HeshamAbdElhamedGhar\.m2\repository\io\netty\netty-transport-native-unix-common\4.1.86.Final\netty-transport-native-unix-common-4.1.86.Final.jar;C:\Users\HeshamAbdElhamedGhar\.m2\repository\io\netty\netty-codec\4.1.86.Final\netty-codec-4.1.86.Final.jar;C:\Users\HeshamAbdElhamedGhar\.m2\repository\io\appium\java-client\8.3.0\java-client-8.3.0.jar;C:\Users\HeshamAbdElhamedGhar\.m2\repository\com\google\code\gson\gson\2.10\gson-2.10.jar;C:\Users\HeshamAbdElhamedGhar\.m2\repository\cglib\cglib\3.3.0\cglib-3.3.0.jar;C:\Users\HeshamAbdElhamedGhar\.m2\repository\org\ow2\asm\asm\7.1\asm-7.1.jar;C:\Users\HeshamAbdElhamedGhar\.m2\repository\commons-validator\commons-validator\1.7\commons-validator-1.7.jar;C:\Users\HeshamAbdElhamedGhar\.m2\repository\commons-beanutils\commons-beanutils\1.9.4\commons-beanutils-1.9.4.jar;C:\Users\HeshamAbdElhamedGhar\.m2\repository\commons-digester\commons-digester\2.1\commons-digester-2.1.jar;C:\Users\HeshamAbdElhamedGhar\.m2\repository\commons-collections\commons-collections\3.2.2\commons-collections-3.2.2.jar;C:\Users\HeshamAbdElhamedGhar\.m2\repository\org\apache\commons\commons-lang3\3.12.0\commons-lang3-3.12.0.jar;C:\Users\HeshamAbdElhamedGhar\.m2\repository\commons-io\commons-io\2.11.0\commons-io-2.11.0.jar;C:\Users\HeshamAbdElhamedGhar\.m2\repository\io\github\bonigarcia\webdrivermanager\5.3.1\webdrivermanager-5.3.1.jar;C:\Users\HeshamAbdElhamedGhar\.m2\repository\com\github\docker-java\docker-java\3.2.13\docker-java-3.2.13.jar;C:\Users\HeshamAbdElhamedGhar\.m2\repository\com\github\docker-java\docker-java-core\3.2.13\docker-java-core-3.2.13.jar;C:\Users\HeshamAbdElhamedGhar\.m2\repository\com\github\docker-java\docker-java-api\3.2.13\docker-java-api-3.2.13.jar;C:\Users\HeshamAbdElhamedGhar\.m2\repository\org\slf4j\jcl-over-slf4j\1.7.30\jcl-over-slf4j-1.7.30.jar;C:\Users\HeshamAbdElhamedGhar\.m2\repository\com\github\docker-java\docker-java-transport-httpclient5\3.2.13\docker-java-transport-httpclient5-3.2.13.jar;C:\Users\HeshamAbdElhamedGhar\.m2\repository\com\github\docker-java\docker-java-transport\3.2.13\docker-java-transport-3.2.13.jar;C:\Users\HeshamAbdElhamedGhar\.m2\repository\net\java\dev\jna\jna\5.8.0\jna-5.8.0.jar;C:\Users\HeshamAbdElhamedGhar\.m2\repository\org\brotli\dec\0.1.2\dec-0.1.2.jar;C:\Users\HeshamAbdElhamedGhar\.m2\repository\org\apache\httpcomponents\client5\httpclient5\5.1.3\httpclient5-5.1.3.jar;C:\Users\HeshamAbdElhamedGhar\.m2\repository\org\apache\httpcomponents\core5\httpcore5\5.1.3\httpcore5-5.1.3.jar;C:\Users\HeshamAbdElhamedGhar\.m2\repository\org\apache\httpcomponents\core5\httpcore5-h2\5.1.3\httpcore5-h2-5.1.3.jar;C:\Users\HeshamAbdElhamedGhar\.m2\repository\io\cucumber\cucumber-java\7.10.0\cucumber-java-7.10.0.jar;C:\Users\HeshamAbdElhamedGhar\.m2\repository\io\cucumber\cucumber-core\7.10.0\cucumber-core-7.10.0.jar;C:\Users\HeshamAbdElhamedGhar\.m2\repository\io\cucumber\cucumber-gherkin\7.10.0\cucumber-gherkin-7.10.0.jar;C:\Users\HeshamAbdElhamedGhar\.m2\repository\io\cucumber\cucumber-gherkin-messages\7.10.0\cucumber-gherkin-messages-7.10.0.jar;C:\Users\HeshamAbdElhamedGhar\.m2\repository\io\cucumber\gherkin\25.0.2\gherkin-25.0.2.jar;C:\Users\HeshamAbdElhamedGhar\.m2\repository\io\cucumber\messages\19.1.4\messages-19.1.4.jar;C:\Users\HeshamAbdElhamedGhar\.m2\repository\io\cucumber\tag-expressions\4.1.0\tag-expressions-4.1.0.jar;C:\Users\HeshamAbdElhamedGhar\.m2\repository\io\cucumber\cucumber-expressions\16.1.1\cucumber-expressions-16.1.1.jar;C:\Users\HeshamAbdElhamedGhar\.m2\repository\io\cucumber\datatable\7.10.0\datatable-7.10.0.jar;C:\Users\HeshamAbdElhamedGhar\.m2\repository\io\cucumber\cucumber-plugin\7.10.0\cucumber-plugin-7.10.0.jar;C:\Users\HeshamAbdElhamedGhar\.m2\repository\io\cucumber\docstring\7.10.0\docstring-7.10.0.jar;C:\Users\HeshamAbdElhamedGhar\.m2\repository\io\cucumber\html-formatter\20.2.0\html-formatter-20.2.0.jar;C:\Users\HeshamAbdElhamedGhar\.m2\repository\io\cucumber\ci-environment\9.1.0\ci-environment-9.1.0.jar;C:\Users\HeshamAbdElhamedGhar\.m2\repository\org\apiguardian\apiguardian-api\1.1.2\apiguardian-api-1.1.2.jar;C:\Users\HeshamAbdElhamedGhar\.m2\repository\io\cucumber\cucumber-testng\7.10.0\cucumber-testng-7.10.0.jar;C:\Users\HeshamAbdElhamedGhar\.m2\repository\io\cucumber\cucumber-picocontainer\7.10.0\cucumber-picocontainer-7.10.0.jar;C:\Users\HeshamAbdElhamedGhar\.m2\repository\org\picocontainer\picocontainer\2.15\picocontainer-2.15.jar;C:\Users\HeshamAbdElhamedGhar\.m2\repository\org\apache\poi\poi\5.2.3\poi-5.2.3.jar;C:\Users\HeshamAbdElhamedGhar\.m2\repository\commons-codec\commons-codec\1.15\commons-codec-1.15.jar;C:\Users\HeshamAbdElhamedGhar\.m2\repository\org\apache\commons\commons-collections4\4.4\commons-collections4-4.4.jar;C:\Users\HeshamAbdElhamedGhar\.m2\repository\org\apache\commons\commons-math3\3.6.1\commons-math3-3.6.1.jar;C:\Users\HeshamAbdElhamedGhar\.m2\repository\com\zaxxer\SparseBitSet\1.2\SparseBitSet-1.2.jar;C:\Users\HeshamAbdElhamedGhar\.m2\repository\org\apache\logging\log4j\log4j-api\2.18.0\log4j-api-2.18.0.jar;C:\Users\HeshamAbdElhamedGhar\.m2\repository\org\apache\poi\poi-ooxml\5.2.3\poi-ooxml-5.2.3.jar;C:\Users\HeshamAbdElhamedGhar\.m2\repository\org\apache\poi\poi-ooxml-lite\5.2.3\poi-ooxml-lite-5.2.3.jar;C:\Users\HeshamAbdElhamedGhar\.m2\repository\org\apache\xmlbeans\xmlbeans\5.1.1\xmlbeans-5.1.1.jar;C:\Users\HeshamAbdElhamedGhar\.m2\repository\org\apache\commons\commons-compress\1.21\commons-compress-1.21.jar;C:\Users\HeshamAbdElhamedGhar\.m2\repository\com\github\virtuald\curvesapi\1.07\curvesapi-1.07.jar;C:\Users\HeshamAbdElhamedGhar\.m2\repository\io\qameta\allure\allure-testng\2.20.1\allure-testng-2.20.1.jar;C:\Users\HeshamAbdElhamedGhar\.m2\repository\io\qameta\allure\allure-java-commons\2.20.1\allure-java-commons-2.20.1.jar;C:\Users\HeshamAbdElhamedGhar\.m2\repository\io\qameta\allure\allure-model\2.20.1\allure-model-2.20.1.jar;C:\Users\HeshamAbdElhamedGhar\.m2\repository\io\qameta\allure\allure-test-filter\2.20.1\allure-test-filter-2.20.1.jar;C:\Users\HeshamAbdElhamedGhar\.m2\repository\io\qameta\allure\allure-cucumber7-jvm\2.20.1\allure-cucumber7-jvm-2.20.1.jar;C:\Users\HeshamAbdElhamedGhar\.m2\repository\org\aspectj\aspectjweaver\1.9.9.1\aspectjweaver-1.9.9.1.jar;C:\Users\HeshamAbdElhamedGhar\.m2\repository\com\aventstack\extentreports\5.0.9\extentreports-5.0.9.jar;C:\Users\HeshamAbdElhamedGhar\.m2\repository\io\reactivex\rxjava3\rxjava\3.0.4\rxjava-3.0.4.jar;C:\Users\HeshamAbdElhamedGhar\.m2\repository\org\reactivestreams\reactive-streams\1.0.3\reactive-streams-1.0.3.jar;C:\Users\HeshamAbdElhamedGhar\.m2\repository\org\freemarker\freemarker\2.3.30\freemarker-2.3.30.jar;C:\Users\HeshamAbdElhamedGhar\.m2\repository\org\apache\pdfbox\pdfbox\2.0.27\pdfbox-2.0.27.jar;C:\Users\HeshamAbdElhamedGhar\.m2\repository\org\apache\pdfbox\fontbox\2.0.27\fontbox-2.0.27.jar;C:\Users\HeshamAbdElhamedGhar\.m2\repository\commons-logging\commons-logging\1.2\commons-logging-1.2.jar;C:\Users\HeshamAbdElhamedGhar\.m2\repository\io\rest-assured\rest-assured\5.3.0\rest-assured-5.3.0.jar;C:\Users\HeshamAbdElhamedGhar\.m2\repository\org\apache\groovy\groovy\4.0.6\groovy-4.0.6.jar;C:\Users\HeshamAbdElhamedGhar\.m2\repository\org\apache\groovy\groovy-xml\4.0.6\groovy-xml-4.0.6.jar;C:\Users\HeshamAbdElhamedGhar\.m2\repository\org\apache\httpcomponents\httpclient\4.5.13\httpclient-4.5.13.jar;C:\Users\HeshamAbdElhamedGhar\.m2\repository\org\apache\httpcomponents\httpcore\4.4.13\httpcore-4.4.13.jar;C:\Users\HeshamAbdElhamedGhar\.m2\repository\org\apache\httpcomponents\httpmime\4.5.13\httpmime-4.5.13.jar;C:\Users\HeshamAbdElhamedGhar\.m2\repository\org\hamcrest\hamcrest\2.1\hamcrest-2.1.jar;C:\Users\HeshamAbdElhamedGhar\.m2\repository\org\ccil\cowan\tagsoup\tagsoup\1.2.1\tagsoup-1.2.1.jar;C:\Users\HeshamAbdElhamedGhar\.m2\repository\io\rest-assured\json-path\5.3.0\json-path-5.3.0.jar;C:\Users\HeshamAbdElhamedGhar\.m2\repository\org\apache\groovy\groovy-json\4.0.6\groovy-json-4.0.6.jar;C:\Users\HeshamAbdElhamedGhar\.m2\repository\io\rest-assured\rest-assured-common\5.3.0\rest-assured-common-5.3.0.jar;C:\Users\HeshamAbdElhamedGhar\.m2\repository\io\rest-assured\xml-path\5.3.0\xml-path-5.3.0.jar;C:\Users\HeshamAbdElhamedGhar\.m2\repository\com\googlecode\json-simple\json-simple\1.1.1\json-simple-1.1.1.jar;C:\Users\HeshamAbdElhamedGhar\.m2\repository\com\jayway\jsonpath\json-path\2.7.0\json-path-2.7.0.jar;C:\Users\HeshamAbdElhamedGhar\.m2\repository\net\minidev\json-smart\2.4.7\json-smart-2.4.7.jar;C:\Users\HeshamAbdElhamedGhar\.m2\repository\net\minidev\accessors-smart\2.4.7\accessors-smart-2.4.7.jar;C:\Users\HeshamAbdElhamedGhar\.m2\repository\org\skyscreamer\jsonassert\1.5.1\jsonassert-1.5.1.jar;C:\Users\HeshamAbdElhamedGhar\.m2\repository\com\vaadin\external\google\android-json\0.0.20131108.vaadin1\android-json-0.0.20131108.vaadin1.jar;C:\Users\HeshamAbdElhamedGhar\.m2\repository\eu\medsea\mimeutil\mime-util\2.1.3\mime-util-2.1.3.jar;C:\Users\HeshamAbdElhamedGhar\.m2\repository\io\rest-assured\json-schema-validator\5.3.0\json-schema-validator-5.3.0.jar;C:\Users\HeshamAbdElhamedGhar\.m2\repository\com\github\java-json-tools\json-schema-validator\2.2.14\json-schema-validator-2.2.14.jar;C:\Users\HeshamAbdElhamedGhar\.m2\repository\com\github\java-json-tools\jackson-coreutils-equivalence\1.0\jackson-coreutils-equivalence-1.0.jar;C:\Users\HeshamAbdElhamedGhar\.m2\repository\com\github\java-json-tools\jackson-coreutils\2.0\jackson-coreutils-2.0.jar;C:\Users\HeshamAbdElhamedGhar\.m2\repository\com\github\java-json-tools\msg-simple\1.2\msg-simple-1.2.jar;C:\Users\HeshamAbdElhamedGhar\.m2\repository\com\github\java-json-tools\btf\1.3\btf-1.3.jar;C:\Users\HeshamAbdElhamedGhar\.m2\repository\com\github\java-json-tools\json-schema-core\1.2.14\json-schema-core-1.2.14.jar;C:\Users\HeshamAbdElhamedGhar\.m2\repository\com\github\java-json-tools\uri-template\0.10\uri-template-0.10.jar;C:\Users\HeshamAbdElhamedGhar\.m2\repository\org\mozilla\rhino\1.7.7.2\rhino-1.7.7.2.jar;C:\Users\HeshamAbdElhamedGhar\.m2\repository\com\sun\mail\mailapi\1.6.2\mailapi-1.6.2.jar;C:\Users\HeshamAbdElhamedGhar\.m2\repository\joda-time\joda-time\2.10.5\joda-time-2.10.5.jar;C:\Users\HeshamAbdElhamedGhar\.m2\repository\com\googlecode\libphonenumber\libphonenumber\8.11.1\libphonenumber-8.11.1.jar;C:\Users\HeshamAbdElhamedGhar\.m2\repository\net\sf\jopt-simple\jopt-simple\5.0.4\jopt-simple-5.0.4.jar;C:\Users\HeshamAbdElhamedGhar\.m2\repository\com\fasterxml\jackson\datatype\jackson-datatype-jdk8\2.14.1\jackson-datatype-jdk8-2.14.1.jar;C:\Users\HeshamAbdElhamedGhar\.m2\repository\com\fasterxml\jackson\core\jackson-core\2.14.1\jackson-core-2.14.1.jar;C:\Users\HeshamAbdElhamedGhar\.m2\repository\com\applitools\eyes-images-java4\4.14.0\eyes-images-java4-4.14.0.jar;C:\Users\HeshamAbdElhamedGhar\.m2\repository\com\applitools\eyes-common-java4\4.14.0\eyes-common-java4-4.14.0.jar;C:\Users\HeshamAbdElhamedGhar\.m2\repository\org\imgscalr\imgscalr-lib\4.2\imgscalr-lib-4.2.jar;C:\Users\HeshamAbdElhamedGhar\.m2\repository\com\helger\ph-css\6.1.1\ph-css-6.1.1.jar;C:\Users\HeshamAbdElhamedGhar\.m2\repository\com\helger\ph-commons\9.0.2\ph-commons-9.0.2.jar;C:\Users\HeshamAbdElhamedGhar\.m2\repository\org\jsoup\jsoup\1.8.3\jsoup-1.8.3.jar;C:\Users\HeshamAbdElhamedGhar\.m2\repository\com\applitools\eyes-sdk-core-java4\4.14.0\eyes-sdk-core-java4-4.14.0.jar;C:\Users\HeshamAbdElhamedGhar\.m2\repository\com\applitools\eyes-connectivity-java4-jersey2x\4.14.0\eyes-connectivity-java4-jersey2x-4.14.0.jar;C:\Users\HeshamAbdElhamedGhar\.m2\repository\org\glassfish\jersey\connectors\jersey-apache-connector\2.16\jersey-apache-connector-2.16.jar;C:\Users\HeshamAbdElhamedGhar\.m2\repository\org\glassfish\jersey\core\jersey-common\2.16\jersey-common-2.16.jar;C:\Users\HeshamAbdElhamedGhar\.m2\repository\javax\annotation\javax.annotation-api\1.2\javax.annotation-api-1.2.jar;C:\Users\HeshamAbdElhamedGhar\.m2\repository\org\glassfish\jersey\bundles\repackaged\jersey-guava\2.16\jersey-guava-2.16.jar;C:\Users\HeshamAbdElhamedGhar\.m2\repository\org\glassfish\hk2\osgi-resource-locator\1.0.1\osgi-resource-locator-1.0.1.jar;C:\Users\HeshamAbdElhamedGhar\.m2\repository\javax\ws\rs\javax.ws.rs-api\2.0.1\javax.ws.rs-api-2.0.1.jar;C:\Users\HeshamAbdElhamedGhar\.m2\repository\org\glassfish\jersey\core\jersey-client\2.16\jersey-client-2.16.jar;C:\Users\HeshamAbdElhamedGhar\.m2\repository\org\glassfish\hk2\hk2-api\2.4.0-b09\hk2-api-2.4.0-b09.jar;C:\Users\HeshamAbdElhamedGhar\.m2\repository\org\glassfish\hk2\hk2-utils\2.4.0-b09\hk2-utils-2.4.0-b09.jar;C:\Users\HeshamAbdElhamedGhar\.m2\repository\org\glassfish\hk2\external\aopalliance-repackaged\2.4.0-b09\aopalliance-repackaged-2.4.0-b09.jar;C:\Users\HeshamAbdElhamedGhar\.m2\repository\org\glassfish\hk2\external\javax.inject\2.4.0-b09\javax.inject-2.4.0-b09.jar;C:\Users\HeshamAbdElhamedGhar\.m2\repository\org\glassfish\hk2\hk2-locator\2.4.0-b09\hk2-locator-2.4.0-b09.jar;C:\Users\HeshamAbdElhamedGhar\.m2\repository\org\openpnp\opencv\4.5.5-1\opencv-4.5.5-1.jar;C:\Users\HeshamAbdElhamedGhar\.m2\repository\com\sikulix\sikulixapi\2.0.5\sikulixapi-2.0.5.jar;C:\Users\HeshamAbdElhamedGhar\.m2\repository\org\python\jython-slim\2.7.2\jython-slim-2.7.2.jar;C:\Users\HeshamAbdElhamedGhar\.m2\repository\org\antlr\antlr\3.5.2\antlr-3.5.2.jar;C:\Users\HeshamAbdElhamedGhar\.m2\repository\org\antlr\ST4\4.0.8\ST4-4.0.8.jar;C:\Users\HeshamAbdElhamedGhar\.m2\repository\javax\servlet\javax.servlet-api\3.1.0\javax.servlet-api-3.1.0.jar;C:\Users\HeshamAbdElhamedGhar\.m2\repository\org\antlr\antlr-runtime\3.5.2\antlr-runtime-3.5.2.jar;C:\Users\HeshamAbdElhamedGhar\.m2\repository\org\bouncycastle\bcpkix-jdk15on\1.62\bcpkix-jdk15on-1.62.jar;C:\Users\HeshamAbdElhamedGhar\.m2\repository\org\bouncycastle\bcprov-jdk15on\1.62\bcprov-jdk15on-1.62.jar;C:\Users\HeshamAbdElhamedGhar\.m2\repository\org\ow2\asm\asm-commons\7.1\asm-commons-7.1.jar;C:\Users\HeshamAbdElhamedGhar\.m2\repository\org\ow2\asm\asm-tree\7.1\asm-tree-7.1.jar;C:\Users\HeshamAbdElhamedGhar\.m2\repository\org\ow2\asm\asm-analysis\7.1\asm-analysis-7.1.jar;C:\Users\HeshamAbdElhamedGhar\.m2\repository\org\ow2\asm\asm-util\7.1\asm-util-7.1.jar;C:\Users\HeshamAbdElhamedGhar\.m2\repository\com\ibm\icu\icu4j\59.1\icu4j-59.1.jar;C:\Users\HeshamAbdElhamedGhar\.m2\repository\com\carrotsearch\java-sizeof\0.0.5\java-sizeof-0.0.5.jar;C:\Users\HeshamAbdElhamedGhar\.m2\repository\com\github\jnr\jffi\1.2.20\jffi-1.2.20.jar;C:\Users\HeshamAbdElhamedGhar\.m2\repository\com\github\jnr\jnr-netdb\1.1.6\jnr-netdb-1.1.6.jar;C:\Users\HeshamAbdElhamedGhar\.m2\repository\com\github\jnr\jnr-ffi\2.1.10\jnr-ffi-2.1.10.jar;C:\Users\HeshamAbdElhamedGhar\.m2\repository\com\github\jnr\jffi\1.2.19\jffi-1.2.19-native.jar;C:\Users\HeshamAbdElhamedGhar\.m2\repository\com\github\jnr\jnr-a64asm\1.0.0\jnr-a64asm-1.0.0.jar;C:\Users\HeshamAbdElhamedGhar\.m2\repository\com\github\jnr\jnr-x86asm\1.0.2\jnr-x86asm-1.0.2.jar;C:\Users\HeshamAbdElhamedGhar\.m2\repository\com\github\jnr\jnr-posix\3.0.50\jnr-posix-3.0.50.jar;C:\Users\HeshamAbdElhamedGhar\.m2\repository\com\github\jnr\jnr-constants\0.9.12\jnr-constants-0.9.12.jar;C:\Users\HeshamAbdElhamedGhar\.m2\repository\jline\jline\2.14.5\jline-2.14.5.jar;C:\Users\HeshamAbdElhamedGhar\.m2\repository\org\apache\ant\ant\1.9.7\ant-1.9.7.jar;C:\Users\HeshamAbdElhamedGhar\.m2\repository\org\apache\ant\ant-launcher\1.9.7\ant-launcher-1.9.7.jar;C:\Users\HeshamAbdElhamedGhar\.m2\repository\com\sikulix\sikulix2tigervnc\1.1.4\sikulix2tigervnc-1.1.4.jar;C:\Users\HeshamAbdElhamedGhar\.m2\repository\commons-cli\commons-cli\1.4\commons-cli-1.4.jar;C:\Users\HeshamAbdElhamedGhar\.m2\repository\org\apache\commons\commons-exec\1.3\commons-exec-1.3.jar;C:\Users\HeshamAbdElhamedGhar\.m2\repository\net\java\dev\jna\jna-platform\5.6.0\jna-platform-5.6.0.jar;C:\Users\HeshamAbdElhamedGhar\.m2\repository\net\oneandone\reflections8\reflections8\0.11.6\reflections8-0.11.6.jar;C:\Users\HeshamAbdElhamedGhar\.m2\repository\org\javassist\javassist\3.22.0-GA\javassist-3.22.0-GA.jar;C:\Users\HeshamAbdElhamedGhar\.m2\repository\net\sourceforge\tess4j\tess4j\4.5.4\tess4j-4.5.4.jar;C:\Users\HeshamAbdElhamedGhar\.m2\repository\com\github\jai-imageio\jai-imageio-core\1.4.0\jai-imageio-core-1.4.0.jar;C:\Users\HeshamAbdElhamedGhar\.m2\repository\org\ghost4j\ghost4j\1.0.1\ghost4j-1.0.1.jar;C:\Users\HeshamAbdElhamedGhar\.m2\repository\org\apache\xmlgraphics\xmlgraphics-commons\1.4\xmlgraphics-commons-1.4.jar;C:\Users\HeshamAbdElhamedGhar\.m2\repository\com\lowagie\itext\2.1.7\itext-2.1.7.jar;C:\Users\HeshamAbdElhamedGhar\.m2\repository\org\apache\pdfbox\pdfbox-tools\2.0.21\pdfbox-tools-2.0.21.jar;C:\Users\HeshamAbdElhamedGhar\.m2\repository\org\apache\pdfbox\pdfbox-debugger\2.0.21\pdfbox-debugger-2.0.21.jar;C:\Users\HeshamAbdElhamedGhar\.m2\repository\org\apache\pdfbox\jbig2-imageio\3.0.3\jbig2-imageio-3.0.3.jar;C:\Users\HeshamAbdElhamedGhar\.m2\repository\net\sourceforge\lept4j\lept4j\1.13.2\lept4j-1.13.2.jar;C:\Users\HeshamAbdElhamedGhar\.m2\repository\org\jboss\jboss-vfs\3.2.15.Final\jboss-vfs-3.2.15.Final.jar;C:\Users\HeshamAbdElhamedGhar\.m2\repository\org\jboss\logging\jboss-logging\3.1.4.GA\jboss-logging-3.1.4.GA.jar;C:\Users\HeshamAbdElhamedGhar\.m2\repository\net\sf\py4j\py4j\0.10.9.1\py4j-0.10.9.1.jar;C:\Users\HeshamAbdElhamedGhar\.m2\repository\com\epam\healenium\healenium-web\3.3.1\healenium-web-3.3.1.jar;C:\Users\HeshamAbdElhamedGhar\.m2\repository\com\typesafe\config\1.4.2\config-1.4.2.jar;C:\Users\HeshamAbdElhamedGhar\.m2\repository\com\epam\healenium\tree-comparing\0.4.11\tree-comparing-0.4.11.jar;C:\Users\HeshamAbdElhamedGhar\.m2\repository\org\apache\commons\commons-text\1.6\commons-text-1.6.jar;C:\Users\HeshamAbdElhamedGhar\.m2\repository\com\squareup\okhttp3\okhttp\4.9.3\okhttp-4.9.3.jar;C:\Users\HeshamAbdElhamedGhar\.m2\repository\com\squareup\okio\okio\2.8.0\okio-2.8.0.jar;C:\Users\HeshamAbdElhamedGhar\.m2\repository\org\jetbrains\kotlin\kotlin-stdlib-common\1.4.0\kotlin-stdlib-common-1.4.0.jar;C:\Users\HeshamAbdElhamedGhar\.m2\repository\org\jetbrains\kotlin\kotlin-stdlib\1.4.10\kotlin-stdlib-1.4.10.jar;C:\Users\HeshamAbdElhamedGhar\.m2\repository\org\mapstruct\mapstruct\1.4.2.Final\mapstruct-1.4.2.Final.jar;C:\Users\HeshamAbdElhamedGhar\.m2\repository\one\util\streamex\0.8.1\streamex-0.8.1.jar;C:\Users\HeshamAbdElhamedGhar\.m2\repository\org\mapstruct\mapstruct-processor\1.4.2.Final\mapstruct-processor-1.4.2.Final.jar;C:\Users\HeshamAbdElhamedGhar\.m2\repository\com\assertthat\selenium-shutterbug\1.6\selenium-shutterbug-1.6.jar;C:\Users\HeshamAbdElhamedGhar\.m2\repository\com\github\zafarkhaja\java-semver\0.9.0\java-semver-0.9.0.jar;C:\Users\HeshamAbdElhamedGhar\.m2\repository\com\jcraft\jsch\0.1.55\jsch-0.1.55.jar;C:\Users\HeshamAbdElhamedGhar\.m2\repository\mysql\mysql-connector-java\8.0.30\mysql-connector-java-8.0.30.jar;C:\Users\HeshamAbdElhamedGhar\.m2\repository\com\google\protobuf\protobuf-java\3.19.4\protobuf-java-3.19.4.jar;C:\Users\HeshamAbdElhamedGhar\.m2\repository\com\microsoft\sqlserver\mssql-jdbc\9.4.1.jre16-preview\mssql-jdbc-9.4.1.jre16-preview.jar;C:\Users\HeshamAbdElhamedGhar\.m2\repository\postgresql\postgresql\9.1-901-1.jdbc4\postgresql-9.1-901-1.jdbc4.jar;C:\Users\HeshamAbdElhamedGhar\.m2\repository\com\ibm\db2\jcc\db2jcc\db2jcc4\db2jcc-db2jcc4.jar;C:\Users\HeshamAbdElhamedGhar\.m2\repository\ws\schild\jave-all-deps\3.3.1\jave-all-deps-3.3.1.jar;C:\Users\HeshamAbdElhamedGhar\.m2\repository\ws\schild\jave-core\3.3.1\jave-core-3.3.1.jar;C:\Users\HeshamAbdElhamedGhar\.m2\repository\ws\schild\jave-nativebin-win32\3.3.1\jave-nativebin-win32-3.3.1.jar;C:\Users\HeshamAbdElhamedGhar\.m2\repository\ws\schild\jave-nativebin-win64\3.3.1\jave-nativebin-win64-3.3.1.jar;C:\Users\HeshamAbdElhamedGhar\.m2\repository\ws\schild\jave-nativebin-linux32\3.3.1\jave-nativebin-linux32-3.3.1.jar;C:\Users\HeshamAbdElhamedGhar\.m2\repository\ws\schild\jave-nativebin-linux64\3.3.1\jave-nativebin-linux64-3.3.1.jar;C:\Users\HeshamAbdElhamedGhar\.m2\repository\ws\schild\jave-nativebin-osx64\3.3.1\jave-nativebin-osx64-3.3.1.jar;C:\Users\HeshamAbdElhamedGhar\.m2\repository\ws\schild\jave-nativebin-osxm1\3.3.1\jave-nativebin-osxm1-3.3.1.jar;C:\Users\HeshamAbdElhamedGhar\.m2\repository\ws\schild\jave-nativebin-linux-arm32\3.3.1\jave-nativebin-linux-arm32-3.3.1.jar;C:\Users\HeshamAbdElhamedGhar\.m2\repository\ws\schild\jave-nativebin-linux-arm64\3.3.1\jave-nativebin-linux-arm64-3.3.1.jar;C:\Users\HeshamAbdElhamedGhar\.m2\repository\com\automation-remarks\video-recorder-testng\2.0\video-recorder-testng-2.0.jar;C:\Users\HeshamAbdElhamedGhar\.m2\repository\com\automation-remarks\video-recorder-core\2.0\video-recorder-core-2.0.jar;C:\Users\HeshamAbdElhamedGhar\.m2\repository\org\aeonbits\owner\owner-java8\1.0.10\owner-java8-1.0.10.jar;C:\Users\HeshamAbdElhamedGhar\.m2\repository\org\aeonbits\owner\owner\1.0.10\owner-1.0.10.jar;C:\Users\HeshamAbdElhamedGhar\.m2\repository\org\zeroturnaround\zt-exec\1.10\zt-exec-1.10.jar;C:\Users\HeshamAbdElhamedGhar\.m2\repository\org\awaitility\awaitility\3.1.6\awaitility-3.1.6.jar;C:\Users\HeshamAbdElhamedGhar\.m2\repository\org\hamcrest\hamcrest-library\1.3\hamcrest-library-1.3.jar;C:\Users\HeshamAbdElhamedGhar\.m2\repository\org\hamcrest\hamcrest-core\1.3\hamcrest-core-1.3.jar;C:\Users\HeshamAbdElhamedGhar\.m2\repository\org\objenesis\objenesis\2.6\objenesis-2.6.jar;C:\Users\HeshamAbdElhamedGhar\.m2\repository\org\json\json\20180813\json-20180813.jar;C:\Users\HeshamAbdElhamedGhar\.m2\repository\org\apache\logging\log4j\log4j-slf4j2-impl\2.19.0\log4j-slf4j2-impl-2.19.0.jar;C:\Users\HeshamAbdElhamedGhar\.m2\repository\org\slf4j\slf4j-api\2.0.0\slf4j-api-2.0.0.jar;C:\Users\HeshamAbdElhamedGhar\.m2\repository\org\apache\logging\log4j\log4j-core\2.19.0\log4j-core-2.19.0.jar;C:\Users\HeshamAbdElhamedGhar\.m2\repository\org\apache\logging\log4j\log4j-1.2-api\2.19.0\log4j-1.2-api-2.19.0.jar;C:\Users\HeshamAbdElhamedGhar\.m2\repository\com\google\guava\guava\31.1-jre\guava-31.1-jre.jar;C:\Users\HeshamAbdElhamedGhar\.m2\repository\com\google\guava\failureaccess\1.0.1\failureaccess-1.0.1.jar;C:\Users\HeshamAbdElhamedGhar\.m2\repository\com\google\guava\listenablefuture\9999.0-empty-to-avoid-conflict-with-guava\listenablefuture-9999.0-empty-to-avoid-conflict-with-guava.jar;C:\Users\HeshamAbdElhamedGhar\.m2\repository\com\google\code\findbugs\jsr305\3.0.2\jsr305-3.0.2.jar;C:\Users\HeshamAbdElhamedGhar\.m2\repository\org\checkerframework\checker-qual\3.12.0\checker-qual-3.12.0.jar;C:\Users\HeshamAbdElhamedGhar\.m2\repository\com\google\errorprone\error_prone_annotations\2.11.0\error_prone_annotations-2.11.0.jar;C:\Users\HeshamAbdElhamedGhar\.m2\repository\com\google\j2objc\j2objc-annotations\1.3\j2objc-annotations-1.3.jar;C:\Users\HeshamAbdElhamedGhar\.m2\repository\org\projectlombok\lombok\1.18.24\lombok-1.18.24.jar;C:\Users\HeshamAbdElhamedGhar\.m2\repository\com\google\crypto\tink\tink\1.7.0\tink-1.7.0.jar;C:\Users\HeshamAbdElhamedGhar\.m2\repository\com\google\crypto\tink\tink-awskms\1.7.0\tink-awskms-1.7.0.jar;C:\Users\HeshamAbdElhamedGhar\.m2\repository\com\amazonaws\aws-java-sdk-core\1.12.182\aws-java-sdk-core-1.12.182.jar;C:\Users\HeshamAbdElhamedGhar\.m2\repository\software\amazon\ion\ion-java\1.0.2\ion-java-1.0.2.jar;C:\Users\HeshamAbdElhamedGhar\.m2\repository\com\amazonaws\aws-java-sdk-kms\1.12.182\aws-java-sdk-kms-1.12.182.jar;C:\Users\HeshamAbdElhamedGhar\.m2\repository\com\amazonaws\jmespath-java\1.12.182\jmespath-java-1.12.182.jar;C:\Users\HeshamAbdElhamedGhar\.m2\repository\com\fasterxml\jackson\dataformat\jackson-dataformat-cbor\2.13.1\jackson-dataformat-cbor-2.13.1.jar;C:\Users\HeshamAbdElhamedGhar\.m2\repository\com\google\auto\service\auto-service\1.0.1\auto-service-1.0.1.jar;C:\Users\HeshamAbdElhamedGhar\.m2\repository\com\google\auto\auto-common\1.2\auto-common-1.2.jar;C:\Users\HeshamAbdElhamedGhar\.m2\repository\com\google\crypto\tink\tink-gcpkms\1.7.0\tink-gcpkms-1.7.0.jar;C:\Users\HeshamAbdElhamedGhar\.m2\repository\com\google\api-client\google-api-client\1.33.2\google-api-client-1.33.2.jar;C:\Users\HeshamAbdElhamedGhar\.m2\repository\com\google\oauth-client\google-oauth-client\1.33.0\google-oauth-client-1.33.0.jar;C:\Users\HeshamAbdElhamedGhar\.m2\repository\com\google\http-client\google-http-client-apache-v2\1.41.2\google-http-client-apache-v2-1.41.2.jar;C:\Users\HeshamAbdElhamedGhar\.m2\repository\com\google\apis\google-api-services-cloudkms\v1-rev108-1.25.0\google-api-services-cloudkms-v1-rev108-1.25.0.jar;C:\Users\HeshamAbdElhamedGhar\.m2\repository\com\google\auth\google-auth-library-oauth2-http\1.5.3\google-auth-library-oauth2-http-1.5.3.jar;C:\Users\HeshamAbdElhamedGhar\.m2\repository\com\google\auto\value\auto-value-annotations\1.9\auto-value-annotations-1.9.jar;C:\Users\HeshamAbdElhamedGhar\.m2\repository\com\google\auth\google-auth-library-credentials\1.5.3\google-auth-library-credentials-1.5.3.jar;C:\Users\HeshamAbdElhamedGhar\.m2\repository\com\google\http-client\google-http-client\1.41.3\google-http-client-1.41.3.jar;C:\Users\HeshamAbdElhamedGhar\.m2\repository\io\opencensus\opencensus-api\0.31.0\opencensus-api-0.31.0.jar;C:\Users\HeshamAbdElhamedGhar\.m2\repository\io\grpc\grpc-context\1.27.2\grpc-context-1.27.2.jar;C:\Users\HeshamAbdElhamedGhar\.m2\repository\io\opencensus\opencensus-contrib-http-util\0.31.0\opencensus-contrib-http-util-0.31.0.jar;C:\Users\HeshamAbdElhamedGhar\.m2\repository\com\google\http-client\google-http-client-gson\1.41.3\google-http-client-gson-1.41.3.jar;C:\Users\HeshamAbdElhamedGhar\.m2\repository\org\yaml\snakeyaml\1.33\snakeyaml-1.33.jar;C:\Users\HeshamAbdElhamedGhar\.m2\repository\com\auth0\java-jwt\4.0.0\java-jwt-4.0.0.jar;C:\Users\HeshamAbdElhamedGhar\.m2\repository\com\fasterxml\jackson\core\jackson-databind\2.13.2.2\jackson-databind-2.13.2.2.jar;C:\Users\HeshamAbdElhamedGhar\.m2\repository\com\fasterxml\jackson\core\jackson-annotations\2.13.2\jackson-annotations-2.13.2.jar;C:\Users\HeshamAbdElhamedGhar\.m2\repository\org\jetbrains\annotations\23.1.0\annotations-23.1.0.jar;"/>
    <property name="tinkey.kms.masterKeyUri" value=""/>
    <property name="java.vm.vendor" value="Oracle Corporation"/>
    <property name="openAllureReportAfterExecution" value="true"/>
    <property name="allureVersion" value="2.20.1"/>
    <property name="user.variant" value=""/>
    <property name="videoParams_scope" value="DriverSession"/>
    <property name="browserStack.acceptInsecureCerts" value="true"/>
    <property name="forceCheckTextWasTypedCorrectly" value="true"/>
    <property name="databaseQueryTimeout" value="30"/>
    <property name="user.country" value="US"/>
    <property name="sun.java.launcher" value="SUN_STANDARD"/>
    <property name="allure.link.issue.pattern" value=""/>
    <property name="cucumber.snippet-type" value="underscore"/>
    <property name="apiSocketTimeout" value="30"/>
    <property name="sun.cpu.endian" value="little"/>
    <property name="user.language" value="en"/>
    <property name="cucumber.execution.dry-run" value="false"/>
    <property name="allure.link.tms.pattern" value="https:///{}"/>
    <property name="createAnimatedGif" value="true"/>
    <property name="cucumber.execution.wip" value="false"/>
    <property name="appender.file.name" value="LOGFILE"/>
    <property name="surefire.real.class.path" value="C:\Users\HeshamAbdElhamedGhar\AppData\Local\Temp\surefire14263256460125444622\surefirebooter-20230112115548554_3.jar"/>
    <property name="shellSessionTimeout" value="30"/>
    <property name="mobileEmulation.isCustomDevice" value="false"/>
    <property name="recovery-tries" value="1"/>
    <property name="java.runtime.name" value="Java(TM) SE Runtime Environment"/>
    <property name="generateExtentReports" value="true"/>
    <property name="mobileEmulation.height" value=""/>
    <property name="heal-enabled" value="false"/>
    <property name="java.vendor.url.bug" value="https://bugreport.java.com/bugreport/"/>
    <property name="animatedGif_frameDelay" value="500"/>
    <property name="captureElementName" value="true"/>
    <property name="SHAFT.CrossBrowserMode" value="off"/>
    <property name="forceCheckElementLocatorIsUnique" value="true"/>
    <property name="user.dir" value="C:\eclipse-workspace\MyProjects\TASystemsAPIs"/>
    <property name="video.mode" value="ALL"/>
    <property name="appender.file.filter.threshold.level" value="debug"/>
    <property name="mobile_deviceName" value=""/>
    <property name="browserStack.appiumVersion" value="1.22.0"/>
    <property name="captureWebDriverLogs" value="true"/>
    <property name="setDataProviderThreadCount" value="1"/>
    <property name="browserStack.networkLogs" value="true"/>
    <property name="java.vm.version" value="17.0.2+8-LTS-86"/>
    <property name="cucumber.glue" value="customCucumberSteps, com.shaft.cucumber"/>
  </properties>
  <testcase name="Valid_GET_all_cities_Lookups_Rq_TC" classname="SteeringCompanyAPI_TestCases.Test_Lookups_Cases" time="5.216">
    <system-out><![CDATA[2023-01-12 11:55:51.597 &amp#27;[32m INFO&amp#27;[m &amp#27;[35m[@534 - main]&amp#27;[m &amp#27;[36mcom.shaft.tools.io.ReportManager&amp#27;[m : 
################################################################################################################################################
Detected SHAFT Engine Version: "SHAFT Engine v6.4.20221215"
################################################################################################################################################
2023-01-12 11:55:52.029 &amp#27;[32m INFO&amp#27;[m &amp#27;[35m[@503 - main]&amp#27;[m &amp#27;[36mcom.shaft.tools.io.ReportManager&amp#27;[m : Loaded OpenCV "opencv_java455".
2023-01-12 11:55:52.261 &amp#27;[32m INFO&amp#27;[m &amp#27;[35m[@534 - main]&amp#27;[m &amp#27;[36mcom.shaft.tools.io.ReportManager&amp#27;[m : 
################################################################################################################################################
Starting Execution of a Configuration (Setup or Teardown) Method
Test Method:		"com.shaft.tools.listeners.LogsHelper.setupActivities"
################################################################################################################################################
2023-01-12 11:55:52.281 &amp#27;[32m INFO&amp#27;[m &amp#27;[35m[@503 - main]&amp#27;[m &amp#27;[36mcom.shaft.tools.io.ReportManager&amp#27;[m : Initializing Allure Reporting Environment...
2023-01-12 11:55:52.702 &amp#27;[32m INFO&amp#27;[m &amp#27;[35m[@503 - main]&amp#27;[m &amp#27;[36mcom.shaft.tools.io.ReportManager&amp#27;[m : Initializing Extent Reporting Environment...
2023-01-12 11:55:53.038 &amp#27;[32m INFO&amp#27;[m &amp#27;[35m[@503 - main]&amp#27;[m &amp#27;[36mcom.shaft.tools.io.ReportManager&amp#27;[m : Initializing Important Links...
2023-01-12 11:55:53.051 &amp#27;[32m INFO&amp#27;[m &amp#27;[35m[@503 - main]&amp#27;[m &amp#27;[36mcom.shaft.tools.io.ReportManager&amp#27;[m : Initializing Custom Properties...
2023-01-12 11:55:53.115 &amp#27;[32m INFO&amp#27;[m &amp#27;[35m[@534 - main]&amp#27;[m &amp#27;[36mcom.shaft.tools.io.ReportManager&amp#27;[m : 
################################################################################################################################################
Starting Execution of a Configuration (Setup or Teardown) Method
Test Method:		"SteeringCompanyAPI_TestCases.Test_Lookups_Cases.Setup_data"
################################################################################################################################################
2023-01-12 11:55:53.119 &amp#27;[32m INFO&amp#27;[m &amp#27;[35m[@503 - main]&amp#27;[m &amp#27;[36mcom.shaft.tools.io.ReportManager&amp#27;[m : File Action "DoesFileExist" successfully performed. With the following test data "File Path: "SteeringCompanyAPI_TestData/SteeringCompanyAPI_TestData.xlsx"".
2023-01-12 11:55:54.069 &amp#27;[32m INFO&amp#27;[m &amp#27;[35m[@503 - main]&amp#27;[m &amp#27;[36mcom.shaft.tools.io.ReportManager&amp#27;[m : Successfully created attachment "Test Data - Excel"
2023-01-12 11:55:54.096 &amp#27;[31mERROR&amp#27;[m &amp#27;[35m[@609 - main]&amp#27;[m &amp#27;[36mio.qameta.allure.AllureLifecycle&amp#27;[m : Could not add attachment: no test is running
2023-01-12 11:55:54.098 &amp#27;[32m INFO&amp#27;[m &amp#27;[35m[@503 - main]&amp#27;[m &amp#27;[36mcom.shaft.tools.io.ReportManager&amp#27;[m : Successfully created attachment "SHAFT Engine Logs - Current Method log: Setup_data"
2023-01-12 11:55:54.137 &amp#27;[32m INFO&amp#27;[m &amp#27;[35m[@534 - main]&amp#27;[m &amp#27;[36mcom.shaft.tools.io.ReportManager&amp#27;[m : 
################################################################################################################################################
Starting Execution:	"1 out of 56" test cases in the current suite
Test Method:		"SteeringCompanyAPI_TestCases.Test_Lookups_Cases.Valid_GET_all_cities_Lookups_Rq_TC"
Test Description:	"TC001 - Perform Get all cities API with valid user name and password"
################################################################################################################################################
2023-01-12 11:55:54.146 &amp#27;[32m INFO&amp#27;[m &amp#27;[35m[@503 - main]&amp#27;[m &amp#27;[36mcom.shaft.tools.io.ReportManager&amp#27;[m : File Action "DoesFileExist" successfully performed. With the following test data "File Path: "SteeringCompanyAPI_TestData/SteeringCompanyAPI_TestData.xlsx"".
2023-01-12 11:55:54.210 &amp#27;[32m INFO&amp#27;[m &amp#27;[35m[@503 - main]&amp#27;[m &amp#27;[36mcom.shaft.tools.io.ReportManager&amp#27;[m : Successfully created attachment "Test Data - Excel"
2023-01-12 11:55:56.403 &amp#27;[32m INFO&amp#27;[m &amp#27;[35m[@503 - main]&amp#27;[m &amp#27;[36mcom.shaft.tools.io.ReportManager&amp#27;[m : Response status code: "200", status line: "HTTP/1.1 200 OK"
2023-01-12 11:55:57.204 &amp#27;[32m INFO&amp#27;[m &amp#27;[35m[@503 - main]&amp#27;[m &amp#27;[36mcom.shaft.tools.io.ReportManager&amp#27;[m : Successfully created attachment "API Request - Specifications"
2023-01-12 11:55:57.206 &amp#27;[32m INFO&amp#27;[m &amp#27;[35m[@503 - main]&amp#27;[m &amp#27;[36mcom.shaft.tools.io.ReportManager&amp#27;[m : Successfully created attachment "API Request - Body"
2023-01-12 11:55:57.401 &amp#27;[32m INFO&amp#27;[m &amp#27;[35m[@503 - main]&amp#27;[m &amp#27;[36mcom.shaft.tools.io.ReportManager&amp#27;[m : Successfully created attachment "API Response - JSON Body"
2023-01-12 11:55:57.422 &amp#27;[32m INFO&amp#27;[m &amp#27;[35m[@503 - main]&amp#27;[m &amp#27;[36mcom.shaft.tools.io.ReportManager&amp#27;[m : File Action "DoesFileExist" successfully performed. With the following test data "File Path: "SteeringCompanyAPI_TestData/SteeringCompanyAPI_TestData.xlsx"".
2023-01-12 11:55:57.475 &amp#27;[32m INFO&amp#27;[m &amp#27;[35m[@503 - main]&amp#27;[m &amp#27;[36mcom.shaft.tools.io.ReportManager&amp#27;[m : Successfully created attachment "Test Data - Excel"
2023-01-12 11:55:57.988 &amp#27;[32m INFO&amp#27;[m &amp#27;[35m[@503 - main]&amp#27;[m &amp#27;[36mcom.shaft.tools.io.ReportManager&amp#27;[m : Response status code: "200", status line: "HTTP/1.1 200 "
2023-01-12 11:55:58.015 &amp#27;[32m INFO&amp#27;[m &amp#27;[35m[@503 - main]&amp#27;[m &amp#27;[36mcom.shaft.tools.io.ReportManager&amp#27;[m : Successfully created attachment "API Request - Specifications"
2023-01-12 11:55:58.017 &amp#27;[32m INFO&amp#27;[m &amp#27;[35m[@503 - main]&amp#27;[m &amp#27;[36mcom.shaft.tools.io.ReportManager&amp#27;[m : Successfully created attachment "API Response - JSON Body"
2023-01-12 11:55:58.025 &amp#27;[32m INFO&amp#27;[m &amp#27;[35m[@503 - main]&amp#27;[m &amp#27;[36mcom.shaft.tools.io.ReportManager&amp#27;[m : Successfully created attachment "Validation Test Data - Expected Value"
2023-01-12 11:55:58.026 &amp#27;[32m INFO&amp#27;[m &amp#27;[35m[@503 - main]&amp#27;[m &amp#27;[36mcom.shaft.tools.io.ReportManager&amp#27;[m : Successfully created attachment "Validation Test Data - Actual Value"
2023-01-12 11:55:58.148 &amp#27;[32m INFO&amp#27;[m &amp#27;[35m[@503 - main]&amp#27;[m &amp#27;[36mcom.shaft.tools.io.ReportManager&amp#27;[m : Get response jsonvalue "content".
2023-01-12 11:55:58.150 &amp#27;[32m INFO&amp#27;[m &amp#27;[35m[@503 - main]&amp#27;[m &amp#27;[36mcom.shaft.tools.io.ReportManager&amp#27;[m : Successfully created attachment "Validation Test Data - Expected Value"
2023-01-12 11:55:58.153 &amp#27;[32m INFO&amp#27;[m &amp#27;[35m[@503 - main]&amp#27;[m &amp#27;[36mcom.shaft.tools.io.ReportManager&amp#27;[m : Successfully created attachment "Validation Test Data - Actual Value"
2023-01-12 11:55:58.154 &amp#27;[32m INFO&amp#27;[m &amp#27;[35m[@503 - main]&amp#27;[m &amp#27;[36mcom.shaft.tools.io.ReportManager&amp#27;[m : File Action "DoesFileExist" successfully performed. With the following test data "File Path: "Schemas/Lookups_cities_schema.json"".
2023-01-12 11:55:58.156 &amp#27;[32m INFO&amp#27;[m &amp#27;[35m[@503 - main]&amp#27;[m &amp#27;[36mcom.shaft.tools.io.ReportManager&amp#27;[m : File Action "DoesFileExist" successfully performed. With the following test data "File Path: "src/test/resources/testDataFiles/Schemas/Lookups_cities_schema.json"".
2023-01-12 11:55:58.156 &amp#27;[32m INFO&amp#27;[m &amp#27;[35m[@503 - main]&amp#27;[m &amp#27;[36mcom.shaft.tools.io.ReportManager&amp#27;[m : File Action "GetAbsolutePath" successfully performed. With the following test data "Relative Folder Path: "src/test/resources/testDataFiles/Schemas/Lookups_cities_schema.json"".
2023-01-12 11:55:59.235 &amp#27;[32m INFO&amp#27;[m &amp#27;[35m[@503 - main]&amp#27;[m &amp#27;[36mcom.shaft.tools.io.ReportManager&amp#27;[m : File Action "DoesFileExist" successfully performed. With the following test data "File Path: "C:\eclipse-workspace\MyProjects\TASystemsAPIs\src\test\resources\testDataFiles\Schemas\Lookups_cities_schema.json"".
2023-01-12 11:55:59.236 &amp#27;[32m INFO&amp#27;[m &amp#27;[35m[@503 - main]&amp#27;[m &amp#27;[36mcom.shaft.tools.io.ReportManager&amp#27;[m : File Action "GetAbsolutePath" successfully performed. With the following test data "Relative Folder Path: "C:\eclipse-workspace\MyProjects\TASystemsAPIs\src\test\resources\testDataFiles\Schemas\Lookups_cities_schema.json"".
2023-01-12 11:55:59.236 &amp#27;[32m INFO&amp#27;[m &amp#27;[35m[@503 - main]&amp#27;[m &amp#27;[36mcom.shaft.tools.io.ReportManager&amp#27;[m : File Action "ReadFile" successfully performed. With the following test data "File Path: "C:\eclipse-workspace\MyProjects\TASystemsAPIs\src\test\resources\testDataFiles\Schemas\Lookups_cities_schema.json"".
2023-01-12 11:55:59.240 &amp#27;[32m INFO&amp#27;[m &amp#27;[35m[@503 - main]&amp#27;[m &amp#27;[36mcom.shaft.tools.io.ReportManager&amp#27;[m : Successfully created attachment "Validation Test Data - Expected JSON Value"
2023-01-12 11:55:59.241 &amp#27;[32m INFO&amp#27;[m &amp#27;[35m[@503 - main]&amp#27;[m &amp#27;[36mcom.shaft.tools.io.ReportManager&amp#27;[m : Successfully created attachment "Validation Test Data - Actual JSON Value"
2023-01-12 11:55:59.245 &amp#27;[32m INFO&amp#27;[m &amp#27;[35m[@503 - main]&amp#27;[m &amp#27;[36mcom.shaft.tools.io.ReportManager&amp#27;[m : Successfully created attachment "SHAFT Engine Logs - Current Method log: Valid_GET_all_cities_Lookups_Rq_TC"
]]></system-out>
  </testcase>
  <testcase name="Valid_GET_all_cities_Lookups_by_Qry_Rq_TC" classname="SteeringCompanyAPI_TestCases.Test_Lookups_Cases" time="1.341">
    <system-out><![CDATA[2023-01-12 11:55:59.329 &amp#27;[32m INFO&amp#27;[m &amp#27;[35m[@534 - main]&amp#27;[m &amp#27;[36mcom.shaft.tools.io.ReportManager&amp#27;[m : 
################################################################################################################################################
Starting Execution:	"2 out of 56" test cases in the current suite
Test Method:		"SteeringCompanyAPI_TestCases.Test_Lookups_Cases.Valid_GET_all_cities_Lookups_by_Qry_Rq_TC"
Test Description:	"TC002 - Perform Get all cities API by parameters Qry with valid user name and password and return with token"
################################################################################################################################################
2023-01-12 11:55:59.330 &amp#27;[32m INFO&amp#27;[m &amp#27;[35m[@503 - main]&amp#27;[m &amp#27;[36mcom.shaft.tools.io.ReportManager&amp#27;[m : File Action "DoesFileExist" successfully performed. With the following test data "File Path: "SteeringCompanyAPI_TestData/SteeringCompanyAPI_TestData.xlsx"".
2023-01-12 11:55:59.379 &amp#27;[32m INFO&amp#27;[m &amp#27;[35m[@503 - main]&amp#27;[m &amp#27;[36mcom.shaft.tools.io.ReportManager&amp#27;[m : Successfully created attachment "Test Data - Excel"
2023-01-12 11:55:59.994 &amp#27;[32m INFO&amp#27;[m &amp#27;[35m[@503 - main]&amp#27;[m &amp#27;[36mcom.shaft.tools.io.ReportManager&amp#27;[m : Response status code: "200", status line: "HTTP/1.1 200 OK"
2023-01-12 11:56:00.020 &amp#27;[32m INFO&amp#27;[m &amp#27;[35m[@503 - main]&amp#27;[m &amp#27;[36mcom.shaft.tools.io.ReportManager&amp#27;[m : Successfully created attachment "API Request - Specifications"
2023-01-12 11:56:00.022 &amp#27;[32m INFO&amp#27;[m &amp#27;[35m[@503 - main]&amp#27;[m &amp#27;[36mcom.shaft.tools.io.ReportManager&amp#27;[m : Successfully created attachment "API Request - Body"
2023-01-12 11:56:00.025 &amp#27;[32m INFO&amp#27;[m &amp#27;[35m[@503 - main]&amp#27;[m &amp#27;[36mcom.shaft.tools.io.ReportManager&amp#27;[m : Successfully created attachment "API Response - JSON Body"
2023-01-12 11:56:00.046 &amp#27;[32m INFO&amp#27;[m &amp#27;[35m[@503 - main]&amp#27;[m &amp#27;[36mcom.shaft.tools.io.ReportManager&amp#27;[m : File Action "DoesFileExist" successfully performed. With the following test data "File Path: "SteeringCompanyAPI_TestData/SteeringCompanyAPI_TestData.xlsx"".
2023-01-12 11:56:00.099 &amp#27;[32m INFO&amp#27;[m &amp#27;[35m[@503 - main]&amp#27;[m &amp#27;[36mcom.shaft.tools.io.ReportManager&amp#27;[m : Successfully created attachment "Test Data - Excel"
2023-01-12 11:56:00.619 &amp#27;[32m INFO&amp#27;[m &amp#27;[35m[@503 - main]&amp#27;[m &amp#27;[36mcom.shaft.tools.io.ReportManager&amp#27;[m : Response status code: "200", status line: "HTTP/1.1 200 "
2023-01-12 11:56:00.638 &amp#27;[32m INFO&amp#27;[m &amp#27;[35m[@503 - main]&amp#27;[m &amp#27;[36mcom.shaft.tools.io.ReportManager&amp#27;[m : Successfully created attachment "API Request - Specifications"
2023-01-12 11:56:00.639 &amp#27;[32m INFO&amp#27;[m &amp#27;[35m[@503 - main]&amp#27;[m &amp#27;[36mcom.shaft.tools.io.ReportManager&amp#27;[m : Successfully created attachment "API Response - JSON Body"
2023-01-12 11:56:00.641 &amp#27;[32m INFO&amp#27;[m &amp#27;[35m[@503 - main]&amp#27;[m &amp#27;[36mcom.shaft.tools.io.ReportManager&amp#27;[m : Get response jsonvalue "content".
2023-01-12 11:56:00.643 &amp#27;[32m INFO&amp#27;[m &amp#27;[35m[@503 - main]&amp#27;[m &amp#27;[36mcom.shaft.tools.io.ReportManager&amp#27;[m : File Action "DoesFileExist" successfully performed. With the following test data "File Path: "Schemas/Lookups_cities_schema.json"".
2023-01-12 11:56:00.643 &amp#27;[32m INFO&amp#27;[m &amp#27;[35m[@503 - main]&amp#27;[m &amp#27;[36mcom.shaft.tools.io.ReportManager&amp#27;[m : File Action "DoesFileExist" successfully performed. With the following test data "File Path: "src/test/resources/testDataFiles/Schemas/Lookups_cities_schema.json"".
2023-01-12 11:56:00.643 &amp#27;[32m INFO&amp#27;[m &amp#27;[35m[@503 - main]&amp#27;[m &amp#27;[36mcom.shaft.tools.io.ReportManager&amp#27;[m : File Action "GetAbsolutePath" successfully performed. With the following test data "Relative Folder Path: "src/test/resources/testDataFiles/Schemas/Lookups_cities_schema.json"".
2023-01-12 11:56:00.653 &amp#27;[32m INFO&amp#27;[m &amp#27;[35m[@503 - main]&amp#27;[m &amp#27;[36mcom.shaft.tools.io.ReportManager&amp#27;[m : File Action "DoesFileExist" successfully performed. With the following test data "File Path: "C:\eclipse-workspace\MyProjects\TASystemsAPIs\src\test\resources\testDataFiles\Schemas\Lookups_cities_schema.json"".
2023-01-12 11:56:00.654 &amp#27;[32m INFO&amp#27;[m &amp#27;[35m[@503 - main]&amp#27;[m &amp#27;[36mcom.shaft.tools.io.ReportManager&amp#27;[m : File Action "GetAbsolutePath" successfully performed. With the following test data "Relative Folder Path: "C:\eclipse-workspace\MyProjects\TASystemsAPIs\src\test\resources\testDataFiles\Schemas\Lookups_cities_schema.json"".
2023-01-12 11:56:00.654 &amp#27;[32m INFO&amp#27;[m &amp#27;[35m[@503 - main]&amp#27;[m &amp#27;[36mcom.shaft.tools.io.ReportManager&amp#27;[m : File Action "ReadFile" successfully performed. With the following test data "File Path: "C:\eclipse-workspace\MyProjects\TASystemsAPIs\src\test\resources\testDataFiles\Schemas\Lookups_cities_schema.json"".
2023-01-12 11:56:00.657 &amp#27;[32m INFO&amp#27;[m &amp#27;[35m[@503 - main]&amp#27;[m &amp#27;[36mcom.shaft.tools.io.ReportManager&amp#27;[m : Successfully created attachment "Validation Test Data - Expected JSON Value"
2023-01-12 11:56:00.659 &amp#27;[32m INFO&amp#27;[m &amp#27;[35m[@503 - main]&amp#27;[m &amp#27;[36mcom.shaft.tools.io.ReportManager&amp#27;[m : Successfully created attachment "Validation Test Data - Actual JSON Value"
2023-01-12 11:56:00.662 &amp#27;[32m INFO&amp#27;[m &amp#27;[35m[@503 - main]&amp#27;[m &amp#27;[36mcom.shaft.tools.io.ReportManager&amp#27;[m : Successfully created attachment "SHAFT Engine Logs - Current Method log: Valid_GET_all_cities_Lookups_by_Qry_Rq_TC"
]]></system-out>
  </testcase>
  <testcase name="Add_Policy_With_Missing_Keys_TC[[Ljava.lang.Object;@6b3aae03](1)" classname="SteeringCompanyAPI_TestCases.Test_Policies_Cases" time="1.262">
    <system-out><![CDATA[2023-01-12 11:56:00.669 &amp#27;[32m INFO&amp#27;[m &amp#27;[35m[@534 - main]&amp#27;[m &amp#27;[36mcom.shaft.tools.io.ReportManager&amp#27;[m : 
################################################################################################################################################
Starting Execution of a Configuration (Setup or Teardown) Method
Test Method:		"SteeringCompanyAPI_TestCases.Test_Policies_Cases.Setup_data"
################################################################################################################################################
2023-01-12 11:56:00.670 &amp#27;[32m INFO&amp#27;[m &amp#27;[35m[@503 - main]&amp#27;[m &amp#27;[36mcom.shaft.tools.io.ReportManager&amp#27;[m : File Action "DoesFileExist" successfully performed. With the following test data "File Path: "SteeringCompanyAPI_TestData/SteeringCompanyAPI_TestData.xlsx"".
2023-01-12 11:56:00.702 &amp#27;[32m INFO&amp#27;[m &amp#27;[35m[@503 - main]&amp#27;[m &amp#27;[36mcom.shaft.tools.io.ReportManager&amp#27;[m : Successfully created attachment "Test Data - Excel"
2023-01-12 11:56:00.704 &amp#27;[32m INFO&amp#27;[m &amp#27;[35m[@503 - main]&amp#27;[m &amp#27;[36mcom.shaft.tools.io.ReportManager&amp#27;[m : File Action "DoesFileExist" successfully performed. With the following test data "File Path: "SteeringCompanyAPI_TestData/SteeringCompanyAPI_TestData.xlsx"".
2023-01-12 11:56:00.746 &amp#27;[32m INFO&amp#27;[m &amp#27;[35m[@503 - main]&amp#27;[m &amp#27;[36mcom.shaft.tools.io.ReportManager&amp#27;[m : Successfully created attachment "Test Data - Excel"
2023-01-12 11:56:00.747 &amp#27;[32m INFO&amp#27;[m &amp#27;[35m[@503 - main]&amp#27;[m &amp#27;[36mcom.shaft.tools.io.ReportManager&amp#27;[m : File Action "DoesFileExist" successfully performed. With the following test data "File Path: "SteeringCompanyAPI_TestData/SteeringCompanyAPI_TestData.xlsx"".
2023-01-12 11:56:00.788 &amp#27;[32m INFO&amp#27;[m &amp#27;[35m[@503 - main]&amp#27;[m &amp#27;[36mcom.shaft.tools.io.ReportManager&amp#27;[m : Successfully created attachment "Test Data - Excel"
2023-01-12 11:56:00.788 &amp#27;[31mERROR&amp#27;[m &amp#27;[35m[@609 - main]&amp#27;[m &amp#27;[36mio.qameta.allure.AllureLifecycle&amp#27;[m : Could not add attachment: no test is running
2023-01-12 11:56:00.790 &amp#27;[32m INFO&amp#27;[m &amp#27;[35m[@503 - main]&amp#27;[m &amp#27;[36mcom.shaft.tools.io.ReportManager&amp#27;[m : Successfully created attachment "SHAFT Engine Logs - Current Method log: Setup_data"
2023-01-12 11:56:00.846 &amp#27;[32m INFO&amp#27;[m &amp#27;[35m[@534 - main]&amp#27;[m &amp#27;[36mcom.shaft.tools.io.ReportManager&amp#27;[m : 
################################################################################################################################################
Starting Execution:	"3 out of 56" test cases in the current suite
Test Method:		"SteeringCompanyAPI_TestCases.Test_Policies_Cases.Add_Policy_With_Missing_Keys_TC"
Test Description:	"TC050 - Perform Add Policy with Missing Keys"
################################################################################################################################################
2023-01-12 11:56:00.848 &amp#27;[32m INFO&amp#27;[m &amp#27;[35m[@503 - main]&amp#27;[m &amp#27;[36mcom.shaft.tools.io.ReportManager&amp#27;[m : File Action "DoesFileExist" successfully performed. With the following test data "File Path: "SteeringCompanyAPI_TestData/SteeringCompanyAPI_TestData.xlsx"".
2023-01-12 11:56:00.896 &amp#27;[32m INFO&amp#27;[m &amp#27;[35m[@503 - main]&amp#27;[m &amp#27;[36mcom.shaft.tools.io.ReportManager&amp#27;[m : Successfully created attachment "Test Data - Excel"
2023-01-12 11:56:01.534 &amp#27;[32m INFO&amp#27;[m &amp#27;[35m[@503 - main]&amp#27;[m &amp#27;[36mcom.shaft.tools.io.ReportManager&amp#27;[m : Response status code: "200", status line: "HTTP/1.1 200 OK"
2023-01-12 11:56:01.549 &amp#27;[32m INFO&amp#27;[m &amp#27;[35m[@503 - main]&amp#27;[m &amp#27;[36mcom.shaft.tools.io.ReportManager&amp#27;[m : Successfully created attachment "API Request - Specifications"
2023-01-12 11:56:01.549 &amp#27;[32m INFO&amp#27;[m &amp#27;[35m[@503 - main]&amp#27;[m &amp#27;[36mcom.shaft.tools.io.ReportManager&amp#27;[m : Successfully created attachment "API Request - Body"
2023-01-12 11:56:01.550 &amp#27;[32m INFO&amp#27;[m &amp#27;[35m[@503 - main]&amp#27;[m &amp#27;[36mcom.shaft.tools.io.ReportManager&amp#27;[m : Successfully created attachment "API Response - JSON Body"
2023-01-12 11:56:01.563 &amp#27;[32m INFO&amp#27;[m &amp#27;[35m[@503 - main]&amp#27;[m &amp#27;[36mcom.shaft.tools.io.ReportManager&amp#27;[m : File Action "DoesFileExist" successfully performed. With the following test data "File Path: "SteeringCompanyAPI_TestData/SteeringCompanyAPI_TestData.xlsx"".
2023-01-12 11:56:01.586 &amp#27;[32m INFO&amp#27;[m &amp#27;[35m[@503 - main]&amp#27;[m &amp#27;[36mcom.shaft.tools.io.ReportManager&amp#27;[m : Successfully created attachment "Test Data - Excel"
2023-01-12 11:56:02.064 &amp#27;[32m INFO&amp#27;[m &amp#27;[35m[@503 - main]&amp#27;[m &amp#27;[36mcom.shaft.tools.io.ReportManager&amp#27;[m : Response status code: "422", status line: "HTTP/1.1 422 "
2023-01-12 11:56:02.077 &amp#27;[32m INFO&amp#27;[m &amp#27;[35m[@503 - main]&amp#27;[m &amp#27;[36mcom.shaft.tools.io.ReportManager&amp#27;[m : Successfully created attachment "API Request - Specifications"
2023-01-12 11:56:02.078 &amp#27;[32m INFO&amp#27;[m &amp#27;[35m[@503 - main]&amp#27;[m &amp#27;[36mcom.shaft.tools.io.ReportManager&amp#27;[m : Successfully created attachment "API Request - JSON Body"
2023-01-12 11:56:02.079 &amp#27;[32m INFO&amp#27;[m &amp#27;[35m[@503 - main]&amp#27;[m &amp#27;[36mcom.shaft.tools.io.ReportManager&amp#27;[m : Successfully created attachment "API Response - JSON Body"
2023-01-12 11:56:02.080 &amp#27;[32m INFO&amp#27;[m &amp#27;[35m[@503 - main]&amp#27;[m &amp#27;[36mcom.shaft.tools.io.ReportManager&amp#27;[m : File Action "DoesFileExist" successfully performed. With the following test data "File Path: "Schemas/ValidationError_schema.json"".
2023-01-12 11:56:02.081 &amp#27;[32m INFO&amp#27;[m &amp#27;[35m[@503 - main]&amp#27;[m &amp#27;[36mcom.shaft.tools.io.ReportManager&amp#27;[m : File Action "DoesFileExist" successfully performed. With the following test data "File Path: "src/test/resources/testDataFiles/Schemas/ValidationError_schema.json"".
2023-01-12 11:56:02.081 &amp#27;[32m INFO&amp#27;[m &amp#27;[35m[@503 - main]&amp#27;[m &amp#27;[36mcom.shaft.tools.io.ReportManager&amp#27;[m : File Action "GetAbsolutePath" successfully performed. With the following test data "Relative Folder Path: "src/test/resources/testDataFiles/Schemas/ValidationError_schema.json"".
2023-01-12 11:56:02.087 &amp#27;[32m INFO&amp#27;[m &amp#27;[35m[@503 - main]&amp#27;[m &amp#27;[36mcom.shaft.tools.io.ReportManager&amp#27;[m : File Action "DoesFileExist" successfully performed. With the following test data "File Path: "C:\eclipse-workspace\MyProjects\TASystemsAPIs\src\test\resources\testDataFiles\Schemas\ValidationError_schema.json"".
2023-01-12 11:56:02.087 &amp#27;[32m INFO&amp#27;[m &amp#27;[35m[@503 - main]&amp#27;[m &amp#27;[36mcom.shaft.tools.io.ReportManager&amp#27;[m : File Action "GetAbsolutePath" successfully performed. With the following test data "Relative Folder Path: "C:\eclipse-workspace\MyProjects\TASystemsAPIs\src\test\resources\testDataFiles\Schemas\ValidationError_schema.json"".
2023-01-12 11:56:02.087 &amp#27;[32m INFO&amp#27;[m &amp#27;[35m[@503 - main]&amp#27;[m &amp#27;[36mcom.shaft.tools.io.ReportManager&amp#27;[m : File Action "ReadFile" successfully performed. With the following test data "File Path: "C:\eclipse-workspace\MyProjects\TASystemsAPIs\src\test\resources\testDataFiles\Schemas\ValidationError_schema.json"".
2023-01-12 11:56:02.090 &amp#27;[32m INFO&amp#27;[m &amp#27;[35m[@503 - main]&amp#27;[m &amp#27;[36mcom.shaft.tools.io.ReportManager&amp#27;[m : Successfully created attachment "Validation Test Data - Expected JSON Value"
2023-01-12 11:56:02.091 &amp#27;[32m INFO&amp#27;[m &amp#27;[35m[@503 - main]&amp#27;[m &amp#27;[36mcom.shaft.tools.io.ReportManager&amp#27;[m : Successfully created attachment "Validation Test Data - Actual JSON Value"
2023-01-12 11:56:02.092 &amp#27;[32m INFO&amp#27;[m &amp#27;[35m[@503 - main]&amp#27;[m &amp#27;[36mcom.shaft.tools.io.ReportManager&amp#27;[m : Successfully created attachment "SHAFT Engine Logs - Current Method log: Add_Policy_With_Missing_Keys_TC"
]]></system-out>
  </testcase>
  <testcase name="Add_Policy_With_Missing_Keys_TC[[Ljava.lang.Object;@3140ee29](2)" classname="SteeringCompanyAPI_TestCases.Test_Policies_Cases" time="1.297">
    <system-out><![CDATA[2023-01-12 11:56:02.096 &amp#27;[32m INFO&amp#27;[m &amp#27;[35m[@534 - main]&amp#27;[m &amp#27;[36mcom.shaft.tools.io.ReportManager&amp#27;[m : 
################################################################################################################################################
Starting Execution:	"4 out of 56" test cases in the current suite
Test Method:		"SteeringCompanyAPI_TestCases.Test_Policies_Cases.Add_Policy_With_Missing_Keys_TC"
Test Description:	"TC050 - Perform Add Policy with Missing Keys"
################################################################################################################################################
2023-01-12 11:56:02.097 &amp#27;[32m INFO&amp#27;[m &amp#27;[35m[@503 - main]&amp#27;[m &amp#27;[36mcom.shaft.tools.io.ReportManager&amp#27;[m : File Action "DoesFileExist" successfully performed. With the following test data "File Path: "SteeringCompanyAPI_TestData/SteeringCompanyAPI_TestData.xlsx"".
2023-01-12 11:56:02.119 &amp#27;[32m INFO&amp#27;[m &amp#27;[35m[@503 - main]&amp#27;[m &amp#27;[36mcom.shaft.tools.io.ReportManager&amp#27;[m : Successfully created attachment "Test Data - Excel"
2023-01-12 11:56:02.689 &amp#27;[32m INFO&amp#27;[m &amp#27;[35m[@503 - main]&amp#27;[m &amp#27;[36mcom.shaft.tools.io.ReportManager&amp#27;[m : Response status code: "200", status line: "HTTP/1.1 200 OK"
2023-01-12 11:56:02.704 &amp#27;[32m INFO&amp#27;[m &amp#27;[35m[@503 - main]&amp#27;[m &amp#27;[36mcom.shaft.tools.io.ReportManager&amp#27;[m : Successfully created attachment "API Request - Specifications"
2023-01-12 11:56:02.705 &amp#27;[32m INFO&amp#27;[m &amp#27;[35m[@503 - main]&amp#27;[m &amp#27;[36mcom.shaft.tools.io.ReportManager&amp#27;[m : Successfully created attachment "API Request - Body"
2023-01-12 11:56:02.706 &amp#27;[32m INFO&amp#27;[m &amp#27;[35m[@503 - main]&amp#27;[m &amp#27;[36mcom.shaft.tools.io.ReportManager&amp#27;[m : Successfully created attachment "API Response - JSON Body"
2023-01-12 11:56:02.722 &amp#27;[32m INFO&amp#27;[m &amp#27;[35m[@503 - main]&amp#27;[m &amp#27;[36mcom.shaft.tools.io.ReportManager&amp#27;[m : File Action "DoesFileExist" successfully performed. With the following test data "File Path: "SteeringCompanyAPI_TestData/SteeringCompanyAPI_TestData.xlsx"".
2023-01-12 11:56:02.821 &amp#27;[32m INFO&amp#27;[m &amp#27;[35m[@503 - main]&amp#27;[m &amp#27;[36mcom.shaft.tools.io.ReportManager&amp#27;[m : Successfully created attachment "Test Data - Excel"
2023-01-12 11:56:03.347 &amp#27;[32m INFO&amp#27;[m &amp#27;[35m[@503 - main]&amp#27;[m &amp#27;[36mcom.shaft.tools.io.ReportManager&amp#27;[m : Response status code: "422", status line: "HTTP/1.1 422 "
2023-01-12 11:56:03.372 &amp#27;[32m INFO&amp#27;[m &amp#27;[35m[@503 - main]&amp#27;[m &amp#27;[36mcom.shaft.tools.io.ReportManager&amp#27;[m : Successfully created attachment "API Request - Specifications"
2023-01-12 11:56:03.374 &amp#27;[32m INFO&amp#27;[m &amp#27;[35m[@503 - main]&amp#27;[m &amp#27;[36mcom.shaft.tools.io.ReportManager&amp#27;[m : Successfully created attachment "API Request - JSON Body"
2023-01-12 11:56:03.375 &amp#27;[32m INFO&amp#27;[m &amp#27;[35m[@503 - main]&amp#27;[m &amp#27;[36mcom.shaft.tools.io.ReportManager&amp#27;[m : Successfully created attachment "API Response - JSON Body"
2023-01-12 11:56:03.377 &amp#27;[32m INFO&amp#27;[m &amp#27;[35m[@503 - main]&amp#27;[m &amp#27;[36mcom.shaft.tools.io.ReportManager&amp#27;[m : File Action "DoesFileExist" successfully performed. With the following test data "File Path: "Schemas/ValidationError_schema.json"".
2023-01-12 11:56:03.377 &amp#27;[32m INFO&amp#27;[m &amp#27;[35m[@503 - main]&amp#27;[m &amp#27;[36mcom.shaft.tools.io.ReportManager&amp#27;[m : File Action "DoesFileExist" successfully performed. With the following test data "File Path: "src/test/resources/testDataFiles/Schemas/ValidationError_schema.json"".
2023-01-12 11:56:03.378 &amp#27;[32m INFO&amp#27;[m &amp#27;[35m[@503 - main]&amp#27;[m &amp#27;[36mcom.shaft.tools.io.ReportManager&amp#27;[m : File Action "GetAbsolutePath" successfully performed. With the following test data "Relative Folder Path: "src/test/resources/testDataFiles/Schemas/ValidationError_schema.json"".
2023-01-12 11:56:03.385 &amp#27;[32m INFO&amp#27;[m &amp#27;[35m[@503 - main]&amp#27;[m &amp#27;[36mcom.shaft.tools.io.ReportManager&amp#27;[m : File Action "DoesFileExist" successfully performed. With the following test data "File Path: "C:\eclipse-workspace\MyProjects\TASystemsAPIs\src\test\resources\testDataFiles\Schemas\ValidationError_schema.json"".
2023-01-12 11:56:03.386 &amp#27;[32m INFO&amp#27;[m &amp#27;[35m[@503 - main]&amp#27;[m &amp#27;[36mcom.shaft.tools.io.ReportManager&amp#27;[m : File Action "GetAbsolutePath" successfully performed. With the following test data "Relative Folder Path: "C:\eclipse-workspace\MyProjects\TASystemsAPIs\src\test\resources\testDataFiles\Schemas\ValidationError_schema.json"".
2023-01-12 11:56:03.387 &amp#27;[32m INFO&amp#27;[m &amp#27;[35m[@503 - main]&amp#27;[m &amp#27;[36mcom.shaft.tools.io.ReportManager&amp#27;[m : File Action "ReadFile" successfully performed. With the following test data "File Path: "C:\eclipse-workspace\MyProjects\TASystemsAPIs\src\test\resources\testDataFiles\Schemas\ValidationError_schema.json"".
2023-01-12 11:56:03.389 &amp#27;[32m INFO&amp#27;[m &amp#27;[35m[@503 - main]&amp#27;[m &amp#27;[36mcom.shaft.tools.io.ReportManager&amp#27;[m : Successfully created attachment "Validation Test Data - Expected JSON Value"
2023-01-12 11:56:03.390 &amp#27;[32m INFO&amp#27;[m &amp#27;[35m[@503 - main]&amp#27;[m &amp#27;[36mcom.shaft.tools.io.ReportManager&amp#27;[m : Successfully created attachment "Validation Test Data - Actual JSON Value"
2023-01-12 11:56:03.390 &amp#27;[32m INFO&amp#27;[m &amp#27;[35m[@503 - main]&amp#27;[m &amp#27;[36mcom.shaft.tools.io.ReportManager&amp#27;[m : Successfully created attachment "SHAFT Engine Logs - Current Method log: Add_Policy_With_Missing_Keys_TC"
]]></system-out>
  </testcase>
  <testcase name="Add_Policy_With_Missing_Keys_TC[[Ljava.lang.Object;@2291c14a](3)" classname="SteeringCompanyAPI_TestCases.Test_Policies_Cases" time="1.252">
    <system-out><![CDATA[2023-01-12 11:56:03.394 &amp#27;[32m INFO&amp#27;[m &amp#27;[35m[@534 - main]&amp#27;[m &amp#27;[36mcom.shaft.tools.io.ReportManager&amp#27;[m : 
################################################################################################################################################
Starting Execution:	"5 out of 56" test cases in the current suite
Test Method:		"SteeringCompanyAPI_TestCases.Test_Policies_Cases.Add_Policy_With_Missing_Keys_TC"
Test Description:	"TC050 - Perform Add Policy with Missing Keys"
################################################################################################################################################
2023-01-12 11:56:03.394 &amp#27;[32m INFO&amp#27;[m &amp#27;[35m[@503 - main]&amp#27;[m &amp#27;[36mcom.shaft.tools.io.ReportManager&amp#27;[m : File Action "DoesFileExist" successfully performed. With the following test data "File Path: "SteeringCompanyAPI_TestData/SteeringCompanyAPI_TestData.xlsx"".
2023-01-12 11:56:03.418 &amp#27;[32m INFO&amp#27;[m &amp#27;[35m[@503 - main]&amp#27;[m &amp#27;[36mcom.shaft.tools.io.ReportManager&amp#27;[m : Successfully created attachment "Test Data - Excel"
2023-01-12 11:56:04.004 &amp#27;[32m INFO&amp#27;[m &amp#27;[35m[@503 - main]&amp#27;[m &amp#27;[36mcom.shaft.tools.io.ReportManager&amp#27;[m : Response status code: "200", status line: "HTTP/1.1 200 OK"
2023-01-12 11:56:04.028 &amp#27;[32m INFO&amp#27;[m &amp#27;[35m[@503 - main]&amp#27;[m &amp#27;[36mcom.shaft.tools.io.ReportManager&amp#27;[m : Successfully created attachment "API Request - Specifications"
2023-01-12 11:56:04.029 &amp#27;[32m INFO&amp#27;[m &amp#27;[35m[@503 - main]&amp#27;[m &amp#27;[36mcom.shaft.tools.io.ReportManager&amp#27;[m : Successfully created attachment "API Request - Body"
2023-01-12 11:56:04.030 &amp#27;[32m INFO&amp#27;[m &amp#27;[35m[@503 - main]&amp#27;[m &amp#27;[36mcom.shaft.tools.io.ReportManager&amp#27;[m : Successfully created attachment "API Response - JSON Body"
2023-01-12 11:56:04.051 &amp#27;[32m INFO&amp#27;[m &amp#27;[35m[@503 - main]&amp#27;[m &amp#27;[36mcom.shaft.tools.io.ReportManager&amp#27;[m : File Action "DoesFileExist" successfully performed. With the following test data "File Path: "SteeringCompanyAPI_TestData/SteeringCompanyAPI_TestData.xlsx"".
2023-01-12 11:56:04.090 &amp#27;[32m INFO&amp#27;[m &amp#27;[35m[@503 - main]&amp#27;[m &amp#27;[36mcom.shaft.tools.io.ReportManager&amp#27;[m : Successfully created attachment "Test Data - Excel"
2023-01-12 11:56:04.569 &amp#27;[32m INFO&amp#27;[m &amp#27;[35m[@503 - main]&amp#27;[m &amp#27;[36mcom.shaft.tools.io.ReportManager&amp#27;[m : Response status code: "422", status line: "HTTP/1.1 422 "
2023-01-12 11:56:04.602 &amp#27;[32m INFO&amp#27;[m &amp#27;[35m[@503 - main]&amp#27;[m &amp#27;[36mcom.shaft.tools.io.ReportManager&amp#27;[m : Successfully created attachment "API Request - Specifications"
2023-01-12 11:56:04.605 &amp#27;[32m INFO&amp#27;[m &amp#27;[35m[@503 - main]&amp#27;[m &amp#27;[36mcom.shaft.tools.io.ReportManager&amp#27;[m : Successfully created attachment "API Request - JSON Body"
2023-01-12 11:56:04.607 &amp#27;[32m INFO&amp#27;[m &amp#27;[35m[@503 - main]&amp#27;[m &amp#27;[36mcom.shaft.tools.io.ReportManager&amp#27;[m : Successfully created attachment "API Response - JSON Body"
2023-01-12 11:56:04.611 &amp#27;[32m INFO&amp#27;[m &amp#27;[35m[@503 - main]&amp#27;[m &amp#27;[36mcom.shaft.tools.io.ReportManager&amp#27;[m : File Action "DoesFileExist" successfully performed. With the following test data "File Path: "Schemas/ValidationError_schema.json"".
2023-01-12 11:56:04.612 &amp#27;[32m INFO&amp#27;[m &amp#27;[35m[@503 - main]&amp#27;[m &amp#27;[36mcom.shaft.tools.io.ReportManager&amp#27;[m : File Action "DoesFileExist" successfully performed. With the following test data "File Path: "src/test/resources/testDataFiles/Schemas/ValidationError_schema.json"".
2023-01-12 11:56:04.612 &amp#27;[32m INFO&amp#27;[m &amp#27;[35m[@503 - main]&amp#27;[m &amp#27;[36mcom.shaft.tools.io.ReportManager&amp#27;[m : File Action "GetAbsolutePath" successfully performed. With the following test data "Relative Folder Path: "src/test/resources/testDataFiles/Schemas/ValidationError_schema.json"".
2023-01-12 11:56:04.627 &amp#27;[32m INFO&amp#27;[m &amp#27;[35m[@503 - main]&amp#27;[m &amp#27;[36mcom.shaft.tools.io.ReportManager&amp#27;[m : File Action "DoesFileExist" successfully performed. With the following test data "File Path: "C:\eclipse-workspace\MyProjects\TASystemsAPIs\src\test\resources\testDataFiles\Schemas\ValidationError_schema.json"".
2023-01-12 11:56:04.628 &amp#27;[32m INFO&amp#27;[m &amp#27;[35m[@503 - main]&amp#27;[m &amp#27;[36mcom.shaft.tools.io.ReportManager&amp#27;[m : File Action "GetAbsolutePath" successfully performed. With the following test data "Relative Folder Path: "C:\eclipse-workspace\MyProjects\TASystemsAPIs\src\test\resources\testDataFiles\Schemas\ValidationError_schema.json"".
2023-01-12 11:56:04.630 &amp#27;[32m INFO&amp#27;[m &amp#27;[35m[@503 - main]&amp#27;[m &amp#27;[36mcom.shaft.tools.io.ReportManager&amp#27;[m : File Action "ReadFile" successfully performed. With the following test data "File Path: "C:\eclipse-workspace\MyProjects\TASystemsAPIs\src\test\resources\testDataFiles\Schemas\ValidationError_schema.json"".
2023-01-12 11:56:04.635 &amp#27;[32m INFO&amp#27;[m &amp#27;[35m[@503 - main]&amp#27;[m &amp#27;[36mcom.shaft.tools.io.ReportManager&amp#27;[m : Successfully created attachment "Validation Test Data - Expected JSON Value"
2023-01-12 11:56:04.637 &amp#27;[32m INFO&amp#27;[m &amp#27;[35m[@503 - main]&amp#27;[m &amp#27;[36mcom.shaft.tools.io.ReportManager&amp#27;[m : Successfully created attachment "Validation Test Data - Actual JSON Value"
2023-01-12 11:56:04.639 &amp#27;[32m INFO&amp#27;[m &amp#27;[35m[@503 - main]&amp#27;[m &amp#27;[36mcom.shaft.tools.io.ReportManager&amp#27;[m : Successfully created attachment "SHAFT Engine Logs - Current Method log: Add_Policy_With_Missing_Keys_TC"
]]></system-out>
  </testcase>
  <testcase name="Add_Policy_With_Missing_Keys_TC[[Ljava.lang.Object;@a404535](4)" classname="SteeringCompanyAPI_TestCases.Test_Policies_Cases" time="1.261">
    <system-out><![CDATA[2023-01-12 11:56:04.648 &amp#27;[32m INFO&amp#27;[m &amp#27;[35m[@534 - main]&amp#27;[m &amp#27;[36mcom.shaft.tools.io.ReportManager&amp#27;[m : 
################################################################################################################################################
Starting Execution:	"6 out of 56" test cases in the current suite
Test Method:		"SteeringCompanyAPI_TestCases.Test_Policies_Cases.Add_Policy_With_Missing_Keys_TC"
Test Description:	"TC050 - Perform Add Policy with Missing Keys"
################################################################################################################################################
2023-01-12 11:56:04.649 &amp#27;[32m INFO&amp#27;[m &amp#27;[35m[@503 - main]&amp#27;[m &amp#27;[36mcom.shaft.tools.io.ReportManager&amp#27;[m : File Action "DoesFileExist" successfully performed. With the following test data "File Path: "SteeringCompanyAPI_TestData/SteeringCompanyAPI_TestData.xlsx"".
2023-01-12 11:56:04.688 &amp#27;[32m INFO&amp#27;[m &amp#27;[35m[@503 - main]&amp#27;[m &amp#27;[36mcom.shaft.tools.io.ReportManager&amp#27;[m : Successfully created attachment "Test Data - Excel"
2023-01-12 11:56:05.293 &amp#27;[32m INFO&amp#27;[m &amp#27;[35m[@503 - main]&amp#27;[m &amp#27;[36mcom.shaft.tools.io.ReportManager&amp#27;[m : Response status code: "200", status line: "HTTP/1.1 200 OK"
2023-01-12 11:56:05.322 &amp#27;[32m INFO&amp#27;[m &amp#27;[35m[@503 - main]&amp#27;[m &amp#27;[36mcom.shaft.tools.io.ReportManager&amp#27;[m : Successfully created attachment "API Request - Specifications"
2023-01-12 11:56:05.323 &amp#27;[32m INFO&amp#27;[m &amp#27;[35m[@503 - main]&amp#27;[m &amp#27;[36mcom.shaft.tools.io.ReportManager&amp#27;[m : Successfully created attachment "API Request - Body"
2023-01-12 11:56:05.324 &amp#27;[32m INFO&amp#27;[m &amp#27;[35m[@503 - main]&amp#27;[m &amp#27;[36mcom.shaft.tools.io.ReportManager&amp#27;[m : Successfully created attachment "API Response - JSON Body"
2023-01-12 11:56:05.339 &amp#27;[32m INFO&amp#27;[m &amp#27;[35m[@503 - main]&amp#27;[m &amp#27;[36mcom.shaft.tools.io.ReportManager&amp#27;[m : File Action "DoesFileExist" successfully performed. With the following test data "File Path: "SteeringCompanyAPI_TestData/SteeringCompanyAPI_TestData.xlsx"".
2023-01-12 11:56:05.382 &amp#27;[32m INFO&amp#27;[m &amp#27;[35m[@503 - main]&amp#27;[m &amp#27;[36mcom.shaft.tools.io.ReportManager&amp#27;[m : Successfully created attachment "Test Data - Excel"
2023-01-12 11:56:05.853 &amp#27;[32m INFO&amp#27;[m &amp#27;[35m[@503 - main]&amp#27;[m &amp#27;[36mcom.shaft.tools.io.ReportManager&amp#27;[m : Response status code: "422", status line: "HTTP/1.1 422 "
2023-01-12 11:56:05.885 &amp#27;[32m INFO&amp#27;[m &amp#27;[35m[@503 - main]&amp#27;[m &amp#27;[36mcom.shaft.tools.io.ReportManager&amp#27;[m : Successfully created attachment "API Request - Specifications"
2023-01-12 11:56:05.886 &amp#27;[32m INFO&amp#27;[m &amp#27;[35m[@503 - main]&amp#27;[m &amp#27;[36mcom.shaft.tools.io.ReportManager&amp#27;[m : Successfully created attachment "API Request - JSON Body"
2023-01-12 11:56:05.887 &amp#27;[32m INFO&amp#27;[m &amp#27;[35m[@503 - main]&amp#27;[m &amp#27;[36mcom.shaft.tools.io.ReportManager&amp#27;[m : Successfully created attachment "API Response - JSON Body"
2023-01-12 11:56:05.890 &amp#27;[32m INFO&amp#27;[m &amp#27;[35m[@503 - main]&amp#27;[m &amp#27;[36mcom.shaft.tools.io.ReportManager&amp#27;[m : File Action "DoesFileExist" successfully performed. With the following test data "File Path: "Schemas/ValidationError_schema.json"".
2023-01-12 11:56:05.890 &amp#27;[32m INFO&amp#27;[m &amp#27;[35m[@503 - main]&amp#27;[m &amp#27;[36mcom.shaft.tools.io.ReportManager&amp#27;[m : File Action "DoesFileExist" successfully performed. With the following test data "File Path: "src/test/resources/testDataFiles/Schemas/ValidationError_schema.json"".
2023-01-12 11:56:05.890 &amp#27;[32m INFO&amp#27;[m &amp#27;[35m[@503 - main]&amp#27;[m &amp#27;[36mcom.shaft.tools.io.ReportManager&amp#27;[m : File Action "GetAbsolutePath" successfully performed. With the following test data "Relative Folder Path: "src/test/resources/testDataFiles/Schemas/ValidationError_schema.json"".
2023-01-12 11:56:05.897 &amp#27;[32m INFO&amp#27;[m &amp#27;[35m[@503 - main]&amp#27;[m &amp#27;[36mcom.shaft.tools.io.ReportManager&amp#27;[m : File Action "DoesFileExist" successfully performed. With the following test data "File Path: "C:\eclipse-workspace\MyProjects\TASystemsAPIs\src\test\resources\testDataFiles\Schemas\ValidationError_schema.json"".
2023-01-12 11:56:05.897 &amp#27;[32m INFO&amp#27;[m &amp#27;[35m[@503 - main]&amp#27;[m &amp#27;[36mcom.shaft.tools.io.ReportManager&amp#27;[m : File Action "GetAbsolutePath" successfully performed. With the following test data "Relative Folder Path: "C:\eclipse-workspace\MyProjects\TASystemsAPIs\src\test\resources\testDataFiles\Schemas\ValidationError_schema.json"".
2023-01-12 11:56:05.898 &amp#27;[32m INFO&amp#27;[m &amp#27;[35m[@503 - main]&amp#27;[m &amp#27;[36mcom.shaft.tools.io.ReportManager&amp#27;[m : File Action "ReadFile" successfully performed. With the following test data "File Path: "C:\eclipse-workspace\MyProjects\TASystemsAPIs\src\test\resources\testDataFiles\Schemas\ValidationError_schema.json"".
2023-01-12 11:56:05.901 &amp#27;[32m INFO&amp#27;[m &amp#27;[35m[@503 - main]&amp#27;[m &amp#27;[36mcom.shaft.tools.io.ReportManager&amp#27;[m : Successfully created attachment "Validation Test Data - Expected JSON Value"
2023-01-12 11:56:05.902 &amp#27;[32m INFO&amp#27;[m &amp#27;[35m[@503 - main]&amp#27;[m &amp#27;[36mcom.shaft.tools.io.ReportManager&amp#27;[m : Successfully created attachment "Validation Test Data - Actual JSON Value"
2023-01-12 11:56:05.903 &amp#27;[32m INFO&amp#27;[m &amp#27;[35m[@503 - main]&amp#27;[m &amp#27;[36mcom.shaft.tools.io.ReportManager&amp#27;[m : Successfully created attachment "SHAFT Engine Logs - Current Method log: Add_Policy_With_Missing_Keys_TC"
]]></system-out>
  </testcase>
  <testcase name="Add_Policy_With_Missing_Keys_TC[[Ljava.lang.Object;@46441754](5)" classname="SteeringCompanyAPI_TestCases.Test_Policies_Cases" time="1.247">
    <system-out><![CDATA[2023-01-12 11:56:05.907 &amp#27;[32m INFO&amp#27;[m &amp#27;[35m[@534 - main]&amp#27;[m &amp#27;[36mcom.shaft.tools.io.ReportManager&amp#27;[m : 
################################################################################################################################################
Starting Execution:	"7 out of 56" test cases in the current suite
Test Method:		"SteeringCompanyAPI_TestCases.Test_Policies_Cases.Add_Policy_With_Missing_Keys_TC"
Test Description:	"TC050 - Perform Add Policy with Missing Keys"
################################################################################################################################################
2023-01-12 11:56:05.908 &amp#27;[32m INFO&amp#27;[m &amp#27;[35m[@503 - main]&amp#27;[m &amp#27;[36mcom.shaft.tools.io.ReportManager&amp#27;[m : File Action "DoesFileExist" successfully performed. With the following test data "File Path: "SteeringCompanyAPI_TestData/SteeringCompanyAPI_TestData.xlsx"".
2023-01-12 11:56:05.937 &amp#27;[32m INFO&amp#27;[m &amp#27;[35m[@503 - main]&amp#27;[m &amp#27;[36mcom.shaft.tools.io.ReportManager&amp#27;[m : Successfully created attachment "Test Data - Excel"
2023-01-12 11:56:06.556 &amp#27;[32m INFO&amp#27;[m &amp#27;[35m[@503 - main]&amp#27;[m &amp#27;[36mcom.shaft.tools.io.ReportManager&amp#27;[m : Response status code: "200", status line: "HTTP/1.1 200 OK"
2023-01-12 11:56:06.588 &amp#27;[32m INFO&amp#27;[m &amp#27;[35m[@503 - main]&amp#27;[m &amp#27;[36mcom.shaft.tools.io.ReportManager&amp#27;[m : Successfully created attachment "API Request - Specifications"
2023-01-12 11:56:06.589 &amp#27;[32m INFO&amp#27;[m &amp#27;[35m[@503 - main]&amp#27;[m &amp#27;[36mcom.shaft.tools.io.ReportManager&amp#27;[m : Successfully created attachment "API Request - Body"
2023-01-12 11:56:06.590 &amp#27;[32m INFO&amp#27;[m &amp#27;[35m[@503 - main]&amp#27;[m &amp#27;[36mcom.shaft.tools.io.ReportManager&amp#27;[m : Successfully created attachment "API Response - JSON Body"
2023-01-12 11:56:06.611 &amp#27;[32m INFO&amp#27;[m &amp#27;[35m[@503 - main]&amp#27;[m &amp#27;[36mcom.shaft.tools.io.ReportManager&amp#27;[m : File Action "DoesFileExist" successfully performed. With the following test data "File Path: "SteeringCompanyAPI_TestData/SteeringCompanyAPI_TestData.xlsx"".
2023-01-12 11:56:06.638 &amp#27;[32m INFO&amp#27;[m &amp#27;[35m[@503 - main]&amp#27;[m &amp#27;[36mcom.shaft.tools.io.ReportManager&amp#27;[m : Successfully created attachment "Test Data - Excel"
2023-01-12 11:56:07.105 &amp#27;[32m INFO&amp#27;[m &amp#27;[35m[@503 - main]&amp#27;[m &amp#27;[36mcom.shaft.tools.io.ReportManager&amp#27;[m : Response status code: "422", status line: "HTTP/1.1 422 "
2023-01-12 11:56:07.130 &amp#27;[32m INFO&amp#27;[m &amp#27;[35m[@503 - main]&amp#27;[m &amp#27;[36mcom.shaft.tools.io.ReportManager&amp#27;[m : Successfully created attachment "API Request - Specifications"
2023-01-12 11:56:07.131 &amp#27;[32m INFO&amp#27;[m &amp#27;[35m[@503 - main]&amp#27;[m &amp#27;[36mcom.shaft.tools.io.ReportManager&amp#27;[m : Successfully created attachment "API Request - JSON Body"
2023-01-12 11:56:07.134 &amp#27;[32m INFO&amp#27;[m &amp#27;[35m[@503 - main]&amp#27;[m &amp#27;[36mcom.shaft.tools.io.ReportManager&amp#27;[m : Successfully created attachment "API Response - JSON Body"
2023-01-12 11:56:07.136 &amp#27;[32m INFO&amp#27;[m &amp#27;[35m[@503 - main]&amp#27;[m &amp#27;[36mcom.shaft.tools.io.ReportManager&amp#27;[m : File Action "DoesFileExist" successfully performed. With the following test data "File Path: "Schemas/ValidationError_schema.json"".
2023-01-12 11:56:07.136 &amp#27;[32m INFO&amp#27;[m &amp#27;[35m[@503 - main]&amp#27;[m &amp#27;[36mcom.shaft.tools.io.ReportManager&amp#27;[m : File Action "DoesFileExist" successfully performed. With the following test data "File Path: "src/test/resources/testDataFiles/Schemas/ValidationError_schema.json"".
2023-01-12 11:56:07.137 &amp#27;[32m INFO&amp#27;[m &amp#27;[35m[@503 - main]&amp#27;[m &amp#27;[36mcom.shaft.tools.io.ReportManager&amp#27;[m : File Action "GetAbsolutePath" successfully performed. With the following test data "Relative Folder Path: "src/test/resources/testDataFiles/Schemas/ValidationError_schema.json"".
2023-01-12 11:56:07.143 &amp#27;[32m INFO&amp#27;[m &amp#27;[35m[@503 - main]&amp#27;[m &amp#27;[36mcom.shaft.tools.io.ReportManager&amp#27;[m : File Action "DoesFileExist" successfully performed. With the following test data "File Path: "C:\eclipse-workspace\MyProjects\TASystemsAPIs\src\test\resources\testDataFiles\Schemas\ValidationError_schema.json"".
2023-01-12 11:56:07.143 &amp#27;[32m INFO&amp#27;[m &amp#27;[35m[@503 - main]&amp#27;[m &amp#27;[36mcom.shaft.tools.io.ReportManager&amp#27;[m : File Action "GetAbsolutePath" successfully performed. With the following test data "Relative Folder Path: "C:\eclipse-workspace\MyProjects\TASystemsAPIs\src\test\resources\testDataFiles\Schemas\ValidationError_schema.json"".
2023-01-12 11:56:07.144 &amp#27;[32m INFO&amp#27;[m &amp#27;[35m[@503 - main]&amp#27;[m &amp#27;[36mcom.shaft.tools.io.ReportManager&amp#27;[m : File Action "ReadFile" successfully performed. With the following test data "File Path: "C:\eclipse-workspace\MyProjects\TASystemsAPIs\src\test\resources\testDataFiles\Schemas\ValidationError_schema.json"".
2023-01-12 11:56:07.146 &amp#27;[32m INFO&amp#27;[m &amp#27;[35m[@503 - main]&amp#27;[m &amp#27;[36mcom.shaft.tools.io.ReportManager&amp#27;[m : Successfully created attachment "Validation Test Data - Expected JSON Value"
2023-01-12 11:56:07.147 &amp#27;[32m INFO&amp#27;[m &amp#27;[35m[@503 - main]&amp#27;[m &amp#27;[36mcom.shaft.tools.io.ReportManager&amp#27;[m : Successfully created attachment "Validation Test Data - Actual JSON Value"
2023-01-12 11:56:07.149 &amp#27;[32m INFO&amp#27;[m &amp#27;[35m[@503 - main]&amp#27;[m &amp#27;[36mcom.shaft.tools.io.ReportManager&amp#27;[m : Successfully created attachment "SHAFT Engine Logs - Current Method log: Add_Policy_With_Missing_Keys_TC"
]]></system-out>
  </testcase>
  <testcase name="Add_Policy_With_Missing_Keys_TC[[Ljava.lang.Object;@22125b57](6)" classname="SteeringCompanyAPI_TestCases.Test_Policies_Cases" time="1.244">
    <system-out><![CDATA[2023-01-12 11:56:07.155 &amp#27;[32m INFO&amp#27;[m &amp#27;[35m[@534 - main]&amp#27;[m &amp#27;[36mcom.shaft.tools.io.ReportManager&amp#27;[m : 
################################################################################################################################################
Starting Execution:	"8 out of 56" test cases in the current suite
Test Method:		"SteeringCompanyAPI_TestCases.Test_Policies_Cases.Add_Policy_With_Missing_Keys_TC"
Test Description:	"TC050 - Perform Add Policy with Missing Keys"
################################################################################################################################################
2023-01-12 11:56:07.155 &amp#27;[32m INFO&amp#27;[m &amp#27;[35m[@503 - main]&amp#27;[m &amp#27;[36mcom.shaft.tools.io.ReportManager&amp#27;[m : File Action "DoesFileExist" successfully performed. With the following test data "File Path: "SteeringCompanyAPI_TestData/SteeringCompanyAPI_TestData.xlsx"".
2023-01-12 11:56:07.177 &amp#27;[32m INFO&amp#27;[m &amp#27;[35m[@503 - main]&amp#27;[m &amp#27;[36mcom.shaft.tools.io.ReportManager&amp#27;[m : Successfully created attachment "Test Data - Excel"
2023-01-12 11:56:07.759 &amp#27;[32m INFO&amp#27;[m &amp#27;[35m[@503 - main]&amp#27;[m &amp#27;[36mcom.shaft.tools.io.ReportManager&amp#27;[m : Response status code: "200", status line: "HTTP/1.1 200 OK"
2023-01-12 11:56:07.787 &amp#27;[32m INFO&amp#27;[m &amp#27;[35m[@503 - main]&amp#27;[m &amp#27;[36mcom.shaft.tools.io.ReportManager&amp#27;[m : Successfully created attachment "API Request - Specifications"
2023-01-12 11:56:07.788 &amp#27;[32m INFO&amp#27;[m &amp#27;[35m[@503 - main]&amp#27;[m &amp#27;[36mcom.shaft.tools.io.ReportManager&amp#27;[m : Successfully created attachment "API Request - Body"
2023-01-12 11:56:07.790 &amp#27;[32m INFO&amp#27;[m &amp#27;[35m[@503 - main]&amp#27;[m &amp#27;[36mcom.shaft.tools.io.ReportManager&amp#27;[m : Successfully created attachment "API Response - JSON Body"
2023-01-12 11:56:07.818 &amp#27;[32m INFO&amp#27;[m &amp#27;[35m[@503 - main]&amp#27;[m &amp#27;[36mcom.shaft.tools.io.ReportManager&amp#27;[m : File Action "DoesFileExist" successfully performed. With the following test data "File Path: "SteeringCompanyAPI_TestData/SteeringCompanyAPI_TestData.xlsx"".
2023-01-12 11:56:07.860 &amp#27;[32m INFO&amp#27;[m &amp#27;[35m[@503 - main]&amp#27;[m &amp#27;[36mcom.shaft.tools.io.ReportManager&amp#27;[m : Successfully created attachment "Test Data - Excel"
2023-01-12 11:56:08.344 &amp#27;[32m INFO&amp#27;[m &amp#27;[35m[@503 - main]&amp#27;[m &amp#27;[36mcom.shaft.tools.io.ReportManager&amp#27;[m : Response status code: "422", status line: "HTTP/1.1 422 "
2023-01-12 11:56:08.375 &amp#27;[32m INFO&amp#27;[m &amp#27;[35m[@503 - main]&amp#27;[m &amp#27;[36mcom.shaft.tools.io.ReportManager&amp#27;[m : Successfully created attachment "API Request - Specifications"
2023-01-12 11:56:08.377 &amp#27;[32m INFO&amp#27;[m &amp#27;[35m[@503 - main]&amp#27;[m &amp#27;[36mcom.shaft.tools.io.ReportManager&amp#27;[m : Successfully created attachment "API Request - JSON Body"
2023-01-12 11:56:08.380 &amp#27;[32m INFO&amp#27;[m &amp#27;[35m[@503 - main]&amp#27;[m &amp#27;[36mcom.shaft.tools.io.ReportManager&amp#27;[m : Successfully created attachment "API Response - JSON Body"
2023-01-12 11:56:08.383 &amp#27;[32m INFO&amp#27;[m &amp#27;[35m[@503 - main]&amp#27;[m &amp#27;[36mcom.shaft.tools.io.ReportManager&amp#27;[m : File Action "DoesFileExist" successfully performed. With the following test data "File Path: "Schemas/ValidationError_schema.json"".
2023-01-12 11:56:08.383 &amp#27;[32m INFO&amp#27;[m &amp#27;[35m[@503 - main]&amp#27;[m &amp#27;[36mcom.shaft.tools.io.ReportManager&amp#27;[m : File Action "DoesFileExist" successfully performed. With the following test data "File Path: "src/test/resources/testDataFiles/Schemas/ValidationError_schema.json"".
2023-01-12 11:56:08.383 &amp#27;[32m INFO&amp#27;[m &amp#27;[35m[@503 - main]&amp#27;[m &amp#27;[36mcom.shaft.tools.io.ReportManager&amp#27;[m : File Action "GetAbsolutePath" successfully performed. With the following test data "Relative Folder Path: "src/test/resources/testDataFiles/Schemas/ValidationError_schema.json"".
2023-01-12 11:56:08.389 &amp#27;[32m INFO&amp#27;[m &amp#27;[35m[@503 - main]&amp#27;[m &amp#27;[36mcom.shaft.tools.io.ReportManager&amp#27;[m : File Action "DoesFileExist" successfully performed. With the following test data "File Path: "C:\eclipse-workspace\MyProjects\TASystemsAPIs\src\test\resources\testDataFiles\Schemas\ValidationError_schema.json"".
2023-01-12 11:56:08.389 &amp#27;[32m INFO&amp#27;[m &amp#27;[35m[@503 - main]&amp#27;[m &amp#27;[36mcom.shaft.tools.io.ReportManager&amp#27;[m : File Action "GetAbsolutePath" successfully performed. With the following test data "Relative Folder Path: "C:\eclipse-workspace\MyProjects\TASystemsAPIs\src\test\resources\testDataFiles\Schemas\ValidationError_schema.json"".
2023-01-12 11:56:08.390 &amp#27;[32m INFO&amp#27;[m &amp#27;[35m[@503 - main]&amp#27;[m &amp#27;[36mcom.shaft.tools.io.ReportManager&amp#27;[m : File Action "ReadFile" successfully performed. With the following test data "File Path: "C:\eclipse-workspace\MyProjects\TASystemsAPIs\src\test\resources\testDataFiles\Schemas\ValidationError_schema.json"".
2023-01-12 11:56:08.392 &amp#27;[32m INFO&amp#27;[m &amp#27;[35m[@503 - main]&amp#27;[m &amp#27;[36mcom.shaft.tools.io.ReportManager&amp#27;[m : Successfully created attachment "Validation Test Data - Expected JSON Value"
2023-01-12 11:56:08.394 &amp#27;[32m INFO&amp#27;[m &amp#27;[35m[@503 - main]&amp#27;[m &amp#27;[36mcom.shaft.tools.io.ReportManager&amp#27;[m : Successfully created attachment "Validation Test Data - Actual JSON Value"
2023-01-12 11:56:08.395 &amp#27;[32m INFO&amp#27;[m &amp#27;[35m[@503 - main]&amp#27;[m &amp#27;[36mcom.shaft.tools.io.ReportManager&amp#27;[m : Successfully created attachment "SHAFT Engine Logs - Current Method log: Add_Policy_With_Missing_Keys_TC"
]]></system-out>
  </testcase>
  <testcase name="Add_Policy_With_Missing_Keys_TC[[Ljava.lang.Object;@36a408cb](7)" classname="SteeringCompanyAPI_TestCases.Test_Policies_Cases" time="1.25">
    <system-out><![CDATA[2023-01-12 11:56:08.399 &amp#27;[32m INFO&amp#27;[m &amp#27;[35m[@534 - main]&amp#27;[m &amp#27;[36mcom.shaft.tools.io.ReportManager&amp#27;[m : 
################################################################################################################################################
Starting Execution:	"9 out of 56" test cases in the current suite
Test Method:		"SteeringCompanyAPI_TestCases.Test_Policies_Cases.Add_Policy_With_Missing_Keys_TC"
Test Description:	"TC050 - Perform Add Policy with Missing Keys"
################################################################################################################################################
2023-01-12 11:56:08.400 &amp#27;[32m INFO&amp#27;[m &amp#27;[35m[@503 - main]&amp#27;[m &amp#27;[36mcom.shaft.tools.io.ReportManager&amp#27;[m : File Action "DoesFileExist" successfully performed. With the following test data "File Path: "SteeringCompanyAPI_TestData/SteeringCompanyAPI_TestData.xlsx"".
2023-01-12 11:56:08.432 &amp#27;[32m INFO&amp#27;[m &amp#27;[35m[@503 - main]&amp#27;[m &amp#27;[36mcom.shaft.tools.io.ReportManager&amp#27;[m : Successfully created attachment "Test Data - Excel"
2023-01-12 11:56:09.042 &amp#27;[32m INFO&amp#27;[m &amp#27;[35m[@503 - main]&amp#27;[m &amp#27;[36mcom.shaft.tools.io.ReportManager&amp#27;[m : Response status code: "200", status line: "HTTP/1.1 200 OK"
2023-01-12 11:56:09.071 &amp#27;[32m INFO&amp#27;[m &amp#27;[35m[@503 - main]&amp#27;[m &amp#27;[36mcom.shaft.tools.io.ReportManager&amp#27;[m : Successfully created attachment "API Request - Specifications"
2023-01-12 11:56:09.073 &amp#27;[32m INFO&amp#27;[m &amp#27;[35m[@503 - main]&amp#27;[m &amp#27;[36mcom.shaft.tools.io.ReportManager&amp#27;[m : Successfully created attachment "API Request - Body"
2023-01-12 11:56:09.076 &amp#27;[32m INFO&amp#27;[m &amp#27;[35m[@503 - main]&amp#27;[m &amp#27;[36mcom.shaft.tools.io.ReportManager&amp#27;[m : Successfully created attachment "API Response - JSON Body"
2023-01-12 11:56:09.101 &amp#27;[32m INFO&amp#27;[m &amp#27;[35m[@503 - main]&amp#27;[m &amp#27;[36mcom.shaft.tools.io.ReportManager&amp#27;[m : File Action "DoesFileExist" successfully performed. With the following test data "File Path: "SteeringCompanyAPI_TestData/SteeringCompanyAPI_TestData.xlsx"".
2023-01-12 11:56:09.132 &amp#27;[32m INFO&amp#27;[m &amp#27;[35m[@503 - main]&amp#27;[m &amp#27;[36mcom.shaft.tools.io.ReportManager&amp#27;[m : Successfully created attachment "Test Data - Excel"
2023-01-12 11:56:09.602 &amp#27;[32m INFO&amp#27;[m &amp#27;[35m[@503 - main]&amp#27;[m &amp#27;[36mcom.shaft.tools.io.ReportManager&amp#27;[m : Response status code: "422", status line: "HTTP/1.1 422 "
2023-01-12 11:56:09.615 &amp#27;[32m INFO&amp#27;[m &amp#27;[35m[@503 - main]&amp#27;[m &amp#27;[36mcom.shaft.tools.io.ReportManager&amp#27;[m : Successfully created attachment "API Request - Specifications"
2023-01-12 11:56:09.617 &amp#27;[32m INFO&amp#27;[m &amp#27;[35m[@503 - main]&amp#27;[m &amp#27;[36mcom.shaft.tools.io.ReportManager&amp#27;[m : Successfully created attachment "API Request - JSON Body"
2023-01-12 11:56:09.618 &amp#27;[32m INFO&amp#27;[m &amp#27;[35m[@503 - main]&amp#27;[m &amp#27;[36mcom.shaft.tools.io.ReportManager&amp#27;[m : Successfully created attachment "API Response - JSON Body"
2023-01-12 11:56:09.622 &amp#27;[32m INFO&amp#27;[m &amp#27;[35m[@503 - main]&amp#27;[m &amp#27;[36mcom.shaft.tools.io.ReportManager&amp#27;[m : File Action "DoesFileExist" successfully performed. With the following test data "File Path: "Schemas/ValidationError_schema.json"".
2023-01-12 11:56:09.623 &amp#27;[32m INFO&amp#27;[m &amp#27;[35m[@503 - main]&amp#27;[m &amp#27;[36mcom.shaft.tools.io.ReportManager&amp#27;[m : File Action "DoesFileExist" successfully performed. With the following test data "File Path: "src/test/resources/testDataFiles/Schemas/ValidationError_schema.json"".
2023-01-12 11:56:09.624 &amp#27;[32m INFO&amp#27;[m &amp#27;[35m[@503 - main]&amp#27;[m &amp#27;[36mcom.shaft.tools.io.ReportManager&amp#27;[m : File Action "GetAbsolutePath" successfully performed. With the following test data "Relative Folder Path: "src/test/resources/testDataFiles/Schemas/ValidationError_schema.json"".
2023-01-12 11:56:09.632 &amp#27;[32m INFO&amp#27;[m &amp#27;[35m[@503 - main]&amp#27;[m &amp#27;[36mcom.shaft.tools.io.ReportManager&amp#27;[m : File Action "DoesFileExist" successfully performed. With the following test data "File Path: "C:\eclipse-workspace\MyProjects\TASystemsAPIs\src\test\resources\testDataFiles\Schemas\ValidationError_schema.json"".
2023-01-12 11:56:09.633 &amp#27;[32m INFO&amp#27;[m &amp#27;[35m[@503 - main]&amp#27;[m &amp#27;[36mcom.shaft.tools.io.ReportManager&amp#27;[m : File Action "GetAbsolutePath" successfully performed. With the following test data "Relative Folder Path: "C:\eclipse-workspace\MyProjects\TASystemsAPIs\src\test\resources\testDataFiles\Schemas\ValidationError_schema.json"".
2023-01-12 11:56:09.634 &amp#27;[32m INFO&amp#27;[m &amp#27;[35m[@503 - main]&amp#27;[m &amp#27;[36mcom.shaft.tools.io.ReportManager&amp#27;[m : File Action "ReadFile" successfully performed. With the following test data "File Path: "C:\eclipse-workspace\MyProjects\TASystemsAPIs\src\test\resources\testDataFiles\Schemas\ValidationError_schema.json"".
2023-01-12 11:56:09.639 &amp#27;[32m INFO&amp#27;[m &amp#27;[35m[@503 - main]&amp#27;[m &amp#27;[36mcom.shaft.tools.io.ReportManager&amp#27;[m : Successfully created attachment "Validation Test Data - Expected JSON Value"
2023-01-12 11:56:09.641 &amp#27;[32m INFO&amp#27;[m &amp#27;[35m[@503 - main]&amp#27;[m &amp#27;[36mcom.shaft.tools.io.ReportManager&amp#27;[m : Successfully created attachment "Validation Test Data - Actual JSON Value"
2023-01-12 11:56:09.643 &amp#27;[32m INFO&amp#27;[m &amp#27;[35m[@503 - main]&amp#27;[m &amp#27;[36mcom.shaft.tools.io.ReportManager&amp#27;[m : Successfully created attachment "SHAFT Engine Logs - Current Method log: Add_Policy_With_Missing_Keys_TC"
]]></system-out>
  </testcase>
  <testcase name="Add_Policy_With_Missing_Keys_TC[[Ljava.lang.Object;@7e349cc3](8)" classname="SteeringCompanyAPI_TestCases.Test_Policies_Cases" time="1.255">
    <system-out><![CDATA[2023-01-12 11:56:09.650 &amp#27;[32m INFO&amp#27;[m &amp#27;[35m[@534 - main]&amp#27;[m &amp#27;[36mcom.shaft.tools.io.ReportManager&amp#27;[m : 
################################################################################################################################################
Starting Execution:	"10 out of 56" test cases in the current suite
Test Method:		"SteeringCompanyAPI_TestCases.Test_Policies_Cases.Add_Policy_With_Missing_Keys_TC"
Test Description:	"TC050 - Perform Add Policy with Missing Keys"
################################################################################################################################################
2023-01-12 11:56:09.652 &amp#27;[32m INFO&amp#27;[m &amp#27;[35m[@503 - main]&amp#27;[m &amp#27;[36mcom.shaft.tools.io.ReportManager&amp#27;[m : File Action "DoesFileExist" successfully performed. With the following test data "File Path: "SteeringCompanyAPI_TestData/SteeringCompanyAPI_TestData.xlsx"".
2023-01-12 11:56:09.690 &amp#27;[32m INFO&amp#27;[m &amp#27;[35m[@503 - main]&amp#27;[m &amp#27;[36mcom.shaft.tools.io.ReportManager&amp#27;[m : Successfully created attachment "Test Data - Excel"
2023-01-12 11:56:10.291 &amp#27;[32m INFO&amp#27;[m &amp#27;[35m[@503 - main]&amp#27;[m &amp#27;[36mcom.shaft.tools.io.ReportManager&amp#27;[m : Response status code: "200", status line: "HTTP/1.1 200 OK"
2023-01-12 11:56:10.319 &amp#27;[32m INFO&amp#27;[m &amp#27;[35m[@503 - main]&amp#27;[m &amp#27;[36mcom.shaft.tools.io.ReportManager&amp#27;[m : Successfully created attachment "API Request - Specifications"
2023-01-12 11:56:10.321 &amp#27;[32m INFO&amp#27;[m &amp#27;[35m[@503 - main]&amp#27;[m &amp#27;[36mcom.shaft.tools.io.ReportManager&amp#27;[m : Successfully created attachment "API Request - Body"
2023-01-12 11:56:10.322 &amp#27;[32m INFO&amp#27;[m &amp#27;[35m[@503 - main]&amp#27;[m &amp#27;[36mcom.shaft.tools.io.ReportManager&amp#27;[m : Successfully created attachment "API Response - JSON Body"
2023-01-12 11:56:10.346 &amp#27;[32m INFO&amp#27;[m &amp#27;[35m[@503 - main]&amp#27;[m &amp#27;[36mcom.shaft.tools.io.ReportManager&amp#27;[m : File Action "DoesFileExist" successfully performed. With the following test data "File Path: "SteeringCompanyAPI_TestData/SteeringCompanyAPI_TestData.xlsx"".
2023-01-12 11:56:10.386 &amp#27;[32m INFO&amp#27;[m &amp#27;[35m[@503 - main]&amp#27;[m &amp#27;[36mcom.shaft.tools.io.ReportManager&amp#27;[m : Successfully created attachment "Test Data - Excel"
2023-01-12 11:56:10.871 &amp#27;[32m INFO&amp#27;[m &amp#27;[35m[@503 - main]&amp#27;[m &amp#27;[36mcom.shaft.tools.io.ReportManager&amp#27;[m : Response status code: "422", status line: "HTTP/1.1 422 "
2023-01-12 11:56:10.885 &amp#27;[32m INFO&amp#27;[m &amp#27;[35m[@503 - main]&amp#27;[m &amp#27;[36mcom.shaft.tools.io.ReportManager&amp#27;[m : Successfully created attachment "API Request - Specifications"
2023-01-12 11:56:10.887 &amp#27;[32m INFO&amp#27;[m &amp#27;[35m[@503 - main]&amp#27;[m &amp#27;[36mcom.shaft.tools.io.ReportManager&amp#27;[m : Successfully created attachment "API Request - JSON Body"
2023-01-12 11:56:10.888 &amp#27;[32m INFO&amp#27;[m &amp#27;[35m[@503 - main]&amp#27;[m &amp#27;[36mcom.shaft.tools.io.ReportManager&amp#27;[m : Successfully created attachment "API Response - JSON Body"
2023-01-12 11:56:10.890 &amp#27;[32m INFO&amp#27;[m &amp#27;[35m[@503 - main]&amp#27;[m &amp#27;[36mcom.shaft.tools.io.ReportManager&amp#27;[m : File Action "DoesFileExist" successfully performed. With the following test data "File Path: "Schemas/ValidationError_schema.json"".
2023-01-12 11:56:10.891 &amp#27;[32m INFO&amp#27;[m &amp#27;[35m[@503 - main]&amp#27;[m &amp#27;[36mcom.shaft.tools.io.ReportManager&amp#27;[m : File Action "DoesFileExist" successfully performed. With the following test data "File Path: "src/test/resources/testDataFiles/Schemas/ValidationError_schema.json"".
2023-01-12 11:56:10.891 &amp#27;[32m INFO&amp#27;[m &amp#27;[35m[@503 - main]&amp#27;[m &amp#27;[36mcom.shaft.tools.io.ReportManager&amp#27;[m : File Action "GetAbsolutePath" successfully performed. With the following test data "Relative Folder Path: "src/test/resources/testDataFiles/Schemas/ValidationError_schema.json"".
2023-01-12 11:56:10.895 &amp#27;[32m INFO&amp#27;[m &amp#27;[35m[@503 - main]&amp#27;[m &amp#27;[36mcom.shaft.tools.io.ReportManager&amp#27;[m : File Action "DoesFileExist" successfully performed. With the following test data "File Path: "C:\eclipse-workspace\MyProjects\TASystemsAPIs\src\test\resources\testDataFiles\Schemas\ValidationError_schema.json"".
2023-01-12 11:56:10.896 &amp#27;[32m INFO&amp#27;[m &amp#27;[35m[@503 - main]&amp#27;[m &amp#27;[36mcom.shaft.tools.io.ReportManager&amp#27;[m : File Action "GetAbsolutePath" successfully performed. With the following test data "Relative Folder Path: "C:\eclipse-workspace\MyProjects\TASystemsAPIs\src\test\resources\testDataFiles\Schemas\ValidationError_schema.json"".
2023-01-12 11:56:10.896 &amp#27;[32m INFO&amp#27;[m &amp#27;[35m[@503 - main]&amp#27;[m &amp#27;[36mcom.shaft.tools.io.ReportManager&amp#27;[m : File Action "ReadFile" successfully performed. With the following test data "File Path: "C:\eclipse-workspace\MyProjects\TASystemsAPIs\src\test\resources\testDataFiles\Schemas\ValidationError_schema.json"".
2023-01-12 11:56:10.898 &amp#27;[32m INFO&amp#27;[m &amp#27;[35m[@503 - main]&amp#27;[m &amp#27;[36mcom.shaft.tools.io.ReportManager&amp#27;[m : Successfully created attachment "Validation Test Data - Expected JSON Value"
2023-01-12 11:56:10.899 &amp#27;[32m INFO&amp#27;[m &amp#27;[35m[@503 - main]&amp#27;[m &amp#27;[36mcom.shaft.tools.io.ReportManager&amp#27;[m : Successfully created attachment "Validation Test Data - Actual JSON Value"
2023-01-12 11:56:10.900 &amp#27;[32m INFO&amp#27;[m &amp#27;[35m[@503 - main]&amp#27;[m &amp#27;[36mcom.shaft.tools.io.ReportManager&amp#27;[m : Successfully created attachment "SHAFT Engine Logs - Current Method log: Add_Policy_With_Missing_Keys_TC"
]]></system-out>
  </testcase>
  <testcase name="Add_Policy_With_Missing_Keys_TC[[Ljava.lang.Object;@64fc2612](9)" classname="SteeringCompanyAPI_TestCases.Test_Policies_Cases" time="1.229">
    <system-out><![CDATA[2023-01-12 11:56:10.902 &amp#27;[32m INFO&amp#27;[m &amp#27;[35m[@534 - main]&amp#27;[m &amp#27;[36mcom.shaft.tools.io.ReportManager&amp#27;[m : 
################################################################################################################################################
Starting Execution:	"11 out of 56" test cases in the current suite
Test Method:		"SteeringCompanyAPI_TestCases.Test_Policies_Cases.Add_Policy_With_Missing_Keys_TC"
Test Description:	"TC050 - Perform Add Policy with Missing Keys"
################################################################################################################################################
2023-01-12 11:56:10.903 &amp#27;[32m INFO&amp#27;[m &amp#27;[35m[@503 - main]&amp#27;[m &amp#27;[36mcom.shaft.tools.io.ReportManager&amp#27;[m : File Action "DoesFileExist" successfully performed. With the following test data "File Path: "SteeringCompanyAPI_TestData/SteeringCompanyAPI_TestData.xlsx"".
2023-01-12 11:56:10.930 &amp#27;[32m INFO&amp#27;[m &amp#27;[35m[@503 - main]&amp#27;[m &amp#27;[36mcom.shaft.tools.io.ReportManager&amp#27;[m : Successfully created attachment "Test Data - Excel"
2023-01-12 11:56:11.531 &amp#27;[32m INFO&amp#27;[m &amp#27;[35m[@503 - main]&amp#27;[m &amp#27;[36mcom.shaft.tools.io.ReportManager&amp#27;[m : Response status code: "200", status line: "HTTP/1.1 200 OK"
2023-01-12 11:56:11.565 &amp#27;[32m INFO&amp#27;[m &amp#27;[35m[@503 - main]&amp#27;[m &amp#27;[36mcom.shaft.tools.io.ReportManager&amp#27;[m : Successfully created attachment "API Request - Specifications"
2023-01-12 11:56:11.567 &amp#27;[32m INFO&amp#27;[m &amp#27;[35m[@503 - main]&amp#27;[m &amp#27;[36mcom.shaft.tools.io.ReportManager&amp#27;[m : Successfully created attachment "API Request - Body"
2023-01-12 11:56:11.569 &amp#27;[32m INFO&amp#27;[m &amp#27;[35m[@503 - main]&amp#27;[m &amp#27;[36mcom.shaft.tools.io.ReportManager&amp#27;[m : Successfully created attachment "API Response - JSON Body"
2023-01-12 11:56:11.594 &amp#27;[32m INFO&amp#27;[m &amp#27;[35m[@503 - main]&amp#27;[m &amp#27;[36mcom.shaft.tools.io.ReportManager&amp#27;[m : File Action "DoesFileExist" successfully performed. With the following test data "File Path: "SteeringCompanyAPI_TestData/SteeringCompanyAPI_TestData.xlsx"".
2023-01-12 11:56:11.623 &amp#27;[32m INFO&amp#27;[m &amp#27;[35m[@503 - main]&amp#27;[m &amp#27;[36mcom.shaft.tools.io.ReportManager&amp#27;[m : Successfully created attachment "Test Data - Excel"
2023-01-12 11:56:12.081 &amp#27;[32m INFO&amp#27;[m &amp#27;[35m[@503 - main]&amp#27;[m &amp#27;[36mcom.shaft.tools.io.ReportManager&amp#27;[m : Response status code: "422", status line: "HTTP/1.1 422 "
2023-01-12 11:56:12.109 &amp#27;[32m INFO&amp#27;[m &amp#27;[35m[@503 - main]&amp#27;[m &amp#27;[36mcom.shaft.tools.io.ReportManager&amp#27;[m : Successfully created attachment "API Request - Specifications"
2023-01-12 11:56:12.112 &amp#27;[32m INFO&amp#27;[m &amp#27;[35m[@503 - main]&amp#27;[m &amp#27;[36mcom.shaft.tools.io.ReportManager&amp#27;[m : Successfully created attachment "API Request - JSON Body"
2023-01-12 11:56:12.113 &amp#27;[32m INFO&amp#27;[m &amp#27;[35m[@503 - main]&amp#27;[m &amp#27;[36mcom.shaft.tools.io.ReportManager&amp#27;[m : Successfully created attachment "API Response - JSON Body"
2023-01-12 11:56:12.116 &amp#27;[32m INFO&amp#27;[m &amp#27;[35m[@503 - main]&amp#27;[m &amp#27;[36mcom.shaft.tools.io.ReportManager&amp#27;[m : File Action "DoesFileExist" successfully performed. With the following test data "File Path: "Schemas/ValidationError_schema.json"".
2023-01-12 11:56:12.117 &amp#27;[32m INFO&amp#27;[m &amp#27;[35m[@503 - main]&amp#27;[m &amp#27;[36mcom.shaft.tools.io.ReportManager&amp#27;[m : File Action "DoesFileExist" successfully performed. With the following test data "File Path: "src/test/resources/testDataFiles/Schemas/ValidationError_schema.json"".
2023-01-12 11:56:12.118 &amp#27;[32m INFO&amp#27;[m &amp#27;[35m[@503 - main]&amp#27;[m &amp#27;[36mcom.shaft.tools.io.ReportManager&amp#27;[m : File Action "GetAbsolutePath" successfully performed. With the following test data "Relative Folder Path: "src/test/resources/testDataFiles/Schemas/ValidationError_schema.json"".
2023-01-12 11:56:12.124 &amp#27;[32m INFO&amp#27;[m &amp#27;[35m[@503 - main]&amp#27;[m &amp#27;[36mcom.shaft.tools.io.ReportManager&amp#27;[m : File Action "DoesFileExist" successfully performed. With the following test data "File Path: "C:\eclipse-workspace\MyProjects\TASystemsAPIs\src\test\resources\testDataFiles\Schemas\ValidationError_schema.json"".
2023-01-12 11:56:12.124 &amp#27;[32m INFO&amp#27;[m &amp#27;[35m[@503 - main]&amp#27;[m &amp#27;[36mcom.shaft.tools.io.ReportManager&amp#27;[m : File Action "GetAbsolutePath" successfully performed. With the following test data "Relative Folder Path: "C:\eclipse-workspace\MyProjects\TASystemsAPIs\src\test\resources\testDataFiles\Schemas\ValidationError_schema.json"".
2023-01-12 11:56:12.125 &amp#27;[32m INFO&amp#27;[m &amp#27;[35m[@503 - main]&amp#27;[m &amp#27;[36mcom.shaft.tools.io.ReportManager&amp#27;[m : File Action "ReadFile" successfully performed. With the following test data "File Path: "C:\eclipse-workspace\MyProjects\TASystemsAPIs\src\test\resources\testDataFiles\Schemas\ValidationError_schema.json"".
2023-01-12 11:56:12.127 &amp#27;[32m INFO&amp#27;[m &amp#27;[35m[@503 - main]&amp#27;[m &amp#27;[36mcom.shaft.tools.io.ReportManager&amp#27;[m : Successfully created attachment "Validation Test Data - Expected JSON Value"
2023-01-12 11:56:12.128 &amp#27;[32m INFO&amp#27;[m &amp#27;[35m[@503 - main]&amp#27;[m &amp#27;[36mcom.shaft.tools.io.ReportManager&amp#27;[m : Successfully created attachment "Validation Test Data - Actual JSON Value"
2023-01-12 11:56:12.129 &amp#27;[32m INFO&amp#27;[m &amp#27;[35m[@503 - main]&amp#27;[m &amp#27;[36mcom.shaft.tools.io.ReportManager&amp#27;[m : Successfully created attachment "SHAFT Engine Logs - Current Method log: Add_Policy_With_Missing_Keys_TC"
]]></system-out>
  </testcase>
  <testcase name="Add_Policy_With_Missing_Keys_TC[[Ljava.lang.Object;@16716806](10)" classname="SteeringCompanyAPI_TestCases.Test_Policies_Cases" time="1.229">
    <system-out><![CDATA[2023-01-12 11:56:12.134 &amp#27;[32m INFO&amp#27;[m &amp#27;[35m[@534 - main]&amp#27;[m &amp#27;[36mcom.shaft.tools.io.ReportManager&amp#27;[m : 
################################################################################################################################################
Starting Execution:	"12 out of 56" test cases in the current suite
Test Method:		"SteeringCompanyAPI_TestCases.Test_Policies_Cases.Add_Policy_With_Missing_Keys_TC"
Test Description:	"TC050 - Perform Add Policy with Missing Keys"
################################################################################################################################################
2023-01-12 11:56:12.135 &amp#27;[32m INFO&amp#27;[m &amp#27;[35m[@503 - main]&amp#27;[m &amp#27;[36mcom.shaft.tools.io.ReportManager&amp#27;[m : File Action "DoesFileExist" successfully performed. With the following test data "File Path: "SteeringCompanyAPI_TestData/SteeringCompanyAPI_TestData.xlsx"".
2023-01-12 11:56:12.161 &amp#27;[32m INFO&amp#27;[m &amp#27;[35m[@503 - main]&amp#27;[m &amp#27;[36mcom.shaft.tools.io.ReportManager&amp#27;[m : Successfully created attachment "Test Data - Excel"
2023-01-12 11:56:12.739 &amp#27;[32m INFO&amp#27;[m &amp#27;[35m[@503 - main]&amp#27;[m &amp#27;[36mcom.shaft.tools.io.ReportManager&amp#27;[m : Response status code: "200", status line: "HTTP/1.1 200 OK"
2023-01-12 11:56:12.767 &amp#27;[32m INFO&amp#27;[m &amp#27;[35m[@503 - main]&amp#27;[m &amp#27;[36mcom.shaft.tools.io.ReportManager&amp#27;[m : Successfully created attachment "API Request - Specifications"
2023-01-12 11:56:12.768 &amp#27;[32m INFO&amp#27;[m &amp#27;[35m[@503 - main]&amp#27;[m &amp#27;[36mcom.shaft.tools.io.ReportManager&amp#27;[m : Successfully created attachment "API Request - Body"
2023-01-12 11:56:12.773 &amp#27;[32m INFO&amp#27;[m &amp#27;[35m[@503 - main]&amp#27;[m &amp#27;[36mcom.shaft.tools.io.ReportManager&amp#27;[m : Successfully created attachment "API Response - JSON Body"
2023-01-12 11:56:12.795 &amp#27;[32m INFO&amp#27;[m &amp#27;[35m[@503 - main]&amp#27;[m &amp#27;[36mcom.shaft.tools.io.ReportManager&amp#27;[m : File Action "DoesFileExist" successfully performed. With the following test data "File Path: "SteeringCompanyAPI_TestData/SteeringCompanyAPI_TestData.xlsx"".
2023-01-12 11:56:12.830 &amp#27;[32m INFO&amp#27;[m &amp#27;[35m[@503 - main]&amp#27;[m &amp#27;[36mcom.shaft.tools.io.ReportManager&amp#27;[m : Successfully created attachment "Test Data - Excel"
2023-01-12 11:56:13.305 &amp#27;[32m INFO&amp#27;[m &amp#27;[35m[@503 - main]&amp#27;[m &amp#27;[36mcom.shaft.tools.io.ReportManager&amp#27;[m : Response status code: "422", status line: "HTTP/1.1 422 "
2023-01-12 11:56:13.338 &amp#27;[32m INFO&amp#27;[m &amp#27;[35m[@503 - main]&amp#27;[m &amp#27;[36mcom.shaft.tools.io.ReportManager&amp#27;[m : Successfully created attachment "API Request - Specifications"
2023-01-12 11:56:13.339 &amp#27;[32m INFO&amp#27;[m &amp#27;[35m[@503 - main]&amp#27;[m &amp#27;[36mcom.shaft.tools.io.ReportManager&amp#27;[m : Successfully created attachment "API Request - JSON Body"
2023-01-12 11:56:13.340 &amp#27;[32m INFO&amp#27;[m &amp#27;[35m[@503 - main]&amp#27;[m &amp#27;[36mcom.shaft.tools.io.ReportManager&amp#27;[m : Successfully created attachment "API Response - JSON Body"
2023-01-12 11:56:13.342 &amp#27;[32m INFO&amp#27;[m &amp#27;[35m[@503 - main]&amp#27;[m &amp#27;[36mcom.shaft.tools.io.ReportManager&amp#27;[m : File Action "DoesFileExist" successfully performed. With the following test data "File Path: "Schemas/ValidationError_schema.json"".
2023-01-12 11:56:13.343 &amp#27;[32m INFO&amp#27;[m &amp#27;[35m[@503 - main]&amp#27;[m &amp#27;[36mcom.shaft.tools.io.ReportManager&amp#27;[m : File Action "DoesFileExist" successfully performed. With the following test data "File Path: "src/test/resources/testDataFiles/Schemas/ValidationError_schema.json"".
2023-01-12 11:56:13.344 &amp#27;[32m INFO&amp#27;[m &amp#27;[35m[@503 - main]&amp#27;[m &amp#27;[36mcom.shaft.tools.io.ReportManager&amp#27;[m : File Action "GetAbsolutePath" successfully performed. With the following test data "Relative Folder Path: "src/test/resources/testDataFiles/Schemas/ValidationError_schema.json"".
2023-01-12 11:56:13.353 &amp#27;[32m INFO&amp#27;[m &amp#27;[35m[@503 - main]&amp#27;[m &amp#27;[36mcom.shaft.tools.io.ReportManager&amp#27;[m : File Action "DoesFileExist" successfully performed. With the following test data "File Path: "C:\eclipse-workspace\MyProjects\TASystemsAPIs\src\test\resources\testDataFiles\Schemas\ValidationError_schema.json"".
2023-01-12 11:56:13.353 &amp#27;[32m INFO&amp#27;[m &amp#27;[35m[@503 - main]&amp#27;[m &amp#27;[36mcom.shaft.tools.io.ReportManager&amp#27;[m : File Action "GetAbsolutePath" successfully performed. With the following test data "Relative Folder Path: "C:\eclipse-workspace\MyProjects\TASystemsAPIs\src\test\resources\testDataFiles\Schemas\ValidationError_schema.json"".
2023-01-12 11:56:13.354 &amp#27;[32m INFO&amp#27;[m &amp#27;[35m[@503 - main]&amp#27;[m &amp#27;[36mcom.shaft.tools.io.ReportManager&amp#27;[m : File Action "ReadFile" successfully performed. With the following test data "File Path: "C:\eclipse-workspace\MyProjects\TASystemsAPIs\src\test\resources\testDataFiles\Schemas\ValidationError_schema.json"".
2023-01-12 11:56:13.356 &amp#27;[32m INFO&amp#27;[m &amp#27;[35m[@503 - main]&amp#27;[m &amp#27;[36mcom.shaft.tools.io.ReportManager&amp#27;[m : Successfully created attachment "Validation Test Data - Expected JSON Value"
2023-01-12 11:56:13.357 &amp#27;[32m INFO&amp#27;[m &amp#27;[35m[@503 - main]&amp#27;[m &amp#27;[36mcom.shaft.tools.io.ReportManager&amp#27;[m : Successfully created attachment "Validation Test Data - Actual JSON Value"
2023-01-12 11:56:13.359 &amp#27;[32m INFO&amp#27;[m &amp#27;[35m[@503 - main]&amp#27;[m &amp#27;[36mcom.shaft.tools.io.ReportManager&amp#27;[m : Successfully created attachment "SHAFT Engine Logs - Current Method log: Add_Policy_With_Missing_Keys_TC"
]]></system-out>
  </testcase>
  <testcase name="Add_Policy_With_Missing_Keys_TC[[Ljava.lang.Object;@4aecb548](11)" classname="SteeringCompanyAPI_TestCases.Test_Policies_Cases" time="1.269">
    <system-out><![CDATA[2023-01-12 11:56:13.363 &amp#27;[32m INFO&amp#27;[m &amp#27;[35m[@534 - main]&amp#27;[m &amp#27;[36mcom.shaft.tools.io.ReportManager&amp#27;[m : 
################################################################################################################################################
Starting Execution:	"13 out of 56" test cases in the current suite
Test Method:		"SteeringCompanyAPI_TestCases.Test_Policies_Cases.Add_Policy_With_Missing_Keys_TC"
Test Description:	"TC050 - Perform Add Policy with Missing Keys"
################################################################################################################################################
2023-01-12 11:56:13.365 &amp#27;[32m INFO&amp#27;[m &amp#27;[35m[@503 - main]&amp#27;[m &amp#27;[36mcom.shaft.tools.io.ReportManager&amp#27;[m : File Action "DoesFileExist" successfully performed. With the following test data "File Path: "SteeringCompanyAPI_TestData/SteeringCompanyAPI_TestData.xlsx"".
2023-01-12 11:56:13.399 &amp#27;[32m INFO&amp#27;[m &amp#27;[35m[@503 - main]&amp#27;[m &amp#27;[36mcom.shaft.tools.io.ReportManager&amp#27;[m : Successfully created attachment "Test Data - Excel"
2023-01-12 11:56:14.015 &amp#27;[32m INFO&amp#27;[m &amp#27;[35m[@503 - main]&amp#27;[m &amp#27;[36mcom.shaft.tools.io.ReportManager&amp#27;[m : Response status code: "200", status line: "HTTP/1.1 200 OK"
2023-01-12 11:56:14.045 &amp#27;[32m INFO&amp#27;[m &amp#27;[35m[@503 - main]&amp#27;[m &amp#27;[36mcom.shaft.tools.io.ReportManager&amp#27;[m : Successfully created attachment "API Request - Specifications"
2023-01-12 11:56:14.047 &amp#27;[32m INFO&amp#27;[m &amp#27;[35m[@503 - main]&amp#27;[m &amp#27;[36mcom.shaft.tools.io.ReportManager&amp#27;[m : Successfully created attachment "API Request - Body"
2023-01-12 11:56:14.050 &amp#27;[32m INFO&amp#27;[m &amp#27;[35m[@503 - main]&amp#27;[m &amp#27;[36mcom.shaft.tools.io.ReportManager&amp#27;[m : Successfully created attachment "API Response - JSON Body"
2023-01-12 11:56:14.072 &amp#27;[32m INFO&amp#27;[m &amp#27;[35m[@503 - main]&amp#27;[m &amp#27;[36mcom.shaft.tools.io.ReportManager&amp#27;[m : File Action "DoesFileExist" successfully performed. With the following test data "File Path: "SteeringCompanyAPI_TestData/SteeringCompanyAPI_TestData.xlsx"".
2023-01-12 11:56:14.108 &amp#27;[32m INFO&amp#27;[m &amp#27;[35m[@503 - main]&amp#27;[m &amp#27;[36mcom.shaft.tools.io.ReportManager&amp#27;[m : Successfully created attachment "Test Data - Excel"
2023-01-12 11:56:14.576 &amp#27;[32m INFO&amp#27;[m &amp#27;[35m[@503 - main]&amp#27;[m &amp#27;[36mcom.shaft.tools.io.ReportManager&amp#27;[m : Response status code: "422", status line: "HTTP/1.1 422 "
2023-01-12 11:56:14.604 &amp#27;[32m INFO&amp#27;[m &amp#27;[35m[@503 - main]&amp#27;[m &amp#27;[36mcom.shaft.tools.io.ReportManager&amp#27;[m : Successfully created attachment "API Request - Specifications"
2023-01-12 11:56:14.607 &amp#27;[32m INFO&amp#27;[m &amp#27;[35m[@503 - main]&amp#27;[m &amp#27;[36mcom.shaft.tools.io.ReportManager&amp#27;[m : Successfully created attachment "API Request - JSON Body"
2023-01-12 11:56:14.609 &amp#27;[32m INFO&amp#27;[m &amp#27;[35m[@503 - main]&amp#27;[m &amp#27;[36mcom.shaft.tools.io.ReportManager&amp#27;[m : Successfully created attachment "API Response - JSON Body"
2023-01-12 11:56:14.612 &amp#27;[32m INFO&amp#27;[m &amp#27;[35m[@503 - main]&amp#27;[m &amp#27;[36mcom.shaft.tools.io.ReportManager&amp#27;[m : File Action "DoesFileExist" successfully performed. With the following test data "File Path: "Schemas/ValidationError_schema.json"".
2023-01-12 11:56:14.612 &amp#27;[32m INFO&amp#27;[m &amp#27;[35m[@503 - main]&amp#27;[m &amp#27;[36mcom.shaft.tools.io.ReportManager&amp#27;[m : File Action "DoesFileExist" successfully performed. With the following test data "File Path: "src/test/resources/testDataFiles/Schemas/ValidationError_schema.json"".
2023-01-12 11:56:14.612 &amp#27;[32m INFO&amp#27;[m &amp#27;[35m[@503 - main]&amp#27;[m &amp#27;[36mcom.shaft.tools.io.ReportManager&amp#27;[m : File Action "GetAbsolutePath" successfully performed. With the following test data "Relative Folder Path: "src/test/resources/testDataFiles/Schemas/ValidationError_schema.json"".
2023-01-12 11:56:14.619 &amp#27;[32m INFO&amp#27;[m &amp#27;[35m[@503 - main]&amp#27;[m &amp#27;[36mcom.shaft.tools.io.ReportManager&amp#27;[m : File Action "DoesFileExist" successfully performed. With the following test data "File Path: "C:\eclipse-workspace\MyProjects\TASystemsAPIs\src\test\resources\testDataFiles\Schemas\ValidationError_schema.json"".
2023-01-12 11:56:14.619 &amp#27;[32m INFO&amp#27;[m &amp#27;[35m[@503 - main]&amp#27;[m &amp#27;[36mcom.shaft.tools.io.ReportManager&amp#27;[m : File Action "GetAbsolutePath" successfully performed. With the following test data "Relative Folder Path: "C:\eclipse-workspace\MyProjects\TASystemsAPIs\src\test\resources\testDataFiles\Schemas\ValidationError_schema.json"".
2023-01-12 11:56:14.620 &amp#27;[32m INFO&amp#27;[m &amp#27;[35m[@503 - main]&amp#27;[m &amp#27;[36mcom.shaft.tools.io.ReportManager&amp#27;[m : File Action "ReadFile" successfully performed. With the following test data "File Path: "C:\eclipse-workspace\MyProjects\TASystemsAPIs\src\test\resources\testDataFiles\Schemas\ValidationError_schema.json"".
2023-01-12 11:56:14.623 &amp#27;[32m INFO&amp#27;[m &amp#27;[35m[@503 - main]&amp#27;[m &amp#27;[36mcom.shaft.tools.io.ReportManager&amp#27;[m : Successfully created attachment "Validation Test Data - Expected JSON Value"
2023-01-12 11:56:14.625 &amp#27;[32m INFO&amp#27;[m &amp#27;[35m[@503 - main]&amp#27;[m &amp#27;[36mcom.shaft.tools.io.ReportManager&amp#27;[m : Successfully created attachment "Validation Test Data - Actual JSON Value"
2023-01-12 11:56:14.627 &amp#27;[32m INFO&amp#27;[m &amp#27;[35m[@503 - main]&amp#27;[m &amp#27;[36mcom.shaft.tools.io.ReportManager&amp#27;[m : Successfully created attachment "SHAFT Engine Logs - Current Method log: Add_Policy_With_Missing_Keys_TC"
]]></system-out>
  </testcase>
  <testcase name="Add_Policy_With_Missing_Keys_TC[[Ljava.lang.Object;@4757e01](12)" classname="SteeringCompanyAPI_TestCases.Test_Policies_Cases" time="1.298">
    <system-out><![CDATA[2023-01-12 11:56:14.631 &amp#27;[32m INFO&amp#27;[m &amp#27;[35m[@534 - main]&amp#27;[m &amp#27;[36mcom.shaft.tools.io.ReportManager&amp#27;[m : 
################################################################################################################################################
Starting Execution:	"14 out of 56" test cases in the current suite
Test Method:		"SteeringCompanyAPI_TestCases.Test_Policies_Cases.Add_Policy_With_Missing_Keys_TC"
Test Description:	"TC050 - Perform Add Policy with Missing Keys"
################################################################################################################################################
2023-01-12 11:56:14.632 &amp#27;[32m INFO&amp#27;[m &amp#27;[35m[@503 - main]&amp#27;[m &amp#27;[36mcom.shaft.tools.io.ReportManager&amp#27;[m : File Action "DoesFileExist" successfully performed. With the following test data "File Path: "SteeringCompanyAPI_TestData/SteeringCompanyAPI_TestData.xlsx"".
2023-01-12 11:56:14.664 &amp#27;[32m INFO&amp#27;[m &amp#27;[35m[@503 - main]&amp#27;[m &amp#27;[36mcom.shaft.tools.io.ReportManager&amp#27;[m : Successfully created attachment "Test Data - Excel"
2023-01-12 11:56:15.272 &amp#27;[32m INFO&amp#27;[m &amp#27;[35m[@503 - main]&amp#27;[m &amp#27;[36mcom.shaft.tools.io.ReportManager&amp#27;[m : Response status code: "200", status line: "HTTP/1.1 200 OK"
2023-01-12 11:56:15.306 &amp#27;[32m INFO&amp#27;[m &amp#27;[35m[@503 - main]&amp#27;[m &amp#27;[36mcom.shaft.tools.io.ReportManager&amp#27;[m : Successfully created attachment "API Request - Specifications"
2023-01-12 11:56:15.308 &amp#27;[32m INFO&amp#27;[m &amp#27;[35m[@503 - main]&amp#27;[m &amp#27;[36mcom.shaft.tools.io.ReportManager&amp#27;[m : Successfully created attachment "API Request - Body"
2023-01-12 11:56:15.311 &amp#27;[32m INFO&amp#27;[m &amp#27;[35m[@503 - main]&amp#27;[m &amp#27;[36mcom.shaft.tools.io.ReportManager&amp#27;[m : Successfully created attachment "API Response - JSON Body"
2023-01-12 11:56:15.341 &amp#27;[32m INFO&amp#27;[m &amp#27;[35m[@503 - main]&amp#27;[m &amp#27;[36mcom.shaft.tools.io.ReportManager&amp#27;[m : File Action "DoesFileExist" successfully performed. With the following test data "File Path: "SteeringCompanyAPI_TestData/SteeringCompanyAPI_TestData.xlsx"".
2023-01-12 11:56:15.369 &amp#27;[32m INFO&amp#27;[m &amp#27;[35m[@503 - main]&amp#27;[m &amp#27;[36mcom.shaft.tools.io.ReportManager&amp#27;[m : Successfully created attachment "Test Data - Excel"
2023-01-12 11:56:15.863 &amp#27;[32m INFO&amp#27;[m &amp#27;[35m[@503 - main]&amp#27;[m &amp#27;[36mcom.shaft.tools.io.ReportManager&amp#27;[m : Response status code: "422", status line: "HTTP/1.1 422 "
2023-01-12 11:56:15.897 &amp#27;[32m INFO&amp#27;[m &amp#27;[35m[@503 - main]&amp#27;[m &amp#27;[36mcom.shaft.tools.io.ReportManager&amp#27;[m : Successfully created attachment "API Request - Specifications"
2023-01-12 11:56:15.899 &amp#27;[32m INFO&amp#27;[m &amp#27;[35m[@503 - main]&amp#27;[m &amp#27;[36mcom.shaft.tools.io.ReportManager&amp#27;[m : Successfully created attachment "API Request - JSON Body"
2023-01-12 11:56:15.901 &amp#27;[32m INFO&amp#27;[m &amp#27;[35m[@503 - main]&amp#27;[m &amp#27;[36mcom.shaft.tools.io.ReportManager&amp#27;[m : Successfully created attachment "API Response - JSON Body"
2023-01-12 11:56:15.904 &amp#27;[32m INFO&amp#27;[m &amp#27;[35m[@503 - main]&amp#27;[m &amp#27;[36mcom.shaft.tools.io.ReportManager&amp#27;[m : File Action "DoesFileExist" successfully performed. With the following test data "File Path: "Schemas/ValidationError_schema.json"".
2023-01-12 11:56:15.905 &amp#27;[32m INFO&amp#27;[m &amp#27;[35m[@503 - main]&amp#27;[m &amp#27;[36mcom.shaft.tools.io.ReportManager&amp#27;[m : File Action "DoesFileExist" successfully performed. With the following test data "File Path: "src/test/resources/testDataFiles/Schemas/ValidationError_schema.json"".
2023-01-12 11:56:15.905 &amp#27;[32m INFO&amp#27;[m &amp#27;[35m[@503 - main]&amp#27;[m &amp#27;[36mcom.shaft.tools.io.ReportManager&amp#27;[m : File Action "GetAbsolutePath" successfully performed. With the following test data "Relative Folder Path: "src/test/resources/testDataFiles/Schemas/ValidationError_schema.json"".
2023-01-12 11:56:15.916 &amp#27;[32m INFO&amp#27;[m &amp#27;[35m[@503 - main]&amp#27;[m &amp#27;[36mcom.shaft.tools.io.ReportManager&amp#27;[m : File Action "DoesFileExist" successfully performed. With the following test data "File Path: "C:\eclipse-workspace\MyProjects\TASystemsAPIs\src\test\resources\testDataFiles\Schemas\ValidationError_schema.json"".
2023-01-12 11:56:15.917 &amp#27;[32m INFO&amp#27;[m &amp#27;[35m[@503 - main]&amp#27;[m &amp#27;[36mcom.shaft.tools.io.ReportManager&amp#27;[m : File Action "GetAbsolutePath" successfully performed. With the following test data "Relative Folder Path: "C:\eclipse-workspace\MyProjects\TASystemsAPIs\src\test\resources\testDataFiles\Schemas\ValidationError_schema.json"".
2023-01-12 11:56:15.918 &amp#27;[32m INFO&amp#27;[m &amp#27;[35m[@503 - main]&amp#27;[m &amp#27;[36mcom.shaft.tools.io.ReportManager&amp#27;[m : File Action "ReadFile" successfully performed. With the following test data "File Path: "C:\eclipse-workspace\MyProjects\TASystemsAPIs\src\test\resources\testDataFiles\Schemas\ValidationError_schema.json"".
2023-01-12 11:56:15.920 &amp#27;[32m INFO&amp#27;[m &amp#27;[35m[@503 - main]&amp#27;[m &amp#27;[36mcom.shaft.tools.io.ReportManager&amp#27;[m : Successfully created attachment "Validation Test Data - Expected JSON Value"
2023-01-12 11:56:15.922 &amp#27;[32m INFO&amp#27;[m &amp#27;[35m[@503 - main]&amp#27;[m &amp#27;[36mcom.shaft.tools.io.ReportManager&amp#27;[m : Successfully created attachment "Validation Test Data - Actual JSON Value"
2023-01-12 11:56:15.924 &amp#27;[32m INFO&amp#27;[m &amp#27;[35m[@503 - main]&amp#27;[m &amp#27;[36mcom.shaft.tools.io.ReportManager&amp#27;[m : Successfully created attachment "SHAFT Engine Logs - Current Method log: Add_Policy_With_Missing_Keys_TC"
]]></system-out>
  </testcase>
  <testcase name="Add_Policy_With_Missing_Keys_TC[[Ljava.lang.Object;@5286aa41](13)" classname="SteeringCompanyAPI_TestCases.Test_Policies_Cases" time="1.274">
    <system-out><![CDATA[2023-01-12 11:56:15.932 &amp#27;[32m INFO&amp#27;[m &amp#27;[35m[@534 - main]&amp#27;[m &amp#27;[36mcom.shaft.tools.io.ReportManager&amp#27;[m : 
################################################################################################################################################
Starting Execution:	"15 out of 56" test cases in the current suite
Test Method:		"SteeringCompanyAPI_TestCases.Test_Policies_Cases.Add_Policy_With_Missing_Keys_TC"
Test Description:	"TC050 - Perform Add Policy with Missing Keys"
################################################################################################################################################
2023-01-12 11:56:15.933 &amp#27;[32m INFO&amp#27;[m &amp#27;[35m[@503 - main]&amp#27;[m &amp#27;[36mcom.shaft.tools.io.ReportManager&amp#27;[m : File Action "DoesFileExist" successfully performed. With the following test data "File Path: "SteeringCompanyAPI_TestData/SteeringCompanyAPI_TestData.xlsx"".
2023-01-12 11:56:15.986 &amp#27;[32m INFO&amp#27;[m &amp#27;[35m[@503 - main]&amp#27;[m &amp#27;[36mcom.shaft.tools.io.ReportManager&amp#27;[m : Successfully created attachment "Test Data - Excel"
2023-01-12 11:56:16.593 &amp#27;[32m INFO&amp#27;[m &amp#27;[35m[@503 - main]&amp#27;[m &amp#27;[36mcom.shaft.tools.io.ReportManager&amp#27;[m : Response status code: "200", status line: "HTTP/1.1 200 OK"
2023-01-12 11:56:16.622 &amp#27;[32m INFO&amp#27;[m &amp#27;[35m[@503 - main]&amp#27;[m &amp#27;[36mcom.shaft.tools.io.ReportManager&amp#27;[m : Successfully created attachment "API Request - Specifications"
2023-01-12 11:56:16.624 &amp#27;[32m INFO&amp#27;[m &amp#27;[35m[@503 - main]&amp#27;[m &amp#27;[36mcom.shaft.tools.io.ReportManager&amp#27;[m : Successfully created attachment "API Request - Body"
2023-01-12 11:56:16.626 &amp#27;[32m INFO&amp#27;[m &amp#27;[35m[@503 - main]&amp#27;[m &amp#27;[36mcom.shaft.tools.io.ReportManager&amp#27;[m : Successfully created attachment "API Response - JSON Body"
2023-01-12 11:56:16.648 &amp#27;[32m INFO&amp#27;[m &amp#27;[35m[@503 - main]&amp#27;[m &amp#27;[36mcom.shaft.tools.io.ReportManager&amp#27;[m : File Action "DoesFileExist" successfully performed. With the following test data "File Path: "SteeringCompanyAPI_TestData/SteeringCompanyAPI_TestData.xlsx"".
2023-01-12 11:56:16.688 &amp#27;[32m INFO&amp#27;[m &amp#27;[35m[@503 - main]&amp#27;[m &amp#27;[36mcom.shaft.tools.io.ReportManager&amp#27;[m : Successfully created attachment "Test Data - Excel"
2023-01-12 11:56:17.145 &amp#27;[32m INFO&amp#27;[m &amp#27;[35m[@503 - main]&amp#27;[m &amp#27;[36mcom.shaft.tools.io.ReportManager&amp#27;[m : Response status code: "422", status line: "HTTP/1.1 422 "
2023-01-12 11:56:17.171 &amp#27;[32m INFO&amp#27;[m &amp#27;[35m[@503 - main]&amp#27;[m &amp#27;[36mcom.shaft.tools.io.ReportManager&amp#27;[m : Successfully created attachment "API Request - Specifications"
2023-01-12 11:56:17.174 &amp#27;[32m INFO&amp#27;[m &amp#27;[35m[@503 - main]&amp#27;[m &amp#27;[36mcom.shaft.tools.io.ReportManager&amp#27;[m : Successfully created attachment "API Request - JSON Body"
2023-01-12 11:56:17.175 &amp#27;[32m INFO&amp#27;[m &amp#27;[35m[@503 - main]&amp#27;[m &amp#27;[36mcom.shaft.tools.io.ReportManager&amp#27;[m : Successfully created attachment "API Response - JSON Body"
2023-01-12 11:56:17.178 &amp#27;[32m INFO&amp#27;[m &amp#27;[35m[@503 - main]&amp#27;[m &amp#27;[36mcom.shaft.tools.io.ReportManager&amp#27;[m : File Action "DoesFileExist" successfully performed. With the following test data "File Path: "Schemas/ValidationError_schema.json"".
2023-01-12 11:56:17.179 &amp#27;[32m INFO&amp#27;[m &amp#27;[35m[@503 - main]&amp#27;[m &amp#27;[36mcom.shaft.tools.io.ReportManager&amp#27;[m : File Action "DoesFileExist" successfully performed. With the following test data "File Path: "src/test/resources/testDataFiles/Schemas/ValidationError_schema.json"".
2023-01-12 11:56:17.179 &amp#27;[32m INFO&amp#27;[m &amp#27;[35m[@503 - main]&amp#27;[m &amp#27;[36mcom.shaft.tools.io.ReportManager&amp#27;[m : File Action "GetAbsolutePath" successfully performed. With the following test data "Relative Folder Path: "src/test/resources/testDataFiles/Schemas/ValidationError_schema.json"".
2023-01-12 11:56:17.187 &amp#27;[32m INFO&amp#27;[m &amp#27;[35m[@503 - main]&amp#27;[m &amp#27;[36mcom.shaft.tools.io.ReportManager&amp#27;[m : File Action "DoesFileExist" successfully performed. With the following test data "File Path: "C:\eclipse-workspace\MyProjects\TASystemsAPIs\src\test\resources\testDataFiles\Schemas\ValidationError_schema.json"".
2023-01-12 11:56:17.188 &amp#27;[32m INFO&amp#27;[m &amp#27;[35m[@503 - main]&amp#27;[m &amp#27;[36mcom.shaft.tools.io.ReportManager&amp#27;[m : File Action "GetAbsolutePath" successfully performed. With the following test data "Relative Folder Path: "C:\eclipse-workspace\MyProjects\TASystemsAPIs\src\test\resources\testDataFiles\Schemas\ValidationError_schema.json"".
2023-01-12 11:56:17.189 &amp#27;[32m INFO&amp#27;[m &amp#27;[35m[@503 - main]&amp#27;[m &amp#27;[36mcom.shaft.tools.io.ReportManager&amp#27;[m : File Action "ReadFile" successfully performed. With the following test data "File Path: "C:\eclipse-workspace\MyProjects\TASystemsAPIs\src\test\resources\testDataFiles\Schemas\ValidationError_schema.json"".
2023-01-12 11:56:17.194 &amp#27;[32m INFO&amp#27;[m &amp#27;[35m[@503 - main]&amp#27;[m &amp#27;[36mcom.shaft.tools.io.ReportManager&amp#27;[m : Successfully created attachment "Validation Test Data - Expected JSON Value"
2023-01-12 11:56:17.196 &amp#27;[32m INFO&amp#27;[m &amp#27;[35m[@503 - main]&amp#27;[m &amp#27;[36mcom.shaft.tools.io.ReportManager&amp#27;[m : Successfully created attachment "Validation Test Data - Actual JSON Value"
2023-01-12 11:56:17.198 &amp#27;[32m INFO&amp#27;[m &amp#27;[35m[@503 - main]&amp#27;[m &amp#27;[36mcom.shaft.tools.io.ReportManager&amp#27;[m : Successfully created attachment "SHAFT Engine Logs - Current Method log: Add_Policy_With_Missing_Keys_TC"
]]></system-out>
  </testcase>
  <testcase name="Add_Policy_With_Missing_Keys_TC[[Ljava.lang.Object;@54385172](14)" classname="SteeringCompanyAPI_TestCases.Test_Policies_Cases" time="1.226">
    <system-out><![CDATA[2023-01-12 11:56:17.204 &amp#27;[32m INFO&amp#27;[m &amp#27;[35m[@534 - main]&amp#27;[m &amp#27;[36mcom.shaft.tools.io.ReportManager&amp#27;[m : 
################################################################################################################################################
Starting Execution:	"16 out of 56" test cases in the current suite
Test Method:		"SteeringCompanyAPI_TestCases.Test_Policies_Cases.Add_Policy_With_Missing_Keys_TC"
Test Description:	"TC050 - Perform Add Policy with Missing Keys"
################################################################################################################################################
2023-01-12 11:56:17.205 &amp#27;[32m INFO&amp#27;[m &amp#27;[35m[@503 - main]&amp#27;[m &amp#27;[36mcom.shaft.tools.io.ReportManager&amp#27;[m : File Action "DoesFileExist" successfully performed. With the following test data "File Path: "SteeringCompanyAPI_TestData/SteeringCompanyAPI_TestData.xlsx"".
2023-01-12 11:56:17.231 &amp#27;[32m INFO&amp#27;[m &amp#27;[35m[@503 - main]&amp#27;[m &amp#27;[36mcom.shaft.tools.io.ReportManager&amp#27;[m : Successfully created attachment "Test Data - Excel"
2023-01-12 11:56:17.811 &amp#27;[32m INFO&amp#27;[m &amp#27;[35m[@503 - main]&amp#27;[m &amp#27;[36mcom.shaft.tools.io.ReportManager&amp#27;[m : Response status code: "200", status line: "HTTP/1.1 200 OK"
2023-01-12 11:56:17.846 &amp#27;[32m INFO&amp#27;[m &amp#27;[35m[@503 - main]&amp#27;[m &amp#27;[36mcom.shaft.tools.io.ReportManager&amp#27;[m : Successfully created attachment "API Request - Specifications"
2023-01-12 11:56:17.848 &amp#27;[32m INFO&amp#27;[m &amp#27;[35m[@503 - main]&amp#27;[m &amp#27;[36mcom.shaft.tools.io.ReportManager&amp#27;[m : Successfully created attachment "API Request - Body"
2023-01-12 11:56:17.849 &amp#27;[32m INFO&amp#27;[m &amp#27;[35m[@503 - main]&amp#27;[m &amp#27;[36mcom.shaft.tools.io.ReportManager&amp#27;[m : Successfully created attachment "API Response - JSON Body"
2023-01-12 11:56:17.872 &amp#27;[32m INFO&amp#27;[m &amp#27;[35m[@503 - main]&amp#27;[m &amp#27;[36mcom.shaft.tools.io.ReportManager&amp#27;[m : File Action "DoesFileExist" successfully performed. With the following test data "File Path: "SteeringCompanyAPI_TestData/SteeringCompanyAPI_TestData.xlsx"".
2023-01-12 11:56:17.917 &amp#27;[32m INFO&amp#27;[m &amp#27;[35m[@503 - main]&amp#27;[m &amp#27;[36mcom.shaft.tools.io.ReportManager&amp#27;[m : Successfully created attachment "Test Data - Excel"
2023-01-12 11:56:18.382 &amp#27;[32m INFO&amp#27;[m &amp#27;[35m[@503 - main]&amp#27;[m &amp#27;[36mcom.shaft.tools.io.ReportManager&amp#27;[m : Response status code: "422", status line: "HTTP/1.1 422 "
2023-01-12 11:56:18.403 &amp#27;[32m INFO&amp#27;[m &amp#27;[35m[@503 - main]&amp#27;[m &amp#27;[36mcom.shaft.tools.io.ReportManager&amp#27;[m : Successfully created attachment "API Request - Specifications"
2023-01-12 11:56:18.404 &amp#27;[32m INFO&amp#27;[m &amp#27;[35m[@503 - main]&amp#27;[m &amp#27;[36mcom.shaft.tools.io.ReportManager&amp#27;[m : Successfully created attachment "API Request - JSON Body"
2023-01-12 11:56:18.405 &amp#27;[32m INFO&amp#27;[m &amp#27;[35m[@503 - main]&amp#27;[m &amp#27;[36mcom.shaft.tools.io.ReportManager&amp#27;[m : Successfully created attachment "API Response - JSON Body"
2023-01-12 11:56:18.407 &amp#27;[32m INFO&amp#27;[m &amp#27;[35m[@503 - main]&amp#27;[m &amp#27;[36mcom.shaft.tools.io.ReportManager&amp#27;[m : File Action "DoesFileExist" successfully performed. With the following test data "File Path: "Schemas/ValidationError_schema.json"".
2023-01-12 11:56:18.408 &amp#27;[32m INFO&amp#27;[m &amp#27;[35m[@503 - main]&amp#27;[m &amp#27;[36mcom.shaft.tools.io.ReportManager&amp#27;[m : File Action "DoesFileExist" successfully performed. With the following test data "File Path: "src/test/resources/testDataFiles/Schemas/ValidationError_schema.json"".
2023-01-12 11:56:18.408 &amp#27;[32m INFO&amp#27;[m &amp#27;[35m[@503 - main]&amp#27;[m &amp#27;[36mcom.shaft.tools.io.ReportManager&amp#27;[m : File Action "GetAbsolutePath" successfully performed. With the following test data "Relative Folder Path: "src/test/resources/testDataFiles/Schemas/ValidationError_schema.json"".
2023-01-12 11:56:18.416 &amp#27;[32m INFO&amp#27;[m &amp#27;[35m[@503 - main]&amp#27;[m &amp#27;[36mcom.shaft.tools.io.ReportManager&amp#27;[m : File Action "DoesFileExist" successfully performed. With the following test data "File Path: "C:\eclipse-workspace\MyProjects\TASystemsAPIs\src\test\resources\testDataFiles\Schemas\ValidationError_schema.json"".
2023-01-12 11:56:18.417 &amp#27;[32m INFO&amp#27;[m &amp#27;[35m[@503 - main]&amp#27;[m &amp#27;[36mcom.shaft.tools.io.ReportManager&amp#27;[m : File Action "GetAbsolutePath" successfully performed. With the following test data "Relative Folder Path: "C:\eclipse-workspace\MyProjects\TASystemsAPIs\src\test\resources\testDataFiles\Schemas\ValidationError_schema.json"".
2023-01-12 11:56:18.417 &amp#27;[32m INFO&amp#27;[m &amp#27;[35m[@503 - main]&amp#27;[m &amp#27;[36mcom.shaft.tools.io.ReportManager&amp#27;[m : File Action "ReadFile" successfully performed. With the following test data "File Path: "C:\eclipse-workspace\MyProjects\TASystemsAPIs\src\test\resources\testDataFiles\Schemas\ValidationError_schema.json"".
2023-01-12 11:56:18.419 &amp#27;[32m INFO&amp#27;[m &amp#27;[35m[@503 - main]&amp#27;[m &amp#27;[36mcom.shaft.tools.io.ReportManager&amp#27;[m : Successfully created attachment "Validation Test Data - Expected JSON Value"
2023-01-12 11:56:18.421 &amp#27;[32m INFO&amp#27;[m &amp#27;[35m[@503 - main]&amp#27;[m &amp#27;[36mcom.shaft.tools.io.ReportManager&amp#27;[m : Successfully created attachment "Validation Test Data - Actual JSON Value"
2023-01-12 11:56:18.422 &amp#27;[32m INFO&amp#27;[m &amp#27;[35m[@503 - main]&amp#27;[m &amp#27;[36mcom.shaft.tools.io.ReportManager&amp#27;[m : Successfully created attachment "SHAFT Engine Logs - Current Method log: Add_Policy_With_Missing_Keys_TC"
]]></system-out>
  </testcase>
  <testcase name="Add_Policy_With_Missing_Keys_TC[[Ljava.lang.Object;@2827fbae](15)" classname="SteeringCompanyAPI_TestCases.Test_Policies_Cases" time="1.228">
    <system-out><![CDATA[2023-01-12 11:56:18.432 &amp#27;[32m INFO&amp#27;[m &amp#27;[35m[@534 - main]&amp#27;[m &amp#27;[36mcom.shaft.tools.io.ReportManager&amp#27;[m : 
################################################################################################################################################
Starting Execution:	"17 out of 56" test cases in the current suite
Test Method:		"SteeringCompanyAPI_TestCases.Test_Policies_Cases.Add_Policy_With_Missing_Keys_TC"
Test Description:	"TC050 - Perform Add Policy with Missing Keys"
################################################################################################################################################
2023-01-12 11:56:18.433 &amp#27;[32m INFO&amp#27;[m &amp#27;[35m[@503 - main]&amp#27;[m &amp#27;[36mcom.shaft.tools.io.ReportManager&amp#27;[m : File Action "DoesFileExist" successfully performed. With the following test data "File Path: "SteeringCompanyAPI_TestData/SteeringCompanyAPI_TestData.xlsx"".
2023-01-12 11:56:18.456 &amp#27;[32m INFO&amp#27;[m &amp#27;[35m[@503 - main]&amp#27;[m &amp#27;[36mcom.shaft.tools.io.ReportManager&amp#27;[m : Successfully created attachment "Test Data - Excel"
2023-01-12 11:56:19.044 &amp#27;[32m INFO&amp#27;[m &amp#27;[35m[@503 - main]&amp#27;[m &amp#27;[36mcom.shaft.tools.io.ReportManager&amp#27;[m : Response status code: "200", status line: "HTTP/1.1 200 OK"
2023-01-12 11:56:19.073 &amp#27;[32m INFO&amp#27;[m &amp#27;[35m[@503 - main]&amp#27;[m &amp#27;[36mcom.shaft.tools.io.ReportManager&amp#27;[m : Successfully created attachment "API Request - Specifications"
2023-01-12 11:56:19.075 &amp#27;[32m INFO&amp#27;[m &amp#27;[35m[@503 - main]&amp#27;[m &amp#27;[36mcom.shaft.tools.io.ReportManager&amp#27;[m : Successfully created attachment "API Request - Body"
2023-01-12 11:56:19.077 &amp#27;[32m INFO&amp#27;[m &amp#27;[35m[@503 - main]&amp#27;[m &amp#27;[36mcom.shaft.tools.io.ReportManager&amp#27;[m : Successfully created attachment "API Response - JSON Body"
2023-01-12 11:56:19.104 &amp#27;[32m INFO&amp#27;[m &amp#27;[35m[@503 - main]&amp#27;[m &amp#27;[36mcom.shaft.tools.io.ReportManager&amp#27;[m : File Action "DoesFileExist" successfully performed. With the following test data "File Path: "SteeringCompanyAPI_TestData/SteeringCompanyAPI_TestData.xlsx"".
2023-01-12 11:56:19.141 &amp#27;[32m INFO&amp#27;[m &amp#27;[35m[@503 - main]&amp#27;[m &amp#27;[36mcom.shaft.tools.io.ReportManager&amp#27;[m : Successfully created attachment "Test Data - Excel"
2023-01-12 11:56:19.609 &amp#27;[32m INFO&amp#27;[m &amp#27;[35m[@503 - main]&amp#27;[m &amp#27;[36mcom.shaft.tools.io.ReportManager&amp#27;[m : Response status code: "422", status line: "HTTP/1.1 422 "
2023-01-12 11:56:19.637 &amp#27;[32m INFO&amp#27;[m &amp#27;[35m[@503 - main]&amp#27;[m &amp#27;[36mcom.shaft.tools.io.ReportManager&amp#27;[m : Successfully created attachment "API Request - Specifications"
2023-01-12 11:56:19.638 &amp#27;[32m INFO&amp#27;[m &amp#27;[35m[@503 - main]&amp#27;[m &amp#27;[36mcom.shaft.tools.io.ReportManager&amp#27;[m : Successfully created attachment "API Request - JSON Body"
2023-01-12 11:56:19.639 &amp#27;[32m INFO&amp#27;[m &amp#27;[35m[@503 - main]&amp#27;[m &amp#27;[36mcom.shaft.tools.io.ReportManager&amp#27;[m : Successfully created attachment "API Response - JSON Body"
2023-01-12 11:56:19.642 &amp#27;[32m INFO&amp#27;[m &amp#27;[35m[@503 - main]&amp#27;[m &amp#27;[36mcom.shaft.tools.io.ReportManager&amp#27;[m : File Action "DoesFileExist" successfully performed. With the following test data "File Path: "Schemas/ValidationError_schema.json"".
2023-01-12 11:56:19.643 &amp#27;[32m INFO&amp#27;[m &amp#27;[35m[@503 - main]&amp#27;[m &amp#27;[36mcom.shaft.tools.io.ReportManager&amp#27;[m : File Action "DoesFileExist" successfully performed. With the following test data "File Path: "src/test/resources/testDataFiles/Schemas/ValidationError_schema.json"".
2023-01-12 11:56:19.643 &amp#27;[32m INFO&amp#27;[m &amp#27;[35m[@503 - main]&amp#27;[m &amp#27;[36mcom.shaft.tools.io.ReportManager&amp#27;[m : File Action "GetAbsolutePath" successfully performed. With the following test data "Relative Folder Path: "src/test/resources/testDataFiles/Schemas/ValidationError_schema.json"".
2023-01-12 11:56:19.650 &amp#27;[32m INFO&amp#27;[m &amp#27;[35m[@503 - main]&amp#27;[m &amp#27;[36mcom.shaft.tools.io.ReportManager&amp#27;[m : File Action "DoesFileExist" successfully performed. With the following test data "File Path: "C:\eclipse-workspace\MyProjects\TASystemsAPIs\src\test\resources\testDataFiles\Schemas\ValidationError_schema.json"".
2023-01-12 11:56:19.650 &amp#27;[32m INFO&amp#27;[m &amp#27;[35m[@503 - main]&amp#27;[m &amp#27;[36mcom.shaft.tools.io.ReportManager&amp#27;[m : File Action "GetAbsolutePath" successfully performed. With the following test data "Relative Folder Path: "C:\eclipse-workspace\MyProjects\TASystemsAPIs\src\test\resources\testDataFiles\Schemas\ValidationError_schema.json"".
2023-01-12 11:56:19.650 &amp#27;[32m INFO&amp#27;[m &amp#27;[35m[@503 - main]&amp#27;[m &amp#27;[36mcom.shaft.tools.io.ReportManager&amp#27;[m : File Action "ReadFile" successfully performed. With the following test data "File Path: "C:\eclipse-workspace\MyProjects\TASystemsAPIs\src\test\resources\testDataFiles\Schemas\ValidationError_schema.json"".
2023-01-12 11:56:19.652 &amp#27;[32m INFO&amp#27;[m &amp#27;[35m[@503 - main]&amp#27;[m &amp#27;[36mcom.shaft.tools.io.ReportManager&amp#27;[m : Successfully created attachment "Validation Test Data - Expected JSON Value"
2023-01-12 11:56:19.653 &amp#27;[32m INFO&amp#27;[m &amp#27;[35m[@503 - main]&amp#27;[m &amp#27;[36mcom.shaft.tools.io.ReportManager&amp#27;[m : Successfully created attachment "Validation Test Data - Actual JSON Value"
2023-01-12 11:56:19.654 &amp#27;[32m INFO&amp#27;[m &amp#27;[35m[@503 - main]&amp#27;[m &amp#27;[36mcom.shaft.tools.io.ReportManager&amp#27;[m : Successfully created attachment "SHAFT Engine Logs - Current Method log: Add_Policy_With_Missing_Keys_TC"
]]></system-out>
  </testcase>
  <testcase name="Add_Policy_With_Missing_Keys_TC[[Ljava.lang.Object;@6aae4199](16)" classname="SteeringCompanyAPI_TestCases.Test_Policies_Cases" time="1.198">
    <system-out><![CDATA[2023-01-12 11:56:19.658 &amp#27;[32m INFO&amp#27;[m &amp#27;[35m[@534 - main]&amp#27;[m &amp#27;[36mcom.shaft.tools.io.ReportManager&amp#27;[m : 
################################################################################################################################################
Starting Execution:	"18 out of 56" test cases in the current suite
Test Method:		"SteeringCompanyAPI_TestCases.Test_Policies_Cases.Add_Policy_With_Missing_Keys_TC"
Test Description:	"TC050 - Perform Add Policy with Missing Keys"
################################################################################################################################################
2023-01-12 11:56:19.659 &amp#27;[32m INFO&amp#27;[m &amp#27;[35m[@503 - main]&amp#27;[m &amp#27;[36mcom.shaft.tools.io.ReportManager&amp#27;[m : File Action "DoesFileExist" successfully performed. With the following test data "File Path: "SteeringCompanyAPI_TestData/SteeringCompanyAPI_TestData.xlsx"".
2023-01-12 11:56:19.682 &amp#27;[32m INFO&amp#27;[m &amp#27;[35m[@503 - main]&amp#27;[m &amp#27;[36mcom.shaft.tools.io.ReportManager&amp#27;[m : Successfully created attachment "Test Data - Excel"
2023-01-12 11:56:20.255 &amp#27;[32m INFO&amp#27;[m &amp#27;[35m[@503 - main]&amp#27;[m &amp#27;[36mcom.shaft.tools.io.ReportManager&amp#27;[m : Response status code: "200", status line: "HTTP/1.1 200 OK"
2023-01-12 11:56:20.291 &amp#27;[32m INFO&amp#27;[m &amp#27;[35m[@503 - main]&amp#27;[m &amp#27;[36mcom.shaft.tools.io.ReportManager&amp#27;[m : Successfully created attachment "API Request - Specifications"
2023-01-12 11:56:20.292 &amp#27;[32m INFO&amp#27;[m &amp#27;[35m[@503 - main]&amp#27;[m &amp#27;[36mcom.shaft.tools.io.ReportManager&amp#27;[m : Successfully created attachment "API Request - Body"
2023-01-12 11:56:20.292 &amp#27;[32m INFO&amp#27;[m &amp#27;[35m[@503 - main]&amp#27;[m &amp#27;[36mcom.shaft.tools.io.ReportManager&amp#27;[m : Successfully created attachment "API Response - JSON Body"
2023-01-12 11:56:20.305 &amp#27;[32m INFO&amp#27;[m &amp#27;[35m[@503 - main]&amp#27;[m &amp#27;[36mcom.shaft.tools.io.ReportManager&amp#27;[m : File Action "DoesFileExist" successfully performed. With the following test data "File Path: "SteeringCompanyAPI_TestData/SteeringCompanyAPI_TestData.xlsx"".
2023-01-12 11:56:20.330 &amp#27;[32m INFO&amp#27;[m &amp#27;[35m[@503 - main]&amp#27;[m &amp#27;[36mcom.shaft.tools.io.ReportManager&amp#27;[m : Successfully created attachment "Test Data - Excel"
2023-01-12 11:56:20.804 &amp#27;[32m INFO&amp#27;[m &amp#27;[35m[@503 - main]&amp#27;[m &amp#27;[36mcom.shaft.tools.io.ReportManager&amp#27;[m : Response status code: "422", status line: "HTTP/1.1 422 "
2023-01-12 11:56:20.832 &amp#27;[32m INFO&amp#27;[m &amp#27;[35m[@503 - main]&amp#27;[m &amp#27;[36mcom.shaft.tools.io.ReportManager&amp#27;[m : Successfully created attachment "API Request - Specifications"
2023-01-12 11:56:20.834 &amp#27;[32m INFO&amp#27;[m &amp#27;[35m[@503 - main]&amp#27;[m &amp#27;[36mcom.shaft.tools.io.ReportManager&amp#27;[m : Successfully created attachment "API Request - JSON Body"
2023-01-12 11:56:20.836 &amp#27;[32m INFO&amp#27;[m &amp#27;[35m[@503 - main]&amp#27;[m &amp#27;[36mcom.shaft.tools.io.ReportManager&amp#27;[m : Successfully created attachment "API Response - JSON Body"
2023-01-12 11:56:20.839 &amp#27;[32m INFO&amp#27;[m &amp#27;[35m[@503 - main]&amp#27;[m &amp#27;[36mcom.shaft.tools.io.ReportManager&amp#27;[m : File Action "DoesFileExist" successfully performed. With the following test data "File Path: "Schemas/ValidationError_schema.json"".
2023-01-12 11:56:20.840 &amp#27;[32m INFO&amp#27;[m &amp#27;[35m[@503 - main]&amp#27;[m &amp#27;[36mcom.shaft.tools.io.ReportManager&amp#27;[m : File Action "DoesFileExist" successfully performed. With the following test data "File Path: "src/test/resources/testDataFiles/Schemas/ValidationError_schema.json"".
2023-01-12 11:56:20.841 &amp#27;[32m INFO&amp#27;[m &amp#27;[35m[@503 - main]&amp#27;[m &amp#27;[36mcom.shaft.tools.io.ReportManager&amp#27;[m : File Action "GetAbsolutePath" successfully performed. With the following test data "Relative Folder Path: "src/test/resources/testDataFiles/Schemas/ValidationError_schema.json"".
2023-01-12 11:56:20.847 &amp#27;[32m INFO&amp#27;[m &amp#27;[35m[@503 - main]&amp#27;[m &amp#27;[36mcom.shaft.tools.io.ReportManager&amp#27;[m : File Action "DoesFileExist" successfully performed. With the following test data "File Path: "C:\eclipse-workspace\MyProjects\TASystemsAPIs\src\test\resources\testDataFiles\Schemas\ValidationError_schema.json"".
2023-01-12 11:56:20.847 &amp#27;[32m INFO&amp#27;[m &amp#27;[35m[@503 - main]&amp#27;[m &amp#27;[36mcom.shaft.tools.io.ReportManager&amp#27;[m : File Action "GetAbsolutePath" successfully performed. With the following test data "Relative Folder Path: "C:\eclipse-workspace\MyProjects\TASystemsAPIs\src\test\resources\testDataFiles\Schemas\ValidationError_schema.json"".
2023-01-12 11:56:20.848 &amp#27;[32m INFO&amp#27;[m &amp#27;[35m[@503 - main]&amp#27;[m &amp#27;[36mcom.shaft.tools.io.ReportManager&amp#27;[m : File Action "ReadFile" successfully performed. With the following test data "File Path: "C:\eclipse-workspace\MyProjects\TASystemsAPIs\src\test\resources\testDataFiles\Schemas\ValidationError_schema.json"".
2023-01-12 11:56:20.850 &amp#27;[32m INFO&amp#27;[m &amp#27;[35m[@503 - main]&amp#27;[m &amp#27;[36mcom.shaft.tools.io.ReportManager&amp#27;[m : Successfully created attachment "Validation Test Data - Expected JSON Value"
2023-01-12 11:56:20.851 &amp#27;[32m INFO&amp#27;[m &amp#27;[35m[@503 - main]&amp#27;[m &amp#27;[36mcom.shaft.tools.io.ReportManager&amp#27;[m : Successfully created attachment "Validation Test Data - Actual JSON Value"
2023-01-12 11:56:20.853 &amp#27;[32m INFO&amp#27;[m &amp#27;[35m[@503 - main]&amp#27;[m &amp#27;[36mcom.shaft.tools.io.ReportManager&amp#27;[m : Successfully created attachment "SHAFT Engine Logs - Current Method log: Add_Policy_With_Missing_Keys_TC"
]]></system-out>
  </testcase>
  <testcase name="Add_Policy_With_Missing_Keys_TC[[Ljava.lang.Object;@19895e73](17)" classname="SteeringCompanyAPI_TestCases.Test_Policies_Cases" time="1.254">
    <system-out><![CDATA[2023-01-12 11:56:20.856 &amp#27;[32m INFO&amp#27;[m &amp#27;[35m[@534 - main]&amp#27;[m &amp#27;[36mcom.shaft.tools.io.ReportManager&amp#27;[m : 
################################################################################################################################################
Starting Execution:	"19 out of 56" test cases in the current suite
Test Method:		"SteeringCompanyAPI_TestCases.Test_Policies_Cases.Add_Policy_With_Missing_Keys_TC"
Test Description:	"TC050 - Perform Add Policy with Missing Keys"
################################################################################################################################################
2023-01-12 11:56:20.857 &amp#27;[32m INFO&amp#27;[m &amp#27;[35m[@503 - main]&amp#27;[m &amp#27;[36mcom.shaft.tools.io.ReportManager&amp#27;[m : File Action "DoesFileExist" successfully performed. With the following test data "File Path: "SteeringCompanyAPI_TestData/SteeringCompanyAPI_TestData.xlsx"".
2023-01-12 11:56:20.879 &amp#27;[32m INFO&amp#27;[m &amp#27;[35m[@503 - main]&amp#27;[m &amp#27;[36mcom.shaft.tools.io.ReportManager&amp#27;[m : Successfully created attachment "Test Data - Excel"
2023-01-12 11:56:21.495 &amp#27;[32m INFO&amp#27;[m &amp#27;[35m[@503 - main]&amp#27;[m &amp#27;[36mcom.shaft.tools.io.ReportManager&amp#27;[m : Response status code: "200", status line: "HTTP/1.1 200 OK"
2023-01-12 11:56:21.520 &amp#27;[32m INFO&amp#27;[m &amp#27;[35m[@503 - main]&amp#27;[m &amp#27;[36mcom.shaft.tools.io.ReportManager&amp#27;[m : Successfully created attachment "API Request - Specifications"
2023-01-12 11:56:21.521 &amp#27;[32m INFO&amp#27;[m &amp#27;[35m[@503 - main]&amp#27;[m &amp#27;[36mcom.shaft.tools.io.ReportManager&amp#27;[m : Successfully created attachment "API Request - Body"
2023-01-12 11:56:21.524 &amp#27;[32m INFO&amp#27;[m &amp#27;[35m[@503 - main]&amp#27;[m &amp#27;[36mcom.shaft.tools.io.ReportManager&amp#27;[m : Successfully created attachment "API Response - JSON Body"
2023-01-12 11:56:21.544 &amp#27;[32m INFO&amp#27;[m &amp#27;[35m[@503 - main]&amp#27;[m &amp#27;[36mcom.shaft.tools.io.ReportManager&amp#27;[m : File Action "DoesFileExist" successfully performed. With the following test data "File Path: "SteeringCompanyAPI_TestData/SteeringCompanyAPI_TestData.xlsx"".
2023-01-12 11:56:21.581 &amp#27;[32m INFO&amp#27;[m &amp#27;[35m[@503 - main]&amp#27;[m &amp#27;[36mcom.shaft.tools.io.ReportManager&amp#27;[m : Successfully created attachment "Test Data - Excel"
2023-01-12 11:56:22.049 &amp#27;[32m INFO&amp#27;[m &amp#27;[35m[@503 - main]&amp#27;[m &amp#27;[36mcom.shaft.tools.io.ReportManager&amp#27;[m : Response status code: "422", status line: "HTTP/1.1 422 "
2023-01-12 11:56:22.076 &amp#27;[32m INFO&amp#27;[m &amp#27;[35m[@503 - main]&amp#27;[m &amp#27;[36mcom.shaft.tools.io.ReportManager&amp#27;[m : Successfully created attachment "API Request - Specifications"
2023-01-12 11:56:22.078 &amp#27;[32m INFO&amp#27;[m &amp#27;[35m[@503 - main]&amp#27;[m &amp#27;[36mcom.shaft.tools.io.ReportManager&amp#27;[m : Successfully created attachment "API Request - JSON Body"
2023-01-12 11:56:22.080 &amp#27;[32m INFO&amp#27;[m &amp#27;[35m[@503 - main]&amp#27;[m &amp#27;[36mcom.shaft.tools.io.ReportManager&amp#27;[m : Successfully created attachment "API Response - JSON Body"
2023-01-12 11:56:22.083 &amp#27;[32m INFO&amp#27;[m &amp#27;[35m[@503 - main]&amp#27;[m &amp#27;[36mcom.shaft.tools.io.ReportManager&amp#27;[m : File Action "DoesFileExist" successfully performed. With the following test data "File Path: "Schemas/ValidationError_schema.json"".
2023-01-12 11:56:22.085 &amp#27;[32m INFO&amp#27;[m &amp#27;[35m[@503 - main]&amp#27;[m &amp#27;[36mcom.shaft.tools.io.ReportManager&amp#27;[m : File Action "DoesFileExist" successfully performed. With the following test data "File Path: "src/test/resources/testDataFiles/Schemas/ValidationError_schema.json"".
2023-01-12 11:56:22.085 &amp#27;[32m INFO&amp#27;[m &amp#27;[35m[@503 - main]&amp#27;[m &amp#27;[36mcom.shaft.tools.io.ReportManager&amp#27;[m : File Action "GetAbsolutePath" successfully performed. With the following test data "Relative Folder Path: "src/test/resources/testDataFiles/Schemas/ValidationError_schema.json"".
2023-01-12 11:56:22.094 &amp#27;[32m INFO&amp#27;[m &amp#27;[35m[@503 - main]&amp#27;[m &amp#27;[36mcom.shaft.tools.io.ReportManager&amp#27;[m : File Action "DoesFileExist" successfully performed. With the following test data "File Path: "C:\eclipse-workspace\MyProjects\TASystemsAPIs\src\test\resources\testDataFiles\Schemas\ValidationError_schema.json"".
2023-01-12 11:56:22.095 &amp#27;[32m INFO&amp#27;[m &amp#27;[35m[@503 - main]&amp#27;[m &amp#27;[36mcom.shaft.tools.io.ReportManager&amp#27;[m : File Action "GetAbsolutePath" successfully performed. With the following test data "Relative Folder Path: "C:\eclipse-workspace\MyProjects\TASystemsAPIs\src\test\resources\testDataFiles\Schemas\ValidationError_schema.json"".
2023-01-12 11:56:22.096 &amp#27;[32m INFO&amp#27;[m &amp#27;[35m[@503 - main]&amp#27;[m &amp#27;[36mcom.shaft.tools.io.ReportManager&amp#27;[m : File Action "ReadFile" successfully performed. With the following test data "File Path: "C:\eclipse-workspace\MyProjects\TASystemsAPIs\src\test\resources\testDataFiles\Schemas\ValidationError_schema.json"".
2023-01-12 11:56:22.100 &amp#27;[32m INFO&amp#27;[m &amp#27;[35m[@503 - main]&amp#27;[m &amp#27;[36mcom.shaft.tools.io.ReportManager&amp#27;[m : Successfully created attachment "Validation Test Data - Expected JSON Value"
2023-01-12 11:56:22.102 &amp#27;[32m INFO&amp#27;[m &amp#27;[35m[@503 - main]&amp#27;[m &amp#27;[36mcom.shaft.tools.io.ReportManager&amp#27;[m : Successfully created attachment "Validation Test Data - Actual JSON Value"
2023-01-12 11:56:22.104 &amp#27;[32m INFO&amp#27;[m &amp#27;[35m[@503 - main]&amp#27;[m &amp#27;[36mcom.shaft.tools.io.ReportManager&amp#27;[m : Successfully created attachment "SHAFT Engine Logs - Current Method log: Add_Policy_With_Missing_Keys_TC"
]]></system-out>
  </testcase>
  <testcase name="Add_Policy_With_Missing_Keys_TC[[Ljava.lang.Object;@44667128](18)" classname="SteeringCompanyAPI_TestCases.Test_Policies_Cases" time="1.241">
    <system-out><![CDATA[2023-01-12 11:56:22.112 &amp#27;[32m INFO&amp#27;[m &amp#27;[35m[@534 - main]&amp#27;[m &amp#27;[36mcom.shaft.tools.io.ReportManager&amp#27;[m : 
################################################################################################################################################
Starting Execution:	"20 out of 56" test cases in the current suite
Test Method:		"SteeringCompanyAPI_TestCases.Test_Policies_Cases.Add_Policy_With_Missing_Keys_TC"
Test Description:	"TC050 - Perform Add Policy with Missing Keys"
################################################################################################################################################
2023-01-12 11:56:22.113 &amp#27;[32m INFO&amp#27;[m &amp#27;[35m[@503 - main]&amp#27;[m &amp#27;[36mcom.shaft.tools.io.ReportManager&amp#27;[m : File Action "DoesFileExist" successfully performed. With the following test data "File Path: "SteeringCompanyAPI_TestData/SteeringCompanyAPI_TestData.xlsx"".
2023-01-12 11:56:22.152 &amp#27;[32m INFO&amp#27;[m &amp#27;[35m[@503 - main]&amp#27;[m &amp#27;[36mcom.shaft.tools.io.ReportManager&amp#27;[m : Successfully created attachment "Test Data - Excel"
2023-01-12 11:56:22.725 &amp#27;[32m INFO&amp#27;[m &amp#27;[35m[@503 - main]&amp#27;[m &amp#27;[36mcom.shaft.tools.io.ReportManager&amp#27;[m : Response status code: "200", status line: "HTTP/1.1 200 OK"
2023-01-12 11:56:22.740 &amp#27;[32m INFO&amp#27;[m &amp#27;[35m[@503 - main]&amp#27;[m &amp#27;[36mcom.shaft.tools.io.ReportManager&amp#27;[m : Successfully created attachment "API Request - Specifications"
2023-01-12 11:56:22.744 &amp#27;[32m INFO&amp#27;[m &amp#27;[35m[@503 - main]&amp#27;[m &amp#27;[36mcom.shaft.tools.io.ReportManager&amp#27;[m : Successfully created attachment "API Request - Body"
2023-01-12 11:56:22.745 &amp#27;[32m INFO&amp#27;[m &amp#27;[35m[@503 - main]&amp#27;[m &amp#27;[36mcom.shaft.tools.io.ReportManager&amp#27;[m : Successfully created attachment "API Response - JSON Body"
2023-01-12 11:56:22.762 &amp#27;[32m INFO&amp#27;[m &amp#27;[35m[@503 - main]&amp#27;[m &amp#27;[36mcom.shaft.tools.io.ReportManager&amp#27;[m : File Action "DoesFileExist" successfully performed. With the following test data "File Path: "SteeringCompanyAPI_TestData/SteeringCompanyAPI_TestData.xlsx"".
2023-01-12 11:56:22.790 &amp#27;[32m INFO&amp#27;[m &amp#27;[35m[@503 - main]&amp#27;[m &amp#27;[36mcom.shaft.tools.io.ReportManager&amp#27;[m : Successfully created attachment "Test Data - Excel"
2023-01-12 11:56:23.293 &amp#27;[32m INFO&amp#27;[m &amp#27;[35m[@503 - main]&amp#27;[m &amp#27;[36mcom.shaft.tools.io.ReportManager&amp#27;[m : Response status code: "422", status line: "HTTP/1.1 422 "
2023-01-12 11:56:23.315 &amp#27;[32m INFO&amp#27;[m &amp#27;[35m[@503 - main]&amp#27;[m &amp#27;[36mcom.shaft.tools.io.ReportManager&amp#27;[m : Successfully created attachment "API Request - Specifications"
2023-01-12 11:56:23.317 &amp#27;[32m INFO&amp#27;[m &amp#27;[35m[@503 - main]&amp#27;[m &amp#27;[36mcom.shaft.tools.io.ReportManager&amp#27;[m : Successfully created attachment "API Request - JSON Body"
2023-01-12 11:56:23.320 &amp#27;[32m INFO&amp#27;[m &amp#27;[35m[@503 - main]&amp#27;[m &amp#27;[36mcom.shaft.tools.io.ReportManager&amp#27;[m : Successfully created attachment "API Response - JSON Body"
2023-01-12 11:56:23.323 &amp#27;[32m INFO&amp#27;[m &amp#27;[35m[@503 - main]&amp#27;[m &amp#27;[36mcom.shaft.tools.io.ReportManager&amp#27;[m : File Action "DoesFileExist" successfully performed. With the following test data "File Path: "Schemas/ValidationError_schema.json"".
2023-01-12 11:56:23.323 &amp#27;[32m INFO&amp#27;[m &amp#27;[35m[@503 - main]&amp#27;[m &amp#27;[36mcom.shaft.tools.io.ReportManager&amp#27;[m : File Action "DoesFileExist" successfully performed. With the following test data "File Path: "src/test/resources/testDataFiles/Schemas/ValidationError_schema.json"".
2023-01-12 11:56:23.323 &amp#27;[32m INFO&amp#27;[m &amp#27;[35m[@503 - main]&amp#27;[m &amp#27;[36mcom.shaft.tools.io.ReportManager&amp#27;[m : File Action "GetAbsolutePath" successfully performed. With the following test data "Relative Folder Path: "src/test/resources/testDataFiles/Schemas/ValidationError_schema.json"".
2023-01-12 11:56:23.334 &amp#27;[32m INFO&amp#27;[m &amp#27;[35m[@503 - main]&amp#27;[m &amp#27;[36mcom.shaft.tools.io.ReportManager&amp#27;[m : File Action "DoesFileExist" successfully performed. With the following test data "File Path: "C:\eclipse-workspace\MyProjects\TASystemsAPIs\src\test\resources\testDataFiles\Schemas\ValidationError_schema.json"".
2023-01-12 11:56:23.335 &amp#27;[32m INFO&amp#27;[m &amp#27;[35m[@503 - main]&amp#27;[m &amp#27;[36mcom.shaft.tools.io.ReportManager&amp#27;[m : File Action "GetAbsolutePath" successfully performed. With the following test data "Relative Folder Path: "C:\eclipse-workspace\MyProjects\TASystemsAPIs\src\test\resources\testDataFiles\Schemas\ValidationError_schema.json"".
2023-01-12 11:56:23.336 &amp#27;[32m INFO&amp#27;[m &amp#27;[35m[@503 - main]&amp#27;[m &amp#27;[36mcom.shaft.tools.io.ReportManager&amp#27;[m : File Action "ReadFile" successfully performed. With the following test data "File Path: "C:\eclipse-workspace\MyProjects\TASystemsAPIs\src\test\resources\testDataFiles\Schemas\ValidationError_schema.json"".
2023-01-12 11:56:23.340 &amp#27;[32m INFO&amp#27;[m &amp#27;[35m[@503 - main]&amp#27;[m &amp#27;[36mcom.shaft.tools.io.ReportManager&amp#27;[m : Successfully created attachment "Validation Test Data - Expected JSON Value"
2023-01-12 11:56:23.341 &amp#27;[32m INFO&amp#27;[m &amp#27;[35m[@503 - main]&amp#27;[m &amp#27;[36mcom.shaft.tools.io.ReportManager&amp#27;[m : Successfully created attachment "Validation Test Data - Actual JSON Value"
2023-01-12 11:56:23.343 &amp#27;[32m INFO&amp#27;[m &amp#27;[35m[@503 - main]&amp#27;[m &amp#27;[36mcom.shaft.tools.io.ReportManager&amp#27;[m : Successfully created attachment "SHAFT Engine Logs - Current Method log: Add_Policy_With_Missing_Keys_TC"
]]></system-out>
  </testcase>
  <testcase name="Add_Policy_With_Missing_Keys_TC[[Ljava.lang.Object;@5f37597b](19)" classname="SteeringCompanyAPI_TestCases.Test_Policies_Cases" time="1.267">
    <system-out><![CDATA[2023-01-12 11:56:23.351 &amp#27;[32m INFO&amp#27;[m &amp#27;[35m[@534 - main]&amp#27;[m &amp#27;[36mcom.shaft.tools.io.ReportManager&amp#27;[m : 
################################################################################################################################################
Starting Execution:	"21 out of 56" test cases in the current suite
Test Method:		"SteeringCompanyAPI_TestCases.Test_Policies_Cases.Add_Policy_With_Missing_Keys_TC"
Test Description:	"TC050 - Perform Add Policy with Missing Keys"
################################################################################################################################################
2023-01-12 11:56:23.352 &amp#27;[32m INFO&amp#27;[m &amp#27;[35m[@503 - main]&amp#27;[m &amp#27;[36mcom.shaft.tools.io.ReportManager&amp#27;[m : File Action "DoesFileExist" successfully performed. With the following test data "File Path: "SteeringCompanyAPI_TestData/SteeringCompanyAPI_TestData.xlsx"".
2023-01-12 11:56:23.374 &amp#27;[32m INFO&amp#27;[m &amp#27;[35m[@503 - main]&amp#27;[m &amp#27;[36mcom.shaft.tools.io.ReportManager&amp#27;[m : Successfully created attachment "Test Data - Excel"
2023-01-12 11:56:24.013 &amp#27;[32m INFO&amp#27;[m &amp#27;[35m[@503 - main]&amp#27;[m &amp#27;[36mcom.shaft.tools.io.ReportManager&amp#27;[m : Response status code: "200", status line: "HTTP/1.1 200 OK"
2023-01-12 11:56:24.031 &amp#27;[32m INFO&amp#27;[m &amp#27;[35m[@503 - main]&amp#27;[m &amp#27;[36mcom.shaft.tools.io.ReportManager&amp#27;[m : Successfully created attachment "API Request - Specifications"
2023-01-12 11:56:24.032 &amp#27;[32m INFO&amp#27;[m &amp#27;[35m[@503 - main]&amp#27;[m &amp#27;[36mcom.shaft.tools.io.ReportManager&amp#27;[m : Successfully created attachment "API Request - Body"
2023-01-12 11:56:24.033 &amp#27;[32m INFO&amp#27;[m &amp#27;[35m[@503 - main]&amp#27;[m &amp#27;[36mcom.shaft.tools.io.ReportManager&amp#27;[m : Successfully created attachment "API Response - JSON Body"
2023-01-12 11:56:24.055 &amp#27;[32m INFO&amp#27;[m &amp#27;[35m[@503 - main]&amp#27;[m &amp#27;[36mcom.shaft.tools.io.ReportManager&amp#27;[m : File Action "DoesFileExist" successfully performed. With the following test data "File Path: "SteeringCompanyAPI_TestData/SteeringCompanyAPI_TestData.xlsx"".
2023-01-12 11:56:24.093 &amp#27;[32m INFO&amp#27;[m &amp#27;[35m[@503 - main]&amp#27;[m &amp#27;[36mcom.shaft.tools.io.ReportManager&amp#27;[m : Successfully created attachment "Test Data - Excel"
2023-01-12 11:56:24.559 &amp#27;[32m INFO&amp#27;[m &amp#27;[35m[@503 - main]&amp#27;[m &amp#27;[36mcom.shaft.tools.io.ReportManager&amp#27;[m : Response status code: "422", status line: "HTTP/1.1 422 "
2023-01-12 11:56:24.586 &amp#27;[32m INFO&amp#27;[m &amp#27;[35m[@503 - main]&amp#27;[m &amp#27;[36mcom.shaft.tools.io.ReportManager&amp#27;[m : Successfully created attachment "API Request - Specifications"
2023-01-12 11:56:24.588 &amp#27;[32m INFO&amp#27;[m &amp#27;[35m[@503 - main]&amp#27;[m &amp#27;[36mcom.shaft.tools.io.ReportManager&amp#27;[m : Successfully created attachment "API Request - JSON Body"
2023-01-12 11:56:24.590 &amp#27;[32m INFO&amp#27;[m &amp#27;[35m[@503 - main]&amp#27;[m &amp#27;[36mcom.shaft.tools.io.ReportManager&amp#27;[m : Successfully created attachment "API Response - JSON Body"
2023-01-12 11:56:24.593 &amp#27;[32m INFO&amp#27;[m &amp#27;[35m[@503 - main]&amp#27;[m &amp#27;[36mcom.shaft.tools.io.ReportManager&amp#27;[m : File Action "DoesFileExist" successfully performed. With the following test data "File Path: "Schemas/ValidationError_schema.json"".
2023-01-12 11:56:24.594 &amp#27;[32m INFO&amp#27;[m &amp#27;[35m[@503 - main]&amp#27;[m &amp#27;[36mcom.shaft.tools.io.ReportManager&amp#27;[m : File Action "DoesFileExist" successfully performed. With the following test data "File Path: "src/test/resources/testDataFiles/Schemas/ValidationError_schema.json"".
2023-01-12 11:56:24.594 &amp#27;[32m INFO&amp#27;[m &amp#27;[35m[@503 - main]&amp#27;[m &amp#27;[36mcom.shaft.tools.io.ReportManager&amp#27;[m : File Action "GetAbsolutePath" successfully performed. With the following test data "Relative Folder Path: "src/test/resources/testDataFiles/Schemas/ValidationError_schema.json"".
2023-01-12 11:56:24.604 &amp#27;[32m INFO&amp#27;[m &amp#27;[35m[@503 - main]&amp#27;[m &amp#27;[36mcom.shaft.tools.io.ReportManager&amp#27;[m : File Action "DoesFileExist" successfully performed. With the following test data "File Path: "C:\eclipse-workspace\MyProjects\TASystemsAPIs\src\test\resources\testDataFiles\Schemas\ValidationError_schema.json"".
2023-01-12 11:56:24.604 &amp#27;[32m INFO&amp#27;[m &amp#27;[35m[@503 - main]&amp#27;[m &amp#27;[36mcom.shaft.tools.io.ReportManager&amp#27;[m : File Action "GetAbsolutePath" successfully performed. With the following test data "Relative Folder Path: "C:\eclipse-workspace\MyProjects\TASystemsAPIs\src\test\resources\testDataFiles\Schemas\ValidationError_schema.json"".
2023-01-12 11:56:24.605 &amp#27;[32m INFO&amp#27;[m &amp#27;[35m[@503 - main]&amp#27;[m &amp#27;[36mcom.shaft.tools.io.ReportManager&amp#27;[m : File Action "ReadFile" successfully performed. With the following test data "File Path: "C:\eclipse-workspace\MyProjects\TASystemsAPIs\src\test\resources\testDataFiles\Schemas\ValidationError_schema.json"".
2023-01-12 11:56:24.609 &amp#27;[32m INFO&amp#27;[m &amp#27;[35m[@503 - main]&amp#27;[m &amp#27;[36mcom.shaft.tools.io.ReportManager&amp#27;[m : Successfully created attachment "Validation Test Data - Expected JSON Value"
2023-01-12 11:56:24.610 &amp#27;[32m INFO&amp#27;[m &amp#27;[35m[@503 - main]&amp#27;[m &amp#27;[36mcom.shaft.tools.io.ReportManager&amp#27;[m : Successfully created attachment "Validation Test Data - Actual JSON Value"
2023-01-12 11:56:24.612 &amp#27;[32m INFO&amp#27;[m &amp#27;[35m[@503 - main]&amp#27;[m &amp#27;[36mcom.shaft.tools.io.ReportManager&amp#27;[m : Successfully created attachment "SHAFT Engine Logs - Current Method log: Add_Policy_With_Missing_Keys_TC"
]]></system-out>
  </testcase>
  <testcase name="Add_Policy_With_Missing_Keys_TC[[Ljava.lang.Object;@3dd3f773](20)" classname="SteeringCompanyAPI_TestCases.Test_Policies_Cases" time="1.24">
    <system-out><![CDATA[2023-01-12 11:56:24.618 &amp#27;[32m INFO&amp#27;[m &amp#27;[35m[@534 - main]&amp#27;[m &amp#27;[36mcom.shaft.tools.io.ReportManager&amp#27;[m : 
################################################################################################################################################
Starting Execution:	"22 out of 56" test cases in the current suite
Test Method:		"SteeringCompanyAPI_TestCases.Test_Policies_Cases.Add_Policy_With_Missing_Keys_TC"
Test Description:	"TC050 - Perform Add Policy with Missing Keys"
################################################################################################################################################
2023-01-12 11:56:24.619 &amp#27;[32m INFO&amp#27;[m &amp#27;[35m[@503 - main]&amp#27;[m &amp#27;[36mcom.shaft.tools.io.ReportManager&amp#27;[m : File Action "DoesFileExist" successfully performed. With the following test data "File Path: "SteeringCompanyAPI_TestData/SteeringCompanyAPI_TestData.xlsx"".
2023-01-12 11:56:24.642 &amp#27;[32m INFO&amp#27;[m &amp#27;[35m[@503 - main]&amp#27;[m &amp#27;[36mcom.shaft.tools.io.ReportManager&amp#27;[m : Successfully created attachment "Test Data - Excel"
2023-01-12 11:56:25.249 &amp#27;[32m INFO&amp#27;[m &amp#27;[35m[@503 - main]&amp#27;[m &amp#27;[36mcom.shaft.tools.io.ReportManager&amp#27;[m : Response status code: "200", status line: "HTTP/1.1 200 OK"
2023-01-12 11:56:25.300 &amp#27;[32m INFO&amp#27;[m &amp#27;[35m[@503 - main]&amp#27;[m &amp#27;[36mcom.shaft.tools.io.ReportManager&amp#27;[m : Successfully created attachment "API Request - Specifications"
2023-01-12 11:56:25.300 &amp#27;[32m INFO&amp#27;[m &amp#27;[35m[@503 - main]&amp#27;[m &amp#27;[36mcom.shaft.tools.io.ReportManager&amp#27;[m : Successfully created attachment "API Request - Body"
2023-01-12 11:56:25.301 &amp#27;[32m INFO&amp#27;[m &amp#27;[35m[@503 - main]&amp#27;[m &amp#27;[36mcom.shaft.tools.io.ReportManager&amp#27;[m : Successfully created attachment "API Response - JSON Body"
2023-01-12 11:56:25.314 &amp#27;[32m INFO&amp#27;[m &amp#27;[35m[@503 - main]&amp#27;[m &amp#27;[36mcom.shaft.tools.io.ReportManager&amp#27;[m : File Action "DoesFileExist" successfully performed. With the following test data "File Path: "SteeringCompanyAPI_TestData/SteeringCompanyAPI_TestData.xlsx"".
2023-01-12 11:56:25.339 &amp#27;[32m INFO&amp#27;[m &amp#27;[35m[@503 - main]&amp#27;[m &amp#27;[36mcom.shaft.tools.io.ReportManager&amp#27;[m : Successfully created attachment "Test Data - Excel"
2023-01-12 11:56:25.799 &amp#27;[32m INFO&amp#27;[m &amp#27;[35m[@503 - main]&amp#27;[m &amp#27;[36mcom.shaft.tools.io.ReportManager&amp#27;[m : Response status code: "422", status line: "HTTP/1.1 422 "
2023-01-12 11:56:25.827 &amp#27;[32m INFO&amp#27;[m &amp#27;[35m[@503 - main]&amp#27;[m &amp#27;[36mcom.shaft.tools.io.ReportManager&amp#27;[m : Successfully created attachment "API Request - Specifications"
2023-01-12 11:56:25.829 &amp#27;[32m INFO&amp#27;[m &amp#27;[35m[@503 - main]&amp#27;[m &amp#27;[36mcom.shaft.tools.io.ReportManager&amp#27;[m : Successfully created attachment "API Request - JSON Body"
2023-01-12 11:56:25.831 &amp#27;[32m INFO&amp#27;[m &amp#27;[35m[@503 - main]&amp#27;[m &amp#27;[36mcom.shaft.tools.io.ReportManager&amp#27;[m : Successfully created attachment "API Response - JSON Body"
2023-01-12 11:56:25.834 &amp#27;[32m INFO&amp#27;[m &amp#27;[35m[@503 - main]&amp#27;[m &amp#27;[36mcom.shaft.tools.io.ReportManager&amp#27;[m : File Action "DoesFileExist" successfully performed. With the following test data "File Path: "Schemas/ValidationError_schema.json"".
2023-01-12 11:56:25.835 &amp#27;[32m INFO&amp#27;[m &amp#27;[35m[@503 - main]&amp#27;[m &amp#27;[36mcom.shaft.tools.io.ReportManager&amp#27;[m : File Action "DoesFileExist" successfully performed. With the following test data "File Path: "src/test/resources/testDataFiles/Schemas/ValidationError_schema.json"".
2023-01-12 11:56:25.835 &amp#27;[32m INFO&amp#27;[m &amp#27;[35m[@503 - main]&amp#27;[m &amp#27;[36mcom.shaft.tools.io.ReportManager&amp#27;[m : File Action "GetAbsolutePath" successfully performed. With the following test data "Relative Folder Path: "src/test/resources/testDataFiles/Schemas/ValidationError_schema.json"".
2023-01-12 11:56:25.844 &amp#27;[32m INFO&amp#27;[m &amp#27;[35m[@503 - main]&amp#27;[m &amp#27;[36mcom.shaft.tools.io.ReportManager&amp#27;[m : File Action "DoesFileExist" successfully performed. With the following test data "File Path: "C:\eclipse-workspace\MyProjects\TASystemsAPIs\src\test\resources\testDataFiles\Schemas\ValidationError_schema.json"".
2023-01-12 11:56:25.844 &amp#27;[32m INFO&amp#27;[m &amp#27;[35m[@503 - main]&amp#27;[m &amp#27;[36mcom.shaft.tools.io.ReportManager&amp#27;[m : File Action "GetAbsolutePath" successfully performed. With the following test data "Relative Folder Path: "C:\eclipse-workspace\MyProjects\TASystemsAPIs\src\test\resources\testDataFiles\Schemas\ValidationError_schema.json"".
2023-01-12 11:56:25.845 &amp#27;[32m INFO&amp#27;[m &amp#27;[35m[@503 - main]&amp#27;[m &amp#27;[36mcom.shaft.tools.io.ReportManager&amp#27;[m : File Action "ReadFile" successfully performed. With the following test data "File Path: "C:\eclipse-workspace\MyProjects\TASystemsAPIs\src\test\resources\testDataFiles\Schemas\ValidationError_schema.json"".
2023-01-12 11:56:25.848 &amp#27;[32m INFO&amp#27;[m &amp#27;[35m[@503 - main]&amp#27;[m &amp#27;[36mcom.shaft.tools.io.ReportManager&amp#27;[m : Successfully created attachment "Validation Test Data - Expected JSON Value"
2023-01-12 11:56:25.850 &amp#27;[32m INFO&amp#27;[m &amp#27;[35m[@503 - main]&amp#27;[m &amp#27;[36mcom.shaft.tools.io.ReportManager&amp#27;[m : Successfully created attachment "Validation Test Data - Actual JSON Value"
2023-01-12 11:56:25.852 &amp#27;[32m INFO&amp#27;[m &amp#27;[35m[@503 - main]&amp#27;[m &amp#27;[36mcom.shaft.tools.io.ReportManager&amp#27;[m : Successfully created attachment "SHAFT Engine Logs - Current Method log: Add_Policy_With_Missing_Keys_TC"
]]></system-out>
  </testcase>
  <testcase name="Add_Policy_With_Missing_Keys_TC[[Ljava.lang.Object;@249e48a3](21)" classname="SteeringCompanyAPI_TestCases.Test_Policies_Cases" time="1.209">
    <system-out><![CDATA[2023-01-12 11:56:25.859 &amp#27;[32m INFO&amp#27;[m &amp#27;[35m[@534 - main]&amp#27;[m &amp#27;[36mcom.shaft.tools.io.ReportManager&amp#27;[m : 
################################################################################################################################################
Starting Execution:	"23 out of 56" test cases in the current suite
Test Method:		"SteeringCompanyAPI_TestCases.Test_Policies_Cases.Add_Policy_With_Missing_Keys_TC"
Test Description:	"TC050 - Perform Add Policy with Missing Keys"
################################################################################################################################################
2023-01-12 11:56:25.860 &amp#27;[32m INFO&amp#27;[m &amp#27;[35m[@503 - main]&amp#27;[m &amp#27;[36mcom.shaft.tools.io.ReportManager&amp#27;[m : File Action "DoesFileExist" successfully performed. With the following test data "File Path: "SteeringCompanyAPI_TestData/SteeringCompanyAPI_TestData.xlsx"".
2023-01-12 11:56:25.898 &amp#27;[32m INFO&amp#27;[m &amp#27;[35m[@503 - main]&amp#27;[m &amp#27;[36mcom.shaft.tools.io.ReportManager&amp#27;[m : Successfully created attachment "Test Data - Excel"
2023-01-12 11:56:26.495 &amp#27;[32m INFO&amp#27;[m &amp#27;[35m[@503 - main]&amp#27;[m &amp#27;[36mcom.shaft.tools.io.ReportManager&amp#27;[m : Response status code: "200", status line: "HTTP/1.1 200 OK"
2023-01-12 11:56:26.513 &amp#27;[32m INFO&amp#27;[m &amp#27;[35m[@503 - main]&amp#27;[m &amp#27;[36mcom.shaft.tools.io.ReportManager&amp#27;[m : Successfully created attachment "API Request - Specifications"
2023-01-12 11:56:26.514 &amp#27;[32m INFO&amp#27;[m &amp#27;[35m[@503 - main]&amp#27;[m &amp#27;[36mcom.shaft.tools.io.ReportManager&amp#27;[m : Successfully created attachment "API Request - Body"
2023-01-12 11:56:26.515 &amp#27;[32m INFO&amp#27;[m &amp#27;[35m[@503 - main]&amp#27;[m &amp#27;[36mcom.shaft.tools.io.ReportManager&amp#27;[m : Successfully created attachment "API Response - JSON Body"
2023-01-12 11:56:26.537 &amp#27;[32m INFO&amp#27;[m &amp#27;[35m[@503 - main]&amp#27;[m &amp#27;[36mcom.shaft.tools.io.ReportManager&amp#27;[m : File Action "DoesFileExist" successfully performed. With the following test data "File Path: "SteeringCompanyAPI_TestData/SteeringCompanyAPI_TestData.xlsx"".
2023-01-12 11:56:26.559 &amp#27;[32m INFO&amp#27;[m &amp#27;[35m[@503 - main]&amp#27;[m &amp#27;[36mcom.shaft.tools.io.ReportManager&amp#27;[m : Successfully created attachment "Test Data - Excel"
2023-01-12 11:56:27.021 &amp#27;[32m INFO&amp#27;[m &amp#27;[35m[@503 - main]&amp#27;[m &amp#27;[36mcom.shaft.tools.io.ReportManager&amp#27;[m : Response status code: "422", status line: "HTTP/1.1 422 "
2023-01-12 11:56:27.044 &amp#27;[32m INFO&amp#27;[m &amp#27;[35m[@503 - main]&amp#27;[m &amp#27;[36mcom.shaft.tools.io.ReportManager&amp#27;[m : Successfully created attachment "API Request - Specifications"
2023-01-12 11:56:27.046 &amp#27;[32m INFO&amp#27;[m &amp#27;[35m[@503 - main]&amp#27;[m &amp#27;[36mcom.shaft.tools.io.ReportManager&amp#27;[m : Successfully created attachment "API Request - JSON Body"
2023-01-12 11:56:27.046 &amp#27;[32m INFO&amp#27;[m &amp#27;[35m[@503 - main]&amp#27;[m &amp#27;[36mcom.shaft.tools.io.ReportManager&amp#27;[m : Successfully created attachment "API Response - JSON Body"
2023-01-12 11:56:27.048 &amp#27;[32m INFO&amp#27;[m &amp#27;[35m[@503 - main]&amp#27;[m &amp#27;[36mcom.shaft.tools.io.ReportManager&amp#27;[m : File Action "DoesFileExist" successfully performed. With the following test data "File Path: "Schemas/ValidationError_schema.json"".
2023-01-12 11:56:27.048 &amp#27;[32m INFO&amp#27;[m &amp#27;[35m[@503 - main]&amp#27;[m &amp#27;[36mcom.shaft.tools.io.ReportManager&amp#27;[m : File Action "DoesFileExist" successfully performed. With the following test data "File Path: "src/test/resources/testDataFiles/Schemas/ValidationError_schema.json"".
2023-01-12 11:56:27.048 &amp#27;[32m INFO&amp#27;[m &amp#27;[35m[@503 - main]&amp#27;[m &amp#27;[36mcom.shaft.tools.io.ReportManager&amp#27;[m : File Action "GetAbsolutePath" successfully performed. With the following test data "Relative Folder Path: "src/test/resources/testDataFiles/Schemas/ValidationError_schema.json"".
2023-01-12 11:56:27.056 &amp#27;[32m INFO&amp#27;[m &amp#27;[35m[@503 - main]&amp#27;[m &amp#27;[36mcom.shaft.tools.io.ReportManager&amp#27;[m : File Action "DoesFileExist" successfully performed. With the following test data "File Path: "C:\eclipse-workspace\MyProjects\TASystemsAPIs\src\test\resources\testDataFiles\Schemas\ValidationError_schema.json"".
2023-01-12 11:56:27.056 &amp#27;[32m INFO&amp#27;[m &amp#27;[35m[@503 - main]&amp#27;[m &amp#27;[36mcom.shaft.tools.io.ReportManager&amp#27;[m : File Action "GetAbsolutePath" successfully performed. With the following test data "Relative Folder Path: "C:\eclipse-workspace\MyProjects\TASystemsAPIs\src\test\resources\testDataFiles\Schemas\ValidationError_schema.json"".
2023-01-12 11:56:27.056 &amp#27;[32m INFO&amp#27;[m &amp#27;[35m[@503 - main]&amp#27;[m &amp#27;[36mcom.shaft.tools.io.ReportManager&amp#27;[m : File Action "ReadFile" successfully performed. With the following test data "File Path: "C:\eclipse-workspace\MyProjects\TASystemsAPIs\src\test\resources\testDataFiles\Schemas\ValidationError_schema.json"".
2023-01-12 11:56:27.058 &amp#27;[32m INFO&amp#27;[m &amp#27;[35m[@503 - main]&amp#27;[m &amp#27;[36mcom.shaft.tools.io.ReportManager&amp#27;[m : Successfully created attachment "Validation Test Data - Expected JSON Value"
2023-01-12 11:56:27.060 &amp#27;[32m INFO&amp#27;[m &amp#27;[35m[@503 - main]&amp#27;[m &amp#27;[36mcom.shaft.tools.io.ReportManager&amp#27;[m : Successfully created attachment "Validation Test Data - Actual JSON Value"
2023-01-12 11:56:27.061 &amp#27;[32m INFO&amp#27;[m &amp#27;[35m[@503 - main]&amp#27;[m &amp#27;[36mcom.shaft.tools.io.ReportManager&amp#27;[m : Successfully created attachment "SHAFT Engine Logs - Current Method log: Add_Policy_With_Missing_Keys_TC"
]]></system-out>
  </testcase>
  <testcase name="Add_Policy_With_Missing_Keys_TC[[Ljava.lang.Object;@67afb33c](22)" classname="SteeringCompanyAPI_TestCases.Test_Policies_Cases" time="1.196">
    <system-out><![CDATA[2023-01-12 11:56:27.067 &amp#27;[32m INFO&amp#27;[m &amp#27;[35m[@534 - main]&amp#27;[m &amp#27;[36mcom.shaft.tools.io.ReportManager&amp#27;[m : 
################################################################################################################################################
Starting Execution:	"24 out of 56" test cases in the current suite
Test Method:		"SteeringCompanyAPI_TestCases.Test_Policies_Cases.Add_Policy_With_Missing_Keys_TC"
Test Description:	"TC050 - Perform Add Policy with Missing Keys"
################################################################################################################################################
2023-01-12 11:56:27.068 &amp#27;[32m INFO&amp#27;[m &amp#27;[35m[@503 - main]&amp#27;[m &amp#27;[36mcom.shaft.tools.io.ReportManager&amp#27;[m : File Action "DoesFileExist" successfully performed. With the following test data "File Path: "SteeringCompanyAPI_TestData/SteeringCompanyAPI_TestData.xlsx"".
2023-01-12 11:56:27.099 &amp#27;[32m INFO&amp#27;[m &amp#27;[35m[@503 - main]&amp#27;[m &amp#27;[36mcom.shaft.tools.io.ReportManager&amp#27;[m : Successfully created attachment "Test Data - Excel"
2023-01-12 11:56:27.683 &amp#27;[32m INFO&amp#27;[m &amp#27;[35m[@503 - main]&amp#27;[m &amp#27;[36mcom.shaft.tools.io.ReportManager&amp#27;[m : Response status code: "200", status line: "HTTP/1.1 200 OK"
2023-01-12 11:56:27.706 &amp#27;[32m INFO&amp#27;[m &amp#27;[35m[@503 - main]&amp#27;[m &amp#27;[36mcom.shaft.tools.io.ReportManager&amp#27;[m : Successfully created attachment "API Request - Specifications"
2023-01-12 11:56:27.707 &amp#27;[32m INFO&amp#27;[m &amp#27;[35m[@503 - main]&amp#27;[m &amp#27;[36mcom.shaft.tools.io.ReportManager&amp#27;[m : Successfully created attachment "API Request - Body"
2023-01-12 11:56:27.709 &amp#27;[32m INFO&amp#27;[m &amp#27;[35m[@503 - main]&amp#27;[m &amp#27;[36mcom.shaft.tools.io.ReportManager&amp#27;[m : Successfully created attachment "API Response - JSON Body"
2023-01-12 11:56:27.723 &amp#27;[32m INFO&amp#27;[m &amp#27;[35m[@503 - main]&amp#27;[m &amp#27;[36mcom.shaft.tools.io.ReportManager&amp#27;[m : File Action "DoesFileExist" successfully performed. With the following test data "File Path: "SteeringCompanyAPI_TestData/SteeringCompanyAPI_TestData.xlsx"".
2023-01-12 11:56:27.750 &amp#27;[32m INFO&amp#27;[m &amp#27;[35m[@503 - main]&amp#27;[m &amp#27;[36mcom.shaft.tools.io.ReportManager&amp#27;[m : Successfully created attachment "Test Data - Excel"
2023-01-12 11:56:28.209 &amp#27;[32m INFO&amp#27;[m &amp#27;[35m[@503 - main]&amp#27;[m &amp#27;[36mcom.shaft.tools.io.ReportManager&amp#27;[m : Response status code: "422", status line: "HTTP/1.1 422 "
2023-01-12 11:56:28.238 &amp#27;[32m INFO&amp#27;[m &amp#27;[35m[@503 - main]&amp#27;[m &amp#27;[36mcom.shaft.tools.io.ReportManager&amp#27;[m : Successfully created attachment "API Request - Specifications"
2023-01-12 11:56:28.240 &amp#27;[32m INFO&amp#27;[m &amp#27;[35m[@503 - main]&amp#27;[m &amp#27;[36mcom.shaft.tools.io.ReportManager&amp#27;[m : Successfully created attachment "API Request - JSON Body"
2023-01-12 11:56:28.242 &amp#27;[32m INFO&amp#27;[m &amp#27;[35m[@503 - main]&amp#27;[m &amp#27;[36mcom.shaft.tools.io.ReportManager&amp#27;[m : Successfully created attachment "API Response - JSON Body"
2023-01-12 11:56:28.245 &amp#27;[32m INFO&amp#27;[m &amp#27;[35m[@503 - main]&amp#27;[m &amp#27;[36mcom.shaft.tools.io.ReportManager&amp#27;[m : File Action "DoesFileExist" successfully performed. With the following test data "File Path: "Schemas/ValidationError_schema.json"".
2023-01-12 11:56:28.246 &amp#27;[32m INFO&amp#27;[m &amp#27;[35m[@503 - main]&amp#27;[m &amp#27;[36mcom.shaft.tools.io.ReportManager&amp#27;[m : File Action "DoesFileExist" successfully performed. With the following test data "File Path: "src/test/resources/testDataFiles/Schemas/ValidationError_schema.json"".
2023-01-12 11:56:28.247 &amp#27;[32m INFO&amp#27;[m &amp#27;[35m[@503 - main]&amp#27;[m &amp#27;[36mcom.shaft.tools.io.ReportManager&amp#27;[m : File Action "GetAbsolutePath" successfully performed. With the following test data "Relative Folder Path: "src/test/resources/testDataFiles/Schemas/ValidationError_schema.json"".
2023-01-12 11:56:28.254 &amp#27;[32m INFO&amp#27;[m &amp#27;[35m[@503 - main]&amp#27;[m &amp#27;[36mcom.shaft.tools.io.ReportManager&amp#27;[m : File Action "DoesFileExist" successfully performed. With the following test data "File Path: "C:\eclipse-workspace\MyProjects\TASystemsAPIs\src\test\resources\testDataFiles\Schemas\ValidationError_schema.json"".
2023-01-12 11:56:28.254 &amp#27;[32m INFO&amp#27;[m &amp#27;[35m[@503 - main]&amp#27;[m &amp#27;[36mcom.shaft.tools.io.ReportManager&amp#27;[m : File Action "GetAbsolutePath" successfully performed. With the following test data "Relative Folder Path: "C:\eclipse-workspace\MyProjects\TASystemsAPIs\src\test\resources\testDataFiles\Schemas\ValidationError_schema.json"".
2023-01-12 11:56:28.255 &amp#27;[32m INFO&amp#27;[m &amp#27;[35m[@503 - main]&amp#27;[m &amp#27;[36mcom.shaft.tools.io.ReportManager&amp#27;[m : File Action "ReadFile" successfully performed. With the following test data "File Path: "C:\eclipse-workspace\MyProjects\TASystemsAPIs\src\test\resources\testDataFiles\Schemas\ValidationError_schema.json"".
2023-01-12 11:56:28.257 &amp#27;[32m INFO&amp#27;[m &amp#27;[35m[@503 - main]&amp#27;[m &amp#27;[36mcom.shaft.tools.io.ReportManager&amp#27;[m : Successfully created attachment "Validation Test Data - Expected JSON Value"
2023-01-12 11:56:28.258 &amp#27;[32m INFO&amp#27;[m &amp#27;[35m[@503 - main]&amp#27;[m &amp#27;[36mcom.shaft.tools.io.ReportManager&amp#27;[m : Successfully created attachment "Validation Test Data - Actual JSON Value"
2023-01-12 11:56:28.260 &amp#27;[32m INFO&amp#27;[m &amp#27;[35m[@503 - main]&amp#27;[m &amp#27;[36mcom.shaft.tools.io.ReportManager&amp#27;[m : Successfully created attachment "SHAFT Engine Logs - Current Method log: Add_Policy_With_Missing_Keys_TC"
]]></system-out>
  </testcase>
  <testcase name="Add_Policy_With_Missing_Keys_TC[[Ljava.lang.Object;@72a3b822](23)" classname="SteeringCompanyAPI_TestCases.Test_Policies_Cases" time="1.205">
    <system-out><![CDATA[2023-01-12 11:56:28.265 &amp#27;[32m INFO&amp#27;[m &amp#27;[35m[@534 - main]&amp#27;[m &amp#27;[36mcom.shaft.tools.io.ReportManager&amp#27;[m : 
################################################################################################################################################
Starting Execution:	"25 out of 56" test cases in the current suite
Test Method:		"SteeringCompanyAPI_TestCases.Test_Policies_Cases.Add_Policy_With_Missing_Keys_TC"
Test Description:	"TC050 - Perform Add Policy with Missing Keys"
################################################################################################################################################
2023-01-12 11:56:28.266 &amp#27;[32m INFO&amp#27;[m &amp#27;[35m[@503 - main]&amp#27;[m &amp#27;[36mcom.shaft.tools.io.ReportManager&amp#27;[m : File Action "DoesFileExist" successfully performed. With the following test data "File Path: "SteeringCompanyAPI_TestData/SteeringCompanyAPI_TestData.xlsx"".
2023-01-12 11:56:28.287 &amp#27;[32m INFO&amp#27;[m &amp#27;[35m[@503 - main]&amp#27;[m &amp#27;[36mcom.shaft.tools.io.ReportManager&amp#27;[m : Successfully created attachment "Test Data - Excel"
2023-01-12 11:56:28.892 &amp#27;[32m INFO&amp#27;[m &amp#27;[35m[@503 - main]&amp#27;[m &amp#27;[36mcom.shaft.tools.io.ReportManager&amp#27;[m : Response status code: "200", status line: "HTTP/1.1 200 OK"
2023-01-12 11:56:28.921 &amp#27;[32m INFO&amp#27;[m &amp#27;[35m[@503 - main]&amp#27;[m &amp#27;[36mcom.shaft.tools.io.ReportManager&amp#27;[m : Successfully created attachment "API Request - Specifications"
2023-01-12 11:56:28.923 &amp#27;[32m INFO&amp#27;[m &amp#27;[35m[@503 - main]&amp#27;[m &amp#27;[36mcom.shaft.tools.io.ReportManager&amp#27;[m : Successfully created attachment "API Request - Body"
2023-01-12 11:56:28.925 &amp#27;[32m INFO&amp#27;[m &amp#27;[35m[@503 - main]&amp#27;[m &amp#27;[36mcom.shaft.tools.io.ReportManager&amp#27;[m : Successfully created attachment "API Response - JSON Body"
2023-01-12 11:56:28.940 &amp#27;[32m INFO&amp#27;[m &amp#27;[35m[@503 - main]&amp#27;[m &amp#27;[36mcom.shaft.tools.io.ReportManager&amp#27;[m : File Action "DoesFileExist" successfully performed. With the following test data "File Path: "SteeringCompanyAPI_TestData/SteeringCompanyAPI_TestData.xlsx"".
2023-01-12 11:56:28.959 &amp#27;[32m INFO&amp#27;[m &amp#27;[35m[@503 - main]&amp#27;[m &amp#27;[36mcom.shaft.tools.io.ReportManager&amp#27;[m : Successfully created attachment "Test Data - Excel"
2023-01-12 11:56:29.424 &amp#27;[32m INFO&amp#27;[m &amp#27;[35m[@503 - main]&amp#27;[m &amp#27;[36mcom.shaft.tools.io.ReportManager&amp#27;[m : Response status code: "422", status line: "HTTP/1.1 422 "
2023-01-12 11:56:29.446 &amp#27;[32m INFO&amp#27;[m &amp#27;[35m[@503 - main]&amp#27;[m &amp#27;[36mcom.shaft.tools.io.ReportManager&amp#27;[m : Successfully created attachment "API Request - Specifications"
2023-01-12 11:56:29.447 &amp#27;[32m INFO&amp#27;[m &amp#27;[35m[@503 - main]&amp#27;[m &amp#27;[36mcom.shaft.tools.io.ReportManager&amp#27;[m : Successfully created attachment "API Request - JSON Body"
2023-01-12 11:56:29.449 &amp#27;[32m INFO&amp#27;[m &amp#27;[35m[@503 - main]&amp#27;[m &amp#27;[36mcom.shaft.tools.io.ReportManager&amp#27;[m : Successfully created attachment "API Response - JSON Body"
2023-01-12 11:56:29.451 &amp#27;[32m INFO&amp#27;[m &amp#27;[35m[@503 - main]&amp#27;[m &amp#27;[36mcom.shaft.tools.io.ReportManager&amp#27;[m : File Action "DoesFileExist" successfully performed. With the following test data "File Path: "Schemas/ValidationError_schema.json"".
2023-01-12 11:56:29.451 &amp#27;[32m INFO&amp#27;[m &amp#27;[35m[@503 - main]&amp#27;[m &amp#27;[36mcom.shaft.tools.io.ReportManager&amp#27;[m : File Action "DoesFileExist" successfully performed. With the following test data "File Path: "src/test/resources/testDataFiles/Schemas/ValidationError_schema.json"".
2023-01-12 11:56:29.452 &amp#27;[32m INFO&amp#27;[m &amp#27;[35m[@503 - main]&amp#27;[m &amp#27;[36mcom.shaft.tools.io.ReportManager&amp#27;[m : File Action "GetAbsolutePath" successfully performed. With the following test data "Relative Folder Path: "src/test/resources/testDataFiles/Schemas/ValidationError_schema.json"".
2023-01-12 11:56:29.457 &amp#27;[32m INFO&amp#27;[m &amp#27;[35m[@503 - main]&amp#27;[m &amp#27;[36mcom.shaft.tools.io.ReportManager&amp#27;[m : File Action "DoesFileExist" successfully performed. With the following test data "File Path: "C:\eclipse-workspace\MyProjects\TASystemsAPIs\src\test\resources\testDataFiles\Schemas\ValidationError_schema.json"".
2023-01-12 11:56:29.458 &amp#27;[32m INFO&amp#27;[m &amp#27;[35m[@503 - main]&amp#27;[m &amp#27;[36mcom.shaft.tools.io.ReportManager&amp#27;[m : File Action "GetAbsolutePath" successfully performed. With the following test data "Relative Folder Path: "C:\eclipse-workspace\MyProjects\TASystemsAPIs\src\test\resources\testDataFiles\Schemas\ValidationError_schema.json"".
2023-01-12 11:56:29.459 &amp#27;[32m INFO&amp#27;[m &amp#27;[35m[@503 - main]&amp#27;[m &amp#27;[36mcom.shaft.tools.io.ReportManager&amp#27;[m : File Action "ReadFile" successfully performed. With the following test data "File Path: "C:\eclipse-workspace\MyProjects\TASystemsAPIs\src\test\resources\testDataFiles\Schemas\ValidationError_schema.json"".
2023-01-12 11:56:29.462 &amp#27;[32m INFO&amp#27;[m &amp#27;[35m[@503 - main]&amp#27;[m &amp#27;[36mcom.shaft.tools.io.ReportManager&amp#27;[m : Successfully created attachment "Validation Test Data - Expected JSON Value"
2023-01-12 11:56:29.463 &amp#27;[32m INFO&amp#27;[m &amp#27;[35m[@503 - main]&amp#27;[m &amp#27;[36mcom.shaft.tools.io.ReportManager&amp#27;[m : Successfully created attachment "Validation Test Data - Actual JSON Value"
2023-01-12 11:56:29.465 &amp#27;[32m INFO&amp#27;[m &amp#27;[35m[@503 - main]&amp#27;[m &amp#27;[36mcom.shaft.tools.io.ReportManager&amp#27;[m : Successfully created attachment "SHAFT Engine Logs - Current Method log: Add_Policy_With_Missing_Keys_TC"
]]></system-out>
  </testcase>
  <testcase name="Add_Policy_With_Missing_Keys_TC[[Ljava.lang.Object;@6caef908](24)" classname="SteeringCompanyAPI_TestCases.Test_Policies_Cases" time="1.188">
    <system-out><![CDATA[2023-01-12 11:56:29.470 &amp#27;[32m INFO&amp#27;[m &amp#27;[35m[@534 - main]&amp#27;[m &amp#27;[36mcom.shaft.tools.io.ReportManager&amp#27;[m : 
################################################################################################################################################
Starting Execution:	"26 out of 56" test cases in the current suite
Test Method:		"SteeringCompanyAPI_TestCases.Test_Policies_Cases.Add_Policy_With_Missing_Keys_TC"
Test Description:	"TC050 - Perform Add Policy with Missing Keys"
################################################################################################################################################
2023-01-12 11:56:29.471 &amp#27;[32m INFO&amp#27;[m &amp#27;[35m[@503 - main]&amp#27;[m &amp#27;[36mcom.shaft.tools.io.ReportManager&amp#27;[m : File Action "DoesFileExist" successfully performed. With the following test data "File Path: "SteeringCompanyAPI_TestData/SteeringCompanyAPI_TestData.xlsx"".
2023-01-12 11:56:29.510 &amp#27;[32m INFO&amp#27;[m &amp#27;[35m[@503 - main]&amp#27;[m &amp#27;[36mcom.shaft.tools.io.ReportManager&amp#27;[m : Successfully created attachment "Test Data - Excel"
2023-01-12 11:56:30.092 &amp#27;[32m INFO&amp#27;[m &amp#27;[35m[@503 - main]&amp#27;[m &amp#27;[36mcom.shaft.tools.io.ReportManager&amp#27;[m : Response status code: "200", status line: "HTTP/1.1 200 OK"
2023-01-12 11:56:30.108 &amp#27;[32m INFO&amp#27;[m &amp#27;[35m[@503 - main]&amp#27;[m &amp#27;[36mcom.shaft.tools.io.ReportManager&amp#27;[m : Successfully created attachment "API Request - Specifications"
2023-01-12 11:56:30.109 &amp#27;[32m INFO&amp#27;[m &amp#27;[35m[@503 - main]&amp#27;[m &amp#27;[36mcom.shaft.tools.io.ReportManager&amp#27;[m : Successfully created attachment "API Request - Body"
2023-01-12 11:56:30.110 &amp#27;[32m INFO&amp#27;[m &amp#27;[35m[@503 - main]&amp#27;[m &amp#27;[36mcom.shaft.tools.io.ReportManager&amp#27;[m : Successfully created attachment "API Response - JSON Body"
2023-01-12 11:56:30.128 &amp#27;[32m INFO&amp#27;[m &amp#27;[35m[@503 - main]&amp#27;[m &amp#27;[36mcom.shaft.tools.io.ReportManager&amp#27;[m : File Action "DoesFileExist" successfully performed. With the following test data "File Path: "SteeringCompanyAPI_TestData/SteeringCompanyAPI_TestData.xlsx"".
2023-01-12 11:56:30.149 &amp#27;[32m INFO&amp#27;[m &amp#27;[35m[@503 - main]&amp#27;[m &amp#27;[36mcom.shaft.tools.io.ReportManager&amp#27;[m : Successfully created attachment "Test Data - Excel"
2023-01-12 11:56:30.601 &amp#27;[32m INFO&amp#27;[m &amp#27;[35m[@503 - main]&amp#27;[m &amp#27;[36mcom.shaft.tools.io.ReportManager&amp#27;[m : Response status code: "422", status line: "HTTP/1.1 422 "
2023-01-12 11:56:30.628 &amp#27;[32m INFO&amp#27;[m &amp#27;[35m[@503 - main]&amp#27;[m &amp#27;[36mcom.shaft.tools.io.ReportManager&amp#27;[m : Successfully created attachment "API Request - Specifications"
2023-01-12 11:56:30.629 &amp#27;[32m INFO&amp#27;[m &amp#27;[35m[@503 - main]&amp#27;[m &amp#27;[36mcom.shaft.tools.io.ReportManager&amp#27;[m : Successfully created attachment "API Request - JSON Body"
2023-01-12 11:56:30.631 &amp#27;[32m INFO&amp#27;[m &amp#27;[35m[@503 - main]&amp#27;[m &amp#27;[36mcom.shaft.tools.io.ReportManager&amp#27;[m : Successfully created attachment "API Response - JSON Body"
2023-01-12 11:56:30.635 &amp#27;[32m INFO&amp#27;[m &amp#27;[35m[@503 - main]&amp#27;[m &amp#27;[36mcom.shaft.tools.io.ReportManager&amp#27;[m : File Action "DoesFileExist" successfully performed. With the following test data "File Path: "Schemas/ValidationError_schema.json"".
2023-01-12 11:56:30.635 &amp#27;[32m INFO&amp#27;[m &amp#27;[35m[@503 - main]&amp#27;[m &amp#27;[36mcom.shaft.tools.io.ReportManager&amp#27;[m : File Action "DoesFileExist" successfully performed. With the following test data "File Path: "src/test/resources/testDataFiles/Schemas/ValidationError_schema.json"".
2023-01-12 11:56:30.636 &amp#27;[32m INFO&amp#27;[m &amp#27;[35m[@503 - main]&amp#27;[m &amp#27;[36mcom.shaft.tools.io.ReportManager&amp#27;[m : File Action "GetAbsolutePath" successfully performed. With the following test data "Relative Folder Path: "src/test/resources/testDataFiles/Schemas/ValidationError_schema.json"".
2023-01-12 11:56:30.645 &amp#27;[32m INFO&amp#27;[m &amp#27;[35m[@503 - main]&amp#27;[m &amp#27;[36mcom.shaft.tools.io.ReportManager&amp#27;[m : File Action "DoesFileExist" successfully performed. With the following test data "File Path: "C:\eclipse-workspace\MyProjects\TASystemsAPIs\src\test\resources\testDataFiles\Schemas\ValidationError_schema.json"".
2023-01-12 11:56:30.646 &amp#27;[32m INFO&amp#27;[m &amp#27;[35m[@503 - main]&amp#27;[m &amp#27;[36mcom.shaft.tools.io.ReportManager&amp#27;[m : File Action "GetAbsolutePath" successfully performed. With the following test data "Relative Folder Path: "C:\eclipse-workspace\MyProjects\TASystemsAPIs\src\test\resources\testDataFiles\Schemas\ValidationError_schema.json"".
2023-01-12 11:56:30.646 &amp#27;[32m INFO&amp#27;[m &amp#27;[35m[@503 - main]&amp#27;[m &amp#27;[36mcom.shaft.tools.io.ReportManager&amp#27;[m : File Action "ReadFile" successfully performed. With the following test data "File Path: "C:\eclipse-workspace\MyProjects\TASystemsAPIs\src\test\resources\testDataFiles\Schemas\ValidationError_schema.json"".
2023-01-12 11:56:30.650 &amp#27;[32m INFO&amp#27;[m &amp#27;[35m[@503 - main]&amp#27;[m &amp#27;[36mcom.shaft.tools.io.ReportManager&amp#27;[m : Successfully created attachment "Validation Test Data - Expected JSON Value"
2023-01-12 11:56:30.652 &amp#27;[32m INFO&amp#27;[m &amp#27;[35m[@503 - main]&amp#27;[m &amp#27;[36mcom.shaft.tools.io.ReportManager&amp#27;[m : Successfully created attachment "Validation Test Data - Actual JSON Value"
2023-01-12 11:56:30.653 &amp#27;[32m INFO&amp#27;[m &amp#27;[35m[@503 - main]&amp#27;[m &amp#27;[36mcom.shaft.tools.io.ReportManager&amp#27;[m : Successfully created attachment "SHAFT Engine Logs - Current Method log: Add_Policy_With_Missing_Keys_TC"
]]></system-out>
  </testcase>
  <testcase name="Add_Policy_With_Missing_Keys_TC[[Ljava.lang.Object;@69a3c55b](25)" classname="SteeringCompanyAPI_TestCases.Test_Policies_Cases" time="1.227">
    <system-out><![CDATA[2023-01-12 11:56:30.659 &amp#27;[32m INFO&amp#27;[m &amp#27;[35m[@534 - main]&amp#27;[m &amp#27;[36mcom.shaft.tools.io.ReportManager&amp#27;[m : 
################################################################################################################################################
Starting Execution:	"27 out of 56" test cases in the current suite
Test Method:		"SteeringCompanyAPI_TestCases.Test_Policies_Cases.Add_Policy_With_Missing_Keys_TC"
Test Description:	"TC050 - Perform Add Policy with Missing Keys"
################################################################################################################################################
2023-01-12 11:56:30.660 &amp#27;[32m INFO&amp#27;[m &amp#27;[35m[@503 - main]&amp#27;[m &amp#27;[36mcom.shaft.tools.io.ReportManager&amp#27;[m : File Action "DoesFileExist" successfully performed. With the following test data "File Path: "SteeringCompanyAPI_TestData/SteeringCompanyAPI_TestData.xlsx"".
2023-01-12 11:56:30.694 &amp#27;[32m INFO&amp#27;[m &amp#27;[35m[@503 - main]&amp#27;[m &amp#27;[36mcom.shaft.tools.io.ReportManager&amp#27;[m : Successfully created attachment "Test Data - Excel"
2023-01-12 11:56:31.326 &amp#27;[32m INFO&amp#27;[m &amp#27;[35m[@503 - main]&amp#27;[m &amp#27;[36mcom.shaft.tools.io.ReportManager&amp#27;[m : Response status code: "200", status line: "HTTP/1.1 200 OK"
2023-01-12 11:56:31.348 &amp#27;[32m INFO&amp#27;[m &amp#27;[35m[@503 - main]&amp#27;[m &amp#27;[36mcom.shaft.tools.io.ReportManager&amp#27;[m : Successfully created attachment "API Request - Specifications"
2023-01-12 11:56:31.350 &amp#27;[32m INFO&amp#27;[m &amp#27;[35m[@503 - main]&amp#27;[m &amp#27;[36mcom.shaft.tools.io.ReportManager&amp#27;[m : Successfully created attachment "API Request - Body"
2023-01-12 11:56:31.351 &amp#27;[32m INFO&amp#27;[m &amp#27;[35m[@503 - main]&amp#27;[m &amp#27;[36mcom.shaft.tools.io.ReportManager&amp#27;[m : Successfully created attachment "API Response - JSON Body"
2023-01-12 11:56:31.369 &amp#27;[32m INFO&amp#27;[m &amp#27;[35m[@503 - main]&amp#27;[m &amp#27;[36mcom.shaft.tools.io.ReportManager&amp#27;[m : File Action "DoesFileExist" successfully performed. With the following test data "File Path: "SteeringCompanyAPI_TestData/SteeringCompanyAPI_TestData.xlsx"".
2023-01-12 11:56:31.394 &amp#27;[32m INFO&amp#27;[m &amp#27;[35m[@503 - main]&amp#27;[m &amp#27;[36mcom.shaft.tools.io.ReportManager&amp#27;[m : Successfully created attachment "Test Data - Excel"
2023-01-12 11:56:31.843 &amp#27;[32m INFO&amp#27;[m &amp#27;[35m[@503 - main]&amp#27;[m &amp#27;[36mcom.shaft.tools.io.ReportManager&amp#27;[m : Response status code: "422", status line: "HTTP/1.1 422 "
2023-01-12 11:56:31.863 &amp#27;[32m INFO&amp#27;[m &amp#27;[35m[@503 - main]&amp#27;[m &amp#27;[36mcom.shaft.tools.io.ReportManager&amp#27;[m : Successfully created attachment "API Request - Specifications"
2023-01-12 11:56:31.864 &amp#27;[32m INFO&amp#27;[m &amp#27;[35m[@503 - main]&amp#27;[m &amp#27;[36mcom.shaft.tools.io.ReportManager&amp#27;[m : Successfully created attachment "API Request - JSON Body"
2023-01-12 11:56:31.865 &amp#27;[32m INFO&amp#27;[m &amp#27;[35m[@503 - main]&amp#27;[m &amp#27;[36mcom.shaft.tools.io.ReportManager&amp#27;[m : Successfully created attachment "API Response - JSON Body"
2023-01-12 11:56:31.867 &amp#27;[32m INFO&amp#27;[m &amp#27;[35m[@503 - main]&amp#27;[m &amp#27;[36mcom.shaft.tools.io.ReportManager&amp#27;[m : File Action "DoesFileExist" successfully performed. With the following test data "File Path: "Schemas/ValidationError_schema.json"".
2023-01-12 11:56:31.867 &amp#27;[32m INFO&amp#27;[m &amp#27;[35m[@503 - main]&amp#27;[m &amp#27;[36mcom.shaft.tools.io.ReportManager&amp#27;[m : File Action "DoesFileExist" successfully performed. With the following test data "File Path: "src/test/resources/testDataFiles/Schemas/ValidationError_schema.json"".
2023-01-12 11:56:31.867 &amp#27;[32m INFO&amp#27;[m &amp#27;[35m[@503 - main]&amp#27;[m &amp#27;[36mcom.shaft.tools.io.ReportManager&amp#27;[m : File Action "GetAbsolutePath" successfully performed. With the following test data "Relative Folder Path: "src/test/resources/testDataFiles/Schemas/ValidationError_schema.json"".
2023-01-12 11:56:31.875 &amp#27;[32m INFO&amp#27;[m &amp#27;[35m[@503 - main]&amp#27;[m &amp#27;[36mcom.shaft.tools.io.ReportManager&amp#27;[m : File Action "DoesFileExist" successfully performed. With the following test data "File Path: "C:\eclipse-workspace\MyProjects\TASystemsAPIs\src\test\resources\testDataFiles\Schemas\ValidationError_schema.json"".
2023-01-12 11:56:31.876 &amp#27;[32m INFO&amp#27;[m &amp#27;[35m[@503 - main]&amp#27;[m &amp#27;[36mcom.shaft.tools.io.ReportManager&amp#27;[m : File Action "GetAbsolutePath" successfully performed. With the following test data "Relative Folder Path: "C:\eclipse-workspace\MyProjects\TASystemsAPIs\src\test\resources\testDataFiles\Schemas\ValidationError_schema.json"".
2023-01-12 11:56:31.876 &amp#27;[32m INFO&amp#27;[m &amp#27;[35m[@503 - main]&amp#27;[m &amp#27;[36mcom.shaft.tools.io.ReportManager&amp#27;[m : File Action "ReadFile" successfully performed. With the following test data "File Path: "C:\eclipse-workspace\MyProjects\TASystemsAPIs\src\test\resources\testDataFiles\Schemas\ValidationError_schema.json"".
2023-01-12 11:56:31.879 &amp#27;[32m INFO&amp#27;[m &amp#27;[35m[@503 - main]&amp#27;[m &amp#27;[36mcom.shaft.tools.io.ReportManager&amp#27;[m : Successfully created attachment "Validation Test Data - Expected JSON Value"
2023-01-12 11:56:31.880 &amp#27;[32m INFO&amp#27;[m &amp#27;[35m[@503 - main]&amp#27;[m &amp#27;[36mcom.shaft.tools.io.ReportManager&amp#27;[m : Successfully created attachment "Validation Test Data - Actual JSON Value"
2023-01-12 11:56:31.881 &amp#27;[32m INFO&amp#27;[m &amp#27;[35m[@503 - main]&amp#27;[m &amp#27;[36mcom.shaft.tools.io.ReportManager&amp#27;[m : Successfully created attachment "SHAFT Engine Logs - Current Method log: Add_Policy_With_Missing_Keys_TC"
]]></system-out>
  </testcase>
  <testcase name="Add_Policy_With_Missing_Keys_TC[[Ljava.lang.Object;@6ae9b2f0](26)" classname="SteeringCompanyAPI_TestCases.Test_Policies_Cases" time="1.204">
    <system-out><![CDATA[2023-01-12 11:56:31.884 &amp#27;[32m INFO&amp#27;[m &amp#27;[35m[@534 - main]&amp#27;[m &amp#27;[36mcom.shaft.tools.io.ReportManager&amp#27;[m : 
################################################################################################################################################
Starting Execution:	"28 out of 56" test cases in the current suite
Test Method:		"SteeringCompanyAPI_TestCases.Test_Policies_Cases.Add_Policy_With_Missing_Keys_TC"
Test Description:	"TC050 - Perform Add Policy with Missing Keys"
################################################################################################################################################
2023-01-12 11:56:31.884 &amp#27;[32m INFO&amp#27;[m &amp#27;[35m[@503 - main]&amp#27;[m &amp#27;[36mcom.shaft.tools.io.ReportManager&amp#27;[m : File Action "DoesFileExist" successfully performed. With the following test data "File Path: "SteeringCompanyAPI_TestData/SteeringCompanyAPI_TestData.xlsx"".
2023-01-12 11:56:31.918 &amp#27;[32m INFO&amp#27;[m &amp#27;[35m[@503 - main]&amp#27;[m &amp#27;[36mcom.shaft.tools.io.ReportManager&amp#27;[m : Successfully created attachment "Test Data - Excel"
2023-01-12 11:56:32.507 &amp#27;[32m INFO&amp#27;[m &amp#27;[35m[@503 - main]&amp#27;[m &amp#27;[36mcom.shaft.tools.io.ReportManager&amp#27;[m : Response status code: "200", status line: "HTTP/1.1 200 OK"
2023-01-12 11:56:32.537 &amp#27;[32m INFO&amp#27;[m &amp#27;[35m[@503 - main]&amp#27;[m &amp#27;[36mcom.shaft.tools.io.ReportManager&amp#27;[m : Successfully created attachment "API Request - Specifications"
2023-01-12 11:56:32.538 &amp#27;[32m INFO&amp#27;[m &amp#27;[35m[@503 - main]&amp#27;[m &amp#27;[36mcom.shaft.tools.io.ReportManager&amp#27;[m : Successfully created attachment "API Request - Body"
2023-01-12 11:56:32.538 &amp#27;[32m INFO&amp#27;[m &amp#27;[35m[@503 - main]&amp#27;[m &amp#27;[36mcom.shaft.tools.io.ReportManager&amp#27;[m : Successfully created attachment "API Response - JSON Body"
2023-01-12 11:56:32.552 &amp#27;[32m INFO&amp#27;[m &amp#27;[35m[@503 - main]&amp#27;[m &amp#27;[36mcom.shaft.tools.io.ReportManager&amp#27;[m : File Action "DoesFileExist" successfully performed. With the following test data "File Path: "SteeringCompanyAPI_TestData/SteeringCompanyAPI_TestData.xlsx"".
2023-01-12 11:56:32.583 &amp#27;[32m INFO&amp#27;[m &amp#27;[35m[@503 - main]&amp#27;[m &amp#27;[36mcom.shaft.tools.io.ReportManager&amp#27;[m : Successfully created attachment "Test Data - Excel"
2023-01-12 11:56:33.034 &amp#27;[32m INFO&amp#27;[m &amp#27;[35m[@503 - main]&amp#27;[m &amp#27;[36mcom.shaft.tools.io.ReportManager&amp#27;[m : Response status code: "422", status line: "HTTP/1.1 422 "
2023-01-12 11:56:33.063 &amp#27;[32m INFO&amp#27;[m &amp#27;[35m[@503 - main]&amp#27;[m &amp#27;[36mcom.shaft.tools.io.ReportManager&amp#27;[m : Successfully created attachment "API Request - Specifications"
2023-01-12 11:56:33.066 &amp#27;[32m INFO&amp#27;[m &amp#27;[35m[@503 - main]&amp#27;[m &amp#27;[36mcom.shaft.tools.io.ReportManager&amp#27;[m : Successfully created attachment "API Request - JSON Body"
2023-01-12 11:56:33.067 &amp#27;[32m INFO&amp#27;[m &amp#27;[35m[@503 - main]&amp#27;[m &amp#27;[36mcom.shaft.tools.io.ReportManager&amp#27;[m : Successfully created attachment "API Response - JSON Body"
2023-01-12 11:56:33.070 &amp#27;[32m INFO&amp#27;[m &amp#27;[35m[@503 - main]&amp#27;[m &amp#27;[36mcom.shaft.tools.io.ReportManager&amp#27;[m : File Action "DoesFileExist" successfully performed. With the following test data "File Path: "Schemas/ValidationError_schema.json"".
2023-01-12 11:56:33.071 &amp#27;[32m INFO&amp#27;[m &amp#27;[35m[@503 - main]&amp#27;[m &amp#27;[36mcom.shaft.tools.io.ReportManager&amp#27;[m : File Action "DoesFileExist" successfully performed. With the following test data "File Path: "src/test/resources/testDataFiles/Schemas/ValidationError_schema.json"".
2023-01-12 11:56:33.072 &amp#27;[32m INFO&amp#27;[m &amp#27;[35m[@503 - main]&amp#27;[m &amp#27;[36mcom.shaft.tools.io.ReportManager&amp#27;[m : File Action "GetAbsolutePath" successfully performed. With the following test data "Relative Folder Path: "src/test/resources/testDataFiles/Schemas/ValidationError_schema.json"".
2023-01-12 11:56:33.077 &amp#27;[32m INFO&amp#27;[m &amp#27;[35m[@503 - main]&amp#27;[m &amp#27;[36mcom.shaft.tools.io.ReportManager&amp#27;[m : File Action "DoesFileExist" successfully performed. With the following test data "File Path: "C:\eclipse-workspace\MyProjects\TASystemsAPIs\src\test\resources\testDataFiles\Schemas\ValidationError_schema.json"".
2023-01-12 11:56:33.078 &amp#27;[32m INFO&amp#27;[m &amp#27;[35m[@503 - main]&amp#27;[m &amp#27;[36mcom.shaft.tools.io.ReportManager&amp#27;[m : File Action "GetAbsolutePath" successfully performed. With the following test data "Relative Folder Path: "C:\eclipse-workspace\MyProjects\TASystemsAPIs\src\test\resources\testDataFiles\Schemas\ValidationError_schema.json"".
2023-01-12 11:56:33.079 &amp#27;[32m INFO&amp#27;[m &amp#27;[35m[@503 - main]&amp#27;[m &amp#27;[36mcom.shaft.tools.io.ReportManager&amp#27;[m : File Action "ReadFile" successfully performed. With the following test data "File Path: "C:\eclipse-workspace\MyProjects\TASystemsAPIs\src\test\resources\testDataFiles\Schemas\ValidationError_schema.json"".
2023-01-12 11:56:33.080 &amp#27;[32m INFO&amp#27;[m &amp#27;[35m[@503 - main]&amp#27;[m &amp#27;[36mcom.shaft.tools.io.ReportManager&amp#27;[m : Successfully created attachment "Validation Test Data - Expected JSON Value"
2023-01-12 11:56:33.082 &amp#27;[32m INFO&amp#27;[m &amp#27;[35m[@503 - main]&amp#27;[m &amp#27;[36mcom.shaft.tools.io.ReportManager&amp#27;[m : Successfully created attachment "Validation Test Data - Actual JSON Value"
2023-01-12 11:56:33.084 &amp#27;[32m INFO&amp#27;[m &amp#27;[35m[@503 - main]&amp#27;[m &amp#27;[36mcom.shaft.tools.io.ReportManager&amp#27;[m : Successfully created attachment "SHAFT Engine Logs - Current Method log: Add_Policy_With_Missing_Keys_TC"
]]></system-out>
  </testcase>
  <testcase name="Add_Policy_With_Missing_Keys_TC[[Ljava.lang.Object;@4671c82f](27)" classname="SteeringCompanyAPI_TestCases.Test_Policies_Cases" time="1.247">
    <system-out><![CDATA[2023-01-12 11:56:33.089 &amp#27;[32m INFO&amp#27;[m &amp#27;[35m[@534 - main]&amp#27;[m &amp#27;[36mcom.shaft.tools.io.ReportManager&amp#27;[m : 
################################################################################################################################################
Starting Execution:	"29 out of 56" test cases in the current suite
Test Method:		"SteeringCompanyAPI_TestCases.Test_Policies_Cases.Add_Policy_With_Missing_Keys_TC"
Test Description:	"TC050 - Perform Add Policy with Missing Keys"
################################################################################################################################################
2023-01-12 11:56:33.090 &amp#27;[32m INFO&amp#27;[m &amp#27;[35m[@503 - main]&amp#27;[m &amp#27;[36mcom.shaft.tools.io.ReportManager&amp#27;[m : File Action "DoesFileExist" successfully performed. With the following test data "File Path: "SteeringCompanyAPI_TestData/SteeringCompanyAPI_TestData.xlsx"".
2023-01-12 11:56:33.132 &amp#27;[32m INFO&amp#27;[m &amp#27;[35m[@503 - main]&amp#27;[m &amp#27;[36mcom.shaft.tools.io.ReportManager&amp#27;[m : Successfully created attachment "Test Data - Excel"
2023-01-12 11:56:33.729 &amp#27;[32m INFO&amp#27;[m &amp#27;[35m[@503 - main]&amp#27;[m &amp#27;[36mcom.shaft.tools.io.ReportManager&amp#27;[m : Response status code: "200", status line: "HTTP/1.1 200 OK"
2023-01-12 11:56:33.760 &amp#27;[32m INFO&amp#27;[m &amp#27;[35m[@503 - main]&amp#27;[m &amp#27;[36mcom.shaft.tools.io.ReportManager&amp#27;[m : Successfully created attachment "API Request - Specifications"
2023-01-12 11:56:33.763 &amp#27;[32m INFO&amp#27;[m &amp#27;[35m[@503 - main]&amp#27;[m &amp#27;[36mcom.shaft.tools.io.ReportManager&amp#27;[m : Successfully created attachment "API Request - Body"
2023-01-12 11:56:33.765 &amp#27;[32m INFO&amp#27;[m &amp#27;[35m[@503 - main]&amp#27;[m &amp#27;[36mcom.shaft.tools.io.ReportManager&amp#27;[m : Successfully created attachment "API Response - JSON Body"
2023-01-12 11:56:33.794 &amp#27;[32m INFO&amp#27;[m &amp#27;[35m[@503 - main]&amp#27;[m &amp#27;[36mcom.shaft.tools.io.ReportManager&amp#27;[m : File Action "DoesFileExist" successfully performed. With the following test data "File Path: "SteeringCompanyAPI_TestData/SteeringCompanyAPI_TestData.xlsx"".
2023-01-12 11:56:33.823 &amp#27;[32m INFO&amp#27;[m &amp#27;[35m[@503 - main]&amp#27;[m &amp#27;[36mcom.shaft.tools.io.ReportManager&amp#27;[m : Successfully created attachment "Test Data - Excel"
2023-01-12 11:56:34.285 &amp#27;[32m INFO&amp#27;[m &amp#27;[35m[@503 - main]&amp#27;[m &amp#27;[36mcom.shaft.tools.io.ReportManager&amp#27;[m : Response status code: "422", status line: "HTTP/1.1 422 "
2023-01-12 11:56:34.318 &amp#27;[32m INFO&amp#27;[m &amp#27;[35m[@503 - main]&amp#27;[m &amp#27;[36mcom.shaft.tools.io.ReportManager&amp#27;[m : Successfully created attachment "API Request - Specifications"
2023-01-12 11:56:34.319 &amp#27;[32m INFO&amp#27;[m &amp#27;[35m[@503 - main]&amp#27;[m &amp#27;[36mcom.shaft.tools.io.ReportManager&amp#27;[m : Successfully created attachment "API Request - JSON Body"
2023-01-12 11:56:34.320 &amp#27;[32m INFO&amp#27;[m &amp#27;[35m[@503 - main]&amp#27;[m &amp#27;[36mcom.shaft.tools.io.ReportManager&amp#27;[m : Successfully created attachment "API Response - JSON Body"
2023-01-12 11:56:34.323 &amp#27;[32m INFO&amp#27;[m &amp#27;[35m[@503 - main]&amp#27;[m &amp#27;[36mcom.shaft.tools.io.ReportManager&amp#27;[m : File Action "DoesFileExist" successfully performed. With the following test data "File Path: "Schemas/ValidationError_schema.json"".
2023-01-12 11:56:34.324 &amp#27;[32m INFO&amp#27;[m &amp#27;[35m[@503 - main]&amp#27;[m &amp#27;[36mcom.shaft.tools.io.ReportManager&amp#27;[m : File Action "DoesFileExist" successfully performed. With the following test data "File Path: "src/test/resources/testDataFiles/Schemas/ValidationError_schema.json"".
2023-01-12 11:56:34.324 &amp#27;[32m INFO&amp#27;[m &amp#27;[35m[@503 - main]&amp#27;[m &amp#27;[36mcom.shaft.tools.io.ReportManager&amp#27;[m : File Action "GetAbsolutePath" successfully performed. With the following test data "Relative Folder Path: "src/test/resources/testDataFiles/Schemas/ValidationError_schema.json"".
2023-01-12 11:56:34.327 &amp#27;[32m INFO&amp#27;[m &amp#27;[35m[@503 - main]&amp#27;[m &amp#27;[36mcom.shaft.tools.io.ReportManager&amp#27;[m : File Action "DoesFileExist" successfully performed. With the following test data "File Path: "C:\eclipse-workspace\MyProjects\TASystemsAPIs\src\test\resources\testDataFiles\Schemas\ValidationError_schema.json"".
2023-01-12 11:56:34.328 &amp#27;[32m INFO&amp#27;[m &amp#27;[35m[@503 - main]&amp#27;[m &amp#27;[36mcom.shaft.tools.io.ReportManager&amp#27;[m : File Action "GetAbsolutePath" successfully performed. With the following test data "Relative Folder Path: "C:\eclipse-workspace\MyProjects\TASystemsAPIs\src\test\resources\testDataFiles\Schemas\ValidationError_schema.json"".
2023-01-12 11:56:34.328 &amp#27;[32m INFO&amp#27;[m &amp#27;[35m[@503 - main]&amp#27;[m &amp#27;[36mcom.shaft.tools.io.ReportManager&amp#27;[m : File Action "ReadFile" successfully performed. With the following test data "File Path: "C:\eclipse-workspace\MyProjects\TASystemsAPIs\src\test\resources\testDataFiles\Schemas\ValidationError_schema.json"".
2023-01-12 11:56:34.331 &amp#27;[32m INFO&amp#27;[m &amp#27;[35m[@503 - main]&amp#27;[m &amp#27;[36mcom.shaft.tools.io.ReportManager&amp#27;[m : Successfully created attachment "Validation Test Data - Expected JSON Value"
2023-01-12 11:56:34.332 &amp#27;[32m INFO&amp#27;[m &amp#27;[35m[@503 - main]&amp#27;[m &amp#27;[36mcom.shaft.tools.io.ReportManager&amp#27;[m : Successfully created attachment "Validation Test Data - Actual JSON Value"
2023-01-12 11:56:34.333 &amp#27;[32m INFO&amp#27;[m &amp#27;[35m[@503 - main]&amp#27;[m &amp#27;[36mcom.shaft.tools.io.ReportManager&amp#27;[m : Successfully created attachment "SHAFT Engine Logs - Current Method log: Add_Policy_With_Missing_Keys_TC"
]]></system-out>
  </testcase>
  <testcase name="Add_Policy_With_Missing_Keys_TC[[Ljava.lang.Object;@3e4ea922](28)" classname="SteeringCompanyAPI_TestCases.Test_Policies_Cases" time="1.2">
    <system-out><![CDATA[2023-01-12 11:56:34.337 &amp#27;[32m INFO&amp#27;[m &amp#27;[35m[@534 - main]&amp#27;[m &amp#27;[36mcom.shaft.tools.io.ReportManager&amp#27;[m : 
################################################################################################################################################
Starting Execution:	"30 out of 56" test cases in the current suite
Test Method:		"SteeringCompanyAPI_TestCases.Test_Policies_Cases.Add_Policy_With_Missing_Keys_TC"
Test Description:	"TC050 - Perform Add Policy with Missing Keys"
################################################################################################################################################
2023-01-12 11:56:34.337 &amp#27;[32m INFO&amp#27;[m &amp#27;[35m[@503 - main]&amp#27;[m &amp#27;[36mcom.shaft.tools.io.ReportManager&amp#27;[m : File Action "DoesFileExist" successfully performed. With the following test data "File Path: "SteeringCompanyAPI_TestData/SteeringCompanyAPI_TestData.xlsx"".
2023-01-12 11:56:34.366 &amp#27;[32m INFO&amp#27;[m &amp#27;[35m[@503 - main]&amp#27;[m &amp#27;[36mcom.shaft.tools.io.ReportManager&amp#27;[m : Successfully created attachment "Test Data - Excel"
2023-01-12 11:56:34.960 &amp#27;[32m INFO&amp#27;[m &amp#27;[35m[@503 - main]&amp#27;[m &amp#27;[36mcom.shaft.tools.io.ReportManager&amp#27;[m : Response status code: "200", status line: "HTTP/1.1 200 OK"
2023-01-12 11:56:34.987 &amp#27;[32m INFO&amp#27;[m &amp#27;[35m[@503 - main]&amp#27;[m &amp#27;[36mcom.shaft.tools.io.ReportManager&amp#27;[m : Successfully created attachment "API Request - Specifications"
2023-01-12 11:56:34.988 &amp#27;[32m INFO&amp#27;[m &amp#27;[35m[@503 - main]&amp#27;[m &amp#27;[36mcom.shaft.tools.io.ReportManager&amp#27;[m : Successfully created attachment "API Request - Body"
2023-01-12 11:56:34.989 &amp#27;[32m INFO&amp#27;[m &amp#27;[35m[@503 - main]&amp#27;[m &amp#27;[36mcom.shaft.tools.io.ReportManager&amp#27;[m : Successfully created attachment "API Response - JSON Body"
2023-01-12 11:56:35.005 &amp#27;[32m INFO&amp#27;[m &amp#27;[35m[@503 - main]&amp#27;[m &amp#27;[36mcom.shaft.tools.io.ReportManager&amp#27;[m : File Action "DoesFileExist" successfully performed. With the following test data "File Path: "SteeringCompanyAPI_TestData/SteeringCompanyAPI_TestData.xlsx"".
2023-01-12 11:56:35.037 &amp#27;[32m INFO&amp#27;[m &amp#27;[35m[@503 - main]&amp#27;[m &amp#27;[36mcom.shaft.tools.io.ReportManager&amp#27;[m : Successfully created attachment "Test Data - Excel"
2023-01-12 11:56:35.496 &amp#27;[32m INFO&amp#27;[m &amp#27;[35m[@503 - main]&amp#27;[m &amp#27;[36mcom.shaft.tools.io.ReportManager&amp#27;[m : Response status code: "422", status line: "HTTP/1.1 422 "
2023-01-12 11:56:35.515 &amp#27;[32m INFO&amp#27;[m &amp#27;[35m[@503 - main]&amp#27;[m &amp#27;[36mcom.shaft.tools.io.ReportManager&amp#27;[m : Successfully created attachment "API Request - Specifications"
2023-01-12 11:56:35.517 &amp#27;[32m INFO&amp#27;[m &amp#27;[35m[@503 - main]&amp#27;[m &amp#27;[36mcom.shaft.tools.io.ReportManager&amp#27;[m : Successfully created attachment "API Request - JSON Body"
2023-01-12 11:56:35.518 &amp#27;[32m INFO&amp#27;[m &amp#27;[35m[@503 - main]&amp#27;[m &amp#27;[36mcom.shaft.tools.io.ReportManager&amp#27;[m : Successfully created attachment "API Response - JSON Body"
2023-01-12 11:56:35.521 &amp#27;[32m INFO&amp#27;[m &amp#27;[35m[@503 - main]&amp#27;[m &amp#27;[36mcom.shaft.tools.io.ReportManager&amp#27;[m : File Action "DoesFileExist" successfully performed. With the following test data "File Path: "Schemas/ValidationError_schema.json"".
2023-01-12 11:56:35.521 &amp#27;[32m INFO&amp#27;[m &amp#27;[35m[@503 - main]&amp#27;[m &amp#27;[36mcom.shaft.tools.io.ReportManager&amp#27;[m : File Action "DoesFileExist" successfully performed. With the following test data "File Path: "src/test/resources/testDataFiles/Schemas/ValidationError_schema.json"".
2023-01-12 11:56:35.521 &amp#27;[32m INFO&amp#27;[m &amp#27;[35m[@503 - main]&amp#27;[m &amp#27;[36mcom.shaft.tools.io.ReportManager&amp#27;[m : File Action "GetAbsolutePath" successfully performed. With the following test data "Relative Folder Path: "src/test/resources/testDataFiles/Schemas/ValidationError_schema.json"".
2023-01-12 11:56:35.525 &amp#27;[32m INFO&amp#27;[m &amp#27;[35m[@503 - main]&amp#27;[m &amp#27;[36mcom.shaft.tools.io.ReportManager&amp#27;[m : File Action "DoesFileExist" successfully performed. With the following test data "File Path: "C:\eclipse-workspace\MyProjects\TASystemsAPIs\src\test\resources\testDataFiles\Schemas\ValidationError_schema.json"".
2023-01-12 11:56:35.526 &amp#27;[32m INFO&amp#27;[m &amp#27;[35m[@503 - main]&amp#27;[m &amp#27;[36mcom.shaft.tools.io.ReportManager&amp#27;[m : File Action "GetAbsolutePath" successfully performed. With the following test data "Relative Folder Path: "C:\eclipse-workspace\MyProjects\TASystemsAPIs\src\test\resources\testDataFiles\Schemas\ValidationError_schema.json"".
2023-01-12 11:56:35.526 &amp#27;[32m INFO&amp#27;[m &amp#27;[35m[@503 - main]&amp#27;[m &amp#27;[36mcom.shaft.tools.io.ReportManager&amp#27;[m : File Action "ReadFile" successfully performed. With the following test data "File Path: "C:\eclipse-workspace\MyProjects\TASystemsAPIs\src\test\resources\testDataFiles\Schemas\ValidationError_schema.json"".
2023-01-12 11:56:35.529 &amp#27;[32m INFO&amp#27;[m &amp#27;[35m[@503 - main]&amp#27;[m &amp#27;[36mcom.shaft.tools.io.ReportManager&amp#27;[m : Successfully created attachment "Validation Test Data - Expected JSON Value"
2023-01-12 11:56:35.531 &amp#27;[32m INFO&amp#27;[m &amp#27;[35m[@503 - main]&amp#27;[m &amp#27;[36mcom.shaft.tools.io.ReportManager&amp#27;[m : Successfully created attachment "Validation Test Data - Actual JSON Value"
2023-01-12 11:56:35.532 &amp#27;[32m INFO&amp#27;[m &amp#27;[35m[@503 - main]&amp#27;[m &amp#27;[36mcom.shaft.tools.io.ReportManager&amp#27;[m : Successfully created attachment "SHAFT Engine Logs - Current Method log: Add_Policy_With_Missing_Keys_TC"
]]></system-out>
  </testcase>
  <testcase name="Add_Policy_With_Missing_Keys_TC[[Ljava.lang.Object;@2c9d7ede](29)" classname="SteeringCompanyAPI_TestCases.Test_Policies_Cases" time="1.192">
    <system-out><![CDATA[2023-01-12 11:56:35.536 &amp#27;[32m INFO&amp#27;[m &amp#27;[35m[@534 - main]&amp#27;[m &amp#27;[36mcom.shaft.tools.io.ReportManager&amp#27;[m : 
################################################################################################################################################
Starting Execution:	"31 out of 56" test cases in the current suite
Test Method:		"SteeringCompanyAPI_TestCases.Test_Policies_Cases.Add_Policy_With_Missing_Keys_TC"
Test Description:	"TC050 - Perform Add Policy with Missing Keys"
################################################################################################################################################
2023-01-12 11:56:35.536 &amp#27;[32m INFO&amp#27;[m &amp#27;[35m[@503 - main]&amp#27;[m &amp#27;[36mcom.shaft.tools.io.ReportManager&amp#27;[m : File Action "DoesFileExist" successfully performed. With the following test data "File Path: "SteeringCompanyAPI_TestData/SteeringCompanyAPI_TestData.xlsx"".
2023-01-12 11:56:35.565 &amp#27;[32m INFO&amp#27;[m &amp#27;[35m[@503 - main]&amp#27;[m &amp#27;[36mcom.shaft.tools.io.ReportManager&amp#27;[m : Successfully created attachment "Test Data - Excel"
2023-01-12 11:56:36.135 &amp#27;[32m INFO&amp#27;[m &amp#27;[35m[@503 - main]&amp#27;[m &amp#27;[36mcom.shaft.tools.io.ReportManager&amp#27;[m : Response status code: "200", status line: "HTTP/1.1 200 OK"
2023-01-12 11:56:36.162 &amp#27;[32m INFO&amp#27;[m &amp#27;[35m[@503 - main]&amp#27;[m &amp#27;[36mcom.shaft.tools.io.ReportManager&amp#27;[m : Successfully created attachment "API Request - Specifications"
2023-01-12 11:56:36.164 &amp#27;[32m INFO&amp#27;[m &amp#27;[35m[@503 - main]&amp#27;[m &amp#27;[36mcom.shaft.tools.io.ReportManager&amp#27;[m : Successfully created attachment "API Request - Body"
2023-01-12 11:56:36.165 &amp#27;[32m INFO&amp#27;[m &amp#27;[35m[@503 - main]&amp#27;[m &amp#27;[36mcom.shaft.tools.io.ReportManager&amp#27;[m : Successfully created attachment "API Response - JSON Body"
2023-01-12 11:56:36.185 &amp#27;[32m INFO&amp#27;[m &amp#27;[35m[@503 - main]&amp#27;[m &amp#27;[36mcom.shaft.tools.io.ReportManager&amp#27;[m : File Action "DoesFileExist" successfully performed. With the following test data "File Path: "SteeringCompanyAPI_TestData/SteeringCompanyAPI_TestData.xlsx"".
2023-01-12 11:56:36.219 &amp#27;[32m INFO&amp#27;[m &amp#27;[35m[@503 - main]&amp#27;[m &amp#27;[36mcom.shaft.tools.io.ReportManager&amp#27;[m : Successfully created attachment "Test Data - Excel"
2023-01-12 11:56:36.675 &amp#27;[32m INFO&amp#27;[m &amp#27;[35m[@503 - main]&amp#27;[m &amp#27;[36mcom.shaft.tools.io.ReportManager&amp#27;[m : Response status code: "422", status line: "HTTP/1.1 422 "
2023-01-12 11:56:36.700 &amp#27;[32m INFO&amp#27;[m &amp#27;[35m[@503 - main]&amp#27;[m &amp#27;[36mcom.shaft.tools.io.ReportManager&amp#27;[m : Successfully created attachment "API Request - Specifications"
2023-01-12 11:56:36.702 &amp#27;[32m INFO&amp#27;[m &amp#27;[35m[@503 - main]&amp#27;[m &amp#27;[36mcom.shaft.tools.io.ReportManager&amp#27;[m : Successfully created attachment "API Request - JSON Body"
2023-01-12 11:56:36.704 &amp#27;[32m INFO&amp#27;[m &amp#27;[35m[@503 - main]&amp#27;[m &amp#27;[36mcom.shaft.tools.io.ReportManager&amp#27;[m : Successfully created attachment "API Response - JSON Body"
2023-01-12 11:56:36.707 &amp#27;[32m INFO&amp#27;[m &amp#27;[35m[@503 - main]&amp#27;[m &amp#27;[36mcom.shaft.tools.io.ReportManager&amp#27;[m : File Action "DoesFileExist" successfully performed. With the following test data "File Path: "Schemas/ValidationError_schema.json"".
2023-01-12 11:56:36.707 &amp#27;[32m INFO&amp#27;[m &amp#27;[35m[@503 - main]&amp#27;[m &amp#27;[36mcom.shaft.tools.io.ReportManager&amp#27;[m : File Action "DoesFileExist" successfully performed. With the following test data "File Path: "src/test/resources/testDataFiles/Schemas/ValidationError_schema.json"".
2023-01-12 11:56:36.707 &amp#27;[32m INFO&amp#27;[m &amp#27;[35m[@503 - main]&amp#27;[m &amp#27;[36mcom.shaft.tools.io.ReportManager&amp#27;[m : File Action "GetAbsolutePath" successfully performed. With the following test data "Relative Folder Path: "src/test/resources/testDataFiles/Schemas/ValidationError_schema.json"".
2023-01-12 11:56:36.712 &amp#27;[32m INFO&amp#27;[m &amp#27;[35m[@503 - main]&amp#27;[m &amp#27;[36mcom.shaft.tools.io.ReportManager&amp#27;[m : File Action "DoesFileExist" successfully performed. With the following test data "File Path: "C:\eclipse-workspace\MyProjects\TASystemsAPIs\src\test\resources\testDataFiles\Schemas\ValidationError_schema.json"".
2023-01-12 11:56:36.713 &amp#27;[32m INFO&amp#27;[m &amp#27;[35m[@503 - main]&amp#27;[m &amp#27;[36mcom.shaft.tools.io.ReportManager&amp#27;[m : File Action "GetAbsolutePath" successfully performed. With the following test data "Relative Folder Path: "C:\eclipse-workspace\MyProjects\TASystemsAPIs\src\test\resources\testDataFiles\Schemas\ValidationError_schema.json"".
2023-01-12 11:56:36.714 &amp#27;[32m INFO&amp#27;[m &amp#27;[35m[@503 - main]&amp#27;[m &amp#27;[36mcom.shaft.tools.io.ReportManager&amp#27;[m : File Action "ReadFile" successfully performed. With the following test data "File Path: "C:\eclipse-workspace\MyProjects\TASystemsAPIs\src\test\resources\testDataFiles\Schemas\ValidationError_schema.json"".
2023-01-12 11:56:36.716 &amp#27;[32m INFO&amp#27;[m &amp#27;[35m[@503 - main]&amp#27;[m &amp#27;[36mcom.shaft.tools.io.ReportManager&amp#27;[m : Successfully created attachment "Validation Test Data - Expected JSON Value"
2023-01-12 11:56:36.718 &amp#27;[32m INFO&amp#27;[m &amp#27;[35m[@503 - main]&amp#27;[m &amp#27;[36mcom.shaft.tools.io.ReportManager&amp#27;[m : Successfully created attachment "Validation Test Data - Actual JSON Value"
2023-01-12 11:56:36.721 &amp#27;[32m INFO&amp#27;[m &amp#27;[35m[@503 - main]&amp#27;[m &amp#27;[36mcom.shaft.tools.io.ReportManager&amp#27;[m : Successfully created attachment "SHAFT Engine Logs - Current Method log: Add_Policy_With_Missing_Keys_TC"
]]></system-out>
  </testcase>
  <testcase name="Add_Policy_With_Missing_Keys_TC[[Ljava.lang.Object;@4770430](30)" classname="SteeringCompanyAPI_TestCases.Test_Policies_Cases" time="1.219">
    <system-out><![CDATA[2023-01-12 11:56:36.729 &amp#27;[32m INFO&amp#27;[m &amp#27;[35m[@534 - main]&amp#27;[m &amp#27;[36mcom.shaft.tools.io.ReportManager&amp#27;[m : 
################################################################################################################################################
Starting Execution:	"32 out of 56" test cases in the current suite
Test Method:		"SteeringCompanyAPI_TestCases.Test_Policies_Cases.Add_Policy_With_Missing_Keys_TC"
Test Description:	"TC050 - Perform Add Policy with Missing Keys"
################################################################################################################################################
2023-01-12 11:56:36.730 &amp#27;[32m INFO&amp#27;[m &amp#27;[35m[@503 - main]&amp#27;[m &amp#27;[36mcom.shaft.tools.io.ReportManager&amp#27;[m : File Action "DoesFileExist" successfully performed. With the following test data "File Path: "SteeringCompanyAPI_TestData/SteeringCompanyAPI_TestData.xlsx"".
2023-01-12 11:56:36.772 &amp#27;[32m INFO&amp#27;[m &amp#27;[35m[@503 - main]&amp#27;[m &amp#27;[36mcom.shaft.tools.io.ReportManager&amp#27;[m : Successfully created attachment "Test Data - Excel"
2023-01-12 11:56:37.379 &amp#27;[32m INFO&amp#27;[m &amp#27;[35m[@503 - main]&amp#27;[m &amp#27;[36mcom.shaft.tools.io.ReportManager&amp#27;[m : Response status code: "200", status line: "HTTP/1.1 200 OK"
2023-01-12 11:56:37.409 &amp#27;[32m INFO&amp#27;[m &amp#27;[35m[@503 - main]&amp#27;[m &amp#27;[36mcom.shaft.tools.io.ReportManager&amp#27;[m : Successfully created attachment "API Request - Specifications"
2023-01-12 11:56:37.410 &amp#27;[32m INFO&amp#27;[m &amp#27;[35m[@503 - main]&amp#27;[m &amp#27;[36mcom.shaft.tools.io.ReportManager&amp#27;[m : Successfully created attachment "API Request - Body"
2023-01-12 11:56:37.412 &amp#27;[32m INFO&amp#27;[m &amp#27;[35m[@503 - main]&amp#27;[m &amp#27;[36mcom.shaft.tools.io.ReportManager&amp#27;[m : Successfully created attachment "API Response - JSON Body"
2023-01-12 11:56:37.433 &amp#27;[32m INFO&amp#27;[m &amp#27;[35m[@503 - main]&amp#27;[m &amp#27;[36mcom.shaft.tools.io.ReportManager&amp#27;[m : File Action "DoesFileExist" successfully performed. With the following test data "File Path: "SteeringCompanyAPI_TestData/SteeringCompanyAPI_TestData.xlsx"".
2023-01-12 11:56:37.457 &amp#27;[32m INFO&amp#27;[m &amp#27;[35m[@503 - main]&amp#27;[m &amp#27;[36mcom.shaft.tools.io.ReportManager&amp#27;[m : Successfully created attachment "Test Data - Excel"
2023-01-12 11:56:37.903 &amp#27;[32m INFO&amp#27;[m &amp#27;[35m[@503 - main]&amp#27;[m &amp#27;[36mcom.shaft.tools.io.ReportManager&amp#27;[m : Response status code: "422", status line: "HTTP/1.1 422 "
2023-01-12 11:56:37.929 &amp#27;[32m INFO&amp#27;[m &amp#27;[35m[@503 - main]&amp#27;[m &amp#27;[36mcom.shaft.tools.io.ReportManager&amp#27;[m : Successfully created attachment "API Request - Specifications"
2023-01-12 11:56:37.930 &amp#27;[32m INFO&amp#27;[m &amp#27;[35m[@503 - main]&amp#27;[m &amp#27;[36mcom.shaft.tools.io.ReportManager&amp#27;[m : Successfully created attachment "API Request - JSON Body"
2023-01-12 11:56:37.931 &amp#27;[32m INFO&amp#27;[m &amp#27;[35m[@503 - main]&amp#27;[m &amp#27;[36mcom.shaft.tools.io.ReportManager&amp#27;[m : Successfully created attachment "API Response - JSON Body"
2023-01-12 11:56:37.933 &amp#27;[32m INFO&amp#27;[m &amp#27;[35m[@503 - main]&amp#27;[m &amp#27;[36mcom.shaft.tools.io.ReportManager&amp#27;[m : File Action "DoesFileExist" successfully performed. With the following test data "File Path: "Schemas/ValidationError_schema.json"".
2023-01-12 11:56:37.933 &amp#27;[32m INFO&amp#27;[m &amp#27;[35m[@503 - main]&amp#27;[m &amp#27;[36mcom.shaft.tools.io.ReportManager&amp#27;[m : File Action "DoesFileExist" successfully performed. With the following test data "File Path: "src/test/resources/testDataFiles/Schemas/ValidationError_schema.json"".
2023-01-12 11:56:37.933 &amp#27;[32m INFO&amp#27;[m &amp#27;[35m[@503 - main]&amp#27;[m &amp#27;[36mcom.shaft.tools.io.ReportManager&amp#27;[m : File Action "GetAbsolutePath" successfully performed. With the following test data "Relative Folder Path: "src/test/resources/testDataFiles/Schemas/ValidationError_schema.json"".
2023-01-12 11:56:37.937 &amp#27;[32m INFO&amp#27;[m &amp#27;[35m[@503 - main]&amp#27;[m &amp#27;[36mcom.shaft.tools.io.ReportManager&amp#27;[m : File Action "DoesFileExist" successfully performed. With the following test data "File Path: "C:\eclipse-workspace\MyProjects\TASystemsAPIs\src\test\resources\testDataFiles\Schemas\ValidationError_schema.json"".
2023-01-12 11:56:37.938 &amp#27;[32m INFO&amp#27;[m &amp#27;[35m[@503 - main]&amp#27;[m &amp#27;[36mcom.shaft.tools.io.ReportManager&amp#27;[m : File Action "GetAbsolutePath" successfully performed. With the following test data "Relative Folder Path: "C:\eclipse-workspace\MyProjects\TASystemsAPIs\src\test\resources\testDataFiles\Schemas\ValidationError_schema.json"".
2023-01-12 11:56:37.938 &amp#27;[32m INFO&amp#27;[m &amp#27;[35m[@503 - main]&amp#27;[m &amp#27;[36mcom.shaft.tools.io.ReportManager&amp#27;[m : File Action "ReadFile" successfully performed. With the following test data "File Path: "C:\eclipse-workspace\MyProjects\TASystemsAPIs\src\test\resources\testDataFiles\Schemas\ValidationError_schema.json"".
2023-01-12 11:56:37.940 &amp#27;[32m INFO&amp#27;[m &amp#27;[35m[@503 - main]&amp#27;[m &amp#27;[36mcom.shaft.tools.io.ReportManager&amp#27;[m : Successfully created attachment "Validation Test Data - Expected JSON Value"
2023-01-12 11:56:37.941 &amp#27;[32m INFO&amp#27;[m &amp#27;[35m[@503 - main]&amp#27;[m &amp#27;[36mcom.shaft.tools.io.ReportManager&amp#27;[m : Successfully created attachment "Validation Test Data - Actual JSON Value"
2023-01-12 11:56:37.943 &amp#27;[32m INFO&amp#27;[m &amp#27;[35m[@503 - main]&amp#27;[m &amp#27;[36mcom.shaft.tools.io.ReportManager&amp#27;[m : Successfully created attachment "SHAFT Engine Logs - Current Method log: Add_Policy_With_Missing_Keys_TC"
]]></system-out>
  </testcase>
  <testcase name="Add_Policy_With_Missing_Keys_TC[[Ljava.lang.Object;@3d8eae5d](31)" classname="SteeringCompanyAPI_TestCases.Test_Policies_Cases" time="1.358">
    <system-out><![CDATA[2023-01-12 11:56:37.946 &amp#27;[32m INFO&amp#27;[m &amp#27;[35m[@534 - main]&amp#27;[m &amp#27;[36mcom.shaft.tools.io.ReportManager&amp#27;[m : 
################################################################################################################################################
Starting Execution:	"33 out of 56" test cases in the current suite
Test Method:		"SteeringCompanyAPI_TestCases.Test_Policies_Cases.Add_Policy_With_Missing_Keys_TC"
Test Description:	"TC050 - Perform Add Policy with Missing Keys"
################################################################################################################################################
2023-01-12 11:56:37.947 &amp#27;[32m INFO&amp#27;[m &amp#27;[35m[@503 - main]&amp#27;[m &amp#27;[36mcom.shaft.tools.io.ReportManager&amp#27;[m : File Action "DoesFileExist" successfully performed. With the following test data "File Path: "SteeringCompanyAPI_TestData/SteeringCompanyAPI_TestData.xlsx"".
2023-01-12 11:56:37.970 &amp#27;[32m INFO&amp#27;[m &amp#27;[35m[@503 - main]&amp#27;[m &amp#27;[36mcom.shaft.tools.io.ReportManager&amp#27;[m : Successfully created attachment "Test Data - Excel"
2023-01-12 11:56:38.567 &amp#27;[32m INFO&amp#27;[m &amp#27;[35m[@503 - main]&amp#27;[m &amp#27;[36mcom.shaft.tools.io.ReportManager&amp#27;[m : Response status code: "200", status line: "HTTP/1.1 200 OK"
2023-01-12 11:56:38.585 &amp#27;[32m INFO&amp#27;[m &amp#27;[35m[@503 - main]&amp#27;[m &amp#27;[36mcom.shaft.tools.io.ReportManager&amp#27;[m : Successfully created attachment "API Request - Specifications"
2023-01-12 11:56:38.587 &amp#27;[32m INFO&amp#27;[m &amp#27;[35m[@503 - main]&amp#27;[m &amp#27;[36mcom.shaft.tools.io.ReportManager&amp#27;[m : Successfully created attachment "API Request - Body"
2023-01-12 11:56:38.588 &amp#27;[32m INFO&amp#27;[m &amp#27;[35m[@503 - main]&amp#27;[m &amp#27;[36mcom.shaft.tools.io.ReportManager&amp#27;[m : Successfully created attachment "API Response - JSON Body"
2023-01-12 11:56:38.601 &amp#27;[32m INFO&amp#27;[m &amp#27;[35m[@503 - main]&amp#27;[m &amp#27;[36mcom.shaft.tools.io.ReportManager&amp#27;[m : File Action "DoesFileExist" successfully performed. With the following test data "File Path: "SteeringCompanyAPI_TestData/SteeringCompanyAPI_TestData.xlsx"".
2023-01-12 11:56:38.624 &amp#27;[32m INFO&amp#27;[m &amp#27;[35m[@503 - main]&amp#27;[m &amp#27;[36mcom.shaft.tools.io.ReportManager&amp#27;[m : Successfully created attachment "Test Data - Excel"
2023-01-12 11:56:39.251 &amp#27;[32m INFO&amp#27;[m &amp#27;[35m[@503 - main]&amp#27;[m &amp#27;[36mcom.shaft.tools.io.ReportManager&amp#27;[m : Response status code: "422", status line: "HTTP/1.1 422 "
2023-01-12 11:56:39.280 &amp#27;[32m INFO&amp#27;[m &amp#27;[35m[@503 - main]&amp#27;[m &amp#27;[36mcom.shaft.tools.io.ReportManager&amp#27;[m : Successfully created attachment "API Request - Specifications"
2023-01-12 11:56:39.282 &amp#27;[32m INFO&amp#27;[m &amp#27;[35m[@503 - main]&amp#27;[m &amp#27;[36mcom.shaft.tools.io.ReportManager&amp#27;[m : Successfully created attachment "API Request - JSON Body"
2023-01-12 11:56:39.284 &amp#27;[32m INFO&amp#27;[m &amp#27;[35m[@503 - main]&amp#27;[m &amp#27;[36mcom.shaft.tools.io.ReportManager&amp#27;[m : Successfully created attachment "API Response - JSON Body"
2023-01-12 11:56:39.286 &amp#27;[32m INFO&amp#27;[m &amp#27;[35m[@503 - main]&amp#27;[m &amp#27;[36mcom.shaft.tools.io.ReportManager&amp#27;[m : File Action "DoesFileExist" successfully performed. With the following test data "File Path: "Schemas/ValidationError_schema.json"".
2023-01-12 11:56:39.288 &amp#27;[32m INFO&amp#27;[m &amp#27;[35m[@503 - main]&amp#27;[m &amp#27;[36mcom.shaft.tools.io.ReportManager&amp#27;[m : File Action "DoesFileExist" successfully performed. With the following test data "File Path: "src/test/resources/testDataFiles/Schemas/ValidationError_schema.json"".
2023-01-12 11:56:39.288 &amp#27;[32m INFO&amp#27;[m &amp#27;[35m[@503 - main]&amp#27;[m &amp#27;[36mcom.shaft.tools.io.ReportManager&amp#27;[m : File Action "GetAbsolutePath" successfully performed. With the following test data "Relative Folder Path: "src/test/resources/testDataFiles/Schemas/ValidationError_schema.json"".
2023-01-12 11:56:39.293 &amp#27;[32m INFO&amp#27;[m &amp#27;[35m[@503 - main]&amp#27;[m &amp#27;[36mcom.shaft.tools.io.ReportManager&amp#27;[m : File Action "DoesFileExist" successfully performed. With the following test data "File Path: "C:\eclipse-workspace\MyProjects\TASystemsAPIs\src\test\resources\testDataFiles\Schemas\ValidationError_schema.json"".
2023-01-12 11:56:39.293 &amp#27;[32m INFO&amp#27;[m &amp#27;[35m[@503 - main]&amp#27;[m &amp#27;[36mcom.shaft.tools.io.ReportManager&amp#27;[m : File Action "GetAbsolutePath" successfully performed. With the following test data "Relative Folder Path: "C:\eclipse-workspace\MyProjects\TASystemsAPIs\src\test\resources\testDataFiles\Schemas\ValidationError_schema.json"".
2023-01-12 11:56:39.294 &amp#27;[32m INFO&amp#27;[m &amp#27;[35m[@503 - main]&amp#27;[m &amp#27;[36mcom.shaft.tools.io.ReportManager&amp#27;[m : File Action "ReadFile" successfully performed. With the following test data "File Path: "C:\eclipse-workspace\MyProjects\TASystemsAPIs\src\test\resources\testDataFiles\Schemas\ValidationError_schema.json"".
2023-01-12 11:56:39.298 &amp#27;[32m INFO&amp#27;[m &amp#27;[35m[@503 - main]&amp#27;[m &amp#27;[36mcom.shaft.tools.io.ReportManager&amp#27;[m : Successfully created attachment "Validation Test Data - Expected JSON Value"
2023-01-12 11:56:39.300 &amp#27;[32m INFO&amp#27;[m &amp#27;[35m[@503 - main]&amp#27;[m &amp#27;[36mcom.shaft.tools.io.ReportManager&amp#27;[m : Successfully created attachment "Validation Test Data - Actual JSON Value"
2023-01-12 11:56:39.302 &amp#27;[32m INFO&amp#27;[m &amp#27;[35m[@503 - main]&amp#27;[m &amp#27;[36mcom.shaft.tools.io.ReportManager&amp#27;[m : Successfully created attachment "SHAFT Engine Logs - Current Method log: Add_Policy_With_Missing_Keys_TC"
]]></system-out>
  </testcase>
  <testcase name="Add_Policy_With_Missing_Keys_TC[[Ljava.lang.Object;@98b63c1](32)" classname="SteeringCompanyAPI_TestCases.Test_Policies_Cases" time="1.244">
    <system-out><![CDATA[2023-01-12 11:56:39.305 &amp#27;[32m INFO&amp#27;[m &amp#27;[35m[@534 - main]&amp#27;[m &amp#27;[36mcom.shaft.tools.io.ReportManager&amp#27;[m : 
################################################################################################################################################
Starting Execution:	"34 out of 56" test cases in the current suite
Test Method:		"SteeringCompanyAPI_TestCases.Test_Policies_Cases.Add_Policy_With_Missing_Keys_TC"
Test Description:	"TC050 - Perform Add Policy with Missing Keys"
################################################################################################################################################
2023-01-12 11:56:39.306 &amp#27;[32m INFO&amp#27;[m &amp#27;[35m[@503 - main]&amp#27;[m &amp#27;[36mcom.shaft.tools.io.ReportManager&amp#27;[m : File Action "DoesFileExist" successfully performed. With the following test data "File Path: "SteeringCompanyAPI_TestData/SteeringCompanyAPI_TestData.xlsx"".
2023-01-12 11:56:39.335 &amp#27;[32m INFO&amp#27;[m &amp#27;[35m[@503 - main]&amp#27;[m &amp#27;[36mcom.shaft.tools.io.ReportManager&amp#27;[m : Successfully created attachment "Test Data - Excel"
2023-01-12 11:56:39.944 &amp#27;[32m INFO&amp#27;[m &amp#27;[35m[@503 - main]&amp#27;[m &amp#27;[36mcom.shaft.tools.io.ReportManager&amp#27;[m : Response status code: "200", status line: "HTTP/1.1 200 OK"
2023-01-12 11:56:39.972 &amp#27;[32m INFO&amp#27;[m &amp#27;[35m[@503 - main]&amp#27;[m &amp#27;[36mcom.shaft.tools.io.ReportManager&amp#27;[m : Successfully created attachment "API Request - Specifications"
2023-01-12 11:56:39.974 &amp#27;[32m INFO&amp#27;[m &amp#27;[35m[@503 - main]&amp#27;[m &amp#27;[36mcom.shaft.tools.io.ReportManager&amp#27;[m : Successfully created attachment "API Request - Body"
2023-01-12 11:56:39.975 &amp#27;[32m INFO&amp#27;[m &amp#27;[35m[@503 - main]&amp#27;[m &amp#27;[36mcom.shaft.tools.io.ReportManager&amp#27;[m : Successfully created attachment "API Response - JSON Body"
2023-01-12 11:56:39.994 &amp#27;[32m INFO&amp#27;[m &amp#27;[35m[@503 - main]&amp#27;[m &amp#27;[36mcom.shaft.tools.io.ReportManager&amp#27;[m : File Action "DoesFileExist" successfully performed. With the following test data "File Path: "SteeringCompanyAPI_TestData/SteeringCompanyAPI_TestData.xlsx"".
2023-01-12 11:56:40.037 &amp#27;[32m INFO&amp#27;[m &amp#27;[35m[@503 - main]&amp#27;[m &amp#27;[36mcom.shaft.tools.io.ReportManager&amp#27;[m : Successfully created attachment "Test Data - Excel"
2023-01-12 11:56:40.503 &amp#27;[32m INFO&amp#27;[m &amp#27;[35m[@503 - main]&amp#27;[m &amp#27;[36mcom.shaft.tools.io.ReportManager&amp#27;[m : Response status code: "422", status line: "HTTP/1.1 422 "
2023-01-12 11:56:40.527 &amp#27;[32m INFO&amp#27;[m &amp#27;[35m[@503 - main]&amp#27;[m &amp#27;[36mcom.shaft.tools.io.ReportManager&amp#27;[m : Successfully created attachment "API Request - Specifications"
2023-01-12 11:56:40.528 &amp#27;[32m INFO&amp#27;[m &amp#27;[35m[@503 - main]&amp#27;[m &amp#27;[36mcom.shaft.tools.io.ReportManager&amp#27;[m : Successfully created attachment "API Request - JSON Body"
2023-01-12 11:56:40.530 &amp#27;[32m INFO&amp#27;[m &amp#27;[35m[@503 - main]&amp#27;[m &amp#27;[36mcom.shaft.tools.io.ReportManager&amp#27;[m : Successfully created attachment "API Response - JSON Body"
2023-01-12 11:56:40.533 &amp#27;[32m INFO&amp#27;[m &amp#27;[35m[@503 - main]&amp#27;[m &amp#27;[36mcom.shaft.tools.io.ReportManager&amp#27;[m : File Action "DoesFileExist" successfully performed. With the following test data "File Path: "Schemas/ValidationError_schema.json"".
2023-01-12 11:56:40.534 &amp#27;[32m INFO&amp#27;[m &amp#27;[35m[@503 - main]&amp#27;[m &amp#27;[36mcom.shaft.tools.io.ReportManager&amp#27;[m : File Action "DoesFileExist" successfully performed. With the following test data "File Path: "src/test/resources/testDataFiles/Schemas/ValidationError_schema.json"".
2023-01-12 11:56:40.534 &amp#27;[32m INFO&amp#27;[m &amp#27;[35m[@503 - main]&amp#27;[m &amp#27;[36mcom.shaft.tools.io.ReportManager&amp#27;[m : File Action "GetAbsolutePath" successfully performed. With the following test data "Relative Folder Path: "src/test/resources/testDataFiles/Schemas/ValidationError_schema.json"".
2023-01-12 11:56:40.540 &amp#27;[32m INFO&amp#27;[m &amp#27;[35m[@503 - main]&amp#27;[m &amp#27;[36mcom.shaft.tools.io.ReportManager&amp#27;[m : File Action "DoesFileExist" successfully performed. With the following test data "File Path: "C:\eclipse-workspace\MyProjects\TASystemsAPIs\src\test\resources\testDataFiles\Schemas\ValidationError_schema.json"".
2023-01-12 11:56:40.541 &amp#27;[32m INFO&amp#27;[m &amp#27;[35m[@503 - main]&amp#27;[m &amp#27;[36mcom.shaft.tools.io.ReportManager&amp#27;[m : File Action "GetAbsolutePath" successfully performed. With the following test data "Relative Folder Path: "C:\eclipse-workspace\MyProjects\TASystemsAPIs\src\test\resources\testDataFiles\Schemas\ValidationError_schema.json"".
2023-01-12 11:56:40.542 &amp#27;[32m INFO&amp#27;[m &amp#27;[35m[@503 - main]&amp#27;[m &amp#27;[36mcom.shaft.tools.io.ReportManager&amp#27;[m : File Action "ReadFile" successfully performed. With the following test data "File Path: "C:\eclipse-workspace\MyProjects\TASystemsAPIs\src\test\resources\testDataFiles\Schemas\ValidationError_schema.json"".
2023-01-12 11:56:40.545 &amp#27;[32m INFO&amp#27;[m &amp#27;[35m[@503 - main]&amp#27;[m &amp#27;[36mcom.shaft.tools.io.ReportManager&amp#27;[m : Successfully created attachment "Validation Test Data - Expected JSON Value"
2023-01-12 11:56:40.546 &amp#27;[32m INFO&amp#27;[m &amp#27;[35m[@503 - main]&amp#27;[m &amp#27;[36mcom.shaft.tools.io.ReportManager&amp#27;[m : Successfully created attachment "Validation Test Data - Actual JSON Value"
2023-01-12 11:56:40.547 &amp#27;[32m INFO&amp#27;[m &amp#27;[35m[@503 - main]&amp#27;[m &amp#27;[36mcom.shaft.tools.io.ReportManager&amp#27;[m : Successfully created attachment "SHAFT Engine Logs - Current Method log: Add_Policy_With_Missing_Keys_TC"
]]></system-out>
  </testcase>
  <testcase name="Add_Policy_With_Missing_Keys_TC[[Ljava.lang.Object;@1bb3390e](33)" classname="SteeringCompanyAPI_TestCases.Test_Policies_Cases" time="1.171">
    <system-out><![CDATA[2023-01-12 11:56:40.550 &amp#27;[32m INFO&amp#27;[m &amp#27;[35m[@534 - main]&amp#27;[m &amp#27;[36mcom.shaft.tools.io.ReportManager&amp#27;[m : 
################################################################################################################################################
Starting Execution:	"35 out of 56" test cases in the current suite
Test Method:		"SteeringCompanyAPI_TestCases.Test_Policies_Cases.Add_Policy_With_Missing_Keys_TC"
Test Description:	"TC050 - Perform Add Policy with Missing Keys"
################################################################################################################################################
2023-01-12 11:56:40.551 &amp#27;[32m INFO&amp#27;[m &amp#27;[35m[@503 - main]&amp#27;[m &amp#27;[36mcom.shaft.tools.io.ReportManager&amp#27;[m : File Action "DoesFileExist" successfully performed. With the following test data "File Path: "SteeringCompanyAPI_TestData/SteeringCompanyAPI_TestData.xlsx"".
2023-01-12 11:56:40.578 &amp#27;[32m INFO&amp#27;[m &amp#27;[35m[@503 - main]&amp#27;[m &amp#27;[36mcom.shaft.tools.io.ReportManager&amp#27;[m : Successfully created attachment "Test Data - Excel"
2023-01-12 11:56:41.142 &amp#27;[32m INFO&amp#27;[m &amp#27;[35m[@503 - main]&amp#27;[m &amp#27;[36mcom.shaft.tools.io.ReportManager&amp#27;[m : Response status code: "200", status line: "HTTP/1.1 200 OK"
2023-01-12 11:56:41.171 &amp#27;[32m INFO&amp#27;[m &amp#27;[35m[@503 - main]&amp#27;[m &amp#27;[36mcom.shaft.tools.io.ReportManager&amp#27;[m : Successfully created attachment "API Request - Specifications"
2023-01-12 11:56:41.173 &amp#27;[32m INFO&amp#27;[m &amp#27;[35m[@503 - main]&amp#27;[m &amp#27;[36mcom.shaft.tools.io.ReportManager&amp#27;[m : Successfully created attachment "API Request - Body"
2023-01-12 11:56:41.175 &amp#27;[32m INFO&amp#27;[m &amp#27;[35m[@503 - main]&amp#27;[m &amp#27;[36mcom.shaft.tools.io.ReportManager&amp#27;[m : Successfully created attachment "API Response - JSON Body"
2023-01-12 11:56:41.189 &amp#27;[32m INFO&amp#27;[m &amp#27;[35m[@503 - main]&amp#27;[m &amp#27;[36mcom.shaft.tools.io.ReportManager&amp#27;[m : File Action "DoesFileExist" successfully performed. With the following test data "File Path: "SteeringCompanyAPI_TestData/SteeringCompanyAPI_TestData.xlsx"".
2023-01-12 11:56:41.210 &amp#27;[32m INFO&amp#27;[m &amp#27;[35m[@503 - main]&amp#27;[m &amp#27;[36mcom.shaft.tools.io.ReportManager&amp#27;[m : Successfully created attachment "Test Data - Excel"
2023-01-12 11:56:41.673 &amp#27;[32m INFO&amp#27;[m &amp#27;[35m[@503 - main]&amp#27;[m &amp#27;[36mcom.shaft.tools.io.ReportManager&amp#27;[m : Response status code: "422", status line: "HTTP/1.1 422 "
2023-01-12 11:56:41.702 &amp#27;[32m INFO&amp#27;[m &amp#27;[35m[@503 - main]&amp#27;[m &amp#27;[36mcom.shaft.tools.io.ReportManager&amp#27;[m : Successfully created attachment "API Request - Specifications"
2023-01-12 11:56:41.703 &amp#27;[32m INFO&amp#27;[m &amp#27;[35m[@503 - main]&amp#27;[m &amp#27;[36mcom.shaft.tools.io.ReportManager&amp#27;[m : Successfully created attachment "API Request - JSON Body"
2023-01-12 11:56:41.705 &amp#27;[32m INFO&amp#27;[m &amp#27;[35m[@503 - main]&amp#27;[m &amp#27;[36mcom.shaft.tools.io.ReportManager&amp#27;[m : Successfully created attachment "API Response - JSON Body"
2023-01-12 11:56:41.706 &amp#27;[32m INFO&amp#27;[m &amp#27;[35m[@503 - main]&amp#27;[m &amp#27;[36mcom.shaft.tools.io.ReportManager&amp#27;[m : File Action "DoesFileExist" successfully performed. With the following test data "File Path: "Schemas/ValidationError_schema.json"".
2023-01-12 11:56:41.707 &amp#27;[32m INFO&amp#27;[m &amp#27;[35m[@503 - main]&amp#27;[m &amp#27;[36mcom.shaft.tools.io.ReportManager&amp#27;[m : File Action "DoesFileExist" successfully performed. With the following test data "File Path: "src/test/resources/testDataFiles/Schemas/ValidationError_schema.json"".
2023-01-12 11:56:41.707 &amp#27;[32m INFO&amp#27;[m &amp#27;[35m[@503 - main]&amp#27;[m &amp#27;[36mcom.shaft.tools.io.ReportManager&amp#27;[m : File Action "GetAbsolutePath" successfully performed. With the following test data "Relative Folder Path: "src/test/resources/testDataFiles/Schemas/ValidationError_schema.json"".
2023-01-12 11:56:41.711 &amp#27;[32m INFO&amp#27;[m &amp#27;[35m[@503 - main]&amp#27;[m &amp#27;[36mcom.shaft.tools.io.ReportManager&amp#27;[m : File Action "DoesFileExist" successfully performed. With the following test data "File Path: "C:\eclipse-workspace\MyProjects\TASystemsAPIs\src\test\resources\testDataFiles\Schemas\ValidationError_schema.json"".
2023-01-12 11:56:41.713 &amp#27;[32m INFO&amp#27;[m &amp#27;[35m[@503 - main]&amp#27;[m &amp#27;[36mcom.shaft.tools.io.ReportManager&amp#27;[m : File Action "GetAbsolutePath" successfully performed. With the following test data "Relative Folder Path: "C:\eclipse-workspace\MyProjects\TASystemsAPIs\src\test\resources\testDataFiles\Schemas\ValidationError_schema.json"".
2023-01-12 11:56:41.713 &amp#27;[32m INFO&amp#27;[m &amp#27;[35m[@503 - main]&amp#27;[m &amp#27;[36mcom.shaft.tools.io.ReportManager&amp#27;[m : File Action "ReadFile" successfully performed. With the following test data "File Path: "C:\eclipse-workspace\MyProjects\TASystemsAPIs\src\test\resources\testDataFiles\Schemas\ValidationError_schema.json"".
2023-01-12 11:56:41.715 &amp#27;[32m INFO&amp#27;[m &amp#27;[35m[@503 - main]&amp#27;[m &amp#27;[36mcom.shaft.tools.io.ReportManager&amp#27;[m : Successfully created attachment "Validation Test Data - Expected JSON Value"
2023-01-12 11:56:41.716 &amp#27;[32m INFO&amp#27;[m &amp#27;[35m[@503 - main]&amp#27;[m &amp#27;[36mcom.shaft.tools.io.ReportManager&amp#27;[m : Successfully created attachment "Validation Test Data - Actual JSON Value"
2023-01-12 11:56:41.717 &amp#27;[32m INFO&amp#27;[m &amp#27;[35m[@503 - main]&amp#27;[m &amp#27;[36mcom.shaft.tools.io.ReportManager&amp#27;[m : Successfully created attachment "SHAFT Engine Logs - Current Method log: Add_Policy_With_Missing_Keys_TC"
]]></system-out>
  </testcase>
  <testcase name="InValid_Add_Cancel_Policy_With_Invalid_Token_TC[[Ljava.lang.Object;@53e62429](1)" classname="SteeringCompanyAPI_TestCases.Test_Policies_Cases" time="0.508">
    <system-out><![CDATA[2023-01-12 11:56:41.727 &amp#27;[32m INFO&amp#27;[m &amp#27;[35m[@534 - main]&amp#27;[m &amp#27;[36mcom.shaft.tools.io.ReportManager&amp#27;[m : 
################################################################################################################################################
Starting Execution:	"36 out of 56" test cases in the current suite
Test Method:		"SteeringCompanyAPI_TestCases.Test_Policies_Cases.InValid_Add_Cancel_Policy_With_Invalid_Token_TC"
Test Description:	"TC021 - Perform Add Cancel Policy With Invalid/Expired Token"
################################################################################################################################################
2023-01-12 11:56:41.728 &amp#27;[32m INFO&amp#27;[m &amp#27;[35m[@503 - main]&amp#27;[m &amp#27;[36mcom.shaft.tools.io.ReportManager&amp#27;[m : File Action "DoesFileExist" successfully performed. With the following test data "File Path: "SteeringCompanyAPI_TestData/SteeringCompanyAPI_TestData.xlsx"".
2023-01-12 11:56:41.762 &amp#27;[32m INFO&amp#27;[m &amp#27;[35m[@503 - main]&amp#27;[m &amp#27;[36mcom.shaft.tools.io.ReportManager&amp#27;[m : Successfully created attachment "Test Data - Excel"
2023-01-12 11:56:42.223 &amp#27;[32m INFO&amp#27;[m &amp#27;[35m[@503 - main]&amp#27;[m &amp#27;[36mcom.shaft.tools.io.ReportManager&amp#27;[m : Response status code: "401", status line: "HTTP/1.1 401 "
2023-01-12 11:56:42.229 &amp#27;[32m INFO&amp#27;[m &amp#27;[35m[@503 - main]&amp#27;[m &amp#27;[36mcom.shaft.tools.io.ReportManager&amp#27;[m : Successfully created attachment "API Request - Specifications"
2023-01-12 11:56:42.230 &amp#27;[32m INFO&amp#27;[m &amp#27;[35m[@503 - main]&amp#27;[m &amp#27;[36mcom.shaft.tools.io.ReportManager&amp#27;[m : Successfully created attachment "API Request - JSON Body"
2023-01-12 11:56:42.232 &amp#27;[32m INFO&amp#27;[m &amp#27;[35m[@503 - main]&amp#27;[m &amp#27;[36mcom.shaft.tools.io.ReportManager&amp#27;[m : Successfully created attachment "API Response - JSON Body"
2023-01-12 11:56:42.236 &amp#27;[32m INFO&amp#27;[m &amp#27;[35m[@503 - main]&amp#27;[m &amp#27;[36mcom.shaft.tools.io.ReportManager&amp#27;[m : Successfully created attachment "SHAFT Engine Logs - Current Method log: InValid_Add_Cancel_Policy_With_Invalid_Token_TC"
]]></system-out>
  </testcase>
  <testcase name="InValid_Add_Cancel_Policy_With_Invalid_Token_TC[[Ljava.lang.Object;@5c4f1961](2)" classname="SteeringCompanyAPI_TestCases.Test_Policies_Cases" time="0.49">
    <system-out><![CDATA[2023-01-12 11:56:42.240 &amp#27;[32m INFO&amp#27;[m &amp#27;[35m[@534 - main]&amp#27;[m &amp#27;[36mcom.shaft.tools.io.ReportManager&amp#27;[m : 
################################################################################################################################################
Starting Execution:	"37 out of 56" test cases in the current suite
Test Method:		"SteeringCompanyAPI_TestCases.Test_Policies_Cases.InValid_Add_Cancel_Policy_With_Invalid_Token_TC"
Test Description:	"TC021 - Perform Add Cancel Policy With Invalid/Expired Token"
################################################################################################################################################
2023-01-12 11:56:42.241 &amp#27;[32m INFO&amp#27;[m &amp#27;[35m[@503 - main]&amp#27;[m &amp#27;[36mcom.shaft.tools.io.ReportManager&amp#27;[m : File Action "DoesFileExist" successfully performed. With the following test data "File Path: "SteeringCompanyAPI_TestData/SteeringCompanyAPI_TestData.xlsx"".
2023-01-12 11:56:42.268 &amp#27;[32m INFO&amp#27;[m &amp#27;[35m[@503 - main]&amp#27;[m &amp#27;[36mcom.shaft.tools.io.ReportManager&amp#27;[m : Successfully created attachment "Test Data - Excel"
2023-01-12 11:56:42.717 &amp#27;[32m INFO&amp#27;[m &amp#27;[35m[@503 - main]&amp#27;[m &amp#27;[36mcom.shaft.tools.io.ReportManager&amp#27;[m : Response status code: "401", status line: "HTTP/1.1 401 "
2023-01-12 11:56:42.720 &amp#27;[32m INFO&amp#27;[m &amp#27;[35m[@503 - main]&amp#27;[m &amp#27;[36mcom.shaft.tools.io.ReportManager&amp#27;[m : Successfully created attachment "API Request - Specifications"
2023-01-12 11:56:42.722 &amp#27;[32m INFO&amp#27;[m &amp#27;[35m[@503 - main]&amp#27;[m &amp#27;[36mcom.shaft.tools.io.ReportManager&amp#27;[m : Successfully created attachment "API Request - JSON Body"
2023-01-12 11:56:42.723 &amp#27;[32m INFO&amp#27;[m &amp#27;[35m[@503 - main]&amp#27;[m &amp#27;[36mcom.shaft.tools.io.ReportManager&amp#27;[m : Successfully created attachment "API Response - JSON Body"
2023-01-12 11:56:42.726 &amp#27;[32m INFO&amp#27;[m &amp#27;[35m[@503 - main]&amp#27;[m &amp#27;[36mcom.shaft.tools.io.ReportManager&amp#27;[m : Successfully created attachment "SHAFT Engine Logs - Current Method log: InValid_Add_Cancel_Policy_With_Invalid_Token_TC"
]]></system-out>
  </testcase>
  <testcase name="InValid_Add_Cancel_Policy_With_Invalid_Token_TC[[Ljava.lang.Object;@795fd310](3)" classname="SteeringCompanyAPI_TestCases.Test_Policies_Cases" time="0.49">
    <system-out><![CDATA[2023-01-12 11:56:42.730 &amp#27;[32m INFO&amp#27;[m &amp#27;[35m[@534 - main]&amp#27;[m &amp#27;[36mcom.shaft.tools.io.ReportManager&amp#27;[m : 
################################################################################################################################################
Starting Execution:	"38 out of 56" test cases in the current suite
Test Method:		"SteeringCompanyAPI_TestCases.Test_Policies_Cases.InValid_Add_Cancel_Policy_With_Invalid_Token_TC"
Test Description:	"TC021 - Perform Add Cancel Policy With Invalid/Expired Token"
################################################################################################################################################
2023-01-12 11:56:42.730 &amp#27;[32m INFO&amp#27;[m &amp#27;[35m[@503 - main]&amp#27;[m &amp#27;[36mcom.shaft.tools.io.ReportManager&amp#27;[m : File Action "DoesFileExist" successfully performed. With the following test data "File Path: "SteeringCompanyAPI_TestData/SteeringCompanyAPI_TestData.xlsx"".
2023-01-12 11:56:42.760 &amp#27;[32m INFO&amp#27;[m &amp#27;[35m[@503 - main]&amp#27;[m &amp#27;[36mcom.shaft.tools.io.ReportManager&amp#27;[m : Successfully created attachment "Test Data - Excel"
2023-01-12 11:56:43.205 &amp#27;[32m INFO&amp#27;[m &amp#27;[35m[@503 - main]&amp#27;[m &amp#27;[36mcom.shaft.tools.io.ReportManager&amp#27;[m : Response status code: "401", status line: "HTTP/1.1 401 "
2023-01-12 11:56:43.209 &amp#27;[32m INFO&amp#27;[m &amp#27;[35m[@503 - main]&amp#27;[m &amp#27;[36mcom.shaft.tools.io.ReportManager&amp#27;[m : Successfully created attachment "API Request - Specifications"
2023-01-12 11:56:43.211 &amp#27;[32m INFO&amp#27;[m &amp#27;[35m[@503 - main]&amp#27;[m &amp#27;[36mcom.shaft.tools.io.ReportManager&amp#27;[m : Successfully created attachment "API Request - JSON Body"
2023-01-12 11:56:43.212 &amp#27;[32m INFO&amp#27;[m &amp#27;[35m[@503 - main]&amp#27;[m &amp#27;[36mcom.shaft.tools.io.ReportManager&amp#27;[m : Successfully created attachment "API Response - JSON Body"
2023-01-12 11:56:43.215 &amp#27;[32m INFO&amp#27;[m &amp#27;[35m[@503 - main]&amp#27;[m &amp#27;[36mcom.shaft.tools.io.ReportManager&amp#27;[m : Successfully created attachment "SHAFT Engine Logs - Current Method log: InValid_Add_Cancel_Policy_With_Invalid_Token_TC"
]]></system-out>
  </testcase>
  <testcase name="InValid_Add_Cancel_Policy_With_Missing_Token_TC[[Ljava.lang.Object;@149afc70](1)" classname="SteeringCompanyAPI_TestCases.Test_Policies_Cases" time="0.51">
    <system-out><![CDATA[2023-01-12 11:56:43.221 &amp#27;[32m INFO&amp#27;[m &amp#27;[35m[@534 - main]&amp#27;[m &amp#27;[36mcom.shaft.tools.io.ReportManager&amp#27;[m : 
################################################################################################################################################
Starting Execution:	"39 out of 56" test cases in the current suite
Test Method:		"SteeringCompanyAPI_TestCases.Test_Policies_Cases.InValid_Add_Cancel_Policy_With_Missing_Token_TC"
Test Description:	"TC020 - Perform Add Cancel Policy With Missing Token"
################################################################################################################################################
2023-01-12 11:56:43.222 &amp#27;[32m INFO&amp#27;[m &amp#27;[35m[@503 - main]&amp#27;[m &amp#27;[36mcom.shaft.tools.io.ReportManager&amp#27;[m : File Action "DoesFileExist" successfully performed. With the following test data "File Path: "SteeringCompanyAPI_TestData/SteeringCompanyAPI_TestData.xlsx"".
2023-01-12 11:56:43.245 &amp#27;[32m INFO&amp#27;[m &amp#27;[35m[@503 - main]&amp#27;[m &amp#27;[36mcom.shaft.tools.io.ReportManager&amp#27;[m : Successfully created attachment "Test Data - Excel"
2023-01-12 11:56:43.688 &amp#27;[32m INFO&amp#27;[m &amp#27;[35m[@503 - main]&amp#27;[m &amp#27;[36mcom.shaft.tools.io.ReportManager&amp#27;[m : Response status code: "401", status line: "HTTP/1.1 401 "
2023-01-12 11:56:43.716 &amp#27;[32m INFO&amp#27;[m &amp#27;[35m[@503 - main]&amp#27;[m &amp#27;[36mcom.shaft.tools.io.ReportManager&amp#27;[m : Successfully created attachment "API Request - Specifications"
2023-01-12 11:56:43.718 &amp#27;[32m INFO&amp#27;[m &amp#27;[35m[@503 - main]&amp#27;[m &amp#27;[36mcom.shaft.tools.io.ReportManager&amp#27;[m : Successfully created attachment "API Request - JSON Body"
2023-01-12 11:56:43.719 &amp#27;[32m INFO&amp#27;[m &amp#27;[35m[@503 - main]&amp#27;[m &amp#27;[36mcom.shaft.tools.io.ReportManager&amp#27;[m : Successfully created attachment "API Response - JSON Body"
2023-01-12 11:56:43.719 &amp#27;[32m INFO&amp#27;[m &amp#27;[35m[@503 - main]&amp#27;[m &amp#27;[36mcom.shaft.tools.io.ReportManager&amp#27;[m : File Action "DoesFileExist" successfully performed. With the following test data "File Path: "Schemas/InvalidTokenRequest_Unauthorized_schema.json"".
2023-01-12 11:56:43.719 &amp#27;[32m INFO&amp#27;[m &amp#27;[35m[@503 - main]&amp#27;[m &amp#27;[36mcom.shaft.tools.io.ReportManager&amp#27;[m : File Action "DoesFileExist" successfully performed. With the following test data "File Path: "src/test/resources/testDataFiles/Schemas/InvalidTokenRequest_Unauthorized_schema.json"".
2023-01-12 11:56:43.719 &amp#27;[32m INFO&amp#27;[m &amp#27;[35m[@503 - main]&amp#27;[m &amp#27;[36mcom.shaft.tools.io.ReportManager&amp#27;[m : File Action "GetAbsolutePath" successfully performed. With the following test data "Relative Folder Path: "src/test/resources/testDataFiles/Schemas/InvalidTokenRequest_Unauthorized_schema.json"".
2023-01-12 11:56:43.724 &amp#27;[32m INFO&amp#27;[m &amp#27;[35m[@503 - main]&amp#27;[m &amp#27;[36mcom.shaft.tools.io.ReportManager&amp#27;[m : File Action "DoesFileExist" successfully performed. With the following test data "File Path: "C:\eclipse-workspace\MyProjects\TASystemsAPIs\src\test\resources\testDataFiles\Schemas\InvalidTokenRequest_Unauthorized_schema.json"".
2023-01-12 11:56:43.725 &amp#27;[32m INFO&amp#27;[m &amp#27;[35m[@503 - main]&amp#27;[m &amp#27;[36mcom.shaft.tools.io.ReportManager&amp#27;[m : File Action "GetAbsolutePath" successfully performed. With the following test data "Relative Folder Path: "C:\eclipse-workspace\MyProjects\TASystemsAPIs\src\test\resources\testDataFiles\Schemas\InvalidTokenRequest_Unauthorized_schema.json"".
2023-01-12 11:56:43.725 &amp#27;[32m INFO&amp#27;[m &amp#27;[35m[@503 - main]&amp#27;[m &amp#27;[36mcom.shaft.tools.io.ReportManager&amp#27;[m : File Action "ReadFile" successfully performed. With the following test data "File Path: "C:\eclipse-workspace\MyProjects\TASystemsAPIs\src\test\resources\testDataFiles\Schemas\InvalidTokenRequest_Unauthorized_schema.json"".
2023-01-12 11:56:43.726 &amp#27;[32m INFO&amp#27;[m &amp#27;[35m[@503 - main]&amp#27;[m &amp#27;[36mcom.shaft.tools.io.ReportManager&amp#27;[m : Successfully created attachment "Validation Test Data - Expected JSON Value"
2023-01-12 11:56:43.727 &amp#27;[32m INFO&amp#27;[m &amp#27;[35m[@503 - main]&amp#27;[m &amp#27;[36mcom.shaft.tools.io.ReportManager&amp#27;[m : Successfully created attachment "Validation Test Data - Actual JSON Value"
2023-01-12 11:56:43.729 &amp#27;[32m INFO&amp#27;[m &amp#27;[35m[@503 - main]&amp#27;[m &amp#27;[36mcom.shaft.tools.io.ReportManager&amp#27;[m : Successfully created attachment "SHAFT Engine Logs - Current Method log: InValid_Add_Cancel_Policy_With_Missing_Token_TC"
]]></system-out>
  </testcase>
  <testcase name="InValid_Add_Cancel_Policy_With_Missing_Token_TC[[Ljava.lang.Object;@4973f7dd](2)" classname="SteeringCompanyAPI_TestCases.Test_Policies_Cases" time="0.515">
    <system-out><![CDATA[2023-01-12 11:56:43.732 &amp#27;[32m INFO&amp#27;[m &amp#27;[35m[@534 - main]&amp#27;[m &amp#27;[36mcom.shaft.tools.io.ReportManager&amp#27;[m : 
################################################################################################################################################
Starting Execution:	"40 out of 56" test cases in the current suite
Test Method:		"SteeringCompanyAPI_TestCases.Test_Policies_Cases.InValid_Add_Cancel_Policy_With_Missing_Token_TC"
Test Description:	"TC020 - Perform Add Cancel Policy With Missing Token"
################################################################################################################################################
2023-01-12 11:56:43.733 &amp#27;[32m INFO&amp#27;[m &amp#27;[35m[@503 - main]&amp#27;[m &amp#27;[36mcom.shaft.tools.io.ReportManager&amp#27;[m : File Action "DoesFileExist" successfully performed. With the following test data "File Path: "SteeringCompanyAPI_TestData/SteeringCompanyAPI_TestData.xlsx"".
2023-01-12 11:56:43.758 &amp#27;[32m INFO&amp#27;[m &amp#27;[35m[@503 - main]&amp#27;[m &amp#27;[36mcom.shaft.tools.io.ReportManager&amp#27;[m : Successfully created attachment "Test Data - Excel"
2023-01-12 11:56:44.199 &amp#27;[32m INFO&amp#27;[m &amp#27;[35m[@503 - main]&amp#27;[m &amp#27;[36mcom.shaft.tools.io.ReportManager&amp#27;[m : Response status code: "401", status line: "HTTP/1.1 401 "
2023-01-12 11:56:44.226 &amp#27;[32m INFO&amp#27;[m &amp#27;[35m[@503 - main]&amp#27;[m &amp#27;[36mcom.shaft.tools.io.ReportManager&amp#27;[m : Successfully created attachment "API Request - Specifications"
2023-01-12 11:56:44.228 &amp#27;[32m INFO&amp#27;[m &amp#27;[35m[@503 - main]&amp#27;[m &amp#27;[36mcom.shaft.tools.io.ReportManager&amp#27;[m : Successfully created attachment "API Request - JSON Body"
2023-01-12 11:56:44.229 &amp#27;[32m INFO&amp#27;[m &amp#27;[35m[@503 - main]&amp#27;[m &amp#27;[36mcom.shaft.tools.io.ReportManager&amp#27;[m : Successfully created attachment "API Response - JSON Body"
2023-01-12 11:56:44.232 &amp#27;[32m INFO&amp#27;[m &amp#27;[35m[@503 - main]&amp#27;[m &amp#27;[36mcom.shaft.tools.io.ReportManager&amp#27;[m : File Action "DoesFileExist" successfully performed. With the following test data "File Path: "Schemas/InvalidTokenRequest_Unauthorized_schema.json"".
2023-01-12 11:56:44.233 &amp#27;[32m INFO&amp#27;[m &amp#27;[35m[@503 - main]&amp#27;[m &amp#27;[36mcom.shaft.tools.io.ReportManager&amp#27;[m : File Action "DoesFileExist" successfully performed. With the following test data "File Path: "src/test/resources/testDataFiles/Schemas/InvalidTokenRequest_Unauthorized_schema.json"".
2023-01-12 11:56:44.233 &amp#27;[32m INFO&amp#27;[m &amp#27;[35m[@503 - main]&amp#27;[m &amp#27;[36mcom.shaft.tools.io.ReportManager&amp#27;[m : File Action "GetAbsolutePath" successfully performed. With the following test data "Relative Folder Path: "src/test/resources/testDataFiles/Schemas/InvalidTokenRequest_Unauthorized_schema.json"".
2023-01-12 11:56:44.238 &amp#27;[32m INFO&amp#27;[m &amp#27;[35m[@503 - main]&amp#27;[m &amp#27;[36mcom.shaft.tools.io.ReportManager&amp#27;[m : File Action "DoesFileExist" successfully performed. With the following test data "File Path: "C:\eclipse-workspace\MyProjects\TASystemsAPIs\src\test\resources\testDataFiles\Schemas\InvalidTokenRequest_Unauthorized_schema.json"".
2023-01-12 11:56:44.238 &amp#27;[32m INFO&amp#27;[m &amp#27;[35m[@503 - main]&amp#27;[m &amp#27;[36mcom.shaft.tools.io.ReportManager&amp#27;[m : File Action "GetAbsolutePath" successfully performed. With the following test data "Relative Folder Path: "C:\eclipse-workspace\MyProjects\TASystemsAPIs\src\test\resources\testDataFiles\Schemas\InvalidTokenRequest_Unauthorized_schema.json"".
2023-01-12 11:56:44.239 &amp#27;[32m INFO&amp#27;[m &amp#27;[35m[@503 - main]&amp#27;[m &amp#27;[36mcom.shaft.tools.io.ReportManager&amp#27;[m : File Action "ReadFile" successfully performed. With the following test data "File Path: "C:\eclipse-workspace\MyProjects\TASystemsAPIs\src\test\resources\testDataFiles\Schemas\InvalidTokenRequest_Unauthorized_schema.json"".
2023-01-12 11:56:44.241 &amp#27;[32m INFO&amp#27;[m &amp#27;[35m[@503 - main]&amp#27;[m &amp#27;[36mcom.shaft.tools.io.ReportManager&amp#27;[m : Successfully created attachment "Validation Test Data - Expected JSON Value"
2023-01-12 11:56:44.242 &amp#27;[32m INFO&amp#27;[m &amp#27;[35m[@503 - main]&amp#27;[m &amp#27;[36mcom.shaft.tools.io.ReportManager&amp#27;[m : Successfully created attachment "Validation Test Data - Actual JSON Value"
2023-01-12 11:56:44.244 &amp#27;[32m INFO&amp#27;[m &amp#27;[35m[@503 - main]&amp#27;[m &amp#27;[36mcom.shaft.tools.io.ReportManager&amp#27;[m : Successfully created attachment "SHAFT Engine Logs - Current Method log: InValid_Add_Cancel_Policy_With_Missing_Token_TC"
]]></system-out>
  </testcase>
  <testcase name="InValid_Add_Cancel_Policy_With_Missing_Token_TC[[Ljava.lang.Object;@399737f5](3)" classname="SteeringCompanyAPI_TestCases.Test_Policies_Cases" time="0.501">
    <system-out><![CDATA[2023-01-12 11:56:44.247 &amp#27;[32m INFO&amp#27;[m &amp#27;[35m[@534 - main]&amp#27;[m &amp#27;[36mcom.shaft.tools.io.ReportManager&amp#27;[m : 
################################################################################################################################################
Starting Execution:	"41 out of 56" test cases in the current suite
Test Method:		"SteeringCompanyAPI_TestCases.Test_Policies_Cases.InValid_Add_Cancel_Policy_With_Missing_Token_TC"
Test Description:	"TC020 - Perform Add Cancel Policy With Missing Token"
################################################################################################################################################
2023-01-12 11:56:44.247 &amp#27;[32m INFO&amp#27;[m &amp#27;[35m[@503 - main]&amp#27;[m &amp#27;[36mcom.shaft.tools.io.ReportManager&amp#27;[m : File Action "DoesFileExist" successfully performed. With the following test data "File Path: "SteeringCompanyAPI_TestData/SteeringCompanyAPI_TestData.xlsx"".
2023-01-12 11:56:44.271 &amp#27;[32m INFO&amp#27;[m &amp#27;[35m[@503 - main]&amp#27;[m &amp#27;[36mcom.shaft.tools.io.ReportManager&amp#27;[m : Successfully created attachment "Test Data - Excel"
2023-01-12 11:56:44.718 &amp#27;[32m INFO&amp#27;[m &amp#27;[35m[@503 - main]&amp#27;[m &amp#27;[36mcom.shaft.tools.io.ReportManager&amp#27;[m : Response status code: "401", status line: "HTTP/1.1 401 "
2023-01-12 11:56:44.734 &amp#27;[32m INFO&amp#27;[m &amp#27;[35m[@503 - main]&amp#27;[m &amp#27;[36mcom.shaft.tools.io.ReportManager&amp#27;[m : Successfully created attachment "API Request - Specifications"
2023-01-12 11:56:44.735 &amp#27;[32m INFO&amp#27;[m &amp#27;[35m[@503 - main]&amp#27;[m &amp#27;[36mcom.shaft.tools.io.ReportManager&amp#27;[m : Successfully created attachment "API Request - JSON Body"
2023-01-12 11:56:44.736 &amp#27;[32m INFO&amp#27;[m &amp#27;[35m[@503 - main]&amp#27;[m &amp#27;[36mcom.shaft.tools.io.ReportManager&amp#27;[m : Successfully created attachment "API Response - JSON Body"
2023-01-12 11:56:44.738 &amp#27;[32m INFO&amp#27;[m &amp#27;[35m[@503 - main]&amp#27;[m &amp#27;[36mcom.shaft.tools.io.ReportManager&amp#27;[m : File Action "DoesFileExist" successfully performed. With the following test data "File Path: "Schemas/InvalidTokenRequest_Unauthorized_schema.json"".
2023-01-12 11:56:44.739 &amp#27;[32m INFO&amp#27;[m &amp#27;[35m[@503 - main]&amp#27;[m &amp#27;[36mcom.shaft.tools.io.ReportManager&amp#27;[m : File Action "DoesFileExist" successfully performed. With the following test data "File Path: "src/test/resources/testDataFiles/Schemas/InvalidTokenRequest_Unauthorized_schema.json"".
2023-01-12 11:56:44.739 &amp#27;[32m INFO&amp#27;[m &amp#27;[35m[@503 - main]&amp#27;[m &amp#27;[36mcom.shaft.tools.io.ReportManager&amp#27;[m : File Action "GetAbsolutePath" successfully performed. With the following test data "Relative Folder Path: "src/test/resources/testDataFiles/Schemas/InvalidTokenRequest_Unauthorized_schema.json"".
2023-01-12 11:56:44.742 &amp#27;[32m INFO&amp#27;[m &amp#27;[35m[@503 - main]&amp#27;[m &amp#27;[36mcom.shaft.tools.io.ReportManager&amp#27;[m : File Action "DoesFileExist" successfully performed. With the following test data "File Path: "C:\eclipse-workspace\MyProjects\TASystemsAPIs\src\test\resources\testDataFiles\Schemas\InvalidTokenRequest_Unauthorized_schema.json"".
2023-01-12 11:56:44.742 &amp#27;[32m INFO&amp#27;[m &amp#27;[35m[@503 - main]&amp#27;[m &amp#27;[36mcom.shaft.tools.io.ReportManager&amp#27;[m : File Action "GetAbsolutePath" successfully performed. With the following test data "Relative Folder Path: "C:\eclipse-workspace\MyProjects\TASystemsAPIs\src\test\resources\testDataFiles\Schemas\InvalidTokenRequest_Unauthorized_schema.json"".
2023-01-12 11:56:44.742 &amp#27;[32m INFO&amp#27;[m &amp#27;[35m[@503 - main]&amp#27;[m &amp#27;[36mcom.shaft.tools.io.ReportManager&amp#27;[m : File Action "ReadFile" successfully performed. With the following test data "File Path: "C:\eclipse-workspace\MyProjects\TASystemsAPIs\src\test\resources\testDataFiles\Schemas\InvalidTokenRequest_Unauthorized_schema.json"".
2023-01-12 11:56:44.744 &amp#27;[32m INFO&amp#27;[m &amp#27;[35m[@503 - main]&amp#27;[m &amp#27;[36mcom.shaft.tools.io.ReportManager&amp#27;[m : Successfully created attachment "Validation Test Data - Expected JSON Value"
2023-01-12 11:56:44.745 &amp#27;[32m INFO&amp#27;[m &amp#27;[35m[@503 - main]&amp#27;[m &amp#27;[36mcom.shaft.tools.io.ReportManager&amp#27;[m : Successfully created attachment "Validation Test Data - Actual JSON Value"
2023-01-12 11:56:44.746 &amp#27;[32m INFO&amp#27;[m &amp#27;[35m[@503 - main]&amp#27;[m &amp#27;[36mcom.shaft.tools.io.ReportManager&amp#27;[m : Successfully created attachment "SHAFT Engine Logs - Current Method log: InValid_Add_Cancel_Policy_With_Missing_Token_TC"
]]></system-out>
  </testcase>
  <testcase name="InValid_Add_General_Policy_With_Invalid_Token_TC[[Ljava.lang.Object;@1c31408f](1)" classname="SteeringCompanyAPI_TestCases.Test_Policies_Cases" time="0.487">
    <system-out><![CDATA[2023-01-12 11:56:44.751 &amp#27;[32m INFO&amp#27;[m &amp#27;[35m[@534 - main]&amp#27;[m &amp#27;[36mcom.shaft.tools.io.ReportManager&amp#27;[m : 
################################################################################################################################################
Starting Execution:	"42 out of 56" test cases in the current suite
Test Method:		"SteeringCompanyAPI_TestCases.Test_Policies_Cases.InValid_Add_General_Policy_With_Invalid_Token_TC"
Test Description:	"TC029 - Perform Add General Policy With Invalid/Expired Token"
################################################################################################################################################
2023-01-12 11:56:44.752 &amp#27;[32m INFO&amp#27;[m &amp#27;[35m[@503 - main]&amp#27;[m &amp#27;[36mcom.shaft.tools.io.ReportManager&amp#27;[m : File Action "DoesFileExist" successfully performed. With the following test data "File Path: "SteeringCompanyAPI_TestData/SteeringCompanyAPI_TestData.xlsx"".
2023-01-12 11:56:44.772 &amp#27;[32m INFO&amp#27;[m &amp#27;[35m[@503 - main]&amp#27;[m &amp#27;[36mcom.shaft.tools.io.ReportManager&amp#27;[m : Successfully created attachment "Test Data - Excel"
2023-01-12 11:56:45.224 &amp#27;[32m INFO&amp#27;[m &amp#27;[35m[@503 - main]&amp#27;[m &amp#27;[36mcom.shaft.tools.io.ReportManager&amp#27;[m : Response status code: "401", status line: "HTTP/1.1 401 "
2023-01-12 11:56:45.228 &amp#27;[32m INFO&amp#27;[m &amp#27;[35m[@503 - main]&amp#27;[m &amp#27;[36mcom.shaft.tools.io.ReportManager&amp#27;[m : Successfully created attachment "API Request - Specifications"
2023-01-12 11:56:45.230 &amp#27;[32m INFO&amp#27;[m &amp#27;[35m[@503 - main]&amp#27;[m &amp#27;[36mcom.shaft.tools.io.ReportManager&amp#27;[m : Successfully created attachment "API Request - JSON Body"
2023-01-12 11:56:45.231 &amp#27;[32m INFO&amp#27;[m &amp#27;[35m[@503 - main]&amp#27;[m &amp#27;[36mcom.shaft.tools.io.ReportManager&amp#27;[m : Successfully created attachment "API Response - JSON Body"
2023-01-12 11:56:45.235 &amp#27;[32m INFO&amp#27;[m &amp#27;[35m[@503 - main]&amp#27;[m &amp#27;[36mcom.shaft.tools.io.ReportManager&amp#27;[m : Successfully created attachment "SHAFT Engine Logs - Current Method log: InValid_Add_General_Policy_With_Invalid_Token_TC"
]]></system-out>
  </testcase>
  <testcase name="InValid_Add_General_Policy_With_Invalid_Token_TC[[Ljava.lang.Object;@619dc2a6](2)" classname="SteeringCompanyAPI_TestCases.Test_Policies_Cases" time="0.5">
    <system-out><![CDATA[2023-01-12 11:56:45.239 &amp#27;[32m INFO&amp#27;[m &amp#27;[35m[@534 - main]&amp#27;[m &amp#27;[36mcom.shaft.tools.io.ReportManager&amp#27;[m : 
################################################################################################################################################
Starting Execution:	"43 out of 56" test cases in the current suite
Test Method:		"SteeringCompanyAPI_TestCases.Test_Policies_Cases.InValid_Add_General_Policy_With_Invalid_Token_TC"
Test Description:	"TC029 - Perform Add General Policy With Invalid/Expired Token"
################################################################################################################################################
2023-01-12 11:56:45.240 &amp#27;[32m INFO&amp#27;[m &amp#27;[35m[@503 - main]&amp#27;[m &amp#27;[36mcom.shaft.tools.io.ReportManager&amp#27;[m : File Action "DoesFileExist" successfully performed. With the following test data "File Path: "SteeringCompanyAPI_TestData/SteeringCompanyAPI_TestData.xlsx"".
2023-01-12 11:56:45.273 &amp#27;[32m INFO&amp#27;[m &amp#27;[35m[@503 - main]&amp#27;[m &amp#27;[36mcom.shaft.tools.io.ReportManager&amp#27;[m : Successfully created attachment "Test Data - Excel"
2023-01-12 11:56:45.726 &amp#27;[32m INFO&amp#27;[m &amp#27;[35m[@503 - main]&amp#27;[m &amp#27;[36mcom.shaft.tools.io.ReportManager&amp#27;[m : Response status code: "401", status line: "HTTP/1.1 401 "
2023-01-12 11:56:45.729 &amp#27;[32m INFO&amp#27;[m &amp#27;[35m[@503 - main]&amp#27;[m &amp#27;[36mcom.shaft.tools.io.ReportManager&amp#27;[m : Successfully created attachment "API Request - Specifications"
2023-01-12 11:56:45.731 &amp#27;[32m INFO&amp#27;[m &amp#27;[35m[@503 - main]&amp#27;[m &amp#27;[36mcom.shaft.tools.io.ReportManager&amp#27;[m : Successfully created attachment "API Request - JSON Body"
2023-01-12 11:56:45.732 &amp#27;[32m INFO&amp#27;[m &amp#27;[35m[@503 - main]&amp#27;[m &amp#27;[36mcom.shaft.tools.io.ReportManager&amp#27;[m : Successfully created attachment "API Response - JSON Body"
2023-01-12 11:56:45.734 &amp#27;[32m INFO&amp#27;[m &amp#27;[35m[@503 - main]&amp#27;[m &amp#27;[36mcom.shaft.tools.io.ReportManager&amp#27;[m : Successfully created attachment "SHAFT Engine Logs - Current Method log: InValid_Add_General_Policy_With_Invalid_Token_TC"
]]></system-out>
  </testcase>
  <testcase name="InValid_Add_General_Policy_With_Missing_Token_TC[[Ljava.lang.Object;@43fffec2](1)" classname="SteeringCompanyAPI_TestCases.Test_Policies_Cases" time="0.53">
    <system-out><![CDATA[2023-01-12 11:56:45.743 &amp#27;[32m INFO&amp#27;[m &amp#27;[35m[@534 - main]&amp#27;[m &amp#27;[36mcom.shaft.tools.io.ReportManager&amp#27;[m : 
################################################################################################################################################
Starting Execution:	"44 out of 56" test cases in the current suite
Test Method:		"SteeringCompanyAPI_TestCases.Test_Policies_Cases.InValid_Add_General_Policy_With_Missing_Token_TC"
Test Description:	"TC028 - Perform Add General Policy With Missing Token"
################################################################################################################################################
2023-01-12 11:56:45.744 &amp#27;[32m INFO&amp#27;[m &amp#27;[35m[@503 - main]&amp#27;[m &amp#27;[36mcom.shaft.tools.io.ReportManager&amp#27;[m : File Action "DoesFileExist" successfully performed. With the following test data "File Path: "SteeringCompanyAPI_TestData/SteeringCompanyAPI_TestData.xlsx"".
2023-01-12 11:56:45.777 &amp#27;[32m INFO&amp#27;[m &amp#27;[35m[@503 - main]&amp#27;[m &amp#27;[36mcom.shaft.tools.io.ReportManager&amp#27;[m : Successfully created attachment "Test Data - Excel"
2023-01-12 11:56:46.222 &amp#27;[32m INFO&amp#27;[m &amp#27;[35m[@503 - main]&amp#27;[m &amp#27;[36mcom.shaft.tools.io.ReportManager&amp#27;[m : Response status code: "401", status line: "HTTP/1.1 401 "
2023-01-12 11:56:46.252 &amp#27;[32m INFO&amp#27;[m &amp#27;[35m[@503 - main]&amp#27;[m &amp#27;[36mcom.shaft.tools.io.ReportManager&amp#27;[m : Successfully created attachment "API Request - Specifications"
2023-01-12 11:56:46.254 &amp#27;[32m INFO&amp#27;[m &amp#27;[35m[@503 - main]&amp#27;[m &amp#27;[36mcom.shaft.tools.io.ReportManager&amp#27;[m : Successfully created attachment "API Request - JSON Body"
2023-01-12 11:56:46.256 &amp#27;[32m INFO&amp#27;[m &amp#27;[35m[@503 - main]&amp#27;[m &amp#27;[36mcom.shaft.tools.io.ReportManager&amp#27;[m : Successfully created attachment "API Response - JSON Body"
2023-01-12 11:56:46.258 &amp#27;[32m INFO&amp#27;[m &amp#27;[35m[@503 - main]&amp#27;[m &amp#27;[36mcom.shaft.tools.io.ReportManager&amp#27;[m : File Action "DoesFileExist" successfully performed. With the following test data "File Path: "Schemas/InvalidTokenRequest_Unauthorized_schema.json"".
2023-01-12 11:56:46.258 &amp#27;[32m INFO&amp#27;[m &amp#27;[35m[@503 - main]&amp#27;[m &amp#27;[36mcom.shaft.tools.io.ReportManager&amp#27;[m : File Action "DoesFileExist" successfully performed. With the following test data "File Path: "src/test/resources/testDataFiles/Schemas/InvalidTokenRequest_Unauthorized_schema.json"".
2023-01-12 11:56:46.258 &amp#27;[32m INFO&amp#27;[m &amp#27;[35m[@503 - main]&amp#27;[m &amp#27;[36mcom.shaft.tools.io.ReportManager&amp#27;[m : File Action "GetAbsolutePath" successfully performed. With the following test data "Relative Folder Path: "src/test/resources/testDataFiles/Schemas/InvalidTokenRequest_Unauthorized_schema.json"".
2023-01-12 11:56:46.263 &amp#27;[32m INFO&amp#27;[m &amp#27;[35m[@503 - main]&amp#27;[m &amp#27;[36mcom.shaft.tools.io.ReportManager&amp#27;[m : File Action "DoesFileExist" successfully performed. With the following test data "File Path: "C:\eclipse-workspace\MyProjects\TASystemsAPIs\src\test\resources\testDataFiles\Schemas\InvalidTokenRequest_Unauthorized_schema.json"".
2023-01-12 11:56:46.264 &amp#27;[32m INFO&amp#27;[m &amp#27;[35m[@503 - main]&amp#27;[m &amp#27;[36mcom.shaft.tools.io.ReportManager&amp#27;[m : File Action "GetAbsolutePath" successfully performed. With the following test data "Relative Folder Path: "C:\eclipse-workspace\MyProjects\TASystemsAPIs\src\test\resources\testDataFiles\Schemas\InvalidTokenRequest_Unauthorized_schema.json"".
2023-01-12 11:56:46.264 &amp#27;[32m INFO&amp#27;[m &amp#27;[35m[@503 - main]&amp#27;[m &amp#27;[36mcom.shaft.tools.io.ReportManager&amp#27;[m : File Action "ReadFile" successfully performed. With the following test data "File Path: "C:\eclipse-workspace\MyProjects\TASystemsAPIs\src\test\resources\testDataFiles\Schemas\InvalidTokenRequest_Unauthorized_schema.json"".
2023-01-12 11:56:46.266 &amp#27;[32m INFO&amp#27;[m &amp#27;[35m[@503 - main]&amp#27;[m &amp#27;[36mcom.shaft.tools.io.ReportManager&amp#27;[m : Successfully created attachment "Validation Test Data - Expected JSON Value"
2023-01-12 11:56:46.267 &amp#27;[32m INFO&amp#27;[m &amp#27;[35m[@503 - main]&amp#27;[m &amp#27;[36mcom.shaft.tools.io.ReportManager&amp#27;[m : Successfully created attachment "Validation Test Data - Actual JSON Value"
2023-01-12 11:56:46.269 &amp#27;[32m INFO&amp#27;[m &amp#27;[35m[@503 - main]&amp#27;[m &amp#27;[36mcom.shaft.tools.io.ReportManager&amp#27;[m : Successfully created attachment "SHAFT Engine Logs - Current Method log: InValid_Add_General_Policy_With_Missing_Token_TC"
]]></system-out>
  </testcase>
  <testcase name="InValid_Add_General_Policy_With_Missing_Token_TC[[Ljava.lang.Object;@4d704218](2)" classname="SteeringCompanyAPI_TestCases.Test_Policies_Cases" time="0.502">
    <system-out><![CDATA[2023-01-12 11:56:46.272 &amp#27;[32m INFO&amp#27;[m &amp#27;[35m[@534 - main]&amp#27;[m &amp#27;[36mcom.shaft.tools.io.ReportManager&amp#27;[m : 
################################################################################################################################################
Starting Execution:	"45 out of 56" test cases in the current suite
Test Method:		"SteeringCompanyAPI_TestCases.Test_Policies_Cases.InValid_Add_General_Policy_With_Missing_Token_TC"
Test Description:	"TC028 - Perform Add General Policy With Missing Token"
################################################################################################################################################
2023-01-12 11:56:46.272 &amp#27;[32m INFO&amp#27;[m &amp#27;[35m[@503 - main]&amp#27;[m &amp#27;[36mcom.shaft.tools.io.ReportManager&amp#27;[m : File Action "DoesFileExist" successfully performed. With the following test data "File Path: "SteeringCompanyAPI_TestData/SteeringCompanyAPI_TestData.xlsx"".
2023-01-12 11:56:46.294 &amp#27;[32m INFO&amp#27;[m &amp#27;[35m[@503 - main]&amp#27;[m &amp#27;[36mcom.shaft.tools.io.ReportManager&amp#27;[m : Successfully created attachment "Test Data - Excel"
2023-01-12 11:56:46.740 &amp#27;[32m INFO&amp#27;[m &amp#27;[35m[@503 - main]&amp#27;[m &amp#27;[36mcom.shaft.tools.io.ReportManager&amp#27;[m : Response status code: "401", status line: "HTTP/1.1 401 "
2023-01-12 11:56:46.760 &amp#27;[32m INFO&amp#27;[m &amp#27;[35m[@503 - main]&amp#27;[m &amp#27;[36mcom.shaft.tools.io.ReportManager&amp#27;[m : Successfully created attachment "API Request - Specifications"
2023-01-12 11:56:46.761 &amp#27;[32m INFO&amp#27;[m &amp#27;[35m[@503 - main]&amp#27;[m &amp#27;[36mcom.shaft.tools.io.ReportManager&amp#27;[m : Successfully created attachment "API Request - JSON Body"
2023-01-12 11:56:46.761 &amp#27;[32m INFO&amp#27;[m &amp#27;[35m[@503 - main]&amp#27;[m &amp#27;[36mcom.shaft.tools.io.ReportManager&amp#27;[m : Successfully created attachment "API Response - JSON Body"
2023-01-12 11:56:46.763 &amp#27;[32m INFO&amp#27;[m &amp#27;[35m[@503 - main]&amp#27;[m &amp#27;[36mcom.shaft.tools.io.ReportManager&amp#27;[m : File Action "DoesFileExist" successfully performed. With the following test data "File Path: "Schemas/InvalidTokenRequest_Unauthorized_schema.json"".
2023-01-12 11:56:46.763 &amp#27;[32m INFO&amp#27;[m &amp#27;[35m[@503 - main]&amp#27;[m &amp#27;[36mcom.shaft.tools.io.ReportManager&amp#27;[m : File Action "DoesFileExist" successfully performed. With the following test data "File Path: "src/test/resources/testDataFiles/Schemas/InvalidTokenRequest_Unauthorized_schema.json"".
2023-01-12 11:56:46.763 &amp#27;[32m INFO&amp#27;[m &amp#27;[35m[@503 - main]&amp#27;[m &amp#27;[36mcom.shaft.tools.io.ReportManager&amp#27;[m : File Action "GetAbsolutePath" successfully performed. With the following test data "Relative Folder Path: "src/test/resources/testDataFiles/Schemas/InvalidTokenRequest_Unauthorized_schema.json"".
2023-01-12 11:56:46.767 &amp#27;[32m INFO&amp#27;[m &amp#27;[35m[@503 - main]&amp#27;[m &amp#27;[36mcom.shaft.tools.io.ReportManager&amp#27;[m : File Action "DoesFileExist" successfully performed. With the following test data "File Path: "C:\eclipse-workspace\MyProjects\TASystemsAPIs\src\test\resources\testDataFiles\Schemas\InvalidTokenRequest_Unauthorized_schema.json"".
2023-01-12 11:56:46.767 &amp#27;[32m INFO&amp#27;[m &amp#27;[35m[@503 - main]&amp#27;[m &amp#27;[36mcom.shaft.tools.io.ReportManager&amp#27;[m : File Action "GetAbsolutePath" successfully performed. With the following test data "Relative Folder Path: "C:\eclipse-workspace\MyProjects\TASystemsAPIs\src\test\resources\testDataFiles\Schemas\InvalidTokenRequest_Unauthorized_schema.json"".
2023-01-12 11:56:46.767 &amp#27;[32m INFO&amp#27;[m &amp#27;[35m[@503 - main]&amp#27;[m &amp#27;[36mcom.shaft.tools.io.ReportManager&amp#27;[m : File Action "ReadFile" successfully performed. With the following test data "File Path: "C:\eclipse-workspace\MyProjects\TASystemsAPIs\src\test\resources\testDataFiles\Schemas\InvalidTokenRequest_Unauthorized_schema.json"".
2023-01-12 11:56:46.769 &amp#27;[32m INFO&amp#27;[m &amp#27;[35m[@503 - main]&amp#27;[m &amp#27;[36mcom.shaft.tools.io.ReportManager&amp#27;[m : Successfully created attachment "Validation Test Data - Expected JSON Value"
2023-01-12 11:56:46.770 &amp#27;[32m INFO&amp#27;[m &amp#27;[35m[@503 - main]&amp#27;[m &amp#27;[36mcom.shaft.tools.io.ReportManager&amp#27;[m : Successfully created attachment "Validation Test Data - Actual JSON Value"
2023-01-12 11:56:46.771 &amp#27;[32m INFO&amp#27;[m &amp#27;[35m[@503 - main]&amp#27;[m &amp#27;[36mcom.shaft.tools.io.ReportManager&amp#27;[m : Successfully created attachment "SHAFT Engine Logs - Current Method log: InValid_Add_General_Policy_With_Missing_Token_TC"
]]></system-out>
  </testcase>
  <testcase name="InValid_Add_Payment_Policy_With_InValid_Token_TC[[Ljava.lang.Object;@7d0a43a8](1)" classname="SteeringCompanyAPI_TestCases.Test_Policies_Cases" time="0.494">
    <system-out><![CDATA[2023-01-12 11:56:46.776 &amp#27;[32m INFO&amp#27;[m &amp#27;[35m[@534 - main]&amp#27;[m &amp#27;[36mcom.shaft.tools.io.ReportManager&amp#27;[m : 
################################################################################################################################################
Starting Execution:	"46 out of 56" test cases in the current suite
Test Method:		"SteeringCompanyAPI_TestCases.Test_Policies_Cases.InValid_Add_Payment_Policy_With_InValid_Token_TC"
Test Description:	"TC027 - Perform Add Payment Policy With Invalid/Expired Token"
################################################################################################################################################
2023-01-12 11:56:46.776 &amp#27;[32m INFO&amp#27;[m &amp#27;[35m[@503 - main]&amp#27;[m &amp#27;[36mcom.shaft.tools.io.ReportManager&amp#27;[m : File Action "DoesFileExist" successfully performed. With the following test data "File Path: "SteeringCompanyAPI_TestData/SteeringCompanyAPI_TestData.xlsx"".
2023-01-12 11:56:46.799 &amp#27;[32m INFO&amp#27;[m &amp#27;[35m[@503 - main]&amp#27;[m &amp#27;[36mcom.shaft.tools.io.ReportManager&amp#27;[m : Successfully created attachment "Test Data - Excel"
2023-01-12 11:56:47.261 &amp#27;[32m INFO&amp#27;[m &amp#27;[35m[@503 - main]&amp#27;[m &amp#27;[36mcom.shaft.tools.io.ReportManager&amp#27;[m : Response status code: "401", status line: "HTTP/1.1 401 "
2023-01-12 11:56:47.264 &amp#27;[32m INFO&amp#27;[m &amp#27;[35m[@503 - main]&amp#27;[m &amp#27;[36mcom.shaft.tools.io.ReportManager&amp#27;[m : Successfully created attachment "API Request - Specifications"
2023-01-12 11:56:47.265 &amp#27;[32m INFO&amp#27;[m &amp#27;[35m[@503 - main]&amp#27;[m &amp#27;[36mcom.shaft.tools.io.ReportManager&amp#27;[m : Successfully created attachment "API Request - JSON Body"
2023-01-12 11:56:47.267 &amp#27;[32m INFO&amp#27;[m &amp#27;[35m[@503 - main]&amp#27;[m &amp#27;[36mcom.shaft.tools.io.ReportManager&amp#27;[m : Successfully created attachment "API Response - JSON Body"
2023-01-12 11:56:47.268 &amp#27;[32m INFO&amp#27;[m &amp#27;[35m[@503 - main]&amp#27;[m &amp#27;[36mcom.shaft.tools.io.ReportManager&amp#27;[m : Successfully created attachment "SHAFT Engine Logs - Current Method log: InValid_Add_Payment_Policy_With_InValid_Token_TC"
]]></system-out>
  </testcase>
  <testcase name="InValid_Add_Payment_Policy_With_InValid_Token_TC[[Ljava.lang.Object;@552e940b](2)" classname="SteeringCompanyAPI_TestCases.Test_Policies_Cases" time="0.49">
    <system-out><![CDATA[2023-01-12 11:56:47.270 &amp#27;[32m INFO&amp#27;[m &amp#27;[35m[@534 - main]&amp#27;[m &amp#27;[36mcom.shaft.tools.io.ReportManager&amp#27;[m : 
################################################################################################################################################
Starting Execution:	"47 out of 56" test cases in the current suite
Test Method:		"SteeringCompanyAPI_TestCases.Test_Policies_Cases.InValid_Add_Payment_Policy_With_InValid_Token_TC"
Test Description:	"TC027 - Perform Add Payment Policy With Invalid/Expired Token"
################################################################################################################################################
2023-01-12 11:56:47.271 &amp#27;[32m INFO&amp#27;[m &amp#27;[35m[@503 - main]&amp#27;[m &amp#27;[36mcom.shaft.tools.io.ReportManager&amp#27;[m : File Action "DoesFileExist" successfully performed. With the following test data "File Path: "SteeringCompanyAPI_TestData/SteeringCompanyAPI_TestData.xlsx"".
2023-01-12 11:56:47.300 &amp#27;[32m INFO&amp#27;[m &amp#27;[35m[@503 - main]&amp#27;[m &amp#27;[36mcom.shaft.tools.io.ReportManager&amp#27;[m : Successfully created attachment "Test Data - Excel"
2023-01-12 11:56:47.746 &amp#27;[32m INFO&amp#27;[m &amp#27;[35m[@503 - main]&amp#27;[m &amp#27;[36mcom.shaft.tools.io.ReportManager&amp#27;[m : Response status code: "401", status line: "HTTP/1.1 401 "
2023-01-12 11:56:47.751 &amp#27;[32m INFO&amp#27;[m &amp#27;[35m[@503 - main]&amp#27;[m &amp#27;[36mcom.shaft.tools.io.ReportManager&amp#27;[m : Successfully created attachment "API Request - Specifications"
2023-01-12 11:56:47.752 &amp#27;[32m INFO&amp#27;[m &amp#27;[35m[@503 - main]&amp#27;[m &amp#27;[36mcom.shaft.tools.io.ReportManager&amp#27;[m : Successfully created attachment "API Request - JSON Body"
2023-01-12 11:56:47.755 &amp#27;[32m INFO&amp#27;[m &amp#27;[35m[@503 - main]&amp#27;[m &amp#27;[36mcom.shaft.tools.io.ReportManager&amp#27;[m : Successfully created attachment "API Response - JSON Body"
2023-01-12 11:56:47.758 &amp#27;[32m INFO&amp#27;[m &amp#27;[35m[@503 - main]&amp#27;[m &amp#27;[36mcom.shaft.tools.io.ReportManager&amp#27;[m : Successfully created attachment "SHAFT Engine Logs - Current Method log: InValid_Add_Payment_Policy_With_InValid_Token_TC"
]]></system-out>
  </testcase>
  <testcase name="InValid_Add_Payment_Policy_With_Missing_Token_TC[[Ljava.lang.Object;@7a1b0d2a](1)" classname="SteeringCompanyAPI_TestCases.Test_Policies_Cases" time="0.515">
    <system-out><![CDATA[2023-01-12 11:56:47.765 &amp#27;[32m INFO&amp#27;[m &amp#27;[35m[@534 - main]&amp#27;[m &amp#27;[36mcom.shaft.tools.io.ReportManager&amp#27;[m : 
################################################################################################################################################
Starting Execution:	"48 out of 56" test cases in the current suite
Test Method:		"SteeringCompanyAPI_TestCases.Test_Policies_Cases.InValid_Add_Payment_Policy_With_Missing_Token_TC"
Test Description:	"TC026 - Perform Add Payment Policy With Missing Token"
################################################################################################################################################
2023-01-12 11:56:47.766 &amp#27;[32m INFO&amp#27;[m &amp#27;[35m[@503 - main]&amp#27;[m &amp#27;[36mcom.shaft.tools.io.ReportManager&amp#27;[m : File Action "DoesFileExist" successfully performed. With the following test data "File Path: "SteeringCompanyAPI_TestData/SteeringCompanyAPI_TestData.xlsx"".
2023-01-12 11:56:47.796 &amp#27;[32m INFO&amp#27;[m &amp#27;[35m[@503 - main]&amp#27;[m &amp#27;[36mcom.shaft.tools.io.ReportManager&amp#27;[m : Successfully created attachment "Test Data - Excel"
2023-01-12 11:56:48.238 &amp#27;[32m INFO&amp#27;[m &amp#27;[35m[@503 - main]&amp#27;[m &amp#27;[36mcom.shaft.tools.io.ReportManager&amp#27;[m : Response status code: "401", status line: "HTTP/1.1 401 "
2023-01-12 11:56:48.259 &amp#27;[32m INFO&amp#27;[m &amp#27;[35m[@503 - main]&amp#27;[m &amp#27;[36mcom.shaft.tools.io.ReportManager&amp#27;[m : Successfully created attachment "API Request - Specifications"
2023-01-12 11:56:48.260 &amp#27;[32m INFO&amp#27;[m &amp#27;[35m[@503 - main]&amp#27;[m &amp#27;[36mcom.shaft.tools.io.ReportManager&amp#27;[m : Successfully created attachment "API Request - JSON Body"
2023-01-12 11:56:48.262 &amp#27;[32m INFO&amp#27;[m &amp#27;[35m[@503 - main]&amp#27;[m &amp#27;[36mcom.shaft.tools.io.ReportManager&amp#27;[m : Successfully created attachment "API Response - JSON Body"
2023-01-12 11:56:48.263 &amp#27;[32m INFO&amp#27;[m &amp#27;[35m[@503 - main]&amp#27;[m &amp#27;[36mcom.shaft.tools.io.ReportManager&amp#27;[m : File Action "DoesFileExist" successfully performed. With the following test data "File Path: "Schemas/InvalidTokenRequest_Unauthorized_schema.json"".
2023-01-12 11:56:48.264 &amp#27;[32m INFO&amp#27;[m &amp#27;[35m[@503 - main]&amp#27;[m &amp#27;[36mcom.shaft.tools.io.ReportManager&amp#27;[m : File Action "DoesFileExist" successfully performed. With the following test data "File Path: "src/test/resources/testDataFiles/Schemas/InvalidTokenRequest_Unauthorized_schema.json"".
2023-01-12 11:56:48.264 &amp#27;[32m INFO&amp#27;[m &amp#27;[35m[@503 - main]&amp#27;[m &amp#27;[36mcom.shaft.tools.io.ReportManager&amp#27;[m : File Action "GetAbsolutePath" successfully performed. With the following test data "Relative Folder Path: "src/test/resources/testDataFiles/Schemas/InvalidTokenRequest_Unauthorized_schema.json"".
2023-01-12 11:56:48.268 &amp#27;[32m INFO&amp#27;[m &amp#27;[35m[@503 - main]&amp#27;[m &amp#27;[36mcom.shaft.tools.io.ReportManager&amp#27;[m : File Action "DoesFileExist" successfully performed. With the following test data "File Path: "C:\eclipse-workspace\MyProjects\TASystemsAPIs\src\test\resources\testDataFiles\Schemas\InvalidTokenRequest_Unauthorized_schema.json"".
2023-01-12 11:56:48.269 &amp#27;[32m INFO&amp#27;[m &amp#27;[35m[@503 - main]&amp#27;[m &amp#27;[36mcom.shaft.tools.io.ReportManager&amp#27;[m : File Action "GetAbsolutePath" successfully performed. With the following test data "Relative Folder Path: "C:\eclipse-workspace\MyProjects\TASystemsAPIs\src\test\resources\testDataFiles\Schemas\InvalidTokenRequest_Unauthorized_schema.json"".
2023-01-12 11:56:48.270 &amp#27;[32m INFO&amp#27;[m &amp#27;[35m[@503 - main]&amp#27;[m &amp#27;[36mcom.shaft.tools.io.ReportManager&amp#27;[m : File Action "ReadFile" successfully performed. With the following test data "File Path: "C:\eclipse-workspace\MyProjects\TASystemsAPIs\src\test\resources\testDataFiles\Schemas\InvalidTokenRequest_Unauthorized_schema.json"".
2023-01-12 11:56:48.273 &amp#27;[32m INFO&amp#27;[m &amp#27;[35m[@503 - main]&amp#27;[m &amp#27;[36mcom.shaft.tools.io.ReportManager&amp#27;[m : Successfully created attachment "Validation Test Data - Expected JSON Value"
2023-01-12 11:56:48.275 &amp#27;[32m INFO&amp#27;[m &amp#27;[35m[@503 - main]&amp#27;[m &amp#27;[36mcom.shaft.tools.io.ReportManager&amp#27;[m : Successfully created attachment "Validation Test Data - Actual JSON Value"
2023-01-12 11:56:48.276 &amp#27;[32m INFO&amp#27;[m &amp#27;[35m[@503 - main]&amp#27;[m &amp#27;[36mcom.shaft.tools.io.ReportManager&amp#27;[m : Successfully created attachment "SHAFT Engine Logs - Current Method log: InValid_Add_Payment_Policy_With_Missing_Token_TC"
]]></system-out>
  </testcase>
  <testcase name="InValid_Add_Payment_Policy_With_Missing_Token_TC[[Ljava.lang.Object;@59e182](2)" classname="SteeringCompanyAPI_TestCases.Test_Policies_Cases" time="0.503">
    <system-out><![CDATA[2023-01-12 11:56:48.282 &amp#27;[32m INFO&amp#27;[m &amp#27;[35m[@534 - main]&amp#27;[m &amp#27;[36mcom.shaft.tools.io.ReportManager&amp#27;[m : 
################################################################################################################################################
Starting Execution:	"49 out of 56" test cases in the current suite
Test Method:		"SteeringCompanyAPI_TestCases.Test_Policies_Cases.InValid_Add_Payment_Policy_With_Missing_Token_TC"
Test Description:	"TC026 - Perform Add Payment Policy With Missing Token"
################################################################################################################################################
2023-01-12 11:56:48.283 &amp#27;[32m INFO&amp#27;[m &amp#27;[35m[@503 - main]&amp#27;[m &amp#27;[36mcom.shaft.tools.io.ReportManager&amp#27;[m : File Action "DoesFileExist" successfully performed. With the following test data "File Path: "SteeringCompanyAPI_TestData/SteeringCompanyAPI_TestData.xlsx"".
2023-01-12 11:56:48.309 &amp#27;[32m INFO&amp#27;[m &amp#27;[35m[@503 - main]&amp#27;[m &amp#27;[36mcom.shaft.tools.io.ReportManager&amp#27;[m : Successfully created attachment "Test Data - Excel"
2023-01-12 11:56:48.749 &amp#27;[32m INFO&amp#27;[m &amp#27;[35m[@503 - main]&amp#27;[m &amp#27;[36mcom.shaft.tools.io.ReportManager&amp#27;[m : Response status code: "401", status line: "HTTP/1.1 401 "
2023-01-12 11:56:48.765 &amp#27;[32m INFO&amp#27;[m &amp#27;[35m[@503 - main]&amp#27;[m &amp#27;[36mcom.shaft.tools.io.ReportManager&amp#27;[m : Successfully created attachment "API Request - Specifications"
2023-01-12 11:56:48.766 &amp#27;[32m INFO&amp#27;[m &amp#27;[35m[@503 - main]&amp#27;[m &amp#27;[36mcom.shaft.tools.io.ReportManager&amp#27;[m : Successfully created attachment "API Request - JSON Body"
2023-01-12 11:56:48.768 &amp#27;[32m INFO&amp#27;[m &amp#27;[35m[@503 - main]&amp#27;[m &amp#27;[36mcom.shaft.tools.io.ReportManager&amp#27;[m : Successfully created attachment "API Response - JSON Body"
2023-01-12 11:56:48.770 &amp#27;[32m INFO&amp#27;[m &amp#27;[35m[@503 - main]&amp#27;[m &amp#27;[36mcom.shaft.tools.io.ReportManager&amp#27;[m : File Action "DoesFileExist" successfully performed. With the following test data "File Path: "Schemas/InvalidTokenRequest_Unauthorized_schema.json"".
2023-01-12 11:56:48.771 &amp#27;[32m INFO&amp#27;[m &amp#27;[35m[@503 - main]&amp#27;[m &amp#27;[36mcom.shaft.tools.io.ReportManager&amp#27;[m : File Action "DoesFileExist" successfully performed. With the following test data "File Path: "src/test/resources/testDataFiles/Schemas/InvalidTokenRequest_Unauthorized_schema.json"".
2023-01-12 11:56:48.772 &amp#27;[32m INFO&amp#27;[m &amp#27;[35m[@503 - main]&amp#27;[m &amp#27;[36mcom.shaft.tools.io.ReportManager&amp#27;[m : File Action "GetAbsolutePath" successfully performed. With the following test data "Relative Folder Path: "src/test/resources/testDataFiles/Schemas/InvalidTokenRequest_Unauthorized_schema.json"".
2023-01-12 11:56:48.776 &amp#27;[32m INFO&amp#27;[m &amp#27;[35m[@503 - main]&amp#27;[m &amp#27;[36mcom.shaft.tools.io.ReportManager&amp#27;[m : File Action "DoesFileExist" successfully performed. With the following test data "File Path: "C:\eclipse-workspace\MyProjects\TASystemsAPIs\src\test\resources\testDataFiles\Schemas\InvalidTokenRequest_Unauthorized_schema.json"".
2023-01-12 11:56:48.776 &amp#27;[32m INFO&amp#27;[m &amp#27;[35m[@503 - main]&amp#27;[m &amp#27;[36mcom.shaft.tools.io.ReportManager&amp#27;[m : File Action "GetAbsolutePath" successfully performed. With the following test data "Relative Folder Path: "C:\eclipse-workspace\MyProjects\TASystemsAPIs\src\test\resources\testDataFiles\Schemas\InvalidTokenRequest_Unauthorized_schema.json"".
2023-01-12 11:56:48.776 &amp#27;[32m INFO&amp#27;[m &amp#27;[35m[@503 - main]&amp#27;[m &amp#27;[36mcom.shaft.tools.io.ReportManager&amp#27;[m : File Action "ReadFile" successfully performed. With the following test data "File Path: "C:\eclipse-workspace\MyProjects\TASystemsAPIs\src\test\resources\testDataFiles\Schemas\InvalidTokenRequest_Unauthorized_schema.json"".
2023-01-12 11:56:48.779 &amp#27;[32m INFO&amp#27;[m &amp#27;[35m[@503 - main]&amp#27;[m &amp#27;[36mcom.shaft.tools.io.ReportManager&amp#27;[m : Successfully created attachment "Validation Test Data - Expected JSON Value"
2023-01-12 11:56:48.780 &amp#27;[32m INFO&amp#27;[m &amp#27;[35m[@503 - main]&amp#27;[m &amp#27;[36mcom.shaft.tools.io.ReportManager&amp#27;[m : Successfully created attachment "Validation Test Data - Actual JSON Value"
2023-01-12 11:56:48.781 &amp#27;[32m INFO&amp#27;[m &amp#27;[35m[@503 - main]&amp#27;[m &amp#27;[36mcom.shaft.tools.io.ReportManager&amp#27;[m : Successfully created attachment "SHAFT Engine Logs - Current Method log: InValid_Add_Payment_Policy_With_Missing_Token_TC"
]]></system-out>
  </testcase>
  <testcase name="InValid_Add_Tax_Policy_With_Invalid_Token_TC[[Ljava.lang.Object;@46ae23ca](1)" classname="SteeringCompanyAPI_TestCases.Test_Policies_Cases" time="0.475">
    <system-out><![CDATA[2023-01-12 11:56:48.786 &amp#27;[32m INFO&amp#27;[m &amp#27;[35m[@534 - main]&amp#27;[m &amp#27;[36mcom.shaft.tools.io.ReportManager&amp#27;[m : 
################################################################################################################################################
Starting Execution:	"50 out of 56" test cases in the current suite
Test Method:		"SteeringCompanyAPI_TestCases.Test_Policies_Cases.InValid_Add_Tax_Policy_With_Invalid_Token_TC"
Test Description:	"TC023 - Perform Add Valid Tax Policy With Invalid/Expired Token"
################################################################################################################################################
2023-01-12 11:56:48.787 &amp#27;[32m INFO&amp#27;[m &amp#27;[35m[@503 - main]&amp#27;[m &amp#27;[36mcom.shaft.tools.io.ReportManager&amp#27;[m : File Action "DoesFileExist" successfully performed. With the following test data "File Path: "SteeringCompanyAPI_TestData/SteeringCompanyAPI_TestData.xlsx"".
2023-01-12 11:56:48.805 &amp#27;[32m INFO&amp#27;[m &amp#27;[35m[@503 - main]&amp#27;[m &amp#27;[36mcom.shaft.tools.io.ReportManager&amp#27;[m : Successfully created attachment "Test Data - Excel"
2023-01-12 11:56:49.250 &amp#27;[32m INFO&amp#27;[m &amp#27;[35m[@503 - main]&amp#27;[m &amp#27;[36mcom.shaft.tools.io.ReportManager&amp#27;[m : Response status code: "401", status line: "HTTP/1.1 401 "
2023-01-12 11:56:49.254 &amp#27;[32m INFO&amp#27;[m &amp#27;[35m[@503 - main]&amp#27;[m &amp#27;[36mcom.shaft.tools.io.ReportManager&amp#27;[m : Successfully created attachment "API Request - Specifications"
2023-01-12 11:56:49.255 &amp#27;[32m INFO&amp#27;[m &amp#27;[35m[@503 - main]&amp#27;[m &amp#27;[36mcom.shaft.tools.io.ReportManager&amp#27;[m : Successfully created attachment "API Request - JSON Body"
2023-01-12 11:56:49.256 &amp#27;[32m INFO&amp#27;[m &amp#27;[35m[@503 - main]&amp#27;[m &amp#27;[36mcom.shaft.tools.io.ReportManager&amp#27;[m : Successfully created attachment "API Response - JSON Body"
2023-01-12 11:56:49.258 &amp#27;[32m INFO&amp#27;[m &amp#27;[35m[@503 - main]&amp#27;[m &amp#27;[36mcom.shaft.tools.io.ReportManager&amp#27;[m : Successfully created attachment "SHAFT Engine Logs - Current Method log: InValid_Add_Tax_Policy_With_Invalid_Token_TC"
]]></system-out>
  </testcase>
  <testcase name="InValid_Add_Tax_Policy_With_Invalid_Token_TC[[Ljava.lang.Object;@726dcf2c](2)" classname="SteeringCompanyAPI_TestCases.Test_Policies_Cases" time="0.535">
    <system-out><![CDATA[2023-01-12 11:56:49.262 &amp#27;[32m INFO&amp#27;[m &amp#27;[35m[@534 - main]&amp#27;[m &amp#27;[36mcom.shaft.tools.io.ReportManager&amp#27;[m : 
################################################################################################################################################
Starting Execution:	"51 out of 56" test cases in the current suite
Test Method:		"SteeringCompanyAPI_TestCases.Test_Policies_Cases.InValid_Add_Tax_Policy_With_Invalid_Token_TC"
Test Description:	"TC023 - Perform Add Valid Tax Policy With Invalid/Expired Token"
################################################################################################################################################
2023-01-12 11:56:49.262 &amp#27;[32m INFO&amp#27;[m &amp#27;[35m[@503 - main]&amp#27;[m &amp#27;[36mcom.shaft.tools.io.ReportManager&amp#27;[m : File Action "DoesFileExist" successfully performed. With the following test data "File Path: "SteeringCompanyAPI_TestData/SteeringCompanyAPI_TestData.xlsx"".
2023-01-12 11:56:49.308 &amp#27;[32m INFO&amp#27;[m &amp#27;[35m[@503 - main]&amp#27;[m &amp#27;[36mcom.shaft.tools.io.ReportManager&amp#27;[m : Successfully created attachment "Test Data - Excel"
2023-01-12 11:56:49.784 &amp#27;[32m INFO&amp#27;[m &amp#27;[35m[@503 - main]&amp#27;[m &amp#27;[36mcom.shaft.tools.io.ReportManager&amp#27;[m : Response status code: "401", status line: "HTTP/1.1 401 "
2023-01-12 11:56:49.787 &amp#27;[32m INFO&amp#27;[m &amp#27;[35m[@503 - main]&amp#27;[m &amp#27;[36mcom.shaft.tools.io.ReportManager&amp#27;[m : Successfully created attachment "API Request - Specifications"
2023-01-12 11:56:49.789 &amp#27;[32m INFO&amp#27;[m &amp#27;[35m[@503 - main]&amp#27;[m &amp#27;[36mcom.shaft.tools.io.ReportManager&amp#27;[m : Successfully created attachment "API Request - JSON Body"
2023-01-12 11:56:49.790 &amp#27;[32m INFO&amp#27;[m &amp#27;[35m[@503 - main]&amp#27;[m &amp#27;[36mcom.shaft.tools.io.ReportManager&amp#27;[m : Successfully created attachment "API Response - JSON Body"
2023-01-12 11:56:49.792 &amp#27;[32m INFO&amp#27;[m &amp#27;[35m[@503 - main]&amp#27;[m &amp#27;[36mcom.shaft.tools.io.ReportManager&amp#27;[m : Successfully created attachment "SHAFT Engine Logs - Current Method log: InValid_Add_Tax_Policy_With_Invalid_Token_TC"
]]></system-out>
  </testcase>
  <testcase name="InValid_Add_Tax_Policy_With_Missing_Token_TC[[Ljava.lang.Object;@485ca712](1)" classname="SteeringCompanyAPI_TestCases.Test_Policies_Cases" time="0.51">
    <system-out><![CDATA[2023-01-12 11:56:49.801 &amp#27;[32m INFO&amp#27;[m &amp#27;[35m[@534 - main]&amp#27;[m &amp#27;[36mcom.shaft.tools.io.ReportManager&amp#27;[m : 
################################################################################################################################################
Starting Execution:	"52 out of 56" test cases in the current suite
Test Method:		"SteeringCompanyAPI_TestCases.Test_Policies_Cases.InValid_Add_Tax_Policy_With_Missing_Token_TC"
Test Description:	"TC022 - Perform Add Valid Tax Policy With Missing Token"
################################################################################################################################################
2023-01-12 11:56:49.802 &amp#27;[32m INFO&amp#27;[m &amp#27;[35m[@503 - main]&amp#27;[m &amp#27;[36mcom.shaft.tools.io.ReportManager&amp#27;[m : File Action "DoesFileExist" successfully performed. With the following test data "File Path: "SteeringCompanyAPI_TestData/SteeringCompanyAPI_TestData.xlsx"".
2023-01-12 11:56:49.834 &amp#27;[32m INFO&amp#27;[m &amp#27;[35m[@503 - main]&amp#27;[m &amp#27;[36mcom.shaft.tools.io.ReportManager&amp#27;[m : Successfully created attachment "Test Data - Excel"
2023-01-12 11:56:50.274 &amp#27;[32m INFO&amp#27;[m &amp#27;[35m[@503 - main]&amp#27;[m &amp#27;[36mcom.shaft.tools.io.ReportManager&amp#27;[m : Response status code: "401", status line: "HTTP/1.1 401 "
2023-01-12 11:56:50.296 &amp#27;[32m INFO&amp#27;[m &amp#27;[35m[@503 - main]&amp#27;[m &amp#27;[36mcom.shaft.tools.io.ReportManager&amp#27;[m : Successfully created attachment "API Request - Specifications"
2023-01-12 11:56:50.297 &amp#27;[32m INFO&amp#27;[m &amp#27;[35m[@503 - main]&amp#27;[m &amp#27;[36mcom.shaft.tools.io.ReportManager&amp#27;[m : Successfully created attachment "API Request - JSON Body"
2023-01-12 11:56:50.297 &amp#27;[32m INFO&amp#27;[m &amp#27;[35m[@503 - main]&amp#27;[m &amp#27;[36mcom.shaft.tools.io.ReportManager&amp#27;[m : Successfully created attachment "API Response - JSON Body"
2023-01-12 11:56:50.298 &amp#27;[32m INFO&amp#27;[m &amp#27;[35m[@503 - main]&amp#27;[m &amp#27;[36mcom.shaft.tools.io.ReportManager&amp#27;[m : File Action "DoesFileExist" successfully performed. With the following test data "File Path: "Schemas/InvalidTokenRequest_Unauthorized_schema.json"".
2023-01-12 11:56:50.298 &amp#27;[32m INFO&amp#27;[m &amp#27;[35m[@503 - main]&amp#27;[m &amp#27;[36mcom.shaft.tools.io.ReportManager&amp#27;[m : File Action "DoesFileExist" successfully performed. With the following test data "File Path: "src/test/resources/testDataFiles/Schemas/InvalidTokenRequest_Unauthorized_schema.json"".
2023-01-12 11:56:50.298 &amp#27;[32m INFO&amp#27;[m &amp#27;[35m[@503 - main]&amp#27;[m &amp#27;[36mcom.shaft.tools.io.ReportManager&amp#27;[m : File Action "GetAbsolutePath" successfully performed. With the following test data "Relative Folder Path: "src/test/resources/testDataFiles/Schemas/InvalidTokenRequest_Unauthorized_schema.json"".
2023-01-12 11:56:50.301 &amp#27;[32m INFO&amp#27;[m &amp#27;[35m[@503 - main]&amp#27;[m &amp#27;[36mcom.shaft.tools.io.ReportManager&amp#27;[m : File Action "DoesFileExist" successfully performed. With the following test data "File Path: "C:\eclipse-workspace\MyProjects\TASystemsAPIs\src\test\resources\testDataFiles\Schemas\InvalidTokenRequest_Unauthorized_schema.json"".
2023-01-12 11:56:50.302 &amp#27;[32m INFO&amp#27;[m &amp#27;[35m[@503 - main]&amp#27;[m &amp#27;[36mcom.shaft.tools.io.ReportManager&amp#27;[m : File Action "GetAbsolutePath" successfully performed. With the following test data "Relative Folder Path: "C:\eclipse-workspace\MyProjects\TASystemsAPIs\src\test\resources\testDataFiles\Schemas\InvalidTokenRequest_Unauthorized_schema.json"".
2023-01-12 11:56:50.303 &amp#27;[32m INFO&amp#27;[m &amp#27;[35m[@503 - main]&amp#27;[m &amp#27;[36mcom.shaft.tools.io.ReportManager&amp#27;[m : File Action "ReadFile" successfully performed. With the following test data "File Path: "C:\eclipse-workspace\MyProjects\TASystemsAPIs\src\test\resources\testDataFiles\Schemas\InvalidTokenRequest_Unauthorized_schema.json"".
2023-01-12 11:56:50.305 &amp#27;[32m INFO&amp#27;[m &amp#27;[35m[@503 - main]&amp#27;[m &amp#27;[36mcom.shaft.tools.io.ReportManager&amp#27;[m : Successfully created attachment "Validation Test Data - Expected JSON Value"
2023-01-12 11:56:50.306 &amp#27;[32m INFO&amp#27;[m &amp#27;[35m[@503 - main]&amp#27;[m &amp#27;[36mcom.shaft.tools.io.ReportManager&amp#27;[m : Successfully created attachment "Validation Test Data - Actual JSON Value"
2023-01-12 11:56:50.307 &amp#27;[32m INFO&amp#27;[m &amp#27;[35m[@503 - main]&amp#27;[m &amp#27;[36mcom.shaft.tools.io.ReportManager&amp#27;[m : Successfully created attachment "SHAFT Engine Logs - Current Method log: InValid_Add_Tax_Policy_With_Missing_Token_TC"
]]></system-out>
  </testcase>
  <testcase name="InValid_Add_Tax_Policy_With_Missing_Token_TC[[Ljava.lang.Object;@3b621547](2)" classname="SteeringCompanyAPI_TestCases.Test_Policies_Cases" time="0.501">
    <system-out><![CDATA[2023-01-12 11:56:50.309 &amp#27;[32m INFO&amp#27;[m &amp#27;[35m[@534 - main]&amp#27;[m &amp#27;[36mcom.shaft.tools.io.ReportManager&amp#27;[m : 
################################################################################################################################################
Starting Execution:	"53 out of 56" test cases in the current suite
Test Method:		"SteeringCompanyAPI_TestCases.Test_Policies_Cases.InValid_Add_Tax_Policy_With_Missing_Token_TC"
Test Description:	"TC022 - Perform Add Valid Tax Policy With Missing Token"
################################################################################################################################################
2023-01-12 11:56:50.309 &amp#27;[32m INFO&amp#27;[m &amp#27;[35m[@503 - main]&amp#27;[m &amp#27;[36mcom.shaft.tools.io.ReportManager&amp#27;[m : File Action "DoesFileExist" successfully performed. With the following test data "File Path: "SteeringCompanyAPI_TestData/SteeringCompanyAPI_TestData.xlsx"".
2023-01-12 11:56:50.331 &amp#27;[32m INFO&amp#27;[m &amp#27;[35m[@503 - main]&amp#27;[m &amp#27;[36mcom.shaft.tools.io.ReportManager&amp#27;[m : Successfully created attachment "Test Data - Excel"
2023-01-12 11:56:50.782 &amp#27;[32m INFO&amp#27;[m &amp#27;[35m[@503 - main]&amp#27;[m &amp#27;[36mcom.shaft.tools.io.ReportManager&amp#27;[m : Response status code: "401", status line: "HTTP/1.1 401 "
2023-01-12 11:56:50.797 &amp#27;[32m INFO&amp#27;[m &amp#27;[35m[@503 - main]&amp#27;[m &amp#27;[36mcom.shaft.tools.io.ReportManager&amp#27;[m : Successfully created attachment "API Request - Specifications"
2023-01-12 11:56:50.798 &amp#27;[32m INFO&amp#27;[m &amp#27;[35m[@503 - main]&amp#27;[m &amp#27;[36mcom.shaft.tools.io.ReportManager&amp#27;[m : Successfully created attachment "API Request - JSON Body"
2023-01-12 11:56:50.799 &amp#27;[32m INFO&amp#27;[m &amp#27;[35m[@503 - main]&amp#27;[m &amp#27;[36mcom.shaft.tools.io.ReportManager&amp#27;[m : Successfully created attachment "API Response - JSON Body"
2023-01-12 11:56:50.800 &amp#27;[32m INFO&amp#27;[m &amp#27;[35m[@503 - main]&amp#27;[m &amp#27;[36mcom.shaft.tools.io.ReportManager&amp#27;[m : File Action "DoesFileExist" successfully performed. With the following test data "File Path: "Schemas/InvalidTokenRequest_Unauthorized_schema.json"".
2023-01-12 11:56:50.801 &amp#27;[32m INFO&amp#27;[m &amp#27;[35m[@503 - main]&amp#27;[m &amp#27;[36mcom.shaft.tools.io.ReportManager&amp#27;[m : File Action "DoesFileExist" successfully performed. With the following test data "File Path: "src/test/resources/testDataFiles/Schemas/InvalidTokenRequest_Unauthorized_schema.json"".
2023-01-12 11:56:50.801 &amp#27;[32m INFO&amp#27;[m &amp#27;[35m[@503 - main]&amp#27;[m &amp#27;[36mcom.shaft.tools.io.ReportManager&amp#27;[m : File Action "GetAbsolutePath" successfully performed. With the following test data "Relative Folder Path: "src/test/resources/testDataFiles/Schemas/InvalidTokenRequest_Unauthorized_schema.json"".
2023-01-12 11:56:50.804 &amp#27;[32m INFO&amp#27;[m &amp#27;[35m[@503 - main]&amp#27;[m &amp#27;[36mcom.shaft.tools.io.ReportManager&amp#27;[m : File Action "DoesFileExist" successfully performed. With the following test data "File Path: "C:\eclipse-workspace\MyProjects\TASystemsAPIs\src\test\resources\testDataFiles\Schemas\InvalidTokenRequest_Unauthorized_schema.json"".
2023-01-12 11:56:50.804 &amp#27;[32m INFO&amp#27;[m &amp#27;[35m[@503 - main]&amp#27;[m &amp#27;[36mcom.shaft.tools.io.ReportManager&amp#27;[m : File Action "GetAbsolutePath" successfully performed. With the following test data "Relative Folder Path: "C:\eclipse-workspace\MyProjects\TASystemsAPIs\src\test\resources\testDataFiles\Schemas\InvalidTokenRequest_Unauthorized_schema.json"".
2023-01-12 11:56:50.804 &amp#27;[32m INFO&amp#27;[m &amp#27;[35m[@503 - main]&amp#27;[m &amp#27;[36mcom.shaft.tools.io.ReportManager&amp#27;[m : File Action "ReadFile" successfully performed. With the following test data "File Path: "C:\eclipse-workspace\MyProjects\TASystemsAPIs\src\test\resources\testDataFiles\Schemas\InvalidTokenRequest_Unauthorized_schema.json"".
2023-01-12 11:56:50.806 &amp#27;[32m INFO&amp#27;[m &amp#27;[35m[@503 - main]&amp#27;[m &amp#27;[36mcom.shaft.tools.io.ReportManager&amp#27;[m : Successfully created attachment "Validation Test Data - Expected JSON Value"
2023-01-12 11:56:50.807 &amp#27;[32m INFO&amp#27;[m &amp#27;[35m[@503 - main]&amp#27;[m &amp#27;[36mcom.shaft.tools.io.ReportManager&amp#27;[m : Successfully created attachment "Validation Test Data - Actual JSON Value"
2023-01-12 11:56:50.808 &amp#27;[32m INFO&amp#27;[m &amp#27;[35m[@503 - main]&amp#27;[m &amp#27;[36mcom.shaft.tools.io.ReportManager&amp#27;[m : Successfully created attachment "SHAFT Engine Logs - Current Method log: InValid_Add_Tax_Policy_With_Missing_Token_TC"
]]></system-out>
  </testcase>
  <testcase name="InValid_Add_Usage_Policy_With_Invalid_Token_TC[[Ljava.lang.Object;@51ca6673](1)" classname="SteeringCompanyAPI_TestCases.Test_Policies_Cases" time="0.467">
    <system-out><![CDATA[2023-01-12 11:56:50.812 &amp#27;[32m INFO&amp#27;[m &amp#27;[35m[@534 - main]&amp#27;[m &amp#27;[36mcom.shaft.tools.io.ReportManager&amp#27;[m : 
################################################################################################################################################
Starting Execution:	"54 out of 56" test cases in the current suite
Test Method:		"SteeringCompanyAPI_TestCases.Test_Policies_Cases.InValid_Add_Usage_Policy_With_Invalid_Token_TC"
Test Description:	"TC025 - Perform Add Usage Policy With Invalid/Expired Token"
################################################################################################################################################
2023-01-12 11:56:50.813 &amp#27;[32m INFO&amp#27;[m &amp#27;[35m[@503 - main]&amp#27;[m &amp#27;[36mcom.shaft.tools.io.ReportManager&amp#27;[m : File Action "DoesFileExist" successfully performed. With the following test data "File Path: "SteeringCompanyAPI_TestData/SteeringCompanyAPI_TestData.xlsx"".
2023-01-12 11:56:50.829 &amp#27;[32m INFO&amp#27;[m &amp#27;[35m[@503 - main]&amp#27;[m &amp#27;[36mcom.shaft.tools.io.ReportManager&amp#27;[m : Successfully created attachment "Test Data - Excel"
2023-01-12 11:56:51.268 &amp#27;[32m INFO&amp#27;[m &amp#27;[35m[@503 - main]&amp#27;[m &amp#27;[36mcom.shaft.tools.io.ReportManager&amp#27;[m : Response status code: "401", status line: "HTTP/1.1 401 "
2023-01-12 11:56:51.271 &amp#27;[32m INFO&amp#27;[m &amp#27;[35m[@503 - main]&amp#27;[m &amp#27;[36mcom.shaft.tools.io.ReportManager&amp#27;[m : Successfully created attachment "API Request - Specifications"
2023-01-12 11:56:51.273 &amp#27;[32m INFO&amp#27;[m &amp#27;[35m[@503 - main]&amp#27;[m &amp#27;[36mcom.shaft.tools.io.ReportManager&amp#27;[m : Successfully created attachment "API Request - JSON Body"
2023-01-12 11:56:51.274 &amp#27;[32m INFO&amp#27;[m &amp#27;[35m[@503 - main]&amp#27;[m &amp#27;[36mcom.shaft.tools.io.ReportManager&amp#27;[m : Successfully created attachment "API Response - JSON Body"
2023-01-12 11:56:51.276 &amp#27;[32m INFO&amp#27;[m &amp#27;[35m[@503 - main]&amp#27;[m &amp#27;[36mcom.shaft.tools.io.ReportManager&amp#27;[m : Successfully created attachment "SHAFT Engine Logs - Current Method log: InValid_Add_Usage_Policy_With_Invalid_Token_TC"
]]></system-out>
  </testcase>
  <testcase name="InValid_Add_Usage_Policy_With_Invalid_Token_TC[[Ljava.lang.Object;@255a1fdb](2)" classname="SteeringCompanyAPI_TestCases.Test_Policies_Cases" time="0.491">
    <system-out><![CDATA[2023-01-12 11:56:51.280 &amp#27;[32m INFO&amp#27;[m &amp#27;[35m[@534 - main]&amp#27;[m &amp#27;[36mcom.shaft.tools.io.ReportManager&amp#27;[m : 
################################################################################################################################################
Starting Execution:	"55 out of 56" test cases in the current suite
Test Method:		"SteeringCompanyAPI_TestCases.Test_Policies_Cases.InValid_Add_Usage_Policy_With_Invalid_Token_TC"
Test Description:	"TC025 - Perform Add Usage Policy With Invalid/Expired Token"
################################################################################################################################################
2023-01-12 11:56:51.280 &amp#27;[32m INFO&amp#27;[m &amp#27;[35m[@503 - main]&amp#27;[m &amp#27;[36mcom.shaft.tools.io.ReportManager&amp#27;[m : File Action "DoesFileExist" successfully performed. With the following test data "File Path: "SteeringCompanyAPI_TestData/SteeringCompanyAPI_TestData.xlsx"".
2023-01-12 11:56:51.311 &amp#27;[32m INFO&amp#27;[m &amp#27;[35m[@503 - main]&amp#27;[m &amp#27;[36mcom.shaft.tools.io.ReportManager&amp#27;[m : Successfully created attachment "Test Data - Excel"
2023-01-12 11:56:51.757 &amp#27;[32m INFO&amp#27;[m &amp#27;[35m[@503 - main]&amp#27;[m &amp#27;[36mcom.shaft.tools.io.ReportManager&amp#27;[m : Response status code: "401", status line: "HTTP/1.1 401 "
2023-01-12 11:56:51.760 &amp#27;[32m INFO&amp#27;[m &amp#27;[35m[@503 - main]&amp#27;[m &amp#27;[36mcom.shaft.tools.io.ReportManager&amp#27;[m : Successfully created attachment "API Request - Specifications"
2023-01-12 11:56:51.761 &amp#27;[32m INFO&amp#27;[m &amp#27;[35m[@503 - main]&amp#27;[m &amp#27;[36mcom.shaft.tools.io.ReportManager&amp#27;[m : Successfully created attachment "API Request - JSON Body"
2023-01-12 11:56:51.763 &amp#27;[32m INFO&amp#27;[m &amp#27;[35m[@503 - main]&amp#27;[m &amp#27;[36mcom.shaft.tools.io.ReportManager&amp#27;[m : Successfully created attachment "API Response - JSON Body"
2023-01-12 11:56:51.766 &amp#27;[32m INFO&amp#27;[m &amp#27;[35m[@503 - main]&amp#27;[m &amp#27;[36mcom.shaft.tools.io.ReportManager&amp#27;[m : Successfully created attachment "SHAFT Engine Logs - Current Method log: InValid_Add_Usage_Policy_With_Invalid_Token_TC"
]]></system-out>
  </testcase>
  <testcase name="InValid_Add_Usage_Policy_With_Missing_Token_TC[[Ljava.lang.Object;@6b19f4b8](1)" classname="SteeringCompanyAPI_TestCases.Test_Policies_Cases" time="0.537">
    <system-out><![CDATA[2023-01-12 11:56:51.776 &amp#27;[32m INFO&amp#27;[m &amp#27;[35m[@534 - main]&amp#27;[m &amp#27;[36mcom.shaft.tools.io.ReportManager&amp#27;[m : 
################################################################################################################################################
Starting Execution:	"56 out of 56" test cases in the current suite
Test Method:		"SteeringCompanyAPI_TestCases.Test_Policies_Cases.InValid_Add_Usage_Policy_With_Missing_Token_TC"
Test Description:	"TC024 - Perform Add Usage Policy With Missing Token"
################################################################################################################################################
2023-01-12 11:56:51.777 &amp#27;[32m INFO&amp#27;[m &amp#27;[35m[@503 - main]&amp#27;[m &amp#27;[36mcom.shaft.tools.io.ReportManager&amp#27;[m : File Action "DoesFileExist" successfully performed. With the following test data "File Path: "SteeringCompanyAPI_TestData/SteeringCompanyAPI_TestData.xlsx"".
2023-01-12 11:56:51.801 &amp#27;[32m INFO&amp#27;[m &amp#27;[35m[@503 - main]&amp#27;[m &amp#27;[36mcom.shaft.tools.io.ReportManager&amp#27;[m : Successfully created attachment "Test Data - Excel"
2023-01-12 11:56:52.272 &amp#27;[32m INFO&amp#27;[m &amp#27;[35m[@503 - main]&amp#27;[m &amp#27;[36mcom.shaft.tools.io.ReportManager&amp#27;[m : Response status code: "401", status line: "HTTP/1.1 401 "
2023-01-12 11:56:52.290 &amp#27;[32m INFO&amp#27;[m &amp#27;[35m[@503 - main]&amp#27;[m &amp#27;[36mcom.shaft.tools.io.ReportManager&amp#27;[m : Successfully created attachment "API Request - Specifications"
2023-01-12 11:56:52.291 &amp#27;[32m INFO&amp#27;[m &amp#27;[35m[@503 - main]&amp#27;[m &amp#27;[36mcom.shaft.tools.io.ReportManager&amp#27;[m : Successfully created attachment "API Request - JSON Body"
2023-01-12 11:56:52.292 &amp#27;[32m INFO&amp#27;[m &amp#27;[35m[@503 - main]&amp#27;[m &amp#27;[36mcom.shaft.tools.io.ReportManager&amp#27;[m : Successfully created attachment "API Response - JSON Body"
2023-01-12 11:56:52.294 &amp#27;[32m INFO&amp#27;[m &amp#27;[35m[@503 - main]&amp#27;[m &amp#27;[36mcom.shaft.tools.io.ReportManager&amp#27;[m : File Action "DoesFileExist" successfully performed. With the following test data "File Path: "Schemas/InvalidTokenRequest_Unauthorized_schema.json"".
2023-01-12 11:56:52.295 &amp#27;[32m INFO&amp#27;[m &amp#27;[35m[@503 - main]&amp#27;[m &amp#27;[36mcom.shaft.tools.io.ReportManager&amp#27;[m : File Action "DoesFileExist" successfully performed. With the following test data "File Path: "src/test/resources/testDataFiles/Schemas/InvalidTokenRequest_Unauthorized_schema.json"".
2023-01-12 11:56:52.295 &amp#27;[32m INFO&amp#27;[m &amp#27;[35m[@503 - main]&amp#27;[m &amp#27;[36mcom.shaft.tools.io.ReportManager&amp#27;[m : File Action "GetAbsolutePath" successfully performed. With the following test data "Relative Folder Path: "src/test/resources/testDataFiles/Schemas/InvalidTokenRequest_Unauthorized_schema.json"".
2023-01-12 11:56:52.301 &amp#27;[32m INFO&amp#27;[m &amp#27;[35m[@503 - main]&amp#27;[m &amp#27;[36mcom.shaft.tools.io.ReportManager&amp#27;[m : File Action "DoesFileExist" successfully performed. With the following test data "File Path: "C:\eclipse-workspace\MyProjects\TASystemsAPIs\src\test\resources\testDataFiles\Schemas\InvalidTokenRequest_Unauthorized_schema.json"".
2023-01-12 11:56:52.301 &amp#27;[32m INFO&amp#27;[m &amp#27;[35m[@503 - main]&amp#27;[m &amp#27;[36mcom.shaft.tools.io.ReportManager&amp#27;[m : File Action "GetAbsolutePath" successfully performed. With the following test data "Relative Folder Path: "C:\eclipse-workspace\MyProjects\TASystemsAPIs\src\test\resources\testDataFiles\Schemas\InvalidTokenRequest_Unauthorized_schema.json"".
2023-01-12 11:56:52.302 &amp#27;[32m INFO&amp#27;[m &amp#27;[35m[@503 - main]&amp#27;[m &amp#27;[36mcom.shaft.tools.io.ReportManager&amp#27;[m : File Action "ReadFile" successfully performed. With the following test data "File Path: "C:\eclipse-workspace\MyProjects\TASystemsAPIs\src\test\resources\testDataFiles\Schemas\InvalidTokenRequest_Unauthorized_schema.json"".
2023-01-12 11:56:52.305 &amp#27;[32m INFO&amp#27;[m &amp#27;[35m[@503 - main]&amp#27;[m &amp#27;[36mcom.shaft.tools.io.ReportManager&amp#27;[m : Successfully created attachment "Validation Test Data - Expected JSON Value"
2023-01-12 11:56:52.306 &amp#27;[32m INFO&amp#27;[m &amp#27;[35m[@503 - main]&amp#27;[m &amp#27;[36mcom.shaft.tools.io.ReportManager&amp#27;[m : Successfully created attachment "Validation Test Data - Actual JSON Value"
2023-01-12 11:56:52.308 &amp#27;[32m INFO&amp#27;[m &amp#27;[35m[@503 - main]&amp#27;[m &amp#27;[36mcom.shaft.tools.io.ReportManager&amp#27;[m : Successfully created attachment "SHAFT Engine Logs - Current Method log: InValid_Add_Usage_Policy_With_Missing_Token_TC"
]]></system-out>
  </testcase>
  <testcase name="InValid_Add_Usage_Policy_With_Missing_Token_TC[[Ljava.lang.Object;@734bb821](2)" classname="SteeringCompanyAPI_TestCases.Test_Policies_Cases" time="0.506">
    <system-out><![CDATA[2023-01-12 11:56:52.311 &amp#27;[32m INFO&amp#27;[m &amp#27;[35m[@534 - main]&amp#27;[m &amp#27;[36mcom.shaft.tools.io.ReportManager&amp#27;[m : 
################################################################################################################################################
Starting Execution:	"57 out of 56" test cases in the current suite
Test Method:		"SteeringCompanyAPI_TestCases.Test_Policies_Cases.InValid_Add_Usage_Policy_With_Missing_Token_TC"
Test Description:	"TC024 - Perform Add Usage Policy With Missing Token"
################################################################################################################################################
2023-01-12 11:56:52.312 &amp#27;[32m INFO&amp#27;[m &amp#27;[35m[@503 - main]&amp#27;[m &amp#27;[36mcom.shaft.tools.io.ReportManager&amp#27;[m : File Action "DoesFileExist" successfully performed. With the following test data "File Path: "SteeringCompanyAPI_TestData/SteeringCompanyAPI_TestData.xlsx"".
2023-01-12 11:56:52.338 &amp#27;[32m INFO&amp#27;[m &amp#27;[35m[@503 - main]&amp#27;[m &amp#27;[36mcom.shaft.tools.io.ReportManager&amp#27;[m : Successfully created attachment "Test Data - Excel"
2023-01-12 11:56:52.774 &amp#27;[32m INFO&amp#27;[m &amp#27;[35m[@503 - main]&amp#27;[m &amp#27;[36mcom.shaft.tools.io.ReportManager&amp#27;[m : Response status code: "401", status line: "HTTP/1.1 401 "
2023-01-12 11:56:52.799 &amp#27;[32m INFO&amp#27;[m &amp#27;[35m[@503 - main]&amp#27;[m &amp#27;[36mcom.shaft.tools.io.ReportManager&amp#27;[m : Successfully created attachment "API Request - Specifications"
2023-01-12 11:56:52.801 &amp#27;[32m INFO&amp#27;[m &amp#27;[35m[@503 - main]&amp#27;[m &amp#27;[36mcom.shaft.tools.io.ReportManager&amp#27;[m : Successfully created attachment "API Request - JSON Body"
2023-01-12 11:56:52.803 &amp#27;[32m INFO&amp#27;[m &amp#27;[35m[@503 - main]&amp#27;[m &amp#27;[36mcom.shaft.tools.io.ReportManager&amp#27;[m : Successfully created attachment "API Response - JSON Body"
2023-01-12 11:56:52.805 &amp#27;[32m INFO&amp#27;[m &amp#27;[35m[@503 - main]&amp#27;[m &amp#27;[36mcom.shaft.tools.io.ReportManager&amp#27;[m : File Action "DoesFileExist" successfully performed. With the following test data "File Path: "Schemas/InvalidTokenRequest_Unauthorized_schema.json"".
2023-01-12 11:56:52.806 &amp#27;[32m INFO&amp#27;[m &amp#27;[35m[@503 - main]&amp#27;[m &amp#27;[36mcom.shaft.tools.io.ReportManager&amp#27;[m : File Action "DoesFileExist" successfully performed. With the following test data "File Path: "src/test/resources/testDataFiles/Schemas/InvalidTokenRequest_Unauthorized_schema.json"".
2023-01-12 11:56:52.807 &amp#27;[32m INFO&amp#27;[m &amp#27;[35m[@503 - main]&amp#27;[m &amp#27;[36mcom.shaft.tools.io.ReportManager&amp#27;[m : File Action "GetAbsolutePath" successfully performed. With the following test data "Relative Folder Path: "src/test/resources/testDataFiles/Schemas/InvalidTokenRequest_Unauthorized_schema.json"".
2023-01-12 11:56:52.810 &amp#27;[32m INFO&amp#27;[m &amp#27;[35m[@503 - main]&amp#27;[m &amp#27;[36mcom.shaft.tools.io.ReportManager&amp#27;[m : File Action "DoesFileExist" successfully performed. With the following test data "File Path: "C:\eclipse-workspace\MyProjects\TASystemsAPIs\src\test\resources\testDataFiles\Schemas\InvalidTokenRequest_Unauthorized_schema.json"".
2023-01-12 11:56:52.810 &amp#27;[32m INFO&amp#27;[m &amp#27;[35m[@503 - main]&amp#27;[m &amp#27;[36mcom.shaft.tools.io.ReportManager&amp#27;[m : File Action "GetAbsolutePath" successfully performed. With the following test data "Relative Folder Path: "C:\eclipse-workspace\MyProjects\TASystemsAPIs\src\test\resources\testDataFiles\Schemas\InvalidTokenRequest_Unauthorized_schema.json"".
2023-01-12 11:56:52.811 &amp#27;[32m INFO&amp#27;[m &amp#27;[35m[@503 - main]&amp#27;[m &amp#27;[36mcom.shaft.tools.io.ReportManager&amp#27;[m : File Action "ReadFile" successfully performed. With the following test data "File Path: "C:\eclipse-workspace\MyProjects\TASystemsAPIs\src\test\resources\testDataFiles\Schemas\InvalidTokenRequest_Unauthorized_schema.json"".
2023-01-12 11:56:52.812 &amp#27;[32m INFO&amp#27;[m &amp#27;[35m[@503 - main]&amp#27;[m &amp#27;[36mcom.shaft.tools.io.ReportManager&amp#27;[m : Successfully created attachment "Validation Test Data - Expected JSON Value"
2023-01-12 11:56:52.813 &amp#27;[32m INFO&amp#27;[m &amp#27;[35m[@503 - main]&amp#27;[m &amp#27;[36mcom.shaft.tools.io.ReportManager&amp#27;[m : Successfully created attachment "Validation Test Data - Actual JSON Value"
2023-01-12 11:56:52.814 &amp#27;[32m INFO&amp#27;[m &amp#27;[35m[@503 - main]&amp#27;[m &amp#27;[36mcom.shaft.tools.io.ReportManager&amp#27;[m : Successfully created attachment "SHAFT Engine Logs - Current Method log: InValid_Add_Usage_Policy_With_Missing_Token_TC"
]]></system-out>
  </testcase>
  <testcase name="InValid_Get_Cancel_Policy_With_InValid_Token_TC[[Ljava.lang.Object;@3fdef83](1)" classname="SteeringCompanyAPI_TestCases.Test_Policies_Cases" time="0.482">
    <system-out><![CDATA[2023-01-12 11:56:52.822 &amp#27;[32m INFO&amp#27;[m &amp#27;[35m[@534 - main]&amp#27;[m &amp#27;[36mcom.shaft.tools.io.ReportManager&amp#27;[m : 
################################################################################################################################################
Starting Execution:	"58 out of 56" test cases in the current suite
Test Method:		"SteeringCompanyAPI_TestCases.Test_Policies_Cases.InValid_Get_Cancel_Policy_With_InValid_Token_TC"
Test Description:	"TC041 - Perform Get Cancel Policy With InValid/Expired Token"
################################################################################################################################################
2023-01-12 11:56:52.823 &amp#27;[32m INFO&amp#27;[m &amp#27;[35m[@503 - main]&amp#27;[m &amp#27;[36mcom.shaft.tools.io.ReportManager&amp#27;[m : File Action "DoesFileExist" successfully performed. With the following test data "File Path: "SteeringCompanyAPI_TestData/SteeringCompanyAPI_TestData.xlsx"".
2023-01-12 11:56:52.843 &amp#27;[32m INFO&amp#27;[m &amp#27;[35m[@503 - main]&amp#27;[m &amp#27;[36mcom.shaft.tools.io.ReportManager&amp#27;[m : Successfully created attachment "Test Data - Excel"
2023-01-12 11:56:53.296 &amp#27;[32m INFO&amp#27;[m &amp#27;[35m[@503 - main]&amp#27;[m &amp#27;[36mcom.shaft.tools.io.ReportManager&amp#27;[m : Response status code: "401", status line: "HTTP/1.1 401 "
2023-01-12 11:56:53.298 &amp#27;[32m INFO&amp#27;[m &amp#27;[35m[@503 - main]&amp#27;[m &amp#27;[36mcom.shaft.tools.io.ReportManager&amp#27;[m : Successfully created attachment "API Request - Specifications"
2023-01-12 11:56:53.299 &amp#27;[32m INFO&amp#27;[m &amp#27;[35m[@503 - main]&amp#27;[m &amp#27;[36mcom.shaft.tools.io.ReportManager&amp#27;[m : Successfully created attachment "API Response - JSON Body"
2023-01-12 11:56:53.301 &amp#27;[32m INFO&amp#27;[m &amp#27;[35m[@503 - main]&amp#27;[m &amp#27;[36mcom.shaft.tools.io.ReportManager&amp#27;[m : Successfully created attachment "SHAFT Engine Logs - Current Method log: InValid_Get_Cancel_Policy_With_InValid_Token_TC"
]]></system-out>
  </testcase>
  <testcase name="InValid_Get_Cancel_Policy_With_InValid_Token_TC[[Ljava.lang.Object;@6f842ec1](2)" classname="SteeringCompanyAPI_TestCases.Test_Policies_Cases" time="0.494">
    <system-out><![CDATA[2023-01-12 11:56:53.304 &amp#27;[32m INFO&amp#27;[m &amp#27;[35m[@534 - main]&amp#27;[m &amp#27;[36mcom.shaft.tools.io.ReportManager&amp#27;[m : 
################################################################################################################################################
Starting Execution:	"59 out of 56" test cases in the current suite
Test Method:		"SteeringCompanyAPI_TestCases.Test_Policies_Cases.InValid_Get_Cancel_Policy_With_InValid_Token_TC"
Test Description:	"TC041 - Perform Get Cancel Policy With InValid/Expired Token"
################################################################################################################################################
2023-01-12 11:56:53.305 &amp#27;[32m INFO&amp#27;[m &amp#27;[35m[@503 - main]&amp#27;[m &amp#27;[36mcom.shaft.tools.io.ReportManager&amp#27;[m : File Action "DoesFileExist" successfully performed. With the following test data "File Path: "SteeringCompanyAPI_TestData/SteeringCompanyAPI_TestData.xlsx"".
2023-01-12 11:56:53.335 &amp#27;[32m INFO&amp#27;[m &amp#27;[35m[@503 - main]&amp#27;[m &amp#27;[36mcom.shaft.tools.io.ReportManager&amp#27;[m : Successfully created attachment "Test Data - Excel"
2023-01-12 11:56:53.784 &amp#27;[32m INFO&amp#27;[m &amp#27;[35m[@503 - main]&amp#27;[m &amp#27;[36mcom.shaft.tools.io.ReportManager&amp#27;[m : Response status code: "401", status line: "HTTP/1.1 401 "
2023-01-12 11:56:53.789 &amp#27;[32m INFO&amp#27;[m &amp#27;[35m[@503 - main]&amp#27;[m &amp#27;[36mcom.shaft.tools.io.ReportManager&amp#27;[m : Successfully created attachment "API Request - Specifications"
2023-01-12 11:56:53.790 &amp#27;[32m INFO&amp#27;[m &amp#27;[35m[@503 - main]&amp#27;[m &amp#27;[36mcom.shaft.tools.io.ReportManager&amp#27;[m : Successfully created attachment "API Response - JSON Body"
2023-01-12 11:56:53.794 &amp#27;[32m INFO&amp#27;[m &amp#27;[35m[@503 - main]&amp#27;[m &amp#27;[36mcom.shaft.tools.io.ReportManager&amp#27;[m : Successfully created attachment "SHAFT Engine Logs - Current Method log: InValid_Get_Cancel_Policy_With_InValid_Token_TC"
]]></system-out>
  </testcase>
  <testcase name="InValid_Get_Cancel_Policy_With_Missing_Token_TC[[Ljava.lang.Object;@732ffe03](1)" classname="SteeringCompanyAPI_TestCases.Test_Policies_Cases" time="0.534">
    <system-out><![CDATA[2023-01-12 11:56:53.807 &amp#27;[32m INFO&amp#27;[m &amp#27;[35m[@534 - main]&amp#27;[m &amp#27;[36mcom.shaft.tools.io.ReportManager&amp#27;[m : 
################################################################################################################################################
Starting Execution:	"60 out of 56" test cases in the current suite
Test Method:		"SteeringCompanyAPI_TestCases.Test_Policies_Cases.InValid_Get_Cancel_Policy_With_Missing_Token_TC"
Test Description:	"TC040 - Perform Get Cancel Policy With Missing Token"
################################################################################################################################################
2023-01-12 11:56:53.808 &amp#27;[32m INFO&amp#27;[m &amp#27;[35m[@503 - main]&amp#27;[m &amp#27;[36mcom.shaft.tools.io.ReportManager&amp#27;[m : File Action "DoesFileExist" successfully performed. With the following test data "File Path: "SteeringCompanyAPI_TestData/SteeringCompanyAPI_TestData.xlsx"".
2023-01-12 11:56:53.846 &amp#27;[32m INFO&amp#27;[m &amp#27;[35m[@503 - main]&amp#27;[m &amp#27;[36mcom.shaft.tools.io.ReportManager&amp#27;[m : Successfully created attachment "Test Data - Excel"
2023-01-12 11:56:54.297 &amp#27;[32m INFO&amp#27;[m &amp#27;[35m[@503 - main]&amp#27;[m &amp#27;[36mcom.shaft.tools.io.ReportManager&amp#27;[m : Response status code: "401", status line: "HTTP/1.1 401 "
2023-01-12 11:56:54.321 &amp#27;[32m INFO&amp#27;[m &amp#27;[35m[@503 - main]&amp#27;[m &amp#27;[36mcom.shaft.tools.io.ReportManager&amp#27;[m : Successfully created attachment "API Request - Specifications"
2023-01-12 11:56:54.322 &amp#27;[32m INFO&amp#27;[m &amp#27;[35m[@503 - main]&amp#27;[m &amp#27;[36mcom.shaft.tools.io.ReportManager&amp#27;[m : Successfully created attachment "API Response - JSON Body"
2023-01-12 11:56:54.324 &amp#27;[32m INFO&amp#27;[m &amp#27;[35m[@503 - main]&amp#27;[m &amp#27;[36mcom.shaft.tools.io.ReportManager&amp#27;[m : File Action "DoesFileExist" successfully performed. With the following test data "File Path: "Schemas/InvalidTokenRequest_Unauthorized_schema.json"".
2023-01-12 11:56:54.324 &amp#27;[32m INFO&amp#27;[m &amp#27;[35m[@503 - main]&amp#27;[m &amp#27;[36mcom.shaft.tools.io.ReportManager&amp#27;[m : File Action "DoesFileExist" successfully performed. With the following test data "File Path: "src/test/resources/testDataFiles/Schemas/InvalidTokenRequest_Unauthorized_schema.json"".
2023-01-12 11:56:54.324 &amp#27;[32m INFO&amp#27;[m &amp#27;[35m[@503 - main]&amp#27;[m &amp#27;[36mcom.shaft.tools.io.ReportManager&amp#27;[m : File Action "GetAbsolutePath" successfully performed. With the following test data "Relative Folder Path: "src/test/resources/testDataFiles/Schemas/InvalidTokenRequest_Unauthorized_schema.json"".
2023-01-12 11:56:54.329 &amp#27;[32m INFO&amp#27;[m &amp#27;[35m[@503 - main]&amp#27;[m &amp#27;[36mcom.shaft.tools.io.ReportManager&amp#27;[m : File Action "DoesFileExist" successfully performed. With the following test data "File Path: "C:\eclipse-workspace\MyProjects\TASystemsAPIs\src\test\resources\testDataFiles\Schemas\InvalidTokenRequest_Unauthorized_schema.json"".
2023-01-12 11:56:54.330 &amp#27;[32m INFO&amp#27;[m &amp#27;[35m[@503 - main]&amp#27;[m &amp#27;[36mcom.shaft.tools.io.ReportManager&amp#27;[m : File Action "GetAbsolutePath" successfully performed. With the following test data "Relative Folder Path: "C:\eclipse-workspace\MyProjects\TASystemsAPIs\src\test\resources\testDataFiles\Schemas\InvalidTokenRequest_Unauthorized_schema.json"".
2023-01-12 11:56:54.330 &amp#27;[32m INFO&amp#27;[m &amp#27;[35m[@503 - main]&amp#27;[m &amp#27;[36mcom.shaft.tools.io.ReportManager&amp#27;[m : File Action "ReadFile" successfully performed. With the following test data "File Path: "C:\eclipse-workspace\MyProjects\TASystemsAPIs\src\test\resources\testDataFiles\Schemas\InvalidTokenRequest_Unauthorized_schema.json"".
2023-01-12 11:56:54.333 &amp#27;[32m INFO&amp#27;[m &amp#27;[35m[@503 - main]&amp#27;[m &amp#27;[36mcom.shaft.tools.io.ReportManager&amp#27;[m : Successfully created attachment "Validation Test Data - Expected JSON Value"
2023-01-12 11:56:54.334 &amp#27;[32m INFO&amp#27;[m &amp#27;[35m[@503 - main]&amp#27;[m &amp#27;[36mcom.shaft.tools.io.ReportManager&amp#27;[m : Successfully created attachment "Validation Test Data - Actual JSON Value"
2023-01-12 11:56:54.336 &amp#27;[32m INFO&amp#27;[m &amp#27;[35m[@503 - main]&amp#27;[m &amp#27;[36mcom.shaft.tools.io.ReportManager&amp#27;[m : Successfully created attachment "SHAFT Engine Logs - Current Method log: InValid_Get_Cancel_Policy_With_Missing_Token_TC"
]]></system-out>
  </testcase>
  <testcase name="InValid_Get_Cancel_Policy_With_Missing_Token_TC[[Ljava.lang.Object;@3c12ee82](2)" classname="SteeringCompanyAPI_TestCases.Test_Policies_Cases" time="0.53">
    <system-out><![CDATA[2023-01-12 11:56:54.341 &amp#27;[32m INFO&amp#27;[m &amp#27;[35m[@534 - main]&amp#27;[m &amp#27;[36mcom.shaft.tools.io.ReportManager&amp#27;[m : 
################################################################################################################################################
Starting Execution:	"61 out of 56" test cases in the current suite
Test Method:		"SteeringCompanyAPI_TestCases.Test_Policies_Cases.InValid_Get_Cancel_Policy_With_Missing_Token_TC"
Test Description:	"TC040 - Perform Get Cancel Policy With Missing Token"
################################################################################################################################################
2023-01-12 11:56:54.342 &amp#27;[32m INFO&amp#27;[m &amp#27;[35m[@503 - main]&amp#27;[m &amp#27;[36mcom.shaft.tools.io.ReportManager&amp#27;[m : File Action "DoesFileExist" successfully performed. With the following test data "File Path: "SteeringCompanyAPI_TestData/SteeringCompanyAPI_TestData.xlsx"".
2023-01-12 11:56:54.375 &amp#27;[32m INFO&amp#27;[m &amp#27;[35m[@503 - main]&amp#27;[m &amp#27;[36mcom.shaft.tools.io.ReportManager&amp#27;[m : Successfully created attachment "Test Data - Excel"
2023-01-12 11:56:54.827 &amp#27;[32m INFO&amp#27;[m &amp#27;[35m[@503 - main]&amp#27;[m &amp#27;[36mcom.shaft.tools.io.ReportManager&amp#27;[m : Response status code: "401", status line: "HTTP/1.1 401 "
2023-01-12 11:56:54.852 &amp#27;[32m INFO&amp#27;[m &amp#27;[35m[@503 - main]&amp#27;[m &amp#27;[36mcom.shaft.tools.io.ReportManager&amp#27;[m : Successfully created attachment "API Request - Specifications"
2023-01-12 11:56:54.854 &amp#27;[32m INFO&amp#27;[m &amp#27;[35m[@503 - main]&amp#27;[m &amp#27;[36mcom.shaft.tools.io.ReportManager&amp#27;[m : Successfully created attachment "API Response - JSON Body"
2023-01-12 11:56:54.856 &amp#27;[32m INFO&amp#27;[m &amp#27;[35m[@503 - main]&amp#27;[m &amp#27;[36mcom.shaft.tools.io.ReportManager&amp#27;[m : File Action "DoesFileExist" successfully performed. With the following test data "File Path: "Schemas/InvalidTokenRequest_Unauthorized_schema.json"".
2023-01-12 11:56:54.857 &amp#27;[32m INFO&amp#27;[m &amp#27;[35m[@503 - main]&amp#27;[m &amp#27;[36mcom.shaft.tools.io.ReportManager&amp#27;[m : File Action "DoesFileExist" successfully performed. With the following test data "File Path: "src/test/resources/testDataFiles/Schemas/InvalidTokenRequest_Unauthorized_schema.json"".
2023-01-12 11:56:54.857 &amp#27;[32m INFO&amp#27;[m &amp#27;[35m[@503 - main]&amp#27;[m &amp#27;[36mcom.shaft.tools.io.ReportManager&amp#27;[m : File Action "GetAbsolutePath" successfully performed. With the following test data "Relative Folder Path: "src/test/resources/testDataFiles/Schemas/InvalidTokenRequest_Unauthorized_schema.json"".
2023-01-12 11:56:54.861 &amp#27;[32m INFO&amp#27;[m &amp#27;[35m[@503 - main]&amp#27;[m &amp#27;[36mcom.shaft.tools.io.ReportManager&amp#27;[m : File Action "DoesFileExist" successfully performed. With the following test data "File Path: "C:\eclipse-workspace\MyProjects\TASystemsAPIs\src\test\resources\testDataFiles\Schemas\InvalidTokenRequest_Unauthorized_schema.json"".
2023-01-12 11:56:54.861 &amp#27;[32m INFO&amp#27;[m &amp#27;[35m[@503 - main]&amp#27;[m &amp#27;[36mcom.shaft.tools.io.ReportManager&amp#27;[m : File Action "GetAbsolutePath" successfully performed. With the following test data "Relative Folder Path: "C:\eclipse-workspace\MyProjects\TASystemsAPIs\src\test\resources\testDataFiles\Schemas\InvalidTokenRequest_Unauthorized_schema.json"".
2023-01-12 11:56:54.862 &amp#27;[32m INFO&amp#27;[m &amp#27;[35m[@503 - main]&amp#27;[m &amp#27;[36mcom.shaft.tools.io.ReportManager&amp#27;[m : File Action "ReadFile" successfully performed. With the following test data "File Path: "C:\eclipse-workspace\MyProjects\TASystemsAPIs\src\test\resources\testDataFiles\Schemas\InvalidTokenRequest_Unauthorized_schema.json"".
2023-01-12 11:56:54.863 &amp#27;[32m INFO&amp#27;[m &amp#27;[35m[@503 - main]&amp#27;[m &amp#27;[36mcom.shaft.tools.io.ReportManager&amp#27;[m : Successfully created attachment "Validation Test Data - Expected JSON Value"
2023-01-12 11:56:54.864 &amp#27;[32m INFO&amp#27;[m &amp#27;[35m[@503 - main]&amp#27;[m &amp#27;[36mcom.shaft.tools.io.ReportManager&amp#27;[m : Successfully created attachment "Validation Test Data - Actual JSON Value"
2023-01-12 11:56:54.866 &amp#27;[32m INFO&amp#27;[m &amp#27;[35m[@503 - main]&amp#27;[m &amp#27;[36mcom.shaft.tools.io.ReportManager&amp#27;[m : Successfully created attachment "SHAFT Engine Logs - Current Method log: InValid_Get_Cancel_Policy_With_Missing_Token_TC"
]]></system-out>
  </testcase>
  <testcase name="InValid_Get_General_Policy_With_InValid_Token_TC[[Ljava.lang.Object;@1bafc65f](1)" classname="SteeringCompanyAPI_TestCases.Test_Policies_Cases" time="0.494">
    <system-out><![CDATA[2023-01-12 11:56:54.879 &amp#27;[32m INFO&amp#27;[m &amp#27;[35m[@534 - main]&amp#27;[m &amp#27;[36mcom.shaft.tools.io.ReportManager&amp#27;[m : 
################################################################################################################################################
Starting Execution:	"62 out of 56" test cases in the current suite
Test Method:		"SteeringCompanyAPI_TestCases.Test_Policies_Cases.InValid_Get_General_Policy_With_InValid_Token_TC"
Test Description:	"TC049 - Perform Get General Policy With InValid/Expired Token"
################################################################################################################################################
2023-01-12 11:56:54.879 &amp#27;[32m INFO&amp#27;[m &amp#27;[35m[@503 - main]&amp#27;[m &amp#27;[36mcom.shaft.tools.io.ReportManager&amp#27;[m : File Action "DoesFileExist" successfully performed. With the following test data "File Path: "SteeringCompanyAPI_TestData/SteeringCompanyAPI_TestData.xlsx"".
2023-01-12 11:56:54.907 &amp#27;[32m INFO&amp#27;[m &amp#27;[35m[@503 - main]&amp#27;[m &amp#27;[36mcom.shaft.tools.io.ReportManager&amp#27;[m : Successfully created attachment "Test Data - Excel"
2023-01-12 11:56:55.366 &amp#27;[32m INFO&amp#27;[m &amp#27;[35m[@503 - main]&amp#27;[m &amp#27;[36mcom.shaft.tools.io.ReportManager&amp#27;[m : Response status code: "401", status line: "HTTP/1.1 401 "
2023-01-12 11:56:55.368 &amp#27;[32m INFO&amp#27;[m &amp#27;[35m[@503 - main]&amp#27;[m &amp#27;[36mcom.shaft.tools.io.ReportManager&amp#27;[m : Successfully created attachment "API Request - Specifications"
2023-01-12 11:56:55.369 &amp#27;[32m INFO&amp#27;[m &amp#27;[35m[@503 - main]&amp#27;[m &amp#27;[36mcom.shaft.tools.io.ReportManager&amp#27;[m : Successfully created attachment "API Response - JSON Body"
2023-01-12 11:56:55.370 &amp#27;[32m INFO&amp#27;[m &amp#27;[35m[@503 - main]&amp#27;[m &amp#27;[36mcom.shaft.tools.io.ReportManager&amp#27;[m : Successfully created attachment "SHAFT Engine Logs - Current Method log: InValid_Get_General_Policy_With_InValid_Token_TC"
]]></system-out>
  </testcase>
  <testcase name="InValid_Get_General_Policy_With_InValid_Token_TC[[Ljava.lang.Object;@68d4814b](2)" classname="SteeringCompanyAPI_TestCases.Test_Policies_Cases" time="0.473">
    <system-out><![CDATA[2023-01-12 11:56:55.372 &amp#27;[32m INFO&amp#27;[m &amp#27;[35m[@534 - main]&amp#27;[m &amp#27;[36mcom.shaft.tools.io.ReportManager&amp#27;[m : 
################################################################################################################################################
Starting Execution:	"63 out of 56" test cases in the current suite
Test Method:		"SteeringCompanyAPI_TestCases.Test_Policies_Cases.InValid_Get_General_Policy_With_InValid_Token_TC"
Test Description:	"TC049 - Perform Get General Policy With InValid/Expired Token"
################################################################################################################################################
2023-01-12 11:56:55.373 &amp#27;[32m INFO&amp#27;[m &amp#27;[35m[@503 - main]&amp#27;[m &amp#27;[36mcom.shaft.tools.io.ReportManager&amp#27;[m : File Action "DoesFileExist" successfully performed. With the following test data "File Path: "SteeringCompanyAPI_TestData/SteeringCompanyAPI_TestData.xlsx"".
2023-01-12 11:56:55.396 &amp#27;[32m INFO&amp#27;[m &amp#27;[35m[@503 - main]&amp#27;[m &amp#27;[36mcom.shaft.tools.io.ReportManager&amp#27;[m : Successfully created attachment "Test Data - Excel"
2023-01-12 11:56:55.835 &amp#27;[32m INFO&amp#27;[m &amp#27;[35m[@503 - main]&amp#27;[m &amp#27;[36mcom.shaft.tools.io.ReportManager&amp#27;[m : Response status code: "401", status line: "HTTP/1.1 401 "
2023-01-12 11:56:55.838 &amp#27;[32m INFO&amp#27;[m &amp#27;[35m[@503 - main]&amp#27;[m &amp#27;[36mcom.shaft.tools.io.ReportManager&amp#27;[m : Successfully created attachment "API Request - Specifications"
2023-01-12 11:56:55.839 &amp#27;[32m INFO&amp#27;[m &amp#27;[35m[@503 - main]&amp#27;[m &amp#27;[36mcom.shaft.tools.io.ReportManager&amp#27;[m : Successfully created attachment "API Response - JSON Body"
2023-01-12 11:56:55.842 &amp#27;[32m INFO&amp#27;[m &amp#27;[35m[@503 - main]&amp#27;[m &amp#27;[36mcom.shaft.tools.io.ReportManager&amp#27;[m : Successfully created attachment "SHAFT Engine Logs - Current Method log: InValid_Get_General_Policy_With_InValid_Token_TC"
]]></system-out>
  </testcase>
  <testcase name="InValid_Get_General_Policy_With_Missing_Token_TC[[Ljava.lang.Object;@656e1682](1)" classname="SteeringCompanyAPI_TestCases.Test_Policies_Cases" time="0.524">
    <system-out><![CDATA[2023-01-12 11:56:55.852 &amp#27;[32m INFO&amp#27;[m &amp#27;[35m[@534 - main]&amp#27;[m &amp#27;[36mcom.shaft.tools.io.ReportManager&amp#27;[m : 
################################################################################################################################################
Starting Execution:	"64 out of 56" test cases in the current suite
Test Method:		"SteeringCompanyAPI_TestCases.Test_Policies_Cases.InValid_Get_General_Policy_With_Missing_Token_TC"
Test Description:	"TC048 - Perform Get General Policy With Missing Token"
################################################################################################################################################
2023-01-12 11:56:55.853 &amp#27;[32m INFO&amp#27;[m &amp#27;[35m[@503 - main]&amp#27;[m &amp#27;[36mcom.shaft.tools.io.ReportManager&amp#27;[m : File Action "DoesFileExist" successfully performed. With the following test data "File Path: "SteeringCompanyAPI_TestData/SteeringCompanyAPI_TestData.xlsx"".
2023-01-12 11:56:55.888 &amp#27;[32m INFO&amp#27;[m &amp#27;[35m[@503 - main]&amp#27;[m &amp#27;[36mcom.shaft.tools.io.ReportManager&amp#27;[m : Successfully created attachment "Test Data - Excel"
2023-01-12 11:56:56.338 &amp#27;[32m INFO&amp#27;[m &amp#27;[35m[@503 - main]&amp#27;[m &amp#27;[36mcom.shaft.tools.io.ReportManager&amp#27;[m : Response status code: "401", status line: "HTTP/1.1 401 "
2023-01-12 11:56:56.356 &amp#27;[32m INFO&amp#27;[m &amp#27;[35m[@503 - main]&amp#27;[m &amp#27;[36mcom.shaft.tools.io.ReportManager&amp#27;[m : Successfully created attachment "API Request - Specifications"
2023-01-12 11:56:56.358 &amp#27;[32m INFO&amp#27;[m &amp#27;[35m[@503 - main]&amp#27;[m &amp#27;[36mcom.shaft.tools.io.ReportManager&amp#27;[m : Successfully created attachment "API Response - JSON Body"
2023-01-12 11:56:56.361 &amp#27;[32m INFO&amp#27;[m &amp#27;[35m[@503 - main]&amp#27;[m &amp#27;[36mcom.shaft.tools.io.ReportManager&amp#27;[m : File Action "DoesFileExist" successfully performed. With the following test data "File Path: "Schemas/InvalidTokenRequest_Unauthorized_schema.json"".
2023-01-12 11:56:56.361 &amp#27;[32m INFO&amp#27;[m &amp#27;[35m[@503 - main]&amp#27;[m &amp#27;[36mcom.shaft.tools.io.ReportManager&amp#27;[m : File Action "DoesFileExist" successfully performed. With the following test data "File Path: "src/test/resources/testDataFiles/Schemas/InvalidTokenRequest_Unauthorized_schema.json"".
2023-01-12 11:56:56.362 &amp#27;[32m INFO&amp#27;[m &amp#27;[35m[@503 - main]&amp#27;[m &amp#27;[36mcom.shaft.tools.io.ReportManager&amp#27;[m : File Action "GetAbsolutePath" successfully performed. With the following test data "Relative Folder Path: "src/test/resources/testDataFiles/Schemas/InvalidTokenRequest_Unauthorized_schema.json"".
2023-01-12 11:56:56.364 &amp#27;[32m INFO&amp#27;[m &amp#27;[35m[@503 - main]&amp#27;[m &amp#27;[36mcom.shaft.tools.io.ReportManager&amp#27;[m : File Action "DoesFileExist" successfully performed. With the following test data "File Path: "C:\eclipse-workspace\MyProjects\TASystemsAPIs\src\test\resources\testDataFiles\Schemas\InvalidTokenRequest_Unauthorized_schema.json"".
2023-01-12 11:56:56.365 &amp#27;[32m INFO&amp#27;[m &amp#27;[35m[@503 - main]&amp#27;[m &amp#27;[36mcom.shaft.tools.io.ReportManager&amp#27;[m : File Action "GetAbsolutePath" successfully performed. With the following test data "Relative Folder Path: "C:\eclipse-workspace\MyProjects\TASystemsAPIs\src\test\resources\testDataFiles\Schemas\InvalidTokenRequest_Unauthorized_schema.json"".
2023-01-12 11:56:56.365 &amp#27;[32m INFO&amp#27;[m &amp#27;[35m[@503 - main]&amp#27;[m &amp#27;[36mcom.shaft.tools.io.ReportManager&amp#27;[m : File Action "ReadFile" successfully performed. With the following test data "File Path: "C:\eclipse-workspace\MyProjects\TASystemsAPIs\src\test\resources\testDataFiles\Schemas\InvalidTokenRequest_Unauthorized_schema.json"".
2023-01-12 11:56:56.368 &amp#27;[32m INFO&amp#27;[m &amp#27;[35m[@503 - main]&amp#27;[m &amp#27;[36mcom.shaft.tools.io.ReportManager&amp#27;[m : Successfully created attachment "Validation Test Data - Expected JSON Value"
2023-01-12 11:56:56.369 &amp#27;[32m INFO&amp#27;[m &amp#27;[35m[@503 - main]&amp#27;[m &amp#27;[36mcom.shaft.tools.io.ReportManager&amp#27;[m : Successfully created attachment "Validation Test Data - Actual JSON Value"
2023-01-12 11:56:56.371 &amp#27;[32m INFO&amp#27;[m &amp#27;[35m[@503 - main]&amp#27;[m &amp#27;[36mcom.shaft.tools.io.ReportManager&amp#27;[m : Successfully created attachment "SHAFT Engine Logs - Current Method log: InValid_Get_General_Policy_With_Missing_Token_TC"
]]></system-out>
  </testcase>
  <testcase name="InValid_Get_General_Policy_With_Missing_Token_TC[[Ljava.lang.Object;@550d10a1](2)" classname="SteeringCompanyAPI_TestCases.Test_Policies_Cases" time="0.511">
    <system-out><![CDATA[2023-01-12 11:56:56.375 &amp#27;[32m INFO&amp#27;[m &amp#27;[35m[@534 - main]&amp#27;[m &amp#27;[36mcom.shaft.tools.io.ReportManager&amp#27;[m : 
################################################################################################################################################
Starting Execution:	"65 out of 56" test cases in the current suite
Test Method:		"SteeringCompanyAPI_TestCases.Test_Policies_Cases.InValid_Get_General_Policy_With_Missing_Token_TC"
Test Description:	"TC048 - Perform Get General Policy With Missing Token"
################################################################################################################################################
2023-01-12 11:56:56.375 &amp#27;[32m INFO&amp#27;[m &amp#27;[35m[@503 - main]&amp#27;[m &amp#27;[36mcom.shaft.tools.io.ReportManager&amp#27;[m : File Action "DoesFileExist" successfully performed. With the following test data "File Path: "SteeringCompanyAPI_TestData/SteeringCompanyAPI_TestData.xlsx"".
2023-01-12 11:56:56.399 &amp#27;[32m INFO&amp#27;[m &amp#27;[35m[@503 - main]&amp#27;[m &amp#27;[36mcom.shaft.tools.io.ReportManager&amp#27;[m : Successfully created attachment "Test Data - Excel"
2023-01-12 11:56:56.847 &amp#27;[32m INFO&amp#27;[m &amp#27;[35m[@503 - main]&amp#27;[m &amp#27;[36mcom.shaft.tools.io.ReportManager&amp#27;[m : Response status code: "401", status line: "HTTP/1.1 401 "
2023-01-12 11:56:56.867 &amp#27;[32m INFO&amp#27;[m &amp#27;[35m[@503 - main]&amp#27;[m &amp#27;[36mcom.shaft.tools.io.ReportManager&amp#27;[m : Successfully created attachment "API Request - Specifications"
2023-01-12 11:56:56.868 &amp#27;[32m INFO&amp#27;[m &amp#27;[35m[@503 - main]&amp#27;[m &amp#27;[36mcom.shaft.tools.io.ReportManager&amp#27;[m : Successfully created attachment "API Response - JSON Body"
2023-01-12 11:56:56.870 &amp#27;[32m INFO&amp#27;[m &amp#27;[35m[@503 - main]&amp#27;[m &amp#27;[36mcom.shaft.tools.io.ReportManager&amp#27;[m : File Action "DoesFileExist" successfully performed. With the following test data "File Path: "Schemas/InvalidTokenRequest_Unauthorized_schema.json"".
2023-01-12 11:56:56.870 &amp#27;[32m INFO&amp#27;[m &amp#27;[35m[@503 - main]&amp#27;[m &amp#27;[36mcom.shaft.tools.io.ReportManager&amp#27;[m : File Action "DoesFileExist" successfully performed. With the following test data "File Path: "src/test/resources/testDataFiles/Schemas/InvalidTokenRequest_Unauthorized_schema.json"".
2023-01-12 11:56:56.870 &amp#27;[32m INFO&amp#27;[m &amp#27;[35m[@503 - main]&amp#27;[m &amp#27;[36mcom.shaft.tools.io.ReportManager&amp#27;[m : File Action "GetAbsolutePath" successfully performed. With the following test data "Relative Folder Path: "src/test/resources/testDataFiles/Schemas/InvalidTokenRequest_Unauthorized_schema.json"".
2023-01-12 11:56:56.874 &amp#27;[32m INFO&amp#27;[m &amp#27;[35m[@503 - main]&amp#27;[m &amp#27;[36mcom.shaft.tools.io.ReportManager&amp#27;[m : File Action "DoesFileExist" successfully performed. With the following test data "File Path: "C:\eclipse-workspace\MyProjects\TASystemsAPIs\src\test\resources\testDataFiles\Schemas\InvalidTokenRequest_Unauthorized_schema.json"".
2023-01-12 11:56:56.875 &amp#27;[32m INFO&amp#27;[m &amp#27;[35m[@503 - main]&amp#27;[m &amp#27;[36mcom.shaft.tools.io.ReportManager&amp#27;[m : File Action "GetAbsolutePath" successfully performed. With the following test data "Relative Folder Path: "C:\eclipse-workspace\MyProjects\TASystemsAPIs\src\test\resources\testDataFiles\Schemas\InvalidTokenRequest_Unauthorized_schema.json"".
2023-01-12 11:56:56.875 &amp#27;[32m INFO&amp#27;[m &amp#27;[35m[@503 - main]&amp#27;[m &amp#27;[36mcom.shaft.tools.io.ReportManager&amp#27;[m : File Action "ReadFile" successfully performed. With the following test data "File Path: "C:\eclipse-workspace\MyProjects\TASystemsAPIs\src\test\resources\testDataFiles\Schemas\InvalidTokenRequest_Unauthorized_schema.json"".
2023-01-12 11:56:56.878 &amp#27;[32m INFO&amp#27;[m &amp#27;[35m[@503 - main]&amp#27;[m &amp#27;[36mcom.shaft.tools.io.ReportManager&amp#27;[m : Successfully created attachment "Validation Test Data - Expected JSON Value"
2023-01-12 11:56:56.879 &amp#27;[32m INFO&amp#27;[m &amp#27;[35m[@503 - main]&amp#27;[m &amp#27;[36mcom.shaft.tools.io.ReportManager&amp#27;[m : Successfully created attachment "Validation Test Data - Actual JSON Value"
2023-01-12 11:56:56.881 &amp#27;[32m INFO&amp#27;[m &amp#27;[35m[@503 - main]&amp#27;[m &amp#27;[36mcom.shaft.tools.io.ReportManager&amp#27;[m : Successfully created attachment "SHAFT Engine Logs - Current Method log: InValid_Get_General_Policy_With_Missing_Token_TC"
]]></system-out>
  </testcase>
  <testcase name="InValid_Get_Payment_Policy_With_InValid_Token_TC[[Ljava.lang.Object;@13391309](1)" classname="SteeringCompanyAPI_TestCases.Test_Policies_Cases" time="0.487">
    <system-out><![CDATA[2023-01-12 11:56:56.893 &amp#27;[32m INFO&amp#27;[m &amp#27;[35m[@534 - main]&amp#27;[m &amp#27;[36mcom.shaft.tools.io.ReportManager&amp#27;[m : 
################################################################################################################################################
Starting Execution:	"66 out of 56" test cases in the current suite
Test Method:		"SteeringCompanyAPI_TestCases.Test_Policies_Cases.InValid_Get_Payment_Policy_With_InValid_Token_TC"
Test Description:	"TC047 - Perform Get Payment Policy With Invalid/Expired Token"
################################################################################################################################################
2023-01-12 11:56:56.893 &amp#27;[32m INFO&amp#27;[m &amp#27;[35m[@503 - main]&amp#27;[m &amp#27;[36mcom.shaft.tools.io.ReportManager&amp#27;[m : File Action "DoesFileExist" successfully performed. With the following test data "File Path: "SteeringCompanyAPI_TestData/SteeringCompanyAPI_TestData.xlsx"".
2023-01-12 11:56:56.914 &amp#27;[32m INFO&amp#27;[m &amp#27;[35m[@503 - main]&amp#27;[m &amp#27;[36mcom.shaft.tools.io.ReportManager&amp#27;[m : Successfully created attachment "Test Data - Excel"
2023-01-12 11:56:57.368 &amp#27;[32m INFO&amp#27;[m &amp#27;[35m[@503 - main]&amp#27;[m &amp#27;[36mcom.shaft.tools.io.ReportManager&amp#27;[m : Response status code: "401", status line: "HTTP/1.1 401 "
2023-01-12 11:56:57.372 &amp#27;[32m INFO&amp#27;[m &amp#27;[35m[@503 - main]&amp#27;[m &amp#27;[36mcom.shaft.tools.io.ReportManager&amp#27;[m : Successfully created attachment "API Request - Specifications"
2023-01-12 11:56:57.373 &amp#27;[32m INFO&amp#27;[m &amp#27;[35m[@503 - main]&amp#27;[m &amp#27;[36mcom.shaft.tools.io.ReportManager&amp#27;[m : Successfully created attachment "API Response - JSON Body"
2023-01-12 11:56:57.376 &amp#27;[32m INFO&amp#27;[m &amp#27;[35m[@503 - main]&amp#27;[m &amp#27;[36mcom.shaft.tools.io.ReportManager&amp#27;[m : Successfully created attachment "SHAFT Engine Logs - Current Method log: InValid_Get_Payment_Policy_With_InValid_Token_TC"
]]></system-out>
  </testcase>
  <testcase name="InValid_Get_Payment_Policy_With_InValid_Token_TC[[Ljava.lang.Object;@514b88b7](2)" classname="SteeringCompanyAPI_TestCases.Test_Policies_Cases" time="0.478">
    <system-out><![CDATA[2023-01-12 11:56:57.381 &amp#27;[32m INFO&amp#27;[m &amp#27;[35m[@534 - main]&amp#27;[m &amp#27;[36mcom.shaft.tools.io.ReportManager&amp#27;[m : 
################################################################################################################################################
Starting Execution:	"67 out of 56" test cases in the current suite
Test Method:		"SteeringCompanyAPI_TestCases.Test_Policies_Cases.InValid_Get_Payment_Policy_With_InValid_Token_TC"
Test Description:	"TC047 - Perform Get Payment Policy With Invalid/Expired Token"
################################################################################################################################################
2023-01-12 11:56:57.382 &amp#27;[32m INFO&amp#27;[m &amp#27;[35m[@503 - main]&amp#27;[m &amp#27;[36mcom.shaft.tools.io.ReportManager&amp#27;[m : File Action "DoesFileExist" successfully performed. With the following test data "File Path: "SteeringCompanyAPI_TestData/SteeringCompanyAPI_TestData.xlsx"".
2023-01-12 11:56:57.412 &amp#27;[32m INFO&amp#27;[m &amp#27;[35m[@503 - main]&amp#27;[m &amp#27;[36mcom.shaft.tools.io.ReportManager&amp#27;[m : Successfully created attachment "Test Data - Excel"
2023-01-12 11:56:57.846 &amp#27;[32m INFO&amp#27;[m &amp#27;[35m[@503 - main]&amp#27;[m &amp#27;[36mcom.shaft.tools.io.ReportManager&amp#27;[m : Response status code: "401", status line: "HTTP/1.1 401 "
2023-01-12 11:56:57.851 &amp#27;[32m INFO&amp#27;[m &amp#27;[35m[@503 - main]&amp#27;[m &amp#27;[36mcom.shaft.tools.io.ReportManager&amp#27;[m : Successfully created attachment "API Request - Specifications"
2023-01-12 11:56:57.852 &amp#27;[32m INFO&amp#27;[m &amp#27;[35m[@503 - main]&amp#27;[m &amp#27;[36mcom.shaft.tools.io.ReportManager&amp#27;[m : Successfully created attachment "API Response - JSON Body"
2023-01-12 11:56:57.855 &amp#27;[32m INFO&amp#27;[m &amp#27;[35m[@503 - main]&amp#27;[m &amp#27;[36mcom.shaft.tools.io.ReportManager&amp#27;[m : Successfully created attachment "SHAFT Engine Logs - Current Method log: InValid_Get_Payment_Policy_With_InValid_Token_TC"
]]></system-out>
  </testcase>
  <testcase name="InValid_Get_Payment_Policy_With_Missing_Token_TC[[Ljava.lang.Object;@582e40f8](1)" classname="SteeringCompanyAPI_TestCases.Test_Policies_Cases" time="0.515">
    <system-out><![CDATA[2023-01-12 11:56:57.866 &amp#27;[32m INFO&amp#27;[m &amp#27;[35m[@534 - main]&amp#27;[m &amp#27;[36mcom.shaft.tools.io.ReportManager&amp#27;[m : 
################################################################################################################################################
Starting Execution:	"68 out of 56" test cases in the current suite
Test Method:		"SteeringCompanyAPI_TestCases.Test_Policies_Cases.InValid_Get_Payment_Policy_With_Missing_Token_TC"
Test Description:	"TC046 - Perform Get Payment Policy With Missing Token"
################################################################################################################################################
2023-01-12 11:56:57.866 &amp#27;[32m INFO&amp#27;[m &amp#27;[35m[@503 - main]&amp#27;[m &amp#27;[36mcom.shaft.tools.io.ReportManager&amp#27;[m : File Action "DoesFileExist" successfully performed. With the following test data "File Path: "SteeringCompanyAPI_TestData/SteeringCompanyAPI_TestData.xlsx"".
2023-01-12 11:56:57.897 &amp#27;[32m INFO&amp#27;[m &amp#27;[35m[@503 - main]&amp#27;[m &amp#27;[36mcom.shaft.tools.io.ReportManager&amp#27;[m : Successfully created attachment "Test Data - Excel"
2023-01-12 11:56:58.340 &amp#27;[32m INFO&amp#27;[m &amp#27;[35m[@503 - main]&amp#27;[m &amp#27;[36mcom.shaft.tools.io.ReportManager&amp#27;[m : Response status code: "401", status line: "HTTP/1.1 401 "
2023-01-12 11:56:58.362 &amp#27;[32m INFO&amp#27;[m &amp#27;[35m[@503 - main]&amp#27;[m &amp#27;[36mcom.shaft.tools.io.ReportManager&amp#27;[m : Successfully created attachment "API Request - Specifications"
2023-01-12 11:56:58.363 &amp#27;[32m INFO&amp#27;[m &amp#27;[35m[@503 - main]&amp#27;[m &amp#27;[36mcom.shaft.tools.io.ReportManager&amp#27;[m : Successfully created attachment "API Response - JSON Body"
2023-01-12 11:56:58.364 &amp#27;[32m INFO&amp#27;[m &amp#27;[35m[@503 - main]&amp#27;[m &amp#27;[36mcom.shaft.tools.io.ReportManager&amp#27;[m : File Action "DoesFileExist" successfully performed. With the following test data "File Path: "Schemas/InvalidTokenRequest_Unauthorized_schema.json"".
2023-01-12 11:56:58.364 &amp#27;[32m INFO&amp#27;[m &amp#27;[35m[@503 - main]&amp#27;[m &amp#27;[36mcom.shaft.tools.io.ReportManager&amp#27;[m : File Action "DoesFileExist" successfully performed. With the following test data "File Path: "src/test/resources/testDataFiles/Schemas/InvalidTokenRequest_Unauthorized_schema.json"".
2023-01-12 11:56:58.364 &amp#27;[32m INFO&amp#27;[m &amp#27;[35m[@503 - main]&amp#27;[m &amp#27;[36mcom.shaft.tools.io.ReportManager&amp#27;[m : File Action "GetAbsolutePath" successfully performed. With the following test data "Relative Folder Path: "src/test/resources/testDataFiles/Schemas/InvalidTokenRequest_Unauthorized_schema.json"".
2023-01-12 11:56:58.368 &amp#27;[32m INFO&amp#27;[m &amp#27;[35m[@503 - main]&amp#27;[m &amp#27;[36mcom.shaft.tools.io.ReportManager&amp#27;[m : File Action "DoesFileExist" successfully performed. With the following test data "File Path: "C:\eclipse-workspace\MyProjects\TASystemsAPIs\src\test\resources\testDataFiles\Schemas\InvalidTokenRequest_Unauthorized_schema.json"".
2023-01-12 11:56:58.369 &amp#27;[32m INFO&amp#27;[m &amp#27;[35m[@503 - main]&amp#27;[m &amp#27;[36mcom.shaft.tools.io.ReportManager&amp#27;[m : File Action "GetAbsolutePath" successfully performed. With the following test data "Relative Folder Path: "C:\eclipse-workspace\MyProjects\TASystemsAPIs\src\test\resources\testDataFiles\Schemas\InvalidTokenRequest_Unauthorized_schema.json"".
2023-01-12 11:56:58.369 &amp#27;[32m INFO&amp#27;[m &amp#27;[35m[@503 - main]&amp#27;[m &amp#27;[36mcom.shaft.tools.io.ReportManager&amp#27;[m : File Action "ReadFile" successfully performed. With the following test data "File Path: "C:\eclipse-workspace\MyProjects\TASystemsAPIs\src\test\resources\testDataFiles\Schemas\InvalidTokenRequest_Unauthorized_schema.json"".
2023-01-12 11:56:58.372 &amp#27;[32m INFO&amp#27;[m &amp#27;[35m[@503 - main]&amp#27;[m &amp#27;[36mcom.shaft.tools.io.ReportManager&amp#27;[m : Successfully created attachment "Validation Test Data - Expected JSON Value"
2023-01-12 11:56:58.374 &amp#27;[32m INFO&amp#27;[m &amp#27;[35m[@503 - main]&amp#27;[m &amp#27;[36mcom.shaft.tools.io.ReportManager&amp#27;[m : Successfully created attachment "Validation Test Data - Actual JSON Value"
2023-01-12 11:56:58.377 &amp#27;[32m INFO&amp#27;[m &amp#27;[35m[@503 - main]&amp#27;[m &amp#27;[36mcom.shaft.tools.io.ReportManager&amp#27;[m : Successfully created attachment "SHAFT Engine Logs - Current Method log: InValid_Get_Payment_Policy_With_Missing_Token_TC"
]]></system-out>
  </testcase>
  <testcase name="InValid_Get_Payment_Policy_With_Missing_Token_TC[[Ljava.lang.Object;@cfb152b](2)" classname="SteeringCompanyAPI_TestCases.Test_Policies_Cases" time="0.497">
    <system-out><![CDATA[2023-01-12 11:56:58.380 &amp#27;[32m INFO&amp#27;[m &amp#27;[35m[@534 - main]&amp#27;[m &amp#27;[36mcom.shaft.tools.io.ReportManager&amp#27;[m : 
################################################################################################################################################
Starting Execution:	"69 out of 56" test cases in the current suite
Test Method:		"SteeringCompanyAPI_TestCases.Test_Policies_Cases.InValid_Get_Payment_Policy_With_Missing_Token_TC"
Test Description:	"TC046 - Perform Get Payment Policy With Missing Token"
################################################################################################################################################
2023-01-12 11:56:58.380 &amp#27;[32m INFO&amp#27;[m &amp#27;[35m[@503 - main]&amp#27;[m &amp#27;[36mcom.shaft.tools.io.ReportManager&amp#27;[m : File Action "DoesFileExist" successfully performed. With the following test data "File Path: "SteeringCompanyAPI_TestData/SteeringCompanyAPI_TestData.xlsx"".
2023-01-12 11:56:58.393 &amp#27;[32m INFO&amp#27;[m &amp#27;[35m[@503 - main]&amp#27;[m &amp#27;[36mcom.shaft.tools.io.ReportManager&amp#27;[m : Successfully created attachment "Test Data - Excel"
2023-01-12 11:56:58.839 &amp#27;[32m INFO&amp#27;[m &amp#27;[35m[@503 - main]&amp#27;[m &amp#27;[36mcom.shaft.tools.io.ReportManager&amp#27;[m : Response status code: "401", status line: "HTTP/1.1 401 "
2023-01-12 11:56:58.861 &amp#27;[32m INFO&amp#27;[m &amp#27;[35m[@503 - main]&amp#27;[m &amp#27;[36mcom.shaft.tools.io.ReportManager&amp#27;[m : Successfully created attachment "API Request - Specifications"
2023-01-12 11:56:58.863 &amp#27;[32m INFO&amp#27;[m &amp#27;[35m[@503 - main]&amp#27;[m &amp#27;[36mcom.shaft.tools.io.ReportManager&amp#27;[m : Successfully created attachment "API Response - JSON Body"
2023-01-12 11:56:58.866 &amp#27;[32m INFO&amp#27;[m &amp#27;[35m[@503 - main]&amp#27;[m &amp#27;[36mcom.shaft.tools.io.ReportManager&amp#27;[m : File Action "DoesFileExist" successfully performed. With the following test data "File Path: "Schemas/InvalidTokenRequest_Unauthorized_schema.json"".
2023-01-12 11:56:58.866 &amp#27;[32m INFO&amp#27;[m &amp#27;[35m[@503 - main]&amp#27;[m &amp#27;[36mcom.shaft.tools.io.ReportManager&amp#27;[m : File Action "DoesFileExist" successfully performed. With the following test data "File Path: "src/test/resources/testDataFiles/Schemas/InvalidTokenRequest_Unauthorized_schema.json"".
2023-01-12 11:56:58.866 &amp#27;[32m INFO&amp#27;[m &amp#27;[35m[@503 - main]&amp#27;[m &amp#27;[36mcom.shaft.tools.io.ReportManager&amp#27;[m : File Action "GetAbsolutePath" successfully performed. With the following test data "Relative Folder Path: "src/test/resources/testDataFiles/Schemas/InvalidTokenRequest_Unauthorized_schema.json"".
2023-01-12 11:56:58.870 &amp#27;[32m INFO&amp#27;[m &amp#27;[35m[@503 - main]&amp#27;[m &amp#27;[36mcom.shaft.tools.io.ReportManager&amp#27;[m : File Action "DoesFileExist" successfully performed. With the following test data "File Path: "C:\eclipse-workspace\MyProjects\TASystemsAPIs\src\test\resources\testDataFiles\Schemas\InvalidTokenRequest_Unauthorized_schema.json"".
2023-01-12 11:56:58.871 &amp#27;[32m INFO&amp#27;[m &amp#27;[35m[@503 - main]&amp#27;[m &amp#27;[36mcom.shaft.tools.io.ReportManager&amp#27;[m : File Action "GetAbsolutePath" successfully performed. With the following test data "Relative Folder Path: "C:\eclipse-workspace\MyProjects\TASystemsAPIs\src\test\resources\testDataFiles\Schemas\InvalidTokenRequest_Unauthorized_schema.json"".
2023-01-12 11:56:58.871 &amp#27;[32m INFO&amp#27;[m &amp#27;[35m[@503 - main]&amp#27;[m &amp#27;[36mcom.shaft.tools.io.ReportManager&amp#27;[m : File Action "ReadFile" successfully performed. With the following test data "File Path: "C:\eclipse-workspace\MyProjects\TASystemsAPIs\src\test\resources\testDataFiles\Schemas\InvalidTokenRequest_Unauthorized_schema.json"".
2023-01-12 11:56:58.872 &amp#27;[32m INFO&amp#27;[m &amp#27;[35m[@503 - main]&amp#27;[m &amp#27;[36mcom.shaft.tools.io.ReportManager&amp#27;[m : Successfully created attachment "Validation Test Data - Expected JSON Value"
2023-01-12 11:56:58.873 &amp#27;[32m INFO&amp#27;[m &amp#27;[35m[@503 - main]&amp#27;[m &amp#27;[36mcom.shaft.tools.io.ReportManager&amp#27;[m : Successfully created attachment "Validation Test Data - Actual JSON Value"
2023-01-12 11:56:58.875 &amp#27;[32m INFO&amp#27;[m &amp#27;[35m[@503 - main]&amp#27;[m &amp#27;[36mcom.shaft.tools.io.ReportManager&amp#27;[m : Successfully created attachment "SHAFT Engine Logs - Current Method log: InValid_Get_Payment_Policy_With_Missing_Token_TC"
]]></system-out>
  </testcase>
  <testcase name="InValid_Get_Tax_Policy_With_InValid_Token_TC[[Ljava.lang.Object;@7ed181e6](1)" classname="SteeringCompanyAPI_TestCases.Test_Policies_Cases" time="0.499">
    <system-out><![CDATA[2023-01-12 11:56:58.882 &amp#27;[32m INFO&amp#27;[m &amp#27;[35m[@534 - main]&amp#27;[m &amp#27;[36mcom.shaft.tools.io.ReportManager&amp#27;[m : 
################################################################################################################################################
Starting Execution:	"70 out of 56" test cases in the current suite
Test Method:		"SteeringCompanyAPI_TestCases.Test_Policies_Cases.InValid_Get_Tax_Policy_With_InValid_Token_TC"
Test Description:	"TC043 - Perform Get Tax Policy With InValid/Expired Token"
################################################################################################################################################
2023-01-12 11:56:58.883 &amp#27;[32m INFO&amp#27;[m &amp#27;[35m[@503 - main]&amp#27;[m &amp#27;[36mcom.shaft.tools.io.ReportManager&amp#27;[m : File Action "DoesFileExist" successfully performed. With the following test data "File Path: "SteeringCompanyAPI_TestData/SteeringCompanyAPI_TestData.xlsx"".
2023-01-12 11:56:58.912 &amp#27;[32m INFO&amp#27;[m &amp#27;[35m[@503 - main]&amp#27;[m &amp#27;[36mcom.shaft.tools.io.ReportManager&amp#27;[m : Successfully created attachment "Test Data - Excel"
2023-01-12 11:56:59.371 &amp#27;[32m INFO&amp#27;[m &amp#27;[35m[@503 - main]&amp#27;[m &amp#27;[36mcom.shaft.tools.io.ReportManager&amp#27;[m : Response status code: "401", status line: "HTTP/1.1 401 "
2023-01-12 11:56:59.373 &amp#27;[32m INFO&amp#27;[m &amp#27;[35m[@503 - main]&amp#27;[m &amp#27;[36mcom.shaft.tools.io.ReportManager&amp#27;[m : Successfully created attachment "API Request - Specifications"
2023-01-12 11:56:59.374 &amp#27;[32m INFO&amp#27;[m &amp#27;[35m[@503 - main]&amp#27;[m &amp#27;[36mcom.shaft.tools.io.ReportManager&amp#27;[m : Successfully created attachment "API Response - JSON Body"
2023-01-12 11:56:59.377 &amp#27;[32m INFO&amp#27;[m &amp#27;[35m[@503 - main]&amp#27;[m &amp#27;[36mcom.shaft.tools.io.ReportManager&amp#27;[m : Successfully created attachment "SHAFT Engine Logs - Current Method log: InValid_Get_Tax_Policy_With_InValid_Token_TC"
]]></system-out>
  </testcase>
  <testcase name="InValid_Get_Tax_Policy_With_InValid_Token_TC[[Ljava.lang.Object;@5d76140f](2)" classname="SteeringCompanyAPI_TestCases.Test_Policies_Cases" time="0.487">
    <system-out><![CDATA[2023-01-12 11:56:59.384 &amp#27;[32m INFO&amp#27;[m &amp#27;[35m[@534 - main]&amp#27;[m &amp#27;[36mcom.shaft.tools.io.ReportManager&amp#27;[m : 
################################################################################################################################################
Starting Execution:	"71 out of 56" test cases in the current suite
Test Method:		"SteeringCompanyAPI_TestCases.Test_Policies_Cases.InValid_Get_Tax_Policy_With_InValid_Token_TC"
Test Description:	"TC043 - Perform Get Tax Policy With InValid/Expired Token"
################################################################################################################################################
2023-01-12 11:56:59.385 &amp#27;[32m INFO&amp#27;[m &amp#27;[35m[@503 - main]&amp#27;[m &amp#27;[36mcom.shaft.tools.io.ReportManager&amp#27;[m : File Action "DoesFileExist" successfully performed. With the following test data "File Path: "SteeringCompanyAPI_TestData/SteeringCompanyAPI_TestData.xlsx"".
2023-01-12 11:56:59.423 &amp#27;[32m INFO&amp#27;[m &amp#27;[35m[@503 - main]&amp#27;[m &amp#27;[36mcom.shaft.tools.io.ReportManager&amp#27;[m : Successfully created attachment "Test Data - Excel"
2023-01-12 11:56:59.857 &amp#27;[32m INFO&amp#27;[m &amp#27;[35m[@503 - main]&amp#27;[m &amp#27;[36mcom.shaft.tools.io.ReportManager&amp#27;[m : Response status code: "401", status line: "HTTP/1.1 401 "
2023-01-12 11:56:59.861 &amp#27;[32m INFO&amp#27;[m &amp#27;[35m[@503 - main]&amp#27;[m &amp#27;[36mcom.shaft.tools.io.ReportManager&amp#27;[m : Successfully created attachment "API Request - Specifications"
2023-01-12 11:56:59.862 &amp#27;[32m INFO&amp#27;[m &amp#27;[35m[@503 - main]&amp#27;[m &amp#27;[36mcom.shaft.tools.io.ReportManager&amp#27;[m : Successfully created attachment "API Response - JSON Body"
2023-01-12 11:56:59.865 &amp#27;[32m INFO&amp#27;[m &amp#27;[35m[@503 - main]&amp#27;[m &amp#27;[36mcom.shaft.tools.io.ReportManager&amp#27;[m : Successfully created attachment "SHAFT Engine Logs - Current Method log: InValid_Get_Tax_Policy_With_InValid_Token_TC"
]]></system-out>
  </testcase>
  <testcase name="InValid_Get_Tax_Policy_With_Missing_Token_TC[[Ljava.lang.Object;@2c93b7d](1)" classname="SteeringCompanyAPI_TestCases.Test_Policies_Cases" time="0.499">
    <system-out><![CDATA[2023-01-12 11:56:59.876 &amp#27;[32m INFO&amp#27;[m &amp#27;[35m[@534 - main]&amp#27;[m &amp#27;[36mcom.shaft.tools.io.ReportManager&amp#27;[m : 
################################################################################################################################################
Starting Execution:	"72 out of 56" test cases in the current suite
Test Method:		"SteeringCompanyAPI_TestCases.Test_Policies_Cases.InValid_Get_Tax_Policy_With_Missing_Token_TC"
Test Description:	"TC042 - Perform Get Tax Policy With Missing Token"
################################################################################################################################################
2023-01-12 11:56:59.877 &amp#27;[32m INFO&amp#27;[m &amp#27;[35m[@503 - main]&amp#27;[m &amp#27;[36mcom.shaft.tools.io.ReportManager&amp#27;[m : File Action "DoesFileExist" successfully performed. With the following test data "File Path: "SteeringCompanyAPI_TestData/SteeringCompanyAPI_TestData.xlsx"".
2023-01-12 11:56:59.900 &amp#27;[32m INFO&amp#27;[m &amp#27;[35m[@503 - main]&amp#27;[m &amp#27;[36mcom.shaft.tools.io.ReportManager&amp#27;[m : Successfully created attachment "Test Data - Excel"
2023-01-12 11:57:00.335 &amp#27;[32m INFO&amp#27;[m &amp#27;[35m[@503 - main]&amp#27;[m &amp#27;[36mcom.shaft.tools.io.ReportManager&amp#27;[m : Response status code: "401", status line: "HTTP/1.1 401 "
2023-01-12 11:57:00.357 &amp#27;[32m INFO&amp#27;[m &amp#27;[35m[@503 - main]&amp#27;[m &amp#27;[36mcom.shaft.tools.io.ReportManager&amp#27;[m : Successfully created attachment "API Request - Specifications"
2023-01-12 11:57:00.358 &amp#27;[32m INFO&amp#27;[m &amp#27;[35m[@503 - main]&amp#27;[m &amp#27;[36mcom.shaft.tools.io.ReportManager&amp#27;[m : Successfully created attachment "API Response - JSON Body"
2023-01-12 11:57:00.358 &amp#27;[32m INFO&amp#27;[m &amp#27;[35m[@503 - main]&amp#27;[m &amp#27;[36mcom.shaft.tools.io.ReportManager&amp#27;[m : File Action "DoesFileExist" successfully performed. With the following test data "File Path: "Schemas/InvalidTokenRequest_Unauthorized_schema.json"".
2023-01-12 11:57:00.359 &amp#27;[32m INFO&amp#27;[m &amp#27;[35m[@503 - main]&amp#27;[m &amp#27;[36mcom.shaft.tools.io.ReportManager&amp#27;[m : File Action "DoesFileExist" successfully performed. With the following test data "File Path: "src/test/resources/testDataFiles/Schemas/InvalidTokenRequest_Unauthorized_schema.json"".
2023-01-12 11:57:00.359 &amp#27;[32m INFO&amp#27;[m &amp#27;[35m[@503 - main]&amp#27;[m &amp#27;[36mcom.shaft.tools.io.ReportManager&amp#27;[m : File Action "GetAbsolutePath" successfully performed. With the following test data "Relative Folder Path: "src/test/resources/testDataFiles/Schemas/InvalidTokenRequest_Unauthorized_schema.json"".
2023-01-12 11:57:00.363 &amp#27;[32m INFO&amp#27;[m &amp#27;[35m[@503 - main]&amp#27;[m &amp#27;[36mcom.shaft.tools.io.ReportManager&amp#27;[m : File Action "DoesFileExist" successfully performed. With the following test data "File Path: "C:\eclipse-workspace\MyProjects\TASystemsAPIs\src\test\resources\testDataFiles\Schemas\InvalidTokenRequest_Unauthorized_schema.json"".
2023-01-12 11:57:00.364 &amp#27;[32m INFO&amp#27;[m &amp#27;[35m[@503 - main]&amp#27;[m &amp#27;[36mcom.shaft.tools.io.ReportManager&amp#27;[m : File Action "GetAbsolutePath" successfully performed. With the following test data "Relative Folder Path: "C:\eclipse-workspace\MyProjects\TASystemsAPIs\src\test\resources\testDataFiles\Schemas\InvalidTokenRequest_Unauthorized_schema.json"".
2023-01-12 11:57:00.364 &amp#27;[32m INFO&amp#27;[m &amp#27;[35m[@503 - main]&amp#27;[m &amp#27;[36mcom.shaft.tools.io.ReportManager&amp#27;[m : File Action "ReadFile" successfully performed. With the following test data "File Path: "C:\eclipse-workspace\MyProjects\TASystemsAPIs\src\test\resources\testDataFiles\Schemas\InvalidTokenRequest_Unauthorized_schema.json"".
2023-01-12 11:57:00.368 &amp#27;[32m INFO&amp#27;[m &amp#27;[35m[@503 - main]&amp#27;[m &amp#27;[36mcom.shaft.tools.io.ReportManager&amp#27;[m : Successfully created attachment "Validation Test Data - Expected JSON Value"
2023-01-12 11:57:00.369 &amp#27;[32m INFO&amp#27;[m &amp#27;[35m[@503 - main]&amp#27;[m &amp#27;[36mcom.shaft.tools.io.ReportManager&amp#27;[m : Successfully created attachment "Validation Test Data - Actual JSON Value"
2023-01-12 11:57:00.371 &amp#27;[32m INFO&amp#27;[m &amp#27;[35m[@503 - main]&amp#27;[m &amp#27;[36mcom.shaft.tools.io.ReportManager&amp#27;[m : Successfully created attachment "SHAFT Engine Logs - Current Method log: InValid_Get_Tax_Policy_With_Missing_Token_TC"
]]></system-out>
  </testcase>
  <testcase name="InValid_Get_Tax_Policy_With_Missing_Token_TC[[Ljava.lang.Object;@703c6519](2)" classname="SteeringCompanyAPI_TestCases.Test_Policies_Cases" time="0.523">
    <system-out><![CDATA[2023-01-12 11:57:00.375 &amp#27;[32m INFO&amp#27;[m &amp#27;[35m[@534 - main]&amp#27;[m &amp#27;[36mcom.shaft.tools.io.ReportManager&amp#27;[m : 
################################################################################################################################################
Starting Execution:	"73 out of 56" test cases in the current suite
Test Method:		"SteeringCompanyAPI_TestCases.Test_Policies_Cases.InValid_Get_Tax_Policy_With_Missing_Token_TC"
Test Description:	"TC042 - Perform Get Tax Policy With Missing Token"
################################################################################################################################################
2023-01-12 11:57:00.375 &amp#27;[32m INFO&amp#27;[m &amp#27;[35m[@503 - main]&amp#27;[m &amp#27;[36mcom.shaft.tools.io.ReportManager&amp#27;[m : File Action "DoesFileExist" successfully performed. With the following test data "File Path: "SteeringCompanyAPI_TestData/SteeringCompanyAPI_TestData.xlsx"".
2023-01-12 11:57:00.400 &amp#27;[32m INFO&amp#27;[m &amp#27;[35m[@503 - main]&amp#27;[m &amp#27;[36mcom.shaft.tools.io.ReportManager&amp#27;[m : Successfully created attachment "Test Data - Excel"
2023-01-12 11:57:00.847 &amp#27;[32m INFO&amp#27;[m &amp#27;[35m[@503 - main]&amp#27;[m &amp#27;[36mcom.shaft.tools.io.ReportManager&amp#27;[m : Response status code: "401", status line: "HTTP/1.1 401 "
2023-01-12 11:57:00.875 &amp#27;[32m INFO&amp#27;[m &amp#27;[35m[@503 - main]&amp#27;[m &amp#27;[36mcom.shaft.tools.io.ReportManager&amp#27;[m : Successfully created attachment "API Request - Specifications"
2023-01-12 11:57:00.877 &amp#27;[32m INFO&amp#27;[m &amp#27;[35m[@503 - main]&amp#27;[m &amp#27;[36mcom.shaft.tools.io.ReportManager&amp#27;[m : Successfully created attachment "API Response - JSON Body"
2023-01-12 11:57:00.879 &amp#27;[32m INFO&amp#27;[m &amp#27;[35m[@503 - main]&amp#27;[m &amp#27;[36mcom.shaft.tools.io.ReportManager&amp#27;[m : File Action "DoesFileExist" successfully performed. With the following test data "File Path: "Schemas/InvalidTokenRequest_Unauthorized_schema.json"".
2023-01-12 11:57:00.880 &amp#27;[32m INFO&amp#27;[m &amp#27;[35m[@503 - main]&amp#27;[m &amp#27;[36mcom.shaft.tools.io.ReportManager&amp#27;[m : File Action "DoesFileExist" successfully performed. With the following test data "File Path: "src/test/resources/testDataFiles/Schemas/InvalidTokenRequest_Unauthorized_schema.json"".
2023-01-12 11:57:00.880 &amp#27;[32m INFO&amp#27;[m &amp#27;[35m[@503 - main]&amp#27;[m &amp#27;[36mcom.shaft.tools.io.ReportManager&amp#27;[m : File Action "GetAbsolutePath" successfully performed. With the following test data "Relative Folder Path: "src/test/resources/testDataFiles/Schemas/InvalidTokenRequest_Unauthorized_schema.json"".
2023-01-12 11:57:00.885 &amp#27;[32m INFO&amp#27;[m &amp#27;[35m[@503 - main]&amp#27;[m &amp#27;[36mcom.shaft.tools.io.ReportManager&amp#27;[m : File Action "DoesFileExist" successfully performed. With the following test data "File Path: "C:\eclipse-workspace\MyProjects\TASystemsAPIs\src\test\resources\testDataFiles\Schemas\InvalidTokenRequest_Unauthorized_schema.json"".
2023-01-12 11:57:00.885 &amp#27;[32m INFO&amp#27;[m &amp#27;[35m[@503 - main]&amp#27;[m &amp#27;[36mcom.shaft.tools.io.ReportManager&amp#27;[m : File Action "GetAbsolutePath" successfully performed. With the following test data "Relative Folder Path: "C:\eclipse-workspace\MyProjects\TASystemsAPIs\src\test\resources\testDataFiles\Schemas\InvalidTokenRequest_Unauthorized_schema.json"".
2023-01-12 11:57:00.886 &amp#27;[32m INFO&amp#27;[m &amp#27;[35m[@503 - main]&amp#27;[m &amp#27;[36mcom.shaft.tools.io.ReportManager&amp#27;[m : File Action "ReadFile" successfully performed. With the following test data "File Path: "C:\eclipse-workspace\MyProjects\TASystemsAPIs\src\test\resources\testDataFiles\Schemas\InvalidTokenRequest_Unauthorized_schema.json"".
2023-01-12 11:57:00.889 &amp#27;[32m INFO&amp#27;[m &amp#27;[35m[@503 - main]&amp#27;[m &amp#27;[36mcom.shaft.tools.io.ReportManager&amp#27;[m : Successfully created attachment "Validation Test Data - Expected JSON Value"
2023-01-12 11:57:00.891 &amp#27;[32m INFO&amp#27;[m &amp#27;[35m[@503 - main]&amp#27;[m &amp#27;[36mcom.shaft.tools.io.ReportManager&amp#27;[m : Successfully created attachment "Validation Test Data - Actual JSON Value"
2023-01-12 11:57:00.893 &amp#27;[32m INFO&amp#27;[m &amp#27;[35m[@503 - main]&amp#27;[m &amp#27;[36mcom.shaft.tools.io.ReportManager&amp#27;[m : Successfully created attachment "SHAFT Engine Logs - Current Method log: InValid_Get_Tax_Policy_With_Missing_Token_TC"
]]></system-out>
  </testcase>
  <testcase name="InValid_Get_Usage_Policy_With_InValid_Token_TC[[Ljava.lang.Object;@7fe14f94](1)" classname="SteeringCompanyAPI_TestCases.Test_Policies_Cases" time="0.489">
    <system-out><![CDATA[2023-01-12 11:57:00.905 &amp#27;[32m INFO&amp#27;[m &amp#27;[35m[@534 - main]&amp#27;[m &amp#27;[36mcom.shaft.tools.io.ReportManager&amp#27;[m : 
################################################################################################################################################
Starting Execution:	"74 out of 56" test cases in the current suite
Test Method:		"SteeringCompanyAPI_TestCases.Test_Policies_Cases.InValid_Get_Usage_Policy_With_InValid_Token_TC"
Test Description:	"TC045 - Perform Get Usage Policy With InValid/Expired Token"
################################################################################################################################################
2023-01-12 11:57:00.906 &amp#27;[32m INFO&amp#27;[m &amp#27;[35m[@503 - main]&amp#27;[m &amp#27;[36mcom.shaft.tools.io.ReportManager&amp#27;[m : File Action "DoesFileExist" successfully performed. With the following test data "File Path: "SteeringCompanyAPI_TestData/SteeringCompanyAPI_TestData.xlsx"".
2023-01-12 11:57:00.938 &amp#27;[32m INFO&amp#27;[m &amp#27;[35m[@503 - main]&amp#27;[m &amp#27;[36mcom.shaft.tools.io.ReportManager&amp#27;[m : Successfully created attachment "Test Data - Excel"
2023-01-12 11:57:01.383 &amp#27;[32m INFO&amp#27;[m &amp#27;[35m[@503 - main]&amp#27;[m &amp#27;[36mcom.shaft.tools.io.ReportManager&amp#27;[m : Response status code: "401", status line: "HTTP/1.1 401 "
2023-01-12 11:57:01.385 &amp#27;[32m INFO&amp#27;[m &amp#27;[35m[@503 - main]&amp#27;[m &amp#27;[36mcom.shaft.tools.io.ReportManager&amp#27;[m : Successfully created attachment "API Request - Specifications"
2023-01-12 11:57:01.387 &amp#27;[32m INFO&amp#27;[m &amp#27;[35m[@503 - main]&amp#27;[m &amp#27;[36mcom.shaft.tools.io.ReportManager&amp#27;[m : Successfully created attachment "API Response - JSON Body"
2023-01-12 11:57:01.390 &amp#27;[32m INFO&amp#27;[m &amp#27;[35m[@503 - main]&amp#27;[m &amp#27;[36mcom.shaft.tools.io.ReportManager&amp#27;[m : Successfully created attachment "SHAFT Engine Logs - Current Method log: InValid_Get_Usage_Policy_With_InValid_Token_TC"
]]></system-out>
  </testcase>
  <testcase name="InValid_Get_Usage_Policy_With_InValid_Token_TC[[Ljava.lang.Object;@6c7114db](2)" classname="SteeringCompanyAPI_TestCases.Test_Policies_Cases" time="0.475">
    <system-out><![CDATA[2023-01-12 11:57:01.394 &amp#27;[32m INFO&amp#27;[m &amp#27;[35m[@534 - main]&amp#27;[m &amp#27;[36mcom.shaft.tools.io.ReportManager&amp#27;[m : 
################################################################################################################################################
Starting Execution:	"75 out of 56" test cases in the current suite
Test Method:		"SteeringCompanyAPI_TestCases.Test_Policies_Cases.InValid_Get_Usage_Policy_With_InValid_Token_TC"
Test Description:	"TC045 - Perform Get Usage Policy With InValid/Expired Token"
################################################################################################################################################
2023-01-12 11:57:01.395 &amp#27;[32m INFO&amp#27;[m &amp#27;[35m[@503 - main]&amp#27;[m &amp#27;[36mcom.shaft.tools.io.ReportManager&amp#27;[m : File Action "DoesFileExist" successfully performed. With the following test data "File Path: "SteeringCompanyAPI_TestData/SteeringCompanyAPI_TestData.xlsx"".
2023-01-12 11:57:01.426 &amp#27;[32m INFO&amp#27;[m &amp#27;[35m[@503 - main]&amp#27;[m &amp#27;[36mcom.shaft.tools.io.ReportManager&amp#27;[m : Successfully created attachment "Test Data - Excel"
2023-01-12 11:57:01.861 &amp#27;[32m INFO&amp#27;[m &amp#27;[35m[@503 - main]&amp#27;[m &amp#27;[36mcom.shaft.tools.io.ReportManager&amp#27;[m : Response status code: "401", status line: "HTTP/1.1 401 "
2023-01-12 11:57:01.864 &amp#27;[32m INFO&amp#27;[m &amp#27;[35m[@503 - main]&amp#27;[m &amp#27;[36mcom.shaft.tools.io.ReportManager&amp#27;[m : Successfully created attachment "API Request - Specifications"
2023-01-12 11:57:01.866 &amp#27;[32m INFO&amp#27;[m &amp#27;[35m[@503 - main]&amp#27;[m &amp#27;[36mcom.shaft.tools.io.ReportManager&amp#27;[m : Successfully created attachment "API Response - JSON Body"
2023-01-12 11:57:01.867 &amp#27;[32m INFO&amp#27;[m &amp#27;[35m[@503 - main]&amp#27;[m &amp#27;[36mcom.shaft.tools.io.ReportManager&amp#27;[m : Successfully created attachment "SHAFT Engine Logs - Current Method log: InValid_Get_Usage_Policy_With_InValid_Token_TC"
]]></system-out>
  </testcase>
  <testcase name="InValid_Get_Usage_Policy_With_Missing_Token_TC[[Ljava.lang.Object;@43424634](1)" classname="SteeringCompanyAPI_TestCases.Test_Policies_Cases" time="0.515">
    <system-out><![CDATA[2023-01-12 11:57:01.873 &amp#27;[32m INFO&amp#27;[m &amp#27;[35m[@534 - main]&amp#27;[m &amp#27;[36mcom.shaft.tools.io.ReportManager&amp#27;[m : 
################################################################################################################################################
Starting Execution:	"76 out of 56" test cases in the current suite
Test Method:		"SteeringCompanyAPI_TestCases.Test_Policies_Cases.InValid_Get_Usage_Policy_With_Missing_Token_TC"
Test Description:	"TC044 - Perform Get Usage Policy With Missing Token"
################################################################################################################################################
2023-01-12 11:57:01.874 &amp#27;[32m INFO&amp#27;[m &amp#27;[35m[@503 - main]&amp#27;[m &amp#27;[36mcom.shaft.tools.io.ReportManager&amp#27;[m : File Action "DoesFileExist" successfully performed. With the following test data "File Path: "SteeringCompanyAPI_TestData/SteeringCompanyAPI_TestData.xlsx"".
2023-01-12 11:57:01.904 &amp#27;[32m INFO&amp#27;[m &amp#27;[35m[@503 - main]&amp#27;[m &amp#27;[36mcom.shaft.tools.io.ReportManager&amp#27;[m : Successfully created attachment "Test Data - Excel"
2023-01-12 11:57:02.356 &amp#27;[32m INFO&amp#27;[m &amp#27;[35m[@503 - main]&amp#27;[m &amp#27;[36mcom.shaft.tools.io.ReportManager&amp#27;[m : Response status code: "401", status line: "HTTP/1.1 401 "
2023-01-12 11:57:02.373 &amp#27;[32m INFO&amp#27;[m &amp#27;[35m[@503 - main]&amp#27;[m &amp#27;[36mcom.shaft.tools.io.ReportManager&amp#27;[m : Successfully created attachment "API Request - Specifications"
2023-01-12 11:57:02.374 &amp#27;[32m INFO&amp#27;[m &amp#27;[35m[@503 - main]&amp#27;[m &amp#27;[36mcom.shaft.tools.io.ReportManager&amp#27;[m : Successfully created attachment "API Response - JSON Body"
2023-01-12 11:57:02.374 &amp#27;[32m INFO&amp#27;[m &amp#27;[35m[@503 - main]&amp#27;[m &amp#27;[36mcom.shaft.tools.io.ReportManager&amp#27;[m : File Action "DoesFileExist" successfully performed. With the following test data "File Path: "Schemas/InvalidTokenRequest_Unauthorized_schema.json"".
2023-01-12 11:57:02.375 &amp#27;[32m INFO&amp#27;[m &amp#27;[35m[@503 - main]&amp#27;[m &amp#27;[36mcom.shaft.tools.io.ReportManager&amp#27;[m : File Action "DoesFileExist" successfully performed. With the following test data "File Path: "src/test/resources/testDataFiles/Schemas/InvalidTokenRequest_Unauthorized_schema.json"".
2023-01-12 11:57:02.375 &amp#27;[32m INFO&amp#27;[m &amp#27;[35m[@503 - main]&amp#27;[m &amp#27;[36mcom.shaft.tools.io.ReportManager&amp#27;[m : File Action "GetAbsolutePath" successfully performed. With the following test data "Relative Folder Path: "src/test/resources/testDataFiles/Schemas/InvalidTokenRequest_Unauthorized_schema.json"".
2023-01-12 11:57:02.378 &amp#27;[32m INFO&amp#27;[m &amp#27;[35m[@503 - main]&amp#27;[m &amp#27;[36mcom.shaft.tools.io.ReportManager&amp#27;[m : File Action "DoesFileExist" successfully performed. With the following test data "File Path: "C:\eclipse-workspace\MyProjects\TASystemsAPIs\src\test\resources\testDataFiles\Schemas\InvalidTokenRequest_Unauthorized_schema.json"".
2023-01-12 11:57:02.379 &amp#27;[32m INFO&amp#27;[m &amp#27;[35m[@503 - main]&amp#27;[m &amp#27;[36mcom.shaft.tools.io.ReportManager&amp#27;[m : File Action "GetAbsolutePath" successfully performed. With the following test data "Relative Folder Path: "C:\eclipse-workspace\MyProjects\TASystemsAPIs\src\test\resources\testDataFiles\Schemas\InvalidTokenRequest_Unauthorized_schema.json"".
2023-01-12 11:57:02.380 &amp#27;[32m INFO&amp#27;[m &amp#27;[35m[@503 - main]&amp#27;[m &amp#27;[36mcom.shaft.tools.io.ReportManager&amp#27;[m : File Action "ReadFile" successfully performed. With the following test data "File Path: "C:\eclipse-workspace\MyProjects\TASystemsAPIs\src\test\resources\testDataFiles\Schemas\InvalidTokenRequest_Unauthorized_schema.json"".
2023-01-12 11:57:02.383 &amp#27;[32m INFO&amp#27;[m &amp#27;[35m[@503 - main]&amp#27;[m &amp#27;[36mcom.shaft.tools.io.ReportManager&amp#27;[m : Successfully created attachment "Validation Test Data - Expected JSON Value"
2023-01-12 11:57:02.384 &amp#27;[32m INFO&amp#27;[m &amp#27;[35m[@503 - main]&amp#27;[m &amp#27;[36mcom.shaft.tools.io.ReportManager&amp#27;[m : Successfully created attachment "Validation Test Data - Actual JSON Value"
2023-01-12 11:57:02.385 &amp#27;[32m INFO&amp#27;[m &amp#27;[35m[@503 - main]&amp#27;[m &amp#27;[36mcom.shaft.tools.io.ReportManager&amp#27;[m : Successfully created attachment "SHAFT Engine Logs - Current Method log: InValid_Get_Usage_Policy_With_Missing_Token_TC"
]]></system-out>
  </testcase>
  <testcase name="InValid_Get_Usage_Policy_With_Missing_Token_TC[[Ljava.lang.Object;@34163940](2)" classname="SteeringCompanyAPI_TestCases.Test_Policies_Cases" time="0.503">
    <system-out><![CDATA[2023-01-12 11:57:02.389 &amp#27;[32m INFO&amp#27;[m &amp#27;[35m[@534 - main]&amp#27;[m &amp#27;[36mcom.shaft.tools.io.ReportManager&amp#27;[m : 
################################################################################################################################################
Starting Execution:	"77 out of 56" test cases in the current suite
Test Method:		"SteeringCompanyAPI_TestCases.Test_Policies_Cases.InValid_Get_Usage_Policy_With_Missing_Token_TC"
Test Description:	"TC044 - Perform Get Usage Policy With Missing Token"
################################################################################################################################################
2023-01-12 11:57:02.390 &amp#27;[32m INFO&amp#27;[m &amp#27;[35m[@503 - main]&amp#27;[m &amp#27;[36mcom.shaft.tools.io.ReportManager&amp#27;[m : File Action "DoesFileExist" successfully performed. With the following test data "File Path: "SteeringCompanyAPI_TestData/SteeringCompanyAPI_TestData.xlsx"".
2023-01-12 11:57:02.418 &amp#27;[32m INFO&amp#27;[m &amp#27;[35m[@503 - main]&amp#27;[m &amp#27;[36mcom.shaft.tools.io.ReportManager&amp#27;[m : Successfully created attachment "Test Data - Excel"
2023-01-12 11:57:02.861 &amp#27;[32m INFO&amp#27;[m &amp#27;[35m[@503 - main]&amp#27;[m &amp#27;[36mcom.shaft.tools.io.ReportManager&amp#27;[m : Response status code: "401", status line: "HTTP/1.1 401 "
2023-01-12 11:57:02.876 &amp#27;[32m INFO&amp#27;[m &amp#27;[35m[@503 - main]&amp#27;[m &amp#27;[36mcom.shaft.tools.io.ReportManager&amp#27;[m : Successfully created attachment "API Request - Specifications"
2023-01-12 11:57:02.877 &amp#27;[32m INFO&amp#27;[m &amp#27;[35m[@503 - main]&amp#27;[m &amp#27;[36mcom.shaft.tools.io.ReportManager&amp#27;[m : Successfully created attachment "API Response - JSON Body"
2023-01-12 11:57:02.877 &amp#27;[32m INFO&amp#27;[m &amp#27;[35m[@503 - main]&amp#27;[m &amp#27;[36mcom.shaft.tools.io.ReportManager&amp#27;[m : File Action "DoesFileExist" successfully performed. With the following test data "File Path: "Schemas/InvalidTokenRequest_Unauthorized_schema.json"".
2023-01-12 11:57:02.878 &amp#27;[32m INFO&amp#27;[m &amp#27;[35m[@503 - main]&amp#27;[m &amp#27;[36mcom.shaft.tools.io.ReportManager&amp#27;[m : File Action "DoesFileExist" successfully performed. With the following test data "File Path: "src/test/resources/testDataFiles/Schemas/InvalidTokenRequest_Unauthorized_schema.json"".
2023-01-12 11:57:02.879 &amp#27;[32m INFO&amp#27;[m &amp#27;[35m[@503 - main]&amp#27;[m &amp#27;[36mcom.shaft.tools.io.ReportManager&amp#27;[m : File Action "GetAbsolutePath" successfully performed. With the following test data "Relative Folder Path: "src/test/resources/testDataFiles/Schemas/InvalidTokenRequest_Unauthorized_schema.json"".
2023-01-12 11:57:02.881 &amp#27;[32m INFO&amp#27;[m &amp#27;[35m[@503 - main]&amp#27;[m &amp#27;[36mcom.shaft.tools.io.ReportManager&amp#27;[m : File Action "DoesFileExist" successfully performed. With the following test data "File Path: "C:\eclipse-workspace\MyProjects\TASystemsAPIs\src\test\resources\testDataFiles\Schemas\InvalidTokenRequest_Unauthorized_schema.json"".
2023-01-12 11:57:02.881 &amp#27;[32m INFO&amp#27;[m &amp#27;[35m[@503 - main]&amp#27;[m &amp#27;[36mcom.shaft.tools.io.ReportManager&amp#27;[m : File Action "GetAbsolutePath" successfully performed. With the following test data "Relative Folder Path: "C:\eclipse-workspace\MyProjects\TASystemsAPIs\src\test\resources\testDataFiles\Schemas\InvalidTokenRequest_Unauthorized_schema.json"".
2023-01-12 11:57:02.882 &amp#27;[32m INFO&amp#27;[m &amp#27;[35m[@503 - main]&amp#27;[m &amp#27;[36mcom.shaft.tools.io.ReportManager&amp#27;[m : File Action "ReadFile" successfully performed. With the following test data "File Path: "C:\eclipse-workspace\MyProjects\TASystemsAPIs\src\test\resources\testDataFiles\Schemas\InvalidTokenRequest_Unauthorized_schema.json"".
2023-01-12 11:57:02.885 &amp#27;[32m INFO&amp#27;[m &amp#27;[35m[@503 - main]&amp#27;[m &amp#27;[36mcom.shaft.tools.io.ReportManager&amp#27;[m : Successfully created attachment "Validation Test Data - Expected JSON Value"
2023-01-12 11:57:02.886 &amp#27;[32m INFO&amp#27;[m &amp#27;[35m[@503 - main]&amp#27;[m &amp#27;[36mcom.shaft.tools.io.ReportManager&amp#27;[m : Successfully created attachment "Validation Test Data - Actual JSON Value"
2023-01-12 11:57:02.888 &amp#27;[32m INFO&amp#27;[m &amp#27;[35m[@503 - main]&amp#27;[m &amp#27;[36mcom.shaft.tools.io.ReportManager&amp#27;[m : Successfully created attachment "SHAFT Engine Logs - Current Method log: InValid_Get_Usage_Policy_With_Missing_Token_TC"
]]></system-out>
  </testcase>
  <testcase name="InValid_Update_Cancel_Policy_With_Invalid_Token_TC[[Ljava.lang.Object;@7d314e63](1)" classname="SteeringCompanyAPI_TestCases.Test_Policies_Cases" time="0.473">
    <system-out><![CDATA[2023-01-12 11:57:02.896 &amp#27;[32m INFO&amp#27;[m &amp#27;[35m[@534 - main]&amp#27;[m &amp#27;[36mcom.shaft.tools.io.ReportManager&amp#27;[m : 
################################################################################################################################################
Starting Execution:	"78 out of 56" test cases in the current suite
Test Method:		"SteeringCompanyAPI_TestCases.Test_Policies_Cases.InValid_Update_Cancel_Policy_With_Invalid_Token_TC"
Test Description:	"TC031 - Perform Update Cancel Policy with Invalid/Expired Token"
################################################################################################################################################
2023-01-12 11:57:02.896 &amp#27;[32m INFO&amp#27;[m &amp#27;[35m[@503 - main]&amp#27;[m &amp#27;[36mcom.shaft.tools.io.ReportManager&amp#27;[m : File Action "DoesFileExist" successfully performed. With the following test data "File Path: "SteeringCompanyAPI_TestData/SteeringCompanyAPI_TestData.xlsx"".
2023-01-12 11:57:02.918 &amp#27;[32m INFO&amp#27;[m &amp#27;[35m[@503 - main]&amp#27;[m &amp#27;[36mcom.shaft.tools.io.ReportManager&amp#27;[m : Successfully created attachment "Test Data - Excel"
2023-01-12 11:57:03.362 &amp#27;[32m INFO&amp#27;[m &amp#27;[35m[@503 - main]&amp#27;[m &amp#27;[36mcom.shaft.tools.io.ReportManager&amp#27;[m : Response status code: "401", status line: "HTTP/1.1 401 "
2023-01-12 11:57:03.364 &amp#27;[32m INFO&amp#27;[m &amp#27;[35m[@503 - main]&amp#27;[m &amp#27;[36mcom.shaft.tools.io.ReportManager&amp#27;[m : Successfully created attachment "API Request - Specifications"
2023-01-12 11:57:03.365 &amp#27;[32m INFO&amp#27;[m &amp#27;[35m[@503 - main]&amp#27;[m &amp#27;[36mcom.shaft.tools.io.ReportManager&amp#27;[m : Successfully created attachment "API Request - JSON Body"
2023-01-12 11:57:03.365 &amp#27;[32m INFO&amp#27;[m &amp#27;[35m[@503 - main]&amp#27;[m &amp#27;[36mcom.shaft.tools.io.ReportManager&amp#27;[m : Successfully created attachment "API Response - JSON Body"
2023-01-12 11:57:03.366 &amp#27;[32m INFO&amp#27;[m &amp#27;[35m[@503 - main]&amp#27;[m &amp#27;[36mcom.shaft.tools.io.ReportManager&amp#27;[m : Successfully created attachment "SHAFT Engine Logs - Current Method log: InValid_Update_Cancel_Policy_With_Invalid_Token_TC"
]]></system-out>
  </testcase>
  <testcase name="InValid_Update_Cancel_Policy_With_Invalid_Token_TC[[Ljava.lang.Object;@7f8c7c3b](2)" classname="SteeringCompanyAPI_TestCases.Test_Policies_Cases" time="0.479">
    <system-out><![CDATA[2023-01-12 11:57:03.368 &amp#27;[32m INFO&amp#27;[m &amp#27;[35m[@534 - main]&amp#27;[m &amp#27;[36mcom.shaft.tools.io.ReportManager&amp#27;[m : 
################################################################################################################################################
Starting Execution:	"79 out of 56" test cases in the current suite
Test Method:		"SteeringCompanyAPI_TestCases.Test_Policies_Cases.InValid_Update_Cancel_Policy_With_Invalid_Token_TC"
Test Description:	"TC031 - Perform Update Cancel Policy with Invalid/Expired Token"
################################################################################################################################################
2023-01-12 11:57:03.368 &amp#27;[32m INFO&amp#27;[m &amp#27;[35m[@503 - main]&amp#27;[m &amp#27;[36mcom.shaft.tools.io.ReportManager&amp#27;[m : File Action "DoesFileExist" successfully performed. With the following test data "File Path: "SteeringCompanyAPI_TestData/SteeringCompanyAPI_TestData.xlsx"".
2023-01-12 11:57:03.399 &amp#27;[32m INFO&amp#27;[m &amp#27;[35m[@503 - main]&amp#27;[m &amp#27;[36mcom.shaft.tools.io.ReportManager&amp#27;[m : Successfully created attachment "Test Data - Excel"
2023-01-12 11:57:03.831 &amp#27;[32m INFO&amp#27;[m &amp#27;[35m[@503 - main]&amp#27;[m &amp#27;[36mcom.shaft.tools.io.ReportManager&amp#27;[m : Response status code: "401", status line: "HTTP/1.1 401 "
2023-01-12 11:57:03.834 &amp#27;[32m INFO&amp#27;[m &amp#27;[35m[@503 - main]&amp#27;[m &amp#27;[36mcom.shaft.tools.io.ReportManager&amp#27;[m : Successfully created attachment "API Request - Specifications"
2023-01-12 11:57:03.836 &amp#27;[32m INFO&amp#27;[m &amp#27;[35m[@503 - main]&amp#27;[m &amp#27;[36mcom.shaft.tools.io.ReportManager&amp#27;[m : Successfully created attachment "API Request - JSON Body"
2023-01-12 11:57:03.837 &amp#27;[32m INFO&amp#27;[m &amp#27;[35m[@503 - main]&amp#27;[m &amp#27;[36mcom.shaft.tools.io.ReportManager&amp#27;[m : Successfully created attachment "API Response - JSON Body"
2023-01-12 11:57:03.840 &amp#27;[32m INFO&amp#27;[m &amp#27;[35m[@503 - main]&amp#27;[m &amp#27;[36mcom.shaft.tools.io.ReportManager&amp#27;[m : Successfully created attachment "SHAFT Engine Logs - Current Method log: InValid_Update_Cancel_Policy_With_Invalid_Token_TC"
]]></system-out>
  </testcase>
  <testcase name="InValid_Update_Cancel_Policy_With_Missing_Token_TC[[Ljava.lang.Object;@4c8ad614](1)" classname="SteeringCompanyAPI_TestCases.Test_Policies_Cases" time="0.557">
    <system-out><![CDATA[2023-01-12 11:57:03.850 &amp#27;[32m INFO&amp#27;[m &amp#27;[35m[@534 - main]&amp#27;[m &amp#27;[36mcom.shaft.tools.io.ReportManager&amp#27;[m : 
################################################################################################################################################
Starting Execution:	"80 out of 56" test cases in the current suite
Test Method:		"SteeringCompanyAPI_TestCases.Test_Policies_Cases.InValid_Update_Cancel_Policy_With_Missing_Token_TC"
Test Description:	"TC030 - Perform Update Cancel Policy with missing Token"
################################################################################################################################################
2023-01-12 11:57:03.851 &amp#27;[32m INFO&amp#27;[m &amp#27;[35m[@503 - main]&amp#27;[m &amp#27;[36mcom.shaft.tools.io.ReportManager&amp#27;[m : File Action "DoesFileExist" successfully performed. With the following test data "File Path: "SteeringCompanyAPI_TestData/SteeringCompanyAPI_TestData.xlsx"".
2023-01-12 11:57:03.886 &amp#27;[32m INFO&amp#27;[m &amp#27;[35m[@503 - main]&amp#27;[m &amp#27;[36mcom.shaft.tools.io.ReportManager&amp#27;[m : Successfully created attachment "Test Data - Excel"
2023-01-12 11:57:04.356 &amp#27;[32m INFO&amp#27;[m &amp#27;[35m[@503 - main]&amp#27;[m &amp#27;[36mcom.shaft.tools.io.ReportManager&amp#27;[m : Response status code: "401", status line: "HTTP/1.1 401 "
2023-01-12 11:57:04.373 &amp#27;[32m INFO&amp#27;[m &amp#27;[35m[@503 - main]&amp#27;[m &amp#27;[36mcom.shaft.tools.io.ReportManager&amp#27;[m : Successfully created attachment "API Request - Specifications"
2023-01-12 11:57:04.374 &amp#27;[32m INFO&amp#27;[m &amp#27;[35m[@503 - main]&amp#27;[m &amp#27;[36mcom.shaft.tools.io.ReportManager&amp#27;[m : Successfully created attachment "API Request - JSON Body"
2023-01-12 11:57:04.375 &amp#27;[32m INFO&amp#27;[m &amp#27;[35m[@503 - main]&amp#27;[m &amp#27;[36mcom.shaft.tools.io.ReportManager&amp#27;[m : Successfully created attachment "API Response - JSON Body"
2023-01-12 11:57:04.375 &amp#27;[32m INFO&amp#27;[m &amp#27;[35m[@503 - main]&amp#27;[m &amp#27;[36mcom.shaft.tools.io.ReportManager&amp#27;[m : File Action "DoesFileExist" successfully performed. With the following test data "File Path: "Schemas/InvalidTokenRequest_Unauthorized_schema.json"".
2023-01-12 11:57:04.376 &amp#27;[32m INFO&amp#27;[m &amp#27;[35m[@503 - main]&amp#27;[m &amp#27;[36mcom.shaft.tools.io.ReportManager&amp#27;[m : File Action "DoesFileExist" successfully performed. With the following test data "File Path: "src/test/resources/testDataFiles/Schemas/InvalidTokenRequest_Unauthorized_schema.json"".
2023-01-12 11:57:04.376 &amp#27;[32m INFO&amp#27;[m &amp#27;[35m[@503 - main]&amp#27;[m &amp#27;[36mcom.shaft.tools.io.ReportManager&amp#27;[m : File Action "GetAbsolutePath" successfully performed. With the following test data "Relative Folder Path: "src/test/resources/testDataFiles/Schemas/InvalidTokenRequest_Unauthorized_schema.json"".
2023-01-12 11:57:04.378 &amp#27;[32m INFO&amp#27;[m &amp#27;[35m[@503 - main]&amp#27;[m &amp#27;[36mcom.shaft.tools.io.ReportManager&amp#27;[m : File Action "DoesFileExist" successfully performed. With the following test data "File Path: "C:\eclipse-workspace\MyProjects\TASystemsAPIs\src\test\resources\testDataFiles\Schemas\InvalidTokenRequest_Unauthorized_schema.json"".
2023-01-12 11:57:04.379 &amp#27;[32m INFO&amp#27;[m &amp#27;[35m[@503 - main]&amp#27;[m &amp#27;[36mcom.shaft.tools.io.ReportManager&amp#27;[m : File Action "GetAbsolutePath" successfully performed. With the following test data "Relative Folder Path: "C:\eclipse-workspace\MyProjects\TASystemsAPIs\src\test\resources\testDataFiles\Schemas\InvalidTokenRequest_Unauthorized_schema.json"".
2023-01-12 11:57:04.379 &amp#27;[32m INFO&amp#27;[m &amp#27;[35m[@503 - main]&amp#27;[m &amp#27;[36mcom.shaft.tools.io.ReportManager&amp#27;[m : File Action "ReadFile" successfully performed. With the following test data "File Path: "C:\eclipse-workspace\MyProjects\TASystemsAPIs\src\test\resources\testDataFiles\Schemas\InvalidTokenRequest_Unauthorized_schema.json"".
2023-01-12 11:57:04.381 &amp#27;[32m INFO&amp#27;[m &amp#27;[35m[@503 - main]&amp#27;[m &amp#27;[36mcom.shaft.tools.io.ReportManager&amp#27;[m : Successfully created attachment "Validation Test Data - Expected JSON Value"
2023-01-12 11:57:04.382 &amp#27;[32m INFO&amp#27;[m &amp#27;[35m[@503 - main]&amp#27;[m &amp#27;[36mcom.shaft.tools.io.ReportManager&amp#27;[m : Successfully created attachment "Validation Test Data - Actual JSON Value"
2023-01-12 11:57:04.383 &amp#27;[32m INFO&amp#27;[m &amp#27;[35m[@503 - main]&amp#27;[m &amp#27;[36mcom.shaft.tools.io.ReportManager&amp#27;[m : Successfully created attachment "SHAFT Engine Logs - Current Method log: InValid_Update_Cancel_Policy_With_Missing_Token_TC"
]]></system-out>
  </testcase>
  <testcase name="InValid_Update_Cancel_Policy_With_Missing_Token_TC[[Ljava.lang.Object;@41e8e7d4](2)" classname="SteeringCompanyAPI_TestCases.Test_Policies_Cases" time="0.585">
    <system-out><![CDATA[2023-01-12 11:57:04.386 &amp#27;[32m INFO&amp#27;[m &amp#27;[35m[@534 - main]&amp#27;[m &amp#27;[36mcom.shaft.tools.io.ReportManager&amp#27;[m : 
################################################################################################################################################
Starting Execution:	"81 out of 56" test cases in the current suite
Test Method:		"SteeringCompanyAPI_TestCases.Test_Policies_Cases.InValid_Update_Cancel_Policy_With_Missing_Token_TC"
Test Description:	"TC030 - Perform Update Cancel Policy with missing Token"
################################################################################################################################################
2023-01-12 11:57:04.387 &amp#27;[32m INFO&amp#27;[m &amp#27;[35m[@503 - main]&amp#27;[m &amp#27;[36mcom.shaft.tools.io.ReportManager&amp#27;[m : File Action "DoesFileExist" successfully performed. With the following test data "File Path: "SteeringCompanyAPI_TestData/SteeringCompanyAPI_TestData.xlsx"".
2023-01-12 11:57:04.499 &amp#27;[32m INFO&amp#27;[m &amp#27;[35m[@503 - main]&amp#27;[m &amp#27;[36mcom.shaft.tools.io.ReportManager&amp#27;[m : Successfully created attachment "Test Data - Excel"
2023-01-12 11:57:04.961 &amp#27;[32m INFO&amp#27;[m &amp#27;[35m[@503 - main]&amp#27;[m &amp#27;[36mcom.shaft.tools.io.ReportManager&amp#27;[m : Response status code: "401", status line: "HTTP/1.1 401 "
2023-01-12 11:57:04.983 &amp#27;[32m INFO&amp#27;[m &amp#27;[35m[@503 - main]&amp#27;[m &amp#27;[36mcom.shaft.tools.io.ReportManager&amp#27;[m : Successfully created attachment "API Request - Specifications"
2023-01-12 11:57:04.983 &amp#27;[32m INFO&amp#27;[m &amp#27;[35m[@503 - main]&amp#27;[m &amp#27;[36mcom.shaft.tools.io.ReportManager&amp#27;[m : Successfully created attachment "API Request - JSON Body"
2023-01-12 11:57:04.984 &amp#27;[32m INFO&amp#27;[m &amp#27;[35m[@503 - main]&amp#27;[m &amp#27;[36mcom.shaft.tools.io.ReportManager&amp#27;[m : Successfully created attachment "API Response - JSON Body"
2023-01-12 11:57:04.984 &amp#27;[32m INFO&amp#27;[m &amp#27;[35m[@503 - main]&amp#27;[m &amp#27;[36mcom.shaft.tools.io.ReportManager&amp#27;[m : File Action "DoesFileExist" successfully performed. With the following test data "File Path: "Schemas/InvalidTokenRequest_Unauthorized_schema.json"".
2023-01-12 11:57:04.985 &amp#27;[32m INFO&amp#27;[m &amp#27;[35m[@503 - main]&amp#27;[m &amp#27;[36mcom.shaft.tools.io.ReportManager&amp#27;[m : File Action "DoesFileExist" successfully performed. With the following test data "File Path: "src/test/resources/testDataFiles/Schemas/InvalidTokenRequest_Unauthorized_schema.json"".
2023-01-12 11:57:04.985 &amp#27;[32m INFO&amp#27;[m &amp#27;[35m[@503 - main]&amp#27;[m &amp#27;[36mcom.shaft.tools.io.ReportManager&amp#27;[m : File Action "GetAbsolutePath" successfully performed. With the following test data "Relative Folder Path: "src/test/resources/testDataFiles/Schemas/InvalidTokenRequest_Unauthorized_schema.json"".
2023-01-12 11:57:04.986 &amp#27;[32m INFO&amp#27;[m &amp#27;[35m[@503 - main]&amp#27;[m &amp#27;[36mcom.shaft.tools.io.ReportManager&amp#27;[m : File Action "DoesFileExist" successfully performed. With the following test data "File Path: "C:\eclipse-workspace\MyProjects\TASystemsAPIs\src\test\resources\testDataFiles\Schemas\InvalidTokenRequest_Unauthorized_schema.json"".
2023-01-12 11:57:04.987 &amp#27;[32m INFO&amp#27;[m &amp#27;[35m[@503 - main]&amp#27;[m &amp#27;[36mcom.shaft.tools.io.ReportManager&amp#27;[m : File Action "GetAbsolutePath" successfully performed. With the following test data "Relative Folder Path: "C:\eclipse-workspace\MyProjects\TASystemsAPIs\src\test\resources\testDataFiles\Schemas\InvalidTokenRequest_Unauthorized_schema.json"".
2023-01-12 11:57:04.987 &amp#27;[32m INFO&amp#27;[m &amp#27;[35m[@503 - main]&amp#27;[m &amp#27;[36mcom.shaft.tools.io.ReportManager&amp#27;[m : File Action "ReadFile" successfully performed. With the following test data "File Path: "C:\eclipse-workspace\MyProjects\TASystemsAPIs\src\test\resources\testDataFiles\Schemas\InvalidTokenRequest_Unauthorized_schema.json"".
2023-01-12 11:57:04.988 &amp#27;[32m INFO&amp#27;[m &amp#27;[35m[@503 - main]&amp#27;[m &amp#27;[36mcom.shaft.tools.io.ReportManager&amp#27;[m : Successfully created attachment "Validation Test Data - Expected JSON Value"
2023-01-12 11:57:04.989 &amp#27;[32m INFO&amp#27;[m &amp#27;[35m[@503 - main]&amp#27;[m &amp#27;[36mcom.shaft.tools.io.ReportManager&amp#27;[m : Successfully created attachment "Validation Test Data - Actual JSON Value"
2023-01-12 11:57:04.990 &amp#27;[32m INFO&amp#27;[m &amp#27;[35m[@503 - main]&amp#27;[m &amp#27;[36mcom.shaft.tools.io.ReportManager&amp#27;[m : Successfully created attachment "SHAFT Engine Logs - Current Method log: InValid_Update_Cancel_Policy_With_Missing_Token_TC"
]]></system-out>
  </testcase>
  <testcase name="InValid_Update_General_Policy_With_InValid_Token_TC[[Ljava.lang.Object;@3b27f18f](1)" classname="SteeringCompanyAPI_TestCases.Test_Policies_Cases" time="0.459">
    <system-out><![CDATA[2023-01-12 11:57:04.995 &amp#27;[32m INFO&amp#27;[m &amp#27;[35m[@534 - main]&amp#27;[m &amp#27;[36mcom.shaft.tools.io.ReportManager&amp#27;[m : 
################################################################################################################################################
Starting Execution:	"82 out of 56" test cases in the current suite
Test Method:		"SteeringCompanyAPI_TestCases.Test_Policies_Cases.InValid_Update_General_Policy_With_InValid_Token_TC"
Test Description:	"TC039 - Perform Update General Policy With InValid/Expired Token"
################################################################################################################################################
2023-01-12 11:57:04.995 &amp#27;[32m INFO&amp#27;[m &amp#27;[35m[@503 - main]&amp#27;[m &amp#27;[36mcom.shaft.tools.io.ReportManager&amp#27;[m : File Action "DoesFileExist" successfully performed. With the following test data "File Path: "SteeringCompanyAPI_TestData/SteeringCompanyAPI_TestData.xlsx"".
2023-01-12 11:57:05.006 &amp#27;[32m INFO&amp#27;[m &amp#27;[35m[@503 - main]&amp#27;[m &amp#27;[36mcom.shaft.tools.io.ReportManager&amp#27;[m : Successfully created attachment "Test Data - Excel"
2023-01-12 11:57:05.447 &amp#27;[32m INFO&amp#27;[m &amp#27;[35m[@503 - main]&amp#27;[m &amp#27;[36mcom.shaft.tools.io.ReportManager&amp#27;[m : Response status code: "401", status line: "HTTP/1.1 401 "
2023-01-12 11:57:05.449 &amp#27;[32m INFO&amp#27;[m &amp#27;[35m[@503 - main]&amp#27;[m &amp#27;[36mcom.shaft.tools.io.ReportManager&amp#27;[m : Successfully created attachment "API Request - Specifications"
2023-01-12 11:57:05.450 &amp#27;[32m INFO&amp#27;[m &amp#27;[35m[@503 - main]&amp#27;[m &amp#27;[36mcom.shaft.tools.io.ReportManager&amp#27;[m : Successfully created attachment "API Request - JSON Body"
2023-01-12 11:57:05.450 &amp#27;[32m INFO&amp#27;[m &amp#27;[35m[@503 - main]&amp#27;[m &amp#27;[36mcom.shaft.tools.io.ReportManager&amp#27;[m : Successfully created attachment "API Response - JSON Body"
2023-01-12 11:57:05.451 &amp#27;[32m INFO&amp#27;[m &amp#27;[35m[@503 - main]&amp#27;[m &amp#27;[36mcom.shaft.tools.io.ReportManager&amp#27;[m : Successfully created attachment "SHAFT Engine Logs - Current Method log: InValid_Update_General_Policy_With_InValid_Token_TC"
]]></system-out>
  </testcase>
  <testcase name="InValid_Update_General_Policy_With_InValid_Token_TC[[Ljava.lang.Object;@75691464](2)" classname="SteeringCompanyAPI_TestCases.Test_Policies_Cases" time="0.46">
    <system-out><![CDATA[2023-01-12 11:57:05.453 &amp#27;[32m INFO&amp#27;[m &amp#27;[35m[@534 - main]&amp#27;[m &amp#27;[36mcom.shaft.tools.io.ReportManager&amp#27;[m : 
################################################################################################################################################
Starting Execution:	"83 out of 56" test cases in the current suite
Test Method:		"SteeringCompanyAPI_TestCases.Test_Policies_Cases.InValid_Update_General_Policy_With_InValid_Token_TC"
Test Description:	"TC039 - Perform Update General Policy With InValid/Expired Token"
################################################################################################################################################
2023-01-12 11:57:05.454 &amp#27;[32m INFO&amp#27;[m &amp#27;[35m[@503 - main]&amp#27;[m &amp#27;[36mcom.shaft.tools.io.ReportManager&amp#27;[m : File Action "DoesFileExist" successfully performed. With the following test data "File Path: "SteeringCompanyAPI_TestData/SteeringCompanyAPI_TestData.xlsx"".
2023-01-12 11:57:05.464 &amp#27;[32m INFO&amp#27;[m &amp#27;[35m[@503 - main]&amp#27;[m &amp#27;[36mcom.shaft.tools.io.ReportManager&amp#27;[m : Successfully created attachment "Test Data - Excel"
2023-01-12 11:57:05.906 &amp#27;[32m INFO&amp#27;[m &amp#27;[35m[@503 - main]&amp#27;[m &amp#27;[36mcom.shaft.tools.io.ReportManager&amp#27;[m : Response status code: "401", status line: "HTTP/1.1 401 "
2023-01-12 11:57:05.909 &amp#27;[32m INFO&amp#27;[m &amp#27;[35m[@503 - main]&amp#27;[m &amp#27;[36mcom.shaft.tools.io.ReportManager&amp#27;[m : Successfully created attachment "API Request - Specifications"
2023-01-12 11:57:05.910 &amp#27;[32m INFO&amp#27;[m &amp#27;[35m[@503 - main]&amp#27;[m &amp#27;[36mcom.shaft.tools.io.ReportManager&amp#27;[m : Successfully created attachment "API Request - JSON Body"
2023-01-12 11:57:05.910 &amp#27;[32m INFO&amp#27;[m &amp#27;[35m[@503 - main]&amp#27;[m &amp#27;[36mcom.shaft.tools.io.ReportManager&amp#27;[m : Successfully created attachment "API Response - JSON Body"
2023-01-12 11:57:05.911 &amp#27;[32m INFO&amp#27;[m &amp#27;[35m[@503 - main]&amp#27;[m &amp#27;[36mcom.shaft.tools.io.ReportManager&amp#27;[m : Successfully created attachment "SHAFT Engine Logs - Current Method log: InValid_Update_General_Policy_With_InValid_Token_TC"
]]></system-out>
  </testcase>
  <testcase name="InValid_Update_General_Policy_With_Missing_Token_TC[[Ljava.lang.Object;@b5d38bb](1)" classname="SteeringCompanyAPI_TestCases.Test_Policies_Cases" time="0.467">
    <system-out><![CDATA[2023-01-12 11:57:05.916 &amp#27;[32m INFO&amp#27;[m &amp#27;[35m[@534 - main]&amp#27;[m &amp#27;[36mcom.shaft.tools.io.ReportManager&amp#27;[m : 
################################################################################################################################################
Starting Execution:	"84 out of 56" test cases in the current suite
Test Method:		"SteeringCompanyAPI_TestCases.Test_Policies_Cases.InValid_Update_General_Policy_With_Missing_Token_TC"
Test Description:	"TC038 - Perform Update General Policy With Missing Token"
################################################################################################################################################
2023-01-12 11:57:05.916 &amp#27;[32m INFO&amp#27;[m &amp#27;[35m[@503 - main]&amp#27;[m &amp#27;[36mcom.shaft.tools.io.ReportManager&amp#27;[m : File Action "DoesFileExist" successfully performed. With the following test data "File Path: "SteeringCompanyAPI_TestData/SteeringCompanyAPI_TestData.xlsx"".
2023-01-12 11:57:05.930 &amp#27;[32m INFO&amp#27;[m &amp#27;[35m[@503 - main]&amp#27;[m &amp#27;[36mcom.shaft.tools.io.ReportManager&amp#27;[m : Successfully created attachment "Test Data - Excel"
2023-01-12 11:57:06.363 &amp#27;[32m INFO&amp#27;[m &amp#27;[35m[@503 - main]&amp#27;[m &amp#27;[36mcom.shaft.tools.io.ReportManager&amp#27;[m : Response status code: "401", status line: "HTTP/1.1 401 "
2023-01-12 11:57:06.376 &amp#27;[32m INFO&amp#27;[m &amp#27;[35m[@503 - main]&amp#27;[m &amp#27;[36mcom.shaft.tools.io.ReportManager&amp#27;[m : Successfully created attachment "API Request - Specifications"
2023-01-12 11:57:06.376 &amp#27;[32m INFO&amp#27;[m &amp#27;[35m[@503 - main]&amp#27;[m &amp#27;[36mcom.shaft.tools.io.ReportManager&amp#27;[m : Successfully created attachment "API Request - JSON Body"
2023-01-12 11:57:06.377 &amp#27;[32m INFO&amp#27;[m &amp#27;[35m[@503 - main]&amp#27;[m &amp#27;[36mcom.shaft.tools.io.ReportManager&amp#27;[m : Successfully created attachment "API Response - JSON Body"
2023-01-12 11:57:06.377 &amp#27;[32m INFO&amp#27;[m &amp#27;[35m[@503 - main]&amp#27;[m &amp#27;[36mcom.shaft.tools.io.ReportManager&amp#27;[m : File Action "DoesFileExist" successfully performed. With the following test data "File Path: "Schemas/InvalidTokenRequest_Unauthorized_schema.json"".
2023-01-12 11:57:06.377 &amp#27;[32m INFO&amp#27;[m &amp#27;[35m[@503 - main]&amp#27;[m &amp#27;[36mcom.shaft.tools.io.ReportManager&amp#27;[m : File Action "DoesFileExist" successfully performed. With the following test data "File Path: "src/test/resources/testDataFiles/Schemas/InvalidTokenRequest_Unauthorized_schema.json"".
2023-01-12 11:57:06.377 &amp#27;[32m INFO&amp#27;[m &amp#27;[35m[@503 - main]&amp#27;[m &amp#27;[36mcom.shaft.tools.io.ReportManager&amp#27;[m : File Action "GetAbsolutePath" successfully performed. With the following test data "Relative Folder Path: "src/test/resources/testDataFiles/Schemas/InvalidTokenRequest_Unauthorized_schema.json"".
2023-01-12 11:57:06.379 &amp#27;[32m INFO&amp#27;[m &amp#27;[35m[@503 - main]&amp#27;[m &amp#27;[36mcom.shaft.tools.io.ReportManager&amp#27;[m : File Action "DoesFileExist" successfully performed. With the following test data "File Path: "C:\eclipse-workspace\MyProjects\TASystemsAPIs\src\test\resources\testDataFiles\Schemas\InvalidTokenRequest_Unauthorized_schema.json"".
2023-01-12 11:57:06.379 &amp#27;[32m INFO&amp#27;[m &amp#27;[35m[@503 - main]&amp#27;[m &amp#27;[36mcom.shaft.tools.io.ReportManager&amp#27;[m : File Action "GetAbsolutePath" successfully performed. With the following test data "Relative Folder Path: "C:\eclipse-workspace\MyProjects\TASystemsAPIs\src\test\resources\testDataFiles\Schemas\InvalidTokenRequest_Unauthorized_schema.json"".
2023-01-12 11:57:06.379 &amp#27;[32m INFO&amp#27;[m &amp#27;[35m[@503 - main]&amp#27;[m &amp#27;[36mcom.shaft.tools.io.ReportManager&amp#27;[m : File Action "ReadFile" successfully performed. With the following test data "File Path: "C:\eclipse-workspace\MyProjects\TASystemsAPIs\src\test\resources\testDataFiles\Schemas\InvalidTokenRequest_Unauthorized_schema.json"".
2023-01-12 11:57:06.380 &amp#27;[32m INFO&amp#27;[m &amp#27;[35m[@503 - main]&amp#27;[m &amp#27;[36mcom.shaft.tools.io.ReportManager&amp#27;[m : Successfully created attachment "Validation Test Data - Expected JSON Value"
2023-01-12 11:57:06.381 &amp#27;[32m INFO&amp#27;[m &amp#27;[35m[@503 - main]&amp#27;[m &amp#27;[36mcom.shaft.tools.io.ReportManager&amp#27;[m : Successfully created attachment "Validation Test Data - Actual JSON Value"
2023-01-12 11:57:06.381 &amp#27;[32m INFO&amp#27;[m &amp#27;[35m[@503 - main]&amp#27;[m &amp#27;[36mcom.shaft.tools.io.ReportManager&amp#27;[m : Successfully created attachment "SHAFT Engine Logs - Current Method log: InValid_Update_General_Policy_With_Missing_Token_TC"
]]></system-out>
  </testcase>
  <testcase name="InValid_Update_General_Policy_With_Missing_Token_TC[[Ljava.lang.Object;@aa7a733](2)" classname="SteeringCompanyAPI_TestCases.Test_Policies_Cases" time="0.47">
    <system-out><![CDATA[2023-01-12 11:57:06.383 &amp#27;[32m INFO&amp#27;[m &amp#27;[35m[@534 - main]&amp#27;[m &amp#27;[36mcom.shaft.tools.io.ReportManager&amp#27;[m : 
################################################################################################################################################
Starting Execution:	"85 out of 56" test cases in the current suite
Test Method:		"SteeringCompanyAPI_TestCases.Test_Policies_Cases.InValid_Update_General_Policy_With_Missing_Token_TC"
Test Description:	"TC038 - Perform Update General Policy With Missing Token"
################################################################################################################################################
2023-01-12 11:57:06.383 &amp#27;[32m INFO&amp#27;[m &amp#27;[35m[@503 - main]&amp#27;[m &amp#27;[36mcom.shaft.tools.io.ReportManager&amp#27;[m : File Action "DoesFileExist" successfully performed. With the following test data "File Path: "SteeringCompanyAPI_TestData/SteeringCompanyAPI_TestData.xlsx"".
2023-01-12 11:57:06.392 &amp#27;[32m INFO&amp#27;[m &amp#27;[35m[@503 - main]&amp#27;[m &amp#27;[36mcom.shaft.tools.io.ReportManager&amp#27;[m : Successfully created attachment "Test Data - Excel"
2023-01-12 11:57:06.831 &amp#27;[32m INFO&amp#27;[m &amp#27;[35m[@503 - main]&amp#27;[m &amp#27;[36mcom.shaft.tools.io.ReportManager&amp#27;[m : Response status code: "401", status line: "HTTP/1.1 401 "
2023-01-12 11:57:06.843 &amp#27;[32m INFO&amp#27;[m &amp#27;[35m[@503 - main]&amp#27;[m &amp#27;[36mcom.shaft.tools.io.ReportManager&amp#27;[m : Successfully created attachment "API Request - Specifications"
2023-01-12 11:57:06.844 &amp#27;[32m INFO&amp#27;[m &amp#27;[35m[@503 - main]&amp#27;[m &amp#27;[36mcom.shaft.tools.io.ReportManager&amp#27;[m : Successfully created attachment "API Request - JSON Body"
2023-01-12 11:57:06.845 &amp#27;[32m INFO&amp#27;[m &amp#27;[35m[@503 - main]&amp#27;[m &amp#27;[36mcom.shaft.tools.io.ReportManager&amp#27;[m : Successfully created attachment "API Response - JSON Body"
2023-01-12 11:57:06.845 &amp#27;[32m INFO&amp#27;[m &amp#27;[35m[@503 - main]&amp#27;[m &amp#27;[36mcom.shaft.tools.io.ReportManager&amp#27;[m : File Action "DoesFileExist" successfully performed. With the following test data "File Path: "Schemas/InvalidTokenRequest_Unauthorized_schema.json"".
2023-01-12 11:57:06.845 &amp#27;[32m INFO&amp#27;[m &amp#27;[35m[@503 - main]&amp#27;[m &amp#27;[36mcom.shaft.tools.io.ReportManager&amp#27;[m : File Action "DoesFileExist" successfully performed. With the following test data "File Path: "src/test/resources/testDataFiles/Schemas/InvalidTokenRequest_Unauthorized_schema.json"".
2023-01-12 11:57:06.846 &amp#27;[32m INFO&amp#27;[m &amp#27;[35m[@503 - main]&amp#27;[m &amp#27;[36mcom.shaft.tools.io.ReportManager&amp#27;[m : File Action "GetAbsolutePath" successfully performed. With the following test data "Relative Folder Path: "src/test/resources/testDataFiles/Schemas/InvalidTokenRequest_Unauthorized_schema.json"".
2023-01-12 11:57:06.848 &amp#27;[32m INFO&amp#27;[m &amp#27;[35m[@503 - main]&amp#27;[m &amp#27;[36mcom.shaft.tools.io.ReportManager&amp#27;[m : File Action "DoesFileExist" successfully performed. With the following test data "File Path: "C:\eclipse-workspace\MyProjects\TASystemsAPIs\src\test\resources\testDataFiles\Schemas\InvalidTokenRequest_Unauthorized_schema.json"".
2023-01-12 11:57:06.848 &amp#27;[32m INFO&amp#27;[m &amp#27;[35m[@503 - main]&amp#27;[m &amp#27;[36mcom.shaft.tools.io.ReportManager&amp#27;[m : File Action "GetAbsolutePath" successfully performed. With the following test data "Relative Folder Path: "C:\eclipse-workspace\MyProjects\TASystemsAPIs\src\test\resources\testDataFiles\Schemas\InvalidTokenRequest_Unauthorized_schema.json"".
2023-01-12 11:57:06.849 &amp#27;[32m INFO&amp#27;[m &amp#27;[35m[@503 - main]&amp#27;[m &amp#27;[36mcom.shaft.tools.io.ReportManager&amp#27;[m : File Action "ReadFile" successfully performed. With the following test data "File Path: "C:\eclipse-workspace\MyProjects\TASystemsAPIs\src\test\resources\testDataFiles\Schemas\InvalidTokenRequest_Unauthorized_schema.json"".
2023-01-12 11:57:06.850 &amp#27;[32m INFO&amp#27;[m &amp#27;[35m[@503 - main]&amp#27;[m &amp#27;[36mcom.shaft.tools.io.ReportManager&amp#27;[m : Successfully created attachment "Validation Test Data - Expected JSON Value"
2023-01-12 11:57:06.851 &amp#27;[32m INFO&amp#27;[m &amp#27;[35m[@503 - main]&amp#27;[m &amp#27;[36mcom.shaft.tools.io.ReportManager&amp#27;[m : Successfully created attachment "Validation Test Data - Actual JSON Value"
2023-01-12 11:57:06.851 &amp#27;[32m INFO&amp#27;[m &amp#27;[35m[@503 - main]&amp#27;[m &amp#27;[36mcom.shaft.tools.io.ReportManager&amp#27;[m : Successfully created attachment "SHAFT Engine Logs - Current Method log: InValid_Update_General_Policy_With_Missing_Token_TC"
]]></system-out>
  </testcase>
  <testcase name="InValid_Update_Payment_Policy_With_InValid_Token_TC[[Ljava.lang.Object;@71c28a5e](1)" classname="SteeringCompanyAPI_TestCases.Test_Policies_Cases" time="0.451">
    <system-out><![CDATA[2023-01-12 11:57:06.854 &amp#27;[32m INFO&amp#27;[m &amp#27;[35m[@534 - main]&amp#27;[m &amp#27;[36mcom.shaft.tools.io.ReportManager&amp#27;[m : 
################################################################################################################################################
Starting Execution:	"86 out of 56" test cases in the current suite
Test Method:		"SteeringCompanyAPI_TestCases.Test_Policies_Cases.InValid_Update_Payment_Policy_With_InValid_Token_TC"
Test Description:	"TC037 - Perform Update Payment Policy With Invalid/Expired Token"
################################################################################################################################################
2023-01-12 11:57:06.854 &amp#27;[32m INFO&amp#27;[m &amp#27;[35m[@503 - main]&amp#27;[m &amp#27;[36mcom.shaft.tools.io.ReportManager&amp#27;[m : File Action "DoesFileExist" successfully performed. With the following test data "File Path: "SteeringCompanyAPI_TestData/SteeringCompanyAPI_TestData.xlsx"".
2023-01-12 11:57:06.864 &amp#27;[32m INFO&amp#27;[m &amp#27;[35m[@503 - main]&amp#27;[m &amp#27;[36mcom.shaft.tools.io.ReportManager&amp#27;[m : Successfully created attachment "Test Data - Excel"
2023-01-12 11:57:07.297 &amp#27;[32m INFO&amp#27;[m &amp#27;[35m[@503 - main]&amp#27;[m &amp#27;[36mcom.shaft.tools.io.ReportManager&amp#27;[m : Response status code: "401", status line: "HTTP/1.1 401 "
2023-01-12 11:57:07.300 &amp#27;[32m INFO&amp#27;[m &amp#27;[35m[@503 - main]&amp#27;[m &amp#27;[36mcom.shaft.tools.io.ReportManager&amp#27;[m : Successfully created attachment "API Request - Specifications"
2023-01-12 11:57:07.301 &amp#27;[32m INFO&amp#27;[m &amp#27;[35m[@503 - main]&amp#27;[m &amp#27;[36mcom.shaft.tools.io.ReportManager&amp#27;[m : Successfully created attachment "API Request - JSON Body"
2023-01-12 11:57:07.302 &amp#27;[32m INFO&amp#27;[m &amp#27;[35m[@503 - main]&amp#27;[m &amp#27;[36mcom.shaft.tools.io.ReportManager&amp#27;[m : Successfully created attachment "API Response - JSON Body"
2023-01-12 11:57:07.303 &amp#27;[32m INFO&amp#27;[m &amp#27;[35m[@503 - main]&amp#27;[m &amp#27;[36mcom.shaft.tools.io.ReportManager&amp#27;[m : Successfully created attachment "SHAFT Engine Logs - Current Method log: InValid_Update_Payment_Policy_With_InValid_Token_TC"
]]></system-out>
  </testcase>
  <testcase name="InValid_Update_Payment_Policy_With_InValid_Token_TC[[Ljava.lang.Object;@691a1521](2)" classname="SteeringCompanyAPI_TestCases.Test_Policies_Cases" time="0.456">
    <system-out><![CDATA[2023-01-12 11:57:07.305 &amp#27;[32m INFO&amp#27;[m &amp#27;[35m[@534 - main]&amp#27;[m &amp#27;[36mcom.shaft.tools.io.ReportManager&amp#27;[m : 
################################################################################################################################################
Starting Execution:	"87 out of 56" test cases in the current suite
Test Method:		"SteeringCompanyAPI_TestCases.Test_Policies_Cases.InValid_Update_Payment_Policy_With_InValid_Token_TC"
Test Description:	"TC037 - Perform Update Payment Policy With Invalid/Expired Token"
################################################################################################################################################
2023-01-12 11:57:07.305 &amp#27;[32m INFO&amp#27;[m &amp#27;[35m[@503 - main]&amp#27;[m &amp#27;[36mcom.shaft.tools.io.ReportManager&amp#27;[m : File Action "DoesFileExist" successfully performed. With the following test data "File Path: "SteeringCompanyAPI_TestData/SteeringCompanyAPI_TestData.xlsx"".
2023-01-12 11:57:07.314 &amp#27;[32m INFO&amp#27;[m &amp#27;[35m[@503 - main]&amp#27;[m &amp#27;[36mcom.shaft.tools.io.ReportManager&amp#27;[m : Successfully created attachment "Test Data - Excel"
2023-01-12 11:57:07.752 &amp#27;[32m INFO&amp#27;[m &amp#27;[35m[@503 - main]&amp#27;[m &amp#27;[36mcom.shaft.tools.io.ReportManager&amp#27;[m : Response status code: "401", status line: "HTTP/1.1 401 "
2023-01-12 11:57:07.755 &amp#27;[32m INFO&amp#27;[m &amp#27;[35m[@503 - main]&amp#27;[m &amp#27;[36mcom.shaft.tools.io.ReportManager&amp#27;[m : Successfully created attachment "API Request - Specifications"
2023-01-12 11:57:07.757 &amp#27;[32m INFO&amp#27;[m &amp#27;[35m[@503 - main]&amp#27;[m &amp#27;[36mcom.shaft.tools.io.ReportManager&amp#27;[m : Successfully created attachment "API Request - JSON Body"
2023-01-12 11:57:07.757 &amp#27;[32m INFO&amp#27;[m &amp#27;[35m[@503 - main]&amp#27;[m &amp#27;[36mcom.shaft.tools.io.ReportManager&amp#27;[m : Successfully created attachment "API Response - JSON Body"
2023-01-12 11:57:07.759 &amp#27;[32m INFO&amp#27;[m &amp#27;[35m[@503 - main]&amp#27;[m &amp#27;[36mcom.shaft.tools.io.ReportManager&amp#27;[m : Successfully created attachment "SHAFT Engine Logs - Current Method log: InValid_Update_Payment_Policy_With_InValid_Token_TC"
]]></system-out>
  </testcase>
  <testcase name="InValid_Update_Payment_Policy_With_Missing_Token_TC[[Ljava.lang.Object;@5fe09f92](1)" classname="SteeringCompanyAPI_TestCases.Test_Policies_Cases" time="0.464">
    <system-out><![CDATA[2023-01-12 11:57:07.762 &amp#27;[32m INFO&amp#27;[m &amp#27;[35m[@534 - main]&amp#27;[m &amp#27;[36mcom.shaft.tools.io.ReportManager&amp#27;[m : 
################################################################################################################################################
Starting Execution:	"88 out of 56" test cases in the current suite
Test Method:		"SteeringCompanyAPI_TestCases.Test_Policies_Cases.InValid_Update_Payment_Policy_With_Missing_Token_TC"
Test Description:	"TC036 - Perform Update Payment Policy With Missing Token"
################################################################################################################################################
2023-01-12 11:57:07.762 &amp#27;[32m INFO&amp#27;[m &amp#27;[35m[@503 - main]&amp#27;[m &amp#27;[36mcom.shaft.tools.io.ReportManager&amp#27;[m : File Action "DoesFileExist" successfully performed. With the following test data "File Path: "SteeringCompanyAPI_TestData/SteeringCompanyAPI_TestData.xlsx"".
2023-01-12 11:57:07.772 &amp#27;[32m INFO&amp#27;[m &amp#27;[35m[@503 - main]&amp#27;[m &amp#27;[36mcom.shaft.tools.io.ReportManager&amp#27;[m : Successfully created attachment "Test Data - Excel"
2023-01-12 11:57:08.206 &amp#27;[32m INFO&amp#27;[m &amp#27;[35m[@503 - main]&amp#27;[m &amp#27;[36mcom.shaft.tools.io.ReportManager&amp#27;[m : Response status code: "401", status line: "HTTP/1.1 401 "
2023-01-12 11:57:08.218 &amp#27;[32m INFO&amp#27;[m &amp#27;[35m[@503 - main]&amp#27;[m &amp#27;[36mcom.shaft.tools.io.ReportManager&amp#27;[m : Successfully created attachment "API Request - Specifications"
2023-01-12 11:57:08.219 &amp#27;[32m INFO&amp#27;[m &amp#27;[35m[@503 - main]&amp#27;[m &amp#27;[36mcom.shaft.tools.io.ReportManager&amp#27;[m : Successfully created attachment "API Request - JSON Body"
2023-01-12 11:57:08.220 &amp#27;[32m INFO&amp#27;[m &amp#27;[35m[@503 - main]&amp#27;[m &amp#27;[36mcom.shaft.tools.io.ReportManager&amp#27;[m : Successfully created attachment "API Response - JSON Body"
2023-01-12 11:57:08.220 &amp#27;[32m INFO&amp#27;[m &amp#27;[35m[@503 - main]&amp#27;[m &amp#27;[36mcom.shaft.tools.io.ReportManager&amp#27;[m : File Action "DoesFileExist" successfully performed. With the following test data "File Path: "Schemas/InvalidTokenRequest_Unauthorized_schema.json"".
2023-01-12 11:57:08.220 &amp#27;[32m INFO&amp#27;[m &amp#27;[35m[@503 - main]&amp#27;[m &amp#27;[36mcom.shaft.tools.io.ReportManager&amp#27;[m : File Action "DoesFileExist" successfully performed. With the following test data "File Path: "src/test/resources/testDataFiles/Schemas/InvalidTokenRequest_Unauthorized_schema.json"".
2023-01-12 11:57:08.220 &amp#27;[32m INFO&amp#27;[m &amp#27;[35m[@503 - main]&amp#27;[m &amp#27;[36mcom.shaft.tools.io.ReportManager&amp#27;[m : File Action "GetAbsolutePath" successfully performed. With the following test data "Relative Folder Path: "src/test/resources/testDataFiles/Schemas/InvalidTokenRequest_Unauthorized_schema.json"".
2023-01-12 11:57:08.222 &amp#27;[32m INFO&amp#27;[m &amp#27;[35m[@503 - main]&amp#27;[m &amp#27;[36mcom.shaft.tools.io.ReportManager&amp#27;[m : File Action "DoesFileExist" successfully performed. With the following test data "File Path: "C:\eclipse-workspace\MyProjects\TASystemsAPIs\src\test\resources\testDataFiles\Schemas\InvalidTokenRequest_Unauthorized_schema.json"".
2023-01-12 11:57:08.222 &amp#27;[32m INFO&amp#27;[m &amp#27;[35m[@503 - main]&amp#27;[m &amp#27;[36mcom.shaft.tools.io.ReportManager&amp#27;[m : File Action "GetAbsolutePath" successfully performed. With the following test data "Relative Folder Path: "C:\eclipse-workspace\MyProjects\TASystemsAPIs\src\test\resources\testDataFiles\Schemas\InvalidTokenRequest_Unauthorized_schema.json"".
2023-01-12 11:57:08.222 &amp#27;[32m INFO&amp#27;[m &amp#27;[35m[@503 - main]&amp#27;[m &amp#27;[36mcom.shaft.tools.io.ReportManager&amp#27;[m : File Action "ReadFile" successfully performed. With the following test data "File Path: "C:\eclipse-workspace\MyProjects\TASystemsAPIs\src\test\resources\testDataFiles\Schemas\InvalidTokenRequest_Unauthorized_schema.json"".
2023-01-12 11:57:08.223 &amp#27;[32m INFO&amp#27;[m &amp#27;[35m[@503 - main]&amp#27;[m &amp#27;[36mcom.shaft.tools.io.ReportManager&amp#27;[m : Successfully created attachment "Validation Test Data - Expected JSON Value"
2023-01-12 11:57:08.224 &amp#27;[32m INFO&amp#27;[m &amp#27;[35m[@503 - main]&amp#27;[m &amp#27;[36mcom.shaft.tools.io.ReportManager&amp#27;[m : Successfully created attachment "Validation Test Data - Actual JSON Value"
2023-01-12 11:57:08.224 &amp#27;[32m INFO&amp#27;[m &amp#27;[35m[@503 - main]&amp#27;[m &amp#27;[36mcom.shaft.tools.io.ReportManager&amp#27;[m : Successfully created attachment "SHAFT Engine Logs - Current Method log: InValid_Update_Payment_Policy_With_Missing_Token_TC"
]]></system-out>
  </testcase>
  <testcase name="InValid_Update_Payment_Policy_With_Missing_Token_TC[[Ljava.lang.Object;@6e4a2790](2)" classname="SteeringCompanyAPI_TestCases.Test_Policies_Cases" time="0.482">
    <system-out><![CDATA[2023-01-12 11:57:08.227 &amp#27;[32m INFO&amp#27;[m &amp#27;[35m[@534 - main]&amp#27;[m &amp#27;[36mcom.shaft.tools.io.ReportManager&amp#27;[m : 
################################################################################################################################################
Starting Execution:	"89 out of 56" test cases in the current suite
Test Method:		"SteeringCompanyAPI_TestCases.Test_Policies_Cases.InValid_Update_Payment_Policy_With_Missing_Token_TC"
Test Description:	"TC036 - Perform Update Payment Policy With Missing Token"
################################################################################################################################################
2023-01-12 11:57:08.227 &amp#27;[32m INFO&amp#27;[m &amp#27;[35m[@503 - main]&amp#27;[m &amp#27;[36mcom.shaft.tools.io.ReportManager&amp#27;[m : File Action "DoesFileExist" successfully performed. With the following test data "File Path: "SteeringCompanyAPI_TestData/SteeringCompanyAPI_TestData.xlsx"".
2023-01-12 11:57:08.238 &amp#27;[32m INFO&amp#27;[m &amp#27;[35m[@503 - main]&amp#27;[m &amp#27;[36mcom.shaft.tools.io.ReportManager&amp#27;[m : Successfully created attachment "Test Data - Excel"
2023-01-12 11:57:08.687 &amp#27;[32m INFO&amp#27;[m &amp#27;[35m[@503 - main]&amp#27;[m &amp#27;[36mcom.shaft.tools.io.ReportManager&amp#27;[m : Response status code: "401", status line: "HTTP/1.1 401 "
2023-01-12 11:57:08.700 &amp#27;[32m INFO&amp#27;[m &amp#27;[35m[@503 - main]&amp#27;[m &amp#27;[36mcom.shaft.tools.io.ReportManager&amp#27;[m : Successfully created attachment "API Request - Specifications"
2023-01-12 11:57:08.701 &amp#27;[32m INFO&amp#27;[m &amp#27;[35m[@503 - main]&amp#27;[m &amp#27;[36mcom.shaft.tools.io.ReportManager&amp#27;[m : Successfully created attachment "API Request - JSON Body"
2023-01-12 11:57:08.702 &amp#27;[32m INFO&amp#27;[m &amp#27;[35m[@503 - main]&amp#27;[m &amp#27;[36mcom.shaft.tools.io.ReportManager&amp#27;[m : Successfully created attachment "API Response - JSON Body"
2023-01-12 11:57:08.702 &amp#27;[32m INFO&amp#27;[m &amp#27;[35m[@503 - main]&amp#27;[m &amp#27;[36mcom.shaft.tools.io.ReportManager&amp#27;[m : File Action "DoesFileExist" successfully performed. With the following test data "File Path: "Schemas/InvalidTokenRequest_Unauthorized_schema.json"".
2023-01-12 11:57:08.703 &amp#27;[32m INFO&amp#27;[m &amp#27;[35m[@503 - main]&amp#27;[m &amp#27;[36mcom.shaft.tools.io.ReportManager&amp#27;[m : File Action "DoesFileExist" successfully performed. With the following test data "File Path: "src/test/resources/testDataFiles/Schemas/InvalidTokenRequest_Unauthorized_schema.json"".
2023-01-12 11:57:08.703 &amp#27;[32m INFO&amp#27;[m &amp#27;[35m[@503 - main]&amp#27;[m &amp#27;[36mcom.shaft.tools.io.ReportManager&amp#27;[m : File Action "GetAbsolutePath" successfully performed. With the following test data "Relative Folder Path: "src/test/resources/testDataFiles/Schemas/InvalidTokenRequest_Unauthorized_schema.json"".
2023-01-12 11:57:08.704 &amp#27;[32m INFO&amp#27;[m &amp#27;[35m[@503 - main]&amp#27;[m &amp#27;[36mcom.shaft.tools.io.ReportManager&amp#27;[m : File Action "DoesFileExist" successfully performed. With the following test data "File Path: "C:\eclipse-workspace\MyProjects\TASystemsAPIs\src\test\resources\testDataFiles\Schemas\InvalidTokenRequest_Unauthorized_schema.json"".
2023-01-12 11:57:08.704 &amp#27;[32m INFO&amp#27;[m &amp#27;[35m[@503 - main]&amp#27;[m &amp#27;[36mcom.shaft.tools.io.ReportManager&amp#27;[m : File Action "GetAbsolutePath" successfully performed. With the following test data "Relative Folder Path: "C:\eclipse-workspace\MyProjects\TASystemsAPIs\src\test\resources\testDataFiles\Schemas\InvalidTokenRequest_Unauthorized_schema.json"".
2023-01-12 11:57:08.704 &amp#27;[32m INFO&amp#27;[m &amp#27;[35m[@503 - main]&amp#27;[m &amp#27;[36mcom.shaft.tools.io.ReportManager&amp#27;[m : File Action "ReadFile" successfully performed. With the following test data "File Path: "C:\eclipse-workspace\MyProjects\TASystemsAPIs\src\test\resources\testDataFiles\Schemas\InvalidTokenRequest_Unauthorized_schema.json"".
2023-01-12 11:57:08.705 &amp#27;[32m INFO&amp#27;[m &amp#27;[35m[@503 - main]&amp#27;[m &amp#27;[36mcom.shaft.tools.io.ReportManager&amp#27;[m : Successfully created attachment "Validation Test Data - Expected JSON Value"
2023-01-12 11:57:08.706 &amp#27;[32m INFO&amp#27;[m &amp#27;[35m[@503 - main]&amp#27;[m &amp#27;[36mcom.shaft.tools.io.ReportManager&amp#27;[m : Successfully created attachment "Validation Test Data - Actual JSON Value"
2023-01-12 11:57:08.706 &amp#27;[32m INFO&amp#27;[m &amp#27;[35m[@503 - main]&amp#27;[m &amp#27;[36mcom.shaft.tools.io.ReportManager&amp#27;[m : Successfully created attachment "SHAFT Engine Logs - Current Method log: InValid_Update_Payment_Policy_With_Missing_Token_TC"
]]></system-out>
  </testcase>
  <testcase name="InValid_Update_Tax_Policy_TC[[Ljava.lang.Object;@7772f15d](1)" classname="SteeringCompanyAPI_TestCases.Test_Policies_Cases" time="0.468">
    <system-out><![CDATA[2023-01-12 11:57:08.710 &amp#27;[32m INFO&amp#27;[m &amp#27;[35m[@534 - main]&amp#27;[m &amp#27;[36mcom.shaft.tools.io.ReportManager&amp#27;[m : 
################################################################################################################################################
Starting Execution:	"90 out of 56" test cases in the current suite
Test Method:		"SteeringCompanyAPI_TestCases.Test_Policies_Cases.InValid_Update_Tax_Policy_TC"
Test Description:	"TC032 - Perform Update Tax Policy With Missing Token"
################################################################################################################################################
2023-01-12 11:57:08.710 &amp#27;[32m INFO&amp#27;[m &amp#27;[35m[@503 - main]&amp#27;[m &amp#27;[36mcom.shaft.tools.io.ReportManager&amp#27;[m : File Action "DoesFileExist" successfully performed. With the following test data "File Path: "SteeringCompanyAPI_TestData/SteeringCompanyAPI_TestData.xlsx"".
2023-01-12 11:57:08.725 &amp#27;[32m INFO&amp#27;[m &amp#27;[35m[@503 - main]&amp#27;[m &amp#27;[36mcom.shaft.tools.io.ReportManager&amp#27;[m : Successfully created attachment "Test Data - Excel"
2023-01-12 11:57:09.158 &amp#27;[32m INFO&amp#27;[m &amp#27;[35m[@503 - main]&amp#27;[m &amp#27;[36mcom.shaft.tools.io.ReportManager&amp#27;[m : Response status code: "401", status line: "HTTP/1.1 401 "
2023-01-12 11:57:09.170 &amp#27;[32m INFO&amp#27;[m &amp#27;[35m[@503 - main]&amp#27;[m &amp#27;[36mcom.shaft.tools.io.ReportManager&amp#27;[m : Successfully created attachment "API Request - Specifications"
2023-01-12 11:57:09.170 &amp#27;[32m INFO&amp#27;[m &amp#27;[35m[@503 - main]&amp#27;[m &amp#27;[36mcom.shaft.tools.io.ReportManager&amp#27;[m : Successfully created attachment "API Request - JSON Body"
2023-01-12 11:57:09.171 &amp#27;[32m INFO&amp#27;[m &amp#27;[35m[@503 - main]&amp#27;[m &amp#27;[36mcom.shaft.tools.io.ReportManager&amp#27;[m : Successfully created attachment "API Response - JSON Body"
2023-01-12 11:57:09.172 &amp#27;[32m INFO&amp#27;[m &amp#27;[35m[@503 - main]&amp#27;[m &amp#27;[36mcom.shaft.tools.io.ReportManager&amp#27;[m : File Action "DoesFileExist" successfully performed. With the following test data "File Path: "Schemas/InvalidTokenRequest_Unauthorized_schema.json"".
2023-01-12 11:57:09.172 &amp#27;[32m INFO&amp#27;[m &amp#27;[35m[@503 - main]&amp#27;[m &amp#27;[36mcom.shaft.tools.io.ReportManager&amp#27;[m : File Action "DoesFileExist" successfully performed. With the following test data "File Path: "src/test/resources/testDataFiles/Schemas/InvalidTokenRequest_Unauthorized_schema.json"".
2023-01-12 11:57:09.172 &amp#27;[32m INFO&amp#27;[m &amp#27;[35m[@503 - main]&amp#27;[m &amp#27;[36mcom.shaft.tools.io.ReportManager&amp#27;[m : File Action "GetAbsolutePath" successfully performed. With the following test data "Relative Folder Path: "src/test/resources/testDataFiles/Schemas/InvalidTokenRequest_Unauthorized_schema.json"".
2023-01-12 11:57:09.173 &amp#27;[32m INFO&amp#27;[m &amp#27;[35m[@503 - main]&amp#27;[m &amp#27;[36mcom.shaft.tools.io.ReportManager&amp#27;[m : File Action "DoesFileExist" successfully performed. With the following test data "File Path: "C:\eclipse-workspace\MyProjects\TASystemsAPIs\src\test\resources\testDataFiles\Schemas\InvalidTokenRequest_Unauthorized_schema.json"".
2023-01-12 11:57:09.174 &amp#27;[32m INFO&amp#27;[m &amp#27;[35m[@503 - main]&amp#27;[m &amp#27;[36mcom.shaft.tools.io.ReportManager&amp#27;[m : File Action "GetAbsolutePath" successfully performed. With the following test data "Relative Folder Path: "C:\eclipse-workspace\MyProjects\TASystemsAPIs\src\test\resources\testDataFiles\Schemas\InvalidTokenRequest_Unauthorized_schema.json"".
2023-01-12 11:57:09.174 &amp#27;[32m INFO&amp#27;[m &amp#27;[35m[@503 - main]&amp#27;[m &amp#27;[36mcom.shaft.tools.io.ReportManager&amp#27;[m : File Action "ReadFile" successfully performed. With the following test data "File Path: "C:\eclipse-workspace\MyProjects\TASystemsAPIs\src\test\resources\testDataFiles\Schemas\InvalidTokenRequest_Unauthorized_schema.json"".
2023-01-12 11:57:09.175 &amp#27;[32m INFO&amp#27;[m &amp#27;[35m[@503 - main]&amp#27;[m &amp#27;[36mcom.shaft.tools.io.ReportManager&amp#27;[m : Successfully created attachment "Validation Test Data - Expected JSON Value"
2023-01-12 11:57:09.176 &amp#27;[32m INFO&amp#27;[m &amp#27;[35m[@503 - main]&amp#27;[m &amp#27;[36mcom.shaft.tools.io.ReportManager&amp#27;[m : Successfully created attachment "Validation Test Data - Actual JSON Value"
2023-01-12 11:57:09.176 &amp#27;[32m INFO&amp#27;[m &amp#27;[35m[@503 - main]&amp#27;[m &amp#27;[36mcom.shaft.tools.io.ReportManager&amp#27;[m : Successfully created attachment "SHAFT Engine Logs - Current Method log: InValid_Update_Tax_Policy_TC"
]]></system-out>
  </testcase>
  <testcase name="InValid_Update_Tax_Policy_TC[[Ljava.lang.Object;@19199df](2)" classname="SteeringCompanyAPI_TestCases.Test_Policies_Cases" time="0.468">
    <system-out><![CDATA[2023-01-12 11:57:09.178 &amp#27;[32m INFO&amp#27;[m &amp#27;[35m[@534 - main]&amp#27;[m &amp#27;[36mcom.shaft.tools.io.ReportManager&amp#27;[m : 
################################################################################################################################################
Starting Execution:	"91 out of 56" test cases in the current suite
Test Method:		"SteeringCompanyAPI_TestCases.Test_Policies_Cases.InValid_Update_Tax_Policy_TC"
Test Description:	"TC032 - Perform Update Tax Policy With Missing Token"
################################################################################################################################################
2023-01-12 11:57:09.178 &amp#27;[32m INFO&amp#27;[m &amp#27;[35m[@503 - main]&amp#27;[m &amp#27;[36mcom.shaft.tools.io.ReportManager&amp#27;[m : File Action "DoesFileExist" successfully performed. With the following test data "File Path: "SteeringCompanyAPI_TestData/SteeringCompanyAPI_TestData.xlsx"".
2023-01-12 11:57:09.187 &amp#27;[32m INFO&amp#27;[m &amp#27;[35m[@503 - main]&amp#27;[m &amp#27;[36mcom.shaft.tools.io.ReportManager&amp#27;[m : Successfully created attachment "Test Data - Excel"
2023-01-12 11:57:09.623 &amp#27;[32m INFO&amp#27;[m &amp#27;[35m[@503 - main]&amp#27;[m &amp#27;[36mcom.shaft.tools.io.ReportManager&amp#27;[m : Response status code: "401", status line: "HTTP/1.1 401 "
2023-01-12 11:57:09.638 &amp#27;[32m INFO&amp#27;[m &amp#27;[35m[@503 - main]&amp#27;[m &amp#27;[36mcom.shaft.tools.io.ReportManager&amp#27;[m : Successfully created attachment "API Request - Specifications"
2023-01-12 11:57:09.638 &amp#27;[32m INFO&amp#27;[m &amp#27;[35m[@503 - main]&amp#27;[m &amp#27;[36mcom.shaft.tools.io.ReportManager&amp#27;[m : Successfully created attachment "API Request - JSON Body"
2023-01-12 11:57:09.639 &amp#27;[32m INFO&amp#27;[m &amp#27;[35m[@503 - main]&amp#27;[m &amp#27;[36mcom.shaft.tools.io.ReportManager&amp#27;[m : Successfully created attachment "API Response - JSON Body"
2023-01-12 11:57:09.640 &amp#27;[32m INFO&amp#27;[m &amp#27;[35m[@503 - main]&amp#27;[m &amp#27;[36mcom.shaft.tools.io.ReportManager&amp#27;[m : File Action "DoesFileExist" successfully performed. With the following test data "File Path: "Schemas/InvalidTokenRequest_Unauthorized_schema.json"".
2023-01-12 11:57:09.640 &amp#27;[32m INFO&amp#27;[m &amp#27;[35m[@503 - main]&amp#27;[m &amp#27;[36mcom.shaft.tools.io.ReportManager&amp#27;[m : File Action "DoesFileExist" successfully performed. With the following test data "File Path: "src/test/resources/testDataFiles/Schemas/InvalidTokenRequest_Unauthorized_schema.json"".
2023-01-12 11:57:09.640 &amp#27;[32m INFO&amp#27;[m &amp#27;[35m[@503 - main]&amp#27;[m &amp#27;[36mcom.shaft.tools.io.ReportManager&amp#27;[m : File Action "GetAbsolutePath" successfully performed. With the following test data "Relative Folder Path: "src/test/resources/testDataFiles/Schemas/InvalidTokenRequest_Unauthorized_schema.json"".
2023-01-12 11:57:09.641 &amp#27;[32m INFO&amp#27;[m &amp#27;[35m[@503 - main]&amp#27;[m &amp#27;[36mcom.shaft.tools.io.ReportManager&amp#27;[m : File Action "DoesFileExist" successfully performed. With the following test data "File Path: "C:\eclipse-workspace\MyProjects\TASystemsAPIs\src\test\resources\testDataFiles\Schemas\InvalidTokenRequest_Unauthorized_schema.json"".
2023-01-12 11:57:09.641 &amp#27;[32m INFO&amp#27;[m &amp#27;[35m[@503 - main]&amp#27;[m &amp#27;[36mcom.shaft.tools.io.ReportManager&amp#27;[m : File Action "GetAbsolutePath" successfully performed. With the following test data "Relative Folder Path: "C:\eclipse-workspace\MyProjects\TASystemsAPIs\src\test\resources\testDataFiles\Schemas\InvalidTokenRequest_Unauthorized_schema.json"".
2023-01-12 11:57:09.642 &amp#27;[32m INFO&amp#27;[m &amp#27;[35m[@503 - main]&amp#27;[m &amp#27;[36mcom.shaft.tools.io.ReportManager&amp#27;[m : File Action "ReadFile" successfully performed. With the following test data "File Path: "C:\eclipse-workspace\MyProjects\TASystemsAPIs\src\test\resources\testDataFiles\Schemas\InvalidTokenRequest_Unauthorized_schema.json"".
2023-01-12 11:57:09.643 &amp#27;[32m INFO&amp#27;[m &amp#27;[35m[@503 - main]&amp#27;[m &amp#27;[36mcom.shaft.tools.io.ReportManager&amp#27;[m : Successfully created attachment "Validation Test Data - Expected JSON Value"
2023-01-12 11:57:09.643 &amp#27;[32m INFO&amp#27;[m &amp#27;[35m[@503 - main]&amp#27;[m &amp#27;[36mcom.shaft.tools.io.ReportManager&amp#27;[m : Successfully created attachment "Validation Test Data - Actual JSON Value"
2023-01-12 11:57:09.644 &amp#27;[32m INFO&amp#27;[m &amp#27;[35m[@503 - main]&amp#27;[m &amp#27;[36mcom.shaft.tools.io.ReportManager&amp#27;[m : Successfully created attachment "SHAFT Engine Logs - Current Method log: InValid_Update_Tax_Policy_TC"
]]></system-out>
  </testcase>
  <testcase name="InValid_Update_Tax_Policy_With_InValid_Token_TC[[Ljava.lang.Object;@18bd405b](1)" classname="SteeringCompanyAPI_TestCases.Test_Policies_Cases" time="0.446">
    <system-out><![CDATA[2023-01-12 11:57:09.647 &amp#27;[32m INFO&amp#27;[m &amp#27;[35m[@534 - main]&amp#27;[m &amp#27;[36mcom.shaft.tools.io.ReportManager&amp#27;[m : 
################################################################################################################################################
Starting Execution:	"92 out of 56" test cases in the current suite
Test Method:		"SteeringCompanyAPI_TestCases.Test_Policies_Cases.InValid_Update_Tax_Policy_With_InValid_Token_TC"
Test Description:	"TC033 - Perform Update Tax Policy With Invalid/Expired Token"
################################################################################################################################################
2023-01-12 11:57:09.647 &amp#27;[32m INFO&amp#27;[m &amp#27;[35m[@503 - main]&amp#27;[m &amp#27;[36mcom.shaft.tools.io.ReportManager&amp#27;[m : File Action "DoesFileExist" successfully performed. With the following test data "File Path: "SteeringCompanyAPI_TestData/SteeringCompanyAPI_TestData.xlsx"".
2023-01-12 11:57:09.656 &amp#27;[32m INFO&amp#27;[m &amp#27;[35m[@503 - main]&amp#27;[m &amp#27;[36mcom.shaft.tools.io.ReportManager&amp#27;[m : Successfully created attachment "Test Data - Excel"
2023-01-12 11:57:10.086 &amp#27;[32m INFO&amp#27;[m &amp#27;[35m[@503 - main]&amp#27;[m &amp#27;[36mcom.shaft.tools.io.ReportManager&amp#27;[m : Response status code: "401", status line: "HTTP/1.1 401 "
2023-01-12 11:57:10.088 &amp#27;[32m INFO&amp#27;[m &amp#27;[35m[@503 - main]&amp#27;[m &amp#27;[36mcom.shaft.tools.io.ReportManager&amp#27;[m : Successfully created attachment "API Request - Specifications"
2023-01-12 11:57:10.089 &amp#27;[32m INFO&amp#27;[m &amp#27;[35m[@503 - main]&amp#27;[m &amp#27;[36mcom.shaft.tools.io.ReportManager&amp#27;[m : Successfully created attachment "API Request - JSON Body"
2023-01-12 11:57:10.090 &amp#27;[32m INFO&amp#27;[m &amp#27;[35m[@503 - main]&amp#27;[m &amp#27;[36mcom.shaft.tools.io.ReportManager&amp#27;[m : Successfully created attachment "API Response - JSON Body"
2023-01-12 11:57:10.091 &amp#27;[32m INFO&amp#27;[m &amp#27;[35m[@503 - main]&amp#27;[m &amp#27;[36mcom.shaft.tools.io.ReportManager&amp#27;[m : Successfully created attachment "SHAFT Engine Logs - Current Method log: InValid_Update_Tax_Policy_With_InValid_Token_TC"
]]></system-out>
  </testcase>
  <testcase name="InValid_Update_Tax_Policy_With_InValid_Token_TC[[Ljava.lang.Object;@500bae0b](2)" classname="SteeringCompanyAPI_TestCases.Test_Policies_Cases" time="0.453">
    <system-out><![CDATA[2023-01-12 11:57:10.092 &amp#27;[32m INFO&amp#27;[m &amp#27;[35m[@534 - main]&amp#27;[m &amp#27;[36mcom.shaft.tools.io.ReportManager&amp#27;[m : 
################################################################################################################################################
Starting Execution:	"93 out of 56" test cases in the current suite
Test Method:		"SteeringCompanyAPI_TestCases.Test_Policies_Cases.InValid_Update_Tax_Policy_With_InValid_Token_TC"
Test Description:	"TC033 - Perform Update Tax Policy With Invalid/Expired Token"
################################################################################################################################################
2023-01-12 11:57:10.093 &amp#27;[32m INFO&amp#27;[m &amp#27;[35m[@503 - main]&amp#27;[m &amp#27;[36mcom.shaft.tools.io.ReportManager&amp#27;[m : File Action "DoesFileExist" successfully performed. With the following test data "File Path: "SteeringCompanyAPI_TestData/SteeringCompanyAPI_TestData.xlsx"".
2023-01-12 11:57:10.102 &amp#27;[32m INFO&amp#27;[m &amp#27;[35m[@503 - main]&amp#27;[m &amp#27;[36mcom.shaft.tools.io.ReportManager&amp#27;[m : Successfully created attachment "Test Data - Excel"
2023-01-12 11:57:10.539 &amp#27;[32m INFO&amp#27;[m &amp#27;[35m[@503 - main]&amp#27;[m &amp#27;[36mcom.shaft.tools.io.ReportManager&amp#27;[m : Response status code: "401", status line: "HTTP/1.1 401 "
2023-01-12 11:57:10.541 &amp#27;[32m INFO&amp#27;[m &amp#27;[35m[@503 - main]&amp#27;[m &amp#27;[36mcom.shaft.tools.io.ReportManager&amp#27;[m : Successfully created attachment "API Request - Specifications"
2023-01-12 11:57:10.542 &amp#27;[32m INFO&amp#27;[m &amp#27;[35m[@503 - main]&amp#27;[m &amp#27;[36mcom.shaft.tools.io.ReportManager&amp#27;[m : Successfully created attachment "API Request - JSON Body"
2023-01-12 11:57:10.542 &amp#27;[32m INFO&amp#27;[m &amp#27;[35m[@503 - main]&amp#27;[m &amp#27;[36mcom.shaft.tools.io.ReportManager&amp#27;[m : Successfully created attachment "API Response - JSON Body"
2023-01-12 11:57:10.543 &amp#27;[32m INFO&amp#27;[m &amp#27;[35m[@503 - main]&amp#27;[m &amp#27;[36mcom.shaft.tools.io.ReportManager&amp#27;[m : Successfully created attachment "SHAFT Engine Logs - Current Method log: InValid_Update_Tax_Policy_With_InValid_Token_TC"
]]></system-out>
  </testcase>
  <testcase name="InValid_Update_Usage_Policy_With_Invalid_Token_TC[[Ljava.lang.Object;@18370c6f](1)" classname="SteeringCompanyAPI_TestCases.Test_Policies_Cases" time="0.458">
    <system-out><![CDATA[2023-01-12 11:57:10.547 &amp#27;[32m INFO&amp#27;[m &amp#27;[35m[@534 - main]&amp#27;[m &amp#27;[36mcom.shaft.tools.io.ReportManager&amp#27;[m : 
################################################################################################################################################
Starting Execution:	"94 out of 56" test cases in the current suite
Test Method:		"SteeringCompanyAPI_TestCases.Test_Policies_Cases.InValid_Update_Usage_Policy_With_Invalid_Token_TC"
Test Description:	"TC035 - Perform Update Usage Policy With Invalid/Expired Token"
################################################################################################################################################
2023-01-12 11:57:10.547 &amp#27;[32m INFO&amp#27;[m &amp#27;[35m[@503 - main]&amp#27;[m &amp#27;[36mcom.shaft.tools.io.ReportManager&amp#27;[m : File Action "DoesFileExist" successfully performed. With the following test data "File Path: "SteeringCompanyAPI_TestData/SteeringCompanyAPI_TestData.xlsx"".
2023-01-12 11:57:10.556 &amp#27;[32m INFO&amp#27;[m &amp#27;[35m[@503 - main]&amp#27;[m &amp#27;[36mcom.shaft.tools.io.ReportManager&amp#27;[m : Successfully created attachment "Test Data - Excel"
2023-01-12 11:57:10.998 &amp#27;[32m INFO&amp#27;[m &amp#27;[35m[@503 - main]&amp#27;[m &amp#27;[36mcom.shaft.tools.io.ReportManager&amp#27;[m : Response status code: "401", status line: "HTTP/1.1 401 "
2023-01-12 11:57:11.000 &amp#27;[32m INFO&amp#27;[m &amp#27;[35m[@503 - main]&amp#27;[m &amp#27;[36mcom.shaft.tools.io.ReportManager&amp#27;[m : Successfully created attachment "API Request - Specifications"
2023-01-12 11:57:11.001 &amp#27;[32m INFO&amp#27;[m &amp#27;[35m[@503 - main]&amp#27;[m &amp#27;[36mcom.shaft.tools.io.ReportManager&amp#27;[m : Successfully created attachment "API Request - JSON Body"
2023-01-12 11:57:11.002 &amp#27;[32m INFO&amp#27;[m &amp#27;[35m[@503 - main]&amp#27;[m &amp#27;[36mcom.shaft.tools.io.ReportManager&amp#27;[m : Successfully created attachment "API Response - JSON Body"
2023-01-12 11:57:11.003 &amp#27;[32m INFO&amp#27;[m &amp#27;[35m[@503 - main]&amp#27;[m &amp#27;[36mcom.shaft.tools.io.ReportManager&amp#27;[m : Successfully created attachment "SHAFT Engine Logs - Current Method log: InValid_Update_Usage_Policy_With_Invalid_Token_TC"
]]></system-out>
  </testcase>
  <testcase name="InValid_Update_Usage_Policy_With_Invalid_Token_TC[[Ljava.lang.Object;@8ebfdbf](2)" classname="SteeringCompanyAPI_TestCases.Test_Policies_Cases" time="0.439">
    <system-out><![CDATA[2023-01-12 11:57:11.006 &amp#27;[32m INFO&amp#27;[m &amp#27;[35m[@534 - main]&amp#27;[m &amp#27;[36mcom.shaft.tools.io.ReportManager&amp#27;[m : 
################################################################################################################################################
Starting Execution:	"95 out of 56" test cases in the current suite
Test Method:		"SteeringCompanyAPI_TestCases.Test_Policies_Cases.InValid_Update_Usage_Policy_With_Invalid_Token_TC"
Test Description:	"TC035 - Perform Update Usage Policy With Invalid/Expired Token"
################################################################################################################################################
2023-01-12 11:57:11.006 &amp#27;[32m INFO&amp#27;[m &amp#27;[35m[@503 - main]&amp#27;[m &amp#27;[36mcom.shaft.tools.io.ReportManager&amp#27;[m : File Action "DoesFileExist" successfully performed. With the following test data "File Path: "SteeringCompanyAPI_TestData/SteeringCompanyAPI_TestData.xlsx"".
2023-01-12 11:57:11.015 &amp#27;[32m INFO&amp#27;[m &amp#27;[35m[@503 - main]&amp#27;[m &amp#27;[36mcom.shaft.tools.io.ReportManager&amp#27;[m : Successfully created attachment "Test Data - Excel"
2023-01-12 11:57:11.440 &amp#27;[32m INFO&amp#27;[m &amp#27;[35m[@503 - main]&amp#27;[m &amp#27;[36mcom.shaft.tools.io.ReportManager&amp#27;[m : Response status code: "401", status line: "HTTP/1.1 401 "
2023-01-12 11:57:11.441 &amp#27;[32m INFO&amp#27;[m &amp#27;[35m[@503 - main]&amp#27;[m &amp#27;[36mcom.shaft.tools.io.ReportManager&amp#27;[m : Successfully created attachment "API Request - Specifications"
2023-01-12 11:57:11.442 &amp#27;[32m INFO&amp#27;[m &amp#27;[35m[@503 - main]&amp#27;[m &amp#27;[36mcom.shaft.tools.io.ReportManager&amp#27;[m : Successfully created attachment "API Request - JSON Body"
2023-01-12 11:57:11.442 &amp#27;[32m INFO&amp#27;[m &amp#27;[35m[@503 - main]&amp#27;[m &amp#27;[36mcom.shaft.tools.io.ReportManager&amp#27;[m : Successfully created attachment "API Response - JSON Body"
2023-01-12 11:57:11.442 &amp#27;[32m INFO&amp#27;[m &amp#27;[35m[@503 - main]&amp#27;[m &amp#27;[36mcom.shaft.tools.io.ReportManager&amp#27;[m : Successfully created attachment "SHAFT Engine Logs - Current Method log: InValid_Update_Usage_Policy_With_Invalid_Token_TC"
]]></system-out>
  </testcase>
  <testcase name="InValid_Update_Usage_Policy_With_Missing_Token_TC[[Ljava.lang.Object;@28839977](1)" classname="SteeringCompanyAPI_TestCases.Test_Policies_Cases" time="0.472">
    <system-out><![CDATA[2023-01-12 11:57:11.445 &amp#27;[32m INFO&amp#27;[m &amp#27;[35m[@534 - main]&amp#27;[m &amp#27;[36mcom.shaft.tools.io.ReportManager&amp#27;[m : 
################################################################################################################################################
Starting Execution:	"96 out of 56" test cases in the current suite
Test Method:		"SteeringCompanyAPI_TestCases.Test_Policies_Cases.InValid_Update_Usage_Policy_With_Missing_Token_TC"
Test Description:	"TC034 - Perform Update Usage Policy With Missing Token"
################################################################################################################################################
2023-01-12 11:57:11.445 &amp#27;[32m INFO&amp#27;[m &amp#27;[35m[@503 - main]&amp#27;[m &amp#27;[36mcom.shaft.tools.io.ReportManager&amp#27;[m : File Action "DoesFileExist" successfully performed. With the following test data "File Path: "SteeringCompanyAPI_TestData/SteeringCompanyAPI_TestData.xlsx"".
2023-01-12 11:57:11.455 &amp#27;[32m INFO&amp#27;[m &amp#27;[35m[@503 - main]&amp#27;[m &amp#27;[36mcom.shaft.tools.io.ReportManager&amp#27;[m : Successfully created attachment "Test Data - Excel"
2023-01-12 11:57:11.897 &amp#27;[32m INFO&amp#27;[m &amp#27;[35m[@503 - main]&amp#27;[m &amp#27;[36mcom.shaft.tools.io.ReportManager&amp#27;[m : Response status code: "401", status line: "HTTP/1.1 401 "
2023-01-12 11:57:11.908 &amp#27;[32m INFO&amp#27;[m &amp#27;[35m[@503 - main]&amp#27;[m &amp#27;[36mcom.shaft.tools.io.ReportManager&amp#27;[m : Successfully created attachment "API Request - Specifications"
2023-01-12 11:57:11.908 &amp#27;[32m INFO&amp#27;[m &amp#27;[35m[@503 - main]&amp#27;[m &amp#27;[36mcom.shaft.tools.io.ReportManager&amp#27;[m : Successfully created attachment "API Request - JSON Body"
2023-01-12 11:57:11.909 &amp#27;[32m INFO&amp#27;[m &amp#27;[35m[@503 - main]&amp#27;[m &amp#27;[36mcom.shaft.tools.io.ReportManager&amp#27;[m : Successfully created attachment "API Response - JSON Body"
2023-01-12 11:57:11.909 &amp#27;[32m INFO&amp#27;[m &amp#27;[35m[@503 - main]&amp#27;[m &amp#27;[36mcom.shaft.tools.io.ReportManager&amp#27;[m : File Action "DoesFileExist" successfully performed. With the following test data "File Path: "Schemas/InvalidTokenRequest_Unauthorized_schema.json"".
2023-01-12 11:57:11.909 &amp#27;[32m INFO&amp#27;[m &amp#27;[35m[@503 - main]&amp#27;[m &amp#27;[36mcom.shaft.tools.io.ReportManager&amp#27;[m : File Action "DoesFileExist" successfully performed. With the following test data "File Path: "src/test/resources/testDataFiles/Schemas/InvalidTokenRequest_Unauthorized_schema.json"".
2023-01-12 11:57:11.909 &amp#27;[32m INFO&amp#27;[m &amp#27;[35m[@503 - main]&amp#27;[m &amp#27;[36mcom.shaft.tools.io.ReportManager&amp#27;[m : File Action "GetAbsolutePath" successfully performed. With the following test data "Relative Folder Path: "src/test/resources/testDataFiles/Schemas/InvalidTokenRequest_Unauthorized_schema.json"".
2023-01-12 11:57:11.912 &amp#27;[32m INFO&amp#27;[m &amp#27;[35m[@503 - main]&amp#27;[m &amp#27;[36mcom.shaft.tools.io.ReportManager&amp#27;[m : File Action "DoesFileExist" successfully performed. With the following test data "File Path: "C:\eclipse-workspace\MyProjects\TASystemsAPIs\src\test\resources\testDataFiles\Schemas\InvalidTokenRequest_Unauthorized_schema.json"".
2023-01-12 11:57:11.912 &amp#27;[32m INFO&amp#27;[m &amp#27;[35m[@503 - main]&amp#27;[m &amp#27;[36mcom.shaft.tools.io.ReportManager&amp#27;[m : File Action "GetAbsolutePath" successfully performed. With the following test data "Relative Folder Path: "C:\eclipse-workspace\MyProjects\TASystemsAPIs\src\test\resources\testDataFiles\Schemas\InvalidTokenRequest_Unauthorized_schema.json"".
2023-01-12 11:57:11.913 &amp#27;[32m INFO&amp#27;[m &amp#27;[35m[@503 - main]&amp#27;[m &amp#27;[36mcom.shaft.tools.io.ReportManager&amp#27;[m : File Action "ReadFile" successfully performed. With the following test data "File Path: "C:\eclipse-workspace\MyProjects\TASystemsAPIs\src\test\resources\testDataFiles\Schemas\InvalidTokenRequest_Unauthorized_schema.json"".
2023-01-12 11:57:11.914 &amp#27;[32m INFO&amp#27;[m &amp#27;[35m[@503 - main]&amp#27;[m &amp#27;[36mcom.shaft.tools.io.ReportManager&amp#27;[m : Successfully created attachment "Validation Test Data - Expected JSON Value"
2023-01-12 11:57:11.915 &amp#27;[32m INFO&amp#27;[m &amp#27;[35m[@503 - main]&amp#27;[m &amp#27;[36mcom.shaft.tools.io.ReportManager&amp#27;[m : Successfully created attachment "Validation Test Data - Actual JSON Value"
2023-01-12 11:57:11.915 &amp#27;[32m INFO&amp#27;[m &amp#27;[35m[@503 - main]&amp#27;[m &amp#27;[36mcom.shaft.tools.io.ReportManager&amp#27;[m : Successfully created attachment "SHAFT Engine Logs - Current Method log: InValid_Update_Usage_Policy_With_Missing_Token_TC"
]]></system-out>
  </testcase>
  <testcase name="InValid_Update_Usage_Policy_With_Missing_Token_TC[[Ljava.lang.Object;@26683409](2)" classname="SteeringCompanyAPI_TestCases.Test_Policies_Cases" time="0.464">
    <system-out><![CDATA[2023-01-12 11:57:11.917 &amp#27;[32m INFO&amp#27;[m &amp#27;[35m[@534 - main]&amp#27;[m &amp#27;[36mcom.shaft.tools.io.ReportManager&amp#27;[m : 
################################################################################################################################################
Starting Execution:	"97 out of 56" test cases in the current suite
Test Method:		"SteeringCompanyAPI_TestCases.Test_Policies_Cases.InValid_Update_Usage_Policy_With_Missing_Token_TC"
Test Description:	"TC034 - Perform Update Usage Policy With Missing Token"
################################################################################################################################################
2023-01-12 11:57:11.918 &amp#27;[32m INFO&amp#27;[m &amp#27;[35m[@503 - main]&amp#27;[m &amp#27;[36mcom.shaft.tools.io.ReportManager&amp#27;[m : File Action "DoesFileExist" successfully performed. With the following test data "File Path: "SteeringCompanyAPI_TestData/SteeringCompanyAPI_TestData.xlsx"".
2023-01-12 11:57:11.930 &amp#27;[32m INFO&amp#27;[m &amp#27;[35m[@503 - main]&amp#27;[m &amp#27;[36mcom.shaft.tools.io.ReportManager&amp#27;[m : Successfully created attachment "Test Data - Excel"
2023-01-12 11:57:12.361 &amp#27;[32m INFO&amp#27;[m &amp#27;[35m[@503 - main]&amp#27;[m &amp#27;[36mcom.shaft.tools.io.ReportManager&amp#27;[m : Response status code: "401", status line: "HTTP/1.1 401 "
2023-01-12 11:57:12.374 &amp#27;[32m INFO&amp#27;[m &amp#27;[35m[@503 - main]&amp#27;[m &amp#27;[36mcom.shaft.tools.io.ReportManager&amp#27;[m : Successfully created attachment "API Request - Specifications"
2023-01-12 11:57:12.375 &amp#27;[32m INFO&amp#27;[m &amp#27;[35m[@503 - main]&amp#27;[m &amp#27;[36mcom.shaft.tools.io.ReportManager&amp#27;[m : Successfully created attachment "API Request - JSON Body"
2023-01-12 11:57:12.375 &amp#27;[32m INFO&amp#27;[m &amp#27;[35m[@503 - main]&amp#27;[m &amp#27;[36mcom.shaft.tools.io.ReportManager&amp#27;[m : Successfully created attachment "API Response - JSON Body"
2023-01-12 11:57:12.376 &amp#27;[32m INFO&amp#27;[m &amp#27;[35m[@503 - main]&amp#27;[m &amp#27;[36mcom.shaft.tools.io.ReportManager&amp#27;[m : File Action "DoesFileExist" successfully performed. With the following test data "File Path: "Schemas/InvalidTokenRequest_Unauthorized_schema.json"".
2023-01-12 11:57:12.376 &amp#27;[32m INFO&amp#27;[m &amp#27;[35m[@503 - main]&amp#27;[m &amp#27;[36mcom.shaft.tools.io.ReportManager&amp#27;[m : File Action "DoesFileExist" successfully performed. With the following test data "File Path: "src/test/resources/testDataFiles/Schemas/InvalidTokenRequest_Unauthorized_schema.json"".
2023-01-12 11:57:12.376 &amp#27;[32m INFO&amp#27;[m &amp#27;[35m[@503 - main]&amp#27;[m &amp#27;[36mcom.shaft.tools.io.ReportManager&amp#27;[m : File Action "GetAbsolutePath" successfully performed. With the following test data "Relative Folder Path: "src/test/resources/testDataFiles/Schemas/InvalidTokenRequest_Unauthorized_schema.json"".
2023-01-12 11:57:12.377 &amp#27;[32m INFO&amp#27;[m &amp#27;[35m[@503 - main]&amp#27;[m &amp#27;[36mcom.shaft.tools.io.ReportManager&amp#27;[m : File Action "DoesFileExist" successfully performed. With the following test data "File Path: "C:\eclipse-workspace\MyProjects\TASystemsAPIs\src\test\resources\testDataFiles\Schemas\InvalidTokenRequest_Unauthorized_schema.json"".
2023-01-12 11:57:12.377 &amp#27;[32m INFO&amp#27;[m &amp#27;[35m[@503 - main]&amp#27;[m &amp#27;[36mcom.shaft.tools.io.ReportManager&amp#27;[m : File Action "GetAbsolutePath" successfully performed. With the following test data "Relative Folder Path: "C:\eclipse-workspace\MyProjects\TASystemsAPIs\src\test\resources\testDataFiles\Schemas\InvalidTokenRequest_Unauthorized_schema.json"".
2023-01-12 11:57:12.378 &amp#27;[32m INFO&amp#27;[m &amp#27;[35m[@503 - main]&amp#27;[m &amp#27;[36mcom.shaft.tools.io.ReportManager&amp#27;[m : File Action "ReadFile" successfully performed. With the following test data "File Path: "C:\eclipse-workspace\MyProjects\TASystemsAPIs\src\test\resources\testDataFiles\Schemas\InvalidTokenRequest_Unauthorized_schema.json"".
2023-01-12 11:57:12.379 &amp#27;[32m INFO&amp#27;[m &amp#27;[35m[@503 - main]&amp#27;[m &amp#27;[36mcom.shaft.tools.io.ReportManager&amp#27;[m : Successfully created attachment "Validation Test Data - Expected JSON Value"
2023-01-12 11:57:12.379 &amp#27;[32m INFO&amp#27;[m &amp#27;[35m[@503 - main]&amp#27;[m &amp#27;[36mcom.shaft.tools.io.ReportManager&amp#27;[m : Successfully created attachment "Validation Test Data - Actual JSON Value"
2023-01-12 11:57:12.380 &amp#27;[32m INFO&amp#27;[m &amp#27;[35m[@503 - main]&amp#27;[m &amp#27;[36mcom.shaft.tools.io.ReportManager&amp#27;[m : Successfully created attachment "SHAFT Engine Logs - Current Method log: InValid_Update_Usage_Policy_With_Missing_Token_TC"
]]></system-out>
  </testcase>
  <testcase name="Invalid_GET_all_Policies_with_invalid_Token_TC" classname="SteeringCompanyAPI_TestCases.Test_Policies_Cases" time="1.039">
    <system-out><![CDATA[2023-01-12 11:57:12.382 &amp#27;[32m INFO&amp#27;[m &amp#27;[35m[@534 - main]&amp#27;[m &amp#27;[36mcom.shaft.tools.io.ReportManager&amp#27;[m : 
################################################################################################################################################
Starting Execution:	"98 out of 56" test cases in the current suite
Test Method:		"SteeringCompanyAPI_TestCases.Test_Policies_Cases.Invalid_GET_all_Policies_with_invalid_Token_TC"
Test Description:	"TC004 - Perform Get all Policies API with invalid or expired Token"
################################################################################################################################################
2023-01-12 11:57:12.382 &amp#27;[32m INFO&amp#27;[m &amp#27;[35m[@503 - main]&amp#27;[m &amp#27;[36mcom.shaft.tools.io.ReportManager&amp#27;[m : File Action "DoesFileExist" successfully performed. With the following test data "File Path: "SteeringCompanyAPI_TestData/SteeringCompanyAPI_TestData.xlsx"".
2023-01-12 11:57:12.391 &amp#27;[32m INFO&amp#27;[m &amp#27;[35m[@503 - main]&amp#27;[m &amp#27;[36mcom.shaft.tools.io.ReportManager&amp#27;[m : Successfully created attachment "Test Data - Excel"
2023-01-12 11:57:12.967 &amp#27;[32m INFO&amp#27;[m &amp#27;[35m[@503 - main]&amp#27;[m &amp#27;[36mcom.shaft.tools.io.ReportManager&amp#27;[m : Response status code: "200", status line: "HTTP/1.1 200 OK"
2023-01-12 11:57:12.978 &amp#27;[32m INFO&amp#27;[m &amp#27;[35m[@503 - main]&amp#27;[m &amp#27;[36mcom.shaft.tools.io.ReportManager&amp#27;[m : Successfully created attachment "API Request - Specifications"
2023-01-12 11:57:12.978 &amp#27;[32m INFO&amp#27;[m &amp#27;[35m[@503 - main]&amp#27;[m &amp#27;[36mcom.shaft.tools.io.ReportManager&amp#27;[m : Successfully created attachment "API Request - Body"
2023-01-12 11:57:12.979 &amp#27;[32m INFO&amp#27;[m &amp#27;[35m[@503 - main]&amp#27;[m &amp#27;[36mcom.shaft.tools.io.ReportManager&amp#27;[m : Successfully created attachment "API Response - JSON Body"
2023-01-12 11:57:12.979 &amp#27;[32m INFO&amp#27;[m &amp#27;[35m[@503 - main]&amp#27;[m &amp#27;[36mcom.shaft.tools.io.ReportManager&amp#27;[m : File Action "DoesFileExist" successfully performed. With the following test data "File Path: "SteeringCompanyAPI_TestData/SteeringCompanyAPI_TestData.xlsx"".
2023-01-12 11:57:12.988 &amp#27;[32m INFO&amp#27;[m &amp#27;[35m[@503 - main]&amp#27;[m &amp#27;[36mcom.shaft.tools.io.ReportManager&amp#27;[m : Successfully created attachment "Test Data - Excel"
2023-01-12 11:57:13.413 &amp#27;[32m INFO&amp#27;[m &amp#27;[35m[@503 - main]&amp#27;[m &amp#27;[36mcom.shaft.tools.io.ReportManager&amp#27;[m : Response status code: "401", status line: "HTTP/1.1 401 "
2023-01-12 11:57:13.415 &amp#27;[32m INFO&amp#27;[m &amp#27;[35m[@503 - main]&amp#27;[m &amp#27;[36mcom.shaft.tools.io.ReportManager&amp#27;[m : Successfully created attachment "API Request - Specifications"
2023-01-12 11:57:13.416 &amp#27;[32m INFO&amp#27;[m &amp#27;[35m[@503 - main]&amp#27;[m &amp#27;[36mcom.shaft.tools.io.ReportManager&amp#27;[m : Successfully created attachment "API Response - JSON Body"
2023-01-12 11:57:13.418 &amp#27;[32m INFO&amp#27;[m &amp#27;[35m[@503 - main]&amp#27;[m &amp#27;[36mcom.shaft.tools.io.ReportManager&amp#27;[m : Successfully created attachment "SHAFT Engine Logs - Current Method log: Invalid_GET_all_Policies_with_invalid_Token_TC"
]]></system-out>
  </testcase>
  <testcase name="Invalid_GET_all_Policies_with_missing_Token_TC" classname="SteeringCompanyAPI_TestCases.Test_Policies_Cases" time="1.056">
    <system-out><![CDATA[2023-01-12 11:57:13.420 &amp#27;[32m INFO&amp#27;[m &amp#27;[35m[@534 - main]&amp#27;[m &amp#27;[36mcom.shaft.tools.io.ReportManager&amp#27;[m : 
################################################################################################################################################
Starting Execution:	"99 out of 56" test cases in the current suite
Test Method:		"SteeringCompanyAPI_TestCases.Test_Policies_Cases.Invalid_GET_all_Policies_with_missing_Token_TC"
Test Description:	"TC003 - Perform Get all Policies API with missing Token"
################################################################################################################################################
2023-01-12 11:57:13.420 &amp#27;[32m INFO&amp#27;[m &amp#27;[35m[@503 - main]&amp#27;[m &amp#27;[36mcom.shaft.tools.io.ReportManager&amp#27;[m : File Action "DoesFileExist" successfully performed. With the following test data "File Path: "SteeringCompanyAPI_TestData/SteeringCompanyAPI_TestData.xlsx"".
2023-01-12 11:57:13.436 &amp#27;[32m INFO&amp#27;[m &amp#27;[35m[@503 - main]&amp#27;[m &amp#27;[36mcom.shaft.tools.io.ReportManager&amp#27;[m : Successfully created attachment "Test Data - Excel"
2023-01-12 11:57:13.998 &amp#27;[32m INFO&amp#27;[m &amp#27;[35m[@503 - main]&amp#27;[m &amp#27;[36mcom.shaft.tools.io.ReportManager&amp#27;[m : Response status code: "200", status line: "HTTP/1.1 200 OK"
2023-01-12 11:57:14.011 &amp#27;[32m INFO&amp#27;[m &amp#27;[35m[@503 - main]&amp#27;[m &amp#27;[36mcom.shaft.tools.io.ReportManager&amp#27;[m : Successfully created attachment "API Request - Specifications"
2023-01-12 11:57:14.011 &amp#27;[32m INFO&amp#27;[m &amp#27;[35m[@503 - main]&amp#27;[m &amp#27;[36mcom.shaft.tools.io.ReportManager&amp#27;[m : Successfully created attachment "API Request - Body"
2023-01-12 11:57:14.012 &amp#27;[32m INFO&amp#27;[m &amp#27;[35m[@503 - main]&amp#27;[m &amp#27;[36mcom.shaft.tools.io.ReportManager&amp#27;[m : Successfully created attachment "API Response - JSON Body"
2023-01-12 11:57:14.012 &amp#27;[32m INFO&amp#27;[m &amp#27;[35m[@503 - main]&amp#27;[m &amp#27;[36mcom.shaft.tools.io.ReportManager&amp#27;[m : File Action "DoesFileExist" successfully performed. With the following test data "File Path: "SteeringCompanyAPI_TestData/SteeringCompanyAPI_TestData.xlsx"".
2023-01-12 11:57:14.025 &amp#27;[32m INFO&amp#27;[m &amp#27;[35m[@503 - main]&amp#27;[m &amp#27;[36mcom.shaft.tools.io.ReportManager&amp#27;[m : Successfully created attachment "Test Data - Excel"
2023-01-12 11:57:14.458 &amp#27;[32m INFO&amp#27;[m &amp#27;[35m[@503 - main]&amp#27;[m &amp#27;[36mcom.shaft.tools.io.ReportManager&amp#27;[m : Response status code: "401", status line: "HTTP/1.1 401 "
2023-01-12 11:57:14.467 &amp#27;[32m INFO&amp#27;[m &amp#27;[35m[@503 - main]&amp#27;[m &amp#27;[36mcom.shaft.tools.io.ReportManager&amp#27;[m : Successfully created attachment "API Request - Specifications"
2023-01-12 11:57:14.467 &amp#27;[32m INFO&amp#27;[m &amp#27;[35m[@503 - main]&amp#27;[m &amp#27;[36mcom.shaft.tools.io.ReportManager&amp#27;[m : Successfully created attachment "API Response - JSON Body"
2023-01-12 11:57:14.468 &amp#27;[32m INFO&amp#27;[m &amp#27;[35m[@503 - main]&amp#27;[m &amp#27;[36mcom.shaft.tools.io.ReportManager&amp#27;[m : File Action "DoesFileExist" successfully performed. With the following test data "File Path: "Schemas/InvalidTokenRequest_Unauthorized_schema.json"".
2023-01-12 11:57:14.468 &amp#27;[32m INFO&amp#27;[m &amp#27;[35m[@503 - main]&amp#27;[m &amp#27;[36mcom.shaft.tools.io.ReportManager&amp#27;[m : File Action "DoesFileExist" successfully performed. With the following test data "File Path: "src/test/resources/testDataFiles/Schemas/InvalidTokenRequest_Unauthorized_schema.json"".
2023-01-12 11:57:14.468 &amp#27;[32m INFO&amp#27;[m &amp#27;[35m[@503 - main]&amp#27;[m &amp#27;[36mcom.shaft.tools.io.ReportManager&amp#27;[m : File Action "GetAbsolutePath" successfully performed. With the following test data "Relative Folder Path: "src/test/resources/testDataFiles/Schemas/InvalidTokenRequest_Unauthorized_schema.json"".
2023-01-12 11:57:14.471 &amp#27;[32m INFO&amp#27;[m &amp#27;[35m[@503 - main]&amp#27;[m &amp#27;[36mcom.shaft.tools.io.ReportManager&amp#27;[m : File Action "DoesFileExist" successfully performed. With the following test data "File Path: "C:\eclipse-workspace\MyProjects\TASystemsAPIs\src\test\resources\testDataFiles\Schemas\InvalidTokenRequest_Unauthorized_schema.json"".
2023-01-12 11:57:14.472 &amp#27;[32m INFO&amp#27;[m &amp#27;[35m[@503 - main]&amp#27;[m &amp#27;[36mcom.shaft.tools.io.ReportManager&amp#27;[m : File Action "GetAbsolutePath" successfully performed. With the following test data "Relative Folder Path: "C:\eclipse-workspace\MyProjects\TASystemsAPIs\src\test\resources\testDataFiles\Schemas\InvalidTokenRequest_Unauthorized_schema.json"".
2023-01-12 11:57:14.472 &amp#27;[32m INFO&amp#27;[m &amp#27;[35m[@503 - main]&amp#27;[m &amp#27;[36mcom.shaft.tools.io.ReportManager&amp#27;[m : File Action "ReadFile" successfully performed. With the following test data "File Path: "C:\eclipse-workspace\MyProjects\TASystemsAPIs\src\test\resources\testDataFiles\Schemas\InvalidTokenRequest_Unauthorized_schema.json"".
2023-01-12 11:57:14.474 &amp#27;[32m INFO&amp#27;[m &amp#27;[35m[@503 - main]&amp#27;[m &amp#27;[36mcom.shaft.tools.io.ReportManager&amp#27;[m : Successfully created attachment "Validation Test Data - Expected JSON Value"
2023-01-12 11:57:14.475 &amp#27;[32m INFO&amp#27;[m &amp#27;[35m[@503 - main]&amp#27;[m &amp#27;[36mcom.shaft.tools.io.ReportManager&amp#27;[m : Successfully created attachment "Validation Test Data - Actual JSON Value"
2023-01-12 11:57:14.475 &amp#27;[32m INFO&amp#27;[m &amp#27;[35m[@503 - main]&amp#27;[m &amp#27;[36mcom.shaft.tools.io.ReportManager&amp#27;[m : Successfully created attachment "SHAFT Engine Logs - Current Method log: Invalid_GET_all_Policies_with_missing_Token_TC"
]]></system-out>
  </testcase>
  <testcase name="Update_Policy_With_Missing_Keys_TC[[Ljava.lang.Object;@224876e9](1)" classname="SteeringCompanyAPI_TestCases.Test_Policies_Cases" time="1.073">
    <system-out><![CDATA[2023-01-12 11:57:14.489 &amp#27;[32m INFO&amp#27;[m &amp#27;[35m[@534 - main]&amp#27;[m &amp#27;[36mcom.shaft.tools.io.ReportManager&amp#27;[m : 
################################################################################################################################################
Starting Execution:	"100 out of 56" test cases in the current suite
Test Method:		"SteeringCompanyAPI_TestCases.Test_Policies_Cases.Update_Policy_With_Missing_Keys_TC"
Test Description:	"TC051 - Perform Update Policy with Missing Keys"
################################################################################################################################################
2023-01-12 11:57:14.489 &amp#27;[32m INFO&amp#27;[m &amp#27;[35m[@503 - main]&amp#27;[m &amp#27;[36mcom.shaft.tools.io.ReportManager&amp#27;[m : File Action "DoesFileExist" successfully performed. With the following test data "File Path: "SteeringCompanyAPI_TestData/SteeringCompanyAPI_TestData.xlsx"".
2023-01-12 11:57:14.498 &amp#27;[32m INFO&amp#27;[m &amp#27;[35m[@503 - main]&amp#27;[m &amp#27;[36mcom.shaft.tools.io.ReportManager&amp#27;[m : Successfully created attachment "Test Data - Excel"
2023-01-12 11:57:15.070 &amp#27;[32m INFO&amp#27;[m &amp#27;[35m[@503 - main]&amp#27;[m &amp#27;[36mcom.shaft.tools.io.ReportManager&amp#27;[m : Response status code: "200", status line: "HTTP/1.1 200 OK"
2023-01-12 11:57:15.080 &amp#27;[32m INFO&amp#27;[m &amp#27;[35m[@503 - main]&amp#27;[m &amp#27;[36mcom.shaft.tools.io.ReportManager&amp#27;[m : Successfully created attachment "API Request - Specifications"
2023-01-12 11:57:15.080 &amp#27;[32m INFO&amp#27;[m &amp#27;[35m[@503 - main]&amp#27;[m &amp#27;[36mcom.shaft.tools.io.ReportManager&amp#27;[m : Successfully created attachment "API Request - Body"
2023-01-12 11:57:15.081 &amp#27;[32m INFO&amp#27;[m &amp#27;[35m[@503 - main]&amp#27;[m &amp#27;[36mcom.shaft.tools.io.ReportManager&amp#27;[m : Successfully created attachment "API Response - JSON Body"
2023-01-12 11:57:15.088 &amp#27;[32m INFO&amp#27;[m &amp#27;[35m[@503 - main]&amp#27;[m &amp#27;[36mcom.shaft.tools.io.ReportManager&amp#27;[m : File Action "DoesFileExist" successfully performed. With the following test data "File Path: "SteeringCompanyAPI_TestData/SteeringCompanyAPI_TestData.xlsx"".
2023-01-12 11:57:15.096 &amp#27;[32m INFO&amp#27;[m &amp#27;[35m[@503 - main]&amp#27;[m &amp#27;[36mcom.shaft.tools.io.ReportManager&amp#27;[m : Successfully created attachment "Test Data - Excel"
2023-01-12 11:57:15.543 &amp#27;[32m INFO&amp#27;[m &amp#27;[35m[@503 - main]&amp#27;[m &amp#27;[36mcom.shaft.tools.io.ReportManager&amp#27;[m : Response status code: "422", status line: "HTTP/1.1 422 "
2023-01-12 11:57:15.554 &amp#27;[32m INFO&amp#27;[m &amp#27;[35m[@503 - main]&amp#27;[m &amp#27;[36mcom.shaft.tools.io.ReportManager&amp#27;[m : Successfully created attachment "API Request - Specifications"
2023-01-12 11:57:15.555 &amp#27;[32m INFO&amp#27;[m &amp#27;[35m[@503 - main]&amp#27;[m &amp#27;[36mcom.shaft.tools.io.ReportManager&amp#27;[m : Successfully created attachment "API Request - JSON Body"
2023-01-12 11:57:15.555 &amp#27;[32m INFO&amp#27;[m &amp#27;[35m[@503 - main]&amp#27;[m &amp#27;[36mcom.shaft.tools.io.ReportManager&amp#27;[m : Successfully created attachment "API Response - JSON Body"
2023-01-12 11:57:15.556 &amp#27;[32m INFO&amp#27;[m &amp#27;[35m[@503 - main]&amp#27;[m &amp#27;[36mcom.shaft.tools.io.ReportManager&amp#27;[m : File Action "DoesFileExist" successfully performed. With the following test data "File Path: "Schemas/ValidationError_schema.json"".
2023-01-12 11:57:15.556 &amp#27;[32m INFO&amp#27;[m &amp#27;[35m[@503 - main]&amp#27;[m &amp#27;[36mcom.shaft.tools.io.ReportManager&amp#27;[m : File Action "DoesFileExist" successfully performed. With the following test data "File Path: "src/test/resources/testDataFiles/Schemas/ValidationError_schema.json"".
2023-01-12 11:57:15.556 &amp#27;[32m INFO&amp#27;[m &amp#27;[35m[@503 - main]&amp#27;[m &amp#27;[36mcom.shaft.tools.io.ReportManager&amp#27;[m : File Action "GetAbsolutePath" successfully performed. With the following test data "Relative Folder Path: "src/test/resources/testDataFiles/Schemas/ValidationError_schema.json"".
2023-01-12 11:57:15.558 &amp#27;[32m INFO&amp#27;[m &amp#27;[35m[@503 - main]&amp#27;[m &amp#27;[36mcom.shaft.tools.io.ReportManager&amp#27;[m : File Action "DoesFileExist" successfully performed. With the following test data "File Path: "C:\eclipse-workspace\MyProjects\TASystemsAPIs\src\test\resources\testDataFiles\Schemas\ValidationError_schema.json"".
2023-01-12 11:57:15.558 &amp#27;[32m INFO&amp#27;[m &amp#27;[35m[@503 - main]&amp#27;[m &amp#27;[36mcom.shaft.tools.io.ReportManager&amp#27;[m : File Action "GetAbsolutePath" successfully performed. With the following test data "Relative Folder Path: "C:\eclipse-workspace\MyProjects\TASystemsAPIs\src\test\resources\testDataFiles\Schemas\ValidationError_schema.json"".
2023-01-12 11:57:15.558 &amp#27;[32m INFO&amp#27;[m &amp#27;[35m[@503 - main]&amp#27;[m &amp#27;[36mcom.shaft.tools.io.ReportManager&amp#27;[m : File Action "ReadFile" successfully performed. With the following test data "File Path: "C:\eclipse-workspace\MyProjects\TASystemsAPIs\src\test\resources\testDataFiles\Schemas\ValidationError_schema.json"".
2023-01-12 11:57:15.559 &amp#27;[32m INFO&amp#27;[m &amp#27;[35m[@503 - main]&amp#27;[m &amp#27;[36mcom.shaft.tools.io.ReportManager&amp#27;[m : Successfully created attachment "Validation Test Data - Expected JSON Value"
2023-01-12 11:57:15.559 &amp#27;[32m INFO&amp#27;[m &amp#27;[35m[@503 - main]&amp#27;[m &amp#27;[36mcom.shaft.tools.io.ReportManager&amp#27;[m : Successfully created attachment "Validation Test Data - Actual JSON Value"
2023-01-12 11:57:15.560 &amp#27;[32m INFO&amp#27;[m &amp#27;[35m[@503 - main]&amp#27;[m &amp#27;[36mcom.shaft.tools.io.ReportManager&amp#27;[m : Successfully created attachment "SHAFT Engine Logs - Current Method log: Update_Policy_With_Missing_Keys_TC"
]]></system-out>
  </testcase>
  <testcase name="Update_Policy_With_Missing_Keys_TC[[Ljava.lang.Object;@1e551bfd](2)" classname="SteeringCompanyAPI_TestCases.Test_Policies_Cases" time="1.077">
    <system-out><![CDATA[2023-01-12 11:57:15.561 &amp#27;[32m INFO&amp#27;[m &amp#27;[35m[@534 - main]&amp#27;[m &amp#27;[36mcom.shaft.tools.io.ReportManager&amp#27;[m : 
################################################################################################################################################
Starting Execution:	"101 out of 56" test cases in the current suite
Test Method:		"SteeringCompanyAPI_TestCases.Test_Policies_Cases.Update_Policy_With_Missing_Keys_TC"
Test Description:	"TC051 - Perform Update Policy with Missing Keys"
################################################################################################################################################
2023-01-12 11:57:15.562 &amp#27;[32m INFO&amp#27;[m &amp#27;[35m[@503 - main]&amp#27;[m &amp#27;[36mcom.shaft.tools.io.ReportManager&amp#27;[m : File Action "DoesFileExist" successfully performed. With the following test data "File Path: "SteeringCompanyAPI_TestData/SteeringCompanyAPI_TestData.xlsx"".
2023-01-12 11:57:15.570 &amp#27;[32m INFO&amp#27;[m &amp#27;[35m[@503 - main]&amp#27;[m &amp#27;[36mcom.shaft.tools.io.ReportManager&amp#27;[m : Successfully created attachment "Test Data - Excel"
2023-01-12 11:57:16.152 &amp#27;[32m INFO&amp#27;[m &amp#27;[35m[@503 - main]&amp#27;[m &amp#27;[36mcom.shaft.tools.io.ReportManager&amp#27;[m : Response status code: "200", status line: "HTTP/1.1 200 OK"
2023-01-12 11:57:16.162 &amp#27;[32m INFO&amp#27;[m &amp#27;[35m[@503 - main]&amp#27;[m &amp#27;[36mcom.shaft.tools.io.ReportManager&amp#27;[m : Successfully created attachment "API Request - Specifications"
2023-01-12 11:57:16.163 &amp#27;[32m INFO&amp#27;[m &amp#27;[35m[@503 - main]&amp#27;[m &amp#27;[36mcom.shaft.tools.io.ReportManager&amp#27;[m : Successfully created attachment "API Request - Body"
2023-01-12 11:57:16.164 &amp#27;[32m INFO&amp#27;[m &amp#27;[35m[@503 - main]&amp#27;[m &amp#27;[36mcom.shaft.tools.io.ReportManager&amp#27;[m : Successfully created attachment "API Response - JSON Body"
2023-01-12 11:57:16.170 &amp#27;[32m INFO&amp#27;[m &amp#27;[35m[@503 - main]&amp#27;[m &amp#27;[36mcom.shaft.tools.io.ReportManager&amp#27;[m : File Action "DoesFileExist" successfully performed. With the following test data "File Path: "SteeringCompanyAPI_TestData/SteeringCompanyAPI_TestData.xlsx"".
2023-01-12 11:57:16.179 &amp#27;[32m INFO&amp#27;[m &amp#27;[35m[@503 - main]&amp#27;[m &amp#27;[36mcom.shaft.tools.io.ReportManager&amp#27;[m : Successfully created attachment "Test Data - Excel"
2023-01-12 11:57:16.615 &amp#27;[32m INFO&amp#27;[m &amp#27;[35m[@503 - main]&amp#27;[m &amp#27;[36mcom.shaft.tools.io.ReportManager&amp#27;[m : Response status code: "422", status line: "HTTP/1.1 422 "
2023-01-12 11:57:16.628 &amp#27;[32m INFO&amp#27;[m &amp#27;[35m[@503 - main]&amp#27;[m &amp#27;[36mcom.shaft.tools.io.ReportManager&amp#27;[m : Successfully created attachment "API Request - Specifications"
2023-01-12 11:57:16.629 &amp#27;[32m INFO&amp#27;[m &amp#27;[35m[@503 - main]&amp#27;[m &amp#27;[36mcom.shaft.tools.io.ReportManager&amp#27;[m : Successfully created attachment "API Request - JSON Body"
2023-01-12 11:57:16.632 &amp#27;[32m INFO&amp#27;[m &amp#27;[35m[@503 - main]&amp#27;[m &amp#27;[36mcom.shaft.tools.io.ReportManager&amp#27;[m : Successfully created attachment "API Response - JSON Body"
2023-01-12 11:57:16.633 &amp#27;[32m INFO&amp#27;[m &amp#27;[35m[@503 - main]&amp#27;[m &amp#27;[36mcom.shaft.tools.io.ReportManager&amp#27;[m : File Action "DoesFileExist" successfully performed. With the following test data "File Path: "Schemas/ValidationError_schema.json"".
2023-01-12 11:57:16.633 &amp#27;[32m INFO&amp#27;[m &amp#27;[35m[@503 - main]&amp#27;[m &amp#27;[36mcom.shaft.tools.io.ReportManager&amp#27;[m : File Action "DoesFileExist" successfully performed. With the following test data "File Path: "src/test/resources/testDataFiles/Schemas/ValidationError_schema.json"".
2023-01-12 11:57:16.633 &amp#27;[32m INFO&amp#27;[m &amp#27;[35m[@503 - main]&amp#27;[m &amp#27;[36mcom.shaft.tools.io.ReportManager&amp#27;[m : File Action "GetAbsolutePath" successfully performed. With the following test data "Relative Folder Path: "src/test/resources/testDataFiles/Schemas/ValidationError_schema.json"".
2023-01-12 11:57:16.635 &amp#27;[32m INFO&amp#27;[m &amp#27;[35m[@503 - main]&amp#27;[m &amp#27;[36mcom.shaft.tools.io.ReportManager&amp#27;[m : File Action "DoesFileExist" successfully performed. With the following test data "File Path: "C:\eclipse-workspace\MyProjects\TASystemsAPIs\src\test\resources\testDataFiles\Schemas\ValidationError_schema.json"".
2023-01-12 11:57:16.635 &amp#27;[32m INFO&amp#27;[m &amp#27;[35m[@503 - main]&amp#27;[m &amp#27;[36mcom.shaft.tools.io.ReportManager&amp#27;[m : File Action "GetAbsolutePath" successfully performed. With the following test data "Relative Folder Path: "C:\eclipse-workspace\MyProjects\TASystemsAPIs\src\test\resources\testDataFiles\Schemas\ValidationError_schema.json"".
2023-01-12 11:57:16.635 &amp#27;[32m INFO&amp#27;[m &amp#27;[35m[@503 - main]&amp#27;[m &amp#27;[36mcom.shaft.tools.io.ReportManager&amp#27;[m : File Action "ReadFile" successfully performed. With the following test data "File Path: "C:\eclipse-workspace\MyProjects\TASystemsAPIs\src\test\resources\testDataFiles\Schemas\ValidationError_schema.json"".
2023-01-12 11:57:16.636 &amp#27;[32m INFO&amp#27;[m &amp#27;[35m[@503 - main]&amp#27;[m &amp#27;[36mcom.shaft.tools.io.ReportManager&amp#27;[m : Successfully created attachment "Validation Test Data - Expected JSON Value"
2023-01-12 11:57:16.637 &amp#27;[32m INFO&amp#27;[m &amp#27;[35m[@503 - main]&amp#27;[m &amp#27;[36mcom.shaft.tools.io.ReportManager&amp#27;[m : Successfully created attachment "Validation Test Data - Actual JSON Value"
2023-01-12 11:57:16.637 &amp#27;[32m INFO&amp#27;[m &amp#27;[35m[@503 - main]&amp#27;[m &amp#27;[36mcom.shaft.tools.io.ReportManager&amp#27;[m : Successfully created attachment "SHAFT Engine Logs - Current Method log: Update_Policy_With_Missing_Keys_TC"
]]></system-out>
  </testcase>
  <testcase name="Update_Policy_With_Missing_Keys_TC[[Ljava.lang.Object;@6ce32ec2](3)" classname="SteeringCompanyAPI_TestCases.Test_Policies_Cases" time="1.062">
    <system-out><![CDATA[2023-01-12 11:57:16.639 &amp#27;[32m INFO&amp#27;[m &amp#27;[35m[@534 - main]&amp#27;[m &amp#27;[36mcom.shaft.tools.io.ReportManager&amp#27;[m : 
################################################################################################################################################
Starting Execution:	"102 out of 56" test cases in the current suite
Test Method:		"SteeringCompanyAPI_TestCases.Test_Policies_Cases.Update_Policy_With_Missing_Keys_TC"
Test Description:	"TC051 - Perform Update Policy with Missing Keys"
################################################################################################################################################
2023-01-12 11:57:16.640 &amp#27;[32m INFO&amp#27;[m &amp#27;[35m[@503 - main]&amp#27;[m &amp#27;[36mcom.shaft.tools.io.ReportManager&amp#27;[m : File Action "DoesFileExist" successfully performed. With the following test data "File Path: "SteeringCompanyAPI_TestData/SteeringCompanyAPI_TestData.xlsx"".
2023-01-12 11:57:16.648 &amp#27;[32m INFO&amp#27;[m &amp#27;[35m[@503 - main]&amp#27;[m &amp#27;[36mcom.shaft.tools.io.ReportManager&amp#27;[m : Successfully created attachment "Test Data - Excel"
2023-01-12 11:57:17.214 &amp#27;[32m INFO&amp#27;[m &amp#27;[35m[@503 - main]&amp#27;[m &amp#27;[36mcom.shaft.tools.io.ReportManager&amp#27;[m : Response status code: "200", status line: "HTTP/1.1 200 OK"
2023-01-12 11:57:17.224 &amp#27;[32m INFO&amp#27;[m &amp#27;[35m[@503 - main]&amp#27;[m &amp#27;[36mcom.shaft.tools.io.ReportManager&amp#27;[m : Successfully created attachment "API Request - Specifications"
2023-01-12 11:57:17.225 &amp#27;[32m INFO&amp#27;[m &amp#27;[35m[@503 - main]&amp#27;[m &amp#27;[36mcom.shaft.tools.io.ReportManager&amp#27;[m : Successfully created attachment "API Request - Body"
2023-01-12 11:57:17.225 &amp#27;[32m INFO&amp#27;[m &amp#27;[35m[@503 - main]&amp#27;[m &amp#27;[36mcom.shaft.tools.io.ReportManager&amp#27;[m : Successfully created attachment "API Response - JSON Body"
2023-01-12 11:57:17.232 &amp#27;[32m INFO&amp#27;[m &amp#27;[35m[@503 - main]&amp#27;[m &amp#27;[36mcom.shaft.tools.io.ReportManager&amp#27;[m : File Action "DoesFileExist" successfully performed. With the following test data "File Path: "SteeringCompanyAPI_TestData/SteeringCompanyAPI_TestData.xlsx"".
2023-01-12 11:57:17.241 &amp#27;[32m INFO&amp#27;[m &amp#27;[35m[@503 - main]&amp#27;[m &amp#27;[36mcom.shaft.tools.io.ReportManager&amp#27;[m : Successfully created attachment "Test Data - Excel"
2023-01-12 11:57:17.681 &amp#27;[32m INFO&amp#27;[m &amp#27;[35m[@503 - main]&amp#27;[m &amp#27;[36mcom.shaft.tools.io.ReportManager&amp#27;[m : Response status code: "422", status line: "HTTP/1.1 422 "
2023-01-12 11:57:17.694 &amp#27;[32m INFO&amp#27;[m &amp#27;[35m[@503 - main]&amp#27;[m &amp#27;[36mcom.shaft.tools.io.ReportManager&amp#27;[m : Successfully created attachment "API Request - Specifications"
2023-01-12 11:57:17.694 &amp#27;[32m INFO&amp#27;[m &amp#27;[35m[@503 - main]&amp#27;[m &amp#27;[36mcom.shaft.tools.io.ReportManager&amp#27;[m : Successfully created attachment "API Request - JSON Body"
2023-01-12 11:57:17.695 &amp#27;[32m INFO&amp#27;[m &amp#27;[35m[@503 - main]&amp#27;[m &amp#27;[36mcom.shaft.tools.io.ReportManager&amp#27;[m : Successfully created attachment "API Response - JSON Body"
2023-01-12 11:57:17.695 &amp#27;[32m INFO&amp#27;[m &amp#27;[35m[@503 - main]&amp#27;[m &amp#27;[36mcom.shaft.tools.io.ReportManager&amp#27;[m : File Action "DoesFileExist" successfully performed. With the following test data "File Path: "Schemas/ValidationError_schema.json"".
2023-01-12 11:57:17.695 &amp#27;[32m INFO&amp#27;[m &amp#27;[35m[@503 - main]&amp#27;[m &amp#27;[36mcom.shaft.tools.io.ReportManager&amp#27;[m : File Action "DoesFileExist" successfully performed. With the following test data "File Path: "src/test/resources/testDataFiles/Schemas/ValidationError_schema.json"".
2023-01-12 11:57:17.695 &amp#27;[32m INFO&amp#27;[m &amp#27;[35m[@503 - main]&amp#27;[m &amp#27;[36mcom.shaft.tools.io.ReportManager&amp#27;[m : File Action "GetAbsolutePath" successfully performed. With the following test data "Relative Folder Path: "src/test/resources/testDataFiles/Schemas/ValidationError_schema.json"".
2023-01-12 11:57:17.697 &amp#27;[32m INFO&amp#27;[m &amp#27;[35m[@503 - main]&amp#27;[m &amp#27;[36mcom.shaft.tools.io.ReportManager&amp#27;[m : File Action "DoesFileExist" successfully performed. With the following test data "File Path: "C:\eclipse-workspace\MyProjects\TASystemsAPIs\src\test\resources\testDataFiles\Schemas\ValidationError_schema.json"".
2023-01-12 11:57:17.697 &amp#27;[32m INFO&amp#27;[m &amp#27;[35m[@503 - main]&amp#27;[m &amp#27;[36mcom.shaft.tools.io.ReportManager&amp#27;[m : File Action "GetAbsolutePath" successfully performed. With the following test data "Relative Folder Path: "C:\eclipse-workspace\MyProjects\TASystemsAPIs\src\test\resources\testDataFiles\Schemas\ValidationError_schema.json"".
2023-01-12 11:57:17.697 &amp#27;[32m INFO&amp#27;[m &amp#27;[35m[@503 - main]&amp#27;[m &amp#27;[36mcom.shaft.tools.io.ReportManager&amp#27;[m : File Action "ReadFile" successfully performed. With the following test data "File Path: "C:\eclipse-workspace\MyProjects\TASystemsAPIs\src\test\resources\testDataFiles\Schemas\ValidationError_schema.json"".
2023-01-12 11:57:17.699 &amp#27;[32m INFO&amp#27;[m &amp#27;[35m[@503 - main]&amp#27;[m &amp#27;[36mcom.shaft.tools.io.ReportManager&amp#27;[m : Successfully created attachment "Validation Test Data - Expected JSON Value"
2023-01-12 11:57:17.699 &amp#27;[32m INFO&amp#27;[m &amp#27;[35m[@503 - main]&amp#27;[m &amp#27;[36mcom.shaft.tools.io.ReportManager&amp#27;[m : Successfully created attachment "Validation Test Data - Actual JSON Value"
2023-01-12 11:57:17.699 &amp#27;[32m INFO&amp#27;[m &amp#27;[35m[@503 - main]&amp#27;[m &amp#27;[36mcom.shaft.tools.io.ReportManager&amp#27;[m : Successfully created attachment "SHAFT Engine Logs - Current Method log: Update_Policy_With_Missing_Keys_TC"
]]></system-out>
  </testcase>
  <testcase name="Update_Policy_With_Missing_Keys_TC[[Ljava.lang.Object;@5fa5dc92](4)" classname="SteeringCompanyAPI_TestCases.Test_Policies_Cases" time="1.108">
    <system-out><![CDATA[2023-01-12 11:57:17.700 &amp#27;[32m INFO&amp#27;[m &amp#27;[35m[@534 - main]&amp#27;[m &amp#27;[36mcom.shaft.tools.io.ReportManager&amp#27;[m : 
################################################################################################################################################
Starting Execution:	"103 out of 56" test cases in the current suite
Test Method:		"SteeringCompanyAPI_TestCases.Test_Policies_Cases.Update_Policy_With_Missing_Keys_TC"
Test Description:	"TC051 - Perform Update Policy with Missing Keys"
################################################################################################################################################
2023-01-12 11:57:17.701 &amp#27;[32m INFO&amp#27;[m &amp#27;[35m[@503 - main]&amp#27;[m &amp#27;[36mcom.shaft.tools.io.ReportManager&amp#27;[m : File Action "DoesFileExist" successfully performed. With the following test data "File Path: "SteeringCompanyAPI_TestData/SteeringCompanyAPI_TestData.xlsx"".
2023-01-12 11:57:17.712 &amp#27;[32m INFO&amp#27;[m &amp#27;[35m[@503 - main]&amp#27;[m &amp#27;[36mcom.shaft.tools.io.ReportManager&amp#27;[m : Successfully created attachment "Test Data - Excel"
2023-01-12 11:57:18.291 &amp#27;[32m INFO&amp#27;[m &amp#27;[35m[@503 - main]&amp#27;[m &amp#27;[36mcom.shaft.tools.io.ReportManager&amp#27;[m : Response status code: "200", status line: "HTTP/1.1 200 OK"
2023-01-12 11:57:18.303 &amp#27;[32m INFO&amp#27;[m &amp#27;[35m[@503 - main]&amp#27;[m &amp#27;[36mcom.shaft.tools.io.ReportManager&amp#27;[m : Successfully created attachment "API Request - Specifications"
2023-01-12 11:57:18.303 &amp#27;[32m INFO&amp#27;[m &amp#27;[35m[@503 - main]&amp#27;[m &amp#27;[36mcom.shaft.tools.io.ReportManager&amp#27;[m : Successfully created attachment "API Request - Body"
2023-01-12 11:57:18.304 &amp#27;[32m INFO&amp#27;[m &amp#27;[35m[@503 - main]&amp#27;[m &amp#27;[36mcom.shaft.tools.io.ReportManager&amp#27;[m : Successfully created attachment "API Response - JSON Body"
2023-01-12 11:57:18.311 &amp#27;[32m INFO&amp#27;[m &amp#27;[35m[@503 - main]&amp#27;[m &amp#27;[36mcom.shaft.tools.io.ReportManager&amp#27;[m : File Action "DoesFileExist" successfully performed. With the following test data "File Path: "SteeringCompanyAPI_TestData/SteeringCompanyAPI_TestData.xlsx"".
2023-01-12 11:57:18.320 &amp#27;[32m INFO&amp#27;[m &amp#27;[35m[@503 - main]&amp#27;[m &amp#27;[36mcom.shaft.tools.io.ReportManager&amp#27;[m : Successfully created attachment "Test Data - Excel"
2023-01-12 11:57:18.787 &amp#27;[32m INFO&amp#27;[m &amp#27;[35m[@503 - main]&amp#27;[m &amp#27;[36mcom.shaft.tools.io.ReportManager&amp#27;[m : Response status code: "422", status line: "HTTP/1.1 422 "
2023-01-12 11:57:18.798 &amp#27;[32m INFO&amp#27;[m &amp#27;[35m[@503 - main]&amp#27;[m &amp#27;[36mcom.shaft.tools.io.ReportManager&amp#27;[m : Successfully created attachment "API Request - Specifications"
2023-01-12 11:57:18.799 &amp#27;[32m INFO&amp#27;[m &amp#27;[35m[@503 - main]&amp#27;[m &amp#27;[36mcom.shaft.tools.io.ReportManager&amp#27;[m : Successfully created attachment "API Request - JSON Body"
2023-01-12 11:57:18.800 &amp#27;[32m INFO&amp#27;[m &amp#27;[35m[@503 - main]&amp#27;[m &amp#27;[36mcom.shaft.tools.io.ReportManager&amp#27;[m : Successfully created attachment "API Response - JSON Body"
2023-01-12 11:57:18.801 &amp#27;[32m INFO&amp#27;[m &amp#27;[35m[@503 - main]&amp#27;[m &amp#27;[36mcom.shaft.tools.io.ReportManager&amp#27;[m : File Action "DoesFileExist" successfully performed. With the following test data "File Path: "Schemas/ValidationError_schema.json"".
2023-01-12 11:57:18.801 &amp#27;[32m INFO&amp#27;[m &amp#27;[35m[@503 - main]&amp#27;[m &amp#27;[36mcom.shaft.tools.io.ReportManager&amp#27;[m : File Action "DoesFileExist" successfully performed. With the following test data "File Path: "src/test/resources/testDataFiles/Schemas/ValidationError_schema.json"".
2023-01-12 11:57:18.801 &amp#27;[32m INFO&amp#27;[m &amp#27;[35m[@503 - main]&amp#27;[m &amp#27;[36mcom.shaft.tools.io.ReportManager&amp#27;[m : File Action "GetAbsolutePath" successfully performed. With the following test data "Relative Folder Path: "src/test/resources/testDataFiles/Schemas/ValidationError_schema.json"".
2023-01-12 11:57:18.803 &amp#27;[32m INFO&amp#27;[m &amp#27;[35m[@503 - main]&amp#27;[m &amp#27;[36mcom.shaft.tools.io.ReportManager&amp#27;[m : File Action "DoesFileExist" successfully performed. With the following test data "File Path: "C:\eclipse-workspace\MyProjects\TASystemsAPIs\src\test\resources\testDataFiles\Schemas\ValidationError_schema.json"".
2023-01-12 11:57:18.804 &amp#27;[32m INFO&amp#27;[m &amp#27;[35m[@503 - main]&amp#27;[m &amp#27;[36mcom.shaft.tools.io.ReportManager&amp#27;[m : File Action "GetAbsolutePath" successfully performed. With the following test data "Relative Folder Path: "C:\eclipse-workspace\MyProjects\TASystemsAPIs\src\test\resources\testDataFiles\Schemas\ValidationError_schema.json"".
2023-01-12 11:57:18.804 &amp#27;[32m INFO&amp#27;[m &amp#27;[35m[@503 - main]&amp#27;[m &amp#27;[36mcom.shaft.tools.io.ReportManager&amp#27;[m : File Action "ReadFile" successfully performed. With the following test data "File Path: "C:\eclipse-workspace\MyProjects\TASystemsAPIs\src\test\resources\testDataFiles\Schemas\ValidationError_schema.json"".
2023-01-12 11:57:18.805 &amp#27;[32m INFO&amp#27;[m &amp#27;[35m[@503 - main]&amp#27;[m &amp#27;[36mcom.shaft.tools.io.ReportManager&amp#27;[m : Successfully created attachment "Validation Test Data - Expected JSON Value"
2023-01-12 11:57:18.806 &amp#27;[32m INFO&amp#27;[m &amp#27;[35m[@503 - main]&amp#27;[m &amp#27;[36mcom.shaft.tools.io.ReportManager&amp#27;[m : Successfully created attachment "Validation Test Data - Actual JSON Value"
2023-01-12 11:57:18.807 &amp#27;[32m INFO&amp#27;[m &amp#27;[35m[@503 - main]&amp#27;[m &amp#27;[36mcom.shaft.tools.io.ReportManager&amp#27;[m : Successfully created attachment "SHAFT Engine Logs - Current Method log: Update_Policy_With_Missing_Keys_TC"
]]></system-out>
  </testcase>
  <testcase name="Update_Policy_With_Missing_Keys_TC[[Ljava.lang.Object;@2b883681](5)" classname="SteeringCompanyAPI_TestCases.Test_Policies_Cases" time="1.086">
    <system-out><![CDATA[2023-01-12 11:57:18.808 &amp#27;[32m INFO&amp#27;[m &amp#27;[35m[@534 - main]&amp#27;[m &amp#27;[36mcom.shaft.tools.io.ReportManager&amp#27;[m : 
################################################################################################################################################
Starting Execution:	"104 out of 56" test cases in the current suite
Test Method:		"SteeringCompanyAPI_TestCases.Test_Policies_Cases.Update_Policy_With_Missing_Keys_TC"
Test Description:	"TC051 - Perform Update Policy with Missing Keys"
################################################################################################################################################
2023-01-12 11:57:18.809 &amp#27;[32m INFO&amp#27;[m &amp#27;[35m[@503 - main]&amp#27;[m &amp#27;[36mcom.shaft.tools.io.ReportManager&amp#27;[m : File Action "DoesFileExist" successfully performed. With the following test data "File Path: "SteeringCompanyAPI_TestData/SteeringCompanyAPI_TestData.xlsx"".
2023-01-12 11:57:18.818 &amp#27;[32m INFO&amp#27;[m &amp#27;[35m[@503 - main]&amp#27;[m &amp#27;[36mcom.shaft.tools.io.ReportManager&amp#27;[m : Successfully created attachment "Test Data - Excel"
2023-01-12 11:57:19.394 &amp#27;[32m INFO&amp#27;[m &amp#27;[35m[@503 - main]&amp#27;[m &amp#27;[36mcom.shaft.tools.io.ReportManager&amp#27;[m : Response status code: "200", status line: "HTTP/1.1 200 OK"
2023-01-12 11:57:19.406 &amp#27;[32m INFO&amp#27;[m &amp#27;[35m[@503 - main]&amp#27;[m &amp#27;[36mcom.shaft.tools.io.ReportManager&amp#27;[m : Successfully created attachment "API Request - Specifications"
2023-01-12 11:57:19.406 &amp#27;[32m INFO&amp#27;[m &amp#27;[35m[@503 - main]&amp#27;[m &amp#27;[36mcom.shaft.tools.io.ReportManager&amp#27;[m : Successfully created attachment "API Request - Body"
2023-01-12 11:57:19.407 &amp#27;[32m INFO&amp#27;[m &amp#27;[35m[@503 - main]&amp#27;[m &amp#27;[36mcom.shaft.tools.io.ReportManager&amp#27;[m : Successfully created attachment "API Response - JSON Body"
2023-01-12 11:57:19.413 &amp#27;[32m INFO&amp#27;[m &amp#27;[35m[@503 - main]&amp#27;[m &amp#27;[36mcom.shaft.tools.io.ReportManager&amp#27;[m : File Action "DoesFileExist" successfully performed. With the following test data "File Path: "SteeringCompanyAPI_TestData/SteeringCompanyAPI_TestData.xlsx"".
2023-01-12 11:57:19.421 &amp#27;[32m INFO&amp#27;[m &amp#27;[35m[@503 - main]&amp#27;[m &amp#27;[36mcom.shaft.tools.io.ReportManager&amp#27;[m : Successfully created attachment "Test Data - Excel"
2023-01-12 11:57:19.875 &amp#27;[32m INFO&amp#27;[m &amp#27;[35m[@503 - main]&amp#27;[m &amp#27;[36mcom.shaft.tools.io.ReportManager&amp#27;[m : Response status code: "422", status line: "HTTP/1.1 422 "
2023-01-12 11:57:19.888 &amp#27;[32m INFO&amp#27;[m &amp#27;[35m[@503 - main]&amp#27;[m &amp#27;[36mcom.shaft.tools.io.ReportManager&amp#27;[m : Successfully created attachment "API Request - Specifications"
2023-01-12 11:57:19.889 &amp#27;[32m INFO&amp#27;[m &amp#27;[35m[@503 - main]&amp#27;[m &amp#27;[36mcom.shaft.tools.io.ReportManager&amp#27;[m : Successfully created attachment "API Request - JSON Body"
2023-01-12 11:57:19.889 &amp#27;[32m INFO&amp#27;[m &amp#27;[35m[@503 - main]&amp#27;[m &amp#27;[36mcom.shaft.tools.io.ReportManager&amp#27;[m : Successfully created attachment "API Response - JSON Body"
2023-01-12 11:57:19.890 &amp#27;[32m INFO&amp#27;[m &amp#27;[35m[@503 - main]&amp#27;[m &amp#27;[36mcom.shaft.tools.io.ReportManager&amp#27;[m : File Action "DoesFileExist" successfully performed. With the following test data "File Path: "Schemas/ValidationError_schema.json"".
2023-01-12 11:57:19.890 &amp#27;[32m INFO&amp#27;[m &amp#27;[35m[@503 - main]&amp#27;[m &amp#27;[36mcom.shaft.tools.io.ReportManager&amp#27;[m : File Action "DoesFileExist" successfully performed. With the following test data "File Path: "src/test/resources/testDataFiles/Schemas/ValidationError_schema.json"".
2023-01-12 11:57:19.890 &amp#27;[32m INFO&amp#27;[m &amp#27;[35m[@503 - main]&amp#27;[m &amp#27;[36mcom.shaft.tools.io.ReportManager&amp#27;[m : File Action "GetAbsolutePath" successfully performed. With the following test data "Relative Folder Path: "src/test/resources/testDataFiles/Schemas/ValidationError_schema.json"".
2023-01-12 11:57:19.891 &amp#27;[32m INFO&amp#27;[m &amp#27;[35m[@503 - main]&amp#27;[m &amp#27;[36mcom.shaft.tools.io.ReportManager&amp#27;[m : File Action "DoesFileExist" successfully performed. With the following test data "File Path: "C:\eclipse-workspace\MyProjects\TASystemsAPIs\src\test\resources\testDataFiles\Schemas\ValidationError_schema.json"".
2023-01-12 11:57:19.891 &amp#27;[32m INFO&amp#27;[m &amp#27;[35m[@503 - main]&amp#27;[m &amp#27;[36mcom.shaft.tools.io.ReportManager&amp#27;[m : File Action "GetAbsolutePath" successfully performed. With the following test data "Relative Folder Path: "C:\eclipse-workspace\MyProjects\TASystemsAPIs\src\test\resources\testDataFiles\Schemas\ValidationError_schema.json"".
2023-01-12 11:57:19.891 &amp#27;[32m INFO&amp#27;[m &amp#27;[35m[@503 - main]&amp#27;[m &amp#27;[36mcom.shaft.tools.io.ReportManager&amp#27;[m : File Action "ReadFile" successfully performed. With the following test data "File Path: "C:\eclipse-workspace\MyProjects\TASystemsAPIs\src\test\resources\testDataFiles\Schemas\ValidationError_schema.json"".
2023-01-12 11:57:19.892 &amp#27;[32m INFO&amp#27;[m &amp#27;[35m[@503 - main]&amp#27;[m &amp#27;[36mcom.shaft.tools.io.ReportManager&amp#27;[m : Successfully created attachment "Validation Test Data - Expected JSON Value"
2023-01-12 11:57:19.893 &amp#27;[32m INFO&amp#27;[m &amp#27;[35m[@503 - main]&amp#27;[m &amp#27;[36mcom.shaft.tools.io.ReportManager&amp#27;[m : Successfully created attachment "Validation Test Data - Actual JSON Value"
2023-01-12 11:57:19.893 &amp#27;[32m INFO&amp#27;[m &amp#27;[35m[@503 - main]&amp#27;[m &amp#27;[36mcom.shaft.tools.io.ReportManager&amp#27;[m : Successfully created attachment "SHAFT Engine Logs - Current Method log: Update_Policy_With_Missing_Keys_TC"
]]></system-out>
  </testcase>
  <testcase name="Update_Policy_With_Missing_Keys_TC[[Ljava.lang.Object;@6dd0d7e1](6)" classname="SteeringCompanyAPI_TestCases.Test_Policies_Cases" time="1.136">
    <system-out><![CDATA[2023-01-12 11:57:19.895 &amp#27;[32m INFO&amp#27;[m &amp#27;[35m[@534 - main]&amp#27;[m &amp#27;[36mcom.shaft.tools.io.ReportManager&amp#27;[m : 
################################################################################################################################################
Starting Execution:	"105 out of 56" test cases in the current suite
Test Method:		"SteeringCompanyAPI_TestCases.Test_Policies_Cases.Update_Policy_With_Missing_Keys_TC"
Test Description:	"TC051 - Perform Update Policy with Missing Keys"
################################################################################################################################################
2023-01-12 11:57:19.895 &amp#27;[32m INFO&amp#27;[m &amp#27;[35m[@503 - main]&amp#27;[m &amp#27;[36mcom.shaft.tools.io.ReportManager&amp#27;[m : File Action "DoesFileExist" successfully performed. With the following test data "File Path: "SteeringCompanyAPI_TestData/SteeringCompanyAPI_TestData.xlsx"".
2023-01-12 11:57:19.909 &amp#27;[32m INFO&amp#27;[m &amp#27;[35m[@503 - main]&amp#27;[m &amp#27;[36mcom.shaft.tools.io.ReportManager&amp#27;[m : Successfully created attachment "Test Data - Excel"
2023-01-12 11:57:20.524 &amp#27;[32m INFO&amp#27;[m &amp#27;[35m[@503 - main]&amp#27;[m &amp#27;[36mcom.shaft.tools.io.ReportManager&amp#27;[m : Response status code: "200", status line: "HTTP/1.1 200 OK"
2023-01-12 11:57:20.536 &amp#27;[32m INFO&amp#27;[m &amp#27;[35m[@503 - main]&amp#27;[m &amp#27;[36mcom.shaft.tools.io.ReportManager&amp#27;[m : Successfully created attachment "API Request - Specifications"
2023-01-12 11:57:20.537 &amp#27;[32m INFO&amp#27;[m &amp#27;[35m[@503 - main]&amp#27;[m &amp#27;[36mcom.shaft.tools.io.ReportManager&amp#27;[m : Successfully created attachment "API Request - Body"
2023-01-12 11:57:20.537 &amp#27;[32m INFO&amp#27;[m &amp#27;[35m[@503 - main]&amp#27;[m &amp#27;[36mcom.shaft.tools.io.ReportManager&amp#27;[m : Successfully created attachment "API Response - JSON Body"
2023-01-12 11:57:20.544 &amp#27;[32m INFO&amp#27;[m &amp#27;[35m[@503 - main]&amp#27;[m &amp#27;[36mcom.shaft.tools.io.ReportManager&amp#27;[m : File Action "DoesFileExist" successfully performed. With the following test data "File Path: "SteeringCompanyAPI_TestData/SteeringCompanyAPI_TestData.xlsx"".
2023-01-12 11:57:20.553 &amp#27;[32m INFO&amp#27;[m &amp#27;[35m[@503 - main]&amp#27;[m &amp#27;[36mcom.shaft.tools.io.ReportManager&amp#27;[m : Successfully created attachment "Test Data - Excel"
2023-01-12 11:57:21.011 &amp#27;[32m INFO&amp#27;[m &amp#27;[35m[@503 - main]&amp#27;[m &amp#27;[36mcom.shaft.tools.io.ReportManager&amp#27;[m : Response status code: "422", status line: "HTTP/1.1 422 "
2023-01-12 11:57:21.021 &amp#27;[32m INFO&amp#27;[m &amp#27;[35m[@503 - main]&amp#27;[m &amp#27;[36mcom.shaft.tools.io.ReportManager&amp#27;[m : Successfully created attachment "API Request - Specifications"
2023-01-12 11:57:21.022 &amp#27;[32m INFO&amp#27;[m &amp#27;[35m[@503 - main]&amp#27;[m &amp#27;[36mcom.shaft.tools.io.ReportManager&amp#27;[m : Successfully created attachment "API Request - JSON Body"
2023-01-12 11:57:21.022 &amp#27;[32m INFO&amp#27;[m &amp#27;[35m[@503 - main]&amp#27;[m &amp#27;[36mcom.shaft.tools.io.ReportManager&amp#27;[m : Successfully created attachment "API Response - JSON Body"
2023-01-12 11:57:21.023 &amp#27;[32m INFO&amp#27;[m &amp#27;[35m[@503 - main]&amp#27;[m &amp#27;[36mcom.shaft.tools.io.ReportManager&amp#27;[m : File Action "DoesFileExist" successfully performed. With the following test data "File Path: "Schemas/ValidationError_schema.json"".
2023-01-12 11:57:21.023 &amp#27;[32m INFO&amp#27;[m &amp#27;[35m[@503 - main]&amp#27;[m &amp#27;[36mcom.shaft.tools.io.ReportManager&amp#27;[m : File Action "DoesFileExist" successfully performed. With the following test data "File Path: "src/test/resources/testDataFiles/Schemas/ValidationError_schema.json"".
2023-01-12 11:57:21.023 &amp#27;[32m INFO&amp#27;[m &amp#27;[35m[@503 - main]&amp#27;[m &amp#27;[36mcom.shaft.tools.io.ReportManager&amp#27;[m : File Action "GetAbsolutePath" successfully performed. With the following test data "Relative Folder Path: "src/test/resources/testDataFiles/Schemas/ValidationError_schema.json"".
2023-01-12 11:57:21.025 &amp#27;[32m INFO&amp#27;[m &amp#27;[35m[@503 - main]&amp#27;[m &amp#27;[36mcom.shaft.tools.io.ReportManager&amp#27;[m : File Action "DoesFileExist" successfully performed. With the following test data "File Path: "C:\eclipse-workspace\MyProjects\TASystemsAPIs\src\test\resources\testDataFiles\Schemas\ValidationError_schema.json"".
2023-01-12 11:57:21.026 &amp#27;[32m INFO&amp#27;[m &amp#27;[35m[@503 - main]&amp#27;[m &amp#27;[36mcom.shaft.tools.io.ReportManager&amp#27;[m : File Action "GetAbsolutePath" successfully performed. With the following test data "Relative Folder Path: "C:\eclipse-workspace\MyProjects\TASystemsAPIs\src\test\resources\testDataFiles\Schemas\ValidationError_schema.json"".
2023-01-12 11:57:21.026 &amp#27;[32m INFO&amp#27;[m &amp#27;[35m[@503 - main]&amp#27;[m &amp#27;[36mcom.shaft.tools.io.ReportManager&amp#27;[m : File Action "ReadFile" successfully performed. With the following test data "File Path: "C:\eclipse-workspace\MyProjects\TASystemsAPIs\src\test\resources\testDataFiles\Schemas\ValidationError_schema.json"".
2023-01-12 11:57:21.027 &amp#27;[32m INFO&amp#27;[m &amp#27;[35m[@503 - main]&amp#27;[m &amp#27;[36mcom.shaft.tools.io.ReportManager&amp#27;[m : Successfully created attachment "Validation Test Data - Expected JSON Value"
2023-01-12 11:57:21.028 &amp#27;[32m INFO&amp#27;[m &amp#27;[35m[@503 - main]&amp#27;[m &amp#27;[36mcom.shaft.tools.io.ReportManager&amp#27;[m : Successfully created attachment "Validation Test Data - Actual JSON Value"
2023-01-12 11:57:21.028 &amp#27;[32m INFO&amp#27;[m &amp#27;[35m[@503 - main]&amp#27;[m &amp#27;[36mcom.shaft.tools.io.ReportManager&amp#27;[m : Successfully created attachment "SHAFT Engine Logs - Current Method log: Update_Policy_With_Missing_Keys_TC"
]]></system-out>
  </testcase>
  <testcase name="Update_Policy_With_Missing_Keys_TC[[Ljava.lang.Object;@4de6beac](7)" classname="SteeringCompanyAPI_TestCases.Test_Policies_Cases" time="1.083">
    <system-out><![CDATA[2023-01-12 11:57:21.030 &amp#27;[32m INFO&amp#27;[m &amp#27;[35m[@534 - main]&amp#27;[m &amp#27;[36mcom.shaft.tools.io.ReportManager&amp#27;[m : 
################################################################################################################################################
Starting Execution:	"106 out of 56" test cases in the current suite
Test Method:		"SteeringCompanyAPI_TestCases.Test_Policies_Cases.Update_Policy_With_Missing_Keys_TC"
Test Description:	"TC051 - Perform Update Policy with Missing Keys"
################################################################################################################################################
2023-01-12 11:57:21.031 &amp#27;[32m INFO&amp#27;[m &amp#27;[35m[@503 - main]&amp#27;[m &amp#27;[36mcom.shaft.tools.io.ReportManager&amp#27;[m : File Action "DoesFileExist" successfully performed. With the following test data "File Path: "SteeringCompanyAPI_TestData/SteeringCompanyAPI_TestData.xlsx"".
2023-01-12 11:57:21.043 &amp#27;[32m INFO&amp#27;[m &amp#27;[35m[@503 - main]&amp#27;[m &amp#27;[36mcom.shaft.tools.io.ReportManager&amp#27;[m : Successfully created attachment "Test Data - Excel"
2023-01-12 11:57:21.618 &amp#27;[32m INFO&amp#27;[m &amp#27;[35m[@503 - main]&amp#27;[m &amp#27;[36mcom.shaft.tools.io.ReportManager&amp#27;[m : Response status code: "200", status line: "HTTP/1.1 200 OK"
2023-01-12 11:57:21.631 &amp#27;[32m INFO&amp#27;[m &amp#27;[35m[@503 - main]&amp#27;[m &amp#27;[36mcom.shaft.tools.io.ReportManager&amp#27;[m : Successfully created attachment "API Request - Specifications"
2023-01-12 11:57:21.632 &amp#27;[32m INFO&amp#27;[m &amp#27;[35m[@503 - main]&amp#27;[m &amp#27;[36mcom.shaft.tools.io.ReportManager&amp#27;[m : Successfully created attachment "API Request - Body"
2023-01-12 11:57:21.632 &amp#27;[32m INFO&amp#27;[m &amp#27;[35m[@503 - main]&amp#27;[m &amp#27;[36mcom.shaft.tools.io.ReportManager&amp#27;[m : Successfully created attachment "API Response - JSON Body"
2023-01-12 11:57:21.640 &amp#27;[32m INFO&amp#27;[m &amp#27;[35m[@503 - main]&amp#27;[m &amp#27;[36mcom.shaft.tools.io.ReportManager&amp#27;[m : File Action "DoesFileExist" successfully performed. With the following test data "File Path: "SteeringCompanyAPI_TestData/SteeringCompanyAPI_TestData.xlsx"".
2023-01-12 11:57:21.649 &amp#27;[32m INFO&amp#27;[m &amp#27;[35m[@503 - main]&amp#27;[m &amp#27;[36mcom.shaft.tools.io.ReportManager&amp#27;[m : Successfully created attachment "Test Data - Excel"
2023-01-12 11:57:22.096 &amp#27;[32m INFO&amp#27;[m &amp#27;[35m[@503 - main]&amp#27;[m &amp#27;[36mcom.shaft.tools.io.ReportManager&amp#27;[m : Response status code: "422", status line: "HTTP/1.1 422 "
2023-01-12 11:57:22.107 &amp#27;[32m INFO&amp#27;[m &amp#27;[35m[@503 - main]&amp#27;[m &amp#27;[36mcom.shaft.tools.io.ReportManager&amp#27;[m : Successfully created attachment "API Request - Specifications"
2023-01-12 11:57:22.107 &amp#27;[32m INFO&amp#27;[m &amp#27;[35m[@503 - main]&amp#27;[m &amp#27;[36mcom.shaft.tools.io.ReportManager&amp#27;[m : Successfully created attachment "API Request - JSON Body"
2023-01-12 11:57:22.108 &amp#27;[32m INFO&amp#27;[m &amp#27;[35m[@503 - main]&amp#27;[m &amp#27;[36mcom.shaft.tools.io.ReportManager&amp#27;[m : Successfully created attachment "API Response - JSON Body"
2023-01-12 11:57:22.108 &amp#27;[32m INFO&amp#27;[m &amp#27;[35m[@503 - main]&amp#27;[m &amp#27;[36mcom.shaft.tools.io.ReportManager&amp#27;[m : File Action "DoesFileExist" successfully performed. With the following test data "File Path: "Schemas/ValidationError_schema.json"".
2023-01-12 11:57:22.109 &amp#27;[32m INFO&amp#27;[m &amp#27;[35m[@503 - main]&amp#27;[m &amp#27;[36mcom.shaft.tools.io.ReportManager&amp#27;[m : File Action "DoesFileExist" successfully performed. With the following test data "File Path: "src/test/resources/testDataFiles/Schemas/ValidationError_schema.json"".
2023-01-12 11:57:22.109 &amp#27;[32m INFO&amp#27;[m &amp#27;[35m[@503 - main]&amp#27;[m &amp#27;[36mcom.shaft.tools.io.ReportManager&amp#27;[m : File Action "GetAbsolutePath" successfully performed. With the following test data "Relative Folder Path: "src/test/resources/testDataFiles/Schemas/ValidationError_schema.json"".
2023-01-12 11:57:22.110 &amp#27;[32m INFO&amp#27;[m &amp#27;[35m[@503 - main]&amp#27;[m &amp#27;[36mcom.shaft.tools.io.ReportManager&amp#27;[m : File Action "DoesFileExist" successfully performed. With the following test data "File Path: "C:\eclipse-workspace\MyProjects\TASystemsAPIs\src\test\resources\testDataFiles\Schemas\ValidationError_schema.json"".
2023-01-12 11:57:22.110 &amp#27;[32m INFO&amp#27;[m &amp#27;[35m[@503 - main]&amp#27;[m &amp#27;[36mcom.shaft.tools.io.ReportManager&amp#27;[m : File Action "GetAbsolutePath" successfully performed. With the following test data "Relative Folder Path: "C:\eclipse-workspace\MyProjects\TASystemsAPIs\src\test\resources\testDataFiles\Schemas\ValidationError_schema.json"".
2023-01-12 11:57:22.110 &amp#27;[32m INFO&amp#27;[m &amp#27;[35m[@503 - main]&amp#27;[m &amp#27;[36mcom.shaft.tools.io.ReportManager&amp#27;[m : File Action "ReadFile" successfully performed. With the following test data "File Path: "C:\eclipse-workspace\MyProjects\TASystemsAPIs\src\test\resources\testDataFiles\Schemas\ValidationError_schema.json"".
2023-01-12 11:57:22.111 &amp#27;[32m INFO&amp#27;[m &amp#27;[35m[@503 - main]&amp#27;[m &amp#27;[36mcom.shaft.tools.io.ReportManager&amp#27;[m : Successfully created attachment "Validation Test Data - Expected JSON Value"
2023-01-12 11:57:22.112 &amp#27;[32m INFO&amp#27;[m &amp#27;[35m[@503 - main]&amp#27;[m &amp#27;[36mcom.shaft.tools.io.ReportManager&amp#27;[m : Successfully created attachment "Validation Test Data - Actual JSON Value"
2023-01-12 11:57:22.112 &amp#27;[32m INFO&amp#27;[m &amp#27;[35m[@503 - main]&amp#27;[m &amp#27;[36mcom.shaft.tools.io.ReportManager&amp#27;[m : Successfully created attachment "SHAFT Engine Logs - Current Method log: Update_Policy_With_Missing_Keys_TC"
]]></system-out>
  </testcase>
  <testcase name="Update_Policy_With_Missing_Keys_TC[[Ljava.lang.Object;@20d6a76b](8)" classname="SteeringCompanyAPI_TestCases.Test_Policies_Cases" time="1.108">
    <system-out><![CDATA[2023-01-12 11:57:22.114 &amp#27;[32m INFO&amp#27;[m &amp#27;[35m[@534 - main]&amp#27;[m &amp#27;[36mcom.shaft.tools.io.ReportManager&amp#27;[m : 
################################################################################################################################################
Starting Execution:	"107 out of 56" test cases in the current suite
Test Method:		"SteeringCompanyAPI_TestCases.Test_Policies_Cases.Update_Policy_With_Missing_Keys_TC"
Test Description:	"TC051 - Perform Update Policy with Missing Keys"
################################################################################################################################################
2023-01-12 11:57:22.114 &amp#27;[32m INFO&amp#27;[m &amp#27;[35m[@503 - main]&amp#27;[m &amp#27;[36mcom.shaft.tools.io.ReportManager&amp#27;[m : File Action "DoesFileExist" successfully performed. With the following test data "File Path: "SteeringCompanyAPI_TestData/SteeringCompanyAPI_TestData.xlsx"".
2023-01-12 11:57:22.124 &amp#27;[32m INFO&amp#27;[m &amp#27;[35m[@503 - main]&amp#27;[m &amp#27;[36mcom.shaft.tools.io.ReportManager&amp#27;[m : Successfully created attachment "Test Data - Excel"
2023-01-12 11:57:22.730 &amp#27;[32m INFO&amp#27;[m &amp#27;[35m[@503 - main]&amp#27;[m &amp#27;[36mcom.shaft.tools.io.ReportManager&amp#27;[m : Response status code: "200", status line: "HTTP/1.1 200 OK"
2023-01-12 11:57:22.741 &amp#27;[32m INFO&amp#27;[m &amp#27;[35m[@503 - main]&amp#27;[m &amp#27;[36mcom.shaft.tools.io.ReportManager&amp#27;[m : Successfully created attachment "API Request - Specifications"
2023-01-12 11:57:22.742 &amp#27;[32m INFO&amp#27;[m &amp#27;[35m[@503 - main]&amp#27;[m &amp#27;[36mcom.shaft.tools.io.ReportManager&amp#27;[m : Successfully created attachment "API Request - Body"
2023-01-12 11:57:22.743 &amp#27;[32m INFO&amp#27;[m &amp#27;[35m[@503 - main]&amp#27;[m &amp#27;[36mcom.shaft.tools.io.ReportManager&amp#27;[m : Successfully created attachment "API Response - JSON Body"
2023-01-12 11:57:22.749 &amp#27;[32m INFO&amp#27;[m &amp#27;[35m[@503 - main]&amp#27;[m &amp#27;[36mcom.shaft.tools.io.ReportManager&amp#27;[m : File Action "DoesFileExist" successfully performed. With the following test data "File Path: "SteeringCompanyAPI_TestData/SteeringCompanyAPI_TestData.xlsx"".
2023-01-12 11:57:22.758 &amp#27;[32m INFO&amp#27;[m &amp#27;[35m[@503 - main]&amp#27;[m &amp#27;[36mcom.shaft.tools.io.ReportManager&amp#27;[m : Successfully created attachment "Test Data - Excel"
2023-01-12 11:57:23.200 &amp#27;[32m INFO&amp#27;[m &amp#27;[35m[@503 - main]&amp#27;[m &amp#27;[36mcom.shaft.tools.io.ReportManager&amp#27;[m : Response status code: "422", status line: "HTTP/1.1 422 "
2023-01-12 11:57:23.214 &amp#27;[32m INFO&amp#27;[m &amp#27;[35m[@503 - main]&amp#27;[m &amp#27;[36mcom.shaft.tools.io.ReportManager&amp#27;[m : Successfully created attachment "API Request - Specifications"
2023-01-12 11:57:23.215 &amp#27;[32m INFO&amp#27;[m &amp#27;[35m[@503 - main]&amp#27;[m &amp#27;[36mcom.shaft.tools.io.ReportManager&amp#27;[m : Successfully created attachment "API Request - JSON Body"
2023-01-12 11:57:23.215 &amp#27;[32m INFO&amp#27;[m &amp#27;[35m[@503 - main]&amp#27;[m &amp#27;[36mcom.shaft.tools.io.ReportManager&amp#27;[m : Successfully created attachment "API Response - JSON Body"
2023-01-12 11:57:23.216 &amp#27;[32m INFO&amp#27;[m &amp#27;[35m[@503 - main]&amp#27;[m &amp#27;[36mcom.shaft.tools.io.ReportManager&amp#27;[m : File Action "DoesFileExist" successfully performed. With the following test data "File Path: "Schemas/ValidationError_schema.json"".
2023-01-12 11:57:23.216 &amp#27;[32m INFO&amp#27;[m &amp#27;[35m[@503 - main]&amp#27;[m &amp#27;[36mcom.shaft.tools.io.ReportManager&amp#27;[m : File Action "DoesFileExist" successfully performed. With the following test data "File Path: "src/test/resources/testDataFiles/Schemas/ValidationError_schema.json"".
2023-01-12 11:57:23.216 &amp#27;[32m INFO&amp#27;[m &amp#27;[35m[@503 - main]&amp#27;[m &amp#27;[36mcom.shaft.tools.io.ReportManager&amp#27;[m : File Action "GetAbsolutePath" successfully performed. With the following test data "Relative Folder Path: "src/test/resources/testDataFiles/Schemas/ValidationError_schema.json"".
2023-01-12 11:57:23.218 &amp#27;[32m INFO&amp#27;[m &amp#27;[35m[@503 - main]&amp#27;[m &amp#27;[36mcom.shaft.tools.io.ReportManager&amp#27;[m : File Action "DoesFileExist" successfully performed. With the following test data "File Path: "C:\eclipse-workspace\MyProjects\TASystemsAPIs\src\test\resources\testDataFiles\Schemas\ValidationError_schema.json"".
2023-01-12 11:57:23.218 &amp#27;[32m INFO&amp#27;[m &amp#27;[35m[@503 - main]&amp#27;[m &amp#27;[36mcom.shaft.tools.io.ReportManager&amp#27;[m : File Action "GetAbsolutePath" successfully performed. With the following test data "Relative Folder Path: "C:\eclipse-workspace\MyProjects\TASystemsAPIs\src\test\resources\testDataFiles\Schemas\ValidationError_schema.json"".
2023-01-12 11:57:23.218 &amp#27;[32m INFO&amp#27;[m &amp#27;[35m[@503 - main]&amp#27;[m &amp#27;[36mcom.shaft.tools.io.ReportManager&amp#27;[m : File Action "ReadFile" successfully performed. With the following test data "File Path: "C:\eclipse-workspace\MyProjects\TASystemsAPIs\src\test\resources\testDataFiles\Schemas\ValidationError_schema.json"".
2023-01-12 11:57:23.219 &amp#27;[32m INFO&amp#27;[m &amp#27;[35m[@503 - main]&amp#27;[m &amp#27;[36mcom.shaft.tools.io.ReportManager&amp#27;[m : Successfully created attachment "Validation Test Data - Expected JSON Value"
2023-01-12 11:57:23.220 &amp#27;[32m INFO&amp#27;[m &amp#27;[35m[@503 - main]&amp#27;[m &amp#27;[36mcom.shaft.tools.io.ReportManager&amp#27;[m : Successfully created attachment "Validation Test Data - Actual JSON Value"
2023-01-12 11:57:23.220 &amp#27;[32m INFO&amp#27;[m &amp#27;[35m[@503 - main]&amp#27;[m &amp#27;[36mcom.shaft.tools.io.ReportManager&amp#27;[m : Successfully created attachment "SHAFT Engine Logs - Current Method log: Update_Policy_With_Missing_Keys_TC"
]]></system-out>
  </testcase>
  <testcase name="Update_Policy_With_Missing_Keys_TC[[Ljava.lang.Object;@53b7e674](9)" classname="SteeringCompanyAPI_TestCases.Test_Policies_Cases" time="1.1">
    <system-out><![CDATA[2023-01-12 11:57:23.222 &amp#27;[32m INFO&amp#27;[m &amp#27;[35m[@534 - main]&amp#27;[m &amp#27;[36mcom.shaft.tools.io.ReportManager&amp#27;[m : 
################################################################################################################################################
Starting Execution:	"108 out of 56" test cases in the current suite
Test Method:		"SteeringCompanyAPI_TestCases.Test_Policies_Cases.Update_Policy_With_Missing_Keys_TC"
Test Description:	"TC051 - Perform Update Policy with Missing Keys"
################################################################################################################################################
2023-01-12 11:57:23.222 &amp#27;[32m INFO&amp#27;[m &amp#27;[35m[@503 - main]&amp#27;[m &amp#27;[36mcom.shaft.tools.io.ReportManager&amp#27;[m : File Action "DoesFileExist" successfully performed. With the following test data "File Path: "SteeringCompanyAPI_TestData/SteeringCompanyAPI_TestData.xlsx"".
2023-01-12 11:57:23.235 &amp#27;[32m INFO&amp#27;[m &amp#27;[35m[@503 - main]&amp#27;[m &amp#27;[36mcom.shaft.tools.io.ReportManager&amp#27;[m : Successfully created attachment "Test Data - Excel"
2023-01-12 11:57:23.835 &amp#27;[32m INFO&amp#27;[m &amp#27;[35m[@503 - main]&amp#27;[m &amp#27;[36mcom.shaft.tools.io.ReportManager&amp#27;[m : Response status code: "200", status line: "HTTP/1.1 200 OK"
2023-01-12 11:57:23.846 &amp#27;[32m INFO&amp#27;[m &amp#27;[35m[@503 - main]&amp#27;[m &amp#27;[36mcom.shaft.tools.io.ReportManager&amp#27;[m : Successfully created attachment "API Request - Specifications"
2023-01-12 11:57:23.846 &amp#27;[32m INFO&amp#27;[m &amp#27;[35m[@503 - main]&amp#27;[m &amp#27;[36mcom.shaft.tools.io.ReportManager&amp#27;[m : Successfully created attachment "API Request - Body"
2023-01-12 11:57:23.847 &amp#27;[32m INFO&amp#27;[m &amp#27;[35m[@503 - main]&amp#27;[m &amp#27;[36mcom.shaft.tools.io.ReportManager&amp#27;[m : Successfully created attachment "API Response - JSON Body"
2023-01-12 11:57:23.854 &amp#27;[32m INFO&amp#27;[m &amp#27;[35m[@503 - main]&amp#27;[m &amp#27;[36mcom.shaft.tools.io.ReportManager&amp#27;[m : File Action "DoesFileExist" successfully performed. With the following test data "File Path: "SteeringCompanyAPI_TestData/SteeringCompanyAPI_TestData.xlsx"".
2023-01-12 11:57:23.863 &amp#27;[32m INFO&amp#27;[m &amp#27;[35m[@503 - main]&amp#27;[m &amp#27;[36mcom.shaft.tools.io.ReportManager&amp#27;[m : Successfully created attachment "Test Data - Excel"
2023-01-12 11:57:24.302 &amp#27;[32m INFO&amp#27;[m &amp#27;[35m[@503 - main]&amp#27;[m &amp#27;[36mcom.shaft.tools.io.ReportManager&amp#27;[m : Response status code: "422", status line: "HTTP/1.1 422 "
2023-01-12 11:57:24.313 &amp#27;[32m INFO&amp#27;[m &amp#27;[35m[@503 - main]&amp#27;[m &amp#27;[36mcom.shaft.tools.io.ReportManager&amp#27;[m : Successfully created attachment "API Request - Specifications"
2023-01-12 11:57:24.313 &amp#27;[32m INFO&amp#27;[m &amp#27;[35m[@503 - main]&amp#27;[m &amp#27;[36mcom.shaft.tools.io.ReportManager&amp#27;[m : Successfully created attachment "API Request - JSON Body"
2023-01-12 11:57:24.315 &amp#27;[32m INFO&amp#27;[m &amp#27;[35m[@503 - main]&amp#27;[m &amp#27;[36mcom.shaft.tools.io.ReportManager&amp#27;[m : Successfully created attachment "API Response - JSON Body"
2023-01-12 11:57:24.316 &amp#27;[32m INFO&amp#27;[m &amp#27;[35m[@503 - main]&amp#27;[m &amp#27;[36mcom.shaft.tools.io.ReportManager&amp#27;[m : File Action "DoesFileExist" successfully performed. With the following test data "File Path: "Schemas/ValidationError_schema.json"".
2023-01-12 11:57:24.316 &amp#27;[32m INFO&amp#27;[m &amp#27;[35m[@503 - main]&amp#27;[m &amp#27;[36mcom.shaft.tools.io.ReportManager&amp#27;[m : File Action "DoesFileExist" successfully performed. With the following test data "File Path: "src/test/resources/testDataFiles/Schemas/ValidationError_schema.json"".
2023-01-12 11:57:24.316 &amp#27;[32m INFO&amp#27;[m &amp#27;[35m[@503 - main]&amp#27;[m &amp#27;[36mcom.shaft.tools.io.ReportManager&amp#27;[m : File Action "GetAbsolutePath" successfully performed. With the following test data "Relative Folder Path: "src/test/resources/testDataFiles/Schemas/ValidationError_schema.json"".
2023-01-12 11:57:24.317 &amp#27;[32m INFO&amp#27;[m &amp#27;[35m[@503 - main]&amp#27;[m &amp#27;[36mcom.shaft.tools.io.ReportManager&amp#27;[m : File Action "DoesFileExist" successfully performed. With the following test data "File Path: "C:\eclipse-workspace\MyProjects\TASystemsAPIs\src\test\resources\testDataFiles\Schemas\ValidationError_schema.json"".
2023-01-12 11:57:24.317 &amp#27;[32m INFO&amp#27;[m &amp#27;[35m[@503 - main]&amp#27;[m &amp#27;[36mcom.shaft.tools.io.ReportManager&amp#27;[m : File Action "GetAbsolutePath" successfully performed. With the following test data "Relative Folder Path: "C:\eclipse-workspace\MyProjects\TASystemsAPIs\src\test\resources\testDataFiles\Schemas\ValidationError_schema.json"".
2023-01-12 11:57:24.317 &amp#27;[32m INFO&amp#27;[m &amp#27;[35m[@503 - main]&amp#27;[m &amp#27;[36mcom.shaft.tools.io.ReportManager&amp#27;[m : File Action "ReadFile" successfully performed. With the following test data "File Path: "C:\eclipse-workspace\MyProjects\TASystemsAPIs\src\test\resources\testDataFiles\Schemas\ValidationError_schema.json"".
2023-01-12 11:57:24.318 &amp#27;[32m INFO&amp#27;[m &amp#27;[35m[@503 - main]&amp#27;[m &amp#27;[36mcom.shaft.tools.io.ReportManager&amp#27;[m : Successfully created attachment "Validation Test Data - Expected JSON Value"
2023-01-12 11:57:24.318 &amp#27;[32m INFO&amp#27;[m &amp#27;[35m[@503 - main]&amp#27;[m &amp#27;[36mcom.shaft.tools.io.ReportManager&amp#27;[m : Successfully created attachment "Validation Test Data - Actual JSON Value"
2023-01-12 11:57:24.320 &amp#27;[32m INFO&amp#27;[m &amp#27;[35m[@503 - main]&amp#27;[m &amp#27;[36mcom.shaft.tools.io.ReportManager&amp#27;[m : Successfully created attachment "SHAFT Engine Logs - Current Method log: Update_Policy_With_Missing_Keys_TC"
]]></system-out>
  </testcase>
  <testcase name="Update_Policy_With_Missing_Keys_TC[[Ljava.lang.Object;@403727ea](10)" classname="SteeringCompanyAPI_TestCases.Test_Policies_Cases" time="1.069">
    <system-out><![CDATA[2023-01-12 11:57:24.321 &amp#27;[32m INFO&amp#27;[m &amp#27;[35m[@534 - main]&amp#27;[m &amp#27;[36mcom.shaft.tools.io.ReportManager&amp#27;[m : 
################################################################################################################################################
Starting Execution:	"109 out of 56" test cases in the current suite
Test Method:		"SteeringCompanyAPI_TestCases.Test_Policies_Cases.Update_Policy_With_Missing_Keys_TC"
Test Description:	"TC051 - Perform Update Policy with Missing Keys"
################################################################################################################################################
2023-01-12 11:57:24.321 &amp#27;[32m INFO&amp#27;[m &amp#27;[35m[@503 - main]&amp#27;[m &amp#27;[36mcom.shaft.tools.io.ReportManager&amp#27;[m : File Action "DoesFileExist" successfully performed. With the following test data "File Path: "SteeringCompanyAPI_TestData/SteeringCompanyAPI_TestData.xlsx"".
2023-01-12 11:57:24.330 &amp#27;[32m INFO&amp#27;[m &amp#27;[35m[@503 - main]&amp#27;[m &amp#27;[36mcom.shaft.tools.io.ReportManager&amp#27;[m : Successfully created attachment "Test Data - Excel"
2023-01-12 11:57:24.904 &amp#27;[32m INFO&amp#27;[m &amp#27;[35m[@503 - main]&amp#27;[m &amp#27;[36mcom.shaft.tools.io.ReportManager&amp#27;[m : Response status code: "200", status line: "HTTP/1.1 200 OK"
2023-01-12 11:57:24.918 &amp#27;[32m INFO&amp#27;[m &amp#27;[35m[@503 - main]&amp#27;[m &amp#27;[36mcom.shaft.tools.io.ReportManager&amp#27;[m : Successfully created attachment "API Request - Specifications"
2023-01-12 11:57:24.918 &amp#27;[32m INFO&amp#27;[m &amp#27;[35m[@503 - main]&amp#27;[m &amp#27;[36mcom.shaft.tools.io.ReportManager&amp#27;[m : Successfully created attachment "API Request - Body"
2023-01-12 11:57:24.919 &amp#27;[32m INFO&amp#27;[m &amp#27;[35m[@503 - main]&amp#27;[m &amp#27;[36mcom.shaft.tools.io.ReportManager&amp#27;[m : Successfully created attachment "API Response - JSON Body"
2023-01-12 11:57:24.926 &amp#27;[32m INFO&amp#27;[m &amp#27;[35m[@503 - main]&amp#27;[m &amp#27;[36mcom.shaft.tools.io.ReportManager&amp#27;[m : File Action "DoesFileExist" successfully performed. With the following test data "File Path: "SteeringCompanyAPI_TestData/SteeringCompanyAPI_TestData.xlsx"".
2023-01-12 11:57:24.935 &amp#27;[32m INFO&amp#27;[m &amp#27;[35m[@503 - main]&amp#27;[m &amp#27;[36mcom.shaft.tools.io.ReportManager&amp#27;[m : Successfully created attachment "Test Data - Excel"
2023-01-12 11:57:25.371 &amp#27;[32m INFO&amp#27;[m &amp#27;[35m[@503 - main]&amp#27;[m &amp#27;[36mcom.shaft.tools.io.ReportManager&amp#27;[m : Response status code: "422", status line: "HTTP/1.1 422 "
2023-01-12 11:57:25.382 &amp#27;[32m INFO&amp#27;[m &amp#27;[35m[@503 - main]&amp#27;[m &amp#27;[36mcom.shaft.tools.io.ReportManager&amp#27;[m : Successfully created attachment "API Request - Specifications"
2023-01-12 11:57:25.382 &amp#27;[32m INFO&amp#27;[m &amp#27;[35m[@503 - main]&amp#27;[m &amp#27;[36mcom.shaft.tools.io.ReportManager&amp#27;[m : Successfully created attachment "API Request - JSON Body"
2023-01-12 11:57:25.383 &amp#27;[32m INFO&amp#27;[m &amp#27;[35m[@503 - main]&amp#27;[m &amp#27;[36mcom.shaft.tools.io.ReportManager&amp#27;[m : Successfully created attachment "API Response - JSON Body"
2023-01-12 11:57:25.383 &amp#27;[32m INFO&amp#27;[m &amp#27;[35m[@503 - main]&amp#27;[m &amp#27;[36mcom.shaft.tools.io.ReportManager&amp#27;[m : File Action "DoesFileExist" successfully performed. With the following test data "File Path: "Schemas/ValidationError_schema.json"".
2023-01-12 11:57:25.383 &amp#27;[32m INFO&amp#27;[m &amp#27;[35m[@503 - main]&amp#27;[m &amp#27;[36mcom.shaft.tools.io.ReportManager&amp#27;[m : File Action "DoesFileExist" successfully performed. With the following test data "File Path: "src/test/resources/testDataFiles/Schemas/ValidationError_schema.json"".
2023-01-12 11:57:25.383 &amp#27;[32m INFO&amp#27;[m &amp#27;[35m[@503 - main]&amp#27;[m &amp#27;[36mcom.shaft.tools.io.ReportManager&amp#27;[m : File Action "GetAbsolutePath" successfully performed. With the following test data "Relative Folder Path: "src/test/resources/testDataFiles/Schemas/ValidationError_schema.json"".
2023-01-12 11:57:25.386 &amp#27;[32m INFO&amp#27;[m &amp#27;[35m[@503 - main]&amp#27;[m &amp#27;[36mcom.shaft.tools.io.ReportManager&amp#27;[m : File Action "DoesFileExist" successfully performed. With the following test data "File Path: "C:\eclipse-workspace\MyProjects\TASystemsAPIs\src\test\resources\testDataFiles\Schemas\ValidationError_schema.json"".
2023-01-12 11:57:25.386 &amp#27;[32m INFO&amp#27;[m &amp#27;[35m[@503 - main]&amp#27;[m &amp#27;[36mcom.shaft.tools.io.ReportManager&amp#27;[m : File Action "GetAbsolutePath" successfully performed. With the following test data "Relative Folder Path: "C:\eclipse-workspace\MyProjects\TASystemsAPIs\src\test\resources\testDataFiles\Schemas\ValidationError_schema.json"".
2023-01-12 11:57:25.386 &amp#27;[32m INFO&amp#27;[m &amp#27;[35m[@503 - main]&amp#27;[m &amp#27;[36mcom.shaft.tools.io.ReportManager&amp#27;[m : File Action "ReadFile" successfully performed. With the following test data "File Path: "C:\eclipse-workspace\MyProjects\TASystemsAPIs\src\test\resources\testDataFiles\Schemas\ValidationError_schema.json"".
2023-01-12 11:57:25.387 &amp#27;[32m INFO&amp#27;[m &amp#27;[35m[@503 - main]&amp#27;[m &amp#27;[36mcom.shaft.tools.io.ReportManager&amp#27;[m : Successfully created attachment "Validation Test Data - Expected JSON Value"
2023-01-12 11:57:25.388 &amp#27;[32m INFO&amp#27;[m &amp#27;[35m[@503 - main]&amp#27;[m &amp#27;[36mcom.shaft.tools.io.ReportManager&amp#27;[m : Successfully created attachment "Validation Test Data - Actual JSON Value"
2023-01-12 11:57:25.389 &amp#27;[32m INFO&amp#27;[m &amp#27;[35m[@503 - main]&amp#27;[m &amp#27;[36mcom.shaft.tools.io.ReportManager&amp#27;[m : Successfully created attachment "SHAFT Engine Logs - Current Method log: Update_Policy_With_Missing_Keys_TC"
]]></system-out>
  </testcase>
  <testcase name="Update_Policy_With_Missing_Keys_TC[[Ljava.lang.Object;@400e5893](11)" classname="SteeringCompanyAPI_TestCases.Test_Policies_Cases" time="1.064">
    <system-out><![CDATA[2023-01-12 11:57:25.391 &amp#27;[32m INFO&amp#27;[m &amp#27;[35m[@534 - main]&amp#27;[m &amp#27;[36mcom.shaft.tools.io.ReportManager&amp#27;[m : 
################################################################################################################################################
Starting Execution:	"110 out of 56" test cases in the current suite
Test Method:		"SteeringCompanyAPI_TestCases.Test_Policies_Cases.Update_Policy_With_Missing_Keys_TC"
Test Description:	"TC051 - Perform Update Policy with Missing Keys"
################################################################################################################################################
2023-01-12 11:57:25.391 &amp#27;[32m INFO&amp#27;[m &amp#27;[35m[@503 - main]&amp#27;[m &amp#27;[36mcom.shaft.tools.io.ReportManager&amp#27;[m : File Action "DoesFileExist" successfully performed. With the following test data "File Path: "SteeringCompanyAPI_TestData/SteeringCompanyAPI_TestData.xlsx"".
2023-01-12 11:57:25.400 &amp#27;[32m INFO&amp#27;[m &amp#27;[35m[@503 - main]&amp#27;[m &amp#27;[36mcom.shaft.tools.io.ReportManager&amp#27;[m : Successfully created attachment "Test Data - Excel"
2023-01-12 11:57:25.961 &amp#27;[32m INFO&amp#27;[m &amp#27;[35m[@503 - main]&amp#27;[m &amp#27;[36mcom.shaft.tools.io.ReportManager&amp#27;[m : Response status code: "200", status line: "HTTP/1.1 200 OK"
2023-01-12 11:57:25.971 &amp#27;[32m INFO&amp#27;[m &amp#27;[35m[@503 - main]&amp#27;[m &amp#27;[36mcom.shaft.tools.io.ReportManager&amp#27;[m : Successfully created attachment "API Request - Specifications"
2023-01-12 11:57:25.972 &amp#27;[32m INFO&amp#27;[m &amp#27;[35m[@503 - main]&amp#27;[m &amp#27;[36mcom.shaft.tools.io.ReportManager&amp#27;[m : Successfully created attachment "API Request - Body"
2023-01-12 11:57:25.973 &amp#27;[32m INFO&amp#27;[m &amp#27;[35m[@503 - main]&amp#27;[m &amp#27;[36mcom.shaft.tools.io.ReportManager&amp#27;[m : Successfully created attachment "API Response - JSON Body"
2023-01-12 11:57:25.980 &amp#27;[32m INFO&amp#27;[m &amp#27;[35m[@503 - main]&amp#27;[m &amp#27;[36mcom.shaft.tools.io.ReportManager&amp#27;[m : File Action "DoesFileExist" successfully performed. With the following test data "File Path: "SteeringCompanyAPI_TestData/SteeringCompanyAPI_TestData.xlsx"".
2023-01-12 11:57:25.989 &amp#27;[32m INFO&amp#27;[m &amp#27;[35m[@503 - main]&amp#27;[m &amp#27;[36mcom.shaft.tools.io.ReportManager&amp#27;[m : Successfully created attachment "Test Data - Excel"
2023-01-12 11:57:26.431 &amp#27;[32m INFO&amp#27;[m &amp#27;[35m[@503 - main]&amp#27;[m &amp#27;[36mcom.shaft.tools.io.ReportManager&amp#27;[m : Response status code: "422", status line: "HTTP/1.1 422 "
2023-01-12 11:57:26.445 &amp#27;[32m INFO&amp#27;[m &amp#27;[35m[@503 - main]&amp#27;[m &amp#27;[36mcom.shaft.tools.io.ReportManager&amp#27;[m : Successfully created attachment "API Request - Specifications"
2023-01-12 11:57:26.445 &amp#27;[32m INFO&amp#27;[m &amp#27;[35m[@503 - main]&amp#27;[m &amp#27;[36mcom.shaft.tools.io.ReportManager&amp#27;[m : Successfully created attachment "API Request - JSON Body"
2023-01-12 11:57:26.446 &amp#27;[32m INFO&amp#27;[m &amp#27;[35m[@503 - main]&amp#27;[m &amp#27;[36mcom.shaft.tools.io.ReportManager&amp#27;[m : Successfully created attachment "API Response - JSON Body"
2023-01-12 11:57:26.446 &amp#27;[32m INFO&amp#27;[m &amp#27;[35m[@503 - main]&amp#27;[m &amp#27;[36mcom.shaft.tools.io.ReportManager&amp#27;[m : File Action "DoesFileExist" successfully performed. With the following test data "File Path: "Schemas/ValidationError_schema.json"".
2023-01-12 11:57:26.446 &amp#27;[32m INFO&amp#27;[m &amp#27;[35m[@503 - main]&amp#27;[m &amp#27;[36mcom.shaft.tools.io.ReportManager&amp#27;[m : File Action "DoesFileExist" successfully performed. With the following test data "File Path: "src/test/resources/testDataFiles/Schemas/ValidationError_schema.json"".
2023-01-12 11:57:26.446 &amp#27;[32m INFO&amp#27;[m &amp#27;[35m[@503 - main]&amp#27;[m &amp#27;[36mcom.shaft.tools.io.ReportManager&amp#27;[m : File Action "GetAbsolutePath" successfully performed. With the following test data "Relative Folder Path: "src/test/resources/testDataFiles/Schemas/ValidationError_schema.json"".
2023-01-12 11:57:26.449 &amp#27;[32m INFO&amp#27;[m &amp#27;[35m[@503 - main]&amp#27;[m &amp#27;[36mcom.shaft.tools.io.ReportManager&amp#27;[m : File Action "DoesFileExist" successfully performed. With the following test data "File Path: "C:\eclipse-workspace\MyProjects\TASystemsAPIs\src\test\resources\testDataFiles\Schemas\ValidationError_schema.json"".
2023-01-12 11:57:26.449 &amp#27;[32m INFO&amp#27;[m &amp#27;[35m[@503 - main]&amp#27;[m &amp#27;[36mcom.shaft.tools.io.ReportManager&amp#27;[m : File Action "GetAbsolutePath" successfully performed. With the following test data "Relative Folder Path: "C:\eclipse-workspace\MyProjects\TASystemsAPIs\src\test\resources\testDataFiles\Schemas\ValidationError_schema.json"".
2023-01-12 11:57:26.449 &amp#27;[32m INFO&amp#27;[m &amp#27;[35m[@503 - main]&amp#27;[m &amp#27;[36mcom.shaft.tools.io.ReportManager&amp#27;[m : File Action "ReadFile" successfully performed. With the following test data "File Path: "C:\eclipse-workspace\MyProjects\TASystemsAPIs\src\test\resources\testDataFiles\Schemas\ValidationError_schema.json"".
2023-01-12 11:57:26.451 &amp#27;[32m INFO&amp#27;[m &amp#27;[35m[@503 - main]&amp#27;[m &amp#27;[36mcom.shaft.tools.io.ReportManager&amp#27;[m : Successfully created attachment "Validation Test Data - Expected JSON Value"
2023-01-12 11:57:26.452 &amp#27;[32m INFO&amp#27;[m &amp#27;[35m[@503 - main]&amp#27;[m &amp#27;[36mcom.shaft.tools.io.ReportManager&amp#27;[m : Successfully created attachment "Validation Test Data - Actual JSON Value"
2023-01-12 11:57:26.453 &amp#27;[32m INFO&amp#27;[m &amp#27;[35m[@503 - main]&amp#27;[m &amp#27;[36mcom.shaft.tools.io.ReportManager&amp#27;[m : Successfully created attachment "SHAFT Engine Logs - Current Method log: Update_Policy_With_Missing_Keys_TC"
]]></system-out>
  </testcase>
  <testcase name="Update_Policy_With_Missing_Keys_TC[[Ljava.lang.Object;@4bd18e68](12)" classname="SteeringCompanyAPI_TestCases.Test_Policies_Cases" time="1.109">
    <system-out><![CDATA[2023-01-12 11:57:26.455 &amp#27;[32m INFO&amp#27;[m &amp#27;[35m[@534 - main]&amp#27;[m &amp#27;[36mcom.shaft.tools.io.ReportManager&amp#27;[m : 
################################################################################################################################################
Starting Execution:	"111 out of 56" test cases in the current suite
Test Method:		"SteeringCompanyAPI_TestCases.Test_Policies_Cases.Update_Policy_With_Missing_Keys_TC"
Test Description:	"TC051 - Perform Update Policy with Missing Keys"
################################################################################################################################################
2023-01-12 11:57:26.456 &amp#27;[32m INFO&amp#27;[m &amp#27;[35m[@503 - main]&amp#27;[m &amp#27;[36mcom.shaft.tools.io.ReportManager&amp#27;[m : File Action "DoesFileExist" successfully performed. With the following test data "File Path: "SteeringCompanyAPI_TestData/SteeringCompanyAPI_TestData.xlsx"".
2023-01-12 11:57:26.464 &amp#27;[32m INFO&amp#27;[m &amp#27;[35m[@503 - main]&amp#27;[m &amp#27;[36mcom.shaft.tools.io.ReportManager&amp#27;[m : Successfully created attachment "Test Data - Excel"
2023-01-12 11:57:27.056 &amp#27;[32m INFO&amp#27;[m &amp#27;[35m[@503 - main]&amp#27;[m &amp#27;[36mcom.shaft.tools.io.ReportManager&amp#27;[m : Response status code: "200", status line: "HTTP/1.1 200 OK"
2023-01-12 11:57:27.066 &amp#27;[32m INFO&amp#27;[m &amp#27;[35m[@503 - main]&amp#27;[m &amp#27;[36mcom.shaft.tools.io.ReportManager&amp#27;[m : Successfully created attachment "API Request - Specifications"
2023-01-12 11:57:27.067 &amp#27;[32m INFO&amp#27;[m &amp#27;[35m[@503 - main]&amp#27;[m &amp#27;[36mcom.shaft.tools.io.ReportManager&amp#27;[m : Successfully created attachment "API Request - Body"
2023-01-12 11:57:27.068 &amp#27;[32m INFO&amp#27;[m &amp#27;[35m[@503 - main]&amp#27;[m &amp#27;[36mcom.shaft.tools.io.ReportManager&amp#27;[m : Successfully created attachment "API Response - JSON Body"
2023-01-12 11:57:27.074 &amp#27;[32m INFO&amp#27;[m &amp#27;[35m[@503 - main]&amp#27;[m &amp#27;[36mcom.shaft.tools.io.ReportManager&amp#27;[m : File Action "DoesFileExist" successfully performed. With the following test data "File Path: "SteeringCompanyAPI_TestData/SteeringCompanyAPI_TestData.xlsx"".
2023-01-12 11:57:27.084 &amp#27;[32m INFO&amp#27;[m &amp#27;[35m[@503 - main]&amp#27;[m &amp#27;[36mcom.shaft.tools.io.ReportManager&amp#27;[m : Successfully created attachment "Test Data - Excel"
2023-01-12 11:57:27.544 &amp#27;[32m INFO&amp#27;[m &amp#27;[35m[@503 - main]&amp#27;[m &amp#27;[36mcom.shaft.tools.io.ReportManager&amp#27;[m : Response status code: "422", status line: "HTTP/1.1 422 "
2023-01-12 11:57:27.555 &amp#27;[32m INFO&amp#27;[m &amp#27;[35m[@503 - main]&amp#27;[m &amp#27;[36mcom.shaft.tools.io.ReportManager&amp#27;[m : Successfully created attachment "API Request - Specifications"
2023-01-12 11:57:27.556 &amp#27;[32m INFO&amp#27;[m &amp#27;[35m[@503 - main]&amp#27;[m &amp#27;[36mcom.shaft.tools.io.ReportManager&amp#27;[m : Successfully created attachment "API Request - JSON Body"
2023-01-12 11:57:27.556 &amp#27;[32m INFO&amp#27;[m &amp#27;[35m[@503 - main]&amp#27;[m &amp#27;[36mcom.shaft.tools.io.ReportManager&amp#27;[m : Successfully created attachment "API Response - JSON Body"
2023-01-12 11:57:27.557 &amp#27;[32m INFO&amp#27;[m &amp#27;[35m[@503 - main]&amp#27;[m &amp#27;[36mcom.shaft.tools.io.ReportManager&amp#27;[m : File Action "DoesFileExist" successfully performed. With the following test data "File Path: "Schemas/ValidationError_schema.json"".
2023-01-12 11:57:27.557 &amp#27;[32m INFO&amp#27;[m &amp#27;[35m[@503 - main]&amp#27;[m &amp#27;[36mcom.shaft.tools.io.ReportManager&amp#27;[m : File Action "DoesFileExist" successfully performed. With the following test data "File Path: "src/test/resources/testDataFiles/Schemas/ValidationError_schema.json"".
2023-01-12 11:57:27.557 &amp#27;[32m INFO&amp#27;[m &amp#27;[35m[@503 - main]&amp#27;[m &amp#27;[36mcom.shaft.tools.io.ReportManager&amp#27;[m : File Action "GetAbsolutePath" successfully performed. With the following test data "Relative Folder Path: "src/test/resources/testDataFiles/Schemas/ValidationError_schema.json"".
2023-01-12 11:57:27.559 &amp#27;[32m INFO&amp#27;[m &amp#27;[35m[@503 - main]&amp#27;[m &amp#27;[36mcom.shaft.tools.io.ReportManager&amp#27;[m : File Action "DoesFileExist" successfully performed. With the following test data "File Path: "C:\eclipse-workspace\MyProjects\TASystemsAPIs\src\test\resources\testDataFiles\Schemas\ValidationError_schema.json"".
2023-01-12 11:57:27.559 &amp#27;[32m INFO&amp#27;[m &amp#27;[35m[@503 - main]&amp#27;[m &amp#27;[36mcom.shaft.tools.io.ReportManager&amp#27;[m : File Action "GetAbsolutePath" successfully performed. With the following test data "Relative Folder Path: "C:\eclipse-workspace\MyProjects\TASystemsAPIs\src\test\resources\testDataFiles\Schemas\ValidationError_schema.json"".
2023-01-12 11:57:27.559 &amp#27;[32m INFO&amp#27;[m &amp#27;[35m[@503 - main]&amp#27;[m &amp#27;[36mcom.shaft.tools.io.ReportManager&amp#27;[m : File Action "ReadFile" successfully performed. With the following test data "File Path: "C:\eclipse-workspace\MyProjects\TASystemsAPIs\src\test\resources\testDataFiles\Schemas\ValidationError_schema.json"".
2023-01-12 11:57:27.560 &amp#27;[32m INFO&amp#27;[m &amp#27;[35m[@503 - main]&amp#27;[m &amp#27;[36mcom.shaft.tools.io.ReportManager&amp#27;[m : Successfully created attachment "Validation Test Data - Expected JSON Value"
2023-01-12 11:57:27.560 &amp#27;[32m INFO&amp#27;[m &amp#27;[35m[@503 - main]&amp#27;[m &amp#27;[36mcom.shaft.tools.io.ReportManager&amp#27;[m : Successfully created attachment "Validation Test Data - Actual JSON Value"
2023-01-12 11:57:27.561 &amp#27;[32m INFO&amp#27;[m &amp#27;[35m[@503 - main]&amp#27;[m &amp#27;[36mcom.shaft.tools.io.ReportManager&amp#27;[m : Successfully created attachment "SHAFT Engine Logs - Current Method log: Update_Policy_With_Missing_Keys_TC"
]]></system-out>
  </testcase>
  <testcase name="Update_Policy_With_Missing_Keys_TC[[Ljava.lang.Object;@2eca819f](13)" classname="SteeringCompanyAPI_TestCases.Test_Policies_Cases" time="1.095">
    <system-out><![CDATA[2023-01-12 11:57:27.564 &amp#27;[32m INFO&amp#27;[m &amp#27;[35m[@534 - main]&amp#27;[m &amp#27;[36mcom.shaft.tools.io.ReportManager&amp#27;[m : 
################################################################################################################################################
Starting Execution:	"112 out of 56" test cases in the current suite
Test Method:		"SteeringCompanyAPI_TestCases.Test_Policies_Cases.Update_Policy_With_Missing_Keys_TC"
Test Description:	"TC051 - Perform Update Policy with Missing Keys"
################################################################################################################################################
2023-01-12 11:57:27.564 &amp#27;[32m INFO&amp#27;[m &amp#27;[35m[@503 - main]&amp#27;[m &amp#27;[36mcom.shaft.tools.io.ReportManager&amp#27;[m : File Action "DoesFileExist" successfully performed. With the following test data "File Path: "SteeringCompanyAPI_TestData/SteeringCompanyAPI_TestData.xlsx"".
2023-01-12 11:57:27.581 &amp#27;[32m INFO&amp#27;[m &amp#27;[35m[@503 - main]&amp#27;[m &amp#27;[36mcom.shaft.tools.io.ReportManager&amp#27;[m : Successfully created attachment "Test Data - Excel"
2023-01-12 11:57:28.161 &amp#27;[32m INFO&amp#27;[m &amp#27;[35m[@503 - main]&amp#27;[m &amp#27;[36mcom.shaft.tools.io.ReportManager&amp#27;[m : Response status code: "200", status line: "HTTP/1.1 200 OK"
2023-01-12 11:57:28.171 &amp#27;[32m INFO&amp#27;[m &amp#27;[35m[@503 - main]&amp#27;[m &amp#27;[36mcom.shaft.tools.io.ReportManager&amp#27;[m : Successfully created attachment "API Request - Specifications"
2023-01-12 11:57:28.172 &amp#27;[32m INFO&amp#27;[m &amp#27;[35m[@503 - main]&amp#27;[m &amp#27;[36mcom.shaft.tools.io.ReportManager&amp#27;[m : Successfully created attachment "API Request - Body"
2023-01-12 11:57:28.172 &amp#27;[32m INFO&amp#27;[m &amp#27;[35m[@503 - main]&amp#27;[m &amp#27;[36mcom.shaft.tools.io.ReportManager&amp#27;[m : Successfully created attachment "API Response - JSON Body"
2023-01-12 11:57:28.179 &amp#27;[32m INFO&amp#27;[m &amp#27;[35m[@503 - main]&amp#27;[m &amp#27;[36mcom.shaft.tools.io.ReportManager&amp#27;[m : File Action "DoesFileExist" successfully performed. With the following test data "File Path: "SteeringCompanyAPI_TestData/SteeringCompanyAPI_TestData.xlsx"".
2023-01-12 11:57:28.187 &amp#27;[32m INFO&amp#27;[m &amp#27;[35m[@503 - main]&amp#27;[m &amp#27;[36mcom.shaft.tools.io.ReportManager&amp#27;[m : Successfully created attachment "Test Data - Excel"
2023-01-12 11:57:28.638 &amp#27;[32m INFO&amp#27;[m &amp#27;[35m[@503 - main]&amp#27;[m &amp#27;[36mcom.shaft.tools.io.ReportManager&amp#27;[m : Response status code: "422", status line: "HTTP/1.1 422 "
2023-01-12 11:57:28.651 &amp#27;[32m INFO&amp#27;[m &amp#27;[35m[@503 - main]&amp#27;[m &amp#27;[36mcom.shaft.tools.io.ReportManager&amp#27;[m : Successfully created attachment "API Request - Specifications"
2023-01-12 11:57:28.651 &amp#27;[32m INFO&amp#27;[m &amp#27;[35m[@503 - main]&amp#27;[m &amp#27;[36mcom.shaft.tools.io.ReportManager&amp#27;[m : Successfully created attachment "API Request - JSON Body"
2023-01-12 11:57:28.652 &amp#27;[32m INFO&amp#27;[m &amp#27;[35m[@503 - main]&amp#27;[m &amp#27;[36mcom.shaft.tools.io.ReportManager&amp#27;[m : Successfully created attachment "API Response - JSON Body"
2023-01-12 11:57:28.652 &amp#27;[32m INFO&amp#27;[m &amp#27;[35m[@503 - main]&amp#27;[m &amp#27;[36mcom.shaft.tools.io.ReportManager&amp#27;[m : File Action "DoesFileExist" successfully performed. With the following test data "File Path: "Schemas/ValidationError_schema.json"".
2023-01-12 11:57:28.652 &amp#27;[32m INFO&amp#27;[m &amp#27;[35m[@503 - main]&amp#27;[m &amp#27;[36mcom.shaft.tools.io.ReportManager&amp#27;[m : File Action "DoesFileExist" successfully performed. With the following test data "File Path: "src/test/resources/testDataFiles/Schemas/ValidationError_schema.json"".
2023-01-12 11:57:28.653 &amp#27;[32m INFO&amp#27;[m &amp#27;[35m[@503 - main]&amp#27;[m &amp#27;[36mcom.shaft.tools.io.ReportManager&amp#27;[m : File Action "GetAbsolutePath" successfully performed. With the following test data "Relative Folder Path: "src/test/resources/testDataFiles/Schemas/ValidationError_schema.json"".
2023-01-12 11:57:28.654 &amp#27;[32m INFO&amp#27;[m &amp#27;[35m[@503 - main]&amp#27;[m &amp#27;[36mcom.shaft.tools.io.ReportManager&amp#27;[m : File Action "DoesFileExist" successfully performed. With the following test data "File Path: "C:\eclipse-workspace\MyProjects\TASystemsAPIs\src\test\resources\testDataFiles\Schemas\ValidationError_schema.json"".
2023-01-12 11:57:28.654 &amp#27;[32m INFO&amp#27;[m &amp#27;[35m[@503 - main]&amp#27;[m &amp#27;[36mcom.shaft.tools.io.ReportManager&amp#27;[m : File Action "GetAbsolutePath" successfully performed. With the following test data "Relative Folder Path: "C:\eclipse-workspace\MyProjects\TASystemsAPIs\src\test\resources\testDataFiles\Schemas\ValidationError_schema.json"".
2023-01-12 11:57:28.655 &amp#27;[32m INFO&amp#27;[m &amp#27;[35m[@503 - main]&amp#27;[m &amp#27;[36mcom.shaft.tools.io.ReportManager&amp#27;[m : File Action "ReadFile" successfully performed. With the following test data "File Path: "C:\eclipse-workspace\MyProjects\TASystemsAPIs\src\test\resources\testDataFiles\Schemas\ValidationError_schema.json"".
2023-01-12 11:57:28.656 &amp#27;[32m INFO&amp#27;[m &amp#27;[35m[@503 - main]&amp#27;[m &amp#27;[36mcom.shaft.tools.io.ReportManager&amp#27;[m : Successfully created attachment "Validation Test Data - Expected JSON Value"
2023-01-12 11:57:28.656 &amp#27;[32m INFO&amp#27;[m &amp#27;[35m[@503 - main]&amp#27;[m &amp#27;[36mcom.shaft.tools.io.ReportManager&amp#27;[m : Successfully created attachment "Validation Test Data - Actual JSON Value"
2023-01-12 11:57:28.657 &amp#27;[32m INFO&amp#27;[m &amp#27;[35m[@503 - main]&amp#27;[m &amp#27;[36mcom.shaft.tools.io.ReportManager&amp#27;[m : Successfully created attachment "SHAFT Engine Logs - Current Method log: Update_Policy_With_Missing_Keys_TC"
]]></system-out>
  </testcase>
  <testcase name="Update_Policy_With_Missing_Keys_TC[[Ljava.lang.Object;@615adefa](14)" classname="SteeringCompanyAPI_TestCases.Test_Policies_Cases" time="1.076">
    <system-out><![CDATA[2023-01-12 11:57:28.658 &amp#27;[32m INFO&amp#27;[m &amp#27;[35m[@534 - main]&amp#27;[m &amp#27;[36mcom.shaft.tools.io.ReportManager&amp#27;[m : 
################################################################################################################################################
Starting Execution:	"113 out of 56" test cases in the current suite
Test Method:		"SteeringCompanyAPI_TestCases.Test_Policies_Cases.Update_Policy_With_Missing_Keys_TC"
Test Description:	"TC051 - Perform Update Policy with Missing Keys"
################################################################################################################################################
2023-01-12 11:57:28.658 &amp#27;[32m INFO&amp#27;[m &amp#27;[35m[@503 - main]&amp#27;[m &amp#27;[36mcom.shaft.tools.io.ReportManager&amp#27;[m : File Action "DoesFileExist" successfully performed. With the following test data "File Path: "SteeringCompanyAPI_TestData/SteeringCompanyAPI_TestData.xlsx"".
2023-01-12 11:57:28.667 &amp#27;[32m INFO&amp#27;[m &amp#27;[35m[@503 - main]&amp#27;[m &amp#27;[36mcom.shaft.tools.io.ReportManager&amp#27;[m : Successfully created attachment "Test Data - Excel"
2023-01-12 11:57:29.241 &amp#27;[32m INFO&amp#27;[m &amp#27;[35m[@503 - main]&amp#27;[m &amp#27;[36mcom.shaft.tools.io.ReportManager&amp#27;[m : Response status code: "200", status line: "HTTP/1.1 200 OK"
2023-01-12 11:57:29.253 &amp#27;[32m INFO&amp#27;[m &amp#27;[35m[@503 - main]&amp#27;[m &amp#27;[36mcom.shaft.tools.io.ReportManager&amp#27;[m : Successfully created attachment "API Request - Specifications"
2023-01-12 11:57:29.254 &amp#27;[32m INFO&amp#27;[m &amp#27;[35m[@503 - main]&amp#27;[m &amp#27;[36mcom.shaft.tools.io.ReportManager&amp#27;[m : Successfully created attachment "API Request - Body"
2023-01-12 11:57:29.254 &amp#27;[32m INFO&amp#27;[m &amp#27;[35m[@503 - main]&amp#27;[m &amp#27;[36mcom.shaft.tools.io.ReportManager&amp#27;[m : Successfully created attachment "API Response - JSON Body"
2023-01-12 11:57:29.261 &amp#27;[32m INFO&amp#27;[m &amp#27;[35m[@503 - main]&amp#27;[m &amp#27;[36mcom.shaft.tools.io.ReportManager&amp#27;[m : File Action "DoesFileExist" successfully performed. With the following test data "File Path: "SteeringCompanyAPI_TestData/SteeringCompanyAPI_TestData.xlsx"".
2023-01-12 11:57:29.271 &amp#27;[32m INFO&amp#27;[m &amp#27;[35m[@503 - main]&amp#27;[m &amp#27;[36mcom.shaft.tools.io.ReportManager&amp#27;[m : Successfully created attachment "Test Data - Excel"
2023-01-12 11:57:29.714 &amp#27;[32m INFO&amp#27;[m &amp#27;[35m[@503 - main]&amp#27;[m &amp#27;[36mcom.shaft.tools.io.ReportManager&amp#27;[m : Response status code: "422", status line: "HTTP/1.1 422 "
2023-01-12 11:57:29.725 &amp#27;[32m INFO&amp#27;[m &amp#27;[35m[@503 - main]&amp#27;[m &amp#27;[36mcom.shaft.tools.io.ReportManager&amp#27;[m : Successfully created attachment "API Request - Specifications"
2023-01-12 11:57:29.726 &amp#27;[32m INFO&amp#27;[m &amp#27;[35m[@503 - main]&amp#27;[m &amp#27;[36mcom.shaft.tools.io.ReportManager&amp#27;[m : Successfully created attachment "API Request - JSON Body"
2023-01-12 11:57:29.727 &amp#27;[32m INFO&amp#27;[m &amp#27;[35m[@503 - main]&amp#27;[m &amp#27;[36mcom.shaft.tools.io.ReportManager&amp#27;[m : Successfully created attachment "API Response - JSON Body"
2023-01-12 11:57:29.728 &amp#27;[32m INFO&amp#27;[m &amp#27;[35m[@503 - main]&amp#27;[m &amp#27;[36mcom.shaft.tools.io.ReportManager&amp#27;[m : File Action "DoesFileExist" successfully performed. With the following test data "File Path: "Schemas/ValidationError_schema.json"".
2023-01-12 11:57:29.728 &amp#27;[32m INFO&amp#27;[m &amp#27;[35m[@503 - main]&amp#27;[m &amp#27;[36mcom.shaft.tools.io.ReportManager&amp#27;[m : File Action "DoesFileExist" successfully performed. With the following test data "File Path: "src/test/resources/testDataFiles/Schemas/ValidationError_schema.json"".
2023-01-12 11:57:29.728 &amp#27;[32m INFO&amp#27;[m &amp#27;[35m[@503 - main]&amp#27;[m &amp#27;[36mcom.shaft.tools.io.ReportManager&amp#27;[m : File Action "GetAbsolutePath" successfully performed. With the following test data "Relative Folder Path: "src/test/resources/testDataFiles/Schemas/ValidationError_schema.json"".
2023-01-12 11:57:29.730 &amp#27;[32m INFO&amp#27;[m &amp#27;[35m[@503 - main]&amp#27;[m &amp#27;[36mcom.shaft.tools.io.ReportManager&amp#27;[m : File Action "DoesFileExist" successfully performed. With the following test data "File Path: "C:\eclipse-workspace\MyProjects\TASystemsAPIs\src\test\resources\testDataFiles\Schemas\ValidationError_schema.json"".
2023-01-12 11:57:29.730 &amp#27;[32m INFO&amp#27;[m &amp#27;[35m[@503 - main]&amp#27;[m &amp#27;[36mcom.shaft.tools.io.ReportManager&amp#27;[m : File Action "GetAbsolutePath" successfully performed. With the following test data "Relative Folder Path: "C:\eclipse-workspace\MyProjects\TASystemsAPIs\src\test\resources\testDataFiles\Schemas\ValidationError_schema.json"".
2023-01-12 11:57:29.730 &amp#27;[32m INFO&amp#27;[m &amp#27;[35m[@503 - main]&amp#27;[m &amp#27;[36mcom.shaft.tools.io.ReportManager&amp#27;[m : File Action "ReadFile" successfully performed. With the following test data "File Path: "C:\eclipse-workspace\MyProjects\TASystemsAPIs\src\test\resources\testDataFiles\Schemas\ValidationError_schema.json"".
2023-01-12 11:57:29.732 &amp#27;[32m INFO&amp#27;[m &amp#27;[35m[@503 - main]&amp#27;[m &amp#27;[36mcom.shaft.tools.io.ReportManager&amp#27;[m : Successfully created attachment "Validation Test Data - Expected JSON Value"
2023-01-12 11:57:29.732 &amp#27;[32m INFO&amp#27;[m &amp#27;[35m[@503 - main]&amp#27;[m &amp#27;[36mcom.shaft.tools.io.ReportManager&amp#27;[m : Successfully created attachment "Validation Test Data - Actual JSON Value"
2023-01-12 11:57:29.733 &amp#27;[32m INFO&amp#27;[m &amp#27;[35m[@503 - main]&amp#27;[m &amp#27;[36mcom.shaft.tools.io.ReportManager&amp#27;[m : Successfully created attachment "SHAFT Engine Logs - Current Method log: Update_Policy_With_Missing_Keys_TC"
]]></system-out>
  </testcase>
  <testcase name="Update_Policy_With_Missing_Keys_TC[[Ljava.lang.Object;@4c5aa9](15)" classname="SteeringCompanyAPI_TestCases.Test_Policies_Cases" time="1.102">
    <system-out><![CDATA[2023-01-12 11:57:29.734 &amp#27;[32m INFO&amp#27;[m &amp#27;[35m[@534 - main]&amp#27;[m &amp#27;[36mcom.shaft.tools.io.ReportManager&amp#27;[m : 
################################################################################################################################################
Starting Execution:	"114 out of 56" test cases in the current suite
Test Method:		"SteeringCompanyAPI_TestCases.Test_Policies_Cases.Update_Policy_With_Missing_Keys_TC"
Test Description:	"TC051 - Perform Update Policy with Missing Keys"
################################################################################################################################################
2023-01-12 11:57:29.735 &amp#27;[32m INFO&amp#27;[m &amp#27;[35m[@503 - main]&amp#27;[m &amp#27;[36mcom.shaft.tools.io.ReportManager&amp#27;[m : File Action "DoesFileExist" successfully performed. With the following test data "File Path: "SteeringCompanyAPI_TestData/SteeringCompanyAPI_TestData.xlsx"".
2023-01-12 11:57:29.744 &amp#27;[32m INFO&amp#27;[m &amp#27;[35m[@503 - main]&amp#27;[m &amp#27;[36mcom.shaft.tools.io.ReportManager&amp#27;[m : Successfully created attachment "Test Data - Excel"
2023-01-12 11:57:30.346 &amp#27;[32m INFO&amp#27;[m &amp#27;[35m[@503 - main]&amp#27;[m &amp#27;[36mcom.shaft.tools.io.ReportManager&amp#27;[m : Response status code: "200", status line: "HTTP/1.1 200 OK"
2023-01-12 11:57:30.359 &amp#27;[32m INFO&amp#27;[m &amp#27;[35m[@503 - main]&amp#27;[m &amp#27;[36mcom.shaft.tools.io.ReportManager&amp#27;[m : Successfully created attachment "API Request - Specifications"
2023-01-12 11:57:30.360 &amp#27;[32m INFO&amp#27;[m &amp#27;[35m[@503 - main]&amp#27;[m &amp#27;[36mcom.shaft.tools.io.ReportManager&amp#27;[m : Successfully created attachment "API Request - Body"
2023-01-12 11:57:30.360 &amp#27;[32m INFO&amp#27;[m &amp#27;[35m[@503 - main]&amp#27;[m &amp#27;[36mcom.shaft.tools.io.ReportManager&amp#27;[m : Successfully created attachment "API Response - JSON Body"
2023-01-12 11:57:30.367 &amp#27;[32m INFO&amp#27;[m &amp#27;[35m[@503 - main]&amp#27;[m &amp#27;[36mcom.shaft.tools.io.ReportManager&amp#27;[m : File Action "DoesFileExist" successfully performed. With the following test data "File Path: "SteeringCompanyAPI_TestData/SteeringCompanyAPI_TestData.xlsx"".
2023-01-12 11:57:30.375 &amp#27;[32m INFO&amp#27;[m &amp#27;[35m[@503 - main]&amp#27;[m &amp#27;[36mcom.shaft.tools.io.ReportManager&amp#27;[m : Successfully created attachment "Test Data - Excel"
2023-01-12 11:57:30.817 &amp#27;[32m INFO&amp#27;[m &amp#27;[35m[@503 - main]&amp#27;[m &amp#27;[36mcom.shaft.tools.io.ReportManager&amp#27;[m : Response status code: "422", status line: "HTTP/1.1 422 "
2023-01-12 11:57:30.826 &amp#27;[32m INFO&amp#27;[m &amp#27;[35m[@503 - main]&amp#27;[m &amp#27;[36mcom.shaft.tools.io.ReportManager&amp#27;[m : Successfully created attachment "API Request - Specifications"
2023-01-12 11:57:30.827 &amp#27;[32m INFO&amp#27;[m &amp#27;[35m[@503 - main]&amp#27;[m &amp#27;[36mcom.shaft.tools.io.ReportManager&amp#27;[m : Successfully created attachment "API Request - JSON Body"
2023-01-12 11:57:30.828 &amp#27;[32m INFO&amp#27;[m &amp#27;[35m[@503 - main]&amp#27;[m &amp#27;[36mcom.shaft.tools.io.ReportManager&amp#27;[m : Successfully created attachment "API Response - JSON Body"
2023-01-12 11:57:30.828 &amp#27;[32m INFO&amp#27;[m &amp#27;[35m[@503 - main]&amp#27;[m &amp#27;[36mcom.shaft.tools.io.ReportManager&amp#27;[m : File Action "DoesFileExist" successfully performed. With the following test data "File Path: "Schemas/ValidationError_schema.json"".
2023-01-12 11:57:30.828 &amp#27;[32m INFO&amp#27;[m &amp#27;[35m[@503 - main]&amp#27;[m &amp#27;[36mcom.shaft.tools.io.ReportManager&amp#27;[m : File Action "DoesFileExist" successfully performed. With the following test data "File Path: "src/test/resources/testDataFiles/Schemas/ValidationError_schema.json"".
2023-01-12 11:57:30.828 &amp#27;[32m INFO&amp#27;[m &amp#27;[35m[@503 - main]&amp#27;[m &amp#27;[36mcom.shaft.tools.io.ReportManager&amp#27;[m : File Action "GetAbsolutePath" successfully performed. With the following test data "Relative Folder Path: "src/test/resources/testDataFiles/Schemas/ValidationError_schema.json"".
2023-01-12 11:57:30.830 &amp#27;[32m INFO&amp#27;[m &amp#27;[35m[@503 - main]&amp#27;[m &amp#27;[36mcom.shaft.tools.io.ReportManager&amp#27;[m : File Action "DoesFileExist" successfully performed. With the following test data "File Path: "C:\eclipse-workspace\MyProjects\TASystemsAPIs\src\test\resources\testDataFiles\Schemas\ValidationError_schema.json"".
2023-01-12 11:57:30.831 &amp#27;[32m INFO&amp#27;[m &amp#27;[35m[@503 - main]&amp#27;[m &amp#27;[36mcom.shaft.tools.io.ReportManager&amp#27;[m : File Action "GetAbsolutePath" successfully performed. With the following test data "Relative Folder Path: "C:\eclipse-workspace\MyProjects\TASystemsAPIs\src\test\resources\testDataFiles\Schemas\ValidationError_schema.json"".
2023-01-12 11:57:30.831 &amp#27;[32m INFO&amp#27;[m &amp#27;[35m[@503 - main]&amp#27;[m &amp#27;[36mcom.shaft.tools.io.ReportManager&amp#27;[m : File Action "ReadFile" successfully performed. With the following test data "File Path: "C:\eclipse-workspace\MyProjects\TASystemsAPIs\src\test\resources\testDataFiles\Schemas\ValidationError_schema.json"".
2023-01-12 11:57:30.832 &amp#27;[32m INFO&amp#27;[m &amp#27;[35m[@503 - main]&amp#27;[m &amp#27;[36mcom.shaft.tools.io.ReportManager&amp#27;[m : Successfully created attachment "Validation Test Data - Expected JSON Value"
2023-01-12 11:57:30.833 &amp#27;[32m INFO&amp#27;[m &amp#27;[35m[@503 - main]&amp#27;[m &amp#27;[36mcom.shaft.tools.io.ReportManager&amp#27;[m : Successfully created attachment "Validation Test Data - Actual JSON Value"
2023-01-12 11:57:30.833 &amp#27;[32m INFO&amp#27;[m &amp#27;[35m[@503 - main]&amp#27;[m &amp#27;[36mcom.shaft.tools.io.ReportManager&amp#27;[m : Successfully created attachment "SHAFT Engine Logs - Current Method log: Update_Policy_With_Missing_Keys_TC"
]]></system-out>
  </testcase>
  <testcase name="Update_Policy_With_Missing_Keys_TC[[Ljava.lang.Object;@3cd60397](16)" classname="SteeringCompanyAPI_TestCases.Test_Policies_Cases" time="1.095">
    <system-out><![CDATA[2023-01-12 11:57:30.836 &amp#27;[32m INFO&amp#27;[m &amp#27;[35m[@534 - main]&amp#27;[m &amp#27;[36mcom.shaft.tools.io.ReportManager&amp#27;[m : 
################################################################################################################################################
Starting Execution:	"115 out of 56" test cases in the current suite
Test Method:		"SteeringCompanyAPI_TestCases.Test_Policies_Cases.Update_Policy_With_Missing_Keys_TC"
Test Description:	"TC051 - Perform Update Policy with Missing Keys"
################################################################################################################################################
2023-01-12 11:57:30.837 &amp#27;[32m INFO&amp#27;[m &amp#27;[35m[@503 - main]&amp#27;[m &amp#27;[36mcom.shaft.tools.io.ReportManager&amp#27;[m : File Action "DoesFileExist" successfully performed. With the following test data "File Path: "SteeringCompanyAPI_TestData/SteeringCompanyAPI_TestData.xlsx"".
2023-01-12 11:57:30.848 &amp#27;[32m INFO&amp#27;[m &amp#27;[35m[@503 - main]&amp#27;[m &amp#27;[36mcom.shaft.tools.io.ReportManager&amp#27;[m : Successfully created attachment "Test Data - Excel"
2023-01-12 11:57:31.435 &amp#27;[32m INFO&amp#27;[m &amp#27;[35m[@503 - main]&amp#27;[m &amp#27;[36mcom.shaft.tools.io.ReportManager&amp#27;[m : Response status code: "200", status line: "HTTP/1.1 200 OK"
2023-01-12 11:57:31.448 &amp#27;[32m INFO&amp#27;[m &amp#27;[35m[@503 - main]&amp#27;[m &amp#27;[36mcom.shaft.tools.io.ReportManager&amp#27;[m : Successfully created attachment "API Request - Specifications"
2023-01-12 11:57:31.448 &amp#27;[32m INFO&amp#27;[m &amp#27;[35m[@503 - main]&amp#27;[m &amp#27;[36mcom.shaft.tools.io.ReportManager&amp#27;[m : Successfully created attachment "API Request - Body"
2023-01-12 11:57:31.448 &amp#27;[32m INFO&amp#27;[m &amp#27;[35m[@503 - main]&amp#27;[m &amp#27;[36mcom.shaft.tools.io.ReportManager&amp#27;[m : Successfully created attachment "API Response - JSON Body"
2023-01-12 11:57:31.457 &amp#27;[32m INFO&amp#27;[m &amp#27;[35m[@503 - main]&amp#27;[m &amp#27;[36mcom.shaft.tools.io.ReportManager&amp#27;[m : File Action "DoesFileExist" successfully performed. With the following test data "File Path: "SteeringCompanyAPI_TestData/SteeringCompanyAPI_TestData.xlsx"".
2023-01-12 11:57:31.467 &amp#27;[32m INFO&amp#27;[m &amp#27;[35m[@503 - main]&amp#27;[m &amp#27;[36mcom.shaft.tools.io.ReportManager&amp#27;[m : Successfully created attachment "Test Data - Excel"
2023-01-12 11:57:31.912 &amp#27;[32m INFO&amp#27;[m &amp#27;[35m[@503 - main]&amp#27;[m &amp#27;[36mcom.shaft.tools.io.ReportManager&amp#27;[m : Response status code: "422", status line: "HTTP/1.1 422 "
2023-01-12 11:57:31.921 &amp#27;[32m INFO&amp#27;[m &amp#27;[35m[@503 - main]&amp#27;[m &amp#27;[36mcom.shaft.tools.io.ReportManager&amp#27;[m : Successfully created attachment "API Request - Specifications"
2023-01-12 11:57:31.921 &amp#27;[32m INFO&amp#27;[m &amp#27;[35m[@503 - main]&amp#27;[m &amp#27;[36mcom.shaft.tools.io.ReportManager&amp#27;[m : Successfully created attachment "API Request - JSON Body"
2023-01-12 11:57:31.922 &amp#27;[32m INFO&amp#27;[m &amp#27;[35m[@503 - main]&amp#27;[m &amp#27;[36mcom.shaft.tools.io.ReportManager&amp#27;[m : Successfully created attachment "API Response - JSON Body"
2023-01-12 11:57:31.922 &amp#27;[32m INFO&amp#27;[m &amp#27;[35m[@503 - main]&amp#27;[m &amp#27;[36mcom.shaft.tools.io.ReportManager&amp#27;[m : File Action "DoesFileExist" successfully performed. With the following test data "File Path: "Schemas/ValidationError_schema.json"".
2023-01-12 11:57:31.923 &amp#27;[32m INFO&amp#27;[m &amp#27;[35m[@503 - main]&amp#27;[m &amp#27;[36mcom.shaft.tools.io.ReportManager&amp#27;[m : File Action "DoesFileExist" successfully performed. With the following test data "File Path: "src/test/resources/testDataFiles/Schemas/ValidationError_schema.json"".
2023-01-12 11:57:31.923 &amp#27;[32m INFO&amp#27;[m &amp#27;[35m[@503 - main]&amp#27;[m &amp#27;[36mcom.shaft.tools.io.ReportManager&amp#27;[m : File Action "GetAbsolutePath" successfully performed. With the following test data "Relative Folder Path: "src/test/resources/testDataFiles/Schemas/ValidationError_schema.json"".
2023-01-12 11:57:31.925 &amp#27;[32m INFO&amp#27;[m &amp#27;[35m[@503 - main]&amp#27;[m &amp#27;[36mcom.shaft.tools.io.ReportManager&amp#27;[m : File Action "DoesFileExist" successfully performed. With the following test data "File Path: "C:\eclipse-workspace\MyProjects\TASystemsAPIs\src\test\resources\testDataFiles\Schemas\ValidationError_schema.json"".
2023-01-12 11:57:31.925 &amp#27;[32m INFO&amp#27;[m &amp#27;[35m[@503 - main]&amp#27;[m &amp#27;[36mcom.shaft.tools.io.ReportManager&amp#27;[m : File Action "GetAbsolutePath" successfully performed. With the following test data "Relative Folder Path: "C:\eclipse-workspace\MyProjects\TASystemsAPIs\src\test\resources\testDataFiles\Schemas\ValidationError_schema.json"".
2023-01-12 11:57:31.925 &amp#27;[32m INFO&amp#27;[m &amp#27;[35m[@503 - main]&amp#27;[m &amp#27;[36mcom.shaft.tools.io.ReportManager&amp#27;[m : File Action "ReadFile" successfully performed. With the following test data "File Path: "C:\eclipse-workspace\MyProjects\TASystemsAPIs\src\test\resources\testDataFiles\Schemas\ValidationError_schema.json"".
2023-01-12 11:57:31.927 &amp#27;[32m INFO&amp#27;[m &amp#27;[35m[@503 - main]&amp#27;[m &amp#27;[36mcom.shaft.tools.io.ReportManager&amp#27;[m : Successfully created attachment "Validation Test Data - Expected JSON Value"
2023-01-12 11:57:31.929 &amp#27;[32m INFO&amp#27;[m &amp#27;[35m[@503 - main]&amp#27;[m &amp#27;[36mcom.shaft.tools.io.ReportManager&amp#27;[m : Successfully created attachment "Validation Test Data - Actual JSON Value"
2023-01-12 11:57:31.929 &amp#27;[32m INFO&amp#27;[m &amp#27;[35m[@503 - main]&amp#27;[m &amp#27;[36mcom.shaft.tools.io.ReportManager&amp#27;[m : Successfully created attachment "SHAFT Engine Logs - Current Method log: Update_Policy_With_Missing_Keys_TC"
]]></system-out>
  </testcase>
  <testcase name="Update_Policy_With_Missing_Keys_TC[[Ljava.lang.Object;@7e66c414](17)" classname="SteeringCompanyAPI_TestCases.Test_Policies_Cases" time="1.088">
    <system-out><![CDATA[2023-01-12 11:57:31.932 &amp#27;[32m INFO&amp#27;[m &amp#27;[35m[@534 - main]&amp#27;[m &amp#27;[36mcom.shaft.tools.io.ReportManager&amp#27;[m : 
################################################################################################################################################
Starting Execution:	"116 out of 56" test cases in the current suite
Test Method:		"SteeringCompanyAPI_TestCases.Test_Policies_Cases.Update_Policy_With_Missing_Keys_TC"
Test Description:	"TC051 - Perform Update Policy with Missing Keys"
################################################################################################################################################
2023-01-12 11:57:31.932 &amp#27;[32m INFO&amp#27;[m &amp#27;[35m[@503 - main]&amp#27;[m &amp#27;[36mcom.shaft.tools.io.ReportManager&amp#27;[m : File Action "DoesFileExist" successfully performed. With the following test data "File Path: "SteeringCompanyAPI_TestData/SteeringCompanyAPI_TestData.xlsx"".
2023-01-12 11:57:31.948 &amp#27;[32m INFO&amp#27;[m &amp#27;[35m[@503 - main]&amp#27;[m &amp#27;[36mcom.shaft.tools.io.ReportManager&amp#27;[m : Successfully created attachment "Test Data - Excel"
2023-01-12 11:57:32.535 &amp#27;[32m INFO&amp#27;[m &amp#27;[35m[@503 - main]&amp#27;[m &amp#27;[36mcom.shaft.tools.io.ReportManager&amp#27;[m : Response status code: "200", status line: "HTTP/1.1 200 OK"
2023-01-12 11:57:32.545 &amp#27;[32m INFO&amp#27;[m &amp#27;[35m[@503 - main]&amp#27;[m &amp#27;[36mcom.shaft.tools.io.ReportManager&amp#27;[m : Successfully created attachment "API Request - Specifications"
2023-01-12 11:57:32.545 &amp#27;[32m INFO&amp#27;[m &amp#27;[35m[@503 - main]&amp#27;[m &amp#27;[36mcom.shaft.tools.io.ReportManager&amp#27;[m : Successfully created attachment "API Request - Body"
2023-01-12 11:57:32.546 &amp#27;[32m INFO&amp#27;[m &amp#27;[35m[@503 - main]&amp#27;[m &amp#27;[36mcom.shaft.tools.io.ReportManager&amp#27;[m : Successfully created attachment "API Response - JSON Body"
2023-01-12 11:57:32.552 &amp#27;[32m INFO&amp#27;[m &amp#27;[35m[@503 - main]&amp#27;[m &amp#27;[36mcom.shaft.tools.io.ReportManager&amp#27;[m : File Action "DoesFileExist" successfully performed. With the following test data "File Path: "SteeringCompanyAPI_TestData/SteeringCompanyAPI_TestData.xlsx"".
2023-01-12 11:57:32.566 &amp#27;[32m INFO&amp#27;[m &amp#27;[35m[@503 - main]&amp#27;[m &amp#27;[36mcom.shaft.tools.io.ReportManager&amp#27;[m : Successfully created attachment "Test Data - Excel"
2023-01-12 11:57:33.001 &amp#27;[32m INFO&amp#27;[m &amp#27;[35m[@503 - main]&amp#27;[m &amp#27;[36mcom.shaft.tools.io.ReportManager&amp#27;[m : Response status code: "422", status line: "HTTP/1.1 422 "
2023-01-12 11:57:33.012 &amp#27;[32m INFO&amp#27;[m &amp#27;[35m[@503 - main]&amp#27;[m &amp#27;[36mcom.shaft.tools.io.ReportManager&amp#27;[m : Successfully created attachment "API Request - Specifications"
2023-01-12 11:57:33.012 &amp#27;[32m INFO&amp#27;[m &amp#27;[35m[@503 - main]&amp#27;[m &amp#27;[36mcom.shaft.tools.io.ReportManager&amp#27;[m : Successfully created attachment "API Request - JSON Body"
2023-01-12 11:57:33.013 &amp#27;[32m INFO&amp#27;[m &amp#27;[35m[@503 - main]&amp#27;[m &amp#27;[36mcom.shaft.tools.io.ReportManager&amp#27;[m : Successfully created attachment "API Response - JSON Body"
2023-01-12 11:57:33.014 &amp#27;[32m INFO&amp#27;[m &amp#27;[35m[@503 - main]&amp#27;[m &amp#27;[36mcom.shaft.tools.io.ReportManager&amp#27;[m : File Action "DoesFileExist" successfully performed. With the following test data "File Path: "Schemas/ValidationError_schema.json"".
2023-01-12 11:57:33.014 &amp#27;[32m INFO&amp#27;[m &amp#27;[35m[@503 - main]&amp#27;[m &amp#27;[36mcom.shaft.tools.io.ReportManager&amp#27;[m : File Action "DoesFileExist" successfully performed. With the following test data "File Path: "src/test/resources/testDataFiles/Schemas/ValidationError_schema.json"".
2023-01-12 11:57:33.014 &amp#27;[32m INFO&amp#27;[m &amp#27;[35m[@503 - main]&amp#27;[m &amp#27;[36mcom.shaft.tools.io.ReportManager&amp#27;[m : File Action "GetAbsolutePath" successfully performed. With the following test data "Relative Folder Path: "src/test/resources/testDataFiles/Schemas/ValidationError_schema.json"".
2023-01-12 11:57:33.015 &amp#27;[32m INFO&amp#27;[m &amp#27;[35m[@503 - main]&amp#27;[m &amp#27;[36mcom.shaft.tools.io.ReportManager&amp#27;[m : File Action "DoesFileExist" successfully performed. With the following test data "File Path: "C:\eclipse-workspace\MyProjects\TASystemsAPIs\src\test\resources\testDataFiles\Schemas\ValidationError_schema.json"".
2023-01-12 11:57:33.016 &amp#27;[32m INFO&amp#27;[m &amp#27;[35m[@503 - main]&amp#27;[m &amp#27;[36mcom.shaft.tools.io.ReportManager&amp#27;[m : File Action "GetAbsolutePath" successfully performed. With the following test data "Relative Folder Path: "C:\eclipse-workspace\MyProjects\TASystemsAPIs\src\test\resources\testDataFiles\Schemas\ValidationError_schema.json"".
2023-01-12 11:57:33.016 &amp#27;[32m INFO&amp#27;[m &amp#27;[35m[@503 - main]&amp#27;[m &amp#27;[36mcom.shaft.tools.io.ReportManager&amp#27;[m : File Action "ReadFile" successfully performed. With the following test data "File Path: "C:\eclipse-workspace\MyProjects\TASystemsAPIs\src\test\resources\testDataFiles\Schemas\ValidationError_schema.json"".
2023-01-12 11:57:33.017 &amp#27;[32m INFO&amp#27;[m &amp#27;[35m[@503 - main]&amp#27;[m &amp#27;[36mcom.shaft.tools.io.ReportManager&amp#27;[m : Successfully created attachment "Validation Test Data - Expected JSON Value"
2023-01-12 11:57:33.017 &amp#27;[32m INFO&amp#27;[m &amp#27;[35m[@503 - main]&amp#27;[m &amp#27;[36mcom.shaft.tools.io.ReportManager&amp#27;[m : Successfully created attachment "Validation Test Data - Actual JSON Value"
2023-01-12 11:57:33.018 &amp#27;[32m INFO&amp#27;[m &amp#27;[35m[@503 - main]&amp#27;[m &amp#27;[36mcom.shaft.tools.io.ReportManager&amp#27;[m : Successfully created attachment "SHAFT Engine Logs - Current Method log: Update_Policy_With_Missing_Keys_TC"
]]></system-out>
  </testcase>
  <testcase name="Update_Policy_With_Missing_Keys_TC[[Ljava.lang.Object;@727d612a](18)" classname="SteeringCompanyAPI_TestCases.Test_Policies_Cases" time="1.088">
    <system-out><![CDATA[2023-01-12 11:57:33.019 &amp#27;[32m INFO&amp#27;[m &amp#27;[35m[@534 - main]&amp#27;[m &amp#27;[36mcom.shaft.tools.io.ReportManager&amp#27;[m : 
################################################################################################################################################
Starting Execution:	"117 out of 56" test cases in the current suite
Test Method:		"SteeringCompanyAPI_TestCases.Test_Policies_Cases.Update_Policy_With_Missing_Keys_TC"
Test Description:	"TC051 - Perform Update Policy with Missing Keys"
################################################################################################################################################
2023-01-12 11:57:33.020 &amp#27;[32m INFO&amp#27;[m &amp#27;[35m[@503 - main]&amp#27;[m &amp#27;[36mcom.shaft.tools.io.ReportManager&amp#27;[m : File Action "DoesFileExist" successfully performed. With the following test data "File Path: "SteeringCompanyAPI_TestData/SteeringCompanyAPI_TestData.xlsx"".
2023-01-12 11:57:33.029 &amp#27;[32m INFO&amp#27;[m &amp#27;[35m[@503 - main]&amp#27;[m &amp#27;[36mcom.shaft.tools.io.ReportManager&amp#27;[m : Successfully created attachment "Test Data - Excel"
2023-01-12 11:57:33.609 &amp#27;[32m INFO&amp#27;[m &amp#27;[35m[@503 - main]&amp#27;[m &amp#27;[36mcom.shaft.tools.io.ReportManager&amp#27;[m : Response status code: "200", status line: "HTTP/1.1 200 OK"
2023-01-12 11:57:33.623 &amp#27;[32m INFO&amp#27;[m &amp#27;[35m[@503 - main]&amp#27;[m &amp#27;[36mcom.shaft.tools.io.ReportManager&amp#27;[m : Successfully created attachment "API Request - Specifications"
2023-01-12 11:57:33.623 &amp#27;[32m INFO&amp#27;[m &amp#27;[35m[@503 - main]&amp#27;[m &amp#27;[36mcom.shaft.tools.io.ReportManager&amp#27;[m : Successfully created attachment "API Request - Body"
2023-01-12 11:57:33.624 &amp#27;[32m INFO&amp#27;[m &amp#27;[35m[@503 - main]&amp#27;[m &amp#27;[36mcom.shaft.tools.io.ReportManager&amp#27;[m : Successfully created attachment "API Response - JSON Body"
2023-01-12 11:57:33.636 &amp#27;[32m INFO&amp#27;[m &amp#27;[35m[@503 - main]&amp#27;[m &amp#27;[36mcom.shaft.tools.io.ReportManager&amp#27;[m : File Action "DoesFileExist" successfully performed. With the following test data "File Path: "SteeringCompanyAPI_TestData/SteeringCompanyAPI_TestData.xlsx"".
2023-01-12 11:57:33.646 &amp#27;[32m INFO&amp#27;[m &amp#27;[35m[@503 - main]&amp#27;[m &amp#27;[36mcom.shaft.tools.io.ReportManager&amp#27;[m : Successfully created attachment "Test Data - Excel"
2023-01-12 11:57:34.088 &amp#27;[32m INFO&amp#27;[m &amp#27;[35m[@503 - main]&amp#27;[m &amp#27;[36mcom.shaft.tools.io.ReportManager&amp#27;[m : Response status code: "422", status line: "HTTP/1.1 422 "
2023-01-12 11:57:34.100 &amp#27;[32m INFO&amp#27;[m &amp#27;[35m[@503 - main]&amp#27;[m &amp#27;[36mcom.shaft.tools.io.ReportManager&amp#27;[m : Successfully created attachment "API Request - Specifications"
2023-01-12 11:57:34.100 &amp#27;[32m INFO&amp#27;[m &amp#27;[35m[@503 - main]&amp#27;[m &amp#27;[36mcom.shaft.tools.io.ReportManager&amp#27;[m : Successfully created attachment "API Request - JSON Body"
2023-01-12 11:57:34.101 &amp#27;[32m INFO&amp#27;[m &amp#27;[35m[@503 - main]&amp#27;[m &amp#27;[36mcom.shaft.tools.io.ReportManager&amp#27;[m : Successfully created attachment "API Response - JSON Body"
2023-01-12 11:57:34.101 &amp#27;[32m INFO&amp#27;[m &amp#27;[35m[@503 - main]&amp#27;[m &amp#27;[36mcom.shaft.tools.io.ReportManager&amp#27;[m : File Action "DoesFileExist" successfully performed. With the following test data "File Path: "Schemas/ValidationError_schema.json"".
2023-01-12 11:57:34.101 &amp#27;[32m INFO&amp#27;[m &amp#27;[35m[@503 - main]&amp#27;[m &amp#27;[36mcom.shaft.tools.io.ReportManager&amp#27;[m : File Action "DoesFileExist" successfully performed. With the following test data "File Path: "src/test/resources/testDataFiles/Schemas/ValidationError_schema.json"".
2023-01-12 11:57:34.101 &amp#27;[32m INFO&amp#27;[m &amp#27;[35m[@503 - main]&amp#27;[m &amp#27;[36mcom.shaft.tools.io.ReportManager&amp#27;[m : File Action "GetAbsolutePath" successfully performed. With the following test data "Relative Folder Path: "src/test/resources/testDataFiles/Schemas/ValidationError_schema.json"".
2023-01-12 11:57:34.104 &amp#27;[32m INFO&amp#27;[m &amp#27;[35m[@503 - main]&amp#27;[m &amp#27;[36mcom.shaft.tools.io.ReportManager&amp#27;[m : File Action "DoesFileExist" successfully performed. With the following test data "File Path: "C:\eclipse-workspace\MyProjects\TASystemsAPIs\src\test\resources\testDataFiles\Schemas\ValidationError_schema.json"".
2023-01-12 11:57:34.104 &amp#27;[32m INFO&amp#27;[m &amp#27;[35m[@503 - main]&amp#27;[m &amp#27;[36mcom.shaft.tools.io.ReportManager&amp#27;[m : File Action "GetAbsolutePath" successfully performed. With the following test data "Relative Folder Path: "C:\eclipse-workspace\MyProjects\TASystemsAPIs\src\test\resources\testDataFiles\Schemas\ValidationError_schema.json"".
2023-01-12 11:57:34.104 &amp#27;[32m INFO&amp#27;[m &amp#27;[35m[@503 - main]&amp#27;[m &amp#27;[36mcom.shaft.tools.io.ReportManager&amp#27;[m : File Action "ReadFile" successfully performed. With the following test data "File Path: "C:\eclipse-workspace\MyProjects\TASystemsAPIs\src\test\resources\testDataFiles\Schemas\ValidationError_schema.json"".
2023-01-12 11:57:34.105 &amp#27;[32m INFO&amp#27;[m &amp#27;[35m[@503 - main]&amp#27;[m &amp#27;[36mcom.shaft.tools.io.ReportManager&amp#27;[m : Successfully created attachment "Validation Test Data - Expected JSON Value"
2023-01-12 11:57:34.106 &amp#27;[32m INFO&amp#27;[m &amp#27;[35m[@503 - main]&amp#27;[m &amp#27;[36mcom.shaft.tools.io.ReportManager&amp#27;[m : Successfully created attachment "Validation Test Data - Actual JSON Value"
2023-01-12 11:57:34.106 &amp#27;[32m INFO&amp#27;[m &amp#27;[35m[@503 - main]&amp#27;[m &amp#27;[36mcom.shaft.tools.io.ReportManager&amp#27;[m : Successfully created attachment "SHAFT Engine Logs - Current Method log: Update_Policy_With_Missing_Keys_TC"
]]></system-out>
  </testcase>
  <testcase name="Update_Policy_With_Missing_Keys_TC[[Ljava.lang.Object;@4c92c66f](19)" classname="SteeringCompanyAPI_TestCases.Test_Policies_Cases" time="1.096">
    <system-out><![CDATA[2023-01-12 11:57:34.108 &amp#27;[32m INFO&amp#27;[m &amp#27;[35m[@534 - main]&amp#27;[m &amp#27;[36mcom.shaft.tools.io.ReportManager&amp#27;[m : 
################################################################################################################################################
Starting Execution:	"118 out of 56" test cases in the current suite
Test Method:		"SteeringCompanyAPI_TestCases.Test_Policies_Cases.Update_Policy_With_Missing_Keys_TC"
Test Description:	"TC051 - Perform Update Policy with Missing Keys"
################################################################################################################################################
2023-01-12 11:57:34.108 &amp#27;[32m INFO&amp#27;[m &amp#27;[35m[@503 - main]&amp#27;[m &amp#27;[36mcom.shaft.tools.io.ReportManager&amp#27;[m : File Action "DoesFileExist" successfully performed. With the following test data "File Path: "SteeringCompanyAPI_TestData/SteeringCompanyAPI_TestData.xlsx"".
2023-01-12 11:57:34.117 &amp#27;[32m INFO&amp#27;[m &amp#27;[35m[@503 - main]&amp#27;[m &amp#27;[36mcom.shaft.tools.io.ReportManager&amp#27;[m : Successfully created attachment "Test Data - Excel"
2023-01-12 11:57:34.700 &amp#27;[32m INFO&amp#27;[m &amp#27;[35m[@503 - main]&amp#27;[m &amp#27;[36mcom.shaft.tools.io.ReportManager&amp#27;[m : Response status code: "200", status line: "HTTP/1.1 200 OK"
2023-01-12 11:57:34.714 &amp#27;[32m INFO&amp#27;[m &amp#27;[35m[@503 - main]&amp#27;[m &amp#27;[36mcom.shaft.tools.io.ReportManager&amp#27;[m : Successfully created attachment "API Request - Specifications"
2023-01-12 11:57:34.715 &amp#27;[32m INFO&amp#27;[m &amp#27;[35m[@503 - main]&amp#27;[m &amp#27;[36mcom.shaft.tools.io.ReportManager&amp#27;[m : Successfully created attachment "API Request - Body"
2023-01-12 11:57:34.716 &amp#27;[32m INFO&amp#27;[m &amp#27;[35m[@503 - main]&amp#27;[m &amp#27;[36mcom.shaft.tools.io.ReportManager&amp#27;[m : Successfully created attachment "API Response - JSON Body"
2023-01-12 11:57:34.721 &amp#27;[32m INFO&amp#27;[m &amp#27;[35m[@503 - main]&amp#27;[m &amp#27;[36mcom.shaft.tools.io.ReportManager&amp#27;[m : File Action "DoesFileExist" successfully performed. With the following test data "File Path: "SteeringCompanyAPI_TestData/SteeringCompanyAPI_TestData.xlsx"".
2023-01-12 11:57:34.730 &amp#27;[32m INFO&amp#27;[m &amp#27;[35m[@503 - main]&amp#27;[m &amp#27;[36mcom.shaft.tools.io.ReportManager&amp#27;[m : Successfully created attachment "Test Data - Excel"
2023-01-12 11:57:35.184 &amp#27;[32m INFO&amp#27;[m &amp#27;[35m[@503 - main]&amp#27;[m &amp#27;[36mcom.shaft.tools.io.ReportManager&amp#27;[m : Response status code: "422", status line: "HTTP/1.1 422 "
2023-01-12 11:57:35.196 &amp#27;[32m INFO&amp#27;[m &amp#27;[35m[@503 - main]&amp#27;[m &amp#27;[36mcom.shaft.tools.io.ReportManager&amp#27;[m : Successfully created attachment "API Request - Specifications"
2023-01-12 11:57:35.196 &amp#27;[32m INFO&amp#27;[m &amp#27;[35m[@503 - main]&amp#27;[m &amp#27;[36mcom.shaft.tools.io.ReportManager&amp#27;[m : Successfully created attachment "API Request - JSON Body"
2023-01-12 11:57:35.197 &amp#27;[32m INFO&amp#27;[m &amp#27;[35m[@503 - main]&amp#27;[m &amp#27;[36mcom.shaft.tools.io.ReportManager&amp#27;[m : Successfully created attachment "API Response - JSON Body"
2023-01-12 11:57:35.197 &amp#27;[32m INFO&amp#27;[m &amp#27;[35m[@503 - main]&amp#27;[m &amp#27;[36mcom.shaft.tools.io.ReportManager&amp#27;[m : File Action "DoesFileExist" successfully performed. With the following test data "File Path: "Schemas/ValidationError_schema.json"".
2023-01-12 11:57:35.197 &amp#27;[32m INFO&amp#27;[m &amp#27;[35m[@503 - main]&amp#27;[m &amp#27;[36mcom.shaft.tools.io.ReportManager&amp#27;[m : File Action "DoesFileExist" successfully performed. With the following test data "File Path: "src/test/resources/testDataFiles/Schemas/ValidationError_schema.json"".
2023-01-12 11:57:35.198 &amp#27;[32m INFO&amp#27;[m &amp#27;[35m[@503 - main]&amp#27;[m &amp#27;[36mcom.shaft.tools.io.ReportManager&amp#27;[m : File Action "GetAbsolutePath" successfully performed. With the following test data "Relative Folder Path: "src/test/resources/testDataFiles/Schemas/ValidationError_schema.json"".
2023-01-12 11:57:35.200 &amp#27;[32m INFO&amp#27;[m &amp#27;[35m[@503 - main]&amp#27;[m &amp#27;[36mcom.shaft.tools.io.ReportManager&amp#27;[m : File Action "DoesFileExist" successfully performed. With the following test data "File Path: "C:\eclipse-workspace\MyProjects\TASystemsAPIs\src\test\resources\testDataFiles\Schemas\ValidationError_schema.json"".
2023-01-12 11:57:35.200 &amp#27;[32m INFO&amp#27;[m &amp#27;[35m[@503 - main]&amp#27;[m &amp#27;[36mcom.shaft.tools.io.ReportManager&amp#27;[m : File Action "GetAbsolutePath" successfully performed. With the following test data "Relative Folder Path: "C:\eclipse-workspace\MyProjects\TASystemsAPIs\src\test\resources\testDataFiles\Schemas\ValidationError_schema.json"".
2023-01-12 11:57:35.200 &amp#27;[32m INFO&amp#27;[m &amp#27;[35m[@503 - main]&amp#27;[m &amp#27;[36mcom.shaft.tools.io.ReportManager&amp#27;[m : File Action "ReadFile" successfully performed. With the following test data "File Path: "C:\eclipse-workspace\MyProjects\TASystemsAPIs\src\test\resources\testDataFiles\Schemas\ValidationError_schema.json"".
2023-01-12 11:57:35.201 &amp#27;[32m INFO&amp#27;[m &amp#27;[35m[@503 - main]&amp#27;[m &amp#27;[36mcom.shaft.tools.io.ReportManager&amp#27;[m : Successfully created attachment "Validation Test Data - Expected JSON Value"
2023-01-12 11:57:35.202 &amp#27;[32m INFO&amp#27;[m &amp#27;[35m[@503 - main]&amp#27;[m &amp#27;[36mcom.shaft.tools.io.ReportManager&amp#27;[m : Successfully created attachment "Validation Test Data - Actual JSON Value"
2023-01-12 11:57:35.202 &amp#27;[32m INFO&amp#27;[m &amp#27;[35m[@503 - main]&amp#27;[m &amp#27;[36mcom.shaft.tools.io.ReportManager&amp#27;[m : Successfully created attachment "SHAFT Engine Logs - Current Method log: Update_Policy_With_Missing_Keys_TC"
]]></system-out>
  </testcase>
  <testcase name="Update_Policy_With_Missing_Keys_TC[[Ljava.lang.Object;@69292ca6](20)" classname="SteeringCompanyAPI_TestCases.Test_Policies_Cases" time="1.061">
    <system-out><![CDATA[2023-01-12 11:57:35.204 &amp#27;[32m INFO&amp#27;[m &amp#27;[35m[@534 - main]&amp#27;[m &amp#27;[36mcom.shaft.tools.io.ReportManager&amp#27;[m : 
################################################################################################################################################
Starting Execution:	"119 out of 56" test cases in the current suite
Test Method:		"SteeringCompanyAPI_TestCases.Test_Policies_Cases.Update_Policy_With_Missing_Keys_TC"
Test Description:	"TC051 - Perform Update Policy with Missing Keys"
################################################################################################################################################
2023-01-12 11:57:35.204 &amp#27;[32m INFO&amp#27;[m &amp#27;[35m[@503 - main]&amp#27;[m &amp#27;[36mcom.shaft.tools.io.ReportManager&amp#27;[m : File Action "DoesFileExist" successfully performed. With the following test data "File Path: "SteeringCompanyAPI_TestData/SteeringCompanyAPI_TestData.xlsx"".
2023-01-12 11:57:35.213 &amp#27;[32m INFO&amp#27;[m &amp#27;[35m[@503 - main]&amp#27;[m &amp#27;[36mcom.shaft.tools.io.ReportManager&amp#27;[m : Successfully created attachment "Test Data - Excel"
2023-01-12 11:57:35.779 &amp#27;[32m INFO&amp#27;[m &amp#27;[35m[@503 - main]&amp#27;[m &amp#27;[36mcom.shaft.tools.io.ReportManager&amp#27;[m : Response status code: "200", status line: "HTTP/1.1 200 OK"
2023-01-12 11:57:35.791 &amp#27;[32m INFO&amp#27;[m &amp#27;[35m[@503 - main]&amp#27;[m &amp#27;[36mcom.shaft.tools.io.ReportManager&amp#27;[m : Successfully created attachment "API Request - Specifications"
2023-01-12 11:57:35.791 &amp#27;[32m INFO&amp#27;[m &amp#27;[35m[@503 - main]&amp#27;[m &amp#27;[36mcom.shaft.tools.io.ReportManager&amp#27;[m : Successfully created attachment "API Request - Body"
2023-01-12 11:57:35.792 &amp#27;[32m INFO&amp#27;[m &amp#27;[35m[@503 - main]&amp#27;[m &amp#27;[36mcom.shaft.tools.io.ReportManager&amp#27;[m : Successfully created attachment "API Response - JSON Body"
2023-01-12 11:57:35.798 &amp#27;[32m INFO&amp#27;[m &amp#27;[35m[@503 - main]&amp#27;[m &amp#27;[36mcom.shaft.tools.io.ReportManager&amp#27;[m : File Action "DoesFileExist" successfully performed. With the following test data "File Path: "SteeringCompanyAPI_TestData/SteeringCompanyAPI_TestData.xlsx"".
2023-01-12 11:57:35.807 &amp#27;[32m INFO&amp#27;[m &amp#27;[35m[@503 - main]&amp#27;[m &amp#27;[36mcom.shaft.tools.io.ReportManager&amp#27;[m : Successfully created attachment "Test Data - Excel"
2023-01-12 11:57:36.247 &amp#27;[32m INFO&amp#27;[m &amp#27;[35m[@503 - main]&amp#27;[m &amp#27;[36mcom.shaft.tools.io.ReportManager&amp#27;[m : Response status code: "422", status line: "HTTP/1.1 422 "
2023-01-12 11:57:36.256 &amp#27;[32m INFO&amp#27;[m &amp#27;[35m[@503 - main]&amp#27;[m &amp#27;[36mcom.shaft.tools.io.ReportManager&amp#27;[m : Successfully created attachment "API Request - Specifications"
2023-01-12 11:57:36.257 &amp#27;[32m INFO&amp#27;[m &amp#27;[35m[@503 - main]&amp#27;[m &amp#27;[36mcom.shaft.tools.io.ReportManager&amp#27;[m : Successfully created attachment "API Request - JSON Body"
2023-01-12 11:57:36.258 &amp#27;[32m INFO&amp#27;[m &amp#27;[35m[@503 - main]&amp#27;[m &amp#27;[36mcom.shaft.tools.io.ReportManager&amp#27;[m : Successfully created attachment "API Response - JSON Body"
2023-01-12 11:57:36.258 &amp#27;[32m INFO&amp#27;[m &amp#27;[35m[@503 - main]&amp#27;[m &amp#27;[36mcom.shaft.tools.io.ReportManager&amp#27;[m : File Action "DoesFileExist" successfully performed. With the following test data "File Path: "Schemas/ValidationError_schema.json"".
2023-01-12 11:57:36.258 &amp#27;[32m INFO&amp#27;[m &amp#27;[35m[@503 - main]&amp#27;[m &amp#27;[36mcom.shaft.tools.io.ReportManager&amp#27;[m : File Action "DoesFileExist" successfully performed. With the following test data "File Path: "src/test/resources/testDataFiles/Schemas/ValidationError_schema.json"".
2023-01-12 11:57:36.258 &amp#27;[32m INFO&amp#27;[m &amp#27;[35m[@503 - main]&amp#27;[m &amp#27;[36mcom.shaft.tools.io.ReportManager&amp#27;[m : File Action "GetAbsolutePath" successfully performed. With the following test data "Relative Folder Path: "src/test/resources/testDataFiles/Schemas/ValidationError_schema.json"".
2023-01-12 11:57:36.260 &amp#27;[32m INFO&amp#27;[m &amp#27;[35m[@503 - main]&amp#27;[m &amp#27;[36mcom.shaft.tools.io.ReportManager&amp#27;[m : File Action "DoesFileExist" successfully performed. With the following test data "File Path: "C:\eclipse-workspace\MyProjects\TASystemsAPIs\src\test\resources\testDataFiles\Schemas\ValidationError_schema.json"".
2023-01-12 11:57:36.260 &amp#27;[32m INFO&amp#27;[m &amp#27;[35m[@503 - main]&amp#27;[m &amp#27;[36mcom.shaft.tools.io.ReportManager&amp#27;[m : File Action "GetAbsolutePath" successfully performed. With the following test data "Relative Folder Path: "C:\eclipse-workspace\MyProjects\TASystemsAPIs\src\test\resources\testDataFiles\Schemas\ValidationError_schema.json"".
2023-01-12 11:57:36.260 &amp#27;[32m INFO&amp#27;[m &amp#27;[35m[@503 - main]&amp#27;[m &amp#27;[36mcom.shaft.tools.io.ReportManager&amp#27;[m : File Action "ReadFile" successfully performed. With the following test data "File Path: "C:\eclipse-workspace\MyProjects\TASystemsAPIs\src\test\resources\testDataFiles\Schemas\ValidationError_schema.json"".
2023-01-12 11:57:36.261 &amp#27;[32m INFO&amp#27;[m &amp#27;[35m[@503 - main]&amp#27;[m &amp#27;[36mcom.shaft.tools.io.ReportManager&amp#27;[m : Successfully created attachment "Validation Test Data - Expected JSON Value"
2023-01-12 11:57:36.262 &amp#27;[32m INFO&amp#27;[m &amp#27;[35m[@503 - main]&amp#27;[m &amp#27;[36mcom.shaft.tools.io.ReportManager&amp#27;[m : Successfully created attachment "Validation Test Data - Actual JSON Value"
2023-01-12 11:57:36.263 &amp#27;[32m INFO&amp#27;[m &amp#27;[35m[@503 - main]&amp#27;[m &amp#27;[36mcom.shaft.tools.io.ReportManager&amp#27;[m : Successfully created attachment "SHAFT Engine Logs - Current Method log: Update_Policy_With_Missing_Keys_TC"
]]></system-out>
  </testcase>
  <testcase name="Update_Policy_With_Missing_Keys_TC[[Ljava.lang.Object;@145f5e4c](21)" classname="SteeringCompanyAPI_TestCases.Test_Policies_Cases" time="1.095">
    <system-out><![CDATA[2023-01-12 11:57:36.265 &amp#27;[32m INFO&amp#27;[m &amp#27;[35m[@534 - main]&amp#27;[m &amp#27;[36mcom.shaft.tools.io.ReportManager&amp#27;[m : 
################################################################################################################################################
Starting Execution:	"120 out of 56" test cases in the current suite
Test Method:		"SteeringCompanyAPI_TestCases.Test_Policies_Cases.Update_Policy_With_Missing_Keys_TC"
Test Description:	"TC051 - Perform Update Policy with Missing Keys"
################################################################################################################################################
2023-01-12 11:57:36.265 &amp#27;[32m INFO&amp#27;[m &amp#27;[35m[@503 - main]&amp#27;[m &amp#27;[36mcom.shaft.tools.io.ReportManager&amp#27;[m : File Action "DoesFileExist" successfully performed. With the following test data "File Path: "SteeringCompanyAPI_TestData/SteeringCompanyAPI_TestData.xlsx"".
2023-01-12 11:57:36.274 &amp#27;[32m INFO&amp#27;[m &amp#27;[35m[@503 - main]&amp#27;[m &amp#27;[36mcom.shaft.tools.io.ReportManager&amp#27;[m : Successfully created attachment "Test Data - Excel"
2023-01-12 11:57:36.855 &amp#27;[32m INFO&amp#27;[m &amp#27;[35m[@503 - main]&amp#27;[m &amp#27;[36mcom.shaft.tools.io.ReportManager&amp#27;[m : Response status code: "200", status line: "HTTP/1.1 200 OK"
2023-01-12 11:57:36.866 &amp#27;[32m INFO&amp#27;[m &amp#27;[35m[@503 - main]&amp#27;[m &amp#27;[36mcom.shaft.tools.io.ReportManager&amp#27;[m : Successfully created attachment "API Request - Specifications"
2023-01-12 11:57:36.867 &amp#27;[32m INFO&amp#27;[m &amp#27;[35m[@503 - main]&amp#27;[m &amp#27;[36mcom.shaft.tools.io.ReportManager&amp#27;[m : Successfully created attachment "API Request - Body"
2023-01-12 11:57:36.867 &amp#27;[32m INFO&amp#27;[m &amp#27;[35m[@503 - main]&amp#27;[m &amp#27;[36mcom.shaft.tools.io.ReportManager&amp#27;[m : Successfully created attachment "API Response - JSON Body"
2023-01-12 11:57:36.873 &amp#27;[32m INFO&amp#27;[m &amp#27;[35m[@503 - main]&amp#27;[m &amp#27;[36mcom.shaft.tools.io.ReportManager&amp#27;[m : File Action "DoesFileExist" successfully performed. With the following test data "File Path: "SteeringCompanyAPI_TestData/SteeringCompanyAPI_TestData.xlsx"".
2023-01-12 11:57:36.888 &amp#27;[32m INFO&amp#27;[m &amp#27;[35m[@503 - main]&amp#27;[m &amp#27;[36mcom.shaft.tools.io.ReportManager&amp#27;[m : Successfully created attachment "Test Data - Excel"
2023-01-12 11:57:37.338 &amp#27;[32m INFO&amp#27;[m &amp#27;[35m[@503 - main]&amp#27;[m &amp#27;[36mcom.shaft.tools.io.ReportManager&amp#27;[m : Response status code: "422", status line: "HTTP/1.1 422 "
2023-01-12 11:57:37.352 &amp#27;[32m INFO&amp#27;[m &amp#27;[35m[@503 - main]&amp#27;[m &amp#27;[36mcom.shaft.tools.io.ReportManager&amp#27;[m : Successfully created attachment "API Request - Specifications"
2023-01-12 11:57:37.352 &amp#27;[32m INFO&amp#27;[m &amp#27;[35m[@503 - main]&amp#27;[m &amp#27;[36mcom.shaft.tools.io.ReportManager&amp#27;[m : Successfully created attachment "API Request - JSON Body"
2023-01-12 11:57:37.353 &amp#27;[32m INFO&amp#27;[m &amp#27;[35m[@503 - main]&amp#27;[m &amp#27;[36mcom.shaft.tools.io.ReportManager&amp#27;[m : Successfully created attachment "API Response - JSON Body"
2023-01-12 11:57:37.353 &amp#27;[32m INFO&amp#27;[m &amp#27;[35m[@503 - main]&amp#27;[m &amp#27;[36mcom.shaft.tools.io.ReportManager&amp#27;[m : File Action "DoesFileExist" successfully performed. With the following test data "File Path: "Schemas/ValidationError_schema.json"".
2023-01-12 11:57:37.354 &amp#27;[32m INFO&amp#27;[m &amp#27;[35m[@503 - main]&amp#27;[m &amp#27;[36mcom.shaft.tools.io.ReportManager&amp#27;[m : File Action "DoesFileExist" successfully performed. With the following test data "File Path: "src/test/resources/testDataFiles/Schemas/ValidationError_schema.json"".
2023-01-12 11:57:37.354 &amp#27;[32m INFO&amp#27;[m &amp#27;[35m[@503 - main]&amp#27;[m &amp#27;[36mcom.shaft.tools.io.ReportManager&amp#27;[m : File Action "GetAbsolutePath" successfully performed. With the following test data "Relative Folder Path: "src/test/resources/testDataFiles/Schemas/ValidationError_schema.json"".
2023-01-12 11:57:37.355 &amp#27;[32m INFO&amp#27;[m &amp#27;[35m[@503 - main]&amp#27;[m &amp#27;[36mcom.shaft.tools.io.ReportManager&amp#27;[m : File Action "DoesFileExist" successfully performed. With the following test data "File Path: "C:\eclipse-workspace\MyProjects\TASystemsAPIs\src\test\resources\testDataFiles\Schemas\ValidationError_schema.json"".
2023-01-12 11:57:37.356 &amp#27;[32m INFO&amp#27;[m &amp#27;[35m[@503 - main]&amp#27;[m &amp#27;[36mcom.shaft.tools.io.ReportManager&amp#27;[m : File Action "GetAbsolutePath" successfully performed. With the following test data "Relative Folder Path: "C:\eclipse-workspace\MyProjects\TASystemsAPIs\src\test\resources\testDataFiles\Schemas\ValidationError_schema.json"".
2023-01-12 11:57:37.356 &amp#27;[32m INFO&amp#27;[m &amp#27;[35m[@503 - main]&amp#27;[m &amp#27;[36mcom.shaft.tools.io.ReportManager&amp#27;[m : File Action "ReadFile" successfully performed. With the following test data "File Path: "C:\eclipse-workspace\MyProjects\TASystemsAPIs\src\test\resources\testDataFiles\Schemas\ValidationError_schema.json"".
2023-01-12 11:57:37.357 &amp#27;[32m INFO&amp#27;[m &amp#27;[35m[@503 - main]&amp#27;[m &amp#27;[36mcom.shaft.tools.io.ReportManager&amp#27;[m : Successfully created attachment "Validation Test Data - Expected JSON Value"
2023-01-12 11:57:37.357 &amp#27;[32m INFO&amp#27;[m &amp#27;[35m[@503 - main]&amp#27;[m &amp#27;[36mcom.shaft.tools.io.ReportManager&amp#27;[m : Successfully created attachment "Validation Test Data - Actual JSON Value"
2023-01-12 11:57:37.358 &amp#27;[32m INFO&amp#27;[m &amp#27;[35m[@503 - main]&amp#27;[m &amp#27;[36mcom.shaft.tools.io.ReportManager&amp#27;[m : Successfully created attachment "SHAFT Engine Logs - Current Method log: Update_Policy_With_Missing_Keys_TC"
]]></system-out>
  </testcase>
  <testcase name="Update_Policy_With_Missing_Keys_TC[[Ljava.lang.Object;@7d821bd9](22)" classname="SteeringCompanyAPI_TestCases.Test_Policies_Cases" time="1.109">
    <system-out><![CDATA[2023-01-12 11:57:37.360 &amp#27;[32m INFO&amp#27;[m &amp#27;[35m[@534 - main]&amp#27;[m &amp#27;[36mcom.shaft.tools.io.ReportManager&amp#27;[m : 
################################################################################################################################################
Starting Execution:	"121 out of 56" test cases in the current suite
Test Method:		"SteeringCompanyAPI_TestCases.Test_Policies_Cases.Update_Policy_With_Missing_Keys_TC"
Test Description:	"TC051 - Perform Update Policy with Missing Keys"
################################################################################################################################################
2023-01-12 11:57:37.360 &amp#27;[32m INFO&amp#27;[m &amp#27;[35m[@503 - main]&amp#27;[m &amp#27;[36mcom.shaft.tools.io.ReportManager&amp#27;[m : File Action "DoesFileExist" successfully performed. With the following test data "File Path: "SteeringCompanyAPI_TestData/SteeringCompanyAPI_TestData.xlsx"".
2023-01-12 11:57:37.369 &amp#27;[32m INFO&amp#27;[m &amp#27;[35m[@503 - main]&amp#27;[m &amp#27;[36mcom.shaft.tools.io.ReportManager&amp#27;[m : Successfully created attachment "Test Data - Excel"
2023-01-12 11:57:37.965 &amp#27;[32m INFO&amp#27;[m &amp#27;[35m[@503 - main]&amp#27;[m &amp#27;[36mcom.shaft.tools.io.ReportManager&amp#27;[m : Response status code: "200", status line: "HTTP/1.1 200 OK"
2023-01-12 11:57:37.976 &amp#27;[32m INFO&amp#27;[m &amp#27;[35m[@503 - main]&amp#27;[m &amp#27;[36mcom.shaft.tools.io.ReportManager&amp#27;[m : Successfully created attachment "API Request - Specifications"
2023-01-12 11:57:37.977 &amp#27;[32m INFO&amp#27;[m &amp#27;[35m[@503 - main]&amp#27;[m &amp#27;[36mcom.shaft.tools.io.ReportManager&amp#27;[m : Successfully created attachment "API Request - Body"
2023-01-12 11:57:37.977 &amp#27;[32m INFO&amp#27;[m &amp#27;[35m[@503 - main]&amp#27;[m &amp#27;[36mcom.shaft.tools.io.ReportManager&amp#27;[m : Successfully created attachment "API Response - JSON Body"
2023-01-12 11:57:37.985 &amp#27;[32m INFO&amp#27;[m &amp#27;[35m[@503 - main]&amp#27;[m &amp#27;[36mcom.shaft.tools.io.ReportManager&amp#27;[m : File Action "DoesFileExist" successfully performed. With the following test data "File Path: "SteeringCompanyAPI_TestData/SteeringCompanyAPI_TestData.xlsx"".
2023-01-12 11:57:37.994 &amp#27;[32m INFO&amp#27;[m &amp#27;[35m[@503 - main]&amp#27;[m &amp#27;[36mcom.shaft.tools.io.ReportManager&amp#27;[m : Successfully created attachment "Test Data - Excel"
2023-01-12 11:57:38.449 &amp#27;[32m INFO&amp#27;[m &amp#27;[35m[@503 - main]&amp#27;[m &amp#27;[36mcom.shaft.tools.io.ReportManager&amp#27;[m : Response status code: "422", status line: "HTTP/1.1 422 "
2023-01-12 11:57:38.461 &amp#27;[32m INFO&amp#27;[m &amp#27;[35m[@503 - main]&amp#27;[m &amp#27;[36mcom.shaft.tools.io.ReportManager&amp#27;[m : Successfully created attachment "API Request - Specifications"
2023-01-12 11:57:38.461 &amp#27;[32m INFO&amp#27;[m &amp#27;[35m[@503 - main]&amp#27;[m &amp#27;[36mcom.shaft.tools.io.ReportManager&amp#27;[m : Successfully created attachment "API Request - JSON Body"
2023-01-12 11:57:38.462 &amp#27;[32m INFO&amp#27;[m &amp#27;[35m[@503 - main]&amp#27;[m &amp#27;[36mcom.shaft.tools.io.ReportManager&amp#27;[m : Successfully created attachment "API Response - JSON Body"
2023-01-12 11:57:38.463 &amp#27;[32m INFO&amp#27;[m &amp#27;[35m[@503 - main]&amp#27;[m &amp#27;[36mcom.shaft.tools.io.ReportManager&amp#27;[m : File Action "DoesFileExist" successfully performed. With the following test data "File Path: "Schemas/ValidationError_schema.json"".
2023-01-12 11:57:38.463 &amp#27;[32m INFO&amp#27;[m &amp#27;[35m[@503 - main]&amp#27;[m &amp#27;[36mcom.shaft.tools.io.ReportManager&amp#27;[m : File Action "DoesFileExist" successfully performed. With the following test data "File Path: "src/test/resources/testDataFiles/Schemas/ValidationError_schema.json"".
2023-01-12 11:57:38.463 &amp#27;[32m INFO&amp#27;[m &amp#27;[35m[@503 - main]&amp#27;[m &amp#27;[36mcom.shaft.tools.io.ReportManager&amp#27;[m : File Action "GetAbsolutePath" successfully performed. With the following test data "Relative Folder Path: "src/test/resources/testDataFiles/Schemas/ValidationError_schema.json"".
2023-01-12 11:57:38.464 &amp#27;[32m INFO&amp#27;[m &amp#27;[35m[@503 - main]&amp#27;[m &amp#27;[36mcom.shaft.tools.io.ReportManager&amp#27;[m : File Action "DoesFileExist" successfully performed. With the following test data "File Path: "C:\eclipse-workspace\MyProjects\TASystemsAPIs\src\test\resources\testDataFiles\Schemas\ValidationError_schema.json"".
2023-01-12 11:57:38.464 &amp#27;[32m INFO&amp#27;[m &amp#27;[35m[@503 - main]&amp#27;[m &amp#27;[36mcom.shaft.tools.io.ReportManager&amp#27;[m : File Action "GetAbsolutePath" successfully performed. With the following test data "Relative Folder Path: "C:\eclipse-workspace\MyProjects\TASystemsAPIs\src\test\resources\testDataFiles\Schemas\ValidationError_schema.json"".
2023-01-12 11:57:38.465 &amp#27;[32m INFO&amp#27;[m &amp#27;[35m[@503 - main]&amp#27;[m &amp#27;[36mcom.shaft.tools.io.ReportManager&amp#27;[m : File Action "ReadFile" successfully performed. With the following test data "File Path: "C:\eclipse-workspace\MyProjects\TASystemsAPIs\src\test\resources\testDataFiles\Schemas\ValidationError_schema.json"".
2023-01-12 11:57:38.465 &amp#27;[32m INFO&amp#27;[m &amp#27;[35m[@503 - main]&amp#27;[m &amp#27;[36mcom.shaft.tools.io.ReportManager&amp#27;[m : Successfully created attachment "Validation Test Data - Expected JSON Value"
2023-01-12 11:57:38.466 &amp#27;[32m INFO&amp#27;[m &amp#27;[35m[@503 - main]&amp#27;[m &amp#27;[36mcom.shaft.tools.io.ReportManager&amp#27;[m : Successfully created attachment "Validation Test Data - Actual JSON Value"
2023-01-12 11:57:38.466 &amp#27;[32m INFO&amp#27;[m &amp#27;[35m[@503 - main]&amp#27;[m &amp#27;[36mcom.shaft.tools.io.ReportManager&amp#27;[m : Successfully created attachment "SHAFT Engine Logs - Current Method log: Update_Policy_With_Missing_Keys_TC"
]]></system-out>
  </testcase>
  <testcase name="Update_Policy_With_Missing_Keys_TC[[Ljava.lang.Object;@1169382d](23)" classname="SteeringCompanyAPI_TestCases.Test_Policies_Cases" time="1.087">
    <system-out><![CDATA[2023-01-12 11:57:38.469 &amp#27;[32m INFO&amp#27;[m &amp#27;[35m[@534 - main]&amp#27;[m &amp#27;[36mcom.shaft.tools.io.ReportManager&amp#27;[m : 
################################################################################################################################################
Starting Execution:	"122 out of 56" test cases in the current suite
Test Method:		"SteeringCompanyAPI_TestCases.Test_Policies_Cases.Update_Policy_With_Missing_Keys_TC"
Test Description:	"TC051 - Perform Update Policy with Missing Keys"
################################################################################################################################################
2023-01-12 11:57:38.470 &amp#27;[32m INFO&amp#27;[m &amp#27;[35m[@503 - main]&amp#27;[m &amp#27;[36mcom.shaft.tools.io.ReportManager&amp#27;[m : File Action "DoesFileExist" successfully performed. With the following test data "File Path: "SteeringCompanyAPI_TestData/SteeringCompanyAPI_TestData.xlsx"".
2023-01-12 11:57:38.480 &amp#27;[32m INFO&amp#27;[m &amp#27;[35m[@503 - main]&amp#27;[m &amp#27;[36mcom.shaft.tools.io.ReportManager&amp#27;[m : Successfully created attachment "Test Data - Excel"
2023-01-12 11:57:39.056 &amp#27;[32m INFO&amp#27;[m &amp#27;[35m[@503 - main]&amp#27;[m &amp#27;[36mcom.shaft.tools.io.ReportManager&amp#27;[m : Response status code: "200", status line: "HTTP/1.1 200 OK"
2023-01-12 11:57:39.067 &amp#27;[32m INFO&amp#27;[m &amp#27;[35m[@503 - main]&amp#27;[m &amp#27;[36mcom.shaft.tools.io.ReportManager&amp#27;[m : Successfully created attachment "API Request - Specifications"
2023-01-12 11:57:39.067 &amp#27;[32m INFO&amp#27;[m &amp#27;[35m[@503 - main]&amp#27;[m &amp#27;[36mcom.shaft.tools.io.ReportManager&amp#27;[m : Successfully created attachment "API Request - Body"
2023-01-12 11:57:39.068 &amp#27;[32m INFO&amp#27;[m &amp#27;[35m[@503 - main]&amp#27;[m &amp#27;[36mcom.shaft.tools.io.ReportManager&amp#27;[m : Successfully created attachment "API Response - JSON Body"
2023-01-12 11:57:39.075 &amp#27;[32m INFO&amp#27;[m &amp#27;[35m[@503 - main]&amp#27;[m &amp#27;[36mcom.shaft.tools.io.ReportManager&amp#27;[m : File Action "DoesFileExist" successfully performed. With the following test data "File Path: "SteeringCompanyAPI_TestData/SteeringCompanyAPI_TestData.xlsx"".
2023-01-12 11:57:39.084 &amp#27;[32m INFO&amp#27;[m &amp#27;[35m[@503 - main]&amp#27;[m &amp#27;[36mcom.shaft.tools.io.ReportManager&amp#27;[m : Successfully created attachment "Test Data - Excel"
2023-01-12 11:57:39.534 &amp#27;[32m INFO&amp#27;[m &amp#27;[35m[@503 - main]&amp#27;[m &amp#27;[36mcom.shaft.tools.io.ReportManager&amp#27;[m : Response status code: "422", status line: "HTTP/1.1 422 "
2023-01-12 11:57:39.546 &amp#27;[32m INFO&amp#27;[m &amp#27;[35m[@503 - main]&amp#27;[m &amp#27;[36mcom.shaft.tools.io.ReportManager&amp#27;[m : Successfully created attachment "API Request - Specifications"
2023-01-12 11:57:39.548 &amp#27;[32m INFO&amp#27;[m &amp#27;[35m[@503 - main]&amp#27;[m &amp#27;[36mcom.shaft.tools.io.ReportManager&amp#27;[m : Successfully created attachment "API Request - JSON Body"
2023-01-12 11:57:39.548 &amp#27;[32m INFO&amp#27;[m &amp#27;[35m[@503 - main]&amp#27;[m &amp#27;[36mcom.shaft.tools.io.ReportManager&amp#27;[m : Successfully created attachment "API Response - JSON Body"
2023-01-12 11:57:39.549 &amp#27;[32m INFO&amp#27;[m &amp#27;[35m[@503 - main]&amp#27;[m &amp#27;[36mcom.shaft.tools.io.ReportManager&amp#27;[m : File Action "DoesFileExist" successfully performed. With the following test data "File Path: "Schemas/ValidationError_schema.json"".
2023-01-12 11:57:39.549 &amp#27;[32m INFO&amp#27;[m &amp#27;[35m[@503 - main]&amp#27;[m &amp#27;[36mcom.shaft.tools.io.ReportManager&amp#27;[m : File Action "DoesFileExist" successfully performed. With the following test data "File Path: "src/test/resources/testDataFiles/Schemas/ValidationError_schema.json"".
2023-01-12 11:57:39.549 &amp#27;[32m INFO&amp#27;[m &amp#27;[35m[@503 - main]&amp#27;[m &amp#27;[36mcom.shaft.tools.io.ReportManager&amp#27;[m : File Action "GetAbsolutePath" successfully performed. With the following test data "Relative Folder Path: "src/test/resources/testDataFiles/Schemas/ValidationError_schema.json"".
2023-01-12 11:57:39.551 &amp#27;[32m INFO&amp#27;[m &amp#27;[35m[@503 - main]&amp#27;[m &amp#27;[36mcom.shaft.tools.io.ReportManager&amp#27;[m : File Action "DoesFileExist" successfully performed. With the following test data "File Path: "C:\eclipse-workspace\MyProjects\TASystemsAPIs\src\test\resources\testDataFiles\Schemas\ValidationError_schema.json"".
2023-01-12 11:57:39.551 &amp#27;[32m INFO&amp#27;[m &amp#27;[35m[@503 - main]&amp#27;[m &amp#27;[36mcom.shaft.tools.io.ReportManager&amp#27;[m : File Action "GetAbsolutePath" successfully performed. With the following test data "Relative Folder Path: "C:\eclipse-workspace\MyProjects\TASystemsAPIs\src\test\resources\testDataFiles\Schemas\ValidationError_schema.json"".
2023-01-12 11:57:39.551 &amp#27;[32m INFO&amp#27;[m &amp#27;[35m[@503 - main]&amp#27;[m &amp#27;[36mcom.shaft.tools.io.ReportManager&amp#27;[m : File Action "ReadFile" successfully performed. With the following test data "File Path: "C:\eclipse-workspace\MyProjects\TASystemsAPIs\src\test\resources\testDataFiles\Schemas\ValidationError_schema.json"".
2023-01-12 11:57:39.552 &amp#27;[32m INFO&amp#27;[m &amp#27;[35m[@503 - main]&amp#27;[m &amp#27;[36mcom.shaft.tools.io.ReportManager&amp#27;[m : Successfully created attachment "Validation Test Data - Expected JSON Value"
2023-01-12 11:57:39.553 &amp#27;[32m INFO&amp#27;[m &amp#27;[35m[@503 - main]&amp#27;[m &amp#27;[36mcom.shaft.tools.io.ReportManager&amp#27;[m : Successfully created attachment "Validation Test Data - Actual JSON Value"
2023-01-12 11:57:39.553 &amp#27;[32m INFO&amp#27;[m &amp#27;[35m[@503 - main]&amp#27;[m &amp#27;[36mcom.shaft.tools.io.ReportManager&amp#27;[m : Successfully created attachment "SHAFT Engine Logs - Current Method log: Update_Policy_With_Missing_Keys_TC"
]]></system-out>
  </testcase>
  <testcase name="Update_Policy_With_Missing_Keys_TC[[Ljava.lang.Object;@799ace5b](24)" classname="SteeringCompanyAPI_TestCases.Test_Policies_Cases" time="1.064">
    <system-out><![CDATA[2023-01-12 11:57:39.555 &amp#27;[32m INFO&amp#27;[m &amp#27;[35m[@534 - main]&amp#27;[m &amp#27;[36mcom.shaft.tools.io.ReportManager&amp#27;[m : 
################################################################################################################################################
Starting Execution:	"123 out of 56" test cases in the current suite
Test Method:		"SteeringCompanyAPI_TestCases.Test_Policies_Cases.Update_Policy_With_Missing_Keys_TC"
Test Description:	"TC051 - Perform Update Policy with Missing Keys"
################################################################################################################################################
2023-01-12 11:57:39.556 &amp#27;[32m INFO&amp#27;[m &amp#27;[35m[@503 - main]&amp#27;[m &amp#27;[36mcom.shaft.tools.io.ReportManager&amp#27;[m : File Action "DoesFileExist" successfully performed. With the following test data "File Path: "SteeringCompanyAPI_TestData/SteeringCompanyAPI_TestData.xlsx"".
2023-01-12 11:57:39.564 &amp#27;[32m INFO&amp#27;[m &amp#27;[35m[@503 - main]&amp#27;[m &amp#27;[36mcom.shaft.tools.io.ReportManager&amp#27;[m : Successfully created attachment "Test Data - Excel"
2023-01-12 11:57:40.132 &amp#27;[32m INFO&amp#27;[m &amp#27;[35m[@503 - main]&amp#27;[m &amp#27;[36mcom.shaft.tools.io.ReportManager&amp#27;[m : Response status code: "200", status line: "HTTP/1.1 200 OK"
2023-01-12 11:57:40.143 &amp#27;[32m INFO&amp#27;[m &amp#27;[35m[@503 - main]&amp#27;[m &amp#27;[36mcom.shaft.tools.io.ReportManager&amp#27;[m : Successfully created attachment "API Request - Specifications"
2023-01-12 11:57:40.144 &amp#27;[32m INFO&amp#27;[m &amp#27;[35m[@503 - main]&amp#27;[m &amp#27;[36mcom.shaft.tools.io.ReportManager&amp#27;[m : Successfully created attachment "API Request - Body"
2023-01-12 11:57:40.144 &amp#27;[32m INFO&amp#27;[m &amp#27;[35m[@503 - main]&amp#27;[m &amp#27;[36mcom.shaft.tools.io.ReportManager&amp#27;[m : Successfully created attachment "API Response - JSON Body"
2023-01-12 11:57:40.150 &amp#27;[32m INFO&amp#27;[m &amp#27;[35m[@503 - main]&amp#27;[m &amp#27;[36mcom.shaft.tools.io.ReportManager&amp#27;[m : File Action "DoesFileExist" successfully performed. With the following test data "File Path: "SteeringCompanyAPI_TestData/SteeringCompanyAPI_TestData.xlsx"".
2023-01-12 11:57:40.159 &amp#27;[32m INFO&amp#27;[m &amp#27;[35m[@503 - main]&amp#27;[m &amp#27;[36mcom.shaft.tools.io.ReportManager&amp#27;[m : Successfully created attachment "Test Data - Excel"
2023-01-12 11:57:40.602 &amp#27;[32m INFO&amp#27;[m &amp#27;[35m[@503 - main]&amp#27;[m &amp#27;[36mcom.shaft.tools.io.ReportManager&amp#27;[m : Response status code: "422", status line: "HTTP/1.1 422 "
2023-01-12 11:57:40.612 &amp#27;[32m INFO&amp#27;[m &amp#27;[35m[@503 - main]&amp#27;[m &amp#27;[36mcom.shaft.tools.io.ReportManager&amp#27;[m : Successfully created attachment "API Request - Specifications"
2023-01-12 11:57:40.612 &amp#27;[32m INFO&amp#27;[m &amp#27;[35m[@503 - main]&amp#27;[m &amp#27;[36mcom.shaft.tools.io.ReportManager&amp#27;[m : Successfully created attachment "API Request - JSON Body"
2023-01-12 11:57:40.613 &amp#27;[32m INFO&amp#27;[m &amp#27;[35m[@503 - main]&amp#27;[m &amp#27;[36mcom.shaft.tools.io.ReportManager&amp#27;[m : Successfully created attachment "API Response - JSON Body"
2023-01-12 11:57:40.613 &amp#27;[32m INFO&amp#27;[m &amp#27;[35m[@503 - main]&amp#27;[m &amp#27;[36mcom.shaft.tools.io.ReportManager&amp#27;[m : File Action "DoesFileExist" successfully performed. With the following test data "File Path: "Schemas/ValidationError_schema.json"".
2023-01-12 11:57:40.613 &amp#27;[32m INFO&amp#27;[m &amp#27;[35m[@503 - main]&amp#27;[m &amp#27;[36mcom.shaft.tools.io.ReportManager&amp#27;[m : File Action "DoesFileExist" successfully performed. With the following test data "File Path: "src/test/resources/testDataFiles/Schemas/ValidationError_schema.json"".
2023-01-12 11:57:40.613 &amp#27;[32m INFO&amp#27;[m &amp#27;[35m[@503 - main]&amp#27;[m &amp#27;[36mcom.shaft.tools.io.ReportManager&amp#27;[m : File Action "GetAbsolutePath" successfully performed. With the following test data "Relative Folder Path: "src/test/resources/testDataFiles/Schemas/ValidationError_schema.json"".
2023-01-12 11:57:40.615 &amp#27;[32m INFO&amp#27;[m &amp#27;[35m[@503 - main]&amp#27;[m &amp#27;[36mcom.shaft.tools.io.ReportManager&amp#27;[m : File Action "DoesFileExist" successfully performed. With the following test data "File Path: "C:\eclipse-workspace\MyProjects\TASystemsAPIs\src\test\resources\testDataFiles\Schemas\ValidationError_schema.json"".
2023-01-12 11:57:40.615 &amp#27;[32m INFO&amp#27;[m &amp#27;[35m[@503 - main]&amp#27;[m &amp#27;[36mcom.shaft.tools.io.ReportManager&amp#27;[m : File Action "GetAbsolutePath" successfully performed. With the following test data "Relative Folder Path: "C:\eclipse-workspace\MyProjects\TASystemsAPIs\src\test\resources\testDataFiles\Schemas\ValidationError_schema.json"".
2023-01-12 11:57:40.616 &amp#27;[32m INFO&amp#27;[m &amp#27;[35m[@503 - main]&amp#27;[m &amp#27;[36mcom.shaft.tools.io.ReportManager&amp#27;[m : File Action "ReadFile" successfully performed. With the following test data "File Path: "C:\eclipse-workspace\MyProjects\TASystemsAPIs\src\test\resources\testDataFiles\Schemas\ValidationError_schema.json"".
2023-01-12 11:57:40.617 &amp#27;[32m INFO&amp#27;[m &amp#27;[35m[@503 - main]&amp#27;[m &amp#27;[36mcom.shaft.tools.io.ReportManager&amp#27;[m : Successfully created attachment "Validation Test Data - Expected JSON Value"
2023-01-12 11:57:40.617 &amp#27;[32m INFO&amp#27;[m &amp#27;[35m[@503 - main]&amp#27;[m &amp#27;[36mcom.shaft.tools.io.ReportManager&amp#27;[m : Successfully created attachment "Validation Test Data - Actual JSON Value"
2023-01-12 11:57:40.618 &amp#27;[32m INFO&amp#27;[m &amp#27;[35m[@503 - main]&amp#27;[m &amp#27;[36mcom.shaft.tools.io.ReportManager&amp#27;[m : Successfully created attachment "SHAFT Engine Logs - Current Method log: Update_Policy_With_Missing_Keys_TC"
]]></system-out>
  </testcase>
  <testcase name="Update_Policy_With_Missing_Keys_TC[[Ljava.lang.Object;@64e99652](25)" classname="SteeringCompanyAPI_TestCases.Test_Policies_Cases" time="1.076">
    <system-out><![CDATA[2023-01-12 11:57:40.619 &amp#27;[32m INFO&amp#27;[m &amp#27;[35m[@534 - main]&amp#27;[m &amp#27;[36mcom.shaft.tools.io.ReportManager&amp#27;[m : 
################################################################################################################################################
Starting Execution:	"124 out of 56" test cases in the current suite
Test Method:		"SteeringCompanyAPI_TestCases.Test_Policies_Cases.Update_Policy_With_Missing_Keys_TC"
Test Description:	"TC051 - Perform Update Policy with Missing Keys"
################################################################################################################################################
2023-01-12 11:57:40.619 &amp#27;[32m INFO&amp#27;[m &amp#27;[35m[@503 - main]&amp#27;[m &amp#27;[36mcom.shaft.tools.io.ReportManager&amp#27;[m : File Action "DoesFileExist" successfully performed. With the following test data "File Path: "SteeringCompanyAPI_TestData/SteeringCompanyAPI_TestData.xlsx"".
2023-01-12 11:57:40.629 &amp#27;[32m INFO&amp#27;[m &amp#27;[35m[@503 - main]&amp#27;[m &amp#27;[36mcom.shaft.tools.io.ReportManager&amp#27;[m : Successfully created attachment "Test Data - Excel"
2023-01-12 11:57:41.195 &amp#27;[32m INFO&amp#27;[m &amp#27;[35m[@503 - main]&amp#27;[m &amp#27;[36mcom.shaft.tools.io.ReportManager&amp#27;[m : Response status code: "200", status line: "HTTP/1.1 200 OK"
2023-01-12 11:57:41.203 &amp#27;[32m INFO&amp#27;[m &amp#27;[35m[@503 - main]&amp#27;[m &amp#27;[36mcom.shaft.tools.io.ReportManager&amp#27;[m : Successfully created attachment "API Request - Specifications"
2023-01-12 11:57:41.203 &amp#27;[32m INFO&amp#27;[m &amp#27;[35m[@503 - main]&amp#27;[m &amp#27;[36mcom.shaft.tools.io.ReportManager&amp#27;[m : Successfully created attachment "API Request - Body"
2023-01-12 11:57:41.204 &amp#27;[32m INFO&amp#27;[m &amp#27;[35m[@503 - main]&amp#27;[m &amp#27;[36mcom.shaft.tools.io.ReportManager&amp#27;[m : Successfully created attachment "API Response - JSON Body"
2023-01-12 11:57:41.211 &amp#27;[32m INFO&amp#27;[m &amp#27;[35m[@503 - main]&amp#27;[m &amp#27;[36mcom.shaft.tools.io.ReportManager&amp#27;[m : File Action "DoesFileExist" successfully performed. With the following test data "File Path: "SteeringCompanyAPI_TestData/SteeringCompanyAPI_TestData.xlsx"".
2023-01-12 11:57:41.226 &amp#27;[32m INFO&amp#27;[m &amp#27;[35m[@503 - main]&amp#27;[m &amp#27;[36mcom.shaft.tools.io.ReportManager&amp#27;[m : Successfully created attachment "Test Data - Excel"
2023-01-12 11:57:41.676 &amp#27;[32m INFO&amp#27;[m &amp#27;[35m[@503 - main]&amp#27;[m &amp#27;[36mcom.shaft.tools.io.ReportManager&amp#27;[m : Response status code: "422", status line: "HTTP/1.1 422 "
2023-01-12 11:57:41.687 &amp#27;[32m INFO&amp#27;[m &amp#27;[35m[@503 - main]&amp#27;[m &amp#27;[36mcom.shaft.tools.io.ReportManager&amp#27;[m : Successfully created attachment "API Request - Specifications"
2023-01-12 11:57:41.688 &amp#27;[32m INFO&amp#27;[m &amp#27;[35m[@503 - main]&amp#27;[m &amp#27;[36mcom.shaft.tools.io.ReportManager&amp#27;[m : Successfully created attachment "API Request - JSON Body"
2023-01-12 11:57:41.688 &amp#27;[32m INFO&amp#27;[m &amp#27;[35m[@503 - main]&amp#27;[m &amp#27;[36mcom.shaft.tools.io.ReportManager&amp#27;[m : Successfully created attachment "API Response - JSON Body"
2023-01-12 11:57:41.690 &amp#27;[32m INFO&amp#27;[m &amp#27;[35m[@503 - main]&amp#27;[m &amp#27;[36mcom.shaft.tools.io.ReportManager&amp#27;[m : File Action "DoesFileExist" successfully performed. With the following test data "File Path: "Schemas/ValidationError_schema.json"".
2023-01-12 11:57:41.690 &amp#27;[32m INFO&amp#27;[m &amp#27;[35m[@503 - main]&amp#27;[m &amp#27;[36mcom.shaft.tools.io.ReportManager&amp#27;[m : File Action "DoesFileExist" successfully performed. With the following test data "File Path: "src/test/resources/testDataFiles/Schemas/ValidationError_schema.json"".
2023-01-12 11:57:41.690 &amp#27;[32m INFO&amp#27;[m &amp#27;[35m[@503 - main]&amp#27;[m &amp#27;[36mcom.shaft.tools.io.ReportManager&amp#27;[m : File Action "GetAbsolutePath" successfully performed. With the following test data "Relative Folder Path: "src/test/resources/testDataFiles/Schemas/ValidationError_schema.json"".
2023-01-12 11:57:41.691 &amp#27;[32m INFO&amp#27;[m &amp#27;[35m[@503 - main]&amp#27;[m &amp#27;[36mcom.shaft.tools.io.ReportManager&amp#27;[m : File Action "DoesFileExist" successfully performed. With the following test data "File Path: "C:\eclipse-workspace\MyProjects\TASystemsAPIs\src\test\resources\testDataFiles\Schemas\ValidationError_schema.json"".
2023-01-12 11:57:41.691 &amp#27;[32m INFO&amp#27;[m &amp#27;[35m[@503 - main]&amp#27;[m &amp#27;[36mcom.shaft.tools.io.ReportManager&amp#27;[m : File Action "GetAbsolutePath" successfully performed. With the following test data "Relative Folder Path: "C:\eclipse-workspace\MyProjects\TASystemsAPIs\src\test\resources\testDataFiles\Schemas\ValidationError_schema.json"".
2023-01-12 11:57:41.692 &amp#27;[32m INFO&amp#27;[m &amp#27;[35m[@503 - main]&amp#27;[m &amp#27;[36mcom.shaft.tools.io.ReportManager&amp#27;[m : File Action "ReadFile" successfully performed. With the following test data "File Path: "C:\eclipse-workspace\MyProjects\TASystemsAPIs\src\test\resources\testDataFiles\Schemas\ValidationError_schema.json"".
2023-01-12 11:57:41.693 &amp#27;[32m INFO&amp#27;[m &amp#27;[35m[@503 - main]&amp#27;[m &amp#27;[36mcom.shaft.tools.io.ReportManager&amp#27;[m : Successfully created attachment "Validation Test Data - Expected JSON Value"
2023-01-12 11:57:41.693 &amp#27;[32m INFO&amp#27;[m &amp#27;[35m[@503 - main]&amp#27;[m &amp#27;[36mcom.shaft.tools.io.ReportManager&amp#27;[m : Successfully created attachment "Validation Test Data - Actual JSON Value"
2023-01-12 11:57:41.694 &amp#27;[32m INFO&amp#27;[m &amp#27;[35m[@503 - main]&amp#27;[m &amp#27;[36mcom.shaft.tools.io.ReportManager&amp#27;[m : Successfully created attachment "SHAFT Engine Logs - Current Method log: Update_Policy_With_Missing_Keys_TC"
]]></system-out>
  </testcase>
  <testcase name="Update_Policy_With_Missing_Keys_TC[[Ljava.lang.Object;@2374c53e](26)" classname="SteeringCompanyAPI_TestCases.Test_Policies_Cases" time="1.094">
    <system-out><![CDATA[2023-01-12 11:57:41.696 &amp#27;[32m INFO&amp#27;[m &amp#27;[35m[@534 - main]&amp#27;[m &amp#27;[36mcom.shaft.tools.io.ReportManager&amp#27;[m : 
################################################################################################################################################
Starting Execution:	"125 out of 56" test cases in the current suite
Test Method:		"SteeringCompanyAPI_TestCases.Test_Policies_Cases.Update_Policy_With_Missing_Keys_TC"
Test Description:	"TC051 - Perform Update Policy with Missing Keys"
################################################################################################################################################
2023-01-12 11:57:41.696 &amp#27;[32m INFO&amp#27;[m &amp#27;[35m[@503 - main]&amp#27;[m &amp#27;[36mcom.shaft.tools.io.ReportManager&amp#27;[m : File Action "DoesFileExist" successfully performed. With the following test data "File Path: "SteeringCompanyAPI_TestData/SteeringCompanyAPI_TestData.xlsx"".
2023-01-12 11:57:41.706 &amp#27;[32m INFO&amp#27;[m &amp#27;[35m[@503 - main]&amp#27;[m &amp#27;[36mcom.shaft.tools.io.ReportManager&amp#27;[m : Successfully created attachment "Test Data - Excel"
2023-01-12 11:57:42.289 &amp#27;[32m INFO&amp#27;[m &amp#27;[35m[@503 - main]&amp#27;[m &amp#27;[36mcom.shaft.tools.io.ReportManager&amp#27;[m : Response status code: "200", status line: "HTTP/1.1 200 OK"
2023-01-12 11:57:42.300 &amp#27;[32m INFO&amp#27;[m &amp#27;[35m[@503 - main]&amp#27;[m &amp#27;[36mcom.shaft.tools.io.ReportManager&amp#27;[m : Successfully created attachment "API Request - Specifications"
2023-01-12 11:57:42.301 &amp#27;[32m INFO&amp#27;[m &amp#27;[35m[@503 - main]&amp#27;[m &amp#27;[36mcom.shaft.tools.io.ReportManager&amp#27;[m : Successfully created attachment "API Request - Body"
2023-01-12 11:57:42.301 &amp#27;[32m INFO&amp#27;[m &amp#27;[35m[@503 - main]&amp#27;[m &amp#27;[36mcom.shaft.tools.io.ReportManager&amp#27;[m : Successfully created attachment "API Response - JSON Body"
2023-01-12 11:57:42.308 &amp#27;[32m INFO&amp#27;[m &amp#27;[35m[@503 - main]&amp#27;[m &amp#27;[36mcom.shaft.tools.io.ReportManager&amp#27;[m : File Action "DoesFileExist" successfully performed. With the following test data "File Path: "SteeringCompanyAPI_TestData/SteeringCompanyAPI_TestData.xlsx"".
2023-01-12 11:57:42.317 &amp#27;[32m INFO&amp#27;[m &amp#27;[35m[@503 - main]&amp#27;[m &amp#27;[36mcom.shaft.tools.io.ReportManager&amp#27;[m : Successfully created attachment "Test Data - Excel"
2023-01-12 11:57:42.771 &amp#27;[32m INFO&amp#27;[m &amp#27;[35m[@503 - main]&amp#27;[m &amp#27;[36mcom.shaft.tools.io.ReportManager&amp#27;[m : Response status code: "422", status line: "HTTP/1.1 422 "
2023-01-12 11:57:42.781 &amp#27;[32m INFO&amp#27;[m &amp#27;[35m[@503 - main]&amp#27;[m &amp#27;[36mcom.shaft.tools.io.ReportManager&amp#27;[m : Successfully created attachment "API Request - Specifications"
2023-01-12 11:57:42.782 &amp#27;[32m INFO&amp#27;[m &amp#27;[35m[@503 - main]&amp#27;[m &amp#27;[36mcom.shaft.tools.io.ReportManager&amp#27;[m : Successfully created attachment "API Request - JSON Body"
2023-01-12 11:57:42.782 &amp#27;[32m INFO&amp#27;[m &amp#27;[35m[@503 - main]&amp#27;[m &amp#27;[36mcom.shaft.tools.io.ReportManager&amp#27;[m : Successfully created attachment "API Response - JSON Body"
2023-01-12 11:57:42.783 &amp#27;[32m INFO&amp#27;[m &amp#27;[35m[@503 - main]&amp#27;[m &amp#27;[36mcom.shaft.tools.io.ReportManager&amp#27;[m : File Action "DoesFileExist" successfully performed. With the following test data "File Path: "Schemas/ValidationError_schema.json"".
2023-01-12 11:57:42.783 &amp#27;[32m INFO&amp#27;[m &amp#27;[35m[@503 - main]&amp#27;[m &amp#27;[36mcom.shaft.tools.io.ReportManager&amp#27;[m : File Action "DoesFileExist" successfully performed. With the following test data "File Path: "src/test/resources/testDataFiles/Schemas/ValidationError_schema.json"".
2023-01-12 11:57:42.783 &amp#27;[32m INFO&amp#27;[m &amp#27;[35m[@503 - main]&amp#27;[m &amp#27;[36mcom.shaft.tools.io.ReportManager&amp#27;[m : File Action "GetAbsolutePath" successfully performed. With the following test data "Relative Folder Path: "src/test/resources/testDataFiles/Schemas/ValidationError_schema.json"".
2023-01-12 11:57:42.785 &amp#27;[32m INFO&amp#27;[m &amp#27;[35m[@503 - main]&amp#27;[m &amp#27;[36mcom.shaft.tools.io.ReportManager&amp#27;[m : File Action "DoesFileExist" successfully performed. With the following test data "File Path: "C:\eclipse-workspace\MyProjects\TASystemsAPIs\src\test\resources\testDataFiles\Schemas\ValidationError_schema.json"".
2023-01-12 11:57:42.785 &amp#27;[32m INFO&amp#27;[m &amp#27;[35m[@503 - main]&amp#27;[m &amp#27;[36mcom.shaft.tools.io.ReportManager&amp#27;[m : File Action "GetAbsolutePath" successfully performed. With the following test data "Relative Folder Path: "C:\eclipse-workspace\MyProjects\TASystemsAPIs\src\test\resources\testDataFiles\Schemas\ValidationError_schema.json"".
2023-01-12 11:57:42.785 &amp#27;[32m INFO&amp#27;[m &amp#27;[35m[@503 - main]&amp#27;[m &amp#27;[36mcom.shaft.tools.io.ReportManager&amp#27;[m : File Action "ReadFile" successfully performed. With the following test data "File Path: "C:\eclipse-workspace\MyProjects\TASystemsAPIs\src\test\resources\testDataFiles\Schemas\ValidationError_schema.json"".
2023-01-12 11:57:42.787 &amp#27;[32m INFO&amp#27;[m &amp#27;[35m[@503 - main]&amp#27;[m &amp#27;[36mcom.shaft.tools.io.ReportManager&amp#27;[m : Successfully created attachment "Validation Test Data - Expected JSON Value"
2023-01-12 11:57:42.787 &amp#27;[32m INFO&amp#27;[m &amp#27;[35m[@503 - main]&amp#27;[m &amp#27;[36mcom.shaft.tools.io.ReportManager&amp#27;[m : Successfully created attachment "Validation Test Data - Actual JSON Value"
2023-01-12 11:57:42.788 &amp#27;[32m INFO&amp#27;[m &amp#27;[35m[@503 - main]&amp#27;[m &amp#27;[36mcom.shaft.tools.io.ReportManager&amp#27;[m : Successfully created attachment "SHAFT Engine Logs - Current Method log: Update_Policy_With_Missing_Keys_TC"
]]></system-out>
  </testcase>
  <testcase name="Update_Policy_With_Missing_Keys_TC[[Ljava.lang.Object;@1ad2f5da](27)" classname="SteeringCompanyAPI_TestCases.Test_Policies_Cases" time="1.079">
    <system-out><![CDATA[2023-01-12 11:57:42.790 &amp#27;[32m INFO&amp#27;[m &amp#27;[35m[@534 - main]&amp#27;[m &amp#27;[36mcom.shaft.tools.io.ReportManager&amp#27;[m : 
################################################################################################################################################
Starting Execution:	"126 out of 56" test cases in the current suite
Test Method:		"SteeringCompanyAPI_TestCases.Test_Policies_Cases.Update_Policy_With_Missing_Keys_TC"
Test Description:	"TC051 - Perform Update Policy with Missing Keys"
################################################################################################################################################
2023-01-12 11:57:42.790 &amp#27;[32m INFO&amp#27;[m &amp#27;[35m[@503 - main]&amp#27;[m &amp#27;[36mcom.shaft.tools.io.ReportManager&amp#27;[m : File Action "DoesFileExist" successfully performed. With the following test data "File Path: "SteeringCompanyAPI_TestData/SteeringCompanyAPI_TestData.xlsx"".
2023-01-12 11:57:42.800 &amp#27;[32m INFO&amp#27;[m &amp#27;[35m[@503 - main]&amp#27;[m &amp#27;[36mcom.shaft.tools.io.ReportManager&amp#27;[m : Successfully created attachment "Test Data - Excel"
2023-01-12 11:57:43.363 &amp#27;[32m INFO&amp#27;[m &amp#27;[35m[@503 - main]&amp#27;[m &amp#27;[36mcom.shaft.tools.io.ReportManager&amp#27;[m : Response status code: "200", status line: "HTTP/1.1 200 OK"
2023-01-12 11:57:43.375 &amp#27;[32m INFO&amp#27;[m &amp#27;[35m[@503 - main]&amp#27;[m &amp#27;[36mcom.shaft.tools.io.ReportManager&amp#27;[m : Successfully created attachment "API Request - Specifications"
2023-01-12 11:57:43.376 &amp#27;[32m INFO&amp#27;[m &amp#27;[35m[@503 - main]&amp#27;[m &amp#27;[36mcom.shaft.tools.io.ReportManager&amp#27;[m : Successfully created attachment "API Request - Body"
2023-01-12 11:57:43.376 &amp#27;[32m INFO&amp#27;[m &amp#27;[35m[@503 - main]&amp#27;[m &amp#27;[36mcom.shaft.tools.io.ReportManager&amp#27;[m : Successfully created attachment "API Response - JSON Body"
2023-01-12 11:57:43.382 &amp#27;[32m INFO&amp#27;[m &amp#27;[35m[@503 - main]&amp#27;[m &amp#27;[36mcom.shaft.tools.io.ReportManager&amp#27;[m : File Action "DoesFileExist" successfully performed. With the following test data "File Path: "SteeringCompanyAPI_TestData/SteeringCompanyAPI_TestData.xlsx"".
2023-01-12 11:57:43.391 &amp#27;[32m INFO&amp#27;[m &amp#27;[35m[@503 - main]&amp#27;[m &amp#27;[36mcom.shaft.tools.io.ReportManager&amp#27;[m : Successfully created attachment "Test Data - Excel"
2023-01-12 11:57:43.849 &amp#27;[32m INFO&amp#27;[m &amp#27;[35m[@503 - main]&amp#27;[m &amp#27;[36mcom.shaft.tools.io.ReportManager&amp#27;[m : Response status code: "422", status line: "HTTP/1.1 422 "
2023-01-12 11:57:43.861 &amp#27;[32m INFO&amp#27;[m &amp#27;[35m[@503 - main]&amp#27;[m &amp#27;[36mcom.shaft.tools.io.ReportManager&amp#27;[m : Successfully created attachment "API Request - Specifications"
2023-01-12 11:57:43.861 &amp#27;[32m INFO&amp#27;[m &amp#27;[35m[@503 - main]&amp#27;[m &amp#27;[36mcom.shaft.tools.io.ReportManager&amp#27;[m : Successfully created attachment "API Request - JSON Body"
2023-01-12 11:57:43.862 &amp#27;[32m INFO&amp#27;[m &amp#27;[35m[@503 - main]&amp#27;[m &amp#27;[36mcom.shaft.tools.io.ReportManager&amp#27;[m : Successfully created attachment "API Response - JSON Body"
2023-01-12 11:57:43.862 &amp#27;[32m INFO&amp#27;[m &amp#27;[35m[@503 - main]&amp#27;[m &amp#27;[36mcom.shaft.tools.io.ReportManager&amp#27;[m : File Action "DoesFileExist" successfully performed. With the following test data "File Path: "Schemas/ValidationError_schema.json"".
2023-01-12 11:57:43.862 &amp#27;[32m INFO&amp#27;[m &amp#27;[35m[@503 - main]&amp#27;[m &amp#27;[36mcom.shaft.tools.io.ReportManager&amp#27;[m : File Action "DoesFileExist" successfully performed. With the following test data "File Path: "src/test/resources/testDataFiles/Schemas/ValidationError_schema.json"".
2023-01-12 11:57:43.863 &amp#27;[32m INFO&amp#27;[m &amp#27;[35m[@503 - main]&amp#27;[m &amp#27;[36mcom.shaft.tools.io.ReportManager&amp#27;[m : File Action "GetAbsolutePath" successfully performed. With the following test data "Relative Folder Path: "src/test/resources/testDataFiles/Schemas/ValidationError_schema.json"".
2023-01-12 11:57:43.865 &amp#27;[32m INFO&amp#27;[m &amp#27;[35m[@503 - main]&amp#27;[m &amp#27;[36mcom.shaft.tools.io.ReportManager&amp#27;[m : File Action "DoesFileExist" successfully performed. With the following test data "File Path: "C:\eclipse-workspace\MyProjects\TASystemsAPIs\src\test\resources\testDataFiles\Schemas\ValidationError_schema.json"".
2023-01-12 11:57:43.865 &amp#27;[32m INFO&amp#27;[m &amp#27;[35m[@503 - main]&amp#27;[m &amp#27;[36mcom.shaft.tools.io.ReportManager&amp#27;[m : File Action "GetAbsolutePath" successfully performed. With the following test data "Relative Folder Path: "C:\eclipse-workspace\MyProjects\TASystemsAPIs\src\test\resources\testDataFiles\Schemas\ValidationError_schema.json"".
2023-01-12 11:57:43.865 &amp#27;[32m INFO&amp#27;[m &amp#27;[35m[@503 - main]&amp#27;[m &amp#27;[36mcom.shaft.tools.io.ReportManager&amp#27;[m : File Action "ReadFile" successfully performed. With the following test data "File Path: "C:\eclipse-workspace\MyProjects\TASystemsAPIs\src\test\resources\testDataFiles\Schemas\ValidationError_schema.json"".
2023-01-12 11:57:43.866 &amp#27;[32m INFO&amp#27;[m &amp#27;[35m[@503 - main]&amp#27;[m &amp#27;[36mcom.shaft.tools.io.ReportManager&amp#27;[m : Successfully created attachment "Validation Test Data - Expected JSON Value"
2023-01-12 11:57:43.866 &amp#27;[32m INFO&amp#27;[m &amp#27;[35m[@503 - main]&amp#27;[m &amp#27;[36mcom.shaft.tools.io.ReportManager&amp#27;[m : Successfully created attachment "Validation Test Data - Actual JSON Value"
2023-01-12 11:57:43.867 &amp#27;[32m INFO&amp#27;[m &amp#27;[35m[@503 - main]&amp#27;[m &amp#27;[36mcom.shaft.tools.io.ReportManager&amp#27;[m : Successfully created attachment "SHAFT Engine Logs - Current Method log: Update_Policy_With_Missing_Keys_TC"
]]></system-out>
  </testcase>
  <testcase name="Update_Policy_With_Missing_Keys_TC[[Ljava.lang.Object;@6695efc9](28)" classname="SteeringCompanyAPI_TestCases.Test_Policies_Cases" time="1.066">
    <system-out><![CDATA[2023-01-12 11:57:43.869 &amp#27;[32m INFO&amp#27;[m &amp#27;[35m[@534 - main]&amp#27;[m &amp#27;[36mcom.shaft.tools.io.ReportManager&amp#27;[m : 
################################################################################################################################################
Starting Execution:	"127 out of 56" test cases in the current suite
Test Method:		"SteeringCompanyAPI_TestCases.Test_Policies_Cases.Update_Policy_With_Missing_Keys_TC"
Test Description:	"TC051 - Perform Update Policy with Missing Keys"
################################################################################################################################################
2023-01-12 11:57:43.870 &amp#27;[32m INFO&amp#27;[m &amp#27;[35m[@503 - main]&amp#27;[m &amp#27;[36mcom.shaft.tools.io.ReportManager&amp#27;[m : File Action "DoesFileExist" successfully performed. With the following test data "File Path: "SteeringCompanyAPI_TestData/SteeringCompanyAPI_TestData.xlsx"".
2023-01-12 11:57:43.880 &amp#27;[32m INFO&amp#27;[m &amp#27;[35m[@503 - main]&amp#27;[m &amp#27;[36mcom.shaft.tools.io.ReportManager&amp#27;[m : Successfully created attachment "Test Data - Excel"
2023-01-12 11:57:44.444 &amp#27;[32m INFO&amp#27;[m &amp#27;[35m[@503 - main]&amp#27;[m &amp#27;[36mcom.shaft.tools.io.ReportManager&amp#27;[m : Response status code: "200", status line: "HTTP/1.1 200 OK"
2023-01-12 11:57:44.455 &amp#27;[32m INFO&amp#27;[m &amp#27;[35m[@503 - main]&amp#27;[m &amp#27;[36mcom.shaft.tools.io.ReportManager&amp#27;[m : Successfully created attachment "API Request - Specifications"
2023-01-12 11:57:44.455 &amp#27;[32m INFO&amp#27;[m &amp#27;[35m[@503 - main]&amp#27;[m &amp#27;[36mcom.shaft.tools.io.ReportManager&amp#27;[m : Successfully created attachment "API Request - Body"
2023-01-12 11:57:44.456 &amp#27;[32m INFO&amp#27;[m &amp#27;[35m[@503 - main]&amp#27;[m &amp#27;[36mcom.shaft.tools.io.ReportManager&amp#27;[m : Successfully created attachment "API Response - JSON Body"
2023-01-12 11:57:44.461 &amp#27;[32m INFO&amp#27;[m &amp#27;[35m[@503 - main]&amp#27;[m &amp#27;[36mcom.shaft.tools.io.ReportManager&amp#27;[m : File Action "DoesFileExist" successfully performed. With the following test data "File Path: "SteeringCompanyAPI_TestData/SteeringCompanyAPI_TestData.xlsx"".
2023-01-12 11:57:44.470 &amp#27;[32m INFO&amp#27;[m &amp#27;[35m[@503 - main]&amp#27;[m &amp#27;[36mcom.shaft.tools.io.ReportManager&amp#27;[m : Successfully created attachment "Test Data - Excel"
2023-01-12 11:57:44.918 &amp#27;[32m INFO&amp#27;[m &amp#27;[35m[@503 - main]&amp#27;[m &amp#27;[36mcom.shaft.tools.io.ReportManager&amp#27;[m : Response status code: "422", status line: "HTTP/1.1 422 "
2023-01-12 11:57:44.928 &amp#27;[32m INFO&amp#27;[m &amp#27;[35m[@503 - main]&amp#27;[m &amp#27;[36mcom.shaft.tools.io.ReportManager&amp#27;[m : Successfully created attachment "API Request - Specifications"
2023-01-12 11:57:44.928 &amp#27;[32m INFO&amp#27;[m &amp#27;[35m[@503 - main]&amp#27;[m &amp#27;[36mcom.shaft.tools.io.ReportManager&amp#27;[m : Successfully created attachment "API Request - JSON Body"
2023-01-12 11:57:44.929 &amp#27;[32m INFO&amp#27;[m &amp#27;[35m[@503 - main]&amp#27;[m &amp#27;[36mcom.shaft.tools.io.ReportManager&amp#27;[m : Successfully created attachment "API Response - JSON Body"
2023-01-12 11:57:44.929 &amp#27;[32m INFO&amp#27;[m &amp#27;[35m[@503 - main]&amp#27;[m &amp#27;[36mcom.shaft.tools.io.ReportManager&amp#27;[m : File Action "DoesFileExist" successfully performed. With the following test data "File Path: "Schemas/ValidationError_schema.json"".
2023-01-12 11:57:44.929 &amp#27;[32m INFO&amp#27;[m &amp#27;[35m[@503 - main]&amp#27;[m &amp#27;[36mcom.shaft.tools.io.ReportManager&amp#27;[m : File Action "DoesFileExist" successfully performed. With the following test data "File Path: "src/test/resources/testDataFiles/Schemas/ValidationError_schema.json"".
2023-01-12 11:57:44.929 &amp#27;[32m INFO&amp#27;[m &amp#27;[35m[@503 - main]&amp#27;[m &amp#27;[36mcom.shaft.tools.io.ReportManager&amp#27;[m : File Action "GetAbsolutePath" successfully performed. With the following test data "Relative Folder Path: "src/test/resources/testDataFiles/Schemas/ValidationError_schema.json"".
2023-01-12 11:57:44.931 &amp#27;[32m INFO&amp#27;[m &amp#27;[35m[@503 - main]&amp#27;[m &amp#27;[36mcom.shaft.tools.io.ReportManager&amp#27;[m : File Action "DoesFileExist" successfully performed. With the following test data "File Path: "C:\eclipse-workspace\MyProjects\TASystemsAPIs\src\test\resources\testDataFiles\Schemas\ValidationError_schema.json"".
2023-01-12 11:57:44.931 &amp#27;[32m INFO&amp#27;[m &amp#27;[35m[@503 - main]&amp#27;[m &amp#27;[36mcom.shaft.tools.io.ReportManager&amp#27;[m : File Action "GetAbsolutePath" successfully performed. With the following test data "Relative Folder Path: "C:\eclipse-workspace\MyProjects\TASystemsAPIs\src\test\resources\testDataFiles\Schemas\ValidationError_schema.json"".
2023-01-12 11:57:44.931 &amp#27;[32m INFO&amp#27;[m &amp#27;[35m[@503 - main]&amp#27;[m &amp#27;[36mcom.shaft.tools.io.ReportManager&amp#27;[m : File Action "ReadFile" successfully performed. With the following test data "File Path: "C:\eclipse-workspace\MyProjects\TASystemsAPIs\src\test\resources\testDataFiles\Schemas\ValidationError_schema.json"".
2023-01-12 11:57:44.932 &amp#27;[32m INFO&amp#27;[m &amp#27;[35m[@503 - main]&amp#27;[m &amp#27;[36mcom.shaft.tools.io.ReportManager&amp#27;[m : Successfully created attachment "Validation Test Data - Expected JSON Value"
2023-01-12 11:57:44.932 &amp#27;[32m INFO&amp#27;[m &amp#27;[35m[@503 - main]&amp#27;[m &amp#27;[36mcom.shaft.tools.io.ReportManager&amp#27;[m : Successfully created attachment "Validation Test Data - Actual JSON Value"
2023-01-12 11:57:44.933 &amp#27;[32m INFO&amp#27;[m &amp#27;[35m[@503 - main]&amp#27;[m &amp#27;[36mcom.shaft.tools.io.ReportManager&amp#27;[m : Successfully created attachment "SHAFT Engine Logs - Current Method log: Update_Policy_With_Missing_Keys_TC"
]]></system-out>
  </testcase>
  <testcase name="Update_Policy_With_Missing_Keys_TC[[Ljava.lang.Object;@3ced033](29)" classname="SteeringCompanyAPI_TestCases.Test_Policies_Cases" time="1.139">
    <system-out><![CDATA[2023-01-12 11:57:44.934 &amp#27;[32m INFO&amp#27;[m &amp#27;[35m[@534 - main]&amp#27;[m &amp#27;[36mcom.shaft.tools.io.ReportManager&amp#27;[m : 
################################################################################################################################################
Starting Execution:	"128 out of 56" test cases in the current suite
Test Method:		"SteeringCompanyAPI_TestCases.Test_Policies_Cases.Update_Policy_With_Missing_Keys_TC"
Test Description:	"TC051 - Perform Update Policy with Missing Keys"
################################################################################################################################################
2023-01-12 11:57:44.935 &amp#27;[32m INFO&amp#27;[m &amp#27;[35m[@503 - main]&amp#27;[m &amp#27;[36mcom.shaft.tools.io.ReportManager&amp#27;[m : File Action "DoesFileExist" successfully performed. With the following test data "File Path: "SteeringCompanyAPI_TestData/SteeringCompanyAPI_TestData.xlsx"".
2023-01-12 11:57:44.944 &amp#27;[32m INFO&amp#27;[m &amp#27;[35m[@503 - main]&amp#27;[m &amp#27;[36mcom.shaft.tools.io.ReportManager&amp#27;[m : Successfully created attachment "Test Data - Excel"
2023-01-12 11:57:45.542 &amp#27;[32m INFO&amp#27;[m &amp#27;[35m[@503 - main]&amp#27;[m &amp#27;[36mcom.shaft.tools.io.ReportManager&amp#27;[m : Response status code: "200", status line: "HTTP/1.1 200 OK"
2023-01-12 11:57:45.552 &amp#27;[32m INFO&amp#27;[m &amp#27;[35m[@503 - main]&amp#27;[m &amp#27;[36mcom.shaft.tools.io.ReportManager&amp#27;[m : Successfully created attachment "API Request - Specifications"
2023-01-12 11:57:45.552 &amp#27;[32m INFO&amp#27;[m &amp#27;[35m[@503 - main]&amp#27;[m &amp#27;[36mcom.shaft.tools.io.ReportManager&amp#27;[m : Successfully created attachment "API Request - Body"
2023-01-12 11:57:45.553 &amp#27;[32m INFO&amp#27;[m &amp#27;[35m[@503 - main]&amp#27;[m &amp#27;[36mcom.shaft.tools.io.ReportManager&amp#27;[m : Successfully created attachment "API Response - JSON Body"
2023-01-12 11:57:45.560 &amp#27;[32m INFO&amp#27;[m &amp#27;[35m[@503 - main]&amp#27;[m &amp#27;[36mcom.shaft.tools.io.ReportManager&amp#27;[m : File Action "DoesFileExist" successfully performed. With the following test data "File Path: "SteeringCompanyAPI_TestData/SteeringCompanyAPI_TestData.xlsx"".
2023-01-12 11:57:45.574 &amp#27;[32m INFO&amp#27;[m &amp#27;[35m[@503 - main]&amp#27;[m &amp#27;[36mcom.shaft.tools.io.ReportManager&amp#27;[m : Successfully created attachment "Test Data - Excel"
2023-01-12 11:57:46.051 &amp#27;[32m INFO&amp#27;[m &amp#27;[35m[@503 - main]&amp#27;[m &amp#27;[36mcom.shaft.tools.io.ReportManager&amp#27;[m : Response status code: "422", status line: "HTTP/1.1 422 "
2023-01-12 11:57:46.064 &amp#27;[32m INFO&amp#27;[m &amp#27;[35m[@503 - main]&amp#27;[m &amp#27;[36mcom.shaft.tools.io.ReportManager&amp#27;[m : Successfully created attachment "API Request - Specifications"
2023-01-12 11:57:46.064 &amp#27;[32m INFO&amp#27;[m &amp#27;[35m[@503 - main]&amp#27;[m &amp#27;[36mcom.shaft.tools.io.ReportManager&amp#27;[m : Successfully created attachment "API Request - JSON Body"
2023-01-12 11:57:46.065 &amp#27;[32m INFO&amp#27;[m &amp#27;[35m[@503 - main]&amp#27;[m &amp#27;[36mcom.shaft.tools.io.ReportManager&amp#27;[m : Successfully created attachment "API Response - JSON Body"
2023-01-12 11:57:46.067 &amp#27;[32m INFO&amp#27;[m &amp#27;[35m[@503 - main]&amp#27;[m &amp#27;[36mcom.shaft.tools.io.ReportManager&amp#27;[m : File Action "DoesFileExist" successfully performed. With the following test data "File Path: "Schemas/ValidationError_schema.json"".
2023-01-12 11:57:46.067 &amp#27;[32m INFO&amp#27;[m &amp#27;[35m[@503 - main]&amp#27;[m &amp#27;[36mcom.shaft.tools.io.ReportManager&amp#27;[m : File Action "DoesFileExist" successfully performed. With the following test data "File Path: "src/test/resources/testDataFiles/Schemas/ValidationError_schema.json"".
2023-01-12 11:57:46.067 &amp#27;[32m INFO&amp#27;[m &amp#27;[35m[@503 - main]&amp#27;[m &amp#27;[36mcom.shaft.tools.io.ReportManager&amp#27;[m : File Action "GetAbsolutePath" successfully performed. With the following test data "Relative Folder Path: "src/test/resources/testDataFiles/Schemas/ValidationError_schema.json"".
2023-01-12 11:57:46.069 &amp#27;[32m INFO&amp#27;[m &amp#27;[35m[@503 - main]&amp#27;[m &amp#27;[36mcom.shaft.tools.io.ReportManager&amp#27;[m : File Action "DoesFileExist" successfully performed. With the following test data "File Path: "C:\eclipse-workspace\MyProjects\TASystemsAPIs\src\test\resources\testDataFiles\Schemas\ValidationError_schema.json"".
2023-01-12 11:57:46.070 &amp#27;[32m INFO&amp#27;[m &amp#27;[35m[@503 - main]&amp#27;[m &amp#27;[36mcom.shaft.tools.io.ReportManager&amp#27;[m : File Action "GetAbsolutePath" successfully performed. With the following test data "Relative Folder Path: "C:\eclipse-workspace\MyProjects\TASystemsAPIs\src\test\resources\testDataFiles\Schemas\ValidationError_schema.json"".
2023-01-12 11:57:46.070 &amp#27;[32m INFO&amp#27;[m &amp#27;[35m[@503 - main]&amp#27;[m &amp#27;[36mcom.shaft.tools.io.ReportManager&amp#27;[m : File Action "ReadFile" successfully performed. With the following test data "File Path: "C:\eclipse-workspace\MyProjects\TASystemsAPIs\src\test\resources\testDataFiles\Schemas\ValidationError_schema.json"".
2023-01-12 11:57:46.071 &amp#27;[32m INFO&amp#27;[m &amp#27;[35m[@503 - main]&amp#27;[m &amp#27;[36mcom.shaft.tools.io.ReportManager&amp#27;[m : Successfully created attachment "Validation Test Data - Expected JSON Value"
2023-01-12 11:57:46.071 &amp#27;[32m INFO&amp#27;[m &amp#27;[35m[@503 - main]&amp#27;[m &amp#27;[36mcom.shaft.tools.io.ReportManager&amp#27;[m : Successfully created attachment "Validation Test Data - Actual JSON Value"
2023-01-12 11:57:46.072 &amp#27;[32m INFO&amp#27;[m &amp#27;[35m[@503 - main]&amp#27;[m &amp#27;[36mcom.shaft.tools.io.ReportManager&amp#27;[m : Successfully created attachment "SHAFT Engine Logs - Current Method log: Update_Policy_With_Missing_Keys_TC"
]]></system-out>
  </testcase>
  <testcase name="Update_Policy_With_Missing_Keys_TC[[Ljava.lang.Object;@71ce1174](30)" classname="SteeringCompanyAPI_TestCases.Test_Policies_Cases" time="1.118">
    <system-out><![CDATA[2023-01-12 11:57:46.074 &amp#27;[32m INFO&amp#27;[m &amp#27;[35m[@534 - main]&amp#27;[m &amp#27;[36mcom.shaft.tools.io.ReportManager&amp#27;[m : 
################################################################################################################################################
Starting Execution:	"129 out of 56" test cases in the current suite
Test Method:		"SteeringCompanyAPI_TestCases.Test_Policies_Cases.Update_Policy_With_Missing_Keys_TC"
Test Description:	"TC051 - Perform Update Policy with Missing Keys"
################################################################################################################################################
2023-01-12 11:57:46.074 &amp#27;[32m INFO&amp#27;[m &amp#27;[35m[@503 - main]&amp#27;[m &amp#27;[36mcom.shaft.tools.io.ReportManager&amp#27;[m : File Action "DoesFileExist" successfully performed. With the following test data "File Path: "SteeringCompanyAPI_TestData/SteeringCompanyAPI_TestData.xlsx"".
2023-01-12 11:57:46.083 &amp#27;[32m INFO&amp#27;[m &amp#27;[35m[@503 - main]&amp#27;[m &amp#27;[36mcom.shaft.tools.io.ReportManager&amp#27;[m : Successfully created attachment "Test Data - Excel"
2023-01-12 11:57:46.693 &amp#27;[32m INFO&amp#27;[m &amp#27;[35m[@503 - main]&amp#27;[m &amp#27;[36mcom.shaft.tools.io.ReportManager&amp#27;[m : Response status code: "200", status line: "HTTP/1.1 200 OK"
2023-01-12 11:57:46.703 &amp#27;[32m INFO&amp#27;[m &amp#27;[35m[@503 - main]&amp#27;[m &amp#27;[36mcom.shaft.tools.io.ReportManager&amp#27;[m : Successfully created attachment "API Request - Specifications"
2023-01-12 11:57:46.704 &amp#27;[32m INFO&amp#27;[m &amp#27;[35m[@503 - main]&amp#27;[m &amp#27;[36mcom.shaft.tools.io.ReportManager&amp#27;[m : Successfully created attachment "API Request - Body"
2023-01-12 11:57:46.705 &amp#27;[32m INFO&amp#27;[m &amp#27;[35m[@503 - main]&amp#27;[m &amp#27;[36mcom.shaft.tools.io.ReportManager&amp#27;[m : Successfully created attachment "API Response - JSON Body"
2023-01-12 11:57:46.711 &amp#27;[32m INFO&amp#27;[m &amp#27;[35m[@503 - main]&amp#27;[m &amp#27;[36mcom.shaft.tools.io.ReportManager&amp#27;[m : File Action "DoesFileExist" successfully performed. With the following test data "File Path: "SteeringCompanyAPI_TestData/SteeringCompanyAPI_TestData.xlsx"".
2023-01-12 11:57:46.720 &amp#27;[32m INFO&amp#27;[m &amp#27;[35m[@503 - main]&amp#27;[m &amp#27;[36mcom.shaft.tools.io.ReportManager&amp#27;[m : Successfully created attachment "Test Data - Excel"
2023-01-12 11:57:47.172 &amp#27;[32m INFO&amp#27;[m &amp#27;[35m[@503 - main]&amp#27;[m &amp#27;[36mcom.shaft.tools.io.ReportManager&amp#27;[m : Response status code: "422", status line: "HTTP/1.1 422 "
2023-01-12 11:57:47.183 &amp#27;[32m INFO&amp#27;[m &amp#27;[35m[@503 - main]&amp#27;[m &amp#27;[36mcom.shaft.tools.io.ReportManager&amp#27;[m : Successfully created attachment "API Request - Specifications"
2023-01-12 11:57:47.184 &amp#27;[32m INFO&amp#27;[m &amp#27;[35m[@503 - main]&amp#27;[m &amp#27;[36mcom.shaft.tools.io.ReportManager&amp#27;[m : Successfully created attachment "API Request - JSON Body"
2023-01-12 11:57:47.185 &amp#27;[32m INFO&amp#27;[m &amp#27;[35m[@503 - main]&amp#27;[m &amp#27;[36mcom.shaft.tools.io.ReportManager&amp#27;[m : Successfully created attachment "API Response - JSON Body"
2023-01-12 11:57:47.185 &amp#27;[32m INFO&amp#27;[m &amp#27;[35m[@503 - main]&amp#27;[m &amp#27;[36mcom.shaft.tools.io.ReportManager&amp#27;[m : File Action "DoesFileExist" successfully performed. With the following test data "File Path: "Schemas/ValidationError_schema.json"".
2023-01-12 11:57:47.185 &amp#27;[32m INFO&amp#27;[m &amp#27;[35m[@503 - main]&amp#27;[m &amp#27;[36mcom.shaft.tools.io.ReportManager&amp#27;[m : File Action "DoesFileExist" successfully performed. With the following test data "File Path: "src/test/resources/testDataFiles/Schemas/ValidationError_schema.json"".
2023-01-12 11:57:47.185 &amp#27;[32m INFO&amp#27;[m &amp#27;[35m[@503 - main]&amp#27;[m &amp#27;[36mcom.shaft.tools.io.ReportManager&amp#27;[m : File Action "GetAbsolutePath" successfully performed. With the following test data "Relative Folder Path: "src/test/resources/testDataFiles/Schemas/ValidationError_schema.json"".
2023-01-12 11:57:47.187 &amp#27;[32m INFO&amp#27;[m &amp#27;[35m[@503 - main]&amp#27;[m &amp#27;[36mcom.shaft.tools.io.ReportManager&amp#27;[m : File Action "DoesFileExist" successfully performed. With the following test data "File Path: "C:\eclipse-workspace\MyProjects\TASystemsAPIs\src\test\resources\testDataFiles\Schemas\ValidationError_schema.json"".
2023-01-12 11:57:47.187 &amp#27;[32m INFO&amp#27;[m &amp#27;[35m[@503 - main]&amp#27;[m &amp#27;[36mcom.shaft.tools.io.ReportManager&amp#27;[m : File Action "GetAbsolutePath" successfully performed. With the following test data "Relative Folder Path: "C:\eclipse-workspace\MyProjects\TASystemsAPIs\src\test\resources\testDataFiles\Schemas\ValidationError_schema.json"".
2023-01-12 11:57:47.187 &amp#27;[32m INFO&amp#27;[m &amp#27;[35m[@503 - main]&amp#27;[m &amp#27;[36mcom.shaft.tools.io.ReportManager&amp#27;[m : File Action "ReadFile" successfully performed. With the following test data "File Path: "C:\eclipse-workspace\MyProjects\TASystemsAPIs\src\test\resources\testDataFiles\Schemas\ValidationError_schema.json"".
2023-01-12 11:57:47.189 &amp#27;[32m INFO&amp#27;[m &amp#27;[35m[@503 - main]&amp#27;[m &amp#27;[36mcom.shaft.tools.io.ReportManager&amp#27;[m : Successfully created attachment "Validation Test Data - Expected JSON Value"
2023-01-12 11:57:47.189 &amp#27;[32m INFO&amp#27;[m &amp#27;[35m[@503 - main]&amp#27;[m &amp#27;[36mcom.shaft.tools.io.ReportManager&amp#27;[m : Successfully created attachment "Validation Test Data - Actual JSON Value"
2023-01-12 11:57:47.190 &amp#27;[32m INFO&amp#27;[m &amp#27;[35m[@503 - main]&amp#27;[m &amp#27;[36mcom.shaft.tools.io.ReportManager&amp#27;[m : Successfully created attachment "SHAFT Engine Logs - Current Method log: Update_Policy_With_Missing_Keys_TC"
]]></system-out>
  </testcase>
  <testcase name="Update_Policy_With_Missing_Keys_TC[[Ljava.lang.Object;@2291fb0c](31)" classname="SteeringCompanyAPI_TestCases.Test_Policies_Cases" time="1.087">
    <system-out><![CDATA[2023-01-12 11:57:47.192 &amp#27;[32m INFO&amp#27;[m &amp#27;[35m[@534 - main]&amp#27;[m &amp#27;[36mcom.shaft.tools.io.ReportManager&amp#27;[m : 
################################################################################################################################################
Starting Execution:	"130 out of 56" test cases in the current suite
Test Method:		"SteeringCompanyAPI_TestCases.Test_Policies_Cases.Update_Policy_With_Missing_Keys_TC"
Test Description:	"TC051 - Perform Update Policy with Missing Keys"
################################################################################################################################################
2023-01-12 11:57:47.192 &amp#27;[32m INFO&amp#27;[m &amp#27;[35m[@503 - main]&amp#27;[m &amp#27;[36mcom.shaft.tools.io.ReportManager&amp#27;[m : File Action "DoesFileExist" successfully performed. With the following test data "File Path: "SteeringCompanyAPI_TestData/SteeringCompanyAPI_TestData.xlsx"".
2023-01-12 11:57:47.200 &amp#27;[32m INFO&amp#27;[m &amp#27;[35m[@503 - main]&amp#27;[m &amp#27;[36mcom.shaft.tools.io.ReportManager&amp#27;[m : Successfully created attachment "Test Data - Excel"
2023-01-12 11:57:47.781 &amp#27;[32m INFO&amp#27;[m &amp#27;[35m[@503 - main]&amp#27;[m &amp#27;[36mcom.shaft.tools.io.ReportManager&amp#27;[m : Response status code: "200", status line: "HTTP/1.1 200 OK"
2023-01-12 11:57:47.793 &amp#27;[32m INFO&amp#27;[m &amp#27;[35m[@503 - main]&amp#27;[m &amp#27;[36mcom.shaft.tools.io.ReportManager&amp#27;[m : Successfully created attachment "API Request - Specifications"
2023-01-12 11:57:47.794 &amp#27;[32m INFO&amp#27;[m &amp#27;[35m[@503 - main]&amp#27;[m &amp#27;[36mcom.shaft.tools.io.ReportManager&amp#27;[m : Successfully created attachment "API Request - Body"
2023-01-12 11:57:47.794 &amp#27;[32m INFO&amp#27;[m &amp#27;[35m[@503 - main]&amp#27;[m &amp#27;[36mcom.shaft.tools.io.ReportManager&amp#27;[m : Successfully created attachment "API Response - JSON Body"
2023-01-12 11:57:47.800 &amp#27;[32m INFO&amp#27;[m &amp#27;[35m[@503 - main]&amp#27;[m &amp#27;[36mcom.shaft.tools.io.ReportManager&amp#27;[m : File Action "DoesFileExist" successfully performed. With the following test data "File Path: "SteeringCompanyAPI_TestData/SteeringCompanyAPI_TestData.xlsx"".
2023-01-12 11:57:47.809 &amp#27;[32m INFO&amp#27;[m &amp#27;[35m[@503 - main]&amp#27;[m &amp#27;[36mcom.shaft.tools.io.ReportManager&amp#27;[m : Successfully created attachment "Test Data - Excel"
2023-01-12 11:57:48.262 &amp#27;[32m INFO&amp#27;[m &amp#27;[35m[@503 - main]&amp#27;[m &amp#27;[36mcom.shaft.tools.io.ReportManager&amp#27;[m : Response status code: "422", status line: "HTTP/1.1 422 "
2023-01-12 11:57:48.272 &amp#27;[32m INFO&amp#27;[m &amp#27;[35m[@503 - main]&amp#27;[m &amp#27;[36mcom.shaft.tools.io.ReportManager&amp#27;[m : Successfully created attachment "API Request - Specifications"
2023-01-12 11:57:48.272 &amp#27;[32m INFO&amp#27;[m &amp#27;[35m[@503 - main]&amp#27;[m &amp#27;[36mcom.shaft.tools.io.ReportManager&amp#27;[m : Successfully created attachment "API Request - JSON Body"
2023-01-12 11:57:48.273 &amp#27;[32m INFO&amp#27;[m &amp#27;[35m[@503 - main]&amp#27;[m &amp#27;[36mcom.shaft.tools.io.ReportManager&amp#27;[m : Successfully created attachment "API Response - JSON Body"
2023-01-12 11:57:48.273 &amp#27;[32m INFO&amp#27;[m &amp#27;[35m[@503 - main]&amp#27;[m &amp#27;[36mcom.shaft.tools.io.ReportManager&amp#27;[m : File Action "DoesFileExist" successfully performed. With the following test data "File Path: "Schemas/ValidationError_schema.json"".
2023-01-12 11:57:48.273 &amp#27;[32m INFO&amp#27;[m &amp#27;[35m[@503 - main]&amp#27;[m &amp#27;[36mcom.shaft.tools.io.ReportManager&amp#27;[m : File Action "DoesFileExist" successfully performed. With the following test data "File Path: "src/test/resources/testDataFiles/Schemas/ValidationError_schema.json"".
2023-01-12 11:57:48.273 &amp#27;[32m INFO&amp#27;[m &amp#27;[35m[@503 - main]&amp#27;[m &amp#27;[36mcom.shaft.tools.io.ReportManager&amp#27;[m : File Action "GetAbsolutePath" successfully performed. With the following test data "Relative Folder Path: "src/test/resources/testDataFiles/Schemas/ValidationError_schema.json"".
2023-01-12 11:57:48.275 &amp#27;[32m INFO&amp#27;[m &amp#27;[35m[@503 - main]&amp#27;[m &amp#27;[36mcom.shaft.tools.io.ReportManager&amp#27;[m : File Action "DoesFileExist" successfully performed. With the following test data "File Path: "C:\eclipse-workspace\MyProjects\TASystemsAPIs\src\test\resources\testDataFiles\Schemas\ValidationError_schema.json"".
2023-01-12 11:57:48.275 &amp#27;[32m INFO&amp#27;[m &amp#27;[35m[@503 - main]&amp#27;[m &amp#27;[36mcom.shaft.tools.io.ReportManager&amp#27;[m : File Action "GetAbsolutePath" successfully performed. With the following test data "Relative Folder Path: "C:\eclipse-workspace\MyProjects\TASystemsAPIs\src\test\resources\testDataFiles\Schemas\ValidationError_schema.json"".
2023-01-12 11:57:48.275 &amp#27;[32m INFO&amp#27;[m &amp#27;[35m[@503 - main]&amp#27;[m &amp#27;[36mcom.shaft.tools.io.ReportManager&amp#27;[m : File Action "ReadFile" successfully performed. With the following test data "File Path: "C:\eclipse-workspace\MyProjects\TASystemsAPIs\src\test\resources\testDataFiles\Schemas\ValidationError_schema.json"".
2023-01-12 11:57:48.276 &amp#27;[32m INFO&amp#27;[m &amp#27;[35m[@503 - main]&amp#27;[m &amp#27;[36mcom.shaft.tools.io.ReportManager&amp#27;[m : Successfully created attachment "Validation Test Data - Expected JSON Value"
2023-01-12 11:57:48.277 &amp#27;[32m INFO&amp#27;[m &amp#27;[35m[@503 - main]&amp#27;[m &amp#27;[36mcom.shaft.tools.io.ReportManager&amp#27;[m : Successfully created attachment "Validation Test Data - Actual JSON Value"
2023-01-12 11:57:48.277 &amp#27;[32m INFO&amp#27;[m &amp#27;[35m[@503 - main]&amp#27;[m &amp#27;[36mcom.shaft.tools.io.ReportManager&amp#27;[m : Successfully created attachment "SHAFT Engine Logs - Current Method log: Update_Policy_With_Missing_Keys_TC"
]]></system-out>
  </testcase>
  <testcase name="Update_Policy_With_Missing_Keys_TC[[Ljava.lang.Object;@37559a0b](32)" classname="SteeringCompanyAPI_TestCases.Test_Policies_Cases" time="1.083">
    <system-out><![CDATA[2023-01-12 11:57:48.279 &amp#27;[32m INFO&amp#27;[m &amp#27;[35m[@534 - main]&amp#27;[m &amp#27;[36mcom.shaft.tools.io.ReportManager&amp#27;[m : 
################################################################################################################################################
Starting Execution:	"131 out of 56" test cases in the current suite
Test Method:		"SteeringCompanyAPI_TestCases.Test_Policies_Cases.Update_Policy_With_Missing_Keys_TC"
Test Description:	"TC051 - Perform Update Policy with Missing Keys"
################################################################################################################################################
2023-01-12 11:57:48.279 &amp#27;[32m INFO&amp#27;[m &amp#27;[35m[@503 - main]&amp#27;[m &amp#27;[36mcom.shaft.tools.io.ReportManager&amp#27;[m : File Action "DoesFileExist" successfully performed. With the following test data "File Path: "SteeringCompanyAPI_TestData/SteeringCompanyAPI_TestData.xlsx"".
2023-01-12 11:57:48.288 &amp#27;[32m INFO&amp#27;[m &amp#27;[35m[@503 - main]&amp#27;[m &amp#27;[36mcom.shaft.tools.io.ReportManager&amp#27;[m : Successfully created attachment "Test Data - Excel"
2023-01-12 11:57:48.867 &amp#27;[32m INFO&amp#27;[m &amp#27;[35m[@503 - main]&amp#27;[m &amp#27;[36mcom.shaft.tools.io.ReportManager&amp#27;[m : Response status code: "200", status line: "HTTP/1.1 200 OK"
2023-01-12 11:57:48.878 &amp#27;[32m INFO&amp#27;[m &amp#27;[35m[@503 - main]&amp#27;[m &amp#27;[36mcom.shaft.tools.io.ReportManager&amp#27;[m : Successfully created attachment "API Request - Specifications"
2023-01-12 11:57:48.880 &amp#27;[32m INFO&amp#27;[m &amp#27;[35m[@503 - main]&amp#27;[m &amp#27;[36mcom.shaft.tools.io.ReportManager&amp#27;[m : Successfully created attachment "API Request - Body"
2023-01-12 11:57:48.880 &amp#27;[32m INFO&amp#27;[m &amp#27;[35m[@503 - main]&amp#27;[m &amp#27;[36mcom.shaft.tools.io.ReportManager&amp#27;[m : Successfully created attachment "API Response - JSON Body"
2023-01-12 11:57:48.888 &amp#27;[32m INFO&amp#27;[m &amp#27;[35m[@503 - main]&amp#27;[m &amp#27;[36mcom.shaft.tools.io.ReportManager&amp#27;[m : File Action "DoesFileExist" successfully performed. With the following test data "File Path: "SteeringCompanyAPI_TestData/SteeringCompanyAPI_TestData.xlsx"".
2023-01-12 11:57:48.896 &amp#27;[32m INFO&amp#27;[m &amp#27;[35m[@503 - main]&amp#27;[m &amp#27;[36mcom.shaft.tools.io.ReportManager&amp#27;[m : Successfully created attachment "Test Data - Excel"
2023-01-12 11:57:49.339 &amp#27;[32m INFO&amp#27;[m &amp#27;[35m[@503 - main]&amp#27;[m &amp#27;[36mcom.shaft.tools.io.ReportManager&amp#27;[m : Response status code: "422", status line: "HTTP/1.1 422 "
2023-01-12 11:57:49.351 &amp#27;[32m INFO&amp#27;[m &amp#27;[35m[@503 - main]&amp#27;[m &amp#27;[36mcom.shaft.tools.io.ReportManager&amp#27;[m : Successfully created attachment "API Request - Specifications"
2023-01-12 11:57:49.352 &amp#27;[32m INFO&amp#27;[m &amp#27;[35m[@503 - main]&amp#27;[m &amp#27;[36mcom.shaft.tools.io.ReportManager&amp#27;[m : Successfully created attachment "API Request - JSON Body"
2023-01-12 11:57:49.352 &amp#27;[32m INFO&amp#27;[m &amp#27;[35m[@503 - main]&amp#27;[m &amp#27;[36mcom.shaft.tools.io.ReportManager&amp#27;[m : Successfully created attachment "API Response - JSON Body"
2023-01-12 11:57:49.353 &amp#27;[32m INFO&amp#27;[m &amp#27;[35m[@503 - main]&amp#27;[m &amp#27;[36mcom.shaft.tools.io.ReportManager&amp#27;[m : File Action "DoesFileExist" successfully performed. With the following test data "File Path: "Schemas/ValidationError_schema.json"".
2023-01-12 11:57:49.353 &amp#27;[32m INFO&amp#27;[m &amp#27;[35m[@503 - main]&amp#27;[m &amp#27;[36mcom.shaft.tools.io.ReportManager&amp#27;[m : File Action "DoesFileExist" successfully performed. With the following test data "File Path: "src/test/resources/testDataFiles/Schemas/ValidationError_schema.json"".
2023-01-12 11:57:49.353 &amp#27;[32m INFO&amp#27;[m &amp#27;[35m[@503 - main]&amp#27;[m &amp#27;[36mcom.shaft.tools.io.ReportManager&amp#27;[m : File Action "GetAbsolutePath" successfully performed. With the following test data "Relative Folder Path: "src/test/resources/testDataFiles/Schemas/ValidationError_schema.json"".
2023-01-12 11:57:49.355 &amp#27;[32m INFO&amp#27;[m &amp#27;[35m[@503 - main]&amp#27;[m &amp#27;[36mcom.shaft.tools.io.ReportManager&amp#27;[m : File Action "DoesFileExist" successfully performed. With the following test data "File Path: "C:\eclipse-workspace\MyProjects\TASystemsAPIs\src\test\resources\testDataFiles\Schemas\ValidationError_schema.json"".
2023-01-12 11:57:49.356 &amp#27;[32m INFO&amp#27;[m &amp#27;[35m[@503 - main]&amp#27;[m &amp#27;[36mcom.shaft.tools.io.ReportManager&amp#27;[m : File Action "GetAbsolutePath" successfully performed. With the following test data "Relative Folder Path: "C:\eclipse-workspace\MyProjects\TASystemsAPIs\src\test\resources\testDataFiles\Schemas\ValidationError_schema.json"".
2023-01-12 11:57:49.358 &amp#27;[32m INFO&amp#27;[m &amp#27;[35m[@503 - main]&amp#27;[m &amp#27;[36mcom.shaft.tools.io.ReportManager&amp#27;[m : File Action "ReadFile" successfully performed. With the following test data "File Path: "C:\eclipse-workspace\MyProjects\TASystemsAPIs\src\test\resources\testDataFiles\Schemas\ValidationError_schema.json"".
2023-01-12 11:57:49.359 &amp#27;[32m INFO&amp#27;[m &amp#27;[35m[@503 - main]&amp#27;[m &amp#27;[36mcom.shaft.tools.io.ReportManager&amp#27;[m : Successfully created attachment "Validation Test Data - Expected JSON Value"
2023-01-12 11:57:49.360 &amp#27;[32m INFO&amp#27;[m &amp#27;[35m[@503 - main]&amp#27;[m &amp#27;[36mcom.shaft.tools.io.ReportManager&amp#27;[m : Successfully created attachment "Validation Test Data - Actual JSON Value"
2023-01-12 11:57:49.360 &amp#27;[32m INFO&amp#27;[m &amp#27;[35m[@503 - main]&amp#27;[m &amp#27;[36mcom.shaft.tools.io.ReportManager&amp#27;[m : Successfully created attachment "SHAFT Engine Logs - Current Method log: Update_Policy_With_Missing_Keys_TC"
]]></system-out>
  </testcase>
  <testcase name="Update_Policy_With_Missing_Keys_TC[[Ljava.lang.Object;@3d458cb8](33)" classname="SteeringCompanyAPI_TestCases.Test_Policies_Cases" time="1.11">
    <system-out><![CDATA[2023-01-12 11:57:49.362 &amp#27;[32m INFO&amp#27;[m &amp#27;[35m[@534 - main]&amp#27;[m &amp#27;[36mcom.shaft.tools.io.ReportManager&amp#27;[m : 
################################################################################################################################################
Starting Execution:	"132 out of 56" test cases in the current suite
Test Method:		"SteeringCompanyAPI_TestCases.Test_Policies_Cases.Update_Policy_With_Missing_Keys_TC"
Test Description:	"TC051 - Perform Update Policy with Missing Keys"
################################################################################################################################################
2023-01-12 11:57:49.362 &amp#27;[32m INFO&amp#27;[m &amp#27;[35m[@503 - main]&amp#27;[m &amp#27;[36mcom.shaft.tools.io.ReportManager&amp#27;[m : File Action "DoesFileExist" successfully performed. With the following test data "File Path: "SteeringCompanyAPI_TestData/SteeringCompanyAPI_TestData.xlsx"".
2023-01-12 11:57:49.372 &amp#27;[32m INFO&amp#27;[m &amp#27;[35m[@503 - main]&amp#27;[m &amp#27;[36mcom.shaft.tools.io.ReportManager&amp#27;[m : Successfully created attachment "Test Data - Excel"
2023-01-12 11:57:49.964 &amp#27;[32m INFO&amp#27;[m &amp#27;[35m[@503 - main]&amp#27;[m &amp#27;[36mcom.shaft.tools.io.ReportManager&amp#27;[m : Response status code: "200", status line: "HTTP/1.1 200 OK"
2023-01-12 11:57:49.981 &amp#27;[32m INFO&amp#27;[m &amp#27;[35m[@503 - main]&amp#27;[m &amp#27;[36mcom.shaft.tools.io.ReportManager&amp#27;[m : Successfully created attachment "API Request - Specifications"
2023-01-12 11:57:49.981 &amp#27;[32m INFO&amp#27;[m &amp#27;[35m[@503 - main]&amp#27;[m &amp#27;[36mcom.shaft.tools.io.ReportManager&amp#27;[m : Successfully created attachment "API Request - Body"
2023-01-12 11:57:49.982 &amp#27;[32m INFO&amp#27;[m &amp#27;[35m[@503 - main]&amp#27;[m &amp#27;[36mcom.shaft.tools.io.ReportManager&amp#27;[m : Successfully created attachment "API Response - JSON Body"
2023-01-12 11:57:49.990 &amp#27;[32m INFO&amp#27;[m &amp#27;[35m[@503 - main]&amp#27;[m &amp#27;[36mcom.shaft.tools.io.ReportManager&amp#27;[m : File Action "DoesFileExist" successfully performed. With the following test data "File Path: "SteeringCompanyAPI_TestData/SteeringCompanyAPI_TestData.xlsx"".
2023-01-12 11:57:50.004 &amp#27;[32m INFO&amp#27;[m &amp#27;[35m[@503 - main]&amp#27;[m &amp#27;[36mcom.shaft.tools.io.ReportManager&amp#27;[m : Successfully created attachment "Test Data - Excel"
2023-01-12 11:57:50.451 &amp#27;[32m INFO&amp#27;[m &amp#27;[35m[@503 - main]&amp#27;[m &amp#27;[36mcom.shaft.tools.io.ReportManager&amp#27;[m : Response status code: "422", status line: "HTTP/1.1 422 "
2023-01-12 11:57:50.463 &amp#27;[32m INFO&amp#27;[m &amp#27;[35m[@503 - main]&amp#27;[m &amp#27;[36mcom.shaft.tools.io.ReportManager&amp#27;[m : Successfully created attachment "API Request - Specifications"
2023-01-12 11:57:50.464 &amp#27;[32m INFO&amp#27;[m &amp#27;[35m[@503 - main]&amp#27;[m &amp#27;[36mcom.shaft.tools.io.ReportManager&amp#27;[m : Successfully created attachment "API Request - JSON Body"
2023-01-12 11:57:50.465 &amp#27;[32m INFO&amp#27;[m &amp#27;[35m[@503 - main]&amp#27;[m &amp#27;[36mcom.shaft.tools.io.ReportManager&amp#27;[m : Successfully created attachment "API Response - JSON Body"
2023-01-12 11:57:50.465 &amp#27;[32m INFO&amp#27;[m &amp#27;[35m[@503 - main]&amp#27;[m &amp#27;[36mcom.shaft.tools.io.ReportManager&amp#27;[m : File Action "DoesFileExist" successfully performed. With the following test data "File Path: "Schemas/ValidationError_schema.json"".
2023-01-12 11:57:50.465 &amp#27;[32m INFO&amp#27;[m &amp#27;[35m[@503 - main]&amp#27;[m &amp#27;[36mcom.shaft.tools.io.ReportManager&amp#27;[m : File Action "DoesFileExist" successfully performed. With the following test data "File Path: "src/test/resources/testDataFiles/Schemas/ValidationError_schema.json"".
2023-01-12 11:57:50.465 &amp#27;[32m INFO&amp#27;[m &amp#27;[35m[@503 - main]&amp#27;[m &amp#27;[36mcom.shaft.tools.io.ReportManager&amp#27;[m : File Action "GetAbsolutePath" successfully performed. With the following test data "Relative Folder Path: "src/test/resources/testDataFiles/Schemas/ValidationError_schema.json"".
2023-01-12 11:57:50.467 &amp#27;[32m INFO&amp#27;[m &amp#27;[35m[@503 - main]&amp#27;[m &amp#27;[36mcom.shaft.tools.io.ReportManager&amp#27;[m : File Action "DoesFileExist" successfully performed. With the following test data "File Path: "C:\eclipse-workspace\MyProjects\TASystemsAPIs\src\test\resources\testDataFiles\Schemas\ValidationError_schema.json"".
2023-01-12 11:57:50.467 &amp#27;[32m INFO&amp#27;[m &amp#27;[35m[@503 - main]&amp#27;[m &amp#27;[36mcom.shaft.tools.io.ReportManager&amp#27;[m : File Action "GetAbsolutePath" successfully performed. With the following test data "Relative Folder Path: "C:\eclipse-workspace\MyProjects\TASystemsAPIs\src\test\resources\testDataFiles\Schemas\ValidationError_schema.json"".
2023-01-12 11:57:50.467 &amp#27;[32m INFO&amp#27;[m &amp#27;[35m[@503 - main]&amp#27;[m &amp#27;[36mcom.shaft.tools.io.ReportManager&amp#27;[m : File Action "ReadFile" successfully performed. With the following test data "File Path: "C:\eclipse-workspace\MyProjects\TASystemsAPIs\src\test\resources\testDataFiles\Schemas\ValidationError_schema.json"".
2023-01-12 11:57:50.468 &amp#27;[32m INFO&amp#27;[m &amp#27;[35m[@503 - main]&amp#27;[m &amp#27;[36mcom.shaft.tools.io.ReportManager&amp#27;[m : Successfully created attachment "Validation Test Data - Expected JSON Value"
2023-01-12 11:57:50.469 &amp#27;[32m INFO&amp#27;[m &amp#27;[35m[@503 - main]&amp#27;[m &amp#27;[36mcom.shaft.tools.io.ReportManager&amp#27;[m : Successfully created attachment "Validation Test Data - Actual JSON Value"
2023-01-12 11:57:50.469 &amp#27;[32m INFO&amp#27;[m &amp#27;[35m[@503 - main]&amp#27;[m &amp#27;[36mcom.shaft.tools.io.ReportManager&amp#27;[m : Successfully created attachment "SHAFT Engine Logs - Current Method log: Update_Policy_With_Missing_Keys_TC"
]]></system-out>
  </testcase>
  <testcase name="Valid_Add_Cancel_Policy_TC[[Ljava.lang.Object;@51ffdbc9](1)" classname="SteeringCompanyAPI_TestCases.Test_Policies_Cases" time="1.067">
    <system-out><![CDATA[2023-01-12 11:57:50.472 &amp#27;[32m INFO&amp#27;[m &amp#27;[35m[@534 - main]&amp#27;[m &amp#27;[36mcom.shaft.tools.io.ReportManager&amp#27;[m : 
################################################################################################################################################
Starting Execution:	"133 out of 56" test cases in the current suite
Test Method:		"SteeringCompanyAPI_TestCases.Test_Policies_Cases.Valid_Add_Cancel_Policy_TC"
Test Description:	"TC005 - Perform Add Valid Cancel Policy"
################################################################################################################################################
2023-01-12 11:57:50.472 &amp#27;[32m INFO&amp#27;[m &amp#27;[35m[@503 - main]&amp#27;[m &amp#27;[36mcom.shaft.tools.io.ReportManager&amp#27;[m : File Action "DoesFileExist" successfully performed. With the following test data "File Path: "SteeringCompanyAPI_TestData/SteeringCompanyAPI_TestData.xlsx"".
2023-01-12 11:57:50.482 &amp#27;[32m INFO&amp#27;[m &amp#27;[35m[@503 - main]&amp#27;[m &amp#27;[36mcom.shaft.tools.io.ReportManager&amp#27;[m : Successfully created attachment "Test Data - Excel"
2023-01-12 11:57:51.042 &amp#27;[32m INFO&amp#27;[m &amp#27;[35m[@503 - main]&amp#27;[m &amp#27;[36mcom.shaft.tools.io.ReportManager&amp#27;[m : Response status code: "200", status line: "HTTP/1.1 200 OK"
2023-01-12 11:57:51.054 &amp#27;[32m INFO&amp#27;[m &amp#27;[35m[@503 - main]&amp#27;[m &amp#27;[36mcom.shaft.tools.io.ReportManager&amp#27;[m : Successfully created attachment "API Request - Specifications"
2023-01-12 11:57:51.055 &amp#27;[32m INFO&amp#27;[m &amp#27;[35m[@503 - main]&amp#27;[m &amp#27;[36mcom.shaft.tools.io.ReportManager&amp#27;[m : Successfully created attachment "API Request - Body"
2023-01-12 11:57:51.055 &amp#27;[32m INFO&amp#27;[m &amp#27;[35m[@503 - main]&amp#27;[m &amp#27;[36mcom.shaft.tools.io.ReportManager&amp#27;[m : Successfully created attachment "API Response - JSON Body"
2023-01-12 11:57:51.061 &amp#27;[32m INFO&amp#27;[m &amp#27;[35m[@503 - main]&amp#27;[m &amp#27;[36mcom.shaft.tools.io.ReportManager&amp#27;[m : File Action "DoesFileExist" successfully performed. With the following test data "File Path: "SteeringCompanyAPI_TestData/SteeringCompanyAPI_TestData.xlsx"".
2023-01-12 11:57:51.069 &amp#27;[32m INFO&amp#27;[m &amp#27;[35m[@503 - main]&amp#27;[m &amp#27;[36mcom.shaft.tools.io.ReportManager&amp#27;[m : Successfully created attachment "Test Data - Excel"
2023-01-12 11:57:51.524 &amp#27;[32m INFO&amp#27;[m &amp#27;[35m[@503 - main]&amp#27;[m &amp#27;[36mcom.shaft.tools.io.ReportManager&amp#27;[m : Response status code: "201", status line: "HTTP/1.1 201 "
2023-01-12 11:57:51.532 &amp#27;[32m INFO&amp#27;[m &amp#27;[35m[@503 - main]&amp#27;[m &amp#27;[36mcom.shaft.tools.io.ReportManager&amp#27;[m : Successfully created attachment "API Request - Specifications"
2023-01-12 11:57:51.533 &amp#27;[32m INFO&amp#27;[m &amp#27;[35m[@503 - main]&amp#27;[m &amp#27;[36mcom.shaft.tools.io.ReportManager&amp#27;[m : Successfully created attachment "API Request - JSON Body"
2023-01-12 11:57:51.534 &amp#27;[32m INFO&amp#27;[m &amp#27;[35m[@503 - main]&amp#27;[m &amp#27;[36mcom.shaft.tools.io.ReportManager&amp#27;[m : Successfully created attachment "API Response - JSON Body"
2023-01-12 11:57:51.534 &amp#27;[32m INFO&amp#27;[m &amp#27;[35m[@503 - main]&amp#27;[m &amp#27;[36mcom.shaft.tools.io.ReportManager&amp#27;[m : File Action "DoesFileExist" successfully performed. With the following test data "File Path: "Schemas/Cancel_Policy_schema.json"".
2023-01-12 11:57:51.534 &amp#27;[32m INFO&amp#27;[m &amp#27;[35m[@503 - main]&amp#27;[m &amp#27;[36mcom.shaft.tools.io.ReportManager&amp#27;[m : File Action "DoesFileExist" successfully performed. With the following test data "File Path: "src/test/resources/testDataFiles/Schemas/Cancel_Policy_schema.json"".
2023-01-12 11:57:51.534 &amp#27;[32m INFO&amp#27;[m &amp#27;[35m[@503 - main]&amp#27;[m &amp#27;[36mcom.shaft.tools.io.ReportManager&amp#27;[m : File Action "GetAbsolutePath" successfully performed. With the following test data "Relative Folder Path: "src/test/resources/testDataFiles/Schemas/Cancel_Policy_schema.json"".
2023-01-12 11:57:51.536 &amp#27;[32m INFO&amp#27;[m &amp#27;[35m[@503 - main]&amp#27;[m &amp#27;[36mcom.shaft.tools.io.ReportManager&amp#27;[m : File Action "DoesFileExist" successfully performed. With the following test data "File Path: "C:\eclipse-workspace\MyProjects\TASystemsAPIs\src\test\resources\testDataFiles\Schemas\Cancel_Policy_schema.json"".
2023-01-12 11:57:51.536 &amp#27;[32m INFO&amp#27;[m &amp#27;[35m[@503 - main]&amp#27;[m &amp#27;[36mcom.shaft.tools.io.ReportManager&amp#27;[m : File Action "GetAbsolutePath" successfully performed. With the following test data "Relative Folder Path: "C:\eclipse-workspace\MyProjects\TASystemsAPIs\src\test\resources\testDataFiles\Schemas\Cancel_Policy_schema.json"".
2023-01-12 11:57:51.536 &amp#27;[32m INFO&amp#27;[m &amp#27;[35m[@503 - main]&amp#27;[m &amp#27;[36mcom.shaft.tools.io.ReportManager&amp#27;[m : File Action "ReadFile" successfully performed. With the following test data "File Path: "C:\eclipse-workspace\MyProjects\TASystemsAPIs\src\test\resources\testDataFiles\Schemas\Cancel_Policy_schema.json"".
2023-01-12 11:57:51.537 &amp#27;[32m INFO&amp#27;[m &amp#27;[35m[@503 - main]&amp#27;[m &amp#27;[36mcom.shaft.tools.io.ReportManager&amp#27;[m : Successfully created attachment "Validation Test Data - Expected JSON Value"
2023-01-12 11:57:51.537 &amp#27;[32m INFO&amp#27;[m &amp#27;[35m[@503 - main]&amp#27;[m &amp#27;[36mcom.shaft.tools.io.ReportManager&amp#27;[m : Successfully created attachment "Validation Test Data - Actual JSON Value"
2023-01-12 11:57:51.538 &amp#27;[32m INFO&amp#27;[m &amp#27;[35m[@503 - main]&amp#27;[m &amp#27;[36mcom.shaft.tools.io.ReportManager&amp#27;[m : Successfully created attachment "SHAFT Engine Logs - Current Method log: Valid_Add_Cancel_Policy_TC"
]]></system-out>
  </testcase>
  <testcase name="Valid_Add_Cancel_Policy_TC[[Ljava.lang.Object;@2926c1dc](2)" classname="SteeringCompanyAPI_TestCases.Test_Policies_Cases" time="1.117">
    <system-out><![CDATA[2023-01-12 11:57:51.540 &amp#27;[32m INFO&amp#27;[m &amp#27;[35m[@534 - main]&amp#27;[m &amp#27;[36mcom.shaft.tools.io.ReportManager&amp#27;[m : 
################################################################################################################################################
Starting Execution:	"134 out of 56" test cases in the current suite
Test Method:		"SteeringCompanyAPI_TestCases.Test_Policies_Cases.Valid_Add_Cancel_Policy_TC"
Test Description:	"TC005 - Perform Add Valid Cancel Policy"
################################################################################################################################################
2023-01-12 11:57:51.540 &amp#27;[32m INFO&amp#27;[m &amp#27;[35m[@503 - main]&amp#27;[m &amp#27;[36mcom.shaft.tools.io.ReportManager&amp#27;[m : File Action "DoesFileExist" successfully performed. With the following test data "File Path: "SteeringCompanyAPI_TestData/SteeringCompanyAPI_TestData.xlsx"".
2023-01-12 11:57:51.548 &amp#27;[32m INFO&amp#27;[m &amp#27;[35m[@503 - main]&amp#27;[m &amp#27;[36mcom.shaft.tools.io.ReportManager&amp#27;[m : Successfully created attachment "Test Data - Excel"
2023-01-12 11:57:52.138 &amp#27;[32m INFO&amp#27;[m &amp#27;[35m[@503 - main]&amp#27;[m &amp#27;[36mcom.shaft.tools.io.ReportManager&amp#27;[m : Response status code: "200", status line: "HTTP/1.1 200 OK"
2023-01-12 11:57:52.146 &amp#27;[32m INFO&amp#27;[m &amp#27;[35m[@503 - main]&amp#27;[m &amp#27;[36mcom.shaft.tools.io.ReportManager&amp#27;[m : Successfully created attachment "API Request - Specifications"
2023-01-12 11:57:52.146 &amp#27;[32m INFO&amp#27;[m &amp#27;[35m[@503 - main]&amp#27;[m &amp#27;[36mcom.shaft.tools.io.ReportManager&amp#27;[m : Successfully created attachment "API Request - Body"
2023-01-12 11:57:52.148 &amp#27;[32m INFO&amp#27;[m &amp#27;[35m[@503 - main]&amp#27;[m &amp#27;[36mcom.shaft.tools.io.ReportManager&amp#27;[m : Successfully created attachment "API Response - JSON Body"
2023-01-12 11:57:52.154 &amp#27;[32m INFO&amp#27;[m &amp#27;[35m[@503 - main]&amp#27;[m &amp#27;[36mcom.shaft.tools.io.ReportManager&amp#27;[m : File Action "DoesFileExist" successfully performed. With the following test data "File Path: "SteeringCompanyAPI_TestData/SteeringCompanyAPI_TestData.xlsx"".
2023-01-12 11:57:52.162 &amp#27;[32m INFO&amp#27;[m &amp#27;[35m[@503 - main]&amp#27;[m &amp#27;[36mcom.shaft.tools.io.ReportManager&amp#27;[m : Successfully created attachment "Test Data - Excel"
2023-01-12 11:57:52.639 &amp#27;[32m INFO&amp#27;[m &amp#27;[35m[@503 - main]&amp#27;[m &amp#27;[36mcom.shaft.tools.io.ReportManager&amp#27;[m : Response status code: "201", status line: "HTTP/1.1 201 "
2023-01-12 11:57:52.652 &amp#27;[32m INFO&amp#27;[m &amp#27;[35m[@503 - main]&amp#27;[m &amp#27;[36mcom.shaft.tools.io.ReportManager&amp#27;[m : Successfully created attachment "API Request - Specifications"
2023-01-12 11:57:52.652 &amp#27;[32m INFO&amp#27;[m &amp#27;[35m[@503 - main]&amp#27;[m &amp#27;[36mcom.shaft.tools.io.ReportManager&amp#27;[m : Successfully created attachment "API Request - JSON Body"
2023-01-12 11:57:52.652 &amp#27;[32m INFO&amp#27;[m &amp#27;[35m[@503 - main]&amp#27;[m &amp#27;[36mcom.shaft.tools.io.ReportManager&amp#27;[m : Successfully created attachment "API Response - JSON Body"
2023-01-12 11:57:52.652 &amp#27;[32m INFO&amp#27;[m &amp#27;[35m[@503 - main]&amp#27;[m &amp#27;[36mcom.shaft.tools.io.ReportManager&amp#27;[m : File Action "DoesFileExist" successfully performed. With the following test data "File Path: "Schemas/Cancel_Policy_schema.json"".
2023-01-12 11:57:52.652 &amp#27;[32m INFO&amp#27;[m &amp#27;[35m[@503 - main]&amp#27;[m &amp#27;[36mcom.shaft.tools.io.ReportManager&amp#27;[m : File Action "DoesFileExist" successfully performed. With the following test data "File Path: "src/test/resources/testDataFiles/Schemas/Cancel_Policy_schema.json"".
2023-01-12 11:57:52.652 &amp#27;[32m INFO&amp#27;[m &amp#27;[35m[@503 - main]&amp#27;[m &amp#27;[36mcom.shaft.tools.io.ReportManager&amp#27;[m : File Action "GetAbsolutePath" successfully performed. With the following test data "Relative Folder Path: "src/test/resources/testDataFiles/Schemas/Cancel_Policy_schema.json"".
2023-01-12 11:57:52.654 &amp#27;[32m INFO&amp#27;[m &amp#27;[35m[@503 - main]&amp#27;[m &amp#27;[36mcom.shaft.tools.io.ReportManager&amp#27;[m : File Action "DoesFileExist" successfully performed. With the following test data "File Path: "C:\eclipse-workspace\MyProjects\TASystemsAPIs\src\test\resources\testDataFiles\Schemas\Cancel_Policy_schema.json"".
2023-01-12 11:57:52.654 &amp#27;[32m INFO&amp#27;[m &amp#27;[35m[@503 - main]&amp#27;[m &amp#27;[36mcom.shaft.tools.io.ReportManager&amp#27;[m : File Action "GetAbsolutePath" successfully performed. With the following test data "Relative Folder Path: "C:\eclipse-workspace\MyProjects\TASystemsAPIs\src\test\resources\testDataFiles\Schemas\Cancel_Policy_schema.json"".
2023-01-12 11:57:52.654 &amp#27;[32m INFO&amp#27;[m &amp#27;[35m[@503 - main]&amp#27;[m &amp#27;[36mcom.shaft.tools.io.ReportManager&amp#27;[m : File Action "ReadFile" successfully performed. With the following test data "File Path: "C:\eclipse-workspace\MyProjects\TASystemsAPIs\src\test\resources\testDataFiles\Schemas\Cancel_Policy_schema.json"".
2023-01-12 11:57:52.655 &amp#27;[32m INFO&amp#27;[m &amp#27;[35m[@503 - main]&amp#27;[m &amp#27;[36mcom.shaft.tools.io.ReportManager&amp#27;[m : Successfully created attachment "Validation Test Data - Expected JSON Value"
2023-01-12 11:57:52.655 &amp#27;[32m INFO&amp#27;[m &amp#27;[35m[@503 - main]&amp#27;[m &amp#27;[36mcom.shaft.tools.io.ReportManager&amp#27;[m : Successfully created attachment "Validation Test Data - Actual JSON Value"
2023-01-12 11:57:52.655 &amp#27;[32m INFO&amp#27;[m &amp#27;[35m[@503 - main]&amp#27;[m &amp#27;[36mcom.shaft.tools.io.ReportManager&amp#27;[m : Successfully created attachment "SHAFT Engine Logs - Current Method log: Valid_Add_Cancel_Policy_TC"
]]></system-out>
  </testcase>
  <testcase name="Valid_Add_Cancel_Policy_TC[[Ljava.lang.Object;@6886ef76](3)" classname="SteeringCompanyAPI_TestCases.Test_Policies_Cases" time="1.114">
    <system-out><![CDATA[2023-01-12 11:57:52.657 &amp#27;[32m INFO&amp#27;[m &amp#27;[35m[@534 - main]&amp#27;[m &amp#27;[36mcom.shaft.tools.io.ReportManager&amp#27;[m : 
################################################################################################################################################
Starting Execution:	"135 out of 56" test cases in the current suite
Test Method:		"SteeringCompanyAPI_TestCases.Test_Policies_Cases.Valid_Add_Cancel_Policy_TC"
Test Description:	"TC005 - Perform Add Valid Cancel Policy"
################################################################################################################################################
2023-01-12 11:57:52.657 &amp#27;[32m INFO&amp#27;[m &amp#27;[35m[@503 - main]&amp#27;[m &amp#27;[36mcom.shaft.tools.io.ReportManager&amp#27;[m : File Action "DoesFileExist" successfully performed. With the following test data "File Path: "SteeringCompanyAPI_TestData/SteeringCompanyAPI_TestData.xlsx"".
2023-01-12 11:57:52.665 &amp#27;[32m INFO&amp#27;[m &amp#27;[35m[@503 - main]&amp#27;[m &amp#27;[36mcom.shaft.tools.io.ReportManager&amp#27;[m : Successfully created attachment "Test Data - Excel"
2023-01-12 11:57:53.279 &amp#27;[32m INFO&amp#27;[m &amp#27;[35m[@503 - main]&amp#27;[m &amp#27;[36mcom.shaft.tools.io.ReportManager&amp#27;[m : Response status code: "200", status line: "HTTP/1.1 200 OK"
2023-01-12 11:57:53.289 &amp#27;[32m INFO&amp#27;[m &amp#27;[35m[@503 - main]&amp#27;[m &amp#27;[36mcom.shaft.tools.io.ReportManager&amp#27;[m : Successfully created attachment "API Request - Specifications"
2023-01-12 11:57:53.289 &amp#27;[32m INFO&amp#27;[m &amp#27;[35m[@503 - main]&amp#27;[m &amp#27;[36mcom.shaft.tools.io.ReportManager&amp#27;[m : Successfully created attachment "API Request - Body"
2023-01-12 11:57:53.290 &amp#27;[32m INFO&amp#27;[m &amp#27;[35m[@503 - main]&amp#27;[m &amp#27;[36mcom.shaft.tools.io.ReportManager&amp#27;[m : Successfully created attachment "API Response - JSON Body"
2023-01-12 11:57:53.296 &amp#27;[32m INFO&amp#27;[m &amp#27;[35m[@503 - main]&amp#27;[m &amp#27;[36mcom.shaft.tools.io.ReportManager&amp#27;[m : File Action "DoesFileExist" successfully performed. With the following test data "File Path: "SteeringCompanyAPI_TestData/SteeringCompanyAPI_TestData.xlsx"".
2023-01-12 11:57:53.304 &amp#27;[32m INFO&amp#27;[m &amp#27;[35m[@503 - main]&amp#27;[m &amp#27;[36mcom.shaft.tools.io.ReportManager&amp#27;[m : Successfully created attachment "Test Data - Excel"
2023-01-12 11:57:53.753 &amp#27;[32m INFO&amp#27;[m &amp#27;[35m[@503 - main]&amp#27;[m &amp#27;[36mcom.shaft.tools.io.ReportManager&amp#27;[m : Response status code: "201", status line: "HTTP/1.1 201 "
2023-01-12 11:57:53.763 &amp#27;[32m INFO&amp#27;[m &amp#27;[35m[@503 - main]&amp#27;[m &amp#27;[36mcom.shaft.tools.io.ReportManager&amp#27;[m : Successfully created attachment "API Request - Specifications"
2023-01-12 11:57:53.764 &amp#27;[32m INFO&amp#27;[m &amp#27;[35m[@503 - main]&amp#27;[m &amp#27;[36mcom.shaft.tools.io.ReportManager&amp#27;[m : Successfully created attachment "API Request - JSON Body"
2023-01-12 11:57:53.764 &amp#27;[32m INFO&amp#27;[m &amp#27;[35m[@503 - main]&amp#27;[m &amp#27;[36mcom.shaft.tools.io.ReportManager&amp#27;[m : Successfully created attachment "API Response - JSON Body"
2023-01-12 11:57:53.765 &amp#27;[32m INFO&amp#27;[m &amp#27;[35m[@503 - main]&amp#27;[m &amp#27;[36mcom.shaft.tools.io.ReportManager&amp#27;[m : File Action "DoesFileExist" successfully performed. With the following test data "File Path: "Schemas/Cancel_Policy_schema.json"".
2023-01-12 11:57:53.765 &amp#27;[32m INFO&amp#27;[m &amp#27;[35m[@503 - main]&amp#27;[m &amp#27;[36mcom.shaft.tools.io.ReportManager&amp#27;[m : File Action "DoesFileExist" successfully performed. With the following test data "File Path: "src/test/resources/testDataFiles/Schemas/Cancel_Policy_schema.json"".
2023-01-12 11:57:53.765 &amp#27;[32m INFO&amp#27;[m &amp#27;[35m[@503 - main]&amp#27;[m &amp#27;[36mcom.shaft.tools.io.ReportManager&amp#27;[m : File Action "GetAbsolutePath" successfully performed. With the following test data "Relative Folder Path: "src/test/resources/testDataFiles/Schemas/Cancel_Policy_schema.json"".
2023-01-12 11:57:53.766 &amp#27;[32m INFO&amp#27;[m &amp#27;[35m[@503 - main]&amp#27;[m &amp#27;[36mcom.shaft.tools.io.ReportManager&amp#27;[m : File Action "DoesFileExist" successfully performed. With the following test data "File Path: "C:\eclipse-workspace\MyProjects\TASystemsAPIs\src\test\resources\testDataFiles\Schemas\Cancel_Policy_schema.json"".
2023-01-12 11:57:53.766 &amp#27;[32m INFO&amp#27;[m &amp#27;[35m[@503 - main]&amp#27;[m &amp#27;[36mcom.shaft.tools.io.ReportManager&amp#27;[m : File Action "GetAbsolutePath" successfully performed. With the following test data "Relative Folder Path: "C:\eclipse-workspace\MyProjects\TASystemsAPIs\src\test\resources\testDataFiles\Schemas\Cancel_Policy_schema.json"".
2023-01-12 11:57:53.767 &amp#27;[32m INFO&amp#27;[m &amp#27;[35m[@503 - main]&amp#27;[m &amp#27;[36mcom.shaft.tools.io.ReportManager&amp#27;[m : File Action "ReadFile" successfully performed. With the following test data "File Path: "C:\eclipse-workspace\MyProjects\TASystemsAPIs\src\test\resources\testDataFiles\Schemas\Cancel_Policy_schema.json"".
2023-01-12 11:57:53.768 &amp#27;[32m INFO&amp#27;[m &amp#27;[35m[@503 - main]&amp#27;[m &amp#27;[36mcom.shaft.tools.io.ReportManager&amp#27;[m : Successfully created attachment "Validation Test Data - Expected JSON Value"
2023-01-12 11:57:53.768 &amp#27;[32m INFO&amp#27;[m &amp#27;[35m[@503 - main]&amp#27;[m &amp#27;[36mcom.shaft.tools.io.ReportManager&amp#27;[m : Successfully created attachment "Validation Test Data - Actual JSON Value"
2023-01-12 11:57:53.769 &amp#27;[32m INFO&amp#27;[m &amp#27;[35m[@503 - main]&amp#27;[m &amp#27;[36mcom.shaft.tools.io.ReportManager&amp#27;[m : Successfully created attachment "SHAFT Engine Logs - Current Method log: Valid_Add_Cancel_Policy_TC"
]]></system-out>
  </testcase>
  <testcase name="Valid_Add_General_Policy_TC[[Ljava.lang.Object;@7a853d3d](1)" classname="SteeringCompanyAPI_TestCases.Test_Policies_Cases" time="1.1">
    <system-out><![CDATA[2023-01-12 11:57:53.771 &amp#27;[32m INFO&amp#27;[m &amp#27;[35m[@534 - main]&amp#27;[m &amp#27;[36mcom.shaft.tools.io.ReportManager&amp#27;[m : 
################################################################################################################################################
Starting Execution:	"136 out of 56" test cases in the current suite
Test Method:		"SteeringCompanyAPI_TestCases.Test_Policies_Cases.Valid_Add_General_Policy_TC"
Test Description:	"TC009 - Perform Add Valid General Policy "
################################################################################################################################################
2023-01-12 11:57:53.771 &amp#27;[32m INFO&amp#27;[m &amp#27;[35m[@503 - main]&amp#27;[m &amp#27;[36mcom.shaft.tools.io.ReportManager&amp#27;[m : File Action "DoesFileExist" successfully performed. With the following test data "File Path: "SteeringCompanyAPI_TestData/SteeringCompanyAPI_TestData.xlsx"".
2023-01-12 11:57:53.781 &amp#27;[32m INFO&amp#27;[m &amp#27;[35m[@503 - main]&amp#27;[m &amp#27;[36mcom.shaft.tools.io.ReportManager&amp#27;[m : Successfully created attachment "Test Data - Excel"
2023-01-12 11:57:54.369 &amp#27;[32m INFO&amp#27;[m &amp#27;[35m[@503 - main]&amp#27;[m &amp#27;[36mcom.shaft.tools.io.ReportManager&amp#27;[m : Response status code: "200", status line: "HTTP/1.1 200 OK"
2023-01-12 11:57:54.378 &amp#27;[32m INFO&amp#27;[m &amp#27;[35m[@503 - main]&amp#27;[m &amp#27;[36mcom.shaft.tools.io.ReportManager&amp#27;[m : Successfully created attachment "API Request - Specifications"
2023-01-12 11:57:54.379 &amp#27;[32m INFO&amp#27;[m &amp#27;[35m[@503 - main]&amp#27;[m &amp#27;[36mcom.shaft.tools.io.ReportManager&amp#27;[m : Successfully created attachment "API Request - Body"
2023-01-12 11:57:54.379 &amp#27;[32m INFO&amp#27;[m &amp#27;[35m[@503 - main]&amp#27;[m &amp#27;[36mcom.shaft.tools.io.ReportManager&amp#27;[m : Successfully created attachment "API Response - JSON Body"
2023-01-12 11:57:54.392 &amp#27;[32m INFO&amp#27;[m &amp#27;[35m[@503 - main]&amp#27;[m &amp#27;[36mcom.shaft.tools.io.ReportManager&amp#27;[m : File Action "DoesFileExist" successfully performed. With the following test data "File Path: "SteeringCompanyAPI_TestData/SteeringCompanyAPI_TestData.xlsx"".
2023-01-12 11:57:54.407 &amp#27;[32m INFO&amp#27;[m &amp#27;[35m[@503 - main]&amp#27;[m &amp#27;[36mcom.shaft.tools.io.ReportManager&amp#27;[m : Successfully created attachment "Test Data - Excel"
2023-01-12 11:57:54.853 &amp#27;[32m INFO&amp#27;[m &amp#27;[35m[@503 - main]&amp#27;[m &amp#27;[36mcom.shaft.tools.io.ReportManager&amp#27;[m : Response status code: "201", status line: "HTTP/1.1 201 "
2023-01-12 11:57:54.865 &amp#27;[32m INFO&amp#27;[m &amp#27;[35m[@503 - main]&amp#27;[m &amp#27;[36mcom.shaft.tools.io.ReportManager&amp#27;[m : Successfully created attachment "API Request - Specifications"
2023-01-12 11:57:54.866 &amp#27;[32m INFO&amp#27;[m &amp#27;[35m[@503 - main]&amp#27;[m &amp#27;[36mcom.shaft.tools.io.ReportManager&amp#27;[m : Successfully created attachment "API Request - JSON Body"
2023-01-12 11:57:54.866 &amp#27;[32m INFO&amp#27;[m &amp#27;[35m[@503 - main]&amp#27;[m &amp#27;[36mcom.shaft.tools.io.ReportManager&amp#27;[m : Successfully created attachment "API Response - JSON Body"
2023-01-12 11:57:54.866 &amp#27;[32m INFO&amp#27;[m &amp#27;[35m[@503 - main]&amp#27;[m &amp#27;[36mcom.shaft.tools.io.ReportManager&amp#27;[m : File Action "DoesFileExist" successfully performed. With the following test data "File Path: "Schemas/General_Policy_schema.json"".
2023-01-12 11:57:54.866 &amp#27;[32m INFO&amp#27;[m &amp#27;[35m[@503 - main]&amp#27;[m &amp#27;[36mcom.shaft.tools.io.ReportManager&amp#27;[m : File Action "DoesFileExist" successfully performed. With the following test data "File Path: "src/test/resources/testDataFiles/Schemas/General_Policy_schema.json"".
2023-01-12 11:57:54.867 &amp#27;[32m INFO&amp#27;[m &amp#27;[35m[@503 - main]&amp#27;[m &amp#27;[36mcom.shaft.tools.io.ReportManager&amp#27;[m : File Action "GetAbsolutePath" successfully performed. With the following test data "Relative Folder Path: "src/test/resources/testDataFiles/Schemas/General_Policy_schema.json"".
2023-01-12 11:57:54.868 &amp#27;[32m INFO&amp#27;[m &amp#27;[35m[@503 - main]&amp#27;[m &amp#27;[36mcom.shaft.tools.io.ReportManager&amp#27;[m : File Action "DoesFileExist" successfully performed. With the following test data "File Path: "C:\eclipse-workspace\MyProjects\TASystemsAPIs\src\test\resources\testDataFiles\Schemas\General_Policy_schema.json"".
2023-01-12 11:57:54.868 &amp#27;[32m INFO&amp#27;[m &amp#27;[35m[@503 - main]&amp#27;[m &amp#27;[36mcom.shaft.tools.io.ReportManager&amp#27;[m : File Action "GetAbsolutePath" successfully performed. With the following test data "Relative Folder Path: "C:\eclipse-workspace\MyProjects\TASystemsAPIs\src\test\resources\testDataFiles\Schemas\General_Policy_schema.json"".
2023-01-12 11:57:54.868 &amp#27;[32m INFO&amp#27;[m &amp#27;[35m[@503 - main]&amp#27;[m &amp#27;[36mcom.shaft.tools.io.ReportManager&amp#27;[m : File Action "ReadFile" successfully performed. With the following test data "File Path: "C:\eclipse-workspace\MyProjects\TASystemsAPIs\src\test\resources\testDataFiles\Schemas\General_Policy_schema.json"".
2023-01-12 11:57:54.869 &amp#27;[32m INFO&amp#27;[m &amp#27;[35m[@503 - main]&amp#27;[m &amp#27;[36mcom.shaft.tools.io.ReportManager&amp#27;[m : Successfully created attachment "Validation Test Data - Expected JSON Value"
2023-01-12 11:57:54.869 &amp#27;[32m INFO&amp#27;[m &amp#27;[35m[@503 - main]&amp#27;[m &amp#27;[36mcom.shaft.tools.io.ReportManager&amp#27;[m : Successfully created attachment "Validation Test Data - Actual JSON Value"
2023-01-12 11:57:54.870 &amp#27;[32m INFO&amp#27;[m &amp#27;[35m[@503 - main]&amp#27;[m &amp#27;[36mcom.shaft.tools.io.ReportManager&amp#27;[m : Successfully created attachment "SHAFT Engine Logs - Current Method log: Valid_Add_General_Policy_TC"
]]></system-out>
  </testcase>
  <testcase name="Valid_Add_General_Policy_TC[[Ljava.lang.Object;@49a24ebe](2)" classname="SteeringCompanyAPI_TestCases.Test_Policies_Cases" time="1.079">
    <system-out><![CDATA[2023-01-12 11:57:54.872 &amp#27;[32m INFO&amp#27;[m &amp#27;[35m[@534 - main]&amp#27;[m &amp#27;[36mcom.shaft.tools.io.ReportManager&amp#27;[m : 
################################################################################################################################################
Starting Execution:	"137 out of 56" test cases in the current suite
Test Method:		"SteeringCompanyAPI_TestCases.Test_Policies_Cases.Valid_Add_General_Policy_TC"
Test Description:	"TC009 - Perform Add Valid General Policy "
################################################################################################################################################
2023-01-12 11:57:54.872 &amp#27;[32m INFO&amp#27;[m &amp#27;[35m[@503 - main]&amp#27;[m &amp#27;[36mcom.shaft.tools.io.ReportManager&amp#27;[m : File Action "DoesFileExist" successfully performed. With the following test data "File Path: "SteeringCompanyAPI_TestData/SteeringCompanyAPI_TestData.xlsx"".
2023-01-12 11:57:54.882 &amp#27;[32m INFO&amp#27;[m &amp#27;[35m[@503 - main]&amp#27;[m &amp#27;[36mcom.shaft.tools.io.ReportManager&amp#27;[m : Successfully created attachment "Test Data - Excel"
2023-01-12 11:57:55.462 &amp#27;[32m INFO&amp#27;[m &amp#27;[35m[@503 - main]&amp#27;[m &amp#27;[36mcom.shaft.tools.io.ReportManager&amp#27;[m : Response status code: "200", status line: "HTTP/1.1 200 OK"
2023-01-12 11:57:55.474 &amp#27;[32m INFO&amp#27;[m &amp#27;[35m[@503 - main]&amp#27;[m &amp#27;[36mcom.shaft.tools.io.ReportManager&amp#27;[m : Successfully created attachment "API Request - Specifications"
2023-01-12 11:57:55.474 &amp#27;[32m INFO&amp#27;[m &amp#27;[35m[@503 - main]&amp#27;[m &amp#27;[36mcom.shaft.tools.io.ReportManager&amp#27;[m : Successfully created attachment "API Request - Body"
2023-01-12 11:57:55.475 &amp#27;[32m INFO&amp#27;[m &amp#27;[35m[@503 - main]&amp#27;[m &amp#27;[36mcom.shaft.tools.io.ReportManager&amp#27;[m : Successfully created attachment "API Response - JSON Body"
2023-01-12 11:57:55.481 &amp#27;[32m INFO&amp#27;[m &amp#27;[35m[@503 - main]&amp#27;[m &amp#27;[36mcom.shaft.tools.io.ReportManager&amp#27;[m : File Action "DoesFileExist" successfully performed. With the following test data "File Path: "SteeringCompanyAPI_TestData/SteeringCompanyAPI_TestData.xlsx"".
2023-01-12 11:57:55.489 &amp#27;[32m INFO&amp#27;[m &amp#27;[35m[@503 - main]&amp#27;[m &amp#27;[36mcom.shaft.tools.io.ReportManager&amp#27;[m : Successfully created attachment "Test Data - Excel"
2023-01-12 11:57:55.936 &amp#27;[32m INFO&amp#27;[m &amp#27;[35m[@503 - main]&amp#27;[m &amp#27;[36mcom.shaft.tools.io.ReportManager&amp#27;[m : Response status code: "201", status line: "HTTP/1.1 201 "
2023-01-12 11:57:55.943 &amp#27;[32m INFO&amp#27;[m &amp#27;[35m[@503 - main]&amp#27;[m &amp#27;[36mcom.shaft.tools.io.ReportManager&amp#27;[m : Successfully created attachment "API Request - Specifications"
2023-01-12 11:57:55.943 &amp#27;[32m INFO&amp#27;[m &amp#27;[35m[@503 - main]&amp#27;[m &amp#27;[36mcom.shaft.tools.io.ReportManager&amp#27;[m : Successfully created attachment "API Request - JSON Body"
2023-01-12 11:57:55.945 &amp#27;[32m INFO&amp#27;[m &amp#27;[35m[@503 - main]&amp#27;[m &amp#27;[36mcom.shaft.tools.io.ReportManager&amp#27;[m : Successfully created attachment "API Response - JSON Body"
2023-01-12 11:57:55.945 &amp#27;[32m INFO&amp#27;[m &amp#27;[35m[@503 - main]&amp#27;[m &amp#27;[36mcom.shaft.tools.io.ReportManager&amp#27;[m : File Action "DoesFileExist" successfully performed. With the following test data "File Path: "Schemas/General_Policy_schema.json"".
2023-01-12 11:57:55.945 &amp#27;[32m INFO&amp#27;[m &amp#27;[35m[@503 - main]&amp#27;[m &amp#27;[36mcom.shaft.tools.io.ReportManager&amp#27;[m : File Action "DoesFileExist" successfully performed. With the following test data "File Path: "src/test/resources/testDataFiles/Schemas/General_Policy_schema.json"".
2023-01-12 11:57:55.945 &amp#27;[32m INFO&amp#27;[m &amp#27;[35m[@503 - main]&amp#27;[m &amp#27;[36mcom.shaft.tools.io.ReportManager&amp#27;[m : File Action "GetAbsolutePath" successfully performed. With the following test data "Relative Folder Path: "src/test/resources/testDataFiles/Schemas/General_Policy_schema.json"".
2023-01-12 11:57:55.946 &amp#27;[32m INFO&amp#27;[m &amp#27;[35m[@503 - main]&amp#27;[m &amp#27;[36mcom.shaft.tools.io.ReportManager&amp#27;[m : File Action "DoesFileExist" successfully performed. With the following test data "File Path: "C:\eclipse-workspace\MyProjects\TASystemsAPIs\src\test\resources\testDataFiles\Schemas\General_Policy_schema.json"".
2023-01-12 11:57:55.947 &amp#27;[32m INFO&amp#27;[m &amp#27;[35m[@503 - main]&amp#27;[m &amp#27;[36mcom.shaft.tools.io.ReportManager&amp#27;[m : File Action "GetAbsolutePath" successfully performed. With the following test data "Relative Folder Path: "C:\eclipse-workspace\MyProjects\TASystemsAPIs\src\test\resources\testDataFiles\Schemas\General_Policy_schema.json"".
2023-01-12 11:57:55.947 &amp#27;[32m INFO&amp#27;[m &amp#27;[35m[@503 - main]&amp#27;[m &amp#27;[36mcom.shaft.tools.io.ReportManager&amp#27;[m : File Action "ReadFile" successfully performed. With the following test data "File Path: "C:\eclipse-workspace\MyProjects\TASystemsAPIs\src\test\resources\testDataFiles\Schemas\General_Policy_schema.json"".
2023-01-12 11:57:55.948 &amp#27;[32m INFO&amp#27;[m &amp#27;[35m[@503 - main]&amp#27;[m &amp#27;[36mcom.shaft.tools.io.ReportManager&amp#27;[m : Successfully created attachment "Validation Test Data - Expected JSON Value"
2023-01-12 11:57:55.948 &amp#27;[32m INFO&amp#27;[m &amp#27;[35m[@503 - main]&amp#27;[m &amp#27;[36mcom.shaft.tools.io.ReportManager&amp#27;[m : Successfully created attachment "Validation Test Data - Actual JSON Value"
2023-01-12 11:57:55.949 &amp#27;[32m INFO&amp#27;[m &amp#27;[35m[@503 - main]&amp#27;[m &amp#27;[36mcom.shaft.tools.io.ReportManager&amp#27;[m : Successfully created attachment "SHAFT Engine Logs - Current Method log: Valid_Add_General_Policy_TC"
]]></system-out>
  </testcase>
  <testcase name="Valid_Add_Payment_Policy_TC[[Ljava.lang.Object;@4b6e75f1](1)" classname="SteeringCompanyAPI_TestCases.Test_Policies_Cases" time="1.086">
    <system-out><![CDATA[2023-01-12 11:57:55.951 &amp#27;[32m INFO&amp#27;[m &amp#27;[35m[@534 - main]&amp#27;[m &amp#27;[36mcom.shaft.tools.io.ReportManager&amp#27;[m : 
################################################################################################################################################
Starting Execution:	"138 out of 56" test cases in the current suite
Test Method:		"SteeringCompanyAPI_TestCases.Test_Policies_Cases.Valid_Add_Payment_Policy_TC"
Test Description:	"TC008 - Perform Add Valid Payment Policy"
################################################################################################################################################
2023-01-12 11:57:55.951 &amp#27;[32m INFO&amp#27;[m &amp#27;[35m[@503 - main]&amp#27;[m &amp#27;[36mcom.shaft.tools.io.ReportManager&amp#27;[m : File Action "DoesFileExist" successfully performed. With the following test data "File Path: "SteeringCompanyAPI_TestData/SteeringCompanyAPI_TestData.xlsx"".
2023-01-12 11:57:55.960 &amp#27;[32m INFO&amp#27;[m &amp#27;[35m[@503 - main]&amp#27;[m &amp#27;[36mcom.shaft.tools.io.ReportManager&amp#27;[m : Successfully created attachment "Test Data - Excel"
2023-01-12 11:57:56.523 &amp#27;[32m INFO&amp#27;[m &amp#27;[35m[@503 - main]&amp#27;[m &amp#27;[36mcom.shaft.tools.io.ReportManager&amp#27;[m : Response status code: "200", status line: "HTTP/1.1 200 OK"
2023-01-12 11:57:56.531 &amp#27;[32m INFO&amp#27;[m &amp#27;[35m[@503 - main]&amp#27;[m &amp#27;[36mcom.shaft.tools.io.ReportManager&amp#27;[m : Successfully created attachment "API Request - Specifications"
2023-01-12 11:57:56.531 &amp#27;[32m INFO&amp#27;[m &amp#27;[35m[@503 - main]&amp#27;[m &amp#27;[36mcom.shaft.tools.io.ReportManager&amp#27;[m : Successfully created attachment "API Request - Body"
2023-01-12 11:57:56.532 &amp#27;[32m INFO&amp#27;[m &amp#27;[35m[@503 - main]&amp#27;[m &amp#27;[36mcom.shaft.tools.io.ReportManager&amp#27;[m : Successfully created attachment "API Response - JSON Body"
2023-01-12 11:57:56.538 &amp#27;[32m INFO&amp#27;[m &amp#27;[35m[@503 - main]&amp#27;[m &amp#27;[36mcom.shaft.tools.io.ReportManager&amp#27;[m : File Action "DoesFileExist" successfully performed. With the following test data "File Path: "SteeringCompanyAPI_TestData/SteeringCompanyAPI_TestData.xlsx"".
2023-01-12 11:57:56.547 &amp#27;[32m INFO&amp#27;[m &amp#27;[35m[@503 - main]&amp#27;[m &amp#27;[36mcom.shaft.tools.io.ReportManager&amp#27;[m : Successfully created attachment "Test Data - Excel"
2023-01-12 11:57:57.017 &amp#27;[32m INFO&amp#27;[m &amp#27;[35m[@503 - main]&amp#27;[m &amp#27;[36mcom.shaft.tools.io.ReportManager&amp#27;[m : Response status code: "201", status line: "HTTP/1.1 201 "
2023-01-12 11:57:57.030 &amp#27;[32m INFO&amp#27;[m &amp#27;[35m[@503 - main]&amp#27;[m &amp#27;[36mcom.shaft.tools.io.ReportManager&amp#27;[m : Successfully created attachment "API Request - Specifications"
2023-01-12 11:57:57.032 &amp#27;[32m INFO&amp#27;[m &amp#27;[35m[@503 - main]&amp#27;[m &amp#27;[36mcom.shaft.tools.io.ReportManager&amp#27;[m : Successfully created attachment "API Request - JSON Body"
2023-01-12 11:57:57.032 &amp#27;[32m INFO&amp#27;[m &amp#27;[35m[@503 - main]&amp#27;[m &amp#27;[36mcom.shaft.tools.io.ReportManager&amp#27;[m : Successfully created attachment "API Response - JSON Body"
2023-01-12 11:57:57.032 &amp#27;[32m INFO&amp#27;[m &amp#27;[35m[@503 - main]&amp#27;[m &amp#27;[36mcom.shaft.tools.io.ReportManager&amp#27;[m : File Action "DoesFileExist" successfully performed. With the following test data "File Path: "Schemas/Payment_Policy_schema.json"".
2023-01-12 11:57:57.032 &amp#27;[32m INFO&amp#27;[m &amp#27;[35m[@503 - main]&amp#27;[m &amp#27;[36mcom.shaft.tools.io.ReportManager&amp#27;[m : File Action "DoesFileExist" successfully performed. With the following test data "File Path: "src/test/resources/testDataFiles/Schemas/Payment_Policy_schema.json"".
2023-01-12 11:57:57.032 &amp#27;[32m INFO&amp#27;[m &amp#27;[35m[@503 - main]&amp#27;[m &amp#27;[36mcom.shaft.tools.io.ReportManager&amp#27;[m : File Action "GetAbsolutePath" successfully performed. With the following test data "Relative Folder Path: "src/test/resources/testDataFiles/Schemas/Payment_Policy_schema.json"".
2023-01-12 11:57:57.034 &amp#27;[32m INFO&amp#27;[m &amp#27;[35m[@503 - main]&amp#27;[m &amp#27;[36mcom.shaft.tools.io.ReportManager&amp#27;[m : File Action "DoesFileExist" successfully performed. With the following test data "File Path: "C:\eclipse-workspace\MyProjects\TASystemsAPIs\src\test\resources\testDataFiles\Schemas\Payment_Policy_schema.json"".
2023-01-12 11:57:57.034 &amp#27;[32m INFO&amp#27;[m &amp#27;[35m[@503 - main]&amp#27;[m &amp#27;[36mcom.shaft.tools.io.ReportManager&amp#27;[m : File Action "GetAbsolutePath" successfully performed. With the following test data "Relative Folder Path: "C:\eclipse-workspace\MyProjects\TASystemsAPIs\src\test\resources\testDataFiles\Schemas\Payment_Policy_schema.json"".
2023-01-12 11:57:57.034 &amp#27;[32m INFO&amp#27;[m &amp#27;[35m[@503 - main]&amp#27;[m &amp#27;[36mcom.shaft.tools.io.ReportManager&amp#27;[m : File Action "ReadFile" successfully performed. With the following test data "File Path: "C:\eclipse-workspace\MyProjects\TASystemsAPIs\src\test\resources\testDataFiles\Schemas\Payment_Policy_schema.json"".
2023-01-12 11:57:57.035 &amp#27;[32m INFO&amp#27;[m &amp#27;[35m[@503 - main]&amp#27;[m &amp#27;[36mcom.shaft.tools.io.ReportManager&amp#27;[m : Successfully created attachment "Validation Test Data - Expected JSON Value"
2023-01-12 11:57:57.036 &amp#27;[32m INFO&amp#27;[m &amp#27;[35m[@503 - main]&amp#27;[m &amp#27;[36mcom.shaft.tools.io.ReportManager&amp#27;[m : Successfully created attachment "Validation Test Data - Actual JSON Value"
2023-01-12 11:57:57.036 &amp#27;[32m INFO&amp#27;[m &amp#27;[35m[@503 - main]&amp#27;[m &amp#27;[36mcom.shaft.tools.io.ReportManager&amp#27;[m : Successfully created attachment "SHAFT Engine Logs - Current Method log: Valid_Add_Payment_Policy_TC"
]]></system-out>
  </testcase>
  <testcase name="Valid_Add_Payment_Policy_TC[[Ljava.lang.Object;@4b2c2934](2)" classname="SteeringCompanyAPI_TestCases.Test_Policies_Cases" time="1.063">
    <system-out><![CDATA[2023-01-12 11:57:57.038 &amp#27;[32m INFO&amp#27;[m &amp#27;[35m[@534 - main]&amp#27;[m &amp#27;[36mcom.shaft.tools.io.ReportManager&amp#27;[m : 
################################################################################################################################################
Starting Execution:	"139 out of 56" test cases in the current suite
Test Method:		"SteeringCompanyAPI_TestCases.Test_Policies_Cases.Valid_Add_Payment_Policy_TC"
Test Description:	"TC008 - Perform Add Valid Payment Policy"
################################################################################################################################################
2023-01-12 11:57:57.038 &amp#27;[32m INFO&amp#27;[m &amp#27;[35m[@503 - main]&amp#27;[m &amp#27;[36mcom.shaft.tools.io.ReportManager&amp#27;[m : File Action "DoesFileExist" successfully performed. With the following test data "File Path: "SteeringCompanyAPI_TestData/SteeringCompanyAPI_TestData.xlsx"".
2023-01-12 11:57:57.047 &amp#27;[32m INFO&amp#27;[m &amp#27;[35m[@503 - main]&amp#27;[m &amp#27;[36mcom.shaft.tools.io.ReportManager&amp#27;[m : Successfully created attachment "Test Data - Excel"
2023-01-12 11:57:57.601 &amp#27;[32m INFO&amp#27;[m &amp#27;[35m[@503 - main]&amp#27;[m &amp#27;[36mcom.shaft.tools.io.ReportManager&amp#27;[m : Response status code: "200", status line: "HTTP/1.1 200 OK"
2023-01-12 11:57:57.614 &amp#27;[32m INFO&amp#27;[m &amp#27;[35m[@503 - main]&amp#27;[m &amp#27;[36mcom.shaft.tools.io.ReportManager&amp#27;[m : Successfully created attachment "API Request - Specifications"
2023-01-12 11:57:57.615 &amp#27;[32m INFO&amp#27;[m &amp#27;[35m[@503 - main]&amp#27;[m &amp#27;[36mcom.shaft.tools.io.ReportManager&amp#27;[m : Successfully created attachment "API Request - Body"
2023-01-12 11:57:57.615 &amp#27;[32m INFO&amp#27;[m &amp#27;[35m[@503 - main]&amp#27;[m &amp#27;[36mcom.shaft.tools.io.ReportManager&amp#27;[m : Successfully created attachment "API Response - JSON Body"
2023-01-12 11:57:57.620 &amp#27;[32m INFO&amp#27;[m &amp#27;[35m[@503 - main]&amp#27;[m &amp#27;[36mcom.shaft.tools.io.ReportManager&amp#27;[m : File Action "DoesFileExist" successfully performed. With the following test data "File Path: "SteeringCompanyAPI_TestData/SteeringCompanyAPI_TestData.xlsx"".
2023-01-12 11:57:57.629 &amp#27;[32m INFO&amp#27;[m &amp#27;[35m[@503 - main]&amp#27;[m &amp#27;[36mcom.shaft.tools.io.ReportManager&amp#27;[m : Successfully created attachment "Test Data - Excel"
2023-01-12 11:57:58.084 &amp#27;[32m INFO&amp#27;[m &amp#27;[35m[@503 - main]&amp#27;[m &amp#27;[36mcom.shaft.tools.io.ReportManager&amp#27;[m : Response status code: "201", status line: "HTTP/1.1 201 "
2023-01-12 11:57:58.094 &amp#27;[32m INFO&amp#27;[m &amp#27;[35m[@503 - main]&amp#27;[m &amp#27;[36mcom.shaft.tools.io.ReportManager&amp#27;[m : Successfully created attachment "API Request - Specifications"
2023-01-12 11:57:58.095 &amp#27;[32m INFO&amp#27;[m &amp#27;[35m[@503 - main]&amp#27;[m &amp#27;[36mcom.shaft.tools.io.ReportManager&amp#27;[m : Successfully created attachment "API Request - JSON Body"
2023-01-12 11:57:58.095 &amp#27;[32m INFO&amp#27;[m &amp#27;[35m[@503 - main]&amp#27;[m &amp#27;[36mcom.shaft.tools.io.ReportManager&amp#27;[m : Successfully created attachment "API Response - JSON Body"
2023-01-12 11:57:58.095 &amp#27;[32m INFO&amp#27;[m &amp#27;[35m[@503 - main]&amp#27;[m &amp#27;[36mcom.shaft.tools.io.ReportManager&amp#27;[m : File Action "DoesFileExist" successfully performed. With the following test data "File Path: "Schemas/Payment_Policy_schema.json"".
2023-01-12 11:57:58.095 &amp#27;[32m INFO&amp#27;[m &amp#27;[35m[@503 - main]&amp#27;[m &amp#27;[36mcom.shaft.tools.io.ReportManager&amp#27;[m : File Action "DoesFileExist" successfully performed. With the following test data "File Path: "src/test/resources/testDataFiles/Schemas/Payment_Policy_schema.json"".
2023-01-12 11:57:58.096 &amp#27;[32m INFO&amp#27;[m &amp#27;[35m[@503 - main]&amp#27;[m &amp#27;[36mcom.shaft.tools.io.ReportManager&amp#27;[m : File Action "GetAbsolutePath" successfully performed. With the following test data "Relative Folder Path: "src/test/resources/testDataFiles/Schemas/Payment_Policy_schema.json"".
2023-01-12 11:57:58.097 &amp#27;[32m INFO&amp#27;[m &amp#27;[35m[@503 - main]&amp#27;[m &amp#27;[36mcom.shaft.tools.io.ReportManager&amp#27;[m : File Action "DoesFileExist" successfully performed. With the following test data "File Path: "C:\eclipse-workspace\MyProjects\TASystemsAPIs\src\test\resources\testDataFiles\Schemas\Payment_Policy_schema.json"".
2023-01-12 11:57:58.097 &amp#27;[32m INFO&amp#27;[m &amp#27;[35m[@503 - main]&amp#27;[m &amp#27;[36mcom.shaft.tools.io.ReportManager&amp#27;[m : File Action "GetAbsolutePath" successfully performed. With the following test data "Relative Folder Path: "C:\eclipse-workspace\MyProjects\TASystemsAPIs\src\test\resources\testDataFiles\Schemas\Payment_Policy_schema.json"".
2023-01-12 11:57:58.097 &amp#27;[32m INFO&amp#27;[m &amp#27;[35m[@503 - main]&amp#27;[m &amp#27;[36mcom.shaft.tools.io.ReportManager&amp#27;[m : File Action "ReadFile" successfully performed. With the following test data "File Path: "C:\eclipse-workspace\MyProjects\TASystemsAPIs\src\test\resources\testDataFiles\Schemas\Payment_Policy_schema.json"".
2023-01-12 11:57:58.098 &amp#27;[32m INFO&amp#27;[m &amp#27;[35m[@503 - main]&amp#27;[m &amp#27;[36mcom.shaft.tools.io.ReportManager&amp#27;[m : Successfully created attachment "Validation Test Data - Expected JSON Value"
2023-01-12 11:57:58.099 &amp#27;[32m INFO&amp#27;[m &amp#27;[35m[@503 - main]&amp#27;[m &amp#27;[36mcom.shaft.tools.io.ReportManager&amp#27;[m : Successfully created attachment "Validation Test Data - Actual JSON Value"
2023-01-12 11:57:58.099 &amp#27;[32m INFO&amp#27;[m &amp#27;[35m[@503 - main]&amp#27;[m &amp#27;[36mcom.shaft.tools.io.ReportManager&amp#27;[m : Successfully created attachment "SHAFT Engine Logs - Current Method log: Valid_Add_Payment_Policy_TC"
]]></system-out>
  </testcase>
  <testcase name="Valid_Add_Tax_Policy_TC[[Ljava.lang.Object;@588a0e45](1)" classname="SteeringCompanyAPI_TestCases.Test_Policies_Cases" time="1.119">
    <system-out><![CDATA[2023-01-12 11:57:58.102 &amp#27;[32m INFO&amp#27;[m &amp#27;[35m[@534 - main]&amp#27;[m &amp#27;[36mcom.shaft.tools.io.ReportManager&amp#27;[m : 
################################################################################################################################################
Starting Execution:	"140 out of 56" test cases in the current suite
Test Method:		"SteeringCompanyAPI_TestCases.Test_Policies_Cases.Valid_Add_Tax_Policy_TC"
Test Description:	"TC006 - Perform Add Valid Tax Policy"
################################################################################################################################################
2023-01-12 11:57:58.102 &amp#27;[32m INFO&amp#27;[m &amp#27;[35m[@503 - main]&amp#27;[m &amp#27;[36mcom.shaft.tools.io.ReportManager&amp#27;[m : File Action "DoesFileExist" successfully performed. With the following test data "File Path: "SteeringCompanyAPI_TestData/SteeringCompanyAPI_TestData.xlsx"".
2023-01-12 11:57:58.114 &amp#27;[32m INFO&amp#27;[m &amp#27;[35m[@503 - main]&amp#27;[m &amp#27;[36mcom.shaft.tools.io.ReportManager&amp#27;[m : Successfully created attachment "Test Data - Excel"
2023-01-12 11:57:58.704 &amp#27;[32m INFO&amp#27;[m &amp#27;[35m[@503 - main]&amp#27;[m &amp#27;[36mcom.shaft.tools.io.ReportManager&amp#27;[m : Response status code: "200", status line: "HTTP/1.1 200 OK"
2023-01-12 11:57:58.714 &amp#27;[32m INFO&amp#27;[m &amp#27;[35m[@503 - main]&amp#27;[m &amp#27;[36mcom.shaft.tools.io.ReportManager&amp#27;[m : Successfully created attachment "API Request - Specifications"
2023-01-12 11:57:58.715 &amp#27;[32m INFO&amp#27;[m &amp#27;[35m[@503 - main]&amp#27;[m &amp#27;[36mcom.shaft.tools.io.ReportManager&amp#27;[m : Successfully created attachment "API Request - Body"
2023-01-12 11:57:58.716 &amp#27;[32m INFO&amp#27;[m &amp#27;[35m[@503 - main]&amp#27;[m &amp#27;[36mcom.shaft.tools.io.ReportManager&amp#27;[m : Successfully created attachment "API Response - JSON Body"
2023-01-12 11:57:58.723 &amp#27;[32m INFO&amp#27;[m &amp#27;[35m[@503 - main]&amp#27;[m &amp#27;[36mcom.shaft.tools.io.ReportManager&amp#27;[m : File Action "DoesFileExist" successfully performed. With the following test data "File Path: "SteeringCompanyAPI_TestData/SteeringCompanyAPI_TestData.xlsx"".
2023-01-12 11:57:58.737 &amp#27;[32m INFO&amp#27;[m &amp#27;[35m[@503 - main]&amp#27;[m &amp#27;[36mcom.shaft.tools.io.ReportManager&amp#27;[m : Successfully created attachment "Test Data - Excel"
2023-01-12 11:57:59.203 &amp#27;[32m INFO&amp#27;[m &amp#27;[35m[@503 - main]&amp#27;[m &amp#27;[36mcom.shaft.tools.io.ReportManager&amp#27;[m : Response status code: "201", status line: "HTTP/1.1 201 "
2023-01-12 11:57:59.213 &amp#27;[32m INFO&amp#27;[m &amp#27;[35m[@503 - main]&amp#27;[m &amp#27;[36mcom.shaft.tools.io.ReportManager&amp#27;[m : Successfully created attachment "API Request - Specifications"
2023-01-12 11:57:59.214 &amp#27;[32m INFO&amp#27;[m &amp#27;[35m[@503 - main]&amp#27;[m &amp#27;[36mcom.shaft.tools.io.ReportManager&amp#27;[m : Successfully created attachment "API Request - JSON Body"
2023-01-12 11:57:59.215 &amp#27;[32m INFO&amp#27;[m &amp#27;[35m[@503 - main]&amp#27;[m &amp#27;[36mcom.shaft.tools.io.ReportManager&amp#27;[m : Successfully created attachment "API Response - JSON Body"
2023-01-12 11:57:59.215 &amp#27;[32m INFO&amp#27;[m &amp#27;[35m[@503 - main]&amp#27;[m &amp#27;[36mcom.shaft.tools.io.ReportManager&amp#27;[m : File Action "DoesFileExist" successfully performed. With the following test data "File Path: "Schemas/Tax_Policy_schema.json"".
2023-01-12 11:57:59.215 &amp#27;[32m INFO&amp#27;[m &amp#27;[35m[@503 - main]&amp#27;[m &amp#27;[36mcom.shaft.tools.io.ReportManager&amp#27;[m : File Action "DoesFileExist" successfully performed. With the following test data "File Path: "src/test/resources/testDataFiles/Schemas/Tax_Policy_schema.json"".
2023-01-12 11:57:59.215 &amp#27;[32m INFO&amp#27;[m &amp#27;[35m[@503 - main]&amp#27;[m &amp#27;[36mcom.shaft.tools.io.ReportManager&amp#27;[m : File Action "GetAbsolutePath" successfully performed. With the following test data "Relative Folder Path: "src/test/resources/testDataFiles/Schemas/Tax_Policy_schema.json"".
2023-01-12 11:57:59.217 &amp#27;[32m INFO&amp#27;[m &amp#27;[35m[@503 - main]&amp#27;[m &amp#27;[36mcom.shaft.tools.io.ReportManager&amp#27;[m : File Action "DoesFileExist" successfully performed. With the following test data "File Path: "C:\eclipse-workspace\MyProjects\TASystemsAPIs\src\test\resources\testDataFiles\Schemas\Tax_Policy_schema.json"".
2023-01-12 11:57:59.217 &amp#27;[32m INFO&amp#27;[m &amp#27;[35m[@503 - main]&amp#27;[m &amp#27;[36mcom.shaft.tools.io.ReportManager&amp#27;[m : File Action "GetAbsolutePath" successfully performed. With the following test data "Relative Folder Path: "C:\eclipse-workspace\MyProjects\TASystemsAPIs\src\test\resources\testDataFiles\Schemas\Tax_Policy_schema.json"".
2023-01-12 11:57:59.217 &amp#27;[32m INFO&amp#27;[m &amp#27;[35m[@503 - main]&amp#27;[m &amp#27;[36mcom.shaft.tools.io.ReportManager&amp#27;[m : File Action "ReadFile" successfully performed. With the following test data "File Path: "C:\eclipse-workspace\MyProjects\TASystemsAPIs\src\test\resources\testDataFiles\Schemas\Tax_Policy_schema.json"".
2023-01-12 11:57:59.218 &amp#27;[32m INFO&amp#27;[m &amp#27;[35m[@503 - main]&amp#27;[m &amp#27;[36mcom.shaft.tools.io.ReportManager&amp#27;[m : Successfully created attachment "Validation Test Data - Expected JSON Value"
2023-01-12 11:57:59.218 &amp#27;[32m INFO&amp#27;[m &amp#27;[35m[@503 - main]&amp#27;[m &amp#27;[36mcom.shaft.tools.io.ReportManager&amp#27;[m : Successfully created attachment "Validation Test Data - Actual JSON Value"
2023-01-12 11:57:59.219 &amp#27;[32m INFO&amp#27;[m &amp#27;[35m[@503 - main]&amp#27;[m &amp#27;[36mcom.shaft.tools.io.ReportManager&amp#27;[m : Successfully created attachment "SHAFT Engine Logs - Current Method log: Valid_Add_Tax_Policy_TC"
]]></system-out>
  </testcase>
  <testcase name="Valid_Add_Tax_Policy_TC[[Ljava.lang.Object;@2d0b946d](2)" classname="SteeringCompanyAPI_TestCases.Test_Policies_Cases" time="1.102">
    <system-out><![CDATA[2023-01-12 11:57:59.220 &amp#27;[32m INFO&amp#27;[m &amp#27;[35m[@534 - main]&amp#27;[m &amp#27;[36mcom.shaft.tools.io.ReportManager&amp#27;[m : 
################################################################################################################################################
Starting Execution:	"141 out of 56" test cases in the current suite
Test Method:		"SteeringCompanyAPI_TestCases.Test_Policies_Cases.Valid_Add_Tax_Policy_TC"
Test Description:	"TC006 - Perform Add Valid Tax Policy"
################################################################################################################################################
2023-01-12 11:57:59.221 &amp#27;[32m INFO&amp#27;[m &amp#27;[35m[@503 - main]&amp#27;[m &amp#27;[36mcom.shaft.tools.io.ReportManager&amp#27;[m : File Action "DoesFileExist" successfully performed. With the following test data "File Path: "SteeringCompanyAPI_TestData/SteeringCompanyAPI_TestData.xlsx"".
2023-01-12 11:57:59.229 &amp#27;[32m INFO&amp#27;[m &amp#27;[35m[@503 - main]&amp#27;[m &amp#27;[36mcom.shaft.tools.io.ReportManager&amp#27;[m : Successfully created attachment "Test Data - Excel"
2023-01-12 11:57:59.834 &amp#27;[32m INFO&amp#27;[m &amp#27;[35m[@503 - main]&amp#27;[m &amp#27;[36mcom.shaft.tools.io.ReportManager&amp#27;[m : Response status code: "200", status line: "HTTP/1.1 200 OK"
2023-01-12 11:57:59.844 &amp#27;[32m INFO&amp#27;[m &amp#27;[35m[@503 - main]&amp#27;[m &amp#27;[36mcom.shaft.tools.io.ReportManager&amp#27;[m : Successfully created attachment "API Request - Specifications"
2023-01-12 11:57:59.845 &amp#27;[32m INFO&amp#27;[m &amp#27;[35m[@503 - main]&amp#27;[m &amp#27;[36mcom.shaft.tools.io.ReportManager&amp#27;[m : Successfully created attachment "API Request - Body"
2023-01-12 11:57:59.845 &amp#27;[32m INFO&amp#27;[m &amp#27;[35m[@503 - main]&amp#27;[m &amp#27;[36mcom.shaft.tools.io.ReportManager&amp#27;[m : Successfully created attachment "API Response - JSON Body"
2023-01-12 11:57:59.851 &amp#27;[32m INFO&amp#27;[m &amp#27;[35m[@503 - main]&amp#27;[m &amp#27;[36mcom.shaft.tools.io.ReportManager&amp#27;[m : File Action "DoesFileExist" successfully performed. With the following test data "File Path: "SteeringCompanyAPI_TestData/SteeringCompanyAPI_TestData.xlsx"".
2023-01-12 11:57:59.859 &amp#27;[32m INFO&amp#27;[m &amp#27;[35m[@503 - main]&amp#27;[m &amp#27;[36mcom.shaft.tools.io.ReportManager&amp#27;[m : Successfully created attachment "Test Data - Excel"
2023-01-12 11:58:00.305 &amp#27;[32m INFO&amp#27;[m &amp#27;[35m[@503 - main]&amp#27;[m &amp#27;[36mcom.shaft.tools.io.ReportManager&amp#27;[m : Response status code: "201", status line: "HTTP/1.1 201 "
2023-01-12 11:58:00.315 &amp#27;[32m INFO&amp#27;[m &amp#27;[35m[@503 - main]&amp#27;[m &amp#27;[36mcom.shaft.tools.io.ReportManager&amp#27;[m : Successfully created attachment "API Request - Specifications"
2023-01-12 11:58:00.315 &amp#27;[32m INFO&amp#27;[m &amp#27;[35m[@503 - main]&amp#27;[m &amp#27;[36mcom.shaft.tools.io.ReportManager&amp#27;[m : Successfully created attachment "API Request - JSON Body"
2023-01-12 11:58:00.316 &amp#27;[32m INFO&amp#27;[m &amp#27;[35m[@503 - main]&amp#27;[m &amp#27;[36mcom.shaft.tools.io.ReportManager&amp#27;[m : Successfully created attachment "API Response - JSON Body"
2023-01-12 11:58:00.317 &amp#27;[32m INFO&amp#27;[m &amp#27;[35m[@503 - main]&amp#27;[m &amp#27;[36mcom.shaft.tools.io.ReportManager&amp#27;[m : File Action "DoesFileExist" successfully performed. With the following test data "File Path: "Schemas/Tax_Policy_schema.json"".
2023-01-12 11:58:00.317 &amp#27;[32m INFO&amp#27;[m &amp#27;[35m[@503 - main]&amp#27;[m &amp#27;[36mcom.shaft.tools.io.ReportManager&amp#27;[m : File Action "DoesFileExist" successfully performed. With the following test data "File Path: "src/test/resources/testDataFiles/Schemas/Tax_Policy_schema.json"".
2023-01-12 11:58:00.317 &amp#27;[32m INFO&amp#27;[m &amp#27;[35m[@503 - main]&amp#27;[m &amp#27;[36mcom.shaft.tools.io.ReportManager&amp#27;[m : File Action "GetAbsolutePath" successfully performed. With the following test data "Relative Folder Path: "src/test/resources/testDataFiles/Schemas/Tax_Policy_schema.json"".
2023-01-12 11:58:00.318 &amp#27;[32m INFO&amp#27;[m &amp#27;[35m[@503 - main]&amp#27;[m &amp#27;[36mcom.shaft.tools.io.ReportManager&amp#27;[m : File Action "DoesFileExist" successfully performed. With the following test data "File Path: "C:\eclipse-workspace\MyProjects\TASystemsAPIs\src\test\resources\testDataFiles\Schemas\Tax_Policy_schema.json"".
2023-01-12 11:58:00.318 &amp#27;[32m INFO&amp#27;[m &amp#27;[35m[@503 - main]&amp#27;[m &amp#27;[36mcom.shaft.tools.io.ReportManager&amp#27;[m : File Action "GetAbsolutePath" successfully performed. With the following test data "Relative Folder Path: "C:\eclipse-workspace\MyProjects\TASystemsAPIs\src\test\resources\testDataFiles\Schemas\Tax_Policy_schema.json"".
2023-01-12 11:58:00.319 &amp#27;[32m INFO&amp#27;[m &amp#27;[35m[@503 - main]&amp#27;[m &amp#27;[36mcom.shaft.tools.io.ReportManager&amp#27;[m : File Action "ReadFile" successfully performed. With the following test data "File Path: "C:\eclipse-workspace\MyProjects\TASystemsAPIs\src\test\resources\testDataFiles\Schemas\Tax_Policy_schema.json"".
2023-01-12 11:58:00.319 &amp#27;[32m INFO&amp#27;[m &amp#27;[35m[@503 - main]&amp#27;[m &amp#27;[36mcom.shaft.tools.io.ReportManager&amp#27;[m : Successfully created attachment "Validation Test Data - Expected JSON Value"
2023-01-12 11:58:00.320 &amp#27;[32m INFO&amp#27;[m &amp#27;[35m[@503 - main]&amp#27;[m &amp#27;[36mcom.shaft.tools.io.ReportManager&amp#27;[m : Successfully created attachment "Validation Test Data - Actual JSON Value"
2023-01-12 11:58:00.321 &amp#27;[32m INFO&amp#27;[m &amp#27;[35m[@503 - main]&amp#27;[m &amp#27;[36mcom.shaft.tools.io.ReportManager&amp#27;[m : Successfully created attachment "SHAFT Engine Logs - Current Method log: Valid_Add_Tax_Policy_TC"
]]></system-out>
  </testcase>
  <testcase name="Valid_Add_Usage_Policy_TC[[Ljava.lang.Object;@1d381c96](1)" classname="SteeringCompanyAPI_TestCases.Test_Policies_Cases" time="1.089">
    <system-out><![CDATA[2023-01-12 11:58:00.324 &amp#27;[32m INFO&amp#27;[m &amp#27;[35m[@534 - main]&amp#27;[m &amp#27;[36mcom.shaft.tools.io.ReportManager&amp#27;[m : 
################################################################################################################################################
Starting Execution:	"142 out of 56" test cases in the current suite
Test Method:		"SteeringCompanyAPI_TestCases.Test_Policies_Cases.Valid_Add_Usage_Policy_TC"
Test Description:	"TC007 - Perform Add Valid Usage Policy"
################################################################################################################################################
2023-01-12 11:58:00.324 &amp#27;[32m INFO&amp#27;[m &amp#27;[35m[@503 - main]&amp#27;[m &amp#27;[36mcom.shaft.tools.io.ReportManager&amp#27;[m : File Action "DoesFileExist" successfully performed. With the following test data "File Path: "SteeringCompanyAPI_TestData/SteeringCompanyAPI_TestData.xlsx"".
2023-01-12 11:58:00.336 &amp#27;[32m INFO&amp#27;[m &amp#27;[35m[@503 - main]&amp#27;[m &amp#27;[36mcom.shaft.tools.io.ReportManager&amp#27;[m : Successfully created attachment "Test Data - Excel"
2023-01-12 11:58:00.916 &amp#27;[32m INFO&amp#27;[m &amp#27;[35m[@503 - main]&amp#27;[m &amp#27;[36mcom.shaft.tools.io.ReportManager&amp#27;[m : Response status code: "200", status line: "HTTP/1.1 200 OK"
2023-01-12 11:58:00.928 &amp#27;[32m INFO&amp#27;[m &amp#27;[35m[@503 - main]&amp#27;[m &amp#27;[36mcom.shaft.tools.io.ReportManager&amp#27;[m : Successfully created attachment "API Request - Specifications"
2023-01-12 11:58:00.929 &amp#27;[32m INFO&amp#27;[m &amp#27;[35m[@503 - main]&amp#27;[m &amp#27;[36mcom.shaft.tools.io.ReportManager&amp#27;[m : Successfully created attachment "API Request - Body"
2023-01-12 11:58:00.930 &amp#27;[32m INFO&amp#27;[m &amp#27;[35m[@503 - main]&amp#27;[m &amp#27;[36mcom.shaft.tools.io.ReportManager&amp#27;[m : Successfully created attachment "API Response - JSON Body"
2023-01-12 11:58:00.939 &amp#27;[32m INFO&amp#27;[m &amp#27;[35m[@503 - main]&amp#27;[m &amp#27;[36mcom.shaft.tools.io.ReportManager&amp#27;[m : File Action "DoesFileExist" successfully performed. With the following test data "File Path: "SteeringCompanyAPI_TestData/SteeringCompanyAPI_TestData.xlsx"".
2023-01-12 11:58:00.948 &amp#27;[32m INFO&amp#27;[m &amp#27;[35m[@503 - main]&amp#27;[m &amp#27;[36mcom.shaft.tools.io.ReportManager&amp#27;[m : Successfully created attachment "Test Data - Excel"
2023-01-12 11:58:01.394 &amp#27;[32m INFO&amp#27;[m &amp#27;[35m[@503 - main]&amp#27;[m &amp#27;[36mcom.shaft.tools.io.ReportManager&amp#27;[m : Response status code: "201", status line: "HTTP/1.1 201 "
2023-01-12 11:58:01.405 &amp#27;[32m INFO&amp#27;[m &amp#27;[35m[@503 - main]&amp#27;[m &amp#27;[36mcom.shaft.tools.io.ReportManager&amp#27;[m : Successfully created attachment "API Request - Specifications"
2023-01-12 11:58:01.406 &amp#27;[32m INFO&amp#27;[m &amp#27;[35m[@503 - main]&amp#27;[m &amp#27;[36mcom.shaft.tools.io.ReportManager&amp#27;[m : Successfully created attachment "API Request - JSON Body"
2023-01-12 11:58:01.406 &amp#27;[32m INFO&amp#27;[m &amp#27;[35m[@503 - main]&amp#27;[m &amp#27;[36mcom.shaft.tools.io.ReportManager&amp#27;[m : Successfully created attachment "API Response - JSON Body"
2023-01-12 11:58:01.407 &amp#27;[32m INFO&amp#27;[m &amp#27;[35m[@503 - main]&amp#27;[m &amp#27;[36mcom.shaft.tools.io.ReportManager&amp#27;[m : File Action "DoesFileExist" successfully performed. With the following test data "File Path: "Schemas/Usage_Policy_schema.json"".
2023-01-12 11:58:01.407 &amp#27;[32m INFO&amp#27;[m &amp#27;[35m[@503 - main]&amp#27;[m &amp#27;[36mcom.shaft.tools.io.ReportManager&amp#27;[m : File Action "DoesFileExist" successfully performed. With the following test data "File Path: "src/test/resources/testDataFiles/Schemas/Usage_Policy_schema.json"".
2023-01-12 11:58:01.407 &amp#27;[32m INFO&amp#27;[m &amp#27;[35m[@503 - main]&amp#27;[m &amp#27;[36mcom.shaft.tools.io.ReportManager&amp#27;[m : File Action "GetAbsolutePath" successfully performed. With the following test data "Relative Folder Path: "src/test/resources/testDataFiles/Schemas/Usage_Policy_schema.json"".
2023-01-12 11:58:01.408 &amp#27;[32m INFO&amp#27;[m &amp#27;[35m[@503 - main]&amp#27;[m &amp#27;[36mcom.shaft.tools.io.ReportManager&amp#27;[m : File Action "DoesFileExist" successfully performed. With the following test data "File Path: "C:\eclipse-workspace\MyProjects\TASystemsAPIs\src\test\resources\testDataFiles\Schemas\Usage_Policy_schema.json"".
2023-01-12 11:58:01.409 &amp#27;[32m INFO&amp#27;[m &amp#27;[35m[@503 - main]&amp#27;[m &amp#27;[36mcom.shaft.tools.io.ReportManager&amp#27;[m : File Action "GetAbsolutePath" successfully performed. With the following test data "Relative Folder Path: "C:\eclipse-workspace\MyProjects\TASystemsAPIs\src\test\resources\testDataFiles\Schemas\Usage_Policy_schema.json"".
2023-01-12 11:58:01.409 &amp#27;[32m INFO&amp#27;[m &amp#27;[35m[@503 - main]&amp#27;[m &amp#27;[36mcom.shaft.tools.io.ReportManager&amp#27;[m : File Action "ReadFile" successfully performed. With the following test data "File Path: "C:\eclipse-workspace\MyProjects\TASystemsAPIs\src\test\resources\testDataFiles\Schemas\Usage_Policy_schema.json"".
2023-01-12 11:58:01.410 &amp#27;[32m INFO&amp#27;[m &amp#27;[35m[@503 - main]&amp#27;[m &amp#27;[36mcom.shaft.tools.io.ReportManager&amp#27;[m : Successfully created attachment "Validation Test Data - Expected JSON Value"
2023-01-12 11:58:01.410 &amp#27;[32m INFO&amp#27;[m &amp#27;[35m[@503 - main]&amp#27;[m &amp#27;[36mcom.shaft.tools.io.ReportManager&amp#27;[m : Successfully created attachment "Validation Test Data - Actual JSON Value"
2023-01-12 11:58:01.411 &amp#27;[32m INFO&amp#27;[m &amp#27;[35m[@503 - main]&amp#27;[m &amp#27;[36mcom.shaft.tools.io.ReportManager&amp#27;[m : Successfully created attachment "SHAFT Engine Logs - Current Method log: Valid_Add_Usage_Policy_TC"
]]></system-out>
  </testcase>
  <testcase name="Valid_Add_Usage_Policy_TC[[Ljava.lang.Object;@18ef3972](2)" classname="SteeringCompanyAPI_TestCases.Test_Policies_Cases" time="1.08">
    <system-out><![CDATA[2023-01-12 11:58:01.412 &amp#27;[32m INFO&amp#27;[m &amp#27;[35m[@534 - main]&amp#27;[m &amp#27;[36mcom.shaft.tools.io.ReportManager&amp#27;[m : 
################################################################################################################################################
Starting Execution:	"143 out of 56" test cases in the current suite
Test Method:		"SteeringCompanyAPI_TestCases.Test_Policies_Cases.Valid_Add_Usage_Policy_TC"
Test Description:	"TC007 - Perform Add Valid Usage Policy"
################################################################################################################################################
2023-01-12 11:58:01.412 &amp#27;[32m INFO&amp#27;[m &amp#27;[35m[@503 - main]&amp#27;[m &amp#27;[36mcom.shaft.tools.io.ReportManager&amp#27;[m : File Action "DoesFileExist" successfully performed. With the following test data "File Path: "SteeringCompanyAPI_TestData/SteeringCompanyAPI_TestData.xlsx"".
2023-01-12 11:58:01.420 &amp#27;[32m INFO&amp#27;[m &amp#27;[35m[@503 - main]&amp#27;[m &amp#27;[36mcom.shaft.tools.io.ReportManager&amp#27;[m : Successfully created attachment "Test Data - Excel"
2023-01-12 11:58:01.980 &amp#27;[32m INFO&amp#27;[m &amp#27;[35m[@503 - main]&amp#27;[m &amp#27;[36mcom.shaft.tools.io.ReportManager&amp#27;[m : Response status code: "200", status line: "HTTP/1.1 200 OK"
2023-01-12 11:58:01.994 &amp#27;[32m INFO&amp#27;[m &amp#27;[35m[@503 - main]&amp#27;[m &amp#27;[36mcom.shaft.tools.io.ReportManager&amp#27;[m : Successfully created attachment "API Request - Specifications"
2023-01-12 11:58:01.995 &amp#27;[32m INFO&amp#27;[m &amp#27;[35m[@503 - main]&amp#27;[m &amp#27;[36mcom.shaft.tools.io.ReportManager&amp#27;[m : Successfully created attachment "API Request - Body"
2023-01-12 11:58:01.995 &amp#27;[32m INFO&amp#27;[m &amp#27;[35m[@503 - main]&amp#27;[m &amp#27;[36mcom.shaft.tools.io.ReportManager&amp#27;[m : Successfully created attachment "API Response - JSON Body"
2023-01-12 11:58:02.004 &amp#27;[32m INFO&amp#27;[m &amp#27;[35m[@503 - main]&amp#27;[m &amp#27;[36mcom.shaft.tools.io.ReportManager&amp#27;[m : File Action "DoesFileExist" successfully performed. With the following test data "File Path: "SteeringCompanyAPI_TestData/SteeringCompanyAPI_TestData.xlsx"".
2023-01-12 11:58:02.017 &amp#27;[32m INFO&amp#27;[m &amp#27;[35m[@503 - main]&amp#27;[m &amp#27;[36mcom.shaft.tools.io.ReportManager&amp#27;[m : Successfully created attachment "Test Data - Excel"
2023-01-12 11:58:02.473 &amp#27;[32m INFO&amp#27;[m &amp#27;[35m[@503 - main]&amp#27;[m &amp#27;[36mcom.shaft.tools.io.ReportManager&amp#27;[m : Response status code: "201", status line: "HTTP/1.1 201 "
2023-01-12 11:58:02.485 &amp#27;[32m INFO&amp#27;[m &amp#27;[35m[@503 - main]&amp#27;[m &amp#27;[36mcom.shaft.tools.io.ReportManager&amp#27;[m : Successfully created attachment "API Request - Specifications"
2023-01-12 11:58:02.486 &amp#27;[32m INFO&amp#27;[m &amp#27;[35m[@503 - main]&amp#27;[m &amp#27;[36mcom.shaft.tools.io.ReportManager&amp#27;[m : Successfully created attachment "API Request - JSON Body"
2023-01-12 11:58:02.486 &amp#27;[32m INFO&amp#27;[m &amp#27;[35m[@503 - main]&amp#27;[m &amp#27;[36mcom.shaft.tools.io.ReportManager&amp#27;[m : Successfully created attachment "API Response - JSON Body"
2023-01-12 11:58:02.487 &amp#27;[32m INFO&amp#27;[m &amp#27;[35m[@503 - main]&amp#27;[m &amp#27;[36mcom.shaft.tools.io.ReportManager&amp#27;[m : File Action "DoesFileExist" successfully performed. With the following test data "File Path: "Schemas/Usage_Policy_schema.json"".
2023-01-12 11:58:02.487 &amp#27;[32m INFO&amp#27;[m &amp#27;[35m[@503 - main]&amp#27;[m &amp#27;[36mcom.shaft.tools.io.ReportManager&amp#27;[m : File Action "DoesFileExist" successfully performed. With the following test data "File Path: "src/test/resources/testDataFiles/Schemas/Usage_Policy_schema.json"".
2023-01-12 11:58:02.487 &amp#27;[32m INFO&amp#27;[m &amp#27;[35m[@503 - main]&amp#27;[m &amp#27;[36mcom.shaft.tools.io.ReportManager&amp#27;[m : File Action "GetAbsolutePath" successfully performed. With the following test data "Relative Folder Path: "src/test/resources/testDataFiles/Schemas/Usage_Policy_schema.json"".
2023-01-12 11:58:02.488 &amp#27;[32m INFO&amp#27;[m &amp#27;[35m[@503 - main]&amp#27;[m &amp#27;[36mcom.shaft.tools.io.ReportManager&amp#27;[m : File Action "DoesFileExist" successfully performed. With the following test data "File Path: "C:\eclipse-workspace\MyProjects\TASystemsAPIs\src\test\resources\testDataFiles\Schemas\Usage_Policy_schema.json"".
2023-01-12 11:58:02.489 &amp#27;[32m INFO&amp#27;[m &amp#27;[35m[@503 - main]&amp#27;[m &amp#27;[36mcom.shaft.tools.io.ReportManager&amp#27;[m : File Action "GetAbsolutePath" successfully performed. With the following test data "Relative Folder Path: "C:\eclipse-workspace\MyProjects\TASystemsAPIs\src\test\resources\testDataFiles\Schemas\Usage_Policy_schema.json"".
2023-01-12 11:58:02.489 &amp#27;[32m INFO&amp#27;[m &amp#27;[35m[@503 - main]&amp#27;[m &amp#27;[36mcom.shaft.tools.io.ReportManager&amp#27;[m : File Action "ReadFile" successfully performed. With the following test data "File Path: "C:\eclipse-workspace\MyProjects\TASystemsAPIs\src\test\resources\testDataFiles\Schemas\Usage_Policy_schema.json"".
2023-01-12 11:58:02.490 &amp#27;[32m INFO&amp#27;[m &amp#27;[35m[@503 - main]&amp#27;[m &amp#27;[36mcom.shaft.tools.io.ReportManager&amp#27;[m : Successfully created attachment "Validation Test Data - Expected JSON Value"
2023-01-12 11:58:02.490 &amp#27;[32m INFO&amp#27;[m &amp#27;[35m[@503 - main]&amp#27;[m &amp#27;[36mcom.shaft.tools.io.ReportManager&amp#27;[m : Successfully created attachment "Validation Test Data - Actual JSON Value"
2023-01-12 11:58:02.491 &amp#27;[32m INFO&amp#27;[m &amp#27;[35m[@503 - main]&amp#27;[m &amp#27;[36mcom.shaft.tools.io.ReportManager&amp#27;[m : Successfully created attachment "SHAFT Engine Logs - Current Method log: Valid_Add_Usage_Policy_TC"
]]></system-out>
  </testcase>
  <testcase name="Valid_GET_all_Policies_Rq_TC" classname="SteeringCompanyAPI_TestCases.Test_Policies_Cases" time="1.274">
    <system-out><![CDATA[2023-01-12 11:58:02.493 &amp#27;[32m INFO&amp#27;[m &amp#27;[35m[@534 - main]&amp#27;[m &amp#27;[36mcom.shaft.tools.io.ReportManager&amp#27;[m : 
################################################################################################################################################
Starting Execution:	"144 out of 56" test cases in the current suite
Test Method:		"SteeringCompanyAPI_TestCases.Test_Policies_Cases.Valid_GET_all_Policies_Rq_TC"
Test Description:	"TC001 - Perform Get all Policies API with valid user name and password"
################################################################################################################################################
2023-01-12 11:58:02.493 &amp#27;[32m INFO&amp#27;[m &amp#27;[35m[@503 - main]&amp#27;[m &amp#27;[36mcom.shaft.tools.io.ReportManager&amp#27;[m : File Action "DoesFileExist" successfully performed. With the following test data "File Path: "SteeringCompanyAPI_TestData/SteeringCompanyAPI_TestData.xlsx"".
2023-01-12 11:58:02.502 &amp#27;[32m INFO&amp#27;[m &amp#27;[35m[@503 - main]&amp#27;[m &amp#27;[36mcom.shaft.tools.io.ReportManager&amp#27;[m : Successfully created attachment "Test Data - Excel"
2023-01-12 11:58:03.081 &amp#27;[32m INFO&amp#27;[m &amp#27;[35m[@503 - main]&amp#27;[m &amp#27;[36mcom.shaft.tools.io.ReportManager&amp#27;[m : Response status code: "200", status line: "HTTP/1.1 200 OK"
2023-01-12 11:58:03.089 &amp#27;[32m INFO&amp#27;[m &amp#27;[35m[@503 - main]&amp#27;[m &amp#27;[36mcom.shaft.tools.io.ReportManager&amp#27;[m : Successfully created attachment "API Request - Specifications"
2023-01-12 11:58:03.091 &amp#27;[32m INFO&amp#27;[m &amp#27;[35m[@503 - main]&amp#27;[m &amp#27;[36mcom.shaft.tools.io.ReportManager&amp#27;[m : Successfully created attachment "API Request - Body"
2023-01-12 11:58:03.091 &amp#27;[32m INFO&amp#27;[m &amp#27;[35m[@503 - main]&amp#27;[m &amp#27;[36mcom.shaft.tools.io.ReportManager&amp#27;[m : Successfully created attachment "API Response - JSON Body"
2023-01-12 11:58:03.097 &amp#27;[32m INFO&amp#27;[m &amp#27;[35m[@503 - main]&amp#27;[m &amp#27;[36mcom.shaft.tools.io.ReportManager&amp#27;[m : File Action "DoesFileExist" successfully performed. With the following test data "File Path: "SteeringCompanyAPI_TestData/SteeringCompanyAPI_TestData.xlsx"".
2023-01-12 11:58:03.111 &amp#27;[32m INFO&amp#27;[m &amp#27;[35m[@503 - main]&amp#27;[m &amp#27;[36mcom.shaft.tools.io.ReportManager&amp#27;[m : Successfully created attachment "Test Data - Excel"
2023-01-12 11:58:03.577 &amp#27;[32m INFO&amp#27;[m &amp#27;[35m[@503 - main]&amp#27;[m &amp#27;[36mcom.shaft.tools.io.ReportManager&amp#27;[m : Response status code: "200", status line: "HTTP/1.1 200 "
2023-01-12 11:58:03.740 &amp#27;[32m INFO&amp#27;[m &amp#27;[35m[@503 - main]&amp#27;[m &amp#27;[36mcom.shaft.tools.io.ReportManager&amp#27;[m : Successfully created attachment "API Request - Specifications"
2023-01-12 11:58:03.741 &amp#27;[32m INFO&amp#27;[m &amp#27;[35m[@503 - main]&amp#27;[m &amp#27;[36mcom.shaft.tools.io.ReportManager&amp#27;[m : Successfully created attachment "API Response - JSON Body"
2023-01-12 11:58:03.742 &amp#27;[32m INFO&amp#27;[m &amp#27;[35m[@503 - main]&amp#27;[m &amp#27;[36mcom.shaft.tools.io.ReportManager&amp#27;[m : Successfully created attachment "Validation Test Data - Expected Value"
2023-01-12 11:58:03.743 &amp#27;[32m INFO&amp#27;[m &amp#27;[35m[@503 - main]&amp#27;[m &amp#27;[36mcom.shaft.tools.io.ReportManager&amp#27;[m : Successfully created attachment "Validation Test Data - Actual Value"
2023-01-12 11:58:03.750 &amp#27;[32m INFO&amp#27;[m &amp#27;[35m[@503 - main]&amp#27;[m &amp#27;[36mcom.shaft.tools.io.ReportManager&amp#27;[m : Get response jsonvalue "cancellationPolicies".
2023-01-12 11:58:03.751 &amp#27;[32m INFO&amp#27;[m &amp#27;[35m[@503 - main]&amp#27;[m &amp#27;[36mcom.shaft.tools.io.ReportManager&amp#27;[m : Successfully created attachment "Validation Test Data - Expected Value"
2023-01-12 11:58:03.751 &amp#27;[32m INFO&amp#27;[m &amp#27;[35m[@503 - main]&amp#27;[m &amp#27;[36mcom.shaft.tools.io.ReportManager&amp#27;[m : Successfully created attachment "Validation Test Data - Actual Value"
2023-01-12 11:58:03.751 &amp#27;[32m INFO&amp#27;[m &amp#27;[35m[@503 - main]&amp#27;[m &amp#27;[36mcom.shaft.tools.io.ReportManager&amp#27;[m : File Action "DoesFileExist" successfully performed. With the following test data "File Path: "Schemas/GetAllPolicies_schema.json"".
2023-01-12 11:58:03.751 &amp#27;[32m INFO&amp#27;[m &amp#27;[35m[@503 - main]&amp#27;[m &amp#27;[36mcom.shaft.tools.io.ReportManager&amp#27;[m : File Action "DoesFileExist" successfully performed. With the following test data "File Path: "src/test/resources/testDataFiles/Schemas/GetAllPolicies_schema.json"".
2023-01-12 11:58:03.752 &amp#27;[32m INFO&amp#27;[m &amp#27;[35m[@503 - main]&amp#27;[m &amp#27;[36mcom.shaft.tools.io.ReportManager&amp#27;[m : File Action "GetAbsolutePath" successfully performed. With the following test data "Relative Folder Path: "src/test/resources/testDataFiles/Schemas/GetAllPolicies_schema.json"".
2023-01-12 11:58:03.759 &amp#27;[32m INFO&amp#27;[m &amp#27;[35m[@503 - main]&amp#27;[m &amp#27;[36mcom.shaft.tools.io.ReportManager&amp#27;[m : File Action "DoesFileExist" successfully performed. With the following test data "File Path: "C:\eclipse-workspace\MyProjects\TASystemsAPIs\src\test\resources\testDataFiles\Schemas\GetAllPolicies_schema.json"".
2023-01-12 11:58:03.760 &amp#27;[32m INFO&amp#27;[m &amp#27;[35m[@503 - main]&amp#27;[m &amp#27;[36mcom.shaft.tools.io.ReportManager&amp#27;[m : File Action "GetAbsolutePath" successfully performed. With the following test data "Relative Folder Path: "C:\eclipse-workspace\MyProjects\TASystemsAPIs\src\test\resources\testDataFiles\Schemas\GetAllPolicies_schema.json"".
2023-01-12 11:58:03.760 &amp#27;[32m INFO&amp#27;[m &amp#27;[35m[@503 - main]&amp#27;[m &amp#27;[36mcom.shaft.tools.io.ReportManager&amp#27;[m : File Action "ReadFile" successfully performed. With the following test data "File Path: "C:\eclipse-workspace\MyProjects\TASystemsAPIs\src\test\resources\testDataFiles\Schemas\GetAllPolicies_schema.json"".
2023-01-12 11:58:03.762 &amp#27;[32m INFO&amp#27;[m &amp#27;[35m[@503 - main]&amp#27;[m &amp#27;[36mcom.shaft.tools.io.ReportManager&amp#27;[m : Successfully created attachment "Validation Test Data - Expected JSON Value"
2023-01-12 11:58:03.764 &amp#27;[32m INFO&amp#27;[m &amp#27;[35m[@503 - main]&amp#27;[m &amp#27;[36mcom.shaft.tools.io.ReportManager&amp#27;[m : Successfully created attachment "Validation Test Data - Actual JSON Value"
2023-01-12 11:58:03.764 &amp#27;[32m INFO&amp#27;[m &amp#27;[35m[@503 - main]&amp#27;[m &amp#27;[36mcom.shaft.tools.io.ReportManager&amp#27;[m : Successfully created attachment "SHAFT Engine Logs - Current Method log: Valid_GET_all_Policies_Rq_TC"
]]></system-out>
  </testcase>
  <testcase name="Valid_GET_all_Policies_by_Qry_Rq_TC" classname="SteeringCompanyAPI_TestCases.Test_Policies_Cases" time="1.243">
    <system-out><![CDATA[2023-01-12 11:58:03.767 &amp#27;[32m INFO&amp#27;[m &amp#27;[35m[@534 - main]&amp#27;[m &amp#27;[36mcom.shaft.tools.io.ReportManager&amp#27;[m : 
################################################################################################################################################
Starting Execution:	"145 out of 56" test cases in the current suite
Test Method:		"SteeringCompanyAPI_TestCases.Test_Policies_Cases.Valid_GET_all_Policies_by_Qry_Rq_TC"
Test Description:	"TC002 - Perform Get all Policies API with pagination with valid user name and password"
################################################################################################################################################
2023-01-12 11:58:03.768 &amp#27;[32m INFO&amp#27;[m &amp#27;[35m[@503 - main]&amp#27;[m &amp#27;[36mcom.shaft.tools.io.ReportManager&amp#27;[m : File Action "DoesFileExist" successfully performed. With the following test data "File Path: "SteeringCompanyAPI_TestData/SteeringCompanyAPI_TestData.xlsx"".
2023-01-12 11:58:03.779 &amp#27;[32m INFO&amp#27;[m &amp#27;[35m[@503 - main]&amp#27;[m &amp#27;[36mcom.shaft.tools.io.ReportManager&amp#27;[m : Successfully created attachment "Test Data - Excel"
2023-01-12 11:58:04.343 &amp#27;[32m INFO&amp#27;[m &amp#27;[35m[@503 - main]&amp#27;[m &amp#27;[36mcom.shaft.tools.io.ReportManager&amp#27;[m : Response status code: "200", status line: "HTTP/1.1 200 OK"
2023-01-12 11:58:04.353 &amp#27;[32m INFO&amp#27;[m &amp#27;[35m[@503 - main]&amp#27;[m &amp#27;[36mcom.shaft.tools.io.ReportManager&amp#27;[m : Successfully created attachment "API Request - Specifications"
2023-01-12 11:58:04.354 &amp#27;[32m INFO&amp#27;[m &amp#27;[35m[@503 - main]&amp#27;[m &amp#27;[36mcom.shaft.tools.io.ReportManager&amp#27;[m : Successfully created attachment "API Request - Body"
2023-01-12 11:58:04.354 &amp#27;[32m INFO&amp#27;[m &amp#27;[35m[@503 - main]&amp#27;[m &amp#27;[36mcom.shaft.tools.io.ReportManager&amp#27;[m : Successfully created attachment "API Response - JSON Body"
2023-01-12 11:58:04.361 &amp#27;[32m INFO&amp#27;[m &amp#27;[35m[@503 - main]&amp#27;[m &amp#27;[36mcom.shaft.tools.io.ReportManager&amp#27;[m : File Action "DoesFileExist" successfully performed. With the following test data "File Path: "SteeringCompanyAPI_TestData/SteeringCompanyAPI_TestData.xlsx"".
2023-01-12 11:58:04.369 &amp#27;[32m INFO&amp#27;[m &amp#27;[35m[@503 - main]&amp#27;[m &amp#27;[36mcom.shaft.tools.io.ReportManager&amp#27;[m : Successfully created attachment "Test Data - Excel"
2023-01-12 11:58:04.833 &amp#27;[32m INFO&amp#27;[m &amp#27;[35m[@503 - main]&amp#27;[m &amp#27;[36mcom.shaft.tools.io.ReportManager&amp#27;[m : Response status code: "200", status line: "HTTP/1.1 200 "
2023-01-12 11:58:04.986 &amp#27;[32m INFO&amp#27;[m &amp#27;[35m[@503 - main]&amp#27;[m &amp#27;[36mcom.shaft.tools.io.ReportManager&amp#27;[m : Successfully created attachment "API Request - Specifications"
2023-01-12 11:58:04.987 &amp#27;[32m INFO&amp#27;[m &amp#27;[35m[@503 - main]&amp#27;[m &amp#27;[36mcom.shaft.tools.io.ReportManager&amp#27;[m : Successfully created attachment "API Response - JSON Body"
2023-01-12 11:58:04.988 &amp#27;[32m INFO&amp#27;[m &amp#27;[35m[@503 - main]&amp#27;[m &amp#27;[36mcom.shaft.tools.io.ReportManager&amp#27;[m : Successfully created attachment "Validation Test Data - Expected Value"
2023-01-12 11:58:04.989 &amp#27;[32m INFO&amp#27;[m &amp#27;[35m[@503 - main]&amp#27;[m &amp#27;[36mcom.shaft.tools.io.ReportManager&amp#27;[m : Successfully created attachment "Validation Test Data - Actual Value"
2023-01-12 11:58:04.995 &amp#27;[32m INFO&amp#27;[m &amp#27;[35m[@503 - main]&amp#27;[m &amp#27;[36mcom.shaft.tools.io.ReportManager&amp#27;[m : Get response jsonvalue "cancellationPolicies".
2023-01-12 11:58:04.995 &amp#27;[32m INFO&amp#27;[m &amp#27;[35m[@503 - main]&amp#27;[m &amp#27;[36mcom.shaft.tools.io.ReportManager&amp#27;[m : Successfully created attachment "Validation Test Data - Expected Value"
2023-01-12 11:58:04.997 &amp#27;[32m INFO&amp#27;[m &amp#27;[35m[@503 - main]&amp#27;[m &amp#27;[36mcom.shaft.tools.io.ReportManager&amp#27;[m : Successfully created attachment "Validation Test Data - Actual Value"
2023-01-12 11:58:04.997 &amp#27;[32m INFO&amp#27;[m &amp#27;[35m[@503 - main]&amp#27;[m &amp#27;[36mcom.shaft.tools.io.ReportManager&amp#27;[m : File Action "DoesFileExist" successfully performed. With the following test data "File Path: "Schemas/GetAllPolicies_schema.json"".
2023-01-12 11:58:04.997 &amp#27;[32m INFO&amp#27;[m &amp#27;[35m[@503 - main]&amp#27;[m &amp#27;[36mcom.shaft.tools.io.ReportManager&amp#27;[m : File Action "DoesFileExist" successfully performed. With the following test data "File Path: "src/test/resources/testDataFiles/Schemas/GetAllPolicies_schema.json"".
2023-01-12 11:58:04.997 &amp#27;[32m INFO&amp#27;[m &amp#27;[35m[@503 - main]&amp#27;[m &amp#27;[36mcom.shaft.tools.io.ReportManager&amp#27;[m : File Action "GetAbsolutePath" successfully performed. With the following test data "Relative Folder Path: "src/test/resources/testDataFiles/Schemas/GetAllPolicies_schema.json"".
2023-01-12 11:58:05.003 &amp#27;[32m INFO&amp#27;[m &amp#27;[35m[@503 - main]&amp#27;[m &amp#27;[36mcom.shaft.tools.io.ReportManager&amp#27;[m : File Action "DoesFileExist" successfully performed. With the following test data "File Path: "C:\eclipse-workspace\MyProjects\TASystemsAPIs\src\test\resources\testDataFiles\Schemas\GetAllPolicies_schema.json"".
2023-01-12 11:58:05.004 &amp#27;[32m INFO&amp#27;[m &amp#27;[35m[@503 - main]&amp#27;[m &amp#27;[36mcom.shaft.tools.io.ReportManager&amp#27;[m : File Action "GetAbsolutePath" successfully performed. With the following test data "Relative Folder Path: "C:\eclipse-workspace\MyProjects\TASystemsAPIs\src\test\resources\testDataFiles\Schemas\GetAllPolicies_schema.json"".
2023-01-12 11:58:05.004 &amp#27;[32m INFO&amp#27;[m &amp#27;[35m[@503 - main]&amp#27;[m &amp#27;[36mcom.shaft.tools.io.ReportManager&amp#27;[m : File Action "ReadFile" successfully performed. With the following test data "File Path: "C:\eclipse-workspace\MyProjects\TASystemsAPIs\src\test\resources\testDataFiles\Schemas\GetAllPolicies_schema.json"".
2023-01-12 11:58:05.006 &amp#27;[32m INFO&amp#27;[m &amp#27;[35m[@503 - main]&amp#27;[m &amp#27;[36mcom.shaft.tools.io.ReportManager&amp#27;[m : Successfully created attachment "Validation Test Data - Expected JSON Value"
2023-01-12 11:58:05.007 &amp#27;[32m INFO&amp#27;[m &amp#27;[35m[@503 - main]&amp#27;[m &amp#27;[36mcom.shaft.tools.io.ReportManager&amp#27;[m : Successfully created attachment "Validation Test Data - Actual JSON Value"
2023-01-12 11:58:05.007 &amp#27;[32m INFO&amp#27;[m &amp#27;[35m[@503 - main]&amp#27;[m &amp#27;[36mcom.shaft.tools.io.ReportManager&amp#27;[m : Successfully created attachment "SHAFT Engine Logs - Current Method log: Valid_GET_all_Policies_by_Qry_Rq_TC"
]]></system-out>
  </testcase>
  <testcase name="Valid_Get_Cancel_Policy_TC[[Ljava.lang.Object;@7e00e10b](1)" classname="SteeringCompanyAPI_TestCases.Test_Policies_Cases" time="1.061">
    <system-out><![CDATA[2023-01-12 11:58:05.012 &amp#27;[32m INFO&amp#27;[m &amp#27;[35m[@534 - main]&amp#27;[m &amp#27;[36mcom.shaft.tools.io.ReportManager&amp#27;[m : 
################################################################################################################################################
Starting Execution:	"146 out of 56" test cases in the current suite
Test Method:		"SteeringCompanyAPI_TestCases.Test_Policies_Cases.Valid_Get_Cancel_Policy_TC"
Test Description:	"TC015 - Perform Get Valid Cancel Policy"
################################################################################################################################################
2023-01-12 11:58:05.012 &amp#27;[32m INFO&amp#27;[m &amp#27;[35m[@503 - main]&amp#27;[m &amp#27;[36mcom.shaft.tools.io.ReportManager&amp#27;[m : File Action "DoesFileExist" successfully performed. With the following test data "File Path: "SteeringCompanyAPI_TestData/SteeringCompanyAPI_TestData.xlsx"".
2023-01-12 11:58:05.023 &amp#27;[32m INFO&amp#27;[m &amp#27;[35m[@503 - main]&amp#27;[m &amp#27;[36mcom.shaft.tools.io.ReportManager&amp#27;[m : Successfully created attachment "Test Data - Excel"
2023-01-12 11:58:05.585 &amp#27;[32m INFO&amp#27;[m &amp#27;[35m[@503 - main]&amp#27;[m &amp#27;[36mcom.shaft.tools.io.ReportManager&amp#27;[m : Response status code: "200", status line: "HTTP/1.1 200 OK"
2023-01-12 11:58:05.598 &amp#27;[32m INFO&amp#27;[m &amp#27;[35m[@503 - main]&amp#27;[m &amp#27;[36mcom.shaft.tools.io.ReportManager&amp#27;[m : Successfully created attachment "API Request - Specifications"
2023-01-12 11:58:05.599 &amp#27;[32m INFO&amp#27;[m &amp#27;[35m[@503 - main]&amp#27;[m &amp#27;[36mcom.shaft.tools.io.ReportManager&amp#27;[m : Successfully created attachment "API Request - Body"
2023-01-12 11:58:05.599 &amp#27;[32m INFO&amp#27;[m &amp#27;[35m[@503 - main]&amp#27;[m &amp#27;[36mcom.shaft.tools.io.ReportManager&amp#27;[m : Successfully created attachment "API Response - JSON Body"
2023-01-12 11:58:05.604 &amp#27;[32m INFO&amp#27;[m &amp#27;[35m[@503 - main]&amp#27;[m &amp#27;[36mcom.shaft.tools.io.ReportManager&amp#27;[m : File Action "DoesFileExist" successfully performed. With the following test data "File Path: "SteeringCompanyAPI_TestData/SteeringCompanyAPI_TestData.xlsx"".
2023-01-12 11:58:05.615 &amp#27;[32m INFO&amp#27;[m &amp#27;[35m[@503 - main]&amp#27;[m &amp#27;[36mcom.shaft.tools.io.ReportManager&amp#27;[m : Successfully created attachment "Test Data - Excel"
2023-01-12 11:58:06.054 &amp#27;[32m INFO&amp#27;[m &amp#27;[35m[@503 - main]&amp#27;[m &amp#27;[36mcom.shaft.tools.io.ReportManager&amp#27;[m : Response status code: "200", status line: "HTTP/1.1 200 "
2023-01-12 11:58:06.062 &amp#27;[32m INFO&amp#27;[m &amp#27;[35m[@503 - main]&amp#27;[m &amp#27;[36mcom.shaft.tools.io.ReportManager&amp#27;[m : Successfully created attachment "API Request - Specifications"
2023-01-12 11:58:06.062 &amp#27;[32m INFO&amp#27;[m &amp#27;[35m[@503 - main]&amp#27;[m &amp#27;[36mcom.shaft.tools.io.ReportManager&amp#27;[m : Successfully created attachment "API Response - JSON Body"
2023-01-12 11:58:06.063 &amp#27;[32m INFO&amp#27;[m &amp#27;[35m[@503 - main]&amp#27;[m &amp#27;[36mcom.shaft.tools.io.ReportManager&amp#27;[m : File Action "DoesFileExist" successfully performed. With the following test data "File Path: "Schemas/Cancel_Policy_schema.json"".
2023-01-12 11:58:06.063 &amp#27;[32m INFO&amp#27;[m &amp#27;[35m[@503 - main]&amp#27;[m &amp#27;[36mcom.shaft.tools.io.ReportManager&amp#27;[m : File Action "DoesFileExist" successfully performed. With the following test data "File Path: "src/test/resources/testDataFiles/Schemas/Cancel_Policy_schema.json"".
2023-01-12 11:58:06.063 &amp#27;[32m INFO&amp#27;[m &amp#27;[35m[@503 - main]&amp#27;[m &amp#27;[36mcom.shaft.tools.io.ReportManager&amp#27;[m : File Action "GetAbsolutePath" successfully performed. With the following test data "Relative Folder Path: "src/test/resources/testDataFiles/Schemas/Cancel_Policy_schema.json"".
2023-01-12 11:58:06.064 &amp#27;[32m INFO&amp#27;[m &amp#27;[35m[@503 - main]&amp#27;[m &amp#27;[36mcom.shaft.tools.io.ReportManager&amp#27;[m : File Action "DoesFileExist" successfully performed. With the following test data "File Path: "C:\eclipse-workspace\MyProjects\TASystemsAPIs\src\test\resources\testDataFiles\Schemas\Cancel_Policy_schema.json"".
2023-01-12 11:58:06.064 &amp#27;[32m INFO&amp#27;[m &amp#27;[35m[@503 - main]&amp#27;[m &amp#27;[36mcom.shaft.tools.io.ReportManager&amp#27;[m : File Action "GetAbsolutePath" successfully performed. With the following test data "Relative Folder Path: "C:\eclipse-workspace\MyProjects\TASystemsAPIs\src\test\resources\testDataFiles\Schemas\Cancel_Policy_schema.json"".
2023-01-12 11:58:06.064 &amp#27;[32m INFO&amp#27;[m &amp#27;[35m[@503 - main]&amp#27;[m &amp#27;[36mcom.shaft.tools.io.ReportManager&amp#27;[m : File Action "ReadFile" successfully performed. With the following test data "File Path: "C:\eclipse-workspace\MyProjects\TASystemsAPIs\src\test\resources\testDataFiles\Schemas\Cancel_Policy_schema.json"".
2023-01-12 11:58:06.069 &amp#27;[32m INFO&amp#27;[m &amp#27;[35m[@503 - main]&amp#27;[m &amp#27;[36mcom.shaft.tools.io.ReportManager&amp#27;[m : Successfully created attachment "Validation Test Data - Expected JSON Value"
2023-01-12 11:58:06.070 &amp#27;[32m INFO&amp#27;[m &amp#27;[35m[@503 - main]&amp#27;[m &amp#27;[36mcom.shaft.tools.io.ReportManager&amp#27;[m : Successfully created attachment "Validation Test Data - Actual JSON Value"
2023-01-12 11:58:06.071 &amp#27;[32m INFO&amp#27;[m &amp#27;[35m[@503 - main]&amp#27;[m &amp#27;[36mcom.shaft.tools.io.ReportManager&amp#27;[m : Successfully created attachment "SHAFT Engine Logs - Current Method log: Valid_Get_Cancel_Policy_TC"
]]></system-out>
  </testcase>
  <testcase name="Valid_Get_Cancel_Policy_TC[[Ljava.lang.Object;@4f3f5da7](2)" classname="SteeringCompanyAPI_TestCases.Test_Policies_Cases" time="1.096">
    <system-out><![CDATA[2023-01-12 11:58:06.073 &amp#27;[32m INFO&amp#27;[m &amp#27;[35m[@534 - main]&amp#27;[m &amp#27;[36mcom.shaft.tools.io.ReportManager&amp#27;[m : 
################################################################################################################################################
Starting Execution:	"147 out of 56" test cases in the current suite
Test Method:		"SteeringCompanyAPI_TestCases.Test_Policies_Cases.Valid_Get_Cancel_Policy_TC"
Test Description:	"TC015 - Perform Get Valid Cancel Policy"
################################################################################################################################################
2023-01-12 11:58:06.073 &amp#27;[32m INFO&amp#27;[m &amp#27;[35m[@503 - main]&amp#27;[m &amp#27;[36mcom.shaft.tools.io.ReportManager&amp#27;[m : File Action "DoesFileExist" successfully performed. With the following test data "File Path: "SteeringCompanyAPI_TestData/SteeringCompanyAPI_TestData.xlsx"".
2023-01-12 11:58:06.085 &amp#27;[32m INFO&amp#27;[m &amp#27;[35m[@503 - main]&amp#27;[m &amp#27;[36mcom.shaft.tools.io.ReportManager&amp#27;[m : Successfully created attachment "Test Data - Excel"
2023-01-12 11:58:06.670 &amp#27;[32m INFO&amp#27;[m &amp#27;[35m[@503 - main]&amp#27;[m &amp#27;[36mcom.shaft.tools.io.ReportManager&amp#27;[m : Response status code: "200", status line: "HTTP/1.1 200 OK"
2023-01-12 11:58:06.684 &amp#27;[32m INFO&amp#27;[m &amp#27;[35m[@503 - main]&amp#27;[m &amp#27;[36mcom.shaft.tools.io.ReportManager&amp#27;[m : Successfully created attachment "API Request - Specifications"
2023-01-12 11:58:06.685 &amp#27;[32m INFO&amp#27;[m &amp#27;[35m[@503 - main]&amp#27;[m &amp#27;[36mcom.shaft.tools.io.ReportManager&amp#27;[m : Successfully created attachment "API Request - Body"
2023-01-12 11:58:06.685 &amp#27;[32m INFO&amp#27;[m &amp#27;[35m[@503 - main]&amp#27;[m &amp#27;[36mcom.shaft.tools.io.ReportManager&amp#27;[m : Successfully created attachment "API Response - JSON Body"
2023-01-12 11:58:06.691 &amp#27;[32m INFO&amp#27;[m &amp#27;[35m[@503 - main]&amp#27;[m &amp#27;[36mcom.shaft.tools.io.ReportManager&amp#27;[m : File Action "DoesFileExist" successfully performed. With the following test data "File Path: "SteeringCompanyAPI_TestData/SteeringCompanyAPI_TestData.xlsx"".
2023-01-12 11:58:06.700 &amp#27;[32m INFO&amp#27;[m &amp#27;[35m[@503 - main]&amp#27;[m &amp#27;[36mcom.shaft.tools.io.ReportManager&amp#27;[m : Successfully created attachment "Test Data - Excel"
2023-01-12 11:58:07.149 &amp#27;[32m INFO&amp#27;[m &amp#27;[35m[@503 - main]&amp#27;[m &amp#27;[36mcom.shaft.tools.io.ReportManager&amp#27;[m : Response status code: "200", status line: "HTTP/1.1 200 "
2023-01-12 11:58:07.161 &amp#27;[32m INFO&amp#27;[m &amp#27;[35m[@503 - main]&amp#27;[m &amp#27;[36mcom.shaft.tools.io.ReportManager&amp#27;[m : Successfully created attachment "API Request - Specifications"
2023-01-12 11:58:07.162 &amp#27;[32m INFO&amp#27;[m &amp#27;[35m[@503 - main]&amp#27;[m &amp#27;[36mcom.shaft.tools.io.ReportManager&amp#27;[m : Successfully created attachment "API Response - JSON Body"
2023-01-12 11:58:07.162 &amp#27;[32m INFO&amp#27;[m &amp#27;[35m[@503 - main]&amp#27;[m &amp#27;[36mcom.shaft.tools.io.ReportManager&amp#27;[m : File Action "DoesFileExist" successfully performed. With the following test data "File Path: "Schemas/Cancel_Policy_schema.json"".
2023-01-12 11:58:07.162 &amp#27;[32m INFO&amp#27;[m &amp#27;[35m[@503 - main]&amp#27;[m &amp#27;[36mcom.shaft.tools.io.ReportManager&amp#27;[m : File Action "DoesFileExist" successfully performed. With the following test data "File Path: "src/test/resources/testDataFiles/Schemas/Cancel_Policy_schema.json"".
2023-01-12 11:58:07.162 &amp#27;[32m INFO&amp#27;[m &amp#27;[35m[@503 - main]&amp#27;[m &amp#27;[36mcom.shaft.tools.io.ReportManager&amp#27;[m : File Action "GetAbsolutePath" successfully performed. With the following test data "Relative Folder Path: "src/test/resources/testDataFiles/Schemas/Cancel_Policy_schema.json"".
2023-01-12 11:58:07.164 &amp#27;[32m INFO&amp#27;[m &amp#27;[35m[@503 - main]&amp#27;[m &amp#27;[36mcom.shaft.tools.io.ReportManager&amp#27;[m : File Action "DoesFileExist" successfully performed. With the following test data "File Path: "C:\eclipse-workspace\MyProjects\TASystemsAPIs\src\test\resources\testDataFiles\Schemas\Cancel_Policy_schema.json"".
2023-01-12 11:58:07.164 &amp#27;[32m INFO&amp#27;[m &amp#27;[35m[@503 - main]&amp#27;[m &amp#27;[36mcom.shaft.tools.io.ReportManager&amp#27;[m : File Action "GetAbsolutePath" successfully performed. With the following test data "Relative Folder Path: "C:\eclipse-workspace\MyProjects\TASystemsAPIs\src\test\resources\testDataFiles\Schemas\Cancel_Policy_schema.json"".
2023-01-12 11:58:07.164 &amp#27;[32m INFO&amp#27;[m &amp#27;[35m[@503 - main]&amp#27;[m &amp#27;[36mcom.shaft.tools.io.ReportManager&amp#27;[m : File Action "ReadFile" successfully performed. With the following test data "File Path: "C:\eclipse-workspace\MyProjects\TASystemsAPIs\src\test\resources\testDataFiles\Schemas\Cancel_Policy_schema.json"".
2023-01-12 11:58:07.165 &amp#27;[32m INFO&amp#27;[m &amp#27;[35m[@503 - main]&amp#27;[m &amp#27;[36mcom.shaft.tools.io.ReportManager&amp#27;[m : Successfully created attachment "Validation Test Data - Expected JSON Value"
2023-01-12 11:58:07.166 &amp#27;[32m INFO&amp#27;[m &amp#27;[35m[@503 - main]&amp#27;[m &amp#27;[36mcom.shaft.tools.io.ReportManager&amp#27;[m : Successfully created attachment "Validation Test Data - Actual JSON Value"
2023-01-12 11:58:07.167 &amp#27;[32m INFO&amp#27;[m &amp#27;[35m[@503 - main]&amp#27;[m &amp#27;[36mcom.shaft.tools.io.ReportManager&amp#27;[m : Successfully created attachment "SHAFT Engine Logs - Current Method log: Valid_Get_Cancel_Policy_TC"
]]></system-out>
  </testcase>
  <testcase name="Valid_Get_General_Policy_TC[[Ljava.lang.Object;@75c6bb04](1)" classname="SteeringCompanyAPI_TestCases.Test_Policies_Cases" time="1.094">
    <system-out><![CDATA[2023-01-12 11:58:07.170 &amp#27;[32m INFO&amp#27;[m &amp#27;[35m[@534 - main]&amp#27;[m &amp#27;[36mcom.shaft.tools.io.ReportManager&amp#27;[m : 
################################################################################################################################################
Starting Execution:	"148 out of 56" test cases in the current suite
Test Method:		"SteeringCompanyAPI_TestCases.Test_Policies_Cases.Valid_Get_General_Policy_TC"
Test Description:	"TC019 - Perform Get Valid General Policy"
################################################################################################################################################
2023-01-12 11:58:07.170 &amp#27;[32m INFO&amp#27;[m &amp#27;[35m[@503 - main]&amp#27;[m &amp#27;[36mcom.shaft.tools.io.ReportManager&amp#27;[m : File Action "DoesFileExist" successfully performed. With the following test data "File Path: "SteeringCompanyAPI_TestData/SteeringCompanyAPI_TestData.xlsx"".
2023-01-12 11:58:07.179 &amp#27;[32m INFO&amp#27;[m &amp#27;[35m[@503 - main]&amp#27;[m &amp#27;[36mcom.shaft.tools.io.ReportManager&amp#27;[m : Successfully created attachment "Test Data - Excel"
2023-01-12 11:58:07.749 &amp#27;[32m INFO&amp#27;[m &amp#27;[35m[@503 - main]&amp#27;[m &amp#27;[36mcom.shaft.tools.io.ReportManager&amp#27;[m : Response status code: "200", status line: "HTTP/1.1 200 OK"
2023-01-12 11:58:07.763 &amp#27;[32m INFO&amp#27;[m &amp#27;[35m[@503 - main]&amp#27;[m &amp#27;[36mcom.shaft.tools.io.ReportManager&amp#27;[m : Successfully created attachment "API Request - Specifications"
2023-01-12 11:58:07.764 &amp#27;[32m INFO&amp#27;[m &amp#27;[35m[@503 - main]&amp#27;[m &amp#27;[36mcom.shaft.tools.io.ReportManager&amp#27;[m : Successfully created attachment "API Request - Body"
2023-01-12 11:58:07.764 &amp#27;[32m INFO&amp#27;[m &amp#27;[35m[@503 - main]&amp#27;[m &amp#27;[36mcom.shaft.tools.io.ReportManager&amp#27;[m : Successfully created attachment "API Response - JSON Body"
2023-01-12 11:58:07.770 &amp#27;[32m INFO&amp#27;[m &amp#27;[35m[@503 - main]&amp#27;[m &amp#27;[36mcom.shaft.tools.io.ReportManager&amp#27;[m : File Action "DoesFileExist" successfully performed. With the following test data "File Path: "SteeringCompanyAPI_TestData/SteeringCompanyAPI_TestData.xlsx"".
2023-01-12 11:58:07.780 &amp#27;[32m INFO&amp#27;[m &amp#27;[35m[@503 - main]&amp#27;[m &amp#27;[36mcom.shaft.tools.io.ReportManager&amp#27;[m : Successfully created attachment "Test Data - Excel"
2023-01-12 11:58:08.248 &amp#27;[32m INFO&amp#27;[m &amp#27;[35m[@503 - main]&amp#27;[m &amp#27;[36mcom.shaft.tools.io.ReportManager&amp#27;[m : Response status code: "200", status line: "HTTP/1.1 200 "
2023-01-12 11:58:08.257 &amp#27;[32m INFO&amp#27;[m &amp#27;[35m[@503 - main]&amp#27;[m &amp#27;[36mcom.shaft.tools.io.ReportManager&amp#27;[m : Successfully created attachment "API Request - Specifications"
2023-01-12 11:58:08.257 &amp#27;[32m INFO&amp#27;[m &amp#27;[35m[@503 - main]&amp#27;[m &amp#27;[36mcom.shaft.tools.io.ReportManager&amp#27;[m : Successfully created attachment "API Response - JSON Body"
2023-01-12 11:58:08.258 &amp#27;[32m INFO&amp#27;[m &amp#27;[35m[@503 - main]&amp#27;[m &amp#27;[36mcom.shaft.tools.io.ReportManager&amp#27;[m : File Action "DoesFileExist" successfully performed. With the following test data "File Path: "Schemas/General_Policy_schema.json"".
2023-01-12 11:58:08.258 &amp#27;[32m INFO&amp#27;[m &amp#27;[35m[@503 - main]&amp#27;[m &amp#27;[36mcom.shaft.tools.io.ReportManager&amp#27;[m : File Action "DoesFileExist" successfully performed. With the following test data "File Path: "src/test/resources/testDataFiles/Schemas/General_Policy_schema.json"".
2023-01-12 11:58:08.258 &amp#27;[32m INFO&amp#27;[m &amp#27;[35m[@503 - main]&amp#27;[m &amp#27;[36mcom.shaft.tools.io.ReportManager&amp#27;[m : File Action "GetAbsolutePath" successfully performed. With the following test data "Relative Folder Path: "src/test/resources/testDataFiles/Schemas/General_Policy_schema.json"".
2023-01-12 11:58:08.259 &amp#27;[32m INFO&amp#27;[m &amp#27;[35m[@503 - main]&amp#27;[m &amp#27;[36mcom.shaft.tools.io.ReportManager&amp#27;[m : File Action "DoesFileExist" successfully performed. With the following test data "File Path: "C:\eclipse-workspace\MyProjects\TASystemsAPIs\src\test\resources\testDataFiles\Schemas\General_Policy_schema.json"".
2023-01-12 11:58:08.260 &amp#27;[32m INFO&amp#27;[m &amp#27;[35m[@503 - main]&amp#27;[m &amp#27;[36mcom.shaft.tools.io.ReportManager&amp#27;[m : File Action "GetAbsolutePath" successfully performed. With the following test data "Relative Folder Path: "C:\eclipse-workspace\MyProjects\TASystemsAPIs\src\test\resources\testDataFiles\Schemas\General_Policy_schema.json"".
2023-01-12 11:58:08.260 &amp#27;[32m INFO&amp#27;[m &amp#27;[35m[@503 - main]&amp#27;[m &amp#27;[36mcom.shaft.tools.io.ReportManager&amp#27;[m : File Action "ReadFile" successfully performed. With the following test data "File Path: "C:\eclipse-workspace\MyProjects\TASystemsAPIs\src\test\resources\testDataFiles\Schemas\General_Policy_schema.json"".
2023-01-12 11:58:08.261 &amp#27;[32m INFO&amp#27;[m &amp#27;[35m[@503 - main]&amp#27;[m &amp#27;[36mcom.shaft.tools.io.ReportManager&amp#27;[m : Successfully created attachment "Validation Test Data - Expected JSON Value"
2023-01-12 11:58:08.261 &amp#27;[32m INFO&amp#27;[m &amp#27;[35m[@503 - main]&amp#27;[m &amp#27;[36mcom.shaft.tools.io.ReportManager&amp#27;[m : Successfully created attachment "Validation Test Data - Actual JSON Value"
2023-01-12 11:58:08.262 &amp#27;[32m INFO&amp#27;[m &amp#27;[35m[@503 - main]&amp#27;[m &amp#27;[36mcom.shaft.tools.io.ReportManager&amp#27;[m : Successfully created attachment "SHAFT Engine Logs - Current Method log: Valid_Get_General_Policy_TC"
]]></system-out>
  </testcase>
  <testcase name="Valid_Get_General_Policy_TC[[Ljava.lang.Object;@397e533e](2)" classname="SteeringCompanyAPI_TestCases.Test_Policies_Cases" time="1.08">
    <system-out><![CDATA[2023-01-12 11:58:08.263 &amp#27;[32m INFO&amp#27;[m &amp#27;[35m[@534 - main]&amp#27;[m &amp#27;[36mcom.shaft.tools.io.ReportManager&amp#27;[m : 
################################################################################################################################################
Starting Execution:	"149 out of 56" test cases in the current suite
Test Method:		"SteeringCompanyAPI_TestCases.Test_Policies_Cases.Valid_Get_General_Policy_TC"
Test Description:	"TC019 - Perform Get Valid General Policy"
################################################################################################################################################
2023-01-12 11:58:08.263 &amp#27;[32m INFO&amp#27;[m &amp#27;[35m[@503 - main]&amp#27;[m &amp#27;[36mcom.shaft.tools.io.ReportManager&amp#27;[m : File Action "DoesFileExist" successfully performed. With the following test data "File Path: "SteeringCompanyAPI_TestData/SteeringCompanyAPI_TestData.xlsx"".
2023-01-12 11:58:08.272 &amp#27;[32m INFO&amp#27;[m &amp#27;[35m[@503 - main]&amp#27;[m &amp#27;[36mcom.shaft.tools.io.ReportManager&amp#27;[m : Successfully created attachment "Test Data - Excel"
2023-01-12 11:58:08.851 &amp#27;[32m INFO&amp#27;[m &amp#27;[35m[@503 - main]&amp#27;[m &amp#27;[36mcom.shaft.tools.io.ReportManager&amp#27;[m : Response status code: "200", status line: "HTTP/1.1 200 OK"
2023-01-12 11:58:08.864 &amp#27;[32m INFO&amp#27;[m &amp#27;[35m[@503 - main]&amp#27;[m &amp#27;[36mcom.shaft.tools.io.ReportManager&amp#27;[m : Successfully created attachment "API Request - Specifications"
2023-01-12 11:58:08.864 &amp#27;[32m INFO&amp#27;[m &amp#27;[35m[@503 - main]&amp#27;[m &amp#27;[36mcom.shaft.tools.io.ReportManager&amp#27;[m : Successfully created attachment "API Request - Body"
2023-01-12 11:58:08.865 &amp#27;[32m INFO&amp#27;[m &amp#27;[35m[@503 - main]&amp#27;[m &amp#27;[36mcom.shaft.tools.io.ReportManager&amp#27;[m : Successfully created attachment "API Response - JSON Body"
2023-01-12 11:58:08.873 &amp#27;[32m INFO&amp#27;[m &amp#27;[35m[@503 - main]&amp#27;[m &amp#27;[36mcom.shaft.tools.io.ReportManager&amp#27;[m : File Action "DoesFileExist" successfully performed. With the following test data "File Path: "SteeringCompanyAPI_TestData/SteeringCompanyAPI_TestData.xlsx"".
2023-01-12 11:58:08.881 &amp#27;[32m INFO&amp#27;[m &amp#27;[35m[@503 - main]&amp#27;[m &amp#27;[36mcom.shaft.tools.io.ReportManager&amp#27;[m : Successfully created attachment "Test Data - Excel"
2023-01-12 11:58:09.327 &amp#27;[32m INFO&amp#27;[m &amp#27;[35m[@503 - main]&amp#27;[m &amp#27;[36mcom.shaft.tools.io.ReportManager&amp#27;[m : Response status code: "200", status line: "HTTP/1.1 200 "
2023-01-12 11:58:09.337 &amp#27;[32m INFO&amp#27;[m &amp#27;[35m[@503 - main]&amp#27;[m &amp#27;[36mcom.shaft.tools.io.ReportManager&amp#27;[m : Successfully created attachment "API Request - Specifications"
2023-01-12 11:58:09.338 &amp#27;[32m INFO&amp#27;[m &amp#27;[35m[@503 - main]&amp#27;[m &amp#27;[36mcom.shaft.tools.io.ReportManager&amp#27;[m : Successfully created attachment "API Response - JSON Body"
2023-01-12 11:58:09.338 &amp#27;[32m INFO&amp#27;[m &amp#27;[35m[@503 - main]&amp#27;[m &amp#27;[36mcom.shaft.tools.io.ReportManager&amp#27;[m : File Action "DoesFileExist" successfully performed. With the following test data "File Path: "Schemas/General_Policy_schema.json"".
2023-01-12 11:58:09.338 &amp#27;[32m INFO&amp#27;[m &amp#27;[35m[@503 - main]&amp#27;[m &amp#27;[36mcom.shaft.tools.io.ReportManager&amp#27;[m : File Action "DoesFileExist" successfully performed. With the following test data "File Path: "src/test/resources/testDataFiles/Schemas/General_Policy_schema.json"".
2023-01-12 11:58:09.339 &amp#27;[32m INFO&amp#27;[m &amp#27;[35m[@503 - main]&amp#27;[m &amp#27;[36mcom.shaft.tools.io.ReportManager&amp#27;[m : File Action "GetAbsolutePath" successfully performed. With the following test data "Relative Folder Path: "src/test/resources/testDataFiles/Schemas/General_Policy_schema.json"".
2023-01-12 11:58:09.340 &amp#27;[32m INFO&amp#27;[m &amp#27;[35m[@503 - main]&amp#27;[m &amp#27;[36mcom.shaft.tools.io.ReportManager&amp#27;[m : File Action "DoesFileExist" successfully performed. With the following test data "File Path: "C:\eclipse-workspace\MyProjects\TASystemsAPIs\src\test\resources\testDataFiles\Schemas\General_Policy_schema.json"".
2023-01-12 11:58:09.340 &amp#27;[32m INFO&amp#27;[m &amp#27;[35m[@503 - main]&amp#27;[m &amp#27;[36mcom.shaft.tools.io.ReportManager&amp#27;[m : File Action "GetAbsolutePath" successfully performed. With the following test data "Relative Folder Path: "C:\eclipse-workspace\MyProjects\TASystemsAPIs\src\test\resources\testDataFiles\Schemas\General_Policy_schema.json"".
2023-01-12 11:58:09.340 &amp#27;[32m INFO&amp#27;[m &amp#27;[35m[@503 - main]&amp#27;[m &amp#27;[36mcom.shaft.tools.io.ReportManager&amp#27;[m : File Action "ReadFile" successfully performed. With the following test data "File Path: "C:\eclipse-workspace\MyProjects\TASystemsAPIs\src\test\resources\testDataFiles\Schemas\General_Policy_schema.json"".
2023-01-12 11:58:09.341 &amp#27;[32m INFO&amp#27;[m &amp#27;[35m[@503 - main]&amp#27;[m &amp#27;[36mcom.shaft.tools.io.ReportManager&amp#27;[m : Successfully created attachment "Validation Test Data - Expected JSON Value"
2023-01-12 11:58:09.341 &amp#27;[32m INFO&amp#27;[m &amp#27;[35m[@503 - main]&amp#27;[m &amp#27;[36mcom.shaft.tools.io.ReportManager&amp#27;[m : Successfully created attachment "Validation Test Data - Actual JSON Value"
2023-01-12 11:58:09.342 &amp#27;[32m INFO&amp#27;[m &amp#27;[35m[@503 - main]&amp#27;[m &amp#27;[36mcom.shaft.tools.io.ReportManager&amp#27;[m : Successfully created attachment "SHAFT Engine Logs - Current Method log: Valid_Get_General_Policy_TC"
]]></system-out>
  </testcase>
  <testcase name="Valid_Get_Payment_Policy_TC[[Ljava.lang.Object;@569639ef](1)" classname="SteeringCompanyAPI_TestCases.Test_Policies_Cases" time="1.073">
    <system-out><![CDATA[2023-01-12 11:58:09.345 &amp#27;[32m INFO&amp#27;[m &amp#27;[35m[@534 - main]&amp#27;[m &amp#27;[36mcom.shaft.tools.io.ReportManager&amp#27;[m : 
################################################################################################################################################
Starting Execution:	"150 out of 56" test cases in the current suite
Test Method:		"SteeringCompanyAPI_TestCases.Test_Policies_Cases.Valid_Get_Payment_Policy_TC"
Test Description:	"TC018 - Perform Get Valid Payment Policy"
################################################################################################################################################
2023-01-12 11:58:09.345 &amp#27;[32m INFO&amp#27;[m &amp#27;[35m[@503 - main]&amp#27;[m &amp#27;[36mcom.shaft.tools.io.ReportManager&amp#27;[m : File Action "DoesFileExist" successfully performed. With the following test data "File Path: "SteeringCompanyAPI_TestData/SteeringCompanyAPI_TestData.xlsx"".
2023-01-12 11:58:09.353 &amp#27;[32m INFO&amp#27;[m &amp#27;[35m[@503 - main]&amp#27;[m &amp#27;[36mcom.shaft.tools.io.ReportManager&amp#27;[m : Successfully created attachment "Test Data - Excel"
2023-01-12 11:58:09.916 &amp#27;[32m INFO&amp#27;[m &amp#27;[35m[@503 - main]&amp#27;[m &amp#27;[36mcom.shaft.tools.io.ReportManager&amp#27;[m : Response status code: "200", status line: "HTTP/1.1 200 OK"
2023-01-12 11:58:09.925 &amp#27;[32m INFO&amp#27;[m &amp#27;[35m[@503 - main]&amp#27;[m &amp#27;[36mcom.shaft.tools.io.ReportManager&amp#27;[m : Successfully created attachment "API Request - Specifications"
2023-01-12 11:58:09.926 &amp#27;[32m INFO&amp#27;[m &amp#27;[35m[@503 - main]&amp#27;[m &amp#27;[36mcom.shaft.tools.io.ReportManager&amp#27;[m : Successfully created attachment "API Request - Body"
2023-01-12 11:58:09.926 &amp#27;[32m INFO&amp#27;[m &amp#27;[35m[@503 - main]&amp#27;[m &amp#27;[36mcom.shaft.tools.io.ReportManager&amp#27;[m : Successfully created attachment "API Response - JSON Body"
2023-01-12 11:58:09.932 &amp#27;[32m INFO&amp#27;[m &amp#27;[35m[@503 - main]&amp#27;[m &amp#27;[36mcom.shaft.tools.io.ReportManager&amp#27;[m : File Action "DoesFileExist" successfully performed. With the following test data "File Path: "SteeringCompanyAPI_TestData/SteeringCompanyAPI_TestData.xlsx"".
2023-01-12 11:58:09.941 &amp#27;[32m INFO&amp#27;[m &amp#27;[35m[@503 - main]&amp#27;[m &amp#27;[36mcom.shaft.tools.io.ReportManager&amp#27;[m : Successfully created attachment "Test Data - Excel"
2023-01-12 11:58:10.398 &amp#27;[32m INFO&amp#27;[m &amp#27;[35m[@503 - main]&amp#27;[m &amp#27;[36mcom.shaft.tools.io.ReportManager&amp#27;[m : Response status code: "200", status line: "HTTP/1.1 200 "
2023-01-12 11:58:10.411 &amp#27;[32m INFO&amp#27;[m &amp#27;[35m[@503 - main]&amp#27;[m &amp#27;[36mcom.shaft.tools.io.ReportManager&amp#27;[m : Successfully created attachment "API Request - Specifications"
2023-01-12 11:58:10.411 &amp#27;[32m INFO&amp#27;[m &amp#27;[35m[@503 - main]&amp#27;[m &amp#27;[36mcom.shaft.tools.io.ReportManager&amp#27;[m : Successfully created attachment "API Response - JSON Body"
2023-01-12 11:58:10.412 &amp#27;[32m INFO&amp#27;[m &amp#27;[35m[@503 - main]&amp#27;[m &amp#27;[36mcom.shaft.tools.io.ReportManager&amp#27;[m : File Action "DoesFileExist" successfully performed. With the following test data "File Path: "Schemas/Payment_Policy_schema.json"".
2023-01-12 11:58:10.412 &amp#27;[32m INFO&amp#27;[m &amp#27;[35m[@503 - main]&amp#27;[m &amp#27;[36mcom.shaft.tools.io.ReportManager&amp#27;[m : File Action "DoesFileExist" successfully performed. With the following test data "File Path: "src/test/resources/testDataFiles/Schemas/Payment_Policy_schema.json"".
2023-01-12 11:58:10.412 &amp#27;[32m INFO&amp#27;[m &amp#27;[35m[@503 - main]&amp#27;[m &amp#27;[36mcom.shaft.tools.io.ReportManager&amp#27;[m : File Action "GetAbsolutePath" successfully performed. With the following test data "Relative Folder Path: "src/test/resources/testDataFiles/Schemas/Payment_Policy_schema.json"".
2023-01-12 11:58:10.414 &amp#27;[32m INFO&amp#27;[m &amp#27;[35m[@503 - main]&amp#27;[m &amp#27;[36mcom.shaft.tools.io.ReportManager&amp#27;[m : File Action "DoesFileExist" successfully performed. With the following test data "File Path: "C:\eclipse-workspace\MyProjects\TASystemsAPIs\src\test\resources\testDataFiles\Schemas\Payment_Policy_schema.json"".
2023-01-12 11:58:10.414 &amp#27;[32m INFO&amp#27;[m &amp#27;[35m[@503 - main]&amp#27;[m &amp#27;[36mcom.shaft.tools.io.ReportManager&amp#27;[m : File Action "GetAbsolutePath" successfully performed. With the following test data "Relative Folder Path: "C:\eclipse-workspace\MyProjects\TASystemsAPIs\src\test\resources\testDataFiles\Schemas\Payment_Policy_schema.json"".
2023-01-12 11:58:10.414 &amp#27;[32m INFO&amp#27;[m &amp#27;[35m[@503 - main]&amp#27;[m &amp#27;[36mcom.shaft.tools.io.ReportManager&amp#27;[m : File Action "ReadFile" successfully performed. With the following test data "File Path: "C:\eclipse-workspace\MyProjects\TASystemsAPIs\src\test\resources\testDataFiles\Schemas\Payment_Policy_schema.json"".
2023-01-12 11:58:10.415 &amp#27;[32m INFO&amp#27;[m &amp#27;[35m[@503 - main]&amp#27;[m &amp#27;[36mcom.shaft.tools.io.ReportManager&amp#27;[m : Successfully created attachment "Validation Test Data - Expected JSON Value"
2023-01-12 11:58:10.415 &amp#27;[32m INFO&amp#27;[m &amp#27;[35m[@503 - main]&amp#27;[m &amp#27;[36mcom.shaft.tools.io.ReportManager&amp#27;[m : Successfully created attachment "Validation Test Data - Actual JSON Value"
2023-01-12 11:58:10.416 &amp#27;[32m INFO&amp#27;[m &amp#27;[35m[@503 - main]&amp#27;[m &amp#27;[36mcom.shaft.tools.io.ReportManager&amp#27;[m : Successfully created attachment "SHAFT Engine Logs - Current Method log: Valid_Get_Payment_Policy_TC"
]]></system-out>
  </testcase>
  <testcase name="Valid_Get_Payment_Policy_TC[[Ljava.lang.Object;@7015e045](2)" classname="SteeringCompanyAPI_TestCases.Test_Policies_Cases" time="1.083">
    <system-out><![CDATA[2023-01-12 11:58:10.418 &amp#27;[32m INFO&amp#27;[m &amp#27;[35m[@534 - main]&amp#27;[m &amp#27;[36mcom.shaft.tools.io.ReportManager&amp#27;[m : 
################################################################################################################################################
Starting Execution:	"151 out of 56" test cases in the current suite
Test Method:		"SteeringCompanyAPI_TestCases.Test_Policies_Cases.Valid_Get_Payment_Policy_TC"
Test Description:	"TC018 - Perform Get Valid Payment Policy"
################################################################################################################################################
2023-01-12 11:58:10.418 &amp#27;[32m INFO&amp#27;[m &amp#27;[35m[@503 - main]&amp#27;[m &amp#27;[36mcom.shaft.tools.io.ReportManager&amp#27;[m : File Action "DoesFileExist" successfully performed. With the following test data "File Path: "SteeringCompanyAPI_TestData/SteeringCompanyAPI_TestData.xlsx"".
2023-01-12 11:58:10.432 &amp#27;[32m INFO&amp#27;[m &amp#27;[35m[@503 - main]&amp#27;[m &amp#27;[36mcom.shaft.tools.io.ReportManager&amp#27;[m : Successfully created attachment "Test Data - Excel"
2023-01-12 11:58:11.004 &amp#27;[32m INFO&amp#27;[m &amp#27;[35m[@503 - main]&amp#27;[m &amp#27;[36mcom.shaft.tools.io.ReportManager&amp#27;[m : Response status code: "200", status line: "HTTP/1.1 200 OK"
2023-01-12 11:58:11.013 &amp#27;[32m INFO&amp#27;[m &amp#27;[35m[@503 - main]&amp#27;[m &amp#27;[36mcom.shaft.tools.io.ReportManager&amp#27;[m : Successfully created attachment "API Request - Specifications"
2023-01-12 11:58:11.013 &amp#27;[32m INFO&amp#27;[m &amp#27;[35m[@503 - main]&amp#27;[m &amp#27;[36mcom.shaft.tools.io.ReportManager&amp#27;[m : Successfully created attachment "API Request - Body"
2023-01-12 11:58:11.014 &amp#27;[32m INFO&amp#27;[m &amp#27;[35m[@503 - main]&amp#27;[m &amp#27;[36mcom.shaft.tools.io.ReportManager&amp#27;[m : Successfully created attachment "API Response - JSON Body"
2023-01-12 11:58:11.021 &amp#27;[32m INFO&amp#27;[m &amp#27;[35m[@503 - main]&amp#27;[m &amp#27;[36mcom.shaft.tools.io.ReportManager&amp#27;[m : File Action "DoesFileExist" successfully performed. With the following test data "File Path: "SteeringCompanyAPI_TestData/SteeringCompanyAPI_TestData.xlsx"".
2023-01-12 11:58:11.031 &amp#27;[32m INFO&amp#27;[m &amp#27;[35m[@503 - main]&amp#27;[m &amp#27;[36mcom.shaft.tools.io.ReportManager&amp#27;[m : Successfully created attachment "Test Data - Excel"
2023-01-12 11:58:11.482 &amp#27;[32m INFO&amp#27;[m &amp#27;[35m[@503 - main]&amp#27;[m &amp#27;[36mcom.shaft.tools.io.ReportManager&amp#27;[m : Response status code: "200", status line: "HTTP/1.1 200 "
2023-01-12 11:58:11.494 &amp#27;[32m INFO&amp#27;[m &amp#27;[35m[@503 - main]&amp#27;[m &amp#27;[36mcom.shaft.tools.io.ReportManager&amp#27;[m : Successfully created attachment "API Request - Specifications"
2023-01-12 11:58:11.495 &amp#27;[32m INFO&amp#27;[m &amp#27;[35m[@503 - main]&amp#27;[m &amp#27;[36mcom.shaft.tools.io.ReportManager&amp#27;[m : Successfully created attachment "API Response - JSON Body"
2023-01-12 11:58:11.495 &amp#27;[32m INFO&amp#27;[m &amp#27;[35m[@503 - main]&amp#27;[m &amp#27;[36mcom.shaft.tools.io.ReportManager&amp#27;[m : File Action "DoesFileExist" successfully performed. With the following test data "File Path: "Schemas/Payment_Policy_schema.json"".
2023-01-12 11:58:11.496 &amp#27;[32m INFO&amp#27;[m &amp#27;[35m[@503 - main]&amp#27;[m &amp#27;[36mcom.shaft.tools.io.ReportManager&amp#27;[m : File Action "DoesFileExist" successfully performed. With the following test data "File Path: "src/test/resources/testDataFiles/Schemas/Payment_Policy_schema.json"".
2023-01-12 11:58:11.496 &amp#27;[32m INFO&amp#27;[m &amp#27;[35m[@503 - main]&amp#27;[m &amp#27;[36mcom.shaft.tools.io.ReportManager&amp#27;[m : File Action "GetAbsolutePath" successfully performed. With the following test data "Relative Folder Path: "src/test/resources/testDataFiles/Schemas/Payment_Policy_schema.json"".
2023-01-12 11:58:11.497 &amp#27;[32m INFO&amp#27;[m &amp#27;[35m[@503 - main]&amp#27;[m &amp#27;[36mcom.shaft.tools.io.ReportManager&amp#27;[m : File Action "DoesFileExist" successfully performed. With the following test data "File Path: "C:\eclipse-workspace\MyProjects\TASystemsAPIs\src\test\resources\testDataFiles\Schemas\Payment_Policy_schema.json"".
2023-01-12 11:58:11.497 &amp#27;[32m INFO&amp#27;[m &amp#27;[35m[@503 - main]&amp#27;[m &amp#27;[36mcom.shaft.tools.io.ReportManager&amp#27;[m : File Action "GetAbsolutePath" successfully performed. With the following test data "Relative Folder Path: "C:\eclipse-workspace\MyProjects\TASystemsAPIs\src\test\resources\testDataFiles\Schemas\Payment_Policy_schema.json"".
2023-01-12 11:58:11.497 &amp#27;[32m INFO&amp#27;[m &amp#27;[35m[@503 - main]&amp#27;[m &amp#27;[36mcom.shaft.tools.io.ReportManager&amp#27;[m : File Action "ReadFile" successfully performed. With the following test data "File Path: "C:\eclipse-workspace\MyProjects\TASystemsAPIs\src\test\resources\testDataFiles\Schemas\Payment_Policy_schema.json"".
2023-01-12 11:58:11.498 &amp#27;[32m INFO&amp#27;[m &amp#27;[35m[@503 - main]&amp#27;[m &amp#27;[36mcom.shaft.tools.io.ReportManager&amp#27;[m : Successfully created attachment "Validation Test Data - Expected JSON Value"
2023-01-12 11:58:11.499 &amp#27;[32m INFO&amp#27;[m &amp#27;[35m[@503 - main]&amp#27;[m &amp#27;[36mcom.shaft.tools.io.ReportManager&amp#27;[m : Successfully created attachment "Validation Test Data - Actual JSON Value"
2023-01-12 11:58:11.499 &amp#27;[32m INFO&amp#27;[m &amp#27;[35m[@503 - main]&amp#27;[m &amp#27;[36mcom.shaft.tools.io.ReportManager&amp#27;[m : Successfully created attachment "SHAFT Engine Logs - Current Method log: Valid_Get_Payment_Policy_TC"
]]></system-out>
  </testcase>
  <testcase name="Valid_Get_Tax_Policy_TC[[Ljava.lang.Object;@680c14ec](1)" classname="SteeringCompanyAPI_TestCases.Test_Policies_Cases" time="1.106">
    <system-out><![CDATA[2023-01-12 11:58:11.503 &amp#27;[32m INFO&amp#27;[m &amp#27;[35m[@534 - main]&amp#27;[m &amp#27;[36mcom.shaft.tools.io.ReportManager&amp#27;[m : 
################################################################################################################################################
Starting Execution:	"152 out of 56" test cases in the current suite
Test Method:		"SteeringCompanyAPI_TestCases.Test_Policies_Cases.Valid_Get_Tax_Policy_TC"
Test Description:	"TC016 - Perform Get Valid Tax Policy"
################################################################################################################################################
2023-01-12 11:58:11.503 &amp#27;[32m INFO&amp#27;[m &amp#27;[35m[@503 - main]&amp#27;[m &amp#27;[36mcom.shaft.tools.io.ReportManager&amp#27;[m : File Action "DoesFileExist" successfully performed. With the following test data "File Path: "SteeringCompanyAPI_TestData/SteeringCompanyAPI_TestData.xlsx"".
2023-01-12 11:58:11.511 &amp#27;[32m INFO&amp#27;[m &amp#27;[35m[@503 - main]&amp#27;[m &amp#27;[36mcom.shaft.tools.io.ReportManager&amp#27;[m : Successfully created attachment "Test Data - Excel"
2023-01-12 11:58:12.121 &amp#27;[32m INFO&amp#27;[m &amp#27;[35m[@503 - main]&amp#27;[m &amp#27;[36mcom.shaft.tools.io.ReportManager&amp#27;[m : Response status code: "200", status line: "HTTP/1.1 200 OK"
2023-01-12 11:58:12.132 &amp#27;[32m INFO&amp#27;[m &amp#27;[35m[@503 - main]&amp#27;[m &amp#27;[36mcom.shaft.tools.io.ReportManager&amp#27;[m : Successfully created attachment "API Request - Specifications"
2023-01-12 11:58:12.132 &amp#27;[32m INFO&amp#27;[m &amp#27;[35m[@503 - main]&amp#27;[m &amp#27;[36mcom.shaft.tools.io.ReportManager&amp#27;[m : Successfully created attachment "API Request - Body"
2023-01-12 11:58:12.133 &amp#27;[32m INFO&amp#27;[m &amp#27;[35m[@503 - main]&amp#27;[m &amp#27;[36mcom.shaft.tools.io.ReportManager&amp#27;[m : Successfully created attachment "API Response - JSON Body"
2023-01-12 11:58:12.139 &amp#27;[32m INFO&amp#27;[m &amp#27;[35m[@503 - main]&amp#27;[m &amp#27;[36mcom.shaft.tools.io.ReportManager&amp#27;[m : File Action "DoesFileExist" successfully performed. With the following test data "File Path: "SteeringCompanyAPI_TestData/SteeringCompanyAPI_TestData.xlsx"".
2023-01-12 11:58:12.149 &amp#27;[32m INFO&amp#27;[m &amp#27;[35m[@503 - main]&amp#27;[m &amp#27;[36mcom.shaft.tools.io.ReportManager&amp#27;[m : Successfully created attachment "Test Data - Excel"
2023-01-12 11:58:12.589 &amp#27;[32m INFO&amp#27;[m &amp#27;[35m[@503 - main]&amp#27;[m &amp#27;[36mcom.shaft.tools.io.ReportManager&amp#27;[m : Response status code: "200", status line: "HTTP/1.1 200 "
2023-01-12 11:58:12.599 &amp#27;[32m INFO&amp#27;[m &amp#27;[35m[@503 - main]&amp#27;[m &amp#27;[36mcom.shaft.tools.io.ReportManager&amp#27;[m : Successfully created attachment "API Request - Specifications"
2023-01-12 11:58:12.600 &amp#27;[32m INFO&amp#27;[m &amp#27;[35m[@503 - main]&amp#27;[m &amp#27;[36mcom.shaft.tools.io.ReportManager&amp#27;[m : Successfully created attachment "API Response - JSON Body"
2023-01-12 11:58:12.601 &amp#27;[32m INFO&amp#27;[m &amp#27;[35m[@503 - main]&amp#27;[m &amp#27;[36mcom.shaft.tools.io.ReportManager&amp#27;[m : File Action "DoesFileExist" successfully performed. With the following test data "File Path: "Schemas/Tax_Policy_schema.json"".
2023-01-12 11:58:12.601 &amp#27;[32m INFO&amp#27;[m &amp#27;[35m[@503 - main]&amp#27;[m &amp#27;[36mcom.shaft.tools.io.ReportManager&amp#27;[m : File Action "DoesFileExist" successfully performed. With the following test data "File Path: "src/test/resources/testDataFiles/Schemas/Tax_Policy_schema.json"".
2023-01-12 11:58:12.601 &amp#27;[32m INFO&amp#27;[m &amp#27;[35m[@503 - main]&amp#27;[m &amp#27;[36mcom.shaft.tools.io.ReportManager&amp#27;[m : File Action "GetAbsolutePath" successfully performed. With the following test data "Relative Folder Path: "src/test/resources/testDataFiles/Schemas/Tax_Policy_schema.json"".
2023-01-12 11:58:12.602 &amp#27;[32m INFO&amp#27;[m &amp#27;[35m[@503 - main]&amp#27;[m &amp#27;[36mcom.shaft.tools.io.ReportManager&amp#27;[m : File Action "DoesFileExist" successfully performed. With the following test data "File Path: "C:\eclipse-workspace\MyProjects\TASystemsAPIs\src\test\resources\testDataFiles\Schemas\Tax_Policy_schema.json"".
2023-01-12 11:58:12.602 &amp#27;[32m INFO&amp#27;[m &amp#27;[35m[@503 - main]&amp#27;[m &amp#27;[36mcom.shaft.tools.io.ReportManager&amp#27;[m : File Action "GetAbsolutePath" successfully performed. With the following test data "Relative Folder Path: "C:\eclipse-workspace\MyProjects\TASystemsAPIs\src\test\resources\testDataFiles\Schemas\Tax_Policy_schema.json"".
2023-01-12 11:58:12.603 &amp#27;[32m INFO&amp#27;[m &amp#27;[35m[@503 - main]&amp#27;[m &amp#27;[36mcom.shaft.tools.io.ReportManager&amp#27;[m : File Action "ReadFile" successfully performed. With the following test data "File Path: "C:\eclipse-workspace\MyProjects\TASystemsAPIs\src\test\resources\testDataFiles\Schemas\Tax_Policy_schema.json"".
2023-01-12 11:58:12.603 &amp#27;[32m INFO&amp#27;[m &amp#27;[35m[@503 - main]&amp#27;[m &amp#27;[36mcom.shaft.tools.io.ReportManager&amp#27;[m : Successfully created attachment "Validation Test Data - Expected JSON Value"
2023-01-12 11:58:12.606 &amp#27;[32m INFO&amp#27;[m &amp#27;[35m[@503 - main]&amp#27;[m &amp#27;[36mcom.shaft.tools.io.ReportManager&amp#27;[m : Successfully created attachment "Validation Test Data - Actual JSON Value"
2023-01-12 11:58:12.607 &amp#27;[32m INFO&amp#27;[m &amp#27;[35m[@503 - main]&amp#27;[m &amp#27;[36mcom.shaft.tools.io.ReportManager&amp#27;[m : Successfully created attachment "SHAFT Engine Logs - Current Method log: Valid_Get_Tax_Policy_TC"
]]></system-out>
  </testcase>
  <testcase name="Valid_Get_Tax_Policy_TC[[Ljava.lang.Object;@70e62b40](2)" classname="SteeringCompanyAPI_TestCases.Test_Policies_Cases" time="1.07">
    <system-out><![CDATA[2023-01-12 11:58:12.609 &amp#27;[32m INFO&amp#27;[m &amp#27;[35m[@534 - main]&amp#27;[m &amp#27;[36mcom.shaft.tools.io.ReportManager&amp#27;[m : 
################################################################################################################################################
Starting Execution:	"153 out of 56" test cases in the current suite
Test Method:		"SteeringCompanyAPI_TestCases.Test_Policies_Cases.Valid_Get_Tax_Policy_TC"
Test Description:	"TC016 - Perform Get Valid Tax Policy"
################################################################################################################################################
2023-01-12 11:58:12.609 &amp#27;[32m INFO&amp#27;[m &amp#27;[35m[@503 - main]&amp#27;[m &amp#27;[36mcom.shaft.tools.io.ReportManager&amp#27;[m : File Action "DoesFileExist" successfully performed. With the following test data "File Path: "SteeringCompanyAPI_TestData/SteeringCompanyAPI_TestData.xlsx"".
2023-01-12 11:58:12.616 &amp#27;[32m INFO&amp#27;[m &amp#27;[35m[@503 - main]&amp#27;[m &amp#27;[36mcom.shaft.tools.io.ReportManager&amp#27;[m : Successfully created attachment "Test Data - Excel"
2023-01-12 11:58:13.187 &amp#27;[32m INFO&amp#27;[m &amp#27;[35m[@503 - main]&amp#27;[m &amp#27;[36mcom.shaft.tools.io.ReportManager&amp#27;[m : Response status code: "200", status line: "HTTP/1.1 200 OK"
2023-01-12 11:58:13.199 &amp#27;[32m INFO&amp#27;[m &amp#27;[35m[@503 - main]&amp#27;[m &amp#27;[36mcom.shaft.tools.io.ReportManager&amp#27;[m : Successfully created attachment "API Request - Specifications"
2023-01-12 11:58:13.200 &amp#27;[32m INFO&amp#27;[m &amp#27;[35m[@503 - main]&amp#27;[m &amp#27;[36mcom.shaft.tools.io.ReportManager&amp#27;[m : Successfully created attachment "API Request - Body"
2023-01-12 11:58:13.201 &amp#27;[32m INFO&amp#27;[m &amp#27;[35m[@503 - main]&amp#27;[m &amp#27;[36mcom.shaft.tools.io.ReportManager&amp#27;[m : Successfully created attachment "API Response - JSON Body"
2023-01-12 11:58:13.209 &amp#27;[32m INFO&amp#27;[m &amp#27;[35m[@503 - main]&amp#27;[m &amp#27;[36mcom.shaft.tools.io.ReportManager&amp#27;[m : File Action "DoesFileExist" successfully performed. With the following test data "File Path: "SteeringCompanyAPI_TestData/SteeringCompanyAPI_TestData.xlsx"".
2023-01-12 11:58:13.217 &amp#27;[32m INFO&amp#27;[m &amp#27;[35m[@503 - main]&amp#27;[m &amp#27;[36mcom.shaft.tools.io.ReportManager&amp#27;[m : Successfully created attachment "Test Data - Excel"
2023-01-12 11:58:13.657 &amp#27;[32m INFO&amp#27;[m &amp#27;[35m[@503 - main]&amp#27;[m &amp#27;[36mcom.shaft.tools.io.ReportManager&amp#27;[m : Response status code: "200", status line: "HTTP/1.1 200 "
2023-01-12 11:58:13.671 &amp#27;[32m INFO&amp#27;[m &amp#27;[35m[@503 - main]&amp#27;[m &amp#27;[36mcom.shaft.tools.io.ReportManager&amp#27;[m : Successfully created attachment "API Request - Specifications"
2023-01-12 11:58:13.672 &amp#27;[32m INFO&amp#27;[m &amp#27;[35m[@503 - main]&amp#27;[m &amp#27;[36mcom.shaft.tools.io.ReportManager&amp#27;[m : Successfully created attachment "API Response - JSON Body"
2023-01-12 11:58:13.672 &amp#27;[32m INFO&amp#27;[m &amp#27;[35m[@503 - main]&amp#27;[m &amp#27;[36mcom.shaft.tools.io.ReportManager&amp#27;[m : File Action "DoesFileExist" successfully performed. With the following test data "File Path: "Schemas/Tax_Policy_schema.json"".
2023-01-12 11:58:13.672 &amp#27;[32m INFO&amp#27;[m &amp#27;[35m[@503 - main]&amp#27;[m &amp#27;[36mcom.shaft.tools.io.ReportManager&amp#27;[m : File Action "DoesFileExist" successfully performed. With the following test data "File Path: "src/test/resources/testDataFiles/Schemas/Tax_Policy_schema.json"".
2023-01-12 11:58:13.672 &amp#27;[32m INFO&amp#27;[m &amp#27;[35m[@503 - main]&amp#27;[m &amp#27;[36mcom.shaft.tools.io.ReportManager&amp#27;[m : File Action "GetAbsolutePath" successfully performed. With the following test data "Relative Folder Path: "src/test/resources/testDataFiles/Schemas/Tax_Policy_schema.json"".
2023-01-12 11:58:13.674 &amp#27;[32m INFO&amp#27;[m &amp#27;[35m[@503 - main]&amp#27;[m &amp#27;[36mcom.shaft.tools.io.ReportManager&amp#27;[m : File Action "DoesFileExist" successfully performed. With the following test data "File Path: "C:\eclipse-workspace\MyProjects\TASystemsAPIs\src\test\resources\testDataFiles\Schemas\Tax_Policy_schema.json"".
2023-01-12 11:58:13.674 &amp#27;[32m INFO&amp#27;[m &amp#27;[35m[@503 - main]&amp#27;[m &amp#27;[36mcom.shaft.tools.io.ReportManager&amp#27;[m : File Action "GetAbsolutePath" successfully performed. With the following test data "Relative Folder Path: "C:\eclipse-workspace\MyProjects\TASystemsAPIs\src\test\resources\testDataFiles\Schemas\Tax_Policy_schema.json"".
2023-01-12 11:58:13.674 &amp#27;[32m INFO&amp#27;[m &amp#27;[35m[@503 - main]&amp#27;[m &amp#27;[36mcom.shaft.tools.io.ReportManager&amp#27;[m : File Action "ReadFile" successfully performed. With the following test data "File Path: "C:\eclipse-workspace\MyProjects\TASystemsAPIs\src\test\resources\testDataFiles\Schemas\Tax_Policy_schema.json"".
2023-01-12 11:58:13.676 &amp#27;[32m INFO&amp#27;[m &amp#27;[35m[@503 - main]&amp#27;[m &amp#27;[36mcom.shaft.tools.io.ReportManager&amp#27;[m : Successfully created attachment "Validation Test Data - Expected JSON Value"
2023-01-12 11:58:13.676 &amp#27;[32m INFO&amp#27;[m &amp#27;[35m[@503 - main]&amp#27;[m &amp#27;[36mcom.shaft.tools.io.ReportManager&amp#27;[m : Successfully created attachment "Validation Test Data - Actual JSON Value"
2023-01-12 11:58:13.677 &amp#27;[32m INFO&amp#27;[m &amp#27;[35m[@503 - main]&amp#27;[m &amp#27;[36mcom.shaft.tools.io.ReportManager&amp#27;[m : Successfully created attachment "SHAFT Engine Logs - Current Method log: Valid_Get_Tax_Policy_TC"
]]></system-out>
  </testcase>
  <testcase name="Valid_Get_Usage_Policy_TC[[Ljava.lang.Object;@6facfc7c](1)" classname="SteeringCompanyAPI_TestCases.Test_Policies_Cases" time="1.102">
    <system-out><![CDATA[2023-01-12 11:58:13.680 &amp#27;[32m INFO&amp#27;[m &amp#27;[35m[@534 - main]&amp#27;[m &amp#27;[36mcom.shaft.tools.io.ReportManager&amp#27;[m : 
################################################################################################################################################
Starting Execution:	"154 out of 56" test cases in the current suite
Test Method:		"SteeringCompanyAPI_TestCases.Test_Policies_Cases.Valid_Get_Usage_Policy_TC"
Test Description:	"TC017 - Perform Get Valid Usage Policy"
################################################################################################################################################
2023-01-12 11:58:13.680 &amp#27;[32m INFO&amp#27;[m &amp#27;[35m[@503 - main]&amp#27;[m &amp#27;[36mcom.shaft.tools.io.ReportManager&amp#27;[m : File Action "DoesFileExist" successfully performed. With the following test data "File Path: "SteeringCompanyAPI_TestData/SteeringCompanyAPI_TestData.xlsx"".
2023-01-12 11:58:13.689 &amp#27;[32m INFO&amp#27;[m &amp#27;[35m[@503 - main]&amp#27;[m &amp#27;[36mcom.shaft.tools.io.ReportManager&amp#27;[m : Successfully created attachment "Test Data - Excel"
2023-01-12 11:58:14.278 &amp#27;[32m INFO&amp#27;[m &amp#27;[35m[@503 - main]&amp#27;[m &amp#27;[36mcom.shaft.tools.io.ReportManager&amp#27;[m : Response status code: "200", status line: "HTTP/1.1 200 OK"
2023-01-12 11:58:14.291 &amp#27;[32m INFO&amp#27;[m &amp#27;[35m[@503 - main]&amp#27;[m &amp#27;[36mcom.shaft.tools.io.ReportManager&amp#27;[m : Successfully created attachment "API Request - Specifications"
2023-01-12 11:58:14.292 &amp#27;[32m INFO&amp#27;[m &amp#27;[35m[@503 - main]&amp#27;[m &amp#27;[36mcom.shaft.tools.io.ReportManager&amp#27;[m : Successfully created attachment "API Request - Body"
2023-01-12 11:58:14.292 &amp#27;[32m INFO&amp#27;[m &amp#27;[35m[@503 - main]&amp#27;[m &amp#27;[36mcom.shaft.tools.io.ReportManager&amp#27;[m : Successfully created attachment "API Response - JSON Body"
2023-01-12 11:58:14.298 &amp#27;[32m INFO&amp#27;[m &amp#27;[35m[@503 - main]&amp#27;[m &amp#27;[36mcom.shaft.tools.io.ReportManager&amp#27;[m : File Action "DoesFileExist" successfully performed. With the following test data "File Path: "SteeringCompanyAPI_TestData/SteeringCompanyAPI_TestData.xlsx"".
2023-01-12 11:58:14.306 &amp#27;[32m INFO&amp#27;[m &amp#27;[35m[@503 - main]&amp#27;[m &amp#27;[36mcom.shaft.tools.io.ReportManager&amp#27;[m : Successfully created attachment "Test Data - Excel"
2023-01-12 11:58:14.757 &amp#27;[32m INFO&amp#27;[m &amp#27;[35m[@503 - main]&amp#27;[m &amp#27;[36mcom.shaft.tools.io.ReportManager&amp#27;[m : Response status code: "200", status line: "HTTP/1.1 200 "
2023-01-12 11:58:14.775 &amp#27;[32m INFO&amp#27;[m &amp#27;[35m[@503 - main]&amp#27;[m &amp#27;[36mcom.shaft.tools.io.ReportManager&amp#27;[m : Successfully created attachment "API Request - Specifications"
2023-01-12 11:58:14.776 &amp#27;[32m INFO&amp#27;[m &amp#27;[35m[@503 - main]&amp#27;[m &amp#27;[36mcom.shaft.tools.io.ReportManager&amp#27;[m : Successfully created attachment "API Response - JSON Body"
2023-01-12 11:58:14.777 &amp#27;[32m INFO&amp#27;[m &amp#27;[35m[@503 - main]&amp#27;[m &amp#27;[36mcom.shaft.tools.io.ReportManager&amp#27;[m : File Action "DoesFileExist" successfully performed. With the following test data "File Path: "Schemas/Usage_Policy_schema.json"".
2023-01-12 11:58:14.777 &amp#27;[32m INFO&amp#27;[m &amp#27;[35m[@503 - main]&amp#27;[m &amp#27;[36mcom.shaft.tools.io.ReportManager&amp#27;[m : File Action "DoesFileExist" successfully performed. With the following test data "File Path: "src/test/resources/testDataFiles/Schemas/Usage_Policy_schema.json"".
2023-01-12 11:58:14.777 &amp#27;[32m INFO&amp#27;[m &amp#27;[35m[@503 - main]&amp#27;[m &amp#27;[36mcom.shaft.tools.io.ReportManager&amp#27;[m : File Action "GetAbsolutePath" successfully performed. With the following test data "Relative Folder Path: "src/test/resources/testDataFiles/Schemas/Usage_Policy_schema.json"".
2023-01-12 11:58:14.778 &amp#27;[32m INFO&amp#27;[m &amp#27;[35m[@503 - main]&amp#27;[m &amp#27;[36mcom.shaft.tools.io.ReportManager&amp#27;[m : File Action "DoesFileExist" successfully performed. With the following test data "File Path: "C:\eclipse-workspace\MyProjects\TASystemsAPIs\src\test\resources\testDataFiles\Schemas\Usage_Policy_schema.json"".
2023-01-12 11:58:14.778 &amp#27;[32m INFO&amp#27;[m &amp#27;[35m[@503 - main]&amp#27;[m &amp#27;[36mcom.shaft.tools.io.ReportManager&amp#27;[m : File Action "GetAbsolutePath" successfully performed. With the following test data "Relative Folder Path: "C:\eclipse-workspace\MyProjects\TASystemsAPIs\src\test\resources\testDataFiles\Schemas\Usage_Policy_schema.json"".
2023-01-12 11:58:14.778 &amp#27;[32m INFO&amp#27;[m &amp#27;[35m[@503 - main]&amp#27;[m &amp#27;[36mcom.shaft.tools.io.ReportManager&amp#27;[m : File Action "ReadFile" successfully performed. With the following test data "File Path: "C:\eclipse-workspace\MyProjects\TASystemsAPIs\src\test\resources\testDataFiles\Schemas\Usage_Policy_schema.json"".
2023-01-12 11:58:14.779 &amp#27;[32m INFO&amp#27;[m &amp#27;[35m[@503 - main]&amp#27;[m &amp#27;[36mcom.shaft.tools.io.ReportManager&amp#27;[m : Successfully created attachment "Validation Test Data - Expected JSON Value"
2023-01-12 11:58:14.779 &amp#27;[32m INFO&amp#27;[m &amp#27;[35m[@503 - main]&amp#27;[m &amp#27;[36mcom.shaft.tools.io.ReportManager&amp#27;[m : Successfully created attachment "Validation Test Data - Actual JSON Value"
2023-01-12 11:58:14.781 &amp#27;[32m INFO&amp#27;[m &amp#27;[35m[@503 - main]&amp#27;[m &amp#27;[36mcom.shaft.tools.io.ReportManager&amp#27;[m : Successfully created attachment "SHAFT Engine Logs - Current Method log: Valid_Get_Usage_Policy_TC"
]]></system-out>
  </testcase>
  <testcase name="Valid_Get_Usage_Policy_TC[[Ljava.lang.Object;@2c44dccf](2)" classname="SteeringCompanyAPI_TestCases.Test_Policies_Cases" time="1.077">
    <system-out><![CDATA[2023-01-12 11:58:14.782 &amp#27;[32m INFO&amp#27;[m &amp#27;[35m[@534 - main]&amp#27;[m &amp#27;[36mcom.shaft.tools.io.ReportManager&amp#27;[m : 
################################################################################################################################################
Starting Execution:	"155 out of 56" test cases in the current suite
Test Method:		"SteeringCompanyAPI_TestCases.Test_Policies_Cases.Valid_Get_Usage_Policy_TC"
Test Description:	"TC017 - Perform Get Valid Usage Policy"
################################################################################################################################################
2023-01-12 11:58:14.782 &amp#27;[32m INFO&amp#27;[m &amp#27;[35m[@503 - main]&amp#27;[m &amp#27;[36mcom.shaft.tools.io.ReportManager&amp#27;[m : File Action "DoesFileExist" successfully performed. With the following test data "File Path: "SteeringCompanyAPI_TestData/SteeringCompanyAPI_TestData.xlsx"".
2023-01-12 11:58:14.794 &amp#27;[32m INFO&amp#27;[m &amp#27;[35m[@503 - main]&amp#27;[m &amp#27;[36mcom.shaft.tools.io.ReportManager&amp#27;[m : Successfully created attachment "Test Data - Excel"
2023-01-12 11:58:15.375 &amp#27;[32m INFO&amp#27;[m &amp#27;[35m[@503 - main]&amp#27;[m &amp#27;[36mcom.shaft.tools.io.ReportManager&amp#27;[m : Response status code: "200", status line: "HTTP/1.1 200 OK"
2023-01-12 11:58:15.389 &amp#27;[32m INFO&amp#27;[m &amp#27;[35m[@503 - main]&amp#27;[m &amp#27;[36mcom.shaft.tools.io.ReportManager&amp#27;[m : Successfully created attachment "API Request - Specifications"
2023-01-12 11:58:15.390 &amp#27;[32m INFO&amp#27;[m &amp#27;[35m[@503 - main]&amp#27;[m &amp#27;[36mcom.shaft.tools.io.ReportManager&amp#27;[m : Successfully created attachment "API Request - Body"
2023-01-12 11:58:15.391 &amp#27;[32m INFO&amp#27;[m &amp#27;[35m[@503 - main]&amp#27;[m &amp#27;[36mcom.shaft.tools.io.ReportManager&amp#27;[m : Successfully created attachment "API Response - JSON Body"
2023-01-12 11:58:15.396 &amp#27;[32m INFO&amp#27;[m &amp#27;[35m[@503 - main]&amp#27;[m &amp#27;[36mcom.shaft.tools.io.ReportManager&amp#27;[m : File Action "DoesFileExist" successfully performed. With the following test data "File Path: "SteeringCompanyAPI_TestData/SteeringCompanyAPI_TestData.xlsx"".
2023-01-12 11:58:15.405 &amp#27;[32m INFO&amp#27;[m &amp#27;[35m[@503 - main]&amp#27;[m &amp#27;[36mcom.shaft.tools.io.ReportManager&amp#27;[m : Successfully created attachment "Test Data - Excel"
2023-01-12 11:58:15.843 &amp#27;[32m INFO&amp#27;[m &amp#27;[35m[@503 - main]&amp#27;[m &amp#27;[36mcom.shaft.tools.io.ReportManager&amp#27;[m : Response status code: "200", status line: "HTTP/1.1 200 "
2023-01-12 11:58:15.852 &amp#27;[32m INFO&amp#27;[m &amp#27;[35m[@503 - main]&amp#27;[m &amp#27;[36mcom.shaft.tools.io.ReportManager&amp#27;[m : Successfully created attachment "API Request - Specifications"
2023-01-12 11:58:15.852 &amp#27;[32m INFO&amp#27;[m &amp#27;[35m[@503 - main]&amp#27;[m &amp#27;[36mcom.shaft.tools.io.ReportManager&amp#27;[m : Successfully created attachment "API Response - JSON Body"
2023-01-12 11:58:15.853 &amp#27;[32m INFO&amp#27;[m &amp#27;[35m[@503 - main]&amp#27;[m &amp#27;[36mcom.shaft.tools.io.ReportManager&amp#27;[m : File Action "DoesFileExist" successfully performed. With the following test data "File Path: "Schemas/Usage_Policy_schema.json"".
2023-01-12 11:58:15.853 &amp#27;[32m INFO&amp#27;[m &amp#27;[35m[@503 - main]&amp#27;[m &amp#27;[36mcom.shaft.tools.io.ReportManager&amp#27;[m : File Action "DoesFileExist" successfully performed. With the following test data "File Path: "src/test/resources/testDataFiles/Schemas/Usage_Policy_schema.json"".
2023-01-12 11:58:15.853 &amp#27;[32m INFO&amp#27;[m &amp#27;[35m[@503 - main]&amp#27;[m &amp#27;[36mcom.shaft.tools.io.ReportManager&amp#27;[m : File Action "GetAbsolutePath" successfully performed. With the following test data "Relative Folder Path: "src/test/resources/testDataFiles/Schemas/Usage_Policy_schema.json"".
2023-01-12 11:58:15.855 &amp#27;[32m INFO&amp#27;[m &amp#27;[35m[@503 - main]&amp#27;[m &amp#27;[36mcom.shaft.tools.io.ReportManager&amp#27;[m : File Action "DoesFileExist" successfully performed. With the following test data "File Path: "C:\eclipse-workspace\MyProjects\TASystemsAPIs\src\test\resources\testDataFiles\Schemas\Usage_Policy_schema.json"".
2023-01-12 11:58:15.855 &amp#27;[32m INFO&amp#27;[m &amp#27;[35m[@503 - main]&amp#27;[m &amp#27;[36mcom.shaft.tools.io.ReportManager&amp#27;[m : File Action "GetAbsolutePath" successfully performed. With the following test data "Relative Folder Path: "C:\eclipse-workspace\MyProjects\TASystemsAPIs\src\test\resources\testDataFiles\Schemas\Usage_Policy_schema.json"".
2023-01-12 11:58:15.855 &amp#27;[32m INFO&amp#27;[m &amp#27;[35m[@503 - main]&amp#27;[m &amp#27;[36mcom.shaft.tools.io.ReportManager&amp#27;[m : File Action "ReadFile" successfully performed. With the following test data "File Path: "C:\eclipse-workspace\MyProjects\TASystemsAPIs\src\test\resources\testDataFiles\Schemas\Usage_Policy_schema.json"".
2023-01-12 11:58:15.858 &amp#27;[32m INFO&amp#27;[m &amp#27;[35m[@503 - main]&amp#27;[m &amp#27;[36mcom.shaft.tools.io.ReportManager&amp#27;[m : Successfully created attachment "Validation Test Data - Expected JSON Value"
2023-01-12 11:58:15.858 &amp#27;[32m INFO&amp#27;[m &amp#27;[35m[@503 - main]&amp#27;[m &amp#27;[36mcom.shaft.tools.io.ReportManager&amp#27;[m : Successfully created attachment "Validation Test Data - Actual JSON Value"
2023-01-12 11:58:15.858 &amp#27;[32m INFO&amp#27;[m &amp#27;[35m[@503 - main]&amp#27;[m &amp#27;[36mcom.shaft.tools.io.ReportManager&amp#27;[m : Successfully created attachment "SHAFT Engine Logs - Current Method log: Valid_Get_Usage_Policy_TC"
]]></system-out>
  </testcase>
  <testcase name="Valid_Update_Cancel_Policy_TC[[Ljava.lang.Object;@77cc18f7](1)" classname="SteeringCompanyAPI_TestCases.Test_Policies_Cases" time="1.094">
    <system-out><![CDATA[2023-01-12 11:58:15.861 &amp#27;[32m INFO&amp#27;[m &amp#27;[35m[@534 - main]&amp#27;[m &amp#27;[36mcom.shaft.tools.io.ReportManager&amp#27;[m : 
################################################################################################################################################
Starting Execution:	"156 out of 56" test cases in the current suite
Test Method:		"SteeringCompanyAPI_TestCases.Test_Policies_Cases.Valid_Update_Cancel_Policy_TC"
Test Description:	"TC010 - Perform Update Valid Cancel Policy"
################################################################################################################################################
2023-01-12 11:58:15.861 &amp#27;[32m INFO&amp#27;[m &amp#27;[35m[@503 - main]&amp#27;[m &amp#27;[36mcom.shaft.tools.io.ReportManager&amp#27;[m : File Action "DoesFileExist" successfully performed. With the following test data "File Path: "SteeringCompanyAPI_TestData/SteeringCompanyAPI_TestData.xlsx"".
2023-01-12 11:58:15.870 &amp#27;[32m INFO&amp#27;[m &amp#27;[35m[@503 - main]&amp#27;[m &amp#27;[36mcom.shaft.tools.io.ReportManager&amp#27;[m : Successfully created attachment "Test Data - Excel"
2023-01-12 11:58:16.459 &amp#27;[32m INFO&amp#27;[m &amp#27;[35m[@503 - main]&amp#27;[m &amp#27;[36mcom.shaft.tools.io.ReportManager&amp#27;[m : Response status code: "200", status line: "HTTP/1.1 200 OK"
2023-01-12 11:58:16.471 &amp#27;[32m INFO&amp#27;[m &amp#27;[35m[@503 - main]&amp#27;[m &amp#27;[36mcom.shaft.tools.io.ReportManager&amp#27;[m : Successfully created attachment "API Request - Specifications"
2023-01-12 11:58:16.471 &amp#27;[32m INFO&amp#27;[m &amp#27;[35m[@503 - main]&amp#27;[m &amp#27;[36mcom.shaft.tools.io.ReportManager&amp#27;[m : Successfully created attachment "API Request - Body"
2023-01-12 11:58:16.475 &amp#27;[32m INFO&amp#27;[m &amp#27;[35m[@503 - main]&amp#27;[m &amp#27;[36mcom.shaft.tools.io.ReportManager&amp#27;[m : Successfully created attachment "API Response - JSON Body"
2023-01-12 11:58:16.481 &amp#27;[32m INFO&amp#27;[m &amp#27;[35m[@503 - main]&amp#27;[m &amp#27;[36mcom.shaft.tools.io.ReportManager&amp#27;[m : File Action "DoesFileExist" successfully performed. With the following test data "File Path: "SteeringCompanyAPI_TestData/SteeringCompanyAPI_TestData.xlsx"".
2023-01-12 11:58:16.489 &amp#27;[32m INFO&amp#27;[m &amp#27;[35m[@503 - main]&amp#27;[m &amp#27;[36mcom.shaft.tools.io.ReportManager&amp#27;[m : Successfully created attachment "Test Data - Excel"
2023-01-12 11:58:16.934 &amp#27;[32m INFO&amp#27;[m &amp#27;[35m[@503 - main]&amp#27;[m &amp#27;[36mcom.shaft.tools.io.ReportManager&amp#27;[m : Response status code: "200", status line: "HTTP/1.1 200 "
2023-01-12 11:58:16.946 &amp#27;[32m INFO&amp#27;[m &amp#27;[35m[@503 - main]&amp#27;[m &amp#27;[36mcom.shaft.tools.io.ReportManager&amp#27;[m : Successfully created attachment "API Request - Specifications"
2023-01-12 11:58:16.946 &amp#27;[32m INFO&amp#27;[m &amp#27;[35m[@503 - main]&amp#27;[m &amp#27;[36mcom.shaft.tools.io.ReportManager&amp#27;[m : Successfully created attachment "API Request - JSON Body"
2023-01-12 11:58:16.948 &amp#27;[32m INFO&amp#27;[m &amp#27;[35m[@503 - main]&amp#27;[m &amp#27;[36mcom.shaft.tools.io.ReportManager&amp#27;[m : Successfully created attachment "API Response - JSON Body"
2023-01-12 11:58:16.949 &amp#27;[32m INFO&amp#27;[m &amp#27;[35m[@503 - main]&amp#27;[m &amp#27;[36mcom.shaft.tools.io.ReportManager&amp#27;[m : File Action "DoesFileExist" successfully performed. With the following test data "File Path: "Schemas/Cancel_Policy_schema.json"".
2023-01-12 11:58:16.949 &amp#27;[32m INFO&amp#27;[m &amp#27;[35m[@503 - main]&amp#27;[m &amp#27;[36mcom.shaft.tools.io.ReportManager&amp#27;[m : File Action "DoesFileExist" successfully performed. With the following test data "File Path: "src/test/resources/testDataFiles/Schemas/Cancel_Policy_schema.json"".
2023-01-12 11:58:16.949 &amp#27;[32m INFO&amp#27;[m &amp#27;[35m[@503 - main]&amp#27;[m &amp#27;[36mcom.shaft.tools.io.ReportManager&amp#27;[m : File Action "GetAbsolutePath" successfully performed. With the following test data "Relative Folder Path: "src/test/resources/testDataFiles/Schemas/Cancel_Policy_schema.json"".
2023-01-12 11:58:16.950 &amp#27;[32m INFO&amp#27;[m &amp#27;[35m[@503 - main]&amp#27;[m &amp#27;[36mcom.shaft.tools.io.ReportManager&amp#27;[m : File Action "DoesFileExist" successfully performed. With the following test data "File Path: "C:\eclipse-workspace\MyProjects\TASystemsAPIs\src\test\resources\testDataFiles\Schemas\Cancel_Policy_schema.json"".
2023-01-12 11:58:16.951 &amp#27;[32m INFO&amp#27;[m &amp#27;[35m[@503 - main]&amp#27;[m &amp#27;[36mcom.shaft.tools.io.ReportManager&amp#27;[m : File Action "GetAbsolutePath" successfully performed. With the following test data "Relative Folder Path: "C:\eclipse-workspace\MyProjects\TASystemsAPIs\src\test\resources\testDataFiles\Schemas\Cancel_Policy_schema.json"".
2023-01-12 11:58:16.951 &amp#27;[32m INFO&amp#27;[m &amp#27;[35m[@503 - main]&amp#27;[m &amp#27;[36mcom.shaft.tools.io.ReportManager&amp#27;[m : File Action "ReadFile" successfully performed. With the following test data "File Path: "C:\eclipse-workspace\MyProjects\TASystemsAPIs\src\test\resources\testDataFiles\Schemas\Cancel_Policy_schema.json"".
2023-01-12 11:58:16.951 &amp#27;[32m INFO&amp#27;[m &amp#27;[35m[@503 - main]&amp#27;[m &amp#27;[36mcom.shaft.tools.io.ReportManager&amp#27;[m : Successfully created attachment "Validation Test Data - Expected JSON Value"
2023-01-12 11:58:16.952 &amp#27;[32m INFO&amp#27;[m &amp#27;[35m[@503 - main]&amp#27;[m &amp#27;[36mcom.shaft.tools.io.ReportManager&amp#27;[m : Successfully created attachment "Validation Test Data - Actual JSON Value"
2023-01-12 11:58:16.952 &amp#27;[32m INFO&amp#27;[m &amp#27;[35m[@503 - main]&amp#27;[m &amp#27;[36mcom.shaft.tools.io.ReportManager&amp#27;[m : Successfully created attachment "SHAFT Engine Logs - Current Method log: Valid_Update_Cancel_Policy_TC"
]]></system-out>
  </testcase>
  <testcase name="Valid_Update_Cancel_Policy_TC[[Ljava.lang.Object;@548d935](2)" classname="SteeringCompanyAPI_TestCases.Test_Policies_Cases" time="1.09">
    <system-out><![CDATA[2023-01-12 11:58:16.956 &amp#27;[32m INFO&amp#27;[m &amp#27;[35m[@534 - main]&amp#27;[m &amp#27;[36mcom.shaft.tools.io.ReportManager&amp#27;[m : 
################################################################################################################################################
Starting Execution:	"157 out of 56" test cases in the current suite
Test Method:		"SteeringCompanyAPI_TestCases.Test_Policies_Cases.Valid_Update_Cancel_Policy_TC"
Test Description:	"TC010 - Perform Update Valid Cancel Policy"
################################################################################################################################################
2023-01-12 11:58:16.956 &amp#27;[32m INFO&amp#27;[m &amp#27;[35m[@503 - main]&amp#27;[m &amp#27;[36mcom.shaft.tools.io.ReportManager&amp#27;[m : File Action "DoesFileExist" successfully performed. With the following test data "File Path: "SteeringCompanyAPI_TestData/SteeringCompanyAPI_TestData.xlsx"".
2023-01-12 11:58:16.964 &amp#27;[32m INFO&amp#27;[m &amp#27;[35m[@503 - main]&amp#27;[m &amp#27;[36mcom.shaft.tools.io.ReportManager&amp#27;[m : Successfully created attachment "Test Data - Excel"
2023-01-12 11:58:17.538 &amp#27;[32m INFO&amp#27;[m &amp#27;[35m[@503 - main]&amp#27;[m &amp#27;[36mcom.shaft.tools.io.ReportManager&amp#27;[m : Response status code: "200", status line: "HTTP/1.1 200 OK"
2023-01-12 11:58:17.546 &amp#27;[32m INFO&amp#27;[m &amp#27;[35m[@503 - main]&amp#27;[m &amp#27;[36mcom.shaft.tools.io.ReportManager&amp#27;[m : Successfully created attachment "API Request - Specifications"
2023-01-12 11:58:17.546 &amp#27;[32m INFO&amp#27;[m &amp#27;[35m[@503 - main]&amp#27;[m &amp#27;[36mcom.shaft.tools.io.ReportManager&amp#27;[m : Successfully created attachment "API Request - Body"
2023-01-12 11:58:17.550 &amp#27;[32m INFO&amp#27;[m &amp#27;[35m[@503 - main]&amp#27;[m &amp#27;[36mcom.shaft.tools.io.ReportManager&amp#27;[m : Successfully created attachment "API Response - JSON Body"
2023-01-12 11:58:17.557 &amp#27;[32m INFO&amp#27;[m &amp#27;[35m[@503 - main]&amp#27;[m &amp#27;[36mcom.shaft.tools.io.ReportManager&amp#27;[m : File Action "DoesFileExist" successfully performed. With the following test data "File Path: "SteeringCompanyAPI_TestData/SteeringCompanyAPI_TestData.xlsx"".
2023-01-12 11:58:17.568 &amp#27;[32m INFO&amp#27;[m &amp#27;[35m[@503 - main]&amp#27;[m &amp#27;[36mcom.shaft.tools.io.ReportManager&amp#27;[m : Successfully created attachment "Test Data - Excel"
2023-01-12 11:58:18.021 &amp#27;[32m INFO&amp#27;[m &amp#27;[35m[@503 - main]&amp#27;[m &amp#27;[36mcom.shaft.tools.io.ReportManager&amp#27;[m : Response status code: "200", status line: "HTTP/1.1 200 "
2023-01-12 11:58:18.032 &amp#27;[32m INFO&amp#27;[m &amp#27;[35m[@503 - main]&amp#27;[m &amp#27;[36mcom.shaft.tools.io.ReportManager&amp#27;[m : Successfully created attachment "API Request - Specifications"
2023-01-12 11:58:18.033 &amp#27;[32m INFO&amp#27;[m &amp#27;[35m[@503 - main]&amp#27;[m &amp#27;[36mcom.shaft.tools.io.ReportManager&amp#27;[m : Successfully created attachment "API Request - JSON Body"
2023-01-12 11:58:18.036 &amp#27;[32m INFO&amp#27;[m &amp#27;[35m[@503 - main]&amp#27;[m &amp#27;[36mcom.shaft.tools.io.ReportManager&amp#27;[m : Successfully created attachment "API Response - JSON Body"
2023-01-12 11:58:18.038 &amp#27;[32m INFO&amp#27;[m &amp#27;[35m[@503 - main]&amp#27;[m &amp#27;[36mcom.shaft.tools.io.ReportManager&amp#27;[m : File Action "DoesFileExist" successfully performed. With the following test data "File Path: "Schemas/Cancel_Policy_schema.json"".
2023-01-12 11:58:18.038 &amp#27;[32m INFO&amp#27;[m &amp#27;[35m[@503 - main]&amp#27;[m &amp#27;[36mcom.shaft.tools.io.ReportManager&amp#27;[m : File Action "DoesFileExist" successfully performed. With the following test data "File Path: "src/test/resources/testDataFiles/Schemas/Cancel_Policy_schema.json"".
2023-01-12 11:58:18.038 &amp#27;[32m INFO&amp#27;[m &amp#27;[35m[@503 - main]&amp#27;[m &amp#27;[36mcom.shaft.tools.io.ReportManager&amp#27;[m : File Action "GetAbsolutePath" successfully performed. With the following test data "Relative Folder Path: "src/test/resources/testDataFiles/Schemas/Cancel_Policy_schema.json"".
2023-01-12 11:58:18.040 &amp#27;[32m INFO&amp#27;[m &amp#27;[35m[@503 - main]&amp#27;[m &amp#27;[36mcom.shaft.tools.io.ReportManager&amp#27;[m : File Action "DoesFileExist" successfully performed. With the following test data "File Path: "C:\eclipse-workspace\MyProjects\TASystemsAPIs\src\test\resources\testDataFiles\Schemas\Cancel_Policy_schema.json"".
2023-01-12 11:58:18.040 &amp#27;[32m INFO&amp#27;[m &amp#27;[35m[@503 - main]&amp#27;[m &amp#27;[36mcom.shaft.tools.io.ReportManager&amp#27;[m : File Action "GetAbsolutePath" successfully performed. With the following test data "Relative Folder Path: "C:\eclipse-workspace\MyProjects\TASystemsAPIs\src\test\resources\testDataFiles\Schemas\Cancel_Policy_schema.json"".
2023-01-12 11:58:18.040 &amp#27;[32m INFO&amp#27;[m &amp#27;[35m[@503 - main]&amp#27;[m &amp#27;[36mcom.shaft.tools.io.ReportManager&amp#27;[m : File Action "ReadFile" successfully performed. With the following test data "File Path: "C:\eclipse-workspace\MyProjects\TASystemsAPIs\src\test\resources\testDataFiles\Schemas\Cancel_Policy_schema.json"".
2023-01-12 11:58:18.041 &amp#27;[32m INFO&amp#27;[m &amp#27;[35m[@503 - main]&amp#27;[m &amp#27;[36mcom.shaft.tools.io.ReportManager&amp#27;[m : Successfully created attachment "Validation Test Data - Expected JSON Value"
2023-01-12 11:58:18.042 &amp#27;[32m INFO&amp#27;[m &amp#27;[35m[@503 - main]&amp#27;[m &amp#27;[36mcom.shaft.tools.io.ReportManager&amp#27;[m : Successfully created attachment "Validation Test Data - Actual JSON Value"
2023-01-12 11:58:18.042 &amp#27;[32m INFO&amp#27;[m &amp#27;[35m[@503 - main]&amp#27;[m &amp#27;[36mcom.shaft.tools.io.ReportManager&amp#27;[m : Successfully created attachment "SHAFT Engine Logs - Current Method log: Valid_Update_Cancel_Policy_TC"
]]></system-out>
  </testcase>
  <testcase name="Valid_Update_General_Policy_TC[[Ljava.lang.Object;@11e88710](1)" classname="SteeringCompanyAPI_TestCases.Test_Policies_Cases" time="1.11">
    <system-out><![CDATA[2023-01-12 11:58:18.046 &amp#27;[32m INFO&amp#27;[m &amp#27;[35m[@534 - main]&amp#27;[m &amp#27;[36mcom.shaft.tools.io.ReportManager&amp#27;[m : 
################################################################################################################################################
Starting Execution:	"158 out of 56" test cases in the current suite
Test Method:		"SteeringCompanyAPI_TestCases.Test_Policies_Cases.Valid_Update_General_Policy_TC"
Test Description:	"TC014 - Perform Update Valid General Policy"
################################################################################################################################################
2023-01-12 11:58:18.046 &amp#27;[32m INFO&amp#27;[m &amp#27;[35m[@503 - main]&amp#27;[m &amp#27;[36mcom.shaft.tools.io.ReportManager&amp#27;[m : File Action "DoesFileExist" successfully performed. With the following test data "File Path: "SteeringCompanyAPI_TestData/SteeringCompanyAPI_TestData.xlsx"".
2023-01-12 11:58:18.056 &amp#27;[32m INFO&amp#27;[m &amp#27;[35m[@503 - main]&amp#27;[m &amp#27;[36mcom.shaft.tools.io.ReportManager&amp#27;[m : Successfully created attachment "Test Data - Excel"
2023-01-12 11:58:18.652 &amp#27;[32m INFO&amp#27;[m &amp#27;[35m[@503 - main]&amp#27;[m &amp#27;[36mcom.shaft.tools.io.ReportManager&amp#27;[m : Response status code: "200", status line: "HTTP/1.1 200 OK"
2023-01-12 11:58:18.662 &amp#27;[32m INFO&amp#27;[m &amp#27;[35m[@503 - main]&amp#27;[m &amp#27;[36mcom.shaft.tools.io.ReportManager&amp#27;[m : Successfully created attachment "API Request - Specifications"
2023-01-12 11:58:18.665 &amp#27;[32m INFO&amp#27;[m &amp#27;[35m[@503 - main]&amp#27;[m &amp#27;[36mcom.shaft.tools.io.ReportManager&amp#27;[m : Successfully created attachment "API Request - Body"
2023-01-12 11:58:18.665 &amp#27;[32m INFO&amp#27;[m &amp#27;[35m[@503 - main]&amp#27;[m &amp#27;[36mcom.shaft.tools.io.ReportManager&amp#27;[m : Successfully created attachment "API Response - JSON Body"
2023-01-12 11:58:18.672 &amp#27;[32m INFO&amp#27;[m &amp#27;[35m[@503 - main]&amp#27;[m &amp#27;[36mcom.shaft.tools.io.ReportManager&amp#27;[m : File Action "DoesFileExist" successfully performed. With the following test data "File Path: "SteeringCompanyAPI_TestData/SteeringCompanyAPI_TestData.xlsx"".
2023-01-12 11:58:18.681 &amp#27;[32m INFO&amp#27;[m &amp#27;[35m[@503 - main]&amp#27;[m &amp#27;[36mcom.shaft.tools.io.ReportManager&amp#27;[m : Successfully created attachment "Test Data - Excel"
2023-01-12 11:58:19.136 &amp#27;[32m INFO&amp#27;[m &amp#27;[35m[@503 - main]&amp#27;[m &amp#27;[36mcom.shaft.tools.io.ReportManager&amp#27;[m : Response status code: "200", status line: "HTTP/1.1 200 "
2023-01-12 11:58:19.148 &amp#27;[32m INFO&amp#27;[m &amp#27;[35m[@503 - main]&amp#27;[m &amp#27;[36mcom.shaft.tools.io.ReportManager&amp#27;[m : Successfully created attachment "API Request - Specifications"
2023-01-12 11:58:19.149 &amp#27;[32m INFO&amp#27;[m &amp#27;[35m[@503 - main]&amp#27;[m &amp#27;[36mcom.shaft.tools.io.ReportManager&amp#27;[m : Successfully created attachment "API Request - JSON Body"
2023-01-12 11:58:19.150 &amp#27;[32m INFO&amp#27;[m &amp#27;[35m[@503 - main]&amp#27;[m &amp#27;[36mcom.shaft.tools.io.ReportManager&amp#27;[m : Successfully created attachment "API Response - JSON Body"
2023-01-12 11:58:19.150 &amp#27;[32m INFO&amp#27;[m &amp#27;[35m[@503 - main]&amp#27;[m &amp#27;[36mcom.shaft.tools.io.ReportManager&amp#27;[m : File Action "DoesFileExist" successfully performed. With the following test data "File Path: "Schemas/General_Policy_schema.json"".
2023-01-12 11:58:19.150 &amp#27;[32m INFO&amp#27;[m &amp#27;[35m[@503 - main]&amp#27;[m &amp#27;[36mcom.shaft.tools.io.ReportManager&amp#27;[m : File Action "DoesFileExist" successfully performed. With the following test data "File Path: "src/test/resources/testDataFiles/Schemas/General_Policy_schema.json"".
2023-01-12 11:58:19.150 &amp#27;[32m INFO&amp#27;[m &amp#27;[35m[@503 - main]&amp#27;[m &amp#27;[36mcom.shaft.tools.io.ReportManager&amp#27;[m : File Action "GetAbsolutePath" successfully performed. With the following test data "Relative Folder Path: "src/test/resources/testDataFiles/Schemas/General_Policy_schema.json"".
2023-01-12 11:58:19.152 &amp#27;[32m INFO&amp#27;[m &amp#27;[35m[@503 - main]&amp#27;[m &amp#27;[36mcom.shaft.tools.io.ReportManager&amp#27;[m : File Action "DoesFileExist" successfully performed. With the following test data "File Path: "C:\eclipse-workspace\MyProjects\TASystemsAPIs\src\test\resources\testDataFiles\Schemas\General_Policy_schema.json"".
2023-01-12 11:58:19.152 &amp#27;[32m INFO&amp#27;[m &amp#27;[35m[@503 - main]&amp#27;[m &amp#27;[36mcom.shaft.tools.io.ReportManager&amp#27;[m : File Action "GetAbsolutePath" successfully performed. With the following test data "Relative Folder Path: "C:\eclipse-workspace\MyProjects\TASystemsAPIs\src\test\resources\testDataFiles\Schemas\General_Policy_schema.json"".
2023-01-12 11:58:19.152 &amp#27;[32m INFO&amp#27;[m &amp#27;[35m[@503 - main]&amp#27;[m &amp#27;[36mcom.shaft.tools.io.ReportManager&amp#27;[m : File Action "ReadFile" successfully performed. With the following test data "File Path: "C:\eclipse-workspace\MyProjects\TASystemsAPIs\src\test\resources\testDataFiles\Schemas\General_Policy_schema.json"".
2023-01-12 11:58:19.153 &amp#27;[32m INFO&amp#27;[m &amp#27;[35m[@503 - main]&amp#27;[m &amp#27;[36mcom.shaft.tools.io.ReportManager&amp#27;[m : Successfully created attachment "Validation Test Data - Expected JSON Value"
2023-01-12 11:58:19.153 &amp#27;[32m INFO&amp#27;[m &amp#27;[35m[@503 - main]&amp#27;[m &amp#27;[36mcom.shaft.tools.io.ReportManager&amp#27;[m : Successfully created attachment "Validation Test Data - Actual JSON Value"
2023-01-12 11:58:19.155 &amp#27;[32m INFO&amp#27;[m &amp#27;[35m[@503 - main]&amp#27;[m &amp#27;[36mcom.shaft.tools.io.ReportManager&amp#27;[m : Successfully created attachment "SHAFT Engine Logs - Current Method log: Valid_Update_General_Policy_TC"
]]></system-out>
  </testcase>
  <testcase name="Valid_Update_General_Policy_TC[[Ljava.lang.Object;@5d111c52](2)" classname="SteeringCompanyAPI_TestCases.Test_Policies_Cases" time="1.112">
    <system-out><![CDATA[2023-01-12 11:58:19.156 &amp#27;[32m INFO&amp#27;[m &amp#27;[35m[@534 - main]&amp#27;[m &amp#27;[36mcom.shaft.tools.io.ReportManager&amp#27;[m : 
################################################################################################################################################
Starting Execution:	"159 out of 56" test cases in the current suite
Test Method:		"SteeringCompanyAPI_TestCases.Test_Policies_Cases.Valid_Update_General_Policy_TC"
Test Description:	"TC014 - Perform Update Valid General Policy"
################################################################################################################################################
2023-01-12 11:58:19.156 &amp#27;[32m INFO&amp#27;[m &amp#27;[35m[@503 - main]&amp#27;[m &amp#27;[36mcom.shaft.tools.io.ReportManager&amp#27;[m : File Action "DoesFileExist" successfully performed. With the following test data "File Path: "SteeringCompanyAPI_TestData/SteeringCompanyAPI_TestData.xlsx"".
2023-01-12 11:58:19.170 &amp#27;[32m INFO&amp#27;[m &amp#27;[35m[@503 - main]&amp#27;[m &amp#27;[36mcom.shaft.tools.io.ReportManager&amp#27;[m : Successfully created attachment "Test Data - Excel"
2023-01-12 11:58:19.754 &amp#27;[32m INFO&amp#27;[m &amp#27;[35m[@503 - main]&amp#27;[m &amp#27;[36mcom.shaft.tools.io.ReportManager&amp#27;[m : Response status code: "200", status line: "HTTP/1.1 200 OK"
2023-01-12 11:58:19.765 &amp#27;[32m INFO&amp#27;[m &amp#27;[35m[@503 - main]&amp#27;[m &amp#27;[36mcom.shaft.tools.io.ReportManager&amp#27;[m : Successfully created attachment "API Request - Specifications"
2023-01-12 11:58:19.766 &amp#27;[32m INFO&amp#27;[m &amp#27;[35m[@503 - main]&amp#27;[m &amp#27;[36mcom.shaft.tools.io.ReportManager&amp#27;[m : Successfully created attachment "API Request - Body"
2023-01-12 11:58:19.766 &amp#27;[32m INFO&amp#27;[m &amp#27;[35m[@503 - main]&amp#27;[m &amp#27;[36mcom.shaft.tools.io.ReportManager&amp#27;[m : Successfully created attachment "API Response - JSON Body"
2023-01-12 11:58:19.775 &amp#27;[32m INFO&amp#27;[m &amp#27;[35m[@503 - main]&amp#27;[m &amp#27;[36mcom.shaft.tools.io.ReportManager&amp#27;[m : File Action "DoesFileExist" successfully performed. With the following test data "File Path: "SteeringCompanyAPI_TestData/SteeringCompanyAPI_TestData.xlsx"".
2023-01-12 11:58:19.786 &amp#27;[32m INFO&amp#27;[m &amp#27;[35m[@503 - main]&amp#27;[m &amp#27;[36mcom.shaft.tools.io.ReportManager&amp#27;[m : Successfully created attachment "Test Data - Excel"
2023-01-12 11:58:20.247 &amp#27;[32m INFO&amp#27;[m &amp#27;[35m[@503 - main]&amp#27;[m &amp#27;[36mcom.shaft.tools.io.ReportManager&amp#27;[m : Response status code: "200", status line: "HTTP/1.1 200 "
2023-01-12 11:58:20.256 &amp#27;[32m INFO&amp#27;[m &amp#27;[35m[@503 - main]&amp#27;[m &amp#27;[36mcom.shaft.tools.io.ReportManager&amp#27;[m : Successfully created attachment "API Request - Specifications"
2023-01-12 11:58:20.258 &amp#27;[32m INFO&amp#27;[m &amp#27;[35m[@503 - main]&amp#27;[m &amp#27;[36mcom.shaft.tools.io.ReportManager&amp#27;[m : Successfully created attachment "API Request - JSON Body"
2023-01-12 11:58:20.259 &amp#27;[32m INFO&amp#27;[m &amp#27;[35m[@503 - main]&amp#27;[m &amp#27;[36mcom.shaft.tools.io.ReportManager&amp#27;[m : Successfully created attachment "API Response - JSON Body"
2023-01-12 11:58:20.259 &amp#27;[32m INFO&amp#27;[m &amp#27;[35m[@503 - main]&amp#27;[m &amp#27;[36mcom.shaft.tools.io.ReportManager&amp#27;[m : File Action "DoesFileExist" successfully performed. With the following test data "File Path: "Schemas/General_Policy_schema.json"".
2023-01-12 11:58:20.259 &amp#27;[32m INFO&amp#27;[m &amp#27;[35m[@503 - main]&amp#27;[m &amp#27;[36mcom.shaft.tools.io.ReportManager&amp#27;[m : File Action "DoesFileExist" successfully performed. With the following test data "File Path: "src/test/resources/testDataFiles/Schemas/General_Policy_schema.json"".
2023-01-12 11:58:20.259 &amp#27;[32m INFO&amp#27;[m &amp#27;[35m[@503 - main]&amp#27;[m &amp#27;[36mcom.shaft.tools.io.ReportManager&amp#27;[m : File Action "GetAbsolutePath" successfully performed. With the following test data "Relative Folder Path: "src/test/resources/testDataFiles/Schemas/General_Policy_schema.json"".
2023-01-12 11:58:20.261 &amp#27;[32m INFO&amp#27;[m &amp#27;[35m[@503 - main]&amp#27;[m &amp#27;[36mcom.shaft.tools.io.ReportManager&amp#27;[m : File Action "DoesFileExist" successfully performed. With the following test data "File Path: "C:\eclipse-workspace\MyProjects\TASystemsAPIs\src\test\resources\testDataFiles\Schemas\General_Policy_schema.json"".
2023-01-12 11:58:20.262 &amp#27;[32m INFO&amp#27;[m &amp#27;[35m[@503 - main]&amp#27;[m &amp#27;[36mcom.shaft.tools.io.ReportManager&amp#27;[m : File Action "GetAbsolutePath" successfully performed. With the following test data "Relative Folder Path: "C:\eclipse-workspace\MyProjects\TASystemsAPIs\src\test\resources\testDataFiles\Schemas\General_Policy_schema.json"".
2023-01-12 11:58:20.262 &amp#27;[32m INFO&amp#27;[m &amp#27;[35m[@503 - main]&amp#27;[m &amp#27;[36mcom.shaft.tools.io.ReportManager&amp#27;[m : File Action "ReadFile" successfully performed. With the following test data "File Path: "C:\eclipse-workspace\MyProjects\TASystemsAPIs\src\test\resources\testDataFiles\Schemas\General_Policy_schema.json"".
2023-01-12 11:58:20.263 &amp#27;[32m INFO&amp#27;[m &amp#27;[35m[@503 - main]&amp#27;[m &amp#27;[36mcom.shaft.tools.io.ReportManager&amp#27;[m : Successfully created attachment "Validation Test Data - Expected JSON Value"
2023-01-12 11:58:20.266 &amp#27;[32m INFO&amp#27;[m &amp#27;[35m[@503 - main]&amp#27;[m &amp#27;[36mcom.shaft.tools.io.ReportManager&amp#27;[m : Successfully created attachment "Validation Test Data - Actual JSON Value"
2023-01-12 11:58:20.266 &amp#27;[32m INFO&amp#27;[m &amp#27;[35m[@503 - main]&amp#27;[m &amp#27;[36mcom.shaft.tools.io.ReportManager&amp#27;[m : Successfully created attachment "SHAFT Engine Logs - Current Method log: Valid_Update_General_Policy_TC"
]]></system-out>
  </testcase>
  <testcase name="Valid_Update_Payment_Policy_TC[[Ljava.lang.Object;@734f0ba5](1)" classname="SteeringCompanyAPI_TestCases.Test_Policies_Cases" time="1.107">
    <system-out><![CDATA[2023-01-12 11:58:20.269 &amp#27;[32m INFO&amp#27;[m &amp#27;[35m[@534 - main]&amp#27;[m &amp#27;[36mcom.shaft.tools.io.ReportManager&amp#27;[m : 
################################################################################################################################################
Starting Execution:	"160 out of 56" test cases in the current suite
Test Method:		"SteeringCompanyAPI_TestCases.Test_Policies_Cases.Valid_Update_Payment_Policy_TC"
Test Description:	"TC013 - Perform Update Valid Payment Policy"
################################################################################################################################################
2023-01-12 11:58:20.270 &amp#27;[32m INFO&amp#27;[m &amp#27;[35m[@503 - main]&amp#27;[m &amp#27;[36mcom.shaft.tools.io.ReportManager&amp#27;[m : File Action "DoesFileExist" successfully performed. With the following test data "File Path: "SteeringCompanyAPI_TestData/SteeringCompanyAPI_TestData.xlsx"".
2023-01-12 11:58:20.279 &amp#27;[32m INFO&amp#27;[m &amp#27;[35m[@503 - main]&amp#27;[m &amp#27;[36mcom.shaft.tools.io.ReportManager&amp#27;[m : Successfully created attachment "Test Data - Excel"
2023-01-12 11:58:20.872 &amp#27;[32m INFO&amp#27;[m &amp#27;[35m[@503 - main]&amp#27;[m &amp#27;[36mcom.shaft.tools.io.ReportManager&amp#27;[m : Response status code: "200", status line: "HTTP/1.1 200 OK"
2023-01-12 11:58:20.890 &amp#27;[32m INFO&amp#27;[m &amp#27;[35m[@503 - main]&amp#27;[m &amp#27;[36mcom.shaft.tools.io.ReportManager&amp#27;[m : Successfully created attachment "API Request - Specifications"
2023-01-12 11:58:20.890 &amp#27;[32m INFO&amp#27;[m &amp#27;[35m[@503 - main]&amp#27;[m &amp#27;[36mcom.shaft.tools.io.ReportManager&amp#27;[m : Successfully created attachment "API Request - Body"
2023-01-12 11:58:20.891 &amp#27;[32m INFO&amp#27;[m &amp#27;[35m[@503 - main]&amp#27;[m &amp#27;[36mcom.shaft.tools.io.ReportManager&amp#27;[m : Successfully created attachment "API Response - JSON Body"
2023-01-12 11:58:20.897 &amp#27;[32m INFO&amp#27;[m &amp#27;[35m[@503 - main]&amp#27;[m &amp#27;[36mcom.shaft.tools.io.ReportManager&amp#27;[m : File Action "DoesFileExist" successfully performed. With the following test data "File Path: "SteeringCompanyAPI_TestData/SteeringCompanyAPI_TestData.xlsx"".
2023-01-12 11:58:20.907 &amp#27;[32m INFO&amp#27;[m &amp#27;[35m[@503 - main]&amp#27;[m &amp#27;[36mcom.shaft.tools.io.ReportManager&amp#27;[m : Successfully created attachment "Test Data - Excel"
2023-01-12 11:58:21.354 &amp#27;[32m INFO&amp#27;[m &amp#27;[35m[@503 - main]&amp#27;[m &amp#27;[36mcom.shaft.tools.io.ReportManager&amp#27;[m : Response status code: "200", status line: "HTTP/1.1 200 "
2023-01-12 11:58:21.367 &amp#27;[32m INFO&amp#27;[m &amp#27;[35m[@503 - main]&amp#27;[m &amp#27;[36mcom.shaft.tools.io.ReportManager&amp#27;[m : Successfully created attachment "API Request - Specifications"
2023-01-12 11:58:21.368 &amp#27;[32m INFO&amp#27;[m &amp#27;[35m[@503 - main]&amp#27;[m &amp#27;[36mcom.shaft.tools.io.ReportManager&amp#27;[m : Successfully created attachment "API Request - JSON Body"
2023-01-12 11:58:21.368 &amp#27;[32m INFO&amp#27;[m &amp#27;[35m[@503 - main]&amp#27;[m &amp#27;[36mcom.shaft.tools.io.ReportManager&amp#27;[m : Successfully created attachment "API Response - JSON Body"
2023-01-12 11:58:21.368 &amp#27;[32m INFO&amp#27;[m &amp#27;[35m[@503 - main]&amp#27;[m &amp#27;[36mcom.shaft.tools.io.ReportManager&amp#27;[m : File Action "DoesFileExist" successfully performed. With the following test data "File Path: "Schemas/Payment_Policy_schema.json"".
2023-01-12 11:58:21.368 &amp#27;[32m INFO&amp#27;[m &amp#27;[35m[@503 - main]&amp#27;[m &amp#27;[36mcom.shaft.tools.io.ReportManager&amp#27;[m : File Action "DoesFileExist" successfully performed. With the following test data "File Path: "src/test/resources/testDataFiles/Schemas/Payment_Policy_schema.json"".
2023-01-12 11:58:21.368 &amp#27;[32m INFO&amp#27;[m &amp#27;[35m[@503 - main]&amp#27;[m &amp#27;[36mcom.shaft.tools.io.ReportManager&amp#27;[m : File Action "GetAbsolutePath" successfully performed. With the following test data "Relative Folder Path: "src/test/resources/testDataFiles/Schemas/Payment_Policy_schema.json"".
2023-01-12 11:58:21.370 &amp#27;[32m INFO&amp#27;[m &amp#27;[35m[@503 - main]&amp#27;[m &amp#27;[36mcom.shaft.tools.io.ReportManager&amp#27;[m : File Action "DoesFileExist" successfully performed. With the following test data "File Path: "C:\eclipse-workspace\MyProjects\TASystemsAPIs\src\test\resources\testDataFiles\Schemas\Payment_Policy_schema.json"".
2023-01-12 11:58:21.370 &amp#27;[32m INFO&amp#27;[m &amp#27;[35m[@503 - main]&amp#27;[m &amp#27;[36mcom.shaft.tools.io.ReportManager&amp#27;[m : File Action "GetAbsolutePath" successfully performed. With the following test data "Relative Folder Path: "C:\eclipse-workspace\MyProjects\TASystemsAPIs\src\test\resources\testDataFiles\Schemas\Payment_Policy_schema.json"".
2023-01-12 11:58:21.371 &amp#27;[32m INFO&amp#27;[m &amp#27;[35m[@503 - main]&amp#27;[m &amp#27;[36mcom.shaft.tools.io.ReportManager&amp#27;[m : File Action "ReadFile" successfully performed. With the following test data "File Path: "C:\eclipse-workspace\MyProjects\TASystemsAPIs\src\test\resources\testDataFiles\Schemas\Payment_Policy_schema.json"".
2023-01-12 11:58:21.374 &amp#27;[32m INFO&amp#27;[m &amp#27;[35m[@503 - main]&amp#27;[m &amp#27;[36mcom.shaft.tools.io.ReportManager&amp#27;[m : Successfully created attachment "Validation Test Data - Expected JSON Value"
2023-01-12 11:58:21.375 &amp#27;[32m INFO&amp#27;[m &amp#27;[35m[@503 - main]&amp#27;[m &amp#27;[36mcom.shaft.tools.io.ReportManager&amp#27;[m : Successfully created attachment "Validation Test Data - Actual JSON Value"
2023-01-12 11:58:21.375 &amp#27;[32m INFO&amp#27;[m &amp#27;[35m[@503 - main]&amp#27;[m &amp#27;[36mcom.shaft.tools.io.ReportManager&amp#27;[m : Successfully created attachment "SHAFT Engine Logs - Current Method log: Valid_Update_Payment_Policy_TC"
]]></system-out>
  </testcase>
  <testcase name="Valid_Update_Payment_Policy_TC[[Ljava.lang.Object;@5130ed87](2)" classname="SteeringCompanyAPI_TestCases.Test_Policies_Cases" time="1.1">
    <system-out><![CDATA[2023-01-12 11:58:21.377 &amp#27;[32m INFO&amp#27;[m &amp#27;[35m[@534 - main]&amp#27;[m &amp#27;[36mcom.shaft.tools.io.ReportManager&amp#27;[m : 
################################################################################################################################################
Starting Execution:	"161 out of 56" test cases in the current suite
Test Method:		"SteeringCompanyAPI_TestCases.Test_Policies_Cases.Valid_Update_Payment_Policy_TC"
Test Description:	"TC013 - Perform Update Valid Payment Policy"
################################################################################################################################################
2023-01-12 11:58:21.377 &amp#27;[32m INFO&amp#27;[m &amp#27;[35m[@503 - main]&amp#27;[m &amp#27;[36mcom.shaft.tools.io.ReportManager&amp#27;[m : File Action "DoesFileExist" successfully performed. With the following test data "File Path: "SteeringCompanyAPI_TestData/SteeringCompanyAPI_TestData.xlsx"".
2023-01-12 11:58:21.386 &amp#27;[32m INFO&amp#27;[m &amp#27;[35m[@503 - main]&amp#27;[m &amp#27;[36mcom.shaft.tools.io.ReportManager&amp#27;[m : Successfully created attachment "Test Data - Excel"
2023-01-12 11:58:21.975 &amp#27;[32m INFO&amp#27;[m &amp#27;[35m[@503 - main]&amp#27;[m &amp#27;[36mcom.shaft.tools.io.ReportManager&amp#27;[m : Response status code: "200", status line: "HTTP/1.1 200 OK"
2023-01-12 11:58:21.984 &amp#27;[32m INFO&amp#27;[m &amp#27;[35m[@503 - main]&amp#27;[m &amp#27;[36mcom.shaft.tools.io.ReportManager&amp#27;[m : Successfully created attachment "API Request - Specifications"
2023-01-12 11:58:21.984 &amp#27;[32m INFO&amp#27;[m &amp#27;[35m[@503 - main]&amp#27;[m &amp#27;[36mcom.shaft.tools.io.ReportManager&amp#27;[m : Successfully created attachment "API Request - Body"
2023-01-12 11:58:21.987 &amp#27;[32m INFO&amp#27;[m &amp#27;[35m[@503 - main]&amp#27;[m &amp#27;[36mcom.shaft.tools.io.ReportManager&amp#27;[m : Successfully created attachment "API Response - JSON Body"
2023-01-12 11:58:21.994 &amp#27;[32m INFO&amp#27;[m &amp#27;[35m[@503 - main]&amp#27;[m &amp#27;[36mcom.shaft.tools.io.ReportManager&amp#27;[m : File Action "DoesFileExist" successfully performed. With the following test data "File Path: "SteeringCompanyAPI_TestData/SteeringCompanyAPI_TestData.xlsx"".
2023-01-12 11:58:22.003 &amp#27;[32m INFO&amp#27;[m &amp#27;[35m[@503 - main]&amp#27;[m &amp#27;[36mcom.shaft.tools.io.ReportManager&amp#27;[m : Successfully created attachment "Test Data - Excel"
2023-01-12 11:58:22.455 &amp#27;[32m INFO&amp#27;[m &amp#27;[35m[@503 - main]&amp#27;[m &amp#27;[36mcom.shaft.tools.io.ReportManager&amp#27;[m : Response status code: "200", status line: "HTTP/1.1 200 "
2023-01-12 11:58:22.468 &amp#27;[32m INFO&amp#27;[m &amp#27;[35m[@503 - main]&amp#27;[m &amp#27;[36mcom.shaft.tools.io.ReportManager&amp#27;[m : Successfully created attachment "API Request - Specifications"
2023-01-12 11:58:22.468 &amp#27;[32m INFO&amp#27;[m &amp#27;[35m[@503 - main]&amp#27;[m &amp#27;[36mcom.shaft.tools.io.ReportManager&amp#27;[m : Successfully created attachment "API Request - JSON Body"
2023-01-12 11:58:22.470 &amp#27;[32m INFO&amp#27;[m &amp#27;[35m[@503 - main]&amp#27;[m &amp#27;[36mcom.shaft.tools.io.ReportManager&amp#27;[m : Successfully created attachment "API Response - JSON Body"
2023-01-12 11:58:22.471 &amp#27;[32m INFO&amp#27;[m &amp#27;[35m[@503 - main]&amp#27;[m &amp#27;[36mcom.shaft.tools.io.ReportManager&amp#27;[m : File Action "DoesFileExist" successfully performed. With the following test data "File Path: "Schemas/Payment_Policy_schema.json"".
2023-01-12 11:58:22.471 &amp#27;[32m INFO&amp#27;[m &amp#27;[35m[@503 - main]&amp#27;[m &amp#27;[36mcom.shaft.tools.io.ReportManager&amp#27;[m : File Action "DoesFileExist" successfully performed. With the following test data "File Path: "src/test/resources/testDataFiles/Schemas/Payment_Policy_schema.json"".
2023-01-12 11:58:22.471 &amp#27;[32m INFO&amp#27;[m &amp#27;[35m[@503 - main]&amp#27;[m &amp#27;[36mcom.shaft.tools.io.ReportManager&amp#27;[m : File Action "GetAbsolutePath" successfully performed. With the following test data "Relative Folder Path: "src/test/resources/testDataFiles/Schemas/Payment_Policy_schema.json"".
2023-01-12 11:58:22.473 &amp#27;[32m INFO&amp#27;[m &amp#27;[35m[@503 - main]&amp#27;[m &amp#27;[36mcom.shaft.tools.io.ReportManager&amp#27;[m : File Action "DoesFileExist" successfully performed. With the following test data "File Path: "C:\eclipse-workspace\MyProjects\TASystemsAPIs\src\test\resources\testDataFiles\Schemas\Payment_Policy_schema.json"".
2023-01-12 11:58:22.473 &amp#27;[32m INFO&amp#27;[m &amp#27;[35m[@503 - main]&amp#27;[m &amp#27;[36mcom.shaft.tools.io.ReportManager&amp#27;[m : File Action "GetAbsolutePath" successfully performed. With the following test data "Relative Folder Path: "C:\eclipse-workspace\MyProjects\TASystemsAPIs\src\test\resources\testDataFiles\Schemas\Payment_Policy_schema.json"".
2023-01-12 11:58:22.473 &amp#27;[32m INFO&amp#27;[m &amp#27;[35m[@503 - main]&amp#27;[m &amp#27;[36mcom.shaft.tools.io.ReportManager&amp#27;[m : File Action "ReadFile" successfully performed. With the following test data "File Path: "C:\eclipse-workspace\MyProjects\TASystemsAPIs\src\test\resources\testDataFiles\Schemas\Payment_Policy_schema.json"".
2023-01-12 11:58:22.474 &amp#27;[32m INFO&amp#27;[m &amp#27;[35m[@503 - main]&amp#27;[m &amp#27;[36mcom.shaft.tools.io.ReportManager&amp#27;[m : Successfully created attachment "Validation Test Data - Expected JSON Value"
2023-01-12 11:58:22.474 &amp#27;[32m INFO&amp#27;[m &amp#27;[35m[@503 - main]&amp#27;[m &amp#27;[36mcom.shaft.tools.io.ReportManager&amp#27;[m : Successfully created attachment "Validation Test Data - Actual JSON Value"
2023-01-12 11:58:22.475 &amp#27;[32m INFO&amp#27;[m &amp#27;[35m[@503 - main]&amp#27;[m &amp#27;[36mcom.shaft.tools.io.ReportManager&amp#27;[m : Successfully created attachment "SHAFT Engine Logs - Current Method log: Valid_Update_Payment_Policy_TC"
]]></system-out>
  </testcase>
  <testcase name="Valid_Update_Tax_Policy_TC[[Ljava.lang.Object;@1620633d](1)" classname="SteeringCompanyAPI_TestCases.Test_Policies_Cases" time="1.094">
    <system-out><![CDATA[2023-01-12 11:58:22.478 &amp#27;[32m INFO&amp#27;[m &amp#27;[35m[@534 - main]&amp#27;[m &amp#27;[36mcom.shaft.tools.io.ReportManager&amp#27;[m : 
################################################################################################################################################
Starting Execution:	"162 out of 56" test cases in the current suite
Test Method:		"SteeringCompanyAPI_TestCases.Test_Policies_Cases.Valid_Update_Tax_Policy_TC"
Test Description:	"TC011 - Perform Update Valid Tax Policy"
################################################################################################################################################
2023-01-12 11:58:22.479 &amp#27;[32m INFO&amp#27;[m &amp#27;[35m[@503 - main]&amp#27;[m &amp#27;[36mcom.shaft.tools.io.ReportManager&amp#27;[m : File Action "DoesFileExist" successfully performed. With the following test data "File Path: "SteeringCompanyAPI_TestData/SteeringCompanyAPI_TestData.xlsx"".
2023-01-12 11:58:22.488 &amp#27;[32m INFO&amp#27;[m &amp#27;[35m[@503 - main]&amp#27;[m &amp#27;[36mcom.shaft.tools.io.ReportManager&amp#27;[m : Successfully created attachment "Test Data - Excel"
2023-01-12 11:58:23.070 &amp#27;[32m INFO&amp#27;[m &amp#27;[35m[@503 - main]&amp#27;[m &amp#27;[36mcom.shaft.tools.io.ReportManager&amp#27;[m : Response status code: "200", status line: "HTTP/1.1 200 OK"
2023-01-12 11:58:23.078 &amp#27;[32m INFO&amp#27;[m &amp#27;[35m[@503 - main]&amp#27;[m &amp#27;[36mcom.shaft.tools.io.ReportManager&amp#27;[m : Successfully created attachment "API Request - Specifications"
2023-01-12 11:58:23.081 &amp#27;[32m INFO&amp#27;[m &amp#27;[35m[@503 - main]&amp#27;[m &amp#27;[36mcom.shaft.tools.io.ReportManager&amp#27;[m : Successfully created attachment "API Request - Body"
2023-01-12 11:58:23.081 &amp#27;[32m INFO&amp#27;[m &amp#27;[35m[@503 - main]&amp#27;[m &amp#27;[36mcom.shaft.tools.io.ReportManager&amp#27;[m : Successfully created attachment "API Response - JSON Body"
2023-01-12 11:58:23.087 &amp#27;[32m INFO&amp#27;[m &amp#27;[35m[@503 - main]&amp#27;[m &amp#27;[36mcom.shaft.tools.io.ReportManager&amp#27;[m : File Action "DoesFileExist" successfully performed. With the following test data "File Path: "SteeringCompanyAPI_TestData/SteeringCompanyAPI_TestData.xlsx"".
2023-01-12 11:58:23.099 &amp#27;[32m INFO&amp#27;[m &amp#27;[35m[@503 - main]&amp#27;[m &amp#27;[36mcom.shaft.tools.io.ReportManager&amp#27;[m : Successfully created attachment "Test Data - Excel"
2023-01-12 11:58:23.553 &amp#27;[32m INFO&amp#27;[m &amp#27;[35m[@503 - main]&amp#27;[m &amp#27;[36mcom.shaft.tools.io.ReportManager&amp#27;[m : Response status code: "200", status line: "HTTP/1.1 200 "
2023-01-12 11:58:23.561 &amp#27;[32m INFO&amp#27;[m &amp#27;[35m[@503 - main]&amp#27;[m &amp#27;[36mcom.shaft.tools.io.ReportManager&amp#27;[m : Successfully created attachment "API Request - Specifications"
2023-01-12 11:58:23.564 &amp#27;[32m INFO&amp#27;[m &amp#27;[35m[@503 - main]&amp#27;[m &amp#27;[36mcom.shaft.tools.io.ReportManager&amp#27;[m : Successfully created attachment "API Request - JSON Body"
2023-01-12 11:58:23.565 &amp#27;[32m INFO&amp#27;[m &amp#27;[35m[@503 - main]&amp#27;[m &amp#27;[36mcom.shaft.tools.io.ReportManager&amp#27;[m : Successfully created attachment "API Response - JSON Body"
2023-01-12 11:58:23.565 &amp#27;[32m INFO&amp#27;[m &amp#27;[35m[@503 - main]&amp#27;[m &amp#27;[36mcom.shaft.tools.io.ReportManager&amp#27;[m : File Action "DoesFileExist" successfully performed. With the following test data "File Path: "Schemas/Tax_Policy_schema.json"".
2023-01-12 11:58:23.565 &amp#27;[32m INFO&amp#27;[m &amp#27;[35m[@503 - main]&amp#27;[m &amp#27;[36mcom.shaft.tools.io.ReportManager&amp#27;[m : File Action "DoesFileExist" successfully performed. With the following test data "File Path: "src/test/resources/testDataFiles/Schemas/Tax_Policy_schema.json"".
2023-01-12 11:58:23.565 &amp#27;[32m INFO&amp#27;[m &amp#27;[35m[@503 - main]&amp#27;[m &amp#27;[36mcom.shaft.tools.io.ReportManager&amp#27;[m : File Action "GetAbsolutePath" successfully performed. With the following test data "Relative Folder Path: "src/test/resources/testDataFiles/Schemas/Tax_Policy_schema.json"".
2023-01-12 11:58:23.566 &amp#27;[32m INFO&amp#27;[m &amp#27;[35m[@503 - main]&amp#27;[m &amp#27;[36mcom.shaft.tools.io.ReportManager&amp#27;[m : File Action "DoesFileExist" successfully performed. With the following test data "File Path: "C:\eclipse-workspace\MyProjects\TASystemsAPIs\src\test\resources\testDataFiles\Schemas\Tax_Policy_schema.json"".
2023-01-12 11:58:23.567 &amp#27;[32m INFO&amp#27;[m &amp#27;[35m[@503 - main]&amp#27;[m &amp#27;[36mcom.shaft.tools.io.ReportManager&amp#27;[m : File Action "GetAbsolutePath" successfully performed. With the following test data "Relative Folder Path: "C:\eclipse-workspace\MyProjects\TASystemsAPIs\src\test\resources\testDataFiles\Schemas\Tax_Policy_schema.json"".
2023-01-12 11:58:23.567 &amp#27;[32m INFO&amp#27;[m &amp#27;[35m[@503 - main]&amp#27;[m &amp#27;[36mcom.shaft.tools.io.ReportManager&amp#27;[m : File Action "ReadFile" successfully performed. With the following test data "File Path: "C:\eclipse-workspace\MyProjects\TASystemsAPIs\src\test\resources\testDataFiles\Schemas\Tax_Policy_schema.json"".
2023-01-12 11:58:23.568 &amp#27;[32m INFO&amp#27;[m &amp#27;[35m[@503 - main]&amp#27;[m &amp#27;[36mcom.shaft.tools.io.ReportManager&amp#27;[m : Successfully created attachment "Validation Test Data - Expected JSON Value"
2023-01-12 11:58:23.568 &amp#27;[32m INFO&amp#27;[m &amp#27;[35m[@503 - main]&amp#27;[m &amp#27;[36mcom.shaft.tools.io.ReportManager&amp#27;[m : Successfully created attachment "Validation Test Data - Actual JSON Value"
2023-01-12 11:58:23.570 &amp#27;[32m INFO&amp#27;[m &amp#27;[35m[@503 - main]&amp#27;[m &amp#27;[36mcom.shaft.tools.io.ReportManager&amp#27;[m : Successfully created attachment "SHAFT Engine Logs - Current Method log: Valid_Update_Tax_Policy_TC"
]]></system-out>
  </testcase>
  <testcase name="Valid_Update_Tax_Policy_TC[[Ljava.lang.Object;@21c3628d](2)" classname="SteeringCompanyAPI_TestCases.Test_Policies_Cases" time="1.096">
    <system-out><![CDATA[2023-01-12 11:58:23.571 &amp#27;[32m INFO&amp#27;[m &amp#27;[35m[@534 - main]&amp#27;[m &amp#27;[36mcom.shaft.tools.io.ReportManager&amp#27;[m : 
################################################################################################################################################
Starting Execution:	"163 out of 56" test cases in the current suite
Test Method:		"SteeringCompanyAPI_TestCases.Test_Policies_Cases.Valid_Update_Tax_Policy_TC"
Test Description:	"TC011 - Perform Update Valid Tax Policy"
################################################################################################################################################
2023-01-12 11:58:23.571 &amp#27;[32m INFO&amp#27;[m &amp#27;[35m[@503 - main]&amp#27;[m &amp#27;[36mcom.shaft.tools.io.ReportManager&amp#27;[m : File Action "DoesFileExist" successfully performed. With the following test data "File Path: "SteeringCompanyAPI_TestData/SteeringCompanyAPI_TestData.xlsx"".
2023-01-12 11:58:23.584 &amp#27;[32m INFO&amp#27;[m &amp#27;[35m[@503 - main]&amp#27;[m &amp#27;[36mcom.shaft.tools.io.ReportManager&amp#27;[m : Successfully created attachment "Test Data - Excel"
2023-01-12 11:58:24.166 &amp#27;[32m INFO&amp#27;[m &amp#27;[35m[@503 - main]&amp#27;[m &amp#27;[36mcom.shaft.tools.io.ReportManager&amp#27;[m : Response status code: "200", status line: "HTTP/1.1 200 OK"
2023-01-12 11:58:24.181 &amp#27;[32m INFO&amp#27;[m &amp#27;[35m[@503 - main]&amp#27;[m &amp#27;[36mcom.shaft.tools.io.ReportManager&amp#27;[m : Successfully created attachment "API Request - Specifications"
2023-01-12 11:58:24.181 &amp#27;[32m INFO&amp#27;[m &amp#27;[35m[@503 - main]&amp#27;[m &amp#27;[36mcom.shaft.tools.io.ReportManager&amp#27;[m : Successfully created attachment "API Request - Body"
2023-01-12 11:58:24.182 &amp#27;[32m INFO&amp#27;[m &amp#27;[35m[@503 - main]&amp#27;[m &amp#27;[36mcom.shaft.tools.io.ReportManager&amp#27;[m : Successfully created attachment "API Response - JSON Body"
2023-01-12 11:58:24.188 &amp#27;[32m INFO&amp#27;[m &amp#27;[35m[@503 - main]&amp#27;[m &amp#27;[36mcom.shaft.tools.io.ReportManager&amp#27;[m : File Action "DoesFileExist" successfully performed. With the following test data "File Path: "SteeringCompanyAPI_TestData/SteeringCompanyAPI_TestData.xlsx"".
2023-01-12 11:58:24.197 &amp#27;[32m INFO&amp#27;[m &amp#27;[35m[@503 - main]&amp#27;[m &amp#27;[36mcom.shaft.tools.io.ReportManager&amp#27;[m : Successfully created attachment "Test Data - Excel"
2023-01-12 11:58:24.648 &amp#27;[32m INFO&amp#27;[m &amp#27;[35m[@503 - main]&amp#27;[m &amp#27;[36mcom.shaft.tools.io.ReportManager&amp#27;[m : Response status code: "200", status line: "HTTP/1.1 200 "
2023-01-12 11:58:24.660 &amp#27;[32m INFO&amp#27;[m &amp#27;[35m[@503 - main]&amp#27;[m &amp#27;[36mcom.shaft.tools.io.ReportManager&amp#27;[m : Successfully created attachment "API Request - Specifications"
2023-01-12 11:58:24.661 &amp#27;[32m INFO&amp#27;[m &amp#27;[35m[@503 - main]&amp#27;[m &amp#27;[36mcom.shaft.tools.io.ReportManager&amp#27;[m : Successfully created attachment "API Request - JSON Body"
2023-01-12 11:58:24.662 &amp#27;[32m INFO&amp#27;[m &amp#27;[35m[@503 - main]&amp#27;[m &amp#27;[36mcom.shaft.tools.io.ReportManager&amp#27;[m : Successfully created attachment "API Response - JSON Body"
2023-01-12 11:58:24.662 &amp#27;[32m INFO&amp#27;[m &amp#27;[35m[@503 - main]&amp#27;[m &amp#27;[36mcom.shaft.tools.io.ReportManager&amp#27;[m : File Action "DoesFileExist" successfully performed. With the following test data "File Path: "Schemas/Tax_Policy_schema.json"".
2023-01-12 11:58:24.662 &amp#27;[32m INFO&amp#27;[m &amp#27;[35m[@503 - main]&amp#27;[m &amp#27;[36mcom.shaft.tools.io.ReportManager&amp#27;[m : File Action "DoesFileExist" successfully performed. With the following test data "File Path: "src/test/resources/testDataFiles/Schemas/Tax_Policy_schema.json"".
2023-01-12 11:58:24.662 &amp#27;[32m INFO&amp#27;[m &amp#27;[35m[@503 - main]&amp#27;[m &amp#27;[36mcom.shaft.tools.io.ReportManager&amp#27;[m : File Action "GetAbsolutePath" successfully performed. With the following test data "Relative Folder Path: "src/test/resources/testDataFiles/Schemas/Tax_Policy_schema.json"".
2023-01-12 11:58:24.663 &amp#27;[32m INFO&amp#27;[m &amp#27;[35m[@503 - main]&amp#27;[m &amp#27;[36mcom.shaft.tools.io.ReportManager&amp#27;[m : File Action "DoesFileExist" successfully performed. With the following test data "File Path: "C:\eclipse-workspace\MyProjects\TASystemsAPIs\src\test\resources\testDataFiles\Schemas\Tax_Policy_schema.json"".
2023-01-12 11:58:24.664 &amp#27;[32m INFO&amp#27;[m &amp#27;[35m[@503 - main]&amp#27;[m &amp#27;[36mcom.shaft.tools.io.ReportManager&amp#27;[m : File Action "GetAbsolutePath" successfully performed. With the following test data "Relative Folder Path: "C:\eclipse-workspace\MyProjects\TASystemsAPIs\src\test\resources\testDataFiles\Schemas\Tax_Policy_schema.json"".
2023-01-12 11:58:24.664 &amp#27;[32m INFO&amp#27;[m &amp#27;[35m[@503 - main]&amp#27;[m &amp#27;[36mcom.shaft.tools.io.ReportManager&amp#27;[m : File Action "ReadFile" successfully performed. With the following test data "File Path: "C:\eclipse-workspace\MyProjects\TASystemsAPIs\src\test\resources\testDataFiles\Schemas\Tax_Policy_schema.json"".
2023-01-12 11:58:24.664 &amp#27;[32m INFO&amp#27;[m &amp#27;[35m[@503 - main]&amp#27;[m &amp#27;[36mcom.shaft.tools.io.ReportManager&amp#27;[m : Successfully created attachment "Validation Test Data - Expected JSON Value"
2023-01-12 11:58:24.665 &amp#27;[32m INFO&amp#27;[m &amp#27;[35m[@503 - main]&amp#27;[m &amp#27;[36mcom.shaft.tools.io.ReportManager&amp#27;[m : Successfully created attachment "Validation Test Data - Actual JSON Value"
2023-01-12 11:58:24.666 &amp#27;[32m INFO&amp#27;[m &amp#27;[35m[@503 - main]&amp#27;[m &amp#27;[36mcom.shaft.tools.io.ReportManager&amp#27;[m : Successfully created attachment "SHAFT Engine Logs - Current Method log: Valid_Update_Tax_Policy_TC"
]]></system-out>
  </testcase>
  <testcase name="Valid_Update_Usage_Policy_TC[[Ljava.lang.Object;@1766f744](1)" classname="SteeringCompanyAPI_TestCases.Test_Policies_Cases" time="1.121">
    <system-out><![CDATA[2023-01-12 11:58:24.668 &amp#27;[32m INFO&amp#27;[m &amp#27;[35m[@534 - main]&amp#27;[m &amp#27;[36mcom.shaft.tools.io.ReportManager&amp#27;[m : 
################################################################################################################################################
Starting Execution:	"164 out of 56" test cases in the current suite
Test Method:		"SteeringCompanyAPI_TestCases.Test_Policies_Cases.Valid_Update_Usage_Policy_TC"
Test Description:	"TC012 - Perform Update Valid Usage Policy"
################################################################################################################################################
2023-01-12 11:58:24.669 &amp#27;[32m INFO&amp#27;[m &amp#27;[35m[@503 - main]&amp#27;[m &amp#27;[36mcom.shaft.tools.io.ReportManager&amp#27;[m : File Action "DoesFileExist" successfully performed. With the following test data "File Path: "SteeringCompanyAPI_TestData/SteeringCompanyAPI_TestData.xlsx"".
2023-01-12 11:58:24.677 &amp#27;[32m INFO&amp#27;[m &amp#27;[35m[@503 - main]&amp#27;[m &amp#27;[36mcom.shaft.tools.io.ReportManager&amp#27;[m : Successfully created attachment "Test Data - Excel"
2023-01-12 11:58:25.274 &amp#27;[32m INFO&amp#27;[m &amp#27;[35m[@503 - main]&amp#27;[m &amp#27;[36mcom.shaft.tools.io.ReportManager&amp#27;[m : Response status code: "200", status line: "HTTP/1.1 200 OK"
2023-01-12 11:58:25.286 &amp#27;[32m INFO&amp#27;[m &amp#27;[35m[@503 - main]&amp#27;[m &amp#27;[36mcom.shaft.tools.io.ReportManager&amp#27;[m : Successfully created attachment "API Request - Specifications"
2023-01-12 11:58:25.287 &amp#27;[32m INFO&amp#27;[m &amp#27;[35m[@503 - main]&amp#27;[m &amp#27;[36mcom.shaft.tools.io.ReportManager&amp#27;[m : Successfully created attachment "API Request - Body"
2023-01-12 11:58:25.288 &amp#27;[32m INFO&amp#27;[m &amp#27;[35m[@503 - main]&amp#27;[m &amp#27;[36mcom.shaft.tools.io.ReportManager&amp#27;[m : Successfully created attachment "API Response - JSON Body"
2023-01-12 11:58:25.294 &amp#27;[32m INFO&amp#27;[m &amp#27;[35m[@503 - main]&amp#27;[m &amp#27;[36mcom.shaft.tools.io.ReportManager&amp#27;[m : File Action "DoesFileExist" successfully performed. With the following test data "File Path: "SteeringCompanyAPI_TestData/SteeringCompanyAPI_TestData.xlsx"".
2023-01-12 11:58:25.302 &amp#27;[32m INFO&amp#27;[m &amp#27;[35m[@503 - main]&amp#27;[m &amp#27;[36mcom.shaft.tools.io.ReportManager&amp#27;[m : Successfully created attachment "Test Data - Excel"
2023-01-12 11:58:25.766 &amp#27;[32m INFO&amp#27;[m &amp#27;[35m[@503 - main]&amp#27;[m &amp#27;[36mcom.shaft.tools.io.ReportManager&amp#27;[m : Response status code: "200", status line: "HTTP/1.1 200 "
2023-01-12 11:58:25.777 &amp#27;[32m INFO&amp#27;[m &amp#27;[35m[@503 - main]&amp#27;[m &amp#27;[36mcom.shaft.tools.io.ReportManager&amp#27;[m : Successfully created attachment "API Request - Specifications"
2023-01-12 11:58:25.778 &amp#27;[32m INFO&amp#27;[m &amp#27;[35m[@503 - main]&amp#27;[m &amp#27;[36mcom.shaft.tools.io.ReportManager&amp#27;[m : Successfully created attachment "API Request - JSON Body"
2023-01-12 11:58:25.780 &amp#27;[32m INFO&amp#27;[m &amp#27;[35m[@503 - main]&amp#27;[m &amp#27;[36mcom.shaft.tools.io.ReportManager&amp#27;[m : Successfully created attachment "API Response - JSON Body"
2023-01-12 11:58:25.781 &amp#27;[32m INFO&amp#27;[m &amp#27;[35m[@503 - main]&amp#27;[m &amp#27;[36mcom.shaft.tools.io.ReportManager&amp#27;[m : File Action "DoesFileExist" successfully performed. With the following test data "File Path: "Schemas/Usage_Policy_schema.json"".
2023-01-12 11:58:25.781 &amp#27;[32m INFO&amp#27;[m &amp#27;[35m[@503 - main]&amp#27;[m &amp#27;[36mcom.shaft.tools.io.ReportManager&amp#27;[m : File Action "DoesFileExist" successfully performed. With the following test data "File Path: "src/test/resources/testDataFiles/Schemas/Usage_Policy_schema.json"".
2023-01-12 11:58:25.781 &amp#27;[32m INFO&amp#27;[m &amp#27;[35m[@503 - main]&amp#27;[m &amp#27;[36mcom.shaft.tools.io.ReportManager&amp#27;[m : File Action "GetAbsolutePath" successfully performed. With the following test data "Relative Folder Path: "src/test/resources/testDataFiles/Schemas/Usage_Policy_schema.json"".
2023-01-12 11:58:25.782 &amp#27;[32m INFO&amp#27;[m &amp#27;[35m[@503 - main]&amp#27;[m &amp#27;[36mcom.shaft.tools.io.ReportManager&amp#27;[m : File Action "DoesFileExist" successfully performed. With the following test data "File Path: "C:\eclipse-workspace\MyProjects\TASystemsAPIs\src\test\resources\testDataFiles\Schemas\Usage_Policy_schema.json"".
2023-01-12 11:58:25.783 &amp#27;[32m INFO&amp#27;[m &amp#27;[35m[@503 - main]&amp#27;[m &amp#27;[36mcom.shaft.tools.io.ReportManager&amp#27;[m : File Action "GetAbsolutePath" successfully performed. With the following test data "Relative Folder Path: "C:\eclipse-workspace\MyProjects\TASystemsAPIs\src\test\resources\testDataFiles\Schemas\Usage_Policy_schema.json"".
2023-01-12 11:58:25.784 &amp#27;[32m INFO&amp#27;[m &amp#27;[35m[@503 - main]&amp#27;[m &amp#27;[36mcom.shaft.tools.io.ReportManager&amp#27;[m : File Action "ReadFile" successfully performed. With the following test data "File Path: "C:\eclipse-workspace\MyProjects\TASystemsAPIs\src\test\resources\testDataFiles\Schemas\Usage_Policy_schema.json"".
2023-01-12 11:58:25.786 &amp#27;[32m INFO&amp#27;[m &amp#27;[35m[@503 - main]&amp#27;[m &amp#27;[36mcom.shaft.tools.io.ReportManager&amp#27;[m : Successfully created attachment "Validation Test Data - Expected JSON Value"
2023-01-12 11:58:25.786 &amp#27;[32m INFO&amp#27;[m &amp#27;[35m[@503 - main]&amp#27;[m &amp#27;[36mcom.shaft.tools.io.ReportManager&amp#27;[m : Successfully created attachment "Validation Test Data - Actual JSON Value"
2023-01-12 11:58:25.787 &amp#27;[32m INFO&amp#27;[m &amp#27;[35m[@503 - main]&amp#27;[m &amp#27;[36mcom.shaft.tools.io.ReportManager&amp#27;[m : Successfully created attachment "SHAFT Engine Logs - Current Method log: Valid_Update_Usage_Policy_TC"
]]></system-out>
  </testcase>
  <testcase name="Valid_Update_Usage_Policy_TC[[Ljava.lang.Object;@3f38cb2d](2)" classname="SteeringCompanyAPI_TestCases.Test_Policies_Cases" time="1.104">
    <system-out><![CDATA[2023-01-12 11:58:25.789 &amp#27;[32m INFO&amp#27;[m &amp#27;[35m[@534 - main]&amp#27;[m &amp#27;[36mcom.shaft.tools.io.ReportManager&amp#27;[m : 
################################################################################################################################################
Starting Execution:	"165 out of 56" test cases in the current suite
Test Method:		"SteeringCompanyAPI_TestCases.Test_Policies_Cases.Valid_Update_Usage_Policy_TC"
Test Description:	"TC012 - Perform Update Valid Usage Policy"
################################################################################################################################################
2023-01-12 11:58:25.789 &amp#27;[32m INFO&amp#27;[m &amp#27;[35m[@503 - main]&amp#27;[m &amp#27;[36mcom.shaft.tools.io.ReportManager&amp#27;[m : File Action "DoesFileExist" successfully performed. With the following test data "File Path: "SteeringCompanyAPI_TestData/SteeringCompanyAPI_TestData.xlsx"".
2023-01-12 11:58:25.798 &amp#27;[32m INFO&amp#27;[m &amp#27;[35m[@503 - main]&amp#27;[m &amp#27;[36mcom.shaft.tools.io.ReportManager&amp#27;[m : Successfully created attachment "Test Data - Excel"
2023-01-12 11:58:26.391 &amp#27;[32m INFO&amp#27;[m &amp#27;[35m[@503 - main]&amp#27;[m &amp#27;[36mcom.shaft.tools.io.ReportManager&amp#27;[m : Response status code: "200", status line: "HTTP/1.1 200 OK"
2023-01-12 11:58:26.400 &amp#27;[32m INFO&amp#27;[m &amp#27;[35m[@503 - main]&amp#27;[m &amp#27;[36mcom.shaft.tools.io.ReportManager&amp#27;[m : Successfully created attachment "API Request - Specifications"
2023-01-12 11:58:26.403 &amp#27;[32m INFO&amp#27;[m &amp#27;[35m[@503 - main]&amp#27;[m &amp#27;[36mcom.shaft.tools.io.ReportManager&amp#27;[m : Successfully created attachment "API Request - Body"
2023-01-12 11:58:26.404 &amp#27;[32m INFO&amp#27;[m &amp#27;[35m[@503 - main]&amp#27;[m &amp#27;[36mcom.shaft.tools.io.ReportManager&amp#27;[m : Successfully created attachment "API Response - JSON Body"
2023-01-12 11:58:26.410 &amp#27;[32m INFO&amp#27;[m &amp#27;[35m[@503 - main]&amp#27;[m &amp#27;[36mcom.shaft.tools.io.ReportManager&amp#27;[m : File Action "DoesFileExist" successfully performed. With the following test data "File Path: "SteeringCompanyAPI_TestData/SteeringCompanyAPI_TestData.xlsx"".
2023-01-12 11:58:26.420 &amp#27;[32m INFO&amp#27;[m &amp#27;[35m[@503 - main]&amp#27;[m &amp#27;[36mcom.shaft.tools.io.ReportManager&amp#27;[m : Successfully created attachment "Test Data - Excel"
2023-01-12 11:58:26.873 &amp#27;[32m INFO&amp#27;[m &amp#27;[35m[@503 - main]&amp#27;[m &amp#27;[36mcom.shaft.tools.io.ReportManager&amp#27;[m : Response status code: "200", status line: "HTTP/1.1 200 "
2023-01-12 11:58:26.884 &amp#27;[32m INFO&amp#27;[m &amp#27;[35m[@503 - main]&amp#27;[m &amp#27;[36mcom.shaft.tools.io.ReportManager&amp#27;[m : Successfully created attachment "API Request - Specifications"
2023-01-12 11:58:26.887 &amp#27;[32m INFO&amp#27;[m &amp#27;[35m[@503 - main]&amp#27;[m &amp#27;[36mcom.shaft.tools.io.ReportManager&amp#27;[m : Successfully created attachment "API Request - JSON Body"
2023-01-12 11:58:26.887 &amp#27;[32m INFO&amp#27;[m &amp#27;[35m[@503 - main]&amp#27;[m &amp#27;[36mcom.shaft.tools.io.ReportManager&amp#27;[m : Successfully created attachment "API Response - JSON Body"
2023-01-12 11:58:26.888 &amp#27;[32m INFO&amp#27;[m &amp#27;[35m[@503 - main]&amp#27;[m &amp#27;[36mcom.shaft.tools.io.ReportManager&amp#27;[m : File Action "DoesFileExist" successfully performed. With the following test data "File Path: "Schemas/Usage_Policy_schema.json"".
2023-01-12 11:58:26.888 &amp#27;[32m INFO&amp#27;[m &amp#27;[35m[@503 - main]&amp#27;[m &amp#27;[36mcom.shaft.tools.io.ReportManager&amp#27;[m : File Action "DoesFileExist" successfully performed. With the following test data "File Path: "src/test/resources/testDataFiles/Schemas/Usage_Policy_schema.json"".
2023-01-12 11:58:26.888 &amp#27;[32m INFO&amp#27;[m &amp#27;[35m[@503 - main]&amp#27;[m &amp#27;[36mcom.shaft.tools.io.ReportManager&amp#27;[m : File Action "GetAbsolutePath" successfully performed. With the following test data "Relative Folder Path: "src/test/resources/testDataFiles/Schemas/Usage_Policy_schema.json"".
2023-01-12 11:58:26.889 &amp#27;[32m INFO&amp#27;[m &amp#27;[35m[@503 - main]&amp#27;[m &amp#27;[36mcom.shaft.tools.io.ReportManager&amp#27;[m : File Action "DoesFileExist" successfully performed. With the following test data "File Path: "C:\eclipse-workspace\MyProjects\TASystemsAPIs\src\test\resources\testDataFiles\Schemas\Usage_Policy_schema.json"".
2023-01-12 11:58:26.889 &amp#27;[32m INFO&amp#27;[m &amp#27;[35m[@503 - main]&amp#27;[m &amp#27;[36mcom.shaft.tools.io.ReportManager&amp#27;[m : File Action "GetAbsolutePath" successfully performed. With the following test data "Relative Folder Path: "C:\eclipse-workspace\MyProjects\TASystemsAPIs\src\test\resources\testDataFiles\Schemas\Usage_Policy_schema.json"".
2023-01-12 11:58:26.889 &amp#27;[32m INFO&amp#27;[m &amp#27;[35m[@503 - main]&amp#27;[m &amp#27;[36mcom.shaft.tools.io.ReportManager&amp#27;[m : File Action "ReadFile" successfully performed. With the following test data "File Path: "C:\eclipse-workspace\MyProjects\TASystemsAPIs\src\test\resources\testDataFiles\Schemas\Usage_Policy_schema.json"".
2023-01-12 11:58:26.890 &amp#27;[32m INFO&amp#27;[m &amp#27;[35m[@503 - main]&amp#27;[m &amp#27;[36mcom.shaft.tools.io.ReportManager&amp#27;[m : Successfully created attachment "Validation Test Data - Expected JSON Value"
2023-01-12 11:58:26.891 &amp#27;[32m INFO&amp#27;[m &amp#27;[35m[@503 - main]&amp#27;[m &amp#27;[36mcom.shaft.tools.io.ReportManager&amp#27;[m : Successfully created attachment "Validation Test Data - Actual JSON Value"
2023-01-12 11:58:26.892 &amp#27;[32m INFO&amp#27;[m &amp#27;[35m[@503 - main]&amp#27;[m &amp#27;[36mcom.shaft.tools.io.ReportManager&amp#27;[m : Successfully created attachment "SHAFT Engine Logs - Current Method log: Valid_Update_Usage_Policy_TC"
]]></system-out>
  </testcase>
  <testcase name="Bad_Token_RQ_TC" classname="SteeringCompanyAPI_TestCases.Test_Token_Cases" time="0.463">
    <system-out><![CDATA[2023-01-12 11:58:26.893 &amp#27;[32m INFO&amp#27;[m &amp#27;[35m[@534 - main]&amp#27;[m &amp#27;[36mcom.shaft.tools.io.ReportManager&amp#27;[m : 
################################################################################################################################################
Starting Execution of a Configuration (Setup or Teardown) Method
Test Method:		"SteeringCompanyAPI_TestCases.Test_Token_Cases.Setup_data"
################################################################################################################################################
2023-01-12 11:58:26.893 &amp#27;[32m INFO&amp#27;[m &amp#27;[35m[@503 - main]&amp#27;[m &amp#27;[36mcom.shaft.tools.io.ReportManager&amp#27;[m : File Action "DoesFileExist" successfully performed. With the following test data "File Path: "SteeringCompanyAPI_TestData/SteeringCompanyAPI_TestData.xlsx"".
2023-01-12 11:58:26.901 &amp#27;[32m INFO&amp#27;[m &amp#27;[35m[@503 - main]&amp#27;[m &amp#27;[36mcom.shaft.tools.io.ReportManager&amp#27;[m : Successfully created attachment "Test Data - Excel"
2023-01-12 11:58:26.902 &amp#27;[31mERROR&amp#27;[m &amp#27;[35m[@609 - main]&amp#27;[m &amp#27;[36mio.qameta.allure.AllureLifecycle&amp#27;[m : Could not add attachment: no test is running
2023-01-12 11:58:26.902 &amp#27;[32m INFO&amp#27;[m &amp#27;[35m[@503 - main]&amp#27;[m &amp#27;[36mcom.shaft.tools.io.ReportManager&amp#27;[m : Successfully created attachment "SHAFT Engine Logs - Current Method log: Setup_data"
2023-01-12 11:58:26.903 &amp#27;[32m INFO&amp#27;[m &amp#27;[35m[@534 - main]&amp#27;[m &amp#27;[36mcom.shaft.tools.io.ReportManager&amp#27;[m : 
################################################################################################################################################
Starting Execution:	"166 out of 56" test cases in the current suite
Test Method:		"SteeringCompanyAPI_TestCases.Test_Token_Cases.Bad_Token_RQ_TC"
Test Description:	"TC003 - Perform Post Token API with empty request body"
################################################################################################################################################
2023-01-12 11:58:26.903 &amp#27;[32m INFO&amp#27;[m &amp#27;[35m[@503 - main]&amp#27;[m &amp#27;[36mcom.shaft.tools.io.ReportManager&amp#27;[m : File Action "DoesFileExist" successfully performed. With the following test data "File Path: "SteeringCompanyAPI_TestData/SteeringCompanyAPI_TestData.xlsx"".
2023-01-12 11:58:26.912 &amp#27;[32m INFO&amp#27;[m &amp#27;[35m[@503 - main]&amp#27;[m &amp#27;[36mcom.shaft.tools.io.ReportManager&amp#27;[m : Successfully created attachment "Test Data - Excel"
2023-01-12 11:58:27.348 &amp#27;[32m INFO&amp#27;[m &amp#27;[35m[@503 - main]&amp#27;[m &amp#27;[36mcom.shaft.tools.io.ReportManager&amp#27;[m : Response status code: "400", status line: "HTTP/1.1 400 Bad Request"
2023-01-12 11:58:27.357 &amp#27;[32m INFO&amp#27;[m &amp#27;[35m[@503 - main]&amp#27;[m &amp#27;[36mcom.shaft.tools.io.ReportManager&amp#27;[m : Successfully created attachment "API Request - Specifications"
2023-01-12 11:58:27.359 &amp#27;[32m INFO&amp#27;[m &amp#27;[35m[@503 - main]&amp#27;[m &amp#27;[36mcom.shaft.tools.io.ReportManager&amp#27;[m : Successfully created attachment "API Response - JSON Body"
2023-01-12 11:58:27.359 &amp#27;[32m INFO&amp#27;[m &amp#27;[35m[@503 - main]&amp#27;[m &amp#27;[36mcom.shaft.tools.io.ReportManager&amp#27;[m : Get response jsonvalue "error_description".
2023-01-12 11:58:27.359 &amp#27;[32m INFO&amp#27;[m &amp#27;[35m[@503 - main]&amp#27;[m &amp#27;[36mcom.shaft.tools.io.ReportManager&amp#27;[m : File Action "DoesFileExist" successfully performed. With the following test data "File Path: "Schemas/Token_Unauthorized_schema.json"".
2023-01-12 11:58:27.360 &amp#27;[32m INFO&amp#27;[m &amp#27;[35m[@503 - main]&amp#27;[m &amp#27;[36mcom.shaft.tools.io.ReportManager&amp#27;[m : File Action "DoesFileExist" successfully performed. With the following test data "File Path: "src/test/resources/testDataFiles/Schemas/Token_Unauthorized_schema.json"".
2023-01-12 11:58:27.360 &amp#27;[32m INFO&amp#27;[m &amp#27;[35m[@503 - main]&amp#27;[m &amp#27;[36mcom.shaft.tools.io.ReportManager&amp#27;[m : File Action "GetAbsolutePath" successfully performed. With the following test data "Relative Folder Path: "src/test/resources/testDataFiles/Schemas/Token_Unauthorized_schema.json"".
2023-01-12 11:58:27.361 &amp#27;[32m INFO&amp#27;[m &amp#27;[35m[@503 - main]&amp#27;[m &amp#27;[36mcom.shaft.tools.io.ReportManager&amp#27;[m : File Action "DoesFileExist" successfully performed. With the following test data "File Path: "C:\eclipse-workspace\MyProjects\TASystemsAPIs\src\test\resources\testDataFiles\Schemas\Token_Unauthorized_schema.json"".
2023-01-12 11:58:27.361 &amp#27;[32m INFO&amp#27;[m &amp#27;[35m[@503 - main]&amp#27;[m &amp#27;[36mcom.shaft.tools.io.ReportManager&amp#27;[m : File Action "GetAbsolutePath" successfully performed. With the following test data "Relative Folder Path: "C:\eclipse-workspace\MyProjects\TASystemsAPIs\src\test\resources\testDataFiles\Schemas\Token_Unauthorized_schema.json"".
2023-01-12 11:58:27.361 &amp#27;[32m INFO&amp#27;[m &amp#27;[35m[@503 - main]&amp#27;[m &amp#27;[36mcom.shaft.tools.io.ReportManager&amp#27;[m : File Action "ReadFile" successfully performed. With the following test data "File Path: "C:\eclipse-workspace\MyProjects\TASystemsAPIs\src\test\resources\testDataFiles\Schemas\Token_Unauthorized_schema.json"".
2023-01-12 11:58:27.364 &amp#27;[32m INFO&amp#27;[m &amp#27;[35m[@503 - main]&amp#27;[m &amp#27;[36mcom.shaft.tools.io.ReportManager&amp#27;[m : Successfully created attachment "Validation Test Data - Expected JSON Value"
2023-01-12 11:58:27.364 &amp#27;[32m INFO&amp#27;[m &amp#27;[35m[@503 - main]&amp#27;[m &amp#27;[36mcom.shaft.tools.io.ReportManager&amp#27;[m : Successfully created attachment "Validation Test Data - Actual JSON Value"
2023-01-12 11:58:27.365 &amp#27;[32m INFO&amp#27;[m &amp#27;[35m[@503 - main]&amp#27;[m &amp#27;[36mcom.shaft.tools.io.ReportManager&amp#27;[m : Successfully created attachment "SHAFT Engine Logs - Current Method log: Bad_Token_RQ_TC"
]]></system-out>
  </testcase>
  <testcase name="InValid_Token_RQ_TC" classname="SteeringCompanyAPI_TestCases.Test_Token_Cases" time="0.484">
    <system-out><![CDATA[2023-01-12 11:58:27.367 &amp#27;[32m INFO&amp#27;[m &amp#27;[35m[@534 - main]&amp#27;[m &amp#27;[36mcom.shaft.tools.io.ReportManager&amp#27;[m : 
################################################################################################################################################
Starting Execution:	"167 out of 56" test cases in the current suite
Test Method:		"SteeringCompanyAPI_TestCases.Test_Token_Cases.InValid_Token_RQ_TC"
Test Description:	"TC002 - Perform Post Token API with Invalid user name and password"
################################################################################################################################################
2023-01-12 11:58:27.367 &amp#27;[32m INFO&amp#27;[m &amp#27;[35m[@503 - main]&amp#27;[m &amp#27;[36mcom.shaft.tools.io.ReportManager&amp#27;[m : File Action "DoesFileExist" successfully performed. With the following test data "File Path: "SteeringCompanyAPI_TestData/SteeringCompanyAPI_TestData.xlsx"".
2023-01-12 11:58:27.383 &amp#27;[32m INFO&amp#27;[m &amp#27;[35m[@503 - main]&amp#27;[m &amp#27;[36mcom.shaft.tools.io.ReportManager&amp#27;[m : Successfully created attachment "Test Data - Excel"
2023-01-12 11:58:27.830 &amp#27;[32m INFO&amp#27;[m &amp#27;[35m[@503 - main]&amp#27;[m &amp#27;[36mcom.shaft.tools.io.ReportManager&amp#27;[m : Response status code: "401", status line: "HTTP/1.1 401 Unauthorized"
2023-01-12 11:58:27.842 &amp#27;[32m INFO&amp#27;[m &amp#27;[35m[@503 - main]&amp#27;[m &amp#27;[36mcom.shaft.tools.io.ReportManager&amp#27;[m : Successfully created attachment "API Request - Specifications"
2023-01-12 11:58:27.842 &amp#27;[32m INFO&amp#27;[m &amp#27;[35m[@503 - main]&amp#27;[m &amp#27;[36mcom.shaft.tools.io.ReportManager&amp#27;[m : Successfully created attachment "API Request - Body"
2023-01-12 11:58:27.843 &amp#27;[32m INFO&amp#27;[m &amp#27;[35m[@503 - main]&amp#27;[m &amp#27;[36mcom.shaft.tools.io.ReportManager&amp#27;[m : Successfully created attachment "API Response - JSON Body"
2023-01-12 11:58:27.844 &amp#27;[32m INFO&amp#27;[m &amp#27;[35m[@503 - main]&amp#27;[m &amp#27;[36mcom.shaft.tools.io.ReportManager&amp#27;[m : Get response jsonvalue "error_description".
2023-01-12 11:58:27.844 &amp#27;[32m INFO&amp#27;[m &amp#27;[35m[@503 - main]&amp#27;[m &amp#27;[36mcom.shaft.tools.io.ReportManager&amp#27;[m : File Action "DoesFileExist" successfully performed. With the following test data "File Path: "Schemas/Token_Unauthorized_schema.json"".
2023-01-12 11:58:27.844 &amp#27;[32m INFO&amp#27;[m &amp#27;[35m[@503 - main]&amp#27;[m &amp#27;[36mcom.shaft.tools.io.ReportManager&amp#27;[m : File Action "DoesFileExist" successfully performed. With the following test data "File Path: "src/test/resources/testDataFiles/Schemas/Token_Unauthorized_schema.json"".
2023-01-12 11:58:27.844 &amp#27;[32m INFO&amp#27;[m &amp#27;[35m[@503 - main]&amp#27;[m &amp#27;[36mcom.shaft.tools.io.ReportManager&amp#27;[m : File Action "GetAbsolutePath" successfully performed. With the following test data "Relative Folder Path: "src/test/resources/testDataFiles/Schemas/Token_Unauthorized_schema.json"".
2023-01-12 11:58:27.845 &amp#27;[32m INFO&amp#27;[m &amp#27;[35m[@503 - main]&amp#27;[m &amp#27;[36mcom.shaft.tools.io.ReportManager&amp#27;[m : File Action "DoesFileExist" successfully performed. With the following test data "File Path: "C:\eclipse-workspace\MyProjects\TASystemsAPIs\src\test\resources\testDataFiles\Schemas\Token_Unauthorized_schema.json"".
2023-01-12 11:58:27.845 &amp#27;[32m INFO&amp#27;[m &amp#27;[35m[@503 - main]&amp#27;[m &amp#27;[36mcom.shaft.tools.io.ReportManager&amp#27;[m : File Action "GetAbsolutePath" successfully performed. With the following test data "Relative Folder Path: "C:\eclipse-workspace\MyProjects\TASystemsAPIs\src\test\resources\testDataFiles\Schemas\Token_Unauthorized_schema.json"".
2023-01-12 11:58:27.845 &amp#27;[32m INFO&amp#27;[m &amp#27;[35m[@503 - main]&amp#27;[m &amp#27;[36mcom.shaft.tools.io.ReportManager&amp#27;[m : File Action "ReadFile" successfully performed. With the following test data "File Path: "C:\eclipse-workspace\MyProjects\TASystemsAPIs\src\test\resources\testDataFiles\Schemas\Token_Unauthorized_schema.json"".
2023-01-12 11:58:27.847 &amp#27;[32m INFO&amp#27;[m &amp#27;[35m[@503 - main]&amp#27;[m &amp#27;[36mcom.shaft.tools.io.ReportManager&amp#27;[m : Successfully created attachment "Validation Test Data - Expected JSON Value"
2023-01-12 11:58:27.848 &amp#27;[32m INFO&amp#27;[m &amp#27;[35m[@503 - main]&amp#27;[m &amp#27;[36mcom.shaft.tools.io.ReportManager&amp#27;[m : Successfully created attachment "Validation Test Data - Actual JSON Value"
2023-01-12 11:58:27.849 &amp#27;[32m INFO&amp#27;[m &amp#27;[35m[@503 - main]&amp#27;[m &amp#27;[36mcom.shaft.tools.io.ReportManager&amp#27;[m : Successfully created attachment "SHAFT Engine Logs - Current Method log: InValid_Token_RQ_TC"
]]></system-out>
  </testcase>
  <testcase name="Valid_Token_RQ_TC" classname="SteeringCompanyAPI_TestCases.Test_Token_Cases" time="0.62">
    <system-out><![CDATA[2023-01-12 11:58:27.851 &amp#27;[32m INFO&amp#27;[m &amp#27;[35m[@534 - main]&amp#27;[m &amp#27;[36mcom.shaft.tools.io.ReportManager&amp#27;[m : 
################################################################################################################################################
Starting Execution:	"168 out of 56" test cases in the current suite
Test Method:		"SteeringCompanyAPI_TestCases.Test_Token_Cases.Valid_Token_RQ_TC"
Test Description:	"TC001 - Perform Post Token API with valid user name and password and return with token"
################################################################################################################################################
2023-01-12 11:58:27.851 &amp#27;[32m INFO&amp#27;[m &amp#27;[35m[@503 - main]&amp#27;[m &amp#27;[36mcom.shaft.tools.io.ReportManager&amp#27;[m : File Action "DoesFileExist" successfully performed. With the following test data "File Path: "SteeringCompanyAPI_TestData/SteeringCompanyAPI_TestData.xlsx"".
2023-01-12 11:58:27.860 &amp#27;[32m INFO&amp#27;[m &amp#27;[35m[@503 - main]&amp#27;[m &amp#27;[36mcom.shaft.tools.io.ReportManager&amp#27;[m : Successfully created attachment "Test Data - Excel"
2023-01-12 11:58:28.409 &amp#27;[32m INFO&amp#27;[m &amp#27;[35m[@503 - main]&amp#27;[m &amp#27;[36mcom.shaft.tools.io.ReportManager&amp#27;[m : Response status code: "200", status line: "HTTP/1.1 200 OK"
2023-01-12 11:58:28.422 &amp#27;[32m INFO&amp#27;[m &amp#27;[35m[@503 - main]&amp#27;[m &amp#27;[36mcom.shaft.tools.io.ReportManager&amp#27;[m : Successfully created attachment "API Request - Specifications"
2023-01-12 11:58:28.422 &amp#27;[32m INFO&amp#27;[m &amp#27;[35m[@503 - main]&amp#27;[m &amp#27;[36mcom.shaft.tools.io.ReportManager&amp#27;[m : Successfully created attachment "API Request - Body"
2023-01-12 11:58:28.423 &amp#27;[32m INFO&amp#27;[m &amp#27;[35m[@503 - main]&amp#27;[m &amp#27;[36mcom.shaft.tools.io.ReportManager&amp#27;[m : Successfully created attachment "API Response - JSON Body"
2023-01-12 11:58:28.426 &amp#27;[32m INFO&amp#27;[m &amp#27;[35m[@503 - main]&amp#27;[m &amp#27;[36mcom.shaft.tools.io.ReportManager&amp#27;[m : Successfully created attachment "Validation Test Data - Expected Value"
2023-01-12 11:58:28.426 &amp#27;[32m INFO&amp#27;[m &amp#27;[35m[@503 - main]&amp#27;[m &amp#27;[36mcom.shaft.tools.io.ReportManager&amp#27;[m : Successfully created attachment "Validation Test Data - Actual Value"
2023-01-12 11:58:28.427 &amp#27;[32m INFO&amp#27;[m &amp#27;[35m[@503 - main]&amp#27;[m &amp#27;[36mcom.shaft.tools.io.ReportManager&amp#27;[m : Get response jsonvalue "access_token".
2023-01-12 11:58:28.428 &amp#27;[32m INFO&amp#27;[m &amp#27;[35m[@503 - main]&amp#27;[m &amp#27;[36mcom.shaft.tools.io.ReportManager&amp#27;[m : Successfully created attachment "Validation Test Data - Expected Value"
2023-01-12 11:58:28.428 &amp#27;[32m INFO&amp#27;[m &amp#27;[35m[@503 - main]&amp#27;[m &amp#27;[36mcom.shaft.tools.io.ReportManager&amp#27;[m : Successfully created attachment "Validation Test Data - Actual Value"
2023-01-12 11:58:28.428 &amp#27;[32m INFO&amp#27;[m &amp#27;[35m[@503 - main]&amp#27;[m &amp#27;[36mcom.shaft.tools.io.ReportManager&amp#27;[m : File Action "DoesFileExist" successfully performed. With the following test data "File Path: "Schemas/Token_schema.json"".
2023-01-12 11:58:28.428 &amp#27;[32m INFO&amp#27;[m &amp#27;[35m[@503 - main]&amp#27;[m &amp#27;[36mcom.shaft.tools.io.ReportManager&amp#27;[m : File Action "DoesFileExist" successfully performed. With the following test data "File Path: "src/test/resources/testDataFiles/Schemas/Token_schema.json"".
2023-01-12 11:58:28.428 &amp#27;[32m INFO&amp#27;[m &amp#27;[35m[@503 - main]&amp#27;[m &amp#27;[36mcom.shaft.tools.io.ReportManager&amp#27;[m : File Action "GetAbsolutePath" successfully performed. With the following test data "Relative Folder Path: "src/test/resources/testDataFiles/Schemas/Token_schema.json"".
2023-01-12 11:58:28.430 &amp#27;[32m INFO&amp#27;[m &amp#27;[35m[@503 - main]&amp#27;[m &amp#27;[36mcom.shaft.tools.io.ReportManager&amp#27;[m : File Action "DoesFileExist" successfully performed. With the following test data "File Path: "C:\eclipse-workspace\MyProjects\TASystemsAPIs\src\test\resources\testDataFiles\Schemas\Token_schema.json"".
2023-01-12 11:58:28.430 &amp#27;[32m INFO&amp#27;[m &amp#27;[35m[@503 - main]&amp#27;[m &amp#27;[36mcom.shaft.tools.io.ReportManager&amp#27;[m : File Action "GetAbsolutePath" successfully performed. With the following test data "Relative Folder Path: "C:\eclipse-workspace\MyProjects\TASystemsAPIs\src\test\resources\testDataFiles\Schemas\Token_schema.json"".
2023-01-12 11:58:28.430 &amp#27;[32m INFO&amp#27;[m &amp#27;[35m[@503 - main]&amp#27;[m &amp#27;[36mcom.shaft.tools.io.ReportManager&amp#27;[m : File Action "ReadFile" successfully performed. With the following test data "File Path: "C:\eclipse-workspace\MyProjects\TASystemsAPIs\src\test\resources\testDataFiles\Schemas\Token_schema.json"".
2023-01-12 11:58:28.431 &amp#27;[32m INFO&amp#27;[m &amp#27;[35m[@503 - main]&amp#27;[m &amp#27;[36mcom.shaft.tools.io.ReportManager&amp#27;[m : Successfully created attachment "Validation Test Data - Expected JSON Value"
2023-01-12 11:58:28.432 &amp#27;[32m INFO&amp#27;[m &amp#27;[35m[@503 - main]&amp#27;[m &amp#27;[36mcom.shaft.tools.io.ReportManager&amp#27;[m : Successfully created attachment "Validation Test Data - Actual JSON Value"
2023-01-12 11:58:28.469 &amp#27;[32m INFO&amp#27;[m &amp#27;[35m[@503 - main]&amp#27;[m &amp#27;[36mcom.shaft.tools.io.ReportManager&amp#27;[m : Successfully created attachment "SHAFT Engine Logs - Current Method log: Valid_Token_RQ_TC"
]]></system-out>
  </testcase>
</testsuite>