<?xml version="1.0" encoding="UTF-8"?>
<testsuite xmlns:xsi="http://www.w3.org/2001/XMLSchema-instance" xsi:noNamespaceSchemaLocation="https://maven.apache.org/surefire/maven-surefire-plugin/xsd/surefire-test-report-3.0.xsd" version="3.0" name="TestSuite" time="447.519" tests="324" errors="0" skipped="0" failures="0">
  <properties>
    <property name="appender.console.type" value="Console"/>
    <property name="appender.console.layout.pattern" value="%d{${LOG_DATEFORMAT_PATTERN:-yyyy-MM-dd HH:mm:ss.SSS}} %highlight{${LOG_LEVEL_PATTERN:-%5p}}{FATAL=red blink, ERROR=red, WARN=yellow bold, INFO=green, DEBUG=green bold, TRACE=blue} %style{[@%L - %t]}{magenta} %style{%logger{36}}{cyan} : %m%n${LOG_EXCEPTION_CONVERSION_WORD:-}"/>
    <property name="cucumber.publish.quiet" value="true"/>
    <property name="java.specification.version" value="17"/>
    <property name="sun.cpu.isalist" value="amd64"/>
    <property name="capabilities.appiumVersion" value=""/>
    <property name="sun.arch.data.model" value="64"/>
    <property name="projectKey" value=""/>
    <property name="testDataFolderPath" value="src/test/resources/testDataFiles/"/>
    <property name="imitatePort" value="8000"/>
    <property name="java.vendor.url" value="https://java.oracle.com/"/>
    <property name="jiraUrl" value="https://"/>
    <property name="cucumber.filter.name" value=""/>
    <property name="propertiesFolderPath_CI" value=""/>
    <property name="ReportBugs" value="false"/>
    <property name="allureResultsFolderPath" value="allure-results/"/>
    <property name="sun.boot.library.path" value="C:\Program Files\Java\jdk-17.0.2\bin"/>
    <property name="sun.java.command" value="C:\Users\HeshamAbdElhamedGhar\AppData\Local\Temp\surefire4469781993376954943\surefirebooter-20230122154028097_3.jar C:\Users\HeshamAbdElhamedGhar\AppData\Local\Temp\surefire4469781993376954943 2023-01-22T15-40-27_518-jvmRun1 surefire-20230122154028097_1tmp surefire_0-20230122154028097_2tmp"/>
    <property name="jdk.debug" value="release"/>
    <property name="appender.console.filter.threshold.type" value="ThresholdFilter"/>
    <property name="maximumPerformanceMode" value="0"/>
    <property name="autoMaximizeBrowserWindow" value="true"/>
    <property name="extentReportsFolderPath" value="extent-reports/"/>
    <property name="java.specification.vendor" value="Oracle Corporation"/>
    <property name="shaftEngineVersion" value="SHAFT Engine v6.4.20221215"/>
    <property name="java.version.date" value="2022-01-18"/>
    <property name="java.home" value="C:\Program Files\Java\jdk-17.0.2"/>
    <property name="testng.dtd.http" value="true"/>
    <property name="attemptClearBeforeTypingUsingBackspace" value="false"/>
    <property name="isMobileEmulation" value="false"/>
    <property name="basedir" value="C:\eclipse-workspace\MyProjects\TASystemsAPIs"/>
    <property name="alwaysLogDiscreetly" value="false"/>
    <property name="java.specification.name" value="Java Platform API Specification"/>
    <property name="java.vm.specification.vendor" value="Oracle Corporation"/>
    <property name="browserStack.appName" value=""/>
    <property name="mobileEmulation.userAgent" value=""/>
    <property name="videoParams_recordVideo" value="false"/>
    <property name="assignee" value=""/>
    <property name="video.save.mode" value="ALL"/>
    <property name="rootLogger" value="debug, STDOUT, LOGFILE"/>
    <property name="user.script" value=""/>
    <property name="appender.file.layout.type" value="PatternLayout"/>
    <property name="sun.management.compiler" value="HotSpot 64-Bit Tiered Compilers"/>
    <property name="browserStack.local" value="false"/>
    <property name="browserStack.geoLocation" value=""/>
    <property name="generateAllureReportArchive" value="false"/>
    <property name="java.runtime.version" value="17.0.2+8-LTS-86"/>
    <property name="appender.file.fileName" value="target/logs/log4j.log"/>
    <property name="watermarkImagePath" value="images/shaft_white_bg.png"/>
    <property name="browserStack.deviceName" value=""/>
    <property name="browserStack.browserVersion" value=""/>
    <property name="tinkey.kms.credentialPath" value=""/>
    <property name="file.encoding" value="Cp1252"/>
    <property name="forceCheckForElementVisibility" value="true"/>
    <property name="capabilities.deviceQuery" value=""/>
    <property name="cleanAllureResultsDirectoryBeforeExecution" value="true"/>
    <property name="appender.file.filter.threshold.type" value="ThresholdFilter"/>
    <property name="java.io.tmpdir" value="C:\Users\HESHAM~1\AppData\Local\Temp\"/>
    <property name="databaseNetworkTimeout" value="30"/>
    <property name="reportPath" value="target/surefire-reports/testng-results.xml"/>
    <property name="java.version" value="17.0.2"/>
    <property name="java.vm.specification.name" value="Java Virtual Machine Specification"/>
    <property name="databaseLoginTimeout" value="30"/>
    <property name="dockerCommandTimeout" value="30"/>
    <property name="native.encoding" value="Cp1252"/>
    <property name="tinkey.kms.serverType" value=""/>
    <property name="java.library.path" value="C:\Program Files\Java\jdk-17.0.2\bin;C:\WINDOWS\Sun\Java\bin;C:\WINDOWS\system32;C:\WINDOWS;C:\Program Files\Common Files\Oracle\Java\javapath;C:\Program Files (x86)\Common Files\Oracle\Java\javapath;C:\WINDOWS\system32;C:\WINDOWS;C:\WINDOWS\System32\Wbem;C:\WINDOWS\System32\WindowsPowerShell\v1.0\;C:\WINDOWS\System32\OpenSSH\;C:\Program Files\Java\jdk-18.0.2\bin;C:\WebDriver;C:\Users\HeshamAbdElhamedGhar\AppData\Roaming\nvm;C:\Program Files\nodejs;C:\Program Files\Liquid Technologies\Liquid Studio 2021\XmlDataBinder19\Redist19\cpp\win32\bin;C:\Program Files\Liquid Technologies\Liquid Studio 2021\XmlDataBinder19\Redist19\cpp\win64\bin;C:\Program Files\Git\cmd;C:\Users\HeshamAbdElhamedGhar\AppData\Local\Microsoft\WindowsApps;C:\Users\HeshamAbdElhamedGhar\AppData\Local\Programs\Microsoft VS Code\bin;C:\Users\HeshamAbdElhamedGhar\AppData\Roaming\npm;C:\Users\HeshamAbdElhamedGhar\AppData\Roaming\nvm;C:\Program Files\nodejs;C:\Program Files\JetBrains\IntelliJ IDEA Community Edition 2022.2.2\bin;;C:\Users\HeshamAbdElhamedGhar\AppData\Local\GitHubDesktop\bin;."/>
    <property name="java.vendor" value="Oracle Corporation"/>
    <property name="cucumber.execution.strict" value="true"/>
    <property name="screenshotParams_scalingFactor" value="1"/>
    <property name="sun.io.unicode.encoding" value="UnicodeLittle"/>
    <property name="executionAddress" value="local"/>
    <property name="apiConnectionManagerTimeout" value="30"/>
    <property name="screenshotParams_whenToTakeAScreenshot" value="ValidationPointsOnly"/>
    <property name="cucumber.features" value="src/test/resources"/>
    <property name="scriptExecutionTimeout" value="30"/>
    <property name="appender.console.filter.threshold.level" value="info"/>
    <property name="screenshotParams_highlightElements" value="true"/>
    <property name="MobileBrowserVersion" value=""/>
    <property name="user.timezone" value="Africa/Cairo"/>
    <property name="downloadsFolderPath" value="target/downloadedFiles/"/>
    <property name="java.vm.specification.version" value="17"/>
    <property name="mobileEmulation.pixelRatio" value=""/>
    <property name="os.name" value="Windows 11"/>
    <property name="mobile_appActivity" value=""/>
    <property name="mobile_app" value=""/>
    <property name="automaticallyAssertResponseStatusCode" value="true"/>
    <property name="surefire.test.class.path" value="C:\eclipse-workspace\MyProjects\TASystemsAPIs\target\test-classes;C:\eclipse-workspace\MyProjects\TASystemsAPIs\target\classes;C:\Users\HeshamAbdElhamedGhar\.m2\repository\io\github\shafthq\SHAFT_ENGINE\6.4.20221215\SHAFT_ENGINE-6.4.20221215.jar;C:\Users\HeshamAbdElhamedGhar\.m2\repository\org\testng\testng\7.7.0\testng-7.7.0.jar;C:\Users\HeshamAbdElhamedGhar\.m2\repository\com\beust\jcommander\1.82\jcommander-1.82.jar;C:\Users\HeshamAbdElhamedGhar\.m2\repository\org\webjars\jquery\3.6.1\jquery-3.6.1.jar;C:\Users\HeshamAbdElhamedGhar\.m2\repository\org\seleniumhq\selenium\selenium-java\4.7.2\selenium-java-4.7.2.jar;C:\Users\HeshamAbdElhamedGhar\.m2\repository\org\seleniumhq\selenium\selenium-api\4.7.2\selenium-api-4.7.2.jar;C:\Users\HeshamAbdElhamedGhar\.m2\repository\org\seleniumhq\selenium\selenium-chrome-driver\4.7.2\selenium-chrome-driver-4.7.2.jar;C:\Users\HeshamAbdElhamedGhar\.m2\repository\com\google\auto\service\auto-service-annotations\1.0.1\auto-service-annotations-1.0.1.jar;C:\Users\HeshamAbdElhamedGhar\.m2\repository\org\seleniumhq\selenium\selenium-chromium-driver\4.7.2\selenium-chromium-driver-4.7.2.jar;C:\Users\HeshamAbdElhamedGhar\.m2\repository\org\seleniumhq\selenium\selenium-json\4.7.2\selenium-json-4.7.2.jar;C:\Users\HeshamAbdElhamedGhar\.m2\repository\org\seleniumhq\selenium\selenium-devtools-v106\4.7.2\selenium-devtools-v106-4.7.2.jar;C:\Users\HeshamAbdElhamedGhar\.m2\repository\org\seleniumhq\selenium\selenium-devtools-v107\4.7.2\selenium-devtools-v107-4.7.2.jar;C:\Users\HeshamAbdElhamedGhar\.m2\repository\org\seleniumhq\selenium\selenium-devtools-v108\4.7.2\selenium-devtools-v108-4.7.2.jar;C:\Users\HeshamAbdElhamedGhar\.m2\repository\org\seleniumhq\selenium\selenium-devtools-v85\4.7.2\selenium-devtools-v85-4.7.2.jar;C:\Users\HeshamAbdElhamedGhar\.m2\repository\org\seleniumhq\selenium\selenium-edge-driver\4.7.2\selenium-edge-driver-4.7.2.jar;C:\Users\HeshamAbdElhamedGhar\.m2\repository\org\seleniumhq\selenium\selenium-firefox-driver\4.7.2\selenium-firefox-driver-4.7.2.jar;C:\Users\HeshamAbdElhamedGhar\.m2\repository\org\seleniumhq\selenium\selenium-http\4.7.2\selenium-http-4.7.2.jar;C:\Users\HeshamAbdElhamedGhar\.m2\repository\dev\failsafe\failsafe\3.3.0\failsafe-3.3.0.jar;C:\Users\HeshamAbdElhamedGhar\.m2\repository\org\seleniumhq\selenium\selenium-ie-driver\4.7.2\selenium-ie-driver-4.7.2.jar;C:\Users\HeshamAbdElhamedGhar\.m2\repository\org\seleniumhq\selenium\selenium-remote-driver\4.7.2\selenium-remote-driver-4.7.2.jar;C:\Users\HeshamAbdElhamedGhar\.m2\repository\io\netty\netty-codec-http\4.1.84.Final\netty-codec-http-4.1.84.Final.jar;C:\Users\HeshamAbdElhamedGhar\.m2\repository\io\netty\netty-transport-classes-epoll\4.1.84.Final\netty-transport-classes-epoll-4.1.84.Final.jar;C:\Users\HeshamAbdElhamedGhar\.m2\repository\io\netty\netty-transport-classes-kqueue\4.1.84.Final\netty-transport-classes-kqueue-4.1.84.Final.jar;C:\Users\HeshamAbdElhamedGhar\.m2\repository\io\netty\netty-transport-native-epoll\4.1.84.Final\netty-transport-native-epoll-4.1.84.Final.jar;C:\Users\HeshamAbdElhamedGhar\.m2\repository\io\netty\netty-transport-native-kqueue\4.1.84.Final\netty-transport-native-kqueue-4.1.84.Final.jar;C:\Users\HeshamAbdElhamedGhar\.m2\repository\io\opentelemetry\opentelemetry-api\1.19.0\opentelemetry-api-1.19.0.jar;C:\Users\HeshamAbdElhamedGhar\.m2\repository\io\opentelemetry\opentelemetry-context\1.19.0\opentelemetry-context-1.19.0.jar;C:\Users\HeshamAbdElhamedGhar\.m2\repository\io\opentelemetry\opentelemetry-exporter-logging\1.19.0\opentelemetry-exporter-logging-1.19.0.jar;C:\Users\HeshamAbdElhamedGhar\.m2\repository\io\opentelemetry\opentelemetry-sdk-metrics\1.19.0\opentelemetry-sdk-metrics-1.19.0.jar;C:\Users\HeshamAbdElhamedGhar\.m2\repository\io\opentelemetry\opentelemetry-sdk-logs\1.19.0-alpha\opentelemetry-sdk-logs-1.19.0-alpha.jar;C:\Users\HeshamAbdElhamedGhar\.m2\repository\io\opentelemetry\opentelemetry-api-logs\1.19.0-alpha\opentelemetry-api-logs-1.19.0-alpha.jar;C:\Users\HeshamAbdElhamedGhar\.m2\repository\io\opentelemetry\opentelemetry-sdk-common\1.19.0\opentelemetry-sdk-common-1.19.0.jar;C:\Users\HeshamAbdElhamedGhar\.m2\repository\io\opentelemetry\opentelemetry-sdk-extension-autoconfigure-spi\1.19.0\opentelemetry-sdk-extension-autoconfigure-spi-1.19.0.jar;C:\Users\HeshamAbdElhamedGhar\.m2\repository\io\opentelemetry\opentelemetry-sdk-extension-autoconfigure\1.19.0-alpha\opentelemetry-sdk-extension-autoconfigure-1.19.0-alpha.jar;C:\Users\HeshamAbdElhamedGhar\.m2\repository\io\opentelemetry\opentelemetry-exporter-common\1.19.0\opentelemetry-exporter-common-1.19.0.jar;C:\Users\HeshamAbdElhamedGhar\.m2\repository\io\opentelemetry\opentelemetry-sdk-trace\1.19.0\opentelemetry-sdk-trace-1.19.0.jar;C:\Users\HeshamAbdElhamedGhar\.m2\repository\io\opentelemetry\opentelemetry-sdk\1.19.0\opentelemetry-sdk-1.19.0.jar;C:\Users\HeshamAbdElhamedGhar\.m2\repository\io\opentelemetry\opentelemetry-semconv\1.19.0-alpha\opentelemetry-semconv-1.19.0-alpha.jar;C:\Users\HeshamAbdElhamedGhar\.m2\repository\io\ous\jtoml\2.0.0\jtoml-2.0.0.jar;C:\Users\HeshamAbdElhamedGhar\.m2\repository\net\bytebuddy\byte-buddy\1.12.18\byte-buddy-1.12.18.jar;C:\Users\HeshamAbdElhamedGhar\.m2\repository\org\asynchttpclient\async-http-client\2.12.3\async-http-client-2.12.3.jar;C:\Users\HeshamAbdElhamedGhar\.m2\repository\org\asynchttpclient\async-http-client-netty-utils\2.12.3\async-http-client-netty-utils-2.12.3.jar;C:\Users\HeshamAbdElhamedGhar\.m2\repository\io\netty\netty-codec-socks\4.1.60.Final\netty-codec-socks-4.1.60.Final.jar;C:\Users\HeshamAbdElhamedGhar\.m2\repository\io\netty\netty-handler-proxy\4.1.60.Final\netty-handler-proxy-4.1.60.Final.jar;C:\Users\HeshamAbdElhamedGhar\.m2\repository\io\netty\netty-transport-native-epoll\4.1.60.Final\netty-transport-native-epoll-4.1.60.Final-linux-x86_64.jar;C:\Users\HeshamAbdElhamedGhar\.m2\repository\io\netty\netty-transport-native-kqueue\4.1.60.Final\netty-transport-native-kqueue-4.1.60.Final-osx-x86_64.jar;C:\Users\HeshamAbdElhamedGhar\.m2\repository\com\typesafe\netty\netty-reactive-streams\2.0.4\netty-reactive-streams-2.0.4.jar;C:\Users\HeshamAbdElhamedGhar\.m2\repository\com\sun\activation\jakarta.activation\1.2.2\jakarta.activation-1.2.2.jar;C:\Users\HeshamAbdElhamedGhar\.m2\repository\org\seleniumhq\selenium\selenium-manager\4.7.2\selenium-manager-4.7.2.jar;C:\Users\HeshamAbdElhamedGhar\.m2\repository\org\seleniumhq\selenium\selenium-safari-driver\4.7.2\selenium-safari-driver-4.7.2.jar;C:\Users\HeshamAbdElhamedGhar\.m2\repository\org\seleniumhq\selenium\selenium-support\4.7.2\selenium-support-4.7.2.jar;C:\Users\HeshamAbdElhamedGhar\.m2\repository\io\netty\netty-handler\4.1.86.Final\netty-handler-4.1.86.Final.jar;C:\Users\HeshamAbdElhamedGhar\.m2\repository\io\netty\netty-common\4.1.86.Final\netty-common-4.1.86.Final.jar;C:\Users\HeshamAbdElhamedGhar\.m2\repository\io\netty\netty-resolver\4.1.86.Final\netty-resolver-4.1.86.Final.jar;C:\Users\HeshamAbdElhamedGhar\.m2\repository\io\netty\netty-buffer\4.1.86.Final\netty-buffer-4.1.86.Final.jar;C:\Users\HeshamAbdElhamedGhar\.m2\repository\io\netty\netty-transport\4.1.86.Final\netty-transport-4.1.86.Final.jar;C:\Users\HeshamAbdElhamedGhar\.m2\repository\io\netty\netty-transport-native-unix-common\4.1.86.Final\netty-transport-native-unix-common-4.1.86.Final.jar;C:\Users\HeshamAbdElhamedGhar\.m2\repository\io\netty\netty-codec\4.1.86.Final\netty-codec-4.1.86.Final.jar;C:\Users\HeshamAbdElhamedGhar\.m2\repository\io\appium\java-client\8.3.0\java-client-8.3.0.jar;C:\Users\HeshamAbdElhamedGhar\.m2\repository\com\google\code\gson\gson\2.10\gson-2.10.jar;C:\Users\HeshamAbdElhamedGhar\.m2\repository\cglib\cglib\3.3.0\cglib-3.3.0.jar;C:\Users\HeshamAbdElhamedGhar\.m2\repository\org\ow2\asm\asm\7.1\asm-7.1.jar;C:\Users\HeshamAbdElhamedGhar\.m2\repository\commons-validator\commons-validator\1.7\commons-validator-1.7.jar;C:\Users\HeshamAbdElhamedGhar\.m2\repository\commons-beanutils\commons-beanutils\1.9.4\commons-beanutils-1.9.4.jar;C:\Users\HeshamAbdElhamedGhar\.m2\repository\commons-digester\commons-digester\2.1\commons-digester-2.1.jar;C:\Users\HeshamAbdElhamedGhar\.m2\repository\commons-collections\commons-collections\3.2.2\commons-collections-3.2.2.jar;C:\Users\HeshamAbdElhamedGhar\.m2\repository\org\apache\commons\commons-lang3\3.12.0\commons-lang3-3.12.0.jar;C:\Users\HeshamAbdElhamedGhar\.m2\repository\commons-io\commons-io\2.11.0\commons-io-2.11.0.jar;C:\Users\HeshamAbdElhamedGhar\.m2\repository\io\github\bonigarcia\webdrivermanager\5.3.1\webdrivermanager-5.3.1.jar;C:\Users\HeshamAbdElhamedGhar\.m2\repository\com\github\docker-java\docker-java\3.2.13\docker-java-3.2.13.jar;C:\Users\HeshamAbdElhamedGhar\.m2\repository\com\github\docker-java\docker-java-core\3.2.13\docker-java-core-3.2.13.jar;C:\Users\HeshamAbdElhamedGhar\.m2\repository\com\github\docker-java\docker-java-api\3.2.13\docker-java-api-3.2.13.jar;C:\Users\HeshamAbdElhamedGhar\.m2\repository\org\slf4j\jcl-over-slf4j\1.7.30\jcl-over-slf4j-1.7.30.jar;C:\Users\HeshamAbdElhamedGhar\.m2\repository\com\github\docker-java\docker-java-transport-httpclient5\3.2.13\docker-java-transport-httpclient5-3.2.13.jar;C:\Users\HeshamAbdElhamedGhar\.m2\repository\com\github\docker-java\docker-java-transport\3.2.13\docker-java-transport-3.2.13.jar;C:\Users\HeshamAbdElhamedGhar\.m2\repository\net\java\dev\jna\jna\5.8.0\jna-5.8.0.jar;C:\Users\HeshamAbdElhamedGhar\.m2\repository\org\brotli\dec\0.1.2\dec-0.1.2.jar;C:\Users\HeshamAbdElhamedGhar\.m2\repository\org\apache\httpcomponents\client5\httpclient5\5.1.3\httpclient5-5.1.3.jar;C:\Users\HeshamAbdElhamedGhar\.m2\repository\org\apache\httpcomponents\core5\httpcore5\5.1.3\httpcore5-5.1.3.jar;C:\Users\HeshamAbdElhamedGhar\.m2\repository\org\apache\httpcomponents\core5\httpcore5-h2\5.1.3\httpcore5-h2-5.1.3.jar;C:\Users\HeshamAbdElhamedGhar\.m2\repository\io\cucumber\cucumber-java\7.10.0\cucumber-java-7.10.0.jar;C:\Users\HeshamAbdElhamedGhar\.m2\repository\io\cucumber\cucumber-core\7.10.0\cucumber-core-7.10.0.jar;C:\Users\HeshamAbdElhamedGhar\.m2\repository\io\cucumber\cucumber-gherkin\7.10.0\cucumber-gherkin-7.10.0.jar;C:\Users\HeshamAbdElhamedGhar\.m2\repository\io\cucumber\cucumber-gherkin-messages\7.10.0\cucumber-gherkin-messages-7.10.0.jar;C:\Users\HeshamAbdElhamedGhar\.m2\repository\io\cucumber\gherkin\25.0.2\gherkin-25.0.2.jar;C:\Users\HeshamAbdElhamedGhar\.m2\repository\io\cucumber\messages\19.1.4\messages-19.1.4.jar;C:\Users\HeshamAbdElhamedGhar\.m2\repository\io\cucumber\tag-expressions\4.1.0\tag-expressions-4.1.0.jar;C:\Users\HeshamAbdElhamedGhar\.m2\repository\io\cucumber\cucumber-expressions\16.1.1\cucumber-expressions-16.1.1.jar;C:\Users\HeshamAbdElhamedGhar\.m2\repository\io\cucumber\datatable\7.10.0\datatable-7.10.0.jar;C:\Users\HeshamAbdElhamedGhar\.m2\repository\io\cucumber\cucumber-plugin\7.10.0\cucumber-plugin-7.10.0.jar;C:\Users\HeshamAbdElhamedGhar\.m2\repository\io\cucumber\docstring\7.10.0\docstring-7.10.0.jar;C:\Users\HeshamAbdElhamedGhar\.m2\repository\io\cucumber\html-formatter\20.2.0\html-formatter-20.2.0.jar;C:\Users\HeshamAbdElhamedGhar\.m2\repository\io\cucumber\ci-environment\9.1.0\ci-environment-9.1.0.jar;C:\Users\HeshamAbdElhamedGhar\.m2\repository\org\apiguardian\apiguardian-api\1.1.2\apiguardian-api-1.1.2.jar;C:\Users\HeshamAbdElhamedGhar\.m2\repository\io\cucumber\cucumber-testng\7.10.0\cucumber-testng-7.10.0.jar;C:\Users\HeshamAbdElhamedGhar\.m2\repository\io\cucumber\cucumber-picocontainer\7.10.0\cucumber-picocontainer-7.10.0.jar;C:\Users\HeshamAbdElhamedGhar\.m2\repository\org\picocontainer\picocontainer\2.15\picocontainer-2.15.jar;C:\Users\HeshamAbdElhamedGhar\.m2\repository\org\apache\poi\poi\5.2.3\poi-5.2.3.jar;C:\Users\HeshamAbdElhamedGhar\.m2\repository\commons-codec\commons-codec\1.15\commons-codec-1.15.jar;C:\Users\HeshamAbdElhamedGhar\.m2\repository\org\apache\commons\commons-collections4\4.4\commons-collections4-4.4.jar;C:\Users\HeshamAbdElhamedGhar\.m2\repository\org\apache\commons\commons-math3\3.6.1\commons-math3-3.6.1.jar;C:\Users\HeshamAbdElhamedGhar\.m2\repository\com\zaxxer\SparseBitSet\1.2\SparseBitSet-1.2.jar;C:\Users\HeshamAbdElhamedGhar\.m2\repository\org\apache\logging\log4j\log4j-api\2.18.0\log4j-api-2.18.0.jar;C:\Users\HeshamAbdElhamedGhar\.m2\repository\org\apache\poi\poi-ooxml\5.2.3\poi-ooxml-5.2.3.jar;C:\Users\HeshamAbdElhamedGhar\.m2\repository\org\apache\poi\poi-ooxml-lite\5.2.3\poi-ooxml-lite-5.2.3.jar;C:\Users\HeshamAbdElhamedGhar\.m2\repository\org\apache\xmlbeans\xmlbeans\5.1.1\xmlbeans-5.1.1.jar;C:\Users\HeshamAbdElhamedGhar\.m2\repository\org\apache\commons\commons-compress\1.21\commons-compress-1.21.jar;C:\Users\HeshamAbdElhamedGhar\.m2\repository\com\github\virtuald\curvesapi\1.07\curvesapi-1.07.jar;C:\Users\HeshamAbdElhamedGhar\.m2\repository\io\qameta\allure\allure-testng\2.20.1\allure-testng-2.20.1.jar;C:\Users\HeshamAbdElhamedGhar\.m2\repository\io\qameta\allure\allure-java-commons\2.20.1\allure-java-commons-2.20.1.jar;C:\Users\HeshamAbdElhamedGhar\.m2\repository\io\qameta\allure\allure-model\2.20.1\allure-model-2.20.1.jar;C:\Users\HeshamAbdElhamedGhar\.m2\repository\io\qameta\allure\allure-test-filter\2.20.1\allure-test-filter-2.20.1.jar;C:\Users\HeshamAbdElhamedGhar\.m2\repository\io\qameta\allure\allure-cucumber7-jvm\2.20.1\allure-cucumber7-jvm-2.20.1.jar;C:\Users\HeshamAbdElhamedGhar\.m2\repository\org\aspectj\aspectjweaver\1.9.9.1\aspectjweaver-1.9.9.1.jar;C:\Users\HeshamAbdElhamedGhar\.m2\repository\com\aventstack\extentreports\5.0.9\extentreports-5.0.9.jar;C:\Users\HeshamAbdElhamedGhar\.m2\repository\io\reactivex\rxjava3\rxjava\3.0.4\rxjava-3.0.4.jar;C:\Users\HeshamAbdElhamedGhar\.m2\repository\org\reactivestreams\reactive-streams\1.0.3\reactive-streams-1.0.3.jar;C:\Users\HeshamAbdElhamedGhar\.m2\repository\org\freemarker\freemarker\2.3.30\freemarker-2.3.30.jar;C:\Users\HeshamAbdElhamedGhar\.m2\repository\org\apache\pdfbox\pdfbox\2.0.27\pdfbox-2.0.27.jar;C:\Users\HeshamAbdElhamedGhar\.m2\repository\org\apache\pdfbox\fontbox\2.0.27\fontbox-2.0.27.jar;C:\Users\HeshamAbdElhamedGhar\.m2\repository\commons-logging\commons-logging\1.2\commons-logging-1.2.jar;C:\Users\HeshamAbdElhamedGhar\.m2\repository\io\rest-assured\rest-assured\5.3.0\rest-assured-5.3.0.jar;C:\Users\HeshamAbdElhamedGhar\.m2\repository\org\apache\groovy\groovy\4.0.6\groovy-4.0.6.jar;C:\Users\HeshamAbdElhamedGhar\.m2\repository\org\apache\groovy\groovy-xml\4.0.6\groovy-xml-4.0.6.jar;C:\Users\HeshamAbdElhamedGhar\.m2\repository\org\apache\httpcomponents\httpclient\4.5.13\httpclient-4.5.13.jar;C:\Users\HeshamAbdElhamedGhar\.m2\repository\org\apache\httpcomponents\httpcore\4.4.13\httpcore-4.4.13.jar;C:\Users\HeshamAbdElhamedGhar\.m2\repository\org\apache\httpcomponents\httpmime\4.5.13\httpmime-4.5.13.jar;C:\Users\HeshamAbdElhamedGhar\.m2\repository\org\hamcrest\hamcrest\2.1\hamcrest-2.1.jar;C:\Users\HeshamAbdElhamedGhar\.m2\repository\org\ccil\cowan\tagsoup\tagsoup\1.2.1\tagsoup-1.2.1.jar;C:\Users\HeshamAbdElhamedGhar\.m2\repository\io\rest-assured\json-path\5.3.0\json-path-5.3.0.jar;C:\Users\HeshamAbdElhamedGhar\.m2\repository\org\apache\groovy\groovy-json\4.0.6\groovy-json-4.0.6.jar;C:\Users\HeshamAbdElhamedGhar\.m2\repository\io\rest-assured\rest-assured-common\5.3.0\rest-assured-common-5.3.0.jar;C:\Users\HeshamAbdElhamedGhar\.m2\repository\io\rest-assured\xml-path\5.3.0\xml-path-5.3.0.jar;C:\Users\HeshamAbdElhamedGhar\.m2\repository\com\googlecode\json-simple\json-simple\1.1.1\json-simple-1.1.1.jar;C:\Users\HeshamAbdElhamedGhar\.m2\repository\com\jayway\jsonpath\json-path\2.7.0\json-path-2.7.0.jar;C:\Users\HeshamAbdElhamedGhar\.m2\repository\net\minidev\json-smart\2.4.7\json-smart-2.4.7.jar;C:\Users\HeshamAbdElhamedGhar\.m2\repository\net\minidev\accessors-smart\2.4.7\accessors-smart-2.4.7.jar;C:\Users\HeshamAbdElhamedGhar\.m2\repository\org\skyscreamer\jsonassert\1.5.1\jsonassert-1.5.1.jar;C:\Users\HeshamAbdElhamedGhar\.m2\repository\com\vaadin\external\google\android-json\0.0.20131108.vaadin1\android-json-0.0.20131108.vaadin1.jar;C:\Users\HeshamAbdElhamedGhar\.m2\repository\eu\medsea\mimeutil\mime-util\2.1.3\mime-util-2.1.3.jar;C:\Users\HeshamAbdElhamedGhar\.m2\repository\io\rest-assured\json-schema-validator\5.3.0\json-schema-validator-5.3.0.jar;C:\Users\HeshamAbdElhamedGhar\.m2\repository\com\github\java-json-tools\json-schema-validator\2.2.14\json-schema-validator-2.2.14.jar;C:\Users\HeshamAbdElhamedGhar\.m2\repository\com\github\java-json-tools\jackson-coreutils-equivalence\1.0\jackson-coreutils-equivalence-1.0.jar;C:\Users\HeshamAbdElhamedGhar\.m2\repository\com\github\java-json-tools\jackson-coreutils\2.0\jackson-coreutils-2.0.jar;C:\Users\HeshamAbdElhamedGhar\.m2\repository\com\github\java-json-tools\msg-simple\1.2\msg-simple-1.2.jar;C:\Users\HeshamAbdElhamedGhar\.m2\repository\com\github\java-json-tools\btf\1.3\btf-1.3.jar;C:\Users\HeshamAbdElhamedGhar\.m2\repository\com\github\java-json-tools\json-schema-core\1.2.14\json-schema-core-1.2.14.jar;C:\Users\HeshamAbdElhamedGhar\.m2\repository\com\github\java-json-tools\uri-template\0.10\uri-template-0.10.jar;C:\Users\HeshamAbdElhamedGhar\.m2\repository\org\mozilla\rhino\1.7.7.2\rhino-1.7.7.2.jar;C:\Users\HeshamAbdElhamedGhar\.m2\repository\com\sun\mail\mailapi\1.6.2\mailapi-1.6.2.jar;C:\Users\HeshamAbdElhamedGhar\.m2\repository\joda-time\joda-time\2.10.5\joda-time-2.10.5.jar;C:\Users\HeshamAbdElhamedGhar\.m2\repository\com\googlecode\libphonenumber\libphonenumber\8.11.1\libphonenumber-8.11.1.jar;C:\Users\HeshamAbdElhamedGhar\.m2\repository\net\sf\jopt-simple\jopt-simple\5.0.4\jopt-simple-5.0.4.jar;C:\Users\HeshamAbdElhamedGhar\.m2\repository\com\fasterxml\jackson\datatype\jackson-datatype-jdk8\2.14.1\jackson-datatype-jdk8-2.14.1.jar;C:\Users\HeshamAbdElhamedGhar\.m2\repository\com\fasterxml\jackson\core\jackson-core\2.14.1\jackson-core-2.14.1.jar;C:\Users\HeshamAbdElhamedGhar\.m2\repository\com\applitools\eyes-images-java4\4.14.0\eyes-images-java4-4.14.0.jar;C:\Users\HeshamAbdElhamedGhar\.m2\repository\com\applitools\eyes-common-java4\4.14.0\eyes-common-java4-4.14.0.jar;C:\Users\HeshamAbdElhamedGhar\.m2\repository\org\imgscalr\imgscalr-lib\4.2\imgscalr-lib-4.2.jar;C:\Users\HeshamAbdElhamedGhar\.m2\repository\com\helger\ph-css\6.1.1\ph-css-6.1.1.jar;C:\Users\HeshamAbdElhamedGhar\.m2\repository\com\helger\ph-commons\9.0.2\ph-commons-9.0.2.jar;C:\Users\HeshamAbdElhamedGhar\.m2\repository\org\jsoup\jsoup\1.8.3\jsoup-1.8.3.jar;C:\Users\HeshamAbdElhamedGhar\.m2\repository\com\applitools\eyes-sdk-core-java4\4.14.0\eyes-sdk-core-java4-4.14.0.jar;C:\Users\HeshamAbdElhamedGhar\.m2\repository\com\applitools\eyes-connectivity-java4-jersey2x\4.14.0\eyes-connectivity-java4-jersey2x-4.14.0.jar;C:\Users\HeshamAbdElhamedGhar\.m2\repository\org\glassfish\jersey\connectors\jersey-apache-connector\2.16\jersey-apache-connector-2.16.jar;C:\Users\HeshamAbdElhamedGhar\.m2\repository\org\glassfish\jersey\core\jersey-common\2.16\jersey-common-2.16.jar;C:\Users\HeshamAbdElhamedGhar\.m2\repository\javax\annotation\javax.annotation-api\1.2\javax.annotation-api-1.2.jar;C:\Users\HeshamAbdElhamedGhar\.m2\repository\org\glassfish\jersey\bundles\repackaged\jersey-guava\2.16\jersey-guava-2.16.jar;C:\Users\HeshamAbdElhamedGhar\.m2\repository\org\glassfish\hk2\osgi-resource-locator\1.0.1\osgi-resource-locator-1.0.1.jar;C:\Users\HeshamAbdElhamedGhar\.m2\repository\javax\ws\rs\javax.ws.rs-api\2.0.1\javax.ws.rs-api-2.0.1.jar;C:\Users\HeshamAbdElhamedGhar\.m2\repository\org\glassfish\jersey\core\jersey-client\2.16\jersey-client-2.16.jar;C:\Users\HeshamAbdElhamedGhar\.m2\repository\org\glassfish\hk2\hk2-api\2.4.0-b09\hk2-api-2.4.0-b09.jar;C:\Users\HeshamAbdElhamedGhar\.m2\repository\org\glassfish\hk2\hk2-utils\2.4.0-b09\hk2-utils-2.4.0-b09.jar;C:\Users\HeshamAbdElhamedGhar\.m2\repository\org\glassfish\hk2\external\aopalliance-repackaged\2.4.0-b09\aopalliance-repackaged-2.4.0-b09.jar;C:\Users\HeshamAbdElhamedGhar\.m2\repository\org\glassfish\hk2\external\javax.inject\2.4.0-b09\javax.inject-2.4.0-b09.jar;C:\Users\HeshamAbdElhamedGhar\.m2\repository\org\glassfish\hk2\hk2-locator\2.4.0-b09\hk2-locator-2.4.0-b09.jar;C:\Users\HeshamAbdElhamedGhar\.m2\repository\org\openpnp\opencv\4.5.5-1\opencv-4.5.5-1.jar;C:\Users\HeshamAbdElhamedGhar\.m2\repository\com\sikulix\sikulixapi\2.0.5\sikulixapi-2.0.5.jar;C:\Users\HeshamAbdElhamedGhar\.m2\repository\org\python\jython-slim\2.7.2\jython-slim-2.7.2.jar;C:\Users\HeshamAbdElhamedGhar\.m2\repository\org\antlr\antlr\3.5.2\antlr-3.5.2.jar;C:\Users\HeshamAbdElhamedGhar\.m2\repository\org\antlr\ST4\4.0.8\ST4-4.0.8.jar;C:\Users\HeshamAbdElhamedGhar\.m2\repository\javax\servlet\javax.servlet-api\3.1.0\javax.servlet-api-3.1.0.jar;C:\Users\HeshamAbdElhamedGhar\.m2\repository\org\antlr\antlr-runtime\3.5.2\antlr-runtime-3.5.2.jar;C:\Users\HeshamAbdElhamedGhar\.m2\repository\org\bouncycastle\bcpkix-jdk15on\1.62\bcpkix-jdk15on-1.62.jar;C:\Users\HeshamAbdElhamedGhar\.m2\repository\org\bouncycastle\bcprov-jdk15on\1.62\bcprov-jdk15on-1.62.jar;C:\Users\HeshamAbdElhamedGhar\.m2\repository\org\ow2\asm\asm-commons\7.1\asm-commons-7.1.jar;C:\Users\HeshamAbdElhamedGhar\.m2\repository\org\ow2\asm\asm-tree\7.1\asm-tree-7.1.jar;C:\Users\HeshamAbdElhamedGhar\.m2\repository\org\ow2\asm\asm-analysis\7.1\asm-analysis-7.1.jar;C:\Users\HeshamAbdElhamedGhar\.m2\repository\org\ow2\asm\asm-util\7.1\asm-util-7.1.jar;C:\Users\HeshamAbdElhamedGhar\.m2\repository\com\ibm\icu\icu4j\59.1\icu4j-59.1.jar;C:\Users\HeshamAbdElhamedGhar\.m2\repository\com\carrotsearch\java-sizeof\0.0.5\java-sizeof-0.0.5.jar;C:\Users\HeshamAbdElhamedGhar\.m2\repository\com\github\jnr\jffi\1.2.20\jffi-1.2.20.jar;C:\Users\HeshamAbdElhamedGhar\.m2\repository\com\github\jnr\jnr-netdb\1.1.6\jnr-netdb-1.1.6.jar;C:\Users\HeshamAbdElhamedGhar\.m2\repository\com\github\jnr\jnr-ffi\2.1.10\jnr-ffi-2.1.10.jar;C:\Users\HeshamAbdElhamedGhar\.m2\repository\com\github\jnr\jffi\1.2.19\jffi-1.2.19-native.jar;C:\Users\HeshamAbdElhamedGhar\.m2\repository\com\github\jnr\jnr-a64asm\1.0.0\jnr-a64asm-1.0.0.jar;C:\Users\HeshamAbdElhamedGhar\.m2\repository\com\github\jnr\jnr-x86asm\1.0.2\jnr-x86asm-1.0.2.jar;C:\Users\HeshamAbdElhamedGhar\.m2\repository\com\github\jnr\jnr-posix\3.0.50\jnr-posix-3.0.50.jar;C:\Users\HeshamAbdElhamedGhar\.m2\repository\com\github\jnr\jnr-constants\0.9.12\jnr-constants-0.9.12.jar;C:\Users\HeshamAbdElhamedGhar\.m2\repository\jline\jline\2.14.5\jline-2.14.5.jar;C:\Users\HeshamAbdElhamedGhar\.m2\repository\org\apache\ant\ant\1.9.7\ant-1.9.7.jar;C:\Users\HeshamAbdElhamedGhar\.m2\repository\org\apache\ant\ant-launcher\1.9.7\ant-launcher-1.9.7.jar;C:\Users\HeshamAbdElhamedGhar\.m2\repository\com\sikulix\sikulix2tigervnc\1.1.4\sikulix2tigervnc-1.1.4.jar;C:\Users\HeshamAbdElhamedGhar\.m2\repository\commons-cli\commons-cli\1.4\commons-cli-1.4.jar;C:\Users\HeshamAbdElhamedGhar\.m2\repository\org\apache\commons\commons-exec\1.3\commons-exec-1.3.jar;C:\Users\HeshamAbdElhamedGhar\.m2\repository\net\java\dev\jna\jna-platform\5.6.0\jna-platform-5.6.0.jar;C:\Users\HeshamAbdElhamedGhar\.m2\repository\net\oneandone\reflections8\reflections8\0.11.6\reflections8-0.11.6.jar;C:\Users\HeshamAbdElhamedGhar\.m2\repository\org\javassist\javassist\3.22.0-GA\javassist-3.22.0-GA.jar;C:\Users\HeshamAbdElhamedGhar\.m2\repository\net\sourceforge\tess4j\tess4j\4.5.4\tess4j-4.5.4.jar;C:\Users\HeshamAbdElhamedGhar\.m2\repository\com\github\jai-imageio\jai-imageio-core\1.4.0\jai-imageio-core-1.4.0.jar;C:\Users\HeshamAbdElhamedGhar\.m2\repository\org\ghost4j\ghost4j\1.0.1\ghost4j-1.0.1.jar;C:\Users\HeshamAbdElhamedGhar\.m2\repository\org\apache\xmlgraphics\xmlgraphics-commons\1.4\xmlgraphics-commons-1.4.jar;C:\Users\HeshamAbdElhamedGhar\.m2\repository\com\lowagie\itext\2.1.7\itext-2.1.7.jar;C:\Users\HeshamAbdElhamedGhar\.m2\repository\org\apache\pdfbox\pdfbox-tools\2.0.21\pdfbox-tools-2.0.21.jar;C:\Users\HeshamAbdElhamedGhar\.m2\repository\org\apache\pdfbox\pdfbox-debugger\2.0.21\pdfbox-debugger-2.0.21.jar;C:\Users\HeshamAbdElhamedGhar\.m2\repository\org\apache\pdfbox\jbig2-imageio\3.0.3\jbig2-imageio-3.0.3.jar;C:\Users\HeshamAbdElhamedGhar\.m2\repository\net\sourceforge\lept4j\lept4j\1.13.2\lept4j-1.13.2.jar;C:\Users\HeshamAbdElhamedGhar\.m2\repository\org\jboss\jboss-vfs\3.2.15.Final\jboss-vfs-3.2.15.Final.jar;C:\Users\HeshamAbdElhamedGhar\.m2\repository\org\jboss\logging\jboss-logging\3.1.4.GA\jboss-logging-3.1.4.GA.jar;C:\Users\HeshamAbdElhamedGhar\.m2\repository\net\sf\py4j\py4j\0.10.9.1\py4j-0.10.9.1.jar;C:\Users\HeshamAbdElhamedGhar\.m2\repository\com\epam\healenium\healenium-web\3.3.1\healenium-web-3.3.1.jar;C:\Users\HeshamAbdElhamedGhar\.m2\repository\com\typesafe\config\1.4.2\config-1.4.2.jar;C:\Users\HeshamAbdElhamedGhar\.m2\repository\com\epam\healenium\tree-comparing\0.4.11\tree-comparing-0.4.11.jar;C:\Users\HeshamAbdElhamedGhar\.m2\repository\org\apache\commons\commons-text\1.6\commons-text-1.6.jar;C:\Users\HeshamAbdElhamedGhar\.m2\repository\com\squareup\okhttp3\okhttp\4.9.3\okhttp-4.9.3.jar;C:\Users\HeshamAbdElhamedGhar\.m2\repository\com\squareup\okio\okio\2.8.0\okio-2.8.0.jar;C:\Users\HeshamAbdElhamedGhar\.m2\repository\org\jetbrains\kotlin\kotlin-stdlib-common\1.4.0\kotlin-stdlib-common-1.4.0.jar;C:\Users\HeshamAbdElhamedGhar\.m2\repository\org\jetbrains\kotlin\kotlin-stdlib\1.4.10\kotlin-stdlib-1.4.10.jar;C:\Users\HeshamAbdElhamedGhar\.m2\repository\org\mapstruct\mapstruct\1.4.2.Final\mapstruct-1.4.2.Final.jar;C:\Users\HeshamAbdElhamedGhar\.m2\repository\one\util\streamex\0.8.1\streamex-0.8.1.jar;C:\Users\HeshamAbdElhamedGhar\.m2\repository\org\mapstruct\mapstruct-processor\1.4.2.Final\mapstruct-processor-1.4.2.Final.jar;C:\Users\HeshamAbdElhamedGhar\.m2\repository\com\assertthat\selenium-shutterbug\1.6\selenium-shutterbug-1.6.jar;C:\Users\HeshamAbdElhamedGhar\.m2\repository\com\github\zafarkhaja\java-semver\0.9.0\java-semver-0.9.0.jar;C:\Users\HeshamAbdElhamedGhar\.m2\repository\com\jcraft\jsch\0.1.55\jsch-0.1.55.jar;C:\Users\HeshamAbdElhamedGhar\.m2\repository\mysql\mysql-connector-java\8.0.30\mysql-connector-java-8.0.30.jar;C:\Users\HeshamAbdElhamedGhar\.m2\repository\com\google\protobuf\protobuf-java\3.19.4\protobuf-java-3.19.4.jar;C:\Users\HeshamAbdElhamedGhar\.m2\repository\com\microsoft\sqlserver\mssql-jdbc\9.4.1.jre16-preview\mssql-jdbc-9.4.1.jre16-preview.jar;C:\Users\HeshamAbdElhamedGhar\.m2\repository\postgresql\postgresql\9.1-901-1.jdbc4\postgresql-9.1-901-1.jdbc4.jar;C:\Users\HeshamAbdElhamedGhar\.m2\repository\com\ibm\db2\jcc\db2jcc\db2jcc4\db2jcc-db2jcc4.jar;C:\Users\HeshamAbdElhamedGhar\.m2\repository\ws\schild\jave-all-deps\3.3.1\jave-all-deps-3.3.1.jar;C:\Users\HeshamAbdElhamedGhar\.m2\repository\ws\schild\jave-core\3.3.1\jave-core-3.3.1.jar;C:\Users\HeshamAbdElhamedGhar\.m2\repository\ws\schild\jave-nativebin-win32\3.3.1\jave-nativebin-win32-3.3.1.jar;C:\Users\HeshamAbdElhamedGhar\.m2\repository\ws\schild\jave-nativebin-win64\3.3.1\jave-nativebin-win64-3.3.1.jar;C:\Users\HeshamAbdElhamedGhar\.m2\repository\ws\schild\jave-nativebin-linux32\3.3.1\jave-nativebin-linux32-3.3.1.jar;C:\Users\HeshamAbdElhamedGhar\.m2\repository\ws\schild\jave-nativebin-linux64\3.3.1\jave-nativebin-linux64-3.3.1.jar;C:\Users\HeshamAbdElhamedGhar\.m2\repository\ws\schild\jave-nativebin-osx64\3.3.1\jave-nativebin-osx64-3.3.1.jar;C:\Users\HeshamAbdElhamedGhar\.m2\repository\ws\schild\jave-nativebin-osxm1\3.3.1\jave-nativebin-osxm1-3.3.1.jar;C:\Users\HeshamAbdElhamedGhar\.m2\repository\ws\schild\jave-nativebin-linux-arm32\3.3.1\jave-nativebin-linux-arm32-3.3.1.jar;C:\Users\HeshamAbdElhamedGhar\.m2\repository\ws\schild\jave-nativebin-linux-arm64\3.3.1\jave-nativebin-linux-arm64-3.3.1.jar;C:\Users\HeshamAbdElhamedGhar\.m2\repository\com\automation-remarks\video-recorder-testng\2.0\video-recorder-testng-2.0.jar;C:\Users\HeshamAbdElhamedGhar\.m2\repository\com\automation-remarks\video-recorder-core\2.0\video-recorder-core-2.0.jar;C:\Users\HeshamAbdElhamedGhar\.m2\repository\org\aeonbits\owner\owner-java8\1.0.10\owner-java8-1.0.10.jar;C:\Users\HeshamAbdElhamedGhar\.m2\repository\org\aeonbits\owner\owner\1.0.10\owner-1.0.10.jar;C:\Users\HeshamAbdElhamedGhar\.m2\repository\org\zeroturnaround\zt-exec\1.10\zt-exec-1.10.jar;C:\Users\HeshamAbdElhamedGhar\.m2\repository\org\awaitility\awaitility\3.1.6\awaitility-3.1.6.jar;C:\Users\HeshamAbdElhamedGhar\.m2\repository\org\hamcrest\hamcrest-library\1.3\hamcrest-library-1.3.jar;C:\Users\HeshamAbdElhamedGhar\.m2\repository\org\hamcrest\hamcrest-core\1.3\hamcrest-core-1.3.jar;C:\Users\HeshamAbdElhamedGhar\.m2\repository\org\objenesis\objenesis\2.6\objenesis-2.6.jar;C:\Users\HeshamAbdElhamedGhar\.m2\repository\org\json\json\20180813\json-20180813.jar;C:\Users\HeshamAbdElhamedGhar\.m2\repository\org\apache\logging\log4j\log4j-slf4j2-impl\2.19.0\log4j-slf4j2-impl-2.19.0.jar;C:\Users\HeshamAbdElhamedGhar\.m2\repository\org\slf4j\slf4j-api\2.0.0\slf4j-api-2.0.0.jar;C:\Users\HeshamAbdElhamedGhar\.m2\repository\org\apache\logging\log4j\log4j-core\2.19.0\log4j-core-2.19.0.jar;C:\Users\HeshamAbdElhamedGhar\.m2\repository\org\apache\logging\log4j\log4j-1.2-api\2.19.0\log4j-1.2-api-2.19.0.jar;C:\Users\HeshamAbdElhamedGhar\.m2\repository\com\google\guava\guava\31.1-jre\guava-31.1-jre.jar;C:\Users\HeshamAbdElhamedGhar\.m2\repository\com\google\guava\failureaccess\1.0.1\failureaccess-1.0.1.jar;C:\Users\HeshamAbdElhamedGhar\.m2\repository\com\google\guava\listenablefuture\9999.0-empty-to-avoid-conflict-with-guava\listenablefuture-9999.0-empty-to-avoid-conflict-with-guava.jar;C:\Users\HeshamAbdElhamedGhar\.m2\repository\com\google\code\findbugs\jsr305\3.0.2\jsr305-3.0.2.jar;C:\Users\HeshamAbdElhamedGhar\.m2\repository\org\checkerframework\checker-qual\3.12.0\checker-qual-3.12.0.jar;C:\Users\HeshamAbdElhamedGhar\.m2\repository\com\google\errorprone\error_prone_annotations\2.11.0\error_prone_annotations-2.11.0.jar;C:\Users\HeshamAbdElhamedGhar\.m2\repository\com\google\j2objc\j2objc-annotations\1.3\j2objc-annotations-1.3.jar;C:\Users\HeshamAbdElhamedGhar\.m2\repository\org\projectlombok\lombok\1.18.24\lombok-1.18.24.jar;C:\Users\HeshamAbdElhamedGhar\.m2\repository\com\google\crypto\tink\tink\1.7.0\tink-1.7.0.jar;C:\Users\HeshamAbdElhamedGhar\.m2\repository\com\google\crypto\tink\tink-awskms\1.7.0\tink-awskms-1.7.0.jar;C:\Users\HeshamAbdElhamedGhar\.m2\repository\com\amazonaws\aws-java-sdk-core\1.12.182\aws-java-sdk-core-1.12.182.jar;C:\Users\HeshamAbdElhamedGhar\.m2\repository\software\amazon\ion\ion-java\1.0.2\ion-java-1.0.2.jar;C:\Users\HeshamAbdElhamedGhar\.m2\repository\com\amazonaws\aws-java-sdk-kms\1.12.182\aws-java-sdk-kms-1.12.182.jar;C:\Users\HeshamAbdElhamedGhar\.m2\repository\com\amazonaws\jmespath-java\1.12.182\jmespath-java-1.12.182.jar;C:\Users\HeshamAbdElhamedGhar\.m2\repository\com\fasterxml\jackson\dataformat\jackson-dataformat-cbor\2.13.1\jackson-dataformat-cbor-2.13.1.jar;C:\Users\HeshamAbdElhamedGhar\.m2\repository\com\google\auto\service\auto-service\1.0.1\auto-service-1.0.1.jar;C:\Users\HeshamAbdElhamedGhar\.m2\repository\com\google\auto\auto-common\1.2\auto-common-1.2.jar;C:\Users\HeshamAbdElhamedGhar\.m2\repository\com\google\crypto\tink\tink-gcpkms\1.7.0\tink-gcpkms-1.7.0.jar;C:\Users\HeshamAbdElhamedGhar\.m2\repository\com\google\api-client\google-api-client\1.33.2\google-api-client-1.33.2.jar;C:\Users\HeshamAbdElhamedGhar\.m2\repository\com\google\oauth-client\google-oauth-client\1.33.0\google-oauth-client-1.33.0.jar;C:\Users\HeshamAbdElhamedGhar\.m2\repository\com\google\http-client\google-http-client-apache-v2\1.41.2\google-http-client-apache-v2-1.41.2.jar;C:\Users\HeshamAbdElhamedGhar\.m2\repository\com\google\apis\google-api-services-cloudkms\v1-rev108-1.25.0\google-api-services-cloudkms-v1-rev108-1.25.0.jar;C:\Users\HeshamAbdElhamedGhar\.m2\repository\com\google\auth\google-auth-library-oauth2-http\1.5.3\google-auth-library-oauth2-http-1.5.3.jar;C:\Users\HeshamAbdElhamedGhar\.m2\repository\com\google\auto\value\auto-value-annotations\1.9\auto-value-annotations-1.9.jar;C:\Users\HeshamAbdElhamedGhar\.m2\repository\com\google\auth\google-auth-library-credentials\1.5.3\google-auth-library-credentials-1.5.3.jar;C:\Users\HeshamAbdElhamedGhar\.m2\repository\com\google\http-client\google-http-client\1.41.3\google-http-client-1.41.3.jar;C:\Users\HeshamAbdElhamedGhar\.m2\repository\io\opencensus\opencensus-api\0.31.0\opencensus-api-0.31.0.jar;C:\Users\HeshamAbdElhamedGhar\.m2\repository\io\grpc\grpc-context\1.27.2\grpc-context-1.27.2.jar;C:\Users\HeshamAbdElhamedGhar\.m2\repository\io\opencensus\opencensus-contrib-http-util\0.31.0\opencensus-contrib-http-util-0.31.0.jar;C:\Users\HeshamAbdElhamedGhar\.m2\repository\com\google\http-client\google-http-client-gson\1.41.3\google-http-client-gson-1.41.3.jar;C:\Users\HeshamAbdElhamedGhar\.m2\repository\org\yaml\snakeyaml\1.33\snakeyaml-1.33.jar;C:\Users\HeshamAbdElhamedGhar\.m2\repository\com\auth0\java-jwt\4.0.0\java-jwt-4.0.0.jar;C:\Users\HeshamAbdElhamedGhar\.m2\repository\com\fasterxml\jackson\core\jackson-databind\2.13.2.2\jackson-databind-2.13.2.2.jar;C:\Users\HeshamAbdElhamedGhar\.m2\repository\com\fasterxml\jackson\core\jackson-annotations\2.13.2\jackson-annotations-2.13.2.jar;C:\Users\HeshamAbdElhamedGhar\.m2\repository\org\jetbrains\annotations\23.1.0\annotations-23.1.0.jar;"/>
    <property name="user.home" value="C:\Users\HeshamAbdElhamedGhar"/>
    <property name="mobile_automationName" value="UIAutomator2"/>
    <property name="dynamicObjectRepositoryPath" value="src/main/resources/dynamicObjectRepository/"/>
    <property name="setThreadCount" value="1"/>
    <property name="serverHost" value="localhost"/>
    <property name="setGroupByInstances" value="true"/>
    <property name="mobile_platformVersion" value=""/>
    <property name="cucumber.execution.limit" value=""/>
    <property name="screenshotParams_screenshotType" value="FullPage"/>
    <property name="name" value="PropertiesConfig"/>
    <property name="mobileEmulation.deviceName" value=""/>
    <property name="appender.console.name" value="STDOUT"/>
    <property name="appender.console.layout.type" value="PatternLayout"/>
    <property name="debugMode" value="false"/>
    <property name="retryMaximumNumberOfAttempts" value="0"/>
    <property name="appender.console.layout.disableAnsi" value="false"/>
    <property name="score-cap" value="0.5"/>
    <property name="applitoolsApiKey" value=""/>
    <property name="cucumber.plugin" value="pretty, json:allure-results/cucumber.json, html:allure-results/cucumberReport.html, com.shaft.tools.listeners.CucumberTestRunnerListener"/>
    <property name="path.separator" value=";"/>
    <property name="browserStack.accessKey" value="7E7PgzBtwk4sWLUcF8Y5"/>
    <property name="screenshotParams_skippedElementsFromScreenshot" value=""/>
    <property name="os.version" value="10.0"/>
    <property name="reportTestCasesExecution" value="false"/>
    <property name="pageLoadTimeout" value="30"/>
    <property name="browserStack.osVersion" value=""/>
    <property name="browserStack.username" value="mohabmohie1"/>
    <property name="mobile_udid" value=""/>
    <property name="screenshotParams_highlightMethod" value="AI"/>
    <property name="java.vm.name" value="Java HotSpot(TM) 64-Bit Server VM"/>
    <property name="browserStack.platformVersion" value=""/>
    <property name="apiConnectionTimeout" value="30"/>
    <property name="cucumber.ansi-colors.disabled" value="false"/>
    <property name="forceCheckNavigationWasSuccessful" value="true"/>
    <property name="cucumber.filter.tags" value=""/>
    <property name="os.arch" value="amd64"/>
    <property name="cucumber.execution.order" value="lexical"/>
    <property name="appender.file.type" value="File"/>
    <property name="setVerbose" value="1"/>
    <property name="setParallel" value="NONE"/>
    <property name="customDriverPath" value=""/>
    <property name="baseURL" value=""/>
    <property name="tinkey.keysetFilename" value=""/>
    <property name="java.vm.info" value="mixed mode, sharing"/>
    <property name="video.folder" value="allure-results/videos"/>
    <property name="java.class.version" value="61.0"/>
    <property name="sun.jnu.encoding" value="Cp1252"/>
    <property name="browserStack.appUrl" value=""/>
    <property name="setPreserveOrder" value="true"/>
    <property name="skipTestsWithLinkedIssues" value="false"/>
    <property name="com.SHAFT.proxySettings" value=""/>
    <property name="browserStack.seleniumVersion" value="4.1.2"/>
    <property name="clickUsingJavascriptWhenWebDriverClickFails" value="false"/>
    <property name="disableLogging" value="false"/>
    <property name="authorization" value=":"/>
    <property name="targetBrowserName" value="GoogleChrome"/>
    <property name="screenshotParams_watermarkOpacity" value="0.2"/>
    <property name="mobile_browserName" value=""/>
    <property name="browserStack.debug" value="true"/>
    <property name="mobileEmulation.width" value=""/>
    <property name="file.separator" value="\"/>
    <property name="java.vm.compressedOopsMode" value="Zero based"/>
    <property name="line.separator" value="&#10;"/>
    <property name="ExecutionName" value=""/>
    <property name="appender.file.layout.pattern" value="[%-5level] %d{yyyy-MM-dd HH:mm:ss.SSS} [%t] %c{1} - %msg%n"/>
    <property name="testDataColumnNamePrefix" value="Data"/>
    <property name="cucumber.object-factory" value=""/>
    <property name="targetOperatingSystem" value="Windows-64"/>
    <property name="allure.link.custom.pattern" value="{}"/>
    <property name="propertiesFolderPath" value="src/main/resources/properties/"/>
    <property name="headlessExecution" value="false"/>
    <property name="user.name" value="HeshamAbdElhamedGhar"/>
    <property name="browserStack.appRelativeFilePath" value=""/>
    <property name="screenshotParams_watermark" value="true"/>
    <property name="jiraInteraction" value="false"/>
    <property name="serverPort" value="7878"/>
    <property name="cleanExtentReportsDirectoryBeforeExecution" value="true"/>
    <property name="localRepository" value="C:\Users\HeshamAbdElhamedGhar\.m2\repository"/>
    <property name="idea.version" value="2022.3.1"/>
    <property name="defaultElementIdentificationTimeout" value="60"/>
    <property name="capabilities.accessKey" value=""/>
    <property name="ExecutionDescription" value=""/>
    <property name="sun.os.patch.level" value=""/>
    <property name="lazyLoadingTimeout" value="30"/>
    <property name="customDriverName" value=""/>
    <property name="waitForLazyLoading" value="false"/>
    <property name="browserNavigationTimeout" value="60"/>
    <property name="mobile_platformName" value=""/>
    <property name="mobile_appPackage" value=""/>
    <property name="java.class.path" value="C:\eclipse-workspace\MyProjects\TASystemsAPIs\target\test-classes;C:\eclipse-workspace\MyProjects\TASystemsAPIs\target\classes;C:\Users\HeshamAbdElhamedGhar\.m2\repository\io\github\shafthq\SHAFT_ENGINE\6.4.20221215\SHAFT_ENGINE-6.4.20221215.jar;C:\Users\HeshamAbdElhamedGhar\.m2\repository\org\testng\testng\7.7.0\testng-7.7.0.jar;C:\Users\HeshamAbdElhamedGhar\.m2\repository\com\beust\jcommander\1.82\jcommander-1.82.jar;C:\Users\HeshamAbdElhamedGhar\.m2\repository\org\webjars\jquery\3.6.1\jquery-3.6.1.jar;C:\Users\HeshamAbdElhamedGhar\.m2\repository\org\seleniumhq\selenium\selenium-java\4.7.2\selenium-java-4.7.2.jar;C:\Users\HeshamAbdElhamedGhar\.m2\repository\org\seleniumhq\selenium\selenium-api\4.7.2\selenium-api-4.7.2.jar;C:\Users\HeshamAbdElhamedGhar\.m2\repository\org\seleniumhq\selenium\selenium-chrome-driver\4.7.2\selenium-chrome-driver-4.7.2.jar;C:\Users\HeshamAbdElhamedGhar\.m2\repository\com\google\auto\service\auto-service-annotations\1.0.1\auto-service-annotations-1.0.1.jar;C:\Users\HeshamAbdElhamedGhar\.m2\repository\org\seleniumhq\selenium\selenium-chromium-driver\4.7.2\selenium-chromium-driver-4.7.2.jar;C:\Users\HeshamAbdElhamedGhar\.m2\repository\org\seleniumhq\selenium\selenium-json\4.7.2\selenium-json-4.7.2.jar;C:\Users\HeshamAbdElhamedGhar\.m2\repository\org\seleniumhq\selenium\selenium-devtools-v106\4.7.2\selenium-devtools-v106-4.7.2.jar;C:\Users\HeshamAbdElhamedGhar\.m2\repository\org\seleniumhq\selenium\selenium-devtools-v107\4.7.2\selenium-devtools-v107-4.7.2.jar;C:\Users\HeshamAbdElhamedGhar\.m2\repository\org\seleniumhq\selenium\selenium-devtools-v108\4.7.2\selenium-devtools-v108-4.7.2.jar;C:\Users\HeshamAbdElhamedGhar\.m2\repository\org\seleniumhq\selenium\selenium-devtools-v85\4.7.2\selenium-devtools-v85-4.7.2.jar;C:\Users\HeshamAbdElhamedGhar\.m2\repository\org\seleniumhq\selenium\selenium-edge-driver\4.7.2\selenium-edge-driver-4.7.2.jar;C:\Users\HeshamAbdElhamedGhar\.m2\repository\org\seleniumhq\selenium\selenium-firefox-driver\4.7.2\selenium-firefox-driver-4.7.2.jar;C:\Users\HeshamAbdElhamedGhar\.m2\repository\org\seleniumhq\selenium\selenium-http\4.7.2\selenium-http-4.7.2.jar;C:\Users\HeshamAbdElhamedGhar\.m2\repository\dev\failsafe\failsafe\3.3.0\failsafe-3.3.0.jar;C:\Users\HeshamAbdElhamedGhar\.m2\repository\org\seleniumhq\selenium\selenium-ie-driver\4.7.2\selenium-ie-driver-4.7.2.jar;C:\Users\HeshamAbdElhamedGhar\.m2\repository\org\seleniumhq\selenium\selenium-remote-driver\4.7.2\selenium-remote-driver-4.7.2.jar;C:\Users\HeshamAbdElhamedGhar\.m2\repository\io\netty\netty-codec-http\4.1.84.Final\netty-codec-http-4.1.84.Final.jar;C:\Users\HeshamAbdElhamedGhar\.m2\repository\io\netty\netty-transport-classes-epoll\4.1.84.Final\netty-transport-classes-epoll-4.1.84.Final.jar;C:\Users\HeshamAbdElhamedGhar\.m2\repository\io\netty\netty-transport-classes-kqueue\4.1.84.Final\netty-transport-classes-kqueue-4.1.84.Final.jar;C:\Users\HeshamAbdElhamedGhar\.m2\repository\io\netty\netty-transport-native-epoll\4.1.84.Final\netty-transport-native-epoll-4.1.84.Final.jar;C:\Users\HeshamAbdElhamedGhar\.m2\repository\io\netty\netty-transport-native-kqueue\4.1.84.Final\netty-transport-native-kqueue-4.1.84.Final.jar;C:\Users\HeshamAbdElhamedGhar\.m2\repository\io\opentelemetry\opentelemetry-api\1.19.0\opentelemetry-api-1.19.0.jar;C:\Users\HeshamAbdElhamedGhar\.m2\repository\io\opentelemetry\opentelemetry-context\1.19.0\opentelemetry-context-1.19.0.jar;C:\Users\HeshamAbdElhamedGhar\.m2\repository\io\opentelemetry\opentelemetry-exporter-logging\1.19.0\opentelemetry-exporter-logging-1.19.0.jar;C:\Users\HeshamAbdElhamedGhar\.m2\repository\io\opentelemetry\opentelemetry-sdk-metrics\1.19.0\opentelemetry-sdk-metrics-1.19.0.jar;C:\Users\HeshamAbdElhamedGhar\.m2\repository\io\opentelemetry\opentelemetry-sdk-logs\1.19.0-alpha\opentelemetry-sdk-logs-1.19.0-alpha.jar;C:\Users\HeshamAbdElhamedGhar\.m2\repository\io\opentelemetry\opentelemetry-api-logs\1.19.0-alpha\opentelemetry-api-logs-1.19.0-alpha.jar;C:\Users\HeshamAbdElhamedGhar\.m2\repository\io\opentelemetry\opentelemetry-sdk-common\1.19.0\opentelemetry-sdk-common-1.19.0.jar;C:\Users\HeshamAbdElhamedGhar\.m2\repository\io\opentelemetry\opentelemetry-sdk-extension-autoconfigure-spi\1.19.0\opentelemetry-sdk-extension-autoconfigure-spi-1.19.0.jar;C:\Users\HeshamAbdElhamedGhar\.m2\repository\io\opentelemetry\opentelemetry-sdk-extension-autoconfigure\1.19.0-alpha\opentelemetry-sdk-extension-autoconfigure-1.19.0-alpha.jar;C:\Users\HeshamAbdElhamedGhar\.m2\repository\io\opentelemetry\opentelemetry-exporter-common\1.19.0\opentelemetry-exporter-common-1.19.0.jar;C:\Users\HeshamAbdElhamedGhar\.m2\repository\io\opentelemetry\opentelemetry-sdk-trace\1.19.0\opentelemetry-sdk-trace-1.19.0.jar;C:\Users\HeshamAbdElhamedGhar\.m2\repository\io\opentelemetry\opentelemetry-sdk\1.19.0\opentelemetry-sdk-1.19.0.jar;C:\Users\HeshamAbdElhamedGhar\.m2\repository\io\opentelemetry\opentelemetry-semconv\1.19.0-alpha\opentelemetry-semconv-1.19.0-alpha.jar;C:\Users\HeshamAbdElhamedGhar\.m2\repository\io\ous\jtoml\2.0.0\jtoml-2.0.0.jar;C:\Users\HeshamAbdElhamedGhar\.m2\repository\net\bytebuddy\byte-buddy\1.12.18\byte-buddy-1.12.18.jar;C:\Users\HeshamAbdElhamedGhar\.m2\repository\org\asynchttpclient\async-http-client\2.12.3\async-http-client-2.12.3.jar;C:\Users\HeshamAbdElhamedGhar\.m2\repository\org\asynchttpclient\async-http-client-netty-utils\2.12.3\async-http-client-netty-utils-2.12.3.jar;C:\Users\HeshamAbdElhamedGhar\.m2\repository\io\netty\netty-codec-socks\4.1.60.Final\netty-codec-socks-4.1.60.Final.jar;C:\Users\HeshamAbdElhamedGhar\.m2\repository\io\netty\netty-handler-proxy\4.1.60.Final\netty-handler-proxy-4.1.60.Final.jar;C:\Users\HeshamAbdElhamedGhar\.m2\repository\io\netty\netty-transport-native-epoll\4.1.60.Final\netty-transport-native-epoll-4.1.60.Final-linux-x86_64.jar;C:\Users\HeshamAbdElhamedGhar\.m2\repository\io\netty\netty-transport-native-kqueue\4.1.60.Final\netty-transport-native-kqueue-4.1.60.Final-osx-x86_64.jar;C:\Users\HeshamAbdElhamedGhar\.m2\repository\com\typesafe\netty\netty-reactive-streams\2.0.4\netty-reactive-streams-2.0.4.jar;C:\Users\HeshamAbdElhamedGhar\.m2\repository\com\sun\activation\jakarta.activation\1.2.2\jakarta.activation-1.2.2.jar;C:\Users\HeshamAbdElhamedGhar\.m2\repository\org\seleniumhq\selenium\selenium-manager\4.7.2\selenium-manager-4.7.2.jar;C:\Users\HeshamAbdElhamedGhar\.m2\repository\org\seleniumhq\selenium\selenium-safari-driver\4.7.2\selenium-safari-driver-4.7.2.jar;C:\Users\HeshamAbdElhamedGhar\.m2\repository\org\seleniumhq\selenium\selenium-support\4.7.2\selenium-support-4.7.2.jar;C:\Users\HeshamAbdElhamedGhar\.m2\repository\io\netty\netty-handler\4.1.86.Final\netty-handler-4.1.86.Final.jar;C:\Users\HeshamAbdElhamedGhar\.m2\repository\io\netty\netty-common\4.1.86.Final\netty-common-4.1.86.Final.jar;C:\Users\HeshamAbdElhamedGhar\.m2\repository\io\netty\netty-resolver\4.1.86.Final\netty-resolver-4.1.86.Final.jar;C:\Users\HeshamAbdElhamedGhar\.m2\repository\io\netty\netty-buffer\4.1.86.Final\netty-buffer-4.1.86.Final.jar;C:\Users\HeshamAbdElhamedGhar\.m2\repository\io\netty\netty-transport\4.1.86.Final\netty-transport-4.1.86.Final.jar;C:\Users\HeshamAbdElhamedGhar\.m2\repository\io\netty\netty-transport-native-unix-common\4.1.86.Final\netty-transport-native-unix-common-4.1.86.Final.jar;C:\Users\HeshamAbdElhamedGhar\.m2\repository\io\netty\netty-codec\4.1.86.Final\netty-codec-4.1.86.Final.jar;C:\Users\HeshamAbdElhamedGhar\.m2\repository\io\appium\java-client\8.3.0\java-client-8.3.0.jar;C:\Users\HeshamAbdElhamedGhar\.m2\repository\com\google\code\gson\gson\2.10\gson-2.10.jar;C:\Users\HeshamAbdElhamedGhar\.m2\repository\cglib\cglib\3.3.0\cglib-3.3.0.jar;C:\Users\HeshamAbdElhamedGhar\.m2\repository\org\ow2\asm\asm\7.1\asm-7.1.jar;C:\Users\HeshamAbdElhamedGhar\.m2\repository\commons-validator\commons-validator\1.7\commons-validator-1.7.jar;C:\Users\HeshamAbdElhamedGhar\.m2\repository\commons-beanutils\commons-beanutils\1.9.4\commons-beanutils-1.9.4.jar;C:\Users\HeshamAbdElhamedGhar\.m2\repository\commons-digester\commons-digester\2.1\commons-digester-2.1.jar;C:\Users\HeshamAbdElhamedGhar\.m2\repository\commons-collections\commons-collections\3.2.2\commons-collections-3.2.2.jar;C:\Users\HeshamAbdElhamedGhar\.m2\repository\org\apache\commons\commons-lang3\3.12.0\commons-lang3-3.12.0.jar;C:\Users\HeshamAbdElhamedGhar\.m2\repository\commons-io\commons-io\2.11.0\commons-io-2.11.0.jar;C:\Users\HeshamAbdElhamedGhar\.m2\repository\io\github\bonigarcia\webdrivermanager\5.3.1\webdrivermanager-5.3.1.jar;C:\Users\HeshamAbdElhamedGhar\.m2\repository\com\github\docker-java\docker-java\3.2.13\docker-java-3.2.13.jar;C:\Users\HeshamAbdElhamedGhar\.m2\repository\com\github\docker-java\docker-java-core\3.2.13\docker-java-core-3.2.13.jar;C:\Users\HeshamAbdElhamedGhar\.m2\repository\com\github\docker-java\docker-java-api\3.2.13\docker-java-api-3.2.13.jar;C:\Users\HeshamAbdElhamedGhar\.m2\repository\org\slf4j\jcl-over-slf4j\1.7.30\jcl-over-slf4j-1.7.30.jar;C:\Users\HeshamAbdElhamedGhar\.m2\repository\com\github\docker-java\docker-java-transport-httpclient5\3.2.13\docker-java-transport-httpclient5-3.2.13.jar;C:\Users\HeshamAbdElhamedGhar\.m2\repository\com\github\docker-java\docker-java-transport\3.2.13\docker-java-transport-3.2.13.jar;C:\Users\HeshamAbdElhamedGhar\.m2\repository\net\java\dev\jna\jna\5.8.0\jna-5.8.0.jar;C:\Users\HeshamAbdElhamedGhar\.m2\repository\org\brotli\dec\0.1.2\dec-0.1.2.jar;C:\Users\HeshamAbdElhamedGhar\.m2\repository\org\apache\httpcomponents\client5\httpclient5\5.1.3\httpclient5-5.1.3.jar;C:\Users\HeshamAbdElhamedGhar\.m2\repository\org\apache\httpcomponents\core5\httpcore5\5.1.3\httpcore5-5.1.3.jar;C:\Users\HeshamAbdElhamedGhar\.m2\repository\org\apache\httpcomponents\core5\httpcore5-h2\5.1.3\httpcore5-h2-5.1.3.jar;C:\Users\HeshamAbdElhamedGhar\.m2\repository\io\cucumber\cucumber-java\7.10.0\cucumber-java-7.10.0.jar;C:\Users\HeshamAbdElhamedGhar\.m2\repository\io\cucumber\cucumber-core\7.10.0\cucumber-core-7.10.0.jar;C:\Users\HeshamAbdElhamedGhar\.m2\repository\io\cucumber\cucumber-gherkin\7.10.0\cucumber-gherkin-7.10.0.jar;C:\Users\HeshamAbdElhamedGhar\.m2\repository\io\cucumber\cucumber-gherkin-messages\7.10.0\cucumber-gherkin-messages-7.10.0.jar;C:\Users\HeshamAbdElhamedGhar\.m2\repository\io\cucumber\gherkin\25.0.2\gherkin-25.0.2.jar;C:\Users\HeshamAbdElhamedGhar\.m2\repository\io\cucumber\messages\19.1.4\messages-19.1.4.jar;C:\Users\HeshamAbdElhamedGhar\.m2\repository\io\cucumber\tag-expressions\4.1.0\tag-expressions-4.1.0.jar;C:\Users\HeshamAbdElhamedGhar\.m2\repository\io\cucumber\cucumber-expressions\16.1.1\cucumber-expressions-16.1.1.jar;C:\Users\HeshamAbdElhamedGhar\.m2\repository\io\cucumber\datatable\7.10.0\datatable-7.10.0.jar;C:\Users\HeshamAbdElhamedGhar\.m2\repository\io\cucumber\cucumber-plugin\7.10.0\cucumber-plugin-7.10.0.jar;C:\Users\HeshamAbdElhamedGhar\.m2\repository\io\cucumber\docstring\7.10.0\docstring-7.10.0.jar;C:\Users\HeshamAbdElhamedGhar\.m2\repository\io\cucumber\html-formatter\20.2.0\html-formatter-20.2.0.jar;C:\Users\HeshamAbdElhamedGhar\.m2\repository\io\cucumber\ci-environment\9.1.0\ci-environment-9.1.0.jar;C:\Users\HeshamAbdElhamedGhar\.m2\repository\org\apiguardian\apiguardian-api\1.1.2\apiguardian-api-1.1.2.jar;C:\Users\HeshamAbdElhamedGhar\.m2\repository\io\cucumber\cucumber-testng\7.10.0\cucumber-testng-7.10.0.jar;C:\Users\HeshamAbdElhamedGhar\.m2\repository\io\cucumber\cucumber-picocontainer\7.10.0\cucumber-picocontainer-7.10.0.jar;C:\Users\HeshamAbdElhamedGhar\.m2\repository\org\picocontainer\picocontainer\2.15\picocontainer-2.15.jar;C:\Users\HeshamAbdElhamedGhar\.m2\repository\org\apache\poi\poi\5.2.3\poi-5.2.3.jar;C:\Users\HeshamAbdElhamedGhar\.m2\repository\commons-codec\commons-codec\1.15\commons-codec-1.15.jar;C:\Users\HeshamAbdElhamedGhar\.m2\repository\org\apache\commons\commons-collections4\4.4\commons-collections4-4.4.jar;C:\Users\HeshamAbdElhamedGhar\.m2\repository\org\apache\commons\commons-math3\3.6.1\commons-math3-3.6.1.jar;C:\Users\HeshamAbdElhamedGhar\.m2\repository\com\zaxxer\SparseBitSet\1.2\SparseBitSet-1.2.jar;C:\Users\HeshamAbdElhamedGhar\.m2\repository\org\apache\logging\log4j\log4j-api\2.18.0\log4j-api-2.18.0.jar;C:\Users\HeshamAbdElhamedGhar\.m2\repository\org\apache\poi\poi-ooxml\5.2.3\poi-ooxml-5.2.3.jar;C:\Users\HeshamAbdElhamedGhar\.m2\repository\org\apache\poi\poi-ooxml-lite\5.2.3\poi-ooxml-lite-5.2.3.jar;C:\Users\HeshamAbdElhamedGhar\.m2\repository\org\apache\xmlbeans\xmlbeans\5.1.1\xmlbeans-5.1.1.jar;C:\Users\HeshamAbdElhamedGhar\.m2\repository\org\apache\commons\commons-compress\1.21\commons-compress-1.21.jar;C:\Users\HeshamAbdElhamedGhar\.m2\repository\com\github\virtuald\curvesapi\1.07\curvesapi-1.07.jar;C:\Users\HeshamAbdElhamedGhar\.m2\repository\io\qameta\allure\allure-testng\2.20.1\allure-testng-2.20.1.jar;C:\Users\HeshamAbdElhamedGhar\.m2\repository\io\qameta\allure\allure-java-commons\2.20.1\allure-java-commons-2.20.1.jar;C:\Users\HeshamAbdElhamedGhar\.m2\repository\io\qameta\allure\allure-model\2.20.1\allure-model-2.20.1.jar;C:\Users\HeshamAbdElhamedGhar\.m2\repository\io\qameta\allure\allure-test-filter\2.20.1\allure-test-filter-2.20.1.jar;C:\Users\HeshamAbdElhamedGhar\.m2\repository\io\qameta\allure\allure-cucumber7-jvm\2.20.1\allure-cucumber7-jvm-2.20.1.jar;C:\Users\HeshamAbdElhamedGhar\.m2\repository\org\aspectj\aspectjweaver\1.9.9.1\aspectjweaver-1.9.9.1.jar;C:\Users\HeshamAbdElhamedGhar\.m2\repository\com\aventstack\extentreports\5.0.9\extentreports-5.0.9.jar;C:\Users\HeshamAbdElhamedGhar\.m2\repository\io\reactivex\rxjava3\rxjava\3.0.4\rxjava-3.0.4.jar;C:\Users\HeshamAbdElhamedGhar\.m2\repository\org\reactivestreams\reactive-streams\1.0.3\reactive-streams-1.0.3.jar;C:\Users\HeshamAbdElhamedGhar\.m2\repository\org\freemarker\freemarker\2.3.30\freemarker-2.3.30.jar;C:\Users\HeshamAbdElhamedGhar\.m2\repository\org\apache\pdfbox\pdfbox\2.0.27\pdfbox-2.0.27.jar;C:\Users\HeshamAbdElhamedGhar\.m2\repository\org\apache\pdfbox\fontbox\2.0.27\fontbox-2.0.27.jar;C:\Users\HeshamAbdElhamedGhar\.m2\repository\commons-logging\commons-logging\1.2\commons-logging-1.2.jar;C:\Users\HeshamAbdElhamedGhar\.m2\repository\io\rest-assured\rest-assured\5.3.0\rest-assured-5.3.0.jar;C:\Users\HeshamAbdElhamedGhar\.m2\repository\org\apache\groovy\groovy\4.0.6\groovy-4.0.6.jar;C:\Users\HeshamAbdElhamedGhar\.m2\repository\org\apache\groovy\groovy-xml\4.0.6\groovy-xml-4.0.6.jar;C:\Users\HeshamAbdElhamedGhar\.m2\repository\org\apache\httpcomponents\httpclient\4.5.13\httpclient-4.5.13.jar;C:\Users\HeshamAbdElhamedGhar\.m2\repository\org\apache\httpcomponents\httpcore\4.4.13\httpcore-4.4.13.jar;C:\Users\HeshamAbdElhamedGhar\.m2\repository\org\apache\httpcomponents\httpmime\4.5.13\httpmime-4.5.13.jar;C:\Users\HeshamAbdElhamedGhar\.m2\repository\org\hamcrest\hamcrest\2.1\hamcrest-2.1.jar;C:\Users\HeshamAbdElhamedGhar\.m2\repository\org\ccil\cowan\tagsoup\tagsoup\1.2.1\tagsoup-1.2.1.jar;C:\Users\HeshamAbdElhamedGhar\.m2\repository\io\rest-assured\json-path\5.3.0\json-path-5.3.0.jar;C:\Users\HeshamAbdElhamedGhar\.m2\repository\org\apache\groovy\groovy-json\4.0.6\groovy-json-4.0.6.jar;C:\Users\HeshamAbdElhamedGhar\.m2\repository\io\rest-assured\rest-assured-common\5.3.0\rest-assured-common-5.3.0.jar;C:\Users\HeshamAbdElhamedGhar\.m2\repository\io\rest-assured\xml-path\5.3.0\xml-path-5.3.0.jar;C:\Users\HeshamAbdElhamedGhar\.m2\repository\com\googlecode\json-simple\json-simple\1.1.1\json-simple-1.1.1.jar;C:\Users\HeshamAbdElhamedGhar\.m2\repository\com\jayway\jsonpath\json-path\2.7.0\json-path-2.7.0.jar;C:\Users\HeshamAbdElhamedGhar\.m2\repository\net\minidev\json-smart\2.4.7\json-smart-2.4.7.jar;C:\Users\HeshamAbdElhamedGhar\.m2\repository\net\minidev\accessors-smart\2.4.7\accessors-smart-2.4.7.jar;C:\Users\HeshamAbdElhamedGhar\.m2\repository\org\skyscreamer\jsonassert\1.5.1\jsonassert-1.5.1.jar;C:\Users\HeshamAbdElhamedGhar\.m2\repository\com\vaadin\external\google\android-json\0.0.20131108.vaadin1\android-json-0.0.20131108.vaadin1.jar;C:\Users\HeshamAbdElhamedGhar\.m2\repository\eu\medsea\mimeutil\mime-util\2.1.3\mime-util-2.1.3.jar;C:\Users\HeshamAbdElhamedGhar\.m2\repository\io\rest-assured\json-schema-validator\5.3.0\json-schema-validator-5.3.0.jar;C:\Users\HeshamAbdElhamedGhar\.m2\repository\com\github\java-json-tools\json-schema-validator\2.2.14\json-schema-validator-2.2.14.jar;C:\Users\HeshamAbdElhamedGhar\.m2\repository\com\github\java-json-tools\jackson-coreutils-equivalence\1.0\jackson-coreutils-equivalence-1.0.jar;C:\Users\HeshamAbdElhamedGhar\.m2\repository\com\github\java-json-tools\jackson-coreutils\2.0\jackson-coreutils-2.0.jar;C:\Users\HeshamAbdElhamedGhar\.m2\repository\com\github\java-json-tools\msg-simple\1.2\msg-simple-1.2.jar;C:\Users\HeshamAbdElhamedGhar\.m2\repository\com\github\java-json-tools\btf\1.3\btf-1.3.jar;C:\Users\HeshamAbdElhamedGhar\.m2\repository\com\github\java-json-tools\json-schema-core\1.2.14\json-schema-core-1.2.14.jar;C:\Users\HeshamAbdElhamedGhar\.m2\repository\com\github\java-json-tools\uri-template\0.10\uri-template-0.10.jar;C:\Users\HeshamAbdElhamedGhar\.m2\repository\org\mozilla\rhino\1.7.7.2\rhino-1.7.7.2.jar;C:\Users\HeshamAbdElhamedGhar\.m2\repository\com\sun\mail\mailapi\1.6.2\mailapi-1.6.2.jar;C:\Users\HeshamAbdElhamedGhar\.m2\repository\joda-time\joda-time\2.10.5\joda-time-2.10.5.jar;C:\Users\HeshamAbdElhamedGhar\.m2\repository\com\googlecode\libphonenumber\libphonenumber\8.11.1\libphonenumber-8.11.1.jar;C:\Users\HeshamAbdElhamedGhar\.m2\repository\net\sf\jopt-simple\jopt-simple\5.0.4\jopt-simple-5.0.4.jar;C:\Users\HeshamAbdElhamedGhar\.m2\repository\com\fasterxml\jackson\datatype\jackson-datatype-jdk8\2.14.1\jackson-datatype-jdk8-2.14.1.jar;C:\Users\HeshamAbdElhamedGhar\.m2\repository\com\fasterxml\jackson\core\jackson-core\2.14.1\jackson-core-2.14.1.jar;C:\Users\HeshamAbdElhamedGhar\.m2\repository\com\applitools\eyes-images-java4\4.14.0\eyes-images-java4-4.14.0.jar;C:\Users\HeshamAbdElhamedGhar\.m2\repository\com\applitools\eyes-common-java4\4.14.0\eyes-common-java4-4.14.0.jar;C:\Users\HeshamAbdElhamedGhar\.m2\repository\org\imgscalr\imgscalr-lib\4.2\imgscalr-lib-4.2.jar;C:\Users\HeshamAbdElhamedGhar\.m2\repository\com\helger\ph-css\6.1.1\ph-css-6.1.1.jar;C:\Users\HeshamAbdElhamedGhar\.m2\repository\com\helger\ph-commons\9.0.2\ph-commons-9.0.2.jar;C:\Users\HeshamAbdElhamedGhar\.m2\repository\org\jsoup\jsoup\1.8.3\jsoup-1.8.3.jar;C:\Users\HeshamAbdElhamedGhar\.m2\repository\com\applitools\eyes-sdk-core-java4\4.14.0\eyes-sdk-core-java4-4.14.0.jar;C:\Users\HeshamAbdElhamedGhar\.m2\repository\com\applitools\eyes-connectivity-java4-jersey2x\4.14.0\eyes-connectivity-java4-jersey2x-4.14.0.jar;C:\Users\HeshamAbdElhamedGhar\.m2\repository\org\glassfish\jersey\connectors\jersey-apache-connector\2.16\jersey-apache-connector-2.16.jar;C:\Users\HeshamAbdElhamedGhar\.m2\repository\org\glassfish\jersey\core\jersey-common\2.16\jersey-common-2.16.jar;C:\Users\HeshamAbdElhamedGhar\.m2\repository\javax\annotation\javax.annotation-api\1.2\javax.annotation-api-1.2.jar;C:\Users\HeshamAbdElhamedGhar\.m2\repository\org\glassfish\jersey\bundles\repackaged\jersey-guava\2.16\jersey-guava-2.16.jar;C:\Users\HeshamAbdElhamedGhar\.m2\repository\org\glassfish\hk2\osgi-resource-locator\1.0.1\osgi-resource-locator-1.0.1.jar;C:\Users\HeshamAbdElhamedGhar\.m2\repository\javax\ws\rs\javax.ws.rs-api\2.0.1\javax.ws.rs-api-2.0.1.jar;C:\Users\HeshamAbdElhamedGhar\.m2\repository\org\glassfish\jersey\core\jersey-client\2.16\jersey-client-2.16.jar;C:\Users\HeshamAbdElhamedGhar\.m2\repository\org\glassfish\hk2\hk2-api\2.4.0-b09\hk2-api-2.4.0-b09.jar;C:\Users\HeshamAbdElhamedGhar\.m2\repository\org\glassfish\hk2\hk2-utils\2.4.0-b09\hk2-utils-2.4.0-b09.jar;C:\Users\HeshamAbdElhamedGhar\.m2\repository\org\glassfish\hk2\external\aopalliance-repackaged\2.4.0-b09\aopalliance-repackaged-2.4.0-b09.jar;C:\Users\HeshamAbdElhamedGhar\.m2\repository\org\glassfish\hk2\external\javax.inject\2.4.0-b09\javax.inject-2.4.0-b09.jar;C:\Users\HeshamAbdElhamedGhar\.m2\repository\org\glassfish\hk2\hk2-locator\2.4.0-b09\hk2-locator-2.4.0-b09.jar;C:\Users\HeshamAbdElhamedGhar\.m2\repository\org\openpnp\opencv\4.5.5-1\opencv-4.5.5-1.jar;C:\Users\HeshamAbdElhamedGhar\.m2\repository\com\sikulix\sikulixapi\2.0.5\sikulixapi-2.0.5.jar;C:\Users\HeshamAbdElhamedGhar\.m2\repository\org\python\jython-slim\2.7.2\jython-slim-2.7.2.jar;C:\Users\HeshamAbdElhamedGhar\.m2\repository\org\antlr\antlr\3.5.2\antlr-3.5.2.jar;C:\Users\HeshamAbdElhamedGhar\.m2\repository\org\antlr\ST4\4.0.8\ST4-4.0.8.jar;C:\Users\HeshamAbdElhamedGhar\.m2\repository\javax\servlet\javax.servlet-api\3.1.0\javax.servlet-api-3.1.0.jar;C:\Users\HeshamAbdElhamedGhar\.m2\repository\org\antlr\antlr-runtime\3.5.2\antlr-runtime-3.5.2.jar;C:\Users\HeshamAbdElhamedGhar\.m2\repository\org\bouncycastle\bcpkix-jdk15on\1.62\bcpkix-jdk15on-1.62.jar;C:\Users\HeshamAbdElhamedGhar\.m2\repository\org\bouncycastle\bcprov-jdk15on\1.62\bcprov-jdk15on-1.62.jar;C:\Users\HeshamAbdElhamedGhar\.m2\repository\org\ow2\asm\asm-commons\7.1\asm-commons-7.1.jar;C:\Users\HeshamAbdElhamedGhar\.m2\repository\org\ow2\asm\asm-tree\7.1\asm-tree-7.1.jar;C:\Users\HeshamAbdElhamedGhar\.m2\repository\org\ow2\asm\asm-analysis\7.1\asm-analysis-7.1.jar;C:\Users\HeshamAbdElhamedGhar\.m2\repository\org\ow2\asm\asm-util\7.1\asm-util-7.1.jar;C:\Users\HeshamAbdElhamedGhar\.m2\repository\com\ibm\icu\icu4j\59.1\icu4j-59.1.jar;C:\Users\HeshamAbdElhamedGhar\.m2\repository\com\carrotsearch\java-sizeof\0.0.5\java-sizeof-0.0.5.jar;C:\Users\HeshamAbdElhamedGhar\.m2\repository\com\github\jnr\jffi\1.2.20\jffi-1.2.20.jar;C:\Users\HeshamAbdElhamedGhar\.m2\repository\com\github\jnr\jnr-netdb\1.1.6\jnr-netdb-1.1.6.jar;C:\Users\HeshamAbdElhamedGhar\.m2\repository\com\github\jnr\jnr-ffi\2.1.10\jnr-ffi-2.1.10.jar;C:\Users\HeshamAbdElhamedGhar\.m2\repository\com\github\jnr\jffi\1.2.19\jffi-1.2.19-native.jar;C:\Users\HeshamAbdElhamedGhar\.m2\repository\com\github\jnr\jnr-a64asm\1.0.0\jnr-a64asm-1.0.0.jar;C:\Users\HeshamAbdElhamedGhar\.m2\repository\com\github\jnr\jnr-x86asm\1.0.2\jnr-x86asm-1.0.2.jar;C:\Users\HeshamAbdElhamedGhar\.m2\repository\com\github\jnr\jnr-posix\3.0.50\jnr-posix-3.0.50.jar;C:\Users\HeshamAbdElhamedGhar\.m2\repository\com\github\jnr\jnr-constants\0.9.12\jnr-constants-0.9.12.jar;C:\Users\HeshamAbdElhamedGhar\.m2\repository\jline\jline\2.14.5\jline-2.14.5.jar;C:\Users\HeshamAbdElhamedGhar\.m2\repository\org\apache\ant\ant\1.9.7\ant-1.9.7.jar;C:\Users\HeshamAbdElhamedGhar\.m2\repository\org\apache\ant\ant-launcher\1.9.7\ant-launcher-1.9.7.jar;C:\Users\HeshamAbdElhamedGhar\.m2\repository\com\sikulix\sikulix2tigervnc\1.1.4\sikulix2tigervnc-1.1.4.jar;C:\Users\HeshamAbdElhamedGhar\.m2\repository\commons-cli\commons-cli\1.4\commons-cli-1.4.jar;C:\Users\HeshamAbdElhamedGhar\.m2\repository\org\apache\commons\commons-exec\1.3\commons-exec-1.3.jar;C:\Users\HeshamAbdElhamedGhar\.m2\repository\net\java\dev\jna\jna-platform\5.6.0\jna-platform-5.6.0.jar;C:\Users\HeshamAbdElhamedGhar\.m2\repository\net\oneandone\reflections8\reflections8\0.11.6\reflections8-0.11.6.jar;C:\Users\HeshamAbdElhamedGhar\.m2\repository\org\javassist\javassist\3.22.0-GA\javassist-3.22.0-GA.jar;C:\Users\HeshamAbdElhamedGhar\.m2\repository\net\sourceforge\tess4j\tess4j\4.5.4\tess4j-4.5.4.jar;C:\Users\HeshamAbdElhamedGhar\.m2\repository\com\github\jai-imageio\jai-imageio-core\1.4.0\jai-imageio-core-1.4.0.jar;C:\Users\HeshamAbdElhamedGhar\.m2\repository\org\ghost4j\ghost4j\1.0.1\ghost4j-1.0.1.jar;C:\Users\HeshamAbdElhamedGhar\.m2\repository\org\apache\xmlgraphics\xmlgraphics-commons\1.4\xmlgraphics-commons-1.4.jar;C:\Users\HeshamAbdElhamedGhar\.m2\repository\com\lowagie\itext\2.1.7\itext-2.1.7.jar;C:\Users\HeshamAbdElhamedGhar\.m2\repository\org\apache\pdfbox\pdfbox-tools\2.0.21\pdfbox-tools-2.0.21.jar;C:\Users\HeshamAbdElhamedGhar\.m2\repository\org\apache\pdfbox\pdfbox-debugger\2.0.21\pdfbox-debugger-2.0.21.jar;C:\Users\HeshamAbdElhamedGhar\.m2\repository\org\apache\pdfbox\jbig2-imageio\3.0.3\jbig2-imageio-3.0.3.jar;C:\Users\HeshamAbdElhamedGhar\.m2\repository\net\sourceforge\lept4j\lept4j\1.13.2\lept4j-1.13.2.jar;C:\Users\HeshamAbdElhamedGhar\.m2\repository\org\jboss\jboss-vfs\3.2.15.Final\jboss-vfs-3.2.15.Final.jar;C:\Users\HeshamAbdElhamedGhar\.m2\repository\org\jboss\logging\jboss-logging\3.1.4.GA\jboss-logging-3.1.4.GA.jar;C:\Users\HeshamAbdElhamedGhar\.m2\repository\net\sf\py4j\py4j\0.10.9.1\py4j-0.10.9.1.jar;C:\Users\HeshamAbdElhamedGhar\.m2\repository\com\epam\healenium\healenium-web\3.3.1\healenium-web-3.3.1.jar;C:\Users\HeshamAbdElhamedGhar\.m2\repository\com\typesafe\config\1.4.2\config-1.4.2.jar;C:\Users\HeshamAbdElhamedGhar\.m2\repository\com\epam\healenium\tree-comparing\0.4.11\tree-comparing-0.4.11.jar;C:\Users\HeshamAbdElhamedGhar\.m2\repository\org\apache\commons\commons-text\1.6\commons-text-1.6.jar;C:\Users\HeshamAbdElhamedGhar\.m2\repository\com\squareup\okhttp3\okhttp\4.9.3\okhttp-4.9.3.jar;C:\Users\HeshamAbdElhamedGhar\.m2\repository\com\squareup\okio\okio\2.8.0\okio-2.8.0.jar;C:\Users\HeshamAbdElhamedGhar\.m2\repository\org\jetbrains\kotlin\kotlin-stdlib-common\1.4.0\kotlin-stdlib-common-1.4.0.jar;C:\Users\HeshamAbdElhamedGhar\.m2\repository\org\jetbrains\kotlin\kotlin-stdlib\1.4.10\kotlin-stdlib-1.4.10.jar;C:\Users\HeshamAbdElhamedGhar\.m2\repository\org\mapstruct\mapstruct\1.4.2.Final\mapstruct-1.4.2.Final.jar;C:\Users\HeshamAbdElhamedGhar\.m2\repository\one\util\streamex\0.8.1\streamex-0.8.1.jar;C:\Users\HeshamAbdElhamedGhar\.m2\repository\org\mapstruct\mapstruct-processor\1.4.2.Final\mapstruct-processor-1.4.2.Final.jar;C:\Users\HeshamAbdElhamedGhar\.m2\repository\com\assertthat\selenium-shutterbug\1.6\selenium-shutterbug-1.6.jar;C:\Users\HeshamAbdElhamedGhar\.m2\repository\com\github\zafarkhaja\java-semver\0.9.0\java-semver-0.9.0.jar;C:\Users\HeshamAbdElhamedGhar\.m2\repository\com\jcraft\jsch\0.1.55\jsch-0.1.55.jar;C:\Users\HeshamAbdElhamedGhar\.m2\repository\mysql\mysql-connector-java\8.0.30\mysql-connector-java-8.0.30.jar;C:\Users\HeshamAbdElhamedGhar\.m2\repository\com\google\protobuf\protobuf-java\3.19.4\protobuf-java-3.19.4.jar;C:\Users\HeshamAbdElhamedGhar\.m2\repository\com\microsoft\sqlserver\mssql-jdbc\9.4.1.jre16-preview\mssql-jdbc-9.4.1.jre16-preview.jar;C:\Users\HeshamAbdElhamedGhar\.m2\repository\postgresql\postgresql\9.1-901-1.jdbc4\postgresql-9.1-901-1.jdbc4.jar;C:\Users\HeshamAbdElhamedGhar\.m2\repository\com\ibm\db2\jcc\db2jcc\db2jcc4\db2jcc-db2jcc4.jar;C:\Users\HeshamAbdElhamedGhar\.m2\repository\ws\schild\jave-all-deps\3.3.1\jave-all-deps-3.3.1.jar;C:\Users\HeshamAbdElhamedGhar\.m2\repository\ws\schild\jave-core\3.3.1\jave-core-3.3.1.jar;C:\Users\HeshamAbdElhamedGhar\.m2\repository\ws\schild\jave-nativebin-win32\3.3.1\jave-nativebin-win32-3.3.1.jar;C:\Users\HeshamAbdElhamedGhar\.m2\repository\ws\schild\jave-nativebin-win64\3.3.1\jave-nativebin-win64-3.3.1.jar;C:\Users\HeshamAbdElhamedGhar\.m2\repository\ws\schild\jave-nativebin-linux32\3.3.1\jave-nativebin-linux32-3.3.1.jar;C:\Users\HeshamAbdElhamedGhar\.m2\repository\ws\schild\jave-nativebin-linux64\3.3.1\jave-nativebin-linux64-3.3.1.jar;C:\Users\HeshamAbdElhamedGhar\.m2\repository\ws\schild\jave-nativebin-osx64\3.3.1\jave-nativebin-osx64-3.3.1.jar;C:\Users\HeshamAbdElhamedGhar\.m2\repository\ws\schild\jave-nativebin-osxm1\3.3.1\jave-nativebin-osxm1-3.3.1.jar;C:\Users\HeshamAbdElhamedGhar\.m2\repository\ws\schild\jave-nativebin-linux-arm32\3.3.1\jave-nativebin-linux-arm32-3.3.1.jar;C:\Users\HeshamAbdElhamedGhar\.m2\repository\ws\schild\jave-nativebin-linux-arm64\3.3.1\jave-nativebin-linux-arm64-3.3.1.jar;C:\Users\HeshamAbdElhamedGhar\.m2\repository\com\automation-remarks\video-recorder-testng\2.0\video-recorder-testng-2.0.jar;C:\Users\HeshamAbdElhamedGhar\.m2\repository\com\automation-remarks\video-recorder-core\2.0\video-recorder-core-2.0.jar;C:\Users\HeshamAbdElhamedGhar\.m2\repository\org\aeonbits\owner\owner-java8\1.0.10\owner-java8-1.0.10.jar;C:\Users\HeshamAbdElhamedGhar\.m2\repository\org\aeonbits\owner\owner\1.0.10\owner-1.0.10.jar;C:\Users\HeshamAbdElhamedGhar\.m2\repository\org\zeroturnaround\zt-exec\1.10\zt-exec-1.10.jar;C:\Users\HeshamAbdElhamedGhar\.m2\repository\org\awaitility\awaitility\3.1.6\awaitility-3.1.6.jar;C:\Users\HeshamAbdElhamedGhar\.m2\repository\org\hamcrest\hamcrest-library\1.3\hamcrest-library-1.3.jar;C:\Users\HeshamAbdElhamedGhar\.m2\repository\org\hamcrest\hamcrest-core\1.3\hamcrest-core-1.3.jar;C:\Users\HeshamAbdElhamedGhar\.m2\repository\org\objenesis\objenesis\2.6\objenesis-2.6.jar;C:\Users\HeshamAbdElhamedGhar\.m2\repository\org\json\json\20180813\json-20180813.jar;C:\Users\HeshamAbdElhamedGhar\.m2\repository\org\apache\logging\log4j\log4j-slf4j2-impl\2.19.0\log4j-slf4j2-impl-2.19.0.jar;C:\Users\HeshamAbdElhamedGhar\.m2\repository\org\slf4j\slf4j-api\2.0.0\slf4j-api-2.0.0.jar;C:\Users\HeshamAbdElhamedGhar\.m2\repository\org\apache\logging\log4j\log4j-core\2.19.0\log4j-core-2.19.0.jar;C:\Users\HeshamAbdElhamedGhar\.m2\repository\org\apache\logging\log4j\log4j-1.2-api\2.19.0\log4j-1.2-api-2.19.0.jar;C:\Users\HeshamAbdElhamedGhar\.m2\repository\com\google\guava\guava\31.1-jre\guava-31.1-jre.jar;C:\Users\HeshamAbdElhamedGhar\.m2\repository\com\google\guava\failureaccess\1.0.1\failureaccess-1.0.1.jar;C:\Users\HeshamAbdElhamedGhar\.m2\repository\com\google\guava\listenablefuture\9999.0-empty-to-avoid-conflict-with-guava\listenablefuture-9999.0-empty-to-avoid-conflict-with-guava.jar;C:\Users\HeshamAbdElhamedGhar\.m2\repository\com\google\code\findbugs\jsr305\3.0.2\jsr305-3.0.2.jar;C:\Users\HeshamAbdElhamedGhar\.m2\repository\org\checkerframework\checker-qual\3.12.0\checker-qual-3.12.0.jar;C:\Users\HeshamAbdElhamedGhar\.m2\repository\com\google\errorprone\error_prone_annotations\2.11.0\error_prone_annotations-2.11.0.jar;C:\Users\HeshamAbdElhamedGhar\.m2\repository\com\google\j2objc\j2objc-annotations\1.3\j2objc-annotations-1.3.jar;C:\Users\HeshamAbdElhamedGhar\.m2\repository\org\projectlombok\lombok\1.18.24\lombok-1.18.24.jar;C:\Users\HeshamAbdElhamedGhar\.m2\repository\com\google\crypto\tink\tink\1.7.0\tink-1.7.0.jar;C:\Users\HeshamAbdElhamedGhar\.m2\repository\com\google\crypto\tink\tink-awskms\1.7.0\tink-awskms-1.7.0.jar;C:\Users\HeshamAbdElhamedGhar\.m2\repository\com\amazonaws\aws-java-sdk-core\1.12.182\aws-java-sdk-core-1.12.182.jar;C:\Users\HeshamAbdElhamedGhar\.m2\repository\software\amazon\ion\ion-java\1.0.2\ion-java-1.0.2.jar;C:\Users\HeshamAbdElhamedGhar\.m2\repository\com\amazonaws\aws-java-sdk-kms\1.12.182\aws-java-sdk-kms-1.12.182.jar;C:\Users\HeshamAbdElhamedGhar\.m2\repository\com\amazonaws\jmespath-java\1.12.182\jmespath-java-1.12.182.jar;C:\Users\HeshamAbdElhamedGhar\.m2\repository\com\fasterxml\jackson\dataformat\jackson-dataformat-cbor\2.13.1\jackson-dataformat-cbor-2.13.1.jar;C:\Users\HeshamAbdElhamedGhar\.m2\repository\com\google\auto\service\auto-service\1.0.1\auto-service-1.0.1.jar;C:\Users\HeshamAbdElhamedGhar\.m2\repository\com\google\auto\auto-common\1.2\auto-common-1.2.jar;C:\Users\HeshamAbdElhamedGhar\.m2\repository\com\google\crypto\tink\tink-gcpkms\1.7.0\tink-gcpkms-1.7.0.jar;C:\Users\HeshamAbdElhamedGhar\.m2\repository\com\google\api-client\google-api-client\1.33.2\google-api-client-1.33.2.jar;C:\Users\HeshamAbdElhamedGhar\.m2\repository\com\google\oauth-client\google-oauth-client\1.33.0\google-oauth-client-1.33.0.jar;C:\Users\HeshamAbdElhamedGhar\.m2\repository\com\google\http-client\google-http-client-apache-v2\1.41.2\google-http-client-apache-v2-1.41.2.jar;C:\Users\HeshamAbdElhamedGhar\.m2\repository\com\google\apis\google-api-services-cloudkms\v1-rev108-1.25.0\google-api-services-cloudkms-v1-rev108-1.25.0.jar;C:\Users\HeshamAbdElhamedGhar\.m2\repository\com\google\auth\google-auth-library-oauth2-http\1.5.3\google-auth-library-oauth2-http-1.5.3.jar;C:\Users\HeshamAbdElhamedGhar\.m2\repository\com\google\auto\value\auto-value-annotations\1.9\auto-value-annotations-1.9.jar;C:\Users\HeshamAbdElhamedGhar\.m2\repository\com\google\auth\google-auth-library-credentials\1.5.3\google-auth-library-credentials-1.5.3.jar;C:\Users\HeshamAbdElhamedGhar\.m2\repository\com\google\http-client\google-http-client\1.41.3\google-http-client-1.41.3.jar;C:\Users\HeshamAbdElhamedGhar\.m2\repository\io\opencensus\opencensus-api\0.31.0\opencensus-api-0.31.0.jar;C:\Users\HeshamAbdElhamedGhar\.m2\repository\io\grpc\grpc-context\1.27.2\grpc-context-1.27.2.jar;C:\Users\HeshamAbdElhamedGhar\.m2\repository\io\opencensus\opencensus-contrib-http-util\0.31.0\opencensus-contrib-http-util-0.31.0.jar;C:\Users\HeshamAbdElhamedGhar\.m2\repository\com\google\http-client\google-http-client-gson\1.41.3\google-http-client-gson-1.41.3.jar;C:\Users\HeshamAbdElhamedGhar\.m2\repository\org\yaml\snakeyaml\1.33\snakeyaml-1.33.jar;C:\Users\HeshamAbdElhamedGhar\.m2\repository\com\auth0\java-jwt\4.0.0\java-jwt-4.0.0.jar;C:\Users\HeshamAbdElhamedGhar\.m2\repository\com\fasterxml\jackson\core\jackson-databind\2.13.2.2\jackson-databind-2.13.2.2.jar;C:\Users\HeshamAbdElhamedGhar\.m2\repository\com\fasterxml\jackson\core\jackson-annotations\2.13.2\jackson-annotations-2.13.2.jar;C:\Users\HeshamAbdElhamedGhar\.m2\repository\org\jetbrains\annotations\23.1.0\annotations-23.1.0.jar;"/>
    <property name="tinkey.kms.masterKeyUri" value=""/>
    <property name="java.vm.vendor" value="Oracle Corporation"/>
    <property name="openAllureReportAfterExecution" value="true"/>
    <property name="allureVersion" value="2.20.1"/>
    <property name="user.variant" value=""/>
    <property name="videoParams_scope" value="DriverSession"/>
    <property name="browserStack.acceptInsecureCerts" value="true"/>
    <property name="forceCheckTextWasTypedCorrectly" value="true"/>
    <property name="databaseQueryTimeout" value="30"/>
    <property name="user.country" value="US"/>
    <property name="sun.java.launcher" value="SUN_STANDARD"/>
    <property name="allure.link.issue.pattern" value=""/>
    <property name="cucumber.snippet-type" value="underscore"/>
    <property name="apiSocketTimeout" value="30"/>
    <property name="sun.cpu.endian" value="little"/>
    <property name="user.language" value="en"/>
    <property name="cucumber.execution.dry-run" value="false"/>
    <property name="allure.link.tms.pattern" value="https:///{}"/>
    <property name="createAnimatedGif" value="true"/>
    <property name="cucumber.execution.wip" value="false"/>
    <property name="appender.file.name" value="LOGFILE"/>
    <property name="surefire.real.class.path" value="C:\Users\HeshamAbdElhamedGhar\AppData\Local\Temp\surefire4469781993376954943\surefirebooter-20230122154028097_3.jar"/>
    <property name="shellSessionTimeout" value="30"/>
    <property name="mobileEmulation.isCustomDevice" value="false"/>
    <property name="recovery-tries" value="1"/>
    <property name="java.runtime.name" value="Java(TM) SE Runtime Environment"/>
    <property name="generateExtentReports" value="true"/>
    <property name="mobileEmulation.height" value=""/>
    <property name="heal-enabled" value="false"/>
    <property name="java.vendor.url.bug" value="https://bugreport.java.com/bugreport/"/>
    <property name="animatedGif_frameDelay" value="500"/>
    <property name="captureElementName" value="true"/>
    <property name="SHAFT.CrossBrowserMode" value="off"/>
    <property name="forceCheckElementLocatorIsUnique" value="true"/>
    <property name="user.dir" value="C:\eclipse-workspace\MyProjects\TASystemsAPIs"/>
    <property name="video.mode" value="ALL"/>
    <property name="appender.file.filter.threshold.level" value="debug"/>
    <property name="mobile_deviceName" value=""/>
    <property name="browserStack.appiumVersion" value="1.22.0"/>
    <property name="captureWebDriverLogs" value="true"/>
    <property name="setDataProviderThreadCount" value="1"/>
    <property name="browserStack.networkLogs" value="true"/>
    <property name="java.vm.version" value="17.0.2+8-LTS-86"/>
    <property name="cucumber.glue" value="customCucumberSteps, com.shaft.cucumber"/>
  </properties>
  <testcase name="Invalid_GET_CreationalPeriod_ByID_with_invalid_Token_TC" classname="SteeringCompanyAPI_TestCases.Test_CreationalPeriod_Cases" time="14.423">
    <system-out><![CDATA[2023-01-22 15:40:34.244 &amp#27;[32m INFO&amp#27;[m &amp#27;[35m[@534 - main]&amp#27;[m &amp#27;[36mcom.shaft.tools.io.ReportManager&amp#27;[m : 
################################################################################################################################################
Detected SHAFT Engine Version: "SHAFT Engine v6.4.20221215"
################################################################################################################################################
2023-01-22 15:40:35.185 &amp#27;[32m INFO&amp#27;[m &amp#27;[35m[@503 - main]&amp#27;[m &amp#27;[36mcom.shaft.tools.io.ReportManager&amp#27;[m : Loaded OpenCV "opencv_java455".
2023-01-22 15:40:35.801 &amp#27;[32m INFO&amp#27;[m &amp#27;[35m[@534 - main]&amp#27;[m &amp#27;[36mcom.shaft.tools.io.ReportManager&amp#27;[m : 
################################################################################################################################################
Starting Execution of a Configuration (Setup or Teardown) Method
Test Method:		"com.shaft.tools.listeners.LogsHelper.setupActivities"
################################################################################################################################################
2023-01-22 15:40:35.828 &amp#27;[32m INFO&amp#27;[m &amp#27;[35m[@503 - main]&amp#27;[m &amp#27;[36mcom.shaft.tools.io.ReportManager&amp#27;[m : Initializing Allure Reporting Environment...
2023-01-22 15:40:36.136 &amp#27;[32m INFO&amp#27;[m &amp#27;[35m[@503 - main]&amp#27;[m &amp#27;[36mcom.shaft.tools.io.ReportManager&amp#27;[m : Initializing Extent Reporting Environment...
2023-01-22 15:40:37.341 &amp#27;[32m INFO&amp#27;[m &amp#27;[35m[@503 - main]&amp#27;[m &amp#27;[36mcom.shaft.tools.io.ReportManager&amp#27;[m : Initializing Important Links...
2023-01-22 15:40:37.363 &amp#27;[32m INFO&amp#27;[m &amp#27;[35m[@503 - main]&amp#27;[m &amp#27;[36mcom.shaft.tools.io.ReportManager&amp#27;[m : Initializing Custom Properties...
2023-01-22 15:40:37.589 &amp#27;[32m INFO&amp#27;[m &amp#27;[35m[@534 - main]&amp#27;[m &amp#27;[36mcom.shaft.tools.io.ReportManager&amp#27;[m : 
################################################################################################################################################
Starting Execution of a Configuration (Setup or Teardown) Method
Test Method:		"SteeringCompanyAPI_TestCases.Test_CreationalPeriod_Cases.Setup_data"
################################################################################################################################################
2023-01-22 15:40:37.640 &amp#27;[32m INFO&amp#27;[m &amp#27;[35m[@503 - main]&amp#27;[m &amp#27;[36mcom.shaft.tools.io.ReportManager&amp#27;[m : File Action "DoesFileExist" successfully performed. With the following test data "File Path: "SteeringCompanyAPI_TestData/SteeringCompanyAPI_TestData.xlsx"".
2023-01-22 15:40:41.540 &amp#27;[32m INFO&amp#27;[m &amp#27;[35m[@503 - main]&amp#27;[m &amp#27;[36mcom.shaft.tools.io.ReportManager&amp#27;[m : Successfully created attachment "Test Data - Excel"
2023-01-22 15:40:41.545 &amp#27;[32m INFO&amp#27;[m &amp#27;[35m[@503 - main]&amp#27;[m &amp#27;[36mcom.shaft.tools.io.ReportManager&amp#27;[m : File Action "DoesFileExist" successfully performed. With the following test data "File Path: "SteeringCompanyAPI_TestData/SteeringCompanyAPI_TestData.xlsx"".
2023-01-22 15:40:41.828 &amp#27;[32m INFO&amp#27;[m &amp#27;[35m[@503 - main]&amp#27;[m &amp#27;[36mcom.shaft.tools.io.ReportManager&amp#27;[m : Successfully created attachment "Test Data - Excel"
2023-01-22 15:40:41.910 &amp#27;[31mERROR&amp#27;[m &amp#27;[35m[@609 - main]&amp#27;[m &amp#27;[36mio.qameta.allure.AllureLifecycle&amp#27;[m : Could not add attachment: no test is running
2023-01-22 15:40:41.913 &amp#27;[32m INFO&amp#27;[m &amp#27;[35m[@503 - main]&amp#27;[m &amp#27;[36mcom.shaft.tools.io.ReportManager&amp#27;[m : Successfully created attachment "SHAFT Engine Logs - Current Method log: Setup_data"
2023-01-22 15:40:42.119 &amp#27;[32m INFO&amp#27;[m &amp#27;[35m[@534 - main]&amp#27;[m &amp#27;[36mcom.shaft.tools.io.ReportManager&amp#27;[m : 
################################################################################################################################################
Starting Execution:	"1 out of 70" test cases in the current suite
Test Method:		"SteeringCompanyAPI_TestCases.Test_CreationalPeriod_Cases.Invalid_GET_CreationalPeriod_ByID_with_invalid_Token_TC"
Test Description:	"TC006 -CreationalPeriod-  Perform Get all CreationalPeriod API with invalid or expired Token"
################################################################################################################################################
2023-01-22 15:40:42.172 &amp#27;[32m INFO&amp#27;[m &amp#27;[35m[@503 - main]&amp#27;[m &amp#27;[36mcom.shaft.tools.io.ReportManager&amp#27;[m : File Action "DoesFileExist" successfully performed. With the following test data "File Path: "SteeringCompanyAPI_TestData/SteeringCompanyAPI_TestData.xlsx"".
2023-01-22 15:40:42.483 &amp#27;[32m INFO&amp#27;[m &amp#27;[35m[@503 - main]&amp#27;[m &amp#27;[36mcom.shaft.tools.io.ReportManager&amp#27;[m : Successfully created attachment "Test Data - Excel"
2023-01-22 15:40:49.956 &amp#27;[32m INFO&amp#27;[m &amp#27;[35m[@503 - main]&amp#27;[m &amp#27;[36mcom.shaft.tools.io.ReportManager&amp#27;[m : Response status code: "200", status line: "HTTP/1.1 200 OK"
2023-01-22 15:40:54.415 &amp#27;[32m INFO&amp#27;[m &amp#27;[35m[@503 - main]&amp#27;[m &amp#27;[36mcom.shaft.tools.io.ReportManager&amp#27;[m : Successfully created attachment "API Request - Specifications"
2023-01-22 15:40:54.418 &amp#27;[32m INFO&amp#27;[m &amp#27;[35m[@503 - main]&amp#27;[m &amp#27;[36mcom.shaft.tools.io.ReportManager&amp#27;[m : Successfully created attachment "API Request - Body"
2023-01-22 15:40:55.213 &amp#27;[32m INFO&amp#27;[m &amp#27;[35m[@503 - main]&amp#27;[m &amp#27;[36mcom.shaft.tools.io.ReportManager&amp#27;[m : Successfully created attachment "API Response - JSON Body"
2023-01-22 15:40:55.224 &amp#27;[32m INFO&amp#27;[m &amp#27;[35m[@503 - main]&amp#27;[m &amp#27;[36mcom.shaft.tools.io.ReportManager&amp#27;[m : File Action "DoesFileExist" successfully performed. With the following test data "File Path: "SteeringCompanyAPI_TestData/SteeringCompanyAPI_TestData.xlsx"".
2023-01-22 15:40:55.481 &amp#27;[32m INFO&amp#27;[m &amp#27;[35m[@503 - main]&amp#27;[m &amp#27;[36mcom.shaft.tools.io.ReportManager&amp#27;[m : Successfully created attachment "Test Data - Excel"
2023-01-22 15:40:56.103 &amp#27;[32m INFO&amp#27;[m &amp#27;[35m[@503 - main]&amp#27;[m &amp#27;[36mcom.shaft.tools.io.ReportManager&amp#27;[m : Response status code: "401", status line: "HTTP/1.1 401 "
2023-01-22 15:40:56.119 &amp#27;[32m INFO&amp#27;[m &amp#27;[35m[@503 - main]&amp#27;[m &amp#27;[36mcom.shaft.tools.io.ReportManager&amp#27;[m : Successfully created attachment "API Request - Specifications"
2023-01-22 15:40:56.122 &amp#27;[32m INFO&amp#27;[m &amp#27;[35m[@503 - main]&amp#27;[m &amp#27;[36mcom.shaft.tools.io.ReportManager&amp#27;[m : Successfully created attachment "API Response - JSON Body"
2023-01-22 15:40:56.139 &amp#27;[32m INFO&amp#27;[m &amp#27;[35m[@503 - main]&amp#27;[m &amp#27;[36mcom.shaft.tools.io.ReportManager&amp#27;[m : Successfully created attachment "SHAFT Engine Logs - Current Method log: Invalid_GET_CreationalPeriod_ByID_with_invalid_Token_TC"
]]></system-out>
  </testcase>
  <testcase name="Invalid_GET_CreationalPeriod_ByID_with_missing_Token_TC" classname="SteeringCompanyAPI_TestCases.Test_CreationalPeriod_Cases" time="4.91">
    <system-out><![CDATA[2023-01-22 15:40:56.392 &amp#27;[32m INFO&amp#27;[m &amp#27;[35m[@534 - main]&amp#27;[m &amp#27;[36mcom.shaft.tools.io.ReportManager&amp#27;[m : 
################################################################################################################################################
Starting Execution:	"2 out of 70" test cases in the current suite
Test Method:		"SteeringCompanyAPI_TestCases.Test_CreationalPeriod_Cases.Invalid_GET_CreationalPeriod_ByID_with_missing_Token_TC"
Test Description:	"TC004  -CreationalPeriod-   Perform Get CreationalPeriod by ID with missing Token"
################################################################################################################################################
2023-01-22 15:40:56.394 &amp#27;[32m INFO&amp#27;[m &amp#27;[35m[@503 - main]&amp#27;[m &amp#27;[36mcom.shaft.tools.io.ReportManager&amp#27;[m : File Action "DoesFileExist" successfully performed. With the following test data "File Path: "SteeringCompanyAPI_TestData/SteeringCompanyAPI_TestData.xlsx"".
2023-01-22 15:40:56.530 &amp#27;[32m INFO&amp#27;[m &amp#27;[35m[@503 - main]&amp#27;[m &amp#27;[36mcom.shaft.tools.io.ReportManager&amp#27;[m : Successfully created attachment "Test Data - Excel"
2023-01-22 15:40:57.191 &amp#27;[32m INFO&amp#27;[m &amp#27;[35m[@503 - main]&amp#27;[m &amp#27;[36mcom.shaft.tools.io.ReportManager&amp#27;[m : Response status code: "200", status line: "HTTP/1.1 200 OK"
2023-01-22 15:40:57.239 &amp#27;[32m INFO&amp#27;[m &amp#27;[35m[@503 - main]&amp#27;[m &amp#27;[36mcom.shaft.tools.io.ReportManager&amp#27;[m : Successfully created attachment "API Request - Specifications"
2023-01-22 15:40:57.240 &amp#27;[32m INFO&amp#27;[m &amp#27;[35m[@503 - main]&amp#27;[m &amp#27;[36mcom.shaft.tools.io.ReportManager&amp#27;[m : Successfully created attachment "API Request - Body"
2023-01-22 15:40:57.243 &amp#27;[32m INFO&amp#27;[m &amp#27;[35m[@503 - main]&amp#27;[m &amp#27;[36mcom.shaft.tools.io.ReportManager&amp#27;[m : Successfully created attachment "API Response - JSON Body"
2023-01-22 15:40:57.245 &amp#27;[32m INFO&amp#27;[m &amp#27;[35m[@503 - main]&amp#27;[m &amp#27;[36mcom.shaft.tools.io.ReportManager&amp#27;[m : File Action "DoesFileExist" successfully performed. With the following test data "File Path: "SteeringCompanyAPI_TestData/SteeringCompanyAPI_TestData.xlsx"".
2023-01-22 15:40:57.607 &amp#27;[32m INFO&amp#27;[m &amp#27;[35m[@503 - main]&amp#27;[m &amp#27;[36mcom.shaft.tools.io.ReportManager&amp#27;[m : Successfully created attachment "Test Data - Excel"
2023-01-22 15:40:58.149 &amp#27;[32m INFO&amp#27;[m &amp#27;[35m[@503 - main]&amp#27;[m &amp#27;[36mcom.shaft.tools.io.ReportManager&amp#27;[m : Response status code: "401", status line: "HTTP/1.1 401 "
2023-01-22 15:40:58.193 &amp#27;[32m INFO&amp#27;[m &amp#27;[35m[@503 - main]&amp#27;[m &amp#27;[36mcom.shaft.tools.io.ReportManager&amp#27;[m : Successfully created attachment "API Request - Specifications"
2023-01-22 15:40:58.198 &amp#27;[32m INFO&amp#27;[m &amp#27;[35m[@503 - main]&amp#27;[m &amp#27;[36mcom.shaft.tools.io.ReportManager&amp#27;[m : Successfully created attachment "API Response - JSON Body"
2023-01-22 15:40:58.209 &amp#27;[32m INFO&amp#27;[m &amp#27;[35m[@503 - main]&amp#27;[m &amp#27;[36mcom.shaft.tools.io.ReportManager&amp#27;[m : File Action "DoesFileExist" successfully performed. With the following test data "File Path: "Schemas/InvalidTokenRequest_Unauthorized_schema.json"".
2023-01-22 15:40:58.214 &amp#27;[32m INFO&amp#27;[m &amp#27;[35m[@503 - main]&amp#27;[m &amp#27;[36mcom.shaft.tools.io.ReportManager&amp#27;[m : File Action "DoesFileExist" successfully performed. With the following test data "File Path: "src/test/resources/testDataFiles/Schemas/InvalidTokenRequest_Unauthorized_schema.json"".
2023-01-22 15:40:58.216 &amp#27;[32m INFO&amp#27;[m &amp#27;[35m[@503 - main]&amp#27;[m &amp#27;[36mcom.shaft.tools.io.ReportManager&amp#27;[m : File Action "GetAbsolutePath" successfully performed. With the following test data "Relative Folder Path: "src/test/resources/testDataFiles/Schemas/InvalidTokenRequest_Unauthorized_schema.json"".
2023-01-22 15:41:01.229 &amp#27;[32m INFO&amp#27;[m &amp#27;[35m[@503 - main]&amp#27;[m &amp#27;[36mcom.shaft.tools.io.ReportManager&amp#27;[m : File Action "DoesFileExist" successfully performed. With the following test data "File Path: "C:\eclipse-workspace\MyProjects\TASystemsAPIs\src\test\resources\testDataFiles\Schemas\InvalidTokenRequest_Unauthorized_schema.json"".
2023-01-22 15:41:01.233 &amp#27;[32m INFO&amp#27;[m &amp#27;[35m[@503 - main]&amp#27;[m &amp#27;[36mcom.shaft.tools.io.ReportManager&amp#27;[m : File Action "GetAbsolutePath" successfully performed. With the following test data "Relative Folder Path: "C:\eclipse-workspace\MyProjects\TASystemsAPIs\src\test\resources\testDataFiles\Schemas\InvalidTokenRequest_Unauthorized_schema.json"".
2023-01-22 15:41:01.237 &amp#27;[32m INFO&amp#27;[m &amp#27;[35m[@503 - main]&amp#27;[m &amp#27;[36mcom.shaft.tools.io.ReportManager&amp#27;[m : File Action "ReadFile" successfully performed. With the following test data "File Path: "C:\eclipse-workspace\MyProjects\TASystemsAPIs\src\test\resources\testDataFiles\Schemas\InvalidTokenRequest_Unauthorized_schema.json"".
2023-01-22 15:41:01.245 &amp#27;[32m INFO&amp#27;[m &amp#27;[35m[@503 - main]&amp#27;[m &amp#27;[36mcom.shaft.tools.io.ReportManager&amp#27;[m : Successfully created attachment "Validation Test Data - Expected JSON Value"
2023-01-22 15:41:01.248 &amp#27;[32m INFO&amp#27;[m &amp#27;[35m[@503 - main]&amp#27;[m &amp#27;[36mcom.shaft.tools.io.ReportManager&amp#27;[m : Successfully created attachment "Validation Test Data - Actual JSON Value"
2023-01-22 15:41:01.255 &amp#27;[32m INFO&amp#27;[m &amp#27;[35m[@503 - main]&amp#27;[m &amp#27;[36mcom.shaft.tools.io.ReportManager&amp#27;[m : Successfully created attachment "SHAFT Engine Logs - Current Method log: Invalid_GET_CreationalPeriod_ByID_with_missing_Token_TC"
]]></system-out>
  </testcase>
  <testcase name="Invalid_GET_all_CreationalPeriod_with_invalid_Token_TC" classname="SteeringCompanyAPI_TestCases.Test_CreationalPeriod_Cases" time="1.79">
    <system-out><![CDATA[2023-01-22 15:41:01.304 &amp#27;[32m INFO&amp#27;[m &amp#27;[35m[@534 - main]&amp#27;[m &amp#27;[36mcom.shaft.tools.io.ReportManager&amp#27;[m : 
################################################################################################################################################
Starting Execution:	"3 out of 70" test cases in the current suite
Test Method:		"SteeringCompanyAPI_TestCases.Test_CreationalPeriod_Cases.Invalid_GET_all_CreationalPeriod_with_invalid_Token_TC"
Test Description:	"TC005 -CreationalPeriod-  Perform Get all CreationalPeriod API with invalid or expired Token"
################################################################################################################################################
2023-01-22 15:41:01.305 &amp#27;[32m INFO&amp#27;[m &amp#27;[35m[@503 - main]&amp#27;[m &amp#27;[36mcom.shaft.tools.io.ReportManager&amp#27;[m : File Action "DoesFileExist" successfully performed. With the following test data "File Path: "SteeringCompanyAPI_TestData/SteeringCompanyAPI_TestData.xlsx"".
2023-01-22 15:41:01.557 &amp#27;[32m INFO&amp#27;[m &amp#27;[35m[@503 - main]&amp#27;[m &amp#27;[36mcom.shaft.tools.io.ReportManager&amp#27;[m : Successfully created attachment "Test Data - Excel"
2023-01-22 15:41:02.208 &amp#27;[32m INFO&amp#27;[m &amp#27;[35m[@503 - main]&amp#27;[m &amp#27;[36mcom.shaft.tools.io.ReportManager&amp#27;[m : Response status code: "200", status line: "HTTP/1.1 200 OK"
2023-01-22 15:41:02.267 &amp#27;[32m INFO&amp#27;[m &amp#27;[35m[@503 - main]&amp#27;[m &amp#27;[36mcom.shaft.tools.io.ReportManager&amp#27;[m : Successfully created attachment "API Request - Specifications"
2023-01-22 15:41:02.269 &amp#27;[32m INFO&amp#27;[m &amp#27;[35m[@503 - main]&amp#27;[m &amp#27;[36mcom.shaft.tools.io.ReportManager&amp#27;[m : Successfully created attachment "API Request - Body"
2023-01-22 15:41:02.277 &amp#27;[32m INFO&amp#27;[m &amp#27;[35m[@503 - main]&amp#27;[m &amp#27;[36mcom.shaft.tools.io.ReportManager&amp#27;[m : Successfully created attachment "API Response - JSON Body"
2023-01-22 15:41:02.281 &amp#27;[32m INFO&amp#27;[m &amp#27;[35m[@503 - main]&amp#27;[m &amp#27;[36mcom.shaft.tools.io.ReportManager&amp#27;[m : File Action "DoesFileExist" successfully performed. With the following test data "File Path: "SteeringCompanyAPI_TestData/SteeringCompanyAPI_TestData.xlsx"".
2023-01-22 15:41:02.560 &amp#27;[32m INFO&amp#27;[m &amp#27;[35m[@503 - main]&amp#27;[m &amp#27;[36mcom.shaft.tools.io.ReportManager&amp#27;[m : Successfully created attachment "Test Data - Excel"
2023-01-22 15:41:03.062 &amp#27;[32m INFO&amp#27;[m &amp#27;[35m[@503 - main]&amp#27;[m &amp#27;[36mcom.shaft.tools.io.ReportManager&amp#27;[m : Response status code: "401", status line: "HTTP/1.1 401 "
2023-01-22 15:41:03.072 &amp#27;[32m INFO&amp#27;[m &amp#27;[35m[@503 - main]&amp#27;[m &amp#27;[36mcom.shaft.tools.io.ReportManager&amp#27;[m : Successfully created attachment "API Request - Specifications"
2023-01-22 15:41:03.075 &amp#27;[32m INFO&amp#27;[m &amp#27;[35m[@503 - main]&amp#27;[m &amp#27;[36mcom.shaft.tools.io.ReportManager&amp#27;[m : Successfully created attachment "API Response - JSON Body"
2023-01-22 15:41:03.083 &amp#27;[32m INFO&amp#27;[m &amp#27;[35m[@503 - main]&amp#27;[m &amp#27;[36mcom.shaft.tools.io.ReportManager&amp#27;[m : Successfully created attachment "SHAFT Engine Logs - Current Method log: Invalid_GET_all_CreationalPeriod_with_invalid_Token_TC"
]]></system-out>
  </testcase>
  <testcase name="Invalid_GET_all_CreationalPeriod_with_missing_Token_TC" classname="SteeringCompanyAPI_TestCases.Test_CreationalPeriod_Cases" time="1.933">
    <system-out><![CDATA[2023-01-22 15:41:03.092 &amp#27;[32m INFO&amp#27;[m &amp#27;[35m[@534 - main]&amp#27;[m &amp#27;[36mcom.shaft.tools.io.ReportManager&amp#27;[m : 
################################################################################################################################################
Starting Execution:	"4 out of 70" test cases in the current suite
Test Method:		"SteeringCompanyAPI_TestCases.Test_CreationalPeriod_Cases.Invalid_GET_all_CreationalPeriod_with_missing_Token_TC"
Test Description:	"TC003  -CreationalPeriod-   Perform Get all CreationalPeriod API with missing Token"
################################################################################################################################################
2023-01-22 15:41:03.094 &amp#27;[32m INFO&amp#27;[m &amp#27;[35m[@503 - main]&amp#27;[m &amp#27;[36mcom.shaft.tools.io.ReportManager&amp#27;[m : File Action "DoesFileExist" successfully performed. With the following test data "File Path: "SteeringCompanyAPI_TestData/SteeringCompanyAPI_TestData.xlsx"".
2023-01-22 15:41:03.295 &amp#27;[32m INFO&amp#27;[m &amp#27;[35m[@503 - main]&amp#27;[m &amp#27;[36mcom.shaft.tools.io.ReportManager&amp#27;[m : Successfully created attachment "Test Data - Excel"
2023-01-22 15:41:04.028 &amp#27;[32m INFO&amp#27;[m &amp#27;[35m[@503 - main]&amp#27;[m &amp#27;[36mcom.shaft.tools.io.ReportManager&amp#27;[m : Response status code: "200", status line: "HTTP/1.1 200 OK"
2023-01-22 15:41:04.075 &amp#27;[32m INFO&amp#27;[m &amp#27;[35m[@503 - main]&amp#27;[m &amp#27;[36mcom.shaft.tools.io.ReportManager&amp#27;[m : Successfully created attachment "API Request - Specifications"
2023-01-22 15:41:04.077 &amp#27;[32m INFO&amp#27;[m &amp#27;[35m[@503 - main]&amp#27;[m &amp#27;[36mcom.shaft.tools.io.ReportManager&amp#27;[m : Successfully created attachment "API Request - Body"
2023-01-22 15:41:04.080 &amp#27;[32m INFO&amp#27;[m &amp#27;[35m[@503 - main]&amp#27;[m &amp#27;[36mcom.shaft.tools.io.ReportManager&amp#27;[m : Successfully created attachment "API Response - JSON Body"
2023-01-22 15:41:04.085 &amp#27;[32m INFO&amp#27;[m &amp#27;[35m[@503 - main]&amp#27;[m &amp#27;[36mcom.shaft.tools.io.ReportManager&amp#27;[m : File Action "DoesFileExist" successfully performed. With the following test data "File Path: "SteeringCompanyAPI_TestData/SteeringCompanyAPI_TestData.xlsx"".
2023-01-22 15:41:04.265 &amp#27;[32m INFO&amp#27;[m &amp#27;[35m[@503 - main]&amp#27;[m &amp#27;[36mcom.shaft.tools.io.ReportManager&amp#27;[m : Successfully created attachment "Test Data - Excel"
2023-01-22 15:41:04.822 &amp#27;[32m INFO&amp#27;[m &amp#27;[35m[@503 - main]&amp#27;[m &amp#27;[36mcom.shaft.tools.io.ReportManager&amp#27;[m : Response status code: "401", status line: "HTTP/1.1 401 "
2023-01-22 15:41:04.879 &amp#27;[32m INFO&amp#27;[m &amp#27;[35m[@503 - main]&amp#27;[m &amp#27;[36mcom.shaft.tools.io.ReportManager&amp#27;[m : Successfully created attachment "API Request - Specifications"
2023-01-22 15:41:04.882 &amp#27;[32m INFO&amp#27;[m &amp#27;[35m[@503 - main]&amp#27;[m &amp#27;[36mcom.shaft.tools.io.ReportManager&amp#27;[m : Successfully created attachment "API Response - JSON Body"
2023-01-22 15:41:04.897 &amp#27;[32m INFO&amp#27;[m &amp#27;[35m[@503 - main]&amp#27;[m &amp#27;[36mcom.shaft.tools.io.ReportManager&amp#27;[m : File Action "DoesFileExist" successfully performed. With the following test data "File Path: "Schemas/InvalidTokenRequest_Unauthorized_schema.json"".
2023-01-22 15:41:04.915 &amp#27;[32m INFO&amp#27;[m &amp#27;[35m[@503 - main]&amp#27;[m &amp#27;[36mcom.shaft.tools.io.ReportManager&amp#27;[m : File Action "DoesFileExist" successfully performed. With the following test data "File Path: "src/test/resources/testDataFiles/Schemas/InvalidTokenRequest_Unauthorized_schema.json"".
2023-01-22 15:41:04.920 &amp#27;[32m INFO&amp#27;[m &amp#27;[35m[@503 - main]&amp#27;[m &amp#27;[36mcom.shaft.tools.io.ReportManager&amp#27;[m : File Action "GetAbsolutePath" successfully performed. With the following test data "Relative Folder Path: "src/test/resources/testDataFiles/Schemas/InvalidTokenRequest_Unauthorized_schema.json"".
2023-01-22 15:41:04.954 &amp#27;[32m INFO&amp#27;[m &amp#27;[35m[@503 - main]&amp#27;[m &amp#27;[36mcom.shaft.tools.io.ReportManager&amp#27;[m : File Action "DoesFileExist" successfully performed. With the following test data "File Path: "C:\eclipse-workspace\MyProjects\TASystemsAPIs\src\test\resources\testDataFiles\Schemas\InvalidTokenRequest_Unauthorized_schema.json"".
2023-01-22 15:41:04.955 &amp#27;[32m INFO&amp#27;[m &amp#27;[35m[@503 - main]&amp#27;[m &amp#27;[36mcom.shaft.tools.io.ReportManager&amp#27;[m : File Action "GetAbsolutePath" successfully performed. With the following test data "Relative Folder Path: "C:\eclipse-workspace\MyProjects\TASystemsAPIs\src\test\resources\testDataFiles\Schemas\InvalidTokenRequest_Unauthorized_schema.json"".
2023-01-22 15:41:04.956 &amp#27;[32m INFO&amp#27;[m &amp#27;[35m[@503 - main]&amp#27;[m &amp#27;[36mcom.shaft.tools.io.ReportManager&amp#27;[m : File Action "ReadFile" successfully performed. With the following test data "File Path: "C:\eclipse-workspace\MyProjects\TASystemsAPIs\src\test\resources\testDataFiles\Schemas\InvalidTokenRequest_Unauthorized_schema.json"".
2023-01-22 15:41:04.962 &amp#27;[32m INFO&amp#27;[m &amp#27;[35m[@503 - main]&amp#27;[m &amp#27;[36mcom.shaft.tools.io.ReportManager&amp#27;[m : Successfully created attachment "Validation Test Data - Expected JSON Value"
2023-01-22 15:41:04.969 &amp#27;[32m INFO&amp#27;[m &amp#27;[35m[@503 - main]&amp#27;[m &amp#27;[36mcom.shaft.tools.io.ReportManager&amp#27;[m : Successfully created attachment "Validation Test Data - Actual JSON Value"
2023-01-22 15:41:04.995 &amp#27;[32m INFO&amp#27;[m &amp#27;[35m[@503 - main]&amp#27;[m &amp#27;[36mcom.shaft.tools.io.ReportManager&amp#27;[m : Successfully created attachment "SHAFT Engine Logs - Current Method log: Invalid_GET_all_CreationalPeriod_with_missing_Token_TC"
]]></system-out>
  </testcase>
  <testcase name="Valid_GET_all_CreationalPeriod_Rq_TC" classname="SteeringCompanyAPI_TestCases.Test_CreationalPeriod_Cases" time="2.47">
    <system-out><![CDATA[2023-01-22 15:41:05.031 &amp#27;[32m INFO&amp#27;[m &amp#27;[35m[@534 - main]&amp#27;[m &amp#27;[36mcom.shaft.tools.io.ReportManager&amp#27;[m : 
################################################################################################################################################
Starting Execution:	"5 out of 70" test cases in the current suite
Test Method:		"SteeringCompanyAPI_TestCases.Test_CreationalPeriod_Cases.Valid_GET_all_CreationalPeriod_Rq_TC"
Test Description:	"TC001  -CreationalPeriod-  Perform Get all CreationalPeriod API with valid user name and password"
################################################################################################################################################
2023-01-22 15:41:05.035 &amp#27;[32m INFO&amp#27;[m &amp#27;[35m[@503 - main]&amp#27;[m &amp#27;[36mcom.shaft.tools.io.ReportManager&amp#27;[m : File Action "DoesFileExist" successfully performed. With the following test data "File Path: "SteeringCompanyAPI_TestData/SteeringCompanyAPI_TestData.xlsx"".
2023-01-22 15:41:05.225 &amp#27;[32m INFO&amp#27;[m &amp#27;[35m[@503 - main]&amp#27;[m &amp#27;[36mcom.shaft.tools.io.ReportManager&amp#27;[m : Successfully created attachment "Test Data - Excel"
2023-01-22 15:41:05.938 &amp#27;[32m INFO&amp#27;[m &amp#27;[35m[@503 - main]&amp#27;[m &amp#27;[36mcom.shaft.tools.io.ReportManager&amp#27;[m : Response status code: "200", status line: "HTTP/1.1 200 OK"
2023-01-22 15:41:05.991 &amp#27;[32m INFO&amp#27;[m &amp#27;[35m[@503 - main]&amp#27;[m &amp#27;[36mcom.shaft.tools.io.ReportManager&amp#27;[m : Successfully created attachment "API Request - Specifications"
2023-01-22 15:41:05.993 &amp#27;[32m INFO&amp#27;[m &amp#27;[35m[@503 - main]&amp#27;[m &amp#27;[36mcom.shaft.tools.io.ReportManager&amp#27;[m : Successfully created attachment "API Request - Body"
2023-01-22 15:41:06.001 &amp#27;[32m INFO&amp#27;[m &amp#27;[35m[@503 - main]&amp#27;[m &amp#27;[36mcom.shaft.tools.io.ReportManager&amp#27;[m : Successfully created attachment "API Response - JSON Body"
2023-01-22 15:41:06.040 &amp#27;[32m INFO&amp#27;[m &amp#27;[35m[@503 - main]&amp#27;[m &amp#27;[36mcom.shaft.tools.io.ReportManager&amp#27;[m : File Action "DoesFileExist" successfully performed. With the following test data "File Path: "SteeringCompanyAPI_TestData/SteeringCompanyAPI_TestData.xlsx"".
2023-01-22 15:41:06.351 &amp#27;[32m INFO&amp#27;[m &amp#27;[35m[@503 - main]&amp#27;[m &amp#27;[36mcom.shaft.tools.io.ReportManager&amp#27;[m : Successfully created attachment "Test Data - Excel"
2023-01-22 15:41:07.155 &amp#27;[32m INFO&amp#27;[m &amp#27;[35m[@503 - main]&amp#27;[m &amp#27;[36mcom.shaft.tools.io.ReportManager&amp#27;[m : Response status code: "200", status line: "HTTP/1.1 200 "
2023-01-22 15:41:07.208 &amp#27;[32m INFO&amp#27;[m &amp#27;[35m[@503 - main]&amp#27;[m &amp#27;[36mcom.shaft.tools.io.ReportManager&amp#27;[m : Successfully created attachment "API Request - Specifications"
2023-01-22 15:41:07.211 &amp#27;[32m INFO&amp#27;[m &amp#27;[35m[@503 - main]&amp#27;[m &amp#27;[36mcom.shaft.tools.io.ReportManager&amp#27;[m : Successfully created attachment "API Response - JSON Body"
2023-01-22 15:41:07.215 &amp#27;[32m INFO&amp#27;[m &amp#27;[35m[@503 - main]&amp#27;[m &amp#27;[36mcom.shaft.tools.io.ReportManager&amp#27;[m : File Action "DoesFileExist" successfully performed. With the following test data "File Path: "Schemas/CreationalPeriods_schema.json"".
2023-01-22 15:41:07.218 &amp#27;[32m INFO&amp#27;[m &amp#27;[35m[@503 - main]&amp#27;[m &amp#27;[36mcom.shaft.tools.io.ReportManager&amp#27;[m : File Action "DoesFileExist" successfully performed. With the following test data "File Path: "src/test/resources/testDataFiles/Schemas/CreationalPeriods_schema.json"".
2023-01-22 15:41:07.220 &amp#27;[32m INFO&amp#27;[m &amp#27;[35m[@503 - main]&amp#27;[m &amp#27;[36mcom.shaft.tools.io.ReportManager&amp#27;[m : File Action "GetAbsolutePath" successfully performed. With the following test data "Relative Folder Path: "src/test/resources/testDataFiles/Schemas/CreationalPeriods_schema.json"".
2023-01-22 15:41:07.457 &amp#27;[32m INFO&amp#27;[m &amp#27;[35m[@503 - main]&amp#27;[m &amp#27;[36mcom.shaft.tools.io.ReportManager&amp#27;[m : File Action "DoesFileExist" successfully performed. With the following test data "File Path: "C:\eclipse-workspace\MyProjects\TASystemsAPIs\src\test\resources\testDataFiles\Schemas\CreationalPeriods_schema.json"".
2023-01-22 15:41:07.458 &amp#27;[32m INFO&amp#27;[m &amp#27;[35m[@503 - main]&amp#27;[m &amp#27;[36mcom.shaft.tools.io.ReportManager&amp#27;[m : File Action "GetAbsolutePath" successfully performed. With the following test data "Relative Folder Path: "C:\eclipse-workspace\MyProjects\TASystemsAPIs\src\test\resources\testDataFiles\Schemas\CreationalPeriods_schema.json"".
2023-01-22 15:41:07.460 &amp#27;[32m INFO&amp#27;[m &amp#27;[35m[@503 - main]&amp#27;[m &amp#27;[36mcom.shaft.tools.io.ReportManager&amp#27;[m : File Action "ReadFile" successfully performed. With the following test data "File Path: "C:\eclipse-workspace\MyProjects\TASystemsAPIs\src\test\resources\testDataFiles\Schemas\CreationalPeriods_schema.json"".
2023-01-22 15:41:07.469 &amp#27;[32m INFO&amp#27;[m &amp#27;[35m[@503 - main]&amp#27;[m &amp#27;[36mcom.shaft.tools.io.ReportManager&amp#27;[m : Successfully created attachment "Validation Test Data - Expected JSON Value"
2023-01-22 15:41:07.475 &amp#27;[32m INFO&amp#27;[m &amp#27;[35m[@503 - main]&amp#27;[m &amp#27;[36mcom.shaft.tools.io.ReportManager&amp#27;[m : Successfully created attachment "Validation Test Data - Actual JSON Value"
2023-01-22 15:41:07.481 &amp#27;[32m INFO&amp#27;[m &amp#27;[35m[@503 - main]&amp#27;[m &amp#27;[36mcom.shaft.tools.io.ReportManager&amp#27;[m : Successfully created attachment "SHAFT Engine Logs - Current Method log: Valid_GET_all_CreationalPeriod_Rq_TC"
]]></system-out>
  </testcase>
  <testcase name="Valid_GET_all_CreationalPeriod_by_Qry_Rq_TC" classname="SteeringCompanyAPI_TestCases.Test_CreationalPeriod_Cases" time="2.122">
    <system-out><![CDATA[2023-01-22 15:41:07.506 &amp#27;[32m INFO&amp#27;[m &amp#27;[35m[@534 - main]&amp#27;[m &amp#27;[36mcom.shaft.tools.io.ReportManager&amp#27;[m : 
################################################################################################################################################
Starting Execution:	"6 out of 70" test cases in the current suite
Test Method:		"SteeringCompanyAPI_TestCases.Test_CreationalPeriod_Cases.Valid_GET_all_CreationalPeriod_by_Qry_Rq_TC"
Test Description:	"TC002  -CreationalPeriod-   Perform Get all CreationalPeriod API with pagination with valid user name and password"
################################################################################################################################################
2023-01-22 15:41:07.511 &amp#27;[32m INFO&amp#27;[m &amp#27;[35m[@503 - main]&amp#27;[m &amp#27;[36mcom.shaft.tools.io.ReportManager&amp#27;[m : File Action "DoesFileExist" successfully performed. With the following test data "File Path: "SteeringCompanyAPI_TestData/SteeringCompanyAPI_TestData.xlsx"".
2023-01-22 15:41:07.840 &amp#27;[32m INFO&amp#27;[m &amp#27;[35m[@503 - main]&amp#27;[m &amp#27;[36mcom.shaft.tools.io.ReportManager&amp#27;[m : Successfully created attachment "Test Data - Excel"
2023-01-22 15:41:08.577 &amp#27;[32m INFO&amp#27;[m &amp#27;[35m[@503 - main]&amp#27;[m &amp#27;[36mcom.shaft.tools.io.ReportManager&amp#27;[m : Response status code: "200", status line: "HTTP/1.1 200 OK"
2023-01-22 15:41:08.641 &amp#27;[32m INFO&amp#27;[m &amp#27;[35m[@503 - main]&amp#27;[m &amp#27;[36mcom.shaft.tools.io.ReportManager&amp#27;[m : Successfully created attachment "API Request - Specifications"
2023-01-22 15:41:08.643 &amp#27;[32m INFO&amp#27;[m &amp#27;[35m[@503 - main]&amp#27;[m &amp#27;[36mcom.shaft.tools.io.ReportManager&amp#27;[m : Successfully created attachment "API Request - Body"
2023-01-22 15:41:08.645 &amp#27;[32m INFO&amp#27;[m &amp#27;[35m[@503 - main]&amp#27;[m &amp#27;[36mcom.shaft.tools.io.ReportManager&amp#27;[m : Successfully created attachment "API Response - JSON Body"
2023-01-22 15:41:08.677 &amp#27;[32m INFO&amp#27;[m &amp#27;[35m[@503 - main]&amp#27;[m &amp#27;[36mcom.shaft.tools.io.ReportManager&amp#27;[m : File Action "DoesFileExist" successfully performed. With the following test data "File Path: "SteeringCompanyAPI_TestData/SteeringCompanyAPI_TestData.xlsx"".
2023-01-22 15:41:08.807 &amp#27;[32m INFO&amp#27;[m &amp#27;[35m[@503 - main]&amp#27;[m &amp#27;[36mcom.shaft.tools.io.ReportManager&amp#27;[m : Successfully created attachment "Test Data - Excel"
2023-01-22 15:41:09.523 &amp#27;[32m INFO&amp#27;[m &amp#27;[35m[@503 - main]&amp#27;[m &amp#27;[36mcom.shaft.tools.io.ReportManager&amp#27;[m : Response status code: "200", status line: "HTTP/1.1 200 "
2023-01-22 15:41:09.562 &amp#27;[32m INFO&amp#27;[m &amp#27;[35m[@503 - main]&amp#27;[m &amp#27;[36mcom.shaft.tools.io.ReportManager&amp#27;[m : Successfully created attachment "API Request - Specifications"
2023-01-22 15:41:09.566 &amp#27;[32m INFO&amp#27;[m &amp#27;[35m[@503 - main]&amp#27;[m &amp#27;[36mcom.shaft.tools.io.ReportManager&amp#27;[m : Successfully created attachment "API Response - JSON Body"
2023-01-22 15:41:09.569 &amp#27;[32m INFO&amp#27;[m &amp#27;[35m[@503 - main]&amp#27;[m &amp#27;[36mcom.shaft.tools.io.ReportManager&amp#27;[m : File Action "DoesFileExist" successfully performed. With the following test data "File Path: "Schemas/CreationalPeriods_schema.json"".
2023-01-22 15:41:09.571 &amp#27;[32m INFO&amp#27;[m &amp#27;[35m[@503 - main]&amp#27;[m &amp#27;[36mcom.shaft.tools.io.ReportManager&amp#27;[m : File Action "DoesFileExist" successfully performed. With the following test data "File Path: "src/test/resources/testDataFiles/Schemas/CreationalPeriods_schema.json"".
2023-01-22 15:41:09.574 &amp#27;[32m INFO&amp#27;[m &amp#27;[35m[@503 - main]&amp#27;[m &amp#27;[36mcom.shaft.tools.io.ReportManager&amp#27;[m : File Action "GetAbsolutePath" successfully performed. With the following test data "Relative Folder Path: "src/test/resources/testDataFiles/Schemas/CreationalPeriods_schema.json"".
2023-01-22 15:41:09.596 &amp#27;[32m INFO&amp#27;[m &amp#27;[35m[@503 - main]&amp#27;[m &amp#27;[36mcom.shaft.tools.io.ReportManager&amp#27;[m : File Action "DoesFileExist" successfully performed. With the following test data "File Path: "C:\eclipse-workspace\MyProjects\TASystemsAPIs\src\test\resources\testDataFiles\Schemas\CreationalPeriods_schema.json"".
2023-01-22 15:41:09.597 &amp#27;[32m INFO&amp#27;[m &amp#27;[35m[@503 - main]&amp#27;[m &amp#27;[36mcom.shaft.tools.io.ReportManager&amp#27;[m : File Action "GetAbsolutePath" successfully performed. With the following test data "Relative Folder Path: "C:\eclipse-workspace\MyProjects\TASystemsAPIs\src\test\resources\testDataFiles\Schemas\CreationalPeriods_schema.json"".
2023-01-22 15:41:09.598 &amp#27;[32m INFO&amp#27;[m &amp#27;[35m[@503 - main]&amp#27;[m &amp#27;[36mcom.shaft.tools.io.ReportManager&amp#27;[m : File Action "ReadFile" successfully performed. With the following test data "File Path: "C:\eclipse-workspace\MyProjects\TASystemsAPIs\src\test\resources\testDataFiles\Schemas\CreationalPeriods_schema.json"".
2023-01-22 15:41:09.603 &amp#27;[32m INFO&amp#27;[m &amp#27;[35m[@503 - main]&amp#27;[m &amp#27;[36mcom.shaft.tools.io.ReportManager&amp#27;[m : Successfully created attachment "Validation Test Data - Expected JSON Value"
2023-01-22 15:41:09.604 &amp#27;[32m INFO&amp#27;[m &amp#27;[35m[@503 - main]&amp#27;[m &amp#27;[36mcom.shaft.tools.io.ReportManager&amp#27;[m : Successfully created attachment "Validation Test Data - Actual JSON Value"
2023-01-22 15:41:09.606 &amp#27;[32m INFO&amp#27;[m &amp#27;[35m[@503 - main]&amp#27;[m &amp#27;[36mcom.shaft.tools.io.ReportManager&amp#27;[m : Successfully created attachment "SHAFT Engine Logs - Current Method log: Valid_GET_all_CreationalPeriod_by_Qry_Rq_TC"
]]></system-out>
  </testcase>
  <testcase name="Valid_GET_all_cities_Lookups_Rq_TC" classname="SteeringCompanyAPI_TestCases.Test_Lookups_Cases" time="2.422">
    <system-out><![CDATA[2023-01-22 15:41:09.621 &amp#27;[32m INFO&amp#27;[m &amp#27;[35m[@534 - main]&amp#27;[m &amp#27;[36mcom.shaft.tools.io.ReportManager&amp#27;[m : 
################################################################################################################################################
Starting Execution of a Configuration (Setup or Teardown) Method
Test Method:		"SteeringCompanyAPI_TestCases.Test_Lookups_Cases.Setup_data"
################################################################################################################################################
2023-01-22 15:41:09.625 &amp#27;[32m INFO&amp#27;[m &amp#27;[35m[@503 - main]&amp#27;[m &amp#27;[36mcom.shaft.tools.io.ReportManager&amp#27;[m : File Action "DoesFileExist" successfully performed. With the following test data "File Path: "SteeringCompanyAPI_TestData/SteeringCompanyAPI_TestData.xlsx"".
2023-01-22 15:41:09.798 &amp#27;[32m INFO&amp#27;[m &amp#27;[35m[@503 - main]&amp#27;[m &amp#27;[36mcom.shaft.tools.io.ReportManager&amp#27;[m : Successfully created attachment "Test Data - Excel"
2023-01-22 15:41:09.800 &amp#27;[31mERROR&amp#27;[m &amp#27;[35m[@609 - main]&amp#27;[m &amp#27;[36mio.qameta.allure.AllureLifecycle&amp#27;[m : Could not add attachment: no test is running
2023-01-22 15:41:09.803 &amp#27;[32m INFO&amp#27;[m &amp#27;[35m[@503 - main]&amp#27;[m &amp#27;[36mcom.shaft.tools.io.ReportManager&amp#27;[m : Successfully created attachment "SHAFT Engine Logs - Current Method log: Setup_data"
2023-01-22 15:41:09.810 &amp#27;[32m INFO&amp#27;[m &amp#27;[35m[@534 - main]&amp#27;[m &amp#27;[36mcom.shaft.tools.io.ReportManager&amp#27;[m : 
################################################################################################################################################
Starting Execution:	"7 out of 70" test cases in the current suite
Test Method:		"SteeringCompanyAPI_TestCases.Test_Lookups_Cases.Valid_GET_all_cities_Lookups_Rq_TC"
Test Description:	"TC001 - Perform Get all cities API with valid user name and password"
################################################################################################################################################
2023-01-22 15:41:09.813 &amp#27;[32m INFO&amp#27;[m &amp#27;[35m[@503 - main]&amp#27;[m &amp#27;[36mcom.shaft.tools.io.ReportManager&amp#27;[m : File Action "DoesFileExist" successfully performed. With the following test data "File Path: "SteeringCompanyAPI_TestData/SteeringCompanyAPI_TestData.xlsx"".
2023-01-22 15:41:10.009 &amp#27;[32m INFO&amp#27;[m &amp#27;[35m[@503 - main]&amp#27;[m &amp#27;[36mcom.shaft.tools.io.ReportManager&amp#27;[m : Successfully created attachment "Test Data - Excel"
2023-01-22 15:41:10.689 &amp#27;[32m INFO&amp#27;[m &amp#27;[35m[@503 - main]&amp#27;[m &amp#27;[36mcom.shaft.tools.io.ReportManager&amp#27;[m : Response status code: "200", status line: "HTTP/1.1 200 OK"
2023-01-22 15:41:10.728 &amp#27;[32m INFO&amp#27;[m &amp#27;[35m[@503 - main]&amp#27;[m &amp#27;[36mcom.shaft.tools.io.ReportManager&amp#27;[m : Successfully created attachment "API Request - Specifications"
2023-01-22 15:41:10.731 &amp#27;[32m INFO&amp#27;[m &amp#27;[35m[@503 - main]&amp#27;[m &amp#27;[36mcom.shaft.tools.io.ReportManager&amp#27;[m : Successfully created attachment "API Request - Body"
2023-01-22 15:41:10.734 &amp#27;[32m INFO&amp#27;[m &amp#27;[35m[@503 - main]&amp#27;[m &amp#27;[36mcom.shaft.tools.io.ReportManager&amp#27;[m : Successfully created attachment "API Response - JSON Body"
2023-01-22 15:41:10.812 &amp#27;[32m INFO&amp#27;[m &amp#27;[35m[@503 - main]&amp#27;[m &amp#27;[36mcom.shaft.tools.io.ReportManager&amp#27;[m : File Action "DoesFileExist" successfully performed. With the following test data "File Path: "SteeringCompanyAPI_TestData/SteeringCompanyAPI_TestData.xlsx"".
2023-01-22 15:41:10.936 &amp#27;[32m INFO&amp#27;[m &amp#27;[35m[@503 - main]&amp#27;[m &amp#27;[36mcom.shaft.tools.io.ReportManager&amp#27;[m : Successfully created attachment "Test Data - Excel"
2023-01-22 15:41:11.513 &amp#27;[32m INFO&amp#27;[m &amp#27;[35m[@503 - main]&amp#27;[m &amp#27;[36mcom.shaft.tools.io.ReportManager&amp#27;[m : Response status code: "200", status line: "HTTP/1.1 200 "
2023-01-22 15:41:11.599 &amp#27;[32m INFO&amp#27;[m &amp#27;[35m[@503 - main]&amp#27;[m &amp#27;[36mcom.shaft.tools.io.ReportManager&amp#27;[m : Successfully created attachment "API Request - Specifications"
2023-01-22 15:41:11.611 &amp#27;[32m INFO&amp#27;[m &amp#27;[35m[@503 - main]&amp#27;[m &amp#27;[36mcom.shaft.tools.io.ReportManager&amp#27;[m : Successfully created attachment "API Response - JSON Body"
2023-01-22 15:41:11.635 &amp#27;[32m INFO&amp#27;[m &amp#27;[35m[@503 - main]&amp#27;[m &amp#27;[36mcom.shaft.tools.io.ReportManager&amp#27;[m : Successfully created attachment "Validation Test Data - Expected Value"
2023-01-22 15:41:11.638 &amp#27;[32m INFO&amp#27;[m &amp#27;[35m[@503 - main]&amp#27;[m &amp#27;[36mcom.shaft.tools.io.ReportManager&amp#27;[m : Successfully created attachment "Validation Test Data - Actual Value"
2023-01-22 15:41:12.031 &amp#27;[32m INFO&amp#27;[m &amp#27;[35m[@503 - main]&amp#27;[m &amp#27;[36mcom.shaft.tools.io.ReportManager&amp#27;[m : Get response jsonvalue "content".
2023-01-22 15:41:12.036 &amp#27;[32m INFO&amp#27;[m &amp#27;[35m[@503 - main]&amp#27;[m &amp#27;[36mcom.shaft.tools.io.ReportManager&amp#27;[m : Successfully created attachment "Validation Test Data - Expected Value"
2023-01-22 15:41:12.041 &amp#27;[32m INFO&amp#27;[m &amp#27;[35m[@503 - main]&amp#27;[m &amp#27;[36mcom.shaft.tools.io.ReportManager&amp#27;[m : Successfully created attachment "Validation Test Data - Actual Value"
2023-01-22 15:41:12.043 &amp#27;[32m INFO&amp#27;[m &amp#27;[35m[@503 - main]&amp#27;[m &amp#27;[36mcom.shaft.tools.io.ReportManager&amp#27;[m : File Action "DoesFileExist" successfully performed. With the following test data "File Path: "Schemas/Lookups_cities_schema.json"".
2023-01-22 15:41:12.044 &amp#27;[32m INFO&amp#27;[m &amp#27;[35m[@503 - main]&amp#27;[m &amp#27;[36mcom.shaft.tools.io.ReportManager&amp#27;[m : File Action "DoesFileExist" successfully performed. With the following test data "File Path: "src/test/resources/testDataFiles/Schemas/Lookups_cities_schema.json"".
2023-01-22 15:41:12.046 &amp#27;[32m INFO&amp#27;[m &amp#27;[35m[@503 - main]&amp#27;[m &amp#27;[36mcom.shaft.tools.io.ReportManager&amp#27;[m : File Action "GetAbsolutePath" successfully performed. With the following test data "Relative Folder Path: "src/test/resources/testDataFiles/Schemas/Lookups_cities_schema.json"".
2023-01-22 15:41:12.163 &amp#27;[32m INFO&amp#27;[m &amp#27;[35m[@503 - main]&amp#27;[m &amp#27;[36mcom.shaft.tools.io.ReportManager&amp#27;[m : File Action "DoesFileExist" successfully performed. With the following test data "File Path: "C:\eclipse-workspace\MyProjects\TASystemsAPIs\src\test\resources\testDataFiles\Schemas\Lookups_cities_schema.json"".
2023-01-22 15:41:12.163 &amp#27;[32m INFO&amp#27;[m &amp#27;[35m[@503 - main]&amp#27;[m &amp#27;[36mcom.shaft.tools.io.ReportManager&amp#27;[m : File Action "GetAbsolutePath" successfully performed. With the following test data "Relative Folder Path: "C:\eclipse-workspace\MyProjects\TASystemsAPIs\src\test\resources\testDataFiles\Schemas\Lookups_cities_schema.json"".
2023-01-22 15:41:12.165 &amp#27;[32m INFO&amp#27;[m &amp#27;[35m[@503 - main]&amp#27;[m &amp#27;[36mcom.shaft.tools.io.ReportManager&amp#27;[m : File Action "ReadFile" successfully performed. With the following test data "File Path: "C:\eclipse-workspace\MyProjects\TASystemsAPIs\src\test\resources\testDataFiles\Schemas\Lookups_cities_schema.json"".
2023-01-22 15:41:12.181 &amp#27;[32m INFO&amp#27;[m &amp#27;[35m[@503 - main]&amp#27;[m &amp#27;[36mcom.shaft.tools.io.ReportManager&amp#27;[m : Successfully created attachment "Validation Test Data - Expected JSON Value"
2023-01-22 15:41:12.188 &amp#27;[32m INFO&amp#27;[m &amp#27;[35m[@503 - main]&amp#27;[m &amp#27;[36mcom.shaft.tools.io.ReportManager&amp#27;[m : Successfully created attachment "Validation Test Data - Actual JSON Value"
2023-01-22 15:41:12.198 &amp#27;[32m INFO&amp#27;[m &amp#27;[35m[@503 - main]&amp#27;[m &amp#27;[36mcom.shaft.tools.io.ReportManager&amp#27;[m : Successfully created attachment "SHAFT Engine Logs - Current Method log: Valid_GET_all_cities_Lookups_Rq_TC"
]]></system-out>
  </testcase>
  <testcase name="Valid_GET_all_cities_Lookups_by_Qry_Rq_TC" classname="SteeringCompanyAPI_TestCases.Test_Lookups_Cases" time="3.187">
    <system-out><![CDATA[2023-01-22 15:41:12.239 &amp#27;[32m INFO&amp#27;[m &amp#27;[35m[@534 - main]&amp#27;[m &amp#27;[36mcom.shaft.tools.io.ReportManager&amp#27;[m : 
################################################################################################################################################
Starting Execution:	"8 out of 70" test cases in the current suite
Test Method:		"SteeringCompanyAPI_TestCases.Test_Lookups_Cases.Valid_GET_all_cities_Lookups_by_Qry_Rq_TC"
Test Description:	"TC002 - Perform Get all cities API by parameters Qry with valid user name and password and return with token"
################################################################################################################################################
2023-01-22 15:41:12.242 &amp#27;[32m INFO&amp#27;[m &amp#27;[35m[@503 - main]&amp#27;[m &amp#27;[36mcom.shaft.tools.io.ReportManager&amp#27;[m : File Action "DoesFileExist" successfully performed. With the following test data "File Path: "SteeringCompanyAPI_TestData/SteeringCompanyAPI_TestData.xlsx"".
2023-01-22 15:41:12.520 &amp#27;[32m INFO&amp#27;[m &amp#27;[35m[@503 - main]&amp#27;[m &amp#27;[36mcom.shaft.tools.io.ReportManager&amp#27;[m : Successfully created attachment "Test Data - Excel"
2023-01-22 15:41:13.218 &amp#27;[32m INFO&amp#27;[m &amp#27;[35m[@503 - main]&amp#27;[m &amp#27;[36mcom.shaft.tools.io.ReportManager&amp#27;[m : Response status code: "200", status line: "HTTP/1.1 200 OK"
2023-01-22 15:41:13.299 &amp#27;[32m INFO&amp#27;[m &amp#27;[35m[@503 - main]&amp#27;[m &amp#27;[36mcom.shaft.tools.io.ReportManager&amp#27;[m : Successfully created attachment "API Request - Specifications"
2023-01-22 15:41:13.301 &amp#27;[32m INFO&amp#27;[m &amp#27;[35m[@503 - main]&amp#27;[m &amp#27;[36mcom.shaft.tools.io.ReportManager&amp#27;[m : Successfully created attachment "API Request - Body"
2023-01-22 15:41:13.303 &amp#27;[32m INFO&amp#27;[m &amp#27;[35m[@503 - main]&amp#27;[m &amp#27;[36mcom.shaft.tools.io.ReportManager&amp#27;[m : Successfully created attachment "API Response - JSON Body"
2023-01-22 15:41:13.379 &amp#27;[32m INFO&amp#27;[m &amp#27;[35m[@503 - main]&amp#27;[m &amp#27;[36mcom.shaft.tools.io.ReportManager&amp#27;[m : File Action "DoesFileExist" successfully performed. With the following test data "File Path: "SteeringCompanyAPI_TestData/SteeringCompanyAPI_TestData.xlsx"".
2023-01-22 15:41:13.589 &amp#27;[32m INFO&amp#27;[m &amp#27;[35m[@503 - main]&amp#27;[m &amp#27;[36mcom.shaft.tools.io.ReportManager&amp#27;[m : Successfully created attachment "Test Data - Excel"
2023-01-22 15:41:15.325 &amp#27;[32m INFO&amp#27;[m &amp#27;[35m[@503 - main]&amp#27;[m &amp#27;[36mcom.shaft.tools.io.ReportManager&amp#27;[m : Response status code: "200", status line: "HTTP/1.1 200 "
2023-01-22 15:41:15.356 &amp#27;[32m INFO&amp#27;[m &amp#27;[35m[@503 - main]&amp#27;[m &amp#27;[36mcom.shaft.tools.io.ReportManager&amp#27;[m : Successfully created attachment "API Request - Specifications"
2023-01-22 15:41:15.362 &amp#27;[32m INFO&amp#27;[m &amp#27;[35m[@503 - main]&amp#27;[m &amp#27;[36mcom.shaft.tools.io.ReportManager&amp#27;[m : Successfully created attachment "API Response - JSON Body"
2023-01-22 15:41:15.371 &amp#27;[32m INFO&amp#27;[m &amp#27;[35m[@503 - main]&amp#27;[m &amp#27;[36mcom.shaft.tools.io.ReportManager&amp#27;[m : Get response jsonvalue "content".
2023-01-22 15:41:15.375 &amp#27;[32m INFO&amp#27;[m &amp#27;[35m[@503 - main]&amp#27;[m &amp#27;[36mcom.shaft.tools.io.ReportManager&amp#27;[m : File Action "DoesFileExist" successfully performed. With the following test data "File Path: "Schemas/Lookups_cities_schema.json"".
2023-01-22 15:41:15.375 &amp#27;[32m INFO&amp#27;[m &amp#27;[35m[@503 - main]&amp#27;[m &amp#27;[36mcom.shaft.tools.io.ReportManager&amp#27;[m : File Action "DoesFileExist" successfully performed. With the following test data "File Path: "src/test/resources/testDataFiles/Schemas/Lookups_cities_schema.json"".
2023-01-22 15:41:15.376 &amp#27;[32m INFO&amp#27;[m &amp#27;[35m[@503 - main]&amp#27;[m &amp#27;[36mcom.shaft.tools.io.ReportManager&amp#27;[m : File Action "GetAbsolutePath" successfully performed. With the following test data "Relative Folder Path: "src/test/resources/testDataFiles/Schemas/Lookups_cities_schema.json"".
2023-01-22 15:41:15.393 &amp#27;[32m INFO&amp#27;[m &amp#27;[35m[@503 - main]&amp#27;[m &amp#27;[36mcom.shaft.tools.io.ReportManager&amp#27;[m : File Action "DoesFileExist" successfully performed. With the following test data "File Path: "C:\eclipse-workspace\MyProjects\TASystemsAPIs\src\test\resources\testDataFiles\Schemas\Lookups_cities_schema.json"".
2023-01-22 15:41:15.394 &amp#27;[32m INFO&amp#27;[m &amp#27;[35m[@503 - main]&amp#27;[m &amp#27;[36mcom.shaft.tools.io.ReportManager&amp#27;[m : File Action "GetAbsolutePath" successfully performed. With the following test data "Relative Folder Path: "C:\eclipse-workspace\MyProjects\TASystemsAPIs\src\test\resources\testDataFiles\Schemas\Lookups_cities_schema.json"".
2023-01-22 15:41:15.395 &amp#27;[32m INFO&amp#27;[m &amp#27;[35m[@503 - main]&amp#27;[m &amp#27;[36mcom.shaft.tools.io.ReportManager&amp#27;[m : File Action "ReadFile" successfully performed. With the following test data "File Path: "C:\eclipse-workspace\MyProjects\TASystemsAPIs\src\test\resources\testDataFiles\Schemas\Lookups_cities_schema.json"".
2023-01-22 15:41:15.398 &amp#27;[32m INFO&amp#27;[m &amp#27;[35m[@503 - main]&amp#27;[m &amp#27;[36mcom.shaft.tools.io.ReportManager&amp#27;[m : Successfully created attachment "Validation Test Data - Expected JSON Value"
2023-01-22 15:41:15.401 &amp#27;[32m INFO&amp#27;[m &amp#27;[35m[@503 - main]&amp#27;[m &amp#27;[36mcom.shaft.tools.io.ReportManager&amp#27;[m : Successfully created attachment "Validation Test Data - Actual JSON Value"
2023-01-22 15:41:15.404 &amp#27;[32m INFO&amp#27;[m &amp#27;[35m[@503 - main]&amp#27;[m &amp#27;[36mcom.shaft.tools.io.ReportManager&amp#27;[m : Successfully created attachment "SHAFT Engine Logs - Current Method log: Valid_GET_all_cities_Lookups_by_Qry_Rq_TC"
]]></system-out>
  </testcase>
  <testcase name="Add_Policy_With_InValid_data_TC[[Ljava.lang.Object;@51fdceb1](1)" classname="SteeringCompanyAPI_TestCases.Test_Policies_Cases" time="1.776">
    <system-out><![CDATA[2023-01-22 15:41:15.416 &amp#27;[32m INFO&amp#27;[m &amp#27;[35m[@534 - main]&amp#27;[m &amp#27;[36mcom.shaft.tools.io.ReportManager&amp#27;[m : 
################################################################################################################################################
Starting Execution of a Configuration (Setup or Teardown) Method
Test Method:		"SteeringCompanyAPI_TestCases.Test_Policies_Cases.Setup_data"
################################################################################################################################################
2023-01-22 15:41:15.417 &amp#27;[32m INFO&amp#27;[m &amp#27;[35m[@503 - main]&amp#27;[m &amp#27;[36mcom.shaft.tools.io.ReportManager&amp#27;[m : File Action "DoesFileExist" successfully performed. With the following test data "File Path: "SteeringCompanyAPI_TestData/SteeringCompanyAPI_TestData.xlsx"".
2023-01-22 15:41:15.513 &amp#27;[32m INFO&amp#27;[m &amp#27;[35m[@503 - main]&amp#27;[m &amp#27;[36mcom.shaft.tools.io.ReportManager&amp#27;[m : Successfully created attachment "Test Data - Excel"
2023-01-22 15:41:15.514 &amp#27;[32m INFO&amp#27;[m &amp#27;[35m[@503 - main]&amp#27;[m &amp#27;[36mcom.shaft.tools.io.ReportManager&amp#27;[m : File Action "DoesFileExist" successfully performed. With the following test data "File Path: "SteeringCompanyAPI_TestData/SteeringCompanyAPI_TestData.xlsx"".
2023-01-22 15:41:15.617 &amp#27;[32m INFO&amp#27;[m &amp#27;[35m[@503 - main]&amp#27;[m &amp#27;[36mcom.shaft.tools.io.ReportManager&amp#27;[m : Successfully created attachment "Test Data - Excel"
2023-01-22 15:41:15.618 &amp#27;[31mERROR&amp#27;[m &amp#27;[35m[@609 - main]&amp#27;[m &amp#27;[36mio.qameta.allure.AllureLifecycle&amp#27;[m : Could not add attachment: no test is running
2023-01-22 15:41:15.622 &amp#27;[32m INFO&amp#27;[m &amp#27;[35m[@503 - main]&amp#27;[m &amp#27;[36mcom.shaft.tools.io.ReportManager&amp#27;[m : Successfully created attachment "SHAFT Engine Logs - Current Method log: Setup_data"
2023-01-22 15:41:15.886 &amp#27;[32m INFO&amp#27;[m &amp#27;[35m[@534 - main]&amp#27;[m &amp#27;[36mcom.shaft.tools.io.ReportManager&amp#27;[m : 
################################################################################################################################################
Starting Execution:	"9 out of 70" test cases in the current suite
Test Method:		"SteeringCompanyAPI_TestCases.Test_Policies_Cases.Add_Policy_With_InValid_data_TC"
Test Description:	"TC052 -Policy- Perform Add Policy with InValid data"
################################################################################################################################################
2023-01-22 15:41:15.888 &amp#27;[32m INFO&amp#27;[m &amp#27;[35m[@503 - main]&amp#27;[m &amp#27;[36mcom.shaft.tools.io.ReportManager&amp#27;[m : File Action "DoesFileExist" successfully performed. With the following test data "File Path: "SteeringCompanyAPI_TestData/SteeringCompanyAPI_TestData.xlsx"".
2023-01-22 15:41:15.987 &amp#27;[32m INFO&amp#27;[m &amp#27;[35m[@503 - main]&amp#27;[m &amp#27;[36mcom.shaft.tools.io.ReportManager&amp#27;[m : Successfully created attachment "Test Data - Excel"
2023-01-22 15:41:16.604 &amp#27;[32m INFO&amp#27;[m &amp#27;[35m[@503 - main]&amp#27;[m &amp#27;[36mcom.shaft.tools.io.ReportManager&amp#27;[m : Response status code: "200", status line: "HTTP/1.1 200 OK"
2023-01-22 15:41:16.645 &amp#27;[32m INFO&amp#27;[m &amp#27;[35m[@503 - main]&amp#27;[m &amp#27;[36mcom.shaft.tools.io.ReportManager&amp#27;[m : Successfully created attachment "API Request - Specifications"
2023-01-22 15:41:16.647 &amp#27;[32m INFO&amp#27;[m &amp#27;[35m[@503 - main]&amp#27;[m &amp#27;[36mcom.shaft.tools.io.ReportManager&amp#27;[m : Successfully created attachment "API Request - Body"
2023-01-22 15:41:16.652 &amp#27;[32m INFO&amp#27;[m &amp#27;[35m[@503 - main]&amp#27;[m &amp#27;[36mcom.shaft.tools.io.ReportManager&amp#27;[m : Successfully created attachment "API Response - JSON Body"
2023-01-22 15:41:16.690 &amp#27;[32m INFO&amp#27;[m &amp#27;[35m[@503 - main]&amp#27;[m &amp#27;[36mcom.shaft.tools.io.ReportManager&amp#27;[m : File Action "DoesFileExist" successfully performed. With the following test data "File Path: "SteeringCompanyAPI_TestData/SteeringCompanyAPI_TestData.xlsx"".
2023-01-22 15:41:16.780 &amp#27;[32m INFO&amp#27;[m &amp#27;[35m[@503 - main]&amp#27;[m &amp#27;[36mcom.shaft.tools.io.ReportManager&amp#27;[m : Successfully created attachment "Test Data - Excel"
2023-01-22 15:41:16.780 &amp#27;[32m INFO&amp#27;[m &amp#27;[35m[@503 - main]&amp#27;[m &amp#27;[36mcom.shaft.tools.io.ReportManager&amp#27;[m : File Action "DoesFileExist" successfully performed. With the following test data "File Path: "SteeringCompanyAPI_TestData/SteeringCompanyAPI_TestData.xlsx"".
2023-01-22 15:41:16.861 &amp#27;[32m INFO&amp#27;[m &amp#27;[35m[@503 - main]&amp#27;[m &amp#27;[36mcom.shaft.tools.io.ReportManager&amp#27;[m : Successfully created attachment "Test Data - Excel"
2023-01-22 15:41:16.865 &amp#27;[32m INFO&amp#27;[m &amp#27;[35m[@503 - main]&amp#27;[m &amp#27;[36mcom.shaft.tools.io.ReportManager&amp#27;[m : File Action "DoesFileExist" successfully performed. With the following test data "File Path: "SteeringCompanyAPI_TestData/SteeringCompanyAPI_TestData.xlsx"".
2023-01-22 15:41:17.019 &amp#27;[32m INFO&amp#27;[m &amp#27;[35m[@503 - main]&amp#27;[m &amp#27;[36mcom.shaft.tools.io.ReportManager&amp#27;[m : Successfully created attachment "Test Data - Excel"
2023-01-22 15:41:17.543 &amp#27;[32m INFO&amp#27;[m &amp#27;[35m[@503 - main]&amp#27;[m &amp#27;[36mcom.shaft.tools.io.ReportManager&amp#27;[m : Response status code: "422", status line: "HTTP/1.1 422 "
2023-01-22 15:41:17.606 &amp#27;[32m INFO&amp#27;[m &amp#27;[35m[@503 - main]&amp#27;[m &amp#27;[36mcom.shaft.tools.io.ReportManager&amp#27;[m : Successfully created attachment "API Request - Specifications"
2023-01-22 15:41:17.614 &amp#27;[32m INFO&amp#27;[m &amp#27;[35m[@503 - main]&amp#27;[m &amp#27;[36mcom.shaft.tools.io.ReportManager&amp#27;[m : Successfully created attachment "API Request - JSON Body"
2023-01-22 15:41:17.616 &amp#27;[32m INFO&amp#27;[m &amp#27;[35m[@503 - main]&amp#27;[m &amp#27;[36mcom.shaft.tools.io.ReportManager&amp#27;[m : Successfully created attachment "API Response - JSON Body"
2023-01-22 15:41:17.620 &amp#27;[32m INFO&amp#27;[m &amp#27;[35m[@503 - main]&amp#27;[m &amp#27;[36mcom.shaft.tools.io.ReportManager&amp#27;[m : File Action "DoesFileExist" successfully performed. With the following test data "File Path: "Schemas/ValidationError_schema.json"".
2023-01-22 15:41:17.620 &amp#27;[32m INFO&amp#27;[m &amp#27;[35m[@503 - main]&amp#27;[m &amp#27;[36mcom.shaft.tools.io.ReportManager&amp#27;[m : File Action "DoesFileExist" successfully performed. With the following test data "File Path: "src/test/resources/testDataFiles/Schemas/ValidationError_schema.json"".
2023-01-22 15:41:17.621 &amp#27;[32m INFO&amp#27;[m &amp#27;[35m[@503 - main]&amp#27;[m &amp#27;[36mcom.shaft.tools.io.ReportManager&amp#27;[m : File Action "GetAbsolutePath" successfully performed. With the following test data "Relative Folder Path: "src/test/resources/testDataFiles/Schemas/ValidationError_schema.json"".
2023-01-22 15:41:17.636 &amp#27;[32m INFO&amp#27;[m &amp#27;[35m[@503 - main]&amp#27;[m &amp#27;[36mcom.shaft.tools.io.ReportManager&amp#27;[m : File Action "DoesFileExist" successfully performed. With the following test data "File Path: "C:\eclipse-workspace\MyProjects\TASystemsAPIs\src\test\resources\testDataFiles\Schemas\ValidationError_schema.json"".
2023-01-22 15:41:17.637 &amp#27;[32m INFO&amp#27;[m &amp#27;[35m[@503 - main]&amp#27;[m &amp#27;[36mcom.shaft.tools.io.ReportManager&amp#27;[m : File Action "GetAbsolutePath" successfully performed. With the following test data "Relative Folder Path: "C:\eclipse-workspace\MyProjects\TASystemsAPIs\src\test\resources\testDataFiles\Schemas\ValidationError_schema.json"".
2023-01-22 15:41:17.638 &amp#27;[32m INFO&amp#27;[m &amp#27;[35m[@503 - main]&amp#27;[m &amp#27;[36mcom.shaft.tools.io.ReportManager&amp#27;[m : File Action "ReadFile" successfully performed. With the following test data "File Path: "C:\eclipse-workspace\MyProjects\TASystemsAPIs\src\test\resources\testDataFiles\Schemas\ValidationError_schema.json"".
2023-01-22 15:41:17.643 &amp#27;[32m INFO&amp#27;[m &amp#27;[35m[@503 - main]&amp#27;[m &amp#27;[36mcom.shaft.tools.io.ReportManager&amp#27;[m : Successfully created attachment "Validation Test Data - Expected JSON Value"
2023-01-22 15:41:17.644 &amp#27;[32m INFO&amp#27;[m &amp#27;[35m[@503 - main]&amp#27;[m &amp#27;[36mcom.shaft.tools.io.ReportManager&amp#27;[m : Successfully created attachment "Validation Test Data - Actual JSON Value"
2023-01-22 15:41:17.648 &amp#27;[32m INFO&amp#27;[m &amp#27;[35m[@503 - main]&amp#27;[m &amp#27;[36mcom.shaft.tools.io.ReportManager&amp#27;[m : Successfully created attachment "SHAFT Engine Logs - Current Method log: Add_Policy_With_InValid_data_TC"
]]></system-out>
  </testcase>
  <testcase name="Add_Policy_With_InValid_data_TC[[Ljava.lang.Object;@349a59e4](2)" classname="SteeringCompanyAPI_TestCases.Test_Policies_Cases" time="1.656">
    <system-out><![CDATA[2023-01-22 15:41:17.658 &amp#27;[32m INFO&amp#27;[m &amp#27;[35m[@534 - main]&amp#27;[m &amp#27;[36mcom.shaft.tools.io.ReportManager&amp#27;[m : 
################################################################################################################################################
Starting Execution:	"10 out of 70" test cases in the current suite
Test Method:		"SteeringCompanyAPI_TestCases.Test_Policies_Cases.Add_Policy_With_InValid_data_TC"
Test Description:	"TC052 -Policy- Perform Add Policy with InValid data"
################################################################################################################################################
2023-01-22 15:41:17.660 &amp#27;[32m INFO&amp#27;[m &amp#27;[35m[@503 - main]&amp#27;[m &amp#27;[36mcom.shaft.tools.io.ReportManager&amp#27;[m : File Action "DoesFileExist" successfully performed. With the following test data "File Path: "SteeringCompanyAPI_TestData/SteeringCompanyAPI_TestData.xlsx"".
2023-01-22 15:41:17.765 &amp#27;[32m INFO&amp#27;[m &amp#27;[35m[@503 - main]&amp#27;[m &amp#27;[36mcom.shaft.tools.io.ReportManager&amp#27;[m : Successfully created attachment "Test Data - Excel"
2023-01-22 15:41:18.385 &amp#27;[32m INFO&amp#27;[m &amp#27;[35m[@503 - main]&amp#27;[m &amp#27;[36mcom.shaft.tools.io.ReportManager&amp#27;[m : Response status code: "200", status line: "HTTP/1.1 200 OK"
2023-01-22 15:41:18.427 &amp#27;[32m INFO&amp#27;[m &amp#27;[35m[@503 - main]&amp#27;[m &amp#27;[36mcom.shaft.tools.io.ReportManager&amp#27;[m : Successfully created attachment "API Request - Specifications"
2023-01-22 15:41:18.428 &amp#27;[32m INFO&amp#27;[m &amp#27;[35m[@503 - main]&amp#27;[m &amp#27;[36mcom.shaft.tools.io.ReportManager&amp#27;[m : Successfully created attachment "API Request - Body"
2023-01-22 15:41:18.430 &amp#27;[32m INFO&amp#27;[m &amp#27;[35m[@503 - main]&amp#27;[m &amp#27;[36mcom.shaft.tools.io.ReportManager&amp#27;[m : Successfully created attachment "API Response - JSON Body"
2023-01-22 15:41:18.461 &amp#27;[32m INFO&amp#27;[m &amp#27;[35m[@503 - main]&amp#27;[m &amp#27;[36mcom.shaft.tools.io.ReportManager&amp#27;[m : File Action "DoesFileExist" successfully performed. With the following test data "File Path: "SteeringCompanyAPI_TestData/SteeringCompanyAPI_TestData.xlsx"".
2023-01-22 15:41:18.533 &amp#27;[32m INFO&amp#27;[m &amp#27;[35m[@503 - main]&amp#27;[m &amp#27;[36mcom.shaft.tools.io.ReportManager&amp#27;[m : Successfully created attachment "Test Data - Excel"
2023-01-22 15:41:18.534 &amp#27;[32m INFO&amp#27;[m &amp#27;[35m[@503 - main]&amp#27;[m &amp#27;[36mcom.shaft.tools.io.ReportManager&amp#27;[m : File Action "DoesFileExist" successfully performed. With the following test data "File Path: "SteeringCompanyAPI_TestData/SteeringCompanyAPI_TestData.xlsx"".
2023-01-22 15:41:18.623 &amp#27;[32m INFO&amp#27;[m &amp#27;[35m[@503 - main]&amp#27;[m &amp#27;[36mcom.shaft.tools.io.ReportManager&amp#27;[m : Successfully created attachment "Test Data - Excel"
2023-01-22 15:41:18.624 &amp#27;[32m INFO&amp#27;[m &amp#27;[35m[@503 - main]&amp#27;[m &amp#27;[36mcom.shaft.tools.io.ReportManager&amp#27;[m : File Action "DoesFileExist" successfully performed. With the following test data "File Path: "SteeringCompanyAPI_TestData/SteeringCompanyAPI_TestData.xlsx"".
2023-01-22 15:41:18.724 &amp#27;[32m INFO&amp#27;[m &amp#27;[35m[@503 - main]&amp#27;[m &amp#27;[36mcom.shaft.tools.io.ReportManager&amp#27;[m : Successfully created attachment "Test Data - Excel"
2023-01-22 15:41:19.236 &amp#27;[32m INFO&amp#27;[m &amp#27;[35m[@503 - main]&amp#27;[m &amp#27;[36mcom.shaft.tools.io.ReportManager&amp#27;[m : Response status code: "422", status line: "HTTP/1.1 422 "
2023-01-22 15:41:19.270 &amp#27;[32m INFO&amp#27;[m &amp#27;[35m[@503 - main]&amp#27;[m &amp#27;[36mcom.shaft.tools.io.ReportManager&amp#27;[m : Successfully created attachment "API Request - Specifications"
2023-01-22 15:41:19.274 &amp#27;[32m INFO&amp#27;[m &amp#27;[35m[@503 - main]&amp#27;[m &amp#27;[36mcom.shaft.tools.io.ReportManager&amp#27;[m : Successfully created attachment "API Request - JSON Body"
2023-01-22 15:41:19.276 &amp#27;[32m INFO&amp#27;[m &amp#27;[35m[@503 - main]&amp#27;[m &amp#27;[36mcom.shaft.tools.io.ReportManager&amp#27;[m : Successfully created attachment "API Response - JSON Body"
2023-01-22 15:41:19.280 &amp#27;[32m INFO&amp#27;[m &amp#27;[35m[@503 - main]&amp#27;[m &amp#27;[36mcom.shaft.tools.io.ReportManager&amp#27;[m : File Action "DoesFileExist" successfully performed. With the following test data "File Path: "Schemas/ValidationError_schema.json"".
2023-01-22 15:41:19.281 &amp#27;[32m INFO&amp#27;[m &amp#27;[35m[@503 - main]&amp#27;[m &amp#27;[36mcom.shaft.tools.io.ReportManager&amp#27;[m : File Action "DoesFileExist" successfully performed. With the following test data "File Path: "src/test/resources/testDataFiles/Schemas/ValidationError_schema.json"".
2023-01-22 15:41:19.282 &amp#27;[32m INFO&amp#27;[m &amp#27;[35m[@503 - main]&amp#27;[m &amp#27;[36mcom.shaft.tools.io.ReportManager&amp#27;[m : File Action "GetAbsolutePath" successfully performed. With the following test data "Relative Folder Path: "src/test/resources/testDataFiles/Schemas/ValidationError_schema.json"".
2023-01-22 15:41:19.296 &amp#27;[32m INFO&amp#27;[m &amp#27;[35m[@503 - main]&amp#27;[m &amp#27;[36mcom.shaft.tools.io.ReportManager&amp#27;[m : File Action "DoesFileExist" successfully performed. With the following test data "File Path: "C:\eclipse-workspace\MyProjects\TASystemsAPIs\src\test\resources\testDataFiles\Schemas\ValidationError_schema.json"".
2023-01-22 15:41:19.297 &amp#27;[32m INFO&amp#27;[m &amp#27;[35m[@503 - main]&amp#27;[m &amp#27;[36mcom.shaft.tools.io.ReportManager&amp#27;[m : File Action "GetAbsolutePath" successfully performed. With the following test data "Relative Folder Path: "C:\eclipse-workspace\MyProjects\TASystemsAPIs\src\test\resources\testDataFiles\Schemas\ValidationError_schema.json"".
2023-01-22 15:41:19.298 &amp#27;[32m INFO&amp#27;[m &amp#27;[35m[@503 - main]&amp#27;[m &amp#27;[36mcom.shaft.tools.io.ReportManager&amp#27;[m : File Action "ReadFile" successfully performed. With the following test data "File Path: "C:\eclipse-workspace\MyProjects\TASystemsAPIs\src\test\resources\testDataFiles\Schemas\ValidationError_schema.json"".
2023-01-22 15:41:19.304 &amp#27;[32m INFO&amp#27;[m &amp#27;[35m[@503 - main]&amp#27;[m &amp#27;[36mcom.shaft.tools.io.ReportManager&amp#27;[m : Successfully created attachment "Validation Test Data - Expected JSON Value"
2023-01-22 15:41:19.305 &amp#27;[32m INFO&amp#27;[m &amp#27;[35m[@503 - main]&amp#27;[m &amp#27;[36mcom.shaft.tools.io.ReportManager&amp#27;[m : Successfully created attachment "Validation Test Data - Actual JSON Value"
2023-01-22 15:41:19.307 &amp#27;[32m INFO&amp#27;[m &amp#27;[35m[@503 - main]&amp#27;[m &amp#27;[36mcom.shaft.tools.io.ReportManager&amp#27;[m : Successfully created attachment "SHAFT Engine Logs - Current Method log: Add_Policy_With_InValid_data_TC"
]]></system-out>
  </testcase>
  <testcase name="Add_Policy_With_InValid_data_TC[[Ljava.lang.Object;@5f097960](3)" classname="SteeringCompanyAPI_TestCases.Test_Policies_Cases" time="1.727">
    <system-out><![CDATA[2023-01-22 15:41:19.315 &amp#27;[32m INFO&amp#27;[m &amp#27;[35m[@534 - main]&amp#27;[m &amp#27;[36mcom.shaft.tools.io.ReportManager&amp#27;[m : 
################################################################################################################################################
Starting Execution:	"11 out of 70" test cases in the current suite
Test Method:		"SteeringCompanyAPI_TestCases.Test_Policies_Cases.Add_Policy_With_InValid_data_TC"
Test Description:	"TC052 -Policy- Perform Add Policy with InValid data"
################################################################################################################################################
2023-01-22 15:41:19.316 &amp#27;[32m INFO&amp#27;[m &amp#27;[35m[@503 - main]&amp#27;[m &amp#27;[36mcom.shaft.tools.io.ReportManager&amp#27;[m : File Action "DoesFileExist" successfully performed. With the following test data "File Path: "SteeringCompanyAPI_TestData/SteeringCompanyAPI_TestData.xlsx"".
2023-01-22 15:41:19.412 &amp#27;[32m INFO&amp#27;[m &amp#27;[35m[@503 - main]&amp#27;[m &amp#27;[36mcom.shaft.tools.io.ReportManager&amp#27;[m : Successfully created attachment "Test Data - Excel"
2023-01-22 15:41:20.055 &amp#27;[32m INFO&amp#27;[m &amp#27;[35m[@503 - main]&amp#27;[m &amp#27;[36mcom.shaft.tools.io.ReportManager&amp#27;[m : Response status code: "200", status line: "HTTP/1.1 200 OK"
2023-01-22 15:41:20.096 &amp#27;[32m INFO&amp#27;[m &amp#27;[35m[@503 - main]&amp#27;[m &amp#27;[36mcom.shaft.tools.io.ReportManager&amp#27;[m : Successfully created attachment "API Request - Specifications"
2023-01-22 15:41:20.098 &amp#27;[32m INFO&amp#27;[m &amp#27;[35m[@503 - main]&amp#27;[m &amp#27;[36mcom.shaft.tools.io.ReportManager&amp#27;[m : Successfully created attachment "API Request - Body"
2023-01-22 15:41:20.100 &amp#27;[32m INFO&amp#27;[m &amp#27;[35m[@503 - main]&amp#27;[m &amp#27;[36mcom.shaft.tools.io.ReportManager&amp#27;[m : Successfully created attachment "API Response - JSON Body"
2023-01-22 15:41:20.137 &amp#27;[32m INFO&amp#27;[m &amp#27;[35m[@503 - main]&amp#27;[m &amp#27;[36mcom.shaft.tools.io.ReportManager&amp#27;[m : File Action "DoesFileExist" successfully performed. With the following test data "File Path: "SteeringCompanyAPI_TestData/SteeringCompanyAPI_TestData.xlsx"".
2023-01-22 15:41:20.233 &amp#27;[32m INFO&amp#27;[m &amp#27;[35m[@503 - main]&amp#27;[m &amp#27;[36mcom.shaft.tools.io.ReportManager&amp#27;[m : Successfully created attachment "Test Data - Excel"
2023-01-22 15:41:20.234 &amp#27;[32m INFO&amp#27;[m &amp#27;[35m[@503 - main]&amp#27;[m &amp#27;[36mcom.shaft.tools.io.ReportManager&amp#27;[m : File Action "DoesFileExist" successfully performed. With the following test data "File Path: "SteeringCompanyAPI_TestData/SteeringCompanyAPI_TestData.xlsx"".
2023-01-22 15:41:20.325 &amp#27;[32m INFO&amp#27;[m &amp#27;[35m[@503 - main]&amp#27;[m &amp#27;[36mcom.shaft.tools.io.ReportManager&amp#27;[m : Successfully created attachment "Test Data - Excel"
2023-01-22 15:41:20.327 &amp#27;[32m INFO&amp#27;[m &amp#27;[35m[@503 - main]&amp#27;[m &amp#27;[36mcom.shaft.tools.io.ReportManager&amp#27;[m : File Action "DoesFileExist" successfully performed. With the following test data "File Path: "SteeringCompanyAPI_TestData/SteeringCompanyAPI_TestData.xlsx"".
2023-01-22 15:41:20.449 &amp#27;[32m INFO&amp#27;[m &amp#27;[35m[@503 - main]&amp#27;[m &amp#27;[36mcom.shaft.tools.io.ReportManager&amp#27;[m : Successfully created attachment "Test Data - Excel"
2023-01-22 15:41:20.947 &amp#27;[32m INFO&amp#27;[m &amp#27;[35m[@503 - main]&amp#27;[m &amp#27;[36mcom.shaft.tools.io.ReportManager&amp#27;[m : Response status code: "422", status line: "HTTP/1.1 422 "
2023-01-22 15:41:20.994 &amp#27;[32m INFO&amp#27;[m &amp#27;[35m[@503 - main]&amp#27;[m &amp#27;[36mcom.shaft.tools.io.ReportManager&amp#27;[m : Successfully created attachment "API Request - Specifications"
2023-01-22 15:41:21.001 &amp#27;[32m INFO&amp#27;[m &amp#27;[35m[@503 - main]&amp#27;[m &amp#27;[36mcom.shaft.tools.io.ReportManager&amp#27;[m : Successfully created attachment "API Request - JSON Body"
2023-01-22 15:41:21.003 &amp#27;[32m INFO&amp#27;[m &amp#27;[35m[@503 - main]&amp#27;[m &amp#27;[36mcom.shaft.tools.io.ReportManager&amp#27;[m : Successfully created attachment "API Response - JSON Body"
2023-01-22 15:41:21.006 &amp#27;[32m INFO&amp#27;[m &amp#27;[35m[@503 - main]&amp#27;[m &amp#27;[36mcom.shaft.tools.io.ReportManager&amp#27;[m : File Action "DoesFileExist" successfully performed. With the following test data "File Path: "Schemas/ValidationError_schema.json"".
2023-01-22 15:41:21.007 &amp#27;[32m INFO&amp#27;[m &amp#27;[35m[@503 - main]&amp#27;[m &amp#27;[36mcom.shaft.tools.io.ReportManager&amp#27;[m : File Action "DoesFileExist" successfully performed. With the following test data "File Path: "src/test/resources/testDataFiles/Schemas/ValidationError_schema.json"".
2023-01-22 15:41:21.007 &amp#27;[32m INFO&amp#27;[m &amp#27;[35m[@503 - main]&amp#27;[m &amp#27;[36mcom.shaft.tools.io.ReportManager&amp#27;[m : File Action "GetAbsolutePath" successfully performed. With the following test data "Relative Folder Path: "src/test/resources/testDataFiles/Schemas/ValidationError_schema.json"".
2023-01-22 15:41:21.021 &amp#27;[32m INFO&amp#27;[m &amp#27;[35m[@503 - main]&amp#27;[m &amp#27;[36mcom.shaft.tools.io.ReportManager&amp#27;[m : File Action "DoesFileExist" successfully performed. With the following test data "File Path: "C:\eclipse-workspace\MyProjects\TASystemsAPIs\src\test\resources\testDataFiles\Schemas\ValidationError_schema.json"".
2023-01-22 15:41:21.021 &amp#27;[32m INFO&amp#27;[m &amp#27;[35m[@503 - main]&amp#27;[m &amp#27;[36mcom.shaft.tools.io.ReportManager&amp#27;[m : File Action "GetAbsolutePath" successfully performed. With the following test data "Relative Folder Path: "C:\eclipse-workspace\MyProjects\TASystemsAPIs\src\test\resources\testDataFiles\Schemas\ValidationError_schema.json"".
2023-01-22 15:41:21.022 &amp#27;[32m INFO&amp#27;[m &amp#27;[35m[@503 - main]&amp#27;[m &amp#27;[36mcom.shaft.tools.io.ReportManager&amp#27;[m : File Action "ReadFile" successfully performed. With the following test data "File Path: "C:\eclipse-workspace\MyProjects\TASystemsAPIs\src\test\resources\testDataFiles\Schemas\ValidationError_schema.json"".
2023-01-22 15:41:21.026 &amp#27;[32m INFO&amp#27;[m &amp#27;[35m[@503 - main]&amp#27;[m &amp#27;[36mcom.shaft.tools.io.ReportManager&amp#27;[m : Successfully created attachment "Validation Test Data - Expected JSON Value"
2023-01-22 15:41:21.029 &amp#27;[32m INFO&amp#27;[m &amp#27;[35m[@503 - main]&amp#27;[m &amp#27;[36mcom.shaft.tools.io.ReportManager&amp#27;[m : Successfully created attachment "Validation Test Data - Actual JSON Value"
2023-01-22 15:41:21.032 &amp#27;[32m INFO&amp#27;[m &amp#27;[35m[@503 - main]&amp#27;[m &amp#27;[36mcom.shaft.tools.io.ReportManager&amp#27;[m : Successfully created attachment "SHAFT Engine Logs - Current Method log: Add_Policy_With_InValid_data_TC"
]]></system-out>
  </testcase>
  <testcase name="Add_Policy_With_InValid_data_TC[[Ljava.lang.Object;@a2dc92d](4)" classname="SteeringCompanyAPI_TestCases.Test_Policies_Cases" time="1.779">
    <system-out><![CDATA[2023-01-22 15:41:21.042 &amp#27;[32m INFO&amp#27;[m &amp#27;[35m[@534 - main]&amp#27;[m &amp#27;[36mcom.shaft.tools.io.ReportManager&amp#27;[m : 
################################################################################################################################################
Starting Execution:	"12 out of 70" test cases in the current suite
Test Method:		"SteeringCompanyAPI_TestCases.Test_Policies_Cases.Add_Policy_With_InValid_data_TC"
Test Description:	"TC052 -Policy- Perform Add Policy with InValid data"
################################################################################################################################################
2023-01-22 15:41:21.044 &amp#27;[32m INFO&amp#27;[m &amp#27;[35m[@503 - main]&amp#27;[m &amp#27;[36mcom.shaft.tools.io.ReportManager&amp#27;[m : File Action "DoesFileExist" successfully performed. With the following test data "File Path: "SteeringCompanyAPI_TestData/SteeringCompanyAPI_TestData.xlsx"".
2023-01-22 15:41:21.107 &amp#27;[32m INFO&amp#27;[m &amp#27;[35m[@503 - main]&amp#27;[m &amp#27;[36mcom.shaft.tools.io.ReportManager&amp#27;[m : Successfully created attachment "Test Data - Excel"
2023-01-22 15:41:21.728 &amp#27;[32m INFO&amp#27;[m &amp#27;[35m[@503 - main]&amp#27;[m &amp#27;[36mcom.shaft.tools.io.ReportManager&amp#27;[m : Response status code: "200", status line: "HTTP/1.1 200 OK"
2023-01-22 15:41:21.774 &amp#27;[32m INFO&amp#27;[m &amp#27;[35m[@503 - main]&amp#27;[m &amp#27;[36mcom.shaft.tools.io.ReportManager&amp#27;[m : Successfully created attachment "API Request - Specifications"
2023-01-22 15:41:21.778 &amp#27;[32m INFO&amp#27;[m &amp#27;[35m[@503 - main]&amp#27;[m &amp#27;[36mcom.shaft.tools.io.ReportManager&amp#27;[m : Successfully created attachment "API Request - Body"
2023-01-22 15:41:21.780 &amp#27;[32m INFO&amp#27;[m &amp#27;[35m[@503 - main]&amp#27;[m &amp#27;[36mcom.shaft.tools.io.ReportManager&amp#27;[m : Successfully created attachment "API Response - JSON Body"
2023-01-22 15:41:21.829 &amp#27;[32m INFO&amp#27;[m &amp#27;[35m[@503 - main]&amp#27;[m &amp#27;[36mcom.shaft.tools.io.ReportManager&amp#27;[m : File Action "DoesFileExist" successfully performed. With the following test data "File Path: "SteeringCompanyAPI_TestData/SteeringCompanyAPI_TestData.xlsx"".
2023-01-22 15:41:22.015 &amp#27;[32m INFO&amp#27;[m &amp#27;[35m[@503 - main]&amp#27;[m &amp#27;[36mcom.shaft.tools.io.ReportManager&amp#27;[m : Successfully created attachment "Test Data - Excel"
2023-01-22 15:41:22.017 &amp#27;[32m INFO&amp#27;[m &amp#27;[35m[@503 - main]&amp#27;[m &amp#27;[36mcom.shaft.tools.io.ReportManager&amp#27;[m : File Action "DoesFileExist" successfully performed. With the following test data "File Path: "SteeringCompanyAPI_TestData/SteeringCompanyAPI_TestData.xlsx"".
2023-01-22 15:41:22.134 &amp#27;[32m INFO&amp#27;[m &amp#27;[35m[@503 - main]&amp#27;[m &amp#27;[36mcom.shaft.tools.io.ReportManager&amp#27;[m : Successfully created attachment "Test Data - Excel"
2023-01-22 15:41:22.135 &amp#27;[32m INFO&amp#27;[m &amp#27;[35m[@503 - main]&amp#27;[m &amp#27;[36mcom.shaft.tools.io.ReportManager&amp#27;[m : File Action "DoesFileExist" successfully performed. With the following test data "File Path: "SteeringCompanyAPI_TestData/SteeringCompanyAPI_TestData.xlsx"".
2023-01-22 15:41:22.235 &amp#27;[32m INFO&amp#27;[m &amp#27;[35m[@503 - main]&amp#27;[m &amp#27;[36mcom.shaft.tools.io.ReportManager&amp#27;[m : Successfully created attachment "Test Data - Excel"
2023-01-22 15:41:22.760 &amp#27;[32m INFO&amp#27;[m &amp#27;[35m[@503 - main]&amp#27;[m &amp#27;[36mcom.shaft.tools.io.ReportManager&amp#27;[m : Response status code: "422", status line: "HTTP/1.1 422 "
2023-01-22 15:41:22.795 &amp#27;[32m INFO&amp#27;[m &amp#27;[35m[@503 - main]&amp#27;[m &amp#27;[36mcom.shaft.tools.io.ReportManager&amp#27;[m : Successfully created attachment "API Request - Specifications"
2023-01-22 15:41:22.796 &amp#27;[32m INFO&amp#27;[m &amp#27;[35m[@503 - main]&amp#27;[m &amp#27;[36mcom.shaft.tools.io.ReportManager&amp#27;[m : Successfully created attachment "API Request - JSON Body"
2023-01-22 15:41:22.798 &amp#27;[32m INFO&amp#27;[m &amp#27;[35m[@503 - main]&amp#27;[m &amp#27;[36mcom.shaft.tools.io.ReportManager&amp#27;[m : Successfully created attachment "API Response - JSON Body"
2023-01-22 15:41:22.800 &amp#27;[32m INFO&amp#27;[m &amp#27;[35m[@503 - main]&amp#27;[m &amp#27;[36mcom.shaft.tools.io.ReportManager&amp#27;[m : File Action "DoesFileExist" successfully performed. With the following test data "File Path: "Schemas/ValidationError_schema.json"".
2023-01-22 15:41:22.801 &amp#27;[32m INFO&amp#27;[m &amp#27;[35m[@503 - main]&amp#27;[m &amp#27;[36mcom.shaft.tools.io.ReportManager&amp#27;[m : File Action "DoesFileExist" successfully performed. With the following test data "File Path: "src/test/resources/testDataFiles/Schemas/ValidationError_schema.json"".
2023-01-22 15:41:22.802 &amp#27;[32m INFO&amp#27;[m &amp#27;[35m[@503 - main]&amp#27;[m &amp#27;[36mcom.shaft.tools.io.ReportManager&amp#27;[m : File Action "GetAbsolutePath" successfully performed. With the following test data "Relative Folder Path: "src/test/resources/testDataFiles/Schemas/ValidationError_schema.json"".
2023-01-22 15:41:22.809 &amp#27;[32m INFO&amp#27;[m &amp#27;[35m[@503 - main]&amp#27;[m &amp#27;[36mcom.shaft.tools.io.ReportManager&amp#27;[m : File Action "DoesFileExist" successfully performed. With the following test data "File Path: "C:\eclipse-workspace\MyProjects\TASystemsAPIs\src\test\resources\testDataFiles\Schemas\ValidationError_schema.json"".
2023-01-22 15:41:22.810 &amp#27;[32m INFO&amp#27;[m &amp#27;[35m[@503 - main]&amp#27;[m &amp#27;[36mcom.shaft.tools.io.ReportManager&amp#27;[m : File Action "GetAbsolutePath" successfully performed. With the following test data "Relative Folder Path: "C:\eclipse-workspace\MyProjects\TASystemsAPIs\src\test\resources\testDataFiles\Schemas\ValidationError_schema.json"".
2023-01-22 15:41:22.810 &amp#27;[32m INFO&amp#27;[m &amp#27;[35m[@503 - main]&amp#27;[m &amp#27;[36mcom.shaft.tools.io.ReportManager&amp#27;[m : File Action "ReadFile" successfully performed. With the following test data "File Path: "C:\eclipse-workspace\MyProjects\TASystemsAPIs\src\test\resources\testDataFiles\Schemas\ValidationError_schema.json"".
2023-01-22 15:41:22.813 &amp#27;[32m INFO&amp#27;[m &amp#27;[35m[@503 - main]&amp#27;[m &amp#27;[36mcom.shaft.tools.io.ReportManager&amp#27;[m : Successfully created attachment "Validation Test Data - Expected JSON Value"
2023-01-22 15:41:22.815 &amp#27;[32m INFO&amp#27;[m &amp#27;[35m[@503 - main]&amp#27;[m &amp#27;[36mcom.shaft.tools.io.ReportManager&amp#27;[m : Successfully created attachment "Validation Test Data - Actual JSON Value"
2023-01-22 15:41:22.816 &amp#27;[32m INFO&amp#27;[m &amp#27;[35m[@503 - main]&amp#27;[m &amp#27;[36mcom.shaft.tools.io.ReportManager&amp#27;[m : Successfully created attachment "SHAFT Engine Logs - Current Method log: Add_Policy_With_InValid_data_TC"
]]></system-out>
  </testcase>
  <testcase name="Add_Policy_With_InValid_data_TC[[Ljava.lang.Object;@58fd0074](5)" classname="SteeringCompanyAPI_TestCases.Test_Policies_Cases" time="2.005">
    <system-out><![CDATA[2023-01-22 15:41:22.822 &amp#27;[32m INFO&amp#27;[m &amp#27;[35m[@534 - main]&amp#27;[m &amp#27;[36mcom.shaft.tools.io.ReportManager&amp#27;[m : 
################################################################################################################################################
Starting Execution:	"13 out of 70" test cases in the current suite
Test Method:		"SteeringCompanyAPI_TestCases.Test_Policies_Cases.Add_Policy_With_InValid_data_TC"
Test Description:	"TC052 -Policy- Perform Add Policy with InValid data"
################################################################################################################################################
2023-01-22 15:41:22.823 &amp#27;[32m INFO&amp#27;[m &amp#27;[35m[@503 - main]&amp#27;[m &amp#27;[36mcom.shaft.tools.io.ReportManager&amp#27;[m : File Action "DoesFileExist" successfully performed. With the following test data "File Path: "SteeringCompanyAPI_TestData/SteeringCompanyAPI_TestData.xlsx"".
2023-01-22 15:41:22.922 &amp#27;[32m INFO&amp#27;[m &amp#27;[35m[@503 - main]&amp#27;[m &amp#27;[36mcom.shaft.tools.io.ReportManager&amp#27;[m : Successfully created attachment "Test Data - Excel"
2023-01-22 15:41:23.561 &amp#27;[32m INFO&amp#27;[m &amp#27;[35m[@503 - main]&amp#27;[m &amp#27;[36mcom.shaft.tools.io.ReportManager&amp#27;[m : Response status code: "200", status line: "HTTP/1.1 200 OK"
2023-01-22 15:41:23.608 &amp#27;[32m INFO&amp#27;[m &amp#27;[35m[@503 - main]&amp#27;[m &amp#27;[36mcom.shaft.tools.io.ReportManager&amp#27;[m : Successfully created attachment "API Request - Specifications"
2023-01-22 15:41:23.610 &amp#27;[32m INFO&amp#27;[m &amp#27;[35m[@503 - main]&amp#27;[m &amp#27;[36mcom.shaft.tools.io.ReportManager&amp#27;[m : Successfully created attachment "API Request - Body"
2023-01-22 15:41:23.614 &amp#27;[32m INFO&amp#27;[m &amp#27;[35m[@503 - main]&amp#27;[m &amp#27;[36mcom.shaft.tools.io.ReportManager&amp#27;[m : Successfully created attachment "API Response - JSON Body"
2023-01-22 15:41:23.654 &amp#27;[32m INFO&amp#27;[m &amp#27;[35m[@503 - main]&amp#27;[m &amp#27;[36mcom.shaft.tools.io.ReportManager&amp#27;[m : File Action "DoesFileExist" successfully performed. With the following test data "File Path: "SteeringCompanyAPI_TestData/SteeringCompanyAPI_TestData.xlsx"".
2023-01-22 15:41:23.798 &amp#27;[32m INFO&amp#27;[m &amp#27;[35m[@503 - main]&amp#27;[m &amp#27;[36mcom.shaft.tools.io.ReportManager&amp#27;[m : Successfully created attachment "Test Data - Excel"
2023-01-22 15:41:23.799 &amp#27;[32m INFO&amp#27;[m &amp#27;[35m[@503 - main]&amp#27;[m &amp#27;[36mcom.shaft.tools.io.ReportManager&amp#27;[m : File Action "DoesFileExist" successfully performed. With the following test data "File Path: "SteeringCompanyAPI_TestData/SteeringCompanyAPI_TestData.xlsx"".
2023-01-22 15:41:24.015 &amp#27;[32m INFO&amp#27;[m &amp#27;[35m[@503 - main]&amp#27;[m &amp#27;[36mcom.shaft.tools.io.ReportManager&amp#27;[m : Successfully created attachment "Test Data - Excel"
2023-01-22 15:41:24.017 &amp#27;[32m INFO&amp#27;[m &amp#27;[35m[@503 - main]&amp#27;[m &amp#27;[36mcom.shaft.tools.io.ReportManager&amp#27;[m : File Action "DoesFileExist" successfully performed. With the following test data "File Path: "SteeringCompanyAPI_TestData/SteeringCompanyAPI_TestData.xlsx"".
2023-01-22 15:41:24.212 &amp#27;[32m INFO&amp#27;[m &amp#27;[35m[@503 - main]&amp#27;[m &amp#27;[36mcom.shaft.tools.io.ReportManager&amp#27;[m : Successfully created attachment "Test Data - Excel"
2023-01-22 15:41:24.723 &amp#27;[32m INFO&amp#27;[m &amp#27;[35m[@503 - main]&amp#27;[m &amp#27;[36mcom.shaft.tools.io.ReportManager&amp#27;[m : Response status code: "422", status line: "HTTP/1.1 422 "
2023-01-22 15:41:24.768 &amp#27;[32m INFO&amp#27;[m &amp#27;[35m[@503 - main]&amp#27;[m &amp#27;[36mcom.shaft.tools.io.ReportManager&amp#27;[m : Successfully created attachment "API Request - Specifications"
2023-01-22 15:41:24.772 &amp#27;[32m INFO&amp#27;[m &amp#27;[35m[@503 - main]&amp#27;[m &amp#27;[36mcom.shaft.tools.io.ReportManager&amp#27;[m : Successfully created attachment "API Request - JSON Body"
2023-01-22 15:41:24.776 &amp#27;[32m INFO&amp#27;[m &amp#27;[35m[@503 - main]&amp#27;[m &amp#27;[36mcom.shaft.tools.io.ReportManager&amp#27;[m : Successfully created attachment "API Response - JSON Body"
2023-01-22 15:41:24.781 &amp#27;[32m INFO&amp#27;[m &amp#27;[35m[@503 - main]&amp#27;[m &amp#27;[36mcom.shaft.tools.io.ReportManager&amp#27;[m : File Action "DoesFileExist" successfully performed. With the following test data "File Path: "Schemas/ValidationError_schema.json"".
2023-01-22 15:41:24.782 &amp#27;[32m INFO&amp#27;[m &amp#27;[35m[@503 - main]&amp#27;[m &amp#27;[36mcom.shaft.tools.io.ReportManager&amp#27;[m : File Action "DoesFileExist" successfully performed. With the following test data "File Path: "src/test/resources/testDataFiles/Schemas/ValidationError_schema.json"".
2023-01-22 15:41:24.783 &amp#27;[32m INFO&amp#27;[m &amp#27;[35m[@503 - main]&amp#27;[m &amp#27;[36mcom.shaft.tools.io.ReportManager&amp#27;[m : File Action "GetAbsolutePath" successfully performed. With the following test data "Relative Folder Path: "src/test/resources/testDataFiles/Schemas/ValidationError_schema.json"".
2023-01-22 15:41:24.802 &amp#27;[32m INFO&amp#27;[m &amp#27;[35m[@503 - main]&amp#27;[m &amp#27;[36mcom.shaft.tools.io.ReportManager&amp#27;[m : File Action "DoesFileExist" successfully performed. With the following test data "File Path: "C:\eclipse-workspace\MyProjects\TASystemsAPIs\src\test\resources\testDataFiles\Schemas\ValidationError_schema.json"".
2023-01-22 15:41:24.803 &amp#27;[32m INFO&amp#27;[m &amp#27;[35m[@503 - main]&amp#27;[m &amp#27;[36mcom.shaft.tools.io.ReportManager&amp#27;[m : File Action "GetAbsolutePath" successfully performed. With the following test data "Relative Folder Path: "C:\eclipse-workspace\MyProjects\TASystemsAPIs\src\test\resources\testDataFiles\Schemas\ValidationError_schema.json"".
2023-01-22 15:41:24.805 &amp#27;[32m INFO&amp#27;[m &amp#27;[35m[@503 - main]&amp#27;[m &amp#27;[36mcom.shaft.tools.io.ReportManager&amp#27;[m : File Action "ReadFile" successfully performed. With the following test data "File Path: "C:\eclipse-workspace\MyProjects\TASystemsAPIs\src\test\resources\testDataFiles\Schemas\ValidationError_schema.json"".
2023-01-22 15:41:24.812 &amp#27;[32m INFO&amp#27;[m &amp#27;[35m[@503 - main]&amp#27;[m &amp#27;[36mcom.shaft.tools.io.ReportManager&amp#27;[m : Successfully created attachment "Validation Test Data - Expected JSON Value"
2023-01-22 15:41:24.813 &amp#27;[32m INFO&amp#27;[m &amp#27;[35m[@503 - main]&amp#27;[m &amp#27;[36mcom.shaft.tools.io.ReportManager&amp#27;[m : Successfully created attachment "Validation Test Data - Actual JSON Value"
2023-01-22 15:41:24.816 &amp#27;[32m INFO&amp#27;[m &amp#27;[35m[@503 - main]&amp#27;[m &amp#27;[36mcom.shaft.tools.io.ReportManager&amp#27;[m : Successfully created attachment "SHAFT Engine Logs - Current Method log: Add_Policy_With_InValid_data_TC"
]]></system-out>
  </testcase>
  <testcase name="Add_Policy_With_InValid_data_TC[[Ljava.lang.Object;@71f1a533](6)" classname="SteeringCompanyAPI_TestCases.Test_Policies_Cases" time="1.937">
    <system-out><![CDATA[2023-01-22 15:41:24.826 &amp#27;[32m INFO&amp#27;[m &amp#27;[35m[@534 - main]&amp#27;[m &amp#27;[36mcom.shaft.tools.io.ReportManager&amp#27;[m : 
################################################################################################################################################
Starting Execution:	"14 out of 70" test cases in the current suite
Test Method:		"SteeringCompanyAPI_TestCases.Test_Policies_Cases.Add_Policy_With_InValid_data_TC"
Test Description:	"TC052 -Policy- Perform Add Policy with InValid data"
################################################################################################################################################
2023-01-22 15:41:24.827 &amp#27;[32m INFO&amp#27;[m &amp#27;[35m[@503 - main]&amp#27;[m &amp#27;[36mcom.shaft.tools.io.ReportManager&amp#27;[m : File Action "DoesFileExist" successfully performed. With the following test data "File Path: "SteeringCompanyAPI_TestData/SteeringCompanyAPI_TestData.xlsx"".
2023-01-22 15:41:24.990 &amp#27;[32m INFO&amp#27;[m &amp#27;[35m[@503 - main]&amp#27;[m &amp#27;[36mcom.shaft.tools.io.ReportManager&amp#27;[m : Successfully created attachment "Test Data - Excel"
2023-01-22 15:41:25.648 &amp#27;[32m INFO&amp#27;[m &amp#27;[35m[@503 - main]&amp#27;[m &amp#27;[36mcom.shaft.tools.io.ReportManager&amp#27;[m : Response status code: "200", status line: "HTTP/1.1 200 OK"
2023-01-22 15:41:25.697 &amp#27;[32m INFO&amp#27;[m &amp#27;[35m[@503 - main]&amp#27;[m &amp#27;[36mcom.shaft.tools.io.ReportManager&amp#27;[m : Successfully created attachment "API Request - Specifications"
2023-01-22 15:41:25.704 &amp#27;[32m INFO&amp#27;[m &amp#27;[35m[@503 - main]&amp#27;[m &amp#27;[36mcom.shaft.tools.io.ReportManager&amp#27;[m : Successfully created attachment "API Request - Body"
2023-01-22 15:41:25.708 &amp#27;[32m INFO&amp#27;[m &amp#27;[35m[@503 - main]&amp#27;[m &amp#27;[36mcom.shaft.tools.io.ReportManager&amp#27;[m : Successfully created attachment "API Response - JSON Body"
2023-01-22 15:41:25.778 &amp#27;[32m INFO&amp#27;[m &amp#27;[35m[@503 - main]&amp#27;[m &amp#27;[36mcom.shaft.tools.io.ReportManager&amp#27;[m : File Action "DoesFileExist" successfully performed. With the following test data "File Path: "SteeringCompanyAPI_TestData/SteeringCompanyAPI_TestData.xlsx"".
2023-01-22 15:41:25.908 &amp#27;[32m INFO&amp#27;[m &amp#27;[35m[@503 - main]&amp#27;[m &amp#27;[36mcom.shaft.tools.io.ReportManager&amp#27;[m : Successfully created attachment "Test Data - Excel"
2023-01-22 15:41:25.909 &amp#27;[32m INFO&amp#27;[m &amp#27;[35m[@503 - main]&amp#27;[m &amp#27;[36mcom.shaft.tools.io.ReportManager&amp#27;[m : File Action "DoesFileExist" successfully performed. With the following test data "File Path: "SteeringCompanyAPI_TestData/SteeringCompanyAPI_TestData.xlsx"".
2023-01-22 15:41:26.041 &amp#27;[32m INFO&amp#27;[m &amp#27;[35m[@503 - main]&amp#27;[m &amp#27;[36mcom.shaft.tools.io.ReportManager&amp#27;[m : Successfully created attachment "Test Data - Excel"
2023-01-22 15:41:26.045 &amp#27;[32m INFO&amp#27;[m &amp#27;[35m[@503 - main]&amp#27;[m &amp#27;[36mcom.shaft.tools.io.ReportManager&amp#27;[m : File Action "DoesFileExist" successfully performed. With the following test data "File Path: "SteeringCompanyAPI_TestData/SteeringCompanyAPI_TestData.xlsx"".
2023-01-22 15:41:26.202 &amp#27;[32m INFO&amp#27;[m &amp#27;[35m[@503 - main]&amp#27;[m &amp#27;[36mcom.shaft.tools.io.ReportManager&amp#27;[m : Successfully created attachment "Test Data - Excel"
2023-01-22 15:41:26.708 &amp#27;[32m INFO&amp#27;[m &amp#27;[35m[@503 - main]&amp#27;[m &amp#27;[36mcom.shaft.tools.io.ReportManager&amp#27;[m : Response status code: "422", status line: "HTTP/1.1 422 "
2023-01-22 15:41:26.727 &amp#27;[32m INFO&amp#27;[m &amp#27;[35m[@503 - main]&amp#27;[m &amp#27;[36mcom.shaft.tools.io.ReportManager&amp#27;[m : Successfully created attachment "API Request - Specifications"
2023-01-22 15:41:26.728 &amp#27;[32m INFO&amp#27;[m &amp#27;[35m[@503 - main]&amp#27;[m &amp#27;[36mcom.shaft.tools.io.ReportManager&amp#27;[m : Successfully created attachment "API Request - JSON Body"
2023-01-22 15:41:26.731 &amp#27;[32m INFO&amp#27;[m &amp#27;[35m[@503 - main]&amp#27;[m &amp#27;[36mcom.shaft.tools.io.ReportManager&amp#27;[m : Successfully created attachment "API Response - JSON Body"
2023-01-22 15:41:26.735 &amp#27;[32m INFO&amp#27;[m &amp#27;[35m[@503 - main]&amp#27;[m &amp#27;[36mcom.shaft.tools.io.ReportManager&amp#27;[m : File Action "DoesFileExist" successfully performed. With the following test data "File Path: "Schemas/ValidationError_schema.json"".
2023-01-22 15:41:26.735 &amp#27;[32m INFO&amp#27;[m &amp#27;[35m[@503 - main]&amp#27;[m &amp#27;[36mcom.shaft.tools.io.ReportManager&amp#27;[m : File Action "DoesFileExist" successfully performed. With the following test data "File Path: "src/test/resources/testDataFiles/Schemas/ValidationError_schema.json"".
2023-01-22 15:41:26.736 &amp#27;[32m INFO&amp#27;[m &amp#27;[35m[@503 - main]&amp#27;[m &amp#27;[36mcom.shaft.tools.io.ReportManager&amp#27;[m : File Action "GetAbsolutePath" successfully performed. With the following test data "Relative Folder Path: "src/test/resources/testDataFiles/Schemas/ValidationError_schema.json"".
2023-01-22 15:41:26.746 &amp#27;[32m INFO&amp#27;[m &amp#27;[35m[@503 - main]&amp#27;[m &amp#27;[36mcom.shaft.tools.io.ReportManager&amp#27;[m : File Action "DoesFileExist" successfully performed. With the following test data "File Path: "C:\eclipse-workspace\MyProjects\TASystemsAPIs\src\test\resources\testDataFiles\Schemas\ValidationError_schema.json"".
2023-01-22 15:41:26.746 &amp#27;[32m INFO&amp#27;[m &amp#27;[35m[@503 - main]&amp#27;[m &amp#27;[36mcom.shaft.tools.io.ReportManager&amp#27;[m : File Action "GetAbsolutePath" successfully performed. With the following test data "Relative Folder Path: "C:\eclipse-workspace\MyProjects\TASystemsAPIs\src\test\resources\testDataFiles\Schemas\ValidationError_schema.json"".
2023-01-22 15:41:26.746 &amp#27;[32m INFO&amp#27;[m &amp#27;[35m[@503 - main]&amp#27;[m &amp#27;[36mcom.shaft.tools.io.ReportManager&amp#27;[m : File Action "ReadFile" successfully performed. With the following test data "File Path: "C:\eclipse-workspace\MyProjects\TASystemsAPIs\src\test\resources\testDataFiles\Schemas\ValidationError_schema.json"".
2023-01-22 15:41:26.753 &amp#27;[32m INFO&amp#27;[m &amp#27;[35m[@503 - main]&amp#27;[m &amp#27;[36mcom.shaft.tools.io.ReportManager&amp#27;[m : Successfully created attachment "Validation Test Data - Expected JSON Value"
2023-01-22 15:41:26.755 &amp#27;[32m INFO&amp#27;[m &amp#27;[35m[@503 - main]&amp#27;[m &amp#27;[36mcom.shaft.tools.io.ReportManager&amp#27;[m : Successfully created attachment "Validation Test Data - Actual JSON Value"
2023-01-22 15:41:26.757 &amp#27;[32m INFO&amp#27;[m &amp#27;[35m[@503 - main]&amp#27;[m &amp#27;[36mcom.shaft.tools.io.ReportManager&amp#27;[m : Successfully created attachment "SHAFT Engine Logs - Current Method log: Add_Policy_With_InValid_data_TC"
]]></system-out>
  </testcase>
  <testcase name="Add_Policy_With_InValid_data_TC[[Ljava.lang.Object;@44fcf2b2](7)" classname="SteeringCompanyAPI_TestCases.Test_Policies_Cases" time="1.854">
    <system-out><![CDATA[2023-01-22 15:41:26.763 &amp#27;[32m INFO&amp#27;[m &amp#27;[35m[@534 - main]&amp#27;[m &amp#27;[36mcom.shaft.tools.io.ReportManager&amp#27;[m : 
################################################################################################################################################
Starting Execution:	"15 out of 70" test cases in the current suite
Test Method:		"SteeringCompanyAPI_TestCases.Test_Policies_Cases.Add_Policy_With_InValid_data_TC"
Test Description:	"TC052 -Policy- Perform Add Policy with InValid data"
################################################################################################################################################
2023-01-22 15:41:26.764 &amp#27;[32m INFO&amp#27;[m &amp#27;[35m[@503 - main]&amp#27;[m &amp#27;[36mcom.shaft.tools.io.ReportManager&amp#27;[m : File Action "DoesFileExist" successfully performed. With the following test data "File Path: "SteeringCompanyAPI_TestData/SteeringCompanyAPI_TestData.xlsx"".
2023-01-22 15:41:26.825 &amp#27;[32m INFO&amp#27;[m &amp#27;[35m[@503 - main]&amp#27;[m &amp#27;[36mcom.shaft.tools.io.ReportManager&amp#27;[m : Successfully created attachment "Test Data - Excel"
2023-01-22 15:41:27.457 &amp#27;[32m INFO&amp#27;[m &amp#27;[35m[@503 - main]&amp#27;[m &amp#27;[36mcom.shaft.tools.io.ReportManager&amp#27;[m : Response status code: "200", status line: "HTTP/1.1 200 OK"
2023-01-22 15:41:27.512 &amp#27;[32m INFO&amp#27;[m &amp#27;[35m[@503 - main]&amp#27;[m &amp#27;[36mcom.shaft.tools.io.ReportManager&amp#27;[m : Successfully created attachment "API Request - Specifications"
2023-01-22 15:41:27.513 &amp#27;[32m INFO&amp#27;[m &amp#27;[35m[@503 - main]&amp#27;[m &amp#27;[36mcom.shaft.tools.io.ReportManager&amp#27;[m : Successfully created attachment "API Request - Body"
2023-01-22 15:41:27.520 &amp#27;[32m INFO&amp#27;[m &amp#27;[35m[@503 - main]&amp#27;[m &amp#27;[36mcom.shaft.tools.io.ReportManager&amp#27;[m : Successfully created attachment "API Response - JSON Body"
2023-01-22 15:41:27.560 &amp#27;[32m INFO&amp#27;[m &amp#27;[35m[@503 - main]&amp#27;[m &amp#27;[36mcom.shaft.tools.io.ReportManager&amp#27;[m : File Action "DoesFileExist" successfully performed. With the following test data "File Path: "SteeringCompanyAPI_TestData/SteeringCompanyAPI_TestData.xlsx"".
2023-01-22 15:41:27.653 &amp#27;[32m INFO&amp#27;[m &amp#27;[35m[@503 - main]&amp#27;[m &amp#27;[36mcom.shaft.tools.io.ReportManager&amp#27;[m : Successfully created attachment "Test Data - Excel"
2023-01-22 15:41:27.654 &amp#27;[32m INFO&amp#27;[m &amp#27;[35m[@503 - main]&amp#27;[m &amp#27;[36mcom.shaft.tools.io.ReportManager&amp#27;[m : File Action "DoesFileExist" successfully performed. With the following test data "File Path: "SteeringCompanyAPI_TestData/SteeringCompanyAPI_TestData.xlsx"".
2023-01-22 15:41:27.813 &amp#27;[32m INFO&amp#27;[m &amp#27;[35m[@503 - main]&amp#27;[m &amp#27;[36mcom.shaft.tools.io.ReportManager&amp#27;[m : Successfully created attachment "Test Data - Excel"
2023-01-22 15:41:27.814 &amp#27;[32m INFO&amp#27;[m &amp#27;[35m[@503 - main]&amp#27;[m &amp#27;[36mcom.shaft.tools.io.ReportManager&amp#27;[m : File Action "DoesFileExist" successfully performed. With the following test data "File Path: "SteeringCompanyAPI_TestData/SteeringCompanyAPI_TestData.xlsx"".
2023-01-22 15:41:27.941 &amp#27;[32m INFO&amp#27;[m &amp#27;[35m[@503 - main]&amp#27;[m &amp#27;[36mcom.shaft.tools.io.ReportManager&amp#27;[m : Successfully created attachment "Test Data - Excel"
2023-01-22 15:41:28.497 &amp#27;[32m INFO&amp#27;[m &amp#27;[35m[@503 - main]&amp#27;[m &amp#27;[36mcom.shaft.tools.io.ReportManager&amp#27;[m : Response status code: "422", status line: "HTTP/1.1 422 "
2023-01-22 15:41:28.544 &amp#27;[32m INFO&amp#27;[m &amp#27;[35m[@503 - main]&amp#27;[m &amp#27;[36mcom.shaft.tools.io.ReportManager&amp#27;[m : Successfully created attachment "API Request - Specifications"
2023-01-22 15:41:28.546 &amp#27;[32m INFO&amp#27;[m &amp#27;[35m[@503 - main]&amp#27;[m &amp#27;[36mcom.shaft.tools.io.ReportManager&amp#27;[m : Successfully created attachment "API Request - JSON Body"
2023-01-22 15:41:28.550 &amp#27;[32m INFO&amp#27;[m &amp#27;[35m[@503 - main]&amp#27;[m &amp#27;[36mcom.shaft.tools.io.ReportManager&amp#27;[m : Successfully created attachment "API Response - JSON Body"
2023-01-22 15:41:28.563 &amp#27;[32m INFO&amp#27;[m &amp#27;[35m[@503 - main]&amp#27;[m &amp#27;[36mcom.shaft.tools.io.ReportManager&amp#27;[m : File Action "DoesFileExist" successfully performed. With the following test data "File Path: "Schemas/ValidationError_schema.json"".
2023-01-22 15:41:28.566 &amp#27;[32m INFO&amp#27;[m &amp#27;[35m[@503 - main]&amp#27;[m &amp#27;[36mcom.shaft.tools.io.ReportManager&amp#27;[m : File Action "DoesFileExist" successfully performed. With the following test data "File Path: "src/test/resources/testDataFiles/Schemas/ValidationError_schema.json"".
2023-01-22 15:41:28.567 &amp#27;[32m INFO&amp#27;[m &amp#27;[35m[@503 - main]&amp#27;[m &amp#27;[36mcom.shaft.tools.io.ReportManager&amp#27;[m : File Action "GetAbsolutePath" successfully performed. With the following test data "Relative Folder Path: "src/test/resources/testDataFiles/Schemas/ValidationError_schema.json"".
2023-01-22 15:41:28.582 &amp#27;[32m INFO&amp#27;[m &amp#27;[35m[@503 - main]&amp#27;[m &amp#27;[36mcom.shaft.tools.io.ReportManager&amp#27;[m : File Action "DoesFileExist" successfully performed. With the following test data "File Path: "C:\eclipse-workspace\MyProjects\TASystemsAPIs\src\test\resources\testDataFiles\Schemas\ValidationError_schema.json"".
2023-01-22 15:41:28.584 &amp#27;[32m INFO&amp#27;[m &amp#27;[35m[@503 - main]&amp#27;[m &amp#27;[36mcom.shaft.tools.io.ReportManager&amp#27;[m : File Action "GetAbsolutePath" successfully performed. With the following test data "Relative Folder Path: "C:\eclipse-workspace\MyProjects\TASystemsAPIs\src\test\resources\testDataFiles\Schemas\ValidationError_schema.json"".
2023-01-22 15:41:28.587 &amp#27;[32m INFO&amp#27;[m &amp#27;[35m[@503 - main]&amp#27;[m &amp#27;[36mcom.shaft.tools.io.ReportManager&amp#27;[m : File Action "ReadFile" successfully performed. With the following test data "File Path: "C:\eclipse-workspace\MyProjects\TASystemsAPIs\src\test\resources\testDataFiles\Schemas\ValidationError_schema.json"".
2023-01-22 15:41:28.594 &amp#27;[32m INFO&amp#27;[m &amp#27;[35m[@503 - main]&amp#27;[m &amp#27;[36mcom.shaft.tools.io.ReportManager&amp#27;[m : Successfully created attachment "Validation Test Data - Expected JSON Value"
2023-01-22 15:41:28.597 &amp#27;[32m INFO&amp#27;[m &amp#27;[35m[@503 - main]&amp#27;[m &amp#27;[36mcom.shaft.tools.io.ReportManager&amp#27;[m : Successfully created attachment "Validation Test Data - Actual JSON Value"
2023-01-22 15:41:28.600 &amp#27;[32m INFO&amp#27;[m &amp#27;[35m[@503 - main]&amp#27;[m &amp#27;[36mcom.shaft.tools.io.ReportManager&amp#27;[m : Successfully created attachment "SHAFT Engine Logs - Current Method log: Add_Policy_With_InValid_data_TC"
]]></system-out>
  </testcase>
  <testcase name="Add_Policy_With_InValid_data_TC[[Ljava.lang.Object;@1545b9da](8)" classname="SteeringCompanyAPI_TestCases.Test_Policies_Cases" time="1.951">
    <system-out><![CDATA[2023-01-22 15:41:28.624 &amp#27;[32m INFO&amp#27;[m &amp#27;[35m[@534 - main]&amp#27;[m &amp#27;[36mcom.shaft.tools.io.ReportManager&amp#27;[m : 
################################################################################################################################################
Starting Execution:	"16 out of 70" test cases in the current suite
Test Method:		"SteeringCompanyAPI_TestCases.Test_Policies_Cases.Add_Policy_With_InValid_data_TC"
Test Description:	"TC052 -Policy- Perform Add Policy with InValid data"
################################################################################################################################################
2023-01-22 15:41:28.625 &amp#27;[32m INFO&amp#27;[m &amp#27;[35m[@503 - main]&amp#27;[m &amp#27;[36mcom.shaft.tools.io.ReportManager&amp#27;[m : File Action "DoesFileExist" successfully performed. With the following test data "File Path: "SteeringCompanyAPI_TestData/SteeringCompanyAPI_TestData.xlsx"".
2023-01-22 15:41:28.782 &amp#27;[32m INFO&amp#27;[m &amp#27;[35m[@503 - main]&amp#27;[m &amp#27;[36mcom.shaft.tools.io.ReportManager&amp#27;[m : Successfully created attachment "Test Data - Excel"
2023-01-22 15:41:29.489 &amp#27;[32m INFO&amp#27;[m &amp#27;[35m[@503 - main]&amp#27;[m &amp#27;[36mcom.shaft.tools.io.ReportManager&amp#27;[m : Response status code: "200", status line: "HTTP/1.1 200 OK"
2023-01-22 15:41:29.537 &amp#27;[32m INFO&amp#27;[m &amp#27;[35m[@503 - main]&amp#27;[m &amp#27;[36mcom.shaft.tools.io.ReportManager&amp#27;[m : Successfully created attachment "API Request - Specifications"
2023-01-22 15:41:29.543 &amp#27;[32m INFO&amp#27;[m &amp#27;[35m[@503 - main]&amp#27;[m &amp#27;[36mcom.shaft.tools.io.ReportManager&amp#27;[m : Successfully created attachment "API Request - Body"
2023-01-22 15:41:29.545 &amp#27;[32m INFO&amp#27;[m &amp#27;[35m[@503 - main]&amp#27;[m &amp#27;[36mcom.shaft.tools.io.ReportManager&amp#27;[m : Successfully created attachment "API Response - JSON Body"
2023-01-22 15:41:29.589 &amp#27;[32m INFO&amp#27;[m &amp#27;[35m[@503 - main]&amp#27;[m &amp#27;[36mcom.shaft.tools.io.ReportManager&amp#27;[m : File Action "DoesFileExist" successfully performed. With the following test data "File Path: "SteeringCompanyAPI_TestData/SteeringCompanyAPI_TestData.xlsx"".
2023-01-22 15:41:29.703 &amp#27;[32m INFO&amp#27;[m &amp#27;[35m[@503 - main]&amp#27;[m &amp#27;[36mcom.shaft.tools.io.ReportManager&amp#27;[m : Successfully created attachment "Test Data - Excel"
2023-01-22 15:41:29.704 &amp#27;[32m INFO&amp#27;[m &amp#27;[35m[@503 - main]&amp#27;[m &amp#27;[36mcom.shaft.tools.io.ReportManager&amp#27;[m : File Action "DoesFileExist" successfully performed. With the following test data "File Path: "SteeringCompanyAPI_TestData/SteeringCompanyAPI_TestData.xlsx"".
2023-01-22 15:41:29.830 &amp#27;[32m INFO&amp#27;[m &amp#27;[35m[@503 - main]&amp#27;[m &amp#27;[36mcom.shaft.tools.io.ReportManager&amp#27;[m : Successfully created attachment "Test Data - Excel"
2023-01-22 15:41:29.831 &amp#27;[32m INFO&amp#27;[m &amp#27;[35m[@503 - main]&amp#27;[m &amp#27;[36mcom.shaft.tools.io.ReportManager&amp#27;[m : File Action "DoesFileExist" successfully performed. With the following test data "File Path: "SteeringCompanyAPI_TestData/SteeringCompanyAPI_TestData.xlsx"".
2023-01-22 15:41:29.929 &amp#27;[32m INFO&amp#27;[m &amp#27;[35m[@503 - main]&amp#27;[m &amp#27;[36mcom.shaft.tools.io.ReportManager&amp#27;[m : Successfully created attachment "Test Data - Excel"
2023-01-22 15:41:30.471 &amp#27;[32m INFO&amp#27;[m &amp#27;[35m[@503 - main]&amp#27;[m &amp#27;[36mcom.shaft.tools.io.ReportManager&amp#27;[m : Response status code: "422", status line: "HTTP/1.1 422 "
2023-01-22 15:41:30.516 &amp#27;[32m INFO&amp#27;[m &amp#27;[35m[@503 - main]&amp#27;[m &amp#27;[36mcom.shaft.tools.io.ReportManager&amp#27;[m : Successfully created attachment "API Request - Specifications"
2023-01-22 15:41:30.522 &amp#27;[32m INFO&amp#27;[m &amp#27;[35m[@503 - main]&amp#27;[m &amp#27;[36mcom.shaft.tools.io.ReportManager&amp#27;[m : Successfully created attachment "API Request - JSON Body"
2023-01-22 15:41:30.525 &amp#27;[32m INFO&amp#27;[m &amp#27;[35m[@503 - main]&amp#27;[m &amp#27;[36mcom.shaft.tools.io.ReportManager&amp#27;[m : Successfully created attachment "API Response - JSON Body"
2023-01-22 15:41:30.529 &amp#27;[32m INFO&amp#27;[m &amp#27;[35m[@503 - main]&amp#27;[m &amp#27;[36mcom.shaft.tools.io.ReportManager&amp#27;[m : File Action "DoesFileExist" successfully performed. With the following test data "File Path: "Schemas/ValidationError_schema.json"".
2023-01-22 15:41:30.531 &amp#27;[32m INFO&amp#27;[m &amp#27;[35m[@503 - main]&amp#27;[m &amp#27;[36mcom.shaft.tools.io.ReportManager&amp#27;[m : File Action "DoesFileExist" successfully performed. With the following test data "File Path: "src/test/resources/testDataFiles/Schemas/ValidationError_schema.json"".
2023-01-22 15:41:30.534 &amp#27;[32m INFO&amp#27;[m &amp#27;[35m[@503 - main]&amp#27;[m &amp#27;[36mcom.shaft.tools.io.ReportManager&amp#27;[m : File Action "GetAbsolutePath" successfully performed. With the following test data "Relative Folder Path: "src/test/resources/testDataFiles/Schemas/ValidationError_schema.json"".
2023-01-22 15:41:30.544 &amp#27;[32m INFO&amp#27;[m &amp#27;[35m[@503 - main]&amp#27;[m &amp#27;[36mcom.shaft.tools.io.ReportManager&amp#27;[m : File Action "DoesFileExist" successfully performed. With the following test data "File Path: "C:\eclipse-workspace\MyProjects\TASystemsAPIs\src\test\resources\testDataFiles\Schemas\ValidationError_schema.json"".
2023-01-22 15:41:30.546 &amp#27;[32m INFO&amp#27;[m &amp#27;[35m[@503 - main]&amp#27;[m &amp#27;[36mcom.shaft.tools.io.ReportManager&amp#27;[m : File Action "GetAbsolutePath" successfully performed. With the following test data "Relative Folder Path: "C:\eclipse-workspace\MyProjects\TASystemsAPIs\src\test\resources\testDataFiles\Schemas\ValidationError_schema.json"".
2023-01-22 15:41:30.547 &amp#27;[32m INFO&amp#27;[m &amp#27;[35m[@503 - main]&amp#27;[m &amp#27;[36mcom.shaft.tools.io.ReportManager&amp#27;[m : File Action "ReadFile" successfully performed. With the following test data "File Path: "C:\eclipse-workspace\MyProjects\TASystemsAPIs\src\test\resources\testDataFiles\Schemas\ValidationError_schema.json"".
2023-01-22 15:41:30.551 &amp#27;[32m INFO&amp#27;[m &amp#27;[35m[@503 - main]&amp#27;[m &amp#27;[36mcom.shaft.tools.io.ReportManager&amp#27;[m : Successfully created attachment "Validation Test Data - Expected JSON Value"
2023-01-22 15:41:30.554 &amp#27;[32m INFO&amp#27;[m &amp#27;[35m[@503 - main]&amp#27;[m &amp#27;[36mcom.shaft.tools.io.ReportManager&amp#27;[m : Successfully created attachment "Validation Test Data - Actual JSON Value"
2023-01-22 15:41:30.556 &amp#27;[32m INFO&amp#27;[m &amp#27;[35m[@503 - main]&amp#27;[m &amp#27;[36mcom.shaft.tools.io.ReportManager&amp#27;[m : Successfully created attachment "SHAFT Engine Logs - Current Method log: Add_Policy_With_InValid_data_TC"
]]></system-out>
  </testcase>
  <testcase name="Add_Policy_With_InValid_data_TC[[Ljava.lang.Object;@4854fd1c](9)" classname="SteeringCompanyAPI_TestCases.Test_Policies_Cases" time="1.724">
    <system-out><![CDATA[2023-01-22 15:41:30.571 &amp#27;[32m INFO&amp#27;[m &amp#27;[35m[@534 - main]&amp#27;[m &amp#27;[36mcom.shaft.tools.io.ReportManager&amp#27;[m : 
################################################################################################################################################
Starting Execution:	"17 out of 70" test cases in the current suite
Test Method:		"SteeringCompanyAPI_TestCases.Test_Policies_Cases.Add_Policy_With_InValid_data_TC"
Test Description:	"TC052 -Policy- Perform Add Policy with InValid data"
################################################################################################################################################
2023-01-22 15:41:30.572 &amp#27;[32m INFO&amp#27;[m &amp#27;[35m[@503 - main]&amp#27;[m &amp#27;[36mcom.shaft.tools.io.ReportManager&amp#27;[m : File Action "DoesFileExist" successfully performed. With the following test data "File Path: "SteeringCompanyAPI_TestData/SteeringCompanyAPI_TestData.xlsx"".
2023-01-22 15:41:30.654 &amp#27;[32m INFO&amp#27;[m &amp#27;[35m[@503 - main]&amp#27;[m &amp#27;[36mcom.shaft.tools.io.ReportManager&amp#27;[m : Successfully created attachment "Test Data - Excel"
2023-01-22 15:41:31.310 &amp#27;[32m INFO&amp#27;[m &amp#27;[35m[@503 - main]&amp#27;[m &amp#27;[36mcom.shaft.tools.io.ReportManager&amp#27;[m : Response status code: "200", status line: "HTTP/1.1 200 OK"
2023-01-22 15:41:31.373 &amp#27;[32m INFO&amp#27;[m &amp#27;[35m[@503 - main]&amp#27;[m &amp#27;[36mcom.shaft.tools.io.ReportManager&amp#27;[m : Successfully created attachment "API Request - Specifications"
2023-01-22 15:41:31.376 &amp#27;[32m INFO&amp#27;[m &amp#27;[35m[@503 - main]&amp#27;[m &amp#27;[36mcom.shaft.tools.io.ReportManager&amp#27;[m : Successfully created attachment "API Request - Body"
2023-01-22 15:41:31.378 &amp#27;[32m INFO&amp#27;[m &amp#27;[35m[@503 - main]&amp#27;[m &amp#27;[36mcom.shaft.tools.io.ReportManager&amp#27;[m : Successfully created attachment "API Response - JSON Body"
2023-01-22 15:41:31.410 &amp#27;[32m INFO&amp#27;[m &amp#27;[35m[@503 - main]&amp#27;[m &amp#27;[36mcom.shaft.tools.io.ReportManager&amp#27;[m : File Action "DoesFileExist" successfully performed. With the following test data "File Path: "SteeringCompanyAPI_TestData/SteeringCompanyAPI_TestData.xlsx"".
2023-01-22 15:41:31.519 &amp#27;[32m INFO&amp#27;[m &amp#27;[35m[@503 - main]&amp#27;[m &amp#27;[36mcom.shaft.tools.io.ReportManager&amp#27;[m : Successfully created attachment "Test Data - Excel"
2023-01-22 15:41:31.524 &amp#27;[32m INFO&amp#27;[m &amp#27;[35m[@503 - main]&amp#27;[m &amp#27;[36mcom.shaft.tools.io.ReportManager&amp#27;[m : File Action "DoesFileExist" successfully performed. With the following test data "File Path: "SteeringCompanyAPI_TestData/SteeringCompanyAPI_TestData.xlsx"".
2023-01-22 15:41:31.655 &amp#27;[32m INFO&amp#27;[m &amp#27;[35m[@503 - main]&amp#27;[m &amp#27;[36mcom.shaft.tools.io.ReportManager&amp#27;[m : Successfully created attachment "Test Data - Excel"
2023-01-22 15:41:31.656 &amp#27;[32m INFO&amp#27;[m &amp#27;[35m[@503 - main]&amp#27;[m &amp#27;[36mcom.shaft.tools.io.ReportManager&amp#27;[m : File Action "DoesFileExist" successfully performed. With the following test data "File Path: "SteeringCompanyAPI_TestData/SteeringCompanyAPI_TestData.xlsx"".
2023-01-22 15:41:31.723 &amp#27;[32m INFO&amp#27;[m &amp#27;[35m[@503 - main]&amp#27;[m &amp#27;[36mcom.shaft.tools.io.ReportManager&amp#27;[m : Successfully created attachment "Test Data - Excel"
2023-01-22 15:41:32.233 &amp#27;[32m INFO&amp#27;[m &amp#27;[35m[@503 - main]&amp#27;[m &amp#27;[36mcom.shaft.tools.io.ReportManager&amp#27;[m : Response status code: "422", status line: "HTTP/1.1 422 "
2023-01-22 15:41:32.259 &amp#27;[32m INFO&amp#27;[m &amp#27;[35m[@503 - main]&amp#27;[m &amp#27;[36mcom.shaft.tools.io.ReportManager&amp#27;[m : Successfully created attachment "API Request - Specifications"
2023-01-22 15:41:32.261 &amp#27;[32m INFO&amp#27;[m &amp#27;[35m[@503 - main]&amp#27;[m &amp#27;[36mcom.shaft.tools.io.ReportManager&amp#27;[m : Successfully created attachment "API Request - JSON Body"
2023-01-22 15:41:32.262 &amp#27;[32m INFO&amp#27;[m &amp#27;[35m[@503 - main]&amp#27;[m &amp#27;[36mcom.shaft.tools.io.ReportManager&amp#27;[m : Successfully created attachment "API Response - JSON Body"
2023-01-22 15:41:32.265 &amp#27;[32m INFO&amp#27;[m &amp#27;[35m[@503 - main]&amp#27;[m &amp#27;[36mcom.shaft.tools.io.ReportManager&amp#27;[m : File Action "DoesFileExist" successfully performed. With the following test data "File Path: "Schemas/ValidationError_schema.json"".
2023-01-22 15:41:32.266 &amp#27;[32m INFO&amp#27;[m &amp#27;[35m[@503 - main]&amp#27;[m &amp#27;[36mcom.shaft.tools.io.ReportManager&amp#27;[m : File Action "DoesFileExist" successfully performed. With the following test data "File Path: "src/test/resources/testDataFiles/Schemas/ValidationError_schema.json"".
2023-01-22 15:41:32.266 &amp#27;[32m INFO&amp#27;[m &amp#27;[35m[@503 - main]&amp#27;[m &amp#27;[36mcom.shaft.tools.io.ReportManager&amp#27;[m : File Action "GetAbsolutePath" successfully performed. With the following test data "Relative Folder Path: "src/test/resources/testDataFiles/Schemas/ValidationError_schema.json"".
2023-01-22 15:41:32.276 &amp#27;[32m INFO&amp#27;[m &amp#27;[35m[@503 - main]&amp#27;[m &amp#27;[36mcom.shaft.tools.io.ReportManager&amp#27;[m : File Action "DoesFileExist" successfully performed. With the following test data "File Path: "C:\eclipse-workspace\MyProjects\TASystemsAPIs\src\test\resources\testDataFiles\Schemas\ValidationError_schema.json"".
2023-01-22 15:41:32.277 &amp#27;[32m INFO&amp#27;[m &amp#27;[35m[@503 - main]&amp#27;[m &amp#27;[36mcom.shaft.tools.io.ReportManager&amp#27;[m : File Action "GetAbsolutePath" successfully performed. With the following test data "Relative Folder Path: "C:\eclipse-workspace\MyProjects\TASystemsAPIs\src\test\resources\testDataFiles\Schemas\ValidationError_schema.json"".
2023-01-22 15:41:32.278 &amp#27;[32m INFO&amp#27;[m &amp#27;[35m[@503 - main]&amp#27;[m &amp#27;[36mcom.shaft.tools.io.ReportManager&amp#27;[m : File Action "ReadFile" successfully performed. With the following test data "File Path: "C:\eclipse-workspace\MyProjects\TASystemsAPIs\src\test\resources\testDataFiles\Schemas\ValidationError_schema.json"".
2023-01-22 15:41:32.282 &amp#27;[32m INFO&amp#27;[m &amp#27;[35m[@503 - main]&amp#27;[m &amp#27;[36mcom.shaft.tools.io.ReportManager&amp#27;[m : Successfully created attachment "Validation Test Data - Expected JSON Value"
2023-01-22 15:41:32.284 &amp#27;[32m INFO&amp#27;[m &amp#27;[35m[@503 - main]&amp#27;[m &amp#27;[36mcom.shaft.tools.io.ReportManager&amp#27;[m : Successfully created attachment "Validation Test Data - Actual JSON Value"
2023-01-22 15:41:32.286 &amp#27;[32m INFO&amp#27;[m &amp#27;[35m[@503 - main]&amp#27;[m &amp#27;[36mcom.shaft.tools.io.ReportManager&amp#27;[m : Successfully created attachment "SHAFT Engine Logs - Current Method log: Add_Policy_With_InValid_data_TC"
]]></system-out>
  </testcase>
  <testcase name="Add_Policy_With_InValid_data_TC[[Ljava.lang.Object;@6bb4568](10)" classname="SteeringCompanyAPI_TestCases.Test_Policies_Cases" time="1.637">
    <system-out><![CDATA[2023-01-22 15:41:32.297 &amp#27;[32m INFO&amp#27;[m &amp#27;[35m[@534 - main]&amp#27;[m &amp#27;[36mcom.shaft.tools.io.ReportManager&amp#27;[m : 
################################################################################################################################################
Starting Execution:	"18 out of 70" test cases in the current suite
Test Method:		"SteeringCompanyAPI_TestCases.Test_Policies_Cases.Add_Policy_With_InValid_data_TC"
Test Description:	"TC052 -Policy- Perform Add Policy with InValid data"
################################################################################################################################################
2023-01-22 15:41:32.299 &amp#27;[32m INFO&amp#27;[m &amp#27;[35m[@503 - main]&amp#27;[m &amp#27;[36mcom.shaft.tools.io.ReportManager&amp#27;[m : File Action "DoesFileExist" successfully performed. With the following test data "File Path: "SteeringCompanyAPI_TestData/SteeringCompanyAPI_TestData.xlsx"".
2023-01-22 15:41:32.373 &amp#27;[32m INFO&amp#27;[m &amp#27;[35m[@503 - main]&amp#27;[m &amp#27;[36mcom.shaft.tools.io.ReportManager&amp#27;[m : Successfully created attachment "Test Data - Excel"
2023-01-22 15:41:32.994 &amp#27;[32m INFO&amp#27;[m &amp#27;[35m[@503 - main]&amp#27;[m &amp#27;[36mcom.shaft.tools.io.ReportManager&amp#27;[m : Response status code: "200", status line: "HTTP/1.1 200 OK"
2023-01-22 15:41:33.027 &amp#27;[32m INFO&amp#27;[m &amp#27;[35m[@503 - main]&amp#27;[m &amp#27;[36mcom.shaft.tools.io.ReportManager&amp#27;[m : Successfully created attachment "API Request - Specifications"
2023-01-22 15:41:33.029 &amp#27;[32m INFO&amp#27;[m &amp#27;[35m[@503 - main]&amp#27;[m &amp#27;[36mcom.shaft.tools.io.ReportManager&amp#27;[m : Successfully created attachment "API Request - Body"
2023-01-22 15:41:33.031 &amp#27;[32m INFO&amp#27;[m &amp#27;[35m[@503 - main]&amp#27;[m &amp#27;[36mcom.shaft.tools.io.ReportManager&amp#27;[m : Successfully created attachment "API Response - JSON Body"
2023-01-22 15:41:33.056 &amp#27;[32m INFO&amp#27;[m &amp#27;[35m[@503 - main]&amp#27;[m &amp#27;[36mcom.shaft.tools.io.ReportManager&amp#27;[m : File Action "DoesFileExist" successfully performed. With the following test data "File Path: "SteeringCompanyAPI_TestData/SteeringCompanyAPI_TestData.xlsx"".
2023-01-22 15:41:33.128 &amp#27;[32m INFO&amp#27;[m &amp#27;[35m[@503 - main]&amp#27;[m &amp#27;[36mcom.shaft.tools.io.ReportManager&amp#27;[m : Successfully created attachment "Test Data - Excel"
2023-01-22 15:41:33.129 &amp#27;[32m INFO&amp#27;[m &amp#27;[35m[@503 - main]&amp#27;[m &amp#27;[36mcom.shaft.tools.io.ReportManager&amp#27;[m : File Action "DoesFileExist" successfully performed. With the following test data "File Path: "SteeringCompanyAPI_TestData/SteeringCompanyAPI_TestData.xlsx"".
2023-01-22 15:41:33.206 &amp#27;[32m INFO&amp#27;[m &amp#27;[35m[@503 - main]&amp#27;[m &amp#27;[36mcom.shaft.tools.io.ReportManager&amp#27;[m : Successfully created attachment "Test Data - Excel"
2023-01-22 15:41:33.206 &amp#27;[32m INFO&amp#27;[m &amp#27;[35m[@503 - main]&amp#27;[m &amp#27;[36mcom.shaft.tools.io.ReportManager&amp#27;[m : File Action "DoesFileExist" successfully performed. With the following test data "File Path: "SteeringCompanyAPI_TestData/SteeringCompanyAPI_TestData.xlsx"".
2023-01-22 15:41:33.291 &amp#27;[32m INFO&amp#27;[m &amp#27;[35m[@503 - main]&amp#27;[m &amp#27;[36mcom.shaft.tools.io.ReportManager&amp#27;[m : Successfully created attachment "Test Data - Excel"
2023-01-22 15:41:33.830 &amp#27;[32m INFO&amp#27;[m &amp#27;[35m[@503 - main]&amp#27;[m &amp#27;[36mcom.shaft.tools.io.ReportManager&amp#27;[m : Response status code: "422", status line: "HTTP/1.1 422 "
2023-01-22 15:41:33.879 &amp#27;[32m INFO&amp#27;[m &amp#27;[35m[@503 - main]&amp#27;[m &amp#27;[36mcom.shaft.tools.io.ReportManager&amp#27;[m : Successfully created attachment "API Request - Specifications"
2023-01-22 15:41:33.880 &amp#27;[32m INFO&amp#27;[m &amp#27;[35m[@503 - main]&amp#27;[m &amp#27;[36mcom.shaft.tools.io.ReportManager&amp#27;[m : Successfully created attachment "API Request - JSON Body"
2023-01-22 15:41:33.886 &amp#27;[32m INFO&amp#27;[m &amp#27;[35m[@503 - main]&amp#27;[m &amp#27;[36mcom.shaft.tools.io.ReportManager&amp#27;[m : Successfully created attachment "API Response - JSON Body"
2023-01-22 15:41:33.890 &amp#27;[32m INFO&amp#27;[m &amp#27;[35m[@503 - main]&amp#27;[m &amp#27;[36mcom.shaft.tools.io.ReportManager&amp#27;[m : File Action "DoesFileExist" successfully performed. With the following test data "File Path: "Schemas/ValidationError_schema.json"".
2023-01-22 15:41:33.893 &amp#27;[32m INFO&amp#27;[m &amp#27;[35m[@503 - main]&amp#27;[m &amp#27;[36mcom.shaft.tools.io.ReportManager&amp#27;[m : File Action "DoesFileExist" successfully performed. With the following test data "File Path: "src/test/resources/testDataFiles/Schemas/ValidationError_schema.json"".
2023-01-22 15:41:33.895 &amp#27;[32m INFO&amp#27;[m &amp#27;[35m[@503 - main]&amp#27;[m &amp#27;[36mcom.shaft.tools.io.ReportManager&amp#27;[m : File Action "GetAbsolutePath" successfully performed. With the following test data "Relative Folder Path: "src/test/resources/testDataFiles/Schemas/ValidationError_schema.json"".
2023-01-22 15:41:33.913 &amp#27;[32m INFO&amp#27;[m &amp#27;[35m[@503 - main]&amp#27;[m &amp#27;[36mcom.shaft.tools.io.ReportManager&amp#27;[m : File Action "DoesFileExist" successfully performed. With the following test data "File Path: "C:\eclipse-workspace\MyProjects\TASystemsAPIs\src\test\resources\testDataFiles\Schemas\ValidationError_schema.json"".
2023-01-22 15:41:33.913 &amp#27;[32m INFO&amp#27;[m &amp#27;[35m[@503 - main]&amp#27;[m &amp#27;[36mcom.shaft.tools.io.ReportManager&amp#27;[m : File Action "GetAbsolutePath" successfully performed. With the following test data "Relative Folder Path: "C:\eclipse-workspace\MyProjects\TASystemsAPIs\src\test\resources\testDataFiles\Schemas\ValidationError_schema.json"".
2023-01-22 15:41:33.914 &amp#27;[32m INFO&amp#27;[m &amp#27;[35m[@503 - main]&amp#27;[m &amp#27;[36mcom.shaft.tools.io.ReportManager&amp#27;[m : File Action "ReadFile" successfully performed. With the following test data "File Path: "C:\eclipse-workspace\MyProjects\TASystemsAPIs\src\test\resources\testDataFiles\Schemas\ValidationError_schema.json"".
2023-01-22 15:41:33.921 &amp#27;[32m INFO&amp#27;[m &amp#27;[35m[@503 - main]&amp#27;[m &amp#27;[36mcom.shaft.tools.io.ReportManager&amp#27;[m : Successfully created attachment "Validation Test Data - Expected JSON Value"
2023-01-22 15:41:33.923 &amp#27;[32m INFO&amp#27;[m &amp#27;[35m[@503 - main]&amp#27;[m &amp#27;[36mcom.shaft.tools.io.ReportManager&amp#27;[m : Successfully created attachment "Validation Test Data - Actual JSON Value"
2023-01-22 15:41:33.926 &amp#27;[32m INFO&amp#27;[m &amp#27;[35m[@503 - main]&amp#27;[m &amp#27;[36mcom.shaft.tools.io.ReportManager&amp#27;[m : Successfully created attachment "SHAFT Engine Logs - Current Method log: Add_Policy_With_InValid_data_TC"
]]></system-out>
  </testcase>
  <testcase name="Add_Policy_With_InValid_data_TC[[Ljava.lang.Object;@382b008d](11)" classname="SteeringCompanyAPI_TestCases.Test_Policies_Cases" time="1.759">
    <system-out><![CDATA[2023-01-22 15:41:33.937 &amp#27;[32m INFO&amp#27;[m &amp#27;[35m[@534 - main]&amp#27;[m &amp#27;[36mcom.shaft.tools.io.ReportManager&amp#27;[m : 
################################################################################################################################################
Starting Execution:	"19 out of 70" test cases in the current suite
Test Method:		"SteeringCompanyAPI_TestCases.Test_Policies_Cases.Add_Policy_With_InValid_data_TC"
Test Description:	"TC052 -Policy- Perform Add Policy with InValid data"
################################################################################################################################################
2023-01-22 15:41:33.940 &amp#27;[32m INFO&amp#27;[m &amp#27;[35m[@503 - main]&amp#27;[m &amp#27;[36mcom.shaft.tools.io.ReportManager&amp#27;[m : File Action "DoesFileExist" successfully performed. With the following test data "File Path: "SteeringCompanyAPI_TestData/SteeringCompanyAPI_TestData.xlsx"".
2023-01-22 15:41:34.042 &amp#27;[32m INFO&amp#27;[m &amp#27;[35m[@503 - main]&amp#27;[m &amp#27;[36mcom.shaft.tools.io.ReportManager&amp#27;[m : Successfully created attachment "Test Data - Excel"
2023-01-22 15:41:34.687 &amp#27;[32m INFO&amp#27;[m &amp#27;[35m[@503 - main]&amp#27;[m &amp#27;[36mcom.shaft.tools.io.ReportManager&amp#27;[m : Response status code: "200", status line: "HTTP/1.1 200 OK"
2023-01-22 15:41:34.739 &amp#27;[32m INFO&amp#27;[m &amp#27;[35m[@503 - main]&amp#27;[m &amp#27;[36mcom.shaft.tools.io.ReportManager&amp#27;[m : Successfully created attachment "API Request - Specifications"
2023-01-22 15:41:34.741 &amp#27;[32m INFO&amp#27;[m &amp#27;[35m[@503 - main]&amp#27;[m &amp#27;[36mcom.shaft.tools.io.ReportManager&amp#27;[m : Successfully created attachment "API Request - Body"
2023-01-22 15:41:34.746 &amp#27;[32m INFO&amp#27;[m &amp#27;[35m[@503 - main]&amp#27;[m &amp#27;[36mcom.shaft.tools.io.ReportManager&amp#27;[m : Successfully created attachment "API Response - JSON Body"
2023-01-22 15:41:34.787 &amp#27;[32m INFO&amp#27;[m &amp#27;[35m[@503 - main]&amp#27;[m &amp#27;[36mcom.shaft.tools.io.ReportManager&amp#27;[m : File Action "DoesFileExist" successfully performed. With the following test data "File Path: "SteeringCompanyAPI_TestData/SteeringCompanyAPI_TestData.xlsx"".
2023-01-22 15:41:34.886 &amp#27;[32m INFO&amp#27;[m &amp#27;[35m[@503 - main]&amp#27;[m &amp#27;[36mcom.shaft.tools.io.ReportManager&amp#27;[m : Successfully created attachment "Test Data - Excel"
2023-01-22 15:41:34.888 &amp#27;[32m INFO&amp#27;[m &amp#27;[35m[@503 - main]&amp#27;[m &amp#27;[36mcom.shaft.tools.io.ReportManager&amp#27;[m : File Action "DoesFileExist" successfully performed. With the following test data "File Path: "SteeringCompanyAPI_TestData/SteeringCompanyAPI_TestData.xlsx"".
2023-01-22 15:41:34.995 &amp#27;[32m INFO&amp#27;[m &amp#27;[35m[@503 - main]&amp#27;[m &amp#27;[36mcom.shaft.tools.io.ReportManager&amp#27;[m : Successfully created attachment "Test Data - Excel"
2023-01-22 15:41:34.997 &amp#27;[32m INFO&amp#27;[m &amp#27;[35m[@503 - main]&amp#27;[m &amp#27;[36mcom.shaft.tools.io.ReportManager&amp#27;[m : File Action "DoesFileExist" successfully performed. With the following test data "File Path: "SteeringCompanyAPI_TestData/SteeringCompanyAPI_TestData.xlsx"".
2023-01-22 15:41:35.124 &amp#27;[32m INFO&amp#27;[m &amp#27;[35m[@503 - main]&amp#27;[m &amp#27;[36mcom.shaft.tools.io.ReportManager&amp#27;[m : Successfully created attachment "Test Data - Excel"
2023-01-22 15:41:35.631 &amp#27;[32m INFO&amp#27;[m &amp#27;[35m[@503 - main]&amp#27;[m &amp#27;[36mcom.shaft.tools.io.ReportManager&amp#27;[m : Response status code: "422", status line: "HTTP/1.1 422 "
2023-01-22 15:41:35.661 &amp#27;[32m INFO&amp#27;[m &amp#27;[35m[@503 - main]&amp#27;[m &amp#27;[36mcom.shaft.tools.io.ReportManager&amp#27;[m : Successfully created attachment "API Request - Specifications"
2023-01-22 15:41:35.663 &amp#27;[32m INFO&amp#27;[m &amp#27;[35m[@503 - main]&amp#27;[m &amp#27;[36mcom.shaft.tools.io.ReportManager&amp#27;[m : Successfully created attachment "API Request - JSON Body"
2023-01-22 15:41:35.664 &amp#27;[32m INFO&amp#27;[m &amp#27;[35m[@503 - main]&amp#27;[m &amp#27;[36mcom.shaft.tools.io.ReportManager&amp#27;[m : Successfully created attachment "API Response - JSON Body"
2023-01-22 15:41:35.668 &amp#27;[32m INFO&amp#27;[m &amp#27;[35m[@503 - main]&amp#27;[m &amp#27;[36mcom.shaft.tools.io.ReportManager&amp#27;[m : File Action "DoesFileExist" successfully performed. With the following test data "File Path: "Schemas/ValidationError_schema.json"".
2023-01-22 15:41:35.668 &amp#27;[32m INFO&amp#27;[m &amp#27;[35m[@503 - main]&amp#27;[m &amp#27;[36mcom.shaft.tools.io.ReportManager&amp#27;[m : File Action "DoesFileExist" successfully performed. With the following test data "File Path: "src/test/resources/testDataFiles/Schemas/ValidationError_schema.json"".
2023-01-22 15:41:35.668 &amp#27;[32m INFO&amp#27;[m &amp#27;[35m[@503 - main]&amp#27;[m &amp#27;[36mcom.shaft.tools.io.ReportManager&amp#27;[m : File Action "GetAbsolutePath" successfully performed. With the following test data "Relative Folder Path: "src/test/resources/testDataFiles/Schemas/ValidationError_schema.json"".
2023-01-22 15:41:35.678 &amp#27;[32m INFO&amp#27;[m &amp#27;[35m[@503 - main]&amp#27;[m &amp#27;[36mcom.shaft.tools.io.ReportManager&amp#27;[m : File Action "DoesFileExist" successfully performed. With the following test data "File Path: "C:\eclipse-workspace\MyProjects\TASystemsAPIs\src\test\resources\testDataFiles\Schemas\ValidationError_schema.json"".
2023-01-22 15:41:35.679 &amp#27;[32m INFO&amp#27;[m &amp#27;[35m[@503 - main]&amp#27;[m &amp#27;[36mcom.shaft.tools.io.ReportManager&amp#27;[m : File Action "GetAbsolutePath" successfully performed. With the following test data "Relative Folder Path: "C:\eclipse-workspace\MyProjects\TASystemsAPIs\src\test\resources\testDataFiles\Schemas\ValidationError_schema.json"".
2023-01-22 15:41:35.680 &amp#27;[32m INFO&amp#27;[m &amp#27;[35m[@503 - main]&amp#27;[m &amp#27;[36mcom.shaft.tools.io.ReportManager&amp#27;[m : File Action "ReadFile" successfully performed. With the following test data "File Path: "C:\eclipse-workspace\MyProjects\TASystemsAPIs\src\test\resources\testDataFiles\Schemas\ValidationError_schema.json"".
2023-01-22 15:41:35.683 &amp#27;[32m INFO&amp#27;[m &amp#27;[35m[@503 - main]&amp#27;[m &amp#27;[36mcom.shaft.tools.io.ReportManager&amp#27;[m : Successfully created attachment "Validation Test Data - Expected JSON Value"
2023-01-22 15:41:35.685 &amp#27;[32m INFO&amp#27;[m &amp#27;[35m[@503 - main]&amp#27;[m &amp#27;[36mcom.shaft.tools.io.ReportManager&amp#27;[m : Successfully created attachment "Validation Test Data - Actual JSON Value"
2023-01-22 15:41:35.687 &amp#27;[32m INFO&amp#27;[m &amp#27;[35m[@503 - main]&amp#27;[m &amp#27;[36mcom.shaft.tools.io.ReportManager&amp#27;[m : Successfully created attachment "SHAFT Engine Logs - Current Method log: Add_Policy_With_InValid_data_TC"
]]></system-out>
  </testcase>
  <testcase name="Add_Policy_With_InValid_data_TC[[Ljava.lang.Object;@12b4cf0b](12)" classname="SteeringCompanyAPI_TestCases.Test_Policies_Cases" time="1.51">
    <system-out><![CDATA[2023-01-22 15:41:35.691 &amp#27;[32m INFO&amp#27;[m &amp#27;[35m[@534 - main]&amp#27;[m &amp#27;[36mcom.shaft.tools.io.ReportManager&amp#27;[m : 
################################################################################################################################################
Starting Execution:	"20 out of 70" test cases in the current suite
Test Method:		"SteeringCompanyAPI_TestCases.Test_Policies_Cases.Add_Policy_With_InValid_data_TC"
Test Description:	"TC052 -Policy- Perform Add Policy with InValid data"
################################################################################################################################################
2023-01-22 15:41:35.692 &amp#27;[32m INFO&amp#27;[m &amp#27;[35m[@503 - main]&amp#27;[m &amp#27;[36mcom.shaft.tools.io.ReportManager&amp#27;[m : File Action "DoesFileExist" successfully performed. With the following test data "File Path: "SteeringCompanyAPI_TestData/SteeringCompanyAPI_TestData.xlsx"".
2023-01-22 15:41:35.759 &amp#27;[32m INFO&amp#27;[m &amp#27;[35m[@503 - main]&amp#27;[m &amp#27;[36mcom.shaft.tools.io.ReportManager&amp#27;[m : Successfully created attachment "Test Data - Excel"
2023-01-22 15:41:36.350 &amp#27;[32m INFO&amp#27;[m &amp#27;[35m[@503 - main]&amp#27;[m &amp#27;[36mcom.shaft.tools.io.ReportManager&amp#27;[m : Response status code: "200", status line: "HTTP/1.1 200 OK"
2023-01-22 15:41:36.379 &amp#27;[32m INFO&amp#27;[m &amp#27;[35m[@503 - main]&amp#27;[m &amp#27;[36mcom.shaft.tools.io.ReportManager&amp#27;[m : Successfully created attachment "API Request - Specifications"
2023-01-22 15:41:36.381 &amp#27;[32m INFO&amp#27;[m &amp#27;[35m[@503 - main]&amp#27;[m &amp#27;[36mcom.shaft.tools.io.ReportManager&amp#27;[m : Successfully created attachment "API Request - Body"
2023-01-22 15:41:36.383 &amp#27;[32m INFO&amp#27;[m &amp#27;[35m[@503 - main]&amp#27;[m &amp#27;[36mcom.shaft.tools.io.ReportManager&amp#27;[m : Successfully created attachment "API Response - JSON Body"
2023-01-22 15:41:36.413 &amp#27;[32m INFO&amp#27;[m &amp#27;[35m[@503 - main]&amp#27;[m &amp#27;[36mcom.shaft.tools.io.ReportManager&amp#27;[m : File Action "DoesFileExist" successfully performed. With the following test data "File Path: "SteeringCompanyAPI_TestData/SteeringCompanyAPI_TestData.xlsx"".
2023-01-22 15:41:36.478 &amp#27;[32m INFO&amp#27;[m &amp#27;[35m[@503 - main]&amp#27;[m &amp#27;[36mcom.shaft.tools.io.ReportManager&amp#27;[m : Successfully created attachment "Test Data - Excel"
2023-01-22 15:41:36.479 &amp#27;[32m INFO&amp#27;[m &amp#27;[35m[@503 - main]&amp#27;[m &amp#27;[36mcom.shaft.tools.io.ReportManager&amp#27;[m : File Action "DoesFileExist" successfully performed. With the following test data "File Path: "SteeringCompanyAPI_TestData/SteeringCompanyAPI_TestData.xlsx"".
2023-01-22 15:41:36.554 &amp#27;[32m INFO&amp#27;[m &amp#27;[35m[@503 - main]&amp#27;[m &amp#27;[36mcom.shaft.tools.io.ReportManager&amp#27;[m : Successfully created attachment "Test Data - Excel"
2023-01-22 15:41:36.555 &amp#27;[32m INFO&amp#27;[m &amp#27;[35m[@503 - main]&amp#27;[m &amp#27;[36mcom.shaft.tools.io.ReportManager&amp#27;[m : File Action "DoesFileExist" successfully performed. With the following test data "File Path: "SteeringCompanyAPI_TestData/SteeringCompanyAPI_TestData.xlsx"".
2023-01-22 15:41:36.646 &amp#27;[32m INFO&amp#27;[m &amp#27;[35m[@503 - main]&amp#27;[m &amp#27;[36mcom.shaft.tools.io.ReportManager&amp#27;[m : Successfully created attachment "Test Data - Excel"
2023-01-22 15:41:37.138 &amp#27;[32m INFO&amp#27;[m &amp#27;[35m[@503 - main]&amp#27;[m &amp#27;[36mcom.shaft.tools.io.ReportManager&amp#27;[m : Response status code: "422", status line: "HTTP/1.1 422 "
2023-01-22 15:41:37.173 &amp#27;[32m INFO&amp#27;[m &amp#27;[35m[@503 - main]&amp#27;[m &amp#27;[36mcom.shaft.tools.io.ReportManager&amp#27;[m : Successfully created attachment "API Request - Specifications"
2023-01-22 15:41:37.176 &amp#27;[32m INFO&amp#27;[m &amp#27;[35m[@503 - main]&amp#27;[m &amp#27;[36mcom.shaft.tools.io.ReportManager&amp#27;[m : Successfully created attachment "API Request - JSON Body"
2023-01-22 15:41:37.179 &amp#27;[32m INFO&amp#27;[m &amp#27;[35m[@503 - main]&amp#27;[m &amp#27;[36mcom.shaft.tools.io.ReportManager&amp#27;[m : Successfully created attachment "API Response - JSON Body"
2023-01-22 15:41:37.183 &amp#27;[32m INFO&amp#27;[m &amp#27;[35m[@503 - main]&amp#27;[m &amp#27;[36mcom.shaft.tools.io.ReportManager&amp#27;[m : File Action "DoesFileExist" successfully performed. With the following test data "File Path: "Schemas/ValidationError_schema.json"".
2023-01-22 15:41:37.183 &amp#27;[32m INFO&amp#27;[m &amp#27;[35m[@503 - main]&amp#27;[m &amp#27;[36mcom.shaft.tools.io.ReportManager&amp#27;[m : File Action "DoesFileExist" successfully performed. With the following test data "File Path: "src/test/resources/testDataFiles/Schemas/ValidationError_schema.json"".
2023-01-22 15:41:37.183 &amp#27;[32m INFO&amp#27;[m &amp#27;[35m[@503 - main]&amp#27;[m &amp#27;[36mcom.shaft.tools.io.ReportManager&amp#27;[m : File Action "GetAbsolutePath" successfully performed. With the following test data "Relative Folder Path: "src/test/resources/testDataFiles/Schemas/ValidationError_schema.json"".
2023-01-22 15:41:37.186 &amp#27;[32m INFO&amp#27;[m &amp#27;[35m[@503 - main]&amp#27;[m &amp#27;[36mcom.shaft.tools.io.ReportManager&amp#27;[m : File Action "DoesFileExist" successfully performed. With the following test data "File Path: "C:\eclipse-workspace\MyProjects\TASystemsAPIs\src\test\resources\testDataFiles\Schemas\ValidationError_schema.json"".
2023-01-22 15:41:37.187 &amp#27;[32m INFO&amp#27;[m &amp#27;[35m[@503 - main]&amp#27;[m &amp#27;[36mcom.shaft.tools.io.ReportManager&amp#27;[m : File Action "GetAbsolutePath" successfully performed. With the following test data "Relative Folder Path: "C:\eclipse-workspace\MyProjects\TASystemsAPIs\src\test\resources\testDataFiles\Schemas\ValidationError_schema.json"".
2023-01-22 15:41:37.187 &amp#27;[32m INFO&amp#27;[m &amp#27;[35m[@503 - main]&amp#27;[m &amp#27;[36mcom.shaft.tools.io.ReportManager&amp#27;[m : File Action "ReadFile" successfully performed. With the following test data "File Path: "C:\eclipse-workspace\MyProjects\TASystemsAPIs\src\test\resources\testDataFiles\Schemas\ValidationError_schema.json"".
2023-01-22 15:41:37.192 &amp#27;[32m INFO&amp#27;[m &amp#27;[35m[@503 - main]&amp#27;[m &amp#27;[36mcom.shaft.tools.io.ReportManager&amp#27;[m : Successfully created attachment "Validation Test Data - Expected JSON Value"
2023-01-22 15:41:37.194 &amp#27;[32m INFO&amp#27;[m &amp#27;[35m[@503 - main]&amp#27;[m &amp#27;[36mcom.shaft.tools.io.ReportManager&amp#27;[m : Successfully created attachment "Validation Test Data - Actual JSON Value"
2023-01-22 15:41:37.196 &amp#27;[32m INFO&amp#27;[m &amp#27;[35m[@503 - main]&amp#27;[m &amp#27;[36mcom.shaft.tools.io.ReportManager&amp#27;[m : Successfully created attachment "SHAFT Engine Logs - Current Method log: Add_Policy_With_InValid_data_TC"
]]></system-out>
  </testcase>
  <testcase name="Add_Policy_With_InValid_data_TC[[Ljava.lang.Object;@67ee19ad](13)" classname="SteeringCompanyAPI_TestCases.Test_Policies_Cases" time="1.668">
    <system-out><![CDATA[2023-01-22 15:41:37.202 &amp#27;[32m INFO&amp#27;[m &amp#27;[35m[@534 - main]&amp#27;[m &amp#27;[36mcom.shaft.tools.io.ReportManager&amp#27;[m : 
################################################################################################################################################
Starting Execution:	"21 out of 70" test cases in the current suite
Test Method:		"SteeringCompanyAPI_TestCases.Test_Policies_Cases.Add_Policy_With_InValid_data_TC"
Test Description:	"TC052 -Policy- Perform Add Policy with InValid data"
################################################################################################################################################
2023-01-22 15:41:37.203 &amp#27;[32m INFO&amp#27;[m &amp#27;[35m[@503 - main]&amp#27;[m &amp#27;[36mcom.shaft.tools.io.ReportManager&amp#27;[m : File Action "DoesFileExist" successfully performed. With the following test data "File Path: "SteeringCompanyAPI_TestData/SteeringCompanyAPI_TestData.xlsx"".
2023-01-22 15:41:37.286 &amp#27;[32m INFO&amp#27;[m &amp#27;[35m[@503 - main]&amp#27;[m &amp#27;[36mcom.shaft.tools.io.ReportManager&amp#27;[m : Successfully created attachment "Test Data - Excel"
2023-01-22 15:41:37.979 &amp#27;[32m INFO&amp#27;[m &amp#27;[35m[@503 - main]&amp#27;[m &amp#27;[36mcom.shaft.tools.io.ReportManager&amp#27;[m : Response status code: "200", status line: "HTTP/1.1 200 OK"
2023-01-22 15:41:38.017 &amp#27;[32m INFO&amp#27;[m &amp#27;[35m[@503 - main]&amp#27;[m &amp#27;[36mcom.shaft.tools.io.ReportManager&amp#27;[m : Successfully created attachment "API Request - Specifications"
2023-01-22 15:41:38.019 &amp#27;[32m INFO&amp#27;[m &amp#27;[35m[@503 - main]&amp#27;[m &amp#27;[36mcom.shaft.tools.io.ReportManager&amp#27;[m : Successfully created attachment "API Request - Body"
2023-01-22 15:41:38.021 &amp#27;[32m INFO&amp#27;[m &amp#27;[35m[@503 - main]&amp#27;[m &amp#27;[36mcom.shaft.tools.io.ReportManager&amp#27;[m : Successfully created attachment "API Response - JSON Body"
2023-01-22 15:41:38.045 &amp#27;[32m INFO&amp#27;[m &amp#27;[35m[@503 - main]&amp#27;[m &amp#27;[36mcom.shaft.tools.io.ReportManager&amp#27;[m : File Action "DoesFileExist" successfully performed. With the following test data "File Path: "SteeringCompanyAPI_TestData/SteeringCompanyAPI_TestData.xlsx"".
2023-01-22 15:41:38.117 &amp#27;[32m INFO&amp#27;[m &amp#27;[35m[@503 - main]&amp#27;[m &amp#27;[36mcom.shaft.tools.io.ReportManager&amp#27;[m : Successfully created attachment "Test Data - Excel"
2023-01-22 15:41:38.118 &amp#27;[32m INFO&amp#27;[m &amp#27;[35m[@503 - main]&amp#27;[m &amp#27;[36mcom.shaft.tools.io.ReportManager&amp#27;[m : File Action "DoesFileExist" successfully performed. With the following test data "File Path: "SteeringCompanyAPI_TestData/SteeringCompanyAPI_TestData.xlsx"".
2023-01-22 15:41:38.194 &amp#27;[32m INFO&amp#27;[m &amp#27;[35m[@503 - main]&amp#27;[m &amp#27;[36mcom.shaft.tools.io.ReportManager&amp#27;[m : Successfully created attachment "Test Data - Excel"
2023-01-22 15:41:38.195 &amp#27;[32m INFO&amp#27;[m &amp#27;[35m[@503 - main]&amp#27;[m &amp#27;[36mcom.shaft.tools.io.ReportManager&amp#27;[m : File Action "DoesFileExist" successfully performed. With the following test data "File Path: "SteeringCompanyAPI_TestData/SteeringCompanyAPI_TestData.xlsx"".
2023-01-22 15:41:38.272 &amp#27;[32m INFO&amp#27;[m &amp#27;[35m[@503 - main]&amp#27;[m &amp#27;[36mcom.shaft.tools.io.ReportManager&amp#27;[m : Successfully created attachment "Test Data - Excel"
2023-01-22 15:41:38.803 &amp#27;[32m INFO&amp#27;[m &amp#27;[35m[@503 - main]&amp#27;[m &amp#27;[36mcom.shaft.tools.io.ReportManager&amp#27;[m : Response status code: "422", status line: "HTTP/1.1 422 "
2023-01-22 15:41:38.833 &amp#27;[32m INFO&amp#27;[m &amp#27;[35m[@503 - main]&amp#27;[m &amp#27;[36mcom.shaft.tools.io.ReportManager&amp#27;[m : Successfully created attachment "API Request - Specifications"
2023-01-22 15:41:38.836 &amp#27;[32m INFO&amp#27;[m &amp#27;[35m[@503 - main]&amp#27;[m &amp#27;[36mcom.shaft.tools.io.ReportManager&amp#27;[m : Successfully created attachment "API Request - JSON Body"
2023-01-22 15:41:38.838 &amp#27;[32m INFO&amp#27;[m &amp#27;[35m[@503 - main]&amp#27;[m &amp#27;[36mcom.shaft.tools.io.ReportManager&amp#27;[m : Successfully created attachment "API Response - JSON Body"
2023-01-22 15:41:38.844 &amp#27;[32m INFO&amp#27;[m &amp#27;[35m[@503 - main]&amp#27;[m &amp#27;[36mcom.shaft.tools.io.ReportManager&amp#27;[m : File Action "DoesFileExist" successfully performed. With the following test data "File Path: "Schemas/ValidationError_schema.json"".
2023-01-22 15:41:38.845 &amp#27;[32m INFO&amp#27;[m &amp#27;[35m[@503 - main]&amp#27;[m &amp#27;[36mcom.shaft.tools.io.ReportManager&amp#27;[m : File Action "DoesFileExist" successfully performed. With the following test data "File Path: "src/test/resources/testDataFiles/Schemas/ValidationError_schema.json"".
2023-01-22 15:41:38.846 &amp#27;[32m INFO&amp#27;[m &amp#27;[35m[@503 - main]&amp#27;[m &amp#27;[36mcom.shaft.tools.io.ReportManager&amp#27;[m : File Action "GetAbsolutePath" successfully performed. With the following test data "Relative Folder Path: "src/test/resources/testDataFiles/Schemas/ValidationError_schema.json"".
2023-01-22 15:41:38.856 &amp#27;[32m INFO&amp#27;[m &amp#27;[35m[@503 - main]&amp#27;[m &amp#27;[36mcom.shaft.tools.io.ReportManager&amp#27;[m : File Action "DoesFileExist" successfully performed. With the following test data "File Path: "C:\eclipse-workspace\MyProjects\TASystemsAPIs\src\test\resources\testDataFiles\Schemas\ValidationError_schema.json"".
2023-01-22 15:41:38.856 &amp#27;[32m INFO&amp#27;[m &amp#27;[35m[@503 - main]&amp#27;[m &amp#27;[36mcom.shaft.tools.io.ReportManager&amp#27;[m : File Action "GetAbsolutePath" successfully performed. With the following test data "Relative Folder Path: "C:\eclipse-workspace\MyProjects\TASystemsAPIs\src\test\resources\testDataFiles\Schemas\ValidationError_schema.json"".
2023-01-22 15:41:38.856 &amp#27;[32m INFO&amp#27;[m &amp#27;[35m[@503 - main]&amp#27;[m &amp#27;[36mcom.shaft.tools.io.ReportManager&amp#27;[m : File Action "ReadFile" successfully performed. With the following test data "File Path: "C:\eclipse-workspace\MyProjects\TASystemsAPIs\src\test\resources\testDataFiles\Schemas\ValidationError_schema.json"".
2023-01-22 15:41:38.861 &amp#27;[32m INFO&amp#27;[m &amp#27;[35m[@503 - main]&amp#27;[m &amp#27;[36mcom.shaft.tools.io.ReportManager&amp#27;[m : Successfully created attachment "Validation Test Data - Expected JSON Value"
2023-01-22 15:41:38.863 &amp#27;[32m INFO&amp#27;[m &amp#27;[35m[@503 - main]&amp#27;[m &amp#27;[36mcom.shaft.tools.io.ReportManager&amp#27;[m : Successfully created attachment "Validation Test Data - Actual JSON Value"
2023-01-22 15:41:38.865 &amp#27;[32m INFO&amp#27;[m &amp#27;[35m[@503 - main]&amp#27;[m &amp#27;[36mcom.shaft.tools.io.ReportManager&amp#27;[m : Successfully created attachment "SHAFT Engine Logs - Current Method log: Add_Policy_With_InValid_data_TC"
]]></system-out>
  </testcase>
  <testcase name="Add_Policy_With_InValid_data_TC[[Ljava.lang.Object;@4ad177f3](14)" classname="SteeringCompanyAPI_TestCases.Test_Policies_Cases" time="1.513">
    <system-out><![CDATA[2023-01-22 15:41:38.873 &amp#27;[32m INFO&amp#27;[m &amp#27;[35m[@534 - main]&amp#27;[m &amp#27;[36mcom.shaft.tools.io.ReportManager&amp#27;[m : 
################################################################################################################################################
Starting Execution:	"22 out of 70" test cases in the current suite
Test Method:		"SteeringCompanyAPI_TestCases.Test_Policies_Cases.Add_Policy_With_InValid_data_TC"
Test Description:	"TC052 -Policy- Perform Add Policy with InValid data"
################################################################################################################################################
2023-01-22 15:41:38.874 &amp#27;[32m INFO&amp#27;[m &amp#27;[35m[@503 - main]&amp#27;[m &amp#27;[36mcom.shaft.tools.io.ReportManager&amp#27;[m : File Action "DoesFileExist" successfully performed. With the following test data "File Path: "SteeringCompanyAPI_TestData/SteeringCompanyAPI_TestData.xlsx"".
2023-01-22 15:41:38.945 &amp#27;[32m INFO&amp#27;[m &amp#27;[35m[@503 - main]&amp#27;[m &amp#27;[36mcom.shaft.tools.io.ReportManager&amp#27;[m : Successfully created attachment "Test Data - Excel"
2023-01-22 15:41:39.544 &amp#27;[32m INFO&amp#27;[m &amp#27;[35m[@503 - main]&amp#27;[m &amp#27;[36mcom.shaft.tools.io.ReportManager&amp#27;[m : Response status code: "200", status line: "HTTP/1.1 200 OK"
2023-01-22 15:41:39.569 &amp#27;[32m INFO&amp#27;[m &amp#27;[35m[@503 - main]&amp#27;[m &amp#27;[36mcom.shaft.tools.io.ReportManager&amp#27;[m : Successfully created attachment "API Request - Specifications"
2023-01-22 15:41:39.571 &amp#27;[32m INFO&amp#27;[m &amp#27;[35m[@503 - main]&amp#27;[m &amp#27;[36mcom.shaft.tools.io.ReportManager&amp#27;[m : Successfully created attachment "API Request - Body"
2023-01-22 15:41:39.574 &amp#27;[32m INFO&amp#27;[m &amp#27;[35m[@503 - main]&amp#27;[m &amp#27;[36mcom.shaft.tools.io.ReportManager&amp#27;[m : Successfully created attachment "API Response - JSON Body"
2023-01-22 15:41:39.596 &amp#27;[32m INFO&amp#27;[m &amp#27;[35m[@503 - main]&amp#27;[m &amp#27;[36mcom.shaft.tools.io.ReportManager&amp#27;[m : File Action "DoesFileExist" successfully performed. With the following test data "File Path: "SteeringCompanyAPI_TestData/SteeringCompanyAPI_TestData.xlsx"".
2023-01-22 15:41:39.674 &amp#27;[32m INFO&amp#27;[m &amp#27;[35m[@503 - main]&amp#27;[m &amp#27;[36mcom.shaft.tools.io.ReportManager&amp#27;[m : Successfully created attachment "Test Data - Excel"
2023-01-22 15:41:39.675 &amp#27;[32m INFO&amp#27;[m &amp#27;[35m[@503 - main]&amp#27;[m &amp#27;[36mcom.shaft.tools.io.ReportManager&amp#27;[m : File Action "DoesFileExist" successfully performed. With the following test data "File Path: "SteeringCompanyAPI_TestData/SteeringCompanyAPI_TestData.xlsx"".
2023-01-22 15:41:39.764 &amp#27;[32m INFO&amp#27;[m &amp#27;[35m[@503 - main]&amp#27;[m &amp#27;[36mcom.shaft.tools.io.ReportManager&amp#27;[m : Successfully created attachment "Test Data - Excel"
2023-01-22 15:41:39.765 &amp#27;[32m INFO&amp#27;[m &amp#27;[35m[@503 - main]&amp#27;[m &amp#27;[36mcom.shaft.tools.io.ReportManager&amp#27;[m : File Action "DoesFileExist" successfully performed. With the following test data "File Path: "SteeringCompanyAPI_TestData/SteeringCompanyAPI_TestData.xlsx"".
2023-01-22 15:41:39.848 &amp#27;[32m INFO&amp#27;[m &amp#27;[35m[@503 - main]&amp#27;[m &amp#27;[36mcom.shaft.tools.io.ReportManager&amp#27;[m : Successfully created attachment "Test Data - Excel"
2023-01-22 15:41:40.319 &amp#27;[32m INFO&amp#27;[m &amp#27;[35m[@503 - main]&amp#27;[m &amp#27;[36mcom.shaft.tools.io.ReportManager&amp#27;[m : Response status code: "422", status line: "HTTP/1.1 422 "
2023-01-22 15:41:40.345 &amp#27;[32m INFO&amp#27;[m &amp#27;[35m[@503 - main]&amp#27;[m &amp#27;[36mcom.shaft.tools.io.ReportManager&amp#27;[m : Successfully created attachment "API Request - Specifications"
2023-01-22 15:41:40.347 &amp#27;[32m INFO&amp#27;[m &amp#27;[35m[@503 - main]&amp#27;[m &amp#27;[36mcom.shaft.tools.io.ReportManager&amp#27;[m : Successfully created attachment "API Request - JSON Body"
2023-01-22 15:41:40.351 &amp#27;[32m INFO&amp#27;[m &amp#27;[35m[@503 - main]&amp#27;[m &amp#27;[36mcom.shaft.tools.io.ReportManager&amp#27;[m : Successfully created attachment "API Response - JSON Body"
2023-01-22 15:41:40.354 &amp#27;[32m INFO&amp#27;[m &amp#27;[35m[@503 - main]&amp#27;[m &amp#27;[36mcom.shaft.tools.io.ReportManager&amp#27;[m : File Action "DoesFileExist" successfully performed. With the following test data "File Path: "Schemas/ValidationError_schema.json"".
2023-01-22 15:41:40.355 &amp#27;[32m INFO&amp#27;[m &amp#27;[35m[@503 - main]&amp#27;[m &amp#27;[36mcom.shaft.tools.io.ReportManager&amp#27;[m : File Action "DoesFileExist" successfully performed. With the following test data "File Path: "src/test/resources/testDataFiles/Schemas/ValidationError_schema.json"".
2023-01-22 15:41:40.355 &amp#27;[32m INFO&amp#27;[m &amp#27;[35m[@503 - main]&amp#27;[m &amp#27;[36mcom.shaft.tools.io.ReportManager&amp#27;[m : File Action "GetAbsolutePath" successfully performed. With the following test data "Relative Folder Path: "src/test/resources/testDataFiles/Schemas/ValidationError_schema.json"".
2023-01-22 15:41:40.368 &amp#27;[32m INFO&amp#27;[m &amp#27;[35m[@503 - main]&amp#27;[m &amp#27;[36mcom.shaft.tools.io.ReportManager&amp#27;[m : File Action "DoesFileExist" successfully performed. With the following test data "File Path: "C:\eclipse-workspace\MyProjects\TASystemsAPIs\src\test\resources\testDataFiles\Schemas\ValidationError_schema.json"".
2023-01-22 15:41:40.368 &amp#27;[32m INFO&amp#27;[m &amp#27;[35m[@503 - main]&amp#27;[m &amp#27;[36mcom.shaft.tools.io.ReportManager&amp#27;[m : File Action "GetAbsolutePath" successfully performed. With the following test data "Relative Folder Path: "C:\eclipse-workspace\MyProjects\TASystemsAPIs\src\test\resources\testDataFiles\Schemas\ValidationError_schema.json"".
2023-01-22 15:41:40.369 &amp#27;[32m INFO&amp#27;[m &amp#27;[35m[@503 - main]&amp#27;[m &amp#27;[36mcom.shaft.tools.io.ReportManager&amp#27;[m : File Action "ReadFile" successfully performed. With the following test data "File Path: "C:\eclipse-workspace\MyProjects\TASystemsAPIs\src\test\resources\testDataFiles\Schemas\ValidationError_schema.json"".
2023-01-22 15:41:40.374 &amp#27;[32m INFO&amp#27;[m &amp#27;[35m[@503 - main]&amp#27;[m &amp#27;[36mcom.shaft.tools.io.ReportManager&amp#27;[m : Successfully created attachment "Validation Test Data - Expected JSON Value"
2023-01-22 15:41:40.377 &amp#27;[32m INFO&amp#27;[m &amp#27;[35m[@503 - main]&amp#27;[m &amp#27;[36mcom.shaft.tools.io.ReportManager&amp#27;[m : Successfully created attachment "Validation Test Data - Actual JSON Value"
2023-01-22 15:41:40.378 &amp#27;[32m INFO&amp#27;[m &amp#27;[35m[@503 - main]&amp#27;[m &amp#27;[36mcom.shaft.tools.io.ReportManager&amp#27;[m : Successfully created attachment "SHAFT Engine Logs - Current Method log: Add_Policy_With_InValid_data_TC"
]]></system-out>
  </testcase>
  <testcase name="Add_Policy_With_InValid_data_TC[[Ljava.lang.Object;@422f7c73](15)" classname="SteeringCompanyAPI_TestCases.Test_Policies_Cases" time="1.586">
    <system-out><![CDATA[2023-01-22 15:41:40.384 &amp#27;[32m INFO&amp#27;[m &amp#27;[35m[@534 - main]&amp#27;[m &amp#27;[36mcom.shaft.tools.io.ReportManager&amp#27;[m : 
################################################################################################################################################
Starting Execution:	"23 out of 70" test cases in the current suite
Test Method:		"SteeringCompanyAPI_TestCases.Test_Policies_Cases.Add_Policy_With_InValid_data_TC"
Test Description:	"TC052 -Policy- Perform Add Policy with InValid data"
################################################################################################################################################
2023-01-22 15:41:40.385 &amp#27;[32m INFO&amp#27;[m &amp#27;[35m[@503 - main]&amp#27;[m &amp#27;[36mcom.shaft.tools.io.ReportManager&amp#27;[m : File Action "DoesFileExist" successfully performed. With the following test data "File Path: "SteeringCompanyAPI_TestData/SteeringCompanyAPI_TestData.xlsx"".
2023-01-22 15:41:40.465 &amp#27;[32m INFO&amp#27;[m &amp#27;[35m[@503 - main]&amp#27;[m &amp#27;[36mcom.shaft.tools.io.ReportManager&amp#27;[m : Successfully created attachment "Test Data - Excel"
2023-01-22 15:41:41.107 &amp#27;[32m INFO&amp#27;[m &amp#27;[35m[@503 - main]&amp#27;[m &amp#27;[36mcom.shaft.tools.io.ReportManager&amp#27;[m : Response status code: "200", status line: "HTTP/1.1 200 OK"
2023-01-22 15:41:41.137 &amp#27;[32m INFO&amp#27;[m &amp#27;[35m[@503 - main]&amp#27;[m &amp#27;[36mcom.shaft.tools.io.ReportManager&amp#27;[m : Successfully created attachment "API Request - Specifications"
2023-01-22 15:41:41.140 &amp#27;[32m INFO&amp#27;[m &amp#27;[35m[@503 - main]&amp#27;[m &amp#27;[36mcom.shaft.tools.io.ReportManager&amp#27;[m : Successfully created attachment "API Request - Body"
2023-01-22 15:41:41.141 &amp#27;[32m INFO&amp#27;[m &amp#27;[35m[@503 - main]&amp#27;[m &amp#27;[36mcom.shaft.tools.io.ReportManager&amp#27;[m : Successfully created attachment "API Response - JSON Body"
2023-01-22 15:41:41.166 &amp#27;[32m INFO&amp#27;[m &amp#27;[35m[@503 - main]&amp#27;[m &amp#27;[36mcom.shaft.tools.io.ReportManager&amp#27;[m : File Action "DoesFileExist" successfully performed. With the following test data "File Path: "SteeringCompanyAPI_TestData/SteeringCompanyAPI_TestData.xlsx"".
2023-01-22 15:41:41.248 &amp#27;[32m INFO&amp#27;[m &amp#27;[35m[@503 - main]&amp#27;[m &amp#27;[36mcom.shaft.tools.io.ReportManager&amp#27;[m : Successfully created attachment "Test Data - Excel"
2023-01-22 15:41:41.249 &amp#27;[32m INFO&amp#27;[m &amp#27;[35m[@503 - main]&amp#27;[m &amp#27;[36mcom.shaft.tools.io.ReportManager&amp#27;[m : File Action "DoesFileExist" successfully performed. With the following test data "File Path: "SteeringCompanyAPI_TestData/SteeringCompanyAPI_TestData.xlsx"".
2023-01-22 15:41:41.331 &amp#27;[32m INFO&amp#27;[m &amp#27;[35m[@503 - main]&amp#27;[m &amp#27;[36mcom.shaft.tools.io.ReportManager&amp#27;[m : Successfully created attachment "Test Data - Excel"
2023-01-22 15:41:41.332 &amp#27;[32m INFO&amp#27;[m &amp#27;[35m[@503 - main]&amp#27;[m &amp#27;[36mcom.shaft.tools.io.ReportManager&amp#27;[m : File Action "DoesFileExist" successfully performed. With the following test data "File Path: "SteeringCompanyAPI_TestData/SteeringCompanyAPI_TestData.xlsx"".
2023-01-22 15:41:41.426 &amp#27;[32m INFO&amp#27;[m &amp#27;[35m[@503 - main]&amp#27;[m &amp#27;[36mcom.shaft.tools.io.ReportManager&amp#27;[m : Successfully created attachment "Test Data - Excel"
2023-01-22 15:41:41.915 &amp#27;[32m INFO&amp#27;[m &amp#27;[35m[@503 - main]&amp#27;[m &amp#27;[36mcom.shaft.tools.io.ReportManager&amp#27;[m : Response status code: "422", status line: "HTTP/1.1 422 "
2023-01-22 15:41:41.944 &amp#27;[32m INFO&amp#27;[m &amp#27;[35m[@503 - main]&amp#27;[m &amp#27;[36mcom.shaft.tools.io.ReportManager&amp#27;[m : Successfully created attachment "API Request - Specifications"
2023-01-22 15:41:41.946 &amp#27;[32m INFO&amp#27;[m &amp#27;[35m[@503 - main]&amp#27;[m &amp#27;[36mcom.shaft.tools.io.ReportManager&amp#27;[m : Successfully created attachment "API Request - JSON Body"
2023-01-22 15:41:41.949 &amp#27;[32m INFO&amp#27;[m &amp#27;[35m[@503 - main]&amp#27;[m &amp#27;[36mcom.shaft.tools.io.ReportManager&amp#27;[m : Successfully created attachment "API Response - JSON Body"
2023-01-22 15:41:41.952 &amp#27;[32m INFO&amp#27;[m &amp#27;[35m[@503 - main]&amp#27;[m &amp#27;[36mcom.shaft.tools.io.ReportManager&amp#27;[m : File Action "DoesFileExist" successfully performed. With the following test data "File Path: "Schemas/ValidationError_schema.json"".
2023-01-22 15:41:41.953 &amp#27;[32m INFO&amp#27;[m &amp#27;[35m[@503 - main]&amp#27;[m &amp#27;[36mcom.shaft.tools.io.ReportManager&amp#27;[m : File Action "DoesFileExist" successfully performed. With the following test data "File Path: "src/test/resources/testDataFiles/Schemas/ValidationError_schema.json"".
2023-01-22 15:41:41.953 &amp#27;[32m INFO&amp#27;[m &amp#27;[35m[@503 - main]&amp#27;[m &amp#27;[36mcom.shaft.tools.io.ReportManager&amp#27;[m : File Action "GetAbsolutePath" successfully performed. With the following test data "Relative Folder Path: "src/test/resources/testDataFiles/Schemas/ValidationError_schema.json"".
2023-01-22 15:41:41.959 &amp#27;[32m INFO&amp#27;[m &amp#27;[35m[@503 - main]&amp#27;[m &amp#27;[36mcom.shaft.tools.io.ReportManager&amp#27;[m : File Action "DoesFileExist" successfully performed. With the following test data "File Path: "C:\eclipse-workspace\MyProjects\TASystemsAPIs\src\test\resources\testDataFiles\Schemas\ValidationError_schema.json"".
2023-01-22 15:41:41.959 &amp#27;[32m INFO&amp#27;[m &amp#27;[35m[@503 - main]&amp#27;[m &amp#27;[36mcom.shaft.tools.io.ReportManager&amp#27;[m : File Action "GetAbsolutePath" successfully performed. With the following test data "Relative Folder Path: "C:\eclipse-workspace\MyProjects\TASystemsAPIs\src\test\resources\testDataFiles\Schemas\ValidationError_schema.json"".
2023-01-22 15:41:41.959 &amp#27;[32m INFO&amp#27;[m &amp#27;[35m[@503 - main]&amp#27;[m &amp#27;[36mcom.shaft.tools.io.ReportManager&amp#27;[m : File Action "ReadFile" successfully performed. With the following test data "File Path: "C:\eclipse-workspace\MyProjects\TASystemsAPIs\src\test\resources\testDataFiles\Schemas\ValidationError_schema.json"".
2023-01-22 15:41:41.962 &amp#27;[32m INFO&amp#27;[m &amp#27;[35m[@503 - main]&amp#27;[m &amp#27;[36mcom.shaft.tools.io.ReportManager&amp#27;[m : Successfully created attachment "Validation Test Data - Expected JSON Value"
2023-01-22 15:41:41.963 &amp#27;[32m INFO&amp#27;[m &amp#27;[35m[@503 - main]&amp#27;[m &amp#27;[36mcom.shaft.tools.io.ReportManager&amp#27;[m : Successfully created attachment "Validation Test Data - Actual JSON Value"
2023-01-22 15:41:41.964 &amp#27;[32m INFO&amp#27;[m &amp#27;[35m[@503 - main]&amp#27;[m &amp#27;[36mcom.shaft.tools.io.ReportManager&amp#27;[m : Successfully created attachment "SHAFT Engine Logs - Current Method log: Add_Policy_With_InValid_data_TC"
]]></system-out>
  </testcase>
  <testcase name="Add_Policy_With_InValid_data_TC[[Ljava.lang.Object;@63475e81](16)" classname="SteeringCompanyAPI_TestCases.Test_Policies_Cases" time="1.445">
    <system-out><![CDATA[2023-01-22 15:41:41.970 &amp#27;[32m INFO&amp#27;[m &amp#27;[35m[@534 - main]&amp#27;[m &amp#27;[36mcom.shaft.tools.io.ReportManager&amp#27;[m : 
################################################################################################################################################
Starting Execution:	"24 out of 70" test cases in the current suite
Test Method:		"SteeringCompanyAPI_TestCases.Test_Policies_Cases.Add_Policy_With_InValid_data_TC"
Test Description:	"TC052 -Policy- Perform Add Policy with InValid data"
################################################################################################################################################
2023-01-22 15:41:41.971 &amp#27;[32m INFO&amp#27;[m &amp#27;[35m[@503 - main]&amp#27;[m &amp#27;[36mcom.shaft.tools.io.ReportManager&amp#27;[m : File Action "DoesFileExist" successfully performed. With the following test data "File Path: "SteeringCompanyAPI_TestData/SteeringCompanyAPI_TestData.xlsx"".
2023-01-22 15:41:42.044 &amp#27;[32m INFO&amp#27;[m &amp#27;[35m[@503 - main]&amp#27;[m &amp#27;[36mcom.shaft.tools.io.ReportManager&amp#27;[m : Successfully created attachment "Test Data - Excel"
2023-01-22 15:41:42.644 &amp#27;[32m INFO&amp#27;[m &amp#27;[35m[@503 - main]&amp#27;[m &amp#27;[36mcom.shaft.tools.io.ReportManager&amp#27;[m : Response status code: "200", status line: "HTTP/1.1 200 OK"
2023-01-22 15:41:42.705 &amp#27;[32m INFO&amp#27;[m &amp#27;[35m[@503 - main]&amp#27;[m &amp#27;[36mcom.shaft.tools.io.ReportManager&amp#27;[m : Successfully created attachment "API Request - Specifications"
2023-01-22 15:41:42.706 &amp#27;[32m INFO&amp#27;[m &amp#27;[35m[@503 - main]&amp#27;[m &amp#27;[36mcom.shaft.tools.io.ReportManager&amp#27;[m : Successfully created attachment "API Request - Body"
2023-01-22 15:41:42.707 &amp#27;[32m INFO&amp#27;[m &amp#27;[35m[@503 - main]&amp#27;[m &amp#27;[36mcom.shaft.tools.io.ReportManager&amp#27;[m : Successfully created attachment "API Response - JSON Body"
2023-01-22 15:41:42.724 &amp#27;[32m INFO&amp#27;[m &amp#27;[35m[@503 - main]&amp#27;[m &amp#27;[36mcom.shaft.tools.io.ReportManager&amp#27;[m : File Action "DoesFileExist" successfully performed. With the following test data "File Path: "SteeringCompanyAPI_TestData/SteeringCompanyAPI_TestData.xlsx"".
2023-01-22 15:41:42.775 &amp#27;[32m INFO&amp#27;[m &amp#27;[35m[@503 - main]&amp#27;[m &amp#27;[36mcom.shaft.tools.io.ReportManager&amp#27;[m : Successfully created attachment "Test Data - Excel"
2023-01-22 15:41:42.775 &amp#27;[32m INFO&amp#27;[m &amp#27;[35m[@503 - main]&amp#27;[m &amp#27;[36mcom.shaft.tools.io.ReportManager&amp#27;[m : File Action "DoesFileExist" successfully performed. With the following test data "File Path: "SteeringCompanyAPI_TestData/SteeringCompanyAPI_TestData.xlsx"".
2023-01-22 15:41:42.827 &amp#27;[32m INFO&amp#27;[m &amp#27;[35m[@503 - main]&amp#27;[m &amp#27;[36mcom.shaft.tools.io.ReportManager&amp#27;[m : Successfully created attachment "Test Data - Excel"
2023-01-22 15:41:42.827 &amp#27;[32m INFO&amp#27;[m &amp#27;[35m[@503 - main]&amp#27;[m &amp#27;[36mcom.shaft.tools.io.ReportManager&amp#27;[m : File Action "DoesFileExist" successfully performed. With the following test data "File Path: "SteeringCompanyAPI_TestData/SteeringCompanyAPI_TestData.xlsx"".
2023-01-22 15:41:42.883 &amp#27;[32m INFO&amp#27;[m &amp#27;[35m[@503 - main]&amp#27;[m &amp#27;[36mcom.shaft.tools.io.ReportManager&amp#27;[m : Successfully created attachment "Test Data - Excel"
2023-01-22 15:41:43.363 &amp#27;[32m INFO&amp#27;[m &amp#27;[35m[@503 - main]&amp#27;[m &amp#27;[36mcom.shaft.tools.io.ReportManager&amp#27;[m : Response status code: "422", status line: "HTTP/1.1 422 "
2023-01-22 15:41:43.392 &amp#27;[32m INFO&amp#27;[m &amp#27;[35m[@503 - main]&amp#27;[m &amp#27;[36mcom.shaft.tools.io.ReportManager&amp#27;[m : Successfully created attachment "API Request - Specifications"
2023-01-22 15:41:43.395 &amp#27;[32m INFO&amp#27;[m &amp#27;[35m[@503 - main]&amp#27;[m &amp#27;[36mcom.shaft.tools.io.ReportManager&amp#27;[m : Successfully created attachment "API Request - JSON Body"
2023-01-22 15:41:43.397 &amp#27;[32m INFO&amp#27;[m &amp#27;[35m[@503 - main]&amp#27;[m &amp#27;[36mcom.shaft.tools.io.ReportManager&amp#27;[m : Successfully created attachment "API Response - JSON Body"
2023-01-22 15:41:43.401 &amp#27;[32m INFO&amp#27;[m &amp#27;[35m[@503 - main]&amp#27;[m &amp#27;[36mcom.shaft.tools.io.ReportManager&amp#27;[m : File Action "DoesFileExist" successfully performed. With the following test data "File Path: "Schemas/ValidationError_schema.json"".
2023-01-22 15:41:43.401 &amp#27;[32m INFO&amp#27;[m &amp#27;[35m[@503 - main]&amp#27;[m &amp#27;[36mcom.shaft.tools.io.ReportManager&amp#27;[m : File Action "DoesFileExist" successfully performed. With the following test data "File Path: "src/test/resources/testDataFiles/Schemas/ValidationError_schema.json"".
2023-01-22 15:41:43.402 &amp#27;[32m INFO&amp#27;[m &amp#27;[35m[@503 - main]&amp#27;[m &amp#27;[36mcom.shaft.tools.io.ReportManager&amp#27;[m : File Action "GetAbsolutePath" successfully performed. With the following test data "Relative Folder Path: "src/test/resources/testDataFiles/Schemas/ValidationError_schema.json"".
2023-01-22 15:41:43.405 &amp#27;[32m INFO&amp#27;[m &amp#27;[35m[@503 - main]&amp#27;[m &amp#27;[36mcom.shaft.tools.io.ReportManager&amp#27;[m : File Action "DoesFileExist" successfully performed. With the following test data "File Path: "C:\eclipse-workspace\MyProjects\TASystemsAPIs\src\test\resources\testDataFiles\Schemas\ValidationError_schema.json"".
2023-01-22 15:41:43.406 &amp#27;[32m INFO&amp#27;[m &amp#27;[35m[@503 - main]&amp#27;[m &amp#27;[36mcom.shaft.tools.io.ReportManager&amp#27;[m : File Action "GetAbsolutePath" successfully performed. With the following test data "Relative Folder Path: "C:\eclipse-workspace\MyProjects\TASystemsAPIs\src\test\resources\testDataFiles\Schemas\ValidationError_schema.json"".
2023-01-22 15:41:43.406 &amp#27;[32m INFO&amp#27;[m &amp#27;[35m[@503 - main]&amp#27;[m &amp#27;[36mcom.shaft.tools.io.ReportManager&amp#27;[m : File Action "ReadFile" successfully performed. With the following test data "File Path: "C:\eclipse-workspace\MyProjects\TASystemsAPIs\src\test\resources\testDataFiles\Schemas\ValidationError_schema.json"".
2023-01-22 15:41:43.408 &amp#27;[32m INFO&amp#27;[m &amp#27;[35m[@503 - main]&amp#27;[m &amp#27;[36mcom.shaft.tools.io.ReportManager&amp#27;[m : Successfully created attachment "Validation Test Data - Expected JSON Value"
2023-01-22 15:41:43.410 &amp#27;[32m INFO&amp#27;[m &amp#27;[35m[@503 - main]&amp#27;[m &amp#27;[36mcom.shaft.tools.io.ReportManager&amp#27;[m : Successfully created attachment "Validation Test Data - Actual JSON Value"
2023-01-22 15:41:43.410 &amp#27;[32m INFO&amp#27;[m &amp#27;[35m[@503 - main]&amp#27;[m &amp#27;[36mcom.shaft.tools.io.ReportManager&amp#27;[m : Successfully created attachment "SHAFT Engine Logs - Current Method log: Add_Policy_With_InValid_data_TC"
]]></system-out>
  </testcase>
  <testcase name="Add_Policy_With_InValid_data_TC[[Ljava.lang.Object;@48701496](17)" classname="SteeringCompanyAPI_TestCases.Test_Policies_Cases" time="1.333">
    <system-out><![CDATA[2023-01-22 15:41:43.415 &amp#27;[32m INFO&amp#27;[m &amp#27;[35m[@534 - main]&amp#27;[m &amp#27;[36mcom.shaft.tools.io.ReportManager&amp#27;[m : 
################################################################################################################################################
Starting Execution:	"25 out of 70" test cases in the current suite
Test Method:		"SteeringCompanyAPI_TestCases.Test_Policies_Cases.Add_Policy_With_InValid_data_TC"
Test Description:	"TC052 -Policy- Perform Add Policy with InValid data"
################################################################################################################################################
2023-01-22 15:41:43.416 &amp#27;[32m INFO&amp#27;[m &amp#27;[35m[@503 - main]&amp#27;[m &amp#27;[36mcom.shaft.tools.io.ReportManager&amp#27;[m : File Action "DoesFileExist" successfully performed. With the following test data "File Path: "SteeringCompanyAPI_TestData/SteeringCompanyAPI_TestData.xlsx"".
2023-01-22 15:41:43.481 &amp#27;[32m INFO&amp#27;[m &amp#27;[35m[@503 - main]&amp#27;[m &amp#27;[36mcom.shaft.tools.io.ReportManager&amp#27;[m : Successfully created attachment "Test Data - Excel"
2023-01-22 15:41:44.081 &amp#27;[32m INFO&amp#27;[m &amp#27;[35m[@503 - main]&amp#27;[m &amp#27;[36mcom.shaft.tools.io.ReportManager&amp#27;[m : Response status code: "200", status line: "HTTP/1.1 200 OK"
2023-01-22 15:41:44.098 &amp#27;[32m INFO&amp#27;[m &amp#27;[35m[@503 - main]&amp#27;[m &amp#27;[36mcom.shaft.tools.io.ReportManager&amp#27;[m : Successfully created attachment "API Request - Specifications"
2023-01-22 15:41:44.098 &amp#27;[32m INFO&amp#27;[m &amp#27;[35m[@503 - main]&amp#27;[m &amp#27;[36mcom.shaft.tools.io.ReportManager&amp#27;[m : Successfully created attachment "API Request - Body"
2023-01-22 15:41:44.100 &amp#27;[32m INFO&amp#27;[m &amp#27;[35m[@503 - main]&amp#27;[m &amp#27;[36mcom.shaft.tools.io.ReportManager&amp#27;[m : Successfully created attachment "API Response - JSON Body"
2023-01-22 15:41:44.115 &amp#27;[32m INFO&amp#27;[m &amp#27;[35m[@503 - main]&amp#27;[m &amp#27;[36mcom.shaft.tools.io.ReportManager&amp#27;[m : File Action "DoesFileExist" successfully performed. With the following test data "File Path: "SteeringCompanyAPI_TestData/SteeringCompanyAPI_TestData.xlsx"".
2023-01-22 15:41:44.168 &amp#27;[32m INFO&amp#27;[m &amp#27;[35m[@503 - main]&amp#27;[m &amp#27;[36mcom.shaft.tools.io.ReportManager&amp#27;[m : Successfully created attachment "Test Data - Excel"
2023-01-22 15:41:44.168 &amp#27;[32m INFO&amp#27;[m &amp#27;[35m[@503 - main]&amp#27;[m &amp#27;[36mcom.shaft.tools.io.ReportManager&amp#27;[m : File Action "DoesFileExist" successfully performed. With the following test data "File Path: "SteeringCompanyAPI_TestData/SteeringCompanyAPI_TestData.xlsx"".
2023-01-22 15:41:44.209 &amp#27;[32m INFO&amp#27;[m &amp#27;[35m[@503 - main]&amp#27;[m &amp#27;[36mcom.shaft.tools.io.ReportManager&amp#27;[m : Successfully created attachment "Test Data - Excel"
2023-01-22 15:41:44.209 &amp#27;[32m INFO&amp#27;[m &amp#27;[35m[@503 - main]&amp#27;[m &amp#27;[36mcom.shaft.tools.io.ReportManager&amp#27;[m : File Action "DoesFileExist" successfully performed. With the following test data "File Path: "SteeringCompanyAPI_TestData/SteeringCompanyAPI_TestData.xlsx"".
2023-01-22 15:41:44.247 &amp#27;[32m INFO&amp#27;[m &amp#27;[35m[@503 - main]&amp#27;[m &amp#27;[36mcom.shaft.tools.io.ReportManager&amp#27;[m : Successfully created attachment "Test Data - Excel"
2023-01-22 15:41:44.712 &amp#27;[32m INFO&amp#27;[m &amp#27;[35m[@503 - main]&amp#27;[m &amp#27;[36mcom.shaft.tools.io.ReportManager&amp#27;[m : Response status code: "422", status line: "HTTP/1.1 422 "
2023-01-22 15:41:44.726 &amp#27;[32m INFO&amp#27;[m &amp#27;[35m[@503 - main]&amp#27;[m &amp#27;[36mcom.shaft.tools.io.ReportManager&amp#27;[m : Successfully created attachment "API Request - Specifications"
2023-01-22 15:41:44.727 &amp#27;[32m INFO&amp#27;[m &amp#27;[35m[@503 - main]&amp#27;[m &amp#27;[36mcom.shaft.tools.io.ReportManager&amp#27;[m : Successfully created attachment "API Request - JSON Body"
2023-01-22 15:41:44.728 &amp#27;[32m INFO&amp#27;[m &amp#27;[35m[@503 - main]&amp#27;[m &amp#27;[36mcom.shaft.tools.io.ReportManager&amp#27;[m : Successfully created attachment "API Response - JSON Body"
2023-01-22 15:41:44.730 &amp#27;[32m INFO&amp#27;[m &amp#27;[35m[@503 - main]&amp#27;[m &amp#27;[36mcom.shaft.tools.io.ReportManager&amp#27;[m : File Action "DoesFileExist" successfully performed. With the following test data "File Path: "Schemas/ValidationError_schema.json"".
2023-01-22 15:41:44.730 &amp#27;[32m INFO&amp#27;[m &amp#27;[35m[@503 - main]&amp#27;[m &amp#27;[36mcom.shaft.tools.io.ReportManager&amp#27;[m : File Action "DoesFileExist" successfully performed. With the following test data "File Path: "src/test/resources/testDataFiles/Schemas/ValidationError_schema.json"".
2023-01-22 15:41:44.731 &amp#27;[32m INFO&amp#27;[m &amp#27;[35m[@503 - main]&amp#27;[m &amp#27;[36mcom.shaft.tools.io.ReportManager&amp#27;[m : File Action "GetAbsolutePath" successfully performed. With the following test data "Relative Folder Path: "src/test/resources/testDataFiles/Schemas/ValidationError_schema.json"".
2023-01-22 15:41:44.734 &amp#27;[32m INFO&amp#27;[m &amp#27;[35m[@503 - main]&amp#27;[m &amp#27;[36mcom.shaft.tools.io.ReportManager&amp#27;[m : File Action "DoesFileExist" successfully performed. With the following test data "File Path: "C:\eclipse-workspace\MyProjects\TASystemsAPIs\src\test\resources\testDataFiles\Schemas\ValidationError_schema.json"".
2023-01-22 15:41:44.734 &amp#27;[32m INFO&amp#27;[m &amp#27;[35m[@503 - main]&amp#27;[m &amp#27;[36mcom.shaft.tools.io.ReportManager&amp#27;[m : File Action "GetAbsolutePath" successfully performed. With the following test data "Relative Folder Path: "C:\eclipse-workspace\MyProjects\TASystemsAPIs\src\test\resources\testDataFiles\Schemas\ValidationError_schema.json"".
2023-01-22 15:41:44.735 &amp#27;[32m INFO&amp#27;[m &amp#27;[35m[@503 - main]&amp#27;[m &amp#27;[36mcom.shaft.tools.io.ReportManager&amp#27;[m : File Action "ReadFile" successfully performed. With the following test data "File Path: "C:\eclipse-workspace\MyProjects\TASystemsAPIs\src\test\resources\testDataFiles\Schemas\ValidationError_schema.json"".
2023-01-22 15:41:44.737 &amp#27;[32m INFO&amp#27;[m &amp#27;[35m[@503 - main]&amp#27;[m &amp#27;[36mcom.shaft.tools.io.ReportManager&amp#27;[m : Successfully created attachment "Validation Test Data - Expected JSON Value"
2023-01-22 15:41:44.739 &amp#27;[32m INFO&amp#27;[m &amp#27;[35m[@503 - main]&amp#27;[m &amp#27;[36mcom.shaft.tools.io.ReportManager&amp#27;[m : Successfully created attachment "Validation Test Data - Actual JSON Value"
2023-01-22 15:41:44.743 &amp#27;[32m INFO&amp#27;[m &amp#27;[35m[@503 - main]&amp#27;[m &amp#27;[36mcom.shaft.tools.io.ReportManager&amp#27;[m : Successfully created attachment "SHAFT Engine Logs - Current Method log: Add_Policy_With_InValid_data_TC"
]]></system-out>
  </testcase>
  <testcase name="Add_Policy_With_InValid_data_TC[[Ljava.lang.Object;@589c37ef](18)" classname="SteeringCompanyAPI_TestCases.Test_Policies_Cases" time="1.36">
    <system-out><![CDATA[2023-01-22 15:41:44.749 &amp#27;[32m INFO&amp#27;[m &amp#27;[35m[@534 - main]&amp#27;[m &amp#27;[36mcom.shaft.tools.io.ReportManager&amp#27;[m : 
################################################################################################################################################
Starting Execution:	"26 out of 70" test cases in the current suite
Test Method:		"SteeringCompanyAPI_TestCases.Test_Policies_Cases.Add_Policy_With_InValid_data_TC"
Test Description:	"TC052 -Policy- Perform Add Policy with InValid data"
################################################################################################################################################
2023-01-22 15:41:44.750 &amp#27;[32m INFO&amp#27;[m &amp#27;[35m[@503 - main]&amp#27;[m &amp#27;[36mcom.shaft.tools.io.ReportManager&amp#27;[m : File Action "DoesFileExist" successfully performed. With the following test data "File Path: "SteeringCompanyAPI_TestData/SteeringCompanyAPI_TestData.xlsx"".
2023-01-22 15:41:44.800 &amp#27;[32m INFO&amp#27;[m &amp#27;[35m[@503 - main]&amp#27;[m &amp#27;[36mcom.shaft.tools.io.ReportManager&amp#27;[m : Successfully created attachment "Test Data - Excel"
2023-01-22 15:41:45.393 &amp#27;[32m INFO&amp#27;[m &amp#27;[35m[@503 - main]&amp#27;[m &amp#27;[36mcom.shaft.tools.io.ReportManager&amp#27;[m : Response status code: "200", status line: "HTTP/1.1 200 OK"
2023-01-22 15:41:45.420 &amp#27;[32m INFO&amp#27;[m &amp#27;[35m[@503 - main]&amp#27;[m &amp#27;[36mcom.shaft.tools.io.ReportManager&amp#27;[m : Successfully created attachment "API Request - Specifications"
2023-01-22 15:41:45.422 &amp#27;[32m INFO&amp#27;[m &amp#27;[35m[@503 - main]&amp#27;[m &amp#27;[36mcom.shaft.tools.io.ReportManager&amp#27;[m : Successfully created attachment "API Request - Body"
2023-01-22 15:41:45.424 &amp#27;[32m INFO&amp#27;[m &amp#27;[35m[@503 - main]&amp#27;[m &amp#27;[36mcom.shaft.tools.io.ReportManager&amp#27;[m : Successfully created attachment "API Response - JSON Body"
2023-01-22 15:41:45.446 &amp#27;[32m INFO&amp#27;[m &amp#27;[35m[@503 - main]&amp#27;[m &amp#27;[36mcom.shaft.tools.io.ReportManager&amp#27;[m : File Action "DoesFileExist" successfully performed. With the following test data "File Path: "SteeringCompanyAPI_TestData/SteeringCompanyAPI_TestData.xlsx"".
2023-01-22 15:41:45.496 &amp#27;[32m INFO&amp#27;[m &amp#27;[35m[@503 - main]&amp#27;[m &amp#27;[36mcom.shaft.tools.io.ReportManager&amp#27;[m : Successfully created attachment "Test Data - Excel"
2023-01-22 15:41:45.497 &amp#27;[32m INFO&amp#27;[m &amp#27;[35m[@503 - main]&amp#27;[m &amp#27;[36mcom.shaft.tools.io.ReportManager&amp#27;[m : File Action "DoesFileExist" successfully performed. With the following test data "File Path: "SteeringCompanyAPI_TestData/SteeringCompanyAPI_TestData.xlsx"".
2023-01-22 15:41:45.557 &amp#27;[32m INFO&amp#27;[m &amp#27;[35m[@503 - main]&amp#27;[m &amp#27;[36mcom.shaft.tools.io.ReportManager&amp#27;[m : Successfully created attachment "Test Data - Excel"
2023-01-22 15:41:45.558 &amp#27;[32m INFO&amp#27;[m &amp#27;[35m[@503 - main]&amp#27;[m &amp#27;[36mcom.shaft.tools.io.ReportManager&amp#27;[m : File Action "DoesFileExist" successfully performed. With the following test data "File Path: "SteeringCompanyAPI_TestData/SteeringCompanyAPI_TestData.xlsx"".
2023-01-22 15:41:45.603 &amp#27;[32m INFO&amp#27;[m &amp#27;[35m[@503 - main]&amp#27;[m &amp#27;[36mcom.shaft.tools.io.ReportManager&amp#27;[m : Successfully created attachment "Test Data - Excel"
2023-01-22 15:41:46.072 &amp#27;[32m INFO&amp#27;[m &amp#27;[35m[@503 - main]&amp#27;[m &amp#27;[36mcom.shaft.tools.io.ReportManager&amp#27;[m : Response status code: "422", status line: "HTTP/1.1 422 "
2023-01-22 15:41:46.090 &amp#27;[32m INFO&amp#27;[m &amp#27;[35m[@503 - main]&amp#27;[m &amp#27;[36mcom.shaft.tools.io.ReportManager&amp#27;[m : Successfully created attachment "API Request - Specifications"
2023-01-22 15:41:46.092 &amp#27;[32m INFO&amp#27;[m &amp#27;[35m[@503 - main]&amp#27;[m &amp#27;[36mcom.shaft.tools.io.ReportManager&amp#27;[m : Successfully created attachment "API Request - JSON Body"
2023-01-22 15:41:46.093 &amp#27;[32m INFO&amp#27;[m &amp#27;[35m[@503 - main]&amp#27;[m &amp#27;[36mcom.shaft.tools.io.ReportManager&amp#27;[m : Successfully created attachment "API Response - JSON Body"
2023-01-22 15:41:46.095 &amp#27;[32m INFO&amp#27;[m &amp#27;[35m[@503 - main]&amp#27;[m &amp#27;[36mcom.shaft.tools.io.ReportManager&amp#27;[m : File Action "DoesFileExist" successfully performed. With the following test data "File Path: "Schemas/ValidationError_schema.json"".
2023-01-22 15:41:46.096 &amp#27;[32m INFO&amp#27;[m &amp#27;[35m[@503 - main]&amp#27;[m &amp#27;[36mcom.shaft.tools.io.ReportManager&amp#27;[m : File Action "DoesFileExist" successfully performed. With the following test data "File Path: "src/test/resources/testDataFiles/Schemas/ValidationError_schema.json"".
2023-01-22 15:41:46.096 &amp#27;[32m INFO&amp#27;[m &amp#27;[35m[@503 - main]&amp#27;[m &amp#27;[36mcom.shaft.tools.io.ReportManager&amp#27;[m : File Action "GetAbsolutePath" successfully performed. With the following test data "Relative Folder Path: "src/test/resources/testDataFiles/Schemas/ValidationError_schema.json"".
2023-01-22 15:41:46.100 &amp#27;[32m INFO&amp#27;[m &amp#27;[35m[@503 - main]&amp#27;[m &amp#27;[36mcom.shaft.tools.io.ReportManager&amp#27;[m : File Action "DoesFileExist" successfully performed. With the following test data "File Path: "C:\eclipse-workspace\MyProjects\TASystemsAPIs\src\test\resources\testDataFiles\Schemas\ValidationError_schema.json"".
2023-01-22 15:41:46.100 &amp#27;[32m INFO&amp#27;[m &amp#27;[35m[@503 - main]&amp#27;[m &amp#27;[36mcom.shaft.tools.io.ReportManager&amp#27;[m : File Action "GetAbsolutePath" successfully performed. With the following test data "Relative Folder Path: "C:\eclipse-workspace\MyProjects\TASystemsAPIs\src\test\resources\testDataFiles\Schemas\ValidationError_schema.json"".
2023-01-22 15:41:46.101 &amp#27;[32m INFO&amp#27;[m &amp#27;[35m[@503 - main]&amp#27;[m &amp#27;[36mcom.shaft.tools.io.ReportManager&amp#27;[m : File Action "ReadFile" successfully performed. With the following test data "File Path: "C:\eclipse-workspace\MyProjects\TASystemsAPIs\src\test\resources\testDataFiles\Schemas\ValidationError_schema.json"".
2023-01-22 15:41:46.103 &amp#27;[32m INFO&amp#27;[m &amp#27;[35m[@503 - main]&amp#27;[m &amp#27;[36mcom.shaft.tools.io.ReportManager&amp#27;[m : Successfully created attachment "Validation Test Data - Expected JSON Value"
2023-01-22 15:41:46.103 &amp#27;[32m INFO&amp#27;[m &amp#27;[35m[@503 - main]&amp#27;[m &amp#27;[36mcom.shaft.tools.io.ReportManager&amp#27;[m : Successfully created attachment "Validation Test Data - Actual JSON Value"
2023-01-22 15:41:46.104 &amp#27;[32m INFO&amp#27;[m &amp#27;[35m[@503 - main]&amp#27;[m &amp#27;[36mcom.shaft.tools.io.ReportManager&amp#27;[m : Successfully created attachment "SHAFT Engine Logs - Current Method log: Add_Policy_With_InValid_data_TC"
]]></system-out>
  </testcase>
  <testcase name="Add_Policy_With_InValid_data_TC[[Ljava.lang.Object;@30cdb46](19)" classname="SteeringCompanyAPI_TestCases.Test_Policies_Cases" time="1.376">
    <system-out><![CDATA[2023-01-22 15:41:46.107 &amp#27;[32m INFO&amp#27;[m &amp#27;[35m[@534 - main]&amp#27;[m &amp#27;[36mcom.shaft.tools.io.ReportManager&amp#27;[m : 
################################################################################################################################################
Starting Execution:	"27 out of 70" test cases in the current suite
Test Method:		"SteeringCompanyAPI_TestCases.Test_Policies_Cases.Add_Policy_With_InValid_data_TC"
Test Description:	"TC052 -Policy- Perform Add Policy with InValid data"
################################################################################################################################################
2023-01-22 15:41:46.108 &amp#27;[32m INFO&amp#27;[m &amp#27;[35m[@503 - main]&amp#27;[m &amp#27;[36mcom.shaft.tools.io.ReportManager&amp#27;[m : File Action "DoesFileExist" successfully performed. With the following test data "File Path: "SteeringCompanyAPI_TestData/SteeringCompanyAPI_TestData.xlsx"".
2023-01-22 15:41:46.146 &amp#27;[32m INFO&amp#27;[m &amp#27;[35m[@503 - main]&amp#27;[m &amp#27;[36mcom.shaft.tools.io.ReportManager&amp#27;[m : Successfully created attachment "Test Data - Excel"
2023-01-22 15:41:46.755 &amp#27;[32m INFO&amp#27;[m &amp#27;[35m[@503 - main]&amp#27;[m &amp#27;[36mcom.shaft.tools.io.ReportManager&amp#27;[m : Response status code: "200", status line: "HTTP/1.1 200 OK"
2023-01-22 15:41:46.773 &amp#27;[32m INFO&amp#27;[m &amp#27;[35m[@503 - main]&amp#27;[m &amp#27;[36mcom.shaft.tools.io.ReportManager&amp#27;[m : Successfully created attachment "API Request - Specifications"
2023-01-22 15:41:46.774 &amp#27;[32m INFO&amp#27;[m &amp#27;[35m[@503 - main]&amp#27;[m &amp#27;[36mcom.shaft.tools.io.ReportManager&amp#27;[m : Successfully created attachment "API Request - Body"
2023-01-22 15:41:46.774 &amp#27;[32m INFO&amp#27;[m &amp#27;[35m[@503 - main]&amp#27;[m &amp#27;[36mcom.shaft.tools.io.ReportManager&amp#27;[m : Successfully created attachment "API Response - JSON Body"
2023-01-22 15:41:46.790 &amp#27;[32m INFO&amp#27;[m &amp#27;[35m[@503 - main]&amp#27;[m &amp#27;[36mcom.shaft.tools.io.ReportManager&amp#27;[m : File Action "DoesFileExist" successfully performed. With the following test data "File Path: "SteeringCompanyAPI_TestData/SteeringCompanyAPI_TestData.xlsx"".
2023-01-22 15:41:46.835 &amp#27;[32m INFO&amp#27;[m &amp#27;[35m[@503 - main]&amp#27;[m &amp#27;[36mcom.shaft.tools.io.ReportManager&amp#27;[m : Successfully created attachment "Test Data - Excel"
2023-01-22 15:41:46.836 &amp#27;[32m INFO&amp#27;[m &amp#27;[35m[@503 - main]&amp#27;[m &amp#27;[36mcom.shaft.tools.io.ReportManager&amp#27;[m : File Action "DoesFileExist" successfully performed. With the following test data "File Path: "SteeringCompanyAPI_TestData/SteeringCompanyAPI_TestData.xlsx"".
2023-01-22 15:41:46.907 &amp#27;[32m INFO&amp#27;[m &amp#27;[35m[@503 - main]&amp#27;[m &amp#27;[36mcom.shaft.tools.io.ReportManager&amp#27;[m : Successfully created attachment "Test Data - Excel"
2023-01-22 15:41:46.908 &amp#27;[32m INFO&amp#27;[m &amp#27;[35m[@503 - main]&amp#27;[m &amp#27;[36mcom.shaft.tools.io.ReportManager&amp#27;[m : File Action "DoesFileExist" successfully performed. With the following test data "File Path: "SteeringCompanyAPI_TestData/SteeringCompanyAPI_TestData.xlsx"".
2023-01-22 15:41:46.969 &amp#27;[32m INFO&amp#27;[m &amp#27;[35m[@503 - main]&amp#27;[m &amp#27;[36mcom.shaft.tools.io.ReportManager&amp#27;[m : Successfully created attachment "Test Data - Excel"
2023-01-22 15:41:47.436 &amp#27;[32m INFO&amp#27;[m &amp#27;[35m[@503 - main]&amp#27;[m &amp#27;[36mcom.shaft.tools.io.ReportManager&amp#27;[m : Response status code: "422", status line: "HTTP/1.1 422 "
2023-01-22 15:41:47.455 &amp#27;[32m INFO&amp#27;[m &amp#27;[35m[@503 - main]&amp#27;[m &amp#27;[36mcom.shaft.tools.io.ReportManager&amp#27;[m : Successfully created attachment "API Request - Specifications"
2023-01-22 15:41:47.456 &amp#27;[32m INFO&amp#27;[m &amp#27;[35m[@503 - main]&amp#27;[m &amp#27;[36mcom.shaft.tools.io.ReportManager&amp#27;[m : Successfully created attachment "API Request - JSON Body"
2023-01-22 15:41:47.459 &amp#27;[32m INFO&amp#27;[m &amp#27;[35m[@503 - main]&amp#27;[m &amp#27;[36mcom.shaft.tools.io.ReportManager&amp#27;[m : Successfully created attachment "API Response - JSON Body"
2023-01-22 15:41:47.462 &amp#27;[32m INFO&amp#27;[m &amp#27;[35m[@503 - main]&amp#27;[m &amp#27;[36mcom.shaft.tools.io.ReportManager&amp#27;[m : File Action "DoesFileExist" successfully performed. With the following test data "File Path: "Schemas/ValidationError_schema.json"".
2023-01-22 15:41:47.463 &amp#27;[32m INFO&amp#27;[m &amp#27;[35m[@503 - main]&amp#27;[m &amp#27;[36mcom.shaft.tools.io.ReportManager&amp#27;[m : File Action "DoesFileExist" successfully performed. With the following test data "File Path: "src/test/resources/testDataFiles/Schemas/ValidationError_schema.json"".
2023-01-22 15:41:47.464 &amp#27;[32m INFO&amp#27;[m &amp#27;[35m[@503 - main]&amp#27;[m &amp#27;[36mcom.shaft.tools.io.ReportManager&amp#27;[m : File Action "GetAbsolutePath" successfully performed. With the following test data "Relative Folder Path: "src/test/resources/testDataFiles/Schemas/ValidationError_schema.json"".
2023-01-22 15:41:47.471 &amp#27;[32m INFO&amp#27;[m &amp#27;[35m[@503 - main]&amp#27;[m &amp#27;[36mcom.shaft.tools.io.ReportManager&amp#27;[m : File Action "DoesFileExist" successfully performed. With the following test data "File Path: "C:\eclipse-workspace\MyProjects\TASystemsAPIs\src\test\resources\testDataFiles\Schemas\ValidationError_schema.json"".
2023-01-22 15:41:47.472 &amp#27;[32m INFO&amp#27;[m &amp#27;[35m[@503 - main]&amp#27;[m &amp#27;[36mcom.shaft.tools.io.ReportManager&amp#27;[m : File Action "GetAbsolutePath" successfully performed. With the following test data "Relative Folder Path: "C:\eclipse-workspace\MyProjects\TASystemsAPIs\src\test\resources\testDataFiles\Schemas\ValidationError_schema.json"".
2023-01-22 15:41:47.472 &amp#27;[32m INFO&amp#27;[m &amp#27;[35m[@503 - main]&amp#27;[m &amp#27;[36mcom.shaft.tools.io.ReportManager&amp#27;[m : File Action "ReadFile" successfully performed. With the following test data "File Path: "C:\eclipse-workspace\MyProjects\TASystemsAPIs\src\test\resources\testDataFiles\Schemas\ValidationError_schema.json"".
2023-01-22 15:41:47.477 &amp#27;[32m INFO&amp#27;[m &amp#27;[35m[@503 - main]&amp#27;[m &amp#27;[36mcom.shaft.tools.io.ReportManager&amp#27;[m : Successfully created attachment "Validation Test Data - Expected JSON Value"
2023-01-22 15:41:47.478 &amp#27;[32m INFO&amp#27;[m &amp#27;[35m[@503 - main]&amp#27;[m &amp#27;[36mcom.shaft.tools.io.ReportManager&amp#27;[m : Successfully created attachment "Validation Test Data - Actual JSON Value"
2023-01-22 15:41:47.479 &amp#27;[32m INFO&amp#27;[m &amp#27;[35m[@503 - main]&amp#27;[m &amp#27;[36mcom.shaft.tools.io.ReportManager&amp#27;[m : Successfully created attachment "SHAFT Engine Logs - Current Method log: Add_Policy_With_InValid_data_TC"
]]></system-out>
  </testcase>
  <testcase name="Add_Policy_With_InValid_data_TC[[Ljava.lang.Object;@2eac48ea](20)" classname="SteeringCompanyAPI_TestCases.Test_Policies_Cases" time="1.488">
    <system-out><![CDATA[2023-01-22 15:41:47.484 &amp#27;[32m INFO&amp#27;[m &amp#27;[35m[@534 - main]&amp#27;[m &amp#27;[36mcom.shaft.tools.io.ReportManager&amp#27;[m : 
################################################################################################################################################
Starting Execution:	"28 out of 70" test cases in the current suite
Test Method:		"SteeringCompanyAPI_TestCases.Test_Policies_Cases.Add_Policy_With_InValid_data_TC"
Test Description:	"TC052 -Policy- Perform Add Policy with InValid data"
################################################################################################################################################
2023-01-22 15:41:47.485 &amp#27;[32m INFO&amp#27;[m &amp#27;[35m[@503 - main]&amp#27;[m &amp#27;[36mcom.shaft.tools.io.ReportManager&amp#27;[m : File Action "DoesFileExist" successfully performed. With the following test data "File Path: "SteeringCompanyAPI_TestData/SteeringCompanyAPI_TestData.xlsx"".
2023-01-22 15:41:47.560 &amp#27;[32m INFO&amp#27;[m &amp#27;[35m[@503 - main]&amp#27;[m &amp#27;[36mcom.shaft.tools.io.ReportManager&amp#27;[m : Successfully created attachment "Test Data - Excel"
2023-01-22 15:41:48.148 &amp#27;[32m INFO&amp#27;[m &amp#27;[35m[@503 - main]&amp#27;[m &amp#27;[36mcom.shaft.tools.io.ReportManager&amp#27;[m : Response status code: "200", status line: "HTTP/1.1 200 OK"
2023-01-22 15:41:48.165 &amp#27;[32m INFO&amp#27;[m &amp#27;[35m[@503 - main]&amp#27;[m &amp#27;[36mcom.shaft.tools.io.ReportManager&amp#27;[m : Successfully created attachment "API Request - Specifications"
2023-01-22 15:41:48.166 &amp#27;[32m INFO&amp#27;[m &amp#27;[35m[@503 - main]&amp#27;[m &amp#27;[36mcom.shaft.tools.io.ReportManager&amp#27;[m : Successfully created attachment "API Request - Body"
2023-01-22 15:41:48.167 &amp#27;[32m INFO&amp#27;[m &amp#27;[35m[@503 - main]&amp#27;[m &amp#27;[36mcom.shaft.tools.io.ReportManager&amp#27;[m : Successfully created attachment "API Response - JSON Body"
2023-01-22 15:41:48.193 &amp#27;[32m INFO&amp#27;[m &amp#27;[35m[@503 - main]&amp#27;[m &amp#27;[36mcom.shaft.tools.io.ReportManager&amp#27;[m : File Action "DoesFileExist" successfully performed. With the following test data "File Path: "SteeringCompanyAPI_TestData/SteeringCompanyAPI_TestData.xlsx"".
2023-01-22 15:41:48.273 &amp#27;[32m INFO&amp#27;[m &amp#27;[35m[@503 - main]&amp#27;[m &amp#27;[36mcom.shaft.tools.io.ReportManager&amp#27;[m : Successfully created attachment "Test Data - Excel"
2023-01-22 15:41:48.274 &amp#27;[32m INFO&amp#27;[m &amp#27;[35m[@503 - main]&amp#27;[m &amp#27;[36mcom.shaft.tools.io.ReportManager&amp#27;[m : File Action "DoesFileExist" successfully performed. With the following test data "File Path: "SteeringCompanyAPI_TestData/SteeringCompanyAPI_TestData.xlsx"".
2023-01-22 15:41:48.354 &amp#27;[32m INFO&amp#27;[m &amp#27;[35m[@503 - main]&amp#27;[m &amp#27;[36mcom.shaft.tools.io.ReportManager&amp#27;[m : Successfully created attachment "Test Data - Excel"
2023-01-22 15:41:48.355 &amp#27;[32m INFO&amp#27;[m &amp#27;[35m[@503 - main]&amp#27;[m &amp#27;[36mcom.shaft.tools.io.ReportManager&amp#27;[m : File Action "DoesFileExist" successfully performed. With the following test data "File Path: "SteeringCompanyAPI_TestData/SteeringCompanyAPI_TestData.xlsx"".
2023-01-22 15:41:48.418 &amp#27;[32m INFO&amp#27;[m &amp#27;[35m[@503 - main]&amp#27;[m &amp#27;[36mcom.shaft.tools.io.ReportManager&amp#27;[m : Successfully created attachment "Test Data - Excel"
2023-01-22 15:41:48.910 &amp#27;[32m INFO&amp#27;[m &amp#27;[35m[@503 - main]&amp#27;[m &amp#27;[36mcom.shaft.tools.io.ReportManager&amp#27;[m : Response status code: "422", status line: "HTTP/1.1 422 "
2023-01-22 15:41:48.939 &amp#27;[32m INFO&amp#27;[m &amp#27;[35m[@503 - main]&amp#27;[m &amp#27;[36mcom.shaft.tools.io.ReportManager&amp#27;[m : Successfully created attachment "API Request - Specifications"
2023-01-22 15:41:48.942 &amp#27;[32m INFO&amp#27;[m &amp#27;[35m[@503 - main]&amp#27;[m &amp#27;[36mcom.shaft.tools.io.ReportManager&amp#27;[m : Successfully created attachment "API Request - JSON Body"
2023-01-22 15:41:48.943 &amp#27;[32m INFO&amp#27;[m &amp#27;[35m[@503 - main]&amp#27;[m &amp#27;[36mcom.shaft.tools.io.ReportManager&amp#27;[m : Successfully created attachment "API Response - JSON Body"
2023-01-22 15:41:48.947 &amp#27;[32m INFO&amp#27;[m &amp#27;[35m[@503 - main]&amp#27;[m &amp#27;[36mcom.shaft.tools.io.ReportManager&amp#27;[m : File Action "DoesFileExist" successfully performed. With the following test data "File Path: "Schemas/ValidationError_schema.json"".
2023-01-22 15:41:48.948 &amp#27;[32m INFO&amp#27;[m &amp#27;[35m[@503 - main]&amp#27;[m &amp#27;[36mcom.shaft.tools.io.ReportManager&amp#27;[m : File Action "DoesFileExist" successfully performed. With the following test data "File Path: "src/test/resources/testDataFiles/Schemas/ValidationError_schema.json"".
2023-01-22 15:41:48.948 &amp#27;[32m INFO&amp#27;[m &amp#27;[35m[@503 - main]&amp#27;[m &amp#27;[36mcom.shaft.tools.io.ReportManager&amp#27;[m : File Action "GetAbsolutePath" successfully performed. With the following test data "Relative Folder Path: "src/test/resources/testDataFiles/Schemas/ValidationError_schema.json"".
2023-01-22 15:41:48.957 &amp#27;[32m INFO&amp#27;[m &amp#27;[35m[@503 - main]&amp#27;[m &amp#27;[36mcom.shaft.tools.io.ReportManager&amp#27;[m : File Action "DoesFileExist" successfully performed. With the following test data "File Path: "C:\eclipse-workspace\MyProjects\TASystemsAPIs\src\test\resources\testDataFiles\Schemas\ValidationError_schema.json"".
2023-01-22 15:41:48.958 &amp#27;[32m INFO&amp#27;[m &amp#27;[35m[@503 - main]&amp#27;[m &amp#27;[36mcom.shaft.tools.io.ReportManager&amp#27;[m : File Action "GetAbsolutePath" successfully performed. With the following test data "Relative Folder Path: "C:\eclipse-workspace\MyProjects\TASystemsAPIs\src\test\resources\testDataFiles\Schemas\ValidationError_schema.json"".
2023-01-22 15:41:48.959 &amp#27;[32m INFO&amp#27;[m &amp#27;[35m[@503 - main]&amp#27;[m &amp#27;[36mcom.shaft.tools.io.ReportManager&amp#27;[m : File Action "ReadFile" successfully performed. With the following test data "File Path: "C:\eclipse-workspace\MyProjects\TASystemsAPIs\src\test\resources\testDataFiles\Schemas\ValidationError_schema.json"".
2023-01-22 15:41:48.965 &amp#27;[32m INFO&amp#27;[m &amp#27;[35m[@503 - main]&amp#27;[m &amp#27;[36mcom.shaft.tools.io.ReportManager&amp#27;[m : Successfully created attachment "Validation Test Data - Expected JSON Value"
2023-01-22 15:41:48.966 &amp#27;[32m INFO&amp#27;[m &amp#27;[35m[@503 - main]&amp#27;[m &amp#27;[36mcom.shaft.tools.io.ReportManager&amp#27;[m : Successfully created attachment "Validation Test Data - Actual JSON Value"
2023-01-22 15:41:48.967 &amp#27;[32m INFO&amp#27;[m &amp#27;[35m[@503 - main]&amp#27;[m &amp#27;[36mcom.shaft.tools.io.ReportManager&amp#27;[m : Successfully created attachment "SHAFT Engine Logs - Current Method log: Add_Policy_With_InValid_data_TC"
]]></system-out>
  </testcase>
  <testcase name="Add_Policy_With_InValid_data_TC[[Ljava.lang.Object;@64ed174](21)" classname="SteeringCompanyAPI_TestCases.Test_Policies_Cases" time="1.55">
    <system-out><![CDATA[2023-01-22 15:41:48.973 &amp#27;[32m INFO&amp#27;[m &amp#27;[35m[@534 - main]&amp#27;[m &amp#27;[36mcom.shaft.tools.io.ReportManager&amp#27;[m : 
################################################################################################################################################
Starting Execution:	"29 out of 70" test cases in the current suite
Test Method:		"SteeringCompanyAPI_TestCases.Test_Policies_Cases.Add_Policy_With_InValid_data_TC"
Test Description:	"TC052 -Policy- Perform Add Policy with InValid data"
################################################################################################################################################
2023-01-22 15:41:48.974 &amp#27;[32m INFO&amp#27;[m &amp#27;[35m[@503 - main]&amp#27;[m &amp#27;[36mcom.shaft.tools.io.ReportManager&amp#27;[m : File Action "DoesFileExist" successfully performed. With the following test data "File Path: "SteeringCompanyAPI_TestData/SteeringCompanyAPI_TestData.xlsx"".
2023-01-22 15:41:49.070 &amp#27;[32m INFO&amp#27;[m &amp#27;[35m[@503 - main]&amp#27;[m &amp#27;[36mcom.shaft.tools.io.ReportManager&amp#27;[m : Successfully created attachment "Test Data - Excel"
2023-01-22 15:41:49.686 &amp#27;[32m INFO&amp#27;[m &amp#27;[35m[@503 - main]&amp#27;[m &amp#27;[36mcom.shaft.tools.io.ReportManager&amp#27;[m : Response status code: "200", status line: "HTTP/1.1 200 OK"
2023-01-22 15:41:49.709 &amp#27;[32m INFO&amp#27;[m &amp#27;[35m[@503 - main]&amp#27;[m &amp#27;[36mcom.shaft.tools.io.ReportManager&amp#27;[m : Successfully created attachment "API Request - Specifications"
2023-01-22 15:41:49.713 &amp#27;[32m INFO&amp#27;[m &amp#27;[35m[@503 - main]&amp#27;[m &amp#27;[36mcom.shaft.tools.io.ReportManager&amp#27;[m : Successfully created attachment "API Request - Body"
2023-01-22 15:41:49.715 &amp#27;[32m INFO&amp#27;[m &amp#27;[35m[@503 - main]&amp#27;[m &amp#27;[36mcom.shaft.tools.io.ReportManager&amp#27;[m : Successfully created attachment "API Response - JSON Body"
2023-01-22 15:41:49.738 &amp#27;[32m INFO&amp#27;[m &amp#27;[35m[@503 - main]&amp#27;[m &amp#27;[36mcom.shaft.tools.io.ReportManager&amp#27;[m : File Action "DoesFileExist" successfully performed. With the following test data "File Path: "SteeringCompanyAPI_TestData/SteeringCompanyAPI_TestData.xlsx"".
2023-01-22 15:41:49.801 &amp#27;[32m INFO&amp#27;[m &amp#27;[35m[@503 - main]&amp#27;[m &amp#27;[36mcom.shaft.tools.io.ReportManager&amp#27;[m : Successfully created attachment "Test Data - Excel"
2023-01-22 15:41:49.802 &amp#27;[32m INFO&amp#27;[m &amp#27;[35m[@503 - main]&amp#27;[m &amp#27;[36mcom.shaft.tools.io.ReportManager&amp#27;[m : File Action "DoesFileExist" successfully performed. With the following test data "File Path: "SteeringCompanyAPI_TestData/SteeringCompanyAPI_TestData.xlsx"".
2023-01-22 15:41:49.923 &amp#27;[32m INFO&amp#27;[m &amp#27;[35m[@503 - main]&amp#27;[m &amp#27;[36mcom.shaft.tools.io.ReportManager&amp#27;[m : Successfully created attachment "Test Data - Excel"
2023-01-22 15:41:49.924 &amp#27;[32m INFO&amp#27;[m &amp#27;[35m[@503 - main]&amp#27;[m &amp#27;[36mcom.shaft.tools.io.ReportManager&amp#27;[m : File Action "DoesFileExist" successfully performed. With the following test data "File Path: "SteeringCompanyAPI_TestData/SteeringCompanyAPI_TestData.xlsx"".
2023-01-22 15:41:49.993 &amp#27;[32m INFO&amp#27;[m &amp#27;[35m[@503 - main]&amp#27;[m &amp#27;[36mcom.shaft.tools.io.ReportManager&amp#27;[m : Successfully created attachment "Test Data - Excel"
2023-01-22 15:41:50.476 &amp#27;[32m INFO&amp#27;[m &amp#27;[35m[@503 - main]&amp#27;[m &amp#27;[36mcom.shaft.tools.io.ReportManager&amp#27;[m : Response status code: "422", status line: "HTTP/1.1 422 "
2023-01-22 15:41:50.497 &amp#27;[32m INFO&amp#27;[m &amp#27;[35m[@503 - main]&amp#27;[m &amp#27;[36mcom.shaft.tools.io.ReportManager&amp#27;[m : Successfully created attachment "API Request - Specifications"
2023-01-22 15:41:50.499 &amp#27;[32m INFO&amp#27;[m &amp#27;[35m[@503 - main]&amp#27;[m &amp#27;[36mcom.shaft.tools.io.ReportManager&amp#27;[m : Successfully created attachment "API Request - JSON Body"
2023-01-22 15:41:50.500 &amp#27;[32m INFO&amp#27;[m &amp#27;[35m[@503 - main]&amp#27;[m &amp#27;[36mcom.shaft.tools.io.ReportManager&amp#27;[m : Successfully created attachment "API Response - JSON Body"
2023-01-22 15:41:50.502 &amp#27;[32m INFO&amp#27;[m &amp#27;[35m[@503 - main]&amp#27;[m &amp#27;[36mcom.shaft.tools.io.ReportManager&amp#27;[m : File Action "DoesFileExist" successfully performed. With the following test data "File Path: "Schemas/ValidationError_schema.json"".
2023-01-22 15:41:50.503 &amp#27;[32m INFO&amp#27;[m &amp#27;[35m[@503 - main]&amp#27;[m &amp#27;[36mcom.shaft.tools.io.ReportManager&amp#27;[m : File Action "DoesFileExist" successfully performed. With the following test data "File Path: "src/test/resources/testDataFiles/Schemas/ValidationError_schema.json"".
2023-01-22 15:41:50.503 &amp#27;[32m INFO&amp#27;[m &amp#27;[35m[@503 - main]&amp#27;[m &amp#27;[36mcom.shaft.tools.io.ReportManager&amp#27;[m : File Action "GetAbsolutePath" successfully performed. With the following test data "Relative Folder Path: "src/test/resources/testDataFiles/Schemas/ValidationError_schema.json"".
2023-01-22 15:41:50.511 &amp#27;[32m INFO&amp#27;[m &amp#27;[35m[@503 - main]&amp#27;[m &amp#27;[36mcom.shaft.tools.io.ReportManager&amp#27;[m : File Action "DoesFileExist" successfully performed. With the following test data "File Path: "C:\eclipse-workspace\MyProjects\TASystemsAPIs\src\test\resources\testDataFiles\Schemas\ValidationError_schema.json"".
2023-01-22 15:41:50.512 &amp#27;[32m INFO&amp#27;[m &amp#27;[35m[@503 - main]&amp#27;[m &amp#27;[36mcom.shaft.tools.io.ReportManager&amp#27;[m : File Action "GetAbsolutePath" successfully performed. With the following test data "Relative Folder Path: "C:\eclipse-workspace\MyProjects\TASystemsAPIs\src\test\resources\testDataFiles\Schemas\ValidationError_schema.json"".
2023-01-22 15:41:50.512 &amp#27;[32m INFO&amp#27;[m &amp#27;[35m[@503 - main]&amp#27;[m &amp#27;[36mcom.shaft.tools.io.ReportManager&amp#27;[m : File Action "ReadFile" successfully performed. With the following test data "File Path: "C:\eclipse-workspace\MyProjects\TASystemsAPIs\src\test\resources\testDataFiles\Schemas\ValidationError_schema.json"".
2023-01-22 15:41:50.515 &amp#27;[32m INFO&amp#27;[m &amp#27;[35m[@503 - main]&amp#27;[m &amp#27;[36mcom.shaft.tools.io.ReportManager&amp#27;[m : Successfully created attachment "Validation Test Data - Expected JSON Value"
2023-01-22 15:41:50.516 &amp#27;[32m INFO&amp#27;[m &amp#27;[35m[@503 - main]&amp#27;[m &amp#27;[36mcom.shaft.tools.io.ReportManager&amp#27;[m : Successfully created attachment "Validation Test Data - Actual JSON Value"
2023-01-22 15:41:50.519 &amp#27;[32m INFO&amp#27;[m &amp#27;[35m[@503 - main]&amp#27;[m &amp#27;[36mcom.shaft.tools.io.ReportManager&amp#27;[m : Successfully created attachment "SHAFT Engine Logs - Current Method log: Add_Policy_With_InValid_data_TC"
]]></system-out>
  </testcase>
  <testcase name="Add_Policy_With_InValid_data_TC[[Ljava.lang.Object;@744d556f](22)" classname="SteeringCompanyAPI_TestCases.Test_Policies_Cases" time="1.441">
    <system-out><![CDATA[2023-01-22 15:41:50.525 &amp#27;[32m INFO&amp#27;[m &amp#27;[35m[@534 - main]&amp#27;[m &amp#27;[36mcom.shaft.tools.io.ReportManager&amp#27;[m : 
################################################################################################################################################
Starting Execution:	"30 out of 70" test cases in the current suite
Test Method:		"SteeringCompanyAPI_TestCases.Test_Policies_Cases.Add_Policy_With_InValid_data_TC"
Test Description:	"TC052 -Policy- Perform Add Policy with InValid data"
################################################################################################################################################
2023-01-22 15:41:50.525 &amp#27;[32m INFO&amp#27;[m &amp#27;[35m[@503 - main]&amp#27;[m &amp#27;[36mcom.shaft.tools.io.ReportManager&amp#27;[m : File Action "DoesFileExist" successfully performed. With the following test data "File Path: "SteeringCompanyAPI_TestData/SteeringCompanyAPI_TestData.xlsx"".
2023-01-22 15:41:50.601 &amp#27;[32m INFO&amp#27;[m &amp#27;[35m[@503 - main]&amp#27;[m &amp#27;[36mcom.shaft.tools.io.ReportManager&amp#27;[m : Successfully created attachment "Test Data - Excel"
2023-01-22 15:41:51.194 &amp#27;[32m INFO&amp#27;[m &amp#27;[35m[@503 - main]&amp#27;[m &amp#27;[36mcom.shaft.tools.io.ReportManager&amp#27;[m : Response status code: "200", status line: "HTTP/1.1 200 OK"
2023-01-22 15:41:51.218 &amp#27;[32m INFO&amp#27;[m &amp#27;[35m[@503 - main]&amp#27;[m &amp#27;[36mcom.shaft.tools.io.ReportManager&amp#27;[m : Successfully created attachment "API Request - Specifications"
2023-01-22 15:41:51.219 &amp#27;[32m INFO&amp#27;[m &amp#27;[35m[@503 - main]&amp#27;[m &amp#27;[36mcom.shaft.tools.io.ReportManager&amp#27;[m : Successfully created attachment "API Request - Body"
2023-01-22 15:41:51.220 &amp#27;[32m INFO&amp#27;[m &amp#27;[35m[@503 - main]&amp#27;[m &amp#27;[36mcom.shaft.tools.io.ReportManager&amp#27;[m : Successfully created attachment "API Response - JSON Body"
2023-01-22 15:41:51.234 &amp#27;[32m INFO&amp#27;[m &amp#27;[35m[@503 - main]&amp#27;[m &amp#27;[36mcom.shaft.tools.io.ReportManager&amp#27;[m : File Action "DoesFileExist" successfully performed. With the following test data "File Path: "SteeringCompanyAPI_TestData/SteeringCompanyAPI_TestData.xlsx"".
2023-01-22 15:41:51.287 &amp#27;[32m INFO&amp#27;[m &amp#27;[35m[@503 - main]&amp#27;[m &amp#27;[36mcom.shaft.tools.io.ReportManager&amp#27;[m : Successfully created attachment "Test Data - Excel"
2023-01-22 15:41:51.288 &amp#27;[32m INFO&amp#27;[m &amp#27;[35m[@503 - main]&amp#27;[m &amp#27;[36mcom.shaft.tools.io.ReportManager&amp#27;[m : File Action "DoesFileExist" successfully performed. With the following test data "File Path: "SteeringCompanyAPI_TestData/SteeringCompanyAPI_TestData.xlsx"".
2023-01-22 15:41:51.363 &amp#27;[32m INFO&amp#27;[m &amp#27;[35m[@503 - main]&amp#27;[m &amp#27;[36mcom.shaft.tools.io.ReportManager&amp#27;[m : Successfully created attachment "Test Data - Excel"
2023-01-22 15:41:51.363 &amp#27;[32m INFO&amp#27;[m &amp#27;[35m[@503 - main]&amp#27;[m &amp#27;[36mcom.shaft.tools.io.ReportManager&amp#27;[m : File Action "DoesFileExist" successfully performed. With the following test data "File Path: "SteeringCompanyAPI_TestData/SteeringCompanyAPI_TestData.xlsx"".
2023-01-22 15:41:51.423 &amp#27;[32m INFO&amp#27;[m &amp#27;[35m[@503 - main]&amp#27;[m &amp#27;[36mcom.shaft.tools.io.ReportManager&amp#27;[m : Successfully created attachment "Test Data - Excel"
2023-01-22 15:41:51.915 &amp#27;[32m INFO&amp#27;[m &amp#27;[35m[@503 - main]&amp#27;[m &amp#27;[36mcom.shaft.tools.io.ReportManager&amp#27;[m : Response status code: "422", status line: "HTTP/1.1 422 "
2023-01-22 15:41:51.934 &amp#27;[32m INFO&amp#27;[m &amp#27;[35m[@503 - main]&amp#27;[m &amp#27;[36mcom.shaft.tools.io.ReportManager&amp#27;[m : Successfully created attachment "API Request - Specifications"
2023-01-22 15:41:51.936 &amp#27;[32m INFO&amp#27;[m &amp#27;[35m[@503 - main]&amp#27;[m &amp#27;[36mcom.shaft.tools.io.ReportManager&amp#27;[m : Successfully created attachment "API Request - JSON Body"
2023-01-22 15:41:51.938 &amp#27;[32m INFO&amp#27;[m &amp#27;[35m[@503 - main]&amp#27;[m &amp#27;[36mcom.shaft.tools.io.ReportManager&amp#27;[m : Successfully created attachment "API Response - JSON Body"
2023-01-22 15:41:51.942 &amp#27;[32m INFO&amp#27;[m &amp#27;[35m[@503 - main]&amp#27;[m &amp#27;[36mcom.shaft.tools.io.ReportManager&amp#27;[m : File Action "DoesFileExist" successfully performed. With the following test data "File Path: "Schemas/ValidationError_schema.json"".
2023-01-22 15:41:51.943 &amp#27;[32m INFO&amp#27;[m &amp#27;[35m[@503 - main]&amp#27;[m &amp#27;[36mcom.shaft.tools.io.ReportManager&amp#27;[m : File Action "DoesFileExist" successfully performed. With the following test data "File Path: "src/test/resources/testDataFiles/Schemas/ValidationError_schema.json"".
2023-01-22 15:41:51.944 &amp#27;[32m INFO&amp#27;[m &amp#27;[35m[@503 - main]&amp#27;[m &amp#27;[36mcom.shaft.tools.io.ReportManager&amp#27;[m : File Action "GetAbsolutePath" successfully performed. With the following test data "Relative Folder Path: "src/test/resources/testDataFiles/Schemas/ValidationError_schema.json"".
2023-01-22 15:41:51.952 &amp#27;[32m INFO&amp#27;[m &amp#27;[35m[@503 - main]&amp#27;[m &amp#27;[36mcom.shaft.tools.io.ReportManager&amp#27;[m : File Action "DoesFileExist" successfully performed. With the following test data "File Path: "C:\eclipse-workspace\MyProjects\TASystemsAPIs\src\test\resources\testDataFiles\Schemas\ValidationError_schema.json"".
2023-01-22 15:41:51.953 &amp#27;[32m INFO&amp#27;[m &amp#27;[35m[@503 - main]&amp#27;[m &amp#27;[36mcom.shaft.tools.io.ReportManager&amp#27;[m : File Action "GetAbsolutePath" successfully performed. With the following test data "Relative Folder Path: "C:\eclipse-workspace\MyProjects\TASystemsAPIs\src\test\resources\testDataFiles\Schemas\ValidationError_schema.json"".
2023-01-22 15:41:51.953 &amp#27;[32m INFO&amp#27;[m &amp#27;[35m[@503 - main]&amp#27;[m &amp#27;[36mcom.shaft.tools.io.ReportManager&amp#27;[m : File Action "ReadFile" successfully performed. With the following test data "File Path: "C:\eclipse-workspace\MyProjects\TASystemsAPIs\src\test\resources\testDataFiles\Schemas\ValidationError_schema.json"".
2023-01-22 15:41:51.957 &amp#27;[32m INFO&amp#27;[m &amp#27;[35m[@503 - main]&amp#27;[m &amp#27;[36mcom.shaft.tools.io.ReportManager&amp#27;[m : Successfully created attachment "Validation Test Data - Expected JSON Value"
2023-01-22 15:41:51.959 &amp#27;[32m INFO&amp#27;[m &amp#27;[35m[@503 - main]&amp#27;[m &amp#27;[36mcom.shaft.tools.io.ReportManager&amp#27;[m : Successfully created attachment "Validation Test Data - Actual JSON Value"
2023-01-22 15:41:51.961 &amp#27;[32m INFO&amp#27;[m &amp#27;[35m[@503 - main]&amp#27;[m &amp#27;[36mcom.shaft.tools.io.ReportManager&amp#27;[m : Successfully created attachment "SHAFT Engine Logs - Current Method log: Add_Policy_With_InValid_data_TC"
]]></system-out>
  </testcase>
  <testcase name="Add_Policy_With_InValid_data_TC[[Ljava.lang.Object;@38efa316](23)" classname="SteeringCompanyAPI_TestCases.Test_Policies_Cases" time="1.534">
    <system-out><![CDATA[2023-01-22 15:41:51.966 &amp#27;[32m INFO&amp#27;[m &amp#27;[35m[@534 - main]&amp#27;[m &amp#27;[36mcom.shaft.tools.io.ReportManager&amp#27;[m : 
################################################################################################################################################
Starting Execution:	"31 out of 70" test cases in the current suite
Test Method:		"SteeringCompanyAPI_TestCases.Test_Policies_Cases.Add_Policy_With_InValid_data_TC"
Test Description:	"TC052 -Policy- Perform Add Policy with InValid data"
################################################################################################################################################
2023-01-22 15:41:51.967 &amp#27;[32m INFO&amp#27;[m &amp#27;[35m[@503 - main]&amp#27;[m &amp#27;[36mcom.shaft.tools.io.ReportManager&amp#27;[m : File Action "DoesFileExist" successfully performed. With the following test data "File Path: "SteeringCompanyAPI_TestData/SteeringCompanyAPI_TestData.xlsx"".
2023-01-22 15:41:52.021 &amp#27;[32m INFO&amp#27;[m &amp#27;[35m[@503 - main]&amp#27;[m &amp#27;[36mcom.shaft.tools.io.ReportManager&amp#27;[m : Successfully created attachment "Test Data - Excel"
2023-01-22 15:41:52.662 &amp#27;[32m INFO&amp#27;[m &amp#27;[35m[@503 - main]&amp#27;[m &amp#27;[36mcom.shaft.tools.io.ReportManager&amp#27;[m : Response status code: "200", status line: "HTTP/1.1 200 OK"
2023-01-22 15:41:52.687 &amp#27;[32m INFO&amp#27;[m &amp#27;[35m[@503 - main]&amp#27;[m &amp#27;[36mcom.shaft.tools.io.ReportManager&amp#27;[m : Successfully created attachment "API Request - Specifications"
2023-01-22 15:41:52.689 &amp#27;[32m INFO&amp#27;[m &amp#27;[35m[@503 - main]&amp#27;[m &amp#27;[36mcom.shaft.tools.io.ReportManager&amp#27;[m : Successfully created attachment "API Request - Body"
2023-01-22 15:41:52.691 &amp#27;[32m INFO&amp#27;[m &amp#27;[35m[@503 - main]&amp#27;[m &amp#27;[36mcom.shaft.tools.io.ReportManager&amp#27;[m : Successfully created attachment "API Response - JSON Body"
2023-01-22 15:41:52.719 &amp#27;[32m INFO&amp#27;[m &amp#27;[35m[@503 - main]&amp#27;[m &amp#27;[36mcom.shaft.tools.io.ReportManager&amp#27;[m : File Action "DoesFileExist" successfully performed. With the following test data "File Path: "SteeringCompanyAPI_TestData/SteeringCompanyAPI_TestData.xlsx"".
2023-01-22 15:41:52.795 &amp#27;[32m INFO&amp#27;[m &amp#27;[35m[@503 - main]&amp#27;[m &amp#27;[36mcom.shaft.tools.io.ReportManager&amp#27;[m : Successfully created attachment "Test Data - Excel"
2023-01-22 15:41:52.796 &amp#27;[32m INFO&amp#27;[m &amp#27;[35m[@503 - main]&amp#27;[m &amp#27;[36mcom.shaft.tools.io.ReportManager&amp#27;[m : File Action "DoesFileExist" successfully performed. With the following test data "File Path: "SteeringCompanyAPI_TestData/SteeringCompanyAPI_TestData.xlsx"".
2023-01-22 15:41:52.853 &amp#27;[32m INFO&amp#27;[m &amp#27;[35m[@503 - main]&amp#27;[m &amp#27;[36mcom.shaft.tools.io.ReportManager&amp#27;[m : Successfully created attachment "Test Data - Excel"
2023-01-22 15:41:52.854 &amp#27;[32m INFO&amp#27;[m &amp#27;[35m[@503 - main]&amp#27;[m &amp#27;[36mcom.shaft.tools.io.ReportManager&amp#27;[m : File Action "DoesFileExist" successfully performed. With the following test data "File Path: "SteeringCompanyAPI_TestData/SteeringCompanyAPI_TestData.xlsx"".
2023-01-22 15:41:52.942 &amp#27;[32m INFO&amp#27;[m &amp#27;[35m[@503 - main]&amp#27;[m &amp#27;[36mcom.shaft.tools.io.ReportManager&amp#27;[m : Successfully created attachment "Test Data - Excel"
2023-01-22 15:41:53.418 &amp#27;[32m INFO&amp#27;[m &amp#27;[35m[@503 - main]&amp#27;[m &amp#27;[36mcom.shaft.tools.io.ReportManager&amp#27;[m : Response status code: "422", status line: "HTTP/1.1 422 "
2023-01-22 15:41:53.444 &amp#27;[32m INFO&amp#27;[m &amp#27;[35m[@503 - main]&amp#27;[m &amp#27;[36mcom.shaft.tools.io.ReportManager&amp#27;[m : Successfully created attachment "API Request - Specifications"
2023-01-22 15:41:53.465 &amp#27;[32m INFO&amp#27;[m &amp#27;[35m[@503 - main]&amp#27;[m &amp#27;[36mcom.shaft.tools.io.ReportManager&amp#27;[m : Successfully created attachment "API Request - JSON Body"
2023-01-22 15:41:53.467 &amp#27;[32m INFO&amp#27;[m &amp#27;[35m[@503 - main]&amp#27;[m &amp#27;[36mcom.shaft.tools.io.ReportManager&amp#27;[m : Successfully created attachment "API Response - JSON Body"
2023-01-22 15:41:53.471 &amp#27;[32m INFO&amp#27;[m &amp#27;[35m[@503 - main]&amp#27;[m &amp#27;[36mcom.shaft.tools.io.ReportManager&amp#27;[m : File Action "DoesFileExist" successfully performed. With the following test data "File Path: "Schemas/ValidationError_schema.json"".
2023-01-22 15:41:53.472 &amp#27;[32m INFO&amp#27;[m &amp#27;[35m[@503 - main]&amp#27;[m &amp#27;[36mcom.shaft.tools.io.ReportManager&amp#27;[m : File Action "DoesFileExist" successfully performed. With the following test data "File Path: "src/test/resources/testDataFiles/Schemas/ValidationError_schema.json"".
2023-01-22 15:41:53.472 &amp#27;[32m INFO&amp#27;[m &amp#27;[35m[@503 - main]&amp#27;[m &amp#27;[36mcom.shaft.tools.io.ReportManager&amp#27;[m : File Action "GetAbsolutePath" successfully performed. With the following test data "Relative Folder Path: "src/test/resources/testDataFiles/Schemas/ValidationError_schema.json"".
2023-01-22 15:41:53.478 &amp#27;[32m INFO&amp#27;[m &amp#27;[35m[@503 - main]&amp#27;[m &amp#27;[36mcom.shaft.tools.io.ReportManager&amp#27;[m : File Action "DoesFileExist" successfully performed. With the following test data "File Path: "C:\eclipse-workspace\MyProjects\TASystemsAPIs\src\test\resources\testDataFiles\Schemas\ValidationError_schema.json"".
2023-01-22 15:41:53.479 &amp#27;[32m INFO&amp#27;[m &amp#27;[35m[@503 - main]&amp#27;[m &amp#27;[36mcom.shaft.tools.io.ReportManager&amp#27;[m : File Action "GetAbsolutePath" successfully performed. With the following test data "Relative Folder Path: "C:\eclipse-workspace\MyProjects\TASystemsAPIs\src\test\resources\testDataFiles\Schemas\ValidationError_schema.json"".
2023-01-22 15:41:53.480 &amp#27;[32m INFO&amp#27;[m &amp#27;[35m[@503 - main]&amp#27;[m &amp#27;[36mcom.shaft.tools.io.ReportManager&amp#27;[m : File Action "ReadFile" successfully performed. With the following test data "File Path: "C:\eclipse-workspace\MyProjects\TASystemsAPIs\src\test\resources\testDataFiles\Schemas\ValidationError_schema.json"".
2023-01-22 15:41:53.485 &amp#27;[32m INFO&amp#27;[m &amp#27;[35m[@503 - main]&amp#27;[m &amp#27;[36mcom.shaft.tools.io.ReportManager&amp#27;[m : Successfully created attachment "Validation Test Data - Expected JSON Value"
2023-01-22 15:41:53.488 &amp#27;[32m INFO&amp#27;[m &amp#27;[35m[@503 - main]&amp#27;[m &amp#27;[36mcom.shaft.tools.io.ReportManager&amp#27;[m : Successfully created attachment "Validation Test Data - Actual JSON Value"
2023-01-22 15:41:53.493 &amp#27;[32m INFO&amp#27;[m &amp#27;[35m[@503 - main]&amp#27;[m &amp#27;[36mcom.shaft.tools.io.ReportManager&amp#27;[m : Successfully created attachment "SHAFT Engine Logs - Current Method log: Add_Policy_With_InValid_data_TC"
]]></system-out>
  </testcase>
  <testcase name="Add_Policy_With_InValid_data_TC[[Ljava.lang.Object;@53e759b1](24)" classname="SteeringCompanyAPI_TestCases.Test_Policies_Cases" time="1.974">
    <system-out><![CDATA[2023-01-22 15:41:53.501 &amp#27;[32m INFO&amp#27;[m &amp#27;[35m[@534 - main]&amp#27;[m &amp#27;[36mcom.shaft.tools.io.ReportManager&amp#27;[m : 
################################################################################################################################################
Starting Execution:	"32 out of 70" test cases in the current suite
Test Method:		"SteeringCompanyAPI_TestCases.Test_Policies_Cases.Add_Policy_With_InValid_data_TC"
Test Description:	"TC052 -Policy- Perform Add Policy with InValid data"
################################################################################################################################################
2023-01-22 15:41:53.502 &amp#27;[32m INFO&amp#27;[m &amp#27;[35m[@503 - main]&amp#27;[m &amp#27;[36mcom.shaft.tools.io.ReportManager&amp#27;[m : File Action "DoesFileExist" successfully performed. With the following test data "File Path: "SteeringCompanyAPI_TestData/SteeringCompanyAPI_TestData.xlsx"".
2023-01-22 15:41:53.575 &amp#27;[32m INFO&amp#27;[m &amp#27;[35m[@503 - main]&amp#27;[m &amp#27;[36mcom.shaft.tools.io.ReportManager&amp#27;[m : Successfully created attachment "Test Data - Excel"
2023-01-22 15:41:54.234 &amp#27;[32m INFO&amp#27;[m &amp#27;[35m[@503 - main]&amp#27;[m &amp#27;[36mcom.shaft.tools.io.ReportManager&amp#27;[m : Response status code: "200", status line: "HTTP/1.1 200 OK"
2023-01-22 15:41:54.262 &amp#27;[32m INFO&amp#27;[m &amp#27;[35m[@503 - main]&amp#27;[m &amp#27;[36mcom.shaft.tools.io.ReportManager&amp#27;[m : Successfully created attachment "API Request - Specifications"
2023-01-22 15:41:54.262 &amp#27;[32m INFO&amp#27;[m &amp#27;[35m[@503 - main]&amp#27;[m &amp#27;[36mcom.shaft.tools.io.ReportManager&amp#27;[m : Successfully created attachment "API Request - Body"
2023-01-22 15:41:54.263 &amp#27;[32m INFO&amp#27;[m &amp#27;[35m[@503 - main]&amp#27;[m &amp#27;[36mcom.shaft.tools.io.ReportManager&amp#27;[m : Successfully created attachment "API Response - JSON Body"
2023-01-22 15:41:54.290 &amp#27;[32m INFO&amp#27;[m &amp#27;[35m[@503 - main]&amp#27;[m &amp#27;[36mcom.shaft.tools.io.ReportManager&amp#27;[m : File Action "DoesFileExist" successfully performed. With the following test data "File Path: "SteeringCompanyAPI_TestData/SteeringCompanyAPI_TestData.xlsx"".
2023-01-22 15:41:54.395 &amp#27;[32m INFO&amp#27;[m &amp#27;[35m[@503 - main]&amp#27;[m &amp#27;[36mcom.shaft.tools.io.ReportManager&amp#27;[m : Successfully created attachment "Test Data - Excel"
2023-01-22 15:41:54.395 &amp#27;[32m INFO&amp#27;[m &amp#27;[35m[@503 - main]&amp#27;[m &amp#27;[36mcom.shaft.tools.io.ReportManager&amp#27;[m : File Action "DoesFileExist" successfully performed. With the following test data "File Path: "SteeringCompanyAPI_TestData/SteeringCompanyAPI_TestData.xlsx"".
2023-01-22 15:41:54.598 &amp#27;[32m INFO&amp#27;[m &amp#27;[35m[@503 - main]&amp#27;[m &amp#27;[36mcom.shaft.tools.io.ReportManager&amp#27;[m : Successfully created attachment "Test Data - Excel"
2023-01-22 15:41:54.611 &amp#27;[32m INFO&amp#27;[m &amp#27;[35m[@503 - main]&amp#27;[m &amp#27;[36mcom.shaft.tools.io.ReportManager&amp#27;[m : File Action "DoesFileExist" successfully performed. With the following test data "File Path: "SteeringCompanyAPI_TestData/SteeringCompanyAPI_TestData.xlsx"".
2023-01-22 15:41:54.801 &amp#27;[32m INFO&amp#27;[m &amp#27;[35m[@503 - main]&amp#27;[m &amp#27;[36mcom.shaft.tools.io.ReportManager&amp#27;[m : Successfully created attachment "Test Data - Excel"
2023-01-22 15:41:55.414 &amp#27;[32m INFO&amp#27;[m &amp#27;[35m[@503 - main]&amp#27;[m &amp#27;[36mcom.shaft.tools.io.ReportManager&amp#27;[m : Response status code: "422", status line: "HTTP/1.1 422 "
2023-01-22 15:41:55.448 &amp#27;[32m INFO&amp#27;[m &amp#27;[35m[@503 - main]&amp#27;[m &amp#27;[36mcom.shaft.tools.io.ReportManager&amp#27;[m : Successfully created attachment "API Request - Specifications"
2023-01-22 15:41:55.450 &amp#27;[32m INFO&amp#27;[m &amp#27;[35m[@503 - main]&amp#27;[m &amp#27;[36mcom.shaft.tools.io.ReportManager&amp#27;[m : Successfully created attachment "API Request - JSON Body"
2023-01-22 15:41:55.452 &amp#27;[32m INFO&amp#27;[m &amp#27;[35m[@503 - main]&amp#27;[m &amp#27;[36mcom.shaft.tools.io.ReportManager&amp#27;[m : Successfully created attachment "API Response - JSON Body"
2023-01-22 15:41:55.454 &amp#27;[32m INFO&amp#27;[m &amp#27;[35m[@503 - main]&amp#27;[m &amp#27;[36mcom.shaft.tools.io.ReportManager&amp#27;[m : File Action "DoesFileExist" successfully performed. With the following test data "File Path: "Schemas/ValidationError_schema.json"".
2023-01-22 15:41:55.455 &amp#27;[32m INFO&amp#27;[m &amp#27;[35m[@503 - main]&amp#27;[m &amp#27;[36mcom.shaft.tools.io.ReportManager&amp#27;[m : File Action "DoesFileExist" successfully performed. With the following test data "File Path: "src/test/resources/testDataFiles/Schemas/ValidationError_schema.json"".
2023-01-22 15:41:55.456 &amp#27;[32m INFO&amp#27;[m &amp#27;[35m[@503 - main]&amp#27;[m &amp#27;[36mcom.shaft.tools.io.ReportManager&amp#27;[m : File Action "GetAbsolutePath" successfully performed. With the following test data "Relative Folder Path: "src/test/resources/testDataFiles/Schemas/ValidationError_schema.json"".
2023-01-22 15:41:55.462 &amp#27;[32m INFO&amp#27;[m &amp#27;[35m[@503 - main]&amp#27;[m &amp#27;[36mcom.shaft.tools.io.ReportManager&amp#27;[m : File Action "DoesFileExist" successfully performed. With the following test data "File Path: "C:\eclipse-workspace\MyProjects\TASystemsAPIs\src\test\resources\testDataFiles\Schemas\ValidationError_schema.json"".
2023-01-22 15:41:55.462 &amp#27;[32m INFO&amp#27;[m &amp#27;[35m[@503 - main]&amp#27;[m &amp#27;[36mcom.shaft.tools.io.ReportManager&amp#27;[m : File Action "GetAbsolutePath" successfully performed. With the following test data "Relative Folder Path: "C:\eclipse-workspace\MyProjects\TASystemsAPIs\src\test\resources\testDataFiles\Schemas\ValidationError_schema.json"".
2023-01-22 15:41:55.463 &amp#27;[32m INFO&amp#27;[m &amp#27;[35m[@503 - main]&amp#27;[m &amp#27;[36mcom.shaft.tools.io.ReportManager&amp#27;[m : File Action "ReadFile" successfully performed. With the following test data "File Path: "C:\eclipse-workspace\MyProjects\TASystemsAPIs\src\test\resources\testDataFiles\Schemas\ValidationError_schema.json"".
2023-01-22 15:41:55.465 &amp#27;[32m INFO&amp#27;[m &amp#27;[35m[@503 - main]&amp#27;[m &amp#27;[36mcom.shaft.tools.io.ReportManager&amp#27;[m : Successfully created attachment "Validation Test Data - Expected JSON Value"
2023-01-22 15:41:55.466 &amp#27;[32m INFO&amp#27;[m &amp#27;[35m[@503 - main]&amp#27;[m &amp#27;[36mcom.shaft.tools.io.ReportManager&amp#27;[m : Successfully created attachment "Validation Test Data - Actual JSON Value"
2023-01-22 15:41:55.467 &amp#27;[32m INFO&amp#27;[m &amp#27;[35m[@503 - main]&amp#27;[m &amp#27;[36mcom.shaft.tools.io.ReportManager&amp#27;[m : Successfully created attachment "SHAFT Engine Logs - Current Method log: Add_Policy_With_InValid_data_TC"
]]></system-out>
  </testcase>
  <testcase name="Add_Policy_With_InValid_data_TC[[Ljava.lang.Object;@68db2d5c](25)" classname="SteeringCompanyAPI_TestCases.Test_Policies_Cases" time="1.646">
    <system-out><![CDATA[2023-01-22 15:41:55.476 &amp#27;[32m INFO&amp#27;[m &amp#27;[35m[@534 - main]&amp#27;[m &amp#27;[36mcom.shaft.tools.io.ReportManager&amp#27;[m : 
################################################################################################################################################
Starting Execution:	"33 out of 70" test cases in the current suite
Test Method:		"SteeringCompanyAPI_TestCases.Test_Policies_Cases.Add_Policy_With_InValid_data_TC"
Test Description:	"TC052 -Policy- Perform Add Policy with InValid data"
################################################################################################################################################
2023-01-22 15:41:55.476 &amp#27;[32m INFO&amp#27;[m &amp#27;[35m[@503 - main]&amp#27;[m &amp#27;[36mcom.shaft.tools.io.ReportManager&amp#27;[m : File Action "DoesFileExist" successfully performed. With the following test data "File Path: "SteeringCompanyAPI_TestData/SteeringCompanyAPI_TestData.xlsx"".
2023-01-22 15:41:55.536 &amp#27;[32m INFO&amp#27;[m &amp#27;[35m[@503 - main]&amp#27;[m &amp#27;[36mcom.shaft.tools.io.ReportManager&amp#27;[m : Successfully created attachment "Test Data - Excel"
2023-01-22 15:41:56.232 &amp#27;[32m INFO&amp#27;[m &amp#27;[35m[@503 - main]&amp#27;[m &amp#27;[36mcom.shaft.tools.io.ReportManager&amp#27;[m : Response status code: "200", status line: "HTTP/1.1 200 OK"
2023-01-22 15:41:56.254 &amp#27;[32m INFO&amp#27;[m &amp#27;[35m[@503 - main]&amp#27;[m &amp#27;[36mcom.shaft.tools.io.ReportManager&amp#27;[m : Successfully created attachment "API Request - Specifications"
2023-01-22 15:41:56.255 &amp#27;[32m INFO&amp#27;[m &amp#27;[35m[@503 - main]&amp#27;[m &amp#27;[36mcom.shaft.tools.io.ReportManager&amp#27;[m : Successfully created attachment "API Request - Body"
2023-01-22 15:41:56.257 &amp#27;[32m INFO&amp#27;[m &amp#27;[35m[@503 - main]&amp#27;[m &amp#27;[36mcom.shaft.tools.io.ReportManager&amp#27;[m : Successfully created attachment "API Response - JSON Body"
2023-01-22 15:41:56.272 &amp#27;[32m INFO&amp#27;[m &amp#27;[35m[@503 - main]&amp#27;[m &amp#27;[36mcom.shaft.tools.io.ReportManager&amp#27;[m : File Action "DoesFileExist" successfully performed. With the following test data "File Path: "SteeringCompanyAPI_TestData/SteeringCompanyAPI_TestData.xlsx"".
2023-01-22 15:41:56.328 &amp#27;[32m INFO&amp#27;[m &amp#27;[35m[@503 - main]&amp#27;[m &amp#27;[36mcom.shaft.tools.io.ReportManager&amp#27;[m : Successfully created attachment "Test Data - Excel"
2023-01-22 15:41:56.329 &amp#27;[32m INFO&amp#27;[m &amp#27;[35m[@503 - main]&amp#27;[m &amp#27;[36mcom.shaft.tools.io.ReportManager&amp#27;[m : File Action "DoesFileExist" successfully performed. With the following test data "File Path: "SteeringCompanyAPI_TestData/SteeringCompanyAPI_TestData.xlsx"".
2023-01-22 15:41:56.378 &amp#27;[32m INFO&amp#27;[m &amp#27;[35m[@503 - main]&amp#27;[m &amp#27;[36mcom.shaft.tools.io.ReportManager&amp#27;[m : Successfully created attachment "Test Data - Excel"
2023-01-22 15:41:56.379 &amp#27;[32m INFO&amp#27;[m &amp#27;[35m[@503 - main]&amp#27;[m &amp#27;[36mcom.shaft.tools.io.ReportManager&amp#27;[m : File Action "DoesFileExist" successfully performed. With the following test data "File Path: "SteeringCompanyAPI_TestData/SteeringCompanyAPI_TestData.xlsx"".
2023-01-22 15:41:56.462 &amp#27;[32m INFO&amp#27;[m &amp#27;[35m[@503 - main]&amp#27;[m &amp#27;[36mcom.shaft.tools.io.ReportManager&amp#27;[m : Successfully created attachment "Test Data - Excel"
2023-01-22 15:41:57.078 &amp#27;[32m INFO&amp#27;[m &amp#27;[35m[@503 - main]&amp#27;[m &amp#27;[36mcom.shaft.tools.io.ReportManager&amp#27;[m : Response status code: "422", status line: "HTTP/1.1 422 "
2023-01-22 15:41:57.097 &amp#27;[32m INFO&amp#27;[m &amp#27;[35m[@503 - main]&amp#27;[m &amp#27;[36mcom.shaft.tools.io.ReportManager&amp#27;[m : Successfully created attachment "API Request - Specifications"
2023-01-22 15:41:57.100 &amp#27;[32m INFO&amp#27;[m &amp#27;[35m[@503 - main]&amp#27;[m &amp#27;[36mcom.shaft.tools.io.ReportManager&amp#27;[m : Successfully created attachment "API Request - JSON Body"
2023-01-22 15:41:57.102 &amp#27;[32m INFO&amp#27;[m &amp#27;[35m[@503 - main]&amp#27;[m &amp#27;[36mcom.shaft.tools.io.ReportManager&amp#27;[m : Successfully created attachment "API Response - JSON Body"
2023-01-22 15:41:57.103 &amp#27;[32m INFO&amp#27;[m &amp#27;[35m[@503 - main]&amp#27;[m &amp#27;[36mcom.shaft.tools.io.ReportManager&amp#27;[m : File Action "DoesFileExist" successfully performed. With the following test data "File Path: "Schemas/ValidationError_schema.json"".
2023-01-22 15:41:57.103 &amp#27;[32m INFO&amp#27;[m &amp#27;[35m[@503 - main]&amp#27;[m &amp#27;[36mcom.shaft.tools.io.ReportManager&amp#27;[m : File Action "DoesFileExist" successfully performed. With the following test data "File Path: "src/test/resources/testDataFiles/Schemas/ValidationError_schema.json"".
2023-01-22 15:41:57.103 &amp#27;[32m INFO&amp#27;[m &amp#27;[35m[@503 - main]&amp#27;[m &amp#27;[36mcom.shaft.tools.io.ReportManager&amp#27;[m : File Action "GetAbsolutePath" successfully performed. With the following test data "Relative Folder Path: "src/test/resources/testDataFiles/Schemas/ValidationError_schema.json"".
2023-01-22 15:41:57.108 &amp#27;[32m INFO&amp#27;[m &amp#27;[35m[@503 - main]&amp#27;[m &amp#27;[36mcom.shaft.tools.io.ReportManager&amp#27;[m : File Action "DoesFileExist" successfully performed. With the following test data "File Path: "C:\eclipse-workspace\MyProjects\TASystemsAPIs\src\test\resources\testDataFiles\Schemas\ValidationError_schema.json"".
2023-01-22 15:41:57.108 &amp#27;[32m INFO&amp#27;[m &amp#27;[35m[@503 - main]&amp#27;[m &amp#27;[36mcom.shaft.tools.io.ReportManager&amp#27;[m : File Action "GetAbsolutePath" successfully performed. With the following test data "Relative Folder Path: "C:\eclipse-workspace\MyProjects\TASystemsAPIs\src\test\resources\testDataFiles\Schemas\ValidationError_schema.json"".
2023-01-22 15:41:57.108 &amp#27;[32m INFO&amp#27;[m &amp#27;[35m[@503 - main]&amp#27;[m &amp#27;[36mcom.shaft.tools.io.ReportManager&amp#27;[m : File Action "ReadFile" successfully performed. With the following test data "File Path: "C:\eclipse-workspace\MyProjects\TASystemsAPIs\src\test\resources\testDataFiles\Schemas\ValidationError_schema.json"".
2023-01-22 15:41:57.113 &amp#27;[32m INFO&amp#27;[m &amp#27;[35m[@503 - main]&amp#27;[m &amp#27;[36mcom.shaft.tools.io.ReportManager&amp#27;[m : Successfully created attachment "Validation Test Data - Expected JSON Value"
2023-01-22 15:41:57.114 &amp#27;[32m INFO&amp#27;[m &amp#27;[35m[@503 - main]&amp#27;[m &amp#27;[36mcom.shaft.tools.io.ReportManager&amp#27;[m : Successfully created attachment "Validation Test Data - Actual JSON Value"
2023-01-22 15:41:57.116 &amp#27;[32m INFO&amp#27;[m &amp#27;[35m[@503 - main]&amp#27;[m &amp#27;[36mcom.shaft.tools.io.ReportManager&amp#27;[m : Successfully created attachment "SHAFT Engine Logs - Current Method log: Add_Policy_With_InValid_data_TC"
]]></system-out>
  </testcase>
  <testcase name="Add_Policy_With_InValid_data_TC[[Ljava.lang.Object;@4430fb25](26)" classname="SteeringCompanyAPI_TestCases.Test_Policies_Cases" time="1.443">
    <system-out><![CDATA[2023-01-22 15:41:57.124 &amp#27;[32m INFO&amp#27;[m &amp#27;[35m[@534 - main]&amp#27;[m &amp#27;[36mcom.shaft.tools.io.ReportManager&amp#27;[m : 
################################################################################################################################################
Starting Execution:	"34 out of 70" test cases in the current suite
Test Method:		"SteeringCompanyAPI_TestCases.Test_Policies_Cases.Add_Policy_With_InValid_data_TC"
Test Description:	"TC052 -Policy- Perform Add Policy with InValid data"
################################################################################################################################################
2023-01-22 15:41:57.124 &amp#27;[32m INFO&amp#27;[m &amp#27;[35m[@503 - main]&amp#27;[m &amp#27;[36mcom.shaft.tools.io.ReportManager&amp#27;[m : File Action "DoesFileExist" successfully performed. With the following test data "File Path: "SteeringCompanyAPI_TestData/SteeringCompanyAPI_TestData.xlsx"".
2023-01-22 15:41:57.181 &amp#27;[32m INFO&amp#27;[m &amp#27;[35m[@503 - main]&amp#27;[m &amp#27;[36mcom.shaft.tools.io.ReportManager&amp#27;[m : Successfully created attachment "Test Data - Excel"
2023-01-22 15:41:57.795 &amp#27;[32m INFO&amp#27;[m &amp#27;[35m[@503 - main]&amp#27;[m &amp#27;[36mcom.shaft.tools.io.ReportManager&amp#27;[m : Response status code: "200", status line: "HTTP/1.1 200 OK"
2023-01-22 15:41:57.828 &amp#27;[32m INFO&amp#27;[m &amp#27;[35m[@503 - main]&amp#27;[m &amp#27;[36mcom.shaft.tools.io.ReportManager&amp#27;[m : Successfully created attachment "API Request - Specifications"
2023-01-22 15:41:57.829 &amp#27;[32m INFO&amp#27;[m &amp#27;[35m[@503 - main]&amp#27;[m &amp#27;[36mcom.shaft.tools.io.ReportManager&amp#27;[m : Successfully created attachment "API Request - Body"
2023-01-22 15:41:57.829 &amp#27;[32m INFO&amp#27;[m &amp#27;[35m[@503 - main]&amp#27;[m &amp#27;[36mcom.shaft.tools.io.ReportManager&amp#27;[m : Successfully created attachment "API Response - JSON Body"
2023-01-22 15:41:57.848 &amp#27;[32m INFO&amp#27;[m &amp#27;[35m[@503 - main]&amp#27;[m &amp#27;[36mcom.shaft.tools.io.ReportManager&amp#27;[m : File Action "DoesFileExist" successfully performed. With the following test data "File Path: "SteeringCompanyAPI_TestData/SteeringCompanyAPI_TestData.xlsx"".
2023-01-22 15:41:57.907 &amp#27;[32m INFO&amp#27;[m &amp#27;[35m[@503 - main]&amp#27;[m &amp#27;[36mcom.shaft.tools.io.ReportManager&amp#27;[m : Successfully created attachment "Test Data - Excel"
2023-01-22 15:41:57.907 &amp#27;[32m INFO&amp#27;[m &amp#27;[35m[@503 - main]&amp#27;[m &amp#27;[36mcom.shaft.tools.io.ReportManager&amp#27;[m : File Action "DoesFileExist" successfully performed. With the following test data "File Path: "SteeringCompanyAPI_TestData/SteeringCompanyAPI_TestData.xlsx"".
2023-01-22 15:41:57.976 &amp#27;[32m INFO&amp#27;[m &amp#27;[35m[@503 - main]&amp#27;[m &amp#27;[36mcom.shaft.tools.io.ReportManager&amp#27;[m : Successfully created attachment "Test Data - Excel"
2023-01-22 15:41:57.976 &amp#27;[32m INFO&amp#27;[m &amp#27;[35m[@503 - main]&amp#27;[m &amp#27;[36mcom.shaft.tools.io.ReportManager&amp#27;[m : File Action "DoesFileExist" successfully performed. With the following test data "File Path: "SteeringCompanyAPI_TestData/SteeringCompanyAPI_TestData.xlsx"".
2023-01-22 15:41:58.003 &amp#27;[32m INFO&amp#27;[m &amp#27;[35m[@503 - main]&amp#27;[m &amp#27;[36mcom.shaft.tools.io.ReportManager&amp#27;[m : Successfully created attachment "Test Data - Excel"
2023-01-22 15:41:58.536 &amp#27;[32m INFO&amp#27;[m &amp#27;[35m[@503 - main]&amp#27;[m &amp#27;[36mcom.shaft.tools.io.ReportManager&amp#27;[m : Response status code: "422", status line: "HTTP/1.1 422 "
2023-01-22 15:41:58.546 &amp#27;[32m INFO&amp#27;[m &amp#27;[35m[@503 - main]&amp#27;[m &amp#27;[36mcom.shaft.tools.io.ReportManager&amp#27;[m : Successfully created attachment "API Request - Specifications"
2023-01-22 15:41:58.546 &amp#27;[32m INFO&amp#27;[m &amp#27;[35m[@503 - main]&amp#27;[m &amp#27;[36mcom.shaft.tools.io.ReportManager&amp#27;[m : Successfully created attachment "API Request - JSON Body"
2023-01-22 15:41:58.548 &amp#27;[32m INFO&amp#27;[m &amp#27;[35m[@503 - main]&amp#27;[m &amp#27;[36mcom.shaft.tools.io.ReportManager&amp#27;[m : Successfully created attachment "API Response - JSON Body"
2023-01-22 15:41:58.550 &amp#27;[32m INFO&amp#27;[m &amp#27;[35m[@503 - main]&amp#27;[m &amp#27;[36mcom.shaft.tools.io.ReportManager&amp#27;[m : File Action "DoesFileExist" successfully performed. With the following test data "File Path: "Schemas/ValidationError_schema.json"".
2023-01-22 15:41:58.550 &amp#27;[32m INFO&amp#27;[m &amp#27;[35m[@503 - main]&amp#27;[m &amp#27;[36mcom.shaft.tools.io.ReportManager&amp#27;[m : File Action "DoesFileExist" successfully performed. With the following test data "File Path: "src/test/resources/testDataFiles/Schemas/ValidationError_schema.json"".
2023-01-22 15:41:58.550 &amp#27;[32m INFO&amp#27;[m &amp#27;[35m[@503 - main]&amp#27;[m &amp#27;[36mcom.shaft.tools.io.ReportManager&amp#27;[m : File Action "GetAbsolutePath" successfully performed. With the following test data "Relative Folder Path: "src/test/resources/testDataFiles/Schemas/ValidationError_schema.json"".
2023-01-22 15:41:58.554 &amp#27;[32m INFO&amp#27;[m &amp#27;[35m[@503 - main]&amp#27;[m &amp#27;[36mcom.shaft.tools.io.ReportManager&amp#27;[m : File Action "DoesFileExist" successfully performed. With the following test data "File Path: "C:\eclipse-workspace\MyProjects\TASystemsAPIs\src\test\resources\testDataFiles\Schemas\ValidationError_schema.json"".
2023-01-22 15:41:58.554 &amp#27;[32m INFO&amp#27;[m &amp#27;[35m[@503 - main]&amp#27;[m &amp#27;[36mcom.shaft.tools.io.ReportManager&amp#27;[m : File Action "GetAbsolutePath" successfully performed. With the following test data "Relative Folder Path: "C:\eclipse-workspace\MyProjects\TASystemsAPIs\src\test\resources\testDataFiles\Schemas\ValidationError_schema.json"".
2023-01-22 15:41:58.555 &amp#27;[32m INFO&amp#27;[m &amp#27;[35m[@503 - main]&amp#27;[m &amp#27;[36mcom.shaft.tools.io.ReportManager&amp#27;[m : File Action "ReadFile" successfully performed. With the following test data "File Path: "C:\eclipse-workspace\MyProjects\TASystemsAPIs\src\test\resources\testDataFiles\Schemas\ValidationError_schema.json"".
2023-01-22 15:41:58.559 &amp#27;[32m INFO&amp#27;[m &amp#27;[35m[@503 - main]&amp#27;[m &amp#27;[36mcom.shaft.tools.io.ReportManager&amp#27;[m : Successfully created attachment "Validation Test Data - Expected JSON Value"
2023-01-22 15:41:58.561 &amp#27;[32m INFO&amp#27;[m &amp#27;[35m[@503 - main]&amp#27;[m &amp#27;[36mcom.shaft.tools.io.ReportManager&amp#27;[m : Successfully created attachment "Validation Test Data - Actual JSON Value"
2023-01-22 15:41:58.562 &amp#27;[32m INFO&amp#27;[m &amp#27;[35m[@503 - main]&amp#27;[m &amp#27;[36mcom.shaft.tools.io.ReportManager&amp#27;[m : Successfully created attachment "SHAFT Engine Logs - Current Method log: Add_Policy_With_InValid_data_TC"
]]></system-out>
  </testcase>
  <testcase name="Add_Policy_With_InValid_data_TC[[Ljava.lang.Object;@1c6dfdb1](27)" classname="SteeringCompanyAPI_TestCases.Test_Policies_Cases" time="1.424">
    <system-out><![CDATA[2023-01-22 15:41:58.564 &amp#27;[32m INFO&amp#27;[m &amp#27;[35m[@534 - main]&amp#27;[m &amp#27;[36mcom.shaft.tools.io.ReportManager&amp#27;[m : 
################################################################################################################################################
Starting Execution:	"35 out of 70" test cases in the current suite
Test Method:		"SteeringCompanyAPI_TestCases.Test_Policies_Cases.Add_Policy_With_InValid_data_TC"
Test Description:	"TC052 -Policy- Perform Add Policy with InValid data"
################################################################################################################################################
2023-01-22 15:41:58.565 &amp#27;[32m INFO&amp#27;[m &amp#27;[35m[@503 - main]&amp#27;[m &amp#27;[36mcom.shaft.tools.io.ReportManager&amp#27;[m : File Action "DoesFileExist" successfully performed. With the following test data "File Path: "SteeringCompanyAPI_TestData/SteeringCompanyAPI_TestData.xlsx"".
2023-01-22 15:41:58.592 &amp#27;[32m INFO&amp#27;[m &amp#27;[35m[@503 - main]&amp#27;[m &amp#27;[36mcom.shaft.tools.io.ReportManager&amp#27;[m : Successfully created attachment "Test Data - Excel"
2023-01-22 15:41:59.313 &amp#27;[32m INFO&amp#27;[m &amp#27;[35m[@503 - main]&amp#27;[m &amp#27;[36mcom.shaft.tools.io.ReportManager&amp#27;[m : Response status code: "200", status line: "HTTP/1.1 200 OK"
2023-01-22 15:41:59.326 &amp#27;[32m INFO&amp#27;[m &amp#27;[35m[@503 - main]&amp#27;[m &amp#27;[36mcom.shaft.tools.io.ReportManager&amp#27;[m : Successfully created attachment "API Request - Specifications"
2023-01-22 15:41:59.327 &amp#27;[32m INFO&amp#27;[m &amp#27;[35m[@503 - main]&amp#27;[m &amp#27;[36mcom.shaft.tools.io.ReportManager&amp#27;[m : Successfully created attachment "API Request - Body"
2023-01-22 15:41:59.327 &amp#27;[32m INFO&amp#27;[m &amp#27;[35m[@503 - main]&amp#27;[m &amp#27;[36mcom.shaft.tools.io.ReportManager&amp#27;[m : Successfully created attachment "API Response - JSON Body"
2023-01-22 15:41:59.342 &amp#27;[32m INFO&amp#27;[m &amp#27;[35m[@503 - main]&amp#27;[m &amp#27;[36mcom.shaft.tools.io.ReportManager&amp#27;[m : File Action "DoesFileExist" successfully performed. With the following test data "File Path: "SteeringCompanyAPI_TestData/SteeringCompanyAPI_TestData.xlsx"".
2023-01-22 15:41:59.378 &amp#27;[32m INFO&amp#27;[m &amp#27;[35m[@503 - main]&amp#27;[m &amp#27;[36mcom.shaft.tools.io.ReportManager&amp#27;[m : Successfully created attachment "Test Data - Excel"
2023-01-22 15:41:59.379 &amp#27;[32m INFO&amp#27;[m &amp#27;[35m[@503 - main]&amp#27;[m &amp#27;[36mcom.shaft.tools.io.ReportManager&amp#27;[m : File Action "DoesFileExist" successfully performed. With the following test data "File Path: "SteeringCompanyAPI_TestData/SteeringCompanyAPI_TestData.xlsx"".
2023-01-22 15:41:59.409 &amp#27;[32m INFO&amp#27;[m &amp#27;[35m[@503 - main]&amp#27;[m &amp#27;[36mcom.shaft.tools.io.ReportManager&amp#27;[m : Successfully created attachment "Test Data - Excel"
2023-01-22 15:41:59.409 &amp#27;[32m INFO&amp#27;[m &amp#27;[35m[@503 - main]&amp#27;[m &amp#27;[36mcom.shaft.tools.io.ReportManager&amp#27;[m : File Action "DoesFileExist" successfully performed. With the following test data "File Path: "SteeringCompanyAPI_TestData/SteeringCompanyAPI_TestData.xlsx"".
2023-01-22 15:41:59.451 &amp#27;[32m INFO&amp#27;[m &amp#27;[35m[@503 - main]&amp#27;[m &amp#27;[36mcom.shaft.tools.io.ReportManager&amp#27;[m : Successfully created attachment "Test Data - Excel"
2023-01-22 15:41:59.963 &amp#27;[32m INFO&amp#27;[m &amp#27;[35m[@503 - main]&amp#27;[m &amp#27;[36mcom.shaft.tools.io.ReportManager&amp#27;[m : Response status code: "422", status line: "HTTP/1.1 422 "
2023-01-22 15:41:59.976 &amp#27;[32m INFO&amp#27;[m &amp#27;[35m[@503 - main]&amp#27;[m &amp#27;[36mcom.shaft.tools.io.ReportManager&amp#27;[m : Successfully created attachment "API Request - Specifications"
2023-01-22 15:41:59.977 &amp#27;[32m INFO&amp#27;[m &amp#27;[35m[@503 - main]&amp#27;[m &amp#27;[36mcom.shaft.tools.io.ReportManager&amp#27;[m : Successfully created attachment "API Request - JSON Body"
2023-01-22 15:41:59.978 &amp#27;[32m INFO&amp#27;[m &amp#27;[35m[@503 - main]&amp#27;[m &amp#27;[36mcom.shaft.tools.io.ReportManager&amp#27;[m : Successfully created attachment "API Response - JSON Body"
2023-01-22 15:41:59.979 &amp#27;[32m INFO&amp#27;[m &amp#27;[35m[@503 - main]&amp#27;[m &amp#27;[36mcom.shaft.tools.io.ReportManager&amp#27;[m : File Action "DoesFileExist" successfully performed. With the following test data "File Path: "Schemas/ValidationError_schema.json"".
2023-01-22 15:41:59.979 &amp#27;[32m INFO&amp#27;[m &amp#27;[35m[@503 - main]&amp#27;[m &amp#27;[36mcom.shaft.tools.io.ReportManager&amp#27;[m : File Action "DoesFileExist" successfully performed. With the following test data "File Path: "src/test/resources/testDataFiles/Schemas/ValidationError_schema.json"".
2023-01-22 15:41:59.980 &amp#27;[32m INFO&amp#27;[m &amp#27;[35m[@503 - main]&amp#27;[m &amp#27;[36mcom.shaft.tools.io.ReportManager&amp#27;[m : File Action "GetAbsolutePath" successfully performed. With the following test data "Relative Folder Path: "src/test/resources/testDataFiles/Schemas/ValidationError_schema.json"".
2023-01-22 15:41:59.982 &amp#27;[32m INFO&amp#27;[m &amp#27;[35m[@503 - main]&amp#27;[m &amp#27;[36mcom.shaft.tools.io.ReportManager&amp#27;[m : File Action "DoesFileExist" successfully performed. With the following test data "File Path: "C:\eclipse-workspace\MyProjects\TASystemsAPIs\src\test\resources\testDataFiles\Schemas\ValidationError_schema.json"".
2023-01-22 15:41:59.982 &amp#27;[32m INFO&amp#27;[m &amp#27;[35m[@503 - main]&amp#27;[m &amp#27;[36mcom.shaft.tools.io.ReportManager&amp#27;[m : File Action "GetAbsolutePath" successfully performed. With the following test data "Relative Folder Path: "C:\eclipse-workspace\MyProjects\TASystemsAPIs\src\test\resources\testDataFiles\Schemas\ValidationError_schema.json"".
2023-01-22 15:41:59.983 &amp#27;[32m INFO&amp#27;[m &amp#27;[35m[@503 - main]&amp#27;[m &amp#27;[36mcom.shaft.tools.io.ReportManager&amp#27;[m : File Action "ReadFile" successfully performed. With the following test data "File Path: "C:\eclipse-workspace\MyProjects\TASystemsAPIs\src\test\resources\testDataFiles\Schemas\ValidationError_schema.json"".
2023-01-22 15:41:59.984 &amp#27;[32m INFO&amp#27;[m &amp#27;[35m[@503 - main]&amp#27;[m &amp#27;[36mcom.shaft.tools.io.ReportManager&amp#27;[m : Successfully created attachment "Validation Test Data - Expected JSON Value"
2023-01-22 15:41:59.985 &amp#27;[32m INFO&amp#27;[m &amp#27;[35m[@503 - main]&amp#27;[m &amp#27;[36mcom.shaft.tools.io.ReportManager&amp#27;[m : Successfully created attachment "Validation Test Data - Actual JSON Value"
2023-01-22 15:41:59.985 &amp#27;[32m INFO&amp#27;[m &amp#27;[35m[@503 - main]&amp#27;[m &amp#27;[36mcom.shaft.tools.io.ReportManager&amp#27;[m : Successfully created attachment "SHAFT Engine Logs - Current Method log: Add_Policy_With_InValid_data_TC"
]]></system-out>
  </testcase>
  <testcase name="Add_Policy_With_InValid_data_TC[[Ljava.lang.Object;@64342f87](28)" classname="SteeringCompanyAPI_TestCases.Test_Policies_Cases" time="1.984">
    <system-out><![CDATA[2023-01-22 15:41:59.988 &amp#27;[32m INFO&amp#27;[m &amp#27;[35m[@534 - main]&amp#27;[m &amp#27;[36mcom.shaft.tools.io.ReportManager&amp#27;[m : 
################################################################################################################################################
Starting Execution:	"36 out of 70" test cases in the current suite
Test Method:		"SteeringCompanyAPI_TestCases.Test_Policies_Cases.Add_Policy_With_InValid_data_TC"
Test Description:	"TC052 -Policy- Perform Add Policy with InValid data"
################################################################################################################################################
2023-01-22 15:41:59.990 &amp#27;[32m INFO&amp#27;[m &amp#27;[35m[@503 - main]&amp#27;[m &amp#27;[36mcom.shaft.tools.io.ReportManager&amp#27;[m : File Action "DoesFileExist" successfully performed. With the following test data "File Path: "SteeringCompanyAPI_TestData/SteeringCompanyAPI_TestData.xlsx"".
2023-01-22 15:42:00.062 &amp#27;[32m INFO&amp#27;[m &amp#27;[35m[@503 - main]&amp#27;[m &amp#27;[36mcom.shaft.tools.io.ReportManager&amp#27;[m : Successfully created attachment "Test Data - Excel"
2023-01-22 15:42:01.104 &amp#27;[32m INFO&amp#27;[m &amp#27;[35m[@503 - main]&amp#27;[m &amp#27;[36mcom.shaft.tools.io.ReportManager&amp#27;[m : Response status code: "200", status line: "HTTP/1.1 200 OK"
2023-01-22 15:42:01.136 &amp#27;[32m INFO&amp#27;[m &amp#27;[35m[@503 - main]&amp#27;[m &amp#27;[36mcom.shaft.tools.io.ReportManager&amp#27;[m : Successfully created attachment "API Request - Specifications"
2023-01-22 15:42:01.137 &amp#27;[32m INFO&amp#27;[m &amp#27;[35m[@503 - main]&amp#27;[m &amp#27;[36mcom.shaft.tools.io.ReportManager&amp#27;[m : Successfully created attachment "API Request - Body"
2023-01-22 15:42:01.141 &amp#27;[32m INFO&amp#27;[m &amp#27;[35m[@503 - main]&amp#27;[m &amp#27;[36mcom.shaft.tools.io.ReportManager&amp#27;[m : Successfully created attachment "API Response - JSON Body"
2023-01-22 15:42:01.157 &amp#27;[32m INFO&amp#27;[m &amp#27;[35m[@503 - main]&amp#27;[m &amp#27;[36mcom.shaft.tools.io.ReportManager&amp#27;[m : File Action "DoesFileExist" successfully performed. With the following test data "File Path: "SteeringCompanyAPI_TestData/SteeringCompanyAPI_TestData.xlsx"".
2023-01-22 15:42:01.196 &amp#27;[32m INFO&amp#27;[m &amp#27;[35m[@503 - main]&amp#27;[m &amp#27;[36mcom.shaft.tools.io.ReportManager&amp#27;[m : Successfully created attachment "Test Data - Excel"
2023-01-22 15:42:01.196 &amp#27;[32m INFO&amp#27;[m &amp#27;[35m[@503 - main]&amp#27;[m &amp#27;[36mcom.shaft.tools.io.ReportManager&amp#27;[m : File Action "DoesFileExist" successfully performed. With the following test data "File Path: "SteeringCompanyAPI_TestData/SteeringCompanyAPI_TestData.xlsx"".
2023-01-22 15:42:01.237 &amp#27;[32m INFO&amp#27;[m &amp#27;[35m[@503 - main]&amp#27;[m &amp#27;[36mcom.shaft.tools.io.ReportManager&amp#27;[m : Successfully created attachment "Test Data - Excel"
2023-01-22 15:42:01.237 &amp#27;[32m INFO&amp#27;[m &amp#27;[35m[@503 - main]&amp#27;[m &amp#27;[36mcom.shaft.tools.io.ReportManager&amp#27;[m : File Action "DoesFileExist" successfully performed. With the following test data "File Path: "SteeringCompanyAPI_TestData/SteeringCompanyAPI_TestData.xlsx"".
2023-01-22 15:42:01.278 &amp#27;[32m INFO&amp#27;[m &amp#27;[35m[@503 - main]&amp#27;[m &amp#27;[36mcom.shaft.tools.io.ReportManager&amp#27;[m : Successfully created attachment "Test Data - Excel"
2023-01-22 15:42:01.939 &amp#27;[32m INFO&amp#27;[m &amp#27;[35m[@503 - main]&amp#27;[m &amp#27;[36mcom.shaft.tools.io.ReportManager&amp#27;[m : Response status code: "422", status line: "HTTP/1.1 422 "
2023-01-22 15:42:01.956 &amp#27;[32m INFO&amp#27;[m &amp#27;[35m[@503 - main]&amp#27;[m &amp#27;[36mcom.shaft.tools.io.ReportManager&amp#27;[m : Successfully created attachment "API Request - Specifications"
2023-01-22 15:42:01.957 &amp#27;[32m INFO&amp#27;[m &amp#27;[35m[@503 - main]&amp#27;[m &amp#27;[36mcom.shaft.tools.io.ReportManager&amp#27;[m : Successfully created attachment "API Request - JSON Body"
2023-01-22 15:42:01.958 &amp#27;[32m INFO&amp#27;[m &amp#27;[35m[@503 - main]&amp#27;[m &amp#27;[36mcom.shaft.tools.io.ReportManager&amp#27;[m : Successfully created attachment "API Response - JSON Body"
2023-01-22 15:42:01.961 &amp#27;[32m INFO&amp#27;[m &amp#27;[35m[@503 - main]&amp#27;[m &amp#27;[36mcom.shaft.tools.io.ReportManager&amp#27;[m : File Action "DoesFileExist" successfully performed. With the following test data "File Path: "Schemas/ValidationError_schema.json"".
2023-01-22 15:42:01.961 &amp#27;[32m INFO&amp#27;[m &amp#27;[35m[@503 - main]&amp#27;[m &amp#27;[36mcom.shaft.tools.io.ReportManager&amp#27;[m : File Action "DoesFileExist" successfully performed. With the following test data "File Path: "src/test/resources/testDataFiles/Schemas/ValidationError_schema.json"".
2023-01-22 15:42:01.961 &amp#27;[32m INFO&amp#27;[m &amp#27;[35m[@503 - main]&amp#27;[m &amp#27;[36mcom.shaft.tools.io.ReportManager&amp#27;[m : File Action "GetAbsolutePath" successfully performed. With the following test data "Relative Folder Path: "src/test/resources/testDataFiles/Schemas/ValidationError_schema.json"".
2023-01-22 15:42:01.964 &amp#27;[32m INFO&amp#27;[m &amp#27;[35m[@503 - main]&amp#27;[m &amp#27;[36mcom.shaft.tools.io.ReportManager&amp#27;[m : File Action "DoesFileExist" successfully performed. With the following test data "File Path: "C:\eclipse-workspace\MyProjects\TASystemsAPIs\src\test\resources\testDataFiles\Schemas\ValidationError_schema.json"".
2023-01-22 15:42:01.964 &amp#27;[32m INFO&amp#27;[m &amp#27;[35m[@503 - main]&amp#27;[m &amp#27;[36mcom.shaft.tools.io.ReportManager&amp#27;[m : File Action "GetAbsolutePath" successfully performed. With the following test data "Relative Folder Path: "C:\eclipse-workspace\MyProjects\TASystemsAPIs\src\test\resources\testDataFiles\Schemas\ValidationError_schema.json"".
2023-01-22 15:42:01.965 &amp#27;[32m INFO&amp#27;[m &amp#27;[35m[@503 - main]&amp#27;[m &amp#27;[36mcom.shaft.tools.io.ReportManager&amp#27;[m : File Action "ReadFile" successfully performed. With the following test data "File Path: "C:\eclipse-workspace\MyProjects\TASystemsAPIs\src\test\resources\testDataFiles\Schemas\ValidationError_schema.json"".
2023-01-22 15:42:01.967 &amp#27;[32m INFO&amp#27;[m &amp#27;[35m[@503 - main]&amp#27;[m &amp#27;[36mcom.shaft.tools.io.ReportManager&amp#27;[m : Successfully created attachment "Validation Test Data - Expected JSON Value"
2023-01-22 15:42:01.967 &amp#27;[32m INFO&amp#27;[m &amp#27;[35m[@503 - main]&amp#27;[m &amp#27;[36mcom.shaft.tools.io.ReportManager&amp#27;[m : Successfully created attachment "Validation Test Data - Actual JSON Value"
2023-01-22 15:42:01.969 &amp#27;[32m INFO&amp#27;[m &amp#27;[35m[@503 - main]&amp#27;[m &amp#27;[36mcom.shaft.tools.io.ReportManager&amp#27;[m : Successfully created attachment "SHAFT Engine Logs - Current Method log: Add_Policy_With_InValid_data_TC"
]]></system-out>
  </testcase>
  <testcase name="Add_Policy_With_InValid_data_TC[[Ljava.lang.Object;@5bcf8106](29)" classname="SteeringCompanyAPI_TestCases.Test_Policies_Cases" time="1.354">
    <system-out><![CDATA[2023-01-22 15:42:01.973 &amp#27;[32m INFO&amp#27;[m &amp#27;[35m[@534 - main]&amp#27;[m &amp#27;[36mcom.shaft.tools.io.ReportManager&amp#27;[m : 
################################################################################################################################################
Starting Execution:	"37 out of 70" test cases in the current suite
Test Method:		"SteeringCompanyAPI_TestCases.Test_Policies_Cases.Add_Policy_With_InValid_data_TC"
Test Description:	"TC052 -Policy- Perform Add Policy with InValid data"
################################################################################################################################################
2023-01-22 15:42:01.973 &amp#27;[32m INFO&amp#27;[m &amp#27;[35m[@503 - main]&amp#27;[m &amp#27;[36mcom.shaft.tools.io.ReportManager&amp#27;[m : File Action "DoesFileExist" successfully performed. With the following test data "File Path: "SteeringCompanyAPI_TestData/SteeringCompanyAPI_TestData.xlsx"".
2023-01-22 15:42:02.007 &amp#27;[32m INFO&amp#27;[m &amp#27;[35m[@503 - main]&amp#27;[m &amp#27;[36mcom.shaft.tools.io.ReportManager&amp#27;[m : Successfully created attachment "Test Data - Excel"
2023-01-22 15:42:02.729 &amp#27;[32m INFO&amp#27;[m &amp#27;[35m[@503 - main]&amp#27;[m &amp#27;[36mcom.shaft.tools.io.ReportManager&amp#27;[m : Response status code: "200", status line: "HTTP/1.1 200 OK"
2023-01-22 15:42:02.746 &amp#27;[32m INFO&amp#27;[m &amp#27;[35m[@503 - main]&amp#27;[m &amp#27;[36mcom.shaft.tools.io.ReportManager&amp#27;[m : Successfully created attachment "API Request - Specifications"
2023-01-22 15:42:02.746 &amp#27;[32m INFO&amp#27;[m &amp#27;[35m[@503 - main]&amp#27;[m &amp#27;[36mcom.shaft.tools.io.ReportManager&amp#27;[m : Successfully created attachment "API Request - Body"
2023-01-22 15:42:02.747 &amp#27;[32m INFO&amp#27;[m &amp#27;[35m[@503 - main]&amp#27;[m &amp#27;[36mcom.shaft.tools.io.ReportManager&amp#27;[m : Successfully created attachment "API Response - JSON Body"
2023-01-22 15:42:02.757 &amp#27;[32m INFO&amp#27;[m &amp#27;[35m[@503 - main]&amp#27;[m &amp#27;[36mcom.shaft.tools.io.ReportManager&amp#27;[m : File Action "DoesFileExist" successfully performed. With the following test data "File Path: "SteeringCompanyAPI_TestData/SteeringCompanyAPI_TestData.xlsx"".
2023-01-22 15:42:02.782 &amp#27;[32m INFO&amp#27;[m &amp#27;[35m[@503 - main]&amp#27;[m &amp#27;[36mcom.shaft.tools.io.ReportManager&amp#27;[m : Successfully created attachment "Test Data - Excel"
2023-01-22 15:42:02.782 &amp#27;[32m INFO&amp#27;[m &amp#27;[35m[@503 - main]&amp#27;[m &amp#27;[36mcom.shaft.tools.io.ReportManager&amp#27;[m : File Action "DoesFileExist" successfully performed. With the following test data "File Path: "SteeringCompanyAPI_TestData/SteeringCompanyAPI_TestData.xlsx"".
2023-01-22 15:42:02.806 &amp#27;[32m INFO&amp#27;[m &amp#27;[35m[@503 - main]&amp#27;[m &amp#27;[36mcom.shaft.tools.io.ReportManager&amp#27;[m : Successfully created attachment "Test Data - Excel"
2023-01-22 15:42:02.807 &amp#27;[32m INFO&amp#27;[m &amp#27;[35m[@503 - main]&amp#27;[m &amp#27;[36mcom.shaft.tools.io.ReportManager&amp#27;[m : File Action "DoesFileExist" successfully performed. With the following test data "File Path: "SteeringCompanyAPI_TestData/SteeringCompanyAPI_TestData.xlsx"".
2023-01-22 15:42:02.838 &amp#27;[32m INFO&amp#27;[m &amp#27;[35m[@503 - main]&amp#27;[m &amp#27;[36mcom.shaft.tools.io.ReportManager&amp#27;[m : Successfully created attachment "Test Data - Excel"
2023-01-22 15:42:03.300 &amp#27;[32m INFO&amp#27;[m &amp#27;[35m[@503 - main]&amp#27;[m &amp#27;[36mcom.shaft.tools.io.ReportManager&amp#27;[m : Response status code: "422", status line: "HTTP/1.1 422 "
2023-01-22 15:42:03.314 &amp#27;[32m INFO&amp#27;[m &amp#27;[35m[@503 - main]&amp#27;[m &amp#27;[36mcom.shaft.tools.io.ReportManager&amp#27;[m : Successfully created attachment "API Request - Specifications"
2023-01-22 15:42:03.315 &amp#27;[32m INFO&amp#27;[m &amp#27;[35m[@503 - main]&amp#27;[m &amp#27;[36mcom.shaft.tools.io.ReportManager&amp#27;[m : Successfully created attachment "API Request - JSON Body"
2023-01-22 15:42:03.316 &amp#27;[32m INFO&amp#27;[m &amp#27;[35m[@503 - main]&amp#27;[m &amp#27;[36mcom.shaft.tools.io.ReportManager&amp#27;[m : Successfully created attachment "API Response - JSON Body"
2023-01-22 15:42:03.317 &amp#27;[32m INFO&amp#27;[m &amp#27;[35m[@503 - main]&amp#27;[m &amp#27;[36mcom.shaft.tools.io.ReportManager&amp#27;[m : File Action "DoesFileExist" successfully performed. With the following test data "File Path: "Schemas/ValidationError_schema.json"".
2023-01-22 15:42:03.318 &amp#27;[32m INFO&amp#27;[m &amp#27;[35m[@503 - main]&amp#27;[m &amp#27;[36mcom.shaft.tools.io.ReportManager&amp#27;[m : File Action "DoesFileExist" successfully performed. With the following test data "File Path: "src/test/resources/testDataFiles/Schemas/ValidationError_schema.json"".
2023-01-22 15:42:03.318 &amp#27;[32m INFO&amp#27;[m &amp#27;[35m[@503 - main]&amp#27;[m &amp#27;[36mcom.shaft.tools.io.ReportManager&amp#27;[m : File Action "GetAbsolutePath" successfully performed. With the following test data "Relative Folder Path: "src/test/resources/testDataFiles/Schemas/ValidationError_schema.json"".
2023-01-22 15:42:03.321 &amp#27;[32m INFO&amp#27;[m &amp#27;[35m[@503 - main]&amp#27;[m &amp#27;[36mcom.shaft.tools.io.ReportManager&amp#27;[m : File Action "DoesFileExist" successfully performed. With the following test data "File Path: "C:\eclipse-workspace\MyProjects\TASystemsAPIs\src\test\resources\testDataFiles\Schemas\ValidationError_schema.json"".
2023-01-22 15:42:03.321 &amp#27;[32m INFO&amp#27;[m &amp#27;[35m[@503 - main]&amp#27;[m &amp#27;[36mcom.shaft.tools.io.ReportManager&amp#27;[m : File Action "GetAbsolutePath" successfully performed. With the following test data "Relative Folder Path: "C:\eclipse-workspace\MyProjects\TASystemsAPIs\src\test\resources\testDataFiles\Schemas\ValidationError_schema.json"".
2023-01-22 15:42:03.321 &amp#27;[32m INFO&amp#27;[m &amp#27;[35m[@503 - main]&amp#27;[m &amp#27;[36mcom.shaft.tools.io.ReportManager&amp#27;[m : File Action "ReadFile" successfully performed. With the following test data "File Path: "C:\eclipse-workspace\MyProjects\TASystemsAPIs\src\test\resources\testDataFiles\Schemas\ValidationError_schema.json"".
2023-01-22 15:42:03.323 &amp#27;[32m INFO&amp#27;[m &amp#27;[35m[@503 - main]&amp#27;[m &amp#27;[36mcom.shaft.tools.io.ReportManager&amp#27;[m : Successfully created attachment "Validation Test Data - Expected JSON Value"
2023-01-22 15:42:03.323 &amp#27;[32m INFO&amp#27;[m &amp#27;[35m[@503 - main]&amp#27;[m &amp#27;[36mcom.shaft.tools.io.ReportManager&amp#27;[m : Successfully created attachment "Validation Test Data - Actual JSON Value"
2023-01-22 15:42:03.324 &amp#27;[32m INFO&amp#27;[m &amp#27;[35m[@503 - main]&amp#27;[m &amp#27;[36mcom.shaft.tools.io.ReportManager&amp#27;[m : Successfully created attachment "SHAFT Engine Logs - Current Method log: Add_Policy_With_InValid_data_TC"
]]></system-out>
  </testcase>
  <testcase name="Add_Policy_With_InValid_data_TC[[Ljava.lang.Object;@15c55ab5](30)" classname="SteeringCompanyAPI_TestCases.Test_Policies_Cases" time="1.398">
    <system-out><![CDATA[2023-01-22 15:42:03.328 &amp#27;[32m INFO&amp#27;[m &amp#27;[35m[@534 - main]&amp#27;[m &amp#27;[36mcom.shaft.tools.io.ReportManager&amp#27;[m : 
################################################################################################################################################
Starting Execution:	"38 out of 70" test cases in the current suite
Test Method:		"SteeringCompanyAPI_TestCases.Test_Policies_Cases.Add_Policy_With_InValid_data_TC"
Test Description:	"TC052 -Policy- Perform Add Policy with InValid data"
################################################################################################################################################
2023-01-22 15:42:03.329 &amp#27;[32m INFO&amp#27;[m &amp#27;[35m[@503 - main]&amp#27;[m &amp#27;[36mcom.shaft.tools.io.ReportManager&amp#27;[m : File Action "DoesFileExist" successfully performed. With the following test data "File Path: "SteeringCompanyAPI_TestData/SteeringCompanyAPI_TestData.xlsx"".
2023-01-22 15:42:03.349 &amp#27;[32m INFO&amp#27;[m &amp#27;[35m[@503 - main]&amp#27;[m &amp#27;[36mcom.shaft.tools.io.ReportManager&amp#27;[m : Successfully created attachment "Test Data - Excel"
2023-01-22 15:42:04.034 &amp#27;[32m INFO&amp#27;[m &amp#27;[35m[@503 - main]&amp#27;[m &amp#27;[36mcom.shaft.tools.io.ReportManager&amp#27;[m : Response status code: "200", status line: "HTTP/1.1 200 OK"
2023-01-22 15:42:04.047 &amp#27;[32m INFO&amp#27;[m &amp#27;[35m[@503 - main]&amp#27;[m &amp#27;[36mcom.shaft.tools.io.ReportManager&amp#27;[m : Successfully created attachment "API Request - Specifications"
2023-01-22 15:42:04.047 &amp#27;[32m INFO&amp#27;[m &amp#27;[35m[@503 - main]&amp#27;[m &amp#27;[36mcom.shaft.tools.io.ReportManager&amp#27;[m : Successfully created attachment "API Request - Body"
2023-01-22 15:42:04.048 &amp#27;[32m INFO&amp#27;[m &amp#27;[35m[@503 - main]&amp#27;[m &amp#27;[36mcom.shaft.tools.io.ReportManager&amp#27;[m : Successfully created attachment "API Response - JSON Body"
2023-01-22 15:42:04.060 &amp#27;[32m INFO&amp#27;[m &amp#27;[35m[@503 - main]&amp#27;[m &amp#27;[36mcom.shaft.tools.io.ReportManager&amp#27;[m : File Action "DoesFileExist" successfully performed. With the following test data "File Path: "SteeringCompanyAPI_TestData/SteeringCompanyAPI_TestData.xlsx"".
2023-01-22 15:42:04.080 &amp#27;[32m INFO&amp#27;[m &amp#27;[35m[@503 - main]&amp#27;[m &amp#27;[36mcom.shaft.tools.io.ReportManager&amp#27;[m : Successfully created attachment "Test Data - Excel"
2023-01-22 15:42:04.080 &amp#27;[32m INFO&amp#27;[m &amp#27;[35m[@503 - main]&amp#27;[m &amp#27;[36mcom.shaft.tools.io.ReportManager&amp#27;[m : File Action "DoesFileExist" successfully performed. With the following test data "File Path: "SteeringCompanyAPI_TestData/SteeringCompanyAPI_TestData.xlsx"".
2023-01-22 15:42:04.108 &amp#27;[32m INFO&amp#27;[m &amp#27;[35m[@503 - main]&amp#27;[m &amp#27;[36mcom.shaft.tools.io.ReportManager&amp#27;[m : Successfully created attachment "Test Data - Excel"
2023-01-22 15:42:04.108 &amp#27;[32m INFO&amp#27;[m &amp#27;[35m[@503 - main]&amp#27;[m &amp#27;[36mcom.shaft.tools.io.ReportManager&amp#27;[m : File Action "DoesFileExist" successfully performed. With the following test data "File Path: "SteeringCompanyAPI_TestData/SteeringCompanyAPI_TestData.xlsx"".
2023-01-22 15:42:04.134 &amp#27;[32m INFO&amp#27;[m &amp#27;[35m[@503 - main]&amp#27;[m &amp#27;[36mcom.shaft.tools.io.ReportManager&amp#27;[m : Successfully created attachment "Test Data - Excel"
2023-01-22 15:42:04.698 &amp#27;[32m INFO&amp#27;[m &amp#27;[35m[@503 - main]&amp#27;[m &amp#27;[36mcom.shaft.tools.io.ReportManager&amp#27;[m : Response status code: "422", status line: "HTTP/1.1 422 "
2023-01-22 15:42:04.709 &amp#27;[32m INFO&amp#27;[m &amp#27;[35m[@503 - main]&amp#27;[m &amp#27;[36mcom.shaft.tools.io.ReportManager&amp#27;[m : Successfully created attachment "API Request - Specifications"
2023-01-22 15:42:04.710 &amp#27;[32m INFO&amp#27;[m &amp#27;[35m[@503 - main]&amp#27;[m &amp#27;[36mcom.shaft.tools.io.ReportManager&amp#27;[m : Successfully created attachment "API Request - JSON Body"
2023-01-22 15:42:04.711 &amp#27;[32m INFO&amp#27;[m &amp#27;[35m[@503 - main]&amp#27;[m &amp#27;[36mcom.shaft.tools.io.ReportManager&amp#27;[m : Successfully created attachment "API Response - JSON Body"
2023-01-22 15:42:04.712 &amp#27;[32m INFO&amp#27;[m &amp#27;[35m[@503 - main]&amp#27;[m &amp#27;[36mcom.shaft.tools.io.ReportManager&amp#27;[m : File Action "DoesFileExist" successfully performed. With the following test data "File Path: "Schemas/ValidationError_schema.json"".
2023-01-22 15:42:04.712 &amp#27;[32m INFO&amp#27;[m &amp#27;[35m[@503 - main]&amp#27;[m &amp#27;[36mcom.shaft.tools.io.ReportManager&amp#27;[m : File Action "DoesFileExist" successfully performed. With the following test data "File Path: "src/test/resources/testDataFiles/Schemas/ValidationError_schema.json"".
2023-01-22 15:42:04.712 &amp#27;[32m INFO&amp#27;[m &amp#27;[35m[@503 - main]&amp#27;[m &amp#27;[36mcom.shaft.tools.io.ReportManager&amp#27;[m : File Action "GetAbsolutePath" successfully performed. With the following test data "Relative Folder Path: "src/test/resources/testDataFiles/Schemas/ValidationError_schema.json"".
2023-01-22 15:42:04.715 &amp#27;[32m INFO&amp#27;[m &amp#27;[35m[@503 - main]&amp#27;[m &amp#27;[36mcom.shaft.tools.io.ReportManager&amp#27;[m : File Action "DoesFileExist" successfully performed. With the following test data "File Path: "C:\eclipse-workspace\MyProjects\TASystemsAPIs\src\test\resources\testDataFiles\Schemas\ValidationError_schema.json"".
2023-01-22 15:42:04.716 &amp#27;[32m INFO&amp#27;[m &amp#27;[35m[@503 - main]&amp#27;[m &amp#27;[36mcom.shaft.tools.io.ReportManager&amp#27;[m : File Action "GetAbsolutePath" successfully performed. With the following test data "Relative Folder Path: "C:\eclipse-workspace\MyProjects\TASystemsAPIs\src\test\resources\testDataFiles\Schemas\ValidationError_schema.json"".
2023-01-22 15:42:04.716 &amp#27;[32m INFO&amp#27;[m &amp#27;[35m[@503 - main]&amp#27;[m &amp#27;[36mcom.shaft.tools.io.ReportManager&amp#27;[m : File Action "ReadFile" successfully performed. With the following test data "File Path: "C:\eclipse-workspace\MyProjects\TASystemsAPIs\src\test\resources\testDataFiles\Schemas\ValidationError_schema.json"".
2023-01-22 15:42:04.718 &amp#27;[32m INFO&amp#27;[m &amp#27;[35m[@503 - main]&amp#27;[m &amp#27;[36mcom.shaft.tools.io.ReportManager&amp#27;[m : Successfully created attachment "Validation Test Data - Expected JSON Value"
2023-01-22 15:42:04.719 &amp#27;[32m INFO&amp#27;[m &amp#27;[35m[@503 - main]&amp#27;[m &amp#27;[36mcom.shaft.tools.io.ReportManager&amp#27;[m : Successfully created attachment "Validation Test Data - Actual JSON Value"
2023-01-22 15:42:04.720 &amp#27;[32m INFO&amp#27;[m &amp#27;[35m[@503 - main]&amp#27;[m &amp#27;[36mcom.shaft.tools.io.ReportManager&amp#27;[m : Successfully created attachment "SHAFT Engine Logs - Current Method log: Add_Policy_With_InValid_data_TC"
]]></system-out>
  </testcase>
  <testcase name="Add_Policy_With_InValid_data_TC[[Ljava.lang.Object;@3deec5a0](31)" classname="SteeringCompanyAPI_TestCases.Test_Policies_Cases" time="1.382">
    <system-out><![CDATA[2023-01-22 15:42:04.725 &amp#27;[32m INFO&amp#27;[m &amp#27;[35m[@534 - main]&amp#27;[m &amp#27;[36mcom.shaft.tools.io.ReportManager&amp#27;[m : 
################################################################################################################################################
Starting Execution:	"39 out of 70" test cases in the current suite
Test Method:		"SteeringCompanyAPI_TestCases.Test_Policies_Cases.Add_Policy_With_InValid_data_TC"
Test Description:	"TC052 -Policy- Perform Add Policy with InValid data"
################################################################################################################################################
2023-01-22 15:42:04.725 &amp#27;[32m INFO&amp#27;[m &amp#27;[35m[@503 - main]&amp#27;[m &amp#27;[36mcom.shaft.tools.io.ReportManager&amp#27;[m : File Action "DoesFileExist" successfully performed. With the following test data "File Path: "SteeringCompanyAPI_TestData/SteeringCompanyAPI_TestData.xlsx"".
2023-01-22 15:42:04.753 &amp#27;[32m INFO&amp#27;[m &amp#27;[35m[@503 - main]&amp#27;[m &amp#27;[36mcom.shaft.tools.io.ReportManager&amp#27;[m : Successfully created attachment "Test Data - Excel"
2023-01-22 15:42:05.441 &amp#27;[32m INFO&amp#27;[m &amp#27;[35m[@503 - main]&amp#27;[m &amp#27;[36mcom.shaft.tools.io.ReportManager&amp#27;[m : Response status code: "200", status line: "HTTP/1.1 200 OK"
2023-01-22 15:42:05.455 &amp#27;[32m INFO&amp#27;[m &amp#27;[35m[@503 - main]&amp#27;[m &amp#27;[36mcom.shaft.tools.io.ReportManager&amp#27;[m : Successfully created attachment "API Request - Specifications"
2023-01-22 15:42:05.455 &amp#27;[32m INFO&amp#27;[m &amp#27;[35m[@503 - main]&amp#27;[m &amp#27;[36mcom.shaft.tools.io.ReportManager&amp#27;[m : Successfully created attachment "API Request - Body"
2023-01-22 15:42:05.456 &amp#27;[32m INFO&amp#27;[m &amp#27;[35m[@503 - main]&amp#27;[m &amp#27;[36mcom.shaft.tools.io.ReportManager&amp#27;[m : Successfully created attachment "API Response - JSON Body"
2023-01-22 15:42:05.466 &amp#27;[32m INFO&amp#27;[m &amp#27;[35m[@503 - main]&amp#27;[m &amp#27;[36mcom.shaft.tools.io.ReportManager&amp#27;[m : File Action "DoesFileExist" successfully performed. With the following test data "File Path: "SteeringCompanyAPI_TestData/SteeringCompanyAPI_TestData.xlsx"".
2023-01-22 15:42:05.500 &amp#27;[32m INFO&amp#27;[m &amp#27;[35m[@503 - main]&amp#27;[m &amp#27;[36mcom.shaft.tools.io.ReportManager&amp#27;[m : Successfully created attachment "Test Data - Excel"
2023-01-22 15:42:05.501 &amp#27;[32m INFO&amp#27;[m &amp#27;[35m[@503 - main]&amp#27;[m &amp#27;[36mcom.shaft.tools.io.ReportManager&amp#27;[m : File Action "DoesFileExist" successfully performed. With the following test data "File Path: "SteeringCompanyAPI_TestData/SteeringCompanyAPI_TestData.xlsx"".
2023-01-22 15:42:05.531 &amp#27;[32m INFO&amp#27;[m &amp#27;[35m[@503 - main]&amp#27;[m &amp#27;[36mcom.shaft.tools.io.ReportManager&amp#27;[m : Successfully created attachment "Test Data - Excel"
2023-01-22 15:42:05.532 &amp#27;[32m INFO&amp#27;[m &amp#27;[35m[@503 - main]&amp#27;[m &amp#27;[36mcom.shaft.tools.io.ReportManager&amp#27;[m : File Action "DoesFileExist" successfully performed. With the following test data "File Path: "SteeringCompanyAPI_TestData/SteeringCompanyAPI_TestData.xlsx"".
2023-01-22 15:42:05.570 &amp#27;[32m INFO&amp#27;[m &amp#27;[35m[@503 - main]&amp#27;[m &amp#27;[36mcom.shaft.tools.io.ReportManager&amp#27;[m : Successfully created attachment "Test Data - Excel"
2023-01-22 15:42:06.079 &amp#27;[32m INFO&amp#27;[m &amp#27;[35m[@503 - main]&amp#27;[m &amp#27;[36mcom.shaft.tools.io.ReportManager&amp#27;[m : Response status code: "422", status line: "HTTP/1.1 422 "
2023-01-22 15:42:06.093 &amp#27;[32m INFO&amp#27;[m &amp#27;[35m[@503 - main]&amp#27;[m &amp#27;[36mcom.shaft.tools.io.ReportManager&amp#27;[m : Successfully created attachment "API Request - Specifications"
2023-01-22 15:42:06.094 &amp#27;[32m INFO&amp#27;[m &amp#27;[35m[@503 - main]&amp#27;[m &amp#27;[36mcom.shaft.tools.io.ReportManager&amp#27;[m : Successfully created attachment "API Request - JSON Body"
2023-01-22 15:42:06.095 &amp#27;[32m INFO&amp#27;[m &amp#27;[35m[@503 - main]&amp#27;[m &amp#27;[36mcom.shaft.tools.io.ReportManager&amp#27;[m : Successfully created attachment "API Response - JSON Body"
2023-01-22 15:42:06.096 &amp#27;[32m INFO&amp#27;[m &amp#27;[35m[@503 - main]&amp#27;[m &amp#27;[36mcom.shaft.tools.io.ReportManager&amp#27;[m : File Action "DoesFileExist" successfully performed. With the following test data "File Path: "Schemas/ValidationError_schema.json"".
2023-01-22 15:42:06.096 &amp#27;[32m INFO&amp#27;[m &amp#27;[35m[@503 - main]&amp#27;[m &amp#27;[36mcom.shaft.tools.io.ReportManager&amp#27;[m : File Action "DoesFileExist" successfully performed. With the following test data "File Path: "src/test/resources/testDataFiles/Schemas/ValidationError_schema.json"".
2023-01-22 15:42:06.096 &amp#27;[32m INFO&amp#27;[m &amp#27;[35m[@503 - main]&amp#27;[m &amp#27;[36mcom.shaft.tools.io.ReportManager&amp#27;[m : File Action "GetAbsolutePath" successfully performed. With the following test data "Relative Folder Path: "src/test/resources/testDataFiles/Schemas/ValidationError_schema.json"".
2023-01-22 15:42:06.098 &amp#27;[32m INFO&amp#27;[m &amp#27;[35m[@503 - main]&amp#27;[m &amp#27;[36mcom.shaft.tools.io.ReportManager&amp#27;[m : File Action "DoesFileExist" successfully performed. With the following test data "File Path: "C:\eclipse-workspace\MyProjects\TASystemsAPIs\src\test\resources\testDataFiles\Schemas\ValidationError_schema.json"".
2023-01-22 15:42:06.098 &amp#27;[32m INFO&amp#27;[m &amp#27;[35m[@503 - main]&amp#27;[m &amp#27;[36mcom.shaft.tools.io.ReportManager&amp#27;[m : File Action "GetAbsolutePath" successfully performed. With the following test data "Relative Folder Path: "C:\eclipse-workspace\MyProjects\TASystemsAPIs\src\test\resources\testDataFiles\Schemas\ValidationError_schema.json"".
2023-01-22 15:42:06.099 &amp#27;[32m INFO&amp#27;[m &amp#27;[35m[@503 - main]&amp#27;[m &amp#27;[36mcom.shaft.tools.io.ReportManager&amp#27;[m : File Action "ReadFile" successfully performed. With the following test data "File Path: "C:\eclipse-workspace\MyProjects\TASystemsAPIs\src\test\resources\testDataFiles\Schemas\ValidationError_schema.json"".
2023-01-22 15:42:06.100 &amp#27;[32m INFO&amp#27;[m &amp#27;[35m[@503 - main]&amp#27;[m &amp#27;[36mcom.shaft.tools.io.ReportManager&amp#27;[m : Successfully created attachment "Validation Test Data - Expected JSON Value"
2023-01-22 15:42:06.102 &amp#27;[32m INFO&amp#27;[m &amp#27;[35m[@503 - main]&amp#27;[m &amp#27;[36mcom.shaft.tools.io.ReportManager&amp#27;[m : Successfully created attachment "Validation Test Data - Actual JSON Value"
2023-01-22 15:42:06.104 &amp#27;[32m INFO&amp#27;[m &amp#27;[35m[@503 - main]&amp#27;[m &amp#27;[36mcom.shaft.tools.io.ReportManager&amp#27;[m : Successfully created attachment "SHAFT Engine Logs - Current Method log: Add_Policy_With_InValid_data_TC"
]]></system-out>
  </testcase>
  <testcase name="Add_Policy_With_InValid_data_TC[[Ljava.lang.Object;@46cb53b1](32)" classname="SteeringCompanyAPI_TestCases.Test_Policies_Cases" time="1.714">
    <system-out><![CDATA[2023-01-22 15:42:06.106 &amp#27;[32m INFO&amp#27;[m &amp#27;[35m[@534 - main]&amp#27;[m &amp#27;[36mcom.shaft.tools.io.ReportManager&amp#27;[m : 
################################################################################################################################################
Starting Execution:	"40 out of 70" test cases in the current suite
Test Method:		"SteeringCompanyAPI_TestCases.Test_Policies_Cases.Add_Policy_With_InValid_data_TC"
Test Description:	"TC052 -Policy- Perform Add Policy with InValid data"
################################################################################################################################################
2023-01-22 15:42:06.106 &amp#27;[32m INFO&amp#27;[m &amp#27;[35m[@503 - main]&amp#27;[m &amp#27;[36mcom.shaft.tools.io.ReportManager&amp#27;[m : File Action "DoesFileExist" successfully performed. With the following test data "File Path: "SteeringCompanyAPI_TestData/SteeringCompanyAPI_TestData.xlsx"".
2023-01-22 15:42:06.140 &amp#27;[32m INFO&amp#27;[m &amp#27;[35m[@503 - main]&amp#27;[m &amp#27;[36mcom.shaft.tools.io.ReportManager&amp#27;[m : Successfully created attachment "Test Data - Excel"
2023-01-22 15:42:07.005 &amp#27;[32m INFO&amp#27;[m &amp#27;[35m[@503 - main]&amp#27;[m &amp#27;[36mcom.shaft.tools.io.ReportManager&amp#27;[m : Response status code: "200", status line: "HTTP/1.1 200 OK"
2023-01-22 15:42:07.018 &amp#27;[32m INFO&amp#27;[m &amp#27;[35m[@503 - main]&amp#27;[m &amp#27;[36mcom.shaft.tools.io.ReportManager&amp#27;[m : Successfully created attachment "API Request - Specifications"
2023-01-22 15:42:07.018 &amp#27;[32m INFO&amp#27;[m &amp#27;[35m[@503 - main]&amp#27;[m &amp#27;[36mcom.shaft.tools.io.ReportManager&amp#27;[m : Successfully created attachment "API Request - Body"
2023-01-22 15:42:07.019 &amp#27;[32m INFO&amp#27;[m &amp#27;[35m[@503 - main]&amp#27;[m &amp#27;[36mcom.shaft.tools.io.ReportManager&amp#27;[m : Successfully created attachment "API Response - JSON Body"
2023-01-22 15:42:07.032 &amp#27;[32m INFO&amp#27;[m &amp#27;[35m[@503 - main]&amp#27;[m &amp#27;[36mcom.shaft.tools.io.ReportManager&amp#27;[m : File Action "DoesFileExist" successfully performed. With the following test data "File Path: "SteeringCompanyAPI_TestData/SteeringCompanyAPI_TestData.xlsx"".
2023-01-22 15:42:07.061 &amp#27;[32m INFO&amp#27;[m &amp#27;[35m[@503 - main]&amp#27;[m &amp#27;[36mcom.shaft.tools.io.ReportManager&amp#27;[m : Successfully created attachment "Test Data - Excel"
2023-01-22 15:42:07.062 &amp#27;[32m INFO&amp#27;[m &amp#27;[35m[@503 - main]&amp#27;[m &amp#27;[36mcom.shaft.tools.io.ReportManager&amp#27;[m : File Action "DoesFileExist" successfully performed. With the following test data "File Path: "SteeringCompanyAPI_TestData/SteeringCompanyAPI_TestData.xlsx"".
2023-01-22 15:42:07.091 &amp#27;[32m INFO&amp#27;[m &amp#27;[35m[@503 - main]&amp#27;[m &amp#27;[36mcom.shaft.tools.io.ReportManager&amp#27;[m : Successfully created attachment "Test Data - Excel"
2023-01-22 15:42:07.092 &amp#27;[32m INFO&amp#27;[m &amp#27;[35m[@503 - main]&amp#27;[m &amp#27;[36mcom.shaft.tools.io.ReportManager&amp#27;[m : File Action "DoesFileExist" successfully performed. With the following test data "File Path: "SteeringCompanyAPI_TestData/SteeringCompanyAPI_TestData.xlsx"".
2023-01-22 15:42:07.124 &amp#27;[32m INFO&amp#27;[m &amp#27;[35m[@503 - main]&amp#27;[m &amp#27;[36mcom.shaft.tools.io.ReportManager&amp#27;[m : Successfully created attachment "Test Data - Excel"
2023-01-22 15:42:07.795 &amp#27;[32m INFO&amp#27;[m &amp#27;[35m[@503 - main]&amp#27;[m &amp#27;[36mcom.shaft.tools.io.ReportManager&amp#27;[m : Response status code: "422", status line: "HTTP/1.1 422 "
2023-01-22 15:42:07.808 &amp#27;[32m INFO&amp#27;[m &amp#27;[35m[@503 - main]&amp#27;[m &amp#27;[36mcom.shaft.tools.io.ReportManager&amp#27;[m : Successfully created attachment "API Request - Specifications"
2023-01-22 15:42:07.809 &amp#27;[32m INFO&amp#27;[m &amp#27;[35m[@503 - main]&amp#27;[m &amp#27;[36mcom.shaft.tools.io.ReportManager&amp#27;[m : Successfully created attachment "API Request - JSON Body"
2023-01-22 15:42:07.810 &amp#27;[32m INFO&amp#27;[m &amp#27;[35m[@503 - main]&amp#27;[m &amp#27;[36mcom.shaft.tools.io.ReportManager&amp#27;[m : Successfully created attachment "API Response - JSON Body"
2023-01-22 15:42:07.811 &amp#27;[32m INFO&amp#27;[m &amp#27;[35m[@503 - main]&amp#27;[m &amp#27;[36mcom.shaft.tools.io.ReportManager&amp#27;[m : File Action "DoesFileExist" successfully performed. With the following test data "File Path: "Schemas/ValidationError_schema.json"".
2023-01-22 15:42:07.811 &amp#27;[32m INFO&amp#27;[m &amp#27;[35m[@503 - main]&amp#27;[m &amp#27;[36mcom.shaft.tools.io.ReportManager&amp#27;[m : File Action "DoesFileExist" successfully performed. With the following test data "File Path: "src/test/resources/testDataFiles/Schemas/ValidationError_schema.json"".
2023-01-22 15:42:07.811 &amp#27;[32m INFO&amp#27;[m &amp#27;[35m[@503 - main]&amp#27;[m &amp#27;[36mcom.shaft.tools.io.ReportManager&amp#27;[m : File Action "GetAbsolutePath" successfully performed. With the following test data "Relative Folder Path: "src/test/resources/testDataFiles/Schemas/ValidationError_schema.json"".
2023-01-22 15:42:07.814 &amp#27;[32m INFO&amp#27;[m &amp#27;[35m[@503 - main]&amp#27;[m &amp#27;[36mcom.shaft.tools.io.ReportManager&amp#27;[m : File Action "DoesFileExist" successfully performed. With the following test data "File Path: "C:\eclipse-workspace\MyProjects\TASystemsAPIs\src\test\resources\testDataFiles\Schemas\ValidationError_schema.json"".
2023-01-22 15:42:07.814 &amp#27;[32m INFO&amp#27;[m &amp#27;[35m[@503 - main]&amp#27;[m &amp#27;[36mcom.shaft.tools.io.ReportManager&amp#27;[m : File Action "GetAbsolutePath" successfully performed. With the following test data "Relative Folder Path: "C:\eclipse-workspace\MyProjects\TASystemsAPIs\src\test\resources\testDataFiles\Schemas\ValidationError_schema.json"".
2023-01-22 15:42:07.814 &amp#27;[32m INFO&amp#27;[m &amp#27;[35m[@503 - main]&amp#27;[m &amp#27;[36mcom.shaft.tools.io.ReportManager&amp#27;[m : File Action "ReadFile" successfully performed. With the following test data "File Path: "C:\eclipse-workspace\MyProjects\TASystemsAPIs\src\test\resources\testDataFiles\Schemas\ValidationError_schema.json"".
2023-01-22 15:42:07.816 &amp#27;[32m INFO&amp#27;[m &amp#27;[35m[@503 - main]&amp#27;[m &amp#27;[36mcom.shaft.tools.io.ReportManager&amp#27;[m : Successfully created attachment "Validation Test Data - Expected JSON Value"
2023-01-22 15:42:07.816 &amp#27;[32m INFO&amp#27;[m &amp#27;[35m[@503 - main]&amp#27;[m &amp#27;[36mcom.shaft.tools.io.ReportManager&amp#27;[m : Successfully created attachment "Validation Test Data - Actual JSON Value"
2023-01-22 15:42:07.818 &amp#27;[32m INFO&amp#27;[m &amp#27;[35m[@503 - main]&amp#27;[m &amp#27;[36mcom.shaft.tools.io.ReportManager&amp#27;[m : Successfully created attachment "SHAFT Engine Logs - Current Method log: Add_Policy_With_InValid_data_TC"
]]></system-out>
  </testcase>
  <testcase name="Add_Policy_With_InValid_data_TC[[Ljava.lang.Object;@404a85b1](33)" classname="SteeringCompanyAPI_TestCases.Test_Policies_Cases" time="1.535">
    <system-out><![CDATA[2023-01-22 15:42:07.820 &amp#27;[32m INFO&amp#27;[m &amp#27;[35m[@534 - main]&amp#27;[m &amp#27;[36mcom.shaft.tools.io.ReportManager&amp#27;[m : 
################################################################################################################################################
Starting Execution:	"41 out of 70" test cases in the current suite
Test Method:		"SteeringCompanyAPI_TestCases.Test_Policies_Cases.Add_Policy_With_InValid_data_TC"
Test Description:	"TC052 -Policy- Perform Add Policy with InValid data"
################################################################################################################################################
2023-01-22 15:42:07.820 &amp#27;[32m INFO&amp#27;[m &amp#27;[35m[@503 - main]&amp#27;[m &amp#27;[36mcom.shaft.tools.io.ReportManager&amp#27;[m : File Action "DoesFileExist" successfully performed. With the following test data "File Path: "SteeringCompanyAPI_TestData/SteeringCompanyAPI_TestData.xlsx"".
2023-01-22 15:42:07.849 &amp#27;[32m INFO&amp#27;[m &amp#27;[35m[@503 - main]&amp#27;[m &amp#27;[36mcom.shaft.tools.io.ReportManager&amp#27;[m : Successfully created attachment "Test Data - Excel"
2023-01-22 15:42:08.755 &amp#27;[32m INFO&amp#27;[m &amp#27;[35m[@503 - main]&amp#27;[m &amp#27;[36mcom.shaft.tools.io.ReportManager&amp#27;[m : Response status code: "200", status line: "HTTP/1.1 200 OK"
2023-01-22 15:42:08.768 &amp#27;[32m INFO&amp#27;[m &amp#27;[35m[@503 - main]&amp#27;[m &amp#27;[36mcom.shaft.tools.io.ReportManager&amp#27;[m : Successfully created attachment "API Request - Specifications"
2023-01-22 15:42:08.768 &amp#27;[32m INFO&amp#27;[m &amp#27;[35m[@503 - main]&amp#27;[m &amp#27;[36mcom.shaft.tools.io.ReportManager&amp#27;[m : Successfully created attachment "API Request - Body"
2023-01-22 15:42:08.769 &amp#27;[32m INFO&amp#27;[m &amp#27;[35m[@503 - main]&amp#27;[m &amp#27;[36mcom.shaft.tools.io.ReportManager&amp#27;[m : Successfully created attachment "API Response - JSON Body"
2023-01-22 15:42:08.786 &amp#27;[32m INFO&amp#27;[m &amp#27;[35m[@503 - main]&amp#27;[m &amp#27;[36mcom.shaft.tools.io.ReportManager&amp#27;[m : File Action "DoesFileExist" successfully performed. With the following test data "File Path: "SteeringCompanyAPI_TestData/SteeringCompanyAPI_TestData.xlsx"".
2023-01-22 15:42:08.819 &amp#27;[32m INFO&amp#27;[m &amp#27;[35m[@503 - main]&amp#27;[m &amp#27;[36mcom.shaft.tools.io.ReportManager&amp#27;[m : Successfully created attachment "Test Data - Excel"
2023-01-22 15:42:08.819 &amp#27;[32m INFO&amp#27;[m &amp#27;[35m[@503 - main]&amp#27;[m &amp#27;[36mcom.shaft.tools.io.ReportManager&amp#27;[m : File Action "DoesFileExist" successfully performed. With the following test data "File Path: "SteeringCompanyAPI_TestData/SteeringCompanyAPI_TestData.xlsx"".
2023-01-22 15:42:08.847 &amp#27;[32m INFO&amp#27;[m &amp#27;[35m[@503 - main]&amp#27;[m &amp#27;[36mcom.shaft.tools.io.ReportManager&amp#27;[m : Successfully created attachment "Test Data - Excel"
2023-01-22 15:42:08.847 &amp#27;[32m INFO&amp#27;[m &amp#27;[35m[@503 - main]&amp#27;[m &amp#27;[36mcom.shaft.tools.io.ReportManager&amp#27;[m : File Action "DoesFileExist" successfully performed. With the following test data "File Path: "SteeringCompanyAPI_TestData/SteeringCompanyAPI_TestData.xlsx"".
2023-01-22 15:42:08.877 &amp#27;[32m INFO&amp#27;[m &amp#27;[35m[@503 - main]&amp#27;[m &amp#27;[36mcom.shaft.tools.io.ReportManager&amp#27;[m : Successfully created attachment "Test Data - Excel"
2023-01-22 15:42:09.330 &amp#27;[32m INFO&amp#27;[m &amp#27;[35m[@503 - main]&amp#27;[m &amp#27;[36mcom.shaft.tools.io.ReportManager&amp#27;[m : Response status code: "422", status line: "HTTP/1.1 422 "
2023-01-22 15:42:09.342 &amp#27;[32m INFO&amp#27;[m &amp#27;[35m[@503 - main]&amp#27;[m &amp#27;[36mcom.shaft.tools.io.ReportManager&amp#27;[m : Successfully created attachment "API Request - Specifications"
2023-01-22 15:42:09.343 &amp#27;[32m INFO&amp#27;[m &amp#27;[35m[@503 - main]&amp#27;[m &amp#27;[36mcom.shaft.tools.io.ReportManager&amp#27;[m : Successfully created attachment "API Request - JSON Body"
2023-01-22 15:42:09.344 &amp#27;[32m INFO&amp#27;[m &amp#27;[35m[@503 - main]&amp#27;[m &amp#27;[36mcom.shaft.tools.io.ReportManager&amp#27;[m : Successfully created attachment "API Response - JSON Body"
2023-01-22 15:42:09.345 &amp#27;[32m INFO&amp#27;[m &amp#27;[35m[@503 - main]&amp#27;[m &amp#27;[36mcom.shaft.tools.io.ReportManager&amp#27;[m : File Action "DoesFileExist" successfully performed. With the following test data "File Path: "Schemas/ValidationError_schema.json"".
2023-01-22 15:42:09.345 &amp#27;[32m INFO&amp#27;[m &amp#27;[35m[@503 - main]&amp#27;[m &amp#27;[36mcom.shaft.tools.io.ReportManager&amp#27;[m : File Action "DoesFileExist" successfully performed. With the following test data "File Path: "src/test/resources/testDataFiles/Schemas/ValidationError_schema.json"".
2023-01-22 15:42:09.345 &amp#27;[32m INFO&amp#27;[m &amp#27;[35m[@503 - main]&amp#27;[m &amp#27;[36mcom.shaft.tools.io.ReportManager&amp#27;[m : File Action "GetAbsolutePath" successfully performed. With the following test data "Relative Folder Path: "src/test/resources/testDataFiles/Schemas/ValidationError_schema.json"".
2023-01-22 15:42:09.347 &amp#27;[32m INFO&amp#27;[m &amp#27;[35m[@503 - main]&amp#27;[m &amp#27;[36mcom.shaft.tools.io.ReportManager&amp#27;[m : File Action "DoesFileExist" successfully performed. With the following test data "File Path: "C:\eclipse-workspace\MyProjects\TASystemsAPIs\src\test\resources\testDataFiles\Schemas\ValidationError_schema.json"".
2023-01-22 15:42:09.347 &amp#27;[32m INFO&amp#27;[m &amp#27;[35m[@503 - main]&amp#27;[m &amp#27;[36mcom.shaft.tools.io.ReportManager&amp#27;[m : File Action "GetAbsolutePath" successfully performed. With the following test data "Relative Folder Path: "C:\eclipse-workspace\MyProjects\TASystemsAPIs\src\test\resources\testDataFiles\Schemas\ValidationError_schema.json"".
2023-01-22 15:42:09.348 &amp#27;[32m INFO&amp#27;[m &amp#27;[35m[@503 - main]&amp#27;[m &amp#27;[36mcom.shaft.tools.io.ReportManager&amp#27;[m : File Action "ReadFile" successfully performed. With the following test data "File Path: "C:\eclipse-workspace\MyProjects\TASystemsAPIs\src\test\resources\testDataFiles\Schemas\ValidationError_schema.json"".
2023-01-22 15:42:09.349 &amp#27;[32m INFO&amp#27;[m &amp#27;[35m[@503 - main]&amp#27;[m &amp#27;[36mcom.shaft.tools.io.ReportManager&amp#27;[m : Successfully created attachment "Validation Test Data - Expected JSON Value"
2023-01-22 15:42:09.352 &amp#27;[32m INFO&amp#27;[m &amp#27;[35m[@503 - main]&amp#27;[m &amp#27;[36mcom.shaft.tools.io.ReportManager&amp#27;[m : Successfully created attachment "Validation Test Data - Actual JSON Value"
2023-01-22 15:42:09.353 &amp#27;[32m INFO&amp#27;[m &amp#27;[35m[@503 - main]&amp#27;[m &amp#27;[36mcom.shaft.tools.io.ReportManager&amp#27;[m : Successfully created attachment "SHAFT Engine Logs - Current Method log: Add_Policy_With_InValid_data_TC"
]]></system-out>
  </testcase>
  <testcase name="Add_Policy_With_InValid_data_TC[[Ljava.lang.Object;@199fe1dc](34)" classname="SteeringCompanyAPI_TestCases.Test_Policies_Cases" time="1.204">
    <system-out><![CDATA[2023-01-22 15:42:09.355 &amp#27;[32m INFO&amp#27;[m &amp#27;[35m[@534 - main]&amp#27;[m &amp#27;[36mcom.shaft.tools.io.ReportManager&amp#27;[m : 
################################################################################################################################################
Starting Execution:	"42 out of 70" test cases in the current suite
Test Method:		"SteeringCompanyAPI_TestCases.Test_Policies_Cases.Add_Policy_With_InValid_data_TC"
Test Description:	"TC052 -Policy- Perform Add Policy with InValid data"
################################################################################################################################################
2023-01-22 15:42:09.356 &amp#27;[32m INFO&amp#27;[m &amp#27;[35m[@503 - main]&amp#27;[m &amp#27;[36mcom.shaft.tools.io.ReportManager&amp#27;[m : File Action "DoesFileExist" successfully performed. With the following test data "File Path: "SteeringCompanyAPI_TestData/SteeringCompanyAPI_TestData.xlsx"".
2023-01-22 15:42:09.382 &amp#27;[32m INFO&amp#27;[m &amp#27;[35m[@503 - main]&amp#27;[m &amp#27;[36mcom.shaft.tools.io.ReportManager&amp#27;[m : Successfully created attachment "Test Data - Excel"
2023-01-22 15:42:09.971 &amp#27;[32m INFO&amp#27;[m &amp#27;[35m[@503 - main]&amp#27;[m &amp#27;[36mcom.shaft.tools.io.ReportManager&amp#27;[m : Response status code: "200", status line: "HTTP/1.1 200 OK"
2023-01-22 15:42:09.985 &amp#27;[32m INFO&amp#27;[m &amp#27;[35m[@503 - main]&amp#27;[m &amp#27;[36mcom.shaft.tools.io.ReportManager&amp#27;[m : Successfully created attachment "API Request - Specifications"
2023-01-22 15:42:09.986 &amp#27;[32m INFO&amp#27;[m &amp#27;[35m[@503 - main]&amp#27;[m &amp#27;[36mcom.shaft.tools.io.ReportManager&amp#27;[m : Successfully created attachment "API Request - Body"
2023-01-22 15:42:09.986 &amp#27;[32m INFO&amp#27;[m &amp#27;[35m[@503 - main]&amp#27;[m &amp#27;[36mcom.shaft.tools.io.ReportManager&amp#27;[m : Successfully created attachment "API Response - JSON Body"
2023-01-22 15:42:09.995 &amp#27;[32m INFO&amp#27;[m &amp#27;[35m[@503 - main]&amp#27;[m &amp#27;[36mcom.shaft.tools.io.ReportManager&amp#27;[m : File Action "DoesFileExist" successfully performed. With the following test data "File Path: "SteeringCompanyAPI_TestData/SteeringCompanyAPI_TestData.xlsx"".
2023-01-22 15:42:10.021 &amp#27;[32m INFO&amp#27;[m &amp#27;[35m[@503 - main]&amp#27;[m &amp#27;[36mcom.shaft.tools.io.ReportManager&amp#27;[m : Successfully created attachment "Test Data - Excel"
2023-01-22 15:42:10.021 &amp#27;[32m INFO&amp#27;[m &amp#27;[35m[@503 - main]&amp#27;[m &amp#27;[36mcom.shaft.tools.io.ReportManager&amp#27;[m : File Action "DoesFileExist" successfully performed. With the following test data "File Path: "SteeringCompanyAPI_TestData/SteeringCompanyAPI_TestData.xlsx"".
2023-01-22 15:42:10.049 &amp#27;[32m INFO&amp#27;[m &amp#27;[35m[@503 - main]&amp#27;[m &amp#27;[36mcom.shaft.tools.io.ReportManager&amp#27;[m : Successfully created attachment "Test Data - Excel"
2023-01-22 15:42:10.049 &amp#27;[32m INFO&amp#27;[m &amp#27;[35m[@503 - main]&amp#27;[m &amp#27;[36mcom.shaft.tools.io.ReportManager&amp#27;[m : File Action "DoesFileExist" successfully performed. With the following test data "File Path: "SteeringCompanyAPI_TestData/SteeringCompanyAPI_TestData.xlsx"".
2023-01-22 15:42:10.078 &amp#27;[32m INFO&amp#27;[m &amp#27;[35m[@503 - main]&amp#27;[m &amp#27;[36mcom.shaft.tools.io.ReportManager&amp#27;[m : Successfully created attachment "Test Data - Excel"
2023-01-22 15:42:10.536 &amp#27;[32m INFO&amp#27;[m &amp#27;[35m[@503 - main]&amp#27;[m &amp#27;[36mcom.shaft.tools.io.ReportManager&amp#27;[m : Response status code: "422", status line: "HTTP/1.1 422 "
2023-01-22 15:42:10.546 &amp#27;[32m INFO&amp#27;[m &amp#27;[35m[@503 - main]&amp#27;[m &amp#27;[36mcom.shaft.tools.io.ReportManager&amp#27;[m : Successfully created attachment "API Request - Specifications"
2023-01-22 15:42:10.547 &amp#27;[32m INFO&amp#27;[m &amp#27;[35m[@503 - main]&amp#27;[m &amp#27;[36mcom.shaft.tools.io.ReportManager&amp#27;[m : Successfully created attachment "API Request - JSON Body"
2023-01-22 15:42:10.548 &amp#27;[32m INFO&amp#27;[m &amp#27;[35m[@503 - main]&amp#27;[m &amp#27;[36mcom.shaft.tools.io.ReportManager&amp#27;[m : Successfully created attachment "API Response - JSON Body"
2023-01-22 15:42:10.548 &amp#27;[32m INFO&amp#27;[m &amp#27;[35m[@503 - main]&amp#27;[m &amp#27;[36mcom.shaft.tools.io.ReportManager&amp#27;[m : File Action "DoesFileExist" successfully performed. With the following test data "File Path: "Schemas/ValidationError_schema.json"".
2023-01-22 15:42:10.548 &amp#27;[32m INFO&amp#27;[m &amp#27;[35m[@503 - main]&amp#27;[m &amp#27;[36mcom.shaft.tools.io.ReportManager&amp#27;[m : File Action "DoesFileExist" successfully performed. With the following test data "File Path: "src/test/resources/testDataFiles/Schemas/ValidationError_schema.json"".
2023-01-22 15:42:10.549 &amp#27;[32m INFO&amp#27;[m &amp#27;[35m[@503 - main]&amp#27;[m &amp#27;[36mcom.shaft.tools.io.ReportManager&amp#27;[m : File Action "GetAbsolutePath" successfully performed. With the following test data "Relative Folder Path: "src/test/resources/testDataFiles/Schemas/ValidationError_schema.json"".
2023-01-22 15:42:10.553 &amp#27;[32m INFO&amp#27;[m &amp#27;[35m[@503 - main]&amp#27;[m &amp#27;[36mcom.shaft.tools.io.ReportManager&amp#27;[m : File Action "DoesFileExist" successfully performed. With the following test data "File Path: "C:\eclipse-workspace\MyProjects\TASystemsAPIs\src\test\resources\testDataFiles\Schemas\ValidationError_schema.json"".
2023-01-22 15:42:10.554 &amp#27;[32m INFO&amp#27;[m &amp#27;[35m[@503 - main]&amp#27;[m &amp#27;[36mcom.shaft.tools.io.ReportManager&amp#27;[m : File Action "GetAbsolutePath" successfully performed. With the following test data "Relative Folder Path: "C:\eclipse-workspace\MyProjects\TASystemsAPIs\src\test\resources\testDataFiles\Schemas\ValidationError_schema.json"".
2023-01-22 15:42:10.554 &amp#27;[32m INFO&amp#27;[m &amp#27;[35m[@503 - main]&amp#27;[m &amp#27;[36mcom.shaft.tools.io.ReportManager&amp#27;[m : File Action "ReadFile" successfully performed. With the following test data "File Path: "C:\eclipse-workspace\MyProjects\TASystemsAPIs\src\test\resources\testDataFiles\Schemas\ValidationError_schema.json"".
2023-01-22 15:42:10.556 &amp#27;[32m INFO&amp#27;[m &amp#27;[35m[@503 - main]&amp#27;[m &amp#27;[36mcom.shaft.tools.io.ReportManager&amp#27;[m : Successfully created attachment "Validation Test Data - Expected JSON Value"
2023-01-22 15:42:10.557 &amp#27;[32m INFO&amp#27;[m &amp#27;[35m[@503 - main]&amp#27;[m &amp#27;[36mcom.shaft.tools.io.ReportManager&amp#27;[m : Successfully created attachment "Validation Test Data - Actual JSON Value"
2023-01-22 15:42:10.557 &amp#27;[32m INFO&amp#27;[m &amp#27;[35m[@503 - main]&amp#27;[m &amp#27;[36mcom.shaft.tools.io.ReportManager&amp#27;[m : Successfully created attachment "SHAFT Engine Logs - Current Method log: Add_Policy_With_InValid_data_TC"
]]></system-out>
  </testcase>
  <testcase name="Add_Policy_With_InValid_data_TC[[Ljava.lang.Object;@40903af6](35)" classname="SteeringCompanyAPI_TestCases.Test_Policies_Cases" time="1.247">
    <system-out><![CDATA[2023-01-22 15:42:10.560 &amp#27;[32m INFO&amp#27;[m &amp#27;[35m[@534 - main]&amp#27;[m &amp#27;[36mcom.shaft.tools.io.ReportManager&amp#27;[m : 
################################################################################################################################################
Starting Execution:	"43 out of 70" test cases in the current suite
Test Method:		"SteeringCompanyAPI_TestCases.Test_Policies_Cases.Add_Policy_With_InValid_data_TC"
Test Description:	"TC052 -Policy- Perform Add Policy with InValid data"
################################################################################################################################################
2023-01-22 15:42:10.560 &amp#27;[32m INFO&amp#27;[m &amp#27;[35m[@503 - main]&amp#27;[m &amp#27;[36mcom.shaft.tools.io.ReportManager&amp#27;[m : File Action "DoesFileExist" successfully performed. With the following test data "File Path: "SteeringCompanyAPI_TestData/SteeringCompanyAPI_TestData.xlsx"".
2023-01-22 15:42:10.581 &amp#27;[32m INFO&amp#27;[m &amp#27;[35m[@503 - main]&amp#27;[m &amp#27;[36mcom.shaft.tools.io.ReportManager&amp#27;[m : Successfully created attachment "Test Data - Excel"
2023-01-22 15:42:11.232 &amp#27;[32m INFO&amp#27;[m &amp#27;[35m[@503 - main]&amp#27;[m &amp#27;[36mcom.shaft.tools.io.ReportManager&amp#27;[m : Response status code: "200", status line: "HTTP/1.1 200 OK"
2023-01-22 15:42:11.241 &amp#27;[32m INFO&amp#27;[m &amp#27;[35m[@503 - main]&amp#27;[m &amp#27;[36mcom.shaft.tools.io.ReportManager&amp#27;[m : Successfully created attachment "API Request - Specifications"
2023-01-22 15:42:11.242 &amp#27;[32m INFO&amp#27;[m &amp#27;[35m[@503 - main]&amp#27;[m &amp#27;[36mcom.shaft.tools.io.ReportManager&amp#27;[m : Successfully created attachment "API Request - Body"
2023-01-22 15:42:11.242 &amp#27;[32m INFO&amp#27;[m &amp#27;[35m[@503 - main]&amp#27;[m &amp#27;[36mcom.shaft.tools.io.ReportManager&amp#27;[m : Successfully created attachment "API Response - JSON Body"
2023-01-22 15:42:11.252 &amp#27;[32m INFO&amp#27;[m &amp#27;[35m[@503 - main]&amp#27;[m &amp#27;[36mcom.shaft.tools.io.ReportManager&amp#27;[m : File Action "DoesFileExist" successfully performed. With the following test data "File Path: "SteeringCompanyAPI_TestData/SteeringCompanyAPI_TestData.xlsx"".
2023-01-22 15:42:11.275 &amp#27;[32m INFO&amp#27;[m &amp#27;[35m[@503 - main]&amp#27;[m &amp#27;[36mcom.shaft.tools.io.ReportManager&amp#27;[m : Successfully created attachment "Test Data - Excel"
2023-01-22 15:42:11.276 &amp#27;[32m INFO&amp#27;[m &amp#27;[35m[@503 - main]&amp#27;[m &amp#27;[36mcom.shaft.tools.io.ReportManager&amp#27;[m : File Action "DoesFileExist" successfully performed. With the following test data "File Path: "SteeringCompanyAPI_TestData/SteeringCompanyAPI_TestData.xlsx"".
2023-01-22 15:42:11.299 &amp#27;[32m INFO&amp#27;[m &amp#27;[35m[@503 - main]&amp#27;[m &amp#27;[36mcom.shaft.tools.io.ReportManager&amp#27;[m : Successfully created attachment "Test Data - Excel"
2023-01-22 15:42:11.299 &amp#27;[32m INFO&amp#27;[m &amp#27;[35m[@503 - main]&amp#27;[m &amp#27;[36mcom.shaft.tools.io.ReportManager&amp#27;[m : File Action "DoesFileExist" successfully performed. With the following test data "File Path: "SteeringCompanyAPI_TestData/SteeringCompanyAPI_TestData.xlsx"".
2023-01-22 15:42:11.329 &amp#27;[32m INFO&amp#27;[m &amp#27;[35m[@503 - main]&amp#27;[m &amp#27;[36mcom.shaft.tools.io.ReportManager&amp#27;[m : Successfully created attachment "Test Data - Excel"
2023-01-22 15:42:11.783 &amp#27;[32m INFO&amp#27;[m &amp#27;[35m[@503 - main]&amp#27;[m &amp#27;[36mcom.shaft.tools.io.ReportManager&amp#27;[m : Response status code: "422", status line: "HTTP/1.1 422 "
2023-01-22 15:42:11.797 &amp#27;[32m INFO&amp#27;[m &amp#27;[35m[@503 - main]&amp#27;[m &amp#27;[36mcom.shaft.tools.io.ReportManager&amp#27;[m : Successfully created attachment "API Request - Specifications"
2023-01-22 15:42:11.797 &amp#27;[32m INFO&amp#27;[m &amp#27;[35m[@503 - main]&amp#27;[m &amp#27;[36mcom.shaft.tools.io.ReportManager&amp#27;[m : Successfully created attachment "API Request - JSON Body"
2023-01-22 15:42:11.798 &amp#27;[32m INFO&amp#27;[m &amp#27;[35m[@503 - main]&amp#27;[m &amp#27;[36mcom.shaft.tools.io.ReportManager&amp#27;[m : Successfully created attachment "API Response - JSON Body"
2023-01-22 15:42:11.799 &amp#27;[32m INFO&amp#27;[m &amp#27;[35m[@503 - main]&amp#27;[m &amp#27;[36mcom.shaft.tools.io.ReportManager&amp#27;[m : File Action "DoesFileExist" successfully performed. With the following test data "File Path: "Schemas/ValidationError_schema.json"".
2023-01-22 15:42:11.799 &amp#27;[32m INFO&amp#27;[m &amp#27;[35m[@503 - main]&amp#27;[m &amp#27;[36mcom.shaft.tools.io.ReportManager&amp#27;[m : File Action "DoesFileExist" successfully performed. With the following test data "File Path: "src/test/resources/testDataFiles/Schemas/ValidationError_schema.json"".
2023-01-22 15:42:11.799 &amp#27;[32m INFO&amp#27;[m &amp#27;[35m[@503 - main]&amp#27;[m &amp#27;[36mcom.shaft.tools.io.ReportManager&amp#27;[m : File Action "GetAbsolutePath" successfully performed. With the following test data "Relative Folder Path: "src/test/resources/testDataFiles/Schemas/ValidationError_schema.json"".
2023-01-22 15:42:11.802 &amp#27;[32m INFO&amp#27;[m &amp#27;[35m[@503 - main]&amp#27;[m &amp#27;[36mcom.shaft.tools.io.ReportManager&amp#27;[m : File Action "DoesFileExist" successfully performed. With the following test data "File Path: "C:\eclipse-workspace\MyProjects\TASystemsAPIs\src\test\resources\testDataFiles\Schemas\ValidationError_schema.json"".
2023-01-22 15:42:11.802 &amp#27;[32m INFO&amp#27;[m &amp#27;[35m[@503 - main]&amp#27;[m &amp#27;[36mcom.shaft.tools.io.ReportManager&amp#27;[m : File Action "GetAbsolutePath" successfully performed. With the following test data "Relative Folder Path: "C:\eclipse-workspace\MyProjects\TASystemsAPIs\src\test\resources\testDataFiles\Schemas\ValidationError_schema.json"".
2023-01-22 15:42:11.802 &amp#27;[32m INFO&amp#27;[m &amp#27;[35m[@503 - main]&amp#27;[m &amp#27;[36mcom.shaft.tools.io.ReportManager&amp#27;[m : File Action "ReadFile" successfully performed. With the following test data "File Path: "C:\eclipse-workspace\MyProjects\TASystemsAPIs\src\test\resources\testDataFiles\Schemas\ValidationError_schema.json"".
2023-01-22 15:42:11.803 &amp#27;[32m INFO&amp#27;[m &amp#27;[35m[@503 - main]&amp#27;[m &amp#27;[36mcom.shaft.tools.io.ReportManager&amp#27;[m : Successfully created attachment "Validation Test Data - Expected JSON Value"
2023-01-22 15:42:11.804 &amp#27;[32m INFO&amp#27;[m &amp#27;[35m[@503 - main]&amp#27;[m &amp#27;[36mcom.shaft.tools.io.ReportManager&amp#27;[m : Successfully created attachment "Validation Test Data - Actual JSON Value"
2023-01-22 15:42:11.804 &amp#27;[32m INFO&amp#27;[m &amp#27;[35m[@503 - main]&amp#27;[m &amp#27;[36mcom.shaft.tools.io.ReportManager&amp#27;[m : Successfully created attachment "SHAFT Engine Logs - Current Method log: Add_Policy_With_InValid_data_TC"
]]></system-out>
  </testcase>
  <testcase name="Add_Policy_With_InValid_data_TC[[Ljava.lang.Object;@16c1fc82](36)" classname="SteeringCompanyAPI_TestCases.Test_Policies_Cases" time="1.236">
    <system-out><![CDATA[2023-01-22 15:42:11.806 &amp#27;[32m INFO&amp#27;[m &amp#27;[35m[@534 - main]&amp#27;[m &amp#27;[36mcom.shaft.tools.io.ReportManager&amp#27;[m : 
################################################################################################################################################
Starting Execution:	"44 out of 70" test cases in the current suite
Test Method:		"SteeringCompanyAPI_TestCases.Test_Policies_Cases.Add_Policy_With_InValid_data_TC"
Test Description:	"TC052 -Policy- Perform Add Policy with InValid data"
################################################################################################################################################
2023-01-22 15:42:11.806 &amp#27;[32m INFO&amp#27;[m &amp#27;[35m[@503 - main]&amp#27;[m &amp#27;[36mcom.shaft.tools.io.ReportManager&amp#27;[m : File Action "DoesFileExist" successfully performed. With the following test data "File Path: "SteeringCompanyAPI_TestData/SteeringCompanyAPI_TestData.xlsx"".
2023-01-22 15:42:11.828 &amp#27;[32m INFO&amp#27;[m &amp#27;[35m[@503 - main]&amp#27;[m &amp#27;[36mcom.shaft.tools.io.ReportManager&amp#27;[m : Successfully created attachment "Test Data - Excel"
2023-01-22 15:42:12.438 &amp#27;[32m INFO&amp#27;[m &amp#27;[35m[@503 - main]&amp#27;[m &amp#27;[36mcom.shaft.tools.io.ReportManager&amp#27;[m : Response status code: "200", status line: "HTTP/1.1 200 OK"
2023-01-22 15:42:12.451 &amp#27;[32m INFO&amp#27;[m &amp#27;[35m[@503 - main]&amp#27;[m &amp#27;[36mcom.shaft.tools.io.ReportManager&amp#27;[m : Successfully created attachment "API Request - Specifications"
2023-01-22 15:42:12.452 &amp#27;[32m INFO&amp#27;[m &amp#27;[35m[@503 - main]&amp#27;[m &amp#27;[36mcom.shaft.tools.io.ReportManager&amp#27;[m : Successfully created attachment "API Request - Body"
2023-01-22 15:42:12.453 &amp#27;[32m INFO&amp#27;[m &amp#27;[35m[@503 - main]&amp#27;[m &amp#27;[36mcom.shaft.tools.io.ReportManager&amp#27;[m : Successfully created attachment "API Response - JSON Body"
2023-01-22 15:42:12.464 &amp#27;[32m INFO&amp#27;[m &amp#27;[35m[@503 - main]&amp#27;[m &amp#27;[36mcom.shaft.tools.io.ReportManager&amp#27;[m : File Action "DoesFileExist" successfully performed. With the following test data "File Path: "SteeringCompanyAPI_TestData/SteeringCompanyAPI_TestData.xlsx"".
2023-01-22 15:42:12.490 &amp#27;[32m INFO&amp#27;[m &amp#27;[35m[@503 - main]&amp#27;[m &amp#27;[36mcom.shaft.tools.io.ReportManager&amp#27;[m : Successfully created attachment "Test Data - Excel"
2023-01-22 15:42:12.490 &amp#27;[32m INFO&amp#27;[m &amp#27;[35m[@503 - main]&amp#27;[m &amp#27;[36mcom.shaft.tools.io.ReportManager&amp#27;[m : File Action "DoesFileExist" successfully performed. With the following test data "File Path: "SteeringCompanyAPI_TestData/SteeringCompanyAPI_TestData.xlsx"".
2023-01-22 15:42:12.522 &amp#27;[32m INFO&amp#27;[m &amp#27;[35m[@503 - main]&amp#27;[m &amp#27;[36mcom.shaft.tools.io.ReportManager&amp#27;[m : Successfully created attachment "Test Data - Excel"
2023-01-22 15:42:12.522 &amp#27;[32m INFO&amp#27;[m &amp#27;[35m[@503 - main]&amp#27;[m &amp#27;[36mcom.shaft.tools.io.ReportManager&amp#27;[m : File Action "DoesFileExist" successfully performed. With the following test data "File Path: "SteeringCompanyAPI_TestData/SteeringCompanyAPI_TestData.xlsx"".
2023-01-22 15:42:12.557 &amp#27;[32m INFO&amp#27;[m &amp#27;[35m[@503 - main]&amp#27;[m &amp#27;[36mcom.shaft.tools.io.ReportManager&amp#27;[m : Successfully created attachment "Test Data - Excel"
2023-01-22 15:42:13.012 &amp#27;[32m INFO&amp#27;[m &amp#27;[35m[@503 - main]&amp#27;[m &amp#27;[36mcom.shaft.tools.io.ReportManager&amp#27;[m : Response status code: "422", status line: "HTTP/1.1 422 "
2023-01-22 15:42:13.022 &amp#27;[32m INFO&amp#27;[m &amp#27;[35m[@503 - main]&amp#27;[m &amp#27;[36mcom.shaft.tools.io.ReportManager&amp#27;[m : Successfully created attachment "API Request - Specifications"
2023-01-22 15:42:13.024 &amp#27;[32m INFO&amp#27;[m &amp#27;[35m[@503 - main]&amp#27;[m &amp#27;[36mcom.shaft.tools.io.ReportManager&amp#27;[m : Successfully created attachment "API Request - JSON Body"
2023-01-22 15:42:13.024 &amp#27;[32m INFO&amp#27;[m &amp#27;[35m[@503 - main]&amp#27;[m &amp#27;[36mcom.shaft.tools.io.ReportManager&amp#27;[m : Successfully created attachment "API Response - JSON Body"
2023-01-22 15:42:13.027 &amp#27;[32m INFO&amp#27;[m &amp#27;[35m[@503 - main]&amp#27;[m &amp#27;[36mcom.shaft.tools.io.ReportManager&amp#27;[m : File Action "DoesFileExist" successfully performed. With the following test data "File Path: "Schemas/ValidationError_schema.json"".
2023-01-22 15:42:13.027 &amp#27;[32m INFO&amp#27;[m &amp#27;[35m[@503 - main]&amp#27;[m &amp#27;[36mcom.shaft.tools.io.ReportManager&amp#27;[m : File Action "DoesFileExist" successfully performed. With the following test data "File Path: "src/test/resources/testDataFiles/Schemas/ValidationError_schema.json"".
2023-01-22 15:42:13.028 &amp#27;[32m INFO&amp#27;[m &amp#27;[35m[@503 - main]&amp#27;[m &amp#27;[36mcom.shaft.tools.io.ReportManager&amp#27;[m : File Action "GetAbsolutePath" successfully performed. With the following test data "Relative Folder Path: "src/test/resources/testDataFiles/Schemas/ValidationError_schema.json"".
2023-01-22 15:42:13.032 &amp#27;[32m INFO&amp#27;[m &amp#27;[35m[@503 - main]&amp#27;[m &amp#27;[36mcom.shaft.tools.io.ReportManager&amp#27;[m : File Action "DoesFileExist" successfully performed. With the following test data "File Path: "C:\eclipse-workspace\MyProjects\TASystemsAPIs\src\test\resources\testDataFiles\Schemas\ValidationError_schema.json"".
2023-01-22 15:42:13.033 &amp#27;[32m INFO&amp#27;[m &amp#27;[35m[@503 - main]&amp#27;[m &amp#27;[36mcom.shaft.tools.io.ReportManager&amp#27;[m : File Action "GetAbsolutePath" successfully performed. With the following test data "Relative Folder Path: "C:\eclipse-workspace\MyProjects\TASystemsAPIs\src\test\resources\testDataFiles\Schemas\ValidationError_schema.json"".
2023-01-22 15:42:13.034 &amp#27;[32m INFO&amp#27;[m &amp#27;[35m[@503 - main]&amp#27;[m &amp#27;[36mcom.shaft.tools.io.ReportManager&amp#27;[m : File Action "ReadFile" successfully performed. With the following test data "File Path: "C:\eclipse-workspace\MyProjects\TASystemsAPIs\src\test\resources\testDataFiles\Schemas\ValidationError_schema.json"".
2023-01-22 15:42:13.037 &amp#27;[32m INFO&amp#27;[m &amp#27;[35m[@503 - main]&amp#27;[m &amp#27;[36mcom.shaft.tools.io.ReportManager&amp#27;[m : Successfully created attachment "Validation Test Data - Expected JSON Value"
2023-01-22 15:42:13.039 &amp#27;[32m INFO&amp#27;[m &amp#27;[35m[@503 - main]&amp#27;[m &amp#27;[36mcom.shaft.tools.io.ReportManager&amp#27;[m : Successfully created attachment "Validation Test Data - Actual JSON Value"
2023-01-22 15:42:13.040 &amp#27;[32m INFO&amp#27;[m &amp#27;[35m[@503 - main]&amp#27;[m &amp#27;[36mcom.shaft.tools.io.ReportManager&amp#27;[m : Successfully created attachment "SHAFT Engine Logs - Current Method log: Add_Policy_With_InValid_data_TC"
]]></system-out>
  </testcase>
  <testcase name="Add_Policy_With_InValid_data_TC[[Ljava.lang.Object;@43fa82c1](37)" classname="SteeringCompanyAPI_TestCases.Test_Policies_Cases" time="1.262">
    <system-out><![CDATA[2023-01-22 15:42:13.043 &amp#27;[32m INFO&amp#27;[m &amp#27;[35m[@534 - main]&amp#27;[m &amp#27;[36mcom.shaft.tools.io.ReportManager&amp#27;[m : 
################################################################################################################################################
Starting Execution:	"45 out of 70" test cases in the current suite
Test Method:		"SteeringCompanyAPI_TestCases.Test_Policies_Cases.Add_Policy_With_InValid_data_TC"
Test Description:	"TC052 -Policy- Perform Add Policy with InValid data"
################################################################################################################################################
2023-01-22 15:42:13.043 &amp#27;[32m INFO&amp#27;[m &amp#27;[35m[@503 - main]&amp#27;[m &amp#27;[36mcom.shaft.tools.io.ReportManager&amp#27;[m : File Action "DoesFileExist" successfully performed. With the following test data "File Path: "SteeringCompanyAPI_TestData/SteeringCompanyAPI_TestData.xlsx"".
2023-01-22 15:42:13.075 &amp#27;[32m INFO&amp#27;[m &amp#27;[35m[@503 - main]&amp#27;[m &amp#27;[36mcom.shaft.tools.io.ReportManager&amp#27;[m : Successfully created attachment "Test Data - Excel"
2023-01-22 15:42:13.656 &amp#27;[32m INFO&amp#27;[m &amp#27;[35m[@503 - main]&amp#27;[m &amp#27;[36mcom.shaft.tools.io.ReportManager&amp#27;[m : Response status code: "200", status line: "HTTP/1.1 200 OK"
2023-01-22 15:42:13.667 &amp#27;[32m INFO&amp#27;[m &amp#27;[35m[@503 - main]&amp#27;[m &amp#27;[36mcom.shaft.tools.io.ReportManager&amp#27;[m : Successfully created attachment "API Request - Specifications"
2023-01-22 15:42:13.669 &amp#27;[32m INFO&amp#27;[m &amp#27;[35m[@503 - main]&amp#27;[m &amp#27;[36mcom.shaft.tools.io.ReportManager&amp#27;[m : Successfully created attachment "API Request - Body"
2023-01-22 15:42:13.670 &amp#27;[32m INFO&amp#27;[m &amp#27;[35m[@503 - main]&amp#27;[m &amp#27;[36mcom.shaft.tools.io.ReportManager&amp#27;[m : Successfully created attachment "API Response - JSON Body"
2023-01-22 15:42:13.689 &amp#27;[32m INFO&amp#27;[m &amp#27;[35m[@503 - main]&amp#27;[m &amp#27;[36mcom.shaft.tools.io.ReportManager&amp#27;[m : File Action "DoesFileExist" successfully performed. With the following test data "File Path: "SteeringCompanyAPI_TestData/SteeringCompanyAPI_TestData.xlsx"".
2023-01-22 15:42:13.719 &amp#27;[32m INFO&amp#27;[m &amp#27;[35m[@503 - main]&amp#27;[m &amp#27;[36mcom.shaft.tools.io.ReportManager&amp#27;[m : Successfully created attachment "Test Data - Excel"
2023-01-22 15:42:13.719 &amp#27;[32m INFO&amp#27;[m &amp#27;[35m[@503 - main]&amp#27;[m &amp#27;[36mcom.shaft.tools.io.ReportManager&amp#27;[m : File Action "DoesFileExist" successfully performed. With the following test data "File Path: "SteeringCompanyAPI_TestData/SteeringCompanyAPI_TestData.xlsx"".
2023-01-22 15:42:13.742 &amp#27;[32m INFO&amp#27;[m &amp#27;[35m[@503 - main]&amp#27;[m &amp#27;[36mcom.shaft.tools.io.ReportManager&amp#27;[m : Successfully created attachment "Test Data - Excel"
2023-01-22 15:42:13.743 &amp#27;[32m INFO&amp#27;[m &amp#27;[35m[@503 - main]&amp#27;[m &amp#27;[36mcom.shaft.tools.io.ReportManager&amp#27;[m : File Action "DoesFileExist" successfully performed. With the following test data "File Path: "SteeringCompanyAPI_TestData/SteeringCompanyAPI_TestData.xlsx"".
2023-01-22 15:42:13.770 &amp#27;[32m INFO&amp#27;[m &amp#27;[35m[@503 - main]&amp#27;[m &amp#27;[36mcom.shaft.tools.io.ReportManager&amp#27;[m : Successfully created attachment "Test Data - Excel"
2023-01-22 15:42:14.278 &amp#27;[32m INFO&amp#27;[m &amp#27;[35m[@503 - main]&amp#27;[m &amp#27;[36mcom.shaft.tools.io.ReportManager&amp#27;[m : Response status code: "422", status line: "HTTP/1.1 422 "
2023-01-22 15:42:14.292 &amp#27;[32m INFO&amp#27;[m &amp#27;[35m[@503 - main]&amp#27;[m &amp#27;[36mcom.shaft.tools.io.ReportManager&amp#27;[m : Successfully created attachment "API Request - Specifications"
2023-01-22 15:42:14.294 &amp#27;[32m INFO&amp#27;[m &amp#27;[35m[@503 - main]&amp#27;[m &amp#27;[36mcom.shaft.tools.io.ReportManager&amp#27;[m : Successfully created attachment "API Request - JSON Body"
2023-01-22 15:42:14.295 &amp#27;[32m INFO&amp#27;[m &amp#27;[35m[@503 - main]&amp#27;[m &amp#27;[36mcom.shaft.tools.io.ReportManager&amp#27;[m : Successfully created attachment "API Response - JSON Body"
2023-01-22 15:42:14.296 &amp#27;[32m INFO&amp#27;[m &amp#27;[35m[@503 - main]&amp#27;[m &amp#27;[36mcom.shaft.tools.io.ReportManager&amp#27;[m : File Action "DoesFileExist" successfully performed. With the following test data "File Path: "Schemas/ValidationError_schema.json"".
2023-01-22 15:42:14.296 &amp#27;[32m INFO&amp#27;[m &amp#27;[35m[@503 - main]&amp#27;[m &amp#27;[36mcom.shaft.tools.io.ReportManager&amp#27;[m : File Action "DoesFileExist" successfully performed. With the following test data "File Path: "src/test/resources/testDataFiles/Schemas/ValidationError_schema.json"".
2023-01-22 15:42:14.296 &amp#27;[32m INFO&amp#27;[m &amp#27;[35m[@503 - main]&amp#27;[m &amp#27;[36mcom.shaft.tools.io.ReportManager&amp#27;[m : File Action "GetAbsolutePath" successfully performed. With the following test data "Relative Folder Path: "src/test/resources/testDataFiles/Schemas/ValidationError_schema.json"".
2023-01-22 15:42:14.299 &amp#27;[32m INFO&amp#27;[m &amp#27;[35m[@503 - main]&amp#27;[m &amp#27;[36mcom.shaft.tools.io.ReportManager&amp#27;[m : File Action "DoesFileExist" successfully performed. With the following test data "File Path: "C:\eclipse-workspace\MyProjects\TASystemsAPIs\src\test\resources\testDataFiles\Schemas\ValidationError_schema.json"".
2023-01-22 15:42:14.299 &amp#27;[32m INFO&amp#27;[m &amp#27;[35m[@503 - main]&amp#27;[m &amp#27;[36mcom.shaft.tools.io.ReportManager&amp#27;[m : File Action "GetAbsolutePath" successfully performed. With the following test data "Relative Folder Path: "C:\eclipse-workspace\MyProjects\TASystemsAPIs\src\test\resources\testDataFiles\Schemas\ValidationError_schema.json"".
2023-01-22 15:42:14.299 &amp#27;[32m INFO&amp#27;[m &amp#27;[35m[@503 - main]&amp#27;[m &amp#27;[36mcom.shaft.tools.io.ReportManager&amp#27;[m : File Action "ReadFile" successfully performed. With the following test data "File Path: "C:\eclipse-workspace\MyProjects\TASystemsAPIs\src\test\resources\testDataFiles\Schemas\ValidationError_schema.json"".
2023-01-22 15:42:14.300 &amp#27;[32m INFO&amp#27;[m &amp#27;[35m[@503 - main]&amp#27;[m &amp#27;[36mcom.shaft.tools.io.ReportManager&amp#27;[m : Successfully created attachment "Validation Test Data - Expected JSON Value"
2023-01-22 15:42:14.301 &amp#27;[32m INFO&amp#27;[m &amp#27;[35m[@503 - main]&amp#27;[m &amp#27;[36mcom.shaft.tools.io.ReportManager&amp#27;[m : Successfully created attachment "Validation Test Data - Actual JSON Value"
2023-01-22 15:42:14.302 &amp#27;[32m INFO&amp#27;[m &amp#27;[35m[@503 - main]&amp#27;[m &amp#27;[36mcom.shaft.tools.io.ReportManager&amp#27;[m : Successfully created attachment "SHAFT Engine Logs - Current Method log: Add_Policy_With_InValid_data_TC"
]]></system-out>
  </testcase>
  <testcase name="Add_Policy_With_InValid_data_TC[[Ljava.lang.Object;@62307118](38)" classname="SteeringCompanyAPI_TestCases.Test_Policies_Cases" time="1.258">
    <system-out><![CDATA[2023-01-22 15:42:14.305 &amp#27;[32m INFO&amp#27;[m &amp#27;[35m[@534 - main]&amp#27;[m &amp#27;[36mcom.shaft.tools.io.ReportManager&amp#27;[m : 
################################################################################################################################################
Starting Execution:	"46 out of 70" test cases in the current suite
Test Method:		"SteeringCompanyAPI_TestCases.Test_Policies_Cases.Add_Policy_With_InValid_data_TC"
Test Description:	"TC052 -Policy- Perform Add Policy with InValid data"
################################################################################################################################################
2023-01-22 15:42:14.305 &amp#27;[32m INFO&amp#27;[m &amp#27;[35m[@503 - main]&amp#27;[m &amp#27;[36mcom.shaft.tools.io.ReportManager&amp#27;[m : File Action "DoesFileExist" successfully performed. With the following test data "File Path: "SteeringCompanyAPI_TestData/SteeringCompanyAPI_TestData.xlsx"".
2023-01-22 15:42:14.330 &amp#27;[32m INFO&amp#27;[m &amp#27;[35m[@503 - main]&amp#27;[m &amp#27;[36mcom.shaft.tools.io.ReportManager&amp#27;[m : Successfully created attachment "Test Data - Excel"
2023-01-22 15:42:14.966 &amp#27;[32m INFO&amp#27;[m &amp#27;[35m[@503 - main]&amp#27;[m &amp#27;[36mcom.shaft.tools.io.ReportManager&amp#27;[m : Response status code: "200", status line: "HTTP/1.1 200 OK"
2023-01-22 15:42:14.979 &amp#27;[32m INFO&amp#27;[m &amp#27;[35m[@503 - main]&amp#27;[m &amp#27;[36mcom.shaft.tools.io.ReportManager&amp#27;[m : Successfully created attachment "API Request - Specifications"
2023-01-22 15:42:14.980 &amp#27;[32m INFO&amp#27;[m &amp#27;[35m[@503 - main]&amp#27;[m &amp#27;[36mcom.shaft.tools.io.ReportManager&amp#27;[m : Successfully created attachment "API Request - Body"
2023-01-22 15:42:14.981 &amp#27;[32m INFO&amp#27;[m &amp#27;[35m[@503 - main]&amp#27;[m &amp#27;[36mcom.shaft.tools.io.ReportManager&amp#27;[m : Successfully created attachment "API Response - JSON Body"
2023-01-22 15:42:14.993 &amp#27;[32m INFO&amp#27;[m &amp#27;[35m[@503 - main]&amp#27;[m &amp#27;[36mcom.shaft.tools.io.ReportManager&amp#27;[m : File Action "DoesFileExist" successfully performed. With the following test data "File Path: "SteeringCompanyAPI_TestData/SteeringCompanyAPI_TestData.xlsx"".
2023-01-22 15:42:15.022 &amp#27;[32m INFO&amp#27;[m &amp#27;[35m[@503 - main]&amp#27;[m &amp#27;[36mcom.shaft.tools.io.ReportManager&amp#27;[m : Successfully created attachment "Test Data - Excel"
2023-01-22 15:42:15.023 &amp#27;[32m INFO&amp#27;[m &amp#27;[35m[@503 - main]&amp#27;[m &amp#27;[36mcom.shaft.tools.io.ReportManager&amp#27;[m : File Action "DoesFileExist" successfully performed. With the following test data "File Path: "SteeringCompanyAPI_TestData/SteeringCompanyAPI_TestData.xlsx"".
2023-01-22 15:42:15.049 &amp#27;[32m INFO&amp#27;[m &amp#27;[35m[@503 - main]&amp#27;[m &amp#27;[36mcom.shaft.tools.io.ReportManager&amp#27;[m : Successfully created attachment "Test Data - Excel"
2023-01-22 15:42:15.049 &amp#27;[32m INFO&amp#27;[m &amp#27;[35m[@503 - main]&amp#27;[m &amp#27;[36mcom.shaft.tools.io.ReportManager&amp#27;[m : File Action "DoesFileExist" successfully performed. With the following test data "File Path: "SteeringCompanyAPI_TestData/SteeringCompanyAPI_TestData.xlsx"".
2023-01-22 15:42:15.076 &amp#27;[32m INFO&amp#27;[m &amp#27;[35m[@503 - main]&amp#27;[m &amp#27;[36mcom.shaft.tools.io.ReportManager&amp#27;[m : Successfully created attachment "Test Data - Excel"
2023-01-22 15:42:15.538 &amp#27;[32m INFO&amp#27;[m &amp#27;[35m[@503 - main]&amp#27;[m &amp#27;[36mcom.shaft.tools.io.ReportManager&amp#27;[m : Response status code: "422", status line: "HTTP/1.1 422 "
2023-01-22 15:42:15.548 &amp#27;[32m INFO&amp#27;[m &amp#27;[35m[@503 - main]&amp#27;[m &amp#27;[36mcom.shaft.tools.io.ReportManager&amp#27;[m : Successfully created attachment "API Request - Specifications"
2023-01-22 15:42:15.548 &amp#27;[32m INFO&amp#27;[m &amp#27;[35m[@503 - main]&amp#27;[m &amp#27;[36mcom.shaft.tools.io.ReportManager&amp#27;[m : Successfully created attachment "API Request - JSON Body"
2023-01-22 15:42:15.550 &amp#27;[32m INFO&amp#27;[m &amp#27;[35m[@503 - main]&amp#27;[m &amp#27;[36mcom.shaft.tools.io.ReportManager&amp#27;[m : Successfully created attachment "API Response - JSON Body"
2023-01-22 15:42:15.553 &amp#27;[32m INFO&amp#27;[m &amp#27;[35m[@503 - main]&amp#27;[m &amp#27;[36mcom.shaft.tools.io.ReportManager&amp#27;[m : File Action "DoesFileExist" successfully performed. With the following test data "File Path: "Schemas/ValidationError_schema.json"".
2023-01-22 15:42:15.553 &amp#27;[32m INFO&amp#27;[m &amp#27;[35m[@503 - main]&amp#27;[m &amp#27;[36mcom.shaft.tools.io.ReportManager&amp#27;[m : File Action "DoesFileExist" successfully performed. With the following test data "File Path: "src/test/resources/testDataFiles/Schemas/ValidationError_schema.json"".
2023-01-22 15:42:15.553 &amp#27;[32m INFO&amp#27;[m &amp#27;[35m[@503 - main]&amp#27;[m &amp#27;[36mcom.shaft.tools.io.ReportManager&amp#27;[m : File Action "GetAbsolutePath" successfully performed. With the following test data "Relative Folder Path: "src/test/resources/testDataFiles/Schemas/ValidationError_schema.json"".
2023-01-22 15:42:15.556 &amp#27;[32m INFO&amp#27;[m &amp#27;[35m[@503 - main]&amp#27;[m &amp#27;[36mcom.shaft.tools.io.ReportManager&amp#27;[m : File Action "DoesFileExist" successfully performed. With the following test data "File Path: "C:\eclipse-workspace\MyProjects\TASystemsAPIs\src\test\resources\testDataFiles\Schemas\ValidationError_schema.json"".
2023-01-22 15:42:15.556 &amp#27;[32m INFO&amp#27;[m &amp#27;[35m[@503 - main]&amp#27;[m &amp#27;[36mcom.shaft.tools.io.ReportManager&amp#27;[m : File Action "GetAbsolutePath" successfully performed. With the following test data "Relative Folder Path: "C:\eclipse-workspace\MyProjects\TASystemsAPIs\src\test\resources\testDataFiles\Schemas\ValidationError_schema.json"".
2023-01-22 15:42:15.556 &amp#27;[32m INFO&amp#27;[m &amp#27;[35m[@503 - main]&amp#27;[m &amp#27;[36mcom.shaft.tools.io.ReportManager&amp#27;[m : File Action "ReadFile" successfully performed. With the following test data "File Path: "C:\eclipse-workspace\MyProjects\TASystemsAPIs\src\test\resources\testDataFiles\Schemas\ValidationError_schema.json"".
2023-01-22 15:42:15.557 &amp#27;[32m INFO&amp#27;[m &amp#27;[35m[@503 - main]&amp#27;[m &amp#27;[36mcom.shaft.tools.io.ReportManager&amp#27;[m : Successfully created attachment "Validation Test Data - Expected JSON Value"
2023-01-22 15:42:15.559 &amp#27;[32m INFO&amp#27;[m &amp#27;[35m[@503 - main]&amp#27;[m &amp#27;[36mcom.shaft.tools.io.ReportManager&amp#27;[m : Successfully created attachment "Validation Test Data - Actual JSON Value"
2023-01-22 15:42:15.560 &amp#27;[32m INFO&amp#27;[m &amp#27;[35m[@503 - main]&amp#27;[m &amp#27;[36mcom.shaft.tools.io.ReportManager&amp#27;[m : Successfully created attachment "SHAFT Engine Logs - Current Method log: Add_Policy_With_InValid_data_TC"
]]></system-out>
  </testcase>
  <testcase name="Add_Policy_With_InValid_data_TC[[Ljava.lang.Object;@3237d80f](39)" classname="SteeringCompanyAPI_TestCases.Test_Policies_Cases" time="1.223">
    <system-out><![CDATA[2023-01-22 15:42:15.562 &amp#27;[32m INFO&amp#27;[m &amp#27;[35m[@534 - main]&amp#27;[m &amp#27;[36mcom.shaft.tools.io.ReportManager&amp#27;[m : 
################################################################################################################################################
Starting Execution:	"47 out of 70" test cases in the current suite
Test Method:		"SteeringCompanyAPI_TestCases.Test_Policies_Cases.Add_Policy_With_InValid_data_TC"
Test Description:	"TC052 -Policy- Perform Add Policy with InValid data"
################################################################################################################################################
2023-01-22 15:42:15.562 &amp#27;[32m INFO&amp#27;[m &amp#27;[35m[@503 - main]&amp#27;[m &amp#27;[36mcom.shaft.tools.io.ReportManager&amp#27;[m : File Action "DoesFileExist" successfully performed. With the following test data "File Path: "SteeringCompanyAPI_TestData/SteeringCompanyAPI_TestData.xlsx"".
2023-01-22 15:42:15.587 &amp#27;[32m INFO&amp#27;[m &amp#27;[35m[@503 - main]&amp#27;[m &amp#27;[36mcom.shaft.tools.io.ReportManager&amp#27;[m : Successfully created attachment "Test Data - Excel"
2023-01-22 15:42:16.188 &amp#27;[32m INFO&amp#27;[m &amp#27;[35m[@503 - main]&amp#27;[m &amp#27;[36mcom.shaft.tools.io.ReportManager&amp#27;[m : Response status code: "200", status line: "HTTP/1.1 200 OK"
2023-01-22 15:42:16.202 &amp#27;[32m INFO&amp#27;[m &amp#27;[35m[@503 - main]&amp#27;[m &amp#27;[36mcom.shaft.tools.io.ReportManager&amp#27;[m : Successfully created attachment "API Request - Specifications"
2023-01-22 15:42:16.203 &amp#27;[32m INFO&amp#27;[m &amp#27;[35m[@503 - main]&amp#27;[m &amp#27;[36mcom.shaft.tools.io.ReportManager&amp#27;[m : Successfully created attachment "API Request - Body"
2023-01-22 15:42:16.203 &amp#27;[32m INFO&amp#27;[m &amp#27;[35m[@503 - main]&amp#27;[m &amp#27;[36mcom.shaft.tools.io.ReportManager&amp#27;[m : Successfully created attachment "API Response - JSON Body"
2023-01-22 15:42:16.215 &amp#27;[32m INFO&amp#27;[m &amp#27;[35m[@503 - main]&amp#27;[m &amp#27;[36mcom.shaft.tools.io.ReportManager&amp#27;[m : File Action "DoesFileExist" successfully performed. With the following test data "File Path: "SteeringCompanyAPI_TestData/SteeringCompanyAPI_TestData.xlsx"".
2023-01-22 15:42:16.245 &amp#27;[32m INFO&amp#27;[m &amp#27;[35m[@503 - main]&amp#27;[m &amp#27;[36mcom.shaft.tools.io.ReportManager&amp#27;[m : Successfully created attachment "Test Data - Excel"
2023-01-22 15:42:16.245 &amp#27;[32m INFO&amp#27;[m &amp#27;[35m[@503 - main]&amp#27;[m &amp#27;[36mcom.shaft.tools.io.ReportManager&amp#27;[m : File Action "DoesFileExist" successfully performed. With the following test data "File Path: "SteeringCompanyAPI_TestData/SteeringCompanyAPI_TestData.xlsx"".
2023-01-22 15:42:16.272 &amp#27;[32m INFO&amp#27;[m &amp#27;[35m[@503 - main]&amp#27;[m &amp#27;[36mcom.shaft.tools.io.ReportManager&amp#27;[m : Successfully created attachment "Test Data - Excel"
2023-01-22 15:42:16.273 &amp#27;[32m INFO&amp#27;[m &amp#27;[35m[@503 - main]&amp#27;[m &amp#27;[36mcom.shaft.tools.io.ReportManager&amp#27;[m : File Action "DoesFileExist" successfully performed. With the following test data "File Path: "SteeringCompanyAPI_TestData/SteeringCompanyAPI_TestData.xlsx"".
2023-01-22 15:42:16.309 &amp#27;[32m INFO&amp#27;[m &amp#27;[35m[@503 - main]&amp#27;[m &amp#27;[36mcom.shaft.tools.io.ReportManager&amp#27;[m : Successfully created attachment "Test Data - Excel"
2023-01-22 15:42:16.761 &amp#27;[32m INFO&amp#27;[m &amp#27;[35m[@503 - main]&amp#27;[m &amp#27;[36mcom.shaft.tools.io.ReportManager&amp#27;[m : Response status code: "422", status line: "HTTP/1.1 422 "
2023-01-22 15:42:16.774 &amp#27;[32m INFO&amp#27;[m &amp#27;[35m[@503 - main]&amp#27;[m &amp#27;[36mcom.shaft.tools.io.ReportManager&amp#27;[m : Successfully created attachment "API Request - Specifications"
2023-01-22 15:42:16.775 &amp#27;[32m INFO&amp#27;[m &amp#27;[35m[@503 - main]&amp#27;[m &amp#27;[36mcom.shaft.tools.io.ReportManager&amp#27;[m : Successfully created attachment "API Request - JSON Body"
2023-01-22 15:42:16.775 &amp#27;[32m INFO&amp#27;[m &amp#27;[35m[@503 - main]&amp#27;[m &amp#27;[36mcom.shaft.tools.io.ReportManager&amp#27;[m : Successfully created attachment "API Response - JSON Body"
2023-01-22 15:42:16.777 &amp#27;[32m INFO&amp#27;[m &amp#27;[35m[@503 - main]&amp#27;[m &amp#27;[36mcom.shaft.tools.io.ReportManager&amp#27;[m : File Action "DoesFileExist" successfully performed. With the following test data "File Path: "Schemas/ValidationError_schema.json"".
2023-01-22 15:42:16.777 &amp#27;[32m INFO&amp#27;[m &amp#27;[35m[@503 - main]&amp#27;[m &amp#27;[36mcom.shaft.tools.io.ReportManager&amp#27;[m : File Action "DoesFileExist" successfully performed. With the following test data "File Path: "src/test/resources/testDataFiles/Schemas/ValidationError_schema.json"".
2023-01-22 15:42:16.778 &amp#27;[32m INFO&amp#27;[m &amp#27;[35m[@503 - main]&amp#27;[m &amp#27;[36mcom.shaft.tools.io.ReportManager&amp#27;[m : File Action "GetAbsolutePath" successfully performed. With the following test data "Relative Folder Path: "src/test/resources/testDataFiles/Schemas/ValidationError_schema.json"".
2023-01-22 15:42:16.780 &amp#27;[32m INFO&amp#27;[m &amp#27;[35m[@503 - main]&amp#27;[m &amp#27;[36mcom.shaft.tools.io.ReportManager&amp#27;[m : File Action "DoesFileExist" successfully performed. With the following test data "File Path: "C:\eclipse-workspace\MyProjects\TASystemsAPIs\src\test\resources\testDataFiles\Schemas\ValidationError_schema.json"".
2023-01-22 15:42:16.780 &amp#27;[32m INFO&amp#27;[m &amp#27;[35m[@503 - main]&amp#27;[m &amp#27;[36mcom.shaft.tools.io.ReportManager&amp#27;[m : File Action "GetAbsolutePath" successfully performed. With the following test data "Relative Folder Path: "C:\eclipse-workspace\MyProjects\TASystemsAPIs\src\test\resources\testDataFiles\Schemas\ValidationError_schema.json"".
2023-01-22 15:42:16.780 &amp#27;[32m INFO&amp#27;[m &amp#27;[35m[@503 - main]&amp#27;[m &amp#27;[36mcom.shaft.tools.io.ReportManager&amp#27;[m : File Action "ReadFile" successfully performed. With the following test data "File Path: "C:\eclipse-workspace\MyProjects\TASystemsAPIs\src\test\resources\testDataFiles\Schemas\ValidationError_schema.json"".
2023-01-22 15:42:16.782 &amp#27;[32m INFO&amp#27;[m &amp#27;[35m[@503 - main]&amp#27;[m &amp#27;[36mcom.shaft.tools.io.ReportManager&amp#27;[m : Successfully created attachment "Validation Test Data - Expected JSON Value"
2023-01-22 15:42:16.782 &amp#27;[32m INFO&amp#27;[m &amp#27;[35m[@503 - main]&amp#27;[m &amp#27;[36mcom.shaft.tools.io.ReportManager&amp#27;[m : Successfully created attachment "Validation Test Data - Actual JSON Value"
2023-01-22 15:42:16.783 &amp#27;[32m INFO&amp#27;[m &amp#27;[35m[@503 - main]&amp#27;[m &amp#27;[36mcom.shaft.tools.io.ReportManager&amp#27;[m : Successfully created attachment "SHAFT Engine Logs - Current Method log: Add_Policy_With_InValid_data_TC"
]]></system-out>
  </testcase>
  <testcase name="Add_Policy_With_InValid_data_TC[[Ljava.lang.Object;@61709f44](40)" classname="SteeringCompanyAPI_TestCases.Test_Policies_Cases" time="1.251">
    <system-out><![CDATA[2023-01-22 15:42:16.785 &amp#27;[32m INFO&amp#27;[m &amp#27;[35m[@534 - main]&amp#27;[m &amp#27;[36mcom.shaft.tools.io.ReportManager&amp#27;[m : 
################################################################################################################################################
Starting Execution:	"48 out of 70" test cases in the current suite
Test Method:		"SteeringCompanyAPI_TestCases.Test_Policies_Cases.Add_Policy_With_InValid_data_TC"
Test Description:	"TC052 -Policy- Perform Add Policy with InValid data"
################################################################################################################################################
2023-01-22 15:42:16.786 &amp#27;[32m INFO&amp#27;[m &amp#27;[35m[@503 - main]&amp#27;[m &amp#27;[36mcom.shaft.tools.io.ReportManager&amp#27;[m : File Action "DoesFileExist" successfully performed. With the following test data "File Path: "SteeringCompanyAPI_TestData/SteeringCompanyAPI_TestData.xlsx"".
2023-01-22 15:42:16.813 &amp#27;[32m INFO&amp#27;[m &amp#27;[35m[@503 - main]&amp#27;[m &amp#27;[36mcom.shaft.tools.io.ReportManager&amp#27;[m : Successfully created attachment "Test Data - Excel"
2023-01-22 15:42:17.414 &amp#27;[32m INFO&amp#27;[m &amp#27;[35m[@503 - main]&amp#27;[m &amp#27;[36mcom.shaft.tools.io.ReportManager&amp#27;[m : Response status code: "200", status line: "HTTP/1.1 200 OK"
2023-01-22 15:42:17.425 &amp#27;[32m INFO&amp#27;[m &amp#27;[35m[@503 - main]&amp#27;[m &amp#27;[36mcom.shaft.tools.io.ReportManager&amp#27;[m : Successfully created attachment "API Request - Specifications"
2023-01-22 15:42:17.426 &amp#27;[32m INFO&amp#27;[m &amp#27;[35m[@503 - main]&amp#27;[m &amp#27;[36mcom.shaft.tools.io.ReportManager&amp#27;[m : Successfully created attachment "API Request - Body"
2023-01-22 15:42:17.427 &amp#27;[32m INFO&amp#27;[m &amp#27;[35m[@503 - main]&amp#27;[m &amp#27;[36mcom.shaft.tools.io.ReportManager&amp#27;[m : Successfully created attachment "API Response - JSON Body"
2023-01-22 15:42:17.442 &amp#27;[32m INFO&amp#27;[m &amp#27;[35m[@503 - main]&amp#27;[m &amp#27;[36mcom.shaft.tools.io.ReportManager&amp#27;[m : File Action "DoesFileExist" successfully performed. With the following test data "File Path: "SteeringCompanyAPI_TestData/SteeringCompanyAPI_TestData.xlsx"".
2023-01-22 15:42:17.471 &amp#27;[32m INFO&amp#27;[m &amp#27;[35m[@503 - main]&amp#27;[m &amp#27;[36mcom.shaft.tools.io.ReportManager&amp#27;[m : Successfully created attachment "Test Data - Excel"
2023-01-22 15:42:17.471 &amp#27;[32m INFO&amp#27;[m &amp#27;[35m[@503 - main]&amp#27;[m &amp#27;[36mcom.shaft.tools.io.ReportManager&amp#27;[m : File Action "DoesFileExist" successfully performed. With the following test data "File Path: "SteeringCompanyAPI_TestData/SteeringCompanyAPI_TestData.xlsx"".
2023-01-22 15:42:17.498 &amp#27;[32m INFO&amp#27;[m &amp#27;[35m[@503 - main]&amp#27;[m &amp#27;[36mcom.shaft.tools.io.ReportManager&amp#27;[m : Successfully created attachment "Test Data - Excel"
2023-01-22 15:42:17.499 &amp#27;[32m INFO&amp#27;[m &amp#27;[35m[@503 - main]&amp#27;[m &amp#27;[36mcom.shaft.tools.io.ReportManager&amp#27;[m : File Action "DoesFileExist" successfully performed. With the following test data "File Path: "SteeringCompanyAPI_TestData/SteeringCompanyAPI_TestData.xlsx"".
2023-01-22 15:42:17.527 &amp#27;[32m INFO&amp#27;[m &amp#27;[35m[@503 - main]&amp#27;[m &amp#27;[36mcom.shaft.tools.io.ReportManager&amp#27;[m : Successfully created attachment "Test Data - Excel"
2023-01-22 15:42:17.993 &amp#27;[32m INFO&amp#27;[m &amp#27;[35m[@503 - main]&amp#27;[m &amp#27;[36mcom.shaft.tools.io.ReportManager&amp#27;[m : Response status code: "422", status line: "HTTP/1.1 422 "
2023-01-22 15:42:18.007 &amp#27;[32m INFO&amp#27;[m &amp#27;[35m[@503 - main]&amp#27;[m &amp#27;[36mcom.shaft.tools.io.ReportManager&amp#27;[m : Successfully created attachment "API Request - Specifications"
2023-01-22 15:42:18.009 &amp#27;[32m INFO&amp#27;[m &amp#27;[35m[@503 - main]&amp#27;[m &amp#27;[36mcom.shaft.tools.io.ReportManager&amp#27;[m : Successfully created attachment "API Request - JSON Body"
2023-01-22 15:42:18.012 &amp#27;[32m INFO&amp#27;[m &amp#27;[35m[@503 - main]&amp#27;[m &amp#27;[36mcom.shaft.tools.io.ReportManager&amp#27;[m : Successfully created attachment "API Response - JSON Body"
2023-01-22 15:42:18.013 &amp#27;[32m INFO&amp#27;[m &amp#27;[35m[@503 - main]&amp#27;[m &amp#27;[36mcom.shaft.tools.io.ReportManager&amp#27;[m : File Action "DoesFileExist" successfully performed. With the following test data "File Path: "Schemas/ValidationError_schema.json"".
2023-01-22 15:42:18.013 &amp#27;[32m INFO&amp#27;[m &amp#27;[35m[@503 - main]&amp#27;[m &amp#27;[36mcom.shaft.tools.io.ReportManager&amp#27;[m : File Action "DoesFileExist" successfully performed. With the following test data "File Path: "src/test/resources/testDataFiles/Schemas/ValidationError_schema.json"".
2023-01-22 15:42:18.013 &amp#27;[32m INFO&amp#27;[m &amp#27;[35m[@503 - main]&amp#27;[m &amp#27;[36mcom.shaft.tools.io.ReportManager&amp#27;[m : File Action "GetAbsolutePath" successfully performed. With the following test data "Relative Folder Path: "src/test/resources/testDataFiles/Schemas/ValidationError_schema.json"".
2023-01-22 15:42:18.016 &amp#27;[32m INFO&amp#27;[m &amp#27;[35m[@503 - main]&amp#27;[m &amp#27;[36mcom.shaft.tools.io.ReportManager&amp#27;[m : File Action "DoesFileExist" successfully performed. With the following test data "File Path: "C:\eclipse-workspace\MyProjects\TASystemsAPIs\src\test\resources\testDataFiles\Schemas\ValidationError_schema.json"".
2023-01-22 15:42:18.017 &amp#27;[32m INFO&amp#27;[m &amp#27;[35m[@503 - main]&amp#27;[m &amp#27;[36mcom.shaft.tools.io.ReportManager&amp#27;[m : File Action "GetAbsolutePath" successfully performed. With the following test data "Relative Folder Path: "C:\eclipse-workspace\MyProjects\TASystemsAPIs\src\test\resources\testDataFiles\Schemas\ValidationError_schema.json"".
2023-01-22 15:42:18.017 &amp#27;[32m INFO&amp#27;[m &amp#27;[35m[@503 - main]&amp#27;[m &amp#27;[36mcom.shaft.tools.io.ReportManager&amp#27;[m : File Action "ReadFile" successfully performed. With the following test data "File Path: "C:\eclipse-workspace\MyProjects\TASystemsAPIs\src\test\resources\testDataFiles\Schemas\ValidationError_schema.json"".
2023-01-22 15:42:18.018 &amp#27;[32m INFO&amp#27;[m &amp#27;[35m[@503 - main]&amp#27;[m &amp#27;[36mcom.shaft.tools.io.ReportManager&amp#27;[m : Successfully created attachment "Validation Test Data - Expected JSON Value"
2023-01-22 15:42:18.028 &amp#27;[32m INFO&amp#27;[m &amp#27;[35m[@503 - main]&amp#27;[m &amp#27;[36mcom.shaft.tools.io.ReportManager&amp#27;[m : Successfully created attachment "Validation Test Data - Actual JSON Value"
2023-01-22 15:42:18.031 &amp#27;[32m INFO&amp#27;[m &amp#27;[35m[@503 - main]&amp#27;[m &amp#27;[36mcom.shaft.tools.io.ReportManager&amp#27;[m : Successfully created attachment "SHAFT Engine Logs - Current Method log: Add_Policy_With_InValid_data_TC"
]]></system-out>
  </testcase>
  <testcase name="Add_Policy_With_InValid_data_TC[[Ljava.lang.Object;@fc5f2a9](41)" classname="SteeringCompanyAPI_TestCases.Test_Policies_Cases" time="1.252">
    <system-out><![CDATA[2023-01-22 15:42:18.039 &amp#27;[32m INFO&amp#27;[m &amp#27;[35m[@534 - main]&amp#27;[m &amp#27;[36mcom.shaft.tools.io.ReportManager&amp#27;[m : 
################################################################################################################################################
Starting Execution:	"49 out of 70" test cases in the current suite
Test Method:		"SteeringCompanyAPI_TestCases.Test_Policies_Cases.Add_Policy_With_InValid_data_TC"
Test Description:	"TC052 -Policy- Perform Add Policy with InValid data"
################################################################################################################################################
2023-01-22 15:42:18.039 &amp#27;[32m INFO&amp#27;[m &amp#27;[35m[@503 - main]&amp#27;[m &amp#27;[36mcom.shaft.tools.io.ReportManager&amp#27;[m : File Action "DoesFileExist" successfully performed. With the following test data "File Path: "SteeringCompanyAPI_TestData/SteeringCompanyAPI_TestData.xlsx"".
2023-01-22 15:42:18.077 &amp#27;[32m INFO&amp#27;[m &amp#27;[35m[@503 - main]&amp#27;[m &amp#27;[36mcom.shaft.tools.io.ReportManager&amp#27;[m : Successfully created attachment "Test Data - Excel"
2023-01-22 15:42:18.670 &amp#27;[32m INFO&amp#27;[m &amp#27;[35m[@503 - main]&amp#27;[m &amp#27;[36mcom.shaft.tools.io.ReportManager&amp#27;[m : Response status code: "200", status line: "HTTP/1.1 200 OK"
2023-01-22 15:42:18.680 &amp#27;[32m INFO&amp#27;[m &amp#27;[35m[@503 - main]&amp#27;[m &amp#27;[36mcom.shaft.tools.io.ReportManager&amp#27;[m : Successfully created attachment "API Request - Specifications"
2023-01-22 15:42:18.681 &amp#27;[32m INFO&amp#27;[m &amp#27;[35m[@503 - main]&amp#27;[m &amp#27;[36mcom.shaft.tools.io.ReportManager&amp#27;[m : Successfully created attachment "API Request - Body"
2023-01-22 15:42:18.682 &amp#27;[32m INFO&amp#27;[m &amp#27;[35m[@503 - main]&amp#27;[m &amp#27;[36mcom.shaft.tools.io.ReportManager&amp#27;[m : Successfully created attachment "API Response - JSON Body"
2023-01-22 15:42:18.695 &amp#27;[32m INFO&amp#27;[m &amp#27;[35m[@503 - main]&amp#27;[m &amp#27;[36mcom.shaft.tools.io.ReportManager&amp#27;[m : File Action "DoesFileExist" successfully performed. With the following test data "File Path: "SteeringCompanyAPI_TestData/SteeringCompanyAPI_TestData.xlsx"".
2023-01-22 15:42:18.719 &amp#27;[32m INFO&amp#27;[m &amp#27;[35m[@503 - main]&amp#27;[m &amp#27;[36mcom.shaft.tools.io.ReportManager&amp#27;[m : Successfully created attachment "Test Data - Excel"
2023-01-22 15:42:18.719 &amp#27;[32m INFO&amp#27;[m &amp#27;[35m[@503 - main]&amp#27;[m &amp#27;[36mcom.shaft.tools.io.ReportManager&amp#27;[m : File Action "DoesFileExist" successfully performed. With the following test data "File Path: "SteeringCompanyAPI_TestData/SteeringCompanyAPI_TestData.xlsx"".
2023-01-22 15:42:18.752 &amp#27;[32m INFO&amp#27;[m &amp#27;[35m[@503 - main]&amp#27;[m &amp#27;[36mcom.shaft.tools.io.ReportManager&amp#27;[m : Successfully created attachment "Test Data - Excel"
2023-01-22 15:42:18.753 &amp#27;[32m INFO&amp#27;[m &amp#27;[35m[@503 - main]&amp#27;[m &amp#27;[36mcom.shaft.tools.io.ReportManager&amp#27;[m : File Action "DoesFileExist" successfully performed. With the following test data "File Path: "SteeringCompanyAPI_TestData/SteeringCompanyAPI_TestData.xlsx"".
2023-01-22 15:42:18.790 &amp#27;[32m INFO&amp#27;[m &amp#27;[35m[@503 - main]&amp#27;[m &amp#27;[36mcom.shaft.tools.io.ReportManager&amp#27;[m : Successfully created attachment "Test Data - Excel"
2023-01-22 15:42:19.262 &amp#27;[32m INFO&amp#27;[m &amp#27;[35m[@503 - main]&amp#27;[m &amp#27;[36mcom.shaft.tools.io.ReportManager&amp#27;[m : Response status code: "422", status line: "HTTP/1.1 422 "
2023-01-22 15:42:19.275 &amp#27;[32m INFO&amp#27;[m &amp#27;[35m[@503 - main]&amp#27;[m &amp#27;[36mcom.shaft.tools.io.ReportManager&amp#27;[m : Successfully created attachment "API Request - Specifications"
2023-01-22 15:42:19.275 &amp#27;[32m INFO&amp#27;[m &amp#27;[35m[@503 - main]&amp#27;[m &amp#27;[36mcom.shaft.tools.io.ReportManager&amp#27;[m : Successfully created attachment "API Request - JSON Body"
2023-01-22 15:42:19.276 &amp#27;[32m INFO&amp#27;[m &amp#27;[35m[@503 - main]&amp#27;[m &amp#27;[36mcom.shaft.tools.io.ReportManager&amp#27;[m : Successfully created attachment "API Response - JSON Body"
2023-01-22 15:42:19.277 &amp#27;[32m INFO&amp#27;[m &amp#27;[35m[@503 - main]&amp#27;[m &amp#27;[36mcom.shaft.tools.io.ReportManager&amp#27;[m : File Action "DoesFileExist" successfully performed. With the following test data "File Path: "Schemas/ValidationError_schema.json"".
2023-01-22 15:42:19.277 &amp#27;[32m INFO&amp#27;[m &amp#27;[35m[@503 - main]&amp#27;[m &amp#27;[36mcom.shaft.tools.io.ReportManager&amp#27;[m : File Action "DoesFileExist" successfully performed. With the following test data "File Path: "src/test/resources/testDataFiles/Schemas/ValidationError_schema.json"".
2023-01-22 15:42:19.277 &amp#27;[32m INFO&amp#27;[m &amp#27;[35m[@503 - main]&amp#27;[m &amp#27;[36mcom.shaft.tools.io.ReportManager&amp#27;[m : File Action "GetAbsolutePath" successfully performed. With the following test data "Relative Folder Path: "src/test/resources/testDataFiles/Schemas/ValidationError_schema.json"".
2023-01-22 15:42:19.279 &amp#27;[32m INFO&amp#27;[m &amp#27;[35m[@503 - main]&amp#27;[m &amp#27;[36mcom.shaft.tools.io.ReportManager&amp#27;[m : File Action "DoesFileExist" successfully performed. With the following test data "File Path: "C:\eclipse-workspace\MyProjects\TASystemsAPIs\src\test\resources\testDataFiles\Schemas\ValidationError_schema.json"".
2023-01-22 15:42:19.280 &amp#27;[32m INFO&amp#27;[m &amp#27;[35m[@503 - main]&amp#27;[m &amp#27;[36mcom.shaft.tools.io.ReportManager&amp#27;[m : File Action "GetAbsolutePath" successfully performed. With the following test data "Relative Folder Path: "C:\eclipse-workspace\MyProjects\TASystemsAPIs\src\test\resources\testDataFiles\Schemas\ValidationError_schema.json"".
2023-01-22 15:42:19.280 &amp#27;[32m INFO&amp#27;[m &amp#27;[35m[@503 - main]&amp#27;[m &amp#27;[36mcom.shaft.tools.io.ReportManager&amp#27;[m : File Action "ReadFile" successfully performed. With the following test data "File Path: "C:\eclipse-workspace\MyProjects\TASystemsAPIs\src\test\resources\testDataFiles\Schemas\ValidationError_schema.json"".
2023-01-22 15:42:19.282 &amp#27;[32m INFO&amp#27;[m &amp#27;[35m[@503 - main]&amp#27;[m &amp#27;[36mcom.shaft.tools.io.ReportManager&amp#27;[m : Successfully created attachment "Validation Test Data - Expected JSON Value"
2023-01-22 15:42:19.285 &amp#27;[32m INFO&amp#27;[m &amp#27;[35m[@503 - main]&amp#27;[m &amp#27;[36mcom.shaft.tools.io.ReportManager&amp#27;[m : Successfully created attachment "Validation Test Data - Actual JSON Value"
2023-01-22 15:42:19.286 &amp#27;[32m INFO&amp#27;[m &amp#27;[35m[@503 - main]&amp#27;[m &amp#27;[36mcom.shaft.tools.io.ReportManager&amp#27;[m : Successfully created attachment "SHAFT Engine Logs - Current Method log: Add_Policy_With_InValid_data_TC"
]]></system-out>
  </testcase>
  <testcase name="Add_Policy_With_InValid_data_TC[[Ljava.lang.Object;@32f7d983](42)" classname="SteeringCompanyAPI_TestCases.Test_Policies_Cases" time="1.248">
    <system-out><![CDATA[2023-01-22 15:42:19.290 &amp#27;[32m INFO&amp#27;[m &amp#27;[35m[@534 - main]&amp#27;[m &amp#27;[36mcom.shaft.tools.io.ReportManager&amp#27;[m : 
################################################################################################################################################
Starting Execution:	"50 out of 70" test cases in the current suite
Test Method:		"SteeringCompanyAPI_TestCases.Test_Policies_Cases.Add_Policy_With_InValid_data_TC"
Test Description:	"TC052 -Policy- Perform Add Policy with InValid data"
################################################################################################################################################
2023-01-22 15:42:19.290 &amp#27;[32m INFO&amp#27;[m &amp#27;[35m[@503 - main]&amp#27;[m &amp#27;[36mcom.shaft.tools.io.ReportManager&amp#27;[m : File Action "DoesFileExist" successfully performed. With the following test data "File Path: "SteeringCompanyAPI_TestData/SteeringCompanyAPI_TestData.xlsx"".
2023-01-22 15:42:19.323 &amp#27;[32m INFO&amp#27;[m &amp#27;[35m[@503 - main]&amp#27;[m &amp#27;[36mcom.shaft.tools.io.ReportManager&amp#27;[m : Successfully created attachment "Test Data - Excel"
2023-01-22 15:42:19.906 &amp#27;[32m INFO&amp#27;[m &amp#27;[35m[@503 - main]&amp#27;[m &amp#27;[36mcom.shaft.tools.io.ReportManager&amp#27;[m : Response status code: "200", status line: "HTTP/1.1 200 OK"
2023-01-22 15:42:19.925 &amp#27;[32m INFO&amp#27;[m &amp#27;[35m[@503 - main]&amp#27;[m &amp#27;[36mcom.shaft.tools.io.ReportManager&amp#27;[m : Successfully created attachment "API Request - Specifications"
2023-01-22 15:42:19.926 &amp#27;[32m INFO&amp#27;[m &amp#27;[35m[@503 - main]&amp#27;[m &amp#27;[36mcom.shaft.tools.io.ReportManager&amp#27;[m : Successfully created attachment "API Request - Body"
2023-01-22 15:42:19.927 &amp#27;[32m INFO&amp#27;[m &amp#27;[35m[@503 - main]&amp#27;[m &amp#27;[36mcom.shaft.tools.io.ReportManager&amp#27;[m : Successfully created attachment "API Response - JSON Body"
2023-01-22 15:42:19.939 &amp#27;[32m INFO&amp#27;[m &amp#27;[35m[@503 - main]&amp#27;[m &amp#27;[36mcom.shaft.tools.io.ReportManager&amp#27;[m : File Action "DoesFileExist" successfully performed. With the following test data "File Path: "SteeringCompanyAPI_TestData/SteeringCompanyAPI_TestData.xlsx"".
2023-01-22 15:42:19.969 &amp#27;[32m INFO&amp#27;[m &amp#27;[35m[@503 - main]&amp#27;[m &amp#27;[36mcom.shaft.tools.io.ReportManager&amp#27;[m : Successfully created attachment "Test Data - Excel"
2023-01-22 15:42:19.969 &amp#27;[32m INFO&amp#27;[m &amp#27;[35m[@503 - main]&amp#27;[m &amp#27;[36mcom.shaft.tools.io.ReportManager&amp#27;[m : File Action "DoesFileExist" successfully performed. With the following test data "File Path: "SteeringCompanyAPI_TestData/SteeringCompanyAPI_TestData.xlsx"".
2023-01-22 15:42:20.000 &amp#27;[32m INFO&amp#27;[m &amp#27;[35m[@503 - main]&amp#27;[m &amp#27;[36mcom.shaft.tools.io.ReportManager&amp#27;[m : Successfully created attachment "Test Data - Excel"
2023-01-22 15:42:20.001 &amp#27;[32m INFO&amp#27;[m &amp#27;[35m[@503 - main]&amp#27;[m &amp#27;[36mcom.shaft.tools.io.ReportManager&amp#27;[m : File Action "DoesFileExist" successfully performed. With the following test data "File Path: "SteeringCompanyAPI_TestData/SteeringCompanyAPI_TestData.xlsx"".
2023-01-22 15:42:20.028 &amp#27;[32m INFO&amp#27;[m &amp#27;[35m[@503 - main]&amp#27;[m &amp#27;[36mcom.shaft.tools.io.ReportManager&amp#27;[m : Successfully created attachment "Test Data - Excel"
2023-01-22 15:42:20.499 &amp#27;[32m INFO&amp#27;[m &amp#27;[35m[@503 - main]&amp#27;[m &amp#27;[36mcom.shaft.tools.io.ReportManager&amp#27;[m : Response status code: "422", status line: "HTTP/1.1 422 "
2023-01-22 15:42:20.519 &amp#27;[32m INFO&amp#27;[m &amp#27;[35m[@503 - main]&amp#27;[m &amp#27;[36mcom.shaft.tools.io.ReportManager&amp#27;[m : Successfully created attachment "API Request - Specifications"
2023-01-22 15:42:20.520 &amp#27;[32m INFO&amp#27;[m &amp#27;[35m[@503 - main]&amp#27;[m &amp#27;[36mcom.shaft.tools.io.ReportManager&amp#27;[m : Successfully created attachment "API Request - JSON Body"
2023-01-22 15:42:20.521 &amp#27;[32m INFO&amp#27;[m &amp#27;[35m[@503 - main]&amp#27;[m &amp#27;[36mcom.shaft.tools.io.ReportManager&amp#27;[m : Successfully created attachment "API Response - JSON Body"
2023-01-22 15:42:20.524 &amp#27;[32m INFO&amp#27;[m &amp#27;[35m[@503 - main]&amp#27;[m &amp#27;[36mcom.shaft.tools.io.ReportManager&amp#27;[m : File Action "DoesFileExist" successfully performed. With the following test data "File Path: "Schemas/ValidationError_schema.json"".
2023-01-22 15:42:20.524 &amp#27;[32m INFO&amp#27;[m &amp#27;[35m[@503 - main]&amp#27;[m &amp#27;[36mcom.shaft.tools.io.ReportManager&amp#27;[m : File Action "DoesFileExist" successfully performed. With the following test data "File Path: "src/test/resources/testDataFiles/Schemas/ValidationError_schema.json"".
2023-01-22 15:42:20.524 &amp#27;[32m INFO&amp#27;[m &amp#27;[35m[@503 - main]&amp#27;[m &amp#27;[36mcom.shaft.tools.io.ReportManager&amp#27;[m : File Action "GetAbsolutePath" successfully performed. With the following test data "Relative Folder Path: "src/test/resources/testDataFiles/Schemas/ValidationError_schema.json"".
2023-01-22 15:42:20.528 &amp#27;[32m INFO&amp#27;[m &amp#27;[35m[@503 - main]&amp#27;[m &amp#27;[36mcom.shaft.tools.io.ReportManager&amp#27;[m : File Action "DoesFileExist" successfully performed. With the following test data "File Path: "C:\eclipse-workspace\MyProjects\TASystemsAPIs\src\test\resources\testDataFiles\Schemas\ValidationError_schema.json"".
2023-01-22 15:42:20.529 &amp#27;[32m INFO&amp#27;[m &amp#27;[35m[@503 - main]&amp#27;[m &amp#27;[36mcom.shaft.tools.io.ReportManager&amp#27;[m : File Action "GetAbsolutePath" successfully performed. With the following test data "Relative Folder Path: "C:\eclipse-workspace\MyProjects\TASystemsAPIs\src\test\resources\testDataFiles\Schemas\ValidationError_schema.json"".
2023-01-22 15:42:20.529 &amp#27;[32m INFO&amp#27;[m &amp#27;[35m[@503 - main]&amp#27;[m &amp#27;[36mcom.shaft.tools.io.ReportManager&amp#27;[m : File Action "ReadFile" successfully performed. With the following test data "File Path: "C:\eclipse-workspace\MyProjects\TASystemsAPIs\src\test\resources\testDataFiles\Schemas\ValidationError_schema.json"".
2023-01-22 15:42:20.531 &amp#27;[32m INFO&amp#27;[m &amp#27;[35m[@503 - main]&amp#27;[m &amp#27;[36mcom.shaft.tools.io.ReportManager&amp#27;[m : Successfully created attachment "Validation Test Data - Expected JSON Value"
2023-01-22 15:42:20.533 &amp#27;[32m INFO&amp#27;[m &amp#27;[35m[@503 - main]&amp#27;[m &amp#27;[36mcom.shaft.tools.io.ReportManager&amp#27;[m : Successfully created attachment "Validation Test Data - Actual JSON Value"
2023-01-22 15:42:20.535 &amp#27;[32m INFO&amp#27;[m &amp#27;[35m[@503 - main]&amp#27;[m &amp#27;[36mcom.shaft.tools.io.ReportManager&amp#27;[m : Successfully created attachment "SHAFT Engine Logs - Current Method log: Add_Policy_With_InValid_data_TC"
]]></system-out>
  </testcase>
  <testcase name="Add_Policy_With_InValid_data_TC[[Ljava.lang.Object;@22e5665f](43)" classname="SteeringCompanyAPI_TestCases.Test_Policies_Cases" time="1.289">
    <system-out><![CDATA[2023-01-22 15:42:20.540 &amp#27;[32m INFO&amp#27;[m &amp#27;[35m[@534 - main]&amp#27;[m &amp#27;[36mcom.shaft.tools.io.ReportManager&amp#27;[m : 
################################################################################################################################################
Starting Execution:	"51 out of 70" test cases in the current suite
Test Method:		"SteeringCompanyAPI_TestCases.Test_Policies_Cases.Add_Policy_With_InValid_data_TC"
Test Description:	"TC052 -Policy- Perform Add Policy with InValid data"
################################################################################################################################################
2023-01-22 15:42:20.540 &amp#27;[32m INFO&amp#27;[m &amp#27;[35m[@503 - main]&amp#27;[m &amp#27;[36mcom.shaft.tools.io.ReportManager&amp#27;[m : File Action "DoesFileExist" successfully performed. With the following test data "File Path: "SteeringCompanyAPI_TestData/SteeringCompanyAPI_TestData.xlsx"".
2023-01-22 15:42:20.585 &amp#27;[32m INFO&amp#27;[m &amp#27;[35m[@503 - main]&amp#27;[m &amp#27;[36mcom.shaft.tools.io.ReportManager&amp#27;[m : Successfully created attachment "Test Data - Excel"
2023-01-22 15:42:21.222 &amp#27;[32m INFO&amp#27;[m &amp#27;[35m[@503 - main]&amp#27;[m &amp#27;[36mcom.shaft.tools.io.ReportManager&amp#27;[m : Response status code: "200", status line: "HTTP/1.1 200 OK"
2023-01-22 15:42:21.239 &amp#27;[32m INFO&amp#27;[m &amp#27;[35m[@503 - main]&amp#27;[m &amp#27;[36mcom.shaft.tools.io.ReportManager&amp#27;[m : Successfully created attachment "API Request - Specifications"
2023-01-22 15:42:21.240 &amp#27;[32m INFO&amp#27;[m &amp#27;[35m[@503 - main]&amp#27;[m &amp#27;[36mcom.shaft.tools.io.ReportManager&amp#27;[m : Successfully created attachment "API Request - Body"
2023-01-22 15:42:21.241 &amp#27;[32m INFO&amp#27;[m &amp#27;[35m[@503 - main]&amp#27;[m &amp#27;[36mcom.shaft.tools.io.ReportManager&amp#27;[m : Successfully created attachment "API Response - JSON Body"
2023-01-22 15:42:21.253 &amp#27;[32m INFO&amp#27;[m &amp#27;[35m[@503 - main]&amp#27;[m &amp#27;[36mcom.shaft.tools.io.ReportManager&amp#27;[m : File Action "DoesFileExist" successfully performed. With the following test data "File Path: "SteeringCompanyAPI_TestData/SteeringCompanyAPI_TestData.xlsx"".
2023-01-22 15:42:21.288 &amp#27;[32m INFO&amp#27;[m &amp#27;[35m[@503 - main]&amp#27;[m &amp#27;[36mcom.shaft.tools.io.ReportManager&amp#27;[m : Successfully created attachment "Test Data - Excel"
2023-01-22 15:42:21.288 &amp#27;[32m INFO&amp#27;[m &amp#27;[35m[@503 - main]&amp#27;[m &amp#27;[36mcom.shaft.tools.io.ReportManager&amp#27;[m : File Action "DoesFileExist" successfully performed. With the following test data "File Path: "SteeringCompanyAPI_TestData/SteeringCompanyAPI_TestData.xlsx"".
2023-01-22 15:42:21.317 &amp#27;[32m INFO&amp#27;[m &amp#27;[35m[@503 - main]&amp#27;[m &amp#27;[36mcom.shaft.tools.io.ReportManager&amp#27;[m : Successfully created attachment "Test Data - Excel"
2023-01-22 15:42:21.318 &amp#27;[32m INFO&amp#27;[m &amp#27;[35m[@503 - main]&amp#27;[m &amp#27;[36mcom.shaft.tools.io.ReportManager&amp#27;[m : File Action "DoesFileExist" successfully performed. With the following test data "File Path: "SteeringCompanyAPI_TestData/SteeringCompanyAPI_TestData.xlsx"".
2023-01-22 15:42:21.351 &amp#27;[32m INFO&amp#27;[m &amp#27;[35m[@503 - main]&amp#27;[m &amp#27;[36mcom.shaft.tools.io.ReportManager&amp#27;[m : Successfully created attachment "Test Data - Excel"
2023-01-22 15:42:21.810 &amp#27;[32m INFO&amp#27;[m &amp#27;[35m[@503 - main]&amp#27;[m &amp#27;[36mcom.shaft.tools.io.ReportManager&amp#27;[m : Response status code: "422", status line: "HTTP/1.1 422 "
2023-01-22 15:42:21.819 &amp#27;[32m INFO&amp#27;[m &amp#27;[35m[@503 - main]&amp#27;[m &amp#27;[36mcom.shaft.tools.io.ReportManager&amp#27;[m : Successfully created attachment "API Request - Specifications"
2023-01-22 15:42:21.820 &amp#27;[32m INFO&amp#27;[m &amp#27;[35m[@503 - main]&amp#27;[m &amp#27;[36mcom.shaft.tools.io.ReportManager&amp#27;[m : Successfully created attachment "API Request - JSON Body"
2023-01-22 15:42:21.820 &amp#27;[32m INFO&amp#27;[m &amp#27;[35m[@503 - main]&amp#27;[m &amp#27;[36mcom.shaft.tools.io.ReportManager&amp#27;[m : Successfully created attachment "API Response - JSON Body"
2023-01-22 15:42:21.821 &amp#27;[32m INFO&amp#27;[m &amp#27;[35m[@503 - main]&amp#27;[m &amp#27;[36mcom.shaft.tools.io.ReportManager&amp#27;[m : File Action "DoesFileExist" successfully performed. With the following test data "File Path: "Schemas/ValidationError_schema.json"".
2023-01-22 15:42:21.821 &amp#27;[32m INFO&amp#27;[m &amp#27;[35m[@503 - main]&amp#27;[m &amp#27;[36mcom.shaft.tools.io.ReportManager&amp#27;[m : File Action "DoesFileExist" successfully performed. With the following test data "File Path: "src/test/resources/testDataFiles/Schemas/ValidationError_schema.json"".
2023-01-22 15:42:21.821 &amp#27;[32m INFO&amp#27;[m &amp#27;[35m[@503 - main]&amp#27;[m &amp#27;[36mcom.shaft.tools.io.ReportManager&amp#27;[m : File Action "GetAbsolutePath" successfully performed. With the following test data "Relative Folder Path: "src/test/resources/testDataFiles/Schemas/ValidationError_schema.json"".
2023-01-22 15:42:21.824 &amp#27;[32m INFO&amp#27;[m &amp#27;[35m[@503 - main]&amp#27;[m &amp#27;[36mcom.shaft.tools.io.ReportManager&amp#27;[m : File Action "DoesFileExist" successfully performed. With the following test data "File Path: "C:\eclipse-workspace\MyProjects\TASystemsAPIs\src\test\resources\testDataFiles\Schemas\ValidationError_schema.json"".
2023-01-22 15:42:21.824 &amp#27;[32m INFO&amp#27;[m &amp#27;[35m[@503 - main]&amp#27;[m &amp#27;[36mcom.shaft.tools.io.ReportManager&amp#27;[m : File Action "GetAbsolutePath" successfully performed. With the following test data "Relative Folder Path: "C:\eclipse-workspace\MyProjects\TASystemsAPIs\src\test\resources\testDataFiles\Schemas\ValidationError_schema.json"".
2023-01-22 15:42:21.824 &amp#27;[32m INFO&amp#27;[m &amp#27;[35m[@503 - main]&amp#27;[m &amp#27;[36mcom.shaft.tools.io.ReportManager&amp#27;[m : File Action "ReadFile" successfully performed. With the following test data "File Path: "C:\eclipse-workspace\MyProjects\TASystemsAPIs\src\test\resources\testDataFiles\Schemas\ValidationError_schema.json"".
2023-01-22 15:42:21.825 &amp#27;[32m INFO&amp#27;[m &amp#27;[35m[@503 - main]&amp#27;[m &amp#27;[36mcom.shaft.tools.io.ReportManager&amp#27;[m : Successfully created attachment "Validation Test Data - Expected JSON Value"
2023-01-22 15:42:21.826 &amp#27;[32m INFO&amp#27;[m &amp#27;[35m[@503 - main]&amp#27;[m &amp#27;[36mcom.shaft.tools.io.ReportManager&amp#27;[m : Successfully created attachment "Validation Test Data - Actual JSON Value"
2023-01-22 15:42:21.826 &amp#27;[32m INFO&amp#27;[m &amp#27;[35m[@503 - main]&amp#27;[m &amp#27;[36mcom.shaft.tools.io.ReportManager&amp#27;[m : Successfully created attachment "SHAFT Engine Logs - Current Method log: Add_Policy_With_InValid_data_TC"
]]></system-out>
  </testcase>
  <testcase name="Add_Policy_With_InValid_data_TC[[Ljava.lang.Object;@3d65d5c](44)" classname="SteeringCompanyAPI_TestCases.Test_Policies_Cases" time="1.224">
    <system-out><![CDATA[2023-01-22 15:42:21.829 &amp#27;[32m INFO&amp#27;[m &amp#27;[35m[@534 - main]&amp#27;[m &amp#27;[36mcom.shaft.tools.io.ReportManager&amp#27;[m : 
################################################################################################################################################
Starting Execution:	"52 out of 70" test cases in the current suite
Test Method:		"SteeringCompanyAPI_TestCases.Test_Policies_Cases.Add_Policy_With_InValid_data_TC"
Test Description:	"TC052 -Policy- Perform Add Policy with InValid data"
################################################################################################################################################
2023-01-22 15:42:21.829 &amp#27;[32m INFO&amp#27;[m &amp#27;[35m[@503 - main]&amp#27;[m &amp#27;[36mcom.shaft.tools.io.ReportManager&amp#27;[m : File Action "DoesFileExist" successfully performed. With the following test data "File Path: "SteeringCompanyAPI_TestData/SteeringCompanyAPI_TestData.xlsx"".
2023-01-22 15:42:21.854 &amp#27;[32m INFO&amp#27;[m &amp#27;[35m[@503 - main]&amp#27;[m &amp#27;[36mcom.shaft.tools.io.ReportManager&amp#27;[m : Successfully created attachment "Test Data - Excel"
2023-01-22 15:42:22.460 &amp#27;[32m INFO&amp#27;[m &amp#27;[35m[@503 - main]&amp#27;[m &amp#27;[36mcom.shaft.tools.io.ReportManager&amp#27;[m : Response status code: "200", status line: "HTTP/1.1 200 OK"
2023-01-22 15:42:22.470 &amp#27;[32m INFO&amp#27;[m &amp#27;[35m[@503 - main]&amp#27;[m &amp#27;[36mcom.shaft.tools.io.ReportManager&amp#27;[m : Successfully created attachment "API Request - Specifications"
2023-01-22 15:42:22.471 &amp#27;[32m INFO&amp#27;[m &amp#27;[35m[@503 - main]&amp#27;[m &amp#27;[36mcom.shaft.tools.io.ReportManager&amp#27;[m : Successfully created attachment "API Request - Body"
2023-01-22 15:42:22.472 &amp#27;[32m INFO&amp#27;[m &amp#27;[35m[@503 - main]&amp#27;[m &amp#27;[36mcom.shaft.tools.io.ReportManager&amp#27;[m : Successfully created attachment "API Response - JSON Body"
2023-01-22 15:42:22.481 &amp#27;[32m INFO&amp#27;[m &amp#27;[35m[@503 - main]&amp#27;[m &amp#27;[36mcom.shaft.tools.io.ReportManager&amp#27;[m : File Action "DoesFileExist" successfully performed. With the following test data "File Path: "SteeringCompanyAPI_TestData/SteeringCompanyAPI_TestData.xlsx"".
2023-01-22 15:42:22.507 &amp#27;[32m INFO&amp#27;[m &amp#27;[35m[@503 - main]&amp#27;[m &amp#27;[36mcom.shaft.tools.io.ReportManager&amp#27;[m : Successfully created attachment "Test Data - Excel"
2023-01-22 15:42:22.507 &amp#27;[32m INFO&amp#27;[m &amp#27;[35m[@503 - main]&amp#27;[m &amp#27;[36mcom.shaft.tools.io.ReportManager&amp#27;[m : File Action "DoesFileExist" successfully performed. With the following test data "File Path: "SteeringCompanyAPI_TestData/SteeringCompanyAPI_TestData.xlsx"".
2023-01-22 15:42:22.540 &amp#27;[32m INFO&amp#27;[m &amp#27;[35m[@503 - main]&amp#27;[m &amp#27;[36mcom.shaft.tools.io.ReportManager&amp#27;[m : Successfully created attachment "Test Data - Excel"
2023-01-22 15:42:22.540 &amp#27;[32m INFO&amp#27;[m &amp#27;[35m[@503 - main]&amp#27;[m &amp#27;[36mcom.shaft.tools.io.ReportManager&amp#27;[m : File Action "DoesFileExist" successfully performed. With the following test data "File Path: "SteeringCompanyAPI_TestData/SteeringCompanyAPI_TestData.xlsx"".
2023-01-22 15:42:22.565 &amp#27;[32m INFO&amp#27;[m &amp#27;[35m[@503 - main]&amp#27;[m &amp#27;[36mcom.shaft.tools.io.ReportManager&amp#27;[m : Successfully created attachment "Test Data - Excel"
2023-01-22 15:42:23.024 &amp#27;[32m INFO&amp#27;[m &amp#27;[35m[@503 - main]&amp#27;[m &amp#27;[36mcom.shaft.tools.io.ReportManager&amp#27;[m : Response status code: "422", status line: "HTTP/1.1 422 "
2023-01-22 15:42:23.037 &amp#27;[32m INFO&amp#27;[m &amp#27;[35m[@503 - main]&amp#27;[m &amp#27;[36mcom.shaft.tools.io.ReportManager&amp#27;[m : Successfully created attachment "API Request - Specifications"
2023-01-22 15:42:23.040 &amp#27;[32m INFO&amp#27;[m &amp#27;[35m[@503 - main]&amp#27;[m &amp#27;[36mcom.shaft.tools.io.ReportManager&amp#27;[m : Successfully created attachment "API Request - JSON Body"
2023-01-22 15:42:23.041 &amp#27;[32m INFO&amp#27;[m &amp#27;[35m[@503 - main]&amp#27;[m &amp#27;[36mcom.shaft.tools.io.ReportManager&amp#27;[m : Successfully created attachment "API Response - JSON Body"
2023-01-22 15:42:23.042 &amp#27;[32m INFO&amp#27;[m &amp#27;[35m[@503 - main]&amp#27;[m &amp#27;[36mcom.shaft.tools.io.ReportManager&amp#27;[m : File Action "DoesFileExist" successfully performed. With the following test data "File Path: "Schemas/ValidationError_schema.json"".
2023-01-22 15:42:23.042 &amp#27;[32m INFO&amp#27;[m &amp#27;[35m[@503 - main]&amp#27;[m &amp#27;[36mcom.shaft.tools.io.ReportManager&amp#27;[m : File Action "DoesFileExist" successfully performed. With the following test data "File Path: "src/test/resources/testDataFiles/Schemas/ValidationError_schema.json"".
2023-01-22 15:42:23.043 &amp#27;[32m INFO&amp#27;[m &amp#27;[35m[@503 - main]&amp#27;[m &amp#27;[36mcom.shaft.tools.io.ReportManager&amp#27;[m : File Action "GetAbsolutePath" successfully performed. With the following test data "Relative Folder Path: "src/test/resources/testDataFiles/Schemas/ValidationError_schema.json"".
2023-01-22 15:42:23.046 &amp#27;[32m INFO&amp#27;[m &amp#27;[35m[@503 - main]&amp#27;[m &amp#27;[36mcom.shaft.tools.io.ReportManager&amp#27;[m : File Action "DoesFileExist" successfully performed. With the following test data "File Path: "C:\eclipse-workspace\MyProjects\TASystemsAPIs\src\test\resources\testDataFiles\Schemas\ValidationError_schema.json"".
2023-01-22 15:42:23.046 &amp#27;[32m INFO&amp#27;[m &amp#27;[35m[@503 - main]&amp#27;[m &amp#27;[36mcom.shaft.tools.io.ReportManager&amp#27;[m : File Action "GetAbsolutePath" successfully performed. With the following test data "Relative Folder Path: "C:\eclipse-workspace\MyProjects\TASystemsAPIs\src\test\resources\testDataFiles\Schemas\ValidationError_schema.json"".
2023-01-22 15:42:23.046 &amp#27;[32m INFO&amp#27;[m &amp#27;[35m[@503 - main]&amp#27;[m &amp#27;[36mcom.shaft.tools.io.ReportManager&amp#27;[m : File Action "ReadFile" successfully performed. With the following test data "File Path: "C:\eclipse-workspace\MyProjects\TASystemsAPIs\src\test\resources\testDataFiles\Schemas\ValidationError_schema.json"".
2023-01-22 15:42:23.048 &amp#27;[32m INFO&amp#27;[m &amp#27;[35m[@503 - main]&amp#27;[m &amp#27;[36mcom.shaft.tools.io.ReportManager&amp#27;[m : Successfully created attachment "Validation Test Data - Expected JSON Value"
2023-01-22 15:42:23.048 &amp#27;[32m INFO&amp#27;[m &amp#27;[35m[@503 - main]&amp#27;[m &amp#27;[36mcom.shaft.tools.io.ReportManager&amp#27;[m : Successfully created attachment "Validation Test Data - Actual JSON Value"
2023-01-22 15:42:23.049 &amp#27;[32m INFO&amp#27;[m &amp#27;[35m[@503 - main]&amp#27;[m &amp#27;[36mcom.shaft.tools.io.ReportManager&amp#27;[m : Successfully created attachment "SHAFT Engine Logs - Current Method log: Add_Policy_With_InValid_data_TC"
]]></system-out>
  </testcase>
  <testcase name="Add_Policy_With_InValid_data_TC[[Ljava.lang.Object;@5e0209c](45)" classname="SteeringCompanyAPI_TestCases.Test_Policies_Cases" time="1.206">
    <system-out><![CDATA[2023-01-22 15:42:23.051 &amp#27;[32m INFO&amp#27;[m &amp#27;[35m[@534 - main]&amp#27;[m &amp#27;[36mcom.shaft.tools.io.ReportManager&amp#27;[m : 
################################################################################################################################################
Starting Execution:	"53 out of 70" test cases in the current suite
Test Method:		"SteeringCompanyAPI_TestCases.Test_Policies_Cases.Add_Policy_With_InValid_data_TC"
Test Description:	"TC052 -Policy- Perform Add Policy with InValid data"
################################################################################################################################################
2023-01-22 15:42:23.052 &amp#27;[32m INFO&amp#27;[m &amp#27;[35m[@503 - main]&amp#27;[m &amp#27;[36mcom.shaft.tools.io.ReportManager&amp#27;[m : File Action "DoesFileExist" successfully performed. With the following test data "File Path: "SteeringCompanyAPI_TestData/SteeringCompanyAPI_TestData.xlsx"".
2023-01-22 15:42:23.078 &amp#27;[32m INFO&amp#27;[m &amp#27;[35m[@503 - main]&amp#27;[m &amp#27;[36mcom.shaft.tools.io.ReportManager&amp#27;[m : Successfully created attachment "Test Data - Excel"
2023-01-22 15:42:23.666 &amp#27;[32m INFO&amp#27;[m &amp#27;[35m[@503 - main]&amp#27;[m &amp#27;[36mcom.shaft.tools.io.ReportManager&amp#27;[m : Response status code: "200", status line: "HTTP/1.1 200 OK"
2023-01-22 15:42:23.676 &amp#27;[32m INFO&amp#27;[m &amp#27;[35m[@503 - main]&amp#27;[m &amp#27;[36mcom.shaft.tools.io.ReportManager&amp#27;[m : Successfully created attachment "API Request - Specifications"
2023-01-22 15:42:23.677 &amp#27;[32m INFO&amp#27;[m &amp#27;[35m[@503 - main]&amp#27;[m &amp#27;[36mcom.shaft.tools.io.ReportManager&amp#27;[m : Successfully created attachment "API Request - Body"
2023-01-22 15:42:23.677 &amp#27;[32m INFO&amp#27;[m &amp#27;[35m[@503 - main]&amp#27;[m &amp#27;[36mcom.shaft.tools.io.ReportManager&amp#27;[m : Successfully created attachment "API Response - JSON Body"
2023-01-22 15:42:23.692 &amp#27;[32m INFO&amp#27;[m &amp#27;[35m[@503 - main]&amp#27;[m &amp#27;[36mcom.shaft.tools.io.ReportManager&amp#27;[m : File Action "DoesFileExist" successfully performed. With the following test data "File Path: "SteeringCompanyAPI_TestData/SteeringCompanyAPI_TestData.xlsx"".
2023-01-22 15:42:23.716 &amp#27;[32m INFO&amp#27;[m &amp#27;[35m[@503 - main]&amp#27;[m &amp#27;[36mcom.shaft.tools.io.ReportManager&amp#27;[m : Successfully created attachment "Test Data - Excel"
2023-01-22 15:42:23.716 &amp#27;[32m INFO&amp#27;[m &amp#27;[35m[@503 - main]&amp#27;[m &amp#27;[36mcom.shaft.tools.io.ReportManager&amp#27;[m : File Action "DoesFileExist" successfully performed. With the following test data "File Path: "SteeringCompanyAPI_TestData/SteeringCompanyAPI_TestData.xlsx"".
2023-01-22 15:42:23.744 &amp#27;[32m INFO&amp#27;[m &amp#27;[35m[@503 - main]&amp#27;[m &amp#27;[36mcom.shaft.tools.io.ReportManager&amp#27;[m : Successfully created attachment "Test Data - Excel"
2023-01-22 15:42:23.744 &amp#27;[32m INFO&amp#27;[m &amp#27;[35m[@503 - main]&amp#27;[m &amp#27;[36mcom.shaft.tools.io.ReportManager&amp#27;[m : File Action "DoesFileExist" successfully performed. With the following test data "File Path: "SteeringCompanyAPI_TestData/SteeringCompanyAPI_TestData.xlsx"".
2023-01-22 15:42:23.775 &amp#27;[32m INFO&amp#27;[m &amp#27;[35m[@503 - main]&amp#27;[m &amp#27;[36mcom.shaft.tools.io.ReportManager&amp#27;[m : Successfully created attachment "Test Data - Excel"
2023-01-22 15:42:24.236 &amp#27;[32m INFO&amp#27;[m &amp#27;[35m[@503 - main]&amp#27;[m &amp#27;[36mcom.shaft.tools.io.ReportManager&amp#27;[m : Response status code: "422", status line: "HTTP/1.1 422 "
2023-01-22 15:42:24.247 &amp#27;[32m INFO&amp#27;[m &amp#27;[35m[@503 - main]&amp#27;[m &amp#27;[36mcom.shaft.tools.io.ReportManager&amp#27;[m : Successfully created attachment "API Request - Specifications"
2023-01-22 15:42:24.248 &amp#27;[32m INFO&amp#27;[m &amp#27;[35m[@503 - main]&amp#27;[m &amp#27;[36mcom.shaft.tools.io.ReportManager&amp#27;[m : Successfully created attachment "API Request - JSON Body"
2023-01-22 15:42:24.249 &amp#27;[32m INFO&amp#27;[m &amp#27;[35m[@503 - main]&amp#27;[m &amp#27;[36mcom.shaft.tools.io.ReportManager&amp#27;[m : Successfully created attachment "API Response - JSON Body"
2023-01-22 15:42:24.250 &amp#27;[32m INFO&amp#27;[m &amp#27;[35m[@503 - main]&amp#27;[m &amp#27;[36mcom.shaft.tools.io.ReportManager&amp#27;[m : File Action "DoesFileExist" successfully performed. With the following test data "File Path: "Schemas/ValidationError_schema.json"".
2023-01-22 15:42:24.250 &amp#27;[32m INFO&amp#27;[m &amp#27;[35m[@503 - main]&amp#27;[m &amp#27;[36mcom.shaft.tools.io.ReportManager&amp#27;[m : File Action "DoesFileExist" successfully performed. With the following test data "File Path: "src/test/resources/testDataFiles/Schemas/ValidationError_schema.json"".
2023-01-22 15:42:24.250 &amp#27;[32m INFO&amp#27;[m &amp#27;[35m[@503 - main]&amp#27;[m &amp#27;[36mcom.shaft.tools.io.ReportManager&amp#27;[m : File Action "GetAbsolutePath" successfully performed. With the following test data "Relative Folder Path: "src/test/resources/testDataFiles/Schemas/ValidationError_schema.json"".
2023-01-22 15:42:24.253 &amp#27;[32m INFO&amp#27;[m &amp#27;[35m[@503 - main]&amp#27;[m &amp#27;[36mcom.shaft.tools.io.ReportManager&amp#27;[m : File Action "DoesFileExist" successfully performed. With the following test data "File Path: "C:\eclipse-workspace\MyProjects\TASystemsAPIs\src\test\resources\testDataFiles\Schemas\ValidationError_schema.json"".
2023-01-22 15:42:24.253 &amp#27;[32m INFO&amp#27;[m &amp#27;[35m[@503 - main]&amp#27;[m &amp#27;[36mcom.shaft.tools.io.ReportManager&amp#27;[m : File Action "GetAbsolutePath" successfully performed. With the following test data "Relative Folder Path: "C:\eclipse-workspace\MyProjects\TASystemsAPIs\src\test\resources\testDataFiles\Schemas\ValidationError_schema.json"".
2023-01-22 15:42:24.253 &amp#27;[32m INFO&amp#27;[m &amp#27;[35m[@503 - main]&amp#27;[m &amp#27;[36mcom.shaft.tools.io.ReportManager&amp#27;[m : File Action "ReadFile" successfully performed. With the following test data "File Path: "C:\eclipse-workspace\MyProjects\TASystemsAPIs\src\test\resources\testDataFiles\Schemas\ValidationError_schema.json"".
2023-01-22 15:42:24.254 &amp#27;[32m INFO&amp#27;[m &amp#27;[35m[@503 - main]&amp#27;[m &amp#27;[36mcom.shaft.tools.io.ReportManager&amp#27;[m : Successfully created attachment "Validation Test Data - Expected JSON Value"
2023-01-22 15:42:24.255 &amp#27;[32m INFO&amp#27;[m &amp#27;[35m[@503 - main]&amp#27;[m &amp#27;[36mcom.shaft.tools.io.ReportManager&amp#27;[m : Successfully created attachment "Validation Test Data - Actual JSON Value"
2023-01-22 15:42:24.256 &amp#27;[32m INFO&amp#27;[m &amp#27;[35m[@503 - main]&amp#27;[m &amp#27;[36mcom.shaft.tools.io.ReportManager&amp#27;[m : Successfully created attachment "SHAFT Engine Logs - Current Method log: Add_Policy_With_InValid_data_TC"
]]></system-out>
  </testcase>
  <testcase name="Add_Policy_With_InValid_data_TC[[Ljava.lang.Object;@63c7beef](46)" classname="SteeringCompanyAPI_TestCases.Test_Policies_Cases" time="1.181">
    <system-out><![CDATA[2023-01-22 15:42:24.258 &amp#27;[32m INFO&amp#27;[m &amp#27;[35m[@534 - main]&amp#27;[m &amp#27;[36mcom.shaft.tools.io.ReportManager&amp#27;[m : 
################################################################################################################################################
Starting Execution:	"54 out of 70" test cases in the current suite
Test Method:		"SteeringCompanyAPI_TestCases.Test_Policies_Cases.Add_Policy_With_InValid_data_TC"
Test Description:	"TC052 -Policy- Perform Add Policy with InValid data"
################################################################################################################################################
2023-01-22 15:42:24.258 &amp#27;[32m INFO&amp#27;[m &amp#27;[35m[@503 - main]&amp#27;[m &amp#27;[36mcom.shaft.tools.io.ReportManager&amp#27;[m : File Action "DoesFileExist" successfully performed. With the following test data "File Path: "SteeringCompanyAPI_TestData/SteeringCompanyAPI_TestData.xlsx"".
2023-01-22 15:42:24.285 &amp#27;[32m INFO&amp#27;[m &amp#27;[35m[@503 - main]&amp#27;[m &amp#27;[36mcom.shaft.tools.io.ReportManager&amp#27;[m : Successfully created attachment "Test Data - Excel"
2023-01-22 15:42:24.864 &amp#27;[32m INFO&amp#27;[m &amp#27;[35m[@503 - main]&amp#27;[m &amp#27;[36mcom.shaft.tools.io.ReportManager&amp#27;[m : Response status code: "200", status line: "HTTP/1.1 200 OK"
2023-01-22 15:42:24.874 &amp#27;[32m INFO&amp#27;[m &amp#27;[35m[@503 - main]&amp#27;[m &amp#27;[36mcom.shaft.tools.io.ReportManager&amp#27;[m : Successfully created attachment "API Request - Specifications"
2023-01-22 15:42:24.874 &amp#27;[32m INFO&amp#27;[m &amp#27;[35m[@503 - main]&amp#27;[m &amp#27;[36mcom.shaft.tools.io.ReportManager&amp#27;[m : Successfully created attachment "API Request - Body"
2023-01-22 15:42:24.875 &amp#27;[32m INFO&amp#27;[m &amp#27;[35m[@503 - main]&amp#27;[m &amp#27;[36mcom.shaft.tools.io.ReportManager&amp#27;[m : Successfully created attachment "API Response - JSON Body"
2023-01-22 15:42:24.884 &amp#27;[32m INFO&amp#27;[m &amp#27;[35m[@503 - main]&amp#27;[m &amp#27;[36mcom.shaft.tools.io.ReportManager&amp#27;[m : File Action "DoesFileExist" successfully performed. With the following test data "File Path: "SteeringCompanyAPI_TestData/SteeringCompanyAPI_TestData.xlsx"".
2023-01-22 15:42:24.907 &amp#27;[32m INFO&amp#27;[m &amp#27;[35m[@503 - main]&amp#27;[m &amp#27;[36mcom.shaft.tools.io.ReportManager&amp#27;[m : Successfully created attachment "Test Data - Excel"
2023-01-22 15:42:24.908 &amp#27;[32m INFO&amp#27;[m &amp#27;[35m[@503 - main]&amp#27;[m &amp#27;[36mcom.shaft.tools.io.ReportManager&amp#27;[m : File Action "DoesFileExist" successfully performed. With the following test data "File Path: "SteeringCompanyAPI_TestData/SteeringCompanyAPI_TestData.xlsx"".
2023-01-22 15:42:24.934 &amp#27;[32m INFO&amp#27;[m &amp#27;[35m[@503 - main]&amp#27;[m &amp#27;[36mcom.shaft.tools.io.ReportManager&amp#27;[m : Successfully created attachment "Test Data - Excel"
2023-01-22 15:42:24.934 &amp#27;[32m INFO&amp#27;[m &amp#27;[35m[@503 - main]&amp#27;[m &amp#27;[36mcom.shaft.tools.io.ReportManager&amp#27;[m : File Action "DoesFileExist" successfully performed. With the following test data "File Path: "SteeringCompanyAPI_TestData/SteeringCompanyAPI_TestData.xlsx"".
2023-01-22 15:42:24.958 &amp#27;[32m INFO&amp#27;[m &amp#27;[35m[@503 - main]&amp#27;[m &amp#27;[36mcom.shaft.tools.io.ReportManager&amp#27;[m : Successfully created attachment "Test Data - Excel"
2023-01-22 15:42:25.411 &amp#27;[32m INFO&amp#27;[m &amp#27;[35m[@503 - main]&amp#27;[m &amp#27;[36mcom.shaft.tools.io.ReportManager&amp#27;[m : Response status code: "422", status line: "HTTP/1.1 422 "
2023-01-22 15:42:25.422 &amp#27;[32m INFO&amp#27;[m &amp#27;[35m[@503 - main]&amp#27;[m &amp#27;[36mcom.shaft.tools.io.ReportManager&amp#27;[m : Successfully created attachment "API Request - Specifications"
2023-01-22 15:42:25.423 &amp#27;[32m INFO&amp#27;[m &amp#27;[35m[@503 - main]&amp#27;[m &amp#27;[36mcom.shaft.tools.io.ReportManager&amp#27;[m : Successfully created attachment "API Request - JSON Body"
2023-01-22 15:42:25.424 &amp#27;[32m INFO&amp#27;[m &amp#27;[35m[@503 - main]&amp#27;[m &amp#27;[36mcom.shaft.tools.io.ReportManager&amp#27;[m : Successfully created attachment "API Response - JSON Body"
2023-01-22 15:42:25.426 &amp#27;[32m INFO&amp#27;[m &amp#27;[35m[@503 - main]&amp#27;[m &amp#27;[36mcom.shaft.tools.io.ReportManager&amp#27;[m : File Action "DoesFileExist" successfully performed. With the following test data "File Path: "Schemas/ValidationError_schema.json"".
2023-01-22 15:42:25.427 &amp#27;[32m INFO&amp#27;[m &amp#27;[35m[@503 - main]&amp#27;[m &amp#27;[36mcom.shaft.tools.io.ReportManager&amp#27;[m : File Action "DoesFileExist" successfully performed. With the following test data "File Path: "src/test/resources/testDataFiles/Schemas/ValidationError_schema.json"".
2023-01-22 15:42:25.427 &amp#27;[32m INFO&amp#27;[m &amp#27;[35m[@503 - main]&amp#27;[m &amp#27;[36mcom.shaft.tools.io.ReportManager&amp#27;[m : File Action "GetAbsolutePath" successfully performed. With the following test data "Relative Folder Path: "src/test/resources/testDataFiles/Schemas/ValidationError_schema.json"".
2023-01-22 15:42:25.429 &amp#27;[32m INFO&amp#27;[m &amp#27;[35m[@503 - main]&amp#27;[m &amp#27;[36mcom.shaft.tools.io.ReportManager&amp#27;[m : File Action "DoesFileExist" successfully performed. With the following test data "File Path: "C:\eclipse-workspace\MyProjects\TASystemsAPIs\src\test\resources\testDataFiles\Schemas\ValidationError_schema.json"".
2023-01-22 15:42:25.429 &amp#27;[32m INFO&amp#27;[m &amp#27;[35m[@503 - main]&amp#27;[m &amp#27;[36mcom.shaft.tools.io.ReportManager&amp#27;[m : File Action "GetAbsolutePath" successfully performed. With the following test data "Relative Folder Path: "C:\eclipse-workspace\MyProjects\TASystemsAPIs\src\test\resources\testDataFiles\Schemas\ValidationError_schema.json"".
2023-01-22 15:42:25.430 &amp#27;[32m INFO&amp#27;[m &amp#27;[35m[@503 - main]&amp#27;[m &amp#27;[36mcom.shaft.tools.io.ReportManager&amp#27;[m : File Action "ReadFile" successfully performed. With the following test data "File Path: "C:\eclipse-workspace\MyProjects\TASystemsAPIs\src\test\resources\testDataFiles\Schemas\ValidationError_schema.json"".
2023-01-22 15:42:25.434 &amp#27;[32m INFO&amp#27;[m &amp#27;[35m[@503 - main]&amp#27;[m &amp#27;[36mcom.shaft.tools.io.ReportManager&amp#27;[m : Successfully created attachment "Validation Test Data - Expected JSON Value"
2023-01-22 15:42:25.435 &amp#27;[32m INFO&amp#27;[m &amp#27;[35m[@503 - main]&amp#27;[m &amp#27;[36mcom.shaft.tools.io.ReportManager&amp#27;[m : Successfully created attachment "Validation Test Data - Actual JSON Value"
2023-01-22 15:42:25.436 &amp#27;[32m INFO&amp#27;[m &amp#27;[35m[@503 - main]&amp#27;[m &amp#27;[36mcom.shaft.tools.io.ReportManager&amp#27;[m : Successfully created attachment "SHAFT Engine Logs - Current Method log: Add_Policy_With_InValid_data_TC"
]]></system-out>
  </testcase>
  <testcase name="Add_Policy_With_InValid_data_TC[[Ljava.lang.Object;@604c4c8c](47)" classname="SteeringCompanyAPI_TestCases.Test_Policies_Cases" time="1.333">
    <system-out><![CDATA[2023-01-22 15:42:25.439 &amp#27;[32m INFO&amp#27;[m &amp#27;[35m[@534 - main]&amp#27;[m &amp#27;[36mcom.shaft.tools.io.ReportManager&amp#27;[m : 
################################################################################################################################################
Starting Execution:	"55 out of 70" test cases in the current suite
Test Method:		"SteeringCompanyAPI_TestCases.Test_Policies_Cases.Add_Policy_With_InValid_data_TC"
Test Description:	"TC052 -Policy- Perform Add Policy with InValid data"
################################################################################################################################################
2023-01-22 15:42:25.439 &amp#27;[32m INFO&amp#27;[m &amp#27;[35m[@503 - main]&amp#27;[m &amp#27;[36mcom.shaft.tools.io.ReportManager&amp#27;[m : File Action "DoesFileExist" successfully performed. With the following test data "File Path: "SteeringCompanyAPI_TestData/SteeringCompanyAPI_TestData.xlsx"".
2023-01-22 15:42:25.467 &amp#27;[32m INFO&amp#27;[m &amp#27;[35m[@503 - main]&amp#27;[m &amp#27;[36mcom.shaft.tools.io.ReportManager&amp#27;[m : Successfully created attachment "Test Data - Excel"
2023-01-22 15:42:26.160 &amp#27;[32m INFO&amp#27;[m &amp#27;[35m[@503 - main]&amp#27;[m &amp#27;[36mcom.shaft.tools.io.ReportManager&amp#27;[m : Response status code: "200", status line: "HTTP/1.1 200 OK"
2023-01-22 15:42:26.177 &amp#27;[32m INFO&amp#27;[m &amp#27;[35m[@503 - main]&amp#27;[m &amp#27;[36mcom.shaft.tools.io.ReportManager&amp#27;[m : Successfully created attachment "API Request - Specifications"
2023-01-22 15:42:26.178 &amp#27;[32m INFO&amp#27;[m &amp#27;[35m[@503 - main]&amp#27;[m &amp#27;[36mcom.shaft.tools.io.ReportManager&amp#27;[m : Successfully created attachment "API Request - Body"
2023-01-22 15:42:26.179 &amp#27;[32m INFO&amp#27;[m &amp#27;[35m[@503 - main]&amp#27;[m &amp#27;[36mcom.shaft.tools.io.ReportManager&amp#27;[m : Successfully created attachment "API Response - JSON Body"
2023-01-22 15:42:26.187 &amp#27;[32m INFO&amp#27;[m &amp#27;[35m[@503 - main]&amp#27;[m &amp#27;[36mcom.shaft.tools.io.ReportManager&amp#27;[m : File Action "DoesFileExist" successfully performed. With the following test data "File Path: "SteeringCompanyAPI_TestData/SteeringCompanyAPI_TestData.xlsx"".
2023-01-22 15:42:26.211 &amp#27;[32m INFO&amp#27;[m &amp#27;[35m[@503 - main]&amp#27;[m &amp#27;[36mcom.shaft.tools.io.ReportManager&amp#27;[m : Successfully created attachment "Test Data - Excel"
2023-01-22 15:42:26.212 &amp#27;[32m INFO&amp#27;[m &amp#27;[35m[@503 - main]&amp#27;[m &amp#27;[36mcom.shaft.tools.io.ReportManager&amp#27;[m : File Action "DoesFileExist" successfully performed. With the following test data "File Path: "SteeringCompanyAPI_TestData/SteeringCompanyAPI_TestData.xlsx"".
2023-01-22 15:42:26.235 &amp#27;[32m INFO&amp#27;[m &amp#27;[35m[@503 - main]&amp#27;[m &amp#27;[36mcom.shaft.tools.io.ReportManager&amp#27;[m : Successfully created attachment "Test Data - Excel"
2023-01-22 15:42:26.235 &amp#27;[32m INFO&amp#27;[m &amp#27;[35m[@503 - main]&amp#27;[m &amp#27;[36mcom.shaft.tools.io.ReportManager&amp#27;[m : File Action "DoesFileExist" successfully performed. With the following test data "File Path: "SteeringCompanyAPI_TestData/SteeringCompanyAPI_TestData.xlsx"".
2023-01-22 15:42:26.261 &amp#27;[32m INFO&amp#27;[m &amp#27;[35m[@503 - main]&amp#27;[m &amp#27;[36mcom.shaft.tools.io.ReportManager&amp#27;[m : Successfully created attachment "Test Data - Excel"
2023-01-22 15:42:26.742 &amp#27;[32m INFO&amp#27;[m &amp#27;[35m[@503 - main]&amp#27;[m &amp#27;[36mcom.shaft.tools.io.ReportManager&amp#27;[m : Response status code: "422", status line: "HTTP/1.1 422 "
2023-01-22 15:42:26.757 &amp#27;[32m INFO&amp#27;[m &amp#27;[35m[@503 - main]&amp#27;[m &amp#27;[36mcom.shaft.tools.io.ReportManager&amp#27;[m : Successfully created attachment "API Request - Specifications"
2023-01-22 15:42:26.758 &amp#27;[32m INFO&amp#27;[m &amp#27;[35m[@503 - main]&amp#27;[m &amp#27;[36mcom.shaft.tools.io.ReportManager&amp#27;[m : Successfully created attachment "API Request - JSON Body"
2023-01-22 15:42:26.758 &amp#27;[32m INFO&amp#27;[m &amp#27;[35m[@503 - main]&amp#27;[m &amp#27;[36mcom.shaft.tools.io.ReportManager&amp#27;[m : Successfully created attachment "API Response - JSON Body"
2023-01-22 15:42:26.759 &amp#27;[32m INFO&amp#27;[m &amp#27;[35m[@503 - main]&amp#27;[m &amp#27;[36mcom.shaft.tools.io.ReportManager&amp#27;[m : File Action "DoesFileExist" successfully performed. With the following test data "File Path: "Schemas/ValidationError_schema.json"".
2023-01-22 15:42:26.759 &amp#27;[32m INFO&amp#27;[m &amp#27;[35m[@503 - main]&amp#27;[m &amp#27;[36mcom.shaft.tools.io.ReportManager&amp#27;[m : File Action "DoesFileExist" successfully performed. With the following test data "File Path: "src/test/resources/testDataFiles/Schemas/ValidationError_schema.json"".
2023-01-22 15:42:26.760 &amp#27;[32m INFO&amp#27;[m &amp#27;[35m[@503 - main]&amp#27;[m &amp#27;[36mcom.shaft.tools.io.ReportManager&amp#27;[m : File Action "GetAbsolutePath" successfully performed. With the following test data "Relative Folder Path: "src/test/resources/testDataFiles/Schemas/ValidationError_schema.json"".
2023-01-22 15:42:26.763 &amp#27;[32m INFO&amp#27;[m &amp#27;[35m[@503 - main]&amp#27;[m &amp#27;[36mcom.shaft.tools.io.ReportManager&amp#27;[m : File Action "DoesFileExist" successfully performed. With the following test data "File Path: "C:\eclipse-workspace\MyProjects\TASystemsAPIs\src\test\resources\testDataFiles\Schemas\ValidationError_schema.json"".
2023-01-22 15:42:26.764 &amp#27;[32m INFO&amp#27;[m &amp#27;[35m[@503 - main]&amp#27;[m &amp#27;[36mcom.shaft.tools.io.ReportManager&amp#27;[m : File Action "GetAbsolutePath" successfully performed. With the following test data "Relative Folder Path: "C:\eclipse-workspace\MyProjects\TASystemsAPIs\src\test\resources\testDataFiles\Schemas\ValidationError_schema.json"".
2023-01-22 15:42:26.764 &amp#27;[32m INFO&amp#27;[m &amp#27;[35m[@503 - main]&amp#27;[m &amp#27;[36mcom.shaft.tools.io.ReportManager&amp#27;[m : File Action "ReadFile" successfully performed. With the following test data "File Path: "C:\eclipse-workspace\MyProjects\TASystemsAPIs\src\test\resources\testDataFiles\Schemas\ValidationError_schema.json"".
2023-01-22 15:42:26.767 &amp#27;[32m INFO&amp#27;[m &amp#27;[35m[@503 - main]&amp#27;[m &amp#27;[36mcom.shaft.tools.io.ReportManager&amp#27;[m : Successfully created attachment "Validation Test Data - Expected JSON Value"
2023-01-22 15:42:26.768 &amp#27;[32m INFO&amp#27;[m &amp#27;[35m[@503 - main]&amp#27;[m &amp#27;[36mcom.shaft.tools.io.ReportManager&amp#27;[m : Successfully created attachment "Validation Test Data - Actual JSON Value"
2023-01-22 15:42:26.769 &amp#27;[32m INFO&amp#27;[m &amp#27;[35m[@503 - main]&amp#27;[m &amp#27;[36mcom.shaft.tools.io.ReportManager&amp#27;[m : Successfully created attachment "SHAFT Engine Logs - Current Method log: Add_Policy_With_InValid_data_TC"
]]></system-out>
  </testcase>
  <testcase name="Add_Policy_With_InValid_data_TC[[Ljava.lang.Object;@1558d4ea](48)" classname="SteeringCompanyAPI_TestCases.Test_Policies_Cases" time="1.245">
    <system-out><![CDATA[2023-01-22 15:42:26.772 &amp#27;[32m INFO&amp#27;[m &amp#27;[35m[@534 - main]&amp#27;[m &amp#27;[36mcom.shaft.tools.io.ReportManager&amp#27;[m : 
################################################################################################################################################
Starting Execution:	"56 out of 70" test cases in the current suite
Test Method:		"SteeringCompanyAPI_TestCases.Test_Policies_Cases.Add_Policy_With_InValid_data_TC"
Test Description:	"TC052 -Policy- Perform Add Policy with InValid data"
################################################################################################################################################
2023-01-22 15:42:26.773 &amp#27;[32m INFO&amp#27;[m &amp#27;[35m[@503 - main]&amp#27;[m &amp#27;[36mcom.shaft.tools.io.ReportManager&amp#27;[m : File Action "DoesFileExist" successfully performed. With the following test data "File Path: "SteeringCompanyAPI_TestData/SteeringCompanyAPI_TestData.xlsx"".
2023-01-22 15:42:26.802 &amp#27;[32m INFO&amp#27;[m &amp#27;[35m[@503 - main]&amp#27;[m &amp#27;[36mcom.shaft.tools.io.ReportManager&amp#27;[m : Successfully created attachment "Test Data - Excel"
2023-01-22 15:42:27.409 &amp#27;[32m INFO&amp#27;[m &amp#27;[35m[@503 - main]&amp#27;[m &amp#27;[36mcom.shaft.tools.io.ReportManager&amp#27;[m : Response status code: "200", status line: "HTTP/1.1 200 OK"
2023-01-22 15:42:27.423 &amp#27;[32m INFO&amp#27;[m &amp#27;[35m[@503 - main]&amp#27;[m &amp#27;[36mcom.shaft.tools.io.ReportManager&amp#27;[m : Successfully created attachment "API Request - Specifications"
2023-01-22 15:42:27.423 &amp#27;[32m INFO&amp#27;[m &amp#27;[35m[@503 - main]&amp#27;[m &amp#27;[36mcom.shaft.tools.io.ReportManager&amp#27;[m : Successfully created attachment "API Request - Body"
2023-01-22 15:42:27.424 &amp#27;[32m INFO&amp#27;[m &amp#27;[35m[@503 - main]&amp#27;[m &amp#27;[36mcom.shaft.tools.io.ReportManager&amp#27;[m : Successfully created attachment "API Response - JSON Body"
2023-01-22 15:42:27.434 &amp#27;[32m INFO&amp#27;[m &amp#27;[35m[@503 - main]&amp#27;[m &amp#27;[36mcom.shaft.tools.io.ReportManager&amp#27;[m : File Action "DoesFileExist" successfully performed. With the following test data "File Path: "SteeringCompanyAPI_TestData/SteeringCompanyAPI_TestData.xlsx"".
2023-01-22 15:42:27.462 &amp#27;[32m INFO&amp#27;[m &amp#27;[35m[@503 - main]&amp#27;[m &amp#27;[36mcom.shaft.tools.io.ReportManager&amp#27;[m : Successfully created attachment "Test Data - Excel"
2023-01-22 15:42:27.463 &amp#27;[32m INFO&amp#27;[m &amp#27;[35m[@503 - main]&amp#27;[m &amp#27;[36mcom.shaft.tools.io.ReportManager&amp#27;[m : File Action "DoesFileExist" successfully performed. With the following test data "File Path: "SteeringCompanyAPI_TestData/SteeringCompanyAPI_TestData.xlsx"".
2023-01-22 15:42:27.489 &amp#27;[32m INFO&amp#27;[m &amp#27;[35m[@503 - main]&amp#27;[m &amp#27;[36mcom.shaft.tools.io.ReportManager&amp#27;[m : Successfully created attachment "Test Data - Excel"
2023-01-22 15:42:27.489 &amp#27;[32m INFO&amp#27;[m &amp#27;[35m[@503 - main]&amp#27;[m &amp#27;[36mcom.shaft.tools.io.ReportManager&amp#27;[m : File Action "DoesFileExist" successfully performed. With the following test data "File Path: "SteeringCompanyAPI_TestData/SteeringCompanyAPI_TestData.xlsx"".
2023-01-22 15:42:27.516 &amp#27;[32m INFO&amp#27;[m &amp#27;[35m[@503 - main]&amp#27;[m &amp#27;[36mcom.shaft.tools.io.ReportManager&amp#27;[m : Successfully created attachment "Test Data - Excel"
2023-01-22 15:42:27.981 &amp#27;[32m INFO&amp#27;[m &amp#27;[35m[@503 - main]&amp#27;[m &amp#27;[36mcom.shaft.tools.io.ReportManager&amp#27;[m : Response status code: "422", status line: "HTTP/1.1 422 "
2023-01-22 15:42:27.998 &amp#27;[32m INFO&amp#27;[m &amp#27;[35m[@503 - main]&amp#27;[m &amp#27;[36mcom.shaft.tools.io.ReportManager&amp#27;[m : Successfully created attachment "API Request - Specifications"
2023-01-22 15:42:28.000 &amp#27;[32m INFO&amp#27;[m &amp#27;[35m[@503 - main]&amp#27;[m &amp#27;[36mcom.shaft.tools.io.ReportManager&amp#27;[m : Successfully created attachment "API Request - JSON Body"
2023-01-22 15:42:28.003 &amp#27;[32m INFO&amp#27;[m &amp#27;[35m[@503 - main]&amp#27;[m &amp#27;[36mcom.shaft.tools.io.ReportManager&amp#27;[m : Successfully created attachment "API Response - JSON Body"
2023-01-22 15:42:28.004 &amp#27;[32m INFO&amp#27;[m &amp#27;[35m[@503 - main]&amp#27;[m &amp#27;[36mcom.shaft.tools.io.ReportManager&amp#27;[m : File Action "DoesFileExist" successfully performed. With the following test data "File Path: "Schemas/ValidationError_schema.json"".
2023-01-22 15:42:28.004 &amp#27;[32m INFO&amp#27;[m &amp#27;[35m[@503 - main]&amp#27;[m &amp#27;[36mcom.shaft.tools.io.ReportManager&amp#27;[m : File Action "DoesFileExist" successfully performed. With the following test data "File Path: "src/test/resources/testDataFiles/Schemas/ValidationError_schema.json"".
2023-01-22 15:42:28.004 &amp#27;[32m INFO&amp#27;[m &amp#27;[35m[@503 - main]&amp#27;[m &amp#27;[36mcom.shaft.tools.io.ReportManager&amp#27;[m : File Action "GetAbsolutePath" successfully performed. With the following test data "Relative Folder Path: "src/test/resources/testDataFiles/Schemas/ValidationError_schema.json"".
2023-01-22 15:42:28.007 &amp#27;[32m INFO&amp#27;[m &amp#27;[35m[@503 - main]&amp#27;[m &amp#27;[36mcom.shaft.tools.io.ReportManager&amp#27;[m : File Action "DoesFileExist" successfully performed. With the following test data "File Path: "C:\eclipse-workspace\MyProjects\TASystemsAPIs\src\test\resources\testDataFiles\Schemas\ValidationError_schema.json"".
2023-01-22 15:42:28.007 &amp#27;[32m INFO&amp#27;[m &amp#27;[35m[@503 - main]&amp#27;[m &amp#27;[36mcom.shaft.tools.io.ReportManager&amp#27;[m : File Action "GetAbsolutePath" successfully performed. With the following test data "Relative Folder Path: "C:\eclipse-workspace\MyProjects\TASystemsAPIs\src\test\resources\testDataFiles\Schemas\ValidationError_schema.json"".
2023-01-22 15:42:28.007 &amp#27;[32m INFO&amp#27;[m &amp#27;[35m[@503 - main]&amp#27;[m &amp#27;[36mcom.shaft.tools.io.ReportManager&amp#27;[m : File Action "ReadFile" successfully performed. With the following test data "File Path: "C:\eclipse-workspace\MyProjects\TASystemsAPIs\src\test\resources\testDataFiles\Schemas\ValidationError_schema.json"".
2023-01-22 15:42:28.008 &amp#27;[32m INFO&amp#27;[m &amp#27;[35m[@503 - main]&amp#27;[m &amp#27;[36mcom.shaft.tools.io.ReportManager&amp#27;[m : Successfully created attachment "Validation Test Data - Expected JSON Value"
2023-01-22 15:42:28.010 &amp#27;[32m INFO&amp#27;[m &amp#27;[35m[@503 - main]&amp#27;[m &amp#27;[36mcom.shaft.tools.io.ReportManager&amp#27;[m : Successfully created attachment "Validation Test Data - Actual JSON Value"
2023-01-22 15:42:28.013 &amp#27;[32m INFO&amp#27;[m &amp#27;[35m[@503 - main]&amp#27;[m &amp#27;[36mcom.shaft.tools.io.ReportManager&amp#27;[m : Successfully created attachment "SHAFT Engine Logs - Current Method log: Add_Policy_With_InValid_data_TC"
]]></system-out>
  </testcase>
  <testcase name="Add_Policy_With_InValid_data_TC[[Ljava.lang.Object;@2f873ee5](49)" classname="SteeringCompanyAPI_TestCases.Test_Policies_Cases" time="1.227">
    <system-out><![CDATA[2023-01-22 15:42:28.017 &amp#27;[32m INFO&amp#27;[m &amp#27;[35m[@534 - main]&amp#27;[m &amp#27;[36mcom.shaft.tools.io.ReportManager&amp#27;[m : 
################################################################################################################################################
Starting Execution:	"57 out of 70" test cases in the current suite
Test Method:		"SteeringCompanyAPI_TestCases.Test_Policies_Cases.Add_Policy_With_InValid_data_TC"
Test Description:	"TC052 -Policy- Perform Add Policy with InValid data"
################################################################################################################################################
2023-01-22 15:42:28.018 &amp#27;[32m INFO&amp#27;[m &amp#27;[35m[@503 - main]&amp#27;[m &amp#27;[36mcom.shaft.tools.io.ReportManager&amp#27;[m : File Action "DoesFileExist" successfully performed. With the following test data "File Path: "SteeringCompanyAPI_TestData/SteeringCompanyAPI_TestData.xlsx"".
2023-01-22 15:42:28.044 &amp#27;[32m INFO&amp#27;[m &amp#27;[35m[@503 - main]&amp#27;[m &amp#27;[36mcom.shaft.tools.io.ReportManager&amp#27;[m : Successfully created attachment "Test Data - Excel"
2023-01-22 15:42:28.641 &amp#27;[32m INFO&amp#27;[m &amp#27;[35m[@503 - main]&amp#27;[m &amp#27;[36mcom.shaft.tools.io.ReportManager&amp#27;[m : Response status code: "200", status line: "HTTP/1.1 200 OK"
2023-01-22 15:42:28.652 &amp#27;[32m INFO&amp#27;[m &amp#27;[35m[@503 - main]&amp#27;[m &amp#27;[36mcom.shaft.tools.io.ReportManager&amp#27;[m : Successfully created attachment "API Request - Specifications"
2023-01-22 15:42:28.653 &amp#27;[32m INFO&amp#27;[m &amp#27;[35m[@503 - main]&amp#27;[m &amp#27;[36mcom.shaft.tools.io.ReportManager&amp#27;[m : Successfully created attachment "API Request - Body"
2023-01-22 15:42:28.653 &amp#27;[32m INFO&amp#27;[m &amp#27;[35m[@503 - main]&amp#27;[m &amp#27;[36mcom.shaft.tools.io.ReportManager&amp#27;[m : Successfully created attachment "API Response - JSON Body"
2023-01-22 15:42:28.662 &amp#27;[32m INFO&amp#27;[m &amp#27;[35m[@503 - main]&amp#27;[m &amp#27;[36mcom.shaft.tools.io.ReportManager&amp#27;[m : File Action "DoesFileExist" successfully performed. With the following test data "File Path: "SteeringCompanyAPI_TestData/SteeringCompanyAPI_TestData.xlsx"".
2023-01-22 15:42:28.692 &amp#27;[32m INFO&amp#27;[m &amp#27;[35m[@503 - main]&amp#27;[m &amp#27;[36mcom.shaft.tools.io.ReportManager&amp#27;[m : Successfully created attachment "Test Data - Excel"
2023-01-22 15:42:28.693 &amp#27;[32m INFO&amp#27;[m &amp#27;[35m[@503 - main]&amp#27;[m &amp#27;[36mcom.shaft.tools.io.ReportManager&amp#27;[m : File Action "DoesFileExist" successfully performed. With the following test data "File Path: "SteeringCompanyAPI_TestData/SteeringCompanyAPI_TestData.xlsx"".
2023-01-22 15:42:28.725 &amp#27;[32m INFO&amp#27;[m &amp#27;[35m[@503 - main]&amp#27;[m &amp#27;[36mcom.shaft.tools.io.ReportManager&amp#27;[m : Successfully created attachment "Test Data - Excel"
2023-01-22 15:42:28.725 &amp#27;[32m INFO&amp#27;[m &amp#27;[35m[@503 - main]&amp#27;[m &amp#27;[36mcom.shaft.tools.io.ReportManager&amp#27;[m : File Action "DoesFileExist" successfully performed. With the following test data "File Path: "SteeringCompanyAPI_TestData/SteeringCompanyAPI_TestData.xlsx"".
2023-01-22 15:42:28.756 &amp#27;[32m INFO&amp#27;[m &amp#27;[35m[@503 - main]&amp#27;[m &amp#27;[36mcom.shaft.tools.io.ReportManager&amp#27;[m : Successfully created attachment "Test Data - Excel"
2023-01-22 15:42:29.221 &amp#27;[32m INFO&amp#27;[m &amp#27;[35m[@503 - main]&amp#27;[m &amp#27;[36mcom.shaft.tools.io.ReportManager&amp#27;[m : Response status code: "422", status line: "HTTP/1.1 422 "
2023-01-22 15:42:29.235 &amp#27;[32m INFO&amp#27;[m &amp#27;[35m[@503 - main]&amp#27;[m &amp#27;[36mcom.shaft.tools.io.ReportManager&amp#27;[m : Successfully created attachment "API Request - Specifications"
2023-01-22 15:42:29.235 &amp#27;[32m INFO&amp#27;[m &amp#27;[35m[@503 - main]&amp#27;[m &amp#27;[36mcom.shaft.tools.io.ReportManager&amp#27;[m : Successfully created attachment "API Request - JSON Body"
2023-01-22 15:42:29.236 &amp#27;[32m INFO&amp#27;[m &amp#27;[35m[@503 - main]&amp#27;[m &amp#27;[36mcom.shaft.tools.io.ReportManager&amp#27;[m : Successfully created attachment "API Response - JSON Body"
2023-01-22 15:42:29.237 &amp#27;[32m INFO&amp#27;[m &amp#27;[35m[@503 - main]&amp#27;[m &amp#27;[36mcom.shaft.tools.io.ReportManager&amp#27;[m : File Action "DoesFileExist" successfully performed. With the following test data "File Path: "Schemas/ValidationError_schema.json"".
2023-01-22 15:42:29.237 &amp#27;[32m INFO&amp#27;[m &amp#27;[35m[@503 - main]&amp#27;[m &amp#27;[36mcom.shaft.tools.io.ReportManager&amp#27;[m : File Action "DoesFileExist" successfully performed. With the following test data "File Path: "src/test/resources/testDataFiles/Schemas/ValidationError_schema.json"".
2023-01-22 15:42:29.237 &amp#27;[32m INFO&amp#27;[m &amp#27;[35m[@503 - main]&amp#27;[m &amp#27;[36mcom.shaft.tools.io.ReportManager&amp#27;[m : File Action "GetAbsolutePath" successfully performed. With the following test data "Relative Folder Path: "src/test/resources/testDataFiles/Schemas/ValidationError_schema.json"".
2023-01-22 15:42:29.239 &amp#27;[32m INFO&amp#27;[m &amp#27;[35m[@503 - main]&amp#27;[m &amp#27;[36mcom.shaft.tools.io.ReportManager&amp#27;[m : File Action "DoesFileExist" successfully performed. With the following test data "File Path: "C:\eclipse-workspace\MyProjects\TASystemsAPIs\src\test\resources\testDataFiles\Schemas\ValidationError_schema.json"".
2023-01-22 15:42:29.240 &amp#27;[32m INFO&amp#27;[m &amp#27;[35m[@503 - main]&amp#27;[m &amp#27;[36mcom.shaft.tools.io.ReportManager&amp#27;[m : File Action "GetAbsolutePath" successfully performed. With the following test data "Relative Folder Path: "C:\eclipse-workspace\MyProjects\TASystemsAPIs\src\test\resources\testDataFiles\Schemas\ValidationError_schema.json"".
2023-01-22 15:42:29.240 &amp#27;[32m INFO&amp#27;[m &amp#27;[35m[@503 - main]&amp#27;[m &amp#27;[36mcom.shaft.tools.io.ReportManager&amp#27;[m : File Action "ReadFile" successfully performed. With the following test data "File Path: "C:\eclipse-workspace\MyProjects\TASystemsAPIs\src\test\resources\testDataFiles\Schemas\ValidationError_schema.json"".
2023-01-22 15:42:29.241 &amp#27;[32m INFO&amp#27;[m &amp#27;[35m[@503 - main]&amp#27;[m &amp#27;[36mcom.shaft.tools.io.ReportManager&amp#27;[m : Successfully created attachment "Validation Test Data - Expected JSON Value"
2023-01-22 15:42:29.242 &amp#27;[32m INFO&amp#27;[m &amp#27;[35m[@503 - main]&amp#27;[m &amp#27;[36mcom.shaft.tools.io.ReportManager&amp#27;[m : Successfully created attachment "Validation Test Data - Actual JSON Value"
2023-01-22 15:42:29.242 &amp#27;[32m INFO&amp#27;[m &amp#27;[35m[@503 - main]&amp#27;[m &amp#27;[36mcom.shaft.tools.io.ReportManager&amp#27;[m : Successfully created attachment "SHAFT Engine Logs - Current Method log: Add_Policy_With_InValid_data_TC"
]]></system-out>
  </testcase>
  <testcase name="Add_Policy_With_InValid_data_TC[[Ljava.lang.Object;@5b1e62a9](50)" classname="SteeringCompanyAPI_TestCases.Test_Policies_Cases" time="1.232">
    <system-out><![CDATA[2023-01-22 15:42:29.244 &amp#27;[32m INFO&amp#27;[m &amp#27;[35m[@534 - main]&amp#27;[m &amp#27;[36mcom.shaft.tools.io.ReportManager&amp#27;[m : 
################################################################################################################################################
Starting Execution:	"58 out of 70" test cases in the current suite
Test Method:		"SteeringCompanyAPI_TestCases.Test_Policies_Cases.Add_Policy_With_InValid_data_TC"
Test Description:	"TC052 -Policy- Perform Add Policy with InValid data"
################################################################################################################################################
2023-01-22 15:42:29.244 &amp#27;[32m INFO&amp#27;[m &amp#27;[35m[@503 - main]&amp#27;[m &amp#27;[36mcom.shaft.tools.io.ReportManager&amp#27;[m : File Action "DoesFileExist" successfully performed. With the following test data "File Path: "SteeringCompanyAPI_TestData/SteeringCompanyAPI_TestData.xlsx"".
2023-01-22 15:42:29.268 &amp#27;[32m INFO&amp#27;[m &amp#27;[35m[@503 - main]&amp#27;[m &amp#27;[36mcom.shaft.tools.io.ReportManager&amp#27;[m : Successfully created attachment "Test Data - Excel"
2023-01-22 15:42:29.861 &amp#27;[32m INFO&amp#27;[m &amp#27;[35m[@503 - main]&amp#27;[m &amp#27;[36mcom.shaft.tools.io.ReportManager&amp#27;[m : Response status code: "200", status line: "HTTP/1.1 200 OK"
2023-01-22 15:42:29.877 &amp#27;[32m INFO&amp#27;[m &amp#27;[35m[@503 - main]&amp#27;[m &amp#27;[36mcom.shaft.tools.io.ReportManager&amp#27;[m : Successfully created attachment "API Request - Specifications"
2023-01-22 15:42:29.878 &amp#27;[32m INFO&amp#27;[m &amp#27;[35m[@503 - main]&amp#27;[m &amp#27;[36mcom.shaft.tools.io.ReportManager&amp#27;[m : Successfully created attachment "API Request - Body"
2023-01-22 15:42:29.878 &amp#27;[32m INFO&amp#27;[m &amp#27;[35m[@503 - main]&amp#27;[m &amp#27;[36mcom.shaft.tools.io.ReportManager&amp#27;[m : Successfully created attachment "API Response - JSON Body"
2023-01-22 15:42:29.889 &amp#27;[32m INFO&amp#27;[m &amp#27;[35m[@503 - main]&amp#27;[m &amp#27;[36mcom.shaft.tools.io.ReportManager&amp#27;[m : File Action "DoesFileExist" successfully performed. With the following test data "File Path: "SteeringCompanyAPI_TestData/SteeringCompanyAPI_TestData.xlsx"".
2023-01-22 15:42:29.921 &amp#27;[32m INFO&amp#27;[m &amp#27;[35m[@503 - main]&amp#27;[m &amp#27;[36mcom.shaft.tools.io.ReportManager&amp#27;[m : Successfully created attachment "Test Data - Excel"
2023-01-22 15:42:29.921 &amp#27;[32m INFO&amp#27;[m &amp#27;[35m[@503 - main]&amp#27;[m &amp#27;[36mcom.shaft.tools.io.ReportManager&amp#27;[m : File Action "DoesFileExist" successfully performed. With the following test data "File Path: "SteeringCompanyAPI_TestData/SteeringCompanyAPI_TestData.xlsx"".
2023-01-22 15:42:29.951 &amp#27;[32m INFO&amp#27;[m &amp#27;[35m[@503 - main]&amp#27;[m &amp#27;[36mcom.shaft.tools.io.ReportManager&amp#27;[m : Successfully created attachment "Test Data - Excel"
2023-01-22 15:42:29.951 &amp#27;[32m INFO&amp#27;[m &amp#27;[35m[@503 - main]&amp#27;[m &amp#27;[36mcom.shaft.tools.io.ReportManager&amp#27;[m : File Action "DoesFileExist" successfully performed. With the following test data "File Path: "SteeringCompanyAPI_TestData/SteeringCompanyAPI_TestData.xlsx"".
2023-01-22 15:42:29.997 &amp#27;[32m INFO&amp#27;[m &amp#27;[35m[@503 - main]&amp#27;[m &amp#27;[36mcom.shaft.tools.io.ReportManager&amp#27;[m : Successfully created attachment "Test Data - Excel"
2023-01-22 15:42:30.447 &amp#27;[32m INFO&amp#27;[m &amp#27;[35m[@503 - main]&amp#27;[m &amp#27;[36mcom.shaft.tools.io.ReportManager&amp#27;[m : Response status code: "422", status line: "HTTP/1.1 422 "
2023-01-22 15:42:30.461 &amp#27;[32m INFO&amp#27;[m &amp#27;[35m[@503 - main]&amp#27;[m &amp#27;[36mcom.shaft.tools.io.ReportManager&amp#27;[m : Successfully created attachment "API Request - Specifications"
2023-01-22 15:42:30.463 &amp#27;[32m INFO&amp#27;[m &amp#27;[35m[@503 - main]&amp#27;[m &amp#27;[36mcom.shaft.tools.io.ReportManager&amp#27;[m : Successfully created attachment "API Request - JSON Body"
2023-01-22 15:42:30.466 &amp#27;[32m INFO&amp#27;[m &amp#27;[35m[@503 - main]&amp#27;[m &amp#27;[36mcom.shaft.tools.io.ReportManager&amp#27;[m : Successfully created attachment "API Response - JSON Body"
2023-01-22 15:42:30.467 &amp#27;[32m INFO&amp#27;[m &amp#27;[35m[@503 - main]&amp#27;[m &amp#27;[36mcom.shaft.tools.io.ReportManager&amp#27;[m : File Action "DoesFileExist" successfully performed. With the following test data "File Path: "Schemas/ValidationError_schema.json"".
2023-01-22 15:42:30.467 &amp#27;[32m INFO&amp#27;[m &amp#27;[35m[@503 - main]&amp#27;[m &amp#27;[36mcom.shaft.tools.io.ReportManager&amp#27;[m : File Action "DoesFileExist" successfully performed. With the following test data "File Path: "src/test/resources/testDataFiles/Schemas/ValidationError_schema.json"".
2023-01-22 15:42:30.467 &amp#27;[32m INFO&amp#27;[m &amp#27;[35m[@503 - main]&amp#27;[m &amp#27;[36mcom.shaft.tools.io.ReportManager&amp#27;[m : File Action "GetAbsolutePath" successfully performed. With the following test data "Relative Folder Path: "src/test/resources/testDataFiles/Schemas/ValidationError_schema.json"".
2023-01-22 15:42:30.470 &amp#27;[32m INFO&amp#27;[m &amp#27;[35m[@503 - main]&amp#27;[m &amp#27;[36mcom.shaft.tools.io.ReportManager&amp#27;[m : File Action "DoesFileExist" successfully performed. With the following test data "File Path: "C:\eclipse-workspace\MyProjects\TASystemsAPIs\src\test\resources\testDataFiles\Schemas\ValidationError_schema.json"".
2023-01-22 15:42:30.471 &amp#27;[32m INFO&amp#27;[m &amp#27;[35m[@503 - main]&amp#27;[m &amp#27;[36mcom.shaft.tools.io.ReportManager&amp#27;[m : File Action "GetAbsolutePath" successfully performed. With the following test data "Relative Folder Path: "C:\eclipse-workspace\MyProjects\TASystemsAPIs\src\test\resources\testDataFiles\Schemas\ValidationError_schema.json"".
2023-01-22 15:42:30.471 &amp#27;[32m INFO&amp#27;[m &amp#27;[35m[@503 - main]&amp#27;[m &amp#27;[36mcom.shaft.tools.io.ReportManager&amp#27;[m : File Action "ReadFile" successfully performed. With the following test data "File Path: "C:\eclipse-workspace\MyProjects\TASystemsAPIs\src\test\resources\testDataFiles\Schemas\ValidationError_schema.json"".
2023-01-22 15:42:30.472 &amp#27;[32m INFO&amp#27;[m &amp#27;[35m[@503 - main]&amp#27;[m &amp#27;[36mcom.shaft.tools.io.ReportManager&amp#27;[m : Successfully created attachment "Validation Test Data - Expected JSON Value"
2023-01-22 15:42:30.473 &amp#27;[32m INFO&amp#27;[m &amp#27;[35m[@503 - main]&amp#27;[m &amp#27;[36mcom.shaft.tools.io.ReportManager&amp#27;[m : Successfully created attachment "Validation Test Data - Actual JSON Value"
2023-01-22 15:42:30.474 &amp#27;[32m INFO&amp#27;[m &amp#27;[35m[@503 - main]&amp#27;[m &amp#27;[36mcom.shaft.tools.io.ReportManager&amp#27;[m : Successfully created attachment "SHAFT Engine Logs - Current Method log: Add_Policy_With_InValid_data_TC"
]]></system-out>
  </testcase>
  <testcase name="Add_Policy_With_InValid_data_TC[[Ljava.lang.Object;@7c6737d4](51)" classname="SteeringCompanyAPI_TestCases.Test_Policies_Cases" time="1.36">
    <system-out><![CDATA[2023-01-22 15:42:30.476 &amp#27;[32m INFO&amp#27;[m &amp#27;[35m[@534 - main]&amp#27;[m &amp#27;[36mcom.shaft.tools.io.ReportManager&amp#27;[m : 
################################################################################################################################################
Starting Execution:	"59 out of 70" test cases in the current suite
Test Method:		"SteeringCompanyAPI_TestCases.Test_Policies_Cases.Add_Policy_With_InValid_data_TC"
Test Description:	"TC052 -Policy- Perform Add Policy with InValid data"
################################################################################################################################################
2023-01-22 15:42:30.477 &amp#27;[32m INFO&amp#27;[m &amp#27;[35m[@503 - main]&amp#27;[m &amp#27;[36mcom.shaft.tools.io.ReportManager&amp#27;[m : File Action "DoesFileExist" successfully performed. With the following test data "File Path: "SteeringCompanyAPI_TestData/SteeringCompanyAPI_TestData.xlsx"".
2023-01-22 15:42:30.506 &amp#27;[32m INFO&amp#27;[m &amp#27;[35m[@503 - main]&amp#27;[m &amp#27;[36mcom.shaft.tools.io.ReportManager&amp#27;[m : Successfully created attachment "Test Data - Excel"
2023-01-22 15:42:31.128 &amp#27;[32m INFO&amp#27;[m &amp#27;[35m[@503 - main]&amp#27;[m &amp#27;[36mcom.shaft.tools.io.ReportManager&amp#27;[m : Response status code: "200", status line: "HTTP/1.1 200 OK"
2023-01-22 15:42:31.139 &amp#27;[32m INFO&amp#27;[m &amp#27;[35m[@503 - main]&amp#27;[m &amp#27;[36mcom.shaft.tools.io.ReportManager&amp#27;[m : Successfully created attachment "API Request - Specifications"
2023-01-22 15:42:31.140 &amp#27;[32m INFO&amp#27;[m &amp#27;[35m[@503 - main]&amp#27;[m &amp#27;[36mcom.shaft.tools.io.ReportManager&amp#27;[m : Successfully created attachment "API Request - Body"
2023-01-22 15:42:31.143 &amp#27;[32m INFO&amp#27;[m &amp#27;[35m[@503 - main]&amp#27;[m &amp#27;[36mcom.shaft.tools.io.ReportManager&amp#27;[m : Successfully created attachment "API Response - JSON Body"
2023-01-22 15:42:31.155 &amp#27;[32m INFO&amp#27;[m &amp#27;[35m[@503 - main]&amp#27;[m &amp#27;[36mcom.shaft.tools.io.ReportManager&amp#27;[m : File Action "DoesFileExist" successfully performed. With the following test data "File Path: "SteeringCompanyAPI_TestData/SteeringCompanyAPI_TestData.xlsx"".
2023-01-22 15:42:31.192 &amp#27;[32m INFO&amp#27;[m &amp#27;[35m[@503 - main]&amp#27;[m &amp#27;[36mcom.shaft.tools.io.ReportManager&amp#27;[m : Successfully created attachment "Test Data - Excel"
2023-01-22 15:42:31.193 &amp#27;[32m INFO&amp#27;[m &amp#27;[35m[@503 - main]&amp#27;[m &amp#27;[36mcom.shaft.tools.io.ReportManager&amp#27;[m : File Action "DoesFileExist" successfully performed. With the following test data "File Path: "SteeringCompanyAPI_TestData/SteeringCompanyAPI_TestData.xlsx"".
2023-01-22 15:42:31.222 &amp#27;[32m INFO&amp#27;[m &amp#27;[35m[@503 - main]&amp#27;[m &amp#27;[36mcom.shaft.tools.io.ReportManager&amp#27;[m : Successfully created attachment "Test Data - Excel"
2023-01-22 15:42:31.223 &amp#27;[32m INFO&amp#27;[m &amp#27;[35m[@503 - main]&amp#27;[m &amp#27;[36mcom.shaft.tools.io.ReportManager&amp#27;[m : File Action "DoesFileExist" successfully performed. With the following test data "File Path: "SteeringCompanyAPI_TestData/SteeringCompanyAPI_TestData.xlsx"".
2023-01-22 15:42:31.255 &amp#27;[32m INFO&amp#27;[m &amp#27;[35m[@503 - main]&amp#27;[m &amp#27;[36mcom.shaft.tools.io.ReportManager&amp#27;[m : Successfully created attachment "Test Data - Excel"
2023-01-22 15:42:31.800 &amp#27;[32m INFO&amp#27;[m &amp#27;[35m[@503 - main]&amp#27;[m &amp#27;[36mcom.shaft.tools.io.ReportManager&amp#27;[m : Response status code: "422", status line: "HTTP/1.1 422 "
2023-01-22 15:42:31.815 &amp#27;[32m INFO&amp#27;[m &amp#27;[35m[@503 - main]&amp#27;[m &amp#27;[36mcom.shaft.tools.io.ReportManager&amp#27;[m : Successfully created attachment "API Request - Specifications"
2023-01-22 15:42:31.824 &amp#27;[32m INFO&amp#27;[m &amp#27;[35m[@503 - main]&amp#27;[m &amp#27;[36mcom.shaft.tools.io.ReportManager&amp#27;[m : Successfully created attachment "API Request - JSON Body"
2023-01-22 15:42:31.825 &amp#27;[32m INFO&amp#27;[m &amp#27;[35m[@503 - main]&amp#27;[m &amp#27;[36mcom.shaft.tools.io.ReportManager&amp#27;[m : Successfully created attachment "API Response - JSON Body"
2023-01-22 15:42:31.826 &amp#27;[32m INFO&amp#27;[m &amp#27;[35m[@503 - main]&amp#27;[m &amp#27;[36mcom.shaft.tools.io.ReportManager&amp#27;[m : File Action "DoesFileExist" successfully performed. With the following test data "File Path: "Schemas/ValidationError_schema.json"".
2023-01-22 15:42:31.826 &amp#27;[32m INFO&amp#27;[m &amp#27;[35m[@503 - main]&amp#27;[m &amp#27;[36mcom.shaft.tools.io.ReportManager&amp#27;[m : File Action "DoesFileExist" successfully performed. With the following test data "File Path: "src/test/resources/testDataFiles/Schemas/ValidationError_schema.json"".
2023-01-22 15:42:31.827 &amp#27;[32m INFO&amp#27;[m &amp#27;[35m[@503 - main]&amp#27;[m &amp#27;[36mcom.shaft.tools.io.ReportManager&amp#27;[m : File Action "GetAbsolutePath" successfully performed. With the following test data "Relative Folder Path: "src/test/resources/testDataFiles/Schemas/ValidationError_schema.json"".
2023-01-22 15:42:31.829 &amp#27;[32m INFO&amp#27;[m &amp#27;[35m[@503 - main]&amp#27;[m &amp#27;[36mcom.shaft.tools.io.ReportManager&amp#27;[m : File Action "DoesFileExist" successfully performed. With the following test data "File Path: "C:\eclipse-workspace\MyProjects\TASystemsAPIs\src\test\resources\testDataFiles\Schemas\ValidationError_schema.json"".
2023-01-22 15:42:31.829 &amp#27;[32m INFO&amp#27;[m &amp#27;[35m[@503 - main]&amp#27;[m &amp#27;[36mcom.shaft.tools.io.ReportManager&amp#27;[m : File Action "GetAbsolutePath" successfully performed. With the following test data "Relative Folder Path: "C:\eclipse-workspace\MyProjects\TASystemsAPIs\src\test\resources\testDataFiles\Schemas\ValidationError_schema.json"".
2023-01-22 15:42:31.829 &amp#27;[32m INFO&amp#27;[m &amp#27;[35m[@503 - main]&amp#27;[m &amp#27;[36mcom.shaft.tools.io.ReportManager&amp#27;[m : File Action "ReadFile" successfully performed. With the following test data "File Path: "C:\eclipse-workspace\MyProjects\TASystemsAPIs\src\test\resources\testDataFiles\Schemas\ValidationError_schema.json"".
2023-01-22 15:42:31.831 &amp#27;[32m INFO&amp#27;[m &amp#27;[35m[@503 - main]&amp#27;[m &amp#27;[36mcom.shaft.tools.io.ReportManager&amp#27;[m : Successfully created attachment "Validation Test Data - Expected JSON Value"
2023-01-22 15:42:31.833 &amp#27;[32m INFO&amp#27;[m &amp#27;[35m[@503 - main]&amp#27;[m &amp#27;[36mcom.shaft.tools.io.ReportManager&amp#27;[m : Successfully created attachment "Validation Test Data - Actual JSON Value"
2023-01-22 15:42:31.833 &amp#27;[32m INFO&amp#27;[m &amp#27;[35m[@503 - main]&amp#27;[m &amp#27;[36mcom.shaft.tools.io.ReportManager&amp#27;[m : Successfully created attachment "SHAFT Engine Logs - Current Method log: Add_Policy_With_InValid_data_TC"
]]></system-out>
  </testcase>
  <testcase name="Add_Policy_With_InValid_data_TC[[Ljava.lang.Object;@51f81027](52)" classname="SteeringCompanyAPI_TestCases.Test_Policies_Cases" time="1.202">
    <system-out><![CDATA[2023-01-22 15:42:31.836 &amp#27;[32m INFO&amp#27;[m &amp#27;[35m[@534 - main]&amp#27;[m &amp#27;[36mcom.shaft.tools.io.ReportManager&amp#27;[m : 
################################################################################################################################################
Starting Execution:	"60 out of 70" test cases in the current suite
Test Method:		"SteeringCompanyAPI_TestCases.Test_Policies_Cases.Add_Policy_With_InValid_data_TC"
Test Description:	"TC052 -Policy- Perform Add Policy with InValid data"
################################################################################################################################################
2023-01-22 15:42:31.836 &amp#27;[32m INFO&amp#27;[m &amp#27;[35m[@503 - main]&amp#27;[m &amp#27;[36mcom.shaft.tools.io.ReportManager&amp#27;[m : File Action "DoesFileExist" successfully performed. With the following test data "File Path: "SteeringCompanyAPI_TestData/SteeringCompanyAPI_TestData.xlsx"".
2023-01-22 15:42:31.863 &amp#27;[32m INFO&amp#27;[m &amp#27;[35m[@503 - main]&amp#27;[m &amp#27;[36mcom.shaft.tools.io.ReportManager&amp#27;[m : Successfully created attachment "Test Data - Excel"
2023-01-22 15:42:32.455 &amp#27;[32m INFO&amp#27;[m &amp#27;[35m[@503 - main]&amp#27;[m &amp#27;[36mcom.shaft.tools.io.ReportManager&amp#27;[m : Response status code: "200", status line: "HTTP/1.1 200 OK"
2023-01-22 15:42:32.465 &amp#27;[32m INFO&amp#27;[m &amp#27;[35m[@503 - main]&amp#27;[m &amp#27;[36mcom.shaft.tools.io.ReportManager&amp#27;[m : Successfully created attachment "API Request - Specifications"
2023-01-22 15:42:32.465 &amp#27;[32m INFO&amp#27;[m &amp#27;[35m[@503 - main]&amp#27;[m &amp#27;[36mcom.shaft.tools.io.ReportManager&amp#27;[m : Successfully created attachment "API Request - Body"
2023-01-22 15:42:32.466 &amp#27;[32m INFO&amp#27;[m &amp#27;[35m[@503 - main]&amp#27;[m &amp#27;[36mcom.shaft.tools.io.ReportManager&amp#27;[m : Successfully created attachment "API Response - JSON Body"
2023-01-22 15:42:32.476 &amp#27;[32m INFO&amp#27;[m &amp#27;[35m[@503 - main]&amp#27;[m &amp#27;[36mcom.shaft.tools.io.ReportManager&amp#27;[m : File Action "DoesFileExist" successfully performed. With the following test data "File Path: "SteeringCompanyAPI_TestData/SteeringCompanyAPI_TestData.xlsx"".
2023-01-22 15:42:32.504 &amp#27;[32m INFO&amp#27;[m &amp#27;[35m[@503 - main]&amp#27;[m &amp#27;[36mcom.shaft.tools.io.ReportManager&amp#27;[m : Successfully created attachment "Test Data - Excel"
2023-01-22 15:42:32.505 &amp#27;[32m INFO&amp#27;[m &amp#27;[35m[@503 - main]&amp#27;[m &amp#27;[36mcom.shaft.tools.io.ReportManager&amp#27;[m : File Action "DoesFileExist" successfully performed. With the following test data "File Path: "SteeringCompanyAPI_TestData/SteeringCompanyAPI_TestData.xlsx"".
2023-01-22 15:42:32.529 &amp#27;[32m INFO&amp#27;[m &amp#27;[35m[@503 - main]&amp#27;[m &amp#27;[36mcom.shaft.tools.io.ReportManager&amp#27;[m : Successfully created attachment "Test Data - Excel"
2023-01-22 15:42:32.529 &amp#27;[32m INFO&amp#27;[m &amp#27;[35m[@503 - main]&amp#27;[m &amp#27;[36mcom.shaft.tools.io.ReportManager&amp#27;[m : File Action "DoesFileExist" successfully performed. With the following test data "File Path: "SteeringCompanyAPI_TestData/SteeringCompanyAPI_TestData.xlsx"".
2023-01-22 15:42:32.552 &amp#27;[32m INFO&amp#27;[m &amp#27;[35m[@503 - main]&amp#27;[m &amp#27;[36mcom.shaft.tools.io.ReportManager&amp#27;[m : Successfully created attachment "Test Data - Excel"
2023-01-22 15:42:33.005 &amp#27;[32m INFO&amp#27;[m &amp#27;[35m[@503 - main]&amp#27;[m &amp#27;[36mcom.shaft.tools.io.ReportManager&amp#27;[m : Response status code: "422", status line: "HTTP/1.1 422 "
2023-01-22 15:42:33.021 &amp#27;[32m INFO&amp#27;[m &amp#27;[35m[@503 - main]&amp#27;[m &amp#27;[36mcom.shaft.tools.io.ReportManager&amp#27;[m : Successfully created attachment "API Request - Specifications"
2023-01-22 15:42:33.025 &amp#27;[32m INFO&amp#27;[m &amp#27;[35m[@503 - main]&amp#27;[m &amp#27;[36mcom.shaft.tools.io.ReportManager&amp#27;[m : Successfully created attachment "API Request - JSON Body"
2023-01-22 15:42:33.026 &amp#27;[32m INFO&amp#27;[m &amp#27;[35m[@503 - main]&amp#27;[m &amp#27;[36mcom.shaft.tools.io.ReportManager&amp#27;[m : Successfully created attachment "API Response - JSON Body"
2023-01-22 15:42:33.027 &amp#27;[32m INFO&amp#27;[m &amp#27;[35m[@503 - main]&amp#27;[m &amp#27;[36mcom.shaft.tools.io.ReportManager&amp#27;[m : File Action "DoesFileExist" successfully performed. With the following test data "File Path: "Schemas/ValidationError_schema.json"".
2023-01-22 15:42:33.027 &amp#27;[32m INFO&amp#27;[m &amp#27;[35m[@503 - main]&amp#27;[m &amp#27;[36mcom.shaft.tools.io.ReportManager&amp#27;[m : File Action "DoesFileExist" successfully performed. With the following test data "File Path: "src/test/resources/testDataFiles/Schemas/ValidationError_schema.json"".
2023-01-22 15:42:33.028 &amp#27;[32m INFO&amp#27;[m &amp#27;[35m[@503 - main]&amp#27;[m &amp#27;[36mcom.shaft.tools.io.ReportManager&amp#27;[m : File Action "GetAbsolutePath" successfully performed. With the following test data "Relative Folder Path: "src/test/resources/testDataFiles/Schemas/ValidationError_schema.json"".
2023-01-22 15:42:33.032 &amp#27;[32m INFO&amp#27;[m &amp#27;[35m[@503 - main]&amp#27;[m &amp#27;[36mcom.shaft.tools.io.ReportManager&amp#27;[m : File Action "DoesFileExist" successfully performed. With the following test data "File Path: "C:\eclipse-workspace\MyProjects\TASystemsAPIs\src\test\resources\testDataFiles\Schemas\ValidationError_schema.json"".
2023-01-22 15:42:33.032 &amp#27;[32m INFO&amp#27;[m &amp#27;[35m[@503 - main]&amp#27;[m &amp#27;[36mcom.shaft.tools.io.ReportManager&amp#27;[m : File Action "GetAbsolutePath" successfully performed. With the following test data "Relative Folder Path: "C:\eclipse-workspace\MyProjects\TASystemsAPIs\src\test\resources\testDataFiles\Schemas\ValidationError_schema.json"".
2023-01-22 15:42:33.033 &amp#27;[32m INFO&amp#27;[m &amp#27;[35m[@503 - main]&amp#27;[m &amp#27;[36mcom.shaft.tools.io.ReportManager&amp#27;[m : File Action "ReadFile" successfully performed. With the following test data "File Path: "C:\eclipse-workspace\MyProjects\TASystemsAPIs\src\test\resources\testDataFiles\Schemas\ValidationError_schema.json"".
2023-01-22 15:42:33.034 &amp#27;[32m INFO&amp#27;[m &amp#27;[35m[@503 - main]&amp#27;[m &amp#27;[36mcom.shaft.tools.io.ReportManager&amp#27;[m : Successfully created attachment "Validation Test Data - Expected JSON Value"
2023-01-22 15:42:33.035 &amp#27;[32m INFO&amp#27;[m &amp#27;[35m[@503 - main]&amp#27;[m &amp#27;[36mcom.shaft.tools.io.ReportManager&amp#27;[m : Successfully created attachment "Validation Test Data - Actual JSON Value"
2023-01-22 15:42:33.036 &amp#27;[32m INFO&amp#27;[m &amp#27;[35m[@503 - main]&amp#27;[m &amp#27;[36mcom.shaft.tools.io.ReportManager&amp#27;[m : Successfully created attachment "SHAFT Engine Logs - Current Method log: Add_Policy_With_InValid_data_TC"
]]></system-out>
  </testcase>
  <testcase name="Add_Policy_With_InValid_data_TC[[Ljava.lang.Object;@691722b4](53)" classname="SteeringCompanyAPI_TestCases.Test_Policies_Cases" time="1.262">
    <system-out><![CDATA[2023-01-22 15:42:33.039 &amp#27;[32m INFO&amp#27;[m &amp#27;[35m[@534 - main]&amp#27;[m &amp#27;[36mcom.shaft.tools.io.ReportManager&amp#27;[m : 
################################################################################################################################################
Starting Execution:	"61 out of 70" test cases in the current suite
Test Method:		"SteeringCompanyAPI_TestCases.Test_Policies_Cases.Add_Policy_With_InValid_data_TC"
Test Description:	"TC052 -Policy- Perform Add Policy with InValid data"
################################################################################################################################################
2023-01-22 15:42:33.039 &amp#27;[32m INFO&amp#27;[m &amp#27;[35m[@503 - main]&amp#27;[m &amp#27;[36mcom.shaft.tools.io.ReportManager&amp#27;[m : File Action "DoesFileExist" successfully performed. With the following test data "File Path: "SteeringCompanyAPI_TestData/SteeringCompanyAPI_TestData.xlsx"".
2023-01-22 15:42:33.069 &amp#27;[32m INFO&amp#27;[m &amp#27;[35m[@503 - main]&amp#27;[m &amp#27;[36mcom.shaft.tools.io.ReportManager&amp#27;[m : Successfully created attachment "Test Data - Excel"
2023-01-22 15:42:33.651 &amp#27;[32m INFO&amp#27;[m &amp#27;[35m[@503 - main]&amp#27;[m &amp#27;[36mcom.shaft.tools.io.ReportManager&amp#27;[m : Response status code: "200", status line: "HTTP/1.1 200 OK"
2023-01-22 15:42:33.668 &amp#27;[32m INFO&amp#27;[m &amp#27;[35m[@503 - main]&amp#27;[m &amp#27;[36mcom.shaft.tools.io.ReportManager&amp#27;[m : Successfully created attachment "API Request - Specifications"
2023-01-22 15:42:33.669 &amp#27;[32m INFO&amp#27;[m &amp#27;[35m[@503 - main]&amp#27;[m &amp#27;[36mcom.shaft.tools.io.ReportManager&amp#27;[m : Successfully created attachment "API Request - Body"
2023-01-22 15:42:33.671 &amp#27;[32m INFO&amp#27;[m &amp#27;[35m[@503 - main]&amp#27;[m &amp#27;[36mcom.shaft.tools.io.ReportManager&amp#27;[m : Successfully created attachment "API Response - JSON Body"
2023-01-22 15:42:33.687 &amp#27;[32m INFO&amp#27;[m &amp#27;[35m[@503 - main]&amp#27;[m &amp#27;[36mcom.shaft.tools.io.ReportManager&amp#27;[m : File Action "DoesFileExist" successfully performed. With the following test data "File Path: "SteeringCompanyAPI_TestData/SteeringCompanyAPI_TestData.xlsx"".
2023-01-22 15:42:33.731 &amp#27;[32m INFO&amp#27;[m &amp#27;[35m[@503 - main]&amp#27;[m &amp#27;[36mcom.shaft.tools.io.ReportManager&amp#27;[m : Successfully created attachment "Test Data - Excel"
2023-01-22 15:42:33.732 &amp#27;[32m INFO&amp#27;[m &amp#27;[35m[@503 - main]&amp#27;[m &amp#27;[36mcom.shaft.tools.io.ReportManager&amp#27;[m : File Action "DoesFileExist" successfully performed. With the following test data "File Path: "SteeringCompanyAPI_TestData/SteeringCompanyAPI_TestData.xlsx"".
2023-01-22 15:42:33.776 &amp#27;[32m INFO&amp#27;[m &amp#27;[35m[@503 - main]&amp#27;[m &amp#27;[36mcom.shaft.tools.io.ReportManager&amp#27;[m : Successfully created attachment "Test Data - Excel"
2023-01-22 15:42:33.776 &amp#27;[32m INFO&amp#27;[m &amp#27;[35m[@503 - main]&amp#27;[m &amp#27;[36mcom.shaft.tools.io.ReportManager&amp#27;[m : File Action "DoesFileExist" successfully performed. With the following test data "File Path: "SteeringCompanyAPI_TestData/SteeringCompanyAPI_TestData.xlsx"".
2023-01-22 15:42:33.812 &amp#27;[32m INFO&amp#27;[m &amp#27;[35m[@503 - main]&amp#27;[m &amp#27;[36mcom.shaft.tools.io.ReportManager&amp#27;[m : Successfully created attachment "Test Data - Excel"
2023-01-22 15:42:34.272 &amp#27;[32m INFO&amp#27;[m &amp#27;[35m[@503 - main]&amp#27;[m &amp#27;[36mcom.shaft.tools.io.ReportManager&amp#27;[m : Response status code: "422", status line: "HTTP/1.1 422 "
2023-01-22 15:42:34.283 &amp#27;[32m INFO&amp#27;[m &amp#27;[35m[@503 - main]&amp#27;[m &amp#27;[36mcom.shaft.tools.io.ReportManager&amp#27;[m : Successfully created attachment "API Request - Specifications"
2023-01-22 15:42:34.284 &amp#27;[32m INFO&amp#27;[m &amp#27;[35m[@503 - main]&amp#27;[m &amp#27;[36mcom.shaft.tools.io.ReportManager&amp#27;[m : Successfully created attachment "API Request - JSON Body"
2023-01-22 15:42:34.287 &amp#27;[32m INFO&amp#27;[m &amp#27;[35m[@503 - main]&amp#27;[m &amp#27;[36mcom.shaft.tools.io.ReportManager&amp#27;[m : Successfully created attachment "API Response - JSON Body"
2023-01-22 15:42:34.288 &amp#27;[32m INFO&amp#27;[m &amp#27;[35m[@503 - main]&amp#27;[m &amp#27;[36mcom.shaft.tools.io.ReportManager&amp#27;[m : File Action "DoesFileExist" successfully performed. With the following test data "File Path: "Schemas/ValidationError_schema.json"".
2023-01-22 15:42:34.288 &amp#27;[32m INFO&amp#27;[m &amp#27;[35m[@503 - main]&amp#27;[m &amp#27;[36mcom.shaft.tools.io.ReportManager&amp#27;[m : File Action "DoesFileExist" successfully performed. With the following test data "File Path: "src/test/resources/testDataFiles/Schemas/ValidationError_schema.json"".
2023-01-22 15:42:34.288 &amp#27;[32m INFO&amp#27;[m &amp#27;[35m[@503 - main]&amp#27;[m &amp#27;[36mcom.shaft.tools.io.ReportManager&amp#27;[m : File Action "GetAbsolutePath" successfully performed. With the following test data "Relative Folder Path: "src/test/resources/testDataFiles/Schemas/ValidationError_schema.json"".
2023-01-22 15:42:34.292 &amp#27;[32m INFO&amp#27;[m &amp#27;[35m[@503 - main]&amp#27;[m &amp#27;[36mcom.shaft.tools.io.ReportManager&amp#27;[m : File Action "DoesFileExist" successfully performed. With the following test data "File Path: "C:\eclipse-workspace\MyProjects\TASystemsAPIs\src\test\resources\testDataFiles\Schemas\ValidationError_schema.json"".
2023-01-22 15:42:34.292 &amp#27;[32m INFO&amp#27;[m &amp#27;[35m[@503 - main]&amp#27;[m &amp#27;[36mcom.shaft.tools.io.ReportManager&amp#27;[m : File Action "GetAbsolutePath" successfully performed. With the following test data "Relative Folder Path: "C:\eclipse-workspace\MyProjects\TASystemsAPIs\src\test\resources\testDataFiles\Schemas\ValidationError_schema.json"".
2023-01-22 15:42:34.292 &amp#27;[32m INFO&amp#27;[m &amp#27;[35m[@503 - main]&amp#27;[m &amp#27;[36mcom.shaft.tools.io.ReportManager&amp#27;[m : File Action "ReadFile" successfully performed. With the following test data "File Path: "C:\eclipse-workspace\MyProjects\TASystemsAPIs\src\test\resources\testDataFiles\Schemas\ValidationError_schema.json"".
2023-01-22 15:42:34.295 &amp#27;[32m INFO&amp#27;[m &amp#27;[35m[@503 - main]&amp#27;[m &amp#27;[36mcom.shaft.tools.io.ReportManager&amp#27;[m : Successfully created attachment "Validation Test Data - Expected JSON Value"
2023-01-22 15:42:34.296 &amp#27;[32m INFO&amp#27;[m &amp#27;[35m[@503 - main]&amp#27;[m &amp#27;[36mcom.shaft.tools.io.ReportManager&amp#27;[m : Successfully created attachment "Validation Test Data - Actual JSON Value"
2023-01-22 15:42:34.297 &amp#27;[32m INFO&amp#27;[m &amp#27;[35m[@503 - main]&amp#27;[m &amp#27;[36mcom.shaft.tools.io.ReportManager&amp#27;[m : Successfully created attachment "SHAFT Engine Logs - Current Method log: Add_Policy_With_InValid_data_TC"
]]></system-out>
  </testcase>
  <testcase name="Add_Policy_With_InValid_data_TC[[Ljava.lang.Object;@433e71aa](54)" classname="SteeringCompanyAPI_TestCases.Test_Policies_Cases" time="1.181">
    <system-out><![CDATA[2023-01-22 15:42:34.300 &amp#27;[32m INFO&amp#27;[m &amp#27;[35m[@534 - main]&amp#27;[m &amp#27;[36mcom.shaft.tools.io.ReportManager&amp#27;[m : 
################################################################################################################################################
Starting Execution:	"62 out of 70" test cases in the current suite
Test Method:		"SteeringCompanyAPI_TestCases.Test_Policies_Cases.Add_Policy_With_InValid_data_TC"
Test Description:	"TC052 -Policy- Perform Add Policy with InValid data"
################################################################################################################################################
2023-01-22 15:42:34.300 &amp#27;[32m INFO&amp#27;[m &amp#27;[35m[@503 - main]&amp#27;[m &amp#27;[36mcom.shaft.tools.io.ReportManager&amp#27;[m : File Action "DoesFileExist" successfully performed. With the following test data "File Path: "SteeringCompanyAPI_TestData/SteeringCompanyAPI_TestData.xlsx"".
2023-01-22 15:42:34.324 &amp#27;[32m INFO&amp#27;[m &amp#27;[35m[@503 - main]&amp#27;[m &amp#27;[36mcom.shaft.tools.io.ReportManager&amp#27;[m : Successfully created attachment "Test Data - Excel"
2023-01-22 15:42:34.903 &amp#27;[32m INFO&amp#27;[m &amp#27;[35m[@503 - main]&amp#27;[m &amp#27;[36mcom.shaft.tools.io.ReportManager&amp#27;[m : Response status code: "200", status line: "HTTP/1.1 200 OK"
2023-01-22 15:42:34.913 &amp#27;[32m INFO&amp#27;[m &amp#27;[35m[@503 - main]&amp#27;[m &amp#27;[36mcom.shaft.tools.io.ReportManager&amp#27;[m : Successfully created attachment "API Request - Specifications"
2023-01-22 15:42:34.914 &amp#27;[32m INFO&amp#27;[m &amp#27;[35m[@503 - main]&amp#27;[m &amp#27;[36mcom.shaft.tools.io.ReportManager&amp#27;[m : Successfully created attachment "API Request - Body"
2023-01-22 15:42:34.916 &amp#27;[32m INFO&amp#27;[m &amp#27;[35m[@503 - main]&amp#27;[m &amp#27;[36mcom.shaft.tools.io.ReportManager&amp#27;[m : Successfully created attachment "API Response - JSON Body"
2023-01-22 15:42:34.924 &amp#27;[32m INFO&amp#27;[m &amp#27;[35m[@503 - main]&amp#27;[m &amp#27;[36mcom.shaft.tools.io.ReportManager&amp#27;[m : File Action "DoesFileExist" successfully performed. With the following test data "File Path: "SteeringCompanyAPI_TestData/SteeringCompanyAPI_TestData.xlsx"".
2023-01-22 15:42:34.951 &amp#27;[32m INFO&amp#27;[m &amp#27;[35m[@503 - main]&amp#27;[m &amp#27;[36mcom.shaft.tools.io.ReportManager&amp#27;[m : Successfully created attachment "Test Data - Excel"
2023-01-22 15:42:34.952 &amp#27;[32m INFO&amp#27;[m &amp#27;[35m[@503 - main]&amp#27;[m &amp#27;[36mcom.shaft.tools.io.ReportManager&amp#27;[m : File Action "DoesFileExist" successfully performed. With the following test data "File Path: "SteeringCompanyAPI_TestData/SteeringCompanyAPI_TestData.xlsx"".
2023-01-22 15:42:34.974 &amp#27;[32m INFO&amp#27;[m &amp#27;[35m[@503 - main]&amp#27;[m &amp#27;[36mcom.shaft.tools.io.ReportManager&amp#27;[m : Successfully created attachment "Test Data - Excel"
2023-01-22 15:42:34.974 &amp#27;[32m INFO&amp#27;[m &amp#27;[35m[@503 - main]&amp#27;[m &amp#27;[36mcom.shaft.tools.io.ReportManager&amp#27;[m : File Action "DoesFileExist" successfully performed. With the following test data "File Path: "SteeringCompanyAPI_TestData/SteeringCompanyAPI_TestData.xlsx"".
2023-01-22 15:42:34.999 &amp#27;[32m INFO&amp#27;[m &amp#27;[35m[@503 - main]&amp#27;[m &amp#27;[36mcom.shaft.tools.io.ReportManager&amp#27;[m : Successfully created attachment "Test Data - Excel"
2023-01-22 15:42:35.453 &amp#27;[32m INFO&amp#27;[m &amp#27;[35m[@503 - main]&amp#27;[m &amp#27;[36mcom.shaft.tools.io.ReportManager&amp#27;[m : Response status code: "422", status line: "HTTP/1.1 422 "
2023-01-22 15:42:35.469 &amp#27;[32m INFO&amp#27;[m &amp#27;[35m[@503 - main]&amp#27;[m &amp#27;[36mcom.shaft.tools.io.ReportManager&amp#27;[m : Successfully created attachment "API Request - Specifications"
2023-01-22 15:42:35.470 &amp#27;[32m INFO&amp#27;[m &amp#27;[35m[@503 - main]&amp#27;[m &amp#27;[36mcom.shaft.tools.io.ReportManager&amp#27;[m : Successfully created attachment "API Request - JSON Body"
2023-01-22 15:42:35.471 &amp#27;[32m INFO&amp#27;[m &amp#27;[35m[@503 - main]&amp#27;[m &amp#27;[36mcom.shaft.tools.io.ReportManager&amp#27;[m : Successfully created attachment "API Response - JSON Body"
2023-01-22 15:42:35.472 &amp#27;[32m INFO&amp#27;[m &amp#27;[35m[@503 - main]&amp#27;[m &amp#27;[36mcom.shaft.tools.io.ReportManager&amp#27;[m : File Action "DoesFileExist" successfully performed. With the following test data "File Path: "Schemas/ValidationError_schema.json"".
2023-01-22 15:42:35.472 &amp#27;[32m INFO&amp#27;[m &amp#27;[35m[@503 - main]&amp#27;[m &amp#27;[36mcom.shaft.tools.io.ReportManager&amp#27;[m : File Action "DoesFileExist" successfully performed. With the following test data "File Path: "src/test/resources/testDataFiles/Schemas/ValidationError_schema.json"".
2023-01-22 15:42:35.472 &amp#27;[32m INFO&amp#27;[m &amp#27;[35m[@503 - main]&amp#27;[m &amp#27;[36mcom.shaft.tools.io.ReportManager&amp#27;[m : File Action "GetAbsolutePath" successfully performed. With the following test data "Relative Folder Path: "src/test/resources/testDataFiles/Schemas/ValidationError_schema.json"".
2023-01-22 15:42:35.475 &amp#27;[32m INFO&amp#27;[m &amp#27;[35m[@503 - main]&amp#27;[m &amp#27;[36mcom.shaft.tools.io.ReportManager&amp#27;[m : File Action "DoesFileExist" successfully performed. With the following test data "File Path: "C:\eclipse-workspace\MyProjects\TASystemsAPIs\src\test\resources\testDataFiles\Schemas\ValidationError_schema.json"".
2023-01-22 15:42:35.475 &amp#27;[32m INFO&amp#27;[m &amp#27;[35m[@503 - main]&amp#27;[m &amp#27;[36mcom.shaft.tools.io.ReportManager&amp#27;[m : File Action "GetAbsolutePath" successfully performed. With the following test data "Relative Folder Path: "C:\eclipse-workspace\MyProjects\TASystemsAPIs\src\test\resources\testDataFiles\Schemas\ValidationError_schema.json"".
2023-01-22 15:42:35.475 &amp#27;[32m INFO&amp#27;[m &amp#27;[35m[@503 - main]&amp#27;[m &amp#27;[36mcom.shaft.tools.io.ReportManager&amp#27;[m : File Action "ReadFile" successfully performed. With the following test data "File Path: "C:\eclipse-workspace\MyProjects\TASystemsAPIs\src\test\resources\testDataFiles\Schemas\ValidationError_schema.json"".
2023-01-22 15:42:35.477 &amp#27;[32m INFO&amp#27;[m &amp#27;[35m[@503 - main]&amp#27;[m &amp#27;[36mcom.shaft.tools.io.ReportManager&amp#27;[m : Successfully created attachment "Validation Test Data - Expected JSON Value"
2023-01-22 15:42:35.478 &amp#27;[32m INFO&amp#27;[m &amp#27;[35m[@503 - main]&amp#27;[m &amp#27;[36mcom.shaft.tools.io.ReportManager&amp#27;[m : Successfully created attachment "Validation Test Data - Actual JSON Value"
2023-01-22 15:42:35.479 &amp#27;[32m INFO&amp#27;[m &amp#27;[35m[@503 - main]&amp#27;[m &amp#27;[36mcom.shaft.tools.io.ReportManager&amp#27;[m : Successfully created attachment "SHAFT Engine Logs - Current Method log: Add_Policy_With_InValid_data_TC"
]]></system-out>
  </testcase>
  <testcase name="Add_Policy_With_InValid_data_TC[[Ljava.lang.Object;@68f5e11](55)" classname="SteeringCompanyAPI_TestCases.Test_Policies_Cases" time="1.299">
    <system-out><![CDATA[2023-01-22 15:42:35.481 &amp#27;[32m INFO&amp#27;[m &amp#27;[35m[@534 - main]&amp#27;[m &amp#27;[36mcom.shaft.tools.io.ReportManager&amp#27;[m : 
################################################################################################################################################
Starting Execution:	"63 out of 70" test cases in the current suite
Test Method:		"SteeringCompanyAPI_TestCases.Test_Policies_Cases.Add_Policy_With_InValid_data_TC"
Test Description:	"TC052 -Policy- Perform Add Policy with InValid data"
################################################################################################################################################
2023-01-22 15:42:35.481 &amp#27;[32m INFO&amp#27;[m &amp#27;[35m[@503 - main]&amp#27;[m &amp#27;[36mcom.shaft.tools.io.ReportManager&amp#27;[m : File Action "DoesFileExist" successfully performed. With the following test data "File Path: "SteeringCompanyAPI_TestData/SteeringCompanyAPI_TestData.xlsx"".
2023-01-22 15:42:35.513 &amp#27;[32m INFO&amp#27;[m &amp#27;[35m[@503 - main]&amp#27;[m &amp#27;[36mcom.shaft.tools.io.ReportManager&amp#27;[m : Successfully created attachment "Test Data - Excel"
2023-01-22 15:42:36.138 &amp#27;[32m INFO&amp#27;[m &amp#27;[35m[@503 - main]&amp#27;[m &amp#27;[36mcom.shaft.tools.io.ReportManager&amp#27;[m : Response status code: "200", status line: "HTTP/1.1 200 OK"
2023-01-22 15:42:36.152 &amp#27;[32m INFO&amp#27;[m &amp#27;[35m[@503 - main]&amp#27;[m &amp#27;[36mcom.shaft.tools.io.ReportManager&amp#27;[m : Successfully created attachment "API Request - Specifications"
2023-01-22 15:42:36.152 &amp#27;[32m INFO&amp#27;[m &amp#27;[35m[@503 - main]&amp#27;[m &amp#27;[36mcom.shaft.tools.io.ReportManager&amp#27;[m : Successfully created attachment "API Request - Body"
2023-01-22 15:42:36.154 &amp#27;[32m INFO&amp#27;[m &amp#27;[35m[@503 - main]&amp#27;[m &amp#27;[36mcom.shaft.tools.io.ReportManager&amp#27;[m : Successfully created attachment "API Response - JSON Body"
2023-01-22 15:42:36.162 &amp#27;[32m INFO&amp#27;[m &amp#27;[35m[@503 - main]&amp#27;[m &amp#27;[36mcom.shaft.tools.io.ReportManager&amp#27;[m : File Action "DoesFileExist" successfully performed. With the following test data "File Path: "SteeringCompanyAPI_TestData/SteeringCompanyAPI_TestData.xlsx"".
2023-01-22 15:42:36.197 &amp#27;[32m INFO&amp#27;[m &amp#27;[35m[@503 - main]&amp#27;[m &amp#27;[36mcom.shaft.tools.io.ReportManager&amp#27;[m : Successfully created attachment "Test Data - Excel"
2023-01-22 15:42:36.197 &amp#27;[32m INFO&amp#27;[m &amp#27;[35m[@503 - main]&amp#27;[m &amp#27;[36mcom.shaft.tools.io.ReportManager&amp#27;[m : File Action "DoesFileExist" successfully performed. With the following test data "File Path: "SteeringCompanyAPI_TestData/SteeringCompanyAPI_TestData.xlsx"".
2023-01-22 15:42:36.230 &amp#27;[32m INFO&amp#27;[m &amp#27;[35m[@503 - main]&amp#27;[m &amp#27;[36mcom.shaft.tools.io.ReportManager&amp#27;[m : Successfully created attachment "Test Data - Excel"
2023-01-22 15:42:36.230 &amp#27;[32m INFO&amp#27;[m &amp#27;[35m[@503 - main]&amp#27;[m &amp#27;[36mcom.shaft.tools.io.ReportManager&amp#27;[m : File Action "DoesFileExist" successfully performed. With the following test data "File Path: "SteeringCompanyAPI_TestData/SteeringCompanyAPI_TestData.xlsx"".
2023-01-22 15:42:36.254 &amp#27;[32m INFO&amp#27;[m &amp#27;[35m[@503 - main]&amp#27;[m &amp#27;[36mcom.shaft.tools.io.ReportManager&amp#27;[m : Successfully created attachment "Test Data - Excel"
2023-01-22 15:42:36.755 &amp#27;[32m INFO&amp#27;[m &amp#27;[35m[@503 - main]&amp#27;[m &amp#27;[36mcom.shaft.tools.io.ReportManager&amp#27;[m : Response status code: "422", status line: "HTTP/1.1 422 "
2023-01-22 15:42:36.769 &amp#27;[32m INFO&amp#27;[m &amp#27;[35m[@503 - main]&amp#27;[m &amp#27;[36mcom.shaft.tools.io.ReportManager&amp#27;[m : Successfully created attachment "API Request - Specifications"
2023-01-22 15:42:36.770 &amp#27;[32m INFO&amp#27;[m &amp#27;[35m[@503 - main]&amp#27;[m &amp#27;[36mcom.shaft.tools.io.ReportManager&amp#27;[m : Successfully created attachment "API Request - JSON Body"
2023-01-22 15:42:36.770 &amp#27;[32m INFO&amp#27;[m &amp#27;[35m[@503 - main]&amp#27;[m &amp#27;[36mcom.shaft.tools.io.ReportManager&amp#27;[m : Successfully created attachment "API Response - JSON Body"
2023-01-22 15:42:36.771 &amp#27;[32m INFO&amp#27;[m &amp#27;[35m[@503 - main]&amp#27;[m &amp#27;[36mcom.shaft.tools.io.ReportManager&amp#27;[m : File Action "DoesFileExist" successfully performed. With the following test data "File Path: "Schemas/ValidationError_schema.json"".
2023-01-22 15:42:36.771 &amp#27;[32m INFO&amp#27;[m &amp#27;[35m[@503 - main]&amp#27;[m &amp#27;[36mcom.shaft.tools.io.ReportManager&amp#27;[m : File Action "DoesFileExist" successfully performed. With the following test data "File Path: "src/test/resources/testDataFiles/Schemas/ValidationError_schema.json"".
2023-01-22 15:42:36.771 &amp#27;[32m INFO&amp#27;[m &amp#27;[35m[@503 - main]&amp#27;[m &amp#27;[36mcom.shaft.tools.io.ReportManager&amp#27;[m : File Action "GetAbsolutePath" successfully performed. With the following test data "Relative Folder Path: "src/test/resources/testDataFiles/Schemas/ValidationError_schema.json"".
2023-01-22 15:42:36.774 &amp#27;[32m INFO&amp#27;[m &amp#27;[35m[@503 - main]&amp#27;[m &amp#27;[36mcom.shaft.tools.io.ReportManager&amp#27;[m : File Action "DoesFileExist" successfully performed. With the following test data "File Path: "C:\eclipse-workspace\MyProjects\TASystemsAPIs\src\test\resources\testDataFiles\Schemas\ValidationError_schema.json"".
2023-01-22 15:42:36.775 &amp#27;[32m INFO&amp#27;[m &amp#27;[35m[@503 - main]&amp#27;[m &amp#27;[36mcom.shaft.tools.io.ReportManager&amp#27;[m : File Action "GetAbsolutePath" successfully performed. With the following test data "Relative Folder Path: "C:\eclipse-workspace\MyProjects\TASystemsAPIs\src\test\resources\testDataFiles\Schemas\ValidationError_schema.json"".
2023-01-22 15:42:36.775 &amp#27;[32m INFO&amp#27;[m &amp#27;[35m[@503 - main]&amp#27;[m &amp#27;[36mcom.shaft.tools.io.ReportManager&amp#27;[m : File Action "ReadFile" successfully performed. With the following test data "File Path: "C:\eclipse-workspace\MyProjects\TASystemsAPIs\src\test\resources\testDataFiles\Schemas\ValidationError_schema.json"".
2023-01-22 15:42:36.776 &amp#27;[32m INFO&amp#27;[m &amp#27;[35m[@503 - main]&amp#27;[m &amp#27;[36mcom.shaft.tools.io.ReportManager&amp#27;[m : Successfully created attachment "Validation Test Data - Expected JSON Value"
2023-01-22 15:42:36.777 &amp#27;[32m INFO&amp#27;[m &amp#27;[35m[@503 - main]&amp#27;[m &amp#27;[36mcom.shaft.tools.io.ReportManager&amp#27;[m : Successfully created attachment "Validation Test Data - Actual JSON Value"
2023-01-22 15:42:36.778 &amp#27;[32m INFO&amp#27;[m &amp#27;[35m[@503 - main]&amp#27;[m &amp#27;[36mcom.shaft.tools.io.ReportManager&amp#27;[m : Successfully created attachment "SHAFT Engine Logs - Current Method log: Add_Policy_With_InValid_data_TC"
]]></system-out>
  </testcase>
  <testcase name="Add_Policy_With_InValid_data_TC[[Ljava.lang.Object;@c7e0fa7](56)" classname="SteeringCompanyAPI_TestCases.Test_Policies_Cases" time="1.204">
    <system-out><![CDATA[2023-01-22 15:42:36.780 &amp#27;[32m INFO&amp#27;[m &amp#27;[35m[@534 - main]&amp#27;[m &amp#27;[36mcom.shaft.tools.io.ReportManager&amp#27;[m : 
################################################################################################################################################
Starting Execution:	"64 out of 70" test cases in the current suite
Test Method:		"SteeringCompanyAPI_TestCases.Test_Policies_Cases.Add_Policy_With_InValid_data_TC"
Test Description:	"TC052 -Policy- Perform Add Policy with InValid data"
################################################################################################################################################
2023-01-22 15:42:36.781 &amp#27;[32m INFO&amp#27;[m &amp#27;[35m[@503 - main]&amp#27;[m &amp#27;[36mcom.shaft.tools.io.ReportManager&amp#27;[m : File Action "DoesFileExist" successfully performed. With the following test data "File Path: "SteeringCompanyAPI_TestData/SteeringCompanyAPI_TestData.xlsx"".
2023-01-22 15:42:36.809 &amp#27;[32m INFO&amp#27;[m &amp#27;[35m[@503 - main]&amp#27;[m &amp#27;[36mcom.shaft.tools.io.ReportManager&amp#27;[m : Successfully created attachment "Test Data - Excel"
2023-01-22 15:42:37.390 &amp#27;[32m INFO&amp#27;[m &amp#27;[35m[@503 - main]&amp#27;[m &amp#27;[36mcom.shaft.tools.io.ReportManager&amp#27;[m : Response status code: "200", status line: "HTTP/1.1 200 OK"
2023-01-22 15:42:37.403 &amp#27;[32m INFO&amp#27;[m &amp#27;[35m[@503 - main]&amp#27;[m &amp#27;[36mcom.shaft.tools.io.ReportManager&amp#27;[m : Successfully created attachment "API Request - Specifications"
2023-01-22 15:42:37.404 &amp#27;[32m INFO&amp#27;[m &amp#27;[35m[@503 - main]&amp#27;[m &amp#27;[36mcom.shaft.tools.io.ReportManager&amp#27;[m : Successfully created attachment "API Request - Body"
2023-01-22 15:42:37.404 &amp#27;[32m INFO&amp#27;[m &amp#27;[35m[@503 - main]&amp#27;[m &amp#27;[36mcom.shaft.tools.io.ReportManager&amp#27;[m : Successfully created attachment "API Response - JSON Body"
2023-01-22 15:42:37.412 &amp#27;[32m INFO&amp#27;[m &amp#27;[35m[@503 - main]&amp#27;[m &amp#27;[36mcom.shaft.tools.io.ReportManager&amp#27;[m : File Action "DoesFileExist" successfully performed. With the following test data "File Path: "SteeringCompanyAPI_TestData/SteeringCompanyAPI_TestData.xlsx"".
2023-01-22 15:42:37.438 &amp#27;[32m INFO&amp#27;[m &amp#27;[35m[@503 - main]&amp#27;[m &amp#27;[36mcom.shaft.tools.io.ReportManager&amp#27;[m : Successfully created attachment "Test Data - Excel"
2023-01-22 15:42:37.439 &amp#27;[32m INFO&amp#27;[m &amp#27;[35m[@503 - main]&amp#27;[m &amp#27;[36mcom.shaft.tools.io.ReportManager&amp#27;[m : File Action "DoesFileExist" successfully performed. With the following test data "File Path: "SteeringCompanyAPI_TestData/SteeringCompanyAPI_TestData.xlsx"".
2023-01-22 15:42:37.462 &amp#27;[32m INFO&amp#27;[m &amp#27;[35m[@503 - main]&amp#27;[m &amp#27;[36mcom.shaft.tools.io.ReportManager&amp#27;[m : Successfully created attachment "Test Data - Excel"
2023-01-22 15:42:37.463 &amp#27;[32m INFO&amp#27;[m &amp#27;[35m[@503 - main]&amp#27;[m &amp#27;[36mcom.shaft.tools.io.ReportManager&amp#27;[m : File Action "DoesFileExist" successfully performed. With the following test data "File Path: "SteeringCompanyAPI_TestData/SteeringCompanyAPI_TestData.xlsx"".
2023-01-22 15:42:37.497 &amp#27;[32m INFO&amp#27;[m &amp#27;[35m[@503 - main]&amp#27;[m &amp#27;[36mcom.shaft.tools.io.ReportManager&amp#27;[m : Successfully created attachment "Test Data - Excel"
2023-01-22 15:42:37.957 &amp#27;[32m INFO&amp#27;[m &amp#27;[35m[@503 - main]&amp#27;[m &amp#27;[36mcom.shaft.tools.io.ReportManager&amp#27;[m : Response status code: "422", status line: "HTTP/1.1 422 "
2023-01-22 15:42:37.972 &amp#27;[32m INFO&amp#27;[m &amp#27;[35m[@503 - main]&amp#27;[m &amp#27;[36mcom.shaft.tools.io.ReportManager&amp#27;[m : Successfully created attachment "API Request - Specifications"
2023-01-22 15:42:37.975 &amp#27;[32m INFO&amp#27;[m &amp#27;[35m[@503 - main]&amp#27;[m &amp#27;[36mcom.shaft.tools.io.ReportManager&amp#27;[m : Successfully created attachment "API Request - JSON Body"
2023-01-22 15:42:37.975 &amp#27;[32m INFO&amp#27;[m &amp#27;[35m[@503 - main]&amp#27;[m &amp#27;[36mcom.shaft.tools.io.ReportManager&amp#27;[m : Successfully created attachment "API Response - JSON Body"
2023-01-22 15:42:37.977 &amp#27;[32m INFO&amp#27;[m &amp#27;[35m[@503 - main]&amp#27;[m &amp#27;[36mcom.shaft.tools.io.ReportManager&amp#27;[m : File Action "DoesFileExist" successfully performed. With the following test data "File Path: "Schemas/ValidationError_schema.json"".
2023-01-22 15:42:37.977 &amp#27;[32m INFO&amp#27;[m &amp#27;[35m[@503 - main]&amp#27;[m &amp#27;[36mcom.shaft.tools.io.ReportManager&amp#27;[m : File Action "DoesFileExist" successfully performed. With the following test data "File Path: "src/test/resources/testDataFiles/Schemas/ValidationError_schema.json"".
2023-01-22 15:42:37.977 &amp#27;[32m INFO&amp#27;[m &amp#27;[35m[@503 - main]&amp#27;[m &amp#27;[36mcom.shaft.tools.io.ReportManager&amp#27;[m : File Action "GetAbsolutePath" successfully performed. With the following test data "Relative Folder Path: "src/test/resources/testDataFiles/Schemas/ValidationError_schema.json"".
2023-01-22 15:42:37.979 &amp#27;[32m INFO&amp#27;[m &amp#27;[35m[@503 - main]&amp#27;[m &amp#27;[36mcom.shaft.tools.io.ReportManager&amp#27;[m : File Action "DoesFileExist" successfully performed. With the following test data "File Path: "C:\eclipse-workspace\MyProjects\TASystemsAPIs\src\test\resources\testDataFiles\Schemas\ValidationError_schema.json"".
2023-01-22 15:42:37.980 &amp#27;[32m INFO&amp#27;[m &amp#27;[35m[@503 - main]&amp#27;[m &amp#27;[36mcom.shaft.tools.io.ReportManager&amp#27;[m : File Action "GetAbsolutePath" successfully performed. With the following test data "Relative Folder Path: "C:\eclipse-workspace\MyProjects\TASystemsAPIs\src\test\resources\testDataFiles\Schemas\ValidationError_schema.json"".
2023-01-22 15:42:37.980 &amp#27;[32m INFO&amp#27;[m &amp#27;[35m[@503 - main]&amp#27;[m &amp#27;[36mcom.shaft.tools.io.ReportManager&amp#27;[m : File Action "ReadFile" successfully performed. With the following test data "File Path: "C:\eclipse-workspace\MyProjects\TASystemsAPIs\src\test\resources\testDataFiles\Schemas\ValidationError_schema.json"".
2023-01-22 15:42:37.981 &amp#27;[32m INFO&amp#27;[m &amp#27;[35m[@503 - main]&amp#27;[m &amp#27;[36mcom.shaft.tools.io.ReportManager&amp#27;[m : Successfully created attachment "Validation Test Data - Expected JSON Value"
2023-01-22 15:42:37.981 &amp#27;[32m INFO&amp#27;[m &amp#27;[35m[@503 - main]&amp#27;[m &amp#27;[36mcom.shaft.tools.io.ReportManager&amp#27;[m : Successfully created attachment "Validation Test Data - Actual JSON Value"
2023-01-22 15:42:37.983 &amp#27;[32m INFO&amp#27;[m &amp#27;[35m[@503 - main]&amp#27;[m &amp#27;[36mcom.shaft.tools.io.ReportManager&amp#27;[m : Successfully created attachment "SHAFT Engine Logs - Current Method log: Add_Policy_With_InValid_data_TC"
]]></system-out>
  </testcase>
  <testcase name="Add_Policy_With_InValid_data_TC[[Ljava.lang.Object;@2fd29dd8](57)" classname="SteeringCompanyAPI_TestCases.Test_Policies_Cases" time="1.2">
    <system-out><![CDATA[2023-01-22 15:42:37.985 &amp#27;[32m INFO&amp#27;[m &amp#27;[35m[@534 - main]&amp#27;[m &amp#27;[36mcom.shaft.tools.io.ReportManager&amp#27;[m : 
################################################################################################################################################
Starting Execution:	"65 out of 70" test cases in the current suite
Test Method:		"SteeringCompanyAPI_TestCases.Test_Policies_Cases.Add_Policy_With_InValid_data_TC"
Test Description:	"TC052 -Policy- Perform Add Policy with InValid data"
################################################################################################################################################
2023-01-22 15:42:37.985 &amp#27;[32m INFO&amp#27;[m &amp#27;[35m[@503 - main]&amp#27;[m &amp#27;[36mcom.shaft.tools.io.ReportManager&amp#27;[m : File Action "DoesFileExist" successfully performed. With the following test data "File Path: "SteeringCompanyAPI_TestData/SteeringCompanyAPI_TestData.xlsx"".
2023-01-22 15:42:38.009 &amp#27;[32m INFO&amp#27;[m &amp#27;[35m[@503 - main]&amp#27;[m &amp#27;[36mcom.shaft.tools.io.ReportManager&amp#27;[m : Successfully created attachment "Test Data - Excel"
2023-01-22 15:42:38.603 &amp#27;[32m INFO&amp#27;[m &amp#27;[35m[@503 - main]&amp#27;[m &amp#27;[36mcom.shaft.tools.io.ReportManager&amp#27;[m : Response status code: "200", status line: "HTTP/1.1 200 OK"
2023-01-22 15:42:38.620 &amp#27;[32m INFO&amp#27;[m &amp#27;[35m[@503 - main]&amp#27;[m &amp#27;[36mcom.shaft.tools.io.ReportManager&amp#27;[m : Successfully created attachment "API Request - Specifications"
2023-01-22 15:42:38.621 &amp#27;[32m INFO&amp#27;[m &amp#27;[35m[@503 - main]&amp#27;[m &amp#27;[36mcom.shaft.tools.io.ReportManager&amp#27;[m : Successfully created attachment "API Request - Body"
2023-01-22 15:42:38.622 &amp#27;[32m INFO&amp#27;[m &amp#27;[35m[@503 - main]&amp#27;[m &amp#27;[36mcom.shaft.tools.io.ReportManager&amp#27;[m : Successfully created attachment "API Response - JSON Body"
2023-01-22 15:42:38.629 &amp#27;[32m INFO&amp#27;[m &amp#27;[35m[@503 - main]&amp#27;[m &amp#27;[36mcom.shaft.tools.io.ReportManager&amp#27;[m : File Action "DoesFileExist" successfully performed. With the following test data "File Path: "SteeringCompanyAPI_TestData/SteeringCompanyAPI_TestData.xlsx"".
2023-01-22 15:42:38.655 &amp#27;[32m INFO&amp#27;[m &amp#27;[35m[@503 - main]&amp#27;[m &amp#27;[36mcom.shaft.tools.io.ReportManager&amp#27;[m : Successfully created attachment "Test Data - Excel"
2023-01-22 15:42:38.655 &amp#27;[32m INFO&amp#27;[m &amp#27;[35m[@503 - main]&amp#27;[m &amp#27;[36mcom.shaft.tools.io.ReportManager&amp#27;[m : File Action "DoesFileExist" successfully performed. With the following test data "File Path: "SteeringCompanyAPI_TestData/SteeringCompanyAPI_TestData.xlsx"".
2023-01-22 15:42:38.676 &amp#27;[32m INFO&amp#27;[m &amp#27;[35m[@503 - main]&amp#27;[m &amp#27;[36mcom.shaft.tools.io.ReportManager&amp#27;[m : Successfully created attachment "Test Data - Excel"
2023-01-22 15:42:38.677 &amp#27;[32m INFO&amp#27;[m &amp#27;[35m[@503 - main]&amp#27;[m &amp#27;[36mcom.shaft.tools.io.ReportManager&amp#27;[m : File Action "DoesFileExist" successfully performed. With the following test data "File Path: "SteeringCompanyAPI_TestData/SteeringCompanyAPI_TestData.xlsx"".
2023-01-22 15:42:38.706 &amp#27;[32m INFO&amp#27;[m &amp#27;[35m[@503 - main]&amp#27;[m &amp#27;[36mcom.shaft.tools.io.ReportManager&amp#27;[m : Successfully created attachment "Test Data - Excel"
2023-01-22 15:42:39.159 &amp#27;[32m INFO&amp#27;[m &amp#27;[35m[@503 - main]&amp#27;[m &amp#27;[36mcom.shaft.tools.io.ReportManager&amp#27;[m : Response status code: "422", status line: "HTTP/1.1 422 "
2023-01-22 15:42:39.170 &amp#27;[32m INFO&amp#27;[m &amp#27;[35m[@503 - main]&amp#27;[m &amp#27;[36mcom.shaft.tools.io.ReportManager&amp#27;[m : Successfully created attachment "API Request - Specifications"
2023-01-22 15:42:39.171 &amp#27;[32m INFO&amp#27;[m &amp#27;[35m[@503 - main]&amp#27;[m &amp#27;[36mcom.shaft.tools.io.ReportManager&amp#27;[m : Successfully created attachment "API Request - JSON Body"
2023-01-22 15:42:39.173 &amp#27;[32m INFO&amp#27;[m &amp#27;[35m[@503 - main]&amp#27;[m &amp#27;[36mcom.shaft.tools.io.ReportManager&amp#27;[m : Successfully created attachment "API Response - JSON Body"
2023-01-22 15:42:39.173 &amp#27;[32m INFO&amp#27;[m &amp#27;[35m[@503 - main]&amp#27;[m &amp#27;[36mcom.shaft.tools.io.ReportManager&amp#27;[m : File Action "DoesFileExist" successfully performed. With the following test data "File Path: "Schemas/ValidationError_schema.json"".
2023-01-22 15:42:39.174 &amp#27;[32m INFO&amp#27;[m &amp#27;[35m[@503 - main]&amp#27;[m &amp#27;[36mcom.shaft.tools.io.ReportManager&amp#27;[m : File Action "DoesFileExist" successfully performed. With the following test data "File Path: "src/test/resources/testDataFiles/Schemas/ValidationError_schema.json"".
2023-01-22 15:42:39.174 &amp#27;[32m INFO&amp#27;[m &amp#27;[35m[@503 - main]&amp#27;[m &amp#27;[36mcom.shaft.tools.io.ReportManager&amp#27;[m : File Action "GetAbsolutePath" successfully performed. With the following test data "Relative Folder Path: "src/test/resources/testDataFiles/Schemas/ValidationError_schema.json"".
2023-01-22 15:42:39.177 &amp#27;[32m INFO&amp#27;[m &amp#27;[35m[@503 - main]&amp#27;[m &amp#27;[36mcom.shaft.tools.io.ReportManager&amp#27;[m : File Action "DoesFileExist" successfully performed. With the following test data "File Path: "C:\eclipse-workspace\MyProjects\TASystemsAPIs\src\test\resources\testDataFiles\Schemas\ValidationError_schema.json"".
2023-01-22 15:42:39.178 &amp#27;[32m INFO&amp#27;[m &amp#27;[35m[@503 - main]&amp#27;[m &amp#27;[36mcom.shaft.tools.io.ReportManager&amp#27;[m : File Action "GetAbsolutePath" successfully performed. With the following test data "Relative Folder Path: "C:\eclipse-workspace\MyProjects\TASystemsAPIs\src\test\resources\testDataFiles\Schemas\ValidationError_schema.json"".
2023-01-22 15:42:39.178 &amp#27;[32m INFO&amp#27;[m &amp#27;[35m[@503 - main]&amp#27;[m &amp#27;[36mcom.shaft.tools.io.ReportManager&amp#27;[m : File Action "ReadFile" successfully performed. With the following test data "File Path: "C:\eclipse-workspace\MyProjects\TASystemsAPIs\src\test\resources\testDataFiles\Schemas\ValidationError_schema.json"".
2023-01-22 15:42:39.179 &amp#27;[32m INFO&amp#27;[m &amp#27;[35m[@503 - main]&amp#27;[m &amp#27;[36mcom.shaft.tools.io.ReportManager&amp#27;[m : Successfully created attachment "Validation Test Data - Expected JSON Value"
2023-01-22 15:42:39.179 &amp#27;[32m INFO&amp#27;[m &amp#27;[35m[@503 - main]&amp#27;[m &amp#27;[36mcom.shaft.tools.io.ReportManager&amp#27;[m : Successfully created attachment "Validation Test Data - Actual JSON Value"
2023-01-22 15:42:39.182 &amp#27;[32m INFO&amp#27;[m &amp#27;[35m[@503 - main]&amp#27;[m &amp#27;[36mcom.shaft.tools.io.ReportManager&amp#27;[m : Successfully created attachment "SHAFT Engine Logs - Current Method log: Add_Policy_With_InValid_data_TC"
]]></system-out>
  </testcase>
  <testcase name="Add_Policy_With_InValid_data_TC[[Ljava.lang.Object;@65f59c41](58)" classname="SteeringCompanyAPI_TestCases.Test_Policies_Cases" time="1.217">
    <system-out><![CDATA[2023-01-22 15:42:39.186 &amp#27;[32m INFO&amp#27;[m &amp#27;[35m[@534 - main]&amp#27;[m &amp#27;[36mcom.shaft.tools.io.ReportManager&amp#27;[m : 
################################################################################################################################################
Starting Execution:	"66 out of 70" test cases in the current suite
Test Method:		"SteeringCompanyAPI_TestCases.Test_Policies_Cases.Add_Policy_With_InValid_data_TC"
Test Description:	"TC052 -Policy- Perform Add Policy with InValid data"
################################################################################################################################################
2023-01-22 15:42:39.187 &amp#27;[32m INFO&amp#27;[m &amp#27;[35m[@503 - main]&amp#27;[m &amp#27;[36mcom.shaft.tools.io.ReportManager&amp#27;[m : File Action "DoesFileExist" successfully performed. With the following test data "File Path: "SteeringCompanyAPI_TestData/SteeringCompanyAPI_TestData.xlsx"".
2023-01-22 15:42:39.208 &amp#27;[32m INFO&amp#27;[m &amp#27;[35m[@503 - main]&amp#27;[m &amp#27;[36mcom.shaft.tools.io.ReportManager&amp#27;[m : Successfully created attachment "Test Data - Excel"
2023-01-22 15:42:39.806 &amp#27;[32m INFO&amp#27;[m &amp#27;[35m[@503 - main]&amp#27;[m &amp#27;[36mcom.shaft.tools.io.ReportManager&amp#27;[m : Response status code: "200", status line: "HTTP/1.1 200 OK"
2023-01-22 15:42:39.820 &amp#27;[32m INFO&amp#27;[m &amp#27;[35m[@503 - main]&amp#27;[m &amp#27;[36mcom.shaft.tools.io.ReportManager&amp#27;[m : Successfully created attachment "API Request - Specifications"
2023-01-22 15:42:39.823 &amp#27;[32m INFO&amp#27;[m &amp#27;[35m[@503 - main]&amp#27;[m &amp#27;[36mcom.shaft.tools.io.ReportManager&amp#27;[m : Successfully created attachment "API Request - Body"
2023-01-22 15:42:39.824 &amp#27;[32m INFO&amp#27;[m &amp#27;[35m[@503 - main]&amp#27;[m &amp#27;[36mcom.shaft.tools.io.ReportManager&amp#27;[m : Successfully created attachment "API Response - JSON Body"
2023-01-22 15:42:39.832 &amp#27;[32m INFO&amp#27;[m &amp#27;[35m[@503 - main]&amp#27;[m &amp#27;[36mcom.shaft.tools.io.ReportManager&amp#27;[m : File Action "DoesFileExist" successfully performed. With the following test data "File Path: "SteeringCompanyAPI_TestData/SteeringCompanyAPI_TestData.xlsx"".
2023-01-22 15:42:39.855 &amp#27;[32m INFO&amp#27;[m &amp#27;[35m[@503 - main]&amp#27;[m &amp#27;[36mcom.shaft.tools.io.ReportManager&amp#27;[m : Successfully created attachment "Test Data - Excel"
2023-01-22 15:42:39.855 &amp#27;[32m INFO&amp#27;[m &amp#27;[35m[@503 - main]&amp#27;[m &amp#27;[36mcom.shaft.tools.io.ReportManager&amp#27;[m : File Action "DoesFileExist" successfully performed. With the following test data "File Path: "SteeringCompanyAPI_TestData/SteeringCompanyAPI_TestData.xlsx"".
2023-01-22 15:42:39.877 &amp#27;[32m INFO&amp#27;[m &amp#27;[35m[@503 - main]&amp#27;[m &amp#27;[36mcom.shaft.tools.io.ReportManager&amp#27;[m : Successfully created attachment "Test Data - Excel"
2023-01-22 15:42:39.878 &amp#27;[32m INFO&amp#27;[m &amp#27;[35m[@503 - main]&amp#27;[m &amp#27;[36mcom.shaft.tools.io.ReportManager&amp#27;[m : File Action "DoesFileExist" successfully performed. With the following test data "File Path: "SteeringCompanyAPI_TestData/SteeringCompanyAPI_TestData.xlsx"".
2023-01-22 15:42:39.902 &amp#27;[32m INFO&amp#27;[m &amp#27;[35m[@503 - main]&amp#27;[m &amp#27;[36mcom.shaft.tools.io.ReportManager&amp#27;[m : Successfully created attachment "Test Data - Excel"
2023-01-22 15:42:40.371 &amp#27;[32m INFO&amp#27;[m &amp#27;[35m[@503 - main]&amp#27;[m &amp#27;[36mcom.shaft.tools.io.ReportManager&amp#27;[m : Response status code: "422", status line: "HTTP/1.1 422 "
2023-01-22 15:42:40.392 &amp#27;[32m INFO&amp#27;[m &amp#27;[35m[@503 - main]&amp#27;[m &amp#27;[36mcom.shaft.tools.io.ReportManager&amp#27;[m : Successfully created attachment "API Request - Specifications"
2023-01-22 15:42:40.393 &amp#27;[32m INFO&amp#27;[m &amp#27;[35m[@503 - main]&amp#27;[m &amp#27;[36mcom.shaft.tools.io.ReportManager&amp#27;[m : Successfully created attachment "API Request - JSON Body"
2023-01-22 15:42:40.394 &amp#27;[32m INFO&amp#27;[m &amp#27;[35m[@503 - main]&amp#27;[m &amp#27;[36mcom.shaft.tools.io.ReportManager&amp#27;[m : Successfully created attachment "API Response - JSON Body"
2023-01-22 15:42:40.394 &amp#27;[32m INFO&amp#27;[m &amp#27;[35m[@503 - main]&amp#27;[m &amp#27;[36mcom.shaft.tools.io.ReportManager&amp#27;[m : File Action "DoesFileExist" successfully performed. With the following test data "File Path: "Schemas/ValidationError_schema.json"".
2023-01-22 15:42:40.394 &amp#27;[32m INFO&amp#27;[m &amp#27;[35m[@503 - main]&amp#27;[m &amp#27;[36mcom.shaft.tools.io.ReportManager&amp#27;[m : File Action "DoesFileExist" successfully performed. With the following test data "File Path: "src/test/resources/testDataFiles/Schemas/ValidationError_schema.json"".
2023-01-22 15:42:40.395 &amp#27;[32m INFO&amp#27;[m &amp#27;[35m[@503 - main]&amp#27;[m &amp#27;[36mcom.shaft.tools.io.ReportManager&amp#27;[m : File Action "GetAbsolutePath" successfully performed. With the following test data "Relative Folder Path: "src/test/resources/testDataFiles/Schemas/ValidationError_schema.json"".
2023-01-22 15:42:40.397 &amp#27;[32m INFO&amp#27;[m &amp#27;[35m[@503 - main]&amp#27;[m &amp#27;[36mcom.shaft.tools.io.ReportManager&amp#27;[m : File Action "DoesFileExist" successfully performed. With the following test data "File Path: "C:\eclipse-workspace\MyProjects\TASystemsAPIs\src\test\resources\testDataFiles\Schemas\ValidationError_schema.json"".
2023-01-22 15:42:40.397 &amp#27;[32m INFO&amp#27;[m &amp#27;[35m[@503 - main]&amp#27;[m &amp#27;[36mcom.shaft.tools.io.ReportManager&amp#27;[m : File Action "GetAbsolutePath" successfully performed. With the following test data "Relative Folder Path: "C:\eclipse-workspace\MyProjects\TASystemsAPIs\src\test\resources\testDataFiles\Schemas\ValidationError_schema.json"".
2023-01-22 15:42:40.397 &amp#27;[32m INFO&amp#27;[m &amp#27;[35m[@503 - main]&amp#27;[m &amp#27;[36mcom.shaft.tools.io.ReportManager&amp#27;[m : File Action "ReadFile" successfully performed. With the following test data "File Path: "C:\eclipse-workspace\MyProjects\TASystemsAPIs\src\test\resources\testDataFiles\Schemas\ValidationError_schema.json"".
2023-01-22 15:42:40.399 &amp#27;[32m INFO&amp#27;[m &amp#27;[35m[@503 - main]&amp#27;[m &amp#27;[36mcom.shaft.tools.io.ReportManager&amp#27;[m : Successfully created attachment "Validation Test Data - Expected JSON Value"
2023-01-22 15:42:40.400 &amp#27;[32m INFO&amp#27;[m &amp#27;[35m[@503 - main]&amp#27;[m &amp#27;[36mcom.shaft.tools.io.ReportManager&amp#27;[m : Successfully created attachment "Validation Test Data - Actual JSON Value"
2023-01-22 15:42:40.401 &amp#27;[32m INFO&amp#27;[m &amp#27;[35m[@503 - main]&amp#27;[m &amp#27;[36mcom.shaft.tools.io.ReportManager&amp#27;[m : Successfully created attachment "SHAFT Engine Logs - Current Method log: Add_Policy_With_InValid_data_TC"
]]></system-out>
  </testcase>
  <testcase name="Add_Policy_With_InValid_data_TC[[Ljava.lang.Object;@6d8a67d2](59)" classname="SteeringCompanyAPI_TestCases.Test_Policies_Cases" time="1.256">
    <system-out><![CDATA[2023-01-22 15:42:40.402 &amp#27;[32m INFO&amp#27;[m &amp#27;[35m[@534 - main]&amp#27;[m &amp#27;[36mcom.shaft.tools.io.ReportManager&amp#27;[m : 
################################################################################################################################################
Starting Execution:	"67 out of 70" test cases in the current suite
Test Method:		"SteeringCompanyAPI_TestCases.Test_Policies_Cases.Add_Policy_With_InValid_data_TC"
Test Description:	"TC052 -Policy- Perform Add Policy with InValid data"
################################################################################################################################################
2023-01-22 15:42:40.403 &amp#27;[32m INFO&amp#27;[m &amp#27;[35m[@503 - main]&amp#27;[m &amp#27;[36mcom.shaft.tools.io.ReportManager&amp#27;[m : File Action "DoesFileExist" successfully performed. With the following test data "File Path: "SteeringCompanyAPI_TestData/SteeringCompanyAPI_TestData.xlsx"".
2023-01-22 15:42:40.437 &amp#27;[32m INFO&amp#27;[m &amp#27;[35m[@503 - main]&amp#27;[m &amp#27;[36mcom.shaft.tools.io.ReportManager&amp#27;[m : Successfully created attachment "Test Data - Excel"
2023-01-22 15:42:41.008 &amp#27;[32m INFO&amp#27;[m &amp#27;[35m[@503 - main]&amp#27;[m &amp#27;[36mcom.shaft.tools.io.ReportManager&amp#27;[m : Response status code: "200", status line: "HTTP/1.1 200 OK"
2023-01-22 15:42:41.022 &amp#27;[32m INFO&amp#27;[m &amp#27;[35m[@503 - main]&amp#27;[m &amp#27;[36mcom.shaft.tools.io.ReportManager&amp#27;[m : Successfully created attachment "API Request - Specifications"
2023-01-22 15:42:41.022 &amp#27;[32m INFO&amp#27;[m &amp#27;[35m[@503 - main]&amp#27;[m &amp#27;[36mcom.shaft.tools.io.ReportManager&amp#27;[m : Successfully created attachment "API Request - Body"
2023-01-22 15:42:41.026 &amp#27;[32m INFO&amp#27;[m &amp#27;[35m[@503 - main]&amp#27;[m &amp#27;[36mcom.shaft.tools.io.ReportManager&amp#27;[m : Successfully created attachment "API Response - JSON Body"
2023-01-22 15:42:41.037 &amp#27;[32m INFO&amp#27;[m &amp#27;[35m[@503 - main]&amp#27;[m &amp#27;[36mcom.shaft.tools.io.ReportManager&amp#27;[m : File Action "DoesFileExist" successfully performed. With the following test data "File Path: "SteeringCompanyAPI_TestData/SteeringCompanyAPI_TestData.xlsx"".
2023-01-22 15:42:41.063 &amp#27;[32m INFO&amp#27;[m &amp#27;[35m[@503 - main]&amp#27;[m &amp#27;[36mcom.shaft.tools.io.ReportManager&amp#27;[m : Successfully created attachment "Test Data - Excel"
2023-01-22 15:42:41.063 &amp#27;[32m INFO&amp#27;[m &amp#27;[35m[@503 - main]&amp#27;[m &amp#27;[36mcom.shaft.tools.io.ReportManager&amp#27;[m : File Action "DoesFileExist" successfully performed. With the following test data "File Path: "SteeringCompanyAPI_TestData/SteeringCompanyAPI_TestData.xlsx"".
2023-01-22 15:42:41.089 &amp#27;[32m INFO&amp#27;[m &amp#27;[35m[@503 - main]&amp#27;[m &amp#27;[36mcom.shaft.tools.io.ReportManager&amp#27;[m : Successfully created attachment "Test Data - Excel"
2023-01-22 15:42:41.089 &amp#27;[32m INFO&amp#27;[m &amp#27;[35m[@503 - main]&amp#27;[m &amp#27;[36mcom.shaft.tools.io.ReportManager&amp#27;[m : File Action "DoesFileExist" successfully performed. With the following test data "File Path: "SteeringCompanyAPI_TestData/SteeringCompanyAPI_TestData.xlsx"".
2023-01-22 15:42:41.119 &amp#27;[32m INFO&amp#27;[m &amp#27;[35m[@503 - main]&amp#27;[m &amp#27;[36mcom.shaft.tools.io.ReportManager&amp#27;[m : Successfully created attachment "Test Data - Excel"
2023-01-22 15:42:41.626 &amp#27;[32m INFO&amp#27;[m &amp#27;[35m[@503 - main]&amp#27;[m &amp#27;[36mcom.shaft.tools.io.ReportManager&amp#27;[m : Response status code: "422", status line: "HTTP/1.1 422 "
2023-01-22 15:42:41.645 &amp#27;[32m INFO&amp#27;[m &amp#27;[35m[@503 - main]&amp#27;[m &amp#27;[36mcom.shaft.tools.io.ReportManager&amp#27;[m : Successfully created attachment "API Request - Specifications"
2023-01-22 15:42:41.646 &amp#27;[32m INFO&amp#27;[m &amp#27;[35m[@503 - main]&amp#27;[m &amp#27;[36mcom.shaft.tools.io.ReportManager&amp#27;[m : Successfully created attachment "API Request - JSON Body"
2023-01-22 15:42:41.648 &amp#27;[32m INFO&amp#27;[m &amp#27;[35m[@503 - main]&amp#27;[m &amp#27;[36mcom.shaft.tools.io.ReportManager&amp#27;[m : Successfully created attachment "API Response - JSON Body"
2023-01-22 15:42:41.649 &amp#27;[32m INFO&amp#27;[m &amp#27;[35m[@503 - main]&amp#27;[m &amp#27;[36mcom.shaft.tools.io.ReportManager&amp#27;[m : File Action "DoesFileExist" successfully performed. With the following test data "File Path: "Schemas/ValidationError_schema.json"".
2023-01-22 15:42:41.649 &amp#27;[32m INFO&amp#27;[m &amp#27;[35m[@503 - main]&amp#27;[m &amp#27;[36mcom.shaft.tools.io.ReportManager&amp#27;[m : File Action "DoesFileExist" successfully performed. With the following test data "File Path: "src/test/resources/testDataFiles/Schemas/ValidationError_schema.json"".
2023-01-22 15:42:41.649 &amp#27;[32m INFO&amp#27;[m &amp#27;[35m[@503 - main]&amp#27;[m &amp#27;[36mcom.shaft.tools.io.ReportManager&amp#27;[m : File Action "GetAbsolutePath" successfully performed. With the following test data "Relative Folder Path: "src/test/resources/testDataFiles/Schemas/ValidationError_schema.json"".
2023-01-22 15:42:41.651 &amp#27;[32m INFO&amp#27;[m &amp#27;[35m[@503 - main]&amp#27;[m &amp#27;[36mcom.shaft.tools.io.ReportManager&amp#27;[m : File Action "DoesFileExist" successfully performed. With the following test data "File Path: "C:\eclipse-workspace\MyProjects\TASystemsAPIs\src\test\resources\testDataFiles\Schemas\ValidationError_schema.json"".
2023-01-22 15:42:41.652 &amp#27;[32m INFO&amp#27;[m &amp#27;[35m[@503 - main]&amp#27;[m &amp#27;[36mcom.shaft.tools.io.ReportManager&amp#27;[m : File Action "GetAbsolutePath" successfully performed. With the following test data "Relative Folder Path: "C:\eclipse-workspace\MyProjects\TASystemsAPIs\src\test\resources\testDataFiles\Schemas\ValidationError_schema.json"".
2023-01-22 15:42:41.652 &amp#27;[32m INFO&amp#27;[m &amp#27;[35m[@503 - main]&amp#27;[m &amp#27;[36mcom.shaft.tools.io.ReportManager&amp#27;[m : File Action "ReadFile" successfully performed. With the following test data "File Path: "C:\eclipse-workspace\MyProjects\TASystemsAPIs\src\test\resources\testDataFiles\Schemas\ValidationError_schema.json"".
2023-01-22 15:42:41.653 &amp#27;[32m INFO&amp#27;[m &amp#27;[35m[@503 - main]&amp#27;[m &amp#27;[36mcom.shaft.tools.io.ReportManager&amp#27;[m : Successfully created attachment "Validation Test Data - Expected JSON Value"
2023-01-22 15:42:41.655 &amp#27;[32m INFO&amp#27;[m &amp#27;[35m[@503 - main]&amp#27;[m &amp#27;[36mcom.shaft.tools.io.ReportManager&amp#27;[m : Successfully created attachment "Validation Test Data - Actual JSON Value"
2023-01-22 15:42:41.656 &amp#27;[32m INFO&amp#27;[m &amp#27;[35m[@503 - main]&amp#27;[m &amp#27;[36mcom.shaft.tools.io.ReportManager&amp#27;[m : Successfully created attachment "SHAFT Engine Logs - Current Method log: Add_Policy_With_InValid_data_TC"
]]></system-out>
  </testcase>
  <testcase name="Add_Policy_With_InValid_data_TC[[Ljava.lang.Object;@296c863c](60)" classname="SteeringCompanyAPI_TestCases.Test_Policies_Cases" time="1.203">
    <system-out><![CDATA[2023-01-22 15:42:41.660 &amp#27;[32m INFO&amp#27;[m &amp#27;[35m[@534 - main]&amp#27;[m &amp#27;[36mcom.shaft.tools.io.ReportManager&amp#27;[m : 
################################################################################################################################################
Starting Execution:	"68 out of 70" test cases in the current suite
Test Method:		"SteeringCompanyAPI_TestCases.Test_Policies_Cases.Add_Policy_With_InValid_data_TC"
Test Description:	"TC052 -Policy- Perform Add Policy with InValid data"
################################################################################################################################################
2023-01-22 15:42:41.660 &amp#27;[32m INFO&amp#27;[m &amp#27;[35m[@503 - main]&amp#27;[m &amp#27;[36mcom.shaft.tools.io.ReportManager&amp#27;[m : File Action "DoesFileExist" successfully performed. With the following test data "File Path: "SteeringCompanyAPI_TestData/SteeringCompanyAPI_TestData.xlsx"".
2023-01-22 15:42:41.692 &amp#27;[32m INFO&amp#27;[m &amp#27;[35m[@503 - main]&amp#27;[m &amp#27;[36mcom.shaft.tools.io.ReportManager&amp#27;[m : Successfully created attachment "Test Data - Excel"
2023-01-22 15:42:42.275 &amp#27;[32m INFO&amp#27;[m &amp#27;[35m[@503 - main]&amp#27;[m &amp#27;[36mcom.shaft.tools.io.ReportManager&amp#27;[m : Response status code: "200", status line: "HTTP/1.1 200 OK"
2023-01-22 15:42:42.286 &amp#27;[32m INFO&amp#27;[m &amp#27;[35m[@503 - main]&amp#27;[m &amp#27;[36mcom.shaft.tools.io.ReportManager&amp#27;[m : Successfully created attachment "API Request - Specifications"
2023-01-22 15:42:42.289 &amp#27;[32m INFO&amp#27;[m &amp#27;[35m[@503 - main]&amp#27;[m &amp#27;[36mcom.shaft.tools.io.ReportManager&amp#27;[m : Successfully created attachment "API Request - Body"
2023-01-22 15:42:42.290 &amp#27;[32m INFO&amp#27;[m &amp#27;[35m[@503 - main]&amp#27;[m &amp#27;[36mcom.shaft.tools.io.ReportManager&amp#27;[m : Successfully created attachment "API Response - JSON Body"
2023-01-22 15:42:42.301 &amp#27;[32m INFO&amp#27;[m &amp#27;[35m[@503 - main]&amp#27;[m &amp#27;[36mcom.shaft.tools.io.ReportManager&amp#27;[m : File Action "DoesFileExist" successfully performed. With the following test data "File Path: "SteeringCompanyAPI_TestData/SteeringCompanyAPI_TestData.xlsx"".
2023-01-22 15:42:42.320 &amp#27;[32m INFO&amp#27;[m &amp#27;[35m[@503 - main]&amp#27;[m &amp#27;[36mcom.shaft.tools.io.ReportManager&amp#27;[m : Successfully created attachment "Test Data - Excel"
2023-01-22 15:42:42.321 &amp#27;[32m INFO&amp#27;[m &amp#27;[35m[@503 - main]&amp#27;[m &amp#27;[36mcom.shaft.tools.io.ReportManager&amp#27;[m : File Action "DoesFileExist" successfully performed. With the following test data "File Path: "SteeringCompanyAPI_TestData/SteeringCompanyAPI_TestData.xlsx"".
2023-01-22 15:42:42.344 &amp#27;[32m INFO&amp#27;[m &amp#27;[35m[@503 - main]&amp#27;[m &amp#27;[36mcom.shaft.tools.io.ReportManager&amp#27;[m : Successfully created attachment "Test Data - Excel"
2023-01-22 15:42:42.344 &amp#27;[32m INFO&amp#27;[m &amp#27;[35m[@503 - main]&amp#27;[m &amp#27;[36mcom.shaft.tools.io.ReportManager&amp#27;[m : File Action "DoesFileExist" successfully performed. With the following test data "File Path: "SteeringCompanyAPI_TestData/SteeringCompanyAPI_TestData.xlsx"".
2023-01-22 15:42:42.370 &amp#27;[32m INFO&amp#27;[m &amp#27;[35m[@503 - main]&amp#27;[m &amp#27;[36mcom.shaft.tools.io.ReportManager&amp#27;[m : Successfully created attachment "Test Data - Excel"
2023-01-22 15:42:42.825 &amp#27;[32m INFO&amp#27;[m &amp#27;[35m[@503 - main]&amp#27;[m &amp#27;[36mcom.shaft.tools.io.ReportManager&amp#27;[m : Response status code: "422", status line: "HTTP/1.1 422 "
2023-01-22 15:42:42.839 &amp#27;[32m INFO&amp#27;[m &amp#27;[35m[@503 - main]&amp#27;[m &amp#27;[36mcom.shaft.tools.io.ReportManager&amp#27;[m : Successfully created attachment "API Request - Specifications"
2023-01-22 15:42:42.839 &amp#27;[32m INFO&amp#27;[m &amp#27;[35m[@503 - main]&amp#27;[m &amp#27;[36mcom.shaft.tools.io.ReportManager&amp#27;[m : Successfully created attachment "API Request - JSON Body"
2023-01-22 15:42:42.840 &amp#27;[32m INFO&amp#27;[m &amp#27;[35m[@503 - main]&amp#27;[m &amp#27;[36mcom.shaft.tools.io.ReportManager&amp#27;[m : Successfully created attachment "API Response - JSON Body"
2023-01-22 15:42:42.846 &amp#27;[32m INFO&amp#27;[m &amp#27;[35m[@503 - main]&amp#27;[m &amp#27;[36mcom.shaft.tools.io.ReportManager&amp#27;[m : File Action "DoesFileExist" successfully performed. With the following test data "File Path: "Schemas/ValidationError_schema.json"".
2023-01-22 15:42:42.848 &amp#27;[32m INFO&amp#27;[m &amp#27;[35m[@503 - main]&amp#27;[m &amp#27;[36mcom.shaft.tools.io.ReportManager&amp#27;[m : File Action "DoesFileExist" successfully performed. With the following test data "File Path: "src/test/resources/testDataFiles/Schemas/ValidationError_schema.json"".
2023-01-22 15:42:42.848 &amp#27;[32m INFO&amp#27;[m &amp#27;[35m[@503 - main]&amp#27;[m &amp#27;[36mcom.shaft.tools.io.ReportManager&amp#27;[m : File Action "GetAbsolutePath" successfully performed. With the following test data "Relative Folder Path: "src/test/resources/testDataFiles/Schemas/ValidationError_schema.json"".
2023-01-22 15:42:42.850 &amp#27;[32m INFO&amp#27;[m &amp#27;[35m[@503 - main]&amp#27;[m &amp#27;[36mcom.shaft.tools.io.ReportManager&amp#27;[m : File Action "DoesFileExist" successfully performed. With the following test data "File Path: "C:\eclipse-workspace\MyProjects\TASystemsAPIs\src\test\resources\testDataFiles\Schemas\ValidationError_schema.json"".
2023-01-22 15:42:42.850 &amp#27;[32m INFO&amp#27;[m &amp#27;[35m[@503 - main]&amp#27;[m &amp#27;[36mcom.shaft.tools.io.ReportManager&amp#27;[m : File Action "GetAbsolutePath" successfully performed. With the following test data "Relative Folder Path: "C:\eclipse-workspace\MyProjects\TASystemsAPIs\src\test\resources\testDataFiles\Schemas\ValidationError_schema.json"".
2023-01-22 15:42:42.850 &amp#27;[32m INFO&amp#27;[m &amp#27;[35m[@503 - main]&amp#27;[m &amp#27;[36mcom.shaft.tools.io.ReportManager&amp#27;[m : File Action "ReadFile" successfully performed. With the following test data "File Path: "C:\eclipse-workspace\MyProjects\TASystemsAPIs\src\test\resources\testDataFiles\Schemas\ValidationError_schema.json"".
2023-01-22 15:42:42.852 &amp#27;[32m INFO&amp#27;[m &amp#27;[35m[@503 - main]&amp#27;[m &amp#27;[36mcom.shaft.tools.io.ReportManager&amp#27;[m : Successfully created attachment "Validation Test Data - Expected JSON Value"
2023-01-22 15:42:42.855 &amp#27;[32m INFO&amp#27;[m &amp#27;[35m[@503 - main]&amp#27;[m &amp#27;[36mcom.shaft.tools.io.ReportManager&amp#27;[m : Successfully created attachment "Validation Test Data - Actual JSON Value"
2023-01-22 15:42:42.858 &amp#27;[32m INFO&amp#27;[m &amp#27;[35m[@503 - main]&amp#27;[m &amp#27;[36mcom.shaft.tools.io.ReportManager&amp#27;[m : Successfully created attachment "SHAFT Engine Logs - Current Method log: Add_Policy_With_InValid_data_TC"
]]></system-out>
  </testcase>
  <testcase name="Add_Policy_With_InValid_data_TC[[Ljava.lang.Object;@565e0e8f](61)" classname="SteeringCompanyAPI_TestCases.Test_Policies_Cases" time="1.168">
    <system-out><![CDATA[2023-01-22 15:42:42.862 &amp#27;[32m INFO&amp#27;[m &amp#27;[35m[@534 - main]&amp#27;[m &amp#27;[36mcom.shaft.tools.io.ReportManager&amp#27;[m : 
################################################################################################################################################
Starting Execution:	"69 out of 70" test cases in the current suite
Test Method:		"SteeringCompanyAPI_TestCases.Test_Policies_Cases.Add_Policy_With_InValid_data_TC"
Test Description:	"TC052 -Policy- Perform Add Policy with InValid data"
################################################################################################################################################
2023-01-22 15:42:42.862 &amp#27;[32m INFO&amp#27;[m &amp#27;[35m[@503 - main]&amp#27;[m &amp#27;[36mcom.shaft.tools.io.ReportManager&amp#27;[m : File Action "DoesFileExist" successfully performed. With the following test data "File Path: "SteeringCompanyAPI_TestData/SteeringCompanyAPI_TestData.xlsx"".
2023-01-22 15:42:42.888 &amp#27;[32m INFO&amp#27;[m &amp#27;[35m[@503 - main]&amp#27;[m &amp#27;[36mcom.shaft.tools.io.ReportManager&amp#27;[m : Successfully created attachment "Test Data - Excel"
2023-01-22 15:42:43.459 &amp#27;[32m INFO&amp#27;[m &amp#27;[35m[@503 - main]&amp#27;[m &amp#27;[36mcom.shaft.tools.io.ReportManager&amp#27;[m : Response status code: "200", status line: "HTTP/1.1 200 OK"
2023-01-22 15:42:43.469 &amp#27;[32m INFO&amp#27;[m &amp#27;[35m[@503 - main]&amp#27;[m &amp#27;[36mcom.shaft.tools.io.ReportManager&amp#27;[m : Successfully created attachment "API Request - Specifications"
2023-01-22 15:42:43.470 &amp#27;[32m INFO&amp#27;[m &amp#27;[35m[@503 - main]&amp#27;[m &amp#27;[36mcom.shaft.tools.io.ReportManager&amp#27;[m : Successfully created attachment "API Request - Body"
2023-01-22 15:42:43.470 &amp#27;[32m INFO&amp#27;[m &amp#27;[35m[@503 - main]&amp#27;[m &amp#27;[36mcom.shaft.tools.io.ReportManager&amp#27;[m : Successfully created attachment "API Response - JSON Body"
2023-01-22 15:42:43.480 &amp#27;[32m INFO&amp#27;[m &amp#27;[35m[@503 - main]&amp#27;[m &amp#27;[36mcom.shaft.tools.io.ReportManager&amp#27;[m : File Action "DoesFileExist" successfully performed. With the following test data "File Path: "SteeringCompanyAPI_TestData/SteeringCompanyAPI_TestData.xlsx"".
2023-01-22 15:42:43.504 &amp#27;[32m INFO&amp#27;[m &amp#27;[35m[@503 - main]&amp#27;[m &amp#27;[36mcom.shaft.tools.io.ReportManager&amp#27;[m : Successfully created attachment "Test Data - Excel"
2023-01-22 15:42:43.504 &amp#27;[32m INFO&amp#27;[m &amp#27;[35m[@503 - main]&amp#27;[m &amp#27;[36mcom.shaft.tools.io.ReportManager&amp#27;[m : File Action "DoesFileExist" successfully performed. With the following test data "File Path: "SteeringCompanyAPI_TestData/SteeringCompanyAPI_TestData.xlsx"".
2023-01-22 15:42:43.525 &amp#27;[32m INFO&amp#27;[m &amp#27;[35m[@503 - main]&amp#27;[m &amp#27;[36mcom.shaft.tools.io.ReportManager&amp#27;[m : Successfully created attachment "Test Data - Excel"
2023-01-22 15:42:43.526 &amp#27;[32m INFO&amp#27;[m &amp#27;[35m[@503 - main]&amp#27;[m &amp#27;[36mcom.shaft.tools.io.ReportManager&amp#27;[m : File Action "DoesFileExist" successfully performed. With the following test data "File Path: "SteeringCompanyAPI_TestData/SteeringCompanyAPI_TestData.xlsx"".
2023-01-22 15:42:43.548 &amp#27;[32m INFO&amp#27;[m &amp#27;[35m[@503 - main]&amp#27;[m &amp#27;[36mcom.shaft.tools.io.ReportManager&amp#27;[m : Successfully created attachment "Test Data - Excel"
2023-01-22 15:42:43.997 &amp#27;[32m INFO&amp#27;[m &amp#27;[35m[@503 - main]&amp#27;[m &amp#27;[36mcom.shaft.tools.io.ReportManager&amp#27;[m : Response status code: "422", status line: "HTTP/1.1 422 "
2023-01-22 15:42:44.013 &amp#27;[32m INFO&amp#27;[m &amp#27;[35m[@503 - main]&amp#27;[m &amp#27;[36mcom.shaft.tools.io.ReportManager&amp#27;[m : Successfully created attachment "API Request - Specifications"
2023-01-22 15:42:44.017 &amp#27;[32m INFO&amp#27;[m &amp#27;[35m[@503 - main]&amp#27;[m &amp#27;[36mcom.shaft.tools.io.ReportManager&amp#27;[m : Successfully created attachment "API Request - JSON Body"
2023-01-22 15:42:44.018 &amp#27;[32m INFO&amp#27;[m &amp#27;[35m[@503 - main]&amp#27;[m &amp#27;[36mcom.shaft.tools.io.ReportManager&amp#27;[m : Successfully created attachment "API Response - JSON Body"
2023-01-22 15:42:44.019 &amp#27;[32m INFO&amp#27;[m &amp#27;[35m[@503 - main]&amp#27;[m &amp#27;[36mcom.shaft.tools.io.ReportManager&amp#27;[m : File Action "DoesFileExist" successfully performed. With the following test data "File Path: "Schemas/ValidationError_schema.json"".
2023-01-22 15:42:44.020 &amp#27;[32m INFO&amp#27;[m &amp#27;[35m[@503 - main]&amp#27;[m &amp#27;[36mcom.shaft.tools.io.ReportManager&amp#27;[m : File Action "DoesFileExist" successfully performed. With the following test data "File Path: "src/test/resources/testDataFiles/Schemas/ValidationError_schema.json"".
2023-01-22 15:42:44.020 &amp#27;[32m INFO&amp#27;[m &amp#27;[35m[@503 - main]&amp#27;[m &amp#27;[36mcom.shaft.tools.io.ReportManager&amp#27;[m : File Action "GetAbsolutePath" successfully performed. With the following test data "Relative Folder Path: "src/test/resources/testDataFiles/Schemas/ValidationError_schema.json"".
2023-01-22 15:42:44.022 &amp#27;[32m INFO&amp#27;[m &amp#27;[35m[@503 - main]&amp#27;[m &amp#27;[36mcom.shaft.tools.io.ReportManager&amp#27;[m : File Action "DoesFileExist" successfully performed. With the following test data "File Path: "C:\eclipse-workspace\MyProjects\TASystemsAPIs\src\test\resources\testDataFiles\Schemas\ValidationError_schema.json"".
2023-01-22 15:42:44.023 &amp#27;[32m INFO&amp#27;[m &amp#27;[35m[@503 - main]&amp#27;[m &amp#27;[36mcom.shaft.tools.io.ReportManager&amp#27;[m : File Action "GetAbsolutePath" successfully performed. With the following test data "Relative Folder Path: "C:\eclipse-workspace\MyProjects\TASystemsAPIs\src\test\resources\testDataFiles\Schemas\ValidationError_schema.json"".
2023-01-22 15:42:44.023 &amp#27;[32m INFO&amp#27;[m &amp#27;[35m[@503 - main]&amp#27;[m &amp#27;[36mcom.shaft.tools.io.ReportManager&amp#27;[m : File Action "ReadFile" successfully performed. With the following test data "File Path: "C:\eclipse-workspace\MyProjects\TASystemsAPIs\src\test\resources\testDataFiles\Schemas\ValidationError_schema.json"".
2023-01-22 15:42:44.025 &amp#27;[32m INFO&amp#27;[m &amp#27;[35m[@503 - main]&amp#27;[m &amp#27;[36mcom.shaft.tools.io.ReportManager&amp#27;[m : Successfully created attachment "Validation Test Data - Expected JSON Value"
2023-01-22 15:42:44.026 &amp#27;[32m INFO&amp#27;[m &amp#27;[35m[@503 - main]&amp#27;[m &amp#27;[36mcom.shaft.tools.io.ReportManager&amp#27;[m : Successfully created attachment "Validation Test Data - Actual JSON Value"
2023-01-22 15:42:44.027 &amp#27;[32m INFO&amp#27;[m &amp#27;[35m[@503 - main]&amp#27;[m &amp#27;[36mcom.shaft.tools.io.ReportManager&amp#27;[m : Successfully created attachment "SHAFT Engine Logs - Current Method log: Add_Policy_With_InValid_data_TC"
]]></system-out>
  </testcase>
  <testcase name="Add_Policy_With_InValid_data_TC[[Ljava.lang.Object;@c123d31](62)" classname="SteeringCompanyAPI_TestCases.Test_Policies_Cases" time="1.243">
    <system-out><![CDATA[2023-01-22 15:42:44.030 &amp#27;[32m INFO&amp#27;[m &amp#27;[35m[@534 - main]&amp#27;[m &amp#27;[36mcom.shaft.tools.io.ReportManager&amp#27;[m : 
################################################################################################################################################
Starting Execution:	"70 out of 70" test cases in the current suite
Test Method:		"SteeringCompanyAPI_TestCases.Test_Policies_Cases.Add_Policy_With_InValid_data_TC"
Test Description:	"TC052 -Policy- Perform Add Policy with InValid data"
################################################################################################################################################
2023-01-22 15:42:44.030 &amp#27;[32m INFO&amp#27;[m &amp#27;[35m[@503 - main]&amp#27;[m &amp#27;[36mcom.shaft.tools.io.ReportManager&amp#27;[m : File Action "DoesFileExist" successfully performed. With the following test data "File Path: "SteeringCompanyAPI_TestData/SteeringCompanyAPI_TestData.xlsx"".
2023-01-22 15:42:44.053 &amp#27;[32m INFO&amp#27;[m &amp#27;[35m[@503 - main]&amp#27;[m &amp#27;[36mcom.shaft.tools.io.ReportManager&amp#27;[m : Successfully created attachment "Test Data - Excel"
2023-01-22 15:42:44.643 &amp#27;[32m INFO&amp#27;[m &amp#27;[35m[@503 - main]&amp#27;[m &amp#27;[36mcom.shaft.tools.io.ReportManager&amp#27;[m : Response status code: "200", status line: "HTTP/1.1 200 OK"
2023-01-22 15:42:44.655 &amp#27;[32m INFO&amp#27;[m &amp#27;[35m[@503 - main]&amp#27;[m &amp#27;[36mcom.shaft.tools.io.ReportManager&amp#27;[m : Successfully created attachment "API Request - Specifications"
2023-01-22 15:42:44.655 &amp#27;[32m INFO&amp#27;[m &amp#27;[35m[@503 - main]&amp#27;[m &amp#27;[36mcom.shaft.tools.io.ReportManager&amp#27;[m : Successfully created attachment "API Request - Body"
2023-01-22 15:42:44.657 &amp#27;[32m INFO&amp#27;[m &amp#27;[35m[@503 - main]&amp#27;[m &amp#27;[36mcom.shaft.tools.io.ReportManager&amp#27;[m : Successfully created attachment "API Response - JSON Body"
2023-01-22 15:42:44.667 &amp#27;[32m INFO&amp#27;[m &amp#27;[35m[@503 - main]&amp#27;[m &amp#27;[36mcom.shaft.tools.io.ReportManager&amp#27;[m : File Action "DoesFileExist" successfully performed. With the following test data "File Path: "SteeringCompanyAPI_TestData/SteeringCompanyAPI_TestData.xlsx"".
2023-01-22 15:42:44.692 &amp#27;[32m INFO&amp#27;[m &amp#27;[35m[@503 - main]&amp#27;[m &amp#27;[36mcom.shaft.tools.io.ReportManager&amp#27;[m : Successfully created attachment "Test Data - Excel"
2023-01-22 15:42:44.693 &amp#27;[32m INFO&amp#27;[m &amp#27;[35m[@503 - main]&amp#27;[m &amp#27;[36mcom.shaft.tools.io.ReportManager&amp#27;[m : File Action "DoesFileExist" successfully performed. With the following test data "File Path: "SteeringCompanyAPI_TestData/SteeringCompanyAPI_TestData.xlsx"".
2023-01-22 15:42:44.716 &amp#27;[32m INFO&amp#27;[m &amp#27;[35m[@503 - main]&amp#27;[m &amp#27;[36mcom.shaft.tools.io.ReportManager&amp#27;[m : Successfully created attachment "Test Data - Excel"
2023-01-22 15:42:44.716 &amp#27;[32m INFO&amp#27;[m &amp#27;[35m[@503 - main]&amp#27;[m &amp#27;[36mcom.shaft.tools.io.ReportManager&amp#27;[m : File Action "DoesFileExist" successfully performed. With the following test data "File Path: "SteeringCompanyAPI_TestData/SteeringCompanyAPI_TestData.xlsx"".
2023-01-22 15:42:44.737 &amp#27;[32m INFO&amp#27;[m &amp#27;[35m[@503 - main]&amp#27;[m &amp#27;[36mcom.shaft.tools.io.ReportManager&amp#27;[m : Successfully created attachment "Test Data - Excel"
2023-01-22 15:42:45.247 &amp#27;[32m INFO&amp#27;[m &amp#27;[35m[@503 - main]&amp#27;[m &amp#27;[36mcom.shaft.tools.io.ReportManager&amp#27;[m : Response status code: "422", status line: "HTTP/1.1 422 "
2023-01-22 15:42:45.259 &amp#27;[32m INFO&amp#27;[m &amp#27;[35m[@503 - main]&amp#27;[m &amp#27;[36mcom.shaft.tools.io.ReportManager&amp#27;[m : Successfully created attachment "API Request - Specifications"
2023-01-22 15:42:45.260 &amp#27;[32m INFO&amp#27;[m &amp#27;[35m[@503 - main]&amp#27;[m &amp#27;[36mcom.shaft.tools.io.ReportManager&amp#27;[m : Successfully created attachment "API Request - JSON Body"
2023-01-22 15:42:45.262 &amp#27;[32m INFO&amp#27;[m &amp#27;[35m[@503 - main]&amp#27;[m &amp#27;[36mcom.shaft.tools.io.ReportManager&amp#27;[m : Successfully created attachment "API Response - JSON Body"
2023-01-22 15:42:45.262 &amp#27;[32m INFO&amp#27;[m &amp#27;[35m[@503 - main]&amp#27;[m &amp#27;[36mcom.shaft.tools.io.ReportManager&amp#27;[m : File Action "DoesFileExist" successfully performed. With the following test data "File Path: "Schemas/ValidationError_schema.json"".
2023-01-22 15:42:45.262 &amp#27;[32m INFO&amp#27;[m &amp#27;[35m[@503 - main]&amp#27;[m &amp#27;[36mcom.shaft.tools.io.ReportManager&amp#27;[m : File Action "DoesFileExist" successfully performed. With the following test data "File Path: "src/test/resources/testDataFiles/Schemas/ValidationError_schema.json"".
2023-01-22 15:42:45.263 &amp#27;[32m INFO&amp#27;[m &amp#27;[35m[@503 - main]&amp#27;[m &amp#27;[36mcom.shaft.tools.io.ReportManager&amp#27;[m : File Action "GetAbsolutePath" successfully performed. With the following test data "Relative Folder Path: "src/test/resources/testDataFiles/Schemas/ValidationError_schema.json"".
2023-01-22 15:42:45.266 &amp#27;[32m INFO&amp#27;[m &amp#27;[35m[@503 - main]&amp#27;[m &amp#27;[36mcom.shaft.tools.io.ReportManager&amp#27;[m : File Action "DoesFileExist" successfully performed. With the following test data "File Path: "C:\eclipse-workspace\MyProjects\TASystemsAPIs\src\test\resources\testDataFiles\Schemas\ValidationError_schema.json"".
2023-01-22 15:42:45.267 &amp#27;[32m INFO&amp#27;[m &amp#27;[35m[@503 - main]&amp#27;[m &amp#27;[36mcom.shaft.tools.io.ReportManager&amp#27;[m : File Action "GetAbsolutePath" successfully performed. With the following test data "Relative Folder Path: "C:\eclipse-workspace\MyProjects\TASystemsAPIs\src\test\resources\testDataFiles\Schemas\ValidationError_schema.json"".
2023-01-22 15:42:45.267 &amp#27;[32m INFO&amp#27;[m &amp#27;[35m[@503 - main]&amp#27;[m &amp#27;[36mcom.shaft.tools.io.ReportManager&amp#27;[m : File Action "ReadFile" successfully performed. With the following test data "File Path: "C:\eclipse-workspace\MyProjects\TASystemsAPIs\src\test\resources\testDataFiles\Schemas\ValidationError_schema.json"".
2023-01-22 15:42:45.269 &amp#27;[32m INFO&amp#27;[m &amp#27;[35m[@503 - main]&amp#27;[m &amp#27;[36mcom.shaft.tools.io.ReportManager&amp#27;[m : Successfully created attachment "Validation Test Data - Expected JSON Value"
2023-01-22 15:42:45.269 &amp#27;[32m INFO&amp#27;[m &amp#27;[35m[@503 - main]&amp#27;[m &amp#27;[36mcom.shaft.tools.io.ReportManager&amp#27;[m : Successfully created attachment "Validation Test Data - Actual JSON Value"
2023-01-22 15:42:45.269 &amp#27;[32m INFO&amp#27;[m &amp#27;[35m[@503 - main]&amp#27;[m &amp#27;[36mcom.shaft.tools.io.ReportManager&amp#27;[m : Successfully created attachment "SHAFT Engine Logs - Current Method log: Add_Policy_With_InValid_data_TC"
]]></system-out>
  </testcase>
  <testcase name="Add_Policy_With_InValid_data_TC[[Ljava.lang.Object;@5536c56d](63)" classname="SteeringCompanyAPI_TestCases.Test_Policies_Cases" time="1.214">
    <system-out><![CDATA[2023-01-22 15:42:45.275 &amp#27;[32m INFO&amp#27;[m &amp#27;[35m[@534 - main]&amp#27;[m &amp#27;[36mcom.shaft.tools.io.ReportManager&amp#27;[m : 
################################################################################################################################################
Starting Execution:	"71 out of 70" test cases in the current suite
Test Method:		"SteeringCompanyAPI_TestCases.Test_Policies_Cases.Add_Policy_With_InValid_data_TC"
Test Description:	"TC052 -Policy- Perform Add Policy with InValid data"
################################################################################################################################################
2023-01-22 15:42:45.275 &amp#27;[32m INFO&amp#27;[m &amp#27;[35m[@503 - main]&amp#27;[m &amp#27;[36mcom.shaft.tools.io.ReportManager&amp#27;[m : File Action "DoesFileExist" successfully performed. With the following test data "File Path: "SteeringCompanyAPI_TestData/SteeringCompanyAPI_TestData.xlsx"".
2023-01-22 15:42:45.303 &amp#27;[32m INFO&amp#27;[m &amp#27;[35m[@503 - main]&amp#27;[m &amp#27;[36mcom.shaft.tools.io.ReportManager&amp#27;[m : Successfully created attachment "Test Data - Excel"
2023-01-22 15:42:45.898 &amp#27;[32m INFO&amp#27;[m &amp#27;[35m[@503 - main]&amp#27;[m &amp#27;[36mcom.shaft.tools.io.ReportManager&amp#27;[m : Response status code: "200", status line: "HTTP/1.1 200 OK"
2023-01-22 15:42:45.911 &amp#27;[32m INFO&amp#27;[m &amp#27;[35m[@503 - main]&amp#27;[m &amp#27;[36mcom.shaft.tools.io.ReportManager&amp#27;[m : Successfully created attachment "API Request - Specifications"
2023-01-22 15:42:45.914 &amp#27;[32m INFO&amp#27;[m &amp#27;[35m[@503 - main]&amp#27;[m &amp#27;[36mcom.shaft.tools.io.ReportManager&amp#27;[m : Successfully created attachment "API Request - Body"
2023-01-22 15:42:45.915 &amp#27;[32m INFO&amp#27;[m &amp#27;[35m[@503 - main]&amp#27;[m &amp#27;[36mcom.shaft.tools.io.ReportManager&amp#27;[m : Successfully created attachment "API Response - JSON Body"
2023-01-22 15:42:45.922 &amp#27;[32m INFO&amp#27;[m &amp#27;[35m[@503 - main]&amp#27;[m &amp#27;[36mcom.shaft.tools.io.ReportManager&amp#27;[m : File Action "DoesFileExist" successfully performed. With the following test data "File Path: "SteeringCompanyAPI_TestData/SteeringCompanyAPI_TestData.xlsx"".
2023-01-22 15:42:45.942 &amp#27;[32m INFO&amp#27;[m &amp#27;[35m[@503 - main]&amp#27;[m &amp#27;[36mcom.shaft.tools.io.ReportManager&amp#27;[m : Successfully created attachment "Test Data - Excel"
2023-01-22 15:42:45.942 &amp#27;[32m INFO&amp#27;[m &amp#27;[35m[@503 - main]&amp#27;[m &amp#27;[36mcom.shaft.tools.io.ReportManager&amp#27;[m : File Action "DoesFileExist" successfully performed. With the following test data "File Path: "SteeringCompanyAPI_TestData/SteeringCompanyAPI_TestData.xlsx"".
2023-01-22 15:42:45.965 &amp#27;[32m INFO&amp#27;[m &amp#27;[35m[@503 - main]&amp#27;[m &amp#27;[36mcom.shaft.tools.io.ReportManager&amp#27;[m : Successfully created attachment "Test Data - Excel"
2023-01-22 15:42:45.965 &amp#27;[32m INFO&amp#27;[m &amp#27;[35m[@503 - main]&amp#27;[m &amp#27;[36mcom.shaft.tools.io.ReportManager&amp#27;[m : File Action "DoesFileExist" successfully performed. With the following test data "File Path: "SteeringCompanyAPI_TestData/SteeringCompanyAPI_TestData.xlsx"".
2023-01-22 15:42:45.988 &amp#27;[32m INFO&amp#27;[m &amp#27;[35m[@503 - main]&amp#27;[m &amp#27;[36mcom.shaft.tools.io.ReportManager&amp#27;[m : Successfully created attachment "Test Data - Excel"
2023-01-22 15:42:46.462 &amp#27;[32m INFO&amp#27;[m &amp#27;[35m[@503 - main]&amp#27;[m &amp#27;[36mcom.shaft.tools.io.ReportManager&amp#27;[m : Response status code: "422", status line: "HTTP/1.1 422 "
2023-01-22 15:42:46.473 &amp#27;[32m INFO&amp#27;[m &amp#27;[35m[@503 - main]&amp#27;[m &amp#27;[36mcom.shaft.tools.io.ReportManager&amp#27;[m : Successfully created attachment "API Request - Specifications"
2023-01-22 15:42:46.475 &amp#27;[32m INFO&amp#27;[m &amp#27;[35m[@503 - main]&amp#27;[m &amp#27;[36mcom.shaft.tools.io.ReportManager&amp#27;[m : Successfully created attachment "API Request - JSON Body"
2023-01-22 15:42:46.475 &amp#27;[32m INFO&amp#27;[m &amp#27;[35m[@503 - main]&amp#27;[m &amp#27;[36mcom.shaft.tools.io.ReportManager&amp#27;[m : Successfully created attachment "API Response - JSON Body"
2023-01-22 15:42:46.476 &amp#27;[32m INFO&amp#27;[m &amp#27;[35m[@503 - main]&amp#27;[m &amp#27;[36mcom.shaft.tools.io.ReportManager&amp#27;[m : File Action "DoesFileExist" successfully performed. With the following test data "File Path: "Schemas/ValidationError_schema.json"".
2023-01-22 15:42:46.476 &amp#27;[32m INFO&amp#27;[m &amp#27;[35m[@503 - main]&amp#27;[m &amp#27;[36mcom.shaft.tools.io.ReportManager&amp#27;[m : File Action "DoesFileExist" successfully performed. With the following test data "File Path: "src/test/resources/testDataFiles/Schemas/ValidationError_schema.json"".
2023-01-22 15:42:46.477 &amp#27;[32m INFO&amp#27;[m &amp#27;[35m[@503 - main]&amp#27;[m &amp#27;[36mcom.shaft.tools.io.ReportManager&amp#27;[m : File Action "GetAbsolutePath" successfully performed. With the following test data "Relative Folder Path: "src/test/resources/testDataFiles/Schemas/ValidationError_schema.json"".
2023-01-22 15:42:46.480 &amp#27;[32m INFO&amp#27;[m &amp#27;[35m[@503 - main]&amp#27;[m &amp#27;[36mcom.shaft.tools.io.ReportManager&amp#27;[m : File Action "DoesFileExist" successfully performed. With the following test data "File Path: "C:\eclipse-workspace\MyProjects\TASystemsAPIs\src\test\resources\testDataFiles\Schemas\ValidationError_schema.json"".
2023-01-22 15:42:46.480 &amp#27;[32m INFO&amp#27;[m &amp#27;[35m[@503 - main]&amp#27;[m &amp#27;[36mcom.shaft.tools.io.ReportManager&amp#27;[m : File Action "GetAbsolutePath" successfully performed. With the following test data "Relative Folder Path: "C:\eclipse-workspace\MyProjects\TASystemsAPIs\src\test\resources\testDataFiles\Schemas\ValidationError_schema.json"".
2023-01-22 15:42:46.480 &amp#27;[32m INFO&amp#27;[m &amp#27;[35m[@503 - main]&amp#27;[m &amp#27;[36mcom.shaft.tools.io.ReportManager&amp#27;[m : File Action "ReadFile" successfully performed. With the following test data "File Path: "C:\eclipse-workspace\MyProjects\TASystemsAPIs\src\test\resources\testDataFiles\Schemas\ValidationError_schema.json"".
2023-01-22 15:42:46.483 &amp#27;[32m INFO&amp#27;[m &amp#27;[35m[@503 - main]&amp#27;[m &amp#27;[36mcom.shaft.tools.io.ReportManager&amp#27;[m : Successfully created attachment "Validation Test Data - Expected JSON Value"
2023-01-22 15:42:46.484 &amp#27;[32m INFO&amp#27;[m &amp#27;[35m[@503 - main]&amp#27;[m &amp#27;[36mcom.shaft.tools.io.ReportManager&amp#27;[m : Successfully created attachment "Validation Test Data - Actual JSON Value"
2023-01-22 15:42:46.485 &amp#27;[32m INFO&amp#27;[m &amp#27;[35m[@503 - main]&amp#27;[m &amp#27;[36mcom.shaft.tools.io.ReportManager&amp#27;[m : Successfully created attachment "SHAFT Engine Logs - Current Method log: Add_Policy_With_InValid_data_TC"
]]></system-out>
  </testcase>
  <testcase name="Add_Policy_With_InValid_data_TC[[Ljava.lang.Object;@4aef001f](64)" classname="SteeringCompanyAPI_TestCases.Test_Policies_Cases" time="1.211">
    <system-out><![CDATA[2023-01-22 15:42:46.487 &amp#27;[32m INFO&amp#27;[m &amp#27;[35m[@534 - main]&amp#27;[m &amp#27;[36mcom.shaft.tools.io.ReportManager&amp#27;[m : 
################################################################################################################################################
Starting Execution:	"72 out of 70" test cases in the current suite
Test Method:		"SteeringCompanyAPI_TestCases.Test_Policies_Cases.Add_Policy_With_InValid_data_TC"
Test Description:	"TC052 -Policy- Perform Add Policy with InValid data"
################################################################################################################################################
2023-01-22 15:42:46.487 &amp#27;[32m INFO&amp#27;[m &amp#27;[35m[@503 - main]&amp#27;[m &amp#27;[36mcom.shaft.tools.io.ReportManager&amp#27;[m : File Action "DoesFileExist" successfully performed. With the following test data "File Path: "SteeringCompanyAPI_TestData/SteeringCompanyAPI_TestData.xlsx"".
2023-01-22 15:42:46.513 &amp#27;[32m INFO&amp#27;[m &amp#27;[35m[@503 - main]&amp#27;[m &amp#27;[36mcom.shaft.tools.io.ReportManager&amp#27;[m : Successfully created attachment "Test Data - Excel"
2023-01-22 15:42:47.090 &amp#27;[32m INFO&amp#27;[m &amp#27;[35m[@503 - main]&amp#27;[m &amp#27;[36mcom.shaft.tools.io.ReportManager&amp#27;[m : Response status code: "200", status line: "HTTP/1.1 200 OK"
2023-01-22 15:42:47.105 &amp#27;[32m INFO&amp#27;[m &amp#27;[35m[@503 - main]&amp#27;[m &amp#27;[36mcom.shaft.tools.io.ReportManager&amp#27;[m : Successfully created attachment "API Request - Specifications"
2023-01-22 15:42:47.106 &amp#27;[32m INFO&amp#27;[m &amp#27;[35m[@503 - main]&amp#27;[m &amp#27;[36mcom.shaft.tools.io.ReportManager&amp#27;[m : Successfully created attachment "API Request - Body"
2023-01-22 15:42:47.108 &amp#27;[32m INFO&amp#27;[m &amp#27;[35m[@503 - main]&amp#27;[m &amp#27;[36mcom.shaft.tools.io.ReportManager&amp#27;[m : Successfully created attachment "API Response - JSON Body"
2023-01-22 15:42:47.116 &amp#27;[32m INFO&amp#27;[m &amp#27;[35m[@503 - main]&amp#27;[m &amp#27;[36mcom.shaft.tools.io.ReportManager&amp#27;[m : File Action "DoesFileExist" successfully performed. With the following test data "File Path: "SteeringCompanyAPI_TestData/SteeringCompanyAPI_TestData.xlsx"".
2023-01-22 15:42:47.139 &amp#27;[32m INFO&amp#27;[m &amp#27;[35m[@503 - main]&amp#27;[m &amp#27;[36mcom.shaft.tools.io.ReportManager&amp#27;[m : Successfully created attachment "Test Data - Excel"
2023-01-22 15:42:47.139 &amp#27;[32m INFO&amp#27;[m &amp#27;[35m[@503 - main]&amp#27;[m &amp#27;[36mcom.shaft.tools.io.ReportManager&amp#27;[m : File Action "DoesFileExist" successfully performed. With the following test data "File Path: "SteeringCompanyAPI_TestData/SteeringCompanyAPI_TestData.xlsx"".
2023-01-22 15:42:47.167 &amp#27;[32m INFO&amp#27;[m &amp#27;[35m[@503 - main]&amp#27;[m &amp#27;[36mcom.shaft.tools.io.ReportManager&amp#27;[m : Successfully created attachment "Test Data - Excel"
2023-01-22 15:42:47.167 &amp#27;[32m INFO&amp#27;[m &amp#27;[35m[@503 - main]&amp#27;[m &amp#27;[36mcom.shaft.tools.io.ReportManager&amp#27;[m : File Action "DoesFileExist" successfully performed. With the following test data "File Path: "SteeringCompanyAPI_TestData/SteeringCompanyAPI_TestData.xlsx"".
2023-01-22 15:42:47.204 &amp#27;[32m INFO&amp#27;[m &amp#27;[35m[@503 - main]&amp#27;[m &amp#27;[36mcom.shaft.tools.io.ReportManager&amp#27;[m : Successfully created attachment "Test Data - Excel"
2023-01-22 15:42:47.667 &amp#27;[32m INFO&amp#27;[m &amp#27;[35m[@503 - main]&amp#27;[m &amp#27;[36mcom.shaft.tools.io.ReportManager&amp#27;[m : Response status code: "422", status line: "HTTP/1.1 422 "
2023-01-22 15:42:47.678 &amp#27;[32m INFO&amp#27;[m &amp#27;[35m[@503 - main]&amp#27;[m &amp#27;[36mcom.shaft.tools.io.ReportManager&amp#27;[m : Successfully created attachment "API Request - Specifications"
2023-01-22 15:42:47.679 &amp#27;[32m INFO&amp#27;[m &amp#27;[35m[@503 - main]&amp#27;[m &amp#27;[36mcom.shaft.tools.io.ReportManager&amp#27;[m : Successfully created attachment "API Request - JSON Body"
2023-01-22 15:42:47.680 &amp#27;[32m INFO&amp#27;[m &amp#27;[35m[@503 - main]&amp#27;[m &amp#27;[36mcom.shaft.tools.io.ReportManager&amp#27;[m : Successfully created attachment "API Response - JSON Body"
2023-01-22 15:42:47.680 &amp#27;[32m INFO&amp#27;[m &amp#27;[35m[@503 - main]&amp#27;[m &amp#27;[36mcom.shaft.tools.io.ReportManager&amp#27;[m : File Action "DoesFileExist" successfully performed. With the following test data "File Path: "Schemas/ValidationError_schema.json"".
2023-01-22 15:42:47.680 &amp#27;[32m INFO&amp#27;[m &amp#27;[35m[@503 - main]&amp#27;[m &amp#27;[36mcom.shaft.tools.io.ReportManager&amp#27;[m : File Action "DoesFileExist" successfully performed. With the following test data "File Path: "src/test/resources/testDataFiles/Schemas/ValidationError_schema.json"".
2023-01-22 15:42:47.681 &amp#27;[32m INFO&amp#27;[m &amp#27;[35m[@503 - main]&amp#27;[m &amp#27;[36mcom.shaft.tools.io.ReportManager&amp#27;[m : File Action "GetAbsolutePath" successfully performed. With the following test data "Relative Folder Path: "src/test/resources/testDataFiles/Schemas/ValidationError_schema.json"".
2023-01-22 15:42:47.683 &amp#27;[32m INFO&amp#27;[m &amp#27;[35m[@503 - main]&amp#27;[m &amp#27;[36mcom.shaft.tools.io.ReportManager&amp#27;[m : File Action "DoesFileExist" successfully performed. With the following test data "File Path: "C:\eclipse-workspace\MyProjects\TASystemsAPIs\src\test\resources\testDataFiles\Schemas\ValidationError_schema.json"".
2023-01-22 15:42:47.683 &amp#27;[32m INFO&amp#27;[m &amp#27;[35m[@503 - main]&amp#27;[m &amp#27;[36mcom.shaft.tools.io.ReportManager&amp#27;[m : File Action "GetAbsolutePath" successfully performed. With the following test data "Relative Folder Path: "C:\eclipse-workspace\MyProjects\TASystemsAPIs\src\test\resources\testDataFiles\Schemas\ValidationError_schema.json"".
2023-01-22 15:42:47.685 &amp#27;[32m INFO&amp#27;[m &amp#27;[35m[@503 - main]&amp#27;[m &amp#27;[36mcom.shaft.tools.io.ReportManager&amp#27;[m : File Action "ReadFile" successfully performed. With the following test data "File Path: "C:\eclipse-workspace\MyProjects\TASystemsAPIs\src\test\resources\testDataFiles\Schemas\ValidationError_schema.json"".
2023-01-22 15:42:47.691 &amp#27;[32m INFO&amp#27;[m &amp#27;[35m[@503 - main]&amp#27;[m &amp#27;[36mcom.shaft.tools.io.ReportManager&amp#27;[m : Successfully created attachment "Validation Test Data - Expected JSON Value"
2023-01-22 15:42:47.693 &amp#27;[32m INFO&amp#27;[m &amp#27;[35m[@503 - main]&amp#27;[m &amp#27;[36mcom.shaft.tools.io.ReportManager&amp#27;[m : Successfully created attachment "Validation Test Data - Actual JSON Value"
2023-01-22 15:42:47.695 &amp#27;[32m INFO&amp#27;[m &amp#27;[35m[@503 - main]&amp#27;[m &amp#27;[36mcom.shaft.tools.io.ReportManager&amp#27;[m : Successfully created attachment "SHAFT Engine Logs - Current Method log: Add_Policy_With_InValid_data_TC"
]]></system-out>
  </testcase>
  <testcase name="Add_Policy_With_Missing_Keys_TC[[Ljava.lang.Object;@3a4d2ad](1)" classname="SteeringCompanyAPI_TestCases.Test_Policies_Cases" time="1.237">
    <system-out><![CDATA[2023-01-22 15:42:47.726 &amp#27;[32m INFO&amp#27;[m &amp#27;[35m[@534 - main]&amp#27;[m &amp#27;[36mcom.shaft.tools.io.ReportManager&amp#27;[m : 
################################################################################################################################################
Starting Execution:	"73 out of 70" test cases in the current suite
Test Method:		"SteeringCompanyAPI_TestCases.Test_Policies_Cases.Add_Policy_With_Missing_Keys_TC"
Test Description:	"TC050 -Policy- Perform Add Policy with Missing Keys"
################################################################################################################################################
2023-01-22 15:42:47.727 &amp#27;[32m INFO&amp#27;[m &amp#27;[35m[@503 - main]&amp#27;[m &amp#27;[36mcom.shaft.tools.io.ReportManager&amp#27;[m : File Action "DoesFileExist" successfully performed. With the following test data "File Path: "SteeringCompanyAPI_TestData/SteeringCompanyAPI_TestData.xlsx"".
2023-01-22 15:42:47.763 &amp#27;[32m INFO&amp#27;[m &amp#27;[35m[@503 - main]&amp#27;[m &amp#27;[36mcom.shaft.tools.io.ReportManager&amp#27;[m : Successfully created attachment "Test Data - Excel"
2023-01-22 15:42:48.348 &amp#27;[32m INFO&amp#27;[m &amp#27;[35m[@503 - main]&amp#27;[m &amp#27;[36mcom.shaft.tools.io.ReportManager&amp#27;[m : Response status code: "200", status line: "HTTP/1.1 200 OK"
2023-01-22 15:42:48.365 &amp#27;[32m INFO&amp#27;[m &amp#27;[35m[@503 - main]&amp#27;[m &amp#27;[36mcom.shaft.tools.io.ReportManager&amp#27;[m : Successfully created attachment "API Request - Specifications"
2023-01-22 15:42:48.365 &amp#27;[32m INFO&amp#27;[m &amp#27;[35m[@503 - main]&amp#27;[m &amp#27;[36mcom.shaft.tools.io.ReportManager&amp#27;[m : Successfully created attachment "API Request - Body"
2023-01-22 15:42:48.366 &amp#27;[32m INFO&amp#27;[m &amp#27;[35m[@503 - main]&amp#27;[m &amp#27;[36mcom.shaft.tools.io.ReportManager&amp#27;[m : Successfully created attachment "API Response - JSON Body"
2023-01-22 15:42:48.377 &amp#27;[32m INFO&amp#27;[m &amp#27;[35m[@503 - main]&amp#27;[m &amp#27;[36mcom.shaft.tools.io.ReportManager&amp#27;[m : File Action "DoesFileExist" successfully performed. With the following test data "File Path: "SteeringCompanyAPI_TestData/SteeringCompanyAPI_TestData.xlsx"".
2023-01-22 15:42:48.405 &amp#27;[32m INFO&amp#27;[m &amp#27;[35m[@503 - main]&amp#27;[m &amp#27;[36mcom.shaft.tools.io.ReportManager&amp#27;[m : Successfully created attachment "Test Data - Excel"
2023-01-22 15:42:48.405 &amp#27;[32m INFO&amp#27;[m &amp#27;[35m[@503 - main]&amp#27;[m &amp#27;[36mcom.shaft.tools.io.ReportManager&amp#27;[m : File Action "DoesFileExist" successfully performed. With the following test data "File Path: "SteeringCompanyAPI_TestData/SteeringCompanyAPI_TestData.xlsx"".
2023-01-22 15:42:48.428 &amp#27;[32m INFO&amp#27;[m &amp#27;[35m[@503 - main]&amp#27;[m &amp#27;[36mcom.shaft.tools.io.ReportManager&amp#27;[m : Successfully created attachment "Test Data - Excel"
2023-01-22 15:42:48.428 &amp#27;[32m INFO&amp#27;[m &amp#27;[35m[@503 - main]&amp#27;[m &amp#27;[36mcom.shaft.tools.io.ReportManager&amp#27;[m : File Action "DoesFileExist" successfully performed. With the following test data "File Path: "SteeringCompanyAPI_TestData/SteeringCompanyAPI_TestData.xlsx"".
2023-01-22 15:42:48.461 &amp#27;[32m INFO&amp#27;[m &amp#27;[35m[@503 - main]&amp#27;[m &amp#27;[36mcom.shaft.tools.io.ReportManager&amp#27;[m : Successfully created attachment "Test Data - Excel"
2023-01-22 15:42:48.918 &amp#27;[32m INFO&amp#27;[m &amp#27;[35m[@503 - main]&amp#27;[m &amp#27;[36mcom.shaft.tools.io.ReportManager&amp#27;[m : Response status code: "422", status line: "HTTP/1.1 422 "
2023-01-22 15:42:48.936 &amp#27;[32m INFO&amp#27;[m &amp#27;[35m[@503 - main]&amp#27;[m &amp#27;[36mcom.shaft.tools.io.ReportManager&amp#27;[m : Successfully created attachment "API Request - Specifications"
2023-01-22 15:42:48.938 &amp#27;[32m INFO&amp#27;[m &amp#27;[35m[@503 - main]&amp#27;[m &amp#27;[36mcom.shaft.tools.io.ReportManager&amp#27;[m : Successfully created attachment "API Request - JSON Body"
2023-01-22 15:42:48.940 &amp#27;[32m INFO&amp#27;[m &amp#27;[35m[@503 - main]&amp#27;[m &amp#27;[36mcom.shaft.tools.io.ReportManager&amp#27;[m : Successfully created attachment "API Response - JSON Body"
2023-01-22 15:42:48.942 &amp#27;[32m INFO&amp#27;[m &amp#27;[35m[@503 - main]&amp#27;[m &amp#27;[36mcom.shaft.tools.io.ReportManager&amp#27;[m : File Action "DoesFileExist" successfully performed. With the following test data "File Path: "Schemas/ValidationError_schema.json"".
2023-01-22 15:42:48.943 &amp#27;[32m INFO&amp#27;[m &amp#27;[35m[@503 - main]&amp#27;[m &amp#27;[36mcom.shaft.tools.io.ReportManager&amp#27;[m : File Action "DoesFileExist" successfully performed. With the following test data "File Path: "src/test/resources/testDataFiles/Schemas/ValidationError_schema.json"".
2023-01-22 15:42:48.944 &amp#27;[32m INFO&amp#27;[m &amp#27;[35m[@503 - main]&amp#27;[m &amp#27;[36mcom.shaft.tools.io.ReportManager&amp#27;[m : File Action "GetAbsolutePath" successfully performed. With the following test data "Relative Folder Path: "src/test/resources/testDataFiles/Schemas/ValidationError_schema.json"".
2023-01-22 15:42:48.948 &amp#27;[32m INFO&amp#27;[m &amp#27;[35m[@503 - main]&amp#27;[m &amp#27;[36mcom.shaft.tools.io.ReportManager&amp#27;[m : File Action "DoesFileExist" successfully performed. With the following test data "File Path: "C:\eclipse-workspace\MyProjects\TASystemsAPIs\src\test\resources\testDataFiles\Schemas\ValidationError_schema.json"".
2023-01-22 15:42:48.948 &amp#27;[32m INFO&amp#27;[m &amp#27;[35m[@503 - main]&amp#27;[m &amp#27;[36mcom.shaft.tools.io.ReportManager&amp#27;[m : File Action "GetAbsolutePath" successfully performed. With the following test data "Relative Folder Path: "C:\eclipse-workspace\MyProjects\TASystemsAPIs\src\test\resources\testDataFiles\Schemas\ValidationError_schema.json"".
2023-01-22 15:42:48.949 &amp#27;[32m INFO&amp#27;[m &amp#27;[35m[@503 - main]&amp#27;[m &amp#27;[36mcom.shaft.tools.io.ReportManager&amp#27;[m : File Action "ReadFile" successfully performed. With the following test data "File Path: "C:\eclipse-workspace\MyProjects\TASystemsAPIs\src\test\resources\testDataFiles\Schemas\ValidationError_schema.json"".
2023-01-22 15:42:48.954 &amp#27;[32m INFO&amp#27;[m &amp#27;[35m[@503 - main]&amp#27;[m &amp#27;[36mcom.shaft.tools.io.ReportManager&amp#27;[m : Successfully created attachment "Validation Test Data - Expected JSON Value"
2023-01-22 15:42:48.956 &amp#27;[32m INFO&amp#27;[m &amp#27;[35m[@503 - main]&amp#27;[m &amp#27;[36mcom.shaft.tools.io.ReportManager&amp#27;[m : Successfully created attachment "Validation Test Data - Actual JSON Value"
2023-01-22 15:42:48.957 &amp#27;[32m INFO&amp#27;[m &amp#27;[35m[@503 - main]&amp#27;[m &amp#27;[36mcom.shaft.tools.io.ReportManager&amp#27;[m : Successfully created attachment "SHAFT Engine Logs - Current Method log: Add_Policy_With_Missing_Keys_TC"
]]></system-out>
  </testcase>
  <testcase name="Add_Policy_With_Missing_Keys_TC[[Ljava.lang.Object;@4913ac97](2)" classname="SteeringCompanyAPI_TestCases.Test_Policies_Cases" time="1.689">
    <system-out><![CDATA[2023-01-22 15:42:48.964 &amp#27;[32m INFO&amp#27;[m &amp#27;[35m[@534 - main]&amp#27;[m &amp#27;[36mcom.shaft.tools.io.ReportManager&amp#27;[m : 
################################################################################################################################################
Starting Execution:	"74 out of 70" test cases in the current suite
Test Method:		"SteeringCompanyAPI_TestCases.Test_Policies_Cases.Add_Policy_With_Missing_Keys_TC"
Test Description:	"TC050 -Policy- Perform Add Policy with Missing Keys"
################################################################################################################################################
2023-01-22 15:42:48.964 &amp#27;[32m INFO&amp#27;[m &amp#27;[35m[@503 - main]&amp#27;[m &amp#27;[36mcom.shaft.tools.io.ReportManager&amp#27;[m : File Action "DoesFileExist" successfully performed. With the following test data "File Path: "SteeringCompanyAPI_TestData/SteeringCompanyAPI_TestData.xlsx"".
2023-01-22 15:42:49.006 &amp#27;[32m INFO&amp#27;[m &amp#27;[35m[@503 - main]&amp#27;[m &amp#27;[36mcom.shaft.tools.io.ReportManager&amp#27;[m : Successfully created attachment "Test Data - Excel"
2023-01-22 15:42:49.636 &amp#27;[32m INFO&amp#27;[m &amp#27;[35m[@503 - main]&amp#27;[m &amp#27;[36mcom.shaft.tools.io.ReportManager&amp#27;[m : Response status code: "200", status line: "HTTP/1.1 200 OK"
2023-01-22 15:42:49.665 &amp#27;[32m INFO&amp#27;[m &amp#27;[35m[@503 - main]&amp#27;[m &amp#27;[36mcom.shaft.tools.io.ReportManager&amp#27;[m : Successfully created attachment "API Request - Specifications"
2023-01-22 15:42:49.667 &amp#27;[32m INFO&amp#27;[m &amp#27;[35m[@503 - main]&amp#27;[m &amp#27;[36mcom.shaft.tools.io.ReportManager&amp#27;[m : Successfully created attachment "API Request - Body"
2023-01-22 15:42:49.671 &amp#27;[32m INFO&amp#27;[m &amp#27;[35m[@503 - main]&amp#27;[m &amp#27;[36mcom.shaft.tools.io.ReportManager&amp#27;[m : Successfully created attachment "API Response - JSON Body"
2023-01-22 15:42:49.702 &amp#27;[32m INFO&amp#27;[m &amp#27;[35m[@503 - main]&amp#27;[m &amp#27;[36mcom.shaft.tools.io.ReportManager&amp#27;[m : File Action "DoesFileExist" successfully performed. With the following test data "File Path: "SteeringCompanyAPI_TestData/SteeringCompanyAPI_TestData.xlsx"".
2023-01-22 15:42:49.818 &amp#27;[32m INFO&amp#27;[m &amp#27;[35m[@503 - main]&amp#27;[m &amp#27;[36mcom.shaft.tools.io.ReportManager&amp#27;[m : Successfully created attachment "Test Data - Excel"
2023-01-22 15:42:49.823 &amp#27;[32m INFO&amp#27;[m &amp#27;[35m[@503 - main]&amp#27;[m &amp#27;[36mcom.shaft.tools.io.ReportManager&amp#27;[m : File Action "DoesFileExist" successfully performed. With the following test data "File Path: "SteeringCompanyAPI_TestData/SteeringCompanyAPI_TestData.xlsx"".
2023-01-22 15:42:50.042 &amp#27;[32m INFO&amp#27;[m &amp#27;[35m[@503 - main]&amp#27;[m &amp#27;[36mcom.shaft.tools.io.ReportManager&amp#27;[m : Successfully created attachment "Test Data - Excel"
2023-01-22 15:42:50.043 &amp#27;[32m INFO&amp#27;[m &amp#27;[35m[@503 - main]&amp#27;[m &amp#27;[36mcom.shaft.tools.io.ReportManager&amp#27;[m : File Action "DoesFileExist" successfully performed. With the following test data "File Path: "SteeringCompanyAPI_TestData/SteeringCompanyAPI_TestData.xlsx"".
2023-01-22 15:42:50.139 &amp#27;[32m INFO&amp#27;[m &amp#27;[35m[@503 - main]&amp#27;[m &amp#27;[36mcom.shaft.tools.io.ReportManager&amp#27;[m : Successfully created attachment "Test Data - Excel"
2023-01-22 15:42:50.622 &amp#27;[32m INFO&amp#27;[m &amp#27;[35m[@503 - main]&amp#27;[m &amp#27;[36mcom.shaft.tools.io.ReportManager&amp#27;[m : Response status code: "422", status line: "HTTP/1.1 422 "
2023-01-22 15:42:50.638 &amp#27;[32m INFO&amp#27;[m &amp#27;[35m[@503 - main]&amp#27;[m &amp#27;[36mcom.shaft.tools.io.ReportManager&amp#27;[m : Successfully created attachment "API Request - Specifications"
2023-01-22 15:42:50.638 &amp#27;[32m INFO&amp#27;[m &amp#27;[35m[@503 - main]&amp#27;[m &amp#27;[36mcom.shaft.tools.io.ReportManager&amp#27;[m : Successfully created attachment "API Request - JSON Body"
2023-01-22 15:42:50.639 &amp#27;[32m INFO&amp#27;[m &amp#27;[35m[@503 - main]&amp#27;[m &amp#27;[36mcom.shaft.tools.io.ReportManager&amp#27;[m : Successfully created attachment "API Response - JSON Body"
2023-01-22 15:42:50.640 &amp#27;[32m INFO&amp#27;[m &amp#27;[35m[@503 - main]&amp#27;[m &amp#27;[36mcom.shaft.tools.io.ReportManager&amp#27;[m : File Action "DoesFileExist" successfully performed. With the following test data "File Path: "Schemas/ValidationError_schema.json"".
2023-01-22 15:42:50.640 &amp#27;[32m INFO&amp#27;[m &amp#27;[35m[@503 - main]&amp#27;[m &amp#27;[36mcom.shaft.tools.io.ReportManager&amp#27;[m : File Action "DoesFileExist" successfully performed. With the following test data "File Path: "src/test/resources/testDataFiles/Schemas/ValidationError_schema.json"".
2023-01-22 15:42:50.640 &amp#27;[32m INFO&amp#27;[m &amp#27;[35m[@503 - main]&amp#27;[m &amp#27;[36mcom.shaft.tools.io.ReportManager&amp#27;[m : File Action "GetAbsolutePath" successfully performed. With the following test data "Relative Folder Path: "src/test/resources/testDataFiles/Schemas/ValidationError_schema.json"".
2023-01-22 15:42:50.643 &amp#27;[32m INFO&amp#27;[m &amp#27;[35m[@503 - main]&amp#27;[m &amp#27;[36mcom.shaft.tools.io.ReportManager&amp#27;[m : File Action "DoesFileExist" successfully performed. With the following test data "File Path: "C:\eclipse-workspace\MyProjects\TASystemsAPIs\src\test\resources\testDataFiles\Schemas\ValidationError_schema.json"".
2023-01-22 15:42:50.643 &amp#27;[32m INFO&amp#27;[m &amp#27;[35m[@503 - main]&amp#27;[m &amp#27;[36mcom.shaft.tools.io.ReportManager&amp#27;[m : File Action "GetAbsolutePath" successfully performed. With the following test data "Relative Folder Path: "C:\eclipse-workspace\MyProjects\TASystemsAPIs\src\test\resources\testDataFiles\Schemas\ValidationError_schema.json"".
2023-01-22 15:42:50.643 &amp#27;[32m INFO&amp#27;[m &amp#27;[35m[@503 - main]&amp#27;[m &amp#27;[36mcom.shaft.tools.io.ReportManager&amp#27;[m : File Action "ReadFile" successfully performed. With the following test data "File Path: "C:\eclipse-workspace\MyProjects\TASystemsAPIs\src\test\resources\testDataFiles\Schemas\ValidationError_schema.json"".
2023-01-22 15:42:50.645 &amp#27;[32m INFO&amp#27;[m &amp#27;[35m[@503 - main]&amp#27;[m &amp#27;[36mcom.shaft.tools.io.ReportManager&amp#27;[m : Successfully created attachment "Validation Test Data - Expected JSON Value"
2023-01-22 15:42:50.648 &amp#27;[32m INFO&amp#27;[m &amp#27;[35m[@503 - main]&amp#27;[m &amp#27;[36mcom.shaft.tools.io.ReportManager&amp#27;[m : Successfully created attachment "Validation Test Data - Actual JSON Value"
2023-01-22 15:42:50.649 &amp#27;[32m INFO&amp#27;[m &amp#27;[35m[@503 - main]&amp#27;[m &amp#27;[36mcom.shaft.tools.io.ReportManager&amp#27;[m : Successfully created attachment "SHAFT Engine Logs - Current Method log: Add_Policy_With_Missing_Keys_TC"
]]></system-out>
  </testcase>
  <testcase name="Add_Policy_With_Missing_Keys_TC[[Ljava.lang.Object;@8222183](3)" classname="SteeringCompanyAPI_TestCases.Test_Policies_Cases" time="1.23">
    <system-out><![CDATA[2023-01-22 15:42:50.652 &amp#27;[32m INFO&amp#27;[m &amp#27;[35m[@534 - main]&amp#27;[m &amp#27;[36mcom.shaft.tools.io.ReportManager&amp#27;[m : 
################################################################################################################################################
Starting Execution:	"75 out of 70" test cases in the current suite
Test Method:		"SteeringCompanyAPI_TestCases.Test_Policies_Cases.Add_Policy_With_Missing_Keys_TC"
Test Description:	"TC050 -Policy- Perform Add Policy with Missing Keys"
################################################################################################################################################
2023-01-22 15:42:50.653 &amp#27;[32m INFO&amp#27;[m &amp#27;[35m[@503 - main]&amp#27;[m &amp#27;[36mcom.shaft.tools.io.ReportManager&amp#27;[m : File Action "DoesFileExist" successfully performed. With the following test data "File Path: "SteeringCompanyAPI_TestData/SteeringCompanyAPI_TestData.xlsx"".
2023-01-22 15:42:50.683 &amp#27;[32m INFO&amp#27;[m &amp#27;[35m[@503 - main]&amp#27;[m &amp#27;[36mcom.shaft.tools.io.ReportManager&amp#27;[m : Successfully created attachment "Test Data - Excel"
2023-01-22 15:42:51.273 &amp#27;[32m INFO&amp#27;[m &amp#27;[35m[@503 - main]&amp#27;[m &amp#27;[36mcom.shaft.tools.io.ReportManager&amp#27;[m : Response status code: "200", status line: "HTTP/1.1 200 OK"
2023-01-22 15:42:51.284 &amp#27;[32m INFO&amp#27;[m &amp#27;[35m[@503 - main]&amp#27;[m &amp#27;[36mcom.shaft.tools.io.ReportManager&amp#27;[m : Successfully created attachment "API Request - Specifications"
2023-01-22 15:42:51.284 &amp#27;[32m INFO&amp#27;[m &amp#27;[35m[@503 - main]&amp#27;[m &amp#27;[36mcom.shaft.tools.io.ReportManager&amp#27;[m : Successfully created attachment "API Request - Body"
2023-01-22 15:42:51.285 &amp#27;[32m INFO&amp#27;[m &amp#27;[35m[@503 - main]&amp#27;[m &amp#27;[36mcom.shaft.tools.io.ReportManager&amp#27;[m : Successfully created attachment "API Response - JSON Body"
2023-01-22 15:42:51.301 &amp#27;[32m INFO&amp#27;[m &amp#27;[35m[@503 - main]&amp#27;[m &amp#27;[36mcom.shaft.tools.io.ReportManager&amp#27;[m : File Action "DoesFileExist" successfully performed. With the following test data "File Path: "SteeringCompanyAPI_TestData/SteeringCompanyAPI_TestData.xlsx"".
2023-01-22 15:42:51.333 &amp#27;[32m INFO&amp#27;[m &amp#27;[35m[@503 - main]&amp#27;[m &amp#27;[36mcom.shaft.tools.io.ReportManager&amp#27;[m : Successfully created attachment "Test Data - Excel"
2023-01-22 15:42:51.334 &amp#27;[32m INFO&amp#27;[m &amp#27;[35m[@503 - main]&amp#27;[m &amp#27;[36mcom.shaft.tools.io.ReportManager&amp#27;[m : File Action "DoesFileExist" successfully performed. With the following test data "File Path: "SteeringCompanyAPI_TestData/SteeringCompanyAPI_TestData.xlsx"".
2023-01-22 15:42:51.360 &amp#27;[32m INFO&amp#27;[m &amp#27;[35m[@503 - main]&amp#27;[m &amp#27;[36mcom.shaft.tools.io.ReportManager&amp#27;[m : Successfully created attachment "Test Data - Excel"
2023-01-22 15:42:51.361 &amp#27;[32m INFO&amp#27;[m &amp#27;[35m[@503 - main]&amp#27;[m &amp#27;[36mcom.shaft.tools.io.ReportManager&amp#27;[m : File Action "DoesFileExist" successfully performed. With the following test data "File Path: "SteeringCompanyAPI_TestData/SteeringCompanyAPI_TestData.xlsx"".
2023-01-22 15:42:51.397 &amp#27;[32m INFO&amp#27;[m &amp#27;[35m[@503 - main]&amp#27;[m &amp#27;[36mcom.shaft.tools.io.ReportManager&amp#27;[m : Successfully created attachment "Test Data - Excel"
2023-01-22 15:42:51.858 &amp#27;[32m INFO&amp#27;[m &amp#27;[35m[@503 - main]&amp#27;[m &amp#27;[36mcom.shaft.tools.io.ReportManager&amp#27;[m : Response status code: "422", status line: "HTTP/1.1 422 "
2023-01-22 15:42:51.868 &amp#27;[32m INFO&amp#27;[m &amp#27;[35m[@503 - main]&amp#27;[m &amp#27;[36mcom.shaft.tools.io.ReportManager&amp#27;[m : Successfully created attachment "API Request - Specifications"
2023-01-22 15:42:51.872 &amp#27;[32m INFO&amp#27;[m &amp#27;[35m[@503 - main]&amp#27;[m &amp#27;[36mcom.shaft.tools.io.ReportManager&amp#27;[m : Successfully created attachment "API Request - JSON Body"
2023-01-22 15:42:51.872 &amp#27;[32m INFO&amp#27;[m &amp#27;[35m[@503 - main]&amp#27;[m &amp#27;[36mcom.shaft.tools.io.ReportManager&amp#27;[m : Successfully created attachment "API Response - JSON Body"
2023-01-22 15:42:51.873 &amp#27;[32m INFO&amp#27;[m &amp#27;[35m[@503 - main]&amp#27;[m &amp#27;[36mcom.shaft.tools.io.ReportManager&amp#27;[m : File Action "DoesFileExist" successfully performed. With the following test data "File Path: "Schemas/ValidationError_schema.json"".
2023-01-22 15:42:51.873 &amp#27;[32m INFO&amp#27;[m &amp#27;[35m[@503 - main]&amp#27;[m &amp#27;[36mcom.shaft.tools.io.ReportManager&amp#27;[m : File Action "DoesFileExist" successfully performed. With the following test data "File Path: "src/test/resources/testDataFiles/Schemas/ValidationError_schema.json"".
2023-01-22 15:42:51.873 &amp#27;[32m INFO&amp#27;[m &amp#27;[35m[@503 - main]&amp#27;[m &amp#27;[36mcom.shaft.tools.io.ReportManager&amp#27;[m : File Action "GetAbsolutePath" successfully performed. With the following test data "Relative Folder Path: "src/test/resources/testDataFiles/Schemas/ValidationError_schema.json"".
2023-01-22 15:42:51.876 &amp#27;[32m INFO&amp#27;[m &amp#27;[35m[@503 - main]&amp#27;[m &amp#27;[36mcom.shaft.tools.io.ReportManager&amp#27;[m : File Action "DoesFileExist" successfully performed. With the following test data "File Path: "C:\eclipse-workspace\MyProjects\TASystemsAPIs\src\test\resources\testDataFiles\Schemas\ValidationError_schema.json"".
2023-01-22 15:42:51.876 &amp#27;[32m INFO&amp#27;[m &amp#27;[35m[@503 - main]&amp#27;[m &amp#27;[36mcom.shaft.tools.io.ReportManager&amp#27;[m : File Action "GetAbsolutePath" successfully performed. With the following test data "Relative Folder Path: "C:\eclipse-workspace\MyProjects\TASystemsAPIs\src\test\resources\testDataFiles\Schemas\ValidationError_schema.json"".
2023-01-22 15:42:51.877 &amp#27;[32m INFO&amp#27;[m &amp#27;[35m[@503 - main]&amp#27;[m &amp#27;[36mcom.shaft.tools.io.ReportManager&amp#27;[m : File Action "ReadFile" successfully performed. With the following test data "File Path: "C:\eclipse-workspace\MyProjects\TASystemsAPIs\src\test\resources\testDataFiles\Schemas\ValidationError_schema.json"".
2023-01-22 15:42:51.878 &amp#27;[32m INFO&amp#27;[m &amp#27;[35m[@503 - main]&amp#27;[m &amp#27;[36mcom.shaft.tools.io.ReportManager&amp#27;[m : Successfully created attachment "Validation Test Data - Expected JSON Value"
2023-01-22 15:42:51.878 &amp#27;[32m INFO&amp#27;[m &amp#27;[35m[@503 - main]&amp#27;[m &amp#27;[36mcom.shaft.tools.io.ReportManager&amp#27;[m : Successfully created attachment "Validation Test Data - Actual JSON Value"
2023-01-22 15:42:51.880 &amp#27;[32m INFO&amp#27;[m &amp#27;[35m[@503 - main]&amp#27;[m &amp#27;[36mcom.shaft.tools.io.ReportManager&amp#27;[m : Successfully created attachment "SHAFT Engine Logs - Current Method log: Add_Policy_With_Missing_Keys_TC"
]]></system-out>
  </testcase>
  <testcase name="Add_Policy_With_Missing_Keys_TC[[Ljava.lang.Object;@2abe448b](4)" classname="SteeringCompanyAPI_TestCases.Test_Policies_Cases" time="1.215">
    <system-out><![CDATA[2023-01-22 15:42:51.881 &amp#27;[32m INFO&amp#27;[m &amp#27;[35m[@534 - main]&amp#27;[m &amp#27;[36mcom.shaft.tools.io.ReportManager&amp#27;[m : 
################################################################################################################################################
Starting Execution:	"76 out of 70" test cases in the current suite
Test Method:		"SteeringCompanyAPI_TestCases.Test_Policies_Cases.Add_Policy_With_Missing_Keys_TC"
Test Description:	"TC050 -Policy- Perform Add Policy with Missing Keys"
################################################################################################################################################
2023-01-22 15:42:51.882 &amp#27;[32m INFO&amp#27;[m &amp#27;[35m[@503 - main]&amp#27;[m &amp#27;[36mcom.shaft.tools.io.ReportManager&amp#27;[m : File Action "DoesFileExist" successfully performed. With the following test data "File Path: "SteeringCompanyAPI_TestData/SteeringCompanyAPI_TestData.xlsx"".
2023-01-22 15:42:51.907 &amp#27;[32m INFO&amp#27;[m &amp#27;[35m[@503 - main]&amp#27;[m &amp#27;[36mcom.shaft.tools.io.ReportManager&amp#27;[m : Successfully created attachment "Test Data - Excel"
2023-01-22 15:42:52.501 &amp#27;[32m INFO&amp#27;[m &amp#27;[35m[@503 - main]&amp#27;[m &amp#27;[36mcom.shaft.tools.io.ReportManager&amp#27;[m : Response status code: "200", status line: "HTTP/1.1 200 OK"
2023-01-22 15:42:52.514 &amp#27;[32m INFO&amp#27;[m &amp#27;[35m[@503 - main]&amp#27;[m &amp#27;[36mcom.shaft.tools.io.ReportManager&amp#27;[m : Successfully created attachment "API Request - Specifications"
2023-01-22 15:42:52.515 &amp#27;[32m INFO&amp#27;[m &amp#27;[35m[@503 - main]&amp#27;[m &amp#27;[36mcom.shaft.tools.io.ReportManager&amp#27;[m : Successfully created attachment "API Request - Body"
2023-01-22 15:42:52.517 &amp#27;[32m INFO&amp#27;[m &amp#27;[35m[@503 - main]&amp#27;[m &amp#27;[36mcom.shaft.tools.io.ReportManager&amp#27;[m : Successfully created attachment "API Response - JSON Body"
2023-01-22 15:42:52.525 &amp#27;[32m INFO&amp#27;[m &amp#27;[35m[@503 - main]&amp#27;[m &amp#27;[36mcom.shaft.tools.io.ReportManager&amp#27;[m : File Action "DoesFileExist" successfully performed. With the following test data "File Path: "SteeringCompanyAPI_TestData/SteeringCompanyAPI_TestData.xlsx"".
2023-01-22 15:42:52.552 &amp#27;[32m INFO&amp#27;[m &amp#27;[35m[@503 - main]&amp#27;[m &amp#27;[36mcom.shaft.tools.io.ReportManager&amp#27;[m : Successfully created attachment "Test Data - Excel"
2023-01-22 15:42:52.552 &amp#27;[32m INFO&amp#27;[m &amp#27;[35m[@503 - main]&amp#27;[m &amp#27;[36mcom.shaft.tools.io.ReportManager&amp#27;[m : File Action "DoesFileExist" successfully performed. With the following test data "File Path: "SteeringCompanyAPI_TestData/SteeringCompanyAPI_TestData.xlsx"".
2023-01-22 15:42:52.585 &amp#27;[32m INFO&amp#27;[m &amp#27;[35m[@503 - main]&amp#27;[m &amp#27;[36mcom.shaft.tools.io.ReportManager&amp#27;[m : Successfully created attachment "Test Data - Excel"
2023-01-22 15:42:52.586 &amp#27;[32m INFO&amp#27;[m &amp#27;[35m[@503 - main]&amp#27;[m &amp#27;[36mcom.shaft.tools.io.ReportManager&amp#27;[m : File Action "DoesFileExist" successfully performed. With the following test data "File Path: "SteeringCompanyAPI_TestData/SteeringCompanyAPI_TestData.xlsx"".
2023-01-22 15:42:52.613 &amp#27;[32m INFO&amp#27;[m &amp#27;[35m[@503 - main]&amp#27;[m &amp#27;[36mcom.shaft.tools.io.ReportManager&amp#27;[m : Successfully created attachment "Test Data - Excel"
2023-01-22 15:42:53.074 &amp#27;[32m INFO&amp#27;[m &amp#27;[35m[@503 - main]&amp#27;[m &amp#27;[36mcom.shaft.tools.io.ReportManager&amp#27;[m : Response status code: "422", status line: "HTTP/1.1 422 "
2023-01-22 15:42:53.084 &amp#27;[32m INFO&amp#27;[m &amp#27;[35m[@503 - main]&amp#27;[m &amp#27;[36mcom.shaft.tools.io.ReportManager&amp#27;[m : Successfully created attachment "API Request - Specifications"
2023-01-22 15:42:53.085 &amp#27;[32m INFO&amp#27;[m &amp#27;[35m[@503 - main]&amp#27;[m &amp#27;[36mcom.shaft.tools.io.ReportManager&amp#27;[m : Successfully created attachment "API Request - JSON Body"
2023-01-22 15:42:53.087 &amp#27;[32m INFO&amp#27;[m &amp#27;[35m[@503 - main]&amp#27;[m &amp#27;[36mcom.shaft.tools.io.ReportManager&amp#27;[m : Successfully created attachment "API Response - JSON Body"
2023-01-22 15:42:53.088 &amp#27;[32m INFO&amp#27;[m &amp#27;[35m[@503 - main]&amp#27;[m &amp#27;[36mcom.shaft.tools.io.ReportManager&amp#27;[m : File Action "DoesFileExist" successfully performed. With the following test data "File Path: "Schemas/ValidationError_schema.json"".
2023-01-22 15:42:53.088 &amp#27;[32m INFO&amp#27;[m &amp#27;[35m[@503 - main]&amp#27;[m &amp#27;[36mcom.shaft.tools.io.ReportManager&amp#27;[m : File Action "DoesFileExist" successfully performed. With the following test data "File Path: "src/test/resources/testDataFiles/Schemas/ValidationError_schema.json"".
2023-01-22 15:42:53.088 &amp#27;[32m INFO&amp#27;[m &amp#27;[35m[@503 - main]&amp#27;[m &amp#27;[36mcom.shaft.tools.io.ReportManager&amp#27;[m : File Action "GetAbsolutePath" successfully performed. With the following test data "Relative Folder Path: "src/test/resources/testDataFiles/Schemas/ValidationError_schema.json"".
2023-01-22 15:42:53.090 &amp#27;[32m INFO&amp#27;[m &amp#27;[35m[@503 - main]&amp#27;[m &amp#27;[36mcom.shaft.tools.io.ReportManager&amp#27;[m : File Action "DoesFileExist" successfully performed. With the following test data "File Path: "C:\eclipse-workspace\MyProjects\TASystemsAPIs\src\test\resources\testDataFiles\Schemas\ValidationError_schema.json"".
2023-01-22 15:42:53.091 &amp#27;[32m INFO&amp#27;[m &amp#27;[35m[@503 - main]&amp#27;[m &amp#27;[36mcom.shaft.tools.io.ReportManager&amp#27;[m : File Action "GetAbsolutePath" successfully performed. With the following test data "Relative Folder Path: "C:\eclipse-workspace\MyProjects\TASystemsAPIs\src\test\resources\testDataFiles\Schemas\ValidationError_schema.json"".
2023-01-22 15:42:53.091 &amp#27;[32m INFO&amp#27;[m &amp#27;[35m[@503 - main]&amp#27;[m &amp#27;[36mcom.shaft.tools.io.ReportManager&amp#27;[m : File Action "ReadFile" successfully performed. With the following test data "File Path: "C:\eclipse-workspace\MyProjects\TASystemsAPIs\src\test\resources\testDataFiles\Schemas\ValidationError_schema.json"".
2023-01-22 15:42:53.093 &amp#27;[32m INFO&amp#27;[m &amp#27;[35m[@503 - main]&amp#27;[m &amp#27;[36mcom.shaft.tools.io.ReportManager&amp#27;[m : Successfully created attachment "Validation Test Data - Expected JSON Value"
2023-01-22 15:42:53.093 &amp#27;[32m INFO&amp#27;[m &amp#27;[35m[@503 - main]&amp#27;[m &amp#27;[36mcom.shaft.tools.io.ReportManager&amp#27;[m : Successfully created attachment "Validation Test Data - Actual JSON Value"
2023-01-22 15:42:53.094 &amp#27;[32m INFO&amp#27;[m &amp#27;[35m[@503 - main]&amp#27;[m &amp#27;[36mcom.shaft.tools.io.ReportManager&amp#27;[m : Successfully created attachment "SHAFT Engine Logs - Current Method log: Add_Policy_With_Missing_Keys_TC"
]]></system-out>
  </testcase>
  <testcase name="Add_Policy_With_Missing_Keys_TC[[Ljava.lang.Object;@632e7345](5)" classname="SteeringCompanyAPI_TestCases.Test_Policies_Cases" time="1.266">
    <system-out><![CDATA[2023-01-22 15:42:53.097 &amp#27;[32m INFO&amp#27;[m &amp#27;[35m[@534 - main]&amp#27;[m &amp#27;[36mcom.shaft.tools.io.ReportManager&amp#27;[m : 
################################################################################################################################################
Starting Execution:	"77 out of 70" test cases in the current suite
Test Method:		"SteeringCompanyAPI_TestCases.Test_Policies_Cases.Add_Policy_With_Missing_Keys_TC"
Test Description:	"TC050 -Policy- Perform Add Policy with Missing Keys"
################################################################################################################################################
2023-01-22 15:42:53.097 &amp#27;[32m INFO&amp#27;[m &amp#27;[35m[@503 - main]&amp#27;[m &amp#27;[36mcom.shaft.tools.io.ReportManager&amp#27;[m : File Action "DoesFileExist" successfully performed. With the following test data "File Path: "SteeringCompanyAPI_TestData/SteeringCompanyAPI_TestData.xlsx"".
2023-01-22 15:42:53.122 &amp#27;[32m INFO&amp#27;[m &amp#27;[35m[@503 - main]&amp#27;[m &amp#27;[36mcom.shaft.tools.io.ReportManager&amp#27;[m : Successfully created attachment "Test Data - Excel"
2023-01-22 15:42:53.726 &amp#27;[32m INFO&amp#27;[m &amp#27;[35m[@503 - main]&amp#27;[m &amp#27;[36mcom.shaft.tools.io.ReportManager&amp#27;[m : Response status code: "200", status line: "HTTP/1.1 200 OK"
2023-01-22 15:42:53.735 &amp#27;[32m INFO&amp#27;[m &amp#27;[35m[@503 - main]&amp#27;[m &amp#27;[36mcom.shaft.tools.io.ReportManager&amp#27;[m : Successfully created attachment "API Request - Specifications"
2023-01-22 15:42:53.737 &amp#27;[32m INFO&amp#27;[m &amp#27;[35m[@503 - main]&amp#27;[m &amp#27;[36mcom.shaft.tools.io.ReportManager&amp#27;[m : Successfully created attachment "API Request - Body"
2023-01-22 15:42:53.739 &amp#27;[32m INFO&amp#27;[m &amp#27;[35m[@503 - main]&amp#27;[m &amp#27;[36mcom.shaft.tools.io.ReportManager&amp#27;[m : Successfully created attachment "API Response - JSON Body"
2023-01-22 15:42:53.749 &amp#27;[32m INFO&amp#27;[m &amp#27;[35m[@503 - main]&amp#27;[m &amp#27;[36mcom.shaft.tools.io.ReportManager&amp#27;[m : File Action "DoesFileExist" successfully performed. With the following test data "File Path: "SteeringCompanyAPI_TestData/SteeringCompanyAPI_TestData.xlsx"".
2023-01-22 15:42:53.771 &amp#27;[32m INFO&amp#27;[m &amp#27;[35m[@503 - main]&amp#27;[m &amp#27;[36mcom.shaft.tools.io.ReportManager&amp#27;[m : Successfully created attachment "Test Data - Excel"
2023-01-22 15:42:53.773 &amp#27;[32m INFO&amp#27;[m &amp#27;[35m[@503 - main]&amp#27;[m &amp#27;[36mcom.shaft.tools.io.ReportManager&amp#27;[m : File Action "DoesFileExist" successfully performed. With the following test data "File Path: "SteeringCompanyAPI_TestData/SteeringCompanyAPI_TestData.xlsx"".
2023-01-22 15:42:53.804 &amp#27;[32m INFO&amp#27;[m &amp#27;[35m[@503 - main]&amp#27;[m &amp#27;[36mcom.shaft.tools.io.ReportManager&amp#27;[m : Successfully created attachment "Test Data - Excel"
2023-01-22 15:42:53.804 &amp#27;[32m INFO&amp#27;[m &amp#27;[35m[@503 - main]&amp#27;[m &amp#27;[36mcom.shaft.tools.io.ReportManager&amp#27;[m : File Action "DoesFileExist" successfully performed. With the following test data "File Path: "SteeringCompanyAPI_TestData/SteeringCompanyAPI_TestData.xlsx"".
2023-01-22 15:42:53.832 &amp#27;[32m INFO&amp#27;[m &amp#27;[35m[@503 - main]&amp#27;[m &amp#27;[36mcom.shaft.tools.io.ReportManager&amp#27;[m : Successfully created attachment "Test Data - Excel"
2023-01-22 15:42:54.304 &amp#27;[32m INFO&amp#27;[m &amp#27;[35m[@503 - main]&amp#27;[m &amp#27;[36mcom.shaft.tools.io.ReportManager&amp#27;[m : Response status code: "422", status line: "HTTP/1.1 422 "
2023-01-22 15:42:54.330 &amp#27;[32m INFO&amp#27;[m &amp#27;[35m[@503 - main]&amp#27;[m &amp#27;[36mcom.shaft.tools.io.ReportManager&amp#27;[m : Successfully created attachment "API Request - Specifications"
2023-01-22 15:42:54.332 &amp#27;[32m INFO&amp#27;[m &amp#27;[35m[@503 - main]&amp#27;[m &amp#27;[36mcom.shaft.tools.io.ReportManager&amp#27;[m : Successfully created attachment "API Request - JSON Body"
2023-01-22 15:42:54.334 &amp#27;[32m INFO&amp#27;[m &amp#27;[35m[@503 - main]&amp#27;[m &amp#27;[36mcom.shaft.tools.io.ReportManager&amp#27;[m : Successfully created attachment "API Response - JSON Body"
2023-01-22 15:42:54.337 &amp#27;[32m INFO&amp#27;[m &amp#27;[35m[@503 - main]&amp#27;[m &amp#27;[36mcom.shaft.tools.io.ReportManager&amp#27;[m : File Action "DoesFileExist" successfully performed. With the following test data "File Path: "Schemas/ValidationError_schema.json"".
2023-01-22 15:42:54.338 &amp#27;[32m INFO&amp#27;[m &amp#27;[35m[@503 - main]&amp#27;[m &amp#27;[36mcom.shaft.tools.io.ReportManager&amp#27;[m : File Action "DoesFileExist" successfully performed. With the following test data "File Path: "src/test/resources/testDataFiles/Schemas/ValidationError_schema.json"".
2023-01-22 15:42:54.338 &amp#27;[32m INFO&amp#27;[m &amp#27;[35m[@503 - main]&amp#27;[m &amp#27;[36mcom.shaft.tools.io.ReportManager&amp#27;[m : File Action "GetAbsolutePath" successfully performed. With the following test data "Relative Folder Path: "src/test/resources/testDataFiles/Schemas/ValidationError_schema.json"".
2023-01-22 15:42:54.345 &amp#27;[32m INFO&amp#27;[m &amp#27;[35m[@503 - main]&amp#27;[m &amp#27;[36mcom.shaft.tools.io.ReportManager&amp#27;[m : File Action "DoesFileExist" successfully performed. With the following test data "File Path: "C:\eclipse-workspace\MyProjects\TASystemsAPIs\src\test\resources\testDataFiles\Schemas\ValidationError_schema.json"".
2023-01-22 15:42:54.345 &amp#27;[32m INFO&amp#27;[m &amp#27;[35m[@503 - main]&amp#27;[m &amp#27;[36mcom.shaft.tools.io.ReportManager&amp#27;[m : File Action "GetAbsolutePath" successfully performed. With the following test data "Relative Folder Path: "C:\eclipse-workspace\MyProjects\TASystemsAPIs\src\test\resources\testDataFiles\Schemas\ValidationError_schema.json"".
2023-01-22 15:42:54.346 &amp#27;[32m INFO&amp#27;[m &amp#27;[35m[@503 - main]&amp#27;[m &amp#27;[36mcom.shaft.tools.io.ReportManager&amp#27;[m : File Action "ReadFile" successfully performed. With the following test data "File Path: "C:\eclipse-workspace\MyProjects\TASystemsAPIs\src\test\resources\testDataFiles\Schemas\ValidationError_schema.json"".
2023-01-22 15:42:54.352 &amp#27;[32m INFO&amp#27;[m &amp#27;[35m[@503 - main]&amp#27;[m &amp#27;[36mcom.shaft.tools.io.ReportManager&amp#27;[m : Successfully created attachment "Validation Test Data - Expected JSON Value"
2023-01-22 15:42:54.356 &amp#27;[32m INFO&amp#27;[m &amp#27;[35m[@503 - main]&amp#27;[m &amp#27;[36mcom.shaft.tools.io.ReportManager&amp#27;[m : Successfully created attachment "Validation Test Data - Actual JSON Value"
2023-01-22 15:42:54.358 &amp#27;[32m INFO&amp#27;[m &amp#27;[35m[@503 - main]&amp#27;[m &amp#27;[36mcom.shaft.tools.io.ReportManager&amp#27;[m : Successfully created attachment "SHAFT Engine Logs - Current Method log: Add_Policy_With_Missing_Keys_TC"
]]></system-out>
  </testcase>
  <testcase name="Add_Policy_With_Missing_Keys_TC[[Ljava.lang.Object;@2c944389](6)" classname="SteeringCompanyAPI_TestCases.Test_Policies_Cases" time="1.435">
    <system-out><![CDATA[2023-01-22 15:42:54.363 &amp#27;[32m INFO&amp#27;[m &amp#27;[35m[@534 - main]&amp#27;[m &amp#27;[36mcom.shaft.tools.io.ReportManager&amp#27;[m : 
################################################################################################################################################
Starting Execution:	"78 out of 70" test cases in the current suite
Test Method:		"SteeringCompanyAPI_TestCases.Test_Policies_Cases.Add_Policy_With_Missing_Keys_TC"
Test Description:	"TC050 -Policy- Perform Add Policy with Missing Keys"
################################################################################################################################################
2023-01-22 15:42:54.364 &amp#27;[32m INFO&amp#27;[m &amp#27;[35m[@503 - main]&amp#27;[m &amp#27;[36mcom.shaft.tools.io.ReportManager&amp#27;[m : File Action "DoesFileExist" successfully performed. With the following test data "File Path: "SteeringCompanyAPI_TestData/SteeringCompanyAPI_TestData.xlsx"".
2023-01-22 15:42:54.451 &amp#27;[32m INFO&amp#27;[m &amp#27;[35m[@503 - main]&amp#27;[m &amp#27;[36mcom.shaft.tools.io.ReportManager&amp#27;[m : Successfully created attachment "Test Data - Excel"
2023-01-22 15:42:55.039 &amp#27;[32m INFO&amp#27;[m &amp#27;[35m[@503 - main]&amp#27;[m &amp#27;[36mcom.shaft.tools.io.ReportManager&amp#27;[m : Response status code: "200", status line: "HTTP/1.1 200 OK"
2023-01-22 15:42:55.061 &amp#27;[32m INFO&amp#27;[m &amp#27;[35m[@503 - main]&amp#27;[m &amp#27;[36mcom.shaft.tools.io.ReportManager&amp#27;[m : Successfully created attachment "API Request - Specifications"
2023-01-22 15:42:55.062 &amp#27;[32m INFO&amp#27;[m &amp#27;[35m[@503 - main]&amp#27;[m &amp#27;[36mcom.shaft.tools.io.ReportManager&amp#27;[m : Successfully created attachment "API Request - Body"
2023-01-22 15:42:55.066 &amp#27;[32m INFO&amp#27;[m &amp#27;[35m[@503 - main]&amp#27;[m &amp#27;[36mcom.shaft.tools.io.ReportManager&amp#27;[m : Successfully created attachment "API Response - JSON Body"
2023-01-22 15:42:55.084 &amp#27;[32m INFO&amp#27;[m &amp#27;[35m[@503 - main]&amp#27;[m &amp#27;[36mcom.shaft.tools.io.ReportManager&amp#27;[m : File Action "DoesFileExist" successfully performed. With the following test data "File Path: "SteeringCompanyAPI_TestData/SteeringCompanyAPI_TestData.xlsx"".
2023-01-22 15:42:55.144 &amp#27;[32m INFO&amp#27;[m &amp#27;[35m[@503 - main]&amp#27;[m &amp#27;[36mcom.shaft.tools.io.ReportManager&amp#27;[m : Successfully created attachment "Test Data - Excel"
2023-01-22 15:42:55.145 &amp#27;[32m INFO&amp#27;[m &amp#27;[35m[@503 - main]&amp#27;[m &amp#27;[36mcom.shaft.tools.io.ReportManager&amp#27;[m : File Action "DoesFileExist" successfully performed. With the following test data "File Path: "SteeringCompanyAPI_TestData/SteeringCompanyAPI_TestData.xlsx"".
2023-01-22 15:42:55.214 &amp#27;[32m INFO&amp#27;[m &amp#27;[35m[@503 - main]&amp#27;[m &amp#27;[36mcom.shaft.tools.io.ReportManager&amp#27;[m : Successfully created attachment "Test Data - Excel"
2023-01-22 15:42:55.215 &amp#27;[32m INFO&amp#27;[m &amp#27;[35m[@503 - main]&amp#27;[m &amp#27;[36mcom.shaft.tools.io.ReportManager&amp#27;[m : File Action "DoesFileExist" successfully performed. With the following test data "File Path: "SteeringCompanyAPI_TestData/SteeringCompanyAPI_TestData.xlsx"".
2023-01-22 15:42:55.285 &amp#27;[32m INFO&amp#27;[m &amp#27;[35m[@503 - main]&amp#27;[m &amp#27;[36mcom.shaft.tools.io.ReportManager&amp#27;[m : Successfully created attachment "Test Data - Excel"
2023-01-22 15:42:55.756 &amp#27;[32m INFO&amp#27;[m &amp#27;[35m[@503 - main]&amp#27;[m &amp#27;[36mcom.shaft.tools.io.ReportManager&amp#27;[m : Response status code: "422", status line: "HTTP/1.1 422 "
2023-01-22 15:42:55.777 &amp#27;[32m INFO&amp#27;[m &amp#27;[35m[@503 - main]&amp#27;[m &amp#27;[36mcom.shaft.tools.io.ReportManager&amp#27;[m : Successfully created attachment "API Request - Specifications"
2023-01-22 15:42:55.778 &amp#27;[32m INFO&amp#27;[m &amp#27;[35m[@503 - main]&amp#27;[m &amp#27;[36mcom.shaft.tools.io.ReportManager&amp#27;[m : Successfully created attachment "API Request - JSON Body"
2023-01-22 15:42:55.779 &amp#27;[32m INFO&amp#27;[m &amp#27;[35m[@503 - main]&amp#27;[m &amp#27;[36mcom.shaft.tools.io.ReportManager&amp#27;[m : Successfully created attachment "API Response - JSON Body"
2023-01-22 15:42:55.781 &amp#27;[32m INFO&amp#27;[m &amp#27;[35m[@503 - main]&amp#27;[m &amp#27;[36mcom.shaft.tools.io.ReportManager&amp#27;[m : File Action "DoesFileExist" successfully performed. With the following test data "File Path: "Schemas/ValidationError_schema.json"".
2023-01-22 15:42:55.781 &amp#27;[32m INFO&amp#27;[m &amp#27;[35m[@503 - main]&amp#27;[m &amp#27;[36mcom.shaft.tools.io.ReportManager&amp#27;[m : File Action "DoesFileExist" successfully performed. With the following test data "File Path: "src/test/resources/testDataFiles/Schemas/ValidationError_schema.json"".
2023-01-22 15:42:55.781 &amp#27;[32m INFO&amp#27;[m &amp#27;[35m[@503 - main]&amp#27;[m &amp#27;[36mcom.shaft.tools.io.ReportManager&amp#27;[m : File Action "GetAbsolutePath" successfully performed. With the following test data "Relative Folder Path: "src/test/resources/testDataFiles/Schemas/ValidationError_schema.json"".
2023-01-22 15:42:55.787 &amp#27;[32m INFO&amp#27;[m &amp#27;[35m[@503 - main]&amp#27;[m &amp#27;[36mcom.shaft.tools.io.ReportManager&amp#27;[m : File Action "DoesFileExist" successfully performed. With the following test data "File Path: "C:\eclipse-workspace\MyProjects\TASystemsAPIs\src\test\resources\testDataFiles\Schemas\ValidationError_schema.json"".
2023-01-22 15:42:55.787 &amp#27;[32m INFO&amp#27;[m &amp#27;[35m[@503 - main]&amp#27;[m &amp#27;[36mcom.shaft.tools.io.ReportManager&amp#27;[m : File Action "GetAbsolutePath" successfully performed. With the following test data "Relative Folder Path: "C:\eclipse-workspace\MyProjects\TASystemsAPIs\src\test\resources\testDataFiles\Schemas\ValidationError_schema.json"".
2023-01-22 15:42:55.787 &amp#27;[32m INFO&amp#27;[m &amp#27;[35m[@503 - main]&amp#27;[m &amp#27;[36mcom.shaft.tools.io.ReportManager&amp#27;[m : File Action "ReadFile" successfully performed. With the following test data "File Path: "C:\eclipse-workspace\MyProjects\TASystemsAPIs\src\test\resources\testDataFiles\Schemas\ValidationError_schema.json"".
2023-01-22 15:42:55.789 &amp#27;[32m INFO&amp#27;[m &amp#27;[35m[@503 - main]&amp#27;[m &amp#27;[36mcom.shaft.tools.io.ReportManager&amp#27;[m : Successfully created attachment "Validation Test Data - Expected JSON Value"
2023-01-22 15:42:55.792 &amp#27;[32m INFO&amp#27;[m &amp#27;[35m[@503 - main]&amp#27;[m &amp#27;[36mcom.shaft.tools.io.ReportManager&amp#27;[m : Successfully created attachment "Validation Test Data - Actual JSON Value"
2023-01-22 15:42:55.794 &amp#27;[32m INFO&amp#27;[m &amp#27;[35m[@503 - main]&amp#27;[m &amp#27;[36mcom.shaft.tools.io.ReportManager&amp#27;[m : Successfully created attachment "SHAFT Engine Logs - Current Method log: Add_Policy_With_Missing_Keys_TC"
]]></system-out>
  </testcase>
  <testcase name="Add_Policy_With_Missing_Keys_TC[[Ljava.lang.Object;@12cad0bf](7)" classname="SteeringCompanyAPI_TestCases.Test_Policies_Cases" time="1.433">
    <system-out><![CDATA[2023-01-22 15:42:55.801 &amp#27;[32m INFO&amp#27;[m &amp#27;[35m[@534 - main]&amp#27;[m &amp#27;[36mcom.shaft.tools.io.ReportManager&amp#27;[m : 
################################################################################################################################################
Starting Execution:	"79 out of 70" test cases in the current suite
Test Method:		"SteeringCompanyAPI_TestCases.Test_Policies_Cases.Add_Policy_With_Missing_Keys_TC"
Test Description:	"TC050 -Policy- Perform Add Policy with Missing Keys"
################################################################################################################################################
2023-01-22 15:42:55.803 &amp#27;[32m INFO&amp#27;[m &amp#27;[35m[@503 - main]&amp#27;[m &amp#27;[36mcom.shaft.tools.io.ReportManager&amp#27;[m : File Action "DoesFileExist" successfully performed. With the following test data "File Path: "SteeringCompanyAPI_TestData/SteeringCompanyAPI_TestData.xlsx"".
2023-01-22 15:42:55.859 &amp#27;[32m INFO&amp#27;[m &amp#27;[35m[@503 - main]&amp#27;[m &amp#27;[36mcom.shaft.tools.io.ReportManager&amp#27;[m : Successfully created attachment "Test Data - Excel"
2023-01-22 15:42:56.472 &amp#27;[32m INFO&amp#27;[m &amp#27;[35m[@503 - main]&amp#27;[m &amp#27;[36mcom.shaft.tools.io.ReportManager&amp#27;[m : Response status code: "200", status line: "HTTP/1.1 200 OK"
2023-01-22 15:42:56.493 &amp#27;[32m INFO&amp#27;[m &amp#27;[35m[@503 - main]&amp#27;[m &amp#27;[36mcom.shaft.tools.io.ReportManager&amp#27;[m : Successfully created attachment "API Request - Specifications"
2023-01-22 15:42:56.494 &amp#27;[32m INFO&amp#27;[m &amp#27;[35m[@503 - main]&amp#27;[m &amp#27;[36mcom.shaft.tools.io.ReportManager&amp#27;[m : Successfully created attachment "API Request - Body"
2023-01-22 15:42:56.495 &amp#27;[32m INFO&amp#27;[m &amp#27;[35m[@503 - main]&amp#27;[m &amp#27;[36mcom.shaft.tools.io.ReportManager&amp#27;[m : Successfully created attachment "API Response - JSON Body"
2023-01-22 15:42:56.517 &amp#27;[32m INFO&amp#27;[m &amp#27;[35m[@503 - main]&amp#27;[m &amp#27;[36mcom.shaft.tools.io.ReportManager&amp#27;[m : File Action "DoesFileExist" successfully performed. With the following test data "File Path: "SteeringCompanyAPI_TestData/SteeringCompanyAPI_TestData.xlsx"".
2023-01-22 15:42:56.594 &amp#27;[32m INFO&amp#27;[m &amp#27;[35m[@503 - main]&amp#27;[m &amp#27;[36mcom.shaft.tools.io.ReportManager&amp#27;[m : Successfully created attachment "Test Data - Excel"
2023-01-22 15:42:56.595 &amp#27;[32m INFO&amp#27;[m &amp#27;[35m[@503 - main]&amp#27;[m &amp#27;[36mcom.shaft.tools.io.ReportManager&amp#27;[m : File Action "DoesFileExist" successfully performed. With the following test data "File Path: "SteeringCompanyAPI_TestData/SteeringCompanyAPI_TestData.xlsx"".
2023-01-22 15:42:56.658 &amp#27;[32m INFO&amp#27;[m &amp#27;[35m[@503 - main]&amp#27;[m &amp#27;[36mcom.shaft.tools.io.ReportManager&amp#27;[m : Successfully created attachment "Test Data - Excel"
2023-01-22 15:42:56.659 &amp#27;[32m INFO&amp#27;[m &amp#27;[35m[@503 - main]&amp#27;[m &amp#27;[36mcom.shaft.tools.io.ReportManager&amp#27;[m : File Action "DoesFileExist" successfully performed. With the following test data "File Path: "SteeringCompanyAPI_TestData/SteeringCompanyAPI_TestData.xlsx"".
2023-01-22 15:42:56.709 &amp#27;[32m INFO&amp#27;[m &amp#27;[35m[@503 - main]&amp#27;[m &amp#27;[36mcom.shaft.tools.io.ReportManager&amp#27;[m : Successfully created attachment "Test Data - Excel"
2023-01-22 15:42:57.194 &amp#27;[32m INFO&amp#27;[m &amp#27;[35m[@503 - main]&amp#27;[m &amp#27;[36mcom.shaft.tools.io.ReportManager&amp#27;[m : Response status code: "422", status line: "HTTP/1.1 422 "
2023-01-22 15:42:57.210 &amp#27;[32m INFO&amp#27;[m &amp#27;[35m[@503 - main]&amp#27;[m &amp#27;[36mcom.shaft.tools.io.ReportManager&amp#27;[m : Successfully created attachment "API Request - Specifications"
2023-01-22 15:42:57.214 &amp#27;[32m INFO&amp#27;[m &amp#27;[35m[@503 - main]&amp#27;[m &amp#27;[36mcom.shaft.tools.io.ReportManager&amp#27;[m : Successfully created attachment "API Request - JSON Body"
2023-01-22 15:42:57.216 &amp#27;[32m INFO&amp#27;[m &amp#27;[35m[@503 - main]&amp#27;[m &amp#27;[36mcom.shaft.tools.io.ReportManager&amp#27;[m : Successfully created attachment "API Response - JSON Body"
2023-01-22 15:42:57.217 &amp#27;[32m INFO&amp#27;[m &amp#27;[35m[@503 - main]&amp#27;[m &amp#27;[36mcom.shaft.tools.io.ReportManager&amp#27;[m : File Action "DoesFileExist" successfully performed. With the following test data "File Path: "Schemas/ValidationError_schema.json"".
2023-01-22 15:42:57.217 &amp#27;[32m INFO&amp#27;[m &amp#27;[35m[@503 - main]&amp#27;[m &amp#27;[36mcom.shaft.tools.io.ReportManager&amp#27;[m : File Action "DoesFileExist" successfully performed. With the following test data "File Path: "src/test/resources/testDataFiles/Schemas/ValidationError_schema.json"".
2023-01-22 15:42:57.217 &amp#27;[32m INFO&amp#27;[m &amp#27;[35m[@503 - main]&amp#27;[m &amp#27;[36mcom.shaft.tools.io.ReportManager&amp#27;[m : File Action "GetAbsolutePath" successfully performed. With the following test data "Relative Folder Path: "src/test/resources/testDataFiles/Schemas/ValidationError_schema.json"".
2023-01-22 15:42:57.222 &amp#27;[32m INFO&amp#27;[m &amp#27;[35m[@503 - main]&amp#27;[m &amp#27;[36mcom.shaft.tools.io.ReportManager&amp#27;[m : File Action "DoesFileExist" successfully performed. With the following test data "File Path: "C:\eclipse-workspace\MyProjects\TASystemsAPIs\src\test\resources\testDataFiles\Schemas\ValidationError_schema.json"".
2023-01-22 15:42:57.222 &amp#27;[32m INFO&amp#27;[m &amp#27;[35m[@503 - main]&amp#27;[m &amp#27;[36mcom.shaft.tools.io.ReportManager&amp#27;[m : File Action "GetAbsolutePath" successfully performed. With the following test data "Relative Folder Path: "C:\eclipse-workspace\MyProjects\TASystemsAPIs\src\test\resources\testDataFiles\Schemas\ValidationError_schema.json"".
2023-01-22 15:42:57.223 &amp#27;[32m INFO&amp#27;[m &amp#27;[35m[@503 - main]&amp#27;[m &amp#27;[36mcom.shaft.tools.io.ReportManager&amp#27;[m : File Action "ReadFile" successfully performed. With the following test data "File Path: "C:\eclipse-workspace\MyProjects\TASystemsAPIs\src\test\resources\testDataFiles\Schemas\ValidationError_schema.json"".
2023-01-22 15:42:57.225 &amp#27;[32m INFO&amp#27;[m &amp#27;[35m[@503 - main]&amp#27;[m &amp#27;[36mcom.shaft.tools.io.ReportManager&amp#27;[m : Successfully created attachment "Validation Test Data - Expected JSON Value"
2023-01-22 15:42:57.226 &amp#27;[32m INFO&amp#27;[m &amp#27;[35m[@503 - main]&amp#27;[m &amp#27;[36mcom.shaft.tools.io.ReportManager&amp#27;[m : Successfully created attachment "Validation Test Data - Actual JSON Value"
2023-01-22 15:42:57.227 &amp#27;[32m INFO&amp#27;[m &amp#27;[35m[@503 - main]&amp#27;[m &amp#27;[36mcom.shaft.tools.io.ReportManager&amp#27;[m : Successfully created attachment "SHAFT Engine Logs - Current Method log: Add_Policy_With_Missing_Keys_TC"
]]></system-out>
  </testcase>
  <testcase name="Add_Policy_With_Missing_Keys_TC[[Ljava.lang.Object;@7f7ac444](8)" classname="SteeringCompanyAPI_TestCases.Test_Policies_Cases" time="1.403">
    <system-out><![CDATA[2023-01-22 15:42:57.232 &amp#27;[32m INFO&amp#27;[m &amp#27;[35m[@534 - main]&amp#27;[m &amp#27;[36mcom.shaft.tools.io.ReportManager&amp#27;[m : 
################################################################################################################################################
Starting Execution:	"80 out of 70" test cases in the current suite
Test Method:		"SteeringCompanyAPI_TestCases.Test_Policies_Cases.Add_Policy_With_Missing_Keys_TC"
Test Description:	"TC050 -Policy- Perform Add Policy with Missing Keys"
################################################################################################################################################
2023-01-22 15:42:57.233 &amp#27;[32m INFO&amp#27;[m &amp#27;[35m[@503 - main]&amp#27;[m &amp#27;[36mcom.shaft.tools.io.ReportManager&amp#27;[m : File Action "DoesFileExist" successfully performed. With the following test data "File Path: "SteeringCompanyAPI_TestData/SteeringCompanyAPI_TestData.xlsx"".
2023-01-22 15:42:57.282 &amp#27;[32m INFO&amp#27;[m &amp#27;[35m[@503 - main]&amp#27;[m &amp#27;[36mcom.shaft.tools.io.ReportManager&amp#27;[m : Successfully created attachment "Test Data - Excel"
2023-01-22 15:42:57.889 &amp#27;[32m INFO&amp#27;[m &amp#27;[35m[@503 - main]&amp#27;[m &amp#27;[36mcom.shaft.tools.io.ReportManager&amp#27;[m : Response status code: "200", status line: "HTTP/1.1 200 OK"
2023-01-22 15:42:57.908 &amp#27;[32m INFO&amp#27;[m &amp#27;[35m[@503 - main]&amp#27;[m &amp#27;[36mcom.shaft.tools.io.ReportManager&amp#27;[m : Successfully created attachment "API Request - Specifications"
2023-01-22 15:42:57.911 &amp#27;[32m INFO&amp#27;[m &amp#27;[35m[@503 - main]&amp#27;[m &amp#27;[36mcom.shaft.tools.io.ReportManager&amp#27;[m : Successfully created attachment "API Request - Body"
2023-01-22 15:42:57.913 &amp#27;[32m INFO&amp#27;[m &amp#27;[35m[@503 - main]&amp#27;[m &amp#27;[36mcom.shaft.tools.io.ReportManager&amp#27;[m : Successfully created attachment "API Response - JSON Body"
2023-01-22 15:42:57.933 &amp#27;[32m INFO&amp#27;[m &amp#27;[35m[@503 - main]&amp#27;[m &amp#27;[36mcom.shaft.tools.io.ReportManager&amp#27;[m : File Action "DoesFileExist" successfully performed. With the following test data "File Path: "SteeringCompanyAPI_TestData/SteeringCompanyAPI_TestData.xlsx"".
2023-01-22 15:42:57.993 &amp#27;[32m INFO&amp#27;[m &amp#27;[35m[@503 - main]&amp#27;[m &amp#27;[36mcom.shaft.tools.io.ReportManager&amp#27;[m : Successfully created attachment "Test Data - Excel"
2023-01-22 15:42:57.993 &amp#27;[32m INFO&amp#27;[m &amp#27;[35m[@503 - main]&amp#27;[m &amp#27;[36mcom.shaft.tools.io.ReportManager&amp#27;[m : File Action "DoesFileExist" successfully performed. With the following test data "File Path: "SteeringCompanyAPI_TestData/SteeringCompanyAPI_TestData.xlsx"".
2023-01-22 15:42:58.060 &amp#27;[32m INFO&amp#27;[m &amp#27;[35m[@503 - main]&amp#27;[m &amp#27;[36mcom.shaft.tools.io.ReportManager&amp#27;[m : Successfully created attachment "Test Data - Excel"
2023-01-22 15:42:58.060 &amp#27;[32m INFO&amp#27;[m &amp#27;[35m[@503 - main]&amp#27;[m &amp#27;[36mcom.shaft.tools.io.ReportManager&amp#27;[m : File Action "DoesFileExist" successfully performed. With the following test data "File Path: "SteeringCompanyAPI_TestData/SteeringCompanyAPI_TestData.xlsx"".
2023-01-22 15:42:58.117 &amp#27;[32m INFO&amp#27;[m &amp#27;[35m[@503 - main]&amp#27;[m &amp#27;[36mcom.shaft.tools.io.ReportManager&amp#27;[m : Successfully created attachment "Test Data - Excel"
2023-01-22 15:42:58.593 &amp#27;[32m INFO&amp#27;[m &amp#27;[35m[@503 - main]&amp#27;[m &amp#27;[36mcom.shaft.tools.io.ReportManager&amp#27;[m : Response status code: "422", status line: "HTTP/1.1 422 "
2023-01-22 15:42:58.611 &amp#27;[32m INFO&amp#27;[m &amp#27;[35m[@503 - main]&amp#27;[m &amp#27;[36mcom.shaft.tools.io.ReportManager&amp#27;[m : Successfully created attachment "API Request - Specifications"
2023-01-22 15:42:58.612 &amp#27;[32m INFO&amp#27;[m &amp#27;[35m[@503 - main]&amp#27;[m &amp#27;[36mcom.shaft.tools.io.ReportManager&amp#27;[m : Successfully created attachment "API Request - JSON Body"
2023-01-22 15:42:58.616 &amp#27;[32m INFO&amp#27;[m &amp#27;[35m[@503 - main]&amp#27;[m &amp#27;[36mcom.shaft.tools.io.ReportManager&amp#27;[m : Successfully created attachment "API Response - JSON Body"
2023-01-22 15:42:58.617 &amp#27;[32m INFO&amp#27;[m &amp#27;[35m[@503 - main]&amp#27;[m &amp#27;[36mcom.shaft.tools.io.ReportManager&amp#27;[m : File Action "DoesFileExist" successfully performed. With the following test data "File Path: "Schemas/ValidationError_schema.json"".
2023-01-22 15:42:58.618 &amp#27;[32m INFO&amp#27;[m &amp#27;[35m[@503 - main]&amp#27;[m &amp#27;[36mcom.shaft.tools.io.ReportManager&amp#27;[m : File Action "DoesFileExist" successfully performed. With the following test data "File Path: "src/test/resources/testDataFiles/Schemas/ValidationError_schema.json"".
2023-01-22 15:42:58.618 &amp#27;[32m INFO&amp#27;[m &amp#27;[35m[@503 - main]&amp#27;[m &amp#27;[36mcom.shaft.tools.io.ReportManager&amp#27;[m : File Action "GetAbsolutePath" successfully performed. With the following test data "Relative Folder Path: "src/test/resources/testDataFiles/Schemas/ValidationError_schema.json"".
2023-01-22 15:42:58.624 &amp#27;[32m INFO&amp#27;[m &amp#27;[35m[@503 - main]&amp#27;[m &amp#27;[36mcom.shaft.tools.io.ReportManager&amp#27;[m : File Action "DoesFileExist" successfully performed. With the following test data "File Path: "C:\eclipse-workspace\MyProjects\TASystemsAPIs\src\test\resources\testDataFiles\Schemas\ValidationError_schema.json"".
2023-01-22 15:42:58.625 &amp#27;[32m INFO&amp#27;[m &amp#27;[35m[@503 - main]&amp#27;[m &amp#27;[36mcom.shaft.tools.io.ReportManager&amp#27;[m : File Action "GetAbsolutePath" successfully performed. With the following test data "Relative Folder Path: "C:\eclipse-workspace\MyProjects\TASystemsAPIs\src\test\resources\testDataFiles\Schemas\ValidationError_schema.json"".
2023-01-22 15:42:58.625 &amp#27;[32m INFO&amp#27;[m &amp#27;[35m[@503 - main]&amp#27;[m &amp#27;[36mcom.shaft.tools.io.ReportManager&amp#27;[m : File Action "ReadFile" successfully performed. With the following test data "File Path: "C:\eclipse-workspace\MyProjects\TASystemsAPIs\src\test\resources\testDataFiles\Schemas\ValidationError_schema.json"".
2023-01-22 15:42:58.629 &amp#27;[32m INFO&amp#27;[m &amp#27;[35m[@503 - main]&amp#27;[m &amp#27;[36mcom.shaft.tools.io.ReportManager&amp#27;[m : Successfully created attachment "Validation Test Data - Expected JSON Value"
2023-01-22 15:42:58.630 &amp#27;[32m INFO&amp#27;[m &amp#27;[35m[@503 - main]&amp#27;[m &amp#27;[36mcom.shaft.tools.io.ReportManager&amp#27;[m : Successfully created attachment "Validation Test Data - Actual JSON Value"
2023-01-22 15:42:58.630 &amp#27;[32m INFO&amp#27;[m &amp#27;[35m[@503 - main]&amp#27;[m &amp#27;[36mcom.shaft.tools.io.ReportManager&amp#27;[m : Successfully created attachment "SHAFT Engine Logs - Current Method log: Add_Policy_With_Missing_Keys_TC"
]]></system-out>
  </testcase>
  <testcase name="Add_Policy_With_Missing_Keys_TC[[Ljava.lang.Object;@50fa8c92](9)" classname="SteeringCompanyAPI_TestCases.Test_Policies_Cases" time="1.392">
    <system-out><![CDATA[2023-01-22 15:42:58.635 &amp#27;[32m INFO&amp#27;[m &amp#27;[35m[@534 - main]&amp#27;[m &amp#27;[36mcom.shaft.tools.io.ReportManager&amp#27;[m : 
################################################################################################################################################
Starting Execution:	"81 out of 70" test cases in the current suite
Test Method:		"SteeringCompanyAPI_TestCases.Test_Policies_Cases.Add_Policy_With_Missing_Keys_TC"
Test Description:	"TC050 -Policy- Perform Add Policy with Missing Keys"
################################################################################################################################################
2023-01-22 15:42:58.636 &amp#27;[32m INFO&amp#27;[m &amp#27;[35m[@503 - main]&amp#27;[m &amp#27;[36mcom.shaft.tools.io.ReportManager&amp#27;[m : File Action "DoesFileExist" successfully performed. With the following test data "File Path: "SteeringCompanyAPI_TestData/SteeringCompanyAPI_TestData.xlsx"".
2023-01-22 15:42:58.692 &amp#27;[32m INFO&amp#27;[m &amp#27;[35m[@503 - main]&amp#27;[m &amp#27;[36mcom.shaft.tools.io.ReportManager&amp#27;[m : Successfully created attachment "Test Data - Excel"
2023-01-22 15:42:59.275 &amp#27;[32m INFO&amp#27;[m &amp#27;[35m[@503 - main]&amp#27;[m &amp#27;[36mcom.shaft.tools.io.ReportManager&amp#27;[m : Response status code: "200", status line: "HTTP/1.1 200 OK"
2023-01-22 15:42:59.294 &amp#27;[32m INFO&amp#27;[m &amp#27;[35m[@503 - main]&amp#27;[m &amp#27;[36mcom.shaft.tools.io.ReportManager&amp#27;[m : Successfully created attachment "API Request - Specifications"
2023-01-22 15:42:59.295 &amp#27;[32m INFO&amp#27;[m &amp#27;[35m[@503 - main]&amp#27;[m &amp#27;[36mcom.shaft.tools.io.ReportManager&amp#27;[m : Successfully created attachment "API Request - Body"
2023-01-22 15:42:59.296 &amp#27;[32m INFO&amp#27;[m &amp#27;[35m[@503 - main]&amp#27;[m &amp#27;[36mcom.shaft.tools.io.ReportManager&amp#27;[m : Successfully created attachment "API Response - JSON Body"
2023-01-22 15:42:59.319 &amp#27;[32m INFO&amp#27;[m &amp#27;[35m[@503 - main]&amp#27;[m &amp#27;[36mcom.shaft.tools.io.ReportManager&amp#27;[m : File Action "DoesFileExist" successfully performed. With the following test data "File Path: "SteeringCompanyAPI_TestData/SteeringCompanyAPI_TestData.xlsx"".
2023-01-22 15:42:59.376 &amp#27;[32m INFO&amp#27;[m &amp#27;[35m[@503 - main]&amp#27;[m &amp#27;[36mcom.shaft.tools.io.ReportManager&amp#27;[m : Successfully created attachment "Test Data - Excel"
2023-01-22 15:42:59.377 &amp#27;[32m INFO&amp#27;[m &amp#27;[35m[@503 - main]&amp#27;[m &amp#27;[36mcom.shaft.tools.io.ReportManager&amp#27;[m : File Action "DoesFileExist" successfully performed. With the following test data "File Path: "SteeringCompanyAPI_TestData/SteeringCompanyAPI_TestData.xlsx"".
2023-01-22 15:42:59.437 &amp#27;[32m INFO&amp#27;[m &amp#27;[35m[@503 - main]&amp#27;[m &amp#27;[36mcom.shaft.tools.io.ReportManager&amp#27;[m : Successfully created attachment "Test Data - Excel"
2023-01-22 15:42:59.439 &amp#27;[32m INFO&amp#27;[m &amp#27;[35m[@503 - main]&amp#27;[m &amp#27;[36mcom.shaft.tools.io.ReportManager&amp#27;[m : File Action "DoesFileExist" successfully performed. With the following test data "File Path: "SteeringCompanyAPI_TestData/SteeringCompanyAPI_TestData.xlsx"".
2023-01-22 15:42:59.513 &amp#27;[32m INFO&amp#27;[m &amp#27;[35m[@503 - main]&amp#27;[m &amp#27;[36mcom.shaft.tools.io.ReportManager&amp#27;[m : Successfully created attachment "Test Data - Excel"
2023-01-22 15:42:59.972 &amp#27;[32m INFO&amp#27;[m &amp#27;[35m[@503 - main]&amp#27;[m &amp#27;[36mcom.shaft.tools.io.ReportManager&amp#27;[m : Response status code: "422", status line: "HTTP/1.1 422 "
2023-01-22 15:42:59.994 &amp#27;[32m INFO&amp#27;[m &amp#27;[35m[@503 - main]&amp#27;[m &amp#27;[36mcom.shaft.tools.io.ReportManager&amp#27;[m : Successfully created attachment "API Request - Specifications"
2023-01-22 15:42:59.997 &amp#27;[32m INFO&amp#27;[m &amp#27;[35m[@503 - main]&amp#27;[m &amp#27;[36mcom.shaft.tools.io.ReportManager&amp#27;[m : Successfully created attachment "API Request - JSON Body"
2023-01-22 15:42:59.999 &amp#27;[32m INFO&amp#27;[m &amp#27;[35m[@503 - main]&amp#27;[m &amp#27;[36mcom.shaft.tools.io.ReportManager&amp#27;[m : Successfully created attachment "API Response - JSON Body"
2023-01-22 15:43:00.001 &amp#27;[32m INFO&amp#27;[m &amp#27;[35m[@503 - main]&amp#27;[m &amp#27;[36mcom.shaft.tools.io.ReportManager&amp#27;[m : File Action "DoesFileExist" successfully performed. With the following test data "File Path: "Schemas/ValidationError_schema.json"".
2023-01-22 15:43:00.001 &amp#27;[32m INFO&amp#27;[m &amp#27;[35m[@503 - main]&amp#27;[m &amp#27;[36mcom.shaft.tools.io.ReportManager&amp#27;[m : File Action "DoesFileExist" successfully performed. With the following test data "File Path: "src/test/resources/testDataFiles/Schemas/ValidationError_schema.json"".
2023-01-22 15:43:00.002 &amp#27;[32m INFO&amp#27;[m &amp#27;[35m[@503 - main]&amp#27;[m &amp#27;[36mcom.shaft.tools.io.ReportManager&amp#27;[m : File Action "GetAbsolutePath" successfully performed. With the following test data "Relative Folder Path: "src/test/resources/testDataFiles/Schemas/ValidationError_schema.json"".
2023-01-22 15:43:00.007 &amp#27;[32m INFO&amp#27;[m &amp#27;[35m[@503 - main]&amp#27;[m &amp#27;[36mcom.shaft.tools.io.ReportManager&amp#27;[m : File Action "DoesFileExist" successfully performed. With the following test data "File Path: "C:\eclipse-workspace\MyProjects\TASystemsAPIs\src\test\resources\testDataFiles\Schemas\ValidationError_schema.json"".
2023-01-22 15:43:00.008 &amp#27;[32m INFO&amp#27;[m &amp#27;[35m[@503 - main]&amp#27;[m &amp#27;[36mcom.shaft.tools.io.ReportManager&amp#27;[m : File Action "GetAbsolutePath" successfully performed. With the following test data "Relative Folder Path: "C:\eclipse-workspace\MyProjects\TASystemsAPIs\src\test\resources\testDataFiles\Schemas\ValidationError_schema.json"".
2023-01-22 15:43:00.009 &amp#27;[32m INFO&amp#27;[m &amp#27;[35m[@503 - main]&amp#27;[m &amp#27;[36mcom.shaft.tools.io.ReportManager&amp#27;[m : File Action "ReadFile" successfully performed. With the following test data "File Path: "C:\eclipse-workspace\MyProjects\TASystemsAPIs\src\test\resources\testDataFiles\Schemas\ValidationError_schema.json"".
2023-01-22 15:43:00.013 &amp#27;[32m INFO&amp#27;[m &amp#27;[35m[@503 - main]&amp#27;[m &amp#27;[36mcom.shaft.tools.io.ReportManager&amp#27;[m : Successfully created attachment "Validation Test Data - Expected JSON Value"
2023-01-22 15:43:00.016 &amp#27;[32m INFO&amp#27;[m &amp#27;[35m[@503 - main]&amp#27;[m &amp#27;[36mcom.shaft.tools.io.ReportManager&amp#27;[m : Successfully created attachment "Validation Test Data - Actual JSON Value"
2023-01-22 15:43:00.020 &amp#27;[32m INFO&amp#27;[m &amp#27;[35m[@503 - main]&amp#27;[m &amp#27;[36mcom.shaft.tools.io.ReportManager&amp#27;[m : Successfully created attachment "SHAFT Engine Logs - Current Method log: Add_Policy_With_Missing_Keys_TC"
]]></system-out>
  </testcase>
  <testcase name="Add_Policy_With_Missing_Keys_TC[[Ljava.lang.Object;@6cd42516](10)" classname="SteeringCompanyAPI_TestCases.Test_Policies_Cases" time="1.392">
    <system-out><![CDATA[2023-01-22 15:43:00.035 &amp#27;[32m INFO&amp#27;[m &amp#27;[35m[@534 - main]&amp#27;[m &amp#27;[36mcom.shaft.tools.io.ReportManager&amp#27;[m : 
################################################################################################################################################
Starting Execution:	"82 out of 70" test cases in the current suite
Test Method:		"SteeringCompanyAPI_TestCases.Test_Policies_Cases.Add_Policy_With_Missing_Keys_TC"
Test Description:	"TC050 -Policy- Perform Add Policy with Missing Keys"
################################################################################################################################################
2023-01-22 15:43:00.038 &amp#27;[32m INFO&amp#27;[m &amp#27;[35m[@503 - main]&amp#27;[m &amp#27;[36mcom.shaft.tools.io.ReportManager&amp#27;[m : File Action "DoesFileExist" successfully performed. With the following test data "File Path: "SteeringCompanyAPI_TestData/SteeringCompanyAPI_TestData.xlsx"".
2023-01-22 15:43:00.105 &amp#27;[32m INFO&amp#27;[m &amp#27;[35m[@503 - main]&amp#27;[m &amp#27;[36mcom.shaft.tools.io.ReportManager&amp#27;[m : Successfully created attachment "Test Data - Excel"
2023-01-22 15:43:00.712 &amp#27;[32m INFO&amp#27;[m &amp#27;[35m[@503 - main]&amp#27;[m &amp#27;[36mcom.shaft.tools.io.ReportManager&amp#27;[m : Response status code: "200", status line: "HTTP/1.1 200 OK"
2023-01-22 15:43:00.734 &amp#27;[32m INFO&amp#27;[m &amp#27;[35m[@503 - main]&amp#27;[m &amp#27;[36mcom.shaft.tools.io.ReportManager&amp#27;[m : Successfully created attachment "API Request - Specifications"
2023-01-22 15:43:00.736 &amp#27;[32m INFO&amp#27;[m &amp#27;[35m[@503 - main]&amp#27;[m &amp#27;[36mcom.shaft.tools.io.ReportManager&amp#27;[m : Successfully created attachment "API Request - Body"
2023-01-22 15:43:00.736 &amp#27;[32m INFO&amp#27;[m &amp#27;[35m[@503 - main]&amp#27;[m &amp#27;[36mcom.shaft.tools.io.ReportManager&amp#27;[m : Successfully created attachment "API Response - JSON Body"
2023-01-22 15:43:00.757 &amp#27;[32m INFO&amp#27;[m &amp#27;[35m[@503 - main]&amp#27;[m &amp#27;[36mcom.shaft.tools.io.ReportManager&amp#27;[m : File Action "DoesFileExist" successfully performed. With the following test data "File Path: "SteeringCompanyAPI_TestData/SteeringCompanyAPI_TestData.xlsx"".
2023-01-22 15:43:00.800 &amp#27;[32m INFO&amp#27;[m &amp#27;[35m[@503 - main]&amp#27;[m &amp#27;[36mcom.shaft.tools.io.ReportManager&amp#27;[m : Successfully created attachment "Test Data - Excel"
2023-01-22 15:43:00.800 &amp#27;[32m INFO&amp#27;[m &amp#27;[35m[@503 - main]&amp#27;[m &amp#27;[36mcom.shaft.tools.io.ReportManager&amp#27;[m : File Action "DoesFileExist" successfully performed. With the following test data "File Path: "SteeringCompanyAPI_TestData/SteeringCompanyAPI_TestData.xlsx"".
2023-01-22 15:43:00.849 &amp#27;[32m INFO&amp#27;[m &amp#27;[35m[@503 - main]&amp#27;[m &amp#27;[36mcom.shaft.tools.io.ReportManager&amp#27;[m : Successfully created attachment "Test Data - Excel"
2023-01-22 15:43:00.849 &amp#27;[32m INFO&amp#27;[m &amp#27;[35m[@503 - main]&amp#27;[m &amp#27;[36mcom.shaft.tools.io.ReportManager&amp#27;[m : File Action "DoesFileExist" successfully performed. With the following test data "File Path: "SteeringCompanyAPI_TestData/SteeringCompanyAPI_TestData.xlsx"".
2023-01-22 15:43:00.910 &amp#27;[32m INFO&amp#27;[m &amp#27;[35m[@503 - main]&amp#27;[m &amp#27;[36mcom.shaft.tools.io.ReportManager&amp#27;[m : Successfully created attachment "Test Data - Excel"
2023-01-22 15:43:01.379 &amp#27;[32m INFO&amp#27;[m &amp#27;[35m[@503 - main]&amp#27;[m &amp#27;[36mcom.shaft.tools.io.ReportManager&amp#27;[m : Response status code: "422", status line: "HTTP/1.1 422 "
2023-01-22 15:43:01.401 &amp#27;[32m INFO&amp#27;[m &amp#27;[35m[@503 - main]&amp#27;[m &amp#27;[36mcom.shaft.tools.io.ReportManager&amp#27;[m : Successfully created attachment "API Request - Specifications"
2023-01-22 15:43:01.402 &amp#27;[32m INFO&amp#27;[m &amp#27;[35m[@503 - main]&amp#27;[m &amp#27;[36mcom.shaft.tools.io.ReportManager&amp#27;[m : Successfully created attachment "API Request - JSON Body"
2023-01-22 15:43:01.406 &amp#27;[32m INFO&amp#27;[m &amp#27;[35m[@503 - main]&amp#27;[m &amp#27;[36mcom.shaft.tools.io.ReportManager&amp#27;[m : Successfully created attachment "API Response - JSON Body"
2023-01-22 15:43:01.407 &amp#27;[32m INFO&amp#27;[m &amp#27;[35m[@503 - main]&amp#27;[m &amp#27;[36mcom.shaft.tools.io.ReportManager&amp#27;[m : File Action "DoesFileExist" successfully performed. With the following test data "File Path: "Schemas/ValidationError_schema.json"".
2023-01-22 15:43:01.408 &amp#27;[32m INFO&amp#27;[m &amp#27;[35m[@503 - main]&amp#27;[m &amp#27;[36mcom.shaft.tools.io.ReportManager&amp#27;[m : File Action "DoesFileExist" successfully performed. With the following test data "File Path: "src/test/resources/testDataFiles/Schemas/ValidationError_schema.json"".
2023-01-22 15:43:01.408 &amp#27;[32m INFO&amp#27;[m &amp#27;[35m[@503 - main]&amp#27;[m &amp#27;[36mcom.shaft.tools.io.ReportManager&amp#27;[m : File Action "GetAbsolutePath" successfully performed. With the following test data "Relative Folder Path: "src/test/resources/testDataFiles/Schemas/ValidationError_schema.json"".
2023-01-22 15:43:01.412 &amp#27;[32m INFO&amp#27;[m &amp#27;[35m[@503 - main]&amp#27;[m &amp#27;[36mcom.shaft.tools.io.ReportManager&amp#27;[m : File Action "DoesFileExist" successfully performed. With the following test data "File Path: "C:\eclipse-workspace\MyProjects\TASystemsAPIs\src\test\resources\testDataFiles\Schemas\ValidationError_schema.json"".
2023-01-22 15:43:01.413 &amp#27;[32m INFO&amp#27;[m &amp#27;[35m[@503 - main]&amp#27;[m &amp#27;[36mcom.shaft.tools.io.ReportManager&amp#27;[m : File Action "GetAbsolutePath" successfully performed. With the following test data "Relative Folder Path: "C:\eclipse-workspace\MyProjects\TASystemsAPIs\src\test\resources\testDataFiles\Schemas\ValidationError_schema.json"".
2023-01-22 15:43:01.413 &amp#27;[32m INFO&amp#27;[m &amp#27;[35m[@503 - main]&amp#27;[m &amp#27;[36mcom.shaft.tools.io.ReportManager&amp#27;[m : File Action "ReadFile" successfully performed. With the following test data "File Path: "C:\eclipse-workspace\MyProjects\TASystemsAPIs\src\test\resources\testDataFiles\Schemas\ValidationError_schema.json"".
2023-01-22 15:43:01.415 &amp#27;[32m INFO&amp#27;[m &amp#27;[35m[@503 - main]&amp#27;[m &amp#27;[36mcom.shaft.tools.io.ReportManager&amp#27;[m : Successfully created attachment "Validation Test Data - Expected JSON Value"
2023-01-22 15:43:01.416 &amp#27;[32m INFO&amp#27;[m &amp#27;[35m[@503 - main]&amp#27;[m &amp#27;[36mcom.shaft.tools.io.ReportManager&amp#27;[m : Successfully created attachment "Validation Test Data - Actual JSON Value"
2023-01-22 15:43:01.416 &amp#27;[32m INFO&amp#27;[m &amp#27;[35m[@503 - main]&amp#27;[m &amp#27;[36mcom.shaft.tools.io.ReportManager&amp#27;[m : Successfully created attachment "SHAFT Engine Logs - Current Method log: Add_Policy_With_Missing_Keys_TC"
]]></system-out>
  </testcase>
  <testcase name="Add_Policy_With_Missing_Keys_TC[[Ljava.lang.Object;@50d4c4dc](11)" classname="SteeringCompanyAPI_TestCases.Test_Policies_Cases" time="1.413">
    <system-out><![CDATA[2023-01-22 15:43:01.421 &amp#27;[32m INFO&amp#27;[m &amp#27;[35m[@534 - main]&amp#27;[m &amp#27;[36mcom.shaft.tools.io.ReportManager&amp#27;[m : 
################################################################################################################################################
Starting Execution:	"83 out of 70" test cases in the current suite
Test Method:		"SteeringCompanyAPI_TestCases.Test_Policies_Cases.Add_Policy_With_Missing_Keys_TC"
Test Description:	"TC050 -Policy- Perform Add Policy with Missing Keys"
################################################################################################################################################
2023-01-22 15:43:01.422 &amp#27;[32m INFO&amp#27;[m &amp#27;[35m[@503 - main]&amp#27;[m &amp#27;[36mcom.shaft.tools.io.ReportManager&amp#27;[m : File Action "DoesFileExist" successfully performed. With the following test data "File Path: "SteeringCompanyAPI_TestData/SteeringCompanyAPI_TestData.xlsx"".
2023-01-22 15:43:01.477 &amp#27;[32m INFO&amp#27;[m &amp#27;[35m[@503 - main]&amp#27;[m &amp#27;[36mcom.shaft.tools.io.ReportManager&amp#27;[m : Successfully created attachment "Test Data - Excel"
2023-01-22 15:43:02.082 &amp#27;[32m INFO&amp#27;[m &amp#27;[35m[@503 - main]&amp#27;[m &amp#27;[36mcom.shaft.tools.io.ReportManager&amp#27;[m : Response status code: "200", status line: "HTTP/1.1 200 OK"
2023-01-22 15:43:02.099 &amp#27;[32m INFO&amp#27;[m &amp#27;[35m[@503 - main]&amp#27;[m &amp#27;[36mcom.shaft.tools.io.ReportManager&amp#27;[m : Successfully created attachment "API Request - Specifications"
2023-01-22 15:43:02.102 &amp#27;[32m INFO&amp#27;[m &amp#27;[35m[@503 - main]&amp#27;[m &amp#27;[36mcom.shaft.tools.io.ReportManager&amp#27;[m : Successfully created attachment "API Request - Body"
2023-01-22 15:43:02.103 &amp#27;[32m INFO&amp#27;[m &amp#27;[35m[@503 - main]&amp#27;[m &amp#27;[36mcom.shaft.tools.io.ReportManager&amp#27;[m : Successfully created attachment "API Response - JSON Body"
2023-01-22 15:43:02.119 &amp#27;[32m INFO&amp#27;[m &amp#27;[35m[@503 - main]&amp#27;[m &amp#27;[36mcom.shaft.tools.io.ReportManager&amp#27;[m : File Action "DoesFileExist" successfully performed. With the following test data "File Path: "SteeringCompanyAPI_TestData/SteeringCompanyAPI_TestData.xlsx"".
2023-01-22 15:43:02.170 &amp#27;[32m INFO&amp#27;[m &amp#27;[35m[@503 - main]&amp#27;[m &amp#27;[36mcom.shaft.tools.io.ReportManager&amp#27;[m : Successfully created attachment "Test Data - Excel"
2023-01-22 15:43:02.171 &amp#27;[32m INFO&amp#27;[m &amp#27;[35m[@503 - main]&amp#27;[m &amp#27;[36mcom.shaft.tools.io.ReportManager&amp#27;[m : File Action "DoesFileExist" successfully performed. With the following test data "File Path: "SteeringCompanyAPI_TestData/SteeringCompanyAPI_TestData.xlsx"".
2023-01-22 15:43:02.242 &amp#27;[32m INFO&amp#27;[m &amp#27;[35m[@503 - main]&amp#27;[m &amp#27;[36mcom.shaft.tools.io.ReportManager&amp#27;[m : Successfully created attachment "Test Data - Excel"
2023-01-22 15:43:02.243 &amp#27;[32m INFO&amp#27;[m &amp#27;[35m[@503 - main]&amp#27;[m &amp#27;[36mcom.shaft.tools.io.ReportManager&amp#27;[m : File Action "DoesFileExist" successfully performed. With the following test data "File Path: "SteeringCompanyAPI_TestData/SteeringCompanyAPI_TestData.xlsx"".
2023-01-22 15:43:02.323 &amp#27;[32m INFO&amp#27;[m &amp#27;[35m[@503 - main]&amp#27;[m &amp#27;[36mcom.shaft.tools.io.ReportManager&amp#27;[m : Successfully created attachment "Test Data - Excel"
2023-01-22 15:43:02.794 &amp#27;[32m INFO&amp#27;[m &amp#27;[35m[@503 - main]&amp#27;[m &amp#27;[36mcom.shaft.tools.io.ReportManager&amp#27;[m : Response status code: "422", status line: "HTTP/1.1 422 "
2023-01-22 15:43:02.813 &amp#27;[32m INFO&amp#27;[m &amp#27;[35m[@503 - main]&amp#27;[m &amp#27;[36mcom.shaft.tools.io.ReportManager&amp#27;[m : Successfully created attachment "API Request - Specifications"
2023-01-22 15:43:02.814 &amp#27;[32m INFO&amp#27;[m &amp#27;[35m[@503 - main]&amp#27;[m &amp#27;[36mcom.shaft.tools.io.ReportManager&amp#27;[m : Successfully created attachment "API Request - JSON Body"
2023-01-22 15:43:02.818 &amp#27;[32m INFO&amp#27;[m &amp#27;[35m[@503 - main]&amp#27;[m &amp#27;[36mcom.shaft.tools.io.ReportManager&amp#27;[m : Successfully created attachment "API Response - JSON Body"
2023-01-22 15:43:02.820 &amp#27;[32m INFO&amp#27;[m &amp#27;[35m[@503 - main]&amp#27;[m &amp#27;[36mcom.shaft.tools.io.ReportManager&amp#27;[m : File Action "DoesFileExist" successfully performed. With the following test data "File Path: "Schemas/ValidationError_schema.json"".
2023-01-22 15:43:02.821 &amp#27;[32m INFO&amp#27;[m &amp#27;[35m[@503 - main]&amp#27;[m &amp#27;[36mcom.shaft.tools.io.ReportManager&amp#27;[m : File Action "DoesFileExist" successfully performed. With the following test data "File Path: "src/test/resources/testDataFiles/Schemas/ValidationError_schema.json"".
2023-01-22 15:43:02.821 &amp#27;[32m INFO&amp#27;[m &amp#27;[35m[@503 - main]&amp#27;[m &amp#27;[36mcom.shaft.tools.io.ReportManager&amp#27;[m : File Action "GetAbsolutePath" successfully performed. With the following test data "Relative Folder Path: "src/test/resources/testDataFiles/Schemas/ValidationError_schema.json"".
2023-01-22 15:43:02.825 &amp#27;[32m INFO&amp#27;[m &amp#27;[35m[@503 - main]&amp#27;[m &amp#27;[36mcom.shaft.tools.io.ReportManager&amp#27;[m : File Action "DoesFileExist" successfully performed. With the following test data "File Path: "C:\eclipse-workspace\MyProjects\TASystemsAPIs\src\test\resources\testDataFiles\Schemas\ValidationError_schema.json"".
2023-01-22 15:43:02.826 &amp#27;[32m INFO&amp#27;[m &amp#27;[35m[@503 - main]&amp#27;[m &amp#27;[36mcom.shaft.tools.io.ReportManager&amp#27;[m : File Action "GetAbsolutePath" successfully performed. With the following test data "Relative Folder Path: "C:\eclipse-workspace\MyProjects\TASystemsAPIs\src\test\resources\testDataFiles\Schemas\ValidationError_schema.json"".
2023-01-22 15:43:02.826 &amp#27;[32m INFO&amp#27;[m &amp#27;[35m[@503 - main]&amp#27;[m &amp#27;[36mcom.shaft.tools.io.ReportManager&amp#27;[m : File Action "ReadFile" successfully performed. With the following test data "File Path: "C:\eclipse-workspace\MyProjects\TASystemsAPIs\src\test\resources\testDataFiles\Schemas\ValidationError_schema.json"".
2023-01-22 15:43:02.828 &amp#27;[32m INFO&amp#27;[m &amp#27;[35m[@503 - main]&amp#27;[m &amp#27;[36mcom.shaft.tools.io.ReportManager&amp#27;[m : Successfully created attachment "Validation Test Data - Expected JSON Value"
2023-01-22 15:43:02.829 &amp#27;[32m INFO&amp#27;[m &amp#27;[35m[@503 - main]&amp#27;[m &amp#27;[36mcom.shaft.tools.io.ReportManager&amp#27;[m : Successfully created attachment "Validation Test Data - Actual JSON Value"
2023-01-22 15:43:02.830 &amp#27;[32m INFO&amp#27;[m &amp#27;[35m[@503 - main]&amp#27;[m &amp#27;[36mcom.shaft.tools.io.ReportManager&amp#27;[m : Successfully created attachment "SHAFT Engine Logs - Current Method log: Add_Policy_With_Missing_Keys_TC"
]]></system-out>
  </testcase>
  <testcase name="Add_Policy_With_Missing_Keys_TC[[Ljava.lang.Object;@1448372a](12)" classname="SteeringCompanyAPI_TestCases.Test_Policies_Cases" time="1.394">
    <system-out><![CDATA[2023-01-22 15:43:02.834 &amp#27;[32m INFO&amp#27;[m &amp#27;[35m[@534 - main]&amp#27;[m &amp#27;[36mcom.shaft.tools.io.ReportManager&amp#27;[m : 
################################################################################################################################################
Starting Execution:	"84 out of 70" test cases in the current suite
Test Method:		"SteeringCompanyAPI_TestCases.Test_Policies_Cases.Add_Policy_With_Missing_Keys_TC"
Test Description:	"TC050 -Policy- Perform Add Policy with Missing Keys"
################################################################################################################################################
2023-01-22 15:43:02.835 &amp#27;[32m INFO&amp#27;[m &amp#27;[35m[@503 - main]&amp#27;[m &amp#27;[36mcom.shaft.tools.io.ReportManager&amp#27;[m : File Action "DoesFileExist" successfully performed. With the following test data "File Path: "SteeringCompanyAPI_TestData/SteeringCompanyAPI_TestData.xlsx"".
2023-01-22 15:43:02.888 &amp#27;[32m INFO&amp#27;[m &amp#27;[35m[@503 - main]&amp#27;[m &amp#27;[36mcom.shaft.tools.io.ReportManager&amp#27;[m : Successfully created attachment "Test Data - Excel"
2023-01-22 15:43:03.498 &amp#27;[32m INFO&amp#27;[m &amp#27;[35m[@503 - main]&amp#27;[m &amp#27;[36mcom.shaft.tools.io.ReportManager&amp#27;[m : Response status code: "200", status line: "HTTP/1.1 200 OK"
2023-01-22 15:43:03.520 &amp#27;[32m INFO&amp#27;[m &amp#27;[35m[@503 - main]&amp#27;[m &amp#27;[36mcom.shaft.tools.io.ReportManager&amp#27;[m : Successfully created attachment "API Request - Specifications"
2023-01-22 15:43:03.521 &amp#27;[32m INFO&amp#27;[m &amp#27;[35m[@503 - main]&amp#27;[m &amp#27;[36mcom.shaft.tools.io.ReportManager&amp#27;[m : Successfully created attachment "API Request - Body"
2023-01-22 15:43:03.523 &amp#27;[32m INFO&amp#27;[m &amp#27;[35m[@503 - main]&amp#27;[m &amp#27;[36mcom.shaft.tools.io.ReportManager&amp#27;[m : Successfully created attachment "API Response - JSON Body"
2023-01-22 15:43:03.541 &amp#27;[32m INFO&amp#27;[m &amp#27;[35m[@503 - main]&amp#27;[m &amp#27;[36mcom.shaft.tools.io.ReportManager&amp#27;[m : File Action "DoesFileExist" successfully performed. With the following test data "File Path: "SteeringCompanyAPI_TestData/SteeringCompanyAPI_TestData.xlsx"".
2023-01-22 15:43:03.591 &amp#27;[32m INFO&amp#27;[m &amp#27;[35m[@503 - main]&amp#27;[m &amp#27;[36mcom.shaft.tools.io.ReportManager&amp#27;[m : Successfully created attachment "Test Data - Excel"
2023-01-22 15:43:03.592 &amp#27;[32m INFO&amp#27;[m &amp#27;[35m[@503 - main]&amp#27;[m &amp#27;[36mcom.shaft.tools.io.ReportManager&amp#27;[m : File Action "DoesFileExist" successfully performed. With the following test data "File Path: "SteeringCompanyAPI_TestData/SteeringCompanyAPI_TestData.xlsx"".
2023-01-22 15:43:03.640 &amp#27;[32m INFO&amp#27;[m &amp#27;[35m[@503 - main]&amp#27;[m &amp#27;[36mcom.shaft.tools.io.ReportManager&amp#27;[m : Successfully created attachment "Test Data - Excel"
2023-01-22 15:43:03.640 &amp#27;[32m INFO&amp#27;[m &amp#27;[35m[@503 - main]&amp#27;[m &amp#27;[36mcom.shaft.tools.io.ReportManager&amp#27;[m : File Action "DoesFileExist" successfully performed. With the following test data "File Path: "SteeringCompanyAPI_TestData/SteeringCompanyAPI_TestData.xlsx"".
2023-01-22 15:43:03.703 &amp#27;[32m INFO&amp#27;[m &amp#27;[35m[@503 - main]&amp#27;[m &amp#27;[36mcom.shaft.tools.io.ReportManager&amp#27;[m : Successfully created attachment "Test Data - Excel"
2023-01-22 15:43:04.190 &amp#27;[32m INFO&amp#27;[m &amp#27;[35m[@503 - main]&amp#27;[m &amp#27;[36mcom.shaft.tools.io.ReportManager&amp#27;[m : Response status code: "422", status line: "HTTP/1.1 422 "
2023-01-22 15:43:04.210 &amp#27;[32m INFO&amp#27;[m &amp#27;[35m[@503 - main]&amp#27;[m &amp#27;[36mcom.shaft.tools.io.ReportManager&amp#27;[m : Successfully created attachment "API Request - Specifications"
2023-01-22 15:43:04.212 &amp#27;[32m INFO&amp#27;[m &amp#27;[35m[@503 - main]&amp#27;[m &amp#27;[36mcom.shaft.tools.io.ReportManager&amp#27;[m : Successfully created attachment "API Request - JSON Body"
2023-01-22 15:43:04.213 &amp#27;[32m INFO&amp#27;[m &amp#27;[35m[@503 - main]&amp#27;[m &amp#27;[36mcom.shaft.tools.io.ReportManager&amp#27;[m : Successfully created attachment "API Response - JSON Body"
2023-01-22 15:43:04.213 &amp#27;[32m INFO&amp#27;[m &amp#27;[35m[@503 - main]&amp#27;[m &amp#27;[36mcom.shaft.tools.io.ReportManager&amp#27;[m : File Action "DoesFileExist" successfully performed. With the following test data "File Path: "Schemas/ValidationError_schema.json"".
2023-01-22 15:43:04.215 &amp#27;[32m INFO&amp#27;[m &amp#27;[35m[@503 - main]&amp#27;[m &amp#27;[36mcom.shaft.tools.io.ReportManager&amp#27;[m : File Action "DoesFileExist" successfully performed. With the following test data "File Path: "src/test/resources/testDataFiles/Schemas/ValidationError_schema.json"".
2023-01-22 15:43:04.215 &amp#27;[32m INFO&amp#27;[m &amp#27;[35m[@503 - main]&amp#27;[m &amp#27;[36mcom.shaft.tools.io.ReportManager&amp#27;[m : File Action "GetAbsolutePath" successfully performed. With the following test data "Relative Folder Path: "src/test/resources/testDataFiles/Schemas/ValidationError_schema.json"".
2023-01-22 15:43:04.218 &amp#27;[32m INFO&amp#27;[m &amp#27;[35m[@503 - main]&amp#27;[m &amp#27;[36mcom.shaft.tools.io.ReportManager&amp#27;[m : File Action "DoesFileExist" successfully performed. With the following test data "File Path: "C:\eclipse-workspace\MyProjects\TASystemsAPIs\src\test\resources\testDataFiles\Schemas\ValidationError_schema.json"".
2023-01-22 15:43:04.218 &amp#27;[32m INFO&amp#27;[m &amp#27;[35m[@503 - main]&amp#27;[m &amp#27;[36mcom.shaft.tools.io.ReportManager&amp#27;[m : File Action "GetAbsolutePath" successfully performed. With the following test data "Relative Folder Path: "C:\eclipse-workspace\MyProjects\TASystemsAPIs\src\test\resources\testDataFiles\Schemas\ValidationError_schema.json"".
2023-01-22 15:43:04.218 &amp#27;[32m INFO&amp#27;[m &amp#27;[35m[@503 - main]&amp#27;[m &amp#27;[36mcom.shaft.tools.io.ReportManager&amp#27;[m : File Action "ReadFile" successfully performed. With the following test data "File Path: "C:\eclipse-workspace\MyProjects\TASystemsAPIs\src\test\resources\testDataFiles\Schemas\ValidationError_schema.json"".
2023-01-22 15:43:04.221 &amp#27;[32m INFO&amp#27;[m &amp#27;[35m[@503 - main]&amp#27;[m &amp#27;[36mcom.shaft.tools.io.ReportManager&amp#27;[m : Successfully created attachment "Validation Test Data - Expected JSON Value"
2023-01-22 15:43:04.223 &amp#27;[32m INFO&amp#27;[m &amp#27;[35m[@503 - main]&amp#27;[m &amp#27;[36mcom.shaft.tools.io.ReportManager&amp#27;[m : Successfully created attachment "Validation Test Data - Actual JSON Value"
2023-01-22 15:43:04.224 &amp#27;[32m INFO&amp#27;[m &amp#27;[35m[@503 - main]&amp#27;[m &amp#27;[36mcom.shaft.tools.io.ReportManager&amp#27;[m : Successfully created attachment "SHAFT Engine Logs - Current Method log: Add_Policy_With_Missing_Keys_TC"
]]></system-out>
  </testcase>
  <testcase name="Add_Policy_With_Missing_Keys_TC[[Ljava.lang.Object;@6ec5c03](13)" classname="SteeringCompanyAPI_TestCases.Test_Policies_Cases" time="1.333">
    <system-out><![CDATA[2023-01-22 15:43:04.228 &amp#27;[32m INFO&amp#27;[m &amp#27;[35m[@534 - main]&amp#27;[m &amp#27;[36mcom.shaft.tools.io.ReportManager&amp#27;[m : 
################################################################################################################################################
Starting Execution:	"85 out of 70" test cases in the current suite
Test Method:		"SteeringCompanyAPI_TestCases.Test_Policies_Cases.Add_Policy_With_Missing_Keys_TC"
Test Description:	"TC050 -Policy- Perform Add Policy with Missing Keys"
################################################################################################################################################
2023-01-22 15:43:04.228 &amp#27;[32m INFO&amp#27;[m &amp#27;[35m[@503 - main]&amp#27;[m &amp#27;[36mcom.shaft.tools.io.ReportManager&amp#27;[m : File Action "DoesFileExist" successfully performed. With the following test data "File Path: "SteeringCompanyAPI_TestData/SteeringCompanyAPI_TestData.xlsx"".
2023-01-22 15:43:04.293 &amp#27;[32m INFO&amp#27;[m &amp#27;[35m[@503 - main]&amp#27;[m &amp#27;[36mcom.shaft.tools.io.ReportManager&amp#27;[m : Successfully created attachment "Test Data - Excel"
2023-01-22 15:43:04.864 &amp#27;[32m INFO&amp#27;[m &amp#27;[35m[@503 - main]&amp#27;[m &amp#27;[36mcom.shaft.tools.io.ReportManager&amp#27;[m : Response status code: "200", status line: "HTTP/1.1 200 OK"
2023-01-22 15:43:04.884 &amp#27;[32m INFO&amp#27;[m &amp#27;[35m[@503 - main]&amp#27;[m &amp#27;[36mcom.shaft.tools.io.ReportManager&amp#27;[m : Successfully created attachment "API Request - Specifications"
2023-01-22 15:43:04.887 &amp#27;[32m INFO&amp#27;[m &amp#27;[35m[@503 - main]&amp#27;[m &amp#27;[36mcom.shaft.tools.io.ReportManager&amp#27;[m : Successfully created attachment "API Request - Body"
2023-01-22 15:43:04.890 &amp#27;[32m INFO&amp#27;[m &amp#27;[35m[@503 - main]&amp#27;[m &amp#27;[36mcom.shaft.tools.io.ReportManager&amp#27;[m : Successfully created attachment "API Response - JSON Body"
2023-01-22 15:43:04.913 &amp#27;[32m INFO&amp#27;[m &amp#27;[35m[@503 - main]&amp#27;[m &amp#27;[36mcom.shaft.tools.io.ReportManager&amp#27;[m : File Action "DoesFileExist" successfully performed. With the following test data "File Path: "SteeringCompanyAPI_TestData/SteeringCompanyAPI_TestData.xlsx"".
2023-01-22 15:43:04.958 &amp#27;[32m INFO&amp#27;[m &amp#27;[35m[@503 - main]&amp#27;[m &amp#27;[36mcom.shaft.tools.io.ReportManager&amp#27;[m : Successfully created attachment "Test Data - Excel"
2023-01-22 15:43:04.959 &amp#27;[32m INFO&amp#27;[m &amp#27;[35m[@503 - main]&amp#27;[m &amp#27;[36mcom.shaft.tools.io.ReportManager&amp#27;[m : File Action "DoesFileExist" successfully performed. With the following test data "File Path: "SteeringCompanyAPI_TestData/SteeringCompanyAPI_TestData.xlsx"".
2023-01-22 15:43:04.999 &amp#27;[32m INFO&amp#27;[m &amp#27;[35m[@503 - main]&amp#27;[m &amp#27;[36mcom.shaft.tools.io.ReportManager&amp#27;[m : Successfully created attachment "Test Data - Excel"
2023-01-22 15:43:04.999 &amp#27;[32m INFO&amp#27;[m &amp#27;[35m[@503 - main]&amp#27;[m &amp#27;[36mcom.shaft.tools.io.ReportManager&amp#27;[m : File Action "DoesFileExist" successfully performed. With the following test data "File Path: "SteeringCompanyAPI_TestData/SteeringCompanyAPI_TestData.xlsx"".
2023-01-22 15:43:05.061 &amp#27;[32m INFO&amp#27;[m &amp#27;[35m[@503 - main]&amp#27;[m &amp#27;[36mcom.shaft.tools.io.ReportManager&amp#27;[m : Successfully created attachment "Test Data - Excel"
2023-01-22 15:43:05.520 &amp#27;[32m INFO&amp#27;[m &amp#27;[35m[@503 - main]&amp#27;[m &amp#27;[36mcom.shaft.tools.io.ReportManager&amp#27;[m : Response status code: "422", status line: "HTTP/1.1 422 "
2023-01-22 15:43:05.537 &amp#27;[32m INFO&amp#27;[m &amp#27;[35m[@503 - main]&amp#27;[m &amp#27;[36mcom.shaft.tools.io.ReportManager&amp#27;[m : Successfully created attachment "API Request - Specifications"
2023-01-22 15:43:05.539 &amp#27;[32m INFO&amp#27;[m &amp#27;[35m[@503 - main]&amp#27;[m &amp#27;[36mcom.shaft.tools.io.ReportManager&amp#27;[m : Successfully created attachment "API Request - JSON Body"
2023-01-22 15:43:05.543 &amp#27;[32m INFO&amp#27;[m &amp#27;[35m[@503 - main]&amp#27;[m &amp#27;[36mcom.shaft.tools.io.ReportManager&amp#27;[m : Successfully created attachment "API Response - JSON Body"
2023-01-22 15:43:05.545 &amp#27;[32m INFO&amp#27;[m &amp#27;[35m[@503 - main]&amp#27;[m &amp#27;[36mcom.shaft.tools.io.ReportManager&amp#27;[m : File Action "DoesFileExist" successfully performed. With the following test data "File Path: "Schemas/ValidationError_schema.json"".
2023-01-22 15:43:05.545 &amp#27;[32m INFO&amp#27;[m &amp#27;[35m[@503 - main]&amp#27;[m &amp#27;[36mcom.shaft.tools.io.ReportManager&amp#27;[m : File Action "DoesFileExist" successfully performed. With the following test data "File Path: "src/test/resources/testDataFiles/Schemas/ValidationError_schema.json"".
2023-01-22 15:43:05.546 &amp#27;[32m INFO&amp#27;[m &amp#27;[35m[@503 - main]&amp#27;[m &amp#27;[36mcom.shaft.tools.io.ReportManager&amp#27;[m : File Action "GetAbsolutePath" successfully performed. With the following test data "Relative Folder Path: "src/test/resources/testDataFiles/Schemas/ValidationError_schema.json"".
2023-01-22 15:43:05.551 &amp#27;[32m INFO&amp#27;[m &amp#27;[35m[@503 - main]&amp#27;[m &amp#27;[36mcom.shaft.tools.io.ReportManager&amp#27;[m : File Action "DoesFileExist" successfully performed. With the following test data "File Path: "C:\eclipse-workspace\MyProjects\TASystemsAPIs\src\test\resources\testDataFiles\Schemas\ValidationError_schema.json"".
2023-01-22 15:43:05.551 &amp#27;[32m INFO&amp#27;[m &amp#27;[35m[@503 - main]&amp#27;[m &amp#27;[36mcom.shaft.tools.io.ReportManager&amp#27;[m : File Action "GetAbsolutePath" successfully performed. With the following test data "Relative Folder Path: "C:\eclipse-workspace\MyProjects\TASystemsAPIs\src\test\resources\testDataFiles\Schemas\ValidationError_schema.json"".
2023-01-22 15:43:05.552 &amp#27;[32m INFO&amp#27;[m &amp#27;[35m[@503 - main]&amp#27;[m &amp#27;[36mcom.shaft.tools.io.ReportManager&amp#27;[m : File Action "ReadFile" successfully performed. With the following test data "File Path: "C:\eclipse-workspace\MyProjects\TASystemsAPIs\src\test\resources\testDataFiles\Schemas\ValidationError_schema.json"".
2023-01-22 15:43:05.554 &amp#27;[32m INFO&amp#27;[m &amp#27;[35m[@503 - main]&amp#27;[m &amp#27;[36mcom.shaft.tools.io.ReportManager&amp#27;[m : Successfully created attachment "Validation Test Data - Expected JSON Value"
2023-01-22 15:43:05.554 &amp#27;[32m INFO&amp#27;[m &amp#27;[35m[@503 - main]&amp#27;[m &amp#27;[36mcom.shaft.tools.io.ReportManager&amp#27;[m : Successfully created attachment "Validation Test Data - Actual JSON Value"
2023-01-22 15:43:05.555 &amp#27;[32m INFO&amp#27;[m &amp#27;[35m[@503 - main]&amp#27;[m &amp#27;[36mcom.shaft.tools.io.ReportManager&amp#27;[m : Successfully created attachment "SHAFT Engine Logs - Current Method log: Add_Policy_With_Missing_Keys_TC"
]]></system-out>
  </testcase>
  <testcase name="Add_Policy_With_Missing_Keys_TC[[Ljava.lang.Object;@75823c39](14)" classname="SteeringCompanyAPI_TestCases.Test_Policies_Cases" time="1.379">
    <system-out><![CDATA[2023-01-22 15:43:05.561 &amp#27;[32m INFO&amp#27;[m &amp#27;[35m[@534 - main]&amp#27;[m &amp#27;[36mcom.shaft.tools.io.ReportManager&amp#27;[m : 
################################################################################################################################################
Starting Execution:	"86 out of 70" test cases in the current suite
Test Method:		"SteeringCompanyAPI_TestCases.Test_Policies_Cases.Add_Policy_With_Missing_Keys_TC"
Test Description:	"TC050 -Policy- Perform Add Policy with Missing Keys"
################################################################################################################################################
2023-01-22 15:43:05.562 &amp#27;[32m INFO&amp#27;[m &amp#27;[35m[@503 - main]&amp#27;[m &amp#27;[36mcom.shaft.tools.io.ReportManager&amp#27;[m : File Action "DoesFileExist" successfully performed. With the following test data "File Path: "SteeringCompanyAPI_TestData/SteeringCompanyAPI_TestData.xlsx"".
2023-01-22 15:43:05.612 &amp#27;[32m INFO&amp#27;[m &amp#27;[35m[@503 - main]&amp#27;[m &amp#27;[36mcom.shaft.tools.io.ReportManager&amp#27;[m : Successfully created attachment "Test Data - Excel"
2023-01-22 15:43:06.217 &amp#27;[32m INFO&amp#27;[m &amp#27;[35m[@503 - main]&amp#27;[m &amp#27;[36mcom.shaft.tools.io.ReportManager&amp#27;[m : Response status code: "200", status line: "HTTP/1.1 200 OK"
2023-01-22 15:43:06.242 &amp#27;[32m INFO&amp#27;[m &amp#27;[35m[@503 - main]&amp#27;[m &amp#27;[36mcom.shaft.tools.io.ReportManager&amp#27;[m : Successfully created attachment "API Request - Specifications"
2023-01-22 15:43:06.245 &amp#27;[32m INFO&amp#27;[m &amp#27;[35m[@503 - main]&amp#27;[m &amp#27;[36mcom.shaft.tools.io.ReportManager&amp#27;[m : Successfully created attachment "API Request - Body"
2023-01-22 15:43:06.246 &amp#27;[32m INFO&amp#27;[m &amp#27;[35m[@503 - main]&amp#27;[m &amp#27;[36mcom.shaft.tools.io.ReportManager&amp#27;[m : Successfully created attachment "API Response - JSON Body"
2023-01-22 15:43:06.259 &amp#27;[32m INFO&amp#27;[m &amp#27;[35m[@503 - main]&amp#27;[m &amp#27;[36mcom.shaft.tools.io.ReportManager&amp#27;[m : File Action "DoesFileExist" successfully performed. With the following test data "File Path: "SteeringCompanyAPI_TestData/SteeringCompanyAPI_TestData.xlsx"".
2023-01-22 15:43:06.313 &amp#27;[32m INFO&amp#27;[m &amp#27;[35m[@503 - main]&amp#27;[m &amp#27;[36mcom.shaft.tools.io.ReportManager&amp#27;[m : Successfully created attachment "Test Data - Excel"
2023-01-22 15:43:06.313 &amp#27;[32m INFO&amp#27;[m &amp#27;[35m[@503 - main]&amp#27;[m &amp#27;[36mcom.shaft.tools.io.ReportManager&amp#27;[m : File Action "DoesFileExist" successfully performed. With the following test data "File Path: "SteeringCompanyAPI_TestData/SteeringCompanyAPI_TestData.xlsx"".
2023-01-22 15:43:06.379 &amp#27;[32m INFO&amp#27;[m &amp#27;[35m[@503 - main]&amp#27;[m &amp#27;[36mcom.shaft.tools.io.ReportManager&amp#27;[m : Successfully created attachment "Test Data - Excel"
2023-01-22 15:43:06.379 &amp#27;[32m INFO&amp#27;[m &amp#27;[35m[@503 - main]&amp#27;[m &amp#27;[36mcom.shaft.tools.io.ReportManager&amp#27;[m : File Action "DoesFileExist" successfully performed. With the following test data "File Path: "SteeringCompanyAPI_TestData/SteeringCompanyAPI_TestData.xlsx"".
2023-01-22 15:43:06.428 &amp#27;[32m INFO&amp#27;[m &amp#27;[35m[@503 - main]&amp#27;[m &amp#27;[36mcom.shaft.tools.io.ReportManager&amp#27;[m : Successfully created attachment "Test Data - Excel"
2023-01-22 15:43:06.897 &amp#27;[32m INFO&amp#27;[m &amp#27;[35m[@503 - main]&amp#27;[m &amp#27;[36mcom.shaft.tools.io.ReportManager&amp#27;[m : Response status code: "422", status line: "HTTP/1.1 422 "
2023-01-22 15:43:06.915 &amp#27;[32m INFO&amp#27;[m &amp#27;[35m[@503 - main]&amp#27;[m &amp#27;[36mcom.shaft.tools.io.ReportManager&amp#27;[m : Successfully created attachment "API Request - Specifications"
2023-01-22 15:43:06.918 &amp#27;[32m INFO&amp#27;[m &amp#27;[35m[@503 - main]&amp#27;[m &amp#27;[36mcom.shaft.tools.io.ReportManager&amp#27;[m : Successfully created attachment "API Request - JSON Body"
2023-01-22 15:43:06.919 &amp#27;[32m INFO&amp#27;[m &amp#27;[35m[@503 - main]&amp#27;[m &amp#27;[36mcom.shaft.tools.io.ReportManager&amp#27;[m : Successfully created attachment "API Response - JSON Body"
2023-01-22 15:43:06.920 &amp#27;[32m INFO&amp#27;[m &amp#27;[35m[@503 - main]&amp#27;[m &amp#27;[36mcom.shaft.tools.io.ReportManager&amp#27;[m : File Action "DoesFileExist" successfully performed. With the following test data "File Path: "Schemas/ValidationError_schema.json"".
2023-01-22 15:43:06.921 &amp#27;[32m INFO&amp#27;[m &amp#27;[35m[@503 - main]&amp#27;[m &amp#27;[36mcom.shaft.tools.io.ReportManager&amp#27;[m : File Action "DoesFileExist" successfully performed. With the following test data "File Path: "src/test/resources/testDataFiles/Schemas/ValidationError_schema.json"".
2023-01-22 15:43:06.921 &amp#27;[32m INFO&amp#27;[m &amp#27;[35m[@503 - main]&amp#27;[m &amp#27;[36mcom.shaft.tools.io.ReportManager&amp#27;[m : File Action "GetAbsolutePath" successfully performed. With the following test data "Relative Folder Path: "src/test/resources/testDataFiles/Schemas/ValidationError_schema.json"".
2023-01-22 15:43:06.926 &amp#27;[32m INFO&amp#27;[m &amp#27;[35m[@503 - main]&amp#27;[m &amp#27;[36mcom.shaft.tools.io.ReportManager&amp#27;[m : File Action "DoesFileExist" successfully performed. With the following test data "File Path: "C:\eclipse-workspace\MyProjects\TASystemsAPIs\src\test\resources\testDataFiles\Schemas\ValidationError_schema.json"".
2023-01-22 15:43:06.926 &amp#27;[32m INFO&amp#27;[m &amp#27;[35m[@503 - main]&amp#27;[m &amp#27;[36mcom.shaft.tools.io.ReportManager&amp#27;[m : File Action "GetAbsolutePath" successfully performed. With the following test data "Relative Folder Path: "C:\eclipse-workspace\MyProjects\TASystemsAPIs\src\test\resources\testDataFiles\Schemas\ValidationError_schema.json"".
2023-01-22 15:43:06.927 &amp#27;[32m INFO&amp#27;[m &amp#27;[35m[@503 - main]&amp#27;[m &amp#27;[36mcom.shaft.tools.io.ReportManager&amp#27;[m : File Action "ReadFile" successfully performed. With the following test data "File Path: "C:\eclipse-workspace\MyProjects\TASystemsAPIs\src\test\resources\testDataFiles\Schemas\ValidationError_schema.json"".
2023-01-22 15:43:06.932 &amp#27;[32m INFO&amp#27;[m &amp#27;[35m[@503 - main]&amp#27;[m &amp#27;[36mcom.shaft.tools.io.ReportManager&amp#27;[m : Successfully created attachment "Validation Test Data - Expected JSON Value"
2023-01-22 15:43:06.934 &amp#27;[32m INFO&amp#27;[m &amp#27;[35m[@503 - main]&amp#27;[m &amp#27;[36mcom.shaft.tools.io.ReportManager&amp#27;[m : Successfully created attachment "Validation Test Data - Actual JSON Value"
2023-01-22 15:43:06.936 &amp#27;[32m INFO&amp#27;[m &amp#27;[35m[@503 - main]&amp#27;[m &amp#27;[36mcom.shaft.tools.io.ReportManager&amp#27;[m : Successfully created attachment "SHAFT Engine Logs - Current Method log: Add_Policy_With_Missing_Keys_TC"
]]></system-out>
  </testcase>
  <testcase name="Add_Policy_With_Missing_Keys_TC[[Ljava.lang.Object;@7994663](15)" classname="SteeringCompanyAPI_TestCases.Test_Policies_Cases" time="1.37">
    <system-out><![CDATA[2023-01-22 15:43:06.941 &amp#27;[32m INFO&amp#27;[m &amp#27;[35m[@534 - main]&amp#27;[m &amp#27;[36mcom.shaft.tools.io.ReportManager&amp#27;[m : 
################################################################################################################################################
Starting Execution:	"87 out of 70" test cases in the current suite
Test Method:		"SteeringCompanyAPI_TestCases.Test_Policies_Cases.Add_Policy_With_Missing_Keys_TC"
Test Description:	"TC050 -Policy- Perform Add Policy with Missing Keys"
################################################################################################################################################
2023-01-22 15:43:06.942 &amp#27;[32m INFO&amp#27;[m &amp#27;[35m[@503 - main]&amp#27;[m &amp#27;[36mcom.shaft.tools.io.ReportManager&amp#27;[m : File Action "DoesFileExist" successfully performed. With the following test data "File Path: "SteeringCompanyAPI_TestData/SteeringCompanyAPI_TestData.xlsx"".
2023-01-22 15:43:06.991 &amp#27;[32m INFO&amp#27;[m &amp#27;[35m[@503 - main]&amp#27;[m &amp#27;[36mcom.shaft.tools.io.ReportManager&amp#27;[m : Successfully created attachment "Test Data - Excel"
2023-01-22 15:43:07.584 &amp#27;[32m INFO&amp#27;[m &amp#27;[35m[@503 - main]&amp#27;[m &amp#27;[36mcom.shaft.tools.io.ReportManager&amp#27;[m : Response status code: "200", status line: "HTTP/1.1 200 OK"
2023-01-22 15:43:07.604 &amp#27;[32m INFO&amp#27;[m &amp#27;[35m[@503 - main]&amp#27;[m &amp#27;[36mcom.shaft.tools.io.ReportManager&amp#27;[m : Successfully created attachment "API Request - Specifications"
2023-01-22 15:43:07.606 &amp#27;[32m INFO&amp#27;[m &amp#27;[35m[@503 - main]&amp#27;[m &amp#27;[36mcom.shaft.tools.io.ReportManager&amp#27;[m : Successfully created attachment "API Request - Body"
2023-01-22 15:43:07.608 &amp#27;[32m INFO&amp#27;[m &amp#27;[35m[@503 - main]&amp#27;[m &amp#27;[36mcom.shaft.tools.io.ReportManager&amp#27;[m : Successfully created attachment "API Response - JSON Body"
2023-01-22 15:43:07.635 &amp#27;[32m INFO&amp#27;[m &amp#27;[35m[@503 - main]&amp#27;[m &amp#27;[36mcom.shaft.tools.io.ReportManager&amp#27;[m : File Action "DoesFileExist" successfully performed. With the following test data "File Path: "SteeringCompanyAPI_TestData/SteeringCompanyAPI_TestData.xlsx"".
2023-01-22 15:43:07.680 &amp#27;[32m INFO&amp#27;[m &amp#27;[35m[@503 - main]&amp#27;[m &amp#27;[36mcom.shaft.tools.io.ReportManager&amp#27;[m : Successfully created attachment "Test Data - Excel"
2023-01-22 15:43:07.680 &amp#27;[32m INFO&amp#27;[m &amp#27;[35m[@503 - main]&amp#27;[m &amp#27;[36mcom.shaft.tools.io.ReportManager&amp#27;[m : File Action "DoesFileExist" successfully performed. With the following test data "File Path: "SteeringCompanyAPI_TestData/SteeringCompanyAPI_TestData.xlsx"".
2023-01-22 15:43:07.742 &amp#27;[32m INFO&amp#27;[m &amp#27;[35m[@503 - main]&amp#27;[m &amp#27;[36mcom.shaft.tools.io.ReportManager&amp#27;[m : Successfully created attachment "Test Data - Excel"
2023-01-22 15:43:07.743 &amp#27;[32m INFO&amp#27;[m &amp#27;[35m[@503 - main]&amp#27;[m &amp#27;[36mcom.shaft.tools.io.ReportManager&amp#27;[m : File Action "DoesFileExist" successfully performed. With the following test data "File Path: "SteeringCompanyAPI_TestData/SteeringCompanyAPI_TestData.xlsx"".
2023-01-22 15:43:07.786 &amp#27;[32m INFO&amp#27;[m &amp#27;[35m[@503 - main]&amp#27;[m &amp#27;[36mcom.shaft.tools.io.ReportManager&amp#27;[m : Successfully created attachment "Test Data - Excel"
2023-01-22 15:43:08.253 &amp#27;[32m INFO&amp#27;[m &amp#27;[35m[@503 - main]&amp#27;[m &amp#27;[36mcom.shaft.tools.io.ReportManager&amp#27;[m : Response status code: "422", status line: "HTTP/1.1 422 "
2023-01-22 15:43:08.282 &amp#27;[32m INFO&amp#27;[m &amp#27;[35m[@503 - main]&amp#27;[m &amp#27;[36mcom.shaft.tools.io.ReportManager&amp#27;[m : Successfully created attachment "API Request - Specifications"
2023-01-22 15:43:08.284 &amp#27;[32m INFO&amp#27;[m &amp#27;[35m[@503 - main]&amp#27;[m &amp#27;[36mcom.shaft.tools.io.ReportManager&amp#27;[m : Successfully created attachment "API Request - JSON Body"
2023-01-22 15:43:08.285 &amp#27;[32m INFO&amp#27;[m &amp#27;[35m[@503 - main]&amp#27;[m &amp#27;[36mcom.shaft.tools.io.ReportManager&amp#27;[m : Successfully created attachment "API Response - JSON Body"
2023-01-22 15:43:08.289 &amp#27;[32m INFO&amp#27;[m &amp#27;[35m[@503 - main]&amp#27;[m &amp#27;[36mcom.shaft.tools.io.ReportManager&amp#27;[m : File Action "DoesFileExist" successfully performed. With the following test data "File Path: "Schemas/ValidationError_schema.json"".
2023-01-22 15:43:08.290 &amp#27;[32m INFO&amp#27;[m &amp#27;[35m[@503 - main]&amp#27;[m &amp#27;[36mcom.shaft.tools.io.ReportManager&amp#27;[m : File Action "DoesFileExist" successfully performed. With the following test data "File Path: "src/test/resources/testDataFiles/Schemas/ValidationError_schema.json"".
2023-01-22 15:43:08.290 &amp#27;[32m INFO&amp#27;[m &amp#27;[35m[@503 - main]&amp#27;[m &amp#27;[36mcom.shaft.tools.io.ReportManager&amp#27;[m : File Action "GetAbsolutePath" successfully performed. With the following test data "Relative Folder Path: "src/test/resources/testDataFiles/Schemas/ValidationError_schema.json"".
2023-01-22 15:43:08.296 &amp#27;[32m INFO&amp#27;[m &amp#27;[35m[@503 - main]&amp#27;[m &amp#27;[36mcom.shaft.tools.io.ReportManager&amp#27;[m : File Action "DoesFileExist" successfully performed. With the following test data "File Path: "C:\eclipse-workspace\MyProjects\TASystemsAPIs\src\test\resources\testDataFiles\Schemas\ValidationError_schema.json"".
2023-01-22 15:43:08.297 &amp#27;[32m INFO&amp#27;[m &amp#27;[35m[@503 - main]&amp#27;[m &amp#27;[36mcom.shaft.tools.io.ReportManager&amp#27;[m : File Action "GetAbsolutePath" successfully performed. With the following test data "Relative Folder Path: "C:\eclipse-workspace\MyProjects\TASystemsAPIs\src\test\resources\testDataFiles\Schemas\ValidationError_schema.json"".
2023-01-22 15:43:08.297 &amp#27;[32m INFO&amp#27;[m &amp#27;[35m[@503 - main]&amp#27;[m &amp#27;[36mcom.shaft.tools.io.ReportManager&amp#27;[m : File Action "ReadFile" successfully performed. With the following test data "File Path: "C:\eclipse-workspace\MyProjects\TASystemsAPIs\src\test\resources\testDataFiles\Schemas\ValidationError_schema.json"".
2023-01-22 15:43:08.301 &amp#27;[32m INFO&amp#27;[m &amp#27;[35m[@503 - main]&amp#27;[m &amp#27;[36mcom.shaft.tools.io.ReportManager&amp#27;[m : Successfully created attachment "Validation Test Data - Expected JSON Value"
2023-01-22 15:43:08.305 &amp#27;[32m INFO&amp#27;[m &amp#27;[35m[@503 - main]&amp#27;[m &amp#27;[36mcom.shaft.tools.io.ReportManager&amp#27;[m : Successfully created attachment "Validation Test Data - Actual JSON Value"
2023-01-22 15:43:08.306 &amp#27;[32m INFO&amp#27;[m &amp#27;[35m[@503 - main]&amp#27;[m &amp#27;[36mcom.shaft.tools.io.ReportManager&amp#27;[m : Successfully created attachment "SHAFT Engine Logs - Current Method log: Add_Policy_With_Missing_Keys_TC"
]]></system-out>
  </testcase>
  <testcase name="Add_Policy_With_Missing_Keys_TC[[Ljava.lang.Object;@73ac8829](16)" classname="SteeringCompanyAPI_TestCases.Test_Policies_Cases" time="1.386">
    <system-out><![CDATA[2023-01-22 15:43:08.312 &amp#27;[32m INFO&amp#27;[m &amp#27;[35m[@534 - main]&amp#27;[m &amp#27;[36mcom.shaft.tools.io.ReportManager&amp#27;[m : 
################################################################################################################################################
Starting Execution:	"88 out of 70" test cases in the current suite
Test Method:		"SteeringCompanyAPI_TestCases.Test_Policies_Cases.Add_Policy_With_Missing_Keys_TC"
Test Description:	"TC050 -Policy- Perform Add Policy with Missing Keys"
################################################################################################################################################
2023-01-22 15:43:08.313 &amp#27;[32m INFO&amp#27;[m &amp#27;[35m[@503 - main]&amp#27;[m &amp#27;[36mcom.shaft.tools.io.ReportManager&amp#27;[m : File Action "DoesFileExist" successfully performed. With the following test data "File Path: "SteeringCompanyAPI_TestData/SteeringCompanyAPI_TestData.xlsx"".
2023-01-22 15:43:08.361 &amp#27;[32m INFO&amp#27;[m &amp#27;[35m[@503 - main]&amp#27;[m &amp#27;[36mcom.shaft.tools.io.ReportManager&amp#27;[m : Successfully created attachment "Test Data - Excel"
2023-01-22 15:43:08.943 &amp#27;[32m INFO&amp#27;[m &amp#27;[35m[@503 - main]&amp#27;[m &amp#27;[36mcom.shaft.tools.io.ReportManager&amp#27;[m : Response status code: "200", status line: "HTTP/1.1 200 OK"
2023-01-22 15:43:08.976 &amp#27;[32m INFO&amp#27;[m &amp#27;[35m[@503 - main]&amp#27;[m &amp#27;[36mcom.shaft.tools.io.ReportManager&amp#27;[m : Successfully created attachment "API Request - Specifications"
2023-01-22 15:43:08.978 &amp#27;[32m INFO&amp#27;[m &amp#27;[35m[@503 - main]&amp#27;[m &amp#27;[36mcom.shaft.tools.io.ReportManager&amp#27;[m : Successfully created attachment "API Request - Body"
2023-01-22 15:43:08.980 &amp#27;[32m INFO&amp#27;[m &amp#27;[35m[@503 - main]&amp#27;[m &amp#27;[36mcom.shaft.tools.io.ReportManager&amp#27;[m : Successfully created attachment "API Response - JSON Body"
2023-01-22 15:43:09.005 &amp#27;[32m INFO&amp#27;[m &amp#27;[35m[@503 - main]&amp#27;[m &amp#27;[36mcom.shaft.tools.io.ReportManager&amp#27;[m : File Action "DoesFileExist" successfully performed. With the following test data "File Path: "SteeringCompanyAPI_TestData/SteeringCompanyAPI_TestData.xlsx"".
2023-01-22 15:43:09.058 &amp#27;[32m INFO&amp#27;[m &amp#27;[35m[@503 - main]&amp#27;[m &amp#27;[36mcom.shaft.tools.io.ReportManager&amp#27;[m : Successfully created attachment "Test Data - Excel"
2023-01-22 15:43:09.059 &amp#27;[32m INFO&amp#27;[m &amp#27;[35m[@503 - main]&amp#27;[m &amp#27;[36mcom.shaft.tools.io.ReportManager&amp#27;[m : File Action "DoesFileExist" successfully performed. With the following test data "File Path: "SteeringCompanyAPI_TestData/SteeringCompanyAPI_TestData.xlsx"".
2023-01-22 15:43:09.111 &amp#27;[32m INFO&amp#27;[m &amp#27;[35m[@503 - main]&amp#27;[m &amp#27;[36mcom.shaft.tools.io.ReportManager&amp#27;[m : Successfully created attachment "Test Data - Excel"
2023-01-22 15:43:09.112 &amp#27;[32m INFO&amp#27;[m &amp#27;[35m[@503 - main]&amp#27;[m &amp#27;[36mcom.shaft.tools.io.ReportManager&amp#27;[m : File Action "DoesFileExist" successfully performed. With the following test data "File Path: "SteeringCompanyAPI_TestData/SteeringCompanyAPI_TestData.xlsx"".
2023-01-22 15:43:09.188 &amp#27;[32m INFO&amp#27;[m &amp#27;[35m[@503 - main]&amp#27;[m &amp#27;[36mcom.shaft.tools.io.ReportManager&amp#27;[m : Successfully created attachment "Test Data - Excel"
2023-01-22 15:43:09.654 &amp#27;[32m INFO&amp#27;[m &amp#27;[35m[@503 - main]&amp#27;[m &amp#27;[36mcom.shaft.tools.io.ReportManager&amp#27;[m : Response status code: "422", status line: "HTTP/1.1 422 "
2023-01-22 15:43:09.674 &amp#27;[32m INFO&amp#27;[m &amp#27;[35m[@503 - main]&amp#27;[m &amp#27;[36mcom.shaft.tools.io.ReportManager&amp#27;[m : Successfully created attachment "API Request - Specifications"
2023-01-22 15:43:09.678 &amp#27;[32m INFO&amp#27;[m &amp#27;[35m[@503 - main]&amp#27;[m &amp#27;[36mcom.shaft.tools.io.ReportManager&amp#27;[m : Successfully created attachment "API Request - JSON Body"
2023-01-22 15:43:09.680 &amp#27;[32m INFO&amp#27;[m &amp#27;[35m[@503 - main]&amp#27;[m &amp#27;[36mcom.shaft.tools.io.ReportManager&amp#27;[m : Successfully created attachment "API Response - JSON Body"
2023-01-22 15:43:09.683 &amp#27;[32m INFO&amp#27;[m &amp#27;[35m[@503 - main]&amp#27;[m &amp#27;[36mcom.shaft.tools.io.ReportManager&amp#27;[m : File Action "DoesFileExist" successfully performed. With the following test data "File Path: "Schemas/ValidationError_schema.json"".
2023-01-22 15:43:09.683 &amp#27;[32m INFO&amp#27;[m &amp#27;[35m[@503 - main]&amp#27;[m &amp#27;[36mcom.shaft.tools.io.ReportManager&amp#27;[m : File Action "DoesFileExist" successfully performed. With the following test data "File Path: "src/test/resources/testDataFiles/Schemas/ValidationError_schema.json"".
2023-01-22 15:43:09.683 &amp#27;[32m INFO&amp#27;[m &amp#27;[35m[@503 - main]&amp#27;[m &amp#27;[36mcom.shaft.tools.io.ReportManager&amp#27;[m : File Action "GetAbsolutePath" successfully performed. With the following test data "Relative Folder Path: "src/test/resources/testDataFiles/Schemas/ValidationError_schema.json"".
2023-01-22 15:43:09.688 &amp#27;[32m INFO&amp#27;[m &amp#27;[35m[@503 - main]&amp#27;[m &amp#27;[36mcom.shaft.tools.io.ReportManager&amp#27;[m : File Action "DoesFileExist" successfully performed. With the following test data "File Path: "C:\eclipse-workspace\MyProjects\TASystemsAPIs\src\test\resources\testDataFiles\Schemas\ValidationError_schema.json"".
2023-01-22 15:43:09.688 &amp#27;[32m INFO&amp#27;[m &amp#27;[35m[@503 - main]&amp#27;[m &amp#27;[36mcom.shaft.tools.io.ReportManager&amp#27;[m : File Action "GetAbsolutePath" successfully performed. With the following test data "Relative Folder Path: "C:\eclipse-workspace\MyProjects\TASystemsAPIs\src\test\resources\testDataFiles\Schemas\ValidationError_schema.json"".
2023-01-22 15:43:09.690 &amp#27;[32m INFO&amp#27;[m &amp#27;[35m[@503 - main]&amp#27;[m &amp#27;[36mcom.shaft.tools.io.ReportManager&amp#27;[m : File Action "ReadFile" successfully performed. With the following test data "File Path: "C:\eclipse-workspace\MyProjects\TASystemsAPIs\src\test\resources\testDataFiles\Schemas\ValidationError_schema.json"".
2023-01-22 15:43:09.692 &amp#27;[32m INFO&amp#27;[m &amp#27;[35m[@503 - main]&amp#27;[m &amp#27;[36mcom.shaft.tools.io.ReportManager&amp#27;[m : Successfully created attachment "Validation Test Data - Expected JSON Value"
2023-01-22 15:43:09.693 &amp#27;[32m INFO&amp#27;[m &amp#27;[35m[@503 - main]&amp#27;[m &amp#27;[36mcom.shaft.tools.io.ReportManager&amp#27;[m : Successfully created attachment "Validation Test Data - Actual JSON Value"
2023-01-22 15:43:09.694 &amp#27;[32m INFO&amp#27;[m &amp#27;[35m[@503 - main]&amp#27;[m &amp#27;[36mcom.shaft.tools.io.ReportManager&amp#27;[m : Successfully created attachment "SHAFT Engine Logs - Current Method log: Add_Policy_With_Missing_Keys_TC"
]]></system-out>
  </testcase>
  <testcase name="Add_Policy_With_Missing_Keys_TC[[Ljava.lang.Object;@7ad8bd4d](17)" classname="SteeringCompanyAPI_TestCases.Test_Policies_Cases" time="1.444">
    <system-out><![CDATA[2023-01-22 15:43:09.698 &amp#27;[32m INFO&amp#27;[m &amp#27;[35m[@534 - main]&amp#27;[m &amp#27;[36mcom.shaft.tools.io.ReportManager&amp#27;[m : 
################################################################################################################################################
Starting Execution:	"89 out of 70" test cases in the current suite
Test Method:		"SteeringCompanyAPI_TestCases.Test_Policies_Cases.Add_Policy_With_Missing_Keys_TC"
Test Description:	"TC050 -Policy- Perform Add Policy with Missing Keys"
################################################################################################################################################
2023-01-22 15:43:09.698 &amp#27;[32m INFO&amp#27;[m &amp#27;[35m[@503 - main]&amp#27;[m &amp#27;[36mcom.shaft.tools.io.ReportManager&amp#27;[m : File Action "DoesFileExist" successfully performed. With the following test data "File Path: "SteeringCompanyAPI_TestData/SteeringCompanyAPI_TestData.xlsx"".
2023-01-22 15:43:09.762 &amp#27;[32m INFO&amp#27;[m &amp#27;[35m[@503 - main]&amp#27;[m &amp#27;[36mcom.shaft.tools.io.ReportManager&amp#27;[m : Successfully created attachment "Test Data - Excel"
2023-01-22 15:43:10.389 &amp#27;[32m INFO&amp#27;[m &amp#27;[35m[@503 - main]&amp#27;[m &amp#27;[36mcom.shaft.tools.io.ReportManager&amp#27;[m : Response status code: "200", status line: "HTTP/1.1 200 OK"
2023-01-22 15:43:10.410 &amp#27;[32m INFO&amp#27;[m &amp#27;[35m[@503 - main]&amp#27;[m &amp#27;[36mcom.shaft.tools.io.ReportManager&amp#27;[m : Successfully created attachment "API Request - Specifications"
2023-01-22 15:43:10.412 &amp#27;[32m INFO&amp#27;[m &amp#27;[35m[@503 - main]&amp#27;[m &amp#27;[36mcom.shaft.tools.io.ReportManager&amp#27;[m : Successfully created attachment "API Request - Body"
2023-01-22 15:43:10.413 &amp#27;[32m INFO&amp#27;[m &amp#27;[35m[@503 - main]&amp#27;[m &amp#27;[36mcom.shaft.tools.io.ReportManager&amp#27;[m : Successfully created attachment "API Response - JSON Body"
2023-01-22 15:43:10.433 &amp#27;[32m INFO&amp#27;[m &amp#27;[35m[@503 - main]&amp#27;[m &amp#27;[36mcom.shaft.tools.io.ReportManager&amp#27;[m : File Action "DoesFileExist" successfully performed. With the following test data "File Path: "SteeringCompanyAPI_TestData/SteeringCompanyAPI_TestData.xlsx"".
2023-01-22 15:43:10.499 &amp#27;[32m INFO&amp#27;[m &amp#27;[35m[@503 - main]&amp#27;[m &amp#27;[36mcom.shaft.tools.io.ReportManager&amp#27;[m : Successfully created attachment "Test Data - Excel"
2023-01-22 15:43:10.500 &amp#27;[32m INFO&amp#27;[m &amp#27;[35m[@503 - main]&amp#27;[m &amp#27;[36mcom.shaft.tools.io.ReportManager&amp#27;[m : File Action "DoesFileExist" successfully performed. With the following test data "File Path: "SteeringCompanyAPI_TestData/SteeringCompanyAPI_TestData.xlsx"".
2023-01-22 15:43:10.554 &amp#27;[32m INFO&amp#27;[m &amp#27;[35m[@503 - main]&amp#27;[m &amp#27;[36mcom.shaft.tools.io.ReportManager&amp#27;[m : Successfully created attachment "Test Data - Excel"
2023-01-22 15:43:10.554 &amp#27;[32m INFO&amp#27;[m &amp#27;[35m[@503 - main]&amp#27;[m &amp#27;[36mcom.shaft.tools.io.ReportManager&amp#27;[m : File Action "DoesFileExist" successfully performed. With the following test data "File Path: "SteeringCompanyAPI_TestData/SteeringCompanyAPI_TestData.xlsx"".
2023-01-22 15:43:10.628 &amp#27;[32m INFO&amp#27;[m &amp#27;[35m[@503 - main]&amp#27;[m &amp#27;[36mcom.shaft.tools.io.ReportManager&amp#27;[m : Successfully created attachment "Test Data - Excel"
2023-01-22 15:43:11.096 &amp#27;[32m INFO&amp#27;[m &amp#27;[35m[@503 - main]&amp#27;[m &amp#27;[36mcom.shaft.tools.io.ReportManager&amp#27;[m : Response status code: "422", status line: "HTTP/1.1 422 "
2023-01-22 15:43:11.116 &amp#27;[32m INFO&amp#27;[m &amp#27;[35m[@503 - main]&amp#27;[m &amp#27;[36mcom.shaft.tools.io.ReportManager&amp#27;[m : Successfully created attachment "API Request - Specifications"
2023-01-22 15:43:11.117 &amp#27;[32m INFO&amp#27;[m &amp#27;[35m[@503 - main]&amp#27;[m &amp#27;[36mcom.shaft.tools.io.ReportManager&amp#27;[m : Successfully created attachment "API Request - JSON Body"
2023-01-22 15:43:11.118 &amp#27;[32m INFO&amp#27;[m &amp#27;[35m[@503 - main]&amp#27;[m &amp#27;[36mcom.shaft.tools.io.ReportManager&amp#27;[m : Successfully created attachment "API Response - JSON Body"
2023-01-22 15:43:11.120 &amp#27;[32m INFO&amp#27;[m &amp#27;[35m[@503 - main]&amp#27;[m &amp#27;[36mcom.shaft.tools.io.ReportManager&amp#27;[m : File Action "DoesFileExist" successfully performed. With the following test data "File Path: "Schemas/ValidationError_schema.json"".
2023-01-22 15:43:11.120 &amp#27;[32m INFO&amp#27;[m &amp#27;[35m[@503 - main]&amp#27;[m &amp#27;[36mcom.shaft.tools.io.ReportManager&amp#27;[m : File Action "DoesFileExist" successfully performed. With the following test data "File Path: "src/test/resources/testDataFiles/Schemas/ValidationError_schema.json"".
2023-01-22 15:43:11.121 &amp#27;[32m INFO&amp#27;[m &amp#27;[35m[@503 - main]&amp#27;[m &amp#27;[36mcom.shaft.tools.io.ReportManager&amp#27;[m : File Action "GetAbsolutePath" successfully performed. With the following test data "Relative Folder Path: "src/test/resources/testDataFiles/Schemas/ValidationError_schema.json"".
2023-01-22 15:43:11.127 &amp#27;[32m INFO&amp#27;[m &amp#27;[35m[@503 - main]&amp#27;[m &amp#27;[36mcom.shaft.tools.io.ReportManager&amp#27;[m : File Action "DoesFileExist" successfully performed. With the following test data "File Path: "C:\eclipse-workspace\MyProjects\TASystemsAPIs\src\test\resources\testDataFiles\Schemas\ValidationError_schema.json"".
2023-01-22 15:43:11.127 &amp#27;[32m INFO&amp#27;[m &amp#27;[35m[@503 - main]&amp#27;[m &amp#27;[36mcom.shaft.tools.io.ReportManager&amp#27;[m : File Action "GetAbsolutePath" successfully performed. With the following test data "Relative Folder Path: "C:\eclipse-workspace\MyProjects\TASystemsAPIs\src\test\resources\testDataFiles\Schemas\ValidationError_schema.json"".
2023-01-22 15:43:11.128 &amp#27;[32m INFO&amp#27;[m &amp#27;[35m[@503 - main]&amp#27;[m &amp#27;[36mcom.shaft.tools.io.ReportManager&amp#27;[m : File Action "ReadFile" successfully performed. With the following test data "File Path: "C:\eclipse-workspace\MyProjects\TASystemsAPIs\src\test\resources\testDataFiles\Schemas\ValidationError_schema.json"".
2023-01-22 15:43:11.130 &amp#27;[32m INFO&amp#27;[m &amp#27;[35m[@503 - main]&amp#27;[m &amp#27;[36mcom.shaft.tools.io.ReportManager&amp#27;[m : Successfully created attachment "Validation Test Data - Expected JSON Value"
2023-01-22 15:43:11.136 &amp#27;[32m INFO&amp#27;[m &amp#27;[35m[@503 - main]&amp#27;[m &amp#27;[36mcom.shaft.tools.io.ReportManager&amp#27;[m : Successfully created attachment "Validation Test Data - Actual JSON Value"
2023-01-22 15:43:11.138 &amp#27;[32m INFO&amp#27;[m &amp#27;[35m[@503 - main]&amp#27;[m &amp#27;[36mcom.shaft.tools.io.ReportManager&amp#27;[m : Successfully created attachment "SHAFT Engine Logs - Current Method log: Add_Policy_With_Missing_Keys_TC"
]]></system-out>
  </testcase>
  <testcase name="Add_Policy_With_Missing_Keys_TC[[Ljava.lang.Object;@179f9f90](18)" classname="SteeringCompanyAPI_TestCases.Test_Policies_Cases" time="1.546">
    <system-out><![CDATA[2023-01-22 15:43:11.142 &amp#27;[32m INFO&amp#27;[m &amp#27;[35m[@534 - main]&amp#27;[m &amp#27;[36mcom.shaft.tools.io.ReportManager&amp#27;[m : 
################################################################################################################################################
Starting Execution:	"90 out of 70" test cases in the current suite
Test Method:		"SteeringCompanyAPI_TestCases.Test_Policies_Cases.Add_Policy_With_Missing_Keys_TC"
Test Description:	"TC050 -Policy- Perform Add Policy with Missing Keys"
################################################################################################################################################
2023-01-22 15:43:11.143 &amp#27;[32m INFO&amp#27;[m &amp#27;[35m[@503 - main]&amp#27;[m &amp#27;[36mcom.shaft.tools.io.ReportManager&amp#27;[m : File Action "DoesFileExist" successfully performed. With the following test data "File Path: "SteeringCompanyAPI_TestData/SteeringCompanyAPI_TestData.xlsx"".
2023-01-22 15:43:11.212 &amp#27;[32m INFO&amp#27;[m &amp#27;[35m[@503 - main]&amp#27;[m &amp#27;[36mcom.shaft.tools.io.ReportManager&amp#27;[m : Successfully created attachment "Test Data - Excel"
2023-01-22 15:43:11.827 &amp#27;[32m INFO&amp#27;[m &amp#27;[35m[@503 - main]&amp#27;[m &amp#27;[36mcom.shaft.tools.io.ReportManager&amp#27;[m : Response status code: "200", status line: "HTTP/1.1 200 OK"
2023-01-22 15:43:11.849 &amp#27;[32m INFO&amp#27;[m &amp#27;[35m[@503 - main]&amp#27;[m &amp#27;[36mcom.shaft.tools.io.ReportManager&amp#27;[m : Successfully created attachment "API Request - Specifications"
2023-01-22 15:43:11.850 &amp#27;[32m INFO&amp#27;[m &amp#27;[35m[@503 - main]&amp#27;[m &amp#27;[36mcom.shaft.tools.io.ReportManager&amp#27;[m : Successfully created attachment "API Request - Body"
2023-01-22 15:43:11.852 &amp#27;[32m INFO&amp#27;[m &amp#27;[35m[@503 - main]&amp#27;[m &amp#27;[36mcom.shaft.tools.io.ReportManager&amp#27;[m : Successfully created attachment "API Response - JSON Body"
2023-01-22 15:43:11.876 &amp#27;[32m INFO&amp#27;[m &amp#27;[35m[@503 - main]&amp#27;[m &amp#27;[36mcom.shaft.tools.io.ReportManager&amp#27;[m : File Action "DoesFileExist" successfully performed. With the following test data "File Path: "SteeringCompanyAPI_TestData/SteeringCompanyAPI_TestData.xlsx"".
2023-01-22 15:43:11.959 &amp#27;[32m INFO&amp#27;[m &amp#27;[35m[@503 - main]&amp#27;[m &amp#27;[36mcom.shaft.tools.io.ReportManager&amp#27;[m : Successfully created attachment "Test Data - Excel"
2023-01-22 15:43:11.960 &amp#27;[32m INFO&amp#27;[m &amp#27;[35m[@503 - main]&amp#27;[m &amp#27;[36mcom.shaft.tools.io.ReportManager&amp#27;[m : File Action "DoesFileExist" successfully performed. With the following test data "File Path: "SteeringCompanyAPI_TestData/SteeringCompanyAPI_TestData.xlsx"".
2023-01-22 15:43:12.030 &amp#27;[32m INFO&amp#27;[m &amp#27;[35m[@503 - main]&amp#27;[m &amp#27;[36mcom.shaft.tools.io.ReportManager&amp#27;[m : Successfully created attachment "Test Data - Excel"
2023-01-22 15:43:12.031 &amp#27;[32m INFO&amp#27;[m &amp#27;[35m[@503 - main]&amp#27;[m &amp#27;[36mcom.shaft.tools.io.ReportManager&amp#27;[m : File Action "DoesFileExist" successfully performed. With the following test data "File Path: "SteeringCompanyAPI_TestData/SteeringCompanyAPI_TestData.xlsx"".
2023-01-22 15:43:12.101 &amp#27;[32m INFO&amp#27;[m &amp#27;[35m[@503 - main]&amp#27;[m &amp#27;[36mcom.shaft.tools.io.ReportManager&amp#27;[m : Successfully created attachment "Test Data - Excel"
2023-01-22 15:43:12.648 &amp#27;[32m INFO&amp#27;[m &amp#27;[35m[@503 - main]&amp#27;[m &amp#27;[36mcom.shaft.tools.io.ReportManager&amp#27;[m : Response status code: "422", status line: "HTTP/1.1 422 "
2023-01-22 15:43:12.667 &amp#27;[32m INFO&amp#27;[m &amp#27;[35m[@503 - main]&amp#27;[m &amp#27;[36mcom.shaft.tools.io.ReportManager&amp#27;[m : Successfully created attachment "API Request - Specifications"
2023-01-22 15:43:12.671 &amp#27;[32m INFO&amp#27;[m &amp#27;[35m[@503 - main]&amp#27;[m &amp#27;[36mcom.shaft.tools.io.ReportManager&amp#27;[m : Successfully created attachment "API Request - JSON Body"
2023-01-22 15:43:12.673 &amp#27;[32m INFO&amp#27;[m &amp#27;[35m[@503 - main]&amp#27;[m &amp#27;[36mcom.shaft.tools.io.ReportManager&amp#27;[m : Successfully created attachment "API Response - JSON Body"
2023-01-22 15:43:12.675 &amp#27;[32m INFO&amp#27;[m &amp#27;[35m[@503 - main]&amp#27;[m &amp#27;[36mcom.shaft.tools.io.ReportManager&amp#27;[m : File Action "DoesFileExist" successfully performed. With the following test data "File Path: "Schemas/ValidationError_schema.json"".
2023-01-22 15:43:12.675 &amp#27;[32m INFO&amp#27;[m &amp#27;[35m[@503 - main]&amp#27;[m &amp#27;[36mcom.shaft.tools.io.ReportManager&amp#27;[m : File Action "DoesFileExist" successfully performed. With the following test data "File Path: "src/test/resources/testDataFiles/Schemas/ValidationError_schema.json"".
2023-01-22 15:43:12.676 &amp#27;[32m INFO&amp#27;[m &amp#27;[35m[@503 - main]&amp#27;[m &amp#27;[36mcom.shaft.tools.io.ReportManager&amp#27;[m : File Action "GetAbsolutePath" successfully performed. With the following test data "Relative Folder Path: "src/test/resources/testDataFiles/Schemas/ValidationError_schema.json"".
2023-01-22 15:43:12.679 &amp#27;[32m INFO&amp#27;[m &amp#27;[35m[@503 - main]&amp#27;[m &amp#27;[36mcom.shaft.tools.io.ReportManager&amp#27;[m : File Action "DoesFileExist" successfully performed. With the following test data "File Path: "C:\eclipse-workspace\MyProjects\TASystemsAPIs\src\test\resources\testDataFiles\Schemas\ValidationError_schema.json"".
2023-01-22 15:43:12.679 &amp#27;[32m INFO&amp#27;[m &amp#27;[35m[@503 - main]&amp#27;[m &amp#27;[36mcom.shaft.tools.io.ReportManager&amp#27;[m : File Action "GetAbsolutePath" successfully performed. With the following test data "Relative Folder Path: "C:\eclipse-workspace\MyProjects\TASystemsAPIs\src\test\resources\testDataFiles\Schemas\ValidationError_schema.json"".
2023-01-22 15:43:12.679 &amp#27;[32m INFO&amp#27;[m &amp#27;[35m[@503 - main]&amp#27;[m &amp#27;[36mcom.shaft.tools.io.ReportManager&amp#27;[m : File Action "ReadFile" successfully performed. With the following test data "File Path: "C:\eclipse-workspace\MyProjects\TASystemsAPIs\src\test\resources\testDataFiles\Schemas\ValidationError_schema.json"".
2023-01-22 15:43:12.682 &amp#27;[32m INFO&amp#27;[m &amp#27;[35m[@503 - main]&amp#27;[m &amp#27;[36mcom.shaft.tools.io.ReportManager&amp#27;[m : Successfully created attachment "Validation Test Data - Expected JSON Value"
2023-01-22 15:43:12.683 &amp#27;[32m INFO&amp#27;[m &amp#27;[35m[@503 - main]&amp#27;[m &amp#27;[36mcom.shaft.tools.io.ReportManager&amp#27;[m : Successfully created attachment "Validation Test Data - Actual JSON Value"
2023-01-22 15:43:12.685 &amp#27;[32m INFO&amp#27;[m &amp#27;[35m[@503 - main]&amp#27;[m &amp#27;[36mcom.shaft.tools.io.ReportManager&amp#27;[m : Successfully created attachment "SHAFT Engine Logs - Current Method log: Add_Policy_With_Missing_Keys_TC"
]]></system-out>
  </testcase>
  <testcase name="Add_Policy_With_Missing_Keys_TC[[Ljava.lang.Object;@39cf6a30](19)" classname="SteeringCompanyAPI_TestCases.Test_Policies_Cases" time="1.369">
    <system-out><![CDATA[2023-01-22 15:43:12.691 &amp#27;[32m INFO&amp#27;[m &amp#27;[35m[@534 - main]&amp#27;[m &amp#27;[36mcom.shaft.tools.io.ReportManager&amp#27;[m : 
################################################################################################################################################
Starting Execution:	"91 out of 70" test cases in the current suite
Test Method:		"SteeringCompanyAPI_TestCases.Test_Policies_Cases.Add_Policy_With_Missing_Keys_TC"
Test Description:	"TC050 -Policy- Perform Add Policy with Missing Keys"
################################################################################################################################################
2023-01-22 15:43:12.693 &amp#27;[32m INFO&amp#27;[m &amp#27;[35m[@503 - main]&amp#27;[m &amp#27;[36mcom.shaft.tools.io.ReportManager&amp#27;[m : File Action "DoesFileExist" successfully performed. With the following test data "File Path: "SteeringCompanyAPI_TestData/SteeringCompanyAPI_TestData.xlsx"".
2023-01-22 15:43:12.733 &amp#27;[32m INFO&amp#27;[m &amp#27;[35m[@503 - main]&amp#27;[m &amp#27;[36mcom.shaft.tools.io.ReportManager&amp#27;[m : Successfully created attachment "Test Data - Excel"
2023-01-22 15:43:13.317 &amp#27;[32m INFO&amp#27;[m &amp#27;[35m[@503 - main]&amp#27;[m &amp#27;[36mcom.shaft.tools.io.ReportManager&amp#27;[m : Response status code: "200", status line: "HTTP/1.1 200 OK"
2023-01-22 15:43:13.341 &amp#27;[32m INFO&amp#27;[m &amp#27;[35m[@503 - main]&amp#27;[m &amp#27;[36mcom.shaft.tools.io.ReportManager&amp#27;[m : Successfully created attachment "API Request - Specifications"
2023-01-22 15:43:13.341 &amp#27;[32m INFO&amp#27;[m &amp#27;[35m[@503 - main]&amp#27;[m &amp#27;[36mcom.shaft.tools.io.ReportManager&amp#27;[m : Successfully created attachment "API Request - Body"
2023-01-22 15:43:13.342 &amp#27;[32m INFO&amp#27;[m &amp#27;[35m[@503 - main]&amp#27;[m &amp#27;[36mcom.shaft.tools.io.ReportManager&amp#27;[m : Successfully created attachment "API Response - JSON Body"
2023-01-22 15:43:13.359 &amp#27;[32m INFO&amp#27;[m &amp#27;[35m[@503 - main]&amp#27;[m &amp#27;[36mcom.shaft.tools.io.ReportManager&amp#27;[m : File Action "DoesFileExist" successfully performed. With the following test data "File Path: "SteeringCompanyAPI_TestData/SteeringCompanyAPI_TestData.xlsx"".
2023-01-22 15:43:13.405 &amp#27;[32m INFO&amp#27;[m &amp#27;[35m[@503 - main]&amp#27;[m &amp#27;[36mcom.shaft.tools.io.ReportManager&amp#27;[m : Successfully created attachment "Test Data - Excel"
2023-01-22 15:43:13.405 &amp#27;[32m INFO&amp#27;[m &amp#27;[35m[@503 - main]&amp#27;[m &amp#27;[36mcom.shaft.tools.io.ReportManager&amp#27;[m : File Action "DoesFileExist" successfully performed. With the following test data "File Path: "SteeringCompanyAPI_TestData/SteeringCompanyAPI_TestData.xlsx"".
2023-01-22 15:43:13.467 &amp#27;[32m INFO&amp#27;[m &amp#27;[35m[@503 - main]&amp#27;[m &amp#27;[36mcom.shaft.tools.io.ReportManager&amp#27;[m : Successfully created attachment "Test Data - Excel"
2023-01-22 15:43:13.467 &amp#27;[32m INFO&amp#27;[m &amp#27;[35m[@503 - main]&amp#27;[m &amp#27;[36mcom.shaft.tools.io.ReportManager&amp#27;[m : File Action "DoesFileExist" successfully performed. With the following test data "File Path: "SteeringCompanyAPI_TestData/SteeringCompanyAPI_TestData.xlsx"".
2023-01-22 15:43:13.538 &amp#27;[32m INFO&amp#27;[m &amp#27;[35m[@503 - main]&amp#27;[m &amp#27;[36mcom.shaft.tools.io.ReportManager&amp#27;[m : Successfully created attachment "Test Data - Excel"
2023-01-22 15:43:14.010 &amp#27;[32m INFO&amp#27;[m &amp#27;[35m[@503 - main]&amp#27;[m &amp#27;[36mcom.shaft.tools.io.ReportManager&amp#27;[m : Response status code: "422", status line: "HTTP/1.1 422 "
2023-01-22 15:43:14.034 &amp#27;[32m INFO&amp#27;[m &amp#27;[35m[@503 - main]&amp#27;[m &amp#27;[36mcom.shaft.tools.io.ReportManager&amp#27;[m : Successfully created attachment "API Request - Specifications"
2023-01-22 15:43:14.035 &amp#27;[32m INFO&amp#27;[m &amp#27;[35m[@503 - main]&amp#27;[m &amp#27;[36mcom.shaft.tools.io.ReportManager&amp#27;[m : Successfully created attachment "API Request - JSON Body"
2023-01-22 15:43:14.038 &amp#27;[32m INFO&amp#27;[m &amp#27;[35m[@503 - main]&amp#27;[m &amp#27;[36mcom.shaft.tools.io.ReportManager&amp#27;[m : Successfully created attachment "API Response - JSON Body"
2023-01-22 15:43:14.039 &amp#27;[32m INFO&amp#27;[m &amp#27;[35m[@503 - main]&amp#27;[m &amp#27;[36mcom.shaft.tools.io.ReportManager&amp#27;[m : File Action "DoesFileExist" successfully performed. With the following test data "File Path: "Schemas/ValidationError_schema.json"".
2023-01-22 15:43:14.040 &amp#27;[32m INFO&amp#27;[m &amp#27;[35m[@503 - main]&amp#27;[m &amp#27;[36mcom.shaft.tools.io.ReportManager&amp#27;[m : File Action "DoesFileExist" successfully performed. With the following test data "File Path: "src/test/resources/testDataFiles/Schemas/ValidationError_schema.json"".
2023-01-22 15:43:14.040 &amp#27;[32m INFO&amp#27;[m &amp#27;[35m[@503 - main]&amp#27;[m &amp#27;[36mcom.shaft.tools.io.ReportManager&amp#27;[m : File Action "GetAbsolutePath" successfully performed. With the following test data "Relative Folder Path: "src/test/resources/testDataFiles/Schemas/ValidationError_schema.json"".
2023-01-22 15:43:14.045 &amp#27;[32m INFO&amp#27;[m &amp#27;[35m[@503 - main]&amp#27;[m &amp#27;[36mcom.shaft.tools.io.ReportManager&amp#27;[m : File Action "DoesFileExist" successfully performed. With the following test data "File Path: "C:\eclipse-workspace\MyProjects\TASystemsAPIs\src\test\resources\testDataFiles\Schemas\ValidationError_schema.json"".
2023-01-22 15:43:14.045 &amp#27;[32m INFO&amp#27;[m &amp#27;[35m[@503 - main]&amp#27;[m &amp#27;[36mcom.shaft.tools.io.ReportManager&amp#27;[m : File Action "GetAbsolutePath" successfully performed. With the following test data "Relative Folder Path: "C:\eclipse-workspace\MyProjects\TASystemsAPIs\src\test\resources\testDataFiles\Schemas\ValidationError_schema.json"".
2023-01-22 15:43:14.046 &amp#27;[32m INFO&amp#27;[m &amp#27;[35m[@503 - main]&amp#27;[m &amp#27;[36mcom.shaft.tools.io.ReportManager&amp#27;[m : File Action "ReadFile" successfully performed. With the following test data "File Path: "C:\eclipse-workspace\MyProjects\TASystemsAPIs\src\test\resources\testDataFiles\Schemas\ValidationError_schema.json"".
2023-01-22 15:43:14.050 &amp#27;[32m INFO&amp#27;[m &amp#27;[35m[@503 - main]&amp#27;[m &amp#27;[36mcom.shaft.tools.io.ReportManager&amp#27;[m : Successfully created attachment "Validation Test Data - Expected JSON Value"
2023-01-22 15:43:14.052 &amp#27;[32m INFO&amp#27;[m &amp#27;[35m[@503 - main]&amp#27;[m &amp#27;[36mcom.shaft.tools.io.ReportManager&amp#27;[m : Successfully created attachment "Validation Test Data - Actual JSON Value"
2023-01-22 15:43:14.054 &amp#27;[32m INFO&amp#27;[m &amp#27;[35m[@503 - main]&amp#27;[m &amp#27;[36mcom.shaft.tools.io.ReportManager&amp#27;[m : Successfully created attachment "SHAFT Engine Logs - Current Method log: Add_Policy_With_Missing_Keys_TC"
]]></system-out>
  </testcase>
  <testcase name="Add_Policy_With_Missing_Keys_TC[[Ljava.lang.Object;@70c2b845](20)" classname="SteeringCompanyAPI_TestCases.Test_Policies_Cases" time="1.36">
    <system-out><![CDATA[2023-01-22 15:43:14.059 &amp#27;[32m INFO&amp#27;[m &amp#27;[35m[@534 - main]&amp#27;[m &amp#27;[36mcom.shaft.tools.io.ReportManager&amp#27;[m : 
################################################################################################################################################
Starting Execution:	"92 out of 70" test cases in the current suite
Test Method:		"SteeringCompanyAPI_TestCases.Test_Policies_Cases.Add_Policy_With_Missing_Keys_TC"
Test Description:	"TC050 -Policy- Perform Add Policy with Missing Keys"
################################################################################################################################################
2023-01-22 15:43:14.060 &amp#27;[32m INFO&amp#27;[m &amp#27;[35m[@503 - main]&amp#27;[m &amp#27;[36mcom.shaft.tools.io.ReportManager&amp#27;[m : File Action "DoesFileExist" successfully performed. With the following test data "File Path: "SteeringCompanyAPI_TestData/SteeringCompanyAPI_TestData.xlsx"".
2023-01-22 15:43:14.110 &amp#27;[32m INFO&amp#27;[m &amp#27;[35m[@503 - main]&amp#27;[m &amp#27;[36mcom.shaft.tools.io.ReportManager&amp#27;[m : Successfully created attachment "Test Data - Excel"
2023-01-22 15:43:14.692 &amp#27;[32m INFO&amp#27;[m &amp#27;[35m[@503 - main]&amp#27;[m &amp#27;[36mcom.shaft.tools.io.ReportManager&amp#27;[m : Response status code: "200", status line: "HTTP/1.1 200 OK"
2023-01-22 15:43:14.712 &amp#27;[32m INFO&amp#27;[m &amp#27;[35m[@503 - main]&amp#27;[m &amp#27;[36mcom.shaft.tools.io.ReportManager&amp#27;[m : Successfully created attachment "API Request - Specifications"
2023-01-22 15:43:14.717 &amp#27;[32m INFO&amp#27;[m &amp#27;[35m[@503 - main]&amp#27;[m &amp#27;[36mcom.shaft.tools.io.ReportManager&amp#27;[m : Successfully created attachment "API Request - Body"
2023-01-22 15:43:14.718 &amp#27;[32m INFO&amp#27;[m &amp#27;[35m[@503 - main]&amp#27;[m &amp#27;[36mcom.shaft.tools.io.ReportManager&amp#27;[m : Successfully created attachment "API Response - JSON Body"
2023-01-22 15:43:14.731 &amp#27;[32m INFO&amp#27;[m &amp#27;[35m[@503 - main]&amp#27;[m &amp#27;[36mcom.shaft.tools.io.ReportManager&amp#27;[m : File Action "DoesFileExist" successfully performed. With the following test data "File Path: "SteeringCompanyAPI_TestData/SteeringCompanyAPI_TestData.xlsx"".
2023-01-22 15:43:14.798 &amp#27;[32m INFO&amp#27;[m &amp#27;[35m[@503 - main]&amp#27;[m &amp#27;[36mcom.shaft.tools.io.ReportManager&amp#27;[m : Successfully created attachment "Test Data - Excel"
2023-01-22 15:43:14.799 &amp#27;[32m INFO&amp#27;[m &amp#27;[35m[@503 - main]&amp#27;[m &amp#27;[36mcom.shaft.tools.io.ReportManager&amp#27;[m : File Action "DoesFileExist" successfully performed. With the following test data "File Path: "SteeringCompanyAPI_TestData/SteeringCompanyAPI_TestData.xlsx"".
2023-01-22 15:43:14.838 &amp#27;[32m INFO&amp#27;[m &amp#27;[35m[@503 - main]&amp#27;[m &amp#27;[36mcom.shaft.tools.io.ReportManager&amp#27;[m : Successfully created attachment "Test Data - Excel"
2023-01-22 15:43:14.838 &amp#27;[32m INFO&amp#27;[m &amp#27;[35m[@503 - main]&amp#27;[m &amp#27;[36mcom.shaft.tools.io.ReportManager&amp#27;[m : File Action "DoesFileExist" successfully performed. With the following test data "File Path: "SteeringCompanyAPI_TestData/SteeringCompanyAPI_TestData.xlsx"".
2023-01-22 15:43:14.910 &amp#27;[32m INFO&amp#27;[m &amp#27;[35m[@503 - main]&amp#27;[m &amp#27;[36mcom.shaft.tools.io.ReportManager&amp#27;[m : Successfully created attachment "Test Data - Excel"
2023-01-22 15:43:15.383 &amp#27;[32m INFO&amp#27;[m &amp#27;[35m[@503 - main]&amp#27;[m &amp#27;[36mcom.shaft.tools.io.ReportManager&amp#27;[m : Response status code: "422", status line: "HTTP/1.1 422 "
2023-01-22 15:43:15.400 &amp#27;[32m INFO&amp#27;[m &amp#27;[35m[@503 - main]&amp#27;[m &amp#27;[36mcom.shaft.tools.io.ReportManager&amp#27;[m : Successfully created attachment "API Request - Specifications"
2023-01-22 15:43:15.401 &amp#27;[32m INFO&amp#27;[m &amp#27;[35m[@503 - main]&amp#27;[m &amp#27;[36mcom.shaft.tools.io.ReportManager&amp#27;[m : Successfully created attachment "API Request - JSON Body"
2023-01-22 15:43:15.401 &amp#27;[32m INFO&amp#27;[m &amp#27;[35m[@503 - main]&amp#27;[m &amp#27;[36mcom.shaft.tools.io.ReportManager&amp#27;[m : Successfully created attachment "API Response - JSON Body"
2023-01-22 15:43:15.402 &amp#27;[32m INFO&amp#27;[m &amp#27;[35m[@503 - main]&amp#27;[m &amp#27;[36mcom.shaft.tools.io.ReportManager&amp#27;[m : File Action "DoesFileExist" successfully performed. With the following test data "File Path: "Schemas/ValidationError_schema.json"".
2023-01-22 15:43:15.403 &amp#27;[32m INFO&amp#27;[m &amp#27;[35m[@503 - main]&amp#27;[m &amp#27;[36mcom.shaft.tools.io.ReportManager&amp#27;[m : File Action "DoesFileExist" successfully performed. With the following test data "File Path: "src/test/resources/testDataFiles/Schemas/ValidationError_schema.json"".
2023-01-22 15:43:15.403 &amp#27;[32m INFO&amp#27;[m &amp#27;[35m[@503 - main]&amp#27;[m &amp#27;[36mcom.shaft.tools.io.ReportManager&amp#27;[m : File Action "GetAbsolutePath" successfully performed. With the following test data "Relative Folder Path: "src/test/resources/testDataFiles/Schemas/ValidationError_schema.json"".
2023-01-22 15:43:15.408 &amp#27;[32m INFO&amp#27;[m &amp#27;[35m[@503 - main]&amp#27;[m &amp#27;[36mcom.shaft.tools.io.ReportManager&amp#27;[m : File Action "DoesFileExist" successfully performed. With the following test data "File Path: "C:\eclipse-workspace\MyProjects\TASystemsAPIs\src\test\resources\testDataFiles\Schemas\ValidationError_schema.json"".
2023-01-22 15:43:15.408 &amp#27;[32m INFO&amp#27;[m &amp#27;[35m[@503 - main]&amp#27;[m &amp#27;[36mcom.shaft.tools.io.ReportManager&amp#27;[m : File Action "GetAbsolutePath" successfully performed. With the following test data "Relative Folder Path: "C:\eclipse-workspace\MyProjects\TASystemsAPIs\src\test\resources\testDataFiles\Schemas\ValidationError_schema.json"".
2023-01-22 15:43:15.409 &amp#27;[32m INFO&amp#27;[m &amp#27;[35m[@503 - main]&amp#27;[m &amp#27;[36mcom.shaft.tools.io.ReportManager&amp#27;[m : File Action "ReadFile" successfully performed. With the following test data "File Path: "C:\eclipse-workspace\MyProjects\TASystemsAPIs\src\test\resources\testDataFiles\Schemas\ValidationError_schema.json"".
2023-01-22 15:43:15.413 &amp#27;[32m INFO&amp#27;[m &amp#27;[35m[@503 - main]&amp#27;[m &amp#27;[36mcom.shaft.tools.io.ReportManager&amp#27;[m : Successfully created attachment "Validation Test Data - Expected JSON Value"
2023-01-22 15:43:15.414 &amp#27;[32m INFO&amp#27;[m &amp#27;[35m[@503 - main]&amp#27;[m &amp#27;[36mcom.shaft.tools.io.ReportManager&amp#27;[m : Successfully created attachment "Validation Test Data - Actual JSON Value"
2023-01-22 15:43:15.415 &amp#27;[32m INFO&amp#27;[m &amp#27;[35m[@503 - main]&amp#27;[m &amp#27;[36mcom.shaft.tools.io.ReportManager&amp#27;[m : Successfully created attachment "SHAFT Engine Logs - Current Method log: Add_Policy_With_Missing_Keys_TC"
]]></system-out>
  </testcase>
  <testcase name="Add_Policy_With_Missing_Keys_TC[[Ljava.lang.Object;@53f22576](21)" classname="SteeringCompanyAPI_TestCases.Test_Policies_Cases" time="1.427">
    <system-out><![CDATA[2023-01-22 15:43:15.420 &amp#27;[32m INFO&amp#27;[m &amp#27;[35m[@534 - main]&amp#27;[m &amp#27;[36mcom.shaft.tools.io.ReportManager&amp#27;[m : 
################################################################################################################################################
Starting Execution:	"93 out of 70" test cases in the current suite
Test Method:		"SteeringCompanyAPI_TestCases.Test_Policies_Cases.Add_Policy_With_Missing_Keys_TC"
Test Description:	"TC050 -Policy- Perform Add Policy with Missing Keys"
################################################################################################################################################
2023-01-22 15:43:15.421 &amp#27;[32m INFO&amp#27;[m &amp#27;[35m[@503 - main]&amp#27;[m &amp#27;[36mcom.shaft.tools.io.ReportManager&amp#27;[m : File Action "DoesFileExist" successfully performed. With the following test data "File Path: "SteeringCompanyAPI_TestData/SteeringCompanyAPI_TestData.xlsx"".
2023-01-22 15:43:15.493 &amp#27;[32m INFO&amp#27;[m &amp#27;[35m[@503 - main]&amp#27;[m &amp#27;[36mcom.shaft.tools.io.ReportManager&amp#27;[m : Successfully created attachment "Test Data - Excel"
2023-01-22 15:43:16.094 &amp#27;[32m INFO&amp#27;[m &amp#27;[35m[@503 - main]&amp#27;[m &amp#27;[36mcom.shaft.tools.io.ReportManager&amp#27;[m : Response status code: "200", status line: "HTTP/1.1 200 OK"
2023-01-22 15:43:16.116 &amp#27;[32m INFO&amp#27;[m &amp#27;[35m[@503 - main]&amp#27;[m &amp#27;[36mcom.shaft.tools.io.ReportManager&amp#27;[m : Successfully created attachment "API Request - Specifications"
2023-01-22 15:43:16.116 &amp#27;[32m INFO&amp#27;[m &amp#27;[35m[@503 - main]&amp#27;[m &amp#27;[36mcom.shaft.tools.io.ReportManager&amp#27;[m : Successfully created attachment "API Request - Body"
2023-01-22 15:43:16.121 &amp#27;[32m INFO&amp#27;[m &amp#27;[35m[@503 - main]&amp#27;[m &amp#27;[36mcom.shaft.tools.io.ReportManager&amp#27;[m : Successfully created attachment "API Response - JSON Body"
2023-01-22 15:43:16.141 &amp#27;[32m INFO&amp#27;[m &amp#27;[35m[@503 - main]&amp#27;[m &amp#27;[36mcom.shaft.tools.io.ReportManager&amp#27;[m : File Action "DoesFileExist" successfully performed. With the following test data "File Path: "SteeringCompanyAPI_TestData/SteeringCompanyAPI_TestData.xlsx"".
2023-01-22 15:43:16.226 &amp#27;[32m INFO&amp#27;[m &amp#27;[35m[@503 - main]&amp#27;[m &amp#27;[36mcom.shaft.tools.io.ReportManager&amp#27;[m : Successfully created attachment "Test Data - Excel"
2023-01-22 15:43:16.226 &amp#27;[32m INFO&amp#27;[m &amp#27;[35m[@503 - main]&amp#27;[m &amp#27;[36mcom.shaft.tools.io.ReportManager&amp#27;[m : File Action "DoesFileExist" successfully performed. With the following test data "File Path: "SteeringCompanyAPI_TestData/SteeringCompanyAPI_TestData.xlsx"".
2023-01-22 15:43:16.280 &amp#27;[32m INFO&amp#27;[m &amp#27;[35m[@503 - main]&amp#27;[m &amp#27;[36mcom.shaft.tools.io.ReportManager&amp#27;[m : Successfully created attachment "Test Data - Excel"
2023-01-22 15:43:16.280 &amp#27;[32m INFO&amp#27;[m &amp#27;[35m[@503 - main]&amp#27;[m &amp#27;[36mcom.shaft.tools.io.ReportManager&amp#27;[m : File Action "DoesFileExist" successfully performed. With the following test data "File Path: "SteeringCompanyAPI_TestData/SteeringCompanyAPI_TestData.xlsx"".
2023-01-22 15:43:16.338 &amp#27;[32m INFO&amp#27;[m &amp#27;[35m[@503 - main]&amp#27;[m &amp#27;[36mcom.shaft.tools.io.ReportManager&amp#27;[m : Successfully created attachment "Test Data - Excel"
2023-01-22 15:43:16.807 &amp#27;[32m INFO&amp#27;[m &amp#27;[35m[@503 - main]&amp#27;[m &amp#27;[36mcom.shaft.tools.io.ReportManager&amp#27;[m : Response status code: "422", status line: "HTTP/1.1 422 "
2023-01-22 15:43:16.824 &amp#27;[32m INFO&amp#27;[m &amp#27;[35m[@503 - main]&amp#27;[m &amp#27;[36mcom.shaft.tools.io.ReportManager&amp#27;[m : Successfully created attachment "API Request - Specifications"
2023-01-22 15:43:16.827 &amp#27;[32m INFO&amp#27;[m &amp#27;[35m[@503 - main]&amp#27;[m &amp#27;[36mcom.shaft.tools.io.ReportManager&amp#27;[m : Successfully created attachment "API Request - JSON Body"
2023-01-22 15:43:16.828 &amp#27;[32m INFO&amp#27;[m &amp#27;[35m[@503 - main]&amp#27;[m &amp#27;[36mcom.shaft.tools.io.ReportManager&amp#27;[m : Successfully created attachment "API Response - JSON Body"
2023-01-22 15:43:16.829 &amp#27;[32m INFO&amp#27;[m &amp#27;[35m[@503 - main]&amp#27;[m &amp#27;[36mcom.shaft.tools.io.ReportManager&amp#27;[m : File Action "DoesFileExist" successfully performed. With the following test data "File Path: "Schemas/ValidationError_schema.json"".
2023-01-22 15:43:16.829 &amp#27;[32m INFO&amp#27;[m &amp#27;[35m[@503 - main]&amp#27;[m &amp#27;[36mcom.shaft.tools.io.ReportManager&amp#27;[m : File Action "DoesFileExist" successfully performed. With the following test data "File Path: "src/test/resources/testDataFiles/Schemas/ValidationError_schema.json"".
2023-01-22 15:43:16.829 &amp#27;[32m INFO&amp#27;[m &amp#27;[35m[@503 - main]&amp#27;[m &amp#27;[36mcom.shaft.tools.io.ReportManager&amp#27;[m : File Action "GetAbsolutePath" successfully performed. With the following test data "Relative Folder Path: "src/test/resources/testDataFiles/Schemas/ValidationError_schema.json"".
2023-01-22 15:43:16.835 &amp#27;[32m INFO&amp#27;[m &amp#27;[35m[@503 - main]&amp#27;[m &amp#27;[36mcom.shaft.tools.io.ReportManager&amp#27;[m : File Action "DoesFileExist" successfully performed. With the following test data "File Path: "C:\eclipse-workspace\MyProjects\TASystemsAPIs\src\test\resources\testDataFiles\Schemas\ValidationError_schema.json"".
2023-01-22 15:43:16.836 &amp#27;[32m INFO&amp#27;[m &amp#27;[35m[@503 - main]&amp#27;[m &amp#27;[36mcom.shaft.tools.io.ReportManager&amp#27;[m : File Action "GetAbsolutePath" successfully performed. With the following test data "Relative Folder Path: "C:\eclipse-workspace\MyProjects\TASystemsAPIs\src\test\resources\testDataFiles\Schemas\ValidationError_schema.json"".
2023-01-22 15:43:16.836 &amp#27;[32m INFO&amp#27;[m &amp#27;[35m[@503 - main]&amp#27;[m &amp#27;[36mcom.shaft.tools.io.ReportManager&amp#27;[m : File Action "ReadFile" successfully performed. With the following test data "File Path: "C:\eclipse-workspace\MyProjects\TASystemsAPIs\src\test\resources\testDataFiles\Schemas\ValidationError_schema.json"".
2023-01-22 15:43:16.839 &amp#27;[32m INFO&amp#27;[m &amp#27;[35m[@503 - main]&amp#27;[m &amp#27;[36mcom.shaft.tools.io.ReportManager&amp#27;[m : Successfully created attachment "Validation Test Data - Expected JSON Value"
2023-01-22 15:43:16.840 &amp#27;[32m INFO&amp#27;[m &amp#27;[35m[@503 - main]&amp#27;[m &amp#27;[36mcom.shaft.tools.io.ReportManager&amp#27;[m : Successfully created attachment "Validation Test Data - Actual JSON Value"
2023-01-22 15:43:16.843 &amp#27;[32m INFO&amp#27;[m &amp#27;[35m[@503 - main]&amp#27;[m &amp#27;[36mcom.shaft.tools.io.ReportManager&amp#27;[m : Successfully created attachment "SHAFT Engine Logs - Current Method log: Add_Policy_With_Missing_Keys_TC"
]]></system-out>
  </testcase>
  <testcase name="Add_Policy_With_Missing_Keys_TC[[Ljava.lang.Object;@2deb650](22)" classname="SteeringCompanyAPI_TestCases.Test_Policies_Cases" time="1.409">
    <system-out><![CDATA[2023-01-22 15:43:16.849 &amp#27;[32m INFO&amp#27;[m &amp#27;[35m[@534 - main]&amp#27;[m &amp#27;[36mcom.shaft.tools.io.ReportManager&amp#27;[m : 
################################################################################################################################################
Starting Execution:	"94 out of 70" test cases in the current suite
Test Method:		"SteeringCompanyAPI_TestCases.Test_Policies_Cases.Add_Policy_With_Missing_Keys_TC"
Test Description:	"TC050 -Policy- Perform Add Policy with Missing Keys"
################################################################################################################################################
2023-01-22 15:43:16.850 &amp#27;[32m INFO&amp#27;[m &amp#27;[35m[@503 - main]&amp#27;[m &amp#27;[36mcom.shaft.tools.io.ReportManager&amp#27;[m : File Action "DoesFileExist" successfully performed. With the following test data "File Path: "SteeringCompanyAPI_TestData/SteeringCompanyAPI_TestData.xlsx"".
2023-01-22 15:43:16.901 &amp#27;[32m INFO&amp#27;[m &amp#27;[35m[@503 - main]&amp#27;[m &amp#27;[36mcom.shaft.tools.io.ReportManager&amp#27;[m : Successfully created attachment "Test Data - Excel"
2023-01-22 15:43:17.490 &amp#27;[32m INFO&amp#27;[m &amp#27;[35m[@503 - main]&amp#27;[m &amp#27;[36mcom.shaft.tools.io.ReportManager&amp#27;[m : Response status code: "200", status line: "HTTP/1.1 200 OK"
2023-01-22 15:43:17.514 &amp#27;[32m INFO&amp#27;[m &amp#27;[35m[@503 - main]&amp#27;[m &amp#27;[36mcom.shaft.tools.io.ReportManager&amp#27;[m : Successfully created attachment "API Request - Specifications"
2023-01-22 15:43:17.516 &amp#27;[32m INFO&amp#27;[m &amp#27;[35m[@503 - main]&amp#27;[m &amp#27;[36mcom.shaft.tools.io.ReportManager&amp#27;[m : Successfully created attachment "API Request - Body"
2023-01-22 15:43:17.518 &amp#27;[32m INFO&amp#27;[m &amp#27;[35m[@503 - main]&amp#27;[m &amp#27;[36mcom.shaft.tools.io.ReportManager&amp#27;[m : Successfully created attachment "API Response - JSON Body"
2023-01-22 15:43:17.536 &amp#27;[32m INFO&amp#27;[m &amp#27;[35m[@503 - main]&amp#27;[m &amp#27;[36mcom.shaft.tools.io.ReportManager&amp#27;[m : File Action "DoesFileExist" successfully performed. With the following test data "File Path: "SteeringCompanyAPI_TestData/SteeringCompanyAPI_TestData.xlsx"".
2023-01-22 15:43:17.588 &amp#27;[32m INFO&amp#27;[m &amp#27;[35m[@503 - main]&amp#27;[m &amp#27;[36mcom.shaft.tools.io.ReportManager&amp#27;[m : Successfully created attachment "Test Data - Excel"
2023-01-22 15:43:17.588 &amp#27;[32m INFO&amp#27;[m &amp#27;[35m[@503 - main]&amp#27;[m &amp#27;[36mcom.shaft.tools.io.ReportManager&amp#27;[m : File Action "DoesFileExist" successfully performed. With the following test data "File Path: "SteeringCompanyAPI_TestData/SteeringCompanyAPI_TestData.xlsx"".
2023-01-22 15:43:17.650 &amp#27;[32m INFO&amp#27;[m &amp#27;[35m[@503 - main]&amp#27;[m &amp#27;[36mcom.shaft.tools.io.ReportManager&amp#27;[m : Successfully created attachment "Test Data - Excel"
2023-01-22 15:43:17.652 &amp#27;[32m INFO&amp#27;[m &amp#27;[35m[@503 - main]&amp#27;[m &amp#27;[36mcom.shaft.tools.io.ReportManager&amp#27;[m : File Action "DoesFileExist" successfully performed. With the following test data "File Path: "SteeringCompanyAPI_TestData/SteeringCompanyAPI_TestData.xlsx"".
2023-01-22 15:43:17.734 &amp#27;[32m INFO&amp#27;[m &amp#27;[35m[@503 - main]&amp#27;[m &amp#27;[36mcom.shaft.tools.io.ReportManager&amp#27;[m : Successfully created attachment "Test Data - Excel"
2023-01-22 15:43:18.217 &amp#27;[32m INFO&amp#27;[m &amp#27;[35m[@503 - main]&amp#27;[m &amp#27;[36mcom.shaft.tools.io.ReportManager&amp#27;[m : Response status code: "422", status line: "HTTP/1.1 422 "
2023-01-22 15:43:18.232 &amp#27;[32m INFO&amp#27;[m &amp#27;[35m[@503 - main]&amp#27;[m &amp#27;[36mcom.shaft.tools.io.ReportManager&amp#27;[m : Successfully created attachment "API Request - Specifications"
2023-01-22 15:43:18.234 &amp#27;[32m INFO&amp#27;[m &amp#27;[35m[@503 - main]&amp#27;[m &amp#27;[36mcom.shaft.tools.io.ReportManager&amp#27;[m : Successfully created attachment "API Request - JSON Body"
2023-01-22 15:43:18.238 &amp#27;[32m INFO&amp#27;[m &amp#27;[35m[@503 - main]&amp#27;[m &amp#27;[36mcom.shaft.tools.io.ReportManager&amp#27;[m : Successfully created attachment "API Response - JSON Body"
2023-01-22 15:43:18.240 &amp#27;[32m INFO&amp#27;[m &amp#27;[35m[@503 - main]&amp#27;[m &amp#27;[36mcom.shaft.tools.io.ReportManager&amp#27;[m : File Action "DoesFileExist" successfully performed. With the following test data "File Path: "Schemas/ValidationError_schema.json"".
2023-01-22 15:43:18.240 &amp#27;[32m INFO&amp#27;[m &amp#27;[35m[@503 - main]&amp#27;[m &amp#27;[36mcom.shaft.tools.io.ReportManager&amp#27;[m : File Action "DoesFileExist" successfully performed. With the following test data "File Path: "src/test/resources/testDataFiles/Schemas/ValidationError_schema.json"".
2023-01-22 15:43:18.241 &amp#27;[32m INFO&amp#27;[m &amp#27;[35m[@503 - main]&amp#27;[m &amp#27;[36mcom.shaft.tools.io.ReportManager&amp#27;[m : File Action "GetAbsolutePath" successfully performed. With the following test data "Relative Folder Path: "src/test/resources/testDataFiles/Schemas/ValidationError_schema.json"".
2023-01-22 15:43:18.245 &amp#27;[32m INFO&amp#27;[m &amp#27;[35m[@503 - main]&amp#27;[m &amp#27;[36mcom.shaft.tools.io.ReportManager&amp#27;[m : File Action "DoesFileExist" successfully performed. With the following test data "File Path: "C:\eclipse-workspace\MyProjects\TASystemsAPIs\src\test\resources\testDataFiles\Schemas\ValidationError_schema.json"".
2023-01-22 15:43:18.246 &amp#27;[32m INFO&amp#27;[m &amp#27;[35m[@503 - main]&amp#27;[m &amp#27;[36mcom.shaft.tools.io.ReportManager&amp#27;[m : File Action "GetAbsolutePath" successfully performed. With the following test data "Relative Folder Path: "C:\eclipse-workspace\MyProjects\TASystemsAPIs\src\test\resources\testDataFiles\Schemas\ValidationError_schema.json"".
2023-01-22 15:43:18.246 &amp#27;[32m INFO&amp#27;[m &amp#27;[35m[@503 - main]&amp#27;[m &amp#27;[36mcom.shaft.tools.io.ReportManager&amp#27;[m : File Action "ReadFile" successfully performed. With the following test data "File Path: "C:\eclipse-workspace\MyProjects\TASystemsAPIs\src\test\resources\testDataFiles\Schemas\ValidationError_schema.json"".
2023-01-22 15:43:18.248 &amp#27;[32m INFO&amp#27;[m &amp#27;[35m[@503 - main]&amp#27;[m &amp#27;[36mcom.shaft.tools.io.ReportManager&amp#27;[m : Successfully created attachment "Validation Test Data - Expected JSON Value"
2023-01-22 15:43:18.250 &amp#27;[32m INFO&amp#27;[m &amp#27;[35m[@503 - main]&amp#27;[m &amp#27;[36mcom.shaft.tools.io.ReportManager&amp#27;[m : Successfully created attachment "Validation Test Data - Actual JSON Value"
2023-01-22 15:43:18.252 &amp#27;[32m INFO&amp#27;[m &amp#27;[35m[@503 - main]&amp#27;[m &amp#27;[36mcom.shaft.tools.io.ReportManager&amp#27;[m : Successfully created attachment "SHAFT Engine Logs - Current Method log: Add_Policy_With_Missing_Keys_TC"
]]></system-out>
  </testcase>
  <testcase name="Add_Policy_With_Missing_Keys_TC[[Ljava.lang.Object;@590784be](23)" classname="SteeringCompanyAPI_TestCases.Test_Policies_Cases" time="1.407">
    <system-out><![CDATA[2023-01-22 15:43:18.257 &amp#27;[32m INFO&amp#27;[m &amp#27;[35m[@534 - main]&amp#27;[m &amp#27;[36mcom.shaft.tools.io.ReportManager&amp#27;[m : 
################################################################################################################################################
Starting Execution:	"95 out of 70" test cases in the current suite
Test Method:		"SteeringCompanyAPI_TestCases.Test_Policies_Cases.Add_Policy_With_Missing_Keys_TC"
Test Description:	"TC050 -Policy- Perform Add Policy with Missing Keys"
################################################################################################################################################
2023-01-22 15:43:18.258 &amp#27;[32m INFO&amp#27;[m &amp#27;[35m[@503 - main]&amp#27;[m &amp#27;[36mcom.shaft.tools.io.ReportManager&amp#27;[m : File Action "DoesFileExist" successfully performed. With the following test data "File Path: "SteeringCompanyAPI_TestData/SteeringCompanyAPI_TestData.xlsx"".
2023-01-22 15:43:18.293 &amp#27;[32m INFO&amp#27;[m &amp#27;[35m[@503 - main]&amp#27;[m &amp#27;[36mcom.shaft.tools.io.ReportManager&amp#27;[m : Successfully created attachment "Test Data - Excel"
2023-01-22 15:43:18.915 &amp#27;[32m INFO&amp#27;[m &amp#27;[35m[@503 - main]&amp#27;[m &amp#27;[36mcom.shaft.tools.io.ReportManager&amp#27;[m : Response status code: "200", status line: "HTTP/1.1 200 OK"
2023-01-22 15:43:18.934 &amp#27;[32m INFO&amp#27;[m &amp#27;[35m[@503 - main]&amp#27;[m &amp#27;[36mcom.shaft.tools.io.ReportManager&amp#27;[m : Successfully created attachment "API Request - Specifications"
2023-01-22 15:43:18.936 &amp#27;[32m INFO&amp#27;[m &amp#27;[35m[@503 - main]&amp#27;[m &amp#27;[36mcom.shaft.tools.io.ReportManager&amp#27;[m : Successfully created attachment "API Request - Body"
2023-01-22 15:43:18.937 &amp#27;[32m INFO&amp#27;[m &amp#27;[35m[@503 - main]&amp#27;[m &amp#27;[36mcom.shaft.tools.io.ReportManager&amp#27;[m : Successfully created attachment "API Response - JSON Body"
2023-01-22 15:43:18.955 &amp#27;[32m INFO&amp#27;[m &amp#27;[35m[@503 - main]&amp#27;[m &amp#27;[36mcom.shaft.tools.io.ReportManager&amp#27;[m : File Action "DoesFileExist" successfully performed. With the following test data "File Path: "SteeringCompanyAPI_TestData/SteeringCompanyAPI_TestData.xlsx"".
2023-01-22 15:43:19.010 &amp#27;[32m INFO&amp#27;[m &amp#27;[35m[@503 - main]&amp#27;[m &amp#27;[36mcom.shaft.tools.io.ReportManager&amp#27;[m : Successfully created attachment "Test Data - Excel"
2023-01-22 15:43:19.011 &amp#27;[32m INFO&amp#27;[m &amp#27;[35m[@503 - main]&amp#27;[m &amp#27;[36mcom.shaft.tools.io.ReportManager&amp#27;[m : File Action "DoesFileExist" successfully performed. With the following test data "File Path: "SteeringCompanyAPI_TestData/SteeringCompanyAPI_TestData.xlsx"".
2023-01-22 15:43:19.071 &amp#27;[32m INFO&amp#27;[m &amp#27;[35m[@503 - main]&amp#27;[m &amp#27;[36mcom.shaft.tools.io.ReportManager&amp#27;[m : Successfully created attachment "Test Data - Excel"
2023-01-22 15:43:19.072 &amp#27;[32m INFO&amp#27;[m &amp#27;[35m[@503 - main]&amp#27;[m &amp#27;[36mcom.shaft.tools.io.ReportManager&amp#27;[m : File Action "DoesFileExist" successfully performed. With the following test data "File Path: "SteeringCompanyAPI_TestData/SteeringCompanyAPI_TestData.xlsx"".
2023-01-22 15:43:19.136 &amp#27;[32m INFO&amp#27;[m &amp#27;[35m[@503 - main]&amp#27;[m &amp#27;[36mcom.shaft.tools.io.ReportManager&amp#27;[m : Successfully created attachment "Test Data - Excel"
2023-01-22 15:43:19.624 &amp#27;[32m INFO&amp#27;[m &amp#27;[35m[@503 - main]&amp#27;[m &amp#27;[36mcom.shaft.tools.io.ReportManager&amp#27;[m : Response status code: "422", status line: "HTTP/1.1 422 "
2023-01-22 15:43:19.644 &amp#27;[32m INFO&amp#27;[m &amp#27;[35m[@503 - main]&amp#27;[m &amp#27;[36mcom.shaft.tools.io.ReportManager&amp#27;[m : Successfully created attachment "API Request - Specifications"
2023-01-22 15:43:19.646 &amp#27;[32m INFO&amp#27;[m &amp#27;[35m[@503 - main]&amp#27;[m &amp#27;[36mcom.shaft.tools.io.ReportManager&amp#27;[m : Successfully created attachment "API Request - JSON Body"
2023-01-22 15:43:19.650 &amp#27;[32m INFO&amp#27;[m &amp#27;[35m[@503 - main]&amp#27;[m &amp#27;[36mcom.shaft.tools.io.ReportManager&amp#27;[m : Successfully created attachment "API Response - JSON Body"
2023-01-22 15:43:19.651 &amp#27;[32m INFO&amp#27;[m &amp#27;[35m[@503 - main]&amp#27;[m &amp#27;[36mcom.shaft.tools.io.ReportManager&amp#27;[m : File Action "DoesFileExist" successfully performed. With the following test data "File Path: "Schemas/ValidationError_schema.json"".
2023-01-22 15:43:19.651 &amp#27;[32m INFO&amp#27;[m &amp#27;[35m[@503 - main]&amp#27;[m &amp#27;[36mcom.shaft.tools.io.ReportManager&amp#27;[m : File Action "DoesFileExist" successfully performed. With the following test data "File Path: "src/test/resources/testDataFiles/Schemas/ValidationError_schema.json"".
2023-01-22 15:43:19.651 &amp#27;[32m INFO&amp#27;[m &amp#27;[35m[@503 - main]&amp#27;[m &amp#27;[36mcom.shaft.tools.io.ReportManager&amp#27;[m : File Action "GetAbsolutePath" successfully performed. With the following test data "Relative Folder Path: "src/test/resources/testDataFiles/Schemas/ValidationError_schema.json"".
2023-01-22 15:43:19.655 &amp#27;[32m INFO&amp#27;[m &amp#27;[35m[@503 - main]&amp#27;[m &amp#27;[36mcom.shaft.tools.io.ReportManager&amp#27;[m : File Action "DoesFileExist" successfully performed. With the following test data "File Path: "C:\eclipse-workspace\MyProjects\TASystemsAPIs\src\test\resources\testDataFiles\Schemas\ValidationError_schema.json"".
2023-01-22 15:43:19.655 &amp#27;[32m INFO&amp#27;[m &amp#27;[35m[@503 - main]&amp#27;[m &amp#27;[36mcom.shaft.tools.io.ReportManager&amp#27;[m : File Action "GetAbsolutePath" successfully performed. With the following test data "Relative Folder Path: "C:\eclipse-workspace\MyProjects\TASystemsAPIs\src\test\resources\testDataFiles\Schemas\ValidationError_schema.json"".
2023-01-22 15:43:19.656 &amp#27;[32m INFO&amp#27;[m &amp#27;[35m[@503 - main]&amp#27;[m &amp#27;[36mcom.shaft.tools.io.ReportManager&amp#27;[m : File Action "ReadFile" successfully performed. With the following test data "File Path: "C:\eclipse-workspace\MyProjects\TASystemsAPIs\src\test\resources\testDataFiles\Schemas\ValidationError_schema.json"".
2023-01-22 15:43:19.658 &amp#27;[32m INFO&amp#27;[m &amp#27;[35m[@503 - main]&amp#27;[m &amp#27;[36mcom.shaft.tools.io.ReportManager&amp#27;[m : Successfully created attachment "Validation Test Data - Expected JSON Value"
2023-01-22 15:43:19.659 &amp#27;[32m INFO&amp#27;[m &amp#27;[35m[@503 - main]&amp#27;[m &amp#27;[36mcom.shaft.tools.io.ReportManager&amp#27;[m : Successfully created attachment "Validation Test Data - Actual JSON Value"
2023-01-22 15:43:19.660 &amp#27;[32m INFO&amp#27;[m &amp#27;[35m[@503 - main]&amp#27;[m &amp#27;[36mcom.shaft.tools.io.ReportManager&amp#27;[m : Successfully created attachment "SHAFT Engine Logs - Current Method log: Add_Policy_With_Missing_Keys_TC"
]]></system-out>
  </testcase>
  <testcase name="Add_Policy_With_Missing_Keys_TC[[Ljava.lang.Object;@7a8aa326](24)" classname="SteeringCompanyAPI_TestCases.Test_Policies_Cases" time="1.361">
    <system-out><![CDATA[2023-01-22 15:43:19.663 &amp#27;[32m INFO&amp#27;[m &amp#27;[35m[@534 - main]&amp#27;[m &amp#27;[36mcom.shaft.tools.io.ReportManager&amp#27;[m : 
################################################################################################################################################
Starting Execution:	"96 out of 70" test cases in the current suite
Test Method:		"SteeringCompanyAPI_TestCases.Test_Policies_Cases.Add_Policy_With_Missing_Keys_TC"
Test Description:	"TC050 -Policy- Perform Add Policy with Missing Keys"
################################################################################################################################################
2023-01-22 15:43:19.664 &amp#27;[32m INFO&amp#27;[m &amp#27;[35m[@503 - main]&amp#27;[m &amp#27;[36mcom.shaft.tools.io.ReportManager&amp#27;[m : File Action "DoesFileExist" successfully performed. With the following test data "File Path: "SteeringCompanyAPI_TestData/SteeringCompanyAPI_TestData.xlsx"".
2023-01-22 15:43:19.716 &amp#27;[32m INFO&amp#27;[m &amp#27;[35m[@503 - main]&amp#27;[m &amp#27;[36mcom.shaft.tools.io.ReportManager&amp#27;[m : Successfully created attachment "Test Data - Excel"
2023-01-22 15:43:20.318 &amp#27;[32m INFO&amp#27;[m &amp#27;[35m[@503 - main]&amp#27;[m &amp#27;[36mcom.shaft.tools.io.ReportManager&amp#27;[m : Response status code: "200", status line: "HTTP/1.1 200 OK"
2023-01-22 15:43:20.334 &amp#27;[32m INFO&amp#27;[m &amp#27;[35m[@503 - main]&amp#27;[m &amp#27;[36mcom.shaft.tools.io.ReportManager&amp#27;[m : Successfully created attachment "API Request - Specifications"
2023-01-22 15:43:20.337 &amp#27;[32m INFO&amp#27;[m &amp#27;[35m[@503 - main]&amp#27;[m &amp#27;[36mcom.shaft.tools.io.ReportManager&amp#27;[m : Successfully created attachment "API Request - Body"
2023-01-22 15:43:20.339 &amp#27;[32m INFO&amp#27;[m &amp#27;[35m[@503 - main]&amp#27;[m &amp#27;[36mcom.shaft.tools.io.ReportManager&amp#27;[m : Successfully created attachment "API Response - JSON Body"
2023-01-22 15:43:20.356 &amp#27;[32m INFO&amp#27;[m &amp#27;[35m[@503 - main]&amp#27;[m &amp#27;[36mcom.shaft.tools.io.ReportManager&amp#27;[m : File Action "DoesFileExist" successfully performed. With the following test data "File Path: "SteeringCompanyAPI_TestData/SteeringCompanyAPI_TestData.xlsx"".
2023-01-22 15:43:20.405 &amp#27;[32m INFO&amp#27;[m &amp#27;[35m[@503 - main]&amp#27;[m &amp#27;[36mcom.shaft.tools.io.ReportManager&amp#27;[m : Successfully created attachment "Test Data - Excel"
2023-01-22 15:43:20.406 &amp#27;[32m INFO&amp#27;[m &amp#27;[35m[@503 - main]&amp#27;[m &amp#27;[36mcom.shaft.tools.io.ReportManager&amp#27;[m : File Action "DoesFileExist" successfully performed. With the following test data "File Path: "SteeringCompanyAPI_TestData/SteeringCompanyAPI_TestData.xlsx"".
2023-01-22 15:43:20.455 &amp#27;[32m INFO&amp#27;[m &amp#27;[35m[@503 - main]&amp#27;[m &amp#27;[36mcom.shaft.tools.io.ReportManager&amp#27;[m : Successfully created attachment "Test Data - Excel"
2023-01-22 15:43:20.456 &amp#27;[32m INFO&amp#27;[m &amp#27;[35m[@503 - main]&amp#27;[m &amp#27;[36mcom.shaft.tools.io.ReportManager&amp#27;[m : File Action "DoesFileExist" successfully performed. With the following test data "File Path: "SteeringCompanyAPI_TestData/SteeringCompanyAPI_TestData.xlsx"".
2023-01-22 15:43:20.502 &amp#27;[32m INFO&amp#27;[m &amp#27;[35m[@503 - main]&amp#27;[m &amp#27;[36mcom.shaft.tools.io.ReportManager&amp#27;[m : Successfully created attachment "Test Data - Excel"
2023-01-22 15:43:20.986 &amp#27;[32m INFO&amp#27;[m &amp#27;[35m[@503 - main]&amp#27;[m &amp#27;[36mcom.shaft.tools.io.ReportManager&amp#27;[m : Response status code: "422", status line: "HTTP/1.1 422 "
2023-01-22 15:43:20.999 &amp#27;[32m INFO&amp#27;[m &amp#27;[35m[@503 - main]&amp#27;[m &amp#27;[36mcom.shaft.tools.io.ReportManager&amp#27;[m : Successfully created attachment "API Request - Specifications"
2023-01-22 15:43:21.001 &amp#27;[32m INFO&amp#27;[m &amp#27;[35m[@503 - main]&amp#27;[m &amp#27;[36mcom.shaft.tools.io.ReportManager&amp#27;[m : Successfully created attachment "API Request - JSON Body"
2023-01-22 15:43:21.003 &amp#27;[32m INFO&amp#27;[m &amp#27;[35m[@503 - main]&amp#27;[m &amp#27;[36mcom.shaft.tools.io.ReportManager&amp#27;[m : Successfully created attachment "API Response - JSON Body"
2023-01-22 15:43:21.004 &amp#27;[32m INFO&amp#27;[m &amp#27;[35m[@503 - main]&amp#27;[m &amp#27;[36mcom.shaft.tools.io.ReportManager&amp#27;[m : File Action "DoesFileExist" successfully performed. With the following test data "File Path: "Schemas/ValidationError_schema.json"".
2023-01-22 15:43:21.004 &amp#27;[32m INFO&amp#27;[m &amp#27;[35m[@503 - main]&amp#27;[m &amp#27;[36mcom.shaft.tools.io.ReportManager&amp#27;[m : File Action "DoesFileExist" successfully performed. With the following test data "File Path: "src/test/resources/testDataFiles/Schemas/ValidationError_schema.json"".
2023-01-22 15:43:21.004 &amp#27;[32m INFO&amp#27;[m &amp#27;[35m[@503 - main]&amp#27;[m &amp#27;[36mcom.shaft.tools.io.ReportManager&amp#27;[m : File Action "GetAbsolutePath" successfully performed. With the following test data "Relative Folder Path: "src/test/resources/testDataFiles/Schemas/ValidationError_schema.json"".
2023-01-22 15:43:21.010 &amp#27;[32m INFO&amp#27;[m &amp#27;[35m[@503 - main]&amp#27;[m &amp#27;[36mcom.shaft.tools.io.ReportManager&amp#27;[m : File Action "DoesFileExist" successfully performed. With the following test data "File Path: "C:\eclipse-workspace\MyProjects\TASystemsAPIs\src\test\resources\testDataFiles\Schemas\ValidationError_schema.json"".
2023-01-22 15:43:21.010 &amp#27;[32m INFO&amp#27;[m &amp#27;[35m[@503 - main]&amp#27;[m &amp#27;[36mcom.shaft.tools.io.ReportManager&amp#27;[m : File Action "GetAbsolutePath" successfully performed. With the following test data "Relative Folder Path: "C:\eclipse-workspace\MyProjects\TASystemsAPIs\src\test\resources\testDataFiles\Schemas\ValidationError_schema.json"".
2023-01-22 15:43:21.011 &amp#27;[32m INFO&amp#27;[m &amp#27;[35m[@503 - main]&amp#27;[m &amp#27;[36mcom.shaft.tools.io.ReportManager&amp#27;[m : File Action "ReadFile" successfully performed. With the following test data "File Path: "C:\eclipse-workspace\MyProjects\TASystemsAPIs\src\test\resources\testDataFiles\Schemas\ValidationError_schema.json"".
2023-01-22 15:43:21.017 &amp#27;[32m INFO&amp#27;[m &amp#27;[35m[@503 - main]&amp#27;[m &amp#27;[36mcom.shaft.tools.io.ReportManager&amp#27;[m : Successfully created attachment "Validation Test Data - Expected JSON Value"
2023-01-22 15:43:21.018 &amp#27;[32m INFO&amp#27;[m &amp#27;[35m[@503 - main]&amp#27;[m &amp#27;[36mcom.shaft.tools.io.ReportManager&amp#27;[m : Successfully created attachment "Validation Test Data - Actual JSON Value"
2023-01-22 15:43:21.020 &amp#27;[32m INFO&amp#27;[m &amp#27;[35m[@503 - main]&amp#27;[m &amp#27;[36mcom.shaft.tools.io.ReportManager&amp#27;[m : Successfully created attachment "SHAFT Engine Logs - Current Method log: Add_Policy_With_Missing_Keys_TC"
]]></system-out>
  </testcase>
  <testcase name="Add_Policy_With_Missing_Keys_TC[[Ljava.lang.Object;@41cd00cd](25)" classname="SteeringCompanyAPI_TestCases.Test_Policies_Cases" time="1.411">
    <system-out><![CDATA[2023-01-22 15:43:21.025 &amp#27;[32m INFO&amp#27;[m &amp#27;[35m[@534 - main]&amp#27;[m &amp#27;[36mcom.shaft.tools.io.ReportManager&amp#27;[m : 
################################################################################################################################################
Starting Execution:	"97 out of 70" test cases in the current suite
Test Method:		"SteeringCompanyAPI_TestCases.Test_Policies_Cases.Add_Policy_With_Missing_Keys_TC"
Test Description:	"TC050 -Policy- Perform Add Policy with Missing Keys"
################################################################################################################################################
2023-01-22 15:43:21.026 &amp#27;[32m INFO&amp#27;[m &amp#27;[35m[@503 - main]&amp#27;[m &amp#27;[36mcom.shaft.tools.io.ReportManager&amp#27;[m : File Action "DoesFileExist" successfully performed. With the following test data "File Path: "SteeringCompanyAPI_TestData/SteeringCompanyAPI_TestData.xlsx"".
2023-01-22 15:43:21.077 &amp#27;[32m INFO&amp#27;[m &amp#27;[35m[@503 - main]&amp#27;[m &amp#27;[36mcom.shaft.tools.io.ReportManager&amp#27;[m : Successfully created attachment "Test Data - Excel"
2023-01-22 15:43:21.698 &amp#27;[32m INFO&amp#27;[m &amp#27;[35m[@503 - main]&amp#27;[m &amp#27;[36mcom.shaft.tools.io.ReportManager&amp#27;[m : Response status code: "200", status line: "HTTP/1.1 200 OK"
2023-01-22 15:43:21.715 &amp#27;[32m INFO&amp#27;[m &amp#27;[35m[@503 - main]&amp#27;[m &amp#27;[36mcom.shaft.tools.io.ReportManager&amp#27;[m : Successfully created attachment "API Request - Specifications"
2023-01-22 15:43:21.717 &amp#27;[32m INFO&amp#27;[m &amp#27;[35m[@503 - main]&amp#27;[m &amp#27;[36mcom.shaft.tools.io.ReportManager&amp#27;[m : Successfully created attachment "API Request - Body"
2023-01-22 15:43:21.720 &amp#27;[32m INFO&amp#27;[m &amp#27;[35m[@503 - main]&amp#27;[m &amp#27;[36mcom.shaft.tools.io.ReportManager&amp#27;[m : Successfully created attachment "API Response - JSON Body"
2023-01-22 15:43:21.743 &amp#27;[32m INFO&amp#27;[m &amp#27;[35m[@503 - main]&amp#27;[m &amp#27;[36mcom.shaft.tools.io.ReportManager&amp#27;[m : File Action "DoesFileExist" successfully performed. With the following test data "File Path: "SteeringCompanyAPI_TestData/SteeringCompanyAPI_TestData.xlsx"".
2023-01-22 15:43:21.805 &amp#27;[32m INFO&amp#27;[m &amp#27;[35m[@503 - main]&amp#27;[m &amp#27;[36mcom.shaft.tools.io.ReportManager&amp#27;[m : Successfully created attachment "Test Data - Excel"
2023-01-22 15:43:21.805 &amp#27;[32m INFO&amp#27;[m &amp#27;[35m[@503 - main]&amp#27;[m &amp#27;[36mcom.shaft.tools.io.ReportManager&amp#27;[m : File Action "DoesFileExist" successfully performed. With the following test data "File Path: "SteeringCompanyAPI_TestData/SteeringCompanyAPI_TestData.xlsx"".
2023-01-22 15:43:21.865 &amp#27;[32m INFO&amp#27;[m &amp#27;[35m[@503 - main]&amp#27;[m &amp#27;[36mcom.shaft.tools.io.ReportManager&amp#27;[m : Successfully created attachment "Test Data - Excel"
2023-01-22 15:43:21.865 &amp#27;[32m INFO&amp#27;[m &amp#27;[35m[@503 - main]&amp#27;[m &amp#27;[36mcom.shaft.tools.io.ReportManager&amp#27;[m : File Action "DoesFileExist" successfully performed. With the following test data "File Path: "SteeringCompanyAPI_TestData/SteeringCompanyAPI_TestData.xlsx"".
2023-01-22 15:43:21.926 &amp#27;[32m INFO&amp#27;[m &amp#27;[35m[@503 - main]&amp#27;[m &amp#27;[36mcom.shaft.tools.io.ReportManager&amp#27;[m : Successfully created attachment "Test Data - Excel"
2023-01-22 15:43:22.396 &amp#27;[32m INFO&amp#27;[m &amp#27;[35m[@503 - main]&amp#27;[m &amp#27;[36mcom.shaft.tools.io.ReportManager&amp#27;[m : Response status code: "422", status line: "HTTP/1.1 422 "
2023-01-22 15:43:22.413 &amp#27;[32m INFO&amp#27;[m &amp#27;[35m[@503 - main]&amp#27;[m &amp#27;[36mcom.shaft.tools.io.ReportManager&amp#27;[m : Successfully created attachment "API Request - Specifications"
2023-01-22 15:43:22.414 &amp#27;[32m INFO&amp#27;[m &amp#27;[35m[@503 - main]&amp#27;[m &amp#27;[36mcom.shaft.tools.io.ReportManager&amp#27;[m : Successfully created attachment "API Request - JSON Body"
2023-01-22 15:43:22.415 &amp#27;[32m INFO&amp#27;[m &amp#27;[35m[@503 - main]&amp#27;[m &amp#27;[36mcom.shaft.tools.io.ReportManager&amp#27;[m : Successfully created attachment "API Response - JSON Body"
2023-01-22 15:43:22.416 &amp#27;[32m INFO&amp#27;[m &amp#27;[35m[@503 - main]&amp#27;[m &amp#27;[36mcom.shaft.tools.io.ReportManager&amp#27;[m : File Action "DoesFileExist" successfully performed. With the following test data "File Path: "Schemas/ValidationError_schema.json"".
2023-01-22 15:43:22.422 &amp#27;[32m INFO&amp#27;[m &amp#27;[35m[@503 - main]&amp#27;[m &amp#27;[36mcom.shaft.tools.io.ReportManager&amp#27;[m : File Action "DoesFileExist" successfully performed. With the following test data "File Path: "src/test/resources/testDataFiles/Schemas/ValidationError_schema.json"".
2023-01-22 15:43:22.422 &amp#27;[32m INFO&amp#27;[m &amp#27;[35m[@503 - main]&amp#27;[m &amp#27;[36mcom.shaft.tools.io.ReportManager&amp#27;[m : File Action "GetAbsolutePath" successfully performed. With the following test data "Relative Folder Path: "src/test/resources/testDataFiles/Schemas/ValidationError_schema.json"".
2023-01-22 15:43:22.427 &amp#27;[32m INFO&amp#27;[m &amp#27;[35m[@503 - main]&amp#27;[m &amp#27;[36mcom.shaft.tools.io.ReportManager&amp#27;[m : File Action "DoesFileExist" successfully performed. With the following test data "File Path: "C:\eclipse-workspace\MyProjects\TASystemsAPIs\src\test\resources\testDataFiles\Schemas\ValidationError_schema.json"".
2023-01-22 15:43:22.428 &amp#27;[32m INFO&amp#27;[m &amp#27;[35m[@503 - main]&amp#27;[m &amp#27;[36mcom.shaft.tools.io.ReportManager&amp#27;[m : File Action "GetAbsolutePath" successfully performed. With the following test data "Relative Folder Path: "C:\eclipse-workspace\MyProjects\TASystemsAPIs\src\test\resources\testDataFiles\Schemas\ValidationError_schema.json"".
2023-01-22 15:43:22.428 &amp#27;[32m INFO&amp#27;[m &amp#27;[35m[@503 - main]&amp#27;[m &amp#27;[36mcom.shaft.tools.io.ReportManager&amp#27;[m : File Action "ReadFile" successfully performed. With the following test data "File Path: "C:\eclipse-workspace\MyProjects\TASystemsAPIs\src\test\resources\testDataFiles\Schemas\ValidationError_schema.json"".
2023-01-22 15:43:22.431 &amp#27;[32m INFO&amp#27;[m &amp#27;[35m[@503 - main]&amp#27;[m &amp#27;[36mcom.shaft.tools.io.ReportManager&amp#27;[m : Successfully created attachment "Validation Test Data - Expected JSON Value"
2023-01-22 15:43:22.432 &amp#27;[32m INFO&amp#27;[m &amp#27;[35m[@503 - main]&amp#27;[m &amp#27;[36mcom.shaft.tools.io.ReportManager&amp#27;[m : Successfully created attachment "Validation Test Data - Actual JSON Value"
2023-01-22 15:43:22.432 &amp#27;[32m INFO&amp#27;[m &amp#27;[35m[@503 - main]&amp#27;[m &amp#27;[36mcom.shaft.tools.io.ReportManager&amp#27;[m : Successfully created attachment "SHAFT Engine Logs - Current Method log: Add_Policy_With_Missing_Keys_TC"
]]></system-out>
  </testcase>
  <testcase name="Add_Policy_With_Missing_Keys_TC[[Ljava.lang.Object;@78ceb0a4](26)" classname="SteeringCompanyAPI_TestCases.Test_Policies_Cases" time="1.395">
    <system-out><![CDATA[2023-01-22 15:43:22.437 &amp#27;[32m INFO&amp#27;[m &amp#27;[35m[@534 - main]&amp#27;[m &amp#27;[36mcom.shaft.tools.io.ReportManager&amp#27;[m : 
################################################################################################################################################
Starting Execution:	"98 out of 70" test cases in the current suite
Test Method:		"SteeringCompanyAPI_TestCases.Test_Policies_Cases.Add_Policy_With_Missing_Keys_TC"
Test Description:	"TC050 -Policy- Perform Add Policy with Missing Keys"
################################################################################################################################################
2023-01-22 15:43:22.438 &amp#27;[32m INFO&amp#27;[m &amp#27;[35m[@503 - main]&amp#27;[m &amp#27;[36mcom.shaft.tools.io.ReportManager&amp#27;[m : File Action "DoesFileExist" successfully performed. With the following test data "File Path: "SteeringCompanyAPI_TestData/SteeringCompanyAPI_TestData.xlsx"".
2023-01-22 15:43:22.518 &amp#27;[32m INFO&amp#27;[m &amp#27;[35m[@503 - main]&amp#27;[m &amp#27;[36mcom.shaft.tools.io.ReportManager&amp#27;[m : Successfully created attachment "Test Data - Excel"
2023-01-22 15:43:23.107 &amp#27;[32m INFO&amp#27;[m &amp#27;[35m[@503 - main]&amp#27;[m &amp#27;[36mcom.shaft.tools.io.ReportManager&amp#27;[m : Response status code: "200", status line: "HTTP/1.1 200 OK"
2023-01-22 15:43:23.124 &amp#27;[32m INFO&amp#27;[m &amp#27;[35m[@503 - main]&amp#27;[m &amp#27;[36mcom.shaft.tools.io.ReportManager&amp#27;[m : Successfully created attachment "API Request - Specifications"
2023-01-22 15:43:23.125 &amp#27;[32m INFO&amp#27;[m &amp#27;[35m[@503 - main]&amp#27;[m &amp#27;[36mcom.shaft.tools.io.ReportManager&amp#27;[m : Successfully created attachment "API Request - Body"
2023-01-22 15:43:23.129 &amp#27;[32m INFO&amp#27;[m &amp#27;[35m[@503 - main]&amp#27;[m &amp#27;[36mcom.shaft.tools.io.ReportManager&amp#27;[m : Successfully created attachment "API Response - JSON Body"
2023-01-22 15:43:23.153 &amp#27;[32m INFO&amp#27;[m &amp#27;[35m[@503 - main]&amp#27;[m &amp#27;[36mcom.shaft.tools.io.ReportManager&amp#27;[m : File Action "DoesFileExist" successfully performed. With the following test data "File Path: "SteeringCompanyAPI_TestData/SteeringCompanyAPI_TestData.xlsx"".
2023-01-22 15:43:23.206 &amp#27;[32m INFO&amp#27;[m &amp#27;[35m[@503 - main]&amp#27;[m &amp#27;[36mcom.shaft.tools.io.ReportManager&amp#27;[m : Successfully created attachment "Test Data - Excel"
2023-01-22 15:43:23.206 &amp#27;[32m INFO&amp#27;[m &amp#27;[35m[@503 - main]&amp#27;[m &amp#27;[36mcom.shaft.tools.io.ReportManager&amp#27;[m : File Action "DoesFileExist" successfully performed. With the following test data "File Path: "SteeringCompanyAPI_TestData/SteeringCompanyAPI_TestData.xlsx"".
2023-01-22 15:43:23.253 &amp#27;[32m INFO&amp#27;[m &amp#27;[35m[@503 - main]&amp#27;[m &amp#27;[36mcom.shaft.tools.io.ReportManager&amp#27;[m : Successfully created attachment "Test Data - Excel"
2023-01-22 15:43:23.254 &amp#27;[32m INFO&amp#27;[m &amp#27;[35m[@503 - main]&amp#27;[m &amp#27;[36mcom.shaft.tools.io.ReportManager&amp#27;[m : File Action "DoesFileExist" successfully performed. With the following test data "File Path: "SteeringCompanyAPI_TestData/SteeringCompanyAPI_TestData.xlsx"".
2023-01-22 15:43:23.297 &amp#27;[32m INFO&amp#27;[m &amp#27;[35m[@503 - main]&amp#27;[m &amp#27;[36mcom.shaft.tools.io.ReportManager&amp#27;[m : Successfully created attachment "Test Data - Excel"
2023-01-22 15:43:23.787 &amp#27;[32m INFO&amp#27;[m &amp#27;[35m[@503 - main]&amp#27;[m &amp#27;[36mcom.shaft.tools.io.ReportManager&amp#27;[m : Response status code: "422", status line: "HTTP/1.1 422 "
2023-01-22 15:43:23.815 &amp#27;[32m INFO&amp#27;[m &amp#27;[35m[@503 - main]&amp#27;[m &amp#27;[36mcom.shaft.tools.io.ReportManager&amp#27;[m : Successfully created attachment "API Request - Specifications"
2023-01-22 15:43:23.816 &amp#27;[32m INFO&amp#27;[m &amp#27;[35m[@503 - main]&amp#27;[m &amp#27;[36mcom.shaft.tools.io.ReportManager&amp#27;[m : Successfully created attachment "API Request - JSON Body"
2023-01-22 15:43:23.817 &amp#27;[32m INFO&amp#27;[m &amp#27;[35m[@503 - main]&amp#27;[m &amp#27;[36mcom.shaft.tools.io.ReportManager&amp#27;[m : Successfully created attachment "API Response - JSON Body"
2023-01-22 15:43:23.817 &amp#27;[32m INFO&amp#27;[m &amp#27;[35m[@503 - main]&amp#27;[m &amp#27;[36mcom.shaft.tools.io.ReportManager&amp#27;[m : File Action "DoesFileExist" successfully performed. With the following test data "File Path: "Schemas/ValidationError_schema.json"".
2023-01-22 15:43:23.819 &amp#27;[32m INFO&amp#27;[m &amp#27;[35m[@503 - main]&amp#27;[m &amp#27;[36mcom.shaft.tools.io.ReportManager&amp#27;[m : File Action "DoesFileExist" successfully performed. With the following test data "File Path: "src/test/resources/testDataFiles/Schemas/ValidationError_schema.json"".
2023-01-22 15:43:23.819 &amp#27;[32m INFO&amp#27;[m &amp#27;[35m[@503 - main]&amp#27;[m &amp#27;[36mcom.shaft.tools.io.ReportManager&amp#27;[m : File Action "GetAbsolutePath" successfully performed. With the following test data "Relative Folder Path: "src/test/resources/testDataFiles/Schemas/ValidationError_schema.json"".
2023-01-22 15:43:23.821 &amp#27;[32m INFO&amp#27;[m &amp#27;[35m[@503 - main]&amp#27;[m &amp#27;[36mcom.shaft.tools.io.ReportManager&amp#27;[m : File Action "DoesFileExist" successfully performed. With the following test data "File Path: "C:\eclipse-workspace\MyProjects\TASystemsAPIs\src\test\resources\testDataFiles\Schemas\ValidationError_schema.json"".
2023-01-22 15:43:23.821 &amp#27;[32m INFO&amp#27;[m &amp#27;[35m[@503 - main]&amp#27;[m &amp#27;[36mcom.shaft.tools.io.ReportManager&amp#27;[m : File Action "GetAbsolutePath" successfully performed. With the following test data "Relative Folder Path: "C:\eclipse-workspace\MyProjects\TASystemsAPIs\src\test\resources\testDataFiles\Schemas\ValidationError_schema.json"".
2023-01-22 15:43:23.822 &amp#27;[32m INFO&amp#27;[m &amp#27;[35m[@503 - main]&amp#27;[m &amp#27;[36mcom.shaft.tools.io.ReportManager&amp#27;[m : File Action "ReadFile" successfully performed. With the following test data "File Path: "C:\eclipse-workspace\MyProjects\TASystemsAPIs\src\test\resources\testDataFiles\Schemas\ValidationError_schema.json"".
2023-01-22 15:43:23.824 &amp#27;[32m INFO&amp#27;[m &amp#27;[35m[@503 - main]&amp#27;[m &amp#27;[36mcom.shaft.tools.io.ReportManager&amp#27;[m : Successfully created attachment "Validation Test Data - Expected JSON Value"
2023-01-22 15:43:23.825 &amp#27;[32m INFO&amp#27;[m &amp#27;[35m[@503 - main]&amp#27;[m &amp#27;[36mcom.shaft.tools.io.ReportManager&amp#27;[m : Successfully created attachment "Validation Test Data - Actual JSON Value"
2023-01-22 15:43:23.827 &amp#27;[32m INFO&amp#27;[m &amp#27;[35m[@503 - main]&amp#27;[m &amp#27;[36mcom.shaft.tools.io.ReportManager&amp#27;[m : Successfully created attachment "SHAFT Engine Logs - Current Method log: Add_Policy_With_Missing_Keys_TC"
]]></system-out>
  </testcase>
  <testcase name="Add_Policy_With_Missing_Keys_TC[[Ljava.lang.Object;@1245ca50](27)" classname="SteeringCompanyAPI_TestCases.Test_Policies_Cases" time="1.437">
    <system-out><![CDATA[2023-01-22 15:43:23.832 &amp#27;[32m INFO&amp#27;[m &amp#27;[35m[@534 - main]&amp#27;[m &amp#27;[36mcom.shaft.tools.io.ReportManager&amp#27;[m : 
################################################################################################################################################
Starting Execution:	"99 out of 70" test cases in the current suite
Test Method:		"SteeringCompanyAPI_TestCases.Test_Policies_Cases.Add_Policy_With_Missing_Keys_TC"
Test Description:	"TC050 -Policy- Perform Add Policy with Missing Keys"
################################################################################################################################################
2023-01-22 15:43:23.833 &amp#27;[32m INFO&amp#27;[m &amp#27;[35m[@503 - main]&amp#27;[m &amp#27;[36mcom.shaft.tools.io.ReportManager&amp#27;[m : File Action "DoesFileExist" successfully performed. With the following test data "File Path: "SteeringCompanyAPI_TestData/SteeringCompanyAPI_TestData.xlsx"".
2023-01-22 15:43:23.898 &amp#27;[32m INFO&amp#27;[m &amp#27;[35m[@503 - main]&amp#27;[m &amp#27;[36mcom.shaft.tools.io.ReportManager&amp#27;[m : Successfully created attachment "Test Data - Excel"
2023-01-22 15:43:24.554 &amp#27;[32m INFO&amp#27;[m &amp#27;[35m[@503 - main]&amp#27;[m &amp#27;[36mcom.shaft.tools.io.ReportManager&amp#27;[m : Response status code: "200", status line: "HTTP/1.1 200 OK"
2023-01-22 15:43:24.574 &amp#27;[32m INFO&amp#27;[m &amp#27;[35m[@503 - main]&amp#27;[m &amp#27;[36mcom.shaft.tools.io.ReportManager&amp#27;[m : Successfully created attachment "API Request - Specifications"
2023-01-22 15:43:24.576 &amp#27;[32m INFO&amp#27;[m &amp#27;[35m[@503 - main]&amp#27;[m &amp#27;[36mcom.shaft.tools.io.ReportManager&amp#27;[m : Successfully created attachment "API Request - Body"
2023-01-22 15:43:24.576 &amp#27;[32m INFO&amp#27;[m &amp#27;[35m[@503 - main]&amp#27;[m &amp#27;[36mcom.shaft.tools.io.ReportManager&amp#27;[m : Successfully created attachment "API Response - JSON Body"
2023-01-22 15:43:24.590 &amp#27;[32m INFO&amp#27;[m &amp#27;[35m[@503 - main]&amp#27;[m &amp#27;[36mcom.shaft.tools.io.ReportManager&amp#27;[m : File Action "DoesFileExist" successfully performed. With the following test data "File Path: "SteeringCompanyAPI_TestData/SteeringCompanyAPI_TestData.xlsx"".
2023-01-22 15:43:24.643 &amp#27;[32m INFO&amp#27;[m &amp#27;[35m[@503 - main]&amp#27;[m &amp#27;[36mcom.shaft.tools.io.ReportManager&amp#27;[m : Successfully created attachment "Test Data - Excel"
2023-01-22 15:43:24.643 &amp#27;[32m INFO&amp#27;[m &amp#27;[35m[@503 - main]&amp#27;[m &amp#27;[36mcom.shaft.tools.io.ReportManager&amp#27;[m : File Action "DoesFileExist" successfully performed. With the following test data "File Path: "SteeringCompanyAPI_TestData/SteeringCompanyAPI_TestData.xlsx"".
2023-01-22 15:43:24.715 &amp#27;[32m INFO&amp#27;[m &amp#27;[35m[@503 - main]&amp#27;[m &amp#27;[36mcom.shaft.tools.io.ReportManager&amp#27;[m : Successfully created attachment "Test Data - Excel"
2023-01-22 15:43:24.715 &amp#27;[32m INFO&amp#27;[m &amp#27;[35m[@503 - main]&amp#27;[m &amp#27;[36mcom.shaft.tools.io.ReportManager&amp#27;[m : File Action "DoesFileExist" successfully performed. With the following test data "File Path: "SteeringCompanyAPI_TestData/SteeringCompanyAPI_TestData.xlsx"".
2023-01-22 15:43:24.773 &amp#27;[32m INFO&amp#27;[m &amp#27;[35m[@503 - main]&amp#27;[m &amp#27;[36mcom.shaft.tools.io.ReportManager&amp#27;[m : Successfully created attachment "Test Data - Excel"
2023-01-22 15:43:25.231 &amp#27;[32m INFO&amp#27;[m &amp#27;[35m[@503 - main]&amp#27;[m &amp#27;[36mcom.shaft.tools.io.ReportManager&amp#27;[m : Response status code: "422", status line: "HTTP/1.1 422 "
2023-01-22 15:43:25.252 &amp#27;[32m INFO&amp#27;[m &amp#27;[35m[@503 - main]&amp#27;[m &amp#27;[36mcom.shaft.tools.io.ReportManager&amp#27;[m : Successfully created attachment "API Request - Specifications"
2023-01-22 15:43:25.255 &amp#27;[32m INFO&amp#27;[m &amp#27;[35m[@503 - main]&amp#27;[m &amp#27;[36mcom.shaft.tools.io.ReportManager&amp#27;[m : Successfully created attachment "API Request - JSON Body"
2023-01-22 15:43:25.256 &amp#27;[32m INFO&amp#27;[m &amp#27;[35m[@503 - main]&amp#27;[m &amp#27;[36mcom.shaft.tools.io.ReportManager&amp#27;[m : Successfully created attachment "API Response - JSON Body"
2023-01-22 15:43:25.257 &amp#27;[32m INFO&amp#27;[m &amp#27;[35m[@503 - main]&amp#27;[m &amp#27;[36mcom.shaft.tools.io.ReportManager&amp#27;[m : File Action "DoesFileExist" successfully performed. With the following test data "File Path: "Schemas/ValidationError_schema.json"".
2023-01-22 15:43:25.257 &amp#27;[32m INFO&amp#27;[m &amp#27;[35m[@503 - main]&amp#27;[m &amp#27;[36mcom.shaft.tools.io.ReportManager&amp#27;[m : File Action "DoesFileExist" successfully performed. With the following test data "File Path: "src/test/resources/testDataFiles/Schemas/ValidationError_schema.json"".
2023-01-22 15:43:25.258 &amp#27;[32m INFO&amp#27;[m &amp#27;[35m[@503 - main]&amp#27;[m &amp#27;[36mcom.shaft.tools.io.ReportManager&amp#27;[m : File Action "GetAbsolutePath" successfully performed. With the following test data "Relative Folder Path: "src/test/resources/testDataFiles/Schemas/ValidationError_schema.json"".
2023-01-22 15:43:25.261 &amp#27;[32m INFO&amp#27;[m &amp#27;[35m[@503 - main]&amp#27;[m &amp#27;[36mcom.shaft.tools.io.ReportManager&amp#27;[m : File Action "DoesFileExist" successfully performed. With the following test data "File Path: "C:\eclipse-workspace\MyProjects\TASystemsAPIs\src\test\resources\testDataFiles\Schemas\ValidationError_schema.json"".
2023-01-22 15:43:25.261 &amp#27;[32m INFO&amp#27;[m &amp#27;[35m[@503 - main]&amp#27;[m &amp#27;[36mcom.shaft.tools.io.ReportManager&amp#27;[m : File Action "GetAbsolutePath" successfully performed. With the following test data "Relative Folder Path: "C:\eclipse-workspace\MyProjects\TASystemsAPIs\src\test\resources\testDataFiles\Schemas\ValidationError_schema.json"".
2023-01-22 15:43:25.261 &amp#27;[32m INFO&amp#27;[m &amp#27;[35m[@503 - main]&amp#27;[m &amp#27;[36mcom.shaft.tools.io.ReportManager&amp#27;[m : File Action "ReadFile" successfully performed. With the following test data "File Path: "C:\eclipse-workspace\MyProjects\TASystemsAPIs\src\test\resources\testDataFiles\Schemas\ValidationError_schema.json"".
2023-01-22 15:43:25.264 &amp#27;[32m INFO&amp#27;[m &amp#27;[35m[@503 - main]&amp#27;[m &amp#27;[36mcom.shaft.tools.io.ReportManager&amp#27;[m : Successfully created attachment "Validation Test Data - Expected JSON Value"
2023-01-22 15:43:25.265 &amp#27;[32m INFO&amp#27;[m &amp#27;[35m[@503 - main]&amp#27;[m &amp#27;[36mcom.shaft.tools.io.ReportManager&amp#27;[m : Successfully created attachment "Validation Test Data - Actual JSON Value"
2023-01-22 15:43:25.266 &amp#27;[32m INFO&amp#27;[m &amp#27;[35m[@503 - main]&amp#27;[m &amp#27;[36mcom.shaft.tools.io.ReportManager&amp#27;[m : Successfully created attachment "SHAFT Engine Logs - Current Method log: Add_Policy_With_Missing_Keys_TC"
]]></system-out>
  </testcase>
  <testcase name="Add_Policy_With_Missing_Keys_TC[[Ljava.lang.Object;@34564e35](28)" classname="SteeringCompanyAPI_TestCases.Test_Policies_Cases" time="1.353">
    <system-out><![CDATA[2023-01-22 15:43:25.268 &amp#27;[32m INFO&amp#27;[m &amp#27;[35m[@534 - main]&amp#27;[m &amp#27;[36mcom.shaft.tools.io.ReportManager&amp#27;[m : 
################################################################################################################################################
Starting Execution:	"100 out of 70" test cases in the current suite
Test Method:		"SteeringCompanyAPI_TestCases.Test_Policies_Cases.Add_Policy_With_Missing_Keys_TC"
Test Description:	"TC050 -Policy- Perform Add Policy with Missing Keys"
################################################################################################################################################
2023-01-22 15:43:25.268 &amp#27;[32m INFO&amp#27;[m &amp#27;[35m[@503 - main]&amp#27;[m &amp#27;[36mcom.shaft.tools.io.ReportManager&amp#27;[m : File Action "DoesFileExist" successfully performed. With the following test data "File Path: "SteeringCompanyAPI_TestData/SteeringCompanyAPI_TestData.xlsx"".
2023-01-22 15:43:25.329 &amp#27;[32m INFO&amp#27;[m &amp#27;[35m[@503 - main]&amp#27;[m &amp#27;[36mcom.shaft.tools.io.ReportManager&amp#27;[m : Successfully created attachment "Test Data - Excel"
2023-01-22 15:43:25.933 &amp#27;[32m INFO&amp#27;[m &amp#27;[35m[@503 - main]&amp#27;[m &amp#27;[36mcom.shaft.tools.io.ReportManager&amp#27;[m : Response status code: "200", status line: "HTTP/1.1 200 OK"
2023-01-22 15:43:25.956 &amp#27;[32m INFO&amp#27;[m &amp#27;[35m[@503 - main]&amp#27;[m &amp#27;[36mcom.shaft.tools.io.ReportManager&amp#27;[m : Successfully created attachment "API Request - Specifications"
2023-01-22 15:43:25.957 &amp#27;[32m INFO&amp#27;[m &amp#27;[35m[@503 - main]&amp#27;[m &amp#27;[36mcom.shaft.tools.io.ReportManager&amp#27;[m : Successfully created attachment "API Request - Body"
2023-01-22 15:43:25.958 &amp#27;[32m INFO&amp#27;[m &amp#27;[35m[@503 - main]&amp#27;[m &amp#27;[36mcom.shaft.tools.io.ReportManager&amp#27;[m : Successfully created attachment "API Response - JSON Body"
2023-01-22 15:43:25.972 &amp#27;[32m INFO&amp#27;[m &amp#27;[35m[@503 - main]&amp#27;[m &amp#27;[36mcom.shaft.tools.io.ReportManager&amp#27;[m : File Action "DoesFileExist" successfully performed. With the following test data "File Path: "SteeringCompanyAPI_TestData/SteeringCompanyAPI_TestData.xlsx"".
2023-01-22 15:43:26.020 &amp#27;[32m INFO&amp#27;[m &amp#27;[35m[@503 - main]&amp#27;[m &amp#27;[36mcom.shaft.tools.io.ReportManager&amp#27;[m : Successfully created attachment "Test Data - Excel"
2023-01-22 15:43:26.021 &amp#27;[32m INFO&amp#27;[m &amp#27;[35m[@503 - main]&amp#27;[m &amp#27;[36mcom.shaft.tools.io.ReportManager&amp#27;[m : File Action "DoesFileExist" successfully performed. With the following test data "File Path: "SteeringCompanyAPI_TestData/SteeringCompanyAPI_TestData.xlsx"".
2023-01-22 15:43:26.072 &amp#27;[32m INFO&amp#27;[m &amp#27;[35m[@503 - main]&amp#27;[m &amp#27;[36mcom.shaft.tools.io.ReportManager&amp#27;[m : Successfully created attachment "Test Data - Excel"
2023-01-22 15:43:26.072 &amp#27;[32m INFO&amp#27;[m &amp#27;[35m[@503 - main]&amp#27;[m &amp#27;[36mcom.shaft.tools.io.ReportManager&amp#27;[m : File Action "DoesFileExist" successfully performed. With the following test data "File Path: "SteeringCompanyAPI_TestData/SteeringCompanyAPI_TestData.xlsx"".
2023-01-22 15:43:26.116 &amp#27;[32m INFO&amp#27;[m &amp#27;[35m[@503 - main]&amp#27;[m &amp#27;[36mcom.shaft.tools.io.ReportManager&amp#27;[m : Successfully created attachment "Test Data - Excel"
2023-01-22 15:43:26.581 &amp#27;[32m INFO&amp#27;[m &amp#27;[35m[@503 - main]&amp#27;[m &amp#27;[36mcom.shaft.tools.io.ReportManager&amp#27;[m : Response status code: "422", status line: "HTTP/1.1 422 "
2023-01-22 15:43:26.606 &amp#27;[32m INFO&amp#27;[m &amp#27;[35m[@503 - main]&amp#27;[m &amp#27;[36mcom.shaft.tools.io.ReportManager&amp#27;[m : Successfully created attachment "API Request - Specifications"
2023-01-22 15:43:26.607 &amp#27;[32m INFO&amp#27;[m &amp#27;[35m[@503 - main]&amp#27;[m &amp#27;[36mcom.shaft.tools.io.ReportManager&amp#27;[m : Successfully created attachment "API Request - JSON Body"
2023-01-22 15:43:26.609 &amp#27;[32m INFO&amp#27;[m &amp#27;[35m[@503 - main]&amp#27;[m &amp#27;[36mcom.shaft.tools.io.ReportManager&amp#27;[m : Successfully created attachment "API Response - JSON Body"
2023-01-22 15:43:26.610 &amp#27;[32m INFO&amp#27;[m &amp#27;[35m[@503 - main]&amp#27;[m &amp#27;[36mcom.shaft.tools.io.ReportManager&amp#27;[m : File Action "DoesFileExist" successfully performed. With the following test data "File Path: "Schemas/ValidationError_schema.json"".
2023-01-22 15:43:26.611 &amp#27;[32m INFO&amp#27;[m &amp#27;[35m[@503 - main]&amp#27;[m &amp#27;[36mcom.shaft.tools.io.ReportManager&amp#27;[m : File Action "DoesFileExist" successfully performed. With the following test data "File Path: "src/test/resources/testDataFiles/Schemas/ValidationError_schema.json"".
2023-01-22 15:43:26.611 &amp#27;[32m INFO&amp#27;[m &amp#27;[35m[@503 - main]&amp#27;[m &amp#27;[36mcom.shaft.tools.io.ReportManager&amp#27;[m : File Action "GetAbsolutePath" successfully performed. With the following test data "Relative Folder Path: "src/test/resources/testDataFiles/Schemas/ValidationError_schema.json"".
2023-01-22 15:43:26.613 &amp#27;[32m INFO&amp#27;[m &amp#27;[35m[@503 - main]&amp#27;[m &amp#27;[36mcom.shaft.tools.io.ReportManager&amp#27;[m : File Action "DoesFileExist" successfully performed. With the following test data "File Path: "C:\eclipse-workspace\MyProjects\TASystemsAPIs\src\test\resources\testDataFiles\Schemas\ValidationError_schema.json"".
2023-01-22 15:43:26.614 &amp#27;[32m INFO&amp#27;[m &amp#27;[35m[@503 - main]&amp#27;[m &amp#27;[36mcom.shaft.tools.io.ReportManager&amp#27;[m : File Action "GetAbsolutePath" successfully performed. With the following test data "Relative Folder Path: "C:\eclipse-workspace\MyProjects\TASystemsAPIs\src\test\resources\testDataFiles\Schemas\ValidationError_schema.json"".
2023-01-22 15:43:26.614 &amp#27;[32m INFO&amp#27;[m &amp#27;[35m[@503 - main]&amp#27;[m &amp#27;[36mcom.shaft.tools.io.ReportManager&amp#27;[m : File Action "ReadFile" successfully performed. With the following test data "File Path: "C:\eclipse-workspace\MyProjects\TASystemsAPIs\src\test\resources\testDataFiles\Schemas\ValidationError_schema.json"".
2023-01-22 15:43:26.616 &amp#27;[32m INFO&amp#27;[m &amp#27;[35m[@503 - main]&amp#27;[m &amp#27;[36mcom.shaft.tools.io.ReportManager&amp#27;[m : Successfully created attachment "Validation Test Data - Expected JSON Value"
2023-01-22 15:43:26.616 &amp#27;[32m INFO&amp#27;[m &amp#27;[35m[@503 - main]&amp#27;[m &amp#27;[36mcom.shaft.tools.io.ReportManager&amp#27;[m : Successfully created attachment "Validation Test Data - Actual JSON Value"
2023-01-22 15:43:26.617 &amp#27;[32m INFO&amp#27;[m &amp#27;[35m[@503 - main]&amp#27;[m &amp#27;[36mcom.shaft.tools.io.ReportManager&amp#27;[m : Successfully created attachment "SHAFT Engine Logs - Current Method log: Add_Policy_With_Missing_Keys_TC"
]]></system-out>
  </testcase>
  <testcase name="Add_Policy_With_Missing_Keys_TC[[Ljava.lang.Object;@788d8e9e](29)" classname="SteeringCompanyAPI_TestCases.Test_Policies_Cases" time="1.365">
    <system-out><![CDATA[2023-01-22 15:43:26.621 &amp#27;[32m INFO&amp#27;[m &amp#27;[35m[@534 - main]&amp#27;[m &amp#27;[36mcom.shaft.tools.io.ReportManager&amp#27;[m : 
################################################################################################################################################
Starting Execution:	"101 out of 70" test cases in the current suite
Test Method:		"SteeringCompanyAPI_TestCases.Test_Policies_Cases.Add_Policy_With_Missing_Keys_TC"
Test Description:	"TC050 -Policy- Perform Add Policy with Missing Keys"
################################################################################################################################################
2023-01-22 15:43:26.621 &amp#27;[32m INFO&amp#27;[m &amp#27;[35m[@503 - main]&amp#27;[m &amp#27;[36mcom.shaft.tools.io.ReportManager&amp#27;[m : File Action "DoesFileExist" successfully performed. With the following test data "File Path: "SteeringCompanyAPI_TestData/SteeringCompanyAPI_TestData.xlsx"".
2023-01-22 15:43:26.667 &amp#27;[32m INFO&amp#27;[m &amp#27;[35m[@503 - main]&amp#27;[m &amp#27;[36mcom.shaft.tools.io.ReportManager&amp#27;[m : Successfully created attachment "Test Data - Excel"
2023-01-22 15:43:27.283 &amp#27;[32m INFO&amp#27;[m &amp#27;[35m[@503 - main]&amp#27;[m &amp#27;[36mcom.shaft.tools.io.ReportManager&amp#27;[m : Response status code: "200", status line: "HTTP/1.1 200 OK"
2023-01-22 15:43:27.306 &amp#27;[32m INFO&amp#27;[m &amp#27;[35m[@503 - main]&amp#27;[m &amp#27;[36mcom.shaft.tools.io.ReportManager&amp#27;[m : Successfully created attachment "API Request - Specifications"
2023-01-22 15:43:27.309 &amp#27;[32m INFO&amp#27;[m &amp#27;[35m[@503 - main]&amp#27;[m &amp#27;[36mcom.shaft.tools.io.ReportManager&amp#27;[m : Successfully created attachment "API Request - Body"
2023-01-22 15:43:27.311 &amp#27;[32m INFO&amp#27;[m &amp#27;[35m[@503 - main]&amp#27;[m &amp#27;[36mcom.shaft.tools.io.ReportManager&amp#27;[m : Successfully created attachment "API Response - JSON Body"
2023-01-22 15:43:27.324 &amp#27;[32m INFO&amp#27;[m &amp#27;[35m[@503 - main]&amp#27;[m &amp#27;[36mcom.shaft.tools.io.ReportManager&amp#27;[m : File Action "DoesFileExist" successfully performed. With the following test data "File Path: "SteeringCompanyAPI_TestData/SteeringCompanyAPI_TestData.xlsx"".
2023-01-22 15:43:27.367 &amp#27;[32m INFO&amp#27;[m &amp#27;[35m[@503 - main]&amp#27;[m &amp#27;[36mcom.shaft.tools.io.ReportManager&amp#27;[m : Successfully created attachment "Test Data - Excel"
2023-01-22 15:43:27.367 &amp#27;[32m INFO&amp#27;[m &amp#27;[35m[@503 - main]&amp#27;[m &amp#27;[36mcom.shaft.tools.io.ReportManager&amp#27;[m : File Action "DoesFileExist" successfully performed. With the following test data "File Path: "SteeringCompanyAPI_TestData/SteeringCompanyAPI_TestData.xlsx"".
2023-01-22 15:43:27.415 &amp#27;[32m INFO&amp#27;[m &amp#27;[35m[@503 - main]&amp#27;[m &amp#27;[36mcom.shaft.tools.io.ReportManager&amp#27;[m : Successfully created attachment "Test Data - Excel"
2023-01-22 15:43:27.415 &amp#27;[32m INFO&amp#27;[m &amp#27;[35m[@503 - main]&amp#27;[m &amp#27;[36mcom.shaft.tools.io.ReportManager&amp#27;[m : File Action "DoesFileExist" successfully performed. With the following test data "File Path: "SteeringCompanyAPI_TestData/SteeringCompanyAPI_TestData.xlsx"".
2023-01-22 15:43:27.484 &amp#27;[32m INFO&amp#27;[m &amp#27;[35m[@503 - main]&amp#27;[m &amp#27;[36mcom.shaft.tools.io.ReportManager&amp#27;[m : Successfully created attachment "Test Data - Excel"
2023-01-22 15:43:27.952 &amp#27;[32m INFO&amp#27;[m &amp#27;[35m[@503 - main]&amp#27;[m &amp#27;[36mcom.shaft.tools.io.ReportManager&amp#27;[m : Response status code: "422", status line: "HTTP/1.1 422 "
2023-01-22 15:43:27.968 &amp#27;[32m INFO&amp#27;[m &amp#27;[35m[@503 - main]&amp#27;[m &amp#27;[36mcom.shaft.tools.io.ReportManager&amp#27;[m : Successfully created attachment "API Request - Specifications"
2023-01-22 15:43:27.970 &amp#27;[32m INFO&amp#27;[m &amp#27;[35m[@503 - main]&amp#27;[m &amp#27;[36mcom.shaft.tools.io.ReportManager&amp#27;[m : Successfully created attachment "API Request - JSON Body"
2023-01-22 15:43:27.971 &amp#27;[32m INFO&amp#27;[m &amp#27;[35m[@503 - main]&amp#27;[m &amp#27;[36mcom.shaft.tools.io.ReportManager&amp#27;[m : Successfully created attachment "API Response - JSON Body"
2023-01-22 15:43:27.972 &amp#27;[32m INFO&amp#27;[m &amp#27;[35m[@503 - main]&amp#27;[m &amp#27;[36mcom.shaft.tools.io.ReportManager&amp#27;[m : File Action "DoesFileExist" successfully performed. With the following test data "File Path: "Schemas/ValidationError_schema.json"".
2023-01-22 15:43:27.972 &amp#27;[32m INFO&amp#27;[m &amp#27;[35m[@503 - main]&amp#27;[m &amp#27;[36mcom.shaft.tools.io.ReportManager&amp#27;[m : File Action "DoesFileExist" successfully performed. With the following test data "File Path: "src/test/resources/testDataFiles/Schemas/ValidationError_schema.json"".
2023-01-22 15:43:27.972 &amp#27;[32m INFO&amp#27;[m &amp#27;[35m[@503 - main]&amp#27;[m &amp#27;[36mcom.shaft.tools.io.ReportManager&amp#27;[m : File Action "GetAbsolutePath" successfully performed. With the following test data "Relative Folder Path: "src/test/resources/testDataFiles/Schemas/ValidationError_schema.json"".
2023-01-22 15:43:27.976 &amp#27;[32m INFO&amp#27;[m &amp#27;[35m[@503 - main]&amp#27;[m &amp#27;[36mcom.shaft.tools.io.ReportManager&amp#27;[m : File Action "DoesFileExist" successfully performed. With the following test data "File Path: "C:\eclipse-workspace\MyProjects\TASystemsAPIs\src\test\resources\testDataFiles\Schemas\ValidationError_schema.json"".
2023-01-22 15:43:27.976 &amp#27;[32m INFO&amp#27;[m &amp#27;[35m[@503 - main]&amp#27;[m &amp#27;[36mcom.shaft.tools.io.ReportManager&amp#27;[m : File Action "GetAbsolutePath" successfully performed. With the following test data "Relative Folder Path: "C:\eclipse-workspace\MyProjects\TASystemsAPIs\src\test\resources\testDataFiles\Schemas\ValidationError_schema.json"".
2023-01-22 15:43:27.976 &amp#27;[32m INFO&amp#27;[m &amp#27;[35m[@503 - main]&amp#27;[m &amp#27;[36mcom.shaft.tools.io.ReportManager&amp#27;[m : File Action "ReadFile" successfully performed. With the following test data "File Path: "C:\eclipse-workspace\MyProjects\TASystemsAPIs\src\test\resources\testDataFiles\Schemas\ValidationError_schema.json"".
2023-01-22 15:43:27.980 &amp#27;[32m INFO&amp#27;[m &amp#27;[35m[@503 - main]&amp#27;[m &amp#27;[36mcom.shaft.tools.io.ReportManager&amp#27;[m : Successfully created attachment "Validation Test Data - Expected JSON Value"
2023-01-22 15:43:27.981 &amp#27;[32m INFO&amp#27;[m &amp#27;[35m[@503 - main]&amp#27;[m &amp#27;[36mcom.shaft.tools.io.ReportManager&amp#27;[m : Successfully created attachment "Validation Test Data - Actual JSON Value"
2023-01-22 15:43:27.982 &amp#27;[32m INFO&amp#27;[m &amp#27;[35m[@503 - main]&amp#27;[m &amp#27;[36mcom.shaft.tools.io.ReportManager&amp#27;[m : Successfully created attachment "SHAFT Engine Logs - Current Method log: Add_Policy_With_Missing_Keys_TC"
]]></system-out>
  </testcase>
  <testcase name="Add_Policy_With_Missing_Keys_TC[[Ljava.lang.Object;@5c55ad96](30)" classname="SteeringCompanyAPI_TestCases.Test_Policies_Cases" time="1.342">
    <system-out><![CDATA[2023-01-22 15:43:27.985 &amp#27;[32m INFO&amp#27;[m &amp#27;[35m[@534 - main]&amp#27;[m &amp#27;[36mcom.shaft.tools.io.ReportManager&amp#27;[m : 
################################################################################################################################################
Starting Execution:	"102 out of 70" test cases in the current suite
Test Method:		"SteeringCompanyAPI_TestCases.Test_Policies_Cases.Add_Policy_With_Missing_Keys_TC"
Test Description:	"TC050 -Policy- Perform Add Policy with Missing Keys"
################################################################################################################################################
2023-01-22 15:43:27.986 &amp#27;[32m INFO&amp#27;[m &amp#27;[35m[@503 - main]&amp#27;[m &amp#27;[36mcom.shaft.tools.io.ReportManager&amp#27;[m : File Action "DoesFileExist" successfully performed. With the following test data "File Path: "SteeringCompanyAPI_TestData/SteeringCompanyAPI_TestData.xlsx"".
2023-01-22 15:43:28.035 &amp#27;[32m INFO&amp#27;[m &amp#27;[35m[@503 - main]&amp#27;[m &amp#27;[36mcom.shaft.tools.io.ReportManager&amp#27;[m : Successfully created attachment "Test Data - Excel"
2023-01-22 15:43:28.639 &amp#27;[32m INFO&amp#27;[m &amp#27;[35m[@503 - main]&amp#27;[m &amp#27;[36mcom.shaft.tools.io.ReportManager&amp#27;[m : Response status code: "200", status line: "HTTP/1.1 200 OK"
2023-01-22 15:43:28.656 &amp#27;[32m INFO&amp#27;[m &amp#27;[35m[@503 - main]&amp#27;[m &amp#27;[36mcom.shaft.tools.io.ReportManager&amp#27;[m : Successfully created attachment "API Request - Specifications"
2023-01-22 15:43:28.657 &amp#27;[32m INFO&amp#27;[m &amp#27;[35m[@503 - main]&amp#27;[m &amp#27;[36mcom.shaft.tools.io.ReportManager&amp#27;[m : Successfully created attachment "API Request - Body"
2023-01-22 15:43:28.658 &amp#27;[32m INFO&amp#27;[m &amp#27;[35m[@503 - main]&amp#27;[m &amp#27;[36mcom.shaft.tools.io.ReportManager&amp#27;[m : Successfully created attachment "API Response - JSON Body"
2023-01-22 15:43:28.680 &amp#27;[32m INFO&amp#27;[m &amp#27;[35m[@503 - main]&amp#27;[m &amp#27;[36mcom.shaft.tools.io.ReportManager&amp#27;[m : File Action "DoesFileExist" successfully performed. With the following test data "File Path: "SteeringCompanyAPI_TestData/SteeringCompanyAPI_TestData.xlsx"".
2023-01-22 15:43:28.742 &amp#27;[32m INFO&amp#27;[m &amp#27;[35m[@503 - main]&amp#27;[m &amp#27;[36mcom.shaft.tools.io.ReportManager&amp#27;[m : Successfully created attachment "Test Data - Excel"
2023-01-22 15:43:28.743 &amp#27;[32m INFO&amp#27;[m &amp#27;[35m[@503 - main]&amp#27;[m &amp#27;[36mcom.shaft.tools.io.ReportManager&amp#27;[m : File Action "DoesFileExist" successfully performed. With the following test data "File Path: "SteeringCompanyAPI_TestData/SteeringCompanyAPI_TestData.xlsx"".
2023-01-22 15:43:28.792 &amp#27;[32m INFO&amp#27;[m &amp#27;[35m[@503 - main]&amp#27;[m &amp#27;[36mcom.shaft.tools.io.ReportManager&amp#27;[m : Successfully created attachment "Test Data - Excel"
2023-01-22 15:43:28.793 &amp#27;[32m INFO&amp#27;[m &amp#27;[35m[@503 - main]&amp#27;[m &amp#27;[36mcom.shaft.tools.io.ReportManager&amp#27;[m : File Action "DoesFileExist" successfully performed. With the following test data "File Path: "SteeringCompanyAPI_TestData/SteeringCompanyAPI_TestData.xlsx"".
2023-01-22 15:43:28.827 &amp#27;[32m INFO&amp#27;[m &amp#27;[35m[@503 - main]&amp#27;[m &amp#27;[36mcom.shaft.tools.io.ReportManager&amp#27;[m : Successfully created attachment "Test Data - Excel"
2023-01-22 15:43:29.294 &amp#27;[32m INFO&amp#27;[m &amp#27;[35m[@503 - main]&amp#27;[m &amp#27;[36mcom.shaft.tools.io.ReportManager&amp#27;[m : Response status code: "422", status line: "HTTP/1.1 422 "
2023-01-22 15:43:29.312 &amp#27;[32m INFO&amp#27;[m &amp#27;[35m[@503 - main]&amp#27;[m &amp#27;[36mcom.shaft.tools.io.ReportManager&amp#27;[m : Successfully created attachment "API Request - Specifications"
2023-01-22 15:43:29.315 &amp#27;[32m INFO&amp#27;[m &amp#27;[35m[@503 - main]&amp#27;[m &amp#27;[36mcom.shaft.tools.io.ReportManager&amp#27;[m : Successfully created attachment "API Request - JSON Body"
2023-01-22 15:43:29.316 &amp#27;[32m INFO&amp#27;[m &amp#27;[35m[@503 - main]&amp#27;[m &amp#27;[36mcom.shaft.tools.io.ReportManager&amp#27;[m : Successfully created attachment "API Response - JSON Body"
2023-01-22 15:43:29.317 &amp#27;[32m INFO&amp#27;[m &amp#27;[35m[@503 - main]&amp#27;[m &amp#27;[36mcom.shaft.tools.io.ReportManager&amp#27;[m : File Action "DoesFileExist" successfully performed. With the following test data "File Path: "Schemas/ValidationError_schema.json"".
2023-01-22 15:43:29.317 &amp#27;[32m INFO&amp#27;[m &amp#27;[35m[@503 - main]&amp#27;[m &amp#27;[36mcom.shaft.tools.io.ReportManager&amp#27;[m : File Action "DoesFileExist" successfully performed. With the following test data "File Path: "src/test/resources/testDataFiles/Schemas/ValidationError_schema.json"".
2023-01-22 15:43:29.317 &amp#27;[32m INFO&amp#27;[m &amp#27;[35m[@503 - main]&amp#27;[m &amp#27;[36mcom.shaft.tools.io.ReportManager&amp#27;[m : File Action "GetAbsolutePath" successfully performed. With the following test data "Relative Folder Path: "src/test/resources/testDataFiles/Schemas/ValidationError_schema.json"".
2023-01-22 15:43:29.321 &amp#27;[32m INFO&amp#27;[m &amp#27;[35m[@503 - main]&amp#27;[m &amp#27;[36mcom.shaft.tools.io.ReportManager&amp#27;[m : File Action "DoesFileExist" successfully performed. With the following test data "File Path: "C:\eclipse-workspace\MyProjects\TASystemsAPIs\src\test\resources\testDataFiles\Schemas\ValidationError_schema.json"".
2023-01-22 15:43:29.321 &amp#27;[32m INFO&amp#27;[m &amp#27;[35m[@503 - main]&amp#27;[m &amp#27;[36mcom.shaft.tools.io.ReportManager&amp#27;[m : File Action "GetAbsolutePath" successfully performed. With the following test data "Relative Folder Path: "C:\eclipse-workspace\MyProjects\TASystemsAPIs\src\test\resources\testDataFiles\Schemas\ValidationError_schema.json"".
2023-01-22 15:43:29.321 &amp#27;[32m INFO&amp#27;[m &amp#27;[35m[@503 - main]&amp#27;[m &amp#27;[36mcom.shaft.tools.io.ReportManager&amp#27;[m : File Action "ReadFile" successfully performed. With the following test data "File Path: "C:\eclipse-workspace\MyProjects\TASystemsAPIs\src\test\resources\testDataFiles\Schemas\ValidationError_schema.json"".
2023-01-22 15:43:29.323 &amp#27;[32m INFO&amp#27;[m &amp#27;[35m[@503 - main]&amp#27;[m &amp#27;[36mcom.shaft.tools.io.ReportManager&amp#27;[m : Successfully created attachment "Validation Test Data - Expected JSON Value"
2023-01-22 15:43:29.324 &amp#27;[32m INFO&amp#27;[m &amp#27;[35m[@503 - main]&amp#27;[m &amp#27;[36mcom.shaft.tools.io.ReportManager&amp#27;[m : Successfully created attachment "Validation Test Data - Actual JSON Value"
2023-01-22 15:43:29.325 &amp#27;[32m INFO&amp#27;[m &amp#27;[35m[@503 - main]&amp#27;[m &amp#27;[36mcom.shaft.tools.io.ReportManager&amp#27;[m : Successfully created attachment "SHAFT Engine Logs - Current Method log: Add_Policy_With_Missing_Keys_TC"
]]></system-out>
  </testcase>
  <testcase name="Add_Policy_With_Missing_Keys_TC[[Ljava.lang.Object;@66549d73](31)" classname="SteeringCompanyAPI_TestCases.Test_Policies_Cases" time="1.334">
    <system-out><![CDATA[2023-01-22 15:43:29.329 &amp#27;[32m INFO&amp#27;[m &amp#27;[35m[@534 - main]&amp#27;[m &amp#27;[36mcom.shaft.tools.io.ReportManager&amp#27;[m : 
################################################################################################################################################
Starting Execution:	"103 out of 70" test cases in the current suite
Test Method:		"SteeringCompanyAPI_TestCases.Test_Policies_Cases.Add_Policy_With_Missing_Keys_TC"
Test Description:	"TC050 -Policy- Perform Add Policy with Missing Keys"
################################################################################################################################################
2023-01-22 15:43:29.330 &amp#27;[32m INFO&amp#27;[m &amp#27;[35m[@503 - main]&amp#27;[m &amp#27;[36mcom.shaft.tools.io.ReportManager&amp#27;[m : File Action "DoesFileExist" successfully performed. With the following test data "File Path: "SteeringCompanyAPI_TestData/SteeringCompanyAPI_TestData.xlsx"".
2023-01-22 15:43:29.381 &amp#27;[32m INFO&amp#27;[m &amp#27;[35m[@503 - main]&amp#27;[m &amp#27;[36mcom.shaft.tools.io.ReportManager&amp#27;[m : Successfully created attachment "Test Data - Excel"
2023-01-22 15:43:29.964 &amp#27;[32m INFO&amp#27;[m &amp#27;[35m[@503 - main]&amp#27;[m &amp#27;[36mcom.shaft.tools.io.ReportManager&amp#27;[m : Response status code: "200", status line: "HTTP/1.1 200 OK"
2023-01-22 15:43:29.984 &amp#27;[32m INFO&amp#27;[m &amp#27;[35m[@503 - main]&amp#27;[m &amp#27;[36mcom.shaft.tools.io.ReportManager&amp#27;[m : Successfully created attachment "API Request - Specifications"
2023-01-22 15:43:29.986 &amp#27;[32m INFO&amp#27;[m &amp#27;[35m[@503 - main]&amp#27;[m &amp#27;[36mcom.shaft.tools.io.ReportManager&amp#27;[m : Successfully created attachment "API Request - Body"
2023-01-22 15:43:29.987 &amp#27;[32m INFO&amp#27;[m &amp#27;[35m[@503 - main]&amp#27;[m &amp#27;[36mcom.shaft.tools.io.ReportManager&amp#27;[m : Successfully created attachment "API Response - JSON Body"
2023-01-22 15:43:30.003 &amp#27;[32m INFO&amp#27;[m &amp#27;[35m[@503 - main]&amp#27;[m &amp#27;[36mcom.shaft.tools.io.ReportManager&amp#27;[m : File Action "DoesFileExist" successfully performed. With the following test data "File Path: "SteeringCompanyAPI_TestData/SteeringCompanyAPI_TestData.xlsx"".
2023-01-22 15:43:30.047 &amp#27;[32m INFO&amp#27;[m &amp#27;[35m[@503 - main]&amp#27;[m &amp#27;[36mcom.shaft.tools.io.ReportManager&amp#27;[m : Successfully created attachment "Test Data - Excel"
2023-01-22 15:43:30.047 &amp#27;[32m INFO&amp#27;[m &amp#27;[35m[@503 - main]&amp#27;[m &amp#27;[36mcom.shaft.tools.io.ReportManager&amp#27;[m : File Action "DoesFileExist" successfully performed. With the following test data "File Path: "SteeringCompanyAPI_TestData/SteeringCompanyAPI_TestData.xlsx"".
2023-01-22 15:43:30.103 &amp#27;[32m INFO&amp#27;[m &amp#27;[35m[@503 - main]&amp#27;[m &amp#27;[36mcom.shaft.tools.io.ReportManager&amp#27;[m : Successfully created attachment "Test Data - Excel"
2023-01-22 15:43:30.103 &amp#27;[32m INFO&amp#27;[m &amp#27;[35m[@503 - main]&amp#27;[m &amp#27;[36mcom.shaft.tools.io.ReportManager&amp#27;[m : File Action "DoesFileExist" successfully performed. With the following test data "File Path: "SteeringCompanyAPI_TestData/SteeringCompanyAPI_TestData.xlsx"".
2023-01-22 15:43:30.153 &amp#27;[32m INFO&amp#27;[m &amp#27;[35m[@503 - main]&amp#27;[m &amp#27;[36mcom.shaft.tools.io.ReportManager&amp#27;[m : Successfully created attachment "Test Data - Excel"
2023-01-22 15:43:30.625 &amp#27;[32m INFO&amp#27;[m &amp#27;[35m[@503 - main]&amp#27;[m &amp#27;[36mcom.shaft.tools.io.ReportManager&amp#27;[m : Response status code: "422", status line: "HTTP/1.1 422 "
2023-01-22 15:43:30.640 &amp#27;[32m INFO&amp#27;[m &amp#27;[35m[@503 - main]&amp#27;[m &amp#27;[36mcom.shaft.tools.io.ReportManager&amp#27;[m : Successfully created attachment "API Request - Specifications"
2023-01-22 15:43:30.641 &amp#27;[32m INFO&amp#27;[m &amp#27;[35m[@503 - main]&amp#27;[m &amp#27;[36mcom.shaft.tools.io.ReportManager&amp#27;[m : Successfully created attachment "API Request - JSON Body"
2023-01-22 15:43:30.642 &amp#27;[32m INFO&amp#27;[m &amp#27;[35m[@503 - main]&amp#27;[m &amp#27;[36mcom.shaft.tools.io.ReportManager&amp#27;[m : Successfully created attachment "API Response - JSON Body"
2023-01-22 15:43:30.644 &amp#27;[32m INFO&amp#27;[m &amp#27;[35m[@503 - main]&amp#27;[m &amp#27;[36mcom.shaft.tools.io.ReportManager&amp#27;[m : File Action "DoesFileExist" successfully performed. With the following test data "File Path: "Schemas/ValidationError_schema.json"".
2023-01-22 15:43:30.644 &amp#27;[32m INFO&amp#27;[m &amp#27;[35m[@503 - main]&amp#27;[m &amp#27;[36mcom.shaft.tools.io.ReportManager&amp#27;[m : File Action "DoesFileExist" successfully performed. With the following test data "File Path: "src/test/resources/testDataFiles/Schemas/ValidationError_schema.json"".
2023-01-22 15:43:30.645 &amp#27;[32m INFO&amp#27;[m &amp#27;[35m[@503 - main]&amp#27;[m &amp#27;[36mcom.shaft.tools.io.ReportManager&amp#27;[m : File Action "GetAbsolutePath" successfully performed. With the following test data "Relative Folder Path: "src/test/resources/testDataFiles/Schemas/ValidationError_schema.json"".
2023-01-22 15:43:30.651 &amp#27;[32m INFO&amp#27;[m &amp#27;[35m[@503 - main]&amp#27;[m &amp#27;[36mcom.shaft.tools.io.ReportManager&amp#27;[m : File Action "DoesFileExist" successfully performed. With the following test data "File Path: "C:\eclipse-workspace\MyProjects\TASystemsAPIs\src\test\resources\testDataFiles\Schemas\ValidationError_schema.json"".
2023-01-22 15:43:30.652 &amp#27;[32m INFO&amp#27;[m &amp#27;[35m[@503 - main]&amp#27;[m &amp#27;[36mcom.shaft.tools.io.ReportManager&amp#27;[m : File Action "GetAbsolutePath" successfully performed. With the following test data "Relative Folder Path: "C:\eclipse-workspace\MyProjects\TASystemsAPIs\src\test\resources\testDataFiles\Schemas\ValidationError_schema.json"".
2023-01-22 15:43:30.652 &amp#27;[32m INFO&amp#27;[m &amp#27;[35m[@503 - main]&amp#27;[m &amp#27;[36mcom.shaft.tools.io.ReportManager&amp#27;[m : File Action "ReadFile" successfully performed. With the following test data "File Path: "C:\eclipse-workspace\MyProjects\TASystemsAPIs\src\test\resources\testDataFiles\Schemas\ValidationError_schema.json"".
2023-01-22 15:43:30.655 &amp#27;[32m INFO&amp#27;[m &amp#27;[35m[@503 - main]&amp#27;[m &amp#27;[36mcom.shaft.tools.io.ReportManager&amp#27;[m : Successfully created attachment "Validation Test Data - Expected JSON Value"
2023-01-22 15:43:30.656 &amp#27;[32m INFO&amp#27;[m &amp#27;[35m[@503 - main]&amp#27;[m &amp#27;[36mcom.shaft.tools.io.ReportManager&amp#27;[m : Successfully created attachment "Validation Test Data - Actual JSON Value"
2023-01-22 15:43:30.658 &amp#27;[32m INFO&amp#27;[m &amp#27;[35m[@503 - main]&amp#27;[m &amp#27;[36mcom.shaft.tools.io.ReportManager&amp#27;[m : Successfully created attachment "SHAFT Engine Logs - Current Method log: Add_Policy_With_Missing_Keys_TC"
]]></system-out>
  </testcase>
  <testcase name="Add_Policy_With_Missing_Keys_TC[[Ljava.lang.Object;@8f6d59](32)" classname="SteeringCompanyAPI_TestCases.Test_Policies_Cases" time="1.33">
    <system-out><![CDATA[2023-01-22 15:43:30.663 &amp#27;[32m INFO&amp#27;[m &amp#27;[35m[@534 - main]&amp#27;[m &amp#27;[36mcom.shaft.tools.io.ReportManager&amp#27;[m : 
################################################################################################################################################
Starting Execution:	"104 out of 70" test cases in the current suite
Test Method:		"SteeringCompanyAPI_TestCases.Test_Policies_Cases.Add_Policy_With_Missing_Keys_TC"
Test Description:	"TC050 -Policy- Perform Add Policy with Missing Keys"
################################################################################################################################################
2023-01-22 15:43:30.664 &amp#27;[32m INFO&amp#27;[m &amp#27;[35m[@503 - main]&amp#27;[m &amp#27;[36mcom.shaft.tools.io.ReportManager&amp#27;[m : File Action "DoesFileExist" successfully performed. With the following test data "File Path: "SteeringCompanyAPI_TestData/SteeringCompanyAPI_TestData.xlsx"".
2023-01-22 15:43:30.701 &amp#27;[32m INFO&amp#27;[m &amp#27;[35m[@503 - main]&amp#27;[m &amp#27;[36mcom.shaft.tools.io.ReportManager&amp#27;[m : Successfully created attachment "Test Data - Excel"
2023-01-22 15:43:31.296 &amp#27;[32m INFO&amp#27;[m &amp#27;[35m[@503 - main]&amp#27;[m &amp#27;[36mcom.shaft.tools.io.ReportManager&amp#27;[m : Response status code: "200", status line: "HTTP/1.1 200 OK"
2023-01-22 15:43:31.312 &amp#27;[32m INFO&amp#27;[m &amp#27;[35m[@503 - main]&amp#27;[m &amp#27;[36mcom.shaft.tools.io.ReportManager&amp#27;[m : Successfully created attachment "API Request - Specifications"
2023-01-22 15:43:31.315 &amp#27;[32m INFO&amp#27;[m &amp#27;[35m[@503 - main]&amp#27;[m &amp#27;[36mcom.shaft.tools.io.ReportManager&amp#27;[m : Successfully created attachment "API Request - Body"
2023-01-22 15:43:31.317 &amp#27;[32m INFO&amp#27;[m &amp#27;[35m[@503 - main]&amp#27;[m &amp#27;[36mcom.shaft.tools.io.ReportManager&amp#27;[m : Successfully created attachment "API Response - JSON Body"
2023-01-22 15:43:31.329 &amp#27;[32m INFO&amp#27;[m &amp#27;[35m[@503 - main]&amp#27;[m &amp#27;[36mcom.shaft.tools.io.ReportManager&amp#27;[m : File Action "DoesFileExist" successfully performed. With the following test data "File Path: "SteeringCompanyAPI_TestData/SteeringCompanyAPI_TestData.xlsx"".
2023-01-22 15:43:31.369 &amp#27;[32m INFO&amp#27;[m &amp#27;[35m[@503 - main]&amp#27;[m &amp#27;[36mcom.shaft.tools.io.ReportManager&amp#27;[m : Successfully created attachment "Test Data - Excel"
2023-01-22 15:43:31.369 &amp#27;[32m INFO&amp#27;[m &amp#27;[35m[@503 - main]&amp#27;[m &amp#27;[36mcom.shaft.tools.io.ReportManager&amp#27;[m : File Action "DoesFileExist" successfully performed. With the following test data "File Path: "SteeringCompanyAPI_TestData/SteeringCompanyAPI_TestData.xlsx"".
2023-01-22 15:43:31.430 &amp#27;[32m INFO&amp#27;[m &amp#27;[35m[@503 - main]&amp#27;[m &amp#27;[36mcom.shaft.tools.io.ReportManager&amp#27;[m : Successfully created attachment "Test Data - Excel"
2023-01-22 15:43:31.430 &amp#27;[32m INFO&amp#27;[m &amp#27;[35m[@503 - main]&amp#27;[m &amp#27;[36mcom.shaft.tools.io.ReportManager&amp#27;[m : File Action "DoesFileExist" successfully performed. With the following test data "File Path: "SteeringCompanyAPI_TestData/SteeringCompanyAPI_TestData.xlsx"".
2023-01-22 15:43:31.477 &amp#27;[32m INFO&amp#27;[m &amp#27;[35m[@503 - main]&amp#27;[m &amp#27;[36mcom.shaft.tools.io.ReportManager&amp#27;[m : Successfully created attachment "Test Data - Excel"
2023-01-22 15:43:31.941 &amp#27;[32m INFO&amp#27;[m &amp#27;[35m[@503 - main]&amp#27;[m &amp#27;[36mcom.shaft.tools.io.ReportManager&amp#27;[m : Response status code: "422", status line: "HTTP/1.1 422 "
2023-01-22 15:43:31.966 &amp#27;[32m INFO&amp#27;[m &amp#27;[35m[@503 - main]&amp#27;[m &amp#27;[36mcom.shaft.tools.io.ReportManager&amp#27;[m : Successfully created attachment "API Request - Specifications"
2023-01-22 15:43:31.969 &amp#27;[32m INFO&amp#27;[m &amp#27;[35m[@503 - main]&amp#27;[m &amp#27;[36mcom.shaft.tools.io.ReportManager&amp#27;[m : Successfully created attachment "API Request - JSON Body"
2023-01-22 15:43:31.972 &amp#27;[32m INFO&amp#27;[m &amp#27;[35m[@503 - main]&amp#27;[m &amp#27;[36mcom.shaft.tools.io.ReportManager&amp#27;[m : Successfully created attachment "API Response - JSON Body"
2023-01-22 15:43:31.974 &amp#27;[32m INFO&amp#27;[m &amp#27;[35m[@503 - main]&amp#27;[m &amp#27;[36mcom.shaft.tools.io.ReportManager&amp#27;[m : File Action "DoesFileExist" successfully performed. With the following test data "File Path: "Schemas/ValidationError_schema.json"".
2023-01-22 15:43:31.976 &amp#27;[32m INFO&amp#27;[m &amp#27;[35m[@503 - main]&amp#27;[m &amp#27;[36mcom.shaft.tools.io.ReportManager&amp#27;[m : File Action "DoesFileExist" successfully performed. With the following test data "File Path: "src/test/resources/testDataFiles/Schemas/ValidationError_schema.json"".
2023-01-22 15:43:31.976 &amp#27;[32m INFO&amp#27;[m &amp#27;[35m[@503 - main]&amp#27;[m &amp#27;[36mcom.shaft.tools.io.ReportManager&amp#27;[m : File Action "GetAbsolutePath" successfully performed. With the following test data "Relative Folder Path: "src/test/resources/testDataFiles/Schemas/ValidationError_schema.json"".
2023-01-22 15:43:31.981 &amp#27;[32m INFO&amp#27;[m &amp#27;[35m[@503 - main]&amp#27;[m &amp#27;[36mcom.shaft.tools.io.ReportManager&amp#27;[m : File Action "DoesFileExist" successfully performed. With the following test data "File Path: "C:\eclipse-workspace\MyProjects\TASystemsAPIs\src\test\resources\testDataFiles\Schemas\ValidationError_schema.json"".
2023-01-22 15:43:31.983 &amp#27;[32m INFO&amp#27;[m &amp#27;[35m[@503 - main]&amp#27;[m &amp#27;[36mcom.shaft.tools.io.ReportManager&amp#27;[m : File Action "GetAbsolutePath" successfully performed. With the following test data "Relative Folder Path: "C:\eclipse-workspace\MyProjects\TASystemsAPIs\src\test\resources\testDataFiles\Schemas\ValidationError_schema.json"".
2023-01-22 15:43:31.983 &amp#27;[32m INFO&amp#27;[m &amp#27;[35m[@503 - main]&amp#27;[m &amp#27;[36mcom.shaft.tools.io.ReportManager&amp#27;[m : File Action "ReadFile" successfully performed. With the following test data "File Path: "C:\eclipse-workspace\MyProjects\TASystemsAPIs\src\test\resources\testDataFiles\Schemas\ValidationError_schema.json"".
2023-01-22 15:43:31.985 &amp#27;[32m INFO&amp#27;[m &amp#27;[35m[@503 - main]&amp#27;[m &amp#27;[36mcom.shaft.tools.io.ReportManager&amp#27;[m : Successfully created attachment "Validation Test Data - Expected JSON Value"
2023-01-22 15:43:31.987 &amp#27;[32m INFO&amp#27;[m &amp#27;[35m[@503 - main]&amp#27;[m &amp#27;[36mcom.shaft.tools.io.ReportManager&amp#27;[m : Successfully created attachment "Validation Test Data - Actual JSON Value"
2023-01-22 15:43:31.988 &amp#27;[32m INFO&amp#27;[m &amp#27;[35m[@503 - main]&amp#27;[m &amp#27;[36mcom.shaft.tools.io.ReportManager&amp#27;[m : Successfully created attachment "SHAFT Engine Logs - Current Method log: Add_Policy_With_Missing_Keys_TC"
]]></system-out>
  </testcase>
  <testcase name="Add_Policy_With_Missing_Keys_TC[[Ljava.lang.Object;@1a38040](33)" classname="SteeringCompanyAPI_TestCases.Test_Policies_Cases" time="1.341">
    <system-out><![CDATA[2023-01-22 15:43:31.993 &amp#27;[32m INFO&amp#27;[m &amp#27;[35m[@534 - main]&amp#27;[m &amp#27;[36mcom.shaft.tools.io.ReportManager&amp#27;[m : 
################################################################################################################################################
Starting Execution:	"105 out of 70" test cases in the current suite
Test Method:		"SteeringCompanyAPI_TestCases.Test_Policies_Cases.Add_Policy_With_Missing_Keys_TC"
Test Description:	"TC050 -Policy- Perform Add Policy with Missing Keys"
################################################################################################################################################
2023-01-22 15:43:31.995 &amp#27;[32m INFO&amp#27;[m &amp#27;[35m[@503 - main]&amp#27;[m &amp#27;[36mcom.shaft.tools.io.ReportManager&amp#27;[m : File Action "DoesFileExist" successfully performed. With the following test data "File Path: "SteeringCompanyAPI_TestData/SteeringCompanyAPI_TestData.xlsx"".
2023-01-22 15:43:32.067 &amp#27;[32m INFO&amp#27;[m &amp#27;[35m[@503 - main]&amp#27;[m &amp#27;[36mcom.shaft.tools.io.ReportManager&amp#27;[m : Successfully created attachment "Test Data - Excel"
2023-01-22 15:43:32.656 &amp#27;[32m INFO&amp#27;[m &amp#27;[35m[@503 - main]&amp#27;[m &amp#27;[36mcom.shaft.tools.io.ReportManager&amp#27;[m : Response status code: "200", status line: "HTTP/1.1 200 OK"
2023-01-22 15:43:32.674 &amp#27;[32m INFO&amp#27;[m &amp#27;[35m[@503 - main]&amp#27;[m &amp#27;[36mcom.shaft.tools.io.ReportManager&amp#27;[m : Successfully created attachment "API Request - Specifications"
2023-01-22 15:43:32.675 &amp#27;[32m INFO&amp#27;[m &amp#27;[35m[@503 - main]&amp#27;[m &amp#27;[36mcom.shaft.tools.io.ReportManager&amp#27;[m : Successfully created attachment "API Request - Body"
2023-01-22 15:43:32.679 &amp#27;[32m INFO&amp#27;[m &amp#27;[35m[@503 - main]&amp#27;[m &amp#27;[36mcom.shaft.tools.io.ReportManager&amp#27;[m : Successfully created attachment "API Response - JSON Body"
2023-01-22 15:43:32.696 &amp#27;[32m INFO&amp#27;[m &amp#27;[35m[@503 - main]&amp#27;[m &amp#27;[36mcom.shaft.tools.io.ReportManager&amp#27;[m : File Action "DoesFileExist" successfully performed. With the following test data "File Path: "SteeringCompanyAPI_TestData/SteeringCompanyAPI_TestData.xlsx"".
2023-01-22 15:43:32.741 &amp#27;[32m INFO&amp#27;[m &amp#27;[35m[@503 - main]&amp#27;[m &amp#27;[36mcom.shaft.tools.io.ReportManager&amp#27;[m : Successfully created attachment "Test Data - Excel"
2023-01-22 15:43:32.741 &amp#27;[32m INFO&amp#27;[m &amp#27;[35m[@503 - main]&amp#27;[m &amp#27;[36mcom.shaft.tools.io.ReportManager&amp#27;[m : File Action "DoesFileExist" successfully performed. With the following test data "File Path: "SteeringCompanyAPI_TestData/SteeringCompanyAPI_TestData.xlsx"".
2023-01-22 15:43:32.786 &amp#27;[32m INFO&amp#27;[m &amp#27;[35m[@503 - main]&amp#27;[m &amp#27;[36mcom.shaft.tools.io.ReportManager&amp#27;[m : Successfully created attachment "Test Data - Excel"
2023-01-22 15:43:32.787 &amp#27;[32m INFO&amp#27;[m &amp#27;[35m[@503 - main]&amp#27;[m &amp#27;[36mcom.shaft.tools.io.ReportManager&amp#27;[m : File Action "DoesFileExist" successfully performed. With the following test data "File Path: "SteeringCompanyAPI_TestData/SteeringCompanyAPI_TestData.xlsx"".
2023-01-22 15:43:32.821 &amp#27;[32m INFO&amp#27;[m &amp#27;[35m[@503 - main]&amp#27;[m &amp#27;[36mcom.shaft.tools.io.ReportManager&amp#27;[m : Successfully created attachment "Test Data - Excel"
2023-01-22 15:43:33.298 &amp#27;[32m INFO&amp#27;[m &amp#27;[35m[@503 - main]&amp#27;[m &amp#27;[36mcom.shaft.tools.io.ReportManager&amp#27;[m : Response status code: "422", status line: "HTTP/1.1 422 "
2023-01-22 15:43:33.311 &amp#27;[32m INFO&amp#27;[m &amp#27;[35m[@503 - main]&amp#27;[m &amp#27;[36mcom.shaft.tools.io.ReportManager&amp#27;[m : Successfully created attachment "API Request - Specifications"
2023-01-22 15:43:33.312 &amp#27;[32m INFO&amp#27;[m &amp#27;[35m[@503 - main]&amp#27;[m &amp#27;[36mcom.shaft.tools.io.ReportManager&amp#27;[m : Successfully created attachment "API Request - JSON Body"
2023-01-22 15:43:33.313 &amp#27;[32m INFO&amp#27;[m &amp#27;[35m[@503 - main]&amp#27;[m &amp#27;[36mcom.shaft.tools.io.ReportManager&amp#27;[m : Successfully created attachment "API Response - JSON Body"
2023-01-22 15:43:33.315 &amp#27;[32m INFO&amp#27;[m &amp#27;[35m[@503 - main]&amp#27;[m &amp#27;[36mcom.shaft.tools.io.ReportManager&amp#27;[m : File Action "DoesFileExist" successfully performed. With the following test data "File Path: "Schemas/ValidationError_schema.json"".
2023-01-22 15:43:33.316 &amp#27;[32m INFO&amp#27;[m &amp#27;[35m[@503 - main]&amp#27;[m &amp#27;[36mcom.shaft.tools.io.ReportManager&amp#27;[m : File Action "DoesFileExist" successfully performed. With the following test data "File Path: "src/test/resources/testDataFiles/Schemas/ValidationError_schema.json"".
2023-01-22 15:43:33.316 &amp#27;[32m INFO&amp#27;[m &amp#27;[35m[@503 - main]&amp#27;[m &amp#27;[36mcom.shaft.tools.io.ReportManager&amp#27;[m : File Action "GetAbsolutePath" successfully performed. With the following test data "Relative Folder Path: "src/test/resources/testDataFiles/Schemas/ValidationError_schema.json"".
2023-01-22 15:43:33.319 &amp#27;[32m INFO&amp#27;[m &amp#27;[35m[@503 - main]&amp#27;[m &amp#27;[36mcom.shaft.tools.io.ReportManager&amp#27;[m : File Action "DoesFileExist" successfully performed. With the following test data "File Path: "C:\eclipse-workspace\MyProjects\TASystemsAPIs\src\test\resources\testDataFiles\Schemas\ValidationError_schema.json"".
2023-01-22 15:43:33.319 &amp#27;[32m INFO&amp#27;[m &amp#27;[35m[@503 - main]&amp#27;[m &amp#27;[36mcom.shaft.tools.io.ReportManager&amp#27;[m : File Action "GetAbsolutePath" successfully performed. With the following test data "Relative Folder Path: "C:\eclipse-workspace\MyProjects\TASystemsAPIs\src\test\resources\testDataFiles\Schemas\ValidationError_schema.json"".
2023-01-22 15:43:33.319 &amp#27;[32m INFO&amp#27;[m &amp#27;[35m[@503 - main]&amp#27;[m &amp#27;[36mcom.shaft.tools.io.ReportManager&amp#27;[m : File Action "ReadFile" successfully performed. With the following test data "File Path: "C:\eclipse-workspace\MyProjects\TASystemsAPIs\src\test\resources\testDataFiles\Schemas\ValidationError_schema.json"".
2023-01-22 15:43:33.323 &amp#27;[32m INFO&amp#27;[m &amp#27;[35m[@503 - main]&amp#27;[m &amp#27;[36mcom.shaft.tools.io.ReportManager&amp#27;[m : Successfully created attachment "Validation Test Data - Expected JSON Value"
2023-01-22 15:43:33.327 &amp#27;[32m INFO&amp#27;[m &amp#27;[35m[@503 - main]&amp#27;[m &amp#27;[36mcom.shaft.tools.io.ReportManager&amp#27;[m : Successfully created attachment "Validation Test Data - Actual JSON Value"
2023-01-22 15:43:33.329 &amp#27;[32m INFO&amp#27;[m &amp#27;[35m[@503 - main]&amp#27;[m &amp#27;[36mcom.shaft.tools.io.ReportManager&amp#27;[m : Successfully created attachment "SHAFT Engine Logs - Current Method log: Add_Policy_With_Missing_Keys_TC"
]]></system-out>
  </testcase>
  <testcase name="Add_Policy_With_NotAccepted_data_TC[[Ljava.lang.Object;@36e62c40](1)" classname="SteeringCompanyAPI_TestCases.Test_Policies_Cases" time="1.374">
    <system-out><![CDATA[2023-01-22 15:43:33.341 &amp#27;[32m INFO&amp#27;[m &amp#27;[35m[@534 - main]&amp#27;[m &amp#27;[36mcom.shaft.tools.io.ReportManager&amp#27;[m : 
################################################################################################################################################
Starting Execution:	"106 out of 70" test cases in the current suite
Test Method:		"SteeringCompanyAPI_TestCases.Test_Policies_Cases.Add_Policy_With_NotAccepted_data_TC"
Test Description:	"TC054 -Policy- Perform Add Policy with NotAccepted data"
################################################################################################################################################
2023-01-22 15:43:33.342 &amp#27;[32m INFO&amp#27;[m &amp#27;[35m[@503 - main]&amp#27;[m &amp#27;[36mcom.shaft.tools.io.ReportManager&amp#27;[m : File Action "DoesFileExist" successfully performed. With the following test data "File Path: "SteeringCompanyAPI_TestData/SteeringCompanyAPI_TestData.xlsx"".
2023-01-22 15:43:33.387 &amp#27;[32m INFO&amp#27;[m &amp#27;[35m[@503 - main]&amp#27;[m &amp#27;[36mcom.shaft.tools.io.ReportManager&amp#27;[m : Successfully created attachment "Test Data - Excel"
2023-01-22 15:43:33.984 &amp#27;[32m INFO&amp#27;[m &amp#27;[35m[@503 - main]&amp#27;[m &amp#27;[36mcom.shaft.tools.io.ReportManager&amp#27;[m : Response status code: "200", status line: "HTTP/1.1 200 OK"
2023-01-22 15:43:34.003 &amp#27;[32m INFO&amp#27;[m &amp#27;[35m[@503 - main]&amp#27;[m &amp#27;[36mcom.shaft.tools.io.ReportManager&amp#27;[m : Successfully created attachment "API Request - Specifications"
2023-01-22 15:43:34.004 &amp#27;[32m INFO&amp#27;[m &amp#27;[35m[@503 - main]&amp#27;[m &amp#27;[36mcom.shaft.tools.io.ReportManager&amp#27;[m : Successfully created attachment "API Request - Body"
2023-01-22 15:43:34.006 &amp#27;[32m INFO&amp#27;[m &amp#27;[35m[@503 - main]&amp#27;[m &amp#27;[36mcom.shaft.tools.io.ReportManager&amp#27;[m : Successfully created attachment "API Response - JSON Body"
2023-01-22 15:43:34.018 &amp#27;[32m INFO&amp#27;[m &amp#27;[35m[@503 - main]&amp#27;[m &amp#27;[36mcom.shaft.tools.io.ReportManager&amp#27;[m : File Action "DoesFileExist" successfully performed. With the following test data "File Path: "SteeringCompanyAPI_TestData/SteeringCompanyAPI_TestData.xlsx"".
2023-01-22 15:43:34.060 &amp#27;[32m INFO&amp#27;[m &amp#27;[35m[@503 - main]&amp#27;[m &amp#27;[36mcom.shaft.tools.io.ReportManager&amp#27;[m : Successfully created attachment "Test Data - Excel"
2023-01-22 15:43:34.060 &amp#27;[32m INFO&amp#27;[m &amp#27;[35m[@503 - main]&amp#27;[m &amp#27;[36mcom.shaft.tools.io.ReportManager&amp#27;[m : File Action "DoesFileExist" successfully performed. With the following test data "File Path: "SteeringCompanyAPI_TestData/SteeringCompanyAPI_TestData.xlsx"".
2023-01-22 15:43:34.107 &amp#27;[32m INFO&amp#27;[m &amp#27;[35m[@503 - main]&amp#27;[m &amp#27;[36mcom.shaft.tools.io.ReportManager&amp#27;[m : Successfully created attachment "Test Data - Excel"
2023-01-22 15:43:34.109 &amp#27;[32m INFO&amp#27;[m &amp#27;[35m[@503 - main]&amp#27;[m &amp#27;[36mcom.shaft.tools.io.ReportManager&amp#27;[m : File Action "DoesFileExist" successfully performed. With the following test data "File Path: "SteeringCompanyAPI_TestData/SteeringCompanyAPI_TestData.xlsx"".
2023-01-22 15:43:34.163 &amp#27;[32m INFO&amp#27;[m &amp#27;[35m[@503 - main]&amp#27;[m &amp#27;[36mcom.shaft.tools.io.ReportManager&amp#27;[m : Successfully created attachment "Test Data - Excel"
2023-01-22 15:43:34.678 &amp#27;[32m INFO&amp#27;[m &amp#27;[35m[@503 - main]&amp#27;[m &amp#27;[36mcom.shaft.tools.io.ReportManager&amp#27;[m : Response status code: "406", status line: "HTTP/1.1 406 "
2023-01-22 15:43:34.694 &amp#27;[32m INFO&amp#27;[m &amp#27;[35m[@503 - main]&amp#27;[m &amp#27;[36mcom.shaft.tools.io.ReportManager&amp#27;[m : Successfully created attachment "API Request - Specifications"
2023-01-22 15:43:34.696 &amp#27;[32m INFO&amp#27;[m &amp#27;[35m[@503 - main]&amp#27;[m &amp#27;[36mcom.shaft.tools.io.ReportManager&amp#27;[m : Successfully created attachment "API Request - JSON Body"
2023-01-22 15:43:34.698 &amp#27;[32m INFO&amp#27;[m &amp#27;[35m[@503 - main]&amp#27;[m &amp#27;[36mcom.shaft.tools.io.ReportManager&amp#27;[m : Successfully created attachment "API Response - JSON Body"
2023-01-22 15:43:34.700 &amp#27;[32m INFO&amp#27;[m &amp#27;[35m[@503 - main]&amp#27;[m &amp#27;[36mcom.shaft.tools.io.ReportManager&amp#27;[m : File Action "DoesFileExist" successfully performed. With the following test data "File Path: "Schemas/NotAcceptable_Response_schema.json"".
2023-01-22 15:43:34.700 &amp#27;[32m INFO&amp#27;[m &amp#27;[35m[@503 - main]&amp#27;[m &amp#27;[36mcom.shaft.tools.io.ReportManager&amp#27;[m : File Action "DoesFileExist" successfully performed. With the following test data "File Path: "src/test/resources/testDataFiles/Schemas/NotAcceptable_Response_schema.json"".
2023-01-22 15:43:34.701 &amp#27;[32m INFO&amp#27;[m &amp#27;[35m[@503 - main]&amp#27;[m &amp#27;[36mcom.shaft.tools.io.ReportManager&amp#27;[m : File Action "GetAbsolutePath" successfully performed. With the following test data "Relative Folder Path: "src/test/resources/testDataFiles/Schemas/NotAcceptable_Response_schema.json"".
2023-01-22 15:43:34.703 &amp#27;[32m INFO&amp#27;[m &amp#27;[35m[@503 - main]&amp#27;[m &amp#27;[36mcom.shaft.tools.io.ReportManager&amp#27;[m : File Action "DoesFileExist" successfully performed. With the following test data "File Path: "C:\eclipse-workspace\MyProjects\TASystemsAPIs\src\test\resources\testDataFiles\Schemas\NotAcceptable_Response_schema.json"".
2023-01-22 15:43:34.704 &amp#27;[32m INFO&amp#27;[m &amp#27;[35m[@503 - main]&amp#27;[m &amp#27;[36mcom.shaft.tools.io.ReportManager&amp#27;[m : File Action "GetAbsolutePath" successfully performed. With the following test data "Relative Folder Path: "C:\eclipse-workspace\MyProjects\TASystemsAPIs\src\test\resources\testDataFiles\Schemas\NotAcceptable_Response_schema.json"".
2023-01-22 15:43:34.704 &amp#27;[32m INFO&amp#27;[m &amp#27;[35m[@503 - main]&amp#27;[m &amp#27;[36mcom.shaft.tools.io.ReportManager&amp#27;[m : File Action "ReadFile" successfully performed. With the following test data "File Path: "C:\eclipse-workspace\MyProjects\TASystemsAPIs\src\test\resources\testDataFiles\Schemas\NotAcceptable_Response_schema.json"".
2023-01-22 15:43:34.706 &amp#27;[32m INFO&amp#27;[m &amp#27;[35m[@503 - main]&amp#27;[m &amp#27;[36mcom.shaft.tools.io.ReportManager&amp#27;[m : Successfully created attachment "Validation Test Data - Expected JSON Value"
2023-01-22 15:43:34.709 &amp#27;[32m INFO&amp#27;[m &amp#27;[35m[@503 - main]&amp#27;[m &amp#27;[36mcom.shaft.tools.io.ReportManager&amp#27;[m : Successfully created attachment "Validation Test Data - Actual JSON Value"
2023-01-22 15:43:34.711 &amp#27;[32m INFO&amp#27;[m &amp#27;[35m[@503 - main]&amp#27;[m &amp#27;[36mcom.shaft.tools.io.ReportManager&amp#27;[m : Successfully created attachment "SHAFT Engine Logs - Current Method log: Add_Policy_With_NotAccepted_data_TC"
]]></system-out>
  </testcase>
  <testcase name="Add_Policy_With_NotAccepted_data_TC[[Ljava.lang.Object;@2697db23](2)" classname="SteeringCompanyAPI_TestCases.Test_Policies_Cases" time="1.388">
    <system-out><![CDATA[2023-01-22 15:43:34.716 &amp#27;[32m INFO&amp#27;[m &amp#27;[35m[@534 - main]&amp#27;[m &amp#27;[36mcom.shaft.tools.io.ReportManager&amp#27;[m : 
################################################################################################################################################
Starting Execution:	"107 out of 70" test cases in the current suite
Test Method:		"SteeringCompanyAPI_TestCases.Test_Policies_Cases.Add_Policy_With_NotAccepted_data_TC"
Test Description:	"TC054 -Policy- Perform Add Policy with NotAccepted data"
################################################################################################################################################
2023-01-22 15:43:34.716 &amp#27;[32m INFO&amp#27;[m &amp#27;[35m[@503 - main]&amp#27;[m &amp#27;[36mcom.shaft.tools.io.ReportManager&amp#27;[m : File Action "DoesFileExist" successfully performed. With the following test data "File Path: "SteeringCompanyAPI_TestData/SteeringCompanyAPI_TestData.xlsx"".
2023-01-22 15:43:34.765 &amp#27;[32m INFO&amp#27;[m &amp#27;[35m[@503 - main]&amp#27;[m &amp#27;[36mcom.shaft.tools.io.ReportManager&amp#27;[m : Successfully created attachment "Test Data - Excel"
2023-01-22 15:43:35.377 &amp#27;[32m INFO&amp#27;[m &amp#27;[35m[@503 - main]&amp#27;[m &amp#27;[36mcom.shaft.tools.io.ReportManager&amp#27;[m : Response status code: "200", status line: "HTTP/1.1 200 OK"
2023-01-22 15:43:35.398 &amp#27;[32m INFO&amp#27;[m &amp#27;[35m[@503 - main]&amp#27;[m &amp#27;[36mcom.shaft.tools.io.ReportManager&amp#27;[m : Successfully created attachment "API Request - Specifications"
2023-01-22 15:43:35.399 &amp#27;[32m INFO&amp#27;[m &amp#27;[35m[@503 - main]&amp#27;[m &amp#27;[36mcom.shaft.tools.io.ReportManager&amp#27;[m : Successfully created attachment "API Request - Body"
2023-01-22 15:43:35.399 &amp#27;[32m INFO&amp#27;[m &amp#27;[35m[@503 - main]&amp#27;[m &amp#27;[36mcom.shaft.tools.io.ReportManager&amp#27;[m : Successfully created attachment "API Response - JSON Body"
2023-01-22 15:43:35.415 &amp#27;[32m INFO&amp#27;[m &amp#27;[35m[@503 - main]&amp#27;[m &amp#27;[36mcom.shaft.tools.io.ReportManager&amp#27;[m : File Action "DoesFileExist" successfully performed. With the following test data "File Path: "SteeringCompanyAPI_TestData/SteeringCompanyAPI_TestData.xlsx"".
2023-01-22 15:43:35.464 &amp#27;[32m INFO&amp#27;[m &amp#27;[35m[@503 - main]&amp#27;[m &amp#27;[36mcom.shaft.tools.io.ReportManager&amp#27;[m : Successfully created attachment "Test Data - Excel"
2023-01-22 15:43:35.464 &amp#27;[32m INFO&amp#27;[m &amp#27;[35m[@503 - main]&amp#27;[m &amp#27;[36mcom.shaft.tools.io.ReportManager&amp#27;[m : File Action "DoesFileExist" successfully performed. With the following test data "File Path: "SteeringCompanyAPI_TestData/SteeringCompanyAPI_TestData.xlsx"".
2023-01-22 15:43:35.513 &amp#27;[32m INFO&amp#27;[m &amp#27;[35m[@503 - main]&amp#27;[m &amp#27;[36mcom.shaft.tools.io.ReportManager&amp#27;[m : Successfully created attachment "Test Data - Excel"
2023-01-22 15:43:35.514 &amp#27;[32m INFO&amp#27;[m &amp#27;[35m[@503 - main]&amp#27;[m &amp#27;[36mcom.shaft.tools.io.ReportManager&amp#27;[m : File Action "DoesFileExist" successfully performed. With the following test data "File Path: "SteeringCompanyAPI_TestData/SteeringCompanyAPI_TestData.xlsx"".
2023-01-22 15:43:35.575 &amp#27;[32m INFO&amp#27;[m &amp#27;[35m[@503 - main]&amp#27;[m &amp#27;[36mcom.shaft.tools.io.ReportManager&amp#27;[m : Successfully created attachment "Test Data - Excel"
2023-01-22 15:43:36.045 &amp#27;[32m INFO&amp#27;[m &amp#27;[35m[@503 - main]&amp#27;[m &amp#27;[36mcom.shaft.tools.io.ReportManager&amp#27;[m : Response status code: "406", status line: "HTTP/1.1 406 "
2023-01-22 15:43:36.077 &amp#27;[32m INFO&amp#27;[m &amp#27;[35m[@503 - main]&amp#27;[m &amp#27;[36mcom.shaft.tools.io.ReportManager&amp#27;[m : Successfully created attachment "API Request - Specifications"
2023-01-22 15:43:36.079 &amp#27;[32m INFO&amp#27;[m &amp#27;[35m[@503 - main]&amp#27;[m &amp#27;[36mcom.shaft.tools.io.ReportManager&amp#27;[m : Successfully created attachment "API Request - JSON Body"
2023-01-22 15:43:36.080 &amp#27;[32m INFO&amp#27;[m &amp#27;[35m[@503 - main]&amp#27;[m &amp#27;[36mcom.shaft.tools.io.ReportManager&amp#27;[m : Successfully created attachment "API Response - JSON Body"
2023-01-22 15:43:36.082 &amp#27;[32m INFO&amp#27;[m &amp#27;[35m[@503 - main]&amp#27;[m &amp#27;[36mcom.shaft.tools.io.ReportManager&amp#27;[m : File Action "DoesFileExist" successfully performed. With the following test data "File Path: "Schemas/NotAcceptable_Response_schema.json"".
2023-01-22 15:43:36.083 &amp#27;[32m INFO&amp#27;[m &amp#27;[35m[@503 - main]&amp#27;[m &amp#27;[36mcom.shaft.tools.io.ReportManager&amp#27;[m : File Action "DoesFileExist" successfully performed. With the following test data "File Path: "src/test/resources/testDataFiles/Schemas/NotAcceptable_Response_schema.json"".
2023-01-22 15:43:36.084 &amp#27;[32m INFO&amp#27;[m &amp#27;[35m[@503 - main]&amp#27;[m &amp#27;[36mcom.shaft.tools.io.ReportManager&amp#27;[m : File Action "GetAbsolutePath" successfully performed. With the following test data "Relative Folder Path: "src/test/resources/testDataFiles/Schemas/NotAcceptable_Response_schema.json"".
2023-01-22 15:43:36.090 &amp#27;[32m INFO&amp#27;[m &amp#27;[35m[@503 - main]&amp#27;[m &amp#27;[36mcom.shaft.tools.io.ReportManager&amp#27;[m : File Action "DoesFileExist" successfully performed. With the following test data "File Path: "C:\eclipse-workspace\MyProjects\TASystemsAPIs\src\test\resources\testDataFiles\Schemas\NotAcceptable_Response_schema.json"".
2023-01-22 15:43:36.090 &amp#27;[32m INFO&amp#27;[m &amp#27;[35m[@503 - main]&amp#27;[m &amp#27;[36mcom.shaft.tools.io.ReportManager&amp#27;[m : File Action "GetAbsolutePath" successfully performed. With the following test data "Relative Folder Path: "C:\eclipse-workspace\MyProjects\TASystemsAPIs\src\test\resources\testDataFiles\Schemas\NotAcceptable_Response_schema.json"".
2023-01-22 15:43:36.091 &amp#27;[32m INFO&amp#27;[m &amp#27;[35m[@503 - main]&amp#27;[m &amp#27;[36mcom.shaft.tools.io.ReportManager&amp#27;[m : File Action "ReadFile" successfully performed. With the following test data "File Path: "C:\eclipse-workspace\MyProjects\TASystemsAPIs\src\test\resources\testDataFiles\Schemas\NotAcceptable_Response_schema.json"".
2023-01-22 15:43:36.094 &amp#27;[32m INFO&amp#27;[m &amp#27;[35m[@503 - main]&amp#27;[m &amp#27;[36mcom.shaft.tools.io.ReportManager&amp#27;[m : Successfully created attachment "Validation Test Data - Expected JSON Value"
2023-01-22 15:43:36.096 &amp#27;[32m INFO&amp#27;[m &amp#27;[35m[@503 - main]&amp#27;[m &amp#27;[36mcom.shaft.tools.io.ReportManager&amp#27;[m : Successfully created attachment "Validation Test Data - Actual JSON Value"
2023-01-22 15:43:36.098 &amp#27;[32m INFO&amp#27;[m &amp#27;[35m[@503 - main]&amp#27;[m &amp#27;[36mcom.shaft.tools.io.ReportManager&amp#27;[m : Successfully created attachment "SHAFT Engine Logs - Current Method log: Add_Policy_With_NotAccepted_data_TC"
]]></system-out>
  </testcase>
  <testcase name="Add_Policy_With_NotAccepted_data_TC[[Ljava.lang.Object;@5751fab1](3)" classname="SteeringCompanyAPI_TestCases.Test_Policies_Cases" time="1.563">
    <system-out><![CDATA[2023-01-22 15:43:36.104 &amp#27;[32m INFO&amp#27;[m &amp#27;[35m[@534 - main]&amp#27;[m &amp#27;[36mcom.shaft.tools.io.ReportManager&amp#27;[m : 
################################################################################################################################################
Starting Execution:	"108 out of 70" test cases in the current suite
Test Method:		"SteeringCompanyAPI_TestCases.Test_Policies_Cases.Add_Policy_With_NotAccepted_data_TC"
Test Description:	"TC054 -Policy- Perform Add Policy with NotAccepted data"
################################################################################################################################################
2023-01-22 15:43:36.106 &amp#27;[32m INFO&amp#27;[m &amp#27;[35m[@503 - main]&amp#27;[m &amp#27;[36mcom.shaft.tools.io.ReportManager&amp#27;[m : File Action "DoesFileExist" successfully performed. With the following test data "File Path: "SteeringCompanyAPI_TestData/SteeringCompanyAPI_TestData.xlsx"".
2023-01-22 15:43:36.164 &amp#27;[32m INFO&amp#27;[m &amp#27;[35m[@503 - main]&amp#27;[m &amp#27;[36mcom.shaft.tools.io.ReportManager&amp#27;[m : Successfully created attachment "Test Data - Excel"
2023-01-22 15:43:36.924 &amp#27;[32m INFO&amp#27;[m &amp#27;[35m[@503 - main]&amp#27;[m &amp#27;[36mcom.shaft.tools.io.ReportManager&amp#27;[m : Response status code: "200", status line: "HTTP/1.1 200 OK"
2023-01-22 15:43:36.942 &amp#27;[32m INFO&amp#27;[m &amp#27;[35m[@503 - main]&amp#27;[m &amp#27;[36mcom.shaft.tools.io.ReportManager&amp#27;[m : Successfully created attachment "API Request - Specifications"
2023-01-22 15:43:36.945 &amp#27;[32m INFO&amp#27;[m &amp#27;[35m[@503 - main]&amp#27;[m &amp#27;[36mcom.shaft.tools.io.ReportManager&amp#27;[m : Successfully created attachment "API Request - Body"
2023-01-22 15:43:36.945 &amp#27;[32m INFO&amp#27;[m &amp#27;[35m[@503 - main]&amp#27;[m &amp#27;[36mcom.shaft.tools.io.ReportManager&amp#27;[m : Successfully created attachment "API Response - JSON Body"
2023-01-22 15:43:36.967 &amp#27;[32m INFO&amp#27;[m &amp#27;[35m[@503 - main]&amp#27;[m &amp#27;[36mcom.shaft.tools.io.ReportManager&amp#27;[m : File Action "DoesFileExist" successfully performed. With the following test data "File Path: "SteeringCompanyAPI_TestData/SteeringCompanyAPI_TestData.xlsx"".
2023-01-22 15:43:37.041 &amp#27;[32m INFO&amp#27;[m &amp#27;[35m[@503 - main]&amp#27;[m &amp#27;[36mcom.shaft.tools.io.ReportManager&amp#27;[m : Successfully created attachment "Test Data - Excel"
2023-01-22 15:43:37.043 &amp#27;[32m INFO&amp#27;[m &amp#27;[35m[@503 - main]&amp#27;[m &amp#27;[36mcom.shaft.tools.io.ReportManager&amp#27;[m : File Action "DoesFileExist" successfully performed. With the following test data "File Path: "SteeringCompanyAPI_TestData/SteeringCompanyAPI_TestData.xlsx"".
2023-01-22 15:43:37.108 &amp#27;[32m INFO&amp#27;[m &amp#27;[35m[@503 - main]&amp#27;[m &amp#27;[36mcom.shaft.tools.io.ReportManager&amp#27;[m : Successfully created attachment "Test Data - Excel"
2023-01-22 15:43:37.108 &amp#27;[32m INFO&amp#27;[m &amp#27;[35m[@503 - main]&amp#27;[m &amp#27;[36mcom.shaft.tools.io.ReportManager&amp#27;[m : File Action "DoesFileExist" successfully performed. With the following test data "File Path: "SteeringCompanyAPI_TestData/SteeringCompanyAPI_TestData.xlsx"".
2023-01-22 15:43:37.156 &amp#27;[32m INFO&amp#27;[m &amp#27;[35m[@503 - main]&amp#27;[m &amp#27;[36mcom.shaft.tools.io.ReportManager&amp#27;[m : Successfully created attachment "Test Data - Excel"
2023-01-22 15:43:37.616 &amp#27;[32m INFO&amp#27;[m &amp#27;[35m[@503 - main]&amp#27;[m &amp#27;[36mcom.shaft.tools.io.ReportManager&amp#27;[m : Response status code: "406", status line: "HTTP/1.1 406 "
2023-01-22 15:43:37.640 &amp#27;[32m INFO&amp#27;[m &amp#27;[35m[@503 - main]&amp#27;[m &amp#27;[36mcom.shaft.tools.io.ReportManager&amp#27;[m : Successfully created attachment "API Request - Specifications"
2023-01-22 15:43:37.643 &amp#27;[32m INFO&amp#27;[m &amp#27;[35m[@503 - main]&amp#27;[m &amp#27;[36mcom.shaft.tools.io.ReportManager&amp#27;[m : Successfully created attachment "API Request - JSON Body"
2023-01-22 15:43:37.644 &amp#27;[32m INFO&amp#27;[m &amp#27;[35m[@503 - main]&amp#27;[m &amp#27;[36mcom.shaft.tools.io.ReportManager&amp#27;[m : Successfully created attachment "API Response - JSON Body"
2023-01-22 15:43:37.646 &amp#27;[32m INFO&amp#27;[m &amp#27;[35m[@503 - main]&amp#27;[m &amp#27;[36mcom.shaft.tools.io.ReportManager&amp#27;[m : File Action "DoesFileExist" successfully performed. With the following test data "File Path: "Schemas/NotAcceptable_Response_schema.json"".
2023-01-22 15:43:37.647 &amp#27;[32m INFO&amp#27;[m &amp#27;[35m[@503 - main]&amp#27;[m &amp#27;[36mcom.shaft.tools.io.ReportManager&amp#27;[m : File Action "DoesFileExist" successfully performed. With the following test data "File Path: "src/test/resources/testDataFiles/Schemas/NotAcceptable_Response_schema.json"".
2023-01-22 15:43:37.648 &amp#27;[32m INFO&amp#27;[m &amp#27;[35m[@503 - main]&amp#27;[m &amp#27;[36mcom.shaft.tools.io.ReportManager&amp#27;[m : File Action "GetAbsolutePath" successfully performed. With the following test data "Relative Folder Path: "src/test/resources/testDataFiles/Schemas/NotAcceptable_Response_schema.json"".
2023-01-22 15:43:37.653 &amp#27;[32m INFO&amp#27;[m &amp#27;[35m[@503 - main]&amp#27;[m &amp#27;[36mcom.shaft.tools.io.ReportManager&amp#27;[m : File Action "DoesFileExist" successfully performed. With the following test data "File Path: "C:\eclipse-workspace\MyProjects\TASystemsAPIs\src\test\resources\testDataFiles\Schemas\NotAcceptable_Response_schema.json"".
2023-01-22 15:43:37.653 &amp#27;[32m INFO&amp#27;[m &amp#27;[35m[@503 - main]&amp#27;[m &amp#27;[36mcom.shaft.tools.io.ReportManager&amp#27;[m : File Action "GetAbsolutePath" successfully performed. With the following test data "Relative Folder Path: "C:\eclipse-workspace\MyProjects\TASystemsAPIs\src\test\resources\testDataFiles\Schemas\NotAcceptable_Response_schema.json"".
2023-01-22 15:43:37.654 &amp#27;[32m INFO&amp#27;[m &amp#27;[35m[@503 - main]&amp#27;[m &amp#27;[36mcom.shaft.tools.io.ReportManager&amp#27;[m : File Action "ReadFile" successfully performed. With the following test data "File Path: "C:\eclipse-workspace\MyProjects\TASystemsAPIs\src\test\resources\testDataFiles\Schemas\NotAcceptable_Response_schema.json"".
2023-01-22 15:43:37.661 &amp#27;[32m INFO&amp#27;[m &amp#27;[35m[@503 - main]&amp#27;[m &amp#27;[36mcom.shaft.tools.io.ReportManager&amp#27;[m : Successfully created attachment "Validation Test Data - Expected JSON Value"
2023-01-22 15:43:37.662 &amp#27;[32m INFO&amp#27;[m &amp#27;[35m[@503 - main]&amp#27;[m &amp#27;[36mcom.shaft.tools.io.ReportManager&amp#27;[m : Successfully created attachment "Validation Test Data - Actual JSON Value"
2023-01-22 15:43:37.663 &amp#27;[32m INFO&amp#27;[m &amp#27;[35m[@503 - main]&amp#27;[m &amp#27;[36mcom.shaft.tools.io.ReportManager&amp#27;[m : Successfully created attachment "SHAFT Engine Logs - Current Method log: Add_Policy_With_NotAccepted_data_TC"
]]></system-out>
  </testcase>
  <testcase name="Add_Policy_With_NotFound_data_TC[[Ljava.lang.Object;@1a823633](1)" classname="SteeringCompanyAPI_TestCases.Test_Policies_Cases" time="1.402">
    <system-out><![CDATA[2023-01-22 15:43:37.674 &amp#27;[32m INFO&amp#27;[m &amp#27;[35m[@534 - main]&amp#27;[m &amp#27;[36mcom.shaft.tools.io.ReportManager&amp#27;[m : 
################################################################################################################################################
Starting Execution:	"109 out of 70" test cases in the current suite
Test Method:		"SteeringCompanyAPI_TestCases.Test_Policies_Cases.Add_Policy_With_NotFound_data_TC"
Test Description:	"TC056 -Policy- Perform Add Policy with NotFound data"
################################################################################################################################################
2023-01-22 15:43:37.675 &amp#27;[32m INFO&amp#27;[m &amp#27;[35m[@503 - main]&amp#27;[m &amp#27;[36mcom.shaft.tools.io.ReportManager&amp#27;[m : File Action "DoesFileExist" successfully performed. With the following test data "File Path: "SteeringCompanyAPI_TestData/SteeringCompanyAPI_TestData.xlsx"".
2023-01-22 15:43:37.727 &amp#27;[32m INFO&amp#27;[m &amp#27;[35m[@503 - main]&amp#27;[m &amp#27;[36mcom.shaft.tools.io.ReportManager&amp#27;[m : Successfully created attachment "Test Data - Excel"
2023-01-22 15:43:38.335 &amp#27;[32m INFO&amp#27;[m &amp#27;[35m[@503 - main]&amp#27;[m &amp#27;[36mcom.shaft.tools.io.ReportManager&amp#27;[m : Response status code: "200", status line: "HTTP/1.1 200 OK"
2023-01-22 15:43:38.357 &amp#27;[32m INFO&amp#27;[m &amp#27;[35m[@503 - main]&amp#27;[m &amp#27;[36mcom.shaft.tools.io.ReportManager&amp#27;[m : Successfully created attachment "API Request - Specifications"
2023-01-22 15:43:38.358 &amp#27;[32m INFO&amp#27;[m &amp#27;[35m[@503 - main]&amp#27;[m &amp#27;[36mcom.shaft.tools.io.ReportManager&amp#27;[m : Successfully created attachment "API Request - Body"
2023-01-22 15:43:38.362 &amp#27;[32m INFO&amp#27;[m &amp#27;[35m[@503 - main]&amp#27;[m &amp#27;[36mcom.shaft.tools.io.ReportManager&amp#27;[m : Successfully created attachment "API Response - JSON Body"
2023-01-22 15:43:38.393 &amp#27;[32m INFO&amp#27;[m &amp#27;[35m[@503 - main]&amp#27;[m &amp#27;[36mcom.shaft.tools.io.ReportManager&amp#27;[m : File Action "DoesFileExist" successfully performed. With the following test data "File Path: "SteeringCompanyAPI_TestData/SteeringCompanyAPI_TestData.xlsx"".
2023-01-22 15:43:38.445 &amp#27;[32m INFO&amp#27;[m &amp#27;[35m[@503 - main]&amp#27;[m &amp#27;[36mcom.shaft.tools.io.ReportManager&amp#27;[m : Successfully created attachment "Test Data - Excel"
2023-01-22 15:43:38.445 &amp#27;[32m INFO&amp#27;[m &amp#27;[35m[@503 - main]&amp#27;[m &amp#27;[36mcom.shaft.tools.io.ReportManager&amp#27;[m : File Action "DoesFileExist" successfully performed. With the following test data "File Path: "SteeringCompanyAPI_TestData/SteeringCompanyAPI_TestData.xlsx"".
2023-01-22 15:43:38.511 &amp#27;[32m INFO&amp#27;[m &amp#27;[35m[@503 - main]&amp#27;[m &amp#27;[36mcom.shaft.tools.io.ReportManager&amp#27;[m : Successfully created attachment "Test Data - Excel"
2023-01-22 15:43:38.512 &amp#27;[32m INFO&amp#27;[m &amp#27;[35m[@503 - main]&amp#27;[m &amp#27;[36mcom.shaft.tools.io.ReportManager&amp#27;[m : File Action "DoesFileExist" successfully performed. With the following test data "File Path: "SteeringCompanyAPI_TestData/SteeringCompanyAPI_TestData.xlsx"".
2023-01-22 15:43:38.561 &amp#27;[32m INFO&amp#27;[m &amp#27;[35m[@503 - main]&amp#27;[m &amp#27;[36mcom.shaft.tools.io.ReportManager&amp#27;[m : Successfully created attachment "Test Data - Excel"
2023-01-22 15:43:39.032 &amp#27;[32m INFO&amp#27;[m &amp#27;[35m[@503 - main]&amp#27;[m &amp#27;[36mcom.shaft.tools.io.ReportManager&amp#27;[m : Response status code: "404", status line: "HTTP/1.1 404 "
2023-01-22 15:43:39.050 &amp#27;[32m INFO&amp#27;[m &amp#27;[35m[@503 - main]&amp#27;[m &amp#27;[36mcom.shaft.tools.io.ReportManager&amp#27;[m : Successfully created attachment "API Request - Specifications"
2023-01-22 15:43:39.051 &amp#27;[32m INFO&amp#27;[m &amp#27;[35m[@503 - main]&amp#27;[m &amp#27;[36mcom.shaft.tools.io.ReportManager&amp#27;[m : Successfully created attachment "API Request - JSON Body"
2023-01-22 15:43:39.054 &amp#27;[32m INFO&amp#27;[m &amp#27;[35m[@503 - main]&amp#27;[m &amp#27;[36mcom.shaft.tools.io.ReportManager&amp#27;[m : Successfully created attachment "API Response - JSON Body"
2023-01-22 15:43:39.055 &amp#27;[32m INFO&amp#27;[m &amp#27;[35m[@503 - main]&amp#27;[m &amp#27;[36mcom.shaft.tools.io.ReportManager&amp#27;[m : File Action "DoesFileExist" successfully performed. With the following test data "File Path: "Schemas/NotFoundError_schema.json"".
2023-01-22 15:43:39.055 &amp#27;[32m INFO&amp#27;[m &amp#27;[35m[@503 - main]&amp#27;[m &amp#27;[36mcom.shaft.tools.io.ReportManager&amp#27;[m : File Action "DoesFileExist" successfully performed. With the following test data "File Path: "src/test/resources/testDataFiles/Schemas/NotFoundError_schema.json"".
2023-01-22 15:43:39.056 &amp#27;[32m INFO&amp#27;[m &amp#27;[35m[@503 - main]&amp#27;[m &amp#27;[36mcom.shaft.tools.io.ReportManager&amp#27;[m : File Action "GetAbsolutePath" successfully performed. With the following test data "Relative Folder Path: "src/test/resources/testDataFiles/Schemas/NotFoundError_schema.json"".
2023-01-22 15:43:39.061 &amp#27;[32m INFO&amp#27;[m &amp#27;[35m[@503 - main]&amp#27;[m &amp#27;[36mcom.shaft.tools.io.ReportManager&amp#27;[m : File Action "DoesFileExist" successfully performed. With the following test data "File Path: "C:\eclipse-workspace\MyProjects\TASystemsAPIs\src\test\resources\testDataFiles\Schemas\NotFoundError_schema.json"".
2023-01-22 15:43:39.061 &amp#27;[32m INFO&amp#27;[m &amp#27;[35m[@503 - main]&amp#27;[m &amp#27;[36mcom.shaft.tools.io.ReportManager&amp#27;[m : File Action "GetAbsolutePath" successfully performed. With the following test data "Relative Folder Path: "C:\eclipse-workspace\MyProjects\TASystemsAPIs\src\test\resources\testDataFiles\Schemas\NotFoundError_schema.json"".
2023-01-22 15:43:39.062 &amp#27;[32m INFO&amp#27;[m &amp#27;[35m[@503 - main]&amp#27;[m &amp#27;[36mcom.shaft.tools.io.ReportManager&amp#27;[m : File Action "ReadFile" successfully performed. With the following test data "File Path: "C:\eclipse-workspace\MyProjects\TASystemsAPIs\src\test\resources\testDataFiles\Schemas\NotFoundError_schema.json"".
2023-01-22 15:43:39.065 &amp#27;[32m INFO&amp#27;[m &amp#27;[35m[@503 - main]&amp#27;[m &amp#27;[36mcom.shaft.tools.io.ReportManager&amp#27;[m : Successfully created attachment "Validation Test Data - Expected JSON Value"
2023-01-22 15:43:39.067 &amp#27;[32m INFO&amp#27;[m &amp#27;[35m[@503 - main]&amp#27;[m &amp#27;[36mcom.shaft.tools.io.ReportManager&amp#27;[m : Successfully created attachment "Validation Test Data - Actual JSON Value"
2023-01-22 15:43:39.070 &amp#27;[32m INFO&amp#27;[m &amp#27;[35m[@503 - main]&amp#27;[m &amp#27;[36mcom.shaft.tools.io.ReportManager&amp#27;[m : Successfully created attachment "SHAFT Engine Logs - Current Method log: Add_Policy_With_NotFound_data_TC"
]]></system-out>
  </testcase>
  <testcase name="Get_Policy_With_BadRequest_data_TC[[Ljava.lang.Object;@5db7413](1)" classname="SteeringCompanyAPI_TestCases.Test_Policies_Cases" time="1.449">
    <system-out><![CDATA[2023-01-22 15:43:39.104 &amp#27;[32m INFO&amp#27;[m &amp#27;[35m[@534 - main]&amp#27;[m &amp#27;[36mcom.shaft.tools.io.ReportManager&amp#27;[m : 
################################################################################################################################################
Starting Execution:	"110 out of 70" test cases in the current suite
Test Method:		"SteeringCompanyAPI_TestCases.Test_Policies_Cases.Get_Policy_With_BadRequest_data_TC"
Test Description:	"TC059 -Policy- Perform Get Policy with BadRequest data"
################################################################################################################################################
2023-01-22 15:43:39.105 &amp#27;[32m INFO&amp#27;[m &amp#27;[35m[@503 - main]&amp#27;[m &amp#27;[36mcom.shaft.tools.io.ReportManager&amp#27;[m : File Action "DoesFileExist" successfully performed. With the following test data "File Path: "SteeringCompanyAPI_TestData/SteeringCompanyAPI_TestData.xlsx"".
2023-01-22 15:43:39.148 &amp#27;[32m INFO&amp#27;[m &amp#27;[35m[@503 - main]&amp#27;[m &amp#27;[36mcom.shaft.tools.io.ReportManager&amp#27;[m : Successfully created attachment "Test Data - Excel"
2023-01-22 15:43:39.753 &amp#27;[32m INFO&amp#27;[m &amp#27;[35m[@503 - main]&amp#27;[m &amp#27;[36mcom.shaft.tools.io.ReportManager&amp#27;[m : Response status code: "200", status line: "HTTP/1.1 200 OK"
2023-01-22 15:43:39.771 &amp#27;[32m INFO&amp#27;[m &amp#27;[35m[@503 - main]&amp#27;[m &amp#27;[36mcom.shaft.tools.io.ReportManager&amp#27;[m : Successfully created attachment "API Request - Specifications"
2023-01-22 15:43:39.773 &amp#27;[32m INFO&amp#27;[m &amp#27;[35m[@503 - main]&amp#27;[m &amp#27;[36mcom.shaft.tools.io.ReportManager&amp#27;[m : Successfully created attachment "API Request - Body"
2023-01-22 15:43:39.775 &amp#27;[32m INFO&amp#27;[m &amp#27;[35m[@503 - main]&amp#27;[m &amp#27;[36mcom.shaft.tools.io.ReportManager&amp#27;[m : Successfully created attachment "API Response - JSON Body"
2023-01-22 15:43:39.792 &amp#27;[32m INFO&amp#27;[m &amp#27;[35m[@503 - main]&amp#27;[m &amp#27;[36mcom.shaft.tools.io.ReportManager&amp#27;[m : File Action "DoesFileExist" successfully performed. With the following test data "File Path: "SteeringCompanyAPI_TestData/SteeringCompanyAPI_TestData.xlsx"".
2023-01-22 15:43:39.857 &amp#27;[32m INFO&amp#27;[m &amp#27;[35m[@503 - main]&amp#27;[m &amp#27;[36mcom.shaft.tools.io.ReportManager&amp#27;[m : Successfully created attachment "Test Data - Excel"
2023-01-22 15:43:39.857 &amp#27;[32m INFO&amp#27;[m &amp#27;[35m[@503 - main]&amp#27;[m &amp#27;[36mcom.shaft.tools.io.ReportManager&amp#27;[m : File Action "DoesFileExist" successfully performed. With the following test data "File Path: "SteeringCompanyAPI_TestData/SteeringCompanyAPI_TestData.xlsx"".
2023-01-22 15:43:39.937 &amp#27;[32m INFO&amp#27;[m &amp#27;[35m[@503 - main]&amp#27;[m &amp#27;[36mcom.shaft.tools.io.ReportManager&amp#27;[m : Successfully created attachment "Test Data - Excel"
2023-01-22 15:43:39.939 &amp#27;[32m INFO&amp#27;[m &amp#27;[35m[@503 - main]&amp#27;[m &amp#27;[36mcom.shaft.tools.io.ReportManager&amp#27;[m : File Action "DoesFileExist" successfully performed. With the following test data "File Path: "SteeringCompanyAPI_TestData/SteeringCompanyAPI_TestData.xlsx"".
2023-01-22 15:43:39.977 &amp#27;[32m INFO&amp#27;[m &amp#27;[35m[@503 - main]&amp#27;[m &amp#27;[36mcom.shaft.tools.io.ReportManager&amp#27;[m : Successfully created attachment "Test Data - Excel"
2023-01-22 15:43:40.510 &amp#27;[32m INFO&amp#27;[m &amp#27;[35m[@503 - main]&amp#27;[m &amp#27;[36mcom.shaft.tools.io.ReportManager&amp#27;[m : Response status code: "400", status line: "HTTP/1.1 400 "
2023-01-22 15:43:40.530 &amp#27;[32m INFO&amp#27;[m &amp#27;[35m[@503 - main]&amp#27;[m &amp#27;[36mcom.shaft.tools.io.ReportManager&amp#27;[m : Successfully created attachment "API Request - Specifications"
2023-01-22 15:43:40.532 &amp#27;[32m INFO&amp#27;[m &amp#27;[35m[@503 - main]&amp#27;[m &amp#27;[36mcom.shaft.tools.io.ReportManager&amp#27;[m : Successfully created attachment "API Response - JSON Body"
2023-01-22 15:43:40.533 &amp#27;[32m INFO&amp#27;[m &amp#27;[35m[@503 - main]&amp#27;[m &amp#27;[36mcom.shaft.tools.io.ReportManager&amp#27;[m : File Action "DoesFileExist" successfully performed. With the following test data "File Path: "Schemas/BadRequestError_schema.json"".
2023-01-22 15:43:40.534 &amp#27;[32m INFO&amp#27;[m &amp#27;[35m[@503 - main]&amp#27;[m &amp#27;[36mcom.shaft.tools.io.ReportManager&amp#27;[m : File Action "DoesFileExist" successfully performed. With the following test data "File Path: "src/test/resources/testDataFiles/Schemas/BadRequestError_schema.json"".
2023-01-22 15:43:40.534 &amp#27;[32m INFO&amp#27;[m &amp#27;[35m[@503 - main]&amp#27;[m &amp#27;[36mcom.shaft.tools.io.ReportManager&amp#27;[m : File Action "GetAbsolutePath" successfully performed. With the following test data "Relative Folder Path: "src/test/resources/testDataFiles/Schemas/BadRequestError_schema.json"".
2023-01-22 15:43:40.537 &amp#27;[32m INFO&amp#27;[m &amp#27;[35m[@503 - main]&amp#27;[m &amp#27;[36mcom.shaft.tools.io.ReportManager&amp#27;[m : File Action "DoesFileExist" successfully performed. With the following test data "File Path: "C:\eclipse-workspace\MyProjects\TASystemsAPIs\src\test\resources\testDataFiles\Schemas\BadRequestError_schema.json"".
2023-01-22 15:43:40.538 &amp#27;[32m INFO&amp#27;[m &amp#27;[35m[@503 - main]&amp#27;[m &amp#27;[36mcom.shaft.tools.io.ReportManager&amp#27;[m : File Action "GetAbsolutePath" successfully performed. With the following test data "Relative Folder Path: "C:\eclipse-workspace\MyProjects\TASystemsAPIs\src\test\resources\testDataFiles\Schemas\BadRequestError_schema.json"".
2023-01-22 15:43:40.539 &amp#27;[32m INFO&amp#27;[m &amp#27;[35m[@503 - main]&amp#27;[m &amp#27;[36mcom.shaft.tools.io.ReportManager&amp#27;[m : File Action "ReadFile" successfully performed. With the following test data "File Path: "C:\eclipse-workspace\MyProjects\TASystemsAPIs\src\test\resources\testDataFiles\Schemas\BadRequestError_schema.json"".
2023-01-22 15:43:40.544 &amp#27;[32m INFO&amp#27;[m &amp#27;[35m[@503 - main]&amp#27;[m &amp#27;[36mcom.shaft.tools.io.ReportManager&amp#27;[m : Successfully created attachment "Validation Test Data - Expected JSON Value"
2023-01-22 15:43:40.546 &amp#27;[32m INFO&amp#27;[m &amp#27;[35m[@503 - main]&amp#27;[m &amp#27;[36mcom.shaft.tools.io.ReportManager&amp#27;[m : Successfully created attachment "Validation Test Data - Actual JSON Value"
2023-01-22 15:43:40.548 &amp#27;[32m INFO&amp#27;[m &amp#27;[35m[@503 - main]&amp#27;[m &amp#27;[36mcom.shaft.tools.io.ReportManager&amp#27;[m : Successfully created attachment "SHAFT Engine Logs - Current Method log: Get_Policy_With_BadRequest_data_TC"
]]></system-out>
  </testcase>
  <testcase name="Get_Policy_With_BadRequest_data_TC[[Ljava.lang.Object;@45ab982c](2)" classname="SteeringCompanyAPI_TestCases.Test_Policies_Cases" time="1.349">
    <system-out><![CDATA[2023-01-22 15:43:40.554 &amp#27;[32m INFO&amp#27;[m &amp#27;[35m[@534 - main]&amp#27;[m &amp#27;[36mcom.shaft.tools.io.ReportManager&amp#27;[m : 
################################################################################################################################################
Starting Execution:	"111 out of 70" test cases in the current suite
Test Method:		"SteeringCompanyAPI_TestCases.Test_Policies_Cases.Get_Policy_With_BadRequest_data_TC"
Test Description:	"TC059 -Policy- Perform Get Policy with BadRequest data"
################################################################################################################################################
2023-01-22 15:43:40.555 &amp#27;[32m INFO&amp#27;[m &amp#27;[35m[@503 - main]&amp#27;[m &amp#27;[36mcom.shaft.tools.io.ReportManager&amp#27;[m : File Action "DoesFileExist" successfully performed. With the following test data "File Path: "SteeringCompanyAPI_TestData/SteeringCompanyAPI_TestData.xlsx"".
2023-01-22 15:43:40.595 &amp#27;[32m INFO&amp#27;[m &amp#27;[35m[@503 - main]&amp#27;[m &amp#27;[36mcom.shaft.tools.io.ReportManager&amp#27;[m : Successfully created attachment "Test Data - Excel"
2023-01-22 15:43:41.183 &amp#27;[32m INFO&amp#27;[m &amp#27;[35m[@503 - main]&amp#27;[m &amp#27;[36mcom.shaft.tools.io.ReportManager&amp#27;[m : Response status code: "200", status line: "HTTP/1.1 200 OK"
2023-01-22 15:43:41.207 &amp#27;[32m INFO&amp#27;[m &amp#27;[35m[@503 - main]&amp#27;[m &amp#27;[36mcom.shaft.tools.io.ReportManager&amp#27;[m : Successfully created attachment "API Request - Specifications"
2023-01-22 15:43:41.208 &amp#27;[32m INFO&amp#27;[m &amp#27;[35m[@503 - main]&amp#27;[m &amp#27;[36mcom.shaft.tools.io.ReportManager&amp#27;[m : Successfully created attachment "API Request - Body"
2023-01-22 15:43:41.212 &amp#27;[32m INFO&amp#27;[m &amp#27;[35m[@503 - main]&amp#27;[m &amp#27;[36mcom.shaft.tools.io.ReportManager&amp#27;[m : Successfully created attachment "API Response - JSON Body"
2023-01-22 15:43:41.225 &amp#27;[32m INFO&amp#27;[m &amp#27;[35m[@503 - main]&amp#27;[m &amp#27;[36mcom.shaft.tools.io.ReportManager&amp#27;[m : File Action "DoesFileExist" successfully performed. With the following test data "File Path: "SteeringCompanyAPI_TestData/SteeringCompanyAPI_TestData.xlsx"".
2023-01-22 15:43:41.278 &amp#27;[32m INFO&amp#27;[m &amp#27;[35m[@503 - main]&amp#27;[m &amp#27;[36mcom.shaft.tools.io.ReportManager&amp#27;[m : Successfully created attachment "Test Data - Excel"
2023-01-22 15:43:41.278 &amp#27;[32m INFO&amp#27;[m &amp#27;[35m[@503 - main]&amp#27;[m &amp#27;[36mcom.shaft.tools.io.ReportManager&amp#27;[m : File Action "DoesFileExist" successfully performed. With the following test data "File Path: "SteeringCompanyAPI_TestData/SteeringCompanyAPI_TestData.xlsx"".
2023-01-22 15:43:41.332 &amp#27;[32m INFO&amp#27;[m &amp#27;[35m[@503 - main]&amp#27;[m &amp#27;[36mcom.shaft.tools.io.ReportManager&amp#27;[m : Successfully created attachment "Test Data - Excel"
2023-01-22 15:43:41.333 &amp#27;[32m INFO&amp#27;[m &amp#27;[35m[@503 - main]&amp#27;[m &amp#27;[36mcom.shaft.tools.io.ReportManager&amp#27;[m : File Action "DoesFileExist" successfully performed. With the following test data "File Path: "SteeringCompanyAPI_TestData/SteeringCompanyAPI_TestData.xlsx"".
2023-01-22 15:43:41.385 &amp#27;[32m INFO&amp#27;[m &amp#27;[35m[@503 - main]&amp#27;[m &amp#27;[36mcom.shaft.tools.io.ReportManager&amp#27;[m : Successfully created attachment "Test Data - Excel"
2023-01-22 15:43:41.857 &amp#27;[32m INFO&amp#27;[m &amp#27;[35m[@503 - main]&amp#27;[m &amp#27;[36mcom.shaft.tools.io.ReportManager&amp#27;[m : Response status code: "400", status line: "HTTP/1.1 400 "
2023-01-22 15:43:41.882 &amp#27;[32m INFO&amp#27;[m &amp#27;[35m[@503 - main]&amp#27;[m &amp#27;[36mcom.shaft.tools.io.ReportManager&amp#27;[m : Successfully created attachment "API Request - Specifications"
2023-01-22 15:43:41.883 &amp#27;[32m INFO&amp#27;[m &amp#27;[35m[@503 - main]&amp#27;[m &amp#27;[36mcom.shaft.tools.io.ReportManager&amp#27;[m : Successfully created attachment "API Response - JSON Body"
2023-01-22 15:43:41.884 &amp#27;[32m INFO&amp#27;[m &amp#27;[35m[@503 - main]&amp#27;[m &amp#27;[36mcom.shaft.tools.io.ReportManager&amp#27;[m : File Action "DoesFileExist" successfully performed. With the following test data "File Path: "Schemas/BadRequestError_schema.json"".
2023-01-22 15:43:41.884 &amp#27;[32m INFO&amp#27;[m &amp#27;[35m[@503 - main]&amp#27;[m &amp#27;[36mcom.shaft.tools.io.ReportManager&amp#27;[m : File Action "DoesFileExist" successfully performed. With the following test data "File Path: "src/test/resources/testDataFiles/Schemas/BadRequestError_schema.json"".
2023-01-22 15:43:41.885 &amp#27;[32m INFO&amp#27;[m &amp#27;[35m[@503 - main]&amp#27;[m &amp#27;[36mcom.shaft.tools.io.ReportManager&amp#27;[m : File Action "GetAbsolutePath" successfully performed. With the following test data "Relative Folder Path: "src/test/resources/testDataFiles/Schemas/BadRequestError_schema.json"".
2023-01-22 15:43:41.888 &amp#27;[32m INFO&amp#27;[m &amp#27;[35m[@503 - main]&amp#27;[m &amp#27;[36mcom.shaft.tools.io.ReportManager&amp#27;[m : File Action "DoesFileExist" successfully performed. With the following test data "File Path: "C:\eclipse-workspace\MyProjects\TASystemsAPIs\src\test\resources\testDataFiles\Schemas\BadRequestError_schema.json"".
2023-01-22 15:43:41.888 &amp#27;[32m INFO&amp#27;[m &amp#27;[35m[@503 - main]&amp#27;[m &amp#27;[36mcom.shaft.tools.io.ReportManager&amp#27;[m : File Action "GetAbsolutePath" successfully performed. With the following test data "Relative Folder Path: "C:\eclipse-workspace\MyProjects\TASystemsAPIs\src\test\resources\testDataFiles\Schemas\BadRequestError_schema.json"".
2023-01-22 15:43:41.889 &amp#27;[32m INFO&amp#27;[m &amp#27;[35m[@503 - main]&amp#27;[m &amp#27;[36mcom.shaft.tools.io.ReportManager&amp#27;[m : File Action "ReadFile" successfully performed. With the following test data "File Path: "C:\eclipse-workspace\MyProjects\TASystemsAPIs\src\test\resources\testDataFiles\Schemas\BadRequestError_schema.json"".
2023-01-22 15:43:41.893 &amp#27;[32m INFO&amp#27;[m &amp#27;[35m[@503 - main]&amp#27;[m &amp#27;[36mcom.shaft.tools.io.ReportManager&amp#27;[m : Successfully created attachment "Validation Test Data - Expected JSON Value"
2023-01-22 15:43:41.895 &amp#27;[32m INFO&amp#27;[m &amp#27;[35m[@503 - main]&amp#27;[m &amp#27;[36mcom.shaft.tools.io.ReportManager&amp#27;[m : Successfully created attachment "Validation Test Data - Actual JSON Value"
2023-01-22 15:43:41.897 &amp#27;[32m INFO&amp#27;[m &amp#27;[35m[@503 - main]&amp#27;[m &amp#27;[36mcom.shaft.tools.io.ReportManager&amp#27;[m : Successfully created attachment "SHAFT Engine Logs - Current Method log: Get_Policy_With_BadRequest_data_TC"
]]></system-out>
  </testcase>
  <testcase name="Get_Policy_With_BadRequest_data_TC[[Ljava.lang.Object;@5790f77e](3)" classname="SteeringCompanyAPI_TestCases.Test_Policies_Cases" time="1.375">
    <system-out><![CDATA[2023-01-22 15:43:41.903 &amp#27;[32m INFO&amp#27;[m &amp#27;[35m[@534 - main]&amp#27;[m &amp#27;[36mcom.shaft.tools.io.ReportManager&amp#27;[m : 
################################################################################################################################################
Starting Execution:	"112 out of 70" test cases in the current suite
Test Method:		"SteeringCompanyAPI_TestCases.Test_Policies_Cases.Get_Policy_With_BadRequest_data_TC"
Test Description:	"TC059 -Policy- Perform Get Policy with BadRequest data"
################################################################################################################################################
2023-01-22 15:43:41.903 &amp#27;[32m INFO&amp#27;[m &amp#27;[35m[@503 - main]&amp#27;[m &amp#27;[36mcom.shaft.tools.io.ReportManager&amp#27;[m : File Action "DoesFileExist" successfully performed. With the following test data "File Path: "SteeringCompanyAPI_TestData/SteeringCompanyAPI_TestData.xlsx"".
2023-01-22 15:43:41.946 &amp#27;[32m INFO&amp#27;[m &amp#27;[35m[@503 - main]&amp#27;[m &amp#27;[36mcom.shaft.tools.io.ReportManager&amp#27;[m : Successfully created attachment "Test Data - Excel"
2023-01-22 15:43:42.544 &amp#27;[32m INFO&amp#27;[m &amp#27;[35m[@503 - main]&amp#27;[m &amp#27;[36mcom.shaft.tools.io.ReportManager&amp#27;[m : Response status code: "200", status line: "HTTP/1.1 200 OK"
2023-01-22 15:43:42.565 &amp#27;[32m INFO&amp#27;[m &amp#27;[35m[@503 - main]&amp#27;[m &amp#27;[36mcom.shaft.tools.io.ReportManager&amp#27;[m : Successfully created attachment "API Request - Specifications"
2023-01-22 15:43:42.567 &amp#27;[32m INFO&amp#27;[m &amp#27;[35m[@503 - main]&amp#27;[m &amp#27;[36mcom.shaft.tools.io.ReportManager&amp#27;[m : Successfully created attachment "API Request - Body"
2023-01-22 15:43:42.570 &amp#27;[32m INFO&amp#27;[m &amp#27;[35m[@503 - main]&amp#27;[m &amp#27;[36mcom.shaft.tools.io.ReportManager&amp#27;[m : Successfully created attachment "API Response - JSON Body"
2023-01-22 15:43:42.594 &amp#27;[32m INFO&amp#27;[m &amp#27;[35m[@503 - main]&amp#27;[m &amp#27;[36mcom.shaft.tools.io.ReportManager&amp#27;[m : File Action "DoesFileExist" successfully performed. With the following test data "File Path: "SteeringCompanyAPI_TestData/SteeringCompanyAPI_TestData.xlsx"".
2023-01-22 15:43:42.646 &amp#27;[32m INFO&amp#27;[m &amp#27;[35m[@503 - main]&amp#27;[m &amp#27;[36mcom.shaft.tools.io.ReportManager&amp#27;[m : Successfully created attachment "Test Data - Excel"
2023-01-22 15:43:42.647 &amp#27;[32m INFO&amp#27;[m &amp#27;[35m[@503 - main]&amp#27;[m &amp#27;[36mcom.shaft.tools.io.ReportManager&amp#27;[m : File Action "DoesFileExist" successfully performed. With the following test data "File Path: "SteeringCompanyAPI_TestData/SteeringCompanyAPI_TestData.xlsx"".
2023-01-22 15:43:42.725 &amp#27;[32m INFO&amp#27;[m &amp#27;[35m[@503 - main]&amp#27;[m &amp#27;[36mcom.shaft.tools.io.ReportManager&amp#27;[m : Successfully created attachment "Test Data - Excel"
2023-01-22 15:43:42.725 &amp#27;[32m INFO&amp#27;[m &amp#27;[35m[@503 - main]&amp#27;[m &amp#27;[36mcom.shaft.tools.io.ReportManager&amp#27;[m : File Action "DoesFileExist" successfully performed. With the following test data "File Path: "SteeringCompanyAPI_TestData/SteeringCompanyAPI_TestData.xlsx"".
2023-01-22 15:43:42.792 &amp#27;[32m INFO&amp#27;[m &amp#27;[35m[@503 - main]&amp#27;[m &amp#27;[36mcom.shaft.tools.io.ReportManager&amp#27;[m : Successfully created attachment "Test Data - Excel"
2023-01-22 15:43:43.244 &amp#27;[32m INFO&amp#27;[m &amp#27;[35m[@503 - main]&amp#27;[m &amp#27;[36mcom.shaft.tools.io.ReportManager&amp#27;[m : Response status code: "400", status line: "HTTP/1.1 400 "
2023-01-22 15:43:43.263 &amp#27;[32m INFO&amp#27;[m &amp#27;[35m[@503 - main]&amp#27;[m &amp#27;[36mcom.shaft.tools.io.ReportManager&amp#27;[m : Successfully created attachment "API Request - Specifications"
2023-01-22 15:43:43.265 &amp#27;[32m INFO&amp#27;[m &amp#27;[35m[@503 - main]&amp#27;[m &amp#27;[36mcom.shaft.tools.io.ReportManager&amp#27;[m : Successfully created attachment "API Response - JSON Body"
2023-01-22 15:43:43.266 &amp#27;[32m INFO&amp#27;[m &amp#27;[35m[@503 - main]&amp#27;[m &amp#27;[36mcom.shaft.tools.io.ReportManager&amp#27;[m : File Action "DoesFileExist" successfully performed. With the following test data "File Path: "Schemas/BadRequestError_schema.json"".
2023-01-22 15:43:43.266 &amp#27;[32m INFO&amp#27;[m &amp#27;[35m[@503 - main]&amp#27;[m &amp#27;[36mcom.shaft.tools.io.ReportManager&amp#27;[m : File Action "DoesFileExist" successfully performed. With the following test data "File Path: "src/test/resources/testDataFiles/Schemas/BadRequestError_schema.json"".
2023-01-22 15:43:43.266 &amp#27;[32m INFO&amp#27;[m &amp#27;[35m[@503 - main]&amp#27;[m &amp#27;[36mcom.shaft.tools.io.ReportManager&amp#27;[m : File Action "GetAbsolutePath" successfully performed. With the following test data "Relative Folder Path: "src/test/resources/testDataFiles/Schemas/BadRequestError_schema.json"".
2023-01-22 15:43:43.268 &amp#27;[32m INFO&amp#27;[m &amp#27;[35m[@503 - main]&amp#27;[m &amp#27;[36mcom.shaft.tools.io.ReportManager&amp#27;[m : File Action "DoesFileExist" successfully performed. With the following test data "File Path: "C:\eclipse-workspace\MyProjects\TASystemsAPIs\src\test\resources\testDataFiles\Schemas\BadRequestError_schema.json"".
2023-01-22 15:43:43.268 &amp#27;[32m INFO&amp#27;[m &amp#27;[35m[@503 - main]&amp#27;[m &amp#27;[36mcom.shaft.tools.io.ReportManager&amp#27;[m : File Action "GetAbsolutePath" successfully performed. With the following test data "Relative Folder Path: "C:\eclipse-workspace\MyProjects\TASystemsAPIs\src\test\resources\testDataFiles\Schemas\BadRequestError_schema.json"".
2023-01-22 15:43:43.268 &amp#27;[32m INFO&amp#27;[m &amp#27;[35m[@503 - main]&amp#27;[m &amp#27;[36mcom.shaft.tools.io.ReportManager&amp#27;[m : File Action "ReadFile" successfully performed. With the following test data "File Path: "C:\eclipse-workspace\MyProjects\TASystemsAPIs\src\test\resources\testDataFiles\Schemas\BadRequestError_schema.json"".
2023-01-22 15:43:43.270 &amp#27;[32m INFO&amp#27;[m &amp#27;[35m[@503 - main]&amp#27;[m &amp#27;[36mcom.shaft.tools.io.ReportManager&amp#27;[m : Successfully created attachment "Validation Test Data - Expected JSON Value"
2023-01-22 15:43:43.271 &amp#27;[32m INFO&amp#27;[m &amp#27;[35m[@503 - main]&amp#27;[m &amp#27;[36mcom.shaft.tools.io.ReportManager&amp#27;[m : Successfully created attachment "Validation Test Data - Actual JSON Value"
2023-01-22 15:43:43.272 &amp#27;[32m INFO&amp#27;[m &amp#27;[35m[@503 - main]&amp#27;[m &amp#27;[36mcom.shaft.tools.io.ReportManager&amp#27;[m : Successfully created attachment "SHAFT Engine Logs - Current Method log: Get_Policy_With_BadRequest_data_TC"
]]></system-out>
  </testcase>
  <testcase name="Get_Policy_With_BadRequest_data_TC[[Ljava.lang.Object;@2dd605b9](4)" classname="SteeringCompanyAPI_TestCases.Test_Policies_Cases" time="1.373">
    <system-out><![CDATA[2023-01-22 15:43:43.278 &amp#27;[32m INFO&amp#27;[m &amp#27;[35m[@534 - main]&amp#27;[m &amp#27;[36mcom.shaft.tools.io.ReportManager&amp#27;[m : 
################################################################################################################################################
Starting Execution:	"113 out of 70" test cases in the current suite
Test Method:		"SteeringCompanyAPI_TestCases.Test_Policies_Cases.Get_Policy_With_BadRequest_data_TC"
Test Description:	"TC059 -Policy- Perform Get Policy with BadRequest data"
################################################################################################################################################
2023-01-22 15:43:43.279 &amp#27;[32m INFO&amp#27;[m &amp#27;[35m[@503 - main]&amp#27;[m &amp#27;[36mcom.shaft.tools.io.ReportManager&amp#27;[m : File Action "DoesFileExist" successfully performed. With the following test data "File Path: "SteeringCompanyAPI_TestData/SteeringCompanyAPI_TestData.xlsx"".
2023-01-22 15:43:43.322 &amp#27;[32m INFO&amp#27;[m &amp#27;[35m[@503 - main]&amp#27;[m &amp#27;[36mcom.shaft.tools.io.ReportManager&amp#27;[m : Successfully created attachment "Test Data - Excel"
2023-01-22 15:43:43.919 &amp#27;[32m INFO&amp#27;[m &amp#27;[35m[@503 - main]&amp#27;[m &amp#27;[36mcom.shaft.tools.io.ReportManager&amp#27;[m : Response status code: "200", status line: "HTTP/1.1 200 OK"
2023-01-22 15:43:43.943 &amp#27;[32m INFO&amp#27;[m &amp#27;[35m[@503 - main]&amp#27;[m &amp#27;[36mcom.shaft.tools.io.ReportManager&amp#27;[m : Successfully created attachment "API Request - Specifications"
2023-01-22 15:43:43.944 &amp#27;[32m INFO&amp#27;[m &amp#27;[35m[@503 - main]&amp#27;[m &amp#27;[36mcom.shaft.tools.io.ReportManager&amp#27;[m : Successfully created attachment "API Request - Body"
2023-01-22 15:43:43.945 &amp#27;[32m INFO&amp#27;[m &amp#27;[35m[@503 - main]&amp#27;[m &amp#27;[36mcom.shaft.tools.io.ReportManager&amp#27;[m : Successfully created attachment "API Response - JSON Body"
2023-01-22 15:43:43.967 &amp#27;[32m INFO&amp#27;[m &amp#27;[35m[@503 - main]&amp#27;[m &amp#27;[36mcom.shaft.tools.io.ReportManager&amp#27;[m : File Action "DoesFileExist" successfully performed. With the following test data "File Path: "SteeringCompanyAPI_TestData/SteeringCompanyAPI_TestData.xlsx"".
2023-01-22 15:43:44.029 &amp#27;[32m INFO&amp#27;[m &amp#27;[35m[@503 - main]&amp#27;[m &amp#27;[36mcom.shaft.tools.io.ReportManager&amp#27;[m : Successfully created attachment "Test Data - Excel"
2023-01-22 15:43:44.030 &amp#27;[32m INFO&amp#27;[m &amp#27;[35m[@503 - main]&amp#27;[m &amp#27;[36mcom.shaft.tools.io.ReportManager&amp#27;[m : File Action "DoesFileExist" successfully performed. With the following test data "File Path: "SteeringCompanyAPI_TestData/SteeringCompanyAPI_TestData.xlsx"".
2023-01-22 15:43:44.096 &amp#27;[32m INFO&amp#27;[m &amp#27;[35m[@503 - main]&amp#27;[m &amp#27;[36mcom.shaft.tools.io.ReportManager&amp#27;[m : Successfully created attachment "Test Data - Excel"
2023-01-22 15:43:44.097 &amp#27;[32m INFO&amp#27;[m &amp#27;[35m[@503 - main]&amp#27;[m &amp#27;[36mcom.shaft.tools.io.ReportManager&amp#27;[m : File Action "DoesFileExist" successfully performed. With the following test data "File Path: "SteeringCompanyAPI_TestData/SteeringCompanyAPI_TestData.xlsx"".
2023-01-22 15:43:44.150 &amp#27;[32m INFO&amp#27;[m &amp#27;[35m[@503 - main]&amp#27;[m &amp#27;[36mcom.shaft.tools.io.ReportManager&amp#27;[m : Successfully created attachment "Test Data - Excel"
2023-01-22 15:43:44.612 &amp#27;[32m INFO&amp#27;[m &amp#27;[35m[@503 - main]&amp#27;[m &amp#27;[36mcom.shaft.tools.io.ReportManager&amp#27;[m : Response status code: "400", status line: "HTTP/1.1 400 "
2023-01-22 15:43:44.629 &amp#27;[32m INFO&amp#27;[m &amp#27;[35m[@503 - main]&amp#27;[m &amp#27;[36mcom.shaft.tools.io.ReportManager&amp#27;[m : Successfully created attachment "API Request - Specifications"
2023-01-22 15:43:44.630 &amp#27;[32m INFO&amp#27;[m &amp#27;[35m[@503 - main]&amp#27;[m &amp#27;[36mcom.shaft.tools.io.ReportManager&amp#27;[m : Successfully created attachment "API Response - JSON Body"
2023-01-22 15:43:44.631 &amp#27;[32m INFO&amp#27;[m &amp#27;[35m[@503 - main]&amp#27;[m &amp#27;[36mcom.shaft.tools.io.ReportManager&amp#27;[m : File Action "DoesFileExist" successfully performed. With the following test data "File Path: "Schemas/BadRequestError_schema.json"".
2023-01-22 15:43:44.632 &amp#27;[32m INFO&amp#27;[m &amp#27;[35m[@503 - main]&amp#27;[m &amp#27;[36mcom.shaft.tools.io.ReportManager&amp#27;[m : File Action "DoesFileExist" successfully performed. With the following test data "File Path: "src/test/resources/testDataFiles/Schemas/BadRequestError_schema.json"".
2023-01-22 15:43:44.632 &amp#27;[32m INFO&amp#27;[m &amp#27;[35m[@503 - main]&amp#27;[m &amp#27;[36mcom.shaft.tools.io.ReportManager&amp#27;[m : File Action "GetAbsolutePath" successfully performed. With the following test data "Relative Folder Path: "src/test/resources/testDataFiles/Schemas/BadRequestError_schema.json"".
2023-01-22 15:43:44.636 &amp#27;[32m INFO&amp#27;[m &amp#27;[35m[@503 - main]&amp#27;[m &amp#27;[36mcom.shaft.tools.io.ReportManager&amp#27;[m : File Action "DoesFileExist" successfully performed. With the following test data "File Path: "C:\eclipse-workspace\MyProjects\TASystemsAPIs\src\test\resources\testDataFiles\Schemas\BadRequestError_schema.json"".
2023-01-22 15:43:44.637 &amp#27;[32m INFO&amp#27;[m &amp#27;[35m[@503 - main]&amp#27;[m &amp#27;[36mcom.shaft.tools.io.ReportManager&amp#27;[m : File Action "GetAbsolutePath" successfully performed. With the following test data "Relative Folder Path: "C:\eclipse-workspace\MyProjects\TASystemsAPIs\src\test\resources\testDataFiles\Schemas\BadRequestError_schema.json"".
2023-01-22 15:43:44.638 &amp#27;[32m INFO&amp#27;[m &amp#27;[35m[@503 - main]&amp#27;[m &amp#27;[36mcom.shaft.tools.io.ReportManager&amp#27;[m : File Action "ReadFile" successfully performed. With the following test data "File Path: "C:\eclipse-workspace\MyProjects\TASystemsAPIs\src\test\resources\testDataFiles\Schemas\BadRequestError_schema.json"".
2023-01-22 15:43:44.641 &amp#27;[32m INFO&amp#27;[m &amp#27;[35m[@503 - main]&amp#27;[m &amp#27;[36mcom.shaft.tools.io.ReportManager&amp#27;[m : Successfully created attachment "Validation Test Data - Expected JSON Value"
2023-01-22 15:43:44.644 &amp#27;[32m INFO&amp#27;[m &amp#27;[35m[@503 - main]&amp#27;[m &amp#27;[36mcom.shaft.tools.io.ReportManager&amp#27;[m : Successfully created attachment "Validation Test Data - Actual JSON Value"
2023-01-22 15:43:44.646 &amp#27;[32m INFO&amp#27;[m &amp#27;[35m[@503 - main]&amp#27;[m &amp#27;[36mcom.shaft.tools.io.ReportManager&amp#27;[m : Successfully created attachment "SHAFT Engine Logs - Current Method log: Get_Policy_With_BadRequest_data_TC"
]]></system-out>
  </testcase>
  <testcase name="Get_Policy_With_BadRequest_data_TC[[Ljava.lang.Object;@60a95d71](5)" classname="SteeringCompanyAPI_TestCases.Test_Policies_Cases" time="1.324">
    <system-out><![CDATA[2023-01-22 15:43:44.650 &amp#27;[32m INFO&amp#27;[m &amp#27;[35m[@534 - main]&amp#27;[m &amp#27;[36mcom.shaft.tools.io.ReportManager&amp#27;[m : 
################################################################################################################################################
Starting Execution:	"114 out of 70" test cases in the current suite
Test Method:		"SteeringCompanyAPI_TestCases.Test_Policies_Cases.Get_Policy_With_BadRequest_data_TC"
Test Description:	"TC059 -Policy- Perform Get Policy with BadRequest data"
################################################################################################################################################
2023-01-22 15:43:44.650 &amp#27;[32m INFO&amp#27;[m &amp#27;[35m[@503 - main]&amp#27;[m &amp#27;[36mcom.shaft.tools.io.ReportManager&amp#27;[m : File Action "DoesFileExist" successfully performed. With the following test data "File Path: "SteeringCompanyAPI_TestData/SteeringCompanyAPI_TestData.xlsx"".
2023-01-22 15:43:44.691 &amp#27;[32m INFO&amp#27;[m &amp#27;[35m[@503 - main]&amp#27;[m &amp#27;[36mcom.shaft.tools.io.ReportManager&amp#27;[m : Successfully created attachment "Test Data - Excel"
2023-01-22 15:43:45.285 &amp#27;[32m INFO&amp#27;[m &amp#27;[35m[@503 - main]&amp#27;[m &amp#27;[36mcom.shaft.tools.io.ReportManager&amp#27;[m : Response status code: "200", status line: "HTTP/1.1 200 OK"
2023-01-22 15:43:45.308 &amp#27;[32m INFO&amp#27;[m &amp#27;[35m[@503 - main]&amp#27;[m &amp#27;[36mcom.shaft.tools.io.ReportManager&amp#27;[m : Successfully created attachment "API Request - Specifications"
2023-01-22 15:43:45.309 &amp#27;[32m INFO&amp#27;[m &amp#27;[35m[@503 - main]&amp#27;[m &amp#27;[36mcom.shaft.tools.io.ReportManager&amp#27;[m : Successfully created attachment "API Request - Body"
2023-01-22 15:43:45.309 &amp#27;[32m INFO&amp#27;[m &amp#27;[35m[@503 - main]&amp#27;[m &amp#27;[36mcom.shaft.tools.io.ReportManager&amp#27;[m : Successfully created attachment "API Response - JSON Body"
2023-01-22 15:43:45.326 &amp#27;[32m INFO&amp#27;[m &amp#27;[35m[@503 - main]&amp#27;[m &amp#27;[36mcom.shaft.tools.io.ReportManager&amp#27;[m : File Action "DoesFileExist" successfully performed. With the following test data "File Path: "SteeringCompanyAPI_TestData/SteeringCompanyAPI_TestData.xlsx"".
2023-01-22 15:43:45.378 &amp#27;[32m INFO&amp#27;[m &amp#27;[35m[@503 - main]&amp#27;[m &amp#27;[36mcom.shaft.tools.io.ReportManager&amp#27;[m : Successfully created attachment "Test Data - Excel"
2023-01-22 15:43:45.379 &amp#27;[32m INFO&amp#27;[m &amp#27;[35m[@503 - main]&amp#27;[m &amp#27;[36mcom.shaft.tools.io.ReportManager&amp#27;[m : File Action "DoesFileExist" successfully performed. With the following test data "File Path: "SteeringCompanyAPI_TestData/SteeringCompanyAPI_TestData.xlsx"".
2023-01-22 15:43:45.428 &amp#27;[32m INFO&amp#27;[m &amp#27;[35m[@503 - main]&amp#27;[m &amp#27;[36mcom.shaft.tools.io.ReportManager&amp#27;[m : Successfully created attachment "Test Data - Excel"
2023-01-22 15:43:45.428 &amp#27;[32m INFO&amp#27;[m &amp#27;[35m[@503 - main]&amp#27;[m &amp#27;[36mcom.shaft.tools.io.ReportManager&amp#27;[m : File Action "DoesFileExist" successfully performed. With the following test data "File Path: "SteeringCompanyAPI_TestData/SteeringCompanyAPI_TestData.xlsx"".
2023-01-22 15:43:45.476 &amp#27;[32m INFO&amp#27;[m &amp#27;[35m[@503 - main]&amp#27;[m &amp#27;[36mcom.shaft.tools.io.ReportManager&amp#27;[m : Successfully created attachment "Test Data - Excel"
2023-01-22 15:43:45.932 &amp#27;[32m INFO&amp#27;[m &amp#27;[35m[@503 - main]&amp#27;[m &amp#27;[36mcom.shaft.tools.io.ReportManager&amp#27;[m : Response status code: "400", status line: "HTTP/1.1 400 "
2023-01-22 15:43:45.952 &amp#27;[32m INFO&amp#27;[m &amp#27;[35m[@503 - main]&amp#27;[m &amp#27;[36mcom.shaft.tools.io.ReportManager&amp#27;[m : Successfully created attachment "API Request - Specifications"
2023-01-22 15:43:45.955 &amp#27;[32m INFO&amp#27;[m &amp#27;[35m[@503 - main]&amp#27;[m &amp#27;[36mcom.shaft.tools.io.ReportManager&amp#27;[m : Successfully created attachment "API Response - JSON Body"
2023-01-22 15:43:45.957 &amp#27;[32m INFO&amp#27;[m &amp#27;[35m[@503 - main]&amp#27;[m &amp#27;[36mcom.shaft.tools.io.ReportManager&amp#27;[m : File Action "DoesFileExist" successfully performed. With the following test data "File Path: "Schemas/BadRequestError_schema.json"".
2023-01-22 15:43:45.957 &amp#27;[32m INFO&amp#27;[m &amp#27;[35m[@503 - main]&amp#27;[m &amp#27;[36mcom.shaft.tools.io.ReportManager&amp#27;[m : File Action "DoesFileExist" successfully performed. With the following test data "File Path: "src/test/resources/testDataFiles/Schemas/BadRequestError_schema.json"".
2023-01-22 15:43:45.958 &amp#27;[32m INFO&amp#27;[m &amp#27;[35m[@503 - main]&amp#27;[m &amp#27;[36mcom.shaft.tools.io.ReportManager&amp#27;[m : File Action "GetAbsolutePath" successfully performed. With the following test data "Relative Folder Path: "src/test/resources/testDataFiles/Schemas/BadRequestError_schema.json"".
2023-01-22 15:43:45.960 &amp#27;[32m INFO&amp#27;[m &amp#27;[35m[@503 - main]&amp#27;[m &amp#27;[36mcom.shaft.tools.io.ReportManager&amp#27;[m : File Action "DoesFileExist" successfully performed. With the following test data "File Path: "C:\eclipse-workspace\MyProjects\TASystemsAPIs\src\test\resources\testDataFiles\Schemas\BadRequestError_schema.json"".
2023-01-22 15:43:45.961 &amp#27;[32m INFO&amp#27;[m &amp#27;[35m[@503 - main]&amp#27;[m &amp#27;[36mcom.shaft.tools.io.ReportManager&amp#27;[m : File Action "GetAbsolutePath" successfully performed. With the following test data "Relative Folder Path: "C:\eclipse-workspace\MyProjects\TASystemsAPIs\src\test\resources\testDataFiles\Schemas\BadRequestError_schema.json"".
2023-01-22 15:43:45.961 &amp#27;[32m INFO&amp#27;[m &amp#27;[35m[@503 - main]&amp#27;[m &amp#27;[36mcom.shaft.tools.io.ReportManager&amp#27;[m : File Action "ReadFile" successfully performed. With the following test data "File Path: "C:\eclipse-workspace\MyProjects\TASystemsAPIs\src\test\resources\testDataFiles\Schemas\BadRequestError_schema.json"".
2023-01-22 15:43:45.966 &amp#27;[32m INFO&amp#27;[m &amp#27;[35m[@503 - main]&amp#27;[m &amp#27;[36mcom.shaft.tools.io.ReportManager&amp#27;[m : Successfully created attachment "Validation Test Data - Expected JSON Value"
2023-01-22 15:43:45.968 &amp#27;[32m INFO&amp#27;[m &amp#27;[35m[@503 - main]&amp#27;[m &amp#27;[36mcom.shaft.tools.io.ReportManager&amp#27;[m : Successfully created attachment "Validation Test Data - Actual JSON Value"
2023-01-22 15:43:45.970 &amp#27;[32m INFO&amp#27;[m &amp#27;[35m[@503 - main]&amp#27;[m &amp#27;[36mcom.shaft.tools.io.ReportManager&amp#27;[m : Successfully created attachment "SHAFT Engine Logs - Current Method log: Get_Policy_With_BadRequest_data_TC"
]]></system-out>
  </testcase>
  <testcase name="Get_Policy_With_BadRequest_data_TC[[Ljava.lang.Object;@5810eb0d](6)" classname="SteeringCompanyAPI_TestCases.Test_Policies_Cases" time="1.358">
    <system-out><![CDATA[2023-01-22 15:43:45.977 &amp#27;[32m INFO&amp#27;[m &amp#27;[35m[@534 - main]&amp#27;[m &amp#27;[36mcom.shaft.tools.io.ReportManager&amp#27;[m : 
################################################################################################################################################
Starting Execution:	"115 out of 70" test cases in the current suite
Test Method:		"SteeringCompanyAPI_TestCases.Test_Policies_Cases.Get_Policy_With_BadRequest_data_TC"
Test Description:	"TC059 -Policy- Perform Get Policy with BadRequest data"
################################################################################################################################################
2023-01-22 15:43:45.978 &amp#27;[32m INFO&amp#27;[m &amp#27;[35m[@503 - main]&amp#27;[m &amp#27;[36mcom.shaft.tools.io.ReportManager&amp#27;[m : File Action "DoesFileExist" successfully performed. With the following test data "File Path: "SteeringCompanyAPI_TestData/SteeringCompanyAPI_TestData.xlsx"".
2023-01-22 15:43:46.032 &amp#27;[32m INFO&amp#27;[m &amp#27;[35m[@503 - main]&amp#27;[m &amp#27;[36mcom.shaft.tools.io.ReportManager&amp#27;[m : Successfully created attachment "Test Data - Excel"
2023-01-22 15:43:46.626 &amp#27;[32m INFO&amp#27;[m &amp#27;[35m[@503 - main]&amp#27;[m &amp#27;[36mcom.shaft.tools.io.ReportManager&amp#27;[m : Response status code: "200", status line: "HTTP/1.1 200 OK"
2023-01-22 15:43:46.646 &amp#27;[32m INFO&amp#27;[m &amp#27;[35m[@503 - main]&amp#27;[m &amp#27;[36mcom.shaft.tools.io.ReportManager&amp#27;[m : Successfully created attachment "API Request - Specifications"
2023-01-22 15:43:46.649 &amp#27;[32m INFO&amp#27;[m &amp#27;[35m[@503 - main]&amp#27;[m &amp#27;[36mcom.shaft.tools.io.ReportManager&amp#27;[m : Successfully created attachment "API Request - Body"
2023-01-22 15:43:46.652 &amp#27;[32m INFO&amp#27;[m &amp#27;[35m[@503 - main]&amp#27;[m &amp#27;[36mcom.shaft.tools.io.ReportManager&amp#27;[m : Successfully created attachment "API Response - JSON Body"
2023-01-22 15:43:46.669 &amp#27;[32m INFO&amp#27;[m &amp#27;[35m[@503 - main]&amp#27;[m &amp#27;[36mcom.shaft.tools.io.ReportManager&amp#27;[m : File Action "DoesFileExist" successfully performed. With the following test data "File Path: "SteeringCompanyAPI_TestData/SteeringCompanyAPI_TestData.xlsx"".
2023-01-22 15:43:46.733 &amp#27;[32m INFO&amp#27;[m &amp#27;[35m[@503 - main]&amp#27;[m &amp#27;[36mcom.shaft.tools.io.ReportManager&amp#27;[m : Successfully created attachment "Test Data - Excel"
2023-01-22 15:43:46.734 &amp#27;[32m INFO&amp#27;[m &amp#27;[35m[@503 - main]&amp#27;[m &amp#27;[36mcom.shaft.tools.io.ReportManager&amp#27;[m : File Action "DoesFileExist" successfully performed. With the following test data "File Path: "SteeringCompanyAPI_TestData/SteeringCompanyAPI_TestData.xlsx"".
2023-01-22 15:43:46.776 &amp#27;[32m INFO&amp#27;[m &amp#27;[35m[@503 - main]&amp#27;[m &amp#27;[36mcom.shaft.tools.io.ReportManager&amp#27;[m : Successfully created attachment "Test Data - Excel"
2023-01-22 15:43:46.777 &amp#27;[32m INFO&amp#27;[m &amp#27;[35m[@503 - main]&amp#27;[m &amp#27;[36mcom.shaft.tools.io.ReportManager&amp#27;[m : File Action "DoesFileExist" successfully performed. With the following test data "File Path: "SteeringCompanyAPI_TestData/SteeringCompanyAPI_TestData.xlsx"".
2023-01-22 15:43:46.825 &amp#27;[32m INFO&amp#27;[m &amp#27;[35m[@503 - main]&amp#27;[m &amp#27;[36mcom.shaft.tools.io.ReportManager&amp#27;[m : Successfully created attachment "Test Data - Excel"
2023-01-22 15:43:47.293 &amp#27;[32m INFO&amp#27;[m &amp#27;[35m[@503 - main]&amp#27;[m &amp#27;[36mcom.shaft.tools.io.ReportManager&amp#27;[m : Response status code: "400", status line: "HTTP/1.1 400 "
2023-01-22 15:43:47.309 &amp#27;[32m INFO&amp#27;[m &amp#27;[35m[@503 - main]&amp#27;[m &amp#27;[36mcom.shaft.tools.io.ReportManager&amp#27;[m : Successfully created attachment "API Request - Specifications"
2023-01-22 15:43:47.312 &amp#27;[32m INFO&amp#27;[m &amp#27;[35m[@503 - main]&amp#27;[m &amp#27;[36mcom.shaft.tools.io.ReportManager&amp#27;[m : Successfully created attachment "API Response - JSON Body"
2023-01-22 15:43:47.314 &amp#27;[32m INFO&amp#27;[m &amp#27;[35m[@503 - main]&amp#27;[m &amp#27;[36mcom.shaft.tools.io.ReportManager&amp#27;[m : File Action "DoesFileExist" successfully performed. With the following test data "File Path: "Schemas/BadRequestError_schema.json"".
2023-01-22 15:43:47.315 &amp#27;[32m INFO&amp#27;[m &amp#27;[35m[@503 - main]&amp#27;[m &amp#27;[36mcom.shaft.tools.io.ReportManager&amp#27;[m : File Action "DoesFileExist" successfully performed. With the following test data "File Path: "src/test/resources/testDataFiles/Schemas/BadRequestError_schema.json"".
2023-01-22 15:43:47.315 &amp#27;[32m INFO&amp#27;[m &amp#27;[35m[@503 - main]&amp#27;[m &amp#27;[36mcom.shaft.tools.io.ReportManager&amp#27;[m : File Action "GetAbsolutePath" successfully performed. With the following test data "Relative Folder Path: "src/test/resources/testDataFiles/Schemas/BadRequestError_schema.json"".
2023-01-22 15:43:47.318 &amp#27;[32m INFO&amp#27;[m &amp#27;[35m[@503 - main]&amp#27;[m &amp#27;[36mcom.shaft.tools.io.ReportManager&amp#27;[m : File Action "DoesFileExist" successfully performed. With the following test data "File Path: "C:\eclipse-workspace\MyProjects\TASystemsAPIs\src\test\resources\testDataFiles\Schemas\BadRequestError_schema.json"".
2023-01-22 15:43:47.318 &amp#27;[32m INFO&amp#27;[m &amp#27;[35m[@503 - main]&amp#27;[m &amp#27;[36mcom.shaft.tools.io.ReportManager&amp#27;[m : File Action "GetAbsolutePath" successfully performed. With the following test data "Relative Folder Path: "C:\eclipse-workspace\MyProjects\TASystemsAPIs\src\test\resources\testDataFiles\Schemas\BadRequestError_schema.json"".
2023-01-22 15:43:47.319 &amp#27;[32m INFO&amp#27;[m &amp#27;[35m[@503 - main]&amp#27;[m &amp#27;[36mcom.shaft.tools.io.ReportManager&amp#27;[m : File Action "ReadFile" successfully performed. With the following test data "File Path: "C:\eclipse-workspace\MyProjects\TASystemsAPIs\src\test\resources\testDataFiles\Schemas\BadRequestError_schema.json"".
2023-01-22 15:43:47.321 &amp#27;[32m INFO&amp#27;[m &amp#27;[35m[@503 - main]&amp#27;[m &amp#27;[36mcom.shaft.tools.io.ReportManager&amp#27;[m : Successfully created attachment "Validation Test Data - Expected JSON Value"
2023-01-22 15:43:47.326 &amp#27;[32m INFO&amp#27;[m &amp#27;[35m[@503 - main]&amp#27;[m &amp#27;[36mcom.shaft.tools.io.ReportManager&amp#27;[m : Successfully created attachment "Validation Test Data - Actual JSON Value"
2023-01-22 15:43:47.328 &amp#27;[32m INFO&amp#27;[m &amp#27;[35m[@503 - main]&amp#27;[m &amp#27;[36mcom.shaft.tools.io.ReportManager&amp#27;[m : Successfully created attachment "SHAFT Engine Logs - Current Method log: Get_Policy_With_BadRequest_data_TC"
]]></system-out>
  </testcase>
  <testcase name="Get_Policy_With_BadRequest_data_TC[[Ljava.lang.Object;@6f8ee78a](7)" classname="SteeringCompanyAPI_TestCases.Test_Policies_Cases" time="1.415">
    <system-out><![CDATA[2023-01-22 15:43:47.334 &amp#27;[32m INFO&amp#27;[m &amp#27;[35m[@534 - main]&amp#27;[m &amp#27;[36mcom.shaft.tools.io.ReportManager&amp#27;[m : 
################################################################################################################################################
Starting Execution:	"116 out of 70" test cases in the current suite
Test Method:		"SteeringCompanyAPI_TestCases.Test_Policies_Cases.Get_Policy_With_BadRequest_data_TC"
Test Description:	"TC059 -Policy- Perform Get Policy with BadRequest data"
################################################################################################################################################
2023-01-22 15:43:47.335 &amp#27;[32m INFO&amp#27;[m &amp#27;[35m[@503 - main]&amp#27;[m &amp#27;[36mcom.shaft.tools.io.ReportManager&amp#27;[m : File Action "DoesFileExist" successfully performed. With the following test data "File Path: "SteeringCompanyAPI_TestData/SteeringCompanyAPI_TestData.xlsx"".
2023-01-22 15:43:47.410 &amp#27;[32m INFO&amp#27;[m &amp#27;[35m[@503 - main]&amp#27;[m &amp#27;[36mcom.shaft.tools.io.ReportManager&amp#27;[m : Successfully created attachment "Test Data - Excel"
2023-01-22 15:43:48.011 &amp#27;[32m INFO&amp#27;[m &amp#27;[35m[@503 - main]&amp#27;[m &amp#27;[36mcom.shaft.tools.io.ReportManager&amp#27;[m : Response status code: "200", status line: "HTTP/1.1 200 OK"
2023-01-22 15:43:48.036 &amp#27;[32m INFO&amp#27;[m &amp#27;[35m[@503 - main]&amp#27;[m &amp#27;[36mcom.shaft.tools.io.ReportManager&amp#27;[m : Successfully created attachment "API Request - Specifications"
2023-01-22 15:43:48.038 &amp#27;[32m INFO&amp#27;[m &amp#27;[35m[@503 - main]&amp#27;[m &amp#27;[36mcom.shaft.tools.io.ReportManager&amp#27;[m : Successfully created attachment "API Request - Body"
2023-01-22 15:43:48.040 &amp#27;[32m INFO&amp#27;[m &amp#27;[35m[@503 - main]&amp#27;[m &amp#27;[36mcom.shaft.tools.io.ReportManager&amp#27;[m : Successfully created attachment "API Response - JSON Body"
2023-01-22 15:43:48.064 &amp#27;[32m INFO&amp#27;[m &amp#27;[35m[@503 - main]&amp#27;[m &amp#27;[36mcom.shaft.tools.io.ReportManager&amp#27;[m : File Action "DoesFileExist" successfully performed. With the following test data "File Path: "SteeringCompanyAPI_TestData/SteeringCompanyAPI_TestData.xlsx"".
2023-01-22 15:43:48.116 &amp#27;[32m INFO&amp#27;[m &amp#27;[35m[@503 - main]&amp#27;[m &amp#27;[36mcom.shaft.tools.io.ReportManager&amp#27;[m : Successfully created attachment "Test Data - Excel"
2023-01-22 15:43:48.116 &amp#27;[32m INFO&amp#27;[m &amp#27;[35m[@503 - main]&amp#27;[m &amp#27;[36mcom.shaft.tools.io.ReportManager&amp#27;[m : File Action "DoesFileExist" successfully performed. With the following test data "File Path: "SteeringCompanyAPI_TestData/SteeringCompanyAPI_TestData.xlsx"".
2023-01-22 15:43:48.172 &amp#27;[32m INFO&amp#27;[m &amp#27;[35m[@503 - main]&amp#27;[m &amp#27;[36mcom.shaft.tools.io.ReportManager&amp#27;[m : Successfully created attachment "Test Data - Excel"
2023-01-22 15:43:48.173 &amp#27;[32m INFO&amp#27;[m &amp#27;[35m[@503 - main]&amp#27;[m &amp#27;[36mcom.shaft.tools.io.ReportManager&amp#27;[m : File Action "DoesFileExist" successfully performed. With the following test data "File Path: "SteeringCompanyAPI_TestData/SteeringCompanyAPI_TestData.xlsx"".
2023-01-22 15:43:48.242 &amp#27;[32m INFO&amp#27;[m &amp#27;[35m[@503 - main]&amp#27;[m &amp#27;[36mcom.shaft.tools.io.ReportManager&amp#27;[m : Successfully created attachment "Test Data - Excel"
2023-01-22 15:43:48.701 &amp#27;[32m INFO&amp#27;[m &amp#27;[35m[@503 - main]&amp#27;[m &amp#27;[36mcom.shaft.tools.io.ReportManager&amp#27;[m : Response status code: "400", status line: "HTTP/1.1 400 "
2023-01-22 15:43:48.722 &amp#27;[32m INFO&amp#27;[m &amp#27;[35m[@503 - main]&amp#27;[m &amp#27;[36mcom.shaft.tools.io.ReportManager&amp#27;[m : Successfully created attachment "API Request - Specifications"
2023-01-22 15:43:48.726 &amp#27;[32m INFO&amp#27;[m &amp#27;[35m[@503 - main]&amp#27;[m &amp#27;[36mcom.shaft.tools.io.ReportManager&amp#27;[m : Successfully created attachment "API Response - JSON Body"
2023-01-22 15:43:48.727 &amp#27;[32m INFO&amp#27;[m &amp#27;[35m[@503 - main]&amp#27;[m &amp#27;[36mcom.shaft.tools.io.ReportManager&amp#27;[m : File Action "DoesFileExist" successfully performed. With the following test data "File Path: "Schemas/BadRequestError_schema.json"".
2023-01-22 15:43:48.728 &amp#27;[32m INFO&amp#27;[m &amp#27;[35m[@503 - main]&amp#27;[m &amp#27;[36mcom.shaft.tools.io.ReportManager&amp#27;[m : File Action "DoesFileExist" successfully performed. With the following test data "File Path: "src/test/resources/testDataFiles/Schemas/BadRequestError_schema.json"".
2023-01-22 15:43:48.728 &amp#27;[32m INFO&amp#27;[m &amp#27;[35m[@503 - main]&amp#27;[m &amp#27;[36mcom.shaft.tools.io.ReportManager&amp#27;[m : File Action "GetAbsolutePath" successfully performed. With the following test data "Relative Folder Path: "src/test/resources/testDataFiles/Schemas/BadRequestError_schema.json"".
2023-01-22 15:43:48.733 &amp#27;[32m INFO&amp#27;[m &amp#27;[35m[@503 - main]&amp#27;[m &amp#27;[36mcom.shaft.tools.io.ReportManager&amp#27;[m : File Action "DoesFileExist" successfully performed. With the following test data "File Path: "C:\eclipse-workspace\MyProjects\TASystemsAPIs\src\test\resources\testDataFiles\Schemas\BadRequestError_schema.json"".
2023-01-22 15:43:48.733 &amp#27;[32m INFO&amp#27;[m &amp#27;[35m[@503 - main]&amp#27;[m &amp#27;[36mcom.shaft.tools.io.ReportManager&amp#27;[m : File Action "GetAbsolutePath" successfully performed. With the following test data "Relative Folder Path: "C:\eclipse-workspace\MyProjects\TASystemsAPIs\src\test\resources\testDataFiles\Schemas\BadRequestError_schema.json"".
2023-01-22 15:43:48.734 &amp#27;[32m INFO&amp#27;[m &amp#27;[35m[@503 - main]&amp#27;[m &amp#27;[36mcom.shaft.tools.io.ReportManager&amp#27;[m : File Action "ReadFile" successfully performed. With the following test data "File Path: "C:\eclipse-workspace\MyProjects\TASystemsAPIs\src\test\resources\testDataFiles\Schemas\BadRequestError_schema.json"".
2023-01-22 15:43:48.738 &amp#27;[32m INFO&amp#27;[m &amp#27;[35m[@503 - main]&amp#27;[m &amp#27;[36mcom.shaft.tools.io.ReportManager&amp#27;[m : Successfully created attachment "Validation Test Data - Expected JSON Value"
2023-01-22 15:43:48.739 &amp#27;[32m INFO&amp#27;[m &amp#27;[35m[@503 - main]&amp#27;[m &amp#27;[36mcom.shaft.tools.io.ReportManager&amp#27;[m : Successfully created attachment "Validation Test Data - Actual JSON Value"
2023-01-22 15:43:48.742 &amp#27;[32m INFO&amp#27;[m &amp#27;[35m[@503 - main]&amp#27;[m &amp#27;[36mcom.shaft.tools.io.ReportManager&amp#27;[m : Successfully created attachment "SHAFT Engine Logs - Current Method log: Get_Policy_With_BadRequest_data_TC"
]]></system-out>
  </testcase>
  <testcase name="Get_Policy_With_BadRequest_data_TC[[Ljava.lang.Object;@2628f294](8)" classname="SteeringCompanyAPI_TestCases.Test_Policies_Cases" time="1.394">
    <system-out><![CDATA[2023-01-22 15:43:48.749 &amp#27;[32m INFO&amp#27;[m &amp#27;[35m[@534 - main]&amp#27;[m &amp#27;[36mcom.shaft.tools.io.ReportManager&amp#27;[m : 
################################################################################################################################################
Starting Execution:	"117 out of 70" test cases in the current suite
Test Method:		"SteeringCompanyAPI_TestCases.Test_Policies_Cases.Get_Policy_With_BadRequest_data_TC"
Test Description:	"TC059 -Policy- Perform Get Policy with BadRequest data"
################################################################################################################################################
2023-01-22 15:43:48.750 &amp#27;[32m INFO&amp#27;[m &amp#27;[35m[@503 - main]&amp#27;[m &amp#27;[36mcom.shaft.tools.io.ReportManager&amp#27;[m : File Action "DoesFileExist" successfully performed. With the following test data "File Path: "SteeringCompanyAPI_TestData/SteeringCompanyAPI_TestData.xlsx"".
2023-01-22 15:43:48.814 &amp#27;[32m INFO&amp#27;[m &amp#27;[35m[@503 - main]&amp#27;[m &amp#27;[36mcom.shaft.tools.io.ReportManager&amp#27;[m : Successfully created attachment "Test Data - Excel"
2023-01-22 15:43:49.421 &amp#27;[32m INFO&amp#27;[m &amp#27;[35m[@503 - main]&amp#27;[m &amp#27;[36mcom.shaft.tools.io.ReportManager&amp#27;[m : Response status code: "200", status line: "HTTP/1.1 200 OK"
2023-01-22 15:43:49.440 &amp#27;[32m INFO&amp#27;[m &amp#27;[35m[@503 - main]&amp#27;[m &amp#27;[36mcom.shaft.tools.io.ReportManager&amp#27;[m : Successfully created attachment "API Request - Specifications"
2023-01-22 15:43:49.442 &amp#27;[32m INFO&amp#27;[m &amp#27;[35m[@503 - main]&amp#27;[m &amp#27;[36mcom.shaft.tools.io.ReportManager&amp#27;[m : Successfully created attachment "API Request - Body"
2023-01-22 15:43:49.443 &amp#27;[32m INFO&amp#27;[m &amp#27;[35m[@503 - main]&amp#27;[m &amp#27;[36mcom.shaft.tools.io.ReportManager&amp#27;[m : Successfully created attachment "API Response - JSON Body"
2023-01-22 15:43:49.459 &amp#27;[32m INFO&amp#27;[m &amp#27;[35m[@503 - main]&amp#27;[m &amp#27;[36mcom.shaft.tools.io.ReportManager&amp#27;[m : File Action "DoesFileExist" successfully performed. With the following test data "File Path: "SteeringCompanyAPI_TestData/SteeringCompanyAPI_TestData.xlsx"".
2023-01-22 15:43:49.510 &amp#27;[32m INFO&amp#27;[m &amp#27;[35m[@503 - main]&amp#27;[m &amp#27;[36mcom.shaft.tools.io.ReportManager&amp#27;[m : Successfully created attachment "Test Data - Excel"
2023-01-22 15:43:49.510 &amp#27;[32m INFO&amp#27;[m &amp#27;[35m[@503 - main]&amp#27;[m &amp#27;[36mcom.shaft.tools.io.ReportManager&amp#27;[m : File Action "DoesFileExist" successfully performed. With the following test data "File Path: "SteeringCompanyAPI_TestData/SteeringCompanyAPI_TestData.xlsx"".
2023-01-22 15:43:49.575 &amp#27;[32m INFO&amp#27;[m &amp#27;[35m[@503 - main]&amp#27;[m &amp#27;[36mcom.shaft.tools.io.ReportManager&amp#27;[m : Successfully created attachment "Test Data - Excel"
2023-01-22 15:43:49.576 &amp#27;[32m INFO&amp#27;[m &amp#27;[35m[@503 - main]&amp#27;[m &amp#27;[36mcom.shaft.tools.io.ReportManager&amp#27;[m : File Action "DoesFileExist" successfully performed. With the following test data "File Path: "SteeringCompanyAPI_TestData/SteeringCompanyAPI_TestData.xlsx"".
2023-01-22 15:43:49.634 &amp#27;[32m INFO&amp#27;[m &amp#27;[35m[@503 - main]&amp#27;[m &amp#27;[36mcom.shaft.tools.io.ReportManager&amp#27;[m : Successfully created attachment "Test Data - Excel"
2023-01-22 15:43:50.098 &amp#27;[32m INFO&amp#27;[m &amp#27;[35m[@503 - main]&amp#27;[m &amp#27;[36mcom.shaft.tools.io.ReportManager&amp#27;[m : Response status code: "400", status line: "HTTP/1.1 400 "
2023-01-22 15:43:50.122 &amp#27;[32m INFO&amp#27;[m &amp#27;[35m[@503 - main]&amp#27;[m &amp#27;[36mcom.shaft.tools.io.ReportManager&amp#27;[m : Successfully created attachment "API Request - Specifications"
2023-01-22 15:43:50.124 &amp#27;[32m INFO&amp#27;[m &amp#27;[35m[@503 - main]&amp#27;[m &amp#27;[36mcom.shaft.tools.io.ReportManager&amp#27;[m : Successfully created attachment "API Response - JSON Body"
2023-01-22 15:43:50.126 &amp#27;[32m INFO&amp#27;[m &amp#27;[35m[@503 - main]&amp#27;[m &amp#27;[36mcom.shaft.tools.io.ReportManager&amp#27;[m : File Action "DoesFileExist" successfully performed. With the following test data "File Path: "Schemas/BadRequestError_schema.json"".
2023-01-22 15:43:50.126 &amp#27;[32m INFO&amp#27;[m &amp#27;[35m[@503 - main]&amp#27;[m &amp#27;[36mcom.shaft.tools.io.ReportManager&amp#27;[m : File Action "DoesFileExist" successfully performed. With the following test data "File Path: "src/test/resources/testDataFiles/Schemas/BadRequestError_schema.json"".
2023-01-22 15:43:50.127 &amp#27;[32m INFO&amp#27;[m &amp#27;[35m[@503 - main]&amp#27;[m &amp#27;[36mcom.shaft.tools.io.ReportManager&amp#27;[m : File Action "GetAbsolutePath" successfully performed. With the following test data "Relative Folder Path: "src/test/resources/testDataFiles/Schemas/BadRequestError_schema.json"".
2023-01-22 15:43:50.130 &amp#27;[32m INFO&amp#27;[m &amp#27;[35m[@503 - main]&amp#27;[m &amp#27;[36mcom.shaft.tools.io.ReportManager&amp#27;[m : File Action "DoesFileExist" successfully performed. With the following test data "File Path: "C:\eclipse-workspace\MyProjects\TASystemsAPIs\src\test\resources\testDataFiles\Schemas\BadRequestError_schema.json"".
2023-01-22 15:43:50.130 &amp#27;[32m INFO&amp#27;[m &amp#27;[35m[@503 - main]&amp#27;[m &amp#27;[36mcom.shaft.tools.io.ReportManager&amp#27;[m : File Action "GetAbsolutePath" successfully performed. With the following test data "Relative Folder Path: "C:\eclipse-workspace\MyProjects\TASystemsAPIs\src\test\resources\testDataFiles\Schemas\BadRequestError_schema.json"".
2023-01-22 15:43:50.130 &amp#27;[32m INFO&amp#27;[m &amp#27;[35m[@503 - main]&amp#27;[m &amp#27;[36mcom.shaft.tools.io.ReportManager&amp#27;[m : File Action "ReadFile" successfully performed. With the following test data "File Path: "C:\eclipse-workspace\MyProjects\TASystemsAPIs\src\test\resources\testDataFiles\Schemas\BadRequestError_schema.json"".
2023-01-22 15:43:50.132 &amp#27;[32m INFO&amp#27;[m &amp#27;[35m[@503 - main]&amp#27;[m &amp#27;[36mcom.shaft.tools.io.ReportManager&amp#27;[m : Successfully created attachment "Validation Test Data - Expected JSON Value"
2023-01-22 15:43:50.135 &amp#27;[32m INFO&amp#27;[m &amp#27;[35m[@503 - main]&amp#27;[m &amp#27;[36mcom.shaft.tools.io.ReportManager&amp#27;[m : Successfully created attachment "Validation Test Data - Actual JSON Value"
2023-01-22 15:43:50.137 &amp#27;[32m INFO&amp#27;[m &amp#27;[35m[@503 - main]&amp#27;[m &amp#27;[36mcom.shaft.tools.io.ReportManager&amp#27;[m : Successfully created attachment "SHAFT Engine Logs - Current Method log: Get_Policy_With_BadRequest_data_TC"
]]></system-out>
  </testcase>
  <testcase name="Get_Policy_With_BadRequest_data_TC[[Ljava.lang.Object;@7337d766](9)" classname="SteeringCompanyAPI_TestCases.Test_Policies_Cases" time="1.334">
    <system-out><![CDATA[2023-01-22 15:43:50.143 &amp#27;[32m INFO&amp#27;[m &amp#27;[35m[@534 - main]&amp#27;[m &amp#27;[36mcom.shaft.tools.io.ReportManager&amp#27;[m : 
################################################################################################################################################
Starting Execution:	"118 out of 70" test cases in the current suite
Test Method:		"SteeringCompanyAPI_TestCases.Test_Policies_Cases.Get_Policy_With_BadRequest_data_TC"
Test Description:	"TC059 -Policy- Perform Get Policy with BadRequest data"
################################################################################################################################################
2023-01-22 15:43:50.144 &amp#27;[32m INFO&amp#27;[m &amp#27;[35m[@503 - main]&amp#27;[m &amp#27;[36mcom.shaft.tools.io.ReportManager&amp#27;[m : File Action "DoesFileExist" successfully performed. With the following test data "File Path: "SteeringCompanyAPI_TestData/SteeringCompanyAPI_TestData.xlsx"".
2023-01-22 15:43:50.205 &amp#27;[32m INFO&amp#27;[m &amp#27;[35m[@503 - main]&amp#27;[m &amp#27;[36mcom.shaft.tools.io.ReportManager&amp#27;[m : Successfully created attachment "Test Data - Excel"
2023-01-22 15:43:50.787 &amp#27;[32m INFO&amp#27;[m &amp#27;[35m[@503 - main]&amp#27;[m &amp#27;[36mcom.shaft.tools.io.ReportManager&amp#27;[m : Response status code: "200", status line: "HTTP/1.1 200 OK"
2023-01-22 15:43:50.804 &amp#27;[32m INFO&amp#27;[m &amp#27;[35m[@503 - main]&amp#27;[m &amp#27;[36mcom.shaft.tools.io.ReportManager&amp#27;[m : Successfully created attachment "API Request - Specifications"
2023-01-22 15:43:50.805 &amp#27;[32m INFO&amp#27;[m &amp#27;[35m[@503 - main]&amp#27;[m &amp#27;[36mcom.shaft.tools.io.ReportManager&amp#27;[m : Successfully created attachment "API Request - Body"
2023-01-22 15:43:50.805 &amp#27;[32m INFO&amp#27;[m &amp#27;[35m[@503 - main]&amp#27;[m &amp#27;[36mcom.shaft.tools.io.ReportManager&amp#27;[m : Successfully created attachment "API Response - JSON Body"
2023-01-22 15:43:50.824 &amp#27;[32m INFO&amp#27;[m &amp#27;[35m[@503 - main]&amp#27;[m &amp#27;[36mcom.shaft.tools.io.ReportManager&amp#27;[m : File Action "DoesFileExist" successfully performed. With the following test data "File Path: "SteeringCompanyAPI_TestData/SteeringCompanyAPI_TestData.xlsx"".
2023-01-22 15:43:50.870 &amp#27;[32m INFO&amp#27;[m &amp#27;[35m[@503 - main]&amp#27;[m &amp#27;[36mcom.shaft.tools.io.ReportManager&amp#27;[m : Successfully created attachment "Test Data - Excel"
2023-01-22 15:43:50.871 &amp#27;[32m INFO&amp#27;[m &amp#27;[35m[@503 - main]&amp#27;[m &amp#27;[36mcom.shaft.tools.io.ReportManager&amp#27;[m : File Action "DoesFileExist" successfully performed. With the following test data "File Path: "SteeringCompanyAPI_TestData/SteeringCompanyAPI_TestData.xlsx"".
2023-01-22 15:43:50.925 &amp#27;[32m INFO&amp#27;[m &amp#27;[35m[@503 - main]&amp#27;[m &amp#27;[36mcom.shaft.tools.io.ReportManager&amp#27;[m : Successfully created attachment "Test Data - Excel"
2023-01-22 15:43:50.926 &amp#27;[32m INFO&amp#27;[m &amp#27;[35m[@503 - main]&amp#27;[m &amp#27;[36mcom.shaft.tools.io.ReportManager&amp#27;[m : File Action "DoesFileExist" successfully performed. With the following test data "File Path: "SteeringCompanyAPI_TestData/SteeringCompanyAPI_TestData.xlsx"".
2023-01-22 15:43:50.974 &amp#27;[32m INFO&amp#27;[m &amp#27;[35m[@503 - main]&amp#27;[m &amp#27;[36mcom.shaft.tools.io.ReportManager&amp#27;[m : Successfully created attachment "Test Data - Excel"
2023-01-22 15:43:51.435 &amp#27;[32m INFO&amp#27;[m &amp#27;[35m[@503 - main]&amp#27;[m &amp#27;[36mcom.shaft.tools.io.ReportManager&amp#27;[m : Response status code: "400", status line: "HTTP/1.1 400 "
2023-01-22 15:43:51.455 &amp#27;[32m INFO&amp#27;[m &amp#27;[35m[@503 - main]&amp#27;[m &amp#27;[36mcom.shaft.tools.io.ReportManager&amp#27;[m : Successfully created attachment "API Request - Specifications"
2023-01-22 15:43:51.456 &amp#27;[32m INFO&amp#27;[m &amp#27;[35m[@503 - main]&amp#27;[m &amp#27;[36mcom.shaft.tools.io.ReportManager&amp#27;[m : Successfully created attachment "API Response - JSON Body"
2023-01-22 15:43:51.458 &amp#27;[32m INFO&amp#27;[m &amp#27;[35m[@503 - main]&amp#27;[m &amp#27;[36mcom.shaft.tools.io.ReportManager&amp#27;[m : File Action "DoesFileExist" successfully performed. With the following test data "File Path: "Schemas/BadRequestError_schema.json"".
2023-01-22 15:43:51.458 &amp#27;[32m INFO&amp#27;[m &amp#27;[35m[@503 - main]&amp#27;[m &amp#27;[36mcom.shaft.tools.io.ReportManager&amp#27;[m : File Action "DoesFileExist" successfully performed. With the following test data "File Path: "src/test/resources/testDataFiles/Schemas/BadRequestError_schema.json"".
2023-01-22 15:43:51.459 &amp#27;[32m INFO&amp#27;[m &amp#27;[35m[@503 - main]&amp#27;[m &amp#27;[36mcom.shaft.tools.io.ReportManager&amp#27;[m : File Action "GetAbsolutePath" successfully performed. With the following test data "Relative Folder Path: "src/test/resources/testDataFiles/Schemas/BadRequestError_schema.json"".
2023-01-22 15:43:51.463 &amp#27;[32m INFO&amp#27;[m &amp#27;[35m[@503 - main]&amp#27;[m &amp#27;[36mcom.shaft.tools.io.ReportManager&amp#27;[m : File Action "DoesFileExist" successfully performed. With the following test data "File Path: "C:\eclipse-workspace\MyProjects\TASystemsAPIs\src\test\resources\testDataFiles\Schemas\BadRequestError_schema.json"".
2023-01-22 15:43:51.463 &amp#27;[32m INFO&amp#27;[m &amp#27;[35m[@503 - main]&amp#27;[m &amp#27;[36mcom.shaft.tools.io.ReportManager&amp#27;[m : File Action "GetAbsolutePath" successfully performed. With the following test data "Relative Folder Path: "C:\eclipse-workspace\MyProjects\TASystemsAPIs\src\test\resources\testDataFiles\Schemas\BadRequestError_schema.json"".
2023-01-22 15:43:51.464 &amp#27;[32m INFO&amp#27;[m &amp#27;[35m[@503 - main]&amp#27;[m &amp#27;[36mcom.shaft.tools.io.ReportManager&amp#27;[m : File Action "ReadFile" successfully performed. With the following test data "File Path: "C:\eclipse-workspace\MyProjects\TASystemsAPIs\src\test\resources\testDataFiles\Schemas\BadRequestError_schema.json"".
2023-01-22 15:43:51.468 &amp#27;[32m INFO&amp#27;[m &amp#27;[35m[@503 - main]&amp#27;[m &amp#27;[36mcom.shaft.tools.io.ReportManager&amp#27;[m : Successfully created attachment "Validation Test Data - Expected JSON Value"
2023-01-22 15:43:51.469 &amp#27;[32m INFO&amp#27;[m &amp#27;[35m[@503 - main]&amp#27;[m &amp#27;[36mcom.shaft.tools.io.ReportManager&amp#27;[m : Successfully created attachment "Validation Test Data - Actual JSON Value"
2023-01-22 15:43:51.471 &amp#27;[32m INFO&amp#27;[m &amp#27;[35m[@503 - main]&amp#27;[m &amp#27;[36mcom.shaft.tools.io.ReportManager&amp#27;[m : Successfully created attachment "SHAFT Engine Logs - Current Method log: Get_Policy_With_BadRequest_data_TC"
]]></system-out>
  </testcase>
  <testcase name="Get_Policy_With_BadRequest_data_TC[[Ljava.lang.Object;@63d7cce2](10)" classname="SteeringCompanyAPI_TestCases.Test_Policies_Cases" time="1.429">
    <system-out><![CDATA[2023-01-22 15:43:51.479 &amp#27;[32m INFO&amp#27;[m &amp#27;[35m[@534 - main]&amp#27;[m &amp#27;[36mcom.shaft.tools.io.ReportManager&amp#27;[m : 
################################################################################################################################################
Starting Execution:	"119 out of 70" test cases in the current suite
Test Method:		"SteeringCompanyAPI_TestCases.Test_Policies_Cases.Get_Policy_With_BadRequest_data_TC"
Test Description:	"TC059 -Policy- Perform Get Policy with BadRequest data"
################################################################################################################################################
2023-01-22 15:43:51.480 &amp#27;[32m INFO&amp#27;[m &amp#27;[35m[@503 - main]&amp#27;[m &amp#27;[36mcom.shaft.tools.io.ReportManager&amp#27;[m : File Action "DoesFileExist" successfully performed. With the following test data "File Path: "SteeringCompanyAPI_TestData/SteeringCompanyAPI_TestData.xlsx"".
2023-01-22 15:43:51.529 &amp#27;[32m INFO&amp#27;[m &amp#27;[35m[@503 - main]&amp#27;[m &amp#27;[36mcom.shaft.tools.io.ReportManager&amp#27;[m : Successfully created attachment "Test Data - Excel"
2023-01-22 15:43:52.170 &amp#27;[32m INFO&amp#27;[m &amp#27;[35m[@503 - main]&amp#27;[m &amp#27;[36mcom.shaft.tools.io.ReportManager&amp#27;[m : Response status code: "200", status line: "HTTP/1.1 200 OK"
2023-01-22 15:43:52.188 &amp#27;[32m INFO&amp#27;[m &amp#27;[35m[@503 - main]&amp#27;[m &amp#27;[36mcom.shaft.tools.io.ReportManager&amp#27;[m : Successfully created attachment "API Request - Specifications"
2023-01-22 15:43:52.192 &amp#27;[32m INFO&amp#27;[m &amp#27;[35m[@503 - main]&amp#27;[m &amp#27;[36mcom.shaft.tools.io.ReportManager&amp#27;[m : Successfully created attachment "API Request - Body"
2023-01-22 15:43:52.194 &amp#27;[32m INFO&amp#27;[m &amp#27;[35m[@503 - main]&amp#27;[m &amp#27;[36mcom.shaft.tools.io.ReportManager&amp#27;[m : Successfully created attachment "API Response - JSON Body"
2023-01-22 15:43:52.218 &amp#27;[32m INFO&amp#27;[m &amp#27;[35m[@503 - main]&amp#27;[m &amp#27;[36mcom.shaft.tools.io.ReportManager&amp#27;[m : File Action "DoesFileExist" successfully performed. With the following test data "File Path: "SteeringCompanyAPI_TestData/SteeringCompanyAPI_TestData.xlsx"".
2023-01-22 15:43:52.276 &amp#27;[32m INFO&amp#27;[m &amp#27;[35m[@503 - main]&amp#27;[m &amp#27;[36mcom.shaft.tools.io.ReportManager&amp#27;[m : Successfully created attachment "Test Data - Excel"
2023-01-22 15:43:52.277 &amp#27;[32m INFO&amp#27;[m &amp#27;[35m[@503 - main]&amp#27;[m &amp#27;[36mcom.shaft.tools.io.ReportManager&amp#27;[m : File Action "DoesFileExist" successfully performed. With the following test data "File Path: "SteeringCompanyAPI_TestData/SteeringCompanyAPI_TestData.xlsx"".
2023-01-22 15:43:52.348 &amp#27;[32m INFO&amp#27;[m &amp#27;[35m[@503 - main]&amp#27;[m &amp#27;[36mcom.shaft.tools.io.ReportManager&amp#27;[m : Successfully created attachment "Test Data - Excel"
2023-01-22 15:43:52.349 &amp#27;[32m INFO&amp#27;[m &amp#27;[35m[@503 - main]&amp#27;[m &amp#27;[36mcom.shaft.tools.io.ReportManager&amp#27;[m : File Action "DoesFileExist" successfully performed. With the following test data "File Path: "SteeringCompanyAPI_TestData/SteeringCompanyAPI_TestData.xlsx"".
2023-01-22 15:43:52.405 &amp#27;[32m INFO&amp#27;[m &amp#27;[35m[@503 - main]&amp#27;[m &amp#27;[36mcom.shaft.tools.io.ReportManager&amp#27;[m : Successfully created attachment "Test Data - Excel"
2023-01-22 15:43:52.868 &amp#27;[32m INFO&amp#27;[m &amp#27;[35m[@503 - main]&amp#27;[m &amp#27;[36mcom.shaft.tools.io.ReportManager&amp#27;[m : Response status code: "400", status line: "HTTP/1.1 400 "
2023-01-22 15:43:52.887 &amp#27;[32m INFO&amp#27;[m &amp#27;[35m[@503 - main]&amp#27;[m &amp#27;[36mcom.shaft.tools.io.ReportManager&amp#27;[m : Successfully created attachment "API Request - Specifications"
2023-01-22 15:43:52.888 &amp#27;[32m INFO&amp#27;[m &amp#27;[35m[@503 - main]&amp#27;[m &amp#27;[36mcom.shaft.tools.io.ReportManager&amp#27;[m : Successfully created attachment "API Response - JSON Body"
2023-01-22 15:43:52.890 &amp#27;[32m INFO&amp#27;[m &amp#27;[35m[@503 - main]&amp#27;[m &amp#27;[36mcom.shaft.tools.io.ReportManager&amp#27;[m : File Action "DoesFileExist" successfully performed. With the following test data "File Path: "Schemas/BadRequestError_schema.json"".
2023-01-22 15:43:52.891 &amp#27;[32m INFO&amp#27;[m &amp#27;[35m[@503 - main]&amp#27;[m &amp#27;[36mcom.shaft.tools.io.ReportManager&amp#27;[m : File Action "DoesFileExist" successfully performed. With the following test data "File Path: "src/test/resources/testDataFiles/Schemas/BadRequestError_schema.json"".
2023-01-22 15:43:52.891 &amp#27;[32m INFO&amp#27;[m &amp#27;[35m[@503 - main]&amp#27;[m &amp#27;[36mcom.shaft.tools.io.ReportManager&amp#27;[m : File Action "GetAbsolutePath" successfully performed. With the following test data "Relative Folder Path: "src/test/resources/testDataFiles/Schemas/BadRequestError_schema.json"".
2023-01-22 15:43:52.894 &amp#27;[32m INFO&amp#27;[m &amp#27;[35m[@503 - main]&amp#27;[m &amp#27;[36mcom.shaft.tools.io.ReportManager&amp#27;[m : File Action "DoesFileExist" successfully performed. With the following test data "File Path: "C:\eclipse-workspace\MyProjects\TASystemsAPIs\src\test\resources\testDataFiles\Schemas\BadRequestError_schema.json"".
2023-01-22 15:43:52.895 &amp#27;[32m INFO&amp#27;[m &amp#27;[35m[@503 - main]&amp#27;[m &amp#27;[36mcom.shaft.tools.io.ReportManager&amp#27;[m : File Action "GetAbsolutePath" successfully performed. With the following test data "Relative Folder Path: "C:\eclipse-workspace\MyProjects\TASystemsAPIs\src\test\resources\testDataFiles\Schemas\BadRequestError_schema.json"".
2023-01-22 15:43:52.895 &amp#27;[32m INFO&amp#27;[m &amp#27;[35m[@503 - main]&amp#27;[m &amp#27;[36mcom.shaft.tools.io.ReportManager&amp#27;[m : File Action "ReadFile" successfully performed. With the following test data "File Path: "C:\eclipse-workspace\MyProjects\TASystemsAPIs\src\test\resources\testDataFiles\Schemas\BadRequestError_schema.json"".
2023-01-22 15:43:52.897 &amp#27;[32m INFO&amp#27;[m &amp#27;[35m[@503 - main]&amp#27;[m &amp#27;[36mcom.shaft.tools.io.ReportManager&amp#27;[m : Successfully created attachment "Validation Test Data - Expected JSON Value"
2023-01-22 15:43:52.901 &amp#27;[32m INFO&amp#27;[m &amp#27;[35m[@503 - main]&amp#27;[m &amp#27;[36mcom.shaft.tools.io.ReportManager&amp#27;[m : Successfully created attachment "Validation Test Data - Actual JSON Value"
2023-01-22 15:43:52.902 &amp#27;[32m INFO&amp#27;[m &amp#27;[35m[@503 - main]&amp#27;[m &amp#27;[36mcom.shaft.tools.io.ReportManager&amp#27;[m : Successfully created attachment "SHAFT Engine Logs - Current Method log: Get_Policy_With_BadRequest_data_TC"
]]></system-out>
  </testcase>
  <testcase name="Get_Policy_With_NotFound_data_TC[[Ljava.lang.Object;@6d097447](1)" classname="SteeringCompanyAPI_TestCases.Test_Policies_Cases" time="1.365">
    <system-out><![CDATA[2023-01-22 15:43:52.925 &amp#27;[32m INFO&amp#27;[m &amp#27;[35m[@534 - main]&amp#27;[m &amp#27;[36mcom.shaft.tools.io.ReportManager&amp#27;[m : 
################################################################################################################################################
Starting Execution:	"120 out of 70" test cases in the current suite
Test Method:		"SteeringCompanyAPI_TestCases.Test_Policies_Cases.Get_Policy_With_NotFound_data_TC"
Test Description:	"TC058 -Policy- Perform Get Policy with NotFound data"
################################################################################################################################################
2023-01-22 15:43:52.925 &amp#27;[32m INFO&amp#27;[m &amp#27;[35m[@503 - main]&amp#27;[m &amp#27;[36mcom.shaft.tools.io.ReportManager&amp#27;[m : File Action "DoesFileExist" successfully performed. With the following test data "File Path: "SteeringCompanyAPI_TestData/SteeringCompanyAPI_TestData.xlsx"".
2023-01-22 15:43:52.986 &amp#27;[32m INFO&amp#27;[m &amp#27;[35m[@503 - main]&amp#27;[m &amp#27;[36mcom.shaft.tools.io.ReportManager&amp#27;[m : Successfully created attachment "Test Data - Excel"
2023-01-22 15:43:53.571 &amp#27;[32m INFO&amp#27;[m &amp#27;[35m[@503 - main]&amp#27;[m &amp#27;[36mcom.shaft.tools.io.ReportManager&amp#27;[m : Response status code: "200", status line: "HTTP/1.1 200 OK"
2023-01-22 15:43:53.591 &amp#27;[32m INFO&amp#27;[m &amp#27;[35m[@503 - main]&amp#27;[m &amp#27;[36mcom.shaft.tools.io.ReportManager&amp#27;[m : Successfully created attachment "API Request - Specifications"
2023-01-22 15:43:53.592 &amp#27;[32m INFO&amp#27;[m &amp#27;[35m[@503 - main]&amp#27;[m &amp#27;[36mcom.shaft.tools.io.ReportManager&amp#27;[m : Successfully created attachment "API Request - Body"
2023-01-22 15:43:53.593 &amp#27;[32m INFO&amp#27;[m &amp#27;[35m[@503 - main]&amp#27;[m &amp#27;[36mcom.shaft.tools.io.ReportManager&amp#27;[m : Successfully created attachment "API Response - JSON Body"
2023-01-22 15:43:53.608 &amp#27;[32m INFO&amp#27;[m &amp#27;[35m[@503 - main]&amp#27;[m &amp#27;[36mcom.shaft.tools.io.ReportManager&amp#27;[m : File Action "DoesFileExist" successfully performed. With the following test data "File Path: "SteeringCompanyAPI_TestData/SteeringCompanyAPI_TestData.xlsx"".
2023-01-22 15:43:53.651 &amp#27;[32m INFO&amp#27;[m &amp#27;[35m[@503 - main]&amp#27;[m &amp#27;[36mcom.shaft.tools.io.ReportManager&amp#27;[m : Successfully created attachment "Test Data - Excel"
2023-01-22 15:43:53.652 &amp#27;[32m INFO&amp#27;[m &amp#27;[35m[@503 - main]&amp#27;[m &amp#27;[36mcom.shaft.tools.io.ReportManager&amp#27;[m : File Action "DoesFileExist" successfully performed. With the following test data "File Path: "SteeringCompanyAPI_TestData/SteeringCompanyAPI_TestData.xlsx"".
2023-01-22 15:43:53.708 &amp#27;[32m INFO&amp#27;[m &amp#27;[35m[@503 - main]&amp#27;[m &amp#27;[36mcom.shaft.tools.io.ReportManager&amp#27;[m : Successfully created attachment "Test Data - Excel"
2023-01-22 15:43:53.708 &amp#27;[32m INFO&amp#27;[m &amp#27;[35m[@503 - main]&amp#27;[m &amp#27;[36mcom.shaft.tools.io.ReportManager&amp#27;[m : File Action "DoesFileExist" successfully performed. With the following test data "File Path: "SteeringCompanyAPI_TestData/SteeringCompanyAPI_TestData.xlsx"".
2023-01-22 15:43:53.782 &amp#27;[32m INFO&amp#27;[m &amp#27;[35m[@503 - main]&amp#27;[m &amp#27;[36mcom.shaft.tools.io.ReportManager&amp#27;[m : Successfully created attachment "Test Data - Excel"
2023-01-22 15:43:54.252 &amp#27;[32m INFO&amp#27;[m &amp#27;[35m[@503 - main]&amp#27;[m &amp#27;[36mcom.shaft.tools.io.ReportManager&amp#27;[m : Response status code: "404", status line: "HTTP/1.1 404 "
2023-01-22 15:43:54.270 &amp#27;[32m INFO&amp#27;[m &amp#27;[35m[@503 - main]&amp#27;[m &amp#27;[36mcom.shaft.tools.io.ReportManager&amp#27;[m : Successfully created attachment "API Request - Specifications"
2023-01-22 15:43:54.275 &amp#27;[32m INFO&amp#27;[m &amp#27;[35m[@503 - main]&amp#27;[m &amp#27;[36mcom.shaft.tools.io.ReportManager&amp#27;[m : Successfully created attachment "API Response - JSON Body"
2023-01-22 15:43:54.276 &amp#27;[32m INFO&amp#27;[m &amp#27;[35m[@503 - main]&amp#27;[m &amp#27;[36mcom.shaft.tools.io.ReportManager&amp#27;[m : File Action "DoesFileExist" successfully performed. With the following test data "File Path: "Schemas/NotFoundError_schema.json"".
2023-01-22 15:43:54.276 &amp#27;[32m INFO&amp#27;[m &amp#27;[35m[@503 - main]&amp#27;[m &amp#27;[36mcom.shaft.tools.io.ReportManager&amp#27;[m : File Action "DoesFileExist" successfully performed. With the following test data "File Path: "src/test/resources/testDataFiles/Schemas/NotFoundError_schema.json"".
2023-01-22 15:43:54.277 &amp#27;[32m INFO&amp#27;[m &amp#27;[35m[@503 - main]&amp#27;[m &amp#27;[36mcom.shaft.tools.io.ReportManager&amp#27;[m : File Action "GetAbsolutePath" successfully performed. With the following test data "Relative Folder Path: "src/test/resources/testDataFiles/Schemas/NotFoundError_schema.json"".
2023-01-22 15:43:54.280 &amp#27;[32m INFO&amp#27;[m &amp#27;[35m[@503 - main]&amp#27;[m &amp#27;[36mcom.shaft.tools.io.ReportManager&amp#27;[m : File Action "DoesFileExist" successfully performed. With the following test data "File Path: "C:\eclipse-workspace\MyProjects\TASystemsAPIs\src\test\resources\testDataFiles\Schemas\NotFoundError_schema.json"".
2023-01-22 15:43:54.281 &amp#27;[32m INFO&amp#27;[m &amp#27;[35m[@503 - main]&amp#27;[m &amp#27;[36mcom.shaft.tools.io.ReportManager&amp#27;[m : File Action "GetAbsolutePath" successfully performed. With the following test data "Relative Folder Path: "C:\eclipse-workspace\MyProjects\TASystemsAPIs\src\test\resources\testDataFiles\Schemas\NotFoundError_schema.json"".
2023-01-22 15:43:54.281 &amp#27;[32m INFO&amp#27;[m &amp#27;[35m[@503 - main]&amp#27;[m &amp#27;[36mcom.shaft.tools.io.ReportManager&amp#27;[m : File Action "ReadFile" successfully performed. With the following test data "File Path: "C:\eclipse-workspace\MyProjects\TASystemsAPIs\src\test\resources\testDataFiles\Schemas\NotFoundError_schema.json"".
2023-01-22 15:43:54.283 &amp#27;[32m INFO&amp#27;[m &amp#27;[35m[@503 - main]&amp#27;[m &amp#27;[36mcom.shaft.tools.io.ReportManager&amp#27;[m : Successfully created attachment "Validation Test Data - Expected JSON Value"
2023-01-22 15:43:54.284 &amp#27;[32m INFO&amp#27;[m &amp#27;[35m[@503 - main]&amp#27;[m &amp#27;[36mcom.shaft.tools.io.ReportManager&amp#27;[m : Successfully created attachment "Validation Test Data - Actual JSON Value"
2023-01-22 15:43:54.284 &amp#27;[32m INFO&amp#27;[m &amp#27;[35m[@503 - main]&amp#27;[m &amp#27;[36mcom.shaft.tools.io.ReportManager&amp#27;[m : Successfully created attachment "SHAFT Engine Logs - Current Method log: Get_Policy_With_NotFound_data_TC"
]]></system-out>
  </testcase>
  <testcase name="Get_Policy_With_NotFound_data_TC[[Ljava.lang.Object;@b514ef9](2)" classname="SteeringCompanyAPI_TestCases.Test_Policies_Cases" time="3.68">
    <system-out><![CDATA[2023-01-22 15:43:54.290 &amp#27;[32m INFO&amp#27;[m &amp#27;[35m[@534 - main]&amp#27;[m &amp#27;[36mcom.shaft.tools.io.ReportManager&amp#27;[m : 
################################################################################################################################################
Starting Execution:	"121 out of 70" test cases in the current suite
Test Method:		"SteeringCompanyAPI_TestCases.Test_Policies_Cases.Get_Policy_With_NotFound_data_TC"
Test Description:	"TC058 -Policy- Perform Get Policy with NotFound data"
################################################################################################################################################
2023-01-22 15:43:54.291 &amp#27;[32m INFO&amp#27;[m &amp#27;[35m[@503 - main]&amp#27;[m &amp#27;[36mcom.shaft.tools.io.ReportManager&amp#27;[m : File Action "DoesFileExist" successfully performed. With the following test data "File Path: "SteeringCompanyAPI_TestData/SteeringCompanyAPI_TestData.xlsx"".
2023-01-22 15:43:54.346 &amp#27;[32m INFO&amp#27;[m &amp#27;[35m[@503 - main]&amp#27;[m &amp#27;[36mcom.shaft.tools.io.ReportManager&amp#27;[m : Successfully created attachment "Test Data - Excel"
2023-01-22 15:43:54.945 &amp#27;[32m INFO&amp#27;[m &amp#27;[35m[@503 - main]&amp#27;[m &amp#27;[36mcom.shaft.tools.io.ReportManager&amp#27;[m : Response status code: "200", status line: "HTTP/1.1 200 OK"
2023-01-22 15:43:54.966 &amp#27;[32m INFO&amp#27;[m &amp#27;[35m[@503 - main]&amp#27;[m &amp#27;[36mcom.shaft.tools.io.ReportManager&amp#27;[m : Successfully created attachment "API Request - Specifications"
2023-01-22 15:43:54.969 &amp#27;[32m INFO&amp#27;[m &amp#27;[35m[@503 - main]&amp#27;[m &amp#27;[36mcom.shaft.tools.io.ReportManager&amp#27;[m : Successfully created attachment "API Request - Body"
2023-01-22 15:43:54.971 &amp#27;[32m INFO&amp#27;[m &amp#27;[35m[@503 - main]&amp#27;[m &amp#27;[36mcom.shaft.tools.io.ReportManager&amp#27;[m : Successfully created attachment "API Response - JSON Body"
2023-01-22 15:43:54.989 &amp#27;[32m INFO&amp#27;[m &amp#27;[35m[@503 - main]&amp#27;[m &amp#27;[36mcom.shaft.tools.io.ReportManager&amp#27;[m : File Action "DoesFileExist" successfully performed. With the following test data "File Path: "SteeringCompanyAPI_TestData/SteeringCompanyAPI_TestData.xlsx"".
2023-01-22 15:43:55.050 &amp#27;[32m INFO&amp#27;[m &amp#27;[35m[@503 - main]&amp#27;[m &amp#27;[36mcom.shaft.tools.io.ReportManager&amp#27;[m : Successfully created attachment "Test Data - Excel"
2023-01-22 15:43:55.050 &amp#27;[32m INFO&amp#27;[m &amp#27;[35m[@503 - main]&amp#27;[m &amp#27;[36mcom.shaft.tools.io.ReportManager&amp#27;[m : File Action "DoesFileExist" successfully performed. With the following test data "File Path: "SteeringCompanyAPI_TestData/SteeringCompanyAPI_TestData.xlsx"".
2023-01-22 15:43:55.098 &amp#27;[32m INFO&amp#27;[m &amp#27;[35m[@503 - main]&amp#27;[m &amp#27;[36mcom.shaft.tools.io.ReportManager&amp#27;[m : Successfully created attachment "Test Data - Excel"
2023-01-22 15:43:55.099 &amp#27;[32m INFO&amp#27;[m &amp#27;[35m[@503 - main]&amp#27;[m &amp#27;[36mcom.shaft.tools.io.ReportManager&amp#27;[m : File Action "DoesFileExist" successfully performed. With the following test data "File Path: "SteeringCompanyAPI_TestData/SteeringCompanyAPI_TestData.xlsx"".
2023-01-22 15:43:55.148 &amp#27;[32m INFO&amp#27;[m &amp#27;[35m[@503 - main]&amp#27;[m &amp#27;[36mcom.shaft.tools.io.ReportManager&amp#27;[m : Successfully created attachment "Test Data - Excel"
2023-01-22 15:43:57.936 &amp#27;[32m INFO&amp#27;[m &amp#27;[35m[@503 - main]&amp#27;[m &amp#27;[36mcom.shaft.tools.io.ReportManager&amp#27;[m : Response status code: "404", status line: "HTTP/1.1 404 "
2023-01-22 15:43:57.952 &amp#27;[32m INFO&amp#27;[m &amp#27;[35m[@503 - main]&amp#27;[m &amp#27;[36mcom.shaft.tools.io.ReportManager&amp#27;[m : Successfully created attachment "API Request - Specifications"
2023-01-22 15:43:57.952 &amp#27;[32m INFO&amp#27;[m &amp#27;[35m[@503 - main]&amp#27;[m &amp#27;[36mcom.shaft.tools.io.ReportManager&amp#27;[m : Successfully created attachment "API Response - JSON Body"
2023-01-22 15:43:57.953 &amp#27;[32m INFO&amp#27;[m &amp#27;[35m[@503 - main]&amp#27;[m &amp#27;[36mcom.shaft.tools.io.ReportManager&amp#27;[m : File Action "DoesFileExist" successfully performed. With the following test data "File Path: "Schemas/NotFoundError_schema.json"".
2023-01-22 15:43:57.955 &amp#27;[32m INFO&amp#27;[m &amp#27;[35m[@503 - main]&amp#27;[m &amp#27;[36mcom.shaft.tools.io.ReportManager&amp#27;[m : File Action "DoesFileExist" successfully performed. With the following test data "File Path: "src/test/resources/testDataFiles/Schemas/NotFoundError_schema.json"".
2023-01-22 15:43:57.955 &amp#27;[32m INFO&amp#27;[m &amp#27;[35m[@503 - main]&amp#27;[m &amp#27;[36mcom.shaft.tools.io.ReportManager&amp#27;[m : File Action "GetAbsolutePath" successfully performed. With the following test data "Relative Folder Path: "src/test/resources/testDataFiles/Schemas/NotFoundError_schema.json"".
2023-01-22 15:43:57.958 &amp#27;[32m INFO&amp#27;[m &amp#27;[35m[@503 - main]&amp#27;[m &amp#27;[36mcom.shaft.tools.io.ReportManager&amp#27;[m : File Action "DoesFileExist" successfully performed. With the following test data "File Path: "C:\eclipse-workspace\MyProjects\TASystemsAPIs\src\test\resources\testDataFiles\Schemas\NotFoundError_schema.json"".
2023-01-22 15:43:57.958 &amp#27;[32m INFO&amp#27;[m &amp#27;[35m[@503 - main]&amp#27;[m &amp#27;[36mcom.shaft.tools.io.ReportManager&amp#27;[m : File Action "GetAbsolutePath" successfully performed. With the following test data "Relative Folder Path: "C:\eclipse-workspace\MyProjects\TASystemsAPIs\src\test\resources\testDataFiles\Schemas\NotFoundError_schema.json"".
2023-01-22 15:43:57.958 &amp#27;[32m INFO&amp#27;[m &amp#27;[35m[@503 - main]&amp#27;[m &amp#27;[36mcom.shaft.tools.io.ReportManager&amp#27;[m : File Action "ReadFile" successfully performed. With the following test data "File Path: "C:\eclipse-workspace\MyProjects\TASystemsAPIs\src\test\resources\testDataFiles\Schemas\NotFoundError_schema.json"".
2023-01-22 15:43:57.959 &amp#27;[32m INFO&amp#27;[m &amp#27;[35m[@503 - main]&amp#27;[m &amp#27;[36mcom.shaft.tools.io.ReportManager&amp#27;[m : Successfully created attachment "Validation Test Data - Expected JSON Value"
2023-01-22 15:43:57.961 &amp#27;[32m INFO&amp#27;[m &amp#27;[35m[@503 - main]&amp#27;[m &amp#27;[36mcom.shaft.tools.io.ReportManager&amp#27;[m : Successfully created attachment "Validation Test Data - Actual JSON Value"
2023-01-22 15:43:57.965 &amp#27;[32m INFO&amp#27;[m &amp#27;[35m[@503 - main]&amp#27;[m &amp#27;[36mcom.shaft.tools.io.ReportManager&amp#27;[m : Successfully created attachment "SHAFT Engine Logs - Current Method log: Get_Policy_With_NotFound_data_TC"
]]></system-out>
  </testcase>
  <testcase name="Get_Policy_With_NotFound_data_TC[[Ljava.lang.Object;@11c50812](3)" classname="SteeringCompanyAPI_TestCases.Test_Policies_Cases" time="1.335">
    <system-out><![CDATA[2023-01-22 15:43:57.971 &amp#27;[32m INFO&amp#27;[m &amp#27;[35m[@534 - main]&amp#27;[m &amp#27;[36mcom.shaft.tools.io.ReportManager&amp#27;[m : 
################################################################################################################################################
Starting Execution:	"122 out of 70" test cases in the current suite
Test Method:		"SteeringCompanyAPI_TestCases.Test_Policies_Cases.Get_Policy_With_NotFound_data_TC"
Test Description:	"TC058 -Policy- Perform Get Policy with NotFound data"
################################################################################################################################################
2023-01-22 15:43:57.973 &amp#27;[32m INFO&amp#27;[m &amp#27;[35m[@503 - main]&amp#27;[m &amp#27;[36mcom.shaft.tools.io.ReportManager&amp#27;[m : File Action "DoesFileExist" successfully performed. With the following test data "File Path: "SteeringCompanyAPI_TestData/SteeringCompanyAPI_TestData.xlsx"".
2023-01-22 15:43:58.023 &amp#27;[32m INFO&amp#27;[m &amp#27;[35m[@503 - main]&amp#27;[m &amp#27;[36mcom.shaft.tools.io.ReportManager&amp#27;[m : Successfully created attachment "Test Data - Excel"
2023-01-22 15:43:58.611 &amp#27;[32m INFO&amp#27;[m &amp#27;[35m[@503 - main]&amp#27;[m &amp#27;[36mcom.shaft.tools.io.ReportManager&amp#27;[m : Response status code: "200", status line: "HTTP/1.1 200 OK"
2023-01-22 15:43:58.628 &amp#27;[32m INFO&amp#27;[m &amp#27;[35m[@503 - main]&amp#27;[m &amp#27;[36mcom.shaft.tools.io.ReportManager&amp#27;[m : Successfully created attachment "API Request - Specifications"
2023-01-22 15:43:58.631 &amp#27;[32m INFO&amp#27;[m &amp#27;[35m[@503 - main]&amp#27;[m &amp#27;[36mcom.shaft.tools.io.ReportManager&amp#27;[m : Successfully created attachment "API Request - Body"
2023-01-22 15:43:58.633 &amp#27;[32m INFO&amp#27;[m &amp#27;[35m[@503 - main]&amp#27;[m &amp#27;[36mcom.shaft.tools.io.ReportManager&amp#27;[m : Successfully created attachment "API Response - JSON Body"
2023-01-22 15:43:58.654 &amp#27;[32m INFO&amp#27;[m &amp#27;[35m[@503 - main]&amp#27;[m &amp#27;[36mcom.shaft.tools.io.ReportManager&amp#27;[m : File Action "DoesFileExist" successfully performed. With the following test data "File Path: "SteeringCompanyAPI_TestData/SteeringCompanyAPI_TestData.xlsx"".
2023-01-22 15:43:58.707 &amp#27;[32m INFO&amp#27;[m &amp#27;[35m[@503 - main]&amp#27;[m &amp#27;[36mcom.shaft.tools.io.ReportManager&amp#27;[m : Successfully created attachment "Test Data - Excel"
2023-01-22 15:43:58.707 &amp#27;[32m INFO&amp#27;[m &amp#27;[35m[@503 - main]&amp#27;[m &amp#27;[36mcom.shaft.tools.io.ReportManager&amp#27;[m : File Action "DoesFileExist" successfully performed. With the following test data "File Path: "SteeringCompanyAPI_TestData/SteeringCompanyAPI_TestData.xlsx"".
2023-01-22 15:43:58.758 &amp#27;[32m INFO&amp#27;[m &amp#27;[35m[@503 - main]&amp#27;[m &amp#27;[36mcom.shaft.tools.io.ReportManager&amp#27;[m : Successfully created attachment "Test Data - Excel"
2023-01-22 15:43:58.759 &amp#27;[32m INFO&amp#27;[m &amp#27;[35m[@503 - main]&amp#27;[m &amp#27;[36mcom.shaft.tools.io.ReportManager&amp#27;[m : File Action "DoesFileExist" successfully performed. With the following test data "File Path: "SteeringCompanyAPI_TestData/SteeringCompanyAPI_TestData.xlsx"".
2023-01-22 15:43:58.805 &amp#27;[32m INFO&amp#27;[m &amp#27;[35m[@503 - main]&amp#27;[m &amp#27;[36mcom.shaft.tools.io.ReportManager&amp#27;[m : Successfully created attachment "Test Data - Excel"
2023-01-22 15:43:59.272 &amp#27;[32m INFO&amp#27;[m &amp#27;[35m[@503 - main]&amp#27;[m &amp#27;[36mcom.shaft.tools.io.ReportManager&amp#27;[m : Response status code: "404", status line: "HTTP/1.1 404 "
2023-01-22 15:43:59.287 &amp#27;[32m INFO&amp#27;[m &amp#27;[35m[@503 - main]&amp#27;[m &amp#27;[36mcom.shaft.tools.io.ReportManager&amp#27;[m : Successfully created attachment "API Request - Specifications"
2023-01-22 15:43:59.288 &amp#27;[32m INFO&amp#27;[m &amp#27;[35m[@503 - main]&amp#27;[m &amp#27;[36mcom.shaft.tools.io.ReportManager&amp#27;[m : Successfully created attachment "API Response - JSON Body"
2023-01-22 15:43:59.290 &amp#27;[32m INFO&amp#27;[m &amp#27;[35m[@503 - main]&amp#27;[m &amp#27;[36mcom.shaft.tools.io.ReportManager&amp#27;[m : File Action "DoesFileExist" successfully performed. With the following test data "File Path: "Schemas/NotFoundError_schema.json"".
2023-01-22 15:43:59.290 &amp#27;[32m INFO&amp#27;[m &amp#27;[35m[@503 - main]&amp#27;[m &amp#27;[36mcom.shaft.tools.io.ReportManager&amp#27;[m : File Action "DoesFileExist" successfully performed. With the following test data "File Path: "src/test/resources/testDataFiles/Schemas/NotFoundError_schema.json"".
2023-01-22 15:43:59.291 &amp#27;[32m INFO&amp#27;[m &amp#27;[35m[@503 - main]&amp#27;[m &amp#27;[36mcom.shaft.tools.io.ReportManager&amp#27;[m : File Action "GetAbsolutePath" successfully performed. With the following test data "Relative Folder Path: "src/test/resources/testDataFiles/Schemas/NotFoundError_schema.json"".
2023-01-22 15:43:59.294 &amp#27;[32m INFO&amp#27;[m &amp#27;[35m[@503 - main]&amp#27;[m &amp#27;[36mcom.shaft.tools.io.ReportManager&amp#27;[m : File Action "DoesFileExist" successfully performed. With the following test data "File Path: "C:\eclipse-workspace\MyProjects\TASystemsAPIs\src\test\resources\testDataFiles\Schemas\NotFoundError_schema.json"".
2023-01-22 15:43:59.295 &amp#27;[32m INFO&amp#27;[m &amp#27;[35m[@503 - main]&amp#27;[m &amp#27;[36mcom.shaft.tools.io.ReportManager&amp#27;[m : File Action "GetAbsolutePath" successfully performed. With the following test data "Relative Folder Path: "C:\eclipse-workspace\MyProjects\TASystemsAPIs\src\test\resources\testDataFiles\Schemas\NotFoundError_schema.json"".
2023-01-22 15:43:59.295 &amp#27;[32m INFO&amp#27;[m &amp#27;[35m[@503 - main]&amp#27;[m &amp#27;[36mcom.shaft.tools.io.ReportManager&amp#27;[m : File Action "ReadFile" successfully performed. With the following test data "File Path: "C:\eclipse-workspace\MyProjects\TASystemsAPIs\src\test\resources\testDataFiles\Schemas\NotFoundError_schema.json"".
2023-01-22 15:43:59.299 &amp#27;[32m INFO&amp#27;[m &amp#27;[35m[@503 - main]&amp#27;[m &amp#27;[36mcom.shaft.tools.io.ReportManager&amp#27;[m : Successfully created attachment "Validation Test Data - Expected JSON Value"
2023-01-22 15:43:59.300 &amp#27;[32m INFO&amp#27;[m &amp#27;[35m[@503 - main]&amp#27;[m &amp#27;[36mcom.shaft.tools.io.ReportManager&amp#27;[m : Successfully created attachment "Validation Test Data - Actual JSON Value"
2023-01-22 15:43:59.301 &amp#27;[32m INFO&amp#27;[m &amp#27;[35m[@503 - main]&amp#27;[m &amp#27;[36mcom.shaft.tools.io.ReportManager&amp#27;[m : Successfully created attachment "SHAFT Engine Logs - Current Method log: Get_Policy_With_NotFound_data_TC"
]]></system-out>
  </testcase>
  <testcase name="Get_Policy_With_NotFound_data_TC[[Ljava.lang.Object;@15b2b17d](4)" classname="SteeringCompanyAPI_TestCases.Test_Policies_Cases" time="1.421">
    <system-out><![CDATA[2023-01-22 15:43:59.305 &amp#27;[32m INFO&amp#27;[m &amp#27;[35m[@534 - main]&amp#27;[m &amp#27;[36mcom.shaft.tools.io.ReportManager&amp#27;[m : 
################################################################################################################################################
Starting Execution:	"123 out of 70" test cases in the current suite
Test Method:		"SteeringCompanyAPI_TestCases.Test_Policies_Cases.Get_Policy_With_NotFound_data_TC"
Test Description:	"TC058 -Policy- Perform Get Policy with NotFound data"
################################################################################################################################################
2023-01-22 15:43:59.305 &amp#27;[32m INFO&amp#27;[m &amp#27;[35m[@503 - main]&amp#27;[m &amp#27;[36mcom.shaft.tools.io.ReportManager&amp#27;[m : File Action "DoesFileExist" successfully performed. With the following test data "File Path: "SteeringCompanyAPI_TestData/SteeringCompanyAPI_TestData.xlsx"".
2023-01-22 15:43:59.353 &amp#27;[32m INFO&amp#27;[m &amp#27;[35m[@503 - main]&amp#27;[m &amp#27;[36mcom.shaft.tools.io.ReportManager&amp#27;[m : Successfully created attachment "Test Data - Excel"
2023-01-22 15:43:59.943 &amp#27;[32m INFO&amp#27;[m &amp#27;[35m[@503 - main]&amp#27;[m &amp#27;[36mcom.shaft.tools.io.ReportManager&amp#27;[m : Response status code: "200", status line: "HTTP/1.1 200 OK"
2023-01-22 15:43:59.962 &amp#27;[32m INFO&amp#27;[m &amp#27;[35m[@503 - main]&amp#27;[m &amp#27;[36mcom.shaft.tools.io.ReportManager&amp#27;[m : Successfully created attachment "API Request - Specifications"
2023-01-22 15:43:59.963 &amp#27;[32m INFO&amp#27;[m &amp#27;[35m[@503 - main]&amp#27;[m &amp#27;[36mcom.shaft.tools.io.ReportManager&amp#27;[m : Successfully created attachment "API Request - Body"
2023-01-22 15:43:59.965 &amp#27;[32m INFO&amp#27;[m &amp#27;[35m[@503 - main]&amp#27;[m &amp#27;[36mcom.shaft.tools.io.ReportManager&amp#27;[m : Successfully created attachment "API Response - JSON Body"
2023-01-22 15:43:59.982 &amp#27;[32m INFO&amp#27;[m &amp#27;[35m[@503 - main]&amp#27;[m &amp#27;[36mcom.shaft.tools.io.ReportManager&amp#27;[m : File Action "DoesFileExist" successfully performed. With the following test data "File Path: "SteeringCompanyAPI_TestData/SteeringCompanyAPI_TestData.xlsx"".
2023-01-22 15:44:00.051 &amp#27;[32m INFO&amp#27;[m &amp#27;[35m[@503 - main]&amp#27;[m &amp#27;[36mcom.shaft.tools.io.ReportManager&amp#27;[m : Successfully created attachment "Test Data - Excel"
2023-01-22 15:44:00.052 &amp#27;[32m INFO&amp#27;[m &amp#27;[35m[@503 - main]&amp#27;[m &amp#27;[36mcom.shaft.tools.io.ReportManager&amp#27;[m : File Action "DoesFileExist" successfully performed. With the following test data "File Path: "SteeringCompanyAPI_TestData/SteeringCompanyAPI_TestData.xlsx"".
2023-01-22 15:44:00.120 &amp#27;[32m INFO&amp#27;[m &amp#27;[35m[@503 - main]&amp#27;[m &amp#27;[36mcom.shaft.tools.io.ReportManager&amp#27;[m : Successfully created attachment "Test Data - Excel"
2023-01-22 15:44:00.120 &amp#27;[32m INFO&amp#27;[m &amp#27;[35m[@503 - main]&amp#27;[m &amp#27;[36mcom.shaft.tools.io.ReportManager&amp#27;[m : File Action "DoesFileExist" successfully performed. With the following test data "File Path: "SteeringCompanyAPI_TestData/SteeringCompanyAPI_TestData.xlsx"".
2023-01-22 15:44:00.202 &amp#27;[32m INFO&amp#27;[m &amp#27;[35m[@503 - main]&amp#27;[m &amp#27;[36mcom.shaft.tools.io.ReportManager&amp#27;[m : Successfully created attachment "Test Data - Excel"
2023-01-22 15:44:00.688 &amp#27;[32m INFO&amp#27;[m &amp#27;[35m[@503 - main]&amp#27;[m &amp#27;[36mcom.shaft.tools.io.ReportManager&amp#27;[m : Response status code: "404", status line: "HTTP/1.1 404 "
2023-01-22 15:44:00.708 &amp#27;[32m INFO&amp#27;[m &amp#27;[35m[@503 - main]&amp#27;[m &amp#27;[36mcom.shaft.tools.io.ReportManager&amp#27;[m : Successfully created attachment "API Request - Specifications"
2023-01-22 15:44:00.709 &amp#27;[32m INFO&amp#27;[m &amp#27;[35m[@503 - main]&amp#27;[m &amp#27;[36mcom.shaft.tools.io.ReportManager&amp#27;[m : Successfully created attachment "API Response - JSON Body"
2023-01-22 15:44:00.711 &amp#27;[32m INFO&amp#27;[m &amp#27;[35m[@503 - main]&amp#27;[m &amp#27;[36mcom.shaft.tools.io.ReportManager&amp#27;[m : File Action "DoesFileExist" successfully performed. With the following test data "File Path: "Schemas/NotFoundError_schema.json"".
2023-01-22 15:44:00.712 &amp#27;[32m INFO&amp#27;[m &amp#27;[35m[@503 - main]&amp#27;[m &amp#27;[36mcom.shaft.tools.io.ReportManager&amp#27;[m : File Action "DoesFileExist" successfully performed. With the following test data "File Path: "src/test/resources/testDataFiles/Schemas/NotFoundError_schema.json"".
2023-01-22 15:44:00.712 &amp#27;[32m INFO&amp#27;[m &amp#27;[35m[@503 - main]&amp#27;[m &amp#27;[36mcom.shaft.tools.io.ReportManager&amp#27;[m : File Action "GetAbsolutePath" successfully performed. With the following test data "Relative Folder Path: "src/test/resources/testDataFiles/Schemas/NotFoundError_schema.json"".
2023-01-22 15:44:00.715 &amp#27;[32m INFO&amp#27;[m &amp#27;[35m[@503 - main]&amp#27;[m &amp#27;[36mcom.shaft.tools.io.ReportManager&amp#27;[m : File Action "DoesFileExist" successfully performed. With the following test data "File Path: "C:\eclipse-workspace\MyProjects\TASystemsAPIs\src\test\resources\testDataFiles\Schemas\NotFoundError_schema.json"".
2023-01-22 15:44:00.715 &amp#27;[32m INFO&amp#27;[m &amp#27;[35m[@503 - main]&amp#27;[m &amp#27;[36mcom.shaft.tools.io.ReportManager&amp#27;[m : File Action "GetAbsolutePath" successfully performed. With the following test data "Relative Folder Path: "C:\eclipse-workspace\MyProjects\TASystemsAPIs\src\test\resources\testDataFiles\Schemas\NotFoundError_schema.json"".
2023-01-22 15:44:00.716 &amp#27;[32m INFO&amp#27;[m &amp#27;[35m[@503 - main]&amp#27;[m &amp#27;[36mcom.shaft.tools.io.ReportManager&amp#27;[m : File Action "ReadFile" successfully performed. With the following test data "File Path: "C:\eclipse-workspace\MyProjects\TASystemsAPIs\src\test\resources\testDataFiles\Schemas\NotFoundError_schema.json"".
2023-01-22 15:44:00.718 &amp#27;[32m INFO&amp#27;[m &amp#27;[35m[@503 - main]&amp#27;[m &amp#27;[36mcom.shaft.tools.io.ReportManager&amp#27;[m : Successfully created attachment "Validation Test Data - Expected JSON Value"
2023-01-22 15:44:00.718 &amp#27;[32m INFO&amp#27;[m &amp#27;[35m[@503 - main]&amp#27;[m &amp#27;[36mcom.shaft.tools.io.ReportManager&amp#27;[m : Successfully created attachment "Validation Test Data - Actual JSON Value"
2023-01-22 15:44:00.721 &amp#27;[32m INFO&amp#27;[m &amp#27;[35m[@503 - main]&amp#27;[m &amp#27;[36mcom.shaft.tools.io.ReportManager&amp#27;[m : Successfully created attachment "SHAFT Engine Logs - Current Method log: Get_Policy_With_NotFound_data_TC"
]]></system-out>
  </testcase>
  <testcase name="Get_Policy_With_NotFound_data_TC[[Ljava.lang.Object;@75505110](5)" classname="SteeringCompanyAPI_TestCases.Test_Policies_Cases" time="1.338">
    <system-out><![CDATA[2023-01-22 15:44:00.727 &amp#27;[32m INFO&amp#27;[m &amp#27;[35m[@534 - main]&amp#27;[m &amp#27;[36mcom.shaft.tools.io.ReportManager&amp#27;[m : 
################################################################################################################################################
Starting Execution:	"124 out of 70" test cases in the current suite
Test Method:		"SteeringCompanyAPI_TestCases.Test_Policies_Cases.Get_Policy_With_NotFound_data_TC"
Test Description:	"TC058 -Policy- Perform Get Policy with NotFound data"
################################################################################################################################################
2023-01-22 15:44:00.729 &amp#27;[32m INFO&amp#27;[m &amp#27;[35m[@503 - main]&amp#27;[m &amp#27;[36mcom.shaft.tools.io.ReportManager&amp#27;[m : File Action "DoesFileExist" successfully performed. With the following test data "File Path: "SteeringCompanyAPI_TestData/SteeringCompanyAPI_TestData.xlsx"".
2023-01-22 15:44:00.783 &amp#27;[32m INFO&amp#27;[m &amp#27;[35m[@503 - main]&amp#27;[m &amp#27;[36mcom.shaft.tools.io.ReportManager&amp#27;[m : Successfully created attachment "Test Data - Excel"
2023-01-22 15:44:01.395 &amp#27;[32m INFO&amp#27;[m &amp#27;[35m[@503 - main]&amp#27;[m &amp#27;[36mcom.shaft.tools.io.ReportManager&amp#27;[m : Response status code: "200", status line: "HTTP/1.1 200 OK"
2023-01-22 15:44:01.417 &amp#27;[32m INFO&amp#27;[m &amp#27;[35m[@503 - main]&amp#27;[m &amp#27;[36mcom.shaft.tools.io.ReportManager&amp#27;[m : Successfully created attachment "API Request - Specifications"
2023-01-22 15:44:01.418 &amp#27;[32m INFO&amp#27;[m &amp#27;[35m[@503 - main]&amp#27;[m &amp#27;[36mcom.shaft.tools.io.ReportManager&amp#27;[m : Successfully created attachment "API Request - Body"
2023-01-22 15:44:01.420 &amp#27;[32m INFO&amp#27;[m &amp#27;[35m[@503 - main]&amp#27;[m &amp#27;[36mcom.shaft.tools.io.ReportManager&amp#27;[m : Successfully created attachment "API Response - JSON Body"
2023-01-22 15:44:01.439 &amp#27;[32m INFO&amp#27;[m &amp#27;[35m[@503 - main]&amp#27;[m &amp#27;[36mcom.shaft.tools.io.ReportManager&amp#27;[m : File Action "DoesFileExist" successfully performed. With the following test data "File Path: "SteeringCompanyAPI_TestData/SteeringCompanyAPI_TestData.xlsx"".
2023-01-22 15:44:01.486 &amp#27;[32m INFO&amp#27;[m &amp#27;[35m[@503 - main]&amp#27;[m &amp#27;[36mcom.shaft.tools.io.ReportManager&amp#27;[m : Successfully created attachment "Test Data - Excel"
2023-01-22 15:44:01.487 &amp#27;[32m INFO&amp#27;[m &amp#27;[35m[@503 - main]&amp#27;[m &amp#27;[36mcom.shaft.tools.io.ReportManager&amp#27;[m : File Action "DoesFileExist" successfully performed. With the following test data "File Path: "SteeringCompanyAPI_TestData/SteeringCompanyAPI_TestData.xlsx"".
2023-01-22 15:44:01.529 &amp#27;[32m INFO&amp#27;[m &amp#27;[35m[@503 - main]&amp#27;[m &amp#27;[36mcom.shaft.tools.io.ReportManager&amp#27;[m : Successfully created attachment "Test Data - Excel"
2023-01-22 15:44:01.530 &amp#27;[32m INFO&amp#27;[m &amp#27;[35m[@503 - main]&amp#27;[m &amp#27;[36mcom.shaft.tools.io.ReportManager&amp#27;[m : File Action "DoesFileExist" successfully performed. With the following test data "File Path: "SteeringCompanyAPI_TestData/SteeringCompanyAPI_TestData.xlsx"".
2023-01-22 15:44:01.573 &amp#27;[32m INFO&amp#27;[m &amp#27;[35m[@503 - main]&amp#27;[m &amp#27;[36mcom.shaft.tools.io.ReportManager&amp#27;[m : Successfully created attachment "Test Data - Excel"
2023-01-22 15:44:02.030 &amp#27;[32m INFO&amp#27;[m &amp#27;[35m[@503 - main]&amp#27;[m &amp#27;[36mcom.shaft.tools.io.ReportManager&amp#27;[m : Response status code: "404", status line: "HTTP/1.1 404 "
2023-01-22 15:44:02.048 &amp#27;[32m INFO&amp#27;[m &amp#27;[35m[@503 - main]&amp#27;[m &amp#27;[36mcom.shaft.tools.io.ReportManager&amp#27;[m : Successfully created attachment "API Request - Specifications"
2023-01-22 15:44:02.049 &amp#27;[32m INFO&amp#27;[m &amp#27;[35m[@503 - main]&amp#27;[m &amp#27;[36mcom.shaft.tools.io.ReportManager&amp#27;[m : Successfully created attachment "API Response - JSON Body"
2023-01-22 15:44:02.052 &amp#27;[32m INFO&amp#27;[m &amp#27;[35m[@503 - main]&amp#27;[m &amp#27;[36mcom.shaft.tools.io.ReportManager&amp#27;[m : File Action "DoesFileExist" successfully performed. With the following test data "File Path: "Schemas/NotFoundError_schema.json"".
2023-01-22 15:44:02.052 &amp#27;[32m INFO&amp#27;[m &amp#27;[35m[@503 - main]&amp#27;[m &amp#27;[36mcom.shaft.tools.io.ReportManager&amp#27;[m : File Action "DoesFileExist" successfully performed. With the following test data "File Path: "src/test/resources/testDataFiles/Schemas/NotFoundError_schema.json"".
2023-01-22 15:44:02.052 &amp#27;[32m INFO&amp#27;[m &amp#27;[35m[@503 - main]&amp#27;[m &amp#27;[36mcom.shaft.tools.io.ReportManager&amp#27;[m : File Action "GetAbsolutePath" successfully performed. With the following test data "Relative Folder Path: "src/test/resources/testDataFiles/Schemas/NotFoundError_schema.json"".
2023-01-22 15:44:02.056 &amp#27;[32m INFO&amp#27;[m &amp#27;[35m[@503 - main]&amp#27;[m &amp#27;[36mcom.shaft.tools.io.ReportManager&amp#27;[m : File Action "DoesFileExist" successfully performed. With the following test data "File Path: "C:\eclipse-workspace\MyProjects\TASystemsAPIs\src\test\resources\testDataFiles\Schemas\NotFoundError_schema.json"".
2023-01-22 15:44:02.056 &amp#27;[32m INFO&amp#27;[m &amp#27;[35m[@503 - main]&amp#27;[m &amp#27;[36mcom.shaft.tools.io.ReportManager&amp#27;[m : File Action "GetAbsolutePath" successfully performed. With the following test data "Relative Folder Path: "C:\eclipse-workspace\MyProjects\TASystemsAPIs\src\test\resources\testDataFiles\Schemas\NotFoundError_schema.json"".
2023-01-22 15:44:02.056 &amp#27;[32m INFO&amp#27;[m &amp#27;[35m[@503 - main]&amp#27;[m &amp#27;[36mcom.shaft.tools.io.ReportManager&amp#27;[m : File Action "ReadFile" successfully performed. With the following test data "File Path: "C:\eclipse-workspace\MyProjects\TASystemsAPIs\src\test\resources\testDataFiles\Schemas\NotFoundError_schema.json"".
2023-01-22 15:44:02.059 &amp#27;[32m INFO&amp#27;[m &amp#27;[35m[@503 - main]&amp#27;[m &amp#27;[36mcom.shaft.tools.io.ReportManager&amp#27;[m : Successfully created attachment "Validation Test Data - Expected JSON Value"
2023-01-22 15:44:02.060 &amp#27;[32m INFO&amp#27;[m &amp#27;[35m[@503 - main]&amp#27;[m &amp#27;[36mcom.shaft.tools.io.ReportManager&amp#27;[m : Successfully created attachment "Validation Test Data - Actual JSON Value"
2023-01-22 15:44:02.061 &amp#27;[32m INFO&amp#27;[m &amp#27;[35m[@503 - main]&amp#27;[m &amp#27;[36mcom.shaft.tools.io.ReportManager&amp#27;[m : Successfully created attachment "SHAFT Engine Logs - Current Method log: Get_Policy_With_NotFound_data_TC"
]]></system-out>
  </testcase>
  <testcase name="InValid_Add_Cancel_Policy_With_Invalid_Token_TC[[Ljava.lang.Object;@ffa9646](1)" classname="SteeringCompanyAPI_TestCases.Test_Policies_Cases" time="0.651">
    <system-out><![CDATA[2023-01-22 15:44:02.067 &amp#27;[32m INFO&amp#27;[m &amp#27;[35m[@534 - main]&amp#27;[m &amp#27;[36mcom.shaft.tools.io.ReportManager&amp#27;[m : 
################################################################################################################################################
Starting Execution:	"125 out of 70" test cases in the current suite
Test Method:		"SteeringCompanyAPI_TestCases.Test_Policies_Cases.InValid_Add_Cancel_Policy_With_Invalid_Token_TC"
Test Description:	"TC021 -Policy- Perform Add Cancel Policy With Invalid/Expired Token"
################################################################################################################################################
2023-01-22 15:44:02.068 &amp#27;[32m INFO&amp#27;[m &amp#27;[35m[@503 - main]&amp#27;[m &amp#27;[36mcom.shaft.tools.io.ReportManager&amp#27;[m : File Action "DoesFileExist" successfully performed. With the following test data "File Path: "SteeringCompanyAPI_TestData/SteeringCompanyAPI_TestData.xlsx"".
2023-01-22 15:44:02.104 &amp#27;[32m INFO&amp#27;[m &amp#27;[35m[@503 - main]&amp#27;[m &amp#27;[36mcom.shaft.tools.io.ReportManager&amp#27;[m : Successfully created attachment "Test Data - Excel"
2023-01-22 15:44:02.105 &amp#27;[32m INFO&amp#27;[m &amp#27;[35m[@503 - main]&amp#27;[m &amp#27;[36mcom.shaft.tools.io.ReportManager&amp#27;[m : File Action "DoesFileExist" successfully performed. With the following test data "File Path: "SteeringCompanyAPI_TestData/SteeringCompanyAPI_TestData.xlsx"".
2023-01-22 15:44:02.159 &amp#27;[32m INFO&amp#27;[m &amp#27;[35m[@503 - main]&amp#27;[m &amp#27;[36mcom.shaft.tools.io.ReportManager&amp#27;[m : Successfully created attachment "Test Data - Excel"
2023-01-22 15:44:02.160 &amp#27;[32m INFO&amp#27;[m &amp#27;[35m[@503 - main]&amp#27;[m &amp#27;[36mcom.shaft.tools.io.ReportManager&amp#27;[m : File Action "DoesFileExist" successfully performed. With the following test data "File Path: "SteeringCompanyAPI_TestData/SteeringCompanyAPI_TestData.xlsx"".
2023-01-22 15:44:02.233 &amp#27;[32m INFO&amp#27;[m &amp#27;[35m[@503 - main]&amp#27;[m &amp#27;[36mcom.shaft.tools.io.ReportManager&amp#27;[m : Successfully created attachment "Test Data - Excel"
2023-01-22 15:44:02.704 &amp#27;[32m INFO&amp#27;[m &amp#27;[35m[@503 - main]&amp#27;[m &amp#27;[36mcom.shaft.tools.io.ReportManager&amp#27;[m : Response status code: "401", status line: "HTTP/1.1 401 "
2023-01-22 15:44:02.707 &amp#27;[32m INFO&amp#27;[m &amp#27;[35m[@503 - main]&amp#27;[m &amp#27;[36mcom.shaft.tools.io.ReportManager&amp#27;[m : Successfully created attachment "API Request - Specifications"
2023-01-22 15:44:02.711 &amp#27;[32m INFO&amp#27;[m &amp#27;[35m[@503 - main]&amp#27;[m &amp#27;[36mcom.shaft.tools.io.ReportManager&amp#27;[m : Successfully created attachment "API Request - JSON Body"
2023-01-22 15:44:02.712 &amp#27;[32m INFO&amp#27;[m &amp#27;[35m[@503 - main]&amp#27;[m &amp#27;[36mcom.shaft.tools.io.ReportManager&amp#27;[m : Successfully created attachment "API Response - JSON Body"
2023-01-22 15:44:02.714 &amp#27;[32m INFO&amp#27;[m &amp#27;[35m[@503 - main]&amp#27;[m &amp#27;[36mcom.shaft.tools.io.ReportManager&amp#27;[m : Successfully created attachment "SHAFT Engine Logs - Current Method log: InValid_Add_Cancel_Policy_With_Invalid_Token_TC"
]]></system-out>
  </testcase>
  <testcase name="InValid_Add_Cancel_Policy_With_Invalid_Token_TC[[Ljava.lang.Object;@38eef9f3](2)" classname="SteeringCompanyAPI_TestCases.Test_Policies_Cases" time="0.67">
    <system-out><![CDATA[2023-01-22 15:44:02.720 &amp#27;[32m INFO&amp#27;[m &amp#27;[35m[@534 - main]&amp#27;[m &amp#27;[36mcom.shaft.tools.io.ReportManager&amp#27;[m : 
################################################################################################################################################
Starting Execution:	"126 out of 70" test cases in the current suite
Test Method:		"SteeringCompanyAPI_TestCases.Test_Policies_Cases.InValid_Add_Cancel_Policy_With_Invalid_Token_TC"
Test Description:	"TC021 -Policy- Perform Add Cancel Policy With Invalid/Expired Token"
################################################################################################################################################
2023-01-22 15:44:02.720 &amp#27;[32m INFO&amp#27;[m &amp#27;[35m[@503 - main]&amp#27;[m &amp#27;[36mcom.shaft.tools.io.ReportManager&amp#27;[m : File Action "DoesFileExist" successfully performed. With the following test data "File Path: "SteeringCompanyAPI_TestData/SteeringCompanyAPI_TestData.xlsx"".
2023-01-22 15:44:02.776 &amp#27;[32m INFO&amp#27;[m &amp#27;[35m[@503 - main]&amp#27;[m &amp#27;[36mcom.shaft.tools.io.ReportManager&amp#27;[m : Successfully created attachment "Test Data - Excel"
2023-01-22 15:44:02.777 &amp#27;[32m INFO&amp#27;[m &amp#27;[35m[@503 - main]&amp#27;[m &amp#27;[36mcom.shaft.tools.io.ReportManager&amp#27;[m : File Action "DoesFileExist" successfully performed. With the following test data "File Path: "SteeringCompanyAPI_TestData/SteeringCompanyAPI_TestData.xlsx"".
2023-01-22 15:44:02.847 &amp#27;[32m INFO&amp#27;[m &amp#27;[35m[@503 - main]&amp#27;[m &amp#27;[36mcom.shaft.tools.io.ReportManager&amp#27;[m : Successfully created attachment "Test Data - Excel"
2023-01-22 15:44:02.848 &amp#27;[32m INFO&amp#27;[m &amp#27;[35m[@503 - main]&amp#27;[m &amp#27;[36mcom.shaft.tools.io.ReportManager&amp#27;[m : File Action "DoesFileExist" successfully performed. With the following test data "File Path: "SteeringCompanyAPI_TestData/SteeringCompanyAPI_TestData.xlsx"".
2023-01-22 15:44:02.926 &amp#27;[32m INFO&amp#27;[m &amp#27;[35m[@503 - main]&amp#27;[m &amp#27;[36mcom.shaft.tools.io.ReportManager&amp#27;[m : Successfully created attachment "Test Data - Excel"
2023-01-22 15:44:03.374 &amp#27;[32m INFO&amp#27;[m &amp#27;[35m[@503 - main]&amp#27;[m &amp#27;[36mcom.shaft.tools.io.ReportManager&amp#27;[m : Response status code: "401", status line: "HTTP/1.1 401 "
2023-01-22 15:44:03.379 &amp#27;[32m INFO&amp#27;[m &amp#27;[35m[@503 - main]&amp#27;[m &amp#27;[36mcom.shaft.tools.io.ReportManager&amp#27;[m : Successfully created attachment "API Request - Specifications"
2023-01-22 15:44:03.381 &amp#27;[32m INFO&amp#27;[m &amp#27;[35m[@503 - main]&amp#27;[m &amp#27;[36mcom.shaft.tools.io.ReportManager&amp#27;[m : Successfully created attachment "API Request - JSON Body"
2023-01-22 15:44:03.382 &amp#27;[32m INFO&amp#27;[m &amp#27;[35m[@503 - main]&amp#27;[m &amp#27;[36mcom.shaft.tools.io.ReportManager&amp#27;[m : Successfully created attachment "API Response - JSON Body"
2023-01-22 15:44:03.385 &amp#27;[32m INFO&amp#27;[m &amp#27;[35m[@503 - main]&amp#27;[m &amp#27;[36mcom.shaft.tools.io.ReportManager&amp#27;[m : Successfully created attachment "SHAFT Engine Logs - Current Method log: InValid_Add_Cancel_Policy_With_Invalid_Token_TC"
]]></system-out>
  </testcase>
  <testcase name="InValid_Add_Cancel_Policy_With_Invalid_Token_TC[[Ljava.lang.Object;@43a67f77](3)" classname="SteeringCompanyAPI_TestCases.Test_Policies_Cases" time="0.636">
    <system-out><![CDATA[2023-01-22 15:44:03.392 &amp#27;[32m INFO&amp#27;[m &amp#27;[35m[@534 - main]&amp#27;[m &amp#27;[36mcom.shaft.tools.io.ReportManager&amp#27;[m : 
################################################################################################################################################
Starting Execution:	"127 out of 70" test cases in the current suite
Test Method:		"SteeringCompanyAPI_TestCases.Test_Policies_Cases.InValid_Add_Cancel_Policy_With_Invalid_Token_TC"
Test Description:	"TC021 -Policy- Perform Add Cancel Policy With Invalid/Expired Token"
################################################################################################################################################
2023-01-22 15:44:03.393 &amp#27;[32m INFO&amp#27;[m &amp#27;[35m[@503 - main]&amp#27;[m &amp#27;[36mcom.shaft.tools.io.ReportManager&amp#27;[m : File Action "DoesFileExist" successfully performed. With the following test data "File Path: "SteeringCompanyAPI_TestData/SteeringCompanyAPI_TestData.xlsx"".
2023-01-22 15:44:03.446 &amp#27;[32m INFO&amp#27;[m &amp#27;[35m[@503 - main]&amp#27;[m &amp#27;[36mcom.shaft.tools.io.ReportManager&amp#27;[m : Successfully created attachment "Test Data - Excel"
2023-01-22 15:44:03.446 &amp#27;[32m INFO&amp#27;[m &amp#27;[35m[@503 - main]&amp#27;[m &amp#27;[36mcom.shaft.tools.io.ReportManager&amp#27;[m : File Action "DoesFileExist" successfully performed. With the following test data "File Path: "SteeringCompanyAPI_TestData/SteeringCompanyAPI_TestData.xlsx"".
2023-01-22 15:44:03.499 &amp#27;[32m INFO&amp#27;[m &amp#27;[35m[@503 - main]&amp#27;[m &amp#27;[36mcom.shaft.tools.io.ReportManager&amp#27;[m : Successfully created attachment "Test Data - Excel"
2023-01-22 15:44:03.499 &amp#27;[32m INFO&amp#27;[m &amp#27;[35m[@503 - main]&amp#27;[m &amp#27;[36mcom.shaft.tools.io.ReportManager&amp#27;[m : File Action "DoesFileExist" successfully performed. With the following test data "File Path: "SteeringCompanyAPI_TestData/SteeringCompanyAPI_TestData.xlsx"".
2023-01-22 15:44:03.552 &amp#27;[32m INFO&amp#27;[m &amp#27;[35m[@503 - main]&amp#27;[m &amp#27;[36mcom.shaft.tools.io.ReportManager&amp#27;[m : Successfully created attachment "Test Data - Excel"
2023-01-22 15:44:04.012 &amp#27;[32m INFO&amp#27;[m &amp#27;[35m[@503 - main]&amp#27;[m &amp#27;[36mcom.shaft.tools.io.ReportManager&amp#27;[m : Response status code: "401", status line: "HTTP/1.1 401 "
2023-01-22 15:44:04.015 &amp#27;[32m INFO&amp#27;[m &amp#27;[35m[@503 - main]&amp#27;[m &amp#27;[36mcom.shaft.tools.io.ReportManager&amp#27;[m : Successfully created attachment "API Request - Specifications"
2023-01-22 15:44:04.016 &amp#27;[32m INFO&amp#27;[m &amp#27;[35m[@503 - main]&amp#27;[m &amp#27;[36mcom.shaft.tools.io.ReportManager&amp#27;[m : Successfully created attachment "API Request - JSON Body"
2023-01-22 15:44:04.017 &amp#27;[32m INFO&amp#27;[m &amp#27;[35m[@503 - main]&amp#27;[m &amp#27;[36mcom.shaft.tools.io.ReportManager&amp#27;[m : Successfully created attachment "API Response - JSON Body"
2023-01-22 15:44:04.021 &amp#27;[32m INFO&amp#27;[m &amp#27;[35m[@503 - main]&amp#27;[m &amp#27;[36mcom.shaft.tools.io.ReportManager&amp#27;[m : Successfully created attachment "SHAFT Engine Logs - Current Method log: InValid_Add_Cancel_Policy_With_Invalid_Token_TC"
]]></system-out>
  </testcase>
  <testcase name="InValid_Add_Cancel_Policy_With_Missing_Token_TC[[Ljava.lang.Object;@5b021360](1)" classname="SteeringCompanyAPI_TestCases.Test_Policies_Cases" time="0.673">
    <system-out><![CDATA[2023-01-22 15:44:04.030 &amp#27;[32m INFO&amp#27;[m &amp#27;[35m[@534 - main]&amp#27;[m &amp#27;[36mcom.shaft.tools.io.ReportManager&amp#27;[m : 
################################################################################################################################################
Starting Execution:	"128 out of 70" test cases in the current suite
Test Method:		"SteeringCompanyAPI_TestCases.Test_Policies_Cases.InValid_Add_Cancel_Policy_With_Missing_Token_TC"
Test Description:	"TC020 -Policy- Perform Add Cancel Policy With Missing Token"
################################################################################################################################################
2023-01-22 15:44:04.031 &amp#27;[32m INFO&amp#27;[m &amp#27;[35m[@503 - main]&amp#27;[m &amp#27;[36mcom.shaft.tools.io.ReportManager&amp#27;[m : File Action "DoesFileExist" successfully performed. With the following test data "File Path: "SteeringCompanyAPI_TestData/SteeringCompanyAPI_TestData.xlsx"".
2023-01-22 15:44:04.084 &amp#27;[32m INFO&amp#27;[m &amp#27;[35m[@503 - main]&amp#27;[m &amp#27;[36mcom.shaft.tools.io.ReportManager&amp#27;[m : Successfully created attachment "Test Data - Excel"
2023-01-22 15:44:04.084 &amp#27;[32m INFO&amp#27;[m &amp#27;[35m[@503 - main]&amp#27;[m &amp#27;[36mcom.shaft.tools.io.ReportManager&amp#27;[m : File Action "DoesFileExist" successfully performed. With the following test data "File Path: "SteeringCompanyAPI_TestData/SteeringCompanyAPI_TestData.xlsx"".
2023-01-22 15:44:04.151 &amp#27;[32m INFO&amp#27;[m &amp#27;[35m[@503 - main]&amp#27;[m &amp#27;[36mcom.shaft.tools.io.ReportManager&amp#27;[m : Successfully created attachment "Test Data - Excel"
2023-01-22 15:44:04.152 &amp#27;[32m INFO&amp#27;[m &amp#27;[35m[@503 - main]&amp#27;[m &amp#27;[36mcom.shaft.tools.io.ReportManager&amp#27;[m : File Action "DoesFileExist" successfully performed. With the following test data "File Path: "SteeringCompanyAPI_TestData/SteeringCompanyAPI_TestData.xlsx"".
2023-01-22 15:44:04.211 &amp#27;[32m INFO&amp#27;[m &amp#27;[35m[@503 - main]&amp#27;[m &amp#27;[36mcom.shaft.tools.io.ReportManager&amp#27;[m : Successfully created attachment "Test Data - Excel"
2023-01-22 15:44:04.663 &amp#27;[32m INFO&amp#27;[m &amp#27;[35m[@503 - main]&amp#27;[m &amp#27;[36mcom.shaft.tools.io.ReportManager&amp#27;[m : Response status code: "401", status line: "HTTP/1.1 401 "
2023-01-22 15:44:04.681 &amp#27;[32m INFO&amp#27;[m &amp#27;[35m[@503 - main]&amp#27;[m &amp#27;[36mcom.shaft.tools.io.ReportManager&amp#27;[m : Successfully created attachment "API Request - Specifications"
2023-01-22 15:44:04.683 &amp#27;[32m INFO&amp#27;[m &amp#27;[35m[@503 - main]&amp#27;[m &amp#27;[36mcom.shaft.tools.io.ReportManager&amp#27;[m : Successfully created attachment "API Request - JSON Body"
2023-01-22 15:44:04.684 &amp#27;[32m INFO&amp#27;[m &amp#27;[35m[@503 - main]&amp#27;[m &amp#27;[36mcom.shaft.tools.io.ReportManager&amp#27;[m : Successfully created attachment "API Response - JSON Body"
2023-01-22 15:44:04.686 &amp#27;[32m INFO&amp#27;[m &amp#27;[35m[@503 - main]&amp#27;[m &amp#27;[36mcom.shaft.tools.io.ReportManager&amp#27;[m : File Action "DoesFileExist" successfully performed. With the following test data "File Path: "Schemas/InvalidTokenRequest_Unauthorized_schema.json"".
2023-01-22 15:44:04.686 &amp#27;[32m INFO&amp#27;[m &amp#27;[35m[@503 - main]&amp#27;[m &amp#27;[36mcom.shaft.tools.io.ReportManager&amp#27;[m : File Action "DoesFileExist" successfully performed. With the following test data "File Path: "src/test/resources/testDataFiles/Schemas/InvalidTokenRequest_Unauthorized_schema.json"".
2023-01-22 15:44:04.686 &amp#27;[32m INFO&amp#27;[m &amp#27;[35m[@503 - main]&amp#27;[m &amp#27;[36mcom.shaft.tools.io.ReportManager&amp#27;[m : File Action "GetAbsolutePath" successfully performed. With the following test data "Relative Folder Path: "src/test/resources/testDataFiles/Schemas/InvalidTokenRequest_Unauthorized_schema.json"".
2023-01-22 15:44:04.690 &amp#27;[32m INFO&amp#27;[m &amp#27;[35m[@503 - main]&amp#27;[m &amp#27;[36mcom.shaft.tools.io.ReportManager&amp#27;[m : File Action "DoesFileExist" successfully performed. With the following test data "File Path: "C:\eclipse-workspace\MyProjects\TASystemsAPIs\src\test\resources\testDataFiles\Schemas\InvalidTokenRequest_Unauthorized_schema.json"".
2023-01-22 15:44:04.690 &amp#27;[32m INFO&amp#27;[m &amp#27;[35m[@503 - main]&amp#27;[m &amp#27;[36mcom.shaft.tools.io.ReportManager&amp#27;[m : File Action "GetAbsolutePath" successfully performed. With the following test data "Relative Folder Path: "C:\eclipse-workspace\MyProjects\TASystemsAPIs\src\test\resources\testDataFiles\Schemas\InvalidTokenRequest_Unauthorized_schema.json"".
2023-01-22 15:44:04.691 &amp#27;[32m INFO&amp#27;[m &amp#27;[35m[@503 - main]&amp#27;[m &amp#27;[36mcom.shaft.tools.io.ReportManager&amp#27;[m : File Action "ReadFile" successfully performed. With the following test data "File Path: "C:\eclipse-workspace\MyProjects\TASystemsAPIs\src\test\resources\testDataFiles\Schemas\InvalidTokenRequest_Unauthorized_schema.json"".
2023-01-22 15:44:04.695 &amp#27;[32m INFO&amp#27;[m &amp#27;[35m[@503 - main]&amp#27;[m &amp#27;[36mcom.shaft.tools.io.ReportManager&amp#27;[m : Successfully created attachment "Validation Test Data - Expected JSON Value"
2023-01-22 15:44:04.696 &amp#27;[32m INFO&amp#27;[m &amp#27;[35m[@503 - main]&amp#27;[m &amp#27;[36mcom.shaft.tools.io.ReportManager&amp#27;[m : Successfully created attachment "Validation Test Data - Actual JSON Value"
2023-01-22 15:44:04.697 &amp#27;[32m INFO&amp#27;[m &amp#27;[35m[@503 - main]&amp#27;[m &amp#27;[36mcom.shaft.tools.io.ReportManager&amp#27;[m : Successfully created attachment "SHAFT Engine Logs - Current Method log: InValid_Add_Cancel_Policy_With_Missing_Token_TC"
]]></system-out>
  </testcase>
  <testcase name="InValid_Add_Cancel_Policy_With_Missing_Token_TC[[Ljava.lang.Object;@1f7c4572](2)" classname="SteeringCompanyAPI_TestCases.Test_Policies_Cases" time="0.703">
    <system-out><![CDATA[2023-01-22 15:44:04.702 &amp#27;[32m INFO&amp#27;[m &amp#27;[35m[@534 - main]&amp#27;[m &amp#27;[36mcom.shaft.tools.io.ReportManager&amp#27;[m : 
################################################################################################################################################
Starting Execution:	"129 out of 70" test cases in the current suite
Test Method:		"SteeringCompanyAPI_TestCases.Test_Policies_Cases.InValid_Add_Cancel_Policy_With_Missing_Token_TC"
Test Description:	"TC020 -Policy- Perform Add Cancel Policy With Missing Token"
################################################################################################################################################
2023-01-22 15:44:04.703 &amp#27;[32m INFO&amp#27;[m &amp#27;[35m[@503 - main]&amp#27;[m &amp#27;[36mcom.shaft.tools.io.ReportManager&amp#27;[m : File Action "DoesFileExist" successfully performed. With the following test data "File Path: "SteeringCompanyAPI_TestData/SteeringCompanyAPI_TestData.xlsx"".
2023-01-22 15:44:04.755 &amp#27;[32m INFO&amp#27;[m &amp#27;[35m[@503 - main]&amp#27;[m &amp#27;[36mcom.shaft.tools.io.ReportManager&amp#27;[m : Successfully created attachment "Test Data - Excel"
2023-01-22 15:44:04.756 &amp#27;[32m INFO&amp#27;[m &amp#27;[35m[@503 - main]&amp#27;[m &amp#27;[36mcom.shaft.tools.io.ReportManager&amp#27;[m : File Action "DoesFileExist" successfully performed. With the following test data "File Path: "SteeringCompanyAPI_TestData/SteeringCompanyAPI_TestData.xlsx"".
2023-01-22 15:44:04.806 &amp#27;[32m INFO&amp#27;[m &amp#27;[35m[@503 - main]&amp#27;[m &amp#27;[36mcom.shaft.tools.io.ReportManager&amp#27;[m : Successfully created attachment "Test Data - Excel"
2023-01-22 15:44:04.806 &amp#27;[32m INFO&amp#27;[m &amp#27;[35m[@503 - main]&amp#27;[m &amp#27;[36mcom.shaft.tools.io.ReportManager&amp#27;[m : File Action "DoesFileExist" successfully performed. With the following test data "File Path: "SteeringCompanyAPI_TestData/SteeringCompanyAPI_TestData.xlsx"".
2023-01-22 15:44:04.854 &amp#27;[32m INFO&amp#27;[m &amp#27;[35m[@503 - main]&amp#27;[m &amp#27;[36mcom.shaft.tools.io.ReportManager&amp#27;[m : Successfully created attachment "Test Data - Excel"
2023-01-22 15:44:05.364 &amp#27;[32m INFO&amp#27;[m &amp#27;[35m[@503 - main]&amp#27;[m &amp#27;[36mcom.shaft.tools.io.ReportManager&amp#27;[m : Response status code: "401", status line: "HTTP/1.1 401 "
2023-01-22 15:44:05.385 &amp#27;[32m INFO&amp#27;[m &amp#27;[35m[@503 - main]&amp#27;[m &amp#27;[36mcom.shaft.tools.io.ReportManager&amp#27;[m : Successfully created attachment "API Request - Specifications"
2023-01-22 15:44:05.387 &amp#27;[32m INFO&amp#27;[m &amp#27;[35m[@503 - main]&amp#27;[m &amp#27;[36mcom.shaft.tools.io.ReportManager&amp#27;[m : Successfully created attachment "API Request - JSON Body"
2023-01-22 15:44:05.389 &amp#27;[32m INFO&amp#27;[m &amp#27;[35m[@503 - main]&amp#27;[m &amp#27;[36mcom.shaft.tools.io.ReportManager&amp#27;[m : Successfully created attachment "API Response - JSON Body"
2023-01-22 15:44:05.390 &amp#27;[32m INFO&amp#27;[m &amp#27;[35m[@503 - main]&amp#27;[m &amp#27;[36mcom.shaft.tools.io.ReportManager&amp#27;[m : File Action "DoesFileExist" successfully performed. With the following test data "File Path: "Schemas/InvalidTokenRequest_Unauthorized_schema.json"".
2023-01-22 15:44:05.391 &amp#27;[32m INFO&amp#27;[m &amp#27;[35m[@503 - main]&amp#27;[m &amp#27;[36mcom.shaft.tools.io.ReportManager&amp#27;[m : File Action "DoesFileExist" successfully performed. With the following test data "File Path: "src/test/resources/testDataFiles/Schemas/InvalidTokenRequest_Unauthorized_schema.json"".
2023-01-22 15:44:05.391 &amp#27;[32m INFO&amp#27;[m &amp#27;[35m[@503 - main]&amp#27;[m &amp#27;[36mcom.shaft.tools.io.ReportManager&amp#27;[m : File Action "GetAbsolutePath" successfully performed. With the following test data "Relative Folder Path: "src/test/resources/testDataFiles/Schemas/InvalidTokenRequest_Unauthorized_schema.json"".
2023-01-22 15:44:05.395 &amp#27;[32m INFO&amp#27;[m &amp#27;[35m[@503 - main]&amp#27;[m &amp#27;[36mcom.shaft.tools.io.ReportManager&amp#27;[m : File Action "DoesFileExist" successfully performed. With the following test data "File Path: "C:\eclipse-workspace\MyProjects\TASystemsAPIs\src\test\resources\testDataFiles\Schemas\InvalidTokenRequest_Unauthorized_schema.json"".
2023-01-22 15:44:05.395 &amp#27;[32m INFO&amp#27;[m &amp#27;[35m[@503 - main]&amp#27;[m &amp#27;[36mcom.shaft.tools.io.ReportManager&amp#27;[m : File Action "GetAbsolutePath" successfully performed. With the following test data "Relative Folder Path: "C:\eclipse-workspace\MyProjects\TASystemsAPIs\src\test\resources\testDataFiles\Schemas\InvalidTokenRequest_Unauthorized_schema.json"".
2023-01-22 15:44:05.395 &amp#27;[32m INFO&amp#27;[m &amp#27;[35m[@503 - main]&amp#27;[m &amp#27;[36mcom.shaft.tools.io.ReportManager&amp#27;[m : File Action "ReadFile" successfully performed. With the following test data "File Path: "C:\eclipse-workspace\MyProjects\TASystemsAPIs\src\test\resources\testDataFiles\Schemas\InvalidTokenRequest_Unauthorized_schema.json"".
2023-01-22 15:44:05.400 &amp#27;[32m INFO&amp#27;[m &amp#27;[35m[@503 - main]&amp#27;[m &amp#27;[36mcom.shaft.tools.io.ReportManager&amp#27;[m : Successfully created attachment "Validation Test Data - Expected JSON Value"
2023-01-22 15:44:05.401 &amp#27;[32m INFO&amp#27;[m &amp#27;[35m[@503 - main]&amp#27;[m &amp#27;[36mcom.shaft.tools.io.ReportManager&amp#27;[m : Successfully created attachment "Validation Test Data - Actual JSON Value"
2023-01-22 15:44:05.402 &amp#27;[32m INFO&amp#27;[m &amp#27;[35m[@503 - main]&amp#27;[m &amp#27;[36mcom.shaft.tools.io.ReportManager&amp#27;[m : Successfully created attachment "SHAFT Engine Logs - Current Method log: InValid_Add_Cancel_Policy_With_Missing_Token_TC"
]]></system-out>
  </testcase>
  <testcase name="InValid_Add_Cancel_Policy_With_Missing_Token_TC[[Ljava.lang.Object;@549b26ea](3)" classname="SteeringCompanyAPI_TestCases.Test_Policies_Cases" time="0.648">
    <system-out><![CDATA[2023-01-22 15:44:05.405 &amp#27;[32m INFO&amp#27;[m &amp#27;[35m[@534 - main]&amp#27;[m &amp#27;[36mcom.shaft.tools.io.ReportManager&amp#27;[m : 
################################################################################################################################################
Starting Execution:	"130 out of 70" test cases in the current suite
Test Method:		"SteeringCompanyAPI_TestCases.Test_Policies_Cases.InValid_Add_Cancel_Policy_With_Missing_Token_TC"
Test Description:	"TC020 -Policy- Perform Add Cancel Policy With Missing Token"
################################################################################################################################################
2023-01-22 15:44:05.405 &amp#27;[32m INFO&amp#27;[m &amp#27;[35m[@503 - main]&amp#27;[m &amp#27;[36mcom.shaft.tools.io.ReportManager&amp#27;[m : File Action "DoesFileExist" successfully performed. With the following test data "File Path: "SteeringCompanyAPI_TestData/SteeringCompanyAPI_TestData.xlsx"".
2023-01-22 15:44:05.448 &amp#27;[32m INFO&amp#27;[m &amp#27;[35m[@503 - main]&amp#27;[m &amp#27;[36mcom.shaft.tools.io.ReportManager&amp#27;[m : Successfully created attachment "Test Data - Excel"
2023-01-22 15:44:05.448 &amp#27;[32m INFO&amp#27;[m &amp#27;[35m[@503 - main]&amp#27;[m &amp#27;[36mcom.shaft.tools.io.ReportManager&amp#27;[m : File Action "DoesFileExist" successfully performed. With the following test data "File Path: "SteeringCompanyAPI_TestData/SteeringCompanyAPI_TestData.xlsx"".
2023-01-22 15:44:05.491 &amp#27;[32m INFO&amp#27;[m &amp#27;[35m[@503 - main]&amp#27;[m &amp#27;[36mcom.shaft.tools.io.ReportManager&amp#27;[m : Successfully created attachment "Test Data - Excel"
2023-01-22 15:44:05.492 &amp#27;[32m INFO&amp#27;[m &amp#27;[35m[@503 - main]&amp#27;[m &amp#27;[36mcom.shaft.tools.io.ReportManager&amp#27;[m : File Action "DoesFileExist" successfully performed. With the following test data "File Path: "SteeringCompanyAPI_TestData/SteeringCompanyAPI_TestData.xlsx"".
2023-01-22 15:44:05.540 &amp#27;[32m INFO&amp#27;[m &amp#27;[35m[@503 - main]&amp#27;[m &amp#27;[36mcom.shaft.tools.io.ReportManager&amp#27;[m : Successfully created attachment "Test Data - Excel"
2023-01-22 15:44:06.004 &amp#27;[32m INFO&amp#27;[m &amp#27;[35m[@503 - main]&amp#27;[m &amp#27;[36mcom.shaft.tools.io.ReportManager&amp#27;[m : Response status code: "401", status line: "HTTP/1.1 401 "
2023-01-22 15:44:06.027 &amp#27;[32m INFO&amp#27;[m &amp#27;[35m[@503 - main]&amp#27;[m &amp#27;[36mcom.shaft.tools.io.ReportManager&amp#27;[m : Successfully created attachment "API Request - Specifications"
2023-01-22 15:44:06.029 &amp#27;[32m INFO&amp#27;[m &amp#27;[35m[@503 - main]&amp#27;[m &amp#27;[36mcom.shaft.tools.io.ReportManager&amp#27;[m : Successfully created attachment "API Request - JSON Body"
2023-01-22 15:44:06.032 &amp#27;[32m INFO&amp#27;[m &amp#27;[35m[@503 - main]&amp#27;[m &amp#27;[36mcom.shaft.tools.io.ReportManager&amp#27;[m : Successfully created attachment "API Response - JSON Body"
2023-01-22 15:44:06.034 &amp#27;[32m INFO&amp#27;[m &amp#27;[35m[@503 - main]&amp#27;[m &amp#27;[36mcom.shaft.tools.io.ReportManager&amp#27;[m : File Action "DoesFileExist" successfully performed. With the following test data "File Path: "Schemas/InvalidTokenRequest_Unauthorized_schema.json"".
2023-01-22 15:44:06.035 &amp#27;[32m INFO&amp#27;[m &amp#27;[35m[@503 - main]&amp#27;[m &amp#27;[36mcom.shaft.tools.io.ReportManager&amp#27;[m : File Action "DoesFileExist" successfully performed. With the following test data "File Path: "src/test/resources/testDataFiles/Schemas/InvalidTokenRequest_Unauthorized_schema.json"".
2023-01-22 15:44:06.035 &amp#27;[32m INFO&amp#27;[m &amp#27;[35m[@503 - main]&amp#27;[m &amp#27;[36mcom.shaft.tools.io.ReportManager&amp#27;[m : File Action "GetAbsolutePath" successfully performed. With the following test data "Relative Folder Path: "src/test/resources/testDataFiles/Schemas/InvalidTokenRequest_Unauthorized_schema.json"".
2023-01-22 15:44:06.040 &amp#27;[32m INFO&amp#27;[m &amp#27;[35m[@503 - main]&amp#27;[m &amp#27;[36mcom.shaft.tools.io.ReportManager&amp#27;[m : File Action "DoesFileExist" successfully performed. With the following test data "File Path: "C:\eclipse-workspace\MyProjects\TASystemsAPIs\src\test\resources\testDataFiles\Schemas\InvalidTokenRequest_Unauthorized_schema.json"".
2023-01-22 15:44:06.040 &amp#27;[32m INFO&amp#27;[m &amp#27;[35m[@503 - main]&amp#27;[m &amp#27;[36mcom.shaft.tools.io.ReportManager&amp#27;[m : File Action "GetAbsolutePath" successfully performed. With the following test data "Relative Folder Path: "C:\eclipse-workspace\MyProjects\TASystemsAPIs\src\test\resources\testDataFiles\Schemas\InvalidTokenRequest_Unauthorized_schema.json"".
2023-01-22 15:44:06.041 &amp#27;[32m INFO&amp#27;[m &amp#27;[35m[@503 - main]&amp#27;[m &amp#27;[36mcom.shaft.tools.io.ReportManager&amp#27;[m : File Action "ReadFile" successfully performed. With the following test data "File Path: "C:\eclipse-workspace\MyProjects\TASystemsAPIs\src\test\resources\testDataFiles\Schemas\InvalidTokenRequest_Unauthorized_schema.json"".
2023-01-22 15:44:06.044 &amp#27;[32m INFO&amp#27;[m &amp#27;[35m[@503 - main]&amp#27;[m &amp#27;[36mcom.shaft.tools.io.ReportManager&amp#27;[m : Successfully created attachment "Validation Test Data - Expected JSON Value"
2023-01-22 15:44:06.047 &amp#27;[32m INFO&amp#27;[m &amp#27;[35m[@503 - main]&amp#27;[m &amp#27;[36mcom.shaft.tools.io.ReportManager&amp#27;[m : Successfully created attachment "Validation Test Data - Actual JSON Value"
2023-01-22 15:44:06.048 &amp#27;[32m INFO&amp#27;[m &amp#27;[35m[@503 - main]&amp#27;[m &amp#27;[36mcom.shaft.tools.io.ReportManager&amp#27;[m : Successfully created attachment "SHAFT Engine Logs - Current Method log: InValid_Add_Cancel_Policy_With_Missing_Token_TC"
]]></system-out>
  </testcase>
  <testcase name="InValid_Add_General_Policy_With_Invalid_Token_TC[[Ljava.lang.Object;@71bc6333](1)" classname="SteeringCompanyAPI_TestCases.Test_Policies_Cases" time="0.622">
    <system-out><![CDATA[2023-01-22 15:44:06.057 &amp#27;[32m INFO&amp#27;[m &amp#27;[35m[@534 - main]&amp#27;[m &amp#27;[36mcom.shaft.tools.io.ReportManager&amp#27;[m : 
################################################################################################################################################
Starting Execution:	"131 out of 70" test cases in the current suite
Test Method:		"SteeringCompanyAPI_TestCases.Test_Policies_Cases.InValid_Add_General_Policy_With_Invalid_Token_TC"
Test Description:	"TC029 -Policy- Perform Add General Policy With Invalid/Expired Token"
################################################################################################################################################
2023-01-22 15:44:06.058 &amp#27;[32m INFO&amp#27;[m &amp#27;[35m[@503 - main]&amp#27;[m &amp#27;[36mcom.shaft.tools.io.ReportManager&amp#27;[m : File Action "DoesFileExist" successfully performed. With the following test data "File Path: "SteeringCompanyAPI_TestData/SteeringCompanyAPI_TestData.xlsx"".
2023-01-22 15:44:06.113 &amp#27;[32m INFO&amp#27;[m &amp#27;[35m[@503 - main]&amp#27;[m &amp#27;[36mcom.shaft.tools.io.ReportManager&amp#27;[m : Successfully created attachment "Test Data - Excel"
2023-01-22 15:44:06.114 &amp#27;[32m INFO&amp#27;[m &amp#27;[35m[@503 - main]&amp#27;[m &amp#27;[36mcom.shaft.tools.io.ReportManager&amp#27;[m : File Action "DoesFileExist" successfully performed. With the following test data "File Path: "SteeringCompanyAPI_TestData/SteeringCompanyAPI_TestData.xlsx"".
2023-01-22 15:44:06.158 &amp#27;[32m INFO&amp#27;[m &amp#27;[35m[@503 - main]&amp#27;[m &amp#27;[36mcom.shaft.tools.io.ReportManager&amp#27;[m : Successfully created attachment "Test Data - Excel"
2023-01-22 15:44:06.159 &amp#27;[32m INFO&amp#27;[m &amp#27;[35m[@503 - main]&amp#27;[m &amp#27;[36mcom.shaft.tools.io.ReportManager&amp#27;[m : File Action "DoesFileExist" successfully performed. With the following test data "File Path: "SteeringCompanyAPI_TestData/SteeringCompanyAPI_TestData.xlsx"".
2023-01-22 15:44:06.207 &amp#27;[32m INFO&amp#27;[m &amp#27;[35m[@503 - main]&amp#27;[m &amp#27;[36mcom.shaft.tools.io.ReportManager&amp#27;[m : Successfully created attachment "Test Data - Excel"
2023-01-22 15:44:06.666 &amp#27;[32m INFO&amp#27;[m &amp#27;[35m[@503 - main]&amp#27;[m &amp#27;[36mcom.shaft.tools.io.ReportManager&amp#27;[m : Response status code: "401", status line: "HTTP/1.1 401 "
2023-01-22 15:44:06.669 &amp#27;[32m INFO&amp#27;[m &amp#27;[35m[@503 - main]&amp#27;[m &amp#27;[36mcom.shaft.tools.io.ReportManager&amp#27;[m : Successfully created attachment "API Request - Specifications"
2023-01-22 15:44:06.673 &amp#27;[32m INFO&amp#27;[m &amp#27;[35m[@503 - main]&amp#27;[m &amp#27;[36mcom.shaft.tools.io.ReportManager&amp#27;[m : Successfully created attachment "API Request - JSON Body"
2023-01-22 15:44:06.674 &amp#27;[32m INFO&amp#27;[m &amp#27;[35m[@503 - main]&amp#27;[m &amp#27;[36mcom.shaft.tools.io.ReportManager&amp#27;[m : Successfully created attachment "API Response - JSON Body"
2023-01-22 15:44:06.676 &amp#27;[32m INFO&amp#27;[m &amp#27;[35m[@503 - main]&amp#27;[m &amp#27;[36mcom.shaft.tools.io.ReportManager&amp#27;[m : Successfully created attachment "SHAFT Engine Logs - Current Method log: InValid_Add_General_Policy_With_Invalid_Token_TC"
]]></system-out>
  </testcase>
  <testcase name="InValid_Add_General_Policy_With_Invalid_Token_TC[[Ljava.lang.Object;@7d0540cf](2)" classname="SteeringCompanyAPI_TestCases.Test_Policies_Cases" time="0.62">
    <system-out><![CDATA[2023-01-22 15:44:06.680 &amp#27;[32m INFO&amp#27;[m &amp#27;[35m[@534 - main]&amp#27;[m &amp#27;[36mcom.shaft.tools.io.ReportManager&amp#27;[m : 
################################################################################################################################################
Starting Execution:	"132 out of 70" test cases in the current suite
Test Method:		"SteeringCompanyAPI_TestCases.Test_Policies_Cases.InValid_Add_General_Policy_With_Invalid_Token_TC"
Test Description:	"TC029 -Policy- Perform Add General Policy With Invalid/Expired Token"
################################################################################################################################################
2023-01-22 15:44:06.681 &amp#27;[32m INFO&amp#27;[m &amp#27;[35m[@503 - main]&amp#27;[m &amp#27;[36mcom.shaft.tools.io.ReportManager&amp#27;[m : File Action "DoesFileExist" successfully performed. With the following test data "File Path: "SteeringCompanyAPI_TestData/SteeringCompanyAPI_TestData.xlsx"".
2023-01-22 15:44:06.728 &amp#27;[32m INFO&amp#27;[m &amp#27;[35m[@503 - main]&amp#27;[m &amp#27;[36mcom.shaft.tools.io.ReportManager&amp#27;[m : Successfully created attachment "Test Data - Excel"
2023-01-22 15:44:06.728 &amp#27;[32m INFO&amp#27;[m &amp#27;[35m[@503 - main]&amp#27;[m &amp#27;[36mcom.shaft.tools.io.ReportManager&amp#27;[m : File Action "DoesFileExist" successfully performed. With the following test data "File Path: "SteeringCompanyAPI_TestData/SteeringCompanyAPI_TestData.xlsx"".
2023-01-22 15:44:06.776 &amp#27;[32m INFO&amp#27;[m &amp#27;[35m[@503 - main]&amp#27;[m &amp#27;[36mcom.shaft.tools.io.ReportManager&amp#27;[m : Successfully created attachment "Test Data - Excel"
2023-01-22 15:44:06.776 &amp#27;[32m INFO&amp#27;[m &amp#27;[35m[@503 - main]&amp#27;[m &amp#27;[36mcom.shaft.tools.io.ReportManager&amp#27;[m : File Action "DoesFileExist" successfully performed. With the following test data "File Path: "SteeringCompanyAPI_TestData/SteeringCompanyAPI_TestData.xlsx"".
2023-01-22 15:44:06.826 &amp#27;[32m INFO&amp#27;[m &amp#27;[35m[@503 - main]&amp#27;[m &amp#27;[36mcom.shaft.tools.io.ReportManager&amp#27;[m : Successfully created attachment "Test Data - Excel"
2023-01-22 15:44:07.288 &amp#27;[32m INFO&amp#27;[m &amp#27;[35m[@503 - main]&amp#27;[m &amp#27;[36mcom.shaft.tools.io.ReportManager&amp#27;[m : Response status code: "401", status line: "HTTP/1.1 401 "
2023-01-22 15:44:07.292 &amp#27;[32m INFO&amp#27;[m &amp#27;[35m[@503 - main]&amp#27;[m &amp#27;[36mcom.shaft.tools.io.ReportManager&amp#27;[m : Successfully created attachment "API Request - Specifications"
2023-01-22 15:44:07.294 &amp#27;[32m INFO&amp#27;[m &amp#27;[35m[@503 - main]&amp#27;[m &amp#27;[36mcom.shaft.tools.io.ReportManager&amp#27;[m : Successfully created attachment "API Request - JSON Body"
2023-01-22 15:44:07.295 &amp#27;[32m INFO&amp#27;[m &amp#27;[35m[@503 - main]&amp#27;[m &amp#27;[36mcom.shaft.tools.io.ReportManager&amp#27;[m : Successfully created attachment "API Response - JSON Body"
2023-01-22 15:44:07.296 &amp#27;[32m INFO&amp#27;[m &amp#27;[35m[@503 - main]&amp#27;[m &amp#27;[36mcom.shaft.tools.io.ReportManager&amp#27;[m : Successfully created attachment "SHAFT Engine Logs - Current Method log: InValid_Add_General_Policy_With_Invalid_Token_TC"
]]></system-out>
  </testcase>
  <testcase name="InValid_Add_General_Policy_With_Missing_Token_TC[[Ljava.lang.Object;@133d7d1f](1)" classname="SteeringCompanyAPI_TestCases.Test_Policies_Cases" time="0.626">
    <system-out><![CDATA[2023-01-22 15:44:07.306 &amp#27;[32m INFO&amp#27;[m &amp#27;[35m[@534 - main]&amp#27;[m &amp#27;[36mcom.shaft.tools.io.ReportManager&amp#27;[m : 
################################################################################################################################################
Starting Execution:	"133 out of 70" test cases in the current suite
Test Method:		"SteeringCompanyAPI_TestCases.Test_Policies_Cases.InValid_Add_General_Policy_With_Missing_Token_TC"
Test Description:	"TC028 -Policy- Perform Add General Policy With Missing Token"
################################################################################################################################################
2023-01-22 15:44:07.307 &amp#27;[32m INFO&amp#27;[m &amp#27;[35m[@503 - main]&amp#27;[m &amp#27;[36mcom.shaft.tools.io.ReportManager&amp#27;[m : File Action "DoesFileExist" successfully performed. With the following test data "File Path: "SteeringCompanyAPI_TestData/SteeringCompanyAPI_TestData.xlsx"".
2023-01-22 15:44:07.350 &amp#27;[32m INFO&amp#27;[m &amp#27;[35m[@503 - main]&amp#27;[m &amp#27;[36mcom.shaft.tools.io.ReportManager&amp#27;[m : Successfully created attachment "Test Data - Excel"
2023-01-22 15:44:07.351 &amp#27;[32m INFO&amp#27;[m &amp#27;[35m[@503 - main]&amp#27;[m &amp#27;[36mcom.shaft.tools.io.ReportManager&amp#27;[m : File Action "DoesFileExist" successfully performed. With the following test data "File Path: "SteeringCompanyAPI_TestData/SteeringCompanyAPI_TestData.xlsx"".
2023-01-22 15:44:07.397 &amp#27;[32m INFO&amp#27;[m &amp#27;[35m[@503 - main]&amp#27;[m &amp#27;[36mcom.shaft.tools.io.ReportManager&amp#27;[m : Successfully created attachment "Test Data - Excel"
2023-01-22 15:44:07.397 &amp#27;[32m INFO&amp#27;[m &amp#27;[35m[@503 - main]&amp#27;[m &amp#27;[36mcom.shaft.tools.io.ReportManager&amp#27;[m : File Action "DoesFileExist" successfully performed. With the following test data "File Path: "SteeringCompanyAPI_TestData/SteeringCompanyAPI_TestData.xlsx"".
2023-01-22 15:44:07.433 &amp#27;[32m INFO&amp#27;[m &amp#27;[35m[@503 - main]&amp#27;[m &amp#27;[36mcom.shaft.tools.io.ReportManager&amp#27;[m : Successfully created attachment "Test Data - Excel"
2023-01-22 15:44:07.892 &amp#27;[32m INFO&amp#27;[m &amp#27;[35m[@503 - main]&amp#27;[m &amp#27;[36mcom.shaft.tools.io.ReportManager&amp#27;[m : Response status code: "401", status line: "HTTP/1.1 401 "
2023-01-22 15:44:07.909 &amp#27;[32m INFO&amp#27;[m &amp#27;[35m[@503 - main]&amp#27;[m &amp#27;[36mcom.shaft.tools.io.ReportManager&amp#27;[m : Successfully created attachment "API Request - Specifications"
2023-01-22 15:44:07.912 &amp#27;[32m INFO&amp#27;[m &amp#27;[35m[@503 - main]&amp#27;[m &amp#27;[36mcom.shaft.tools.io.ReportManager&amp#27;[m : Successfully created attachment "API Request - JSON Body"
2023-01-22 15:44:07.917 &amp#27;[32m INFO&amp#27;[m &amp#27;[35m[@503 - main]&amp#27;[m &amp#27;[36mcom.shaft.tools.io.ReportManager&amp#27;[m : Successfully created attachment "API Response - JSON Body"
2023-01-22 15:44:07.919 &amp#27;[32m INFO&amp#27;[m &amp#27;[35m[@503 - main]&amp#27;[m &amp#27;[36mcom.shaft.tools.io.ReportManager&amp#27;[m : File Action "DoesFileExist" successfully performed. With the following test data "File Path: "Schemas/InvalidTokenRequest_Unauthorized_schema.json"".
2023-01-22 15:44:07.919 &amp#27;[32m INFO&amp#27;[m &amp#27;[35m[@503 - main]&amp#27;[m &amp#27;[36mcom.shaft.tools.io.ReportManager&amp#27;[m : File Action "DoesFileExist" successfully performed. With the following test data "File Path: "src/test/resources/testDataFiles/Schemas/InvalidTokenRequest_Unauthorized_schema.json"".
2023-01-22 15:44:07.919 &amp#27;[32m INFO&amp#27;[m &amp#27;[35m[@503 - main]&amp#27;[m &amp#27;[36mcom.shaft.tools.io.ReportManager&amp#27;[m : File Action "GetAbsolutePath" successfully performed. With the following test data "Relative Folder Path: "src/test/resources/testDataFiles/Schemas/InvalidTokenRequest_Unauthorized_schema.json"".
2023-01-22 15:44:07.922 &amp#27;[32m INFO&amp#27;[m &amp#27;[35m[@503 - main]&amp#27;[m &amp#27;[36mcom.shaft.tools.io.ReportManager&amp#27;[m : File Action "DoesFileExist" successfully performed. With the following test data "File Path: "C:\eclipse-workspace\MyProjects\TASystemsAPIs\src\test\resources\testDataFiles\Schemas\InvalidTokenRequest_Unauthorized_schema.json"".
2023-01-22 15:44:07.922 &amp#27;[32m INFO&amp#27;[m &amp#27;[35m[@503 - main]&amp#27;[m &amp#27;[36mcom.shaft.tools.io.ReportManager&amp#27;[m : File Action "GetAbsolutePath" successfully performed. With the following test data "Relative Folder Path: "C:\eclipse-workspace\MyProjects\TASystemsAPIs\src\test\resources\testDataFiles\Schemas\InvalidTokenRequest_Unauthorized_schema.json"".
2023-01-22 15:44:07.923 &amp#27;[32m INFO&amp#27;[m &amp#27;[35m[@503 - main]&amp#27;[m &amp#27;[36mcom.shaft.tools.io.ReportManager&amp#27;[m : File Action "ReadFile" successfully performed. With the following test data "File Path: "C:\eclipse-workspace\MyProjects\TASystemsAPIs\src\test\resources\testDataFiles\Schemas\InvalidTokenRequest_Unauthorized_schema.json"".
2023-01-22 15:44:07.924 &amp#27;[32m INFO&amp#27;[m &amp#27;[35m[@503 - main]&amp#27;[m &amp#27;[36mcom.shaft.tools.io.ReportManager&amp#27;[m : Successfully created attachment "Validation Test Data - Expected JSON Value"
2023-01-22 15:44:07.926 &amp#27;[32m INFO&amp#27;[m &amp#27;[35m[@503 - main]&amp#27;[m &amp#27;[36mcom.shaft.tools.io.ReportManager&amp#27;[m : Successfully created attachment "Validation Test Data - Actual JSON Value"
2023-01-22 15:44:07.928 &amp#27;[32m INFO&amp#27;[m &amp#27;[35m[@503 - main]&amp#27;[m &amp#27;[36mcom.shaft.tools.io.ReportManager&amp#27;[m : Successfully created attachment "SHAFT Engine Logs - Current Method log: InValid_Add_General_Policy_With_Missing_Token_TC"
]]></system-out>
  </testcase>
  <testcase name="InValid_Add_General_Policy_With_Missing_Token_TC[[Ljava.lang.Object;@2cb7e8fa](2)" classname="SteeringCompanyAPI_TestCases.Test_Policies_Cases" time="0.636">
    <system-out><![CDATA[2023-01-22 15:44:07.932 &amp#27;[32m INFO&amp#27;[m &amp#27;[35m[@534 - main]&amp#27;[m &amp#27;[36mcom.shaft.tools.io.ReportManager&amp#27;[m : 
################################################################################################################################################
Starting Execution:	"134 out of 70" test cases in the current suite
Test Method:		"SteeringCompanyAPI_TestCases.Test_Policies_Cases.InValid_Add_General_Policy_With_Missing_Token_TC"
Test Description:	"TC028 -Policy- Perform Add General Policy With Missing Token"
################################################################################################################################################
2023-01-22 15:44:07.933 &amp#27;[32m INFO&amp#27;[m &amp#27;[35m[@503 - main]&amp#27;[m &amp#27;[36mcom.shaft.tools.io.ReportManager&amp#27;[m : File Action "DoesFileExist" successfully performed. With the following test data "File Path: "SteeringCompanyAPI_TestData/SteeringCompanyAPI_TestData.xlsx"".
2023-01-22 15:44:07.982 &amp#27;[32m INFO&amp#27;[m &amp#27;[35m[@503 - main]&amp#27;[m &amp#27;[36mcom.shaft.tools.io.ReportManager&amp#27;[m : Successfully created attachment "Test Data - Excel"
2023-01-22 15:44:07.983 &amp#27;[32m INFO&amp#27;[m &amp#27;[35m[@503 - main]&amp#27;[m &amp#27;[36mcom.shaft.tools.io.ReportManager&amp#27;[m : File Action "DoesFileExist" successfully performed. With the following test data "File Path: "SteeringCompanyAPI_TestData/SteeringCompanyAPI_TestData.xlsx"".
2023-01-22 15:44:08.021 &amp#27;[32m INFO&amp#27;[m &amp#27;[35m[@503 - main]&amp#27;[m &amp#27;[36mcom.shaft.tools.io.ReportManager&amp#27;[m : Successfully created attachment "Test Data - Excel"
2023-01-22 15:44:08.021 &amp#27;[32m INFO&amp#27;[m &amp#27;[35m[@503 - main]&amp#27;[m &amp#27;[36mcom.shaft.tools.io.ReportManager&amp#27;[m : File Action "DoesFileExist" successfully performed. With the following test data "File Path: "SteeringCompanyAPI_TestData/SteeringCompanyAPI_TestData.xlsx"".
2023-01-22 15:44:08.079 &amp#27;[32m INFO&amp#27;[m &amp#27;[35m[@503 - main]&amp#27;[m &amp#27;[36mcom.shaft.tools.io.ReportManager&amp#27;[m : Successfully created attachment "Test Data - Excel"
2023-01-22 15:44:08.532 &amp#27;[32m INFO&amp#27;[m &amp#27;[35m[@503 - main]&amp#27;[m &amp#27;[36mcom.shaft.tools.io.ReportManager&amp#27;[m : Response status code: "401", status line: "HTTP/1.1 401 "
2023-01-22 15:44:08.550 &amp#27;[32m INFO&amp#27;[m &amp#27;[35m[@503 - main]&amp#27;[m &amp#27;[36mcom.shaft.tools.io.ReportManager&amp#27;[m : Successfully created attachment "API Request - Specifications"
2023-01-22 15:44:08.551 &amp#27;[32m INFO&amp#27;[m &amp#27;[35m[@503 - main]&amp#27;[m &amp#27;[36mcom.shaft.tools.io.ReportManager&amp#27;[m : Successfully created attachment "API Request - JSON Body"
2023-01-22 15:44:08.552 &amp#27;[32m INFO&amp#27;[m &amp#27;[35m[@503 - main]&amp#27;[m &amp#27;[36mcom.shaft.tools.io.ReportManager&amp#27;[m : Successfully created attachment "API Response - JSON Body"
2023-01-22 15:44:08.553 &amp#27;[32m INFO&amp#27;[m &amp#27;[35m[@503 - main]&amp#27;[m &amp#27;[36mcom.shaft.tools.io.ReportManager&amp#27;[m : File Action "DoesFileExist" successfully performed. With the following test data "File Path: "Schemas/InvalidTokenRequest_Unauthorized_schema.json"".
2023-01-22 15:44:08.553 &amp#27;[32m INFO&amp#27;[m &amp#27;[35m[@503 - main]&amp#27;[m &amp#27;[36mcom.shaft.tools.io.ReportManager&amp#27;[m : File Action "DoesFileExist" successfully performed. With the following test data "File Path: "src/test/resources/testDataFiles/Schemas/InvalidTokenRequest_Unauthorized_schema.json"".
2023-01-22 15:44:08.553 &amp#27;[32m INFO&amp#27;[m &amp#27;[35m[@503 - main]&amp#27;[m &amp#27;[36mcom.shaft.tools.io.ReportManager&amp#27;[m : File Action "GetAbsolutePath" successfully performed. With the following test data "Relative Folder Path: "src/test/resources/testDataFiles/Schemas/InvalidTokenRequest_Unauthorized_schema.json"".
2023-01-22 15:44:08.557 &amp#27;[32m INFO&amp#27;[m &amp#27;[35m[@503 - main]&amp#27;[m &amp#27;[36mcom.shaft.tools.io.ReportManager&amp#27;[m : File Action "DoesFileExist" successfully performed. With the following test data "File Path: "C:\eclipse-workspace\MyProjects\TASystemsAPIs\src\test\resources\testDataFiles\Schemas\InvalidTokenRequest_Unauthorized_schema.json"".
2023-01-22 15:44:08.558 &amp#27;[32m INFO&amp#27;[m &amp#27;[35m[@503 - main]&amp#27;[m &amp#27;[36mcom.shaft.tools.io.ReportManager&amp#27;[m : File Action "GetAbsolutePath" successfully performed. With the following test data "Relative Folder Path: "C:\eclipse-workspace\MyProjects\TASystemsAPIs\src\test\resources\testDataFiles\Schemas\InvalidTokenRequest_Unauthorized_schema.json"".
2023-01-22 15:44:08.558 &amp#27;[32m INFO&amp#27;[m &amp#27;[35m[@503 - main]&amp#27;[m &amp#27;[36mcom.shaft.tools.io.ReportManager&amp#27;[m : File Action "ReadFile" successfully performed. With the following test data "File Path: "C:\eclipse-workspace\MyProjects\TASystemsAPIs\src\test\resources\testDataFiles\Schemas\InvalidTokenRequest_Unauthorized_schema.json"".
2023-01-22 15:44:08.563 &amp#27;[32m INFO&amp#27;[m &amp#27;[35m[@503 - main]&amp#27;[m &amp#27;[36mcom.shaft.tools.io.ReportManager&amp#27;[m : Successfully created attachment "Validation Test Data - Expected JSON Value"
2023-01-22 15:44:08.564 &amp#27;[32m INFO&amp#27;[m &amp#27;[35m[@503 - main]&amp#27;[m &amp#27;[36mcom.shaft.tools.io.ReportManager&amp#27;[m : Successfully created attachment "Validation Test Data - Actual JSON Value"
2023-01-22 15:44:08.565 &amp#27;[32m INFO&amp#27;[m &amp#27;[35m[@503 - main]&amp#27;[m &amp#27;[36mcom.shaft.tools.io.ReportManager&amp#27;[m : Successfully created attachment "SHAFT Engine Logs - Current Method log: InValid_Add_General_Policy_With_Missing_Token_TC"
]]></system-out>
  </testcase>
  <testcase name="InValid_Add_Payment_Policy_With_InValid_Token_TC[[Ljava.lang.Object;@4b85d4ca](1)" classname="SteeringCompanyAPI_TestCases.Test_Policies_Cases" time="0.643">
    <system-out><![CDATA[2023-01-22 15:44:08.574 &amp#27;[32m INFO&amp#27;[m &amp#27;[35m[@534 - main]&amp#27;[m &amp#27;[36mcom.shaft.tools.io.ReportManager&amp#27;[m : 
################################################################################################################################################
Starting Execution:	"135 out of 70" test cases in the current suite
Test Method:		"SteeringCompanyAPI_TestCases.Test_Policies_Cases.InValid_Add_Payment_Policy_With_InValid_Token_TC"
Test Description:	"TC027 -Policy- Perform Add Payment Policy With Invalid/Expired Token"
################################################################################################################################################
2023-01-22 15:44:08.577 &amp#27;[32m INFO&amp#27;[m &amp#27;[35m[@503 - main]&amp#27;[m &amp#27;[36mcom.shaft.tools.io.ReportManager&amp#27;[m : File Action "DoesFileExist" successfully performed. With the following test data "File Path: "SteeringCompanyAPI_TestData/SteeringCompanyAPI_TestData.xlsx"".
2023-01-22 15:44:08.633 &amp#27;[32m INFO&amp#27;[m &amp#27;[35m[@503 - main]&amp#27;[m &amp#27;[36mcom.shaft.tools.io.ReportManager&amp#27;[m : Successfully created attachment "Test Data - Excel"
2023-01-22 15:44:08.634 &amp#27;[32m INFO&amp#27;[m &amp#27;[35m[@503 - main]&amp#27;[m &amp#27;[36mcom.shaft.tools.io.ReportManager&amp#27;[m : File Action "DoesFileExist" successfully performed. With the following test data "File Path: "SteeringCompanyAPI_TestData/SteeringCompanyAPI_TestData.xlsx"".
2023-01-22 15:44:08.677 &amp#27;[32m INFO&amp#27;[m &amp#27;[35m[@503 - main]&amp#27;[m &amp#27;[36mcom.shaft.tools.io.ReportManager&amp#27;[m : Successfully created attachment "Test Data - Excel"
2023-01-22 15:44:08.678 &amp#27;[32m INFO&amp#27;[m &amp#27;[35m[@503 - main]&amp#27;[m &amp#27;[36mcom.shaft.tools.io.ReportManager&amp#27;[m : File Action "DoesFileExist" successfully performed. With the following test data "File Path: "SteeringCompanyAPI_TestData/SteeringCompanyAPI_TestData.xlsx"".
2023-01-22 15:44:08.735 &amp#27;[32m INFO&amp#27;[m &amp#27;[35m[@503 - main]&amp#27;[m &amp#27;[36mcom.shaft.tools.io.ReportManager&amp#27;[m : Successfully created attachment "Test Data - Excel"
2023-01-22 15:44:09.203 &amp#27;[32m INFO&amp#27;[m &amp#27;[35m[@503 - main]&amp#27;[m &amp#27;[36mcom.shaft.tools.io.ReportManager&amp#27;[m : Response status code: "401", status line: "HTTP/1.1 401 "
2023-01-22 15:44:09.206 &amp#27;[32m INFO&amp#27;[m &amp#27;[35m[@503 - main]&amp#27;[m &amp#27;[36mcom.shaft.tools.io.ReportManager&amp#27;[m : Successfully created attachment "API Request - Specifications"
2023-01-22 15:44:09.207 &amp#27;[32m INFO&amp#27;[m &amp#27;[35m[@503 - main]&amp#27;[m &amp#27;[36mcom.shaft.tools.io.ReportManager&amp#27;[m : Successfully created attachment "API Request - JSON Body"
2023-01-22 15:44:09.208 &amp#27;[32m INFO&amp#27;[m &amp#27;[35m[@503 - main]&amp#27;[m &amp#27;[36mcom.shaft.tools.io.ReportManager&amp#27;[m : Successfully created attachment "API Response - JSON Body"
2023-01-22 15:44:09.211 &amp#27;[32m INFO&amp#27;[m &amp#27;[35m[@503 - main]&amp#27;[m &amp#27;[36mcom.shaft.tools.io.ReportManager&amp#27;[m : Successfully created attachment "SHAFT Engine Logs - Current Method log: InValid_Add_Payment_Policy_With_InValid_Token_TC"
]]></system-out>
  </testcase>
  <testcase name="InValid_Add_Payment_Policy_With_InValid_Token_TC[[Ljava.lang.Object;@4f6594d9](2)" classname="SteeringCompanyAPI_TestCases.Test_Policies_Cases" time="0.667">
    <system-out><![CDATA[2023-01-22 15:44:09.214 &amp#27;[32m INFO&amp#27;[m &amp#27;[35m[@534 - main]&amp#27;[m &amp#27;[36mcom.shaft.tools.io.ReportManager&amp#27;[m : 
################################################################################################################################################
Starting Execution:	"136 out of 70" test cases in the current suite
Test Method:		"SteeringCompanyAPI_TestCases.Test_Policies_Cases.InValid_Add_Payment_Policy_With_InValid_Token_TC"
Test Description:	"TC027 -Policy- Perform Add Payment Policy With Invalid/Expired Token"
################################################################################################################################################
2023-01-22 15:44:09.214 &amp#27;[32m INFO&amp#27;[m &amp#27;[35m[@503 - main]&amp#27;[m &amp#27;[36mcom.shaft.tools.io.ReportManager&amp#27;[m : File Action "DoesFileExist" successfully performed. With the following test data "File Path: "SteeringCompanyAPI_TestData/SteeringCompanyAPI_TestData.xlsx"".
2023-01-22 15:44:09.271 &amp#27;[32m INFO&amp#27;[m &amp#27;[35m[@503 - main]&amp#27;[m &amp#27;[36mcom.shaft.tools.io.ReportManager&amp#27;[m : Successfully created attachment "Test Data - Excel"
2023-01-22 15:44:09.272 &amp#27;[32m INFO&amp#27;[m &amp#27;[35m[@503 - main]&amp#27;[m &amp#27;[36mcom.shaft.tools.io.ReportManager&amp#27;[m : File Action "DoesFileExist" successfully performed. With the following test data "File Path: "SteeringCompanyAPI_TestData/SteeringCompanyAPI_TestData.xlsx"".
2023-01-22 15:44:09.331 &amp#27;[32m INFO&amp#27;[m &amp#27;[35m[@503 - main]&amp#27;[m &amp#27;[36mcom.shaft.tools.io.ReportManager&amp#27;[m : Successfully created attachment "Test Data - Excel"
2023-01-22 15:44:09.331 &amp#27;[32m INFO&amp#27;[m &amp#27;[35m[@503 - main]&amp#27;[m &amp#27;[36mcom.shaft.tools.io.ReportManager&amp#27;[m : File Action "DoesFileExist" successfully performed. With the following test data "File Path: "SteeringCompanyAPI_TestData/SteeringCompanyAPI_TestData.xlsx"".
2023-01-22 15:44:09.394 &amp#27;[32m INFO&amp#27;[m &amp#27;[35m[@503 - main]&amp#27;[m &amp#27;[36mcom.shaft.tools.io.ReportManager&amp#27;[m : Successfully created attachment "Test Data - Excel"
2023-01-22 15:44:09.865 &amp#27;[32m INFO&amp#27;[m &amp#27;[35m[@503 - main]&amp#27;[m &amp#27;[36mcom.shaft.tools.io.ReportManager&amp#27;[m : Response status code: "401", status line: "HTTP/1.1 401 "
2023-01-22 15:44:09.868 &amp#27;[32m INFO&amp#27;[m &amp#27;[35m[@503 - main]&amp#27;[m &amp#27;[36mcom.shaft.tools.io.ReportManager&amp#27;[m : Successfully created attachment "API Request - Specifications"
2023-01-22 15:44:09.870 &amp#27;[32m INFO&amp#27;[m &amp#27;[35m[@503 - main]&amp#27;[m &amp#27;[36mcom.shaft.tools.io.ReportManager&amp#27;[m : Successfully created attachment "API Request - JSON Body"
2023-01-22 15:44:09.872 &amp#27;[32m INFO&amp#27;[m &amp#27;[35m[@503 - main]&amp#27;[m &amp#27;[36mcom.shaft.tools.io.ReportManager&amp#27;[m : Successfully created attachment "API Response - JSON Body"
2023-01-22 15:44:09.876 &amp#27;[32m INFO&amp#27;[m &amp#27;[35m[@503 - main]&amp#27;[m &amp#27;[36mcom.shaft.tools.io.ReportManager&amp#27;[m : Successfully created attachment "SHAFT Engine Logs - Current Method log: InValid_Add_Payment_Policy_With_InValid_Token_TC"
]]></system-out>
  </testcase>
  <testcase name="InValid_Add_Payment_Policy_With_Missing_Token_TC[[Ljava.lang.Object;@182d0035](1)" classname="SteeringCompanyAPI_TestCases.Test_Policies_Cases" time="0.724">
    <system-out><![CDATA[2023-01-22 15:44:09.885 &amp#27;[32m INFO&amp#27;[m &amp#27;[35m[@534 - main]&amp#27;[m &amp#27;[36mcom.shaft.tools.io.ReportManager&amp#27;[m : 
################################################################################################################################################
Starting Execution:	"137 out of 70" test cases in the current suite
Test Method:		"SteeringCompanyAPI_TestCases.Test_Policies_Cases.InValid_Add_Payment_Policy_With_Missing_Token_TC"
Test Description:	"TC026 -Policy- Perform Add Payment Policy With Missing Token"
################################################################################################################################################
2023-01-22 15:44:09.885 &amp#27;[32m INFO&amp#27;[m &amp#27;[35m[@503 - main]&amp#27;[m &amp#27;[36mcom.shaft.tools.io.ReportManager&amp#27;[m : File Action "DoesFileExist" successfully performed. With the following test data "File Path: "SteeringCompanyAPI_TestData/SteeringCompanyAPI_TestData.xlsx"".
2023-01-22 15:44:09.966 &amp#27;[32m INFO&amp#27;[m &amp#27;[35m[@503 - main]&amp#27;[m &amp#27;[36mcom.shaft.tools.io.ReportManager&amp#27;[m : Successfully created attachment "Test Data - Excel"
2023-01-22 15:44:09.966 &amp#27;[32m INFO&amp#27;[m &amp#27;[35m[@503 - main]&amp#27;[m &amp#27;[36mcom.shaft.tools.io.ReportManager&amp#27;[m : File Action "DoesFileExist" successfully performed. With the following test data "File Path: "SteeringCompanyAPI_TestData/SteeringCompanyAPI_TestData.xlsx"".
2023-01-22 15:44:10.035 &amp#27;[32m INFO&amp#27;[m &amp#27;[35m[@503 - main]&amp#27;[m &amp#27;[36mcom.shaft.tools.io.ReportManager&amp#27;[m : Successfully created attachment "Test Data - Excel"
2023-01-22 15:44:10.035 &amp#27;[32m INFO&amp#27;[m &amp#27;[35m[@503 - main]&amp#27;[m &amp#27;[36mcom.shaft.tools.io.ReportManager&amp#27;[m : File Action "DoesFileExist" successfully performed. With the following test data "File Path: "SteeringCompanyAPI_TestData/SteeringCompanyAPI_TestData.xlsx"".
2023-01-22 15:44:10.115 &amp#27;[32m INFO&amp#27;[m &amp#27;[35m[@503 - main]&amp#27;[m &amp#27;[36mcom.shaft.tools.io.ReportManager&amp#27;[m : Successfully created attachment "Test Data - Excel"
2023-01-22 15:44:10.566 &amp#27;[32m INFO&amp#27;[m &amp#27;[35m[@503 - main]&amp#27;[m &amp#27;[36mcom.shaft.tools.io.ReportManager&amp#27;[m : Response status code: "401", status line: "HTTP/1.1 401 "
2023-01-22 15:44:10.588 &amp#27;[32m INFO&amp#27;[m &amp#27;[35m[@503 - main]&amp#27;[m &amp#27;[36mcom.shaft.tools.io.ReportManager&amp#27;[m : Successfully created attachment "API Request - Specifications"
2023-01-22 15:44:10.589 &amp#27;[32m INFO&amp#27;[m &amp#27;[35m[@503 - main]&amp#27;[m &amp#27;[36mcom.shaft.tools.io.ReportManager&amp#27;[m : Successfully created attachment "API Request - JSON Body"
2023-01-22 15:44:10.590 &amp#27;[32m INFO&amp#27;[m &amp#27;[35m[@503 - main]&amp#27;[m &amp#27;[36mcom.shaft.tools.io.ReportManager&amp#27;[m : Successfully created attachment "API Response - JSON Body"
2023-01-22 15:44:10.593 &amp#27;[32m INFO&amp#27;[m &amp#27;[35m[@503 - main]&amp#27;[m &amp#27;[36mcom.shaft.tools.io.ReportManager&amp#27;[m : File Action "DoesFileExist" successfully performed. With the following test data "File Path: "Schemas/InvalidTokenRequest_Unauthorized_schema.json"".
2023-01-22 15:44:10.593 &amp#27;[32m INFO&amp#27;[m &amp#27;[35m[@503 - main]&amp#27;[m &amp#27;[36mcom.shaft.tools.io.ReportManager&amp#27;[m : File Action "DoesFileExist" successfully performed. With the following test data "File Path: "src/test/resources/testDataFiles/Schemas/InvalidTokenRequest_Unauthorized_schema.json"".
2023-01-22 15:44:10.593 &amp#27;[32m INFO&amp#27;[m &amp#27;[35m[@503 - main]&amp#27;[m &amp#27;[36mcom.shaft.tools.io.ReportManager&amp#27;[m : File Action "GetAbsolutePath" successfully performed. With the following test data "Relative Folder Path: "src/test/resources/testDataFiles/Schemas/InvalidTokenRequest_Unauthorized_schema.json"".
2023-01-22 15:44:10.598 &amp#27;[32m INFO&amp#27;[m &amp#27;[35m[@503 - main]&amp#27;[m &amp#27;[36mcom.shaft.tools.io.ReportManager&amp#27;[m : File Action "DoesFileExist" successfully performed. With the following test data "File Path: "C:\eclipse-workspace\MyProjects\TASystemsAPIs\src\test\resources\testDataFiles\Schemas\InvalidTokenRequest_Unauthorized_schema.json"".
2023-01-22 15:44:10.599 &amp#27;[32m INFO&amp#27;[m &amp#27;[35m[@503 - main]&amp#27;[m &amp#27;[36mcom.shaft.tools.io.ReportManager&amp#27;[m : File Action "GetAbsolutePath" successfully performed. With the following test data "Relative Folder Path: "C:\eclipse-workspace\MyProjects\TASystemsAPIs\src\test\resources\testDataFiles\Schemas\InvalidTokenRequest_Unauthorized_schema.json"".
2023-01-22 15:44:10.599 &amp#27;[32m INFO&amp#27;[m &amp#27;[35m[@503 - main]&amp#27;[m &amp#27;[36mcom.shaft.tools.io.ReportManager&amp#27;[m : File Action "ReadFile" successfully performed. With the following test data "File Path: "C:\eclipse-workspace\MyProjects\TASystemsAPIs\src\test\resources\testDataFiles\Schemas\InvalidTokenRequest_Unauthorized_schema.json"".
2023-01-22 15:44:10.603 &amp#27;[32m INFO&amp#27;[m &amp#27;[35m[@503 - main]&amp#27;[m &amp#27;[36mcom.shaft.tools.io.ReportManager&amp#27;[m : Successfully created attachment "Validation Test Data - Expected JSON Value"
2023-01-22 15:44:10.604 &amp#27;[32m INFO&amp#27;[m &amp#27;[35m[@503 - main]&amp#27;[m &amp#27;[36mcom.shaft.tools.io.ReportManager&amp#27;[m : Successfully created attachment "Validation Test Data - Actual JSON Value"
2023-01-22 15:44:10.606 &amp#27;[32m INFO&amp#27;[m &amp#27;[35m[@503 - main]&amp#27;[m &amp#27;[36mcom.shaft.tools.io.ReportManager&amp#27;[m : Successfully created attachment "SHAFT Engine Logs - Current Method log: InValid_Add_Payment_Policy_With_Missing_Token_TC"
]]></system-out>
  </testcase>
  <testcase name="InValid_Add_Payment_Policy_With_Missing_Token_TC[[Ljava.lang.Object;@734c6928](2)" classname="SteeringCompanyAPI_TestCases.Test_Policies_Cases" time="0.775">
    <system-out><![CDATA[2023-01-22 15:44:10.615 &amp#27;[32m INFO&amp#27;[m &amp#27;[35m[@534 - main]&amp#27;[m &amp#27;[36mcom.shaft.tools.io.ReportManager&amp#27;[m : 
################################################################################################################################################
Starting Execution:	"138 out of 70" test cases in the current suite
Test Method:		"SteeringCompanyAPI_TestCases.Test_Policies_Cases.InValid_Add_Payment_Policy_With_Missing_Token_TC"
Test Description:	"TC026 -Policy- Perform Add Payment Policy With Missing Token"
################################################################################################################################################
2023-01-22 15:44:10.615 &amp#27;[32m INFO&amp#27;[m &amp#27;[35m[@503 - main]&amp#27;[m &amp#27;[36mcom.shaft.tools.io.ReportManager&amp#27;[m : File Action "DoesFileExist" successfully performed. With the following test data "File Path: "SteeringCompanyAPI_TestData/SteeringCompanyAPI_TestData.xlsx"".
2023-01-22 15:44:10.671 &amp#27;[32m INFO&amp#27;[m &amp#27;[35m[@503 - main]&amp#27;[m &amp#27;[36mcom.shaft.tools.io.ReportManager&amp#27;[m : Successfully created attachment "Test Data - Excel"
2023-01-22 15:44:10.671 &amp#27;[32m INFO&amp#27;[m &amp#27;[35m[@503 - main]&amp#27;[m &amp#27;[36mcom.shaft.tools.io.ReportManager&amp#27;[m : File Action "DoesFileExist" successfully performed. With the following test data "File Path: "SteeringCompanyAPI_TestData/SteeringCompanyAPI_TestData.xlsx"".
2023-01-22 15:44:10.727 &amp#27;[32m INFO&amp#27;[m &amp#27;[35m[@503 - main]&amp#27;[m &amp#27;[36mcom.shaft.tools.io.ReportManager&amp#27;[m : Successfully created attachment "Test Data - Excel"
2023-01-22 15:44:10.727 &amp#27;[32m INFO&amp#27;[m &amp#27;[35m[@503 - main]&amp#27;[m &amp#27;[36mcom.shaft.tools.io.ReportManager&amp#27;[m : File Action "DoesFileExist" successfully performed. With the following test data "File Path: "SteeringCompanyAPI_TestData/SteeringCompanyAPI_TestData.xlsx"".
2023-01-22 15:44:10.790 &amp#27;[32m INFO&amp#27;[m &amp#27;[35m[@503 - main]&amp#27;[m &amp#27;[36mcom.shaft.tools.io.ReportManager&amp#27;[m : Successfully created attachment "Test Data - Excel"
2023-01-22 15:44:11.327 &amp#27;[32m INFO&amp#27;[m &amp#27;[35m[@503 - main]&amp#27;[m &amp#27;[36mcom.shaft.tools.io.ReportManager&amp#27;[m : Response status code: "401", status line: "HTTP/1.1 401 "
2023-01-22 15:44:11.354 &amp#27;[32m INFO&amp#27;[m &amp#27;[35m[@503 - main]&amp#27;[m &amp#27;[36mcom.shaft.tools.io.ReportManager&amp#27;[m : Successfully created attachment "API Request - Specifications"
2023-01-22 15:44:11.356 &amp#27;[32m INFO&amp#27;[m &amp#27;[35m[@503 - main]&amp#27;[m &amp#27;[36mcom.shaft.tools.io.ReportManager&amp#27;[m : Successfully created attachment "API Request - JSON Body"
2023-01-22 15:44:11.360 &amp#27;[32m INFO&amp#27;[m &amp#27;[35m[@503 - main]&amp#27;[m &amp#27;[36mcom.shaft.tools.io.ReportManager&amp#27;[m : Successfully created attachment "API Response - JSON Body"
2023-01-22 15:44:11.363 &amp#27;[32m INFO&amp#27;[m &amp#27;[35m[@503 - main]&amp#27;[m &amp#27;[36mcom.shaft.tools.io.ReportManager&amp#27;[m : File Action "DoesFileExist" successfully performed. With the following test data "File Path: "Schemas/InvalidTokenRequest_Unauthorized_schema.json"".
2023-01-22 15:44:11.363 &amp#27;[32m INFO&amp#27;[m &amp#27;[35m[@503 - main]&amp#27;[m &amp#27;[36mcom.shaft.tools.io.ReportManager&amp#27;[m : File Action "DoesFileExist" successfully performed. With the following test data "File Path: "src/test/resources/testDataFiles/Schemas/InvalidTokenRequest_Unauthorized_schema.json"".
2023-01-22 15:44:11.364 &amp#27;[32m INFO&amp#27;[m &amp#27;[35m[@503 - main]&amp#27;[m &amp#27;[36mcom.shaft.tools.io.ReportManager&amp#27;[m : File Action "GetAbsolutePath" successfully performed. With the following test data "Relative Folder Path: "src/test/resources/testDataFiles/Schemas/InvalidTokenRequest_Unauthorized_schema.json"".
2023-01-22 15:44:11.369 &amp#27;[32m INFO&amp#27;[m &amp#27;[35m[@503 - main]&amp#27;[m &amp#27;[36mcom.shaft.tools.io.ReportManager&amp#27;[m : File Action "DoesFileExist" successfully performed. With the following test data "File Path: "C:\eclipse-workspace\MyProjects\TASystemsAPIs\src\test\resources\testDataFiles\Schemas\InvalidTokenRequest_Unauthorized_schema.json"".
2023-01-22 15:44:11.370 &amp#27;[32m INFO&amp#27;[m &amp#27;[35m[@503 - main]&amp#27;[m &amp#27;[36mcom.shaft.tools.io.ReportManager&amp#27;[m : File Action "GetAbsolutePath" successfully performed. With the following test data "Relative Folder Path: "C:\eclipse-workspace\MyProjects\TASystemsAPIs\src\test\resources\testDataFiles\Schemas\InvalidTokenRequest_Unauthorized_schema.json"".
2023-01-22 15:44:11.372 &amp#27;[32m INFO&amp#27;[m &amp#27;[35m[@503 - main]&amp#27;[m &amp#27;[36mcom.shaft.tools.io.ReportManager&amp#27;[m : File Action "ReadFile" successfully performed. With the following test data "File Path: "C:\eclipse-workspace\MyProjects\TASystemsAPIs\src\test\resources\testDataFiles\Schemas\InvalidTokenRequest_Unauthorized_schema.json"".
2023-01-22 15:44:11.374 &amp#27;[32m INFO&amp#27;[m &amp#27;[35m[@503 - main]&amp#27;[m &amp#27;[36mcom.shaft.tools.io.ReportManager&amp#27;[m : Successfully created attachment "Validation Test Data - Expected JSON Value"
2023-01-22 15:44:11.377 &amp#27;[32m INFO&amp#27;[m &amp#27;[35m[@503 - main]&amp#27;[m &amp#27;[36mcom.shaft.tools.io.ReportManager&amp#27;[m : Successfully created attachment "Validation Test Data - Actual JSON Value"
2023-01-22 15:44:11.379 &amp#27;[32m INFO&amp#27;[m &amp#27;[35m[@503 - main]&amp#27;[m &amp#27;[36mcom.shaft.tools.io.ReportManager&amp#27;[m : Successfully created attachment "SHAFT Engine Logs - Current Method log: InValid_Add_Payment_Policy_With_Missing_Token_TC"
]]></system-out>
  </testcase>
  <testcase name="InValid_Add_Tax_Policy_With_Invalid_Token_TC[[Ljava.lang.Object;@4e1ac67a](1)" classname="SteeringCompanyAPI_TestCases.Test_Policies_Cases" time="0.67">
    <system-out><![CDATA[2023-01-22 15:44:11.393 &amp#27;[32m INFO&amp#27;[m &amp#27;[35m[@534 - main]&amp#27;[m &amp#27;[36mcom.shaft.tools.io.ReportManager&amp#27;[m : 
################################################################################################################################################
Starting Execution:	"139 out of 70" test cases in the current suite
Test Method:		"SteeringCompanyAPI_TestCases.Test_Policies_Cases.InValid_Add_Tax_Policy_With_Invalid_Token_TC"
Test Description:	"TC023 -Policy- Perform Add Valid Tax Policy With Invalid/Expired Token"
################################################################################################################################################
2023-01-22 15:44:11.393 &amp#27;[32m INFO&amp#27;[m &amp#27;[35m[@503 - main]&amp#27;[m &amp#27;[36mcom.shaft.tools.io.ReportManager&amp#27;[m : File Action "DoesFileExist" successfully performed. With the following test data "File Path: "SteeringCompanyAPI_TestData/SteeringCompanyAPI_TestData.xlsx"".
2023-01-22 15:44:11.458 &amp#27;[32m INFO&amp#27;[m &amp#27;[35m[@503 - main]&amp#27;[m &amp#27;[36mcom.shaft.tools.io.ReportManager&amp#27;[m : Successfully created attachment "Test Data - Excel"
2023-01-22 15:44:11.459 &amp#27;[32m INFO&amp#27;[m &amp#27;[35m[@503 - main]&amp#27;[m &amp#27;[36mcom.shaft.tools.io.ReportManager&amp#27;[m : File Action "DoesFileExist" successfully performed. With the following test data "File Path: "SteeringCompanyAPI_TestData/SteeringCompanyAPI_TestData.xlsx"".
2023-01-22 15:44:11.524 &amp#27;[32m INFO&amp#27;[m &amp#27;[35m[@503 - main]&amp#27;[m &amp#27;[36mcom.shaft.tools.io.ReportManager&amp#27;[m : Successfully created attachment "Test Data - Excel"
2023-01-22 15:44:11.525 &amp#27;[32m INFO&amp#27;[m &amp#27;[35m[@503 - main]&amp#27;[m &amp#27;[36mcom.shaft.tools.io.ReportManager&amp#27;[m : File Action "DoesFileExist" successfully performed. With the following test data "File Path: "SteeringCompanyAPI_TestData/SteeringCompanyAPI_TestData.xlsx"".
2023-01-22 15:44:11.601 &amp#27;[32m INFO&amp#27;[m &amp#27;[35m[@503 - main]&amp#27;[m &amp#27;[36mcom.shaft.tools.io.ReportManager&amp#27;[m : Successfully created attachment "Test Data - Excel"
2023-01-22 15:44:12.047 &amp#27;[32m INFO&amp#27;[m &amp#27;[35m[@503 - main]&amp#27;[m &amp#27;[36mcom.shaft.tools.io.ReportManager&amp#27;[m : Response status code: "401", status line: "HTTP/1.1 401 "
2023-01-22 15:44:12.050 &amp#27;[32m INFO&amp#27;[m &amp#27;[35m[@503 - main]&amp#27;[m &amp#27;[36mcom.shaft.tools.io.ReportManager&amp#27;[m : Successfully created attachment "API Request - Specifications"
2023-01-22 15:44:12.051 &amp#27;[32m INFO&amp#27;[m &amp#27;[35m[@503 - main]&amp#27;[m &amp#27;[36mcom.shaft.tools.io.ReportManager&amp#27;[m : Successfully created attachment "API Request - JSON Body"
2023-01-22 15:44:12.052 &amp#27;[32m INFO&amp#27;[m &amp#27;[35m[@503 - main]&amp#27;[m &amp#27;[36mcom.shaft.tools.io.ReportManager&amp#27;[m : Successfully created attachment "API Response - JSON Body"
2023-01-22 15:44:12.057 &amp#27;[32m INFO&amp#27;[m &amp#27;[35m[@503 - main]&amp#27;[m &amp#27;[36mcom.shaft.tools.io.ReportManager&amp#27;[m : Successfully created attachment "SHAFT Engine Logs - Current Method log: InValid_Add_Tax_Policy_With_Invalid_Token_TC"
]]></system-out>
  </testcase>
  <testcase name="InValid_Add_Tax_Policy_With_Invalid_Token_TC[[Ljava.lang.Object;@55f7ee10](2)" classname="SteeringCompanyAPI_TestCases.Test_Policies_Cases" time="0.605">
    <system-out><![CDATA[2023-01-22 15:44:12.061 &amp#27;[32m INFO&amp#27;[m &amp#27;[35m[@534 - main]&amp#27;[m &amp#27;[36mcom.shaft.tools.io.ReportManager&amp#27;[m : 
################################################################################################################################################
Starting Execution:	"140 out of 70" test cases in the current suite
Test Method:		"SteeringCompanyAPI_TestCases.Test_Policies_Cases.InValid_Add_Tax_Policy_With_Invalid_Token_TC"
Test Description:	"TC023 -Policy- Perform Add Valid Tax Policy With Invalid/Expired Token"
################################################################################################################################################
2023-01-22 15:44:12.062 &amp#27;[32m INFO&amp#27;[m &amp#27;[35m[@503 - main]&amp#27;[m &amp#27;[36mcom.shaft.tools.io.ReportManager&amp#27;[m : File Action "DoesFileExist" successfully performed. With the following test data "File Path: "SteeringCompanyAPI_TestData/SteeringCompanyAPI_TestData.xlsx"".
2023-01-22 15:44:12.111 &amp#27;[32m INFO&amp#27;[m &amp#27;[35m[@503 - main]&amp#27;[m &amp#27;[36mcom.shaft.tools.io.ReportManager&amp#27;[m : Successfully created attachment "Test Data - Excel"
2023-01-22 15:44:12.111 &amp#27;[32m INFO&amp#27;[m &amp#27;[35m[@503 - main]&amp#27;[m &amp#27;[36mcom.shaft.tools.io.ReportManager&amp#27;[m : File Action "DoesFileExist" successfully performed. With the following test data "File Path: "SteeringCompanyAPI_TestData/SteeringCompanyAPI_TestData.xlsx"".
2023-01-22 15:44:12.148 &amp#27;[32m INFO&amp#27;[m &amp#27;[35m[@503 - main]&amp#27;[m &amp#27;[36mcom.shaft.tools.io.ReportManager&amp#27;[m : Successfully created attachment "Test Data - Excel"
2023-01-22 15:44:12.148 &amp#27;[32m INFO&amp#27;[m &amp#27;[35m[@503 - main]&amp#27;[m &amp#27;[36mcom.shaft.tools.io.ReportManager&amp#27;[m : File Action "DoesFileExist" successfully performed. With the following test data "File Path: "SteeringCompanyAPI_TestData/SteeringCompanyAPI_TestData.xlsx"".
2023-01-22 15:44:12.203 &amp#27;[32m INFO&amp#27;[m &amp#27;[35m[@503 - main]&amp#27;[m &amp#27;[36mcom.shaft.tools.io.ReportManager&amp#27;[m : Successfully created attachment "Test Data - Excel"
2023-01-22 15:44:12.656 &amp#27;[32m INFO&amp#27;[m &amp#27;[35m[@503 - main]&amp#27;[m &amp#27;[36mcom.shaft.tools.io.ReportManager&amp#27;[m : Response status code: "401", status line: "HTTP/1.1 401 "
2023-01-22 15:44:12.658 &amp#27;[32m INFO&amp#27;[m &amp#27;[35m[@503 - main]&amp#27;[m &amp#27;[36mcom.shaft.tools.io.ReportManager&amp#27;[m : Successfully created attachment "API Request - Specifications"
2023-01-22 15:44:12.658 &amp#27;[32m INFO&amp#27;[m &amp#27;[35m[@503 - main]&amp#27;[m &amp#27;[36mcom.shaft.tools.io.ReportManager&amp#27;[m : Successfully created attachment "API Request - JSON Body"
2023-01-22 15:44:12.661 &amp#27;[32m INFO&amp#27;[m &amp#27;[35m[@503 - main]&amp#27;[m &amp#27;[36mcom.shaft.tools.io.ReportManager&amp#27;[m : Successfully created attachment "API Response - JSON Body"
2023-01-22 15:44:12.662 &amp#27;[32m INFO&amp#27;[m &amp#27;[35m[@503 - main]&amp#27;[m &amp#27;[36mcom.shaft.tools.io.ReportManager&amp#27;[m : Successfully created attachment "SHAFT Engine Logs - Current Method log: InValid_Add_Tax_Policy_With_Invalid_Token_TC"
]]></system-out>
  </testcase>
  <testcase name="InValid_Add_Tax_Policy_With_Missing_Token_TC[[Ljava.lang.Object;@206d0229](1)" classname="SteeringCompanyAPI_TestCases.Test_Policies_Cases" time="0.623">
    <system-out><![CDATA[2023-01-22 15:44:12.669 &amp#27;[32m INFO&amp#27;[m &amp#27;[35m[@534 - main]&amp#27;[m &amp#27;[36mcom.shaft.tools.io.ReportManager&amp#27;[m : 
################################################################################################################################################
Starting Execution:	"141 out of 70" test cases in the current suite
Test Method:		"SteeringCompanyAPI_TestCases.Test_Policies_Cases.InValid_Add_Tax_Policy_With_Missing_Token_TC"
Test Description:	"TC022 -Policy- Perform Add Valid Tax Policy With Missing Token"
################################################################################################################################################
2023-01-22 15:44:12.669 &amp#27;[32m INFO&amp#27;[m &amp#27;[35m[@503 - main]&amp#27;[m &amp#27;[36mcom.shaft.tools.io.ReportManager&amp#27;[m : File Action "DoesFileExist" successfully performed. With the following test data "File Path: "SteeringCompanyAPI_TestData/SteeringCompanyAPI_TestData.xlsx"".
2023-01-22 15:44:12.720 &amp#27;[32m INFO&amp#27;[m &amp#27;[35m[@503 - main]&amp#27;[m &amp#27;[36mcom.shaft.tools.io.ReportManager&amp#27;[m : Successfully created attachment "Test Data - Excel"
2023-01-22 15:44:12.720 &amp#27;[32m INFO&amp#27;[m &amp#27;[35m[@503 - main]&amp#27;[m &amp#27;[36mcom.shaft.tools.io.ReportManager&amp#27;[m : File Action "DoesFileExist" successfully performed. With the following test data "File Path: "SteeringCompanyAPI_TestData/SteeringCompanyAPI_TestData.xlsx"".
2023-01-22 15:44:12.766 &amp#27;[32m INFO&amp#27;[m &amp#27;[35m[@503 - main]&amp#27;[m &amp#27;[36mcom.shaft.tools.io.ReportManager&amp#27;[m : Successfully created attachment "Test Data - Excel"
2023-01-22 15:44:12.767 &amp#27;[32m INFO&amp#27;[m &amp#27;[35m[@503 - main]&amp#27;[m &amp#27;[36mcom.shaft.tools.io.ReportManager&amp#27;[m : File Action "DoesFileExist" successfully performed. With the following test data "File Path: "SteeringCompanyAPI_TestData/SteeringCompanyAPI_TestData.xlsx"".
2023-01-22 15:44:12.797 &amp#27;[32m INFO&amp#27;[m &amp#27;[35m[@503 - main]&amp#27;[m &amp#27;[36mcom.shaft.tools.io.ReportManager&amp#27;[m : Successfully created attachment "Test Data - Excel"
2023-01-22 15:44:13.258 &amp#27;[32m INFO&amp#27;[m &amp#27;[35m[@503 - main]&amp#27;[m &amp#27;[36mcom.shaft.tools.io.ReportManager&amp#27;[m : Response status code: "401", status line: "HTTP/1.1 401 "
2023-01-22 15:44:13.275 &amp#27;[32m INFO&amp#27;[m &amp#27;[35m[@503 - main]&amp#27;[m &amp#27;[36mcom.shaft.tools.io.ReportManager&amp#27;[m : Successfully created attachment "API Request - Specifications"
2023-01-22 15:44:13.279 &amp#27;[32m INFO&amp#27;[m &amp#27;[35m[@503 - main]&amp#27;[m &amp#27;[36mcom.shaft.tools.io.ReportManager&amp#27;[m : Successfully created attachment "API Request - JSON Body"
2023-01-22 15:44:13.281 &amp#27;[32m INFO&amp#27;[m &amp#27;[35m[@503 - main]&amp#27;[m &amp#27;[36mcom.shaft.tools.io.ReportManager&amp#27;[m : Successfully created attachment "API Response - JSON Body"
2023-01-22 15:44:13.281 &amp#27;[32m INFO&amp#27;[m &amp#27;[35m[@503 - main]&amp#27;[m &amp#27;[36mcom.shaft.tools.io.ReportManager&amp#27;[m : File Action "DoesFileExist" successfully performed. With the following test data "File Path: "Schemas/InvalidTokenRequest_Unauthorized_schema.json"".
2023-01-22 15:44:13.281 &amp#27;[32m INFO&amp#27;[m &amp#27;[35m[@503 - main]&amp#27;[m &amp#27;[36mcom.shaft.tools.io.ReportManager&amp#27;[m : File Action "DoesFileExist" successfully performed. With the following test data "File Path: "src/test/resources/testDataFiles/Schemas/InvalidTokenRequest_Unauthorized_schema.json"".
2023-01-22 15:44:13.281 &amp#27;[32m INFO&amp#27;[m &amp#27;[35m[@503 - main]&amp#27;[m &amp#27;[36mcom.shaft.tools.io.ReportManager&amp#27;[m : File Action "GetAbsolutePath" successfully performed. With the following test data "Relative Folder Path: "src/test/resources/testDataFiles/Schemas/InvalidTokenRequest_Unauthorized_schema.json"".
2023-01-22 15:44:13.284 &amp#27;[32m INFO&amp#27;[m &amp#27;[35m[@503 - main]&amp#27;[m &amp#27;[36mcom.shaft.tools.io.ReportManager&amp#27;[m : File Action "DoesFileExist" successfully performed. With the following test data "File Path: "C:\eclipse-workspace\MyProjects\TASystemsAPIs\src\test\resources\testDataFiles\Schemas\InvalidTokenRequest_Unauthorized_schema.json"".
2023-01-22 15:44:13.286 &amp#27;[32m INFO&amp#27;[m &amp#27;[35m[@503 - main]&amp#27;[m &amp#27;[36mcom.shaft.tools.io.ReportManager&amp#27;[m : File Action "GetAbsolutePath" successfully performed. With the following test data "Relative Folder Path: "C:\eclipse-workspace\MyProjects\TASystemsAPIs\src\test\resources\testDataFiles\Schemas\InvalidTokenRequest_Unauthorized_schema.json"".
2023-01-22 15:44:13.286 &amp#27;[32m INFO&amp#27;[m &amp#27;[35m[@503 - main]&amp#27;[m &amp#27;[36mcom.shaft.tools.io.ReportManager&amp#27;[m : File Action "ReadFile" successfully performed. With the following test data "File Path: "C:\eclipse-workspace\MyProjects\TASystemsAPIs\src\test\resources\testDataFiles\Schemas\InvalidTokenRequest_Unauthorized_schema.json"".
2023-01-22 15:44:13.287 &amp#27;[32m INFO&amp#27;[m &amp#27;[35m[@503 - main]&amp#27;[m &amp#27;[36mcom.shaft.tools.io.ReportManager&amp#27;[m : Successfully created attachment "Validation Test Data - Expected JSON Value"
2023-01-22 15:44:13.287 &amp#27;[32m INFO&amp#27;[m &amp#27;[35m[@503 - main]&amp#27;[m &amp#27;[36mcom.shaft.tools.io.ReportManager&amp#27;[m : Successfully created attachment "Validation Test Data - Actual JSON Value"
2023-01-22 15:44:13.289 &amp#27;[32m INFO&amp#27;[m &amp#27;[35m[@503 - main]&amp#27;[m &amp#27;[36mcom.shaft.tools.io.ReportManager&amp#27;[m : Successfully created attachment "SHAFT Engine Logs - Current Method log: InValid_Add_Tax_Policy_With_Missing_Token_TC"
]]></system-out>
  </testcase>
  <testcase name="InValid_Add_Tax_Policy_With_Missing_Token_TC[[Ljava.lang.Object;@19066e7f](2)" classname="SteeringCompanyAPI_TestCases.Test_Policies_Cases" time="0.612">
    <system-out><![CDATA[2023-01-22 15:44:13.294 &amp#27;[32m INFO&amp#27;[m &amp#27;[35m[@534 - main]&amp#27;[m &amp#27;[36mcom.shaft.tools.io.ReportManager&amp#27;[m : 
################################################################################################################################################
Starting Execution:	"142 out of 70" test cases in the current suite
Test Method:		"SteeringCompanyAPI_TestCases.Test_Policies_Cases.InValid_Add_Tax_Policy_With_Missing_Token_TC"
Test Description:	"TC022 -Policy- Perform Add Valid Tax Policy With Missing Token"
################################################################################################################################################
2023-01-22 15:44:13.294 &amp#27;[32m INFO&amp#27;[m &amp#27;[35m[@503 - main]&amp#27;[m &amp#27;[36mcom.shaft.tools.io.ReportManager&amp#27;[m : File Action "DoesFileExist" successfully performed. With the following test data "File Path: "SteeringCompanyAPI_TestData/SteeringCompanyAPI_TestData.xlsx"".
2023-01-22 15:44:13.342 &amp#27;[32m INFO&amp#27;[m &amp#27;[35m[@503 - main]&amp#27;[m &amp#27;[36mcom.shaft.tools.io.ReportManager&amp#27;[m : Successfully created attachment "Test Data - Excel"
2023-01-22 15:44:13.343 &amp#27;[32m INFO&amp#27;[m &amp#27;[35m[@503 - main]&amp#27;[m &amp#27;[36mcom.shaft.tools.io.ReportManager&amp#27;[m : File Action "DoesFileExist" successfully performed. With the following test data "File Path: "SteeringCompanyAPI_TestData/SteeringCompanyAPI_TestData.xlsx"".
2023-01-22 15:44:13.392 &amp#27;[32m INFO&amp#27;[m &amp#27;[35m[@503 - main]&amp#27;[m &amp#27;[36mcom.shaft.tools.io.ReportManager&amp#27;[m : Successfully created attachment "Test Data - Excel"
2023-01-22 15:44:13.394 &amp#27;[32m INFO&amp#27;[m &amp#27;[35m[@503 - main]&amp#27;[m &amp#27;[36mcom.shaft.tools.io.ReportManager&amp#27;[m : File Action "DoesFileExist" successfully performed. With the following test data "File Path: "SteeringCompanyAPI_TestData/SteeringCompanyAPI_TestData.xlsx"".
2023-01-22 15:44:13.441 &amp#27;[32m INFO&amp#27;[m &amp#27;[35m[@503 - main]&amp#27;[m &amp#27;[36mcom.shaft.tools.io.ReportManager&amp#27;[m : Successfully created attachment "Test Data - Excel"
2023-01-22 15:44:13.880 &amp#27;[32m INFO&amp#27;[m &amp#27;[35m[@503 - main]&amp#27;[m &amp#27;[36mcom.shaft.tools.io.ReportManager&amp#27;[m : Response status code: "401", status line: "HTTP/1.1 401 "
2023-01-22 15:44:13.894 &amp#27;[32m INFO&amp#27;[m &amp#27;[35m[@503 - main]&amp#27;[m &amp#27;[36mcom.shaft.tools.io.ReportManager&amp#27;[m : Successfully created attachment "API Request - Specifications"
2023-01-22 15:44:13.894 &amp#27;[32m INFO&amp#27;[m &amp#27;[35m[@503 - main]&amp#27;[m &amp#27;[36mcom.shaft.tools.io.ReportManager&amp#27;[m : Successfully created attachment "API Request - JSON Body"
2023-01-22 15:44:13.895 &amp#27;[32m INFO&amp#27;[m &amp#27;[35m[@503 - main]&amp#27;[m &amp#27;[36mcom.shaft.tools.io.ReportManager&amp#27;[m : Successfully created attachment "API Response - JSON Body"
2023-01-22 15:44:13.896 &amp#27;[32m INFO&amp#27;[m &amp#27;[35m[@503 - main]&amp#27;[m &amp#27;[36mcom.shaft.tools.io.ReportManager&amp#27;[m : File Action "DoesFileExist" successfully performed. With the following test data "File Path: "Schemas/InvalidTokenRequest_Unauthorized_schema.json"".
2023-01-22 15:44:13.896 &amp#27;[32m INFO&amp#27;[m &amp#27;[35m[@503 - main]&amp#27;[m &amp#27;[36mcom.shaft.tools.io.ReportManager&amp#27;[m : File Action "DoesFileExist" successfully performed. With the following test data "File Path: "src/test/resources/testDataFiles/Schemas/InvalidTokenRequest_Unauthorized_schema.json"".
2023-01-22 15:44:13.896 &amp#27;[32m INFO&amp#27;[m &amp#27;[35m[@503 - main]&amp#27;[m &amp#27;[36mcom.shaft.tools.io.ReportManager&amp#27;[m : File Action "GetAbsolutePath" successfully performed. With the following test data "Relative Folder Path: "src/test/resources/testDataFiles/Schemas/InvalidTokenRequest_Unauthorized_schema.json"".
2023-01-22 15:44:13.897 &amp#27;[32m INFO&amp#27;[m &amp#27;[35m[@503 - main]&amp#27;[m &amp#27;[36mcom.shaft.tools.io.ReportManager&amp#27;[m : File Action "DoesFileExist" successfully performed. With the following test data "File Path: "C:\eclipse-workspace\MyProjects\TASystemsAPIs\src\test\resources\testDataFiles\Schemas\InvalidTokenRequest_Unauthorized_schema.json"".
2023-01-22 15:44:13.897 &amp#27;[32m INFO&amp#27;[m &amp#27;[35m[@503 - main]&amp#27;[m &amp#27;[36mcom.shaft.tools.io.ReportManager&amp#27;[m : File Action "GetAbsolutePath" successfully performed. With the following test data "Relative Folder Path: "C:\eclipse-workspace\MyProjects\TASystemsAPIs\src\test\resources\testDataFiles\Schemas\InvalidTokenRequest_Unauthorized_schema.json"".
2023-01-22 15:44:13.897 &amp#27;[32m INFO&amp#27;[m &amp#27;[35m[@503 - main]&amp#27;[m &amp#27;[36mcom.shaft.tools.io.ReportManager&amp#27;[m : File Action "ReadFile" successfully performed. With the following test data "File Path: "C:\eclipse-workspace\MyProjects\TASystemsAPIs\src\test\resources\testDataFiles\Schemas\InvalidTokenRequest_Unauthorized_schema.json"".
2023-01-22 15:44:13.901 &amp#27;[32m INFO&amp#27;[m &amp#27;[35m[@503 - main]&amp#27;[m &amp#27;[36mcom.shaft.tools.io.ReportManager&amp#27;[m : Successfully created attachment "Validation Test Data - Expected JSON Value"
2023-01-22 15:44:13.901 &amp#27;[32m INFO&amp#27;[m &amp#27;[35m[@503 - main]&amp#27;[m &amp#27;[36mcom.shaft.tools.io.ReportManager&amp#27;[m : Successfully created attachment "Validation Test Data - Actual JSON Value"
2023-01-22 15:44:13.903 &amp#27;[32m INFO&amp#27;[m &amp#27;[35m[@503 - main]&amp#27;[m &amp#27;[36mcom.shaft.tools.io.ReportManager&amp#27;[m : Successfully created attachment "SHAFT Engine Logs - Current Method log: InValid_Add_Tax_Policy_With_Missing_Token_TC"
]]></system-out>
  </testcase>
  <testcase name="InValid_Add_Usage_Policy_With_Invalid_Token_TC[[Ljava.lang.Object;@5d102129](1)" classname="SteeringCompanyAPI_TestCases.Test_Policies_Cases" time="0.612">
    <system-out><![CDATA[2023-01-22 15:44:13.907 &amp#27;[32m INFO&amp#27;[m &amp#27;[35m[@534 - main]&amp#27;[m &amp#27;[36mcom.shaft.tools.io.ReportManager&amp#27;[m : 
################################################################################################################################################
Starting Execution:	"143 out of 70" test cases in the current suite
Test Method:		"SteeringCompanyAPI_TestCases.Test_Policies_Cases.InValid_Add_Usage_Policy_With_Invalid_Token_TC"
Test Description:	"TC025 -Policy- Perform Add Usage Policy With Invalid/Expired Token"
################################################################################################################################################
2023-01-22 15:44:13.907 &amp#27;[32m INFO&amp#27;[m &amp#27;[35m[@503 - main]&amp#27;[m &amp#27;[36mcom.shaft.tools.io.ReportManager&amp#27;[m : File Action "DoesFileExist" successfully performed. With the following test data "File Path: "SteeringCompanyAPI_TestData/SteeringCompanyAPI_TestData.xlsx"".
2023-01-22 15:44:13.929 &amp#27;[32m INFO&amp#27;[m &amp#27;[35m[@503 - main]&amp#27;[m &amp#27;[36mcom.shaft.tools.io.ReportManager&amp#27;[m : Successfully created attachment "Test Data - Excel"
2023-01-22 15:44:13.929 &amp#27;[32m INFO&amp#27;[m &amp#27;[35m[@503 - main]&amp#27;[m &amp#27;[36mcom.shaft.tools.io.ReportManager&amp#27;[m : File Action "DoesFileExist" successfully performed. With the following test data "File Path: "SteeringCompanyAPI_TestData/SteeringCompanyAPI_TestData.xlsx"".
2023-01-22 15:44:13.953 &amp#27;[32m INFO&amp#27;[m &amp#27;[35m[@503 - main]&amp#27;[m &amp#27;[36mcom.shaft.tools.io.ReportManager&amp#27;[m : Successfully created attachment "Test Data - Excel"
2023-01-22 15:44:13.954 &amp#27;[32m INFO&amp#27;[m &amp#27;[35m[@503 - main]&amp#27;[m &amp#27;[36mcom.shaft.tools.io.ReportManager&amp#27;[m : File Action "DoesFileExist" successfully performed. With the following test data "File Path: "SteeringCompanyAPI_TestData/SteeringCompanyAPI_TestData.xlsx"".
2023-01-22 15:44:13.975 &amp#27;[32m INFO&amp#27;[m &amp#27;[35m[@503 - main]&amp#27;[m &amp#27;[36mcom.shaft.tools.io.ReportManager&amp#27;[m : Successfully created attachment "Test Data - Excel"
2023-01-22 15:44:14.510 &amp#27;[32m INFO&amp#27;[m &amp#27;[35m[@503 - main]&amp#27;[m &amp#27;[36mcom.shaft.tools.io.ReportManager&amp#27;[m : Response status code: "401", status line: "HTTP/1.1 401 "
2023-01-22 15:44:14.514 &amp#27;[32m INFO&amp#27;[m &amp#27;[35m[@503 - main]&amp#27;[m &amp#27;[36mcom.shaft.tools.io.ReportManager&amp#27;[m : Successfully created attachment "API Request - Specifications"
2023-01-22 15:44:14.515 &amp#27;[32m INFO&amp#27;[m &amp#27;[35m[@503 - main]&amp#27;[m &amp#27;[36mcom.shaft.tools.io.ReportManager&amp#27;[m : Successfully created attachment "API Request - JSON Body"
2023-01-22 15:44:14.515 &amp#27;[32m INFO&amp#27;[m &amp#27;[35m[@503 - main]&amp#27;[m &amp#27;[36mcom.shaft.tools.io.ReportManager&amp#27;[m : Successfully created attachment "API Response - JSON Body"
2023-01-22 15:44:14.516 &amp#27;[32m INFO&amp#27;[m &amp#27;[35m[@503 - main]&amp#27;[m &amp#27;[36mcom.shaft.tools.io.ReportManager&amp#27;[m : Successfully created attachment "SHAFT Engine Logs - Current Method log: InValid_Add_Usage_Policy_With_Invalid_Token_TC"
]]></system-out>
  </testcase>
  <testcase name="InValid_Add_Usage_Policy_With_Invalid_Token_TC[[Ljava.lang.Object;@78055a51](2)" classname="SteeringCompanyAPI_TestCases.Test_Policies_Cases" time="0.539">
    <system-out><![CDATA[2023-01-22 15:44:14.519 &amp#27;[32m INFO&amp#27;[m &amp#27;[35m[@534 - main]&amp#27;[m &amp#27;[36mcom.shaft.tools.io.ReportManager&amp#27;[m : 
################################################################################################################################################
Starting Execution:	"144 out of 70" test cases in the current suite
Test Method:		"SteeringCompanyAPI_TestCases.Test_Policies_Cases.InValid_Add_Usage_Policy_With_Invalid_Token_TC"
Test Description:	"TC025 -Policy- Perform Add Usage Policy With Invalid/Expired Token"
################################################################################################################################################
2023-01-22 15:44:14.519 &amp#27;[32m INFO&amp#27;[m &amp#27;[35m[@503 - main]&amp#27;[m &amp#27;[36mcom.shaft.tools.io.ReportManager&amp#27;[m : File Action "DoesFileExist" successfully performed. With the following test data "File Path: "SteeringCompanyAPI_TestData/SteeringCompanyAPI_TestData.xlsx"".
2023-01-22 15:44:14.538 &amp#27;[32m INFO&amp#27;[m &amp#27;[35m[@503 - main]&amp#27;[m &amp#27;[36mcom.shaft.tools.io.ReportManager&amp#27;[m : Successfully created attachment "Test Data - Excel"
2023-01-22 15:44:14.540 &amp#27;[32m INFO&amp#27;[m &amp#27;[35m[@503 - main]&amp#27;[m &amp#27;[36mcom.shaft.tools.io.ReportManager&amp#27;[m : File Action "DoesFileExist" successfully performed. With the following test data "File Path: "SteeringCompanyAPI_TestData/SteeringCompanyAPI_TestData.xlsx"".
2023-01-22 15:44:14.559 &amp#27;[32m INFO&amp#27;[m &amp#27;[35m[@503 - main]&amp#27;[m &amp#27;[36mcom.shaft.tools.io.ReportManager&amp#27;[m : Successfully created attachment "Test Data - Excel"
2023-01-22 15:44:14.560 &amp#27;[32m INFO&amp#27;[m &amp#27;[35m[@503 - main]&amp#27;[m &amp#27;[36mcom.shaft.tools.io.ReportManager&amp#27;[m : File Action "DoesFileExist" successfully performed. With the following test data "File Path: "SteeringCompanyAPI_TestData/SteeringCompanyAPI_TestData.xlsx"".
2023-01-22 15:44:14.581 &amp#27;[32m INFO&amp#27;[m &amp#27;[35m[@503 - main]&amp#27;[m &amp#27;[36mcom.shaft.tools.io.ReportManager&amp#27;[m : Successfully created attachment "Test Data - Excel"
2023-01-22 15:44:15.048 &amp#27;[32m INFO&amp#27;[m &amp#27;[35m[@503 - main]&amp#27;[m &amp#27;[36mcom.shaft.tools.io.ReportManager&amp#27;[m : Response status code: "401", status line: "HTTP/1.1 401 "
2023-01-22 15:44:15.050 &amp#27;[32m INFO&amp#27;[m &amp#27;[35m[@503 - main]&amp#27;[m &amp#27;[36mcom.shaft.tools.io.ReportManager&amp#27;[m : Successfully created attachment "API Request - Specifications"
2023-01-22 15:44:15.052 &amp#27;[32m INFO&amp#27;[m &amp#27;[35m[@503 - main]&amp#27;[m &amp#27;[36mcom.shaft.tools.io.ReportManager&amp#27;[m : Successfully created attachment "API Request - JSON Body"
2023-01-22 15:44:15.053 &amp#27;[32m INFO&amp#27;[m &amp#27;[35m[@503 - main]&amp#27;[m &amp#27;[36mcom.shaft.tools.io.ReportManager&amp#27;[m : Successfully created attachment "API Response - JSON Body"
2023-01-22 15:44:15.055 &amp#27;[32m INFO&amp#27;[m &amp#27;[35m[@503 - main]&amp#27;[m &amp#27;[36mcom.shaft.tools.io.ReportManager&amp#27;[m : Successfully created attachment "SHAFT Engine Logs - Current Method log: InValid_Add_Usage_Policy_With_Invalid_Token_TC"
]]></system-out>
  </testcase>
  <testcase name="InValid_Add_Usage_Policy_With_Missing_Token_TC[[Ljava.lang.Object;@5a6af1c7](1)" classname="SteeringCompanyAPI_TestCases.Test_Policies_Cases" time="0.54">
    <system-out><![CDATA[2023-01-22 15:44:15.059 &amp#27;[32m INFO&amp#27;[m &amp#27;[35m[@534 - main]&amp#27;[m &amp#27;[36mcom.shaft.tools.io.ReportManager&amp#27;[m : 
################################################################################################################################################
Starting Execution:	"145 out of 70" test cases in the current suite
Test Method:		"SteeringCompanyAPI_TestCases.Test_Policies_Cases.InValid_Add_Usage_Policy_With_Missing_Token_TC"
Test Description:	"TC024 -Policy- Perform Add Usage Policy With Missing Token"
################################################################################################################################################
2023-01-22 15:44:15.059 &amp#27;[32m INFO&amp#27;[m &amp#27;[35m[@503 - main]&amp#27;[m &amp#27;[36mcom.shaft.tools.io.ReportManager&amp#27;[m : File Action "DoesFileExist" successfully performed. With the following test data "File Path: "SteeringCompanyAPI_TestData/SteeringCompanyAPI_TestData.xlsx"".
2023-01-22 15:44:15.080 &amp#27;[32m INFO&amp#27;[m &amp#27;[35m[@503 - main]&amp#27;[m &amp#27;[36mcom.shaft.tools.io.ReportManager&amp#27;[m : Successfully created attachment "Test Data - Excel"
2023-01-22 15:44:15.081 &amp#27;[32m INFO&amp#27;[m &amp#27;[35m[@503 - main]&amp#27;[m &amp#27;[36mcom.shaft.tools.io.ReportManager&amp#27;[m : File Action "DoesFileExist" successfully performed. With the following test data "File Path: "SteeringCompanyAPI_TestData/SteeringCompanyAPI_TestData.xlsx"".
2023-01-22 15:44:15.100 &amp#27;[32m INFO&amp#27;[m &amp#27;[35m[@503 - main]&amp#27;[m &amp#27;[36mcom.shaft.tools.io.ReportManager&amp#27;[m : Successfully created attachment "Test Data - Excel"
2023-01-22 15:44:15.100 &amp#27;[32m INFO&amp#27;[m &amp#27;[35m[@503 - main]&amp#27;[m &amp#27;[36mcom.shaft.tools.io.ReportManager&amp#27;[m : File Action "DoesFileExist" successfully performed. With the following test data "File Path: "SteeringCompanyAPI_TestData/SteeringCompanyAPI_TestData.xlsx"".
2023-01-22 15:44:15.120 &amp#27;[32m INFO&amp#27;[m &amp#27;[35m[@503 - main]&amp#27;[m &amp#27;[36mcom.shaft.tools.io.ReportManager&amp#27;[m : Successfully created attachment "Test Data - Excel"
2023-01-22 15:44:15.574 &amp#27;[32m INFO&amp#27;[m &amp#27;[35m[@503 - main]&amp#27;[m &amp#27;[36mcom.shaft.tools.io.ReportManager&amp#27;[m : Response status code: "401", status line: "HTTP/1.1 401 "
2023-01-22 15:44:15.587 &amp#27;[32m INFO&amp#27;[m &amp#27;[35m[@503 - main]&amp#27;[m &amp#27;[36mcom.shaft.tools.io.ReportManager&amp#27;[m : Successfully created attachment "API Request - Specifications"
2023-01-22 15:44:15.588 &amp#27;[32m INFO&amp#27;[m &amp#27;[35m[@503 - main]&amp#27;[m &amp#27;[36mcom.shaft.tools.io.ReportManager&amp#27;[m : Successfully created attachment "API Request - JSON Body"
2023-01-22 15:44:15.589 &amp#27;[32m INFO&amp#27;[m &amp#27;[35m[@503 - main]&amp#27;[m &amp#27;[36mcom.shaft.tools.io.ReportManager&amp#27;[m : Successfully created attachment "API Response - JSON Body"
2023-01-22 15:44:15.590 &amp#27;[32m INFO&amp#27;[m &amp#27;[35m[@503 - main]&amp#27;[m &amp#27;[36mcom.shaft.tools.io.ReportManager&amp#27;[m : File Action "DoesFileExist" successfully performed. With the following test data "File Path: "Schemas/InvalidTokenRequest_Unauthorized_schema.json"".
2023-01-22 15:44:15.590 &amp#27;[32m INFO&amp#27;[m &amp#27;[35m[@503 - main]&amp#27;[m &amp#27;[36mcom.shaft.tools.io.ReportManager&amp#27;[m : File Action "DoesFileExist" successfully performed. With the following test data "File Path: "src/test/resources/testDataFiles/Schemas/InvalidTokenRequest_Unauthorized_schema.json"".
2023-01-22 15:44:15.591 &amp#27;[32m INFO&amp#27;[m &amp#27;[35m[@503 - main]&amp#27;[m &amp#27;[36mcom.shaft.tools.io.ReportManager&amp#27;[m : File Action "GetAbsolutePath" successfully performed. With the following test data "Relative Folder Path: "src/test/resources/testDataFiles/Schemas/InvalidTokenRequest_Unauthorized_schema.json"".
2023-01-22 15:44:15.593 &amp#27;[32m INFO&amp#27;[m &amp#27;[35m[@503 - main]&amp#27;[m &amp#27;[36mcom.shaft.tools.io.ReportManager&amp#27;[m : File Action "DoesFileExist" successfully performed. With the following test data "File Path: "C:\eclipse-workspace\MyProjects\TASystemsAPIs\src\test\resources\testDataFiles\Schemas\InvalidTokenRequest_Unauthorized_schema.json"".
2023-01-22 15:44:15.593 &amp#27;[32m INFO&amp#27;[m &amp#27;[35m[@503 - main]&amp#27;[m &amp#27;[36mcom.shaft.tools.io.ReportManager&amp#27;[m : File Action "GetAbsolutePath" successfully performed. With the following test data "Relative Folder Path: "C:\eclipse-workspace\MyProjects\TASystemsAPIs\src\test\resources\testDataFiles\Schemas\InvalidTokenRequest_Unauthorized_schema.json"".
2023-01-22 15:44:15.594 &amp#27;[32m INFO&amp#27;[m &amp#27;[35m[@503 - main]&amp#27;[m &amp#27;[36mcom.shaft.tools.io.ReportManager&amp#27;[m : File Action "ReadFile" successfully performed. With the following test data "File Path: "C:\eclipse-workspace\MyProjects\TASystemsAPIs\src\test\resources\testDataFiles\Schemas\InvalidTokenRequest_Unauthorized_schema.json"".
2023-01-22 15:44:15.596 &amp#27;[32m INFO&amp#27;[m &amp#27;[35m[@503 - main]&amp#27;[m &amp#27;[36mcom.shaft.tools.io.ReportManager&amp#27;[m : Successfully created attachment "Validation Test Data - Expected JSON Value"
2023-01-22 15:44:15.597 &amp#27;[32m INFO&amp#27;[m &amp#27;[35m[@503 - main]&amp#27;[m &amp#27;[36mcom.shaft.tools.io.ReportManager&amp#27;[m : Successfully created attachment "Validation Test Data - Actual JSON Value"
2023-01-22 15:44:15.597 &amp#27;[32m INFO&amp#27;[m &amp#27;[35m[@503 - main]&amp#27;[m &amp#27;[36mcom.shaft.tools.io.ReportManager&amp#27;[m : Successfully created attachment "SHAFT Engine Logs - Current Method log: InValid_Add_Usage_Policy_With_Missing_Token_TC"
]]></system-out>
  </testcase>
  <testcase name="InValid_Add_Usage_Policy_With_Missing_Token_TC[[Ljava.lang.Object;@1b77f044](2)" classname="SteeringCompanyAPI_TestCases.Test_Policies_Cases" time="0.545">
    <system-out><![CDATA[2023-01-22 15:44:15.599 &amp#27;[32m INFO&amp#27;[m &amp#27;[35m[@534 - main]&amp#27;[m &amp#27;[36mcom.shaft.tools.io.ReportManager&amp#27;[m : 
################################################################################################################################################
Starting Execution:	"146 out of 70" test cases in the current suite
Test Method:		"SteeringCompanyAPI_TestCases.Test_Policies_Cases.InValid_Add_Usage_Policy_With_Missing_Token_TC"
Test Description:	"TC024 -Policy- Perform Add Usage Policy With Missing Token"
################################################################################################################################################
2023-01-22 15:44:15.599 &amp#27;[32m INFO&amp#27;[m &amp#27;[35m[@503 - main]&amp#27;[m &amp#27;[36mcom.shaft.tools.io.ReportManager&amp#27;[m : File Action "DoesFileExist" successfully performed. With the following test data "File Path: "SteeringCompanyAPI_TestData/SteeringCompanyAPI_TestData.xlsx"".
2023-01-22 15:44:15.624 &amp#27;[32m INFO&amp#27;[m &amp#27;[35m[@503 - main]&amp#27;[m &amp#27;[36mcom.shaft.tools.io.ReportManager&amp#27;[m : Successfully created attachment "Test Data - Excel"
2023-01-22 15:44:15.626 &amp#27;[32m INFO&amp#27;[m &amp#27;[35m[@503 - main]&amp#27;[m &amp#27;[36mcom.shaft.tools.io.ReportManager&amp#27;[m : File Action "DoesFileExist" successfully performed. With the following test data "File Path: "SteeringCompanyAPI_TestData/SteeringCompanyAPI_TestData.xlsx"".
2023-01-22 15:44:15.650 &amp#27;[32m INFO&amp#27;[m &amp#27;[35m[@503 - main]&amp#27;[m &amp#27;[36mcom.shaft.tools.io.ReportManager&amp#27;[m : Successfully created attachment "Test Data - Excel"
2023-01-22 15:44:15.650 &amp#27;[32m INFO&amp#27;[m &amp#27;[35m[@503 - main]&amp#27;[m &amp#27;[36mcom.shaft.tools.io.ReportManager&amp#27;[m : File Action "DoesFileExist" successfully performed. With the following test data "File Path: "SteeringCompanyAPI_TestData/SteeringCompanyAPI_TestData.xlsx"".
2023-01-22 15:44:15.678 &amp#27;[32m INFO&amp#27;[m &amp#27;[35m[@503 - main]&amp#27;[m &amp#27;[36mcom.shaft.tools.io.ReportManager&amp#27;[m : Successfully created attachment "Test Data - Excel"
2023-01-22 15:44:16.120 &amp#27;[32m INFO&amp#27;[m &amp#27;[35m[@503 - main]&amp#27;[m &amp#27;[36mcom.shaft.tools.io.ReportManager&amp#27;[m : Response status code: "401", status line: "HTTP/1.1 401 "
2023-01-22 15:44:16.133 &amp#27;[32m INFO&amp#27;[m &amp#27;[35m[@503 - main]&amp#27;[m &amp#27;[36mcom.shaft.tools.io.ReportManager&amp#27;[m : Successfully created attachment "API Request - Specifications"
2023-01-22 15:44:16.133 &amp#27;[32m INFO&amp#27;[m &amp#27;[35m[@503 - main]&amp#27;[m &amp#27;[36mcom.shaft.tools.io.ReportManager&amp#27;[m : Successfully created attachment "API Request - JSON Body"
2023-01-22 15:44:16.134 &amp#27;[32m INFO&amp#27;[m &amp#27;[35m[@503 - main]&amp#27;[m &amp#27;[36mcom.shaft.tools.io.ReportManager&amp#27;[m : Successfully created attachment "API Response - JSON Body"
2023-01-22 15:44:16.134 &amp#27;[32m INFO&amp#27;[m &amp#27;[35m[@503 - main]&amp#27;[m &amp#27;[36mcom.shaft.tools.io.ReportManager&amp#27;[m : File Action "DoesFileExist" successfully performed. With the following test data "File Path: "Schemas/InvalidTokenRequest_Unauthorized_schema.json"".
2023-01-22 15:44:16.134 &amp#27;[32m INFO&amp#27;[m &amp#27;[35m[@503 - main]&amp#27;[m &amp#27;[36mcom.shaft.tools.io.ReportManager&amp#27;[m : File Action "DoesFileExist" successfully performed. With the following test data "File Path: "src/test/resources/testDataFiles/Schemas/InvalidTokenRequest_Unauthorized_schema.json"".
2023-01-22 15:44:16.134 &amp#27;[32m INFO&amp#27;[m &amp#27;[35m[@503 - main]&amp#27;[m &amp#27;[36mcom.shaft.tools.io.ReportManager&amp#27;[m : File Action "GetAbsolutePath" successfully performed. With the following test data "Relative Folder Path: "src/test/resources/testDataFiles/Schemas/InvalidTokenRequest_Unauthorized_schema.json"".
2023-01-22 15:44:16.137 &amp#27;[32m INFO&amp#27;[m &amp#27;[35m[@503 - main]&amp#27;[m &amp#27;[36mcom.shaft.tools.io.ReportManager&amp#27;[m : File Action "DoesFileExist" successfully performed. With the following test data "File Path: "C:\eclipse-workspace\MyProjects\TASystemsAPIs\src\test\resources\testDataFiles\Schemas\InvalidTokenRequest_Unauthorized_schema.json"".
2023-01-22 15:44:16.137 &amp#27;[32m INFO&amp#27;[m &amp#27;[35m[@503 - main]&amp#27;[m &amp#27;[36mcom.shaft.tools.io.ReportManager&amp#27;[m : File Action "GetAbsolutePath" successfully performed. With the following test data "Relative Folder Path: "C:\eclipse-workspace\MyProjects\TASystemsAPIs\src\test\resources\testDataFiles\Schemas\InvalidTokenRequest_Unauthorized_schema.json"".
2023-01-22 15:44:16.138 &amp#27;[32m INFO&amp#27;[m &amp#27;[35m[@503 - main]&amp#27;[m &amp#27;[36mcom.shaft.tools.io.ReportManager&amp#27;[m : File Action "ReadFile" successfully performed. With the following test data "File Path: "C:\eclipse-workspace\MyProjects\TASystemsAPIs\src\test\resources\testDataFiles\Schemas\InvalidTokenRequest_Unauthorized_schema.json"".
2023-01-22 15:44:16.140 &amp#27;[32m INFO&amp#27;[m &amp#27;[35m[@503 - main]&amp#27;[m &amp#27;[36mcom.shaft.tools.io.ReportManager&amp#27;[m : Successfully created attachment "Validation Test Data - Expected JSON Value"
2023-01-22 15:44:16.141 &amp#27;[32m INFO&amp#27;[m &amp#27;[35m[@503 - main]&amp#27;[m &amp#27;[36mcom.shaft.tools.io.ReportManager&amp#27;[m : Successfully created attachment "Validation Test Data - Actual JSON Value"
2023-01-22 15:44:16.141 &amp#27;[32m INFO&amp#27;[m &amp#27;[35m[@503 - main]&amp#27;[m &amp#27;[36mcom.shaft.tools.io.ReportManager&amp#27;[m : Successfully created attachment "SHAFT Engine Logs - Current Method log: InValid_Add_Usage_Policy_With_Missing_Token_TC"
]]></system-out>
  </testcase>
  <testcase name="InValid_Get_Cancel_Policy_With_InValid_Token_TC[[Ljava.lang.Object;@1c246c98](1)" classname="SteeringCompanyAPI_TestCases.Test_Policies_Cases" time="0.514">
    <system-out><![CDATA[2023-01-22 15:44:16.146 &amp#27;[32m INFO&amp#27;[m &amp#27;[35m[@534 - main]&amp#27;[m &amp#27;[36mcom.shaft.tools.io.ReportManager&amp#27;[m : 
################################################################################################################################################
Starting Execution:	"147 out of 70" test cases in the current suite
Test Method:		"SteeringCompanyAPI_TestCases.Test_Policies_Cases.InValid_Get_Cancel_Policy_With_InValid_Token_TC"
Test Description:	"TC041 -Policy- Perform Get Cancel Policy With InValid/Expired Token"
################################################################################################################################################
2023-01-22 15:44:16.146 &amp#27;[32m INFO&amp#27;[m &amp#27;[35m[@503 - main]&amp#27;[m &amp#27;[36mcom.shaft.tools.io.ReportManager&amp#27;[m : File Action "DoesFileExist" successfully performed. With the following test data "File Path: "SteeringCompanyAPI_TestData/SteeringCompanyAPI_TestData.xlsx"".
2023-01-22 15:44:16.170 &amp#27;[32m INFO&amp#27;[m &amp#27;[35m[@503 - main]&amp#27;[m &amp#27;[36mcom.shaft.tools.io.ReportManager&amp#27;[m : Successfully created attachment "Test Data - Excel"
2023-01-22 15:44:16.170 &amp#27;[32m INFO&amp#27;[m &amp#27;[35m[@503 - main]&amp#27;[m &amp#27;[36mcom.shaft.tools.io.ReportManager&amp#27;[m : File Action "DoesFileExist" successfully performed. With the following test data "File Path: "SteeringCompanyAPI_TestData/SteeringCompanyAPI_TestData.xlsx"".
2023-01-22 15:44:16.188 &amp#27;[32m INFO&amp#27;[m &amp#27;[35m[@503 - main]&amp#27;[m &amp#27;[36mcom.shaft.tools.io.ReportManager&amp#27;[m : Successfully created attachment "Test Data - Excel"
2023-01-22 15:44:16.188 &amp#27;[32m INFO&amp#27;[m &amp#27;[35m[@503 - main]&amp#27;[m &amp#27;[36mcom.shaft.tools.io.ReportManager&amp#27;[m : File Action "DoesFileExist" successfully performed. With the following test data "File Path: "SteeringCompanyAPI_TestData/SteeringCompanyAPI_TestData.xlsx"".
2023-01-22 15:44:16.209 &amp#27;[32m INFO&amp#27;[m &amp#27;[35m[@503 - main]&amp#27;[m &amp#27;[36mcom.shaft.tools.io.ReportManager&amp#27;[m : Successfully created attachment "Test Data - Excel"
2023-01-22 15:44:16.652 &amp#27;[32m INFO&amp#27;[m &amp#27;[35m[@503 - main]&amp#27;[m &amp#27;[36mcom.shaft.tools.io.ReportManager&amp#27;[m : Response status code: "401", status line: "HTTP/1.1 401 "
2023-01-22 15:44:16.656 &amp#27;[32m INFO&amp#27;[m &amp#27;[35m[@503 - main]&amp#27;[m &amp#27;[36mcom.shaft.tools.io.ReportManager&amp#27;[m : Successfully created attachment "API Request - Specifications"
2023-01-22 15:44:16.657 &amp#27;[32m INFO&amp#27;[m &amp#27;[35m[@503 - main]&amp#27;[m &amp#27;[36mcom.shaft.tools.io.ReportManager&amp#27;[m : Successfully created attachment "API Response - JSON Body"
2023-01-22 15:44:16.658 &amp#27;[32m INFO&amp#27;[m &amp#27;[35m[@503 - main]&amp#27;[m &amp#27;[36mcom.shaft.tools.io.ReportManager&amp#27;[m : Successfully created attachment "SHAFT Engine Logs - Current Method log: InValid_Get_Cancel_Policy_With_InValid_Token_TC"
]]></system-out>
  </testcase>
  <testcase name="InValid_Get_Cancel_Policy_With_InValid_Token_TC[[Ljava.lang.Object;@329b7ed7](2)" classname="SteeringCompanyAPI_TestCases.Test_Policies_Cases" time="0.535">
    <system-out><![CDATA[2023-01-22 15:44:16.660 &amp#27;[32m INFO&amp#27;[m &amp#27;[35m[@534 - main]&amp#27;[m &amp#27;[36mcom.shaft.tools.io.ReportManager&amp#27;[m : 
################################################################################################################################################
Starting Execution:	"148 out of 70" test cases in the current suite
Test Method:		"SteeringCompanyAPI_TestCases.Test_Policies_Cases.InValid_Get_Cancel_Policy_With_InValid_Token_TC"
Test Description:	"TC041 -Policy- Perform Get Cancel Policy With InValid/Expired Token"
################################################################################################################################################
2023-01-22 15:44:16.660 &amp#27;[32m INFO&amp#27;[m &amp#27;[35m[@503 - main]&amp#27;[m &amp#27;[36mcom.shaft.tools.io.ReportManager&amp#27;[m : File Action "DoesFileExist" successfully performed. With the following test data "File Path: "SteeringCompanyAPI_TestData/SteeringCompanyAPI_TestData.xlsx"".
2023-01-22 15:44:16.688 &amp#27;[32m INFO&amp#27;[m &amp#27;[35m[@503 - main]&amp#27;[m &amp#27;[36mcom.shaft.tools.io.ReportManager&amp#27;[m : Successfully created attachment "Test Data - Excel"
2023-01-22 15:44:16.688 &amp#27;[32m INFO&amp#27;[m &amp#27;[35m[@503 - main]&amp#27;[m &amp#27;[36mcom.shaft.tools.io.ReportManager&amp#27;[m : File Action "DoesFileExist" successfully performed. With the following test data "File Path: "SteeringCompanyAPI_TestData/SteeringCompanyAPI_TestData.xlsx"".
2023-01-22 15:44:16.716 &amp#27;[32m INFO&amp#27;[m &amp#27;[35m[@503 - main]&amp#27;[m &amp#27;[36mcom.shaft.tools.io.ReportManager&amp#27;[m : Successfully created attachment "Test Data - Excel"
2023-01-22 15:44:16.716 &amp#27;[32m INFO&amp#27;[m &amp#27;[35m[@503 - main]&amp#27;[m &amp#27;[36mcom.shaft.tools.io.ReportManager&amp#27;[m : File Action "DoesFileExist" successfully performed. With the following test data "File Path: "SteeringCompanyAPI_TestData/SteeringCompanyAPI_TestData.xlsx"".
2023-01-22 15:44:16.739 &amp#27;[32m INFO&amp#27;[m &amp#27;[35m[@503 - main]&amp#27;[m &amp#27;[36mcom.shaft.tools.io.ReportManager&amp#27;[m : Successfully created attachment "Test Data - Excel"
2023-01-22 15:44:17.188 &amp#27;[32m INFO&amp#27;[m &amp#27;[35m[@503 - main]&amp#27;[m &amp#27;[36mcom.shaft.tools.io.ReportManager&amp#27;[m : Response status code: "401", status line: "HTTP/1.1 401 "
2023-01-22 15:44:17.193 &amp#27;[32m INFO&amp#27;[m &amp#27;[35m[@503 - main]&amp#27;[m &amp#27;[36mcom.shaft.tools.io.ReportManager&amp#27;[m : Successfully created attachment "API Request - Specifications"
2023-01-22 15:44:17.193 &amp#27;[32m INFO&amp#27;[m &amp#27;[35m[@503 - main]&amp#27;[m &amp#27;[36mcom.shaft.tools.io.ReportManager&amp#27;[m : Successfully created attachment "API Response - JSON Body"
2023-01-22 15:44:17.194 &amp#27;[32m INFO&amp#27;[m &amp#27;[35m[@503 - main]&amp#27;[m &amp#27;[36mcom.shaft.tools.io.ReportManager&amp#27;[m : Successfully created attachment "SHAFT Engine Logs - Current Method log: InValid_Get_Cancel_Policy_With_InValid_Token_TC"
]]></system-out>
  </testcase>
  <testcase name="InValid_Get_Cancel_Policy_With_Missing_Token_TC[[Ljava.lang.Object;@1988dc10](1)" classname="SteeringCompanyAPI_TestCases.Test_Policies_Cases" time="0.538">
    <system-out><![CDATA[2023-01-22 15:44:17.199 &amp#27;[32m INFO&amp#27;[m &amp#27;[35m[@534 - main]&amp#27;[m &amp#27;[36mcom.shaft.tools.io.ReportManager&amp#27;[m : 
################################################################################################################################################
Starting Execution:	"149 out of 70" test cases in the current suite
Test Method:		"SteeringCompanyAPI_TestCases.Test_Policies_Cases.InValid_Get_Cancel_Policy_With_Missing_Token_TC"
Test Description:	"TC040 -Policy- Perform Get Cancel Policy With Missing Token"
################################################################################################################################################
2023-01-22 15:44:17.199 &amp#27;[32m INFO&amp#27;[m &amp#27;[35m[@503 - main]&amp#27;[m &amp#27;[36mcom.shaft.tools.io.ReportManager&amp#27;[m : File Action "DoesFileExist" successfully performed. With the following test data "File Path: "SteeringCompanyAPI_TestData/SteeringCompanyAPI_TestData.xlsx"".
2023-01-22 15:44:17.221 &amp#27;[32m INFO&amp#27;[m &amp#27;[35m[@503 - main]&amp#27;[m &amp#27;[36mcom.shaft.tools.io.ReportManager&amp#27;[m : Successfully created attachment "Test Data - Excel"
2023-01-22 15:44:17.221 &amp#27;[32m INFO&amp#27;[m &amp#27;[35m[@503 - main]&amp#27;[m &amp#27;[36mcom.shaft.tools.io.ReportManager&amp#27;[m : File Action "DoesFileExist" successfully performed. With the following test data "File Path: "SteeringCompanyAPI_TestData/SteeringCompanyAPI_TestData.xlsx"".
2023-01-22 15:44:17.247 &amp#27;[32m INFO&amp#27;[m &amp#27;[35m[@503 - main]&amp#27;[m &amp#27;[36mcom.shaft.tools.io.ReportManager&amp#27;[m : Successfully created attachment "Test Data - Excel"
2023-01-22 15:44:17.247 &amp#27;[32m INFO&amp#27;[m &amp#27;[35m[@503 - main]&amp#27;[m &amp#27;[36mcom.shaft.tools.io.ReportManager&amp#27;[m : File Action "DoesFileExist" successfully performed. With the following test data "File Path: "SteeringCompanyAPI_TestData/SteeringCompanyAPI_TestData.xlsx"".
2023-01-22 15:44:17.273 &amp#27;[32m INFO&amp#27;[m &amp#27;[35m[@503 - main]&amp#27;[m &amp#27;[36mcom.shaft.tools.io.ReportManager&amp#27;[m : Successfully created attachment "Test Data - Excel"
2023-01-22 15:44:17.712 &amp#27;[32m INFO&amp#27;[m &amp#27;[35m[@503 - main]&amp#27;[m &amp#27;[36mcom.shaft.tools.io.ReportManager&amp#27;[m : Response status code: "401", status line: "HTTP/1.1 401 "
2023-01-22 15:44:17.725 &amp#27;[32m INFO&amp#27;[m &amp#27;[35m[@503 - main]&amp#27;[m &amp#27;[36mcom.shaft.tools.io.ReportManager&amp#27;[m : Successfully created attachment "API Request - Specifications"
2023-01-22 15:44:17.725 &amp#27;[32m INFO&amp#27;[m &amp#27;[35m[@503 - main]&amp#27;[m &amp#27;[36mcom.shaft.tools.io.ReportManager&amp#27;[m : Successfully created attachment "API Response - JSON Body"
2023-01-22 15:44:17.727 &amp#27;[32m INFO&amp#27;[m &amp#27;[35m[@503 - main]&amp#27;[m &amp#27;[36mcom.shaft.tools.io.ReportManager&amp#27;[m : File Action "DoesFileExist" successfully performed. With the following test data "File Path: "Schemas/InvalidTokenRequest_Unauthorized_schema.json"".
2023-01-22 15:44:17.727 &amp#27;[32m INFO&amp#27;[m &amp#27;[35m[@503 - main]&amp#27;[m &amp#27;[36mcom.shaft.tools.io.ReportManager&amp#27;[m : File Action "DoesFileExist" successfully performed. With the following test data "File Path: "src/test/resources/testDataFiles/Schemas/InvalidTokenRequest_Unauthorized_schema.json"".
2023-01-22 15:44:17.727 &amp#27;[32m INFO&amp#27;[m &amp#27;[35m[@503 - main]&amp#27;[m &amp#27;[36mcom.shaft.tools.io.ReportManager&amp#27;[m : File Action "GetAbsolutePath" successfully performed. With the following test data "Relative Folder Path: "src/test/resources/testDataFiles/Schemas/InvalidTokenRequest_Unauthorized_schema.json"".
2023-01-22 15:44:17.729 &amp#27;[32m INFO&amp#27;[m &amp#27;[35m[@503 - main]&amp#27;[m &amp#27;[36mcom.shaft.tools.io.ReportManager&amp#27;[m : File Action "DoesFileExist" successfully performed. With the following test data "File Path: "C:\eclipse-workspace\MyProjects\TASystemsAPIs\src\test\resources\testDataFiles\Schemas\InvalidTokenRequest_Unauthorized_schema.json"".
2023-01-22 15:44:17.729 &amp#27;[32m INFO&amp#27;[m &amp#27;[35m[@503 - main]&amp#27;[m &amp#27;[36mcom.shaft.tools.io.ReportManager&amp#27;[m : File Action "GetAbsolutePath" successfully performed. With the following test data "Relative Folder Path: "C:\eclipse-workspace\MyProjects\TASystemsAPIs\src\test\resources\testDataFiles\Schemas\InvalidTokenRequest_Unauthorized_schema.json"".
2023-01-22 15:44:17.729 &amp#27;[32m INFO&amp#27;[m &amp#27;[35m[@503 - main]&amp#27;[m &amp#27;[36mcom.shaft.tools.io.ReportManager&amp#27;[m : File Action "ReadFile" successfully performed. With the following test data "File Path: "C:\eclipse-workspace\MyProjects\TASystemsAPIs\src\test\resources\testDataFiles\Schemas\InvalidTokenRequest_Unauthorized_schema.json"".
2023-01-22 15:44:17.731 &amp#27;[32m INFO&amp#27;[m &amp#27;[35m[@503 - main]&amp#27;[m &amp#27;[36mcom.shaft.tools.io.ReportManager&amp#27;[m : Successfully created attachment "Validation Test Data - Expected JSON Value"
2023-01-22 15:44:17.732 &amp#27;[32m INFO&amp#27;[m &amp#27;[35m[@503 - main]&amp#27;[m &amp#27;[36mcom.shaft.tools.io.ReportManager&amp#27;[m : Successfully created attachment "Validation Test Data - Actual JSON Value"
2023-01-22 15:44:17.733 &amp#27;[32m INFO&amp#27;[m &amp#27;[35m[@503 - main]&amp#27;[m &amp#27;[36mcom.shaft.tools.io.ReportManager&amp#27;[m : Successfully created attachment "SHAFT Engine Logs - Current Method log: InValid_Get_Cancel_Policy_With_Missing_Token_TC"
]]></system-out>
  </testcase>
  <testcase name="InValid_Get_Cancel_Policy_With_Missing_Token_TC[[Ljava.lang.Object;@32c332d8](2)" classname="SteeringCompanyAPI_TestCases.Test_Policies_Cases" time="0.566">
    <system-out><![CDATA[2023-01-22 15:44:17.737 &amp#27;[32m INFO&amp#27;[m &amp#27;[35m[@534 - main]&amp#27;[m &amp#27;[36mcom.shaft.tools.io.ReportManager&amp#27;[m : 
################################################################################################################################################
Starting Execution:	"150 out of 70" test cases in the current suite
Test Method:		"SteeringCompanyAPI_TestCases.Test_Policies_Cases.InValid_Get_Cancel_Policy_With_Missing_Token_TC"
Test Description:	"TC040 -Policy- Perform Get Cancel Policy With Missing Token"
################################################################################################################################################
2023-01-22 15:44:17.737 &amp#27;[32m INFO&amp#27;[m &amp#27;[35m[@503 - main]&amp#27;[m &amp#27;[36mcom.shaft.tools.io.ReportManager&amp#27;[m : File Action "DoesFileExist" successfully performed. With the following test data "File Path: "SteeringCompanyAPI_TestData/SteeringCompanyAPI_TestData.xlsx"".
2023-01-22 15:44:17.767 &amp#27;[32m INFO&amp#27;[m &amp#27;[35m[@503 - main]&amp#27;[m &amp#27;[36mcom.shaft.tools.io.ReportManager&amp#27;[m : Successfully created attachment "Test Data - Excel"
2023-01-22 15:44:17.768 &amp#27;[32m INFO&amp#27;[m &amp#27;[35m[@503 - main]&amp#27;[m &amp#27;[36mcom.shaft.tools.io.ReportManager&amp#27;[m : File Action "DoesFileExist" successfully performed. With the following test data "File Path: "SteeringCompanyAPI_TestData/SteeringCompanyAPI_TestData.xlsx"".
2023-01-22 15:44:17.798 &amp#27;[32m INFO&amp#27;[m &amp#27;[35m[@503 - main]&amp#27;[m &amp#27;[36mcom.shaft.tools.io.ReportManager&amp#27;[m : Successfully created attachment "Test Data - Excel"
2023-01-22 15:44:17.798 &amp#27;[32m INFO&amp#27;[m &amp#27;[35m[@503 - main]&amp#27;[m &amp#27;[36mcom.shaft.tools.io.ReportManager&amp#27;[m : File Action "DoesFileExist" successfully performed. With the following test data "File Path: "SteeringCompanyAPI_TestData/SteeringCompanyAPI_TestData.xlsx"".
2023-01-22 15:44:17.834 &amp#27;[32m INFO&amp#27;[m &amp#27;[35m[@503 - main]&amp#27;[m &amp#27;[36mcom.shaft.tools.io.ReportManager&amp#27;[m : Successfully created attachment "Test Data - Excel"
2023-01-22 15:44:18.279 &amp#27;[32m INFO&amp#27;[m &amp#27;[35m[@503 - main]&amp#27;[m &amp#27;[36mcom.shaft.tools.io.ReportManager&amp#27;[m : Response status code: "401", status line: "HTTP/1.1 401 "
2023-01-22 15:44:18.291 &amp#27;[32m INFO&amp#27;[m &amp#27;[35m[@503 - main]&amp#27;[m &amp#27;[36mcom.shaft.tools.io.ReportManager&amp#27;[m : Successfully created attachment "API Request - Specifications"
2023-01-22 15:44:18.292 &amp#27;[32m INFO&amp#27;[m &amp#27;[35m[@503 - main]&amp#27;[m &amp#27;[36mcom.shaft.tools.io.ReportManager&amp#27;[m : Successfully created attachment "API Response - JSON Body"
2023-01-22 15:44:18.292 &amp#27;[32m INFO&amp#27;[m &amp#27;[35m[@503 - main]&amp#27;[m &amp#27;[36mcom.shaft.tools.io.ReportManager&amp#27;[m : File Action "DoesFileExist" successfully performed. With the following test data "File Path: "Schemas/InvalidTokenRequest_Unauthorized_schema.json"".
2023-01-22 15:44:18.292 &amp#27;[32m INFO&amp#27;[m &amp#27;[35m[@503 - main]&amp#27;[m &amp#27;[36mcom.shaft.tools.io.ReportManager&amp#27;[m : File Action "DoesFileExist" successfully performed. With the following test data "File Path: "src/test/resources/testDataFiles/Schemas/InvalidTokenRequest_Unauthorized_schema.json"".
2023-01-22 15:44:18.293 &amp#27;[32m INFO&amp#27;[m &amp#27;[35m[@503 - main]&amp#27;[m &amp#27;[36mcom.shaft.tools.io.ReportManager&amp#27;[m : File Action "GetAbsolutePath" successfully performed. With the following test data "Relative Folder Path: "src/test/resources/testDataFiles/Schemas/InvalidTokenRequest_Unauthorized_schema.json"".
2023-01-22 15:44:18.295 &amp#27;[32m INFO&amp#27;[m &amp#27;[35m[@503 - main]&amp#27;[m &amp#27;[36mcom.shaft.tools.io.ReportManager&amp#27;[m : File Action "DoesFileExist" successfully performed. With the following test data "File Path: "C:\eclipse-workspace\MyProjects\TASystemsAPIs\src\test\resources\testDataFiles\Schemas\InvalidTokenRequest_Unauthorized_schema.json"".
2023-01-22 15:44:18.295 &amp#27;[32m INFO&amp#27;[m &amp#27;[35m[@503 - main]&amp#27;[m &amp#27;[36mcom.shaft.tools.io.ReportManager&amp#27;[m : File Action "GetAbsolutePath" successfully performed. With the following test data "Relative Folder Path: "C:\eclipse-workspace\MyProjects\TASystemsAPIs\src\test\resources\testDataFiles\Schemas\InvalidTokenRequest_Unauthorized_schema.json"".
2023-01-22 15:44:18.296 &amp#27;[32m INFO&amp#27;[m &amp#27;[35m[@503 - main]&amp#27;[m &amp#27;[36mcom.shaft.tools.io.ReportManager&amp#27;[m : File Action "ReadFile" successfully performed. With the following test data "File Path: "C:\eclipse-workspace\MyProjects\TASystemsAPIs\src\test\resources\testDataFiles\Schemas\InvalidTokenRequest_Unauthorized_schema.json"".
2023-01-22 15:44:18.300 &amp#27;[32m INFO&amp#27;[m &amp#27;[35m[@503 - main]&amp#27;[m &amp#27;[36mcom.shaft.tools.io.ReportManager&amp#27;[m : Successfully created attachment "Validation Test Data - Expected JSON Value"
2023-01-22 15:44:18.300 &amp#27;[32m INFO&amp#27;[m &amp#27;[35m[@503 - main]&amp#27;[m &amp#27;[36mcom.shaft.tools.io.ReportManager&amp#27;[m : Successfully created attachment "Validation Test Data - Actual JSON Value"
2023-01-22 15:44:18.301 &amp#27;[32m INFO&amp#27;[m &amp#27;[35m[@503 - main]&amp#27;[m &amp#27;[36mcom.shaft.tools.io.ReportManager&amp#27;[m : Successfully created attachment "SHAFT Engine Logs - Current Method log: InValid_Get_Cancel_Policy_With_Missing_Token_TC"
]]></system-out>
  </testcase>
  <testcase name="InValid_Get_General_Policy_With_InValid_Token_TC[[Ljava.lang.Object;@70b0d64](1)" classname="SteeringCompanyAPI_TestCases.Test_Policies_Cases" time="0.539">
    <system-out><![CDATA[2023-01-22 15:44:18.306 &amp#27;[32m INFO&amp#27;[m &amp#27;[35m[@534 - main]&amp#27;[m &amp#27;[36mcom.shaft.tools.io.ReportManager&amp#27;[m : 
################################################################################################################################################
Starting Execution:	"151 out of 70" test cases in the current suite
Test Method:		"SteeringCompanyAPI_TestCases.Test_Policies_Cases.InValid_Get_General_Policy_With_InValid_Token_TC"
Test Description:	"TC049 -Policy- Perform Get General Policy With InValid/Expired Token"
################################################################################################################################################
2023-01-22 15:44:18.306 &amp#27;[32m INFO&amp#27;[m &amp#27;[35m[@503 - main]&amp#27;[m &amp#27;[36mcom.shaft.tools.io.ReportManager&amp#27;[m : File Action "DoesFileExist" successfully performed. With the following test data "File Path: "SteeringCompanyAPI_TestData/SteeringCompanyAPI_TestData.xlsx"".
2023-01-22 15:44:18.335 &amp#27;[32m INFO&amp#27;[m &amp#27;[35m[@503 - main]&amp#27;[m &amp#27;[36mcom.shaft.tools.io.ReportManager&amp#27;[m : Successfully created attachment "Test Data - Excel"
2023-01-22 15:44:18.335 &amp#27;[32m INFO&amp#27;[m &amp#27;[35m[@503 - main]&amp#27;[m &amp#27;[36mcom.shaft.tools.io.ReportManager&amp#27;[m : File Action "DoesFileExist" successfully performed. With the following test data "File Path: "SteeringCompanyAPI_TestData/SteeringCompanyAPI_TestData.xlsx"".
2023-01-22 15:44:18.362 &amp#27;[32m INFO&amp#27;[m &amp#27;[35m[@503 - main]&amp#27;[m &amp#27;[36mcom.shaft.tools.io.ReportManager&amp#27;[m : Successfully created attachment "Test Data - Excel"
2023-01-22 15:44:18.362 &amp#27;[32m INFO&amp#27;[m &amp#27;[35m[@503 - main]&amp#27;[m &amp#27;[36mcom.shaft.tools.io.ReportManager&amp#27;[m : File Action "DoesFileExist" successfully performed. With the following test data "File Path: "SteeringCompanyAPI_TestData/SteeringCompanyAPI_TestData.xlsx"".
2023-01-22 15:44:18.390 &amp#27;[32m INFO&amp#27;[m &amp#27;[35m[@503 - main]&amp#27;[m &amp#27;[36mcom.shaft.tools.io.ReportManager&amp#27;[m : Successfully created attachment "Test Data - Excel"
2023-01-22 15:44:18.840 &amp#27;[32m INFO&amp#27;[m &amp#27;[35m[@503 - main]&amp#27;[m &amp#27;[36mcom.shaft.tools.io.ReportManager&amp#27;[m : Response status code: "401", status line: "HTTP/1.1 401 "
2023-01-22 15:44:18.841 &amp#27;[32m INFO&amp#27;[m &amp#27;[35m[@503 - main]&amp#27;[m &amp#27;[36mcom.shaft.tools.io.ReportManager&amp#27;[m : Successfully created attachment "API Request - Specifications"
2023-01-22 15:44:18.842 &amp#27;[32m INFO&amp#27;[m &amp#27;[35m[@503 - main]&amp#27;[m &amp#27;[36mcom.shaft.tools.io.ReportManager&amp#27;[m : Successfully created attachment "API Response - JSON Body"
2023-01-22 15:44:18.843 &amp#27;[32m INFO&amp#27;[m &amp#27;[35m[@503 - main]&amp#27;[m &amp#27;[36mcom.shaft.tools.io.ReportManager&amp#27;[m : Successfully created attachment "SHAFT Engine Logs - Current Method log: InValid_Get_General_Policy_With_InValid_Token_TC"
]]></system-out>
  </testcase>
  <testcase name="InValid_Get_General_Policy_With_InValid_Token_TC[[Ljava.lang.Object;@385329c](2)" classname="SteeringCompanyAPI_TestCases.Test_Policies_Cases" time="0.528">
    <system-out><![CDATA[2023-01-22 15:44:18.845 &amp#27;[32m INFO&amp#27;[m &amp#27;[35m[@534 - main]&amp#27;[m &amp#27;[36mcom.shaft.tools.io.ReportManager&amp#27;[m : 
################################################################################################################################################
Starting Execution:	"152 out of 70" test cases in the current suite
Test Method:		"SteeringCompanyAPI_TestCases.Test_Policies_Cases.InValid_Get_General_Policy_With_InValid_Token_TC"
Test Description:	"TC049 -Policy- Perform Get General Policy With InValid/Expired Token"
################################################################################################################################################
2023-01-22 15:44:18.845 &amp#27;[32m INFO&amp#27;[m &amp#27;[35m[@503 - main]&amp#27;[m &amp#27;[36mcom.shaft.tools.io.ReportManager&amp#27;[m : File Action "DoesFileExist" successfully performed. With the following test data "File Path: "SteeringCompanyAPI_TestData/SteeringCompanyAPI_TestData.xlsx"".
2023-01-22 15:44:18.874 &amp#27;[32m INFO&amp#27;[m &amp#27;[35m[@503 - main]&amp#27;[m &amp#27;[36mcom.shaft.tools.io.ReportManager&amp#27;[m : Successfully created attachment "Test Data - Excel"
2023-01-22 15:44:18.875 &amp#27;[32m INFO&amp#27;[m &amp#27;[35m[@503 - main]&amp#27;[m &amp#27;[36mcom.shaft.tools.io.ReportManager&amp#27;[m : File Action "DoesFileExist" successfully performed. With the following test data "File Path: "SteeringCompanyAPI_TestData/SteeringCompanyAPI_TestData.xlsx"".
2023-01-22 15:44:18.897 &amp#27;[32m INFO&amp#27;[m &amp#27;[35m[@503 - main]&amp#27;[m &amp#27;[36mcom.shaft.tools.io.ReportManager&amp#27;[m : Successfully created attachment "Test Data - Excel"
2023-01-22 15:44:18.898 &amp#27;[32m INFO&amp#27;[m &amp#27;[35m[@503 - main]&amp#27;[m &amp#27;[36mcom.shaft.tools.io.ReportManager&amp#27;[m : File Action "DoesFileExist" successfully performed. With the following test data "File Path: "SteeringCompanyAPI_TestData/SteeringCompanyAPI_TestData.xlsx"".
2023-01-22 15:44:18.920 &amp#27;[32m INFO&amp#27;[m &amp#27;[35m[@503 - main]&amp#27;[m &amp#27;[36mcom.shaft.tools.io.ReportManager&amp#27;[m : Successfully created attachment "Test Data - Excel"
2023-01-22 15:44:19.366 &amp#27;[32m INFO&amp#27;[m &amp#27;[35m[@503 - main]&amp#27;[m &amp#27;[36mcom.shaft.tools.io.ReportManager&amp#27;[m : Response status code: "401", status line: "HTTP/1.1 401 "
2023-01-22 15:44:19.368 &amp#27;[32m INFO&amp#27;[m &amp#27;[35m[@503 - main]&amp#27;[m &amp#27;[36mcom.shaft.tools.io.ReportManager&amp#27;[m : Successfully created attachment "API Request - Specifications"
2023-01-22 15:44:19.369 &amp#27;[32m INFO&amp#27;[m &amp#27;[35m[@503 - main]&amp#27;[m &amp#27;[36mcom.shaft.tools.io.ReportManager&amp#27;[m : Successfully created attachment "API Response - JSON Body"
2023-01-22 15:44:19.370 &amp#27;[32m INFO&amp#27;[m &amp#27;[35m[@503 - main]&amp#27;[m &amp#27;[36mcom.shaft.tools.io.ReportManager&amp#27;[m : Successfully created attachment "SHAFT Engine Logs - Current Method log: InValid_Get_General_Policy_With_InValid_Token_TC"
]]></system-out>
  </testcase>
  <testcase name="InValid_Get_General_Policy_With_Missing_Token_TC[[Ljava.lang.Object;@2b7f48eb](1)" classname="SteeringCompanyAPI_TestCases.Test_Policies_Cases" time="0.616">
    <system-out><![CDATA[2023-01-22 15:44:19.376 &amp#27;[32m INFO&amp#27;[m &amp#27;[35m[@534 - main]&amp#27;[m &amp#27;[36mcom.shaft.tools.io.ReportManager&amp#27;[m : 
################################################################################################################################################
Starting Execution:	"153 out of 70" test cases in the current suite
Test Method:		"SteeringCompanyAPI_TestCases.Test_Policies_Cases.InValid_Get_General_Policy_With_Missing_Token_TC"
Test Description:	"TC048 -Policy- Perform Get General Policy With Missing Token"
################################################################################################################################################
2023-01-22 15:44:19.377 &amp#27;[32m INFO&amp#27;[m &amp#27;[35m[@503 - main]&amp#27;[m &amp#27;[36mcom.shaft.tools.io.ReportManager&amp#27;[m : File Action "DoesFileExist" successfully performed. With the following test data "File Path: "SteeringCompanyAPI_TestData/SteeringCompanyAPI_TestData.xlsx"".
2023-01-22 15:44:19.406 &amp#27;[32m INFO&amp#27;[m &amp#27;[35m[@503 - main]&amp#27;[m &amp#27;[36mcom.shaft.tools.io.ReportManager&amp#27;[m : Successfully created attachment "Test Data - Excel"
2023-01-22 15:44:19.406 &amp#27;[32m INFO&amp#27;[m &amp#27;[35m[@503 - main]&amp#27;[m &amp#27;[36mcom.shaft.tools.io.ReportManager&amp#27;[m : File Action "DoesFileExist" successfully performed. With the following test data "File Path: "SteeringCompanyAPI_TestData/SteeringCompanyAPI_TestData.xlsx"".
2023-01-22 15:44:19.435 &amp#27;[32m INFO&amp#27;[m &amp#27;[35m[@503 - main]&amp#27;[m &amp#27;[36mcom.shaft.tools.io.ReportManager&amp#27;[m : Successfully created attachment "Test Data - Excel"
2023-01-22 15:44:19.435 &amp#27;[32m INFO&amp#27;[m &amp#27;[35m[@503 - main]&amp#27;[m &amp#27;[36mcom.shaft.tools.io.ReportManager&amp#27;[m : File Action "DoesFileExist" successfully performed. With the following test data "File Path: "SteeringCompanyAPI_TestData/SteeringCompanyAPI_TestData.xlsx"".
2023-01-22 15:44:19.468 &amp#27;[32m INFO&amp#27;[m &amp#27;[35m[@503 - main]&amp#27;[m &amp#27;[36mcom.shaft.tools.io.ReportManager&amp#27;[m : Successfully created attachment "Test Data - Excel"
2023-01-22 15:44:19.971 &amp#27;[32m INFO&amp#27;[m &amp#27;[35m[@503 - main]&amp#27;[m &amp#27;[36mcom.shaft.tools.io.ReportManager&amp#27;[m : Response status code: "401", status line: "HTTP/1.1 401 "
2023-01-22 15:44:19.980 &amp#27;[32m INFO&amp#27;[m &amp#27;[35m[@503 - main]&amp#27;[m &amp#27;[36mcom.shaft.tools.io.ReportManager&amp#27;[m : Successfully created attachment "API Request - Specifications"
2023-01-22 15:44:19.981 &amp#27;[32m INFO&amp#27;[m &amp#27;[35m[@503 - main]&amp#27;[m &amp#27;[36mcom.shaft.tools.io.ReportManager&amp#27;[m : Successfully created attachment "API Response - JSON Body"
2023-01-22 15:44:19.981 &amp#27;[32m INFO&amp#27;[m &amp#27;[35m[@503 - main]&amp#27;[m &amp#27;[36mcom.shaft.tools.io.ReportManager&amp#27;[m : File Action "DoesFileExist" successfully performed. With the following test data "File Path: "Schemas/InvalidTokenRequest_Unauthorized_schema.json"".
2023-01-22 15:44:19.981 &amp#27;[32m INFO&amp#27;[m &amp#27;[35m[@503 - main]&amp#27;[m &amp#27;[36mcom.shaft.tools.io.ReportManager&amp#27;[m : File Action "DoesFileExist" successfully performed. With the following test data "File Path: "src/test/resources/testDataFiles/Schemas/InvalidTokenRequest_Unauthorized_schema.json"".
2023-01-22 15:44:19.981 &amp#27;[32m INFO&amp#27;[m &amp#27;[35m[@503 - main]&amp#27;[m &amp#27;[36mcom.shaft.tools.io.ReportManager&amp#27;[m : File Action "GetAbsolutePath" successfully performed. With the following test data "Relative Folder Path: "src/test/resources/testDataFiles/Schemas/InvalidTokenRequest_Unauthorized_schema.json"".
2023-01-22 15:44:19.983 &amp#27;[32m INFO&amp#27;[m &amp#27;[35m[@503 - main]&amp#27;[m &amp#27;[36mcom.shaft.tools.io.ReportManager&amp#27;[m : File Action "DoesFileExist" successfully performed. With the following test data "File Path: "C:\eclipse-workspace\MyProjects\TASystemsAPIs\src\test\resources\testDataFiles\Schemas\InvalidTokenRequest_Unauthorized_schema.json"".
2023-01-22 15:44:19.983 &amp#27;[32m INFO&amp#27;[m &amp#27;[35m[@503 - main]&amp#27;[m &amp#27;[36mcom.shaft.tools.io.ReportManager&amp#27;[m : File Action "GetAbsolutePath" successfully performed. With the following test data "Relative Folder Path: "C:\eclipse-workspace\MyProjects\TASystemsAPIs\src\test\resources\testDataFiles\Schemas\InvalidTokenRequest_Unauthorized_schema.json"".
2023-01-22 15:44:19.983 &amp#27;[32m INFO&amp#27;[m &amp#27;[35m[@503 - main]&amp#27;[m &amp#27;[36mcom.shaft.tools.io.ReportManager&amp#27;[m : File Action "ReadFile" successfully performed. With the following test data "File Path: "C:\eclipse-workspace\MyProjects\TASystemsAPIs\src\test\resources\testDataFiles\Schemas\InvalidTokenRequest_Unauthorized_schema.json"".
2023-01-22 15:44:19.985 &amp#27;[32m INFO&amp#27;[m &amp#27;[35m[@503 - main]&amp#27;[m &amp#27;[36mcom.shaft.tools.io.ReportManager&amp#27;[m : Successfully created attachment "Validation Test Data - Expected JSON Value"
2023-01-22 15:44:19.988 &amp#27;[32m INFO&amp#27;[m &amp#27;[35m[@503 - main]&amp#27;[m &amp#27;[36mcom.shaft.tools.io.ReportManager&amp#27;[m : Successfully created attachment "Validation Test Data - Actual JSON Value"
2023-01-22 15:44:19.988 &amp#27;[32m INFO&amp#27;[m &amp#27;[35m[@503 - main]&amp#27;[m &amp#27;[36mcom.shaft.tools.io.ReportManager&amp#27;[m : Successfully created attachment "SHAFT Engine Logs - Current Method log: InValid_Get_General_Policy_With_Missing_Token_TC"
]]></system-out>
  </testcase>
  <testcase name="InValid_Get_General_Policy_With_Missing_Token_TC[[Ljava.lang.Object;@1b11b5d1](2)" classname="SteeringCompanyAPI_TestCases.Test_Policies_Cases" time="0.552">
    <system-out><![CDATA[2023-01-22 15:44:19.992 &amp#27;[32m INFO&amp#27;[m &amp#27;[35m[@534 - main]&amp#27;[m &amp#27;[36mcom.shaft.tools.io.ReportManager&amp#27;[m : 
################################################################################################################################################
Starting Execution:	"154 out of 70" test cases in the current suite
Test Method:		"SteeringCompanyAPI_TestCases.Test_Policies_Cases.InValid_Get_General_Policy_With_Missing_Token_TC"
Test Description:	"TC048 -Policy- Perform Get General Policy With Missing Token"
################################################################################################################################################
2023-01-22 15:44:19.993 &amp#27;[32m INFO&amp#27;[m &amp#27;[35m[@503 - main]&amp#27;[m &amp#27;[36mcom.shaft.tools.io.ReportManager&amp#27;[m : File Action "DoesFileExist" successfully performed. With the following test data "File Path: "SteeringCompanyAPI_TestData/SteeringCompanyAPI_TestData.xlsx"".
2023-01-22 15:44:20.014 &amp#27;[32m INFO&amp#27;[m &amp#27;[35m[@503 - main]&amp#27;[m &amp#27;[36mcom.shaft.tools.io.ReportManager&amp#27;[m : Successfully created attachment "Test Data - Excel"
2023-01-22 15:44:20.015 &amp#27;[32m INFO&amp#27;[m &amp#27;[35m[@503 - main]&amp#27;[m &amp#27;[36mcom.shaft.tools.io.ReportManager&amp#27;[m : File Action "DoesFileExist" successfully performed. With the following test data "File Path: "SteeringCompanyAPI_TestData/SteeringCompanyAPI_TestData.xlsx"".
2023-01-22 15:44:20.040 &amp#27;[32m INFO&amp#27;[m &amp#27;[35m[@503 - main]&amp#27;[m &amp#27;[36mcom.shaft.tools.io.ReportManager&amp#27;[m : Successfully created attachment "Test Data - Excel"
2023-01-22 15:44:20.040 &amp#27;[32m INFO&amp#27;[m &amp#27;[35m[@503 - main]&amp#27;[m &amp#27;[36mcom.shaft.tools.io.ReportManager&amp#27;[m : File Action "DoesFileExist" successfully performed. With the following test data "File Path: "SteeringCompanyAPI_TestData/SteeringCompanyAPI_TestData.xlsx"".
2023-01-22 15:44:20.064 &amp#27;[32m INFO&amp#27;[m &amp#27;[35m[@503 - main]&amp#27;[m &amp#27;[36mcom.shaft.tools.io.ReportManager&amp#27;[m : Successfully created attachment "Test Data - Excel"
2023-01-22 15:44:20.518 &amp#27;[32m INFO&amp#27;[m &amp#27;[35m[@503 - main]&amp#27;[m &amp#27;[36mcom.shaft.tools.io.ReportManager&amp#27;[m : Response status code: "401", status line: "HTTP/1.1 401 "
2023-01-22 15:44:20.536 &amp#27;[32m INFO&amp#27;[m &amp#27;[35m[@503 - main]&amp#27;[m &amp#27;[36mcom.shaft.tools.io.ReportManager&amp#27;[m : Successfully created attachment "API Request - Specifications"
2023-01-22 15:44:20.538 &amp#27;[32m INFO&amp#27;[m &amp#27;[35m[@503 - main]&amp#27;[m &amp#27;[36mcom.shaft.tools.io.ReportManager&amp#27;[m : Successfully created attachment "API Response - JSON Body"
2023-01-22 15:44:20.539 &amp#27;[32m INFO&amp#27;[m &amp#27;[35m[@503 - main]&amp#27;[m &amp#27;[36mcom.shaft.tools.io.ReportManager&amp#27;[m : File Action "DoesFileExist" successfully performed. With the following test data "File Path: "Schemas/InvalidTokenRequest_Unauthorized_schema.json"".
2023-01-22 15:44:20.539 &amp#27;[32m INFO&amp#27;[m &amp#27;[35m[@503 - main]&amp#27;[m &amp#27;[36mcom.shaft.tools.io.ReportManager&amp#27;[m : File Action "DoesFileExist" successfully performed. With the following test data "File Path: "src/test/resources/testDataFiles/Schemas/InvalidTokenRequest_Unauthorized_schema.json"".
2023-01-22 15:44:20.539 &amp#27;[32m INFO&amp#27;[m &amp#27;[35m[@503 - main]&amp#27;[m &amp#27;[36mcom.shaft.tools.io.ReportManager&amp#27;[m : File Action "GetAbsolutePath" successfully performed. With the following test data "Relative Folder Path: "src/test/resources/testDataFiles/Schemas/InvalidTokenRequest_Unauthorized_schema.json"".
2023-01-22 15:44:20.540 &amp#27;[32m INFO&amp#27;[m &amp#27;[35m[@503 - main]&amp#27;[m &amp#27;[36mcom.shaft.tools.io.ReportManager&amp#27;[m : File Action "DoesFileExist" successfully performed. With the following test data "File Path: "C:\eclipse-workspace\MyProjects\TASystemsAPIs\src\test\resources\testDataFiles\Schemas\InvalidTokenRequest_Unauthorized_schema.json"".
2023-01-22 15:44:20.540 &amp#27;[32m INFO&amp#27;[m &amp#27;[35m[@503 - main]&amp#27;[m &amp#27;[36mcom.shaft.tools.io.ReportManager&amp#27;[m : File Action "GetAbsolutePath" successfully performed. With the following test data "Relative Folder Path: "C:\eclipse-workspace\MyProjects\TASystemsAPIs\src\test\resources\testDataFiles\Schemas\InvalidTokenRequest_Unauthorized_schema.json"".
2023-01-22 15:44:20.541 &amp#27;[32m INFO&amp#27;[m &amp#27;[35m[@503 - main]&amp#27;[m &amp#27;[36mcom.shaft.tools.io.ReportManager&amp#27;[m : File Action "ReadFile" successfully performed. With the following test data "File Path: "C:\eclipse-workspace\MyProjects\TASystemsAPIs\src\test\resources\testDataFiles\Schemas\InvalidTokenRequest_Unauthorized_schema.json"".
2023-01-22 15:44:20.541 &amp#27;[32m INFO&amp#27;[m &amp#27;[35m[@503 - main]&amp#27;[m &amp#27;[36mcom.shaft.tools.io.ReportManager&amp#27;[m : Successfully created attachment "Validation Test Data - Expected JSON Value"
2023-01-22 15:44:20.542 &amp#27;[32m INFO&amp#27;[m &amp#27;[35m[@503 - main]&amp#27;[m &amp#27;[36mcom.shaft.tools.io.ReportManager&amp#27;[m : Successfully created attachment "Validation Test Data - Actual JSON Value"
2023-01-22 15:44:20.543 &amp#27;[32m INFO&amp#27;[m &amp#27;[35m[@503 - main]&amp#27;[m &amp#27;[36mcom.shaft.tools.io.ReportManager&amp#27;[m : Successfully created attachment "SHAFT Engine Logs - Current Method log: InValid_Get_General_Policy_With_Missing_Token_TC"
]]></system-out>
  </testcase>
  <testcase name="InValid_Get_Payment_Policy_With_InValid_Token_TC[[Ljava.lang.Object;@cd856fa](1)" classname="SteeringCompanyAPI_TestCases.Test_Policies_Cases" time="0.606">
    <system-out><![CDATA[2023-01-22 15:44:20.548 &amp#27;[32m INFO&amp#27;[m &amp#27;[35m[@534 - main]&amp#27;[m &amp#27;[36mcom.shaft.tools.io.ReportManager&amp#27;[m : 
################################################################################################################################################
Starting Execution:	"155 out of 70" test cases in the current suite
Test Method:		"SteeringCompanyAPI_TestCases.Test_Policies_Cases.InValid_Get_Payment_Policy_With_InValid_Token_TC"
Test Description:	"TC047 -Policy- Perform Get Payment Policy With Invalid/Expired Token"
################################################################################################################################################
2023-01-22 15:44:20.548 &amp#27;[32m INFO&amp#27;[m &amp#27;[35m[@503 - main]&amp#27;[m &amp#27;[36mcom.shaft.tools.io.ReportManager&amp#27;[m : File Action "DoesFileExist" successfully performed. With the following test data "File Path: "SteeringCompanyAPI_TestData/SteeringCompanyAPI_TestData.xlsx"".
2023-01-22 15:44:20.572 &amp#27;[32m INFO&amp#27;[m &amp#27;[35m[@503 - main]&amp#27;[m &amp#27;[36mcom.shaft.tools.io.ReportManager&amp#27;[m : Successfully created attachment "Test Data - Excel"
2023-01-22 15:44:20.572 &amp#27;[32m INFO&amp#27;[m &amp#27;[35m[@503 - main]&amp#27;[m &amp#27;[36mcom.shaft.tools.io.ReportManager&amp#27;[m : File Action "DoesFileExist" successfully performed. With the following test data "File Path: "SteeringCompanyAPI_TestData/SteeringCompanyAPI_TestData.xlsx"".
2023-01-22 15:44:20.597 &amp#27;[32m INFO&amp#27;[m &amp#27;[35m[@503 - main]&amp#27;[m &amp#27;[36mcom.shaft.tools.io.ReportManager&amp#27;[m : Successfully created attachment "Test Data - Excel"
2023-01-22 15:44:20.597 &amp#27;[32m INFO&amp#27;[m &amp#27;[35m[@503 - main]&amp#27;[m &amp#27;[36mcom.shaft.tools.io.ReportManager&amp#27;[m : File Action "DoesFileExist" successfully performed. With the following test data "File Path: "SteeringCompanyAPI_TestData/SteeringCompanyAPI_TestData.xlsx"".
2023-01-22 15:44:20.619 &amp#27;[32m INFO&amp#27;[m &amp#27;[35m[@503 - main]&amp#27;[m &amp#27;[36mcom.shaft.tools.io.ReportManager&amp#27;[m : Successfully created attachment "Test Data - Excel"
2023-01-22 15:44:21.149 &amp#27;[32m INFO&amp#27;[m &amp#27;[35m[@503 - main]&amp#27;[m &amp#27;[36mcom.shaft.tools.io.ReportManager&amp#27;[m : Response status code: "401", status line: "HTTP/1.1 401 "
2023-01-22 15:44:21.150 &amp#27;[32m INFO&amp#27;[m &amp#27;[35m[@503 - main]&amp#27;[m &amp#27;[36mcom.shaft.tools.io.ReportManager&amp#27;[m : Successfully created attachment "API Request - Specifications"
2023-01-22 15:44:21.151 &amp#27;[32m INFO&amp#27;[m &amp#27;[35m[@503 - main]&amp#27;[m &amp#27;[36mcom.shaft.tools.io.ReportManager&amp#27;[m : Successfully created attachment "API Response - JSON Body"
2023-01-22 15:44:21.152 &amp#27;[32m INFO&amp#27;[m &amp#27;[35m[@503 - main]&amp#27;[m &amp#27;[36mcom.shaft.tools.io.ReportManager&amp#27;[m : Successfully created attachment "SHAFT Engine Logs - Current Method log: InValid_Get_Payment_Policy_With_InValid_Token_TC"
]]></system-out>
  </testcase>
  <testcase name="InValid_Get_Payment_Policy_With_InValid_Token_TC[[Ljava.lang.Object;@11e32a5e](2)" classname="SteeringCompanyAPI_TestCases.Test_Policies_Cases" time="0.674">
    <system-out><![CDATA[2023-01-22 15:44:21.155 &amp#27;[32m INFO&amp#27;[m &amp#27;[35m[@534 - main]&amp#27;[m &amp#27;[36mcom.shaft.tools.io.ReportManager&amp#27;[m : 
################################################################################################################################################
Starting Execution:	"156 out of 70" test cases in the current suite
Test Method:		"SteeringCompanyAPI_TestCases.Test_Policies_Cases.InValid_Get_Payment_Policy_With_InValid_Token_TC"
Test Description:	"TC047 -Policy- Perform Get Payment Policy With Invalid/Expired Token"
################################################################################################################################################
2023-01-22 15:44:21.155 &amp#27;[32m INFO&amp#27;[m &amp#27;[35m[@503 - main]&amp#27;[m &amp#27;[36mcom.shaft.tools.io.ReportManager&amp#27;[m : File Action "DoesFileExist" successfully performed. With the following test data "File Path: "SteeringCompanyAPI_TestData/SteeringCompanyAPI_TestData.xlsx"".
2023-01-22 15:44:21.183 &amp#27;[32m INFO&amp#27;[m &amp#27;[35m[@503 - main]&amp#27;[m &amp#27;[36mcom.shaft.tools.io.ReportManager&amp#27;[m : Successfully created attachment "Test Data - Excel"
2023-01-22 15:44:21.183 &amp#27;[32m INFO&amp#27;[m &amp#27;[35m[@503 - main]&amp#27;[m &amp#27;[36mcom.shaft.tools.io.ReportManager&amp#27;[m : File Action "DoesFileExist" successfully performed. With the following test data "File Path: "SteeringCompanyAPI_TestData/SteeringCompanyAPI_TestData.xlsx"".
2023-01-22 15:44:21.204 &amp#27;[32m INFO&amp#27;[m &amp#27;[35m[@503 - main]&amp#27;[m &amp#27;[36mcom.shaft.tools.io.ReportManager&amp#27;[m : Successfully created attachment "Test Data - Excel"
2023-01-22 15:44:21.204 &amp#27;[32m INFO&amp#27;[m &amp#27;[35m[@503 - main]&amp#27;[m &amp#27;[36mcom.shaft.tools.io.ReportManager&amp#27;[m : File Action "DoesFileExist" successfully performed. With the following test data "File Path: "SteeringCompanyAPI_TestData/SteeringCompanyAPI_TestData.xlsx"".
2023-01-22 15:44:21.227 &amp#27;[32m INFO&amp#27;[m &amp#27;[35m[@503 - main]&amp#27;[m &amp#27;[36mcom.shaft.tools.io.ReportManager&amp#27;[m : Successfully created attachment "Test Data - Excel"
2023-01-22 15:44:21.819 &amp#27;[32m INFO&amp#27;[m &amp#27;[35m[@503 - main]&amp#27;[m &amp#27;[36mcom.shaft.tools.io.ReportManager&amp#27;[m : Response status code: "401", status line: "HTTP/1.1 401 "
2023-01-22 15:44:21.822 &amp#27;[32m INFO&amp#27;[m &amp#27;[35m[@503 - main]&amp#27;[m &amp#27;[36mcom.shaft.tools.io.ReportManager&amp#27;[m : Successfully created attachment "API Request - Specifications"
2023-01-22 15:44:21.824 &amp#27;[32m INFO&amp#27;[m &amp#27;[35m[@503 - main]&amp#27;[m &amp#27;[36mcom.shaft.tools.io.ReportManager&amp#27;[m : Successfully created attachment "API Response - JSON Body"
2023-01-22 15:44:21.825 &amp#27;[32m INFO&amp#27;[m &amp#27;[35m[@503 - main]&amp#27;[m &amp#27;[36mcom.shaft.tools.io.ReportManager&amp#27;[m : Successfully created attachment "SHAFT Engine Logs - Current Method log: InValid_Get_Payment_Policy_With_InValid_Token_TC"
]]></system-out>
  </testcase>
  <testcase name="InValid_Get_Payment_Policy_With_Missing_Token_TC[[Ljava.lang.Object;@37a1e8ed](1)" classname="SteeringCompanyAPI_TestCases.Test_Policies_Cases" time="0.552">
    <system-out><![CDATA[2023-01-22 15:44:21.833 &amp#27;[32m INFO&amp#27;[m &amp#27;[35m[@534 - main]&amp#27;[m &amp#27;[36mcom.shaft.tools.io.ReportManager&amp#27;[m : 
################################################################################################################################################
Starting Execution:	"157 out of 70" test cases in the current suite
Test Method:		"SteeringCompanyAPI_TestCases.Test_Policies_Cases.InValid_Get_Payment_Policy_With_Missing_Token_TC"
Test Description:	"TC046 -Policy- Perform Get Payment Policy With Missing Token"
################################################################################################################################################
2023-01-22 15:44:21.834 &amp#27;[32m INFO&amp#27;[m &amp#27;[35m[@503 - main]&amp#27;[m &amp#27;[36mcom.shaft.tools.io.ReportManager&amp#27;[m : File Action "DoesFileExist" successfully performed. With the following test data "File Path: "SteeringCompanyAPI_TestData/SteeringCompanyAPI_TestData.xlsx"".
2023-01-22 15:44:21.851 &amp#27;[32m INFO&amp#27;[m &amp#27;[35m[@503 - main]&amp#27;[m &amp#27;[36mcom.shaft.tools.io.ReportManager&amp#27;[m : Successfully created attachment "Test Data - Excel"
2023-01-22 15:44:21.852 &amp#27;[32m INFO&amp#27;[m &amp#27;[35m[@503 - main]&amp#27;[m &amp#27;[36mcom.shaft.tools.io.ReportManager&amp#27;[m : File Action "DoesFileExist" successfully performed. With the following test data "File Path: "SteeringCompanyAPI_TestData/SteeringCompanyAPI_TestData.xlsx"".
2023-01-22 15:44:21.871 &amp#27;[32m INFO&amp#27;[m &amp#27;[35m[@503 - main]&amp#27;[m &amp#27;[36mcom.shaft.tools.io.ReportManager&amp#27;[m : Successfully created attachment "Test Data - Excel"
2023-01-22 15:44:21.872 &amp#27;[32m INFO&amp#27;[m &amp#27;[35m[@503 - main]&amp#27;[m &amp#27;[36mcom.shaft.tools.io.ReportManager&amp#27;[m : File Action "DoesFileExist" successfully performed. With the following test data "File Path: "SteeringCompanyAPI_TestData/SteeringCompanyAPI_TestData.xlsx"".
2023-01-22 15:44:21.897 &amp#27;[32m INFO&amp#27;[m &amp#27;[35m[@503 - main]&amp#27;[m &amp#27;[36mcom.shaft.tools.io.ReportManager&amp#27;[m : Successfully created attachment "Test Data - Excel"
2023-01-22 15:44:22.362 &amp#27;[32m INFO&amp#27;[m &amp#27;[35m[@503 - main]&amp#27;[m &amp#27;[36mcom.shaft.tools.io.ReportManager&amp#27;[m : Response status code: "401", status line: "HTTP/1.1 401 "
2023-01-22 15:44:22.373 &amp#27;[32m INFO&amp#27;[m &amp#27;[35m[@503 - main]&amp#27;[m &amp#27;[36mcom.shaft.tools.io.ReportManager&amp#27;[m : Successfully created attachment "API Request - Specifications"
2023-01-22 15:44:22.374 &amp#27;[32m INFO&amp#27;[m &amp#27;[35m[@503 - main]&amp#27;[m &amp#27;[36mcom.shaft.tools.io.ReportManager&amp#27;[m : Successfully created attachment "API Response - JSON Body"
2023-01-22 15:44:22.375 &amp#27;[32m INFO&amp#27;[m &amp#27;[35m[@503 - main]&amp#27;[m &amp#27;[36mcom.shaft.tools.io.ReportManager&amp#27;[m : File Action "DoesFileExist" successfully performed. With the following test data "File Path: "Schemas/InvalidTokenRequest_Unauthorized_schema.json"".
2023-01-22 15:44:22.377 &amp#27;[32m INFO&amp#27;[m &amp#27;[35m[@503 - main]&amp#27;[m &amp#27;[36mcom.shaft.tools.io.ReportManager&amp#27;[m : File Action "DoesFileExist" successfully performed. With the following test data "File Path: "src/test/resources/testDataFiles/Schemas/InvalidTokenRequest_Unauthorized_schema.json"".
2023-01-22 15:44:22.377 &amp#27;[32m INFO&amp#27;[m &amp#27;[35m[@503 - main]&amp#27;[m &amp#27;[36mcom.shaft.tools.io.ReportManager&amp#27;[m : File Action "GetAbsolutePath" successfully performed. With the following test data "Relative Folder Path: "src/test/resources/testDataFiles/Schemas/InvalidTokenRequest_Unauthorized_schema.json"".
2023-01-22 15:44:22.378 &amp#27;[32m INFO&amp#27;[m &amp#27;[35m[@503 - main]&amp#27;[m &amp#27;[36mcom.shaft.tools.io.ReportManager&amp#27;[m : File Action "DoesFileExist" successfully performed. With the following test data "File Path: "C:\eclipse-workspace\MyProjects\TASystemsAPIs\src\test\resources\testDataFiles\Schemas\InvalidTokenRequest_Unauthorized_schema.json"".
2023-01-22 15:44:22.378 &amp#27;[32m INFO&amp#27;[m &amp#27;[35m[@503 - main]&amp#27;[m &amp#27;[36mcom.shaft.tools.io.ReportManager&amp#27;[m : File Action "GetAbsolutePath" successfully performed. With the following test data "Relative Folder Path: "C:\eclipse-workspace\MyProjects\TASystemsAPIs\src\test\resources\testDataFiles\Schemas\InvalidTokenRequest_Unauthorized_schema.json"".
2023-01-22 15:44:22.378 &amp#27;[32m INFO&amp#27;[m &amp#27;[35m[@503 - main]&amp#27;[m &amp#27;[36mcom.shaft.tools.io.ReportManager&amp#27;[m : File Action "ReadFile" successfully performed. With the following test data "File Path: "C:\eclipse-workspace\MyProjects\TASystemsAPIs\src\test\resources\testDataFiles\Schemas\InvalidTokenRequest_Unauthorized_schema.json"".
2023-01-22 15:44:22.379 &amp#27;[32m INFO&amp#27;[m &amp#27;[35m[@503 - main]&amp#27;[m &amp#27;[36mcom.shaft.tools.io.ReportManager&amp#27;[m : Successfully created attachment "Validation Test Data - Expected JSON Value"
2023-01-22 15:44:22.382 &amp#27;[32m INFO&amp#27;[m &amp#27;[35m[@503 - main]&amp#27;[m &amp#27;[36mcom.shaft.tools.io.ReportManager&amp#27;[m : Successfully created attachment "Validation Test Data - Actual JSON Value"
2023-01-22 15:44:22.382 &amp#27;[32m INFO&amp#27;[m &amp#27;[35m[@503 - main]&amp#27;[m &amp#27;[36mcom.shaft.tools.io.ReportManager&amp#27;[m : Successfully created attachment "SHAFT Engine Logs - Current Method log: InValid_Get_Payment_Policy_With_Missing_Token_TC"
]]></system-out>
  </testcase>
  <testcase name="InValid_Get_Payment_Policy_With_Missing_Token_TC[[Ljava.lang.Object;@6ae3aeb](2)" classname="SteeringCompanyAPI_TestCases.Test_Policies_Cases" time="0.545">
    <system-out><![CDATA[2023-01-22 15:44:22.385 &amp#27;[32m INFO&amp#27;[m &amp#27;[35m[@534 - main]&amp#27;[m &amp#27;[36mcom.shaft.tools.io.ReportManager&amp#27;[m : 
################################################################################################################################################
Starting Execution:	"158 out of 70" test cases in the current suite
Test Method:		"SteeringCompanyAPI_TestCases.Test_Policies_Cases.InValid_Get_Payment_Policy_With_Missing_Token_TC"
Test Description:	"TC046 -Policy- Perform Get Payment Policy With Missing Token"
################################################################################################################################################
2023-01-22 15:44:22.385 &amp#27;[32m INFO&amp#27;[m &amp#27;[35m[@503 - main]&amp#27;[m &amp#27;[36mcom.shaft.tools.io.ReportManager&amp#27;[m : File Action "DoesFileExist" successfully performed. With the following test data "File Path: "SteeringCompanyAPI_TestData/SteeringCompanyAPI_TestData.xlsx"".
2023-01-22 15:44:22.407 &amp#27;[32m INFO&amp#27;[m &amp#27;[35m[@503 - main]&amp#27;[m &amp#27;[36mcom.shaft.tools.io.ReportManager&amp#27;[m : Successfully created attachment "Test Data - Excel"
2023-01-22 15:44:22.407 &amp#27;[32m INFO&amp#27;[m &amp#27;[35m[@503 - main]&amp#27;[m &amp#27;[36mcom.shaft.tools.io.ReportManager&amp#27;[m : File Action "DoesFileExist" successfully performed. With the following test data "File Path: "SteeringCompanyAPI_TestData/SteeringCompanyAPI_TestData.xlsx"".
2023-01-22 15:44:22.427 &amp#27;[32m INFO&amp#27;[m &amp#27;[35m[@503 - main]&amp#27;[m &amp#27;[36mcom.shaft.tools.io.ReportManager&amp#27;[m : Successfully created attachment "Test Data - Excel"
2023-01-22 15:44:22.427 &amp#27;[32m INFO&amp#27;[m &amp#27;[35m[@503 - main]&amp#27;[m &amp#27;[36mcom.shaft.tools.io.ReportManager&amp#27;[m : File Action "DoesFileExist" successfully performed. With the following test data "File Path: "SteeringCompanyAPI_TestData/SteeringCompanyAPI_TestData.xlsx"".
2023-01-22 15:44:22.446 &amp#27;[32m INFO&amp#27;[m &amp#27;[35m[@503 - main]&amp#27;[m &amp#27;[36mcom.shaft.tools.io.ReportManager&amp#27;[m : Successfully created attachment "Test Data - Excel"
2023-01-22 15:44:22.905 &amp#27;[32m INFO&amp#27;[m &amp#27;[35m[@503 - main]&amp#27;[m &amp#27;[36mcom.shaft.tools.io.ReportManager&amp#27;[m : Response status code: "401", status line: "HTTP/1.1 401 "
2023-01-22 15:44:22.915 &amp#27;[32m INFO&amp#27;[m &amp#27;[35m[@503 - main]&amp#27;[m &amp#27;[36mcom.shaft.tools.io.ReportManager&amp#27;[m : Successfully created attachment "API Request - Specifications"
2023-01-22 15:44:22.920 &amp#27;[32m INFO&amp#27;[m &amp#27;[35m[@503 - main]&amp#27;[m &amp#27;[36mcom.shaft.tools.io.ReportManager&amp#27;[m : Successfully created attachment "API Response - JSON Body"
2023-01-22 15:44:22.921 &amp#27;[32m INFO&amp#27;[m &amp#27;[35m[@503 - main]&amp#27;[m &amp#27;[36mcom.shaft.tools.io.ReportManager&amp#27;[m : File Action "DoesFileExist" successfully performed. With the following test data "File Path: "Schemas/InvalidTokenRequest_Unauthorized_schema.json"".
2023-01-22 15:44:22.921 &amp#27;[32m INFO&amp#27;[m &amp#27;[35m[@503 - main]&amp#27;[m &amp#27;[36mcom.shaft.tools.io.ReportManager&amp#27;[m : File Action "DoesFileExist" successfully performed. With the following test data "File Path: "src/test/resources/testDataFiles/Schemas/InvalidTokenRequest_Unauthorized_schema.json"".
2023-01-22 15:44:22.921 &amp#27;[32m INFO&amp#27;[m &amp#27;[35m[@503 - main]&amp#27;[m &amp#27;[36mcom.shaft.tools.io.ReportManager&amp#27;[m : File Action "GetAbsolutePath" successfully performed. With the following test data "Relative Folder Path: "src/test/resources/testDataFiles/Schemas/InvalidTokenRequest_Unauthorized_schema.json"".
2023-01-22 15:44:22.924 &amp#27;[32m INFO&amp#27;[m &amp#27;[35m[@503 - main]&amp#27;[m &amp#27;[36mcom.shaft.tools.io.ReportManager&amp#27;[m : File Action "DoesFileExist" successfully performed. With the following test data "File Path: "C:\eclipse-workspace\MyProjects\TASystemsAPIs\src\test\resources\testDataFiles\Schemas\InvalidTokenRequest_Unauthorized_schema.json"".
2023-01-22 15:44:22.924 &amp#27;[32m INFO&amp#27;[m &amp#27;[35m[@503 - main]&amp#27;[m &amp#27;[36mcom.shaft.tools.io.ReportManager&amp#27;[m : File Action "GetAbsolutePath" successfully performed. With the following test data "Relative Folder Path: "C:\eclipse-workspace\MyProjects\TASystemsAPIs\src\test\resources\testDataFiles\Schemas\InvalidTokenRequest_Unauthorized_schema.json"".
2023-01-22 15:44:22.924 &amp#27;[32m INFO&amp#27;[m &amp#27;[35m[@503 - main]&amp#27;[m &amp#27;[36mcom.shaft.tools.io.ReportManager&amp#27;[m : File Action "ReadFile" successfully performed. With the following test data "File Path: "C:\eclipse-workspace\MyProjects\TASystemsAPIs\src\test\resources\testDataFiles\Schemas\InvalidTokenRequest_Unauthorized_schema.json"".
2023-01-22 15:44:22.925 &amp#27;[32m INFO&amp#27;[m &amp#27;[35m[@503 - main]&amp#27;[m &amp#27;[36mcom.shaft.tools.io.ReportManager&amp#27;[m : Successfully created attachment "Validation Test Data - Expected JSON Value"
2023-01-22 15:44:22.926 &amp#27;[32m INFO&amp#27;[m &amp#27;[35m[@503 - main]&amp#27;[m &amp#27;[36mcom.shaft.tools.io.ReportManager&amp#27;[m : Successfully created attachment "Validation Test Data - Actual JSON Value"
2023-01-22 15:44:22.926 &amp#27;[32m INFO&amp#27;[m &amp#27;[35m[@503 - main]&amp#27;[m &amp#27;[36mcom.shaft.tools.io.ReportManager&amp#27;[m : Successfully created attachment "SHAFT Engine Logs - Current Method log: InValid_Get_Payment_Policy_With_Missing_Token_TC"
]]></system-out>
  </testcase>
  <testcase name="InValid_Get_Tax_Policy_With_InValid_Token_TC[[Ljava.lang.Object;@40ca8492](1)" classname="SteeringCompanyAPI_TestCases.Test_Policies_Cases" time="0.502">
    <system-out><![CDATA[2023-01-22 15:44:22.933 &amp#27;[32m INFO&amp#27;[m &amp#27;[35m[@534 - main]&amp#27;[m &amp#27;[36mcom.shaft.tools.io.ReportManager&amp#27;[m : 
################################################################################################################################################
Starting Execution:	"159 out of 70" test cases in the current suite
Test Method:		"SteeringCompanyAPI_TestCases.Test_Policies_Cases.InValid_Get_Tax_Policy_With_InValid_Token_TC"
Test Description:	"TC043 -Policy- Perform Get Tax Policy With InValid/Expired Token"
################################################################################################################################################
2023-01-22 15:44:22.933 &amp#27;[32m INFO&amp#27;[m &amp#27;[35m[@503 - main]&amp#27;[m &amp#27;[36mcom.shaft.tools.io.ReportManager&amp#27;[m : File Action "DoesFileExist" successfully performed. With the following test data "File Path: "SteeringCompanyAPI_TestData/SteeringCompanyAPI_TestData.xlsx"".
2023-01-22 15:44:22.951 &amp#27;[32m INFO&amp#27;[m &amp#27;[35m[@503 - main]&amp#27;[m &amp#27;[36mcom.shaft.tools.io.ReportManager&amp#27;[m : Successfully created attachment "Test Data - Excel"
2023-01-22 15:44:22.952 &amp#27;[32m INFO&amp#27;[m &amp#27;[35m[@503 - main]&amp#27;[m &amp#27;[36mcom.shaft.tools.io.ReportManager&amp#27;[m : File Action "DoesFileExist" successfully performed. With the following test data "File Path: "SteeringCompanyAPI_TestData/SteeringCompanyAPI_TestData.xlsx"".
2023-01-22 15:44:22.971 &amp#27;[32m INFO&amp#27;[m &amp#27;[35m[@503 - main]&amp#27;[m &amp#27;[36mcom.shaft.tools.io.ReportManager&amp#27;[m : Successfully created attachment "Test Data - Excel"
2023-01-22 15:44:22.971 &amp#27;[32m INFO&amp#27;[m &amp#27;[35m[@503 - main]&amp#27;[m &amp#27;[36mcom.shaft.tools.io.ReportManager&amp#27;[m : File Action "DoesFileExist" successfully performed. With the following test data "File Path: "SteeringCompanyAPI_TestData/SteeringCompanyAPI_TestData.xlsx"".
2023-01-22 15:44:22.990 &amp#27;[32m INFO&amp#27;[m &amp#27;[35m[@503 - main]&amp#27;[m &amp#27;[36mcom.shaft.tools.io.ReportManager&amp#27;[m : Successfully created attachment "Test Data - Excel"
2023-01-22 15:44:23.427 &amp#27;[32m INFO&amp#27;[m &amp#27;[35m[@503 - main]&amp#27;[m &amp#27;[36mcom.shaft.tools.io.ReportManager&amp#27;[m : Response status code: "401", status line: "HTTP/1.1 401 "
2023-01-22 15:44:23.428 &amp#27;[32m INFO&amp#27;[m &amp#27;[35m[@503 - main]&amp#27;[m &amp#27;[36mcom.shaft.tools.io.ReportManager&amp#27;[m : Successfully created attachment "API Request - Specifications"
2023-01-22 15:44:23.429 &amp#27;[32m INFO&amp#27;[m &amp#27;[35m[@503 - main]&amp#27;[m &amp#27;[36mcom.shaft.tools.io.ReportManager&amp#27;[m : Successfully created attachment "API Response - JSON Body"
2023-01-22 15:44:23.430 &amp#27;[32m INFO&amp#27;[m &amp#27;[35m[@503 - main]&amp#27;[m &amp#27;[36mcom.shaft.tools.io.ReportManager&amp#27;[m : Successfully created attachment "SHAFT Engine Logs - Current Method log: InValid_Get_Tax_Policy_With_InValid_Token_TC"
]]></system-out>
  </testcase>
  <testcase name="InValid_Get_Tax_Policy_With_InValid_Token_TC[[Ljava.lang.Object;@4977edd0](2)" classname="SteeringCompanyAPI_TestCases.Test_Policies_Cases" time="0.521">
    <system-out><![CDATA[2023-01-22 15:44:23.434 &amp#27;[32m INFO&amp#27;[m &amp#27;[35m[@534 - main]&amp#27;[m &amp#27;[36mcom.shaft.tools.io.ReportManager&amp#27;[m : 
################################################################################################################################################
Starting Execution:	"160 out of 70" test cases in the current suite
Test Method:		"SteeringCompanyAPI_TestCases.Test_Policies_Cases.InValid_Get_Tax_Policy_With_InValid_Token_TC"
Test Description:	"TC043 -Policy- Perform Get Tax Policy With InValid/Expired Token"
################################################################################################################################################
2023-01-22 15:44:23.435 &amp#27;[32m INFO&amp#27;[m &amp#27;[35m[@503 - main]&amp#27;[m &amp#27;[36mcom.shaft.tools.io.ReportManager&amp#27;[m : File Action "DoesFileExist" successfully performed. With the following test data "File Path: "SteeringCompanyAPI_TestData/SteeringCompanyAPI_TestData.xlsx"".
2023-01-22 15:44:23.456 &amp#27;[32m INFO&amp#27;[m &amp#27;[35m[@503 - main]&amp#27;[m &amp#27;[36mcom.shaft.tools.io.ReportManager&amp#27;[m : Successfully created attachment "Test Data - Excel"
2023-01-22 15:44:23.457 &amp#27;[32m INFO&amp#27;[m &amp#27;[35m[@503 - main]&amp#27;[m &amp#27;[36mcom.shaft.tools.io.ReportManager&amp#27;[m : File Action "DoesFileExist" successfully performed. With the following test data "File Path: "SteeringCompanyAPI_TestData/SteeringCompanyAPI_TestData.xlsx"".
2023-01-22 15:44:23.478 &amp#27;[32m INFO&amp#27;[m &amp#27;[35m[@503 - main]&amp#27;[m &amp#27;[36mcom.shaft.tools.io.ReportManager&amp#27;[m : Successfully created attachment "Test Data - Excel"
2023-01-22 15:44:23.478 &amp#27;[32m INFO&amp#27;[m &amp#27;[35m[@503 - main]&amp#27;[m &amp#27;[36mcom.shaft.tools.io.ReportManager&amp#27;[m : File Action "DoesFileExist" successfully performed. With the following test data "File Path: "SteeringCompanyAPI_TestData/SteeringCompanyAPI_TestData.xlsx"".
2023-01-22 15:44:23.500 &amp#27;[32m INFO&amp#27;[m &amp#27;[35m[@503 - main]&amp#27;[m &amp#27;[36mcom.shaft.tools.io.ReportManager&amp#27;[m : Successfully created attachment "Test Data - Excel"
2023-01-22 15:44:23.948 &amp#27;[32m INFO&amp#27;[m &amp#27;[35m[@503 - main]&amp#27;[m &amp#27;[36mcom.shaft.tools.io.ReportManager&amp#27;[m : Response status code: "401", status line: "HTTP/1.1 401 "
2023-01-22 15:44:23.950 &amp#27;[32m INFO&amp#27;[m &amp#27;[35m[@503 - main]&amp#27;[m &amp#27;[36mcom.shaft.tools.io.ReportManager&amp#27;[m : Successfully created attachment "API Request - Specifications"
2023-01-22 15:44:23.951 &amp#27;[32m INFO&amp#27;[m &amp#27;[35m[@503 - main]&amp#27;[m &amp#27;[36mcom.shaft.tools.io.ReportManager&amp#27;[m : Successfully created attachment "API Response - JSON Body"
2023-01-22 15:44:23.952 &amp#27;[32m INFO&amp#27;[m &amp#27;[35m[@503 - main]&amp#27;[m &amp#27;[36mcom.shaft.tools.io.ReportManager&amp#27;[m : Successfully created attachment "SHAFT Engine Logs - Current Method log: InValid_Get_Tax_Policy_With_InValid_Token_TC"
]]></system-out>
  </testcase>
  <testcase name="InValid_Get_Tax_Policy_With_Missing_Token_TC[[Ljava.lang.Object;@342e0afd](1)" classname="SteeringCompanyAPI_TestCases.Test_Policies_Cases" time="0.588">
    <system-out><![CDATA[2023-01-22 15:44:23.958 &amp#27;[32m INFO&amp#27;[m &amp#27;[35m[@534 - main]&amp#27;[m &amp#27;[36mcom.shaft.tools.io.ReportManager&amp#27;[m : 
################################################################################################################################################
Starting Execution:	"161 out of 70" test cases in the current suite
Test Method:		"SteeringCompanyAPI_TestCases.Test_Policies_Cases.InValid_Get_Tax_Policy_With_Missing_Token_TC"
Test Description:	"TC042 -Policy- Perform Get Tax Policy With Missing Token"
################################################################################################################################################
2023-01-22 15:44:23.958 &amp#27;[32m INFO&amp#27;[m &amp#27;[35m[@503 - main]&amp#27;[m &amp#27;[36mcom.shaft.tools.io.ReportManager&amp#27;[m : File Action "DoesFileExist" successfully performed. With the following test data "File Path: "SteeringCompanyAPI_TestData/SteeringCompanyAPI_TestData.xlsx"".
2023-01-22 15:44:23.978 &amp#27;[32m INFO&amp#27;[m &amp#27;[35m[@503 - main]&amp#27;[m &amp#27;[36mcom.shaft.tools.io.ReportManager&amp#27;[m : Successfully created attachment "Test Data - Excel"
2023-01-22 15:44:23.979 &amp#27;[32m INFO&amp#27;[m &amp#27;[35m[@503 - main]&amp#27;[m &amp#27;[36mcom.shaft.tools.io.ReportManager&amp#27;[m : File Action "DoesFileExist" successfully performed. With the following test data "File Path: "SteeringCompanyAPI_TestData/SteeringCompanyAPI_TestData.xlsx"".
2023-01-22 15:44:24.000 &amp#27;[32m INFO&amp#27;[m &amp#27;[35m[@503 - main]&amp#27;[m &amp#27;[36mcom.shaft.tools.io.ReportManager&amp#27;[m : Successfully created attachment "Test Data - Excel"
2023-01-22 15:44:24.000 &amp#27;[32m INFO&amp#27;[m &amp#27;[35m[@503 - main]&amp#27;[m &amp#27;[36mcom.shaft.tools.io.ReportManager&amp#27;[m : File Action "DoesFileExist" successfully performed. With the following test data "File Path: "SteeringCompanyAPI_TestData/SteeringCompanyAPI_TestData.xlsx"".
2023-01-22 15:44:24.029 &amp#27;[32m INFO&amp#27;[m &amp#27;[35m[@503 - main]&amp#27;[m &amp#27;[36mcom.shaft.tools.io.ReportManager&amp#27;[m : Successfully created attachment "Test Data - Excel"
2023-01-22 15:44:24.520 &amp#27;[32m INFO&amp#27;[m &amp#27;[35m[@503 - main]&amp#27;[m &amp#27;[36mcom.shaft.tools.io.ReportManager&amp#27;[m : Response status code: "401", status line: "HTTP/1.1 401 "
2023-01-22 15:44:24.534 &amp#27;[32m INFO&amp#27;[m &amp#27;[35m[@503 - main]&amp#27;[m &amp#27;[36mcom.shaft.tools.io.ReportManager&amp#27;[m : Successfully created attachment "API Request - Specifications"
2023-01-22 15:44:24.536 &amp#27;[32m INFO&amp#27;[m &amp#27;[35m[@503 - main]&amp#27;[m &amp#27;[36mcom.shaft.tools.io.ReportManager&amp#27;[m : Successfully created attachment "API Response - JSON Body"
2023-01-22 15:44:24.538 &amp#27;[32m INFO&amp#27;[m &amp#27;[35m[@503 - main]&amp#27;[m &amp#27;[36mcom.shaft.tools.io.ReportManager&amp#27;[m : File Action "DoesFileExist" successfully performed. With the following test data "File Path: "Schemas/InvalidTokenRequest_Unauthorized_schema.json"".
2023-01-22 15:44:24.538 &amp#27;[32m INFO&amp#27;[m &amp#27;[35m[@503 - main]&amp#27;[m &amp#27;[36mcom.shaft.tools.io.ReportManager&amp#27;[m : File Action "DoesFileExist" successfully performed. With the following test data "File Path: "src/test/resources/testDataFiles/Schemas/InvalidTokenRequest_Unauthorized_schema.json"".
2023-01-22 15:44:24.538 &amp#27;[32m INFO&amp#27;[m &amp#27;[35m[@503 - main]&amp#27;[m &amp#27;[36mcom.shaft.tools.io.ReportManager&amp#27;[m : File Action "GetAbsolutePath" successfully performed. With the following test data "Relative Folder Path: "src/test/resources/testDataFiles/Schemas/InvalidTokenRequest_Unauthorized_schema.json"".
2023-01-22 15:44:24.540 &amp#27;[32m INFO&amp#27;[m &amp#27;[35m[@503 - main]&amp#27;[m &amp#27;[36mcom.shaft.tools.io.ReportManager&amp#27;[m : File Action "DoesFileExist" successfully performed. With the following test data "File Path: "C:\eclipse-workspace\MyProjects\TASystemsAPIs\src\test\resources\testDataFiles\Schemas\InvalidTokenRequest_Unauthorized_schema.json"".
2023-01-22 15:44:24.540 &amp#27;[32m INFO&amp#27;[m &amp#27;[35m[@503 - main]&amp#27;[m &amp#27;[36mcom.shaft.tools.io.ReportManager&amp#27;[m : File Action "GetAbsolutePath" successfully performed. With the following test data "Relative Folder Path: "C:\eclipse-workspace\MyProjects\TASystemsAPIs\src\test\resources\testDataFiles\Schemas\InvalidTokenRequest_Unauthorized_schema.json"".
2023-01-22 15:44:24.540 &amp#27;[32m INFO&amp#27;[m &amp#27;[35m[@503 - main]&amp#27;[m &amp#27;[36mcom.shaft.tools.io.ReportManager&amp#27;[m : File Action "ReadFile" successfully performed. With the following test data "File Path: "C:\eclipse-workspace\MyProjects\TASystemsAPIs\src\test\resources\testDataFiles\Schemas\InvalidTokenRequest_Unauthorized_schema.json"".
2023-01-22 15:44:24.541 &amp#27;[32m INFO&amp#27;[m &amp#27;[35m[@503 - main]&amp#27;[m &amp#27;[36mcom.shaft.tools.io.ReportManager&amp#27;[m : Successfully created attachment "Validation Test Data - Expected JSON Value"
2023-01-22 15:44:24.544 &amp#27;[32m INFO&amp#27;[m &amp#27;[35m[@503 - main]&amp#27;[m &amp#27;[36mcom.shaft.tools.io.ReportManager&amp#27;[m : Successfully created attachment "Validation Test Data - Actual JSON Value"
2023-01-22 15:44:24.544 &amp#27;[32m INFO&amp#27;[m &amp#27;[35m[@503 - main]&amp#27;[m &amp#27;[36mcom.shaft.tools.io.ReportManager&amp#27;[m : Successfully created attachment "SHAFT Engine Logs - Current Method log: InValid_Get_Tax_Policy_With_Missing_Token_TC"
]]></system-out>
  </testcase>
  <testcase name="InValid_Get_Tax_Policy_With_Missing_Token_TC[[Ljava.lang.Object;@67c59e7e](2)" classname="SteeringCompanyAPI_TestCases.Test_Policies_Cases" time="0.551">
    <system-out><![CDATA[2023-01-22 15:44:24.547 &amp#27;[32m INFO&amp#27;[m &amp#27;[35m[@534 - main]&amp#27;[m &amp#27;[36mcom.shaft.tools.io.ReportManager&amp#27;[m : 
################################################################################################################################################
Starting Execution:	"162 out of 70" test cases in the current suite
Test Method:		"SteeringCompanyAPI_TestCases.Test_Policies_Cases.InValid_Get_Tax_Policy_With_Missing_Token_TC"
Test Description:	"TC042 -Policy- Perform Get Tax Policy With Missing Token"
################################################################################################################################################
2023-01-22 15:44:24.547 &amp#27;[32m INFO&amp#27;[m &amp#27;[35m[@503 - main]&amp#27;[m &amp#27;[36mcom.shaft.tools.io.ReportManager&amp#27;[m : File Action "DoesFileExist" successfully performed. With the following test data "File Path: "SteeringCompanyAPI_TestData/SteeringCompanyAPI_TestData.xlsx"".
2023-01-22 15:44:24.570 &amp#27;[32m INFO&amp#27;[m &amp#27;[35m[@503 - main]&amp#27;[m &amp#27;[36mcom.shaft.tools.io.ReportManager&amp#27;[m : Successfully created attachment "Test Data - Excel"
2023-01-22 15:44:24.570 &amp#27;[32m INFO&amp#27;[m &amp#27;[35m[@503 - main]&amp#27;[m &amp#27;[36mcom.shaft.tools.io.ReportManager&amp#27;[m : File Action "DoesFileExist" successfully performed. With the following test data "File Path: "SteeringCompanyAPI_TestData/SteeringCompanyAPI_TestData.xlsx"".
2023-01-22 15:44:24.592 &amp#27;[32m INFO&amp#27;[m &amp#27;[35m[@503 - main]&amp#27;[m &amp#27;[36mcom.shaft.tools.io.ReportManager&amp#27;[m : Successfully created attachment "Test Data - Excel"
2023-01-22 15:44:24.592 &amp#27;[32m INFO&amp#27;[m &amp#27;[35m[@503 - main]&amp#27;[m &amp#27;[36mcom.shaft.tools.io.ReportManager&amp#27;[m : File Action "DoesFileExist" successfully performed. With the following test data "File Path: "SteeringCompanyAPI_TestData/SteeringCompanyAPI_TestData.xlsx"".
2023-01-22 15:44:24.621 &amp#27;[32m INFO&amp#27;[m &amp#27;[35m[@503 - main]&amp#27;[m &amp#27;[36mcom.shaft.tools.io.ReportManager&amp#27;[m : Successfully created attachment "Test Data - Excel"
2023-01-22 15:44:25.074 &amp#27;[32m INFO&amp#27;[m &amp#27;[35m[@503 - main]&amp#27;[m &amp#27;[36mcom.shaft.tools.io.ReportManager&amp#27;[m : Response status code: "401", status line: "HTTP/1.1 401 "
2023-01-22 15:44:25.086 &amp#27;[32m INFO&amp#27;[m &amp#27;[35m[@503 - main]&amp#27;[m &amp#27;[36mcom.shaft.tools.io.ReportManager&amp#27;[m : Successfully created attachment "API Request - Specifications"
2023-01-22 15:44:25.089 &amp#27;[32m INFO&amp#27;[m &amp#27;[35m[@503 - main]&amp#27;[m &amp#27;[36mcom.shaft.tools.io.ReportManager&amp#27;[m : Successfully created attachment "API Response - JSON Body"
2023-01-22 15:44:25.090 &amp#27;[32m INFO&amp#27;[m &amp#27;[35m[@503 - main]&amp#27;[m &amp#27;[36mcom.shaft.tools.io.ReportManager&amp#27;[m : File Action "DoesFileExist" successfully performed. With the following test data "File Path: "Schemas/InvalidTokenRequest_Unauthorized_schema.json"".
2023-01-22 15:44:25.090 &amp#27;[32m INFO&amp#27;[m &amp#27;[35m[@503 - main]&amp#27;[m &amp#27;[36mcom.shaft.tools.io.ReportManager&amp#27;[m : File Action "DoesFileExist" successfully performed. With the following test data "File Path: "src/test/resources/testDataFiles/Schemas/InvalidTokenRequest_Unauthorized_schema.json"".
2023-01-22 15:44:25.090 &amp#27;[32m INFO&amp#27;[m &amp#27;[35m[@503 - main]&amp#27;[m &amp#27;[36mcom.shaft.tools.io.ReportManager&amp#27;[m : File Action "GetAbsolutePath" successfully performed. With the following test data "Relative Folder Path: "src/test/resources/testDataFiles/Schemas/InvalidTokenRequest_Unauthorized_schema.json"".
2023-01-22 15:44:25.092 &amp#27;[32m INFO&amp#27;[m &amp#27;[35m[@503 - main]&amp#27;[m &amp#27;[36mcom.shaft.tools.io.ReportManager&amp#27;[m : File Action "DoesFileExist" successfully performed. With the following test data "File Path: "C:\eclipse-workspace\MyProjects\TASystemsAPIs\src\test\resources\testDataFiles\Schemas\InvalidTokenRequest_Unauthorized_schema.json"".
2023-01-22 15:44:25.093 &amp#27;[32m INFO&amp#27;[m &amp#27;[35m[@503 - main]&amp#27;[m &amp#27;[36mcom.shaft.tools.io.ReportManager&amp#27;[m : File Action "GetAbsolutePath" successfully performed. With the following test data "Relative Folder Path: "C:\eclipse-workspace\MyProjects\TASystemsAPIs\src\test\resources\testDataFiles\Schemas\InvalidTokenRequest_Unauthorized_schema.json"".
2023-01-22 15:44:25.093 &amp#27;[32m INFO&amp#27;[m &amp#27;[35m[@503 - main]&amp#27;[m &amp#27;[36mcom.shaft.tools.io.ReportManager&amp#27;[m : File Action "ReadFile" successfully performed. With the following test data "File Path: "C:\eclipse-workspace\MyProjects\TASystemsAPIs\src\test\resources\testDataFiles\Schemas\InvalidTokenRequest_Unauthorized_schema.json"".
2023-01-22 15:44:25.095 &amp#27;[32m INFO&amp#27;[m &amp#27;[35m[@503 - main]&amp#27;[m &amp#27;[36mcom.shaft.tools.io.ReportManager&amp#27;[m : Successfully created attachment "Validation Test Data - Expected JSON Value"
2023-01-22 15:44:25.095 &amp#27;[32m INFO&amp#27;[m &amp#27;[35m[@503 - main]&amp#27;[m &amp#27;[36mcom.shaft.tools.io.ReportManager&amp#27;[m : Successfully created attachment "Validation Test Data - Actual JSON Value"
2023-01-22 15:44:25.096 &amp#27;[32m INFO&amp#27;[m &amp#27;[35m[@503 - main]&amp#27;[m &amp#27;[36mcom.shaft.tools.io.ReportManager&amp#27;[m : Successfully created attachment "SHAFT Engine Logs - Current Method log: InValid_Get_Tax_Policy_With_Missing_Token_TC"
]]></system-out>
  </testcase>
  <testcase name="InValid_Get_Usage_Policy_With_InValid_Token_TC[[Ljava.lang.Object;@57f5ce28](1)" classname="SteeringCompanyAPI_TestCases.Test_Policies_Cases" time="0.521">
    <system-out><![CDATA[2023-01-22 15:44:25.100 &amp#27;[32m INFO&amp#27;[m &amp#27;[35m[@534 - main]&amp#27;[m &amp#27;[36mcom.shaft.tools.io.ReportManager&amp#27;[m : 
################################################################################################################################################
Starting Execution:	"163 out of 70" test cases in the current suite
Test Method:		"SteeringCompanyAPI_TestCases.Test_Policies_Cases.InValid_Get_Usage_Policy_With_InValid_Token_TC"
Test Description:	"TC045 -Policy- Perform Get Usage Policy With InValid/Expired Token"
################################################################################################################################################
2023-01-22 15:44:25.101 &amp#27;[32m INFO&amp#27;[m &amp#27;[35m[@503 - main]&amp#27;[m &amp#27;[36mcom.shaft.tools.io.ReportManager&amp#27;[m : File Action "DoesFileExist" successfully performed. With the following test data "File Path: "SteeringCompanyAPI_TestData/SteeringCompanyAPI_TestData.xlsx"".
2023-01-22 15:44:25.121 &amp#27;[32m INFO&amp#27;[m &amp#27;[35m[@503 - main]&amp#27;[m &amp#27;[36mcom.shaft.tools.io.ReportManager&amp#27;[m : Successfully created attachment "Test Data - Excel"
2023-01-22 15:44:25.121 &amp#27;[32m INFO&amp#27;[m &amp#27;[35m[@503 - main]&amp#27;[m &amp#27;[36mcom.shaft.tools.io.ReportManager&amp#27;[m : File Action "DoesFileExist" successfully performed. With the following test data "File Path: "SteeringCompanyAPI_TestData/SteeringCompanyAPI_TestData.xlsx"".
2023-01-22 15:44:25.143 &amp#27;[32m INFO&amp#27;[m &amp#27;[35m[@503 - main]&amp#27;[m &amp#27;[36mcom.shaft.tools.io.ReportManager&amp#27;[m : Successfully created attachment "Test Data - Excel"
2023-01-22 15:44:25.143 &amp#27;[32m INFO&amp#27;[m &amp#27;[35m[@503 - main]&amp#27;[m &amp#27;[36mcom.shaft.tools.io.ReportManager&amp#27;[m : File Action "DoesFileExist" successfully performed. With the following test data "File Path: "SteeringCompanyAPI_TestData/SteeringCompanyAPI_TestData.xlsx"".
2023-01-22 15:44:25.165 &amp#27;[32m INFO&amp#27;[m &amp#27;[35m[@503 - main]&amp#27;[m &amp#27;[36mcom.shaft.tools.io.ReportManager&amp#27;[m : Successfully created attachment "Test Data - Excel"
2023-01-22 15:44:25.618 &amp#27;[32m INFO&amp#27;[m &amp#27;[35m[@503 - main]&amp#27;[m &amp#27;[36mcom.shaft.tools.io.ReportManager&amp#27;[m : Response status code: "401", status line: "HTTP/1.1 401 "
2023-01-22 15:44:25.619 &amp#27;[32m INFO&amp#27;[m &amp#27;[35m[@503 - main]&amp#27;[m &amp#27;[36mcom.shaft.tools.io.ReportManager&amp#27;[m : Successfully created attachment "API Request - Specifications"
2023-01-22 15:44:25.620 &amp#27;[32m INFO&amp#27;[m &amp#27;[35m[@503 - main]&amp#27;[m &amp#27;[36mcom.shaft.tools.io.ReportManager&amp#27;[m : Successfully created attachment "API Response - JSON Body"
2023-01-22 15:44:25.620 &amp#27;[32m INFO&amp#27;[m &amp#27;[35m[@503 - main]&amp#27;[m &amp#27;[36mcom.shaft.tools.io.ReportManager&amp#27;[m : Successfully created attachment "SHAFT Engine Logs - Current Method log: InValid_Get_Usage_Policy_With_InValid_Token_TC"
]]></system-out>
  </testcase>
  <testcase name="InValid_Get_Usage_Policy_With_InValid_Token_TC[[Ljava.lang.Object;@1dd911b](2)" classname="SteeringCompanyAPI_TestCases.Test_Policies_Cases" time="0.539">
    <system-out><![CDATA[2023-01-22 15:44:25.624 &amp#27;[32m INFO&amp#27;[m &amp#27;[35m[@534 - main]&amp#27;[m &amp#27;[36mcom.shaft.tools.io.ReportManager&amp#27;[m : 
################################################################################################################################################
Starting Execution:	"164 out of 70" test cases in the current suite
Test Method:		"SteeringCompanyAPI_TestCases.Test_Policies_Cases.InValid_Get_Usage_Policy_With_InValid_Token_TC"
Test Description:	"TC045 -Policy- Perform Get Usage Policy With InValid/Expired Token"
################################################################################################################################################
2023-01-22 15:44:25.624 &amp#27;[32m INFO&amp#27;[m &amp#27;[35m[@503 - main]&amp#27;[m &amp#27;[36mcom.shaft.tools.io.ReportManager&amp#27;[m : File Action "DoesFileExist" successfully performed. With the following test data "File Path: "SteeringCompanyAPI_TestData/SteeringCompanyAPI_TestData.xlsx"".
2023-01-22 15:44:25.653 &amp#27;[32m INFO&amp#27;[m &amp#27;[35m[@503 - main]&amp#27;[m &amp#27;[36mcom.shaft.tools.io.ReportManager&amp#27;[m : Successfully created attachment "Test Data - Excel"
2023-01-22 15:44:25.653 &amp#27;[32m INFO&amp#27;[m &amp#27;[35m[@503 - main]&amp#27;[m &amp#27;[36mcom.shaft.tools.io.ReportManager&amp#27;[m : File Action "DoesFileExist" successfully performed. With the following test data "File Path: "SteeringCompanyAPI_TestData/SteeringCompanyAPI_TestData.xlsx"".
2023-01-22 15:44:25.676 &amp#27;[32m INFO&amp#27;[m &amp#27;[35m[@503 - main]&amp#27;[m &amp#27;[36mcom.shaft.tools.io.ReportManager&amp#27;[m : Successfully created attachment "Test Data - Excel"
2023-01-22 15:44:25.676 &amp#27;[32m INFO&amp#27;[m &amp#27;[35m[@503 - main]&amp#27;[m &amp#27;[36mcom.shaft.tools.io.ReportManager&amp#27;[m : File Action "DoesFileExist" successfully performed. With the following test data "File Path: "SteeringCompanyAPI_TestData/SteeringCompanyAPI_TestData.xlsx"".
2023-01-22 15:44:25.701 &amp#27;[32m INFO&amp#27;[m &amp#27;[35m[@503 - main]&amp#27;[m &amp#27;[36mcom.shaft.tools.io.ReportManager&amp#27;[m : Successfully created attachment "Test Data - Excel"
2023-01-22 15:44:26.150 &amp#27;[32m INFO&amp#27;[m &amp#27;[35m[@503 - main]&amp#27;[m &amp#27;[36mcom.shaft.tools.io.ReportManager&amp#27;[m : Response status code: "401", status line: "HTTP/1.1 401 "
2023-01-22 15:44:26.157 &amp#27;[32m INFO&amp#27;[m &amp#27;[35m[@503 - main]&amp#27;[m &amp#27;[36mcom.shaft.tools.io.ReportManager&amp#27;[m : Successfully created attachment "API Request - Specifications"
2023-01-22 15:44:26.158 &amp#27;[32m INFO&amp#27;[m &amp#27;[35m[@503 - main]&amp#27;[m &amp#27;[36mcom.shaft.tools.io.ReportManager&amp#27;[m : Successfully created attachment "API Response - JSON Body"
2023-01-22 15:44:26.159 &amp#27;[32m INFO&amp#27;[m &amp#27;[35m[@503 - main]&amp#27;[m &amp#27;[36mcom.shaft.tools.io.ReportManager&amp#27;[m : Successfully created attachment "SHAFT Engine Logs - Current Method log: InValid_Get_Usage_Policy_With_InValid_Token_TC"
]]></system-out>
  </testcase>
  <testcase name="InValid_Get_Usage_Policy_With_Missing_Token_TC[[Ljava.lang.Object;@10124edb](1)" classname="SteeringCompanyAPI_TestCases.Test_Policies_Cases" time="0.561">
    <system-out><![CDATA[2023-01-22 15:44:26.163 &amp#27;[32m INFO&amp#27;[m &amp#27;[35m[@534 - main]&amp#27;[m &amp#27;[36mcom.shaft.tools.io.ReportManager&amp#27;[m : 
################################################################################################################################################
Starting Execution:	"165 out of 70" test cases in the current suite
Test Method:		"SteeringCompanyAPI_TestCases.Test_Policies_Cases.InValid_Get_Usage_Policy_With_Missing_Token_TC"
Test Description:	"TC044 -Policy- Perform Get Usage Policy With Missing Token"
################################################################################################################################################
2023-01-22 15:44:26.163 &amp#27;[32m INFO&amp#27;[m &amp#27;[35m[@503 - main]&amp#27;[m &amp#27;[36mcom.shaft.tools.io.ReportManager&amp#27;[m : File Action "DoesFileExist" successfully performed. With the following test data "File Path: "SteeringCompanyAPI_TestData/SteeringCompanyAPI_TestData.xlsx"".
2023-01-22 15:44:26.186 &amp#27;[32m INFO&amp#27;[m &amp#27;[35m[@503 - main]&amp#27;[m &amp#27;[36mcom.shaft.tools.io.ReportManager&amp#27;[m : Successfully created attachment "Test Data - Excel"
2023-01-22 15:44:26.186 &amp#27;[32m INFO&amp#27;[m &amp#27;[35m[@503 - main]&amp#27;[m &amp#27;[36mcom.shaft.tools.io.ReportManager&amp#27;[m : File Action "DoesFileExist" successfully performed. With the following test data "File Path: "SteeringCompanyAPI_TestData/SteeringCompanyAPI_TestData.xlsx"".
2023-01-22 15:44:26.211 &amp#27;[32m INFO&amp#27;[m &amp#27;[35m[@503 - main]&amp#27;[m &amp#27;[36mcom.shaft.tools.io.ReportManager&amp#27;[m : Successfully created attachment "Test Data - Excel"
2023-01-22 15:44:26.211 &amp#27;[32m INFO&amp#27;[m &amp#27;[35m[@503 - main]&amp#27;[m &amp#27;[36mcom.shaft.tools.io.ReportManager&amp#27;[m : File Action "DoesFileExist" successfully performed. With the following test data "File Path: "SteeringCompanyAPI_TestData/SteeringCompanyAPI_TestData.xlsx"".
2023-01-22 15:44:26.233 &amp#27;[32m INFO&amp#27;[m &amp#27;[35m[@503 - main]&amp#27;[m &amp#27;[36mcom.shaft.tools.io.ReportManager&amp#27;[m : Successfully created attachment "Test Data - Excel"
2023-01-22 15:44:26.692 &amp#27;[32m INFO&amp#27;[m &amp#27;[35m[@503 - main]&amp#27;[m &amp#27;[36mcom.shaft.tools.io.ReportManager&amp#27;[m : Response status code: "401", status line: "HTTP/1.1 401 "
2023-01-22 15:44:26.710 &amp#27;[32m INFO&amp#27;[m &amp#27;[35m[@503 - main]&amp#27;[m &amp#27;[36mcom.shaft.tools.io.ReportManager&amp#27;[m : Successfully created attachment "API Request - Specifications"
2023-01-22 15:44:26.712 &amp#27;[32m INFO&amp#27;[m &amp#27;[35m[@503 - main]&amp#27;[m &amp#27;[36mcom.shaft.tools.io.ReportManager&amp#27;[m : Successfully created attachment "API Response - JSON Body"
2023-01-22 15:44:26.714 &amp#27;[32m INFO&amp#27;[m &amp#27;[35m[@503 - main]&amp#27;[m &amp#27;[36mcom.shaft.tools.io.ReportManager&amp#27;[m : File Action "DoesFileExist" successfully performed. With the following test data "File Path: "Schemas/InvalidTokenRequest_Unauthorized_schema.json"".
2023-01-22 15:44:26.714 &amp#27;[32m INFO&amp#27;[m &amp#27;[35m[@503 - main]&amp#27;[m &amp#27;[36mcom.shaft.tools.io.ReportManager&amp#27;[m : File Action "DoesFileExist" successfully performed. With the following test data "File Path: "src/test/resources/testDataFiles/Schemas/InvalidTokenRequest_Unauthorized_schema.json"".
2023-01-22 15:44:26.714 &amp#27;[32m INFO&amp#27;[m &amp#27;[35m[@503 - main]&amp#27;[m &amp#27;[36mcom.shaft.tools.io.ReportManager&amp#27;[m : File Action "GetAbsolutePath" successfully performed. With the following test data "Relative Folder Path: "src/test/resources/testDataFiles/Schemas/InvalidTokenRequest_Unauthorized_schema.json"".
2023-01-22 15:44:26.716 &amp#27;[32m INFO&amp#27;[m &amp#27;[35m[@503 - main]&amp#27;[m &amp#27;[36mcom.shaft.tools.io.ReportManager&amp#27;[m : File Action "DoesFileExist" successfully performed. With the following test data "File Path: "C:\eclipse-workspace\MyProjects\TASystemsAPIs\src\test\resources\testDataFiles\Schemas\InvalidTokenRequest_Unauthorized_schema.json"".
2023-01-22 15:44:26.716 &amp#27;[32m INFO&amp#27;[m &amp#27;[35m[@503 - main]&amp#27;[m &amp#27;[36mcom.shaft.tools.io.ReportManager&amp#27;[m : File Action "GetAbsolutePath" successfully performed. With the following test data "Relative Folder Path: "C:\eclipse-workspace\MyProjects\TASystemsAPIs\src\test\resources\testDataFiles\Schemas\InvalidTokenRequest_Unauthorized_schema.json"".
2023-01-22 15:44:26.717 &amp#27;[32m INFO&amp#27;[m &amp#27;[35m[@503 - main]&amp#27;[m &amp#27;[36mcom.shaft.tools.io.ReportManager&amp#27;[m : File Action "ReadFile" successfully performed. With the following test data "File Path: "C:\eclipse-workspace\MyProjects\TASystemsAPIs\src\test\resources\testDataFiles\Schemas\InvalidTokenRequest_Unauthorized_schema.json"".
2023-01-22 15:44:26.718 &amp#27;[32m INFO&amp#27;[m &amp#27;[35m[@503 - main]&amp#27;[m &amp#27;[36mcom.shaft.tools.io.ReportManager&amp#27;[m : Successfully created attachment "Validation Test Data - Expected JSON Value"
2023-01-22 15:44:26.719 &amp#27;[32m INFO&amp#27;[m &amp#27;[35m[@503 - main]&amp#27;[m &amp#27;[36mcom.shaft.tools.io.ReportManager&amp#27;[m : Successfully created attachment "Validation Test Data - Actual JSON Value"
2023-01-22 15:44:26.721 &amp#27;[32m INFO&amp#27;[m &amp#27;[35m[@503 - main]&amp#27;[m &amp#27;[36mcom.shaft.tools.io.ReportManager&amp#27;[m : Successfully created attachment "SHAFT Engine Logs - Current Method log: InValid_Get_Usage_Policy_With_Missing_Token_TC"
]]></system-out>
  </testcase>
  <testcase name="InValid_Get_Usage_Policy_With_Missing_Token_TC[[Ljava.lang.Object;@2b74cd81](2)" classname="SteeringCompanyAPI_TestCases.Test_Policies_Cases" time="0.544">
    <system-out><![CDATA[2023-01-22 15:44:26.723 &amp#27;[32m INFO&amp#27;[m &amp#27;[35m[@534 - main]&amp#27;[m &amp#27;[36mcom.shaft.tools.io.ReportManager&amp#27;[m : 
################################################################################################################################################
Starting Execution:	"166 out of 70" test cases in the current suite
Test Method:		"SteeringCompanyAPI_TestCases.Test_Policies_Cases.InValid_Get_Usage_Policy_With_Missing_Token_TC"
Test Description:	"TC044 -Policy- Perform Get Usage Policy With Missing Token"
################################################################################################################################################
2023-01-22 15:44:26.724 &amp#27;[32m INFO&amp#27;[m &amp#27;[35m[@503 - main]&amp#27;[m &amp#27;[36mcom.shaft.tools.io.ReportManager&amp#27;[m : File Action "DoesFileExist" successfully performed. With the following test data "File Path: "SteeringCompanyAPI_TestData/SteeringCompanyAPI_TestData.xlsx"".
2023-01-22 15:44:26.745 &amp#27;[32m INFO&amp#27;[m &amp#27;[35m[@503 - main]&amp#27;[m &amp#27;[36mcom.shaft.tools.io.ReportManager&amp#27;[m : Successfully created attachment "Test Data - Excel"
2023-01-22 15:44:26.745 &amp#27;[32m INFO&amp#27;[m &amp#27;[35m[@503 - main]&amp#27;[m &amp#27;[36mcom.shaft.tools.io.ReportManager&amp#27;[m : File Action "DoesFileExist" successfully performed. With the following test data "File Path: "SteeringCompanyAPI_TestData/SteeringCompanyAPI_TestData.xlsx"".
2023-01-22 15:44:26.767 &amp#27;[32m INFO&amp#27;[m &amp#27;[35m[@503 - main]&amp#27;[m &amp#27;[36mcom.shaft.tools.io.ReportManager&amp#27;[m : Successfully created attachment "Test Data - Excel"
2023-01-22 15:44:26.767 &amp#27;[32m INFO&amp#27;[m &amp#27;[35m[@503 - main]&amp#27;[m &amp#27;[36mcom.shaft.tools.io.ReportManager&amp#27;[m : File Action "DoesFileExist" successfully performed. With the following test data "File Path: "SteeringCompanyAPI_TestData/SteeringCompanyAPI_TestData.xlsx"".
2023-01-22 15:44:26.794 &amp#27;[32m INFO&amp#27;[m &amp#27;[35m[@503 - main]&amp#27;[m &amp#27;[36mcom.shaft.tools.io.ReportManager&amp#27;[m : Successfully created attachment "Test Data - Excel"
2023-01-22 15:44:27.247 &amp#27;[32m INFO&amp#27;[m &amp#27;[35m[@503 - main]&amp#27;[m &amp#27;[36mcom.shaft.tools.io.ReportManager&amp#27;[m : Response status code: "401", status line: "HTTP/1.1 401 "
2023-01-22 15:44:27.258 &amp#27;[32m INFO&amp#27;[m &amp#27;[35m[@503 - main]&amp#27;[m &amp#27;[36mcom.shaft.tools.io.ReportManager&amp#27;[m : Successfully created attachment "API Request - Specifications"
2023-01-22 15:44:27.259 &amp#27;[32m INFO&amp#27;[m &amp#27;[35m[@503 - main]&amp#27;[m &amp#27;[36mcom.shaft.tools.io.ReportManager&amp#27;[m : Successfully created attachment "API Response - JSON Body"
2023-01-22 15:44:27.260 &amp#27;[32m INFO&amp#27;[m &amp#27;[35m[@503 - main]&amp#27;[m &amp#27;[36mcom.shaft.tools.io.ReportManager&amp#27;[m : File Action "DoesFileExist" successfully performed. With the following test data "File Path: "Schemas/InvalidTokenRequest_Unauthorized_schema.json"".
2023-01-22 15:44:27.260 &amp#27;[32m INFO&amp#27;[m &amp#27;[35m[@503 - main]&amp#27;[m &amp#27;[36mcom.shaft.tools.io.ReportManager&amp#27;[m : File Action "DoesFileExist" successfully performed. With the following test data "File Path: "src/test/resources/testDataFiles/Schemas/InvalidTokenRequest_Unauthorized_schema.json"".
2023-01-22 15:44:27.260 &amp#27;[32m INFO&amp#27;[m &amp#27;[35m[@503 - main]&amp#27;[m &amp#27;[36mcom.shaft.tools.io.ReportManager&amp#27;[m : File Action "GetAbsolutePath" successfully performed. With the following test data "Relative Folder Path: "src/test/resources/testDataFiles/Schemas/InvalidTokenRequest_Unauthorized_schema.json"".
2023-01-22 15:44:27.261 &amp#27;[32m INFO&amp#27;[m &amp#27;[35m[@503 - main]&amp#27;[m &amp#27;[36mcom.shaft.tools.io.ReportManager&amp#27;[m : File Action "DoesFileExist" successfully performed. With the following test data "File Path: "C:\eclipse-workspace\MyProjects\TASystemsAPIs\src\test\resources\testDataFiles\Schemas\InvalidTokenRequest_Unauthorized_schema.json"".
2023-01-22 15:44:27.261 &amp#27;[32m INFO&amp#27;[m &amp#27;[35m[@503 - main]&amp#27;[m &amp#27;[36mcom.shaft.tools.io.ReportManager&amp#27;[m : File Action "GetAbsolutePath" successfully performed. With the following test data "Relative Folder Path: "C:\eclipse-workspace\MyProjects\TASystemsAPIs\src\test\resources\testDataFiles\Schemas\InvalidTokenRequest_Unauthorized_schema.json"".
2023-01-22 15:44:27.261 &amp#27;[32m INFO&amp#27;[m &amp#27;[35m[@503 - main]&amp#27;[m &amp#27;[36mcom.shaft.tools.io.ReportManager&amp#27;[m : File Action "ReadFile" successfully performed. With the following test data "File Path: "C:\eclipse-workspace\MyProjects\TASystemsAPIs\src\test\resources\testDataFiles\Schemas\InvalidTokenRequest_Unauthorized_schema.json"".
2023-01-22 15:44:27.264 &amp#27;[32m INFO&amp#27;[m &amp#27;[35m[@503 - main]&amp#27;[m &amp#27;[36mcom.shaft.tools.io.ReportManager&amp#27;[m : Successfully created attachment "Validation Test Data - Expected JSON Value"
2023-01-22 15:44:27.264 &amp#27;[32m INFO&amp#27;[m &amp#27;[35m[@503 - main]&amp#27;[m &amp#27;[36mcom.shaft.tools.io.ReportManager&amp#27;[m : Successfully created attachment "Validation Test Data - Actual JSON Value"
2023-01-22 15:44:27.265 &amp#27;[32m INFO&amp#27;[m &amp#27;[35m[@503 - main]&amp#27;[m &amp#27;[36mcom.shaft.tools.io.ReportManager&amp#27;[m : Successfully created attachment "SHAFT Engine Logs - Current Method log: InValid_Get_Usage_Policy_With_Missing_Token_TC"
]]></system-out>
  </testcase>
  <testcase name="InValid_Update_Cancel_Policy_With_Invalid_Token_TC[[Ljava.lang.Object;@600c6e1f](1)" classname="SteeringCompanyAPI_TestCases.Test_Policies_Cases" time="0.532">
    <system-out><![CDATA[2023-01-22 15:44:27.270 &amp#27;[32m INFO&amp#27;[m &amp#27;[35m[@534 - main]&amp#27;[m &amp#27;[36mcom.shaft.tools.io.ReportManager&amp#27;[m : 
################################################################################################################################################
Starting Execution:	"167 out of 70" test cases in the current suite
Test Method:		"SteeringCompanyAPI_TestCases.Test_Policies_Cases.InValid_Update_Cancel_Policy_With_Invalid_Token_TC"
Test Description:	"TC031 -Policy- Perform Update Cancel Policy with Invalid/Expired Token"
################################################################################################################################################
2023-01-22 15:44:27.271 &amp#27;[32m INFO&amp#27;[m &amp#27;[35m[@503 - main]&amp#27;[m &amp#27;[36mcom.shaft.tools.io.ReportManager&amp#27;[m : File Action "DoesFileExist" successfully performed. With the following test data "File Path: "SteeringCompanyAPI_TestData/SteeringCompanyAPI_TestData.xlsx"".
2023-01-22 15:44:27.294 &amp#27;[32m INFO&amp#27;[m &amp#27;[35m[@503 - main]&amp#27;[m &amp#27;[36mcom.shaft.tools.io.ReportManager&amp#27;[m : Successfully created attachment "Test Data - Excel"
2023-01-22 15:44:27.294 &amp#27;[32m INFO&amp#27;[m &amp#27;[35m[@503 - main]&amp#27;[m &amp#27;[36mcom.shaft.tools.io.ReportManager&amp#27;[m : File Action "DoesFileExist" successfully performed. With the following test data "File Path: "SteeringCompanyAPI_TestData/SteeringCompanyAPI_TestData.xlsx"".
2023-01-22 15:44:27.318 &amp#27;[32m INFO&amp#27;[m &amp#27;[35m[@503 - main]&amp#27;[m &amp#27;[36mcom.shaft.tools.io.ReportManager&amp#27;[m : Successfully created attachment "Test Data - Excel"
2023-01-22 15:44:27.318 &amp#27;[32m INFO&amp#27;[m &amp#27;[35m[@503 - main]&amp#27;[m &amp#27;[36mcom.shaft.tools.io.ReportManager&amp#27;[m : File Action "DoesFileExist" successfully performed. With the following test data "File Path: "SteeringCompanyAPI_TestData/SteeringCompanyAPI_TestData.xlsx"".
2023-01-22 15:44:27.346 &amp#27;[32m INFO&amp#27;[m &amp#27;[35m[@503 - main]&amp#27;[m &amp#27;[36mcom.shaft.tools.io.ReportManager&amp#27;[m : Successfully created attachment "Test Data - Excel"
2023-01-22 15:44:27.796 &amp#27;[32m INFO&amp#27;[m &amp#27;[35m[@503 - main]&amp#27;[m &amp#27;[36mcom.shaft.tools.io.ReportManager&amp#27;[m : Response status code: "401", status line: "HTTP/1.1 401 "
2023-01-22 15:44:27.797 &amp#27;[32m INFO&amp#27;[m &amp#27;[35m[@503 - main]&amp#27;[m &amp#27;[36mcom.shaft.tools.io.ReportManager&amp#27;[m : Successfully created attachment "API Request - Specifications"
2023-01-22 15:44:27.798 &amp#27;[32m INFO&amp#27;[m &amp#27;[35m[@503 - main]&amp#27;[m &amp#27;[36mcom.shaft.tools.io.ReportManager&amp#27;[m : Successfully created attachment "API Request - JSON Body"
2023-01-22 15:44:27.798 &amp#27;[32m INFO&amp#27;[m &amp#27;[35m[@503 - main]&amp#27;[m &amp#27;[36mcom.shaft.tools.io.ReportManager&amp#27;[m : Successfully created attachment "API Response - JSON Body"
2023-01-22 15:44:27.801 &amp#27;[32m INFO&amp#27;[m &amp#27;[35m[@503 - main]&amp#27;[m &amp#27;[36mcom.shaft.tools.io.ReportManager&amp#27;[m : Successfully created attachment "SHAFT Engine Logs - Current Method log: InValid_Update_Cancel_Policy_With_Invalid_Token_TC"
]]></system-out>
  </testcase>
  <testcase name="InValid_Update_Cancel_Policy_With_Invalid_Token_TC[[Ljava.lang.Object;@19b225a1](2)" classname="SteeringCompanyAPI_TestCases.Test_Policies_Cases" time="0.58">
    <system-out><![CDATA[2023-01-22 15:44:27.802 &amp#27;[32m INFO&amp#27;[m &amp#27;[35m[@534 - main]&amp#27;[m &amp#27;[36mcom.shaft.tools.io.ReportManager&amp#27;[m : 
################################################################################################################################################
Starting Execution:	"168 out of 70" test cases in the current suite
Test Method:		"SteeringCompanyAPI_TestCases.Test_Policies_Cases.InValid_Update_Cancel_Policy_With_Invalid_Token_TC"
Test Description:	"TC031 -Policy- Perform Update Cancel Policy with Invalid/Expired Token"
################################################################################################################################################
2023-01-22 15:44:27.803 &amp#27;[32m INFO&amp#27;[m &amp#27;[35m[@503 - main]&amp#27;[m &amp#27;[36mcom.shaft.tools.io.ReportManager&amp#27;[m : File Action "DoesFileExist" successfully performed. With the following test data "File Path: "SteeringCompanyAPI_TestData/SteeringCompanyAPI_TestData.xlsx"".
2023-01-22 15:44:27.827 &amp#27;[32m INFO&amp#27;[m &amp#27;[35m[@503 - main]&amp#27;[m &amp#27;[36mcom.shaft.tools.io.ReportManager&amp#27;[m : Successfully created attachment "Test Data - Excel"
2023-01-22 15:44:27.827 &amp#27;[32m INFO&amp#27;[m &amp#27;[35m[@503 - main]&amp#27;[m &amp#27;[36mcom.shaft.tools.io.ReportManager&amp#27;[m : File Action "DoesFileExist" successfully performed. With the following test data "File Path: "SteeringCompanyAPI_TestData/SteeringCompanyAPI_TestData.xlsx"".
2023-01-22 15:44:27.848 &amp#27;[32m INFO&amp#27;[m &amp#27;[35m[@503 - main]&amp#27;[m &amp#27;[36mcom.shaft.tools.io.ReportManager&amp#27;[m : Successfully created attachment "Test Data - Excel"
2023-01-22 15:44:27.848 &amp#27;[32m INFO&amp#27;[m &amp#27;[35m[@503 - main]&amp#27;[m &amp#27;[36mcom.shaft.tools.io.ReportManager&amp#27;[m : File Action "DoesFileExist" successfully performed. With the following test data "File Path: "SteeringCompanyAPI_TestData/SteeringCompanyAPI_TestData.xlsx"".
2023-01-22 15:44:27.910 &amp#27;[32m INFO&amp#27;[m &amp#27;[35m[@503 - main]&amp#27;[m &amp#27;[36mcom.shaft.tools.io.ReportManager&amp#27;[m : Successfully created attachment "Test Data - Excel"
2023-01-22 15:44:28.373 &amp#27;[32m INFO&amp#27;[m &amp#27;[35m[@503 - main]&amp#27;[m &amp#27;[36mcom.shaft.tools.io.ReportManager&amp#27;[m : Response status code: "401", status line: "HTTP/1.1 401 "
2023-01-22 15:44:28.374 &amp#27;[32m INFO&amp#27;[m &amp#27;[35m[@503 - main]&amp#27;[m &amp#27;[36mcom.shaft.tools.io.ReportManager&amp#27;[m : Successfully created attachment "API Request - Specifications"
2023-01-22 15:44:28.374 &amp#27;[32m INFO&amp#27;[m &amp#27;[35m[@503 - main]&amp#27;[m &amp#27;[36mcom.shaft.tools.io.ReportManager&amp#27;[m : Successfully created attachment "API Request - JSON Body"
2023-01-22 15:44:28.377 &amp#27;[32m INFO&amp#27;[m &amp#27;[35m[@503 - main]&amp#27;[m &amp#27;[36mcom.shaft.tools.io.ReportManager&amp#27;[m : Successfully created attachment "API Response - JSON Body"
2023-01-22 15:44:28.378 &amp#27;[32m INFO&amp#27;[m &amp#27;[35m[@503 - main]&amp#27;[m &amp#27;[36mcom.shaft.tools.io.ReportManager&amp#27;[m : Successfully created attachment "SHAFT Engine Logs - Current Method log: InValid_Update_Cancel_Policy_With_Invalid_Token_TC"
]]></system-out>
  </testcase>
  <testcase name="InValid_Update_Cancel_Policy_With_Missing_Token_TC[[Ljava.lang.Object;@47375282](1)" classname="SteeringCompanyAPI_TestCases.Test_Policies_Cases" time="0.536">
    <system-out><![CDATA[2023-01-22 15:44:28.386 &amp#27;[32m INFO&amp#27;[m &amp#27;[35m[@534 - main]&amp#27;[m &amp#27;[36mcom.shaft.tools.io.ReportManager&amp#27;[m : 
################################################################################################################################################
Starting Execution:	"169 out of 70" test cases in the current suite
Test Method:		"SteeringCompanyAPI_TestCases.Test_Policies_Cases.InValid_Update_Cancel_Policy_With_Missing_Token_TC"
Test Description:	"TC030 -Policy- Perform Update Cancel Policy with missing Token"
################################################################################################################################################
2023-01-22 15:44:28.386 &amp#27;[32m INFO&amp#27;[m &amp#27;[35m[@503 - main]&amp#27;[m &amp#27;[36mcom.shaft.tools.io.ReportManager&amp#27;[m : File Action "DoesFileExist" successfully performed. With the following test data "File Path: "SteeringCompanyAPI_TestData/SteeringCompanyAPI_TestData.xlsx"".
2023-01-22 15:44:28.408 &amp#27;[32m INFO&amp#27;[m &amp#27;[35m[@503 - main]&amp#27;[m &amp#27;[36mcom.shaft.tools.io.ReportManager&amp#27;[m : Successfully created attachment "Test Data - Excel"
2023-01-22 15:44:28.408 &amp#27;[32m INFO&amp#27;[m &amp#27;[35m[@503 - main]&amp#27;[m &amp#27;[36mcom.shaft.tools.io.ReportManager&amp#27;[m : File Action "DoesFileExist" successfully performed. With the following test data "File Path: "SteeringCompanyAPI_TestData/SteeringCompanyAPI_TestData.xlsx"".
2023-01-22 15:44:28.433 &amp#27;[32m INFO&amp#27;[m &amp#27;[35m[@503 - main]&amp#27;[m &amp#27;[36mcom.shaft.tools.io.ReportManager&amp#27;[m : Successfully created attachment "Test Data - Excel"
2023-01-22 15:44:28.433 &amp#27;[32m INFO&amp#27;[m &amp#27;[35m[@503 - main]&amp#27;[m &amp#27;[36mcom.shaft.tools.io.ReportManager&amp#27;[m : File Action "DoesFileExist" successfully performed. With the following test data "File Path: "SteeringCompanyAPI_TestData/SteeringCompanyAPI_TestData.xlsx"".
2023-01-22 15:44:28.457 &amp#27;[32m INFO&amp#27;[m &amp#27;[35m[@503 - main]&amp#27;[m &amp#27;[36mcom.shaft.tools.io.ReportManager&amp#27;[m : Successfully created attachment "Test Data - Excel"
2023-01-22 15:44:28.901 &amp#27;[32m INFO&amp#27;[m &amp#27;[35m[@503 - main]&amp#27;[m &amp#27;[36mcom.shaft.tools.io.ReportManager&amp#27;[m : Response status code: "401", status line: "HTTP/1.1 401 "
2023-01-22 15:44:28.911 &amp#27;[32m INFO&amp#27;[m &amp#27;[35m[@503 - main]&amp#27;[m &amp#27;[36mcom.shaft.tools.io.ReportManager&amp#27;[m : Successfully created attachment "API Request - Specifications"
2023-01-22 15:44:28.911 &amp#27;[32m INFO&amp#27;[m &amp#27;[35m[@503 - main]&amp#27;[m &amp#27;[36mcom.shaft.tools.io.ReportManager&amp#27;[m : Successfully created attachment "API Request - JSON Body"
2023-01-22 15:44:28.913 &amp#27;[32m INFO&amp#27;[m &amp#27;[35m[@503 - main]&amp#27;[m &amp#27;[36mcom.shaft.tools.io.ReportManager&amp#27;[m : Successfully created attachment "API Response - JSON Body"
2023-01-22 15:44:28.913 &amp#27;[32m INFO&amp#27;[m &amp#27;[35m[@503 - main]&amp#27;[m &amp#27;[36mcom.shaft.tools.io.ReportManager&amp#27;[m : File Action "DoesFileExist" successfully performed. With the following test data "File Path: "Schemas/InvalidTokenRequest_Unauthorized_schema.json"".
2023-01-22 15:44:28.913 &amp#27;[32m INFO&amp#27;[m &amp#27;[35m[@503 - main]&amp#27;[m &amp#27;[36mcom.shaft.tools.io.ReportManager&amp#27;[m : File Action "DoesFileExist" successfully performed. With the following test data "File Path: "src/test/resources/testDataFiles/Schemas/InvalidTokenRequest_Unauthorized_schema.json"".
2023-01-22 15:44:28.914 &amp#27;[32m INFO&amp#27;[m &amp#27;[35m[@503 - main]&amp#27;[m &amp#27;[36mcom.shaft.tools.io.ReportManager&amp#27;[m : File Action "GetAbsolutePath" successfully performed. With the following test data "Relative Folder Path: "src/test/resources/testDataFiles/Schemas/InvalidTokenRequest_Unauthorized_schema.json"".
2023-01-22 15:44:28.915 &amp#27;[32m INFO&amp#27;[m &amp#27;[35m[@503 - main]&amp#27;[m &amp#27;[36mcom.shaft.tools.io.ReportManager&amp#27;[m : File Action "DoesFileExist" successfully performed. With the following test data "File Path: "C:\eclipse-workspace\MyProjects\TASystemsAPIs\src\test\resources\testDataFiles\Schemas\InvalidTokenRequest_Unauthorized_schema.json"".
2023-01-22 15:44:28.915 &amp#27;[32m INFO&amp#27;[m &amp#27;[35m[@503 - main]&amp#27;[m &amp#27;[36mcom.shaft.tools.io.ReportManager&amp#27;[m : File Action "GetAbsolutePath" successfully performed. With the following test data "Relative Folder Path: "C:\eclipse-workspace\MyProjects\TASystemsAPIs\src\test\resources\testDataFiles\Schemas\InvalidTokenRequest_Unauthorized_schema.json"".
2023-01-22 15:44:28.915 &amp#27;[32m INFO&amp#27;[m &amp#27;[35m[@503 - main]&amp#27;[m &amp#27;[36mcom.shaft.tools.io.ReportManager&amp#27;[m : File Action "ReadFile" successfully performed. With the following test data "File Path: "C:\eclipse-workspace\MyProjects\TASystemsAPIs\src\test\resources\testDataFiles\Schemas\InvalidTokenRequest_Unauthorized_schema.json"".
2023-01-22 15:44:28.916 &amp#27;[32m INFO&amp#27;[m &amp#27;[35m[@503 - main]&amp#27;[m &amp#27;[36mcom.shaft.tools.io.ReportManager&amp#27;[m : Successfully created attachment "Validation Test Data - Expected JSON Value"
2023-01-22 15:44:28.918 &amp#27;[32m INFO&amp#27;[m &amp#27;[35m[@503 - main]&amp#27;[m &amp#27;[36mcom.shaft.tools.io.ReportManager&amp#27;[m : Successfully created attachment "Validation Test Data - Actual JSON Value"
2023-01-22 15:44:28.919 &amp#27;[32m INFO&amp#27;[m &amp#27;[35m[@503 - main]&amp#27;[m &amp#27;[36mcom.shaft.tools.io.ReportManager&amp#27;[m : Successfully created attachment "SHAFT Engine Logs - Current Method log: InValid_Update_Cancel_Policy_With_Missing_Token_TC"
]]></system-out>
  </testcase>
  <testcase name="InValid_Update_Cancel_Policy_With_Missing_Token_TC[[Ljava.lang.Object;@2abc21b](2)" classname="SteeringCompanyAPI_TestCases.Test_Policies_Cases" time="0.559">
    <system-out><![CDATA[2023-01-22 15:44:28.922 &amp#27;[32m INFO&amp#27;[m &amp#27;[35m[@534 - main]&amp#27;[m &amp#27;[36mcom.shaft.tools.io.ReportManager&amp#27;[m : 
################################################################################################################################################
Starting Execution:	"170 out of 70" test cases in the current suite
Test Method:		"SteeringCompanyAPI_TestCases.Test_Policies_Cases.InValid_Update_Cancel_Policy_With_Missing_Token_TC"
Test Description:	"TC030 -Policy- Perform Update Cancel Policy with missing Token"
################################################################################################################################################
2023-01-22 15:44:28.922 &amp#27;[32m INFO&amp#27;[m &amp#27;[35m[@503 - main]&amp#27;[m &amp#27;[36mcom.shaft.tools.io.ReportManager&amp#27;[m : File Action "DoesFileExist" successfully performed. With the following test data "File Path: "SteeringCompanyAPI_TestData/SteeringCompanyAPI_TestData.xlsx"".
2023-01-22 15:44:28.947 &amp#27;[32m INFO&amp#27;[m &amp#27;[35m[@503 - main]&amp#27;[m &amp#27;[36mcom.shaft.tools.io.ReportManager&amp#27;[m : Successfully created attachment "Test Data - Excel"
2023-01-22 15:44:28.947 &amp#27;[32m INFO&amp#27;[m &amp#27;[35m[@503 - main]&amp#27;[m &amp#27;[36mcom.shaft.tools.io.ReportManager&amp#27;[m : File Action "DoesFileExist" successfully performed. With the following test data "File Path: "SteeringCompanyAPI_TestData/SteeringCompanyAPI_TestData.xlsx"".
2023-01-22 15:44:28.969 &amp#27;[32m INFO&amp#27;[m &amp#27;[35m[@503 - main]&amp#27;[m &amp#27;[36mcom.shaft.tools.io.ReportManager&amp#27;[m : Successfully created attachment "Test Data - Excel"
2023-01-22 15:44:28.969 &amp#27;[32m INFO&amp#27;[m &amp#27;[35m[@503 - main]&amp#27;[m &amp#27;[36mcom.shaft.tools.io.ReportManager&amp#27;[m : File Action "DoesFileExist" successfully performed. With the following test data "File Path: "SteeringCompanyAPI_TestData/SteeringCompanyAPI_TestData.xlsx"".
2023-01-22 15:44:28.999 &amp#27;[32m INFO&amp#27;[m &amp#27;[35m[@503 - main]&amp#27;[m &amp#27;[36mcom.shaft.tools.io.ReportManager&amp#27;[m : Successfully created attachment "Test Data - Excel"
2023-01-22 15:44:29.453 &amp#27;[32m INFO&amp#27;[m &amp#27;[35m[@503 - main]&amp#27;[m &amp#27;[36mcom.shaft.tools.io.ReportManager&amp#27;[m : Response status code: "401", status line: "HTTP/1.1 401 "
2023-01-22 15:44:29.467 &amp#27;[32m INFO&amp#27;[m &amp#27;[35m[@503 - main]&amp#27;[m &amp#27;[36mcom.shaft.tools.io.ReportManager&amp#27;[m : Successfully created attachment "API Request - Specifications"
2023-01-22 15:44:29.468 &amp#27;[32m INFO&amp#27;[m &amp#27;[35m[@503 - main]&amp#27;[m &amp#27;[36mcom.shaft.tools.io.ReportManager&amp#27;[m : Successfully created attachment "API Request - JSON Body"
2023-01-22 15:44:29.471 &amp#27;[32m INFO&amp#27;[m &amp#27;[35m[@503 - main]&amp#27;[m &amp#27;[36mcom.shaft.tools.io.ReportManager&amp#27;[m : Successfully created attachment "API Response - JSON Body"
2023-01-22 15:44:29.472 &amp#27;[32m INFO&amp#27;[m &amp#27;[35m[@503 - main]&amp#27;[m &amp#27;[36mcom.shaft.tools.io.ReportManager&amp#27;[m : File Action "DoesFileExist" successfully performed. With the following test data "File Path: "Schemas/InvalidTokenRequest_Unauthorized_schema.json"".
2023-01-22 15:44:29.472 &amp#27;[32m INFO&amp#27;[m &amp#27;[35m[@503 - main]&amp#27;[m &amp#27;[36mcom.shaft.tools.io.ReportManager&amp#27;[m : File Action "DoesFileExist" successfully performed. With the following test data "File Path: "src/test/resources/testDataFiles/Schemas/InvalidTokenRequest_Unauthorized_schema.json"".
2023-01-22 15:44:29.472 &amp#27;[32m INFO&amp#27;[m &amp#27;[35m[@503 - main]&amp#27;[m &amp#27;[36mcom.shaft.tools.io.ReportManager&amp#27;[m : File Action "GetAbsolutePath" successfully performed. With the following test data "Relative Folder Path: "src/test/resources/testDataFiles/Schemas/InvalidTokenRequest_Unauthorized_schema.json"".
2023-01-22 15:44:29.474 &amp#27;[32m INFO&amp#27;[m &amp#27;[35m[@503 - main]&amp#27;[m &amp#27;[36mcom.shaft.tools.io.ReportManager&amp#27;[m : File Action "DoesFileExist" successfully performed. With the following test data "File Path: "C:\eclipse-workspace\MyProjects\TASystemsAPIs\src\test\resources\testDataFiles\Schemas\InvalidTokenRequest_Unauthorized_schema.json"".
2023-01-22 15:44:29.474 &amp#27;[32m INFO&amp#27;[m &amp#27;[35m[@503 - main]&amp#27;[m &amp#27;[36mcom.shaft.tools.io.ReportManager&amp#27;[m : File Action "GetAbsolutePath" successfully performed. With the following test data "Relative Folder Path: "C:\eclipse-workspace\MyProjects\TASystemsAPIs\src\test\resources\testDataFiles\Schemas\InvalidTokenRequest_Unauthorized_schema.json"".
2023-01-22 15:44:29.474 &amp#27;[32m INFO&amp#27;[m &amp#27;[35m[@503 - main]&amp#27;[m &amp#27;[36mcom.shaft.tools.io.ReportManager&amp#27;[m : File Action "ReadFile" successfully performed. With the following test data "File Path: "C:\eclipse-workspace\MyProjects\TASystemsAPIs\src\test\resources\testDataFiles\Schemas\InvalidTokenRequest_Unauthorized_schema.json"".
2023-01-22 15:44:29.477 &amp#27;[32m INFO&amp#27;[m &amp#27;[35m[@503 - main]&amp#27;[m &amp#27;[36mcom.shaft.tools.io.ReportManager&amp#27;[m : Successfully created attachment "Validation Test Data - Expected JSON Value"
2023-01-22 15:44:29.478 &amp#27;[32m INFO&amp#27;[m &amp#27;[35m[@503 - main]&amp#27;[m &amp#27;[36mcom.shaft.tools.io.ReportManager&amp#27;[m : Successfully created attachment "Validation Test Data - Actual JSON Value"
2023-01-22 15:44:29.479 &amp#27;[32m INFO&amp#27;[m &amp#27;[35m[@503 - main]&amp#27;[m &amp#27;[36mcom.shaft.tools.io.ReportManager&amp#27;[m : Successfully created attachment "SHAFT Engine Logs - Current Method log: InValid_Update_Cancel_Policy_With_Missing_Token_TC"
]]></system-out>
  </testcase>
  <testcase name="InValid_Update_General_Policy_With_InValid_Token_TC[[Ljava.lang.Object;@2eda1169](1)" classname="SteeringCompanyAPI_TestCases.Test_Policies_Cases" time="0.534">
    <system-out><![CDATA[2023-01-22 15:44:29.483 &amp#27;[32m INFO&amp#27;[m &amp#27;[35m[@534 - main]&amp#27;[m &amp#27;[36mcom.shaft.tools.io.ReportManager&amp#27;[m : 
################################################################################################################################################
Starting Execution:	"171 out of 70" test cases in the current suite
Test Method:		"SteeringCompanyAPI_TestCases.Test_Policies_Cases.InValid_Update_General_Policy_With_InValid_Token_TC"
Test Description:	"TC039 -Policy- Perform Update General Policy With InValid/Expired Token"
################################################################################################################################################
2023-01-22 15:44:29.483 &amp#27;[32m INFO&amp#27;[m &amp#27;[35m[@503 - main]&amp#27;[m &amp#27;[36mcom.shaft.tools.io.ReportManager&amp#27;[m : File Action "DoesFileExist" successfully performed. With the following test data "File Path: "SteeringCompanyAPI_TestData/SteeringCompanyAPI_TestData.xlsx"".
2023-01-22 15:44:29.506 &amp#27;[32m INFO&amp#27;[m &amp#27;[35m[@503 - main]&amp#27;[m &amp#27;[36mcom.shaft.tools.io.ReportManager&amp#27;[m : Successfully created attachment "Test Data - Excel"
2023-01-22 15:44:29.506 &amp#27;[32m INFO&amp#27;[m &amp#27;[35m[@503 - main]&amp#27;[m &amp#27;[36mcom.shaft.tools.io.ReportManager&amp#27;[m : File Action "DoesFileExist" successfully performed. With the following test data "File Path: "SteeringCompanyAPI_TestData/SteeringCompanyAPI_TestData.xlsx"".
2023-01-22 15:44:29.535 &amp#27;[32m INFO&amp#27;[m &amp#27;[35m[@503 - main]&amp#27;[m &amp#27;[36mcom.shaft.tools.io.ReportManager&amp#27;[m : Successfully created attachment "Test Data - Excel"
2023-01-22 15:44:29.535 &amp#27;[32m INFO&amp#27;[m &amp#27;[35m[@503 - main]&amp#27;[m &amp#27;[36mcom.shaft.tools.io.ReportManager&amp#27;[m : File Action "DoesFileExist" successfully performed. With the following test data "File Path: "SteeringCompanyAPI_TestData/SteeringCompanyAPI_TestData.xlsx"".
2023-01-22 15:44:29.562 &amp#27;[32m INFO&amp#27;[m &amp#27;[35m[@503 - main]&amp#27;[m &amp#27;[36mcom.shaft.tools.io.ReportManager&amp#27;[m : Successfully created attachment "Test Data - Excel"
2023-01-22 15:44:30.008 &amp#27;[32m INFO&amp#27;[m &amp#27;[35m[@503 - main]&amp#27;[m &amp#27;[36mcom.shaft.tools.io.ReportManager&amp#27;[m : Response status code: "401", status line: "HTTP/1.1 401 "
2023-01-22 15:44:30.012 &amp#27;[32m INFO&amp#27;[m &amp#27;[35m[@503 - main]&amp#27;[m &amp#27;[36mcom.shaft.tools.io.ReportManager&amp#27;[m : Successfully created attachment "API Request - Specifications"
2023-01-22 15:44:30.013 &amp#27;[32m INFO&amp#27;[m &amp#27;[35m[@503 - main]&amp#27;[m &amp#27;[36mcom.shaft.tools.io.ReportManager&amp#27;[m : Successfully created attachment "API Request - JSON Body"
2023-01-22 15:44:30.014 &amp#27;[32m INFO&amp#27;[m &amp#27;[35m[@503 - main]&amp#27;[m &amp#27;[36mcom.shaft.tools.io.ReportManager&amp#27;[m : Successfully created attachment "API Response - JSON Body"
2023-01-22 15:44:30.015 &amp#27;[32m INFO&amp#27;[m &amp#27;[35m[@503 - main]&amp#27;[m &amp#27;[36mcom.shaft.tools.io.ReportManager&amp#27;[m : Successfully created attachment "SHAFT Engine Logs - Current Method log: InValid_Update_General_Policy_With_InValid_Token_TC"
]]></system-out>
  </testcase>
  <testcase name="InValid_Update_General_Policy_With_InValid_Token_TC[[Ljava.lang.Object;@5c71d335](2)" classname="SteeringCompanyAPI_TestCases.Test_Policies_Cases" time="0.608">
    <system-out><![CDATA[2023-01-22 15:44:30.017 &amp#27;[32m INFO&amp#27;[m &amp#27;[35m[@534 - main]&amp#27;[m &amp#27;[36mcom.shaft.tools.io.ReportManager&amp#27;[m : 
################################################################################################################################################
Starting Execution:	"172 out of 70" test cases in the current suite
Test Method:		"SteeringCompanyAPI_TestCases.Test_Policies_Cases.InValid_Update_General_Policy_With_InValid_Token_TC"
Test Description:	"TC039 -Policy- Perform Update General Policy With InValid/Expired Token"
################################################################################################################################################
2023-01-22 15:44:30.018 &amp#27;[32m INFO&amp#27;[m &amp#27;[35m[@503 - main]&amp#27;[m &amp#27;[36mcom.shaft.tools.io.ReportManager&amp#27;[m : File Action "DoesFileExist" successfully performed. With the following test data "File Path: "SteeringCompanyAPI_TestData/SteeringCompanyAPI_TestData.xlsx"".
2023-01-22 15:44:30.042 &amp#27;[32m INFO&amp#27;[m &amp#27;[35m[@503 - main]&amp#27;[m &amp#27;[36mcom.shaft.tools.io.ReportManager&amp#27;[m : Successfully created attachment "Test Data - Excel"
2023-01-22 15:44:30.043 &amp#27;[32m INFO&amp#27;[m &amp#27;[35m[@503 - main]&amp#27;[m &amp#27;[36mcom.shaft.tools.io.ReportManager&amp#27;[m : File Action "DoesFileExist" successfully performed. With the following test data "File Path: "SteeringCompanyAPI_TestData/SteeringCompanyAPI_TestData.xlsx"".
2023-01-22 15:44:30.063 &amp#27;[32m INFO&amp#27;[m &amp#27;[35m[@503 - main]&amp#27;[m &amp#27;[36mcom.shaft.tools.io.ReportManager&amp#27;[m : Successfully created attachment "Test Data - Excel"
2023-01-22 15:44:30.063 &amp#27;[32m INFO&amp#27;[m &amp#27;[35m[@503 - main]&amp#27;[m &amp#27;[36mcom.shaft.tools.io.ReportManager&amp#27;[m : File Action "DoesFileExist" successfully performed. With the following test data "File Path: "SteeringCompanyAPI_TestData/SteeringCompanyAPI_TestData.xlsx"".
2023-01-22 15:44:30.087 &amp#27;[32m INFO&amp#27;[m &amp#27;[35m[@503 - main]&amp#27;[m &amp#27;[36mcom.shaft.tools.io.ReportManager&amp#27;[m : Successfully created attachment "Test Data - Excel"
2023-01-22 15:44:30.620 &amp#27;[32m INFO&amp#27;[m &amp#27;[35m[@503 - main]&amp#27;[m &amp#27;[36mcom.shaft.tools.io.ReportManager&amp#27;[m : Response status code: "401", status line: "HTTP/1.1 401 "
2023-01-22 15:44:30.622 &amp#27;[32m INFO&amp#27;[m &amp#27;[35m[@503 - main]&amp#27;[m &amp#27;[36mcom.shaft.tools.io.ReportManager&amp#27;[m : Successfully created attachment "API Request - Specifications"
2023-01-22 15:44:30.622 &amp#27;[32m INFO&amp#27;[m &amp#27;[35m[@503 - main]&amp#27;[m &amp#27;[36mcom.shaft.tools.io.ReportManager&amp#27;[m : Successfully created attachment "API Request - JSON Body"
2023-01-22 15:44:30.623 &amp#27;[32m INFO&amp#27;[m &amp#27;[35m[@503 - main]&amp#27;[m &amp#27;[36mcom.shaft.tools.io.ReportManager&amp#27;[m : Successfully created attachment "API Response - JSON Body"
2023-01-22 15:44:30.624 &amp#27;[32m INFO&amp#27;[m &amp#27;[35m[@503 - main]&amp#27;[m &amp#27;[36mcom.shaft.tools.io.ReportManager&amp#27;[m : Successfully created attachment "SHAFT Engine Logs - Current Method log: InValid_Update_General_Policy_With_InValid_Token_TC"
]]></system-out>
  </testcase>
  <testcase name="InValid_Update_General_Policy_With_Missing_Token_TC[[Ljava.lang.Object;@562ae5d8](1)" classname="SteeringCompanyAPI_TestCases.Test_Policies_Cases" time="0.56">
    <system-out><![CDATA[2023-01-22 15:44:30.628 &amp#27;[32m INFO&amp#27;[m &amp#27;[35m[@534 - main]&amp#27;[m &amp#27;[36mcom.shaft.tools.io.ReportManager&amp#27;[m : 
################################################################################################################################################
Starting Execution:	"173 out of 70" test cases in the current suite
Test Method:		"SteeringCompanyAPI_TestCases.Test_Policies_Cases.InValid_Update_General_Policy_With_Missing_Token_TC"
Test Description:	"TC038 -Policy- Perform Update General Policy With Missing Token"
################################################################################################################################################
2023-01-22 15:44:30.628 &amp#27;[32m INFO&amp#27;[m &amp#27;[35m[@503 - main]&amp#27;[m &amp#27;[36mcom.shaft.tools.io.ReportManager&amp#27;[m : File Action "DoesFileExist" successfully performed. With the following test data "File Path: "SteeringCompanyAPI_TestData/SteeringCompanyAPI_TestData.xlsx"".
2023-01-22 15:44:30.652 &amp#27;[32m INFO&amp#27;[m &amp#27;[35m[@503 - main]&amp#27;[m &amp#27;[36mcom.shaft.tools.io.ReportManager&amp#27;[m : Successfully created attachment "Test Data - Excel"
2023-01-22 15:44:30.652 &amp#27;[32m INFO&amp#27;[m &amp#27;[35m[@503 - main]&amp#27;[m &amp#27;[36mcom.shaft.tools.io.ReportManager&amp#27;[m : File Action "DoesFileExist" successfully performed. With the following test data "File Path: "SteeringCompanyAPI_TestData/SteeringCompanyAPI_TestData.xlsx"".
2023-01-22 15:44:30.688 &amp#27;[32m INFO&amp#27;[m &amp#27;[35m[@503 - main]&amp#27;[m &amp#27;[36mcom.shaft.tools.io.ReportManager&amp#27;[m : Successfully created attachment "Test Data - Excel"
2023-01-22 15:44:30.689 &amp#27;[32m INFO&amp#27;[m &amp#27;[35m[@503 - main]&amp#27;[m &amp#27;[36mcom.shaft.tools.io.ReportManager&amp#27;[m : File Action "DoesFileExist" successfully performed. With the following test data "File Path: "SteeringCompanyAPI_TestData/SteeringCompanyAPI_TestData.xlsx"".
2023-01-22 15:44:30.715 &amp#27;[32m INFO&amp#27;[m &amp#27;[35m[@503 - main]&amp#27;[m &amp#27;[36mcom.shaft.tools.io.ReportManager&amp#27;[m : Successfully created attachment "Test Data - Excel"
2023-01-22 15:44:31.163 &amp#27;[32m INFO&amp#27;[m &amp#27;[35m[@503 - main]&amp#27;[m &amp#27;[36mcom.shaft.tools.io.ReportManager&amp#27;[m : Response status code: "401", status line: "HTTP/1.1 401 "
2023-01-22 15:44:31.173 &amp#27;[32m INFO&amp#27;[m &amp#27;[35m[@503 - main]&amp#27;[m &amp#27;[36mcom.shaft.tools.io.ReportManager&amp#27;[m : Successfully created attachment "API Request - Specifications"
2023-01-22 15:44:31.177 &amp#27;[32m INFO&amp#27;[m &amp#27;[35m[@503 - main]&amp#27;[m &amp#27;[36mcom.shaft.tools.io.ReportManager&amp#27;[m : Successfully created attachment "API Request - JSON Body"
2023-01-22 15:44:31.179 &amp#27;[32m INFO&amp#27;[m &amp#27;[35m[@503 - main]&amp#27;[m &amp#27;[36mcom.shaft.tools.io.ReportManager&amp#27;[m : Successfully created attachment "API Response - JSON Body"
2023-01-22 15:44:31.179 &amp#27;[32m INFO&amp#27;[m &amp#27;[35m[@503 - main]&amp#27;[m &amp#27;[36mcom.shaft.tools.io.ReportManager&amp#27;[m : File Action "DoesFileExist" successfully performed. With the following test data "File Path: "Schemas/InvalidTokenRequest_Unauthorized_schema.json"".
2023-01-22 15:44:31.180 &amp#27;[32m INFO&amp#27;[m &amp#27;[35m[@503 - main]&amp#27;[m &amp#27;[36mcom.shaft.tools.io.ReportManager&amp#27;[m : File Action "DoesFileExist" successfully performed. With the following test data "File Path: "src/test/resources/testDataFiles/Schemas/InvalidTokenRequest_Unauthorized_schema.json"".
2023-01-22 15:44:31.180 &amp#27;[32m INFO&amp#27;[m &amp#27;[35m[@503 - main]&amp#27;[m &amp#27;[36mcom.shaft.tools.io.ReportManager&amp#27;[m : File Action "GetAbsolutePath" successfully performed. With the following test data "Relative Folder Path: "src/test/resources/testDataFiles/Schemas/InvalidTokenRequest_Unauthorized_schema.json"".
2023-01-22 15:44:31.181 &amp#27;[32m INFO&amp#27;[m &amp#27;[35m[@503 - main]&amp#27;[m &amp#27;[36mcom.shaft.tools.io.ReportManager&amp#27;[m : File Action "DoesFileExist" successfully performed. With the following test data "File Path: "C:\eclipse-workspace\MyProjects\TASystemsAPIs\src\test\resources\testDataFiles\Schemas\InvalidTokenRequest_Unauthorized_schema.json"".
2023-01-22 15:44:31.181 &amp#27;[32m INFO&amp#27;[m &amp#27;[35m[@503 - main]&amp#27;[m &amp#27;[36mcom.shaft.tools.io.ReportManager&amp#27;[m : File Action "GetAbsolutePath" successfully performed. With the following test data "Relative Folder Path: "C:\eclipse-workspace\MyProjects\TASystemsAPIs\src\test\resources\testDataFiles\Schemas\InvalidTokenRequest_Unauthorized_schema.json"".
2023-01-22 15:44:31.181 &amp#27;[32m INFO&amp#27;[m &amp#27;[35m[@503 - main]&amp#27;[m &amp#27;[36mcom.shaft.tools.io.ReportManager&amp#27;[m : File Action "ReadFile" successfully performed. With the following test data "File Path: "C:\eclipse-workspace\MyProjects\TASystemsAPIs\src\test\resources\testDataFiles\Schemas\InvalidTokenRequest_Unauthorized_schema.json"".
2023-01-22 15:44:31.182 &amp#27;[32m INFO&amp#27;[m &amp#27;[35m[@503 - main]&amp#27;[m &amp#27;[36mcom.shaft.tools.io.ReportManager&amp#27;[m : Successfully created attachment "Validation Test Data - Expected JSON Value"
2023-01-22 15:44:31.183 &amp#27;[32m INFO&amp#27;[m &amp#27;[35m[@503 - main]&amp#27;[m &amp#27;[36mcom.shaft.tools.io.ReportManager&amp#27;[m : Successfully created attachment "Validation Test Data - Actual JSON Value"
2023-01-22 15:44:31.185 &amp#27;[32m INFO&amp#27;[m &amp#27;[35m[@503 - main]&amp#27;[m &amp#27;[36mcom.shaft.tools.io.ReportManager&amp#27;[m : Successfully created attachment "SHAFT Engine Logs - Current Method log: InValid_Update_General_Policy_With_Missing_Token_TC"
]]></system-out>
  </testcase>
  <testcase name="InValid_Update_General_Policy_With_Missing_Token_TC[[Ljava.lang.Object;@11e8a92c](2)" classname="SteeringCompanyAPI_TestCases.Test_Policies_Cases" time="0.581">
    <system-out><![CDATA[2023-01-22 15:44:31.188 &amp#27;[32m INFO&amp#27;[m &amp#27;[35m[@534 - main]&amp#27;[m &amp#27;[36mcom.shaft.tools.io.ReportManager&amp#27;[m : 
################################################################################################################################################
Starting Execution:	"174 out of 70" test cases in the current suite
Test Method:		"SteeringCompanyAPI_TestCases.Test_Policies_Cases.InValid_Update_General_Policy_With_Missing_Token_TC"
Test Description:	"TC038 -Policy- Perform Update General Policy With Missing Token"
################################################################################################################################################
2023-01-22 15:44:31.188 &amp#27;[32m INFO&amp#27;[m &amp#27;[35m[@503 - main]&amp#27;[m &amp#27;[36mcom.shaft.tools.io.ReportManager&amp#27;[m : File Action "DoesFileExist" successfully performed. With the following test data "File Path: "SteeringCompanyAPI_TestData/SteeringCompanyAPI_TestData.xlsx"".
2023-01-22 15:44:31.211 &amp#27;[32m INFO&amp#27;[m &amp#27;[35m[@503 - main]&amp#27;[m &amp#27;[36mcom.shaft.tools.io.ReportManager&amp#27;[m : Successfully created attachment "Test Data - Excel"
2023-01-22 15:44:31.211 &amp#27;[32m INFO&amp#27;[m &amp#27;[35m[@503 - main]&amp#27;[m &amp#27;[36mcom.shaft.tools.io.ReportManager&amp#27;[m : File Action "DoesFileExist" successfully performed. With the following test data "File Path: "SteeringCompanyAPI_TestData/SteeringCompanyAPI_TestData.xlsx"".
2023-01-22 15:44:31.232 &amp#27;[32m INFO&amp#27;[m &amp#27;[35m[@503 - main]&amp#27;[m &amp#27;[36mcom.shaft.tools.io.ReportManager&amp#27;[m : Successfully created attachment "Test Data - Excel"
2023-01-22 15:44:31.233 &amp#27;[32m INFO&amp#27;[m &amp#27;[35m[@503 - main]&amp#27;[m &amp#27;[36mcom.shaft.tools.io.ReportManager&amp#27;[m : File Action "DoesFileExist" successfully performed. With the following test data "File Path: "SteeringCompanyAPI_TestData/SteeringCompanyAPI_TestData.xlsx"".
2023-01-22 15:44:31.269 &amp#27;[32m INFO&amp#27;[m &amp#27;[35m[@503 - main]&amp#27;[m &amp#27;[36mcom.shaft.tools.io.ReportManager&amp#27;[m : Successfully created attachment "Test Data - Excel"
2023-01-22 15:44:31.748 &amp#27;[32m INFO&amp#27;[m &amp#27;[35m[@503 - main]&amp#27;[m &amp#27;[36mcom.shaft.tools.io.ReportManager&amp#27;[m : Response status code: "401", status line: "HTTP/1.1 401 "
2023-01-22 15:44:31.758 &amp#27;[32m INFO&amp#27;[m &amp#27;[35m[@503 - main]&amp#27;[m &amp#27;[36mcom.shaft.tools.io.ReportManager&amp#27;[m : Successfully created attachment "API Request - Specifications"
2023-01-22 15:44:31.759 &amp#27;[32m INFO&amp#27;[m &amp#27;[35m[@503 - main]&amp#27;[m &amp#27;[36mcom.shaft.tools.io.ReportManager&amp#27;[m : Successfully created attachment "API Request - JSON Body"
2023-01-22 15:44:31.762 &amp#27;[32m INFO&amp#27;[m &amp#27;[35m[@503 - main]&amp#27;[m &amp#27;[36mcom.shaft.tools.io.ReportManager&amp#27;[m : Successfully created attachment "API Response - JSON Body"
2023-01-22 15:44:31.763 &amp#27;[32m INFO&amp#27;[m &amp#27;[35m[@503 - main]&amp#27;[m &amp#27;[36mcom.shaft.tools.io.ReportManager&amp#27;[m : File Action "DoesFileExist" successfully performed. With the following test data "File Path: "Schemas/InvalidTokenRequest_Unauthorized_schema.json"".
2023-01-22 15:44:31.763 &amp#27;[32m INFO&amp#27;[m &amp#27;[35m[@503 - main]&amp#27;[m &amp#27;[36mcom.shaft.tools.io.ReportManager&amp#27;[m : File Action "DoesFileExist" successfully performed. With the following test data "File Path: "src/test/resources/testDataFiles/Schemas/InvalidTokenRequest_Unauthorized_schema.json"".
2023-01-22 15:44:31.763 &amp#27;[32m INFO&amp#27;[m &amp#27;[35m[@503 - main]&amp#27;[m &amp#27;[36mcom.shaft.tools.io.ReportManager&amp#27;[m : File Action "GetAbsolutePath" successfully performed. With the following test data "Relative Folder Path: "src/test/resources/testDataFiles/Schemas/InvalidTokenRequest_Unauthorized_schema.json"".
2023-01-22 15:44:31.764 &amp#27;[32m INFO&amp#27;[m &amp#27;[35m[@503 - main]&amp#27;[m &amp#27;[36mcom.shaft.tools.io.ReportManager&amp#27;[m : File Action "DoesFileExist" successfully performed. With the following test data "File Path: "C:\eclipse-workspace\MyProjects\TASystemsAPIs\src\test\resources\testDataFiles\Schemas\InvalidTokenRequest_Unauthorized_schema.json"".
2023-01-22 15:44:31.764 &amp#27;[32m INFO&amp#27;[m &amp#27;[35m[@503 - main]&amp#27;[m &amp#27;[36mcom.shaft.tools.io.ReportManager&amp#27;[m : File Action "GetAbsolutePath" successfully performed. With the following test data "Relative Folder Path: "C:\eclipse-workspace\MyProjects\TASystemsAPIs\src\test\resources\testDataFiles\Schemas\InvalidTokenRequest_Unauthorized_schema.json"".
2023-01-22 15:44:31.764 &amp#27;[32m INFO&amp#27;[m &amp#27;[35m[@503 - main]&amp#27;[m &amp#27;[36mcom.shaft.tools.io.ReportManager&amp#27;[m : File Action "ReadFile" successfully performed. With the following test data "File Path: "C:\eclipse-workspace\MyProjects\TASystemsAPIs\src\test\resources\testDataFiles\Schemas\InvalidTokenRequest_Unauthorized_schema.json"".
2023-01-22 15:44:31.765 &amp#27;[32m INFO&amp#27;[m &amp#27;[35m[@503 - main]&amp#27;[m &amp#27;[36mcom.shaft.tools.io.ReportManager&amp#27;[m : Successfully created attachment "Validation Test Data - Expected JSON Value"
2023-01-22 15:44:31.766 &amp#27;[32m INFO&amp#27;[m &amp#27;[35m[@503 - main]&amp#27;[m &amp#27;[36mcom.shaft.tools.io.ReportManager&amp#27;[m : Successfully created attachment "Validation Test Data - Actual JSON Value"
2023-01-22 15:44:31.766 &amp#27;[32m INFO&amp#27;[m &amp#27;[35m[@503 - main]&amp#27;[m &amp#27;[36mcom.shaft.tools.io.ReportManager&amp#27;[m : Successfully created attachment "SHAFT Engine Logs - Current Method log: InValid_Update_General_Policy_With_Missing_Token_TC"
]]></system-out>
  </testcase>
  <testcase name="InValid_Update_Payment_Policy_With_InValid_Token_TC[[Ljava.lang.Object;@2de7b1a9](1)" classname="SteeringCompanyAPI_TestCases.Test_Policies_Cases" time="0.518">
    <system-out><![CDATA[2023-01-22 15:44:31.772 &amp#27;[32m INFO&amp#27;[m &amp#27;[35m[@534 - main]&amp#27;[m &amp#27;[36mcom.shaft.tools.io.ReportManager&amp#27;[m : 
################################################################################################################################################
Starting Execution:	"175 out of 70" test cases in the current suite
Test Method:		"SteeringCompanyAPI_TestCases.Test_Policies_Cases.InValid_Update_Payment_Policy_With_InValid_Token_TC"
Test Description:	"TC037 -Policy- Perform Update Payment Policy With Invalid/Expired Token"
################################################################################################################################################
2023-01-22 15:44:31.772 &amp#27;[32m INFO&amp#27;[m &amp#27;[35m[@503 - main]&amp#27;[m &amp#27;[36mcom.shaft.tools.io.ReportManager&amp#27;[m : File Action "DoesFileExist" successfully performed. With the following test data "File Path: "SteeringCompanyAPI_TestData/SteeringCompanyAPI_TestData.xlsx"".
2023-01-22 15:44:31.795 &amp#27;[32m INFO&amp#27;[m &amp#27;[35m[@503 - main]&amp#27;[m &amp#27;[36mcom.shaft.tools.io.ReportManager&amp#27;[m : Successfully created attachment "Test Data - Excel"
2023-01-22 15:44:31.795 &amp#27;[32m INFO&amp#27;[m &amp#27;[35m[@503 - main]&amp#27;[m &amp#27;[36mcom.shaft.tools.io.ReportManager&amp#27;[m : File Action "DoesFileExist" successfully performed. With the following test data "File Path: "SteeringCompanyAPI_TestData/SteeringCompanyAPI_TestData.xlsx"".
2023-01-22 15:44:31.814 &amp#27;[32m INFO&amp#27;[m &amp#27;[35m[@503 - main]&amp#27;[m &amp#27;[36mcom.shaft.tools.io.ReportManager&amp#27;[m : Successfully created attachment "Test Data - Excel"
2023-01-22 15:44:31.815 &amp#27;[32m INFO&amp#27;[m &amp#27;[35m[@503 - main]&amp#27;[m &amp#27;[36mcom.shaft.tools.io.ReportManager&amp#27;[m : File Action "DoesFileExist" successfully performed. With the following test data "File Path: "SteeringCompanyAPI_TestData/SteeringCompanyAPI_TestData.xlsx"".
2023-01-22 15:44:31.838 &amp#27;[32m INFO&amp#27;[m &amp#27;[35m[@503 - main]&amp#27;[m &amp#27;[36mcom.shaft.tools.io.ReportManager&amp#27;[m : Successfully created attachment "Test Data - Excel"
2023-01-22 15:44:32.283 &amp#27;[32m INFO&amp#27;[m &amp#27;[35m[@503 - main]&amp#27;[m &amp#27;[36mcom.shaft.tools.io.ReportManager&amp#27;[m : Response status code: "401", status line: "HTTP/1.1 401 "
2023-01-22 15:44:32.284 &amp#27;[32m INFO&amp#27;[m &amp#27;[35m[@503 - main]&amp#27;[m &amp#27;[36mcom.shaft.tools.io.ReportManager&amp#27;[m : Successfully created attachment "API Request - Specifications"
2023-01-22 15:44:32.285 &amp#27;[32m INFO&amp#27;[m &amp#27;[35m[@503 - main]&amp#27;[m &amp#27;[36mcom.shaft.tools.io.ReportManager&amp#27;[m : Successfully created attachment "API Request - JSON Body"
2023-01-22 15:44:32.285 &amp#27;[32m INFO&amp#27;[m &amp#27;[35m[@503 - main]&amp#27;[m &amp#27;[36mcom.shaft.tools.io.ReportManager&amp#27;[m : Successfully created attachment "API Response - JSON Body"
2023-01-22 15:44:32.288 &amp#27;[32m INFO&amp#27;[m &amp#27;[35m[@503 - main]&amp#27;[m &amp#27;[36mcom.shaft.tools.io.ReportManager&amp#27;[m : Successfully created attachment "SHAFT Engine Logs - Current Method log: InValid_Update_Payment_Policy_With_InValid_Token_TC"
]]></system-out>
  </testcase>
  <testcase name="InValid_Update_Payment_Policy_With_InValid_Token_TC[[Ljava.lang.Object;@6bf98418](2)" classname="SteeringCompanyAPI_TestCases.Test_Policies_Cases" time="0.527">
    <system-out><![CDATA[2023-01-22 15:44:32.290 &amp#27;[32m INFO&amp#27;[m &amp#27;[35m[@534 - main]&amp#27;[m &amp#27;[36mcom.shaft.tools.io.ReportManager&amp#27;[m : 
################################################################################################################################################
Starting Execution:	"176 out of 70" test cases in the current suite
Test Method:		"SteeringCompanyAPI_TestCases.Test_Policies_Cases.InValid_Update_Payment_Policy_With_InValid_Token_TC"
Test Description:	"TC037 -Policy- Perform Update Payment Policy With Invalid/Expired Token"
################################################################################################################################################
2023-01-22 15:44:32.291 &amp#27;[32m INFO&amp#27;[m &amp#27;[35m[@503 - main]&amp#27;[m &amp#27;[36mcom.shaft.tools.io.ReportManager&amp#27;[m : File Action "DoesFileExist" successfully performed. With the following test data "File Path: "SteeringCompanyAPI_TestData/SteeringCompanyAPI_TestData.xlsx"".
2023-01-22 15:44:32.313 &amp#27;[32m INFO&amp#27;[m &amp#27;[35m[@503 - main]&amp#27;[m &amp#27;[36mcom.shaft.tools.io.ReportManager&amp#27;[m : Successfully created attachment "Test Data - Excel"
2023-01-22 15:44:32.314 &amp#27;[32m INFO&amp#27;[m &amp#27;[35m[@503 - main]&amp#27;[m &amp#27;[36mcom.shaft.tools.io.ReportManager&amp#27;[m : File Action "DoesFileExist" successfully performed. With the following test data "File Path: "SteeringCompanyAPI_TestData/SteeringCompanyAPI_TestData.xlsx"".
2023-01-22 15:44:32.332 &amp#27;[32m INFO&amp#27;[m &amp#27;[35m[@503 - main]&amp#27;[m &amp#27;[36mcom.shaft.tools.io.ReportManager&amp#27;[m : Successfully created attachment "Test Data - Excel"
2023-01-22 15:44:32.333 &amp#27;[32m INFO&amp#27;[m &amp#27;[35m[@503 - main]&amp#27;[m &amp#27;[36mcom.shaft.tools.io.ReportManager&amp#27;[m : File Action "DoesFileExist" successfully performed. With the following test data "File Path: "SteeringCompanyAPI_TestData/SteeringCompanyAPI_TestData.xlsx"".
2023-01-22 15:44:32.359 &amp#27;[32m INFO&amp#27;[m &amp#27;[35m[@503 - main]&amp#27;[m &amp#27;[36mcom.shaft.tools.io.ReportManager&amp#27;[m : Successfully created attachment "Test Data - Excel"
2023-01-22 15:44:32.810 &amp#27;[32m INFO&amp#27;[m &amp#27;[35m[@503 - main]&amp#27;[m &amp#27;[36mcom.shaft.tools.io.ReportManager&amp#27;[m : Response status code: "401", status line: "HTTP/1.1 401 "
2023-01-22 15:44:32.812 &amp#27;[32m INFO&amp#27;[m &amp#27;[35m[@503 - main]&amp#27;[m &amp#27;[36mcom.shaft.tools.io.ReportManager&amp#27;[m : Successfully created attachment "API Request - Specifications"
2023-01-22 15:44:32.813 &amp#27;[32m INFO&amp#27;[m &amp#27;[35m[@503 - main]&amp#27;[m &amp#27;[36mcom.shaft.tools.io.ReportManager&amp#27;[m : Successfully created attachment "API Request - JSON Body"
2023-01-22 15:44:32.815 &amp#27;[32m INFO&amp#27;[m &amp#27;[35m[@503 - main]&amp#27;[m &amp#27;[36mcom.shaft.tools.io.ReportManager&amp#27;[m : Successfully created attachment "API Response - JSON Body"
2023-01-22 15:44:32.816 &amp#27;[32m INFO&amp#27;[m &amp#27;[35m[@503 - main]&amp#27;[m &amp#27;[36mcom.shaft.tools.io.ReportManager&amp#27;[m : Successfully created attachment "SHAFT Engine Logs - Current Method log: InValid_Update_Payment_Policy_With_InValid_Token_TC"
]]></system-out>
  </testcase>
  <testcase name="InValid_Update_Payment_Policy_With_Missing_Token_TC[[Ljava.lang.Object;@27c13500](1)" classname="SteeringCompanyAPI_TestCases.Test_Policies_Cases" time="0.535">
    <system-out><![CDATA[2023-01-22 15:44:32.820 &amp#27;[32m INFO&amp#27;[m &amp#27;[35m[@534 - main]&amp#27;[m &amp#27;[36mcom.shaft.tools.io.ReportManager&amp#27;[m : 
################################################################################################################################################
Starting Execution:	"177 out of 70" test cases in the current suite
Test Method:		"SteeringCompanyAPI_TestCases.Test_Policies_Cases.InValid_Update_Payment_Policy_With_Missing_Token_TC"
Test Description:	"TC036 -Policy- Perform Update Payment Policy With Missing Token"
################################################################################################################################################
2023-01-22 15:44:32.820 &amp#27;[32m INFO&amp#27;[m &amp#27;[35m[@503 - main]&amp#27;[m &amp#27;[36mcom.shaft.tools.io.ReportManager&amp#27;[m : File Action "DoesFileExist" successfully performed. With the following test data "File Path: "SteeringCompanyAPI_TestData/SteeringCompanyAPI_TestData.xlsx"".
2023-01-22 15:44:32.840 &amp#27;[32m INFO&amp#27;[m &amp#27;[35m[@503 - main]&amp#27;[m &amp#27;[36mcom.shaft.tools.io.ReportManager&amp#27;[m : Successfully created attachment "Test Data - Excel"
2023-01-22 15:44:32.840 &amp#27;[32m INFO&amp#27;[m &amp#27;[35m[@503 - main]&amp#27;[m &amp#27;[36mcom.shaft.tools.io.ReportManager&amp#27;[m : File Action "DoesFileExist" successfully performed. With the following test data "File Path: "SteeringCompanyAPI_TestData/SteeringCompanyAPI_TestData.xlsx"".
2023-01-22 15:44:32.865 &amp#27;[32m INFO&amp#27;[m &amp#27;[35m[@503 - main]&amp#27;[m &amp#27;[36mcom.shaft.tools.io.ReportManager&amp#27;[m : Successfully created attachment "Test Data - Excel"
2023-01-22 15:44:32.865 &amp#27;[32m INFO&amp#27;[m &amp#27;[35m[@503 - main]&amp#27;[m &amp#27;[36mcom.shaft.tools.io.ReportManager&amp#27;[m : File Action "DoesFileExist" successfully performed. With the following test data "File Path: "SteeringCompanyAPI_TestData/SteeringCompanyAPI_TestData.xlsx"".
2023-01-22 15:44:32.885 &amp#27;[32m INFO&amp#27;[m &amp#27;[35m[@503 - main]&amp#27;[m &amp#27;[36mcom.shaft.tools.io.ReportManager&amp#27;[m : Successfully created attachment "Test Data - Excel"
2023-01-22 15:44:33.335 &amp#27;[32m INFO&amp#27;[m &amp#27;[35m[@503 - main]&amp#27;[m &amp#27;[36mcom.shaft.tools.io.ReportManager&amp#27;[m : Response status code: "401", status line: "HTTP/1.1 401 "
2023-01-22 15:44:33.346 &amp#27;[32m INFO&amp#27;[m &amp#27;[35m[@503 - main]&amp#27;[m &amp#27;[36mcom.shaft.tools.io.ReportManager&amp#27;[m : Successfully created attachment "API Request - Specifications"
2023-01-22 15:44:33.347 &amp#27;[32m INFO&amp#27;[m &amp#27;[35m[@503 - main]&amp#27;[m &amp#27;[36mcom.shaft.tools.io.ReportManager&amp#27;[m : Successfully created attachment "API Request - JSON Body"
2023-01-22 15:44:33.348 &amp#27;[32m INFO&amp#27;[m &amp#27;[35m[@503 - main]&amp#27;[m &amp#27;[36mcom.shaft.tools.io.ReportManager&amp#27;[m : Successfully created attachment "API Response - JSON Body"
2023-01-22 15:44:33.348 &amp#27;[32m INFO&amp#27;[m &amp#27;[35m[@503 - main]&amp#27;[m &amp#27;[36mcom.shaft.tools.io.ReportManager&amp#27;[m : File Action "DoesFileExist" successfully performed. With the following test data "File Path: "Schemas/InvalidTokenRequest_Unauthorized_schema.json"".
2023-01-22 15:44:33.348 &amp#27;[32m INFO&amp#27;[m &amp#27;[35m[@503 - main]&amp#27;[m &amp#27;[36mcom.shaft.tools.io.ReportManager&amp#27;[m : File Action "DoesFileExist" successfully performed. With the following test data "File Path: "src/test/resources/testDataFiles/Schemas/InvalidTokenRequest_Unauthorized_schema.json"".
2023-01-22 15:44:33.348 &amp#27;[32m INFO&amp#27;[m &amp#27;[35m[@503 - main]&amp#27;[m &amp#27;[36mcom.shaft.tools.io.ReportManager&amp#27;[m : File Action "GetAbsolutePath" successfully performed. With the following test data "Relative Folder Path: "src/test/resources/testDataFiles/Schemas/InvalidTokenRequest_Unauthorized_schema.json"".
2023-01-22 15:44:33.350 &amp#27;[32m INFO&amp#27;[m &amp#27;[35m[@503 - main]&amp#27;[m &amp#27;[36mcom.shaft.tools.io.ReportManager&amp#27;[m : File Action "DoesFileExist" successfully performed. With the following test data "File Path: "C:\eclipse-workspace\MyProjects\TASystemsAPIs\src\test\resources\testDataFiles\Schemas\InvalidTokenRequest_Unauthorized_schema.json"".
2023-01-22 15:44:33.350 &amp#27;[32m INFO&amp#27;[m &amp#27;[35m[@503 - main]&amp#27;[m &amp#27;[36mcom.shaft.tools.io.ReportManager&amp#27;[m : File Action "GetAbsolutePath" successfully performed. With the following test data "Relative Folder Path: "C:\eclipse-workspace\MyProjects\TASystemsAPIs\src\test\resources\testDataFiles\Schemas\InvalidTokenRequest_Unauthorized_schema.json"".
2023-01-22 15:44:33.351 &amp#27;[32m INFO&amp#27;[m &amp#27;[35m[@503 - main]&amp#27;[m &amp#27;[36mcom.shaft.tools.io.ReportManager&amp#27;[m : File Action "ReadFile" successfully performed. With the following test data "File Path: "C:\eclipse-workspace\MyProjects\TASystemsAPIs\src\test\resources\testDataFiles\Schemas\InvalidTokenRequest_Unauthorized_schema.json"".
2023-01-22 15:44:33.352 &amp#27;[32m INFO&amp#27;[m &amp#27;[35m[@503 - main]&amp#27;[m &amp#27;[36mcom.shaft.tools.io.ReportManager&amp#27;[m : Successfully created attachment "Validation Test Data - Expected JSON Value"
2023-01-22 15:44:33.352 &amp#27;[32m INFO&amp#27;[m &amp#27;[35m[@503 - main]&amp#27;[m &amp#27;[36mcom.shaft.tools.io.ReportManager&amp#27;[m : Successfully created attachment "Validation Test Data - Actual JSON Value"
2023-01-22 15:44:33.353 &amp#27;[32m INFO&amp#27;[m &amp#27;[35m[@503 - main]&amp#27;[m &amp#27;[36mcom.shaft.tools.io.ReportManager&amp#27;[m : Successfully created attachment "SHAFT Engine Logs - Current Method log: InValid_Update_Payment_Policy_With_Missing_Token_TC"
]]></system-out>
  </testcase>
  <testcase name="InValid_Update_Payment_Policy_With_Missing_Token_TC[[Ljava.lang.Object;@492d0ab4](2)" classname="SteeringCompanyAPI_TestCases.Test_Policies_Cases" time="0.547">
    <system-out><![CDATA[2023-01-22 15:44:33.355 &amp#27;[32m INFO&amp#27;[m &amp#27;[35m[@534 - main]&amp#27;[m &amp#27;[36mcom.shaft.tools.io.ReportManager&amp#27;[m : 
################################################################################################################################################
Starting Execution:	"178 out of 70" test cases in the current suite
Test Method:		"SteeringCompanyAPI_TestCases.Test_Policies_Cases.InValid_Update_Payment_Policy_With_Missing_Token_TC"
Test Description:	"TC036 -Policy- Perform Update Payment Policy With Missing Token"
################################################################################################################################################
2023-01-22 15:44:33.355 &amp#27;[32m INFO&amp#27;[m &amp#27;[35m[@503 - main]&amp#27;[m &amp#27;[36mcom.shaft.tools.io.ReportManager&amp#27;[m : File Action "DoesFileExist" successfully performed. With the following test data "File Path: "SteeringCompanyAPI_TestData/SteeringCompanyAPI_TestData.xlsx"".
2023-01-22 15:44:33.374 &amp#27;[32m INFO&amp#27;[m &amp#27;[35m[@503 - main]&amp#27;[m &amp#27;[36mcom.shaft.tools.io.ReportManager&amp#27;[m : Successfully created attachment "Test Data - Excel"
2023-01-22 15:44:33.374 &amp#27;[32m INFO&amp#27;[m &amp#27;[35m[@503 - main]&amp#27;[m &amp#27;[36mcom.shaft.tools.io.ReportManager&amp#27;[m : File Action "DoesFileExist" successfully performed. With the following test data "File Path: "SteeringCompanyAPI_TestData/SteeringCompanyAPI_TestData.xlsx"".
2023-01-22 15:44:33.396 &amp#27;[32m INFO&amp#27;[m &amp#27;[35m[@503 - main]&amp#27;[m &amp#27;[36mcom.shaft.tools.io.ReportManager&amp#27;[m : Successfully created attachment "Test Data - Excel"
2023-01-22 15:44:33.396 &amp#27;[32m INFO&amp#27;[m &amp#27;[35m[@503 - main]&amp#27;[m &amp#27;[36mcom.shaft.tools.io.ReportManager&amp#27;[m : File Action "DoesFileExist" successfully performed. With the following test data "File Path: "SteeringCompanyAPI_TestData/SteeringCompanyAPI_TestData.xlsx"".
2023-01-22 15:44:33.424 &amp#27;[32m INFO&amp#27;[m &amp#27;[35m[@503 - main]&amp#27;[m &amp#27;[36mcom.shaft.tools.io.ReportManager&amp#27;[m : Successfully created attachment "Test Data - Excel"
2023-01-22 15:44:33.875 &amp#27;[32m INFO&amp#27;[m &amp#27;[35m[@503 - main]&amp#27;[m &amp#27;[36mcom.shaft.tools.io.ReportManager&amp#27;[m : Response status code: "401", status line: "HTTP/1.1 401 "
2023-01-22 15:44:33.886 &amp#27;[32m INFO&amp#27;[m &amp#27;[35m[@503 - main]&amp#27;[m &amp#27;[36mcom.shaft.tools.io.ReportManager&amp#27;[m : Successfully created attachment "API Request - Specifications"
2023-01-22 15:44:33.887 &amp#27;[32m INFO&amp#27;[m &amp#27;[35m[@503 - main]&amp#27;[m &amp#27;[36mcom.shaft.tools.io.ReportManager&amp#27;[m : Successfully created attachment "API Request - JSON Body"
2023-01-22 15:44:33.890 &amp#27;[32m INFO&amp#27;[m &amp#27;[35m[@503 - main]&amp#27;[m &amp#27;[36mcom.shaft.tools.io.ReportManager&amp#27;[m : Successfully created attachment "API Response - JSON Body"
2023-01-22 15:44:33.893 &amp#27;[32m INFO&amp#27;[m &amp#27;[35m[@503 - main]&amp#27;[m &amp#27;[36mcom.shaft.tools.io.ReportManager&amp#27;[m : File Action "DoesFileExist" successfully performed. With the following test data "File Path: "Schemas/InvalidTokenRequest_Unauthorized_schema.json"".
2023-01-22 15:44:33.893 &amp#27;[32m INFO&amp#27;[m &amp#27;[35m[@503 - main]&amp#27;[m &amp#27;[36mcom.shaft.tools.io.ReportManager&amp#27;[m : File Action "DoesFileExist" successfully performed. With the following test data "File Path: "src/test/resources/testDataFiles/Schemas/InvalidTokenRequest_Unauthorized_schema.json"".
2023-01-22 15:44:33.893 &amp#27;[32m INFO&amp#27;[m &amp#27;[35m[@503 - main]&amp#27;[m &amp#27;[36mcom.shaft.tools.io.ReportManager&amp#27;[m : File Action "GetAbsolutePath" successfully performed. With the following test data "Relative Folder Path: "src/test/resources/testDataFiles/Schemas/InvalidTokenRequest_Unauthorized_schema.json"".
2023-01-22 15:44:33.895 &amp#27;[32m INFO&amp#27;[m &amp#27;[35m[@503 - main]&amp#27;[m &amp#27;[36mcom.shaft.tools.io.ReportManager&amp#27;[m : File Action "DoesFileExist" successfully performed. With the following test data "File Path: "C:\eclipse-workspace\MyProjects\TASystemsAPIs\src\test\resources\testDataFiles\Schemas\InvalidTokenRequest_Unauthorized_schema.json"".
2023-01-22 15:44:33.895 &amp#27;[32m INFO&amp#27;[m &amp#27;[35m[@503 - main]&amp#27;[m &amp#27;[36mcom.shaft.tools.io.ReportManager&amp#27;[m : File Action "GetAbsolutePath" successfully performed. With the following test data "Relative Folder Path: "C:\eclipse-workspace\MyProjects\TASystemsAPIs\src\test\resources\testDataFiles\Schemas\InvalidTokenRequest_Unauthorized_schema.json"".
2023-01-22 15:44:33.895 &amp#27;[32m INFO&amp#27;[m &amp#27;[35m[@503 - main]&amp#27;[m &amp#27;[36mcom.shaft.tools.io.ReportManager&amp#27;[m : File Action "ReadFile" successfully performed. With the following test data "File Path: "C:\eclipse-workspace\MyProjects\TASystemsAPIs\src\test\resources\testDataFiles\Schemas\InvalidTokenRequest_Unauthorized_schema.json"".
2023-01-22 15:44:33.896 &amp#27;[32m INFO&amp#27;[m &amp#27;[35m[@503 - main]&amp#27;[m &amp#27;[36mcom.shaft.tools.io.ReportManager&amp#27;[m : Successfully created attachment "Validation Test Data - Expected JSON Value"
2023-01-22 15:44:33.897 &amp#27;[32m INFO&amp#27;[m &amp#27;[35m[@503 - main]&amp#27;[m &amp#27;[36mcom.shaft.tools.io.ReportManager&amp#27;[m : Successfully created attachment "Validation Test Data - Actual JSON Value"
2023-01-22 15:44:33.898 &amp#27;[32m INFO&amp#27;[m &amp#27;[35m[@503 - main]&amp#27;[m &amp#27;[36mcom.shaft.tools.io.ReportManager&amp#27;[m : Successfully created attachment "SHAFT Engine Logs - Current Method log: InValid_Update_Payment_Policy_With_Missing_Token_TC"
]]></system-out>
  </testcase>
  <testcase name="InValid_Update_Tax_Policy_With_InValid_Token_TC[[Ljava.lang.Object;@23b65ee5](1)" classname="SteeringCompanyAPI_TestCases.Test_Policies_Cases" time="0.618">
    <system-out><![CDATA[2023-01-22 15:44:33.904 &amp#27;[32m INFO&amp#27;[m &amp#27;[35m[@534 - main]&amp#27;[m &amp#27;[36mcom.shaft.tools.io.ReportManager&amp#27;[m : 
################################################################################################################################################
Starting Execution:	"179 out of 70" test cases in the current suite
Test Method:		"SteeringCompanyAPI_TestCases.Test_Policies_Cases.InValid_Update_Tax_Policy_With_InValid_Token_TC"
Test Description:	"TC033 -Policy- Perform Update Tax Policy With Invalid/Expired Token"
################################################################################################################################################
2023-01-22 15:44:33.905 &amp#27;[32m INFO&amp#27;[m &amp#27;[35m[@503 - main]&amp#27;[m &amp#27;[36mcom.shaft.tools.io.ReportManager&amp#27;[m : File Action "DoesFileExist" successfully performed. With the following test data "File Path: "SteeringCompanyAPI_TestData/SteeringCompanyAPI_TestData.xlsx"".
2023-01-22 15:44:33.926 &amp#27;[32m INFO&amp#27;[m &amp#27;[35m[@503 - main]&amp#27;[m &amp#27;[36mcom.shaft.tools.io.ReportManager&amp#27;[m : Successfully created attachment "Test Data - Excel"
2023-01-22 15:44:33.926 &amp#27;[32m INFO&amp#27;[m &amp#27;[35m[@503 - main]&amp#27;[m &amp#27;[36mcom.shaft.tools.io.ReportManager&amp#27;[m : File Action "DoesFileExist" successfully performed. With the following test data "File Path: "SteeringCompanyAPI_TestData/SteeringCompanyAPI_TestData.xlsx"".
2023-01-22 15:44:33.978 &amp#27;[32m INFO&amp#27;[m &amp#27;[35m[@503 - main]&amp#27;[m &amp#27;[36mcom.shaft.tools.io.ReportManager&amp#27;[m : Successfully created attachment "Test Data - Excel"
2023-01-22 15:44:33.978 &amp#27;[32m INFO&amp#27;[m &amp#27;[35m[@503 - main]&amp#27;[m &amp#27;[36mcom.shaft.tools.io.ReportManager&amp#27;[m : File Action "DoesFileExist" successfully performed. With the following test data "File Path: "SteeringCompanyAPI_TestData/SteeringCompanyAPI_TestData.xlsx"".
2023-01-22 15:44:34.043 &amp#27;[32m INFO&amp#27;[m &amp#27;[35m[@503 - main]&amp#27;[m &amp#27;[36mcom.shaft.tools.io.ReportManager&amp#27;[m : Successfully created attachment "Test Data - Excel"
2023-01-22 15:44:34.516 &amp#27;[32m INFO&amp#27;[m &amp#27;[35m[@503 - main]&amp#27;[m &amp#27;[36mcom.shaft.tools.io.ReportManager&amp#27;[m : Response status code: "401", status line: "HTTP/1.1 401 "
2023-01-22 15:44:34.517 &amp#27;[32m INFO&amp#27;[m &amp#27;[35m[@503 - main]&amp#27;[m &amp#27;[36mcom.shaft.tools.io.ReportManager&amp#27;[m : Successfully created attachment "API Request - Specifications"
2023-01-22 15:44:34.517 &amp#27;[32m INFO&amp#27;[m &amp#27;[35m[@503 - main]&amp#27;[m &amp#27;[36mcom.shaft.tools.io.ReportManager&amp#27;[m : Successfully created attachment "API Request - JSON Body"
2023-01-22 15:44:34.518 &amp#27;[32m INFO&amp#27;[m &amp#27;[35m[@503 - main]&amp#27;[m &amp#27;[36mcom.shaft.tools.io.ReportManager&amp#27;[m : Successfully created attachment "API Response - JSON Body"
2023-01-22 15:44:34.521 &amp#27;[32m INFO&amp#27;[m &amp#27;[35m[@503 - main]&amp#27;[m &amp#27;[36mcom.shaft.tools.io.ReportManager&amp#27;[m : Successfully created attachment "SHAFT Engine Logs - Current Method log: InValid_Update_Tax_Policy_With_InValid_Token_TC"
]]></system-out>
  </testcase>
  <testcase name="InValid_Update_Tax_Policy_With_InValid_Token_TC[[Ljava.lang.Object;@5bd49206](2)" classname="SteeringCompanyAPI_TestCases.Test_Policies_Cases" time="0.518">
    <system-out><![CDATA[2023-01-22 15:44:34.523 &amp#27;[32m INFO&amp#27;[m &amp#27;[35m[@534 - main]&amp#27;[m &amp#27;[36mcom.shaft.tools.io.ReportManager&amp#27;[m : 
################################################################################################################################################
Starting Execution:	"180 out of 70" test cases in the current suite
Test Method:		"SteeringCompanyAPI_TestCases.Test_Policies_Cases.InValid_Update_Tax_Policy_With_InValid_Token_TC"
Test Description:	"TC033 -Policy- Perform Update Tax Policy With Invalid/Expired Token"
################################################################################################################################################
2023-01-22 15:44:34.524 &amp#27;[32m INFO&amp#27;[m &amp#27;[35m[@503 - main]&amp#27;[m &amp#27;[36mcom.shaft.tools.io.ReportManager&amp#27;[m : File Action "DoesFileExist" successfully performed. With the following test data "File Path: "SteeringCompanyAPI_TestData/SteeringCompanyAPI_TestData.xlsx"".
2023-01-22 15:44:34.546 &amp#27;[32m INFO&amp#27;[m &amp#27;[35m[@503 - main]&amp#27;[m &amp#27;[36mcom.shaft.tools.io.ReportManager&amp#27;[m : Successfully created attachment "Test Data - Excel"
2023-01-22 15:44:34.546 &amp#27;[32m INFO&amp#27;[m &amp#27;[35m[@503 - main]&amp#27;[m &amp#27;[36mcom.shaft.tools.io.ReportManager&amp#27;[m : File Action "DoesFileExist" successfully performed. With the following test data "File Path: "SteeringCompanyAPI_TestData/SteeringCompanyAPI_TestData.xlsx"".
2023-01-22 15:44:34.567 &amp#27;[32m INFO&amp#27;[m &amp#27;[35m[@503 - main]&amp#27;[m &amp#27;[36mcom.shaft.tools.io.ReportManager&amp#27;[m : Successfully created attachment "Test Data - Excel"
2023-01-22 15:44:34.567 &amp#27;[32m INFO&amp#27;[m &amp#27;[35m[@503 - main]&amp#27;[m &amp#27;[36mcom.shaft.tools.io.ReportManager&amp#27;[m : File Action "DoesFileExist" successfully performed. With the following test data "File Path: "SteeringCompanyAPI_TestData/SteeringCompanyAPI_TestData.xlsx"".
2023-01-22 15:44:34.587 &amp#27;[32m INFO&amp#27;[m &amp#27;[35m[@503 - main]&amp#27;[m &amp#27;[36mcom.shaft.tools.io.ReportManager&amp#27;[m : Successfully created attachment "Test Data - Excel"
2023-01-22 15:44:35.032 &amp#27;[32m INFO&amp#27;[m &amp#27;[35m[@503 - main]&amp#27;[m &amp#27;[36mcom.shaft.tools.io.ReportManager&amp#27;[m : Response status code: "401", status line: "HTTP/1.1 401 "
2023-01-22 15:44:35.034 &amp#27;[32m INFO&amp#27;[m &amp#27;[35m[@503 - main]&amp#27;[m &amp#27;[36mcom.shaft.tools.io.ReportManager&amp#27;[m : Successfully created attachment "API Request - Specifications"
2023-01-22 15:44:35.035 &amp#27;[32m INFO&amp#27;[m &amp#27;[35m[@503 - main]&amp#27;[m &amp#27;[36mcom.shaft.tools.io.ReportManager&amp#27;[m : Successfully created attachment "API Request - JSON Body"
2023-01-22 15:44:35.038 &amp#27;[32m INFO&amp#27;[m &amp#27;[35m[@503 - main]&amp#27;[m &amp#27;[36mcom.shaft.tools.io.ReportManager&amp#27;[m : Successfully created attachment "API Response - JSON Body"
2023-01-22 15:44:35.039 &amp#27;[32m INFO&amp#27;[m &amp#27;[35m[@503 - main]&amp#27;[m &amp#27;[36mcom.shaft.tools.io.ReportManager&amp#27;[m : Successfully created attachment "SHAFT Engine Logs - Current Method log: InValid_Update_Tax_Policy_With_InValid_Token_TC"
]]></system-out>
  </testcase>
  <testcase name="InValid_Update_Tax_Policy_With_Missing_Token_TC[[Ljava.lang.Object;@7f595b15](1)" classname="SteeringCompanyAPI_TestCases.Test_Policies_Cases" time="0.543">
    <system-out><![CDATA[2023-01-22 15:44:35.044 &amp#27;[32m INFO&amp#27;[m &amp#27;[35m[@534 - main]&amp#27;[m &amp#27;[36mcom.shaft.tools.io.ReportManager&amp#27;[m : 
################################################################################################################################################
Starting Execution:	"181 out of 70" test cases in the current suite
Test Method:		"SteeringCompanyAPI_TestCases.Test_Policies_Cases.InValid_Update_Tax_Policy_With_Missing_Token_TC"
Test Description:	"TC032 -Policy- Perform Update Tax Policy With Missing Token"
################################################################################################################################################
2023-01-22 15:44:35.044 &amp#27;[32m INFO&amp#27;[m &amp#27;[35m[@503 - main]&amp#27;[m &amp#27;[36mcom.shaft.tools.io.ReportManager&amp#27;[m : File Action "DoesFileExist" successfully performed. With the following test data "File Path: "SteeringCompanyAPI_TestData/SteeringCompanyAPI_TestData.xlsx"".
2023-01-22 15:44:35.066 &amp#27;[32m INFO&amp#27;[m &amp#27;[35m[@503 - main]&amp#27;[m &amp#27;[36mcom.shaft.tools.io.ReportManager&amp#27;[m : Successfully created attachment "Test Data - Excel"
2023-01-22 15:44:35.066 &amp#27;[32m INFO&amp#27;[m &amp#27;[35m[@503 - main]&amp#27;[m &amp#27;[36mcom.shaft.tools.io.ReportManager&amp#27;[m : File Action "DoesFileExist" successfully performed. With the following test data "File Path: "SteeringCompanyAPI_TestData/SteeringCompanyAPI_TestData.xlsx"".
2023-01-22 15:44:35.094 &amp#27;[32m INFO&amp#27;[m &amp#27;[35m[@503 - main]&amp#27;[m &amp#27;[36mcom.shaft.tools.io.ReportManager&amp#27;[m : Successfully created attachment "Test Data - Excel"
2023-01-22 15:44:35.094 &amp#27;[32m INFO&amp#27;[m &amp#27;[35m[@503 - main]&amp#27;[m &amp#27;[36mcom.shaft.tools.io.ReportManager&amp#27;[m : File Action "DoesFileExist" successfully performed. With the following test data "File Path: "SteeringCompanyAPI_TestData/SteeringCompanyAPI_TestData.xlsx"".
2023-01-22 15:44:35.119 &amp#27;[32m INFO&amp#27;[m &amp#27;[35m[@503 - main]&amp#27;[m &amp#27;[36mcom.shaft.tools.io.ReportManager&amp#27;[m : Successfully created attachment "Test Data - Excel"
2023-01-22 15:44:35.564 &amp#27;[32m INFO&amp#27;[m &amp#27;[35m[@503 - main]&amp#27;[m &amp#27;[36mcom.shaft.tools.io.ReportManager&amp#27;[m : Response status code: "401", status line: "HTTP/1.1 401 "
2023-01-22 15:44:35.574 &amp#27;[32m INFO&amp#27;[m &amp#27;[35m[@503 - main]&amp#27;[m &amp#27;[36mcom.shaft.tools.io.ReportManager&amp#27;[m : Successfully created attachment "API Request - Specifications"
2023-01-22 15:44:35.576 &amp#27;[32m INFO&amp#27;[m &amp#27;[35m[@503 - main]&amp#27;[m &amp#27;[36mcom.shaft.tools.io.ReportManager&amp#27;[m : Successfully created attachment "API Request - JSON Body"
2023-01-22 15:44:35.578 &amp#27;[32m INFO&amp#27;[m &amp#27;[35m[@503 - main]&amp#27;[m &amp#27;[36mcom.shaft.tools.io.ReportManager&amp#27;[m : Successfully created attachment "API Response - JSON Body"
2023-01-22 15:44:35.578 &amp#27;[32m INFO&amp#27;[m &amp#27;[35m[@503 - main]&amp#27;[m &amp#27;[36mcom.shaft.tools.io.ReportManager&amp#27;[m : File Action "DoesFileExist" successfully performed. With the following test data "File Path: "Schemas/InvalidTokenRequest_Unauthorized_schema.json"".
2023-01-22 15:44:35.578 &amp#27;[32m INFO&amp#27;[m &amp#27;[35m[@503 - main]&amp#27;[m &amp#27;[36mcom.shaft.tools.io.ReportManager&amp#27;[m : File Action "DoesFileExist" successfully performed. With the following test data "File Path: "src/test/resources/testDataFiles/Schemas/InvalidTokenRequest_Unauthorized_schema.json"".
2023-01-22 15:44:35.579 &amp#27;[32m INFO&amp#27;[m &amp#27;[35m[@503 - main]&amp#27;[m &amp#27;[36mcom.shaft.tools.io.ReportManager&amp#27;[m : File Action "GetAbsolutePath" successfully performed. With the following test data "Relative Folder Path: "src/test/resources/testDataFiles/Schemas/InvalidTokenRequest_Unauthorized_schema.json"".
2023-01-22 15:44:35.580 &amp#27;[32m INFO&amp#27;[m &amp#27;[35m[@503 - main]&amp#27;[m &amp#27;[36mcom.shaft.tools.io.ReportManager&amp#27;[m : File Action "DoesFileExist" successfully performed. With the following test data "File Path: "C:\eclipse-workspace\MyProjects\TASystemsAPIs\src\test\resources\testDataFiles\Schemas\InvalidTokenRequest_Unauthorized_schema.json"".
2023-01-22 15:44:35.580 &amp#27;[32m INFO&amp#27;[m &amp#27;[35m[@503 - main]&amp#27;[m &amp#27;[36mcom.shaft.tools.io.ReportManager&amp#27;[m : File Action "GetAbsolutePath" successfully performed. With the following test data "Relative Folder Path: "C:\eclipse-workspace\MyProjects\TASystemsAPIs\src\test\resources\testDataFiles\Schemas\InvalidTokenRequest_Unauthorized_schema.json"".
2023-01-22 15:44:35.580 &amp#27;[32m INFO&amp#27;[m &amp#27;[35m[@503 - main]&amp#27;[m &amp#27;[36mcom.shaft.tools.io.ReportManager&amp#27;[m : File Action "ReadFile" successfully performed. With the following test data "File Path: "C:\eclipse-workspace\MyProjects\TASystemsAPIs\src\test\resources\testDataFiles\Schemas\InvalidTokenRequest_Unauthorized_schema.json"".
2023-01-22 15:44:35.582 &amp#27;[32m INFO&amp#27;[m &amp#27;[35m[@503 - main]&amp#27;[m &amp#27;[36mcom.shaft.tools.io.ReportManager&amp#27;[m : Successfully created attachment "Validation Test Data - Expected JSON Value"
2023-01-22 15:44:35.582 &amp#27;[32m INFO&amp#27;[m &amp#27;[35m[@503 - main]&amp#27;[m &amp#27;[36mcom.shaft.tools.io.ReportManager&amp#27;[m : Successfully created attachment "Validation Test Data - Actual JSON Value"
2023-01-22 15:44:35.583 &amp#27;[32m INFO&amp#27;[m &amp#27;[35m[@503 - main]&amp#27;[m &amp#27;[36mcom.shaft.tools.io.ReportManager&amp#27;[m : Successfully created attachment "SHAFT Engine Logs - Current Method log: InValid_Update_Tax_Policy_With_Missing_Token_TC"
]]></system-out>
  </testcase>
  <testcase name="InValid_Update_Tax_Policy_With_Missing_Token_TC[[Ljava.lang.Object;@6e66a07e](2)" classname="SteeringCompanyAPI_TestCases.Test_Policies_Cases" time="0.545">
    <system-out><![CDATA[2023-01-22 15:44:35.586 &amp#27;[32m INFO&amp#27;[m &amp#27;[35m[@534 - main]&amp#27;[m &amp#27;[36mcom.shaft.tools.io.ReportManager&amp#27;[m : 
################################################################################################################################################
Starting Execution:	"182 out of 70" test cases in the current suite
Test Method:		"SteeringCompanyAPI_TestCases.Test_Policies_Cases.InValid_Update_Tax_Policy_With_Missing_Token_TC"
Test Description:	"TC032 -Policy- Perform Update Tax Policy With Missing Token"
################################################################################################################################################
2023-01-22 15:44:35.586 &amp#27;[32m INFO&amp#27;[m &amp#27;[35m[@503 - main]&amp#27;[m &amp#27;[36mcom.shaft.tools.io.ReportManager&amp#27;[m : File Action "DoesFileExist" successfully performed. With the following test data "File Path: "SteeringCompanyAPI_TestData/SteeringCompanyAPI_TestData.xlsx"".
2023-01-22 15:44:35.605 &amp#27;[32m INFO&amp#27;[m &amp#27;[35m[@503 - main]&amp#27;[m &amp#27;[36mcom.shaft.tools.io.ReportManager&amp#27;[m : Successfully created attachment "Test Data - Excel"
2023-01-22 15:44:35.605 &amp#27;[32m INFO&amp#27;[m &amp#27;[35m[@503 - main]&amp#27;[m &amp#27;[36mcom.shaft.tools.io.ReportManager&amp#27;[m : File Action "DoesFileExist" successfully performed. With the following test data "File Path: "SteeringCompanyAPI_TestData/SteeringCompanyAPI_TestData.xlsx"".
2023-01-22 15:44:35.629 &amp#27;[32m INFO&amp#27;[m &amp#27;[35m[@503 - main]&amp#27;[m &amp#27;[36mcom.shaft.tools.io.ReportManager&amp#27;[m : Successfully created attachment "Test Data - Excel"
2023-01-22 15:44:35.630 &amp#27;[32m INFO&amp#27;[m &amp#27;[35m[@503 - main]&amp#27;[m &amp#27;[36mcom.shaft.tools.io.ReportManager&amp#27;[m : File Action "DoesFileExist" successfully performed. With the following test data "File Path: "SteeringCompanyAPI_TestData/SteeringCompanyAPI_TestData.xlsx"".
2023-01-22 15:44:35.658 &amp#27;[32m INFO&amp#27;[m &amp#27;[35m[@503 - main]&amp#27;[m &amp#27;[36mcom.shaft.tools.io.ReportManager&amp#27;[m : Successfully created attachment "Test Data - Excel"
2023-01-22 15:44:36.111 &amp#27;[32m INFO&amp#27;[m &amp#27;[35m[@503 - main]&amp#27;[m &amp#27;[36mcom.shaft.tools.io.ReportManager&amp#27;[m : Response status code: "401", status line: "HTTP/1.1 401 "
2023-01-22 15:44:36.121 &amp#27;[32m INFO&amp#27;[m &amp#27;[35m[@503 - main]&amp#27;[m &amp#27;[36mcom.shaft.tools.io.ReportManager&amp#27;[m : Successfully created attachment "API Request - Specifications"
2023-01-22 15:44:36.122 &amp#27;[32m INFO&amp#27;[m &amp#27;[35m[@503 - main]&amp#27;[m &amp#27;[36mcom.shaft.tools.io.ReportManager&amp#27;[m : Successfully created attachment "API Request - JSON Body"
2023-01-22 15:44:36.123 &amp#27;[32m INFO&amp#27;[m &amp#27;[35m[@503 - main]&amp#27;[m &amp#27;[36mcom.shaft.tools.io.ReportManager&amp#27;[m : Successfully created attachment "API Response - JSON Body"
2023-01-22 15:44:36.123 &amp#27;[32m INFO&amp#27;[m &amp#27;[35m[@503 - main]&amp#27;[m &amp#27;[36mcom.shaft.tools.io.ReportManager&amp#27;[m : File Action "DoesFileExist" successfully performed. With the following test data "File Path: "Schemas/InvalidTokenRequest_Unauthorized_schema.json"".
2023-01-22 15:44:36.123 &amp#27;[32m INFO&amp#27;[m &amp#27;[35m[@503 - main]&amp#27;[m &amp#27;[36mcom.shaft.tools.io.ReportManager&amp#27;[m : File Action "DoesFileExist" successfully performed. With the following test data "File Path: "src/test/resources/testDataFiles/Schemas/InvalidTokenRequest_Unauthorized_schema.json"".
2023-01-22 15:44:36.123 &amp#27;[32m INFO&amp#27;[m &amp#27;[35m[@503 - main]&amp#27;[m &amp#27;[36mcom.shaft.tools.io.ReportManager&amp#27;[m : File Action "GetAbsolutePath" successfully performed. With the following test data "Relative Folder Path: "src/test/resources/testDataFiles/Schemas/InvalidTokenRequest_Unauthorized_schema.json"".
2023-01-22 15:44:36.126 &amp#27;[32m INFO&amp#27;[m &amp#27;[35m[@503 - main]&amp#27;[m &amp#27;[36mcom.shaft.tools.io.ReportManager&amp#27;[m : File Action "DoesFileExist" successfully performed. With the following test data "File Path: "C:\eclipse-workspace\MyProjects\TASystemsAPIs\src\test\resources\testDataFiles\Schemas\InvalidTokenRequest_Unauthorized_schema.json"".
2023-01-22 15:44:36.126 &amp#27;[32m INFO&amp#27;[m &amp#27;[35m[@503 - main]&amp#27;[m &amp#27;[36mcom.shaft.tools.io.ReportManager&amp#27;[m : File Action "GetAbsolutePath" successfully performed. With the following test data "Relative Folder Path: "C:\eclipse-workspace\MyProjects\TASystemsAPIs\src\test\resources\testDataFiles\Schemas\InvalidTokenRequest_Unauthorized_schema.json"".
2023-01-22 15:44:36.126 &amp#27;[32m INFO&amp#27;[m &amp#27;[35m[@503 - main]&amp#27;[m &amp#27;[36mcom.shaft.tools.io.ReportManager&amp#27;[m : File Action "ReadFile" successfully performed. With the following test data "File Path: "C:\eclipse-workspace\MyProjects\TASystemsAPIs\src\test\resources\testDataFiles\Schemas\InvalidTokenRequest_Unauthorized_schema.json"".
2023-01-22 15:44:36.126 &amp#27;[32m INFO&amp#27;[m &amp#27;[35m[@503 - main]&amp#27;[m &amp#27;[36mcom.shaft.tools.io.ReportManager&amp#27;[m : Successfully created attachment "Validation Test Data - Expected JSON Value"
2023-01-22 15:44:36.126 &amp#27;[32m INFO&amp#27;[m &amp#27;[35m[@503 - main]&amp#27;[m &amp#27;[36mcom.shaft.tools.io.ReportManager&amp#27;[m : Successfully created attachment "Validation Test Data - Actual JSON Value"
2023-01-22 15:44:36.127 &amp#27;[32m INFO&amp#27;[m &amp#27;[35m[@503 - main]&amp#27;[m &amp#27;[36mcom.shaft.tools.io.ReportManager&amp#27;[m : Successfully created attachment "SHAFT Engine Logs - Current Method log: InValid_Update_Tax_Policy_With_Missing_Token_TC"
]]></system-out>
  </testcase>
  <testcase name="InValid_Update_Usage_Policy_With_Invalid_Token_TC[[Ljava.lang.Object;@a338a54](1)" classname="SteeringCompanyAPI_TestCases.Test_Policies_Cases" time="0.526">
    <system-out><![CDATA[2023-01-22 15:44:36.133 &amp#27;[32m INFO&amp#27;[m &amp#27;[35m[@534 - main]&amp#27;[m &amp#27;[36mcom.shaft.tools.io.ReportManager&amp#27;[m : 
################################################################################################################################################
Starting Execution:	"183 out of 70" test cases in the current suite
Test Method:		"SteeringCompanyAPI_TestCases.Test_Policies_Cases.InValid_Update_Usage_Policy_With_Invalid_Token_TC"
Test Description:	"TC035 -Policy- Perform Update Usage Policy With Invalid/Expired Token"
################################################################################################################################################
2023-01-22 15:44:36.133 &amp#27;[32m INFO&amp#27;[m &amp#27;[35m[@503 - main]&amp#27;[m &amp#27;[36mcom.shaft.tools.io.ReportManager&amp#27;[m : File Action "DoesFileExist" successfully performed. With the following test data "File Path: "SteeringCompanyAPI_TestData/SteeringCompanyAPI_TestData.xlsx"".
2023-01-22 15:44:36.156 &amp#27;[32m INFO&amp#27;[m &amp#27;[35m[@503 - main]&amp#27;[m &amp#27;[36mcom.shaft.tools.io.ReportManager&amp#27;[m : Successfully created attachment "Test Data - Excel"
2023-01-22 15:44:36.156 &amp#27;[32m INFO&amp#27;[m &amp#27;[35m[@503 - main]&amp#27;[m &amp#27;[36mcom.shaft.tools.io.ReportManager&amp#27;[m : File Action "DoesFileExist" successfully performed. With the following test data "File Path: "SteeringCompanyAPI_TestData/SteeringCompanyAPI_TestData.xlsx"".
2023-01-22 15:44:36.177 &amp#27;[32m INFO&amp#27;[m &amp#27;[35m[@503 - main]&amp#27;[m &amp#27;[36mcom.shaft.tools.io.ReportManager&amp#27;[m : Successfully created attachment "Test Data - Excel"
2023-01-22 15:44:36.177 &amp#27;[32m INFO&amp#27;[m &amp#27;[35m[@503 - main]&amp#27;[m &amp#27;[36mcom.shaft.tools.io.ReportManager&amp#27;[m : File Action "DoesFileExist" successfully performed. With the following test data "File Path: "SteeringCompanyAPI_TestData/SteeringCompanyAPI_TestData.xlsx"".
2023-01-22 15:44:36.201 &amp#27;[32m INFO&amp#27;[m &amp#27;[35m[@503 - main]&amp#27;[m &amp#27;[36mcom.shaft.tools.io.ReportManager&amp#27;[m : Successfully created attachment "Test Data - Excel"
2023-01-22 15:44:36.651 &amp#27;[32m INFO&amp#27;[m &amp#27;[35m[@503 - main]&amp#27;[m &amp#27;[36mcom.shaft.tools.io.ReportManager&amp#27;[m : Response status code: "401", status line: "HTTP/1.1 401 "
2023-01-22 15:44:36.653 &amp#27;[32m INFO&amp#27;[m &amp#27;[35m[@503 - main]&amp#27;[m &amp#27;[36mcom.shaft.tools.io.ReportManager&amp#27;[m : Successfully created attachment "API Request - Specifications"
2023-01-22 15:44:36.653 &amp#27;[32m INFO&amp#27;[m &amp#27;[35m[@503 - main]&amp#27;[m &amp#27;[36mcom.shaft.tools.io.ReportManager&amp#27;[m : Successfully created attachment "API Request - JSON Body"
2023-01-22 15:44:36.654 &amp#27;[32m INFO&amp#27;[m &amp#27;[35m[@503 - main]&amp#27;[m &amp#27;[36mcom.shaft.tools.io.ReportManager&amp#27;[m : Successfully created attachment "API Response - JSON Body"
2023-01-22 15:44:36.654 &amp#27;[32m INFO&amp#27;[m &amp#27;[35m[@503 - main]&amp#27;[m &amp#27;[36mcom.shaft.tools.io.ReportManager&amp#27;[m : Successfully created attachment "SHAFT Engine Logs - Current Method log: InValid_Update_Usage_Policy_With_Invalid_Token_TC"
]]></system-out>
  </testcase>
  <testcase name="InValid_Update_Usage_Policy_With_Invalid_Token_TC[[Ljava.lang.Object;@2bddd2ed](2)" classname="SteeringCompanyAPI_TestCases.Test_Policies_Cases" time="0.517">
    <system-out><![CDATA[2023-01-22 15:44:36.659 &amp#27;[32m INFO&amp#27;[m &amp#27;[35m[@534 - main]&amp#27;[m &amp#27;[36mcom.shaft.tools.io.ReportManager&amp#27;[m : 
################################################################################################################################################
Starting Execution:	"184 out of 70" test cases in the current suite
Test Method:		"SteeringCompanyAPI_TestCases.Test_Policies_Cases.InValid_Update_Usage_Policy_With_Invalid_Token_TC"
Test Description:	"TC035 -Policy- Perform Update Usage Policy With Invalid/Expired Token"
################################################################################################################################################
2023-01-22 15:44:36.659 &amp#27;[32m INFO&amp#27;[m &amp#27;[35m[@503 - main]&amp#27;[m &amp#27;[36mcom.shaft.tools.io.ReportManager&amp#27;[m : File Action "DoesFileExist" successfully performed. With the following test data "File Path: "SteeringCompanyAPI_TestData/SteeringCompanyAPI_TestData.xlsx"".
2023-01-22 15:44:36.681 &amp#27;[32m INFO&amp#27;[m &amp#27;[35m[@503 - main]&amp#27;[m &amp#27;[36mcom.shaft.tools.io.ReportManager&amp#27;[m : Successfully created attachment "Test Data - Excel"
2023-01-22 15:44:36.681 &amp#27;[32m INFO&amp#27;[m &amp#27;[35m[@503 - main]&amp#27;[m &amp#27;[36mcom.shaft.tools.io.ReportManager&amp#27;[m : File Action "DoesFileExist" successfully performed. With the following test data "File Path: "SteeringCompanyAPI_TestData/SteeringCompanyAPI_TestData.xlsx"".
2023-01-22 15:44:36.700 &amp#27;[32m INFO&amp#27;[m &amp#27;[35m[@503 - main]&amp#27;[m &amp#27;[36mcom.shaft.tools.io.ReportManager&amp#27;[m : Successfully created attachment "Test Data - Excel"
2023-01-22 15:44:36.701 &amp#27;[32m INFO&amp#27;[m &amp#27;[35m[@503 - main]&amp#27;[m &amp#27;[36mcom.shaft.tools.io.ReportManager&amp#27;[m : File Action "DoesFileExist" successfully performed. With the following test data "File Path: "SteeringCompanyAPI_TestData/SteeringCompanyAPI_TestData.xlsx"".
2023-01-22 15:44:36.724 &amp#27;[32m INFO&amp#27;[m &amp#27;[35m[@503 - main]&amp#27;[m &amp#27;[36mcom.shaft.tools.io.ReportManager&amp#27;[m : Successfully created attachment "Test Data - Excel"
2023-01-22 15:44:37.167 &amp#27;[32m INFO&amp#27;[m &amp#27;[35m[@503 - main]&amp#27;[m &amp#27;[36mcom.shaft.tools.io.ReportManager&amp#27;[m : Response status code: "401", status line: "HTTP/1.1 401 "
2023-01-22 15:44:37.168 &amp#27;[32m INFO&amp#27;[m &amp#27;[35m[@503 - main]&amp#27;[m &amp#27;[36mcom.shaft.tools.io.ReportManager&amp#27;[m : Successfully created attachment "API Request - Specifications"
2023-01-22 15:44:37.170 &amp#27;[32m INFO&amp#27;[m &amp#27;[35m[@503 - main]&amp#27;[m &amp#27;[36mcom.shaft.tools.io.ReportManager&amp#27;[m : Successfully created attachment "API Request - JSON Body"
2023-01-22 15:44:37.170 &amp#27;[32m INFO&amp#27;[m &amp#27;[35m[@503 - main]&amp#27;[m &amp#27;[36mcom.shaft.tools.io.ReportManager&amp#27;[m : Successfully created attachment "API Response - JSON Body"
2023-01-22 15:44:37.173 &amp#27;[32m INFO&amp#27;[m &amp#27;[35m[@503 - main]&amp#27;[m &amp#27;[36mcom.shaft.tools.io.ReportManager&amp#27;[m : Successfully created attachment "SHAFT Engine Logs - Current Method log: InValid_Update_Usage_Policy_With_Invalid_Token_TC"
]]></system-out>
  </testcase>
  <testcase name="InValid_Update_Usage_Policy_With_Missing_Token_TC[[Ljava.lang.Object;@7d766484](1)" classname="SteeringCompanyAPI_TestCases.Test_Policies_Cases" time="0.55">
    <system-out><![CDATA[2023-01-22 15:44:37.178 &amp#27;[32m INFO&amp#27;[m &amp#27;[35m[@534 - main]&amp#27;[m &amp#27;[36mcom.shaft.tools.io.ReportManager&amp#27;[m : 
################################################################################################################################################
Starting Execution:	"185 out of 70" test cases in the current suite
Test Method:		"SteeringCompanyAPI_TestCases.Test_Policies_Cases.InValid_Update_Usage_Policy_With_Missing_Token_TC"
Test Description:	"TC034 -Policy- Perform Update Usage Policy With Missing Token"
################################################################################################################################################
2023-01-22 15:44:37.178 &amp#27;[32m INFO&amp#27;[m &amp#27;[35m[@503 - main]&amp#27;[m &amp#27;[36mcom.shaft.tools.io.ReportManager&amp#27;[m : File Action "DoesFileExist" successfully performed. With the following test data "File Path: "SteeringCompanyAPI_TestData/SteeringCompanyAPI_TestData.xlsx"".
2023-01-22 15:44:37.199 &amp#27;[32m INFO&amp#27;[m &amp#27;[35m[@503 - main]&amp#27;[m &amp#27;[36mcom.shaft.tools.io.ReportManager&amp#27;[m : Successfully created attachment "Test Data - Excel"
2023-01-22 15:44:37.200 &amp#27;[32m INFO&amp#27;[m &amp#27;[35m[@503 - main]&amp#27;[m &amp#27;[36mcom.shaft.tools.io.ReportManager&amp#27;[m : File Action "DoesFileExist" successfully performed. With the following test data "File Path: "SteeringCompanyAPI_TestData/SteeringCompanyAPI_TestData.xlsx"".
2023-01-22 15:44:37.225 &amp#27;[32m INFO&amp#27;[m &amp#27;[35m[@503 - main]&amp#27;[m &amp#27;[36mcom.shaft.tools.io.ReportManager&amp#27;[m : Successfully created attachment "Test Data - Excel"
2023-01-22 15:44:37.225 &amp#27;[32m INFO&amp#27;[m &amp#27;[35m[@503 - main]&amp#27;[m &amp#27;[36mcom.shaft.tools.io.ReportManager&amp#27;[m : File Action "DoesFileExist" successfully performed. With the following test data "File Path: "SteeringCompanyAPI_TestData/SteeringCompanyAPI_TestData.xlsx"".
2023-01-22 15:44:37.248 &amp#27;[32m INFO&amp#27;[m &amp#27;[35m[@503 - main]&amp#27;[m &amp#27;[36mcom.shaft.tools.io.ReportManager&amp#27;[m : Successfully created attachment "Test Data - Excel"
2023-01-22 15:44:37.707 &amp#27;[32m INFO&amp#27;[m &amp#27;[35m[@503 - main]&amp#27;[m &amp#27;[36mcom.shaft.tools.io.ReportManager&amp#27;[m : Response status code: "401", status line: "HTTP/1.1 401 "
2023-01-22 15:44:37.717 &amp#27;[32m INFO&amp#27;[m &amp#27;[35m[@503 - main]&amp#27;[m &amp#27;[36mcom.shaft.tools.io.ReportManager&amp#27;[m : Successfully created attachment "API Request - Specifications"
2023-01-22 15:44:37.718 &amp#27;[32m INFO&amp#27;[m &amp#27;[35m[@503 - main]&amp#27;[m &amp#27;[36mcom.shaft.tools.io.ReportManager&amp#27;[m : Successfully created attachment "API Request - JSON Body"
2023-01-22 15:44:37.720 &amp#27;[32m INFO&amp#27;[m &amp#27;[35m[@503 - main]&amp#27;[m &amp#27;[36mcom.shaft.tools.io.ReportManager&amp#27;[m : Successfully created attachment "API Response - JSON Body"
2023-01-22 15:44:37.721 &amp#27;[32m INFO&amp#27;[m &amp#27;[35m[@503 - main]&amp#27;[m &amp#27;[36mcom.shaft.tools.io.ReportManager&amp#27;[m : File Action "DoesFileExist" successfully performed. With the following test data "File Path: "Schemas/InvalidTokenRequest_Unauthorized_schema.json"".
2023-01-22 15:44:37.721 &amp#27;[32m INFO&amp#27;[m &amp#27;[35m[@503 - main]&amp#27;[m &amp#27;[36mcom.shaft.tools.io.ReportManager&amp#27;[m : File Action "DoesFileExist" successfully performed. With the following test data "File Path: "src/test/resources/testDataFiles/Schemas/InvalidTokenRequest_Unauthorized_schema.json"".
2023-01-22 15:44:37.721 &amp#27;[32m INFO&amp#27;[m &amp#27;[35m[@503 - main]&amp#27;[m &amp#27;[36mcom.shaft.tools.io.ReportManager&amp#27;[m : File Action "GetAbsolutePath" successfully performed. With the following test data "Relative Folder Path: "src/test/resources/testDataFiles/Schemas/InvalidTokenRequest_Unauthorized_schema.json"".
2023-01-22 15:44:37.723 &amp#27;[32m INFO&amp#27;[m &amp#27;[35m[@503 - main]&amp#27;[m &amp#27;[36mcom.shaft.tools.io.ReportManager&amp#27;[m : File Action "DoesFileExist" successfully performed. With the following test data "File Path: "C:\eclipse-workspace\MyProjects\TASystemsAPIs\src\test\resources\testDataFiles\Schemas\InvalidTokenRequest_Unauthorized_schema.json"".
2023-01-22 15:44:37.723 &amp#27;[32m INFO&amp#27;[m &amp#27;[35m[@503 - main]&amp#27;[m &amp#27;[36mcom.shaft.tools.io.ReportManager&amp#27;[m : File Action "GetAbsolutePath" successfully performed. With the following test data "Relative Folder Path: "C:\eclipse-workspace\MyProjects\TASystemsAPIs\src\test\resources\testDataFiles\Schemas\InvalidTokenRequest_Unauthorized_schema.json"".
2023-01-22 15:44:37.723 &amp#27;[32m INFO&amp#27;[m &amp#27;[35m[@503 - main]&amp#27;[m &amp#27;[36mcom.shaft.tools.io.ReportManager&amp#27;[m : File Action "ReadFile" successfully performed. With the following test data "File Path: "C:\eclipse-workspace\MyProjects\TASystemsAPIs\src\test\resources\testDataFiles\Schemas\InvalidTokenRequest_Unauthorized_schema.json"".
2023-01-22 15:44:37.724 &amp#27;[32m INFO&amp#27;[m &amp#27;[35m[@503 - main]&amp#27;[m &amp#27;[36mcom.shaft.tools.io.ReportManager&amp#27;[m : Successfully created attachment "Validation Test Data - Expected JSON Value"
2023-01-22 15:44:37.725 &amp#27;[32m INFO&amp#27;[m &amp#27;[35m[@503 - main]&amp#27;[m &amp#27;[36mcom.shaft.tools.io.ReportManager&amp#27;[m : Successfully created attachment "Validation Test Data - Actual JSON Value"
2023-01-22 15:44:37.725 &amp#27;[32m INFO&amp#27;[m &amp#27;[35m[@503 - main]&amp#27;[m &amp#27;[36mcom.shaft.tools.io.ReportManager&amp#27;[m : Successfully created attachment "SHAFT Engine Logs - Current Method log: InValid_Update_Usage_Policy_With_Missing_Token_TC"
]]></system-out>
  </testcase>
  <testcase name="InValid_Update_Usage_Policy_With_Missing_Token_TC[[Ljava.lang.Object;@272dccd3](2)" classname="SteeringCompanyAPI_TestCases.Test_Policies_Cases" time="0.529">
    <system-out><![CDATA[2023-01-22 15:44:37.728 &amp#27;[32m INFO&amp#27;[m &amp#27;[35m[@534 - main]&amp#27;[m &amp#27;[36mcom.shaft.tools.io.ReportManager&amp#27;[m : 
################################################################################################################################################
Starting Execution:	"186 out of 70" test cases in the current suite
Test Method:		"SteeringCompanyAPI_TestCases.Test_Policies_Cases.InValid_Update_Usage_Policy_With_Missing_Token_TC"
Test Description:	"TC034 -Policy- Perform Update Usage Policy With Missing Token"
################################################################################################################################################
2023-01-22 15:44:37.728 &amp#27;[32m INFO&amp#27;[m &amp#27;[35m[@503 - main]&amp#27;[m &amp#27;[36mcom.shaft.tools.io.ReportManager&amp#27;[m : File Action "DoesFileExist" successfully performed. With the following test data "File Path: "SteeringCompanyAPI_TestData/SteeringCompanyAPI_TestData.xlsx"".
2023-01-22 15:44:37.753 &amp#27;[32m INFO&amp#27;[m &amp#27;[35m[@503 - main]&amp#27;[m &amp#27;[36mcom.shaft.tools.io.ReportManager&amp#27;[m : Successfully created attachment "Test Data - Excel"
2023-01-22 15:44:37.753 &amp#27;[32m INFO&amp#27;[m &amp#27;[35m[@503 - main]&amp#27;[m &amp#27;[36mcom.shaft.tools.io.ReportManager&amp#27;[m : File Action "DoesFileExist" successfully performed. With the following test data "File Path: "SteeringCompanyAPI_TestData/SteeringCompanyAPI_TestData.xlsx"".
2023-01-22 15:44:37.773 &amp#27;[32m INFO&amp#27;[m &amp#27;[35m[@503 - main]&amp#27;[m &amp#27;[36mcom.shaft.tools.io.ReportManager&amp#27;[m : Successfully created attachment "Test Data - Excel"
2023-01-22 15:44:37.773 &amp#27;[32m INFO&amp#27;[m &amp#27;[35m[@503 - main]&amp#27;[m &amp#27;[36mcom.shaft.tools.io.ReportManager&amp#27;[m : File Action "DoesFileExist" successfully performed. With the following test data "File Path: "SteeringCompanyAPI_TestData/SteeringCompanyAPI_TestData.xlsx"".
2023-01-22 15:44:37.798 &amp#27;[32m INFO&amp#27;[m &amp#27;[35m[@503 - main]&amp#27;[m &amp#27;[36mcom.shaft.tools.io.ReportManager&amp#27;[m : Successfully created attachment "Test Data - Excel"
2023-01-22 15:44:38.238 &amp#27;[32m INFO&amp#27;[m &amp#27;[35m[@503 - main]&amp#27;[m &amp#27;[36mcom.shaft.tools.io.ReportManager&amp#27;[m : Response status code: "401", status line: "HTTP/1.1 401 "
2023-01-22 15:44:38.246 &amp#27;[32m INFO&amp#27;[m &amp#27;[35m[@503 - main]&amp#27;[m &amp#27;[36mcom.shaft.tools.io.ReportManager&amp#27;[m : Successfully created attachment "API Request - Specifications"
2023-01-22 15:44:38.247 &amp#27;[32m INFO&amp#27;[m &amp#27;[35m[@503 - main]&amp#27;[m &amp#27;[36mcom.shaft.tools.io.ReportManager&amp#27;[m : Successfully created attachment "API Request - JSON Body"
2023-01-22 15:44:38.247 &amp#27;[32m INFO&amp#27;[m &amp#27;[35m[@503 - main]&amp#27;[m &amp#27;[36mcom.shaft.tools.io.ReportManager&amp#27;[m : Successfully created attachment "API Response - JSON Body"
2023-01-22 15:44:38.247 &amp#27;[32m INFO&amp#27;[m &amp#27;[35m[@503 - main]&amp#27;[m &amp#27;[36mcom.shaft.tools.io.ReportManager&amp#27;[m : File Action "DoesFileExist" successfully performed. With the following test data "File Path: "Schemas/InvalidTokenRequest_Unauthorized_schema.json"".
2023-01-22 15:44:38.248 &amp#27;[32m INFO&amp#27;[m &amp#27;[35m[@503 - main]&amp#27;[m &amp#27;[36mcom.shaft.tools.io.ReportManager&amp#27;[m : File Action "DoesFileExist" successfully performed. With the following test data "File Path: "src/test/resources/testDataFiles/Schemas/InvalidTokenRequest_Unauthorized_schema.json"".
2023-01-22 15:44:38.248 &amp#27;[32m INFO&amp#27;[m &amp#27;[35m[@503 - main]&amp#27;[m &amp#27;[36mcom.shaft.tools.io.ReportManager&amp#27;[m : File Action "GetAbsolutePath" successfully performed. With the following test data "Relative Folder Path: "src/test/resources/testDataFiles/Schemas/InvalidTokenRequest_Unauthorized_schema.json"".
2023-01-22 15:44:38.249 &amp#27;[32m INFO&amp#27;[m &amp#27;[35m[@503 - main]&amp#27;[m &amp#27;[36mcom.shaft.tools.io.ReportManager&amp#27;[m : File Action "DoesFileExist" successfully performed. With the following test data "File Path: "C:\eclipse-workspace\MyProjects\TASystemsAPIs\src\test\resources\testDataFiles\Schemas\InvalidTokenRequest_Unauthorized_schema.json"".
2023-01-22 15:44:38.249 &amp#27;[32m INFO&amp#27;[m &amp#27;[35m[@503 - main]&amp#27;[m &amp#27;[36mcom.shaft.tools.io.ReportManager&amp#27;[m : File Action "GetAbsolutePath" successfully performed. With the following test data "Relative Folder Path: "C:\eclipse-workspace\MyProjects\TASystemsAPIs\src\test\resources\testDataFiles\Schemas\InvalidTokenRequest_Unauthorized_schema.json"".
2023-01-22 15:44:38.249 &amp#27;[32m INFO&amp#27;[m &amp#27;[35m[@503 - main]&amp#27;[m &amp#27;[36mcom.shaft.tools.io.ReportManager&amp#27;[m : File Action "ReadFile" successfully performed. With the following test data "File Path: "C:\eclipse-workspace\MyProjects\TASystemsAPIs\src\test\resources\testDataFiles\Schemas\InvalidTokenRequest_Unauthorized_schema.json"".
2023-01-22 15:44:38.252 &amp#27;[32m INFO&amp#27;[m &amp#27;[35m[@503 - main]&amp#27;[m &amp#27;[36mcom.shaft.tools.io.ReportManager&amp#27;[m : Successfully created attachment "Validation Test Data - Expected JSON Value"
2023-01-22 15:44:38.254 &amp#27;[32m INFO&amp#27;[m &amp#27;[35m[@503 - main]&amp#27;[m &amp#27;[36mcom.shaft.tools.io.ReportManager&amp#27;[m : Successfully created attachment "Validation Test Data - Actual JSON Value"
2023-01-22 15:44:38.255 &amp#27;[32m INFO&amp#27;[m &amp#27;[35m[@503 - main]&amp#27;[m &amp#27;[36mcom.shaft.tools.io.ReportManager&amp#27;[m : Successfully created attachment "SHAFT Engine Logs - Current Method log: InValid_Update_Usage_Policy_With_Missing_Token_TC"
]]></system-out>
  </testcase>
  <testcase name="Invalid_GET_all_Policies_with_invalid_Token_TC" classname="SteeringCompanyAPI_TestCases.Test_Policies_Cases" time="1.191">
    <system-out><![CDATA[2023-01-22 15:44:38.257 &amp#27;[32m INFO&amp#27;[m &amp#27;[35m[@534 - main]&amp#27;[m &amp#27;[36mcom.shaft.tools.io.ReportManager&amp#27;[m : 
################################################################################################################################################
Starting Execution:	"187 out of 70" test cases in the current suite
Test Method:		"SteeringCompanyAPI_TestCases.Test_Policies_Cases.Invalid_GET_all_Policies_with_invalid_Token_TC"
Test Description:	"TC004 -Policy- Perform Get all Policies API with invalid or expired Token"
################################################################################################################################################
2023-01-22 15:44:38.257 &amp#27;[32m INFO&amp#27;[m &amp#27;[35m[@503 - main]&amp#27;[m &amp#27;[36mcom.shaft.tools.io.ReportManager&amp#27;[m : File Action "DoesFileExist" successfully performed. With the following test data "File Path: "SteeringCompanyAPI_TestData/SteeringCompanyAPI_TestData.xlsx"".
2023-01-22 15:44:38.277 &amp#27;[32m INFO&amp#27;[m &amp#27;[35m[@503 - main]&amp#27;[m &amp#27;[36mcom.shaft.tools.io.ReportManager&amp#27;[m : Successfully created attachment "Test Data - Excel"
2023-01-22 15:44:38.891 &amp#27;[32m INFO&amp#27;[m &amp#27;[35m[@503 - main]&amp#27;[m &amp#27;[36mcom.shaft.tools.io.ReportManager&amp#27;[m : Response status code: "200", status line: "HTTP/1.1 200 OK"
2023-01-22 15:44:38.902 &amp#27;[32m INFO&amp#27;[m &amp#27;[35m[@503 - main]&amp#27;[m &amp#27;[36mcom.shaft.tools.io.ReportManager&amp#27;[m : Successfully created attachment "API Request - Specifications"
2023-01-22 15:44:38.903 &amp#27;[32m INFO&amp#27;[m &amp#27;[35m[@503 - main]&amp#27;[m &amp#27;[36mcom.shaft.tools.io.ReportManager&amp#27;[m : Successfully created attachment "API Request - Body"
2023-01-22 15:44:38.905 &amp#27;[32m INFO&amp#27;[m &amp#27;[35m[@503 - main]&amp#27;[m &amp#27;[36mcom.shaft.tools.io.ReportManager&amp#27;[m : Successfully created attachment "API Response - JSON Body"
2023-01-22 15:44:38.905 &amp#27;[32m INFO&amp#27;[m &amp#27;[35m[@503 - main]&amp#27;[m &amp#27;[36mcom.shaft.tools.io.ReportManager&amp#27;[m : File Action "DoesFileExist" successfully performed. With the following test data "File Path: "SteeringCompanyAPI_TestData/SteeringCompanyAPI_TestData.xlsx"".
2023-01-22 15:44:38.926 &amp#27;[32m INFO&amp#27;[m &amp#27;[35m[@503 - main]&amp#27;[m &amp#27;[36mcom.shaft.tools.io.ReportManager&amp#27;[m : Successfully created attachment "Test Data - Excel"
2023-01-22 15:44:38.926 &amp#27;[32m INFO&amp#27;[m &amp#27;[35m[@503 - main]&amp#27;[m &amp#27;[36mcom.shaft.tools.io.ReportManager&amp#27;[m : File Action "DoesFileExist" successfully performed. With the following test data "File Path: "SteeringCompanyAPI_TestData/SteeringCompanyAPI_TestData.xlsx"".
2023-01-22 15:44:38.950 &amp#27;[32m INFO&amp#27;[m &amp#27;[35m[@503 - main]&amp#27;[m &amp#27;[36mcom.shaft.tools.io.ReportManager&amp#27;[m : Successfully created attachment "Test Data - Excel"
2023-01-22 15:44:38.950 &amp#27;[32m INFO&amp#27;[m &amp#27;[35m[@503 - main]&amp#27;[m &amp#27;[36mcom.shaft.tools.io.ReportManager&amp#27;[m : File Action "DoesFileExist" successfully performed. With the following test data "File Path: "SteeringCompanyAPI_TestData/SteeringCompanyAPI_TestData.xlsx"".
2023-01-22 15:44:38.986 &amp#27;[32m INFO&amp#27;[m &amp#27;[35m[@503 - main]&amp#27;[m &amp#27;[36mcom.shaft.tools.io.ReportManager&amp#27;[m : Successfully created attachment "Test Data - Excel"
2023-01-22 15:44:39.438 &amp#27;[32m INFO&amp#27;[m &amp#27;[35m[@503 - main]&amp#27;[m &amp#27;[36mcom.shaft.tools.io.ReportManager&amp#27;[m : Response status code: "401", status line: "HTTP/1.1 401 "
2023-01-22 15:44:39.444 &amp#27;[32m INFO&amp#27;[m &amp#27;[35m[@503 - main]&amp#27;[m &amp#27;[36mcom.shaft.tools.io.ReportManager&amp#27;[m : Successfully created attachment "API Request - Specifications"
2023-01-22 15:44:39.445 &amp#27;[32m INFO&amp#27;[m &amp#27;[35m[@503 - main]&amp#27;[m &amp#27;[36mcom.shaft.tools.io.ReportManager&amp#27;[m : Successfully created attachment "API Response - JSON Body"
2023-01-22 15:44:39.446 &amp#27;[32m INFO&amp#27;[m &amp#27;[35m[@503 - main]&amp#27;[m &amp#27;[36mcom.shaft.tools.io.ReportManager&amp#27;[m : Successfully created attachment "SHAFT Engine Logs - Current Method log: Invalid_GET_all_Policies_with_invalid_Token_TC"
]]></system-out>
  </testcase>
  <testcase name="Invalid_GET_all_Policies_with_missing_Token_TC" classname="SteeringCompanyAPI_TestCases.Test_Policies_Cases" time="1.165">
    <system-out><![CDATA[2023-01-22 15:44:39.448 &amp#27;[32m INFO&amp#27;[m &amp#27;[35m[@534 - main]&amp#27;[m &amp#27;[36mcom.shaft.tools.io.ReportManager&amp#27;[m : 
################################################################################################################################################
Starting Execution:	"188 out of 70" test cases in the current suite
Test Method:		"SteeringCompanyAPI_TestCases.Test_Policies_Cases.Invalid_GET_all_Policies_with_missing_Token_TC"
Test Description:	"TC003  -Policy- Perform Get all Policies API with missing Token"
################################################################################################################################################
2023-01-22 15:44:39.448 &amp#27;[32m INFO&amp#27;[m &amp#27;[35m[@503 - main]&amp#27;[m &amp#27;[36mcom.shaft.tools.io.ReportManager&amp#27;[m : File Action "DoesFileExist" successfully performed. With the following test data "File Path: "SteeringCompanyAPI_TestData/SteeringCompanyAPI_TestData.xlsx"".
2023-01-22 15:44:39.471 &amp#27;[32m INFO&amp#27;[m &amp#27;[35m[@503 - main]&amp#27;[m &amp#27;[36mcom.shaft.tools.io.ReportManager&amp#27;[m : Successfully created attachment "Test Data - Excel"
2023-01-22 15:44:40.052 &amp#27;[32m INFO&amp#27;[m &amp#27;[35m[@503 - main]&amp#27;[m &amp#27;[36mcom.shaft.tools.io.ReportManager&amp#27;[m : Response status code: "200", status line: "HTTP/1.1 200 OK"
2023-01-22 15:44:40.063 &amp#27;[32m INFO&amp#27;[m &amp#27;[35m[@503 - main]&amp#27;[m &amp#27;[36mcom.shaft.tools.io.ReportManager&amp#27;[m : Successfully created attachment "API Request - Specifications"
2023-01-22 15:44:40.064 &amp#27;[32m INFO&amp#27;[m &amp#27;[35m[@503 - main]&amp#27;[m &amp#27;[36mcom.shaft.tools.io.ReportManager&amp#27;[m : Successfully created attachment "API Request - Body"
2023-01-22 15:44:40.066 &amp#27;[32m INFO&amp#27;[m &amp#27;[35m[@503 - main]&amp#27;[m &amp#27;[36mcom.shaft.tools.io.ReportManager&amp#27;[m : Successfully created attachment "API Response - JSON Body"
2023-01-22 15:44:40.067 &amp#27;[32m INFO&amp#27;[m &amp#27;[35m[@503 - main]&amp#27;[m &amp#27;[36mcom.shaft.tools.io.ReportManager&amp#27;[m : File Action "DoesFileExist" successfully performed. With the following test data "File Path: "SteeringCompanyAPI_TestData/SteeringCompanyAPI_TestData.xlsx"".
2023-01-22 15:44:40.091 &amp#27;[32m INFO&amp#27;[m &amp#27;[35m[@503 - main]&amp#27;[m &amp#27;[36mcom.shaft.tools.io.ReportManager&amp#27;[m : Successfully created attachment "Test Data - Excel"
2023-01-22 15:44:40.091 &amp#27;[32m INFO&amp#27;[m &amp#27;[35m[@503 - main]&amp#27;[m &amp#27;[36mcom.shaft.tools.io.ReportManager&amp#27;[m : File Action "DoesFileExist" successfully performed. With the following test data "File Path: "SteeringCompanyAPI_TestData/SteeringCompanyAPI_TestData.xlsx"".
2023-01-22 15:44:40.121 &amp#27;[32m INFO&amp#27;[m &amp#27;[35m[@503 - main]&amp#27;[m &amp#27;[36mcom.shaft.tools.io.ReportManager&amp#27;[m : Successfully created attachment "Test Data - Excel"
2023-01-22 15:44:40.121 &amp#27;[32m INFO&amp#27;[m &amp#27;[35m[@503 - main]&amp#27;[m &amp#27;[36mcom.shaft.tools.io.ReportManager&amp#27;[m : File Action "DoesFileExist" successfully performed. With the following test data "File Path: "SteeringCompanyAPI_TestData/SteeringCompanyAPI_TestData.xlsx"".
2023-01-22 15:44:40.144 &amp#27;[32m INFO&amp#27;[m &amp#27;[35m[@503 - main]&amp#27;[m &amp#27;[36mcom.shaft.tools.io.ReportManager&amp#27;[m : Successfully created attachment "Test Data - Excel"
2023-01-22 15:44:40.592 &amp#27;[32m INFO&amp#27;[m &amp#27;[35m[@503 - main]&amp#27;[m &amp#27;[36mcom.shaft.tools.io.ReportManager&amp#27;[m : Response status code: "401", status line: "HTTP/1.1 401 "
2023-01-22 15:44:40.602 &amp#27;[32m INFO&amp#27;[m &amp#27;[35m[@503 - main]&amp#27;[m &amp#27;[36mcom.shaft.tools.io.ReportManager&amp#27;[m : Successfully created attachment "API Request - Specifications"
2023-01-22 15:44:40.604 &amp#27;[32m INFO&amp#27;[m &amp#27;[35m[@503 - main]&amp#27;[m &amp#27;[36mcom.shaft.tools.io.ReportManager&amp#27;[m : Successfully created attachment "API Response - JSON Body"
2023-01-22 15:44:40.604 &amp#27;[32m INFO&amp#27;[m &amp#27;[35m[@503 - main]&amp#27;[m &amp#27;[36mcom.shaft.tools.io.ReportManager&amp#27;[m : File Action "DoesFileExist" successfully performed. With the following test data "File Path: "Schemas/InvalidTokenRequest_Unauthorized_schema.json"".
2023-01-22 15:44:40.604 &amp#27;[32m INFO&amp#27;[m &amp#27;[35m[@503 - main]&amp#27;[m &amp#27;[36mcom.shaft.tools.io.ReportManager&amp#27;[m : File Action "DoesFileExist" successfully performed. With the following test data "File Path: "src/test/resources/testDataFiles/Schemas/InvalidTokenRequest_Unauthorized_schema.json"".
2023-01-22 15:44:40.606 &amp#27;[32m INFO&amp#27;[m &amp#27;[35m[@503 - main]&amp#27;[m &amp#27;[36mcom.shaft.tools.io.ReportManager&amp#27;[m : File Action "GetAbsolutePath" successfully performed. With the following test data "Relative Folder Path: "src/test/resources/testDataFiles/Schemas/InvalidTokenRequest_Unauthorized_schema.json"".
2023-01-22 15:44:40.607 &amp#27;[32m INFO&amp#27;[m &amp#27;[35m[@503 - main]&amp#27;[m &amp#27;[36mcom.shaft.tools.io.ReportManager&amp#27;[m : File Action "DoesFileExist" successfully performed. With the following test data "File Path: "C:\eclipse-workspace\MyProjects\TASystemsAPIs\src\test\resources\testDataFiles\Schemas\InvalidTokenRequest_Unauthorized_schema.json"".
2023-01-22 15:44:40.607 &amp#27;[32m INFO&amp#27;[m &amp#27;[35m[@503 - main]&amp#27;[m &amp#27;[36mcom.shaft.tools.io.ReportManager&amp#27;[m : File Action "GetAbsolutePath" successfully performed. With the following test data "Relative Folder Path: "C:\eclipse-workspace\MyProjects\TASystemsAPIs\src\test\resources\testDataFiles\Schemas\InvalidTokenRequest_Unauthorized_schema.json"".
2023-01-22 15:44:40.608 &amp#27;[32m INFO&amp#27;[m &amp#27;[35m[@503 - main]&amp#27;[m &amp#27;[36mcom.shaft.tools.io.ReportManager&amp#27;[m : File Action "ReadFile" successfully performed. With the following test data "File Path: "C:\eclipse-workspace\MyProjects\TASystemsAPIs\src\test\resources\testDataFiles\Schemas\InvalidTokenRequest_Unauthorized_schema.json"".
2023-01-22 15:44:40.609 &amp#27;[32m INFO&amp#27;[m &amp#27;[35m[@503 - main]&amp#27;[m &amp#27;[36mcom.shaft.tools.io.ReportManager&amp#27;[m : Successfully created attachment "Validation Test Data - Expected JSON Value"
2023-01-22 15:44:40.610 &amp#27;[32m INFO&amp#27;[m &amp#27;[35m[@503 - main]&amp#27;[m &amp#27;[36mcom.shaft.tools.io.ReportManager&amp#27;[m : Successfully created attachment "Validation Test Data - Actual JSON Value"
2023-01-22 15:44:40.611 &amp#27;[32m INFO&amp#27;[m &amp#27;[35m[@503 - main]&amp#27;[m &amp#27;[36mcom.shaft.tools.io.ReportManager&amp#27;[m : Successfully created attachment "SHAFT Engine Logs - Current Method log: Invalid_GET_all_Policies_with_missing_Token_TC"
]]></system-out>
  </testcase>
  <testcase name="Update_Policy_With_InValid_data_TC[[Ljava.lang.Object;@514b2384](1)" classname="SteeringCompanyAPI_TestCases.Test_Policies_Cases" time="1.263">
    <system-out><![CDATA[2023-01-22 15:44:40.657 &amp#27;[32m INFO&amp#27;[m &amp#27;[35m[@534 - main]&amp#27;[m &amp#27;[36mcom.shaft.tools.io.ReportManager&amp#27;[m : 
################################################################################################################################################
Starting Execution:	"189 out of 70" test cases in the current suite
Test Method:		"SteeringCompanyAPI_TestCases.Test_Policies_Cases.Update_Policy_With_InValid_data_TC"
Test Description:	"TC053 -Policy- Perform Update Policy with InValid data"
################################################################################################################################################
2023-01-22 15:44:40.657 &amp#27;[32m INFO&amp#27;[m &amp#27;[35m[@503 - main]&amp#27;[m &amp#27;[36mcom.shaft.tools.io.ReportManager&amp#27;[m : File Action "DoesFileExist" successfully performed. With the following test data "File Path: "SteeringCompanyAPI_TestData/SteeringCompanyAPI_TestData.xlsx"".
2023-01-22 15:44:40.676 &amp#27;[32m INFO&amp#27;[m &amp#27;[35m[@503 - main]&amp#27;[m &amp#27;[36mcom.shaft.tools.io.ReportManager&amp#27;[m : Successfully created attachment "Test Data - Excel"
2023-01-22 15:44:41.319 &amp#27;[32m INFO&amp#27;[m &amp#27;[35m[@503 - main]&amp#27;[m &amp#27;[36mcom.shaft.tools.io.ReportManager&amp#27;[m : Response status code: "200", status line: "HTTP/1.1 200 OK"
2023-01-22 15:44:41.332 &amp#27;[32m INFO&amp#27;[m &amp#27;[35m[@503 - main]&amp#27;[m &amp#27;[36mcom.shaft.tools.io.ReportManager&amp#27;[m : Successfully created attachment "API Request - Specifications"
2023-01-22 15:44:41.332 &amp#27;[32m INFO&amp#27;[m &amp#27;[35m[@503 - main]&amp#27;[m &amp#27;[36mcom.shaft.tools.io.ReportManager&amp#27;[m : Successfully created attachment "API Request - Body"
2023-01-22 15:44:41.333 &amp#27;[32m INFO&amp#27;[m &amp#27;[35m[@503 - main]&amp#27;[m &amp#27;[36mcom.shaft.tools.io.ReportManager&amp#27;[m : Successfully created attachment "API Response - JSON Body"
2023-01-22 15:44:41.340 &amp#27;[32m INFO&amp#27;[m &amp#27;[35m[@503 - main]&amp#27;[m &amp#27;[36mcom.shaft.tools.io.ReportManager&amp#27;[m : File Action "DoesFileExist" successfully performed. With the following test data "File Path: "SteeringCompanyAPI_TestData/SteeringCompanyAPI_TestData.xlsx"".
2023-01-22 15:44:41.366 &amp#27;[32m INFO&amp#27;[m &amp#27;[35m[@503 - main]&amp#27;[m &amp#27;[36mcom.shaft.tools.io.ReportManager&amp#27;[m : Successfully created attachment "Test Data - Excel"
2023-01-22 15:44:41.367 &amp#27;[32m INFO&amp#27;[m &amp#27;[35m[@503 - main]&amp#27;[m &amp#27;[36mcom.shaft.tools.io.ReportManager&amp#27;[m : File Action "DoesFileExist" successfully performed. With the following test data "File Path: "SteeringCompanyAPI_TestData/SteeringCompanyAPI_TestData.xlsx"".
2023-01-22 15:44:41.386 &amp#27;[32m INFO&amp#27;[m &amp#27;[35m[@503 - main]&amp#27;[m &amp#27;[36mcom.shaft.tools.io.ReportManager&amp#27;[m : Successfully created attachment "Test Data - Excel"
2023-01-22 15:44:41.386 &amp#27;[32m INFO&amp#27;[m &amp#27;[35m[@503 - main]&amp#27;[m &amp#27;[36mcom.shaft.tools.io.ReportManager&amp#27;[m : File Action "DoesFileExist" successfully performed. With the following test data "File Path: "SteeringCompanyAPI_TestData/SteeringCompanyAPI_TestData.xlsx"".
2023-01-22 15:44:41.405 &amp#27;[32m INFO&amp#27;[m &amp#27;[35m[@503 - main]&amp#27;[m &amp#27;[36mcom.shaft.tools.io.ReportManager&amp#27;[m : Successfully created attachment "Test Data - Excel"
2023-01-22 15:44:41.895 &amp#27;[32m INFO&amp#27;[m &amp#27;[35m[@503 - main]&amp#27;[m &amp#27;[36mcom.shaft.tools.io.ReportManager&amp#27;[m : Response status code: "422", status line: "HTTP/1.1 422 "
2023-01-22 15:44:41.904 &amp#27;[32m INFO&amp#27;[m &amp#27;[35m[@503 - main]&amp#27;[m &amp#27;[36mcom.shaft.tools.io.ReportManager&amp#27;[m : Successfully created attachment "API Request - Specifications"
2023-01-22 15:44:41.907 &amp#27;[32m INFO&amp#27;[m &amp#27;[35m[@503 - main]&amp#27;[m &amp#27;[36mcom.shaft.tools.io.ReportManager&amp#27;[m : Successfully created attachment "API Request - JSON Body"
2023-01-22 15:44:41.909 &amp#27;[32m INFO&amp#27;[m &amp#27;[35m[@503 - main]&amp#27;[m &amp#27;[36mcom.shaft.tools.io.ReportManager&amp#27;[m : Successfully created attachment "API Response - JSON Body"
2023-01-22 15:44:41.910 &amp#27;[32m INFO&amp#27;[m &amp#27;[35m[@503 - main]&amp#27;[m &amp#27;[36mcom.shaft.tools.io.ReportManager&amp#27;[m : File Action "DoesFileExist" successfully performed. With the following test data "File Path: "Schemas/ValidationError_schema.json"".
2023-01-22 15:44:41.910 &amp#27;[32m INFO&amp#27;[m &amp#27;[35m[@503 - main]&amp#27;[m &amp#27;[36mcom.shaft.tools.io.ReportManager&amp#27;[m : File Action "DoesFileExist" successfully performed. With the following test data "File Path: "src/test/resources/testDataFiles/Schemas/ValidationError_schema.json"".
2023-01-22 15:44:41.911 &amp#27;[32m INFO&amp#27;[m &amp#27;[35m[@503 - main]&amp#27;[m &amp#27;[36mcom.shaft.tools.io.ReportManager&amp#27;[m : File Action "GetAbsolutePath" successfully performed. With the following test data "Relative Folder Path: "src/test/resources/testDataFiles/Schemas/ValidationError_schema.json"".
2023-01-22 15:44:41.913 &amp#27;[32m INFO&amp#27;[m &amp#27;[35m[@503 - main]&amp#27;[m &amp#27;[36mcom.shaft.tools.io.ReportManager&amp#27;[m : File Action "DoesFileExist" successfully performed. With the following test data "File Path: "C:\eclipse-workspace\MyProjects\TASystemsAPIs\src\test\resources\testDataFiles\Schemas\ValidationError_schema.json"".
2023-01-22 15:44:41.913 &amp#27;[32m INFO&amp#27;[m &amp#27;[35m[@503 - main]&amp#27;[m &amp#27;[36mcom.shaft.tools.io.ReportManager&amp#27;[m : File Action "GetAbsolutePath" successfully performed. With the following test data "Relative Folder Path: "C:\eclipse-workspace\MyProjects\TASystemsAPIs\src\test\resources\testDataFiles\Schemas\ValidationError_schema.json"".
2023-01-22 15:44:41.914 &amp#27;[32m INFO&amp#27;[m &amp#27;[35m[@503 - main]&amp#27;[m &amp#27;[36mcom.shaft.tools.io.ReportManager&amp#27;[m : File Action "ReadFile" successfully performed. With the following test data "File Path: "C:\eclipse-workspace\MyProjects\TASystemsAPIs\src\test\resources\testDataFiles\Schemas\ValidationError_schema.json"".
2023-01-22 15:44:41.915 &amp#27;[32m INFO&amp#27;[m &amp#27;[35m[@503 - main]&amp#27;[m &amp#27;[36mcom.shaft.tools.io.ReportManager&amp#27;[m : Successfully created attachment "Validation Test Data - Expected JSON Value"
2023-01-22 15:44:41.916 &amp#27;[32m INFO&amp#27;[m &amp#27;[35m[@503 - main]&amp#27;[m &amp#27;[36mcom.shaft.tools.io.ReportManager&amp#27;[m : Successfully created attachment "Validation Test Data - Actual JSON Value"
2023-01-22 15:44:41.917 &amp#27;[32m INFO&amp#27;[m &amp#27;[35m[@503 - main]&amp#27;[m &amp#27;[36mcom.shaft.tools.io.ReportManager&amp#27;[m : Successfully created attachment "SHAFT Engine Logs - Current Method log: Update_Policy_With_InValid_data_TC"
]]></system-out>
  </testcase>
  <testcase name="Update_Policy_With_InValid_data_TC[[Ljava.lang.Object;@54b6fbb9](2)" classname="SteeringCompanyAPI_TestCases.Test_Policies_Cases" time="1.187">
    <system-out><![CDATA[2023-01-22 15:44:41.919 &amp#27;[32m INFO&amp#27;[m &amp#27;[35m[@534 - main]&amp#27;[m &amp#27;[36mcom.shaft.tools.io.ReportManager&amp#27;[m : 
################################################################################################################################################
Starting Execution:	"190 out of 70" test cases in the current suite
Test Method:		"SteeringCompanyAPI_TestCases.Test_Policies_Cases.Update_Policy_With_InValid_data_TC"
Test Description:	"TC053 -Policy- Perform Update Policy with InValid data"
################################################################################################################################################
2023-01-22 15:44:41.919 &amp#27;[32m INFO&amp#27;[m &amp#27;[35m[@503 - main]&amp#27;[m &amp#27;[36mcom.shaft.tools.io.ReportManager&amp#27;[m : File Action "DoesFileExist" successfully performed. With the following test data "File Path: "SteeringCompanyAPI_TestData/SteeringCompanyAPI_TestData.xlsx"".
2023-01-22 15:44:41.942 &amp#27;[32m INFO&amp#27;[m &amp#27;[35m[@503 - main]&amp#27;[m &amp#27;[36mcom.shaft.tools.io.ReportManager&amp#27;[m : Successfully created attachment "Test Data - Excel"
2023-01-22 15:44:42.523 &amp#27;[32m INFO&amp#27;[m &amp#27;[35m[@503 - main]&amp#27;[m &amp#27;[36mcom.shaft.tools.io.ReportManager&amp#27;[m : Response status code: "200", status line: "HTTP/1.1 200 OK"
2023-01-22 15:44:42.538 &amp#27;[32m INFO&amp#27;[m &amp#27;[35m[@503 - main]&amp#27;[m &amp#27;[36mcom.shaft.tools.io.ReportManager&amp#27;[m : Successfully created attachment "API Request - Specifications"
2023-01-22 15:44:42.540 &amp#27;[32m INFO&amp#27;[m &amp#27;[35m[@503 - main]&amp#27;[m &amp#27;[36mcom.shaft.tools.io.ReportManager&amp#27;[m : Successfully created attachment "API Request - Body"
2023-01-22 15:44:42.540 &amp#27;[32m INFO&amp#27;[m &amp#27;[35m[@503 - main]&amp#27;[m &amp#27;[36mcom.shaft.tools.io.ReportManager&amp#27;[m : Successfully created attachment "API Response - JSON Body"
2023-01-22 15:44:42.548 &amp#27;[32m INFO&amp#27;[m &amp#27;[35m[@503 - main]&amp#27;[m &amp#27;[36mcom.shaft.tools.io.ReportManager&amp#27;[m : File Action "DoesFileExist" successfully performed. With the following test data "File Path: "SteeringCompanyAPI_TestData/SteeringCompanyAPI_TestData.xlsx"".
2023-01-22 15:44:42.573 &amp#27;[32m INFO&amp#27;[m &amp#27;[35m[@503 - main]&amp#27;[m &amp#27;[36mcom.shaft.tools.io.ReportManager&amp#27;[m : Successfully created attachment "Test Data - Excel"
2023-01-22 15:44:42.574 &amp#27;[32m INFO&amp#27;[m &amp#27;[35m[@503 - main]&amp#27;[m &amp#27;[36mcom.shaft.tools.io.ReportManager&amp#27;[m : File Action "DoesFileExist" successfully performed. With the following test data "File Path: "SteeringCompanyAPI_TestData/SteeringCompanyAPI_TestData.xlsx"".
2023-01-22 15:44:42.596 &amp#27;[32m INFO&amp#27;[m &amp#27;[35m[@503 - main]&amp#27;[m &amp#27;[36mcom.shaft.tools.io.ReportManager&amp#27;[m : Successfully created attachment "Test Data - Excel"
2023-01-22 15:44:42.597 &amp#27;[32m INFO&amp#27;[m &amp#27;[35m[@503 - main]&amp#27;[m &amp#27;[36mcom.shaft.tools.io.ReportManager&amp#27;[m : File Action "DoesFileExist" successfully performed. With the following test data "File Path: "SteeringCompanyAPI_TestData/SteeringCompanyAPI_TestData.xlsx"".
2023-01-22 15:44:42.624 &amp#27;[32m INFO&amp#27;[m &amp#27;[35m[@503 - main]&amp#27;[m &amp#27;[36mcom.shaft.tools.io.ReportManager&amp#27;[m : Successfully created attachment "Test Data - Excel"
2023-01-22 15:44:43.081 &amp#27;[32m INFO&amp#27;[m &amp#27;[35m[@503 - main]&amp#27;[m &amp#27;[36mcom.shaft.tools.io.ReportManager&amp#27;[m : Response status code: "422", status line: "HTTP/1.1 422 "
2023-01-22 15:44:43.092 &amp#27;[32m INFO&amp#27;[m &amp#27;[35m[@503 - main]&amp#27;[m &amp#27;[36mcom.shaft.tools.io.ReportManager&amp#27;[m : Successfully created attachment "API Request - Specifications"
2023-01-22 15:44:43.093 &amp#27;[32m INFO&amp#27;[m &amp#27;[35m[@503 - main]&amp#27;[m &amp#27;[36mcom.shaft.tools.io.ReportManager&amp#27;[m : Successfully created attachment "API Request - JSON Body"
2023-01-22 15:44:43.096 &amp#27;[32m INFO&amp#27;[m &amp#27;[35m[@503 - main]&amp#27;[m &amp#27;[36mcom.shaft.tools.io.ReportManager&amp#27;[m : Successfully created attachment "API Response - JSON Body"
2023-01-22 15:44:43.097 &amp#27;[32m INFO&amp#27;[m &amp#27;[35m[@503 - main]&amp#27;[m &amp#27;[36mcom.shaft.tools.io.ReportManager&amp#27;[m : File Action "DoesFileExist" successfully performed. With the following test data "File Path: "Schemas/ValidationError_schema.json"".
2023-01-22 15:44:43.097 &amp#27;[32m INFO&amp#27;[m &amp#27;[35m[@503 - main]&amp#27;[m &amp#27;[36mcom.shaft.tools.io.ReportManager&amp#27;[m : File Action "DoesFileExist" successfully performed. With the following test data "File Path: "src/test/resources/testDataFiles/Schemas/ValidationError_schema.json"".
2023-01-22 15:44:43.098 &amp#27;[32m INFO&amp#27;[m &amp#27;[35m[@503 - main]&amp#27;[m &amp#27;[36mcom.shaft.tools.io.ReportManager&amp#27;[m : File Action "GetAbsolutePath" successfully performed. With the following test data "Relative Folder Path: "src/test/resources/testDataFiles/Schemas/ValidationError_schema.json"".
2023-01-22 15:44:43.099 &amp#27;[32m INFO&amp#27;[m &amp#27;[35m[@503 - main]&amp#27;[m &amp#27;[36mcom.shaft.tools.io.ReportManager&amp#27;[m : File Action "DoesFileExist" successfully performed. With the following test data "File Path: "C:\eclipse-workspace\MyProjects\TASystemsAPIs\src\test\resources\testDataFiles\Schemas\ValidationError_schema.json"".
2023-01-22 15:44:43.100 &amp#27;[32m INFO&amp#27;[m &amp#27;[35m[@503 - main]&amp#27;[m &amp#27;[36mcom.shaft.tools.io.ReportManager&amp#27;[m : File Action "GetAbsolutePath" successfully performed. With the following test data "Relative Folder Path: "C:\eclipse-workspace\MyProjects\TASystemsAPIs\src\test\resources\testDataFiles\Schemas\ValidationError_schema.json"".
2023-01-22 15:44:43.100 &amp#27;[32m INFO&amp#27;[m &amp#27;[35m[@503 - main]&amp#27;[m &amp#27;[36mcom.shaft.tools.io.ReportManager&amp#27;[m : File Action "ReadFile" successfully performed. With the following test data "File Path: "C:\eclipse-workspace\MyProjects\TASystemsAPIs\src\test\resources\testDataFiles\Schemas\ValidationError_schema.json"".
2023-01-22 15:44:43.101 &amp#27;[32m INFO&amp#27;[m &amp#27;[35m[@503 - main]&amp#27;[m &amp#27;[36mcom.shaft.tools.io.ReportManager&amp#27;[m : Successfully created attachment "Validation Test Data - Expected JSON Value"
2023-01-22 15:44:43.101 &amp#27;[32m INFO&amp#27;[m &amp#27;[35m[@503 - main]&amp#27;[m &amp#27;[36mcom.shaft.tools.io.ReportManager&amp#27;[m : Successfully created attachment "Validation Test Data - Actual JSON Value"
2023-01-22 15:44:43.103 &amp#27;[32m INFO&amp#27;[m &amp#27;[35m[@503 - main]&amp#27;[m &amp#27;[36mcom.shaft.tools.io.ReportManager&amp#27;[m : Successfully created attachment "SHAFT Engine Logs - Current Method log: Update_Policy_With_InValid_data_TC"
]]></system-out>
  </testcase>
  <testcase name="Update_Policy_With_InValid_data_TC[[Ljava.lang.Object;@406aa363](3)" classname="SteeringCompanyAPI_TestCases.Test_Policies_Cases" time="1.21">
    <system-out><![CDATA[2023-01-22 15:44:43.106 &amp#27;[32m INFO&amp#27;[m &amp#27;[35m[@534 - main]&amp#27;[m &amp#27;[36mcom.shaft.tools.io.ReportManager&amp#27;[m : 
################################################################################################################################################
Starting Execution:	"191 out of 70" test cases in the current suite
Test Method:		"SteeringCompanyAPI_TestCases.Test_Policies_Cases.Update_Policy_With_InValid_data_TC"
Test Description:	"TC053 -Policy- Perform Update Policy with InValid data"
################################################################################################################################################
2023-01-22 15:44:43.106 &amp#27;[32m INFO&amp#27;[m &amp#27;[35m[@503 - main]&amp#27;[m &amp#27;[36mcom.shaft.tools.io.ReportManager&amp#27;[m : File Action "DoesFileExist" successfully performed. With the following test data "File Path: "SteeringCompanyAPI_TestData/SteeringCompanyAPI_TestData.xlsx"".
2023-01-22 15:44:43.130 &amp#27;[32m INFO&amp#27;[m &amp#27;[35m[@503 - main]&amp#27;[m &amp#27;[36mcom.shaft.tools.io.ReportManager&amp#27;[m : Successfully created attachment "Test Data - Excel"
2023-01-22 15:44:43.747 &amp#27;[32m INFO&amp#27;[m &amp#27;[35m[@503 - main]&amp#27;[m &amp#27;[36mcom.shaft.tools.io.ReportManager&amp#27;[m : Response status code: "200", status line: "HTTP/1.1 200 OK"
2023-01-22 15:44:43.756 &amp#27;[32m INFO&amp#27;[m &amp#27;[35m[@503 - main]&amp#27;[m &amp#27;[36mcom.shaft.tools.io.ReportManager&amp#27;[m : Successfully created attachment "API Request - Specifications"
2023-01-22 15:44:43.759 &amp#27;[32m INFO&amp#27;[m &amp#27;[35m[@503 - main]&amp#27;[m &amp#27;[36mcom.shaft.tools.io.ReportManager&amp#27;[m : Successfully created attachment "API Request - Body"
2023-01-22 15:44:43.760 &amp#27;[32m INFO&amp#27;[m &amp#27;[35m[@503 - main]&amp#27;[m &amp#27;[36mcom.shaft.tools.io.ReportManager&amp#27;[m : Successfully created attachment "API Response - JSON Body"
2023-01-22 15:44:43.768 &amp#27;[32m INFO&amp#27;[m &amp#27;[35m[@503 - main]&amp#27;[m &amp#27;[36mcom.shaft.tools.io.ReportManager&amp#27;[m : File Action "DoesFileExist" successfully performed. With the following test data "File Path: "SteeringCompanyAPI_TestData/SteeringCompanyAPI_TestData.xlsx"".
2023-01-22 15:44:43.788 &amp#27;[32m INFO&amp#27;[m &amp#27;[35m[@503 - main]&amp#27;[m &amp#27;[36mcom.shaft.tools.io.ReportManager&amp#27;[m : Successfully created attachment "Test Data - Excel"
2023-01-22 15:44:43.788 &amp#27;[32m INFO&amp#27;[m &amp#27;[35m[@503 - main]&amp#27;[m &amp#27;[36mcom.shaft.tools.io.ReportManager&amp#27;[m : File Action "DoesFileExist" successfully performed. With the following test data "File Path: "SteeringCompanyAPI_TestData/SteeringCompanyAPI_TestData.xlsx"".
2023-01-22 15:44:43.810 &amp#27;[32m INFO&amp#27;[m &amp#27;[35m[@503 - main]&amp#27;[m &amp#27;[36mcom.shaft.tools.io.ReportManager&amp#27;[m : Successfully created attachment "Test Data - Excel"
2023-01-22 15:44:43.810 &amp#27;[32m INFO&amp#27;[m &amp#27;[35m[@503 - main]&amp#27;[m &amp#27;[36mcom.shaft.tools.io.ReportManager&amp#27;[m : File Action "DoesFileExist" successfully performed. With the following test data "File Path: "SteeringCompanyAPI_TestData/SteeringCompanyAPI_TestData.xlsx"".
2023-01-22 15:44:43.827 &amp#27;[32m INFO&amp#27;[m &amp#27;[35m[@503 - main]&amp#27;[m &amp#27;[36mcom.shaft.tools.io.ReportManager&amp#27;[m : Successfully created attachment "Test Data - Excel"
2023-01-22 15:44:44.290 &amp#27;[32m INFO&amp#27;[m &amp#27;[35m[@503 - main]&amp#27;[m &amp#27;[36mcom.shaft.tools.io.ReportManager&amp#27;[m : Response status code: "422", status line: "HTTP/1.1 422 "
2023-01-22 15:44:44.302 &amp#27;[32m INFO&amp#27;[m &amp#27;[35m[@503 - main]&amp#27;[m &amp#27;[36mcom.shaft.tools.io.ReportManager&amp#27;[m : Successfully created attachment "API Request - Specifications"
2023-01-22 15:44:44.302 &amp#27;[32m INFO&amp#27;[m &amp#27;[35m[@503 - main]&amp#27;[m &amp#27;[36mcom.shaft.tools.io.ReportManager&amp#27;[m : Successfully created attachment "API Request - JSON Body"
2023-01-22 15:44:44.305 &amp#27;[32m INFO&amp#27;[m &amp#27;[35m[@503 - main]&amp#27;[m &amp#27;[36mcom.shaft.tools.io.ReportManager&amp#27;[m : Successfully created attachment "API Response - JSON Body"
2023-01-22 15:44:44.307 &amp#27;[32m INFO&amp#27;[m &amp#27;[35m[@503 - main]&amp#27;[m &amp#27;[36mcom.shaft.tools.io.ReportManager&amp#27;[m : File Action "DoesFileExist" successfully performed. With the following test data "File Path: "Schemas/ValidationError_schema.json"".
2023-01-22 15:44:44.307 &amp#27;[32m INFO&amp#27;[m &amp#27;[35m[@503 - main]&amp#27;[m &amp#27;[36mcom.shaft.tools.io.ReportManager&amp#27;[m : File Action "DoesFileExist" successfully performed. With the following test data "File Path: "src/test/resources/testDataFiles/Schemas/ValidationError_schema.json"".
2023-01-22 15:44:44.307 &amp#27;[32m INFO&amp#27;[m &amp#27;[35m[@503 - main]&amp#27;[m &amp#27;[36mcom.shaft.tools.io.ReportManager&amp#27;[m : File Action "GetAbsolutePath" successfully performed. With the following test data "Relative Folder Path: "src/test/resources/testDataFiles/Schemas/ValidationError_schema.json"".
2023-01-22 15:44:44.309 &amp#27;[32m INFO&amp#27;[m &amp#27;[35m[@503 - main]&amp#27;[m &amp#27;[36mcom.shaft.tools.io.ReportManager&amp#27;[m : File Action "DoesFileExist" successfully performed. With the following test data "File Path: "C:\eclipse-workspace\MyProjects\TASystemsAPIs\src\test\resources\testDataFiles\Schemas\ValidationError_schema.json"".
2023-01-22 15:44:44.310 &amp#27;[32m INFO&amp#27;[m &amp#27;[35m[@503 - main]&amp#27;[m &amp#27;[36mcom.shaft.tools.io.ReportManager&amp#27;[m : File Action "GetAbsolutePath" successfully performed. With the following test data "Relative Folder Path: "C:\eclipse-workspace\MyProjects\TASystemsAPIs\src\test\resources\testDataFiles\Schemas\ValidationError_schema.json"".
2023-01-22 15:44:44.310 &amp#27;[32m INFO&amp#27;[m &amp#27;[35m[@503 - main]&amp#27;[m &amp#27;[36mcom.shaft.tools.io.ReportManager&amp#27;[m : File Action "ReadFile" successfully performed. With the following test data "File Path: "C:\eclipse-workspace\MyProjects\TASystemsAPIs\src\test\resources\testDataFiles\Schemas\ValidationError_schema.json"".
2023-01-22 15:44:44.311 &amp#27;[32m INFO&amp#27;[m &amp#27;[35m[@503 - main]&amp#27;[m &amp#27;[36mcom.shaft.tools.io.ReportManager&amp#27;[m : Successfully created attachment "Validation Test Data - Expected JSON Value"
2023-01-22 15:44:44.313 &amp#27;[32m INFO&amp#27;[m &amp#27;[35m[@503 - main]&amp#27;[m &amp#27;[36mcom.shaft.tools.io.ReportManager&amp#27;[m : Successfully created attachment "Validation Test Data - Actual JSON Value"
2023-01-22 15:44:44.313 &amp#27;[32m INFO&amp#27;[m &amp#27;[35m[@503 - main]&amp#27;[m &amp#27;[36mcom.shaft.tools.io.ReportManager&amp#27;[m : Successfully created attachment "SHAFT Engine Logs - Current Method log: Update_Policy_With_InValid_data_TC"
]]></system-out>
  </testcase>
  <testcase name="Update_Policy_With_InValid_data_TC[[Ljava.lang.Object;@612aef80](4)" classname="SteeringCompanyAPI_TestCases.Test_Policies_Cases" time="1.251">
    <system-out><![CDATA[2023-01-22 15:44:44.316 &amp#27;[32m INFO&amp#27;[m &amp#27;[35m[@534 - main]&amp#27;[m &amp#27;[36mcom.shaft.tools.io.ReportManager&amp#27;[m : 
################################################################################################################################################
Starting Execution:	"192 out of 70" test cases in the current suite
Test Method:		"SteeringCompanyAPI_TestCases.Test_Policies_Cases.Update_Policy_With_InValid_data_TC"
Test Description:	"TC053 -Policy- Perform Update Policy with InValid data"
################################################################################################################################################
2023-01-22 15:44:44.317 &amp#27;[32m INFO&amp#27;[m &amp#27;[35m[@503 - main]&amp#27;[m &amp#27;[36mcom.shaft.tools.io.ReportManager&amp#27;[m : File Action "DoesFileExist" successfully performed. With the following test data "File Path: "SteeringCompanyAPI_TestData/SteeringCompanyAPI_TestData.xlsx"".
2023-01-22 15:44:44.340 &amp#27;[32m INFO&amp#27;[m &amp#27;[35m[@503 - main]&amp#27;[m &amp#27;[36mcom.shaft.tools.io.ReportManager&amp#27;[m : Successfully created attachment "Test Data - Excel"
2023-01-22 15:44:44.915 &amp#27;[32m INFO&amp#27;[m &amp#27;[35m[@503 - main]&amp#27;[m &amp#27;[36mcom.shaft.tools.io.ReportManager&amp#27;[m : Response status code: "200", status line: "HTTP/1.1 200 OK"
2023-01-22 15:44:44.923 &amp#27;[32m INFO&amp#27;[m &amp#27;[35m[@503 - main]&amp#27;[m &amp#27;[36mcom.shaft.tools.io.ReportManager&amp#27;[m : Successfully created attachment "API Request - Specifications"
2023-01-22 15:44:44.925 &amp#27;[32m INFO&amp#27;[m &amp#27;[35m[@503 - main]&amp#27;[m &amp#27;[36mcom.shaft.tools.io.ReportManager&amp#27;[m : Successfully created attachment "API Request - Body"
2023-01-22 15:44:44.925 &amp#27;[32m INFO&amp#27;[m &amp#27;[35m[@503 - main]&amp#27;[m &amp#27;[36mcom.shaft.tools.io.ReportManager&amp#27;[m : Successfully created attachment "API Response - JSON Body"
2023-01-22 15:44:44.937 &amp#27;[32m INFO&amp#27;[m &amp#27;[35m[@503 - main]&amp#27;[m &amp#27;[36mcom.shaft.tools.io.ReportManager&amp#27;[m : File Action "DoesFileExist" successfully performed. With the following test data "File Path: "SteeringCompanyAPI_TestData/SteeringCompanyAPI_TestData.xlsx"".
2023-01-22 15:44:44.957 &amp#27;[32m INFO&amp#27;[m &amp#27;[35m[@503 - main]&amp#27;[m &amp#27;[36mcom.shaft.tools.io.ReportManager&amp#27;[m : Successfully created attachment "Test Data - Excel"
2023-01-22 15:44:44.958 &amp#27;[32m INFO&amp#27;[m &amp#27;[35m[@503 - main]&amp#27;[m &amp#27;[36mcom.shaft.tools.io.ReportManager&amp#27;[m : File Action "DoesFileExist" successfully performed. With the following test data "File Path: "SteeringCompanyAPI_TestData/SteeringCompanyAPI_TestData.xlsx"".
2023-01-22 15:44:44.986 &amp#27;[32m INFO&amp#27;[m &amp#27;[35m[@503 - main]&amp#27;[m &amp#27;[36mcom.shaft.tools.io.ReportManager&amp#27;[m : Successfully created attachment "Test Data - Excel"
2023-01-22 15:44:44.987 &amp#27;[32m INFO&amp#27;[m &amp#27;[35m[@503 - main]&amp#27;[m &amp#27;[36mcom.shaft.tools.io.ReportManager&amp#27;[m : File Action "DoesFileExist" successfully performed. With the following test data "File Path: "SteeringCompanyAPI_TestData/SteeringCompanyAPI_TestData.xlsx"".
2023-01-22 15:44:45.006 &amp#27;[32m INFO&amp#27;[m &amp#27;[35m[@503 - main]&amp#27;[m &amp#27;[36mcom.shaft.tools.io.ReportManager&amp#27;[m : Successfully created attachment "Test Data - Excel"
2023-01-22 15:44:45.545 &amp#27;[32m INFO&amp#27;[m &amp#27;[35m[@503 - main]&amp#27;[m &amp#27;[36mcom.shaft.tools.io.ReportManager&amp#27;[m : Response status code: "422", status line: "HTTP/1.1 422 "
2023-01-22 15:44:45.556 &amp#27;[32m INFO&amp#27;[m &amp#27;[35m[@503 - main]&amp#27;[m &amp#27;[36mcom.shaft.tools.io.ReportManager&amp#27;[m : Successfully created attachment "API Request - Specifications"
2023-01-22 15:44:45.557 &amp#27;[32m INFO&amp#27;[m &amp#27;[35m[@503 - main]&amp#27;[m &amp#27;[36mcom.shaft.tools.io.ReportManager&amp#27;[m : Successfully created attachment "API Request - JSON Body"
2023-01-22 15:44:45.557 &amp#27;[32m INFO&amp#27;[m &amp#27;[35m[@503 - main]&amp#27;[m &amp#27;[36mcom.shaft.tools.io.ReportManager&amp#27;[m : Successfully created attachment "API Response - JSON Body"
2023-01-22 15:44:45.558 &amp#27;[32m INFO&amp#27;[m &amp#27;[35m[@503 - main]&amp#27;[m &amp#27;[36mcom.shaft.tools.io.ReportManager&amp#27;[m : File Action "DoesFileExist" successfully performed. With the following test data "File Path: "Schemas/ValidationError_schema.json"".
2023-01-22 15:44:45.558 &amp#27;[32m INFO&amp#27;[m &amp#27;[35m[@503 - main]&amp#27;[m &amp#27;[36mcom.shaft.tools.io.ReportManager&amp#27;[m : File Action "DoesFileExist" successfully performed. With the following test data "File Path: "src/test/resources/testDataFiles/Schemas/ValidationError_schema.json"".
2023-01-22 15:44:45.558 &amp#27;[32m INFO&amp#27;[m &amp#27;[35m[@503 - main]&amp#27;[m &amp#27;[36mcom.shaft.tools.io.ReportManager&amp#27;[m : File Action "GetAbsolutePath" successfully performed. With the following test data "Relative Folder Path: "src/test/resources/testDataFiles/Schemas/ValidationError_schema.json"".
2023-01-22 15:44:45.560 &amp#27;[32m INFO&amp#27;[m &amp#27;[35m[@503 - main]&amp#27;[m &amp#27;[36mcom.shaft.tools.io.ReportManager&amp#27;[m : File Action "DoesFileExist" successfully performed. With the following test data "File Path: "C:\eclipse-workspace\MyProjects\TASystemsAPIs\src\test\resources\testDataFiles\Schemas\ValidationError_schema.json"".
2023-01-22 15:44:45.560 &amp#27;[32m INFO&amp#27;[m &amp#27;[35m[@503 - main]&amp#27;[m &amp#27;[36mcom.shaft.tools.io.ReportManager&amp#27;[m : File Action "GetAbsolutePath" successfully performed. With the following test data "Relative Folder Path: "C:\eclipse-workspace\MyProjects\TASystemsAPIs\src\test\resources\testDataFiles\Schemas\ValidationError_schema.json"".
2023-01-22 15:44:45.560 &amp#27;[32m INFO&amp#27;[m &amp#27;[35m[@503 - main]&amp#27;[m &amp#27;[36mcom.shaft.tools.io.ReportManager&amp#27;[m : File Action "ReadFile" successfully performed. With the following test data "File Path: "C:\eclipse-workspace\MyProjects\TASystemsAPIs\src\test\resources\testDataFiles\Schemas\ValidationError_schema.json"".
2023-01-22 15:44:45.564 &amp#27;[32m INFO&amp#27;[m &amp#27;[35m[@503 - main]&amp#27;[m &amp#27;[36mcom.shaft.tools.io.ReportManager&amp#27;[m : Successfully created attachment "Validation Test Data - Expected JSON Value"
2023-01-22 15:44:45.565 &amp#27;[32m INFO&amp#27;[m &amp#27;[35m[@503 - main]&amp#27;[m &amp#27;[36mcom.shaft.tools.io.ReportManager&amp#27;[m : Successfully created attachment "Validation Test Data - Actual JSON Value"
2023-01-22 15:44:45.565 &amp#27;[32m INFO&amp#27;[m &amp#27;[35m[@503 - main]&amp#27;[m &amp#27;[36mcom.shaft.tools.io.ReportManager&amp#27;[m : Successfully created attachment "SHAFT Engine Logs - Current Method log: Update_Policy_With_InValid_data_TC"
]]></system-out>
  </testcase>
  <testcase name="Update_Policy_With_InValid_data_TC[[Ljava.lang.Object;@77a4c0a7](5)" classname="SteeringCompanyAPI_TestCases.Test_Policies_Cases" time="1.186">
    <system-out><![CDATA[2023-01-22 15:44:45.566 &amp#27;[32m INFO&amp#27;[m &amp#27;[35m[@534 - main]&amp#27;[m &amp#27;[36mcom.shaft.tools.io.ReportManager&amp#27;[m : 
################################################################################################################################################
Starting Execution:	"193 out of 70" test cases in the current suite
Test Method:		"SteeringCompanyAPI_TestCases.Test_Policies_Cases.Update_Policy_With_InValid_data_TC"
Test Description:	"TC053 -Policy- Perform Update Policy with InValid data"
################################################################################################################################################
2023-01-22 15:44:45.567 &amp#27;[32m INFO&amp#27;[m &amp#27;[35m[@503 - main]&amp#27;[m &amp#27;[36mcom.shaft.tools.io.ReportManager&amp#27;[m : File Action "DoesFileExist" successfully performed. With the following test data "File Path: "SteeringCompanyAPI_TestData/SteeringCompanyAPI_TestData.xlsx"".
2023-01-22 15:44:45.594 &amp#27;[32m INFO&amp#27;[m &amp#27;[35m[@503 - main]&amp#27;[m &amp#27;[36mcom.shaft.tools.io.ReportManager&amp#27;[m : Successfully created attachment "Test Data - Excel"
2023-01-22 15:44:46.169 &amp#27;[32m INFO&amp#27;[m &amp#27;[35m[@503 - main]&amp#27;[m &amp#27;[36mcom.shaft.tools.io.ReportManager&amp#27;[m : Response status code: "200", status line: "HTTP/1.1 200 OK"
2023-01-22 15:44:46.182 &amp#27;[32m INFO&amp#27;[m &amp#27;[35m[@503 - main]&amp#27;[m &amp#27;[36mcom.shaft.tools.io.ReportManager&amp#27;[m : Successfully created attachment "API Request - Specifications"
2023-01-22 15:44:46.182 &amp#27;[32m INFO&amp#27;[m &amp#27;[35m[@503 - main]&amp#27;[m &amp#27;[36mcom.shaft.tools.io.ReportManager&amp#27;[m : Successfully created attachment "API Request - Body"
2023-01-22 15:44:46.183 &amp#27;[32m INFO&amp#27;[m &amp#27;[35m[@503 - main]&amp#27;[m &amp#27;[36mcom.shaft.tools.io.ReportManager&amp#27;[m : Successfully created attachment "API Response - JSON Body"
2023-01-22 15:44:46.190 &amp#27;[32m INFO&amp#27;[m &amp#27;[35m[@503 - main]&amp#27;[m &amp#27;[36mcom.shaft.tools.io.ReportManager&amp#27;[m : File Action "DoesFileExist" successfully performed. With the following test data "File Path: "SteeringCompanyAPI_TestData/SteeringCompanyAPI_TestData.xlsx"".
2023-01-22 15:44:46.215 &amp#27;[32m INFO&amp#27;[m &amp#27;[35m[@503 - main]&amp#27;[m &amp#27;[36mcom.shaft.tools.io.ReportManager&amp#27;[m : Successfully created attachment "Test Data - Excel"
2023-01-22 15:44:46.215 &amp#27;[32m INFO&amp#27;[m &amp#27;[35m[@503 - main]&amp#27;[m &amp#27;[36mcom.shaft.tools.io.ReportManager&amp#27;[m : File Action "DoesFileExist" successfully performed. With the following test data "File Path: "SteeringCompanyAPI_TestData/SteeringCompanyAPI_TestData.xlsx"".
2023-01-22 15:44:46.240 &amp#27;[32m INFO&amp#27;[m &amp#27;[35m[@503 - main]&amp#27;[m &amp#27;[36mcom.shaft.tools.io.ReportManager&amp#27;[m : Successfully created attachment "Test Data - Excel"
2023-01-22 15:44:46.241 &amp#27;[32m INFO&amp#27;[m &amp#27;[35m[@503 - main]&amp#27;[m &amp#27;[36mcom.shaft.tools.io.ReportManager&amp#27;[m : File Action "DoesFileExist" successfully performed. With the following test data "File Path: "SteeringCompanyAPI_TestData/SteeringCompanyAPI_TestData.xlsx"".
2023-01-22 15:44:46.264 &amp#27;[32m INFO&amp#27;[m &amp#27;[35m[@503 - main]&amp#27;[m &amp#27;[36mcom.shaft.tools.io.ReportManager&amp#27;[m : Successfully created attachment "Test Data - Excel"
2023-01-22 15:44:46.722 &amp#27;[32m INFO&amp#27;[m &amp#27;[35m[@503 - main]&amp#27;[m &amp#27;[36mcom.shaft.tools.io.ReportManager&amp#27;[m : Response status code: "422", status line: "HTTP/1.1 422 "
2023-01-22 15:44:46.738 &amp#27;[32m INFO&amp#27;[m &amp#27;[35m[@503 - main]&amp#27;[m &amp#27;[36mcom.shaft.tools.io.ReportManager&amp#27;[m : Successfully created attachment "API Request - Specifications"
2023-01-22 15:44:46.739 &amp#27;[32m INFO&amp#27;[m &amp#27;[35m[@503 - main]&amp#27;[m &amp#27;[36mcom.shaft.tools.io.ReportManager&amp#27;[m : Successfully created attachment "API Request - JSON Body"
2023-01-22 15:44:46.741 &amp#27;[32m INFO&amp#27;[m &amp#27;[35m[@503 - main]&amp#27;[m &amp#27;[36mcom.shaft.tools.io.ReportManager&amp#27;[m : Successfully created attachment "API Response - JSON Body"
2023-01-22 15:44:46.742 &amp#27;[32m INFO&amp#27;[m &amp#27;[35m[@503 - main]&amp#27;[m &amp#27;[36mcom.shaft.tools.io.ReportManager&amp#27;[m : File Action "DoesFileExist" successfully performed. With the following test data "File Path: "Schemas/ValidationError_schema.json"".
2023-01-22 15:44:46.743 &amp#27;[32m INFO&amp#27;[m &amp#27;[35m[@503 - main]&amp#27;[m &amp#27;[36mcom.shaft.tools.io.ReportManager&amp#27;[m : File Action "DoesFileExist" successfully performed. With the following test data "File Path: "src/test/resources/testDataFiles/Schemas/ValidationError_schema.json"".
2023-01-22 15:44:46.743 &amp#27;[32m INFO&amp#27;[m &amp#27;[35m[@503 - main]&amp#27;[m &amp#27;[36mcom.shaft.tools.io.ReportManager&amp#27;[m : File Action "GetAbsolutePath" successfully performed. With the following test data "Relative Folder Path: "src/test/resources/testDataFiles/Schemas/ValidationError_schema.json"".
2023-01-22 15:44:46.745 &amp#27;[32m INFO&amp#27;[m &amp#27;[35m[@503 - main]&amp#27;[m &amp#27;[36mcom.shaft.tools.io.ReportManager&amp#27;[m : File Action "DoesFileExist" successfully performed. With the following test data "File Path: "C:\eclipse-workspace\MyProjects\TASystemsAPIs\src\test\resources\testDataFiles\Schemas\ValidationError_schema.json"".
2023-01-22 15:44:46.746 &amp#27;[32m INFO&amp#27;[m &amp#27;[35m[@503 - main]&amp#27;[m &amp#27;[36mcom.shaft.tools.io.ReportManager&amp#27;[m : File Action "GetAbsolutePath" successfully performed. With the following test data "Relative Folder Path: "C:\eclipse-workspace\MyProjects\TASystemsAPIs\src\test\resources\testDataFiles\Schemas\ValidationError_schema.json"".
2023-01-22 15:44:46.746 &amp#27;[32m INFO&amp#27;[m &amp#27;[35m[@503 - main]&amp#27;[m &amp#27;[36mcom.shaft.tools.io.ReportManager&amp#27;[m : File Action "ReadFile" successfully performed. With the following test data "File Path: "C:\eclipse-workspace\MyProjects\TASystemsAPIs\src\test\resources\testDataFiles\Schemas\ValidationError_schema.json"".
2023-01-22 15:44:46.747 &amp#27;[32m INFO&amp#27;[m &amp#27;[35m[@503 - main]&amp#27;[m &amp#27;[36mcom.shaft.tools.io.ReportManager&amp#27;[m : Successfully created attachment "Validation Test Data - Expected JSON Value"
2023-01-22 15:44:46.748 &amp#27;[32m INFO&amp#27;[m &amp#27;[35m[@503 - main]&amp#27;[m &amp#27;[36mcom.shaft.tools.io.ReportManager&amp#27;[m : Successfully created attachment "Validation Test Data - Actual JSON Value"
2023-01-22 15:44:46.749 &amp#27;[32m INFO&amp#27;[m &amp#27;[35m[@503 - main]&amp#27;[m &amp#27;[36mcom.shaft.tools.io.ReportManager&amp#27;[m : Successfully created attachment "SHAFT Engine Logs - Current Method log: Update_Policy_With_InValid_data_TC"
]]></system-out>
  </testcase>
  <testcase name="Update_Policy_With_InValid_data_TC[[Ljava.lang.Object;@339d8dc2](6)" classname="SteeringCompanyAPI_TestCases.Test_Policies_Cases" time="1.214">
    <system-out><![CDATA[2023-01-22 15:44:46.754 &amp#27;[32m INFO&amp#27;[m &amp#27;[35m[@534 - main]&amp#27;[m &amp#27;[36mcom.shaft.tools.io.ReportManager&amp#27;[m : 
################################################################################################################################################
Starting Execution:	"194 out of 70" test cases in the current suite
Test Method:		"SteeringCompanyAPI_TestCases.Test_Policies_Cases.Update_Policy_With_InValid_data_TC"
Test Description:	"TC053 -Policy- Perform Update Policy with InValid data"
################################################################################################################################################
2023-01-22 15:44:46.755 &amp#27;[32m INFO&amp#27;[m &amp#27;[35m[@503 - main]&amp#27;[m &amp#27;[36mcom.shaft.tools.io.ReportManager&amp#27;[m : File Action "DoesFileExist" successfully performed. With the following test data "File Path: "SteeringCompanyAPI_TestData/SteeringCompanyAPI_TestData.xlsx"".
2023-01-22 15:44:46.783 &amp#27;[32m INFO&amp#27;[m &amp#27;[35m[@503 - main]&amp#27;[m &amp#27;[36mcom.shaft.tools.io.ReportManager&amp#27;[m : Successfully created attachment "Test Data - Excel"
2023-01-22 15:44:47.392 &amp#27;[32m INFO&amp#27;[m &amp#27;[35m[@503 - main]&amp#27;[m &amp#27;[36mcom.shaft.tools.io.ReportManager&amp#27;[m : Response status code: "200", status line: "HTTP/1.1 200 OK"
2023-01-22 15:44:47.404 &amp#27;[32m INFO&amp#27;[m &amp#27;[35m[@503 - main]&amp#27;[m &amp#27;[36mcom.shaft.tools.io.ReportManager&amp#27;[m : Successfully created attachment "API Request - Specifications"
2023-01-22 15:44:47.407 &amp#27;[32m INFO&amp#27;[m &amp#27;[35m[@503 - main]&amp#27;[m &amp#27;[36mcom.shaft.tools.io.ReportManager&amp#27;[m : Successfully created attachment "API Request - Body"
2023-01-22 15:44:47.408 &amp#27;[32m INFO&amp#27;[m &amp#27;[35m[@503 - main]&amp#27;[m &amp#27;[36mcom.shaft.tools.io.ReportManager&amp#27;[m : Successfully created attachment "API Response - JSON Body"
2023-01-22 15:44:47.416 &amp#27;[32m INFO&amp#27;[m &amp#27;[35m[@503 - main]&amp#27;[m &amp#27;[36mcom.shaft.tools.io.ReportManager&amp#27;[m : File Action "DoesFileExist" successfully performed. With the following test data "File Path: "SteeringCompanyAPI_TestData/SteeringCompanyAPI_TestData.xlsx"".
2023-01-22 15:44:47.438 &amp#27;[32m INFO&amp#27;[m &amp#27;[35m[@503 - main]&amp#27;[m &amp#27;[36mcom.shaft.tools.io.ReportManager&amp#27;[m : Successfully created attachment "Test Data - Excel"
2023-01-22 15:44:47.439 &amp#27;[32m INFO&amp#27;[m &amp#27;[35m[@503 - main]&amp#27;[m &amp#27;[36mcom.shaft.tools.io.ReportManager&amp#27;[m : File Action "DoesFileExist" successfully performed. With the following test data "File Path: "SteeringCompanyAPI_TestData/SteeringCompanyAPI_TestData.xlsx"".
2023-01-22 15:44:47.459 &amp#27;[32m INFO&amp#27;[m &amp#27;[35m[@503 - main]&amp#27;[m &amp#27;[36mcom.shaft.tools.io.ReportManager&amp#27;[m : Successfully created attachment "Test Data - Excel"
2023-01-22 15:44:47.459 &amp#27;[32m INFO&amp#27;[m &amp#27;[35m[@503 - main]&amp#27;[m &amp#27;[36mcom.shaft.tools.io.ReportManager&amp#27;[m : File Action "DoesFileExist" successfully performed. With the following test data "File Path: "SteeringCompanyAPI_TestData/SteeringCompanyAPI_TestData.xlsx"".
2023-01-22 15:44:47.485 &amp#27;[32m INFO&amp#27;[m &amp#27;[35m[@503 - main]&amp#27;[m &amp#27;[36mcom.shaft.tools.io.ReportManager&amp#27;[m : Successfully created attachment "Test Data - Excel"
2023-01-22 15:44:47.944 &amp#27;[32m INFO&amp#27;[m &amp#27;[35m[@503 - main]&amp#27;[m &amp#27;[36mcom.shaft.tools.io.ReportManager&amp#27;[m : Response status code: "422", status line: "HTTP/1.1 422 "
2023-01-22 15:44:47.953 &amp#27;[32m INFO&amp#27;[m &amp#27;[35m[@503 - main]&amp#27;[m &amp#27;[36mcom.shaft.tools.io.ReportManager&amp#27;[m : Successfully created attachment "API Request - Specifications"
2023-01-22 15:44:47.955 &amp#27;[32m INFO&amp#27;[m &amp#27;[35m[@503 - main]&amp#27;[m &amp#27;[36mcom.shaft.tools.io.ReportManager&amp#27;[m : Successfully created attachment "API Request - JSON Body"
2023-01-22 15:44:47.955 &amp#27;[32m INFO&amp#27;[m &amp#27;[35m[@503 - main]&amp#27;[m &amp#27;[36mcom.shaft.tools.io.ReportManager&amp#27;[m : Successfully created attachment "API Response - JSON Body"
2023-01-22 15:44:47.956 &amp#27;[32m INFO&amp#27;[m &amp#27;[35m[@503 - main]&amp#27;[m &amp#27;[36mcom.shaft.tools.io.ReportManager&amp#27;[m : File Action "DoesFileExist" successfully performed. With the following test data "File Path: "Schemas/ValidationError_schema.json"".
2023-01-22 15:44:47.956 &amp#27;[32m INFO&amp#27;[m &amp#27;[35m[@503 - main]&amp#27;[m &amp#27;[36mcom.shaft.tools.io.ReportManager&amp#27;[m : File Action "DoesFileExist" successfully performed. With the following test data "File Path: "src/test/resources/testDataFiles/Schemas/ValidationError_schema.json"".
2023-01-22 15:44:47.956 &amp#27;[32m INFO&amp#27;[m &amp#27;[35m[@503 - main]&amp#27;[m &amp#27;[36mcom.shaft.tools.io.ReportManager&amp#27;[m : File Action "GetAbsolutePath" successfully performed. With the following test data "Relative Folder Path: "src/test/resources/testDataFiles/Schemas/ValidationError_schema.json"".
2023-01-22 15:44:47.960 &amp#27;[32m INFO&amp#27;[m &amp#27;[35m[@503 - main]&amp#27;[m &amp#27;[36mcom.shaft.tools.io.ReportManager&amp#27;[m : File Action "DoesFileExist" successfully performed. With the following test data "File Path: "C:\eclipse-workspace\MyProjects\TASystemsAPIs\src\test\resources\testDataFiles\Schemas\ValidationError_schema.json"".
2023-01-22 15:44:47.960 &amp#27;[32m INFO&amp#27;[m &amp#27;[35m[@503 - main]&amp#27;[m &amp#27;[36mcom.shaft.tools.io.ReportManager&amp#27;[m : File Action "GetAbsolutePath" successfully performed. With the following test data "Relative Folder Path: "C:\eclipse-workspace\MyProjects\TASystemsAPIs\src\test\resources\testDataFiles\Schemas\ValidationError_schema.json"".
2023-01-22 15:44:47.960 &amp#27;[32m INFO&amp#27;[m &amp#27;[35m[@503 - main]&amp#27;[m &amp#27;[36mcom.shaft.tools.io.ReportManager&amp#27;[m : File Action "ReadFile" successfully performed. With the following test data "File Path: "C:\eclipse-workspace\MyProjects\TASystemsAPIs\src\test\resources\testDataFiles\Schemas\ValidationError_schema.json"".
2023-01-22 15:44:47.964 &amp#27;[32m INFO&amp#27;[m &amp#27;[35m[@503 - main]&amp#27;[m &amp#27;[36mcom.shaft.tools.io.ReportManager&amp#27;[m : Successfully created attachment "Validation Test Data - Expected JSON Value"
2023-01-22 15:44:47.964 &amp#27;[32m INFO&amp#27;[m &amp#27;[35m[@503 - main]&amp#27;[m &amp#27;[36mcom.shaft.tools.io.ReportManager&amp#27;[m : Successfully created attachment "Validation Test Data - Actual JSON Value"
2023-01-22 15:44:47.965 &amp#27;[32m INFO&amp#27;[m &amp#27;[35m[@503 - main]&amp#27;[m &amp#27;[36mcom.shaft.tools.io.ReportManager&amp#27;[m : Successfully created attachment "SHAFT Engine Logs - Current Method log: Update_Policy_With_InValid_data_TC"
]]></system-out>
  </testcase>
  <testcase name="Update_Policy_With_InValid_data_TC[[Ljava.lang.Object;@68dd3d5b](7)" classname="SteeringCompanyAPI_TestCases.Test_Policies_Cases" time="1.178">
    <system-out><![CDATA[2023-01-22 15:44:47.967 &amp#27;[32m INFO&amp#27;[m &amp#27;[35m[@534 - main]&amp#27;[m &amp#27;[36mcom.shaft.tools.io.ReportManager&amp#27;[m : 
################################################################################################################################################
Starting Execution:	"195 out of 70" test cases in the current suite
Test Method:		"SteeringCompanyAPI_TestCases.Test_Policies_Cases.Update_Policy_With_InValid_data_TC"
Test Description:	"TC053 -Policy- Perform Update Policy with InValid data"
################################################################################################################################################
2023-01-22 15:44:47.967 &amp#27;[32m INFO&amp#27;[m &amp#27;[35m[@503 - main]&amp#27;[m &amp#27;[36mcom.shaft.tools.io.ReportManager&amp#27;[m : File Action "DoesFileExist" successfully performed. With the following test data "File Path: "SteeringCompanyAPI_TestData/SteeringCompanyAPI_TestData.xlsx"".
2023-01-22 15:44:47.993 &amp#27;[32m INFO&amp#27;[m &amp#27;[35m[@503 - main]&amp#27;[m &amp#27;[36mcom.shaft.tools.io.ReportManager&amp#27;[m : Successfully created attachment "Test Data - Excel"
2023-01-22 15:44:48.573 &amp#27;[32m INFO&amp#27;[m &amp#27;[35m[@503 - main]&amp#27;[m &amp#27;[36mcom.shaft.tools.io.ReportManager&amp#27;[m : Response status code: "200", status line: "HTTP/1.1 200 OK"
2023-01-22 15:44:48.583 &amp#27;[32m INFO&amp#27;[m &amp#27;[35m[@503 - main]&amp#27;[m &amp#27;[36mcom.shaft.tools.io.ReportManager&amp#27;[m : Successfully created attachment "API Request - Specifications"
2023-01-22 15:44:48.584 &amp#27;[32m INFO&amp#27;[m &amp#27;[35m[@503 - main]&amp#27;[m &amp#27;[36mcom.shaft.tools.io.ReportManager&amp#27;[m : Successfully created attachment "API Request - Body"
2023-01-22 15:44:48.584 &amp#27;[32m INFO&amp#27;[m &amp#27;[35m[@503 - main]&amp#27;[m &amp#27;[36mcom.shaft.tools.io.ReportManager&amp#27;[m : Successfully created attachment "API Response - JSON Body"
2023-01-22 15:44:48.591 &amp#27;[32m INFO&amp#27;[m &amp#27;[35m[@503 - main]&amp#27;[m &amp#27;[36mcom.shaft.tools.io.ReportManager&amp#27;[m : File Action "DoesFileExist" successfully performed. With the following test data "File Path: "SteeringCompanyAPI_TestData/SteeringCompanyAPI_TestData.xlsx"".
2023-01-22 15:44:48.617 &amp#27;[32m INFO&amp#27;[m &amp#27;[35m[@503 - main]&amp#27;[m &amp#27;[36mcom.shaft.tools.io.ReportManager&amp#27;[m : Successfully created attachment "Test Data - Excel"
2023-01-22 15:44:48.618 &amp#27;[32m INFO&amp#27;[m &amp#27;[35m[@503 - main]&amp#27;[m &amp#27;[36mcom.shaft.tools.io.ReportManager&amp#27;[m : File Action "DoesFileExist" successfully performed. With the following test data "File Path: "SteeringCompanyAPI_TestData/SteeringCompanyAPI_TestData.xlsx"".
2023-01-22 15:44:48.643 &amp#27;[32m INFO&amp#27;[m &amp#27;[35m[@503 - main]&amp#27;[m &amp#27;[36mcom.shaft.tools.io.ReportManager&amp#27;[m : Successfully created attachment "Test Data - Excel"
2023-01-22 15:44:48.643 &amp#27;[32m INFO&amp#27;[m &amp#27;[35m[@503 - main]&amp#27;[m &amp#27;[36mcom.shaft.tools.io.ReportManager&amp#27;[m : File Action "DoesFileExist" successfully performed. With the following test data "File Path: "SteeringCompanyAPI_TestData/SteeringCompanyAPI_TestData.xlsx"".
2023-01-22 15:44:48.663 &amp#27;[32m INFO&amp#27;[m &amp#27;[35m[@503 - main]&amp#27;[m &amp#27;[36mcom.shaft.tools.io.ReportManager&amp#27;[m : Successfully created attachment "Test Data - Excel"
2023-01-22 15:44:49.118 &amp#27;[32m INFO&amp#27;[m &amp#27;[35m[@503 - main]&amp#27;[m &amp#27;[36mcom.shaft.tools.io.ReportManager&amp#27;[m : Response status code: "422", status line: "HTTP/1.1 422 "
2023-01-22 15:44:49.127 &amp#27;[32m INFO&amp#27;[m &amp#27;[35m[@503 - main]&amp#27;[m &amp#27;[36mcom.shaft.tools.io.ReportManager&amp#27;[m : Successfully created attachment "API Request - Specifications"
2023-01-22 15:44:49.131 &amp#27;[32m INFO&amp#27;[m &amp#27;[35m[@503 - main]&amp#27;[m &amp#27;[36mcom.shaft.tools.io.ReportManager&amp#27;[m : Successfully created attachment "API Request - JSON Body"
2023-01-22 15:44:49.132 &amp#27;[32m INFO&amp#27;[m &amp#27;[35m[@503 - main]&amp#27;[m &amp#27;[36mcom.shaft.tools.io.ReportManager&amp#27;[m : Successfully created attachment "API Response - JSON Body"
2023-01-22 15:44:49.133 &amp#27;[32m INFO&amp#27;[m &amp#27;[35m[@503 - main]&amp#27;[m &amp#27;[36mcom.shaft.tools.io.ReportManager&amp#27;[m : File Action "DoesFileExist" successfully performed. With the following test data "File Path: "Schemas/ValidationError_schema.json"".
2023-01-22 15:44:49.133 &amp#27;[32m INFO&amp#27;[m &amp#27;[35m[@503 - main]&amp#27;[m &amp#27;[36mcom.shaft.tools.io.ReportManager&amp#27;[m : File Action "DoesFileExist" successfully performed. With the following test data "File Path: "src/test/resources/testDataFiles/Schemas/ValidationError_schema.json"".
2023-01-22 15:44:49.133 &amp#27;[32m INFO&amp#27;[m &amp#27;[35m[@503 - main]&amp#27;[m &amp#27;[36mcom.shaft.tools.io.ReportManager&amp#27;[m : File Action "GetAbsolutePath" successfully performed. With the following test data "Relative Folder Path: "src/test/resources/testDataFiles/Schemas/ValidationError_schema.json"".
2023-01-22 15:44:49.135 &amp#27;[32m INFO&amp#27;[m &amp#27;[35m[@503 - main]&amp#27;[m &amp#27;[36mcom.shaft.tools.io.ReportManager&amp#27;[m : File Action "DoesFileExist" successfully performed. With the following test data "File Path: "C:\eclipse-workspace\MyProjects\TASystemsAPIs\src\test\resources\testDataFiles\Schemas\ValidationError_schema.json"".
2023-01-22 15:44:49.135 &amp#27;[32m INFO&amp#27;[m &amp#27;[35m[@503 - main]&amp#27;[m &amp#27;[36mcom.shaft.tools.io.ReportManager&amp#27;[m : File Action "GetAbsolutePath" successfully performed. With the following test data "Relative Folder Path: "C:\eclipse-workspace\MyProjects\TASystemsAPIs\src\test\resources\testDataFiles\Schemas\ValidationError_schema.json"".
2023-01-22 15:44:49.135 &amp#27;[32m INFO&amp#27;[m &amp#27;[35m[@503 - main]&amp#27;[m &amp#27;[36mcom.shaft.tools.io.ReportManager&amp#27;[m : File Action "ReadFile" successfully performed. With the following test data "File Path: "C:\eclipse-workspace\MyProjects\TASystemsAPIs\src\test\resources\testDataFiles\Schemas\ValidationError_schema.json"".
2023-01-22 15:44:49.138 &amp#27;[32m INFO&amp#27;[m &amp#27;[35m[@503 - main]&amp#27;[m &amp#27;[36mcom.shaft.tools.io.ReportManager&amp#27;[m : Successfully created attachment "Validation Test Data - Expected JSON Value"
2023-01-22 15:44:49.140 &amp#27;[32m INFO&amp#27;[m &amp#27;[35m[@503 - main]&amp#27;[m &amp#27;[36mcom.shaft.tools.io.ReportManager&amp#27;[m : Successfully created attachment "Validation Test Data - Actual JSON Value"
2023-01-22 15:44:49.143 &amp#27;[32m INFO&amp#27;[m &amp#27;[35m[@503 - main]&amp#27;[m &amp#27;[36mcom.shaft.tools.io.ReportManager&amp#27;[m : Successfully created attachment "SHAFT Engine Logs - Current Method log: Update_Policy_With_InValid_data_TC"
]]></system-out>
  </testcase>
  <testcase name="Update_Policy_With_InValid_data_TC[[Ljava.lang.Object;@5877829b](8)" classname="SteeringCompanyAPI_TestCases.Test_Policies_Cases" time="1.212">
    <system-out><![CDATA[2023-01-22 15:44:49.145 &amp#27;[32m INFO&amp#27;[m &amp#27;[35m[@534 - main]&amp#27;[m &amp#27;[36mcom.shaft.tools.io.ReportManager&amp#27;[m : 
################################################################################################################################################
Starting Execution:	"196 out of 70" test cases in the current suite
Test Method:		"SteeringCompanyAPI_TestCases.Test_Policies_Cases.Update_Policy_With_InValid_data_TC"
Test Description:	"TC053 -Policy- Perform Update Policy with InValid data"
################################################################################################################################################
2023-01-22 15:44:49.145 &amp#27;[32m INFO&amp#27;[m &amp#27;[35m[@503 - main]&amp#27;[m &amp#27;[36mcom.shaft.tools.io.ReportManager&amp#27;[m : File Action "DoesFileExist" successfully performed. With the following test data "File Path: "SteeringCompanyAPI_TestData/SteeringCompanyAPI_TestData.xlsx"".
2023-01-22 15:44:49.172 &amp#27;[32m INFO&amp#27;[m &amp#27;[35m[@503 - main]&amp#27;[m &amp#27;[36mcom.shaft.tools.io.ReportManager&amp#27;[m : Successfully created attachment "Test Data - Excel"
2023-01-22 15:44:49.763 &amp#27;[32m INFO&amp#27;[m &amp#27;[35m[@503 - main]&amp#27;[m &amp#27;[36mcom.shaft.tools.io.ReportManager&amp#27;[m : Response status code: "200", status line: "HTTP/1.1 200 OK"
2023-01-22 15:44:49.779 &amp#27;[32m INFO&amp#27;[m &amp#27;[35m[@503 - main]&amp#27;[m &amp#27;[36mcom.shaft.tools.io.ReportManager&amp#27;[m : Successfully created attachment "API Request - Specifications"
2023-01-22 15:44:49.779 &amp#27;[32m INFO&amp#27;[m &amp#27;[35m[@503 - main]&amp#27;[m &amp#27;[36mcom.shaft.tools.io.ReportManager&amp#27;[m : Successfully created attachment "API Request - Body"
2023-01-22 15:44:49.780 &amp#27;[32m INFO&amp#27;[m &amp#27;[35m[@503 - main]&amp#27;[m &amp#27;[36mcom.shaft.tools.io.ReportManager&amp#27;[m : Successfully created attachment "API Response - JSON Body"
2023-01-22 15:44:49.787 &amp#27;[32m INFO&amp#27;[m &amp#27;[35m[@503 - main]&amp#27;[m &amp#27;[36mcom.shaft.tools.io.ReportManager&amp#27;[m : File Action "DoesFileExist" successfully performed. With the following test data "File Path: "SteeringCompanyAPI_TestData/SteeringCompanyAPI_TestData.xlsx"".
2023-01-22 15:44:49.814 &amp#27;[32m INFO&amp#27;[m &amp#27;[35m[@503 - main]&amp#27;[m &amp#27;[36mcom.shaft.tools.io.ReportManager&amp#27;[m : Successfully created attachment "Test Data - Excel"
2023-01-22 15:44:49.815 &amp#27;[32m INFO&amp#27;[m &amp#27;[35m[@503 - main]&amp#27;[m &amp#27;[36mcom.shaft.tools.io.ReportManager&amp#27;[m : File Action "DoesFileExist" successfully performed. With the following test data "File Path: "SteeringCompanyAPI_TestData/SteeringCompanyAPI_TestData.xlsx"".
2023-01-22 15:44:49.842 &amp#27;[32m INFO&amp#27;[m &amp#27;[35m[@503 - main]&amp#27;[m &amp#27;[36mcom.shaft.tools.io.ReportManager&amp#27;[m : Successfully created attachment "Test Data - Excel"
2023-01-22 15:44:49.842 &amp#27;[32m INFO&amp#27;[m &amp#27;[35m[@503 - main]&amp#27;[m &amp#27;[36mcom.shaft.tools.io.ReportManager&amp#27;[m : File Action "DoesFileExist" successfully performed. With the following test data "File Path: "SteeringCompanyAPI_TestData/SteeringCompanyAPI_TestData.xlsx"".
2023-01-22 15:44:49.870 &amp#27;[32m INFO&amp#27;[m &amp#27;[35m[@503 - main]&amp#27;[m &amp#27;[36mcom.shaft.tools.io.ReportManager&amp#27;[m : Successfully created attachment "Test Data - Excel"
2023-01-22 15:44:50.333 &amp#27;[32m INFO&amp#27;[m &amp#27;[35m[@503 - main]&amp#27;[m &amp#27;[36mcom.shaft.tools.io.ReportManager&amp#27;[m : Response status code: "422", status line: "HTTP/1.1 422 "
2023-01-22 15:44:50.341 &amp#27;[32m INFO&amp#27;[m &amp#27;[35m[@503 - main]&amp#27;[m &amp#27;[36mcom.shaft.tools.io.ReportManager&amp#27;[m : Successfully created attachment "API Request - Specifications"
2023-01-22 15:44:50.342 &amp#27;[32m INFO&amp#27;[m &amp#27;[35m[@503 - main]&amp#27;[m &amp#27;[36mcom.shaft.tools.io.ReportManager&amp#27;[m : Successfully created attachment "API Request - JSON Body"
2023-01-22 15:44:50.346 &amp#27;[32m INFO&amp#27;[m &amp#27;[35m[@503 - main]&amp#27;[m &amp#27;[36mcom.shaft.tools.io.ReportManager&amp#27;[m : Successfully created attachment "API Response - JSON Body"
2023-01-22 15:44:50.348 &amp#27;[32m INFO&amp#27;[m &amp#27;[35m[@503 - main]&amp#27;[m &amp#27;[36mcom.shaft.tools.io.ReportManager&amp#27;[m : File Action "DoesFileExist" successfully performed. With the following test data "File Path: "Schemas/ValidationError_schema.json"".
2023-01-22 15:44:50.348 &amp#27;[32m INFO&amp#27;[m &amp#27;[35m[@503 - main]&amp#27;[m &amp#27;[36mcom.shaft.tools.io.ReportManager&amp#27;[m : File Action "DoesFileExist" successfully performed. With the following test data "File Path: "src/test/resources/testDataFiles/Schemas/ValidationError_schema.json"".
2023-01-22 15:44:50.348 &amp#27;[32m INFO&amp#27;[m &amp#27;[35m[@503 - main]&amp#27;[m &amp#27;[36mcom.shaft.tools.io.ReportManager&amp#27;[m : File Action "GetAbsolutePath" successfully performed. With the following test data "Relative Folder Path: "src/test/resources/testDataFiles/Schemas/ValidationError_schema.json"".
2023-01-22 15:44:50.352 &amp#27;[32m INFO&amp#27;[m &amp#27;[35m[@503 - main]&amp#27;[m &amp#27;[36mcom.shaft.tools.io.ReportManager&amp#27;[m : File Action "DoesFileExist" successfully performed. With the following test data "File Path: "C:\eclipse-workspace\MyProjects\TASystemsAPIs\src\test\resources\testDataFiles\Schemas\ValidationError_schema.json"".
2023-01-22 15:44:50.352 &amp#27;[32m INFO&amp#27;[m &amp#27;[35m[@503 - main]&amp#27;[m &amp#27;[36mcom.shaft.tools.io.ReportManager&amp#27;[m : File Action "GetAbsolutePath" successfully performed. With the following test data "Relative Folder Path: "C:\eclipse-workspace\MyProjects\TASystemsAPIs\src\test\resources\testDataFiles\Schemas\ValidationError_schema.json"".
2023-01-22 15:44:50.352 &amp#27;[32m INFO&amp#27;[m &amp#27;[35m[@503 - main]&amp#27;[m &amp#27;[36mcom.shaft.tools.io.ReportManager&amp#27;[m : File Action "ReadFile" successfully performed. With the following test data "File Path: "C:\eclipse-workspace\MyProjects\TASystemsAPIs\src\test\resources\testDataFiles\Schemas\ValidationError_schema.json"".
2023-01-22 15:44:50.353 &amp#27;[32m INFO&amp#27;[m &amp#27;[35m[@503 - main]&amp#27;[m &amp#27;[36mcom.shaft.tools.io.ReportManager&amp#27;[m : Successfully created attachment "Validation Test Data - Expected JSON Value"
2023-01-22 15:44:50.354 &amp#27;[32m INFO&amp#27;[m &amp#27;[35m[@503 - main]&amp#27;[m &amp#27;[36mcom.shaft.tools.io.ReportManager&amp#27;[m : Successfully created attachment "Validation Test Data - Actual JSON Value"
2023-01-22 15:44:50.354 &amp#27;[32m INFO&amp#27;[m &amp#27;[35m[@503 - main]&amp#27;[m &amp#27;[36mcom.shaft.tools.io.ReportManager&amp#27;[m : Successfully created attachment "SHAFT Engine Logs - Current Method log: Update_Policy_With_InValid_data_TC"
]]></system-out>
  </testcase>
  <testcase name="Update_Policy_With_InValid_data_TC[[Ljava.lang.Object;@22a760c7](9)" classname="SteeringCompanyAPI_TestCases.Test_Policies_Cases" time="1.164">
    <system-out><![CDATA[2023-01-22 15:44:50.358 &amp#27;[32m INFO&amp#27;[m &amp#27;[35m[@534 - main]&amp#27;[m &amp#27;[36mcom.shaft.tools.io.ReportManager&amp#27;[m : 
################################################################################################################################################
Starting Execution:	"197 out of 70" test cases in the current suite
Test Method:		"SteeringCompanyAPI_TestCases.Test_Policies_Cases.Update_Policy_With_InValid_data_TC"
Test Description:	"TC053 -Policy- Perform Update Policy with InValid data"
################################################################################################################################################
2023-01-22 15:44:50.358 &amp#27;[32m INFO&amp#27;[m &amp#27;[35m[@503 - main]&amp#27;[m &amp#27;[36mcom.shaft.tools.io.ReportManager&amp#27;[m : File Action "DoesFileExist" successfully performed. With the following test data "File Path: "SteeringCompanyAPI_TestData/SteeringCompanyAPI_TestData.xlsx"".
2023-01-22 15:44:50.384 &amp#27;[32m INFO&amp#27;[m &amp#27;[35m[@503 - main]&amp#27;[m &amp#27;[36mcom.shaft.tools.io.ReportManager&amp#27;[m : Successfully created attachment "Test Data - Excel"
2023-01-22 15:44:50.961 &amp#27;[32m INFO&amp#27;[m &amp#27;[35m[@503 - main]&amp#27;[m &amp#27;[36mcom.shaft.tools.io.ReportManager&amp#27;[m : Response status code: "200", status line: "HTTP/1.1 200 OK"
2023-01-22 15:44:50.973 &amp#27;[32m INFO&amp#27;[m &amp#27;[35m[@503 - main]&amp#27;[m &amp#27;[36mcom.shaft.tools.io.ReportManager&amp#27;[m : Successfully created attachment "API Request - Specifications"
2023-01-22 15:44:50.974 &amp#27;[32m INFO&amp#27;[m &amp#27;[35m[@503 - main]&amp#27;[m &amp#27;[36mcom.shaft.tools.io.ReportManager&amp#27;[m : Successfully created attachment "API Request - Body"
2023-01-22 15:44:50.975 &amp#27;[32m INFO&amp#27;[m &amp#27;[35m[@503 - main]&amp#27;[m &amp#27;[36mcom.shaft.tools.io.ReportManager&amp#27;[m : Successfully created attachment "API Response - JSON Body"
2023-01-22 15:44:50.982 &amp#27;[32m INFO&amp#27;[m &amp#27;[35m[@503 - main]&amp#27;[m &amp#27;[36mcom.shaft.tools.io.ReportManager&amp#27;[m : File Action "DoesFileExist" successfully performed. With the following test data "File Path: "SteeringCompanyAPI_TestData/SteeringCompanyAPI_TestData.xlsx"".
2023-01-22 15:44:51.004 &amp#27;[32m INFO&amp#27;[m &amp#27;[35m[@503 - main]&amp#27;[m &amp#27;[36mcom.shaft.tools.io.ReportManager&amp#27;[m : Successfully created attachment "Test Data - Excel"
2023-01-22 15:44:51.004 &amp#27;[32m INFO&amp#27;[m &amp#27;[35m[@503 - main]&amp#27;[m &amp#27;[36mcom.shaft.tools.io.ReportManager&amp#27;[m : File Action "DoesFileExist" successfully performed. With the following test data "File Path: "SteeringCompanyAPI_TestData/SteeringCompanyAPI_TestData.xlsx"".
2023-01-22 15:44:51.023 &amp#27;[32m INFO&amp#27;[m &amp#27;[35m[@503 - main]&amp#27;[m &amp#27;[36mcom.shaft.tools.io.ReportManager&amp#27;[m : Successfully created attachment "Test Data - Excel"
2023-01-22 15:44:51.023 &amp#27;[32m INFO&amp#27;[m &amp#27;[35m[@503 - main]&amp#27;[m &amp#27;[36mcom.shaft.tools.io.ReportManager&amp#27;[m : File Action "DoesFileExist" successfully performed. With the following test data "File Path: "SteeringCompanyAPI_TestData/SteeringCompanyAPI_TestData.xlsx"".
2023-01-22 15:44:51.044 &amp#27;[32m INFO&amp#27;[m &amp#27;[35m[@503 - main]&amp#27;[m &amp#27;[36mcom.shaft.tools.io.ReportManager&amp#27;[m : Successfully created attachment "Test Data - Excel"
2023-01-22 15:44:51.499 &amp#27;[32m INFO&amp#27;[m &amp#27;[35m[@503 - main]&amp#27;[m &amp#27;[36mcom.shaft.tools.io.ReportManager&amp#27;[m : Response status code: "422", status line: "HTTP/1.1 422 "
2023-01-22 15:44:51.508 &amp#27;[32m INFO&amp#27;[m &amp#27;[35m[@503 - main]&amp#27;[m &amp#27;[36mcom.shaft.tools.io.ReportManager&amp#27;[m : Successfully created attachment "API Request - Specifications"
2023-01-22 15:44:51.509 &amp#27;[32m INFO&amp#27;[m &amp#27;[35m[@503 - main]&amp#27;[m &amp#27;[36mcom.shaft.tools.io.ReportManager&amp#27;[m : Successfully created attachment "API Request - JSON Body"
2023-01-22 15:44:51.510 &amp#27;[32m INFO&amp#27;[m &amp#27;[35m[@503 - main]&amp#27;[m &amp#27;[36mcom.shaft.tools.io.ReportManager&amp#27;[m : Successfully created attachment "API Response - JSON Body"
2023-01-22 15:44:51.510 &amp#27;[32m INFO&amp#27;[m &amp#27;[35m[@503 - main]&amp#27;[m &amp#27;[36mcom.shaft.tools.io.ReportManager&amp#27;[m : File Action "DoesFileExist" successfully performed. With the following test data "File Path: "Schemas/ValidationError_schema.json"".
2023-01-22 15:44:51.511 &amp#27;[32m INFO&amp#27;[m &amp#27;[35m[@503 - main]&amp#27;[m &amp#27;[36mcom.shaft.tools.io.ReportManager&amp#27;[m : File Action "DoesFileExist" successfully performed. With the following test data "File Path: "src/test/resources/testDataFiles/Schemas/ValidationError_schema.json"".
2023-01-22 15:44:51.511 &amp#27;[32m INFO&amp#27;[m &amp#27;[35m[@503 - main]&amp#27;[m &amp#27;[36mcom.shaft.tools.io.ReportManager&amp#27;[m : File Action "GetAbsolutePath" successfully performed. With the following test data "Relative Folder Path: "src/test/resources/testDataFiles/Schemas/ValidationError_schema.json"".
2023-01-22 15:44:51.514 &amp#27;[32m INFO&amp#27;[m &amp#27;[35m[@503 - main]&amp#27;[m &amp#27;[36mcom.shaft.tools.io.ReportManager&amp#27;[m : File Action "DoesFileExist" successfully performed. With the following test data "File Path: "C:\eclipse-workspace\MyProjects\TASystemsAPIs\src\test\resources\testDataFiles\Schemas\ValidationError_schema.json"".
2023-01-22 15:44:51.514 &amp#27;[32m INFO&amp#27;[m &amp#27;[35m[@503 - main]&amp#27;[m &amp#27;[36mcom.shaft.tools.io.ReportManager&amp#27;[m : File Action "GetAbsolutePath" successfully performed. With the following test data "Relative Folder Path: "C:\eclipse-workspace\MyProjects\TASystemsAPIs\src\test\resources\testDataFiles\Schemas\ValidationError_schema.json"".
2023-01-22 15:44:51.515 &amp#27;[32m INFO&amp#27;[m &amp#27;[35m[@503 - main]&amp#27;[m &amp#27;[36mcom.shaft.tools.io.ReportManager&amp#27;[m : File Action "ReadFile" successfully performed. With the following test data "File Path: "C:\eclipse-workspace\MyProjects\TASystemsAPIs\src\test\resources\testDataFiles\Schemas\ValidationError_schema.json"".
2023-01-22 15:44:51.517 &amp#27;[32m INFO&amp#27;[m &amp#27;[35m[@503 - main]&amp#27;[m &amp#27;[36mcom.shaft.tools.io.ReportManager&amp#27;[m : Successfully created attachment "Validation Test Data - Expected JSON Value"
2023-01-22 15:44:51.519 &amp#27;[32m INFO&amp#27;[m &amp#27;[35m[@503 - main]&amp#27;[m &amp#27;[36mcom.shaft.tools.io.ReportManager&amp#27;[m : Successfully created attachment "Validation Test Data - Actual JSON Value"
2023-01-22 15:44:51.519 &amp#27;[32m INFO&amp#27;[m &amp#27;[35m[@503 - main]&amp#27;[m &amp#27;[36mcom.shaft.tools.io.ReportManager&amp#27;[m : Successfully created attachment "SHAFT Engine Logs - Current Method log: Update_Policy_With_InValid_data_TC"
]]></system-out>
  </testcase>
  <testcase name="Update_Policy_With_InValid_data_TC[[Ljava.lang.Object;@763bd2b1](10)" classname="SteeringCompanyAPI_TestCases.Test_Policies_Cases" time="1.402">
    <system-out><![CDATA[2023-01-22 15:44:51.521 &amp#27;[32m INFO&amp#27;[m &amp#27;[35m[@534 - main]&amp#27;[m &amp#27;[36mcom.shaft.tools.io.ReportManager&amp#27;[m : 
################################################################################################################################################
Starting Execution:	"198 out of 70" test cases in the current suite
Test Method:		"SteeringCompanyAPI_TestCases.Test_Policies_Cases.Update_Policy_With_InValid_data_TC"
Test Description:	"TC053 -Policy- Perform Update Policy with InValid data"
################################################################################################################################################
2023-01-22 15:44:51.523 &amp#27;[32m INFO&amp#27;[m &amp#27;[35m[@503 - main]&amp#27;[m &amp#27;[36mcom.shaft.tools.io.ReportManager&amp#27;[m : File Action "DoesFileExist" successfully performed. With the following test data "File Path: "SteeringCompanyAPI_TestData/SteeringCompanyAPI_TestData.xlsx"".
2023-01-22 15:44:51.547 &amp#27;[32m INFO&amp#27;[m &amp#27;[35m[@503 - main]&amp#27;[m &amp#27;[36mcom.shaft.tools.io.ReportManager&amp#27;[m : Successfully created attachment "Test Data - Excel"
2023-01-22 15:44:52.190 &amp#27;[32m INFO&amp#27;[m &amp#27;[35m[@503 - main]&amp#27;[m &amp#27;[36mcom.shaft.tools.io.ReportManager&amp#27;[m : Response status code: "200", status line: "HTTP/1.1 200 OK"
2023-01-22 15:44:52.202 &amp#27;[32m INFO&amp#27;[m &amp#27;[35m[@503 - main]&amp#27;[m &amp#27;[36mcom.shaft.tools.io.ReportManager&amp#27;[m : Successfully created attachment "API Request - Specifications"
2023-01-22 15:44:52.203 &amp#27;[32m INFO&amp#27;[m &amp#27;[35m[@503 - main]&amp#27;[m &amp#27;[36mcom.shaft.tools.io.ReportManager&amp#27;[m : Successfully created attachment "API Request - Body"
2023-01-22 15:44:52.206 &amp#27;[32m INFO&amp#27;[m &amp#27;[35m[@503 - main]&amp#27;[m &amp#27;[36mcom.shaft.tools.io.ReportManager&amp#27;[m : Successfully created attachment "API Response - JSON Body"
2023-01-22 15:44:52.216 &amp#27;[32m INFO&amp#27;[m &amp#27;[35m[@503 - main]&amp#27;[m &amp#27;[36mcom.shaft.tools.io.ReportManager&amp#27;[m : File Action "DoesFileExist" successfully performed. With the following test data "File Path: "SteeringCompanyAPI_TestData/SteeringCompanyAPI_TestData.xlsx"".
2023-01-22 15:44:52.239 &amp#27;[32m INFO&amp#27;[m &amp#27;[35m[@503 - main]&amp#27;[m &amp#27;[36mcom.shaft.tools.io.ReportManager&amp#27;[m : Successfully created attachment "Test Data - Excel"
2023-01-22 15:44:52.239 &amp#27;[32m INFO&amp#27;[m &amp#27;[35m[@503 - main]&amp#27;[m &amp#27;[36mcom.shaft.tools.io.ReportManager&amp#27;[m : File Action "DoesFileExist" successfully performed. With the following test data "File Path: "SteeringCompanyAPI_TestData/SteeringCompanyAPI_TestData.xlsx"".
2023-01-22 15:44:52.263 &amp#27;[32m INFO&amp#27;[m &amp#27;[35m[@503 - main]&amp#27;[m &amp#27;[36mcom.shaft.tools.io.ReportManager&amp#27;[m : Successfully created attachment "Test Data - Excel"
2023-01-22 15:44:52.264 &amp#27;[32m INFO&amp#27;[m &amp#27;[35m[@503 - main]&amp#27;[m &amp#27;[36mcom.shaft.tools.io.ReportManager&amp#27;[m : File Action "DoesFileExist" successfully performed. With the following test data "File Path: "SteeringCompanyAPI_TestData/SteeringCompanyAPI_TestData.xlsx"".
2023-01-22 15:44:52.290 &amp#27;[32m INFO&amp#27;[m &amp#27;[35m[@503 - main]&amp#27;[m &amp#27;[36mcom.shaft.tools.io.ReportManager&amp#27;[m : Successfully created attachment "Test Data - Excel"
2023-01-22 15:44:52.903 &amp#27;[32m INFO&amp#27;[m &amp#27;[35m[@503 - main]&amp#27;[m &amp#27;[36mcom.shaft.tools.io.ReportManager&amp#27;[m : Response status code: "422", status line: "HTTP/1.1 422 "
2023-01-22 15:44:52.914 &amp#27;[32m INFO&amp#27;[m &amp#27;[35m[@503 - main]&amp#27;[m &amp#27;[36mcom.shaft.tools.io.ReportManager&amp#27;[m : Successfully created attachment "API Request - Specifications"
2023-01-22 15:44:52.914 &amp#27;[32m INFO&amp#27;[m &amp#27;[35m[@503 - main]&amp#27;[m &amp#27;[36mcom.shaft.tools.io.ReportManager&amp#27;[m : Successfully created attachment "API Request - JSON Body"
2023-01-22 15:44:52.916 &amp#27;[32m INFO&amp#27;[m &amp#27;[35m[@503 - main]&amp#27;[m &amp#27;[36mcom.shaft.tools.io.ReportManager&amp#27;[m : Successfully created attachment "API Response - JSON Body"
2023-01-22 15:44:52.917 &amp#27;[32m INFO&amp#27;[m &amp#27;[35m[@503 - main]&amp#27;[m &amp#27;[36mcom.shaft.tools.io.ReportManager&amp#27;[m : File Action "DoesFileExist" successfully performed. With the following test data "File Path: "Schemas/ValidationError_schema.json"".
2023-01-22 15:44:52.917 &amp#27;[32m INFO&amp#27;[m &amp#27;[35m[@503 - main]&amp#27;[m &amp#27;[36mcom.shaft.tools.io.ReportManager&amp#27;[m : File Action "DoesFileExist" successfully performed. With the following test data "File Path: "src/test/resources/testDataFiles/Schemas/ValidationError_schema.json"".
2023-01-22 15:44:52.917 &amp#27;[32m INFO&amp#27;[m &amp#27;[35m[@503 - main]&amp#27;[m &amp#27;[36mcom.shaft.tools.io.ReportManager&amp#27;[m : File Action "GetAbsolutePath" successfully performed. With the following test data "Relative Folder Path: "src/test/resources/testDataFiles/Schemas/ValidationError_schema.json"".
2023-01-22 15:44:52.919 &amp#27;[32m INFO&amp#27;[m &amp#27;[35m[@503 - main]&amp#27;[m &amp#27;[36mcom.shaft.tools.io.ReportManager&amp#27;[m : File Action "DoesFileExist" successfully performed. With the following test data "File Path: "C:\eclipse-workspace\MyProjects\TASystemsAPIs\src\test\resources\testDataFiles\Schemas\ValidationError_schema.json"".
2023-01-22 15:44:52.919 &amp#27;[32m INFO&amp#27;[m &amp#27;[35m[@503 - main]&amp#27;[m &amp#27;[36mcom.shaft.tools.io.ReportManager&amp#27;[m : File Action "GetAbsolutePath" successfully performed. With the following test data "Relative Folder Path: "C:\eclipse-workspace\MyProjects\TASystemsAPIs\src\test\resources\testDataFiles\Schemas\ValidationError_schema.json"".
2023-01-22 15:44:52.919 &amp#27;[32m INFO&amp#27;[m &amp#27;[35m[@503 - main]&amp#27;[m &amp#27;[36mcom.shaft.tools.io.ReportManager&amp#27;[m : File Action "ReadFile" successfully performed. With the following test data "File Path: "C:\eclipse-workspace\MyProjects\TASystemsAPIs\src\test\resources\testDataFiles\Schemas\ValidationError_schema.json"".
2023-01-22 15:44:52.920 &amp#27;[32m INFO&amp#27;[m &amp#27;[35m[@503 - main]&amp#27;[m &amp#27;[36mcom.shaft.tools.io.ReportManager&amp#27;[m : Successfully created attachment "Validation Test Data - Expected JSON Value"
2023-01-22 15:44:52.921 &amp#27;[32m INFO&amp#27;[m &amp#27;[35m[@503 - main]&amp#27;[m &amp#27;[36mcom.shaft.tools.io.ReportManager&amp#27;[m : Successfully created attachment "Validation Test Data - Actual JSON Value"
2023-01-22 15:44:52.922 &amp#27;[32m INFO&amp#27;[m &amp#27;[35m[@503 - main]&amp#27;[m &amp#27;[36mcom.shaft.tools.io.ReportManager&amp#27;[m : Successfully created attachment "SHAFT Engine Logs - Current Method log: Update_Policy_With_InValid_data_TC"
]]></system-out>
  </testcase>
  <testcase name="Update_Policy_With_InValid_data_TC[[Ljava.lang.Object;@4f0455d7](11)" classname="SteeringCompanyAPI_TestCases.Test_Policies_Cases" time="1.214">
    <system-out><![CDATA[2023-01-22 15:44:52.924 &amp#27;[32m INFO&amp#27;[m &amp#27;[35m[@534 - main]&amp#27;[m &amp#27;[36mcom.shaft.tools.io.ReportManager&amp#27;[m : 
################################################################################################################################################
Starting Execution:	"199 out of 70" test cases in the current suite
Test Method:		"SteeringCompanyAPI_TestCases.Test_Policies_Cases.Update_Policy_With_InValid_data_TC"
Test Description:	"TC053 -Policy- Perform Update Policy with InValid data"
################################################################################################################################################
2023-01-22 15:44:52.924 &amp#27;[32m INFO&amp#27;[m &amp#27;[35m[@503 - main]&amp#27;[m &amp#27;[36mcom.shaft.tools.io.ReportManager&amp#27;[m : File Action "DoesFileExist" successfully performed. With the following test data "File Path: "SteeringCompanyAPI_TestData/SteeringCompanyAPI_TestData.xlsx"".
2023-01-22 15:44:52.951 &amp#27;[32m INFO&amp#27;[m &amp#27;[35m[@503 - main]&amp#27;[m &amp#27;[36mcom.shaft.tools.io.ReportManager&amp#27;[m : Successfully created attachment "Test Data - Excel"
2023-01-22 15:44:53.550 &amp#27;[32m INFO&amp#27;[m &amp#27;[35m[@503 - main]&amp#27;[m &amp#27;[36mcom.shaft.tools.io.ReportManager&amp#27;[m : Response status code: "200", status line: "HTTP/1.1 200 OK"
2023-01-22 15:44:53.559 &amp#27;[32m INFO&amp#27;[m &amp#27;[35m[@503 - main]&amp#27;[m &amp#27;[36mcom.shaft.tools.io.ReportManager&amp#27;[m : Successfully created attachment "API Request - Specifications"
2023-01-22 15:44:53.560 &amp#27;[32m INFO&amp#27;[m &amp#27;[35m[@503 - main]&amp#27;[m &amp#27;[36mcom.shaft.tools.io.ReportManager&amp#27;[m : Successfully created attachment "API Request - Body"
2023-01-22 15:44:53.564 &amp#27;[32m INFO&amp#27;[m &amp#27;[35m[@503 - main]&amp#27;[m &amp#27;[36mcom.shaft.tools.io.ReportManager&amp#27;[m : Successfully created attachment "API Response - JSON Body"
2023-01-22 15:44:53.572 &amp#27;[32m INFO&amp#27;[m &amp#27;[35m[@503 - main]&amp#27;[m &amp#27;[36mcom.shaft.tools.io.ReportManager&amp#27;[m : File Action "DoesFileExist" successfully performed. With the following test data "File Path: "SteeringCompanyAPI_TestData/SteeringCompanyAPI_TestData.xlsx"".
2023-01-22 15:44:53.597 &amp#27;[32m INFO&amp#27;[m &amp#27;[35m[@503 - main]&amp#27;[m &amp#27;[36mcom.shaft.tools.io.ReportManager&amp#27;[m : Successfully created attachment "Test Data - Excel"
2023-01-22 15:44:53.597 &amp#27;[32m INFO&amp#27;[m &amp#27;[35m[@503 - main]&amp#27;[m &amp#27;[36mcom.shaft.tools.io.ReportManager&amp#27;[m : File Action "DoesFileExist" successfully performed. With the following test data "File Path: "SteeringCompanyAPI_TestData/SteeringCompanyAPI_TestData.xlsx"".
2023-01-22 15:44:53.621 &amp#27;[32m INFO&amp#27;[m &amp#27;[35m[@503 - main]&amp#27;[m &amp#27;[36mcom.shaft.tools.io.ReportManager&amp#27;[m : Successfully created attachment "Test Data - Excel"
2023-01-22 15:44:53.621 &amp#27;[32m INFO&amp#27;[m &amp#27;[35m[@503 - main]&amp#27;[m &amp#27;[36mcom.shaft.tools.io.ReportManager&amp#27;[m : File Action "DoesFileExist" successfully performed. With the following test data "File Path: "SteeringCompanyAPI_TestData/SteeringCompanyAPI_TestData.xlsx"".
2023-01-22 15:44:53.657 &amp#27;[32m INFO&amp#27;[m &amp#27;[35m[@503 - main]&amp#27;[m &amp#27;[36mcom.shaft.tools.io.ReportManager&amp#27;[m : Successfully created attachment "Test Data - Excel"
2023-01-22 15:44:54.111 &amp#27;[32m INFO&amp#27;[m &amp#27;[35m[@503 - main]&amp#27;[m &amp#27;[36mcom.shaft.tools.io.ReportManager&amp#27;[m : Response status code: "422", status line: "HTTP/1.1 422 "
2023-01-22 15:44:54.123 &amp#27;[32m INFO&amp#27;[m &amp#27;[35m[@503 - main]&amp#27;[m &amp#27;[36mcom.shaft.tools.io.ReportManager&amp#27;[m : Successfully created attachment "API Request - Specifications"
2023-01-22 15:44:54.127 &amp#27;[32m INFO&amp#27;[m &amp#27;[35m[@503 - main]&amp#27;[m &amp#27;[36mcom.shaft.tools.io.ReportManager&amp#27;[m : Successfully created attachment "API Request - JSON Body"
2023-01-22 15:44:54.127 &amp#27;[32m INFO&amp#27;[m &amp#27;[35m[@503 - main]&amp#27;[m &amp#27;[36mcom.shaft.tools.io.ReportManager&amp#27;[m : Successfully created attachment "API Response - JSON Body"
2023-01-22 15:44:54.128 &amp#27;[32m INFO&amp#27;[m &amp#27;[35m[@503 - main]&amp#27;[m &amp#27;[36mcom.shaft.tools.io.ReportManager&amp#27;[m : File Action "DoesFileExist" successfully performed. With the following test data "File Path: "Schemas/ValidationError_schema.json"".
2023-01-22 15:44:54.128 &amp#27;[32m INFO&amp#27;[m &amp#27;[35m[@503 - main]&amp#27;[m &amp#27;[36mcom.shaft.tools.io.ReportManager&amp#27;[m : File Action "DoesFileExist" successfully performed. With the following test data "File Path: "src/test/resources/testDataFiles/Schemas/ValidationError_schema.json"".
2023-01-22 15:44:54.128 &amp#27;[32m INFO&amp#27;[m &amp#27;[35m[@503 - main]&amp#27;[m &amp#27;[36mcom.shaft.tools.io.ReportManager&amp#27;[m : File Action "GetAbsolutePath" successfully performed. With the following test data "Relative Folder Path: "src/test/resources/testDataFiles/Schemas/ValidationError_schema.json"".
2023-01-22 15:44:54.131 &amp#27;[32m INFO&amp#27;[m &amp#27;[35m[@503 - main]&amp#27;[m &amp#27;[36mcom.shaft.tools.io.ReportManager&amp#27;[m : File Action "DoesFileExist" successfully performed. With the following test data "File Path: "C:\eclipse-workspace\MyProjects\TASystemsAPIs\src\test\resources\testDataFiles\Schemas\ValidationError_schema.json"".
2023-01-22 15:44:54.131 &amp#27;[32m INFO&amp#27;[m &amp#27;[35m[@503 - main]&amp#27;[m &amp#27;[36mcom.shaft.tools.io.ReportManager&amp#27;[m : File Action "GetAbsolutePath" successfully performed. With the following test data "Relative Folder Path: "C:\eclipse-workspace\MyProjects\TASystemsAPIs\src\test\resources\testDataFiles\Schemas\ValidationError_schema.json"".
2023-01-22 15:44:54.132 &amp#27;[32m INFO&amp#27;[m &amp#27;[35m[@503 - main]&amp#27;[m &amp#27;[36mcom.shaft.tools.io.ReportManager&amp#27;[m : File Action "ReadFile" successfully performed. With the following test data "File Path: "C:\eclipse-workspace\MyProjects\TASystemsAPIs\src\test\resources\testDataFiles\Schemas\ValidationError_schema.json"".
2023-01-22 15:44:54.134 &amp#27;[32m INFO&amp#27;[m &amp#27;[35m[@503 - main]&amp#27;[m &amp#27;[36mcom.shaft.tools.io.ReportManager&amp#27;[m : Successfully created attachment "Validation Test Data - Expected JSON Value"
2023-01-22 15:44:54.134 &amp#27;[32m INFO&amp#27;[m &amp#27;[35m[@503 - main]&amp#27;[m &amp#27;[36mcom.shaft.tools.io.ReportManager&amp#27;[m : Successfully created attachment "Validation Test Data - Actual JSON Value"
2023-01-22 15:44:54.136 &amp#27;[32m INFO&amp#27;[m &amp#27;[35m[@503 - main]&amp#27;[m &amp#27;[36mcom.shaft.tools.io.ReportManager&amp#27;[m : Successfully created attachment "SHAFT Engine Logs - Current Method log: Update_Policy_With_InValid_data_TC"
]]></system-out>
  </testcase>
  <testcase name="Update_Policy_With_InValid_data_TC[[Ljava.lang.Object;@3427fb95](12)" classname="SteeringCompanyAPI_TestCases.Test_Policies_Cases" time="1.216">
    <system-out><![CDATA[2023-01-22 15:44:54.137 &amp#27;[32m INFO&amp#27;[m &amp#27;[35m[@534 - main]&amp#27;[m &amp#27;[36mcom.shaft.tools.io.ReportManager&amp#27;[m : 
################################################################################################################################################
Starting Execution:	"200 out of 70" test cases in the current suite
Test Method:		"SteeringCompanyAPI_TestCases.Test_Policies_Cases.Update_Policy_With_InValid_data_TC"
Test Description:	"TC053 -Policy- Perform Update Policy with InValid data"
################################################################################################################################################
2023-01-22 15:44:54.138 &amp#27;[32m INFO&amp#27;[m &amp#27;[35m[@503 - main]&amp#27;[m &amp#27;[36mcom.shaft.tools.io.ReportManager&amp#27;[m : File Action "DoesFileExist" successfully performed. With the following test data "File Path: "SteeringCompanyAPI_TestData/SteeringCompanyAPI_TestData.xlsx"".
2023-01-22 15:44:54.172 &amp#27;[32m INFO&amp#27;[m &amp#27;[35m[@503 - main]&amp#27;[m &amp#27;[36mcom.shaft.tools.io.ReportManager&amp#27;[m : Successfully created attachment "Test Data - Excel"
2023-01-22 15:44:54.750 &amp#27;[32m INFO&amp#27;[m &amp#27;[35m[@503 - main]&amp#27;[m &amp#27;[36mcom.shaft.tools.io.ReportManager&amp#27;[m : Response status code: "200", status line: "HTTP/1.1 200 OK"
2023-01-22 15:44:54.763 &amp#27;[32m INFO&amp#27;[m &amp#27;[35m[@503 - main]&amp#27;[m &amp#27;[36mcom.shaft.tools.io.ReportManager&amp#27;[m : Successfully created attachment "API Request - Specifications"
2023-01-22 15:44:54.765 &amp#27;[32m INFO&amp#27;[m &amp#27;[35m[@503 - main]&amp#27;[m &amp#27;[36mcom.shaft.tools.io.ReportManager&amp#27;[m : Successfully created attachment "API Request - Body"
2023-01-22 15:44:54.765 &amp#27;[32m INFO&amp#27;[m &amp#27;[35m[@503 - main]&amp#27;[m &amp#27;[36mcom.shaft.tools.io.ReportManager&amp#27;[m : Successfully created attachment "API Response - JSON Body"
2023-01-22 15:44:54.775 &amp#27;[32m INFO&amp#27;[m &amp#27;[35m[@503 - main]&amp#27;[m &amp#27;[36mcom.shaft.tools.io.ReportManager&amp#27;[m : File Action "DoesFileExist" successfully performed. With the following test data "File Path: "SteeringCompanyAPI_TestData/SteeringCompanyAPI_TestData.xlsx"".
2023-01-22 15:44:54.806 &amp#27;[32m INFO&amp#27;[m &amp#27;[35m[@503 - main]&amp#27;[m &amp#27;[36mcom.shaft.tools.io.ReportManager&amp#27;[m : Successfully created attachment "Test Data - Excel"
2023-01-22 15:44:54.807 &amp#27;[32m INFO&amp#27;[m &amp#27;[35m[@503 - main]&amp#27;[m &amp#27;[36mcom.shaft.tools.io.ReportManager&amp#27;[m : File Action "DoesFileExist" successfully performed. With the following test data "File Path: "SteeringCompanyAPI_TestData/SteeringCompanyAPI_TestData.xlsx"".
2023-01-22 15:44:54.836 &amp#27;[32m INFO&amp#27;[m &amp#27;[35m[@503 - main]&amp#27;[m &amp#27;[36mcom.shaft.tools.io.ReportManager&amp#27;[m : Successfully created attachment "Test Data - Excel"
2023-01-22 15:44:54.837 &amp#27;[32m INFO&amp#27;[m &amp#27;[35m[@503 - main]&amp#27;[m &amp#27;[36mcom.shaft.tools.io.ReportManager&amp#27;[m : File Action "DoesFileExist" successfully performed. With the following test data "File Path: "SteeringCompanyAPI_TestData/SteeringCompanyAPI_TestData.xlsx"".
2023-01-22 15:44:54.863 &amp#27;[32m INFO&amp#27;[m &amp#27;[35m[@503 - main]&amp#27;[m &amp#27;[36mcom.shaft.tools.io.ReportManager&amp#27;[m : Successfully created attachment "Test Data - Excel"
2023-01-22 15:44:55.329 &amp#27;[32m INFO&amp#27;[m &amp#27;[35m[@503 - main]&amp#27;[m &amp#27;[36mcom.shaft.tools.io.ReportManager&amp#27;[m : Response status code: "422", status line: "HTTP/1.1 422 "
2023-01-22 15:44:55.339 &amp#27;[32m INFO&amp#27;[m &amp#27;[35m[@503 - main]&amp#27;[m &amp#27;[36mcom.shaft.tools.io.ReportManager&amp#27;[m : Successfully created attachment "API Request - Specifications"
2023-01-22 15:44:55.340 &amp#27;[32m INFO&amp#27;[m &amp#27;[35m[@503 - main]&amp#27;[m &amp#27;[36mcom.shaft.tools.io.ReportManager&amp#27;[m : Successfully created attachment "API Request - JSON Body"
2023-01-22 15:44:55.343 &amp#27;[32m INFO&amp#27;[m &amp#27;[35m[@503 - main]&amp#27;[m &amp#27;[36mcom.shaft.tools.io.ReportManager&amp#27;[m : Successfully created attachment "API Response - JSON Body"
2023-01-22 15:44:55.343 &amp#27;[32m INFO&amp#27;[m &amp#27;[35m[@503 - main]&amp#27;[m &amp#27;[36mcom.shaft.tools.io.ReportManager&amp#27;[m : File Action "DoesFileExist" successfully performed. With the following test data "File Path: "Schemas/ValidationError_schema.json"".
2023-01-22 15:44:55.344 &amp#27;[32m INFO&amp#27;[m &amp#27;[35m[@503 - main]&amp#27;[m &amp#27;[36mcom.shaft.tools.io.ReportManager&amp#27;[m : File Action "DoesFileExist" successfully performed. With the following test data "File Path: "src/test/resources/testDataFiles/Schemas/ValidationError_schema.json"".
2023-01-22 15:44:55.345 &amp#27;[32m INFO&amp#27;[m &amp#27;[35m[@503 - main]&amp#27;[m &amp#27;[36mcom.shaft.tools.io.ReportManager&amp#27;[m : File Action "GetAbsolutePath" successfully performed. With the following test data "Relative Folder Path: "src/test/resources/testDataFiles/Schemas/ValidationError_schema.json"".
2023-01-22 15:44:55.346 &amp#27;[32m INFO&amp#27;[m &amp#27;[35m[@503 - main]&amp#27;[m &amp#27;[36mcom.shaft.tools.io.ReportManager&amp#27;[m : File Action "DoesFileExist" successfully performed. With the following test data "File Path: "C:\eclipse-workspace\MyProjects\TASystemsAPIs\src\test\resources\testDataFiles\Schemas\ValidationError_schema.json"".
2023-01-22 15:44:55.346 &amp#27;[32m INFO&amp#27;[m &amp#27;[35m[@503 - main]&amp#27;[m &amp#27;[36mcom.shaft.tools.io.ReportManager&amp#27;[m : File Action "GetAbsolutePath" successfully performed. With the following test data "Relative Folder Path: "C:\eclipse-workspace\MyProjects\TASystemsAPIs\src\test\resources\testDataFiles\Schemas\ValidationError_schema.json"".
2023-01-22 15:44:55.347 &amp#27;[32m INFO&amp#27;[m &amp#27;[35m[@503 - main]&amp#27;[m &amp#27;[36mcom.shaft.tools.io.ReportManager&amp#27;[m : File Action "ReadFile" successfully performed. With the following test data "File Path: "C:\eclipse-workspace\MyProjects\TASystemsAPIs\src\test\resources\testDataFiles\Schemas\ValidationError_schema.json"".
2023-01-22 15:44:55.348 &amp#27;[32m INFO&amp#27;[m &amp#27;[35m[@503 - main]&amp#27;[m &amp#27;[36mcom.shaft.tools.io.ReportManager&amp#27;[m : Successfully created attachment "Validation Test Data - Expected JSON Value"
2023-01-22 15:44:55.350 &amp#27;[32m INFO&amp#27;[m &amp#27;[35m[@503 - main]&amp#27;[m &amp#27;[36mcom.shaft.tools.io.ReportManager&amp#27;[m : Successfully created attachment "Validation Test Data - Actual JSON Value"
2023-01-22 15:44:55.351 &amp#27;[32m INFO&amp#27;[m &amp#27;[35m[@503 - main]&amp#27;[m &amp#27;[36mcom.shaft.tools.io.ReportManager&amp#27;[m : Successfully created attachment "SHAFT Engine Logs - Current Method log: Update_Policy_With_InValid_data_TC"
]]></system-out>
  </testcase>
  <testcase name="Update_Policy_With_InValid_data_TC[[Ljava.lang.Object;@392e2e29](13)" classname="SteeringCompanyAPI_TestCases.Test_Policies_Cases" time="1.198">
    <system-out><![CDATA[2023-01-22 15:44:55.353 &amp#27;[32m INFO&amp#27;[m &amp#27;[35m[@534 - main]&amp#27;[m &amp#27;[36mcom.shaft.tools.io.ReportManager&amp#27;[m : 
################################################################################################################################################
Starting Execution:	"201 out of 70" test cases in the current suite
Test Method:		"SteeringCompanyAPI_TestCases.Test_Policies_Cases.Update_Policy_With_InValid_data_TC"
Test Description:	"TC053 -Policy- Perform Update Policy with InValid data"
################################################################################################################################################
2023-01-22 15:44:55.354 &amp#27;[32m INFO&amp#27;[m &amp#27;[35m[@503 - main]&amp#27;[m &amp#27;[36mcom.shaft.tools.io.ReportManager&amp#27;[m : File Action "DoesFileExist" successfully performed. With the following test data "File Path: "SteeringCompanyAPI_TestData/SteeringCompanyAPI_TestData.xlsx"".
2023-01-22 15:44:55.381 &amp#27;[32m INFO&amp#27;[m &amp#27;[35m[@503 - main]&amp#27;[m &amp#27;[36mcom.shaft.tools.io.ReportManager&amp#27;[m : Successfully created attachment "Test Data - Excel"
2023-01-22 15:44:55.963 &amp#27;[32m INFO&amp#27;[m &amp#27;[35m[@503 - main]&amp#27;[m &amp#27;[36mcom.shaft.tools.io.ReportManager&amp#27;[m : Response status code: "200", status line: "HTTP/1.1 200 OK"
2023-01-22 15:44:55.975 &amp#27;[32m INFO&amp#27;[m &amp#27;[35m[@503 - main]&amp#27;[m &amp#27;[36mcom.shaft.tools.io.ReportManager&amp#27;[m : Successfully created attachment "API Request - Specifications"
2023-01-22 15:44:55.978 &amp#27;[32m INFO&amp#27;[m &amp#27;[35m[@503 - main]&amp#27;[m &amp#27;[36mcom.shaft.tools.io.ReportManager&amp#27;[m : Successfully created attachment "API Request - Body"
2023-01-22 15:44:55.979 &amp#27;[32m INFO&amp#27;[m &amp#27;[35m[@503 - main]&amp#27;[m &amp#27;[36mcom.shaft.tools.io.ReportManager&amp#27;[m : Successfully created attachment "API Response - JSON Body"
2023-01-22 15:44:55.988 &amp#27;[32m INFO&amp#27;[m &amp#27;[35m[@503 - main]&amp#27;[m &amp#27;[36mcom.shaft.tools.io.ReportManager&amp#27;[m : File Action "DoesFileExist" successfully performed. With the following test data "File Path: "SteeringCompanyAPI_TestData/SteeringCompanyAPI_TestData.xlsx"".
2023-01-22 15:44:56.013 &amp#27;[32m INFO&amp#27;[m &amp#27;[35m[@503 - main]&amp#27;[m &amp#27;[36mcom.shaft.tools.io.ReportManager&amp#27;[m : Successfully created attachment "Test Data - Excel"
2023-01-22 15:44:56.013 &amp#27;[32m INFO&amp#27;[m &amp#27;[35m[@503 - main]&amp#27;[m &amp#27;[36mcom.shaft.tools.io.ReportManager&amp#27;[m : File Action "DoesFileExist" successfully performed. With the following test data "File Path: "SteeringCompanyAPI_TestData/SteeringCompanyAPI_TestData.xlsx"".
2023-01-22 15:44:56.037 &amp#27;[32m INFO&amp#27;[m &amp#27;[35m[@503 - main]&amp#27;[m &amp#27;[36mcom.shaft.tools.io.ReportManager&amp#27;[m : Successfully created attachment "Test Data - Excel"
2023-01-22 15:44:56.038 &amp#27;[32m INFO&amp#27;[m &amp#27;[35m[@503 - main]&amp#27;[m &amp#27;[36mcom.shaft.tools.io.ReportManager&amp#27;[m : File Action "DoesFileExist" successfully performed. With the following test data "File Path: "SteeringCompanyAPI_TestData/SteeringCompanyAPI_TestData.xlsx"".
2023-01-22 15:44:56.062 &amp#27;[32m INFO&amp#27;[m &amp#27;[35m[@503 - main]&amp#27;[m &amp#27;[36mcom.shaft.tools.io.ReportManager&amp#27;[m : Successfully created attachment "Test Data - Excel"
2023-01-22 15:44:56.532 &amp#27;[32m INFO&amp#27;[m &amp#27;[35m[@503 - main]&amp#27;[m &amp#27;[36mcom.shaft.tools.io.ReportManager&amp#27;[m : Response status code: "422", status line: "HTTP/1.1 422 "
2023-01-22 15:44:56.539 &amp#27;[32m INFO&amp#27;[m &amp#27;[35m[@503 - main]&amp#27;[m &amp#27;[36mcom.shaft.tools.io.ReportManager&amp#27;[m : Successfully created attachment "API Request - Specifications"
2023-01-22 15:44:56.540 &amp#27;[32m INFO&amp#27;[m &amp#27;[35m[@503 - main]&amp#27;[m &amp#27;[36mcom.shaft.tools.io.ReportManager&amp#27;[m : Successfully created attachment "API Request - JSON Body"
2023-01-22 15:44:56.540 &amp#27;[32m INFO&amp#27;[m &amp#27;[35m[@503 - main]&amp#27;[m &amp#27;[36mcom.shaft.tools.io.ReportManager&amp#27;[m : Successfully created attachment "API Response - JSON Body"
2023-01-22 15:44:56.542 &amp#27;[32m INFO&amp#27;[m &amp#27;[35m[@503 - main]&amp#27;[m &amp#27;[36mcom.shaft.tools.io.ReportManager&amp#27;[m : File Action "DoesFileExist" successfully performed. With the following test data "File Path: "Schemas/ValidationError_schema.json"".
2023-01-22 15:44:56.542 &amp#27;[32m INFO&amp#27;[m &amp#27;[35m[@503 - main]&amp#27;[m &amp#27;[36mcom.shaft.tools.io.ReportManager&amp#27;[m : File Action "DoesFileExist" successfully performed. With the following test data "File Path: "src/test/resources/testDataFiles/Schemas/ValidationError_schema.json"".
2023-01-22 15:44:56.543 &amp#27;[32m INFO&amp#27;[m &amp#27;[35m[@503 - main]&amp#27;[m &amp#27;[36mcom.shaft.tools.io.ReportManager&amp#27;[m : File Action "GetAbsolutePath" successfully performed. With the following test data "Relative Folder Path: "src/test/resources/testDataFiles/Schemas/ValidationError_schema.json"".
2023-01-22 15:44:56.545 &amp#27;[32m INFO&amp#27;[m &amp#27;[35m[@503 - main]&amp#27;[m &amp#27;[36mcom.shaft.tools.io.ReportManager&amp#27;[m : File Action "DoesFileExist" successfully performed. With the following test data "File Path: "C:\eclipse-workspace\MyProjects\TASystemsAPIs\src\test\resources\testDataFiles\Schemas\ValidationError_schema.json"".
2023-01-22 15:44:56.546 &amp#27;[32m INFO&amp#27;[m &amp#27;[35m[@503 - main]&amp#27;[m &amp#27;[36mcom.shaft.tools.io.ReportManager&amp#27;[m : File Action "GetAbsolutePath" successfully performed. With the following test data "Relative Folder Path: "C:\eclipse-workspace\MyProjects\TASystemsAPIs\src\test\resources\testDataFiles\Schemas\ValidationError_schema.json"".
2023-01-22 15:44:56.546 &amp#27;[32m INFO&amp#27;[m &amp#27;[35m[@503 - main]&amp#27;[m &amp#27;[36mcom.shaft.tools.io.ReportManager&amp#27;[m : File Action "ReadFile" successfully performed. With the following test data "File Path: "C:\eclipse-workspace\MyProjects\TASystemsAPIs\src\test\resources\testDataFiles\Schemas\ValidationError_schema.json"".
2023-01-22 15:44:56.547 &amp#27;[32m INFO&amp#27;[m &amp#27;[35m[@503 - main]&amp#27;[m &amp#27;[36mcom.shaft.tools.io.ReportManager&amp#27;[m : Successfully created attachment "Validation Test Data - Expected JSON Value"
2023-01-22 15:44:56.548 &amp#27;[32m INFO&amp#27;[m &amp#27;[35m[@503 - main]&amp#27;[m &amp#27;[36mcom.shaft.tools.io.ReportManager&amp#27;[m : Successfully created attachment "Validation Test Data - Actual JSON Value"
2023-01-22 15:44:56.550 &amp#27;[32m INFO&amp#27;[m &amp#27;[35m[@503 - main]&amp#27;[m &amp#27;[36mcom.shaft.tools.io.ReportManager&amp#27;[m : Successfully created attachment "SHAFT Engine Logs - Current Method log: Update_Policy_With_InValid_data_TC"
]]></system-out>
  </testcase>
  <testcase name="Update_Policy_With_InValid_data_TC[[Ljava.lang.Object;@5a7ffa4c](14)" classname="SteeringCompanyAPI_TestCases.Test_Policies_Cases" time="1.246">
    <system-out><![CDATA[2023-01-22 15:44:56.552 &amp#27;[32m INFO&amp#27;[m &amp#27;[35m[@534 - main]&amp#27;[m &amp#27;[36mcom.shaft.tools.io.ReportManager&amp#27;[m : 
################################################################################################################################################
Starting Execution:	"202 out of 70" test cases in the current suite
Test Method:		"SteeringCompanyAPI_TestCases.Test_Policies_Cases.Update_Policy_With_InValid_data_TC"
Test Description:	"TC053 -Policy- Perform Update Policy with InValid data"
################################################################################################################################################
2023-01-22 15:44:56.553 &amp#27;[32m INFO&amp#27;[m &amp#27;[35m[@503 - main]&amp#27;[m &amp#27;[36mcom.shaft.tools.io.ReportManager&amp#27;[m : File Action "DoesFileExist" successfully performed. With the following test data "File Path: "SteeringCompanyAPI_TestData/SteeringCompanyAPI_TestData.xlsx"".
2023-01-22 15:44:56.579 &amp#27;[32m INFO&amp#27;[m &amp#27;[35m[@503 - main]&amp#27;[m &amp#27;[36mcom.shaft.tools.io.ReportManager&amp#27;[m : Successfully created attachment "Test Data - Excel"
2023-01-22 15:44:57.154 &amp#27;[32m INFO&amp#27;[m &amp#27;[35m[@503 - main]&amp#27;[m &amp#27;[36mcom.shaft.tools.io.ReportManager&amp#27;[m : Response status code: "200", status line: "HTTP/1.1 200 OK"
2023-01-22 15:44:57.164 &amp#27;[32m INFO&amp#27;[m &amp#27;[35m[@503 - main]&amp#27;[m &amp#27;[36mcom.shaft.tools.io.ReportManager&amp#27;[m : Successfully created attachment "API Request - Specifications"
2023-01-22 15:44:57.165 &amp#27;[32m INFO&amp#27;[m &amp#27;[35m[@503 - main]&amp#27;[m &amp#27;[36mcom.shaft.tools.io.ReportManager&amp#27;[m : Successfully created attachment "API Request - Body"
2023-01-22 15:44:57.169 &amp#27;[32m INFO&amp#27;[m &amp#27;[35m[@503 - main]&amp#27;[m &amp#27;[36mcom.shaft.tools.io.ReportManager&amp#27;[m : Successfully created attachment "API Response - JSON Body"
2023-01-22 15:44:57.176 &amp#27;[32m INFO&amp#27;[m &amp#27;[35m[@503 - main]&amp#27;[m &amp#27;[36mcom.shaft.tools.io.ReportManager&amp#27;[m : File Action "DoesFileExist" successfully performed. With the following test data "File Path: "SteeringCompanyAPI_TestData/SteeringCompanyAPI_TestData.xlsx"".
2023-01-22 15:44:57.205 &amp#27;[32m INFO&amp#27;[m &amp#27;[35m[@503 - main]&amp#27;[m &amp#27;[36mcom.shaft.tools.io.ReportManager&amp#27;[m : Successfully created attachment "Test Data - Excel"
2023-01-22 15:44:57.206 &amp#27;[32m INFO&amp#27;[m &amp#27;[35m[@503 - main]&amp#27;[m &amp#27;[36mcom.shaft.tools.io.ReportManager&amp#27;[m : File Action "DoesFileExist" successfully performed. With the following test data "File Path: "SteeringCompanyAPI_TestData/SteeringCompanyAPI_TestData.xlsx"".
2023-01-22 15:44:57.267 &amp#27;[32m INFO&amp#27;[m &amp#27;[35m[@503 - main]&amp#27;[m &amp#27;[36mcom.shaft.tools.io.ReportManager&amp#27;[m : Successfully created attachment "Test Data - Excel"
2023-01-22 15:44:57.268 &amp#27;[32m INFO&amp#27;[m &amp#27;[35m[@503 - main]&amp#27;[m &amp#27;[36mcom.shaft.tools.io.ReportManager&amp#27;[m : File Action "DoesFileExist" successfully performed. With the following test data "File Path: "SteeringCompanyAPI_TestData/SteeringCompanyAPI_TestData.xlsx"".
2023-01-22 15:44:57.307 &amp#27;[32m INFO&amp#27;[m &amp#27;[35m[@503 - main]&amp#27;[m &amp#27;[36mcom.shaft.tools.io.ReportManager&amp#27;[m : Successfully created attachment "Test Data - Excel"
2023-01-22 15:44:57.773 &amp#27;[32m INFO&amp#27;[m &amp#27;[35m[@503 - main]&amp#27;[m &amp#27;[36mcom.shaft.tools.io.ReportManager&amp#27;[m : Response status code: "422", status line: "HTTP/1.1 422 "
2023-01-22 15:44:57.785 &amp#27;[32m INFO&amp#27;[m &amp#27;[35m[@503 - main]&amp#27;[m &amp#27;[36mcom.shaft.tools.io.ReportManager&amp#27;[m : Successfully created attachment "API Request - Specifications"
2023-01-22 15:44:57.785 &amp#27;[32m INFO&amp#27;[m &amp#27;[35m[@503 - main]&amp#27;[m &amp#27;[36mcom.shaft.tools.io.ReportManager&amp#27;[m : Successfully created attachment "API Request - JSON Body"
2023-01-22 15:44:57.786 &amp#27;[32m INFO&amp#27;[m &amp#27;[35m[@503 - main]&amp#27;[m &amp#27;[36mcom.shaft.tools.io.ReportManager&amp#27;[m : Successfully created attachment "API Response - JSON Body"
2023-01-22 15:44:57.786 &amp#27;[32m INFO&amp#27;[m &amp#27;[35m[@503 - main]&amp#27;[m &amp#27;[36mcom.shaft.tools.io.ReportManager&amp#27;[m : File Action "DoesFileExist" successfully performed. With the following test data "File Path: "Schemas/ValidationError_schema.json"".
2023-01-22 15:44:57.787 &amp#27;[32m INFO&amp#27;[m &amp#27;[35m[@503 - main]&amp#27;[m &amp#27;[36mcom.shaft.tools.io.ReportManager&amp#27;[m : File Action "DoesFileExist" successfully performed. With the following test data "File Path: "src/test/resources/testDataFiles/Schemas/ValidationError_schema.json"".
2023-01-22 15:44:57.787 &amp#27;[32m INFO&amp#27;[m &amp#27;[35m[@503 - main]&amp#27;[m &amp#27;[36mcom.shaft.tools.io.ReportManager&amp#27;[m : File Action "GetAbsolutePath" successfully performed. With the following test data "Relative Folder Path: "src/test/resources/testDataFiles/Schemas/ValidationError_schema.json"".
2023-01-22 15:44:57.792 &amp#27;[32m INFO&amp#27;[m &amp#27;[35m[@503 - main]&amp#27;[m &amp#27;[36mcom.shaft.tools.io.ReportManager&amp#27;[m : File Action "DoesFileExist" successfully performed. With the following test data "File Path: "C:\eclipse-workspace\MyProjects\TASystemsAPIs\src\test\resources\testDataFiles\Schemas\ValidationError_schema.json"".
2023-01-22 15:44:57.792 &amp#27;[32m INFO&amp#27;[m &amp#27;[35m[@503 - main]&amp#27;[m &amp#27;[36mcom.shaft.tools.io.ReportManager&amp#27;[m : File Action "GetAbsolutePath" successfully performed. With the following test data "Relative Folder Path: "C:\eclipse-workspace\MyProjects\TASystemsAPIs\src\test\resources\testDataFiles\Schemas\ValidationError_schema.json"".
2023-01-22 15:44:57.792 &amp#27;[32m INFO&amp#27;[m &amp#27;[35m[@503 - main]&amp#27;[m &amp#27;[36mcom.shaft.tools.io.ReportManager&amp#27;[m : File Action "ReadFile" successfully performed. With the following test data "File Path: "C:\eclipse-workspace\MyProjects\TASystemsAPIs\src\test\resources\testDataFiles\Schemas\ValidationError_schema.json"".
2023-01-22 15:44:57.794 &amp#27;[32m INFO&amp#27;[m &amp#27;[35m[@503 - main]&amp#27;[m &amp#27;[36mcom.shaft.tools.io.ReportManager&amp#27;[m : Successfully created attachment "Validation Test Data - Expected JSON Value"
2023-01-22 15:44:57.795 &amp#27;[32m INFO&amp#27;[m &amp#27;[35m[@503 - main]&amp#27;[m &amp#27;[36mcom.shaft.tools.io.ReportManager&amp#27;[m : Successfully created attachment "Validation Test Data - Actual JSON Value"
2023-01-22 15:44:57.795 &amp#27;[32m INFO&amp#27;[m &amp#27;[35m[@503 - main]&amp#27;[m &amp#27;[36mcom.shaft.tools.io.ReportManager&amp#27;[m : Successfully created attachment "SHAFT Engine Logs - Current Method log: Update_Policy_With_InValid_data_TC"
]]></system-out>
  </testcase>
  <testcase name="Update_Policy_With_InValid_data_TC[[Ljava.lang.Object;@67930ad9](15)" classname="SteeringCompanyAPI_TestCases.Test_Policies_Cases" time="1.206">
    <system-out><![CDATA[2023-01-22 15:44:57.798 &amp#27;[32m INFO&amp#27;[m &amp#27;[35m[@534 - main]&amp#27;[m &amp#27;[36mcom.shaft.tools.io.ReportManager&amp#27;[m : 
################################################################################################################################################
Starting Execution:	"203 out of 70" test cases in the current suite
Test Method:		"SteeringCompanyAPI_TestCases.Test_Policies_Cases.Update_Policy_With_InValid_data_TC"
Test Description:	"TC053 -Policy- Perform Update Policy with InValid data"
################################################################################################################################################
2023-01-22 15:44:57.798 &amp#27;[32m INFO&amp#27;[m &amp#27;[35m[@503 - main]&amp#27;[m &amp#27;[36mcom.shaft.tools.io.ReportManager&amp#27;[m : File Action "DoesFileExist" successfully performed. With the following test data "File Path: "SteeringCompanyAPI_TestData/SteeringCompanyAPI_TestData.xlsx"".
2023-01-22 15:44:57.825 &amp#27;[32m INFO&amp#27;[m &amp#27;[35m[@503 - main]&amp#27;[m &amp#27;[36mcom.shaft.tools.io.ReportManager&amp#27;[m : Successfully created attachment "Test Data - Excel"
2023-01-22 15:44:58.406 &amp#27;[32m INFO&amp#27;[m &amp#27;[35m[@503 - main]&amp#27;[m &amp#27;[36mcom.shaft.tools.io.ReportManager&amp#27;[m : Response status code: "200", status line: "HTTP/1.1 200 OK"
2023-01-22 15:44:58.417 &amp#27;[32m INFO&amp#27;[m &amp#27;[35m[@503 - main]&amp#27;[m &amp#27;[36mcom.shaft.tools.io.ReportManager&amp#27;[m : Successfully created attachment "API Request - Specifications"
2023-01-22 15:44:58.418 &amp#27;[32m INFO&amp#27;[m &amp#27;[35m[@503 - main]&amp#27;[m &amp#27;[36mcom.shaft.tools.io.ReportManager&amp#27;[m : Successfully created attachment "API Request - Body"
2023-01-22 15:44:58.420 &amp#27;[32m INFO&amp#27;[m &amp#27;[35m[@503 - main]&amp#27;[m &amp#27;[36mcom.shaft.tools.io.ReportManager&amp#27;[m : Successfully created attachment "API Response - JSON Body"
2023-01-22 15:44:58.428 &amp#27;[32m INFO&amp#27;[m &amp#27;[35m[@503 - main]&amp#27;[m &amp#27;[36mcom.shaft.tools.io.ReportManager&amp#27;[m : File Action "DoesFileExist" successfully performed. With the following test data "File Path: "SteeringCompanyAPI_TestData/SteeringCompanyAPI_TestData.xlsx"".
2023-01-22 15:44:58.464 &amp#27;[32m INFO&amp#27;[m &amp#27;[35m[@503 - main]&amp#27;[m &amp#27;[36mcom.shaft.tools.io.ReportManager&amp#27;[m : Successfully created attachment "Test Data - Excel"
2023-01-22 15:44:58.465 &amp#27;[32m INFO&amp#27;[m &amp#27;[35m[@503 - main]&amp#27;[m &amp#27;[36mcom.shaft.tools.io.ReportManager&amp#27;[m : File Action "DoesFileExist" successfully performed. With the following test data "File Path: "SteeringCompanyAPI_TestData/SteeringCompanyAPI_TestData.xlsx"".
2023-01-22 15:44:58.500 &amp#27;[32m INFO&amp#27;[m &amp#27;[35m[@503 - main]&amp#27;[m &amp#27;[36mcom.shaft.tools.io.ReportManager&amp#27;[m : Successfully created attachment "Test Data - Excel"
2023-01-22 15:44:58.500 &amp#27;[32m INFO&amp#27;[m &amp#27;[35m[@503 - main]&amp#27;[m &amp#27;[36mcom.shaft.tools.io.ReportManager&amp#27;[m : File Action "DoesFileExist" successfully performed. With the following test data "File Path: "SteeringCompanyAPI_TestData/SteeringCompanyAPI_TestData.xlsx"".
2023-01-22 15:44:58.528 &amp#27;[32m INFO&amp#27;[m &amp#27;[35m[@503 - main]&amp#27;[m &amp#27;[36mcom.shaft.tools.io.ReportManager&amp#27;[m : Successfully created attachment "Test Data - Excel"
2023-01-22 15:44:58.982 &amp#27;[32m INFO&amp#27;[m &amp#27;[35m[@503 - main]&amp#27;[m &amp#27;[36mcom.shaft.tools.io.ReportManager&amp#27;[m : Response status code: "422", status line: "HTTP/1.1 422 "
2023-01-22 15:44:58.994 &amp#27;[32m INFO&amp#27;[m &amp#27;[35m[@503 - main]&amp#27;[m &amp#27;[36mcom.shaft.tools.io.ReportManager&amp#27;[m : Successfully created attachment "API Request - Specifications"
2023-01-22 15:44:58.995 &amp#27;[32m INFO&amp#27;[m &amp#27;[35m[@503 - main]&amp#27;[m &amp#27;[36mcom.shaft.tools.io.ReportManager&amp#27;[m : Successfully created attachment "API Request - JSON Body"
2023-01-22 15:44:58.995 &amp#27;[32m INFO&amp#27;[m &amp#27;[35m[@503 - main]&amp#27;[m &amp#27;[36mcom.shaft.tools.io.ReportManager&amp#27;[m : Successfully created attachment "API Response - JSON Body"
2023-01-22 15:44:58.996 &amp#27;[32m INFO&amp#27;[m &amp#27;[35m[@503 - main]&amp#27;[m &amp#27;[36mcom.shaft.tools.io.ReportManager&amp#27;[m : File Action "DoesFileExist" successfully performed. With the following test data "File Path: "Schemas/ValidationError_schema.json"".
2023-01-22 15:44:58.996 &amp#27;[32m INFO&amp#27;[m &amp#27;[35m[@503 - main]&amp#27;[m &amp#27;[36mcom.shaft.tools.io.ReportManager&amp#27;[m : File Action "DoesFileExist" successfully performed. With the following test data "File Path: "src/test/resources/testDataFiles/Schemas/ValidationError_schema.json"".
2023-01-22 15:44:58.996 &amp#27;[32m INFO&amp#27;[m &amp#27;[35m[@503 - main]&amp#27;[m &amp#27;[36mcom.shaft.tools.io.ReportManager&amp#27;[m : File Action "GetAbsolutePath" successfully performed. With the following test data "Relative Folder Path: "src/test/resources/testDataFiles/Schemas/ValidationError_schema.json"".
2023-01-22 15:44:58.997 &amp#27;[32m INFO&amp#27;[m &amp#27;[35m[@503 - main]&amp#27;[m &amp#27;[36mcom.shaft.tools.io.ReportManager&amp#27;[m : File Action "DoesFileExist" successfully performed. With the following test data "File Path: "C:\eclipse-workspace\MyProjects\TASystemsAPIs\src\test\resources\testDataFiles\Schemas\ValidationError_schema.json"".
2023-01-22 15:44:58.998 &amp#27;[32m INFO&amp#27;[m &amp#27;[35m[@503 - main]&amp#27;[m &amp#27;[36mcom.shaft.tools.io.ReportManager&amp#27;[m : File Action "GetAbsolutePath" successfully performed. With the following test data "Relative Folder Path: "C:\eclipse-workspace\MyProjects\TASystemsAPIs\src\test\resources\testDataFiles\Schemas\ValidationError_schema.json"".
2023-01-22 15:44:58.998 &amp#27;[32m INFO&amp#27;[m &amp#27;[35m[@503 - main]&amp#27;[m &amp#27;[36mcom.shaft.tools.io.ReportManager&amp#27;[m : File Action "ReadFile" successfully performed. With the following test data "File Path: "C:\eclipse-workspace\MyProjects\TASystemsAPIs\src\test\resources\testDataFiles\Schemas\ValidationError_schema.json"".
2023-01-22 15:44:59.001 &amp#27;[32m INFO&amp#27;[m &amp#27;[35m[@503 - main]&amp#27;[m &amp#27;[36mcom.shaft.tools.io.ReportManager&amp#27;[m : Successfully created attachment "Validation Test Data - Expected JSON Value"
2023-01-22 15:44:59.002 &amp#27;[32m INFO&amp#27;[m &amp#27;[35m[@503 - main]&amp#27;[m &amp#27;[36mcom.shaft.tools.io.ReportManager&amp#27;[m : Successfully created attachment "Validation Test Data - Actual JSON Value"
2023-01-22 15:44:59.003 &amp#27;[32m INFO&amp#27;[m &amp#27;[35m[@503 - main]&amp#27;[m &amp#27;[36mcom.shaft.tools.io.ReportManager&amp#27;[m : Successfully created attachment "SHAFT Engine Logs - Current Method log: Update_Policy_With_InValid_data_TC"
]]></system-out>
  </testcase>
  <testcase name="Update_Policy_With_InValid_data_TC[[Ljava.lang.Object;@4a872709](16)" classname="SteeringCompanyAPI_TestCases.Test_Policies_Cases" time="1.17">
    <system-out><![CDATA[2023-01-22 15:44:59.004 &amp#27;[32m INFO&amp#27;[m &amp#27;[35m[@534 - main]&amp#27;[m &amp#27;[36mcom.shaft.tools.io.ReportManager&amp#27;[m : 
################################################################################################################################################
Starting Execution:	"204 out of 70" test cases in the current suite
Test Method:		"SteeringCompanyAPI_TestCases.Test_Policies_Cases.Update_Policy_With_InValid_data_TC"
Test Description:	"TC053 -Policy- Perform Update Policy with InValid data"
################################################################################################################################################
2023-01-22 15:44:59.005 &amp#27;[32m INFO&amp#27;[m &amp#27;[35m[@503 - main]&amp#27;[m &amp#27;[36mcom.shaft.tools.io.ReportManager&amp#27;[m : File Action "DoesFileExist" successfully performed. With the following test data "File Path: "SteeringCompanyAPI_TestData/SteeringCompanyAPI_TestData.xlsx"".
2023-01-22 15:44:59.028 &amp#27;[32m INFO&amp#27;[m &amp#27;[35m[@503 - main]&amp#27;[m &amp#27;[36mcom.shaft.tools.io.ReportManager&amp#27;[m : Successfully created attachment "Test Data - Excel"
2023-01-22 15:44:59.607 &amp#27;[32m INFO&amp#27;[m &amp#27;[35m[@503 - main]&amp#27;[m &amp#27;[36mcom.shaft.tools.io.ReportManager&amp#27;[m : Response status code: "200", status line: "HTTP/1.1 200 OK"
2023-01-22 15:44:59.620 &amp#27;[32m INFO&amp#27;[m &amp#27;[35m[@503 - main]&amp#27;[m &amp#27;[36mcom.shaft.tools.io.ReportManager&amp#27;[m : Successfully created attachment "API Request - Specifications"
2023-01-22 15:44:59.620 &amp#27;[32m INFO&amp#27;[m &amp#27;[35m[@503 - main]&amp#27;[m &amp#27;[36mcom.shaft.tools.io.ReportManager&amp#27;[m : Successfully created attachment "API Request - Body"
2023-01-22 15:44:59.621 &amp#27;[32m INFO&amp#27;[m &amp#27;[35m[@503 - main]&amp#27;[m &amp#27;[36mcom.shaft.tools.io.ReportManager&amp#27;[m : Successfully created attachment "API Response - JSON Body"
2023-01-22 15:44:59.627 &amp#27;[32m INFO&amp#27;[m &amp#27;[35m[@503 - main]&amp#27;[m &amp#27;[36mcom.shaft.tools.io.ReportManager&amp#27;[m : File Action "DoesFileExist" successfully performed. With the following test data "File Path: "SteeringCompanyAPI_TestData/SteeringCompanyAPI_TestData.xlsx"".
2023-01-22 15:44:59.650 &amp#27;[32m INFO&amp#27;[m &amp#27;[35m[@503 - main]&amp#27;[m &amp#27;[36mcom.shaft.tools.io.ReportManager&amp#27;[m : Successfully created attachment "Test Data - Excel"
2023-01-22 15:44:59.651 &amp#27;[32m INFO&amp#27;[m &amp#27;[35m[@503 - main]&amp#27;[m &amp#27;[36mcom.shaft.tools.io.ReportManager&amp#27;[m : File Action "DoesFileExist" successfully performed. With the following test data "File Path: "SteeringCompanyAPI_TestData/SteeringCompanyAPI_TestData.xlsx"".
2023-01-22 15:44:59.673 &amp#27;[32m INFO&amp#27;[m &amp#27;[35m[@503 - main]&amp#27;[m &amp#27;[36mcom.shaft.tools.io.ReportManager&amp#27;[m : Successfully created attachment "Test Data - Excel"
2023-01-22 15:44:59.674 &amp#27;[32m INFO&amp#27;[m &amp#27;[35m[@503 - main]&amp#27;[m &amp#27;[36mcom.shaft.tools.io.ReportManager&amp#27;[m : File Action "DoesFileExist" successfully performed. With the following test data "File Path: "SteeringCompanyAPI_TestData/SteeringCompanyAPI_TestData.xlsx"".
2023-01-22 15:44:59.693 &amp#27;[32m INFO&amp#27;[m &amp#27;[35m[@503 - main]&amp#27;[m &amp#27;[36mcom.shaft.tools.io.ReportManager&amp#27;[m : Successfully created attachment "Test Data - Excel"
2023-01-22 15:45:00.145 &amp#27;[32m INFO&amp#27;[m &amp#27;[35m[@503 - main]&amp#27;[m &amp#27;[36mcom.shaft.tools.io.ReportManager&amp#27;[m : Response status code: "422", status line: "HTTP/1.1 422 "
2023-01-22 15:45:00.160 &amp#27;[32m INFO&amp#27;[m &amp#27;[35m[@503 - main]&amp#27;[m &amp#27;[36mcom.shaft.tools.io.ReportManager&amp#27;[m : Successfully created attachment "API Request - Specifications"
2023-01-22 15:45:00.162 &amp#27;[32m INFO&amp#27;[m &amp#27;[35m[@503 - main]&amp#27;[m &amp#27;[36mcom.shaft.tools.io.ReportManager&amp#27;[m : Successfully created attachment "API Request - JSON Body"
2023-01-22 15:45:00.163 &amp#27;[32m INFO&amp#27;[m &amp#27;[35m[@503 - main]&amp#27;[m &amp#27;[36mcom.shaft.tools.io.ReportManager&amp#27;[m : Successfully created attachment "API Response - JSON Body"
2023-01-22 15:45:00.163 &amp#27;[32m INFO&amp#27;[m &amp#27;[35m[@503 - main]&amp#27;[m &amp#27;[36mcom.shaft.tools.io.ReportManager&amp#27;[m : File Action "DoesFileExist" successfully performed. With the following test data "File Path: "Schemas/ValidationError_schema.json"".
2023-01-22 15:45:00.163 &amp#27;[32m INFO&amp#27;[m &amp#27;[35m[@503 - main]&amp#27;[m &amp#27;[36mcom.shaft.tools.io.ReportManager&amp#27;[m : File Action "DoesFileExist" successfully performed. With the following test data "File Path: "src/test/resources/testDataFiles/Schemas/ValidationError_schema.json"".
2023-01-22 15:45:00.163 &amp#27;[32m INFO&amp#27;[m &amp#27;[35m[@503 - main]&amp#27;[m &amp#27;[36mcom.shaft.tools.io.ReportManager&amp#27;[m : File Action "GetAbsolutePath" successfully performed. With the following test data "Relative Folder Path: "src/test/resources/testDataFiles/Schemas/ValidationError_schema.json"".
2023-01-22 15:45:00.165 &amp#27;[32m INFO&amp#27;[m &amp#27;[35m[@503 - main]&amp#27;[m &amp#27;[36mcom.shaft.tools.io.ReportManager&amp#27;[m : File Action "DoesFileExist" successfully performed. With the following test data "File Path: "C:\eclipse-workspace\MyProjects\TASystemsAPIs\src\test\resources\testDataFiles\Schemas\ValidationError_schema.json"".
2023-01-22 15:45:00.165 &amp#27;[32m INFO&amp#27;[m &amp#27;[35m[@503 - main]&amp#27;[m &amp#27;[36mcom.shaft.tools.io.ReportManager&amp#27;[m : File Action "GetAbsolutePath" successfully performed. With the following test data "Relative Folder Path: "C:\eclipse-workspace\MyProjects\TASystemsAPIs\src\test\resources\testDataFiles\Schemas\ValidationError_schema.json"".
2023-01-22 15:45:00.165 &amp#27;[32m INFO&amp#27;[m &amp#27;[35m[@503 - main]&amp#27;[m &amp#27;[36mcom.shaft.tools.io.ReportManager&amp#27;[m : File Action "ReadFile" successfully performed. With the following test data "File Path: "C:\eclipse-workspace\MyProjects\TASystemsAPIs\src\test\resources\testDataFiles\Schemas\ValidationError_schema.json"".
2023-01-22 15:45:00.167 &amp#27;[32m INFO&amp#27;[m &amp#27;[35m[@503 - main]&amp#27;[m &amp#27;[36mcom.shaft.tools.io.ReportManager&amp#27;[m : Successfully created attachment "Validation Test Data - Expected JSON Value"
2023-01-22 15:45:00.169 &amp#27;[32m INFO&amp#27;[m &amp#27;[35m[@503 - main]&amp#27;[m &amp#27;[36mcom.shaft.tools.io.ReportManager&amp#27;[m : Successfully created attachment "Validation Test Data - Actual JSON Value"
2023-01-22 15:45:00.171 &amp#27;[32m INFO&amp#27;[m &amp#27;[35m[@503 - main]&amp#27;[m &amp#27;[36mcom.shaft.tools.io.ReportManager&amp#27;[m : Successfully created attachment "SHAFT Engine Logs - Current Method log: Update_Policy_With_InValid_data_TC"
]]></system-out>
  </testcase>
  <testcase name="Update_Policy_With_InValid_data_TC[[Ljava.lang.Object;@4ace740d](17)" classname="SteeringCompanyAPI_TestCases.Test_Policies_Cases" time="1.188">
    <system-out><![CDATA[2023-01-22 15:45:00.174 &amp#27;[32m INFO&amp#27;[m &amp#27;[35m[@534 - main]&amp#27;[m &amp#27;[36mcom.shaft.tools.io.ReportManager&amp#27;[m : 
################################################################################################################################################
Starting Execution:	"205 out of 70" test cases in the current suite
Test Method:		"SteeringCompanyAPI_TestCases.Test_Policies_Cases.Update_Policy_With_InValid_data_TC"
Test Description:	"TC053 -Policy- Perform Update Policy with InValid data"
################################################################################################################################################
2023-01-22 15:45:00.174 &amp#27;[32m INFO&amp#27;[m &amp#27;[35m[@503 - main]&amp#27;[m &amp#27;[36mcom.shaft.tools.io.ReportManager&amp#27;[m : File Action "DoesFileExist" successfully performed. With the following test data "File Path: "SteeringCompanyAPI_TestData/SteeringCompanyAPI_TestData.xlsx"".
2023-01-22 15:45:00.200 &amp#27;[32m INFO&amp#27;[m &amp#27;[35m[@503 - main]&amp#27;[m &amp#27;[36mcom.shaft.tools.io.ReportManager&amp#27;[m : Successfully created attachment "Test Data - Excel"
2023-01-22 15:45:00.780 &amp#27;[32m INFO&amp#27;[m &amp#27;[35m[@503 - main]&amp#27;[m &amp#27;[36mcom.shaft.tools.io.ReportManager&amp#27;[m : Response status code: "200", status line: "HTTP/1.1 200 OK"
2023-01-22 15:45:00.793 &amp#27;[32m INFO&amp#27;[m &amp#27;[35m[@503 - main]&amp#27;[m &amp#27;[36mcom.shaft.tools.io.ReportManager&amp#27;[m : Successfully created attachment "API Request - Specifications"
2023-01-22 15:45:00.794 &amp#27;[32m INFO&amp#27;[m &amp#27;[35m[@503 - main]&amp#27;[m &amp#27;[36mcom.shaft.tools.io.ReportManager&amp#27;[m : Successfully created attachment "API Request - Body"
2023-01-22 15:45:00.794 &amp#27;[32m INFO&amp#27;[m &amp#27;[35m[@503 - main]&amp#27;[m &amp#27;[36mcom.shaft.tools.io.ReportManager&amp#27;[m : Successfully created attachment "API Response - JSON Body"
2023-01-22 15:45:00.803 &amp#27;[32m INFO&amp#27;[m &amp#27;[35m[@503 - main]&amp#27;[m &amp#27;[36mcom.shaft.tools.io.ReportManager&amp#27;[m : File Action "DoesFileExist" successfully performed. With the following test data "File Path: "SteeringCompanyAPI_TestData/SteeringCompanyAPI_TestData.xlsx"".
2023-01-22 15:45:00.828 &amp#27;[32m INFO&amp#27;[m &amp#27;[35m[@503 - main]&amp#27;[m &amp#27;[36mcom.shaft.tools.io.ReportManager&amp#27;[m : Successfully created attachment "Test Data - Excel"
2023-01-22 15:45:00.829 &amp#27;[32m INFO&amp#27;[m &amp#27;[35m[@503 - main]&amp#27;[m &amp#27;[36mcom.shaft.tools.io.ReportManager&amp#27;[m : File Action "DoesFileExist" successfully performed. With the following test data "File Path: "SteeringCompanyAPI_TestData/SteeringCompanyAPI_TestData.xlsx"".
2023-01-22 15:45:00.854 &amp#27;[32m INFO&amp#27;[m &amp#27;[35m[@503 - main]&amp#27;[m &amp#27;[36mcom.shaft.tools.io.ReportManager&amp#27;[m : Successfully created attachment "Test Data - Excel"
2023-01-22 15:45:00.855 &amp#27;[32m INFO&amp#27;[m &amp#27;[35m[@503 - main]&amp#27;[m &amp#27;[36mcom.shaft.tools.io.ReportManager&amp#27;[m : File Action "DoesFileExist" successfully performed. With the following test data "File Path: "SteeringCompanyAPI_TestData/SteeringCompanyAPI_TestData.xlsx"".
2023-01-22 15:45:00.877 &amp#27;[32m INFO&amp#27;[m &amp#27;[35m[@503 - main]&amp#27;[m &amp#27;[36mcom.shaft.tools.io.ReportManager&amp#27;[m : Successfully created attachment "Test Data - Excel"
2023-01-22 15:45:01.342 &amp#27;[32m INFO&amp#27;[m &amp#27;[35m[@503 - main]&amp#27;[m &amp#27;[36mcom.shaft.tools.io.ReportManager&amp#27;[m : Response status code: "422", status line: "HTTP/1.1 422 "
2023-01-22 15:45:01.350 &amp#27;[32m INFO&amp#27;[m &amp#27;[35m[@503 - main]&amp#27;[m &amp#27;[36mcom.shaft.tools.io.ReportManager&amp#27;[m : Successfully created attachment "API Request - Specifications"
2023-01-22 15:45:01.354 &amp#27;[32m INFO&amp#27;[m &amp#27;[35m[@503 - main]&amp#27;[m &amp#27;[36mcom.shaft.tools.io.ReportManager&amp#27;[m : Successfully created attachment "API Request - JSON Body"
2023-01-22 15:45:01.354 &amp#27;[32m INFO&amp#27;[m &amp#27;[35m[@503 - main]&amp#27;[m &amp#27;[36mcom.shaft.tools.io.ReportManager&amp#27;[m : Successfully created attachment "API Response - JSON Body"
2023-01-22 15:45:01.355 &amp#27;[32m INFO&amp#27;[m &amp#27;[35m[@503 - main]&amp#27;[m &amp#27;[36mcom.shaft.tools.io.ReportManager&amp#27;[m : File Action "DoesFileExist" successfully performed. With the following test data "File Path: "Schemas/ValidationError_schema.json"".
2023-01-22 15:45:01.355 &amp#27;[32m INFO&amp#27;[m &amp#27;[35m[@503 - main]&amp#27;[m &amp#27;[36mcom.shaft.tools.io.ReportManager&amp#27;[m : File Action "DoesFileExist" successfully performed. With the following test data "File Path: "src/test/resources/testDataFiles/Schemas/ValidationError_schema.json"".
2023-01-22 15:45:01.355 &amp#27;[32m INFO&amp#27;[m &amp#27;[35m[@503 - main]&amp#27;[m &amp#27;[36mcom.shaft.tools.io.ReportManager&amp#27;[m : File Action "GetAbsolutePath" successfully performed. With the following test data "Relative Folder Path: "src/test/resources/testDataFiles/Schemas/ValidationError_schema.json"".
2023-01-22 15:45:01.357 &amp#27;[32m INFO&amp#27;[m &amp#27;[35m[@503 - main]&amp#27;[m &amp#27;[36mcom.shaft.tools.io.ReportManager&amp#27;[m : File Action "DoesFileExist" successfully performed. With the following test data "File Path: "C:\eclipse-workspace\MyProjects\TASystemsAPIs\src\test\resources\testDataFiles\Schemas\ValidationError_schema.json"".
2023-01-22 15:45:01.357 &amp#27;[32m INFO&amp#27;[m &amp#27;[35m[@503 - main]&amp#27;[m &amp#27;[36mcom.shaft.tools.io.ReportManager&amp#27;[m : File Action "GetAbsolutePath" successfully performed. With the following test data "Relative Folder Path: "C:\eclipse-workspace\MyProjects\TASystemsAPIs\src\test\resources\testDataFiles\Schemas\ValidationError_schema.json"".
2023-01-22 15:45:01.358 &amp#27;[32m INFO&amp#27;[m &amp#27;[35m[@503 - main]&amp#27;[m &amp#27;[36mcom.shaft.tools.io.ReportManager&amp#27;[m : File Action "ReadFile" successfully performed. With the following test data "File Path: "C:\eclipse-workspace\MyProjects\TASystemsAPIs\src\test\resources\testDataFiles\Schemas\ValidationError_schema.json"".
2023-01-22 15:45:01.359 &amp#27;[32m INFO&amp#27;[m &amp#27;[35m[@503 - main]&amp#27;[m &amp#27;[36mcom.shaft.tools.io.ReportManager&amp#27;[m : Successfully created attachment "Validation Test Data - Expected JSON Value"
2023-01-22 15:45:01.359 &amp#27;[32m INFO&amp#27;[m &amp#27;[35m[@503 - main]&amp#27;[m &amp#27;[36mcom.shaft.tools.io.ReportManager&amp#27;[m : Successfully created attachment "Validation Test Data - Actual JSON Value"
2023-01-22 15:45:01.360 &amp#27;[32m INFO&amp#27;[m &amp#27;[35m[@503 - main]&amp#27;[m &amp#27;[36mcom.shaft.tools.io.ReportManager&amp#27;[m : Successfully created attachment "SHAFT Engine Logs - Current Method log: Update_Policy_With_InValid_data_TC"
]]></system-out>
  </testcase>
  <testcase name="Update_Policy_With_InValid_data_TC[[Ljava.lang.Object;@42d1e56c](18)" classname="SteeringCompanyAPI_TestCases.Test_Policies_Cases" time="1.203">
    <system-out><![CDATA[2023-01-22 15:45:01.362 &amp#27;[32m INFO&amp#27;[m &amp#27;[35m[@534 - main]&amp#27;[m &amp#27;[36mcom.shaft.tools.io.ReportManager&amp#27;[m : 
################################################################################################################################################
Starting Execution:	"206 out of 70" test cases in the current suite
Test Method:		"SteeringCompanyAPI_TestCases.Test_Policies_Cases.Update_Policy_With_InValid_data_TC"
Test Description:	"TC053 -Policy- Perform Update Policy with InValid data"
################################################################################################################################################
2023-01-22 15:45:01.362 &amp#27;[32m INFO&amp#27;[m &amp#27;[35m[@503 - main]&amp#27;[m &amp#27;[36mcom.shaft.tools.io.ReportManager&amp#27;[m : File Action "DoesFileExist" successfully performed. With the following test data "File Path: "SteeringCompanyAPI_TestData/SteeringCompanyAPI_TestData.xlsx"".
2023-01-22 15:45:01.390 &amp#27;[32m INFO&amp#27;[m &amp#27;[35m[@503 - main]&amp#27;[m &amp#27;[36mcom.shaft.tools.io.ReportManager&amp#27;[m : Successfully created attachment "Test Data - Excel"
2023-01-22 15:45:01.971 &amp#27;[32m INFO&amp#27;[m &amp#27;[35m[@503 - main]&amp#27;[m &amp#27;[36mcom.shaft.tools.io.ReportManager&amp#27;[m : Response status code: "200", status line: "HTTP/1.1 200 OK"
2023-01-22 15:45:01.980 &amp#27;[32m INFO&amp#27;[m &amp#27;[35m[@503 - main]&amp#27;[m &amp#27;[36mcom.shaft.tools.io.ReportManager&amp#27;[m : Successfully created attachment "API Request - Specifications"
2023-01-22 15:45:01.981 &amp#27;[32m INFO&amp#27;[m &amp#27;[35m[@503 - main]&amp#27;[m &amp#27;[36mcom.shaft.tools.io.ReportManager&amp#27;[m : Successfully created attachment "API Request - Body"
2023-01-22 15:45:01.982 &amp#27;[32m INFO&amp#27;[m &amp#27;[35m[@503 - main]&amp#27;[m &amp#27;[36mcom.shaft.tools.io.ReportManager&amp#27;[m : Successfully created attachment "API Response - JSON Body"
2023-01-22 15:45:01.991 &amp#27;[32m INFO&amp#27;[m &amp#27;[35m[@503 - main]&amp#27;[m &amp#27;[36mcom.shaft.tools.io.ReportManager&amp#27;[m : File Action "DoesFileExist" successfully performed. With the following test data "File Path: "SteeringCompanyAPI_TestData/SteeringCompanyAPI_TestData.xlsx"".
2023-01-22 15:45:02.014 &amp#27;[32m INFO&amp#27;[m &amp#27;[35m[@503 - main]&amp#27;[m &amp#27;[36mcom.shaft.tools.io.ReportManager&amp#27;[m : Successfully created attachment "Test Data - Excel"
2023-01-22 15:45:02.015 &amp#27;[32m INFO&amp#27;[m &amp#27;[35m[@503 - main]&amp#27;[m &amp#27;[36mcom.shaft.tools.io.ReportManager&amp#27;[m : File Action "DoesFileExist" successfully performed. With the following test data "File Path: "SteeringCompanyAPI_TestData/SteeringCompanyAPI_TestData.xlsx"".
2023-01-22 15:45:02.040 &amp#27;[32m INFO&amp#27;[m &amp#27;[35m[@503 - main]&amp#27;[m &amp#27;[36mcom.shaft.tools.io.ReportManager&amp#27;[m : Successfully created attachment "Test Data - Excel"
2023-01-22 15:45:02.040 &amp#27;[32m INFO&amp#27;[m &amp#27;[35m[@503 - main]&amp#27;[m &amp#27;[36mcom.shaft.tools.io.ReportManager&amp#27;[m : File Action "DoesFileExist" successfully performed. With the following test data "File Path: "SteeringCompanyAPI_TestData/SteeringCompanyAPI_TestData.xlsx"".
2023-01-22 15:45:02.072 &amp#27;[32m INFO&amp#27;[m &amp#27;[35m[@503 - main]&amp#27;[m &amp#27;[36mcom.shaft.tools.io.ReportManager&amp#27;[m : Successfully created attachment "Test Data - Excel"
2023-01-22 15:45:02.541 &amp#27;[32m INFO&amp#27;[m &amp#27;[35m[@503 - main]&amp#27;[m &amp#27;[36mcom.shaft.tools.io.ReportManager&amp#27;[m : Response status code: "422", status line: "HTTP/1.1 422 "
2023-01-22 15:45:02.550 &amp#27;[32m INFO&amp#27;[m &amp#27;[35m[@503 - main]&amp#27;[m &amp#27;[36mcom.shaft.tools.io.ReportManager&amp#27;[m : Successfully created attachment "API Request - Specifications"
2023-01-22 15:45:02.552 &amp#27;[32m INFO&amp#27;[m &amp#27;[35m[@503 - main]&amp#27;[m &amp#27;[36mcom.shaft.tools.io.ReportManager&amp#27;[m : Successfully created attachment "API Request - JSON Body"
2023-01-22 15:45:02.555 &amp#27;[32m INFO&amp#27;[m &amp#27;[35m[@503 - main]&amp#27;[m &amp#27;[36mcom.shaft.tools.io.ReportManager&amp#27;[m : Successfully created attachment "API Response - JSON Body"
2023-01-22 15:45:02.556 &amp#27;[32m INFO&amp#27;[m &amp#27;[35m[@503 - main]&amp#27;[m &amp#27;[36mcom.shaft.tools.io.ReportManager&amp#27;[m : File Action "DoesFileExist" successfully performed. With the following test data "File Path: "Schemas/ValidationError_schema.json"".
2023-01-22 15:45:02.556 &amp#27;[32m INFO&amp#27;[m &amp#27;[35m[@503 - main]&amp#27;[m &amp#27;[36mcom.shaft.tools.io.ReportManager&amp#27;[m : File Action "DoesFileExist" successfully performed. With the following test data "File Path: "src/test/resources/testDataFiles/Schemas/ValidationError_schema.json"".
2023-01-22 15:45:02.556 &amp#27;[32m INFO&amp#27;[m &amp#27;[35m[@503 - main]&amp#27;[m &amp#27;[36mcom.shaft.tools.io.ReportManager&amp#27;[m : File Action "GetAbsolutePath" successfully performed. With the following test data "Relative Folder Path: "src/test/resources/testDataFiles/Schemas/ValidationError_schema.json"".
2023-01-22 15:45:02.559 &amp#27;[32m INFO&amp#27;[m &amp#27;[35m[@503 - main]&amp#27;[m &amp#27;[36mcom.shaft.tools.io.ReportManager&amp#27;[m : File Action "DoesFileExist" successfully performed. With the following test data "File Path: "C:\eclipse-workspace\MyProjects\TASystemsAPIs\src\test\resources\testDataFiles\Schemas\ValidationError_schema.json"".
2023-01-22 15:45:02.559 &amp#27;[32m INFO&amp#27;[m &amp#27;[35m[@503 - main]&amp#27;[m &amp#27;[36mcom.shaft.tools.io.ReportManager&amp#27;[m : File Action "GetAbsolutePath" successfully performed. With the following test data "Relative Folder Path: "C:\eclipse-workspace\MyProjects\TASystemsAPIs\src\test\resources\testDataFiles\Schemas\ValidationError_schema.json"".
2023-01-22 15:45:02.559 &amp#27;[32m INFO&amp#27;[m &amp#27;[35m[@503 - main]&amp#27;[m &amp#27;[36mcom.shaft.tools.io.ReportManager&amp#27;[m : File Action "ReadFile" successfully performed. With the following test data "File Path: "C:\eclipse-workspace\MyProjects\TASystemsAPIs\src\test\resources\testDataFiles\Schemas\ValidationError_schema.json"".
2023-01-22 15:45:02.561 &amp#27;[32m INFO&amp#27;[m &amp#27;[35m[@503 - main]&amp#27;[m &amp#27;[36mcom.shaft.tools.io.ReportManager&amp#27;[m : Successfully created attachment "Validation Test Data - Expected JSON Value"
2023-01-22 15:45:02.561 &amp#27;[32m INFO&amp#27;[m &amp#27;[35m[@503 - main]&amp#27;[m &amp#27;[36mcom.shaft.tools.io.ReportManager&amp#27;[m : Successfully created attachment "Validation Test Data - Actual JSON Value"
2023-01-22 15:45:02.562 &amp#27;[32m INFO&amp#27;[m &amp#27;[35m[@503 - main]&amp#27;[m &amp#27;[36mcom.shaft.tools.io.ReportManager&amp#27;[m : Successfully created attachment "SHAFT Engine Logs - Current Method log: Update_Policy_With_InValid_data_TC"
]]></system-out>
  </testcase>
  <testcase name="Update_Policy_With_InValid_data_TC[[Ljava.lang.Object;@755dead5](19)" classname="SteeringCompanyAPI_TestCases.Test_Policies_Cases" time="1.203">
    <system-out><![CDATA[2023-01-22 15:45:02.565 &amp#27;[32m INFO&amp#27;[m &amp#27;[35m[@534 - main]&amp#27;[m &amp#27;[36mcom.shaft.tools.io.ReportManager&amp#27;[m : 
################################################################################################################################################
Starting Execution:	"207 out of 70" test cases in the current suite
Test Method:		"SteeringCompanyAPI_TestCases.Test_Policies_Cases.Update_Policy_With_InValid_data_TC"
Test Description:	"TC053 -Policy- Perform Update Policy with InValid data"
################################################################################################################################################
2023-01-22 15:45:02.565 &amp#27;[32m INFO&amp#27;[m &amp#27;[35m[@503 - main]&amp#27;[m &amp#27;[36mcom.shaft.tools.io.ReportManager&amp#27;[m : File Action "DoesFileExist" successfully performed. With the following test data "File Path: "SteeringCompanyAPI_TestData/SteeringCompanyAPI_TestData.xlsx"".
2023-01-22 15:45:02.595 &amp#27;[32m INFO&amp#27;[m &amp#27;[35m[@503 - main]&amp#27;[m &amp#27;[36mcom.shaft.tools.io.ReportManager&amp#27;[m : Successfully created attachment "Test Data - Excel"
2023-01-22 15:45:03.191 &amp#27;[32m INFO&amp#27;[m &amp#27;[35m[@503 - main]&amp#27;[m &amp#27;[36mcom.shaft.tools.io.ReportManager&amp#27;[m : Response status code: "200", status line: "HTTP/1.1 200 OK"
2023-01-22 15:45:03.202 &amp#27;[32m INFO&amp#27;[m &amp#27;[35m[@503 - main]&amp#27;[m &amp#27;[36mcom.shaft.tools.io.ReportManager&amp#27;[m : Successfully created attachment "API Request - Specifications"
2023-01-22 15:45:03.205 &amp#27;[32m INFO&amp#27;[m &amp#27;[35m[@503 - main]&amp#27;[m &amp#27;[36mcom.shaft.tools.io.ReportManager&amp#27;[m : Successfully created attachment "API Request - Body"
2023-01-22 15:45:03.206 &amp#27;[32m INFO&amp#27;[m &amp#27;[35m[@503 - main]&amp#27;[m &amp#27;[36mcom.shaft.tools.io.ReportManager&amp#27;[m : Successfully created attachment "API Response - JSON Body"
2023-01-22 15:45:03.215 &amp#27;[32m INFO&amp#27;[m &amp#27;[35m[@503 - main]&amp#27;[m &amp#27;[36mcom.shaft.tools.io.ReportManager&amp#27;[m : File Action "DoesFileExist" successfully performed. With the following test data "File Path: "SteeringCompanyAPI_TestData/SteeringCompanyAPI_TestData.xlsx"".
2023-01-22 15:45:03.238 &amp#27;[32m INFO&amp#27;[m &amp#27;[35m[@503 - main]&amp#27;[m &amp#27;[36mcom.shaft.tools.io.ReportManager&amp#27;[m : Successfully created attachment "Test Data - Excel"
2023-01-22 15:45:03.238 &amp#27;[32m INFO&amp#27;[m &amp#27;[35m[@503 - main]&amp#27;[m &amp#27;[36mcom.shaft.tools.io.ReportManager&amp#27;[m : File Action "DoesFileExist" successfully performed. With the following test data "File Path: "SteeringCompanyAPI_TestData/SteeringCompanyAPI_TestData.xlsx"".
2023-01-22 15:45:03.261 &amp#27;[32m INFO&amp#27;[m &amp#27;[35m[@503 - main]&amp#27;[m &amp#27;[36mcom.shaft.tools.io.ReportManager&amp#27;[m : Successfully created attachment "Test Data - Excel"
2023-01-22 15:45:03.261 &amp#27;[32m INFO&amp#27;[m &amp#27;[35m[@503 - main]&amp#27;[m &amp#27;[36mcom.shaft.tools.io.ReportManager&amp#27;[m : File Action "DoesFileExist" successfully performed. With the following test data "File Path: "SteeringCompanyAPI_TestData/SteeringCompanyAPI_TestData.xlsx"".
2023-01-22 15:45:03.288 &amp#27;[32m INFO&amp#27;[m &amp#27;[35m[@503 - main]&amp#27;[m &amp#27;[36mcom.shaft.tools.io.ReportManager&amp#27;[m : Successfully created attachment "Test Data - Excel"
2023-01-22 15:45:03.742 &amp#27;[32m INFO&amp#27;[m &amp#27;[35m[@503 - main]&amp#27;[m &amp#27;[36mcom.shaft.tools.io.ReportManager&amp#27;[m : Response status code: "422", status line: "HTTP/1.1 422 "
2023-01-22 15:45:03.754 &amp#27;[32m INFO&amp#27;[m &amp#27;[35m[@503 - main]&amp#27;[m &amp#27;[36mcom.shaft.tools.io.ReportManager&amp#27;[m : Successfully created attachment "API Request - Specifications"
2023-01-22 15:45:03.755 &amp#27;[32m INFO&amp#27;[m &amp#27;[35m[@503 - main]&amp#27;[m &amp#27;[36mcom.shaft.tools.io.ReportManager&amp#27;[m : Successfully created attachment "API Request - JSON Body"
2023-01-22 15:45:03.756 &amp#27;[32m INFO&amp#27;[m &amp#27;[35m[@503 - main]&amp#27;[m &amp#27;[36mcom.shaft.tools.io.ReportManager&amp#27;[m : Successfully created attachment "API Response - JSON Body"
2023-01-22 15:45:03.756 &amp#27;[32m INFO&amp#27;[m &amp#27;[35m[@503 - main]&amp#27;[m &amp#27;[36mcom.shaft.tools.io.ReportManager&amp#27;[m : File Action "DoesFileExist" successfully performed. With the following test data "File Path: "Schemas/ValidationError_schema.json"".
2023-01-22 15:45:03.756 &amp#27;[32m INFO&amp#27;[m &amp#27;[35m[@503 - main]&amp#27;[m &amp#27;[36mcom.shaft.tools.io.ReportManager&amp#27;[m : File Action "DoesFileExist" successfully performed. With the following test data "File Path: "src/test/resources/testDataFiles/Schemas/ValidationError_schema.json"".
2023-01-22 15:45:03.756 &amp#27;[32m INFO&amp#27;[m &amp#27;[35m[@503 - main]&amp#27;[m &amp#27;[36mcom.shaft.tools.io.ReportManager&amp#27;[m : File Action "GetAbsolutePath" successfully performed. With the following test data "Relative Folder Path: "src/test/resources/testDataFiles/Schemas/ValidationError_schema.json"".
2023-01-22 15:45:03.759 &amp#27;[32m INFO&amp#27;[m &amp#27;[35m[@503 - main]&amp#27;[m &amp#27;[36mcom.shaft.tools.io.ReportManager&amp#27;[m : File Action "DoesFileExist" successfully performed. With the following test data "File Path: "C:\eclipse-workspace\MyProjects\TASystemsAPIs\src\test\resources\testDataFiles\Schemas\ValidationError_schema.json"".
2023-01-22 15:45:03.759 &amp#27;[32m INFO&amp#27;[m &amp#27;[35m[@503 - main]&amp#27;[m &amp#27;[36mcom.shaft.tools.io.ReportManager&amp#27;[m : File Action "GetAbsolutePath" successfully performed. With the following test data "Relative Folder Path: "C:\eclipse-workspace\MyProjects\TASystemsAPIs\src\test\resources\testDataFiles\Schemas\ValidationError_schema.json"".
2023-01-22 15:45:03.759 &amp#27;[32m INFO&amp#27;[m &amp#27;[35m[@503 - main]&amp#27;[m &amp#27;[36mcom.shaft.tools.io.ReportManager&amp#27;[m : File Action "ReadFile" successfully performed. With the following test data "File Path: "C:\eclipse-workspace\MyProjects\TASystemsAPIs\src\test\resources\testDataFiles\Schemas\ValidationError_schema.json"".
2023-01-22 15:45:03.763 &amp#27;[32m INFO&amp#27;[m &amp#27;[35m[@503 - main]&amp#27;[m &amp#27;[36mcom.shaft.tools.io.ReportManager&amp#27;[m : Successfully created attachment "Validation Test Data - Expected JSON Value"
2023-01-22 15:45:03.765 &amp#27;[32m INFO&amp#27;[m &amp#27;[35m[@503 - main]&amp#27;[m &amp#27;[36mcom.shaft.tools.io.ReportManager&amp#27;[m : Successfully created attachment "Validation Test Data - Actual JSON Value"
2023-01-22 15:45:03.766 &amp#27;[32m INFO&amp#27;[m &amp#27;[35m[@503 - main]&amp#27;[m &amp#27;[36mcom.shaft.tools.io.ReportManager&amp#27;[m : Successfully created attachment "SHAFT Engine Logs - Current Method log: Update_Policy_With_InValid_data_TC"
]]></system-out>
  </testcase>
  <testcase name="Update_Policy_With_InValid_data_TC[[Ljava.lang.Object;@7e216277](20)" classname="SteeringCompanyAPI_TestCases.Test_Policies_Cases" time="1.157">
    <system-out><![CDATA[2023-01-22 15:45:03.767 &amp#27;[32m INFO&amp#27;[m &amp#27;[35m[@534 - main]&amp#27;[m &amp#27;[36mcom.shaft.tools.io.ReportManager&amp#27;[m : 
################################################################################################################################################
Starting Execution:	"208 out of 70" test cases in the current suite
Test Method:		"SteeringCompanyAPI_TestCases.Test_Policies_Cases.Update_Policy_With_InValid_data_TC"
Test Description:	"TC053 -Policy- Perform Update Policy with InValid data"
################################################################################################################################################
2023-01-22 15:45:03.768 &amp#27;[32m INFO&amp#27;[m &amp#27;[35m[@503 - main]&amp#27;[m &amp#27;[36mcom.shaft.tools.io.ReportManager&amp#27;[m : File Action "DoesFileExist" successfully performed. With the following test data "File Path: "SteeringCompanyAPI_TestData/SteeringCompanyAPI_TestData.xlsx"".
2023-01-22 15:45:03.800 &amp#27;[32m INFO&amp#27;[m &amp#27;[35m[@503 - main]&amp#27;[m &amp#27;[36mcom.shaft.tools.io.ReportManager&amp#27;[m : Successfully created attachment "Test Data - Excel"
2023-01-22 15:45:04.359 &amp#27;[32m INFO&amp#27;[m &amp#27;[35m[@503 - main]&amp#27;[m &amp#27;[36mcom.shaft.tools.io.ReportManager&amp#27;[m : Response status code: "200", status line: "HTTP/1.1 200 OK"
2023-01-22 15:45:04.367 &amp#27;[32m INFO&amp#27;[m &amp#27;[35m[@503 - main]&amp#27;[m &amp#27;[36mcom.shaft.tools.io.ReportManager&amp#27;[m : Successfully created attachment "API Request - Specifications"
2023-01-22 15:45:04.367 &amp#27;[32m INFO&amp#27;[m &amp#27;[35m[@503 - main]&amp#27;[m &amp#27;[36mcom.shaft.tools.io.ReportManager&amp#27;[m : Successfully created attachment "API Request - Body"
2023-01-22 15:45:04.371 &amp#27;[32m INFO&amp#27;[m &amp#27;[35m[@503 - main]&amp#27;[m &amp#27;[36mcom.shaft.tools.io.ReportManager&amp#27;[m : Successfully created attachment "API Response - JSON Body"
2023-01-22 15:45:04.379 &amp#27;[32m INFO&amp#27;[m &amp#27;[35m[@503 - main]&amp#27;[m &amp#27;[36mcom.shaft.tools.io.ReportManager&amp#27;[m : File Action "DoesFileExist" successfully performed. With the following test data "File Path: "SteeringCompanyAPI_TestData/SteeringCompanyAPI_TestData.xlsx"".
2023-01-22 15:45:04.400 &amp#27;[32m INFO&amp#27;[m &amp#27;[35m[@503 - main]&amp#27;[m &amp#27;[36mcom.shaft.tools.io.ReportManager&amp#27;[m : Successfully created attachment "Test Data - Excel"
2023-01-22 15:45:04.400 &amp#27;[32m INFO&amp#27;[m &amp#27;[35m[@503 - main]&amp#27;[m &amp#27;[36mcom.shaft.tools.io.ReportManager&amp#27;[m : File Action "DoesFileExist" successfully performed. With the following test data "File Path: "SteeringCompanyAPI_TestData/SteeringCompanyAPI_TestData.xlsx"".
2023-01-22 15:45:04.424 &amp#27;[32m INFO&amp#27;[m &amp#27;[35m[@503 - main]&amp#27;[m &amp#27;[36mcom.shaft.tools.io.ReportManager&amp#27;[m : Successfully created attachment "Test Data - Excel"
2023-01-22 15:45:04.424 &amp#27;[32m INFO&amp#27;[m &amp#27;[35m[@503 - main]&amp#27;[m &amp#27;[36mcom.shaft.tools.io.ReportManager&amp#27;[m : File Action "DoesFileExist" successfully performed. With the following test data "File Path: "SteeringCompanyAPI_TestData/SteeringCompanyAPI_TestData.xlsx"".
2023-01-22 15:45:04.448 &amp#27;[32m INFO&amp#27;[m &amp#27;[35m[@503 - main]&amp#27;[m &amp#27;[36mcom.shaft.tools.io.ReportManager&amp#27;[m : Successfully created attachment "Test Data - Excel"
2023-01-22 15:45:04.904 &amp#27;[32m INFO&amp#27;[m &amp#27;[35m[@503 - main]&amp#27;[m &amp#27;[36mcom.shaft.tools.io.ReportManager&amp#27;[m : Response status code: "422", status line: "HTTP/1.1 422 "
2023-01-22 15:45:04.913 &amp#27;[32m INFO&amp#27;[m &amp#27;[35m[@503 - main]&amp#27;[m &amp#27;[36mcom.shaft.tools.io.ReportManager&amp#27;[m : Successfully created attachment "API Request - Specifications"
2023-01-22 15:45:04.913 &amp#27;[32m INFO&amp#27;[m &amp#27;[35m[@503 - main]&amp#27;[m &amp#27;[36mcom.shaft.tools.io.ReportManager&amp#27;[m : Successfully created attachment "API Request - JSON Body"
2023-01-22 15:45:04.914 &amp#27;[32m INFO&amp#27;[m &amp#27;[35m[@503 - main]&amp#27;[m &amp#27;[36mcom.shaft.tools.io.ReportManager&amp#27;[m : Successfully created attachment "API Response - JSON Body"
2023-01-22 15:45:04.914 &amp#27;[32m INFO&amp#27;[m &amp#27;[35m[@503 - main]&amp#27;[m &amp#27;[36mcom.shaft.tools.io.ReportManager&amp#27;[m : File Action "DoesFileExist" successfully performed. With the following test data "File Path: "Schemas/ValidationError_schema.json"".
2023-01-22 15:45:04.915 &amp#27;[32m INFO&amp#27;[m &amp#27;[35m[@503 - main]&amp#27;[m &amp#27;[36mcom.shaft.tools.io.ReportManager&amp#27;[m : File Action "DoesFileExist" successfully performed. With the following test data "File Path: "src/test/resources/testDataFiles/Schemas/ValidationError_schema.json"".
2023-01-22 15:45:04.915 &amp#27;[32m INFO&amp#27;[m &amp#27;[35m[@503 - main]&amp#27;[m &amp#27;[36mcom.shaft.tools.io.ReportManager&amp#27;[m : File Action "GetAbsolutePath" successfully performed. With the following test data "Relative Folder Path: "src/test/resources/testDataFiles/Schemas/ValidationError_schema.json"".
2023-01-22 15:45:04.917 &amp#27;[32m INFO&amp#27;[m &amp#27;[35m[@503 - main]&amp#27;[m &amp#27;[36mcom.shaft.tools.io.ReportManager&amp#27;[m : File Action "DoesFileExist" successfully performed. With the following test data "File Path: "C:\eclipse-workspace\MyProjects\TASystemsAPIs\src\test\resources\testDataFiles\Schemas\ValidationError_schema.json"".
2023-01-22 15:45:04.917 &amp#27;[32m INFO&amp#27;[m &amp#27;[35m[@503 - main]&amp#27;[m &amp#27;[36mcom.shaft.tools.io.ReportManager&amp#27;[m : File Action "GetAbsolutePath" successfully performed. With the following test data "Relative Folder Path: "C:\eclipse-workspace\MyProjects\TASystemsAPIs\src\test\resources\testDataFiles\Schemas\ValidationError_schema.json"".
2023-01-22 15:45:04.917 &amp#27;[32m INFO&amp#27;[m &amp#27;[35m[@503 - main]&amp#27;[m &amp#27;[36mcom.shaft.tools.io.ReportManager&amp#27;[m : File Action "ReadFile" successfully performed. With the following test data "File Path: "C:\eclipse-workspace\MyProjects\TASystemsAPIs\src\test\resources\testDataFiles\Schemas\ValidationError_schema.json"".
2023-01-22 15:45:04.921 &amp#27;[32m INFO&amp#27;[m &amp#27;[35m[@503 - main]&amp#27;[m &amp#27;[36mcom.shaft.tools.io.ReportManager&amp#27;[m : Successfully created attachment "Validation Test Data - Expected JSON Value"
2023-01-22 15:45:04.921 &amp#27;[32m INFO&amp#27;[m &amp#27;[35m[@503 - main]&amp#27;[m &amp#27;[36mcom.shaft.tools.io.ReportManager&amp#27;[m : Successfully created attachment "Validation Test Data - Actual JSON Value"
2023-01-22 15:45:04.923 &amp#27;[32m INFO&amp#27;[m &amp#27;[35m[@503 - main]&amp#27;[m &amp#27;[36mcom.shaft.tools.io.ReportManager&amp#27;[m : Successfully created attachment "SHAFT Engine Logs - Current Method log: Update_Policy_With_InValid_data_TC"
]]></system-out>
  </testcase>
  <testcase name="Update_Policy_With_InValid_data_TC[[Ljava.lang.Object;@2c2e4e2a](21)" classname="SteeringCompanyAPI_TestCases.Test_Policies_Cases" time="1.269">
    <system-out><![CDATA[2023-01-22 15:45:04.925 &amp#27;[32m INFO&amp#27;[m &amp#27;[35m[@534 - main]&amp#27;[m &amp#27;[36mcom.shaft.tools.io.ReportManager&amp#27;[m : 
################################################################################################################################################
Starting Execution:	"209 out of 70" test cases in the current suite
Test Method:		"SteeringCompanyAPI_TestCases.Test_Policies_Cases.Update_Policy_With_InValid_data_TC"
Test Description:	"TC053 -Policy- Perform Update Policy with InValid data"
################################################################################################################################################
2023-01-22 15:45:04.925 &amp#27;[32m INFO&amp#27;[m &amp#27;[35m[@503 - main]&amp#27;[m &amp#27;[36mcom.shaft.tools.io.ReportManager&amp#27;[m : File Action "DoesFileExist" successfully performed. With the following test data "File Path: "SteeringCompanyAPI_TestData/SteeringCompanyAPI_TestData.xlsx"".
2023-01-22 15:45:04.963 &amp#27;[32m INFO&amp#27;[m &amp#27;[35m[@503 - main]&amp#27;[m &amp#27;[36mcom.shaft.tools.io.ReportManager&amp#27;[m : Successfully created attachment "Test Data - Excel"
2023-01-22 15:45:05.557 &amp#27;[32m INFO&amp#27;[m &amp#27;[35m[@503 - main]&amp#27;[m &amp#27;[36mcom.shaft.tools.io.ReportManager&amp#27;[m : Response status code: "200", status line: "HTTP/1.1 200 OK"
2023-01-22 15:45:05.573 &amp#27;[32m INFO&amp#27;[m &amp#27;[35m[@503 - main]&amp#27;[m &amp#27;[36mcom.shaft.tools.io.ReportManager&amp#27;[m : Successfully created attachment "API Request - Specifications"
2023-01-22 15:45:05.575 &amp#27;[32m INFO&amp#27;[m &amp#27;[35m[@503 - main]&amp#27;[m &amp#27;[36mcom.shaft.tools.io.ReportManager&amp#27;[m : Successfully created attachment "API Request - Body"
2023-01-22 15:45:05.577 &amp#27;[32m INFO&amp#27;[m &amp#27;[35m[@503 - main]&amp#27;[m &amp#27;[36mcom.shaft.tools.io.ReportManager&amp#27;[m : Successfully created attachment "API Response - JSON Body"
2023-01-22 15:45:05.587 &amp#27;[32m INFO&amp#27;[m &amp#27;[35m[@503 - main]&amp#27;[m &amp#27;[36mcom.shaft.tools.io.ReportManager&amp#27;[m : File Action "DoesFileExist" successfully performed. With the following test data "File Path: "SteeringCompanyAPI_TestData/SteeringCompanyAPI_TestData.xlsx"".
2023-01-22 15:45:05.617 &amp#27;[32m INFO&amp#27;[m &amp#27;[35m[@503 - main]&amp#27;[m &amp#27;[36mcom.shaft.tools.io.ReportManager&amp#27;[m : Successfully created attachment "Test Data - Excel"
2023-01-22 15:45:05.617 &amp#27;[32m INFO&amp#27;[m &amp#27;[35m[@503 - main]&amp#27;[m &amp#27;[36mcom.shaft.tools.io.ReportManager&amp#27;[m : File Action "DoesFileExist" successfully performed. With the following test data "File Path: "SteeringCompanyAPI_TestData/SteeringCompanyAPI_TestData.xlsx"".
2023-01-22 15:45:05.639 &amp#27;[32m INFO&amp#27;[m &amp#27;[35m[@503 - main]&amp#27;[m &amp#27;[36mcom.shaft.tools.io.ReportManager&amp#27;[m : Successfully created attachment "Test Data - Excel"
2023-01-22 15:45:05.639 &amp#27;[32m INFO&amp#27;[m &amp#27;[35m[@503 - main]&amp#27;[m &amp#27;[36mcom.shaft.tools.io.ReportManager&amp#27;[m : File Action "DoesFileExist" successfully performed. With the following test data "File Path: "SteeringCompanyAPI_TestData/SteeringCompanyAPI_TestData.xlsx"".
2023-01-22 15:45:05.663 &amp#27;[32m INFO&amp#27;[m &amp#27;[35m[@503 - main]&amp#27;[m &amp#27;[36mcom.shaft.tools.io.ReportManager&amp#27;[m : Successfully created attachment "Test Data - Excel"
2023-01-22 15:45:06.172 &amp#27;[32m INFO&amp#27;[m &amp#27;[35m[@503 - main]&amp#27;[m &amp#27;[36mcom.shaft.tools.io.ReportManager&amp#27;[m : Response status code: "422", status line: "HTTP/1.1 422 "
2023-01-22 15:45:06.182 &amp#27;[32m INFO&amp#27;[m &amp#27;[35m[@503 - main]&amp#27;[m &amp#27;[36mcom.shaft.tools.io.ReportManager&amp#27;[m : Successfully created attachment "API Request - Specifications"
2023-01-22 15:45:06.183 &amp#27;[32m INFO&amp#27;[m &amp#27;[35m[@503 - main]&amp#27;[m &amp#27;[36mcom.shaft.tools.io.ReportManager&amp#27;[m : Successfully created attachment "API Request - JSON Body"
2023-01-22 15:45:06.183 &amp#27;[32m INFO&amp#27;[m &amp#27;[35m[@503 - main]&amp#27;[m &amp#27;[36mcom.shaft.tools.io.ReportManager&amp#27;[m : Successfully created attachment "API Response - JSON Body"
2023-01-22 15:45:06.184 &amp#27;[32m INFO&amp#27;[m &amp#27;[35m[@503 - main]&amp#27;[m &amp#27;[36mcom.shaft.tools.io.ReportManager&amp#27;[m : File Action "DoesFileExist" successfully performed. With the following test data "File Path: "Schemas/ValidationError_schema.json"".
2023-01-22 15:45:06.184 &amp#27;[32m INFO&amp#27;[m &amp#27;[35m[@503 - main]&amp#27;[m &amp#27;[36mcom.shaft.tools.io.ReportManager&amp#27;[m : File Action "DoesFileExist" successfully performed. With the following test data "File Path: "src/test/resources/testDataFiles/Schemas/ValidationError_schema.json"".
2023-01-22 15:45:06.184 &amp#27;[32m INFO&amp#27;[m &amp#27;[35m[@503 - main]&amp#27;[m &amp#27;[36mcom.shaft.tools.io.ReportManager&amp#27;[m : File Action "GetAbsolutePath" successfully performed. With the following test data "Relative Folder Path: "src/test/resources/testDataFiles/Schemas/ValidationError_schema.json"".
2023-01-22 15:45:06.186 &amp#27;[32m INFO&amp#27;[m &amp#27;[35m[@503 - main]&amp#27;[m &amp#27;[36mcom.shaft.tools.io.ReportManager&amp#27;[m : File Action "DoesFileExist" successfully performed. With the following test data "File Path: "C:\eclipse-workspace\MyProjects\TASystemsAPIs\src\test\resources\testDataFiles\Schemas\ValidationError_schema.json"".
2023-01-22 15:45:06.186 &amp#27;[32m INFO&amp#27;[m &amp#27;[35m[@503 - main]&amp#27;[m &amp#27;[36mcom.shaft.tools.io.ReportManager&amp#27;[m : File Action "GetAbsolutePath" successfully performed. With the following test data "Relative Folder Path: "C:\eclipse-workspace\MyProjects\TASystemsAPIs\src\test\resources\testDataFiles\Schemas\ValidationError_schema.json"".
2023-01-22 15:45:06.186 &amp#27;[32m INFO&amp#27;[m &amp#27;[35m[@503 - main]&amp#27;[m &amp#27;[36mcom.shaft.tools.io.ReportManager&amp#27;[m : File Action "ReadFile" successfully performed. With the following test data "File Path: "C:\eclipse-workspace\MyProjects\TASystemsAPIs\src\test\resources\testDataFiles\Schemas\ValidationError_schema.json"".
2023-01-22 15:45:06.188 &amp#27;[32m INFO&amp#27;[m &amp#27;[35m[@503 - main]&amp#27;[m &amp#27;[36mcom.shaft.tools.io.ReportManager&amp#27;[m : Successfully created attachment "Validation Test Data - Expected JSON Value"
2023-01-22 15:45:06.192 &amp#27;[32m INFO&amp#27;[m &amp#27;[35m[@503 - main]&amp#27;[m &amp#27;[36mcom.shaft.tools.io.ReportManager&amp#27;[m : Successfully created attachment "Validation Test Data - Actual JSON Value"
2023-01-22 15:45:06.192 &amp#27;[32m INFO&amp#27;[m &amp#27;[35m[@503 - main]&amp#27;[m &amp#27;[36mcom.shaft.tools.io.ReportManager&amp#27;[m : Successfully created attachment "SHAFT Engine Logs - Current Method log: Update_Policy_With_InValid_data_TC"
]]></system-out>
  </testcase>
  <testcase name="Update_Policy_With_InValid_data_TC[[Ljava.lang.Object;@483f21fd](22)" classname="SteeringCompanyAPI_TestCases.Test_Policies_Cases" time="1.218">
    <system-out><![CDATA[2023-01-22 15:45:06.194 &amp#27;[32m INFO&amp#27;[m &amp#27;[35m[@534 - main]&amp#27;[m &amp#27;[36mcom.shaft.tools.io.ReportManager&amp#27;[m : 
################################################################################################################################################
Starting Execution:	"210 out of 70" test cases in the current suite
Test Method:		"SteeringCompanyAPI_TestCases.Test_Policies_Cases.Update_Policy_With_InValid_data_TC"
Test Description:	"TC053 -Policy- Perform Update Policy with InValid data"
################################################################################################################################################
2023-01-22 15:45:06.194 &amp#27;[32m INFO&amp#27;[m &amp#27;[35m[@503 - main]&amp#27;[m &amp#27;[36mcom.shaft.tools.io.ReportManager&amp#27;[m : File Action "DoesFileExist" successfully performed. With the following test data "File Path: "SteeringCompanyAPI_TestData/SteeringCompanyAPI_TestData.xlsx"".
2023-01-22 15:45:06.236 &amp#27;[32m INFO&amp#27;[m &amp#27;[35m[@503 - main]&amp#27;[m &amp#27;[36mcom.shaft.tools.io.ReportManager&amp#27;[m : Successfully created attachment "Test Data - Excel"
2023-01-22 15:45:06.849 &amp#27;[32m INFO&amp#27;[m &amp#27;[35m[@503 - main]&amp#27;[m &amp#27;[36mcom.shaft.tools.io.ReportManager&amp#27;[m : Response status code: "200", status line: "HTTP/1.1 200 OK"
2023-01-22 15:45:06.858 &amp#27;[32m INFO&amp#27;[m &amp#27;[35m[@503 - main]&amp#27;[m &amp#27;[36mcom.shaft.tools.io.ReportManager&amp#27;[m : Successfully created attachment "API Request - Specifications"
2023-01-22 15:45:06.860 &amp#27;[32m INFO&amp#27;[m &amp#27;[35m[@503 - main]&amp#27;[m &amp#27;[36mcom.shaft.tools.io.ReportManager&amp#27;[m : Successfully created attachment "API Request - Body"
2023-01-22 15:45:06.860 &amp#27;[32m INFO&amp#27;[m &amp#27;[35m[@503 - main]&amp#27;[m &amp#27;[36mcom.shaft.tools.io.ReportManager&amp#27;[m : Successfully created attachment "API Response - JSON Body"
2023-01-22 15:45:06.866 &amp#27;[32m INFO&amp#27;[m &amp#27;[35m[@503 - main]&amp#27;[m &amp#27;[36mcom.shaft.tools.io.ReportManager&amp#27;[m : File Action "DoesFileExist" successfully performed. With the following test data "File Path: "SteeringCompanyAPI_TestData/SteeringCompanyAPI_TestData.xlsx"".
2023-01-22 15:45:06.888 &amp#27;[32m INFO&amp#27;[m &amp#27;[35m[@503 - main]&amp#27;[m &amp#27;[36mcom.shaft.tools.io.ReportManager&amp#27;[m : Successfully created attachment "Test Data - Excel"
2023-01-22 15:45:06.889 &amp#27;[32m INFO&amp#27;[m &amp#27;[35m[@503 - main]&amp#27;[m &amp#27;[36mcom.shaft.tools.io.ReportManager&amp#27;[m : File Action "DoesFileExist" successfully performed. With the following test data "File Path: "SteeringCompanyAPI_TestData/SteeringCompanyAPI_TestData.xlsx"".
2023-01-22 15:45:06.908 &amp#27;[32m INFO&amp#27;[m &amp#27;[35m[@503 - main]&amp#27;[m &amp#27;[36mcom.shaft.tools.io.ReportManager&amp#27;[m : Successfully created attachment "Test Data - Excel"
2023-01-22 15:45:06.908 &amp#27;[32m INFO&amp#27;[m &amp#27;[35m[@503 - main]&amp#27;[m &amp#27;[36mcom.shaft.tools.io.ReportManager&amp#27;[m : File Action "DoesFileExist" successfully performed. With the following test data "File Path: "SteeringCompanyAPI_TestData/SteeringCompanyAPI_TestData.xlsx"".
2023-01-22 15:45:06.927 &amp#27;[32m INFO&amp#27;[m &amp#27;[35m[@503 - main]&amp#27;[m &amp#27;[36mcom.shaft.tools.io.ReportManager&amp#27;[m : Successfully created attachment "Test Data - Excel"
2023-01-22 15:45:07.394 &amp#27;[32m INFO&amp#27;[m &amp#27;[35m[@503 - main]&amp#27;[m &amp#27;[36mcom.shaft.tools.io.ReportManager&amp#27;[m : Response status code: "422", status line: "HTTP/1.1 422 "
2023-01-22 15:45:07.403 &amp#27;[32m INFO&amp#27;[m &amp#27;[35m[@503 - main]&amp#27;[m &amp#27;[36mcom.shaft.tools.io.ReportManager&amp#27;[m : Successfully created attachment "API Request - Specifications"
2023-01-22 15:45:07.404 &amp#27;[32m INFO&amp#27;[m &amp#27;[35m[@503 - main]&amp#27;[m &amp#27;[36mcom.shaft.tools.io.ReportManager&amp#27;[m : Successfully created attachment "API Request - JSON Body"
2023-01-22 15:45:07.404 &amp#27;[32m INFO&amp#27;[m &amp#27;[35m[@503 - main]&amp#27;[m &amp#27;[36mcom.shaft.tools.io.ReportManager&amp#27;[m : Successfully created attachment "API Response - JSON Body"
2023-01-22 15:45:07.405 &amp#27;[32m INFO&amp#27;[m &amp#27;[35m[@503 - main]&amp#27;[m &amp#27;[36mcom.shaft.tools.io.ReportManager&amp#27;[m : File Action "DoesFileExist" successfully performed. With the following test data "File Path: "Schemas/ValidationError_schema.json"".
2023-01-22 15:45:07.405 &amp#27;[32m INFO&amp#27;[m &amp#27;[35m[@503 - main]&amp#27;[m &amp#27;[36mcom.shaft.tools.io.ReportManager&amp#27;[m : File Action "DoesFileExist" successfully performed. With the following test data "File Path: "src/test/resources/testDataFiles/Schemas/ValidationError_schema.json"".
2023-01-22 15:45:07.405 &amp#27;[32m INFO&amp#27;[m &amp#27;[35m[@503 - main]&amp#27;[m &amp#27;[36mcom.shaft.tools.io.ReportManager&amp#27;[m : File Action "GetAbsolutePath" successfully performed. With the following test data "Relative Folder Path: "src/test/resources/testDataFiles/Schemas/ValidationError_schema.json"".
2023-01-22 15:45:07.407 &amp#27;[32m INFO&amp#27;[m &amp#27;[35m[@503 - main]&amp#27;[m &amp#27;[36mcom.shaft.tools.io.ReportManager&amp#27;[m : File Action "DoesFileExist" successfully performed. With the following test data "File Path: "C:\eclipse-workspace\MyProjects\TASystemsAPIs\src\test\resources\testDataFiles\Schemas\ValidationError_schema.json"".
2023-01-22 15:45:07.407 &amp#27;[32m INFO&amp#27;[m &amp#27;[35m[@503 - main]&amp#27;[m &amp#27;[36mcom.shaft.tools.io.ReportManager&amp#27;[m : File Action "GetAbsolutePath" successfully performed. With the following test data "Relative Folder Path: "C:\eclipse-workspace\MyProjects\TASystemsAPIs\src\test\resources\testDataFiles\Schemas\ValidationError_schema.json"".
2023-01-22 15:45:07.407 &amp#27;[32m INFO&amp#27;[m &amp#27;[35m[@503 - main]&amp#27;[m &amp#27;[36mcom.shaft.tools.io.ReportManager&amp#27;[m : File Action "ReadFile" successfully performed. With the following test data "File Path: "C:\eclipse-workspace\MyProjects\TASystemsAPIs\src\test\resources\testDataFiles\Schemas\ValidationError_schema.json"".
2023-01-22 15:45:07.409 &amp#27;[32m INFO&amp#27;[m &amp#27;[35m[@503 - main]&amp#27;[m &amp#27;[36mcom.shaft.tools.io.ReportManager&amp#27;[m : Successfully created attachment "Validation Test Data - Expected JSON Value"
2023-01-22 15:45:07.410 &amp#27;[32m INFO&amp#27;[m &amp#27;[35m[@503 - main]&amp#27;[m &amp#27;[36mcom.shaft.tools.io.ReportManager&amp#27;[m : Successfully created attachment "Validation Test Data - Actual JSON Value"
2023-01-22 15:45:07.411 &amp#27;[32m INFO&amp#27;[m &amp#27;[35m[@503 - main]&amp#27;[m &amp#27;[36mcom.shaft.tools.io.ReportManager&amp#27;[m : Successfully created attachment "SHAFT Engine Logs - Current Method log: Update_Policy_With_InValid_data_TC"
]]></system-out>
  </testcase>
  <testcase name="Update_Policy_With_InValid_data_TC[[Ljava.lang.Object;@50593a7d](23)" classname="SteeringCompanyAPI_TestCases.Test_Policies_Cases" time="1.2">
    <system-out><![CDATA[2023-01-22 15:45:07.412 &amp#27;[32m INFO&amp#27;[m &amp#27;[35m[@534 - main]&amp#27;[m &amp#27;[36mcom.shaft.tools.io.ReportManager&amp#27;[m : 
################################################################################################################################################
Starting Execution:	"211 out of 70" test cases in the current suite
Test Method:		"SteeringCompanyAPI_TestCases.Test_Policies_Cases.Update_Policy_With_InValid_data_TC"
Test Description:	"TC053 -Policy- Perform Update Policy with InValid data"
################################################################################################################################################
2023-01-22 15:45:07.412 &amp#27;[32m INFO&amp#27;[m &amp#27;[35m[@503 - main]&amp#27;[m &amp#27;[36mcom.shaft.tools.io.ReportManager&amp#27;[m : File Action "DoesFileExist" successfully performed. With the following test data "File Path: "SteeringCompanyAPI_TestData/SteeringCompanyAPI_TestData.xlsx"".
2023-01-22 15:45:07.436 &amp#27;[32m INFO&amp#27;[m &amp#27;[35m[@503 - main]&amp#27;[m &amp#27;[36mcom.shaft.tools.io.ReportManager&amp#27;[m : Successfully created attachment "Test Data - Excel"
2023-01-22 15:45:08.018 &amp#27;[32m INFO&amp#27;[m &amp#27;[35m[@503 - main]&amp#27;[m &amp#27;[36mcom.shaft.tools.io.ReportManager&amp#27;[m : Response status code: "200", status line: "HTTP/1.1 200 OK"
2023-01-22 15:45:08.032 &amp#27;[32m INFO&amp#27;[m &amp#27;[35m[@503 - main]&amp#27;[m &amp#27;[36mcom.shaft.tools.io.ReportManager&amp#27;[m : Successfully created attachment "API Request - Specifications"
2023-01-22 15:45:08.033 &amp#27;[32m INFO&amp#27;[m &amp#27;[35m[@503 - main]&amp#27;[m &amp#27;[36mcom.shaft.tools.io.ReportManager&amp#27;[m : Successfully created attachment "API Request - Body"
2023-01-22 15:45:08.033 &amp#27;[32m INFO&amp#27;[m &amp#27;[35m[@503 - main]&amp#27;[m &amp#27;[36mcom.shaft.tools.io.ReportManager&amp#27;[m : Successfully created attachment "API Response - JSON Body"
2023-01-22 15:45:08.043 &amp#27;[32m INFO&amp#27;[m &amp#27;[35m[@503 - main]&amp#27;[m &amp#27;[36mcom.shaft.tools.io.ReportManager&amp#27;[m : File Action "DoesFileExist" successfully performed. With the following test data "File Path: "SteeringCompanyAPI_TestData/SteeringCompanyAPI_TestData.xlsx"".
2023-01-22 15:45:08.065 &amp#27;[32m INFO&amp#27;[m &amp#27;[35m[@503 - main]&amp#27;[m &amp#27;[36mcom.shaft.tools.io.ReportManager&amp#27;[m : Successfully created attachment "Test Data - Excel"
2023-01-22 15:45:08.066 &amp#27;[32m INFO&amp#27;[m &amp#27;[35m[@503 - main]&amp#27;[m &amp#27;[36mcom.shaft.tools.io.ReportManager&amp#27;[m : File Action "DoesFileExist" successfully performed. With the following test data "File Path: "SteeringCompanyAPI_TestData/SteeringCompanyAPI_TestData.xlsx"".
2023-01-22 15:45:08.088 &amp#27;[32m INFO&amp#27;[m &amp#27;[35m[@503 - main]&amp#27;[m &amp#27;[36mcom.shaft.tools.io.ReportManager&amp#27;[m : Successfully created attachment "Test Data - Excel"
2023-01-22 15:45:08.089 &amp#27;[32m INFO&amp#27;[m &amp#27;[35m[@503 - main]&amp#27;[m &amp#27;[36mcom.shaft.tools.io.ReportManager&amp#27;[m : File Action "DoesFileExist" successfully performed. With the following test data "File Path: "SteeringCompanyAPI_TestData/SteeringCompanyAPI_TestData.xlsx"".
2023-01-22 15:45:08.109 &amp#27;[32m INFO&amp#27;[m &amp#27;[35m[@503 - main]&amp#27;[m &amp#27;[36mcom.shaft.tools.io.ReportManager&amp#27;[m : Successfully created attachment "Test Data - Excel"
2023-01-22 15:45:08.588 &amp#27;[32m INFO&amp#27;[m &amp#27;[35m[@503 - main]&amp#27;[m &amp#27;[36mcom.shaft.tools.io.ReportManager&amp#27;[m : Response status code: "422", status line: "HTTP/1.1 422 "
2023-01-22 15:45:08.600 &amp#27;[32m INFO&amp#27;[m &amp#27;[35m[@503 - main]&amp#27;[m &amp#27;[36mcom.shaft.tools.io.ReportManager&amp#27;[m : Successfully created attachment "API Request - Specifications"
2023-01-22 15:45:08.601 &amp#27;[32m INFO&amp#27;[m &amp#27;[35m[@503 - main]&amp#27;[m &amp#27;[36mcom.shaft.tools.io.ReportManager&amp#27;[m : Successfully created attachment "API Request - JSON Body"
2023-01-22 15:45:08.604 &amp#27;[32m INFO&amp#27;[m &amp#27;[35m[@503 - main]&amp#27;[m &amp#27;[36mcom.shaft.tools.io.ReportManager&amp#27;[m : Successfully created attachment "API Response - JSON Body"
2023-01-22 15:45:08.604 &amp#27;[32m INFO&amp#27;[m &amp#27;[35m[@503 - main]&amp#27;[m &amp#27;[36mcom.shaft.tools.io.ReportManager&amp#27;[m : File Action "DoesFileExist" successfully performed. With the following test data "File Path: "Schemas/ValidationError_schema.json"".
2023-01-22 15:45:08.604 &amp#27;[32m INFO&amp#27;[m &amp#27;[35m[@503 - main]&amp#27;[m &amp#27;[36mcom.shaft.tools.io.ReportManager&amp#27;[m : File Action "DoesFileExist" successfully performed. With the following test data "File Path: "src/test/resources/testDataFiles/Schemas/ValidationError_schema.json"".
2023-01-22 15:45:08.604 &amp#27;[32m INFO&amp#27;[m &amp#27;[35m[@503 - main]&amp#27;[m &amp#27;[36mcom.shaft.tools.io.ReportManager&amp#27;[m : File Action "GetAbsolutePath" successfully performed. With the following test data "Relative Folder Path: "src/test/resources/testDataFiles/Schemas/ValidationError_schema.json"".
2023-01-22 15:45:08.606 &amp#27;[32m INFO&amp#27;[m &amp#27;[35m[@503 - main]&amp#27;[m &amp#27;[36mcom.shaft.tools.io.ReportManager&amp#27;[m : File Action "DoesFileExist" successfully performed. With the following test data "File Path: "C:\eclipse-workspace\MyProjects\TASystemsAPIs\src\test\resources\testDataFiles\Schemas\ValidationError_schema.json"".
2023-01-22 15:45:08.606 &amp#27;[32m INFO&amp#27;[m &amp#27;[35m[@503 - main]&amp#27;[m &amp#27;[36mcom.shaft.tools.io.ReportManager&amp#27;[m : File Action "GetAbsolutePath" successfully performed. With the following test data "Relative Folder Path: "C:\eclipse-workspace\MyProjects\TASystemsAPIs\src\test\resources\testDataFiles\Schemas\ValidationError_schema.json"".
2023-01-22 15:45:08.607 &amp#27;[32m INFO&amp#27;[m &amp#27;[35m[@503 - main]&amp#27;[m &amp#27;[36mcom.shaft.tools.io.ReportManager&amp#27;[m : File Action "ReadFile" successfully performed. With the following test data "File Path: "C:\eclipse-workspace\MyProjects\TASystemsAPIs\src\test\resources\testDataFiles\Schemas\ValidationError_schema.json"".
2023-01-22 15:45:08.608 &amp#27;[32m INFO&amp#27;[m &amp#27;[35m[@503 - main]&amp#27;[m &amp#27;[36mcom.shaft.tools.io.ReportManager&amp#27;[m : Successfully created attachment "Validation Test Data - Expected JSON Value"
2023-01-22 15:45:08.608 &amp#27;[32m INFO&amp#27;[m &amp#27;[35m[@503 - main]&amp#27;[m &amp#27;[36mcom.shaft.tools.io.ReportManager&amp#27;[m : Successfully created attachment "Validation Test Data - Actual JSON Value"
2023-01-22 15:45:08.609 &amp#27;[32m INFO&amp#27;[m &amp#27;[35m[@503 - main]&amp#27;[m &amp#27;[36mcom.shaft.tools.io.ReportManager&amp#27;[m : Successfully created attachment "SHAFT Engine Logs - Current Method log: Update_Policy_With_InValid_data_TC"
]]></system-out>
  </testcase>
  <testcase name="Update_Policy_With_InValid_data_TC[[Ljava.lang.Object;@52eae7b2](24)" classname="SteeringCompanyAPI_TestCases.Test_Policies_Cases" time="1.182">
    <system-out><![CDATA[2023-01-22 15:45:08.612 &amp#27;[32m INFO&amp#27;[m &amp#27;[35m[@534 - main]&amp#27;[m &amp#27;[36mcom.shaft.tools.io.ReportManager&amp#27;[m : 
################################################################################################################################################
Starting Execution:	"212 out of 70" test cases in the current suite
Test Method:		"SteeringCompanyAPI_TestCases.Test_Policies_Cases.Update_Policy_With_InValid_data_TC"
Test Description:	"TC053 -Policy- Perform Update Policy with InValid data"
################################################################################################################################################
2023-01-22 15:45:08.613 &amp#27;[32m INFO&amp#27;[m &amp#27;[35m[@503 - main]&amp#27;[m &amp#27;[36mcom.shaft.tools.io.ReportManager&amp#27;[m : File Action "DoesFileExist" successfully performed. With the following test data "File Path: "SteeringCompanyAPI_TestData/SteeringCompanyAPI_TestData.xlsx"".
2023-01-22 15:45:08.634 &amp#27;[32m INFO&amp#27;[m &amp#27;[35m[@503 - main]&amp#27;[m &amp#27;[36mcom.shaft.tools.io.ReportManager&amp#27;[m : Successfully created attachment "Test Data - Excel"
2023-01-22 15:45:09.232 &amp#27;[32m INFO&amp#27;[m &amp#27;[35m[@503 - main]&amp#27;[m &amp#27;[36mcom.shaft.tools.io.ReportManager&amp#27;[m : Response status code: "200", status line: "HTTP/1.1 200 OK"
2023-01-22 15:45:09.241 &amp#27;[32m INFO&amp#27;[m &amp#27;[35m[@503 - main]&amp#27;[m &amp#27;[36mcom.shaft.tools.io.ReportManager&amp#27;[m : Successfully created attachment "API Request - Specifications"
2023-01-22 15:45:09.244 &amp#27;[32m INFO&amp#27;[m &amp#27;[35m[@503 - main]&amp#27;[m &amp#27;[36mcom.shaft.tools.io.ReportManager&amp#27;[m : Successfully created attachment "API Request - Body"
2023-01-22 15:45:09.244 &amp#27;[32m INFO&amp#27;[m &amp#27;[35m[@503 - main]&amp#27;[m &amp#27;[36mcom.shaft.tools.io.ReportManager&amp#27;[m : Successfully created attachment "API Response - JSON Body"
2023-01-22 15:45:09.253 &amp#27;[32m INFO&amp#27;[m &amp#27;[35m[@503 - main]&amp#27;[m &amp#27;[36mcom.shaft.tools.io.ReportManager&amp#27;[m : File Action "DoesFileExist" successfully performed. With the following test data "File Path: "SteeringCompanyAPI_TestData/SteeringCompanyAPI_TestData.xlsx"".
2023-01-22 15:45:09.273 &amp#27;[32m INFO&amp#27;[m &amp#27;[35m[@503 - main]&amp#27;[m &amp#27;[36mcom.shaft.tools.io.ReportManager&amp#27;[m : Successfully created attachment "Test Data - Excel"
2023-01-22 15:45:09.273 &amp#27;[32m INFO&amp#27;[m &amp#27;[35m[@503 - main]&amp#27;[m &amp#27;[36mcom.shaft.tools.io.ReportManager&amp#27;[m : File Action "DoesFileExist" successfully performed. With the following test data "File Path: "SteeringCompanyAPI_TestData/SteeringCompanyAPI_TestData.xlsx"".
2023-01-22 15:45:09.293 &amp#27;[32m INFO&amp#27;[m &amp#27;[35m[@503 - main]&amp#27;[m &amp#27;[36mcom.shaft.tools.io.ReportManager&amp#27;[m : Successfully created attachment "Test Data - Excel"
2023-01-22 15:45:09.294 &amp#27;[32m INFO&amp#27;[m &amp#27;[35m[@503 - main]&amp#27;[m &amp#27;[36mcom.shaft.tools.io.ReportManager&amp#27;[m : File Action "DoesFileExist" successfully performed. With the following test data "File Path: "SteeringCompanyAPI_TestData/SteeringCompanyAPI_TestData.xlsx"".
2023-01-22 15:45:09.315 &amp#27;[32m INFO&amp#27;[m &amp#27;[35m[@503 - main]&amp#27;[m &amp#27;[36mcom.shaft.tools.io.ReportManager&amp#27;[m : Successfully created attachment "Test Data - Excel"
2023-01-22 15:45:09.774 &amp#27;[32m INFO&amp#27;[m &amp#27;[35m[@503 - main]&amp#27;[m &amp#27;[36mcom.shaft.tools.io.ReportManager&amp#27;[m : Response status code: "422", status line: "HTTP/1.1 422 "
2023-01-22 15:45:09.782 &amp#27;[32m INFO&amp#27;[m &amp#27;[35m[@503 - main]&amp#27;[m &amp#27;[36mcom.shaft.tools.io.ReportManager&amp#27;[m : Successfully created attachment "API Request - Specifications"
2023-01-22 15:45:09.784 &amp#27;[32m INFO&amp#27;[m &amp#27;[35m[@503 - main]&amp#27;[m &amp#27;[36mcom.shaft.tools.io.ReportManager&amp#27;[m : Successfully created attachment "API Request - JSON Body"
2023-01-22 15:45:09.785 &amp#27;[32m INFO&amp#27;[m &amp#27;[35m[@503 - main]&amp#27;[m &amp#27;[36mcom.shaft.tools.io.ReportManager&amp#27;[m : Successfully created attachment "API Response - JSON Body"
2023-01-22 15:45:09.785 &amp#27;[32m INFO&amp#27;[m &amp#27;[35m[@503 - main]&amp#27;[m &amp#27;[36mcom.shaft.tools.io.ReportManager&amp#27;[m : File Action "DoesFileExist" successfully performed. With the following test data "File Path: "Schemas/ValidationError_schema.json"".
2023-01-22 15:45:09.785 &amp#27;[32m INFO&amp#27;[m &amp#27;[35m[@503 - main]&amp#27;[m &amp#27;[36mcom.shaft.tools.io.ReportManager&amp#27;[m : File Action "DoesFileExist" successfully performed. With the following test data "File Path: "src/test/resources/testDataFiles/Schemas/ValidationError_schema.json"".
2023-01-22 15:45:09.785 &amp#27;[32m INFO&amp#27;[m &amp#27;[35m[@503 - main]&amp#27;[m &amp#27;[36mcom.shaft.tools.io.ReportManager&amp#27;[m : File Action "GetAbsolutePath" successfully performed. With the following test data "Relative Folder Path: "src/test/resources/testDataFiles/Schemas/ValidationError_schema.json"".
2023-01-22 15:45:09.787 &amp#27;[32m INFO&amp#27;[m &amp#27;[35m[@503 - main]&amp#27;[m &amp#27;[36mcom.shaft.tools.io.ReportManager&amp#27;[m : File Action "DoesFileExist" successfully performed. With the following test data "File Path: "C:\eclipse-workspace\MyProjects\TASystemsAPIs\src\test\resources\testDataFiles\Schemas\ValidationError_schema.json"".
2023-01-22 15:45:09.787 &amp#27;[32m INFO&amp#27;[m &amp#27;[35m[@503 - main]&amp#27;[m &amp#27;[36mcom.shaft.tools.io.ReportManager&amp#27;[m : File Action "GetAbsolutePath" successfully performed. With the following test data "Relative Folder Path: "C:\eclipse-workspace\MyProjects\TASystemsAPIs\src\test\resources\testDataFiles\Schemas\ValidationError_schema.json"".
2023-01-22 15:45:09.787 &amp#27;[32m INFO&amp#27;[m &amp#27;[35m[@503 - main]&amp#27;[m &amp#27;[36mcom.shaft.tools.io.ReportManager&amp#27;[m : File Action "ReadFile" successfully performed. With the following test data "File Path: "C:\eclipse-workspace\MyProjects\TASystemsAPIs\src\test\resources\testDataFiles\Schemas\ValidationError_schema.json"".
2023-01-22 15:45:09.791 &amp#27;[32m INFO&amp#27;[m &amp#27;[35m[@503 - main]&amp#27;[m &amp#27;[36mcom.shaft.tools.io.ReportManager&amp#27;[m : Successfully created attachment "Validation Test Data - Expected JSON Value"
2023-01-22 15:45:09.792 &amp#27;[32m INFO&amp#27;[m &amp#27;[35m[@503 - main]&amp#27;[m &amp#27;[36mcom.shaft.tools.io.ReportManager&amp#27;[m : Successfully created attachment "Validation Test Data - Actual JSON Value"
2023-01-22 15:45:09.792 &amp#27;[32m INFO&amp#27;[m &amp#27;[35m[@503 - main]&amp#27;[m &amp#27;[36mcom.shaft.tools.io.ReportManager&amp#27;[m : Successfully created attachment "SHAFT Engine Logs - Current Method log: Update_Policy_With_InValid_data_TC"
]]></system-out>
  </testcase>
  <testcase name="Update_Policy_With_InValid_data_TC[[Ljava.lang.Object;@369193](25)" classname="SteeringCompanyAPI_TestCases.Test_Policies_Cases" time="1.186">
    <system-out><![CDATA[2023-01-22 15:45:09.794 &amp#27;[32m INFO&amp#27;[m &amp#27;[35m[@534 - main]&amp#27;[m &amp#27;[36mcom.shaft.tools.io.ReportManager&amp#27;[m : 
################################################################################################################################################
Starting Execution:	"213 out of 70" test cases in the current suite
Test Method:		"SteeringCompanyAPI_TestCases.Test_Policies_Cases.Update_Policy_With_InValid_data_TC"
Test Description:	"TC053 -Policy- Perform Update Policy with InValid data"
################################################################################################################################################
2023-01-22 15:45:09.796 &amp#27;[32m INFO&amp#27;[m &amp#27;[35m[@503 - main]&amp#27;[m &amp#27;[36mcom.shaft.tools.io.ReportManager&amp#27;[m : File Action "DoesFileExist" successfully performed. With the following test data "File Path: "SteeringCompanyAPI_TestData/SteeringCompanyAPI_TestData.xlsx"".
2023-01-22 15:45:09.819 &amp#27;[32m INFO&amp#27;[m &amp#27;[35m[@503 - main]&amp#27;[m &amp#27;[36mcom.shaft.tools.io.ReportManager&amp#27;[m : Successfully created attachment "Test Data - Excel"
2023-01-22 15:45:10.416 &amp#27;[32m INFO&amp#27;[m &amp#27;[35m[@503 - main]&amp#27;[m &amp#27;[36mcom.shaft.tools.io.ReportManager&amp#27;[m : Response status code: "200", status line: "HTTP/1.1 200 OK"
2023-01-22 15:45:10.424 &amp#27;[32m INFO&amp#27;[m &amp#27;[35m[@503 - main]&amp#27;[m &amp#27;[36mcom.shaft.tools.io.ReportManager&amp#27;[m : Successfully created attachment "API Request - Specifications"
2023-01-22 15:45:10.425 &amp#27;[32m INFO&amp#27;[m &amp#27;[35m[@503 - main]&amp#27;[m &amp#27;[36mcom.shaft.tools.io.ReportManager&amp#27;[m : Successfully created attachment "API Request - Body"
2023-01-22 15:45:10.426 &amp#27;[32m INFO&amp#27;[m &amp#27;[35m[@503 - main]&amp#27;[m &amp#27;[36mcom.shaft.tools.io.ReportManager&amp#27;[m : Successfully created attachment "API Response - JSON Body"
2023-01-22 15:45:10.434 &amp#27;[32m INFO&amp#27;[m &amp#27;[35m[@503 - main]&amp#27;[m &amp#27;[36mcom.shaft.tools.io.ReportManager&amp#27;[m : File Action "DoesFileExist" successfully performed. With the following test data "File Path: "SteeringCompanyAPI_TestData/SteeringCompanyAPI_TestData.xlsx"".
2023-01-22 15:45:10.456 &amp#27;[32m INFO&amp#27;[m &amp#27;[35m[@503 - main]&amp#27;[m &amp#27;[36mcom.shaft.tools.io.ReportManager&amp#27;[m : Successfully created attachment "Test Data - Excel"
2023-01-22 15:45:10.456 &amp#27;[32m INFO&amp#27;[m &amp#27;[35m[@503 - main]&amp#27;[m &amp#27;[36mcom.shaft.tools.io.ReportManager&amp#27;[m : File Action "DoesFileExist" successfully performed. With the following test data "File Path: "SteeringCompanyAPI_TestData/SteeringCompanyAPI_TestData.xlsx"".
2023-01-22 15:45:10.474 &amp#27;[32m INFO&amp#27;[m &amp#27;[35m[@503 - main]&amp#27;[m &amp#27;[36mcom.shaft.tools.io.ReportManager&amp#27;[m : Successfully created attachment "Test Data - Excel"
2023-01-22 15:45:10.475 &amp#27;[32m INFO&amp#27;[m &amp#27;[35m[@503 - main]&amp#27;[m &amp#27;[36mcom.shaft.tools.io.ReportManager&amp#27;[m : File Action "DoesFileExist" successfully performed. With the following test data "File Path: "SteeringCompanyAPI_TestData/SteeringCompanyAPI_TestData.xlsx"".
2023-01-22 15:45:10.495 &amp#27;[32m INFO&amp#27;[m &amp#27;[35m[@503 - main]&amp#27;[m &amp#27;[36mcom.shaft.tools.io.ReportManager&amp#27;[m : Successfully created attachment "Test Data - Excel"
2023-01-22 15:45:10.957 &amp#27;[32m INFO&amp#27;[m &amp#27;[35m[@503 - main]&amp#27;[m &amp#27;[36mcom.shaft.tools.io.ReportManager&amp#27;[m : Response status code: "422", status line: "HTTP/1.1 422 "
2023-01-22 15:45:10.967 &amp#27;[32m INFO&amp#27;[m &amp#27;[35m[@503 - main]&amp#27;[m &amp#27;[36mcom.shaft.tools.io.ReportManager&amp#27;[m : Successfully created attachment "API Request - Specifications"
2023-01-22 15:45:10.969 &amp#27;[32m INFO&amp#27;[m &amp#27;[35m[@503 - main]&amp#27;[m &amp#27;[36mcom.shaft.tools.io.ReportManager&amp#27;[m : Successfully created attachment "API Request - JSON Body"
2023-01-22 15:45:10.970 &amp#27;[32m INFO&amp#27;[m &amp#27;[35m[@503 - main]&amp#27;[m &amp#27;[36mcom.shaft.tools.io.ReportManager&amp#27;[m : Successfully created attachment "API Response - JSON Body"
2023-01-22 15:45:10.972 &amp#27;[32m INFO&amp#27;[m &amp#27;[35m[@503 - main]&amp#27;[m &amp#27;[36mcom.shaft.tools.io.ReportManager&amp#27;[m : File Action "DoesFileExist" successfully performed. With the following test data "File Path: "Schemas/ValidationError_schema.json"".
2023-01-22 15:45:10.973 &amp#27;[32m INFO&amp#27;[m &amp#27;[35m[@503 - main]&amp#27;[m &amp#27;[36mcom.shaft.tools.io.ReportManager&amp#27;[m : File Action "DoesFileExist" successfully performed. With the following test data "File Path: "src/test/resources/testDataFiles/Schemas/ValidationError_schema.json"".
2023-01-22 15:45:10.973 &amp#27;[32m INFO&amp#27;[m &amp#27;[35m[@503 - main]&amp#27;[m &amp#27;[36mcom.shaft.tools.io.ReportManager&amp#27;[m : File Action "GetAbsolutePath" successfully performed. With the following test data "Relative Folder Path: "src/test/resources/testDataFiles/Schemas/ValidationError_schema.json"".
2023-01-22 15:45:10.975 &amp#27;[32m INFO&amp#27;[m &amp#27;[35m[@503 - main]&amp#27;[m &amp#27;[36mcom.shaft.tools.io.ReportManager&amp#27;[m : File Action "DoesFileExist" successfully performed. With the following test data "File Path: "C:\eclipse-workspace\MyProjects\TASystemsAPIs\src\test\resources\testDataFiles\Schemas\ValidationError_schema.json"".
2023-01-22 15:45:10.975 &amp#27;[32m INFO&amp#27;[m &amp#27;[35m[@503 - main]&amp#27;[m &amp#27;[36mcom.shaft.tools.io.ReportManager&amp#27;[m : File Action "GetAbsolutePath" successfully performed. With the following test data "Relative Folder Path: "C:\eclipse-workspace\MyProjects\TASystemsAPIs\src\test\resources\testDataFiles\Schemas\ValidationError_schema.json"".
2023-01-22 15:45:10.975 &amp#27;[32m INFO&amp#27;[m &amp#27;[35m[@503 - main]&amp#27;[m &amp#27;[36mcom.shaft.tools.io.ReportManager&amp#27;[m : File Action "ReadFile" successfully performed. With the following test data "File Path: "C:\eclipse-workspace\MyProjects\TASystemsAPIs\src\test\resources\testDataFiles\Schemas\ValidationError_schema.json"".
2023-01-22 15:45:10.977 &amp#27;[32m INFO&amp#27;[m &amp#27;[35m[@503 - main]&amp#27;[m &amp#27;[36mcom.shaft.tools.io.ReportManager&amp#27;[m : Successfully created attachment "Validation Test Data - Expected JSON Value"
2023-01-22 15:45:10.978 &amp#27;[32m INFO&amp#27;[m &amp#27;[35m[@503 - main]&amp#27;[m &amp#27;[36mcom.shaft.tools.io.ReportManager&amp#27;[m : Successfully created attachment "Validation Test Data - Actual JSON Value"
2023-01-22 15:45:10.979 &amp#27;[32m INFO&amp#27;[m &amp#27;[35m[@503 - main]&amp#27;[m &amp#27;[36mcom.shaft.tools.io.ReportManager&amp#27;[m : Successfully created attachment "SHAFT Engine Logs - Current Method log: Update_Policy_With_InValid_data_TC"
]]></system-out>
  </testcase>
  <testcase name="Update_Policy_With_InValid_data_TC[[Ljava.lang.Object;@70484d71](26)" classname="SteeringCompanyAPI_TestCases.Test_Policies_Cases" time="1.398">
    <system-out><![CDATA[2023-01-22 15:45:10.981 &amp#27;[32m INFO&amp#27;[m &amp#27;[35m[@534 - main]&amp#27;[m &amp#27;[36mcom.shaft.tools.io.ReportManager&amp#27;[m : 
################################################################################################################################################
Starting Execution:	"214 out of 70" test cases in the current suite
Test Method:		"SteeringCompanyAPI_TestCases.Test_Policies_Cases.Update_Policy_With_InValid_data_TC"
Test Description:	"TC053 -Policy- Perform Update Policy with InValid data"
################################################################################################################################################
2023-01-22 15:45:10.981 &amp#27;[32m INFO&amp#27;[m &amp#27;[35m[@503 - main]&amp#27;[m &amp#27;[36mcom.shaft.tools.io.ReportManager&amp#27;[m : File Action "DoesFileExist" successfully performed. With the following test data "File Path: "SteeringCompanyAPI_TestData/SteeringCompanyAPI_TestData.xlsx"".
2023-01-22 15:45:11.014 &amp#27;[32m INFO&amp#27;[m &amp#27;[35m[@503 - main]&amp#27;[m &amp#27;[36mcom.shaft.tools.io.ReportManager&amp#27;[m : Successfully created attachment "Test Data - Excel"
2023-01-22 15:45:11.743 &amp#27;[32m INFO&amp#27;[m &amp#27;[35m[@503 - main]&amp#27;[m &amp#27;[36mcom.shaft.tools.io.ReportManager&amp#27;[m : Response status code: "200", status line: "HTTP/1.1 200 OK"
2023-01-22 15:45:11.752 &amp#27;[32m INFO&amp#27;[m &amp#27;[35m[@503 - main]&amp#27;[m &amp#27;[36mcom.shaft.tools.io.ReportManager&amp#27;[m : Successfully created attachment "API Request - Specifications"
2023-01-22 15:45:11.753 &amp#27;[32m INFO&amp#27;[m &amp#27;[35m[@503 - main]&amp#27;[m &amp#27;[36mcom.shaft.tools.io.ReportManager&amp#27;[m : Successfully created attachment "API Request - Body"
2023-01-22 15:45:11.754 &amp#27;[32m INFO&amp#27;[m &amp#27;[35m[@503 - main]&amp#27;[m &amp#27;[36mcom.shaft.tools.io.ReportManager&amp#27;[m : Successfully created attachment "API Response - JSON Body"
2023-01-22 15:45:11.764 &amp#27;[32m INFO&amp#27;[m &amp#27;[35m[@503 - main]&amp#27;[m &amp#27;[36mcom.shaft.tools.io.ReportManager&amp#27;[m : File Action "DoesFileExist" successfully performed. With the following test data "File Path: "SteeringCompanyAPI_TestData/SteeringCompanyAPI_TestData.xlsx"".
2023-01-22 15:45:11.789 &amp#27;[32m INFO&amp#27;[m &amp#27;[35m[@503 - main]&amp#27;[m &amp#27;[36mcom.shaft.tools.io.ReportManager&amp#27;[m : Successfully created attachment "Test Data - Excel"
2023-01-22 15:45:11.789 &amp#27;[32m INFO&amp#27;[m &amp#27;[35m[@503 - main]&amp#27;[m &amp#27;[36mcom.shaft.tools.io.ReportManager&amp#27;[m : File Action "DoesFileExist" successfully performed. With the following test data "File Path: "SteeringCompanyAPI_TestData/SteeringCompanyAPI_TestData.xlsx"".
2023-01-22 15:45:11.811 &amp#27;[32m INFO&amp#27;[m &amp#27;[35m[@503 - main]&amp#27;[m &amp#27;[36mcom.shaft.tools.io.ReportManager&amp#27;[m : Successfully created attachment "Test Data - Excel"
2023-01-22 15:45:11.811 &amp#27;[32m INFO&amp#27;[m &amp#27;[35m[@503 - main]&amp#27;[m &amp#27;[36mcom.shaft.tools.io.ReportManager&amp#27;[m : File Action "DoesFileExist" successfully performed. With the following test data "File Path: "SteeringCompanyAPI_TestData/SteeringCompanyAPI_TestData.xlsx"".
2023-01-22 15:45:11.833 &amp#27;[32m INFO&amp#27;[m &amp#27;[35m[@503 - main]&amp#27;[m &amp#27;[36mcom.shaft.tools.io.ReportManager&amp#27;[m : Successfully created attachment "Test Data - Excel"
2023-01-22 15:45:12.353 &amp#27;[32m INFO&amp#27;[m &amp#27;[35m[@503 - main]&amp#27;[m &amp#27;[36mcom.shaft.tools.io.ReportManager&amp#27;[m : Response status code: "422", status line: "HTTP/1.1 422 "
2023-01-22 15:45:12.365 &amp#27;[32m INFO&amp#27;[m &amp#27;[35m[@503 - main]&amp#27;[m &amp#27;[36mcom.shaft.tools.io.ReportManager&amp#27;[m : Successfully created attachment "API Request - Specifications"
2023-01-22 15:45:12.368 &amp#27;[32m INFO&amp#27;[m &amp#27;[35m[@503 - main]&amp#27;[m &amp#27;[36mcom.shaft.tools.io.ReportManager&amp#27;[m : Successfully created attachment "API Request - JSON Body"
2023-01-22 15:45:12.369 &amp#27;[32m INFO&amp#27;[m &amp#27;[35m[@503 - main]&amp#27;[m &amp#27;[36mcom.shaft.tools.io.ReportManager&amp#27;[m : Successfully created attachment "API Response - JSON Body"
2023-01-22 15:45:12.370 &amp#27;[32m INFO&amp#27;[m &amp#27;[35m[@503 - main]&amp#27;[m &amp#27;[36mcom.shaft.tools.io.ReportManager&amp#27;[m : File Action "DoesFileExist" successfully performed. With the following test data "File Path: "Schemas/ValidationError_schema.json"".
2023-01-22 15:45:12.370 &amp#27;[32m INFO&amp#27;[m &amp#27;[35m[@503 - main]&amp#27;[m &amp#27;[36mcom.shaft.tools.io.ReportManager&amp#27;[m : File Action "DoesFileExist" successfully performed. With the following test data "File Path: "src/test/resources/testDataFiles/Schemas/ValidationError_schema.json"".
2023-01-22 15:45:12.370 &amp#27;[32m INFO&amp#27;[m &amp#27;[35m[@503 - main]&amp#27;[m &amp#27;[36mcom.shaft.tools.io.ReportManager&amp#27;[m : File Action "GetAbsolutePath" successfully performed. With the following test data "Relative Folder Path: "src/test/resources/testDataFiles/Schemas/ValidationError_schema.json"".
2023-01-22 15:45:12.372 &amp#27;[32m INFO&amp#27;[m &amp#27;[35m[@503 - main]&amp#27;[m &amp#27;[36mcom.shaft.tools.io.ReportManager&amp#27;[m : File Action "DoesFileExist" successfully performed. With the following test data "File Path: "C:\eclipse-workspace\MyProjects\TASystemsAPIs\src\test\resources\testDataFiles\Schemas\ValidationError_schema.json"".
2023-01-22 15:45:12.372 &amp#27;[32m INFO&amp#27;[m &amp#27;[35m[@503 - main]&amp#27;[m &amp#27;[36mcom.shaft.tools.io.ReportManager&amp#27;[m : File Action "GetAbsolutePath" successfully performed. With the following test data "Relative Folder Path: "C:\eclipse-workspace\MyProjects\TASystemsAPIs\src\test\resources\testDataFiles\Schemas\ValidationError_schema.json"".
2023-01-22 15:45:12.372 &amp#27;[32m INFO&amp#27;[m &amp#27;[35m[@503 - main]&amp#27;[m &amp#27;[36mcom.shaft.tools.io.ReportManager&amp#27;[m : File Action "ReadFile" successfully performed. With the following test data "File Path: "C:\eclipse-workspace\MyProjects\TASystemsAPIs\src\test\resources\testDataFiles\Schemas\ValidationError_schema.json"".
2023-01-22 15:45:12.373 &amp#27;[32m INFO&amp#27;[m &amp#27;[35m[@503 - main]&amp#27;[m &amp#27;[36mcom.shaft.tools.io.ReportManager&amp#27;[m : Successfully created attachment "Validation Test Data - Expected JSON Value"
2023-01-22 15:45:12.375 &amp#27;[32m INFO&amp#27;[m &amp#27;[35m[@503 - main]&amp#27;[m &amp#27;[36mcom.shaft.tools.io.ReportManager&amp#27;[m : Successfully created attachment "Validation Test Data - Actual JSON Value"
2023-01-22 15:45:12.377 &amp#27;[32m INFO&amp#27;[m &amp#27;[35m[@503 - main]&amp#27;[m &amp#27;[36mcom.shaft.tools.io.ReportManager&amp#27;[m : Successfully created attachment "SHAFT Engine Logs - Current Method log: Update_Policy_With_InValid_data_TC"
]]></system-out>
  </testcase>
  <testcase name="Update_Policy_With_InValid_data_TC[[Ljava.lang.Object;@7b6dee80](27)" classname="SteeringCompanyAPI_TestCases.Test_Policies_Cases" time="1.63">
    <system-out><![CDATA[2023-01-22 15:45:12.379 &amp#27;[32m INFO&amp#27;[m &amp#27;[35m[@534 - main]&amp#27;[m &amp#27;[36mcom.shaft.tools.io.ReportManager&amp#27;[m : 
################################################################################################################################################
Starting Execution:	"215 out of 70" test cases in the current suite
Test Method:		"SteeringCompanyAPI_TestCases.Test_Policies_Cases.Update_Policy_With_InValid_data_TC"
Test Description:	"TC053 -Policy- Perform Update Policy with InValid data"
################################################################################################################################################
2023-01-22 15:45:12.379 &amp#27;[32m INFO&amp#27;[m &amp#27;[35m[@503 - main]&amp#27;[m &amp#27;[36mcom.shaft.tools.io.ReportManager&amp#27;[m : File Action "DoesFileExist" successfully performed. With the following test data "File Path: "SteeringCompanyAPI_TestData/SteeringCompanyAPI_TestData.xlsx"".
2023-01-22 15:45:12.409 &amp#27;[32m INFO&amp#27;[m &amp#27;[35m[@503 - main]&amp#27;[m &amp#27;[36mcom.shaft.tools.io.ReportManager&amp#27;[m : Successfully created attachment "Test Data - Excel"
2023-01-22 15:45:13.020 &amp#27;[32m INFO&amp#27;[m &amp#27;[35m[@503 - main]&amp#27;[m &amp#27;[36mcom.shaft.tools.io.ReportManager&amp#27;[m : Response status code: "200", status line: "HTTP/1.1 200 OK"
2023-01-22 15:45:13.050 &amp#27;[32m INFO&amp#27;[m &amp#27;[35m[@503 - main]&amp#27;[m &amp#27;[36mcom.shaft.tools.io.ReportManager&amp#27;[m : Successfully created attachment "API Request - Specifications"
2023-01-22 15:45:13.052 &amp#27;[32m INFO&amp#27;[m &amp#27;[35m[@503 - main]&amp#27;[m &amp#27;[36mcom.shaft.tools.io.ReportManager&amp#27;[m : Successfully created attachment "API Request - Body"
2023-01-22 15:45:13.056 &amp#27;[32m INFO&amp#27;[m &amp#27;[35m[@503 - main]&amp#27;[m &amp#27;[36mcom.shaft.tools.io.ReportManager&amp#27;[m : Successfully created attachment "API Response - JSON Body"
2023-01-22 15:45:13.080 &amp#27;[32m INFO&amp#27;[m &amp#27;[35m[@503 - main]&amp#27;[m &amp#27;[36mcom.shaft.tools.io.ReportManager&amp#27;[m : File Action "DoesFileExist" successfully performed. With the following test data "File Path: "SteeringCompanyAPI_TestData/SteeringCompanyAPI_TestData.xlsx"".
2023-01-22 15:45:13.266 &amp#27;[32m INFO&amp#27;[m &amp#27;[35m[@503 - main]&amp#27;[m &amp#27;[36mcom.shaft.tools.io.ReportManager&amp#27;[m : Successfully created attachment "Test Data - Excel"
2023-01-22 15:45:13.267 &amp#27;[32m INFO&amp#27;[m &amp#27;[35m[@503 - main]&amp#27;[m &amp#27;[36mcom.shaft.tools.io.ReportManager&amp#27;[m : File Action "DoesFileExist" successfully performed. With the following test data "File Path: "SteeringCompanyAPI_TestData/SteeringCompanyAPI_TestData.xlsx"".
2023-01-22 15:45:13.407 &amp#27;[32m INFO&amp#27;[m &amp#27;[35m[@503 - main]&amp#27;[m &amp#27;[36mcom.shaft.tools.io.ReportManager&amp#27;[m : Successfully created attachment "Test Data - Excel"
2023-01-22 15:45:13.408 &amp#27;[32m INFO&amp#27;[m &amp#27;[35m[@503 - main]&amp#27;[m &amp#27;[36mcom.shaft.tools.io.ReportManager&amp#27;[m : File Action "DoesFileExist" successfully performed. With the following test data "File Path: "SteeringCompanyAPI_TestData/SteeringCompanyAPI_TestData.xlsx"".
2023-01-22 15:45:13.496 &amp#27;[32m INFO&amp#27;[m &amp#27;[35m[@503 - main]&amp#27;[m &amp#27;[36mcom.shaft.tools.io.ReportManager&amp#27;[m : Successfully created attachment "Test Data - Excel"
2023-01-22 15:45:13.980 &amp#27;[32m INFO&amp#27;[m &amp#27;[35m[@503 - main]&amp#27;[m &amp#27;[36mcom.shaft.tools.io.ReportManager&amp#27;[m : Response status code: "422", status line: "HTTP/1.1 422 "
2023-01-22 15:45:13.994 &amp#27;[32m INFO&amp#27;[m &amp#27;[35m[@503 - main]&amp#27;[m &amp#27;[36mcom.shaft.tools.io.ReportManager&amp#27;[m : Successfully created attachment "API Request - Specifications"
2023-01-22 15:45:13.997 &amp#27;[32m INFO&amp#27;[m &amp#27;[35m[@503 - main]&amp#27;[m &amp#27;[36mcom.shaft.tools.io.ReportManager&amp#27;[m : Successfully created attachment "API Request - JSON Body"
2023-01-22 15:45:13.998 &amp#27;[32m INFO&amp#27;[m &amp#27;[35m[@503 - main]&amp#27;[m &amp#27;[36mcom.shaft.tools.io.ReportManager&amp#27;[m : Successfully created attachment "API Response - JSON Body"
2023-01-22 15:45:13.999 &amp#27;[32m INFO&amp#27;[m &amp#27;[35m[@503 - main]&amp#27;[m &amp#27;[36mcom.shaft.tools.io.ReportManager&amp#27;[m : File Action "DoesFileExist" successfully performed. With the following test data "File Path: "Schemas/ValidationError_schema.json"".
2023-01-22 15:45:14.000 &amp#27;[32m INFO&amp#27;[m &amp#27;[35m[@503 - main]&amp#27;[m &amp#27;[36mcom.shaft.tools.io.ReportManager&amp#27;[m : File Action "DoesFileExist" successfully performed. With the following test data "File Path: "src/test/resources/testDataFiles/Schemas/ValidationError_schema.json"".
2023-01-22 15:45:14.000 &amp#27;[32m INFO&amp#27;[m &amp#27;[35m[@503 - main]&amp#27;[m &amp#27;[36mcom.shaft.tools.io.ReportManager&amp#27;[m : File Action "GetAbsolutePath" successfully performed. With the following test data "Relative Folder Path: "src/test/resources/testDataFiles/Schemas/ValidationError_schema.json"".
2023-01-22 15:45:14.002 &amp#27;[32m INFO&amp#27;[m &amp#27;[35m[@503 - main]&amp#27;[m &amp#27;[36mcom.shaft.tools.io.ReportManager&amp#27;[m : File Action "DoesFileExist" successfully performed. With the following test data "File Path: "C:\eclipse-workspace\MyProjects\TASystemsAPIs\src\test\resources\testDataFiles\Schemas\ValidationError_schema.json"".
2023-01-22 15:45:14.003 &amp#27;[32m INFO&amp#27;[m &amp#27;[35m[@503 - main]&amp#27;[m &amp#27;[36mcom.shaft.tools.io.ReportManager&amp#27;[m : File Action "GetAbsolutePath" successfully performed. With the following test data "Relative Folder Path: "C:\eclipse-workspace\MyProjects\TASystemsAPIs\src\test\resources\testDataFiles\Schemas\ValidationError_schema.json"".
2023-01-22 15:45:14.003 &amp#27;[32m INFO&amp#27;[m &amp#27;[35m[@503 - main]&amp#27;[m &amp#27;[36mcom.shaft.tools.io.ReportManager&amp#27;[m : File Action "ReadFile" successfully performed. With the following test data "File Path: "C:\eclipse-workspace\MyProjects\TASystemsAPIs\src\test\resources\testDataFiles\Schemas\ValidationError_schema.json"".
2023-01-22 15:45:14.004 &amp#27;[32m INFO&amp#27;[m &amp#27;[35m[@503 - main]&amp#27;[m &amp#27;[36mcom.shaft.tools.io.ReportManager&amp#27;[m : Successfully created attachment "Validation Test Data - Expected JSON Value"
2023-01-22 15:45:14.005 &amp#27;[32m INFO&amp#27;[m &amp#27;[35m[@503 - main]&amp#27;[m &amp#27;[36mcom.shaft.tools.io.ReportManager&amp#27;[m : Successfully created attachment "Validation Test Data - Actual JSON Value"
2023-01-22 15:45:14.006 &amp#27;[32m INFO&amp#27;[m &amp#27;[35m[@503 - main]&amp#27;[m &amp#27;[36mcom.shaft.tools.io.ReportManager&amp#27;[m : Successfully created attachment "SHAFT Engine Logs - Current Method log: Update_Policy_With_InValid_data_TC"
]]></system-out>
  </testcase>
  <testcase name="Update_Policy_With_InValid_data_TC[[Ljava.lang.Object;@3f9b2f0a](28)" classname="SteeringCompanyAPI_TestCases.Test_Policies_Cases" time="1.201">
    <system-out><![CDATA[2023-01-22 15:45:14.009 &amp#27;[32m INFO&amp#27;[m &amp#27;[35m[@534 - main]&amp#27;[m &amp#27;[36mcom.shaft.tools.io.ReportManager&amp#27;[m : 
################################################################################################################################################
Starting Execution:	"216 out of 70" test cases in the current suite
Test Method:		"SteeringCompanyAPI_TestCases.Test_Policies_Cases.Update_Policy_With_InValid_data_TC"
Test Description:	"TC053 -Policy- Perform Update Policy with InValid data"
################################################################################################################################################
2023-01-22 15:45:14.010 &amp#27;[32m INFO&amp#27;[m &amp#27;[35m[@503 - main]&amp#27;[m &amp#27;[36mcom.shaft.tools.io.ReportManager&amp#27;[m : File Action "DoesFileExist" successfully performed. With the following test data "File Path: "SteeringCompanyAPI_TestData/SteeringCompanyAPI_TestData.xlsx"".
2023-01-22 15:45:14.051 &amp#27;[32m INFO&amp#27;[m &amp#27;[35m[@503 - main]&amp#27;[m &amp#27;[36mcom.shaft.tools.io.ReportManager&amp#27;[m : Successfully created attachment "Test Data - Excel"
2023-01-22 15:45:14.636 &amp#27;[32m INFO&amp#27;[m &amp#27;[35m[@503 - main]&amp#27;[m &amp#27;[36mcom.shaft.tools.io.ReportManager&amp#27;[m : Response status code: "200", status line: "HTTP/1.1 200 OK"
2023-01-22 15:45:14.649 &amp#27;[32m INFO&amp#27;[m &amp#27;[35m[@503 - main]&amp#27;[m &amp#27;[36mcom.shaft.tools.io.ReportManager&amp#27;[m : Successfully created attachment "API Request - Specifications"
2023-01-22 15:45:14.650 &amp#27;[32m INFO&amp#27;[m &amp#27;[35m[@503 - main]&amp#27;[m &amp#27;[36mcom.shaft.tools.io.ReportManager&amp#27;[m : Successfully created attachment "API Request - Body"
2023-01-22 15:45:14.650 &amp#27;[32m INFO&amp#27;[m &amp#27;[35m[@503 - main]&amp#27;[m &amp#27;[36mcom.shaft.tools.io.ReportManager&amp#27;[m : Successfully created attachment "API Response - JSON Body"
2023-01-22 15:45:14.659 &amp#27;[32m INFO&amp#27;[m &amp#27;[35m[@503 - main]&amp#27;[m &amp#27;[36mcom.shaft.tools.io.ReportManager&amp#27;[m : File Action "DoesFileExist" successfully performed. With the following test data "File Path: "SteeringCompanyAPI_TestData/SteeringCompanyAPI_TestData.xlsx"".
2023-01-22 15:45:14.679 &amp#27;[32m INFO&amp#27;[m &amp#27;[35m[@503 - main]&amp#27;[m &amp#27;[36mcom.shaft.tools.io.ReportManager&amp#27;[m : Successfully created attachment "Test Data - Excel"
2023-01-22 15:45:14.680 &amp#27;[32m INFO&amp#27;[m &amp#27;[35m[@503 - main]&amp#27;[m &amp#27;[36mcom.shaft.tools.io.ReportManager&amp#27;[m : File Action "DoesFileExist" successfully performed. With the following test data "File Path: "SteeringCompanyAPI_TestData/SteeringCompanyAPI_TestData.xlsx"".
2023-01-22 15:45:14.704 &amp#27;[32m INFO&amp#27;[m &amp#27;[35m[@503 - main]&amp#27;[m &amp#27;[36mcom.shaft.tools.io.ReportManager&amp#27;[m : Successfully created attachment "Test Data - Excel"
2023-01-22 15:45:14.705 &amp#27;[32m INFO&amp#27;[m &amp#27;[35m[@503 - main]&amp#27;[m &amp#27;[36mcom.shaft.tools.io.ReportManager&amp#27;[m : File Action "DoesFileExist" successfully performed. With the following test data "File Path: "SteeringCompanyAPI_TestData/SteeringCompanyAPI_TestData.xlsx"".
2023-01-22 15:45:14.727 &amp#27;[32m INFO&amp#27;[m &amp#27;[35m[@503 - main]&amp#27;[m &amp#27;[36mcom.shaft.tools.io.ReportManager&amp#27;[m : Successfully created attachment "Test Data - Excel"
2023-01-22 15:45:15.186 &amp#27;[32m INFO&amp#27;[m &amp#27;[35m[@503 - main]&amp#27;[m &amp#27;[36mcom.shaft.tools.io.ReportManager&amp#27;[m : Response status code: "422", status line: "HTTP/1.1 422 "
2023-01-22 15:45:15.196 &amp#27;[32m INFO&amp#27;[m &amp#27;[35m[@503 - main]&amp#27;[m &amp#27;[36mcom.shaft.tools.io.ReportManager&amp#27;[m : Successfully created attachment "API Request - Specifications"
2023-01-22 15:45:15.197 &amp#27;[32m INFO&amp#27;[m &amp#27;[35m[@503 - main]&amp#27;[m &amp#27;[36mcom.shaft.tools.io.ReportManager&amp#27;[m : Successfully created attachment "API Request - JSON Body"
2023-01-22 15:45:15.200 &amp#27;[32m INFO&amp#27;[m &amp#27;[35m[@503 - main]&amp#27;[m &amp#27;[36mcom.shaft.tools.io.ReportManager&amp#27;[m : Successfully created attachment "API Response - JSON Body"
2023-01-22 15:45:15.201 &amp#27;[32m INFO&amp#27;[m &amp#27;[35m[@503 - main]&amp#27;[m &amp#27;[36mcom.shaft.tools.io.ReportManager&amp#27;[m : File Action "DoesFileExist" successfully performed. With the following test data "File Path: "Schemas/ValidationError_schema.json"".
2023-01-22 15:45:15.201 &amp#27;[32m INFO&amp#27;[m &amp#27;[35m[@503 - main]&amp#27;[m &amp#27;[36mcom.shaft.tools.io.ReportManager&amp#27;[m : File Action "DoesFileExist" successfully performed. With the following test data "File Path: "src/test/resources/testDataFiles/Schemas/ValidationError_schema.json"".
2023-01-22 15:45:15.201 &amp#27;[32m INFO&amp#27;[m &amp#27;[35m[@503 - main]&amp#27;[m &amp#27;[36mcom.shaft.tools.io.ReportManager&amp#27;[m : File Action "GetAbsolutePath" successfully performed. With the following test data "Relative Folder Path: "src/test/resources/testDataFiles/Schemas/ValidationError_schema.json"".
2023-01-22 15:45:15.203 &amp#27;[32m INFO&amp#27;[m &amp#27;[35m[@503 - main]&amp#27;[m &amp#27;[36mcom.shaft.tools.io.ReportManager&amp#27;[m : File Action "DoesFileExist" successfully performed. With the following test data "File Path: "C:\eclipse-workspace\MyProjects\TASystemsAPIs\src\test\resources\testDataFiles\Schemas\ValidationError_schema.json"".
2023-01-22 15:45:15.203 &amp#27;[32m INFO&amp#27;[m &amp#27;[35m[@503 - main]&amp#27;[m &amp#27;[36mcom.shaft.tools.io.ReportManager&amp#27;[m : File Action "GetAbsolutePath" successfully performed. With the following test data "Relative Folder Path: "C:\eclipse-workspace\MyProjects\TASystemsAPIs\src\test\resources\testDataFiles\Schemas\ValidationError_schema.json"".
2023-01-22 15:45:15.204 &amp#27;[32m INFO&amp#27;[m &amp#27;[35m[@503 - main]&amp#27;[m &amp#27;[36mcom.shaft.tools.io.ReportManager&amp#27;[m : File Action "ReadFile" successfully performed. With the following test data "File Path: "C:\eclipse-workspace\MyProjects\TASystemsAPIs\src\test\resources\testDataFiles\Schemas\ValidationError_schema.json"".
2023-01-22 15:45:15.205 &amp#27;[32m INFO&amp#27;[m &amp#27;[35m[@503 - main]&amp#27;[m &amp#27;[36mcom.shaft.tools.io.ReportManager&amp#27;[m : Successfully created attachment "Validation Test Data - Expected JSON Value"
2023-01-22 15:45:15.205 &amp#27;[32m INFO&amp#27;[m &amp#27;[35m[@503 - main]&amp#27;[m &amp#27;[36mcom.shaft.tools.io.ReportManager&amp#27;[m : Successfully created attachment "Validation Test Data - Actual JSON Value"
2023-01-22 15:45:15.207 &amp#27;[32m INFO&amp#27;[m &amp#27;[35m[@503 - main]&amp#27;[m &amp#27;[36mcom.shaft.tools.io.ReportManager&amp#27;[m : Successfully created attachment "SHAFT Engine Logs - Current Method log: Update_Policy_With_InValid_data_TC"
]]></system-out>
  </testcase>
  <testcase name="Update_Policy_With_InValid_data_TC[[Ljava.lang.Object;@6dcd08ce](29)" classname="SteeringCompanyAPI_TestCases.Test_Policies_Cases" time="1.186">
    <system-out><![CDATA[2023-01-22 15:45:15.210 &amp#27;[32m INFO&amp#27;[m &amp#27;[35m[@534 - main]&amp#27;[m &amp#27;[36mcom.shaft.tools.io.ReportManager&amp#27;[m : 
################################################################################################################################################
Starting Execution:	"217 out of 70" test cases in the current suite
Test Method:		"SteeringCompanyAPI_TestCases.Test_Policies_Cases.Update_Policy_With_InValid_data_TC"
Test Description:	"TC053 -Policy- Perform Update Policy with InValid data"
################################################################################################################################################
2023-01-22 15:45:15.210 &amp#27;[32m INFO&amp#27;[m &amp#27;[35m[@503 - main]&amp#27;[m &amp#27;[36mcom.shaft.tools.io.ReportManager&amp#27;[m : File Action "DoesFileExist" successfully performed. With the following test data "File Path: "SteeringCompanyAPI_TestData/SteeringCompanyAPI_TestData.xlsx"".
2023-01-22 15:45:15.236 &amp#27;[32m INFO&amp#27;[m &amp#27;[35m[@503 - main]&amp#27;[m &amp#27;[36mcom.shaft.tools.io.ReportManager&amp#27;[m : Successfully created attachment "Test Data - Excel"
2023-01-22 15:45:15.841 &amp#27;[32m INFO&amp#27;[m &amp#27;[35m[@503 - main]&amp#27;[m &amp#27;[36mcom.shaft.tools.io.ReportManager&amp#27;[m : Response status code: "200", status line: "HTTP/1.1 200 OK"
2023-01-22 15:45:15.851 &amp#27;[32m INFO&amp#27;[m &amp#27;[35m[@503 - main]&amp#27;[m &amp#27;[36mcom.shaft.tools.io.ReportManager&amp#27;[m : Successfully created attachment "API Request - Specifications"
2023-01-22 15:45:15.851 &amp#27;[32m INFO&amp#27;[m &amp#27;[35m[@503 - main]&amp#27;[m &amp#27;[36mcom.shaft.tools.io.ReportManager&amp#27;[m : Successfully created attachment "API Request - Body"
2023-01-22 15:45:15.852 &amp#27;[32m INFO&amp#27;[m &amp#27;[35m[@503 - main]&amp#27;[m &amp#27;[36mcom.shaft.tools.io.ReportManager&amp#27;[m : Successfully created attachment "API Response - JSON Body"
2023-01-22 15:45:15.863 &amp#27;[32m INFO&amp#27;[m &amp#27;[35m[@503 - main]&amp#27;[m &amp#27;[36mcom.shaft.tools.io.ReportManager&amp#27;[m : File Action "DoesFileExist" successfully performed. With the following test data "File Path: "SteeringCompanyAPI_TestData/SteeringCompanyAPI_TestData.xlsx"".
2023-01-22 15:45:15.881 &amp#27;[32m INFO&amp#27;[m &amp#27;[35m[@503 - main]&amp#27;[m &amp#27;[36mcom.shaft.tools.io.ReportManager&amp#27;[m : Successfully created attachment "Test Data - Excel"
2023-01-22 15:45:15.881 &amp#27;[32m INFO&amp#27;[m &amp#27;[35m[@503 - main]&amp#27;[m &amp#27;[36mcom.shaft.tools.io.ReportManager&amp#27;[m : File Action "DoesFileExist" successfully performed. With the following test data "File Path: "SteeringCompanyAPI_TestData/SteeringCompanyAPI_TestData.xlsx"".
2023-01-22 15:45:15.899 &amp#27;[32m INFO&amp#27;[m &amp#27;[35m[@503 - main]&amp#27;[m &amp#27;[36mcom.shaft.tools.io.ReportManager&amp#27;[m : Successfully created attachment "Test Data - Excel"
2023-01-22 15:45:15.899 &amp#27;[32m INFO&amp#27;[m &amp#27;[35m[@503 - main]&amp#27;[m &amp#27;[36mcom.shaft.tools.io.ReportManager&amp#27;[m : File Action "DoesFileExist" successfully performed. With the following test data "File Path: "SteeringCompanyAPI_TestData/SteeringCompanyAPI_TestData.xlsx"".
2023-01-22 15:45:15.922 &amp#27;[32m INFO&amp#27;[m &amp#27;[35m[@503 - main]&amp#27;[m &amp#27;[36mcom.shaft.tools.io.ReportManager&amp#27;[m : Successfully created attachment "Test Data - Excel"
2023-01-22 15:45:16.372 &amp#27;[32m INFO&amp#27;[m &amp#27;[35m[@503 - main]&amp#27;[m &amp#27;[36mcom.shaft.tools.io.ReportManager&amp#27;[m : Response status code: "422", status line: "HTTP/1.1 422 "
2023-01-22 15:45:16.380 &amp#27;[32m INFO&amp#27;[m &amp#27;[35m[@503 - main]&amp#27;[m &amp#27;[36mcom.shaft.tools.io.ReportManager&amp#27;[m : Successfully created attachment "API Request - Specifications"
2023-01-22 15:45:16.381 &amp#27;[32m INFO&amp#27;[m &amp#27;[35m[@503 - main]&amp#27;[m &amp#27;[36mcom.shaft.tools.io.ReportManager&amp#27;[m : Successfully created attachment "API Request - JSON Body"
2023-01-22 15:45:16.383 &amp#27;[32m INFO&amp#27;[m &amp#27;[35m[@503 - main]&amp#27;[m &amp#27;[36mcom.shaft.tools.io.ReportManager&amp#27;[m : Successfully created attachment "API Response - JSON Body"
2023-01-22 15:45:16.386 &amp#27;[32m INFO&amp#27;[m &amp#27;[35m[@503 - main]&amp#27;[m &amp#27;[36mcom.shaft.tools.io.ReportManager&amp#27;[m : File Action "DoesFileExist" successfully performed. With the following test data "File Path: "Schemas/ValidationError_schema.json"".
2023-01-22 15:45:16.386 &amp#27;[32m INFO&amp#27;[m &amp#27;[35m[@503 - main]&amp#27;[m &amp#27;[36mcom.shaft.tools.io.ReportManager&amp#27;[m : File Action "DoesFileExist" successfully performed. With the following test data "File Path: "src/test/resources/testDataFiles/Schemas/ValidationError_schema.json"".
2023-01-22 15:45:16.386 &amp#27;[32m INFO&amp#27;[m &amp#27;[35m[@503 - main]&amp#27;[m &amp#27;[36mcom.shaft.tools.io.ReportManager&amp#27;[m : File Action "GetAbsolutePath" successfully performed. With the following test data "Relative Folder Path: "src/test/resources/testDataFiles/Schemas/ValidationError_schema.json"".
2023-01-22 15:45:16.388 &amp#27;[32m INFO&amp#27;[m &amp#27;[35m[@503 - main]&amp#27;[m &amp#27;[36mcom.shaft.tools.io.ReportManager&amp#27;[m : File Action "DoesFileExist" successfully performed. With the following test data "File Path: "C:\eclipse-workspace\MyProjects\TASystemsAPIs\src\test\resources\testDataFiles\Schemas\ValidationError_schema.json"".
2023-01-22 15:45:16.388 &amp#27;[32m INFO&amp#27;[m &amp#27;[35m[@503 - main]&amp#27;[m &amp#27;[36mcom.shaft.tools.io.ReportManager&amp#27;[m : File Action "GetAbsolutePath" successfully performed. With the following test data "Relative Folder Path: "C:\eclipse-workspace\MyProjects\TASystemsAPIs\src\test\resources\testDataFiles\Schemas\ValidationError_schema.json"".
2023-01-22 15:45:16.388 &amp#27;[32m INFO&amp#27;[m &amp#27;[35m[@503 - main]&amp#27;[m &amp#27;[36mcom.shaft.tools.io.ReportManager&amp#27;[m : File Action "ReadFile" successfully performed. With the following test data "File Path: "C:\eclipse-workspace\MyProjects\TASystemsAPIs\src\test\resources\testDataFiles\Schemas\ValidationError_schema.json"".
2023-01-22 15:45:16.391 &amp#27;[32m INFO&amp#27;[m &amp#27;[35m[@503 - main]&amp#27;[m &amp#27;[36mcom.shaft.tools.io.ReportManager&amp#27;[m : Successfully created attachment "Validation Test Data - Expected JSON Value"
2023-01-22 15:45:16.392 &amp#27;[32m INFO&amp#27;[m &amp#27;[35m[@503 - main]&amp#27;[m &amp#27;[36mcom.shaft.tools.io.ReportManager&amp#27;[m : Successfully created attachment "Validation Test Data - Actual JSON Value"
2023-01-22 15:45:16.393 &amp#27;[32m INFO&amp#27;[m &amp#27;[35m[@503 - main]&amp#27;[m &amp#27;[36mcom.shaft.tools.io.ReportManager&amp#27;[m : Successfully created attachment "SHAFT Engine Logs - Current Method log: Update_Policy_With_InValid_data_TC"
]]></system-out>
  </testcase>
  <testcase name="Update_Policy_With_InValid_data_TC[[Ljava.lang.Object;@3fad743b](30)" classname="SteeringCompanyAPI_TestCases.Test_Policies_Cases" time="1.2">
    <system-out><![CDATA[2023-01-22 15:45:16.396 &amp#27;[32m INFO&amp#27;[m &amp#27;[35m[@534 - main]&amp#27;[m &amp#27;[36mcom.shaft.tools.io.ReportManager&amp#27;[m : 
################################################################################################################################################
Starting Execution:	"218 out of 70" test cases in the current suite
Test Method:		"SteeringCompanyAPI_TestCases.Test_Policies_Cases.Update_Policy_With_InValid_data_TC"
Test Description:	"TC053 -Policy- Perform Update Policy with InValid data"
################################################################################################################################################
2023-01-22 15:45:16.396 &amp#27;[32m INFO&amp#27;[m &amp#27;[35m[@503 - main]&amp#27;[m &amp#27;[36mcom.shaft.tools.io.ReportManager&amp#27;[m : File Action "DoesFileExist" successfully performed. With the following test data "File Path: "SteeringCompanyAPI_TestData/SteeringCompanyAPI_TestData.xlsx"".
2023-01-22 15:45:16.420 &amp#27;[32m INFO&amp#27;[m &amp#27;[35m[@503 - main]&amp#27;[m &amp#27;[36mcom.shaft.tools.io.ReportManager&amp#27;[m : Successfully created attachment "Test Data - Excel"
2023-01-22 15:45:17.011 &amp#27;[32m INFO&amp#27;[m &amp#27;[35m[@503 - main]&amp#27;[m &amp#27;[36mcom.shaft.tools.io.ReportManager&amp#27;[m : Response status code: "200", status line: "HTTP/1.1 200 OK"
2023-01-22 15:45:17.020 &amp#27;[32m INFO&amp#27;[m &amp#27;[35m[@503 - main]&amp#27;[m &amp#27;[36mcom.shaft.tools.io.ReportManager&amp#27;[m : Successfully created attachment "API Request - Specifications"
2023-01-22 15:45:17.021 &amp#27;[32m INFO&amp#27;[m &amp#27;[35m[@503 - main]&amp#27;[m &amp#27;[36mcom.shaft.tools.io.ReportManager&amp#27;[m : Successfully created attachment "API Request - Body"
2023-01-22 15:45:17.021 &amp#27;[32m INFO&amp#27;[m &amp#27;[35m[@503 - main]&amp#27;[m &amp#27;[36mcom.shaft.tools.io.ReportManager&amp#27;[m : Successfully created attachment "API Response - JSON Body"
2023-01-22 15:45:17.027 &amp#27;[32m INFO&amp#27;[m &amp#27;[35m[@503 - main]&amp#27;[m &amp#27;[36mcom.shaft.tools.io.ReportManager&amp#27;[m : File Action "DoesFileExist" successfully performed. With the following test data "File Path: "SteeringCompanyAPI_TestData/SteeringCompanyAPI_TestData.xlsx"".
2023-01-22 15:45:17.047 &amp#27;[32m INFO&amp#27;[m &amp#27;[35m[@503 - main]&amp#27;[m &amp#27;[36mcom.shaft.tools.io.ReportManager&amp#27;[m : Successfully created attachment "Test Data - Excel"
2023-01-22 15:45:17.048 &amp#27;[32m INFO&amp#27;[m &amp#27;[35m[@503 - main]&amp#27;[m &amp#27;[36mcom.shaft.tools.io.ReportManager&amp#27;[m : File Action "DoesFileExist" successfully performed. With the following test data "File Path: "SteeringCompanyAPI_TestData/SteeringCompanyAPI_TestData.xlsx"".
2023-01-22 15:45:17.068 &amp#27;[32m INFO&amp#27;[m &amp#27;[35m[@503 - main]&amp#27;[m &amp#27;[36mcom.shaft.tools.io.ReportManager&amp#27;[m : Successfully created attachment "Test Data - Excel"
2023-01-22 15:45:17.069 &amp#27;[32m INFO&amp#27;[m &amp#27;[35m[@503 - main]&amp#27;[m &amp#27;[36mcom.shaft.tools.io.ReportManager&amp#27;[m : File Action "DoesFileExist" successfully performed. With the following test data "File Path: "SteeringCompanyAPI_TestData/SteeringCompanyAPI_TestData.xlsx"".
2023-01-22 15:45:17.088 &amp#27;[32m INFO&amp#27;[m &amp#27;[35m[@503 - main]&amp#27;[m &amp#27;[36mcom.shaft.tools.io.ReportManager&amp#27;[m : Successfully created attachment "Test Data - Excel"
2023-01-22 15:45:17.550 &amp#27;[32m INFO&amp#27;[m &amp#27;[35m[@503 - main]&amp#27;[m &amp#27;[36mcom.shaft.tools.io.ReportManager&amp#27;[m : Response status code: "422", status line: "HTTP/1.1 422 "
2023-01-22 15:45:17.569 &amp#27;[32m INFO&amp#27;[m &amp#27;[35m[@503 - main]&amp#27;[m &amp#27;[36mcom.shaft.tools.io.ReportManager&amp#27;[m : Successfully created attachment "API Request - Specifications"
2023-01-22 15:45:17.571 &amp#27;[32m INFO&amp#27;[m &amp#27;[35m[@503 - main]&amp#27;[m &amp#27;[36mcom.shaft.tools.io.ReportManager&amp#27;[m : Successfully created attachment "API Request - JSON Body"
2023-01-22 15:45:17.575 &amp#27;[32m INFO&amp#27;[m &amp#27;[35m[@503 - main]&amp#27;[m &amp#27;[36mcom.shaft.tools.io.ReportManager&amp#27;[m : Successfully created attachment "API Response - JSON Body"
2023-01-22 15:45:17.577 &amp#27;[32m INFO&amp#27;[m &amp#27;[35m[@503 - main]&amp#27;[m &amp#27;[36mcom.shaft.tools.io.ReportManager&amp#27;[m : File Action "DoesFileExist" successfully performed. With the following test data "File Path: "Schemas/ValidationError_schema.json"".
2023-01-22 15:45:17.578 &amp#27;[32m INFO&amp#27;[m &amp#27;[35m[@503 - main]&amp#27;[m &amp#27;[36mcom.shaft.tools.io.ReportManager&amp#27;[m : File Action "DoesFileExist" successfully performed. With the following test data "File Path: "src/test/resources/testDataFiles/Schemas/ValidationError_schema.json"".
2023-01-22 15:45:17.578 &amp#27;[32m INFO&amp#27;[m &amp#27;[35m[@503 - main]&amp#27;[m &amp#27;[36mcom.shaft.tools.io.ReportManager&amp#27;[m : File Action "GetAbsolutePath" successfully performed. With the following test data "Relative Folder Path: "src/test/resources/testDataFiles/Schemas/ValidationError_schema.json"".
2023-01-22 15:45:17.583 &amp#27;[32m INFO&amp#27;[m &amp#27;[35m[@503 - main]&amp#27;[m &amp#27;[36mcom.shaft.tools.io.ReportManager&amp#27;[m : File Action "DoesFileExist" successfully performed. With the following test data "File Path: "C:\eclipse-workspace\MyProjects\TASystemsAPIs\src\test\resources\testDataFiles\Schemas\ValidationError_schema.json"".
2023-01-22 15:45:17.584 &amp#27;[32m INFO&amp#27;[m &amp#27;[35m[@503 - main]&amp#27;[m &amp#27;[36mcom.shaft.tools.io.ReportManager&amp#27;[m : File Action "GetAbsolutePath" successfully performed. With the following test data "Relative Folder Path: "C:\eclipse-workspace\MyProjects\TASystemsAPIs\src\test\resources\testDataFiles\Schemas\ValidationError_schema.json"".
2023-01-22 15:45:17.584 &amp#27;[32m INFO&amp#27;[m &amp#27;[35m[@503 - main]&amp#27;[m &amp#27;[36mcom.shaft.tools.io.ReportManager&amp#27;[m : File Action "ReadFile" successfully performed. With the following test data "File Path: "C:\eclipse-workspace\MyProjects\TASystemsAPIs\src\test\resources\testDataFiles\Schemas\ValidationError_schema.json"".
2023-01-22 15:45:17.587 &amp#27;[32m INFO&amp#27;[m &amp#27;[35m[@503 - main]&amp#27;[m &amp#27;[36mcom.shaft.tools.io.ReportManager&amp#27;[m : Successfully created attachment "Validation Test Data - Expected JSON Value"
2023-01-22 15:45:17.589 &amp#27;[32m INFO&amp#27;[m &amp#27;[35m[@503 - main]&amp#27;[m &amp#27;[36mcom.shaft.tools.io.ReportManager&amp#27;[m : Successfully created attachment "Validation Test Data - Actual JSON Value"
2023-01-22 15:45:17.591 &amp#27;[32m INFO&amp#27;[m &amp#27;[35m[@503 - main]&amp#27;[m &amp#27;[36mcom.shaft.tools.io.ReportManager&amp#27;[m : Successfully created attachment "SHAFT Engine Logs - Current Method log: Update_Policy_With_InValid_data_TC"
]]></system-out>
  </testcase>
  <testcase name="Update_Policy_With_InValid_data_TC[[Ljava.lang.Object;@5d386670](31)" classname="SteeringCompanyAPI_TestCases.Test_Policies_Cases" time="1.338">
    <system-out><![CDATA[2023-01-22 15:45:17.597 &amp#27;[32m INFO&amp#27;[m &amp#27;[35m[@534 - main]&amp#27;[m &amp#27;[36mcom.shaft.tools.io.ReportManager&amp#27;[m : 
################################################################################################################################################
Starting Execution:	"219 out of 70" test cases in the current suite
Test Method:		"SteeringCompanyAPI_TestCases.Test_Policies_Cases.Update_Policy_With_InValid_data_TC"
Test Description:	"TC053 -Policy- Perform Update Policy with InValid data"
################################################################################################################################################
2023-01-22 15:45:17.598 &amp#27;[32m INFO&amp#27;[m &amp#27;[35m[@503 - main]&amp#27;[m &amp#27;[36mcom.shaft.tools.io.ReportManager&amp#27;[m : File Action "DoesFileExist" successfully performed. With the following test data "File Path: "SteeringCompanyAPI_TestData/SteeringCompanyAPI_TestData.xlsx"".
2023-01-22 15:45:17.665 &amp#27;[32m INFO&amp#27;[m &amp#27;[35m[@503 - main]&amp#27;[m &amp#27;[36mcom.shaft.tools.io.ReportManager&amp#27;[m : Successfully created attachment "Test Data - Excel"
2023-01-22 15:45:18.242 &amp#27;[32m INFO&amp#27;[m &amp#27;[35m[@503 - main]&amp#27;[m &amp#27;[36mcom.shaft.tools.io.ReportManager&amp#27;[m : Response status code: "200", status line: "HTTP/1.1 200 OK"
2023-01-22 15:45:18.269 &amp#27;[32m INFO&amp#27;[m &amp#27;[35m[@503 - main]&amp#27;[m &amp#27;[36mcom.shaft.tools.io.ReportManager&amp#27;[m : Successfully created attachment "API Request - Specifications"
2023-01-22 15:45:18.270 &amp#27;[32m INFO&amp#27;[m &amp#27;[35m[@503 - main]&amp#27;[m &amp#27;[36mcom.shaft.tools.io.ReportManager&amp#27;[m : Successfully created attachment "API Request - Body"
2023-01-22 15:45:18.272 &amp#27;[32m INFO&amp#27;[m &amp#27;[35m[@503 - main]&amp#27;[m &amp#27;[36mcom.shaft.tools.io.ReportManager&amp#27;[m : Successfully created attachment "API Response - JSON Body"
2023-01-22 15:45:18.295 &amp#27;[32m INFO&amp#27;[m &amp#27;[35m[@503 - main]&amp#27;[m &amp#27;[36mcom.shaft.tools.io.ReportManager&amp#27;[m : File Action "DoesFileExist" successfully performed. With the following test data "File Path: "SteeringCompanyAPI_TestData/SteeringCompanyAPI_TestData.xlsx"".
2023-01-22 15:45:18.345 &amp#27;[32m INFO&amp#27;[m &amp#27;[35m[@503 - main]&amp#27;[m &amp#27;[36mcom.shaft.tools.io.ReportManager&amp#27;[m : Successfully created attachment "Test Data - Excel"
2023-01-22 15:45:18.345 &amp#27;[32m INFO&amp#27;[m &amp#27;[35m[@503 - main]&amp#27;[m &amp#27;[36mcom.shaft.tools.io.ReportManager&amp#27;[m : File Action "DoesFileExist" successfully performed. With the following test data "File Path: "SteeringCompanyAPI_TestData/SteeringCompanyAPI_TestData.xlsx"".
2023-01-22 15:45:18.384 &amp#27;[32m INFO&amp#27;[m &amp#27;[35m[@503 - main]&amp#27;[m &amp#27;[36mcom.shaft.tools.io.ReportManager&amp#27;[m : Successfully created attachment "Test Data - Excel"
2023-01-22 15:45:18.384 &amp#27;[32m INFO&amp#27;[m &amp#27;[35m[@503 - main]&amp#27;[m &amp#27;[36mcom.shaft.tools.io.ReportManager&amp#27;[m : File Action "DoesFileExist" successfully performed. With the following test data "File Path: "SteeringCompanyAPI_TestData/SteeringCompanyAPI_TestData.xlsx"".
2023-01-22 15:45:18.423 &amp#27;[32m INFO&amp#27;[m &amp#27;[35m[@503 - main]&amp#27;[m &amp#27;[36mcom.shaft.tools.io.ReportManager&amp#27;[m : Successfully created attachment "Test Data - Excel"
2023-01-22 15:45:18.890 &amp#27;[32m INFO&amp#27;[m &amp#27;[35m[@503 - main]&amp#27;[m &amp#27;[36mcom.shaft.tools.io.ReportManager&amp#27;[m : Response status code: "422", status line: "HTTP/1.1 422 "
2023-01-22 15:45:18.910 &amp#27;[32m INFO&amp#27;[m &amp#27;[35m[@503 - main]&amp#27;[m &amp#27;[36mcom.shaft.tools.io.ReportManager&amp#27;[m : Successfully created attachment "API Request - Specifications"
2023-01-22 15:45:18.911 &amp#27;[32m INFO&amp#27;[m &amp#27;[35m[@503 - main]&amp#27;[m &amp#27;[36mcom.shaft.tools.io.ReportManager&amp#27;[m : Successfully created attachment "API Request - JSON Body"
2023-01-22 15:45:18.913 &amp#27;[32m INFO&amp#27;[m &amp#27;[35m[@503 - main]&amp#27;[m &amp#27;[36mcom.shaft.tools.io.ReportManager&amp#27;[m : Successfully created attachment "API Response - JSON Body"
2023-01-22 15:45:18.915 &amp#27;[32m INFO&amp#27;[m &amp#27;[35m[@503 - main]&amp#27;[m &amp#27;[36mcom.shaft.tools.io.ReportManager&amp#27;[m : File Action "DoesFileExist" successfully performed. With the following test data "File Path: "Schemas/ValidationError_schema.json"".
2023-01-22 15:45:18.915 &amp#27;[32m INFO&amp#27;[m &amp#27;[35m[@503 - main]&amp#27;[m &amp#27;[36mcom.shaft.tools.io.ReportManager&amp#27;[m : File Action "DoesFileExist" successfully performed. With the following test data "File Path: "src/test/resources/testDataFiles/Schemas/ValidationError_schema.json"".
2023-01-22 15:45:18.916 &amp#27;[32m INFO&amp#27;[m &amp#27;[35m[@503 - main]&amp#27;[m &amp#27;[36mcom.shaft.tools.io.ReportManager&amp#27;[m : File Action "GetAbsolutePath" successfully performed. With the following test data "Relative Folder Path: "src/test/resources/testDataFiles/Schemas/ValidationError_schema.json"".
2023-01-22 15:45:18.920 &amp#27;[32m INFO&amp#27;[m &amp#27;[35m[@503 - main]&amp#27;[m &amp#27;[36mcom.shaft.tools.io.ReportManager&amp#27;[m : File Action "DoesFileExist" successfully performed. With the following test data "File Path: "C:\eclipse-workspace\MyProjects\TASystemsAPIs\src\test\resources\testDataFiles\Schemas\ValidationError_schema.json"".
2023-01-22 15:45:18.921 &amp#27;[32m INFO&amp#27;[m &amp#27;[35m[@503 - main]&amp#27;[m &amp#27;[36mcom.shaft.tools.io.ReportManager&amp#27;[m : File Action "GetAbsolutePath" successfully performed. With the following test data "Relative Folder Path: "C:\eclipse-workspace\MyProjects\TASystemsAPIs\src\test\resources\testDataFiles\Schemas\ValidationError_schema.json"".
2023-01-22 15:45:18.921 &amp#27;[32m INFO&amp#27;[m &amp#27;[35m[@503 - main]&amp#27;[m &amp#27;[36mcom.shaft.tools.io.ReportManager&amp#27;[m : File Action "ReadFile" successfully performed. With the following test data "File Path: "C:\eclipse-workspace\MyProjects\TASystemsAPIs\src\test\resources\testDataFiles\Schemas\ValidationError_schema.json"".
2023-01-22 15:45:18.924 &amp#27;[32m INFO&amp#27;[m &amp#27;[35m[@503 - main]&amp#27;[m &amp#27;[36mcom.shaft.tools.io.ReportManager&amp#27;[m : Successfully created attachment "Validation Test Data - Expected JSON Value"
2023-01-22 15:45:18.927 &amp#27;[32m INFO&amp#27;[m &amp#27;[35m[@503 - main]&amp#27;[m &amp#27;[36mcom.shaft.tools.io.ReportManager&amp#27;[m : Successfully created attachment "Validation Test Data - Actual JSON Value"
2023-01-22 15:45:18.929 &amp#27;[32m INFO&amp#27;[m &amp#27;[35m[@503 - main]&amp#27;[m &amp#27;[36mcom.shaft.tools.io.ReportManager&amp#27;[m : Successfully created attachment "SHAFT Engine Logs - Current Method log: Update_Policy_With_InValid_data_TC"
]]></system-out>
  </testcase>
  <testcase name="Update_Policy_With_InValid_data_TC[[Ljava.lang.Object;@27d51587](32)" classname="SteeringCompanyAPI_TestCases.Test_Policies_Cases" time="1.325">
    <system-out><![CDATA[2023-01-22 15:45:18.935 &amp#27;[32m INFO&amp#27;[m &amp#27;[35m[@534 - main]&amp#27;[m &amp#27;[36mcom.shaft.tools.io.ReportManager&amp#27;[m : 
################################################################################################################################################
Starting Execution:	"220 out of 70" test cases in the current suite
Test Method:		"SteeringCompanyAPI_TestCases.Test_Policies_Cases.Update_Policy_With_InValid_data_TC"
Test Description:	"TC053 -Policy- Perform Update Policy with InValid data"
################################################################################################################################################
2023-01-22 15:45:18.935 &amp#27;[32m INFO&amp#27;[m &amp#27;[35m[@503 - main]&amp#27;[m &amp#27;[36mcom.shaft.tools.io.ReportManager&amp#27;[m : File Action "DoesFileExist" successfully performed. With the following test data "File Path: "SteeringCompanyAPI_TestData/SteeringCompanyAPI_TestData.xlsx"".
2023-01-22 15:45:19.008 &amp#27;[32m INFO&amp#27;[m &amp#27;[35m[@503 - main]&amp#27;[m &amp#27;[36mcom.shaft.tools.io.ReportManager&amp#27;[m : Successfully created attachment "Test Data - Excel"
2023-01-22 15:45:19.597 &amp#27;[32m INFO&amp#27;[m &amp#27;[35m[@503 - main]&amp#27;[m &amp#27;[36mcom.shaft.tools.io.ReportManager&amp#27;[m : Response status code: "200", status line: "HTTP/1.1 200 OK"
2023-01-22 15:45:19.615 &amp#27;[32m INFO&amp#27;[m &amp#27;[35m[@503 - main]&amp#27;[m &amp#27;[36mcom.shaft.tools.io.ReportManager&amp#27;[m : Successfully created attachment "API Request - Specifications"
2023-01-22 15:45:19.616 &amp#27;[32m INFO&amp#27;[m &amp#27;[35m[@503 - main]&amp#27;[m &amp#27;[36mcom.shaft.tools.io.ReportManager&amp#27;[m : Successfully created attachment "API Request - Body"
2023-01-22 15:45:19.617 &amp#27;[32m INFO&amp#27;[m &amp#27;[35m[@503 - main]&amp#27;[m &amp#27;[36mcom.shaft.tools.io.ReportManager&amp#27;[m : Successfully created attachment "API Response - JSON Body"
2023-01-22 15:45:19.631 &amp#27;[32m INFO&amp#27;[m &amp#27;[35m[@503 - main]&amp#27;[m &amp#27;[36mcom.shaft.tools.io.ReportManager&amp#27;[m : File Action "DoesFileExist" successfully performed. With the following test data "File Path: "SteeringCompanyAPI_TestData/SteeringCompanyAPI_TestData.xlsx"".
2023-01-22 15:45:19.681 &amp#27;[32m INFO&amp#27;[m &amp#27;[35m[@503 - main]&amp#27;[m &amp#27;[36mcom.shaft.tools.io.ReportManager&amp#27;[m : Successfully created attachment "Test Data - Excel"
2023-01-22 15:45:19.681 &amp#27;[32m INFO&amp#27;[m &amp#27;[35m[@503 - main]&amp#27;[m &amp#27;[36mcom.shaft.tools.io.ReportManager&amp#27;[m : File Action "DoesFileExist" successfully performed. With the following test data "File Path: "SteeringCompanyAPI_TestData/SteeringCompanyAPI_TestData.xlsx"".
2023-01-22 15:45:19.725 &amp#27;[32m INFO&amp#27;[m &amp#27;[35m[@503 - main]&amp#27;[m &amp#27;[36mcom.shaft.tools.io.ReportManager&amp#27;[m : Successfully created attachment "Test Data - Excel"
2023-01-22 15:45:19.725 &amp#27;[32m INFO&amp#27;[m &amp#27;[35m[@503 - main]&amp#27;[m &amp#27;[36mcom.shaft.tools.io.ReportManager&amp#27;[m : File Action "DoesFileExist" successfully performed. With the following test data "File Path: "SteeringCompanyAPI_TestData/SteeringCompanyAPI_TestData.xlsx"".
2023-01-22 15:45:19.767 &amp#27;[32m INFO&amp#27;[m &amp#27;[35m[@503 - main]&amp#27;[m &amp#27;[36mcom.shaft.tools.io.ReportManager&amp#27;[m : Successfully created attachment "Test Data - Excel"
2023-01-22 15:45:20.224 &amp#27;[32m INFO&amp#27;[m &amp#27;[35m[@503 - main]&amp#27;[m &amp#27;[36mcom.shaft.tools.io.ReportManager&amp#27;[m : Response status code: "422", status line: "HTTP/1.1 422 "
2023-01-22 15:45:20.241 &amp#27;[32m INFO&amp#27;[m &amp#27;[35m[@503 - main]&amp#27;[m &amp#27;[36mcom.shaft.tools.io.ReportManager&amp#27;[m : Successfully created attachment "API Request - Specifications"
2023-01-22 15:45:20.244 &amp#27;[32m INFO&amp#27;[m &amp#27;[35m[@503 - main]&amp#27;[m &amp#27;[36mcom.shaft.tools.io.ReportManager&amp#27;[m : Successfully created attachment "API Request - JSON Body"
2023-01-22 15:45:20.245 &amp#27;[32m INFO&amp#27;[m &amp#27;[35m[@503 - main]&amp#27;[m &amp#27;[36mcom.shaft.tools.io.ReportManager&amp#27;[m : Successfully created attachment "API Response - JSON Body"
2023-01-22 15:45:20.247 &amp#27;[32m INFO&amp#27;[m &amp#27;[35m[@503 - main]&amp#27;[m &amp#27;[36mcom.shaft.tools.io.ReportManager&amp#27;[m : File Action "DoesFileExist" successfully performed. With the following test data "File Path: "Schemas/ValidationError_schema.json"".
2023-01-22 15:45:20.247 &amp#27;[32m INFO&amp#27;[m &amp#27;[35m[@503 - main]&amp#27;[m &amp#27;[36mcom.shaft.tools.io.ReportManager&amp#27;[m : File Action "DoesFileExist" successfully performed. With the following test data "File Path: "src/test/resources/testDataFiles/Schemas/ValidationError_schema.json"".
2023-01-22 15:45:20.247 &amp#27;[32m INFO&amp#27;[m &amp#27;[35m[@503 - main]&amp#27;[m &amp#27;[36mcom.shaft.tools.io.ReportManager&amp#27;[m : File Action "GetAbsolutePath" successfully performed. With the following test data "Relative Folder Path: "src/test/resources/testDataFiles/Schemas/ValidationError_schema.json"".
2023-01-22 15:45:20.252 &amp#27;[32m INFO&amp#27;[m &amp#27;[35m[@503 - main]&amp#27;[m &amp#27;[36mcom.shaft.tools.io.ReportManager&amp#27;[m : File Action "DoesFileExist" successfully performed. With the following test data "File Path: "C:\eclipse-workspace\MyProjects\TASystemsAPIs\src\test\resources\testDataFiles\Schemas\ValidationError_schema.json"".
2023-01-22 15:45:20.252 &amp#27;[32m INFO&amp#27;[m &amp#27;[35m[@503 - main]&amp#27;[m &amp#27;[36mcom.shaft.tools.io.ReportManager&amp#27;[m : File Action "GetAbsolutePath" successfully performed. With the following test data "Relative Folder Path: "C:\eclipse-workspace\MyProjects\TASystemsAPIs\src\test\resources\testDataFiles\Schemas\ValidationError_schema.json"".
2023-01-22 15:45:20.253 &amp#27;[32m INFO&amp#27;[m &amp#27;[35m[@503 - main]&amp#27;[m &amp#27;[36mcom.shaft.tools.io.ReportManager&amp#27;[m : File Action "ReadFile" successfully performed. With the following test data "File Path: "C:\eclipse-workspace\MyProjects\TASystemsAPIs\src\test\resources\testDataFiles\Schemas\ValidationError_schema.json"".
2023-01-22 15:45:20.256 &amp#27;[32m INFO&amp#27;[m &amp#27;[35m[@503 - main]&amp#27;[m &amp#27;[36mcom.shaft.tools.io.ReportManager&amp#27;[m : Successfully created attachment "Validation Test Data - Expected JSON Value"
2023-01-22 15:45:20.256 &amp#27;[32m INFO&amp#27;[m &amp#27;[35m[@503 - main]&amp#27;[m &amp#27;[36mcom.shaft.tools.io.ReportManager&amp#27;[m : Successfully created attachment "Validation Test Data - Actual JSON Value"
2023-01-22 15:45:20.258 &amp#27;[32m INFO&amp#27;[m &amp#27;[35m[@503 - main]&amp#27;[m &amp#27;[36mcom.shaft.tools.io.ReportManager&amp#27;[m : Successfully created attachment "SHAFT Engine Logs - Current Method log: Update_Policy_With_InValid_data_TC"
]]></system-out>
  </testcase>
  <testcase name="Update_Policy_With_InValid_data_TC[[Ljava.lang.Object;@486826b9](33)" classname="SteeringCompanyAPI_TestCases.Test_Policies_Cases" time="1.306">
    <system-out><![CDATA[2023-01-22 15:45:20.260 &amp#27;[32m INFO&amp#27;[m &amp#27;[35m[@534 - main]&amp#27;[m &amp#27;[36mcom.shaft.tools.io.ReportManager&amp#27;[m : 
################################################################################################################################################
Starting Execution:	"221 out of 70" test cases in the current suite
Test Method:		"SteeringCompanyAPI_TestCases.Test_Policies_Cases.Update_Policy_With_InValid_data_TC"
Test Description:	"TC053 -Policy- Perform Update Policy with InValid data"
################################################################################################################################################
2023-01-22 15:45:20.260 &amp#27;[32m INFO&amp#27;[m &amp#27;[35m[@503 - main]&amp#27;[m &amp#27;[36mcom.shaft.tools.io.ReportManager&amp#27;[m : File Action "DoesFileExist" successfully performed. With the following test data "File Path: "SteeringCompanyAPI_TestData/SteeringCompanyAPI_TestData.xlsx"".
2023-01-22 15:45:20.313 &amp#27;[32m INFO&amp#27;[m &amp#27;[35m[@503 - main]&amp#27;[m &amp#27;[36mcom.shaft.tools.io.ReportManager&amp#27;[m : Successfully created attachment "Test Data - Excel"
2023-01-22 15:45:20.899 &amp#27;[32m INFO&amp#27;[m &amp#27;[35m[@503 - main]&amp#27;[m &amp#27;[36mcom.shaft.tools.io.ReportManager&amp#27;[m : Response status code: "200", status line: "HTTP/1.1 200 OK"
2023-01-22 15:45:20.920 &amp#27;[32m INFO&amp#27;[m &amp#27;[35m[@503 - main]&amp#27;[m &amp#27;[36mcom.shaft.tools.io.ReportManager&amp#27;[m : Successfully created attachment "API Request - Specifications"
2023-01-22 15:45:20.922 &amp#27;[32m INFO&amp#27;[m &amp#27;[35m[@503 - main]&amp#27;[m &amp#27;[36mcom.shaft.tools.io.ReportManager&amp#27;[m : Successfully created attachment "API Request - Body"
2023-01-22 15:45:20.924 &amp#27;[32m INFO&amp#27;[m &amp#27;[35m[@503 - main]&amp#27;[m &amp#27;[36mcom.shaft.tools.io.ReportManager&amp#27;[m : Successfully created attachment "API Response - JSON Body"
2023-01-22 15:45:20.945 &amp#27;[32m INFO&amp#27;[m &amp#27;[35m[@503 - main]&amp#27;[m &amp#27;[36mcom.shaft.tools.io.ReportManager&amp#27;[m : File Action "DoesFileExist" successfully performed. With the following test data "File Path: "SteeringCompanyAPI_TestData/SteeringCompanyAPI_TestData.xlsx"".
2023-01-22 15:45:20.997 &amp#27;[32m INFO&amp#27;[m &amp#27;[35m[@503 - main]&amp#27;[m &amp#27;[36mcom.shaft.tools.io.ReportManager&amp#27;[m : Successfully created attachment "Test Data - Excel"
2023-01-22 15:45:20.998 &amp#27;[32m INFO&amp#27;[m &amp#27;[35m[@503 - main]&amp#27;[m &amp#27;[36mcom.shaft.tools.io.ReportManager&amp#27;[m : File Action "DoesFileExist" successfully performed. With the following test data "File Path: "SteeringCompanyAPI_TestData/SteeringCompanyAPI_TestData.xlsx"".
2023-01-22 15:45:21.038 &amp#27;[32m INFO&amp#27;[m &amp#27;[35m[@503 - main]&amp#27;[m &amp#27;[36mcom.shaft.tools.io.ReportManager&amp#27;[m : Successfully created attachment "Test Data - Excel"
2023-01-22 15:45:21.039 &amp#27;[32m INFO&amp#27;[m &amp#27;[35m[@503 - main]&amp#27;[m &amp#27;[36mcom.shaft.tools.io.ReportManager&amp#27;[m : File Action "DoesFileExist" successfully performed. With the following test data "File Path: "SteeringCompanyAPI_TestData/SteeringCompanyAPI_TestData.xlsx"".
2023-01-22 15:45:21.081 &amp#27;[32m INFO&amp#27;[m &amp#27;[35m[@503 - main]&amp#27;[m &amp#27;[36mcom.shaft.tools.io.ReportManager&amp#27;[m : Successfully created attachment "Test Data - Excel"
2023-01-22 15:45:21.535 &amp#27;[32m INFO&amp#27;[m &amp#27;[35m[@503 - main]&amp#27;[m &amp#27;[36mcom.shaft.tools.io.ReportManager&amp#27;[m : Response status code: "422", status line: "HTTP/1.1 422 "
2023-01-22 15:45:21.550 &amp#27;[32m INFO&amp#27;[m &amp#27;[35m[@503 - main]&amp#27;[m &amp#27;[36mcom.shaft.tools.io.ReportManager&amp#27;[m : Successfully created attachment "API Request - Specifications"
2023-01-22 15:45:21.553 &amp#27;[32m INFO&amp#27;[m &amp#27;[35m[@503 - main]&amp#27;[m &amp#27;[36mcom.shaft.tools.io.ReportManager&amp#27;[m : Successfully created attachment "API Request - JSON Body"
2023-01-22 15:45:21.554 &amp#27;[32m INFO&amp#27;[m &amp#27;[35m[@503 - main]&amp#27;[m &amp#27;[36mcom.shaft.tools.io.ReportManager&amp#27;[m : Successfully created attachment "API Response - JSON Body"
2023-01-22 15:45:21.556 &amp#27;[32m INFO&amp#27;[m &amp#27;[35m[@503 - main]&amp#27;[m &amp#27;[36mcom.shaft.tools.io.ReportManager&amp#27;[m : File Action "DoesFileExist" successfully performed. With the following test data "File Path: "Schemas/ValidationError_schema.json"".
2023-01-22 15:45:21.556 &amp#27;[32m INFO&amp#27;[m &amp#27;[35m[@503 - main]&amp#27;[m &amp#27;[36mcom.shaft.tools.io.ReportManager&amp#27;[m : File Action "DoesFileExist" successfully performed. With the following test data "File Path: "src/test/resources/testDataFiles/Schemas/ValidationError_schema.json"".
2023-01-22 15:45:21.556 &amp#27;[32m INFO&amp#27;[m &amp#27;[35m[@503 - main]&amp#27;[m &amp#27;[36mcom.shaft.tools.io.ReportManager&amp#27;[m : File Action "GetAbsolutePath" successfully performed. With the following test data "Relative Folder Path: "src/test/resources/testDataFiles/Schemas/ValidationError_schema.json"".
2023-01-22 15:45:21.560 &amp#27;[32m INFO&amp#27;[m &amp#27;[35m[@503 - main]&amp#27;[m &amp#27;[36mcom.shaft.tools.io.ReportManager&amp#27;[m : File Action "DoesFileExist" successfully performed. With the following test data "File Path: "C:\eclipse-workspace\MyProjects\TASystemsAPIs\src\test\resources\testDataFiles\Schemas\ValidationError_schema.json"".
2023-01-22 15:45:21.561 &amp#27;[32m INFO&amp#27;[m &amp#27;[35m[@503 - main]&amp#27;[m &amp#27;[36mcom.shaft.tools.io.ReportManager&amp#27;[m : File Action "GetAbsolutePath" successfully performed. With the following test data "Relative Folder Path: "C:\eclipse-workspace\MyProjects\TASystemsAPIs\src\test\resources\testDataFiles\Schemas\ValidationError_schema.json"".
2023-01-22 15:45:21.561 &amp#27;[32m INFO&amp#27;[m &amp#27;[35m[@503 - main]&amp#27;[m &amp#27;[36mcom.shaft.tools.io.ReportManager&amp#27;[m : File Action "ReadFile" successfully performed. With the following test data "File Path: "C:\eclipse-workspace\MyProjects\TASystemsAPIs\src\test\resources\testDataFiles\Schemas\ValidationError_schema.json"".
2023-01-22 15:45:21.562 &amp#27;[32m INFO&amp#27;[m &amp#27;[35m[@503 - main]&amp#27;[m &amp#27;[36mcom.shaft.tools.io.ReportManager&amp#27;[m : Successfully created attachment "Validation Test Data - Expected JSON Value"
2023-01-22 15:45:21.563 &amp#27;[32m INFO&amp#27;[m &amp#27;[35m[@503 - main]&amp#27;[m &amp#27;[36mcom.shaft.tools.io.ReportManager&amp#27;[m : Successfully created attachment "Validation Test Data - Actual JSON Value"
2023-01-22 15:45:21.565 &amp#27;[32m INFO&amp#27;[m &amp#27;[35m[@503 - main]&amp#27;[m &amp#27;[36mcom.shaft.tools.io.ReportManager&amp#27;[m : Successfully created attachment "SHAFT Engine Logs - Current Method log: Update_Policy_With_InValid_data_TC"
]]></system-out>
  </testcase>
  <testcase name="Update_Policy_With_InValid_data_TC[[Ljava.lang.Object;@6431c6f3](34)" classname="SteeringCompanyAPI_TestCases.Test_Policies_Cases" time="1.57">
    <system-out><![CDATA[2023-01-22 15:45:21.568 &amp#27;[32m INFO&amp#27;[m &amp#27;[35m[@534 - main]&amp#27;[m &amp#27;[36mcom.shaft.tools.io.ReportManager&amp#27;[m : 
################################################################################################################################################
Starting Execution:	"222 out of 70" test cases in the current suite
Test Method:		"SteeringCompanyAPI_TestCases.Test_Policies_Cases.Update_Policy_With_InValid_data_TC"
Test Description:	"TC053 -Policy- Perform Update Policy with InValid data"
################################################################################################################################################
2023-01-22 15:45:21.568 &amp#27;[32m INFO&amp#27;[m &amp#27;[35m[@503 - main]&amp#27;[m &amp#27;[36mcom.shaft.tools.io.ReportManager&amp#27;[m : File Action "DoesFileExist" successfully performed. With the following test data "File Path: "SteeringCompanyAPI_TestData/SteeringCompanyAPI_TestData.xlsx"".
2023-01-22 15:45:21.615 &amp#27;[32m INFO&amp#27;[m &amp#27;[35m[@503 - main]&amp#27;[m &amp#27;[36mcom.shaft.tools.io.ReportManager&amp#27;[m : Successfully created attachment "Test Data - Excel"
2023-01-22 15:45:22.200 &amp#27;[32m INFO&amp#27;[m &amp#27;[35m[@503 - main]&amp#27;[m &amp#27;[36mcom.shaft.tools.io.ReportManager&amp#27;[m : Response status code: "200", status line: "HTTP/1.1 200 OK"
2023-01-22 15:45:22.217 &amp#27;[32m INFO&amp#27;[m &amp#27;[35m[@503 - main]&amp#27;[m &amp#27;[36mcom.shaft.tools.io.ReportManager&amp#27;[m : Successfully created attachment "API Request - Specifications"
2023-01-22 15:45:22.218 &amp#27;[32m INFO&amp#27;[m &amp#27;[35m[@503 - main]&amp#27;[m &amp#27;[36mcom.shaft.tools.io.ReportManager&amp#27;[m : Successfully created attachment "API Request - Body"
2023-01-22 15:45:22.220 &amp#27;[32m INFO&amp#27;[m &amp#27;[35m[@503 - main]&amp#27;[m &amp#27;[36mcom.shaft.tools.io.ReportManager&amp#27;[m : Successfully created attachment "API Response - JSON Body"
2023-01-22 15:45:22.229 &amp#27;[32m INFO&amp#27;[m &amp#27;[35m[@503 - main]&amp#27;[m &amp#27;[36mcom.shaft.tools.io.ReportManager&amp#27;[m : File Action "DoesFileExist" successfully performed. With the following test data "File Path: "SteeringCompanyAPI_TestData/SteeringCompanyAPI_TestData.xlsx"".
2023-01-22 15:45:22.280 &amp#27;[32m INFO&amp#27;[m &amp#27;[35m[@503 - main]&amp#27;[m &amp#27;[36mcom.shaft.tools.io.ReportManager&amp#27;[m : Successfully created attachment "Test Data - Excel"
2023-01-22 15:45:22.281 &amp#27;[32m INFO&amp#27;[m &amp#27;[35m[@503 - main]&amp#27;[m &amp#27;[36mcom.shaft.tools.io.ReportManager&amp#27;[m : File Action "DoesFileExist" successfully performed. With the following test data "File Path: "SteeringCompanyAPI_TestData/SteeringCompanyAPI_TestData.xlsx"".
2023-01-22 15:45:22.328 &amp#27;[32m INFO&amp#27;[m &amp#27;[35m[@503 - main]&amp#27;[m &amp#27;[36mcom.shaft.tools.io.ReportManager&amp#27;[m : Successfully created attachment "Test Data - Excel"
2023-01-22 15:45:22.328 &amp#27;[32m INFO&amp#27;[m &amp#27;[35m[@503 - main]&amp#27;[m &amp#27;[36mcom.shaft.tools.io.ReportManager&amp#27;[m : File Action "DoesFileExist" successfully performed. With the following test data "File Path: "SteeringCompanyAPI_TestData/SteeringCompanyAPI_TestData.xlsx"".
2023-01-22 15:45:22.377 &amp#27;[32m INFO&amp#27;[m &amp#27;[35m[@503 - main]&amp#27;[m &amp#27;[36mcom.shaft.tools.io.ReportManager&amp#27;[m : Successfully created attachment "Test Data - Excel"
2023-01-22 15:45:23.095 &amp#27;[32m INFO&amp#27;[m &amp#27;[35m[@503 - main]&amp#27;[m &amp#27;[36mcom.shaft.tools.io.ReportManager&amp#27;[m : Response status code: "422", status line: "HTTP/1.1 422 "
2023-01-22 15:45:23.111 &amp#27;[32m INFO&amp#27;[m &amp#27;[35m[@503 - main]&amp#27;[m &amp#27;[36mcom.shaft.tools.io.ReportManager&amp#27;[m : Successfully created attachment "API Request - Specifications"
2023-01-22 15:45:23.113 &amp#27;[32m INFO&amp#27;[m &amp#27;[35m[@503 - main]&amp#27;[m &amp#27;[36mcom.shaft.tools.io.ReportManager&amp#27;[m : Successfully created attachment "API Request - JSON Body"
2023-01-22 15:45:23.115 &amp#27;[32m INFO&amp#27;[m &amp#27;[35m[@503 - main]&amp#27;[m &amp#27;[36mcom.shaft.tools.io.ReportManager&amp#27;[m : Successfully created attachment "API Response - JSON Body"
2023-01-22 15:45:23.117 &amp#27;[32m INFO&amp#27;[m &amp#27;[35m[@503 - main]&amp#27;[m &amp#27;[36mcom.shaft.tools.io.ReportManager&amp#27;[m : File Action "DoesFileExist" successfully performed. With the following test data "File Path: "Schemas/ValidationError_schema.json"".
2023-01-22 15:45:23.117 &amp#27;[32m INFO&amp#27;[m &amp#27;[35m[@503 - main]&amp#27;[m &amp#27;[36mcom.shaft.tools.io.ReportManager&amp#27;[m : File Action "DoesFileExist" successfully performed. With the following test data "File Path: "src/test/resources/testDataFiles/Schemas/ValidationError_schema.json"".
2023-01-22 15:45:23.118 &amp#27;[32m INFO&amp#27;[m &amp#27;[35m[@503 - main]&amp#27;[m &amp#27;[36mcom.shaft.tools.io.ReportManager&amp#27;[m : File Action "GetAbsolutePath" successfully performed. With the following test data "Relative Folder Path: "src/test/resources/testDataFiles/Schemas/ValidationError_schema.json"".
2023-01-22 15:45:23.124 &amp#27;[32m INFO&amp#27;[m &amp#27;[35m[@503 - main]&amp#27;[m &amp#27;[36mcom.shaft.tools.io.ReportManager&amp#27;[m : File Action "DoesFileExist" successfully performed. With the following test data "File Path: "C:\eclipse-workspace\MyProjects\TASystemsAPIs\src\test\resources\testDataFiles\Schemas\ValidationError_schema.json"".
2023-01-22 15:45:23.125 &amp#27;[32m INFO&amp#27;[m &amp#27;[35m[@503 - main]&amp#27;[m &amp#27;[36mcom.shaft.tools.io.ReportManager&amp#27;[m : File Action "GetAbsolutePath" successfully performed. With the following test data "Relative Folder Path: "C:\eclipse-workspace\MyProjects\TASystemsAPIs\src\test\resources\testDataFiles\Schemas\ValidationError_schema.json"".
2023-01-22 15:45:23.126 &amp#27;[32m INFO&amp#27;[m &amp#27;[35m[@503 - main]&amp#27;[m &amp#27;[36mcom.shaft.tools.io.ReportManager&amp#27;[m : File Action "ReadFile" successfully performed. With the following test data "File Path: "C:\eclipse-workspace\MyProjects\TASystemsAPIs\src\test\resources\testDataFiles\Schemas\ValidationError_schema.json"".
2023-01-22 15:45:23.131 &amp#27;[32m INFO&amp#27;[m &amp#27;[35m[@503 - main]&amp#27;[m &amp#27;[36mcom.shaft.tools.io.ReportManager&amp#27;[m : Successfully created attachment "Validation Test Data - Expected JSON Value"
2023-01-22 15:45:23.132 &amp#27;[32m INFO&amp#27;[m &amp#27;[35m[@503 - main]&amp#27;[m &amp#27;[36mcom.shaft.tools.io.ReportManager&amp#27;[m : Successfully created attachment "Validation Test Data - Actual JSON Value"
2023-01-22 15:45:23.134 &amp#27;[32m INFO&amp#27;[m &amp#27;[35m[@503 - main]&amp#27;[m &amp#27;[36mcom.shaft.tools.io.ReportManager&amp#27;[m : Successfully created attachment "SHAFT Engine Logs - Current Method log: Update_Policy_With_InValid_data_TC"
]]></system-out>
  </testcase>
  <testcase name="Update_Policy_With_InValid_data_TC[[Ljava.lang.Object;@613c09e5](35)" classname="SteeringCompanyAPI_TestCases.Test_Policies_Cases" time="1.348">
    <system-out><![CDATA[2023-01-22 15:45:23.138 &amp#27;[32m INFO&amp#27;[m &amp#27;[35m[@534 - main]&amp#27;[m &amp#27;[36mcom.shaft.tools.io.ReportManager&amp#27;[m : 
################################################################################################################################################
Starting Execution:	"223 out of 70" test cases in the current suite
Test Method:		"SteeringCompanyAPI_TestCases.Test_Policies_Cases.Update_Policy_With_InValid_data_TC"
Test Description:	"TC053 -Policy- Perform Update Policy with InValid data"
################################################################################################################################################
2023-01-22 15:45:23.138 &amp#27;[32m INFO&amp#27;[m &amp#27;[35m[@503 - main]&amp#27;[m &amp#27;[36mcom.shaft.tools.io.ReportManager&amp#27;[m : File Action "DoesFileExist" successfully performed. With the following test data "File Path: "SteeringCompanyAPI_TestData/SteeringCompanyAPI_TestData.xlsx"".
2023-01-22 15:45:23.177 &amp#27;[32m INFO&amp#27;[m &amp#27;[35m[@503 - main]&amp#27;[m &amp#27;[36mcom.shaft.tools.io.ReportManager&amp#27;[m : Successfully created attachment "Test Data - Excel"
2023-01-22 15:45:23.774 &amp#27;[32m INFO&amp#27;[m &amp#27;[35m[@503 - main]&amp#27;[m &amp#27;[36mcom.shaft.tools.io.ReportManager&amp#27;[m : Response status code: "200", status line: "HTTP/1.1 200 OK"
2023-01-22 15:45:23.792 &amp#27;[32m INFO&amp#27;[m &amp#27;[35m[@503 - main]&amp#27;[m &amp#27;[36mcom.shaft.tools.io.ReportManager&amp#27;[m : Successfully created attachment "API Request - Specifications"
2023-01-22 15:45:23.794 &amp#27;[32m INFO&amp#27;[m &amp#27;[35m[@503 - main]&amp#27;[m &amp#27;[36mcom.shaft.tools.io.ReportManager&amp#27;[m : Successfully created attachment "API Request - Body"
2023-01-22 15:45:23.795 &amp#27;[32m INFO&amp#27;[m &amp#27;[35m[@503 - main]&amp#27;[m &amp#27;[36mcom.shaft.tools.io.ReportManager&amp#27;[m : Successfully created attachment "API Response - JSON Body"
2023-01-22 15:45:23.808 &amp#27;[32m INFO&amp#27;[m &amp#27;[35m[@503 - main]&amp#27;[m &amp#27;[36mcom.shaft.tools.io.ReportManager&amp#27;[m : File Action "DoesFileExist" successfully performed. With the following test data "File Path: "SteeringCompanyAPI_TestData/SteeringCompanyAPI_TestData.xlsx"".
2023-01-22 15:45:23.856 &amp#27;[32m INFO&amp#27;[m &amp#27;[35m[@503 - main]&amp#27;[m &amp#27;[36mcom.shaft.tools.io.ReportManager&amp#27;[m : Successfully created attachment "Test Data - Excel"
2023-01-22 15:45:23.856 &amp#27;[32m INFO&amp#27;[m &amp#27;[35m[@503 - main]&amp#27;[m &amp#27;[36mcom.shaft.tools.io.ReportManager&amp#27;[m : File Action "DoesFileExist" successfully performed. With the following test data "File Path: "SteeringCompanyAPI_TestData/SteeringCompanyAPI_TestData.xlsx"".
2023-01-22 15:45:23.895 &amp#27;[32m INFO&amp#27;[m &amp#27;[35m[@503 - main]&amp#27;[m &amp#27;[36mcom.shaft.tools.io.ReportManager&amp#27;[m : Successfully created attachment "Test Data - Excel"
2023-01-22 15:45:23.895 &amp#27;[32m INFO&amp#27;[m &amp#27;[35m[@503 - main]&amp#27;[m &amp#27;[36mcom.shaft.tools.io.ReportManager&amp#27;[m : File Action "DoesFileExist" successfully performed. With the following test data "File Path: "SteeringCompanyAPI_TestData/SteeringCompanyAPI_TestData.xlsx"".
2023-01-22 15:45:23.936 &amp#27;[32m INFO&amp#27;[m &amp#27;[35m[@503 - main]&amp#27;[m &amp#27;[36mcom.shaft.tools.io.ReportManager&amp#27;[m : Successfully created attachment "Test Data - Excel"
2023-01-22 15:45:24.445 &amp#27;[32m INFO&amp#27;[m &amp#27;[35m[@503 - main]&amp#27;[m &amp#27;[36mcom.shaft.tools.io.ReportManager&amp#27;[m : Response status code: "422", status line: "HTTP/1.1 422 "
2023-01-22 15:45:24.461 &amp#27;[32m INFO&amp#27;[m &amp#27;[35m[@503 - main]&amp#27;[m &amp#27;[36mcom.shaft.tools.io.ReportManager&amp#27;[m : Successfully created attachment "API Request - Specifications"
2023-01-22 15:45:24.462 &amp#27;[32m INFO&amp#27;[m &amp#27;[35m[@503 - main]&amp#27;[m &amp#27;[36mcom.shaft.tools.io.ReportManager&amp#27;[m : Successfully created attachment "API Request - JSON Body"
2023-01-22 15:45:24.463 &amp#27;[32m INFO&amp#27;[m &amp#27;[35m[@503 - main]&amp#27;[m &amp#27;[36mcom.shaft.tools.io.ReportManager&amp#27;[m : Successfully created attachment "API Response - JSON Body"
2023-01-22 15:45:24.465 &amp#27;[32m INFO&amp#27;[m &amp#27;[35m[@503 - main]&amp#27;[m &amp#27;[36mcom.shaft.tools.io.ReportManager&amp#27;[m : File Action "DoesFileExist" successfully performed. With the following test data "File Path: "Schemas/ValidationError_schema.json"".
2023-01-22 15:45:24.465 &amp#27;[32m INFO&amp#27;[m &amp#27;[35m[@503 - main]&amp#27;[m &amp#27;[36mcom.shaft.tools.io.ReportManager&amp#27;[m : File Action "DoesFileExist" successfully performed. With the following test data "File Path: "src/test/resources/testDataFiles/Schemas/ValidationError_schema.json"".
2023-01-22 15:45:24.466 &amp#27;[32m INFO&amp#27;[m &amp#27;[35m[@503 - main]&amp#27;[m &amp#27;[36mcom.shaft.tools.io.ReportManager&amp#27;[m : File Action "GetAbsolutePath" successfully performed. With the following test data "Relative Folder Path: "src/test/resources/testDataFiles/Schemas/ValidationError_schema.json"".
2023-01-22 15:45:24.472 &amp#27;[32m INFO&amp#27;[m &amp#27;[35m[@503 - main]&amp#27;[m &amp#27;[36mcom.shaft.tools.io.ReportManager&amp#27;[m : File Action "DoesFileExist" successfully performed. With the following test data "File Path: "C:\eclipse-workspace\MyProjects\TASystemsAPIs\src\test\resources\testDataFiles\Schemas\ValidationError_schema.json"".
2023-01-22 15:45:24.473 &amp#27;[32m INFO&amp#27;[m &amp#27;[35m[@503 - main]&amp#27;[m &amp#27;[36mcom.shaft.tools.io.ReportManager&amp#27;[m : File Action "GetAbsolutePath" successfully performed. With the following test data "Relative Folder Path: "C:\eclipse-workspace\MyProjects\TASystemsAPIs\src\test\resources\testDataFiles\Schemas\ValidationError_schema.json"".
2023-01-22 15:45:24.474 &amp#27;[32m INFO&amp#27;[m &amp#27;[35m[@503 - main]&amp#27;[m &amp#27;[36mcom.shaft.tools.io.ReportManager&amp#27;[m : File Action "ReadFile" successfully performed. With the following test data "File Path: "C:\eclipse-workspace\MyProjects\TASystemsAPIs\src\test\resources\testDataFiles\Schemas\ValidationError_schema.json"".
2023-01-22 15:45:24.476 &amp#27;[32m INFO&amp#27;[m &amp#27;[35m[@503 - main]&amp#27;[m &amp#27;[36mcom.shaft.tools.io.ReportManager&amp#27;[m : Successfully created attachment "Validation Test Data - Expected JSON Value"
2023-01-22 15:45:24.479 &amp#27;[32m INFO&amp#27;[m &amp#27;[35m[@503 - main]&amp#27;[m &amp#27;[36mcom.shaft.tools.io.ReportManager&amp#27;[m : Successfully created attachment "Validation Test Data - Actual JSON Value"
2023-01-22 15:45:24.481 &amp#27;[32m INFO&amp#27;[m &amp#27;[35m[@503 - main]&amp#27;[m &amp#27;[36mcom.shaft.tools.io.ReportManager&amp#27;[m : Successfully created attachment "SHAFT Engine Logs - Current Method log: Update_Policy_With_InValid_data_TC"
]]></system-out>
  </testcase>
  <testcase name="Update_Policy_With_InValid_data_TC[[Ljava.lang.Object;@696c64da](36)" classname="SteeringCompanyAPI_TestCases.Test_Policies_Cases" time="1.403">
    <system-out><![CDATA[2023-01-22 15:45:24.485 &amp#27;[32m INFO&amp#27;[m &amp#27;[35m[@534 - main]&amp#27;[m &amp#27;[36mcom.shaft.tools.io.ReportManager&amp#27;[m : 
################################################################################################################################################
Starting Execution:	"224 out of 70" test cases in the current suite
Test Method:		"SteeringCompanyAPI_TestCases.Test_Policies_Cases.Update_Policy_With_InValid_data_TC"
Test Description:	"TC053 -Policy- Perform Update Policy with InValid data"
################################################################################################################################################
2023-01-22 15:45:24.486 &amp#27;[32m INFO&amp#27;[m &amp#27;[35m[@503 - main]&amp#27;[m &amp#27;[36mcom.shaft.tools.io.ReportManager&amp#27;[m : File Action "DoesFileExist" successfully performed. With the following test data "File Path: "SteeringCompanyAPI_TestData/SteeringCompanyAPI_TestData.xlsx"".
2023-01-22 15:45:24.550 &amp#27;[32m INFO&amp#27;[m &amp#27;[35m[@503 - main]&amp#27;[m &amp#27;[36mcom.shaft.tools.io.ReportManager&amp#27;[m : Successfully created attachment "Test Data - Excel"
2023-01-22 15:45:25.139 &amp#27;[32m INFO&amp#27;[m &amp#27;[35m[@503 - main]&amp#27;[m &amp#27;[36mcom.shaft.tools.io.ReportManager&amp#27;[m : Response status code: "200", status line: "HTTP/1.1 200 OK"
2023-01-22 15:45:25.157 &amp#27;[32m INFO&amp#27;[m &amp#27;[35m[@503 - main]&amp#27;[m &amp#27;[36mcom.shaft.tools.io.ReportManager&amp#27;[m : Successfully created attachment "API Request - Specifications"
2023-01-22 15:45:25.158 &amp#27;[32m INFO&amp#27;[m &amp#27;[35m[@503 - main]&amp#27;[m &amp#27;[36mcom.shaft.tools.io.ReportManager&amp#27;[m : Successfully created attachment "API Request - Body"
2023-01-22 15:45:25.160 &amp#27;[32m INFO&amp#27;[m &amp#27;[35m[@503 - main]&amp#27;[m &amp#27;[36mcom.shaft.tools.io.ReportManager&amp#27;[m : Successfully created attachment "API Response - JSON Body"
2023-01-22 15:45:25.174 &amp#27;[32m INFO&amp#27;[m &amp#27;[35m[@503 - main]&amp#27;[m &amp#27;[36mcom.shaft.tools.io.ReportManager&amp#27;[m : File Action "DoesFileExist" successfully performed. With the following test data "File Path: "SteeringCompanyAPI_TestData/SteeringCompanyAPI_TestData.xlsx"".
2023-01-22 15:45:25.225 &amp#27;[32m INFO&amp#27;[m &amp#27;[35m[@503 - main]&amp#27;[m &amp#27;[36mcom.shaft.tools.io.ReportManager&amp#27;[m : Successfully created attachment "Test Data - Excel"
2023-01-22 15:45:25.225 &amp#27;[32m INFO&amp#27;[m &amp#27;[35m[@503 - main]&amp#27;[m &amp#27;[36mcom.shaft.tools.io.ReportManager&amp#27;[m : File Action "DoesFileExist" successfully performed. With the following test data "File Path: "SteeringCompanyAPI_TestData/SteeringCompanyAPI_TestData.xlsx"".
2023-01-22 15:45:25.272 &amp#27;[32m INFO&amp#27;[m &amp#27;[35m[@503 - main]&amp#27;[m &amp#27;[36mcom.shaft.tools.io.ReportManager&amp#27;[m : Successfully created attachment "Test Data - Excel"
2023-01-22 15:45:25.273 &amp#27;[32m INFO&amp#27;[m &amp#27;[35m[@503 - main]&amp#27;[m &amp#27;[36mcom.shaft.tools.io.ReportManager&amp#27;[m : File Action "DoesFileExist" successfully performed. With the following test data "File Path: "SteeringCompanyAPI_TestData/SteeringCompanyAPI_TestData.xlsx"".
2023-01-22 15:45:25.312 &amp#27;[32m INFO&amp#27;[m &amp#27;[35m[@503 - main]&amp#27;[m &amp#27;[36mcom.shaft.tools.io.ReportManager&amp#27;[m : Successfully created attachment "Test Data - Excel"
2023-01-22 15:45:25.822 &amp#27;[32m INFO&amp#27;[m &amp#27;[35m[@503 - main]&amp#27;[m &amp#27;[36mcom.shaft.tools.io.ReportManager&amp#27;[m : Response status code: "422", status line: "HTTP/1.1 422 "
2023-01-22 15:45:25.842 &amp#27;[32m INFO&amp#27;[m &amp#27;[35m[@503 - main]&amp#27;[m &amp#27;[36mcom.shaft.tools.io.ReportManager&amp#27;[m : Successfully created attachment "API Request - Specifications"
2023-01-22 15:45:25.843 &amp#27;[32m INFO&amp#27;[m &amp#27;[35m[@503 - main]&amp#27;[m &amp#27;[36mcom.shaft.tools.io.ReportManager&amp#27;[m : Successfully created attachment "API Request - JSON Body"
2023-01-22 15:45:25.844 &amp#27;[32m INFO&amp#27;[m &amp#27;[35m[@503 - main]&amp#27;[m &amp#27;[36mcom.shaft.tools.io.ReportManager&amp#27;[m : Successfully created attachment "API Response - JSON Body"
2023-01-22 15:45:25.846 &amp#27;[32m INFO&amp#27;[m &amp#27;[35m[@503 - main]&amp#27;[m &amp#27;[36mcom.shaft.tools.io.ReportManager&amp#27;[m : File Action "DoesFileExist" successfully performed. With the following test data "File Path: "Schemas/ValidationError_schema.json"".
2023-01-22 15:45:25.846 &amp#27;[32m INFO&amp#27;[m &amp#27;[35m[@503 - main]&amp#27;[m &amp#27;[36mcom.shaft.tools.io.ReportManager&amp#27;[m : File Action "DoesFileExist" successfully performed. With the following test data "File Path: "src/test/resources/testDataFiles/Schemas/ValidationError_schema.json"".
2023-01-22 15:45:25.847 &amp#27;[32m INFO&amp#27;[m &amp#27;[35m[@503 - main]&amp#27;[m &amp#27;[36mcom.shaft.tools.io.ReportManager&amp#27;[m : File Action "GetAbsolutePath" successfully performed. With the following test data "Relative Folder Path: "src/test/resources/testDataFiles/Schemas/ValidationError_schema.json"".
2023-01-22 15:45:25.851 &amp#27;[32m INFO&amp#27;[m &amp#27;[35m[@503 - main]&amp#27;[m &amp#27;[36mcom.shaft.tools.io.ReportManager&amp#27;[m : File Action "DoesFileExist" successfully performed. With the following test data "File Path: "C:\eclipse-workspace\MyProjects\TASystemsAPIs\src\test\resources\testDataFiles\Schemas\ValidationError_schema.json"".
2023-01-22 15:45:25.852 &amp#27;[32m INFO&amp#27;[m &amp#27;[35m[@503 - main]&amp#27;[m &amp#27;[36mcom.shaft.tools.io.ReportManager&amp#27;[m : File Action "GetAbsolutePath" successfully performed. With the following test data "Relative Folder Path: "C:\eclipse-workspace\MyProjects\TASystemsAPIs\src\test\resources\testDataFiles\Schemas\ValidationError_schema.json"".
2023-01-22 15:45:25.853 &amp#27;[32m INFO&amp#27;[m &amp#27;[35m[@503 - main]&amp#27;[m &amp#27;[36mcom.shaft.tools.io.ReportManager&amp#27;[m : File Action "ReadFile" successfully performed. With the following test data "File Path: "C:\eclipse-workspace\MyProjects\TASystemsAPIs\src\test\resources\testDataFiles\Schemas\ValidationError_schema.json"".
2023-01-22 15:45:25.855 &amp#27;[32m INFO&amp#27;[m &amp#27;[35m[@503 - main]&amp#27;[m &amp#27;[36mcom.shaft.tools.io.ReportManager&amp#27;[m : Successfully created attachment "Validation Test Data - Expected JSON Value"
2023-01-22 15:45:25.856 &amp#27;[32m INFO&amp#27;[m &amp#27;[35m[@503 - main]&amp#27;[m &amp#27;[36mcom.shaft.tools.io.ReportManager&amp#27;[m : Successfully created attachment "Validation Test Data - Actual JSON Value"
2023-01-22 15:45:25.857 &amp#27;[32m INFO&amp#27;[m &amp#27;[35m[@503 - main]&amp#27;[m &amp#27;[36mcom.shaft.tools.io.ReportManager&amp#27;[m : Successfully created attachment "SHAFT Engine Logs - Current Method log: Update_Policy_With_InValid_data_TC"
]]></system-out>
  </testcase>
  <testcase name="Update_Policy_With_InValid_data_TC[[Ljava.lang.Object;@72fa2215](37)" classname="SteeringCompanyAPI_TestCases.Test_Policies_Cases" time="1.467">
    <system-out><![CDATA[2023-01-22 15:45:25.860 &amp#27;[32m INFO&amp#27;[m &amp#27;[35m[@534 - main]&amp#27;[m &amp#27;[36mcom.shaft.tools.io.ReportManager&amp#27;[m : 
################################################################################################################################################
Starting Execution:	"225 out of 70" test cases in the current suite
Test Method:		"SteeringCompanyAPI_TestCases.Test_Policies_Cases.Update_Policy_With_InValid_data_TC"
Test Description:	"TC053 -Policy- Perform Update Policy with InValid data"
################################################################################################################################################
2023-01-22 15:45:25.861 &amp#27;[32m INFO&amp#27;[m &amp#27;[35m[@503 - main]&amp#27;[m &amp#27;[36mcom.shaft.tools.io.ReportManager&amp#27;[m : File Action "DoesFileExist" successfully performed. With the following test data "File Path: "SteeringCompanyAPI_TestData/SteeringCompanyAPI_TestData.xlsx"".
2023-01-22 15:45:25.924 &amp#27;[32m INFO&amp#27;[m &amp#27;[35m[@503 - main]&amp#27;[m &amp#27;[36mcom.shaft.tools.io.ReportManager&amp#27;[m : Successfully created attachment "Test Data - Excel"
2023-01-22 15:45:26.640 &amp#27;[32m INFO&amp#27;[m &amp#27;[35m[@503 - main]&amp#27;[m &amp#27;[36mcom.shaft.tools.io.ReportManager&amp#27;[m : Response status code: "200", status line: "HTTP/1.1 200 OK"
2023-01-22 15:45:26.661 &amp#27;[32m INFO&amp#27;[m &amp#27;[35m[@503 - main]&amp#27;[m &amp#27;[36mcom.shaft.tools.io.ReportManager&amp#27;[m : Successfully created attachment "API Request - Specifications"
2023-01-22 15:45:26.663 &amp#27;[32m INFO&amp#27;[m &amp#27;[35m[@503 - main]&amp#27;[m &amp#27;[36mcom.shaft.tools.io.ReportManager&amp#27;[m : Successfully created attachment "API Request - Body"
2023-01-22 15:45:26.665 &amp#27;[32m INFO&amp#27;[m &amp#27;[35m[@503 - main]&amp#27;[m &amp#27;[36mcom.shaft.tools.io.ReportManager&amp#27;[m : Successfully created attachment "API Response - JSON Body"
2023-01-22 15:45:26.690 &amp#27;[32m INFO&amp#27;[m &amp#27;[35m[@503 - main]&amp#27;[m &amp#27;[36mcom.shaft.tools.io.ReportManager&amp#27;[m : File Action "DoesFileExist" successfully performed. With the following test data "File Path: "SteeringCompanyAPI_TestData/SteeringCompanyAPI_TestData.xlsx"".
2023-01-22 15:45:26.744 &amp#27;[32m INFO&amp#27;[m &amp#27;[35m[@503 - main]&amp#27;[m &amp#27;[36mcom.shaft.tools.io.ReportManager&amp#27;[m : Successfully created attachment "Test Data - Excel"
2023-01-22 15:45:26.744 &amp#27;[32m INFO&amp#27;[m &amp#27;[35m[@503 - main]&amp#27;[m &amp#27;[36mcom.shaft.tools.io.ReportManager&amp#27;[m : File Action "DoesFileExist" successfully performed. With the following test data "File Path: "SteeringCompanyAPI_TestData/SteeringCompanyAPI_TestData.xlsx"".
2023-01-22 15:45:26.797 &amp#27;[32m INFO&amp#27;[m &amp#27;[35m[@503 - main]&amp#27;[m &amp#27;[36mcom.shaft.tools.io.ReportManager&amp#27;[m : Successfully created attachment "Test Data - Excel"
2023-01-22 15:45:26.797 &amp#27;[32m INFO&amp#27;[m &amp#27;[35m[@503 - main]&amp#27;[m &amp#27;[36mcom.shaft.tools.io.ReportManager&amp#27;[m : File Action "DoesFileExist" successfully performed. With the following test data "File Path: "SteeringCompanyAPI_TestData/SteeringCompanyAPI_TestData.xlsx"".
2023-01-22 15:45:26.842 &amp#27;[32m INFO&amp#27;[m &amp#27;[35m[@503 - main]&amp#27;[m &amp#27;[36mcom.shaft.tools.io.ReportManager&amp#27;[m : Successfully created attachment "Test Data - Excel"
2023-01-22 15:45:27.312 &amp#27;[32m INFO&amp#27;[m &amp#27;[35m[@503 - main]&amp#27;[m &amp#27;[36mcom.shaft.tools.io.ReportManager&amp#27;[m : Response status code: "422", status line: "HTTP/1.1 422 "
2023-01-22 15:45:27.329 &amp#27;[32m INFO&amp#27;[m &amp#27;[35m[@503 - main]&amp#27;[m &amp#27;[36mcom.shaft.tools.io.ReportManager&amp#27;[m : Successfully created attachment "API Request - Specifications"
2023-01-22 15:45:27.333 &amp#27;[32m INFO&amp#27;[m &amp#27;[35m[@503 - main]&amp#27;[m &amp#27;[36mcom.shaft.tools.io.ReportManager&amp#27;[m : Successfully created attachment "API Request - JSON Body"
2023-01-22 15:45:27.336 &amp#27;[32m INFO&amp#27;[m &amp#27;[35m[@503 - main]&amp#27;[m &amp#27;[36mcom.shaft.tools.io.ReportManager&amp#27;[m : Successfully created attachment "API Response - JSON Body"
2023-01-22 15:45:27.338 &amp#27;[32m INFO&amp#27;[m &amp#27;[35m[@503 - main]&amp#27;[m &amp#27;[36mcom.shaft.tools.io.ReportManager&amp#27;[m : File Action "DoesFileExist" successfully performed. With the following test data "File Path: "Schemas/ValidationError_schema.json"".
2023-01-22 15:45:27.338 &amp#27;[32m INFO&amp#27;[m &amp#27;[35m[@503 - main]&amp#27;[m &amp#27;[36mcom.shaft.tools.io.ReportManager&amp#27;[m : File Action "DoesFileExist" successfully performed. With the following test data "File Path: "src/test/resources/testDataFiles/Schemas/ValidationError_schema.json"".
2023-01-22 15:45:27.338 &amp#27;[32m INFO&amp#27;[m &amp#27;[35m[@503 - main]&amp#27;[m &amp#27;[36mcom.shaft.tools.io.ReportManager&amp#27;[m : File Action "GetAbsolutePath" successfully performed. With the following test data "Relative Folder Path: "src/test/resources/testDataFiles/Schemas/ValidationError_schema.json"".
2023-01-22 15:45:27.343 &amp#27;[32m INFO&amp#27;[m &amp#27;[35m[@503 - main]&amp#27;[m &amp#27;[36mcom.shaft.tools.io.ReportManager&amp#27;[m : File Action "DoesFileExist" successfully performed. With the following test data "File Path: "C:\eclipse-workspace\MyProjects\TASystemsAPIs\src\test\resources\testDataFiles\Schemas\ValidationError_schema.json"".
2023-01-22 15:45:27.344 &amp#27;[32m INFO&amp#27;[m &amp#27;[35m[@503 - main]&amp#27;[m &amp#27;[36mcom.shaft.tools.io.ReportManager&amp#27;[m : File Action "GetAbsolutePath" successfully performed. With the following test data "Relative Folder Path: "C:\eclipse-workspace\MyProjects\TASystemsAPIs\src\test\resources\testDataFiles\Schemas\ValidationError_schema.json"".
2023-01-22 15:45:27.345 &amp#27;[32m INFO&amp#27;[m &amp#27;[35m[@503 - main]&amp#27;[m &amp#27;[36mcom.shaft.tools.io.ReportManager&amp#27;[m : File Action "ReadFile" successfully performed. With the following test data "File Path: "C:\eclipse-workspace\MyProjects\TASystemsAPIs\src\test\resources\testDataFiles\Schemas\ValidationError_schema.json"".
2023-01-22 15:45:27.348 &amp#27;[32m INFO&amp#27;[m &amp#27;[35m[@503 - main]&amp#27;[m &amp#27;[36mcom.shaft.tools.io.ReportManager&amp#27;[m : Successfully created attachment "Validation Test Data - Expected JSON Value"
2023-01-22 15:45:27.350 &amp#27;[32m INFO&amp#27;[m &amp#27;[35m[@503 - main]&amp#27;[m &amp#27;[36mcom.shaft.tools.io.ReportManager&amp#27;[m : Successfully created attachment "Validation Test Data - Actual JSON Value"
2023-01-22 15:45:27.351 &amp#27;[32m INFO&amp#27;[m &amp#27;[35m[@503 - main]&amp#27;[m &amp#27;[36mcom.shaft.tools.io.ReportManager&amp#27;[m : Successfully created attachment "SHAFT Engine Logs - Current Method log: Update_Policy_With_InValid_data_TC"
]]></system-out>
  </testcase>
  <testcase name="Update_Policy_With_InValid_data_TC[[Ljava.lang.Object;@213bac7b](38)" classname="SteeringCompanyAPI_TestCases.Test_Policies_Cases" time="1.358">
    <system-out><![CDATA[2023-01-22 15:45:27.357 &amp#27;[32m INFO&amp#27;[m &amp#27;[35m[@534 - main]&amp#27;[m &amp#27;[36mcom.shaft.tools.io.ReportManager&amp#27;[m : 
################################################################################################################################################
Starting Execution:	"226 out of 70" test cases in the current suite
Test Method:		"SteeringCompanyAPI_TestCases.Test_Policies_Cases.Update_Policy_With_InValid_data_TC"
Test Description:	"TC053 -Policy- Perform Update Policy with InValid data"
################################################################################################################################################
2023-01-22 15:45:27.358 &amp#27;[32m INFO&amp#27;[m &amp#27;[35m[@503 - main]&amp#27;[m &amp#27;[36mcom.shaft.tools.io.ReportManager&amp#27;[m : File Action "DoesFileExist" successfully performed. With the following test data "File Path: "SteeringCompanyAPI_TestData/SteeringCompanyAPI_TestData.xlsx"".
2023-01-22 15:45:27.411 &amp#27;[32m INFO&amp#27;[m &amp#27;[35m[@503 - main]&amp#27;[m &amp#27;[36mcom.shaft.tools.io.ReportManager&amp#27;[m : Successfully created attachment "Test Data - Excel"
2023-01-22 15:45:27.990 &amp#27;[32m INFO&amp#27;[m &amp#27;[35m[@503 - main]&amp#27;[m &amp#27;[36mcom.shaft.tools.io.ReportManager&amp#27;[m : Response status code: "200", status line: "HTTP/1.1 200 OK"
2023-01-22 15:45:28.018 &amp#27;[32m INFO&amp#27;[m &amp#27;[35m[@503 - main]&amp#27;[m &amp#27;[36mcom.shaft.tools.io.ReportManager&amp#27;[m : Successfully created attachment "API Request - Specifications"
2023-01-22 15:45:28.020 &amp#27;[32m INFO&amp#27;[m &amp#27;[35m[@503 - main]&amp#27;[m &amp#27;[36mcom.shaft.tools.io.ReportManager&amp#27;[m : Successfully created attachment "API Request - Body"
2023-01-22 15:45:28.021 &amp#27;[32m INFO&amp#27;[m &amp#27;[35m[@503 - main]&amp#27;[m &amp#27;[36mcom.shaft.tools.io.ReportManager&amp#27;[m : Successfully created attachment "API Response - JSON Body"
2023-01-22 15:45:28.044 &amp#27;[32m INFO&amp#27;[m &amp#27;[35m[@503 - main]&amp#27;[m &amp#27;[36mcom.shaft.tools.io.ReportManager&amp#27;[m : File Action "DoesFileExist" successfully performed. With the following test data "File Path: "SteeringCompanyAPI_TestData/SteeringCompanyAPI_TestData.xlsx"".
2023-01-22 15:45:28.089 &amp#27;[32m INFO&amp#27;[m &amp#27;[35m[@503 - main]&amp#27;[m &amp#27;[36mcom.shaft.tools.io.ReportManager&amp#27;[m : Successfully created attachment "Test Data - Excel"
2023-01-22 15:45:28.089 &amp#27;[32m INFO&amp#27;[m &amp#27;[35m[@503 - main]&amp#27;[m &amp#27;[36mcom.shaft.tools.io.ReportManager&amp#27;[m : File Action "DoesFileExist" successfully performed. With the following test data "File Path: "SteeringCompanyAPI_TestData/SteeringCompanyAPI_TestData.xlsx"".
2023-01-22 15:45:28.143 &amp#27;[32m INFO&amp#27;[m &amp#27;[35m[@503 - main]&amp#27;[m &amp#27;[36mcom.shaft.tools.io.ReportManager&amp#27;[m : Successfully created attachment "Test Data - Excel"
2023-01-22 15:45:28.143 &amp#27;[32m INFO&amp#27;[m &amp#27;[35m[@503 - main]&amp#27;[m &amp#27;[36mcom.shaft.tools.io.ReportManager&amp#27;[m : File Action "DoesFileExist" successfully performed. With the following test data "File Path: "SteeringCompanyAPI_TestData/SteeringCompanyAPI_TestData.xlsx"".
2023-01-22 15:45:28.205 &amp#27;[32m INFO&amp#27;[m &amp#27;[35m[@503 - main]&amp#27;[m &amp#27;[36mcom.shaft.tools.io.ReportManager&amp#27;[m : Successfully created attachment "Test Data - Excel"
2023-01-22 15:45:28.670 &amp#27;[32m INFO&amp#27;[m &amp#27;[35m[@503 - main]&amp#27;[m &amp#27;[36mcom.shaft.tools.io.ReportManager&amp#27;[m : Response status code: "422", status line: "HTTP/1.1 422 "
2023-01-22 15:45:28.687 &amp#27;[32m INFO&amp#27;[m &amp#27;[35m[@503 - main]&amp#27;[m &amp#27;[36mcom.shaft.tools.io.ReportManager&amp#27;[m : Successfully created attachment "API Request - Specifications"
2023-01-22 15:45:28.689 &amp#27;[32m INFO&amp#27;[m &amp#27;[35m[@503 - main]&amp#27;[m &amp#27;[36mcom.shaft.tools.io.ReportManager&amp#27;[m : Successfully created attachment "API Request - JSON Body"
2023-01-22 15:45:28.693 &amp#27;[32m INFO&amp#27;[m &amp#27;[35m[@503 - main]&amp#27;[m &amp#27;[36mcom.shaft.tools.io.ReportManager&amp#27;[m : Successfully created attachment "API Response - JSON Body"
2023-01-22 15:45:28.694 &amp#27;[32m INFO&amp#27;[m &amp#27;[35m[@503 - main]&amp#27;[m &amp#27;[36mcom.shaft.tools.io.ReportManager&amp#27;[m : File Action "DoesFileExist" successfully performed. With the following test data "File Path: "Schemas/ValidationError_schema.json"".
2023-01-22 15:45:28.694 &amp#27;[32m INFO&amp#27;[m &amp#27;[35m[@503 - main]&amp#27;[m &amp#27;[36mcom.shaft.tools.io.ReportManager&amp#27;[m : File Action "DoesFileExist" successfully performed. With the following test data "File Path: "src/test/resources/testDataFiles/Schemas/ValidationError_schema.json"".
2023-01-22 15:45:28.695 &amp#27;[32m INFO&amp#27;[m &amp#27;[35m[@503 - main]&amp#27;[m &amp#27;[36mcom.shaft.tools.io.ReportManager&amp#27;[m : File Action "GetAbsolutePath" successfully performed. With the following test data "Relative Folder Path: "src/test/resources/testDataFiles/Schemas/ValidationError_schema.json"".
2023-01-22 15:45:28.700 &amp#27;[32m INFO&amp#27;[m &amp#27;[35m[@503 - main]&amp#27;[m &amp#27;[36mcom.shaft.tools.io.ReportManager&amp#27;[m : File Action "DoesFileExist" successfully performed. With the following test data "File Path: "C:\eclipse-workspace\MyProjects\TASystemsAPIs\src\test\resources\testDataFiles\Schemas\ValidationError_schema.json"".
2023-01-22 15:45:28.700 &amp#27;[32m INFO&amp#27;[m &amp#27;[35m[@503 - main]&amp#27;[m &amp#27;[36mcom.shaft.tools.io.ReportManager&amp#27;[m : File Action "GetAbsolutePath" successfully performed. With the following test data "Relative Folder Path: "C:\eclipse-workspace\MyProjects\TASystemsAPIs\src\test\resources\testDataFiles\Schemas\ValidationError_schema.json"".
2023-01-22 15:45:28.701 &amp#27;[32m INFO&amp#27;[m &amp#27;[35m[@503 - main]&amp#27;[m &amp#27;[36mcom.shaft.tools.io.ReportManager&amp#27;[m : File Action "ReadFile" successfully performed. With the following test data "File Path: "C:\eclipse-workspace\MyProjects\TASystemsAPIs\src\test\resources\testDataFiles\Schemas\ValidationError_schema.json"".
2023-01-22 15:45:28.705 &amp#27;[32m INFO&amp#27;[m &amp#27;[35m[@503 - main]&amp#27;[m &amp#27;[36mcom.shaft.tools.io.ReportManager&amp#27;[m : Successfully created attachment "Validation Test Data - Expected JSON Value"
2023-01-22 15:45:28.707 &amp#27;[32m INFO&amp#27;[m &amp#27;[35m[@503 - main]&amp#27;[m &amp#27;[36mcom.shaft.tools.io.ReportManager&amp#27;[m : Successfully created attachment "Validation Test Data - Actual JSON Value"
2023-01-22 15:45:28.709 &amp#27;[32m INFO&amp#27;[m &amp#27;[35m[@503 - main]&amp#27;[m &amp#27;[36mcom.shaft.tools.io.ReportManager&amp#27;[m : Successfully created attachment "SHAFT Engine Logs - Current Method log: Update_Policy_With_InValid_data_TC"
]]></system-out>
  </testcase>
  <testcase name="Update_Policy_With_InValid_data_TC[[Ljava.lang.Object;@1d3d7504](39)" classname="SteeringCompanyAPI_TestCases.Test_Policies_Cases" time="1.316">
    <system-out><![CDATA[2023-01-22 15:45:28.714 &amp#27;[32m INFO&amp#27;[m &amp#27;[35m[@534 - main]&amp#27;[m &amp#27;[36mcom.shaft.tools.io.ReportManager&amp#27;[m : 
################################################################################################################################################
Starting Execution:	"227 out of 70" test cases in the current suite
Test Method:		"SteeringCompanyAPI_TestCases.Test_Policies_Cases.Update_Policy_With_InValid_data_TC"
Test Description:	"TC053 -Policy- Perform Update Policy with InValid data"
################################################################################################################################################
2023-01-22 15:45:28.715 &amp#27;[32m INFO&amp#27;[m &amp#27;[35m[@503 - main]&amp#27;[m &amp#27;[36mcom.shaft.tools.io.ReportManager&amp#27;[m : File Action "DoesFileExist" successfully performed. With the following test data "File Path: "SteeringCompanyAPI_TestData/SteeringCompanyAPI_TestData.xlsx"".
2023-01-22 15:45:28.749 &amp#27;[32m INFO&amp#27;[m &amp#27;[35m[@503 - main]&amp#27;[m &amp#27;[36mcom.shaft.tools.io.ReportManager&amp#27;[m : Successfully created attachment "Test Data - Excel"
2023-01-22 15:45:29.342 &amp#27;[32m INFO&amp#27;[m &amp#27;[35m[@503 - main]&amp#27;[m &amp#27;[36mcom.shaft.tools.io.ReportManager&amp#27;[m : Response status code: "200", status line: "HTTP/1.1 200 OK"
2023-01-22 15:45:29.360 &amp#27;[32m INFO&amp#27;[m &amp#27;[35m[@503 - main]&amp#27;[m &amp#27;[36mcom.shaft.tools.io.ReportManager&amp#27;[m : Successfully created attachment "API Request - Specifications"
2023-01-22 15:45:29.362 &amp#27;[32m INFO&amp#27;[m &amp#27;[35m[@503 - main]&amp#27;[m &amp#27;[36mcom.shaft.tools.io.ReportManager&amp#27;[m : Successfully created attachment "API Request - Body"
2023-01-22 15:45:29.363 &amp#27;[32m INFO&amp#27;[m &amp#27;[35m[@503 - main]&amp#27;[m &amp#27;[36mcom.shaft.tools.io.ReportManager&amp#27;[m : Successfully created attachment "API Response - JSON Body"
2023-01-22 15:45:29.380 &amp#27;[32m INFO&amp#27;[m &amp#27;[35m[@503 - main]&amp#27;[m &amp#27;[36mcom.shaft.tools.io.ReportManager&amp#27;[m : File Action "DoesFileExist" successfully performed. With the following test data "File Path: "SteeringCompanyAPI_TestData/SteeringCompanyAPI_TestData.xlsx"".
2023-01-22 15:45:29.423 &amp#27;[32m INFO&amp#27;[m &amp#27;[35m[@503 - main]&amp#27;[m &amp#27;[36mcom.shaft.tools.io.ReportManager&amp#27;[m : Successfully created attachment "Test Data - Excel"
2023-01-22 15:45:29.423 &amp#27;[32m INFO&amp#27;[m &amp#27;[35m[@503 - main]&amp#27;[m &amp#27;[36mcom.shaft.tools.io.ReportManager&amp#27;[m : File Action "DoesFileExist" successfully performed. With the following test data "File Path: "SteeringCompanyAPI_TestData/SteeringCompanyAPI_TestData.xlsx"".
2023-01-22 15:45:29.481 &amp#27;[32m INFO&amp#27;[m &amp#27;[35m[@503 - main]&amp#27;[m &amp#27;[36mcom.shaft.tools.io.ReportManager&amp#27;[m : Successfully created attachment "Test Data - Excel"
2023-01-22 15:45:29.482 &amp#27;[32m INFO&amp#27;[m &amp#27;[35m[@503 - main]&amp#27;[m &amp#27;[36mcom.shaft.tools.io.ReportManager&amp#27;[m : File Action "DoesFileExist" successfully performed. With the following test data "File Path: "SteeringCompanyAPI_TestData/SteeringCompanyAPI_TestData.xlsx"".
2023-01-22 15:45:29.529 &amp#27;[32m INFO&amp#27;[m &amp#27;[35m[@503 - main]&amp#27;[m &amp#27;[36mcom.shaft.tools.io.ReportManager&amp#27;[m : Successfully created attachment "Test Data - Excel"
2023-01-22 15:45:29.993 &amp#27;[32m INFO&amp#27;[m &amp#27;[35m[@503 - main]&amp#27;[m &amp#27;[36mcom.shaft.tools.io.ReportManager&amp#27;[m : Response status code: "422", status line: "HTTP/1.1 422 "
2023-01-22 15:45:30.008 &amp#27;[32m INFO&amp#27;[m &amp#27;[35m[@503 - main]&amp#27;[m &amp#27;[36mcom.shaft.tools.io.ReportManager&amp#27;[m : Successfully created attachment "API Request - Specifications"
2023-01-22 15:45:30.010 &amp#27;[32m INFO&amp#27;[m &amp#27;[35m[@503 - main]&amp#27;[m &amp#27;[36mcom.shaft.tools.io.ReportManager&amp#27;[m : Successfully created attachment "API Request - JSON Body"
2023-01-22 15:45:30.014 &amp#27;[32m INFO&amp#27;[m &amp#27;[35m[@503 - main]&amp#27;[m &amp#27;[36mcom.shaft.tools.io.ReportManager&amp#27;[m : Successfully created attachment "API Response - JSON Body"
2023-01-22 15:45:30.015 &amp#27;[32m INFO&amp#27;[m &amp#27;[35m[@503 - main]&amp#27;[m &amp#27;[36mcom.shaft.tools.io.ReportManager&amp#27;[m : File Action "DoesFileExist" successfully performed. With the following test data "File Path: "Schemas/ValidationError_schema.json"".
2023-01-22 15:45:30.015 &amp#27;[32m INFO&amp#27;[m &amp#27;[35m[@503 - main]&amp#27;[m &amp#27;[36mcom.shaft.tools.io.ReportManager&amp#27;[m : File Action "DoesFileExist" successfully performed. With the following test data "File Path: "src/test/resources/testDataFiles/Schemas/ValidationError_schema.json"".
2023-01-22 15:45:30.015 &amp#27;[32m INFO&amp#27;[m &amp#27;[35m[@503 - main]&amp#27;[m &amp#27;[36mcom.shaft.tools.io.ReportManager&amp#27;[m : File Action "GetAbsolutePath" successfully performed. With the following test data "Relative Folder Path: "src/test/resources/testDataFiles/Schemas/ValidationError_schema.json"".
2023-01-22 15:45:30.020 &amp#27;[32m INFO&amp#27;[m &amp#27;[35m[@503 - main]&amp#27;[m &amp#27;[36mcom.shaft.tools.io.ReportManager&amp#27;[m : File Action "DoesFileExist" successfully performed. With the following test data "File Path: "C:\eclipse-workspace\MyProjects\TASystemsAPIs\src\test\resources\testDataFiles\Schemas\ValidationError_schema.json"".
2023-01-22 15:45:30.021 &amp#27;[32m INFO&amp#27;[m &amp#27;[35m[@503 - main]&amp#27;[m &amp#27;[36mcom.shaft.tools.io.ReportManager&amp#27;[m : File Action "GetAbsolutePath" successfully performed. With the following test data "Relative Folder Path: "C:\eclipse-workspace\MyProjects\TASystemsAPIs\src\test\resources\testDataFiles\Schemas\ValidationError_schema.json"".
2023-01-22 15:45:30.021 &amp#27;[32m INFO&amp#27;[m &amp#27;[35m[@503 - main]&amp#27;[m &amp#27;[36mcom.shaft.tools.io.ReportManager&amp#27;[m : File Action "ReadFile" successfully performed. With the following test data "File Path: "C:\eclipse-workspace\MyProjects\TASystemsAPIs\src\test\resources\testDataFiles\Schemas\ValidationError_schema.json"".
2023-01-22 15:45:30.024 &amp#27;[32m INFO&amp#27;[m &amp#27;[35m[@503 - main]&amp#27;[m &amp#27;[36mcom.shaft.tools.io.ReportManager&amp#27;[m : Successfully created attachment "Validation Test Data - Expected JSON Value"
2023-01-22 15:45:30.025 &amp#27;[32m INFO&amp#27;[m &amp#27;[35m[@503 - main]&amp#27;[m &amp#27;[36mcom.shaft.tools.io.ReportManager&amp#27;[m : Successfully created attachment "Validation Test Data - Actual JSON Value"
2023-01-22 15:45:30.026 &amp#27;[32m INFO&amp#27;[m &amp#27;[35m[@503 - main]&amp#27;[m &amp#27;[36mcom.shaft.tools.io.ReportManager&amp#27;[m : Successfully created attachment "SHAFT Engine Logs - Current Method log: Update_Policy_With_InValid_data_TC"
]]></system-out>
  </testcase>
  <testcase name="Update_Policy_With_InValid_data_TC[[Ljava.lang.Object;@120d3c5b](40)" classname="SteeringCompanyAPI_TestCases.Test_Policies_Cases" time="1.346">
    <system-out><![CDATA[2023-01-22 15:45:30.030 &amp#27;[32m INFO&amp#27;[m &amp#27;[35m[@534 - main]&amp#27;[m &amp#27;[36mcom.shaft.tools.io.ReportManager&amp#27;[m : 
################################################################################################################################################
Starting Execution:	"228 out of 70" test cases in the current suite
Test Method:		"SteeringCompanyAPI_TestCases.Test_Policies_Cases.Update_Policy_With_InValid_data_TC"
Test Description:	"TC053 -Policy- Perform Update Policy with InValid data"
################################################################################################################################################
2023-01-22 15:45:30.031 &amp#27;[32m INFO&amp#27;[m &amp#27;[35m[@503 - main]&amp#27;[m &amp#27;[36mcom.shaft.tools.io.ReportManager&amp#27;[m : File Action "DoesFileExist" successfully performed. With the following test data "File Path: "SteeringCompanyAPI_TestData/SteeringCompanyAPI_TestData.xlsx"".
2023-01-22 15:45:30.064 &amp#27;[32m INFO&amp#27;[m &amp#27;[35m[@503 - main]&amp#27;[m &amp#27;[36mcom.shaft.tools.io.ReportManager&amp#27;[m : Successfully created attachment "Test Data - Excel"
2023-01-22 15:45:30.664 &amp#27;[32m INFO&amp#27;[m &amp#27;[35m[@503 - main]&amp#27;[m &amp#27;[36mcom.shaft.tools.io.ReportManager&amp#27;[m : Response status code: "200", status line: "HTTP/1.1 200 OK"
2023-01-22 15:45:30.682 &amp#27;[32m INFO&amp#27;[m &amp#27;[35m[@503 - main]&amp#27;[m &amp#27;[36mcom.shaft.tools.io.ReportManager&amp#27;[m : Successfully created attachment "API Request - Specifications"
2023-01-22 15:45:30.685 &amp#27;[32m INFO&amp#27;[m &amp#27;[35m[@503 - main]&amp#27;[m &amp#27;[36mcom.shaft.tools.io.ReportManager&amp#27;[m : Successfully created attachment "API Request - Body"
2023-01-22 15:45:30.686 &amp#27;[32m INFO&amp#27;[m &amp#27;[35m[@503 - main]&amp#27;[m &amp#27;[36mcom.shaft.tools.io.ReportManager&amp#27;[m : Successfully created attachment "API Response - JSON Body"
2023-01-22 15:45:30.701 &amp#27;[32m INFO&amp#27;[m &amp#27;[35m[@503 - main]&amp#27;[m &amp#27;[36mcom.shaft.tools.io.ReportManager&amp#27;[m : File Action "DoesFileExist" successfully performed. With the following test data "File Path: "SteeringCompanyAPI_TestData/SteeringCompanyAPI_TestData.xlsx"".
2023-01-22 15:45:30.760 &amp#27;[32m INFO&amp#27;[m &amp#27;[35m[@503 - main]&amp#27;[m &amp#27;[36mcom.shaft.tools.io.ReportManager&amp#27;[m : Successfully created attachment "Test Data - Excel"
2023-01-22 15:45:30.760 &amp#27;[32m INFO&amp#27;[m &amp#27;[35m[@503 - main]&amp#27;[m &amp#27;[36mcom.shaft.tools.io.ReportManager&amp#27;[m : File Action "DoesFileExist" successfully performed. With the following test data "File Path: "SteeringCompanyAPI_TestData/SteeringCompanyAPI_TestData.xlsx"".
2023-01-22 15:45:30.816 &amp#27;[32m INFO&amp#27;[m &amp#27;[35m[@503 - main]&amp#27;[m &amp#27;[36mcom.shaft.tools.io.ReportManager&amp#27;[m : Successfully created attachment "Test Data - Excel"
2023-01-22 15:45:30.816 &amp#27;[32m INFO&amp#27;[m &amp#27;[35m[@503 - main]&amp#27;[m &amp#27;[36mcom.shaft.tools.io.ReportManager&amp#27;[m : File Action "DoesFileExist" successfully performed. With the following test data "File Path: "SteeringCompanyAPI_TestData/SteeringCompanyAPI_TestData.xlsx"".
2023-01-22 15:45:30.876 &amp#27;[32m INFO&amp#27;[m &amp#27;[35m[@503 - main]&amp#27;[m &amp#27;[36mcom.shaft.tools.io.ReportManager&amp#27;[m : Successfully created attachment "Test Data - Excel"
2023-01-22 15:45:31.339 &amp#27;[32m INFO&amp#27;[m &amp#27;[35m[@503 - main]&amp#27;[m &amp#27;[36mcom.shaft.tools.io.ReportManager&amp#27;[m : Response status code: "422", status line: "HTTP/1.1 422 "
2023-01-22 15:45:31.357 &amp#27;[32m INFO&amp#27;[m &amp#27;[35m[@503 - main]&amp#27;[m &amp#27;[36mcom.shaft.tools.io.ReportManager&amp#27;[m : Successfully created attachment "API Request - Specifications"
2023-01-22 15:45:31.359 &amp#27;[32m INFO&amp#27;[m &amp#27;[35m[@503 - main]&amp#27;[m &amp#27;[36mcom.shaft.tools.io.ReportManager&amp#27;[m : Successfully created attachment "API Request - JSON Body"
2023-01-22 15:45:31.360 &amp#27;[32m INFO&amp#27;[m &amp#27;[35m[@503 - main]&amp#27;[m &amp#27;[36mcom.shaft.tools.io.ReportManager&amp#27;[m : Successfully created attachment "API Response - JSON Body"
2023-01-22 15:45:31.361 &amp#27;[32m INFO&amp#27;[m &amp#27;[35m[@503 - main]&amp#27;[m &amp#27;[36mcom.shaft.tools.io.ReportManager&amp#27;[m : File Action "DoesFileExist" successfully performed. With the following test data "File Path: "Schemas/ValidationError_schema.json"".
2023-01-22 15:45:31.361 &amp#27;[32m INFO&amp#27;[m &amp#27;[35m[@503 - main]&amp#27;[m &amp#27;[36mcom.shaft.tools.io.ReportManager&amp#27;[m : File Action "DoesFileExist" successfully performed. With the following test data "File Path: "src/test/resources/testDataFiles/Schemas/ValidationError_schema.json"".
2023-01-22 15:45:31.361 &amp#27;[32m INFO&amp#27;[m &amp#27;[35m[@503 - main]&amp#27;[m &amp#27;[36mcom.shaft.tools.io.ReportManager&amp#27;[m : File Action "GetAbsolutePath" successfully performed. With the following test data "Relative Folder Path: "src/test/resources/testDataFiles/Schemas/ValidationError_schema.json"".
2023-01-22 15:45:31.364 &amp#27;[32m INFO&amp#27;[m &amp#27;[35m[@503 - main]&amp#27;[m &amp#27;[36mcom.shaft.tools.io.ReportManager&amp#27;[m : File Action "DoesFileExist" successfully performed. With the following test data "File Path: "C:\eclipse-workspace\MyProjects\TASystemsAPIs\src\test\resources\testDataFiles\Schemas\ValidationError_schema.json"".
2023-01-22 15:45:31.364 &amp#27;[32m INFO&amp#27;[m &amp#27;[35m[@503 - main]&amp#27;[m &amp#27;[36mcom.shaft.tools.io.ReportManager&amp#27;[m : File Action "GetAbsolutePath" successfully performed. With the following test data "Relative Folder Path: "C:\eclipse-workspace\MyProjects\TASystemsAPIs\src\test\resources\testDataFiles\Schemas\ValidationError_schema.json"".
2023-01-22 15:45:31.364 &amp#27;[32m INFO&amp#27;[m &amp#27;[35m[@503 - main]&amp#27;[m &amp#27;[36mcom.shaft.tools.io.ReportManager&amp#27;[m : File Action "ReadFile" successfully performed. With the following test data "File Path: "C:\eclipse-workspace\MyProjects\TASystemsAPIs\src\test\resources\testDataFiles\Schemas\ValidationError_schema.json"".
2023-01-22 15:45:31.369 &amp#27;[32m INFO&amp#27;[m &amp#27;[35m[@503 - main]&amp#27;[m &amp#27;[36mcom.shaft.tools.io.ReportManager&amp#27;[m : Successfully created attachment "Validation Test Data - Expected JSON Value"
2023-01-22 15:45:31.371 &amp#27;[32m INFO&amp#27;[m &amp#27;[35m[@503 - main]&amp#27;[m &amp#27;[36mcom.shaft.tools.io.ReportManager&amp#27;[m : Successfully created attachment "Validation Test Data - Actual JSON Value"
2023-01-22 15:45:31.372 &amp#27;[32m INFO&amp#27;[m &amp#27;[35m[@503 - main]&amp#27;[m &amp#27;[36mcom.shaft.tools.io.ReportManager&amp#27;[m : Successfully created attachment "SHAFT Engine Logs - Current Method log: Update_Policy_With_InValid_data_TC"
]]></system-out>
  </testcase>
  <testcase name="Update_Policy_With_InValid_data_TC[[Ljava.lang.Object;@4fa892cb](41)" classname="SteeringCompanyAPI_TestCases.Test_Policies_Cases" time="1.361">
    <system-out><![CDATA[2023-01-22 15:45:31.377 &amp#27;[32m INFO&amp#27;[m &amp#27;[35m[@534 - main]&amp#27;[m &amp#27;[36mcom.shaft.tools.io.ReportManager&amp#27;[m : 
################################################################################################################################################
Starting Execution:	"229 out of 70" test cases in the current suite
Test Method:		"SteeringCompanyAPI_TestCases.Test_Policies_Cases.Update_Policy_With_InValid_data_TC"
Test Description:	"TC053 -Policy- Perform Update Policy with InValid data"
################################################################################################################################################
2023-01-22 15:45:31.378 &amp#27;[32m INFO&amp#27;[m &amp#27;[35m[@503 - main]&amp#27;[m &amp#27;[36mcom.shaft.tools.io.ReportManager&amp#27;[m : File Action "DoesFileExist" successfully performed. With the following test data "File Path: "SteeringCompanyAPI_TestData/SteeringCompanyAPI_TestData.xlsx"".
2023-01-22 15:45:31.428 &amp#27;[32m INFO&amp#27;[m &amp#27;[35m[@503 - main]&amp#27;[m &amp#27;[36mcom.shaft.tools.io.ReportManager&amp#27;[m : Successfully created attachment "Test Data - Excel"
2023-01-22 15:45:32.014 &amp#27;[32m INFO&amp#27;[m &amp#27;[35m[@503 - main]&amp#27;[m &amp#27;[36mcom.shaft.tools.io.ReportManager&amp#27;[m : Response status code: "200", status line: "HTTP/1.1 200 OK"
2023-01-22 15:45:32.030 &amp#27;[32m INFO&amp#27;[m &amp#27;[35m[@503 - main]&amp#27;[m &amp#27;[36mcom.shaft.tools.io.ReportManager&amp#27;[m : Successfully created attachment "API Request - Specifications"
2023-01-22 15:45:32.032 &amp#27;[32m INFO&amp#27;[m &amp#27;[35m[@503 - main]&amp#27;[m &amp#27;[36mcom.shaft.tools.io.ReportManager&amp#27;[m : Successfully created attachment "API Request - Body"
2023-01-22 15:45:32.035 &amp#27;[32m INFO&amp#27;[m &amp#27;[35m[@503 - main]&amp#27;[m &amp#27;[36mcom.shaft.tools.io.ReportManager&amp#27;[m : Successfully created attachment "API Response - JSON Body"
2023-01-22 15:45:32.052 &amp#27;[32m INFO&amp#27;[m &amp#27;[35m[@503 - main]&amp#27;[m &amp#27;[36mcom.shaft.tools.io.ReportManager&amp#27;[m : File Action "DoesFileExist" successfully performed. With the following test data "File Path: "SteeringCompanyAPI_TestData/SteeringCompanyAPI_TestData.xlsx"".
2023-01-22 15:45:32.100 &amp#27;[32m INFO&amp#27;[m &amp#27;[35m[@503 - main]&amp#27;[m &amp#27;[36mcom.shaft.tools.io.ReportManager&amp#27;[m : Successfully created attachment "Test Data - Excel"
2023-01-22 15:45:32.101 &amp#27;[32m INFO&amp#27;[m &amp#27;[35m[@503 - main]&amp#27;[m &amp#27;[36mcom.shaft.tools.io.ReportManager&amp#27;[m : File Action "DoesFileExist" successfully performed. With the following test data "File Path: "SteeringCompanyAPI_TestData/SteeringCompanyAPI_TestData.xlsx"".
2023-01-22 15:45:32.146 &amp#27;[32m INFO&amp#27;[m &amp#27;[35m[@503 - main]&amp#27;[m &amp#27;[36mcom.shaft.tools.io.ReportManager&amp#27;[m : Successfully created attachment "Test Data - Excel"
2023-01-22 15:45:32.147 &amp#27;[32m INFO&amp#27;[m &amp#27;[35m[@503 - main]&amp#27;[m &amp#27;[36mcom.shaft.tools.io.ReportManager&amp#27;[m : File Action "DoesFileExist" successfully performed. With the following test data "File Path: "SteeringCompanyAPI_TestData/SteeringCompanyAPI_TestData.xlsx"".
2023-01-22 15:45:32.206 &amp#27;[32m INFO&amp#27;[m &amp#27;[35m[@503 - main]&amp#27;[m &amp#27;[36mcom.shaft.tools.io.ReportManager&amp#27;[m : Successfully created attachment "Test Data - Excel"
2023-01-22 15:45:32.680 &amp#27;[32m INFO&amp#27;[m &amp#27;[35m[@503 - main]&amp#27;[m &amp#27;[36mcom.shaft.tools.io.ReportManager&amp#27;[m : Response status code: "422", status line: "HTTP/1.1 422 "
2023-01-22 15:45:32.708 &amp#27;[32m INFO&amp#27;[m &amp#27;[35m[@503 - main]&amp#27;[m &amp#27;[36mcom.shaft.tools.io.ReportManager&amp#27;[m : Successfully created attachment "API Request - Specifications"
2023-01-22 15:45:32.711 &amp#27;[32m INFO&amp#27;[m &amp#27;[35m[@503 - main]&amp#27;[m &amp#27;[36mcom.shaft.tools.io.ReportManager&amp#27;[m : Successfully created attachment "API Request - JSON Body"
2023-01-22 15:45:32.712 &amp#27;[32m INFO&amp#27;[m &amp#27;[35m[@503 - main]&amp#27;[m &amp#27;[36mcom.shaft.tools.io.ReportManager&amp#27;[m : Successfully created attachment "API Response - JSON Body"
2023-01-22 15:45:32.715 &amp#27;[32m INFO&amp#27;[m &amp#27;[35m[@503 - main]&amp#27;[m &amp#27;[36mcom.shaft.tools.io.ReportManager&amp#27;[m : File Action "DoesFileExist" successfully performed. With the following test data "File Path: "Schemas/ValidationError_schema.json"".
2023-01-22 15:45:32.716 &amp#27;[32m INFO&amp#27;[m &amp#27;[35m[@503 - main]&amp#27;[m &amp#27;[36mcom.shaft.tools.io.ReportManager&amp#27;[m : File Action "DoesFileExist" successfully performed. With the following test data "File Path: "src/test/resources/testDataFiles/Schemas/ValidationError_schema.json"".
2023-01-22 15:45:32.716 &amp#27;[32m INFO&amp#27;[m &amp#27;[35m[@503 - main]&amp#27;[m &amp#27;[36mcom.shaft.tools.io.ReportManager&amp#27;[m : File Action "GetAbsolutePath" successfully performed. With the following test data "Relative Folder Path: "src/test/resources/testDataFiles/Schemas/ValidationError_schema.json"".
2023-01-22 15:45:32.722 &amp#27;[32m INFO&amp#27;[m &amp#27;[35m[@503 - main]&amp#27;[m &amp#27;[36mcom.shaft.tools.io.ReportManager&amp#27;[m : File Action "DoesFileExist" successfully performed. With the following test data "File Path: "C:\eclipse-workspace\MyProjects\TASystemsAPIs\src\test\resources\testDataFiles\Schemas\ValidationError_schema.json"".
2023-01-22 15:45:32.722 &amp#27;[32m INFO&amp#27;[m &amp#27;[35m[@503 - main]&amp#27;[m &amp#27;[36mcom.shaft.tools.io.ReportManager&amp#27;[m : File Action "GetAbsolutePath" successfully performed. With the following test data "Relative Folder Path: "C:\eclipse-workspace\MyProjects\TASystemsAPIs\src\test\resources\testDataFiles\Schemas\ValidationError_schema.json"".
2023-01-22 15:45:32.723 &amp#27;[32m INFO&amp#27;[m &amp#27;[35m[@503 - main]&amp#27;[m &amp#27;[36mcom.shaft.tools.io.ReportManager&amp#27;[m : File Action "ReadFile" successfully performed. With the following test data "File Path: "C:\eclipse-workspace\MyProjects\TASystemsAPIs\src\test\resources\testDataFiles\Schemas\ValidationError_schema.json"".
2023-01-22 15:45:32.727 &amp#27;[32m INFO&amp#27;[m &amp#27;[35m[@503 - main]&amp#27;[m &amp#27;[36mcom.shaft.tools.io.ReportManager&amp#27;[m : Successfully created attachment "Validation Test Data - Expected JSON Value"
2023-01-22 15:45:32.729 &amp#27;[32m INFO&amp#27;[m &amp#27;[35m[@503 - main]&amp#27;[m &amp#27;[36mcom.shaft.tools.io.ReportManager&amp#27;[m : Successfully created attachment "Validation Test Data - Actual JSON Value"
2023-01-22 15:45:32.732 &amp#27;[32m INFO&amp#27;[m &amp#27;[35m[@503 - main]&amp#27;[m &amp#27;[36mcom.shaft.tools.io.ReportManager&amp#27;[m : Successfully created attachment "SHAFT Engine Logs - Current Method log: Update_Policy_With_InValid_data_TC"
]]></system-out>
  </testcase>
  <testcase name="Update_Policy_With_InValid_data_TC[[Ljava.lang.Object;@20cf2675](42)" classname="SteeringCompanyAPI_TestCases.Test_Policies_Cases" time="1.443">
    <system-out><![CDATA[2023-01-22 15:45:32.740 &amp#27;[32m INFO&amp#27;[m &amp#27;[35m[@534 - main]&amp#27;[m &amp#27;[36mcom.shaft.tools.io.ReportManager&amp#27;[m : 
################################################################################################################################################
Starting Execution:	"230 out of 70" test cases in the current suite
Test Method:		"SteeringCompanyAPI_TestCases.Test_Policies_Cases.Update_Policy_With_InValid_data_TC"
Test Description:	"TC053 -Policy- Perform Update Policy with InValid data"
################################################################################################################################################
2023-01-22 15:45:32.742 &amp#27;[32m INFO&amp#27;[m &amp#27;[35m[@503 - main]&amp#27;[m &amp#27;[36mcom.shaft.tools.io.ReportManager&amp#27;[m : File Action "DoesFileExist" successfully performed. With the following test data "File Path: "SteeringCompanyAPI_TestData/SteeringCompanyAPI_TestData.xlsx"".
2023-01-22 15:45:32.797 &amp#27;[32m INFO&amp#27;[m &amp#27;[35m[@503 - main]&amp#27;[m &amp#27;[36mcom.shaft.tools.io.ReportManager&amp#27;[m : Successfully created attachment "Test Data - Excel"
2023-01-22 15:45:33.432 &amp#27;[32m INFO&amp#27;[m &amp#27;[35m[@503 - main]&amp#27;[m &amp#27;[36mcom.shaft.tools.io.ReportManager&amp#27;[m : Response status code: "200", status line: "HTTP/1.1 200 OK"
2023-01-22 15:45:33.452 &amp#27;[32m INFO&amp#27;[m &amp#27;[35m[@503 - main]&amp#27;[m &amp#27;[36mcom.shaft.tools.io.ReportManager&amp#27;[m : Successfully created attachment "API Request - Specifications"
2023-01-22 15:45:33.452 &amp#27;[32m INFO&amp#27;[m &amp#27;[35m[@503 - main]&amp#27;[m &amp#27;[36mcom.shaft.tools.io.ReportManager&amp#27;[m : Successfully created attachment "API Request - Body"
2023-01-22 15:45:33.454 &amp#27;[32m INFO&amp#27;[m &amp#27;[35m[@503 - main]&amp#27;[m &amp#27;[36mcom.shaft.tools.io.ReportManager&amp#27;[m : Successfully created attachment "API Response - JSON Body"
2023-01-22 15:45:33.477 &amp#27;[32m INFO&amp#27;[m &amp#27;[35m[@503 - main]&amp#27;[m &amp#27;[36mcom.shaft.tools.io.ReportManager&amp#27;[m : File Action "DoesFileExist" successfully performed. With the following test data "File Path: "SteeringCompanyAPI_TestData/SteeringCompanyAPI_TestData.xlsx"".
2023-01-22 15:45:33.531 &amp#27;[32m INFO&amp#27;[m &amp#27;[35m[@503 - main]&amp#27;[m &amp#27;[36mcom.shaft.tools.io.ReportManager&amp#27;[m : Successfully created attachment "Test Data - Excel"
2023-01-22 15:45:33.532 &amp#27;[32m INFO&amp#27;[m &amp#27;[35m[@503 - main]&amp#27;[m &amp#27;[36mcom.shaft.tools.io.ReportManager&amp#27;[m : File Action "DoesFileExist" successfully performed. With the following test data "File Path: "SteeringCompanyAPI_TestData/SteeringCompanyAPI_TestData.xlsx"".
2023-01-22 15:45:33.592 &amp#27;[32m INFO&amp#27;[m &amp#27;[35m[@503 - main]&amp#27;[m &amp#27;[36mcom.shaft.tools.io.ReportManager&amp#27;[m : Successfully created attachment "Test Data - Excel"
2023-01-22 15:45:33.593 &amp#27;[32m INFO&amp#27;[m &amp#27;[35m[@503 - main]&amp#27;[m &amp#27;[36mcom.shaft.tools.io.ReportManager&amp#27;[m : File Action "DoesFileExist" successfully performed. With the following test data "File Path: "SteeringCompanyAPI_TestData/SteeringCompanyAPI_TestData.xlsx"".
2023-01-22 15:45:33.657 &amp#27;[32m INFO&amp#27;[m &amp#27;[35m[@503 - main]&amp#27;[m &amp#27;[36mcom.shaft.tools.io.ReportManager&amp#27;[m : Successfully created attachment "Test Data - Excel"
2023-01-22 15:45:34.130 &amp#27;[32m INFO&amp#27;[m &amp#27;[35m[@503 - main]&amp#27;[m &amp#27;[36mcom.shaft.tools.io.ReportManager&amp#27;[m : Response status code: "422", status line: "HTTP/1.1 422 "
2023-01-22 15:45:34.159 &amp#27;[32m INFO&amp#27;[m &amp#27;[35m[@503 - main]&amp#27;[m &amp#27;[36mcom.shaft.tools.io.ReportManager&amp#27;[m : Successfully created attachment "API Request - Specifications"
2023-01-22 15:45:34.163 &amp#27;[32m INFO&amp#27;[m &amp#27;[35m[@503 - main]&amp#27;[m &amp#27;[36mcom.shaft.tools.io.ReportManager&amp#27;[m : Successfully created attachment "API Request - JSON Body"
2023-01-22 15:45:34.164 &amp#27;[32m INFO&amp#27;[m &amp#27;[35m[@503 - main]&amp#27;[m &amp#27;[36mcom.shaft.tools.io.ReportManager&amp#27;[m : Successfully created attachment "API Response - JSON Body"
2023-01-22 15:45:34.165 &amp#27;[32m INFO&amp#27;[m &amp#27;[35m[@503 - main]&amp#27;[m &amp#27;[36mcom.shaft.tools.io.ReportManager&amp#27;[m : File Action "DoesFileExist" successfully performed. With the following test data "File Path: "Schemas/ValidationError_schema.json"".
2023-01-22 15:45:34.165 &amp#27;[32m INFO&amp#27;[m &amp#27;[35m[@503 - main]&amp#27;[m &amp#27;[36mcom.shaft.tools.io.ReportManager&amp#27;[m : File Action "DoesFileExist" successfully performed. With the following test data "File Path: "src/test/resources/testDataFiles/Schemas/ValidationError_schema.json"".
2023-01-22 15:45:34.166 &amp#27;[32m INFO&amp#27;[m &amp#27;[35m[@503 - main]&amp#27;[m &amp#27;[36mcom.shaft.tools.io.ReportManager&amp#27;[m : File Action "GetAbsolutePath" successfully performed. With the following test data "Relative Folder Path: "src/test/resources/testDataFiles/Schemas/ValidationError_schema.json"".
2023-01-22 15:45:34.170 &amp#27;[32m INFO&amp#27;[m &amp#27;[35m[@503 - main]&amp#27;[m &amp#27;[36mcom.shaft.tools.io.ReportManager&amp#27;[m : File Action "DoesFileExist" successfully performed. With the following test data "File Path: "C:\eclipse-workspace\MyProjects\TASystemsAPIs\src\test\resources\testDataFiles\Schemas\ValidationError_schema.json"".
2023-01-22 15:45:34.171 &amp#27;[32m INFO&amp#27;[m &amp#27;[35m[@503 - main]&amp#27;[m &amp#27;[36mcom.shaft.tools.io.ReportManager&amp#27;[m : File Action "GetAbsolutePath" successfully performed. With the following test data "Relative Folder Path: "C:\eclipse-workspace\MyProjects\TASystemsAPIs\src\test\resources\testDataFiles\Schemas\ValidationError_schema.json"".
2023-01-22 15:45:34.171 &amp#27;[32m INFO&amp#27;[m &amp#27;[35m[@503 - main]&amp#27;[m &amp#27;[36mcom.shaft.tools.io.ReportManager&amp#27;[m : File Action "ReadFile" successfully performed. With the following test data "File Path: "C:\eclipse-workspace\MyProjects\TASystemsAPIs\src\test\resources\testDataFiles\Schemas\ValidationError_schema.json"".
2023-01-22 15:45:34.173 &amp#27;[32m INFO&amp#27;[m &amp#27;[35m[@503 - main]&amp#27;[m &amp#27;[36mcom.shaft.tools.io.ReportManager&amp#27;[m : Successfully created attachment "Validation Test Data - Expected JSON Value"
2023-01-22 15:45:34.174 &amp#27;[32m INFO&amp#27;[m &amp#27;[35m[@503 - main]&amp#27;[m &amp#27;[36mcom.shaft.tools.io.ReportManager&amp#27;[m : Successfully created attachment "Validation Test Data - Actual JSON Value"
2023-01-22 15:45:34.176 &amp#27;[32m INFO&amp#27;[m &amp#27;[35m[@503 - main]&amp#27;[m &amp#27;[36mcom.shaft.tools.io.ReportManager&amp#27;[m : Successfully created attachment "SHAFT Engine Logs - Current Method log: Update_Policy_With_InValid_data_TC"
]]></system-out>
  </testcase>
  <testcase name="Update_Policy_With_InValid_data_TC[[Ljava.lang.Object;@6eb1026e](43)" classname="SteeringCompanyAPI_TestCases.Test_Policies_Cases" time="1.387">
    <system-out><![CDATA[2023-01-22 15:45:34.180 &amp#27;[32m INFO&amp#27;[m &amp#27;[35m[@534 - main]&amp#27;[m &amp#27;[36mcom.shaft.tools.io.ReportManager&amp#27;[m : 
################################################################################################################################################
Starting Execution:	"231 out of 70" test cases in the current suite
Test Method:		"SteeringCompanyAPI_TestCases.Test_Policies_Cases.Update_Policy_With_InValid_data_TC"
Test Description:	"TC053 -Policy- Perform Update Policy with InValid data"
################################################################################################################################################
2023-01-22 15:45:34.181 &amp#27;[32m INFO&amp#27;[m &amp#27;[35m[@503 - main]&amp#27;[m &amp#27;[36mcom.shaft.tools.io.ReportManager&amp#27;[m : File Action "DoesFileExist" successfully performed. With the following test data "File Path: "SteeringCompanyAPI_TestData/SteeringCompanyAPI_TestData.xlsx"".
2023-01-22 15:45:34.251 &amp#27;[32m INFO&amp#27;[m &amp#27;[35m[@503 - main]&amp#27;[m &amp#27;[36mcom.shaft.tools.io.ReportManager&amp#27;[m : Successfully created attachment "Test Data - Excel"
2023-01-22 15:45:34.821 &amp#27;[32m INFO&amp#27;[m &amp#27;[35m[@503 - main]&amp#27;[m &amp#27;[36mcom.shaft.tools.io.ReportManager&amp#27;[m : Response status code: "200", status line: "HTTP/1.1 200 OK"
2023-01-22 15:45:34.839 &amp#27;[32m INFO&amp#27;[m &amp#27;[35m[@503 - main]&amp#27;[m &amp#27;[36mcom.shaft.tools.io.ReportManager&amp#27;[m : Successfully created attachment "API Request - Specifications"
2023-01-22 15:45:34.841 &amp#27;[32m INFO&amp#27;[m &amp#27;[35m[@503 - main]&amp#27;[m &amp#27;[36mcom.shaft.tools.io.ReportManager&amp#27;[m : Successfully created attachment "API Request - Body"
2023-01-22 15:45:34.842 &amp#27;[32m INFO&amp#27;[m &amp#27;[35m[@503 - main]&amp#27;[m &amp#27;[36mcom.shaft.tools.io.ReportManager&amp#27;[m : Successfully created attachment "API Response - JSON Body"
2023-01-22 15:45:34.856 &amp#27;[32m INFO&amp#27;[m &amp#27;[35m[@503 - main]&amp#27;[m &amp#27;[36mcom.shaft.tools.io.ReportManager&amp#27;[m : File Action "DoesFileExist" successfully performed. With the following test data "File Path: "SteeringCompanyAPI_TestData/SteeringCompanyAPI_TestData.xlsx"".
2023-01-22 15:45:34.929 &amp#27;[32m INFO&amp#27;[m &amp#27;[35m[@503 - main]&amp#27;[m &amp#27;[36mcom.shaft.tools.io.ReportManager&amp#27;[m : Successfully created attachment "Test Data - Excel"
2023-01-22 15:45:34.929 &amp#27;[32m INFO&amp#27;[m &amp#27;[35m[@503 - main]&amp#27;[m &amp#27;[36mcom.shaft.tools.io.ReportManager&amp#27;[m : File Action "DoesFileExist" successfully performed. With the following test data "File Path: "SteeringCompanyAPI_TestData/SteeringCompanyAPI_TestData.xlsx"".
2023-01-22 15:45:34.999 &amp#27;[32m INFO&amp#27;[m &amp#27;[35m[@503 - main]&amp#27;[m &amp#27;[36mcom.shaft.tools.io.ReportManager&amp#27;[m : Successfully created attachment "Test Data - Excel"
2023-01-22 15:45:35.000 &amp#27;[32m INFO&amp#27;[m &amp#27;[35m[@503 - main]&amp#27;[m &amp#27;[36mcom.shaft.tools.io.ReportManager&amp#27;[m : File Action "DoesFileExist" successfully performed. With the following test data "File Path: "SteeringCompanyAPI_TestData/SteeringCompanyAPI_TestData.xlsx"".
2023-01-22 15:45:35.054 &amp#27;[32m INFO&amp#27;[m &amp#27;[35m[@503 - main]&amp#27;[m &amp#27;[36mcom.shaft.tools.io.ReportManager&amp#27;[m : Successfully created attachment "Test Data - Excel"
2023-01-22 15:45:35.526 &amp#27;[32m INFO&amp#27;[m &amp#27;[35m[@503 - main]&amp#27;[m &amp#27;[36mcom.shaft.tools.io.ReportManager&amp#27;[m : Response status code: "422", status line: "HTTP/1.1 422 "
2023-01-22 15:45:35.545 &amp#27;[32m INFO&amp#27;[m &amp#27;[35m[@503 - main]&amp#27;[m &amp#27;[36mcom.shaft.tools.io.ReportManager&amp#27;[m : Successfully created attachment "API Request - Specifications"
2023-01-22 15:45:35.547 &amp#27;[32m INFO&amp#27;[m &amp#27;[35m[@503 - main]&amp#27;[m &amp#27;[36mcom.shaft.tools.io.ReportManager&amp#27;[m : Successfully created attachment "API Request - JSON Body"
2023-01-22 15:45:35.548 &amp#27;[32m INFO&amp#27;[m &amp#27;[35m[@503 - main]&amp#27;[m &amp#27;[36mcom.shaft.tools.io.ReportManager&amp#27;[m : Successfully created attachment "API Response - JSON Body"
2023-01-22 15:45:35.550 &amp#27;[32m INFO&amp#27;[m &amp#27;[35m[@503 - main]&amp#27;[m &amp#27;[36mcom.shaft.tools.io.ReportManager&amp#27;[m : File Action "DoesFileExist" successfully performed. With the following test data "File Path: "Schemas/ValidationError_schema.json"".
2023-01-22 15:45:35.552 &amp#27;[32m INFO&amp#27;[m &amp#27;[35m[@503 - main]&amp#27;[m &amp#27;[36mcom.shaft.tools.io.ReportManager&amp#27;[m : File Action "DoesFileExist" successfully performed. With the following test data "File Path: "src/test/resources/testDataFiles/Schemas/ValidationError_schema.json"".
2023-01-22 15:45:35.552 &amp#27;[32m INFO&amp#27;[m &amp#27;[35m[@503 - main]&amp#27;[m &amp#27;[36mcom.shaft.tools.io.ReportManager&amp#27;[m : File Action "GetAbsolutePath" successfully performed. With the following test data "Relative Folder Path: "src/test/resources/testDataFiles/Schemas/ValidationError_schema.json"".
2023-01-22 15:45:35.557 &amp#27;[32m INFO&amp#27;[m &amp#27;[35m[@503 - main]&amp#27;[m &amp#27;[36mcom.shaft.tools.io.ReportManager&amp#27;[m : File Action "DoesFileExist" successfully performed. With the following test data "File Path: "C:\eclipse-workspace\MyProjects\TASystemsAPIs\src\test\resources\testDataFiles\Schemas\ValidationError_schema.json"".
2023-01-22 15:45:35.558 &amp#27;[32m INFO&amp#27;[m &amp#27;[35m[@503 - main]&amp#27;[m &amp#27;[36mcom.shaft.tools.io.ReportManager&amp#27;[m : File Action "GetAbsolutePath" successfully performed. With the following test data "Relative Folder Path: "C:\eclipse-workspace\MyProjects\TASystemsAPIs\src\test\resources\testDataFiles\Schemas\ValidationError_schema.json"".
2023-01-22 15:45:35.558 &amp#27;[32m INFO&amp#27;[m &amp#27;[35m[@503 - main]&amp#27;[m &amp#27;[36mcom.shaft.tools.io.ReportManager&amp#27;[m : File Action "ReadFile" successfully performed. With the following test data "File Path: "C:\eclipse-workspace\MyProjects\TASystemsAPIs\src\test\resources\testDataFiles\Schemas\ValidationError_schema.json"".
2023-01-22 15:45:35.562 &amp#27;[32m INFO&amp#27;[m &amp#27;[35m[@503 - main]&amp#27;[m &amp#27;[36mcom.shaft.tools.io.ReportManager&amp#27;[m : Successfully created attachment "Validation Test Data - Expected JSON Value"
2023-01-22 15:45:35.563 &amp#27;[32m INFO&amp#27;[m &amp#27;[35m[@503 - main]&amp#27;[m &amp#27;[36mcom.shaft.tools.io.ReportManager&amp#27;[m : Successfully created attachment "Validation Test Data - Actual JSON Value"
2023-01-22 15:45:35.564 &amp#27;[32m INFO&amp#27;[m &amp#27;[35m[@503 - main]&amp#27;[m &amp#27;[36mcom.shaft.tools.io.ReportManager&amp#27;[m : Successfully created attachment "SHAFT Engine Logs - Current Method log: Update_Policy_With_InValid_data_TC"
]]></system-out>
  </testcase>
  <testcase name="Update_Policy_With_InValid_data_TC[[Ljava.lang.Object;@616e1183](44)" classname="SteeringCompanyAPI_TestCases.Test_Policies_Cases" time="1.527">
    <system-out><![CDATA[2023-01-22 15:45:35.567 &amp#27;[32m INFO&amp#27;[m &amp#27;[35m[@534 - main]&amp#27;[m &amp#27;[36mcom.shaft.tools.io.ReportManager&amp#27;[m : 
################################################################################################################################################
Starting Execution:	"232 out of 70" test cases in the current suite
Test Method:		"SteeringCompanyAPI_TestCases.Test_Policies_Cases.Update_Policy_With_InValid_data_TC"
Test Description:	"TC053 -Policy- Perform Update Policy with InValid data"
################################################################################################################################################
2023-01-22 15:45:35.569 &amp#27;[32m INFO&amp#27;[m &amp#27;[35m[@503 - main]&amp#27;[m &amp#27;[36mcom.shaft.tools.io.ReportManager&amp#27;[m : File Action "DoesFileExist" successfully performed. With the following test data "File Path: "SteeringCompanyAPI_TestData/SteeringCompanyAPI_TestData.xlsx"".
2023-01-22 15:45:35.664 &amp#27;[32m INFO&amp#27;[m &amp#27;[35m[@503 - main]&amp#27;[m &amp#27;[36mcom.shaft.tools.io.ReportManager&amp#27;[m : Successfully created attachment "Test Data - Excel"
2023-01-22 15:45:36.280 &amp#27;[32m INFO&amp#27;[m &amp#27;[35m[@503 - main]&amp#27;[m &amp#27;[36mcom.shaft.tools.io.ReportManager&amp#27;[m : Response status code: "200", status line: "HTTP/1.1 200 OK"
2023-01-22 15:45:36.299 &amp#27;[32m INFO&amp#27;[m &amp#27;[35m[@503 - main]&amp#27;[m &amp#27;[36mcom.shaft.tools.io.ReportManager&amp#27;[m : Successfully created attachment "API Request - Specifications"
2023-01-22 15:45:36.301 &amp#27;[32m INFO&amp#27;[m &amp#27;[35m[@503 - main]&amp#27;[m &amp#27;[36mcom.shaft.tools.io.ReportManager&amp#27;[m : Successfully created attachment "API Request - Body"
2023-01-22 15:45:36.304 &amp#27;[32m INFO&amp#27;[m &amp#27;[35m[@503 - main]&amp#27;[m &amp#27;[36mcom.shaft.tools.io.ReportManager&amp#27;[m : Successfully created attachment "API Response - JSON Body"
2023-01-22 15:45:36.328 &amp#27;[32m INFO&amp#27;[m &amp#27;[35m[@503 - main]&amp#27;[m &amp#27;[36mcom.shaft.tools.io.ReportManager&amp#27;[m : File Action "DoesFileExist" successfully performed. With the following test data "File Path: "SteeringCompanyAPI_TestData/SteeringCompanyAPI_TestData.xlsx"".
2023-01-22 15:45:36.417 &amp#27;[32m INFO&amp#27;[m &amp#27;[35m[@503 - main]&amp#27;[m &amp#27;[36mcom.shaft.tools.io.ReportManager&amp#27;[m : Successfully created attachment "Test Data - Excel"
2023-01-22 15:45:36.417 &amp#27;[32m INFO&amp#27;[m &amp#27;[35m[@503 - main]&amp#27;[m &amp#27;[36mcom.shaft.tools.io.ReportManager&amp#27;[m : File Action "DoesFileExist" successfully performed. With the following test data "File Path: "SteeringCompanyAPI_TestData/SteeringCompanyAPI_TestData.xlsx"".
2023-01-22 15:45:36.501 &amp#27;[32m INFO&amp#27;[m &amp#27;[35m[@503 - main]&amp#27;[m &amp#27;[36mcom.shaft.tools.io.ReportManager&amp#27;[m : Successfully created attachment "Test Data - Excel"
2023-01-22 15:45:36.501 &amp#27;[32m INFO&amp#27;[m &amp#27;[35m[@503 - main]&amp#27;[m &amp#27;[36mcom.shaft.tools.io.ReportManager&amp#27;[m : File Action "DoesFileExist" successfully performed. With the following test data "File Path: "SteeringCompanyAPI_TestData/SteeringCompanyAPI_TestData.xlsx"".
2023-01-22 15:45:36.582 &amp#27;[32m INFO&amp#27;[m &amp#27;[35m[@503 - main]&amp#27;[m &amp#27;[36mcom.shaft.tools.io.ReportManager&amp#27;[m : Successfully created attachment "Test Data - Excel"
2023-01-22 15:45:37.053 &amp#27;[32m INFO&amp#27;[m &amp#27;[35m[@503 - main]&amp#27;[m &amp#27;[36mcom.shaft.tools.io.ReportManager&amp#27;[m : Response status code: "422", status line: "HTTP/1.1 422 "
2023-01-22 15:45:37.074 &amp#27;[32m INFO&amp#27;[m &amp#27;[35m[@503 - main]&amp#27;[m &amp#27;[36mcom.shaft.tools.io.ReportManager&amp#27;[m : Successfully created attachment "API Request - Specifications"
2023-01-22 15:45:37.076 &amp#27;[32m INFO&amp#27;[m &amp#27;[35m[@503 - main]&amp#27;[m &amp#27;[36mcom.shaft.tools.io.ReportManager&amp#27;[m : Successfully created attachment "API Request - JSON Body"
2023-01-22 15:45:37.077 &amp#27;[32m INFO&amp#27;[m &amp#27;[35m[@503 - main]&amp#27;[m &amp#27;[36mcom.shaft.tools.io.ReportManager&amp#27;[m : Successfully created attachment "API Response - JSON Body"
2023-01-22 15:45:37.077 &amp#27;[32m INFO&amp#27;[m &amp#27;[35m[@503 - main]&amp#27;[m &amp#27;[36mcom.shaft.tools.io.ReportManager&amp#27;[m : File Action "DoesFileExist" successfully performed. With the following test data "File Path: "Schemas/ValidationError_schema.json"".
2023-01-22 15:45:37.078 &amp#27;[32m INFO&amp#27;[m &amp#27;[35m[@503 - main]&amp#27;[m &amp#27;[36mcom.shaft.tools.io.ReportManager&amp#27;[m : File Action "DoesFileExist" successfully performed. With the following test data "File Path: "src/test/resources/testDataFiles/Schemas/ValidationError_schema.json"".
2023-01-22 15:45:37.078 &amp#27;[32m INFO&amp#27;[m &amp#27;[35m[@503 - main]&amp#27;[m &amp#27;[36mcom.shaft.tools.io.ReportManager&amp#27;[m : File Action "GetAbsolutePath" successfully performed. With the following test data "Relative Folder Path: "src/test/resources/testDataFiles/Schemas/ValidationError_schema.json"".
2023-01-22 15:45:37.084 &amp#27;[32m INFO&amp#27;[m &amp#27;[35m[@503 - main]&amp#27;[m &amp#27;[36mcom.shaft.tools.io.ReportManager&amp#27;[m : File Action "DoesFileExist" successfully performed. With the following test data "File Path: "C:\eclipse-workspace\MyProjects\TASystemsAPIs\src\test\resources\testDataFiles\Schemas\ValidationError_schema.json"".
2023-01-22 15:45:37.085 &amp#27;[32m INFO&amp#27;[m &amp#27;[35m[@503 - main]&amp#27;[m &amp#27;[36mcom.shaft.tools.io.ReportManager&amp#27;[m : File Action "GetAbsolutePath" successfully performed. With the following test data "Relative Folder Path: "C:\eclipse-workspace\MyProjects\TASystemsAPIs\src\test\resources\testDataFiles\Schemas\ValidationError_schema.json"".
2023-01-22 15:45:37.085 &amp#27;[32m INFO&amp#27;[m &amp#27;[35m[@503 - main]&amp#27;[m &amp#27;[36mcom.shaft.tools.io.ReportManager&amp#27;[m : File Action "ReadFile" successfully performed. With the following test data "File Path: "C:\eclipse-workspace\MyProjects\TASystemsAPIs\src\test\resources\testDataFiles\Schemas\ValidationError_schema.json"".
2023-01-22 15:45:37.086 &amp#27;[32m INFO&amp#27;[m &amp#27;[35m[@503 - main]&amp#27;[m &amp#27;[36mcom.shaft.tools.io.ReportManager&amp#27;[m : Successfully created attachment "Validation Test Data - Expected JSON Value"
2023-01-22 15:45:37.088 &amp#27;[32m INFO&amp#27;[m &amp#27;[35m[@503 - main]&amp#27;[m &amp#27;[36mcom.shaft.tools.io.ReportManager&amp#27;[m : Successfully created attachment "Validation Test Data - Actual JSON Value"
2023-01-22 15:45:37.090 &amp#27;[32m INFO&amp#27;[m &amp#27;[35m[@503 - main]&amp#27;[m &amp#27;[36mcom.shaft.tools.io.ReportManager&amp#27;[m : Successfully created attachment "SHAFT Engine Logs - Current Method log: Update_Policy_With_InValid_data_TC"
]]></system-out>
  </testcase>
  <testcase name="Update_Policy_With_InValid_data_TC[[Ljava.lang.Object;@701e790d](45)" classname="SteeringCompanyAPI_TestCases.Test_Policies_Cases" time="1.37">
    <system-out><![CDATA[2023-01-22 15:45:37.095 &amp#27;[32m INFO&amp#27;[m &amp#27;[35m[@534 - main]&amp#27;[m &amp#27;[36mcom.shaft.tools.io.ReportManager&amp#27;[m : 
################################################################################################################################################
Starting Execution:	"233 out of 70" test cases in the current suite
Test Method:		"SteeringCompanyAPI_TestCases.Test_Policies_Cases.Update_Policy_With_InValid_data_TC"
Test Description:	"TC053 -Policy- Perform Update Policy with InValid data"
################################################################################################################################################
2023-01-22 15:45:37.096 &amp#27;[32m INFO&amp#27;[m &amp#27;[35m[@503 - main]&amp#27;[m &amp#27;[36mcom.shaft.tools.io.ReportManager&amp#27;[m : File Action "DoesFileExist" successfully performed. With the following test data "File Path: "SteeringCompanyAPI_TestData/SteeringCompanyAPI_TestData.xlsx"".
2023-01-22 15:45:37.154 &amp#27;[32m INFO&amp#27;[m &amp#27;[35m[@503 - main]&amp#27;[m &amp#27;[36mcom.shaft.tools.io.ReportManager&amp#27;[m : Successfully created attachment "Test Data - Excel"
2023-01-22 15:45:37.755 &amp#27;[32m INFO&amp#27;[m &amp#27;[35m[@503 - main]&amp#27;[m &amp#27;[36mcom.shaft.tools.io.ReportManager&amp#27;[m : Response status code: "200", status line: "HTTP/1.1 200 OK"
2023-01-22 15:45:37.771 &amp#27;[32m INFO&amp#27;[m &amp#27;[35m[@503 - main]&amp#27;[m &amp#27;[36mcom.shaft.tools.io.ReportManager&amp#27;[m : Successfully created attachment "API Request - Specifications"
2023-01-22 15:45:37.773 &amp#27;[32m INFO&amp#27;[m &amp#27;[35m[@503 - main]&amp#27;[m &amp#27;[36mcom.shaft.tools.io.ReportManager&amp#27;[m : Successfully created attachment "API Request - Body"
2023-01-22 15:45:37.774 &amp#27;[32m INFO&amp#27;[m &amp#27;[35m[@503 - main]&amp#27;[m &amp#27;[36mcom.shaft.tools.io.ReportManager&amp#27;[m : Successfully created attachment "API Response - JSON Body"
2023-01-22 15:45:37.789 &amp#27;[32m INFO&amp#27;[m &amp#27;[35m[@503 - main]&amp#27;[m &amp#27;[36mcom.shaft.tools.io.ReportManager&amp#27;[m : File Action "DoesFileExist" successfully performed. With the following test data "File Path: "SteeringCompanyAPI_TestData/SteeringCompanyAPI_TestData.xlsx"".
2023-01-22 15:45:37.847 &amp#27;[32m INFO&amp#27;[m &amp#27;[35m[@503 - main]&amp#27;[m &amp#27;[36mcom.shaft.tools.io.ReportManager&amp#27;[m : Successfully created attachment "Test Data - Excel"
2023-01-22 15:45:37.847 &amp#27;[32m INFO&amp#27;[m &amp#27;[35m[@503 - main]&amp#27;[m &amp#27;[36mcom.shaft.tools.io.ReportManager&amp#27;[m : File Action "DoesFileExist" successfully performed. With the following test data "File Path: "SteeringCompanyAPI_TestData/SteeringCompanyAPI_TestData.xlsx"".
2023-01-22 15:45:37.904 &amp#27;[32m INFO&amp#27;[m &amp#27;[35m[@503 - main]&amp#27;[m &amp#27;[36mcom.shaft.tools.io.ReportManager&amp#27;[m : Successfully created attachment "Test Data - Excel"
2023-01-22 15:45:37.905 &amp#27;[32m INFO&amp#27;[m &amp#27;[35m[@503 - main]&amp#27;[m &amp#27;[36mcom.shaft.tools.io.ReportManager&amp#27;[m : File Action "DoesFileExist" successfully performed. With the following test data "File Path: "SteeringCompanyAPI_TestData/SteeringCompanyAPI_TestData.xlsx"".
2023-01-22 15:45:37.954 &amp#27;[32m INFO&amp#27;[m &amp#27;[35m[@503 - main]&amp#27;[m &amp#27;[36mcom.shaft.tools.io.ReportManager&amp#27;[m : Successfully created attachment "Test Data - Excel"
2023-01-22 15:45:38.421 &amp#27;[32m INFO&amp#27;[m &amp#27;[35m[@503 - main]&amp#27;[m &amp#27;[36mcom.shaft.tools.io.ReportManager&amp#27;[m : Response status code: "422", status line: "HTTP/1.1 422 "
2023-01-22 15:45:38.438 &amp#27;[32m INFO&amp#27;[m &amp#27;[35m[@503 - main]&amp#27;[m &amp#27;[36mcom.shaft.tools.io.ReportManager&amp#27;[m : Successfully created attachment "API Request - Specifications"
2023-01-22 15:45:38.442 &amp#27;[32m INFO&amp#27;[m &amp#27;[35m[@503 - main]&amp#27;[m &amp#27;[36mcom.shaft.tools.io.ReportManager&amp#27;[m : Successfully created attachment "API Request - JSON Body"
2023-01-22 15:45:38.443 &amp#27;[32m INFO&amp#27;[m &amp#27;[35m[@503 - main]&amp#27;[m &amp#27;[36mcom.shaft.tools.io.ReportManager&amp#27;[m : Successfully created attachment "API Response - JSON Body"
2023-01-22 15:45:38.445 &amp#27;[32m INFO&amp#27;[m &amp#27;[35m[@503 - main]&amp#27;[m &amp#27;[36mcom.shaft.tools.io.ReportManager&amp#27;[m : File Action "DoesFileExist" successfully performed. With the following test data "File Path: "Schemas/ValidationError_schema.json"".
2023-01-22 15:45:38.445 &amp#27;[32m INFO&amp#27;[m &amp#27;[35m[@503 - main]&amp#27;[m &amp#27;[36mcom.shaft.tools.io.ReportManager&amp#27;[m : File Action "DoesFileExist" successfully performed. With the following test data "File Path: "src/test/resources/testDataFiles/Schemas/ValidationError_schema.json"".
2023-01-22 15:45:38.445 &amp#27;[32m INFO&amp#27;[m &amp#27;[35m[@503 - main]&amp#27;[m &amp#27;[36mcom.shaft.tools.io.ReportManager&amp#27;[m : File Action "GetAbsolutePath" successfully performed. With the following test data "Relative Folder Path: "src/test/resources/testDataFiles/Schemas/ValidationError_schema.json"".
2023-01-22 15:45:38.451 &amp#27;[32m INFO&amp#27;[m &amp#27;[35m[@503 - main]&amp#27;[m &amp#27;[36mcom.shaft.tools.io.ReportManager&amp#27;[m : File Action "DoesFileExist" successfully performed. With the following test data "File Path: "C:\eclipse-workspace\MyProjects\TASystemsAPIs\src\test\resources\testDataFiles\Schemas\ValidationError_schema.json"".
2023-01-22 15:45:38.452 &amp#27;[32m INFO&amp#27;[m &amp#27;[35m[@503 - main]&amp#27;[m &amp#27;[36mcom.shaft.tools.io.ReportManager&amp#27;[m : File Action "GetAbsolutePath" successfully performed. With the following test data "Relative Folder Path: "C:\eclipse-workspace\MyProjects\TASystemsAPIs\src\test\resources\testDataFiles\Schemas\ValidationError_schema.json"".
2023-01-22 15:45:38.453 &amp#27;[32m INFO&amp#27;[m &amp#27;[35m[@503 - main]&amp#27;[m &amp#27;[36mcom.shaft.tools.io.ReportManager&amp#27;[m : File Action "ReadFile" successfully performed. With the following test data "File Path: "C:\eclipse-workspace\MyProjects\TASystemsAPIs\src\test\resources\testDataFiles\Schemas\ValidationError_schema.json"".
2023-01-22 15:45:38.456 &amp#27;[32m INFO&amp#27;[m &amp#27;[35m[@503 - main]&amp#27;[m &amp#27;[36mcom.shaft.tools.io.ReportManager&amp#27;[m : Successfully created attachment "Validation Test Data - Expected JSON Value"
2023-01-22 15:45:38.458 &amp#27;[32m INFO&amp#27;[m &amp#27;[35m[@503 - main]&amp#27;[m &amp#27;[36mcom.shaft.tools.io.ReportManager&amp#27;[m : Successfully created attachment "Validation Test Data - Actual JSON Value"
2023-01-22 15:45:38.460 &amp#27;[32m INFO&amp#27;[m &amp#27;[35m[@503 - main]&amp#27;[m &amp#27;[36mcom.shaft.tools.io.ReportManager&amp#27;[m : Successfully created attachment "SHAFT Engine Logs - Current Method log: Update_Policy_With_InValid_data_TC"
]]></system-out>
  </testcase>
  <testcase name="Update_Policy_With_InValid_data_TC[[Ljava.lang.Object;@22d6b630](46)" classname="SteeringCompanyAPI_TestCases.Test_Policies_Cases" time="1.897">
    <system-out><![CDATA[2023-01-22 15:45:38.467 &amp#27;[32m INFO&amp#27;[m &amp#27;[35m[@534 - main]&amp#27;[m &amp#27;[36mcom.shaft.tools.io.ReportManager&amp#27;[m : 
################################################################################################################################################
Starting Execution:	"234 out of 70" test cases in the current suite
Test Method:		"SteeringCompanyAPI_TestCases.Test_Policies_Cases.Update_Policy_With_InValid_data_TC"
Test Description:	"TC053 -Policy- Perform Update Policy with InValid data"
################################################################################################################################################
2023-01-22 15:45:38.468 &amp#27;[32m INFO&amp#27;[m &amp#27;[35m[@503 - main]&amp#27;[m &amp#27;[36mcom.shaft.tools.io.ReportManager&amp#27;[m : File Action "DoesFileExist" successfully performed. With the following test data "File Path: "SteeringCompanyAPI_TestData/SteeringCompanyAPI_TestData.xlsx"".
2023-01-22 15:45:38.519 &amp#27;[32m INFO&amp#27;[m &amp#27;[35m[@503 - main]&amp#27;[m &amp#27;[36mcom.shaft.tools.io.ReportManager&amp#27;[m : Successfully created attachment "Test Data - Excel"
2023-01-22 15:45:39.634 &amp#27;[32m INFO&amp#27;[m &amp#27;[35m[@503 - main]&amp#27;[m &amp#27;[36mcom.shaft.tools.io.ReportManager&amp#27;[m : Response status code: "200", status line: "HTTP/1.1 200 OK"
2023-01-22 15:45:39.651 &amp#27;[32m INFO&amp#27;[m &amp#27;[35m[@503 - main]&amp#27;[m &amp#27;[36mcom.shaft.tools.io.ReportManager&amp#27;[m : Successfully created attachment "API Request - Specifications"
2023-01-22 15:45:39.653 &amp#27;[32m INFO&amp#27;[m &amp#27;[35m[@503 - main]&amp#27;[m &amp#27;[36mcom.shaft.tools.io.ReportManager&amp#27;[m : Successfully created attachment "API Request - Body"
2023-01-22 15:45:39.656 &amp#27;[32m INFO&amp#27;[m &amp#27;[35m[@503 - main]&amp#27;[m &amp#27;[36mcom.shaft.tools.io.ReportManager&amp#27;[m : Successfully created attachment "API Response - JSON Body"
2023-01-22 15:45:39.673 &amp#27;[32m INFO&amp#27;[m &amp#27;[35m[@503 - main]&amp#27;[m &amp#27;[36mcom.shaft.tools.io.ReportManager&amp#27;[m : File Action "DoesFileExist" successfully performed. With the following test data "File Path: "SteeringCompanyAPI_TestData/SteeringCompanyAPI_TestData.xlsx"".
2023-01-22 15:45:39.731 &amp#27;[32m INFO&amp#27;[m &amp#27;[35m[@503 - main]&amp#27;[m &amp#27;[36mcom.shaft.tools.io.ReportManager&amp#27;[m : Successfully created attachment "Test Data - Excel"
2023-01-22 15:45:39.732 &amp#27;[32m INFO&amp#27;[m &amp#27;[35m[@503 - main]&amp#27;[m &amp#27;[36mcom.shaft.tools.io.ReportManager&amp#27;[m : File Action "DoesFileExist" successfully performed. With the following test data "File Path: "SteeringCompanyAPI_TestData/SteeringCompanyAPI_TestData.xlsx"".
2023-01-22 15:45:39.786 &amp#27;[32m INFO&amp#27;[m &amp#27;[35m[@503 - main]&amp#27;[m &amp#27;[36mcom.shaft.tools.io.ReportManager&amp#27;[m : Successfully created attachment "Test Data - Excel"
2023-01-22 15:45:39.786 &amp#27;[32m INFO&amp#27;[m &amp#27;[35m[@503 - main]&amp#27;[m &amp#27;[36mcom.shaft.tools.io.ReportManager&amp#27;[m : File Action "DoesFileExist" successfully performed. With the following test data "File Path: "SteeringCompanyAPI_TestData/SteeringCompanyAPI_TestData.xlsx"".
2023-01-22 15:45:39.843 &amp#27;[32m INFO&amp#27;[m &amp#27;[35m[@503 - main]&amp#27;[m &amp#27;[36mcom.shaft.tools.io.ReportManager&amp#27;[m : Successfully created attachment "Test Data - Excel"
2023-01-22 15:45:40.316 &amp#27;[32m INFO&amp#27;[m &amp#27;[35m[@503 - main]&amp#27;[m &amp#27;[36mcom.shaft.tools.io.ReportManager&amp#27;[m : Response status code: "422", status line: "HTTP/1.1 422 "
2023-01-22 15:45:40.336 &amp#27;[32m INFO&amp#27;[m &amp#27;[35m[@503 - main]&amp#27;[m &amp#27;[36mcom.shaft.tools.io.ReportManager&amp#27;[m : Successfully created attachment "API Request - Specifications"
2023-01-22 15:45:40.338 &amp#27;[32m INFO&amp#27;[m &amp#27;[35m[@503 - main]&amp#27;[m &amp#27;[36mcom.shaft.tools.io.ReportManager&amp#27;[m : Successfully created attachment "API Request - JSON Body"
2023-01-22 15:45:40.339 &amp#27;[32m INFO&amp#27;[m &amp#27;[35m[@503 - main]&amp#27;[m &amp#27;[36mcom.shaft.tools.io.ReportManager&amp#27;[m : Successfully created attachment "API Response - JSON Body"
2023-01-22 15:45:40.341 &amp#27;[32m INFO&amp#27;[m &amp#27;[35m[@503 - main]&amp#27;[m &amp#27;[36mcom.shaft.tools.io.ReportManager&amp#27;[m : File Action "DoesFileExist" successfully performed. With the following test data "File Path: "Schemas/ValidationError_schema.json"".
2023-01-22 15:45:40.342 &amp#27;[32m INFO&amp#27;[m &amp#27;[35m[@503 - main]&amp#27;[m &amp#27;[36mcom.shaft.tools.io.ReportManager&amp#27;[m : File Action "DoesFileExist" successfully performed. With the following test data "File Path: "src/test/resources/testDataFiles/Schemas/ValidationError_schema.json"".
2023-01-22 15:45:40.342 &amp#27;[32m INFO&amp#27;[m &amp#27;[35m[@503 - main]&amp#27;[m &amp#27;[36mcom.shaft.tools.io.ReportManager&amp#27;[m : File Action "GetAbsolutePath" successfully performed. With the following test data "Relative Folder Path: "src/test/resources/testDataFiles/Schemas/ValidationError_schema.json"".
2023-01-22 15:45:40.349 &amp#27;[32m INFO&amp#27;[m &amp#27;[35m[@503 - main]&amp#27;[m &amp#27;[36mcom.shaft.tools.io.ReportManager&amp#27;[m : File Action "DoesFileExist" successfully performed. With the following test data "File Path: "C:\eclipse-workspace\MyProjects\TASystemsAPIs\src\test\resources\testDataFiles\Schemas\ValidationError_schema.json"".
2023-01-22 15:45:40.350 &amp#27;[32m INFO&amp#27;[m &amp#27;[35m[@503 - main]&amp#27;[m &amp#27;[36mcom.shaft.tools.io.ReportManager&amp#27;[m : File Action "GetAbsolutePath" successfully performed. With the following test data "Relative Folder Path: "C:\eclipse-workspace\MyProjects\TASystemsAPIs\src\test\resources\testDataFiles\Schemas\ValidationError_schema.json"".
2023-01-22 15:45:40.351 &amp#27;[32m INFO&amp#27;[m &amp#27;[35m[@503 - main]&amp#27;[m &amp#27;[36mcom.shaft.tools.io.ReportManager&amp#27;[m : File Action "ReadFile" successfully performed. With the following test data "File Path: "C:\eclipse-workspace\MyProjects\TASystemsAPIs\src\test\resources\testDataFiles\Schemas\ValidationError_schema.json"".
2023-01-22 15:45:40.354 &amp#27;[32m INFO&amp#27;[m &amp#27;[35m[@503 - main]&amp#27;[m &amp#27;[36mcom.shaft.tools.io.ReportManager&amp#27;[m : Successfully created attachment "Validation Test Data - Expected JSON Value"
2023-01-22 15:45:40.356 &amp#27;[32m INFO&amp#27;[m &amp#27;[35m[@503 - main]&amp#27;[m &amp#27;[36mcom.shaft.tools.io.ReportManager&amp#27;[m : Successfully created attachment "Validation Test Data - Actual JSON Value"
2023-01-22 15:45:40.358 &amp#27;[32m INFO&amp#27;[m &amp#27;[35m[@503 - main]&amp#27;[m &amp#27;[36mcom.shaft.tools.io.ReportManager&amp#27;[m : Successfully created attachment "SHAFT Engine Logs - Current Method log: Update_Policy_With_InValid_data_TC"
]]></system-out>
  </testcase>
  <testcase name="Update_Policy_With_InValid_data_TC[[Ljava.lang.Object;@ac1a751](47)" classname="SteeringCompanyAPI_TestCases.Test_Policies_Cases" time="1.36">
    <system-out><![CDATA[2023-01-22 15:45:40.362 &amp#27;[32m INFO&amp#27;[m &amp#27;[35m[@534 - main]&amp#27;[m &amp#27;[36mcom.shaft.tools.io.ReportManager&amp#27;[m : 
################################################################################################################################################
Starting Execution:	"235 out of 70" test cases in the current suite
Test Method:		"SteeringCompanyAPI_TestCases.Test_Policies_Cases.Update_Policy_With_InValid_data_TC"
Test Description:	"TC053 -Policy- Perform Update Policy with InValid data"
################################################################################################################################################
2023-01-22 15:45:40.363 &amp#27;[32m INFO&amp#27;[m &amp#27;[35m[@503 - main]&amp#27;[m &amp#27;[36mcom.shaft.tools.io.ReportManager&amp#27;[m : File Action "DoesFileExist" successfully performed. With the following test data "File Path: "SteeringCompanyAPI_TestData/SteeringCompanyAPI_TestData.xlsx"".
2023-01-22 15:45:40.433 &amp#27;[32m INFO&amp#27;[m &amp#27;[35m[@503 - main]&amp#27;[m &amp#27;[36mcom.shaft.tools.io.ReportManager&amp#27;[m : Successfully created attachment "Test Data - Excel"
2023-01-22 15:45:41.017 &amp#27;[32m INFO&amp#27;[m &amp#27;[35m[@503 - main]&amp#27;[m &amp#27;[36mcom.shaft.tools.io.ReportManager&amp#27;[m : Response status code: "200", status line: "HTTP/1.1 200 OK"
2023-01-22 15:45:41.035 &amp#27;[32m INFO&amp#27;[m &amp#27;[35m[@503 - main]&amp#27;[m &amp#27;[36mcom.shaft.tools.io.ReportManager&amp#27;[m : Successfully created attachment "API Request - Specifications"
2023-01-22 15:45:41.037 &amp#27;[32m INFO&amp#27;[m &amp#27;[35m[@503 - main]&amp#27;[m &amp#27;[36mcom.shaft.tools.io.ReportManager&amp#27;[m : Successfully created attachment "API Request - Body"
2023-01-22 15:45:41.039 &amp#27;[32m INFO&amp#27;[m &amp#27;[35m[@503 - main]&amp#27;[m &amp#27;[36mcom.shaft.tools.io.ReportManager&amp#27;[m : Successfully created attachment "API Response - JSON Body"
2023-01-22 15:45:41.062 &amp#27;[32m INFO&amp#27;[m &amp#27;[35m[@503 - main]&amp#27;[m &amp#27;[36mcom.shaft.tools.io.ReportManager&amp#27;[m : File Action "DoesFileExist" successfully performed. With the following test data "File Path: "SteeringCompanyAPI_TestData/SteeringCompanyAPI_TestData.xlsx"".
2023-01-22 15:45:41.130 &amp#27;[32m INFO&amp#27;[m &amp#27;[35m[@503 - main]&amp#27;[m &amp#27;[36mcom.shaft.tools.io.ReportManager&amp#27;[m : Successfully created attachment "Test Data - Excel"
2023-01-22 15:45:41.132 &amp#27;[32m INFO&amp#27;[m &amp#27;[35m[@503 - main]&amp#27;[m &amp#27;[36mcom.shaft.tools.io.ReportManager&amp#27;[m : File Action "DoesFileExist" successfully performed. With the following test data "File Path: "SteeringCompanyAPI_TestData/SteeringCompanyAPI_TestData.xlsx"".
2023-01-22 15:45:41.163 &amp#27;[32m INFO&amp#27;[m &amp#27;[35m[@503 - main]&amp#27;[m &amp#27;[36mcom.shaft.tools.io.ReportManager&amp#27;[m : Successfully created attachment "Test Data - Excel"
2023-01-22 15:45:41.164 &amp#27;[32m INFO&amp#27;[m &amp#27;[35m[@503 - main]&amp#27;[m &amp#27;[36mcom.shaft.tools.io.ReportManager&amp#27;[m : File Action "DoesFileExist" successfully performed. With the following test data "File Path: "SteeringCompanyAPI_TestData/SteeringCompanyAPI_TestData.xlsx"".
2023-01-22 15:45:41.223 &amp#27;[32m INFO&amp#27;[m &amp#27;[35m[@503 - main]&amp#27;[m &amp#27;[36mcom.shaft.tools.io.ReportManager&amp#27;[m : Successfully created attachment "Test Data - Excel"
2023-01-22 15:45:41.683 &amp#27;[32m INFO&amp#27;[m &amp#27;[35m[@503 - main]&amp#27;[m &amp#27;[36mcom.shaft.tools.io.ReportManager&amp#27;[m : Response status code: "422", status line: "HTTP/1.1 422 "
2023-01-22 15:45:41.699 &amp#27;[32m INFO&amp#27;[m &amp#27;[35m[@503 - main]&amp#27;[m &amp#27;[36mcom.shaft.tools.io.ReportManager&amp#27;[m : Successfully created attachment "API Request - Specifications"
2023-01-22 15:45:41.703 &amp#27;[32m INFO&amp#27;[m &amp#27;[35m[@503 - main]&amp#27;[m &amp#27;[36mcom.shaft.tools.io.ReportManager&amp#27;[m : Successfully created attachment "API Request - JSON Body"
2023-01-22 15:45:41.704 &amp#27;[32m INFO&amp#27;[m &amp#27;[35m[@503 - main]&amp#27;[m &amp#27;[36mcom.shaft.tools.io.ReportManager&amp#27;[m : Successfully created attachment "API Response - JSON Body"
2023-01-22 15:45:41.706 &amp#27;[32m INFO&amp#27;[m &amp#27;[35m[@503 - main]&amp#27;[m &amp#27;[36mcom.shaft.tools.io.ReportManager&amp#27;[m : File Action "DoesFileExist" successfully performed. With the following test data "File Path: "Schemas/ValidationError_schema.json"".
2023-01-22 15:45:41.706 &amp#27;[32m INFO&amp#27;[m &amp#27;[35m[@503 - main]&amp#27;[m &amp#27;[36mcom.shaft.tools.io.ReportManager&amp#27;[m : File Action "DoesFileExist" successfully performed. With the following test data "File Path: "src/test/resources/testDataFiles/Schemas/ValidationError_schema.json"".
2023-01-22 15:45:41.706 &amp#27;[32m INFO&amp#27;[m &amp#27;[35m[@503 - main]&amp#27;[m &amp#27;[36mcom.shaft.tools.io.ReportManager&amp#27;[m : File Action "GetAbsolutePath" successfully performed. With the following test data "Relative Folder Path: "src/test/resources/testDataFiles/Schemas/ValidationError_schema.json"".
2023-01-22 15:45:41.711 &amp#27;[32m INFO&amp#27;[m &amp#27;[35m[@503 - main]&amp#27;[m &amp#27;[36mcom.shaft.tools.io.ReportManager&amp#27;[m : File Action "DoesFileExist" successfully performed. With the following test data "File Path: "C:\eclipse-workspace\MyProjects\TASystemsAPIs\src\test\resources\testDataFiles\Schemas\ValidationError_schema.json"".
2023-01-22 15:45:41.711 &amp#27;[32m INFO&amp#27;[m &amp#27;[35m[@503 - main]&amp#27;[m &amp#27;[36mcom.shaft.tools.io.ReportManager&amp#27;[m : File Action "GetAbsolutePath" successfully performed. With the following test data "Relative Folder Path: "C:\eclipse-workspace\MyProjects\TASystemsAPIs\src\test\resources\testDataFiles\Schemas\ValidationError_schema.json"".
2023-01-22 15:45:41.711 &amp#27;[32m INFO&amp#27;[m &amp#27;[35m[@503 - main]&amp#27;[m &amp#27;[36mcom.shaft.tools.io.ReportManager&amp#27;[m : File Action "ReadFile" successfully performed. With the following test data "File Path: "C:\eclipse-workspace\MyProjects\TASystemsAPIs\src\test\resources\testDataFiles\Schemas\ValidationError_schema.json"".
2023-01-22 15:45:41.714 &amp#27;[32m INFO&amp#27;[m &amp#27;[35m[@503 - main]&amp#27;[m &amp#27;[36mcom.shaft.tools.io.ReportManager&amp#27;[m : Successfully created attachment "Validation Test Data - Expected JSON Value"
2023-01-22 15:45:41.715 &amp#27;[32m INFO&amp#27;[m &amp#27;[35m[@503 - main]&amp#27;[m &amp#27;[36mcom.shaft.tools.io.ReportManager&amp#27;[m : Successfully created attachment "Validation Test Data - Actual JSON Value"
2023-01-22 15:45:41.716 &amp#27;[32m INFO&amp#27;[m &amp#27;[35m[@503 - main]&amp#27;[m &amp#27;[36mcom.shaft.tools.io.ReportManager&amp#27;[m : Successfully created attachment "SHAFT Engine Logs - Current Method log: Update_Policy_With_InValid_data_TC"
]]></system-out>
  </testcase>
  <testcase name="Update_Policy_With_InValid_data_TC[[Ljava.lang.Object;@4944b4f4](48)" classname="SteeringCompanyAPI_TestCases.Test_Policies_Cases" time="1.37">
    <system-out><![CDATA[2023-01-22 15:45:41.722 &amp#27;[32m INFO&amp#27;[m &amp#27;[35m[@534 - main]&amp#27;[m &amp#27;[36mcom.shaft.tools.io.ReportManager&amp#27;[m : 
################################################################################################################################################
Starting Execution:	"236 out of 70" test cases in the current suite
Test Method:		"SteeringCompanyAPI_TestCases.Test_Policies_Cases.Update_Policy_With_InValid_data_TC"
Test Description:	"TC053 -Policy- Perform Update Policy with InValid data"
################################################################################################################################################
2023-01-22 15:45:41.722 &amp#27;[32m INFO&amp#27;[m &amp#27;[35m[@503 - main]&amp#27;[m &amp#27;[36mcom.shaft.tools.io.ReportManager&amp#27;[m : File Action "DoesFileExist" successfully performed. With the following test data "File Path: "SteeringCompanyAPI_TestData/SteeringCompanyAPI_TestData.xlsx"".
2023-01-22 15:45:41.772 &amp#27;[32m INFO&amp#27;[m &amp#27;[35m[@503 - main]&amp#27;[m &amp#27;[36mcom.shaft.tools.io.ReportManager&amp#27;[m : Successfully created attachment "Test Data - Excel"
2023-01-22 15:45:42.393 &amp#27;[32m INFO&amp#27;[m &amp#27;[35m[@503 - main]&amp#27;[m &amp#27;[36mcom.shaft.tools.io.ReportManager&amp#27;[m : Response status code: "200", status line: "HTTP/1.1 200 OK"
2023-01-22 15:45:42.414 &amp#27;[32m INFO&amp#27;[m &amp#27;[35m[@503 - main]&amp#27;[m &amp#27;[36mcom.shaft.tools.io.ReportManager&amp#27;[m : Successfully created attachment "API Request - Specifications"
2023-01-22 15:45:42.415 &amp#27;[32m INFO&amp#27;[m &amp#27;[35m[@503 - main]&amp#27;[m &amp#27;[36mcom.shaft.tools.io.ReportManager&amp#27;[m : Successfully created attachment "API Request - Body"
2023-01-22 15:45:42.415 &amp#27;[32m INFO&amp#27;[m &amp#27;[35m[@503 - main]&amp#27;[m &amp#27;[36mcom.shaft.tools.io.ReportManager&amp#27;[m : Successfully created attachment "API Response - JSON Body"
2023-01-22 15:45:42.435 &amp#27;[32m INFO&amp#27;[m &amp#27;[35m[@503 - main]&amp#27;[m &amp#27;[36mcom.shaft.tools.io.ReportManager&amp#27;[m : File Action "DoesFileExist" successfully performed. With the following test data "File Path: "SteeringCompanyAPI_TestData/SteeringCompanyAPI_TestData.xlsx"".
2023-01-22 15:45:42.479 &amp#27;[32m INFO&amp#27;[m &amp#27;[35m[@503 - main]&amp#27;[m &amp#27;[36mcom.shaft.tools.io.ReportManager&amp#27;[m : Successfully created attachment "Test Data - Excel"
2023-01-22 15:45:42.479 &amp#27;[32m INFO&amp#27;[m &amp#27;[35m[@503 - main]&amp#27;[m &amp#27;[36mcom.shaft.tools.io.ReportManager&amp#27;[m : File Action "DoesFileExist" successfully performed. With the following test data "File Path: "SteeringCompanyAPI_TestData/SteeringCompanyAPI_TestData.xlsx"".
2023-01-22 15:45:42.523 &amp#27;[32m INFO&amp#27;[m &amp#27;[35m[@503 - main]&amp#27;[m &amp#27;[36mcom.shaft.tools.io.ReportManager&amp#27;[m : Successfully created attachment "Test Data - Excel"
2023-01-22 15:45:42.524 &amp#27;[32m INFO&amp#27;[m &amp#27;[35m[@503 - main]&amp#27;[m &amp#27;[36mcom.shaft.tools.io.ReportManager&amp#27;[m : File Action "DoesFileExist" successfully performed. With the following test data "File Path: "SteeringCompanyAPI_TestData/SteeringCompanyAPI_TestData.xlsx"".
2023-01-22 15:45:42.578 &amp#27;[32m INFO&amp#27;[m &amp#27;[35m[@503 - main]&amp#27;[m &amp#27;[36mcom.shaft.tools.io.ReportManager&amp#27;[m : Successfully created attachment "Test Data - Excel"
2023-01-22 15:45:43.046 &amp#27;[32m INFO&amp#27;[m &amp#27;[35m[@503 - main]&amp#27;[m &amp#27;[36mcom.shaft.tools.io.ReportManager&amp#27;[m : Response status code: "422", status line: "HTTP/1.1 422 "
2023-01-22 15:45:43.067 &amp#27;[32m INFO&amp#27;[m &amp#27;[35m[@503 - main]&amp#27;[m &amp#27;[36mcom.shaft.tools.io.ReportManager&amp#27;[m : Successfully created attachment "API Request - Specifications"
2023-01-22 15:45:43.069 &amp#27;[32m INFO&amp#27;[m &amp#27;[35m[@503 - main]&amp#27;[m &amp#27;[36mcom.shaft.tools.io.ReportManager&amp#27;[m : Successfully created attachment "API Request - JSON Body"
2023-01-22 15:45:43.073 &amp#27;[32m INFO&amp#27;[m &amp#27;[35m[@503 - main]&amp#27;[m &amp#27;[36mcom.shaft.tools.io.ReportManager&amp#27;[m : Successfully created attachment "API Response - JSON Body"
2023-01-22 15:45:43.074 &amp#27;[32m INFO&amp#27;[m &amp#27;[35m[@503 - main]&amp#27;[m &amp#27;[36mcom.shaft.tools.io.ReportManager&amp#27;[m : File Action "DoesFileExist" successfully performed. With the following test data "File Path: "Schemas/ValidationError_schema.json"".
2023-01-22 15:45:43.074 &amp#27;[32m INFO&amp#27;[m &amp#27;[35m[@503 - main]&amp#27;[m &amp#27;[36mcom.shaft.tools.io.ReportManager&amp#27;[m : File Action "DoesFileExist" successfully performed. With the following test data "File Path: "src/test/resources/testDataFiles/Schemas/ValidationError_schema.json"".
2023-01-22 15:45:43.075 &amp#27;[32m INFO&amp#27;[m &amp#27;[35m[@503 - main]&amp#27;[m &amp#27;[36mcom.shaft.tools.io.ReportManager&amp#27;[m : File Action "GetAbsolutePath" successfully performed. With the following test data "Relative Folder Path: "src/test/resources/testDataFiles/Schemas/ValidationError_schema.json"".
2023-01-22 15:45:43.080 &amp#27;[32m INFO&amp#27;[m &amp#27;[35m[@503 - main]&amp#27;[m &amp#27;[36mcom.shaft.tools.io.ReportManager&amp#27;[m : File Action "DoesFileExist" successfully performed. With the following test data "File Path: "C:\eclipse-workspace\MyProjects\TASystemsAPIs\src\test\resources\testDataFiles\Schemas\ValidationError_schema.json"".
2023-01-22 15:45:43.080 &amp#27;[32m INFO&amp#27;[m &amp#27;[35m[@503 - main]&amp#27;[m &amp#27;[36mcom.shaft.tools.io.ReportManager&amp#27;[m : File Action "GetAbsolutePath" successfully performed. With the following test data "Relative Folder Path: "C:\eclipse-workspace\MyProjects\TASystemsAPIs\src\test\resources\testDataFiles\Schemas\ValidationError_schema.json"".
2023-01-22 15:45:43.080 &amp#27;[32m INFO&amp#27;[m &amp#27;[35m[@503 - main]&amp#27;[m &amp#27;[36mcom.shaft.tools.io.ReportManager&amp#27;[m : File Action "ReadFile" successfully performed. With the following test data "File Path: "C:\eclipse-workspace\MyProjects\TASystemsAPIs\src\test\resources\testDataFiles\Schemas\ValidationError_schema.json"".
2023-01-22 15:45:43.083 &amp#27;[32m INFO&amp#27;[m &amp#27;[35m[@503 - main]&amp#27;[m &amp#27;[36mcom.shaft.tools.io.ReportManager&amp#27;[m : Successfully created attachment "Validation Test Data - Expected JSON Value"
2023-01-22 15:45:43.085 &amp#27;[32m INFO&amp#27;[m &amp#27;[35m[@503 - main]&amp#27;[m &amp#27;[36mcom.shaft.tools.io.ReportManager&amp#27;[m : Successfully created attachment "Validation Test Data - Actual JSON Value"
2023-01-22 15:45:43.086 &amp#27;[32m INFO&amp#27;[m &amp#27;[35m[@503 - main]&amp#27;[m &amp#27;[36mcom.shaft.tools.io.ReportManager&amp#27;[m : Successfully created attachment "SHAFT Engine Logs - Current Method log: Update_Policy_With_InValid_data_TC"
]]></system-out>
  </testcase>
  <testcase name="Update_Policy_With_InValid_data_TC[[Ljava.lang.Object;@632bf437](49)" classname="SteeringCompanyAPI_TestCases.Test_Policies_Cases" time="1.448">
    <system-out><![CDATA[2023-01-22 15:45:43.092 &amp#27;[32m INFO&amp#27;[m &amp#27;[35m[@534 - main]&amp#27;[m &amp#27;[36mcom.shaft.tools.io.ReportManager&amp#27;[m : 
################################################################################################################################################
Starting Execution:	"237 out of 70" test cases in the current suite
Test Method:		"SteeringCompanyAPI_TestCases.Test_Policies_Cases.Update_Policy_With_InValid_data_TC"
Test Description:	"TC053 -Policy- Perform Update Policy with InValid data"
################################################################################################################################################
2023-01-22 15:45:43.092 &amp#27;[32m INFO&amp#27;[m &amp#27;[35m[@503 - main]&amp#27;[m &amp#27;[36mcom.shaft.tools.io.ReportManager&amp#27;[m : File Action "DoesFileExist" successfully performed. With the following test data "File Path: "SteeringCompanyAPI_TestData/SteeringCompanyAPI_TestData.xlsx"".
2023-01-22 15:45:43.146 &amp#27;[32m INFO&amp#27;[m &amp#27;[35m[@503 - main]&amp#27;[m &amp#27;[36mcom.shaft.tools.io.ReportManager&amp#27;[m : Successfully created attachment "Test Data - Excel"
2023-01-22 15:45:43.793 &amp#27;[32m INFO&amp#27;[m &amp#27;[35m[@503 - main]&amp#27;[m &amp#27;[36mcom.shaft.tools.io.ReportManager&amp#27;[m : Response status code: "200", status line: "HTTP/1.1 200 OK"
2023-01-22 15:45:43.809 &amp#27;[32m INFO&amp#27;[m &amp#27;[35m[@503 - main]&amp#27;[m &amp#27;[36mcom.shaft.tools.io.ReportManager&amp#27;[m : Successfully created attachment "API Request - Specifications"
2023-01-22 15:45:43.813 &amp#27;[32m INFO&amp#27;[m &amp#27;[35m[@503 - main]&amp#27;[m &amp#27;[36mcom.shaft.tools.io.ReportManager&amp#27;[m : Successfully created attachment "API Request - Body"
2023-01-22 15:45:43.814 &amp#27;[32m INFO&amp#27;[m &amp#27;[35m[@503 - main]&amp#27;[m &amp#27;[36mcom.shaft.tools.io.ReportManager&amp#27;[m : Successfully created attachment "API Response - JSON Body"
2023-01-22 15:45:43.831 &amp#27;[32m INFO&amp#27;[m &amp#27;[35m[@503 - main]&amp#27;[m &amp#27;[36mcom.shaft.tools.io.ReportManager&amp#27;[m : File Action "DoesFileExist" successfully performed. With the following test data "File Path: "SteeringCompanyAPI_TestData/SteeringCompanyAPI_TestData.xlsx"".
2023-01-22 15:45:43.873 &amp#27;[32m INFO&amp#27;[m &amp#27;[35m[@503 - main]&amp#27;[m &amp#27;[36mcom.shaft.tools.io.ReportManager&amp#27;[m : Successfully created attachment "Test Data - Excel"
2023-01-22 15:45:43.874 &amp#27;[32m INFO&amp#27;[m &amp#27;[35m[@503 - main]&amp#27;[m &amp#27;[36mcom.shaft.tools.io.ReportManager&amp#27;[m : File Action "DoesFileExist" successfully performed. With the following test data "File Path: "SteeringCompanyAPI_TestData/SteeringCompanyAPI_TestData.xlsx"".
2023-01-22 15:45:43.935 &amp#27;[32m INFO&amp#27;[m &amp#27;[35m[@503 - main]&amp#27;[m &amp#27;[36mcom.shaft.tools.io.ReportManager&amp#27;[m : Successfully created attachment "Test Data - Excel"
2023-01-22 15:45:43.935 &amp#27;[32m INFO&amp#27;[m &amp#27;[35m[@503 - main]&amp#27;[m &amp#27;[36mcom.shaft.tools.io.ReportManager&amp#27;[m : File Action "DoesFileExist" successfully performed. With the following test data "File Path: "SteeringCompanyAPI_TestData/SteeringCompanyAPI_TestData.xlsx"".
2023-01-22 15:45:43.985 &amp#27;[32m INFO&amp#27;[m &amp#27;[35m[@503 - main]&amp#27;[m &amp#27;[36mcom.shaft.tools.io.ReportManager&amp#27;[m : Successfully created attachment "Test Data - Excel"
2023-01-22 15:45:44.491 &amp#27;[32m INFO&amp#27;[m &amp#27;[35m[@503 - main]&amp#27;[m &amp#27;[36mcom.shaft.tools.io.ReportManager&amp#27;[m : Response status code: "422", status line: "HTTP/1.1 422 "
2023-01-22 15:45:44.513 &amp#27;[32m INFO&amp#27;[m &amp#27;[35m[@503 - main]&amp#27;[m &amp#27;[36mcom.shaft.tools.io.ReportManager&amp#27;[m : Successfully created attachment "API Request - Specifications"
2023-01-22 15:45:44.514 &amp#27;[32m INFO&amp#27;[m &amp#27;[35m[@503 - main]&amp#27;[m &amp#27;[36mcom.shaft.tools.io.ReportManager&amp#27;[m : Successfully created attachment "API Request - JSON Body"
2023-01-22 15:45:44.515 &amp#27;[32m INFO&amp#27;[m &amp#27;[35m[@503 - main]&amp#27;[m &amp#27;[36mcom.shaft.tools.io.ReportManager&amp#27;[m : Successfully created attachment "API Response - JSON Body"
2023-01-22 15:45:44.518 &amp#27;[32m INFO&amp#27;[m &amp#27;[35m[@503 - main]&amp#27;[m &amp#27;[36mcom.shaft.tools.io.ReportManager&amp#27;[m : File Action "DoesFileExist" successfully performed. With the following test data "File Path: "Schemas/ValidationError_schema.json"".
2023-01-22 15:45:44.518 &amp#27;[32m INFO&amp#27;[m &amp#27;[35m[@503 - main]&amp#27;[m &amp#27;[36mcom.shaft.tools.io.ReportManager&amp#27;[m : File Action "DoesFileExist" successfully performed. With the following test data "File Path: "src/test/resources/testDataFiles/Schemas/ValidationError_schema.json"".
2023-01-22 15:45:44.518 &amp#27;[32m INFO&amp#27;[m &amp#27;[35m[@503 - main]&amp#27;[m &amp#27;[36mcom.shaft.tools.io.ReportManager&amp#27;[m : File Action "GetAbsolutePath" successfully performed. With the following test data "Relative Folder Path: "src/test/resources/testDataFiles/Schemas/ValidationError_schema.json"".
2023-01-22 15:45:44.523 &amp#27;[32m INFO&amp#27;[m &amp#27;[35m[@503 - main]&amp#27;[m &amp#27;[36mcom.shaft.tools.io.ReportManager&amp#27;[m : File Action "DoesFileExist" successfully performed. With the following test data "File Path: "C:\eclipse-workspace\MyProjects\TASystemsAPIs\src\test\resources\testDataFiles\Schemas\ValidationError_schema.json"".
2023-01-22 15:45:44.524 &amp#27;[32m INFO&amp#27;[m &amp#27;[35m[@503 - main]&amp#27;[m &amp#27;[36mcom.shaft.tools.io.ReportManager&amp#27;[m : File Action "GetAbsolutePath" successfully performed. With the following test data "Relative Folder Path: "C:\eclipse-workspace\MyProjects\TASystemsAPIs\src\test\resources\testDataFiles\Schemas\ValidationError_schema.json"".
2023-01-22 15:45:44.524 &amp#27;[32m INFO&amp#27;[m &amp#27;[35m[@503 - main]&amp#27;[m &amp#27;[36mcom.shaft.tools.io.ReportManager&amp#27;[m : File Action "ReadFile" successfully performed. With the following test data "File Path: "C:\eclipse-workspace\MyProjects\TASystemsAPIs\src\test\resources\testDataFiles\Schemas\ValidationError_schema.json"".
2023-01-22 15:45:44.531 &amp#27;[32m INFO&amp#27;[m &amp#27;[35m[@503 - main]&amp#27;[m &amp#27;[36mcom.shaft.tools.io.ReportManager&amp#27;[m : Successfully created attachment "Validation Test Data - Expected JSON Value"
2023-01-22 15:45:44.534 &amp#27;[32m INFO&amp#27;[m &amp#27;[35m[@503 - main]&amp#27;[m &amp#27;[36mcom.shaft.tools.io.ReportManager&amp#27;[m : Successfully created attachment "Validation Test Data - Actual JSON Value"
2023-01-22 15:45:44.535 &amp#27;[32m INFO&amp#27;[m &amp#27;[35m[@503 - main]&amp#27;[m &amp#27;[36mcom.shaft.tools.io.ReportManager&amp#27;[m : Successfully created attachment "SHAFT Engine Logs - Current Method log: Update_Policy_With_InValid_data_TC"
]]></system-out>
  </testcase>
  <testcase name="Update_Policy_With_InValid_data_TC[[Ljava.lang.Object;@da256ce](50)" classname="SteeringCompanyAPI_TestCases.Test_Policies_Cases" time="1.366">
    <system-out><![CDATA[2023-01-22 15:45:44.540 &amp#27;[32m INFO&amp#27;[m &amp#27;[35m[@534 - main]&amp#27;[m &amp#27;[36mcom.shaft.tools.io.ReportManager&amp#27;[m : 
################################################################################################################################################
Starting Execution:	"238 out of 70" test cases in the current suite
Test Method:		"SteeringCompanyAPI_TestCases.Test_Policies_Cases.Update_Policy_With_InValid_data_TC"
Test Description:	"TC053 -Policy- Perform Update Policy with InValid data"
################################################################################################################################################
2023-01-22 15:45:44.541 &amp#27;[32m INFO&amp#27;[m &amp#27;[35m[@503 - main]&amp#27;[m &amp#27;[36mcom.shaft.tools.io.ReportManager&amp#27;[m : File Action "DoesFileExist" successfully performed. With the following test data "File Path: "SteeringCompanyAPI_TestData/SteeringCompanyAPI_TestData.xlsx"".
2023-01-22 15:45:44.602 &amp#27;[32m INFO&amp#27;[m &amp#27;[35m[@503 - main]&amp#27;[m &amp#27;[36mcom.shaft.tools.io.ReportManager&amp#27;[m : Successfully created attachment "Test Data - Excel"
2023-01-22 15:45:45.202 &amp#27;[32m INFO&amp#27;[m &amp#27;[35m[@503 - main]&amp#27;[m &amp#27;[36mcom.shaft.tools.io.ReportManager&amp#27;[m : Response status code: "200", status line: "HTTP/1.1 200 OK"
2023-01-22 15:45:45.221 &amp#27;[32m INFO&amp#27;[m &amp#27;[35m[@503 - main]&amp#27;[m &amp#27;[36mcom.shaft.tools.io.ReportManager&amp#27;[m : Successfully created attachment "API Request - Specifications"
2023-01-22 15:45:45.223 &amp#27;[32m INFO&amp#27;[m &amp#27;[35m[@503 - main]&amp#27;[m &amp#27;[36mcom.shaft.tools.io.ReportManager&amp#27;[m : Successfully created attachment "API Request - Body"
2023-01-22 15:45:45.224 &amp#27;[32m INFO&amp#27;[m &amp#27;[35m[@503 - main]&amp#27;[m &amp#27;[36mcom.shaft.tools.io.ReportManager&amp#27;[m : Successfully created attachment "API Response - JSON Body"
2023-01-22 15:45:45.240 &amp#27;[32m INFO&amp#27;[m &amp#27;[35m[@503 - main]&amp#27;[m &amp#27;[36mcom.shaft.tools.io.ReportManager&amp#27;[m : File Action "DoesFileExist" successfully performed. With the following test data "File Path: "SteeringCompanyAPI_TestData/SteeringCompanyAPI_TestData.xlsx"".
2023-01-22 15:45:45.284 &amp#27;[32m INFO&amp#27;[m &amp#27;[35m[@503 - main]&amp#27;[m &amp#27;[36mcom.shaft.tools.io.ReportManager&amp#27;[m : Successfully created attachment "Test Data - Excel"
2023-01-22 15:45:45.285 &amp#27;[32m INFO&amp#27;[m &amp#27;[35m[@503 - main]&amp#27;[m &amp#27;[36mcom.shaft.tools.io.ReportManager&amp#27;[m : File Action "DoesFileExist" successfully performed. With the following test data "File Path: "SteeringCompanyAPI_TestData/SteeringCompanyAPI_TestData.xlsx"".
2023-01-22 15:45:45.327 &amp#27;[32m INFO&amp#27;[m &amp#27;[35m[@503 - main]&amp#27;[m &amp#27;[36mcom.shaft.tools.io.ReportManager&amp#27;[m : Successfully created attachment "Test Data - Excel"
2023-01-22 15:45:45.327 &amp#27;[32m INFO&amp#27;[m &amp#27;[35m[@503 - main]&amp#27;[m &amp#27;[36mcom.shaft.tools.io.ReportManager&amp#27;[m : File Action "DoesFileExist" successfully performed. With the following test data "File Path: "SteeringCompanyAPI_TestData/SteeringCompanyAPI_TestData.xlsx"".
2023-01-22 15:45:45.373 &amp#27;[32m INFO&amp#27;[m &amp#27;[35m[@503 - main]&amp#27;[m &amp#27;[36mcom.shaft.tools.io.ReportManager&amp#27;[m : Successfully created attachment "Test Data - Excel"
2023-01-22 15:45:45.868 &amp#27;[32m INFO&amp#27;[m &amp#27;[35m[@503 - main]&amp#27;[m &amp#27;[36mcom.shaft.tools.io.ReportManager&amp#27;[m : Response status code: "422", status line: "HTTP/1.1 422 "
2023-01-22 15:45:45.889 &amp#27;[32m INFO&amp#27;[m &amp#27;[35m[@503 - main]&amp#27;[m &amp#27;[36mcom.shaft.tools.io.ReportManager&amp#27;[m : Successfully created attachment "API Request - Specifications"
2023-01-22 15:45:45.892 &amp#27;[32m INFO&amp#27;[m &amp#27;[35m[@503 - main]&amp#27;[m &amp#27;[36mcom.shaft.tools.io.ReportManager&amp#27;[m : Successfully created attachment "API Request - JSON Body"
2023-01-22 15:45:45.893 &amp#27;[32m INFO&amp#27;[m &amp#27;[35m[@503 - main]&amp#27;[m &amp#27;[36mcom.shaft.tools.io.ReportManager&amp#27;[m : Successfully created attachment "API Response - JSON Body"
2023-01-22 15:45:45.894 &amp#27;[32m INFO&amp#27;[m &amp#27;[35m[@503 - main]&amp#27;[m &amp#27;[36mcom.shaft.tools.io.ReportManager&amp#27;[m : File Action "DoesFileExist" successfully performed. With the following test data "File Path: "Schemas/ValidationError_schema.json"".
2023-01-22 15:45:45.895 &amp#27;[32m INFO&amp#27;[m &amp#27;[35m[@503 - main]&amp#27;[m &amp#27;[36mcom.shaft.tools.io.ReportManager&amp#27;[m : File Action "DoesFileExist" successfully performed. With the following test data "File Path: "src/test/resources/testDataFiles/Schemas/ValidationError_schema.json"".
2023-01-22 15:45:45.895 &amp#27;[32m INFO&amp#27;[m &amp#27;[35m[@503 - main]&amp#27;[m &amp#27;[36mcom.shaft.tools.io.ReportManager&amp#27;[m : File Action "GetAbsolutePath" successfully performed. With the following test data "Relative Folder Path: "src/test/resources/testDataFiles/Schemas/ValidationError_schema.json"".
2023-01-22 15:45:45.898 &amp#27;[32m INFO&amp#27;[m &amp#27;[35m[@503 - main]&amp#27;[m &amp#27;[36mcom.shaft.tools.io.ReportManager&amp#27;[m : File Action "DoesFileExist" successfully performed. With the following test data "File Path: "C:\eclipse-workspace\MyProjects\TASystemsAPIs\src\test\resources\testDataFiles\Schemas\ValidationError_schema.json"".
2023-01-22 15:45:45.898 &amp#27;[32m INFO&amp#27;[m &amp#27;[35m[@503 - main]&amp#27;[m &amp#27;[36mcom.shaft.tools.io.ReportManager&amp#27;[m : File Action "GetAbsolutePath" successfully performed. With the following test data "Relative Folder Path: "C:\eclipse-workspace\MyProjects\TASystemsAPIs\src\test\resources\testDataFiles\Schemas\ValidationError_schema.json"".
2023-01-22 15:45:45.898 &amp#27;[32m INFO&amp#27;[m &amp#27;[35m[@503 - main]&amp#27;[m &amp#27;[36mcom.shaft.tools.io.ReportManager&amp#27;[m : File Action "ReadFile" successfully performed. With the following test data "File Path: "C:\eclipse-workspace\MyProjects\TASystemsAPIs\src\test\resources\testDataFiles\Schemas\ValidationError_schema.json"".
2023-01-22 15:45:45.899 &amp#27;[32m INFO&amp#27;[m &amp#27;[35m[@503 - main]&amp#27;[m &amp#27;[36mcom.shaft.tools.io.ReportManager&amp#27;[m : Successfully created attachment "Validation Test Data - Expected JSON Value"
2023-01-22 15:45:45.900 &amp#27;[32m INFO&amp#27;[m &amp#27;[35m[@503 - main]&amp#27;[m &amp#27;[36mcom.shaft.tools.io.ReportManager&amp#27;[m : Successfully created attachment "Validation Test Data - Actual JSON Value"
2023-01-22 15:45:45.901 &amp#27;[32m INFO&amp#27;[m &amp#27;[35m[@503 - main]&amp#27;[m &amp#27;[36mcom.shaft.tools.io.ReportManager&amp#27;[m : Successfully created attachment "SHAFT Engine Logs - Current Method log: Update_Policy_With_InValid_data_TC"
]]></system-out>
  </testcase>
  <testcase name="Update_Policy_With_InValid_data_TC[[Ljava.lang.Object;@752ac1fc](51)" classname="SteeringCompanyAPI_TestCases.Test_Policies_Cases" time="1.402">
    <system-out><![CDATA[2023-01-22 15:45:45.907 &amp#27;[32m INFO&amp#27;[m &amp#27;[35m[@534 - main]&amp#27;[m &amp#27;[36mcom.shaft.tools.io.ReportManager&amp#27;[m : 
################################################################################################################################################
Starting Execution:	"239 out of 70" test cases in the current suite
Test Method:		"SteeringCompanyAPI_TestCases.Test_Policies_Cases.Update_Policy_With_InValid_data_TC"
Test Description:	"TC053 -Policy- Perform Update Policy with InValid data"
################################################################################################################################################
2023-01-22 15:45:45.907 &amp#27;[32m INFO&amp#27;[m &amp#27;[35m[@503 - main]&amp#27;[m &amp#27;[36mcom.shaft.tools.io.ReportManager&amp#27;[m : File Action "DoesFileExist" successfully performed. With the following test data "File Path: "SteeringCompanyAPI_TestData/SteeringCompanyAPI_TestData.xlsx"".
2023-01-22 15:45:45.963 &amp#27;[32m INFO&amp#27;[m &amp#27;[35m[@503 - main]&amp#27;[m &amp#27;[36mcom.shaft.tools.io.ReportManager&amp#27;[m : Successfully created attachment "Test Data - Excel"
2023-01-22 15:45:46.544 &amp#27;[32m INFO&amp#27;[m &amp#27;[35m[@503 - main]&amp#27;[m &amp#27;[36mcom.shaft.tools.io.ReportManager&amp#27;[m : Response status code: "200", status line: "HTTP/1.1 200 OK"
2023-01-22 15:45:46.563 &amp#27;[32m INFO&amp#27;[m &amp#27;[35m[@503 - main]&amp#27;[m &amp#27;[36mcom.shaft.tools.io.ReportManager&amp#27;[m : Successfully created attachment "API Request - Specifications"
2023-01-22 15:45:46.565 &amp#27;[32m INFO&amp#27;[m &amp#27;[35m[@503 - main]&amp#27;[m &amp#27;[36mcom.shaft.tools.io.ReportManager&amp#27;[m : Successfully created attachment "API Request - Body"
2023-01-22 15:45:46.567 &amp#27;[32m INFO&amp#27;[m &amp#27;[35m[@503 - main]&amp#27;[m &amp#27;[36mcom.shaft.tools.io.ReportManager&amp#27;[m : Successfully created attachment "API Response - JSON Body"
2023-01-22 15:45:46.585 &amp#27;[32m INFO&amp#27;[m &amp#27;[35m[@503 - main]&amp#27;[m &amp#27;[36mcom.shaft.tools.io.ReportManager&amp#27;[m : File Action "DoesFileExist" successfully performed. With the following test data "File Path: "SteeringCompanyAPI_TestData/SteeringCompanyAPI_TestData.xlsx"".
2023-01-22 15:45:46.670 &amp#27;[32m INFO&amp#27;[m &amp#27;[35m[@503 - main]&amp#27;[m &amp#27;[36mcom.shaft.tools.io.ReportManager&amp#27;[m : Successfully created attachment "Test Data - Excel"
2023-01-22 15:45:46.671 &amp#27;[32m INFO&amp#27;[m &amp#27;[35m[@503 - main]&amp#27;[m &amp#27;[36mcom.shaft.tools.io.ReportManager&amp#27;[m : File Action "DoesFileExist" successfully performed. With the following test data "File Path: "SteeringCompanyAPI_TestData/SteeringCompanyAPI_TestData.xlsx"".
2023-01-22 15:45:46.742 &amp#27;[32m INFO&amp#27;[m &amp#27;[35m[@503 - main]&amp#27;[m &amp#27;[36mcom.shaft.tools.io.ReportManager&amp#27;[m : Successfully created attachment "Test Data - Excel"
2023-01-22 15:45:46.743 &amp#27;[32m INFO&amp#27;[m &amp#27;[35m[@503 - main]&amp#27;[m &amp#27;[36mcom.shaft.tools.io.ReportManager&amp#27;[m : File Action "DoesFileExist" successfully performed. With the following test data "File Path: "SteeringCompanyAPI_TestData/SteeringCompanyAPI_TestData.xlsx"".
2023-01-22 15:45:46.803 &amp#27;[32m INFO&amp#27;[m &amp#27;[35m[@503 - main]&amp#27;[m &amp#27;[36mcom.shaft.tools.io.ReportManager&amp#27;[m : Successfully created attachment "Test Data - Excel"
2023-01-22 15:45:47.270 &amp#27;[32m INFO&amp#27;[m &amp#27;[35m[@503 - main]&amp#27;[m &amp#27;[36mcom.shaft.tools.io.ReportManager&amp#27;[m : Response status code: "422", status line: "HTTP/1.1 422 "
2023-01-22 15:45:47.289 &amp#27;[32m INFO&amp#27;[m &amp#27;[35m[@503 - main]&amp#27;[m &amp#27;[36mcom.shaft.tools.io.ReportManager&amp#27;[m : Successfully created attachment "API Request - Specifications"
2023-01-22 15:45:47.291 &amp#27;[32m INFO&amp#27;[m &amp#27;[35m[@503 - main]&amp#27;[m &amp#27;[36mcom.shaft.tools.io.ReportManager&amp#27;[m : Successfully created attachment "API Request - JSON Body"
2023-01-22 15:45:47.294 &amp#27;[32m INFO&amp#27;[m &amp#27;[35m[@503 - main]&amp#27;[m &amp#27;[36mcom.shaft.tools.io.ReportManager&amp#27;[m : Successfully created attachment "API Response - JSON Body"
2023-01-22 15:45:47.295 &amp#27;[32m INFO&amp#27;[m &amp#27;[35m[@503 - main]&amp#27;[m &amp#27;[36mcom.shaft.tools.io.ReportManager&amp#27;[m : File Action "DoesFileExist" successfully performed. With the following test data "File Path: "Schemas/ValidationError_schema.json"".
2023-01-22 15:45:47.295 &amp#27;[32m INFO&amp#27;[m &amp#27;[35m[@503 - main]&amp#27;[m &amp#27;[36mcom.shaft.tools.io.ReportManager&amp#27;[m : File Action "DoesFileExist" successfully performed. With the following test data "File Path: "src/test/resources/testDataFiles/Schemas/ValidationError_schema.json"".
2023-01-22 15:45:47.295 &amp#27;[32m INFO&amp#27;[m &amp#27;[35m[@503 - main]&amp#27;[m &amp#27;[36mcom.shaft.tools.io.ReportManager&amp#27;[m : File Action "GetAbsolutePath" successfully performed. With the following test data "Relative Folder Path: "src/test/resources/testDataFiles/Schemas/ValidationError_schema.json"".
2023-01-22 15:45:47.299 &amp#27;[32m INFO&amp#27;[m &amp#27;[35m[@503 - main]&amp#27;[m &amp#27;[36mcom.shaft.tools.io.ReportManager&amp#27;[m : File Action "DoesFileExist" successfully performed. With the following test data "File Path: "C:\eclipse-workspace\MyProjects\TASystemsAPIs\src\test\resources\testDataFiles\Schemas\ValidationError_schema.json"".
2023-01-22 15:45:47.299 &amp#27;[32m INFO&amp#27;[m &amp#27;[35m[@503 - main]&amp#27;[m &amp#27;[36mcom.shaft.tools.io.ReportManager&amp#27;[m : File Action "GetAbsolutePath" successfully performed. With the following test data "Relative Folder Path: "C:\eclipse-workspace\MyProjects\TASystemsAPIs\src\test\resources\testDataFiles\Schemas\ValidationError_schema.json"".
2023-01-22 15:45:47.299 &amp#27;[32m INFO&amp#27;[m &amp#27;[35m[@503 - main]&amp#27;[m &amp#27;[36mcom.shaft.tools.io.ReportManager&amp#27;[m : File Action "ReadFile" successfully performed. With the following test data "File Path: "C:\eclipse-workspace\MyProjects\TASystemsAPIs\src\test\resources\testDataFiles\Schemas\ValidationError_schema.json"".
2023-01-22 15:45:47.301 &amp#27;[32m INFO&amp#27;[m &amp#27;[35m[@503 - main]&amp#27;[m &amp#27;[36mcom.shaft.tools.io.ReportManager&amp#27;[m : Successfully created attachment "Validation Test Data - Expected JSON Value"
2023-01-22 15:45:47.303 &amp#27;[32m INFO&amp#27;[m &amp#27;[35m[@503 - main]&amp#27;[m &amp#27;[36mcom.shaft.tools.io.ReportManager&amp#27;[m : Successfully created attachment "Validation Test Data - Actual JSON Value"
2023-01-22 15:45:47.304 &amp#27;[32m INFO&amp#27;[m &amp#27;[35m[@503 - main]&amp#27;[m &amp#27;[36mcom.shaft.tools.io.ReportManager&amp#27;[m : Successfully created attachment "SHAFT Engine Logs - Current Method log: Update_Policy_With_InValid_data_TC"
]]></system-out>
  </testcase>
  <testcase name="Update_Policy_With_InValid_data_TC[[Ljava.lang.Object;@4eef1763](52)" classname="SteeringCompanyAPI_TestCases.Test_Policies_Cases" time="1.354">
    <system-out><![CDATA[2023-01-22 15:45:47.309 &amp#27;[32m INFO&amp#27;[m &amp#27;[35m[@534 - main]&amp#27;[m &amp#27;[36mcom.shaft.tools.io.ReportManager&amp#27;[m : 
################################################################################################################################################
Starting Execution:	"240 out of 70" test cases in the current suite
Test Method:		"SteeringCompanyAPI_TestCases.Test_Policies_Cases.Update_Policy_With_InValid_data_TC"
Test Description:	"TC053 -Policy- Perform Update Policy with InValid data"
################################################################################################################################################
2023-01-22 15:45:47.309 &amp#27;[32m INFO&amp#27;[m &amp#27;[35m[@503 - main]&amp#27;[m &amp#27;[36mcom.shaft.tools.io.ReportManager&amp#27;[m : File Action "DoesFileExist" successfully performed. With the following test data "File Path: "SteeringCompanyAPI_TestData/SteeringCompanyAPI_TestData.xlsx"".
2023-01-22 15:45:47.364 &amp#27;[32m INFO&amp#27;[m &amp#27;[35m[@503 - main]&amp#27;[m &amp#27;[36mcom.shaft.tools.io.ReportManager&amp#27;[m : Successfully created attachment "Test Data - Excel"
2023-01-22 15:45:47.976 &amp#27;[32m INFO&amp#27;[m &amp#27;[35m[@503 - main]&amp#27;[m &amp#27;[36mcom.shaft.tools.io.ReportManager&amp#27;[m : Response status code: "200", status line: "HTTP/1.1 200 OK"
2023-01-22 15:45:47.991 &amp#27;[32m INFO&amp#27;[m &amp#27;[35m[@503 - main]&amp#27;[m &amp#27;[36mcom.shaft.tools.io.ReportManager&amp#27;[m : Successfully created attachment "API Request - Specifications"
2023-01-22 15:45:47.995 &amp#27;[32m INFO&amp#27;[m &amp#27;[35m[@503 - main]&amp#27;[m &amp#27;[36mcom.shaft.tools.io.ReportManager&amp#27;[m : Successfully created attachment "API Request - Body"
2023-01-22 15:45:47.997 &amp#27;[32m INFO&amp#27;[m &amp#27;[35m[@503 - main]&amp#27;[m &amp#27;[36mcom.shaft.tools.io.ReportManager&amp#27;[m : Successfully created attachment "API Response - JSON Body"
2023-01-22 15:45:48.012 &amp#27;[32m INFO&amp#27;[m &amp#27;[35m[@503 - main]&amp#27;[m &amp#27;[36mcom.shaft.tools.io.ReportManager&amp#27;[m : File Action "DoesFileExist" successfully performed. With the following test data "File Path: "SteeringCompanyAPI_TestData/SteeringCompanyAPI_TestData.xlsx"".
2023-01-22 15:45:48.064 &amp#27;[32m INFO&amp#27;[m &amp#27;[35m[@503 - main]&amp#27;[m &amp#27;[36mcom.shaft.tools.io.ReportManager&amp#27;[m : Successfully created attachment "Test Data - Excel"
2023-01-22 15:45:48.065 &amp#27;[32m INFO&amp#27;[m &amp#27;[35m[@503 - main]&amp#27;[m &amp#27;[36mcom.shaft.tools.io.ReportManager&amp#27;[m : File Action "DoesFileExist" successfully performed. With the following test data "File Path: "SteeringCompanyAPI_TestData/SteeringCompanyAPI_TestData.xlsx"".
2023-01-22 15:45:48.103 &amp#27;[32m INFO&amp#27;[m &amp#27;[35m[@503 - main]&amp#27;[m &amp#27;[36mcom.shaft.tools.io.ReportManager&amp#27;[m : Successfully created attachment "Test Data - Excel"
2023-01-22 15:45:48.104 &amp#27;[32m INFO&amp#27;[m &amp#27;[35m[@503 - main]&amp#27;[m &amp#27;[36mcom.shaft.tools.io.ReportManager&amp#27;[m : File Action "DoesFileExist" successfully performed. With the following test data "File Path: "SteeringCompanyAPI_TestData/SteeringCompanyAPI_TestData.xlsx"".
2023-01-22 15:45:48.156 &amp#27;[32m INFO&amp#27;[m &amp#27;[35m[@503 - main]&amp#27;[m &amp#27;[36mcom.shaft.tools.io.ReportManager&amp#27;[m : Successfully created attachment "Test Data - Excel"
2023-01-22 15:45:48.624 &amp#27;[32m INFO&amp#27;[m &amp#27;[35m[@503 - main]&amp#27;[m &amp#27;[36mcom.shaft.tools.io.ReportManager&amp#27;[m : Response status code: "422", status line: "HTTP/1.1 422 "
2023-01-22 15:45:48.642 &amp#27;[32m INFO&amp#27;[m &amp#27;[35m[@503 - main]&amp#27;[m &amp#27;[36mcom.shaft.tools.io.ReportManager&amp#27;[m : Successfully created attachment "API Request - Specifications"
2023-01-22 15:45:48.646 &amp#27;[32m INFO&amp#27;[m &amp#27;[35m[@503 - main]&amp#27;[m &amp#27;[36mcom.shaft.tools.io.ReportManager&amp#27;[m : Successfully created attachment "API Request - JSON Body"
2023-01-22 15:45:48.646 &amp#27;[32m INFO&amp#27;[m &amp#27;[35m[@503 - main]&amp#27;[m &amp#27;[36mcom.shaft.tools.io.ReportManager&amp#27;[m : Successfully created attachment "API Response - JSON Body"
2023-01-22 15:45:48.647 &amp#27;[32m INFO&amp#27;[m &amp#27;[35m[@503 - main]&amp#27;[m &amp#27;[36mcom.shaft.tools.io.ReportManager&amp#27;[m : File Action "DoesFileExist" successfully performed. With the following test data "File Path: "Schemas/ValidationError_schema.json"".
2023-01-22 15:45:48.648 &amp#27;[32m INFO&amp#27;[m &amp#27;[35m[@503 - main]&amp#27;[m &amp#27;[36mcom.shaft.tools.io.ReportManager&amp#27;[m : File Action "DoesFileExist" successfully performed. With the following test data "File Path: "src/test/resources/testDataFiles/Schemas/ValidationError_schema.json"".
2023-01-22 15:45:48.648 &amp#27;[32m INFO&amp#27;[m &amp#27;[35m[@503 - main]&amp#27;[m &amp#27;[36mcom.shaft.tools.io.ReportManager&amp#27;[m : File Action "GetAbsolutePath" successfully performed. With the following test data "Relative Folder Path: "src/test/resources/testDataFiles/Schemas/ValidationError_schema.json"".
2023-01-22 15:45:48.652 &amp#27;[32m INFO&amp#27;[m &amp#27;[35m[@503 - main]&amp#27;[m &amp#27;[36mcom.shaft.tools.io.ReportManager&amp#27;[m : File Action "DoesFileExist" successfully performed. With the following test data "File Path: "C:\eclipse-workspace\MyProjects\TASystemsAPIs\src\test\resources\testDataFiles\Schemas\ValidationError_schema.json"".
2023-01-22 15:45:48.652 &amp#27;[32m INFO&amp#27;[m &amp#27;[35m[@503 - main]&amp#27;[m &amp#27;[36mcom.shaft.tools.io.ReportManager&amp#27;[m : File Action "GetAbsolutePath" successfully performed. With the following test data "Relative Folder Path: "C:\eclipse-workspace\MyProjects\TASystemsAPIs\src\test\resources\testDataFiles\Schemas\ValidationError_schema.json"".
2023-01-22 15:45:48.653 &amp#27;[32m INFO&amp#27;[m &amp#27;[35m[@503 - main]&amp#27;[m &amp#27;[36mcom.shaft.tools.io.ReportManager&amp#27;[m : File Action "ReadFile" successfully performed. With the following test data "File Path: "C:\eclipse-workspace\MyProjects\TASystemsAPIs\src\test\resources\testDataFiles\Schemas\ValidationError_schema.json"".
2023-01-22 15:45:48.655 &amp#27;[32m INFO&amp#27;[m &amp#27;[35m[@503 - main]&amp#27;[m &amp#27;[36mcom.shaft.tools.io.ReportManager&amp#27;[m : Successfully created attachment "Validation Test Data - Expected JSON Value"
2023-01-22 15:45:48.657 &amp#27;[32m INFO&amp#27;[m &amp#27;[35m[@503 - main]&amp#27;[m &amp#27;[36mcom.shaft.tools.io.ReportManager&amp#27;[m : Successfully created attachment "Validation Test Data - Actual JSON Value"
2023-01-22 15:45:48.658 &amp#27;[32m INFO&amp#27;[m &amp#27;[35m[@503 - main]&amp#27;[m &amp#27;[36mcom.shaft.tools.io.ReportManager&amp#27;[m : Successfully created attachment "SHAFT Engine Logs - Current Method log: Update_Policy_With_InValid_data_TC"
]]></system-out>
  </testcase>
  <testcase name="Update_Policy_With_InValid_data_TC[[Ljava.lang.Object;@3a8ae382](53)" classname="SteeringCompanyAPI_TestCases.Test_Policies_Cases" time="1.312">
    <system-out><![CDATA[2023-01-22 15:45:48.662 &amp#27;[32m INFO&amp#27;[m &amp#27;[35m[@534 - main]&amp#27;[m &amp#27;[36mcom.shaft.tools.io.ReportManager&amp#27;[m : 
################################################################################################################################################
Starting Execution:	"241 out of 70" test cases in the current suite
Test Method:		"SteeringCompanyAPI_TestCases.Test_Policies_Cases.Update_Policy_With_InValid_data_TC"
Test Description:	"TC053 -Policy- Perform Update Policy with InValid data"
################################################################################################################################################
2023-01-22 15:45:48.663 &amp#27;[32m INFO&amp#27;[m &amp#27;[35m[@503 - main]&amp#27;[m &amp#27;[36mcom.shaft.tools.io.ReportManager&amp#27;[m : File Action "DoesFileExist" successfully performed. With the following test data "File Path: "SteeringCompanyAPI_TestData/SteeringCompanyAPI_TestData.xlsx"".
2023-01-22 15:45:48.711 &amp#27;[32m INFO&amp#27;[m &amp#27;[35m[@503 - main]&amp#27;[m &amp#27;[36mcom.shaft.tools.io.ReportManager&amp#27;[m : Successfully created attachment "Test Data - Excel"
2023-01-22 15:45:49.302 &amp#27;[32m INFO&amp#27;[m &amp#27;[35m[@503 - main]&amp#27;[m &amp#27;[36mcom.shaft.tools.io.ReportManager&amp#27;[m : Response status code: "200", status line: "HTTP/1.1 200 OK"
2023-01-22 15:45:49.322 &amp#27;[32m INFO&amp#27;[m &amp#27;[35m[@503 - main]&amp#27;[m &amp#27;[36mcom.shaft.tools.io.ReportManager&amp#27;[m : Successfully created attachment "API Request - Specifications"
2023-01-22 15:45:49.323 &amp#27;[32m INFO&amp#27;[m &amp#27;[35m[@503 - main]&amp#27;[m &amp#27;[36mcom.shaft.tools.io.ReportManager&amp#27;[m : Successfully created attachment "API Request - Body"
2023-01-22 15:45:49.323 &amp#27;[32m INFO&amp#27;[m &amp#27;[35m[@503 - main]&amp#27;[m &amp#27;[36mcom.shaft.tools.io.ReportManager&amp#27;[m : Successfully created attachment "API Response - JSON Body"
2023-01-22 15:45:49.338 &amp#27;[32m INFO&amp#27;[m &amp#27;[35m[@503 - main]&amp#27;[m &amp#27;[36mcom.shaft.tools.io.ReportManager&amp#27;[m : File Action "DoesFileExist" successfully performed. With the following test data "File Path: "SteeringCompanyAPI_TestData/SteeringCompanyAPI_TestData.xlsx"".
2023-01-22 15:45:49.382 &amp#27;[32m INFO&amp#27;[m &amp#27;[35m[@503 - main]&amp#27;[m &amp#27;[36mcom.shaft.tools.io.ReportManager&amp#27;[m : Successfully created attachment "Test Data - Excel"
2023-01-22 15:45:49.382 &amp#27;[32m INFO&amp#27;[m &amp#27;[35m[@503 - main]&amp#27;[m &amp#27;[36mcom.shaft.tools.io.ReportManager&amp#27;[m : File Action "DoesFileExist" successfully performed. With the following test data "File Path: "SteeringCompanyAPI_TestData/SteeringCompanyAPI_TestData.xlsx"".
2023-01-22 15:45:49.432 &amp#27;[32m INFO&amp#27;[m &amp#27;[35m[@503 - main]&amp#27;[m &amp#27;[36mcom.shaft.tools.io.ReportManager&amp#27;[m : Successfully created attachment "Test Data - Excel"
2023-01-22 15:45:49.432 &amp#27;[32m INFO&amp#27;[m &amp#27;[35m[@503 - main]&amp#27;[m &amp#27;[36mcom.shaft.tools.io.ReportManager&amp#27;[m : File Action "DoesFileExist" successfully performed. With the following test data "File Path: "SteeringCompanyAPI_TestData/SteeringCompanyAPI_TestData.xlsx"".
2023-01-22 15:45:49.481 &amp#27;[32m INFO&amp#27;[m &amp#27;[35m[@503 - main]&amp#27;[m &amp#27;[36mcom.shaft.tools.io.ReportManager&amp#27;[m : Successfully created attachment "Test Data - Excel"
2023-01-22 15:45:49.940 &amp#27;[32m INFO&amp#27;[m &amp#27;[35m[@503 - main]&amp#27;[m &amp#27;[36mcom.shaft.tools.io.ReportManager&amp#27;[m : Response status code: "422", status line: "HTTP/1.1 422 "
2023-01-22 15:45:49.956 &amp#27;[32m INFO&amp#27;[m &amp#27;[35m[@503 - main]&amp#27;[m &amp#27;[36mcom.shaft.tools.io.ReportManager&amp#27;[m : Successfully created attachment "API Request - Specifications"
2023-01-22 15:45:49.957 &amp#27;[32m INFO&amp#27;[m &amp#27;[35m[@503 - main]&amp#27;[m &amp#27;[36mcom.shaft.tools.io.ReportManager&amp#27;[m : Successfully created attachment "API Request - JSON Body"
2023-01-22 15:45:49.961 &amp#27;[32m INFO&amp#27;[m &amp#27;[35m[@503 - main]&amp#27;[m &amp#27;[36mcom.shaft.tools.io.ReportManager&amp#27;[m : Successfully created attachment "API Response - JSON Body"
2023-01-22 15:45:49.962 &amp#27;[32m INFO&amp#27;[m &amp#27;[35m[@503 - main]&amp#27;[m &amp#27;[36mcom.shaft.tools.io.ReportManager&amp#27;[m : File Action "DoesFileExist" successfully performed. With the following test data "File Path: "Schemas/ValidationError_schema.json"".
2023-01-22 15:45:49.962 &amp#27;[32m INFO&amp#27;[m &amp#27;[35m[@503 - main]&amp#27;[m &amp#27;[36mcom.shaft.tools.io.ReportManager&amp#27;[m : File Action "DoesFileExist" successfully performed. With the following test data "File Path: "src/test/resources/testDataFiles/Schemas/ValidationError_schema.json"".
2023-01-22 15:45:49.962 &amp#27;[32m INFO&amp#27;[m &amp#27;[35m[@503 - main]&amp#27;[m &amp#27;[36mcom.shaft.tools.io.ReportManager&amp#27;[m : File Action "GetAbsolutePath" successfully performed. With the following test data "Relative Folder Path: "src/test/resources/testDataFiles/Schemas/ValidationError_schema.json"".
2023-01-22 15:45:49.965 &amp#27;[32m INFO&amp#27;[m &amp#27;[35m[@503 - main]&amp#27;[m &amp#27;[36mcom.shaft.tools.io.ReportManager&amp#27;[m : File Action "DoesFileExist" successfully performed. With the following test data "File Path: "C:\eclipse-workspace\MyProjects\TASystemsAPIs\src\test\resources\testDataFiles\Schemas\ValidationError_schema.json"".
2023-01-22 15:45:49.965 &amp#27;[32m INFO&amp#27;[m &amp#27;[35m[@503 - main]&amp#27;[m &amp#27;[36mcom.shaft.tools.io.ReportManager&amp#27;[m : File Action "GetAbsolutePath" successfully performed. With the following test data "Relative Folder Path: "C:\eclipse-workspace\MyProjects\TASystemsAPIs\src\test\resources\testDataFiles\Schemas\ValidationError_schema.json"".
2023-01-22 15:45:49.966 &amp#27;[32m INFO&amp#27;[m &amp#27;[35m[@503 - main]&amp#27;[m &amp#27;[36mcom.shaft.tools.io.ReportManager&amp#27;[m : File Action "ReadFile" successfully performed. With the following test data "File Path: "C:\eclipse-workspace\MyProjects\TASystemsAPIs\src\test\resources\testDataFiles\Schemas\ValidationError_schema.json"".
2023-01-22 15:45:49.968 &amp#27;[32m INFO&amp#27;[m &amp#27;[35m[@503 - main]&amp#27;[m &amp#27;[36mcom.shaft.tools.io.ReportManager&amp#27;[m : Successfully created attachment "Validation Test Data - Expected JSON Value"
2023-01-22 15:45:49.969 &amp#27;[32m INFO&amp#27;[m &amp#27;[35m[@503 - main]&amp#27;[m &amp#27;[36mcom.shaft.tools.io.ReportManager&amp#27;[m : Successfully created attachment "Validation Test Data - Actual JSON Value"
2023-01-22 15:45:49.970 &amp#27;[32m INFO&amp#27;[m &amp#27;[35m[@503 - main]&amp#27;[m &amp#27;[36mcom.shaft.tools.io.ReportManager&amp#27;[m : Successfully created attachment "SHAFT Engine Logs - Current Method log: Update_Policy_With_InValid_data_TC"
]]></system-out>
  </testcase>
  <testcase name="Update_Policy_With_InValid_data_TC[[Ljava.lang.Object;@625ffa87](54)" classname="SteeringCompanyAPI_TestCases.Test_Policies_Cases" time="1.642">
    <system-out><![CDATA[2023-01-22 15:45:49.975 &amp#27;[32m INFO&amp#27;[m &amp#27;[35m[@534 - main]&amp#27;[m &amp#27;[36mcom.shaft.tools.io.ReportManager&amp#27;[m : 
################################################################################################################################################
Starting Execution:	"242 out of 70" test cases in the current suite
Test Method:		"SteeringCompanyAPI_TestCases.Test_Policies_Cases.Update_Policy_With_InValid_data_TC"
Test Description:	"TC053 -Policy- Perform Update Policy with InValid data"
################################################################################################################################################
2023-01-22 15:45:49.975 &amp#27;[32m INFO&amp#27;[m &amp#27;[35m[@503 - main]&amp#27;[m &amp#27;[36mcom.shaft.tools.io.ReportManager&amp#27;[m : File Action "DoesFileExist" successfully performed. With the following test data "File Path: "SteeringCompanyAPI_TestData/SteeringCompanyAPI_TestData.xlsx"".
2023-01-22 15:45:50.024 &amp#27;[32m INFO&amp#27;[m &amp#27;[35m[@503 - main]&amp#27;[m &amp#27;[36mcom.shaft.tools.io.ReportManager&amp#27;[m : Successfully created attachment "Test Data - Excel"
2023-01-22 15:45:50.651 &amp#27;[32m INFO&amp#27;[m &amp#27;[35m[@503 - main]&amp#27;[m &amp#27;[36mcom.shaft.tools.io.ReportManager&amp#27;[m : Response status code: "200", status line: "HTTP/1.1 200 OK"
2023-01-22 15:45:50.668 &amp#27;[32m INFO&amp#27;[m &amp#27;[35m[@503 - main]&amp#27;[m &amp#27;[36mcom.shaft.tools.io.ReportManager&amp#27;[m : Successfully created attachment "API Request - Specifications"
2023-01-22 15:45:50.671 &amp#27;[32m INFO&amp#27;[m &amp#27;[35m[@503 - main]&amp#27;[m &amp#27;[36mcom.shaft.tools.io.ReportManager&amp#27;[m : Successfully created attachment "API Request - Body"
2023-01-22 15:45:50.672 &amp#27;[32m INFO&amp#27;[m &amp#27;[35m[@503 - main]&amp#27;[m &amp#27;[36mcom.shaft.tools.io.ReportManager&amp#27;[m : Successfully created attachment "API Response - JSON Body"
2023-01-22 15:45:50.692 &amp#27;[32m INFO&amp#27;[m &amp#27;[35m[@503 - main]&amp#27;[m &amp#27;[36mcom.shaft.tools.io.ReportManager&amp#27;[m : File Action "DoesFileExist" successfully performed. With the following test data "File Path: "SteeringCompanyAPI_TestData/SteeringCompanyAPI_TestData.xlsx"".
2023-01-22 15:45:50.759 &amp#27;[32m INFO&amp#27;[m &amp#27;[35m[@503 - main]&amp#27;[m &amp#27;[36mcom.shaft.tools.io.ReportManager&amp#27;[m : Successfully created attachment "Test Data - Excel"
2023-01-22 15:45:50.760 &amp#27;[32m INFO&amp#27;[m &amp#27;[35m[@503 - main]&amp#27;[m &amp#27;[36mcom.shaft.tools.io.ReportManager&amp#27;[m : File Action "DoesFileExist" successfully performed. With the following test data "File Path: "SteeringCompanyAPI_TestData/SteeringCompanyAPI_TestData.xlsx"".
2023-01-22 15:45:50.826 &amp#27;[32m INFO&amp#27;[m &amp#27;[35m[@503 - main]&amp#27;[m &amp#27;[36mcom.shaft.tools.io.ReportManager&amp#27;[m : Successfully created attachment "Test Data - Excel"
2023-01-22 15:45:50.827 &amp#27;[32m INFO&amp#27;[m &amp#27;[35m[@503 - main]&amp#27;[m &amp#27;[36mcom.shaft.tools.io.ReportManager&amp#27;[m : File Action "DoesFileExist" successfully performed. With the following test data "File Path: "SteeringCompanyAPI_TestData/SteeringCompanyAPI_TestData.xlsx"".
2023-01-22 15:45:50.895 &amp#27;[32m INFO&amp#27;[m &amp#27;[35m[@503 - main]&amp#27;[m &amp#27;[36mcom.shaft.tools.io.ReportManager&amp#27;[m : Successfully created attachment "Test Data - Excel"
2023-01-22 15:45:51.578 &amp#27;[32m INFO&amp#27;[m &amp#27;[35m[@503 - main]&amp#27;[m &amp#27;[36mcom.shaft.tools.io.ReportManager&amp#27;[m : Response status code: "422", status line: "HTTP/1.1 422 "
2023-01-22 15:45:51.593 &amp#27;[32m INFO&amp#27;[m &amp#27;[35m[@503 - main]&amp#27;[m &amp#27;[36mcom.shaft.tools.io.ReportManager&amp#27;[m : Successfully created attachment "API Request - Specifications"
2023-01-22 15:45:51.594 &amp#27;[32m INFO&amp#27;[m &amp#27;[35m[@503 - main]&amp#27;[m &amp#27;[36mcom.shaft.tools.io.ReportManager&amp#27;[m : Successfully created attachment "API Request - JSON Body"
2023-01-22 15:45:51.598 &amp#27;[32m INFO&amp#27;[m &amp#27;[35m[@503 - main]&amp#27;[m &amp#27;[36mcom.shaft.tools.io.ReportManager&amp#27;[m : Successfully created attachment "API Response - JSON Body"
2023-01-22 15:45:51.600 &amp#27;[32m INFO&amp#27;[m &amp#27;[35m[@503 - main]&amp#27;[m &amp#27;[36mcom.shaft.tools.io.ReportManager&amp#27;[m : File Action "DoesFileExist" successfully performed. With the following test data "File Path: "Schemas/ValidationError_schema.json"".
2023-01-22 15:45:51.600 &amp#27;[32m INFO&amp#27;[m &amp#27;[35m[@503 - main]&amp#27;[m &amp#27;[36mcom.shaft.tools.io.ReportManager&amp#27;[m : File Action "DoesFileExist" successfully performed. With the following test data "File Path: "src/test/resources/testDataFiles/Schemas/ValidationError_schema.json"".
2023-01-22 15:45:51.601 &amp#27;[32m INFO&amp#27;[m &amp#27;[35m[@503 - main]&amp#27;[m &amp#27;[36mcom.shaft.tools.io.ReportManager&amp#27;[m : File Action "GetAbsolutePath" successfully performed. With the following test data "Relative Folder Path: "src/test/resources/testDataFiles/Schemas/ValidationError_schema.json"".
2023-01-22 15:45:51.605 &amp#27;[32m INFO&amp#27;[m &amp#27;[35m[@503 - main]&amp#27;[m &amp#27;[36mcom.shaft.tools.io.ReportManager&amp#27;[m : File Action "DoesFileExist" successfully performed. With the following test data "File Path: "C:\eclipse-workspace\MyProjects\TASystemsAPIs\src\test\resources\testDataFiles\Schemas\ValidationError_schema.json"".
2023-01-22 15:45:51.605 &amp#27;[32m INFO&amp#27;[m &amp#27;[35m[@503 - main]&amp#27;[m &amp#27;[36mcom.shaft.tools.io.ReportManager&amp#27;[m : File Action "GetAbsolutePath" successfully performed. With the following test data "Relative Folder Path: "C:\eclipse-workspace\MyProjects\TASystemsAPIs\src\test\resources\testDataFiles\Schemas\ValidationError_schema.json"".
2023-01-22 15:45:51.606 &amp#27;[32m INFO&amp#27;[m &amp#27;[35m[@503 - main]&amp#27;[m &amp#27;[36mcom.shaft.tools.io.ReportManager&amp#27;[m : File Action "ReadFile" successfully performed. With the following test data "File Path: "C:\eclipse-workspace\MyProjects\TASystemsAPIs\src\test\resources\testDataFiles\Schemas\ValidationError_schema.json"".
2023-01-22 15:45:51.608 &amp#27;[32m INFO&amp#27;[m &amp#27;[35m[@503 - main]&amp#27;[m &amp#27;[36mcom.shaft.tools.io.ReportManager&amp#27;[m : Successfully created attachment "Validation Test Data - Expected JSON Value"
2023-01-22 15:45:51.611 &amp#27;[32m INFO&amp#27;[m &amp#27;[35m[@503 - main]&amp#27;[m &amp#27;[36mcom.shaft.tools.io.ReportManager&amp#27;[m : Successfully created attachment "Validation Test Data - Actual JSON Value"
2023-01-22 15:45:51.612 &amp#27;[32m INFO&amp#27;[m &amp#27;[35m[@503 - main]&amp#27;[m &amp#27;[36mcom.shaft.tools.io.ReportManager&amp#27;[m : Successfully created attachment "SHAFT Engine Logs - Current Method log: Update_Policy_With_InValid_data_TC"
]]></system-out>
  </testcase>
  <testcase name="Update_Policy_With_InValid_data_TC[[Ljava.lang.Object;@31532215](55)" classname="SteeringCompanyAPI_TestCases.Test_Policies_Cases" time="1.439">
    <system-out><![CDATA[2023-01-22 15:45:51.617 &amp#27;[32m INFO&amp#27;[m &amp#27;[35m[@534 - main]&amp#27;[m &amp#27;[36mcom.shaft.tools.io.ReportManager&amp#27;[m : 
################################################################################################################################################
Starting Execution:	"243 out of 70" test cases in the current suite
Test Method:		"SteeringCompanyAPI_TestCases.Test_Policies_Cases.Update_Policy_With_InValid_data_TC"
Test Description:	"TC053 -Policy- Perform Update Policy with InValid data"
################################################################################################################################################
2023-01-22 15:45:51.618 &amp#27;[32m INFO&amp#27;[m &amp#27;[35m[@503 - main]&amp#27;[m &amp#27;[36mcom.shaft.tools.io.ReportManager&amp#27;[m : File Action "DoesFileExist" successfully performed. With the following test data "File Path: "SteeringCompanyAPI_TestData/SteeringCompanyAPI_TestData.xlsx"".
2023-01-22 15:45:51.685 &amp#27;[32m INFO&amp#27;[m &amp#27;[35m[@503 - main]&amp#27;[m &amp#27;[36mcom.shaft.tools.io.ReportManager&amp#27;[m : Successfully created attachment "Test Data - Excel"
2023-01-22 15:45:52.290 &amp#27;[32m INFO&amp#27;[m &amp#27;[35m[@503 - main]&amp#27;[m &amp#27;[36mcom.shaft.tools.io.ReportManager&amp#27;[m : Response status code: "200", status line: "HTTP/1.1 200 OK"
2023-01-22 15:45:52.304 &amp#27;[32m INFO&amp#27;[m &amp#27;[35m[@503 - main]&amp#27;[m &amp#27;[36mcom.shaft.tools.io.ReportManager&amp#27;[m : Successfully created attachment "API Request - Specifications"
2023-01-22 15:45:52.307 &amp#27;[32m INFO&amp#27;[m &amp#27;[35m[@503 - main]&amp#27;[m &amp#27;[36mcom.shaft.tools.io.ReportManager&amp#27;[m : Successfully created attachment "API Request - Body"
2023-01-22 15:45:52.309 &amp#27;[32m INFO&amp#27;[m &amp#27;[35m[@503 - main]&amp#27;[m &amp#27;[36mcom.shaft.tools.io.ReportManager&amp#27;[m : Successfully created attachment "API Response - JSON Body"
2023-01-22 15:45:52.327 &amp#27;[32m INFO&amp#27;[m &amp#27;[35m[@503 - main]&amp#27;[m &amp#27;[36mcom.shaft.tools.io.ReportManager&amp#27;[m : File Action "DoesFileExist" successfully performed. With the following test data "File Path: "SteeringCompanyAPI_TestData/SteeringCompanyAPI_TestData.xlsx"".
2023-01-22 15:45:52.381 &amp#27;[32m INFO&amp#27;[m &amp#27;[35m[@503 - main]&amp#27;[m &amp#27;[36mcom.shaft.tools.io.ReportManager&amp#27;[m : Successfully created attachment "Test Data - Excel"
2023-01-22 15:45:52.382 &amp#27;[32m INFO&amp#27;[m &amp#27;[35m[@503 - main]&amp#27;[m &amp#27;[36mcom.shaft.tools.io.ReportManager&amp#27;[m : File Action "DoesFileExist" successfully performed. With the following test data "File Path: "SteeringCompanyAPI_TestData/SteeringCompanyAPI_TestData.xlsx"".
2023-01-22 15:45:52.428 &amp#27;[32m INFO&amp#27;[m &amp#27;[35m[@503 - main]&amp#27;[m &amp#27;[36mcom.shaft.tools.io.ReportManager&amp#27;[m : Successfully created attachment "Test Data - Excel"
2023-01-22 15:45:52.429 &amp#27;[32m INFO&amp#27;[m &amp#27;[35m[@503 - main]&amp#27;[m &amp#27;[36mcom.shaft.tools.io.ReportManager&amp#27;[m : File Action "DoesFileExist" successfully performed. With the following test data "File Path: "SteeringCompanyAPI_TestData/SteeringCompanyAPI_TestData.xlsx"".
2023-01-22 15:45:52.471 &amp#27;[32m INFO&amp#27;[m &amp#27;[35m[@503 - main]&amp#27;[m &amp#27;[36mcom.shaft.tools.io.ReportManager&amp#27;[m : Successfully created attachment "Test Data - Excel"
2023-01-22 15:45:53.015 &amp#27;[32m INFO&amp#27;[m &amp#27;[35m[@503 - main]&amp#27;[m &amp#27;[36mcom.shaft.tools.io.ReportManager&amp#27;[m : Response status code: "422", status line: "HTTP/1.1 422 "
2023-01-22 15:45:53.032 &amp#27;[32m INFO&amp#27;[m &amp#27;[35m[@503 - main]&amp#27;[m &amp#27;[36mcom.shaft.tools.io.ReportManager&amp#27;[m : Successfully created attachment "API Request - Specifications"
2023-01-22 15:45:53.034 &amp#27;[32m INFO&amp#27;[m &amp#27;[35m[@503 - main]&amp#27;[m &amp#27;[36mcom.shaft.tools.io.ReportManager&amp#27;[m : Successfully created attachment "API Request - JSON Body"
2023-01-22 15:45:53.035 &amp#27;[32m INFO&amp#27;[m &amp#27;[35m[@503 - main]&amp#27;[m &amp#27;[36mcom.shaft.tools.io.ReportManager&amp#27;[m : Successfully created attachment "API Response - JSON Body"
2023-01-22 15:45:53.035 &amp#27;[32m INFO&amp#27;[m &amp#27;[35m[@503 - main]&amp#27;[m &amp#27;[36mcom.shaft.tools.io.ReportManager&amp#27;[m : File Action "DoesFileExist" successfully performed. With the following test data "File Path: "Schemas/ValidationError_schema.json"".
2023-01-22 15:45:53.036 &amp#27;[32m INFO&amp#27;[m &amp#27;[35m[@503 - main]&amp#27;[m &amp#27;[36mcom.shaft.tools.io.ReportManager&amp#27;[m : File Action "DoesFileExist" successfully performed. With the following test data "File Path: "src/test/resources/testDataFiles/Schemas/ValidationError_schema.json"".
2023-01-22 15:45:53.036 &amp#27;[32m INFO&amp#27;[m &amp#27;[35m[@503 - main]&amp#27;[m &amp#27;[36mcom.shaft.tools.io.ReportManager&amp#27;[m : File Action "GetAbsolutePath" successfully performed. With the following test data "Relative Folder Path: "src/test/resources/testDataFiles/Schemas/ValidationError_schema.json"".
2023-01-22 15:45:53.040 &amp#27;[32m INFO&amp#27;[m &amp#27;[35m[@503 - main]&amp#27;[m &amp#27;[36mcom.shaft.tools.io.ReportManager&amp#27;[m : File Action "DoesFileExist" successfully performed. With the following test data "File Path: "C:\eclipse-workspace\MyProjects\TASystemsAPIs\src\test\resources\testDataFiles\Schemas\ValidationError_schema.json"".
2023-01-22 15:45:53.041 &amp#27;[32m INFO&amp#27;[m &amp#27;[35m[@503 - main]&amp#27;[m &amp#27;[36mcom.shaft.tools.io.ReportManager&amp#27;[m : File Action "GetAbsolutePath" successfully performed. With the following test data "Relative Folder Path: "C:\eclipse-workspace\MyProjects\TASystemsAPIs\src\test\resources\testDataFiles\Schemas\ValidationError_schema.json"".
2023-01-22 15:45:53.042 &amp#27;[32m INFO&amp#27;[m &amp#27;[35m[@503 - main]&amp#27;[m &amp#27;[36mcom.shaft.tools.io.ReportManager&amp#27;[m : File Action "ReadFile" successfully performed. With the following test data "File Path: "C:\eclipse-workspace\MyProjects\TASystemsAPIs\src\test\resources\testDataFiles\Schemas\ValidationError_schema.json"".
2023-01-22 15:45:53.047 &amp#27;[32m INFO&amp#27;[m &amp#27;[35m[@503 - main]&amp#27;[m &amp#27;[36mcom.shaft.tools.io.ReportManager&amp#27;[m : Successfully created attachment "Validation Test Data - Expected JSON Value"
2023-01-22 15:45:53.049 &amp#27;[32m INFO&amp#27;[m &amp#27;[35m[@503 - main]&amp#27;[m &amp#27;[36mcom.shaft.tools.io.ReportManager&amp#27;[m : Successfully created attachment "Validation Test Data - Actual JSON Value"
2023-01-22 15:45:53.051 &amp#27;[32m INFO&amp#27;[m &amp#27;[35m[@503 - main]&amp#27;[m &amp#27;[36mcom.shaft.tools.io.ReportManager&amp#27;[m : Successfully created attachment "SHAFT Engine Logs - Current Method log: Update_Policy_With_InValid_data_TC"
]]></system-out>
  </testcase>
  <testcase name="Update_Policy_With_InValid_data_TC[[Ljava.lang.Object;@7c55a646](56)" classname="SteeringCompanyAPI_TestCases.Test_Policies_Cases" time="1.351">
    <system-out><![CDATA[2023-01-22 15:45:53.056 &amp#27;[32m INFO&amp#27;[m &amp#27;[35m[@534 - main]&amp#27;[m &amp#27;[36mcom.shaft.tools.io.ReportManager&amp#27;[m : 
################################################################################################################################################
Starting Execution:	"244 out of 70" test cases in the current suite
Test Method:		"SteeringCompanyAPI_TestCases.Test_Policies_Cases.Update_Policy_With_InValid_data_TC"
Test Description:	"TC053 -Policy- Perform Update Policy with InValid data"
################################################################################################################################################
2023-01-22 15:45:53.057 &amp#27;[32m INFO&amp#27;[m &amp#27;[35m[@503 - main]&amp#27;[m &amp#27;[36mcom.shaft.tools.io.ReportManager&amp#27;[m : File Action "DoesFileExist" successfully performed. With the following test data "File Path: "SteeringCompanyAPI_TestData/SteeringCompanyAPI_TestData.xlsx"".
2023-01-22 15:45:53.121 &amp#27;[32m INFO&amp#27;[m &amp#27;[35m[@503 - main]&amp#27;[m &amp#27;[36mcom.shaft.tools.io.ReportManager&amp#27;[m : Successfully created attachment "Test Data - Excel"
2023-01-22 15:45:53.713 &amp#27;[32m INFO&amp#27;[m &amp#27;[35m[@503 - main]&amp#27;[m &amp#27;[36mcom.shaft.tools.io.ReportManager&amp#27;[m : Response status code: "200", status line: "HTTP/1.1 200 OK"
2023-01-22 15:45:53.736 &amp#27;[32m INFO&amp#27;[m &amp#27;[35m[@503 - main]&amp#27;[m &amp#27;[36mcom.shaft.tools.io.ReportManager&amp#27;[m : Successfully created attachment "API Request - Specifications"
2023-01-22 15:45:53.738 &amp#27;[32m INFO&amp#27;[m &amp#27;[35m[@503 - main]&amp#27;[m &amp#27;[36mcom.shaft.tools.io.ReportManager&amp#27;[m : Successfully created attachment "API Request - Body"
2023-01-22 15:45:53.743 &amp#27;[32m INFO&amp#27;[m &amp#27;[35m[@503 - main]&amp#27;[m &amp#27;[36mcom.shaft.tools.io.ReportManager&amp#27;[m : Successfully created attachment "API Response - JSON Body"
2023-01-22 15:45:53.757 &amp#27;[32m INFO&amp#27;[m &amp#27;[35m[@503 - main]&amp#27;[m &amp#27;[36mcom.shaft.tools.io.ReportManager&amp#27;[m : File Action "DoesFileExist" successfully performed. With the following test data "File Path: "SteeringCompanyAPI_TestData/SteeringCompanyAPI_TestData.xlsx"".
2023-01-22 15:45:53.811 &amp#27;[32m INFO&amp#27;[m &amp#27;[35m[@503 - main]&amp#27;[m &amp#27;[36mcom.shaft.tools.io.ReportManager&amp#27;[m : Successfully created attachment "Test Data - Excel"
2023-01-22 15:45:53.812 &amp#27;[32m INFO&amp#27;[m &amp#27;[35m[@503 - main]&amp#27;[m &amp#27;[36mcom.shaft.tools.io.ReportManager&amp#27;[m : File Action "DoesFileExist" successfully performed. With the following test data "File Path: "SteeringCompanyAPI_TestData/SteeringCompanyAPI_TestData.xlsx"".
2023-01-22 15:45:53.864 &amp#27;[32m INFO&amp#27;[m &amp#27;[35m[@503 - main]&amp#27;[m &amp#27;[36mcom.shaft.tools.io.ReportManager&amp#27;[m : Successfully created attachment "Test Data - Excel"
2023-01-22 15:45:53.864 &amp#27;[32m INFO&amp#27;[m &amp#27;[35m[@503 - main]&amp#27;[m &amp#27;[36mcom.shaft.tools.io.ReportManager&amp#27;[m : File Action "DoesFileExist" successfully performed. With the following test data "File Path: "SteeringCompanyAPI_TestData/SteeringCompanyAPI_TestData.xlsx"".
2023-01-22 15:45:53.917 &amp#27;[32m INFO&amp#27;[m &amp#27;[35m[@503 - main]&amp#27;[m &amp#27;[36mcom.shaft.tools.io.ReportManager&amp#27;[m : Successfully created attachment "Test Data - Excel"
2023-01-22 15:45:54.371 &amp#27;[32m INFO&amp#27;[m &amp#27;[35m[@503 - main]&amp#27;[m &amp#27;[36mcom.shaft.tools.io.ReportManager&amp#27;[m : Response status code: "422", status line: "HTTP/1.1 422 "
2023-01-22 15:45:54.386 &amp#27;[32m INFO&amp#27;[m &amp#27;[35m[@503 - main]&amp#27;[m &amp#27;[36mcom.shaft.tools.io.ReportManager&amp#27;[m : Successfully created attachment "API Request - Specifications"
2023-01-22 15:45:54.387 &amp#27;[32m INFO&amp#27;[m &amp#27;[35m[@503 - main]&amp#27;[m &amp#27;[36mcom.shaft.tools.io.ReportManager&amp#27;[m : Successfully created attachment "API Request - JSON Body"
2023-01-22 15:45:54.388 &amp#27;[32m INFO&amp#27;[m &amp#27;[35m[@503 - main]&amp#27;[m &amp#27;[36mcom.shaft.tools.io.ReportManager&amp#27;[m : Successfully created attachment "API Response - JSON Body"
2023-01-22 15:45:54.390 &amp#27;[32m INFO&amp#27;[m &amp#27;[35m[@503 - main]&amp#27;[m &amp#27;[36mcom.shaft.tools.io.ReportManager&amp#27;[m : File Action "DoesFileExist" successfully performed. With the following test data "File Path: "Schemas/ValidationError_schema.json"".
2023-01-22 15:45:54.392 &amp#27;[32m INFO&amp#27;[m &amp#27;[35m[@503 - main]&amp#27;[m &amp#27;[36mcom.shaft.tools.io.ReportManager&amp#27;[m : File Action "DoesFileExist" successfully performed. With the following test data "File Path: "src/test/resources/testDataFiles/Schemas/ValidationError_schema.json"".
2023-01-22 15:45:54.393 &amp#27;[32m INFO&amp#27;[m &amp#27;[35m[@503 - main]&amp#27;[m &amp#27;[36mcom.shaft.tools.io.ReportManager&amp#27;[m : File Action "GetAbsolutePath" successfully performed. With the following test data "Relative Folder Path: "src/test/resources/testDataFiles/Schemas/ValidationError_schema.json"".
2023-01-22 15:45:54.397 &amp#27;[32m INFO&amp#27;[m &amp#27;[35m[@503 - main]&amp#27;[m &amp#27;[36mcom.shaft.tools.io.ReportManager&amp#27;[m : File Action "DoesFileExist" successfully performed. With the following test data "File Path: "C:\eclipse-workspace\MyProjects\TASystemsAPIs\src\test\resources\testDataFiles\Schemas\ValidationError_schema.json"".
2023-01-22 15:45:54.397 &amp#27;[32m INFO&amp#27;[m &amp#27;[35m[@503 - main]&amp#27;[m &amp#27;[36mcom.shaft.tools.io.ReportManager&amp#27;[m : File Action "GetAbsolutePath" successfully performed. With the following test data "Relative Folder Path: "C:\eclipse-workspace\MyProjects\TASystemsAPIs\src\test\resources\testDataFiles\Schemas\ValidationError_schema.json"".
2023-01-22 15:45:54.398 &amp#27;[32m INFO&amp#27;[m &amp#27;[35m[@503 - main]&amp#27;[m &amp#27;[36mcom.shaft.tools.io.ReportManager&amp#27;[m : File Action "ReadFile" successfully performed. With the following test data "File Path: "C:\eclipse-workspace\MyProjects\TASystemsAPIs\src\test\resources\testDataFiles\Schemas\ValidationError_schema.json"".
2023-01-22 15:45:54.400 &amp#27;[32m INFO&amp#27;[m &amp#27;[35m[@503 - main]&amp#27;[m &amp#27;[36mcom.shaft.tools.io.ReportManager&amp#27;[m : Successfully created attachment "Validation Test Data - Expected JSON Value"
2023-01-22 15:45:54.402 &amp#27;[32m INFO&amp#27;[m &amp#27;[35m[@503 - main]&amp#27;[m &amp#27;[36mcom.shaft.tools.io.ReportManager&amp#27;[m : Successfully created attachment "Validation Test Data - Actual JSON Value"
2023-01-22 15:45:54.404 &amp#27;[32m INFO&amp#27;[m &amp#27;[35m[@503 - main]&amp#27;[m &amp#27;[36mcom.shaft.tools.io.ReportManager&amp#27;[m : Successfully created attachment "SHAFT Engine Logs - Current Method log: Update_Policy_With_InValid_data_TC"
]]></system-out>
  </testcase>
  <testcase name="Update_Policy_With_InValid_data_TC[[Ljava.lang.Object;@8b5b497](57)" classname="SteeringCompanyAPI_TestCases.Test_Policies_Cases" time="1.41">
    <system-out><![CDATA[2023-01-22 15:45:54.406 &amp#27;[32m INFO&amp#27;[m &amp#27;[35m[@534 - main]&amp#27;[m &amp#27;[36mcom.shaft.tools.io.ReportManager&amp#27;[m : 
################################################################################################################################################
Starting Execution:	"245 out of 70" test cases in the current suite
Test Method:		"SteeringCompanyAPI_TestCases.Test_Policies_Cases.Update_Policy_With_InValid_data_TC"
Test Description:	"TC053 -Policy- Perform Update Policy with InValid data"
################################################################################################################################################
2023-01-22 15:45:54.406 &amp#27;[32m INFO&amp#27;[m &amp#27;[35m[@503 - main]&amp#27;[m &amp#27;[36mcom.shaft.tools.io.ReportManager&amp#27;[m : File Action "DoesFileExist" successfully performed. With the following test data "File Path: "SteeringCompanyAPI_TestData/SteeringCompanyAPI_TestData.xlsx"".
2023-01-22 15:45:54.482 &amp#27;[32m INFO&amp#27;[m &amp#27;[35m[@503 - main]&amp#27;[m &amp#27;[36mcom.shaft.tools.io.ReportManager&amp#27;[m : Successfully created attachment "Test Data - Excel"
2023-01-22 15:45:55.072 &amp#27;[32m INFO&amp#27;[m &amp#27;[35m[@503 - main]&amp#27;[m &amp#27;[36mcom.shaft.tools.io.ReportManager&amp#27;[m : Response status code: "200", status line: "HTTP/1.1 200 OK"
2023-01-22 15:45:55.089 &amp#27;[32m INFO&amp#27;[m &amp#27;[35m[@503 - main]&amp#27;[m &amp#27;[36mcom.shaft.tools.io.ReportManager&amp#27;[m : Successfully created attachment "API Request - Specifications"
2023-01-22 15:45:55.091 &amp#27;[32m INFO&amp#27;[m &amp#27;[35m[@503 - main]&amp#27;[m &amp#27;[36mcom.shaft.tools.io.ReportManager&amp#27;[m : Successfully created attachment "API Request - Body"
2023-01-22 15:45:55.096 &amp#27;[32m INFO&amp#27;[m &amp#27;[35m[@503 - main]&amp#27;[m &amp#27;[36mcom.shaft.tools.io.ReportManager&amp#27;[m : Successfully created attachment "API Response - JSON Body"
2023-01-22 15:45:55.112 &amp#27;[32m INFO&amp#27;[m &amp#27;[35m[@503 - main]&amp#27;[m &amp#27;[36mcom.shaft.tools.io.ReportManager&amp#27;[m : File Action "DoesFileExist" successfully performed. With the following test data "File Path: "SteeringCompanyAPI_TestData/SteeringCompanyAPI_TestData.xlsx"".
2023-01-22 15:45:55.179 &amp#27;[32m INFO&amp#27;[m &amp#27;[35m[@503 - main]&amp#27;[m &amp#27;[36mcom.shaft.tools.io.ReportManager&amp#27;[m : Successfully created attachment "Test Data - Excel"
2023-01-22 15:45:55.180 &amp#27;[32m INFO&amp#27;[m &amp#27;[35m[@503 - main]&amp#27;[m &amp#27;[36mcom.shaft.tools.io.ReportManager&amp#27;[m : File Action "DoesFileExist" successfully performed. With the following test data "File Path: "SteeringCompanyAPI_TestData/SteeringCompanyAPI_TestData.xlsx"".
2023-01-22 15:45:55.233 &amp#27;[32m INFO&amp#27;[m &amp#27;[35m[@503 - main]&amp#27;[m &amp#27;[36mcom.shaft.tools.io.ReportManager&amp#27;[m : Successfully created attachment "Test Data - Excel"
2023-01-22 15:45:55.234 &amp#27;[32m INFO&amp#27;[m &amp#27;[35m[@503 - main]&amp#27;[m &amp#27;[36mcom.shaft.tools.io.ReportManager&amp#27;[m : File Action "DoesFileExist" successfully performed. With the following test data "File Path: "SteeringCompanyAPI_TestData/SteeringCompanyAPI_TestData.xlsx"".
2023-01-22 15:45:55.300 &amp#27;[32m INFO&amp#27;[m &amp#27;[35m[@503 - main]&amp#27;[m &amp#27;[36mcom.shaft.tools.io.ReportManager&amp#27;[m : Successfully created attachment "Test Data - Excel"
2023-01-22 15:45:55.777 &amp#27;[32m INFO&amp#27;[m &amp#27;[35m[@503 - main]&amp#27;[m &amp#27;[36mcom.shaft.tools.io.ReportManager&amp#27;[m : Response status code: "422", status line: "HTTP/1.1 422 "
2023-01-22 15:45:55.794 &amp#27;[32m INFO&amp#27;[m &amp#27;[35m[@503 - main]&amp#27;[m &amp#27;[36mcom.shaft.tools.io.ReportManager&amp#27;[m : Successfully created attachment "API Request - Specifications"
2023-01-22 15:45:55.799 &amp#27;[32m INFO&amp#27;[m &amp#27;[35m[@503 - main]&amp#27;[m &amp#27;[36mcom.shaft.tools.io.ReportManager&amp#27;[m : Successfully created attachment "API Request - JSON Body"
2023-01-22 15:45:55.800 &amp#27;[32m INFO&amp#27;[m &amp#27;[35m[@503 - main]&amp#27;[m &amp#27;[36mcom.shaft.tools.io.ReportManager&amp#27;[m : Successfully created attachment "API Response - JSON Body"
2023-01-22 15:45:55.802 &amp#27;[32m INFO&amp#27;[m &amp#27;[35m[@503 - main]&amp#27;[m &amp#27;[36mcom.shaft.tools.io.ReportManager&amp#27;[m : File Action "DoesFileExist" successfully performed. With the following test data "File Path: "Schemas/ValidationError_schema.json"".
2023-01-22 15:45:55.802 &amp#27;[32m INFO&amp#27;[m &amp#27;[35m[@503 - main]&amp#27;[m &amp#27;[36mcom.shaft.tools.io.ReportManager&amp#27;[m : File Action "DoesFileExist" successfully performed. With the following test data "File Path: "src/test/resources/testDataFiles/Schemas/ValidationError_schema.json"".
2023-01-22 15:45:55.802 &amp#27;[32m INFO&amp#27;[m &amp#27;[35m[@503 - main]&amp#27;[m &amp#27;[36mcom.shaft.tools.io.ReportManager&amp#27;[m : File Action "GetAbsolutePath" successfully performed. With the following test data "Relative Folder Path: "src/test/resources/testDataFiles/Schemas/ValidationError_schema.json"".
2023-01-22 15:45:55.807 &amp#27;[32m INFO&amp#27;[m &amp#27;[35m[@503 - main]&amp#27;[m &amp#27;[36mcom.shaft.tools.io.ReportManager&amp#27;[m : File Action "DoesFileExist" successfully performed. With the following test data "File Path: "C:\eclipse-workspace\MyProjects\TASystemsAPIs\src\test\resources\testDataFiles\Schemas\ValidationError_schema.json"".
2023-01-22 15:45:55.807 &amp#27;[32m INFO&amp#27;[m &amp#27;[35m[@503 - main]&amp#27;[m &amp#27;[36mcom.shaft.tools.io.ReportManager&amp#27;[m : File Action "GetAbsolutePath" successfully performed. With the following test data "Relative Folder Path: "C:\eclipse-workspace\MyProjects\TASystemsAPIs\src\test\resources\testDataFiles\Schemas\ValidationError_schema.json"".
2023-01-22 15:45:55.808 &amp#27;[32m INFO&amp#27;[m &amp#27;[35m[@503 - main]&amp#27;[m &amp#27;[36mcom.shaft.tools.io.ReportManager&amp#27;[m : File Action "ReadFile" successfully performed. With the following test data "File Path: "C:\eclipse-workspace\MyProjects\TASystemsAPIs\src\test\resources\testDataFiles\Schemas\ValidationError_schema.json"".
2023-01-22 15:45:55.811 &amp#27;[32m INFO&amp#27;[m &amp#27;[35m[@503 - main]&amp#27;[m &amp#27;[36mcom.shaft.tools.io.ReportManager&amp#27;[m : Successfully created attachment "Validation Test Data - Expected JSON Value"
2023-01-22 15:45:55.812 &amp#27;[32m INFO&amp#27;[m &amp#27;[35m[@503 - main]&amp#27;[m &amp#27;[36mcom.shaft.tools.io.ReportManager&amp#27;[m : Successfully created attachment "Validation Test Data - Actual JSON Value"
2023-01-22 15:45:55.814 &amp#27;[32m INFO&amp#27;[m &amp#27;[35m[@503 - main]&amp#27;[m &amp#27;[36mcom.shaft.tools.io.ReportManager&amp#27;[m : Successfully created attachment "SHAFT Engine Logs - Current Method log: Update_Policy_With_InValid_data_TC"
]]></system-out>
  </testcase>
  <testcase name="Update_Policy_With_InValid_data_TC[[Ljava.lang.Object;@2a2a4645](58)" classname="SteeringCompanyAPI_TestCases.Test_Policies_Cases" time="1.378">
    <system-out><![CDATA[2023-01-22 15:45:55.817 &amp#27;[32m INFO&amp#27;[m &amp#27;[35m[@534 - main]&amp#27;[m &amp#27;[36mcom.shaft.tools.io.ReportManager&amp#27;[m : 
################################################################################################################################################
Starting Execution:	"246 out of 70" test cases in the current suite
Test Method:		"SteeringCompanyAPI_TestCases.Test_Policies_Cases.Update_Policy_With_InValid_data_TC"
Test Description:	"TC053 -Policy- Perform Update Policy with InValid data"
################################################################################################################################################
2023-01-22 15:45:55.817 &amp#27;[32m INFO&amp#27;[m &amp#27;[35m[@503 - main]&amp#27;[m &amp#27;[36mcom.shaft.tools.io.ReportManager&amp#27;[m : File Action "DoesFileExist" successfully performed. With the following test data "File Path: "SteeringCompanyAPI_TestData/SteeringCompanyAPI_TestData.xlsx"".
2023-01-22 15:45:55.855 &amp#27;[32m INFO&amp#27;[m &amp#27;[35m[@503 - main]&amp#27;[m &amp#27;[36mcom.shaft.tools.io.ReportManager&amp#27;[m : Successfully created attachment "Test Data - Excel"
2023-01-22 15:45:56.447 &amp#27;[32m INFO&amp#27;[m &amp#27;[35m[@503 - main]&amp#27;[m &amp#27;[36mcom.shaft.tools.io.ReportManager&amp#27;[m : Response status code: "200", status line: "HTTP/1.1 200 OK"
2023-01-22 15:45:56.466 &amp#27;[32m INFO&amp#27;[m &amp#27;[35m[@503 - main]&amp#27;[m &amp#27;[36mcom.shaft.tools.io.ReportManager&amp#27;[m : Successfully created attachment "API Request - Specifications"
2023-01-22 15:45:56.467 &amp#27;[32m INFO&amp#27;[m &amp#27;[35m[@503 - main]&amp#27;[m &amp#27;[36mcom.shaft.tools.io.ReportManager&amp#27;[m : Successfully created attachment "API Request - Body"
2023-01-22 15:45:56.469 &amp#27;[32m INFO&amp#27;[m &amp#27;[35m[@503 - main]&amp#27;[m &amp#27;[36mcom.shaft.tools.io.ReportManager&amp#27;[m : Successfully created attachment "API Response - JSON Body"
2023-01-22 15:45:56.483 &amp#27;[32m INFO&amp#27;[m &amp#27;[35m[@503 - main]&amp#27;[m &amp#27;[36mcom.shaft.tools.io.ReportManager&amp#27;[m : File Action "DoesFileExist" successfully performed. With the following test data "File Path: "SteeringCompanyAPI_TestData/SteeringCompanyAPI_TestData.xlsx"".
2023-01-22 15:45:56.540 &amp#27;[32m INFO&amp#27;[m &amp#27;[35m[@503 - main]&amp#27;[m &amp#27;[36mcom.shaft.tools.io.ReportManager&amp#27;[m : Successfully created attachment "Test Data - Excel"
2023-01-22 15:45:56.541 &amp#27;[32m INFO&amp#27;[m &amp#27;[35m[@503 - main]&amp#27;[m &amp#27;[36mcom.shaft.tools.io.ReportManager&amp#27;[m : File Action "DoesFileExist" successfully performed. With the following test data "File Path: "SteeringCompanyAPI_TestData/SteeringCompanyAPI_TestData.xlsx"".
2023-01-22 15:45:56.580 &amp#27;[32m INFO&amp#27;[m &amp#27;[35m[@503 - main]&amp#27;[m &amp#27;[36mcom.shaft.tools.io.ReportManager&amp#27;[m : Successfully created attachment "Test Data - Excel"
2023-01-22 15:45:56.581 &amp#27;[32m INFO&amp#27;[m &amp#27;[35m[@503 - main]&amp#27;[m &amp#27;[36mcom.shaft.tools.io.ReportManager&amp#27;[m : File Action "DoesFileExist" successfully performed. With the following test data "File Path: "SteeringCompanyAPI_TestData/SteeringCompanyAPI_TestData.xlsx"".
2023-01-22 15:45:56.627 &amp#27;[32m INFO&amp#27;[m &amp#27;[35m[@503 - main]&amp#27;[m &amp#27;[36mcom.shaft.tools.io.ReportManager&amp#27;[m : Successfully created attachment "Test Data - Excel"
2023-01-22 15:45:57.159 &amp#27;[32m INFO&amp#27;[m &amp#27;[35m[@503 - main]&amp#27;[m &amp#27;[36mcom.shaft.tools.io.ReportManager&amp#27;[m : Response status code: "422", status line: "HTTP/1.1 422 "
2023-01-22 15:45:57.177 &amp#27;[32m INFO&amp#27;[m &amp#27;[35m[@503 - main]&amp#27;[m &amp#27;[36mcom.shaft.tools.io.ReportManager&amp#27;[m : Successfully created attachment "API Request - Specifications"
2023-01-22 15:45:57.179 &amp#27;[32m INFO&amp#27;[m &amp#27;[35m[@503 - main]&amp#27;[m &amp#27;[36mcom.shaft.tools.io.ReportManager&amp#27;[m : Successfully created attachment "API Request - JSON Body"
2023-01-22 15:45:57.180 &amp#27;[32m INFO&amp#27;[m &amp#27;[35m[@503 - main]&amp#27;[m &amp#27;[36mcom.shaft.tools.io.ReportManager&amp#27;[m : Successfully created attachment "API Response - JSON Body"
2023-01-22 15:45:57.181 &amp#27;[32m INFO&amp#27;[m &amp#27;[35m[@503 - main]&amp#27;[m &amp#27;[36mcom.shaft.tools.io.ReportManager&amp#27;[m : File Action "DoesFileExist" successfully performed. With the following test data "File Path: "Schemas/ValidationError_schema.json"".
2023-01-22 15:45:57.181 &amp#27;[32m INFO&amp#27;[m &amp#27;[35m[@503 - main]&amp#27;[m &amp#27;[36mcom.shaft.tools.io.ReportManager&amp#27;[m : File Action "DoesFileExist" successfully performed. With the following test data "File Path: "src/test/resources/testDataFiles/Schemas/ValidationError_schema.json"".
2023-01-22 15:45:57.181 &amp#27;[32m INFO&amp#27;[m &amp#27;[35m[@503 - main]&amp#27;[m &amp#27;[36mcom.shaft.tools.io.ReportManager&amp#27;[m : File Action "GetAbsolutePath" successfully performed. With the following test data "Relative Folder Path: "src/test/resources/testDataFiles/Schemas/ValidationError_schema.json"".
2023-01-22 15:45:57.184 &amp#27;[32m INFO&amp#27;[m &amp#27;[35m[@503 - main]&amp#27;[m &amp#27;[36mcom.shaft.tools.io.ReportManager&amp#27;[m : File Action "DoesFileExist" successfully performed. With the following test data "File Path: "C:\eclipse-workspace\MyProjects\TASystemsAPIs\src\test\resources\testDataFiles\Schemas\ValidationError_schema.json"".
2023-01-22 15:45:57.184 &amp#27;[32m INFO&amp#27;[m &amp#27;[35m[@503 - main]&amp#27;[m &amp#27;[36mcom.shaft.tools.io.ReportManager&amp#27;[m : File Action "GetAbsolutePath" successfully performed. With the following test data "Relative Folder Path: "C:\eclipse-workspace\MyProjects\TASystemsAPIs\src\test\resources\testDataFiles\Schemas\ValidationError_schema.json"".
2023-01-22 15:45:57.185 &amp#27;[32m INFO&amp#27;[m &amp#27;[35m[@503 - main]&amp#27;[m &amp#27;[36mcom.shaft.tools.io.ReportManager&amp#27;[m : File Action "ReadFile" successfully performed. With the following test data "File Path: "C:\eclipse-workspace\MyProjects\TASystemsAPIs\src\test\resources\testDataFiles\Schemas\ValidationError_schema.json"".
2023-01-22 15:45:57.189 &amp#27;[32m INFO&amp#27;[m &amp#27;[35m[@503 - main]&amp#27;[m &amp#27;[36mcom.shaft.tools.io.ReportManager&amp#27;[m : Successfully created attachment "Validation Test Data - Expected JSON Value"
2023-01-22 15:45:57.191 &amp#27;[32m INFO&amp#27;[m &amp#27;[35m[@503 - main]&amp#27;[m &amp#27;[36mcom.shaft.tools.io.ReportManager&amp#27;[m : Successfully created attachment "Validation Test Data - Actual JSON Value"
2023-01-22 15:45:57.192 &amp#27;[32m INFO&amp#27;[m &amp#27;[35m[@503 - main]&amp#27;[m &amp#27;[36mcom.shaft.tools.io.ReportManager&amp#27;[m : Successfully created attachment "SHAFT Engine Logs - Current Method log: Update_Policy_With_InValid_data_TC"
]]></system-out>
  </testcase>
  <testcase name="Update_Policy_With_InValid_data_TC[[Ljava.lang.Object;@86e68a1](59)" classname="SteeringCompanyAPI_TestCases.Test_Policies_Cases" time="1.581">
    <system-out><![CDATA[2023-01-22 15:45:57.196 &amp#27;[32m INFO&amp#27;[m &amp#27;[35m[@534 - main]&amp#27;[m &amp#27;[36mcom.shaft.tools.io.ReportManager&amp#27;[m : 
################################################################################################################################################
Starting Execution:	"247 out of 70" test cases in the current suite
Test Method:		"SteeringCompanyAPI_TestCases.Test_Policies_Cases.Update_Policy_With_InValid_data_TC"
Test Description:	"TC053 -Policy- Perform Update Policy with InValid data"
################################################################################################################################################
2023-01-22 15:45:57.197 &amp#27;[32m INFO&amp#27;[m &amp#27;[35m[@503 - main]&amp#27;[m &amp#27;[36mcom.shaft.tools.io.ReportManager&amp#27;[m : File Action "DoesFileExist" successfully performed. With the following test data "File Path: "SteeringCompanyAPI_TestData/SteeringCompanyAPI_TestData.xlsx"".
2023-01-22 15:45:57.252 &amp#27;[32m INFO&amp#27;[m &amp#27;[35m[@503 - main]&amp#27;[m &amp#27;[36mcom.shaft.tools.io.ReportManager&amp#27;[m : Successfully created attachment "Test Data - Excel"
2023-01-22 15:45:57.985 &amp#27;[32m INFO&amp#27;[m &amp#27;[35m[@503 - main]&amp#27;[m &amp#27;[36mcom.shaft.tools.io.ReportManager&amp#27;[m : Response status code: "200", status line: "HTTP/1.1 200 OK"
2023-01-22 15:45:58.003 &amp#27;[32m INFO&amp#27;[m &amp#27;[35m[@503 - main]&amp#27;[m &amp#27;[36mcom.shaft.tools.io.ReportManager&amp#27;[m : Successfully created attachment "API Request - Specifications"
2023-01-22 15:45:58.005 &amp#27;[32m INFO&amp#27;[m &amp#27;[35m[@503 - main]&amp#27;[m &amp#27;[36mcom.shaft.tools.io.ReportManager&amp#27;[m : Successfully created attachment "API Request - Body"
2023-01-22 15:45:58.007 &amp#27;[32m INFO&amp#27;[m &amp#27;[35m[@503 - main]&amp#27;[m &amp#27;[36mcom.shaft.tools.io.ReportManager&amp#27;[m : Successfully created attachment "API Response - JSON Body"
2023-01-22 15:45:58.039 &amp#27;[32m INFO&amp#27;[m &amp#27;[35m[@503 - main]&amp#27;[m &amp#27;[36mcom.shaft.tools.io.ReportManager&amp#27;[m : File Action "DoesFileExist" successfully performed. With the following test data "File Path: "SteeringCompanyAPI_TestData/SteeringCompanyAPI_TestData.xlsx"".
2023-01-22 15:45:58.095 &amp#27;[32m INFO&amp#27;[m &amp#27;[35m[@503 - main]&amp#27;[m &amp#27;[36mcom.shaft.tools.io.ReportManager&amp#27;[m : Successfully created attachment "Test Data - Excel"
2023-01-22 15:45:58.096 &amp#27;[32m INFO&amp#27;[m &amp#27;[35m[@503 - main]&amp#27;[m &amp#27;[36mcom.shaft.tools.io.ReportManager&amp#27;[m : File Action "DoesFileExist" successfully performed. With the following test data "File Path: "SteeringCompanyAPI_TestData/SteeringCompanyAPI_TestData.xlsx"".
2023-01-22 15:45:58.171 &amp#27;[32m INFO&amp#27;[m &amp#27;[35m[@503 - main]&amp#27;[m &amp#27;[36mcom.shaft.tools.io.ReportManager&amp#27;[m : Successfully created attachment "Test Data - Excel"
2023-01-22 15:45:58.172 &amp#27;[32m INFO&amp#27;[m &amp#27;[35m[@503 - main]&amp#27;[m &amp#27;[36mcom.shaft.tools.io.ReportManager&amp#27;[m : File Action "DoesFileExist" successfully performed. With the following test data "File Path: "SteeringCompanyAPI_TestData/SteeringCompanyAPI_TestData.xlsx"".
2023-01-22 15:45:58.220 &amp#27;[32m INFO&amp#27;[m &amp#27;[35m[@503 - main]&amp#27;[m &amp#27;[36mcom.shaft.tools.io.ReportManager&amp#27;[m : Successfully created attachment "Test Data - Excel"
2023-01-22 15:45:58.741 &amp#27;[32m INFO&amp#27;[m &amp#27;[35m[@503 - main]&amp#27;[m &amp#27;[36mcom.shaft.tools.io.ReportManager&amp#27;[m : Response status code: "422", status line: "HTTP/1.1 422 "
2023-01-22 15:45:58.761 &amp#27;[32m INFO&amp#27;[m &amp#27;[35m[@503 - main]&amp#27;[m &amp#27;[36mcom.shaft.tools.io.ReportManager&amp#27;[m : Successfully created attachment "API Request - Specifications"
2023-01-22 15:45:58.762 &amp#27;[32m INFO&amp#27;[m &amp#27;[35m[@503 - main]&amp#27;[m &amp#27;[36mcom.shaft.tools.io.ReportManager&amp#27;[m : Successfully created attachment "API Request - JSON Body"
2023-01-22 15:45:58.762 &amp#27;[32m INFO&amp#27;[m &amp#27;[35m[@503 - main]&amp#27;[m &amp#27;[36mcom.shaft.tools.io.ReportManager&amp#27;[m : Successfully created attachment "API Response - JSON Body"
2023-01-22 15:45:58.763 &amp#27;[32m INFO&amp#27;[m &amp#27;[35m[@503 - main]&amp#27;[m &amp#27;[36mcom.shaft.tools.io.ReportManager&amp#27;[m : File Action "DoesFileExist" successfully performed. With the following test data "File Path: "Schemas/ValidationError_schema.json"".
2023-01-22 15:45:58.763 &amp#27;[32m INFO&amp#27;[m &amp#27;[35m[@503 - main]&amp#27;[m &amp#27;[36mcom.shaft.tools.io.ReportManager&amp#27;[m : File Action "DoesFileExist" successfully performed. With the following test data "File Path: "src/test/resources/testDataFiles/Schemas/ValidationError_schema.json"".
2023-01-22 15:45:58.763 &amp#27;[32m INFO&amp#27;[m &amp#27;[35m[@503 - main]&amp#27;[m &amp#27;[36mcom.shaft.tools.io.ReportManager&amp#27;[m : File Action "GetAbsolutePath" successfully performed. With the following test data "Relative Folder Path: "src/test/resources/testDataFiles/Schemas/ValidationError_schema.json"".
2023-01-22 15:45:58.766 &amp#27;[32m INFO&amp#27;[m &amp#27;[35m[@503 - main]&amp#27;[m &amp#27;[36mcom.shaft.tools.io.ReportManager&amp#27;[m : File Action "DoesFileExist" successfully performed. With the following test data "File Path: "C:\eclipse-workspace\MyProjects\TASystemsAPIs\src\test\resources\testDataFiles\Schemas\ValidationError_schema.json"".
2023-01-22 15:45:58.767 &amp#27;[32m INFO&amp#27;[m &amp#27;[35m[@503 - main]&amp#27;[m &amp#27;[36mcom.shaft.tools.io.ReportManager&amp#27;[m : File Action "GetAbsolutePath" successfully performed. With the following test data "Relative Folder Path: "C:\eclipse-workspace\MyProjects\TASystemsAPIs\src\test\resources\testDataFiles\Schemas\ValidationError_schema.json"".
2023-01-22 15:45:58.767 &amp#27;[32m INFO&amp#27;[m &amp#27;[35m[@503 - main]&amp#27;[m &amp#27;[36mcom.shaft.tools.io.ReportManager&amp#27;[m : File Action "ReadFile" successfully performed. With the following test data "File Path: "C:\eclipse-workspace\MyProjects\TASystemsAPIs\src\test\resources\testDataFiles\Schemas\ValidationError_schema.json"".
2023-01-22 15:45:58.769 &amp#27;[32m INFO&amp#27;[m &amp#27;[35m[@503 - main]&amp#27;[m &amp#27;[36mcom.shaft.tools.io.ReportManager&amp#27;[m : Successfully created attachment "Validation Test Data - Expected JSON Value"
2023-01-22 15:45:58.771 &amp#27;[32m INFO&amp#27;[m &amp#27;[35m[@503 - main]&amp#27;[m &amp#27;[36mcom.shaft.tools.io.ReportManager&amp#27;[m : Successfully created attachment "Validation Test Data - Actual JSON Value"
2023-01-22 15:45:58.773 &amp#27;[32m INFO&amp#27;[m &amp#27;[35m[@503 - main]&amp#27;[m &amp#27;[36mcom.shaft.tools.io.ReportManager&amp#27;[m : Successfully created attachment "SHAFT Engine Logs - Current Method log: Update_Policy_With_InValid_data_TC"
]]></system-out>
  </testcase>
  <testcase name="Update_Policy_With_InValid_data_TC[[Ljava.lang.Object;@50927ea4](60)" classname="SteeringCompanyAPI_TestCases.Test_Policies_Cases" time="1.399">
    <system-out><![CDATA[2023-01-22 15:45:58.779 &amp#27;[32m INFO&amp#27;[m &amp#27;[35m[@534 - main]&amp#27;[m &amp#27;[36mcom.shaft.tools.io.ReportManager&amp#27;[m : 
################################################################################################################################################
Starting Execution:	"248 out of 70" test cases in the current suite
Test Method:		"SteeringCompanyAPI_TestCases.Test_Policies_Cases.Update_Policy_With_InValid_data_TC"
Test Description:	"TC053 -Policy- Perform Update Policy with InValid data"
################################################################################################################################################
2023-01-22 15:45:58.779 &amp#27;[32m INFO&amp#27;[m &amp#27;[35m[@503 - main]&amp#27;[m &amp#27;[36mcom.shaft.tools.io.ReportManager&amp#27;[m : File Action "DoesFileExist" successfully performed. With the following test data "File Path: "SteeringCompanyAPI_TestData/SteeringCompanyAPI_TestData.xlsx"".
2023-01-22 15:45:58.857 &amp#27;[32m INFO&amp#27;[m &amp#27;[35m[@503 - main]&amp#27;[m &amp#27;[36mcom.shaft.tools.io.ReportManager&amp#27;[m : Successfully created attachment "Test Data - Excel"
2023-01-22 15:45:59.479 &amp#27;[32m INFO&amp#27;[m &amp#27;[35m[@503 - main]&amp#27;[m &amp#27;[36mcom.shaft.tools.io.ReportManager&amp#27;[m : Response status code: "200", status line: "HTTP/1.1 200 OK"
2023-01-22 15:45:59.497 &amp#27;[32m INFO&amp#27;[m &amp#27;[35m[@503 - main]&amp#27;[m &amp#27;[36mcom.shaft.tools.io.ReportManager&amp#27;[m : Successfully created attachment "API Request - Specifications"
2023-01-22 15:45:59.498 &amp#27;[32m INFO&amp#27;[m &amp#27;[35m[@503 - main]&amp#27;[m &amp#27;[36mcom.shaft.tools.io.ReportManager&amp#27;[m : Successfully created attachment "API Request - Body"
2023-01-22 15:45:59.499 &amp#27;[32m INFO&amp#27;[m &amp#27;[35m[@503 - main]&amp#27;[m &amp#27;[36mcom.shaft.tools.io.ReportManager&amp#27;[m : Successfully created attachment "API Response - JSON Body"
2023-01-22 15:45:59.512 &amp#27;[32m INFO&amp#27;[m &amp#27;[35m[@503 - main]&amp#27;[m &amp#27;[36mcom.shaft.tools.io.ReportManager&amp#27;[m : File Action "DoesFileExist" successfully performed. With the following test data "File Path: "SteeringCompanyAPI_TestData/SteeringCompanyAPI_TestData.xlsx"".
2023-01-22 15:45:59.564 &amp#27;[32m INFO&amp#27;[m &amp#27;[35m[@503 - main]&amp#27;[m &amp#27;[36mcom.shaft.tools.io.ReportManager&amp#27;[m : Successfully created attachment "Test Data - Excel"
2023-01-22 15:45:59.564 &amp#27;[32m INFO&amp#27;[m &amp#27;[35m[@503 - main]&amp#27;[m &amp#27;[36mcom.shaft.tools.io.ReportManager&amp#27;[m : File Action "DoesFileExist" successfully performed. With the following test data "File Path: "SteeringCompanyAPI_TestData/SteeringCompanyAPI_TestData.xlsx"".
2023-01-22 15:45:59.608 &amp#27;[32m INFO&amp#27;[m &amp#27;[35m[@503 - main]&amp#27;[m &amp#27;[36mcom.shaft.tools.io.ReportManager&amp#27;[m : Successfully created attachment "Test Data - Excel"
2023-01-22 15:45:59.609 &amp#27;[32m INFO&amp#27;[m &amp#27;[35m[@503 - main]&amp#27;[m &amp#27;[36mcom.shaft.tools.io.ReportManager&amp#27;[m : File Action "DoesFileExist" successfully performed. With the following test data "File Path: "SteeringCompanyAPI_TestData/SteeringCompanyAPI_TestData.xlsx"".
2023-01-22 15:45:59.669 &amp#27;[32m INFO&amp#27;[m &amp#27;[35m[@503 - main]&amp#27;[m &amp#27;[36mcom.shaft.tools.io.ReportManager&amp#27;[m : Successfully created attachment "Test Data - Excel"
2023-01-22 15:46:00.141 &amp#27;[32m INFO&amp#27;[m &amp#27;[35m[@503 - main]&amp#27;[m &amp#27;[36mcom.shaft.tools.io.ReportManager&amp#27;[m : Response status code: "422", status line: "HTTP/1.1 422 "
2023-01-22 15:46:00.159 &amp#27;[32m INFO&amp#27;[m &amp#27;[35m[@503 - main]&amp#27;[m &amp#27;[36mcom.shaft.tools.io.ReportManager&amp#27;[m : Successfully created attachment "API Request - Specifications"
2023-01-22 15:46:00.161 &amp#27;[32m INFO&amp#27;[m &amp#27;[35m[@503 - main]&amp#27;[m &amp#27;[36mcom.shaft.tools.io.ReportManager&amp#27;[m : Successfully created attachment "API Request - JSON Body"
2023-01-22 15:46:00.162 &amp#27;[32m INFO&amp#27;[m &amp#27;[35m[@503 - main]&amp#27;[m &amp#27;[36mcom.shaft.tools.io.ReportManager&amp#27;[m : Successfully created attachment "API Response - JSON Body"
2023-01-22 15:46:00.162 &amp#27;[32m INFO&amp#27;[m &amp#27;[35m[@503 - main]&amp#27;[m &amp#27;[36mcom.shaft.tools.io.ReportManager&amp#27;[m : File Action "DoesFileExist" successfully performed. With the following test data "File Path: "Schemas/ValidationError_schema.json"".
2023-01-22 15:46:00.163 &amp#27;[32m INFO&amp#27;[m &amp#27;[35m[@503 - main]&amp#27;[m &amp#27;[36mcom.shaft.tools.io.ReportManager&amp#27;[m : File Action "DoesFileExist" successfully performed. With the following test data "File Path: "src/test/resources/testDataFiles/Schemas/ValidationError_schema.json"".
2023-01-22 15:46:00.163 &amp#27;[32m INFO&amp#27;[m &amp#27;[35m[@503 - main]&amp#27;[m &amp#27;[36mcom.shaft.tools.io.ReportManager&amp#27;[m : File Action "GetAbsolutePath" successfully performed. With the following test data "Relative Folder Path: "src/test/resources/testDataFiles/Schemas/ValidationError_schema.json"".
2023-01-22 15:46:00.168 &amp#27;[32m INFO&amp#27;[m &amp#27;[35m[@503 - main]&amp#27;[m &amp#27;[36mcom.shaft.tools.io.ReportManager&amp#27;[m : File Action "DoesFileExist" successfully performed. With the following test data "File Path: "C:\eclipse-workspace\MyProjects\TASystemsAPIs\src\test\resources\testDataFiles\Schemas\ValidationError_schema.json"".
2023-01-22 15:46:00.168 &amp#27;[32m INFO&amp#27;[m &amp#27;[35m[@503 - main]&amp#27;[m &amp#27;[36mcom.shaft.tools.io.ReportManager&amp#27;[m : File Action "GetAbsolutePath" successfully performed. With the following test data "Relative Folder Path: "C:\eclipse-workspace\MyProjects\TASystemsAPIs\src\test\resources\testDataFiles\Schemas\ValidationError_schema.json"".
2023-01-22 15:46:00.168 &amp#27;[32m INFO&amp#27;[m &amp#27;[35m[@503 - main]&amp#27;[m &amp#27;[36mcom.shaft.tools.io.ReportManager&amp#27;[m : File Action "ReadFile" successfully performed. With the following test data "File Path: "C:\eclipse-workspace\MyProjects\TASystemsAPIs\src\test\resources\testDataFiles\Schemas\ValidationError_schema.json"".
2023-01-22 15:46:00.170 &amp#27;[32m INFO&amp#27;[m &amp#27;[35m[@503 - main]&amp#27;[m &amp#27;[36mcom.shaft.tools.io.ReportManager&amp#27;[m : Successfully created attachment "Validation Test Data - Expected JSON Value"
2023-01-22 15:46:00.170 &amp#27;[32m INFO&amp#27;[m &amp#27;[35m[@503 - main]&amp#27;[m &amp#27;[36mcom.shaft.tools.io.ReportManager&amp#27;[m : Successfully created attachment "Validation Test Data - Actual JSON Value"
2023-01-22 15:46:00.173 &amp#27;[32m INFO&amp#27;[m &amp#27;[35m[@503 - main]&amp#27;[m &amp#27;[36mcom.shaft.tools.io.ReportManager&amp#27;[m : Successfully created attachment "SHAFT Engine Logs - Current Method log: Update_Policy_With_InValid_data_TC"
]]></system-out>
  </testcase>
  <testcase name="Update_Policy_With_InValid_data_TC[[Ljava.lang.Object;@1397ace9](61)" classname="SteeringCompanyAPI_TestCases.Test_Policies_Cases" time="1.338">
    <system-out><![CDATA[2023-01-22 15:46:00.176 &amp#27;[32m INFO&amp#27;[m &amp#27;[35m[@534 - main]&amp#27;[m &amp#27;[36mcom.shaft.tools.io.ReportManager&amp#27;[m : 
################################################################################################################################################
Starting Execution:	"249 out of 70" test cases in the current suite
Test Method:		"SteeringCompanyAPI_TestCases.Test_Policies_Cases.Update_Policy_With_InValid_data_TC"
Test Description:	"TC053 -Policy- Perform Update Policy with InValid data"
################################################################################################################################################
2023-01-22 15:46:00.177 &amp#27;[32m INFO&amp#27;[m &amp#27;[35m[@503 - main]&amp#27;[m &amp#27;[36mcom.shaft.tools.io.ReportManager&amp#27;[m : File Action "DoesFileExist" successfully performed. With the following test data "File Path: "SteeringCompanyAPI_TestData/SteeringCompanyAPI_TestData.xlsx"".
2023-01-22 15:46:00.227 &amp#27;[32m INFO&amp#27;[m &amp#27;[35m[@503 - main]&amp#27;[m &amp#27;[36mcom.shaft.tools.io.ReportManager&amp#27;[m : Successfully created attachment "Test Data - Excel"
2023-01-22 15:46:00.826 &amp#27;[32m INFO&amp#27;[m &amp#27;[35m[@503 - main]&amp#27;[m &amp#27;[36mcom.shaft.tools.io.ReportManager&amp#27;[m : Response status code: "200", status line: "HTTP/1.1 200 OK"
2023-01-22 15:46:00.845 &amp#27;[32m INFO&amp#27;[m &amp#27;[35m[@503 - main]&amp#27;[m &amp#27;[36mcom.shaft.tools.io.ReportManager&amp#27;[m : Successfully created attachment "API Request - Specifications"
2023-01-22 15:46:00.846 &amp#27;[32m INFO&amp#27;[m &amp#27;[35m[@503 - main]&amp#27;[m &amp#27;[36mcom.shaft.tools.io.ReportManager&amp#27;[m : Successfully created attachment "API Request - Body"
2023-01-22 15:46:00.850 &amp#27;[32m INFO&amp#27;[m &amp#27;[35m[@503 - main]&amp#27;[m &amp#27;[36mcom.shaft.tools.io.ReportManager&amp#27;[m : Successfully created attachment "API Response - JSON Body"
2023-01-22 15:46:00.860 &amp#27;[32m INFO&amp#27;[m &amp#27;[35m[@503 - main]&amp#27;[m &amp#27;[36mcom.shaft.tools.io.ReportManager&amp#27;[m : File Action "DoesFileExist" successfully performed. With the following test data "File Path: "SteeringCompanyAPI_TestData/SteeringCompanyAPI_TestData.xlsx"".
2023-01-22 15:46:00.906 &amp#27;[32m INFO&amp#27;[m &amp#27;[35m[@503 - main]&amp#27;[m &amp#27;[36mcom.shaft.tools.io.ReportManager&amp#27;[m : Successfully created attachment "Test Data - Excel"
2023-01-22 15:46:00.907 &amp#27;[32m INFO&amp#27;[m &amp#27;[35m[@503 - main]&amp#27;[m &amp#27;[36mcom.shaft.tools.io.ReportManager&amp#27;[m : File Action "DoesFileExist" successfully performed. With the following test data "File Path: "SteeringCompanyAPI_TestData/SteeringCompanyAPI_TestData.xlsx"".
2023-01-22 15:46:00.957 &amp#27;[32m INFO&amp#27;[m &amp#27;[35m[@503 - main]&amp#27;[m &amp#27;[36mcom.shaft.tools.io.ReportManager&amp#27;[m : Successfully created attachment "Test Data - Excel"
2023-01-22 15:46:00.957 &amp#27;[32m INFO&amp#27;[m &amp#27;[35m[@503 - main]&amp#27;[m &amp#27;[36mcom.shaft.tools.io.ReportManager&amp#27;[m : File Action "DoesFileExist" successfully performed. With the following test data "File Path: "SteeringCompanyAPI_TestData/SteeringCompanyAPI_TestData.xlsx"".
2023-01-22 15:46:01.010 &amp#27;[32m INFO&amp#27;[m &amp#27;[35m[@503 - main]&amp#27;[m &amp#27;[36mcom.shaft.tools.io.ReportManager&amp#27;[m : Successfully created attachment "Test Data - Excel"
2023-01-22 15:46:01.475 &amp#27;[32m INFO&amp#27;[m &amp#27;[35m[@503 - main]&amp#27;[m &amp#27;[36mcom.shaft.tools.io.ReportManager&amp#27;[m : Response status code: "422", status line: "HTTP/1.1 422 "
2023-01-22 15:46:01.497 &amp#27;[32m INFO&amp#27;[m &amp#27;[35m[@503 - main]&amp#27;[m &amp#27;[36mcom.shaft.tools.io.ReportManager&amp#27;[m : Successfully created attachment "API Request - Specifications"
2023-01-22 15:46:01.498 &amp#27;[32m INFO&amp#27;[m &amp#27;[35m[@503 - main]&amp#27;[m &amp#27;[36mcom.shaft.tools.io.ReportManager&amp#27;[m : Successfully created attachment "API Request - JSON Body"
2023-01-22 15:46:01.498 &amp#27;[32m INFO&amp#27;[m &amp#27;[35m[@503 - main]&amp#27;[m &amp#27;[36mcom.shaft.tools.io.ReportManager&amp#27;[m : Successfully created attachment "API Response - JSON Body"
2023-01-22 15:46:01.500 &amp#27;[32m INFO&amp#27;[m &amp#27;[35m[@503 - main]&amp#27;[m &amp#27;[36mcom.shaft.tools.io.ReportManager&amp#27;[m : File Action "DoesFileExist" successfully performed. With the following test data "File Path: "Schemas/ValidationError_schema.json"".
2023-01-22 15:46:01.500 &amp#27;[32m INFO&amp#27;[m &amp#27;[35m[@503 - main]&amp#27;[m &amp#27;[36mcom.shaft.tools.io.ReportManager&amp#27;[m : File Action "DoesFileExist" successfully performed. With the following test data "File Path: "src/test/resources/testDataFiles/Schemas/ValidationError_schema.json"".
2023-01-22 15:46:01.500 &amp#27;[32m INFO&amp#27;[m &amp#27;[35m[@503 - main]&amp#27;[m &amp#27;[36mcom.shaft.tools.io.ReportManager&amp#27;[m : File Action "GetAbsolutePath" successfully performed. With the following test data "Relative Folder Path: "src/test/resources/testDataFiles/Schemas/ValidationError_schema.json"".
2023-01-22 15:46:01.504 &amp#27;[32m INFO&amp#27;[m &amp#27;[35m[@503 - main]&amp#27;[m &amp#27;[36mcom.shaft.tools.io.ReportManager&amp#27;[m : File Action "DoesFileExist" successfully performed. With the following test data "File Path: "C:\eclipse-workspace\MyProjects\TASystemsAPIs\src\test\resources\testDataFiles\Schemas\ValidationError_schema.json"".
2023-01-22 15:46:01.504 &amp#27;[32m INFO&amp#27;[m &amp#27;[35m[@503 - main]&amp#27;[m &amp#27;[36mcom.shaft.tools.io.ReportManager&amp#27;[m : File Action "GetAbsolutePath" successfully performed. With the following test data "Relative Folder Path: "C:\eclipse-workspace\MyProjects\TASystemsAPIs\src\test\resources\testDataFiles\Schemas\ValidationError_schema.json"".
2023-01-22 15:46:01.505 &amp#27;[32m INFO&amp#27;[m &amp#27;[35m[@503 - main]&amp#27;[m &amp#27;[36mcom.shaft.tools.io.ReportManager&amp#27;[m : File Action "ReadFile" successfully performed. With the following test data "File Path: "C:\eclipse-workspace\MyProjects\TASystemsAPIs\src\test\resources\testDataFiles\Schemas\ValidationError_schema.json"".
2023-01-22 15:46:01.508 &amp#27;[32m INFO&amp#27;[m &amp#27;[35m[@503 - main]&amp#27;[m &amp#27;[36mcom.shaft.tools.io.ReportManager&amp#27;[m : Successfully created attachment "Validation Test Data - Expected JSON Value"
2023-01-22 15:46:01.510 &amp#27;[32m INFO&amp#27;[m &amp#27;[35m[@503 - main]&amp#27;[m &amp#27;[36mcom.shaft.tools.io.ReportManager&amp#27;[m : Successfully created attachment "Validation Test Data - Actual JSON Value"
2023-01-22 15:46:01.511 &amp#27;[32m INFO&amp#27;[m &amp#27;[35m[@503 - main]&amp#27;[m &amp#27;[36mcom.shaft.tools.io.ReportManager&amp#27;[m : Successfully created attachment "SHAFT Engine Logs - Current Method log: Update_Policy_With_InValid_data_TC"
]]></system-out>
  </testcase>
  <testcase name="Update_Policy_With_InValid_data_TC[[Ljava.lang.Object;@cb5609a](62)" classname="SteeringCompanyAPI_TestCases.Test_Policies_Cases" time="1.358">
    <system-out><![CDATA[2023-01-22 15:46:01.516 &amp#27;[32m INFO&amp#27;[m &amp#27;[35m[@534 - main]&amp#27;[m &amp#27;[36mcom.shaft.tools.io.ReportManager&amp#27;[m : 
################################################################################################################################################
Starting Execution:	"250 out of 70" test cases in the current suite
Test Method:		"SteeringCompanyAPI_TestCases.Test_Policies_Cases.Update_Policy_With_InValid_data_TC"
Test Description:	"TC053 -Policy- Perform Update Policy with InValid data"
################################################################################################################################################
2023-01-22 15:46:01.517 &amp#27;[32m INFO&amp#27;[m &amp#27;[35m[@503 - main]&amp#27;[m &amp#27;[36mcom.shaft.tools.io.ReportManager&amp#27;[m : File Action "DoesFileExist" successfully performed. With the following test data "File Path: "SteeringCompanyAPI_TestData/SteeringCompanyAPI_TestData.xlsx"".
2023-01-22 15:46:01.573 &amp#27;[32m INFO&amp#27;[m &amp#27;[35m[@503 - main]&amp#27;[m &amp#27;[36mcom.shaft.tools.io.ReportManager&amp#27;[m : Successfully created attachment "Test Data - Excel"
2023-01-22 15:46:02.171 &amp#27;[32m INFO&amp#27;[m &amp#27;[35m[@503 - main]&amp#27;[m &amp#27;[36mcom.shaft.tools.io.ReportManager&amp#27;[m : Response status code: "200", status line: "HTTP/1.1 200 OK"
2023-01-22 15:46:02.188 &amp#27;[32m INFO&amp#27;[m &amp#27;[35m[@503 - main]&amp#27;[m &amp#27;[36mcom.shaft.tools.io.ReportManager&amp#27;[m : Successfully created attachment "API Request - Specifications"
2023-01-22 15:46:02.189 &amp#27;[32m INFO&amp#27;[m &amp#27;[35m[@503 - main]&amp#27;[m &amp#27;[36mcom.shaft.tools.io.ReportManager&amp#27;[m : Successfully created attachment "API Request - Body"
2023-01-22 15:46:02.192 &amp#27;[32m INFO&amp#27;[m &amp#27;[35m[@503 - main]&amp#27;[m &amp#27;[36mcom.shaft.tools.io.ReportManager&amp#27;[m : Successfully created attachment "API Response - JSON Body"
2023-01-22 15:46:02.203 &amp#27;[32m INFO&amp#27;[m &amp#27;[35m[@503 - main]&amp#27;[m &amp#27;[36mcom.shaft.tools.io.ReportManager&amp#27;[m : File Action "DoesFileExist" successfully performed. With the following test data "File Path: "SteeringCompanyAPI_TestData/SteeringCompanyAPI_TestData.xlsx"".
2023-01-22 15:46:02.249 &amp#27;[32m INFO&amp#27;[m &amp#27;[35m[@503 - main]&amp#27;[m &amp#27;[36mcom.shaft.tools.io.ReportManager&amp#27;[m : Successfully created attachment "Test Data - Excel"
2023-01-22 15:46:02.249 &amp#27;[32m INFO&amp#27;[m &amp#27;[35m[@503 - main]&amp#27;[m &amp#27;[36mcom.shaft.tools.io.ReportManager&amp#27;[m : File Action "DoesFileExist" successfully performed. With the following test data "File Path: "SteeringCompanyAPI_TestData/SteeringCompanyAPI_TestData.xlsx"".
2023-01-22 15:46:02.301 &amp#27;[32m INFO&amp#27;[m &amp#27;[35m[@503 - main]&amp#27;[m &amp#27;[36mcom.shaft.tools.io.ReportManager&amp#27;[m : Successfully created attachment "Test Data - Excel"
2023-01-22 15:46:02.301 &amp#27;[32m INFO&amp#27;[m &amp#27;[35m[@503 - main]&amp#27;[m &amp#27;[36mcom.shaft.tools.io.ReportManager&amp#27;[m : File Action "DoesFileExist" successfully performed. With the following test data "File Path: "SteeringCompanyAPI_TestData/SteeringCompanyAPI_TestData.xlsx"".
2023-01-22 15:46:02.353 &amp#27;[32m INFO&amp#27;[m &amp#27;[35m[@503 - main]&amp#27;[m &amp#27;[36mcom.shaft.tools.io.ReportManager&amp#27;[m : Successfully created attachment "Test Data - Excel"
2023-01-22 15:46:02.831 &amp#27;[32m INFO&amp#27;[m &amp#27;[35m[@503 - main]&amp#27;[m &amp#27;[36mcom.shaft.tools.io.ReportManager&amp#27;[m : Response status code: "422", status line: "HTTP/1.1 422 "
2023-01-22 15:46:02.852 &amp#27;[32m INFO&amp#27;[m &amp#27;[35m[@503 - main]&amp#27;[m &amp#27;[36mcom.shaft.tools.io.ReportManager&amp#27;[m : Successfully created attachment "API Request - Specifications"
2023-01-22 15:46:02.854 &amp#27;[32m INFO&amp#27;[m &amp#27;[35m[@503 - main]&amp#27;[m &amp#27;[36mcom.shaft.tools.io.ReportManager&amp#27;[m : Successfully created attachment "API Request - JSON Body"
2023-01-22 15:46:02.856 &amp#27;[32m INFO&amp#27;[m &amp#27;[35m[@503 - main]&amp#27;[m &amp#27;[36mcom.shaft.tools.io.ReportManager&amp#27;[m : Successfully created attachment "API Response - JSON Body"
2023-01-22 15:46:02.858 &amp#27;[32m INFO&amp#27;[m &amp#27;[35m[@503 - main]&amp#27;[m &amp#27;[36mcom.shaft.tools.io.ReportManager&amp#27;[m : File Action "DoesFileExist" successfully performed. With the following test data "File Path: "Schemas/ValidationError_schema.json"".
2023-01-22 15:46:02.858 &amp#27;[32m INFO&amp#27;[m &amp#27;[35m[@503 - main]&amp#27;[m &amp#27;[36mcom.shaft.tools.io.ReportManager&amp#27;[m : File Action "DoesFileExist" successfully performed. With the following test data "File Path: "src/test/resources/testDataFiles/Schemas/ValidationError_schema.json"".
2023-01-22 15:46:02.858 &amp#27;[32m INFO&amp#27;[m &amp#27;[35m[@503 - main]&amp#27;[m &amp#27;[36mcom.shaft.tools.io.ReportManager&amp#27;[m : File Action "GetAbsolutePath" successfully performed. With the following test data "Relative Folder Path: "src/test/resources/testDataFiles/Schemas/ValidationError_schema.json"".
2023-01-22 15:46:02.862 &amp#27;[32m INFO&amp#27;[m &amp#27;[35m[@503 - main]&amp#27;[m &amp#27;[36mcom.shaft.tools.io.ReportManager&amp#27;[m : File Action "DoesFileExist" successfully performed. With the following test data "File Path: "C:\eclipse-workspace\MyProjects\TASystemsAPIs\src\test\resources\testDataFiles\Schemas\ValidationError_schema.json"".
2023-01-22 15:46:02.863 &amp#27;[32m INFO&amp#27;[m &amp#27;[35m[@503 - main]&amp#27;[m &amp#27;[36mcom.shaft.tools.io.ReportManager&amp#27;[m : File Action "GetAbsolutePath" successfully performed. With the following test data "Relative Folder Path: "C:\eclipse-workspace\MyProjects\TASystemsAPIs\src\test\resources\testDataFiles\Schemas\ValidationError_schema.json"".
2023-01-22 15:46:02.863 &amp#27;[32m INFO&amp#27;[m &amp#27;[35m[@503 - main]&amp#27;[m &amp#27;[36mcom.shaft.tools.io.ReportManager&amp#27;[m : File Action "ReadFile" successfully performed. With the following test data "File Path: "C:\eclipse-workspace\MyProjects\TASystemsAPIs\src\test\resources\testDataFiles\Schemas\ValidationError_schema.json"".
2023-01-22 15:46:02.866 &amp#27;[32m INFO&amp#27;[m &amp#27;[35m[@503 - main]&amp#27;[m &amp#27;[36mcom.shaft.tools.io.ReportManager&amp#27;[m : Successfully created attachment "Validation Test Data - Expected JSON Value"
2023-01-22 15:46:02.867 &amp#27;[32m INFO&amp#27;[m &amp#27;[35m[@503 - main]&amp#27;[m &amp#27;[36mcom.shaft.tools.io.ReportManager&amp#27;[m : Successfully created attachment "Validation Test Data - Actual JSON Value"
2023-01-22 15:46:02.869 &amp#27;[32m INFO&amp#27;[m &amp#27;[35m[@503 - main]&amp#27;[m &amp#27;[36mcom.shaft.tools.io.ReportManager&amp#27;[m : Successfully created attachment "SHAFT Engine Logs - Current Method log: Update_Policy_With_InValid_data_TC"
]]></system-out>
  </testcase>
  <testcase name="Update_Policy_With_InValid_data_TC[[Ljava.lang.Object;@5d2e17f](63)" classname="SteeringCompanyAPI_TestCases.Test_Policies_Cases" time="1.325">
    <system-out><![CDATA[2023-01-22 15:46:02.874 &amp#27;[32m INFO&amp#27;[m &amp#27;[35m[@534 - main]&amp#27;[m &amp#27;[36mcom.shaft.tools.io.ReportManager&amp#27;[m : 
################################################################################################################################################
Starting Execution:	"251 out of 70" test cases in the current suite
Test Method:		"SteeringCompanyAPI_TestCases.Test_Policies_Cases.Update_Policy_With_InValid_data_TC"
Test Description:	"TC053 -Policy- Perform Update Policy with InValid data"
################################################################################################################################################
2023-01-22 15:46:02.875 &amp#27;[32m INFO&amp#27;[m &amp#27;[35m[@503 - main]&amp#27;[m &amp#27;[36mcom.shaft.tools.io.ReportManager&amp#27;[m : File Action "DoesFileExist" successfully performed. With the following test data "File Path: "SteeringCompanyAPI_TestData/SteeringCompanyAPI_TestData.xlsx"".
2023-01-22 15:46:02.926 &amp#27;[32m INFO&amp#27;[m &amp#27;[35m[@503 - main]&amp#27;[m &amp#27;[36mcom.shaft.tools.io.ReportManager&amp#27;[m : Successfully created attachment "Test Data - Excel"
2023-01-22 15:46:03.523 &amp#27;[32m INFO&amp#27;[m &amp#27;[35m[@503 - main]&amp#27;[m &amp#27;[36mcom.shaft.tools.io.ReportManager&amp#27;[m : Response status code: "200", status line: "HTTP/1.1 200 OK"
2023-01-22 15:46:03.542 &amp#27;[32m INFO&amp#27;[m &amp#27;[35m[@503 - main]&amp#27;[m &amp#27;[36mcom.shaft.tools.io.ReportManager&amp#27;[m : Successfully created attachment "API Request - Specifications"
2023-01-22 15:46:03.542 &amp#27;[32m INFO&amp#27;[m &amp#27;[35m[@503 - main]&amp#27;[m &amp#27;[36mcom.shaft.tools.io.ReportManager&amp#27;[m : Successfully created attachment "API Request - Body"
2023-01-22 15:46:03.543 &amp#27;[32m INFO&amp#27;[m &amp#27;[35m[@503 - main]&amp#27;[m &amp#27;[36mcom.shaft.tools.io.ReportManager&amp#27;[m : Successfully created attachment "API Response - JSON Body"
2023-01-22 15:46:03.558 &amp#27;[32m INFO&amp#27;[m &amp#27;[35m[@503 - main]&amp#27;[m &amp#27;[36mcom.shaft.tools.io.ReportManager&amp#27;[m : File Action "DoesFileExist" successfully performed. With the following test data "File Path: "SteeringCompanyAPI_TestData/SteeringCompanyAPI_TestData.xlsx"".
2023-01-22 15:46:03.598 &amp#27;[32m INFO&amp#27;[m &amp#27;[35m[@503 - main]&amp#27;[m &amp#27;[36mcom.shaft.tools.io.ReportManager&amp#27;[m : Successfully created attachment "Test Data - Excel"
2023-01-22 15:46:03.598 &amp#27;[32m INFO&amp#27;[m &amp#27;[35m[@503 - main]&amp#27;[m &amp#27;[36mcom.shaft.tools.io.ReportManager&amp#27;[m : File Action "DoesFileExist" successfully performed. With the following test data "File Path: "SteeringCompanyAPI_TestData/SteeringCompanyAPI_TestData.xlsx"".
2023-01-22 15:46:03.646 &amp#27;[32m INFO&amp#27;[m &amp#27;[35m[@503 - main]&amp#27;[m &amp#27;[36mcom.shaft.tools.io.ReportManager&amp#27;[m : Successfully created attachment "Test Data - Excel"
2023-01-22 15:46:03.646 &amp#27;[32m INFO&amp#27;[m &amp#27;[35m[@503 - main]&amp#27;[m &amp#27;[36mcom.shaft.tools.io.ReportManager&amp#27;[m : File Action "DoesFileExist" successfully performed. With the following test data "File Path: "SteeringCompanyAPI_TestData/SteeringCompanyAPI_TestData.xlsx"".
2023-01-22 15:46:03.694 &amp#27;[32m INFO&amp#27;[m &amp#27;[35m[@503 - main]&amp#27;[m &amp#27;[36mcom.shaft.tools.io.ReportManager&amp#27;[m : Successfully created attachment "Test Data - Excel"
2023-01-22 15:46:04.165 &amp#27;[32m INFO&amp#27;[m &amp#27;[35m[@503 - main]&amp#27;[m &amp#27;[36mcom.shaft.tools.io.ReportManager&amp#27;[m : Response status code: "422", status line: "HTTP/1.1 422 "
2023-01-22 15:46:04.180 &amp#27;[32m INFO&amp#27;[m &amp#27;[35m[@503 - main]&amp#27;[m &amp#27;[36mcom.shaft.tools.io.ReportManager&amp#27;[m : Successfully created attachment "API Request - Specifications"
2023-01-22 15:46:04.184 &amp#27;[32m INFO&amp#27;[m &amp#27;[35m[@503 - main]&amp#27;[m &amp#27;[36mcom.shaft.tools.io.ReportManager&amp#27;[m : Successfully created attachment "API Request - JSON Body"
2023-01-22 15:46:04.184 &amp#27;[32m INFO&amp#27;[m &amp#27;[35m[@503 - main]&amp#27;[m &amp#27;[36mcom.shaft.tools.io.ReportManager&amp#27;[m : Successfully created attachment "API Response - JSON Body"
2023-01-22 15:46:04.185 &amp#27;[32m INFO&amp#27;[m &amp#27;[35m[@503 - main]&amp#27;[m &amp#27;[36mcom.shaft.tools.io.ReportManager&amp#27;[m : File Action "DoesFileExist" successfully performed. With the following test data "File Path: "Schemas/ValidationError_schema.json"".
2023-01-22 15:46:04.186 &amp#27;[32m INFO&amp#27;[m &amp#27;[35m[@503 - main]&amp#27;[m &amp#27;[36mcom.shaft.tools.io.ReportManager&amp#27;[m : File Action "DoesFileExist" successfully performed. With the following test data "File Path: "src/test/resources/testDataFiles/Schemas/ValidationError_schema.json"".
2023-01-22 15:46:04.186 &amp#27;[32m INFO&amp#27;[m &amp#27;[35m[@503 - main]&amp#27;[m &amp#27;[36mcom.shaft.tools.io.ReportManager&amp#27;[m : File Action "GetAbsolutePath" successfully performed. With the following test data "Relative Folder Path: "src/test/resources/testDataFiles/Schemas/ValidationError_schema.json"".
2023-01-22 15:46:04.190 &amp#27;[32m INFO&amp#27;[m &amp#27;[35m[@503 - main]&amp#27;[m &amp#27;[36mcom.shaft.tools.io.ReportManager&amp#27;[m : File Action "DoesFileExist" successfully performed. With the following test data "File Path: "C:\eclipse-workspace\MyProjects\TASystemsAPIs\src\test\resources\testDataFiles\Schemas\ValidationError_schema.json"".
2023-01-22 15:46:04.191 &amp#27;[32m INFO&amp#27;[m &amp#27;[35m[@503 - main]&amp#27;[m &amp#27;[36mcom.shaft.tools.io.ReportManager&amp#27;[m : File Action "GetAbsolutePath" successfully performed. With the following test data "Relative Folder Path: "C:\eclipse-workspace\MyProjects\TASystemsAPIs\src\test\resources\testDataFiles\Schemas\ValidationError_schema.json"".
2023-01-22 15:46:04.191 &amp#27;[32m INFO&amp#27;[m &amp#27;[35m[@503 - main]&amp#27;[m &amp#27;[36mcom.shaft.tools.io.ReportManager&amp#27;[m : File Action "ReadFile" successfully performed. With the following test data "File Path: "C:\eclipse-workspace\MyProjects\TASystemsAPIs\src\test\resources\testDataFiles\Schemas\ValidationError_schema.json"".
2023-01-22 15:46:04.192 &amp#27;[32m INFO&amp#27;[m &amp#27;[35m[@503 - main]&amp#27;[m &amp#27;[36mcom.shaft.tools.io.ReportManager&amp#27;[m : Successfully created attachment "Validation Test Data - Expected JSON Value"
2023-01-22 15:46:04.193 &amp#27;[32m INFO&amp#27;[m &amp#27;[35m[@503 - main]&amp#27;[m &amp#27;[36mcom.shaft.tools.io.ReportManager&amp#27;[m : Successfully created attachment "Validation Test Data - Actual JSON Value"
2023-01-22 15:46:04.195 &amp#27;[32m INFO&amp#27;[m &amp#27;[35m[@503 - main]&amp#27;[m &amp#27;[36mcom.shaft.tools.io.ReportManager&amp#27;[m : Successfully created attachment "SHAFT Engine Logs - Current Method log: Update_Policy_With_InValid_data_TC"
]]></system-out>
  </testcase>
  <testcase name="Update_Policy_With_Missing_Keys_TC[[Ljava.lang.Object;@396809db](1)" classname="SteeringCompanyAPI_TestCases.Test_Policies_Cases" time="1.41">
    <system-out><![CDATA[2023-01-22 15:46:04.270 &amp#27;[32m INFO&amp#27;[m &amp#27;[35m[@534 - main]&amp#27;[m &amp#27;[36mcom.shaft.tools.io.ReportManager&amp#27;[m : 
################################################################################################################################################
Starting Execution:	"252 out of 70" test cases in the current suite
Test Method:		"SteeringCompanyAPI_TestCases.Test_Policies_Cases.Update_Policy_With_Missing_Keys_TC"
Test Description:	"TC051 -Policy- Perform Update Policy with Missing Keys"
################################################################################################################################################
2023-01-22 15:46:04.271 &amp#27;[32m INFO&amp#27;[m &amp#27;[35m[@503 - main]&amp#27;[m &amp#27;[36mcom.shaft.tools.io.ReportManager&amp#27;[m : File Action "DoesFileExist" successfully performed. With the following test data "File Path: "SteeringCompanyAPI_TestData/SteeringCompanyAPI_TestData.xlsx"".
2023-01-22 15:46:04.328 &amp#27;[32m INFO&amp#27;[m &amp#27;[35m[@503 - main]&amp#27;[m &amp#27;[36mcom.shaft.tools.io.ReportManager&amp#27;[m : Successfully created attachment "Test Data - Excel"
2023-01-22 15:46:04.912 &amp#27;[32m INFO&amp#27;[m &amp#27;[35m[@503 - main]&amp#27;[m &amp#27;[36mcom.shaft.tools.io.ReportManager&amp#27;[m : Response status code: "200", status line: "HTTP/1.1 200 OK"
2023-01-22 15:46:04.939 &amp#27;[32m INFO&amp#27;[m &amp#27;[35m[@503 - main]&amp#27;[m &amp#27;[36mcom.shaft.tools.io.ReportManager&amp#27;[m : Successfully created attachment "API Request - Specifications"
2023-01-22 15:46:04.941 &amp#27;[32m INFO&amp#27;[m &amp#27;[35m[@503 - main]&amp#27;[m &amp#27;[36mcom.shaft.tools.io.ReportManager&amp#27;[m : Successfully created attachment "API Request - Body"
2023-01-22 15:46:04.942 &amp#27;[32m INFO&amp#27;[m &amp#27;[35m[@503 - main]&amp#27;[m &amp#27;[36mcom.shaft.tools.io.ReportManager&amp#27;[m : Successfully created attachment "API Response - JSON Body"
2023-01-22 15:46:04.966 &amp#27;[32m INFO&amp#27;[m &amp#27;[35m[@503 - main]&amp#27;[m &amp#27;[36mcom.shaft.tools.io.ReportManager&amp#27;[m : File Action "DoesFileExist" successfully performed. With the following test data "File Path: "SteeringCompanyAPI_TestData/SteeringCompanyAPI_TestData.xlsx"".
2023-01-22 15:46:05.013 &amp#27;[32m INFO&amp#27;[m &amp#27;[35m[@503 - main]&amp#27;[m &amp#27;[36mcom.shaft.tools.io.ReportManager&amp#27;[m : Successfully created attachment "Test Data - Excel"
2023-01-22 15:46:05.014 &amp#27;[32m INFO&amp#27;[m &amp#27;[35m[@503 - main]&amp#27;[m &amp#27;[36mcom.shaft.tools.io.ReportManager&amp#27;[m : File Action "DoesFileExist" successfully performed. With the following test data "File Path: "SteeringCompanyAPI_TestData/SteeringCompanyAPI_TestData.xlsx"".
2023-01-22 15:46:05.063 &amp#27;[32m INFO&amp#27;[m &amp#27;[35m[@503 - main]&amp#27;[m &amp#27;[36mcom.shaft.tools.io.ReportManager&amp#27;[m : Successfully created attachment "Test Data - Excel"
2023-01-22 15:46:05.064 &amp#27;[32m INFO&amp#27;[m &amp#27;[35m[@503 - main]&amp#27;[m &amp#27;[36mcom.shaft.tools.io.ReportManager&amp#27;[m : File Action "DoesFileExist" successfully performed. With the following test data "File Path: "SteeringCompanyAPI_TestData/SteeringCompanyAPI_TestData.xlsx"".
2023-01-22 15:46:05.116 &amp#27;[32m INFO&amp#27;[m &amp#27;[35m[@503 - main]&amp#27;[m &amp#27;[36mcom.shaft.tools.io.ReportManager&amp#27;[m : Successfully created attachment "Test Data - Excel"
2023-01-22 15:46:05.637 &amp#27;[32m INFO&amp#27;[m &amp#27;[35m[@503 - main]&amp#27;[m &amp#27;[36mcom.shaft.tools.io.ReportManager&amp#27;[m : Response status code: "422", status line: "HTTP/1.1 422 "
2023-01-22 15:46:05.653 &amp#27;[32m INFO&amp#27;[m &amp#27;[35m[@503 - main]&amp#27;[m &amp#27;[36mcom.shaft.tools.io.ReportManager&amp#27;[m : Successfully created attachment "API Request - Specifications"
2023-01-22 15:46:05.654 &amp#27;[32m INFO&amp#27;[m &amp#27;[35m[@503 - main]&amp#27;[m &amp#27;[36mcom.shaft.tools.io.ReportManager&amp#27;[m : Successfully created attachment "API Request - JSON Body"
2023-01-22 15:46:05.658 &amp#27;[32m INFO&amp#27;[m &amp#27;[35m[@503 - main]&amp#27;[m &amp#27;[36mcom.shaft.tools.io.ReportManager&amp#27;[m : Successfully created attachment "API Response - JSON Body"
2023-01-22 15:46:05.660 &amp#27;[32m INFO&amp#27;[m &amp#27;[35m[@503 - main]&amp#27;[m &amp#27;[36mcom.shaft.tools.io.ReportManager&amp#27;[m : File Action "DoesFileExist" successfully performed. With the following test data "File Path: "Schemas/ValidationError_schema.json"".
2023-01-22 15:46:05.660 &amp#27;[32m INFO&amp#27;[m &amp#27;[35m[@503 - main]&amp#27;[m &amp#27;[36mcom.shaft.tools.io.ReportManager&amp#27;[m : File Action "DoesFileExist" successfully performed. With the following test data "File Path: "src/test/resources/testDataFiles/Schemas/ValidationError_schema.json"".
2023-01-22 15:46:05.660 &amp#27;[32m INFO&amp#27;[m &amp#27;[35m[@503 - main]&amp#27;[m &amp#27;[36mcom.shaft.tools.io.ReportManager&amp#27;[m : File Action "GetAbsolutePath" successfully performed. With the following test data "Relative Folder Path: "src/test/resources/testDataFiles/Schemas/ValidationError_schema.json"".
2023-01-22 15:46:05.665 &amp#27;[32m INFO&amp#27;[m &amp#27;[35m[@503 - main]&amp#27;[m &amp#27;[36mcom.shaft.tools.io.ReportManager&amp#27;[m : File Action "DoesFileExist" successfully performed. With the following test data "File Path: "C:\eclipse-workspace\MyProjects\TASystemsAPIs\src\test\resources\testDataFiles\Schemas\ValidationError_schema.json"".
2023-01-22 15:46:05.665 &amp#27;[32m INFO&amp#27;[m &amp#27;[35m[@503 - main]&amp#27;[m &amp#27;[36mcom.shaft.tools.io.ReportManager&amp#27;[m : File Action "GetAbsolutePath" successfully performed. With the following test data "Relative Folder Path: "C:\eclipse-workspace\MyProjects\TASystemsAPIs\src\test\resources\testDataFiles\Schemas\ValidationError_schema.json"".
2023-01-22 15:46:05.666 &amp#27;[32m INFO&amp#27;[m &amp#27;[35m[@503 - main]&amp#27;[m &amp#27;[36mcom.shaft.tools.io.ReportManager&amp#27;[m : File Action "ReadFile" successfully performed. With the following test data "File Path: "C:\eclipse-workspace\MyProjects\TASystemsAPIs\src\test\resources\testDataFiles\Schemas\ValidationError_schema.json"".
2023-01-22 15:46:05.668 &amp#27;[32m INFO&amp#27;[m &amp#27;[35m[@503 - main]&amp#27;[m &amp#27;[36mcom.shaft.tools.io.ReportManager&amp#27;[m : Successfully created attachment "Validation Test Data - Expected JSON Value"
2023-01-22 15:46:05.671 &amp#27;[32m INFO&amp#27;[m &amp#27;[35m[@503 - main]&amp#27;[m &amp#27;[36mcom.shaft.tools.io.ReportManager&amp#27;[m : Successfully created attachment "Validation Test Data - Actual JSON Value"
2023-01-22 15:46:05.674 &amp#27;[32m INFO&amp#27;[m &amp#27;[35m[@503 - main]&amp#27;[m &amp#27;[36mcom.shaft.tools.io.ReportManager&amp#27;[m : Successfully created attachment "SHAFT Engine Logs - Current Method log: Update_Policy_With_Missing_Keys_TC"
]]></system-out>
  </testcase>
  <testcase name="Update_Policy_With_Missing_Keys_TC[[Ljava.lang.Object;@79d07834](2)" classname="SteeringCompanyAPI_TestCases.Test_Policies_Cases" time="1.48">
    <system-out><![CDATA[2023-01-22 15:46:05.681 &amp#27;[32m INFO&amp#27;[m &amp#27;[35m[@534 - main]&amp#27;[m &amp#27;[36mcom.shaft.tools.io.ReportManager&amp#27;[m : 
################################################################################################################################################
Starting Execution:	"253 out of 70" test cases in the current suite
Test Method:		"SteeringCompanyAPI_TestCases.Test_Policies_Cases.Update_Policy_With_Missing_Keys_TC"
Test Description:	"TC051 -Policy- Perform Update Policy with Missing Keys"
################################################################################################################################################
2023-01-22 15:46:05.681 &amp#27;[32m INFO&amp#27;[m &amp#27;[35m[@503 - main]&amp#27;[m &amp#27;[36mcom.shaft.tools.io.ReportManager&amp#27;[m : File Action "DoesFileExist" successfully performed. With the following test data "File Path: "SteeringCompanyAPI_TestData/SteeringCompanyAPI_TestData.xlsx"".
2023-01-22 15:46:05.747 &amp#27;[32m INFO&amp#27;[m &amp#27;[35m[@503 - main]&amp#27;[m &amp#27;[36mcom.shaft.tools.io.ReportManager&amp#27;[m : Successfully created attachment "Test Data - Excel"
2023-01-22 15:46:06.339 &amp#27;[32m INFO&amp#27;[m &amp#27;[35m[@503 - main]&amp#27;[m &amp#27;[36mcom.shaft.tools.io.ReportManager&amp#27;[m : Response status code: "200", status line: "HTTP/1.1 200 OK"
2023-01-22 15:46:06.355 &amp#27;[32m INFO&amp#27;[m &amp#27;[35m[@503 - main]&amp#27;[m &amp#27;[36mcom.shaft.tools.io.ReportManager&amp#27;[m : Successfully created attachment "API Request - Specifications"
2023-01-22 15:46:06.358 &amp#27;[32m INFO&amp#27;[m &amp#27;[35m[@503 - main]&amp#27;[m &amp#27;[36mcom.shaft.tools.io.ReportManager&amp#27;[m : Successfully created attachment "API Request - Body"
2023-01-22 15:46:06.360 &amp#27;[32m INFO&amp#27;[m &amp#27;[35m[@503 - main]&amp#27;[m &amp#27;[36mcom.shaft.tools.io.ReportManager&amp#27;[m : Successfully created attachment "API Response - JSON Body"
2023-01-22 15:46:06.384 &amp#27;[32m INFO&amp#27;[m &amp#27;[35m[@503 - main]&amp#27;[m &amp#27;[36mcom.shaft.tools.io.ReportManager&amp#27;[m : File Action "DoesFileExist" successfully performed. With the following test data "File Path: "SteeringCompanyAPI_TestData/SteeringCompanyAPI_TestData.xlsx"".
2023-01-22 15:46:06.445 &amp#27;[32m INFO&amp#27;[m &amp#27;[35m[@503 - main]&amp#27;[m &amp#27;[36mcom.shaft.tools.io.ReportManager&amp#27;[m : Successfully created attachment "Test Data - Excel"
2023-01-22 15:46:06.446 &amp#27;[32m INFO&amp#27;[m &amp#27;[35m[@503 - main]&amp#27;[m &amp#27;[36mcom.shaft.tools.io.ReportManager&amp#27;[m : File Action "DoesFileExist" successfully performed. With the following test data "File Path: "SteeringCompanyAPI_TestData/SteeringCompanyAPI_TestData.xlsx"".
2023-01-22 15:46:06.513 &amp#27;[32m INFO&amp#27;[m &amp#27;[35m[@503 - main]&amp#27;[m &amp#27;[36mcom.shaft.tools.io.ReportManager&amp#27;[m : Successfully created attachment "Test Data - Excel"
2023-01-22 15:46:06.513 &amp#27;[32m INFO&amp#27;[m &amp#27;[35m[@503 - main]&amp#27;[m &amp#27;[36mcom.shaft.tools.io.ReportManager&amp#27;[m : File Action "DoesFileExist" successfully performed. With the following test data "File Path: "SteeringCompanyAPI_TestData/SteeringCompanyAPI_TestData.xlsx"".
2023-01-22 15:46:06.592 &amp#27;[32m INFO&amp#27;[m &amp#27;[35m[@503 - main]&amp#27;[m &amp#27;[36mcom.shaft.tools.io.ReportManager&amp#27;[m : Successfully created attachment "Test Data - Excel"
2023-01-22 15:46:07.122 &amp#27;[32m INFO&amp#27;[m &amp#27;[35m[@503 - main]&amp#27;[m &amp#27;[36mcom.shaft.tools.io.ReportManager&amp#27;[m : Response status code: "422", status line: "HTTP/1.1 422 "
2023-01-22 15:46:07.134 &amp#27;[32m INFO&amp#27;[m &amp#27;[35m[@503 - main]&amp#27;[m &amp#27;[36mcom.shaft.tools.io.ReportManager&amp#27;[m : Successfully created attachment "API Request - Specifications"
2023-01-22 15:46:07.135 &amp#27;[32m INFO&amp#27;[m &amp#27;[35m[@503 - main]&amp#27;[m &amp#27;[36mcom.shaft.tools.io.ReportManager&amp#27;[m : Successfully created attachment "API Request - JSON Body"
2023-01-22 15:46:07.137 &amp#27;[32m INFO&amp#27;[m &amp#27;[35m[@503 - main]&amp#27;[m &amp#27;[36mcom.shaft.tools.io.ReportManager&amp#27;[m : Successfully created attachment "API Response - JSON Body"
2023-01-22 15:46:07.138 &amp#27;[32m INFO&amp#27;[m &amp#27;[35m[@503 - main]&amp#27;[m &amp#27;[36mcom.shaft.tools.io.ReportManager&amp#27;[m : File Action "DoesFileExist" successfully performed. With the following test data "File Path: "Schemas/ValidationError_schema.json"".
2023-01-22 15:46:07.139 &amp#27;[32m INFO&amp#27;[m &amp#27;[35m[@503 - main]&amp#27;[m &amp#27;[36mcom.shaft.tools.io.ReportManager&amp#27;[m : File Action "DoesFileExist" successfully performed. With the following test data "File Path: "src/test/resources/testDataFiles/Schemas/ValidationError_schema.json"".
2023-01-22 15:46:07.139 &amp#27;[32m INFO&amp#27;[m &amp#27;[35m[@503 - main]&amp#27;[m &amp#27;[36mcom.shaft.tools.io.ReportManager&amp#27;[m : File Action "GetAbsolutePath" successfully performed. With the following test data "Relative Folder Path: "src/test/resources/testDataFiles/Schemas/ValidationError_schema.json"".
2023-01-22 15:46:07.144 &amp#27;[32m INFO&amp#27;[m &amp#27;[35m[@503 - main]&amp#27;[m &amp#27;[36mcom.shaft.tools.io.ReportManager&amp#27;[m : File Action "DoesFileExist" successfully performed. With the following test data "File Path: "C:\eclipse-workspace\MyProjects\TASystemsAPIs\src\test\resources\testDataFiles\Schemas\ValidationError_schema.json"".
2023-01-22 15:46:07.145 &amp#27;[32m INFO&amp#27;[m &amp#27;[35m[@503 - main]&amp#27;[m &amp#27;[36mcom.shaft.tools.io.ReportManager&amp#27;[m : File Action "GetAbsolutePath" successfully performed. With the following test data "Relative Folder Path: "C:\eclipse-workspace\MyProjects\TASystemsAPIs\src\test\resources\testDataFiles\Schemas\ValidationError_schema.json"".
2023-01-22 15:46:07.145 &amp#27;[32m INFO&amp#27;[m &amp#27;[35m[@503 - main]&amp#27;[m &amp#27;[36mcom.shaft.tools.io.ReportManager&amp#27;[m : File Action "ReadFile" successfully performed. With the following test data "File Path: "C:\eclipse-workspace\MyProjects\TASystemsAPIs\src\test\resources\testDataFiles\Schemas\ValidationError_schema.json"".
2023-01-22 15:46:07.151 &amp#27;[32m INFO&amp#27;[m &amp#27;[35m[@503 - main]&amp#27;[m &amp#27;[36mcom.shaft.tools.io.ReportManager&amp#27;[m : Successfully created attachment "Validation Test Data - Expected JSON Value"
2023-01-22 15:46:07.154 &amp#27;[32m INFO&amp#27;[m &amp#27;[35m[@503 - main]&amp#27;[m &amp#27;[36mcom.shaft.tools.io.ReportManager&amp#27;[m : Successfully created attachment "Validation Test Data - Actual JSON Value"
2023-01-22 15:46:07.155 &amp#27;[32m INFO&amp#27;[m &amp#27;[35m[@503 - main]&amp#27;[m &amp#27;[36mcom.shaft.tools.io.ReportManager&amp#27;[m : Successfully created attachment "SHAFT Engine Logs - Current Method log: Update_Policy_With_Missing_Keys_TC"
]]></system-out>
  </testcase>
  <testcase name="Update_Policy_With_Missing_Keys_TC[[Ljava.lang.Object;@2ea1cbdf](3)" classname="SteeringCompanyAPI_TestCases.Test_Policies_Cases" time="1.492">
    <system-out><![CDATA[2023-01-22 15:46:07.161 &amp#27;[32m INFO&amp#27;[m &amp#27;[35m[@534 - main]&amp#27;[m &amp#27;[36mcom.shaft.tools.io.ReportManager&amp#27;[m : 
################################################################################################################################################
Starting Execution:	"254 out of 70" test cases in the current suite
Test Method:		"SteeringCompanyAPI_TestCases.Test_Policies_Cases.Update_Policy_With_Missing_Keys_TC"
Test Description:	"TC051 -Policy- Perform Update Policy with Missing Keys"
################################################################################################################################################
2023-01-22 15:46:07.162 &amp#27;[32m INFO&amp#27;[m &amp#27;[35m[@503 - main]&amp#27;[m &amp#27;[36mcom.shaft.tools.io.ReportManager&amp#27;[m : File Action "DoesFileExist" successfully performed. With the following test data "File Path: "SteeringCompanyAPI_TestData/SteeringCompanyAPI_TestData.xlsx"".
2023-01-22 15:46:07.240 &amp#27;[32m INFO&amp#27;[m &amp#27;[35m[@503 - main]&amp#27;[m &amp#27;[36mcom.shaft.tools.io.ReportManager&amp#27;[m : Successfully created attachment "Test Data - Excel"
2023-01-22 15:46:07.927 &amp#27;[32m INFO&amp#27;[m &amp#27;[35m[@503 - main]&amp#27;[m &amp#27;[36mcom.shaft.tools.io.ReportManager&amp#27;[m : Response status code: "200", status line: "HTTP/1.1 200 OK"
2023-01-22 15:46:07.945 &amp#27;[32m INFO&amp#27;[m &amp#27;[35m[@503 - main]&amp#27;[m &amp#27;[36mcom.shaft.tools.io.ReportManager&amp#27;[m : Successfully created attachment "API Request - Specifications"
2023-01-22 15:46:07.946 &amp#27;[32m INFO&amp#27;[m &amp#27;[35m[@503 - main]&amp#27;[m &amp#27;[36mcom.shaft.tools.io.ReportManager&amp#27;[m : Successfully created attachment "API Request - Body"
2023-01-22 15:46:07.949 &amp#27;[32m INFO&amp#27;[m &amp#27;[35m[@503 - main]&amp#27;[m &amp#27;[36mcom.shaft.tools.io.ReportManager&amp#27;[m : Successfully created attachment "API Response - JSON Body"
2023-01-22 15:46:07.963 &amp#27;[32m INFO&amp#27;[m &amp#27;[35m[@503 - main]&amp#27;[m &amp#27;[36mcom.shaft.tools.io.ReportManager&amp#27;[m : File Action "DoesFileExist" successfully performed. With the following test data "File Path: "SteeringCompanyAPI_TestData/SteeringCompanyAPI_TestData.xlsx"".
2023-01-22 15:46:08.038 &amp#27;[32m INFO&amp#27;[m &amp#27;[35m[@503 - main]&amp#27;[m &amp#27;[36mcom.shaft.tools.io.ReportManager&amp#27;[m : Successfully created attachment "Test Data - Excel"
2023-01-22 15:46:08.039 &amp#27;[32m INFO&amp#27;[m &amp#27;[35m[@503 - main]&amp#27;[m &amp#27;[36mcom.shaft.tools.io.ReportManager&amp#27;[m : File Action "DoesFileExist" successfully performed. With the following test data "File Path: "SteeringCompanyAPI_TestData/SteeringCompanyAPI_TestData.xlsx"".
2023-01-22 15:46:08.095 &amp#27;[32m INFO&amp#27;[m &amp#27;[35m[@503 - main]&amp#27;[m &amp#27;[36mcom.shaft.tools.io.ReportManager&amp#27;[m : Successfully created attachment "Test Data - Excel"
2023-01-22 15:46:08.095 &amp#27;[32m INFO&amp#27;[m &amp#27;[35m[@503 - main]&amp#27;[m &amp#27;[36mcom.shaft.tools.io.ReportManager&amp#27;[m : File Action "DoesFileExist" successfully performed. With the following test data "File Path: "SteeringCompanyAPI_TestData/SteeringCompanyAPI_TestData.xlsx"".
2023-01-22 15:46:08.147 &amp#27;[32m INFO&amp#27;[m &amp#27;[35m[@503 - main]&amp#27;[m &amp#27;[36mcom.shaft.tools.io.ReportManager&amp#27;[m : Successfully created attachment "Test Data - Excel"
2023-01-22 15:46:08.611 &amp#27;[32m INFO&amp#27;[m &amp#27;[35m[@503 - main]&amp#27;[m &amp#27;[36mcom.shaft.tools.io.ReportManager&amp#27;[m : Response status code: "422", status line: "HTTP/1.1 422 "
2023-01-22 15:46:08.631 &amp#27;[32m INFO&amp#27;[m &amp#27;[35m[@503 - main]&amp#27;[m &amp#27;[36mcom.shaft.tools.io.ReportManager&amp#27;[m : Successfully created attachment "API Request - Specifications"
2023-01-22 15:46:08.635 &amp#27;[32m INFO&amp#27;[m &amp#27;[35m[@503 - main]&amp#27;[m &amp#27;[36mcom.shaft.tools.io.ReportManager&amp#27;[m : Successfully created attachment "API Request - JSON Body"
2023-01-22 15:46:08.636 &amp#27;[32m INFO&amp#27;[m &amp#27;[35m[@503 - main]&amp#27;[m &amp#27;[36mcom.shaft.tools.io.ReportManager&amp#27;[m : Successfully created attachment "API Response - JSON Body"
2023-01-22 15:46:08.637 &amp#27;[32m INFO&amp#27;[m &amp#27;[35m[@503 - main]&amp#27;[m &amp#27;[36mcom.shaft.tools.io.ReportManager&amp#27;[m : File Action "DoesFileExist" successfully performed. With the following test data "File Path: "Schemas/ValidationError_schema.json"".
2023-01-22 15:46:08.637 &amp#27;[32m INFO&amp#27;[m &amp#27;[35m[@503 - main]&amp#27;[m &amp#27;[36mcom.shaft.tools.io.ReportManager&amp#27;[m : File Action "DoesFileExist" successfully performed. With the following test data "File Path: "src/test/resources/testDataFiles/Schemas/ValidationError_schema.json"".
2023-01-22 15:46:08.637 &amp#27;[32m INFO&amp#27;[m &amp#27;[35m[@503 - main]&amp#27;[m &amp#27;[36mcom.shaft.tools.io.ReportManager&amp#27;[m : File Action "GetAbsolutePath" successfully performed. With the following test data "Relative Folder Path: "src/test/resources/testDataFiles/Schemas/ValidationError_schema.json"".
2023-01-22 15:46:08.641 &amp#27;[32m INFO&amp#27;[m &amp#27;[35m[@503 - main]&amp#27;[m &amp#27;[36mcom.shaft.tools.io.ReportManager&amp#27;[m : File Action "DoesFileExist" successfully performed. With the following test data "File Path: "C:\eclipse-workspace\MyProjects\TASystemsAPIs\src\test\resources\testDataFiles\Schemas\ValidationError_schema.json"".
2023-01-22 15:46:08.642 &amp#27;[32m INFO&amp#27;[m &amp#27;[35m[@503 - main]&amp#27;[m &amp#27;[36mcom.shaft.tools.io.ReportManager&amp#27;[m : File Action "GetAbsolutePath" successfully performed. With the following test data "Relative Folder Path: "C:\eclipse-workspace\MyProjects\TASystemsAPIs\src\test\resources\testDataFiles\Schemas\ValidationError_schema.json"".
2023-01-22 15:46:08.643 &amp#27;[32m INFO&amp#27;[m &amp#27;[35m[@503 - main]&amp#27;[m &amp#27;[36mcom.shaft.tools.io.ReportManager&amp#27;[m : File Action "ReadFile" successfully performed. With the following test data "File Path: "C:\eclipse-workspace\MyProjects\TASystemsAPIs\src\test\resources\testDataFiles\Schemas\ValidationError_schema.json"".
2023-01-22 15:46:08.646 &amp#27;[32m INFO&amp#27;[m &amp#27;[35m[@503 - main]&amp#27;[m &amp#27;[36mcom.shaft.tools.io.ReportManager&amp#27;[m : Successfully created attachment "Validation Test Data - Expected JSON Value"
2023-01-22 15:46:08.647 &amp#27;[32m INFO&amp#27;[m &amp#27;[35m[@503 - main]&amp#27;[m &amp#27;[36mcom.shaft.tools.io.ReportManager&amp#27;[m : Successfully created attachment "Validation Test Data - Actual JSON Value"
2023-01-22 15:46:08.649 &amp#27;[32m INFO&amp#27;[m &amp#27;[35m[@503 - main]&amp#27;[m &amp#27;[36mcom.shaft.tools.io.ReportManager&amp#27;[m : Successfully created attachment "SHAFT Engine Logs - Current Method log: Update_Policy_With_Missing_Keys_TC"
]]></system-out>
  </testcase>
  <testcase name="Update_Policy_With_Missing_Keys_TC[[Ljava.lang.Object;@4baf7498](4)" classname="SteeringCompanyAPI_TestCases.Test_Policies_Cases" time="1.444">
    <system-out><![CDATA[2023-01-22 15:46:08.651 &amp#27;[32m INFO&amp#27;[m &amp#27;[35m[@534 - main]&amp#27;[m &amp#27;[36mcom.shaft.tools.io.ReportManager&amp#27;[m : 
################################################################################################################################################
Starting Execution:	"255 out of 70" test cases in the current suite
Test Method:		"SteeringCompanyAPI_TestCases.Test_Policies_Cases.Update_Policy_With_Missing_Keys_TC"
Test Description:	"TC051 -Policy- Perform Update Policy with Missing Keys"
################################################################################################################################################
2023-01-22 15:46:08.653 &amp#27;[32m INFO&amp#27;[m &amp#27;[35m[@503 - main]&amp#27;[m &amp#27;[36mcom.shaft.tools.io.ReportManager&amp#27;[m : File Action "DoesFileExist" successfully performed. With the following test data "File Path: "SteeringCompanyAPI_TestData/SteeringCompanyAPI_TestData.xlsx"".
2023-01-22 15:46:08.696 &amp#27;[32m INFO&amp#27;[m &amp#27;[35m[@503 - main]&amp#27;[m &amp#27;[36mcom.shaft.tools.io.ReportManager&amp#27;[m : Successfully created attachment "Test Data - Excel"
2023-01-22 15:46:09.340 &amp#27;[32m INFO&amp#27;[m &amp#27;[35m[@503 - main]&amp#27;[m &amp#27;[36mcom.shaft.tools.io.ReportManager&amp#27;[m : Response status code: "200", status line: "HTTP/1.1 200 OK"
2023-01-22 15:46:09.365 &amp#27;[32m INFO&amp#27;[m &amp#27;[35m[@503 - main]&amp#27;[m &amp#27;[36mcom.shaft.tools.io.ReportManager&amp#27;[m : Successfully created attachment "API Request - Specifications"
2023-01-22 15:46:09.367 &amp#27;[32m INFO&amp#27;[m &amp#27;[35m[@503 - main]&amp#27;[m &amp#27;[36mcom.shaft.tools.io.ReportManager&amp#27;[m : Successfully created attachment "API Request - Body"
2023-01-22 15:46:09.369 &amp#27;[32m INFO&amp#27;[m &amp#27;[35m[@503 - main]&amp#27;[m &amp#27;[36mcom.shaft.tools.io.ReportManager&amp#27;[m : Successfully created attachment "API Response - JSON Body"
2023-01-22 15:46:09.391 &amp#27;[32m INFO&amp#27;[m &amp#27;[35m[@503 - main]&amp#27;[m &amp#27;[36mcom.shaft.tools.io.ReportManager&amp#27;[m : File Action "DoesFileExist" successfully performed. With the following test data "File Path: "SteeringCompanyAPI_TestData/SteeringCompanyAPI_TestData.xlsx"".
2023-01-22 15:46:09.460 &amp#27;[32m INFO&amp#27;[m &amp#27;[35m[@503 - main]&amp#27;[m &amp#27;[36mcom.shaft.tools.io.ReportManager&amp#27;[m : Successfully created attachment "Test Data - Excel"
2023-01-22 15:46:09.460 &amp#27;[32m INFO&amp#27;[m &amp#27;[35m[@503 - main]&amp#27;[m &amp#27;[36mcom.shaft.tools.io.ReportManager&amp#27;[m : File Action "DoesFileExist" successfully performed. With the following test data "File Path: "SteeringCompanyAPI_TestData/SteeringCompanyAPI_TestData.xlsx"".
2023-01-22 15:46:09.529 &amp#27;[32m INFO&amp#27;[m &amp#27;[35m[@503 - main]&amp#27;[m &amp#27;[36mcom.shaft.tools.io.ReportManager&amp#27;[m : Successfully created attachment "Test Data - Excel"
2023-01-22 15:46:09.530 &amp#27;[32m INFO&amp#27;[m &amp#27;[35m[@503 - main]&amp#27;[m &amp#27;[36mcom.shaft.tools.io.ReportManager&amp#27;[m : File Action "DoesFileExist" successfully performed. With the following test data "File Path: "SteeringCompanyAPI_TestData/SteeringCompanyAPI_TestData.xlsx"".
2023-01-22 15:46:09.600 &amp#27;[32m INFO&amp#27;[m &amp#27;[35m[@503 - main]&amp#27;[m &amp#27;[36mcom.shaft.tools.io.ReportManager&amp#27;[m : Successfully created attachment "Test Data - Excel"
2023-01-22 15:46:10.058 &amp#27;[32m INFO&amp#27;[m &amp#27;[35m[@503 - main]&amp#27;[m &amp#27;[36mcom.shaft.tools.io.ReportManager&amp#27;[m : Response status code: "422", status line: "HTTP/1.1 422 "
2023-01-22 15:46:10.075 &amp#27;[32m INFO&amp#27;[m &amp#27;[35m[@503 - main]&amp#27;[m &amp#27;[36mcom.shaft.tools.io.ReportManager&amp#27;[m : Successfully created attachment "API Request - Specifications"
2023-01-22 15:46:10.077 &amp#27;[32m INFO&amp#27;[m &amp#27;[35m[@503 - main]&amp#27;[m &amp#27;[36mcom.shaft.tools.io.ReportManager&amp#27;[m : Successfully created attachment "API Request - JSON Body"
2023-01-22 15:46:10.078 &amp#27;[32m INFO&amp#27;[m &amp#27;[35m[@503 - main]&amp#27;[m &amp#27;[36mcom.shaft.tools.io.ReportManager&amp#27;[m : Successfully created attachment "API Response - JSON Body"
2023-01-22 15:46:10.079 &amp#27;[32m INFO&amp#27;[m &amp#27;[35m[@503 - main]&amp#27;[m &amp#27;[36mcom.shaft.tools.io.ReportManager&amp#27;[m : File Action "DoesFileExist" successfully performed. With the following test data "File Path: "Schemas/ValidationError_schema.json"".
2023-01-22 15:46:10.080 &amp#27;[32m INFO&amp#27;[m &amp#27;[35m[@503 - main]&amp#27;[m &amp#27;[36mcom.shaft.tools.io.ReportManager&amp#27;[m : File Action "DoesFileExist" successfully performed. With the following test data "File Path: "src/test/resources/testDataFiles/Schemas/ValidationError_schema.json"".
2023-01-22 15:46:10.080 &amp#27;[32m INFO&amp#27;[m &amp#27;[35m[@503 - main]&amp#27;[m &amp#27;[36mcom.shaft.tools.io.ReportManager&amp#27;[m : File Action "GetAbsolutePath" successfully performed. With the following test data "Relative Folder Path: "src/test/resources/testDataFiles/Schemas/ValidationError_schema.json"".
2023-01-22 15:46:10.085 &amp#27;[32m INFO&amp#27;[m &amp#27;[35m[@503 - main]&amp#27;[m &amp#27;[36mcom.shaft.tools.io.ReportManager&amp#27;[m : File Action "DoesFileExist" successfully performed. With the following test data "File Path: "C:\eclipse-workspace\MyProjects\TASystemsAPIs\src\test\resources\testDataFiles\Schemas\ValidationError_schema.json"".
2023-01-22 15:46:10.085 &amp#27;[32m INFO&amp#27;[m &amp#27;[35m[@503 - main]&amp#27;[m &amp#27;[36mcom.shaft.tools.io.ReportManager&amp#27;[m : File Action "GetAbsolutePath" successfully performed. With the following test data "Relative Folder Path: "C:\eclipse-workspace\MyProjects\TASystemsAPIs\src\test\resources\testDataFiles\Schemas\ValidationError_schema.json"".
2023-01-22 15:46:10.086 &amp#27;[32m INFO&amp#27;[m &amp#27;[35m[@503 - main]&amp#27;[m &amp#27;[36mcom.shaft.tools.io.ReportManager&amp#27;[m : File Action "ReadFile" successfully performed. With the following test data "File Path: "C:\eclipse-workspace\MyProjects\TASystemsAPIs\src\test\resources\testDataFiles\Schemas\ValidationError_schema.json"".
2023-01-22 15:46:10.089 &amp#27;[32m INFO&amp#27;[m &amp#27;[35m[@503 - main]&amp#27;[m &amp#27;[36mcom.shaft.tools.io.ReportManager&amp#27;[m : Successfully created attachment "Validation Test Data - Expected JSON Value"
2023-01-22 15:46:10.091 &amp#27;[32m INFO&amp#27;[m &amp#27;[35m[@503 - main]&amp#27;[m &amp#27;[36mcom.shaft.tools.io.ReportManager&amp#27;[m : Successfully created attachment "Validation Test Data - Actual JSON Value"
2023-01-22 15:46:10.092 &amp#27;[32m INFO&amp#27;[m &amp#27;[35m[@503 - main]&amp#27;[m &amp#27;[36mcom.shaft.tools.io.ReportManager&amp#27;[m : Successfully created attachment "SHAFT Engine Logs - Current Method log: Update_Policy_With_Missing_Keys_TC"
]]></system-out>
  </testcase>
  <testcase name="Update_Policy_With_Missing_Keys_TC[[Ljava.lang.Object;@22564126](5)" classname="SteeringCompanyAPI_TestCases.Test_Policies_Cases" time="1.502">
    <system-out><![CDATA[2023-01-22 15:46:10.097 &amp#27;[32m INFO&amp#27;[m &amp#27;[35m[@534 - main]&amp#27;[m &amp#27;[36mcom.shaft.tools.io.ReportManager&amp#27;[m : 
################################################################################################################################################
Starting Execution:	"256 out of 70" test cases in the current suite
Test Method:		"SteeringCompanyAPI_TestCases.Test_Policies_Cases.Update_Policy_With_Missing_Keys_TC"
Test Description:	"TC051 -Policy- Perform Update Policy with Missing Keys"
################################################################################################################################################
2023-01-22 15:46:10.097 &amp#27;[32m INFO&amp#27;[m &amp#27;[35m[@503 - main]&amp#27;[m &amp#27;[36mcom.shaft.tools.io.ReportManager&amp#27;[m : File Action "DoesFileExist" successfully performed. With the following test data "File Path: "SteeringCompanyAPI_TestData/SteeringCompanyAPI_TestData.xlsx"".
2023-01-22 15:46:10.133 &amp#27;[32m INFO&amp#27;[m &amp#27;[35m[@503 - main]&amp#27;[m &amp#27;[36mcom.shaft.tools.io.ReportManager&amp#27;[m : Successfully created attachment "Test Data - Excel"
2023-01-22 15:46:10.833 &amp#27;[32m INFO&amp#27;[m &amp#27;[35m[@503 - main]&amp#27;[m &amp#27;[36mcom.shaft.tools.io.ReportManager&amp#27;[m : Response status code: "200", status line: "HTTP/1.1 200 OK"
2023-01-22 15:46:10.849 &amp#27;[32m INFO&amp#27;[m &amp#27;[35m[@503 - main]&amp#27;[m &amp#27;[36mcom.shaft.tools.io.ReportManager&amp#27;[m : Successfully created attachment "API Request - Specifications"
2023-01-22 15:46:10.854 &amp#27;[32m INFO&amp#27;[m &amp#27;[35m[@503 - main]&amp#27;[m &amp#27;[36mcom.shaft.tools.io.ReportManager&amp#27;[m : Successfully created attachment "API Request - Body"
2023-01-22 15:46:10.857 &amp#27;[32m INFO&amp#27;[m &amp#27;[35m[@503 - main]&amp#27;[m &amp#27;[36mcom.shaft.tools.io.ReportManager&amp#27;[m : Successfully created attachment "API Response - JSON Body"
2023-01-22 15:46:10.870 &amp#27;[32m INFO&amp#27;[m &amp#27;[35m[@503 - main]&amp#27;[m &amp#27;[36mcom.shaft.tools.io.ReportManager&amp#27;[m : File Action "DoesFileExist" successfully performed. With the following test data "File Path: "SteeringCompanyAPI_TestData/SteeringCompanyAPI_TestData.xlsx"".
2023-01-22 15:46:10.915 &amp#27;[32m INFO&amp#27;[m &amp#27;[35m[@503 - main]&amp#27;[m &amp#27;[36mcom.shaft.tools.io.ReportManager&amp#27;[m : Successfully created attachment "Test Data - Excel"
2023-01-22 15:46:10.916 &amp#27;[32m INFO&amp#27;[m &amp#27;[35m[@503 - main]&amp#27;[m &amp#27;[36mcom.shaft.tools.io.ReportManager&amp#27;[m : File Action "DoesFileExist" successfully performed. With the following test data "File Path: "SteeringCompanyAPI_TestData/SteeringCompanyAPI_TestData.xlsx"".
2023-01-22 15:46:10.965 &amp#27;[32m INFO&amp#27;[m &amp#27;[35m[@503 - main]&amp#27;[m &amp#27;[36mcom.shaft.tools.io.ReportManager&amp#27;[m : Successfully created attachment "Test Data - Excel"
2023-01-22 15:46:10.965 &amp#27;[32m INFO&amp#27;[m &amp#27;[35m[@503 - main]&amp#27;[m &amp#27;[36mcom.shaft.tools.io.ReportManager&amp#27;[m : File Action "DoesFileExist" successfully performed. With the following test data "File Path: "SteeringCompanyAPI_TestData/SteeringCompanyAPI_TestData.xlsx"".
2023-01-22 15:46:11.014 &amp#27;[32m INFO&amp#27;[m &amp#27;[35m[@503 - main]&amp#27;[m &amp#27;[36mcom.shaft.tools.io.ReportManager&amp#27;[m : Successfully created attachment "Test Data - Excel"
2023-01-22 15:46:11.559 &amp#27;[32m INFO&amp#27;[m &amp#27;[35m[@503 - main]&amp#27;[m &amp#27;[36mcom.shaft.tools.io.ReportManager&amp#27;[m : Response status code: "422", status line: "HTTP/1.1 422 "
2023-01-22 15:46:11.575 &amp#27;[32m INFO&amp#27;[m &amp#27;[35m[@503 - main]&amp#27;[m &amp#27;[36mcom.shaft.tools.io.ReportManager&amp#27;[m : Successfully created attachment "API Request - Specifications"
2023-01-22 15:46:11.576 &amp#27;[32m INFO&amp#27;[m &amp#27;[35m[@503 - main]&amp#27;[m &amp#27;[36mcom.shaft.tools.io.ReportManager&amp#27;[m : Successfully created attachment "API Request - JSON Body"
2023-01-22 15:46:11.578 &amp#27;[32m INFO&amp#27;[m &amp#27;[35m[@503 - main]&amp#27;[m &amp#27;[36mcom.shaft.tools.io.ReportManager&amp#27;[m : Successfully created attachment "API Response - JSON Body"
2023-01-22 15:46:11.580 &amp#27;[32m INFO&amp#27;[m &amp#27;[35m[@503 - main]&amp#27;[m &amp#27;[36mcom.shaft.tools.io.ReportManager&amp#27;[m : File Action "DoesFileExist" successfully performed. With the following test data "File Path: "Schemas/ValidationError_schema.json"".
2023-01-22 15:46:11.580 &amp#27;[32m INFO&amp#27;[m &amp#27;[35m[@503 - main]&amp#27;[m &amp#27;[36mcom.shaft.tools.io.ReportManager&amp#27;[m : File Action "DoesFileExist" successfully performed. With the following test data "File Path: "src/test/resources/testDataFiles/Schemas/ValidationError_schema.json"".
2023-01-22 15:46:11.580 &amp#27;[32m INFO&amp#27;[m &amp#27;[35m[@503 - main]&amp#27;[m &amp#27;[36mcom.shaft.tools.io.ReportManager&amp#27;[m : File Action "GetAbsolutePath" successfully performed. With the following test data "Relative Folder Path: "src/test/resources/testDataFiles/Schemas/ValidationError_schema.json"".
2023-01-22 15:46:11.585 &amp#27;[32m INFO&amp#27;[m &amp#27;[35m[@503 - main]&amp#27;[m &amp#27;[36mcom.shaft.tools.io.ReportManager&amp#27;[m : File Action "DoesFileExist" successfully performed. With the following test data "File Path: "C:\eclipse-workspace\MyProjects\TASystemsAPIs\src\test\resources\testDataFiles\Schemas\ValidationError_schema.json"".
2023-01-22 15:46:11.585 &amp#27;[32m INFO&amp#27;[m &amp#27;[35m[@503 - main]&amp#27;[m &amp#27;[36mcom.shaft.tools.io.ReportManager&amp#27;[m : File Action "GetAbsolutePath" successfully performed. With the following test data "Relative Folder Path: "C:\eclipse-workspace\MyProjects\TASystemsAPIs\src\test\resources\testDataFiles\Schemas\ValidationError_schema.json"".
2023-01-22 15:46:11.586 &amp#27;[32m INFO&amp#27;[m &amp#27;[35m[@503 - main]&amp#27;[m &amp#27;[36mcom.shaft.tools.io.ReportManager&amp#27;[m : File Action "ReadFile" successfully performed. With the following test data "File Path: "C:\eclipse-workspace\MyProjects\TASystemsAPIs\src\test\resources\testDataFiles\Schemas\ValidationError_schema.json"".
2023-01-22 15:46:11.590 &amp#27;[32m INFO&amp#27;[m &amp#27;[35m[@503 - main]&amp#27;[m &amp#27;[36mcom.shaft.tools.io.ReportManager&amp#27;[m : Successfully created attachment "Validation Test Data - Expected JSON Value"
2023-01-22 15:46:11.593 &amp#27;[32m INFO&amp#27;[m &amp#27;[35m[@503 - main]&amp#27;[m &amp#27;[36mcom.shaft.tools.io.ReportManager&amp#27;[m : Successfully created attachment "Validation Test Data - Actual JSON Value"
2023-01-22 15:46:11.596 &amp#27;[32m INFO&amp#27;[m &amp#27;[35m[@503 - main]&amp#27;[m &amp#27;[36mcom.shaft.tools.io.ReportManager&amp#27;[m : Successfully created attachment "SHAFT Engine Logs - Current Method log: Update_Policy_With_Missing_Keys_TC"
]]></system-out>
  </testcase>
  <testcase name="Update_Policy_With_Missing_Keys_TC[[Ljava.lang.Object;@71101f5](6)" classname="SteeringCompanyAPI_TestCases.Test_Policies_Cases" time="1.479">
    <system-out><![CDATA[2023-01-22 15:46:11.600 &amp#27;[32m INFO&amp#27;[m &amp#27;[35m[@534 - main]&amp#27;[m &amp#27;[36mcom.shaft.tools.io.ReportManager&amp#27;[m : 
################################################################################################################################################
Starting Execution:	"257 out of 70" test cases in the current suite
Test Method:		"SteeringCompanyAPI_TestCases.Test_Policies_Cases.Update_Policy_With_Missing_Keys_TC"
Test Description:	"TC051 -Policy- Perform Update Policy with Missing Keys"
################################################################################################################################################
2023-01-22 15:46:11.601 &amp#27;[32m INFO&amp#27;[m &amp#27;[35m[@503 - main]&amp#27;[m &amp#27;[36mcom.shaft.tools.io.ReportManager&amp#27;[m : File Action "DoesFileExist" successfully performed. With the following test data "File Path: "SteeringCompanyAPI_TestData/SteeringCompanyAPI_TestData.xlsx"".
2023-01-22 15:46:11.674 &amp#27;[32m INFO&amp#27;[m &amp#27;[35m[@503 - main]&amp#27;[m &amp#27;[36mcom.shaft.tools.io.ReportManager&amp#27;[m : Successfully created attachment "Test Data - Excel"
2023-01-22 15:46:12.379 &amp#27;[32m INFO&amp#27;[m &amp#27;[35m[@503 - main]&amp#27;[m &amp#27;[36mcom.shaft.tools.io.ReportManager&amp#27;[m : Response status code: "200", status line: "HTTP/1.1 200 OK"
2023-01-22 15:46:12.397 &amp#27;[32m INFO&amp#27;[m &amp#27;[35m[@503 - main]&amp#27;[m &amp#27;[36mcom.shaft.tools.io.ReportManager&amp#27;[m : Successfully created attachment "API Request - Specifications"
2023-01-22 15:46:12.399 &amp#27;[32m INFO&amp#27;[m &amp#27;[35m[@503 - main]&amp#27;[m &amp#27;[36mcom.shaft.tools.io.ReportManager&amp#27;[m : Successfully created attachment "API Request - Body"
2023-01-22 15:46:12.403 &amp#27;[32m INFO&amp#27;[m &amp#27;[35m[@503 - main]&amp#27;[m &amp#27;[36mcom.shaft.tools.io.ReportManager&amp#27;[m : Successfully created attachment "API Response - JSON Body"
2023-01-22 15:46:12.419 &amp#27;[32m INFO&amp#27;[m &amp#27;[35m[@503 - main]&amp#27;[m &amp#27;[36mcom.shaft.tools.io.ReportManager&amp#27;[m : File Action "DoesFileExist" successfully performed. With the following test data "File Path: "SteeringCompanyAPI_TestData/SteeringCompanyAPI_TestData.xlsx"".
2023-01-22 15:46:12.489 &amp#27;[32m INFO&amp#27;[m &amp#27;[35m[@503 - main]&amp#27;[m &amp#27;[36mcom.shaft.tools.io.ReportManager&amp#27;[m : Successfully created attachment "Test Data - Excel"
2023-01-22 15:46:12.490 &amp#27;[32m INFO&amp#27;[m &amp#27;[35m[@503 - main]&amp#27;[m &amp#27;[36mcom.shaft.tools.io.ReportManager&amp#27;[m : File Action "DoesFileExist" successfully performed. With the following test data "File Path: "SteeringCompanyAPI_TestData/SteeringCompanyAPI_TestData.xlsx"".
2023-01-22 15:46:12.522 &amp#27;[32m INFO&amp#27;[m &amp#27;[35m[@503 - main]&amp#27;[m &amp#27;[36mcom.shaft.tools.io.ReportManager&amp#27;[m : Successfully created attachment "Test Data - Excel"
2023-01-22 15:46:12.522 &amp#27;[32m INFO&amp#27;[m &amp#27;[35m[@503 - main]&amp#27;[m &amp#27;[36mcom.shaft.tools.io.ReportManager&amp#27;[m : File Action "DoesFileExist" successfully performed. With the following test data "File Path: "SteeringCompanyAPI_TestData/SteeringCompanyAPI_TestData.xlsx"".
2023-01-22 15:46:12.583 &amp#27;[32m INFO&amp#27;[m &amp#27;[35m[@503 - main]&amp#27;[m &amp#27;[36mcom.shaft.tools.io.ReportManager&amp#27;[m : Successfully created attachment "Test Data - Excel"
2023-01-22 15:46:13.050 &amp#27;[32m INFO&amp#27;[m &amp#27;[35m[@503 - main]&amp#27;[m &amp#27;[36mcom.shaft.tools.io.ReportManager&amp#27;[m : Response status code: "422", status line: "HTTP/1.1 422 "
2023-01-22 15:46:13.064 &amp#27;[32m INFO&amp#27;[m &amp#27;[35m[@503 - main]&amp#27;[m &amp#27;[36mcom.shaft.tools.io.ReportManager&amp#27;[m : Successfully created attachment "API Request - Specifications"
2023-01-22 15:46:13.065 &amp#27;[32m INFO&amp#27;[m &amp#27;[35m[@503 - main]&amp#27;[m &amp#27;[36mcom.shaft.tools.io.ReportManager&amp#27;[m : Successfully created attachment "API Request - JSON Body"
2023-01-22 15:46:13.066 &amp#27;[32m INFO&amp#27;[m &amp#27;[35m[@503 - main]&amp#27;[m &amp#27;[36mcom.shaft.tools.io.ReportManager&amp#27;[m : Successfully created attachment "API Response - JSON Body"
2023-01-22 15:46:13.067 &amp#27;[32m INFO&amp#27;[m &amp#27;[35m[@503 - main]&amp#27;[m &amp#27;[36mcom.shaft.tools.io.ReportManager&amp#27;[m : File Action "DoesFileExist" successfully performed. With the following test data "File Path: "Schemas/ValidationError_schema.json"".
2023-01-22 15:46:13.067 &amp#27;[32m INFO&amp#27;[m &amp#27;[35m[@503 - main]&amp#27;[m &amp#27;[36mcom.shaft.tools.io.ReportManager&amp#27;[m : File Action "DoesFileExist" successfully performed. With the following test data "File Path: "src/test/resources/testDataFiles/Schemas/ValidationError_schema.json"".
2023-01-22 15:46:13.067 &amp#27;[32m INFO&amp#27;[m &amp#27;[35m[@503 - main]&amp#27;[m &amp#27;[36mcom.shaft.tools.io.ReportManager&amp#27;[m : File Action "GetAbsolutePath" successfully performed. With the following test data "Relative Folder Path: "src/test/resources/testDataFiles/Schemas/ValidationError_schema.json"".
2023-01-22 15:46:13.071 &amp#27;[32m INFO&amp#27;[m &amp#27;[35m[@503 - main]&amp#27;[m &amp#27;[36mcom.shaft.tools.io.ReportManager&amp#27;[m : File Action "DoesFileExist" successfully performed. With the following test data "File Path: "C:\eclipse-workspace\MyProjects\TASystemsAPIs\src\test\resources\testDataFiles\Schemas\ValidationError_schema.json"".
2023-01-22 15:46:13.071 &amp#27;[32m INFO&amp#27;[m &amp#27;[35m[@503 - main]&amp#27;[m &amp#27;[36mcom.shaft.tools.io.ReportManager&amp#27;[m : File Action "GetAbsolutePath" successfully performed. With the following test data "Relative Folder Path: "C:\eclipse-workspace\MyProjects\TASystemsAPIs\src\test\resources\testDataFiles\Schemas\ValidationError_schema.json"".
2023-01-22 15:46:13.072 &amp#27;[32m INFO&amp#27;[m &amp#27;[35m[@503 - main]&amp#27;[m &amp#27;[36mcom.shaft.tools.io.ReportManager&amp#27;[m : File Action "ReadFile" successfully performed. With the following test data "File Path: "C:\eclipse-workspace\MyProjects\TASystemsAPIs\src\test\resources\testDataFiles\Schemas\ValidationError_schema.json"".
2023-01-22 15:46:13.075 &amp#27;[32m INFO&amp#27;[m &amp#27;[35m[@503 - main]&amp#27;[m &amp#27;[36mcom.shaft.tools.io.ReportManager&amp#27;[m : Successfully created attachment "Validation Test Data - Expected JSON Value"
2023-01-22 15:46:13.076 &amp#27;[32m INFO&amp#27;[m &amp#27;[35m[@503 - main]&amp#27;[m &amp#27;[36mcom.shaft.tools.io.ReportManager&amp#27;[m : Successfully created attachment "Validation Test Data - Actual JSON Value"
2023-01-22 15:46:13.077 &amp#27;[32m INFO&amp#27;[m &amp#27;[35m[@503 - main]&amp#27;[m &amp#27;[36mcom.shaft.tools.io.ReportManager&amp#27;[m : Successfully created attachment "SHAFT Engine Logs - Current Method log: Update_Policy_With_Missing_Keys_TC"
]]></system-out>
  </testcase>
  <testcase name="Update_Policy_With_Missing_Keys_TC[[Ljava.lang.Object;@7e86965f](7)" classname="SteeringCompanyAPI_TestCases.Test_Policies_Cases" time="1.398">
    <system-out><![CDATA[2023-01-22 15:46:13.081 &amp#27;[32m INFO&amp#27;[m &amp#27;[35m[@534 - main]&amp#27;[m &amp#27;[36mcom.shaft.tools.io.ReportManager&amp#27;[m : 
################################################################################################################################################
Starting Execution:	"258 out of 70" test cases in the current suite
Test Method:		"SteeringCompanyAPI_TestCases.Test_Policies_Cases.Update_Policy_With_Missing_Keys_TC"
Test Description:	"TC051 -Policy- Perform Update Policy with Missing Keys"
################################################################################################################################################
2023-01-22 15:46:13.082 &amp#27;[32m INFO&amp#27;[m &amp#27;[35m[@503 - main]&amp#27;[m &amp#27;[36mcom.shaft.tools.io.ReportManager&amp#27;[m : File Action "DoesFileExist" successfully performed. With the following test data "File Path: "SteeringCompanyAPI_TestData/SteeringCompanyAPI_TestData.xlsx"".
2023-01-22 15:46:13.136 &amp#27;[32m INFO&amp#27;[m &amp#27;[35m[@503 - main]&amp#27;[m &amp#27;[36mcom.shaft.tools.io.ReportManager&amp#27;[m : Successfully created attachment "Test Data - Excel"
2023-01-22 15:46:13.794 &amp#27;[32m INFO&amp#27;[m &amp#27;[35m[@503 - main]&amp#27;[m &amp#27;[36mcom.shaft.tools.io.ReportManager&amp#27;[m : Response status code: "200", status line: "HTTP/1.1 200 OK"
2023-01-22 15:46:13.810 &amp#27;[32m INFO&amp#27;[m &amp#27;[35m[@503 - main]&amp#27;[m &amp#27;[36mcom.shaft.tools.io.ReportManager&amp#27;[m : Successfully created attachment "API Request - Specifications"
2023-01-22 15:46:13.811 &amp#27;[32m INFO&amp#27;[m &amp#27;[35m[@503 - main]&amp#27;[m &amp#27;[36mcom.shaft.tools.io.ReportManager&amp#27;[m : Successfully created attachment "API Request - Body"
2023-01-22 15:46:13.814 &amp#27;[32m INFO&amp#27;[m &amp#27;[35m[@503 - main]&amp#27;[m &amp#27;[36mcom.shaft.tools.io.ReportManager&amp#27;[m : Successfully created attachment "API Response - JSON Body"
2023-01-22 15:46:13.841 &amp#27;[32m INFO&amp#27;[m &amp#27;[35m[@503 - main]&amp#27;[m &amp#27;[36mcom.shaft.tools.io.ReportManager&amp#27;[m : File Action "DoesFileExist" successfully performed. With the following test data "File Path: "SteeringCompanyAPI_TestData/SteeringCompanyAPI_TestData.xlsx"".
2023-01-22 15:46:13.877 &amp#27;[32m INFO&amp#27;[m &amp#27;[35m[@503 - main]&amp#27;[m &amp#27;[36mcom.shaft.tools.io.ReportManager&amp#27;[m : Successfully created attachment "Test Data - Excel"
2023-01-22 15:46:13.878 &amp#27;[32m INFO&amp#27;[m &amp#27;[35m[@503 - main]&amp#27;[m &amp#27;[36mcom.shaft.tools.io.ReportManager&amp#27;[m : File Action "DoesFileExist" successfully performed. With the following test data "File Path: "SteeringCompanyAPI_TestData/SteeringCompanyAPI_TestData.xlsx"".
2023-01-22 15:46:13.931 &amp#27;[32m INFO&amp#27;[m &amp#27;[35m[@503 - main]&amp#27;[m &amp#27;[36mcom.shaft.tools.io.ReportManager&amp#27;[m : Successfully created attachment "Test Data - Excel"
2023-01-22 15:46:13.931 &amp#27;[32m INFO&amp#27;[m &amp#27;[35m[@503 - main]&amp#27;[m &amp#27;[36mcom.shaft.tools.io.ReportManager&amp#27;[m : File Action "DoesFileExist" successfully performed. With the following test data "File Path: "SteeringCompanyAPI_TestData/SteeringCompanyAPI_TestData.xlsx"".
2023-01-22 15:46:13.968 &amp#27;[32m INFO&amp#27;[m &amp#27;[35m[@503 - main]&amp#27;[m &amp#27;[36mcom.shaft.tools.io.ReportManager&amp#27;[m : Successfully created attachment "Test Data - Excel"
2023-01-22 15:46:14.433 &amp#27;[32m INFO&amp#27;[m &amp#27;[35m[@503 - main]&amp#27;[m &amp#27;[36mcom.shaft.tools.io.ReportManager&amp#27;[m : Response status code: "422", status line: "HTTP/1.1 422 "
2023-01-22 15:46:14.455 &amp#27;[32m INFO&amp#27;[m &amp#27;[35m[@503 - main]&amp#27;[m &amp#27;[36mcom.shaft.tools.io.ReportManager&amp#27;[m : Successfully created attachment "API Request - Specifications"
2023-01-22 15:46:14.457 &amp#27;[32m INFO&amp#27;[m &amp#27;[35m[@503 - main]&amp#27;[m &amp#27;[36mcom.shaft.tools.io.ReportManager&amp#27;[m : Successfully created attachment "API Request - JSON Body"
2023-01-22 15:46:14.458 &amp#27;[32m INFO&amp#27;[m &amp#27;[35m[@503 - main]&amp#27;[m &amp#27;[36mcom.shaft.tools.io.ReportManager&amp#27;[m : Successfully created attachment "API Response - JSON Body"
2023-01-22 15:46:14.460 &amp#27;[32m INFO&amp#27;[m &amp#27;[35m[@503 - main]&amp#27;[m &amp#27;[36mcom.shaft.tools.io.ReportManager&amp#27;[m : File Action "DoesFileExist" successfully performed. With the following test data "File Path: "Schemas/ValidationError_schema.json"".
2023-01-22 15:46:14.460 &amp#27;[32m INFO&amp#27;[m &amp#27;[35m[@503 - main]&amp#27;[m &amp#27;[36mcom.shaft.tools.io.ReportManager&amp#27;[m : File Action "DoesFileExist" successfully performed. With the following test data "File Path: "src/test/resources/testDataFiles/Schemas/ValidationError_schema.json"".
2023-01-22 15:46:14.461 &amp#27;[32m INFO&amp#27;[m &amp#27;[35m[@503 - main]&amp#27;[m &amp#27;[36mcom.shaft.tools.io.ReportManager&amp#27;[m : File Action "GetAbsolutePath" successfully performed. With the following test data "Relative Folder Path: "src/test/resources/testDataFiles/Schemas/ValidationError_schema.json"".
2023-01-22 15:46:14.465 &amp#27;[32m INFO&amp#27;[m &amp#27;[35m[@503 - main]&amp#27;[m &amp#27;[36mcom.shaft.tools.io.ReportManager&amp#27;[m : File Action "DoesFileExist" successfully performed. With the following test data "File Path: "C:\eclipse-workspace\MyProjects\TASystemsAPIs\src\test\resources\testDataFiles\Schemas\ValidationError_schema.json"".
2023-01-22 15:46:14.465 &amp#27;[32m INFO&amp#27;[m &amp#27;[35m[@503 - main]&amp#27;[m &amp#27;[36mcom.shaft.tools.io.ReportManager&amp#27;[m : File Action "GetAbsolutePath" successfully performed. With the following test data "Relative Folder Path: "C:\eclipse-workspace\MyProjects\TASystemsAPIs\src\test\resources\testDataFiles\Schemas\ValidationError_schema.json"".
2023-01-22 15:46:14.467 &amp#27;[32m INFO&amp#27;[m &amp#27;[35m[@503 - main]&amp#27;[m &amp#27;[36mcom.shaft.tools.io.ReportManager&amp#27;[m : File Action "ReadFile" successfully performed. With the following test data "File Path: "C:\eclipse-workspace\MyProjects\TASystemsAPIs\src\test\resources\testDataFiles\Schemas\ValidationError_schema.json"".
2023-01-22 15:46:14.469 &amp#27;[32m INFO&amp#27;[m &amp#27;[35m[@503 - main]&amp#27;[m &amp#27;[36mcom.shaft.tools.io.ReportManager&amp#27;[m : Successfully created attachment "Validation Test Data - Expected JSON Value"
2023-01-22 15:46:14.472 &amp#27;[32m INFO&amp#27;[m &amp#27;[35m[@503 - main]&amp#27;[m &amp#27;[36mcom.shaft.tools.io.ReportManager&amp#27;[m : Successfully created attachment "Validation Test Data - Actual JSON Value"
2023-01-22 15:46:14.473 &amp#27;[32m INFO&amp#27;[m &amp#27;[35m[@503 - main]&amp#27;[m &amp#27;[36mcom.shaft.tools.io.ReportManager&amp#27;[m : Successfully created attachment "SHAFT Engine Logs - Current Method log: Update_Policy_With_Missing_Keys_TC"
]]></system-out>
  </testcase>
  <testcase name="Update_Policy_With_Missing_Keys_TC[[Ljava.lang.Object;@ddfd7b1](8)" classname="SteeringCompanyAPI_TestCases.Test_Policies_Cases" time="1.481">
    <system-out><![CDATA[2023-01-22 15:46:14.479 &amp#27;[32m INFO&amp#27;[m &amp#27;[35m[@534 - main]&amp#27;[m &amp#27;[36mcom.shaft.tools.io.ReportManager&amp#27;[m : 
################################################################################################################################################
Starting Execution:	"259 out of 70" test cases in the current suite
Test Method:		"SteeringCompanyAPI_TestCases.Test_Policies_Cases.Update_Policy_With_Missing_Keys_TC"
Test Description:	"TC051 -Policy- Perform Update Policy with Missing Keys"
################################################################################################################################################
2023-01-22 15:46:14.480 &amp#27;[32m INFO&amp#27;[m &amp#27;[35m[@503 - main]&amp#27;[m &amp#27;[36mcom.shaft.tools.io.ReportManager&amp#27;[m : File Action "DoesFileExist" successfully performed. With the following test data "File Path: "SteeringCompanyAPI_TestData/SteeringCompanyAPI_TestData.xlsx"".
2023-01-22 15:46:14.546 &amp#27;[32m INFO&amp#27;[m &amp#27;[35m[@503 - main]&amp#27;[m &amp#27;[36mcom.shaft.tools.io.ReportManager&amp#27;[m : Successfully created attachment "Test Data - Excel"
2023-01-22 15:46:15.176 &amp#27;[32m INFO&amp#27;[m &amp#27;[35m[@503 - main]&amp#27;[m &amp#27;[36mcom.shaft.tools.io.ReportManager&amp#27;[m : Response status code: "200", status line: "HTTP/1.1 200 OK"
2023-01-22 15:46:15.195 &amp#27;[32m INFO&amp#27;[m &amp#27;[35m[@503 - main]&amp#27;[m &amp#27;[36mcom.shaft.tools.io.ReportManager&amp#27;[m : Successfully created attachment "API Request - Specifications"
2023-01-22 15:46:15.196 &amp#27;[32m INFO&amp#27;[m &amp#27;[35m[@503 - main]&amp#27;[m &amp#27;[36mcom.shaft.tools.io.ReportManager&amp#27;[m : Successfully created attachment "API Request - Body"
2023-01-22 15:46:15.198 &amp#27;[32m INFO&amp#27;[m &amp#27;[35m[@503 - main]&amp#27;[m &amp#27;[36mcom.shaft.tools.io.ReportManager&amp#27;[m : Successfully created attachment "API Response - JSON Body"
2023-01-22 15:46:15.214 &amp#27;[32m INFO&amp#27;[m &amp#27;[35m[@503 - main]&amp#27;[m &amp#27;[36mcom.shaft.tools.io.ReportManager&amp#27;[m : File Action "DoesFileExist" successfully performed. With the following test data "File Path: "SteeringCompanyAPI_TestData/SteeringCompanyAPI_TestData.xlsx"".
2023-01-22 15:46:15.277 &amp#27;[32m INFO&amp#27;[m &amp#27;[35m[@503 - main]&amp#27;[m &amp#27;[36mcom.shaft.tools.io.ReportManager&amp#27;[m : Successfully created attachment "Test Data - Excel"
2023-01-22 15:46:15.279 &amp#27;[32m INFO&amp#27;[m &amp#27;[35m[@503 - main]&amp#27;[m &amp#27;[36mcom.shaft.tools.io.ReportManager&amp#27;[m : File Action "DoesFileExist" successfully performed. With the following test data "File Path: "SteeringCompanyAPI_TestData/SteeringCompanyAPI_TestData.xlsx"".
2023-01-22 15:46:15.342 &amp#27;[32m INFO&amp#27;[m &amp#27;[35m[@503 - main]&amp#27;[m &amp#27;[36mcom.shaft.tools.io.ReportManager&amp#27;[m : Successfully created attachment "Test Data - Excel"
2023-01-22 15:46:15.342 &amp#27;[32m INFO&amp#27;[m &amp#27;[35m[@503 - main]&amp#27;[m &amp#27;[36mcom.shaft.tools.io.ReportManager&amp#27;[m : File Action "DoesFileExist" successfully performed. With the following test data "File Path: "SteeringCompanyAPI_TestData/SteeringCompanyAPI_TestData.xlsx"".
2023-01-22 15:46:15.386 &amp#27;[32m INFO&amp#27;[m &amp#27;[35m[@503 - main]&amp#27;[m &amp#27;[36mcom.shaft.tools.io.ReportManager&amp#27;[m : Successfully created attachment "Test Data - Excel"
2023-01-22 15:46:15.922 &amp#27;[32m INFO&amp#27;[m &amp#27;[35m[@503 - main]&amp#27;[m &amp#27;[36mcom.shaft.tools.io.ReportManager&amp#27;[m : Response status code: "422", status line: "HTTP/1.1 422 "
2023-01-22 15:46:15.935 &amp#27;[32m INFO&amp#27;[m &amp#27;[35m[@503 - main]&amp#27;[m &amp#27;[36mcom.shaft.tools.io.ReportManager&amp#27;[m : Successfully created attachment "API Request - Specifications"
2023-01-22 15:46:15.939 &amp#27;[32m INFO&amp#27;[m &amp#27;[35m[@503 - main]&amp#27;[m &amp#27;[36mcom.shaft.tools.io.ReportManager&amp#27;[m : Successfully created attachment "API Request - JSON Body"
2023-01-22 15:46:15.941 &amp#27;[32m INFO&amp#27;[m &amp#27;[35m[@503 - main]&amp#27;[m &amp#27;[36mcom.shaft.tools.io.ReportManager&amp#27;[m : Successfully created attachment "API Response - JSON Body"
2023-01-22 15:46:15.943 &amp#27;[32m INFO&amp#27;[m &amp#27;[35m[@503 - main]&amp#27;[m &amp#27;[36mcom.shaft.tools.io.ReportManager&amp#27;[m : File Action "DoesFileExist" successfully performed. With the following test data "File Path: "Schemas/ValidationError_schema.json"".
2023-01-22 15:46:15.943 &amp#27;[32m INFO&amp#27;[m &amp#27;[35m[@503 - main]&amp#27;[m &amp#27;[36mcom.shaft.tools.io.ReportManager&amp#27;[m : File Action "DoesFileExist" successfully performed. With the following test data "File Path: "src/test/resources/testDataFiles/Schemas/ValidationError_schema.json"".
2023-01-22 15:46:15.943 &amp#27;[32m INFO&amp#27;[m &amp#27;[35m[@503 - main]&amp#27;[m &amp#27;[36mcom.shaft.tools.io.ReportManager&amp#27;[m : File Action "GetAbsolutePath" successfully performed. With the following test data "Relative Folder Path: "src/test/resources/testDataFiles/Schemas/ValidationError_schema.json"".
2023-01-22 15:46:15.947 &amp#27;[32m INFO&amp#27;[m &amp#27;[35m[@503 - main]&amp#27;[m &amp#27;[36mcom.shaft.tools.io.ReportManager&amp#27;[m : File Action "DoesFileExist" successfully performed. With the following test data "File Path: "C:\eclipse-workspace\MyProjects\TASystemsAPIs\src\test\resources\testDataFiles\Schemas\ValidationError_schema.json"".
2023-01-22 15:46:15.948 &amp#27;[32m INFO&amp#27;[m &amp#27;[35m[@503 - main]&amp#27;[m &amp#27;[36mcom.shaft.tools.io.ReportManager&amp#27;[m : File Action "GetAbsolutePath" successfully performed. With the following test data "Relative Folder Path: "C:\eclipse-workspace\MyProjects\TASystemsAPIs\src\test\resources\testDataFiles\Schemas\ValidationError_schema.json"".
2023-01-22 15:46:15.948 &amp#27;[32m INFO&amp#27;[m &amp#27;[35m[@503 - main]&amp#27;[m &amp#27;[36mcom.shaft.tools.io.ReportManager&amp#27;[m : File Action "ReadFile" successfully performed. With the following test data "File Path: "C:\eclipse-workspace\MyProjects\TASystemsAPIs\src\test\resources\testDataFiles\Schemas\ValidationError_schema.json"".
2023-01-22 15:46:15.952 &amp#27;[32m INFO&amp#27;[m &amp#27;[35m[@503 - main]&amp#27;[m &amp#27;[36mcom.shaft.tools.io.ReportManager&amp#27;[m : Successfully created attachment "Validation Test Data - Expected JSON Value"
2023-01-22 15:46:15.953 &amp#27;[32m INFO&amp#27;[m &amp#27;[35m[@503 - main]&amp#27;[m &amp#27;[36mcom.shaft.tools.io.ReportManager&amp#27;[m : Successfully created attachment "Validation Test Data - Actual JSON Value"
2023-01-22 15:46:15.956 &amp#27;[32m INFO&amp#27;[m &amp#27;[35m[@503 - main]&amp#27;[m &amp#27;[36mcom.shaft.tools.io.ReportManager&amp#27;[m : Successfully created attachment "SHAFT Engine Logs - Current Method log: Update_Policy_With_Missing_Keys_TC"
]]></system-out>
  </testcase>
  <testcase name="Update_Policy_With_Missing_Keys_TC[[Ljava.lang.Object;@689d12f0](9)" classname="SteeringCompanyAPI_TestCases.Test_Policies_Cases" time="1.329">
    <system-out><![CDATA[2023-01-22 15:46:15.960 &amp#27;[32m INFO&amp#27;[m &amp#27;[35m[@534 - main]&amp#27;[m &amp#27;[36mcom.shaft.tools.io.ReportManager&amp#27;[m : 
################################################################################################################################################
Starting Execution:	"260 out of 70" test cases in the current suite
Test Method:		"SteeringCompanyAPI_TestCases.Test_Policies_Cases.Update_Policy_With_Missing_Keys_TC"
Test Description:	"TC051 -Policy- Perform Update Policy with Missing Keys"
################################################################################################################################################
2023-01-22 15:46:15.960 &amp#27;[32m INFO&amp#27;[m &amp#27;[35m[@503 - main]&amp#27;[m &amp#27;[36mcom.shaft.tools.io.ReportManager&amp#27;[m : File Action "DoesFileExist" successfully performed. With the following test data "File Path: "SteeringCompanyAPI_TestData/SteeringCompanyAPI_TestData.xlsx"".
2023-01-22 15:46:16.010 &amp#27;[32m INFO&amp#27;[m &amp#27;[35m[@503 - main]&amp#27;[m &amp#27;[36mcom.shaft.tools.io.ReportManager&amp#27;[m : Successfully created attachment "Test Data - Excel"
2023-01-22 15:46:16.597 &amp#27;[32m INFO&amp#27;[m &amp#27;[35m[@503 - main]&amp#27;[m &amp#27;[36mcom.shaft.tools.io.ReportManager&amp#27;[m : Response status code: "200", status line: "HTTP/1.1 200 OK"
2023-01-22 15:46:16.617 &amp#27;[32m INFO&amp#27;[m &amp#27;[35m[@503 - main]&amp#27;[m &amp#27;[36mcom.shaft.tools.io.ReportManager&amp#27;[m : Successfully created attachment "API Request - Specifications"
2023-01-22 15:46:16.618 &amp#27;[32m INFO&amp#27;[m &amp#27;[35m[@503 - main]&amp#27;[m &amp#27;[36mcom.shaft.tools.io.ReportManager&amp#27;[m : Successfully created attachment "API Request - Body"
2023-01-22 15:46:16.620 &amp#27;[32m INFO&amp#27;[m &amp#27;[35m[@503 - main]&amp#27;[m &amp#27;[36mcom.shaft.tools.io.ReportManager&amp#27;[m : Successfully created attachment "API Response - JSON Body"
2023-01-22 15:46:16.637 &amp#27;[32m INFO&amp#27;[m &amp#27;[35m[@503 - main]&amp#27;[m &amp#27;[36mcom.shaft.tools.io.ReportManager&amp#27;[m : File Action "DoesFileExist" successfully performed. With the following test data "File Path: "SteeringCompanyAPI_TestData/SteeringCompanyAPI_TestData.xlsx"".
2023-01-22 15:46:16.679 &amp#27;[32m INFO&amp#27;[m &amp#27;[35m[@503 - main]&amp#27;[m &amp#27;[36mcom.shaft.tools.io.ReportManager&amp#27;[m : Successfully created attachment "Test Data - Excel"
2023-01-22 15:46:16.679 &amp#27;[32m INFO&amp#27;[m &amp#27;[35m[@503 - main]&amp#27;[m &amp#27;[36mcom.shaft.tools.io.ReportManager&amp#27;[m : File Action "DoesFileExist" successfully performed. With the following test data "File Path: "SteeringCompanyAPI_TestData/SteeringCompanyAPI_TestData.xlsx"".
2023-01-22 15:46:16.726 &amp#27;[32m INFO&amp#27;[m &amp#27;[35m[@503 - main]&amp#27;[m &amp#27;[36mcom.shaft.tools.io.ReportManager&amp#27;[m : Successfully created attachment "Test Data - Excel"
2023-01-22 15:46:16.726 &amp#27;[32m INFO&amp#27;[m &amp#27;[35m[@503 - main]&amp#27;[m &amp#27;[36mcom.shaft.tools.io.ReportManager&amp#27;[m : File Action "DoesFileExist" successfully performed. With the following test data "File Path: "SteeringCompanyAPI_TestData/SteeringCompanyAPI_TestData.xlsx"".
2023-01-22 15:46:16.776 &amp#27;[32m INFO&amp#27;[m &amp#27;[35m[@503 - main]&amp#27;[m &amp#27;[36mcom.shaft.tools.io.ReportManager&amp#27;[m : Successfully created attachment "Test Data - Excel"
2023-01-22 15:46:17.249 &amp#27;[32m INFO&amp#27;[m &amp#27;[35m[@503 - main]&amp#27;[m &amp#27;[36mcom.shaft.tools.io.ReportManager&amp#27;[m : Response status code: "422", status line: "HTTP/1.1 422 "
2023-01-22 15:46:17.267 &amp#27;[32m INFO&amp#27;[m &amp#27;[35m[@503 - main]&amp#27;[m &amp#27;[36mcom.shaft.tools.io.ReportManager&amp#27;[m : Successfully created attachment "API Request - Specifications"
2023-01-22 15:46:17.268 &amp#27;[32m INFO&amp#27;[m &amp#27;[35m[@503 - main]&amp#27;[m &amp#27;[36mcom.shaft.tools.io.ReportManager&amp#27;[m : Successfully created attachment "API Request - JSON Body"
2023-01-22 15:46:17.271 &amp#27;[32m INFO&amp#27;[m &amp#27;[35m[@503 - main]&amp#27;[m &amp#27;[36mcom.shaft.tools.io.ReportManager&amp#27;[m : Successfully created attachment "API Response - JSON Body"
2023-01-22 15:46:17.273 &amp#27;[32m INFO&amp#27;[m &amp#27;[35m[@503 - main]&amp#27;[m &amp#27;[36mcom.shaft.tools.io.ReportManager&amp#27;[m : File Action "DoesFileExist" successfully performed. With the following test data "File Path: "Schemas/ValidationError_schema.json"".
2023-01-22 15:46:17.273 &amp#27;[32m INFO&amp#27;[m &amp#27;[35m[@503 - main]&amp#27;[m &amp#27;[36mcom.shaft.tools.io.ReportManager&amp#27;[m : File Action "DoesFileExist" successfully performed. With the following test data "File Path: "src/test/resources/testDataFiles/Schemas/ValidationError_schema.json"".
2023-01-22 15:46:17.273 &amp#27;[32m INFO&amp#27;[m &amp#27;[35m[@503 - main]&amp#27;[m &amp#27;[36mcom.shaft.tools.io.ReportManager&amp#27;[m : File Action "GetAbsolutePath" successfully performed. With the following test data "Relative Folder Path: "src/test/resources/testDataFiles/Schemas/ValidationError_schema.json"".
2023-01-22 15:46:17.278 &amp#27;[32m INFO&amp#27;[m &amp#27;[35m[@503 - main]&amp#27;[m &amp#27;[36mcom.shaft.tools.io.ReportManager&amp#27;[m : File Action "DoesFileExist" successfully performed. With the following test data "File Path: "C:\eclipse-workspace\MyProjects\TASystemsAPIs\src\test\resources\testDataFiles\Schemas\ValidationError_schema.json"".
2023-01-22 15:46:17.278 &amp#27;[32m INFO&amp#27;[m &amp#27;[35m[@503 - main]&amp#27;[m &amp#27;[36mcom.shaft.tools.io.ReportManager&amp#27;[m : File Action "GetAbsolutePath" successfully performed. With the following test data "Relative Folder Path: "C:\eclipse-workspace\MyProjects\TASystemsAPIs\src\test\resources\testDataFiles\Schemas\ValidationError_schema.json"".
2023-01-22 15:46:17.279 &amp#27;[32m INFO&amp#27;[m &amp#27;[35m[@503 - main]&amp#27;[m &amp#27;[36mcom.shaft.tools.io.ReportManager&amp#27;[m : File Action "ReadFile" successfully performed. With the following test data "File Path: "C:\eclipse-workspace\MyProjects\TASystemsAPIs\src\test\resources\testDataFiles\Schemas\ValidationError_schema.json"".
2023-01-22 15:46:17.281 &amp#27;[32m INFO&amp#27;[m &amp#27;[35m[@503 - main]&amp#27;[m &amp#27;[36mcom.shaft.tools.io.ReportManager&amp#27;[m : Successfully created attachment "Validation Test Data - Expected JSON Value"
2023-01-22 15:46:17.283 &amp#27;[32m INFO&amp#27;[m &amp#27;[35m[@503 - main]&amp#27;[m &amp#27;[36mcom.shaft.tools.io.ReportManager&amp#27;[m : Successfully created attachment "Validation Test Data - Actual JSON Value"
2023-01-22 15:46:17.285 &amp#27;[32m INFO&amp#27;[m &amp#27;[35m[@503 - main]&amp#27;[m &amp#27;[36mcom.shaft.tools.io.ReportManager&amp#27;[m : Successfully created attachment "SHAFT Engine Logs - Current Method log: Update_Policy_With_Missing_Keys_TC"
]]></system-out>
  </testcase>
  <testcase name="Update_Policy_With_Missing_Keys_TC[[Ljava.lang.Object;@51e203fe](10)" classname="SteeringCompanyAPI_TestCases.Test_Policies_Cases" time="1.311">
    <system-out><![CDATA[2023-01-22 15:46:17.289 &amp#27;[32m INFO&amp#27;[m &amp#27;[35m[@534 - main]&amp#27;[m &amp#27;[36mcom.shaft.tools.io.ReportManager&amp#27;[m : 
################################################################################################################################################
Starting Execution:	"261 out of 70" test cases in the current suite
Test Method:		"SteeringCompanyAPI_TestCases.Test_Policies_Cases.Update_Policy_With_Missing_Keys_TC"
Test Description:	"TC051 -Policy- Perform Update Policy with Missing Keys"
################################################################################################################################################
2023-01-22 15:46:17.290 &amp#27;[32m INFO&amp#27;[m &amp#27;[35m[@503 - main]&amp#27;[m &amp#27;[36mcom.shaft.tools.io.ReportManager&amp#27;[m : File Action "DoesFileExist" successfully performed. With the following test data "File Path: "SteeringCompanyAPI_TestData/SteeringCompanyAPI_TestData.xlsx"".
2023-01-22 15:46:17.345 &amp#27;[32m INFO&amp#27;[m &amp#27;[35m[@503 - main]&amp#27;[m &amp#27;[36mcom.shaft.tools.io.ReportManager&amp#27;[m : Successfully created attachment "Test Data - Excel"
2023-01-22 15:46:17.924 &amp#27;[32m INFO&amp#27;[m &amp#27;[35m[@503 - main]&amp#27;[m &amp#27;[36mcom.shaft.tools.io.ReportManager&amp#27;[m : Response status code: "200", status line: "HTTP/1.1 200 OK"
2023-01-22 15:46:17.941 &amp#27;[32m INFO&amp#27;[m &amp#27;[35m[@503 - main]&amp#27;[m &amp#27;[36mcom.shaft.tools.io.ReportManager&amp#27;[m : Successfully created attachment "API Request - Specifications"
2023-01-22 15:46:17.945 &amp#27;[32m INFO&amp#27;[m &amp#27;[35m[@503 - main]&amp#27;[m &amp#27;[36mcom.shaft.tools.io.ReportManager&amp#27;[m : Successfully created attachment "API Request - Body"
2023-01-22 15:46:17.947 &amp#27;[32m INFO&amp#27;[m &amp#27;[35m[@503 - main]&amp#27;[m &amp#27;[36mcom.shaft.tools.io.ReportManager&amp#27;[m : Successfully created attachment "API Response - JSON Body"
2023-01-22 15:46:17.962 &amp#27;[32m INFO&amp#27;[m &amp#27;[35m[@503 - main]&amp#27;[m &amp#27;[36mcom.shaft.tools.io.ReportManager&amp#27;[m : File Action "DoesFileExist" successfully performed. With the following test data "File Path: "SteeringCompanyAPI_TestData/SteeringCompanyAPI_TestData.xlsx"".
2023-01-22 15:46:18.012 &amp#27;[32m INFO&amp#27;[m &amp#27;[35m[@503 - main]&amp#27;[m &amp#27;[36mcom.shaft.tools.io.ReportManager&amp#27;[m : Successfully created attachment "Test Data - Excel"
2023-01-22 15:46:18.012 &amp#27;[32m INFO&amp#27;[m &amp#27;[35m[@503 - main]&amp#27;[m &amp#27;[36mcom.shaft.tools.io.ReportManager&amp#27;[m : File Action "DoesFileExist" successfully performed. With the following test data "File Path: "SteeringCompanyAPI_TestData/SteeringCompanyAPI_TestData.xlsx"".
2023-01-22 15:46:18.046 &amp#27;[32m INFO&amp#27;[m &amp#27;[35m[@503 - main]&amp#27;[m &amp#27;[36mcom.shaft.tools.io.ReportManager&amp#27;[m : Successfully created attachment "Test Data - Excel"
2023-01-22 15:46:18.046 &amp#27;[32m INFO&amp#27;[m &amp#27;[35m[@503 - main]&amp#27;[m &amp#27;[36mcom.shaft.tools.io.ReportManager&amp#27;[m : File Action "DoesFileExist" successfully performed. With the following test data "File Path: "SteeringCompanyAPI_TestData/SteeringCompanyAPI_TestData.xlsx"".
2023-01-22 15:46:18.096 &amp#27;[32m INFO&amp#27;[m &amp#27;[35m[@503 - main]&amp#27;[m &amp#27;[36mcom.shaft.tools.io.ReportManager&amp#27;[m : Successfully created attachment "Test Data - Excel"
2023-01-22 15:46:18.567 &amp#27;[32m INFO&amp#27;[m &amp#27;[35m[@503 - main]&amp#27;[m &amp#27;[36mcom.shaft.tools.io.ReportManager&amp#27;[m : Response status code: "422", status line: "HTTP/1.1 422 "
2023-01-22 15:46:18.580 &amp#27;[32m INFO&amp#27;[m &amp#27;[35m[@503 - main]&amp#27;[m &amp#27;[36mcom.shaft.tools.io.ReportManager&amp#27;[m : Successfully created attachment "API Request - Specifications"
2023-01-22 15:46:18.581 &amp#27;[32m INFO&amp#27;[m &amp#27;[35m[@503 - main]&amp#27;[m &amp#27;[36mcom.shaft.tools.io.ReportManager&amp#27;[m : Successfully created attachment "API Request - JSON Body"
2023-01-22 15:46:18.581 &amp#27;[32m INFO&amp#27;[m &amp#27;[35m[@503 - main]&amp#27;[m &amp#27;[36mcom.shaft.tools.io.ReportManager&amp#27;[m : Successfully created attachment "API Response - JSON Body"
2023-01-22 15:46:18.583 &amp#27;[32m INFO&amp#27;[m &amp#27;[35m[@503 - main]&amp#27;[m &amp#27;[36mcom.shaft.tools.io.ReportManager&amp#27;[m : File Action "DoesFileExist" successfully performed. With the following test data "File Path: "Schemas/ValidationError_schema.json"".
2023-01-22 15:46:18.584 &amp#27;[32m INFO&amp#27;[m &amp#27;[35m[@503 - main]&amp#27;[m &amp#27;[36mcom.shaft.tools.io.ReportManager&amp#27;[m : File Action "DoesFileExist" successfully performed. With the following test data "File Path: "src/test/resources/testDataFiles/Schemas/ValidationError_schema.json"".
2023-01-22 15:46:18.584 &amp#27;[32m INFO&amp#27;[m &amp#27;[35m[@503 - main]&amp#27;[m &amp#27;[36mcom.shaft.tools.io.ReportManager&amp#27;[m : File Action "GetAbsolutePath" successfully performed. With the following test data "Relative Folder Path: "src/test/resources/testDataFiles/Schemas/ValidationError_schema.json"".
2023-01-22 15:46:18.587 &amp#27;[32m INFO&amp#27;[m &amp#27;[35m[@503 - main]&amp#27;[m &amp#27;[36mcom.shaft.tools.io.ReportManager&amp#27;[m : File Action "DoesFileExist" successfully performed. With the following test data "File Path: "C:\eclipse-workspace\MyProjects\TASystemsAPIs\src\test\resources\testDataFiles\Schemas\ValidationError_schema.json"".
2023-01-22 15:46:18.587 &amp#27;[32m INFO&amp#27;[m &amp#27;[35m[@503 - main]&amp#27;[m &amp#27;[36mcom.shaft.tools.io.ReportManager&amp#27;[m : File Action "GetAbsolutePath" successfully performed. With the following test data "Relative Folder Path: "C:\eclipse-workspace\MyProjects\TASystemsAPIs\src\test\resources\testDataFiles\Schemas\ValidationError_schema.json"".
2023-01-22 15:46:18.587 &amp#27;[32m INFO&amp#27;[m &amp#27;[35m[@503 - main]&amp#27;[m &amp#27;[36mcom.shaft.tools.io.ReportManager&amp#27;[m : File Action "ReadFile" successfully performed. With the following test data "File Path: "C:\eclipse-workspace\MyProjects\TASystemsAPIs\src\test\resources\testDataFiles\Schemas\ValidationError_schema.json"".
2023-01-22 15:46:18.592 &amp#27;[32m INFO&amp#27;[m &amp#27;[35m[@503 - main]&amp#27;[m &amp#27;[36mcom.shaft.tools.io.ReportManager&amp#27;[m : Successfully created attachment "Validation Test Data - Expected JSON Value"
2023-01-22 15:46:18.594 &amp#27;[32m INFO&amp#27;[m &amp#27;[35m[@503 - main]&amp#27;[m &amp#27;[36mcom.shaft.tools.io.ReportManager&amp#27;[m : Successfully created attachment "Validation Test Data - Actual JSON Value"
2023-01-22 15:46:18.596 &amp#27;[32m INFO&amp#27;[m &amp#27;[35m[@503 - main]&amp#27;[m &amp#27;[36mcom.shaft.tools.io.ReportManager&amp#27;[m : Successfully created attachment "SHAFT Engine Logs - Current Method log: Update_Policy_With_Missing_Keys_TC"
]]></system-out>
  </testcase>
  <testcase name="Update_Policy_With_Missing_Keys_TC[[Ljava.lang.Object;@e14f8a4](11)" classname="SteeringCompanyAPI_TestCases.Test_Policies_Cases" time="1.565">
    <system-out><![CDATA[2023-01-22 15:46:18.603 &amp#27;[32m INFO&amp#27;[m &amp#27;[35m[@534 - main]&amp#27;[m &amp#27;[36mcom.shaft.tools.io.ReportManager&amp#27;[m : 
################################################################################################################################################
Starting Execution:	"262 out of 70" test cases in the current suite
Test Method:		"SteeringCompanyAPI_TestCases.Test_Policies_Cases.Update_Policy_With_Missing_Keys_TC"
Test Description:	"TC051 -Policy- Perform Update Policy with Missing Keys"
################################################################################################################################################
2023-01-22 15:46:18.604 &amp#27;[32m INFO&amp#27;[m &amp#27;[35m[@503 - main]&amp#27;[m &amp#27;[36mcom.shaft.tools.io.ReportManager&amp#27;[m : File Action "DoesFileExist" successfully performed. With the following test data "File Path: "SteeringCompanyAPI_TestData/SteeringCompanyAPI_TestData.xlsx"".
2023-01-22 15:46:18.673 &amp#27;[32m INFO&amp#27;[m &amp#27;[35m[@503 - main]&amp#27;[m &amp#27;[36mcom.shaft.tools.io.ReportManager&amp#27;[m : Successfully created attachment "Test Data - Excel"
2023-01-22 15:46:19.416 &amp#27;[32m INFO&amp#27;[m &amp#27;[35m[@503 - main]&amp#27;[m &amp#27;[36mcom.shaft.tools.io.ReportManager&amp#27;[m : Response status code: "200", status line: "HTTP/1.1 200 OK"
2023-01-22 15:46:19.430 &amp#27;[32m INFO&amp#27;[m &amp#27;[35m[@503 - main]&amp#27;[m &amp#27;[36mcom.shaft.tools.io.ReportManager&amp#27;[m : Successfully created attachment "API Request - Specifications"
2023-01-22 15:46:19.431 &amp#27;[32m INFO&amp#27;[m &amp#27;[35m[@503 - main]&amp#27;[m &amp#27;[36mcom.shaft.tools.io.ReportManager&amp#27;[m : Successfully created attachment "API Request - Body"
2023-01-22 15:46:19.432 &amp#27;[32m INFO&amp#27;[m &amp#27;[35m[@503 - main]&amp#27;[m &amp#27;[36mcom.shaft.tools.io.ReportManager&amp#27;[m : Successfully created attachment "API Response - JSON Body"
2023-01-22 15:46:19.444 &amp#27;[32m INFO&amp#27;[m &amp#27;[35m[@503 - main]&amp#27;[m &amp#27;[36mcom.shaft.tools.io.ReportManager&amp#27;[m : File Action "DoesFileExist" successfully performed. With the following test data "File Path: "SteeringCompanyAPI_TestData/SteeringCompanyAPI_TestData.xlsx"".
2023-01-22 15:46:19.502 &amp#27;[32m INFO&amp#27;[m &amp#27;[35m[@503 - main]&amp#27;[m &amp#27;[36mcom.shaft.tools.io.ReportManager&amp#27;[m : Successfully created attachment "Test Data - Excel"
2023-01-22 15:46:19.503 &amp#27;[32m INFO&amp#27;[m &amp#27;[35m[@503 - main]&amp#27;[m &amp#27;[36mcom.shaft.tools.io.ReportManager&amp#27;[m : File Action "DoesFileExist" successfully performed. With the following test data "File Path: "SteeringCompanyAPI_TestData/SteeringCompanyAPI_TestData.xlsx"".
2023-01-22 15:46:19.573 &amp#27;[32m INFO&amp#27;[m &amp#27;[35m[@503 - main]&amp#27;[m &amp#27;[36mcom.shaft.tools.io.ReportManager&amp#27;[m : Successfully created attachment "Test Data - Excel"
2023-01-22 15:46:19.574 &amp#27;[32m INFO&amp#27;[m &amp#27;[35m[@503 - main]&amp#27;[m &amp#27;[36mcom.shaft.tools.io.ReportManager&amp#27;[m : File Action "DoesFileExist" successfully performed. With the following test data "File Path: "SteeringCompanyAPI_TestData/SteeringCompanyAPI_TestData.xlsx"".
2023-01-22 15:46:19.637 &amp#27;[32m INFO&amp#27;[m &amp#27;[35m[@503 - main]&amp#27;[m &amp#27;[36mcom.shaft.tools.io.ReportManager&amp#27;[m : Successfully created attachment "Test Data - Excel"
2023-01-22 15:46:20.126 &amp#27;[32m INFO&amp#27;[m &amp#27;[35m[@503 - main]&amp#27;[m &amp#27;[36mcom.shaft.tools.io.ReportManager&amp#27;[m : Response status code: "422", status line: "HTTP/1.1 422 "
2023-01-22 15:46:20.142 &amp#27;[32m INFO&amp#27;[m &amp#27;[35m[@503 - main]&amp#27;[m &amp#27;[36mcom.shaft.tools.io.ReportManager&amp#27;[m : Successfully created attachment "API Request - Specifications"
2023-01-22 15:46:20.146 &amp#27;[32m INFO&amp#27;[m &amp#27;[35m[@503 - main]&amp#27;[m &amp#27;[36mcom.shaft.tools.io.ReportManager&amp#27;[m : Successfully created attachment "API Request - JSON Body"
2023-01-22 15:46:20.148 &amp#27;[32m INFO&amp#27;[m &amp#27;[35m[@503 - main]&amp#27;[m &amp#27;[36mcom.shaft.tools.io.ReportManager&amp#27;[m : Successfully created attachment "API Response - JSON Body"
2023-01-22 15:46:20.151 &amp#27;[32m INFO&amp#27;[m &amp#27;[35m[@503 - main]&amp#27;[m &amp#27;[36mcom.shaft.tools.io.ReportManager&amp#27;[m : File Action "DoesFileExist" successfully performed. With the following test data "File Path: "Schemas/ValidationError_schema.json"".
2023-01-22 15:46:20.151 &amp#27;[32m INFO&amp#27;[m &amp#27;[35m[@503 - main]&amp#27;[m &amp#27;[36mcom.shaft.tools.io.ReportManager&amp#27;[m : File Action "DoesFileExist" successfully performed. With the following test data "File Path: "src/test/resources/testDataFiles/Schemas/ValidationError_schema.json"".
2023-01-22 15:46:20.152 &amp#27;[32m INFO&amp#27;[m &amp#27;[35m[@503 - main]&amp#27;[m &amp#27;[36mcom.shaft.tools.io.ReportManager&amp#27;[m : File Action "GetAbsolutePath" successfully performed. With the following test data "Relative Folder Path: "src/test/resources/testDataFiles/Schemas/ValidationError_schema.json"".
2023-01-22 15:46:20.156 &amp#27;[32m INFO&amp#27;[m &amp#27;[35m[@503 - main]&amp#27;[m &amp#27;[36mcom.shaft.tools.io.ReportManager&amp#27;[m : File Action "DoesFileExist" successfully performed. With the following test data "File Path: "C:\eclipse-workspace\MyProjects\TASystemsAPIs\src\test\resources\testDataFiles\Schemas\ValidationError_schema.json"".
2023-01-22 15:46:20.156 &amp#27;[32m INFO&amp#27;[m &amp#27;[35m[@503 - main]&amp#27;[m &amp#27;[36mcom.shaft.tools.io.ReportManager&amp#27;[m : File Action "GetAbsolutePath" successfully performed. With the following test data "Relative Folder Path: "C:\eclipse-workspace\MyProjects\TASystemsAPIs\src\test\resources\testDataFiles\Schemas\ValidationError_schema.json"".
2023-01-22 15:46:20.156 &amp#27;[32m INFO&amp#27;[m &amp#27;[35m[@503 - main]&amp#27;[m &amp#27;[36mcom.shaft.tools.io.ReportManager&amp#27;[m : File Action "ReadFile" successfully performed. With the following test data "File Path: "C:\eclipse-workspace\MyProjects\TASystemsAPIs\src\test\resources\testDataFiles\Schemas\ValidationError_schema.json"".
2023-01-22 15:46:20.158 &amp#27;[32m INFO&amp#27;[m &amp#27;[35m[@503 - main]&amp#27;[m &amp#27;[36mcom.shaft.tools.io.ReportManager&amp#27;[m : Successfully created attachment "Validation Test Data - Expected JSON Value"
2023-01-22 15:46:20.160 &amp#27;[32m INFO&amp#27;[m &amp#27;[35m[@503 - main]&amp#27;[m &amp#27;[36mcom.shaft.tools.io.ReportManager&amp#27;[m : Successfully created attachment "Validation Test Data - Actual JSON Value"
2023-01-22 15:46:20.162 &amp#27;[32m INFO&amp#27;[m &amp#27;[35m[@503 - main]&amp#27;[m &amp#27;[36mcom.shaft.tools.io.ReportManager&amp#27;[m : Successfully created attachment "SHAFT Engine Logs - Current Method log: Update_Policy_With_Missing_Keys_TC"
]]></system-out>
  </testcase>
  <testcase name="Update_Policy_With_Missing_Keys_TC[[Ljava.lang.Object;@231d9d40](12)" classname="SteeringCompanyAPI_TestCases.Test_Policies_Cases" time="1.376">
    <system-out><![CDATA[2023-01-22 15:46:20.167 &amp#27;[32m INFO&amp#27;[m &amp#27;[35m[@534 - main]&amp#27;[m &amp#27;[36mcom.shaft.tools.io.ReportManager&amp#27;[m : 
################################################################################################################################################
Starting Execution:	"263 out of 70" test cases in the current suite
Test Method:		"SteeringCompanyAPI_TestCases.Test_Policies_Cases.Update_Policy_With_Missing_Keys_TC"
Test Description:	"TC051 -Policy- Perform Update Policy with Missing Keys"
################################################################################################################################################
2023-01-22 15:46:20.168 &amp#27;[32m INFO&amp#27;[m &amp#27;[35m[@503 - main]&amp#27;[m &amp#27;[36mcom.shaft.tools.io.ReportManager&amp#27;[m : File Action "DoesFileExist" successfully performed. With the following test data "File Path: "SteeringCompanyAPI_TestData/SteeringCompanyAPI_TestData.xlsx"".
2023-01-22 15:46:20.238 &amp#27;[32m INFO&amp#27;[m &amp#27;[35m[@503 - main]&amp#27;[m &amp#27;[36mcom.shaft.tools.io.ReportManager&amp#27;[m : Successfully created attachment "Test Data - Excel"
2023-01-22 15:46:20.832 &amp#27;[32m INFO&amp#27;[m &amp#27;[35m[@503 - main]&amp#27;[m &amp#27;[36mcom.shaft.tools.io.ReportManager&amp#27;[m : Response status code: "200", status line: "HTTP/1.1 200 OK"
2023-01-22 15:46:20.852 &amp#27;[32m INFO&amp#27;[m &amp#27;[35m[@503 - main]&amp#27;[m &amp#27;[36mcom.shaft.tools.io.ReportManager&amp#27;[m : Successfully created attachment "API Request - Specifications"
2023-01-22 15:46:20.852 &amp#27;[32m INFO&amp#27;[m &amp#27;[35m[@503 - main]&amp#27;[m &amp#27;[36mcom.shaft.tools.io.ReportManager&amp#27;[m : Successfully created attachment "API Request - Body"
2023-01-22 15:46:20.853 &amp#27;[32m INFO&amp#27;[m &amp#27;[35m[@503 - main]&amp#27;[m &amp#27;[36mcom.shaft.tools.io.ReportManager&amp#27;[m : Successfully created attachment "API Response - JSON Body"
2023-01-22 15:46:20.872 &amp#27;[32m INFO&amp#27;[m &amp#27;[35m[@503 - main]&amp#27;[m &amp#27;[36mcom.shaft.tools.io.ReportManager&amp#27;[m : File Action "DoesFileExist" successfully performed. With the following test data "File Path: "SteeringCompanyAPI_TestData/SteeringCompanyAPI_TestData.xlsx"".
2023-01-22 15:46:20.935 &amp#27;[32m INFO&amp#27;[m &amp#27;[35m[@503 - main]&amp#27;[m &amp#27;[36mcom.shaft.tools.io.ReportManager&amp#27;[m : Successfully created attachment "Test Data - Excel"
2023-01-22 15:46:20.935 &amp#27;[32m INFO&amp#27;[m &amp#27;[35m[@503 - main]&amp#27;[m &amp#27;[36mcom.shaft.tools.io.ReportManager&amp#27;[m : File Action "DoesFileExist" successfully performed. With the following test data "File Path: "SteeringCompanyAPI_TestData/SteeringCompanyAPI_TestData.xlsx"".
2023-01-22 15:46:21.000 &amp#27;[32m INFO&amp#27;[m &amp#27;[35m[@503 - main]&amp#27;[m &amp#27;[36mcom.shaft.tools.io.ReportManager&amp#27;[m : Successfully created attachment "Test Data - Excel"
2023-01-22 15:46:21.000 &amp#27;[32m INFO&amp#27;[m &amp#27;[35m[@503 - main]&amp#27;[m &amp#27;[36mcom.shaft.tools.io.ReportManager&amp#27;[m : File Action "DoesFileExist" successfully performed. With the following test data "File Path: "SteeringCompanyAPI_TestData/SteeringCompanyAPI_TestData.xlsx"".
2023-01-22 15:46:21.042 &amp#27;[32m INFO&amp#27;[m &amp#27;[35m[@503 - main]&amp#27;[m &amp#27;[36mcom.shaft.tools.io.ReportManager&amp#27;[m : Successfully created attachment "Test Data - Excel"
2023-01-22 15:46:21.504 &amp#27;[32m INFO&amp#27;[m &amp#27;[35m[@503 - main]&amp#27;[m &amp#27;[36mcom.shaft.tools.io.ReportManager&amp#27;[m : Response status code: "422", status line: "HTTP/1.1 422 "
2023-01-22 15:46:21.522 &amp#27;[32m INFO&amp#27;[m &amp#27;[35m[@503 - main]&amp#27;[m &amp#27;[36mcom.shaft.tools.io.ReportManager&amp#27;[m : Successfully created attachment "API Request - Specifications"
2023-01-22 15:46:21.523 &amp#27;[32m INFO&amp#27;[m &amp#27;[35m[@503 - main]&amp#27;[m &amp#27;[36mcom.shaft.tools.io.ReportManager&amp#27;[m : Successfully created attachment "API Request - JSON Body"
2023-01-22 15:46:21.527 &amp#27;[32m INFO&amp#27;[m &amp#27;[35m[@503 - main]&amp#27;[m &amp#27;[36mcom.shaft.tools.io.ReportManager&amp#27;[m : Successfully created attachment "API Response - JSON Body"
2023-01-22 15:46:21.528 &amp#27;[32m INFO&amp#27;[m &amp#27;[35m[@503 - main]&amp#27;[m &amp#27;[36mcom.shaft.tools.io.ReportManager&amp#27;[m : File Action "DoesFileExist" successfully performed. With the following test data "File Path: "Schemas/ValidationError_schema.json"".
2023-01-22 15:46:21.528 &amp#27;[32m INFO&amp#27;[m &amp#27;[35m[@503 - main]&amp#27;[m &amp#27;[36mcom.shaft.tools.io.ReportManager&amp#27;[m : File Action "DoesFileExist" successfully performed. With the following test data "File Path: "src/test/resources/testDataFiles/Schemas/ValidationError_schema.json"".
2023-01-22 15:46:21.528 &amp#27;[32m INFO&amp#27;[m &amp#27;[35m[@503 - main]&amp#27;[m &amp#27;[36mcom.shaft.tools.io.ReportManager&amp#27;[m : File Action "GetAbsolutePath" successfully performed. With the following test data "Relative Folder Path: "src/test/resources/testDataFiles/Schemas/ValidationError_schema.json"".
2023-01-22 15:46:21.531 &amp#27;[32m INFO&amp#27;[m &amp#27;[35m[@503 - main]&amp#27;[m &amp#27;[36mcom.shaft.tools.io.ReportManager&amp#27;[m : File Action "DoesFileExist" successfully performed. With the following test data "File Path: "C:\eclipse-workspace\MyProjects\TASystemsAPIs\src\test\resources\testDataFiles\Schemas\ValidationError_schema.json"".
2023-01-22 15:46:21.531 &amp#27;[32m INFO&amp#27;[m &amp#27;[35m[@503 - main]&amp#27;[m &amp#27;[36mcom.shaft.tools.io.ReportManager&amp#27;[m : File Action "GetAbsolutePath" successfully performed. With the following test data "Relative Folder Path: "C:\eclipse-workspace\MyProjects\TASystemsAPIs\src\test\resources\testDataFiles\Schemas\ValidationError_schema.json"".
2023-01-22 15:46:21.532 &amp#27;[32m INFO&amp#27;[m &amp#27;[35m[@503 - main]&amp#27;[m &amp#27;[36mcom.shaft.tools.io.ReportManager&amp#27;[m : File Action "ReadFile" successfully performed. With the following test data "File Path: "C:\eclipse-workspace\MyProjects\TASystemsAPIs\src\test\resources\testDataFiles\Schemas\ValidationError_schema.json"".
2023-01-22 15:46:21.534 &amp#27;[32m INFO&amp#27;[m &amp#27;[35m[@503 - main]&amp#27;[m &amp#27;[36mcom.shaft.tools.io.ReportManager&amp#27;[m : Successfully created attachment "Validation Test Data - Expected JSON Value"
2023-01-22 15:46:21.536 &amp#27;[32m INFO&amp#27;[m &amp#27;[35m[@503 - main]&amp#27;[m &amp#27;[36mcom.shaft.tools.io.ReportManager&amp#27;[m : Successfully created attachment "Validation Test Data - Actual JSON Value"
2023-01-22 15:46:21.538 &amp#27;[32m INFO&amp#27;[m &amp#27;[35m[@503 - main]&amp#27;[m &amp#27;[36mcom.shaft.tools.io.ReportManager&amp#27;[m : Successfully created attachment "SHAFT Engine Logs - Current Method log: Update_Policy_With_Missing_Keys_TC"
]]></system-out>
  </testcase>
  <testcase name="Update_Policy_With_Missing_Keys_TC[[Ljava.lang.Object;@7587653c](13)" classname="SteeringCompanyAPI_TestCases.Test_Policies_Cases" time="1.562">
    <system-out><![CDATA[2023-01-22 15:46:21.543 &amp#27;[32m INFO&amp#27;[m &amp#27;[35m[@534 - main]&amp#27;[m &amp#27;[36mcom.shaft.tools.io.ReportManager&amp#27;[m : 
################################################################################################################################################
Starting Execution:	"264 out of 70" test cases in the current suite
Test Method:		"SteeringCompanyAPI_TestCases.Test_Policies_Cases.Update_Policy_With_Missing_Keys_TC"
Test Description:	"TC051 -Policy- Perform Update Policy with Missing Keys"
################################################################################################################################################
2023-01-22 15:46:21.544 &amp#27;[32m INFO&amp#27;[m &amp#27;[35m[@503 - main]&amp#27;[m &amp#27;[36mcom.shaft.tools.io.ReportManager&amp#27;[m : File Action "DoesFileExist" successfully performed. With the following test data "File Path: "SteeringCompanyAPI_TestData/SteeringCompanyAPI_TestData.xlsx"".
2023-01-22 15:46:21.593 &amp#27;[32m INFO&amp#27;[m &amp#27;[35m[@503 - main]&amp#27;[m &amp#27;[36mcom.shaft.tools.io.ReportManager&amp#27;[m : Successfully created attachment "Test Data - Excel"
2023-01-22 15:46:22.339 &amp#27;[32m INFO&amp#27;[m &amp#27;[35m[@503 - main]&amp#27;[m &amp#27;[36mcom.shaft.tools.io.ReportManager&amp#27;[m : Response status code: "200", status line: "HTTP/1.1 200 OK"
2023-01-22 15:46:22.356 &amp#27;[32m INFO&amp#27;[m &amp#27;[35m[@503 - main]&amp#27;[m &amp#27;[36mcom.shaft.tools.io.ReportManager&amp#27;[m : Successfully created attachment "API Request - Specifications"
2023-01-22 15:46:22.360 &amp#27;[32m INFO&amp#27;[m &amp#27;[35m[@503 - main]&amp#27;[m &amp#27;[36mcom.shaft.tools.io.ReportManager&amp#27;[m : Successfully created attachment "API Request - Body"
2023-01-22 15:46:22.361 &amp#27;[32m INFO&amp#27;[m &amp#27;[35m[@503 - main]&amp#27;[m &amp#27;[36mcom.shaft.tools.io.ReportManager&amp#27;[m : Successfully created attachment "API Response - JSON Body"
2023-01-22 15:46:22.384 &amp#27;[32m INFO&amp#27;[m &amp#27;[35m[@503 - main]&amp#27;[m &amp#27;[36mcom.shaft.tools.io.ReportManager&amp#27;[m : File Action "DoesFileExist" successfully performed. With the following test data "File Path: "SteeringCompanyAPI_TestData/SteeringCompanyAPI_TestData.xlsx"".
2023-01-22 15:46:22.430 &amp#27;[32m INFO&amp#27;[m &amp#27;[35m[@503 - main]&amp#27;[m &amp#27;[36mcom.shaft.tools.io.ReportManager&amp#27;[m : Successfully created attachment "Test Data - Excel"
2023-01-22 15:46:22.430 &amp#27;[32m INFO&amp#27;[m &amp#27;[35m[@503 - main]&amp#27;[m &amp#27;[36mcom.shaft.tools.io.ReportManager&amp#27;[m : File Action "DoesFileExist" successfully performed. With the following test data "File Path: "SteeringCompanyAPI_TestData/SteeringCompanyAPI_TestData.xlsx"".
2023-01-22 15:46:22.474 &amp#27;[32m INFO&amp#27;[m &amp#27;[35m[@503 - main]&amp#27;[m &amp#27;[36mcom.shaft.tools.io.ReportManager&amp#27;[m : Successfully created attachment "Test Data - Excel"
2023-01-22 15:46:22.475 &amp#27;[32m INFO&amp#27;[m &amp#27;[35m[@503 - main]&amp#27;[m &amp#27;[36mcom.shaft.tools.io.ReportManager&amp#27;[m : File Action "DoesFileExist" successfully performed. With the following test data "File Path: "SteeringCompanyAPI_TestData/SteeringCompanyAPI_TestData.xlsx"".
2023-01-22 15:46:22.520 &amp#27;[32m INFO&amp#27;[m &amp#27;[35m[@503 - main]&amp#27;[m &amp#27;[36mcom.shaft.tools.io.ReportManager&amp#27;[m : Successfully created attachment "Test Data - Excel"
2023-01-22 15:46:23.074 &amp#27;[32m INFO&amp#27;[m &amp#27;[35m[@503 - main]&amp#27;[m &amp#27;[36mcom.shaft.tools.io.ReportManager&amp#27;[m : Response status code: "422", status line: "HTTP/1.1 422 "
2023-01-22 15:46:23.087 &amp#27;[32m INFO&amp#27;[m &amp#27;[35m[@503 - main]&amp#27;[m &amp#27;[36mcom.shaft.tools.io.ReportManager&amp#27;[m : Successfully created attachment "API Request - Specifications"
2023-01-22 15:46:23.089 &amp#27;[32m INFO&amp#27;[m &amp#27;[35m[@503 - main]&amp#27;[m &amp#27;[36mcom.shaft.tools.io.ReportManager&amp#27;[m : Successfully created attachment "API Request - JSON Body"
2023-01-22 15:46:23.089 &amp#27;[32m INFO&amp#27;[m &amp#27;[35m[@503 - main]&amp#27;[m &amp#27;[36mcom.shaft.tools.io.ReportManager&amp#27;[m : Successfully created attachment "API Response - JSON Body"
2023-01-22 15:46:23.091 &amp#27;[32m INFO&amp#27;[m &amp#27;[35m[@503 - main]&amp#27;[m &amp#27;[36mcom.shaft.tools.io.ReportManager&amp#27;[m : File Action "DoesFileExist" successfully performed. With the following test data "File Path: "Schemas/ValidationError_schema.json"".
2023-01-22 15:46:23.091 &amp#27;[32m INFO&amp#27;[m &amp#27;[35m[@503 - main]&amp#27;[m &amp#27;[36mcom.shaft.tools.io.ReportManager&amp#27;[m : File Action "DoesFileExist" successfully performed. With the following test data "File Path: "src/test/resources/testDataFiles/Schemas/ValidationError_schema.json"".
2023-01-22 15:46:23.091 &amp#27;[32m INFO&amp#27;[m &amp#27;[35m[@503 - main]&amp#27;[m &amp#27;[36mcom.shaft.tools.io.ReportManager&amp#27;[m : File Action "GetAbsolutePath" successfully performed. With the following test data "Relative Folder Path: "src/test/resources/testDataFiles/Schemas/ValidationError_schema.json"".
2023-01-22 15:46:23.095 &amp#27;[32m INFO&amp#27;[m &amp#27;[35m[@503 - main]&amp#27;[m &amp#27;[36mcom.shaft.tools.io.ReportManager&amp#27;[m : File Action "DoesFileExist" successfully performed. With the following test data "File Path: "C:\eclipse-workspace\MyProjects\TASystemsAPIs\src\test\resources\testDataFiles\Schemas\ValidationError_schema.json"".
2023-01-22 15:46:23.095 &amp#27;[32m INFO&amp#27;[m &amp#27;[35m[@503 - main]&amp#27;[m &amp#27;[36mcom.shaft.tools.io.ReportManager&amp#27;[m : File Action "GetAbsolutePath" successfully performed. With the following test data "Relative Folder Path: "C:\eclipse-workspace\MyProjects\TASystemsAPIs\src\test\resources\testDataFiles\Schemas\ValidationError_schema.json"".
2023-01-22 15:46:23.095 &amp#27;[32m INFO&amp#27;[m &amp#27;[35m[@503 - main]&amp#27;[m &amp#27;[36mcom.shaft.tools.io.ReportManager&amp#27;[m : File Action "ReadFile" successfully performed. With the following test data "File Path: "C:\eclipse-workspace\MyProjects\TASystemsAPIs\src\test\resources\testDataFiles\Schemas\ValidationError_schema.json"".
2023-01-22 15:46:23.100 &amp#27;[32m INFO&amp#27;[m &amp#27;[35m[@503 - main]&amp#27;[m &amp#27;[36mcom.shaft.tools.io.ReportManager&amp#27;[m : Successfully created attachment "Validation Test Data - Expected JSON Value"
2023-01-22 15:46:23.101 &amp#27;[32m INFO&amp#27;[m &amp#27;[35m[@503 - main]&amp#27;[m &amp#27;[36mcom.shaft.tools.io.ReportManager&amp#27;[m : Successfully created attachment "Validation Test Data - Actual JSON Value"
2023-01-22 15:46:23.102 &amp#27;[32m INFO&amp#27;[m &amp#27;[35m[@503 - main]&amp#27;[m &amp#27;[36mcom.shaft.tools.io.ReportManager&amp#27;[m : Successfully created attachment "SHAFT Engine Logs - Current Method log: Update_Policy_With_Missing_Keys_TC"
]]></system-out>
  </testcase>
  <testcase name="Update_Policy_With_Missing_Keys_TC[[Ljava.lang.Object;@7b092e60](14)" classname="SteeringCompanyAPI_TestCases.Test_Policies_Cases" time="1.325">
    <system-out><![CDATA[2023-01-22 15:46:23.106 &amp#27;[32m INFO&amp#27;[m &amp#27;[35m[@534 - main]&amp#27;[m &amp#27;[36mcom.shaft.tools.io.ReportManager&amp#27;[m : 
################################################################################################################################################
Starting Execution:	"265 out of 70" test cases in the current suite
Test Method:		"SteeringCompanyAPI_TestCases.Test_Policies_Cases.Update_Policy_With_Missing_Keys_TC"
Test Description:	"TC051 -Policy- Perform Update Policy with Missing Keys"
################################################################################################################################################
2023-01-22 15:46:23.107 &amp#27;[32m INFO&amp#27;[m &amp#27;[35m[@503 - main]&amp#27;[m &amp#27;[36mcom.shaft.tools.io.ReportManager&amp#27;[m : File Action "DoesFileExist" successfully performed. With the following test data "File Path: "SteeringCompanyAPI_TestData/SteeringCompanyAPI_TestData.xlsx"".
2023-01-22 15:46:23.152 &amp#27;[32m INFO&amp#27;[m &amp#27;[35m[@503 - main]&amp#27;[m &amp#27;[36mcom.shaft.tools.io.ReportManager&amp#27;[m : Successfully created attachment "Test Data - Excel"
2023-01-22 15:46:23.752 &amp#27;[32m INFO&amp#27;[m &amp#27;[35m[@503 - main]&amp#27;[m &amp#27;[36mcom.shaft.tools.io.ReportManager&amp#27;[m : Response status code: "200", status line: "HTTP/1.1 200 OK"
2023-01-22 15:46:23.765 &amp#27;[32m INFO&amp#27;[m &amp#27;[35m[@503 - main]&amp#27;[m &amp#27;[36mcom.shaft.tools.io.ReportManager&amp#27;[m : Successfully created attachment "API Request - Specifications"
2023-01-22 15:46:23.766 &amp#27;[32m INFO&amp#27;[m &amp#27;[35m[@503 - main]&amp#27;[m &amp#27;[36mcom.shaft.tools.io.ReportManager&amp#27;[m : Successfully created attachment "API Request - Body"
2023-01-22 15:46:23.767 &amp#27;[32m INFO&amp#27;[m &amp#27;[35m[@503 - main]&amp#27;[m &amp#27;[36mcom.shaft.tools.io.ReportManager&amp#27;[m : Successfully created attachment "API Response - JSON Body"
2023-01-22 15:46:23.780 &amp#27;[32m INFO&amp#27;[m &amp#27;[35m[@503 - main]&amp#27;[m &amp#27;[36mcom.shaft.tools.io.ReportManager&amp#27;[m : File Action "DoesFileExist" successfully performed. With the following test data "File Path: "SteeringCompanyAPI_TestData/SteeringCompanyAPI_TestData.xlsx"".
2023-01-22 15:46:23.834 &amp#27;[32m INFO&amp#27;[m &amp#27;[35m[@503 - main]&amp#27;[m &amp#27;[36mcom.shaft.tools.io.ReportManager&amp#27;[m : Successfully created attachment "Test Data - Excel"
2023-01-22 15:46:23.836 &amp#27;[32m INFO&amp#27;[m &amp#27;[35m[@503 - main]&amp#27;[m &amp#27;[36mcom.shaft.tools.io.ReportManager&amp#27;[m : File Action "DoesFileExist" successfully performed. With the following test data "File Path: "SteeringCompanyAPI_TestData/SteeringCompanyAPI_TestData.xlsx"".
2023-01-22 15:46:23.891 &amp#27;[32m INFO&amp#27;[m &amp#27;[35m[@503 - main]&amp#27;[m &amp#27;[36mcom.shaft.tools.io.ReportManager&amp#27;[m : Successfully created attachment "Test Data - Excel"
2023-01-22 15:46:23.892 &amp#27;[32m INFO&amp#27;[m &amp#27;[35m[@503 - main]&amp#27;[m &amp#27;[36mcom.shaft.tools.io.ReportManager&amp#27;[m : File Action "DoesFileExist" successfully performed. With the following test data "File Path: "SteeringCompanyAPI_TestData/SteeringCompanyAPI_TestData.xlsx"".
2023-01-22 15:46:23.936 &amp#27;[32m INFO&amp#27;[m &amp#27;[35m[@503 - main]&amp#27;[m &amp#27;[36mcom.shaft.tools.io.ReportManager&amp#27;[m : Successfully created attachment "Test Data - Excel"
2023-01-22 15:46:24.393 &amp#27;[32m INFO&amp#27;[m &amp#27;[35m[@503 - main]&amp#27;[m &amp#27;[36mcom.shaft.tools.io.ReportManager&amp#27;[m : Response status code: "422", status line: "HTTP/1.1 422 "
2023-01-22 15:46:24.408 &amp#27;[32m INFO&amp#27;[m &amp#27;[35m[@503 - main]&amp#27;[m &amp#27;[36mcom.shaft.tools.io.ReportManager&amp#27;[m : Successfully created attachment "API Request - Specifications"
2023-01-22 15:46:24.409 &amp#27;[32m INFO&amp#27;[m &amp#27;[35m[@503 - main]&amp#27;[m &amp#27;[36mcom.shaft.tools.io.ReportManager&amp#27;[m : Successfully created attachment "API Request - JSON Body"
2023-01-22 15:46:24.410 &amp#27;[32m INFO&amp#27;[m &amp#27;[35m[@503 - main]&amp#27;[m &amp#27;[36mcom.shaft.tools.io.ReportManager&amp#27;[m : Successfully created attachment "API Response - JSON Body"
2023-01-22 15:46:24.411 &amp#27;[32m INFO&amp#27;[m &amp#27;[35m[@503 - main]&amp#27;[m &amp#27;[36mcom.shaft.tools.io.ReportManager&amp#27;[m : File Action "DoesFileExist" successfully performed. With the following test data "File Path: "Schemas/ValidationError_schema.json"".
2023-01-22 15:46:24.411 &amp#27;[32m INFO&amp#27;[m &amp#27;[35m[@503 - main]&amp#27;[m &amp#27;[36mcom.shaft.tools.io.ReportManager&amp#27;[m : File Action "DoesFileExist" successfully performed. With the following test data "File Path: "src/test/resources/testDataFiles/Schemas/ValidationError_schema.json"".
2023-01-22 15:46:24.411 &amp#27;[32m INFO&amp#27;[m &amp#27;[35m[@503 - main]&amp#27;[m &amp#27;[36mcom.shaft.tools.io.ReportManager&amp#27;[m : File Action "GetAbsolutePath" successfully performed. With the following test data "Relative Folder Path: "src/test/resources/testDataFiles/Schemas/ValidationError_schema.json"".
2023-01-22 15:46:24.417 &amp#27;[32m INFO&amp#27;[m &amp#27;[35m[@503 - main]&amp#27;[m &amp#27;[36mcom.shaft.tools.io.ReportManager&amp#27;[m : File Action "DoesFileExist" successfully performed. With the following test data "File Path: "C:\eclipse-workspace\MyProjects\TASystemsAPIs\src\test\resources\testDataFiles\Schemas\ValidationError_schema.json"".
2023-01-22 15:46:24.417 &amp#27;[32m INFO&amp#27;[m &amp#27;[35m[@503 - main]&amp#27;[m &amp#27;[36mcom.shaft.tools.io.ReportManager&amp#27;[m : File Action "GetAbsolutePath" successfully performed. With the following test data "Relative Folder Path: "C:\eclipse-workspace\MyProjects\TASystemsAPIs\src\test\resources\testDataFiles\Schemas\ValidationError_schema.json"".
2023-01-22 15:46:24.418 &amp#27;[32m INFO&amp#27;[m &amp#27;[35m[@503 - main]&amp#27;[m &amp#27;[36mcom.shaft.tools.io.ReportManager&amp#27;[m : File Action "ReadFile" successfully performed. With the following test data "File Path: "C:\eclipse-workspace\MyProjects\TASystemsAPIs\src\test\resources\testDataFiles\Schemas\ValidationError_schema.json"".
2023-01-22 15:46:24.422 &amp#27;[32m INFO&amp#27;[m &amp#27;[35m[@503 - main]&amp#27;[m &amp#27;[36mcom.shaft.tools.io.ReportManager&amp#27;[m : Successfully created attachment "Validation Test Data - Expected JSON Value"
2023-01-22 15:46:24.424 &amp#27;[32m INFO&amp#27;[m &amp#27;[35m[@503 - main]&amp#27;[m &amp#27;[36mcom.shaft.tools.io.ReportManager&amp#27;[m : Successfully created attachment "Validation Test Data - Actual JSON Value"
2023-01-22 15:46:24.426 &amp#27;[32m INFO&amp#27;[m &amp#27;[35m[@503 - main]&amp#27;[m &amp#27;[36mcom.shaft.tools.io.ReportManager&amp#27;[m : Successfully created attachment "SHAFT Engine Logs - Current Method log: Update_Policy_With_Missing_Keys_TC"
]]></system-out>
  </testcase>
  <testcase name="Update_Policy_With_Missing_Keys_TC[[Ljava.lang.Object;@af5371b](15)" classname="SteeringCompanyAPI_TestCases.Test_Policies_Cases" time="1.421">
    <system-out><![CDATA[2023-01-22 15:46:24.431 &amp#27;[32m INFO&amp#27;[m &amp#27;[35m[@534 - main]&amp#27;[m &amp#27;[36mcom.shaft.tools.io.ReportManager&amp#27;[m : 
################################################################################################################################################
Starting Execution:	"266 out of 70" test cases in the current suite
Test Method:		"SteeringCompanyAPI_TestCases.Test_Policies_Cases.Update_Policy_With_Missing_Keys_TC"
Test Description:	"TC051 -Policy- Perform Update Policy with Missing Keys"
################################################################################################################################################
2023-01-22 15:46:24.431 &amp#27;[32m INFO&amp#27;[m &amp#27;[35m[@503 - main]&amp#27;[m &amp#27;[36mcom.shaft.tools.io.ReportManager&amp#27;[m : File Action "DoesFileExist" successfully performed. With the following test data "File Path: "SteeringCompanyAPI_TestData/SteeringCompanyAPI_TestData.xlsx"".
2023-01-22 15:46:24.492 &amp#27;[32m INFO&amp#27;[m &amp#27;[35m[@503 - main]&amp#27;[m &amp#27;[36mcom.shaft.tools.io.ReportManager&amp#27;[m : Successfully created attachment "Test Data - Excel"
2023-01-22 15:46:25.079 &amp#27;[32m INFO&amp#27;[m &amp#27;[35m[@503 - main]&amp#27;[m &amp#27;[36mcom.shaft.tools.io.ReportManager&amp#27;[m : Response status code: "200", status line: "HTTP/1.1 200 OK"
2023-01-22 15:46:25.100 &amp#27;[32m INFO&amp#27;[m &amp#27;[35m[@503 - main]&amp#27;[m &amp#27;[36mcom.shaft.tools.io.ReportManager&amp#27;[m : Successfully created attachment "API Request - Specifications"
2023-01-22 15:46:25.102 &amp#27;[32m INFO&amp#27;[m &amp#27;[35m[@503 - main]&amp#27;[m &amp#27;[36mcom.shaft.tools.io.ReportManager&amp#27;[m : Successfully created attachment "API Request - Body"
2023-01-22 15:46:25.103 &amp#27;[32m INFO&amp#27;[m &amp#27;[35m[@503 - main]&amp#27;[m &amp#27;[36mcom.shaft.tools.io.ReportManager&amp#27;[m : Successfully created attachment "API Response - JSON Body"
2023-01-22 15:46:25.119 &amp#27;[32m INFO&amp#27;[m &amp#27;[35m[@503 - main]&amp#27;[m &amp#27;[36mcom.shaft.tools.io.ReportManager&amp#27;[m : File Action "DoesFileExist" successfully performed. With the following test data "File Path: "SteeringCompanyAPI_TestData/SteeringCompanyAPI_TestData.xlsx"".
2023-01-22 15:46:25.171 &amp#27;[32m INFO&amp#27;[m &amp#27;[35m[@503 - main]&amp#27;[m &amp#27;[36mcom.shaft.tools.io.ReportManager&amp#27;[m : Successfully created attachment "Test Data - Excel"
2023-01-22 15:46:25.171 &amp#27;[32m INFO&amp#27;[m &amp#27;[35m[@503 - main]&amp#27;[m &amp#27;[36mcom.shaft.tools.io.ReportManager&amp#27;[m : File Action "DoesFileExist" successfully performed. With the following test data "File Path: "SteeringCompanyAPI_TestData/SteeringCompanyAPI_TestData.xlsx"".
2023-01-22 15:46:25.227 &amp#27;[32m INFO&amp#27;[m &amp#27;[35m[@503 - main]&amp#27;[m &amp#27;[36mcom.shaft.tools.io.ReportManager&amp#27;[m : Successfully created attachment "Test Data - Excel"
2023-01-22 15:46:25.227 &amp#27;[32m INFO&amp#27;[m &amp#27;[35m[@503 - main]&amp#27;[m &amp#27;[36mcom.shaft.tools.io.ReportManager&amp#27;[m : File Action "DoesFileExist" successfully performed. With the following test data "File Path: "SteeringCompanyAPI_TestData/SteeringCompanyAPI_TestData.xlsx"".
2023-01-22 15:46:25.273 &amp#27;[32m INFO&amp#27;[m &amp#27;[35m[@503 - main]&amp#27;[m &amp#27;[36mcom.shaft.tools.io.ReportManager&amp#27;[m : Successfully created attachment "Test Data - Excel"
2023-01-22 15:46:25.800 &amp#27;[32m INFO&amp#27;[m &amp#27;[35m[@503 - main]&amp#27;[m &amp#27;[36mcom.shaft.tools.io.ReportManager&amp#27;[m : Response status code: "422", status line: "HTTP/1.1 422 "
2023-01-22 15:46:25.828 &amp#27;[32m INFO&amp#27;[m &amp#27;[35m[@503 - main]&amp#27;[m &amp#27;[36mcom.shaft.tools.io.ReportManager&amp#27;[m : Successfully created attachment "API Request - Specifications"
2023-01-22 15:46:25.830 &amp#27;[32m INFO&amp#27;[m &amp#27;[35m[@503 - main]&amp#27;[m &amp#27;[36mcom.shaft.tools.io.ReportManager&amp#27;[m : Successfully created attachment "API Request - JSON Body"
2023-01-22 15:46:25.833 &amp#27;[32m INFO&amp#27;[m &amp#27;[35m[@503 - main]&amp#27;[m &amp#27;[36mcom.shaft.tools.io.ReportManager&amp#27;[m : Successfully created attachment "API Response - JSON Body"
2023-01-22 15:46:25.834 &amp#27;[32m INFO&amp#27;[m &amp#27;[35m[@503 - main]&amp#27;[m &amp#27;[36mcom.shaft.tools.io.ReportManager&amp#27;[m : File Action "DoesFileExist" successfully performed. With the following test data "File Path: "Schemas/ValidationError_schema.json"".
2023-01-22 15:46:25.834 &amp#27;[32m INFO&amp#27;[m &amp#27;[35m[@503 - main]&amp#27;[m &amp#27;[36mcom.shaft.tools.io.ReportManager&amp#27;[m : File Action "DoesFileExist" successfully performed. With the following test data "File Path: "src/test/resources/testDataFiles/Schemas/ValidationError_schema.json"".
2023-01-22 15:46:25.835 &amp#27;[32m INFO&amp#27;[m &amp#27;[35m[@503 - main]&amp#27;[m &amp#27;[36mcom.shaft.tools.io.ReportManager&amp#27;[m : File Action "GetAbsolutePath" successfully performed. With the following test data "Relative Folder Path: "src/test/resources/testDataFiles/Schemas/ValidationError_schema.json"".
2023-01-22 15:46:25.840 &amp#27;[32m INFO&amp#27;[m &amp#27;[35m[@503 - main]&amp#27;[m &amp#27;[36mcom.shaft.tools.io.ReportManager&amp#27;[m : File Action "DoesFileExist" successfully performed. With the following test data "File Path: "C:\eclipse-workspace\MyProjects\TASystemsAPIs\src\test\resources\testDataFiles\Schemas\ValidationError_schema.json"".
2023-01-22 15:46:25.840 &amp#27;[32m INFO&amp#27;[m &amp#27;[35m[@503 - main]&amp#27;[m &amp#27;[36mcom.shaft.tools.io.ReportManager&amp#27;[m : File Action "GetAbsolutePath" successfully performed. With the following test data "Relative Folder Path: "C:\eclipse-workspace\MyProjects\TASystemsAPIs\src\test\resources\testDataFiles\Schemas\ValidationError_schema.json"".
2023-01-22 15:46:25.841 &amp#27;[32m INFO&amp#27;[m &amp#27;[35m[@503 - main]&amp#27;[m &amp#27;[36mcom.shaft.tools.io.ReportManager&amp#27;[m : File Action "ReadFile" successfully performed. With the following test data "File Path: "C:\eclipse-workspace\MyProjects\TASystemsAPIs\src\test\resources\testDataFiles\Schemas\ValidationError_schema.json"".
2023-01-22 15:46:25.844 &amp#27;[32m INFO&amp#27;[m &amp#27;[35m[@503 - main]&amp#27;[m &amp#27;[36mcom.shaft.tools.io.ReportManager&amp#27;[m : Successfully created attachment "Validation Test Data - Expected JSON Value"
2023-01-22 15:46:25.845 &amp#27;[32m INFO&amp#27;[m &amp#27;[35m[@503 - main]&amp#27;[m &amp#27;[36mcom.shaft.tools.io.ReportManager&amp#27;[m : Successfully created attachment "Validation Test Data - Actual JSON Value"
2023-01-22 15:46:25.847 &amp#27;[32m INFO&amp#27;[m &amp#27;[35m[@503 - main]&amp#27;[m &amp#27;[36mcom.shaft.tools.io.ReportManager&amp#27;[m : Successfully created attachment "SHAFT Engine Logs - Current Method log: Update_Policy_With_Missing_Keys_TC"
]]></system-out>
  </testcase>
  <testcase name="Update_Policy_With_Missing_Keys_TC[[Ljava.lang.Object;@2bb5bddd](16)" classname="SteeringCompanyAPI_TestCases.Test_Policies_Cases" time="1.457">
    <system-out><![CDATA[2023-01-22 15:46:25.852 &amp#27;[32m INFO&amp#27;[m &amp#27;[35m[@534 - main]&amp#27;[m &amp#27;[36mcom.shaft.tools.io.ReportManager&amp#27;[m : 
################################################################################################################################################
Starting Execution:	"267 out of 70" test cases in the current suite
Test Method:		"SteeringCompanyAPI_TestCases.Test_Policies_Cases.Update_Policy_With_Missing_Keys_TC"
Test Description:	"TC051 -Policy- Perform Update Policy with Missing Keys"
################################################################################################################################################
2023-01-22 15:46:25.853 &amp#27;[32m INFO&amp#27;[m &amp#27;[35m[@503 - main]&amp#27;[m &amp#27;[36mcom.shaft.tools.io.ReportManager&amp#27;[m : File Action "DoesFileExist" successfully performed. With the following test data "File Path: "SteeringCompanyAPI_TestData/SteeringCompanyAPI_TestData.xlsx"".
2023-01-22 15:46:25.897 &amp#27;[32m INFO&amp#27;[m &amp#27;[35m[@503 - main]&amp#27;[m &amp#27;[36mcom.shaft.tools.io.ReportManager&amp#27;[m : Successfully created attachment "Test Data - Excel"
2023-01-22 15:46:26.574 &amp#27;[32m INFO&amp#27;[m &amp#27;[35m[@503 - main]&amp#27;[m &amp#27;[36mcom.shaft.tools.io.ReportManager&amp#27;[m : Response status code: "200", status line: "HTTP/1.1 200 OK"
2023-01-22 15:46:26.590 &amp#27;[32m INFO&amp#27;[m &amp#27;[35m[@503 - main]&amp#27;[m &amp#27;[36mcom.shaft.tools.io.ReportManager&amp#27;[m : Successfully created attachment "API Request - Specifications"
2023-01-22 15:46:26.590 &amp#27;[32m INFO&amp#27;[m &amp#27;[35m[@503 - main]&amp#27;[m &amp#27;[36mcom.shaft.tools.io.ReportManager&amp#27;[m : Successfully created attachment "API Request - Body"
2023-01-22 15:46:26.592 &amp#27;[32m INFO&amp#27;[m &amp#27;[35m[@503 - main]&amp#27;[m &amp#27;[36mcom.shaft.tools.io.ReportManager&amp#27;[m : Successfully created attachment "API Response - JSON Body"
2023-01-22 15:46:26.605 &amp#27;[32m INFO&amp#27;[m &amp#27;[35m[@503 - main]&amp#27;[m &amp#27;[36mcom.shaft.tools.io.ReportManager&amp#27;[m : File Action "DoesFileExist" successfully performed. With the following test data "File Path: "SteeringCompanyAPI_TestData/SteeringCompanyAPI_TestData.xlsx"".
2023-01-22 15:46:26.658 &amp#27;[32m INFO&amp#27;[m &amp#27;[35m[@503 - main]&amp#27;[m &amp#27;[36mcom.shaft.tools.io.ReportManager&amp#27;[m : Successfully created attachment "Test Data - Excel"
2023-01-22 15:46:26.658 &amp#27;[32m INFO&amp#27;[m &amp#27;[35m[@503 - main]&amp#27;[m &amp#27;[36mcom.shaft.tools.io.ReportManager&amp#27;[m : File Action "DoesFileExist" successfully performed. With the following test data "File Path: "SteeringCompanyAPI_TestData/SteeringCompanyAPI_TestData.xlsx"".
2023-01-22 15:46:26.709 &amp#27;[32m INFO&amp#27;[m &amp#27;[35m[@503 - main]&amp#27;[m &amp#27;[36mcom.shaft.tools.io.ReportManager&amp#27;[m : Successfully created attachment "Test Data - Excel"
2023-01-22 15:46:26.709 &amp#27;[32m INFO&amp#27;[m &amp#27;[35m[@503 - main]&amp#27;[m &amp#27;[36mcom.shaft.tools.io.ReportManager&amp#27;[m : File Action "DoesFileExist" successfully performed. With the following test data "File Path: "SteeringCompanyAPI_TestData/SteeringCompanyAPI_TestData.xlsx"".
2023-01-22 15:46:26.786 &amp#27;[32m INFO&amp#27;[m &amp#27;[35m[@503 - main]&amp#27;[m &amp#27;[36mcom.shaft.tools.io.ReportManager&amp#27;[m : Successfully created attachment "Test Data - Excel"
2023-01-22 15:46:27.276 &amp#27;[32m INFO&amp#27;[m &amp#27;[35m[@503 - main]&amp#27;[m &amp#27;[36mcom.shaft.tools.io.ReportManager&amp#27;[m : Response status code: "422", status line: "HTTP/1.1 422 "
2023-01-22 15:46:27.291 &amp#27;[32m INFO&amp#27;[m &amp#27;[35m[@503 - main]&amp#27;[m &amp#27;[36mcom.shaft.tools.io.ReportManager&amp#27;[m : Successfully created attachment "API Request - Specifications"
2023-01-22 15:46:27.293 &amp#27;[32m INFO&amp#27;[m &amp#27;[35m[@503 - main]&amp#27;[m &amp#27;[36mcom.shaft.tools.io.ReportManager&amp#27;[m : Successfully created attachment "API Request - JSON Body"
2023-01-22 15:46:27.294 &amp#27;[32m INFO&amp#27;[m &amp#27;[35m[@503 - main]&amp#27;[m &amp#27;[36mcom.shaft.tools.io.ReportManager&amp#27;[m : Successfully created attachment "API Response - JSON Body"
2023-01-22 15:46:27.295 &amp#27;[32m INFO&amp#27;[m &amp#27;[35m[@503 - main]&amp#27;[m &amp#27;[36mcom.shaft.tools.io.ReportManager&amp#27;[m : File Action "DoesFileExist" successfully performed. With the following test data "File Path: "Schemas/ValidationError_schema.json"".
2023-01-22 15:46:27.295 &amp#27;[32m INFO&amp#27;[m &amp#27;[35m[@503 - main]&amp#27;[m &amp#27;[36mcom.shaft.tools.io.ReportManager&amp#27;[m : File Action "DoesFileExist" successfully performed. With the following test data "File Path: "src/test/resources/testDataFiles/Schemas/ValidationError_schema.json"".
2023-01-22 15:46:27.295 &amp#27;[32m INFO&amp#27;[m &amp#27;[35m[@503 - main]&amp#27;[m &amp#27;[36mcom.shaft.tools.io.ReportManager&amp#27;[m : File Action "GetAbsolutePath" successfully performed. With the following test data "Relative Folder Path: "src/test/resources/testDataFiles/Schemas/ValidationError_schema.json"".
2023-01-22 15:46:27.298 &amp#27;[32m INFO&amp#27;[m &amp#27;[35m[@503 - main]&amp#27;[m &amp#27;[36mcom.shaft.tools.io.ReportManager&amp#27;[m : File Action "DoesFileExist" successfully performed. With the following test data "File Path: "C:\eclipse-workspace\MyProjects\TASystemsAPIs\src\test\resources\testDataFiles\Schemas\ValidationError_schema.json"".
2023-01-22 15:46:27.298 &amp#27;[32m INFO&amp#27;[m &amp#27;[35m[@503 - main]&amp#27;[m &amp#27;[36mcom.shaft.tools.io.ReportManager&amp#27;[m : File Action "GetAbsolutePath" successfully performed. With the following test data "Relative Folder Path: "C:\eclipse-workspace\MyProjects\TASystemsAPIs\src\test\resources\testDataFiles\Schemas\ValidationError_schema.json"".
2023-01-22 15:46:27.299 &amp#27;[32m INFO&amp#27;[m &amp#27;[35m[@503 - main]&amp#27;[m &amp#27;[36mcom.shaft.tools.io.ReportManager&amp#27;[m : File Action "ReadFile" successfully performed. With the following test data "File Path: "C:\eclipse-workspace\MyProjects\TASystemsAPIs\src\test\resources\testDataFiles\Schemas\ValidationError_schema.json"".
2023-01-22 15:46:27.301 &amp#27;[32m INFO&amp#27;[m &amp#27;[35m[@503 - main]&amp#27;[m &amp#27;[36mcom.shaft.tools.io.ReportManager&amp#27;[m : Successfully created attachment "Validation Test Data - Expected JSON Value"
2023-01-22 15:46:27.302 &amp#27;[32m INFO&amp#27;[m &amp#27;[35m[@503 - main]&amp#27;[m &amp#27;[36mcom.shaft.tools.io.ReportManager&amp#27;[m : Successfully created attachment "Validation Test Data - Actual JSON Value"
2023-01-22 15:46:27.304 &amp#27;[32m INFO&amp#27;[m &amp#27;[35m[@503 - main]&amp#27;[m &amp#27;[36mcom.shaft.tools.io.ReportManager&amp#27;[m : Successfully created attachment "SHAFT Engine Logs - Current Method log: Update_Policy_With_Missing_Keys_TC"
]]></system-out>
  </testcase>
  <testcase name="Update_Policy_With_Missing_Keys_TC[[Ljava.lang.Object;@2ff18e23](17)" classname="SteeringCompanyAPI_TestCases.Test_Policies_Cases" time="1.351">
    <system-out><![CDATA[2023-01-22 15:46:27.308 &amp#27;[32m INFO&amp#27;[m &amp#27;[35m[@534 - main]&amp#27;[m &amp#27;[36mcom.shaft.tools.io.ReportManager&amp#27;[m : 
################################################################################################################################################
Starting Execution:	"268 out of 70" test cases in the current suite
Test Method:		"SteeringCompanyAPI_TestCases.Test_Policies_Cases.Update_Policy_With_Missing_Keys_TC"
Test Description:	"TC051 -Policy- Perform Update Policy with Missing Keys"
################################################################################################################################################
2023-01-22 15:46:27.309 &amp#27;[32m INFO&amp#27;[m &amp#27;[35m[@503 - main]&amp#27;[m &amp#27;[36mcom.shaft.tools.io.ReportManager&amp#27;[m : File Action "DoesFileExist" successfully performed. With the following test data "File Path: "SteeringCompanyAPI_TestData/SteeringCompanyAPI_TestData.xlsx"".
2023-01-22 15:46:27.354 &amp#27;[32m INFO&amp#27;[m &amp#27;[35m[@503 - main]&amp#27;[m &amp#27;[36mcom.shaft.tools.io.ReportManager&amp#27;[m : Successfully created attachment "Test Data - Excel"
2023-01-22 15:46:27.939 &amp#27;[32m INFO&amp#27;[m &amp#27;[35m[@503 - main]&amp#27;[m &amp#27;[36mcom.shaft.tools.io.ReportManager&amp#27;[m : Response status code: "200", status line: "HTTP/1.1 200 OK"
2023-01-22 15:46:27.959 &amp#27;[32m INFO&amp#27;[m &amp#27;[35m[@503 - main]&amp#27;[m &amp#27;[36mcom.shaft.tools.io.ReportManager&amp#27;[m : Successfully created attachment "API Request - Specifications"
2023-01-22 15:46:27.960 &amp#27;[32m INFO&amp#27;[m &amp#27;[35m[@503 - main]&amp#27;[m &amp#27;[36mcom.shaft.tools.io.ReportManager&amp#27;[m : Successfully created attachment "API Request - Body"
2023-01-22 15:46:27.961 &amp#27;[32m INFO&amp#27;[m &amp#27;[35m[@503 - main]&amp#27;[m &amp#27;[36mcom.shaft.tools.io.ReportManager&amp#27;[m : Successfully created attachment "API Response - JSON Body"
2023-01-22 15:46:27.977 &amp#27;[32m INFO&amp#27;[m &amp#27;[35m[@503 - main]&amp#27;[m &amp#27;[36mcom.shaft.tools.io.ReportManager&amp#27;[m : File Action "DoesFileExist" successfully performed. With the following test data "File Path: "SteeringCompanyAPI_TestData/SteeringCompanyAPI_TestData.xlsx"".
2023-01-22 15:46:28.023 &amp#27;[32m INFO&amp#27;[m &amp#27;[35m[@503 - main]&amp#27;[m &amp#27;[36mcom.shaft.tools.io.ReportManager&amp#27;[m : Successfully created attachment "Test Data - Excel"
2023-01-22 15:46:28.023 &amp#27;[32m INFO&amp#27;[m &amp#27;[35m[@503 - main]&amp#27;[m &amp#27;[36mcom.shaft.tools.io.ReportManager&amp#27;[m : File Action "DoesFileExist" successfully performed. With the following test data "File Path: "SteeringCompanyAPI_TestData/SteeringCompanyAPI_TestData.xlsx"".
2023-01-22 15:46:28.075 &amp#27;[32m INFO&amp#27;[m &amp#27;[35m[@503 - main]&amp#27;[m &amp#27;[36mcom.shaft.tools.io.ReportManager&amp#27;[m : Successfully created attachment "Test Data - Excel"
2023-01-22 15:46:28.076 &amp#27;[32m INFO&amp#27;[m &amp#27;[35m[@503 - main]&amp#27;[m &amp#27;[36mcom.shaft.tools.io.ReportManager&amp#27;[m : File Action "DoesFileExist" successfully performed. With the following test data "File Path: "SteeringCompanyAPI_TestData/SteeringCompanyAPI_TestData.xlsx"".
2023-01-22 15:46:28.128 &amp#27;[32m INFO&amp#27;[m &amp#27;[35m[@503 - main]&amp#27;[m &amp#27;[36mcom.shaft.tools.io.ReportManager&amp#27;[m : Successfully created attachment "Test Data - Excel"
2023-01-22 15:46:28.607 &amp#27;[32m INFO&amp#27;[m &amp#27;[35m[@503 - main]&amp#27;[m &amp#27;[36mcom.shaft.tools.io.ReportManager&amp#27;[m : Response status code: "422", status line: "HTTP/1.1 422 "
2023-01-22 15:46:28.633 &amp#27;[32m INFO&amp#27;[m &amp#27;[35m[@503 - main]&amp#27;[m &amp#27;[36mcom.shaft.tools.io.ReportManager&amp#27;[m : Successfully created attachment "API Request - Specifications"
2023-01-22 15:46:28.638 &amp#27;[32m INFO&amp#27;[m &amp#27;[35m[@503 - main]&amp#27;[m &amp#27;[36mcom.shaft.tools.io.ReportManager&amp#27;[m : Successfully created attachment "API Request - JSON Body"
2023-01-22 15:46:28.640 &amp#27;[32m INFO&amp#27;[m &amp#27;[35m[@503 - main]&amp#27;[m &amp#27;[36mcom.shaft.tools.io.ReportManager&amp#27;[m : Successfully created attachment "API Response - JSON Body"
2023-01-22 15:46:28.642 &amp#27;[32m INFO&amp#27;[m &amp#27;[35m[@503 - main]&amp#27;[m &amp#27;[36mcom.shaft.tools.io.ReportManager&amp#27;[m : File Action "DoesFileExist" successfully performed. With the following test data "File Path: "Schemas/ValidationError_schema.json"".
2023-01-22 15:46:28.643 &amp#27;[32m INFO&amp#27;[m &amp#27;[35m[@503 - main]&amp#27;[m &amp#27;[36mcom.shaft.tools.io.ReportManager&amp#27;[m : File Action "DoesFileExist" successfully performed. With the following test data "File Path: "src/test/resources/testDataFiles/Schemas/ValidationError_schema.json"".
2023-01-22 15:46:28.643 &amp#27;[32m INFO&amp#27;[m &amp#27;[35m[@503 - main]&amp#27;[m &amp#27;[36mcom.shaft.tools.io.ReportManager&amp#27;[m : File Action "GetAbsolutePath" successfully performed. With the following test data "Relative Folder Path: "src/test/resources/testDataFiles/Schemas/ValidationError_schema.json"".
2023-01-22 15:46:28.648 &amp#27;[32m INFO&amp#27;[m &amp#27;[35m[@503 - main]&amp#27;[m &amp#27;[36mcom.shaft.tools.io.ReportManager&amp#27;[m : File Action "DoesFileExist" successfully performed. With the following test data "File Path: "C:\eclipse-workspace\MyProjects\TASystemsAPIs\src\test\resources\testDataFiles\Schemas\ValidationError_schema.json"".
2023-01-22 15:46:28.649 &amp#27;[32m INFO&amp#27;[m &amp#27;[35m[@503 - main]&amp#27;[m &amp#27;[36mcom.shaft.tools.io.ReportManager&amp#27;[m : File Action "GetAbsolutePath" successfully performed. With the following test data "Relative Folder Path: "C:\eclipse-workspace\MyProjects\TASystemsAPIs\src\test\resources\testDataFiles\Schemas\ValidationError_schema.json"".
2023-01-22 15:46:28.649 &amp#27;[32m INFO&amp#27;[m &amp#27;[35m[@503 - main]&amp#27;[m &amp#27;[36mcom.shaft.tools.io.ReportManager&amp#27;[m : File Action "ReadFile" successfully performed. With the following test data "File Path: "C:\eclipse-workspace\MyProjects\TASystemsAPIs\src\test\resources\testDataFiles\Schemas\ValidationError_schema.json"".
2023-01-22 15:46:28.652 &amp#27;[32m INFO&amp#27;[m &amp#27;[35m[@503 - main]&amp#27;[m &amp#27;[36mcom.shaft.tools.io.ReportManager&amp#27;[m : Successfully created attachment "Validation Test Data - Expected JSON Value"
2023-01-22 15:46:28.653 &amp#27;[32m INFO&amp#27;[m &amp#27;[35m[@503 - main]&amp#27;[m &amp#27;[36mcom.shaft.tools.io.ReportManager&amp#27;[m : Successfully created attachment "Validation Test Data - Actual JSON Value"
2023-01-22 15:46:28.655 &amp#27;[32m INFO&amp#27;[m &amp#27;[35m[@503 - main]&amp#27;[m &amp#27;[36mcom.shaft.tools.io.ReportManager&amp#27;[m : Successfully created attachment "SHAFT Engine Logs - Current Method log: Update_Policy_With_Missing_Keys_TC"
]]></system-out>
  </testcase>
  <testcase name="Update_Policy_With_Missing_Keys_TC[[Ljava.lang.Object;@22e88d66](18)" classname="SteeringCompanyAPI_TestCases.Test_Policies_Cases" time="1.736">
    <system-out><![CDATA[2023-01-22 15:46:28.660 &amp#27;[32m INFO&amp#27;[m &amp#27;[35m[@534 - main]&amp#27;[m &amp#27;[36mcom.shaft.tools.io.ReportManager&amp#27;[m : 
################################################################################################################################################
Starting Execution:	"269 out of 70" test cases in the current suite
Test Method:		"SteeringCompanyAPI_TestCases.Test_Policies_Cases.Update_Policy_With_Missing_Keys_TC"
Test Description:	"TC051 -Policy- Perform Update Policy with Missing Keys"
################################################################################################################################################
2023-01-22 15:46:28.660 &amp#27;[32m INFO&amp#27;[m &amp#27;[35m[@503 - main]&amp#27;[m &amp#27;[36mcom.shaft.tools.io.ReportManager&amp#27;[m : File Action "DoesFileExist" successfully performed. With the following test data "File Path: "SteeringCompanyAPI_TestData/SteeringCompanyAPI_TestData.xlsx"".
2023-01-22 15:46:28.719 &amp#27;[32m INFO&amp#27;[m &amp#27;[35m[@503 - main]&amp#27;[m &amp#27;[36mcom.shaft.tools.io.ReportManager&amp#27;[m : Successfully created attachment "Test Data - Excel"
2023-01-22 15:46:29.320 &amp#27;[32m INFO&amp#27;[m &amp#27;[35m[@503 - main]&amp#27;[m &amp#27;[36mcom.shaft.tools.io.ReportManager&amp#27;[m : Response status code: "200", status line: "HTTP/1.1 200 OK"
2023-01-22 15:46:29.338 &amp#27;[32m INFO&amp#27;[m &amp#27;[35m[@503 - main]&amp#27;[m &amp#27;[36mcom.shaft.tools.io.ReportManager&amp#27;[m : Successfully created attachment "API Request - Specifications"
2023-01-22 15:46:29.339 &amp#27;[32m INFO&amp#27;[m &amp#27;[35m[@503 - main]&amp#27;[m &amp#27;[36mcom.shaft.tools.io.ReportManager&amp#27;[m : Successfully created attachment "API Request - Body"
2023-01-22 15:46:29.340 &amp#27;[32m INFO&amp#27;[m &amp#27;[35m[@503 - main]&amp#27;[m &amp#27;[36mcom.shaft.tools.io.ReportManager&amp#27;[m : Successfully created attachment "API Response - JSON Body"
2023-01-22 15:46:29.357 &amp#27;[32m INFO&amp#27;[m &amp#27;[35m[@503 - main]&amp#27;[m &amp#27;[36mcom.shaft.tools.io.ReportManager&amp#27;[m : File Action "DoesFileExist" successfully performed. With the following test data "File Path: "SteeringCompanyAPI_TestData/SteeringCompanyAPI_TestData.xlsx"".
2023-01-22 15:46:29.411 &amp#27;[32m INFO&amp#27;[m &amp#27;[35m[@503 - main]&amp#27;[m &amp#27;[36mcom.shaft.tools.io.ReportManager&amp#27;[m : Successfully created attachment "Test Data - Excel"
2023-01-22 15:46:29.411 &amp#27;[32m INFO&amp#27;[m &amp#27;[35m[@503 - main]&amp#27;[m &amp#27;[36mcom.shaft.tools.io.ReportManager&amp#27;[m : File Action "DoesFileExist" successfully performed. With the following test data "File Path: "SteeringCompanyAPI_TestData/SteeringCompanyAPI_TestData.xlsx"".
2023-01-22 15:46:29.472 &amp#27;[32m INFO&amp#27;[m &amp#27;[35m[@503 - main]&amp#27;[m &amp#27;[36mcom.shaft.tools.io.ReportManager&amp#27;[m : Successfully created attachment "Test Data - Excel"
2023-01-22 15:46:29.473 &amp#27;[32m INFO&amp#27;[m &amp#27;[35m[@503 - main]&amp#27;[m &amp#27;[36mcom.shaft.tools.io.ReportManager&amp#27;[m : File Action "DoesFileExist" successfully performed. With the following test data "File Path: "SteeringCompanyAPI_TestData/SteeringCompanyAPI_TestData.xlsx"".
2023-01-22 15:46:29.542 &amp#27;[32m INFO&amp#27;[m &amp#27;[35m[@503 - main]&amp#27;[m &amp#27;[36mcom.shaft.tools.io.ReportManager&amp#27;[m : Successfully created attachment "Test Data - Excel"
2023-01-22 15:46:30.359 &amp#27;[32m INFO&amp#27;[m &amp#27;[35m[@503 - main]&amp#27;[m &amp#27;[36mcom.shaft.tools.io.ReportManager&amp#27;[m : Response status code: "422", status line: "HTTP/1.1 422 "
2023-01-22 15:46:30.372 &amp#27;[32m INFO&amp#27;[m &amp#27;[35m[@503 - main]&amp#27;[m &amp#27;[36mcom.shaft.tools.io.ReportManager&amp#27;[m : Successfully created attachment "API Request - Specifications"
2023-01-22 15:46:30.374 &amp#27;[32m INFO&amp#27;[m &amp#27;[35m[@503 - main]&amp#27;[m &amp#27;[36mcom.shaft.tools.io.ReportManager&amp#27;[m : Successfully created attachment "API Request - JSON Body"
2023-01-22 15:46:30.378 &amp#27;[32m INFO&amp#27;[m &amp#27;[35m[@503 - main]&amp#27;[m &amp#27;[36mcom.shaft.tools.io.ReportManager&amp#27;[m : Successfully created attachment "API Response - JSON Body"
2023-01-22 15:46:30.380 &amp#27;[32m INFO&amp#27;[m &amp#27;[35m[@503 - main]&amp#27;[m &amp#27;[36mcom.shaft.tools.io.ReportManager&amp#27;[m : File Action "DoesFileExist" successfully performed. With the following test data "File Path: "Schemas/ValidationError_schema.json"".
2023-01-22 15:46:30.381 &amp#27;[32m INFO&amp#27;[m &amp#27;[35m[@503 - main]&amp#27;[m &amp#27;[36mcom.shaft.tools.io.ReportManager&amp#27;[m : File Action "DoesFileExist" successfully performed. With the following test data "File Path: "src/test/resources/testDataFiles/Schemas/ValidationError_schema.json"".
2023-01-22 15:46:30.381 &amp#27;[32m INFO&amp#27;[m &amp#27;[35m[@503 - main]&amp#27;[m &amp#27;[36mcom.shaft.tools.io.ReportManager&amp#27;[m : File Action "GetAbsolutePath" successfully performed. With the following test data "Relative Folder Path: "src/test/resources/testDataFiles/Schemas/ValidationError_schema.json"".
2023-01-22 15:46:30.384 &amp#27;[32m INFO&amp#27;[m &amp#27;[35m[@503 - main]&amp#27;[m &amp#27;[36mcom.shaft.tools.io.ReportManager&amp#27;[m : File Action "DoesFileExist" successfully performed. With the following test data "File Path: "C:\eclipse-workspace\MyProjects\TASystemsAPIs\src\test\resources\testDataFiles\Schemas\ValidationError_schema.json"".
2023-01-22 15:46:30.386 &amp#27;[32m INFO&amp#27;[m &amp#27;[35m[@503 - main]&amp#27;[m &amp#27;[36mcom.shaft.tools.io.ReportManager&amp#27;[m : File Action "GetAbsolutePath" successfully performed. With the following test data "Relative Folder Path: "C:\eclipse-workspace\MyProjects\TASystemsAPIs\src\test\resources\testDataFiles\Schemas\ValidationError_schema.json"".
2023-01-22 15:46:30.386 &amp#27;[32m INFO&amp#27;[m &amp#27;[35m[@503 - main]&amp#27;[m &amp#27;[36mcom.shaft.tools.io.ReportManager&amp#27;[m : File Action "ReadFile" successfully performed. With the following test data "File Path: "C:\eclipse-workspace\MyProjects\TASystemsAPIs\src\test\resources\testDataFiles\Schemas\ValidationError_schema.json"".
2023-01-22 15:46:30.387 &amp#27;[32m INFO&amp#27;[m &amp#27;[35m[@503 - main]&amp#27;[m &amp#27;[36mcom.shaft.tools.io.ReportManager&amp#27;[m : Successfully created attachment "Validation Test Data - Expected JSON Value"
2023-01-22 15:46:30.389 &amp#27;[32m INFO&amp#27;[m &amp#27;[35m[@503 - main]&amp#27;[m &amp#27;[36mcom.shaft.tools.io.ReportManager&amp#27;[m : Successfully created attachment "Validation Test Data - Actual JSON Value"
2023-01-22 15:46:30.391 &amp#27;[32m INFO&amp#27;[m &amp#27;[35m[@503 - main]&amp#27;[m &amp#27;[36mcom.shaft.tools.io.ReportManager&amp#27;[m : Successfully created attachment "SHAFT Engine Logs - Current Method log: Update_Policy_With_Missing_Keys_TC"
]]></system-out>
  </testcase>
  <testcase name="Update_Policy_With_Missing_Keys_TC[[Ljava.lang.Object;@5235113e](19)" classname="SteeringCompanyAPI_TestCases.Test_Policies_Cases" time="1.45">
    <system-out><![CDATA[2023-01-22 15:46:30.396 &amp#27;[32m INFO&amp#27;[m &amp#27;[35m[@534 - main]&amp#27;[m &amp#27;[36mcom.shaft.tools.io.ReportManager&amp#27;[m : 
################################################################################################################################################
Starting Execution:	"270 out of 70" test cases in the current suite
Test Method:		"SteeringCompanyAPI_TestCases.Test_Policies_Cases.Update_Policy_With_Missing_Keys_TC"
Test Description:	"TC051 -Policy- Perform Update Policy with Missing Keys"
################################################################################################################################################
2023-01-22 15:46:30.397 &amp#27;[32m INFO&amp#27;[m &amp#27;[35m[@503 - main]&amp#27;[m &amp#27;[36mcom.shaft.tools.io.ReportManager&amp#27;[m : File Action "DoesFileExist" successfully performed. With the following test data "File Path: "SteeringCompanyAPI_TestData/SteeringCompanyAPI_TestData.xlsx"".
2023-01-22 15:46:30.440 &amp#27;[32m INFO&amp#27;[m &amp#27;[35m[@503 - main]&amp#27;[m &amp#27;[36mcom.shaft.tools.io.ReportManager&amp#27;[m : Successfully created attachment "Test Data - Excel"
2023-01-22 15:46:31.172 &amp#27;[32m INFO&amp#27;[m &amp#27;[35m[@503 - main]&amp#27;[m &amp#27;[36mcom.shaft.tools.io.ReportManager&amp#27;[m : Response status code: "200", status line: "HTTP/1.1 200 OK"
2023-01-22 15:46:31.185 &amp#27;[32m INFO&amp#27;[m &amp#27;[35m[@503 - main]&amp#27;[m &amp#27;[36mcom.shaft.tools.io.ReportManager&amp#27;[m : Successfully created attachment "API Request - Specifications"
2023-01-22 15:46:31.185 &amp#27;[32m INFO&amp#27;[m &amp#27;[35m[@503 - main]&amp#27;[m &amp#27;[36mcom.shaft.tools.io.ReportManager&amp#27;[m : Successfully created attachment "API Request - Body"
2023-01-22 15:46:31.188 &amp#27;[32m INFO&amp#27;[m &amp#27;[35m[@503 - main]&amp#27;[m &amp#27;[36mcom.shaft.tools.io.ReportManager&amp#27;[m : Successfully created attachment "API Response - JSON Body"
2023-01-22 15:46:31.205 &amp#27;[32m INFO&amp#27;[m &amp#27;[35m[@503 - main]&amp#27;[m &amp#27;[36mcom.shaft.tools.io.ReportManager&amp#27;[m : File Action "DoesFileExist" successfully performed. With the following test data "File Path: "SteeringCompanyAPI_TestData/SteeringCompanyAPI_TestData.xlsx"".
2023-01-22 15:46:31.251 &amp#27;[32m INFO&amp#27;[m &amp#27;[35m[@503 - main]&amp#27;[m &amp#27;[36mcom.shaft.tools.io.ReportManager&amp#27;[m : Successfully created attachment "Test Data - Excel"
2023-01-22 15:46:31.251 &amp#27;[32m INFO&amp#27;[m &amp#27;[35m[@503 - main]&amp#27;[m &amp#27;[36mcom.shaft.tools.io.ReportManager&amp#27;[m : File Action "DoesFileExist" successfully performed. With the following test data "File Path: "SteeringCompanyAPI_TestData/SteeringCompanyAPI_TestData.xlsx"".
2023-01-22 15:46:31.292 &amp#27;[32m INFO&amp#27;[m &amp#27;[35m[@503 - main]&amp#27;[m &amp#27;[36mcom.shaft.tools.io.ReportManager&amp#27;[m : Successfully created attachment "Test Data - Excel"
2023-01-22 15:46:31.292 &amp#27;[32m INFO&amp#27;[m &amp#27;[35m[@503 - main]&amp#27;[m &amp#27;[36mcom.shaft.tools.io.ReportManager&amp#27;[m : File Action "DoesFileExist" successfully performed. With the following test data "File Path: "SteeringCompanyAPI_TestData/SteeringCompanyAPI_TestData.xlsx"".
2023-01-22 15:46:31.334 &amp#27;[32m INFO&amp#27;[m &amp#27;[35m[@503 - main]&amp#27;[m &amp#27;[36mcom.shaft.tools.io.ReportManager&amp#27;[m : Successfully created attachment "Test Data - Excel"
2023-01-22 15:46:31.800 &amp#27;[32m INFO&amp#27;[m &amp#27;[35m[@503 - main]&amp#27;[m &amp#27;[36mcom.shaft.tools.io.ReportManager&amp#27;[m : Response status code: "422", status line: "HTTP/1.1 422 "
2023-01-22 15:46:31.827 &amp#27;[32m INFO&amp#27;[m &amp#27;[35m[@503 - main]&amp#27;[m &amp#27;[36mcom.shaft.tools.io.ReportManager&amp#27;[m : Successfully created attachment "API Request - Specifications"
2023-01-22 15:46:31.829 &amp#27;[32m INFO&amp#27;[m &amp#27;[35m[@503 - main]&amp#27;[m &amp#27;[36mcom.shaft.tools.io.ReportManager&amp#27;[m : Successfully created attachment "API Request - JSON Body"
2023-01-22 15:46:31.831 &amp#27;[32m INFO&amp#27;[m &amp#27;[35m[@503 - main]&amp#27;[m &amp#27;[36mcom.shaft.tools.io.ReportManager&amp#27;[m : Successfully created attachment "API Response - JSON Body"
2023-01-22 15:46:31.833 &amp#27;[32m INFO&amp#27;[m &amp#27;[35m[@503 - main]&amp#27;[m &amp#27;[36mcom.shaft.tools.io.ReportManager&amp#27;[m : File Action "DoesFileExist" successfully performed. With the following test data "File Path: "Schemas/ValidationError_schema.json"".
2023-01-22 15:46:31.833 &amp#27;[32m INFO&amp#27;[m &amp#27;[35m[@503 - main]&amp#27;[m &amp#27;[36mcom.shaft.tools.io.ReportManager&amp#27;[m : File Action "DoesFileExist" successfully performed. With the following test data "File Path: "src/test/resources/testDataFiles/Schemas/ValidationError_schema.json"".
2023-01-22 15:46:31.833 &amp#27;[32m INFO&amp#27;[m &amp#27;[35m[@503 - main]&amp#27;[m &amp#27;[36mcom.shaft.tools.io.ReportManager&amp#27;[m : File Action "GetAbsolutePath" successfully performed. With the following test data "Relative Folder Path: "src/test/resources/testDataFiles/Schemas/ValidationError_schema.json"".
2023-01-22 15:46:31.836 &amp#27;[32m INFO&amp#27;[m &amp#27;[35m[@503 - main]&amp#27;[m &amp#27;[36mcom.shaft.tools.io.ReportManager&amp#27;[m : File Action "DoesFileExist" successfully performed. With the following test data "File Path: "C:\eclipse-workspace\MyProjects\TASystemsAPIs\src\test\resources\testDataFiles\Schemas\ValidationError_schema.json"".
2023-01-22 15:46:31.836 &amp#27;[32m INFO&amp#27;[m &amp#27;[35m[@503 - main]&amp#27;[m &amp#27;[36mcom.shaft.tools.io.ReportManager&amp#27;[m : File Action "GetAbsolutePath" successfully performed. With the following test data "Relative Folder Path: "C:\eclipse-workspace\MyProjects\TASystemsAPIs\src\test\resources\testDataFiles\Schemas\ValidationError_schema.json"".
2023-01-22 15:46:31.836 &amp#27;[32m INFO&amp#27;[m &amp#27;[35m[@503 - main]&amp#27;[m &amp#27;[36mcom.shaft.tools.io.ReportManager&amp#27;[m : File Action "ReadFile" successfully performed. With the following test data "File Path: "C:\eclipse-workspace\MyProjects\TASystemsAPIs\src\test\resources\testDataFiles\Schemas\ValidationError_schema.json"".
2023-01-22 15:46:31.838 &amp#27;[32m INFO&amp#27;[m &amp#27;[35m[@503 - main]&amp#27;[m &amp#27;[36mcom.shaft.tools.io.ReportManager&amp#27;[m : Successfully created attachment "Validation Test Data - Expected JSON Value"
2023-01-22 15:46:31.840 &amp#27;[32m INFO&amp#27;[m &amp#27;[35m[@503 - main]&amp#27;[m &amp#27;[36mcom.shaft.tools.io.ReportManager&amp#27;[m : Successfully created attachment "Validation Test Data - Actual JSON Value"
2023-01-22 15:46:31.841 &amp#27;[32m INFO&amp#27;[m &amp#27;[35m[@503 - main]&amp#27;[m &amp#27;[36mcom.shaft.tools.io.ReportManager&amp#27;[m : Successfully created attachment "SHAFT Engine Logs - Current Method log: Update_Policy_With_Missing_Keys_TC"
]]></system-out>
  </testcase>
  <testcase name="Update_Policy_With_Missing_Keys_TC[[Ljava.lang.Object;@78ec9220](20)" classname="SteeringCompanyAPI_TestCases.Test_Policies_Cases" time="1.436">
    <system-out><![CDATA[2023-01-22 15:46:31.846 &amp#27;[32m INFO&amp#27;[m &amp#27;[35m[@534 - main]&amp#27;[m &amp#27;[36mcom.shaft.tools.io.ReportManager&amp#27;[m : 
################################################################################################################################################
Starting Execution:	"271 out of 70" test cases in the current suite
Test Method:		"SteeringCompanyAPI_TestCases.Test_Policies_Cases.Update_Policy_With_Missing_Keys_TC"
Test Description:	"TC051 -Policy- Perform Update Policy with Missing Keys"
################################################################################################################################################
2023-01-22 15:46:31.847 &amp#27;[32m INFO&amp#27;[m &amp#27;[35m[@503 - main]&amp#27;[m &amp#27;[36mcom.shaft.tools.io.ReportManager&amp#27;[m : File Action "DoesFileExist" successfully performed. With the following test data "File Path: "SteeringCompanyAPI_TestData/SteeringCompanyAPI_TestData.xlsx"".
2023-01-22 15:46:31.898 &amp#27;[32m INFO&amp#27;[m &amp#27;[35m[@503 - main]&amp#27;[m &amp#27;[36mcom.shaft.tools.io.ReportManager&amp#27;[m : Successfully created attachment "Test Data - Excel"
2023-01-22 15:46:32.589 &amp#27;[32m INFO&amp#27;[m &amp#27;[35m[@503 - main]&amp#27;[m &amp#27;[36mcom.shaft.tools.io.ReportManager&amp#27;[m : Response status code: "200", status line: "HTTP/1.1 200 OK"
2023-01-22 15:46:32.605 &amp#27;[32m INFO&amp#27;[m &amp#27;[35m[@503 - main]&amp#27;[m &amp#27;[36mcom.shaft.tools.io.ReportManager&amp#27;[m : Successfully created attachment "API Request - Specifications"
2023-01-22 15:46:32.606 &amp#27;[32m INFO&amp#27;[m &amp#27;[35m[@503 - main]&amp#27;[m &amp#27;[36mcom.shaft.tools.io.ReportManager&amp#27;[m : Successfully created attachment "API Request - Body"
2023-01-22 15:46:32.607 &amp#27;[32m INFO&amp#27;[m &amp#27;[35m[@503 - main]&amp#27;[m &amp#27;[36mcom.shaft.tools.io.ReportManager&amp#27;[m : Successfully created attachment "API Response - JSON Body"
2023-01-22 15:46:32.625 &amp#27;[32m INFO&amp#27;[m &amp#27;[35m[@503 - main]&amp#27;[m &amp#27;[36mcom.shaft.tools.io.ReportManager&amp#27;[m : File Action "DoesFileExist" successfully performed. With the following test data "File Path: "SteeringCompanyAPI_TestData/SteeringCompanyAPI_TestData.xlsx"".
2023-01-22 15:46:32.671 &amp#27;[32m INFO&amp#27;[m &amp#27;[35m[@503 - main]&amp#27;[m &amp#27;[36mcom.shaft.tools.io.ReportManager&amp#27;[m : Successfully created attachment "Test Data - Excel"
2023-01-22 15:46:32.671 &amp#27;[32m INFO&amp#27;[m &amp#27;[35m[@503 - main]&amp#27;[m &amp#27;[36mcom.shaft.tools.io.ReportManager&amp#27;[m : File Action "DoesFileExist" successfully performed. With the following test data "File Path: "SteeringCompanyAPI_TestData/SteeringCompanyAPI_TestData.xlsx"".
2023-01-22 15:46:32.718 &amp#27;[32m INFO&amp#27;[m &amp#27;[35m[@503 - main]&amp#27;[m &amp#27;[36mcom.shaft.tools.io.ReportManager&amp#27;[m : Successfully created attachment "Test Data - Excel"
2023-01-22 15:46:32.719 &amp#27;[32m INFO&amp#27;[m &amp#27;[35m[@503 - main]&amp#27;[m &amp#27;[36mcom.shaft.tools.io.ReportManager&amp#27;[m : File Action "DoesFileExist" successfully performed. With the following test data "File Path: "SteeringCompanyAPI_TestData/SteeringCompanyAPI_TestData.xlsx"".
2023-01-22 15:46:32.773 &amp#27;[32m INFO&amp#27;[m &amp#27;[35m[@503 - main]&amp#27;[m &amp#27;[36mcom.shaft.tools.io.ReportManager&amp#27;[m : Successfully created attachment "Test Data - Excel"
2023-01-22 15:46:33.246 &amp#27;[32m INFO&amp#27;[m &amp#27;[35m[@503 - main]&amp#27;[m &amp#27;[36mcom.shaft.tools.io.ReportManager&amp#27;[m : Response status code: "422", status line: "HTTP/1.1 422 "
2023-01-22 15:46:33.261 &amp#27;[32m INFO&amp#27;[m &amp#27;[35m[@503 - main]&amp#27;[m &amp#27;[36mcom.shaft.tools.io.ReportManager&amp#27;[m : Successfully created attachment "API Request - Specifications"
2023-01-22 15:46:33.263 &amp#27;[32m INFO&amp#27;[m &amp#27;[35m[@503 - main]&amp#27;[m &amp#27;[36mcom.shaft.tools.io.ReportManager&amp#27;[m : Successfully created attachment "API Request - JSON Body"
2023-01-22 15:46:33.264 &amp#27;[32m INFO&amp#27;[m &amp#27;[35m[@503 - main]&amp#27;[m &amp#27;[36mcom.shaft.tools.io.ReportManager&amp#27;[m : Successfully created attachment "API Response - JSON Body"
2023-01-22 15:46:33.266 &amp#27;[32m INFO&amp#27;[m &amp#27;[35m[@503 - main]&amp#27;[m &amp#27;[36mcom.shaft.tools.io.ReportManager&amp#27;[m : File Action "DoesFileExist" successfully performed. With the following test data "File Path: "Schemas/ValidationError_schema.json"".
2023-01-22 15:46:33.267 &amp#27;[32m INFO&amp#27;[m &amp#27;[35m[@503 - main]&amp#27;[m &amp#27;[36mcom.shaft.tools.io.ReportManager&amp#27;[m : File Action "DoesFileExist" successfully performed. With the following test data "File Path: "src/test/resources/testDataFiles/Schemas/ValidationError_schema.json"".
2023-01-22 15:46:33.267 &amp#27;[32m INFO&amp#27;[m &amp#27;[35m[@503 - main]&amp#27;[m &amp#27;[36mcom.shaft.tools.io.ReportManager&amp#27;[m : File Action "GetAbsolutePath" successfully performed. With the following test data "Relative Folder Path: "src/test/resources/testDataFiles/Schemas/ValidationError_schema.json"".
2023-01-22 15:46:33.271 &amp#27;[32m INFO&amp#27;[m &amp#27;[35m[@503 - main]&amp#27;[m &amp#27;[36mcom.shaft.tools.io.ReportManager&amp#27;[m : File Action "DoesFileExist" successfully performed. With the following test data "File Path: "C:\eclipse-workspace\MyProjects\TASystemsAPIs\src\test\resources\testDataFiles\Schemas\ValidationError_schema.json"".
2023-01-22 15:46:33.271 &amp#27;[32m INFO&amp#27;[m &amp#27;[35m[@503 - main]&amp#27;[m &amp#27;[36mcom.shaft.tools.io.ReportManager&amp#27;[m : File Action "GetAbsolutePath" successfully performed. With the following test data "Relative Folder Path: "C:\eclipse-workspace\MyProjects\TASystemsAPIs\src\test\resources\testDataFiles\Schemas\ValidationError_schema.json"".
2023-01-22 15:46:33.272 &amp#27;[32m INFO&amp#27;[m &amp#27;[35m[@503 - main]&amp#27;[m &amp#27;[36mcom.shaft.tools.io.ReportManager&amp#27;[m : File Action "ReadFile" successfully performed. With the following test data "File Path: "C:\eclipse-workspace\MyProjects\TASystemsAPIs\src\test\resources\testDataFiles\Schemas\ValidationError_schema.json"".
2023-01-22 15:46:33.274 &amp#27;[32m INFO&amp#27;[m &amp#27;[35m[@503 - main]&amp#27;[m &amp#27;[36mcom.shaft.tools.io.ReportManager&amp#27;[m : Successfully created attachment "Validation Test Data - Expected JSON Value"
2023-01-22 15:46:33.276 &amp#27;[32m INFO&amp#27;[m &amp#27;[35m[@503 - main]&amp#27;[m &amp#27;[36mcom.shaft.tools.io.ReportManager&amp#27;[m : Successfully created attachment "Validation Test Data - Actual JSON Value"
2023-01-22 15:46:33.277 &amp#27;[32m INFO&amp#27;[m &amp#27;[35m[@503 - main]&amp#27;[m &amp#27;[36mcom.shaft.tools.io.ReportManager&amp#27;[m : Successfully created attachment "SHAFT Engine Logs - Current Method log: Update_Policy_With_Missing_Keys_TC"
]]></system-out>
  </testcase>
  <testcase name="Update_Policy_With_Missing_Keys_TC[[Ljava.lang.Object;@3422b621](21)" classname="SteeringCompanyAPI_TestCases.Test_Policies_Cases" time="1.413">
    <system-out><![CDATA[2023-01-22 15:46:33.282 &amp#27;[32m INFO&amp#27;[m &amp#27;[35m[@534 - main]&amp#27;[m &amp#27;[36mcom.shaft.tools.io.ReportManager&amp#27;[m : 
################################################################################################################################################
Starting Execution:	"272 out of 70" test cases in the current suite
Test Method:		"SteeringCompanyAPI_TestCases.Test_Policies_Cases.Update_Policy_With_Missing_Keys_TC"
Test Description:	"TC051 -Policy- Perform Update Policy with Missing Keys"
################################################################################################################################################
2023-01-22 15:46:33.282 &amp#27;[32m INFO&amp#27;[m &amp#27;[35m[@503 - main]&amp#27;[m &amp#27;[36mcom.shaft.tools.io.ReportManager&amp#27;[m : File Action "DoesFileExist" successfully performed. With the following test data "File Path: "SteeringCompanyAPI_TestData/SteeringCompanyAPI_TestData.xlsx"".
2023-01-22 15:46:33.333 &amp#27;[32m INFO&amp#27;[m &amp#27;[35m[@503 - main]&amp#27;[m &amp#27;[36mcom.shaft.tools.io.ReportManager&amp#27;[m : Successfully created attachment "Test Data - Excel"
2023-01-22 15:46:33.997 &amp#27;[32m INFO&amp#27;[m &amp#27;[35m[@503 - main]&amp#27;[m &amp#27;[36mcom.shaft.tools.io.ReportManager&amp#27;[m : Response status code: "200", status line: "HTTP/1.1 200 OK"
2023-01-22 15:46:34.018 &amp#27;[32m INFO&amp#27;[m &amp#27;[35m[@503 - main]&amp#27;[m &amp#27;[36mcom.shaft.tools.io.ReportManager&amp#27;[m : Successfully created attachment "API Request - Specifications"
2023-01-22 15:46:34.020 &amp#27;[32m INFO&amp#27;[m &amp#27;[35m[@503 - main]&amp#27;[m &amp#27;[36mcom.shaft.tools.io.ReportManager&amp#27;[m : Successfully created attachment "API Request - Body"
2023-01-22 15:46:34.021 &amp#27;[32m INFO&amp#27;[m &amp#27;[35m[@503 - main]&amp#27;[m &amp#27;[36mcom.shaft.tools.io.ReportManager&amp#27;[m : Successfully created attachment "API Response - JSON Body"
2023-01-22 15:46:34.039 &amp#27;[32m INFO&amp#27;[m &amp#27;[35m[@503 - main]&amp#27;[m &amp#27;[36mcom.shaft.tools.io.ReportManager&amp#27;[m : File Action "DoesFileExist" successfully performed. With the following test data "File Path: "SteeringCompanyAPI_TestData/SteeringCompanyAPI_TestData.xlsx"".
2023-01-22 15:46:34.086 &amp#27;[32m INFO&amp#27;[m &amp#27;[35m[@503 - main]&amp#27;[m &amp#27;[36mcom.shaft.tools.io.ReportManager&amp#27;[m : Successfully created attachment "Test Data - Excel"
2023-01-22 15:46:34.087 &amp#27;[32m INFO&amp#27;[m &amp#27;[35m[@503 - main]&amp#27;[m &amp#27;[36mcom.shaft.tools.io.ReportManager&amp#27;[m : File Action "DoesFileExist" successfully performed. With the following test data "File Path: "SteeringCompanyAPI_TestData/SteeringCompanyAPI_TestData.xlsx"".
2023-01-22 15:46:34.146 &amp#27;[32m INFO&amp#27;[m &amp#27;[35m[@503 - main]&amp#27;[m &amp#27;[36mcom.shaft.tools.io.ReportManager&amp#27;[m : Successfully created attachment "Test Data - Excel"
2023-01-22 15:46:34.146 &amp#27;[32m INFO&amp#27;[m &amp#27;[35m[@503 - main]&amp#27;[m &amp#27;[36mcom.shaft.tools.io.ReportManager&amp#27;[m : File Action "DoesFileExist" successfully performed. With the following test data "File Path: "SteeringCompanyAPI_TestData/SteeringCompanyAPI_TestData.xlsx"".
2023-01-22 15:46:34.204 &amp#27;[32m INFO&amp#27;[m &amp#27;[35m[@503 - main]&amp#27;[m &amp#27;[36mcom.shaft.tools.io.ReportManager&amp#27;[m : Successfully created attachment "Test Data - Excel"
2023-01-22 15:46:34.660 &amp#27;[32m INFO&amp#27;[m &amp#27;[35m[@503 - main]&amp#27;[m &amp#27;[36mcom.shaft.tools.io.ReportManager&amp#27;[m : Response status code: "422", status line: "HTTP/1.1 422 "
2023-01-22 15:46:34.677 &amp#27;[32m INFO&amp#27;[m &amp#27;[35m[@503 - main]&amp#27;[m &amp#27;[36mcom.shaft.tools.io.ReportManager&amp#27;[m : Successfully created attachment "API Request - Specifications"
2023-01-22 15:46:34.679 &amp#27;[32m INFO&amp#27;[m &amp#27;[35m[@503 - main]&amp#27;[m &amp#27;[36mcom.shaft.tools.io.ReportManager&amp#27;[m : Successfully created attachment "API Request - JSON Body"
2023-01-22 15:46:34.680 &amp#27;[32m INFO&amp#27;[m &amp#27;[35m[@503 - main]&amp#27;[m &amp#27;[36mcom.shaft.tools.io.ReportManager&amp#27;[m : Successfully created attachment "API Response - JSON Body"
2023-01-22 15:46:34.681 &amp#27;[32m INFO&amp#27;[m &amp#27;[35m[@503 - main]&amp#27;[m &amp#27;[36mcom.shaft.tools.io.ReportManager&amp#27;[m : File Action "DoesFileExist" successfully performed. With the following test data "File Path: "Schemas/ValidationError_schema.json"".
2023-01-22 15:46:34.681 &amp#27;[32m INFO&amp#27;[m &amp#27;[35m[@503 - main]&amp#27;[m &amp#27;[36mcom.shaft.tools.io.ReportManager&amp#27;[m : File Action "DoesFileExist" successfully performed. With the following test data "File Path: "src/test/resources/testDataFiles/Schemas/ValidationError_schema.json"".
2023-01-22 15:46:34.681 &amp#27;[32m INFO&amp#27;[m &amp#27;[35m[@503 - main]&amp#27;[m &amp#27;[36mcom.shaft.tools.io.ReportManager&amp#27;[m : File Action "GetAbsolutePath" successfully performed. With the following test data "Relative Folder Path: "src/test/resources/testDataFiles/Schemas/ValidationError_schema.json"".
2023-01-22 15:46:34.684 &amp#27;[32m INFO&amp#27;[m &amp#27;[35m[@503 - main]&amp#27;[m &amp#27;[36mcom.shaft.tools.io.ReportManager&amp#27;[m : File Action "DoesFileExist" successfully performed. With the following test data "File Path: "C:\eclipse-workspace\MyProjects\TASystemsAPIs\src\test\resources\testDataFiles\Schemas\ValidationError_schema.json"".
2023-01-22 15:46:34.685 &amp#27;[32m INFO&amp#27;[m &amp#27;[35m[@503 - main]&amp#27;[m &amp#27;[36mcom.shaft.tools.io.ReportManager&amp#27;[m : File Action "GetAbsolutePath" successfully performed. With the following test data "Relative Folder Path: "C:\eclipse-workspace\MyProjects\TASystemsAPIs\src\test\resources\testDataFiles\Schemas\ValidationError_schema.json"".
2023-01-22 15:46:34.685 &amp#27;[32m INFO&amp#27;[m &amp#27;[35m[@503 - main]&amp#27;[m &amp#27;[36mcom.shaft.tools.io.ReportManager&amp#27;[m : File Action "ReadFile" successfully performed. With the following test data "File Path: "C:\eclipse-workspace\MyProjects\TASystemsAPIs\src\test\resources\testDataFiles\Schemas\ValidationError_schema.json"".
2023-01-22 15:46:34.688 &amp#27;[32m INFO&amp#27;[m &amp#27;[35m[@503 - main]&amp#27;[m &amp#27;[36mcom.shaft.tools.io.ReportManager&amp#27;[m : Successfully created attachment "Validation Test Data - Expected JSON Value"
2023-01-22 15:46:34.689 &amp#27;[32m INFO&amp#27;[m &amp#27;[35m[@503 - main]&amp#27;[m &amp#27;[36mcom.shaft.tools.io.ReportManager&amp#27;[m : Successfully created attachment "Validation Test Data - Actual JSON Value"
2023-01-22 15:46:34.690 &amp#27;[32m INFO&amp#27;[m &amp#27;[35m[@503 - main]&amp#27;[m &amp#27;[36mcom.shaft.tools.io.ReportManager&amp#27;[m : Successfully created attachment "SHAFT Engine Logs - Current Method log: Update_Policy_With_Missing_Keys_TC"
]]></system-out>
  </testcase>
  <testcase name="Update_Policy_With_Missing_Keys_TC[[Ljava.lang.Object;@3188ec66](22)" classname="SteeringCompanyAPI_TestCases.Test_Policies_Cases" time="1.336">
    <system-out><![CDATA[2023-01-22 15:46:34.695 &amp#27;[32m INFO&amp#27;[m &amp#27;[35m[@534 - main]&amp#27;[m &amp#27;[36mcom.shaft.tools.io.ReportManager&amp#27;[m : 
################################################################################################################################################
Starting Execution:	"273 out of 70" test cases in the current suite
Test Method:		"SteeringCompanyAPI_TestCases.Test_Policies_Cases.Update_Policy_With_Missing_Keys_TC"
Test Description:	"TC051 -Policy- Perform Update Policy with Missing Keys"
################################################################################################################################################
2023-01-22 15:46:34.696 &amp#27;[32m INFO&amp#27;[m &amp#27;[35m[@503 - main]&amp#27;[m &amp#27;[36mcom.shaft.tools.io.ReportManager&amp#27;[m : File Action "DoesFileExist" successfully performed. With the following test data "File Path: "SteeringCompanyAPI_TestData/SteeringCompanyAPI_TestData.xlsx"".
2023-01-22 15:46:34.740 &amp#27;[32m INFO&amp#27;[m &amp#27;[35m[@503 - main]&amp#27;[m &amp#27;[36mcom.shaft.tools.io.ReportManager&amp#27;[m : Successfully created attachment "Test Data - Excel"
2023-01-22 15:46:35.325 &amp#27;[32m INFO&amp#27;[m &amp#27;[35m[@503 - main]&amp#27;[m &amp#27;[36mcom.shaft.tools.io.ReportManager&amp#27;[m : Response status code: "200", status line: "HTTP/1.1 200 OK"
2023-01-22 15:46:35.343 &amp#27;[32m INFO&amp#27;[m &amp#27;[35m[@503 - main]&amp#27;[m &amp#27;[36mcom.shaft.tools.io.ReportManager&amp#27;[m : Successfully created attachment "API Request - Specifications"
2023-01-22 15:46:35.345 &amp#27;[32m INFO&amp#27;[m &amp#27;[35m[@503 - main]&amp#27;[m &amp#27;[36mcom.shaft.tools.io.ReportManager&amp#27;[m : Successfully created attachment "API Request - Body"
2023-01-22 15:46:35.348 &amp#27;[32m INFO&amp#27;[m &amp#27;[35m[@503 - main]&amp#27;[m &amp#27;[36mcom.shaft.tools.io.ReportManager&amp#27;[m : Successfully created attachment "API Response - JSON Body"
2023-01-22 15:46:35.361 &amp#27;[32m INFO&amp#27;[m &amp#27;[35m[@503 - main]&amp#27;[m &amp#27;[36mcom.shaft.tools.io.ReportManager&amp#27;[m : File Action "DoesFileExist" successfully performed. With the following test data "File Path: "SteeringCompanyAPI_TestData/SteeringCompanyAPI_TestData.xlsx"".
2023-01-22 15:46:35.413 &amp#27;[32m INFO&amp#27;[m &amp#27;[35m[@503 - main]&amp#27;[m &amp#27;[36mcom.shaft.tools.io.ReportManager&amp#27;[m : Successfully created attachment "Test Data - Excel"
2023-01-22 15:46:35.413 &amp#27;[32m INFO&amp#27;[m &amp#27;[35m[@503 - main]&amp#27;[m &amp#27;[36mcom.shaft.tools.io.ReportManager&amp#27;[m : File Action "DoesFileExist" successfully performed. With the following test data "File Path: "SteeringCompanyAPI_TestData/SteeringCompanyAPI_TestData.xlsx"".
2023-01-22 15:46:35.456 &amp#27;[32m INFO&amp#27;[m &amp#27;[35m[@503 - main]&amp#27;[m &amp#27;[36mcom.shaft.tools.io.ReportManager&amp#27;[m : Successfully created attachment "Test Data - Excel"
2023-01-22 15:46:35.456 &amp#27;[32m INFO&amp#27;[m &amp#27;[35m[@503 - main]&amp#27;[m &amp#27;[36mcom.shaft.tools.io.ReportManager&amp#27;[m : File Action "DoesFileExist" successfully performed. With the following test data "File Path: "SteeringCompanyAPI_TestData/SteeringCompanyAPI_TestData.xlsx"".
2023-01-22 15:46:35.517 &amp#27;[32m INFO&amp#27;[m &amp#27;[35m[@503 - main]&amp#27;[m &amp#27;[36mcom.shaft.tools.io.ReportManager&amp#27;[m : Successfully created attachment "Test Data - Excel"
2023-01-22 15:46:35.992 &amp#27;[32m INFO&amp#27;[m &amp#27;[35m[@503 - main]&amp#27;[m &amp#27;[36mcom.shaft.tools.io.ReportManager&amp#27;[m : Response status code: "422", status line: "HTTP/1.1 422 "
2023-01-22 15:46:36.014 &amp#27;[32m INFO&amp#27;[m &amp#27;[35m[@503 - main]&amp#27;[m &amp#27;[36mcom.shaft.tools.io.ReportManager&amp#27;[m : Successfully created attachment "API Request - Specifications"
2023-01-22 15:46:36.014 &amp#27;[32m INFO&amp#27;[m &amp#27;[35m[@503 - main]&amp#27;[m &amp#27;[36mcom.shaft.tools.io.ReportManager&amp#27;[m : Successfully created attachment "API Request - JSON Body"
2023-01-22 15:46:36.016 &amp#27;[32m INFO&amp#27;[m &amp#27;[35m[@503 - main]&amp#27;[m &amp#27;[36mcom.shaft.tools.io.ReportManager&amp#27;[m : Successfully created attachment "API Response - JSON Body"
2023-01-22 15:46:36.018 &amp#27;[32m INFO&amp#27;[m &amp#27;[35m[@503 - main]&amp#27;[m &amp#27;[36mcom.shaft.tools.io.ReportManager&amp#27;[m : File Action "DoesFileExist" successfully performed. With the following test data "File Path: "Schemas/ValidationError_schema.json"".
2023-01-22 15:46:36.018 &amp#27;[32m INFO&amp#27;[m &amp#27;[35m[@503 - main]&amp#27;[m &amp#27;[36mcom.shaft.tools.io.ReportManager&amp#27;[m : File Action "DoesFileExist" successfully performed. With the following test data "File Path: "src/test/resources/testDataFiles/Schemas/ValidationError_schema.json"".
2023-01-22 15:46:36.018 &amp#27;[32m INFO&amp#27;[m &amp#27;[35m[@503 - main]&amp#27;[m &amp#27;[36mcom.shaft.tools.io.ReportManager&amp#27;[m : File Action "GetAbsolutePath" successfully performed. With the following test data "Relative Folder Path: "src/test/resources/testDataFiles/Schemas/ValidationError_schema.json"".
2023-01-22 15:46:36.022 &amp#27;[32m INFO&amp#27;[m &amp#27;[35m[@503 - main]&amp#27;[m &amp#27;[36mcom.shaft.tools.io.ReportManager&amp#27;[m : File Action "DoesFileExist" successfully performed. With the following test data "File Path: "C:\eclipse-workspace\MyProjects\TASystemsAPIs\src\test\resources\testDataFiles\Schemas\ValidationError_schema.json"".
2023-01-22 15:46:36.023 &amp#27;[32m INFO&amp#27;[m &amp#27;[35m[@503 - main]&amp#27;[m &amp#27;[36mcom.shaft.tools.io.ReportManager&amp#27;[m : File Action "GetAbsolutePath" successfully performed. With the following test data "Relative Folder Path: "C:\eclipse-workspace\MyProjects\TASystemsAPIs\src\test\resources\testDataFiles\Schemas\ValidationError_schema.json"".
2023-01-22 15:46:36.023 &amp#27;[32m INFO&amp#27;[m &amp#27;[35m[@503 - main]&amp#27;[m &amp#27;[36mcom.shaft.tools.io.ReportManager&amp#27;[m : File Action "ReadFile" successfully performed. With the following test data "File Path: "C:\eclipse-workspace\MyProjects\TASystemsAPIs\src\test\resources\testDataFiles\Schemas\ValidationError_schema.json"".
2023-01-22 15:46:36.026 &amp#27;[32m INFO&amp#27;[m &amp#27;[35m[@503 - main]&amp#27;[m &amp#27;[36mcom.shaft.tools.io.ReportManager&amp#27;[m : Successfully created attachment "Validation Test Data - Expected JSON Value"
2023-01-22 15:46:36.026 &amp#27;[32m INFO&amp#27;[m &amp#27;[35m[@503 - main]&amp#27;[m &amp#27;[36mcom.shaft.tools.io.ReportManager&amp#27;[m : Successfully created attachment "Validation Test Data - Actual JSON Value"
2023-01-22 15:46:36.027 &amp#27;[32m INFO&amp#27;[m &amp#27;[35m[@503 - main]&amp#27;[m &amp#27;[36mcom.shaft.tools.io.ReportManager&amp#27;[m : Successfully created attachment "SHAFT Engine Logs - Current Method log: Update_Policy_With_Missing_Keys_TC"
]]></system-out>
  </testcase>
  <testcase name="Update_Policy_With_Missing_Keys_TC[[Ljava.lang.Object;@3f6a15cf](23)" classname="SteeringCompanyAPI_TestCases.Test_Policies_Cases" time="1.565">
    <system-out><![CDATA[2023-01-22 15:46:36.032 &amp#27;[32m INFO&amp#27;[m &amp#27;[35m[@534 - main]&amp#27;[m &amp#27;[36mcom.shaft.tools.io.ReportManager&amp#27;[m : 
################################################################################################################################################
Starting Execution:	"274 out of 70" test cases in the current suite
Test Method:		"SteeringCompanyAPI_TestCases.Test_Policies_Cases.Update_Policy_With_Missing_Keys_TC"
Test Description:	"TC051 -Policy- Perform Update Policy with Missing Keys"
################################################################################################################################################
2023-01-22 15:46:36.032 &amp#27;[32m INFO&amp#27;[m &amp#27;[35m[@503 - main]&amp#27;[m &amp#27;[36mcom.shaft.tools.io.ReportManager&amp#27;[m : File Action "DoesFileExist" successfully performed. With the following test data "File Path: "SteeringCompanyAPI_TestData/SteeringCompanyAPI_TestData.xlsx"".
2023-01-22 15:46:36.109 &amp#27;[32m INFO&amp#27;[m &amp#27;[35m[@503 - main]&amp#27;[m &amp#27;[36mcom.shaft.tools.io.ReportManager&amp#27;[m : Successfully created attachment "Test Data - Excel"
2023-01-22 15:46:36.718 &amp#27;[32m INFO&amp#27;[m &amp#27;[35m[@503 - main]&amp#27;[m &amp#27;[36mcom.shaft.tools.io.ReportManager&amp#27;[m : Response status code: "200", status line: "HTTP/1.1 200 OK"
2023-01-22 15:46:36.737 &amp#27;[32m INFO&amp#27;[m &amp#27;[35m[@503 - main]&amp#27;[m &amp#27;[36mcom.shaft.tools.io.ReportManager&amp#27;[m : Successfully created attachment "API Request - Specifications"
2023-01-22 15:46:36.742 &amp#27;[32m INFO&amp#27;[m &amp#27;[35m[@503 - main]&amp#27;[m &amp#27;[36mcom.shaft.tools.io.ReportManager&amp#27;[m : Successfully created attachment "API Request - Body"
2023-01-22 15:46:36.743 &amp#27;[32m INFO&amp#27;[m &amp#27;[35m[@503 - main]&amp#27;[m &amp#27;[36mcom.shaft.tools.io.ReportManager&amp#27;[m : Successfully created attachment "API Response - JSON Body"
2023-01-22 15:46:36.758 &amp#27;[32m INFO&amp#27;[m &amp#27;[35m[@503 - main]&amp#27;[m &amp#27;[36mcom.shaft.tools.io.ReportManager&amp#27;[m : File Action "DoesFileExist" successfully performed. With the following test data "File Path: "SteeringCompanyAPI_TestData/SteeringCompanyAPI_TestData.xlsx"".
2023-01-22 15:46:36.806 &amp#27;[32m INFO&amp#27;[m &amp#27;[35m[@503 - main]&amp#27;[m &amp#27;[36mcom.shaft.tools.io.ReportManager&amp#27;[m : Successfully created attachment "Test Data - Excel"
2023-01-22 15:46:36.806 &amp#27;[32m INFO&amp#27;[m &amp#27;[35m[@503 - main]&amp#27;[m &amp#27;[36mcom.shaft.tools.io.ReportManager&amp#27;[m : File Action "DoesFileExist" successfully performed. With the following test data "File Path: "SteeringCompanyAPI_TestData/SteeringCompanyAPI_TestData.xlsx"".
2023-01-22 15:46:36.856 &amp#27;[32m INFO&amp#27;[m &amp#27;[35m[@503 - main]&amp#27;[m &amp#27;[36mcom.shaft.tools.io.ReportManager&amp#27;[m : Successfully created attachment "Test Data - Excel"
2023-01-22 15:46:36.856 &amp#27;[32m INFO&amp#27;[m &amp#27;[35m[@503 - main]&amp#27;[m &amp#27;[36mcom.shaft.tools.io.ReportManager&amp#27;[m : File Action "DoesFileExist" successfully performed. With the following test data "File Path: "SteeringCompanyAPI_TestData/SteeringCompanyAPI_TestData.xlsx"".
2023-01-22 15:46:36.932 &amp#27;[32m INFO&amp#27;[m &amp#27;[35m[@503 - main]&amp#27;[m &amp#27;[36mcom.shaft.tools.io.ReportManager&amp#27;[m : Successfully created attachment "Test Data - Excel"
2023-01-22 15:46:37.559 &amp#27;[32m INFO&amp#27;[m &amp#27;[35m[@503 - main]&amp#27;[m &amp#27;[36mcom.shaft.tools.io.ReportManager&amp#27;[m : Response status code: "422", status line: "HTTP/1.1 422 "
2023-01-22 15:46:37.575 &amp#27;[32m INFO&amp#27;[m &amp#27;[35m[@503 - main]&amp#27;[m &amp#27;[36mcom.shaft.tools.io.ReportManager&amp#27;[m : Successfully created attachment "API Request - Specifications"
2023-01-22 15:46:37.576 &amp#27;[32m INFO&amp#27;[m &amp#27;[35m[@503 - main]&amp#27;[m &amp#27;[36mcom.shaft.tools.io.ReportManager&amp#27;[m : Successfully created attachment "API Request - JSON Body"
2023-01-22 15:46:37.578 &amp#27;[32m INFO&amp#27;[m &amp#27;[35m[@503 - main]&amp#27;[m &amp#27;[36mcom.shaft.tools.io.ReportManager&amp#27;[m : Successfully created attachment "API Response - JSON Body"
2023-01-22 15:46:37.579 &amp#27;[32m INFO&amp#27;[m &amp#27;[35m[@503 - main]&amp#27;[m &amp#27;[36mcom.shaft.tools.io.ReportManager&amp#27;[m : File Action "DoesFileExist" successfully performed. With the following test data "File Path: "Schemas/ValidationError_schema.json"".
2023-01-22 15:46:37.579 &amp#27;[32m INFO&amp#27;[m &amp#27;[35m[@503 - main]&amp#27;[m &amp#27;[36mcom.shaft.tools.io.ReportManager&amp#27;[m : File Action "DoesFileExist" successfully performed. With the following test data "File Path: "src/test/resources/testDataFiles/Schemas/ValidationError_schema.json"".
2023-01-22 15:46:37.579 &amp#27;[32m INFO&amp#27;[m &amp#27;[35m[@503 - main]&amp#27;[m &amp#27;[36mcom.shaft.tools.io.ReportManager&amp#27;[m : File Action "GetAbsolutePath" successfully performed. With the following test data "Relative Folder Path: "src/test/resources/testDataFiles/Schemas/ValidationError_schema.json"".
2023-01-22 15:46:37.583 &amp#27;[32m INFO&amp#27;[m &amp#27;[35m[@503 - main]&amp#27;[m &amp#27;[36mcom.shaft.tools.io.ReportManager&amp#27;[m : File Action "DoesFileExist" successfully performed. With the following test data "File Path: "C:\eclipse-workspace\MyProjects\TASystemsAPIs\src\test\resources\testDataFiles\Schemas\ValidationError_schema.json"".
2023-01-22 15:46:37.583 &amp#27;[32m INFO&amp#27;[m &amp#27;[35m[@503 - main]&amp#27;[m &amp#27;[36mcom.shaft.tools.io.ReportManager&amp#27;[m : File Action "GetAbsolutePath" successfully performed. With the following test data "Relative Folder Path: "C:\eclipse-workspace\MyProjects\TASystemsAPIs\src\test\resources\testDataFiles\Schemas\ValidationError_schema.json"".
2023-01-22 15:46:37.583 &amp#27;[32m INFO&amp#27;[m &amp#27;[35m[@503 - main]&amp#27;[m &amp#27;[36mcom.shaft.tools.io.ReportManager&amp#27;[m : File Action "ReadFile" successfully performed. With the following test data "File Path: "C:\eclipse-workspace\MyProjects\TASystemsAPIs\src\test\resources\testDataFiles\Schemas\ValidationError_schema.json"".
2023-01-22 15:46:37.589 &amp#27;[32m INFO&amp#27;[m &amp#27;[35m[@503 - main]&amp#27;[m &amp#27;[36mcom.shaft.tools.io.ReportManager&amp#27;[m : Successfully created attachment "Validation Test Data - Expected JSON Value"
2023-01-22 15:46:37.590 &amp#27;[32m INFO&amp#27;[m &amp#27;[35m[@503 - main]&amp#27;[m &amp#27;[36mcom.shaft.tools.io.ReportManager&amp#27;[m : Successfully created attachment "Validation Test Data - Actual JSON Value"
2023-01-22 15:46:37.592 &amp#27;[32m INFO&amp#27;[m &amp#27;[35m[@503 - main]&amp#27;[m &amp#27;[36mcom.shaft.tools.io.ReportManager&amp#27;[m : Successfully created attachment "SHAFT Engine Logs - Current Method log: Update_Policy_With_Missing_Keys_TC"
]]></system-out>
  </testcase>
  <testcase name="Update_Policy_With_Missing_Keys_TC[[Ljava.lang.Object;@b801f5d](24)" classname="SteeringCompanyAPI_TestCases.Test_Policies_Cases" time="1.562">
    <system-out><![CDATA[2023-01-22 15:46:37.596 &amp#27;[32m INFO&amp#27;[m &amp#27;[35m[@534 - main]&amp#27;[m &amp#27;[36mcom.shaft.tools.io.ReportManager&amp#27;[m : 
################################################################################################################################################
Starting Execution:	"275 out of 70" test cases in the current suite
Test Method:		"SteeringCompanyAPI_TestCases.Test_Policies_Cases.Update_Policy_With_Missing_Keys_TC"
Test Description:	"TC051 -Policy- Perform Update Policy with Missing Keys"
################################################################################################################################################
2023-01-22 15:46:37.596 &amp#27;[32m INFO&amp#27;[m &amp#27;[35m[@503 - main]&amp#27;[m &amp#27;[36mcom.shaft.tools.io.ReportManager&amp#27;[m : File Action "DoesFileExist" successfully performed. With the following test data "File Path: "SteeringCompanyAPI_TestData/SteeringCompanyAPI_TestData.xlsx"".
2023-01-22 15:46:37.651 &amp#27;[32m INFO&amp#27;[m &amp#27;[35m[@503 - main]&amp#27;[m &amp#27;[36mcom.shaft.tools.io.ReportManager&amp#27;[m : Successfully created attachment "Test Data - Excel"
2023-01-22 15:46:38.296 &amp#27;[32m INFO&amp#27;[m &amp#27;[35m[@503 - main]&amp#27;[m &amp#27;[36mcom.shaft.tools.io.ReportManager&amp#27;[m : Response status code: "200", status line: "HTTP/1.1 200 OK"
2023-01-22 15:46:38.312 &amp#27;[32m INFO&amp#27;[m &amp#27;[35m[@503 - main]&amp#27;[m &amp#27;[36mcom.shaft.tools.io.ReportManager&amp#27;[m : Successfully created attachment "API Request - Specifications"
2023-01-22 15:46:38.312 &amp#27;[32m INFO&amp#27;[m &amp#27;[35m[@503 - main]&amp#27;[m &amp#27;[36mcom.shaft.tools.io.ReportManager&amp#27;[m : Successfully created attachment "API Request - Body"
2023-01-22 15:46:38.316 &amp#27;[32m INFO&amp#27;[m &amp#27;[35m[@503 - main]&amp#27;[m &amp#27;[36mcom.shaft.tools.io.ReportManager&amp#27;[m : Successfully created attachment "API Response - JSON Body"
2023-01-22 15:46:38.331 &amp#27;[32m INFO&amp#27;[m &amp#27;[35m[@503 - main]&amp#27;[m &amp#27;[36mcom.shaft.tools.io.ReportManager&amp#27;[m : File Action "DoesFileExist" successfully performed. With the following test data "File Path: "SteeringCompanyAPI_TestData/SteeringCompanyAPI_TestData.xlsx"".
2023-01-22 15:46:38.398 &amp#27;[32m INFO&amp#27;[m &amp#27;[35m[@503 - main]&amp#27;[m &amp#27;[36mcom.shaft.tools.io.ReportManager&amp#27;[m : Successfully created attachment "Test Data - Excel"
2023-01-22 15:46:38.398 &amp#27;[32m INFO&amp#27;[m &amp#27;[35m[@503 - main]&amp#27;[m &amp#27;[36mcom.shaft.tools.io.ReportManager&amp#27;[m : File Action "DoesFileExist" successfully performed. With the following test data "File Path: "SteeringCompanyAPI_TestData/SteeringCompanyAPI_TestData.xlsx"".
2023-01-22 15:46:38.456 &amp#27;[32m INFO&amp#27;[m &amp#27;[35m[@503 - main]&amp#27;[m &amp#27;[36mcom.shaft.tools.io.ReportManager&amp#27;[m : Successfully created attachment "Test Data - Excel"
2023-01-22 15:46:38.456 &amp#27;[32m INFO&amp#27;[m &amp#27;[35m[@503 - main]&amp#27;[m &amp#27;[36mcom.shaft.tools.io.ReportManager&amp#27;[m : File Action "DoesFileExist" successfully performed. With the following test data "File Path: "SteeringCompanyAPI_TestData/SteeringCompanyAPI_TestData.xlsx"".
2023-01-22 15:46:38.505 &amp#27;[32m INFO&amp#27;[m &amp#27;[35m[@503 - main]&amp#27;[m &amp#27;[36mcom.shaft.tools.io.ReportManager&amp#27;[m : Successfully created attachment "Test Data - Excel"
2023-01-22 15:46:39.119 &amp#27;[32m INFO&amp#27;[m &amp#27;[35m[@503 - main]&amp#27;[m &amp#27;[36mcom.shaft.tools.io.ReportManager&amp#27;[m : Response status code: "422", status line: "HTTP/1.1 422 "
2023-01-22 15:46:39.137 &amp#27;[32m INFO&amp#27;[m &amp#27;[35m[@503 - main]&amp#27;[m &amp#27;[36mcom.shaft.tools.io.ReportManager&amp#27;[m : Successfully created attachment "API Request - Specifications"
2023-01-22 15:46:39.139 &amp#27;[32m INFO&amp#27;[m &amp#27;[35m[@503 - main]&amp#27;[m &amp#27;[36mcom.shaft.tools.io.ReportManager&amp#27;[m : Successfully created attachment "API Request - JSON Body"
2023-01-22 15:46:39.140 &amp#27;[32m INFO&amp#27;[m &amp#27;[35m[@503 - main]&amp#27;[m &amp#27;[36mcom.shaft.tools.io.ReportManager&amp#27;[m : Successfully created attachment "API Response - JSON Body"
2023-01-22 15:46:39.140 &amp#27;[32m INFO&amp#27;[m &amp#27;[35m[@503 - main]&amp#27;[m &amp#27;[36mcom.shaft.tools.io.ReportManager&amp#27;[m : File Action "DoesFileExist" successfully performed. With the following test data "File Path: "Schemas/ValidationError_schema.json"".
2023-01-22 15:46:39.141 &amp#27;[32m INFO&amp#27;[m &amp#27;[35m[@503 - main]&amp#27;[m &amp#27;[36mcom.shaft.tools.io.ReportManager&amp#27;[m : File Action "DoesFileExist" successfully performed. With the following test data "File Path: "src/test/resources/testDataFiles/Schemas/ValidationError_schema.json"".
2023-01-22 15:46:39.141 &amp#27;[32m INFO&amp#27;[m &amp#27;[35m[@503 - main]&amp#27;[m &amp#27;[36mcom.shaft.tools.io.ReportManager&amp#27;[m : File Action "GetAbsolutePath" successfully performed. With the following test data "Relative Folder Path: "src/test/resources/testDataFiles/Schemas/ValidationError_schema.json"".
2023-01-22 15:46:39.146 &amp#27;[32m INFO&amp#27;[m &amp#27;[35m[@503 - main]&amp#27;[m &amp#27;[36mcom.shaft.tools.io.ReportManager&amp#27;[m : File Action "DoesFileExist" successfully performed. With the following test data "File Path: "C:\eclipse-workspace\MyProjects\TASystemsAPIs\src\test\resources\testDataFiles\Schemas\ValidationError_schema.json"".
2023-01-22 15:46:39.146 &amp#27;[32m INFO&amp#27;[m &amp#27;[35m[@503 - main]&amp#27;[m &amp#27;[36mcom.shaft.tools.io.ReportManager&amp#27;[m : File Action "GetAbsolutePath" successfully performed. With the following test data "Relative Folder Path: "C:\eclipse-workspace\MyProjects\TASystemsAPIs\src\test\resources\testDataFiles\Schemas\ValidationError_schema.json"".
2023-01-22 15:46:39.147 &amp#27;[32m INFO&amp#27;[m &amp#27;[35m[@503 - main]&amp#27;[m &amp#27;[36mcom.shaft.tools.io.ReportManager&amp#27;[m : File Action "ReadFile" successfully performed. With the following test data "File Path: "C:\eclipse-workspace\MyProjects\TASystemsAPIs\src\test\resources\testDataFiles\Schemas\ValidationError_schema.json"".
2023-01-22 15:46:39.149 &amp#27;[32m INFO&amp#27;[m &amp#27;[35m[@503 - main]&amp#27;[m &amp#27;[36mcom.shaft.tools.io.ReportManager&amp#27;[m : Successfully created attachment "Validation Test Data - Expected JSON Value"
2023-01-22 15:46:39.152 &amp#27;[32m INFO&amp#27;[m &amp#27;[35m[@503 - main]&amp#27;[m &amp#27;[36mcom.shaft.tools.io.ReportManager&amp#27;[m : Successfully created attachment "Validation Test Data - Actual JSON Value"
2023-01-22 15:46:39.154 &amp#27;[32m INFO&amp#27;[m &amp#27;[35m[@503 - main]&amp#27;[m &amp#27;[36mcom.shaft.tools.io.ReportManager&amp#27;[m : Successfully created attachment "SHAFT Engine Logs - Current Method log: Update_Policy_With_Missing_Keys_TC"
]]></system-out>
  </testcase>
  <testcase name="Update_Policy_With_Missing_Keys_TC[[Ljava.lang.Object;@93f3568](25)" classname="SteeringCompanyAPI_TestCases.Test_Policies_Cases" time="1.482">
    <system-out><![CDATA[2023-01-22 15:46:39.158 &amp#27;[32m INFO&amp#27;[m &amp#27;[35m[@534 - main]&amp#27;[m &amp#27;[36mcom.shaft.tools.io.ReportManager&amp#27;[m : 
################################################################################################################################################
Starting Execution:	"276 out of 70" test cases in the current suite
Test Method:		"SteeringCompanyAPI_TestCases.Test_Policies_Cases.Update_Policy_With_Missing_Keys_TC"
Test Description:	"TC051 -Policy- Perform Update Policy with Missing Keys"
################################################################################################################################################
2023-01-22 15:46:39.159 &amp#27;[32m INFO&amp#27;[m &amp#27;[35m[@503 - main]&amp#27;[m &amp#27;[36mcom.shaft.tools.io.ReportManager&amp#27;[m : File Action "DoesFileExist" successfully performed. With the following test data "File Path: "SteeringCompanyAPI_TestData/SteeringCompanyAPI_TestData.xlsx"".
2023-01-22 15:46:39.212 &amp#27;[32m INFO&amp#27;[m &amp#27;[35m[@503 - main]&amp#27;[m &amp#27;[36mcom.shaft.tools.io.ReportManager&amp#27;[m : Successfully created attachment "Test Data - Excel"
2023-01-22 15:46:39.861 &amp#27;[32m INFO&amp#27;[m &amp#27;[35m[@503 - main]&amp#27;[m &amp#27;[36mcom.shaft.tools.io.ReportManager&amp#27;[m : Response status code: "200", status line: "HTTP/1.1 200 OK"
2023-01-22 15:46:39.874 &amp#27;[32m INFO&amp#27;[m &amp#27;[35m[@503 - main]&amp#27;[m &amp#27;[36mcom.shaft.tools.io.ReportManager&amp#27;[m : Successfully created attachment "API Request - Specifications"
2023-01-22 15:46:39.877 &amp#27;[32m INFO&amp#27;[m &amp#27;[35m[@503 - main]&amp#27;[m &amp#27;[36mcom.shaft.tools.io.ReportManager&amp#27;[m : Successfully created attachment "API Request - Body"
2023-01-22 15:46:39.878 &amp#27;[32m INFO&amp#27;[m &amp#27;[35m[@503 - main]&amp#27;[m &amp#27;[36mcom.shaft.tools.io.ReportManager&amp#27;[m : Successfully created attachment "API Response - JSON Body"
2023-01-22 15:46:39.896 &amp#27;[32m INFO&amp#27;[m &amp#27;[35m[@503 - main]&amp#27;[m &amp#27;[36mcom.shaft.tools.io.ReportManager&amp#27;[m : File Action "DoesFileExist" successfully performed. With the following test data "File Path: "SteeringCompanyAPI_TestData/SteeringCompanyAPI_TestData.xlsx"".
2023-01-22 15:46:39.941 &amp#27;[32m INFO&amp#27;[m &amp#27;[35m[@503 - main]&amp#27;[m &amp#27;[36mcom.shaft.tools.io.ReportManager&amp#27;[m : Successfully created attachment "Test Data - Excel"
2023-01-22 15:46:39.941 &amp#27;[32m INFO&amp#27;[m &amp#27;[35m[@503 - main]&amp#27;[m &amp#27;[36mcom.shaft.tools.io.ReportManager&amp#27;[m : File Action "DoesFileExist" successfully performed. With the following test data "File Path: "SteeringCompanyAPI_TestData/SteeringCompanyAPI_TestData.xlsx"".
2023-01-22 15:46:39.982 &amp#27;[32m INFO&amp#27;[m &amp#27;[35m[@503 - main]&amp#27;[m &amp#27;[36mcom.shaft.tools.io.ReportManager&amp#27;[m : Successfully created attachment "Test Data - Excel"
2023-01-22 15:46:39.983 &amp#27;[32m INFO&amp#27;[m &amp#27;[35m[@503 - main]&amp#27;[m &amp#27;[36mcom.shaft.tools.io.ReportManager&amp#27;[m : File Action "DoesFileExist" successfully performed. With the following test data "File Path: "SteeringCompanyAPI_TestData/SteeringCompanyAPI_TestData.xlsx"".
2023-01-22 15:46:40.026 &amp#27;[32m INFO&amp#27;[m &amp#27;[35m[@503 - main]&amp#27;[m &amp#27;[36mcom.shaft.tools.io.ReportManager&amp#27;[m : Successfully created attachment "Test Data - Excel"
2023-01-22 15:46:40.593 &amp#27;[32m INFO&amp#27;[m &amp#27;[35m[@503 - main]&amp#27;[m &amp#27;[36mcom.shaft.tools.io.ReportManager&amp#27;[m : Response status code: "422", status line: "HTTP/1.1 422 "
2023-01-22 15:46:40.615 &amp#27;[32m INFO&amp#27;[m &amp#27;[35m[@503 - main]&amp#27;[m &amp#27;[36mcom.shaft.tools.io.ReportManager&amp#27;[m : Successfully created attachment "API Request - Specifications"
2023-01-22 15:46:40.619 &amp#27;[32m INFO&amp#27;[m &amp#27;[35m[@503 - main]&amp#27;[m &amp#27;[36mcom.shaft.tools.io.ReportManager&amp#27;[m : Successfully created attachment "API Request - JSON Body"
2023-01-22 15:46:40.621 &amp#27;[32m INFO&amp#27;[m &amp#27;[35m[@503 - main]&amp#27;[m &amp#27;[36mcom.shaft.tools.io.ReportManager&amp#27;[m : Successfully created attachment "API Response - JSON Body"
2023-01-22 15:46:40.623 &amp#27;[32m INFO&amp#27;[m &amp#27;[35m[@503 - main]&amp#27;[m &amp#27;[36mcom.shaft.tools.io.ReportManager&amp#27;[m : File Action "DoesFileExist" successfully performed. With the following test data "File Path: "Schemas/ValidationError_schema.json"".
2023-01-22 15:46:40.624 &amp#27;[32m INFO&amp#27;[m &amp#27;[35m[@503 - main]&amp#27;[m &amp#27;[36mcom.shaft.tools.io.ReportManager&amp#27;[m : File Action "DoesFileExist" successfully performed. With the following test data "File Path: "src/test/resources/testDataFiles/Schemas/ValidationError_schema.json"".
2023-01-22 15:46:40.625 &amp#27;[32m INFO&amp#27;[m &amp#27;[35m[@503 - main]&amp#27;[m &amp#27;[36mcom.shaft.tools.io.ReportManager&amp#27;[m : File Action "GetAbsolutePath" successfully performed. With the following test data "Relative Folder Path: "src/test/resources/testDataFiles/Schemas/ValidationError_schema.json"".
2023-01-22 15:46:40.631 &amp#27;[32m INFO&amp#27;[m &amp#27;[35m[@503 - main]&amp#27;[m &amp#27;[36mcom.shaft.tools.io.ReportManager&amp#27;[m : File Action "DoesFileExist" successfully performed. With the following test data "File Path: "C:\eclipse-workspace\MyProjects\TASystemsAPIs\src\test\resources\testDataFiles\Schemas\ValidationError_schema.json"".
2023-01-22 15:46:40.631 &amp#27;[32m INFO&amp#27;[m &amp#27;[35m[@503 - main]&amp#27;[m &amp#27;[36mcom.shaft.tools.io.ReportManager&amp#27;[m : File Action "GetAbsolutePath" successfully performed. With the following test data "Relative Folder Path: "C:\eclipse-workspace\MyProjects\TASystemsAPIs\src\test\resources\testDataFiles\Schemas\ValidationError_schema.json"".
2023-01-22 15:46:40.632 &amp#27;[32m INFO&amp#27;[m &amp#27;[35m[@503 - main]&amp#27;[m &amp#27;[36mcom.shaft.tools.io.ReportManager&amp#27;[m : File Action "ReadFile" successfully performed. With the following test data "File Path: "C:\eclipse-workspace\MyProjects\TASystemsAPIs\src\test\resources\testDataFiles\Schemas\ValidationError_schema.json"".
2023-01-22 15:46:40.635 &amp#27;[32m INFO&amp#27;[m &amp#27;[35m[@503 - main]&amp#27;[m &amp#27;[36mcom.shaft.tools.io.ReportManager&amp#27;[m : Successfully created attachment "Validation Test Data - Expected JSON Value"
2023-01-22 15:46:40.636 &amp#27;[32m INFO&amp#27;[m &amp#27;[35m[@503 - main]&amp#27;[m &amp#27;[36mcom.shaft.tools.io.ReportManager&amp#27;[m : Successfully created attachment "Validation Test Data - Actual JSON Value"
2023-01-22 15:46:40.638 &amp#27;[32m INFO&amp#27;[m &amp#27;[35m[@503 - main]&amp#27;[m &amp#27;[36mcom.shaft.tools.io.ReportManager&amp#27;[m : Successfully created attachment "SHAFT Engine Logs - Current Method log: Update_Policy_With_Missing_Keys_TC"
]]></system-out>
  </testcase>
  <testcase name="Update_Policy_With_Missing_Keys_TC[[Ljava.lang.Object;@139faee6](26)" classname="SteeringCompanyAPI_TestCases.Test_Policies_Cases" time="1.449">
    <system-out><![CDATA[2023-01-22 15:46:40.641 &amp#27;[32m INFO&amp#27;[m &amp#27;[35m[@534 - main]&amp#27;[m &amp#27;[36mcom.shaft.tools.io.ReportManager&amp#27;[m : 
################################################################################################################################################
Starting Execution:	"277 out of 70" test cases in the current suite
Test Method:		"SteeringCompanyAPI_TestCases.Test_Policies_Cases.Update_Policy_With_Missing_Keys_TC"
Test Description:	"TC051 -Policy- Perform Update Policy with Missing Keys"
################################################################################################################################################
2023-01-22 15:46:40.642 &amp#27;[32m INFO&amp#27;[m &amp#27;[35m[@503 - main]&amp#27;[m &amp#27;[36mcom.shaft.tools.io.ReportManager&amp#27;[m : File Action "DoesFileExist" successfully performed. With the following test data "File Path: "SteeringCompanyAPI_TestData/SteeringCompanyAPI_TestData.xlsx"".
2023-01-22 15:46:40.708 &amp#27;[32m INFO&amp#27;[m &amp#27;[35m[@503 - main]&amp#27;[m &amp#27;[36mcom.shaft.tools.io.ReportManager&amp#27;[m : Successfully created attachment "Test Data - Excel"
2023-01-22 15:46:41.395 &amp#27;[32m INFO&amp#27;[m &amp#27;[35m[@503 - main]&amp#27;[m &amp#27;[36mcom.shaft.tools.io.ReportManager&amp#27;[m : Response status code: "200", status line: "HTTP/1.1 200 OK"
2023-01-22 15:46:41.409 &amp#27;[32m INFO&amp#27;[m &amp#27;[35m[@503 - main]&amp#27;[m &amp#27;[36mcom.shaft.tools.io.ReportManager&amp#27;[m : Successfully created attachment "API Request - Specifications"
2023-01-22 15:46:41.411 &amp#27;[32m INFO&amp#27;[m &amp#27;[35m[@503 - main]&amp#27;[m &amp#27;[36mcom.shaft.tools.io.ReportManager&amp#27;[m : Successfully created attachment "API Request - Body"
2023-01-22 15:46:41.412 &amp#27;[32m INFO&amp#27;[m &amp#27;[35m[@503 - main]&amp#27;[m &amp#27;[36mcom.shaft.tools.io.ReportManager&amp#27;[m : Successfully created attachment "API Response - JSON Body"
2023-01-22 15:46:41.426 &amp#27;[32m INFO&amp#27;[m &amp#27;[35m[@503 - main]&amp#27;[m &amp#27;[36mcom.shaft.tools.io.ReportManager&amp#27;[m : File Action "DoesFileExist" successfully performed. With the following test data "File Path: "SteeringCompanyAPI_TestData/SteeringCompanyAPI_TestData.xlsx"".
2023-01-22 15:46:41.486 &amp#27;[32m INFO&amp#27;[m &amp#27;[35m[@503 - main]&amp#27;[m &amp#27;[36mcom.shaft.tools.io.ReportManager&amp#27;[m : Successfully created attachment "Test Data - Excel"
2023-01-22 15:46:41.487 &amp#27;[32m INFO&amp#27;[m &amp#27;[35m[@503 - main]&amp#27;[m &amp#27;[36mcom.shaft.tools.io.ReportManager&amp#27;[m : File Action "DoesFileExist" successfully performed. With the following test data "File Path: "SteeringCompanyAPI_TestData/SteeringCompanyAPI_TestData.xlsx"".
2023-01-22 15:46:41.541 &amp#27;[32m INFO&amp#27;[m &amp#27;[35m[@503 - main]&amp#27;[m &amp#27;[36mcom.shaft.tools.io.ReportManager&amp#27;[m : Successfully created attachment "Test Data - Excel"
2023-01-22 15:46:41.542 &amp#27;[32m INFO&amp#27;[m &amp#27;[35m[@503 - main]&amp#27;[m &amp#27;[36mcom.shaft.tools.io.ReportManager&amp#27;[m : File Action "DoesFileExist" successfully performed. With the following test data "File Path: "SteeringCompanyAPI_TestData/SteeringCompanyAPI_TestData.xlsx"".
2023-01-22 15:46:41.587 &amp#27;[32m INFO&amp#27;[m &amp#27;[35m[@503 - main]&amp#27;[m &amp#27;[36mcom.shaft.tools.io.ReportManager&amp#27;[m : Successfully created attachment "Test Data - Excel"
2023-01-22 15:46:42.042 &amp#27;[32m INFO&amp#27;[m &amp#27;[35m[@503 - main]&amp#27;[m &amp#27;[36mcom.shaft.tools.io.ReportManager&amp#27;[m : Response status code: "422", status line: "HTTP/1.1 422 "
2023-01-22 15:46:42.063 &amp#27;[32m INFO&amp#27;[m &amp#27;[35m[@503 - main]&amp#27;[m &amp#27;[36mcom.shaft.tools.io.ReportManager&amp#27;[m : Successfully created attachment "API Request - Specifications"
2023-01-22 15:46:42.065 &amp#27;[32m INFO&amp#27;[m &amp#27;[35m[@503 - main]&amp#27;[m &amp#27;[36mcom.shaft.tools.io.ReportManager&amp#27;[m : Successfully created attachment "API Request - JSON Body"
2023-01-22 15:46:42.069 &amp#27;[32m INFO&amp#27;[m &amp#27;[35m[@503 - main]&amp#27;[m &amp#27;[36mcom.shaft.tools.io.ReportManager&amp#27;[m : Successfully created attachment "API Response - JSON Body"
2023-01-22 15:46:42.071 &amp#27;[32m INFO&amp#27;[m &amp#27;[35m[@503 - main]&amp#27;[m &amp#27;[36mcom.shaft.tools.io.ReportManager&amp#27;[m : File Action "DoesFileExist" successfully performed. With the following test data "File Path: "Schemas/ValidationError_schema.json"".
2023-01-22 15:46:42.072 &amp#27;[32m INFO&amp#27;[m &amp#27;[35m[@503 - main]&amp#27;[m &amp#27;[36mcom.shaft.tools.io.ReportManager&amp#27;[m : File Action "DoesFileExist" successfully performed. With the following test data "File Path: "src/test/resources/testDataFiles/Schemas/ValidationError_schema.json"".
2023-01-22 15:46:42.072 &amp#27;[32m INFO&amp#27;[m &amp#27;[35m[@503 - main]&amp#27;[m &amp#27;[36mcom.shaft.tools.io.ReportManager&amp#27;[m : File Action "GetAbsolutePath" successfully performed. With the following test data "Relative Folder Path: "src/test/resources/testDataFiles/Schemas/ValidationError_schema.json"".
2023-01-22 15:46:42.077 &amp#27;[32m INFO&amp#27;[m &amp#27;[35m[@503 - main]&amp#27;[m &amp#27;[36mcom.shaft.tools.io.ReportManager&amp#27;[m : File Action "DoesFileExist" successfully performed. With the following test data "File Path: "C:\eclipse-workspace\MyProjects\TASystemsAPIs\src\test\resources\testDataFiles\Schemas\ValidationError_schema.json"".
2023-01-22 15:46:42.078 &amp#27;[32m INFO&amp#27;[m &amp#27;[35m[@503 - main]&amp#27;[m &amp#27;[36mcom.shaft.tools.io.ReportManager&amp#27;[m : File Action "GetAbsolutePath" successfully performed. With the following test data "Relative Folder Path: "C:\eclipse-workspace\MyProjects\TASystemsAPIs\src\test\resources\testDataFiles\Schemas\ValidationError_schema.json"".
2023-01-22 15:46:42.079 &amp#27;[32m INFO&amp#27;[m &amp#27;[35m[@503 - main]&amp#27;[m &amp#27;[36mcom.shaft.tools.io.ReportManager&amp#27;[m : File Action "ReadFile" successfully performed. With the following test data "File Path: "C:\eclipse-workspace\MyProjects\TASystemsAPIs\src\test\resources\testDataFiles\Schemas\ValidationError_schema.json"".
2023-01-22 15:46:42.082 &amp#27;[32m INFO&amp#27;[m &amp#27;[35m[@503 - main]&amp#27;[m &amp#27;[36mcom.shaft.tools.io.ReportManager&amp#27;[m : Successfully created attachment "Validation Test Data - Expected JSON Value"
2023-01-22 15:46:42.084 &amp#27;[32m INFO&amp#27;[m &amp#27;[35m[@503 - main]&amp#27;[m &amp#27;[36mcom.shaft.tools.io.ReportManager&amp#27;[m : Successfully created attachment "Validation Test Data - Actual JSON Value"
2023-01-22 15:46:42.086 &amp#27;[32m INFO&amp#27;[m &amp#27;[35m[@503 - main]&amp#27;[m &amp#27;[36mcom.shaft.tools.io.ReportManager&amp#27;[m : Successfully created attachment "SHAFT Engine Logs - Current Method log: Update_Policy_With_Missing_Keys_TC"
]]></system-out>
  </testcase>
  <testcase name="Update_Policy_With_Missing_Keys_TC[[Ljava.lang.Object;@68f7d537](27)" classname="SteeringCompanyAPI_TestCases.Test_Policies_Cases" time="1.511">
    <system-out><![CDATA[2023-01-22 15:46:42.093 &amp#27;[32m INFO&amp#27;[m &amp#27;[35m[@534 - main]&amp#27;[m &amp#27;[36mcom.shaft.tools.io.ReportManager&amp#27;[m : 
################################################################################################################################################
Starting Execution:	"278 out of 70" test cases in the current suite
Test Method:		"SteeringCompanyAPI_TestCases.Test_Policies_Cases.Update_Policy_With_Missing_Keys_TC"
Test Description:	"TC051 -Policy- Perform Update Policy with Missing Keys"
################################################################################################################################################
2023-01-22 15:46:42.094 &amp#27;[32m INFO&amp#27;[m &amp#27;[35m[@503 - main]&amp#27;[m &amp#27;[36mcom.shaft.tools.io.ReportManager&amp#27;[m : File Action "DoesFileExist" successfully performed. With the following test data "File Path: "SteeringCompanyAPI_TestData/SteeringCompanyAPI_TestData.xlsx"".
2023-01-22 15:46:42.161 &amp#27;[32m INFO&amp#27;[m &amp#27;[35m[@503 - main]&amp#27;[m &amp#27;[36mcom.shaft.tools.io.ReportManager&amp#27;[m : Successfully created attachment "Test Data - Excel"
2023-01-22 15:46:42.820 &amp#27;[32m INFO&amp#27;[m &amp#27;[35m[@503 - main]&amp#27;[m &amp#27;[36mcom.shaft.tools.io.ReportManager&amp#27;[m : Response status code: "200", status line: "HTTP/1.1 200 OK"
2023-01-22 15:46:42.837 &amp#27;[32m INFO&amp#27;[m &amp#27;[35m[@503 - main]&amp#27;[m &amp#27;[36mcom.shaft.tools.io.ReportManager&amp#27;[m : Successfully created attachment "API Request - Specifications"
2023-01-22 15:46:42.838 &amp#27;[32m INFO&amp#27;[m &amp#27;[35m[@503 - main]&amp#27;[m &amp#27;[36mcom.shaft.tools.io.ReportManager&amp#27;[m : Successfully created attachment "API Request - Body"
2023-01-22 15:46:42.840 &amp#27;[32m INFO&amp#27;[m &amp#27;[35m[@503 - main]&amp#27;[m &amp#27;[36mcom.shaft.tools.io.ReportManager&amp#27;[m : Successfully created attachment "API Response - JSON Body"
2023-01-22 15:46:42.863 &amp#27;[32m INFO&amp#27;[m &amp#27;[35m[@503 - main]&amp#27;[m &amp#27;[36mcom.shaft.tools.io.ReportManager&amp#27;[m : File Action "DoesFileExist" successfully performed. With the following test data "File Path: "SteeringCompanyAPI_TestData/SteeringCompanyAPI_TestData.xlsx"".
2023-01-22 15:46:42.911 &amp#27;[32m INFO&amp#27;[m &amp#27;[35m[@503 - main]&amp#27;[m &amp#27;[36mcom.shaft.tools.io.ReportManager&amp#27;[m : Successfully created attachment "Test Data - Excel"
2023-01-22 15:46:42.912 &amp#27;[32m INFO&amp#27;[m &amp#27;[35m[@503 - main]&amp#27;[m &amp#27;[36mcom.shaft.tools.io.ReportManager&amp#27;[m : File Action "DoesFileExist" successfully performed. With the following test data "File Path: "SteeringCompanyAPI_TestData/SteeringCompanyAPI_TestData.xlsx"".
2023-01-22 15:46:42.967 &amp#27;[32m INFO&amp#27;[m &amp#27;[35m[@503 - main]&amp#27;[m &amp#27;[36mcom.shaft.tools.io.ReportManager&amp#27;[m : Successfully created attachment "Test Data - Excel"
2023-01-22 15:46:42.967 &amp#27;[32m INFO&amp#27;[m &amp#27;[35m[@503 - main]&amp#27;[m &amp#27;[36mcom.shaft.tools.io.ReportManager&amp#27;[m : File Action "DoesFileExist" successfully performed. With the following test data "File Path: "SteeringCompanyAPI_TestData/SteeringCompanyAPI_TestData.xlsx"".
2023-01-22 15:46:43.014 &amp#27;[32m INFO&amp#27;[m &amp#27;[35m[@503 - main]&amp#27;[m &amp#27;[36mcom.shaft.tools.io.ReportManager&amp#27;[m : Successfully created attachment "Test Data - Excel"
2023-01-22 15:46:43.569 &amp#27;[32m INFO&amp#27;[m &amp#27;[35m[@503 - main]&amp#27;[m &amp#27;[36mcom.shaft.tools.io.ReportManager&amp#27;[m : Response status code: "422", status line: "HTTP/1.1 422 "
2023-01-22 15:46:43.588 &amp#27;[32m INFO&amp#27;[m &amp#27;[35m[@503 - main]&amp#27;[m &amp#27;[36mcom.shaft.tools.io.ReportManager&amp#27;[m : Successfully created attachment "API Request - Specifications"
2023-01-22 15:46:43.588 &amp#27;[32m INFO&amp#27;[m &amp#27;[35m[@503 - main]&amp#27;[m &amp#27;[36mcom.shaft.tools.io.ReportManager&amp#27;[m : Successfully created attachment "API Request - JSON Body"
2023-01-22 15:46:43.589 &amp#27;[32m INFO&amp#27;[m &amp#27;[35m[@503 - main]&amp#27;[m &amp#27;[36mcom.shaft.tools.io.ReportManager&amp#27;[m : Successfully created attachment "API Response - JSON Body"
2023-01-22 15:46:43.590 &amp#27;[32m INFO&amp#27;[m &amp#27;[35m[@503 - main]&amp#27;[m &amp#27;[36mcom.shaft.tools.io.ReportManager&amp#27;[m : File Action "DoesFileExist" successfully performed. With the following test data "File Path: "Schemas/ValidationError_schema.json"".
2023-01-22 15:46:43.591 &amp#27;[32m INFO&amp#27;[m &amp#27;[35m[@503 - main]&amp#27;[m &amp#27;[36mcom.shaft.tools.io.ReportManager&amp#27;[m : File Action "DoesFileExist" successfully performed. With the following test data "File Path: "src/test/resources/testDataFiles/Schemas/ValidationError_schema.json"".
2023-01-22 15:46:43.591 &amp#27;[32m INFO&amp#27;[m &amp#27;[35m[@503 - main]&amp#27;[m &amp#27;[36mcom.shaft.tools.io.ReportManager&amp#27;[m : File Action "GetAbsolutePath" successfully performed. With the following test data "Relative Folder Path: "src/test/resources/testDataFiles/Schemas/ValidationError_schema.json"".
2023-01-22 15:46:43.594 &amp#27;[32m INFO&amp#27;[m &amp#27;[35m[@503 - main]&amp#27;[m &amp#27;[36mcom.shaft.tools.io.ReportManager&amp#27;[m : File Action "DoesFileExist" successfully performed. With the following test data "File Path: "C:\eclipse-workspace\MyProjects\TASystemsAPIs\src\test\resources\testDataFiles\Schemas\ValidationError_schema.json"".
2023-01-22 15:46:43.594 &amp#27;[32m INFO&amp#27;[m &amp#27;[35m[@503 - main]&amp#27;[m &amp#27;[36mcom.shaft.tools.io.ReportManager&amp#27;[m : File Action "GetAbsolutePath" successfully performed. With the following test data "Relative Folder Path: "C:\eclipse-workspace\MyProjects\TASystemsAPIs\src\test\resources\testDataFiles\Schemas\ValidationError_schema.json"".
2023-01-22 15:46:43.595 &amp#27;[32m INFO&amp#27;[m &amp#27;[35m[@503 - main]&amp#27;[m &amp#27;[36mcom.shaft.tools.io.ReportManager&amp#27;[m : File Action "ReadFile" successfully performed. With the following test data "File Path: "C:\eclipse-workspace\MyProjects\TASystemsAPIs\src\test\resources\testDataFiles\Schemas\ValidationError_schema.json"".
2023-01-22 15:46:43.597 &amp#27;[32m INFO&amp#27;[m &amp#27;[35m[@503 - main]&amp#27;[m &amp#27;[36mcom.shaft.tools.io.ReportManager&amp#27;[m : Successfully created attachment "Validation Test Data - Expected JSON Value"
2023-01-22 15:46:43.599 &amp#27;[32m INFO&amp#27;[m &amp#27;[35m[@503 - main]&amp#27;[m &amp#27;[36mcom.shaft.tools.io.ReportManager&amp#27;[m : Successfully created attachment "Validation Test Data - Actual JSON Value"
2023-01-22 15:46:43.600 &amp#27;[32m INFO&amp#27;[m &amp#27;[35m[@503 - main]&amp#27;[m &amp#27;[36mcom.shaft.tools.io.ReportManager&amp#27;[m : Successfully created attachment "SHAFT Engine Logs - Current Method log: Update_Policy_With_Missing_Keys_TC"
]]></system-out>
  </testcase>
  <testcase name="Update_Policy_With_Missing_Keys_TC[[Ljava.lang.Object;@272b0608](28)" classname="SteeringCompanyAPI_TestCases.Test_Policies_Cases" time="1.478">
    <system-out><![CDATA[2023-01-22 15:46:43.602 &amp#27;[32m INFO&amp#27;[m &amp#27;[35m[@534 - main]&amp#27;[m &amp#27;[36mcom.shaft.tools.io.ReportManager&amp#27;[m : 
################################################################################################################################################
Starting Execution:	"279 out of 70" test cases in the current suite
Test Method:		"SteeringCompanyAPI_TestCases.Test_Policies_Cases.Update_Policy_With_Missing_Keys_TC"
Test Description:	"TC051 -Policy- Perform Update Policy with Missing Keys"
################################################################################################################################################
2023-01-22 15:46:43.602 &amp#27;[32m INFO&amp#27;[m &amp#27;[35m[@503 - main]&amp#27;[m &amp#27;[36mcom.shaft.tools.io.ReportManager&amp#27;[m : File Action "DoesFileExist" successfully performed. With the following test data "File Path: "SteeringCompanyAPI_TestData/SteeringCompanyAPI_TestData.xlsx"".
2023-01-22 15:46:43.655 &amp#27;[32m INFO&amp#27;[m &amp#27;[35m[@503 - main]&amp#27;[m &amp#27;[36mcom.shaft.tools.io.ReportManager&amp#27;[m : Successfully created attachment "Test Data - Excel"
2023-01-22 15:46:44.343 &amp#27;[32m INFO&amp#27;[m &amp#27;[35m[@503 - main]&amp#27;[m &amp#27;[36mcom.shaft.tools.io.ReportManager&amp#27;[m : Response status code: "200", status line: "HTTP/1.1 200 OK"
2023-01-22 15:46:44.360 &amp#27;[32m INFO&amp#27;[m &amp#27;[35m[@503 - main]&amp#27;[m &amp#27;[36mcom.shaft.tools.io.ReportManager&amp#27;[m : Successfully created attachment "API Request - Specifications"
2023-01-22 15:46:44.362 &amp#27;[32m INFO&amp#27;[m &amp#27;[35m[@503 - main]&amp#27;[m &amp#27;[36mcom.shaft.tools.io.ReportManager&amp#27;[m : Successfully created attachment "API Request - Body"
2023-01-22 15:46:44.364 &amp#27;[32m INFO&amp#27;[m &amp#27;[35m[@503 - main]&amp#27;[m &amp#27;[36mcom.shaft.tools.io.ReportManager&amp#27;[m : Successfully created attachment "API Response - JSON Body"
2023-01-22 15:46:44.376 &amp#27;[32m INFO&amp#27;[m &amp#27;[35m[@503 - main]&amp#27;[m &amp#27;[36mcom.shaft.tools.io.ReportManager&amp#27;[m : File Action "DoesFileExist" successfully performed. With the following test data "File Path: "SteeringCompanyAPI_TestData/SteeringCompanyAPI_TestData.xlsx"".
2023-01-22 15:46:44.426 &amp#27;[32m INFO&amp#27;[m &amp#27;[35m[@503 - main]&amp#27;[m &amp#27;[36mcom.shaft.tools.io.ReportManager&amp#27;[m : Successfully created attachment "Test Data - Excel"
2023-01-22 15:46:44.426 &amp#27;[32m INFO&amp#27;[m &amp#27;[35m[@503 - main]&amp#27;[m &amp#27;[36mcom.shaft.tools.io.ReportManager&amp#27;[m : File Action "DoesFileExist" successfully performed. With the following test data "File Path: "SteeringCompanyAPI_TestData/SteeringCompanyAPI_TestData.xlsx"".
2023-01-22 15:46:44.471 &amp#27;[32m INFO&amp#27;[m &amp#27;[35m[@503 - main]&amp#27;[m &amp#27;[36mcom.shaft.tools.io.ReportManager&amp#27;[m : Successfully created attachment "Test Data - Excel"
2023-01-22 15:46:44.471 &amp#27;[32m INFO&amp#27;[m &amp#27;[35m[@503 - main]&amp#27;[m &amp#27;[36mcom.shaft.tools.io.ReportManager&amp#27;[m : File Action "DoesFileExist" successfully performed. With the following test data "File Path: "SteeringCompanyAPI_TestData/SteeringCompanyAPI_TestData.xlsx"".
2023-01-22 15:46:44.519 &amp#27;[32m INFO&amp#27;[m &amp#27;[35m[@503 - main]&amp#27;[m &amp#27;[36mcom.shaft.tools.io.ReportManager&amp#27;[m : Successfully created attachment "Test Data - Excel"
2023-01-22 15:46:45.047 &amp#27;[32m INFO&amp#27;[m &amp#27;[35m[@503 - main]&amp#27;[m &amp#27;[36mcom.shaft.tools.io.ReportManager&amp#27;[m : Response status code: "422", status line: "HTTP/1.1 422 "
2023-01-22 15:46:45.060 &amp#27;[32m INFO&amp#27;[m &amp#27;[35m[@503 - main]&amp#27;[m &amp#27;[36mcom.shaft.tools.io.ReportManager&amp#27;[m : Successfully created attachment "API Request - Specifications"
2023-01-22 15:46:45.064 &amp#27;[32m INFO&amp#27;[m &amp#27;[35m[@503 - main]&amp#27;[m &amp#27;[36mcom.shaft.tools.io.ReportManager&amp#27;[m : Successfully created attachment "API Request - JSON Body"
2023-01-22 15:46:45.066 &amp#27;[32m INFO&amp#27;[m &amp#27;[35m[@503 - main]&amp#27;[m &amp#27;[36mcom.shaft.tools.io.ReportManager&amp#27;[m : Successfully created attachment "API Response - JSON Body"
2023-01-22 15:46:45.067 &amp#27;[32m INFO&amp#27;[m &amp#27;[35m[@503 - main]&amp#27;[m &amp#27;[36mcom.shaft.tools.io.ReportManager&amp#27;[m : File Action "DoesFileExist" successfully performed. With the following test data "File Path: "Schemas/ValidationError_schema.json"".
2023-01-22 15:46:45.067 &amp#27;[32m INFO&amp#27;[m &amp#27;[35m[@503 - main]&amp#27;[m &amp#27;[36mcom.shaft.tools.io.ReportManager&amp#27;[m : File Action "DoesFileExist" successfully performed. With the following test data "File Path: "src/test/resources/testDataFiles/Schemas/ValidationError_schema.json"".
2023-01-22 15:46:45.068 &amp#27;[32m INFO&amp#27;[m &amp#27;[35m[@503 - main]&amp#27;[m &amp#27;[36mcom.shaft.tools.io.ReportManager&amp#27;[m : File Action "GetAbsolutePath" successfully performed. With the following test data "Relative Folder Path: "src/test/resources/testDataFiles/Schemas/ValidationError_schema.json"".
2023-01-22 15:46:45.071 &amp#27;[32m INFO&amp#27;[m &amp#27;[35m[@503 - main]&amp#27;[m &amp#27;[36mcom.shaft.tools.io.ReportManager&amp#27;[m : File Action "DoesFileExist" successfully performed. With the following test data "File Path: "C:\eclipse-workspace\MyProjects\TASystemsAPIs\src\test\resources\testDataFiles\Schemas\ValidationError_schema.json"".
2023-01-22 15:46:45.071 &amp#27;[32m INFO&amp#27;[m &amp#27;[35m[@503 - main]&amp#27;[m &amp#27;[36mcom.shaft.tools.io.ReportManager&amp#27;[m : File Action "GetAbsolutePath" successfully performed. With the following test data "Relative Folder Path: "C:\eclipse-workspace\MyProjects\TASystemsAPIs\src\test\resources\testDataFiles\Schemas\ValidationError_schema.json"".
2023-01-22 15:46:45.071 &amp#27;[32m INFO&amp#27;[m &amp#27;[35m[@503 - main]&amp#27;[m &amp#27;[36mcom.shaft.tools.io.ReportManager&amp#27;[m : File Action "ReadFile" successfully performed. With the following test data "File Path: "C:\eclipse-workspace\MyProjects\TASystemsAPIs\src\test\resources\testDataFiles\Schemas\ValidationError_schema.json"".
2023-01-22 15:46:45.073 &amp#27;[32m INFO&amp#27;[m &amp#27;[35m[@503 - main]&amp#27;[m &amp#27;[36mcom.shaft.tools.io.ReportManager&amp#27;[m : Successfully created attachment "Validation Test Data - Expected JSON Value"
2023-01-22 15:46:45.075 &amp#27;[32m INFO&amp#27;[m &amp#27;[35m[@503 - main]&amp#27;[m &amp#27;[36mcom.shaft.tools.io.ReportManager&amp#27;[m : Successfully created attachment "Validation Test Data - Actual JSON Value"
2023-01-22 15:46:45.077 &amp#27;[32m INFO&amp#27;[m &amp#27;[35m[@503 - main]&amp#27;[m &amp#27;[36mcom.shaft.tools.io.ReportManager&amp#27;[m : Successfully created attachment "SHAFT Engine Logs - Current Method log: Update_Policy_With_Missing_Keys_TC"
]]></system-out>
  </testcase>
  <testcase name="Update_Policy_With_Missing_Keys_TC[[Ljava.lang.Object;@2ca88b95](29)" classname="SteeringCompanyAPI_TestCases.Test_Policies_Cases" time="1.577">
    <system-out><![CDATA[2023-01-22 15:46:45.081 &amp#27;[32m INFO&amp#27;[m &amp#27;[35m[@534 - main]&amp#27;[m &amp#27;[36mcom.shaft.tools.io.ReportManager&amp#27;[m : 
################################################################################################################################################
Starting Execution:	"280 out of 70" test cases in the current suite
Test Method:		"SteeringCompanyAPI_TestCases.Test_Policies_Cases.Update_Policy_With_Missing_Keys_TC"
Test Description:	"TC051 -Policy- Perform Update Policy with Missing Keys"
################################################################################################################################################
2023-01-22 15:46:45.082 &amp#27;[32m INFO&amp#27;[m &amp#27;[35m[@503 - main]&amp#27;[m &amp#27;[36mcom.shaft.tools.io.ReportManager&amp#27;[m : File Action "DoesFileExist" successfully performed. With the following test data "File Path: "SteeringCompanyAPI_TestData/SteeringCompanyAPI_TestData.xlsx"".
2023-01-22 15:46:45.139 &amp#27;[32m INFO&amp#27;[m &amp#27;[35m[@503 - main]&amp#27;[m &amp#27;[36mcom.shaft.tools.io.ReportManager&amp#27;[m : Successfully created attachment "Test Data - Excel"
2023-01-22 15:46:45.908 &amp#27;[32m INFO&amp#27;[m &amp#27;[35m[@503 - main]&amp#27;[m &amp#27;[36mcom.shaft.tools.io.ReportManager&amp#27;[m : Response status code: "200", status line: "HTTP/1.1 200 OK"
2023-01-22 15:46:45.928 &amp#27;[32m INFO&amp#27;[m &amp#27;[35m[@503 - main]&amp#27;[m &amp#27;[36mcom.shaft.tools.io.ReportManager&amp#27;[m : Successfully created attachment "API Request - Specifications"
2023-01-22 15:46:45.930 &amp#27;[32m INFO&amp#27;[m &amp#27;[35m[@503 - main]&amp#27;[m &amp#27;[36mcom.shaft.tools.io.ReportManager&amp#27;[m : Successfully created attachment "API Request - Body"
2023-01-22 15:46:45.931 &amp#27;[32m INFO&amp#27;[m &amp#27;[35m[@503 - main]&amp#27;[m &amp#27;[36mcom.shaft.tools.io.ReportManager&amp#27;[m : Successfully created attachment "API Response - JSON Body"
2023-01-22 15:46:45.945 &amp#27;[32m INFO&amp#27;[m &amp#27;[35m[@503 - main]&amp#27;[m &amp#27;[36mcom.shaft.tools.io.ReportManager&amp#27;[m : File Action "DoesFileExist" successfully performed. With the following test data "File Path: "SteeringCompanyAPI_TestData/SteeringCompanyAPI_TestData.xlsx"".
2023-01-22 15:46:45.995 &amp#27;[32m INFO&amp#27;[m &amp#27;[35m[@503 - main]&amp#27;[m &amp#27;[36mcom.shaft.tools.io.ReportManager&amp#27;[m : Successfully created attachment "Test Data - Excel"
2023-01-22 15:46:45.996 &amp#27;[32m INFO&amp#27;[m &amp#27;[35m[@503 - main]&amp#27;[m &amp#27;[36mcom.shaft.tools.io.ReportManager&amp#27;[m : File Action "DoesFileExist" successfully performed. With the following test data "File Path: "SteeringCompanyAPI_TestData/SteeringCompanyAPI_TestData.xlsx"".
2023-01-22 15:46:46.048 &amp#27;[32m INFO&amp#27;[m &amp#27;[35m[@503 - main]&amp#27;[m &amp#27;[36mcom.shaft.tools.io.ReportManager&amp#27;[m : Successfully created attachment "Test Data - Excel"
2023-01-22 15:46:46.049 &amp#27;[32m INFO&amp#27;[m &amp#27;[35m[@503 - main]&amp#27;[m &amp#27;[36mcom.shaft.tools.io.ReportManager&amp#27;[m : File Action "DoesFileExist" successfully performed. With the following test data "File Path: "SteeringCompanyAPI_TestData/SteeringCompanyAPI_TestData.xlsx"".
2023-01-22 15:46:46.109 &amp#27;[32m INFO&amp#27;[m &amp#27;[35m[@503 - main]&amp#27;[m &amp#27;[36mcom.shaft.tools.io.ReportManager&amp#27;[m : Successfully created attachment "Test Data - Excel"
2023-01-22 15:46:46.624 &amp#27;[32m INFO&amp#27;[m &amp#27;[35m[@503 - main]&amp#27;[m &amp#27;[36mcom.shaft.tools.io.ReportManager&amp#27;[m : Response status code: "422", status line: "HTTP/1.1 422 "
2023-01-22 15:46:46.639 &amp#27;[32m INFO&amp#27;[m &amp#27;[35m[@503 - main]&amp#27;[m &amp#27;[36mcom.shaft.tools.io.ReportManager&amp#27;[m : Successfully created attachment "API Request - Specifications"
2023-01-22 15:46:46.641 &amp#27;[32m INFO&amp#27;[m &amp#27;[35m[@503 - main]&amp#27;[m &amp#27;[36mcom.shaft.tools.io.ReportManager&amp#27;[m : Successfully created attachment "API Request - JSON Body"
2023-01-22 15:46:46.645 &amp#27;[32m INFO&amp#27;[m &amp#27;[35m[@503 - main]&amp#27;[m &amp#27;[36mcom.shaft.tools.io.ReportManager&amp#27;[m : Successfully created attachment "API Response - JSON Body"
2023-01-22 15:46:46.645 &amp#27;[32m INFO&amp#27;[m &amp#27;[35m[@503 - main]&amp#27;[m &amp#27;[36mcom.shaft.tools.io.ReportManager&amp#27;[m : File Action "DoesFileExist" successfully performed. With the following test data "File Path: "Schemas/ValidationError_schema.json"".
2023-01-22 15:46:46.645 &amp#27;[32m INFO&amp#27;[m &amp#27;[35m[@503 - main]&amp#27;[m &amp#27;[36mcom.shaft.tools.io.ReportManager&amp#27;[m : File Action "DoesFileExist" successfully performed. With the following test data "File Path: "src/test/resources/testDataFiles/Schemas/ValidationError_schema.json"".
2023-01-22 15:46:46.646 &amp#27;[32m INFO&amp#27;[m &amp#27;[35m[@503 - main]&amp#27;[m &amp#27;[36mcom.shaft.tools.io.ReportManager&amp#27;[m : File Action "GetAbsolutePath" successfully performed. With the following test data "Relative Folder Path: "src/test/resources/testDataFiles/Schemas/ValidationError_schema.json"".
2023-01-22 15:46:46.649 &amp#27;[32m INFO&amp#27;[m &amp#27;[35m[@503 - main]&amp#27;[m &amp#27;[36mcom.shaft.tools.io.ReportManager&amp#27;[m : File Action "DoesFileExist" successfully performed. With the following test data "File Path: "C:\eclipse-workspace\MyProjects\TASystemsAPIs\src\test\resources\testDataFiles\Schemas\ValidationError_schema.json"".
2023-01-22 15:46:46.649 &amp#27;[32m INFO&amp#27;[m &amp#27;[35m[@503 - main]&amp#27;[m &amp#27;[36mcom.shaft.tools.io.ReportManager&amp#27;[m : File Action "GetAbsolutePath" successfully performed. With the following test data "Relative Folder Path: "C:\eclipse-workspace\MyProjects\TASystemsAPIs\src\test\resources\testDataFiles\Schemas\ValidationError_schema.json"".
2023-01-22 15:46:46.649 &amp#27;[32m INFO&amp#27;[m &amp#27;[35m[@503 - main]&amp#27;[m &amp#27;[36mcom.shaft.tools.io.ReportManager&amp#27;[m : File Action "ReadFile" successfully performed. With the following test data "File Path: "C:\eclipse-workspace\MyProjects\TASystemsAPIs\src\test\resources\testDataFiles\Schemas\ValidationError_schema.json"".
2023-01-22 15:46:46.652 &amp#27;[32m INFO&amp#27;[m &amp#27;[35m[@503 - main]&amp#27;[m &amp#27;[36mcom.shaft.tools.io.ReportManager&amp#27;[m : Successfully created attachment "Validation Test Data - Expected JSON Value"
2023-01-22 15:46:46.652 &amp#27;[32m INFO&amp#27;[m &amp#27;[35m[@503 - main]&amp#27;[m &amp#27;[36mcom.shaft.tools.io.ReportManager&amp#27;[m : Successfully created attachment "Validation Test Data - Actual JSON Value"
2023-01-22 15:46:46.653 &amp#27;[32m INFO&amp#27;[m &amp#27;[35m[@503 - main]&amp#27;[m &amp#27;[36mcom.shaft.tools.io.ReportManager&amp#27;[m : Successfully created attachment "SHAFT Engine Logs - Current Method log: Update_Policy_With_Missing_Keys_TC"
]]></system-out>
  </testcase>
  <testcase name="Update_Policy_With_Missing_Keys_TC[[Ljava.lang.Object;@29ab9e91](30)" classname="SteeringCompanyAPI_TestCases.Test_Policies_Cases" time="1.385">
    <system-out><![CDATA[2023-01-22 15:46:46.657 &amp#27;[32m INFO&amp#27;[m &amp#27;[35m[@534 - main]&amp#27;[m &amp#27;[36mcom.shaft.tools.io.ReportManager&amp#27;[m : 
################################################################################################################################################
Starting Execution:	"281 out of 70" test cases in the current suite
Test Method:		"SteeringCompanyAPI_TestCases.Test_Policies_Cases.Update_Policy_With_Missing_Keys_TC"
Test Description:	"TC051 -Policy- Perform Update Policy with Missing Keys"
################################################################################################################################################
2023-01-22 15:46:46.657 &amp#27;[32m INFO&amp#27;[m &amp#27;[35m[@503 - main]&amp#27;[m &amp#27;[36mcom.shaft.tools.io.ReportManager&amp#27;[m : File Action "DoesFileExist" successfully performed. With the following test data "File Path: "SteeringCompanyAPI_TestData/SteeringCompanyAPI_TestData.xlsx"".
2023-01-22 15:46:46.715 &amp#27;[32m INFO&amp#27;[m &amp#27;[35m[@503 - main]&amp#27;[m &amp#27;[36mcom.shaft.tools.io.ReportManager&amp#27;[m : Successfully created attachment "Test Data - Excel"
2023-01-22 15:46:47.292 &amp#27;[32m INFO&amp#27;[m &amp#27;[35m[@503 - main]&amp#27;[m &amp#27;[36mcom.shaft.tools.io.ReportManager&amp#27;[m : Response status code: "200", status line: "HTTP/1.1 200 OK"
2023-01-22 15:46:47.314 &amp#27;[32m INFO&amp#27;[m &amp#27;[35m[@503 - main]&amp#27;[m &amp#27;[36mcom.shaft.tools.io.ReportManager&amp#27;[m : Successfully created attachment "API Request - Specifications"
2023-01-22 15:46:47.315 &amp#27;[32m INFO&amp#27;[m &amp#27;[35m[@503 - main]&amp#27;[m &amp#27;[36mcom.shaft.tools.io.ReportManager&amp#27;[m : Successfully created attachment "API Request - Body"
2023-01-22 15:46:47.315 &amp#27;[32m INFO&amp#27;[m &amp#27;[35m[@503 - main]&amp#27;[m &amp#27;[36mcom.shaft.tools.io.ReportManager&amp#27;[m : Successfully created attachment "API Response - JSON Body"
2023-01-22 15:46:47.334 &amp#27;[32m INFO&amp#27;[m &amp#27;[35m[@503 - main]&amp#27;[m &amp#27;[36mcom.shaft.tools.io.ReportManager&amp#27;[m : File Action "DoesFileExist" successfully performed. With the following test data "File Path: "SteeringCompanyAPI_TestData/SteeringCompanyAPI_TestData.xlsx"".
2023-01-22 15:46:47.384 &amp#27;[32m INFO&amp#27;[m &amp#27;[35m[@503 - main]&amp#27;[m &amp#27;[36mcom.shaft.tools.io.ReportManager&amp#27;[m : Successfully created attachment "Test Data - Excel"
2023-01-22 15:46:47.384 &amp#27;[32m INFO&amp#27;[m &amp#27;[35m[@503 - main]&amp#27;[m &amp#27;[36mcom.shaft.tools.io.ReportManager&amp#27;[m : File Action "DoesFileExist" successfully performed. With the following test data "File Path: "SteeringCompanyAPI_TestData/SteeringCompanyAPI_TestData.xlsx"".
2023-01-22 15:46:47.440 &amp#27;[32m INFO&amp#27;[m &amp#27;[35m[@503 - main]&amp#27;[m &amp#27;[36mcom.shaft.tools.io.ReportManager&amp#27;[m : Successfully created attachment "Test Data - Excel"
2023-01-22 15:46:47.441 &amp#27;[32m INFO&amp#27;[m &amp#27;[35m[@503 - main]&amp#27;[m &amp#27;[36mcom.shaft.tools.io.ReportManager&amp#27;[m : File Action "DoesFileExist" successfully performed. With the following test data "File Path: "SteeringCompanyAPI_TestData/SteeringCompanyAPI_TestData.xlsx"".
2023-01-22 15:46:47.495 &amp#27;[32m INFO&amp#27;[m &amp#27;[35m[@503 - main]&amp#27;[m &amp#27;[36mcom.shaft.tools.io.ReportManager&amp#27;[m : Successfully created attachment "Test Data - Excel"
2023-01-22 15:46:48.001 &amp#27;[32m INFO&amp#27;[m &amp#27;[35m[@503 - main]&amp#27;[m &amp#27;[36mcom.shaft.tools.io.ReportManager&amp#27;[m : Response status code: "422", status line: "HTTP/1.1 422 "
2023-01-22 15:46:48.018 &amp#27;[32m INFO&amp#27;[m &amp#27;[35m[@503 - main]&amp#27;[m &amp#27;[36mcom.shaft.tools.io.ReportManager&amp#27;[m : Successfully created attachment "API Request - Specifications"
2023-01-22 15:46:48.019 &amp#27;[32m INFO&amp#27;[m &amp#27;[35m[@503 - main]&amp#27;[m &amp#27;[36mcom.shaft.tools.io.ReportManager&amp#27;[m : Successfully created attachment "API Request - JSON Body"
2023-01-22 15:46:48.022 &amp#27;[32m INFO&amp#27;[m &amp#27;[35m[@503 - main]&amp#27;[m &amp#27;[36mcom.shaft.tools.io.ReportManager&amp#27;[m : Successfully created attachment "API Response - JSON Body"
2023-01-22 15:46:48.025 &amp#27;[32m INFO&amp#27;[m &amp#27;[35m[@503 - main]&amp#27;[m &amp#27;[36mcom.shaft.tools.io.ReportManager&amp#27;[m : File Action "DoesFileExist" successfully performed. With the following test data "File Path: "Schemas/ValidationError_schema.json"".
2023-01-22 15:46:48.025 &amp#27;[32m INFO&amp#27;[m &amp#27;[35m[@503 - main]&amp#27;[m &amp#27;[36mcom.shaft.tools.io.ReportManager&amp#27;[m : File Action "DoesFileExist" successfully performed. With the following test data "File Path: "src/test/resources/testDataFiles/Schemas/ValidationError_schema.json"".
2023-01-22 15:46:48.025 &amp#27;[32m INFO&amp#27;[m &amp#27;[35m[@503 - main]&amp#27;[m &amp#27;[36mcom.shaft.tools.io.ReportManager&amp#27;[m : File Action "GetAbsolutePath" successfully performed. With the following test data "Relative Folder Path: "src/test/resources/testDataFiles/Schemas/ValidationError_schema.json"".
2023-01-22 15:46:48.029 &amp#27;[32m INFO&amp#27;[m &amp#27;[35m[@503 - main]&amp#27;[m &amp#27;[36mcom.shaft.tools.io.ReportManager&amp#27;[m : File Action "DoesFileExist" successfully performed. With the following test data "File Path: "C:\eclipse-workspace\MyProjects\TASystemsAPIs\src\test\resources\testDataFiles\Schemas\ValidationError_schema.json"".
2023-01-22 15:46:48.030 &amp#27;[32m INFO&amp#27;[m &amp#27;[35m[@503 - main]&amp#27;[m &amp#27;[36mcom.shaft.tools.io.ReportManager&amp#27;[m : File Action "GetAbsolutePath" successfully performed. With the following test data "Relative Folder Path: "C:\eclipse-workspace\MyProjects\TASystemsAPIs\src\test\resources\testDataFiles\Schemas\ValidationError_schema.json"".
2023-01-22 15:46:48.031 &amp#27;[32m INFO&amp#27;[m &amp#27;[35m[@503 - main]&amp#27;[m &amp#27;[36mcom.shaft.tools.io.ReportManager&amp#27;[m : File Action "ReadFile" successfully performed. With the following test data "File Path: "C:\eclipse-workspace\MyProjects\TASystemsAPIs\src\test\resources\testDataFiles\Schemas\ValidationError_schema.json"".
2023-01-22 15:46:48.034 &amp#27;[32m INFO&amp#27;[m &amp#27;[35m[@503 - main]&amp#27;[m &amp#27;[36mcom.shaft.tools.io.ReportManager&amp#27;[m : Successfully created attachment "Validation Test Data - Expected JSON Value"
2023-01-22 15:46:48.036 &amp#27;[32m INFO&amp#27;[m &amp#27;[35m[@503 - main]&amp#27;[m &amp#27;[36mcom.shaft.tools.io.ReportManager&amp#27;[m : Successfully created attachment "Validation Test Data - Actual JSON Value"
2023-01-22 15:46:48.038 &amp#27;[32m INFO&amp#27;[m &amp#27;[35m[@503 - main]&amp#27;[m &amp#27;[36mcom.shaft.tools.io.ReportManager&amp#27;[m : Successfully created attachment "SHAFT Engine Logs - Current Method log: Update_Policy_With_Missing_Keys_TC"
]]></system-out>
  </testcase>
  <testcase name="Update_Policy_With_Missing_Keys_TC[[Ljava.lang.Object;@14fafa60](31)" classname="SteeringCompanyAPI_TestCases.Test_Policies_Cases" time="1.378">
    <system-out><![CDATA[2023-01-22 15:46:48.045 &amp#27;[32m INFO&amp#27;[m &amp#27;[35m[@534 - main]&amp#27;[m &amp#27;[36mcom.shaft.tools.io.ReportManager&amp#27;[m : 
################################################################################################################################################
Starting Execution:	"282 out of 70" test cases in the current suite
Test Method:		"SteeringCompanyAPI_TestCases.Test_Policies_Cases.Update_Policy_With_Missing_Keys_TC"
Test Description:	"TC051 -Policy- Perform Update Policy with Missing Keys"
################################################################################################################################################
2023-01-22 15:46:48.046 &amp#27;[32m INFO&amp#27;[m &amp#27;[35m[@503 - main]&amp#27;[m &amp#27;[36mcom.shaft.tools.io.ReportManager&amp#27;[m : File Action "DoesFileExist" successfully performed. With the following test data "File Path: "SteeringCompanyAPI_TestData/SteeringCompanyAPI_TestData.xlsx"".
2023-01-22 15:46:48.121 &amp#27;[32m INFO&amp#27;[m &amp#27;[35m[@503 - main]&amp#27;[m &amp#27;[36mcom.shaft.tools.io.ReportManager&amp#27;[m : Successfully created attachment "Test Data - Excel"
2023-01-22 15:46:48.717 &amp#27;[32m INFO&amp#27;[m &amp#27;[35m[@503 - main]&amp#27;[m &amp#27;[36mcom.shaft.tools.io.ReportManager&amp#27;[m : Response status code: "200", status line: "HTTP/1.1 200 OK"
2023-01-22 15:46:48.733 &amp#27;[32m INFO&amp#27;[m &amp#27;[35m[@503 - main]&amp#27;[m &amp#27;[36mcom.shaft.tools.io.ReportManager&amp#27;[m : Successfully created attachment "API Request - Specifications"
2023-01-22 15:46:48.736 &amp#27;[32m INFO&amp#27;[m &amp#27;[35m[@503 - main]&amp#27;[m &amp#27;[36mcom.shaft.tools.io.ReportManager&amp#27;[m : Successfully created attachment "API Request - Body"
2023-01-22 15:46:48.738 &amp#27;[32m INFO&amp#27;[m &amp#27;[35m[@503 - main]&amp#27;[m &amp#27;[36mcom.shaft.tools.io.ReportManager&amp#27;[m : Successfully created attachment "API Response - JSON Body"
2023-01-22 15:46:48.753 &amp#27;[32m INFO&amp#27;[m &amp#27;[35m[@503 - main]&amp#27;[m &amp#27;[36mcom.shaft.tools.io.ReportManager&amp#27;[m : File Action "DoesFileExist" successfully performed. With the following test data "File Path: "SteeringCompanyAPI_TestData/SteeringCompanyAPI_TestData.xlsx"".
2023-01-22 15:46:48.801 &amp#27;[32m INFO&amp#27;[m &amp#27;[35m[@503 - main]&amp#27;[m &amp#27;[36mcom.shaft.tools.io.ReportManager&amp#27;[m : Successfully created attachment "Test Data - Excel"
2023-01-22 15:46:48.801 &amp#27;[32m INFO&amp#27;[m &amp#27;[35m[@503 - main]&amp#27;[m &amp#27;[36mcom.shaft.tools.io.ReportManager&amp#27;[m : File Action "DoesFileExist" successfully performed. With the following test data "File Path: "SteeringCompanyAPI_TestData/SteeringCompanyAPI_TestData.xlsx"".
2023-01-22 15:46:48.852 &amp#27;[32m INFO&amp#27;[m &amp#27;[35m[@503 - main]&amp#27;[m &amp#27;[36mcom.shaft.tools.io.ReportManager&amp#27;[m : Successfully created attachment "Test Data - Excel"
2023-01-22 15:46:48.853 &amp#27;[32m INFO&amp#27;[m &amp#27;[35m[@503 - main]&amp#27;[m &amp#27;[36mcom.shaft.tools.io.ReportManager&amp#27;[m : File Action "DoesFileExist" successfully performed. With the following test data "File Path: "SteeringCompanyAPI_TestData/SteeringCompanyAPI_TestData.xlsx"".
2023-01-22 15:46:48.907 &amp#27;[32m INFO&amp#27;[m &amp#27;[35m[@503 - main]&amp#27;[m &amp#27;[36mcom.shaft.tools.io.ReportManager&amp#27;[m : Successfully created attachment "Test Data - Excel"
2023-01-22 15:46:49.368 &amp#27;[32m INFO&amp#27;[m &amp#27;[35m[@503 - main]&amp#27;[m &amp#27;[36mcom.shaft.tools.io.ReportManager&amp#27;[m : Response status code: "422", status line: "HTTP/1.1 422 "
2023-01-22 15:46:49.391 &amp#27;[32m INFO&amp#27;[m &amp#27;[35m[@503 - main]&amp#27;[m &amp#27;[36mcom.shaft.tools.io.ReportManager&amp#27;[m : Successfully created attachment "API Request - Specifications"
2023-01-22 15:46:49.393 &amp#27;[32m INFO&amp#27;[m &amp#27;[35m[@503 - main]&amp#27;[m &amp#27;[36mcom.shaft.tools.io.ReportManager&amp#27;[m : Successfully created attachment "API Request - JSON Body"
2023-01-22 15:46:49.395 &amp#27;[32m INFO&amp#27;[m &amp#27;[35m[@503 - main]&amp#27;[m &amp#27;[36mcom.shaft.tools.io.ReportManager&amp#27;[m : Successfully created attachment "API Response - JSON Body"
2023-01-22 15:46:49.398 &amp#27;[32m INFO&amp#27;[m &amp#27;[35m[@503 - main]&amp#27;[m &amp#27;[36mcom.shaft.tools.io.ReportManager&amp#27;[m : File Action "DoesFileExist" successfully performed. With the following test data "File Path: "Schemas/ValidationError_schema.json"".
2023-01-22 15:46:49.399 &amp#27;[32m INFO&amp#27;[m &amp#27;[35m[@503 - main]&amp#27;[m &amp#27;[36mcom.shaft.tools.io.ReportManager&amp#27;[m : File Action "DoesFileExist" successfully performed. With the following test data "File Path: "src/test/resources/testDataFiles/Schemas/ValidationError_schema.json"".
2023-01-22 15:46:49.399 &amp#27;[32m INFO&amp#27;[m &amp#27;[35m[@503 - main]&amp#27;[m &amp#27;[36mcom.shaft.tools.io.ReportManager&amp#27;[m : File Action "GetAbsolutePath" successfully performed. With the following test data "Relative Folder Path: "src/test/resources/testDataFiles/Schemas/ValidationError_schema.json"".
2023-01-22 15:46:49.407 &amp#27;[32m INFO&amp#27;[m &amp#27;[35m[@503 - main]&amp#27;[m &amp#27;[36mcom.shaft.tools.io.ReportManager&amp#27;[m : File Action "DoesFileExist" successfully performed. With the following test data "File Path: "C:\eclipse-workspace\MyProjects\TASystemsAPIs\src\test\resources\testDataFiles\Schemas\ValidationError_schema.json"".
2023-01-22 15:46:49.407 &amp#27;[32m INFO&amp#27;[m &amp#27;[35m[@503 - main]&amp#27;[m &amp#27;[36mcom.shaft.tools.io.ReportManager&amp#27;[m : File Action "GetAbsolutePath" successfully performed. With the following test data "Relative Folder Path: "C:\eclipse-workspace\MyProjects\TASystemsAPIs\src\test\resources\testDataFiles\Schemas\ValidationError_schema.json"".
2023-01-22 15:46:49.408 &amp#27;[32m INFO&amp#27;[m &amp#27;[35m[@503 - main]&amp#27;[m &amp#27;[36mcom.shaft.tools.io.ReportManager&amp#27;[m : File Action "ReadFile" successfully performed. With the following test data "File Path: "C:\eclipse-workspace\MyProjects\TASystemsAPIs\src\test\resources\testDataFiles\Schemas\ValidationError_schema.json"".
2023-01-22 15:46:49.414 &amp#27;[32m INFO&amp#27;[m &amp#27;[35m[@503 - main]&amp#27;[m &amp#27;[36mcom.shaft.tools.io.ReportManager&amp#27;[m : Successfully created attachment "Validation Test Data - Expected JSON Value"
2023-01-22 15:46:49.416 &amp#27;[32m INFO&amp#27;[m &amp#27;[35m[@503 - main]&amp#27;[m &amp#27;[36mcom.shaft.tools.io.ReportManager&amp#27;[m : Successfully created attachment "Validation Test Data - Actual JSON Value"
2023-01-22 15:46:49.418 &amp#27;[32m INFO&amp#27;[m &amp#27;[35m[@503 - main]&amp#27;[m &amp#27;[36mcom.shaft.tools.io.ReportManager&amp#27;[m : Successfully created attachment "SHAFT Engine Logs - Current Method log: Update_Policy_With_Missing_Keys_TC"
]]></system-out>
  </testcase>
  <testcase name="Update_Policy_With_Missing_Keys_TC[[Ljava.lang.Object;@765758ee](32)" classname="SteeringCompanyAPI_TestCases.Test_Policies_Cases" time="1.316">
    <system-out><![CDATA[2023-01-22 15:46:49.422 &amp#27;[32m INFO&amp#27;[m &amp#27;[35m[@534 - main]&amp#27;[m &amp#27;[36mcom.shaft.tools.io.ReportManager&amp#27;[m : 
################################################################################################################################################
Starting Execution:	"283 out of 70" test cases in the current suite
Test Method:		"SteeringCompanyAPI_TestCases.Test_Policies_Cases.Update_Policy_With_Missing_Keys_TC"
Test Description:	"TC051 -Policy- Perform Update Policy with Missing Keys"
################################################################################################################################################
2023-01-22 15:46:49.422 &amp#27;[32m INFO&amp#27;[m &amp#27;[35m[@503 - main]&amp#27;[m &amp#27;[36mcom.shaft.tools.io.ReportManager&amp#27;[m : File Action "DoesFileExist" successfully performed. With the following test data "File Path: "SteeringCompanyAPI_TestData/SteeringCompanyAPI_TestData.xlsx"".
2023-01-22 15:46:49.472 &amp#27;[32m INFO&amp#27;[m &amp#27;[35m[@503 - main]&amp#27;[m &amp#27;[36mcom.shaft.tools.io.ReportManager&amp#27;[m : Successfully created attachment "Test Data - Excel"
2023-01-22 15:46:50.065 &amp#27;[32m INFO&amp#27;[m &amp#27;[35m[@503 - main]&amp#27;[m &amp#27;[36mcom.shaft.tools.io.ReportManager&amp#27;[m : Response status code: "200", status line: "HTTP/1.1 200 OK"
2023-01-22 15:46:50.085 &amp#27;[32m INFO&amp#27;[m &amp#27;[35m[@503 - main]&amp#27;[m &amp#27;[36mcom.shaft.tools.io.ReportManager&amp#27;[m : Successfully created attachment "API Request - Specifications"
2023-01-22 15:46:50.087 &amp#27;[32m INFO&amp#27;[m &amp#27;[35m[@503 - main]&amp#27;[m &amp#27;[36mcom.shaft.tools.io.ReportManager&amp#27;[m : Successfully created attachment "API Request - Body"
2023-01-22 15:46:50.091 &amp#27;[32m INFO&amp#27;[m &amp#27;[35m[@503 - main]&amp#27;[m &amp#27;[36mcom.shaft.tools.io.ReportManager&amp#27;[m : Successfully created attachment "API Response - JSON Body"
2023-01-22 15:46:50.103 &amp#27;[32m INFO&amp#27;[m &amp#27;[35m[@503 - main]&amp#27;[m &amp#27;[36mcom.shaft.tools.io.ReportManager&amp#27;[m : File Action "DoesFileExist" successfully performed. With the following test data "File Path: "SteeringCompanyAPI_TestData/SteeringCompanyAPI_TestData.xlsx"".
2023-01-22 15:46:50.147 &amp#27;[32m INFO&amp#27;[m &amp#27;[35m[@503 - main]&amp#27;[m &amp#27;[36mcom.shaft.tools.io.ReportManager&amp#27;[m : Successfully created attachment "Test Data - Excel"
2023-01-22 15:46:50.147 &amp#27;[32m INFO&amp#27;[m &amp#27;[35m[@503 - main]&amp#27;[m &amp#27;[36mcom.shaft.tools.io.ReportManager&amp#27;[m : File Action "DoesFileExist" successfully performed. With the following test data "File Path: "SteeringCompanyAPI_TestData/SteeringCompanyAPI_TestData.xlsx"".
2023-01-22 15:46:50.190 &amp#27;[32m INFO&amp#27;[m &amp#27;[35m[@503 - main]&amp#27;[m &amp#27;[36mcom.shaft.tools.io.ReportManager&amp#27;[m : Successfully created attachment "Test Data - Excel"
2023-01-22 15:46:50.190 &amp#27;[32m INFO&amp#27;[m &amp#27;[35m[@503 - main]&amp#27;[m &amp#27;[36mcom.shaft.tools.io.ReportManager&amp#27;[m : File Action "DoesFileExist" successfully performed. With the following test data "File Path: "SteeringCompanyAPI_TestData/SteeringCompanyAPI_TestData.xlsx"".
2023-01-22 15:46:50.238 &amp#27;[32m INFO&amp#27;[m &amp#27;[35m[@503 - main]&amp#27;[m &amp#27;[36mcom.shaft.tools.io.ReportManager&amp#27;[m : Successfully created attachment "Test Data - Excel"
2023-01-22 15:46:50.700 &amp#27;[32m INFO&amp#27;[m &amp#27;[35m[@503 - main]&amp#27;[m &amp#27;[36mcom.shaft.tools.io.ReportManager&amp#27;[m : Response status code: "422", status line: "HTTP/1.1 422 "
2023-01-22 15:46:50.719 &amp#27;[32m INFO&amp#27;[m &amp#27;[35m[@503 - main]&amp#27;[m &amp#27;[36mcom.shaft.tools.io.ReportManager&amp#27;[m : Successfully created attachment "API Request - Specifications"
2023-01-22 15:46:50.720 &amp#27;[32m INFO&amp#27;[m &amp#27;[35m[@503 - main]&amp#27;[m &amp#27;[36mcom.shaft.tools.io.ReportManager&amp#27;[m : Successfully created attachment "API Request - JSON Body"
2023-01-22 15:46:50.722 &amp#27;[32m INFO&amp#27;[m &amp#27;[35m[@503 - main]&amp#27;[m &amp#27;[36mcom.shaft.tools.io.ReportManager&amp#27;[m : Successfully created attachment "API Response - JSON Body"
2023-01-22 15:46:50.724 &amp#27;[32m INFO&amp#27;[m &amp#27;[35m[@503 - main]&amp#27;[m &amp#27;[36mcom.shaft.tools.io.ReportManager&amp#27;[m : File Action "DoesFileExist" successfully performed. With the following test data "File Path: "Schemas/ValidationError_schema.json"".
2023-01-22 15:46:50.725 &amp#27;[32m INFO&amp#27;[m &amp#27;[35m[@503 - main]&amp#27;[m &amp#27;[36mcom.shaft.tools.io.ReportManager&amp#27;[m : File Action "DoesFileExist" successfully performed. With the following test data "File Path: "src/test/resources/testDataFiles/Schemas/ValidationError_schema.json"".
2023-01-22 15:46:50.725 &amp#27;[32m INFO&amp#27;[m &amp#27;[35m[@503 - main]&amp#27;[m &amp#27;[36mcom.shaft.tools.io.ReportManager&amp#27;[m : File Action "GetAbsolutePath" successfully performed. With the following test data "Relative Folder Path: "src/test/resources/testDataFiles/Schemas/ValidationError_schema.json"".
2023-01-22 15:46:50.728 &amp#27;[32m INFO&amp#27;[m &amp#27;[35m[@503 - main]&amp#27;[m &amp#27;[36mcom.shaft.tools.io.ReportManager&amp#27;[m : File Action "DoesFileExist" successfully performed. With the following test data "File Path: "C:\eclipse-workspace\MyProjects\TASystemsAPIs\src\test\resources\testDataFiles\Schemas\ValidationError_schema.json"".
2023-01-22 15:46:50.728 &amp#27;[32m INFO&amp#27;[m &amp#27;[35m[@503 - main]&amp#27;[m &amp#27;[36mcom.shaft.tools.io.ReportManager&amp#27;[m : File Action "GetAbsolutePath" successfully performed. With the following test data "Relative Folder Path: "C:\eclipse-workspace\MyProjects\TASystemsAPIs\src\test\resources\testDataFiles\Schemas\ValidationError_schema.json"".
2023-01-22 15:46:50.729 &amp#27;[32m INFO&amp#27;[m &amp#27;[35m[@503 - main]&amp#27;[m &amp#27;[36mcom.shaft.tools.io.ReportManager&amp#27;[m : File Action "ReadFile" successfully performed. With the following test data "File Path: "C:\eclipse-workspace\MyProjects\TASystemsAPIs\src\test\resources\testDataFiles\Schemas\ValidationError_schema.json"".
2023-01-22 15:46:50.731 &amp#27;[32m INFO&amp#27;[m &amp#27;[35m[@503 - main]&amp#27;[m &amp#27;[36mcom.shaft.tools.io.ReportManager&amp#27;[m : Successfully created attachment "Validation Test Data - Expected JSON Value"
2023-01-22 15:46:50.732 &amp#27;[32m INFO&amp#27;[m &amp#27;[35m[@503 - main]&amp#27;[m &amp#27;[36mcom.shaft.tools.io.ReportManager&amp#27;[m : Successfully created attachment "Validation Test Data - Actual JSON Value"
2023-01-22 15:46:50.734 &amp#27;[32m INFO&amp#27;[m &amp#27;[35m[@503 - main]&amp#27;[m &amp#27;[36mcom.shaft.tools.io.ReportManager&amp#27;[m : Successfully created attachment "SHAFT Engine Logs - Current Method log: Update_Policy_With_Missing_Keys_TC"
]]></system-out>
  </testcase>
  <testcase name="Update_Policy_With_Missing_Keys_TC[[Ljava.lang.Object;@52b8a1bf](33)" classname="SteeringCompanyAPI_TestCases.Test_Policies_Cases" time="1.316">
    <system-out><![CDATA[2023-01-22 15:46:50.739 &amp#27;[32m INFO&amp#27;[m &amp#27;[35m[@534 - main]&amp#27;[m &amp#27;[36mcom.shaft.tools.io.ReportManager&amp#27;[m : 
################################################################################################################################################
Starting Execution:	"284 out of 70" test cases in the current suite
Test Method:		"SteeringCompanyAPI_TestCases.Test_Policies_Cases.Update_Policy_With_Missing_Keys_TC"
Test Description:	"TC051 -Policy- Perform Update Policy with Missing Keys"
################################################################################################################################################
2023-01-22 15:46:50.739 &amp#27;[32m INFO&amp#27;[m &amp#27;[35m[@503 - main]&amp#27;[m &amp#27;[36mcom.shaft.tools.io.ReportManager&amp#27;[m : File Action "DoesFileExist" successfully performed. With the following test data "File Path: "SteeringCompanyAPI_TestData/SteeringCompanyAPI_TestData.xlsx"".
2023-01-22 15:46:50.794 &amp#27;[32m INFO&amp#27;[m &amp#27;[35m[@503 - main]&amp#27;[m &amp#27;[36mcom.shaft.tools.io.ReportManager&amp#27;[m : Successfully created attachment "Test Data - Excel"
2023-01-22 15:46:51.371 &amp#27;[32m INFO&amp#27;[m &amp#27;[35m[@503 - main]&amp#27;[m &amp#27;[36mcom.shaft.tools.io.ReportManager&amp#27;[m : Response status code: "200", status line: "HTTP/1.1 200 OK"
2023-01-22 15:46:51.386 &amp#27;[32m INFO&amp#27;[m &amp#27;[35m[@503 - main]&amp#27;[m &amp#27;[36mcom.shaft.tools.io.ReportManager&amp#27;[m : Successfully created attachment "API Request - Specifications"
2023-01-22 15:46:51.393 &amp#27;[32m INFO&amp#27;[m &amp#27;[35m[@503 - main]&amp#27;[m &amp#27;[36mcom.shaft.tools.io.ReportManager&amp#27;[m : Successfully created attachment "API Request - Body"
2023-01-22 15:46:51.394 &amp#27;[32m INFO&amp#27;[m &amp#27;[35m[@503 - main]&amp#27;[m &amp#27;[36mcom.shaft.tools.io.ReportManager&amp#27;[m : Successfully created attachment "API Response - JSON Body"
2023-01-22 15:46:51.408 &amp#27;[32m INFO&amp#27;[m &amp#27;[35m[@503 - main]&amp#27;[m &amp#27;[36mcom.shaft.tools.io.ReportManager&amp#27;[m : File Action "DoesFileExist" successfully performed. With the following test data "File Path: "SteeringCompanyAPI_TestData/SteeringCompanyAPI_TestData.xlsx"".
2023-01-22 15:46:51.463 &amp#27;[32m INFO&amp#27;[m &amp#27;[35m[@503 - main]&amp#27;[m &amp#27;[36mcom.shaft.tools.io.ReportManager&amp#27;[m : Successfully created attachment "Test Data - Excel"
2023-01-22 15:46:51.464 &amp#27;[32m INFO&amp#27;[m &amp#27;[35m[@503 - main]&amp#27;[m &amp#27;[36mcom.shaft.tools.io.ReportManager&amp#27;[m : File Action "DoesFileExist" successfully performed. With the following test data "File Path: "SteeringCompanyAPI_TestData/SteeringCompanyAPI_TestData.xlsx"".
2023-01-22 15:46:51.502 &amp#27;[32m INFO&amp#27;[m &amp#27;[35m[@503 - main]&amp#27;[m &amp#27;[36mcom.shaft.tools.io.ReportManager&amp#27;[m : Successfully created attachment "Test Data - Excel"
2023-01-22 15:46:51.503 &amp#27;[32m INFO&amp#27;[m &amp#27;[35m[@503 - main]&amp#27;[m &amp#27;[36mcom.shaft.tools.io.ReportManager&amp#27;[m : File Action "DoesFileExist" successfully performed. With the following test data "File Path: "SteeringCompanyAPI_TestData/SteeringCompanyAPI_TestData.xlsx"".
2023-01-22 15:46:51.556 &amp#27;[32m INFO&amp#27;[m &amp#27;[35m[@503 - main]&amp#27;[m &amp#27;[36mcom.shaft.tools.io.ReportManager&amp#27;[m : Successfully created attachment "Test Data - Excel"
2023-01-22 15:46:52.011 &amp#27;[32m INFO&amp#27;[m &amp#27;[35m[@503 - main]&amp#27;[m &amp#27;[36mcom.shaft.tools.io.ReportManager&amp#27;[m : Response status code: "422", status line: "HTTP/1.1 422 "
2023-01-22 15:46:52.031 &amp#27;[32m INFO&amp#27;[m &amp#27;[35m[@503 - main]&amp#27;[m &amp#27;[36mcom.shaft.tools.io.ReportManager&amp#27;[m : Successfully created attachment "API Request - Specifications"
2023-01-22 15:46:52.033 &amp#27;[32m INFO&amp#27;[m &amp#27;[35m[@503 - main]&amp#27;[m &amp#27;[36mcom.shaft.tools.io.ReportManager&amp#27;[m : Successfully created attachment "API Request - JSON Body"
2023-01-22 15:46:52.035 &amp#27;[32m INFO&amp#27;[m &amp#27;[35m[@503 - main]&amp#27;[m &amp#27;[36mcom.shaft.tools.io.ReportManager&amp#27;[m : Successfully created attachment "API Response - JSON Body"
2023-01-22 15:46:52.038 &amp#27;[32m INFO&amp#27;[m &amp#27;[35m[@503 - main]&amp#27;[m &amp#27;[36mcom.shaft.tools.io.ReportManager&amp#27;[m : File Action "DoesFileExist" successfully performed. With the following test data "File Path: "Schemas/ValidationError_schema.json"".
2023-01-22 15:46:52.038 &amp#27;[32m INFO&amp#27;[m &amp#27;[35m[@503 - main]&amp#27;[m &amp#27;[36mcom.shaft.tools.io.ReportManager&amp#27;[m : File Action "DoesFileExist" successfully performed. With the following test data "File Path: "src/test/resources/testDataFiles/Schemas/ValidationError_schema.json"".
2023-01-22 15:46:52.039 &amp#27;[32m INFO&amp#27;[m &amp#27;[35m[@503 - main]&amp#27;[m &amp#27;[36mcom.shaft.tools.io.ReportManager&amp#27;[m : File Action "GetAbsolutePath" successfully performed. With the following test data "Relative Folder Path: "src/test/resources/testDataFiles/Schemas/ValidationError_schema.json"".
2023-01-22 15:46:52.043 &amp#27;[32m INFO&amp#27;[m &amp#27;[35m[@503 - main]&amp#27;[m &amp#27;[36mcom.shaft.tools.io.ReportManager&amp#27;[m : File Action "DoesFileExist" successfully performed. With the following test data "File Path: "C:\eclipse-workspace\MyProjects\TASystemsAPIs\src\test\resources\testDataFiles\Schemas\ValidationError_schema.json"".
2023-01-22 15:46:52.043 &amp#27;[32m INFO&amp#27;[m &amp#27;[35m[@503 - main]&amp#27;[m &amp#27;[36mcom.shaft.tools.io.ReportManager&amp#27;[m : File Action "GetAbsolutePath" successfully performed. With the following test data "Relative Folder Path: "C:\eclipse-workspace\MyProjects\TASystemsAPIs\src\test\resources\testDataFiles\Schemas\ValidationError_schema.json"".
2023-01-22 15:46:52.044 &amp#27;[32m INFO&amp#27;[m &amp#27;[35m[@503 - main]&amp#27;[m &amp#27;[36mcom.shaft.tools.io.ReportManager&amp#27;[m : File Action "ReadFile" successfully performed. With the following test data "File Path: "C:\eclipse-workspace\MyProjects\TASystemsAPIs\src\test\resources\testDataFiles\Schemas\ValidationError_schema.json"".
2023-01-22 15:46:52.048 &amp#27;[32m INFO&amp#27;[m &amp#27;[35m[@503 - main]&amp#27;[m &amp#27;[36mcom.shaft.tools.io.ReportManager&amp#27;[m : Successfully created attachment "Validation Test Data - Expected JSON Value"
2023-01-22 15:46:52.049 &amp#27;[32m INFO&amp#27;[m &amp#27;[35m[@503 - main]&amp#27;[m &amp#27;[36mcom.shaft.tools.io.ReportManager&amp#27;[m : Successfully created attachment "Validation Test Data - Actual JSON Value"
2023-01-22 15:46:52.050 &amp#27;[32m INFO&amp#27;[m &amp#27;[35m[@503 - main]&amp#27;[m &amp#27;[36mcom.shaft.tools.io.ReportManager&amp#27;[m : Successfully created attachment "SHAFT Engine Logs - Current Method log: Update_Policy_With_Missing_Keys_TC"
]]></system-out>
  </testcase>
  <testcase name="Update_Policy_With_NotAccepted_data_TC[[Ljava.lang.Object;@3fa97e25](1)" classname="SteeringCompanyAPI_TestCases.Test_Policies_Cases" time="1.527">
    <system-out><![CDATA[2023-01-22 15:46:52.074 &amp#27;[32m INFO&amp#27;[m &amp#27;[35m[@534 - main]&amp#27;[m &amp#27;[36mcom.shaft.tools.io.ReportManager&amp#27;[m : 
################################################################################################################################################
Starting Execution:	"285 out of 70" test cases in the current suite
Test Method:		"SteeringCompanyAPI_TestCases.Test_Policies_Cases.Update_Policy_With_NotAccepted_data_TC"
Test Description:	"TC055 -Policy- Perform Update Policy with NotAccepted data"
################################################################################################################################################
2023-01-22 15:46:52.075 &amp#27;[32m INFO&amp#27;[m &amp#27;[35m[@503 - main]&amp#27;[m &amp#27;[36mcom.shaft.tools.io.ReportManager&amp#27;[m : File Action "DoesFileExist" successfully performed. With the following test data "File Path: "SteeringCompanyAPI_TestData/SteeringCompanyAPI_TestData.xlsx"".
2023-01-22 15:46:52.155 &amp#27;[32m INFO&amp#27;[m &amp#27;[35m[@503 - main]&amp#27;[m &amp#27;[36mcom.shaft.tools.io.ReportManager&amp#27;[m : Successfully created attachment "Test Data - Excel"
2023-01-22 15:46:52.866 &amp#27;[32m INFO&amp#27;[m &amp#27;[35m[@503 - main]&amp#27;[m &amp#27;[36mcom.shaft.tools.io.ReportManager&amp#27;[m : Response status code: "200", status line: "HTTP/1.1 200 OK"
2023-01-22 15:46:52.885 &amp#27;[32m INFO&amp#27;[m &amp#27;[35m[@503 - main]&amp#27;[m &amp#27;[36mcom.shaft.tools.io.ReportManager&amp#27;[m : Successfully created attachment "API Request - Specifications"
2023-01-22 15:46:52.887 &amp#27;[32m INFO&amp#27;[m &amp#27;[35m[@503 - main]&amp#27;[m &amp#27;[36mcom.shaft.tools.io.ReportManager&amp#27;[m : Successfully created attachment "API Request - Body"
2023-01-22 15:46:52.892 &amp#27;[32m INFO&amp#27;[m &amp#27;[35m[@503 - main]&amp#27;[m &amp#27;[36mcom.shaft.tools.io.ReportManager&amp#27;[m : Successfully created attachment "API Response - JSON Body"
2023-01-22 15:46:52.911 &amp#27;[32m INFO&amp#27;[m &amp#27;[35m[@503 - main]&amp#27;[m &amp#27;[36mcom.shaft.tools.io.ReportManager&amp#27;[m : File Action "DoesFileExist" successfully performed. With the following test data "File Path: "SteeringCompanyAPI_TestData/SteeringCompanyAPI_TestData.xlsx"".
2023-01-22 15:46:52.976 &amp#27;[32m INFO&amp#27;[m &amp#27;[35m[@503 - main]&amp#27;[m &amp#27;[36mcom.shaft.tools.io.ReportManager&amp#27;[m : Successfully created attachment "Test Data - Excel"
2023-01-22 15:46:52.976 &amp#27;[32m INFO&amp#27;[m &amp#27;[35m[@503 - main]&amp#27;[m &amp#27;[36mcom.shaft.tools.io.ReportManager&amp#27;[m : File Action "DoesFileExist" successfully performed. With the following test data "File Path: "SteeringCompanyAPI_TestData/SteeringCompanyAPI_TestData.xlsx"".
2023-01-22 15:46:53.031 &amp#27;[32m INFO&amp#27;[m &amp#27;[35m[@503 - main]&amp#27;[m &amp#27;[36mcom.shaft.tools.io.ReportManager&amp#27;[m : Successfully created attachment "Test Data - Excel"
2023-01-22 15:46:53.031 &amp#27;[32m INFO&amp#27;[m &amp#27;[35m[@503 - main]&amp#27;[m &amp#27;[36mcom.shaft.tools.io.ReportManager&amp#27;[m : File Action "DoesFileExist" successfully performed. With the following test data "File Path: "SteeringCompanyAPI_TestData/SteeringCompanyAPI_TestData.xlsx"".
2023-01-22 15:46:53.085 &amp#27;[32m INFO&amp#27;[m &amp#27;[35m[@503 - main]&amp#27;[m &amp#27;[36mcom.shaft.tools.io.ReportManager&amp#27;[m : Successfully created attachment "Test Data - Excel"
2023-01-22 15:46:53.564 &amp#27;[32m INFO&amp#27;[m &amp#27;[35m[@503 - main]&amp#27;[m &amp#27;[36mcom.shaft.tools.io.ReportManager&amp#27;[m : Response status code: "406", status line: "HTTP/1.1 406 "
2023-01-22 15:46:53.581 &amp#27;[32m INFO&amp#27;[m &amp#27;[35m[@503 - main]&amp#27;[m &amp#27;[36mcom.shaft.tools.io.ReportManager&amp#27;[m : Successfully created attachment "API Request - Specifications"
2023-01-22 15:46:53.585 &amp#27;[32m INFO&amp#27;[m &amp#27;[35m[@503 - main]&amp#27;[m &amp#27;[36mcom.shaft.tools.io.ReportManager&amp#27;[m : Successfully created attachment "API Request - JSON Body"
2023-01-22 15:46:53.587 &amp#27;[32m INFO&amp#27;[m &amp#27;[35m[@503 - main]&amp#27;[m &amp#27;[36mcom.shaft.tools.io.ReportManager&amp#27;[m : Successfully created attachment "API Response - JSON Body"
2023-01-22 15:46:53.588 &amp#27;[32m INFO&amp#27;[m &amp#27;[35m[@503 - main]&amp#27;[m &amp#27;[36mcom.shaft.tools.io.ReportManager&amp#27;[m : File Action "DoesFileExist" successfully performed. With the following test data "File Path: "Schemas/NotAcceptable_Response_schema.json"".
2023-01-22 15:46:53.589 &amp#27;[32m INFO&amp#27;[m &amp#27;[35m[@503 - main]&amp#27;[m &amp#27;[36mcom.shaft.tools.io.ReportManager&amp#27;[m : File Action "DoesFileExist" successfully performed. With the following test data "File Path: "src/test/resources/testDataFiles/Schemas/NotAcceptable_Response_schema.json"".
2023-01-22 15:46:53.589 &amp#27;[32m INFO&amp#27;[m &amp#27;[35m[@503 - main]&amp#27;[m &amp#27;[36mcom.shaft.tools.io.ReportManager&amp#27;[m : File Action "GetAbsolutePath" successfully performed. With the following test data "Relative Folder Path: "src/test/resources/testDataFiles/Schemas/NotAcceptable_Response_schema.json"".
2023-01-22 15:46:53.591 &amp#27;[32m INFO&amp#27;[m &amp#27;[35m[@503 - main]&amp#27;[m &amp#27;[36mcom.shaft.tools.io.ReportManager&amp#27;[m : File Action "DoesFileExist" successfully performed. With the following test data "File Path: "C:\eclipse-workspace\MyProjects\TASystemsAPIs\src\test\resources\testDataFiles\Schemas\NotAcceptable_Response_schema.json"".
2023-01-22 15:46:53.591 &amp#27;[32m INFO&amp#27;[m &amp#27;[35m[@503 - main]&amp#27;[m &amp#27;[36mcom.shaft.tools.io.ReportManager&amp#27;[m : File Action "GetAbsolutePath" successfully performed. With the following test data "Relative Folder Path: "C:\eclipse-workspace\MyProjects\TASystemsAPIs\src\test\resources\testDataFiles\Schemas\NotAcceptable_Response_schema.json"".
2023-01-22 15:46:53.591 &amp#27;[32m INFO&amp#27;[m &amp#27;[35m[@503 - main]&amp#27;[m &amp#27;[36mcom.shaft.tools.io.ReportManager&amp#27;[m : File Action "ReadFile" successfully performed. With the following test data "File Path: "C:\eclipse-workspace\MyProjects\TASystemsAPIs\src\test\resources\testDataFiles\Schemas\NotAcceptable_Response_schema.json"".
2023-01-22 15:46:53.593 &amp#27;[32m INFO&amp#27;[m &amp#27;[35m[@503 - main]&amp#27;[m &amp#27;[36mcom.shaft.tools.io.ReportManager&amp#27;[m : Successfully created attachment "Validation Test Data - Expected JSON Value"
2023-01-22 15:46:53.595 &amp#27;[32m INFO&amp#27;[m &amp#27;[35m[@503 - main]&amp#27;[m &amp#27;[36mcom.shaft.tools.io.ReportManager&amp#27;[m : Successfully created attachment "Validation Test Data - Actual JSON Value"
2023-01-22 15:46:53.597 &amp#27;[32m INFO&amp#27;[m &amp#27;[35m[@503 - main]&amp#27;[m &amp#27;[36mcom.shaft.tools.io.ReportManager&amp#27;[m : Successfully created attachment "SHAFT Engine Logs - Current Method log: Update_Policy_With_NotAccepted_data_TC"
]]></system-out>
  </testcase>
  <testcase name="Update_Policy_With_NotAccepted_data_TC[[Ljava.lang.Object;@4af7290c](2)" classname="SteeringCompanyAPI_TestCases.Test_Policies_Cases" time="1.346">
    <system-out><![CDATA[2023-01-22 15:46:53.601 &amp#27;[32m INFO&amp#27;[m &amp#27;[35m[@534 - main]&amp#27;[m &amp#27;[36mcom.shaft.tools.io.ReportManager&amp#27;[m : 
################################################################################################################################################
Starting Execution:	"286 out of 70" test cases in the current suite
Test Method:		"SteeringCompanyAPI_TestCases.Test_Policies_Cases.Update_Policy_With_NotAccepted_data_TC"
Test Description:	"TC055 -Policy- Perform Update Policy with NotAccepted data"
################################################################################################################################################
2023-01-22 15:46:53.602 &amp#27;[32m INFO&amp#27;[m &amp#27;[35m[@503 - main]&amp#27;[m &amp#27;[36mcom.shaft.tools.io.ReportManager&amp#27;[m : File Action "DoesFileExist" successfully performed. With the following test data "File Path: "SteeringCompanyAPI_TestData/SteeringCompanyAPI_TestData.xlsx"".
2023-01-22 15:46:53.652 &amp#27;[32m INFO&amp#27;[m &amp#27;[35m[@503 - main]&amp#27;[m &amp#27;[36mcom.shaft.tools.io.ReportManager&amp#27;[m : Successfully created attachment "Test Data - Excel"
2023-01-22 15:46:54.226 &amp#27;[32m INFO&amp#27;[m &amp#27;[35m[@503 - main]&amp#27;[m &amp#27;[36mcom.shaft.tools.io.ReportManager&amp#27;[m : Response status code: "200", status line: "HTTP/1.1 200 OK"
2023-01-22 15:46:54.246 &amp#27;[32m INFO&amp#27;[m &amp#27;[35m[@503 - main]&amp#27;[m &amp#27;[36mcom.shaft.tools.io.ReportManager&amp#27;[m : Successfully created attachment "API Request - Specifications"
2023-01-22 15:46:54.248 &amp#27;[32m INFO&amp#27;[m &amp#27;[35m[@503 - main]&amp#27;[m &amp#27;[36mcom.shaft.tools.io.ReportManager&amp#27;[m : Successfully created attachment "API Request - Body"
2023-01-22 15:46:54.249 &amp#27;[32m INFO&amp#27;[m &amp#27;[35m[@503 - main]&amp#27;[m &amp#27;[36mcom.shaft.tools.io.ReportManager&amp#27;[m : Successfully created attachment "API Response - JSON Body"
2023-01-22 15:46:54.263 &amp#27;[32m INFO&amp#27;[m &amp#27;[35m[@503 - main]&amp#27;[m &amp#27;[36mcom.shaft.tools.io.ReportManager&amp#27;[m : File Action "DoesFileExist" successfully performed. With the following test data "File Path: "SteeringCompanyAPI_TestData/SteeringCompanyAPI_TestData.xlsx"".
2023-01-22 15:46:54.315 &amp#27;[32m INFO&amp#27;[m &amp#27;[35m[@503 - main]&amp#27;[m &amp#27;[36mcom.shaft.tools.io.ReportManager&amp#27;[m : Successfully created attachment "Test Data - Excel"
2023-01-22 15:46:54.315 &amp#27;[32m INFO&amp#27;[m &amp#27;[35m[@503 - main]&amp#27;[m &amp#27;[36mcom.shaft.tools.io.ReportManager&amp#27;[m : File Action "DoesFileExist" successfully performed. With the following test data "File Path: "SteeringCompanyAPI_TestData/SteeringCompanyAPI_TestData.xlsx"".
2023-01-22 15:46:54.365 &amp#27;[32m INFO&amp#27;[m &amp#27;[35m[@503 - main]&amp#27;[m &amp#27;[36mcom.shaft.tools.io.ReportManager&amp#27;[m : Successfully created attachment "Test Data - Excel"
2023-01-22 15:46:54.365 &amp#27;[32m INFO&amp#27;[m &amp#27;[35m[@503 - main]&amp#27;[m &amp#27;[36mcom.shaft.tools.io.ReportManager&amp#27;[m : File Action "DoesFileExist" successfully performed. With the following test data "File Path: "SteeringCompanyAPI_TestData/SteeringCompanyAPI_TestData.xlsx"".
2023-01-22 15:46:54.424 &amp#27;[32m INFO&amp#27;[m &amp#27;[35m[@503 - main]&amp#27;[m &amp#27;[36mcom.shaft.tools.io.ReportManager&amp#27;[m : Successfully created attachment "Test Data - Excel"
2023-01-22 15:46:54.910 &amp#27;[32m INFO&amp#27;[m &amp#27;[35m[@503 - main]&amp#27;[m &amp#27;[36mcom.shaft.tools.io.ReportManager&amp#27;[m : Response status code: "406", status line: "HTTP/1.1 406 "
2023-01-22 15:46:54.927 &amp#27;[32m INFO&amp#27;[m &amp#27;[35m[@503 - main]&amp#27;[m &amp#27;[36mcom.shaft.tools.io.ReportManager&amp#27;[m : Successfully created attachment "API Request - Specifications"
2023-01-22 15:46:54.928 &amp#27;[32m INFO&amp#27;[m &amp#27;[35m[@503 - main]&amp#27;[m &amp#27;[36mcom.shaft.tools.io.ReportManager&amp#27;[m : Successfully created attachment "API Request - JSON Body"
2023-01-22 15:46:54.929 &amp#27;[32m INFO&amp#27;[m &amp#27;[35m[@503 - main]&amp#27;[m &amp#27;[36mcom.shaft.tools.io.ReportManager&amp#27;[m : Successfully created attachment "API Response - JSON Body"
2023-01-22 15:46:54.932 &amp#27;[32m INFO&amp#27;[m &amp#27;[35m[@503 - main]&amp#27;[m &amp#27;[36mcom.shaft.tools.io.ReportManager&amp#27;[m : File Action "DoesFileExist" successfully performed. With the following test data "File Path: "Schemas/NotAcceptable_Response_schema.json"".
2023-01-22 15:46:54.932 &amp#27;[32m INFO&amp#27;[m &amp#27;[35m[@503 - main]&amp#27;[m &amp#27;[36mcom.shaft.tools.io.ReportManager&amp#27;[m : File Action "DoesFileExist" successfully performed. With the following test data "File Path: "src/test/resources/testDataFiles/Schemas/NotAcceptable_Response_schema.json"".
2023-01-22 15:46:54.932 &amp#27;[32m INFO&amp#27;[m &amp#27;[35m[@503 - main]&amp#27;[m &amp#27;[36mcom.shaft.tools.io.ReportManager&amp#27;[m : File Action "GetAbsolutePath" successfully performed. With the following test data "Relative Folder Path: "src/test/resources/testDataFiles/Schemas/NotAcceptable_Response_schema.json"".
2023-01-22 15:46:54.936 &amp#27;[32m INFO&amp#27;[m &amp#27;[35m[@503 - main]&amp#27;[m &amp#27;[36mcom.shaft.tools.io.ReportManager&amp#27;[m : File Action "DoesFileExist" successfully performed. With the following test data "File Path: "C:\eclipse-workspace\MyProjects\TASystemsAPIs\src\test\resources\testDataFiles\Schemas\NotAcceptable_Response_schema.json"".
2023-01-22 15:46:54.936 &amp#27;[32m INFO&amp#27;[m &amp#27;[35m[@503 - main]&amp#27;[m &amp#27;[36mcom.shaft.tools.io.ReportManager&amp#27;[m : File Action "GetAbsolutePath" successfully performed. With the following test data "Relative Folder Path: "C:\eclipse-workspace\MyProjects\TASystemsAPIs\src\test\resources\testDataFiles\Schemas\NotAcceptable_Response_schema.json"".
2023-01-22 15:46:54.937 &amp#27;[32m INFO&amp#27;[m &amp#27;[35m[@503 - main]&amp#27;[m &amp#27;[36mcom.shaft.tools.io.ReportManager&amp#27;[m : File Action "ReadFile" successfully performed. With the following test data "File Path: "C:\eclipse-workspace\MyProjects\TASystemsAPIs\src\test\resources\testDataFiles\Schemas\NotAcceptable_Response_schema.json"".
2023-01-22 15:46:54.940 &amp#27;[32m INFO&amp#27;[m &amp#27;[35m[@503 - main]&amp#27;[m &amp#27;[36mcom.shaft.tools.io.ReportManager&amp#27;[m : Successfully created attachment "Validation Test Data - Expected JSON Value"
2023-01-22 15:46:54.941 &amp#27;[32m INFO&amp#27;[m &amp#27;[35m[@503 - main]&amp#27;[m &amp#27;[36mcom.shaft.tools.io.ReportManager&amp#27;[m : Successfully created attachment "Validation Test Data - Actual JSON Value"
2023-01-22 15:46:54.943 &amp#27;[32m INFO&amp#27;[m &amp#27;[35m[@503 - main]&amp#27;[m &amp#27;[36mcom.shaft.tools.io.ReportManager&amp#27;[m : Successfully created attachment "SHAFT Engine Logs - Current Method log: Update_Policy_With_NotAccepted_data_TC"
]]></system-out>
  </testcase>
  <testcase name="Update_Policy_With_NotAccepted_data_TC[[Ljava.lang.Object;@7f45ac84](3)" classname="SteeringCompanyAPI_TestCases.Test_Policies_Cases" time="1.363">
    <system-out><![CDATA[2023-01-22 15:46:54.947 &amp#27;[32m INFO&amp#27;[m &amp#27;[35m[@534 - main]&amp#27;[m &amp#27;[36mcom.shaft.tools.io.ReportManager&amp#27;[m : 
################################################################################################################################################
Starting Execution:	"287 out of 70" test cases in the current suite
Test Method:		"SteeringCompanyAPI_TestCases.Test_Policies_Cases.Update_Policy_With_NotAccepted_data_TC"
Test Description:	"TC055 -Policy- Perform Update Policy with NotAccepted data"
################################################################################################################################################
2023-01-22 15:46:54.948 &amp#27;[32m INFO&amp#27;[m &amp#27;[35m[@503 - main]&amp#27;[m &amp#27;[36mcom.shaft.tools.io.ReportManager&amp#27;[m : File Action "DoesFileExist" successfully performed. With the following test data "File Path: "SteeringCompanyAPI_TestData/SteeringCompanyAPI_TestData.xlsx"".
2023-01-22 15:46:55.013 &amp#27;[32m INFO&amp#27;[m &amp#27;[35m[@503 - main]&amp#27;[m &amp#27;[36mcom.shaft.tools.io.ReportManager&amp#27;[m : Successfully created attachment "Test Data - Excel"
2023-01-22 15:46:55.610 &amp#27;[32m INFO&amp#27;[m &amp#27;[35m[@503 - main]&amp#27;[m &amp#27;[36mcom.shaft.tools.io.ReportManager&amp#27;[m : Response status code: "200", status line: "HTTP/1.1 200 OK"
2023-01-22 15:46:55.630 &amp#27;[32m INFO&amp#27;[m &amp#27;[35m[@503 - main]&amp#27;[m &amp#27;[36mcom.shaft.tools.io.ReportManager&amp#27;[m : Successfully created attachment "API Request - Specifications"
2023-01-22 15:46:55.634 &amp#27;[32m INFO&amp#27;[m &amp#27;[35m[@503 - main]&amp#27;[m &amp#27;[36mcom.shaft.tools.io.ReportManager&amp#27;[m : Successfully created attachment "API Request - Body"
2023-01-22 15:46:55.635 &amp#27;[32m INFO&amp#27;[m &amp#27;[35m[@503 - main]&amp#27;[m &amp#27;[36mcom.shaft.tools.io.ReportManager&amp#27;[m : Successfully created attachment "API Response - JSON Body"
2023-01-22 15:46:55.651 &amp#27;[32m INFO&amp#27;[m &amp#27;[35m[@503 - main]&amp#27;[m &amp#27;[36mcom.shaft.tools.io.ReportManager&amp#27;[m : File Action "DoesFileExist" successfully performed. With the following test data "File Path: "SteeringCompanyAPI_TestData/SteeringCompanyAPI_TestData.xlsx"".
2023-01-22 15:46:55.707 &amp#27;[32m INFO&amp#27;[m &amp#27;[35m[@503 - main]&amp#27;[m &amp#27;[36mcom.shaft.tools.io.ReportManager&amp#27;[m : Successfully created attachment "Test Data - Excel"
2023-01-22 15:46:55.707 &amp#27;[32m INFO&amp#27;[m &amp#27;[35m[@503 - main]&amp#27;[m &amp#27;[36mcom.shaft.tools.io.ReportManager&amp#27;[m : File Action "DoesFileExist" successfully performed. With the following test data "File Path: "SteeringCompanyAPI_TestData/SteeringCompanyAPI_TestData.xlsx"".
2023-01-22 15:46:55.760 &amp#27;[32m INFO&amp#27;[m &amp#27;[35m[@503 - main]&amp#27;[m &amp#27;[36mcom.shaft.tools.io.ReportManager&amp#27;[m : Successfully created attachment "Test Data - Excel"
2023-01-22 15:46:55.761 &amp#27;[32m INFO&amp#27;[m &amp#27;[35m[@503 - main]&amp#27;[m &amp#27;[36mcom.shaft.tools.io.ReportManager&amp#27;[m : File Action "DoesFileExist" successfully performed. With the following test data "File Path: "SteeringCompanyAPI_TestData/SteeringCompanyAPI_TestData.xlsx"".
2023-01-22 15:46:55.804 &amp#27;[32m INFO&amp#27;[m &amp#27;[35m[@503 - main]&amp#27;[m &amp#27;[36mcom.shaft.tools.io.ReportManager&amp#27;[m : Successfully created attachment "Test Data - Excel"
2023-01-22 15:46:56.274 &amp#27;[32m INFO&amp#27;[m &amp#27;[35m[@503 - main]&amp#27;[m &amp#27;[36mcom.shaft.tools.io.ReportManager&amp#27;[m : Response status code: "406", status line: "HTTP/1.1 406 "
2023-01-22 15:46:56.287 &amp#27;[32m INFO&amp#27;[m &amp#27;[35m[@503 - main]&amp#27;[m &amp#27;[36mcom.shaft.tools.io.ReportManager&amp#27;[m : Successfully created attachment "API Request - Specifications"
2023-01-22 15:46:56.288 &amp#27;[32m INFO&amp#27;[m &amp#27;[35m[@503 - main]&amp#27;[m &amp#27;[36mcom.shaft.tools.io.ReportManager&amp#27;[m : Successfully created attachment "API Request - JSON Body"
2023-01-22 15:46:56.290 &amp#27;[32m INFO&amp#27;[m &amp#27;[35m[@503 - main]&amp#27;[m &amp#27;[36mcom.shaft.tools.io.ReportManager&amp#27;[m : Successfully created attachment "API Response - JSON Body"
2023-01-22 15:46:56.292 &amp#27;[32m INFO&amp#27;[m &amp#27;[35m[@503 - main]&amp#27;[m &amp#27;[36mcom.shaft.tools.io.ReportManager&amp#27;[m : File Action "DoesFileExist" successfully performed. With the following test data "File Path: "Schemas/NotAcceptable_Response_schema.json"".
2023-01-22 15:46:56.293 &amp#27;[32m INFO&amp#27;[m &amp#27;[35m[@503 - main]&amp#27;[m &amp#27;[36mcom.shaft.tools.io.ReportManager&amp#27;[m : File Action "DoesFileExist" successfully performed. With the following test data "File Path: "src/test/resources/testDataFiles/Schemas/NotAcceptable_Response_schema.json"".
2023-01-22 15:46:56.293 &amp#27;[32m INFO&amp#27;[m &amp#27;[35m[@503 - main]&amp#27;[m &amp#27;[36mcom.shaft.tools.io.ReportManager&amp#27;[m : File Action "GetAbsolutePath" successfully performed. With the following test data "Relative Folder Path: "src/test/resources/testDataFiles/Schemas/NotAcceptable_Response_schema.json"".
2023-01-22 15:46:56.297 &amp#27;[32m INFO&amp#27;[m &amp#27;[35m[@503 - main]&amp#27;[m &amp#27;[36mcom.shaft.tools.io.ReportManager&amp#27;[m : File Action "DoesFileExist" successfully performed. With the following test data "File Path: "C:\eclipse-workspace\MyProjects\TASystemsAPIs\src\test\resources\testDataFiles\Schemas\NotAcceptable_Response_schema.json"".
2023-01-22 15:46:56.297 &amp#27;[32m INFO&amp#27;[m &amp#27;[35m[@503 - main]&amp#27;[m &amp#27;[36mcom.shaft.tools.io.ReportManager&amp#27;[m : File Action "GetAbsolutePath" successfully performed. With the following test data "Relative Folder Path: "C:\eclipse-workspace\MyProjects\TASystemsAPIs\src\test\resources\testDataFiles\Schemas\NotAcceptable_Response_schema.json"".
2023-01-22 15:46:56.298 &amp#27;[32m INFO&amp#27;[m &amp#27;[35m[@503 - main]&amp#27;[m &amp#27;[36mcom.shaft.tools.io.ReportManager&amp#27;[m : File Action "ReadFile" successfully performed. With the following test data "File Path: "C:\eclipse-workspace\MyProjects\TASystemsAPIs\src\test\resources\testDataFiles\Schemas\NotAcceptable_Response_schema.json"".
2023-01-22 15:46:56.302 &amp#27;[32m INFO&amp#27;[m &amp#27;[35m[@503 - main]&amp#27;[m &amp#27;[36mcom.shaft.tools.io.ReportManager&amp#27;[m : Successfully created attachment "Validation Test Data - Expected JSON Value"
2023-01-22 15:46:56.304 &amp#27;[32m INFO&amp#27;[m &amp#27;[35m[@503 - main]&amp#27;[m &amp#27;[36mcom.shaft.tools.io.ReportManager&amp#27;[m : Successfully created attachment "Validation Test Data - Actual JSON Value"
2023-01-22 15:46:56.305 &amp#27;[32m INFO&amp#27;[m &amp#27;[35m[@503 - main]&amp#27;[m &amp#27;[36mcom.shaft.tools.io.ReportManager&amp#27;[m : Successfully created attachment "SHAFT Engine Logs - Current Method log: Update_Policy_With_NotAccepted_data_TC"
]]></system-out>
  </testcase>
  <testcase name="Update_Policy_With_NotFound_data_TC[[Ljava.lang.Object;@1adf55a2](1)" classname="SteeringCompanyAPI_TestCases.Test_Policies_Cases" time="1.416">
    <system-out><![CDATA[2023-01-22 15:46:56.321 &amp#27;[32m INFO&amp#27;[m &amp#27;[35m[@534 - main]&amp#27;[m &amp#27;[36mcom.shaft.tools.io.ReportManager&amp#27;[m : 
################################################################################################################################################
Starting Execution:	"288 out of 70" test cases in the current suite
Test Method:		"SteeringCompanyAPI_TestCases.Test_Policies_Cases.Update_Policy_With_NotFound_data_TC"
Test Description:	"TC057 -Policy- Perform Update Policy with NotFound data"
################################################################################################################################################
2023-01-22 15:46:56.322 &amp#27;[32m INFO&amp#27;[m &amp#27;[35m[@503 - main]&amp#27;[m &amp#27;[36mcom.shaft.tools.io.ReportManager&amp#27;[m : File Action "DoesFileExist" successfully performed. With the following test data "File Path: "SteeringCompanyAPI_TestData/SteeringCompanyAPI_TestData.xlsx"".
2023-01-22 15:46:56.385 &amp#27;[32m INFO&amp#27;[m &amp#27;[35m[@503 - main]&amp#27;[m &amp#27;[36mcom.shaft.tools.io.ReportManager&amp#27;[m : Successfully created attachment "Test Data - Excel"
2023-01-22 15:46:57.050 &amp#27;[32m INFO&amp#27;[m &amp#27;[35m[@503 - main]&amp#27;[m &amp#27;[36mcom.shaft.tools.io.ReportManager&amp#27;[m : Response status code: "200", status line: "HTTP/1.1 200 OK"
2023-01-22 15:46:57.069 &amp#27;[32m INFO&amp#27;[m &amp#27;[35m[@503 - main]&amp#27;[m &amp#27;[36mcom.shaft.tools.io.ReportManager&amp#27;[m : Successfully created attachment "API Request - Specifications"
2023-01-22 15:46:57.069 &amp#27;[32m INFO&amp#27;[m &amp#27;[35m[@503 - main]&amp#27;[m &amp#27;[36mcom.shaft.tools.io.ReportManager&amp#27;[m : Successfully created attachment "API Request - Body"
2023-01-22 15:46:57.073 &amp#27;[32m INFO&amp#27;[m &amp#27;[35m[@503 - main]&amp#27;[m &amp#27;[36mcom.shaft.tools.io.ReportManager&amp#27;[m : Successfully created attachment "API Response - JSON Body"
2023-01-22 15:46:57.087 &amp#27;[32m INFO&amp#27;[m &amp#27;[35m[@503 - main]&amp#27;[m &amp#27;[36mcom.shaft.tools.io.ReportManager&amp#27;[m : File Action "DoesFileExist" successfully performed. With the following test data "File Path: "SteeringCompanyAPI_TestData/SteeringCompanyAPI_TestData.xlsx"".
2023-01-22 15:46:57.130 &amp#27;[32m INFO&amp#27;[m &amp#27;[35m[@503 - main]&amp#27;[m &amp#27;[36mcom.shaft.tools.io.ReportManager&amp#27;[m : Successfully created attachment "Test Data - Excel"
2023-01-22 15:46:57.130 &amp#27;[32m INFO&amp#27;[m &amp#27;[35m[@503 - main]&amp#27;[m &amp#27;[36mcom.shaft.tools.io.ReportManager&amp#27;[m : File Action "DoesFileExist" successfully performed. With the following test data "File Path: "SteeringCompanyAPI_TestData/SteeringCompanyAPI_TestData.xlsx"".
2023-01-22 15:46:57.174 &amp#27;[32m INFO&amp#27;[m &amp#27;[35m[@503 - main]&amp#27;[m &amp#27;[36mcom.shaft.tools.io.ReportManager&amp#27;[m : Successfully created attachment "Test Data - Excel"
2023-01-22 15:46:57.175 &amp#27;[32m INFO&amp#27;[m &amp#27;[35m[@503 - main]&amp#27;[m &amp#27;[36mcom.shaft.tools.io.ReportManager&amp#27;[m : File Action "DoesFileExist" successfully performed. With the following test data "File Path: "SteeringCompanyAPI_TestData/SteeringCompanyAPI_TestData.xlsx"".
2023-01-22 15:46:57.229 &amp#27;[32m INFO&amp#27;[m &amp#27;[35m[@503 - main]&amp#27;[m &amp#27;[36mcom.shaft.tools.io.ReportManager&amp#27;[m : Successfully created attachment "Test Data - Excel"
2023-01-22 15:46:57.695 &amp#27;[32m INFO&amp#27;[m &amp#27;[35m[@503 - main]&amp#27;[m &amp#27;[36mcom.shaft.tools.io.ReportManager&amp#27;[m : Response status code: "404", status line: "HTTP/1.1 404 "
2023-01-22 15:46:57.717 &amp#27;[32m INFO&amp#27;[m &amp#27;[35m[@503 - main]&amp#27;[m &amp#27;[36mcom.shaft.tools.io.ReportManager&amp#27;[m : Successfully created attachment "API Request - Specifications"
2023-01-22 15:46:57.719 &amp#27;[32m INFO&amp#27;[m &amp#27;[35m[@503 - main]&amp#27;[m &amp#27;[36mcom.shaft.tools.io.ReportManager&amp#27;[m : Successfully created attachment "API Request - JSON Body"
2023-01-22 15:46:57.721 &amp#27;[32m INFO&amp#27;[m &amp#27;[35m[@503 - main]&amp#27;[m &amp#27;[36mcom.shaft.tools.io.ReportManager&amp#27;[m : Successfully created attachment "API Response - JSON Body"
2023-01-22 15:46:57.722 &amp#27;[32m INFO&amp#27;[m &amp#27;[35m[@503 - main]&amp#27;[m &amp#27;[36mcom.shaft.tools.io.ReportManager&amp#27;[m : File Action "DoesFileExist" successfully performed. With the following test data "File Path: "Schemas/NotFoundError_schema.json"".
2023-01-22 15:46:57.722 &amp#27;[32m INFO&amp#27;[m &amp#27;[35m[@503 - main]&amp#27;[m &amp#27;[36mcom.shaft.tools.io.ReportManager&amp#27;[m : File Action "DoesFileExist" successfully performed. With the following test data "File Path: "src/test/resources/testDataFiles/Schemas/NotFoundError_schema.json"".
2023-01-22 15:46:57.722 &amp#27;[32m INFO&amp#27;[m &amp#27;[35m[@503 - main]&amp#27;[m &amp#27;[36mcom.shaft.tools.io.ReportManager&amp#27;[m : File Action "GetAbsolutePath" successfully performed. With the following test data "Relative Folder Path: "src/test/resources/testDataFiles/Schemas/NotFoundError_schema.json"".
2023-01-22 15:46:57.726 &amp#27;[32m INFO&amp#27;[m &amp#27;[35m[@503 - main]&amp#27;[m &amp#27;[36mcom.shaft.tools.io.ReportManager&amp#27;[m : File Action "DoesFileExist" successfully performed. With the following test data "File Path: "C:\eclipse-workspace\MyProjects\TASystemsAPIs\src\test\resources\testDataFiles\Schemas\NotFoundError_schema.json"".
2023-01-22 15:46:57.727 &amp#27;[32m INFO&amp#27;[m &amp#27;[35m[@503 - main]&amp#27;[m &amp#27;[36mcom.shaft.tools.io.ReportManager&amp#27;[m : File Action "GetAbsolutePath" successfully performed. With the following test data "Relative Folder Path: "C:\eclipse-workspace\MyProjects\TASystemsAPIs\src\test\resources\testDataFiles\Schemas\NotFoundError_schema.json"".
2023-01-22 15:46:57.727 &amp#27;[32m INFO&amp#27;[m &amp#27;[35m[@503 - main]&amp#27;[m &amp#27;[36mcom.shaft.tools.io.ReportManager&amp#27;[m : File Action "ReadFile" successfully performed. With the following test data "File Path: "C:\eclipse-workspace\MyProjects\TASystemsAPIs\src\test\resources\testDataFiles\Schemas\NotFoundError_schema.json"".
2023-01-22 15:46:57.730 &amp#27;[32m INFO&amp#27;[m &amp#27;[35m[@503 - main]&amp#27;[m &amp#27;[36mcom.shaft.tools.io.ReportManager&amp#27;[m : Successfully created attachment "Validation Test Data - Expected JSON Value"
2023-01-22 15:46:57.731 &amp#27;[32m INFO&amp#27;[m &amp#27;[35m[@503 - main]&amp#27;[m &amp#27;[36mcom.shaft.tools.io.ReportManager&amp#27;[m : Successfully created attachment "Validation Test Data - Actual JSON Value"
2023-01-22 15:46:57.733 &amp#27;[32m INFO&amp#27;[m &amp#27;[35m[@503 - main]&amp#27;[m &amp#27;[36mcom.shaft.tools.io.ReportManager&amp#27;[m : Successfully created attachment "SHAFT Engine Logs - Current Method log: Update_Policy_With_NotFound_data_TC"
]]></system-out>
  </testcase>
  <testcase name="Valid_Add_Cancel_Policy_TC[[Ljava.lang.Object;@70d55d7c](1)" classname="SteeringCompanyAPI_TestCases.Test_Policies_Cases" time="2.241">
    <system-out><![CDATA[2023-01-22 15:46:57.742 &amp#27;[32m INFO&amp#27;[m &amp#27;[35m[@534 - main]&amp#27;[m &amp#27;[36mcom.shaft.tools.io.ReportManager&amp#27;[m : 
################################################################################################################################################
Starting Execution:	"289 out of 70" test cases in the current suite
Test Method:		"SteeringCompanyAPI_TestCases.Test_Policies_Cases.Valid_Add_Cancel_Policy_TC"
Test Description:	"TC005 -Policy- Perform Add Valid Cancel Policy"
################################################################################################################################################
2023-01-22 15:46:57.743 &amp#27;[32m INFO&amp#27;[m &amp#27;[35m[@503 - main]&amp#27;[m &amp#27;[36mcom.shaft.tools.io.ReportManager&amp#27;[m : File Action "DoesFileExist" successfully performed. With the following test data "File Path: "SteeringCompanyAPI_TestData/SteeringCompanyAPI_TestData.xlsx"".
2023-01-22 15:46:57.794 &amp#27;[32m INFO&amp#27;[m &amp#27;[35m[@503 - main]&amp#27;[m &amp#27;[36mcom.shaft.tools.io.ReportManager&amp#27;[m : Successfully created attachment "Test Data - Excel"
2023-01-22 15:46:58.387 &amp#27;[32m INFO&amp#27;[m &amp#27;[35m[@503 - main]&amp#27;[m &amp#27;[36mcom.shaft.tools.io.ReportManager&amp#27;[m : Response status code: "200", status line: "HTTP/1.1 200 OK"
2023-01-22 15:46:58.402 &amp#27;[32m INFO&amp#27;[m &amp#27;[35m[@503 - main]&amp#27;[m &amp#27;[36mcom.shaft.tools.io.ReportManager&amp#27;[m : Successfully created attachment "API Request - Specifications"
2023-01-22 15:46:58.403 &amp#27;[32m INFO&amp#27;[m &amp#27;[35m[@503 - main]&amp#27;[m &amp#27;[36mcom.shaft.tools.io.ReportManager&amp#27;[m : Successfully created attachment "API Request - Body"
2023-01-22 15:46:58.404 &amp#27;[32m INFO&amp#27;[m &amp#27;[35m[@503 - main]&amp#27;[m &amp#27;[36mcom.shaft.tools.io.ReportManager&amp#27;[m : Successfully created attachment "API Response - JSON Body"
2023-01-22 15:46:58.417 &amp#27;[32m INFO&amp#27;[m &amp#27;[35m[@503 - main]&amp#27;[m &amp#27;[36mcom.shaft.tools.io.ReportManager&amp#27;[m : File Action "DoesFileExist" successfully performed. With the following test data "File Path: "SteeringCompanyAPI_TestData/SteeringCompanyAPI_TestData.xlsx"".
2023-01-22 15:46:58.483 &amp#27;[32m INFO&amp#27;[m &amp#27;[35m[@503 - main]&amp#27;[m &amp#27;[36mcom.shaft.tools.io.ReportManager&amp#27;[m : Successfully created attachment "Test Data - Excel"
2023-01-22 15:46:58.484 &amp#27;[32m INFO&amp#27;[m &amp#27;[35m[@503 - main]&amp#27;[m &amp#27;[36mcom.shaft.tools.io.ReportManager&amp#27;[m : File Action "DoesFileExist" successfully performed. With the following test data "File Path: "SteeringCompanyAPI_TestData/SteeringCompanyAPI_TestData.xlsx"".
2023-01-22 15:46:58.547 &amp#27;[32m INFO&amp#27;[m &amp#27;[35m[@503 - main]&amp#27;[m &amp#27;[36mcom.shaft.tools.io.ReportManager&amp#27;[m : Successfully created attachment "Test Data - Excel"
2023-01-22 15:46:58.548 &amp#27;[32m INFO&amp#27;[m &amp#27;[35m[@503 - main]&amp#27;[m &amp#27;[36mcom.shaft.tools.io.ReportManager&amp#27;[m : File Action "DoesFileExist" successfully performed. With the following test data "File Path: "SteeringCompanyAPI_TestData/SteeringCompanyAPI_TestData.xlsx"".
2023-01-22 15:46:58.598 &amp#27;[32m INFO&amp#27;[m &amp#27;[35m[@503 - main]&amp#27;[m &amp#27;[36mcom.shaft.tools.io.ReportManager&amp#27;[m : Successfully created attachment "Test Data - Excel"
2023-01-22 15:46:59.197 &amp#27;[32m INFO&amp#27;[m &amp#27;[35m[@503 - main]&amp#27;[m &amp#27;[36mcom.shaft.tools.io.ReportManager&amp#27;[m : Response status code: "201", status line: "HTTP/1.1 201 "
2023-01-22 15:46:59.216 &amp#27;[32m INFO&amp#27;[m &amp#27;[35m[@503 - main]&amp#27;[m &amp#27;[36mcom.shaft.tools.io.ReportManager&amp#27;[m : Successfully created attachment "API Request - Specifications"
2023-01-22 15:46:59.218 &amp#27;[32m INFO&amp#27;[m &amp#27;[35m[@503 - main]&amp#27;[m &amp#27;[36mcom.shaft.tools.io.ReportManager&amp#27;[m : Successfully created attachment "API Request - JSON Body"
2023-01-22 15:46:59.220 &amp#27;[32m INFO&amp#27;[m &amp#27;[35m[@503 - main]&amp#27;[m &amp#27;[36mcom.shaft.tools.io.ReportManager&amp#27;[m : Successfully created attachment "API Response - JSON Body"
2023-01-22 15:46:59.221 &amp#27;[32m INFO&amp#27;[m &amp#27;[35m[@503 - main]&amp#27;[m &amp#27;[36mcom.shaft.tools.io.ReportManager&amp#27;[m : File Action "DoesFileExist" successfully performed. With the following test data "File Path: "src/test/resources/testDataFiles/SteeringCompanyAPI_TestData/SteeringCompanyAPI_TestData.xlsx"".
2023-01-22 15:46:59.697 &amp#27;[32m INFO&amp#27;[m &amp#27;[35m[@503 - main]&amp#27;[m &amp#27;[36mcom.shaft.tools.io.ReportManager&amp#27;[m : File Action "DoesFileExist" successfully performed. With the following test data "File Path: "SteeringCompanyAPI_TestData/SteeringCompanyAPI_TestData.xlsx"".
2023-01-22 15:46:59.834 &amp#27;[32m INFO&amp#27;[m &amp#27;[35m[@503 - main]&amp#27;[m &amp#27;[36mcom.shaft.tools.io.ReportManager&amp#27;[m : Successfully created attachment "Test Data - Excel"
2023-01-22 15:46:59.834 &amp#27;[32m INFO&amp#27;[m &amp#27;[35m[@503 - main]&amp#27;[m &amp#27;[36mcom.shaft.tools.io.ReportManager&amp#27;[m : File Action "DoesFileExist" successfully performed. With the following test data "File Path: "SteeringCompanyAPI_TestData/SteeringCompanyAPI_TestData.xlsx"".
2023-01-22 15:46:59.956 &amp#27;[32m INFO&amp#27;[m &amp#27;[35m[@503 - main]&amp#27;[m &amp#27;[36mcom.shaft.tools.io.ReportManager&amp#27;[m : Successfully created attachment "Test Data - Excel"
2023-01-22 15:46:59.959 &amp#27;[32m INFO&amp#27;[m &amp#27;[35m[@503 - main]&amp#27;[m &amp#27;[36mcom.shaft.tools.io.ReportManager&amp#27;[m : File Action "DoesFileExist" successfully performed. With the following test data "File Path: "Schemas/Cancel_Policy_schema.json"".
2023-01-22 15:46:59.959 &amp#27;[32m INFO&amp#27;[m &amp#27;[35m[@503 - main]&amp#27;[m &amp#27;[36mcom.shaft.tools.io.ReportManager&amp#27;[m : File Action "DoesFileExist" successfully performed. With the following test data "File Path: "src/test/resources/testDataFiles/Schemas/Cancel_Policy_schema.json"".
2023-01-22 15:46:59.960 &amp#27;[32m INFO&amp#27;[m &amp#27;[35m[@503 - main]&amp#27;[m &amp#27;[36mcom.shaft.tools.io.ReportManager&amp#27;[m : File Action "GetAbsolutePath" successfully performed. With the following test data "Relative Folder Path: "src/test/resources/testDataFiles/Schemas/Cancel_Policy_schema.json"".
2023-01-22 15:46:59.971 &amp#27;[32m INFO&amp#27;[m &amp#27;[35m[@503 - main]&amp#27;[m &amp#27;[36mcom.shaft.tools.io.ReportManager&amp#27;[m : File Action "DoesFileExist" successfully performed. With the following test data "File Path: "C:\eclipse-workspace\MyProjects\TASystemsAPIs\src\test\resources\testDataFiles\Schemas\Cancel_Policy_schema.json"".
2023-01-22 15:46:59.972 &amp#27;[32m INFO&amp#27;[m &amp#27;[35m[@503 - main]&amp#27;[m &amp#27;[36mcom.shaft.tools.io.ReportManager&amp#27;[m : File Action "GetAbsolutePath" successfully performed. With the following test data "Relative Folder Path: "C:\eclipse-workspace\MyProjects\TASystemsAPIs\src\test\resources\testDataFiles\Schemas\Cancel_Policy_schema.json"".
2023-01-22 15:46:59.973 &amp#27;[32m INFO&amp#27;[m &amp#27;[35m[@503 - main]&amp#27;[m &amp#27;[36mcom.shaft.tools.io.ReportManager&amp#27;[m : File Action "ReadFile" successfully performed. With the following test data "File Path: "C:\eclipse-workspace\MyProjects\TASystemsAPIs\src\test\resources\testDataFiles\Schemas\Cancel_Policy_schema.json"".
2023-01-22 15:46:59.975 &amp#27;[32m INFO&amp#27;[m &amp#27;[35m[@503 - main]&amp#27;[m &amp#27;[36mcom.shaft.tools.io.ReportManager&amp#27;[m : Successfully created attachment "Validation Test Data - Expected JSON Value"
2023-01-22 15:46:59.976 &amp#27;[32m INFO&amp#27;[m &amp#27;[35m[@503 - main]&amp#27;[m &amp#27;[36mcom.shaft.tools.io.ReportManager&amp#27;[m : Successfully created attachment "Validation Test Data - Actual JSON Value"
2023-01-22 15:46:59.978 &amp#27;[32m INFO&amp#27;[m &amp#27;[35m[@503 - main]&amp#27;[m &amp#27;[36mcom.shaft.tools.io.ReportManager&amp#27;[m : Successfully created attachment "SHAFT Engine Logs - Current Method log: Valid_Add_Cancel_Policy_TC"
]]></system-out>
  </testcase>
  <testcase name="Valid_Add_Cancel_Policy_TC[[Ljava.lang.Object;@1ac65602](2)" classname="SteeringCompanyAPI_TestCases.Test_Policies_Cases" time="2.321">
    <system-out><![CDATA[2023-01-22 15:46:59.983 &amp#27;[32m INFO&amp#27;[m &amp#27;[35m[@534 - main]&amp#27;[m &amp#27;[36mcom.shaft.tools.io.ReportManager&amp#27;[m : 
################################################################################################################################################
Starting Execution:	"290 out of 70" test cases in the current suite
Test Method:		"SteeringCompanyAPI_TestCases.Test_Policies_Cases.Valid_Add_Cancel_Policy_TC"
Test Description:	"TC005 -Policy- Perform Add Valid Cancel Policy"
################################################################################################################################################
2023-01-22 15:46:59.984 &amp#27;[32m INFO&amp#27;[m &amp#27;[35m[@503 - main]&amp#27;[m &amp#27;[36mcom.shaft.tools.io.ReportManager&amp#27;[m : File Action "DoesFileExist" successfully performed. With the following test data "File Path: "SteeringCompanyAPI_TestData/SteeringCompanyAPI_TestData.xlsx"".
2023-01-22 15:47:00.136 &amp#27;[32m INFO&amp#27;[m &amp#27;[35m[@503 - main]&amp#27;[m &amp#27;[36mcom.shaft.tools.io.ReportManager&amp#27;[m : Successfully created attachment "Test Data - Excel"
2023-01-22 15:47:00.895 &amp#27;[32m INFO&amp#27;[m &amp#27;[35m[@503 - main]&amp#27;[m &amp#27;[36mcom.shaft.tools.io.ReportManager&amp#27;[m : Response status code: "200", status line: "HTTP/1.1 200 OK"
2023-01-22 15:47:00.928 &amp#27;[32m INFO&amp#27;[m &amp#27;[35m[@503 - main]&amp#27;[m &amp#27;[36mcom.shaft.tools.io.ReportManager&amp#27;[m : Successfully created attachment "API Request - Specifications"
2023-01-22 15:47:00.930 &amp#27;[32m INFO&amp#27;[m &amp#27;[35m[@503 - main]&amp#27;[m &amp#27;[36mcom.shaft.tools.io.ReportManager&amp#27;[m : Successfully created attachment "API Request - Body"
2023-01-22 15:47:00.931 &amp#27;[32m INFO&amp#27;[m &amp#27;[35m[@503 - main]&amp#27;[m &amp#27;[36mcom.shaft.tools.io.ReportManager&amp#27;[m : Successfully created attachment "API Response - JSON Body"
2023-01-22 15:47:00.950 &amp#27;[32m INFO&amp#27;[m &amp#27;[35m[@503 - main]&amp#27;[m &amp#27;[36mcom.shaft.tools.io.ReportManager&amp#27;[m : File Action "DoesFileExist" successfully performed. With the following test data "File Path: "SteeringCompanyAPI_TestData/SteeringCompanyAPI_TestData.xlsx"".
2023-01-22 15:47:01.058 &amp#27;[32m INFO&amp#27;[m &amp#27;[35m[@503 - main]&amp#27;[m &amp#27;[36mcom.shaft.tools.io.ReportManager&amp#27;[m : Successfully created attachment "Test Data - Excel"
2023-01-22 15:47:01.059 &amp#27;[32m INFO&amp#27;[m &amp#27;[35m[@503 - main]&amp#27;[m &amp#27;[36mcom.shaft.tools.io.ReportManager&amp#27;[m : File Action "DoesFileExist" successfully performed. With the following test data "File Path: "SteeringCompanyAPI_TestData/SteeringCompanyAPI_TestData.xlsx"".
2023-01-22 15:47:01.140 &amp#27;[32m INFO&amp#27;[m &amp#27;[35m[@503 - main]&amp#27;[m &amp#27;[36mcom.shaft.tools.io.ReportManager&amp#27;[m : Successfully created attachment "Test Data - Excel"
2023-01-22 15:47:01.141 &amp#27;[32m INFO&amp#27;[m &amp#27;[35m[@503 - main]&amp#27;[m &amp#27;[36mcom.shaft.tools.io.ReportManager&amp#27;[m : File Action "DoesFileExist" successfully performed. With the following test data "File Path: "SteeringCompanyAPI_TestData/SteeringCompanyAPI_TestData.xlsx"".
2023-01-22 15:47:01.220 &amp#27;[32m INFO&amp#27;[m &amp#27;[35m[@503 - main]&amp#27;[m &amp#27;[36mcom.shaft.tools.io.ReportManager&amp#27;[m : Successfully created attachment "Test Data - Excel"
2023-01-22 15:47:01.920 &amp#27;[32m INFO&amp#27;[m &amp#27;[35m[@503 - main]&amp#27;[m &amp#27;[36mcom.shaft.tools.io.ReportManager&amp#27;[m : Response status code: "201", status line: "HTTP/1.1 201 "
2023-01-22 15:47:01.937 &amp#27;[32m INFO&amp#27;[m &amp#27;[35m[@503 - main]&amp#27;[m &amp#27;[36mcom.shaft.tools.io.ReportManager&amp#27;[m : Successfully created attachment "API Request - Specifications"
2023-01-22 15:47:01.939 &amp#27;[32m INFO&amp#27;[m &amp#27;[35m[@503 - main]&amp#27;[m &amp#27;[36mcom.shaft.tools.io.ReportManager&amp#27;[m : Successfully created attachment "API Request - JSON Body"
2023-01-22 15:47:01.940 &amp#27;[32m INFO&amp#27;[m &amp#27;[35m[@503 - main]&amp#27;[m &amp#27;[36mcom.shaft.tools.io.ReportManager&amp#27;[m : Successfully created attachment "API Response - JSON Body"
2023-01-22 15:47:01.941 &amp#27;[32m INFO&amp#27;[m &amp#27;[35m[@503 - main]&amp#27;[m &amp#27;[36mcom.shaft.tools.io.ReportManager&amp#27;[m : File Action "DoesFileExist" successfully performed. With the following test data "File Path: "src/test/resources/testDataFiles/SteeringCompanyAPI_TestData/SteeringCompanyAPI_TestData.xlsx"".
2023-01-22 15:47:02.143 &amp#27;[32m INFO&amp#27;[m &amp#27;[35m[@503 - main]&amp#27;[m &amp#27;[36mcom.shaft.tools.io.ReportManager&amp#27;[m : File Action "DoesFileExist" successfully performed. With the following test data "File Path: "SteeringCompanyAPI_TestData/SteeringCompanyAPI_TestData.xlsx"".
2023-01-22 15:47:02.207 &amp#27;[32m INFO&amp#27;[m &amp#27;[35m[@503 - main]&amp#27;[m &amp#27;[36mcom.shaft.tools.io.ReportManager&amp#27;[m : Successfully created attachment "Test Data - Excel"
2023-01-22 15:47:02.208 &amp#27;[32m INFO&amp#27;[m &amp#27;[35m[@503 - main]&amp#27;[m &amp#27;[36mcom.shaft.tools.io.ReportManager&amp#27;[m : File Action "DoesFileExist" successfully performed. With the following test data "File Path: "SteeringCompanyAPI_TestData/SteeringCompanyAPI_TestData.xlsx"".
2023-01-22 15:47:02.283 &amp#27;[32m INFO&amp#27;[m &amp#27;[35m[@503 - main]&amp#27;[m &amp#27;[36mcom.shaft.tools.io.ReportManager&amp#27;[m : Successfully created attachment "Test Data - Excel"
2023-01-22 15:47:02.284 &amp#27;[32m INFO&amp#27;[m &amp#27;[35m[@503 - main]&amp#27;[m &amp#27;[36mcom.shaft.tools.io.ReportManager&amp#27;[m : File Action "DoesFileExist" successfully performed. With the following test data "File Path: "Schemas/Cancel_Policy_schema.json"".
2023-01-22 15:47:02.284 &amp#27;[32m INFO&amp#27;[m &amp#27;[35m[@503 - main]&amp#27;[m &amp#27;[36mcom.shaft.tools.io.ReportManager&amp#27;[m : File Action "DoesFileExist" successfully performed. With the following test data "File Path: "src/test/resources/testDataFiles/Schemas/Cancel_Policy_schema.json"".
2023-01-22 15:47:02.284 &amp#27;[32m INFO&amp#27;[m &amp#27;[35m[@503 - main]&amp#27;[m &amp#27;[36mcom.shaft.tools.io.ReportManager&amp#27;[m : File Action "GetAbsolutePath" successfully performed. With the following test data "Relative Folder Path: "src/test/resources/testDataFiles/Schemas/Cancel_Policy_schema.json"".
2023-01-22 15:47:02.286 &amp#27;[32m INFO&amp#27;[m &amp#27;[35m[@503 - main]&amp#27;[m &amp#27;[36mcom.shaft.tools.io.ReportManager&amp#27;[m : File Action "DoesFileExist" successfully performed. With the following test data "File Path: "C:\eclipse-workspace\MyProjects\TASystemsAPIs\src\test\resources\testDataFiles\Schemas\Cancel_Policy_schema.json"".
2023-01-22 15:47:02.287 &amp#27;[32m INFO&amp#27;[m &amp#27;[35m[@503 - main]&amp#27;[m &amp#27;[36mcom.shaft.tools.io.ReportManager&amp#27;[m : File Action "GetAbsolutePath" successfully performed. With the following test data "Relative Folder Path: "C:\eclipse-workspace\MyProjects\TASystemsAPIs\src\test\resources\testDataFiles\Schemas\Cancel_Policy_schema.json"".
2023-01-22 15:47:02.288 &amp#27;[32m INFO&amp#27;[m &amp#27;[35m[@503 - main]&amp#27;[m &amp#27;[36mcom.shaft.tools.io.ReportManager&amp#27;[m : File Action "ReadFile" successfully performed. With the following test data "File Path: "C:\eclipse-workspace\MyProjects\TASystemsAPIs\src\test\resources\testDataFiles\Schemas\Cancel_Policy_schema.json"".
2023-01-22 15:47:02.292 &amp#27;[32m INFO&amp#27;[m &amp#27;[35m[@503 - main]&amp#27;[m &amp#27;[36mcom.shaft.tools.io.ReportManager&amp#27;[m : Successfully created attachment "Validation Test Data - Expected JSON Value"
2023-01-22 15:47:02.297 &amp#27;[32m INFO&amp#27;[m &amp#27;[35m[@503 - main]&amp#27;[m &amp#27;[36mcom.shaft.tools.io.ReportManager&amp#27;[m : Successfully created attachment "Validation Test Data - Actual JSON Value"
2023-01-22 15:47:02.299 &amp#27;[32m INFO&amp#27;[m &amp#27;[35m[@503 - main]&amp#27;[m &amp#27;[36mcom.shaft.tools.io.ReportManager&amp#27;[m : Successfully created attachment "SHAFT Engine Logs - Current Method log: Valid_Add_Cancel_Policy_TC"
]]></system-out>
  </testcase>
  <testcase name="Valid_Add_Cancel_Policy_TC[[Ljava.lang.Object;@431202c9](3)" classname="SteeringCompanyAPI_TestCases.Test_Policies_Cases" time="1.856">
    <system-out><![CDATA[2023-01-22 15:47:02.304 &amp#27;[32m INFO&amp#27;[m &amp#27;[35m[@534 - main]&amp#27;[m &amp#27;[36mcom.shaft.tools.io.ReportManager&amp#27;[m : 
################################################################################################################################################
Starting Execution:	"291 out of 70" test cases in the current suite
Test Method:		"SteeringCompanyAPI_TestCases.Test_Policies_Cases.Valid_Add_Cancel_Policy_TC"
Test Description:	"TC005 -Policy- Perform Add Valid Cancel Policy"
################################################################################################################################################
2023-01-22 15:47:02.305 &amp#27;[32m INFO&amp#27;[m &amp#27;[35m[@503 - main]&amp#27;[m &amp#27;[36mcom.shaft.tools.io.ReportManager&amp#27;[m : File Action "DoesFileExist" successfully performed. With the following test data "File Path: "SteeringCompanyAPI_TestData/SteeringCompanyAPI_TestData.xlsx"".
2023-01-22 15:47:02.382 &amp#27;[32m INFO&amp#27;[m &amp#27;[35m[@503 - main]&amp#27;[m &amp#27;[36mcom.shaft.tools.io.ReportManager&amp#27;[m : Successfully created attachment "Test Data - Excel"
2023-01-22 15:47:03.064 &amp#27;[32m INFO&amp#27;[m &amp#27;[35m[@503 - main]&amp#27;[m &amp#27;[36mcom.shaft.tools.io.ReportManager&amp#27;[m : Response status code: "200", status line: "HTTP/1.1 200 OK"
2023-01-22 15:47:03.083 &amp#27;[32m INFO&amp#27;[m &amp#27;[35m[@503 - main]&amp#27;[m &amp#27;[36mcom.shaft.tools.io.ReportManager&amp#27;[m : Successfully created attachment "API Request - Specifications"
2023-01-22 15:47:03.084 &amp#27;[32m INFO&amp#27;[m &amp#27;[35m[@503 - main]&amp#27;[m &amp#27;[36mcom.shaft.tools.io.ReportManager&amp#27;[m : Successfully created attachment "API Request - Body"
2023-01-22 15:47:03.086 &amp#27;[32m INFO&amp#27;[m &amp#27;[35m[@503 - main]&amp#27;[m &amp#27;[36mcom.shaft.tools.io.ReportManager&amp#27;[m : Successfully created attachment "API Response - JSON Body"
2023-01-22 15:47:03.101 &amp#27;[32m INFO&amp#27;[m &amp#27;[35m[@503 - main]&amp#27;[m &amp#27;[36mcom.shaft.tools.io.ReportManager&amp#27;[m : File Action "DoesFileExist" successfully performed. With the following test data "File Path: "SteeringCompanyAPI_TestData/SteeringCompanyAPI_TestData.xlsx"".
2023-01-22 15:47:03.154 &amp#27;[32m INFO&amp#27;[m &amp#27;[35m[@503 - main]&amp#27;[m &amp#27;[36mcom.shaft.tools.io.ReportManager&amp#27;[m : Successfully created attachment "Test Data - Excel"
2023-01-22 15:47:03.154 &amp#27;[32m INFO&amp#27;[m &amp#27;[35m[@503 - main]&amp#27;[m &amp#27;[36mcom.shaft.tools.io.ReportManager&amp#27;[m : File Action "DoesFileExist" successfully performed. With the following test data "File Path: "SteeringCompanyAPI_TestData/SteeringCompanyAPI_TestData.xlsx"".
2023-01-22 15:47:03.217 &amp#27;[32m INFO&amp#27;[m &amp#27;[35m[@503 - main]&amp#27;[m &amp#27;[36mcom.shaft.tools.io.ReportManager&amp#27;[m : Successfully created attachment "Test Data - Excel"
2023-01-22 15:47:03.217 &amp#27;[32m INFO&amp#27;[m &amp#27;[35m[@503 - main]&amp#27;[m &amp#27;[36mcom.shaft.tools.io.ReportManager&amp#27;[m : File Action "DoesFileExist" successfully performed. With the following test data "File Path: "SteeringCompanyAPI_TestData/SteeringCompanyAPI_TestData.xlsx"".
2023-01-22 15:47:03.273 &amp#27;[32m INFO&amp#27;[m &amp#27;[35m[@503 - main]&amp#27;[m &amp#27;[36mcom.shaft.tools.io.ReportManager&amp#27;[m : Successfully created attachment "Test Data - Excel"
2023-01-22 15:47:03.845 &amp#27;[32m INFO&amp#27;[m &amp#27;[35m[@503 - main]&amp#27;[m &amp#27;[36mcom.shaft.tools.io.ReportManager&amp#27;[m : Response status code: "201", status line: "HTTP/1.1 201 "
2023-01-22 15:47:03.860 &amp#27;[32m INFO&amp#27;[m &amp#27;[35m[@503 - main]&amp#27;[m &amp#27;[36mcom.shaft.tools.io.ReportManager&amp#27;[m : Successfully created attachment "API Request - Specifications"
2023-01-22 15:47:03.861 &amp#27;[32m INFO&amp#27;[m &amp#27;[35m[@503 - main]&amp#27;[m &amp#27;[36mcom.shaft.tools.io.ReportManager&amp#27;[m : Successfully created attachment "API Request - JSON Body"
2023-01-22 15:47:03.863 &amp#27;[32m INFO&amp#27;[m &amp#27;[35m[@503 - main]&amp#27;[m &amp#27;[36mcom.shaft.tools.io.ReportManager&amp#27;[m : Successfully created attachment "API Response - JSON Body"
2023-01-22 15:47:03.863 &amp#27;[32m INFO&amp#27;[m &amp#27;[35m[@503 - main]&amp#27;[m &amp#27;[36mcom.shaft.tools.io.ReportManager&amp#27;[m : File Action "DoesFileExist" successfully performed. With the following test data "File Path: "src/test/resources/testDataFiles/SteeringCompanyAPI_TestData/SteeringCompanyAPI_TestData.xlsx"".
2023-01-22 15:47:04.024 &amp#27;[32m INFO&amp#27;[m &amp#27;[35m[@503 - main]&amp#27;[m &amp#27;[36mcom.shaft.tools.io.ReportManager&amp#27;[m : File Action "DoesFileExist" successfully performed. With the following test data "File Path: "SteeringCompanyAPI_TestData/SteeringCompanyAPI_TestData.xlsx"".
2023-01-22 15:47:04.081 &amp#27;[32m INFO&amp#27;[m &amp#27;[35m[@503 - main]&amp#27;[m &amp#27;[36mcom.shaft.tools.io.ReportManager&amp#27;[m : Successfully created attachment "Test Data - Excel"
2023-01-22 15:47:04.082 &amp#27;[32m INFO&amp#27;[m &amp#27;[35m[@503 - main]&amp#27;[m &amp#27;[36mcom.shaft.tools.io.ReportManager&amp#27;[m : File Action "DoesFileExist" successfully performed. With the following test data "File Path: "SteeringCompanyAPI_TestData/SteeringCompanyAPI_TestData.xlsx"".
2023-01-22 15:47:04.143 &amp#27;[32m INFO&amp#27;[m &amp#27;[35m[@503 - main]&amp#27;[m &amp#27;[36mcom.shaft.tools.io.ReportManager&amp#27;[m : Successfully created attachment "Test Data - Excel"
2023-01-22 15:47:04.144 &amp#27;[32m INFO&amp#27;[m &amp#27;[35m[@503 - main]&amp#27;[m &amp#27;[36mcom.shaft.tools.io.ReportManager&amp#27;[m : File Action "DoesFileExist" successfully performed. With the following test data "File Path: "Schemas/Cancel_Policy_schema.json"".
2023-01-22 15:47:04.144 &amp#27;[32m INFO&amp#27;[m &amp#27;[35m[@503 - main]&amp#27;[m &amp#27;[36mcom.shaft.tools.io.ReportManager&amp#27;[m : File Action "DoesFileExist" successfully performed. With the following test data "File Path: "src/test/resources/testDataFiles/Schemas/Cancel_Policy_schema.json"".
2023-01-22 15:47:04.144 &amp#27;[32m INFO&amp#27;[m &amp#27;[35m[@503 - main]&amp#27;[m &amp#27;[36mcom.shaft.tools.io.ReportManager&amp#27;[m : File Action "GetAbsolutePath" successfully performed. With the following test data "Relative Folder Path: "src/test/resources/testDataFiles/Schemas/Cancel_Policy_schema.json"".
2023-01-22 15:47:04.146 &amp#27;[32m INFO&amp#27;[m &amp#27;[35m[@503 - main]&amp#27;[m &amp#27;[36mcom.shaft.tools.io.ReportManager&amp#27;[m : File Action "DoesFileExist" successfully performed. With the following test data "File Path: "C:\eclipse-workspace\MyProjects\TASystemsAPIs\src\test\resources\testDataFiles\Schemas\Cancel_Policy_schema.json"".
2023-01-22 15:47:04.146 &amp#27;[32m INFO&amp#27;[m &amp#27;[35m[@503 - main]&amp#27;[m &amp#27;[36mcom.shaft.tools.io.ReportManager&amp#27;[m : File Action "GetAbsolutePath" successfully performed. With the following test data "Relative Folder Path: "C:\eclipse-workspace\MyProjects\TASystemsAPIs\src\test\resources\testDataFiles\Schemas\Cancel_Policy_schema.json"".
2023-01-22 15:47:04.147 &amp#27;[32m INFO&amp#27;[m &amp#27;[35m[@503 - main]&amp#27;[m &amp#27;[36mcom.shaft.tools.io.ReportManager&amp#27;[m : File Action "ReadFile" successfully performed. With the following test data "File Path: "C:\eclipse-workspace\MyProjects\TASystemsAPIs\src\test\resources\testDataFiles\Schemas\Cancel_Policy_schema.json"".
2023-01-22 15:47:04.150 &amp#27;[32m INFO&amp#27;[m &amp#27;[35m[@503 - main]&amp#27;[m &amp#27;[36mcom.shaft.tools.io.ReportManager&amp#27;[m : Successfully created attachment "Validation Test Data - Expected JSON Value"
2023-01-22 15:47:04.152 &amp#27;[32m INFO&amp#27;[m &amp#27;[35m[@503 - main]&amp#27;[m &amp#27;[36mcom.shaft.tools.io.ReportManager&amp#27;[m : Successfully created attachment "Validation Test Data - Actual JSON Value"
2023-01-22 15:47:04.155 &amp#27;[32m INFO&amp#27;[m &amp#27;[35m[@503 - main]&amp#27;[m &amp#27;[36mcom.shaft.tools.io.ReportManager&amp#27;[m : Successfully created attachment "SHAFT Engine Logs - Current Method log: Valid_Add_Cancel_Policy_TC"
]]></system-out>
  </testcase>
  <testcase name="Valid_Add_General_Policy_TC[[Ljava.lang.Object;@45ef70a6](1)" classname="SteeringCompanyAPI_TestCases.Test_Policies_Cases" time="1.761">
    <system-out><![CDATA[2023-01-22 15:47:04.163 &amp#27;[32m INFO&amp#27;[m &amp#27;[35m[@534 - main]&amp#27;[m &amp#27;[36mcom.shaft.tools.io.ReportManager&amp#27;[m : 
################################################################################################################################################
Starting Execution:	"292 out of 70" test cases in the current suite
Test Method:		"SteeringCompanyAPI_TestCases.Test_Policies_Cases.Valid_Add_General_Policy_TC"
Test Description:	"TC009 -Policy- Perform Add Valid General Policy "
################################################################################################################################################
2023-01-22 15:47:04.164 &amp#27;[32m INFO&amp#27;[m &amp#27;[35m[@503 - main]&amp#27;[m &amp#27;[36mcom.shaft.tools.io.ReportManager&amp#27;[m : File Action "DoesFileExist" successfully performed. With the following test data "File Path: "SteeringCompanyAPI_TestData/SteeringCompanyAPI_TestData.xlsx"".
2023-01-22 15:47:04.240 &amp#27;[32m INFO&amp#27;[m &amp#27;[35m[@503 - main]&amp#27;[m &amp#27;[36mcom.shaft.tools.io.ReportManager&amp#27;[m : Successfully created attachment "Test Data - Excel"
2023-01-22 15:47:04.911 &amp#27;[32m INFO&amp#27;[m &amp#27;[35m[@503 - main]&amp#27;[m &amp#27;[36mcom.shaft.tools.io.ReportManager&amp#27;[m : Response status code: "200", status line: "HTTP/1.1 200 OK"
2023-01-22 15:47:04.928 &amp#27;[32m INFO&amp#27;[m &amp#27;[35m[@503 - main]&amp#27;[m &amp#27;[36mcom.shaft.tools.io.ReportManager&amp#27;[m : Successfully created attachment "API Request - Specifications"
2023-01-22 15:47:04.929 &amp#27;[32m INFO&amp#27;[m &amp#27;[35m[@503 - main]&amp#27;[m &amp#27;[36mcom.shaft.tools.io.ReportManager&amp#27;[m : Successfully created attachment "API Request - Body"
2023-01-22 15:47:04.929 &amp#27;[32m INFO&amp#27;[m &amp#27;[35m[@503 - main]&amp#27;[m &amp#27;[36mcom.shaft.tools.io.ReportManager&amp#27;[m : Successfully created attachment "API Response - JSON Body"
2023-01-22 15:47:04.945 &amp#27;[32m INFO&amp#27;[m &amp#27;[35m[@503 - main]&amp#27;[m &amp#27;[36mcom.shaft.tools.io.ReportManager&amp#27;[m : File Action "DoesFileExist" successfully performed. With the following test data "File Path: "SteeringCompanyAPI_TestData/SteeringCompanyAPI_TestData.xlsx"".
2023-01-22 15:47:05.010 &amp#27;[32m INFO&amp#27;[m &amp#27;[35m[@503 - main]&amp#27;[m &amp#27;[36mcom.shaft.tools.io.ReportManager&amp#27;[m : Successfully created attachment "Test Data - Excel"
2023-01-22 15:47:05.010 &amp#27;[32m INFO&amp#27;[m &amp#27;[35m[@503 - main]&amp#27;[m &amp#27;[36mcom.shaft.tools.io.ReportManager&amp#27;[m : File Action "DoesFileExist" successfully performed. With the following test data "File Path: "SteeringCompanyAPI_TestData/SteeringCompanyAPI_TestData.xlsx"".
2023-01-22 15:47:05.061 &amp#27;[32m INFO&amp#27;[m &amp#27;[35m[@503 - main]&amp#27;[m &amp#27;[36mcom.shaft.tools.io.ReportManager&amp#27;[m : Successfully created attachment "Test Data - Excel"
2023-01-22 15:47:05.062 &amp#27;[32m INFO&amp#27;[m &amp#27;[35m[@503 - main]&amp#27;[m &amp#27;[36mcom.shaft.tools.io.ReportManager&amp#27;[m : File Action "DoesFileExist" successfully performed. With the following test data "File Path: "SteeringCompanyAPI_TestData/SteeringCompanyAPI_TestData.xlsx"".
2023-01-22 15:47:05.104 &amp#27;[32m INFO&amp#27;[m &amp#27;[35m[@503 - main]&amp#27;[m &amp#27;[36mcom.shaft.tools.io.ReportManager&amp#27;[m : Successfully created attachment "Test Data - Excel"
2023-01-22 15:47:05.648 &amp#27;[32m INFO&amp#27;[m &amp#27;[35m[@503 - main]&amp#27;[m &amp#27;[36mcom.shaft.tools.io.ReportManager&amp#27;[m : Response status code: "201", status line: "HTTP/1.1 201 "
2023-01-22 15:47:05.664 &amp#27;[32m INFO&amp#27;[m &amp#27;[35m[@503 - main]&amp#27;[m &amp#27;[36mcom.shaft.tools.io.ReportManager&amp#27;[m : Successfully created attachment "API Request - Specifications"
2023-01-22 15:47:05.666 &amp#27;[32m INFO&amp#27;[m &amp#27;[35m[@503 - main]&amp#27;[m &amp#27;[36mcom.shaft.tools.io.ReportManager&amp#27;[m : Successfully created attachment "API Request - JSON Body"
2023-01-22 15:47:05.667 &amp#27;[32m INFO&amp#27;[m &amp#27;[35m[@503 - main]&amp#27;[m &amp#27;[36mcom.shaft.tools.io.ReportManager&amp#27;[m : Successfully created attachment "API Response - JSON Body"
2023-01-22 15:47:05.667 &amp#27;[32m INFO&amp#27;[m &amp#27;[35m[@503 - main]&amp#27;[m &amp#27;[36mcom.shaft.tools.io.ReportManager&amp#27;[m : File Action "DoesFileExist" successfully performed. With the following test data "File Path: "src/test/resources/testDataFiles/SteeringCompanyAPI_TestData/SteeringCompanyAPI_TestData.xlsx"".
2023-01-22 15:47:05.787 &amp#27;[32m INFO&amp#27;[m &amp#27;[35m[@503 - main]&amp#27;[m &amp#27;[36mcom.shaft.tools.io.ReportManager&amp#27;[m : File Action "DoesFileExist" successfully performed. With the following test data "File Path: "SteeringCompanyAPI_TestData/SteeringCompanyAPI_TestData.xlsx"".
2023-01-22 15:47:05.854 &amp#27;[32m INFO&amp#27;[m &amp#27;[35m[@503 - main]&amp#27;[m &amp#27;[36mcom.shaft.tools.io.ReportManager&amp#27;[m : Successfully created attachment "Test Data - Excel"
2023-01-22 15:47:05.855 &amp#27;[32m INFO&amp#27;[m &amp#27;[35m[@503 - main]&amp#27;[m &amp#27;[36mcom.shaft.tools.io.ReportManager&amp#27;[m : File Action "DoesFileExist" successfully performed. With the following test data "File Path: "SteeringCompanyAPI_TestData/SteeringCompanyAPI_TestData.xlsx"".
2023-01-22 15:47:05.912 &amp#27;[32m INFO&amp#27;[m &amp#27;[35m[@503 - main]&amp#27;[m &amp#27;[36mcom.shaft.tools.io.ReportManager&amp#27;[m : Successfully created attachment "Test Data - Excel"
2023-01-22 15:47:05.914 &amp#27;[32m INFO&amp#27;[m &amp#27;[35m[@503 - main]&amp#27;[m &amp#27;[36mcom.shaft.tools.io.ReportManager&amp#27;[m : File Action "DoesFileExist" successfully performed. With the following test data "File Path: "Schemas/General_Policy_schema.json"".
2023-01-22 15:47:05.914 &amp#27;[32m INFO&amp#27;[m &amp#27;[35m[@503 - main]&amp#27;[m &amp#27;[36mcom.shaft.tools.io.ReportManager&amp#27;[m : File Action "DoesFileExist" successfully performed. With the following test data "File Path: "src/test/resources/testDataFiles/Schemas/General_Policy_schema.json"".
2023-01-22 15:47:05.914 &amp#27;[32m INFO&amp#27;[m &amp#27;[35m[@503 - main]&amp#27;[m &amp#27;[36mcom.shaft.tools.io.ReportManager&amp#27;[m : File Action "GetAbsolutePath" successfully performed. With the following test data "Relative Folder Path: "src/test/resources/testDataFiles/Schemas/General_Policy_schema.json"".
2023-01-22 15:47:05.916 &amp#27;[32m INFO&amp#27;[m &amp#27;[35m[@503 - main]&amp#27;[m &amp#27;[36mcom.shaft.tools.io.ReportManager&amp#27;[m : File Action "DoesFileExist" successfully performed. With the following test data "File Path: "C:\eclipse-workspace\MyProjects\TASystemsAPIs\src\test\resources\testDataFiles\Schemas\General_Policy_schema.json"".
2023-01-22 15:47:05.916 &amp#27;[32m INFO&amp#27;[m &amp#27;[35m[@503 - main]&amp#27;[m &amp#27;[36mcom.shaft.tools.io.ReportManager&amp#27;[m : File Action "GetAbsolutePath" successfully performed. With the following test data "Relative Folder Path: "C:\eclipse-workspace\MyProjects\TASystemsAPIs\src\test\resources\testDataFiles\Schemas\General_Policy_schema.json"".
2023-01-22 15:47:05.916 &amp#27;[32m INFO&amp#27;[m &amp#27;[35m[@503 - main]&amp#27;[m &amp#27;[36mcom.shaft.tools.io.ReportManager&amp#27;[m : File Action "ReadFile" successfully performed. With the following test data "File Path: "C:\eclipse-workspace\MyProjects\TASystemsAPIs\src\test\resources\testDataFiles\Schemas\General_Policy_schema.json"".
2023-01-22 15:47:05.918 &amp#27;[32m INFO&amp#27;[m &amp#27;[35m[@503 - main]&amp#27;[m &amp#27;[36mcom.shaft.tools.io.ReportManager&amp#27;[m : Successfully created attachment "Validation Test Data - Expected JSON Value"
2023-01-22 15:47:05.918 &amp#27;[32m INFO&amp#27;[m &amp#27;[35m[@503 - main]&amp#27;[m &amp#27;[36mcom.shaft.tools.io.ReportManager&amp#27;[m : Successfully created attachment "Validation Test Data - Actual JSON Value"
2023-01-22 15:47:05.921 &amp#27;[32m INFO&amp#27;[m &amp#27;[35m[@503 - main]&amp#27;[m &amp#27;[36mcom.shaft.tools.io.ReportManager&amp#27;[m : Successfully created attachment "SHAFT Engine Logs - Current Method log: Valid_Add_General_Policy_TC"
]]></system-out>
  </testcase>
  <testcase name="Valid_Add_General_Policy_TC[[Ljava.lang.Object;@77e5afd6](2)" classname="SteeringCompanyAPI_TestCases.Test_Policies_Cases" time="1.931">
    <system-out><![CDATA[2023-01-22 15:47:05.927 &amp#27;[32m INFO&amp#27;[m &amp#27;[35m[@534 - main]&amp#27;[m &amp#27;[36mcom.shaft.tools.io.ReportManager&amp#27;[m : 
################################################################################################################################################
Starting Execution:	"293 out of 70" test cases in the current suite
Test Method:		"SteeringCompanyAPI_TestCases.Test_Policies_Cases.Valid_Add_General_Policy_TC"
Test Description:	"TC009 -Policy- Perform Add Valid General Policy "
################################################################################################################################################
2023-01-22 15:47:05.928 &amp#27;[32m INFO&amp#27;[m &amp#27;[35m[@503 - main]&amp#27;[m &amp#27;[36mcom.shaft.tools.io.ReportManager&amp#27;[m : File Action "DoesFileExist" successfully performed. With the following test data "File Path: "SteeringCompanyAPI_TestData/SteeringCompanyAPI_TestData.xlsx"".
2023-01-22 15:47:06.016 &amp#27;[32m INFO&amp#27;[m &amp#27;[35m[@503 - main]&amp#27;[m &amp#27;[36mcom.shaft.tools.io.ReportManager&amp#27;[m : Successfully created attachment "Test Data - Excel"
2023-01-22 15:47:06.750 &amp#27;[32m INFO&amp#27;[m &amp#27;[35m[@503 - main]&amp#27;[m &amp#27;[36mcom.shaft.tools.io.ReportManager&amp#27;[m : Response status code: "200", status line: "HTTP/1.1 200 OK"
2023-01-22 15:47:06.764 &amp#27;[32m INFO&amp#27;[m &amp#27;[35m[@503 - main]&amp#27;[m &amp#27;[36mcom.shaft.tools.io.ReportManager&amp#27;[m : Successfully created attachment "API Request - Specifications"
2023-01-22 15:47:06.764 &amp#27;[32m INFO&amp#27;[m &amp#27;[35m[@503 - main]&amp#27;[m &amp#27;[36mcom.shaft.tools.io.ReportManager&amp#27;[m : Successfully created attachment "API Request - Body"
2023-01-22 15:47:06.765 &amp#27;[32m INFO&amp#27;[m &amp#27;[35m[@503 - main]&amp#27;[m &amp#27;[36mcom.shaft.tools.io.ReportManager&amp#27;[m : Successfully created attachment "API Response - JSON Body"
2023-01-22 15:47:06.780 &amp#27;[32m INFO&amp#27;[m &amp#27;[35m[@503 - main]&amp#27;[m &amp#27;[36mcom.shaft.tools.io.ReportManager&amp#27;[m : File Action "DoesFileExist" successfully performed. With the following test data "File Path: "SteeringCompanyAPI_TestData/SteeringCompanyAPI_TestData.xlsx"".
2023-01-22 15:47:06.840 &amp#27;[32m INFO&amp#27;[m &amp#27;[35m[@503 - main]&amp#27;[m &amp#27;[36mcom.shaft.tools.io.ReportManager&amp#27;[m : Successfully created attachment "Test Data - Excel"
2023-01-22 15:47:06.840 &amp#27;[32m INFO&amp#27;[m &amp#27;[35m[@503 - main]&amp#27;[m &amp#27;[36mcom.shaft.tools.io.ReportManager&amp#27;[m : File Action "DoesFileExist" successfully performed. With the following test data "File Path: "SteeringCompanyAPI_TestData/SteeringCompanyAPI_TestData.xlsx"".
2023-01-22 15:47:06.896 &amp#27;[32m INFO&amp#27;[m &amp#27;[35m[@503 - main]&amp#27;[m &amp#27;[36mcom.shaft.tools.io.ReportManager&amp#27;[m : Successfully created attachment "Test Data - Excel"
2023-01-22 15:47:06.897 &amp#27;[32m INFO&amp#27;[m &amp#27;[35m[@503 - main]&amp#27;[m &amp#27;[36mcom.shaft.tools.io.ReportManager&amp#27;[m : File Action "DoesFileExist" successfully performed. With the following test data "File Path: "SteeringCompanyAPI_TestData/SteeringCompanyAPI_TestData.xlsx"".
2023-01-22 15:47:06.945 &amp#27;[32m INFO&amp#27;[m &amp#27;[35m[@503 - main]&amp#27;[m &amp#27;[36mcom.shaft.tools.io.ReportManager&amp#27;[m : Successfully created attachment "Test Data - Excel"
2023-01-22 15:47:07.553 &amp#27;[32m INFO&amp#27;[m &amp#27;[35m[@503 - main]&amp#27;[m &amp#27;[36mcom.shaft.tools.io.ReportManager&amp#27;[m : Response status code: "201", status line: "HTTP/1.1 201 "
2023-01-22 15:47:07.572 &amp#27;[32m INFO&amp#27;[m &amp#27;[35m[@503 - main]&amp#27;[m &amp#27;[36mcom.shaft.tools.io.ReportManager&amp#27;[m : Successfully created attachment "API Request - Specifications"
2023-01-22 15:47:07.573 &amp#27;[32m INFO&amp#27;[m &amp#27;[35m[@503 - main]&amp#27;[m &amp#27;[36mcom.shaft.tools.io.ReportManager&amp#27;[m : Successfully created attachment "API Request - JSON Body"
2023-01-22 15:47:07.575 &amp#27;[32m INFO&amp#27;[m &amp#27;[35m[@503 - main]&amp#27;[m &amp#27;[36mcom.shaft.tools.io.ReportManager&amp#27;[m : Successfully created attachment "API Response - JSON Body"
2023-01-22 15:47:07.575 &amp#27;[32m INFO&amp#27;[m &amp#27;[35m[@503 - main]&amp#27;[m &amp#27;[36mcom.shaft.tools.io.ReportManager&amp#27;[m : File Action "DoesFileExist" successfully performed. With the following test data "File Path: "src/test/resources/testDataFiles/SteeringCompanyAPI_TestData/SteeringCompanyAPI_TestData.xlsx"".
2023-01-22 15:47:07.703 &amp#27;[32m INFO&amp#27;[m &amp#27;[35m[@503 - main]&amp#27;[m &amp#27;[36mcom.shaft.tools.io.ReportManager&amp#27;[m : File Action "DoesFileExist" successfully performed. With the following test data "File Path: "SteeringCompanyAPI_TestData/SteeringCompanyAPI_TestData.xlsx"".
2023-01-22 15:47:07.770 &amp#27;[32m INFO&amp#27;[m &amp#27;[35m[@503 - main]&amp#27;[m &amp#27;[36mcom.shaft.tools.io.ReportManager&amp#27;[m : Successfully created attachment "Test Data - Excel"
2023-01-22 15:47:07.771 &amp#27;[32m INFO&amp#27;[m &amp#27;[35m[@503 - main]&amp#27;[m &amp#27;[36mcom.shaft.tools.io.ReportManager&amp#27;[m : File Action "DoesFileExist" successfully performed. With the following test data "File Path: "SteeringCompanyAPI_TestData/SteeringCompanyAPI_TestData.xlsx"".
2023-01-22 15:47:07.839 &amp#27;[32m INFO&amp#27;[m &amp#27;[35m[@503 - main]&amp#27;[m &amp#27;[36mcom.shaft.tools.io.ReportManager&amp#27;[m : Successfully created attachment "Test Data - Excel"
2023-01-22 15:47:07.841 &amp#27;[32m INFO&amp#27;[m &amp#27;[35m[@503 - main]&amp#27;[m &amp#27;[36mcom.shaft.tools.io.ReportManager&amp#27;[m : File Action "DoesFileExist" successfully performed. With the following test data "File Path: "Schemas/General_Policy_schema.json"".
2023-01-22 15:47:07.841 &amp#27;[32m INFO&amp#27;[m &amp#27;[35m[@503 - main]&amp#27;[m &amp#27;[36mcom.shaft.tools.io.ReportManager&amp#27;[m : File Action "DoesFileExist" successfully performed. With the following test data "File Path: "src/test/resources/testDataFiles/Schemas/General_Policy_schema.json"".
2023-01-22 15:47:07.841 &amp#27;[32m INFO&amp#27;[m &amp#27;[35m[@503 - main]&amp#27;[m &amp#27;[36mcom.shaft.tools.io.ReportManager&amp#27;[m : File Action "GetAbsolutePath" successfully performed. With the following test data "Relative Folder Path: "src/test/resources/testDataFiles/Schemas/General_Policy_schema.json"".
2023-01-22 15:47:07.844 &amp#27;[32m INFO&amp#27;[m &amp#27;[35m[@503 - main]&amp#27;[m &amp#27;[36mcom.shaft.tools.io.ReportManager&amp#27;[m : File Action "DoesFileExist" successfully performed. With the following test data "File Path: "C:\eclipse-workspace\MyProjects\TASystemsAPIs\src\test\resources\testDataFiles\Schemas\General_Policy_schema.json"".
2023-01-22 15:47:07.844 &amp#27;[32m INFO&amp#27;[m &amp#27;[35m[@503 - main]&amp#27;[m &amp#27;[36mcom.shaft.tools.io.ReportManager&amp#27;[m : File Action "GetAbsolutePath" successfully performed. With the following test data "Relative Folder Path: "C:\eclipse-workspace\MyProjects\TASystemsAPIs\src\test\resources\testDataFiles\Schemas\General_Policy_schema.json"".
2023-01-22 15:47:07.844 &amp#27;[32m INFO&amp#27;[m &amp#27;[35m[@503 - main]&amp#27;[m &amp#27;[36mcom.shaft.tools.io.ReportManager&amp#27;[m : File Action "ReadFile" successfully performed. With the following test data "File Path: "C:\eclipse-workspace\MyProjects\TASystemsAPIs\src\test\resources\testDataFiles\Schemas\General_Policy_schema.json"".
2023-01-22 15:47:07.846 &amp#27;[32m INFO&amp#27;[m &amp#27;[35m[@503 - main]&amp#27;[m &amp#27;[36mcom.shaft.tools.io.ReportManager&amp#27;[m : Successfully created attachment "Validation Test Data - Expected JSON Value"
2023-01-22 15:47:07.850 &amp#27;[32m INFO&amp#27;[m &amp#27;[35m[@503 - main]&amp#27;[m &amp#27;[36mcom.shaft.tools.io.ReportManager&amp#27;[m : Successfully created attachment "Validation Test Data - Actual JSON Value"
2023-01-22 15:47:07.853 &amp#27;[32m INFO&amp#27;[m &amp#27;[35m[@503 - main]&amp#27;[m &amp#27;[36mcom.shaft.tools.io.ReportManager&amp#27;[m : Successfully created attachment "SHAFT Engine Logs - Current Method log: Valid_Add_General_Policy_TC"
]]></system-out>
  </testcase>
  <testcase name="Valid_Add_Payment_Policy_TC[[Ljava.lang.Object;@d2a1a39](1)" classname="SteeringCompanyAPI_TestCases.Test_Policies_Cases" time="1.735">
    <system-out><![CDATA[2023-01-22 15:47:07.859 &amp#27;[32m INFO&amp#27;[m &amp#27;[35m[@534 - main]&amp#27;[m &amp#27;[36mcom.shaft.tools.io.ReportManager&amp#27;[m : 
################################################################################################################################################
Starting Execution:	"294 out of 70" test cases in the current suite
Test Method:		"SteeringCompanyAPI_TestCases.Test_Policies_Cases.Valid_Add_Payment_Policy_TC"
Test Description:	"TC008 -Policy- Perform Add Valid Payment Policy"
################################################################################################################################################
2023-01-22 15:47:07.860 &amp#27;[32m INFO&amp#27;[m &amp#27;[35m[@503 - main]&amp#27;[m &amp#27;[36mcom.shaft.tools.io.ReportManager&amp#27;[m : File Action "DoesFileExist" successfully performed. With the following test data "File Path: "SteeringCompanyAPI_TestData/SteeringCompanyAPI_TestData.xlsx"".
2023-01-22 15:47:07.920 &amp#27;[32m INFO&amp#27;[m &amp#27;[35m[@503 - main]&amp#27;[m &amp#27;[36mcom.shaft.tools.io.ReportManager&amp#27;[m : Successfully created attachment "Test Data - Excel"
2023-01-22 15:47:08.578 &amp#27;[32m INFO&amp#27;[m &amp#27;[35m[@503 - main]&amp#27;[m &amp#27;[36mcom.shaft.tools.io.ReportManager&amp#27;[m : Response status code: "200", status line: "HTTP/1.1 200 OK"
2023-01-22 15:47:08.596 &amp#27;[32m INFO&amp#27;[m &amp#27;[35m[@503 - main]&amp#27;[m &amp#27;[36mcom.shaft.tools.io.ReportManager&amp#27;[m : Successfully created attachment "API Request - Specifications"
2023-01-22 15:47:08.598 &amp#27;[32m INFO&amp#27;[m &amp#27;[35m[@503 - main]&amp#27;[m &amp#27;[36mcom.shaft.tools.io.ReportManager&amp#27;[m : Successfully created attachment "API Request - Body"
2023-01-22 15:47:08.600 &amp#27;[32m INFO&amp#27;[m &amp#27;[35m[@503 - main]&amp#27;[m &amp#27;[36mcom.shaft.tools.io.ReportManager&amp#27;[m : Successfully created attachment "API Response - JSON Body"
2023-01-22 15:47:08.615 &amp#27;[32m INFO&amp#27;[m &amp#27;[35m[@503 - main]&amp#27;[m &amp#27;[36mcom.shaft.tools.io.ReportManager&amp#27;[m : File Action "DoesFileExist" successfully performed. With the following test data "File Path: "SteeringCompanyAPI_TestData/SteeringCompanyAPI_TestData.xlsx"".
2023-01-22 15:47:08.683 &amp#27;[32m INFO&amp#27;[m &amp#27;[35m[@503 - main]&amp#27;[m &amp#27;[36mcom.shaft.tools.io.ReportManager&amp#27;[m : Successfully created attachment "Test Data - Excel"
2023-01-22 15:47:08.683 &amp#27;[32m INFO&amp#27;[m &amp#27;[35m[@503 - main]&amp#27;[m &amp#27;[36mcom.shaft.tools.io.ReportManager&amp#27;[m : File Action "DoesFileExist" successfully performed. With the following test data "File Path: "SteeringCompanyAPI_TestData/SteeringCompanyAPI_TestData.xlsx"".
2023-01-22 15:47:08.745 &amp#27;[32m INFO&amp#27;[m &amp#27;[35m[@503 - main]&amp#27;[m &amp#27;[36mcom.shaft.tools.io.ReportManager&amp#27;[m : Successfully created attachment "Test Data - Excel"
2023-01-22 15:47:08.745 &amp#27;[32m INFO&amp#27;[m &amp#27;[35m[@503 - main]&amp#27;[m &amp#27;[36mcom.shaft.tools.io.ReportManager&amp#27;[m : File Action "DoesFileExist" successfully performed. With the following test data "File Path: "SteeringCompanyAPI_TestData/SteeringCompanyAPI_TestData.xlsx"".
2023-01-22 15:47:08.811 &amp#27;[32m INFO&amp#27;[m &amp#27;[35m[@503 - main]&amp#27;[m &amp#27;[36mcom.shaft.tools.io.ReportManager&amp#27;[m : Successfully created attachment "Test Data - Excel"
2023-01-22 15:47:09.347 &amp#27;[32m INFO&amp#27;[m &amp#27;[35m[@503 - main]&amp#27;[m &amp#27;[36mcom.shaft.tools.io.ReportManager&amp#27;[m : Response status code: "201", status line: "HTTP/1.1 201 "
2023-01-22 15:47:09.362 &amp#27;[32m INFO&amp#27;[m &amp#27;[35m[@503 - main]&amp#27;[m &amp#27;[36mcom.shaft.tools.io.ReportManager&amp#27;[m : Successfully created attachment "API Request - Specifications"
2023-01-22 15:47:09.365 &amp#27;[32m INFO&amp#27;[m &amp#27;[35m[@503 - main]&amp#27;[m &amp#27;[36mcom.shaft.tools.io.ReportManager&amp#27;[m : Successfully created attachment "API Request - JSON Body"
2023-01-22 15:47:09.366 &amp#27;[32m INFO&amp#27;[m &amp#27;[35m[@503 - main]&amp#27;[m &amp#27;[36mcom.shaft.tools.io.ReportManager&amp#27;[m : Successfully created attachment "API Response - JSON Body"
2023-01-22 15:47:09.366 &amp#27;[32m INFO&amp#27;[m &amp#27;[35m[@503 - main]&amp#27;[m &amp#27;[36mcom.shaft.tools.io.ReportManager&amp#27;[m : File Action "DoesFileExist" successfully performed. With the following test data "File Path: "src/test/resources/testDataFiles/SteeringCompanyAPI_TestData/SteeringCompanyAPI_TestData.xlsx"".
2023-01-22 15:47:09.479 &amp#27;[32m INFO&amp#27;[m &amp#27;[35m[@503 - main]&amp#27;[m &amp#27;[36mcom.shaft.tools.io.ReportManager&amp#27;[m : File Action "DoesFileExist" successfully performed. With the following test data "File Path: "SteeringCompanyAPI_TestData/SteeringCompanyAPI_TestData.xlsx"".
2023-01-22 15:47:09.524 &amp#27;[32m INFO&amp#27;[m &amp#27;[35m[@503 - main]&amp#27;[m &amp#27;[36mcom.shaft.tools.io.ReportManager&amp#27;[m : Successfully created attachment "Test Data - Excel"
2023-01-22 15:47:09.525 &amp#27;[32m INFO&amp#27;[m &amp#27;[35m[@503 - main]&amp#27;[m &amp#27;[36mcom.shaft.tools.io.ReportManager&amp#27;[m : File Action "DoesFileExist" successfully performed. With the following test data "File Path: "SteeringCompanyAPI_TestData/SteeringCompanyAPI_TestData.xlsx"".
2023-01-22 15:47:09.576 &amp#27;[32m INFO&amp#27;[m &amp#27;[35m[@503 - main]&amp#27;[m &amp#27;[36mcom.shaft.tools.io.ReportManager&amp#27;[m : Successfully created attachment "Test Data - Excel"
2023-01-22 15:47:09.577 &amp#27;[32m INFO&amp#27;[m &amp#27;[35m[@503 - main]&amp#27;[m &amp#27;[36mcom.shaft.tools.io.ReportManager&amp#27;[m : File Action "DoesFileExist" successfully performed. With the following test data "File Path: "Schemas/Payment_Policy_schema.json"".
2023-01-22 15:47:09.578 &amp#27;[32m INFO&amp#27;[m &amp#27;[35m[@503 - main]&amp#27;[m &amp#27;[36mcom.shaft.tools.io.ReportManager&amp#27;[m : File Action "DoesFileExist" successfully performed. With the following test data "File Path: "src/test/resources/testDataFiles/Schemas/Payment_Policy_schema.json"".
2023-01-22 15:47:09.578 &amp#27;[32m INFO&amp#27;[m &amp#27;[35m[@503 - main]&amp#27;[m &amp#27;[36mcom.shaft.tools.io.ReportManager&amp#27;[m : File Action "GetAbsolutePath" successfully performed. With the following test data "Relative Folder Path: "src/test/resources/testDataFiles/Schemas/Payment_Policy_schema.json"".
2023-01-22 15:47:09.581 &amp#27;[32m INFO&amp#27;[m &amp#27;[35m[@503 - main]&amp#27;[m &amp#27;[36mcom.shaft.tools.io.ReportManager&amp#27;[m : File Action "DoesFileExist" successfully performed. With the following test data "File Path: "C:\eclipse-workspace\MyProjects\TASystemsAPIs\src\test\resources\testDataFiles\Schemas\Payment_Policy_schema.json"".
2023-01-22 15:47:09.581 &amp#27;[32m INFO&amp#27;[m &amp#27;[35m[@503 - main]&amp#27;[m &amp#27;[36mcom.shaft.tools.io.ReportManager&amp#27;[m : File Action "GetAbsolutePath" successfully performed. With the following test data "Relative Folder Path: "C:\eclipse-workspace\MyProjects\TASystemsAPIs\src\test\resources\testDataFiles\Schemas\Payment_Policy_schema.json"".
2023-01-22 15:47:09.582 &amp#27;[32m INFO&amp#27;[m &amp#27;[35m[@503 - main]&amp#27;[m &amp#27;[36mcom.shaft.tools.io.ReportManager&amp#27;[m : File Action "ReadFile" successfully performed. With the following test data "File Path: "C:\eclipse-workspace\MyProjects\TASystemsAPIs\src\test\resources\testDataFiles\Schemas\Payment_Policy_schema.json"".
2023-01-22 15:47:09.586 &amp#27;[32m INFO&amp#27;[m &amp#27;[35m[@503 - main]&amp#27;[m &amp#27;[36mcom.shaft.tools.io.ReportManager&amp#27;[m : Successfully created attachment "Validation Test Data - Expected JSON Value"
2023-01-22 15:47:09.587 &amp#27;[32m INFO&amp#27;[m &amp#27;[35m[@503 - main]&amp#27;[m &amp#27;[36mcom.shaft.tools.io.ReportManager&amp#27;[m : Successfully created attachment "Validation Test Data - Actual JSON Value"
2023-01-22 15:47:09.590 &amp#27;[32m INFO&amp#27;[m &amp#27;[35m[@503 - main]&amp#27;[m &amp#27;[36mcom.shaft.tools.io.ReportManager&amp#27;[m : Successfully created attachment "SHAFT Engine Logs - Current Method log: Valid_Add_Payment_Policy_TC"
]]></system-out>
  </testcase>
  <testcase name="Valid_Add_Payment_Policy_TC[[Ljava.lang.Object;@4422f3cb](2)" classname="SteeringCompanyAPI_TestCases.Test_Policies_Cases" time="1.907">
    <system-out><![CDATA[2023-01-22 15:47:09.594 &amp#27;[32m INFO&amp#27;[m &amp#27;[35m[@534 - main]&amp#27;[m &amp#27;[36mcom.shaft.tools.io.ReportManager&amp#27;[m : 
################################################################################################################################################
Starting Execution:	"295 out of 70" test cases in the current suite
Test Method:		"SteeringCompanyAPI_TestCases.Test_Policies_Cases.Valid_Add_Payment_Policy_TC"
Test Description:	"TC008 -Policy- Perform Add Valid Payment Policy"
################################################################################################################################################
2023-01-22 15:47:09.595 &amp#27;[32m INFO&amp#27;[m &amp#27;[35m[@503 - main]&amp#27;[m &amp#27;[36mcom.shaft.tools.io.ReportManager&amp#27;[m : File Action "DoesFileExist" successfully performed. With the following test data "File Path: "SteeringCompanyAPI_TestData/SteeringCompanyAPI_TestData.xlsx"".
2023-01-22 15:47:09.640 &amp#27;[32m INFO&amp#27;[m &amp#27;[35m[@503 - main]&amp#27;[m &amp#27;[36mcom.shaft.tools.io.ReportManager&amp#27;[m : Successfully created attachment "Test Data - Excel"
2023-01-22 15:47:10.442 &amp#27;[32m INFO&amp#27;[m &amp#27;[35m[@503 - main]&amp#27;[m &amp#27;[36mcom.shaft.tools.io.ReportManager&amp#27;[m : Response status code: "200", status line: "HTTP/1.1 200 OK"
2023-01-22 15:47:10.457 &amp#27;[32m INFO&amp#27;[m &amp#27;[35m[@503 - main]&amp#27;[m &amp#27;[36mcom.shaft.tools.io.ReportManager&amp#27;[m : Successfully created attachment "API Request - Specifications"
2023-01-22 15:47:10.459 &amp#27;[32m INFO&amp#27;[m &amp#27;[35m[@503 - main]&amp#27;[m &amp#27;[36mcom.shaft.tools.io.ReportManager&amp#27;[m : Successfully created attachment "API Request - Body"
2023-01-22 15:47:10.460 &amp#27;[32m INFO&amp#27;[m &amp#27;[35m[@503 - main]&amp#27;[m &amp#27;[36mcom.shaft.tools.io.ReportManager&amp#27;[m : Successfully created attachment "API Response - JSON Body"
2023-01-22 15:47:10.473 &amp#27;[32m INFO&amp#27;[m &amp#27;[35m[@503 - main]&amp#27;[m &amp#27;[36mcom.shaft.tools.io.ReportManager&amp#27;[m : File Action "DoesFileExist" successfully performed. With the following test data "File Path: "SteeringCompanyAPI_TestData/SteeringCompanyAPI_TestData.xlsx"".
2023-01-22 15:47:10.508 &amp#27;[32m INFO&amp#27;[m &amp#27;[35m[@503 - main]&amp#27;[m &amp#27;[36mcom.shaft.tools.io.ReportManager&amp#27;[m : Successfully created attachment "Test Data - Excel"
2023-01-22 15:47:10.508 &amp#27;[32m INFO&amp#27;[m &amp#27;[35m[@503 - main]&amp#27;[m &amp#27;[36mcom.shaft.tools.io.ReportManager&amp#27;[m : File Action "DoesFileExist" successfully performed. With the following test data "File Path: "SteeringCompanyAPI_TestData/SteeringCompanyAPI_TestData.xlsx"".
2023-01-22 15:47:10.572 &amp#27;[32m INFO&amp#27;[m &amp#27;[35m[@503 - main]&amp#27;[m &amp#27;[36mcom.shaft.tools.io.ReportManager&amp#27;[m : Successfully created attachment "Test Data - Excel"
2023-01-22 15:47:10.573 &amp#27;[32m INFO&amp#27;[m &amp#27;[35m[@503 - main]&amp#27;[m &amp#27;[36mcom.shaft.tools.io.ReportManager&amp#27;[m : File Action "DoesFileExist" successfully performed. With the following test data "File Path: "SteeringCompanyAPI_TestData/SteeringCompanyAPI_TestData.xlsx"".
2023-01-22 15:47:10.624 &amp#27;[32m INFO&amp#27;[m &amp#27;[35m[@503 - main]&amp#27;[m &amp#27;[36mcom.shaft.tools.io.ReportManager&amp#27;[m : Successfully created attachment "Test Data - Excel"
2023-01-22 15:47:11.211 &amp#27;[32m INFO&amp#27;[m &amp#27;[35m[@503 - main]&amp#27;[m &amp#27;[36mcom.shaft.tools.io.ReportManager&amp#27;[m : Response status code: "201", status line: "HTTP/1.1 201 "
2023-01-22 15:47:11.229 &amp#27;[32m INFO&amp#27;[m &amp#27;[35m[@503 - main]&amp#27;[m &amp#27;[36mcom.shaft.tools.io.ReportManager&amp#27;[m : Successfully created attachment "API Request - Specifications"
2023-01-22 15:47:11.230 &amp#27;[32m INFO&amp#27;[m &amp#27;[35m[@503 - main]&amp#27;[m &amp#27;[36mcom.shaft.tools.io.ReportManager&amp#27;[m : Successfully created attachment "API Request - JSON Body"
2023-01-22 15:47:11.231 &amp#27;[32m INFO&amp#27;[m &amp#27;[35m[@503 - main]&amp#27;[m &amp#27;[36mcom.shaft.tools.io.ReportManager&amp#27;[m : Successfully created attachment "API Response - JSON Body"
2023-01-22 15:47:11.232 &amp#27;[32m INFO&amp#27;[m &amp#27;[35m[@503 - main]&amp#27;[m &amp#27;[36mcom.shaft.tools.io.ReportManager&amp#27;[m : File Action "DoesFileExist" successfully performed. With the following test data "File Path: "src/test/resources/testDataFiles/SteeringCompanyAPI_TestData/SteeringCompanyAPI_TestData.xlsx"".
2023-01-22 15:47:11.375 &amp#27;[32m INFO&amp#27;[m &amp#27;[35m[@503 - main]&amp#27;[m &amp#27;[36mcom.shaft.tools.io.ReportManager&amp#27;[m : File Action "DoesFileExist" successfully performed. With the following test data "File Path: "SteeringCompanyAPI_TestData/SteeringCompanyAPI_TestData.xlsx"".
2023-01-22 15:47:11.432 &amp#27;[32m INFO&amp#27;[m &amp#27;[35m[@503 - main]&amp#27;[m &amp#27;[36mcom.shaft.tools.io.ReportManager&amp#27;[m : Successfully created attachment "Test Data - Excel"
2023-01-22 15:47:11.433 &amp#27;[32m INFO&amp#27;[m &amp#27;[35m[@503 - main]&amp#27;[m &amp#27;[36mcom.shaft.tools.io.ReportManager&amp#27;[m : File Action "DoesFileExist" successfully performed. With the following test data "File Path: "SteeringCompanyAPI_TestData/SteeringCompanyAPI_TestData.xlsx"".
2023-01-22 15:47:11.491 &amp#27;[32m INFO&amp#27;[m &amp#27;[35m[@503 - main]&amp#27;[m &amp#27;[36mcom.shaft.tools.io.ReportManager&amp#27;[m : Successfully created attachment "Test Data - Excel"
2023-01-22 15:47:11.492 &amp#27;[32m INFO&amp#27;[m &amp#27;[35m[@503 - main]&amp#27;[m &amp#27;[36mcom.shaft.tools.io.ReportManager&amp#27;[m : File Action "DoesFileExist" successfully performed. With the following test data "File Path: "Schemas/Payment_Policy_schema.json"".
2023-01-22 15:47:11.493 &amp#27;[32m INFO&amp#27;[m &amp#27;[35m[@503 - main]&amp#27;[m &amp#27;[36mcom.shaft.tools.io.ReportManager&amp#27;[m : File Action "DoesFileExist" successfully performed. With the following test data "File Path: "src/test/resources/testDataFiles/Schemas/Payment_Policy_schema.json"".
2023-01-22 15:47:11.493 &amp#27;[32m INFO&amp#27;[m &amp#27;[35m[@503 - main]&amp#27;[m &amp#27;[36mcom.shaft.tools.io.ReportManager&amp#27;[m : File Action "GetAbsolutePath" successfully performed. With the following test data "Relative Folder Path: "src/test/resources/testDataFiles/Schemas/Payment_Policy_schema.json"".
2023-01-22 15:47:11.494 &amp#27;[32m INFO&amp#27;[m &amp#27;[35m[@503 - main]&amp#27;[m &amp#27;[36mcom.shaft.tools.io.ReportManager&amp#27;[m : File Action "DoesFileExist" successfully performed. With the following test data "File Path: "C:\eclipse-workspace\MyProjects\TASystemsAPIs\src\test\resources\testDataFiles\Schemas\Payment_Policy_schema.json"".
2023-01-22 15:47:11.495 &amp#27;[32m INFO&amp#27;[m &amp#27;[35m[@503 - main]&amp#27;[m &amp#27;[36mcom.shaft.tools.io.ReportManager&amp#27;[m : File Action "GetAbsolutePath" successfully performed. With the following test data "Relative Folder Path: "C:\eclipse-workspace\MyProjects\TASystemsAPIs\src\test\resources\testDataFiles\Schemas\Payment_Policy_schema.json"".
2023-01-22 15:47:11.495 &amp#27;[32m INFO&amp#27;[m &amp#27;[35m[@503 - main]&amp#27;[m &amp#27;[36mcom.shaft.tools.io.ReportManager&amp#27;[m : File Action "ReadFile" successfully performed. With the following test data "File Path: "C:\eclipse-workspace\MyProjects\TASystemsAPIs\src\test\resources\testDataFiles\Schemas\Payment_Policy_schema.json"".
2023-01-22 15:47:11.496 &amp#27;[32m INFO&amp#27;[m &amp#27;[35m[@503 - main]&amp#27;[m &amp#27;[36mcom.shaft.tools.io.ReportManager&amp#27;[m : Successfully created attachment "Validation Test Data - Expected JSON Value"
2023-01-22 15:47:11.497 &amp#27;[32m INFO&amp#27;[m &amp#27;[35m[@503 - main]&amp#27;[m &amp#27;[36mcom.shaft.tools.io.ReportManager&amp#27;[m : Successfully created attachment "Validation Test Data - Actual JSON Value"
2023-01-22 15:47:11.499 &amp#27;[32m INFO&amp#27;[m &amp#27;[35m[@503 - main]&amp#27;[m &amp#27;[36mcom.shaft.tools.io.ReportManager&amp#27;[m : Successfully created attachment "SHAFT Engine Logs - Current Method log: Valid_Add_Payment_Policy_TC"
]]></system-out>
  </testcase>
  <testcase name="Valid_Add_Tax_Policy_TC[[Ljava.lang.Object;@4001b9a5](1)" classname="SteeringCompanyAPI_TestCases.Test_Policies_Cases" time="1.734">
    <system-out><![CDATA[2023-01-22 15:47:11.507 &amp#27;[32m INFO&amp#27;[m &amp#27;[35m[@534 - main]&amp#27;[m &amp#27;[36mcom.shaft.tools.io.ReportManager&amp#27;[m : 
################################################################################################################################################
Starting Execution:	"296 out of 70" test cases in the current suite
Test Method:		"SteeringCompanyAPI_TestCases.Test_Policies_Cases.Valid_Add_Tax_Policy_TC"
Test Description:	"TC006 -Policy- Perform Add Valid Tax Policy"
################################################################################################################################################
2023-01-22 15:47:11.508 &amp#27;[32m INFO&amp#27;[m &amp#27;[35m[@503 - main]&amp#27;[m &amp#27;[36mcom.shaft.tools.io.ReportManager&amp#27;[m : File Action "DoesFileExist" successfully performed. With the following test data "File Path: "SteeringCompanyAPI_TestData/SteeringCompanyAPI_TestData.xlsx"".
2023-01-22 15:47:11.571 &amp#27;[32m INFO&amp#27;[m &amp#27;[35m[@503 - main]&amp#27;[m &amp#27;[36mcom.shaft.tools.io.ReportManager&amp#27;[m : Successfully created attachment "Test Data - Excel"
2023-01-22 15:47:12.228 &amp#27;[32m INFO&amp#27;[m &amp#27;[35m[@503 - main]&amp#27;[m &amp#27;[36mcom.shaft.tools.io.ReportManager&amp#27;[m : Response status code: "200", status line: "HTTP/1.1 200 OK"
2023-01-22 15:47:12.248 &amp#27;[32m INFO&amp#27;[m &amp#27;[35m[@503 - main]&amp#27;[m &amp#27;[36mcom.shaft.tools.io.ReportManager&amp#27;[m : Successfully created attachment "API Request - Specifications"
2023-01-22 15:47:12.250 &amp#27;[32m INFO&amp#27;[m &amp#27;[35m[@503 - main]&amp#27;[m &amp#27;[36mcom.shaft.tools.io.ReportManager&amp#27;[m : Successfully created attachment "API Request - Body"
2023-01-22 15:47:12.251 &amp#27;[32m INFO&amp#27;[m &amp#27;[35m[@503 - main]&amp#27;[m &amp#27;[36mcom.shaft.tools.io.ReportManager&amp#27;[m : Successfully created attachment "API Response - JSON Body"
2023-01-22 15:47:12.267 &amp#27;[32m INFO&amp#27;[m &amp#27;[35m[@503 - main]&amp#27;[m &amp#27;[36mcom.shaft.tools.io.ReportManager&amp#27;[m : File Action "DoesFileExist" successfully performed. With the following test data "File Path: "SteeringCompanyAPI_TestData/SteeringCompanyAPI_TestData.xlsx"".
2023-01-22 15:47:12.339 &amp#27;[32m INFO&amp#27;[m &amp#27;[35m[@503 - main]&amp#27;[m &amp#27;[36mcom.shaft.tools.io.ReportManager&amp#27;[m : Successfully created attachment "Test Data - Excel"
2023-01-22 15:47:12.340 &amp#27;[32m INFO&amp#27;[m &amp#27;[35m[@503 - main]&amp#27;[m &amp#27;[36mcom.shaft.tools.io.ReportManager&amp#27;[m : File Action "DoesFileExist" successfully performed. With the following test data "File Path: "SteeringCompanyAPI_TestData/SteeringCompanyAPI_TestData.xlsx"".
2023-01-22 15:47:12.400 &amp#27;[32m INFO&amp#27;[m &amp#27;[35m[@503 - main]&amp#27;[m &amp#27;[36mcom.shaft.tools.io.ReportManager&amp#27;[m : Successfully created attachment "Test Data - Excel"
2023-01-22 15:47:12.400 &amp#27;[32m INFO&amp#27;[m &amp#27;[35m[@503 - main]&amp#27;[m &amp#27;[36mcom.shaft.tools.io.ReportManager&amp#27;[m : File Action "DoesFileExist" successfully performed. With the following test data "File Path: "SteeringCompanyAPI_TestData/SteeringCompanyAPI_TestData.xlsx"".
2023-01-22 15:47:12.471 &amp#27;[32m INFO&amp#27;[m &amp#27;[35m[@503 - main]&amp#27;[m &amp#27;[36mcom.shaft.tools.io.ReportManager&amp#27;[m : Successfully created attachment "Test Data - Excel"
2023-01-22 15:47:12.999 &amp#27;[32m INFO&amp#27;[m &amp#27;[35m[@503 - main]&amp#27;[m &amp#27;[36mcom.shaft.tools.io.ReportManager&amp#27;[m : Response status code: "201", status line: "HTTP/1.1 201 "
2023-01-22 15:47:13.017 &amp#27;[32m INFO&amp#27;[m &amp#27;[35m[@503 - main]&amp#27;[m &amp#27;[36mcom.shaft.tools.io.ReportManager&amp#27;[m : Successfully created attachment "API Request - Specifications"
2023-01-22 15:47:13.018 &amp#27;[32m INFO&amp#27;[m &amp#27;[35m[@503 - main]&amp#27;[m &amp#27;[36mcom.shaft.tools.io.ReportManager&amp#27;[m : Successfully created attachment "API Request - JSON Body"
2023-01-22 15:47:13.021 &amp#27;[32m INFO&amp#27;[m &amp#27;[35m[@503 - main]&amp#27;[m &amp#27;[36mcom.shaft.tools.io.ReportManager&amp#27;[m : Successfully created attachment "API Response - JSON Body"
2023-01-22 15:47:13.022 &amp#27;[32m INFO&amp#27;[m &amp#27;[35m[@503 - main]&amp#27;[m &amp#27;[36mcom.shaft.tools.io.ReportManager&amp#27;[m : File Action "DoesFileExist" successfully performed. With the following test data "File Path: "src/test/resources/testDataFiles/SteeringCompanyAPI_TestData/SteeringCompanyAPI_TestData.xlsx"".
2023-01-22 15:47:13.123 &amp#27;[32m INFO&amp#27;[m &amp#27;[35m[@503 - main]&amp#27;[m &amp#27;[36mcom.shaft.tools.io.ReportManager&amp#27;[m : File Action "DoesFileExist" successfully performed. With the following test data "File Path: "SteeringCompanyAPI_TestData/SteeringCompanyAPI_TestData.xlsx"".
2023-01-22 15:47:13.170 &amp#27;[32m INFO&amp#27;[m &amp#27;[35m[@503 - main]&amp#27;[m &amp#27;[36mcom.shaft.tools.io.ReportManager&amp#27;[m : Successfully created attachment "Test Data - Excel"
2023-01-22 15:47:13.170 &amp#27;[32m INFO&amp#27;[m &amp#27;[35m[@503 - main]&amp#27;[m &amp#27;[36mcom.shaft.tools.io.ReportManager&amp#27;[m : File Action "DoesFileExist" successfully performed. With the following test data "File Path: "SteeringCompanyAPI_TestData/SteeringCompanyAPI_TestData.xlsx"".
2023-01-22 15:47:13.225 &amp#27;[32m INFO&amp#27;[m &amp#27;[35m[@503 - main]&amp#27;[m &amp#27;[36mcom.shaft.tools.io.ReportManager&amp#27;[m : Successfully created attachment "Test Data - Excel"
2023-01-22 15:47:13.226 &amp#27;[32m INFO&amp#27;[m &amp#27;[35m[@503 - main]&amp#27;[m &amp#27;[36mcom.shaft.tools.io.ReportManager&amp#27;[m : File Action "DoesFileExist" successfully performed. With the following test data "File Path: "Schemas/Tax_Policy_schema.json"".
2023-01-22 15:47:13.226 &amp#27;[32m INFO&amp#27;[m &amp#27;[35m[@503 - main]&amp#27;[m &amp#27;[36mcom.shaft.tools.io.ReportManager&amp#27;[m : File Action "DoesFileExist" successfully performed. With the following test data "File Path: "src/test/resources/testDataFiles/Schemas/Tax_Policy_schema.json"".
2023-01-22 15:47:13.226 &amp#27;[32m INFO&amp#27;[m &amp#27;[35m[@503 - main]&amp#27;[m &amp#27;[36mcom.shaft.tools.io.ReportManager&amp#27;[m : File Action "GetAbsolutePath" successfully performed. With the following test data "Relative Folder Path: "src/test/resources/testDataFiles/Schemas/Tax_Policy_schema.json"".
2023-01-22 15:47:13.228 &amp#27;[32m INFO&amp#27;[m &amp#27;[35m[@503 - main]&amp#27;[m &amp#27;[36mcom.shaft.tools.io.ReportManager&amp#27;[m : File Action "DoesFileExist" successfully performed. With the following test data "File Path: "C:\eclipse-workspace\MyProjects\TASystemsAPIs\src\test\resources\testDataFiles\Schemas\Tax_Policy_schema.json"".
2023-01-22 15:47:13.228 &amp#27;[32m INFO&amp#27;[m &amp#27;[35m[@503 - main]&amp#27;[m &amp#27;[36mcom.shaft.tools.io.ReportManager&amp#27;[m : File Action "GetAbsolutePath" successfully performed. With the following test data "Relative Folder Path: "C:\eclipse-workspace\MyProjects\TASystemsAPIs\src\test\resources\testDataFiles\Schemas\Tax_Policy_schema.json"".
2023-01-22 15:47:13.229 &amp#27;[32m INFO&amp#27;[m &amp#27;[35m[@503 - main]&amp#27;[m &amp#27;[36mcom.shaft.tools.io.ReportManager&amp#27;[m : File Action "ReadFile" successfully performed. With the following test data "File Path: "C:\eclipse-workspace\MyProjects\TASystemsAPIs\src\test\resources\testDataFiles\Schemas\Tax_Policy_schema.json"".
2023-01-22 15:47:13.231 &amp#27;[32m INFO&amp#27;[m &amp#27;[35m[@503 - main]&amp#27;[m &amp#27;[36mcom.shaft.tools.io.ReportManager&amp#27;[m : Successfully created attachment "Validation Test Data - Expected JSON Value"
2023-01-22 15:47:13.234 &amp#27;[32m INFO&amp#27;[m &amp#27;[35m[@503 - main]&amp#27;[m &amp#27;[36mcom.shaft.tools.io.ReportManager&amp#27;[m : Successfully created attachment "Validation Test Data - Actual JSON Value"
2023-01-22 15:47:13.235 &amp#27;[32m INFO&amp#27;[m &amp#27;[35m[@503 - main]&amp#27;[m &amp#27;[36mcom.shaft.tools.io.ReportManager&amp#27;[m : Successfully created attachment "SHAFT Engine Logs - Current Method log: Valid_Add_Tax_Policy_TC"
]]></system-out>
  </testcase>
  <testcase name="Valid_Add_Tax_Policy_TC[[Ljava.lang.Object;@26e668b9](2)" classname="SteeringCompanyAPI_TestCases.Test_Policies_Cases" time="1.528">
    <system-out><![CDATA[2023-01-22 15:47:13.239 &amp#27;[32m INFO&amp#27;[m &amp#27;[35m[@534 - main]&amp#27;[m &amp#27;[36mcom.shaft.tools.io.ReportManager&amp#27;[m : 
################################################################################################################################################
Starting Execution:	"297 out of 70" test cases in the current suite
Test Method:		"SteeringCompanyAPI_TestCases.Test_Policies_Cases.Valid_Add_Tax_Policy_TC"
Test Description:	"TC006 -Policy- Perform Add Valid Tax Policy"
################################################################################################################################################
2023-01-22 15:47:13.240 &amp#27;[32m INFO&amp#27;[m &amp#27;[35m[@503 - main]&amp#27;[m &amp#27;[36mcom.shaft.tools.io.ReportManager&amp#27;[m : File Action "DoesFileExist" successfully performed. With the following test data "File Path: "SteeringCompanyAPI_TestData/SteeringCompanyAPI_TestData.xlsx"".
2023-01-22 15:47:13.306 &amp#27;[32m INFO&amp#27;[m &amp#27;[35m[@503 - main]&amp#27;[m &amp#27;[36mcom.shaft.tools.io.ReportManager&amp#27;[m : Successfully created attachment "Test Data - Excel"
2023-01-22 15:47:13.889 &amp#27;[32m INFO&amp#27;[m &amp#27;[35m[@503 - main]&amp#27;[m &amp#27;[36mcom.shaft.tools.io.ReportManager&amp#27;[m : Response status code: "200", status line: "HTTP/1.1 200 OK"
2023-01-22 15:47:13.905 &amp#27;[32m INFO&amp#27;[m &amp#27;[35m[@503 - main]&amp#27;[m &amp#27;[36mcom.shaft.tools.io.ReportManager&amp#27;[m : Successfully created attachment "API Request - Specifications"
2023-01-22 15:47:13.906 &amp#27;[32m INFO&amp#27;[m &amp#27;[35m[@503 - main]&amp#27;[m &amp#27;[36mcom.shaft.tools.io.ReportManager&amp#27;[m : Successfully created attachment "API Request - Body"
2023-01-22 15:47:13.908 &amp#27;[32m INFO&amp#27;[m &amp#27;[35m[@503 - main]&amp#27;[m &amp#27;[36mcom.shaft.tools.io.ReportManager&amp#27;[m : Successfully created attachment "API Response - JSON Body"
2023-01-22 15:47:13.920 &amp#27;[32m INFO&amp#27;[m &amp#27;[35m[@503 - main]&amp#27;[m &amp#27;[36mcom.shaft.tools.io.ReportManager&amp#27;[m : File Action "DoesFileExist" successfully performed. With the following test data "File Path: "SteeringCompanyAPI_TestData/SteeringCompanyAPI_TestData.xlsx"".
2023-01-22 15:47:13.973 &amp#27;[32m INFO&amp#27;[m &amp#27;[35m[@503 - main]&amp#27;[m &amp#27;[36mcom.shaft.tools.io.ReportManager&amp#27;[m : Successfully created attachment "Test Data - Excel"
2023-01-22 15:47:13.973 &amp#27;[32m INFO&amp#27;[m &amp#27;[35m[@503 - main]&amp#27;[m &amp#27;[36mcom.shaft.tools.io.ReportManager&amp#27;[m : File Action "DoesFileExist" successfully performed. With the following test data "File Path: "SteeringCompanyAPI_TestData/SteeringCompanyAPI_TestData.xlsx"".
2023-01-22 15:47:14.008 &amp#27;[32m INFO&amp#27;[m &amp#27;[35m[@503 - main]&amp#27;[m &amp#27;[36mcom.shaft.tools.io.ReportManager&amp#27;[m : Successfully created attachment "Test Data - Excel"
2023-01-22 15:47:14.008 &amp#27;[32m INFO&amp#27;[m &amp#27;[35m[@503 - main]&amp#27;[m &amp#27;[36mcom.shaft.tools.io.ReportManager&amp#27;[m : File Action "DoesFileExist" successfully performed. With the following test data "File Path: "SteeringCompanyAPI_TestData/SteeringCompanyAPI_TestData.xlsx"".
2023-01-22 15:47:14.051 &amp#27;[32m INFO&amp#27;[m &amp#27;[35m[@503 - main]&amp#27;[m &amp#27;[36mcom.shaft.tools.io.ReportManager&amp#27;[m : Successfully created attachment "Test Data - Excel"
2023-01-22 15:47:14.517 &amp#27;[32m INFO&amp#27;[m &amp#27;[35m[@503 - main]&amp#27;[m &amp#27;[36mcom.shaft.tools.io.ReportManager&amp#27;[m : Response status code: "201", status line: "HTTP/1.1 201 "
2023-01-22 15:47:14.534 &amp#27;[32m INFO&amp#27;[m &amp#27;[35m[@503 - main]&amp#27;[m &amp#27;[36mcom.shaft.tools.io.ReportManager&amp#27;[m : Successfully created attachment "API Request - Specifications"
2023-01-22 15:47:14.538 &amp#27;[32m INFO&amp#27;[m &amp#27;[35m[@503 - main]&amp#27;[m &amp#27;[36mcom.shaft.tools.io.ReportManager&amp#27;[m : Successfully created attachment "API Request - JSON Body"
2023-01-22 15:47:14.539 &amp#27;[32m INFO&amp#27;[m &amp#27;[35m[@503 - main]&amp#27;[m &amp#27;[36mcom.shaft.tools.io.ReportManager&amp#27;[m : Successfully created attachment "API Response - JSON Body"
2023-01-22 15:47:14.539 &amp#27;[32m INFO&amp#27;[m &amp#27;[35m[@503 - main]&amp#27;[m &amp#27;[36mcom.shaft.tools.io.ReportManager&amp#27;[m : File Action "DoesFileExist" successfully performed. With the following test data "File Path: "src/test/resources/testDataFiles/SteeringCompanyAPI_TestData/SteeringCompanyAPI_TestData.xlsx"".
2023-01-22 15:47:14.644 &amp#27;[32m INFO&amp#27;[m &amp#27;[35m[@503 - main]&amp#27;[m &amp#27;[36mcom.shaft.tools.io.ReportManager&amp#27;[m : File Action "DoesFileExist" successfully performed. With the following test data "File Path: "SteeringCompanyAPI_TestData/SteeringCompanyAPI_TestData.xlsx"".
2023-01-22 15:47:14.696 &amp#27;[32m INFO&amp#27;[m &amp#27;[35m[@503 - main]&amp#27;[m &amp#27;[36mcom.shaft.tools.io.ReportManager&amp#27;[m : Successfully created attachment "Test Data - Excel"
2023-01-22 15:47:14.696 &amp#27;[32m INFO&amp#27;[m &amp#27;[35m[@503 - main]&amp#27;[m &amp#27;[36mcom.shaft.tools.io.ReportManager&amp#27;[m : File Action "DoesFileExist" successfully performed. With the following test data "File Path: "SteeringCompanyAPI_TestData/SteeringCompanyAPI_TestData.xlsx"".
2023-01-22 15:47:14.745 &amp#27;[32m INFO&amp#27;[m &amp#27;[35m[@503 - main]&amp#27;[m &amp#27;[36mcom.shaft.tools.io.ReportManager&amp#27;[m : Successfully created attachment "Test Data - Excel"
2023-01-22 15:47:14.748 &amp#27;[32m INFO&amp#27;[m &amp#27;[35m[@503 - main]&amp#27;[m &amp#27;[36mcom.shaft.tools.io.ReportManager&amp#27;[m : File Action "DoesFileExist" successfully performed. With the following test data "File Path: "Schemas/Tax_Policy_schema.json"".
2023-01-22 15:47:14.749 &amp#27;[32m INFO&amp#27;[m &amp#27;[35m[@503 - main]&amp#27;[m &amp#27;[36mcom.shaft.tools.io.ReportManager&amp#27;[m : File Action "DoesFileExist" successfully performed. With the following test data "File Path: "src/test/resources/testDataFiles/Schemas/Tax_Policy_schema.json"".
2023-01-22 15:47:14.749 &amp#27;[32m INFO&amp#27;[m &amp#27;[35m[@503 - main]&amp#27;[m &amp#27;[36mcom.shaft.tools.io.ReportManager&amp#27;[m : File Action "GetAbsolutePath" successfully performed. With the following test data "Relative Folder Path: "src/test/resources/testDataFiles/Schemas/Tax_Policy_schema.json"".
2023-01-22 15:47:14.753 &amp#27;[32m INFO&amp#27;[m &amp#27;[35m[@503 - main]&amp#27;[m &amp#27;[36mcom.shaft.tools.io.ReportManager&amp#27;[m : File Action "DoesFileExist" successfully performed. With the following test data "File Path: "C:\eclipse-workspace\MyProjects\TASystemsAPIs\src\test\resources\testDataFiles\Schemas\Tax_Policy_schema.json"".
2023-01-22 15:47:14.753 &amp#27;[32m INFO&amp#27;[m &amp#27;[35m[@503 - main]&amp#27;[m &amp#27;[36mcom.shaft.tools.io.ReportManager&amp#27;[m : File Action "GetAbsolutePath" successfully performed. With the following test data "Relative Folder Path: "C:\eclipse-workspace\MyProjects\TASystemsAPIs\src\test\resources\testDataFiles\Schemas\Tax_Policy_schema.json"".
2023-01-22 15:47:14.754 &amp#27;[32m INFO&amp#27;[m &amp#27;[35m[@503 - main]&amp#27;[m &amp#27;[36mcom.shaft.tools.io.ReportManager&amp#27;[m : File Action "ReadFile" successfully performed. With the following test data "File Path: "C:\eclipse-workspace\MyProjects\TASystemsAPIs\src\test\resources\testDataFiles\Schemas\Tax_Policy_schema.json"".
2023-01-22 15:47:14.759 &amp#27;[32m INFO&amp#27;[m &amp#27;[35m[@503 - main]&amp#27;[m &amp#27;[36mcom.shaft.tools.io.ReportManager&amp#27;[m : Successfully created attachment "Validation Test Data - Expected JSON Value"
2023-01-22 15:47:14.761 &amp#27;[32m INFO&amp#27;[m &amp#27;[35m[@503 - main]&amp#27;[m &amp#27;[36mcom.shaft.tools.io.ReportManager&amp#27;[m : Successfully created attachment "Validation Test Data - Actual JSON Value"
2023-01-22 15:47:14.763 &amp#27;[32m INFO&amp#27;[m &amp#27;[35m[@503 - main]&amp#27;[m &amp#27;[36mcom.shaft.tools.io.ReportManager&amp#27;[m : Successfully created attachment "SHAFT Engine Logs - Current Method log: Valid_Add_Tax_Policy_TC"
]]></system-out>
  </testcase>
  <testcase name="Valid_Add_Usage_Policy_TC[[Ljava.lang.Object;@258de8fd](1)" classname="SteeringCompanyAPI_TestCases.Test_Policies_Cases" time="1.53">
    <system-out><![CDATA[2023-01-22 15:47:14.771 &amp#27;[32m INFO&amp#27;[m &amp#27;[35m[@534 - main]&amp#27;[m &amp#27;[36mcom.shaft.tools.io.ReportManager&amp#27;[m : 
################################################################################################################################################
Starting Execution:	"298 out of 70" test cases in the current suite
Test Method:		"SteeringCompanyAPI_TestCases.Test_Policies_Cases.Valid_Add_Usage_Policy_TC"
Test Description:	"TC007 -Policy- Perform Add Valid Usage Policy"
################################################################################################################################################
2023-01-22 15:47:14.771 &amp#27;[32m INFO&amp#27;[m &amp#27;[35m[@503 - main]&amp#27;[m &amp#27;[36mcom.shaft.tools.io.ReportManager&amp#27;[m : File Action "DoesFileExist" successfully performed. With the following test data "File Path: "SteeringCompanyAPI_TestData/SteeringCompanyAPI_TestData.xlsx"".
2023-01-22 15:47:14.840 &amp#27;[32m INFO&amp#27;[m &amp#27;[35m[@503 - main]&amp#27;[m &amp#27;[36mcom.shaft.tools.io.ReportManager&amp#27;[m : Successfully created attachment "Test Data - Excel"
2023-01-22 15:47:15.448 &amp#27;[32m INFO&amp#27;[m &amp#27;[35m[@503 - main]&amp#27;[m &amp#27;[36mcom.shaft.tools.io.ReportManager&amp#27;[m : Response status code: "200", status line: "HTTP/1.1 200 OK"
2023-01-22 15:47:15.467 &amp#27;[32m INFO&amp#27;[m &amp#27;[35m[@503 - main]&amp#27;[m &amp#27;[36mcom.shaft.tools.io.ReportManager&amp#27;[m : Successfully created attachment "API Request - Specifications"
2023-01-22 15:47:15.469 &amp#27;[32m INFO&amp#27;[m &amp#27;[35m[@503 - main]&amp#27;[m &amp#27;[36mcom.shaft.tools.io.ReportManager&amp#27;[m : Successfully created attachment "API Request - Body"
2023-01-22 15:47:15.472 &amp#27;[32m INFO&amp#27;[m &amp#27;[35m[@503 - main]&amp#27;[m &amp#27;[36mcom.shaft.tools.io.ReportManager&amp#27;[m : Successfully created attachment "API Response - JSON Body"
2023-01-22 15:47:15.483 &amp#27;[32m INFO&amp#27;[m &amp#27;[35m[@503 - main]&amp#27;[m &amp#27;[36mcom.shaft.tools.io.ReportManager&amp#27;[m : File Action "DoesFileExist" successfully performed. With the following test data "File Path: "SteeringCompanyAPI_TestData/SteeringCompanyAPI_TestData.xlsx"".
2023-01-22 15:47:15.513 &amp#27;[32m INFO&amp#27;[m &amp#27;[35m[@503 - main]&amp#27;[m &amp#27;[36mcom.shaft.tools.io.ReportManager&amp#27;[m : Successfully created attachment "Test Data - Excel"
2023-01-22 15:47:15.513 &amp#27;[32m INFO&amp#27;[m &amp#27;[35m[@503 - main]&amp#27;[m &amp#27;[36mcom.shaft.tools.io.ReportManager&amp#27;[m : File Action "DoesFileExist" successfully performed. With the following test data "File Path: "SteeringCompanyAPI_TestData/SteeringCompanyAPI_TestData.xlsx"".
2023-01-22 15:47:15.552 &amp#27;[32m INFO&amp#27;[m &amp#27;[35m[@503 - main]&amp#27;[m &amp#27;[36mcom.shaft.tools.io.ReportManager&amp#27;[m : Successfully created attachment "Test Data - Excel"
2023-01-22 15:47:15.552 &amp#27;[32m INFO&amp#27;[m &amp#27;[35m[@503 - main]&amp#27;[m &amp#27;[36mcom.shaft.tools.io.ReportManager&amp#27;[m : File Action "DoesFileExist" successfully performed. With the following test data "File Path: "SteeringCompanyAPI_TestData/SteeringCompanyAPI_TestData.xlsx"".
2023-01-22 15:47:15.595 &amp#27;[32m INFO&amp#27;[m &amp#27;[35m[@503 - main]&amp#27;[m &amp#27;[36mcom.shaft.tools.io.ReportManager&amp#27;[m : Successfully created attachment "Test Data - Excel"
2023-01-22 15:47:16.089 &amp#27;[32m INFO&amp#27;[m &amp#27;[35m[@503 - main]&amp#27;[m &amp#27;[36mcom.shaft.tools.io.ReportManager&amp#27;[m : Response status code: "201", status line: "HTTP/1.1 201 "
2023-01-22 15:47:16.107 &amp#27;[32m INFO&amp#27;[m &amp#27;[35m[@503 - main]&amp#27;[m &amp#27;[36mcom.shaft.tools.io.ReportManager&amp#27;[m : Successfully created attachment "API Request - Specifications"
2023-01-22 15:47:16.109 &amp#27;[32m INFO&amp#27;[m &amp#27;[35m[@503 - main]&amp#27;[m &amp#27;[36mcom.shaft.tools.io.ReportManager&amp#27;[m : Successfully created attachment "API Request - JSON Body"
2023-01-22 15:47:16.110 &amp#27;[32m INFO&amp#27;[m &amp#27;[35m[@503 - main]&amp#27;[m &amp#27;[36mcom.shaft.tools.io.ReportManager&amp#27;[m : Successfully created attachment "API Response - JSON Body"
2023-01-22 15:47:16.110 &amp#27;[32m INFO&amp#27;[m &amp#27;[35m[@503 - main]&amp#27;[m &amp#27;[36mcom.shaft.tools.io.ReportManager&amp#27;[m : File Action "DoesFileExist" successfully performed. With the following test data "File Path: "src/test/resources/testDataFiles/SteeringCompanyAPI_TestData/SteeringCompanyAPI_TestData.xlsx"".
2023-01-22 15:47:16.212 &amp#27;[32m INFO&amp#27;[m &amp#27;[35m[@503 - main]&amp#27;[m &amp#27;[36mcom.shaft.tools.io.ReportManager&amp#27;[m : File Action "DoesFileExist" successfully performed. With the following test data "File Path: "SteeringCompanyAPI_TestData/SteeringCompanyAPI_TestData.xlsx"".
2023-01-22 15:47:16.260 &amp#27;[32m INFO&amp#27;[m &amp#27;[35m[@503 - main]&amp#27;[m &amp#27;[36mcom.shaft.tools.io.ReportManager&amp#27;[m : Successfully created attachment "Test Data - Excel"
2023-01-22 15:47:16.261 &amp#27;[32m INFO&amp#27;[m &amp#27;[35m[@503 - main]&amp#27;[m &amp#27;[36mcom.shaft.tools.io.ReportManager&amp#27;[m : File Action "DoesFileExist" successfully performed. With the following test data "File Path: "SteeringCompanyAPI_TestData/SteeringCompanyAPI_TestData.xlsx"".
2023-01-22 15:47:16.292 &amp#27;[32m INFO&amp#27;[m &amp#27;[35m[@503 - main]&amp#27;[m &amp#27;[36mcom.shaft.tools.io.ReportManager&amp#27;[m : Successfully created attachment "Test Data - Excel"
2023-01-22 15:47:16.293 &amp#27;[32m INFO&amp#27;[m &amp#27;[35m[@503 - main]&amp#27;[m &amp#27;[36mcom.shaft.tools.io.ReportManager&amp#27;[m : File Action "DoesFileExist" successfully performed. With the following test data "File Path: "Schemas/Usage_Policy_schema.json"".
2023-01-22 15:47:16.293 &amp#27;[32m INFO&amp#27;[m &amp#27;[35m[@503 - main]&amp#27;[m &amp#27;[36mcom.shaft.tools.io.ReportManager&amp#27;[m : File Action "DoesFileExist" successfully performed. With the following test data "File Path: "src/test/resources/testDataFiles/Schemas/Usage_Policy_schema.json"".
2023-01-22 15:47:16.293 &amp#27;[32m INFO&amp#27;[m &amp#27;[35m[@503 - main]&amp#27;[m &amp#27;[36mcom.shaft.tools.io.ReportManager&amp#27;[m : File Action "GetAbsolutePath" successfully performed. With the following test data "Relative Folder Path: "src/test/resources/testDataFiles/Schemas/Usage_Policy_schema.json"".
2023-01-22 15:47:16.295 &amp#27;[32m INFO&amp#27;[m &amp#27;[35m[@503 - main]&amp#27;[m &amp#27;[36mcom.shaft.tools.io.ReportManager&amp#27;[m : File Action "DoesFileExist" successfully performed. With the following test data "File Path: "C:\eclipse-workspace\MyProjects\TASystemsAPIs\src\test\resources\testDataFiles\Schemas\Usage_Policy_schema.json"".
2023-01-22 15:47:16.295 &amp#27;[32m INFO&amp#27;[m &amp#27;[35m[@503 - main]&amp#27;[m &amp#27;[36mcom.shaft.tools.io.ReportManager&amp#27;[m : File Action "GetAbsolutePath" successfully performed. With the following test data "Relative Folder Path: "C:\eclipse-workspace\MyProjects\TASystemsAPIs\src\test\resources\testDataFiles\Schemas\Usage_Policy_schema.json"".
2023-01-22 15:47:16.295 &amp#27;[32m INFO&amp#27;[m &amp#27;[35m[@503 - main]&amp#27;[m &amp#27;[36mcom.shaft.tools.io.ReportManager&amp#27;[m : File Action "ReadFile" successfully performed. With the following test data "File Path: "C:\eclipse-workspace\MyProjects\TASystemsAPIs\src\test\resources\testDataFiles\Schemas\Usage_Policy_schema.json"".
2023-01-22 15:47:16.297 &amp#27;[32m INFO&amp#27;[m &amp#27;[35m[@503 - main]&amp#27;[m &amp#27;[36mcom.shaft.tools.io.ReportManager&amp#27;[m : Successfully created attachment "Validation Test Data - Expected JSON Value"
2023-01-22 15:47:16.298 &amp#27;[32m INFO&amp#27;[m &amp#27;[35m[@503 - main]&amp#27;[m &amp#27;[36mcom.shaft.tools.io.ReportManager&amp#27;[m : Successfully created attachment "Validation Test Data - Actual JSON Value"
2023-01-22 15:47:16.298 &amp#27;[32m INFO&amp#27;[m &amp#27;[35m[@503 - main]&amp#27;[m &amp#27;[36mcom.shaft.tools.io.ReportManager&amp#27;[m : Successfully created attachment "SHAFT Engine Logs - Current Method log: Valid_Add_Usage_Policy_TC"
]]></system-out>
  </testcase>
  <testcase name="Valid_Add_Usage_Policy_TC[[Ljava.lang.Object;@72f7c7e5](2)" classname="SteeringCompanyAPI_TestCases.Test_Policies_Cases" time="1.538">
    <system-out><![CDATA[2023-01-22 15:47:16.302 &amp#27;[32m INFO&amp#27;[m &amp#27;[35m[@534 - main]&amp#27;[m &amp#27;[36mcom.shaft.tools.io.ReportManager&amp#27;[m : 
################################################################################################################################################
Starting Execution:	"299 out of 70" test cases in the current suite
Test Method:		"SteeringCompanyAPI_TestCases.Test_Policies_Cases.Valid_Add_Usage_Policy_TC"
Test Description:	"TC007 -Policy- Perform Add Valid Usage Policy"
################################################################################################################################################
2023-01-22 15:47:16.302 &amp#27;[32m INFO&amp#27;[m &amp#27;[35m[@503 - main]&amp#27;[m &amp#27;[36mcom.shaft.tools.io.ReportManager&amp#27;[m : File Action "DoesFileExist" successfully performed. With the following test data "File Path: "SteeringCompanyAPI_TestData/SteeringCompanyAPI_TestData.xlsx"".
2023-01-22 15:47:16.364 &amp#27;[32m INFO&amp#27;[m &amp#27;[35m[@503 - main]&amp#27;[m &amp#27;[36mcom.shaft.tools.io.ReportManager&amp#27;[m : Successfully created attachment "Test Data - Excel"
2023-01-22 15:47:16.966 &amp#27;[32m INFO&amp#27;[m &amp#27;[35m[@503 - main]&amp#27;[m &amp#27;[36mcom.shaft.tools.io.ReportManager&amp#27;[m : Response status code: "200", status line: "HTTP/1.1 200 OK"
2023-01-22 15:47:16.982 &amp#27;[32m INFO&amp#27;[m &amp#27;[35m[@503 - main]&amp#27;[m &amp#27;[36mcom.shaft.tools.io.ReportManager&amp#27;[m : Successfully created attachment "API Request - Specifications"
2023-01-22 15:47:16.983 &amp#27;[32m INFO&amp#27;[m &amp#27;[35m[@503 - main]&amp#27;[m &amp#27;[36mcom.shaft.tools.io.ReportManager&amp#27;[m : Successfully created attachment "API Request - Body"
2023-01-22 15:47:16.986 &amp#27;[32m INFO&amp#27;[m &amp#27;[35m[@503 - main]&amp#27;[m &amp#27;[36mcom.shaft.tools.io.ReportManager&amp#27;[m : Successfully created attachment "API Response - JSON Body"
2023-01-22 15:47:17.001 &amp#27;[32m INFO&amp#27;[m &amp#27;[35m[@503 - main]&amp#27;[m &amp#27;[36mcom.shaft.tools.io.ReportManager&amp#27;[m : File Action "DoesFileExist" successfully performed. With the following test data "File Path: "SteeringCompanyAPI_TestData/SteeringCompanyAPI_TestData.xlsx"".
2023-01-22 15:47:17.051 &amp#27;[32m INFO&amp#27;[m &amp#27;[35m[@503 - main]&amp#27;[m &amp#27;[36mcom.shaft.tools.io.ReportManager&amp#27;[m : Successfully created attachment "Test Data - Excel"
2023-01-22 15:47:17.052 &amp#27;[32m INFO&amp#27;[m &amp#27;[35m[@503 - main]&amp#27;[m &amp#27;[36mcom.shaft.tools.io.ReportManager&amp#27;[m : File Action "DoesFileExist" successfully performed. With the following test data "File Path: "SteeringCompanyAPI_TestData/SteeringCompanyAPI_TestData.xlsx"".
2023-01-22 15:47:17.108 &amp#27;[32m INFO&amp#27;[m &amp#27;[35m[@503 - main]&amp#27;[m &amp#27;[36mcom.shaft.tools.io.ReportManager&amp#27;[m : Successfully created attachment "Test Data - Excel"
2023-01-22 15:47:17.108 &amp#27;[32m INFO&amp#27;[m &amp#27;[35m[@503 - main]&amp#27;[m &amp#27;[36mcom.shaft.tools.io.ReportManager&amp#27;[m : File Action "DoesFileExist" successfully performed. With the following test data "File Path: "SteeringCompanyAPI_TestData/SteeringCompanyAPI_TestData.xlsx"".
2023-01-22 15:47:17.155 &amp#27;[32m INFO&amp#27;[m &amp#27;[35m[@503 - main]&amp#27;[m &amp#27;[36mcom.shaft.tools.io.ReportManager&amp#27;[m : Successfully created attachment "Test Data - Excel"
2023-01-22 15:47:17.617 &amp#27;[32m INFO&amp#27;[m &amp#27;[35m[@503 - main]&amp#27;[m &amp#27;[36mcom.shaft.tools.io.ReportManager&amp#27;[m : Response status code: "201", status line: "HTTP/1.1 201 "
2023-01-22 15:47:17.632 &amp#27;[32m INFO&amp#27;[m &amp#27;[35m[@503 - main]&amp#27;[m &amp#27;[36mcom.shaft.tools.io.ReportManager&amp#27;[m : Successfully created attachment "API Request - Specifications"
2023-01-22 15:47:17.633 &amp#27;[32m INFO&amp#27;[m &amp#27;[35m[@503 - main]&amp#27;[m &amp#27;[36mcom.shaft.tools.io.ReportManager&amp#27;[m : Successfully created attachment "API Request - JSON Body"
2023-01-22 15:47:17.634 &amp#27;[32m INFO&amp#27;[m &amp#27;[35m[@503 - main]&amp#27;[m &amp#27;[36mcom.shaft.tools.io.ReportManager&amp#27;[m : Successfully created attachment "API Response - JSON Body"
2023-01-22 15:47:17.635 &amp#27;[32m INFO&amp#27;[m &amp#27;[35m[@503 - main]&amp#27;[m &amp#27;[36mcom.shaft.tools.io.ReportManager&amp#27;[m : File Action "DoesFileExist" successfully performed. With the following test data "File Path: "src/test/resources/testDataFiles/SteeringCompanyAPI_TestData/SteeringCompanyAPI_TestData.xlsx"".
2023-01-22 15:47:17.731 &amp#27;[32m INFO&amp#27;[m &amp#27;[35m[@503 - main]&amp#27;[m &amp#27;[36mcom.shaft.tools.io.ReportManager&amp#27;[m : File Action "DoesFileExist" successfully performed. With the following test data "File Path: "SteeringCompanyAPI_TestData/SteeringCompanyAPI_TestData.xlsx"".
2023-01-22 15:47:17.784 &amp#27;[32m INFO&amp#27;[m &amp#27;[35m[@503 - main]&amp#27;[m &amp#27;[36mcom.shaft.tools.io.ReportManager&amp#27;[m : Successfully created attachment "Test Data - Excel"
2023-01-22 15:47:17.784 &amp#27;[32m INFO&amp#27;[m &amp#27;[35m[@503 - main]&amp#27;[m &amp#27;[36mcom.shaft.tools.io.ReportManager&amp#27;[m : File Action "DoesFileExist" successfully performed. With the following test data "File Path: "SteeringCompanyAPI_TestData/SteeringCompanyAPI_TestData.xlsx"".
2023-01-22 15:47:17.824 &amp#27;[32m INFO&amp#27;[m &amp#27;[35m[@503 - main]&amp#27;[m &amp#27;[36mcom.shaft.tools.io.ReportManager&amp#27;[m : Successfully created attachment "Test Data - Excel"
2023-01-22 15:47:17.824 &amp#27;[32m INFO&amp#27;[m &amp#27;[35m[@503 - main]&amp#27;[m &amp#27;[36mcom.shaft.tools.io.ReportManager&amp#27;[m : File Action "DoesFileExist" successfully performed. With the following test data "File Path: "Schemas/Usage_Policy_schema.json"".
2023-01-22 15:47:17.825 &amp#27;[32m INFO&amp#27;[m &amp#27;[35m[@503 - main]&amp#27;[m &amp#27;[36mcom.shaft.tools.io.ReportManager&amp#27;[m : File Action "DoesFileExist" successfully performed. With the following test data "File Path: "src/test/resources/testDataFiles/Schemas/Usage_Policy_schema.json"".
2023-01-22 15:47:17.825 &amp#27;[32m INFO&amp#27;[m &amp#27;[35m[@503 - main]&amp#27;[m &amp#27;[36mcom.shaft.tools.io.ReportManager&amp#27;[m : File Action "GetAbsolutePath" successfully performed. With the following test data "Relative Folder Path: "src/test/resources/testDataFiles/Schemas/Usage_Policy_schema.json"".
2023-01-22 15:47:17.827 &amp#27;[32m INFO&amp#27;[m &amp#27;[35m[@503 - main]&amp#27;[m &amp#27;[36mcom.shaft.tools.io.ReportManager&amp#27;[m : File Action "DoesFileExist" successfully performed. With the following test data "File Path: "C:\eclipse-workspace\MyProjects\TASystemsAPIs\src\test\resources\testDataFiles\Schemas\Usage_Policy_schema.json"".
2023-01-22 15:47:17.827 &amp#27;[32m INFO&amp#27;[m &amp#27;[35m[@503 - main]&amp#27;[m &amp#27;[36mcom.shaft.tools.io.ReportManager&amp#27;[m : File Action "GetAbsolutePath" successfully performed. With the following test data "Relative Folder Path: "C:\eclipse-workspace\MyProjects\TASystemsAPIs\src\test\resources\testDataFiles\Schemas\Usage_Policy_schema.json"".
2023-01-22 15:47:17.828 &amp#27;[32m INFO&amp#27;[m &amp#27;[35m[@503 - main]&amp#27;[m &amp#27;[36mcom.shaft.tools.io.ReportManager&amp#27;[m : File Action "ReadFile" successfully performed. With the following test data "File Path: "C:\eclipse-workspace\MyProjects\TASystemsAPIs\src\test\resources\testDataFiles\Schemas\Usage_Policy_schema.json"".
2023-01-22 15:47:17.831 &amp#27;[32m INFO&amp#27;[m &amp#27;[35m[@503 - main]&amp#27;[m &amp#27;[36mcom.shaft.tools.io.ReportManager&amp#27;[m : Successfully created attachment "Validation Test Data - Expected JSON Value"
2023-01-22 15:47:17.832 &amp#27;[32m INFO&amp#27;[m &amp#27;[35m[@503 - main]&amp#27;[m &amp#27;[36mcom.shaft.tools.io.ReportManager&amp#27;[m : Successfully created attachment "Validation Test Data - Actual JSON Value"
2023-01-22 15:47:17.835 &amp#27;[32m INFO&amp#27;[m &amp#27;[35m[@503 - main]&amp#27;[m &amp#27;[36mcom.shaft.tools.io.ReportManager&amp#27;[m : Successfully created attachment "SHAFT Engine Logs - Current Method log: Valid_Add_Usage_Policy_TC"
]]></system-out>
  </testcase>
  <testcase name="Valid_GET_all_Policies_Rq_TC" classname="SteeringCompanyAPI_TestCases.Test_Policies_Cases" time="2.074">
    <system-out><![CDATA[2023-01-22 15:47:17.841 &amp#27;[32m INFO&amp#27;[m &amp#27;[35m[@534 - main]&amp#27;[m &amp#27;[36mcom.shaft.tools.io.ReportManager&amp#27;[m : 
################################################################################################################################################
Starting Execution:	"300 out of 70" test cases in the current suite
Test Method:		"SteeringCompanyAPI_TestCases.Test_Policies_Cases.Valid_GET_all_Policies_Rq_TC"
Test Description:	"TC001  -Policy- Perform Get all Policies API with valid user name and password"
################################################################################################################################################
2023-01-22 15:47:17.842 &amp#27;[32m INFO&amp#27;[m &amp#27;[35m[@503 - main]&amp#27;[m &amp#27;[36mcom.shaft.tools.io.ReportManager&amp#27;[m : File Action "DoesFileExist" successfully performed. With the following test data "File Path: "SteeringCompanyAPI_TestData/SteeringCompanyAPI_TestData.xlsx"".
2023-01-22 15:47:17.898 &amp#27;[32m INFO&amp#27;[m &amp#27;[35m[@503 - main]&amp#27;[m &amp#27;[36mcom.shaft.tools.io.ReportManager&amp#27;[m : Successfully created attachment "Test Data - Excel"
2023-01-22 15:47:18.478 &amp#27;[32m INFO&amp#27;[m &amp#27;[35m[@503 - main]&amp#27;[m &amp#27;[36mcom.shaft.tools.io.ReportManager&amp#27;[m : Response status code: "200", status line: "HTTP/1.1 200 OK"
2023-01-22 15:47:18.492 &amp#27;[32m INFO&amp#27;[m &amp#27;[35m[@503 - main]&amp#27;[m &amp#27;[36mcom.shaft.tools.io.ReportManager&amp#27;[m : Successfully created attachment "API Request - Specifications"
2023-01-22 15:47:18.495 &amp#27;[32m INFO&amp#27;[m &amp#27;[35m[@503 - main]&amp#27;[m &amp#27;[36mcom.shaft.tools.io.ReportManager&amp#27;[m : Successfully created attachment "API Request - Body"
2023-01-22 15:47:18.497 &amp#27;[32m INFO&amp#27;[m &amp#27;[35m[@503 - main]&amp#27;[m &amp#27;[36mcom.shaft.tools.io.ReportManager&amp#27;[m : Successfully created attachment "API Response - JSON Body"
2023-01-22 15:47:18.510 &amp#27;[32m INFO&amp#27;[m &amp#27;[35m[@503 - main]&amp#27;[m &amp#27;[36mcom.shaft.tools.io.ReportManager&amp#27;[m : File Action "DoesFileExist" successfully performed. With the following test data "File Path: "SteeringCompanyAPI_TestData/SteeringCompanyAPI_TestData.xlsx"".
2023-01-22 15:47:18.559 &amp#27;[32m INFO&amp#27;[m &amp#27;[35m[@503 - main]&amp#27;[m &amp#27;[36mcom.shaft.tools.io.ReportManager&amp#27;[m : Successfully created attachment "Test Data - Excel"
2023-01-22 15:47:18.560 &amp#27;[32m INFO&amp#27;[m &amp#27;[35m[@503 - main]&amp#27;[m &amp#27;[36mcom.shaft.tools.io.ReportManager&amp#27;[m : File Action "DoesFileExist" successfully performed. With the following test data "File Path: "SteeringCompanyAPI_TestData/SteeringCompanyAPI_TestData.xlsx"".
2023-01-22 15:47:18.612 &amp#27;[32m INFO&amp#27;[m &amp#27;[35m[@503 - main]&amp#27;[m &amp#27;[36mcom.shaft.tools.io.ReportManager&amp#27;[m : Successfully created attachment "Test Data - Excel"
2023-01-22 15:47:18.612 &amp#27;[32m INFO&amp#27;[m &amp#27;[35m[@503 - main]&amp#27;[m &amp#27;[36mcom.shaft.tools.io.ReportManager&amp#27;[m : File Action "DoesFileExist" successfully performed. With the following test data "File Path: "SteeringCompanyAPI_TestData/SteeringCompanyAPI_TestData.xlsx"".
2023-01-22 15:47:18.663 &amp#27;[32m INFO&amp#27;[m &amp#27;[35m[@503 - main]&amp#27;[m &amp#27;[36mcom.shaft.tools.io.ReportManager&amp#27;[m : Successfully created attachment "Test Data - Excel"
2023-01-22 15:47:19.139 &amp#27;[32m INFO&amp#27;[m &amp#27;[35m[@503 - main]&amp#27;[m &amp#27;[36mcom.shaft.tools.io.ReportManager&amp#27;[m : Response status code: "200", status line: "HTTP/1.1 200 "
2023-01-22 15:47:19.675 &amp#27;[32m INFO&amp#27;[m &amp#27;[35m[@503 - main]&amp#27;[m &amp#27;[36mcom.shaft.tools.io.ReportManager&amp#27;[m : Successfully created attachment "API Request - Specifications"
2023-01-22 15:47:19.677 &amp#27;[32m INFO&amp#27;[m &amp#27;[35m[@503 - main]&amp#27;[m &amp#27;[36mcom.shaft.tools.io.ReportManager&amp#27;[m : Successfully created attachment "API Response - JSON Body"
2023-01-22 15:47:19.682 &amp#27;[32m INFO&amp#27;[m &amp#27;[35m[@503 - main]&amp#27;[m &amp#27;[36mcom.shaft.tools.io.ReportManager&amp#27;[m : Successfully created attachment "Validation Test Data - Expected Value"
2023-01-22 15:47:19.685 &amp#27;[32m INFO&amp#27;[m &amp#27;[35m[@503 - main]&amp#27;[m &amp#27;[36mcom.shaft.tools.io.ReportManager&amp#27;[m : Successfully created attachment "Validation Test Data - Actual Value"
2023-01-22 15:47:19.776 &amp#27;[32m INFO&amp#27;[m &amp#27;[35m[@503 - main]&amp#27;[m &amp#27;[36mcom.shaft.tools.io.ReportManager&amp#27;[m : Get response jsonvalue "cancellationPolicies".
2023-01-22 15:47:19.780 &amp#27;[32m INFO&amp#27;[m &amp#27;[35m[@503 - main]&amp#27;[m &amp#27;[36mcom.shaft.tools.io.ReportManager&amp#27;[m : Successfully created attachment "Validation Test Data - Expected Value"
2023-01-22 15:47:19.782 &amp#27;[32m INFO&amp#27;[m &amp#27;[35m[@503 - main]&amp#27;[m &amp#27;[36mcom.shaft.tools.io.ReportManager&amp#27;[m : Successfully created attachment "Validation Test Data - Actual Value"
2023-01-22 15:47:19.782 &amp#27;[32m INFO&amp#27;[m &amp#27;[35m[@503 - main]&amp#27;[m &amp#27;[36mcom.shaft.tools.io.ReportManager&amp#27;[m : File Action "DoesFileExist" successfully performed. With the following test data "File Path: "Schemas/GetAllPolicies_schema.json"".
2023-01-22 15:47:19.782 &amp#27;[32m INFO&amp#27;[m &amp#27;[35m[@503 - main]&amp#27;[m &amp#27;[36mcom.shaft.tools.io.ReportManager&amp#27;[m : File Action "DoesFileExist" successfully performed. With the following test data "File Path: "src/test/resources/testDataFiles/Schemas/GetAllPolicies_schema.json"".
2023-01-22 15:47:19.782 &amp#27;[32m INFO&amp#27;[m &amp#27;[35m[@503 - main]&amp#27;[m &amp#27;[36mcom.shaft.tools.io.ReportManager&amp#27;[m : File Action "GetAbsolutePath" successfully performed. With the following test data "Relative Folder Path: "src/test/resources/testDataFiles/Schemas/GetAllPolicies_schema.json"".
2023-01-22 15:47:19.851 &amp#27;[32m INFO&amp#27;[m &amp#27;[35m[@503 - main]&amp#27;[m &amp#27;[36mcom.shaft.tools.io.ReportManager&amp#27;[m : File Action "DoesFileExist" successfully performed. With the following test data "File Path: "C:\eclipse-workspace\MyProjects\TASystemsAPIs\src\test\resources\testDataFiles\Schemas\GetAllPolicies_schema.json"".
2023-01-22 15:47:19.851 &amp#27;[32m INFO&amp#27;[m &amp#27;[35m[@503 - main]&amp#27;[m &amp#27;[36mcom.shaft.tools.io.ReportManager&amp#27;[m : File Action "GetAbsolutePath" successfully performed. With the following test data "Relative Folder Path: "C:\eclipse-workspace\MyProjects\TASystemsAPIs\src\test\resources\testDataFiles\Schemas\GetAllPolicies_schema.json"".
2023-01-22 15:47:19.851 &amp#27;[32m INFO&amp#27;[m &amp#27;[35m[@503 - main]&amp#27;[m &amp#27;[36mcom.shaft.tools.io.ReportManager&amp#27;[m : File Action "ReadFile" successfully performed. With the following test data "File Path: "C:\eclipse-workspace\MyProjects\TASystemsAPIs\src\test\resources\testDataFiles\Schemas\GetAllPolicies_schema.json"".
2023-01-22 15:47:19.884 &amp#27;[32m INFO&amp#27;[m &amp#27;[35m[@503 - main]&amp#27;[m &amp#27;[36mcom.shaft.tools.io.ReportManager&amp#27;[m : Successfully created attachment "Validation Test Data - Expected JSON Value"
2023-01-22 15:47:19.893 &amp#27;[32m INFO&amp#27;[m &amp#27;[35m[@503 - main]&amp#27;[m &amp#27;[36mcom.shaft.tools.io.ReportManager&amp#27;[m : Successfully created attachment "Validation Test Data - Actual JSON Value"
2023-01-22 15:47:19.898 &amp#27;[32m INFO&amp#27;[m &amp#27;[35m[@503 - main]&amp#27;[m &amp#27;[36mcom.shaft.tools.io.ReportManager&amp#27;[m : Successfully created attachment "SHAFT Engine Logs - Current Method log: Valid_GET_all_Policies_Rq_TC"
]]></system-out>
  </testcase>
  <testcase name="Valid_GET_all_Policies_by_Qry_Rq_TC" classname="SteeringCompanyAPI_TestCases.Test_Policies_Cases" time="2.577">
    <system-out><![CDATA[2023-01-22 15:47:19.916 &amp#27;[32m INFO&amp#27;[m &amp#27;[35m[@534 - main]&amp#27;[m &amp#27;[36mcom.shaft.tools.io.ReportManager&amp#27;[m : 
################################################################################################################################################
Starting Execution:	"301 out of 70" test cases in the current suite
Test Method:		"SteeringCompanyAPI_TestCases.Test_Policies_Cases.Valid_GET_all_Policies_by_Qry_Rq_TC"
Test Description:	"TC002  -Policy- Perform Get all Policies API with pagination with valid user name and password"
################################################################################################################################################
2023-01-22 15:47:19.917 &amp#27;[32m INFO&amp#27;[m &amp#27;[35m[@503 - main]&amp#27;[m &amp#27;[36mcom.shaft.tools.io.ReportManager&amp#27;[m : File Action "DoesFileExist" successfully performed. With the following test data "File Path: "SteeringCompanyAPI_TestData/SteeringCompanyAPI_TestData.xlsx"".
2023-01-22 15:47:19.979 &amp#27;[32m INFO&amp#27;[m &amp#27;[35m[@503 - main]&amp#27;[m &amp#27;[36mcom.shaft.tools.io.ReportManager&amp#27;[m : Successfully created attachment "Test Data - Excel"
2023-01-22 15:47:20.598 &amp#27;[32m INFO&amp#27;[m &amp#27;[35m[@503 - main]&amp#27;[m &amp#27;[36mcom.shaft.tools.io.ReportManager&amp#27;[m : Response status code: "200", status line: "HTTP/1.1 200 OK"
2023-01-22 15:47:20.613 &amp#27;[32m INFO&amp#27;[m &amp#27;[35m[@503 - main]&amp#27;[m &amp#27;[36mcom.shaft.tools.io.ReportManager&amp#27;[m : Successfully created attachment "API Request - Specifications"
2023-01-22 15:47:20.614 &amp#27;[32m INFO&amp#27;[m &amp#27;[35m[@503 - main]&amp#27;[m &amp#27;[36mcom.shaft.tools.io.ReportManager&amp#27;[m : Successfully created attachment "API Request - Body"
2023-01-22 15:47:20.615 &amp#27;[32m INFO&amp#27;[m &amp#27;[35m[@503 - main]&amp#27;[m &amp#27;[36mcom.shaft.tools.io.ReportManager&amp#27;[m : Successfully created attachment "API Response - JSON Body"
2023-01-22 15:47:20.634 &amp#27;[32m INFO&amp#27;[m &amp#27;[35m[@503 - main]&amp#27;[m &amp#27;[36mcom.shaft.tools.io.ReportManager&amp#27;[m : File Action "DoesFileExist" successfully performed. With the following test data "File Path: "SteeringCompanyAPI_TestData/SteeringCompanyAPI_TestData.xlsx"".
2023-01-22 15:47:20.682 &amp#27;[32m INFO&amp#27;[m &amp#27;[35m[@503 - main]&amp#27;[m &amp#27;[36mcom.shaft.tools.io.ReportManager&amp#27;[m : Successfully created attachment "Test Data - Excel"
2023-01-22 15:47:20.682 &amp#27;[32m INFO&amp#27;[m &amp#27;[35m[@503 - main]&amp#27;[m &amp#27;[36mcom.shaft.tools.io.ReportManager&amp#27;[m : File Action "DoesFileExist" successfully performed. With the following test data "File Path: "SteeringCompanyAPI_TestData/SteeringCompanyAPI_TestData.xlsx"".
2023-01-22 15:47:20.724 &amp#27;[32m INFO&amp#27;[m &amp#27;[35m[@503 - main]&amp#27;[m &amp#27;[36mcom.shaft.tools.io.ReportManager&amp#27;[m : Successfully created attachment "Test Data - Excel"
2023-01-22 15:47:20.725 &amp#27;[32m INFO&amp#27;[m &amp#27;[35m[@503 - main]&amp#27;[m &amp#27;[36mcom.shaft.tools.io.ReportManager&amp#27;[m : File Action "DoesFileExist" successfully performed. With the following test data "File Path: "SteeringCompanyAPI_TestData/SteeringCompanyAPI_TestData.xlsx"".
2023-01-22 15:47:20.772 &amp#27;[32m INFO&amp#27;[m &amp#27;[35m[@503 - main]&amp#27;[m &amp#27;[36mcom.shaft.tools.io.ReportManager&amp#27;[m : Successfully created attachment "Test Data - Excel"
2023-01-22 15:47:21.247 &amp#27;[32m INFO&amp#27;[m &amp#27;[35m[@503 - main]&amp#27;[m &amp#27;[36mcom.shaft.tools.io.ReportManager&amp#27;[m : Response status code: "200", status line: "HTTP/1.1 200 "
2023-01-22 15:47:22.309 &amp#27;[32m INFO&amp#27;[m &amp#27;[35m[@503 - main]&amp#27;[m &amp#27;[36mcom.shaft.tools.io.ReportManager&amp#27;[m : Successfully created attachment "API Request - Specifications"
2023-01-22 15:47:22.312 &amp#27;[32m INFO&amp#27;[m &amp#27;[35m[@503 - main]&amp#27;[m &amp#27;[36mcom.shaft.tools.io.ReportManager&amp#27;[m : Successfully created attachment "API Response - JSON Body"
2023-01-22 15:47:22.318 &amp#27;[32m INFO&amp#27;[m &amp#27;[35m[@503 - main]&amp#27;[m &amp#27;[36mcom.shaft.tools.io.ReportManager&amp#27;[m : Successfully created attachment "Validation Test Data - Expected Value"
2023-01-22 15:47:22.319 &amp#27;[32m INFO&amp#27;[m &amp#27;[35m[@503 - main]&amp#27;[m &amp#27;[36mcom.shaft.tools.io.ReportManager&amp#27;[m : Successfully created attachment "Validation Test Data - Actual Value"
2023-01-22 15:47:22.397 &amp#27;[32m INFO&amp#27;[m &amp#27;[35m[@503 - main]&amp#27;[m &amp#27;[36mcom.shaft.tools.io.ReportManager&amp#27;[m : Get response jsonvalue "cancellationPolicies".
2023-01-22 15:47:22.400 &amp#27;[32m INFO&amp#27;[m &amp#27;[35m[@503 - main]&amp#27;[m &amp#27;[36mcom.shaft.tools.io.ReportManager&amp#27;[m : Successfully created attachment "Validation Test Data - Expected Value"
2023-01-22 15:47:22.401 &amp#27;[32m INFO&amp#27;[m &amp#27;[35m[@503 - main]&amp#27;[m &amp#27;[36mcom.shaft.tools.io.ReportManager&amp#27;[m : Successfully created attachment "Validation Test Data - Actual Value"
2023-01-22 15:47:22.401 &amp#27;[32m INFO&amp#27;[m &amp#27;[35m[@503 - main]&amp#27;[m &amp#27;[36mcom.shaft.tools.io.ReportManager&amp#27;[m : File Action "DoesFileExist" successfully performed. With the following test data "File Path: "Schemas/GetAllPolicies_schema.json"".
2023-01-22 15:47:22.401 &amp#27;[32m INFO&amp#27;[m &amp#27;[35m[@503 - main]&amp#27;[m &amp#27;[36mcom.shaft.tools.io.ReportManager&amp#27;[m : File Action "DoesFileExist" successfully performed. With the following test data "File Path: "src/test/resources/testDataFiles/Schemas/GetAllPolicies_schema.json"".
2023-01-22 15:47:22.401 &amp#27;[32m INFO&amp#27;[m &amp#27;[35m[@503 - main]&amp#27;[m &amp#27;[36mcom.shaft.tools.io.ReportManager&amp#27;[m : File Action "GetAbsolutePath" successfully performed. With the following test data "Relative Folder Path: "src/test/resources/testDataFiles/Schemas/GetAllPolicies_schema.json"".
2023-01-22 15:47:22.450 &amp#27;[32m INFO&amp#27;[m &amp#27;[35m[@503 - main]&amp#27;[m &amp#27;[36mcom.shaft.tools.io.ReportManager&amp#27;[m : File Action "DoesFileExist" successfully performed. With the following test data "File Path: "C:\eclipse-workspace\MyProjects\TASystemsAPIs\src\test\resources\testDataFiles\Schemas\GetAllPolicies_schema.json"".
2023-01-22 15:47:22.451 &amp#27;[32m INFO&amp#27;[m &amp#27;[35m[@503 - main]&amp#27;[m &amp#27;[36mcom.shaft.tools.io.ReportManager&amp#27;[m : File Action "GetAbsolutePath" successfully performed. With the following test data "Relative Folder Path: "C:\eclipse-workspace\MyProjects\TASystemsAPIs\src\test\resources\testDataFiles\Schemas\GetAllPolicies_schema.json"".
2023-01-22 15:47:22.453 &amp#27;[32m INFO&amp#27;[m &amp#27;[35m[@503 - main]&amp#27;[m &amp#27;[36mcom.shaft.tools.io.ReportManager&amp#27;[m : File Action "ReadFile" successfully performed. With the following test data "File Path: "C:\eclipse-workspace\MyProjects\TASystemsAPIs\src\test\resources\testDataFiles\Schemas\GetAllPolicies_schema.json"".
2023-01-22 15:47:22.473 &amp#27;[32m INFO&amp#27;[m &amp#27;[35m[@503 - main]&amp#27;[m &amp#27;[36mcom.shaft.tools.io.ReportManager&amp#27;[m : Successfully created attachment "Validation Test Data - Expected JSON Value"
2023-01-22 15:47:22.475 &amp#27;[32m INFO&amp#27;[m &amp#27;[35m[@503 - main]&amp#27;[m &amp#27;[36mcom.shaft.tools.io.ReportManager&amp#27;[m : Successfully created attachment "Validation Test Data - Actual JSON Value"
2023-01-22 15:47:22.480 &amp#27;[32m INFO&amp#27;[m &amp#27;[35m[@503 - main]&amp#27;[m &amp#27;[36mcom.shaft.tools.io.ReportManager&amp#27;[m : Successfully created attachment "SHAFT Engine Logs - Current Method log: Valid_GET_all_Policies_by_Qry_Rq_TC"
]]></system-out>
  </testcase>
  <testcase name="Valid_Get_Cancel_Policy_TC[[Ljava.lang.Object;@3fa8287a](1)" classname="SteeringCompanyAPI_TestCases.Test_Policies_Cases" time="1.572">
    <system-out><![CDATA[2023-01-22 15:47:22.500 &amp#27;[32m INFO&amp#27;[m &amp#27;[35m[@534 - main]&amp#27;[m &amp#27;[36mcom.shaft.tools.io.ReportManager&amp#27;[m : 
################################################################################################################################################
Starting Execution:	"302 out of 70" test cases in the current suite
Test Method:		"SteeringCompanyAPI_TestCases.Test_Policies_Cases.Valid_Get_Cancel_Policy_TC"
Test Description:	"TC015 -Policy- Perform Get Valid Cancel Policy"
################################################################################################################################################
2023-01-22 15:47:22.501 &amp#27;[32m INFO&amp#27;[m &amp#27;[35m[@503 - main]&amp#27;[m &amp#27;[36mcom.shaft.tools.io.ReportManager&amp#27;[m : File Action "DoesFileExist" successfully performed. With the following test data "File Path: "SteeringCompanyAPI_TestData/SteeringCompanyAPI_TestData.xlsx"".
2023-01-22 15:47:22.569 &amp#27;[32m INFO&amp#27;[m &amp#27;[35m[@503 - main]&amp#27;[m &amp#27;[36mcom.shaft.tools.io.ReportManager&amp#27;[m : Successfully created attachment "Test Data - Excel"
2023-01-22 15:47:23.149 &amp#27;[32m INFO&amp#27;[m &amp#27;[35m[@503 - main]&amp#27;[m &amp#27;[36mcom.shaft.tools.io.ReportManager&amp#27;[m : Response status code: "200", status line: "HTTP/1.1 200 OK"
2023-01-22 15:47:23.166 &amp#27;[32m INFO&amp#27;[m &amp#27;[35m[@503 - main]&amp#27;[m &amp#27;[36mcom.shaft.tools.io.ReportManager&amp#27;[m : Successfully created attachment "API Request - Specifications"
2023-01-22 15:47:23.166 &amp#27;[32m INFO&amp#27;[m &amp#27;[35m[@503 - main]&amp#27;[m &amp#27;[36mcom.shaft.tools.io.ReportManager&amp#27;[m : Successfully created attachment "API Request - Body"
2023-01-22 15:47:23.167 &amp#27;[32m INFO&amp#27;[m &amp#27;[35m[@503 - main]&amp#27;[m &amp#27;[36mcom.shaft.tools.io.ReportManager&amp#27;[m : Successfully created attachment "API Response - JSON Body"
2023-01-22 15:47:23.182 &amp#27;[32m INFO&amp#27;[m &amp#27;[35m[@503 - main]&amp#27;[m &amp#27;[36mcom.shaft.tools.io.ReportManager&amp#27;[m : File Action "DoesFileExist" successfully performed. With the following test data "File Path: "SteeringCompanyAPI_TestData/SteeringCompanyAPI_TestData.xlsx"".
2023-01-22 15:47:23.232 &amp#27;[32m INFO&amp#27;[m &amp#27;[35m[@503 - main]&amp#27;[m &amp#27;[36mcom.shaft.tools.io.ReportManager&amp#27;[m : Successfully created attachment "Test Data - Excel"
2023-01-22 15:47:23.233 &amp#27;[32m INFO&amp#27;[m &amp#27;[35m[@503 - main]&amp#27;[m &amp#27;[36mcom.shaft.tools.io.ReportManager&amp#27;[m : File Action "DoesFileExist" successfully performed. With the following test data "File Path: "SteeringCompanyAPI_TestData/SteeringCompanyAPI_TestData.xlsx"".
2023-01-22 15:47:23.281 &amp#27;[32m INFO&amp#27;[m &amp#27;[35m[@503 - main]&amp#27;[m &amp#27;[36mcom.shaft.tools.io.ReportManager&amp#27;[m : Successfully created attachment "Test Data - Excel"
2023-01-22 15:47:23.282 &amp#27;[32m INFO&amp#27;[m &amp#27;[35m[@503 - main]&amp#27;[m &amp#27;[36mcom.shaft.tools.io.ReportManager&amp#27;[m : File Action "DoesFileExist" successfully performed. With the following test data "File Path: "SteeringCompanyAPI_TestData/SteeringCompanyAPI_TestData.xlsx"".
2023-01-22 15:47:23.334 &amp#27;[32m INFO&amp#27;[m &amp#27;[35m[@503 - main]&amp#27;[m &amp#27;[36mcom.shaft.tools.io.ReportManager&amp#27;[m : Successfully created attachment "Test Data - Excel"
2023-01-22 15:47:23.816 &amp#27;[32m INFO&amp#27;[m &amp#27;[35m[@503 - main]&amp#27;[m &amp#27;[36mcom.shaft.tools.io.ReportManager&amp#27;[m : Response status code: "200", status line: "HTTP/1.1 200 "
2023-01-22 15:47:23.833 &amp#27;[32m INFO&amp#27;[m &amp#27;[35m[@503 - main]&amp#27;[m &amp#27;[36mcom.shaft.tools.io.ReportManager&amp#27;[m : Successfully created attachment "API Request - Specifications"
2023-01-22 15:47:23.834 &amp#27;[32m INFO&amp#27;[m &amp#27;[35m[@503 - main]&amp#27;[m &amp#27;[36mcom.shaft.tools.io.ReportManager&amp#27;[m : Successfully created attachment "API Response - JSON Body"
2023-01-22 15:47:23.834 &amp#27;[32m INFO&amp#27;[m &amp#27;[35m[@503 - main]&amp#27;[m &amp#27;[36mcom.shaft.tools.io.ReportManager&amp#27;[m : File Action "DoesFileExist" successfully performed. With the following test data "File Path: "src/test/resources/testDataFiles/SteeringCompanyAPI_TestData/SteeringCompanyAPI_TestData.xlsx"".
2023-01-22 15:47:23.939 &amp#27;[32m INFO&amp#27;[m &amp#27;[35m[@503 - main]&amp#27;[m &amp#27;[36mcom.shaft.tools.io.ReportManager&amp#27;[m : File Action "DoesFileExist" successfully performed. With the following test data "File Path: "SteeringCompanyAPI_TestData/SteeringCompanyAPI_TestData.xlsx"".
2023-01-22 15:47:24.012 &amp#27;[32m INFO&amp#27;[m &amp#27;[35m[@503 - main]&amp#27;[m &amp#27;[36mcom.shaft.tools.io.ReportManager&amp#27;[m : Successfully created attachment "Test Data - Excel"
2023-01-22 15:47:24.013 &amp#27;[32m INFO&amp#27;[m &amp#27;[35m[@503 - main]&amp#27;[m &amp#27;[36mcom.shaft.tools.io.ReportManager&amp#27;[m : File Action "DoesFileExist" successfully performed. With the following test data "File Path: "SteeringCompanyAPI_TestData/SteeringCompanyAPI_TestData.xlsx"".
2023-01-22 15:47:24.058 &amp#27;[32m INFO&amp#27;[m &amp#27;[35m[@503 - main]&amp#27;[m &amp#27;[36mcom.shaft.tools.io.ReportManager&amp#27;[m : Successfully created attachment "Test Data - Excel"
2023-01-22 15:47:24.060 &amp#27;[32m INFO&amp#27;[m &amp#27;[35m[@503 - main]&amp#27;[m &amp#27;[36mcom.shaft.tools.io.ReportManager&amp#27;[m : File Action "DoesFileExist" successfully performed. With the following test data "File Path: "Schemas/Cancel_Policy_schema.json"".
2023-01-22 15:47:24.061 &amp#27;[32m INFO&amp#27;[m &amp#27;[35m[@503 - main]&amp#27;[m &amp#27;[36mcom.shaft.tools.io.ReportManager&amp#27;[m : File Action "DoesFileExist" successfully performed. With the following test data "File Path: "src/test/resources/testDataFiles/Schemas/Cancel_Policy_schema.json"".
2023-01-22 15:47:24.061 &amp#27;[32m INFO&amp#27;[m &amp#27;[35m[@503 - main]&amp#27;[m &amp#27;[36mcom.shaft.tools.io.ReportManager&amp#27;[m : File Action "GetAbsolutePath" successfully performed. With the following test data "Relative Folder Path: "src/test/resources/testDataFiles/Schemas/Cancel_Policy_schema.json"".
2023-01-22 15:47:24.062 &amp#27;[32m INFO&amp#27;[m &amp#27;[35m[@503 - main]&amp#27;[m &amp#27;[36mcom.shaft.tools.io.ReportManager&amp#27;[m : File Action "DoesFileExist" successfully performed. With the following test data "File Path: "C:\eclipse-workspace\MyProjects\TASystemsAPIs\src\test\resources\testDataFiles\Schemas\Cancel_Policy_schema.json"".
2023-01-22 15:47:24.062 &amp#27;[32m INFO&amp#27;[m &amp#27;[35m[@503 - main]&amp#27;[m &amp#27;[36mcom.shaft.tools.io.ReportManager&amp#27;[m : File Action "GetAbsolutePath" successfully performed. With the following test data "Relative Folder Path: "C:\eclipse-workspace\MyProjects\TASystemsAPIs\src\test\resources\testDataFiles\Schemas\Cancel_Policy_schema.json"".
2023-01-22 15:47:24.063 &amp#27;[32m INFO&amp#27;[m &amp#27;[35m[@503 - main]&amp#27;[m &amp#27;[36mcom.shaft.tools.io.ReportManager&amp#27;[m : File Action "ReadFile" successfully performed. With the following test data "File Path: "C:\eclipse-workspace\MyProjects\TASystemsAPIs\src\test\resources\testDataFiles\Schemas\Cancel_Policy_schema.json"".
2023-01-22 15:47:24.064 &amp#27;[32m INFO&amp#27;[m &amp#27;[35m[@503 - main]&amp#27;[m &amp#27;[36mcom.shaft.tools.io.ReportManager&amp#27;[m : Successfully created attachment "Validation Test Data - Expected JSON Value"
2023-01-22 15:47:24.065 &amp#27;[32m INFO&amp#27;[m &amp#27;[35m[@503 - main]&amp#27;[m &amp#27;[36mcom.shaft.tools.io.ReportManager&amp#27;[m : Successfully created attachment "Validation Test Data - Actual JSON Value"
2023-01-22 15:47:24.067 &amp#27;[32m INFO&amp#27;[m &amp#27;[35m[@503 - main]&amp#27;[m &amp#27;[36mcom.shaft.tools.io.ReportManager&amp#27;[m : Successfully created attachment "SHAFT Engine Logs - Current Method log: Valid_Get_Cancel_Policy_TC"
]]></system-out>
  </testcase>
  <testcase name="Valid_Get_Cancel_Policy_TC[[Ljava.lang.Object;@3b135f1b](2)" classname="SteeringCompanyAPI_TestCases.Test_Policies_Cases" time="1.513">
    <system-out><![CDATA[2023-01-22 15:47:24.073 &amp#27;[32m INFO&amp#27;[m &amp#27;[35m[@534 - main]&amp#27;[m &amp#27;[36mcom.shaft.tools.io.ReportManager&amp#27;[m : 
################################################################################################################################################
Starting Execution:	"303 out of 70" test cases in the current suite
Test Method:		"SteeringCompanyAPI_TestCases.Test_Policies_Cases.Valid_Get_Cancel_Policy_TC"
Test Description:	"TC015 -Policy- Perform Get Valid Cancel Policy"
################################################################################################################################################
2023-01-22 15:47:24.073 &amp#27;[32m INFO&amp#27;[m &amp#27;[35m[@503 - main]&amp#27;[m &amp#27;[36mcom.shaft.tools.io.ReportManager&amp#27;[m : File Action "DoesFileExist" successfully performed. With the following test data "File Path: "SteeringCompanyAPI_TestData/SteeringCompanyAPI_TestData.xlsx"".
2023-01-22 15:47:24.124 &amp#27;[32m INFO&amp#27;[m &amp#27;[35m[@503 - main]&amp#27;[m &amp#27;[36mcom.shaft.tools.io.ReportManager&amp#27;[m : Successfully created attachment "Test Data - Excel"
2023-01-22 15:47:24.686 &amp#27;[32m INFO&amp#27;[m &amp#27;[35m[@503 - main]&amp#27;[m &amp#27;[36mcom.shaft.tools.io.ReportManager&amp#27;[m : Response status code: "200", status line: "HTTP/1.1 200 OK"
2023-01-22 15:47:24.705 &amp#27;[32m INFO&amp#27;[m &amp#27;[35m[@503 - main]&amp#27;[m &amp#27;[36mcom.shaft.tools.io.ReportManager&amp#27;[m : Successfully created attachment "API Request - Specifications"
2023-01-22 15:47:24.706 &amp#27;[32m INFO&amp#27;[m &amp#27;[35m[@503 - main]&amp#27;[m &amp#27;[36mcom.shaft.tools.io.ReportManager&amp#27;[m : Successfully created attachment "API Request - Body"
2023-01-22 15:47:24.707 &amp#27;[32m INFO&amp#27;[m &amp#27;[35m[@503 - main]&amp#27;[m &amp#27;[36mcom.shaft.tools.io.ReportManager&amp#27;[m : Successfully created attachment "API Response - JSON Body"
2023-01-22 15:47:24.719 &amp#27;[32m INFO&amp#27;[m &amp#27;[35m[@503 - main]&amp#27;[m &amp#27;[36mcom.shaft.tools.io.ReportManager&amp#27;[m : File Action "DoesFileExist" successfully performed. With the following test data "File Path: "SteeringCompanyAPI_TestData/SteeringCompanyAPI_TestData.xlsx"".
2023-01-22 15:47:24.764 &amp#27;[32m INFO&amp#27;[m &amp#27;[35m[@503 - main]&amp#27;[m &amp#27;[36mcom.shaft.tools.io.ReportManager&amp#27;[m : Successfully created attachment "Test Data - Excel"
2023-01-22 15:47:24.764 &amp#27;[32m INFO&amp#27;[m &amp#27;[35m[@503 - main]&amp#27;[m &amp#27;[36mcom.shaft.tools.io.ReportManager&amp#27;[m : File Action "DoesFileExist" successfully performed. With the following test data "File Path: "SteeringCompanyAPI_TestData/SteeringCompanyAPI_TestData.xlsx"".
2023-01-22 15:47:24.813 &amp#27;[32m INFO&amp#27;[m &amp#27;[35m[@503 - main]&amp#27;[m &amp#27;[36mcom.shaft.tools.io.ReportManager&amp#27;[m : Successfully created attachment "Test Data - Excel"
2023-01-22 15:47:24.814 &amp#27;[32m INFO&amp#27;[m &amp#27;[35m[@503 - main]&amp#27;[m &amp#27;[36mcom.shaft.tools.io.ReportManager&amp#27;[m : File Action "DoesFileExist" successfully performed. With the following test data "File Path: "SteeringCompanyAPI_TestData/SteeringCompanyAPI_TestData.xlsx"".
2023-01-22 15:47:24.862 &amp#27;[32m INFO&amp#27;[m &amp#27;[35m[@503 - main]&amp#27;[m &amp#27;[36mcom.shaft.tools.io.ReportManager&amp#27;[m : Successfully created attachment "Test Data - Excel"
2023-01-22 15:47:25.331 &amp#27;[32m INFO&amp#27;[m &amp#27;[35m[@503 - main]&amp#27;[m &amp#27;[36mcom.shaft.tools.io.ReportManager&amp#27;[m : Response status code: "200", status line: "HTTP/1.1 200 "
2023-01-22 15:47:25.346 &amp#27;[32m INFO&amp#27;[m &amp#27;[35m[@503 - main]&amp#27;[m &amp#27;[36mcom.shaft.tools.io.ReportManager&amp#27;[m : Successfully created attachment "API Request - Specifications"
2023-01-22 15:47:25.347 &amp#27;[32m INFO&amp#27;[m &amp#27;[35m[@503 - main]&amp#27;[m &amp#27;[36mcom.shaft.tools.io.ReportManager&amp#27;[m : Successfully created attachment "API Response - JSON Body"
2023-01-22 15:47:25.348 &amp#27;[32m INFO&amp#27;[m &amp#27;[35m[@503 - main]&amp#27;[m &amp#27;[36mcom.shaft.tools.io.ReportManager&amp#27;[m : File Action "DoesFileExist" successfully performed. With the following test data "File Path: "src/test/resources/testDataFiles/SteeringCompanyAPI_TestData/SteeringCompanyAPI_TestData.xlsx"".
2023-01-22 15:47:25.461 &amp#27;[32m INFO&amp#27;[m &amp#27;[35m[@503 - main]&amp#27;[m &amp#27;[36mcom.shaft.tools.io.ReportManager&amp#27;[m : File Action "DoesFileExist" successfully performed. With the following test data "File Path: "SteeringCompanyAPI_TestData/SteeringCompanyAPI_TestData.xlsx"".
2023-01-22 15:47:25.513 &amp#27;[32m INFO&amp#27;[m &amp#27;[35m[@503 - main]&amp#27;[m &amp#27;[36mcom.shaft.tools.io.ReportManager&amp#27;[m : Successfully created attachment "Test Data - Excel"
2023-01-22 15:47:25.513 &amp#27;[32m INFO&amp#27;[m &amp#27;[35m[@503 - main]&amp#27;[m &amp#27;[36mcom.shaft.tools.io.ReportManager&amp#27;[m : File Action "DoesFileExist" successfully performed. With the following test data "File Path: "SteeringCompanyAPI_TestData/SteeringCompanyAPI_TestData.xlsx"".
2023-01-22 15:47:25.561 &amp#27;[32m INFO&amp#27;[m &amp#27;[35m[@503 - main]&amp#27;[m &amp#27;[36mcom.shaft.tools.io.ReportManager&amp#27;[m : Successfully created attachment "Test Data - Excel"
2023-01-22 15:47:25.565 &amp#27;[32m INFO&amp#27;[m &amp#27;[35m[@503 - main]&amp#27;[m &amp#27;[36mcom.shaft.tools.io.ReportManager&amp#27;[m : File Action "DoesFileExist" successfully performed. With the following test data "File Path: "Schemas/Cancel_Policy_schema.json"".
2023-01-22 15:47:25.565 &amp#27;[32m INFO&amp#27;[m &amp#27;[35m[@503 - main]&amp#27;[m &amp#27;[36mcom.shaft.tools.io.ReportManager&amp#27;[m : File Action "DoesFileExist" successfully performed. With the following test data "File Path: "src/test/resources/testDataFiles/Schemas/Cancel_Policy_schema.json"".
2023-01-22 15:47:25.566 &amp#27;[32m INFO&amp#27;[m &amp#27;[35m[@503 - main]&amp#27;[m &amp#27;[36mcom.shaft.tools.io.ReportManager&amp#27;[m : File Action "GetAbsolutePath" successfully performed. With the following test data "Relative Folder Path: "src/test/resources/testDataFiles/Schemas/Cancel_Policy_schema.json"".
2023-01-22 15:47:25.570 &amp#27;[32m INFO&amp#27;[m &amp#27;[35m[@503 - main]&amp#27;[m &amp#27;[36mcom.shaft.tools.io.ReportManager&amp#27;[m : File Action "DoesFileExist" successfully performed. With the following test data "File Path: "C:\eclipse-workspace\MyProjects\TASystemsAPIs\src\test\resources\testDataFiles\Schemas\Cancel_Policy_schema.json"".
2023-01-22 15:47:25.570 &amp#27;[32m INFO&amp#27;[m &amp#27;[35m[@503 - main]&amp#27;[m &amp#27;[36mcom.shaft.tools.io.ReportManager&amp#27;[m : File Action "GetAbsolutePath" successfully performed. With the following test data "Relative Folder Path: "C:\eclipse-workspace\MyProjects\TASystemsAPIs\src\test\resources\testDataFiles\Schemas\Cancel_Policy_schema.json"".
2023-01-22 15:47:25.571 &amp#27;[32m INFO&amp#27;[m &amp#27;[35m[@503 - main]&amp#27;[m &amp#27;[36mcom.shaft.tools.io.ReportManager&amp#27;[m : File Action "ReadFile" successfully performed. With the following test data "File Path: "C:\eclipse-workspace\MyProjects\TASystemsAPIs\src\test\resources\testDataFiles\Schemas\Cancel_Policy_schema.json"".
2023-01-22 15:47:25.574 &amp#27;[32m INFO&amp#27;[m &amp#27;[35m[@503 - main]&amp#27;[m &amp#27;[36mcom.shaft.tools.io.ReportManager&amp#27;[m : Successfully created attachment "Validation Test Data - Expected JSON Value"
2023-01-22 15:47:25.576 &amp#27;[32m INFO&amp#27;[m &amp#27;[35m[@503 - main]&amp#27;[m &amp#27;[36mcom.shaft.tools.io.ReportManager&amp#27;[m : Successfully created attachment "Validation Test Data - Actual JSON Value"
2023-01-22 15:47:25.581 &amp#27;[32m INFO&amp#27;[m &amp#27;[35m[@503 - main]&amp#27;[m &amp#27;[36mcom.shaft.tools.io.ReportManager&amp#27;[m : Successfully created attachment "SHAFT Engine Logs - Current Method log: Valid_Get_Cancel_Policy_TC"
]]></system-out>
  </testcase>
  <testcase name="Valid_Get_General_Policy_TC[[Ljava.lang.Object;@557e8779](1)" classname="SteeringCompanyAPI_TestCases.Test_Policies_Cases" time="1.478">
    <system-out><![CDATA[2023-01-22 15:47:25.592 &amp#27;[32m INFO&amp#27;[m &amp#27;[35m[@534 - main]&amp#27;[m &amp#27;[36mcom.shaft.tools.io.ReportManager&amp#27;[m : 
################################################################################################################################################
Starting Execution:	"304 out of 70" test cases in the current suite
Test Method:		"SteeringCompanyAPI_TestCases.Test_Policies_Cases.Valid_Get_General_Policy_TC"
Test Description:	"TC019 -Policy- Perform Get Valid General Policy"
################################################################################################################################################
2023-01-22 15:47:25.593 &amp#27;[32m INFO&amp#27;[m &amp#27;[35m[@503 - main]&amp#27;[m &amp#27;[36mcom.shaft.tools.io.ReportManager&amp#27;[m : File Action "DoesFileExist" successfully performed. With the following test data "File Path: "SteeringCompanyAPI_TestData/SteeringCompanyAPI_TestData.xlsx"".
2023-01-22 15:47:25.645 &amp#27;[32m INFO&amp#27;[m &amp#27;[35m[@503 - main]&amp#27;[m &amp#27;[36mcom.shaft.tools.io.ReportManager&amp#27;[m : Successfully created attachment "Test Data - Excel"
2023-01-22 15:47:26.222 &amp#27;[32m INFO&amp#27;[m &amp#27;[35m[@503 - main]&amp#27;[m &amp#27;[36mcom.shaft.tools.io.ReportManager&amp#27;[m : Response status code: "200", status line: "HTTP/1.1 200 OK"
2023-01-22 15:47:26.241 &amp#27;[32m INFO&amp#27;[m &amp#27;[35m[@503 - main]&amp#27;[m &amp#27;[36mcom.shaft.tools.io.ReportManager&amp#27;[m : Successfully created attachment "API Request - Specifications"
2023-01-22 15:47:26.241 &amp#27;[32m INFO&amp#27;[m &amp#27;[35m[@503 - main]&amp#27;[m &amp#27;[36mcom.shaft.tools.io.ReportManager&amp#27;[m : Successfully created attachment "API Request - Body"
2023-01-22 15:47:26.242 &amp#27;[32m INFO&amp#27;[m &amp#27;[35m[@503 - main]&amp#27;[m &amp#27;[36mcom.shaft.tools.io.ReportManager&amp#27;[m : Successfully created attachment "API Response - JSON Body"
2023-01-22 15:47:26.261 &amp#27;[32m INFO&amp#27;[m &amp#27;[35m[@503 - main]&amp#27;[m &amp#27;[36mcom.shaft.tools.io.ReportManager&amp#27;[m : File Action "DoesFileExist" successfully performed. With the following test data "File Path: "SteeringCompanyAPI_TestData/SteeringCompanyAPI_TestData.xlsx"".
2023-01-22 15:47:26.300 &amp#27;[32m INFO&amp#27;[m &amp#27;[35m[@503 - main]&amp#27;[m &amp#27;[36mcom.shaft.tools.io.ReportManager&amp#27;[m : Successfully created attachment "Test Data - Excel"
2023-01-22 15:47:26.301 &amp#27;[32m INFO&amp#27;[m &amp#27;[35m[@503 - main]&amp#27;[m &amp#27;[36mcom.shaft.tools.io.ReportManager&amp#27;[m : File Action "DoesFileExist" successfully performed. With the following test data "File Path: "SteeringCompanyAPI_TestData/SteeringCompanyAPI_TestData.xlsx"".
2023-01-22 15:47:26.339 &amp#27;[32m INFO&amp#27;[m &amp#27;[35m[@503 - main]&amp#27;[m &amp#27;[36mcom.shaft.tools.io.ReportManager&amp#27;[m : Successfully created attachment "Test Data - Excel"
2023-01-22 15:47:26.339 &amp#27;[32m INFO&amp#27;[m &amp#27;[35m[@503 - main]&amp#27;[m &amp#27;[36mcom.shaft.tools.io.ReportManager&amp#27;[m : File Action "DoesFileExist" successfully performed. With the following test data "File Path: "SteeringCompanyAPI_TestData/SteeringCompanyAPI_TestData.xlsx"".
2023-01-22 15:47:26.386 &amp#27;[32m INFO&amp#27;[m &amp#27;[35m[@503 - main]&amp#27;[m &amp#27;[36mcom.shaft.tools.io.ReportManager&amp#27;[m : Successfully created attachment "Test Data - Excel"
2023-01-22 15:47:26.845 &amp#27;[32m INFO&amp#27;[m &amp#27;[35m[@503 - main]&amp#27;[m &amp#27;[36mcom.shaft.tools.io.ReportManager&amp#27;[m : Response status code: "200", status line: "HTTP/1.1 200 "
2023-01-22 15:47:26.861 &amp#27;[32m INFO&amp#27;[m &amp#27;[35m[@503 - main]&amp#27;[m &amp#27;[36mcom.shaft.tools.io.ReportManager&amp#27;[m : Successfully created attachment "API Request - Specifications"
2023-01-22 15:47:26.862 &amp#27;[32m INFO&amp#27;[m &amp#27;[35m[@503 - main]&amp#27;[m &amp#27;[36mcom.shaft.tools.io.ReportManager&amp#27;[m : Successfully created attachment "API Response - JSON Body"
2023-01-22 15:47:26.862 &amp#27;[32m INFO&amp#27;[m &amp#27;[35m[@503 - main]&amp#27;[m &amp#27;[36mcom.shaft.tools.io.ReportManager&amp#27;[m : File Action "DoesFileExist" successfully performed. With the following test data "File Path: "src/test/resources/testDataFiles/SteeringCompanyAPI_TestData/SteeringCompanyAPI_TestData.xlsx"".
2023-01-22 15:47:26.970 &amp#27;[32m INFO&amp#27;[m &amp#27;[35m[@503 - main]&amp#27;[m &amp#27;[36mcom.shaft.tools.io.ReportManager&amp#27;[m : File Action "DoesFileExist" successfully performed. With the following test data "File Path: "SteeringCompanyAPI_TestData/SteeringCompanyAPI_TestData.xlsx"".
2023-01-22 15:47:27.023 &amp#27;[32m INFO&amp#27;[m &amp#27;[35m[@503 - main]&amp#27;[m &amp#27;[36mcom.shaft.tools.io.ReportManager&amp#27;[m : Successfully created attachment "Test Data - Excel"
2023-01-22 15:47:27.023 &amp#27;[32m INFO&amp#27;[m &amp#27;[35m[@503 - main]&amp#27;[m &amp#27;[36mcom.shaft.tools.io.ReportManager&amp#27;[m : File Action "DoesFileExist" successfully performed. With the following test data "File Path: "SteeringCompanyAPI_TestData/SteeringCompanyAPI_TestData.xlsx"".
2023-01-22 15:47:27.059 &amp#27;[32m INFO&amp#27;[m &amp#27;[35m[@503 - main]&amp#27;[m &amp#27;[36mcom.shaft.tools.io.ReportManager&amp#27;[m : Successfully created attachment "Test Data - Excel"
2023-01-22 15:47:27.061 &amp#27;[32m INFO&amp#27;[m &amp#27;[35m[@503 - main]&amp#27;[m &amp#27;[36mcom.shaft.tools.io.ReportManager&amp#27;[m : File Action "DoesFileExist" successfully performed. With the following test data "File Path: "Schemas/General_Policy_schema.json"".
2023-01-22 15:47:27.061 &amp#27;[32m INFO&amp#27;[m &amp#27;[35m[@503 - main]&amp#27;[m &amp#27;[36mcom.shaft.tools.io.ReportManager&amp#27;[m : File Action "DoesFileExist" successfully performed. With the following test data "File Path: "src/test/resources/testDataFiles/Schemas/General_Policy_schema.json"".
2023-01-22 15:47:27.061 &amp#27;[32m INFO&amp#27;[m &amp#27;[35m[@503 - main]&amp#27;[m &amp#27;[36mcom.shaft.tools.io.ReportManager&amp#27;[m : File Action "GetAbsolutePath" successfully performed. With the following test data "Relative Folder Path: "src/test/resources/testDataFiles/Schemas/General_Policy_schema.json"".
2023-01-22 15:47:27.063 &amp#27;[32m INFO&amp#27;[m &amp#27;[35m[@503 - main]&amp#27;[m &amp#27;[36mcom.shaft.tools.io.ReportManager&amp#27;[m : File Action "DoesFileExist" successfully performed. With the following test data "File Path: "C:\eclipse-workspace\MyProjects\TASystemsAPIs\src\test\resources\testDataFiles\Schemas\General_Policy_schema.json"".
2023-01-22 15:47:27.063 &amp#27;[32m INFO&amp#27;[m &amp#27;[35m[@503 - main]&amp#27;[m &amp#27;[36mcom.shaft.tools.io.ReportManager&amp#27;[m : File Action "GetAbsolutePath" successfully performed. With the following test data "Relative Folder Path: "C:\eclipse-workspace\MyProjects\TASystemsAPIs\src\test\resources\testDataFiles\Schemas\General_Policy_schema.json"".
2023-01-22 15:47:27.064 &amp#27;[32m INFO&amp#27;[m &amp#27;[35m[@503 - main]&amp#27;[m &amp#27;[36mcom.shaft.tools.io.ReportManager&amp#27;[m : File Action "ReadFile" successfully performed. With the following test data "File Path: "C:\eclipse-workspace\MyProjects\TASystemsAPIs\src\test\resources\testDataFiles\Schemas\General_Policy_schema.json"".
2023-01-22 15:47:27.065 &amp#27;[32m INFO&amp#27;[m &amp#27;[35m[@503 - main]&amp#27;[m &amp#27;[36mcom.shaft.tools.io.ReportManager&amp#27;[m : Successfully created attachment "Validation Test Data - Expected JSON Value"
2023-01-22 15:47:27.065 &amp#27;[32m INFO&amp#27;[m &amp#27;[35m[@503 - main]&amp#27;[m &amp#27;[36mcom.shaft.tools.io.ReportManager&amp#27;[m : Successfully created attachment "Validation Test Data - Actual JSON Value"
2023-01-22 15:47:27.067 &amp#27;[32m INFO&amp#27;[m &amp#27;[35m[@503 - main]&amp#27;[m &amp#27;[36mcom.shaft.tools.io.ReportManager&amp#27;[m : Successfully created attachment "SHAFT Engine Logs - Current Method log: Valid_Get_General_Policy_TC"
]]></system-out>
  </testcase>
  <testcase name="Valid_Get_General_Policy_TC[[Ljava.lang.Object;@313c8e06](2)" classname="SteeringCompanyAPI_TestCases.Test_Policies_Cases" time="1.621">
    <system-out><![CDATA[2023-01-22 15:47:27.070 &amp#27;[32m INFO&amp#27;[m &amp#27;[35m[@534 - main]&amp#27;[m &amp#27;[36mcom.shaft.tools.io.ReportManager&amp#27;[m : 
################################################################################################################################################
Starting Execution:	"305 out of 70" test cases in the current suite
Test Method:		"SteeringCompanyAPI_TestCases.Test_Policies_Cases.Valid_Get_General_Policy_TC"
Test Description:	"TC019 -Policy- Perform Get Valid General Policy"
################################################################################################################################################
2023-01-22 15:47:27.070 &amp#27;[32m INFO&amp#27;[m &amp#27;[35m[@503 - main]&amp#27;[m &amp#27;[36mcom.shaft.tools.io.ReportManager&amp#27;[m : File Action "DoesFileExist" successfully performed. With the following test data "File Path: "SteeringCompanyAPI_TestData/SteeringCompanyAPI_TestData.xlsx"".
2023-01-22 15:47:27.135 &amp#27;[32m INFO&amp#27;[m &amp#27;[35m[@503 - main]&amp#27;[m &amp#27;[36mcom.shaft.tools.io.ReportManager&amp#27;[m : Successfully created attachment "Test Data - Excel"
2023-01-22 15:47:27.730 &amp#27;[32m INFO&amp#27;[m &amp#27;[35m[@503 - main]&amp#27;[m &amp#27;[36mcom.shaft.tools.io.ReportManager&amp#27;[m : Response status code: "200", status line: "HTTP/1.1 200 OK"
2023-01-22 15:47:27.750 &amp#27;[32m INFO&amp#27;[m &amp#27;[35m[@503 - main]&amp#27;[m &amp#27;[36mcom.shaft.tools.io.ReportManager&amp#27;[m : Successfully created attachment "API Request - Specifications"
2023-01-22 15:47:27.751 &amp#27;[32m INFO&amp#27;[m &amp#27;[35m[@503 - main]&amp#27;[m &amp#27;[36mcom.shaft.tools.io.ReportManager&amp#27;[m : Successfully created attachment "API Request - Body"
2023-01-22 15:47:27.752 &amp#27;[32m INFO&amp#27;[m &amp#27;[35m[@503 - main]&amp#27;[m &amp#27;[36mcom.shaft.tools.io.ReportManager&amp#27;[m : Successfully created attachment "API Response - JSON Body"
2023-01-22 15:47:27.762 &amp#27;[32m INFO&amp#27;[m &amp#27;[35m[@503 - main]&amp#27;[m &amp#27;[36mcom.shaft.tools.io.ReportManager&amp#27;[m : File Action "DoesFileExist" successfully performed. With the following test data "File Path: "SteeringCompanyAPI_TestData/SteeringCompanyAPI_TestData.xlsx"".
2023-01-22 15:47:27.837 &amp#27;[32m INFO&amp#27;[m &amp#27;[35m[@503 - main]&amp#27;[m &amp#27;[36mcom.shaft.tools.io.ReportManager&amp#27;[m : Successfully created attachment "Test Data - Excel"
2023-01-22 15:47:27.837 &amp#27;[32m INFO&amp#27;[m &amp#27;[35m[@503 - main]&amp#27;[m &amp#27;[36mcom.shaft.tools.io.ReportManager&amp#27;[m : File Action "DoesFileExist" successfully performed. With the following test data "File Path: "SteeringCompanyAPI_TestData/SteeringCompanyAPI_TestData.xlsx"".
2023-01-22 15:47:27.897 &amp#27;[32m INFO&amp#27;[m &amp#27;[35m[@503 - main]&amp#27;[m &amp#27;[36mcom.shaft.tools.io.ReportManager&amp#27;[m : Successfully created attachment "Test Data - Excel"
2023-01-22 15:47:27.898 &amp#27;[32m INFO&amp#27;[m &amp#27;[35m[@503 - main]&amp#27;[m &amp#27;[36mcom.shaft.tools.io.ReportManager&amp#27;[m : File Action "DoesFileExist" successfully performed. With the following test data "File Path: "SteeringCompanyAPI_TestData/SteeringCompanyAPI_TestData.xlsx"".
2023-01-22 15:47:27.979 &amp#27;[32m INFO&amp#27;[m &amp#27;[35m[@503 - main]&amp#27;[m &amp#27;[36mcom.shaft.tools.io.ReportManager&amp#27;[m : Successfully created attachment "Test Data - Excel"
2023-01-22 15:47:28.446 &amp#27;[32m INFO&amp#27;[m &amp#27;[35m[@503 - main]&amp#27;[m &amp#27;[36mcom.shaft.tools.io.ReportManager&amp#27;[m : Response status code: "200", status line: "HTTP/1.1 200 "
2023-01-22 15:47:28.461 &amp#27;[32m INFO&amp#27;[m &amp#27;[35m[@503 - main]&amp#27;[m &amp#27;[36mcom.shaft.tools.io.ReportManager&amp#27;[m : Successfully created attachment "API Request - Specifications"
2023-01-22 15:47:28.463 &amp#27;[32m INFO&amp#27;[m &amp#27;[35m[@503 - main]&amp#27;[m &amp#27;[36mcom.shaft.tools.io.ReportManager&amp#27;[m : Successfully created attachment "API Response - JSON Body"
2023-01-22 15:47:28.463 &amp#27;[32m INFO&amp#27;[m &amp#27;[35m[@503 - main]&amp#27;[m &amp#27;[36mcom.shaft.tools.io.ReportManager&amp#27;[m : File Action "DoesFileExist" successfully performed. With the following test data "File Path: "src/test/resources/testDataFiles/SteeringCompanyAPI_TestData/SteeringCompanyAPI_TestData.xlsx"".
2023-01-22 15:47:28.577 &amp#27;[32m INFO&amp#27;[m &amp#27;[35m[@503 - main]&amp#27;[m &amp#27;[36mcom.shaft.tools.io.ReportManager&amp#27;[m : File Action "DoesFileExist" successfully performed. With the following test data "File Path: "SteeringCompanyAPI_TestData/SteeringCompanyAPI_TestData.xlsx"".
2023-01-22 15:47:28.620 &amp#27;[32m INFO&amp#27;[m &amp#27;[35m[@503 - main]&amp#27;[m &amp#27;[36mcom.shaft.tools.io.ReportManager&amp#27;[m : Successfully created attachment "Test Data - Excel"
2023-01-22 15:47:28.620 &amp#27;[32m INFO&amp#27;[m &amp#27;[35m[@503 - main]&amp#27;[m &amp#27;[36mcom.shaft.tools.io.ReportManager&amp#27;[m : File Action "DoesFileExist" successfully performed. With the following test data "File Path: "SteeringCompanyAPI_TestData/SteeringCompanyAPI_TestData.xlsx"".
2023-01-22 15:47:28.675 &amp#27;[32m INFO&amp#27;[m &amp#27;[35m[@503 - main]&amp#27;[m &amp#27;[36mcom.shaft.tools.io.ReportManager&amp#27;[m : Successfully created attachment "Test Data - Excel"
2023-01-22 15:47:28.675 &amp#27;[32m INFO&amp#27;[m &amp#27;[35m[@503 - main]&amp#27;[m &amp#27;[36mcom.shaft.tools.io.ReportManager&amp#27;[m : File Action "DoesFileExist" successfully performed. With the following test data "File Path: "Schemas/General_Policy_schema.json"".
2023-01-22 15:47:28.676 &amp#27;[32m INFO&amp#27;[m &amp#27;[35m[@503 - main]&amp#27;[m &amp#27;[36mcom.shaft.tools.io.ReportManager&amp#27;[m : File Action "DoesFileExist" successfully performed. With the following test data "File Path: "src/test/resources/testDataFiles/Schemas/General_Policy_schema.json"".
2023-01-22 15:47:28.676 &amp#27;[32m INFO&amp#27;[m &amp#27;[35m[@503 - main]&amp#27;[m &amp#27;[36mcom.shaft.tools.io.ReportManager&amp#27;[m : File Action "GetAbsolutePath" successfully performed. With the following test data "Relative Folder Path: "src/test/resources/testDataFiles/Schemas/General_Policy_schema.json"".
2023-01-22 15:47:28.679 &amp#27;[32m INFO&amp#27;[m &amp#27;[35m[@503 - main]&amp#27;[m &amp#27;[36mcom.shaft.tools.io.ReportManager&amp#27;[m : File Action "DoesFileExist" successfully performed. With the following test data "File Path: "C:\eclipse-workspace\MyProjects\TASystemsAPIs\src\test\resources\testDataFiles\Schemas\General_Policy_schema.json"".
2023-01-22 15:47:28.680 &amp#27;[32m INFO&amp#27;[m &amp#27;[35m[@503 - main]&amp#27;[m &amp#27;[36mcom.shaft.tools.io.ReportManager&amp#27;[m : File Action "GetAbsolutePath" successfully performed. With the following test data "Relative Folder Path: "C:\eclipse-workspace\MyProjects\TASystemsAPIs\src\test\resources\testDataFiles\Schemas\General_Policy_schema.json"".
2023-01-22 15:47:28.680 &amp#27;[32m INFO&amp#27;[m &amp#27;[35m[@503 - main]&amp#27;[m &amp#27;[36mcom.shaft.tools.io.ReportManager&amp#27;[m : File Action "ReadFile" successfully performed. With the following test data "File Path: "C:\eclipse-workspace\MyProjects\TASystemsAPIs\src\test\resources\testDataFiles\Schemas\General_Policy_schema.json"".
2023-01-22 15:47:28.683 &amp#27;[32m INFO&amp#27;[m &amp#27;[35m[@503 - main]&amp#27;[m &amp#27;[36mcom.shaft.tools.io.ReportManager&amp#27;[m : Successfully created attachment "Validation Test Data - Expected JSON Value"
2023-01-22 15:47:28.685 &amp#27;[32m INFO&amp#27;[m &amp#27;[35m[@503 - main]&amp#27;[m &amp#27;[36mcom.shaft.tools.io.ReportManager&amp#27;[m : Successfully created attachment "Validation Test Data - Actual JSON Value"
2023-01-22 15:47:28.686 &amp#27;[32m INFO&amp#27;[m &amp#27;[35m[@503 - main]&amp#27;[m &amp#27;[36mcom.shaft.tools.io.ReportManager&amp#27;[m : Successfully created attachment "SHAFT Engine Logs - Current Method log: Valid_Get_General_Policy_TC"
]]></system-out>
  </testcase>
  <testcase name="Valid_Get_Payment_Policy_TC[[Ljava.lang.Object;@37973b49](1)" classname="SteeringCompanyAPI_TestCases.Test_Policies_Cases" time="1.575">
    <system-out><![CDATA[2023-01-22 15:47:28.695 &amp#27;[32m INFO&amp#27;[m &amp#27;[35m[@534 - main]&amp#27;[m &amp#27;[36mcom.shaft.tools.io.ReportManager&amp#27;[m : 
################################################################################################################################################
Starting Execution:	"306 out of 70" test cases in the current suite
Test Method:		"SteeringCompanyAPI_TestCases.Test_Policies_Cases.Valid_Get_Payment_Policy_TC"
Test Description:	"TC018 -Policy- Perform Get Valid Payment Policy"
################################################################################################################################################
2023-01-22 15:47:28.696 &amp#27;[32m INFO&amp#27;[m &amp#27;[35m[@503 - main]&amp#27;[m &amp#27;[36mcom.shaft.tools.io.ReportManager&amp#27;[m : File Action "DoesFileExist" successfully performed. With the following test data "File Path: "SteeringCompanyAPI_TestData/SteeringCompanyAPI_TestData.xlsx"".
2023-01-22 15:47:28.746 &amp#27;[32m INFO&amp#27;[m &amp#27;[35m[@503 - main]&amp#27;[m &amp#27;[36mcom.shaft.tools.io.ReportManager&amp#27;[m : Successfully created attachment "Test Data - Excel"
2023-01-22 15:47:29.330 &amp#27;[32m INFO&amp#27;[m &amp#27;[35m[@503 - main]&amp#27;[m &amp#27;[36mcom.shaft.tools.io.ReportManager&amp#27;[m : Response status code: "200", status line: "HTTP/1.1 200 OK"
2023-01-22 15:47:29.347 &amp#27;[32m INFO&amp#27;[m &amp#27;[35m[@503 - main]&amp#27;[m &amp#27;[36mcom.shaft.tools.io.ReportManager&amp#27;[m : Successfully created attachment "API Request - Specifications"
2023-01-22 15:47:29.350 &amp#27;[32m INFO&amp#27;[m &amp#27;[35m[@503 - main]&amp#27;[m &amp#27;[36mcom.shaft.tools.io.ReportManager&amp#27;[m : Successfully created attachment "API Request - Body"
2023-01-22 15:47:29.351 &amp#27;[32m INFO&amp#27;[m &amp#27;[35m[@503 - main]&amp#27;[m &amp#27;[36mcom.shaft.tools.io.ReportManager&amp#27;[m : Successfully created attachment "API Response - JSON Body"
2023-01-22 15:47:29.364 &amp#27;[32m INFO&amp#27;[m &amp#27;[35m[@503 - main]&amp#27;[m &amp#27;[36mcom.shaft.tools.io.ReportManager&amp#27;[m : File Action "DoesFileExist" successfully performed. With the following test data "File Path: "SteeringCompanyAPI_TestData/SteeringCompanyAPI_TestData.xlsx"".
2023-01-22 15:47:29.428 &amp#27;[32m INFO&amp#27;[m &amp#27;[35m[@503 - main]&amp#27;[m &amp#27;[36mcom.shaft.tools.io.ReportManager&amp#27;[m : Successfully created attachment "Test Data - Excel"
2023-01-22 15:47:29.429 &amp#27;[32m INFO&amp#27;[m &amp#27;[35m[@503 - main]&amp#27;[m &amp#27;[36mcom.shaft.tools.io.ReportManager&amp#27;[m : File Action "DoesFileExist" successfully performed. With the following test data "File Path: "SteeringCompanyAPI_TestData/SteeringCompanyAPI_TestData.xlsx"".
2023-01-22 15:47:29.480 &amp#27;[32m INFO&amp#27;[m &amp#27;[35m[@503 - main]&amp#27;[m &amp#27;[36mcom.shaft.tools.io.ReportManager&amp#27;[m : Successfully created attachment "Test Data - Excel"
2023-01-22 15:47:29.481 &amp#27;[32m INFO&amp#27;[m &amp#27;[35m[@503 - main]&amp#27;[m &amp#27;[36mcom.shaft.tools.io.ReportManager&amp#27;[m : File Action "DoesFileExist" successfully performed. With the following test data "File Path: "SteeringCompanyAPI_TestData/SteeringCompanyAPI_TestData.xlsx"".
2023-01-22 15:47:29.537 &amp#27;[32m INFO&amp#27;[m &amp#27;[35m[@503 - main]&amp#27;[m &amp#27;[36mcom.shaft.tools.io.ReportManager&amp#27;[m : Successfully created attachment "Test Data - Excel"
2023-01-22 15:47:30.005 &amp#27;[32m INFO&amp#27;[m &amp#27;[35m[@503 - main]&amp#27;[m &amp#27;[36mcom.shaft.tools.io.ReportManager&amp#27;[m : Response status code: "200", status line: "HTTP/1.1 200 "
2023-01-22 15:47:30.020 &amp#27;[32m INFO&amp#27;[m &amp#27;[35m[@503 - main]&amp#27;[m &amp#27;[36mcom.shaft.tools.io.ReportManager&amp#27;[m : Successfully created attachment "API Request - Specifications"
2023-01-22 15:47:30.020 &amp#27;[32m INFO&amp#27;[m &amp#27;[35m[@503 - main]&amp#27;[m &amp#27;[36mcom.shaft.tools.io.ReportManager&amp#27;[m : Successfully created attachment "API Response - JSON Body"
2023-01-22 15:47:30.021 &amp#27;[32m INFO&amp#27;[m &amp#27;[35m[@503 - main]&amp#27;[m &amp#27;[36mcom.shaft.tools.io.ReportManager&amp#27;[m : File Action "DoesFileExist" successfully performed. With the following test data "File Path: "src/test/resources/testDataFiles/SteeringCompanyAPI_TestData/SteeringCompanyAPI_TestData.xlsx"".
2023-01-22 15:47:30.161 &amp#27;[32m INFO&amp#27;[m &amp#27;[35m[@503 - main]&amp#27;[m &amp#27;[36mcom.shaft.tools.io.ReportManager&amp#27;[m : File Action "DoesFileExist" successfully performed. With the following test data "File Path: "SteeringCompanyAPI_TestData/SteeringCompanyAPI_TestData.xlsx"".
2023-01-22 15:47:30.204 &amp#27;[32m INFO&amp#27;[m &amp#27;[35m[@503 - main]&amp#27;[m &amp#27;[36mcom.shaft.tools.io.ReportManager&amp#27;[m : Successfully created attachment "Test Data - Excel"
2023-01-22 15:47:30.204 &amp#27;[32m INFO&amp#27;[m &amp#27;[35m[@503 - main]&amp#27;[m &amp#27;[36mcom.shaft.tools.io.ReportManager&amp#27;[m : File Action "DoesFileExist" successfully performed. With the following test data "File Path: "SteeringCompanyAPI_TestData/SteeringCompanyAPI_TestData.xlsx"".
2023-01-22 15:47:30.251 &amp#27;[32m INFO&amp#27;[m &amp#27;[35m[@503 - main]&amp#27;[m &amp#27;[36mcom.shaft.tools.io.ReportManager&amp#27;[m : Successfully created attachment "Test Data - Excel"
2023-01-22 15:47:30.254 &amp#27;[32m INFO&amp#27;[m &amp#27;[35m[@503 - main]&amp#27;[m &amp#27;[36mcom.shaft.tools.io.ReportManager&amp#27;[m : File Action "DoesFileExist" successfully performed. With the following test data "File Path: "Schemas/Payment_Policy_schema.json"".
2023-01-22 15:47:30.255 &amp#27;[32m INFO&amp#27;[m &amp#27;[35m[@503 - main]&amp#27;[m &amp#27;[36mcom.shaft.tools.io.ReportManager&amp#27;[m : File Action "DoesFileExist" successfully performed. With the following test data "File Path: "src/test/resources/testDataFiles/Schemas/Payment_Policy_schema.json"".
2023-01-22 15:47:30.255 &amp#27;[32m INFO&amp#27;[m &amp#27;[35m[@503 - main]&amp#27;[m &amp#27;[36mcom.shaft.tools.io.ReportManager&amp#27;[m : File Action "GetAbsolutePath" successfully performed. With the following test data "Relative Folder Path: "src/test/resources/testDataFiles/Schemas/Payment_Policy_schema.json"".
2023-01-22 15:47:30.260 &amp#27;[32m INFO&amp#27;[m &amp#27;[35m[@503 - main]&amp#27;[m &amp#27;[36mcom.shaft.tools.io.ReportManager&amp#27;[m : File Action "DoesFileExist" successfully performed. With the following test data "File Path: "C:\eclipse-workspace\MyProjects\TASystemsAPIs\src\test\resources\testDataFiles\Schemas\Payment_Policy_schema.json"".
2023-01-22 15:47:30.262 &amp#27;[32m INFO&amp#27;[m &amp#27;[35m[@503 - main]&amp#27;[m &amp#27;[36mcom.shaft.tools.io.ReportManager&amp#27;[m : File Action "GetAbsolutePath" successfully performed. With the following test data "Relative Folder Path: "C:\eclipse-workspace\MyProjects\TASystemsAPIs\src\test\resources\testDataFiles\Schemas\Payment_Policy_schema.json"".
2023-01-22 15:47:30.262 &amp#27;[32m INFO&amp#27;[m &amp#27;[35m[@503 - main]&amp#27;[m &amp#27;[36mcom.shaft.tools.io.ReportManager&amp#27;[m : File Action "ReadFile" successfully performed. With the following test data "File Path: "C:\eclipse-workspace\MyProjects\TASystemsAPIs\src\test\resources\testDataFiles\Schemas\Payment_Policy_schema.json"".
2023-01-22 15:47:30.265 &amp#27;[32m INFO&amp#27;[m &amp#27;[35m[@503 - main]&amp#27;[m &amp#27;[36mcom.shaft.tools.io.ReportManager&amp#27;[m : Successfully created attachment "Validation Test Data - Expected JSON Value"
2023-01-22 15:47:30.265 &amp#27;[32m INFO&amp#27;[m &amp#27;[35m[@503 - main]&amp#27;[m &amp#27;[36mcom.shaft.tools.io.ReportManager&amp#27;[m : Successfully created attachment "Validation Test Data - Actual JSON Value"
2023-01-22 15:47:30.266 &amp#27;[32m INFO&amp#27;[m &amp#27;[35m[@503 - main]&amp#27;[m &amp#27;[36mcom.shaft.tools.io.ReportManager&amp#27;[m : Successfully created attachment "SHAFT Engine Logs - Current Method log: Valid_Get_Payment_Policy_TC"
]]></system-out>
  </testcase>
  <testcase name="Valid_Get_Payment_Policy_TC[[Ljava.lang.Object;@721e66e6](2)" classname="SteeringCompanyAPI_TestCases.Test_Policies_Cases" time="1.565">
    <system-out><![CDATA[2023-01-22 15:47:30.271 &amp#27;[32m INFO&amp#27;[m &amp#27;[35m[@534 - main]&amp#27;[m &amp#27;[36mcom.shaft.tools.io.ReportManager&amp#27;[m : 
################################################################################################################################################
Starting Execution:	"307 out of 70" test cases in the current suite
Test Method:		"SteeringCompanyAPI_TestCases.Test_Policies_Cases.Valid_Get_Payment_Policy_TC"
Test Description:	"TC018 -Policy- Perform Get Valid Payment Policy"
################################################################################################################################################
2023-01-22 15:47:30.271 &amp#27;[32m INFO&amp#27;[m &amp#27;[35m[@503 - main]&amp#27;[m &amp#27;[36mcom.shaft.tools.io.ReportManager&amp#27;[m : File Action "DoesFileExist" successfully performed. With the following test data "File Path: "SteeringCompanyAPI_TestData/SteeringCompanyAPI_TestData.xlsx"".
2023-01-22 15:47:30.307 &amp#27;[32m INFO&amp#27;[m &amp#27;[35m[@503 - main]&amp#27;[m &amp#27;[36mcom.shaft.tools.io.ReportManager&amp#27;[m : Successfully created attachment "Test Data - Excel"
2023-01-22 15:47:30.914 &amp#27;[32m INFO&amp#27;[m &amp#27;[35m[@503 - main]&amp#27;[m &amp#27;[36mcom.shaft.tools.io.ReportManager&amp#27;[m : Response status code: "200", status line: "HTTP/1.1 200 OK"
2023-01-22 15:47:30.927 &amp#27;[32m INFO&amp#27;[m &amp#27;[35m[@503 - main]&amp#27;[m &amp#27;[36mcom.shaft.tools.io.ReportManager&amp#27;[m : Successfully created attachment "API Request - Specifications"
2023-01-22 15:47:30.930 &amp#27;[32m INFO&amp#27;[m &amp#27;[35m[@503 - main]&amp#27;[m &amp#27;[36mcom.shaft.tools.io.ReportManager&amp#27;[m : Successfully created attachment "API Request - Body"
2023-01-22 15:47:30.931 &amp#27;[32m INFO&amp#27;[m &amp#27;[35m[@503 - main]&amp#27;[m &amp#27;[36mcom.shaft.tools.io.ReportManager&amp#27;[m : Successfully created attachment "API Response - JSON Body"
2023-01-22 15:47:30.950 &amp#27;[32m INFO&amp#27;[m &amp#27;[35m[@503 - main]&amp#27;[m &amp#27;[36mcom.shaft.tools.io.ReportManager&amp#27;[m : File Action "DoesFileExist" successfully performed. With the following test data "File Path: "SteeringCompanyAPI_TestData/SteeringCompanyAPI_TestData.xlsx"".
2023-01-22 15:47:30.996 &amp#27;[32m INFO&amp#27;[m &amp#27;[35m[@503 - main]&amp#27;[m &amp#27;[36mcom.shaft.tools.io.ReportManager&amp#27;[m : Successfully created attachment "Test Data - Excel"
2023-01-22 15:47:30.996 &amp#27;[32m INFO&amp#27;[m &amp#27;[35m[@503 - main]&amp#27;[m &amp#27;[36mcom.shaft.tools.io.ReportManager&amp#27;[m : File Action "DoesFileExist" successfully performed. With the following test data "File Path: "SteeringCompanyAPI_TestData/SteeringCompanyAPI_TestData.xlsx"".
2023-01-22 15:47:31.048 &amp#27;[32m INFO&amp#27;[m &amp#27;[35m[@503 - main]&amp#27;[m &amp#27;[36mcom.shaft.tools.io.ReportManager&amp#27;[m : Successfully created attachment "Test Data - Excel"
2023-01-22 15:47:31.048 &amp#27;[32m INFO&amp#27;[m &amp#27;[35m[@503 - main]&amp#27;[m &amp#27;[36mcom.shaft.tools.io.ReportManager&amp#27;[m : File Action "DoesFileExist" successfully performed. With the following test data "File Path: "SteeringCompanyAPI_TestData/SteeringCompanyAPI_TestData.xlsx"".
2023-01-22 15:47:31.100 &amp#27;[32m INFO&amp#27;[m &amp#27;[35m[@503 - main]&amp#27;[m &amp#27;[36mcom.shaft.tools.io.ReportManager&amp#27;[m : Successfully created attachment "Test Data - Excel"
2023-01-22 15:47:31.555 &amp#27;[32m INFO&amp#27;[m &amp#27;[35m[@503 - main]&amp#27;[m &amp#27;[36mcom.shaft.tools.io.ReportManager&amp#27;[m : Response status code: "200", status line: "HTTP/1.1 200 "
2023-01-22 15:47:31.572 &amp#27;[32m INFO&amp#27;[m &amp#27;[35m[@503 - main]&amp#27;[m &amp#27;[36mcom.shaft.tools.io.ReportManager&amp#27;[m : Successfully created attachment "API Request - Specifications"
2023-01-22 15:47:31.573 &amp#27;[32m INFO&amp#27;[m &amp#27;[35m[@503 - main]&amp#27;[m &amp#27;[36mcom.shaft.tools.io.ReportManager&amp#27;[m : Successfully created attachment "API Response - JSON Body"
2023-01-22 15:47:31.573 &amp#27;[32m INFO&amp#27;[m &amp#27;[35m[@503 - main]&amp#27;[m &amp#27;[36mcom.shaft.tools.io.ReportManager&amp#27;[m : File Action "DoesFileExist" successfully performed. With the following test data "File Path: "src/test/resources/testDataFiles/SteeringCompanyAPI_TestData/SteeringCompanyAPI_TestData.xlsx"".
2023-01-22 15:47:31.714 &amp#27;[32m INFO&amp#27;[m &amp#27;[35m[@503 - main]&amp#27;[m &amp#27;[36mcom.shaft.tools.io.ReportManager&amp#27;[m : File Action "DoesFileExist" successfully performed. With the following test data "File Path: "SteeringCompanyAPI_TestData/SteeringCompanyAPI_TestData.xlsx"".
2023-01-22 15:47:31.764 &amp#27;[32m INFO&amp#27;[m &amp#27;[35m[@503 - main]&amp#27;[m &amp#27;[36mcom.shaft.tools.io.ReportManager&amp#27;[m : Successfully created attachment "Test Data - Excel"
2023-01-22 15:47:31.764 &amp#27;[32m INFO&amp#27;[m &amp#27;[35m[@503 - main]&amp#27;[m &amp#27;[36mcom.shaft.tools.io.ReportManager&amp#27;[m : File Action "DoesFileExist" successfully performed. With the following test data "File Path: "SteeringCompanyAPI_TestData/SteeringCompanyAPI_TestData.xlsx"".
2023-01-22 15:47:31.820 &amp#27;[32m INFO&amp#27;[m &amp#27;[35m[@503 - main]&amp#27;[m &amp#27;[36mcom.shaft.tools.io.ReportManager&amp#27;[m : Successfully created attachment "Test Data - Excel"
2023-01-22 15:47:31.821 &amp#27;[32m INFO&amp#27;[m &amp#27;[35m[@503 - main]&amp#27;[m &amp#27;[36mcom.shaft.tools.io.ReportManager&amp#27;[m : File Action "DoesFileExist" successfully performed. With the following test data "File Path: "Schemas/Payment_Policy_schema.json"".
2023-01-22 15:47:31.822 &amp#27;[32m INFO&amp#27;[m &amp#27;[35m[@503 - main]&amp#27;[m &amp#27;[36mcom.shaft.tools.io.ReportManager&amp#27;[m : File Action "DoesFileExist" successfully performed. With the following test data "File Path: "src/test/resources/testDataFiles/Schemas/Payment_Policy_schema.json"".
2023-01-22 15:47:31.822 &amp#27;[32m INFO&amp#27;[m &amp#27;[35m[@503 - main]&amp#27;[m &amp#27;[36mcom.shaft.tools.io.ReportManager&amp#27;[m : File Action "GetAbsolutePath" successfully performed. With the following test data "Relative Folder Path: "src/test/resources/testDataFiles/Schemas/Payment_Policy_schema.json"".
2023-01-22 15:47:31.826 &amp#27;[32m INFO&amp#27;[m &amp#27;[35m[@503 - main]&amp#27;[m &amp#27;[36mcom.shaft.tools.io.ReportManager&amp#27;[m : File Action "DoesFileExist" successfully performed. With the following test data "File Path: "C:\eclipse-workspace\MyProjects\TASystemsAPIs\src\test\resources\testDataFiles\Schemas\Payment_Policy_schema.json"".
2023-01-22 15:47:31.826 &amp#27;[32m INFO&amp#27;[m &amp#27;[35m[@503 - main]&amp#27;[m &amp#27;[36mcom.shaft.tools.io.ReportManager&amp#27;[m : File Action "GetAbsolutePath" successfully performed. With the following test data "Relative Folder Path: "C:\eclipse-workspace\MyProjects\TASystemsAPIs\src\test\resources\testDataFiles\Schemas\Payment_Policy_schema.json"".
2023-01-22 15:47:31.827 &amp#27;[32m INFO&amp#27;[m &amp#27;[35m[@503 - main]&amp#27;[m &amp#27;[36mcom.shaft.tools.io.ReportManager&amp#27;[m : File Action "ReadFile" successfully performed. With the following test data "File Path: "C:\eclipse-workspace\MyProjects\TASystemsAPIs\src\test\resources\testDataFiles\Schemas\Payment_Policy_schema.json"".
2023-01-22 15:47:31.829 &amp#27;[32m INFO&amp#27;[m &amp#27;[35m[@503 - main]&amp#27;[m &amp#27;[36mcom.shaft.tools.io.ReportManager&amp#27;[m : Successfully created attachment "Validation Test Data - Expected JSON Value"
2023-01-22 15:47:31.830 &amp#27;[32m INFO&amp#27;[m &amp#27;[35m[@503 - main]&amp#27;[m &amp#27;[36mcom.shaft.tools.io.ReportManager&amp#27;[m : Successfully created attachment "Validation Test Data - Actual JSON Value"
2023-01-22 15:47:31.831 &amp#27;[32m INFO&amp#27;[m &amp#27;[35m[@503 - main]&amp#27;[m &amp#27;[36mcom.shaft.tools.io.ReportManager&amp#27;[m : Successfully created attachment "SHAFT Engine Logs - Current Method log: Valid_Get_Payment_Policy_TC"
]]></system-out>
  </testcase>
  <testcase name="Valid_Get_Tax_Policy_TC[[Ljava.lang.Object;@5251c2e4](1)" classname="SteeringCompanyAPI_TestCases.Test_Policies_Cases" time="1.563">
    <system-out><![CDATA[2023-01-22 15:47:31.843 &amp#27;[32m INFO&amp#27;[m &amp#27;[35m[@534 - main]&amp#27;[m &amp#27;[36mcom.shaft.tools.io.ReportManager&amp#27;[m : 
################################################################################################################################################
Starting Execution:	"308 out of 70" test cases in the current suite
Test Method:		"SteeringCompanyAPI_TestCases.Test_Policies_Cases.Valid_Get_Tax_Policy_TC"
Test Description:	"TC016 -Policy- Perform Get Valid Tax Policy"
################################################################################################################################################
2023-01-22 15:47:31.843 &amp#27;[32m INFO&amp#27;[m &amp#27;[35m[@503 - main]&amp#27;[m &amp#27;[36mcom.shaft.tools.io.ReportManager&amp#27;[m : File Action "DoesFileExist" successfully performed. With the following test data "File Path: "SteeringCompanyAPI_TestData/SteeringCompanyAPI_TestData.xlsx"".
2023-01-22 15:47:31.893 &amp#27;[32m INFO&amp#27;[m &amp#27;[35m[@503 - main]&amp#27;[m &amp#27;[36mcom.shaft.tools.io.ReportManager&amp#27;[m : Successfully created attachment "Test Data - Excel"
2023-01-22 15:47:32.498 &amp#27;[32m INFO&amp#27;[m &amp#27;[35m[@503 - main]&amp#27;[m &amp#27;[36mcom.shaft.tools.io.ReportManager&amp#27;[m : Response status code: "200", status line: "HTTP/1.1 200 OK"
2023-01-22 15:47:32.514 &amp#27;[32m INFO&amp#27;[m &amp#27;[35m[@503 - main]&amp#27;[m &amp#27;[36mcom.shaft.tools.io.ReportManager&amp#27;[m : Successfully created attachment "API Request - Specifications"
2023-01-22 15:47:32.517 &amp#27;[32m INFO&amp#27;[m &amp#27;[35m[@503 - main]&amp#27;[m &amp#27;[36mcom.shaft.tools.io.ReportManager&amp#27;[m : Successfully created attachment "API Request - Body"
2023-01-22 15:47:32.519 &amp#27;[32m INFO&amp#27;[m &amp#27;[35m[@503 - main]&amp#27;[m &amp#27;[36mcom.shaft.tools.io.ReportManager&amp#27;[m : Successfully created attachment "API Response - JSON Body"
2023-01-22 15:47:32.538 &amp#27;[32m INFO&amp#27;[m &amp#27;[35m[@503 - main]&amp#27;[m &amp#27;[36mcom.shaft.tools.io.ReportManager&amp#27;[m : File Action "DoesFileExist" successfully performed. With the following test data "File Path: "SteeringCompanyAPI_TestData/SteeringCompanyAPI_TestData.xlsx"".
2023-01-22 15:47:32.589 &amp#27;[32m INFO&amp#27;[m &amp#27;[35m[@503 - main]&amp#27;[m &amp#27;[36mcom.shaft.tools.io.ReportManager&amp#27;[m : Successfully created attachment "Test Data - Excel"
2023-01-22 15:47:32.589 &amp#27;[32m INFO&amp#27;[m &amp#27;[35m[@503 - main]&amp#27;[m &amp#27;[36mcom.shaft.tools.io.ReportManager&amp#27;[m : File Action "DoesFileExist" successfully performed. With the following test data "File Path: "SteeringCompanyAPI_TestData/SteeringCompanyAPI_TestData.xlsx"".
2023-01-22 15:47:32.635 &amp#27;[32m INFO&amp#27;[m &amp#27;[35m[@503 - main]&amp#27;[m &amp#27;[36mcom.shaft.tools.io.ReportManager&amp#27;[m : Successfully created attachment "Test Data - Excel"
2023-01-22 15:47:32.636 &amp#27;[32m INFO&amp#27;[m &amp#27;[35m[@503 - main]&amp#27;[m &amp#27;[36mcom.shaft.tools.io.ReportManager&amp#27;[m : File Action "DoesFileExist" successfully performed. With the following test data "File Path: "SteeringCompanyAPI_TestData/SteeringCompanyAPI_TestData.xlsx"".
2023-01-22 15:47:32.688 &amp#27;[32m INFO&amp#27;[m &amp#27;[35m[@503 - main]&amp#27;[m &amp#27;[36mcom.shaft.tools.io.ReportManager&amp#27;[m : Successfully created attachment "Test Data - Excel"
2023-01-22 15:47:33.146 &amp#27;[32m INFO&amp#27;[m &amp#27;[35m[@503 - main]&amp#27;[m &amp#27;[36mcom.shaft.tools.io.ReportManager&amp#27;[m : Response status code: "200", status line: "HTTP/1.1 200 "
2023-01-22 15:47:33.160 &amp#27;[32m INFO&amp#27;[m &amp#27;[35m[@503 - main]&amp#27;[m &amp#27;[36mcom.shaft.tools.io.ReportManager&amp#27;[m : Successfully created attachment "API Request - Specifications"
2023-01-22 15:47:33.161 &amp#27;[32m INFO&amp#27;[m &amp#27;[35m[@503 - main]&amp#27;[m &amp#27;[36mcom.shaft.tools.io.ReportManager&amp#27;[m : Successfully created attachment "API Response - JSON Body"
2023-01-22 15:47:33.162 &amp#27;[32m INFO&amp#27;[m &amp#27;[35m[@503 - main]&amp#27;[m &amp#27;[36mcom.shaft.tools.io.ReportManager&amp#27;[m : File Action "DoesFileExist" successfully performed. With the following test data "File Path: "src/test/resources/testDataFiles/SteeringCompanyAPI_TestData/SteeringCompanyAPI_TestData.xlsx"".
2023-01-22 15:47:33.282 &amp#27;[32m INFO&amp#27;[m &amp#27;[35m[@503 - main]&amp#27;[m &amp#27;[36mcom.shaft.tools.io.ReportManager&amp#27;[m : File Action "DoesFileExist" successfully performed. With the following test data "File Path: "SteeringCompanyAPI_TestData/SteeringCompanyAPI_TestData.xlsx"".
2023-01-22 15:47:33.334 &amp#27;[32m INFO&amp#27;[m &amp#27;[35m[@503 - main]&amp#27;[m &amp#27;[36mcom.shaft.tools.io.ReportManager&amp#27;[m : Successfully created attachment "Test Data - Excel"
2023-01-22 15:47:33.335 &amp#27;[32m INFO&amp#27;[m &amp#27;[35m[@503 - main]&amp#27;[m &amp#27;[36mcom.shaft.tools.io.ReportManager&amp#27;[m : File Action "DoesFileExist" successfully performed. With the following test data "File Path: "SteeringCompanyAPI_TestData/SteeringCompanyAPI_TestData.xlsx"".
2023-01-22 15:47:33.387 &amp#27;[32m INFO&amp#27;[m &amp#27;[35m[@503 - main]&amp#27;[m &amp#27;[36mcom.shaft.tools.io.ReportManager&amp#27;[m : Successfully created attachment "Test Data - Excel"
2023-01-22 15:47:33.392 &amp#27;[32m INFO&amp#27;[m &amp#27;[35m[@503 - main]&amp#27;[m &amp#27;[36mcom.shaft.tools.io.ReportManager&amp#27;[m : File Action "DoesFileExist" successfully performed. With the following test data "File Path: "Schemas/Tax_Policy_schema.json"".
2023-01-22 15:47:33.393 &amp#27;[32m INFO&amp#27;[m &amp#27;[35m[@503 - main]&amp#27;[m &amp#27;[36mcom.shaft.tools.io.ReportManager&amp#27;[m : File Action "DoesFileExist" successfully performed. With the following test data "File Path: "src/test/resources/testDataFiles/Schemas/Tax_Policy_schema.json"".
2023-01-22 15:47:33.393 &amp#27;[32m INFO&amp#27;[m &amp#27;[35m[@503 - main]&amp#27;[m &amp#27;[36mcom.shaft.tools.io.ReportManager&amp#27;[m : File Action "GetAbsolutePath" successfully performed. With the following test data "Relative Folder Path: "src/test/resources/testDataFiles/Schemas/Tax_Policy_schema.json"".
2023-01-22 15:47:33.396 &amp#27;[32m INFO&amp#27;[m &amp#27;[35m[@503 - main]&amp#27;[m &amp#27;[36mcom.shaft.tools.io.ReportManager&amp#27;[m : File Action "DoesFileExist" successfully performed. With the following test data "File Path: "C:\eclipse-workspace\MyProjects\TASystemsAPIs\src\test\resources\testDataFiles\Schemas\Tax_Policy_schema.json"".
2023-01-22 15:47:33.396 &amp#27;[32m INFO&amp#27;[m &amp#27;[35m[@503 - main]&amp#27;[m &amp#27;[36mcom.shaft.tools.io.ReportManager&amp#27;[m : File Action "GetAbsolutePath" successfully performed. With the following test data "Relative Folder Path: "C:\eclipse-workspace\MyProjects\TASystemsAPIs\src\test\resources\testDataFiles\Schemas\Tax_Policy_schema.json"".
2023-01-22 15:47:33.397 &amp#27;[32m INFO&amp#27;[m &amp#27;[35m[@503 - main]&amp#27;[m &amp#27;[36mcom.shaft.tools.io.ReportManager&amp#27;[m : File Action "ReadFile" successfully performed. With the following test data "File Path: "C:\eclipse-workspace\MyProjects\TASystemsAPIs\src\test\resources\testDataFiles\Schemas\Tax_Policy_schema.json"".
2023-01-22 15:47:33.399 &amp#27;[32m INFO&amp#27;[m &amp#27;[35m[@503 - main]&amp#27;[m &amp#27;[36mcom.shaft.tools.io.ReportManager&amp#27;[m : Successfully created attachment "Validation Test Data - Expected JSON Value"
2023-01-22 15:47:33.400 &amp#27;[32m INFO&amp#27;[m &amp#27;[35m[@503 - main]&amp#27;[m &amp#27;[36mcom.shaft.tools.io.ReportManager&amp#27;[m : Successfully created attachment "Validation Test Data - Actual JSON Value"
2023-01-22 15:47:33.403 &amp#27;[32m INFO&amp#27;[m &amp#27;[35m[@503 - main]&amp#27;[m &amp#27;[36mcom.shaft.tools.io.ReportManager&amp#27;[m : Successfully created attachment "SHAFT Engine Logs - Current Method log: Valid_Get_Tax_Policy_TC"
]]></system-out>
  </testcase>
  <testcase name="Valid_Get_Tax_Policy_TC[[Ljava.lang.Object;@2b7234f4](2)" classname="SteeringCompanyAPI_TestCases.Test_Policies_Cases" time="1.502">
    <system-out><![CDATA[2023-01-22 15:47:33.408 &amp#27;[32m INFO&amp#27;[m &amp#27;[35m[@534 - main]&amp#27;[m &amp#27;[36mcom.shaft.tools.io.ReportManager&amp#27;[m : 
################################################################################################################################################
Starting Execution:	"309 out of 70" test cases in the current suite
Test Method:		"SteeringCompanyAPI_TestCases.Test_Policies_Cases.Valid_Get_Tax_Policy_TC"
Test Description:	"TC016 -Policy- Perform Get Valid Tax Policy"
################################################################################################################################################
2023-01-22 15:47:33.410 &amp#27;[32m INFO&amp#27;[m &amp#27;[35m[@503 - main]&amp#27;[m &amp#27;[36mcom.shaft.tools.io.ReportManager&amp#27;[m : File Action "DoesFileExist" successfully performed. With the following test data "File Path: "SteeringCompanyAPI_TestData/SteeringCompanyAPI_TestData.xlsx"".
2023-01-22 15:47:33.448 &amp#27;[32m INFO&amp#27;[m &amp#27;[35m[@503 - main]&amp#27;[m &amp#27;[36mcom.shaft.tools.io.ReportManager&amp#27;[m : Successfully created attachment "Test Data - Excel"
2023-01-22 15:47:34.035 &amp#27;[32m INFO&amp#27;[m &amp#27;[35m[@503 - main]&amp#27;[m &amp#27;[36mcom.shaft.tools.io.ReportManager&amp#27;[m : Response status code: "200", status line: "HTTP/1.1 200 OK"
2023-01-22 15:47:34.052 &amp#27;[32m INFO&amp#27;[m &amp#27;[35m[@503 - main]&amp#27;[m &amp#27;[36mcom.shaft.tools.io.ReportManager&amp#27;[m : Successfully created attachment "API Request - Specifications"
2023-01-22 15:47:34.054 &amp#27;[32m INFO&amp#27;[m &amp#27;[35m[@503 - main]&amp#27;[m &amp#27;[36mcom.shaft.tools.io.ReportManager&amp#27;[m : Successfully created attachment "API Request - Body"
2023-01-22 15:47:34.056 &amp#27;[32m INFO&amp#27;[m &amp#27;[35m[@503 - main]&amp#27;[m &amp#27;[36mcom.shaft.tools.io.ReportManager&amp#27;[m : Successfully created attachment "API Response - JSON Body"
2023-01-22 15:47:34.069 &amp#27;[32m INFO&amp#27;[m &amp#27;[35m[@503 - main]&amp#27;[m &amp#27;[36mcom.shaft.tools.io.ReportManager&amp#27;[m : File Action "DoesFileExist" successfully performed. With the following test data "File Path: "SteeringCompanyAPI_TestData/SteeringCompanyAPI_TestData.xlsx"".
2023-01-22 15:47:34.117 &amp#27;[32m INFO&amp#27;[m &amp#27;[35m[@503 - main]&amp#27;[m &amp#27;[36mcom.shaft.tools.io.ReportManager&amp#27;[m : Successfully created attachment "Test Data - Excel"
2023-01-22 15:47:34.118 &amp#27;[32m INFO&amp#27;[m &amp#27;[35m[@503 - main]&amp#27;[m &amp#27;[36mcom.shaft.tools.io.ReportManager&amp#27;[m : File Action "DoesFileExist" successfully performed. With the following test data "File Path: "SteeringCompanyAPI_TestData/SteeringCompanyAPI_TestData.xlsx"".
2023-01-22 15:47:34.162 &amp#27;[32m INFO&amp#27;[m &amp#27;[35m[@503 - main]&amp#27;[m &amp#27;[36mcom.shaft.tools.io.ReportManager&amp#27;[m : Successfully created attachment "Test Data - Excel"
2023-01-22 15:47:34.162 &amp#27;[32m INFO&amp#27;[m &amp#27;[35m[@503 - main]&amp#27;[m &amp#27;[36mcom.shaft.tools.io.ReportManager&amp#27;[m : File Action "DoesFileExist" successfully performed. With the following test data "File Path: "SteeringCompanyAPI_TestData/SteeringCompanyAPI_TestData.xlsx"".
2023-01-22 15:47:34.209 &amp#27;[32m INFO&amp#27;[m &amp#27;[35m[@503 - main]&amp#27;[m &amp#27;[36mcom.shaft.tools.io.ReportManager&amp#27;[m : Successfully created attachment "Test Data - Excel"
2023-01-22 15:47:34.667 &amp#27;[32m INFO&amp#27;[m &amp#27;[35m[@503 - main]&amp#27;[m &amp#27;[36mcom.shaft.tools.io.ReportManager&amp#27;[m : Response status code: "200", status line: "HTTP/1.1 200 "
2023-01-22 15:47:34.681 &amp#27;[32m INFO&amp#27;[m &amp#27;[35m[@503 - main]&amp#27;[m &amp#27;[36mcom.shaft.tools.io.ReportManager&amp#27;[m : Successfully created attachment "API Request - Specifications"
2023-01-22 15:47:34.682 &amp#27;[32m INFO&amp#27;[m &amp#27;[35m[@503 - main]&amp#27;[m &amp#27;[36mcom.shaft.tools.io.ReportManager&amp#27;[m : Successfully created attachment "API Response - JSON Body"
2023-01-22 15:47:34.683 &amp#27;[32m INFO&amp#27;[m &amp#27;[35m[@503 - main]&amp#27;[m &amp#27;[36mcom.shaft.tools.io.ReportManager&amp#27;[m : File Action "DoesFileExist" successfully performed. With the following test data "File Path: "src/test/resources/testDataFiles/SteeringCompanyAPI_TestData/SteeringCompanyAPI_TestData.xlsx"".
2023-01-22 15:47:34.778 &amp#27;[32m INFO&amp#27;[m &amp#27;[35m[@503 - main]&amp#27;[m &amp#27;[36mcom.shaft.tools.io.ReportManager&amp#27;[m : File Action "DoesFileExist" successfully performed. With the following test data "File Path: "SteeringCompanyAPI_TestData/SteeringCompanyAPI_TestData.xlsx"".
2023-01-22 15:47:34.826 &amp#27;[32m INFO&amp#27;[m &amp#27;[35m[@503 - main]&amp#27;[m &amp#27;[36mcom.shaft.tools.io.ReportManager&amp#27;[m : Successfully created attachment "Test Data - Excel"
2023-01-22 15:47:34.827 &amp#27;[32m INFO&amp#27;[m &amp#27;[35m[@503 - main]&amp#27;[m &amp#27;[36mcom.shaft.tools.io.ReportManager&amp#27;[m : File Action "DoesFileExist" successfully performed. With the following test data "File Path: "SteeringCompanyAPI_TestData/SteeringCompanyAPI_TestData.xlsx"".
2023-01-22 15:47:34.894 &amp#27;[32m INFO&amp#27;[m &amp#27;[35m[@503 - main]&amp#27;[m &amp#27;[36mcom.shaft.tools.io.ReportManager&amp#27;[m : Successfully created attachment "Test Data - Excel"
2023-01-22 15:47:34.896 &amp#27;[32m INFO&amp#27;[m &amp#27;[35m[@503 - main]&amp#27;[m &amp#27;[36mcom.shaft.tools.io.ReportManager&amp#27;[m : File Action "DoesFileExist" successfully performed. With the following test data "File Path: "Schemas/Tax_Policy_schema.json"".
2023-01-22 15:47:34.897 &amp#27;[32m INFO&amp#27;[m &amp#27;[35m[@503 - main]&amp#27;[m &amp#27;[36mcom.shaft.tools.io.ReportManager&amp#27;[m : File Action "DoesFileExist" successfully performed. With the following test data "File Path: "src/test/resources/testDataFiles/Schemas/Tax_Policy_schema.json"".
2023-01-22 15:47:34.897 &amp#27;[32m INFO&amp#27;[m &amp#27;[35m[@503 - main]&amp#27;[m &amp#27;[36mcom.shaft.tools.io.ReportManager&amp#27;[m : File Action "GetAbsolutePath" successfully performed. With the following test data "Relative Folder Path: "src/test/resources/testDataFiles/Schemas/Tax_Policy_schema.json"".
2023-01-22 15:47:34.901 &amp#27;[32m INFO&amp#27;[m &amp#27;[35m[@503 - main]&amp#27;[m &amp#27;[36mcom.shaft.tools.io.ReportManager&amp#27;[m : File Action "DoesFileExist" successfully performed. With the following test data "File Path: "C:\eclipse-workspace\MyProjects\TASystemsAPIs\src\test\resources\testDataFiles\Schemas\Tax_Policy_schema.json"".
2023-01-22 15:47:34.901 &amp#27;[32m INFO&amp#27;[m &amp#27;[35m[@503 - main]&amp#27;[m &amp#27;[36mcom.shaft.tools.io.ReportManager&amp#27;[m : File Action "GetAbsolutePath" successfully performed. With the following test data "Relative Folder Path: "C:\eclipse-workspace\MyProjects\TASystemsAPIs\src\test\resources\testDataFiles\Schemas\Tax_Policy_schema.json"".
2023-01-22 15:47:34.901 &amp#27;[32m INFO&amp#27;[m &amp#27;[35m[@503 - main]&amp#27;[m &amp#27;[36mcom.shaft.tools.io.ReportManager&amp#27;[m : File Action "ReadFile" successfully performed. With the following test data "File Path: "C:\eclipse-workspace\MyProjects\TASystemsAPIs\src\test\resources\testDataFiles\Schemas\Tax_Policy_schema.json"".
2023-01-22 15:47:34.902 &amp#27;[32m INFO&amp#27;[m &amp#27;[35m[@503 - main]&amp#27;[m &amp#27;[36mcom.shaft.tools.io.ReportManager&amp#27;[m : Successfully created attachment "Validation Test Data - Expected JSON Value"
2023-01-22 15:47:34.903 &amp#27;[32m INFO&amp#27;[m &amp#27;[35m[@503 - main]&amp#27;[m &amp#27;[36mcom.shaft.tools.io.ReportManager&amp#27;[m : Successfully created attachment "Validation Test Data - Actual JSON Value"
2023-01-22 15:47:34.904 &amp#27;[32m INFO&amp#27;[m &amp#27;[35m[@503 - main]&amp#27;[m &amp#27;[36mcom.shaft.tools.io.ReportManager&amp#27;[m : Successfully created attachment "SHAFT Engine Logs - Current Method log: Valid_Get_Tax_Policy_TC"
]]></system-out>
  </testcase>
  <testcase name="Valid_Get_Usage_Policy_TC[[Ljava.lang.Object;@166039c2](1)" classname="SteeringCompanyAPI_TestCases.Test_Policies_Cases" time="1.589">
    <system-out><![CDATA[2023-01-22 15:47:34.918 &amp#27;[32m INFO&amp#27;[m &amp#27;[35m[@534 - main]&amp#27;[m &amp#27;[36mcom.shaft.tools.io.ReportManager&amp#27;[m : 
################################################################################################################################################
Starting Execution:	"310 out of 70" test cases in the current suite
Test Method:		"SteeringCompanyAPI_TestCases.Test_Policies_Cases.Valid_Get_Usage_Policy_TC"
Test Description:	"TC017 -Policy- Perform Get Valid Usage Policy"
################################################################################################################################################
2023-01-22 15:47:34.918 &amp#27;[32m INFO&amp#27;[m &amp#27;[35m[@503 - main]&amp#27;[m &amp#27;[36mcom.shaft.tools.io.ReportManager&amp#27;[m : File Action "DoesFileExist" successfully performed. With the following test data "File Path: "SteeringCompanyAPI_TestData/SteeringCompanyAPI_TestData.xlsx"".
2023-01-22 15:47:34.994 &amp#27;[32m INFO&amp#27;[m &amp#27;[35m[@503 - main]&amp#27;[m &amp#27;[36mcom.shaft.tools.io.ReportManager&amp#27;[m : Successfully created attachment "Test Data - Excel"
2023-01-22 15:47:35.613 &amp#27;[32m INFO&amp#27;[m &amp#27;[35m[@503 - main]&amp#27;[m &amp#27;[36mcom.shaft.tools.io.ReportManager&amp#27;[m : Response status code: "200", status line: "HTTP/1.1 200 OK"
2023-01-22 15:47:35.631 &amp#27;[32m INFO&amp#27;[m &amp#27;[35m[@503 - main]&amp#27;[m &amp#27;[36mcom.shaft.tools.io.ReportManager&amp#27;[m : Successfully created attachment "API Request - Specifications"
2023-01-22 15:47:35.634 &amp#27;[32m INFO&amp#27;[m &amp#27;[35m[@503 - main]&amp#27;[m &amp#27;[36mcom.shaft.tools.io.ReportManager&amp#27;[m : Successfully created attachment "API Request - Body"
2023-01-22 15:47:35.635 &amp#27;[32m INFO&amp#27;[m &amp#27;[35m[@503 - main]&amp#27;[m &amp#27;[36mcom.shaft.tools.io.ReportManager&amp#27;[m : Successfully created attachment "API Response - JSON Body"
2023-01-22 15:47:35.647 &amp#27;[32m INFO&amp#27;[m &amp#27;[35m[@503 - main]&amp#27;[m &amp#27;[36mcom.shaft.tools.io.ReportManager&amp#27;[m : File Action "DoesFileExist" successfully performed. With the following test data "File Path: "SteeringCompanyAPI_TestData/SteeringCompanyAPI_TestData.xlsx"".
2023-01-22 15:47:35.707 &amp#27;[32m INFO&amp#27;[m &amp#27;[35m[@503 - main]&amp#27;[m &amp#27;[36mcom.shaft.tools.io.ReportManager&amp#27;[m : Successfully created attachment "Test Data - Excel"
2023-01-22 15:47:35.709 &amp#27;[32m INFO&amp#27;[m &amp#27;[35m[@503 - main]&amp#27;[m &amp#27;[36mcom.shaft.tools.io.ReportManager&amp#27;[m : File Action "DoesFileExist" successfully performed. With the following test data "File Path: "SteeringCompanyAPI_TestData/SteeringCompanyAPI_TestData.xlsx"".
2023-01-22 15:47:35.760 &amp#27;[32m INFO&amp#27;[m &amp#27;[35m[@503 - main]&amp#27;[m &amp#27;[36mcom.shaft.tools.io.ReportManager&amp#27;[m : Successfully created attachment "Test Data - Excel"
2023-01-22 15:47:35.760 &amp#27;[32m INFO&amp#27;[m &amp#27;[35m[@503 - main]&amp#27;[m &amp#27;[36mcom.shaft.tools.io.ReportManager&amp#27;[m : File Action "DoesFileExist" successfully performed. With the following test data "File Path: "SteeringCompanyAPI_TestData/SteeringCompanyAPI_TestData.xlsx"".
2023-01-22 15:47:35.824 &amp#27;[32m INFO&amp#27;[m &amp#27;[35m[@503 - main]&amp#27;[m &amp#27;[36mcom.shaft.tools.io.ReportManager&amp#27;[m : Successfully created attachment "Test Data - Excel"
2023-01-22 15:47:36.284 &amp#27;[32m INFO&amp#27;[m &amp#27;[35m[@503 - main]&amp#27;[m &amp#27;[36mcom.shaft.tools.io.ReportManager&amp#27;[m : Response status code: "200", status line: "HTTP/1.1 200 "
2023-01-22 15:47:36.298 &amp#27;[32m INFO&amp#27;[m &amp#27;[35m[@503 - main]&amp#27;[m &amp#27;[36mcom.shaft.tools.io.ReportManager&amp#27;[m : Successfully created attachment "API Request - Specifications"
2023-01-22 15:47:36.299 &amp#27;[32m INFO&amp#27;[m &amp#27;[35m[@503 - main]&amp#27;[m &amp#27;[36mcom.shaft.tools.io.ReportManager&amp#27;[m : Successfully created attachment "API Response - JSON Body"
2023-01-22 15:47:36.300 &amp#27;[32m INFO&amp#27;[m &amp#27;[35m[@503 - main]&amp#27;[m &amp#27;[36mcom.shaft.tools.io.ReportManager&amp#27;[m : File Action "DoesFileExist" successfully performed. With the following test data "File Path: "src/test/resources/testDataFiles/SteeringCompanyAPI_TestData/SteeringCompanyAPI_TestData.xlsx"".
2023-01-22 15:47:36.403 &amp#27;[32m INFO&amp#27;[m &amp#27;[35m[@503 - main]&amp#27;[m &amp#27;[36mcom.shaft.tools.io.ReportManager&amp#27;[m : File Action "DoesFileExist" successfully performed. With the following test data "File Path: "SteeringCompanyAPI_TestData/SteeringCompanyAPI_TestData.xlsx"".
2023-01-22 15:47:36.438 &amp#27;[32m INFO&amp#27;[m &amp#27;[35m[@503 - main]&amp#27;[m &amp#27;[36mcom.shaft.tools.io.ReportManager&amp#27;[m : Successfully created attachment "Test Data - Excel"
2023-01-22 15:47:36.439 &amp#27;[32m INFO&amp#27;[m &amp#27;[35m[@503 - main]&amp#27;[m &amp#27;[36mcom.shaft.tools.io.ReportManager&amp#27;[m : File Action "DoesFileExist" successfully performed. With the following test data "File Path: "SteeringCompanyAPI_TestData/SteeringCompanyAPI_TestData.xlsx"".
2023-01-22 15:47:36.493 &amp#27;[32m INFO&amp#27;[m &amp#27;[35m[@503 - main]&amp#27;[m &amp#27;[36mcom.shaft.tools.io.ReportManager&amp#27;[m : Successfully created attachment "Test Data - Excel"
2023-01-22 15:47:36.495 &amp#27;[32m INFO&amp#27;[m &amp#27;[35m[@503 - main]&amp#27;[m &amp#27;[36mcom.shaft.tools.io.ReportManager&amp#27;[m : File Action "DoesFileExist" successfully performed. With the following test data "File Path: "Schemas/Usage_Policy_schema.json"".
2023-01-22 15:47:36.496 &amp#27;[32m INFO&amp#27;[m &amp#27;[35m[@503 - main]&amp#27;[m &amp#27;[36mcom.shaft.tools.io.ReportManager&amp#27;[m : File Action "DoesFileExist" successfully performed. With the following test data "File Path: "src/test/resources/testDataFiles/Schemas/Usage_Policy_schema.json"".
2023-01-22 15:47:36.496 &amp#27;[32m INFO&amp#27;[m &amp#27;[35m[@503 - main]&amp#27;[m &amp#27;[36mcom.shaft.tools.io.ReportManager&amp#27;[m : File Action "GetAbsolutePath" successfully performed. With the following test data "Relative Folder Path: "src/test/resources/testDataFiles/Schemas/Usage_Policy_schema.json"".
2023-01-22 15:47:36.499 &amp#27;[32m INFO&amp#27;[m &amp#27;[35m[@503 - main]&amp#27;[m &amp#27;[36mcom.shaft.tools.io.ReportManager&amp#27;[m : File Action "DoesFileExist" successfully performed. With the following test data "File Path: "C:\eclipse-workspace\MyProjects\TASystemsAPIs\src\test\resources\testDataFiles\Schemas\Usage_Policy_schema.json"".
2023-01-22 15:47:36.499 &amp#27;[32m INFO&amp#27;[m &amp#27;[35m[@503 - main]&amp#27;[m &amp#27;[36mcom.shaft.tools.io.ReportManager&amp#27;[m : File Action "GetAbsolutePath" successfully performed. With the following test data "Relative Folder Path: "C:\eclipse-workspace\MyProjects\TASystemsAPIs\src\test\resources\testDataFiles\Schemas\Usage_Policy_schema.json"".
2023-01-22 15:47:36.499 &amp#27;[32m INFO&amp#27;[m &amp#27;[35m[@503 - main]&amp#27;[m &amp#27;[36mcom.shaft.tools.io.ReportManager&amp#27;[m : File Action "ReadFile" successfully performed. With the following test data "File Path: "C:\eclipse-workspace\MyProjects\TASystemsAPIs\src\test\resources\testDataFiles\Schemas\Usage_Policy_schema.json"".
2023-01-22 15:47:36.501 &amp#27;[32m INFO&amp#27;[m &amp#27;[35m[@503 - main]&amp#27;[m &amp#27;[36mcom.shaft.tools.io.ReportManager&amp#27;[m : Successfully created attachment "Validation Test Data - Expected JSON Value"
2023-01-22 15:47:36.501 &amp#27;[32m INFO&amp#27;[m &amp#27;[35m[@503 - main]&amp#27;[m &amp#27;[36mcom.shaft.tools.io.ReportManager&amp#27;[m : Successfully created attachment "Validation Test Data - Actual JSON Value"
2023-01-22 15:47:36.502 &amp#27;[32m INFO&amp#27;[m &amp#27;[35m[@503 - main]&amp#27;[m &amp#27;[36mcom.shaft.tools.io.ReportManager&amp#27;[m : Successfully created attachment "SHAFT Engine Logs - Current Method log: Valid_Get_Usage_Policy_TC"
]]></system-out>
  </testcase>
  <testcase name="Valid_Get_Usage_Policy_TC[[Ljava.lang.Object;@4e4ca373](2)" classname="SteeringCompanyAPI_TestCases.Test_Policies_Cases" time="1.587">
    <system-out><![CDATA[2023-01-22 15:47:36.507 &amp#27;[32m INFO&amp#27;[m &amp#27;[35m[@534 - main]&amp#27;[m &amp#27;[36mcom.shaft.tools.io.ReportManager&amp#27;[m : 
################################################################################################################################################
Starting Execution:	"311 out of 70" test cases in the current suite
Test Method:		"SteeringCompanyAPI_TestCases.Test_Policies_Cases.Valid_Get_Usage_Policy_TC"
Test Description:	"TC017 -Policy- Perform Get Valid Usage Policy"
################################################################################################################################################
2023-01-22 15:47:36.507 &amp#27;[32m INFO&amp#27;[m &amp#27;[35m[@503 - main]&amp#27;[m &amp#27;[36mcom.shaft.tools.io.ReportManager&amp#27;[m : File Action "DoesFileExist" successfully performed. With the following test data "File Path: "SteeringCompanyAPI_TestData/SteeringCompanyAPI_TestData.xlsx"".
2023-01-22 15:47:36.562 &amp#27;[32m INFO&amp#27;[m &amp#27;[35m[@503 - main]&amp#27;[m &amp#27;[36mcom.shaft.tools.io.ReportManager&amp#27;[m : Successfully created attachment "Test Data - Excel"
2023-01-22 15:47:37.191 &amp#27;[32m INFO&amp#27;[m &amp#27;[35m[@503 - main]&amp#27;[m &amp#27;[36mcom.shaft.tools.io.ReportManager&amp#27;[m : Response status code: "200", status line: "HTTP/1.1 200 OK"
2023-01-22 15:47:37.207 &amp#27;[32m INFO&amp#27;[m &amp#27;[35m[@503 - main]&amp#27;[m &amp#27;[36mcom.shaft.tools.io.ReportManager&amp#27;[m : Successfully created attachment "API Request - Specifications"
2023-01-22 15:47:37.211 &amp#27;[32m INFO&amp#27;[m &amp#27;[35m[@503 - main]&amp#27;[m &amp#27;[36mcom.shaft.tools.io.ReportManager&amp#27;[m : Successfully created attachment "API Request - Body"
2023-01-22 15:47:37.212 &amp#27;[32m INFO&amp#27;[m &amp#27;[35m[@503 - main]&amp#27;[m &amp#27;[36mcom.shaft.tools.io.ReportManager&amp#27;[m : Successfully created attachment "API Response - JSON Body"
2023-01-22 15:47:37.236 &amp#27;[32m INFO&amp#27;[m &amp#27;[35m[@503 - main]&amp#27;[m &amp#27;[36mcom.shaft.tools.io.ReportManager&amp#27;[m : File Action "DoesFileExist" successfully performed. With the following test data "File Path: "SteeringCompanyAPI_TestData/SteeringCompanyAPI_TestData.xlsx"".
2023-01-22 15:47:37.277 &amp#27;[32m INFO&amp#27;[m &amp#27;[35m[@503 - main]&amp#27;[m &amp#27;[36mcom.shaft.tools.io.ReportManager&amp#27;[m : Successfully created attachment "Test Data - Excel"
2023-01-22 15:47:37.277 &amp#27;[32m INFO&amp#27;[m &amp#27;[35m[@503 - main]&amp#27;[m &amp#27;[36mcom.shaft.tools.io.ReportManager&amp#27;[m : File Action "DoesFileExist" successfully performed. With the following test data "File Path: "SteeringCompanyAPI_TestData/SteeringCompanyAPI_TestData.xlsx"".
2023-01-22 15:47:37.309 &amp#27;[32m INFO&amp#27;[m &amp#27;[35m[@503 - main]&amp#27;[m &amp#27;[36mcom.shaft.tools.io.ReportManager&amp#27;[m : Successfully created attachment "Test Data - Excel"
2023-01-22 15:47:37.309 &amp#27;[32m INFO&amp#27;[m &amp#27;[35m[@503 - main]&amp#27;[m &amp#27;[36mcom.shaft.tools.io.ReportManager&amp#27;[m : File Action "DoesFileExist" successfully performed. With the following test data "File Path: "SteeringCompanyAPI_TestData/SteeringCompanyAPI_TestData.xlsx"".
2023-01-22 15:47:37.368 &amp#27;[32m INFO&amp#27;[m &amp#27;[35m[@503 - main]&amp#27;[m &amp#27;[36mcom.shaft.tools.io.ReportManager&amp#27;[m : Successfully created attachment "Test Data - Excel"
2023-01-22 15:47:37.825 &amp#27;[32m INFO&amp#27;[m &amp#27;[35m[@503 - main]&amp#27;[m &amp#27;[36mcom.shaft.tools.io.ReportManager&amp#27;[m : Response status code: "200", status line: "HTTP/1.1 200 "
2023-01-22 15:47:37.847 &amp#27;[32m INFO&amp#27;[m &amp#27;[35m[@503 - main]&amp#27;[m &amp#27;[36mcom.shaft.tools.io.ReportManager&amp#27;[m : Successfully created attachment "API Request - Specifications"
2023-01-22 15:47:37.849 &amp#27;[32m INFO&amp#27;[m &amp#27;[35m[@503 - main]&amp#27;[m &amp#27;[36mcom.shaft.tools.io.ReportManager&amp#27;[m : Successfully created attachment "API Response - JSON Body"
2023-01-22 15:47:37.850 &amp#27;[32m INFO&amp#27;[m &amp#27;[35m[@503 - main]&amp#27;[m &amp#27;[36mcom.shaft.tools.io.ReportManager&amp#27;[m : File Action "DoesFileExist" successfully performed. With the following test data "File Path: "src/test/resources/testDataFiles/SteeringCompanyAPI_TestData/SteeringCompanyAPI_TestData.xlsx"".
2023-01-22 15:47:37.981 &amp#27;[32m INFO&amp#27;[m &amp#27;[35m[@503 - main]&amp#27;[m &amp#27;[36mcom.shaft.tools.io.ReportManager&amp#27;[m : File Action "DoesFileExist" successfully performed. With the following test data "File Path: "SteeringCompanyAPI_TestData/SteeringCompanyAPI_TestData.xlsx"".
2023-01-22 15:47:38.028 &amp#27;[32m INFO&amp#27;[m &amp#27;[35m[@503 - main]&amp#27;[m &amp#27;[36mcom.shaft.tools.io.ReportManager&amp#27;[m : Successfully created attachment "Test Data - Excel"
2023-01-22 15:47:38.028 &amp#27;[32m INFO&amp#27;[m &amp#27;[35m[@503 - main]&amp#27;[m &amp#27;[36mcom.shaft.tools.io.ReportManager&amp#27;[m : File Action "DoesFileExist" successfully performed. With the following test data "File Path: "SteeringCompanyAPI_TestData/SteeringCompanyAPI_TestData.xlsx"".
2023-01-22 15:47:38.082 &amp#27;[32m INFO&amp#27;[m &amp#27;[35m[@503 - main]&amp#27;[m &amp#27;[36mcom.shaft.tools.io.ReportManager&amp#27;[m : Successfully created attachment "Test Data - Excel"
2023-01-22 15:47:38.083 &amp#27;[32m INFO&amp#27;[m &amp#27;[35m[@503 - main]&amp#27;[m &amp#27;[36mcom.shaft.tools.io.ReportManager&amp#27;[m : File Action "DoesFileExist" successfully performed. With the following test data "File Path: "Schemas/Usage_Policy_schema.json"".
2023-01-22 15:47:38.083 &amp#27;[32m INFO&amp#27;[m &amp#27;[35m[@503 - main]&amp#27;[m &amp#27;[36mcom.shaft.tools.io.ReportManager&amp#27;[m : File Action "DoesFileExist" successfully performed. With the following test data "File Path: "src/test/resources/testDataFiles/Schemas/Usage_Policy_schema.json"".
2023-01-22 15:47:38.083 &amp#27;[32m INFO&amp#27;[m &amp#27;[35m[@503 - main]&amp#27;[m &amp#27;[36mcom.shaft.tools.io.ReportManager&amp#27;[m : File Action "GetAbsolutePath" successfully performed. With the following test data "Relative Folder Path: "src/test/resources/testDataFiles/Schemas/Usage_Policy_schema.json"".
2023-01-22 15:47:38.084 &amp#27;[32m INFO&amp#27;[m &amp#27;[35m[@503 - main]&amp#27;[m &amp#27;[36mcom.shaft.tools.io.ReportManager&amp#27;[m : File Action "DoesFileExist" successfully performed. With the following test data "File Path: "C:\eclipse-workspace\MyProjects\TASystemsAPIs\src\test\resources\testDataFiles\Schemas\Usage_Policy_schema.json"".
2023-01-22 15:47:38.084 &amp#27;[32m INFO&amp#27;[m &amp#27;[35m[@503 - main]&amp#27;[m &amp#27;[36mcom.shaft.tools.io.ReportManager&amp#27;[m : File Action "GetAbsolutePath" successfully performed. With the following test data "Relative Folder Path: "C:\eclipse-workspace\MyProjects\TASystemsAPIs\src\test\resources\testDataFiles\Schemas\Usage_Policy_schema.json"".
2023-01-22 15:47:38.084 &amp#27;[32m INFO&amp#27;[m &amp#27;[35m[@503 - main]&amp#27;[m &amp#27;[36mcom.shaft.tools.io.ReportManager&amp#27;[m : File Action "ReadFile" successfully performed. With the following test data "File Path: "C:\eclipse-workspace\MyProjects\TASystemsAPIs\src\test\resources\testDataFiles\Schemas\Usage_Policy_schema.json"".
2023-01-22 15:47:38.087 &amp#27;[32m INFO&amp#27;[m &amp#27;[35m[@503 - main]&amp#27;[m &amp#27;[36mcom.shaft.tools.io.ReportManager&amp#27;[m : Successfully created attachment "Validation Test Data - Expected JSON Value"
2023-01-22 15:47:38.087 &amp#27;[32m INFO&amp#27;[m &amp#27;[35m[@503 - main]&amp#27;[m &amp#27;[36mcom.shaft.tools.io.ReportManager&amp#27;[m : Successfully created attachment "Validation Test Data - Actual JSON Value"
2023-01-22 15:47:38.090 &amp#27;[32m INFO&amp#27;[m &amp#27;[35m[@503 - main]&amp#27;[m &amp#27;[36mcom.shaft.tools.io.ReportManager&amp#27;[m : Successfully created attachment "SHAFT Engine Logs - Current Method log: Valid_Get_Usage_Policy_TC"
]]></system-out>
  </testcase>
  <testcase name="Valid_Update_Cancel_Policy_TC[[Ljava.lang.Object;@2785a2e1](1)" classname="SteeringCompanyAPI_TestCases.Test_Policies_Cases" time="1.582">
    <system-out><![CDATA[2023-01-22 15:47:38.100 &amp#27;[32m INFO&amp#27;[m &amp#27;[35m[@534 - main]&amp#27;[m &amp#27;[36mcom.shaft.tools.io.ReportManager&amp#27;[m : 
################################################################################################################################################
Starting Execution:	"312 out of 70" test cases in the current suite
Test Method:		"SteeringCompanyAPI_TestCases.Test_Policies_Cases.Valid_Update_Cancel_Policy_TC"
Test Description:	"TC010 -Policy- Perform Update Valid Cancel Policy"
################################################################################################################################################
2023-01-22 15:47:38.101 &amp#27;[32m INFO&amp#27;[m &amp#27;[35m[@503 - main]&amp#27;[m &amp#27;[36mcom.shaft.tools.io.ReportManager&amp#27;[m : File Action "DoesFileExist" successfully performed. With the following test data "File Path: "SteeringCompanyAPI_TestData/SteeringCompanyAPI_TestData.xlsx"".
2023-01-22 15:47:38.164 &amp#27;[32m INFO&amp#27;[m &amp#27;[35m[@503 - main]&amp#27;[m &amp#27;[36mcom.shaft.tools.io.ReportManager&amp#27;[m : Successfully created attachment "Test Data - Excel"
2023-01-22 15:47:38.786 &amp#27;[32m INFO&amp#27;[m &amp#27;[35m[@503 - main]&amp#27;[m &amp#27;[36mcom.shaft.tools.io.ReportManager&amp#27;[m : Response status code: "200", status line: "HTTP/1.1 200 OK"
2023-01-22 15:47:38.802 &amp#27;[32m INFO&amp#27;[m &amp#27;[35m[@503 - main]&amp#27;[m &amp#27;[36mcom.shaft.tools.io.ReportManager&amp#27;[m : Successfully created attachment "API Request - Specifications"
2023-01-22 15:47:38.805 &amp#27;[32m INFO&amp#27;[m &amp#27;[35m[@503 - main]&amp#27;[m &amp#27;[36mcom.shaft.tools.io.ReportManager&amp#27;[m : Successfully created attachment "API Request - Body"
2023-01-22 15:47:38.807 &amp#27;[32m INFO&amp#27;[m &amp#27;[35m[@503 - main]&amp#27;[m &amp#27;[36mcom.shaft.tools.io.ReportManager&amp#27;[m : Successfully created attachment "API Response - JSON Body"
2023-01-22 15:47:38.819 &amp#27;[32m INFO&amp#27;[m &amp#27;[35m[@503 - main]&amp#27;[m &amp#27;[36mcom.shaft.tools.io.ReportManager&amp#27;[m : File Action "DoesFileExist" successfully performed. With the following test data "File Path: "SteeringCompanyAPI_TestData/SteeringCompanyAPI_TestData.xlsx"".
2023-01-22 15:47:38.875 &amp#27;[32m INFO&amp#27;[m &amp#27;[35m[@503 - main]&amp#27;[m &amp#27;[36mcom.shaft.tools.io.ReportManager&amp#27;[m : Successfully created attachment "Test Data - Excel"
2023-01-22 15:47:38.875 &amp#27;[32m INFO&amp#27;[m &amp#27;[35m[@503 - main]&amp#27;[m &amp#27;[36mcom.shaft.tools.io.ReportManager&amp#27;[m : File Action "DoesFileExist" successfully performed. With the following test data "File Path: "SteeringCompanyAPI_TestData/SteeringCompanyAPI_TestData.xlsx"".
2023-01-22 15:47:38.922 &amp#27;[32m INFO&amp#27;[m &amp#27;[35m[@503 - main]&amp#27;[m &amp#27;[36mcom.shaft.tools.io.ReportManager&amp#27;[m : Successfully created attachment "Test Data - Excel"
2023-01-22 15:47:38.923 &amp#27;[32m INFO&amp#27;[m &amp#27;[35m[@503 - main]&amp#27;[m &amp#27;[36mcom.shaft.tools.io.ReportManager&amp#27;[m : File Action "DoesFileExist" successfully performed. With the following test data "File Path: "SteeringCompanyAPI_TestData/SteeringCompanyAPI_TestData.xlsx"".
2023-01-22 15:47:38.971 &amp#27;[32m INFO&amp#27;[m &amp#27;[35m[@503 - main]&amp#27;[m &amp#27;[36mcom.shaft.tools.io.ReportManager&amp#27;[m : Successfully created attachment "Test Data - Excel"
2023-01-22 15:47:39.445 &amp#27;[32m INFO&amp#27;[m &amp#27;[35m[@503 - main]&amp#27;[m &amp#27;[36mcom.shaft.tools.io.ReportManager&amp#27;[m : Response status code: "200", status line: "HTTP/1.1 200 "
2023-01-22 15:47:39.465 &amp#27;[32m INFO&amp#27;[m &amp#27;[35m[@503 - main]&amp#27;[m &amp#27;[36mcom.shaft.tools.io.ReportManager&amp#27;[m : Successfully created attachment "API Request - Specifications"
2023-01-22 15:47:39.467 &amp#27;[32m INFO&amp#27;[m &amp#27;[35m[@503 - main]&amp#27;[m &amp#27;[36mcom.shaft.tools.io.ReportManager&amp#27;[m : Successfully created attachment "API Request - JSON Body"
2023-01-22 15:47:39.468 &amp#27;[32m INFO&amp#27;[m &amp#27;[35m[@503 - main]&amp#27;[m &amp#27;[36mcom.shaft.tools.io.ReportManager&amp#27;[m : Successfully created attachment "API Response - JSON Body"
2023-01-22 15:47:39.469 &amp#27;[32m INFO&amp#27;[m &amp#27;[35m[@503 - main]&amp#27;[m &amp#27;[36mcom.shaft.tools.io.ReportManager&amp#27;[m : File Action "DoesFileExist" successfully performed. With the following test data "File Path: "src/test/resources/testDataFiles/SteeringCompanyAPI_TestData/SteeringCompanyAPI_TestData.xlsx"".
2023-01-22 15:47:39.570 &amp#27;[32m INFO&amp#27;[m &amp#27;[35m[@503 - main]&amp#27;[m &amp#27;[36mcom.shaft.tools.io.ReportManager&amp#27;[m : File Action "DoesFileExist" successfully performed. With the following test data "File Path: "SteeringCompanyAPI_TestData/SteeringCompanyAPI_TestData.xlsx"".
2023-01-22 15:47:39.621 &amp#27;[32m INFO&amp#27;[m &amp#27;[35m[@503 - main]&amp#27;[m &amp#27;[36mcom.shaft.tools.io.ReportManager&amp#27;[m : Successfully created attachment "Test Data - Excel"
2023-01-22 15:47:39.621 &amp#27;[32m INFO&amp#27;[m &amp#27;[35m[@503 - main]&amp#27;[m &amp#27;[36mcom.shaft.tools.io.ReportManager&amp#27;[m : File Action "DoesFileExist" successfully performed. With the following test data "File Path: "SteeringCompanyAPI_TestData/SteeringCompanyAPI_TestData.xlsx"".
2023-01-22 15:47:39.670 &amp#27;[32m INFO&amp#27;[m &amp#27;[35m[@503 - main]&amp#27;[m &amp#27;[36mcom.shaft.tools.io.ReportManager&amp#27;[m : Successfully created attachment "Test Data - Excel"
2023-01-22 15:47:39.673 &amp#27;[32m INFO&amp#27;[m &amp#27;[35m[@503 - main]&amp#27;[m &amp#27;[36mcom.shaft.tools.io.ReportManager&amp#27;[m : File Action "DoesFileExist" successfully performed. With the following test data "File Path: "Schemas/Cancel_Policy_schema.json"".
2023-01-22 15:47:39.673 &amp#27;[32m INFO&amp#27;[m &amp#27;[35m[@503 - main]&amp#27;[m &amp#27;[36mcom.shaft.tools.io.ReportManager&amp#27;[m : File Action "DoesFileExist" successfully performed. With the following test data "File Path: "src/test/resources/testDataFiles/Schemas/Cancel_Policy_schema.json"".
2023-01-22 15:47:39.673 &amp#27;[32m INFO&amp#27;[m &amp#27;[35m[@503 - main]&amp#27;[m &amp#27;[36mcom.shaft.tools.io.ReportManager&amp#27;[m : File Action "GetAbsolutePath" successfully performed. With the following test data "Relative Folder Path: "src/test/resources/testDataFiles/Schemas/Cancel_Policy_schema.json"".
2023-01-22 15:47:39.676 &amp#27;[32m INFO&amp#27;[m &amp#27;[35m[@503 - main]&amp#27;[m &amp#27;[36mcom.shaft.tools.io.ReportManager&amp#27;[m : File Action "DoesFileExist" successfully performed. With the following test data "File Path: "C:\eclipse-workspace\MyProjects\TASystemsAPIs\src\test\resources\testDataFiles\Schemas\Cancel_Policy_schema.json"".
2023-01-22 15:47:39.676 &amp#27;[32m INFO&amp#27;[m &amp#27;[35m[@503 - main]&amp#27;[m &amp#27;[36mcom.shaft.tools.io.ReportManager&amp#27;[m : File Action "GetAbsolutePath" successfully performed. With the following test data "Relative Folder Path: "C:\eclipse-workspace\MyProjects\TASystemsAPIs\src\test\resources\testDataFiles\Schemas\Cancel_Policy_schema.json"".
2023-01-22 15:47:39.676 &amp#27;[32m INFO&amp#27;[m &amp#27;[35m[@503 - main]&amp#27;[m &amp#27;[36mcom.shaft.tools.io.ReportManager&amp#27;[m : File Action "ReadFile" successfully performed. With the following test data "File Path: "C:\eclipse-workspace\MyProjects\TASystemsAPIs\src\test\resources\testDataFiles\Schemas\Cancel_Policy_schema.json"".
2023-01-22 15:47:39.677 &amp#27;[32m INFO&amp#27;[m &amp#27;[35m[@503 - main]&amp#27;[m &amp#27;[36mcom.shaft.tools.io.ReportManager&amp#27;[m : Successfully created attachment "Validation Test Data - Expected JSON Value"
2023-01-22 15:47:39.678 &amp#27;[32m INFO&amp#27;[m &amp#27;[35m[@503 - main]&amp#27;[m &amp#27;[36mcom.shaft.tools.io.ReportManager&amp#27;[m : Successfully created attachment "Validation Test Data - Actual JSON Value"
2023-01-22 15:47:39.678 &amp#27;[32m INFO&amp#27;[m &amp#27;[35m[@503 - main]&amp#27;[m &amp#27;[36mcom.shaft.tools.io.ReportManager&amp#27;[m : Successfully created attachment "SHAFT Engine Logs - Current Method log: Valid_Update_Cancel_Policy_TC"
]]></system-out>
  </testcase>
  <testcase name="Valid_Update_Cancel_Policy_TC[[Ljava.lang.Object;@57e34628](2)" classname="SteeringCompanyAPI_TestCases.Test_Policies_Cases" time="1.653">
    <system-out><![CDATA[2023-01-22 15:47:39.682 &amp#27;[32m INFO&amp#27;[m &amp#27;[35m[@534 - main]&amp#27;[m &amp#27;[36mcom.shaft.tools.io.ReportManager&amp#27;[m : 
################################################################################################################################################
Starting Execution:	"313 out of 70" test cases in the current suite
Test Method:		"SteeringCompanyAPI_TestCases.Test_Policies_Cases.Valid_Update_Cancel_Policy_TC"
Test Description:	"TC010 -Policy- Perform Update Valid Cancel Policy"
################################################################################################################################################
2023-01-22 15:47:39.683 &amp#27;[32m INFO&amp#27;[m &amp#27;[35m[@503 - main]&amp#27;[m &amp#27;[36mcom.shaft.tools.io.ReportManager&amp#27;[m : File Action "DoesFileExist" successfully performed. With the following test data "File Path: "SteeringCompanyAPI_TestData/SteeringCompanyAPI_TestData.xlsx"".
2023-01-22 15:47:39.736 &amp#27;[32m INFO&amp#27;[m &amp#27;[35m[@503 - main]&amp#27;[m &amp#27;[36mcom.shaft.tools.io.ReportManager&amp#27;[m : Successfully created attachment "Test Data - Excel"
2023-01-22 15:47:40.318 &amp#27;[32m INFO&amp#27;[m &amp#27;[35m[@503 - main]&amp#27;[m &amp#27;[36mcom.shaft.tools.io.ReportManager&amp#27;[m : Response status code: "200", status line: "HTTP/1.1 200 OK"
2023-01-22 15:47:40.335 &amp#27;[32m INFO&amp#27;[m &amp#27;[35m[@503 - main]&amp#27;[m &amp#27;[36mcom.shaft.tools.io.ReportManager&amp#27;[m : Successfully created attachment "API Request - Specifications"
2023-01-22 15:47:40.338 &amp#27;[32m INFO&amp#27;[m &amp#27;[35m[@503 - main]&amp#27;[m &amp#27;[36mcom.shaft.tools.io.ReportManager&amp#27;[m : Successfully created attachment "API Request - Body"
2023-01-22 15:47:40.340 &amp#27;[32m INFO&amp#27;[m &amp#27;[35m[@503 - main]&amp#27;[m &amp#27;[36mcom.shaft.tools.io.ReportManager&amp#27;[m : Successfully created attachment "API Response - JSON Body"
2023-01-22 15:47:40.359 &amp#27;[32m INFO&amp#27;[m &amp#27;[35m[@503 - main]&amp#27;[m &amp#27;[36mcom.shaft.tools.io.ReportManager&amp#27;[m : File Action "DoesFileExist" successfully performed. With the following test data "File Path: "SteeringCompanyAPI_TestData/SteeringCompanyAPI_TestData.xlsx"".
2023-01-22 15:47:40.430 &amp#27;[32m INFO&amp#27;[m &amp#27;[35m[@503 - main]&amp#27;[m &amp#27;[36mcom.shaft.tools.io.ReportManager&amp#27;[m : Successfully created attachment "Test Data - Excel"
2023-01-22 15:47:40.432 &amp#27;[32m INFO&amp#27;[m &amp#27;[35m[@503 - main]&amp#27;[m &amp#27;[36mcom.shaft.tools.io.ReportManager&amp#27;[m : File Action "DoesFileExist" successfully performed. With the following test data "File Path: "SteeringCompanyAPI_TestData/SteeringCompanyAPI_TestData.xlsx"".
2023-01-22 15:47:40.500 &amp#27;[32m INFO&amp#27;[m &amp#27;[35m[@503 - main]&amp#27;[m &amp#27;[36mcom.shaft.tools.io.ReportManager&amp#27;[m : Successfully created attachment "Test Data - Excel"
2023-01-22 15:47:40.501 &amp#27;[32m INFO&amp#27;[m &amp#27;[35m[@503 - main]&amp#27;[m &amp#27;[36mcom.shaft.tools.io.ReportManager&amp#27;[m : File Action "DoesFileExist" successfully performed. With the following test data "File Path: "SteeringCompanyAPI_TestData/SteeringCompanyAPI_TestData.xlsx"".
2023-01-22 15:47:40.553 &amp#27;[32m INFO&amp#27;[m &amp#27;[35m[@503 - main]&amp#27;[m &amp#27;[36mcom.shaft.tools.io.ReportManager&amp#27;[m : Successfully created attachment "Test Data - Excel"
2023-01-22 15:47:41.025 &amp#27;[32m INFO&amp#27;[m &amp#27;[35m[@503 - main]&amp#27;[m &amp#27;[36mcom.shaft.tools.io.ReportManager&amp#27;[m : Response status code: "200", status line: "HTTP/1.1 200 "
2023-01-22 15:47:41.048 &amp#27;[32m INFO&amp#27;[m &amp#27;[35m[@503 - main]&amp#27;[m &amp#27;[36mcom.shaft.tools.io.ReportManager&amp#27;[m : Successfully created attachment "API Request - Specifications"
2023-01-22 15:47:41.050 &amp#27;[32m INFO&amp#27;[m &amp#27;[35m[@503 - main]&amp#27;[m &amp#27;[36mcom.shaft.tools.io.ReportManager&amp#27;[m : Successfully created attachment "API Request - JSON Body"
2023-01-22 15:47:41.051 &amp#27;[32m INFO&amp#27;[m &amp#27;[35m[@503 - main]&amp#27;[m &amp#27;[36mcom.shaft.tools.io.ReportManager&amp#27;[m : Successfully created attachment "API Response - JSON Body"
2023-01-22 15:47:41.052 &amp#27;[32m INFO&amp#27;[m &amp#27;[35m[@503 - main]&amp#27;[m &amp#27;[36mcom.shaft.tools.io.ReportManager&amp#27;[m : File Action "DoesFileExist" successfully performed. With the following test data "File Path: "src/test/resources/testDataFiles/SteeringCompanyAPI_TestData/SteeringCompanyAPI_TestData.xlsx"".
2023-01-22 15:47:41.206 &amp#27;[32m INFO&amp#27;[m &amp#27;[35m[@503 - main]&amp#27;[m &amp#27;[36mcom.shaft.tools.io.ReportManager&amp#27;[m : File Action "DoesFileExist" successfully performed. With the following test data "File Path: "SteeringCompanyAPI_TestData/SteeringCompanyAPI_TestData.xlsx"".
2023-01-22 15:47:41.274 &amp#27;[32m INFO&amp#27;[m &amp#27;[35m[@503 - main]&amp#27;[m &amp#27;[36mcom.shaft.tools.io.ReportManager&amp#27;[m : Successfully created attachment "Test Data - Excel"
2023-01-22 15:47:41.275 &amp#27;[32m INFO&amp#27;[m &amp#27;[35m[@503 - main]&amp#27;[m &amp#27;[36mcom.shaft.tools.io.ReportManager&amp#27;[m : File Action "DoesFileExist" successfully performed. With the following test data "File Path: "SteeringCompanyAPI_TestData/SteeringCompanyAPI_TestData.xlsx"".
2023-01-22 15:47:41.320 &amp#27;[32m INFO&amp#27;[m &amp#27;[35m[@503 - main]&amp#27;[m &amp#27;[36mcom.shaft.tools.io.ReportManager&amp#27;[m : Successfully created attachment "Test Data - Excel"
2023-01-22 15:47:41.322 &amp#27;[32m INFO&amp#27;[m &amp#27;[35m[@503 - main]&amp#27;[m &amp#27;[36mcom.shaft.tools.io.ReportManager&amp#27;[m : File Action "DoesFileExist" successfully performed. With the following test data "File Path: "Schemas/Cancel_Policy_schema.json"".
2023-01-22 15:47:41.322 &amp#27;[32m INFO&amp#27;[m &amp#27;[35m[@503 - main]&amp#27;[m &amp#27;[36mcom.shaft.tools.io.ReportManager&amp#27;[m : File Action "DoesFileExist" successfully performed. With the following test data "File Path: "src/test/resources/testDataFiles/Schemas/Cancel_Policy_schema.json"".
2023-01-22 15:47:41.323 &amp#27;[32m INFO&amp#27;[m &amp#27;[35m[@503 - main]&amp#27;[m &amp#27;[36mcom.shaft.tools.io.ReportManager&amp#27;[m : File Action "GetAbsolutePath" successfully performed. With the following test data "Relative Folder Path: "src/test/resources/testDataFiles/Schemas/Cancel_Policy_schema.json"".
2023-01-22 15:47:41.325 &amp#27;[32m INFO&amp#27;[m &amp#27;[35m[@503 - main]&amp#27;[m &amp#27;[36mcom.shaft.tools.io.ReportManager&amp#27;[m : File Action "DoesFileExist" successfully performed. With the following test data "File Path: "C:\eclipse-workspace\MyProjects\TASystemsAPIs\src\test\resources\testDataFiles\Schemas\Cancel_Policy_schema.json"".
2023-01-22 15:47:41.325 &amp#27;[32m INFO&amp#27;[m &amp#27;[35m[@503 - main]&amp#27;[m &amp#27;[36mcom.shaft.tools.io.ReportManager&amp#27;[m : File Action "GetAbsolutePath" successfully performed. With the following test data "Relative Folder Path: "C:\eclipse-workspace\MyProjects\TASystemsAPIs\src\test\resources\testDataFiles\Schemas\Cancel_Policy_schema.json"".
2023-01-22 15:47:41.325 &amp#27;[32m INFO&amp#27;[m &amp#27;[35m[@503 - main]&amp#27;[m &amp#27;[36mcom.shaft.tools.io.ReportManager&amp#27;[m : File Action "ReadFile" successfully performed. With the following test data "File Path: "C:\eclipse-workspace\MyProjects\TASystemsAPIs\src\test\resources\testDataFiles\Schemas\Cancel_Policy_schema.json"".
2023-01-22 15:47:41.328 &amp#27;[32m INFO&amp#27;[m &amp#27;[35m[@503 - main]&amp#27;[m &amp#27;[36mcom.shaft.tools.io.ReportManager&amp#27;[m : Successfully created attachment "Validation Test Data - Expected JSON Value"
2023-01-22 15:47:41.330 &amp#27;[32m INFO&amp#27;[m &amp#27;[35m[@503 - main]&amp#27;[m &amp#27;[36mcom.shaft.tools.io.ReportManager&amp#27;[m : Successfully created attachment "Validation Test Data - Actual JSON Value"
2023-01-22 15:47:41.332 &amp#27;[32m INFO&amp#27;[m &amp#27;[35m[@503 - main]&amp#27;[m &amp#27;[36mcom.shaft.tools.io.ReportManager&amp#27;[m : Successfully created attachment "SHAFT Engine Logs - Current Method log: Valid_Update_Cancel_Policy_TC"
]]></system-out>
  </testcase>
  <testcase name="Valid_Update_General_Policy_TC[[Ljava.lang.Object;@56551d65](1)" classname="SteeringCompanyAPI_TestCases.Test_Policies_Cases" time="1.672">
    <system-out><![CDATA[2023-01-22 15:47:41.341 &amp#27;[32m INFO&amp#27;[m &amp#27;[35m[@534 - main]&amp#27;[m &amp#27;[36mcom.shaft.tools.io.ReportManager&amp#27;[m : 
################################################################################################################################################
Starting Execution:	"314 out of 70" test cases in the current suite
Test Method:		"SteeringCompanyAPI_TestCases.Test_Policies_Cases.Valid_Update_General_Policy_TC"
Test Description:	"TC014 -Policy- Perform Update Valid General Policy"
################################################################################################################################################
2023-01-22 15:47:41.343 &amp#27;[32m INFO&amp#27;[m &amp#27;[35m[@503 - main]&amp#27;[m &amp#27;[36mcom.shaft.tools.io.ReportManager&amp#27;[m : File Action "DoesFileExist" successfully performed. With the following test data "File Path: "SteeringCompanyAPI_TestData/SteeringCompanyAPI_TestData.xlsx"".
2023-01-22 15:47:41.395 &amp#27;[32m INFO&amp#27;[m &amp#27;[35m[@503 - main]&amp#27;[m &amp#27;[36mcom.shaft.tools.io.ReportManager&amp#27;[m : Successfully created attachment "Test Data - Excel"
2023-01-22 15:47:41.994 &amp#27;[32m INFO&amp#27;[m &amp#27;[35m[@503 - main]&amp#27;[m &amp#27;[36mcom.shaft.tools.io.ReportManager&amp#27;[m : Response status code: "200", status line: "HTTP/1.1 200 OK"
2023-01-22 15:47:42.018 &amp#27;[32m INFO&amp#27;[m &amp#27;[35m[@503 - main]&amp#27;[m &amp#27;[36mcom.shaft.tools.io.ReportManager&amp#27;[m : Successfully created attachment "API Request - Specifications"
2023-01-22 15:47:42.018 &amp#27;[32m INFO&amp#27;[m &amp#27;[35m[@503 - main]&amp#27;[m &amp#27;[36mcom.shaft.tools.io.ReportManager&amp#27;[m : Successfully created attachment "API Request - Body"
2023-01-22 15:47:42.019 &amp#27;[32m INFO&amp#27;[m &amp#27;[35m[@503 - main]&amp#27;[m &amp#27;[36mcom.shaft.tools.io.ReportManager&amp#27;[m : Successfully created attachment "API Response - JSON Body"
2023-01-22 15:47:42.035 &amp#27;[32m INFO&amp#27;[m &amp#27;[35m[@503 - main]&amp#27;[m &amp#27;[36mcom.shaft.tools.io.ReportManager&amp#27;[m : File Action "DoesFileExist" successfully performed. With the following test data "File Path: "SteeringCompanyAPI_TestData/SteeringCompanyAPI_TestData.xlsx"".
2023-01-22 15:47:42.126 &amp#27;[32m INFO&amp#27;[m &amp#27;[35m[@503 - main]&amp#27;[m &amp#27;[36mcom.shaft.tools.io.ReportManager&amp#27;[m : Successfully created attachment "Test Data - Excel"
2023-01-22 15:47:42.127 &amp#27;[32m INFO&amp#27;[m &amp#27;[35m[@503 - main]&amp#27;[m &amp#27;[36mcom.shaft.tools.io.ReportManager&amp#27;[m : File Action "DoesFileExist" successfully performed. With the following test data "File Path: "SteeringCompanyAPI_TestData/SteeringCompanyAPI_TestData.xlsx"".
2023-01-22 15:47:42.211 &amp#27;[32m INFO&amp#27;[m &amp#27;[35m[@503 - main]&amp#27;[m &amp#27;[36mcom.shaft.tools.io.ReportManager&amp#27;[m : Successfully created attachment "Test Data - Excel"
2023-01-22 15:47:42.211 &amp#27;[32m INFO&amp#27;[m &amp#27;[35m[@503 - main]&amp#27;[m &amp#27;[36mcom.shaft.tools.io.ReportManager&amp#27;[m : File Action "DoesFileExist" successfully performed. With the following test data "File Path: "SteeringCompanyAPI_TestData/SteeringCompanyAPI_TestData.xlsx"".
2023-01-22 15:47:42.297 &amp#27;[32m INFO&amp#27;[m &amp#27;[35m[@503 - main]&amp#27;[m &amp#27;[36mcom.shaft.tools.io.ReportManager&amp#27;[m : Successfully created attachment "Test Data - Excel"
2023-01-22 15:47:42.770 &amp#27;[32m INFO&amp#27;[m &amp#27;[35m[@503 - main]&amp#27;[m &amp#27;[36mcom.shaft.tools.io.ReportManager&amp#27;[m : Response status code: "200", status line: "HTTP/1.1 200 "
2023-01-22 15:47:42.786 &amp#27;[32m INFO&amp#27;[m &amp#27;[35m[@503 - main]&amp#27;[m &amp#27;[36mcom.shaft.tools.io.ReportManager&amp#27;[m : Successfully created attachment "API Request - Specifications"
2023-01-22 15:47:42.788 &amp#27;[32m INFO&amp#27;[m &amp#27;[35m[@503 - main]&amp#27;[m &amp#27;[36mcom.shaft.tools.io.ReportManager&amp#27;[m : Successfully created attachment "API Request - JSON Body"
2023-01-22 15:47:42.791 &amp#27;[32m INFO&amp#27;[m &amp#27;[35m[@503 - main]&amp#27;[m &amp#27;[36mcom.shaft.tools.io.ReportManager&amp#27;[m : Successfully created attachment "API Response - JSON Body"
2023-01-22 15:47:42.792 &amp#27;[32m INFO&amp#27;[m &amp#27;[35m[@503 - main]&amp#27;[m &amp#27;[36mcom.shaft.tools.io.ReportManager&amp#27;[m : File Action "DoesFileExist" successfully performed. With the following test data "File Path: "src/test/resources/testDataFiles/SteeringCompanyAPI_TestData/SteeringCompanyAPI_TestData.xlsx"".
2023-01-22 15:47:42.885 &amp#27;[32m INFO&amp#27;[m &amp#27;[35m[@503 - main]&amp#27;[m &amp#27;[36mcom.shaft.tools.io.ReportManager&amp#27;[m : File Action "DoesFileExist" successfully performed. With the following test data "File Path: "SteeringCompanyAPI_TestData/SteeringCompanyAPI_TestData.xlsx"".
2023-01-22 15:47:42.943 &amp#27;[32m INFO&amp#27;[m &amp#27;[35m[@503 - main]&amp#27;[m &amp#27;[36mcom.shaft.tools.io.ReportManager&amp#27;[m : Successfully created attachment "Test Data - Excel"
2023-01-22 15:47:42.944 &amp#27;[32m INFO&amp#27;[m &amp#27;[35m[@503 - main]&amp#27;[m &amp#27;[36mcom.shaft.tools.io.ReportManager&amp#27;[m : File Action "DoesFileExist" successfully performed. With the following test data "File Path: "SteeringCompanyAPI_TestData/SteeringCompanyAPI_TestData.xlsx"".
2023-01-22 15:47:42.996 &amp#27;[32m INFO&amp#27;[m &amp#27;[35m[@503 - main]&amp#27;[m &amp#27;[36mcom.shaft.tools.io.ReportManager&amp#27;[m : Successfully created attachment "Test Data - Excel"
2023-01-22 15:47:42.998 &amp#27;[32m INFO&amp#27;[m &amp#27;[35m[@503 - main]&amp#27;[m &amp#27;[36mcom.shaft.tools.io.ReportManager&amp#27;[m : File Action "DoesFileExist" successfully performed. With the following test data "File Path: "Schemas/General_Policy_schema.json"".
2023-01-22 15:47:42.998 &amp#27;[32m INFO&amp#27;[m &amp#27;[35m[@503 - main]&amp#27;[m &amp#27;[36mcom.shaft.tools.io.ReportManager&amp#27;[m : File Action "DoesFileExist" successfully performed. With the following test data "File Path: "src/test/resources/testDataFiles/Schemas/General_Policy_schema.json"".
2023-01-22 15:47:42.998 &amp#27;[32m INFO&amp#27;[m &amp#27;[35m[@503 - main]&amp#27;[m &amp#27;[36mcom.shaft.tools.io.ReportManager&amp#27;[m : File Action "GetAbsolutePath" successfully performed. With the following test data "Relative Folder Path: "src/test/resources/testDataFiles/Schemas/General_Policy_schema.json"".
2023-01-22 15:47:43.001 &amp#27;[32m INFO&amp#27;[m &amp#27;[35m[@503 - main]&amp#27;[m &amp#27;[36mcom.shaft.tools.io.ReportManager&amp#27;[m : File Action "DoesFileExist" successfully performed. With the following test data "File Path: "C:\eclipse-workspace\MyProjects\TASystemsAPIs\src\test\resources\testDataFiles\Schemas\General_Policy_schema.json"".
2023-01-22 15:47:43.001 &amp#27;[32m INFO&amp#27;[m &amp#27;[35m[@503 - main]&amp#27;[m &amp#27;[36mcom.shaft.tools.io.ReportManager&amp#27;[m : File Action "GetAbsolutePath" successfully performed. With the following test data "Relative Folder Path: "C:\eclipse-workspace\MyProjects\TASystemsAPIs\src\test\resources\testDataFiles\Schemas\General_Policy_schema.json"".
2023-01-22 15:47:43.001 &amp#27;[32m INFO&amp#27;[m &amp#27;[35m[@503 - main]&amp#27;[m &amp#27;[36mcom.shaft.tools.io.ReportManager&amp#27;[m : File Action "ReadFile" successfully performed. With the following test data "File Path: "C:\eclipse-workspace\MyProjects\TASystemsAPIs\src\test\resources\testDataFiles\Schemas\General_Policy_schema.json"".
2023-01-22 15:47:43.003 &amp#27;[32m INFO&amp#27;[m &amp#27;[35m[@503 - main]&amp#27;[m &amp#27;[36mcom.shaft.tools.io.ReportManager&amp#27;[m : Successfully created attachment "Validation Test Data - Expected JSON Value"
2023-01-22 15:47:43.008 &amp#27;[32m INFO&amp#27;[m &amp#27;[35m[@503 - main]&amp#27;[m &amp#27;[36mcom.shaft.tools.io.ReportManager&amp#27;[m : Successfully created attachment "Validation Test Data - Actual JSON Value"
2023-01-22 15:47:43.010 &amp#27;[32m INFO&amp#27;[m &amp#27;[35m[@503 - main]&amp#27;[m &amp#27;[36mcom.shaft.tools.io.ReportManager&amp#27;[m : Successfully created attachment "SHAFT Engine Logs - Current Method log: Valid_Update_General_Policy_TC"
]]></system-out>
  </testcase>
  <testcase name="Valid_Update_General_Policy_TC[[Ljava.lang.Object;@1b81baff](2)" classname="SteeringCompanyAPI_TestCases.Test_Policies_Cases" time="1.524">
    <system-out><![CDATA[2023-01-22 15:47:43.014 &amp#27;[32m INFO&amp#27;[m &amp#27;[35m[@534 - main]&amp#27;[m &amp#27;[36mcom.shaft.tools.io.ReportManager&amp#27;[m : 
################################################################################################################################################
Starting Execution:	"315 out of 70" test cases in the current suite
Test Method:		"SteeringCompanyAPI_TestCases.Test_Policies_Cases.Valid_Update_General_Policy_TC"
Test Description:	"TC014 -Policy- Perform Update Valid General Policy"
################################################################################################################################################
2023-01-22 15:47:43.015 &amp#27;[32m INFO&amp#27;[m &amp#27;[35m[@503 - main]&amp#27;[m &amp#27;[36mcom.shaft.tools.io.ReportManager&amp#27;[m : File Action "DoesFileExist" successfully performed. With the following test data "File Path: "SteeringCompanyAPI_TestData/SteeringCompanyAPI_TestData.xlsx"".
2023-01-22 15:47:43.082 &amp#27;[32m INFO&amp#27;[m &amp#27;[35m[@503 - main]&amp#27;[m &amp#27;[36mcom.shaft.tools.io.ReportManager&amp#27;[m : Successfully created attachment "Test Data - Excel"
2023-01-22 15:47:43.674 &amp#27;[32m INFO&amp#27;[m &amp#27;[35m[@503 - main]&amp#27;[m &amp#27;[36mcom.shaft.tools.io.ReportManager&amp#27;[m : Response status code: "200", status line: "HTTP/1.1 200 OK"
2023-01-22 15:47:43.692 &amp#27;[32m INFO&amp#27;[m &amp#27;[35m[@503 - main]&amp#27;[m &amp#27;[36mcom.shaft.tools.io.ReportManager&amp#27;[m : Successfully created attachment "API Request - Specifications"
2023-01-22 15:47:43.694 &amp#27;[32m INFO&amp#27;[m &amp#27;[35m[@503 - main]&amp#27;[m &amp#27;[36mcom.shaft.tools.io.ReportManager&amp#27;[m : Successfully created attachment "API Request - Body"
2023-01-22 15:47:43.696 &amp#27;[32m INFO&amp#27;[m &amp#27;[35m[@503 - main]&amp#27;[m &amp#27;[36mcom.shaft.tools.io.ReportManager&amp#27;[m : Successfully created attachment "API Response - JSON Body"
2023-01-22 15:47:43.712 &amp#27;[32m INFO&amp#27;[m &amp#27;[35m[@503 - main]&amp#27;[m &amp#27;[36mcom.shaft.tools.io.ReportManager&amp#27;[m : File Action "DoesFileExist" successfully performed. With the following test data "File Path: "SteeringCompanyAPI_TestData/SteeringCompanyAPI_TestData.xlsx"".
2023-01-22 15:47:43.762 &amp#27;[32m INFO&amp#27;[m &amp#27;[35m[@503 - main]&amp#27;[m &amp#27;[36mcom.shaft.tools.io.ReportManager&amp#27;[m : Successfully created attachment "Test Data - Excel"
2023-01-22 15:47:43.762 &amp#27;[32m INFO&amp#27;[m &amp#27;[35m[@503 - main]&amp#27;[m &amp#27;[36mcom.shaft.tools.io.ReportManager&amp#27;[m : File Action "DoesFileExist" successfully performed. With the following test data "File Path: "SteeringCompanyAPI_TestData/SteeringCompanyAPI_TestData.xlsx"".
2023-01-22 15:47:43.806 &amp#27;[32m INFO&amp#27;[m &amp#27;[35m[@503 - main]&amp#27;[m &amp#27;[36mcom.shaft.tools.io.ReportManager&amp#27;[m : Successfully created attachment "Test Data - Excel"
2023-01-22 15:47:43.806 &amp#27;[32m INFO&amp#27;[m &amp#27;[35m[@503 - main]&amp#27;[m &amp#27;[36mcom.shaft.tools.io.ReportManager&amp#27;[m : File Action "DoesFileExist" successfully performed. With the following test data "File Path: "SteeringCompanyAPI_TestData/SteeringCompanyAPI_TestData.xlsx"".
2023-01-22 15:47:43.851 &amp#27;[32m INFO&amp#27;[m &amp#27;[35m[@503 - main]&amp#27;[m &amp#27;[36mcom.shaft.tools.io.ReportManager&amp#27;[m : Successfully created attachment "Test Data - Excel"
2023-01-22 15:47:44.313 &amp#27;[32m INFO&amp#27;[m &amp#27;[35m[@503 - main]&amp#27;[m &amp#27;[36mcom.shaft.tools.io.ReportManager&amp#27;[m : Response status code: "200", status line: "HTTP/1.1 200 "
2023-01-22 15:47:44.332 &amp#27;[32m INFO&amp#27;[m &amp#27;[35m[@503 - main]&amp#27;[m &amp#27;[36mcom.shaft.tools.io.ReportManager&amp#27;[m : Successfully created attachment "API Request - Specifications"
2023-01-22 15:47:44.334 &amp#27;[32m INFO&amp#27;[m &amp#27;[35m[@503 - main]&amp#27;[m &amp#27;[36mcom.shaft.tools.io.ReportManager&amp#27;[m : Successfully created attachment "API Request - JSON Body"
2023-01-22 15:47:44.335 &amp#27;[32m INFO&amp#27;[m &amp#27;[35m[@503 - main]&amp#27;[m &amp#27;[36mcom.shaft.tools.io.ReportManager&amp#27;[m : Successfully created attachment "API Response - JSON Body"
2023-01-22 15:47:44.335 &amp#27;[32m INFO&amp#27;[m &amp#27;[35m[@503 - main]&amp#27;[m &amp#27;[36mcom.shaft.tools.io.ReportManager&amp#27;[m : File Action "DoesFileExist" successfully performed. With the following test data "File Path: "src/test/resources/testDataFiles/SteeringCompanyAPI_TestData/SteeringCompanyAPI_TestData.xlsx"".
2023-01-22 15:47:44.428 &amp#27;[32m INFO&amp#27;[m &amp#27;[35m[@503 - main]&amp#27;[m &amp#27;[36mcom.shaft.tools.io.ReportManager&amp#27;[m : File Action "DoesFileExist" successfully performed. With the following test data "File Path: "SteeringCompanyAPI_TestData/SteeringCompanyAPI_TestData.xlsx"".
2023-01-22 15:47:44.471 &amp#27;[32m INFO&amp#27;[m &amp#27;[35m[@503 - main]&amp#27;[m &amp#27;[36mcom.shaft.tools.io.ReportManager&amp#27;[m : Successfully created attachment "Test Data - Excel"
2023-01-22 15:47:44.472 &amp#27;[32m INFO&amp#27;[m &amp#27;[35m[@503 - main]&amp#27;[m &amp#27;[36mcom.shaft.tools.io.ReportManager&amp#27;[m : File Action "DoesFileExist" successfully performed. With the following test data "File Path: "SteeringCompanyAPI_TestData/SteeringCompanyAPI_TestData.xlsx"".
2023-01-22 15:47:44.520 &amp#27;[32m INFO&amp#27;[m &amp#27;[35m[@503 - main]&amp#27;[m &amp#27;[36mcom.shaft.tools.io.ReportManager&amp#27;[m : Successfully created attachment "Test Data - Excel"
2023-01-22 15:47:44.522 &amp#27;[32m INFO&amp#27;[m &amp#27;[35m[@503 - main]&amp#27;[m &amp#27;[36mcom.shaft.tools.io.ReportManager&amp#27;[m : File Action "DoesFileExist" successfully performed. With the following test data "File Path: "Schemas/General_Policy_schema.json"".
2023-01-22 15:47:44.523 &amp#27;[32m INFO&amp#27;[m &amp#27;[35m[@503 - main]&amp#27;[m &amp#27;[36mcom.shaft.tools.io.ReportManager&amp#27;[m : File Action "DoesFileExist" successfully performed. With the following test data "File Path: "src/test/resources/testDataFiles/Schemas/General_Policy_schema.json"".
2023-01-22 15:47:44.523 &amp#27;[32m INFO&amp#27;[m &amp#27;[35m[@503 - main]&amp#27;[m &amp#27;[36mcom.shaft.tools.io.ReportManager&amp#27;[m : File Action "GetAbsolutePath" successfully performed. With the following test data "Relative Folder Path: "src/test/resources/testDataFiles/Schemas/General_Policy_schema.json"".
2023-01-22 15:47:44.526 &amp#27;[32m INFO&amp#27;[m &amp#27;[35m[@503 - main]&amp#27;[m &amp#27;[36mcom.shaft.tools.io.ReportManager&amp#27;[m : File Action "DoesFileExist" successfully performed. With the following test data "File Path: "C:\eclipse-workspace\MyProjects\TASystemsAPIs\src\test\resources\testDataFiles\Schemas\General_Policy_schema.json"".
2023-01-22 15:47:44.526 &amp#27;[32m INFO&amp#27;[m &amp#27;[35m[@503 - main]&amp#27;[m &amp#27;[36mcom.shaft.tools.io.ReportManager&amp#27;[m : File Action "GetAbsolutePath" successfully performed. With the following test data "Relative Folder Path: "C:\eclipse-workspace\MyProjects\TASystemsAPIs\src\test\resources\testDataFiles\Schemas\General_Policy_schema.json"".
2023-01-22 15:47:44.527 &amp#27;[32m INFO&amp#27;[m &amp#27;[35m[@503 - main]&amp#27;[m &amp#27;[36mcom.shaft.tools.io.ReportManager&amp#27;[m : File Action "ReadFile" successfully performed. With the following test data "File Path: "C:\eclipse-workspace\MyProjects\TASystemsAPIs\src\test\resources\testDataFiles\Schemas\General_Policy_schema.json"".
2023-01-22 15:47:44.530 &amp#27;[32m INFO&amp#27;[m &amp#27;[35m[@503 - main]&amp#27;[m &amp#27;[36mcom.shaft.tools.io.ReportManager&amp#27;[m : Successfully created attachment "Validation Test Data - Expected JSON Value"
2023-01-22 15:47:44.532 &amp#27;[32m INFO&amp#27;[m &amp#27;[35m[@503 - main]&amp#27;[m &amp#27;[36mcom.shaft.tools.io.ReportManager&amp#27;[m : Successfully created attachment "Validation Test Data - Actual JSON Value"
2023-01-22 15:47:44.533 &amp#27;[32m INFO&amp#27;[m &amp#27;[35m[@503 - main]&amp#27;[m &amp#27;[36mcom.shaft.tools.io.ReportManager&amp#27;[m : Successfully created attachment "SHAFT Engine Logs - Current Method log: Valid_Update_General_Policy_TC"
]]></system-out>
  </testcase>
  <testcase name="Valid_Update_Payment_Policy_TC[[Ljava.lang.Object;@45261025](1)" classname="SteeringCompanyAPI_TestCases.Test_Policies_Cases" time="1.596">
    <system-out><![CDATA[2023-01-22 15:47:44.548 &amp#27;[32m INFO&amp#27;[m &amp#27;[35m[@534 - main]&amp#27;[m &amp#27;[36mcom.shaft.tools.io.ReportManager&amp#27;[m : 
################################################################################################################################################
Starting Execution:	"316 out of 70" test cases in the current suite
Test Method:		"SteeringCompanyAPI_TestCases.Test_Policies_Cases.Valid_Update_Payment_Policy_TC"
Test Description:	"TC013 -Policy- Perform Update Valid Payment Policy"
################################################################################################################################################
2023-01-22 15:47:44.549 &amp#27;[32m INFO&amp#27;[m &amp#27;[35m[@503 - main]&amp#27;[m &amp#27;[36mcom.shaft.tools.io.ReportManager&amp#27;[m : File Action "DoesFileExist" successfully performed. With the following test data "File Path: "SteeringCompanyAPI_TestData/SteeringCompanyAPI_TestData.xlsx"".
2023-01-22 15:47:44.606 &amp#27;[32m INFO&amp#27;[m &amp#27;[35m[@503 - main]&amp#27;[m &amp#27;[36mcom.shaft.tools.io.ReportManager&amp#27;[m : Successfully created attachment "Test Data - Excel"
2023-01-22 15:47:45.196 &amp#27;[32m INFO&amp#27;[m &amp#27;[35m[@503 - main]&amp#27;[m &amp#27;[36mcom.shaft.tools.io.ReportManager&amp#27;[m : Response status code: "200", status line: "HTTP/1.1 200 OK"
2023-01-22 15:47:45.218 &amp#27;[32m INFO&amp#27;[m &amp#27;[35m[@503 - main]&amp#27;[m &amp#27;[36mcom.shaft.tools.io.ReportManager&amp#27;[m : Successfully created attachment "API Request - Specifications"
2023-01-22 15:47:45.222 &amp#27;[32m INFO&amp#27;[m &amp#27;[35m[@503 - main]&amp#27;[m &amp#27;[36mcom.shaft.tools.io.ReportManager&amp#27;[m : Successfully created attachment "API Request - Body"
2023-01-22 15:47:45.224 &amp#27;[32m INFO&amp#27;[m &amp#27;[35m[@503 - main]&amp#27;[m &amp#27;[36mcom.shaft.tools.io.ReportManager&amp#27;[m : Successfully created attachment "API Response - JSON Body"
2023-01-22 15:47:45.245 &amp#27;[32m INFO&amp#27;[m &amp#27;[35m[@503 - main]&amp#27;[m &amp#27;[36mcom.shaft.tools.io.ReportManager&amp#27;[m : File Action "DoesFileExist" successfully performed. With the following test data "File Path: "SteeringCompanyAPI_TestData/SteeringCompanyAPI_TestData.xlsx"".
2023-01-22 15:47:45.303 &amp#27;[32m INFO&amp#27;[m &amp#27;[35m[@503 - main]&amp#27;[m &amp#27;[36mcom.shaft.tools.io.ReportManager&amp#27;[m : Successfully created attachment "Test Data - Excel"
2023-01-22 15:47:45.303 &amp#27;[32m INFO&amp#27;[m &amp#27;[35m[@503 - main]&amp#27;[m &amp#27;[36mcom.shaft.tools.io.ReportManager&amp#27;[m : File Action "DoesFileExist" successfully performed. With the following test data "File Path: "SteeringCompanyAPI_TestData/SteeringCompanyAPI_TestData.xlsx"".
2023-01-22 15:47:45.354 &amp#27;[32m INFO&amp#27;[m &amp#27;[35m[@503 - main]&amp#27;[m &amp#27;[36mcom.shaft.tools.io.ReportManager&amp#27;[m : Successfully created attachment "Test Data - Excel"
2023-01-22 15:47:45.354 &amp#27;[32m INFO&amp#27;[m &amp#27;[35m[@503 - main]&amp#27;[m &amp#27;[36mcom.shaft.tools.io.ReportManager&amp#27;[m : File Action "DoesFileExist" successfully performed. With the following test data "File Path: "SteeringCompanyAPI_TestData/SteeringCompanyAPI_TestData.xlsx"".
2023-01-22 15:47:45.404 &amp#27;[32m INFO&amp#27;[m &amp#27;[35m[@503 - main]&amp#27;[m &amp#27;[36mcom.shaft.tools.io.ReportManager&amp#27;[m : Successfully created attachment "Test Data - Excel"
2023-01-22 15:47:45.872 &amp#27;[32m INFO&amp#27;[m &amp#27;[35m[@503 - main]&amp#27;[m &amp#27;[36mcom.shaft.tools.io.ReportManager&amp#27;[m : Response status code: "200", status line: "HTTP/1.1 200 "
2023-01-22 15:47:45.889 &amp#27;[32m INFO&amp#27;[m &amp#27;[35m[@503 - main]&amp#27;[m &amp#27;[36mcom.shaft.tools.io.ReportManager&amp#27;[m : Successfully created attachment "API Request - Specifications"
2023-01-22 15:47:45.890 &amp#27;[32m INFO&amp#27;[m &amp#27;[35m[@503 - main]&amp#27;[m &amp#27;[36mcom.shaft.tools.io.ReportManager&amp#27;[m : Successfully created attachment "API Request - JSON Body"
2023-01-22 15:47:45.890 &amp#27;[32m INFO&amp#27;[m &amp#27;[35m[@503 - main]&amp#27;[m &amp#27;[36mcom.shaft.tools.io.ReportManager&amp#27;[m : Successfully created attachment "API Response - JSON Body"
2023-01-22 15:47:45.890 &amp#27;[32m INFO&amp#27;[m &amp#27;[35m[@503 - main]&amp#27;[m &amp#27;[36mcom.shaft.tools.io.ReportManager&amp#27;[m : File Action "DoesFileExist" successfully performed. With the following test data "File Path: "src/test/resources/testDataFiles/SteeringCompanyAPI_TestData/SteeringCompanyAPI_TestData.xlsx"".
2023-01-22 15:47:45.983 &amp#27;[32m INFO&amp#27;[m &amp#27;[35m[@503 - main]&amp#27;[m &amp#27;[36mcom.shaft.tools.io.ReportManager&amp#27;[m : File Action "DoesFileExist" successfully performed. With the following test data "File Path: "SteeringCompanyAPI_TestData/SteeringCompanyAPI_TestData.xlsx"".
2023-01-22 15:47:46.073 &amp#27;[32m INFO&amp#27;[m &amp#27;[35m[@503 - main]&amp#27;[m &amp#27;[36mcom.shaft.tools.io.ReportManager&amp#27;[m : Successfully created attachment "Test Data - Excel"
2023-01-22 15:47:46.074 &amp#27;[32m INFO&amp#27;[m &amp#27;[35m[@503 - main]&amp#27;[m &amp#27;[36mcom.shaft.tools.io.ReportManager&amp#27;[m : File Action "DoesFileExist" successfully performed. With the following test data "File Path: "SteeringCompanyAPI_TestData/SteeringCompanyAPI_TestData.xlsx"".
2023-01-22 15:47:46.131 &amp#27;[32m INFO&amp#27;[m &amp#27;[35m[@503 - main]&amp#27;[m &amp#27;[36mcom.shaft.tools.io.ReportManager&amp#27;[m : Successfully created attachment "Test Data - Excel"
2023-01-22 15:47:46.133 &amp#27;[32m INFO&amp#27;[m &amp#27;[35m[@503 - main]&amp#27;[m &amp#27;[36mcom.shaft.tools.io.ReportManager&amp#27;[m : File Action "DoesFileExist" successfully performed. With the following test data "File Path: "Schemas/Payment_Policy_schema.json"".
2023-01-22 15:47:46.134 &amp#27;[32m INFO&amp#27;[m &amp#27;[35m[@503 - main]&amp#27;[m &amp#27;[36mcom.shaft.tools.io.ReportManager&amp#27;[m : File Action "DoesFileExist" successfully performed. With the following test data "File Path: "src/test/resources/testDataFiles/Schemas/Payment_Policy_schema.json"".
2023-01-22 15:47:46.134 &amp#27;[32m INFO&amp#27;[m &amp#27;[35m[@503 - main]&amp#27;[m &amp#27;[36mcom.shaft.tools.io.ReportManager&amp#27;[m : File Action "GetAbsolutePath" successfully performed. With the following test data "Relative Folder Path: "src/test/resources/testDataFiles/Schemas/Payment_Policy_schema.json"".
2023-01-22 15:47:46.135 &amp#27;[32m INFO&amp#27;[m &amp#27;[35m[@503 - main]&amp#27;[m &amp#27;[36mcom.shaft.tools.io.ReportManager&amp#27;[m : File Action "DoesFileExist" successfully performed. With the following test data "File Path: "C:\eclipse-workspace\MyProjects\TASystemsAPIs\src\test\resources\testDataFiles\Schemas\Payment_Policy_schema.json"".
2023-01-22 15:47:46.135 &amp#27;[32m INFO&amp#27;[m &amp#27;[35m[@503 - main]&amp#27;[m &amp#27;[36mcom.shaft.tools.io.ReportManager&amp#27;[m : File Action "GetAbsolutePath" successfully performed. With the following test data "Relative Folder Path: "C:\eclipse-workspace\MyProjects\TASystemsAPIs\src\test\resources\testDataFiles\Schemas\Payment_Policy_schema.json"".
2023-01-22 15:47:46.136 &amp#27;[32m INFO&amp#27;[m &amp#27;[35m[@503 - main]&amp#27;[m &amp#27;[36mcom.shaft.tools.io.ReportManager&amp#27;[m : File Action "ReadFile" successfully performed. With the following test data "File Path: "C:\eclipse-workspace\MyProjects\TASystemsAPIs\src\test\resources\testDataFiles\Schemas\Payment_Policy_schema.json"".
2023-01-22 15:47:46.137 &amp#27;[32m INFO&amp#27;[m &amp#27;[35m[@503 - main]&amp#27;[m &amp#27;[36mcom.shaft.tools.io.ReportManager&amp#27;[m : Successfully created attachment "Validation Test Data - Expected JSON Value"
2023-01-22 15:47:46.138 &amp#27;[32m INFO&amp#27;[m &amp#27;[35m[@503 - main]&amp#27;[m &amp#27;[36mcom.shaft.tools.io.ReportManager&amp#27;[m : Successfully created attachment "Validation Test Data - Actual JSON Value"
2023-01-22 15:47:46.140 &amp#27;[32m INFO&amp#27;[m &amp#27;[35m[@503 - main]&amp#27;[m &amp#27;[36mcom.shaft.tools.io.ReportManager&amp#27;[m : Successfully created attachment "SHAFT Engine Logs - Current Method log: Valid_Update_Payment_Policy_TC"
]]></system-out>
  </testcase>
  <testcase name="Valid_Update_Payment_Policy_TC[[Ljava.lang.Object;@627c84b4](2)" classname="SteeringCompanyAPI_TestCases.Test_Policies_Cases" time="1.554">
    <system-out><![CDATA[2023-01-22 15:47:46.144 &amp#27;[32m INFO&amp#27;[m &amp#27;[35m[@534 - main]&amp#27;[m &amp#27;[36mcom.shaft.tools.io.ReportManager&amp#27;[m : 
################################################################################################################################################
Starting Execution:	"317 out of 70" test cases in the current suite
Test Method:		"SteeringCompanyAPI_TestCases.Test_Policies_Cases.Valid_Update_Payment_Policy_TC"
Test Description:	"TC013 -Policy- Perform Update Valid Payment Policy"
################################################################################################################################################
2023-01-22 15:47:46.146 &amp#27;[32m INFO&amp#27;[m &amp#27;[35m[@503 - main]&amp#27;[m &amp#27;[36mcom.shaft.tools.io.ReportManager&amp#27;[m : File Action "DoesFileExist" successfully performed. With the following test data "File Path: "SteeringCompanyAPI_TestData/SteeringCompanyAPI_TestData.xlsx"".
2023-01-22 15:47:46.194 &amp#27;[32m INFO&amp#27;[m &amp#27;[35m[@503 - main]&amp#27;[m &amp#27;[36mcom.shaft.tools.io.ReportManager&amp#27;[m : Successfully created attachment "Test Data - Excel"
2023-01-22 15:47:46.801 &amp#27;[32m INFO&amp#27;[m &amp#27;[35m[@503 - main]&amp#27;[m &amp#27;[36mcom.shaft.tools.io.ReportManager&amp#27;[m : Response status code: "200", status line: "HTTP/1.1 200 OK"
2023-01-22 15:47:46.818 &amp#27;[32m INFO&amp#27;[m &amp#27;[35m[@503 - main]&amp#27;[m &amp#27;[36mcom.shaft.tools.io.ReportManager&amp#27;[m : Successfully created attachment "API Request - Specifications"
2023-01-22 15:47:46.819 &amp#27;[32m INFO&amp#27;[m &amp#27;[35m[@503 - main]&amp#27;[m &amp#27;[36mcom.shaft.tools.io.ReportManager&amp#27;[m : Successfully created attachment "API Request - Body"
2023-01-22 15:47:46.819 &amp#27;[32m INFO&amp#27;[m &amp#27;[35m[@503 - main]&amp#27;[m &amp#27;[36mcom.shaft.tools.io.ReportManager&amp#27;[m : Successfully created attachment "API Response - JSON Body"
2023-01-22 15:47:46.834 &amp#27;[32m INFO&amp#27;[m &amp#27;[35m[@503 - main]&amp#27;[m &amp#27;[36mcom.shaft.tools.io.ReportManager&amp#27;[m : File Action "DoesFileExist" successfully performed. With the following test data "File Path: "SteeringCompanyAPI_TestData/SteeringCompanyAPI_TestData.xlsx"".
2023-01-22 15:47:46.890 &amp#27;[32m INFO&amp#27;[m &amp#27;[35m[@503 - main]&amp#27;[m &amp#27;[36mcom.shaft.tools.io.ReportManager&amp#27;[m : Successfully created attachment "Test Data - Excel"
2023-01-22 15:47:46.890 &amp#27;[32m INFO&amp#27;[m &amp#27;[35m[@503 - main]&amp#27;[m &amp#27;[36mcom.shaft.tools.io.ReportManager&amp#27;[m : File Action "DoesFileExist" successfully performed. With the following test data "File Path: "SteeringCompanyAPI_TestData/SteeringCompanyAPI_TestData.xlsx"".
2023-01-22 15:47:46.938 &amp#27;[32m INFO&amp#27;[m &amp#27;[35m[@503 - main]&amp#27;[m &amp#27;[36mcom.shaft.tools.io.ReportManager&amp#27;[m : Successfully created attachment "Test Data - Excel"
2023-01-22 15:47:46.938 &amp#27;[32m INFO&amp#27;[m &amp#27;[35m[@503 - main]&amp#27;[m &amp#27;[36mcom.shaft.tools.io.ReportManager&amp#27;[m : File Action "DoesFileExist" successfully performed. With the following test data "File Path: "SteeringCompanyAPI_TestData/SteeringCompanyAPI_TestData.xlsx"".
2023-01-22 15:47:46.993 &amp#27;[32m INFO&amp#27;[m &amp#27;[35m[@503 - main]&amp#27;[m &amp#27;[36mcom.shaft.tools.io.ReportManager&amp#27;[m : Successfully created attachment "Test Data - Excel"
2023-01-22 15:47:47.457 &amp#27;[32m INFO&amp#27;[m &amp#27;[35m[@503 - main]&amp#27;[m &amp#27;[36mcom.shaft.tools.io.ReportManager&amp#27;[m : Response status code: "200", status line: "HTTP/1.1 200 "
2023-01-22 15:47:47.475 &amp#27;[32m INFO&amp#27;[m &amp#27;[35m[@503 - main]&amp#27;[m &amp#27;[36mcom.shaft.tools.io.ReportManager&amp#27;[m : Successfully created attachment "API Request - Specifications"
2023-01-22 15:47:47.479 &amp#27;[32m INFO&amp#27;[m &amp#27;[35m[@503 - main]&amp#27;[m &amp#27;[36mcom.shaft.tools.io.ReportManager&amp#27;[m : Successfully created attachment "API Request - JSON Body"
2023-01-22 15:47:47.480 &amp#27;[32m INFO&amp#27;[m &amp#27;[35m[@503 - main]&amp#27;[m &amp#27;[36mcom.shaft.tools.io.ReportManager&amp#27;[m : Successfully created attachment "API Response - JSON Body"
2023-01-22 15:47:47.480 &amp#27;[32m INFO&amp#27;[m &amp#27;[35m[@503 - main]&amp#27;[m &amp#27;[36mcom.shaft.tools.io.ReportManager&amp#27;[m : File Action "DoesFileExist" successfully performed. With the following test data "File Path: "src/test/resources/testDataFiles/SteeringCompanyAPI_TestData/SteeringCompanyAPI_TestData.xlsx"".
2023-01-22 15:47:47.594 &amp#27;[32m INFO&amp#27;[m &amp#27;[35m[@503 - main]&amp#27;[m &amp#27;[36mcom.shaft.tools.io.ReportManager&amp#27;[m : File Action "DoesFileExist" successfully performed. With the following test data "File Path: "SteeringCompanyAPI_TestData/SteeringCompanyAPI_TestData.xlsx"".
2023-01-22 15:47:47.635 &amp#27;[32m INFO&amp#27;[m &amp#27;[35m[@503 - main]&amp#27;[m &amp#27;[36mcom.shaft.tools.io.ReportManager&amp#27;[m : Successfully created attachment "Test Data - Excel"
2023-01-22 15:47:47.636 &amp#27;[32m INFO&amp#27;[m &amp#27;[35m[@503 - main]&amp#27;[m &amp#27;[36mcom.shaft.tools.io.ReportManager&amp#27;[m : File Action "DoesFileExist" successfully performed. With the following test data "File Path: "SteeringCompanyAPI_TestData/SteeringCompanyAPI_TestData.xlsx"".
2023-01-22 15:47:47.677 &amp#27;[32m INFO&amp#27;[m &amp#27;[35m[@503 - main]&amp#27;[m &amp#27;[36mcom.shaft.tools.io.ReportManager&amp#27;[m : Successfully created attachment "Test Data - Excel"
2023-01-22 15:47:47.678 &amp#27;[32m INFO&amp#27;[m &amp#27;[35m[@503 - main]&amp#27;[m &amp#27;[36mcom.shaft.tools.io.ReportManager&amp#27;[m : File Action "DoesFileExist" successfully performed. With the following test data "File Path: "Schemas/Payment_Policy_schema.json"".
2023-01-22 15:47:47.679 &amp#27;[32m INFO&amp#27;[m &amp#27;[35m[@503 - main]&amp#27;[m &amp#27;[36mcom.shaft.tools.io.ReportManager&amp#27;[m : File Action "DoesFileExist" successfully performed. With the following test data "File Path: "src/test/resources/testDataFiles/Schemas/Payment_Policy_schema.json"".
2023-01-22 15:47:47.679 &amp#27;[32m INFO&amp#27;[m &amp#27;[35m[@503 - main]&amp#27;[m &amp#27;[36mcom.shaft.tools.io.ReportManager&amp#27;[m : File Action "GetAbsolutePath" successfully performed. With the following test data "Relative Folder Path: "src/test/resources/testDataFiles/Schemas/Payment_Policy_schema.json"".
2023-01-22 15:47:47.683 &amp#27;[32m INFO&amp#27;[m &amp#27;[35m[@503 - main]&amp#27;[m &amp#27;[36mcom.shaft.tools.io.ReportManager&amp#27;[m : File Action "DoesFileExist" successfully performed. With the following test data "File Path: "C:\eclipse-workspace\MyProjects\TASystemsAPIs\src\test\resources\testDataFiles\Schemas\Payment_Policy_schema.json"".
2023-01-22 15:47:47.683 &amp#27;[32m INFO&amp#27;[m &amp#27;[35m[@503 - main]&amp#27;[m &amp#27;[36mcom.shaft.tools.io.ReportManager&amp#27;[m : File Action "GetAbsolutePath" successfully performed. With the following test data "Relative Folder Path: "C:\eclipse-workspace\MyProjects\TASystemsAPIs\src\test\resources\testDataFiles\Schemas\Payment_Policy_schema.json"".
2023-01-22 15:47:47.683 &amp#27;[32m INFO&amp#27;[m &amp#27;[35m[@503 - main]&amp#27;[m &amp#27;[36mcom.shaft.tools.io.ReportManager&amp#27;[m : File Action "ReadFile" successfully performed. With the following test data "File Path: "C:\eclipse-workspace\MyProjects\TASystemsAPIs\src\test\resources\testDataFiles\Schemas\Payment_Policy_schema.json"".
2023-01-22 15:47:47.690 &amp#27;[32m INFO&amp#27;[m &amp#27;[35m[@503 - main]&amp#27;[m &amp#27;[36mcom.shaft.tools.io.ReportManager&amp#27;[m : Successfully created attachment "Validation Test Data - Expected JSON Value"
2023-01-22 15:47:47.692 &amp#27;[32m INFO&amp#27;[m &amp#27;[35m[@503 - main]&amp#27;[m &amp#27;[36mcom.shaft.tools.io.ReportManager&amp#27;[m : Successfully created attachment "Validation Test Data - Actual JSON Value"
2023-01-22 15:47:47.693 &amp#27;[32m INFO&amp#27;[m &amp#27;[35m[@503 - main]&amp#27;[m &amp#27;[36mcom.shaft.tools.io.ReportManager&amp#27;[m : Successfully created attachment "SHAFT Engine Logs - Current Method log: Valid_Update_Payment_Policy_TC"
]]></system-out>
  </testcase>
  <testcase name="Valid_Update_Tax_Policy_TC[[Ljava.lang.Object;@6c91e939](1)" classname="SteeringCompanyAPI_TestCases.Test_Policies_Cases" time="1.661">
    <system-out><![CDATA[2023-01-22 15:47:47.705 &amp#27;[32m INFO&amp#27;[m &amp#27;[35m[@534 - main]&amp#27;[m &amp#27;[36mcom.shaft.tools.io.ReportManager&amp#27;[m : 
################################################################################################################################################
Starting Execution:	"318 out of 70" test cases in the current suite
Test Method:		"SteeringCompanyAPI_TestCases.Test_Policies_Cases.Valid_Update_Tax_Policy_TC"
Test Description:	"TC011 -Policy- Perform Update Valid Tax Policy"
################################################################################################################################################
2023-01-22 15:47:47.706 &amp#27;[32m INFO&amp#27;[m &amp#27;[35m[@503 - main]&amp#27;[m &amp#27;[36mcom.shaft.tools.io.ReportManager&amp#27;[m : File Action "DoesFileExist" successfully performed. With the following test data "File Path: "SteeringCompanyAPI_TestData/SteeringCompanyAPI_TestData.xlsx"".
2023-01-22 15:47:47.769 &amp#27;[32m INFO&amp#27;[m &amp#27;[35m[@503 - main]&amp#27;[m &amp#27;[36mcom.shaft.tools.io.ReportManager&amp#27;[m : Successfully created attachment "Test Data - Excel"
2023-01-22 15:47:48.365 &amp#27;[32m INFO&amp#27;[m &amp#27;[35m[@503 - main]&amp#27;[m &amp#27;[36mcom.shaft.tools.io.ReportManager&amp#27;[m : Response status code: "200", status line: "HTTP/1.1 200 OK"
2023-01-22 15:47:48.389 &amp#27;[32m INFO&amp#27;[m &amp#27;[35m[@503 - main]&amp#27;[m &amp#27;[36mcom.shaft.tools.io.ReportManager&amp#27;[m : Successfully created attachment "API Request - Specifications"
2023-01-22 15:47:48.390 &amp#27;[32m INFO&amp#27;[m &amp#27;[35m[@503 - main]&amp#27;[m &amp#27;[36mcom.shaft.tools.io.ReportManager&amp#27;[m : Successfully created attachment "API Request - Body"
2023-01-22 15:47:48.394 &amp#27;[32m INFO&amp#27;[m &amp#27;[35m[@503 - main]&amp#27;[m &amp#27;[36mcom.shaft.tools.io.ReportManager&amp#27;[m : Successfully created attachment "API Response - JSON Body"
2023-01-22 15:47:48.411 &amp#27;[32m INFO&amp#27;[m &amp#27;[35m[@503 - main]&amp#27;[m &amp#27;[36mcom.shaft.tools.io.ReportManager&amp#27;[m : File Action "DoesFileExist" successfully performed. With the following test data "File Path: "SteeringCompanyAPI_TestData/SteeringCompanyAPI_TestData.xlsx"".
2023-01-22 15:47:48.462 &amp#27;[32m INFO&amp#27;[m &amp#27;[35m[@503 - main]&amp#27;[m &amp#27;[36mcom.shaft.tools.io.ReportManager&amp#27;[m : Successfully created attachment "Test Data - Excel"
2023-01-22 15:47:48.462 &amp#27;[32m INFO&amp#27;[m &amp#27;[35m[@503 - main]&amp#27;[m &amp#27;[36mcom.shaft.tools.io.ReportManager&amp#27;[m : File Action "DoesFileExist" successfully performed. With the following test data "File Path: "SteeringCompanyAPI_TestData/SteeringCompanyAPI_TestData.xlsx"".
2023-01-22 15:47:48.516 &amp#27;[32m INFO&amp#27;[m &amp#27;[35m[@503 - main]&amp#27;[m &amp#27;[36mcom.shaft.tools.io.ReportManager&amp#27;[m : Successfully created attachment "Test Data - Excel"
2023-01-22 15:47:48.516 &amp#27;[32m INFO&amp#27;[m &amp#27;[35m[@503 - main]&amp#27;[m &amp#27;[36mcom.shaft.tools.io.ReportManager&amp#27;[m : File Action "DoesFileExist" successfully performed. With the following test data "File Path: "SteeringCompanyAPI_TestData/SteeringCompanyAPI_TestData.xlsx"".
2023-01-22 15:47:48.574 &amp#27;[32m INFO&amp#27;[m &amp#27;[35m[@503 - main]&amp#27;[m &amp#27;[36mcom.shaft.tools.io.ReportManager&amp#27;[m : Successfully created attachment "Test Data - Excel"
2023-01-22 15:47:49.053 &amp#27;[32m INFO&amp#27;[m &amp#27;[35m[@503 - main]&amp#27;[m &amp#27;[36mcom.shaft.tools.io.ReportManager&amp#27;[m : Response status code: "200", status line: "HTTP/1.1 200 "
2023-01-22 15:47:49.076 &amp#27;[32m INFO&amp#27;[m &amp#27;[35m[@503 - main]&amp#27;[m &amp#27;[36mcom.shaft.tools.io.ReportManager&amp#27;[m : Successfully created attachment "API Request - Specifications"
2023-01-22 15:47:49.078 &amp#27;[32m INFO&amp#27;[m &amp#27;[35m[@503 - main]&amp#27;[m &amp#27;[36mcom.shaft.tools.io.ReportManager&amp#27;[m : Successfully created attachment "API Request - JSON Body"
2023-01-22 15:47:49.079 &amp#27;[32m INFO&amp#27;[m &amp#27;[35m[@503 - main]&amp#27;[m &amp#27;[36mcom.shaft.tools.io.ReportManager&amp#27;[m : Successfully created attachment "API Response - JSON Body"
2023-01-22 15:47:49.079 &amp#27;[32m INFO&amp#27;[m &amp#27;[35m[@503 - main]&amp#27;[m &amp#27;[36mcom.shaft.tools.io.ReportManager&amp#27;[m : File Action "DoesFileExist" successfully performed. With the following test data "File Path: "src/test/resources/testDataFiles/SteeringCompanyAPI_TestData/SteeringCompanyAPI_TestData.xlsx"".
2023-01-22 15:47:49.204 &amp#27;[32m INFO&amp#27;[m &amp#27;[35m[@503 - main]&amp#27;[m &amp#27;[36mcom.shaft.tools.io.ReportManager&amp#27;[m : File Action "DoesFileExist" successfully performed. With the following test data "File Path: "SteeringCompanyAPI_TestData/SteeringCompanyAPI_TestData.xlsx"".
2023-01-22 15:47:49.262 &amp#27;[32m INFO&amp#27;[m &amp#27;[35m[@503 - main]&amp#27;[m &amp#27;[36mcom.shaft.tools.io.ReportManager&amp#27;[m : Successfully created attachment "Test Data - Excel"
2023-01-22 15:47:49.263 &amp#27;[32m INFO&amp#27;[m &amp#27;[35m[@503 - main]&amp#27;[m &amp#27;[36mcom.shaft.tools.io.ReportManager&amp#27;[m : File Action "DoesFileExist" successfully performed. With the following test data "File Path: "SteeringCompanyAPI_TestData/SteeringCompanyAPI_TestData.xlsx"".
2023-01-22 15:47:49.345 &amp#27;[32m INFO&amp#27;[m &amp#27;[35m[@503 - main]&amp#27;[m &amp#27;[36mcom.shaft.tools.io.ReportManager&amp#27;[m : Successfully created attachment "Test Data - Excel"
2023-01-22 15:47:49.348 &amp#27;[32m INFO&amp#27;[m &amp#27;[35m[@503 - main]&amp#27;[m &amp#27;[36mcom.shaft.tools.io.ReportManager&amp#27;[m : File Action "DoesFileExist" successfully performed. With the following test data "File Path: "Schemas/Tax_Policy_schema.json"".
2023-01-22 15:47:49.348 &amp#27;[32m INFO&amp#27;[m &amp#27;[35m[@503 - main]&amp#27;[m &amp#27;[36mcom.shaft.tools.io.ReportManager&amp#27;[m : File Action "DoesFileExist" successfully performed. With the following test data "File Path: "src/test/resources/testDataFiles/Schemas/Tax_Policy_schema.json"".
2023-01-22 15:47:49.348 &amp#27;[32m INFO&amp#27;[m &amp#27;[35m[@503 - main]&amp#27;[m &amp#27;[36mcom.shaft.tools.io.ReportManager&amp#27;[m : File Action "GetAbsolutePath" successfully performed. With the following test data "Relative Folder Path: "src/test/resources/testDataFiles/Schemas/Tax_Policy_schema.json"".
2023-01-22 15:47:49.353 &amp#27;[32m INFO&amp#27;[m &amp#27;[35m[@503 - main]&amp#27;[m &amp#27;[36mcom.shaft.tools.io.ReportManager&amp#27;[m : File Action "DoesFileExist" successfully performed. With the following test data "File Path: "C:\eclipse-workspace\MyProjects\TASystemsAPIs\src\test\resources\testDataFiles\Schemas\Tax_Policy_schema.json"".
2023-01-22 15:47:49.353 &amp#27;[32m INFO&amp#27;[m &amp#27;[35m[@503 - main]&amp#27;[m &amp#27;[36mcom.shaft.tools.io.ReportManager&amp#27;[m : File Action "GetAbsolutePath" successfully performed. With the following test data "Relative Folder Path: "C:\eclipse-workspace\MyProjects\TASystemsAPIs\src\test\resources\testDataFiles\Schemas\Tax_Policy_schema.json"".
2023-01-22 15:47:49.354 &amp#27;[32m INFO&amp#27;[m &amp#27;[35m[@503 - main]&amp#27;[m &amp#27;[36mcom.shaft.tools.io.ReportManager&amp#27;[m : File Action "ReadFile" successfully performed. With the following test data "File Path: "C:\eclipse-workspace\MyProjects\TASystemsAPIs\src\test\resources\testDataFiles\Schemas\Tax_Policy_schema.json"".
2023-01-22 15:47:49.357 &amp#27;[32m INFO&amp#27;[m &amp#27;[35m[@503 - main]&amp#27;[m &amp#27;[36mcom.shaft.tools.io.ReportManager&amp#27;[m : Successfully created attachment "Validation Test Data - Expected JSON Value"
2023-01-22 15:47:49.359 &amp#27;[32m INFO&amp#27;[m &amp#27;[35m[@503 - main]&amp#27;[m &amp#27;[36mcom.shaft.tools.io.ReportManager&amp#27;[m : Successfully created attachment "Validation Test Data - Actual JSON Value"
2023-01-22 15:47:49.361 &amp#27;[32m INFO&amp#27;[m &amp#27;[35m[@503 - main]&amp#27;[m &amp#27;[36mcom.shaft.tools.io.ReportManager&amp#27;[m : Successfully created attachment "SHAFT Engine Logs - Current Method log: Valid_Update_Tax_Policy_TC"
]]></system-out>
  </testcase>
  <testcase name="Valid_Update_Tax_Policy_TC[[Ljava.lang.Object;@41b6a571](2)" classname="SteeringCompanyAPI_TestCases.Test_Policies_Cases" time="1.581">
    <system-out><![CDATA[2023-01-22 15:47:49.369 &amp#27;[32m INFO&amp#27;[m &amp#27;[35m[@534 - main]&amp#27;[m &amp#27;[36mcom.shaft.tools.io.ReportManager&amp#27;[m : 
################################################################################################################################################
Starting Execution:	"319 out of 70" test cases in the current suite
Test Method:		"SteeringCompanyAPI_TestCases.Test_Policies_Cases.Valid_Update_Tax_Policy_TC"
Test Description:	"TC011 -Policy- Perform Update Valid Tax Policy"
################################################################################################################################################
2023-01-22 15:47:49.370 &amp#27;[32m INFO&amp#27;[m &amp#27;[35m[@503 - main]&amp#27;[m &amp#27;[36mcom.shaft.tools.io.ReportManager&amp#27;[m : File Action "DoesFileExist" successfully performed. With the following test data "File Path: "SteeringCompanyAPI_TestData/SteeringCompanyAPI_TestData.xlsx"".
2023-01-22 15:47:49.463 &amp#27;[32m INFO&amp#27;[m &amp#27;[35m[@503 - main]&amp#27;[m &amp#27;[36mcom.shaft.tools.io.ReportManager&amp#27;[m : Successfully created attachment "Test Data - Excel"
2023-01-22 15:47:50.038 &amp#27;[32m INFO&amp#27;[m &amp#27;[35m[@503 - main]&amp#27;[m &amp#27;[36mcom.shaft.tools.io.ReportManager&amp#27;[m : Response status code: "200", status line: "HTTP/1.1 200 OK"
2023-01-22 15:47:50.056 &amp#27;[32m INFO&amp#27;[m &amp#27;[35m[@503 - main]&amp#27;[m &amp#27;[36mcom.shaft.tools.io.ReportManager&amp#27;[m : Successfully created attachment "API Request - Specifications"
2023-01-22 15:47:50.060 &amp#27;[32m INFO&amp#27;[m &amp#27;[35m[@503 - main]&amp#27;[m &amp#27;[36mcom.shaft.tools.io.ReportManager&amp#27;[m : Successfully created attachment "API Request - Body"
2023-01-22 15:47:50.060 &amp#27;[32m INFO&amp#27;[m &amp#27;[35m[@503 - main]&amp#27;[m &amp#27;[36mcom.shaft.tools.io.ReportManager&amp#27;[m : Successfully created attachment "API Response - JSON Body"
2023-01-22 15:47:50.072 &amp#27;[32m INFO&amp#27;[m &amp#27;[35m[@503 - main]&amp#27;[m &amp#27;[36mcom.shaft.tools.io.ReportManager&amp#27;[m : File Action "DoesFileExist" successfully performed. With the following test data "File Path: "SteeringCompanyAPI_TestData/SteeringCompanyAPI_TestData.xlsx"".
2023-01-22 15:47:50.111 &amp#27;[32m INFO&amp#27;[m &amp#27;[35m[@503 - main]&amp#27;[m &amp#27;[36mcom.shaft.tools.io.ReportManager&amp#27;[m : Successfully created attachment "Test Data - Excel"
2023-01-22 15:47:50.112 &amp#27;[32m INFO&amp#27;[m &amp#27;[35m[@503 - main]&amp#27;[m &amp#27;[36mcom.shaft.tools.io.ReportManager&amp#27;[m : File Action "DoesFileExist" successfully performed. With the following test data "File Path: "SteeringCompanyAPI_TestData/SteeringCompanyAPI_TestData.xlsx"".
2023-01-22 15:47:50.167 &amp#27;[32m INFO&amp#27;[m &amp#27;[35m[@503 - main]&amp#27;[m &amp#27;[36mcom.shaft.tools.io.ReportManager&amp#27;[m : Successfully created attachment "Test Data - Excel"
2023-01-22 15:47:50.167 &amp#27;[32m INFO&amp#27;[m &amp#27;[35m[@503 - main]&amp#27;[m &amp#27;[36mcom.shaft.tools.io.ReportManager&amp#27;[m : File Action "DoesFileExist" successfully performed. With the following test data "File Path: "SteeringCompanyAPI_TestData/SteeringCompanyAPI_TestData.xlsx"".
2023-01-22 15:47:50.225 &amp#27;[32m INFO&amp#27;[m &amp#27;[35m[@503 - main]&amp#27;[m &amp#27;[36mcom.shaft.tools.io.ReportManager&amp#27;[m : Successfully created attachment "Test Data - Excel"
2023-01-22 15:47:50.694 &amp#27;[32m INFO&amp#27;[m &amp#27;[35m[@503 - main]&amp#27;[m &amp#27;[36mcom.shaft.tools.io.ReportManager&amp#27;[m : Response status code: "200", status line: "HTTP/1.1 200 "
2023-01-22 15:47:50.710 &amp#27;[32m INFO&amp#27;[m &amp#27;[35m[@503 - main]&amp#27;[m &amp#27;[36mcom.shaft.tools.io.ReportManager&amp#27;[m : Successfully created attachment "API Request - Specifications"
2023-01-22 15:47:50.711 &amp#27;[32m INFO&amp#27;[m &amp#27;[35m[@503 - main]&amp#27;[m &amp#27;[36mcom.shaft.tools.io.ReportManager&amp#27;[m : Successfully created attachment "API Request - JSON Body"
2023-01-22 15:47:50.711 &amp#27;[32m INFO&amp#27;[m &amp#27;[35m[@503 - main]&amp#27;[m &amp#27;[36mcom.shaft.tools.io.ReportManager&amp#27;[m : Successfully created attachment "API Response - JSON Body"
2023-01-22 15:47:50.711 &amp#27;[32m INFO&amp#27;[m &amp#27;[35m[@503 - main]&amp#27;[m &amp#27;[36mcom.shaft.tools.io.ReportManager&amp#27;[m : File Action "DoesFileExist" successfully performed. With the following test data "File Path: "src/test/resources/testDataFiles/SteeringCompanyAPI_TestData/SteeringCompanyAPI_TestData.xlsx"".
2023-01-22 15:47:50.819 &amp#27;[32m INFO&amp#27;[m &amp#27;[35m[@503 - main]&amp#27;[m &amp#27;[36mcom.shaft.tools.io.ReportManager&amp#27;[m : File Action "DoesFileExist" successfully performed. With the following test data "File Path: "SteeringCompanyAPI_TestData/SteeringCompanyAPI_TestData.xlsx"".
2023-01-22 15:47:50.873 &amp#27;[32m INFO&amp#27;[m &amp#27;[35m[@503 - main]&amp#27;[m &amp#27;[36mcom.shaft.tools.io.ReportManager&amp#27;[m : Successfully created attachment "Test Data - Excel"
2023-01-22 15:47:50.873 &amp#27;[32m INFO&amp#27;[m &amp#27;[35m[@503 - main]&amp#27;[m &amp#27;[36mcom.shaft.tools.io.ReportManager&amp#27;[m : File Action "DoesFileExist" successfully performed. With the following test data "File Path: "SteeringCompanyAPI_TestData/SteeringCompanyAPI_TestData.xlsx"".
2023-01-22 15:47:50.929 &amp#27;[32m INFO&amp#27;[m &amp#27;[35m[@503 - main]&amp#27;[m &amp#27;[36mcom.shaft.tools.io.ReportManager&amp#27;[m : Successfully created attachment "Test Data - Excel"
2023-01-22 15:47:50.930 &amp#27;[32m INFO&amp#27;[m &amp#27;[35m[@503 - main]&amp#27;[m &amp#27;[36mcom.shaft.tools.io.ReportManager&amp#27;[m : File Action "DoesFileExist" successfully performed. With the following test data "File Path: "Schemas/Tax_Policy_schema.json"".
2023-01-22 15:47:50.931 &amp#27;[32m INFO&amp#27;[m &amp#27;[35m[@503 - main]&amp#27;[m &amp#27;[36mcom.shaft.tools.io.ReportManager&amp#27;[m : File Action "DoesFileExist" successfully performed. With the following test data "File Path: "src/test/resources/testDataFiles/Schemas/Tax_Policy_schema.json"".
2023-01-22 15:47:50.931 &amp#27;[32m INFO&amp#27;[m &amp#27;[35m[@503 - main]&amp#27;[m &amp#27;[36mcom.shaft.tools.io.ReportManager&amp#27;[m : File Action "GetAbsolutePath" successfully performed. With the following test data "Relative Folder Path: "src/test/resources/testDataFiles/Schemas/Tax_Policy_schema.json"".
2023-01-22 15:47:50.934 &amp#27;[32m INFO&amp#27;[m &amp#27;[35m[@503 - main]&amp#27;[m &amp#27;[36mcom.shaft.tools.io.ReportManager&amp#27;[m : File Action "DoesFileExist" successfully performed. With the following test data "File Path: "C:\eclipse-workspace\MyProjects\TASystemsAPIs\src\test\resources\testDataFiles\Schemas\Tax_Policy_schema.json"".
2023-01-22 15:47:50.934 &amp#27;[32m INFO&amp#27;[m &amp#27;[35m[@503 - main]&amp#27;[m &amp#27;[36mcom.shaft.tools.io.ReportManager&amp#27;[m : File Action "GetAbsolutePath" successfully performed. With the following test data "Relative Folder Path: "C:\eclipse-workspace\MyProjects\TASystemsAPIs\src\test\resources\testDataFiles\Schemas\Tax_Policy_schema.json"".
2023-01-22 15:47:50.935 &amp#27;[32m INFO&amp#27;[m &amp#27;[35m[@503 - main]&amp#27;[m &amp#27;[36mcom.shaft.tools.io.ReportManager&amp#27;[m : File Action "ReadFile" successfully performed. With the following test data "File Path: "C:\eclipse-workspace\MyProjects\TASystemsAPIs\src\test\resources\testDataFiles\Schemas\Tax_Policy_schema.json"".
2023-01-22 15:47:50.938 &amp#27;[32m INFO&amp#27;[m &amp#27;[35m[@503 - main]&amp#27;[m &amp#27;[36mcom.shaft.tools.io.ReportManager&amp#27;[m : Successfully created attachment "Validation Test Data - Expected JSON Value"
2023-01-22 15:47:50.940 &amp#27;[32m INFO&amp#27;[m &amp#27;[35m[@503 - main]&amp#27;[m &amp#27;[36mcom.shaft.tools.io.ReportManager&amp#27;[m : Successfully created attachment "Validation Test Data - Actual JSON Value"
2023-01-22 15:47:50.942 &amp#27;[32m INFO&amp#27;[m &amp#27;[35m[@503 - main]&amp#27;[m &amp#27;[36mcom.shaft.tools.io.ReportManager&amp#27;[m : Successfully created attachment "SHAFT Engine Logs - Current Method log: Valid_Update_Tax_Policy_TC"
]]></system-out>
  </testcase>
  <testcase name="Valid_Update_Usage_Policy_TC[[Ljava.lang.Object;@5ecb23bb](1)" classname="SteeringCompanyAPI_TestCases.Test_Policies_Cases" time="1.571">
    <system-out><![CDATA[2023-01-22 15:47:50.954 &amp#27;[32m INFO&amp#27;[m &amp#27;[35m[@534 - main]&amp#27;[m &amp#27;[36mcom.shaft.tools.io.ReportManager&amp#27;[m : 
################################################################################################################################################
Starting Execution:	"320 out of 70" test cases in the current suite
Test Method:		"SteeringCompanyAPI_TestCases.Test_Policies_Cases.Valid_Update_Usage_Policy_TC"
Test Description:	"TC012 -Policy- Perform Update Valid Usage Policy"
################################################################################################################################################
2023-01-22 15:47:50.954 &amp#27;[32m INFO&amp#27;[m &amp#27;[35m[@503 - main]&amp#27;[m &amp#27;[36mcom.shaft.tools.io.ReportManager&amp#27;[m : File Action "DoesFileExist" successfully performed. With the following test data "File Path: "SteeringCompanyAPI_TestData/SteeringCompanyAPI_TestData.xlsx"".
2023-01-22 15:47:51.022 &amp#27;[32m INFO&amp#27;[m &amp#27;[35m[@503 - main]&amp#27;[m &amp#27;[36mcom.shaft.tools.io.ReportManager&amp#27;[m : Successfully created attachment "Test Data - Excel"
2023-01-22 15:47:51.648 &amp#27;[32m INFO&amp#27;[m &amp#27;[35m[@503 - main]&amp#27;[m &amp#27;[36mcom.shaft.tools.io.ReportManager&amp#27;[m : Response status code: "200", status line: "HTTP/1.1 200 OK"
2023-01-22 15:47:51.662 &amp#27;[32m INFO&amp#27;[m &amp#27;[35m[@503 - main]&amp#27;[m &amp#27;[36mcom.shaft.tools.io.ReportManager&amp#27;[m : Successfully created attachment "API Request - Specifications"
2023-01-22 15:47:51.667 &amp#27;[32m INFO&amp#27;[m &amp#27;[35m[@503 - main]&amp#27;[m &amp#27;[36mcom.shaft.tools.io.ReportManager&amp#27;[m : Successfully created attachment "API Request - Body"
2023-01-22 15:47:51.667 &amp#27;[32m INFO&amp#27;[m &amp#27;[35m[@503 - main]&amp#27;[m &amp#27;[36mcom.shaft.tools.io.ReportManager&amp#27;[m : Successfully created attachment "API Response - JSON Body"
2023-01-22 15:47:51.682 &amp#27;[32m INFO&amp#27;[m &amp#27;[35m[@503 - main]&amp#27;[m &amp#27;[36mcom.shaft.tools.io.ReportManager&amp#27;[m : File Action "DoesFileExist" successfully performed. With the following test data "File Path: "SteeringCompanyAPI_TestData/SteeringCompanyAPI_TestData.xlsx"".
2023-01-22 15:47:51.731 &amp#27;[32m INFO&amp#27;[m &amp#27;[35m[@503 - main]&amp#27;[m &amp#27;[36mcom.shaft.tools.io.ReportManager&amp#27;[m : Successfully created attachment "Test Data - Excel"
2023-01-22 15:47:51.731 &amp#27;[32m INFO&amp#27;[m &amp#27;[35m[@503 - main]&amp#27;[m &amp#27;[36mcom.shaft.tools.io.ReportManager&amp#27;[m : File Action "DoesFileExist" successfully performed. With the following test data "File Path: "SteeringCompanyAPI_TestData/SteeringCompanyAPI_TestData.xlsx"".
2023-01-22 15:47:51.784 &amp#27;[32m INFO&amp#27;[m &amp#27;[35m[@503 - main]&amp#27;[m &amp#27;[36mcom.shaft.tools.io.ReportManager&amp#27;[m : Successfully created attachment "Test Data - Excel"
2023-01-22 15:47:51.784 &amp#27;[32m INFO&amp#27;[m &amp#27;[35m[@503 - main]&amp#27;[m &amp#27;[36mcom.shaft.tools.io.ReportManager&amp#27;[m : File Action "DoesFileExist" successfully performed. With the following test data "File Path: "SteeringCompanyAPI_TestData/SteeringCompanyAPI_TestData.xlsx"".
2023-01-22 15:47:51.817 &amp#27;[32m INFO&amp#27;[m &amp#27;[35m[@503 - main]&amp#27;[m &amp#27;[36mcom.shaft.tools.io.ReportManager&amp#27;[m : Successfully created attachment "Test Data - Excel"
2023-01-22 15:47:52.287 &amp#27;[32m INFO&amp#27;[m &amp#27;[35m[@503 - main]&amp#27;[m &amp#27;[36mcom.shaft.tools.io.ReportManager&amp#27;[m : Response status code: "200", status line: "HTTP/1.1 200 "
2023-01-22 15:47:52.303 &amp#27;[32m INFO&amp#27;[m &amp#27;[35m[@503 - main]&amp#27;[m &amp#27;[36mcom.shaft.tools.io.ReportManager&amp#27;[m : Successfully created attachment "API Request - Specifications"
2023-01-22 15:47:52.304 &amp#27;[32m INFO&amp#27;[m &amp#27;[35m[@503 - main]&amp#27;[m &amp#27;[36mcom.shaft.tools.io.ReportManager&amp#27;[m : Successfully created attachment "API Request - JSON Body"
2023-01-22 15:47:52.306 &amp#27;[32m INFO&amp#27;[m &amp#27;[35m[@503 - main]&amp#27;[m &amp#27;[36mcom.shaft.tools.io.ReportManager&amp#27;[m : Successfully created attachment "API Response - JSON Body"
2023-01-22 15:47:52.306 &amp#27;[32m INFO&amp#27;[m &amp#27;[35m[@503 - main]&amp#27;[m &amp#27;[36mcom.shaft.tools.io.ReportManager&amp#27;[m : File Action "DoesFileExist" successfully performed. With the following test data "File Path: "src/test/resources/testDataFiles/SteeringCompanyAPI_TestData/SteeringCompanyAPI_TestData.xlsx"".
2023-01-22 15:47:52.409 &amp#27;[32m INFO&amp#27;[m &amp#27;[35m[@503 - main]&amp#27;[m &amp#27;[36mcom.shaft.tools.io.ReportManager&amp#27;[m : File Action "DoesFileExist" successfully performed. With the following test data "File Path: "SteeringCompanyAPI_TestData/SteeringCompanyAPI_TestData.xlsx"".
2023-01-22 15:47:52.461 &amp#27;[32m INFO&amp#27;[m &amp#27;[35m[@503 - main]&amp#27;[m &amp#27;[36mcom.shaft.tools.io.ReportManager&amp#27;[m : Successfully created attachment "Test Data - Excel"
2023-01-22 15:47:52.462 &amp#27;[32m INFO&amp#27;[m &amp#27;[35m[@503 - main]&amp#27;[m &amp#27;[36mcom.shaft.tools.io.ReportManager&amp#27;[m : File Action "DoesFileExist" successfully performed. With the following test data "File Path: "SteeringCompanyAPI_TestData/SteeringCompanyAPI_TestData.xlsx"".
2023-01-22 15:47:52.505 &amp#27;[32m INFO&amp#27;[m &amp#27;[35m[@503 - main]&amp#27;[m &amp#27;[36mcom.shaft.tools.io.ReportManager&amp#27;[m : Successfully created attachment "Test Data - Excel"
2023-01-22 15:47:52.508 &amp#27;[32m INFO&amp#27;[m &amp#27;[35m[@503 - main]&amp#27;[m &amp#27;[36mcom.shaft.tools.io.ReportManager&amp#27;[m : File Action "DoesFileExist" successfully performed. With the following test data "File Path: "Schemas/Usage_Policy_schema.json"".
2023-01-22 15:47:52.508 &amp#27;[32m INFO&amp#27;[m &amp#27;[35m[@503 - main]&amp#27;[m &amp#27;[36mcom.shaft.tools.io.ReportManager&amp#27;[m : File Action "DoesFileExist" successfully performed. With the following test data "File Path: "src/test/resources/testDataFiles/Schemas/Usage_Policy_schema.json"".
2023-01-22 15:47:52.509 &amp#27;[32m INFO&amp#27;[m &amp#27;[35m[@503 - main]&amp#27;[m &amp#27;[36mcom.shaft.tools.io.ReportManager&amp#27;[m : File Action "GetAbsolutePath" successfully performed. With the following test data "Relative Folder Path: "src/test/resources/testDataFiles/Schemas/Usage_Policy_schema.json"".
2023-01-22 15:47:52.513 &amp#27;[32m INFO&amp#27;[m &amp#27;[35m[@503 - main]&amp#27;[m &amp#27;[36mcom.shaft.tools.io.ReportManager&amp#27;[m : File Action "DoesFileExist" successfully performed. With the following test data "File Path: "C:\eclipse-workspace\MyProjects\TASystemsAPIs\src\test\resources\testDataFiles\Schemas\Usage_Policy_schema.json"".
2023-01-22 15:47:52.514 &amp#27;[32m INFO&amp#27;[m &amp#27;[35m[@503 - main]&amp#27;[m &amp#27;[36mcom.shaft.tools.io.ReportManager&amp#27;[m : File Action "GetAbsolutePath" successfully performed. With the following test data "Relative Folder Path: "C:\eclipse-workspace\MyProjects\TASystemsAPIs\src\test\resources\testDataFiles\Schemas\Usage_Policy_schema.json"".
2023-01-22 15:47:52.514 &amp#27;[32m INFO&amp#27;[m &amp#27;[35m[@503 - main]&amp#27;[m &amp#27;[36mcom.shaft.tools.io.ReportManager&amp#27;[m : File Action "ReadFile" successfully performed. With the following test data "File Path: "C:\eclipse-workspace\MyProjects\TASystemsAPIs\src\test\resources\testDataFiles\Schemas\Usage_Policy_schema.json"".
2023-01-22 15:47:52.517 &amp#27;[32m INFO&amp#27;[m &amp#27;[35m[@503 - main]&amp#27;[m &amp#27;[36mcom.shaft.tools.io.ReportManager&amp#27;[m : Successfully created attachment "Validation Test Data - Expected JSON Value"
2023-01-22 15:47:52.519 &amp#27;[32m INFO&amp#27;[m &amp#27;[35m[@503 - main]&amp#27;[m &amp#27;[36mcom.shaft.tools.io.ReportManager&amp#27;[m : Successfully created attachment "Validation Test Data - Actual JSON Value"
2023-01-22 15:47:52.522 &amp#27;[32m INFO&amp#27;[m &amp#27;[35m[@503 - main]&amp#27;[m &amp#27;[36mcom.shaft.tools.io.ReportManager&amp#27;[m : Successfully created attachment "SHAFT Engine Logs - Current Method log: Valid_Update_Usage_Policy_TC"
]]></system-out>
  </testcase>
  <testcase name="Valid_Update_Usage_Policy_TC[[Ljava.lang.Object;@3ab4b08](2)" classname="SteeringCompanyAPI_TestCases.Test_Policies_Cases" time="1.692">
    <system-out><![CDATA[2023-01-22 15:47:52.524 &amp#27;[32m INFO&amp#27;[m &amp#27;[35m[@534 - main]&amp#27;[m &amp#27;[36mcom.shaft.tools.io.ReportManager&amp#27;[m : 
################################################################################################################################################
Starting Execution:	"321 out of 70" test cases in the current suite
Test Method:		"SteeringCompanyAPI_TestCases.Test_Policies_Cases.Valid_Update_Usage_Policy_TC"
Test Description:	"TC012 -Policy- Perform Update Valid Usage Policy"
################################################################################################################################################
2023-01-22 15:47:52.525 &amp#27;[32m INFO&amp#27;[m &amp#27;[35m[@503 - main]&amp#27;[m &amp#27;[36mcom.shaft.tools.io.ReportManager&amp#27;[m : File Action "DoesFileExist" successfully performed. With the following test data "File Path: "SteeringCompanyAPI_TestData/SteeringCompanyAPI_TestData.xlsx"".
2023-01-22 15:47:52.582 &amp#27;[32m INFO&amp#27;[m &amp#27;[35m[@503 - main]&amp#27;[m &amp#27;[36mcom.shaft.tools.io.ReportManager&amp#27;[m : Successfully created attachment "Test Data - Excel"
2023-01-22 15:47:53.184 &amp#27;[32m INFO&amp#27;[m &amp#27;[35m[@503 - main]&amp#27;[m &amp#27;[36mcom.shaft.tools.io.ReportManager&amp#27;[m : Response status code: "200", status line: "HTTP/1.1 200 OK"
2023-01-22 15:47:53.200 &amp#27;[32m INFO&amp#27;[m &amp#27;[35m[@503 - main]&amp#27;[m &amp#27;[36mcom.shaft.tools.io.ReportManager&amp#27;[m : Successfully created attachment "API Request - Specifications"
2023-01-22 15:47:53.201 &amp#27;[32m INFO&amp#27;[m &amp#27;[35m[@503 - main]&amp#27;[m &amp#27;[36mcom.shaft.tools.io.ReportManager&amp#27;[m : Successfully created attachment "API Request - Body"
2023-01-22 15:47:53.204 &amp#27;[32m INFO&amp#27;[m &amp#27;[35m[@503 - main]&amp#27;[m &amp#27;[36mcom.shaft.tools.io.ReportManager&amp#27;[m : Successfully created attachment "API Response - JSON Body"
2023-01-22 15:47:53.219 &amp#27;[32m INFO&amp#27;[m &amp#27;[35m[@503 - main]&amp#27;[m &amp#27;[36mcom.shaft.tools.io.ReportManager&amp#27;[m : File Action "DoesFileExist" successfully performed. With the following test data "File Path: "SteeringCompanyAPI_TestData/SteeringCompanyAPI_TestData.xlsx"".
2023-01-22 15:47:53.274 &amp#27;[32m INFO&amp#27;[m &amp#27;[35m[@503 - main]&amp#27;[m &amp#27;[36mcom.shaft.tools.io.ReportManager&amp#27;[m : Successfully created attachment "Test Data - Excel"
2023-01-22 15:47:53.274 &amp#27;[32m INFO&amp#27;[m &amp#27;[35m[@503 - main]&amp#27;[m &amp#27;[36mcom.shaft.tools.io.ReportManager&amp#27;[m : File Action "DoesFileExist" successfully performed. With the following test data "File Path: "SteeringCompanyAPI_TestData/SteeringCompanyAPI_TestData.xlsx"".
2023-01-22 15:47:53.324 &amp#27;[32m INFO&amp#27;[m &amp#27;[35m[@503 - main]&amp#27;[m &amp#27;[36mcom.shaft.tools.io.ReportManager&amp#27;[m : Successfully created attachment "Test Data - Excel"
2023-01-22 15:47:53.324 &amp#27;[32m INFO&amp#27;[m &amp#27;[35m[@503 - main]&amp#27;[m &amp#27;[36mcom.shaft.tools.io.ReportManager&amp#27;[m : File Action "DoesFileExist" successfully performed. With the following test data "File Path: "SteeringCompanyAPI_TestData/SteeringCompanyAPI_TestData.xlsx"".
2023-01-22 15:47:53.377 &amp#27;[32m INFO&amp#27;[m &amp#27;[35m[@503 - main]&amp#27;[m &amp#27;[36mcom.shaft.tools.io.ReportManager&amp#27;[m : Successfully created attachment "Test Data - Excel"
2023-01-22 15:47:53.854 &amp#27;[32m INFO&amp#27;[m &amp#27;[35m[@503 - main]&amp#27;[m &amp#27;[36mcom.shaft.tools.io.ReportManager&amp#27;[m : Response status code: "200", status line: "HTTP/1.1 200 "
2023-01-22 15:47:53.873 &amp#27;[32m INFO&amp#27;[m &amp#27;[35m[@503 - main]&amp#27;[m &amp#27;[36mcom.shaft.tools.io.ReportManager&amp#27;[m : Successfully created attachment "API Request - Specifications"
2023-01-22 15:47:53.876 &amp#27;[32m INFO&amp#27;[m &amp#27;[35m[@503 - main]&amp#27;[m &amp#27;[36mcom.shaft.tools.io.ReportManager&amp#27;[m : Successfully created attachment "API Request - JSON Body"
2023-01-22 15:47:53.878 &amp#27;[32m INFO&amp#27;[m &amp#27;[35m[@503 - main]&amp#27;[m &amp#27;[36mcom.shaft.tools.io.ReportManager&amp#27;[m : Successfully created attachment "API Response - JSON Body"
2023-01-22 15:47:53.879 &amp#27;[32m INFO&amp#27;[m &amp#27;[35m[@503 - main]&amp#27;[m &amp#27;[36mcom.shaft.tools.io.ReportManager&amp#27;[m : File Action "DoesFileExist" successfully performed. With the following test data "File Path: "src/test/resources/testDataFiles/SteeringCompanyAPI_TestData/SteeringCompanyAPI_TestData.xlsx"".
2023-01-22 15:47:54.052 &amp#27;[32m INFO&amp#27;[m &amp#27;[35m[@503 - main]&amp#27;[m &amp#27;[36mcom.shaft.tools.io.ReportManager&amp#27;[m : File Action "DoesFileExist" successfully performed. With the following test data "File Path: "SteeringCompanyAPI_TestData/SteeringCompanyAPI_TestData.xlsx"".
2023-01-22 15:47:54.126 &amp#27;[32m INFO&amp#27;[m &amp#27;[35m[@503 - main]&amp#27;[m &amp#27;[36mcom.shaft.tools.io.ReportManager&amp#27;[m : Successfully created attachment "Test Data - Excel"
2023-01-22 15:47:54.126 &amp#27;[32m INFO&amp#27;[m &amp#27;[35m[@503 - main]&amp#27;[m &amp#27;[36mcom.shaft.tools.io.ReportManager&amp#27;[m : File Action "DoesFileExist" successfully performed. With the following test data "File Path: "SteeringCompanyAPI_TestData/SteeringCompanyAPI_TestData.xlsx"".
2023-01-22 15:47:54.201 &amp#27;[32m INFO&amp#27;[m &amp#27;[35m[@503 - main]&amp#27;[m &amp#27;[36mcom.shaft.tools.io.ReportManager&amp#27;[m : Successfully created attachment "Test Data - Excel"
2023-01-22 15:47:54.202 &amp#27;[32m INFO&amp#27;[m &amp#27;[35m[@503 - main]&amp#27;[m &amp#27;[36mcom.shaft.tools.io.ReportManager&amp#27;[m : File Action "DoesFileExist" successfully performed. With the following test data "File Path: "Schemas/Usage_Policy_schema.json"".
2023-01-22 15:47:54.202 &amp#27;[32m INFO&amp#27;[m &amp#27;[35m[@503 - main]&amp#27;[m &amp#27;[36mcom.shaft.tools.io.ReportManager&amp#27;[m : File Action "DoesFileExist" successfully performed. With the following test data "File Path: "src/test/resources/testDataFiles/Schemas/Usage_Policy_schema.json"".
2023-01-22 15:47:54.202 &amp#27;[32m INFO&amp#27;[m &amp#27;[35m[@503 - main]&amp#27;[m &amp#27;[36mcom.shaft.tools.io.ReportManager&amp#27;[m : File Action "GetAbsolutePath" successfully performed. With the following test data "Relative Folder Path: "src/test/resources/testDataFiles/Schemas/Usage_Policy_schema.json"".
2023-01-22 15:47:54.206 &amp#27;[32m INFO&amp#27;[m &amp#27;[35m[@503 - main]&amp#27;[m &amp#27;[36mcom.shaft.tools.io.ReportManager&amp#27;[m : File Action "DoesFileExist" successfully performed. With the following test data "File Path: "C:\eclipse-workspace\MyProjects\TASystemsAPIs\src\test\resources\testDataFiles\Schemas\Usage_Policy_schema.json"".
2023-01-22 15:47:54.206 &amp#27;[32m INFO&amp#27;[m &amp#27;[35m[@503 - main]&amp#27;[m &amp#27;[36mcom.shaft.tools.io.ReportManager&amp#27;[m : File Action "GetAbsolutePath" successfully performed. With the following test data "Relative Folder Path: "C:\eclipse-workspace\MyProjects\TASystemsAPIs\src\test\resources\testDataFiles\Schemas\Usage_Policy_schema.json"".
2023-01-22 15:47:54.207 &amp#27;[32m INFO&amp#27;[m &amp#27;[35m[@503 - main]&amp#27;[m &amp#27;[36mcom.shaft.tools.io.ReportManager&amp#27;[m : File Action "ReadFile" successfully performed. With the following test data "File Path: "C:\eclipse-workspace\MyProjects\TASystemsAPIs\src\test\resources\testDataFiles\Schemas\Usage_Policy_schema.json"".
2023-01-22 15:47:54.210 &amp#27;[32m INFO&amp#27;[m &amp#27;[35m[@503 - main]&amp#27;[m &amp#27;[36mcom.shaft.tools.io.ReportManager&amp#27;[m : Successfully created attachment "Validation Test Data - Expected JSON Value"
2023-01-22 15:47:54.211 &amp#27;[32m INFO&amp#27;[m &amp#27;[35m[@503 - main]&amp#27;[m &amp#27;[36mcom.shaft.tools.io.ReportManager&amp#27;[m : Successfully created attachment "Validation Test Data - Actual JSON Value"
2023-01-22 15:47:54.213 &amp#27;[32m INFO&amp#27;[m &amp#27;[35m[@503 - main]&amp#27;[m &amp#27;[36mcom.shaft.tools.io.ReportManager&amp#27;[m : Successfully created attachment "SHAFT Engine Logs - Current Method log: Valid_Update_Usage_Policy_TC"
]]></system-out>
  </testcase>
  <testcase name="Bad_Token_RQ_TC" classname="SteeringCompanyAPI_TestCases.Test_Token_Cases" time="0.583">
    <system-out><![CDATA[2023-01-22 15:47:54.217 &amp#27;[32m INFO&amp#27;[m &amp#27;[35m[@534 - main]&amp#27;[m &amp#27;[36mcom.shaft.tools.io.ReportManager&amp#27;[m : 
################################################################################################################################################
Starting Execution of a Configuration (Setup or Teardown) Method
Test Method:		"SteeringCompanyAPI_TestCases.Test_Token_Cases.Setup_data"
################################################################################################################################################
2023-01-22 15:47:54.219 &amp#27;[32m INFO&amp#27;[m &amp#27;[35m[@503 - main]&amp#27;[m &amp#27;[36mcom.shaft.tools.io.ReportManager&amp#27;[m : File Action "DoesFileExist" successfully performed. With the following test data "File Path: "SteeringCompanyAPI_TestData/SteeringCompanyAPI_TestData.xlsx"".
2023-01-22 15:47:54.289 &amp#27;[32m INFO&amp#27;[m &amp#27;[35m[@503 - main]&amp#27;[m &amp#27;[36mcom.shaft.tools.io.ReportManager&amp#27;[m : Successfully created attachment "Test Data - Excel"
2023-01-22 15:47:54.290 &amp#27;[31mERROR&amp#27;[m &amp#27;[35m[@609 - main]&amp#27;[m &amp#27;[36mio.qameta.allure.AllureLifecycle&amp#27;[m : Could not add attachment: no test is running
2023-01-22 15:47:54.292 &amp#27;[32m INFO&amp#27;[m &amp#27;[35m[@503 - main]&amp#27;[m &amp#27;[36mcom.shaft.tools.io.ReportManager&amp#27;[m : Successfully created attachment "SHAFT Engine Logs - Current Method log: Setup_data"
2023-01-22 15:47:54.295 &amp#27;[32m INFO&amp#27;[m &amp#27;[35m[@534 - main]&amp#27;[m &amp#27;[36mcom.shaft.tools.io.ReportManager&amp#27;[m : 
################################################################################################################################################
Starting Execution:	"322 out of 70" test cases in the current suite
Test Method:		"SteeringCompanyAPI_TestCases.Test_Token_Cases.Bad_Token_RQ_TC"
Test Description:	"TC003 - Perform Post Token API with empty request body"
################################################################################################################################################
2023-01-22 15:47:54.296 &amp#27;[32m INFO&amp#27;[m &amp#27;[35m[@503 - main]&amp#27;[m &amp#27;[36mcom.shaft.tools.io.ReportManager&amp#27;[m : File Action "DoesFileExist" successfully performed. With the following test data "File Path: "SteeringCompanyAPI_TestData/SteeringCompanyAPI_TestData.xlsx"".
2023-01-22 15:47:54.384 &amp#27;[32m INFO&amp#27;[m &amp#27;[35m[@503 - main]&amp#27;[m &amp#27;[36mcom.shaft.tools.io.ReportManager&amp#27;[m : Successfully created attachment "Test Data - Excel"
2023-01-22 15:47:54.838 &amp#27;[32m INFO&amp#27;[m &amp#27;[35m[@503 - main]&amp#27;[m &amp#27;[36mcom.shaft.tools.io.ReportManager&amp#27;[m : Response status code: "400", status line: "HTTP/1.1 400 Bad Request"
2023-01-22 15:47:54.858 &amp#27;[32m INFO&amp#27;[m &amp#27;[35m[@503 - main]&amp#27;[m &amp#27;[36mcom.shaft.tools.io.ReportManager&amp#27;[m : Successfully created attachment "API Request - Specifications"
2023-01-22 15:47:54.860 &amp#27;[32m INFO&amp#27;[m &amp#27;[35m[@503 - main]&amp#27;[m &amp#27;[36mcom.shaft.tools.io.ReportManager&amp#27;[m : Successfully created attachment "API Response - JSON Body"
2023-01-22 15:47:54.862 &amp#27;[32m INFO&amp#27;[m &amp#27;[35m[@503 - main]&amp#27;[m &amp#27;[36mcom.shaft.tools.io.ReportManager&amp#27;[m : Get response jsonvalue "error_description".
2023-01-22 15:47:54.863 &amp#27;[32m INFO&amp#27;[m &amp#27;[35m[@503 - main]&amp#27;[m &amp#27;[36mcom.shaft.tools.io.ReportManager&amp#27;[m : File Action "DoesFileExist" successfully performed. With the following test data "File Path: "Schemas/Token_Unauthorized_schema.json"".
2023-01-22 15:47:54.863 &amp#27;[32m INFO&amp#27;[m &amp#27;[35m[@503 - main]&amp#27;[m &amp#27;[36mcom.shaft.tools.io.ReportManager&amp#27;[m : File Action "DoesFileExist" successfully performed. With the following test data "File Path: "src/test/resources/testDataFiles/Schemas/Token_Unauthorized_schema.json"".
2023-01-22 15:47:54.863 &amp#27;[32m INFO&amp#27;[m &amp#27;[35m[@503 - main]&amp#27;[m &amp#27;[36mcom.shaft.tools.io.ReportManager&amp#27;[m : File Action "GetAbsolutePath" successfully performed. With the following test data "Relative Folder Path: "src/test/resources/testDataFiles/Schemas/Token_Unauthorized_schema.json"".
2023-01-22 15:47:54.865 &amp#27;[32m INFO&amp#27;[m &amp#27;[35m[@503 - main]&amp#27;[m &amp#27;[36mcom.shaft.tools.io.ReportManager&amp#27;[m : File Action "DoesFileExist" successfully performed. With the following test data "File Path: "C:\eclipse-workspace\MyProjects\TASystemsAPIs\src\test\resources\testDataFiles\Schemas\Token_Unauthorized_schema.json"".
2023-01-22 15:47:54.865 &amp#27;[32m INFO&amp#27;[m &amp#27;[35m[@503 - main]&amp#27;[m &amp#27;[36mcom.shaft.tools.io.ReportManager&amp#27;[m : File Action "GetAbsolutePath" successfully performed. With the following test data "Relative Folder Path: "C:\eclipse-workspace\MyProjects\TASystemsAPIs\src\test\resources\testDataFiles\Schemas\Token_Unauthorized_schema.json"".
2023-01-22 15:47:54.865 &amp#27;[32m INFO&amp#27;[m &amp#27;[35m[@503 - main]&amp#27;[m &amp#27;[36mcom.shaft.tools.io.ReportManager&amp#27;[m : File Action "ReadFile" successfully performed. With the following test data "File Path: "C:\eclipse-workspace\MyProjects\TASystemsAPIs\src\test\resources\testDataFiles\Schemas\Token_Unauthorized_schema.json"".
2023-01-22 15:47:54.867 &amp#27;[32m INFO&amp#27;[m &amp#27;[35m[@503 - main]&amp#27;[m &amp#27;[36mcom.shaft.tools.io.ReportManager&amp#27;[m : Successfully created attachment "Validation Test Data - Expected JSON Value"
2023-01-22 15:47:54.871 &amp#27;[32m INFO&amp#27;[m &amp#27;[35m[@503 - main]&amp#27;[m &amp#27;[36mcom.shaft.tools.io.ReportManager&amp#27;[m : Successfully created attachment "Validation Test Data - Actual JSON Value"
2023-01-22 15:47:54.873 &amp#27;[32m INFO&amp#27;[m &amp#27;[35m[@503 - main]&amp#27;[m &amp#27;[36mcom.shaft.tools.io.ReportManager&amp#27;[m : Successfully created attachment "SHAFT Engine Logs - Current Method log: Bad_Token_RQ_TC"
]]></system-out>
  </testcase>
  <testcase name="InValid_Token_RQ_TC" classname="SteeringCompanyAPI_TestCases.Test_Token_Cases" time="0.572">
    <system-out><![CDATA[2023-01-22 15:47:54.879 &amp#27;[32m INFO&amp#27;[m &amp#27;[35m[@534 - main]&amp#27;[m &amp#27;[36mcom.shaft.tools.io.ReportManager&amp#27;[m : 
################################################################################################################################################
Starting Execution:	"323 out of 70" test cases in the current suite
Test Method:		"SteeringCompanyAPI_TestCases.Test_Token_Cases.InValid_Token_RQ_TC"
Test Description:	"TC002 - Perform Post Token API with Invalid user name and password"
################################################################################################################################################
2023-01-22 15:47:54.879 &amp#27;[32m INFO&amp#27;[m &amp#27;[35m[@503 - main]&amp#27;[m &amp#27;[36mcom.shaft.tools.io.ReportManager&amp#27;[m : File Action "DoesFileExist" successfully performed. With the following test data "File Path: "SteeringCompanyAPI_TestData/SteeringCompanyAPI_TestData.xlsx"".
2023-01-22 15:47:54.945 &amp#27;[32m INFO&amp#27;[m &amp#27;[35m[@503 - main]&amp#27;[m &amp#27;[36mcom.shaft.tools.io.ReportManager&amp#27;[m : Successfully created attachment "Test Data - Excel"
2023-01-22 15:47:55.406 &amp#27;[32m INFO&amp#27;[m &amp#27;[35m[@503 - main]&amp#27;[m &amp#27;[36mcom.shaft.tools.io.ReportManager&amp#27;[m : Response status code: "401", status line: "HTTP/1.1 401 Unauthorized"
2023-01-22 15:47:55.428 &amp#27;[32m INFO&amp#27;[m &amp#27;[35m[@503 - main]&amp#27;[m &amp#27;[36mcom.shaft.tools.io.ReportManager&amp#27;[m : Successfully created attachment "API Request - Specifications"
2023-01-22 15:47:55.428 &amp#27;[32m INFO&amp#27;[m &amp#27;[35m[@503 - main]&amp#27;[m &amp#27;[36mcom.shaft.tools.io.ReportManager&amp#27;[m : Successfully created attachment "API Request - Body"
2023-01-22 15:47:55.433 &amp#27;[32m INFO&amp#27;[m &amp#27;[35m[@503 - main]&amp#27;[m &amp#27;[36mcom.shaft.tools.io.ReportManager&amp#27;[m : Successfully created attachment "API Response - JSON Body"
2023-01-22 15:47:55.435 &amp#27;[32m INFO&amp#27;[m &amp#27;[35m[@503 - main]&amp#27;[m &amp#27;[36mcom.shaft.tools.io.ReportManager&amp#27;[m : Get response jsonvalue "error_description".
2023-01-22 15:47:55.436 &amp#27;[32m INFO&amp#27;[m &amp#27;[35m[@503 - main]&amp#27;[m &amp#27;[36mcom.shaft.tools.io.ReportManager&amp#27;[m : File Action "DoesFileExist" successfully performed. With the following test data "File Path: "Schemas/Token_Unauthorized_schema.json"".
2023-01-22 15:47:55.436 &amp#27;[32m INFO&amp#27;[m &amp#27;[35m[@503 - main]&amp#27;[m &amp#27;[36mcom.shaft.tools.io.ReportManager&amp#27;[m : File Action "DoesFileExist" successfully performed. With the following test data "File Path: "src/test/resources/testDataFiles/Schemas/Token_Unauthorized_schema.json"".
2023-01-22 15:47:55.436 &amp#27;[32m INFO&amp#27;[m &amp#27;[35m[@503 - main]&amp#27;[m &amp#27;[36mcom.shaft.tools.io.ReportManager&amp#27;[m : File Action "GetAbsolutePath" successfully performed. With the following test data "Relative Folder Path: "src/test/resources/testDataFiles/Schemas/Token_Unauthorized_schema.json"".
2023-01-22 15:47:55.439 &amp#27;[32m INFO&amp#27;[m &amp#27;[35m[@503 - main]&amp#27;[m &amp#27;[36mcom.shaft.tools.io.ReportManager&amp#27;[m : File Action "DoesFileExist" successfully performed. With the following test data "File Path: "C:\eclipse-workspace\MyProjects\TASystemsAPIs\src\test\resources\testDataFiles\Schemas\Token_Unauthorized_schema.json"".
2023-01-22 15:47:55.440 &amp#27;[32m INFO&amp#27;[m &amp#27;[35m[@503 - main]&amp#27;[m &amp#27;[36mcom.shaft.tools.io.ReportManager&amp#27;[m : File Action "GetAbsolutePath" successfully performed. With the following test data "Relative Folder Path: "C:\eclipse-workspace\MyProjects\TASystemsAPIs\src\test\resources\testDataFiles\Schemas\Token_Unauthorized_schema.json"".
2023-01-22 15:47:55.440 &amp#27;[32m INFO&amp#27;[m &amp#27;[35m[@503 - main]&amp#27;[m &amp#27;[36mcom.shaft.tools.io.ReportManager&amp#27;[m : File Action "ReadFile" successfully performed. With the following test data "File Path: "C:\eclipse-workspace\MyProjects\TASystemsAPIs\src\test\resources\testDataFiles\Schemas\Token_Unauthorized_schema.json"".
2023-01-22 15:47:55.442 &amp#27;[32m INFO&amp#27;[m &amp#27;[35m[@503 - main]&amp#27;[m &amp#27;[36mcom.shaft.tools.io.ReportManager&amp#27;[m : Successfully created attachment "Validation Test Data - Expected JSON Value"
2023-01-22 15:47:55.444 &amp#27;[32m INFO&amp#27;[m &amp#27;[35m[@503 - main]&amp#27;[m &amp#27;[36mcom.shaft.tools.io.ReportManager&amp#27;[m : Successfully created attachment "Validation Test Data - Actual JSON Value"
2023-01-22 15:47:55.446 &amp#27;[32m INFO&amp#27;[m &amp#27;[35m[@503 - main]&amp#27;[m &amp#27;[36mcom.shaft.tools.io.ReportManager&amp#27;[m : Successfully created attachment "SHAFT Engine Logs - Current Method log: InValid_Token_RQ_TC"
]]></system-out>
  </testcase>
  <testcase name="Valid_Token_RQ_TC" classname="SteeringCompanyAPI_TestCases.Test_Token_Cases" time="0.853">
    <system-out><![CDATA[2023-01-22 15:47:55.452 &amp#27;[32m INFO&amp#27;[m &amp#27;[35m[@534 - main]&amp#27;[m &amp#27;[36mcom.shaft.tools.io.ReportManager&amp#27;[m : 
################################################################################################################################################
Starting Execution:	"324 out of 70" test cases in the current suite
Test Method:		"SteeringCompanyAPI_TestCases.Test_Token_Cases.Valid_Token_RQ_TC"
Test Description:	"TC001 - Perform Post Token API with valid user name and password and return with token"
################################################################################################################################################
2023-01-22 15:47:55.452 &amp#27;[32m INFO&amp#27;[m &amp#27;[35m[@503 - main]&amp#27;[m &amp#27;[36mcom.shaft.tools.io.ReportManager&amp#27;[m : File Action "DoesFileExist" successfully performed. With the following test data "File Path: "SteeringCompanyAPI_TestData/SteeringCompanyAPI_TestData.xlsx"".
2023-01-22 15:47:55.510 &amp#27;[32m INFO&amp#27;[m &amp#27;[35m[@503 - main]&amp#27;[m &amp#27;[36mcom.shaft.tools.io.ReportManager&amp#27;[m : Successfully created attachment "Test Data - Excel"
2023-01-22 15:47:56.095 &amp#27;[32m INFO&amp#27;[m &amp#27;[35m[@503 - main]&amp#27;[m &amp#27;[36mcom.shaft.tools.io.ReportManager&amp#27;[m : Response status code: "200", status line: "HTTP/1.1 200 OK"
2023-01-22 15:47:56.113 &amp#27;[32m INFO&amp#27;[m &amp#27;[35m[@503 - main]&amp#27;[m &amp#27;[36mcom.shaft.tools.io.ReportManager&amp#27;[m : Successfully created attachment "API Request - Specifications"
2023-01-22 15:47:56.115 &amp#27;[32m INFO&amp#27;[m &amp#27;[35m[@503 - main]&amp#27;[m &amp#27;[36mcom.shaft.tools.io.ReportManager&amp#27;[m : Successfully created attachment "API Request - Body"
2023-01-22 15:47:56.117 &amp#27;[32m INFO&amp#27;[m &amp#27;[35m[@503 - main]&amp#27;[m &amp#27;[36mcom.shaft.tools.io.ReportManager&amp#27;[m : Successfully created attachment "API Response - JSON Body"
2023-01-22 15:47:56.119 &amp#27;[32m INFO&amp#27;[m &amp#27;[35m[@503 - main]&amp#27;[m &amp#27;[36mcom.shaft.tools.io.ReportManager&amp#27;[m : Successfully created attachment "Validation Test Data - Expected Value"
2023-01-22 15:47:56.121 &amp#27;[32m INFO&amp#27;[m &amp#27;[35m[@503 - main]&amp#27;[m &amp#27;[36mcom.shaft.tools.io.ReportManager&amp#27;[m : Successfully created attachment "Validation Test Data - Actual Value"
2023-01-22 15:47:56.125 &amp#27;[32m INFO&amp#27;[m &amp#27;[35m[@503 - main]&amp#27;[m &amp#27;[36mcom.shaft.tools.io.ReportManager&amp#27;[m : Get response jsonvalue "access_token".
2023-01-22 15:47:56.127 &amp#27;[32m INFO&amp#27;[m &amp#27;[35m[@503 - main]&amp#27;[m &amp#27;[36mcom.shaft.tools.io.ReportManager&amp#27;[m : Successfully created attachment "Validation Test Data - Expected Value"
2023-01-22 15:47:56.129 &amp#27;[32m INFO&amp#27;[m &amp#27;[35m[@503 - main]&amp#27;[m &amp#27;[36mcom.shaft.tools.io.ReportManager&amp#27;[m : Successfully created attachment "Validation Test Data - Actual Value"
2023-01-22 15:47:56.131 &amp#27;[32m INFO&amp#27;[m &amp#27;[35m[@503 - main]&amp#27;[m &amp#27;[36mcom.shaft.tools.io.ReportManager&amp#27;[m : File Action "DoesFileExist" successfully performed. With the following test data "File Path: "Schemas/Token_schema.json"".
2023-01-22 15:47:56.131 &amp#27;[32m INFO&amp#27;[m &amp#27;[35m[@503 - main]&amp#27;[m &amp#27;[36mcom.shaft.tools.io.ReportManager&amp#27;[m : File Action "DoesFileExist" successfully performed. With the following test data "File Path: "src/test/resources/testDataFiles/Schemas/Token_schema.json"".
2023-01-22 15:47:56.132 &amp#27;[32m INFO&amp#27;[m &amp#27;[35m[@503 - main]&amp#27;[m &amp#27;[36mcom.shaft.tools.io.ReportManager&amp#27;[m : File Action "GetAbsolutePath" successfully performed. With the following test data "Relative Folder Path: "src/test/resources/testDataFiles/Schemas/Token_schema.json"".
2023-01-22 15:47:56.136 &amp#27;[32m INFO&amp#27;[m &amp#27;[35m[@503 - main]&amp#27;[m &amp#27;[36mcom.shaft.tools.io.ReportManager&amp#27;[m : File Action "DoesFileExist" successfully performed. With the following test data "File Path: "C:\eclipse-workspace\MyProjects\TASystemsAPIs\src\test\resources\testDataFiles\Schemas\Token_schema.json"".
2023-01-22 15:47:56.137 &amp#27;[32m INFO&amp#27;[m &amp#27;[35m[@503 - main]&amp#27;[m &amp#27;[36mcom.shaft.tools.io.ReportManager&amp#27;[m : File Action "GetAbsolutePath" successfully performed. With the following test data "Relative Folder Path: "C:\eclipse-workspace\MyProjects\TASystemsAPIs\src\test\resources\testDataFiles\Schemas\Token_schema.json"".
2023-01-22 15:47:56.138 &amp#27;[32m INFO&amp#27;[m &amp#27;[35m[@503 - main]&amp#27;[m &amp#27;[36mcom.shaft.tools.io.ReportManager&amp#27;[m : File Action "ReadFile" successfully performed. With the following test data "File Path: "C:\eclipse-workspace\MyProjects\TASystemsAPIs\src\test\resources\testDataFiles\Schemas\Token_schema.json"".
2023-01-22 15:47:56.141 &amp#27;[32m INFO&amp#27;[m &amp#27;[35m[@503 - main]&amp#27;[m &amp#27;[36mcom.shaft.tools.io.ReportManager&amp#27;[m : Successfully created attachment "Validation Test Data - Expected JSON Value"
2023-01-22 15:47:56.142 &amp#27;[32m INFO&amp#27;[m &amp#27;[35m[@503 - main]&amp#27;[m &amp#27;[36mcom.shaft.tools.io.ReportManager&amp#27;[m : Successfully created attachment "Validation Test Data - Actual JSON Value"
2023-01-22 15:47:56.298 &amp#27;[32m INFO&amp#27;[m &amp#27;[35m[@503 - main]&amp#27;[m &amp#27;[36mcom.shaft.tools.io.ReportManager&amp#27;[m : Successfully created attachment "SHAFT Engine Logs - Current Method log: Valid_Token_RQ_TC"
]]></system-out>
  </testcase>
</testsuite>