<?xml version="1.0" encoding="UTF-8"?>
<testsuite xmlns:xsi="http://www.w3.org/2001/XMLSchema-instance" xsi:noNamespaceSchemaLocation="https://maven.apache.org/surefire/maven-surefire-plugin/xsd/surefire-test-report-3.0.xsd" version="3.0" name="TestSuite" time="903.137" tests="359" errors="0" skipped="0" failures="0">
  <properties>
    <property name="appender.console.type" value="Console"/>
    <property name="appender.console.layout.pattern" value="%d{${LOG_DATEFORMAT_PATTERN:-yyyy-MM-dd HH:mm:ss.SSS}} %highlight{${LOG_LEVEL_PATTERN:-%5p}}{FATAL=red blink, ERROR=red, WARN=yellow bold, INFO=green, DEBUG=green bold, TRACE=blue} %style{[@%L - %t]}{magenta} %style{%logger{36}}{cyan} : %m%n${LOG_EXCEPTION_CONVERSION_WORD:-}"/>
    <property name="cucumber.publish.quiet" value="true"/>
    <property name="java.specification.version" value="17"/>
    <property name="sun.cpu.isalist" value="amd64"/>
    <property name="capabilities.appiumVersion" value=""/>
    <property name="sun.arch.data.model" value="64"/>
    <property name="projectKey" value=""/>
    <property name="testDataFolderPath" value="src/test/resources/testDataFiles/"/>
    <property name="imitatePort" value="8000"/>
    <property name="java.vendor.url" value="https://java.oracle.com/"/>
    <property name="jiraUrl" value="https://"/>
    <property name="cucumber.filter.name" value=""/>
    <property name="propertiesFolderPath_CI" value=""/>
    <property name="ReportBugs" value="false"/>
    <property name="allureResultsFolderPath" value="allure-results/"/>
    <property name="sun.boot.library.path" value="C:\Program Files\Java\jdk-17.0.2\bin"/>
    <property name="sun.java.command" value="C:\Users\HeshamAbdElhamedGhar\AppData\Local\Temp\surefire15346353996066904204\surefirebooter-20230122220031362_3.jar C:\Users\HeshamAbdElhamedGhar\AppData\Local\Temp\surefire15346353996066904204 2023-01-22T22-00-31_014-jvmRun1 surefire-20230122220031362_1tmp surefire_0-20230122220031362_2tmp"/>
    <property name="jdk.debug" value="release"/>
    <property name="appender.console.filter.threshold.type" value="ThresholdFilter"/>
    <property name="maximumPerformanceMode" value="0"/>
    <property name="autoMaximizeBrowserWindow" value="true"/>
    <property name="extentReportsFolderPath" value="extent-reports/"/>
    <property name="java.specification.vendor" value="Oracle Corporation"/>
    <property name="shaftEngineVersion" value="SHAFT Engine v6.4.20221215"/>
    <property name="java.version.date" value="2022-01-18"/>
    <property name="java.home" value="C:\Program Files\Java\jdk-17.0.2"/>
    <property name="testng.dtd.http" value="true"/>
    <property name="attemptClearBeforeTypingUsingBackspace" value="false"/>
    <property name="isMobileEmulation" value="false"/>
    <property name="basedir" value="C:\eclipse-workspace\MyProjects\TASystemsAPIs"/>
    <property name="alwaysLogDiscreetly" value="false"/>
    <property name="java.specification.name" value="Java Platform API Specification"/>
    <property name="java.vm.specification.vendor" value="Oracle Corporation"/>
    <property name="browserStack.appName" value=""/>
    <property name="mobileEmulation.userAgent" value=""/>
    <property name="videoParams_recordVideo" value="false"/>
    <property name="assignee" value=""/>
    <property name="video.save.mode" value="ALL"/>
    <property name="rootLogger" value="debug, STDOUT, LOGFILE"/>
    <property name="user.script" value=""/>
    <property name="appender.file.layout.type" value="PatternLayout"/>
    <property name="sun.management.compiler" value="HotSpot 64-Bit Tiered Compilers"/>
    <property name="browserStack.local" value="false"/>
    <property name="browserStack.geoLocation" value=""/>
    <property name="generateAllureReportArchive" value="false"/>
    <property name="java.runtime.version" value="17.0.2+8-LTS-86"/>
    <property name="appender.file.fileName" value="target/logs/log4j.log"/>
    <property name="watermarkImagePath" value="images/shaft_white_bg.png"/>
    <property name="browserStack.deviceName" value=""/>
    <property name="browserStack.browserVersion" value=""/>
    <property name="tinkey.kms.credentialPath" value=""/>
    <property name="file.encoding" value="Cp1252"/>
    <property name="forceCheckForElementVisibility" value="true"/>
    <property name="capabilities.deviceQuery" value=""/>
    <property name="cleanAllureResultsDirectoryBeforeExecution" value="true"/>
    <property name="appender.file.filter.threshold.type" value="ThresholdFilter"/>
    <property name="java.io.tmpdir" value="C:\Users\HESHAM~1\AppData\Local\Temp\"/>
    <property name="databaseNetworkTimeout" value="30"/>
    <property name="reportPath" value="target/surefire-reports/testng-results.xml"/>
    <property name="java.version" value="17.0.2"/>
    <property name="java.vm.specification.name" value="Java Virtual Machine Specification"/>
    <property name="databaseLoginTimeout" value="30"/>
    <property name="dockerCommandTimeout" value="30"/>
    <property name="native.encoding" value="Cp1252"/>
    <property name="tinkey.kms.serverType" value=""/>
    <property name="java.library.path" value="C:\Program Files\Java\jdk-17.0.2\bin;C:\WINDOWS\Sun\Java\bin;C:\WINDOWS\system32;C:\WINDOWS;C:\Program Files\Common Files\Oracle\Java\javapath;C:\Program Files (x86)\Common Files\Oracle\Java\javapath;C:\WINDOWS\system32;C:\WINDOWS;C:\WINDOWS\System32\Wbem;C:\WINDOWS\System32\WindowsPowerShell\v1.0\;C:\WINDOWS\System32\OpenSSH\;C:\Program Files\Java\jdk-18.0.2\bin;C:\WebDriver;C:\Users\HeshamAbdElhamedGhar\AppData\Roaming\nvm;C:\Program Files\nodejs;C:\Program Files\Liquid Technologies\Liquid Studio 2021\XmlDataBinder19\Redist19\cpp\win32\bin;C:\Program Files\Liquid Technologies\Liquid Studio 2021\XmlDataBinder19\Redist19\cpp\win64\bin;C:\Program Files\Git\cmd;C:\Users\HeshamAbdElhamedGhar\AppData\Local\Microsoft\WindowsApps;C:\Users\HeshamAbdElhamedGhar\AppData\Local\Programs\Microsoft VS Code\bin;C:\Users\HeshamAbdElhamedGhar\AppData\Roaming\npm;C:\Users\HeshamAbdElhamedGhar\AppData\Roaming\nvm;C:\Program Files\nodejs;C:\Program Files\JetBrains\IntelliJ IDEA Community Edition 2022.2.2\bin;;C:\Users\HeshamAbdElhamedGhar\AppData\Local\GitHubDesktop\bin;."/>
    <property name="java.vendor" value="Oracle Corporation"/>
    <property name="cucumber.execution.strict" value="true"/>
    <property name="screenshotParams_scalingFactor" value="1"/>
    <property name="sun.io.unicode.encoding" value="UnicodeLittle"/>
    <property name="executionAddress" value="local"/>
    <property name="apiConnectionManagerTimeout" value="30"/>
    <property name="screenshotParams_whenToTakeAScreenshot" value="ValidationPointsOnly"/>
    <property name="cucumber.features" value="src/test/resources"/>
    <property name="scriptExecutionTimeout" value="30"/>
    <property name="appender.console.filter.threshold.level" value="info"/>
    <property name="screenshotParams_highlightElements" value="true"/>
    <property name="MobileBrowserVersion" value=""/>
    <property name="user.timezone" value="Africa/Cairo"/>
    <property name="downloadsFolderPath" value="target/downloadedFiles/"/>
    <property name="java.vm.specification.version" value="17"/>
    <property name="mobileEmulation.pixelRatio" value=""/>
    <property name="os.name" value="Windows 11"/>
    <property name="mobile_appActivity" value=""/>
    <property name="mobile_app" value=""/>
    <property name="automaticallyAssertResponseStatusCode" value="true"/>
    <property name="surefire.test.class.path" value="C:\eclipse-workspace\MyProjects\TASystemsAPIs\target\test-classes;C:\eclipse-workspace\MyProjects\TASystemsAPIs\target\classes;C:\Users\HeshamAbdElhamedGhar\.m2\repository\io\github\shafthq\SHAFT_ENGINE\6.4.20221215\SHAFT_ENGINE-6.4.20221215.jar;C:\Users\HeshamAbdElhamedGhar\.m2\repository\org\testng\testng\7.7.0\testng-7.7.0.jar;C:\Users\HeshamAbdElhamedGhar\.m2\repository\com\beust\jcommander\1.82\jcommander-1.82.jar;C:\Users\HeshamAbdElhamedGhar\.m2\repository\org\webjars\jquery\3.6.1\jquery-3.6.1.jar;C:\Users\HeshamAbdElhamedGhar\.m2\repository\org\seleniumhq\selenium\selenium-java\4.7.2\selenium-java-4.7.2.jar;C:\Users\HeshamAbdElhamedGhar\.m2\repository\org\seleniumhq\selenium\selenium-api\4.7.2\selenium-api-4.7.2.jar;C:\Users\HeshamAbdElhamedGhar\.m2\repository\org\seleniumhq\selenium\selenium-chrome-driver\4.7.2\selenium-chrome-driver-4.7.2.jar;C:\Users\HeshamAbdElhamedGhar\.m2\repository\com\google\auto\service\auto-service-annotations\1.0.1\auto-service-annotations-1.0.1.jar;C:\Users\HeshamAbdElhamedGhar\.m2\repository\org\seleniumhq\selenium\selenium-chromium-driver\4.7.2\selenium-chromium-driver-4.7.2.jar;C:\Users\HeshamAbdElhamedGhar\.m2\repository\org\seleniumhq\selenium\selenium-json\4.7.2\selenium-json-4.7.2.jar;C:\Users\HeshamAbdElhamedGhar\.m2\repository\org\seleniumhq\selenium\selenium-devtools-v106\4.7.2\selenium-devtools-v106-4.7.2.jar;C:\Users\HeshamAbdElhamedGhar\.m2\repository\org\seleniumhq\selenium\selenium-devtools-v107\4.7.2\selenium-devtools-v107-4.7.2.jar;C:\Users\HeshamAbdElhamedGhar\.m2\repository\org\seleniumhq\selenium\selenium-devtools-v108\4.7.2\selenium-devtools-v108-4.7.2.jar;C:\Users\HeshamAbdElhamedGhar\.m2\repository\org\seleniumhq\selenium\selenium-devtools-v85\4.7.2\selenium-devtools-v85-4.7.2.jar;C:\Users\HeshamAbdElhamedGhar\.m2\repository\org\seleniumhq\selenium\selenium-edge-driver\4.7.2\selenium-edge-driver-4.7.2.jar;C:\Users\HeshamAbdElhamedGhar\.m2\repository\org\seleniumhq\selenium\selenium-firefox-driver\4.7.2\selenium-firefox-driver-4.7.2.jar;C:\Users\HeshamAbdElhamedGhar\.m2\repository\org\seleniumhq\selenium\selenium-http\4.7.2\selenium-http-4.7.2.jar;C:\Users\HeshamAbdElhamedGhar\.m2\repository\dev\failsafe\failsafe\3.3.0\failsafe-3.3.0.jar;C:\Users\HeshamAbdElhamedGhar\.m2\repository\org\seleniumhq\selenium\selenium-ie-driver\4.7.2\selenium-ie-driver-4.7.2.jar;C:\Users\HeshamAbdElhamedGhar\.m2\repository\org\seleniumhq\selenium\selenium-remote-driver\4.7.2\selenium-remote-driver-4.7.2.jar;C:\Users\HeshamAbdElhamedGhar\.m2\repository\io\netty\netty-codec-http\4.1.84.Final\netty-codec-http-4.1.84.Final.jar;C:\Users\HeshamAbdElhamedGhar\.m2\repository\io\netty\netty-transport-classes-epoll\4.1.84.Final\netty-transport-classes-epoll-4.1.84.Final.jar;C:\Users\HeshamAbdElhamedGhar\.m2\repository\io\netty\netty-transport-classes-kqueue\4.1.84.Final\netty-transport-classes-kqueue-4.1.84.Final.jar;C:\Users\HeshamAbdElhamedGhar\.m2\repository\io\netty\netty-transport-native-epoll\4.1.84.Final\netty-transport-native-epoll-4.1.84.Final.jar;C:\Users\HeshamAbdElhamedGhar\.m2\repository\io\netty\netty-transport-native-kqueue\4.1.84.Final\netty-transport-native-kqueue-4.1.84.Final.jar;C:\Users\HeshamAbdElhamedGhar\.m2\repository\io\opentelemetry\opentelemetry-api\1.19.0\opentelemetry-api-1.19.0.jar;C:\Users\HeshamAbdElhamedGhar\.m2\repository\io\opentelemetry\opentelemetry-context\1.19.0\opentelemetry-context-1.19.0.jar;C:\Users\HeshamAbdElhamedGhar\.m2\repository\io\opentelemetry\opentelemetry-exporter-logging\1.19.0\opentelemetry-exporter-logging-1.19.0.jar;C:\Users\HeshamAbdElhamedGhar\.m2\repository\io\opentelemetry\opentelemetry-sdk-metrics\1.19.0\opentelemetry-sdk-metrics-1.19.0.jar;C:\Users\HeshamAbdElhamedGhar\.m2\repository\io\opentelemetry\opentelemetry-sdk-logs\1.19.0-alpha\opentelemetry-sdk-logs-1.19.0-alpha.jar;C:\Users\HeshamAbdElhamedGhar\.m2\repository\io\opentelemetry\opentelemetry-api-logs\1.19.0-alpha\opentelemetry-api-logs-1.19.0-alpha.jar;C:\Users\HeshamAbdElhamedGhar\.m2\repository\io\opentelemetry\opentelemetry-sdk-common\1.19.0\opentelemetry-sdk-common-1.19.0.jar;C:\Users\HeshamAbdElhamedGhar\.m2\repository\io\opentelemetry\opentelemetry-sdk-extension-autoconfigure-spi\1.19.0\opentelemetry-sdk-extension-autoconfigure-spi-1.19.0.jar;C:\Users\HeshamAbdElhamedGhar\.m2\repository\io\opentelemetry\opentelemetry-sdk-extension-autoconfigure\1.19.0-alpha\opentelemetry-sdk-extension-autoconfigure-1.19.0-alpha.jar;C:\Users\HeshamAbdElhamedGhar\.m2\repository\io\opentelemetry\opentelemetry-exporter-common\1.19.0\opentelemetry-exporter-common-1.19.0.jar;C:\Users\HeshamAbdElhamedGhar\.m2\repository\io\opentelemetry\opentelemetry-sdk-trace\1.19.0\opentelemetry-sdk-trace-1.19.0.jar;C:\Users\HeshamAbdElhamedGhar\.m2\repository\io\opentelemetry\opentelemetry-sdk\1.19.0\opentelemetry-sdk-1.19.0.jar;C:\Users\HeshamAbdElhamedGhar\.m2\repository\io\opentelemetry\opentelemetry-semconv\1.19.0-alpha\opentelemetry-semconv-1.19.0-alpha.jar;C:\Users\HeshamAbdElhamedGhar\.m2\repository\io\ous\jtoml\2.0.0\jtoml-2.0.0.jar;C:\Users\HeshamAbdElhamedGhar\.m2\repository\net\bytebuddy\byte-buddy\1.12.18\byte-buddy-1.12.18.jar;C:\Users\HeshamAbdElhamedGhar\.m2\repository\org\asynchttpclient\async-http-client\2.12.3\async-http-client-2.12.3.jar;C:\Users\HeshamAbdElhamedGhar\.m2\repository\org\asynchttpclient\async-http-client-netty-utils\2.12.3\async-http-client-netty-utils-2.12.3.jar;C:\Users\HeshamAbdElhamedGhar\.m2\repository\io\netty\netty-codec-socks\4.1.60.Final\netty-codec-socks-4.1.60.Final.jar;C:\Users\HeshamAbdElhamedGhar\.m2\repository\io\netty\netty-handler-proxy\4.1.60.Final\netty-handler-proxy-4.1.60.Final.jar;C:\Users\HeshamAbdElhamedGhar\.m2\repository\io\netty\netty-transport-native-epoll\4.1.60.Final\netty-transport-native-epoll-4.1.60.Final-linux-x86_64.jar;C:\Users\HeshamAbdElhamedGhar\.m2\repository\io\netty\netty-transport-native-kqueue\4.1.60.Final\netty-transport-native-kqueue-4.1.60.Final-osx-x86_64.jar;C:\Users\HeshamAbdElhamedGhar\.m2\repository\com\typesafe\netty\netty-reactive-streams\2.0.4\netty-reactive-streams-2.0.4.jar;C:\Users\HeshamAbdElhamedGhar\.m2\repository\com\sun\activation\jakarta.activation\1.2.2\jakarta.activation-1.2.2.jar;C:\Users\HeshamAbdElhamedGhar\.m2\repository\org\seleniumhq\selenium\selenium-manager\4.7.2\selenium-manager-4.7.2.jar;C:\Users\HeshamAbdElhamedGhar\.m2\repository\org\seleniumhq\selenium\selenium-safari-driver\4.7.2\selenium-safari-driver-4.7.2.jar;C:\Users\HeshamAbdElhamedGhar\.m2\repository\org\seleniumhq\selenium\selenium-support\4.7.2\selenium-support-4.7.2.jar;C:\Users\HeshamAbdElhamedGhar\.m2\repository\io\netty\netty-handler\4.1.86.Final\netty-handler-4.1.86.Final.jar;C:\Users\HeshamAbdElhamedGhar\.m2\repository\io\netty\netty-common\4.1.86.Final\netty-common-4.1.86.Final.jar;C:\Users\HeshamAbdElhamedGhar\.m2\repository\io\netty\netty-resolver\4.1.86.Final\netty-resolver-4.1.86.Final.jar;C:\Users\HeshamAbdElhamedGhar\.m2\repository\io\netty\netty-buffer\4.1.86.Final\netty-buffer-4.1.86.Final.jar;C:\Users\HeshamAbdElhamedGhar\.m2\repository\io\netty\netty-transport\4.1.86.Final\netty-transport-4.1.86.Final.jar;C:\Users\HeshamAbdElhamedGhar\.m2\repository\io\netty\netty-transport-native-unix-common\4.1.86.Final\netty-transport-native-unix-common-4.1.86.Final.jar;C:\Users\HeshamAbdElhamedGhar\.m2\repository\io\netty\netty-codec\4.1.86.Final\netty-codec-4.1.86.Final.jar;C:\Users\HeshamAbdElhamedGhar\.m2\repository\io\appium\java-client\8.3.0\java-client-8.3.0.jar;C:\Users\HeshamAbdElhamedGhar\.m2\repository\com\google\code\gson\gson\2.10\gson-2.10.jar;C:\Users\HeshamAbdElhamedGhar\.m2\repository\cglib\cglib\3.3.0\cglib-3.3.0.jar;C:\Users\HeshamAbdElhamedGhar\.m2\repository\org\ow2\asm\asm\7.1\asm-7.1.jar;C:\Users\HeshamAbdElhamedGhar\.m2\repository\commons-validator\commons-validator\1.7\commons-validator-1.7.jar;C:\Users\HeshamAbdElhamedGhar\.m2\repository\commons-beanutils\commons-beanutils\1.9.4\commons-beanutils-1.9.4.jar;C:\Users\HeshamAbdElhamedGhar\.m2\repository\commons-digester\commons-digester\2.1\commons-digester-2.1.jar;C:\Users\HeshamAbdElhamedGhar\.m2\repository\commons-collections\commons-collections\3.2.2\commons-collections-3.2.2.jar;C:\Users\HeshamAbdElhamedGhar\.m2\repository\org\apache\commons\commons-lang3\3.12.0\commons-lang3-3.12.0.jar;C:\Users\HeshamAbdElhamedGhar\.m2\repository\commons-io\commons-io\2.11.0\commons-io-2.11.0.jar;C:\Users\HeshamAbdElhamedGhar\.m2\repository\io\github\bonigarcia\webdrivermanager\5.3.1\webdrivermanager-5.3.1.jar;C:\Users\HeshamAbdElhamedGhar\.m2\repository\com\github\docker-java\docker-java\3.2.13\docker-java-3.2.13.jar;C:\Users\HeshamAbdElhamedGhar\.m2\repository\com\github\docker-java\docker-java-core\3.2.13\docker-java-core-3.2.13.jar;C:\Users\HeshamAbdElhamedGhar\.m2\repository\com\github\docker-java\docker-java-api\3.2.13\docker-java-api-3.2.13.jar;C:\Users\HeshamAbdElhamedGhar\.m2\repository\org\slf4j\jcl-over-slf4j\1.7.30\jcl-over-slf4j-1.7.30.jar;C:\Users\HeshamAbdElhamedGhar\.m2\repository\com\github\docker-java\docker-java-transport-httpclient5\3.2.13\docker-java-transport-httpclient5-3.2.13.jar;C:\Users\HeshamAbdElhamedGhar\.m2\repository\com\github\docker-java\docker-java-transport\3.2.13\docker-java-transport-3.2.13.jar;C:\Users\HeshamAbdElhamedGhar\.m2\repository\net\java\dev\jna\jna\5.8.0\jna-5.8.0.jar;C:\Users\HeshamAbdElhamedGhar\.m2\repository\org\brotli\dec\0.1.2\dec-0.1.2.jar;C:\Users\HeshamAbdElhamedGhar\.m2\repository\org\apache\httpcomponents\client5\httpclient5\5.1.3\httpclient5-5.1.3.jar;C:\Users\HeshamAbdElhamedGhar\.m2\repository\org\apache\httpcomponents\core5\httpcore5\5.1.3\httpcore5-5.1.3.jar;C:\Users\HeshamAbdElhamedGhar\.m2\repository\org\apache\httpcomponents\core5\httpcore5-h2\5.1.3\httpcore5-h2-5.1.3.jar;C:\Users\HeshamAbdElhamedGhar\.m2\repository\io\cucumber\cucumber-java\7.10.0\cucumber-java-7.10.0.jar;C:\Users\HeshamAbdElhamedGhar\.m2\repository\io\cucumber\cucumber-core\7.10.0\cucumber-core-7.10.0.jar;C:\Users\HeshamAbdElhamedGhar\.m2\repository\io\cucumber\cucumber-gherkin\7.10.0\cucumber-gherkin-7.10.0.jar;C:\Users\HeshamAbdElhamedGhar\.m2\repository\io\cucumber\cucumber-gherkin-messages\7.10.0\cucumber-gherkin-messages-7.10.0.jar;C:\Users\HeshamAbdElhamedGhar\.m2\repository\io\cucumber\gherkin\25.0.2\gherkin-25.0.2.jar;C:\Users\HeshamAbdElhamedGhar\.m2\repository\io\cucumber\messages\19.1.4\messages-19.1.4.jar;C:\Users\HeshamAbdElhamedGhar\.m2\repository\io\cucumber\tag-expressions\4.1.0\tag-expressions-4.1.0.jar;C:\Users\HeshamAbdElhamedGhar\.m2\repository\io\cucumber\cucumber-expressions\16.1.1\cucumber-expressions-16.1.1.jar;C:\Users\HeshamAbdElhamedGhar\.m2\repository\io\cucumber\datatable\7.10.0\datatable-7.10.0.jar;C:\Users\HeshamAbdElhamedGhar\.m2\repository\io\cucumber\cucumber-plugin\7.10.0\cucumber-plugin-7.10.0.jar;C:\Users\HeshamAbdElhamedGhar\.m2\repository\io\cucumber\docstring\7.10.0\docstring-7.10.0.jar;C:\Users\HeshamAbdElhamedGhar\.m2\repository\io\cucumber\html-formatter\20.2.0\html-formatter-20.2.0.jar;C:\Users\HeshamAbdElhamedGhar\.m2\repository\io\cucumber\ci-environment\9.1.0\ci-environment-9.1.0.jar;C:\Users\HeshamAbdElhamedGhar\.m2\repository\org\apiguardian\apiguardian-api\1.1.2\apiguardian-api-1.1.2.jar;C:\Users\HeshamAbdElhamedGhar\.m2\repository\io\cucumber\cucumber-testng\7.10.0\cucumber-testng-7.10.0.jar;C:\Users\HeshamAbdElhamedGhar\.m2\repository\io\cucumber\cucumber-picocontainer\7.10.0\cucumber-picocontainer-7.10.0.jar;C:\Users\HeshamAbdElhamedGhar\.m2\repository\org\picocontainer\picocontainer\2.15\picocontainer-2.15.jar;C:\Users\HeshamAbdElhamedGhar\.m2\repository\org\apache\poi\poi\5.2.3\poi-5.2.3.jar;C:\Users\HeshamAbdElhamedGhar\.m2\repository\commons-codec\commons-codec\1.15\commons-codec-1.15.jar;C:\Users\HeshamAbdElhamedGhar\.m2\repository\org\apache\commons\commons-collections4\4.4\commons-collections4-4.4.jar;C:\Users\HeshamAbdElhamedGhar\.m2\repository\org\apache\commons\commons-math3\3.6.1\commons-math3-3.6.1.jar;C:\Users\HeshamAbdElhamedGhar\.m2\repository\com\zaxxer\SparseBitSet\1.2\SparseBitSet-1.2.jar;C:\Users\HeshamAbdElhamedGhar\.m2\repository\org\apache\logging\log4j\log4j-api\2.18.0\log4j-api-2.18.0.jar;C:\Users\HeshamAbdElhamedGhar\.m2\repository\org\apache\poi\poi-ooxml\5.2.3\poi-ooxml-5.2.3.jar;C:\Users\HeshamAbdElhamedGhar\.m2\repository\org\apache\poi\poi-ooxml-lite\5.2.3\poi-ooxml-lite-5.2.3.jar;C:\Users\HeshamAbdElhamedGhar\.m2\repository\org\apache\xmlbeans\xmlbeans\5.1.1\xmlbeans-5.1.1.jar;C:\Users\HeshamAbdElhamedGhar\.m2\repository\org\apache\commons\commons-compress\1.21\commons-compress-1.21.jar;C:\Users\HeshamAbdElhamedGhar\.m2\repository\com\github\virtuald\curvesapi\1.07\curvesapi-1.07.jar;C:\Users\HeshamAbdElhamedGhar\.m2\repository\io\qameta\allure\allure-testng\2.20.1\allure-testng-2.20.1.jar;C:\Users\HeshamAbdElhamedGhar\.m2\repository\io\qameta\allure\allure-java-commons\2.20.1\allure-java-commons-2.20.1.jar;C:\Users\HeshamAbdElhamedGhar\.m2\repository\io\qameta\allure\allure-model\2.20.1\allure-model-2.20.1.jar;C:\Users\HeshamAbdElhamedGhar\.m2\repository\io\qameta\allure\allure-test-filter\2.20.1\allure-test-filter-2.20.1.jar;C:\Users\HeshamAbdElhamedGhar\.m2\repository\io\qameta\allure\allure-cucumber7-jvm\2.20.1\allure-cucumber7-jvm-2.20.1.jar;C:\Users\HeshamAbdElhamedGhar\.m2\repository\org\aspectj\aspectjweaver\1.9.9.1\aspectjweaver-1.9.9.1.jar;C:\Users\HeshamAbdElhamedGhar\.m2\repository\com\aventstack\extentreports\5.0.9\extentreports-5.0.9.jar;C:\Users\HeshamAbdElhamedGhar\.m2\repository\io\reactivex\rxjava3\rxjava\3.0.4\rxjava-3.0.4.jar;C:\Users\HeshamAbdElhamedGhar\.m2\repository\org\reactivestreams\reactive-streams\1.0.3\reactive-streams-1.0.3.jar;C:\Users\HeshamAbdElhamedGhar\.m2\repository\org\freemarker\freemarker\2.3.30\freemarker-2.3.30.jar;C:\Users\HeshamAbdElhamedGhar\.m2\repository\org\apache\pdfbox\pdfbox\2.0.27\pdfbox-2.0.27.jar;C:\Users\HeshamAbdElhamedGhar\.m2\repository\org\apache\pdfbox\fontbox\2.0.27\fontbox-2.0.27.jar;C:\Users\HeshamAbdElhamedGhar\.m2\repository\commons-logging\commons-logging\1.2\commons-logging-1.2.jar;C:\Users\HeshamAbdElhamedGhar\.m2\repository\io\rest-assured\rest-assured\5.3.0\rest-assured-5.3.0.jar;C:\Users\HeshamAbdElhamedGhar\.m2\repository\org\apache\groovy\groovy\4.0.6\groovy-4.0.6.jar;C:\Users\HeshamAbdElhamedGhar\.m2\repository\org\apache\groovy\groovy-xml\4.0.6\groovy-xml-4.0.6.jar;C:\Users\HeshamAbdElhamedGhar\.m2\repository\org\apache\httpcomponents\httpclient\4.5.13\httpclient-4.5.13.jar;C:\Users\HeshamAbdElhamedGhar\.m2\repository\org\apache\httpcomponents\httpcore\4.4.13\httpcore-4.4.13.jar;C:\Users\HeshamAbdElhamedGhar\.m2\repository\org\apache\httpcomponents\httpmime\4.5.13\httpmime-4.5.13.jar;C:\Users\HeshamAbdElhamedGhar\.m2\repository\org\hamcrest\hamcrest\2.1\hamcrest-2.1.jar;C:\Users\HeshamAbdElhamedGhar\.m2\repository\org\ccil\cowan\tagsoup\tagsoup\1.2.1\tagsoup-1.2.1.jar;C:\Users\HeshamAbdElhamedGhar\.m2\repository\io\rest-assured\json-path\5.3.0\json-path-5.3.0.jar;C:\Users\HeshamAbdElhamedGhar\.m2\repository\org\apache\groovy\groovy-json\4.0.6\groovy-json-4.0.6.jar;C:\Users\HeshamAbdElhamedGhar\.m2\repository\io\rest-assured\rest-assured-common\5.3.0\rest-assured-common-5.3.0.jar;C:\Users\HeshamAbdElhamedGhar\.m2\repository\io\rest-assured\xml-path\5.3.0\xml-path-5.3.0.jar;C:\Users\HeshamAbdElhamedGhar\.m2\repository\com\googlecode\json-simple\json-simple\1.1.1\json-simple-1.1.1.jar;C:\Users\HeshamAbdElhamedGhar\.m2\repository\com\jayway\jsonpath\json-path\2.7.0\json-path-2.7.0.jar;C:\Users\HeshamAbdElhamedGhar\.m2\repository\net\minidev\json-smart\2.4.7\json-smart-2.4.7.jar;C:\Users\HeshamAbdElhamedGhar\.m2\repository\net\minidev\accessors-smart\2.4.7\accessors-smart-2.4.7.jar;C:\Users\HeshamAbdElhamedGhar\.m2\repository\org\skyscreamer\jsonassert\1.5.1\jsonassert-1.5.1.jar;C:\Users\HeshamAbdElhamedGhar\.m2\repository\com\vaadin\external\google\android-json\0.0.20131108.vaadin1\android-json-0.0.20131108.vaadin1.jar;C:\Users\HeshamAbdElhamedGhar\.m2\repository\eu\medsea\mimeutil\mime-util\2.1.3\mime-util-2.1.3.jar;C:\Users\HeshamAbdElhamedGhar\.m2\repository\io\rest-assured\json-schema-validator\5.3.0\json-schema-validator-5.3.0.jar;C:\Users\HeshamAbdElhamedGhar\.m2\repository\com\github\java-json-tools\json-schema-validator\2.2.14\json-schema-validator-2.2.14.jar;C:\Users\HeshamAbdElhamedGhar\.m2\repository\com\github\java-json-tools\jackson-coreutils-equivalence\1.0\jackson-coreutils-equivalence-1.0.jar;C:\Users\HeshamAbdElhamedGhar\.m2\repository\com\github\java-json-tools\jackson-coreutils\2.0\jackson-coreutils-2.0.jar;C:\Users\HeshamAbdElhamedGhar\.m2\repository\com\github\java-json-tools\msg-simple\1.2\msg-simple-1.2.jar;C:\Users\HeshamAbdElhamedGhar\.m2\repository\com\github\java-json-tools\btf\1.3\btf-1.3.jar;C:\Users\HeshamAbdElhamedGhar\.m2\repository\com\github\java-json-tools\json-schema-core\1.2.14\json-schema-core-1.2.14.jar;C:\Users\HeshamAbdElhamedGhar\.m2\repository\com\github\java-json-tools\uri-template\0.10\uri-template-0.10.jar;C:\Users\HeshamAbdElhamedGhar\.m2\repository\org\mozilla\rhino\1.7.7.2\rhino-1.7.7.2.jar;C:\Users\HeshamAbdElhamedGhar\.m2\repository\com\sun\mail\mailapi\1.6.2\mailapi-1.6.2.jar;C:\Users\HeshamAbdElhamedGhar\.m2\repository\joda-time\joda-time\2.10.5\joda-time-2.10.5.jar;C:\Users\HeshamAbdElhamedGhar\.m2\repository\com\googlecode\libphonenumber\libphonenumber\8.11.1\libphonenumber-8.11.1.jar;C:\Users\HeshamAbdElhamedGhar\.m2\repository\net\sf\jopt-simple\jopt-simple\5.0.4\jopt-simple-5.0.4.jar;C:\Users\HeshamAbdElhamedGhar\.m2\repository\com\fasterxml\jackson\datatype\jackson-datatype-jdk8\2.14.1\jackson-datatype-jdk8-2.14.1.jar;C:\Users\HeshamAbdElhamedGhar\.m2\repository\com\fasterxml\jackson\core\jackson-core\2.14.1\jackson-core-2.14.1.jar;C:\Users\HeshamAbdElhamedGhar\.m2\repository\com\applitools\eyes-images-java4\4.14.0\eyes-images-java4-4.14.0.jar;C:\Users\HeshamAbdElhamedGhar\.m2\repository\com\applitools\eyes-common-java4\4.14.0\eyes-common-java4-4.14.0.jar;C:\Users\HeshamAbdElhamedGhar\.m2\repository\org\imgscalr\imgscalr-lib\4.2\imgscalr-lib-4.2.jar;C:\Users\HeshamAbdElhamedGhar\.m2\repository\com\helger\ph-css\6.1.1\ph-css-6.1.1.jar;C:\Users\HeshamAbdElhamedGhar\.m2\repository\com\helger\ph-commons\9.0.2\ph-commons-9.0.2.jar;C:\Users\HeshamAbdElhamedGhar\.m2\repository\org\jsoup\jsoup\1.8.3\jsoup-1.8.3.jar;C:\Users\HeshamAbdElhamedGhar\.m2\repository\com\applitools\eyes-sdk-core-java4\4.14.0\eyes-sdk-core-java4-4.14.0.jar;C:\Users\HeshamAbdElhamedGhar\.m2\repository\com\applitools\eyes-connectivity-java4-jersey2x\4.14.0\eyes-connectivity-java4-jersey2x-4.14.0.jar;C:\Users\HeshamAbdElhamedGhar\.m2\repository\org\glassfish\jersey\connectors\jersey-apache-connector\2.16\jersey-apache-connector-2.16.jar;C:\Users\HeshamAbdElhamedGhar\.m2\repository\org\glassfish\jersey\core\jersey-common\2.16\jersey-common-2.16.jar;C:\Users\HeshamAbdElhamedGhar\.m2\repository\javax\annotation\javax.annotation-api\1.2\javax.annotation-api-1.2.jar;C:\Users\HeshamAbdElhamedGhar\.m2\repository\org\glassfish\jersey\bundles\repackaged\jersey-guava\2.16\jersey-guava-2.16.jar;C:\Users\HeshamAbdElhamedGhar\.m2\repository\org\glassfish\hk2\osgi-resource-locator\1.0.1\osgi-resource-locator-1.0.1.jar;C:\Users\HeshamAbdElhamedGhar\.m2\repository\javax\ws\rs\javax.ws.rs-api\2.0.1\javax.ws.rs-api-2.0.1.jar;C:\Users\HeshamAbdElhamedGhar\.m2\repository\org\glassfish\jersey\core\jersey-client\2.16\jersey-client-2.16.jar;C:\Users\HeshamAbdElhamedGhar\.m2\repository\org\glassfish\hk2\hk2-api\2.4.0-b09\hk2-api-2.4.0-b09.jar;C:\Users\HeshamAbdElhamedGhar\.m2\repository\org\glassfish\hk2\hk2-utils\2.4.0-b09\hk2-utils-2.4.0-b09.jar;C:\Users\HeshamAbdElhamedGhar\.m2\repository\org\glassfish\hk2\external\aopalliance-repackaged\2.4.0-b09\aopalliance-repackaged-2.4.0-b09.jar;C:\Users\HeshamAbdElhamedGhar\.m2\repository\org\glassfish\hk2\external\javax.inject\2.4.0-b09\javax.inject-2.4.0-b09.jar;C:\Users\HeshamAbdElhamedGhar\.m2\repository\org\glassfish\hk2\hk2-locator\2.4.0-b09\hk2-locator-2.4.0-b09.jar;C:\Users\HeshamAbdElhamedGhar\.m2\repository\org\openpnp\opencv\4.5.5-1\opencv-4.5.5-1.jar;C:\Users\HeshamAbdElhamedGhar\.m2\repository\com\sikulix\sikulixapi\2.0.5\sikulixapi-2.0.5.jar;C:\Users\HeshamAbdElhamedGhar\.m2\repository\org\python\jython-slim\2.7.2\jython-slim-2.7.2.jar;C:\Users\HeshamAbdElhamedGhar\.m2\repository\org\antlr\antlr\3.5.2\antlr-3.5.2.jar;C:\Users\HeshamAbdElhamedGhar\.m2\repository\org\antlr\ST4\4.0.8\ST4-4.0.8.jar;C:\Users\HeshamAbdElhamedGhar\.m2\repository\javax\servlet\javax.servlet-api\3.1.0\javax.servlet-api-3.1.0.jar;C:\Users\HeshamAbdElhamedGhar\.m2\repository\org\antlr\antlr-runtime\3.5.2\antlr-runtime-3.5.2.jar;C:\Users\HeshamAbdElhamedGhar\.m2\repository\org\bouncycastle\bcpkix-jdk15on\1.62\bcpkix-jdk15on-1.62.jar;C:\Users\HeshamAbdElhamedGhar\.m2\repository\org\bouncycastle\bcprov-jdk15on\1.62\bcprov-jdk15on-1.62.jar;C:\Users\HeshamAbdElhamedGhar\.m2\repository\org\ow2\asm\asm-commons\7.1\asm-commons-7.1.jar;C:\Users\HeshamAbdElhamedGhar\.m2\repository\org\ow2\asm\asm-tree\7.1\asm-tree-7.1.jar;C:\Users\HeshamAbdElhamedGhar\.m2\repository\org\ow2\asm\asm-analysis\7.1\asm-analysis-7.1.jar;C:\Users\HeshamAbdElhamedGhar\.m2\repository\org\ow2\asm\asm-util\7.1\asm-util-7.1.jar;C:\Users\HeshamAbdElhamedGhar\.m2\repository\com\ibm\icu\icu4j\59.1\icu4j-59.1.jar;C:\Users\HeshamAbdElhamedGhar\.m2\repository\com\carrotsearch\java-sizeof\0.0.5\java-sizeof-0.0.5.jar;C:\Users\HeshamAbdElhamedGhar\.m2\repository\com\github\jnr\jffi\1.2.20\jffi-1.2.20.jar;C:\Users\HeshamAbdElhamedGhar\.m2\repository\com\github\jnr\jnr-netdb\1.1.6\jnr-netdb-1.1.6.jar;C:\Users\HeshamAbdElhamedGhar\.m2\repository\com\github\jnr\jnr-ffi\2.1.10\jnr-ffi-2.1.10.jar;C:\Users\HeshamAbdElhamedGhar\.m2\repository\com\github\jnr\jffi\1.2.19\jffi-1.2.19-native.jar;C:\Users\HeshamAbdElhamedGhar\.m2\repository\com\github\jnr\jnr-a64asm\1.0.0\jnr-a64asm-1.0.0.jar;C:\Users\HeshamAbdElhamedGhar\.m2\repository\com\github\jnr\jnr-x86asm\1.0.2\jnr-x86asm-1.0.2.jar;C:\Users\HeshamAbdElhamedGhar\.m2\repository\com\github\jnr\jnr-posix\3.0.50\jnr-posix-3.0.50.jar;C:\Users\HeshamAbdElhamedGhar\.m2\repository\com\github\jnr\jnr-constants\0.9.12\jnr-constants-0.9.12.jar;C:\Users\HeshamAbdElhamedGhar\.m2\repository\jline\jline\2.14.5\jline-2.14.5.jar;C:\Users\HeshamAbdElhamedGhar\.m2\repository\org\apache\ant\ant\1.9.7\ant-1.9.7.jar;C:\Users\HeshamAbdElhamedGhar\.m2\repository\org\apache\ant\ant-launcher\1.9.7\ant-launcher-1.9.7.jar;C:\Users\HeshamAbdElhamedGhar\.m2\repository\com\sikulix\sikulix2tigervnc\1.1.4\sikulix2tigervnc-1.1.4.jar;C:\Users\HeshamAbdElhamedGhar\.m2\repository\commons-cli\commons-cli\1.4\commons-cli-1.4.jar;C:\Users\HeshamAbdElhamedGhar\.m2\repository\org\apache\commons\commons-exec\1.3\commons-exec-1.3.jar;C:\Users\HeshamAbdElhamedGhar\.m2\repository\net\java\dev\jna\jna-platform\5.6.0\jna-platform-5.6.0.jar;C:\Users\HeshamAbdElhamedGhar\.m2\repository\net\oneandone\reflections8\reflections8\0.11.6\reflections8-0.11.6.jar;C:\Users\HeshamAbdElhamedGhar\.m2\repository\org\javassist\javassist\3.22.0-GA\javassist-3.22.0-GA.jar;C:\Users\HeshamAbdElhamedGhar\.m2\repository\net\sourceforge\tess4j\tess4j\4.5.4\tess4j-4.5.4.jar;C:\Users\HeshamAbdElhamedGhar\.m2\repository\com\github\jai-imageio\jai-imageio-core\1.4.0\jai-imageio-core-1.4.0.jar;C:\Users\HeshamAbdElhamedGhar\.m2\repository\org\ghost4j\ghost4j\1.0.1\ghost4j-1.0.1.jar;C:\Users\HeshamAbdElhamedGhar\.m2\repository\org\apache\xmlgraphics\xmlgraphics-commons\1.4\xmlgraphics-commons-1.4.jar;C:\Users\HeshamAbdElhamedGhar\.m2\repository\com\lowagie\itext\2.1.7\itext-2.1.7.jar;C:\Users\HeshamAbdElhamedGhar\.m2\repository\org\apache\pdfbox\pdfbox-tools\2.0.21\pdfbox-tools-2.0.21.jar;C:\Users\HeshamAbdElhamedGhar\.m2\repository\org\apache\pdfbox\pdfbox-debugger\2.0.21\pdfbox-debugger-2.0.21.jar;C:\Users\HeshamAbdElhamedGhar\.m2\repository\org\apache\pdfbox\jbig2-imageio\3.0.3\jbig2-imageio-3.0.3.jar;C:\Users\HeshamAbdElhamedGhar\.m2\repository\net\sourceforge\lept4j\lept4j\1.13.2\lept4j-1.13.2.jar;C:\Users\HeshamAbdElhamedGhar\.m2\repository\org\jboss\jboss-vfs\3.2.15.Final\jboss-vfs-3.2.15.Final.jar;C:\Users\HeshamAbdElhamedGhar\.m2\repository\org\jboss\logging\jboss-logging\3.1.4.GA\jboss-logging-3.1.4.GA.jar;C:\Users\HeshamAbdElhamedGhar\.m2\repository\net\sf\py4j\py4j\0.10.9.1\py4j-0.10.9.1.jar;C:\Users\HeshamAbdElhamedGhar\.m2\repository\com\epam\healenium\healenium-web\3.3.1\healenium-web-3.3.1.jar;C:\Users\HeshamAbdElhamedGhar\.m2\repository\com\typesafe\config\1.4.2\config-1.4.2.jar;C:\Users\HeshamAbdElhamedGhar\.m2\repository\com\epam\healenium\tree-comparing\0.4.11\tree-comparing-0.4.11.jar;C:\Users\HeshamAbdElhamedGhar\.m2\repository\org\apache\commons\commons-text\1.6\commons-text-1.6.jar;C:\Users\HeshamAbdElhamedGhar\.m2\repository\com\squareup\okhttp3\okhttp\4.9.3\okhttp-4.9.3.jar;C:\Users\HeshamAbdElhamedGhar\.m2\repository\com\squareup\okio\okio\2.8.0\okio-2.8.0.jar;C:\Users\HeshamAbdElhamedGhar\.m2\repository\org\jetbrains\kotlin\kotlin-stdlib-common\1.4.0\kotlin-stdlib-common-1.4.0.jar;C:\Users\HeshamAbdElhamedGhar\.m2\repository\org\jetbrains\kotlin\kotlin-stdlib\1.4.10\kotlin-stdlib-1.4.10.jar;C:\Users\HeshamAbdElhamedGhar\.m2\repository\org\mapstruct\mapstruct\1.4.2.Final\mapstruct-1.4.2.Final.jar;C:\Users\HeshamAbdElhamedGhar\.m2\repository\one\util\streamex\0.8.1\streamex-0.8.1.jar;C:\Users\HeshamAbdElhamedGhar\.m2\repository\org\mapstruct\mapstruct-processor\1.4.2.Final\mapstruct-processor-1.4.2.Final.jar;C:\Users\HeshamAbdElhamedGhar\.m2\repository\com\assertthat\selenium-shutterbug\1.6\selenium-shutterbug-1.6.jar;C:\Users\HeshamAbdElhamedGhar\.m2\repository\com\github\zafarkhaja\java-semver\0.9.0\java-semver-0.9.0.jar;C:\Users\HeshamAbdElhamedGhar\.m2\repository\com\jcraft\jsch\0.1.55\jsch-0.1.55.jar;C:\Users\HeshamAbdElhamedGhar\.m2\repository\mysql\mysql-connector-java\8.0.30\mysql-connector-java-8.0.30.jar;C:\Users\HeshamAbdElhamedGhar\.m2\repository\com\google\protobuf\protobuf-java\3.19.4\protobuf-java-3.19.4.jar;C:\Users\HeshamAbdElhamedGhar\.m2\repository\com\microsoft\sqlserver\mssql-jdbc\9.4.1.jre16-preview\mssql-jdbc-9.4.1.jre16-preview.jar;C:\Users\HeshamAbdElhamedGhar\.m2\repository\postgresql\postgresql\9.1-901-1.jdbc4\postgresql-9.1-901-1.jdbc4.jar;C:\Users\HeshamAbdElhamedGhar\.m2\repository\com\ibm\db2\jcc\db2jcc\db2jcc4\db2jcc-db2jcc4.jar;C:\Users\HeshamAbdElhamedGhar\.m2\repository\ws\schild\jave-all-deps\3.3.1\jave-all-deps-3.3.1.jar;C:\Users\HeshamAbdElhamedGhar\.m2\repository\ws\schild\jave-core\3.3.1\jave-core-3.3.1.jar;C:\Users\HeshamAbdElhamedGhar\.m2\repository\ws\schild\jave-nativebin-win32\3.3.1\jave-nativebin-win32-3.3.1.jar;C:\Users\HeshamAbdElhamedGhar\.m2\repository\ws\schild\jave-nativebin-win64\3.3.1\jave-nativebin-win64-3.3.1.jar;C:\Users\HeshamAbdElhamedGhar\.m2\repository\ws\schild\jave-nativebin-linux32\3.3.1\jave-nativebin-linux32-3.3.1.jar;C:\Users\HeshamAbdElhamedGhar\.m2\repository\ws\schild\jave-nativebin-linux64\3.3.1\jave-nativebin-linux64-3.3.1.jar;C:\Users\HeshamAbdElhamedGhar\.m2\repository\ws\schild\jave-nativebin-osx64\3.3.1\jave-nativebin-osx64-3.3.1.jar;C:\Users\HeshamAbdElhamedGhar\.m2\repository\ws\schild\jave-nativebin-osxm1\3.3.1\jave-nativebin-osxm1-3.3.1.jar;C:\Users\HeshamAbdElhamedGhar\.m2\repository\ws\schild\jave-nativebin-linux-arm32\3.3.1\jave-nativebin-linux-arm32-3.3.1.jar;C:\Users\HeshamAbdElhamedGhar\.m2\repository\ws\schild\jave-nativebin-linux-arm64\3.3.1\jave-nativebin-linux-arm64-3.3.1.jar;C:\Users\HeshamAbdElhamedGhar\.m2\repository\com\automation-remarks\video-recorder-testng\2.0\video-recorder-testng-2.0.jar;C:\Users\HeshamAbdElhamedGhar\.m2\repository\com\automation-remarks\video-recorder-core\2.0\video-recorder-core-2.0.jar;C:\Users\HeshamAbdElhamedGhar\.m2\repository\org\aeonbits\owner\owner-java8\1.0.10\owner-java8-1.0.10.jar;C:\Users\HeshamAbdElhamedGhar\.m2\repository\org\aeonbits\owner\owner\1.0.10\owner-1.0.10.jar;C:\Users\HeshamAbdElhamedGhar\.m2\repository\org\zeroturnaround\zt-exec\1.10\zt-exec-1.10.jar;C:\Users\HeshamAbdElhamedGhar\.m2\repository\org\awaitility\awaitility\3.1.6\awaitility-3.1.6.jar;C:\Users\HeshamAbdElhamedGhar\.m2\repository\org\hamcrest\hamcrest-library\1.3\hamcrest-library-1.3.jar;C:\Users\HeshamAbdElhamedGhar\.m2\repository\org\hamcrest\hamcrest-core\1.3\hamcrest-core-1.3.jar;C:\Users\HeshamAbdElhamedGhar\.m2\repository\org\objenesis\objenesis\2.6\objenesis-2.6.jar;C:\Users\HeshamAbdElhamedGhar\.m2\repository\org\json\json\20180813\json-20180813.jar;C:\Users\HeshamAbdElhamedGhar\.m2\repository\org\apache\logging\log4j\log4j-slf4j2-impl\2.19.0\log4j-slf4j2-impl-2.19.0.jar;C:\Users\HeshamAbdElhamedGhar\.m2\repository\org\slf4j\slf4j-api\2.0.0\slf4j-api-2.0.0.jar;C:\Users\HeshamAbdElhamedGhar\.m2\repository\org\apache\logging\log4j\log4j-core\2.19.0\log4j-core-2.19.0.jar;C:\Users\HeshamAbdElhamedGhar\.m2\repository\org\apache\logging\log4j\log4j-1.2-api\2.19.0\log4j-1.2-api-2.19.0.jar;C:\Users\HeshamAbdElhamedGhar\.m2\repository\com\google\guava\guava\31.1-jre\guava-31.1-jre.jar;C:\Users\HeshamAbdElhamedGhar\.m2\repository\com\google\guava\failureaccess\1.0.1\failureaccess-1.0.1.jar;C:\Users\HeshamAbdElhamedGhar\.m2\repository\com\google\guava\listenablefuture\9999.0-empty-to-avoid-conflict-with-guava\listenablefuture-9999.0-empty-to-avoid-conflict-with-guava.jar;C:\Users\HeshamAbdElhamedGhar\.m2\repository\com\google\code\findbugs\jsr305\3.0.2\jsr305-3.0.2.jar;C:\Users\HeshamAbdElhamedGhar\.m2\repository\org\checkerframework\checker-qual\3.12.0\checker-qual-3.12.0.jar;C:\Users\HeshamAbdElhamedGhar\.m2\repository\com\google\errorprone\error_prone_annotations\2.11.0\error_prone_annotations-2.11.0.jar;C:\Users\HeshamAbdElhamedGhar\.m2\repository\com\google\j2objc\j2objc-annotations\1.3\j2objc-annotations-1.3.jar;C:\Users\HeshamAbdElhamedGhar\.m2\repository\org\projectlombok\lombok\1.18.24\lombok-1.18.24.jar;C:\Users\HeshamAbdElhamedGhar\.m2\repository\com\google\crypto\tink\tink\1.7.0\tink-1.7.0.jar;C:\Users\HeshamAbdElhamedGhar\.m2\repository\com\google\crypto\tink\tink-awskms\1.7.0\tink-awskms-1.7.0.jar;C:\Users\HeshamAbdElhamedGhar\.m2\repository\com\amazonaws\aws-java-sdk-core\1.12.182\aws-java-sdk-core-1.12.182.jar;C:\Users\HeshamAbdElhamedGhar\.m2\repository\software\amazon\ion\ion-java\1.0.2\ion-java-1.0.2.jar;C:\Users\HeshamAbdElhamedGhar\.m2\repository\com\amazonaws\aws-java-sdk-kms\1.12.182\aws-java-sdk-kms-1.12.182.jar;C:\Users\HeshamAbdElhamedGhar\.m2\repository\com\amazonaws\jmespath-java\1.12.182\jmespath-java-1.12.182.jar;C:\Users\HeshamAbdElhamedGhar\.m2\repository\com\fasterxml\jackson\dataformat\jackson-dataformat-cbor\2.13.1\jackson-dataformat-cbor-2.13.1.jar;C:\Users\HeshamAbdElhamedGhar\.m2\repository\com\google\auto\service\auto-service\1.0.1\auto-service-1.0.1.jar;C:\Users\HeshamAbdElhamedGhar\.m2\repository\com\google\auto\auto-common\1.2\auto-common-1.2.jar;C:\Users\HeshamAbdElhamedGhar\.m2\repository\com\google\crypto\tink\tink-gcpkms\1.7.0\tink-gcpkms-1.7.0.jar;C:\Users\HeshamAbdElhamedGhar\.m2\repository\com\google\api-client\google-api-client\1.33.2\google-api-client-1.33.2.jar;C:\Users\HeshamAbdElhamedGhar\.m2\repository\com\google\oauth-client\google-oauth-client\1.33.0\google-oauth-client-1.33.0.jar;C:\Users\HeshamAbdElhamedGhar\.m2\repository\com\google\http-client\google-http-client-apache-v2\1.41.2\google-http-client-apache-v2-1.41.2.jar;C:\Users\HeshamAbdElhamedGhar\.m2\repository\com\google\apis\google-api-services-cloudkms\v1-rev108-1.25.0\google-api-services-cloudkms-v1-rev108-1.25.0.jar;C:\Users\HeshamAbdElhamedGhar\.m2\repository\com\google\auth\google-auth-library-oauth2-http\1.5.3\google-auth-library-oauth2-http-1.5.3.jar;C:\Users\HeshamAbdElhamedGhar\.m2\repository\com\google\auto\value\auto-value-annotations\1.9\auto-value-annotations-1.9.jar;C:\Users\HeshamAbdElhamedGhar\.m2\repository\com\google\auth\google-auth-library-credentials\1.5.3\google-auth-library-credentials-1.5.3.jar;C:\Users\HeshamAbdElhamedGhar\.m2\repository\com\google\http-client\google-http-client\1.41.3\google-http-client-1.41.3.jar;C:\Users\HeshamAbdElhamedGhar\.m2\repository\io\opencensus\opencensus-api\0.31.0\opencensus-api-0.31.0.jar;C:\Users\HeshamAbdElhamedGhar\.m2\repository\io\grpc\grpc-context\1.27.2\grpc-context-1.27.2.jar;C:\Users\HeshamAbdElhamedGhar\.m2\repository\io\opencensus\opencensus-contrib-http-util\0.31.0\opencensus-contrib-http-util-0.31.0.jar;C:\Users\HeshamAbdElhamedGhar\.m2\repository\com\google\http-client\google-http-client-gson\1.41.3\google-http-client-gson-1.41.3.jar;C:\Users\HeshamAbdElhamedGhar\.m2\repository\org\yaml\snakeyaml\1.33\snakeyaml-1.33.jar;C:\Users\HeshamAbdElhamedGhar\.m2\repository\com\auth0\java-jwt\4.0.0\java-jwt-4.0.0.jar;C:\Users\HeshamAbdElhamedGhar\.m2\repository\com\fasterxml\jackson\core\jackson-databind\2.13.2.2\jackson-databind-2.13.2.2.jar;C:\Users\HeshamAbdElhamedGhar\.m2\repository\com\fasterxml\jackson\core\jackson-annotations\2.13.2\jackson-annotations-2.13.2.jar;C:\Users\HeshamAbdElhamedGhar\.m2\repository\org\jetbrains\annotations\23.1.0\annotations-23.1.0.jar;"/>
    <property name="user.home" value="C:\Users\HeshamAbdElhamedGhar"/>
    <property name="mobile_automationName" value="UIAutomator2"/>
    <property name="dynamicObjectRepositoryPath" value="src/main/resources/dynamicObjectRepository/"/>
    <property name="setThreadCount" value="1"/>
    <property name="serverHost" value="localhost"/>
    <property name="setGroupByInstances" value="true"/>
    <property name="mobile_platformVersion" value=""/>
    <property name="cucumber.execution.limit" value=""/>
    <property name="screenshotParams_screenshotType" value="FullPage"/>
    <property name="name" value="PropertiesConfig"/>
    <property name="mobileEmulation.deviceName" value=""/>
    <property name="appender.console.name" value="STDOUT"/>
    <property name="appender.console.layout.type" value="PatternLayout"/>
    <property name="debugMode" value="false"/>
    <property name="retryMaximumNumberOfAttempts" value="0"/>
    <property name="appender.console.layout.disableAnsi" value="false"/>
    <property name="score-cap" value="0.5"/>
    <property name="applitoolsApiKey" value=""/>
    <property name="cucumber.plugin" value="pretty, json:allure-results/cucumber.json, html:allure-results/cucumberReport.html, com.shaft.tools.listeners.CucumberTestRunnerListener"/>
    <property name="path.separator" value=";"/>
    <property name="browserStack.accessKey" value="7E7PgzBtwk4sWLUcF8Y5"/>
    <property name="screenshotParams_skippedElementsFromScreenshot" value=""/>
    <property name="os.version" value="10.0"/>
    <property name="reportTestCasesExecution" value="false"/>
    <property name="pageLoadTimeout" value="30"/>
    <property name="browserStack.osVersion" value=""/>
    <property name="browserStack.username" value="mohabmohie1"/>
    <property name="mobile_udid" value=""/>
    <property name="screenshotParams_highlightMethod" value="AI"/>
    <property name="java.vm.name" value="Java HotSpot(TM) 64-Bit Server VM"/>
    <property name="browserStack.platformVersion" value=""/>
    <property name="apiConnectionTimeout" value="30"/>
    <property name="cucumber.ansi-colors.disabled" value="false"/>
    <property name="forceCheckNavigationWasSuccessful" value="true"/>
    <property name="cucumber.filter.tags" value=""/>
    <property name="os.arch" value="amd64"/>
    <property name="cucumber.execution.order" value="lexical"/>
    <property name="appender.file.type" value="File"/>
    <property name="setVerbose" value="1"/>
    <property name="setParallel" value="NONE"/>
    <property name="customDriverPath" value=""/>
    <property name="baseURL" value=""/>
    <property name="tinkey.keysetFilename" value=""/>
    <property name="java.vm.info" value="mixed mode, sharing"/>
    <property name="video.folder" value="allure-results/videos"/>
    <property name="java.class.version" value="61.0"/>
    <property name="sun.jnu.encoding" value="Cp1252"/>
    <property name="browserStack.appUrl" value=""/>
    <property name="setPreserveOrder" value="true"/>
    <property name="skipTestsWithLinkedIssues" value="false"/>
    <property name="com.SHAFT.proxySettings" value=""/>
    <property name="browserStack.seleniumVersion" value="4.1.2"/>
    <property name="clickUsingJavascriptWhenWebDriverClickFails" value="false"/>
    <property name="disableLogging" value="false"/>
    <property name="authorization" value=":"/>
    <property name="targetBrowserName" value="GoogleChrome"/>
    <property name="screenshotParams_watermarkOpacity" value="0.2"/>
    <property name="mobile_browserName" value=""/>
    <property name="browserStack.debug" value="true"/>
    <property name="mobileEmulation.width" value=""/>
    <property name="file.separator" value="\"/>
    <property name="java.vm.compressedOopsMode" value="Zero based"/>
    <property name="line.separator" value="&#10;"/>
    <property name="ExecutionName" value=""/>
    <property name="appender.file.layout.pattern" value="[%-5level] %d{yyyy-MM-dd HH:mm:ss.SSS} [%t] %c{1} - %msg%n"/>
    <property name="testDataColumnNamePrefix" value="Data"/>
    <property name="cucumber.object-factory" value=""/>
    <property name="targetOperatingSystem" value="Windows-64"/>
    <property name="allure.link.custom.pattern" value="{}"/>
    <property name="propertiesFolderPath" value="src/main/resources/properties/"/>
    <property name="headlessExecution" value="false"/>
    <property name="user.name" value="HeshamAbdElhamedGhar"/>
    <property name="browserStack.appRelativeFilePath" value=""/>
    <property name="screenshotParams_watermark" value="true"/>
    <property name="jiraInteraction" value="false"/>
    <property name="serverPort" value="7878"/>
    <property name="cleanExtentReportsDirectoryBeforeExecution" value="true"/>
    <property name="localRepository" value="C:\Users\HeshamAbdElhamedGhar\.m2\repository"/>
    <property name="idea.version" value="2022.3.1"/>
    <property name="defaultElementIdentificationTimeout" value="60"/>
    <property name="capabilities.accessKey" value=""/>
    <property name="ExecutionDescription" value=""/>
    <property name="sun.os.patch.level" value=""/>
    <property name="lazyLoadingTimeout" value="30"/>
    <property name="customDriverName" value=""/>
    <property name="waitForLazyLoading" value="false"/>
    <property name="browserNavigationTimeout" value="60"/>
    <property name="mobile_platformName" value=""/>
    <property name="mobile_appPackage" value=""/>
    <property name="java.class.path" value="C:\eclipse-workspace\MyProjects\TASystemsAPIs\target\test-classes;C:\eclipse-workspace\MyProjects\TASystemsAPIs\target\classes;C:\Users\HeshamAbdElhamedGhar\.m2\repository\io\github\shafthq\SHAFT_ENGINE\6.4.20221215\SHAFT_ENGINE-6.4.20221215.jar;C:\Users\HeshamAbdElhamedGhar\.m2\repository\org\testng\testng\7.7.0\testng-7.7.0.jar;C:\Users\HeshamAbdElhamedGhar\.m2\repository\com\beust\jcommander\1.82\jcommander-1.82.jar;C:\Users\HeshamAbdElhamedGhar\.m2\repository\org\webjars\jquery\3.6.1\jquery-3.6.1.jar;C:\Users\HeshamAbdElhamedGhar\.m2\repository\org\seleniumhq\selenium\selenium-java\4.7.2\selenium-java-4.7.2.jar;C:\Users\HeshamAbdElhamedGhar\.m2\repository\org\seleniumhq\selenium\selenium-api\4.7.2\selenium-api-4.7.2.jar;C:\Users\HeshamAbdElhamedGhar\.m2\repository\org\seleniumhq\selenium\selenium-chrome-driver\4.7.2\selenium-chrome-driver-4.7.2.jar;C:\Users\HeshamAbdElhamedGhar\.m2\repository\com\google\auto\service\auto-service-annotations\1.0.1\auto-service-annotations-1.0.1.jar;C:\Users\HeshamAbdElhamedGhar\.m2\repository\org\seleniumhq\selenium\selenium-chromium-driver\4.7.2\selenium-chromium-driver-4.7.2.jar;C:\Users\HeshamAbdElhamedGhar\.m2\repository\org\seleniumhq\selenium\selenium-json\4.7.2\selenium-json-4.7.2.jar;C:\Users\HeshamAbdElhamedGhar\.m2\repository\org\seleniumhq\selenium\selenium-devtools-v106\4.7.2\selenium-devtools-v106-4.7.2.jar;C:\Users\HeshamAbdElhamedGhar\.m2\repository\org\seleniumhq\selenium\selenium-devtools-v107\4.7.2\selenium-devtools-v107-4.7.2.jar;C:\Users\HeshamAbdElhamedGhar\.m2\repository\org\seleniumhq\selenium\selenium-devtools-v108\4.7.2\selenium-devtools-v108-4.7.2.jar;C:\Users\HeshamAbdElhamedGhar\.m2\repository\org\seleniumhq\selenium\selenium-devtools-v85\4.7.2\selenium-devtools-v85-4.7.2.jar;C:\Users\HeshamAbdElhamedGhar\.m2\repository\org\seleniumhq\selenium\selenium-edge-driver\4.7.2\selenium-edge-driver-4.7.2.jar;C:\Users\HeshamAbdElhamedGhar\.m2\repository\org\seleniumhq\selenium\selenium-firefox-driver\4.7.2\selenium-firefox-driver-4.7.2.jar;C:\Users\HeshamAbdElhamedGhar\.m2\repository\org\seleniumhq\selenium\selenium-http\4.7.2\selenium-http-4.7.2.jar;C:\Users\HeshamAbdElhamedGhar\.m2\repository\dev\failsafe\failsafe\3.3.0\failsafe-3.3.0.jar;C:\Users\HeshamAbdElhamedGhar\.m2\repository\org\seleniumhq\selenium\selenium-ie-driver\4.7.2\selenium-ie-driver-4.7.2.jar;C:\Users\HeshamAbdElhamedGhar\.m2\repository\org\seleniumhq\selenium\selenium-remote-driver\4.7.2\selenium-remote-driver-4.7.2.jar;C:\Users\HeshamAbdElhamedGhar\.m2\repository\io\netty\netty-codec-http\4.1.84.Final\netty-codec-http-4.1.84.Final.jar;C:\Users\HeshamAbdElhamedGhar\.m2\repository\io\netty\netty-transport-classes-epoll\4.1.84.Final\netty-transport-classes-epoll-4.1.84.Final.jar;C:\Users\HeshamAbdElhamedGhar\.m2\repository\io\netty\netty-transport-classes-kqueue\4.1.84.Final\netty-transport-classes-kqueue-4.1.84.Final.jar;C:\Users\HeshamAbdElhamedGhar\.m2\repository\io\netty\netty-transport-native-epoll\4.1.84.Final\netty-transport-native-epoll-4.1.84.Final.jar;C:\Users\HeshamAbdElhamedGhar\.m2\repository\io\netty\netty-transport-native-kqueue\4.1.84.Final\netty-transport-native-kqueue-4.1.84.Final.jar;C:\Users\HeshamAbdElhamedGhar\.m2\repository\io\opentelemetry\opentelemetry-api\1.19.0\opentelemetry-api-1.19.0.jar;C:\Users\HeshamAbdElhamedGhar\.m2\repository\io\opentelemetry\opentelemetry-context\1.19.0\opentelemetry-context-1.19.0.jar;C:\Users\HeshamAbdElhamedGhar\.m2\repository\io\opentelemetry\opentelemetry-exporter-logging\1.19.0\opentelemetry-exporter-logging-1.19.0.jar;C:\Users\HeshamAbdElhamedGhar\.m2\repository\io\opentelemetry\opentelemetry-sdk-metrics\1.19.0\opentelemetry-sdk-metrics-1.19.0.jar;C:\Users\HeshamAbdElhamedGhar\.m2\repository\io\opentelemetry\opentelemetry-sdk-logs\1.19.0-alpha\opentelemetry-sdk-logs-1.19.0-alpha.jar;C:\Users\HeshamAbdElhamedGhar\.m2\repository\io\opentelemetry\opentelemetry-api-logs\1.19.0-alpha\opentelemetry-api-logs-1.19.0-alpha.jar;C:\Users\HeshamAbdElhamedGhar\.m2\repository\io\opentelemetry\opentelemetry-sdk-common\1.19.0\opentelemetry-sdk-common-1.19.0.jar;C:\Users\HeshamAbdElhamedGhar\.m2\repository\io\opentelemetry\opentelemetry-sdk-extension-autoconfigure-spi\1.19.0\opentelemetry-sdk-extension-autoconfigure-spi-1.19.0.jar;C:\Users\HeshamAbdElhamedGhar\.m2\repository\io\opentelemetry\opentelemetry-sdk-extension-autoconfigure\1.19.0-alpha\opentelemetry-sdk-extension-autoconfigure-1.19.0-alpha.jar;C:\Users\HeshamAbdElhamedGhar\.m2\repository\io\opentelemetry\opentelemetry-exporter-common\1.19.0\opentelemetry-exporter-common-1.19.0.jar;C:\Users\HeshamAbdElhamedGhar\.m2\repository\io\opentelemetry\opentelemetry-sdk-trace\1.19.0\opentelemetry-sdk-trace-1.19.0.jar;C:\Users\HeshamAbdElhamedGhar\.m2\repository\io\opentelemetry\opentelemetry-sdk\1.19.0\opentelemetry-sdk-1.19.0.jar;C:\Users\HeshamAbdElhamedGhar\.m2\repository\io\opentelemetry\opentelemetry-semconv\1.19.0-alpha\opentelemetry-semconv-1.19.0-alpha.jar;C:\Users\HeshamAbdElhamedGhar\.m2\repository\io\ous\jtoml\2.0.0\jtoml-2.0.0.jar;C:\Users\HeshamAbdElhamedGhar\.m2\repository\net\bytebuddy\byte-buddy\1.12.18\byte-buddy-1.12.18.jar;C:\Users\HeshamAbdElhamedGhar\.m2\repository\org\asynchttpclient\async-http-client\2.12.3\async-http-client-2.12.3.jar;C:\Users\HeshamAbdElhamedGhar\.m2\repository\org\asynchttpclient\async-http-client-netty-utils\2.12.3\async-http-client-netty-utils-2.12.3.jar;C:\Users\HeshamAbdElhamedGhar\.m2\repository\io\netty\netty-codec-socks\4.1.60.Final\netty-codec-socks-4.1.60.Final.jar;C:\Users\HeshamAbdElhamedGhar\.m2\repository\io\netty\netty-handler-proxy\4.1.60.Final\netty-handler-proxy-4.1.60.Final.jar;C:\Users\HeshamAbdElhamedGhar\.m2\repository\io\netty\netty-transport-native-epoll\4.1.60.Final\netty-transport-native-epoll-4.1.60.Final-linux-x86_64.jar;C:\Users\HeshamAbdElhamedGhar\.m2\repository\io\netty\netty-transport-native-kqueue\4.1.60.Final\netty-transport-native-kqueue-4.1.60.Final-osx-x86_64.jar;C:\Users\HeshamAbdElhamedGhar\.m2\repository\com\typesafe\netty\netty-reactive-streams\2.0.4\netty-reactive-streams-2.0.4.jar;C:\Users\HeshamAbdElhamedGhar\.m2\repository\com\sun\activation\jakarta.activation\1.2.2\jakarta.activation-1.2.2.jar;C:\Users\HeshamAbdElhamedGhar\.m2\repository\org\seleniumhq\selenium\selenium-manager\4.7.2\selenium-manager-4.7.2.jar;C:\Users\HeshamAbdElhamedGhar\.m2\repository\org\seleniumhq\selenium\selenium-safari-driver\4.7.2\selenium-safari-driver-4.7.2.jar;C:\Users\HeshamAbdElhamedGhar\.m2\repository\org\seleniumhq\selenium\selenium-support\4.7.2\selenium-support-4.7.2.jar;C:\Users\HeshamAbdElhamedGhar\.m2\repository\io\netty\netty-handler\4.1.86.Final\netty-handler-4.1.86.Final.jar;C:\Users\HeshamAbdElhamedGhar\.m2\repository\io\netty\netty-common\4.1.86.Final\netty-common-4.1.86.Final.jar;C:\Users\HeshamAbdElhamedGhar\.m2\repository\io\netty\netty-resolver\4.1.86.Final\netty-resolver-4.1.86.Final.jar;C:\Users\HeshamAbdElhamedGhar\.m2\repository\io\netty\netty-buffer\4.1.86.Final\netty-buffer-4.1.86.Final.jar;C:\Users\HeshamAbdElhamedGhar\.m2\repository\io\netty\netty-transport\4.1.86.Final\netty-transport-4.1.86.Final.jar;C:\Users\HeshamAbdElhamedGhar\.m2\repository\io\netty\netty-transport-native-unix-common\4.1.86.Final\netty-transport-native-unix-common-4.1.86.Final.jar;C:\Users\HeshamAbdElhamedGhar\.m2\repository\io\netty\netty-codec\4.1.86.Final\netty-codec-4.1.86.Final.jar;C:\Users\HeshamAbdElhamedGhar\.m2\repository\io\appium\java-client\8.3.0\java-client-8.3.0.jar;C:\Users\HeshamAbdElhamedGhar\.m2\repository\com\google\code\gson\gson\2.10\gson-2.10.jar;C:\Users\HeshamAbdElhamedGhar\.m2\repository\cglib\cglib\3.3.0\cglib-3.3.0.jar;C:\Users\HeshamAbdElhamedGhar\.m2\repository\org\ow2\asm\asm\7.1\asm-7.1.jar;C:\Users\HeshamAbdElhamedGhar\.m2\repository\commons-validator\commons-validator\1.7\commons-validator-1.7.jar;C:\Users\HeshamAbdElhamedGhar\.m2\repository\commons-beanutils\commons-beanutils\1.9.4\commons-beanutils-1.9.4.jar;C:\Users\HeshamAbdElhamedGhar\.m2\repository\commons-digester\commons-digester\2.1\commons-digester-2.1.jar;C:\Users\HeshamAbdElhamedGhar\.m2\repository\commons-collections\commons-collections\3.2.2\commons-collections-3.2.2.jar;C:\Users\HeshamAbdElhamedGhar\.m2\repository\org\apache\commons\commons-lang3\3.12.0\commons-lang3-3.12.0.jar;C:\Users\HeshamAbdElhamedGhar\.m2\repository\commons-io\commons-io\2.11.0\commons-io-2.11.0.jar;C:\Users\HeshamAbdElhamedGhar\.m2\repository\io\github\bonigarcia\webdrivermanager\5.3.1\webdrivermanager-5.3.1.jar;C:\Users\HeshamAbdElhamedGhar\.m2\repository\com\github\docker-java\docker-java\3.2.13\docker-java-3.2.13.jar;C:\Users\HeshamAbdElhamedGhar\.m2\repository\com\github\docker-java\docker-java-core\3.2.13\docker-java-core-3.2.13.jar;C:\Users\HeshamAbdElhamedGhar\.m2\repository\com\github\docker-java\docker-java-api\3.2.13\docker-java-api-3.2.13.jar;C:\Users\HeshamAbdElhamedGhar\.m2\repository\org\slf4j\jcl-over-slf4j\1.7.30\jcl-over-slf4j-1.7.30.jar;C:\Users\HeshamAbdElhamedGhar\.m2\repository\com\github\docker-java\docker-java-transport-httpclient5\3.2.13\docker-java-transport-httpclient5-3.2.13.jar;C:\Users\HeshamAbdElhamedGhar\.m2\repository\com\github\docker-java\docker-java-transport\3.2.13\docker-java-transport-3.2.13.jar;C:\Users\HeshamAbdElhamedGhar\.m2\repository\net\java\dev\jna\jna\5.8.0\jna-5.8.0.jar;C:\Users\HeshamAbdElhamedGhar\.m2\repository\org\brotli\dec\0.1.2\dec-0.1.2.jar;C:\Users\HeshamAbdElhamedGhar\.m2\repository\org\apache\httpcomponents\client5\httpclient5\5.1.3\httpclient5-5.1.3.jar;C:\Users\HeshamAbdElhamedGhar\.m2\repository\org\apache\httpcomponents\core5\httpcore5\5.1.3\httpcore5-5.1.3.jar;C:\Users\HeshamAbdElhamedGhar\.m2\repository\org\apache\httpcomponents\core5\httpcore5-h2\5.1.3\httpcore5-h2-5.1.3.jar;C:\Users\HeshamAbdElhamedGhar\.m2\repository\io\cucumber\cucumber-java\7.10.0\cucumber-java-7.10.0.jar;C:\Users\HeshamAbdElhamedGhar\.m2\repository\io\cucumber\cucumber-core\7.10.0\cucumber-core-7.10.0.jar;C:\Users\HeshamAbdElhamedGhar\.m2\repository\io\cucumber\cucumber-gherkin\7.10.0\cucumber-gherkin-7.10.0.jar;C:\Users\HeshamAbdElhamedGhar\.m2\repository\io\cucumber\cucumber-gherkin-messages\7.10.0\cucumber-gherkin-messages-7.10.0.jar;C:\Users\HeshamAbdElhamedGhar\.m2\repository\io\cucumber\gherkin\25.0.2\gherkin-25.0.2.jar;C:\Users\HeshamAbdElhamedGhar\.m2\repository\io\cucumber\messages\19.1.4\messages-19.1.4.jar;C:\Users\HeshamAbdElhamedGhar\.m2\repository\io\cucumber\tag-expressions\4.1.0\tag-expressions-4.1.0.jar;C:\Users\HeshamAbdElhamedGhar\.m2\repository\io\cucumber\cucumber-expressions\16.1.1\cucumber-expressions-16.1.1.jar;C:\Users\HeshamAbdElhamedGhar\.m2\repository\io\cucumber\datatable\7.10.0\datatable-7.10.0.jar;C:\Users\HeshamAbdElhamedGhar\.m2\repository\io\cucumber\cucumber-plugin\7.10.0\cucumber-plugin-7.10.0.jar;C:\Users\HeshamAbdElhamedGhar\.m2\repository\io\cucumber\docstring\7.10.0\docstring-7.10.0.jar;C:\Users\HeshamAbdElhamedGhar\.m2\repository\io\cucumber\html-formatter\20.2.0\html-formatter-20.2.0.jar;C:\Users\HeshamAbdElhamedGhar\.m2\repository\io\cucumber\ci-environment\9.1.0\ci-environment-9.1.0.jar;C:\Users\HeshamAbdElhamedGhar\.m2\repository\org\apiguardian\apiguardian-api\1.1.2\apiguardian-api-1.1.2.jar;C:\Users\HeshamAbdElhamedGhar\.m2\repository\io\cucumber\cucumber-testng\7.10.0\cucumber-testng-7.10.0.jar;C:\Users\HeshamAbdElhamedGhar\.m2\repository\io\cucumber\cucumber-picocontainer\7.10.0\cucumber-picocontainer-7.10.0.jar;C:\Users\HeshamAbdElhamedGhar\.m2\repository\org\picocontainer\picocontainer\2.15\picocontainer-2.15.jar;C:\Users\HeshamAbdElhamedGhar\.m2\repository\org\apache\poi\poi\5.2.3\poi-5.2.3.jar;C:\Users\HeshamAbdElhamedGhar\.m2\repository\commons-codec\commons-codec\1.15\commons-codec-1.15.jar;C:\Users\HeshamAbdElhamedGhar\.m2\repository\org\apache\commons\commons-collections4\4.4\commons-collections4-4.4.jar;C:\Users\HeshamAbdElhamedGhar\.m2\repository\org\apache\commons\commons-math3\3.6.1\commons-math3-3.6.1.jar;C:\Users\HeshamAbdElhamedGhar\.m2\repository\com\zaxxer\SparseBitSet\1.2\SparseBitSet-1.2.jar;C:\Users\HeshamAbdElhamedGhar\.m2\repository\org\apache\logging\log4j\log4j-api\2.18.0\log4j-api-2.18.0.jar;C:\Users\HeshamAbdElhamedGhar\.m2\repository\org\apache\poi\poi-ooxml\5.2.3\poi-ooxml-5.2.3.jar;C:\Users\HeshamAbdElhamedGhar\.m2\repository\org\apache\poi\poi-ooxml-lite\5.2.3\poi-ooxml-lite-5.2.3.jar;C:\Users\HeshamAbdElhamedGhar\.m2\repository\org\apache\xmlbeans\xmlbeans\5.1.1\xmlbeans-5.1.1.jar;C:\Users\HeshamAbdElhamedGhar\.m2\repository\org\apache\commons\commons-compress\1.21\commons-compress-1.21.jar;C:\Users\HeshamAbdElhamedGhar\.m2\repository\com\github\virtuald\curvesapi\1.07\curvesapi-1.07.jar;C:\Users\HeshamAbdElhamedGhar\.m2\repository\io\qameta\allure\allure-testng\2.20.1\allure-testng-2.20.1.jar;C:\Users\HeshamAbdElhamedGhar\.m2\repository\io\qameta\allure\allure-java-commons\2.20.1\allure-java-commons-2.20.1.jar;C:\Users\HeshamAbdElhamedGhar\.m2\repository\io\qameta\allure\allure-model\2.20.1\allure-model-2.20.1.jar;C:\Users\HeshamAbdElhamedGhar\.m2\repository\io\qameta\allure\allure-test-filter\2.20.1\allure-test-filter-2.20.1.jar;C:\Users\HeshamAbdElhamedGhar\.m2\repository\io\qameta\allure\allure-cucumber7-jvm\2.20.1\allure-cucumber7-jvm-2.20.1.jar;C:\Users\HeshamAbdElhamedGhar\.m2\repository\org\aspectj\aspectjweaver\1.9.9.1\aspectjweaver-1.9.9.1.jar;C:\Users\HeshamAbdElhamedGhar\.m2\repository\com\aventstack\extentreports\5.0.9\extentreports-5.0.9.jar;C:\Users\HeshamAbdElhamedGhar\.m2\repository\io\reactivex\rxjava3\rxjava\3.0.4\rxjava-3.0.4.jar;C:\Users\HeshamAbdElhamedGhar\.m2\repository\org\reactivestreams\reactive-streams\1.0.3\reactive-streams-1.0.3.jar;C:\Users\HeshamAbdElhamedGhar\.m2\repository\org\freemarker\freemarker\2.3.30\freemarker-2.3.30.jar;C:\Users\HeshamAbdElhamedGhar\.m2\repository\org\apache\pdfbox\pdfbox\2.0.27\pdfbox-2.0.27.jar;C:\Users\HeshamAbdElhamedGhar\.m2\repository\org\apache\pdfbox\fontbox\2.0.27\fontbox-2.0.27.jar;C:\Users\HeshamAbdElhamedGhar\.m2\repository\commons-logging\commons-logging\1.2\commons-logging-1.2.jar;C:\Users\HeshamAbdElhamedGhar\.m2\repository\io\rest-assured\rest-assured\5.3.0\rest-assured-5.3.0.jar;C:\Users\HeshamAbdElhamedGhar\.m2\repository\org\apache\groovy\groovy\4.0.6\groovy-4.0.6.jar;C:\Users\HeshamAbdElhamedGhar\.m2\repository\org\apache\groovy\groovy-xml\4.0.6\groovy-xml-4.0.6.jar;C:\Users\HeshamAbdElhamedGhar\.m2\repository\org\apache\httpcomponents\httpclient\4.5.13\httpclient-4.5.13.jar;C:\Users\HeshamAbdElhamedGhar\.m2\repository\org\apache\httpcomponents\httpcore\4.4.13\httpcore-4.4.13.jar;C:\Users\HeshamAbdElhamedGhar\.m2\repository\org\apache\httpcomponents\httpmime\4.5.13\httpmime-4.5.13.jar;C:\Users\HeshamAbdElhamedGhar\.m2\repository\org\hamcrest\hamcrest\2.1\hamcrest-2.1.jar;C:\Users\HeshamAbdElhamedGhar\.m2\repository\org\ccil\cowan\tagsoup\tagsoup\1.2.1\tagsoup-1.2.1.jar;C:\Users\HeshamAbdElhamedGhar\.m2\repository\io\rest-assured\json-path\5.3.0\json-path-5.3.0.jar;C:\Users\HeshamAbdElhamedGhar\.m2\repository\org\apache\groovy\groovy-json\4.0.6\groovy-json-4.0.6.jar;C:\Users\HeshamAbdElhamedGhar\.m2\repository\io\rest-assured\rest-assured-common\5.3.0\rest-assured-common-5.3.0.jar;C:\Users\HeshamAbdElhamedGhar\.m2\repository\io\rest-assured\xml-path\5.3.0\xml-path-5.3.0.jar;C:\Users\HeshamAbdElhamedGhar\.m2\repository\com\googlecode\json-simple\json-simple\1.1.1\json-simple-1.1.1.jar;C:\Users\HeshamAbdElhamedGhar\.m2\repository\com\jayway\jsonpath\json-path\2.7.0\json-path-2.7.0.jar;C:\Users\HeshamAbdElhamedGhar\.m2\repository\net\minidev\json-smart\2.4.7\json-smart-2.4.7.jar;C:\Users\HeshamAbdElhamedGhar\.m2\repository\net\minidev\accessors-smart\2.4.7\accessors-smart-2.4.7.jar;C:\Users\HeshamAbdElhamedGhar\.m2\repository\org\skyscreamer\jsonassert\1.5.1\jsonassert-1.5.1.jar;C:\Users\HeshamAbdElhamedGhar\.m2\repository\com\vaadin\external\google\android-json\0.0.20131108.vaadin1\android-json-0.0.20131108.vaadin1.jar;C:\Users\HeshamAbdElhamedGhar\.m2\repository\eu\medsea\mimeutil\mime-util\2.1.3\mime-util-2.1.3.jar;C:\Users\HeshamAbdElhamedGhar\.m2\repository\io\rest-assured\json-schema-validator\5.3.0\json-schema-validator-5.3.0.jar;C:\Users\HeshamAbdElhamedGhar\.m2\repository\com\github\java-json-tools\json-schema-validator\2.2.14\json-schema-validator-2.2.14.jar;C:\Users\HeshamAbdElhamedGhar\.m2\repository\com\github\java-json-tools\jackson-coreutils-equivalence\1.0\jackson-coreutils-equivalence-1.0.jar;C:\Users\HeshamAbdElhamedGhar\.m2\repository\com\github\java-json-tools\jackson-coreutils\2.0\jackson-coreutils-2.0.jar;C:\Users\HeshamAbdElhamedGhar\.m2\repository\com\github\java-json-tools\msg-simple\1.2\msg-simple-1.2.jar;C:\Users\HeshamAbdElhamedGhar\.m2\repository\com\github\java-json-tools\btf\1.3\btf-1.3.jar;C:\Users\HeshamAbdElhamedGhar\.m2\repository\com\github\java-json-tools\json-schema-core\1.2.14\json-schema-core-1.2.14.jar;C:\Users\HeshamAbdElhamedGhar\.m2\repository\com\github\java-json-tools\uri-template\0.10\uri-template-0.10.jar;C:\Users\HeshamAbdElhamedGhar\.m2\repository\org\mozilla\rhino\1.7.7.2\rhino-1.7.7.2.jar;C:\Users\HeshamAbdElhamedGhar\.m2\repository\com\sun\mail\mailapi\1.6.2\mailapi-1.6.2.jar;C:\Users\HeshamAbdElhamedGhar\.m2\repository\joda-time\joda-time\2.10.5\joda-time-2.10.5.jar;C:\Users\HeshamAbdElhamedGhar\.m2\repository\com\googlecode\libphonenumber\libphonenumber\8.11.1\libphonenumber-8.11.1.jar;C:\Users\HeshamAbdElhamedGhar\.m2\repository\net\sf\jopt-simple\jopt-simple\5.0.4\jopt-simple-5.0.4.jar;C:\Users\HeshamAbdElhamedGhar\.m2\repository\com\fasterxml\jackson\datatype\jackson-datatype-jdk8\2.14.1\jackson-datatype-jdk8-2.14.1.jar;C:\Users\HeshamAbdElhamedGhar\.m2\repository\com\fasterxml\jackson\core\jackson-core\2.14.1\jackson-core-2.14.1.jar;C:\Users\HeshamAbdElhamedGhar\.m2\repository\com\applitools\eyes-images-java4\4.14.0\eyes-images-java4-4.14.0.jar;C:\Users\HeshamAbdElhamedGhar\.m2\repository\com\applitools\eyes-common-java4\4.14.0\eyes-common-java4-4.14.0.jar;C:\Users\HeshamAbdElhamedGhar\.m2\repository\org\imgscalr\imgscalr-lib\4.2\imgscalr-lib-4.2.jar;C:\Users\HeshamAbdElhamedGhar\.m2\repository\com\helger\ph-css\6.1.1\ph-css-6.1.1.jar;C:\Users\HeshamAbdElhamedGhar\.m2\repository\com\helger\ph-commons\9.0.2\ph-commons-9.0.2.jar;C:\Users\HeshamAbdElhamedGhar\.m2\repository\org\jsoup\jsoup\1.8.3\jsoup-1.8.3.jar;C:\Users\HeshamAbdElhamedGhar\.m2\repository\com\applitools\eyes-sdk-core-java4\4.14.0\eyes-sdk-core-java4-4.14.0.jar;C:\Users\HeshamAbdElhamedGhar\.m2\repository\com\applitools\eyes-connectivity-java4-jersey2x\4.14.0\eyes-connectivity-java4-jersey2x-4.14.0.jar;C:\Users\HeshamAbdElhamedGhar\.m2\repository\org\glassfish\jersey\connectors\jersey-apache-connector\2.16\jersey-apache-connector-2.16.jar;C:\Users\HeshamAbdElhamedGhar\.m2\repository\org\glassfish\jersey\core\jersey-common\2.16\jersey-common-2.16.jar;C:\Users\HeshamAbdElhamedGhar\.m2\repository\javax\annotation\javax.annotation-api\1.2\javax.annotation-api-1.2.jar;C:\Users\HeshamAbdElhamedGhar\.m2\repository\org\glassfish\jersey\bundles\repackaged\jersey-guava\2.16\jersey-guava-2.16.jar;C:\Users\HeshamAbdElhamedGhar\.m2\repository\org\glassfish\hk2\osgi-resource-locator\1.0.1\osgi-resource-locator-1.0.1.jar;C:\Users\HeshamAbdElhamedGhar\.m2\repository\javax\ws\rs\javax.ws.rs-api\2.0.1\javax.ws.rs-api-2.0.1.jar;C:\Users\HeshamAbdElhamedGhar\.m2\repository\org\glassfish\jersey\core\jersey-client\2.16\jersey-client-2.16.jar;C:\Users\HeshamAbdElhamedGhar\.m2\repository\org\glassfish\hk2\hk2-api\2.4.0-b09\hk2-api-2.4.0-b09.jar;C:\Users\HeshamAbdElhamedGhar\.m2\repository\org\glassfish\hk2\hk2-utils\2.4.0-b09\hk2-utils-2.4.0-b09.jar;C:\Users\HeshamAbdElhamedGhar\.m2\repository\org\glassfish\hk2\external\aopalliance-repackaged\2.4.0-b09\aopalliance-repackaged-2.4.0-b09.jar;C:\Users\HeshamAbdElhamedGhar\.m2\repository\org\glassfish\hk2\external\javax.inject\2.4.0-b09\javax.inject-2.4.0-b09.jar;C:\Users\HeshamAbdElhamedGhar\.m2\repository\org\glassfish\hk2\hk2-locator\2.4.0-b09\hk2-locator-2.4.0-b09.jar;C:\Users\HeshamAbdElhamedGhar\.m2\repository\org\openpnp\opencv\4.5.5-1\opencv-4.5.5-1.jar;C:\Users\HeshamAbdElhamedGhar\.m2\repository\com\sikulix\sikulixapi\2.0.5\sikulixapi-2.0.5.jar;C:\Users\HeshamAbdElhamedGhar\.m2\repository\org\python\jython-slim\2.7.2\jython-slim-2.7.2.jar;C:\Users\HeshamAbdElhamedGhar\.m2\repository\org\antlr\antlr\3.5.2\antlr-3.5.2.jar;C:\Users\HeshamAbdElhamedGhar\.m2\repository\org\antlr\ST4\4.0.8\ST4-4.0.8.jar;C:\Users\HeshamAbdElhamedGhar\.m2\repository\javax\servlet\javax.servlet-api\3.1.0\javax.servlet-api-3.1.0.jar;C:\Users\HeshamAbdElhamedGhar\.m2\repository\org\antlr\antlr-runtime\3.5.2\antlr-runtime-3.5.2.jar;C:\Users\HeshamAbdElhamedGhar\.m2\repository\org\bouncycastle\bcpkix-jdk15on\1.62\bcpkix-jdk15on-1.62.jar;C:\Users\HeshamAbdElhamedGhar\.m2\repository\org\bouncycastle\bcprov-jdk15on\1.62\bcprov-jdk15on-1.62.jar;C:\Users\HeshamAbdElhamedGhar\.m2\repository\org\ow2\asm\asm-commons\7.1\asm-commons-7.1.jar;C:\Users\HeshamAbdElhamedGhar\.m2\repository\org\ow2\asm\asm-tree\7.1\asm-tree-7.1.jar;C:\Users\HeshamAbdElhamedGhar\.m2\repository\org\ow2\asm\asm-analysis\7.1\asm-analysis-7.1.jar;C:\Users\HeshamAbdElhamedGhar\.m2\repository\org\ow2\asm\asm-util\7.1\asm-util-7.1.jar;C:\Users\HeshamAbdElhamedGhar\.m2\repository\com\ibm\icu\icu4j\59.1\icu4j-59.1.jar;C:\Users\HeshamAbdElhamedGhar\.m2\repository\com\carrotsearch\java-sizeof\0.0.5\java-sizeof-0.0.5.jar;C:\Users\HeshamAbdElhamedGhar\.m2\repository\com\github\jnr\jffi\1.2.20\jffi-1.2.20.jar;C:\Users\HeshamAbdElhamedGhar\.m2\repository\com\github\jnr\jnr-netdb\1.1.6\jnr-netdb-1.1.6.jar;C:\Users\HeshamAbdElhamedGhar\.m2\repository\com\github\jnr\jnr-ffi\2.1.10\jnr-ffi-2.1.10.jar;C:\Users\HeshamAbdElhamedGhar\.m2\repository\com\github\jnr\jffi\1.2.19\jffi-1.2.19-native.jar;C:\Users\HeshamAbdElhamedGhar\.m2\repository\com\github\jnr\jnr-a64asm\1.0.0\jnr-a64asm-1.0.0.jar;C:\Users\HeshamAbdElhamedGhar\.m2\repository\com\github\jnr\jnr-x86asm\1.0.2\jnr-x86asm-1.0.2.jar;C:\Users\HeshamAbdElhamedGhar\.m2\repository\com\github\jnr\jnr-posix\3.0.50\jnr-posix-3.0.50.jar;C:\Users\HeshamAbdElhamedGhar\.m2\repository\com\github\jnr\jnr-constants\0.9.12\jnr-constants-0.9.12.jar;C:\Users\HeshamAbdElhamedGhar\.m2\repository\jline\jline\2.14.5\jline-2.14.5.jar;C:\Users\HeshamAbdElhamedGhar\.m2\repository\org\apache\ant\ant\1.9.7\ant-1.9.7.jar;C:\Users\HeshamAbdElhamedGhar\.m2\repository\org\apache\ant\ant-launcher\1.9.7\ant-launcher-1.9.7.jar;C:\Users\HeshamAbdElhamedGhar\.m2\repository\com\sikulix\sikulix2tigervnc\1.1.4\sikulix2tigervnc-1.1.4.jar;C:\Users\HeshamAbdElhamedGhar\.m2\repository\commons-cli\commons-cli\1.4\commons-cli-1.4.jar;C:\Users\HeshamAbdElhamedGhar\.m2\repository\org\apache\commons\commons-exec\1.3\commons-exec-1.3.jar;C:\Users\HeshamAbdElhamedGhar\.m2\repository\net\java\dev\jna\jna-platform\5.6.0\jna-platform-5.6.0.jar;C:\Users\HeshamAbdElhamedGhar\.m2\repository\net\oneandone\reflections8\reflections8\0.11.6\reflections8-0.11.6.jar;C:\Users\HeshamAbdElhamedGhar\.m2\repository\org\javassist\javassist\3.22.0-GA\javassist-3.22.0-GA.jar;C:\Users\HeshamAbdElhamedGhar\.m2\repository\net\sourceforge\tess4j\tess4j\4.5.4\tess4j-4.5.4.jar;C:\Users\HeshamAbdElhamedGhar\.m2\repository\com\github\jai-imageio\jai-imageio-core\1.4.0\jai-imageio-core-1.4.0.jar;C:\Users\HeshamAbdElhamedGhar\.m2\repository\org\ghost4j\ghost4j\1.0.1\ghost4j-1.0.1.jar;C:\Users\HeshamAbdElhamedGhar\.m2\repository\org\apache\xmlgraphics\xmlgraphics-commons\1.4\xmlgraphics-commons-1.4.jar;C:\Users\HeshamAbdElhamedGhar\.m2\repository\com\lowagie\itext\2.1.7\itext-2.1.7.jar;C:\Users\HeshamAbdElhamedGhar\.m2\repository\org\apache\pdfbox\pdfbox-tools\2.0.21\pdfbox-tools-2.0.21.jar;C:\Users\HeshamAbdElhamedGhar\.m2\repository\org\apache\pdfbox\pdfbox-debugger\2.0.21\pdfbox-debugger-2.0.21.jar;C:\Users\HeshamAbdElhamedGhar\.m2\repository\org\apache\pdfbox\jbig2-imageio\3.0.3\jbig2-imageio-3.0.3.jar;C:\Users\HeshamAbdElhamedGhar\.m2\repository\net\sourceforge\lept4j\lept4j\1.13.2\lept4j-1.13.2.jar;C:\Users\HeshamAbdElhamedGhar\.m2\repository\org\jboss\jboss-vfs\3.2.15.Final\jboss-vfs-3.2.15.Final.jar;C:\Users\HeshamAbdElhamedGhar\.m2\repository\org\jboss\logging\jboss-logging\3.1.4.GA\jboss-logging-3.1.4.GA.jar;C:\Users\HeshamAbdElhamedGhar\.m2\repository\net\sf\py4j\py4j\0.10.9.1\py4j-0.10.9.1.jar;C:\Users\HeshamAbdElhamedGhar\.m2\repository\com\epam\healenium\healenium-web\3.3.1\healenium-web-3.3.1.jar;C:\Users\HeshamAbdElhamedGhar\.m2\repository\com\typesafe\config\1.4.2\config-1.4.2.jar;C:\Users\HeshamAbdElhamedGhar\.m2\repository\com\epam\healenium\tree-comparing\0.4.11\tree-comparing-0.4.11.jar;C:\Users\HeshamAbdElhamedGhar\.m2\repository\org\apache\commons\commons-text\1.6\commons-text-1.6.jar;C:\Users\HeshamAbdElhamedGhar\.m2\repository\com\squareup\okhttp3\okhttp\4.9.3\okhttp-4.9.3.jar;C:\Users\HeshamAbdElhamedGhar\.m2\repository\com\squareup\okio\okio\2.8.0\okio-2.8.0.jar;C:\Users\HeshamAbdElhamedGhar\.m2\repository\org\jetbrains\kotlin\kotlin-stdlib-common\1.4.0\kotlin-stdlib-common-1.4.0.jar;C:\Users\HeshamAbdElhamedGhar\.m2\repository\org\jetbrains\kotlin\kotlin-stdlib\1.4.10\kotlin-stdlib-1.4.10.jar;C:\Users\HeshamAbdElhamedGhar\.m2\repository\org\mapstruct\mapstruct\1.4.2.Final\mapstruct-1.4.2.Final.jar;C:\Users\HeshamAbdElhamedGhar\.m2\repository\one\util\streamex\0.8.1\streamex-0.8.1.jar;C:\Users\HeshamAbdElhamedGhar\.m2\repository\org\mapstruct\mapstruct-processor\1.4.2.Final\mapstruct-processor-1.4.2.Final.jar;C:\Users\HeshamAbdElhamedGhar\.m2\repository\com\assertthat\selenium-shutterbug\1.6\selenium-shutterbug-1.6.jar;C:\Users\HeshamAbdElhamedGhar\.m2\repository\com\github\zafarkhaja\java-semver\0.9.0\java-semver-0.9.0.jar;C:\Users\HeshamAbdElhamedGhar\.m2\repository\com\jcraft\jsch\0.1.55\jsch-0.1.55.jar;C:\Users\HeshamAbdElhamedGhar\.m2\repository\mysql\mysql-connector-java\8.0.30\mysql-connector-java-8.0.30.jar;C:\Users\HeshamAbdElhamedGhar\.m2\repository\com\google\protobuf\protobuf-java\3.19.4\protobuf-java-3.19.4.jar;C:\Users\HeshamAbdElhamedGhar\.m2\repository\com\microsoft\sqlserver\mssql-jdbc\9.4.1.jre16-preview\mssql-jdbc-9.4.1.jre16-preview.jar;C:\Users\HeshamAbdElhamedGhar\.m2\repository\postgresql\postgresql\9.1-901-1.jdbc4\postgresql-9.1-901-1.jdbc4.jar;C:\Users\HeshamAbdElhamedGhar\.m2\repository\com\ibm\db2\jcc\db2jcc\db2jcc4\db2jcc-db2jcc4.jar;C:\Users\HeshamAbdElhamedGhar\.m2\repository\ws\schild\jave-all-deps\3.3.1\jave-all-deps-3.3.1.jar;C:\Users\HeshamAbdElhamedGhar\.m2\repository\ws\schild\jave-core\3.3.1\jave-core-3.3.1.jar;C:\Users\HeshamAbdElhamedGhar\.m2\repository\ws\schild\jave-nativebin-win32\3.3.1\jave-nativebin-win32-3.3.1.jar;C:\Users\HeshamAbdElhamedGhar\.m2\repository\ws\schild\jave-nativebin-win64\3.3.1\jave-nativebin-win64-3.3.1.jar;C:\Users\HeshamAbdElhamedGhar\.m2\repository\ws\schild\jave-nativebin-linux32\3.3.1\jave-nativebin-linux32-3.3.1.jar;C:\Users\HeshamAbdElhamedGhar\.m2\repository\ws\schild\jave-nativebin-linux64\3.3.1\jave-nativebin-linux64-3.3.1.jar;C:\Users\HeshamAbdElhamedGhar\.m2\repository\ws\schild\jave-nativebin-osx64\3.3.1\jave-nativebin-osx64-3.3.1.jar;C:\Users\HeshamAbdElhamedGhar\.m2\repository\ws\schild\jave-nativebin-osxm1\3.3.1\jave-nativebin-osxm1-3.3.1.jar;C:\Users\HeshamAbdElhamedGhar\.m2\repository\ws\schild\jave-nativebin-linux-arm32\3.3.1\jave-nativebin-linux-arm32-3.3.1.jar;C:\Users\HeshamAbdElhamedGhar\.m2\repository\ws\schild\jave-nativebin-linux-arm64\3.3.1\jave-nativebin-linux-arm64-3.3.1.jar;C:\Users\HeshamAbdElhamedGhar\.m2\repository\com\automation-remarks\video-recorder-testng\2.0\video-recorder-testng-2.0.jar;C:\Users\HeshamAbdElhamedGhar\.m2\repository\com\automation-remarks\video-recorder-core\2.0\video-recorder-core-2.0.jar;C:\Users\HeshamAbdElhamedGhar\.m2\repository\org\aeonbits\owner\owner-java8\1.0.10\owner-java8-1.0.10.jar;C:\Users\HeshamAbdElhamedGhar\.m2\repository\org\aeonbits\owner\owner\1.0.10\owner-1.0.10.jar;C:\Users\HeshamAbdElhamedGhar\.m2\repository\org\zeroturnaround\zt-exec\1.10\zt-exec-1.10.jar;C:\Users\HeshamAbdElhamedGhar\.m2\repository\org\awaitility\awaitility\3.1.6\awaitility-3.1.6.jar;C:\Users\HeshamAbdElhamedGhar\.m2\repository\org\hamcrest\hamcrest-library\1.3\hamcrest-library-1.3.jar;C:\Users\HeshamAbdElhamedGhar\.m2\repository\org\hamcrest\hamcrest-core\1.3\hamcrest-core-1.3.jar;C:\Users\HeshamAbdElhamedGhar\.m2\repository\org\objenesis\objenesis\2.6\objenesis-2.6.jar;C:\Users\HeshamAbdElhamedGhar\.m2\repository\org\json\json\20180813\json-20180813.jar;C:\Users\HeshamAbdElhamedGhar\.m2\repository\org\apache\logging\log4j\log4j-slf4j2-impl\2.19.0\log4j-slf4j2-impl-2.19.0.jar;C:\Users\HeshamAbdElhamedGhar\.m2\repository\org\slf4j\slf4j-api\2.0.0\slf4j-api-2.0.0.jar;C:\Users\HeshamAbdElhamedGhar\.m2\repository\org\apache\logging\log4j\log4j-core\2.19.0\log4j-core-2.19.0.jar;C:\Users\HeshamAbdElhamedGhar\.m2\repository\org\apache\logging\log4j\log4j-1.2-api\2.19.0\log4j-1.2-api-2.19.0.jar;C:\Users\HeshamAbdElhamedGhar\.m2\repository\com\google\guava\guava\31.1-jre\guava-31.1-jre.jar;C:\Users\HeshamAbdElhamedGhar\.m2\repository\com\google\guava\failureaccess\1.0.1\failureaccess-1.0.1.jar;C:\Users\HeshamAbdElhamedGhar\.m2\repository\com\google\guava\listenablefuture\9999.0-empty-to-avoid-conflict-with-guava\listenablefuture-9999.0-empty-to-avoid-conflict-with-guava.jar;C:\Users\HeshamAbdElhamedGhar\.m2\repository\com\google\code\findbugs\jsr305\3.0.2\jsr305-3.0.2.jar;C:\Users\HeshamAbdElhamedGhar\.m2\repository\org\checkerframework\checker-qual\3.12.0\checker-qual-3.12.0.jar;C:\Users\HeshamAbdElhamedGhar\.m2\repository\com\google\errorprone\error_prone_annotations\2.11.0\error_prone_annotations-2.11.0.jar;C:\Users\HeshamAbdElhamedGhar\.m2\repository\com\google\j2objc\j2objc-annotations\1.3\j2objc-annotations-1.3.jar;C:\Users\HeshamAbdElhamedGhar\.m2\repository\org\projectlombok\lombok\1.18.24\lombok-1.18.24.jar;C:\Users\HeshamAbdElhamedGhar\.m2\repository\com\google\crypto\tink\tink\1.7.0\tink-1.7.0.jar;C:\Users\HeshamAbdElhamedGhar\.m2\repository\com\google\crypto\tink\tink-awskms\1.7.0\tink-awskms-1.7.0.jar;C:\Users\HeshamAbdElhamedGhar\.m2\repository\com\amazonaws\aws-java-sdk-core\1.12.182\aws-java-sdk-core-1.12.182.jar;C:\Users\HeshamAbdElhamedGhar\.m2\repository\software\amazon\ion\ion-java\1.0.2\ion-java-1.0.2.jar;C:\Users\HeshamAbdElhamedGhar\.m2\repository\com\amazonaws\aws-java-sdk-kms\1.12.182\aws-java-sdk-kms-1.12.182.jar;C:\Users\HeshamAbdElhamedGhar\.m2\repository\com\amazonaws\jmespath-java\1.12.182\jmespath-java-1.12.182.jar;C:\Users\HeshamAbdElhamedGhar\.m2\repository\com\fasterxml\jackson\dataformat\jackson-dataformat-cbor\2.13.1\jackson-dataformat-cbor-2.13.1.jar;C:\Users\HeshamAbdElhamedGhar\.m2\repository\com\google\auto\service\auto-service\1.0.1\auto-service-1.0.1.jar;C:\Users\HeshamAbdElhamedGhar\.m2\repository\com\google\auto\auto-common\1.2\auto-common-1.2.jar;C:\Users\HeshamAbdElhamedGhar\.m2\repository\com\google\crypto\tink\tink-gcpkms\1.7.0\tink-gcpkms-1.7.0.jar;C:\Users\HeshamAbdElhamedGhar\.m2\repository\com\google\api-client\google-api-client\1.33.2\google-api-client-1.33.2.jar;C:\Users\HeshamAbdElhamedGhar\.m2\repository\com\google\oauth-client\google-oauth-client\1.33.0\google-oauth-client-1.33.0.jar;C:\Users\HeshamAbdElhamedGhar\.m2\repository\com\google\http-client\google-http-client-apache-v2\1.41.2\google-http-client-apache-v2-1.41.2.jar;C:\Users\HeshamAbdElhamedGhar\.m2\repository\com\google\apis\google-api-services-cloudkms\v1-rev108-1.25.0\google-api-services-cloudkms-v1-rev108-1.25.0.jar;C:\Users\HeshamAbdElhamedGhar\.m2\repository\com\google\auth\google-auth-library-oauth2-http\1.5.3\google-auth-library-oauth2-http-1.5.3.jar;C:\Users\HeshamAbdElhamedGhar\.m2\repository\com\google\auto\value\auto-value-annotations\1.9\auto-value-annotations-1.9.jar;C:\Users\HeshamAbdElhamedGhar\.m2\repository\com\google\auth\google-auth-library-credentials\1.5.3\google-auth-library-credentials-1.5.3.jar;C:\Users\HeshamAbdElhamedGhar\.m2\repository\com\google\http-client\google-http-client\1.41.3\google-http-client-1.41.3.jar;C:\Users\HeshamAbdElhamedGhar\.m2\repository\io\opencensus\opencensus-api\0.31.0\opencensus-api-0.31.0.jar;C:\Users\HeshamAbdElhamedGhar\.m2\repository\io\grpc\grpc-context\1.27.2\grpc-context-1.27.2.jar;C:\Users\HeshamAbdElhamedGhar\.m2\repository\io\opencensus\opencensus-contrib-http-util\0.31.0\opencensus-contrib-http-util-0.31.0.jar;C:\Users\HeshamAbdElhamedGhar\.m2\repository\com\google\http-client\google-http-client-gson\1.41.3\google-http-client-gson-1.41.3.jar;C:\Users\HeshamAbdElhamedGhar\.m2\repository\org\yaml\snakeyaml\1.33\snakeyaml-1.33.jar;C:\Users\HeshamAbdElhamedGhar\.m2\repository\com\auth0\java-jwt\4.0.0\java-jwt-4.0.0.jar;C:\Users\HeshamAbdElhamedGhar\.m2\repository\com\fasterxml\jackson\core\jackson-databind\2.13.2.2\jackson-databind-2.13.2.2.jar;C:\Users\HeshamAbdElhamedGhar\.m2\repository\com\fasterxml\jackson\core\jackson-annotations\2.13.2\jackson-annotations-2.13.2.jar;C:\Users\HeshamAbdElhamedGhar\.m2\repository\org\jetbrains\annotations\23.1.0\annotations-23.1.0.jar;"/>
    <property name="tinkey.kms.masterKeyUri" value=""/>
    <property name="java.vm.vendor" value="Oracle Corporation"/>
    <property name="openAllureReportAfterExecution" value="true"/>
    <property name="allureVersion" value="2.20.1"/>
    <property name="user.variant" value=""/>
    <property name="videoParams_scope" value="DriverSession"/>
    <property name="browserStack.acceptInsecureCerts" value="true"/>
    <property name="forceCheckTextWasTypedCorrectly" value="true"/>
    <property name="databaseQueryTimeout" value="30"/>
    <property name="user.country" value="US"/>
    <property name="sun.java.launcher" value="SUN_STANDARD"/>
    <property name="allure.link.issue.pattern" value=""/>
    <property name="cucumber.snippet-type" value="underscore"/>
    <property name="apiSocketTimeout" value="30"/>
    <property name="sun.cpu.endian" value="little"/>
    <property name="user.language" value="en"/>
    <property name="cucumber.execution.dry-run" value="false"/>
    <property name="allure.link.tms.pattern" value="https:///{}"/>
    <property name="createAnimatedGif" value="true"/>
    <property name="cucumber.execution.wip" value="false"/>
    <property name="appender.file.name" value="LOGFILE"/>
    <property name="surefire.real.class.path" value="C:\Users\HeshamAbdElhamedGhar\AppData\Local\Temp\surefire15346353996066904204\surefirebooter-20230122220031362_3.jar"/>
    <property name="shellSessionTimeout" value="30"/>
    <property name="mobileEmulation.isCustomDevice" value="false"/>
    <property name="recovery-tries" value="1"/>
    <property name="java.runtime.name" value="Java(TM) SE Runtime Environment"/>
    <property name="generateExtentReports" value="true"/>
    <property name="mobileEmulation.height" value=""/>
    <property name="heal-enabled" value="false"/>
    <property name="java.vendor.url.bug" value="https://bugreport.java.com/bugreport/"/>
    <property name="animatedGif_frameDelay" value="500"/>
    <property name="captureElementName" value="true"/>
    <property name="SHAFT.CrossBrowserMode" value="off"/>
    <property name="forceCheckElementLocatorIsUnique" value="true"/>
    <property name="user.dir" value="C:\eclipse-workspace\MyProjects\TASystemsAPIs"/>
    <property name="video.mode" value="ALL"/>
    <property name="appender.file.filter.threshold.level" value="debug"/>
    <property name="mobile_deviceName" value=""/>
    <property name="browserStack.appiumVersion" value="1.22.0"/>
    <property name="captureWebDriverLogs" value="true"/>
    <property name="setDataProviderThreadCount" value="1"/>
    <property name="browserStack.networkLogs" value="true"/>
    <property name="java.vm.version" value="17.0.2+8-LTS-86"/>
    <property name="cucumber.glue" value="customCucumberSteps, com.shaft.cucumber"/>
  </properties>
  <testcase name="Get_CreationalPeriod_With_BadRequest_ByID_Rq_TC[[Ljava.lang.Object;@5f1c406e](1)" classname="SteeringCompanyAPI_TestCases.Test_CreationalPeriod_Cases" time="11.638">
    <system-out><![CDATA[2023-01-22 22:00:35.400 &amp#27;[32m INFO&amp#27;[m &amp#27;[35m[@534 - main]&amp#27;[m &amp#27;[36mcom.shaft.tools.io.ReportManager&amp#27;[m : 
################################################################################################################################################
Detected SHAFT Engine Version: "SHAFT Engine v6.4.20221215"
################################################################################################################################################
2023-01-22 22:00:35.974 &amp#27;[32m INFO&amp#27;[m &amp#27;[35m[@503 - main]&amp#27;[m &amp#27;[36mcom.shaft.tools.io.ReportManager&amp#27;[m : Loaded OpenCV "opencv_java455".
2023-01-22 22:00:36.365 &amp#27;[32m INFO&amp#27;[m &amp#27;[35m[@534 - main]&amp#27;[m &amp#27;[36mcom.shaft.tools.io.ReportManager&amp#27;[m : 
################################################################################################################################################
Starting Execution of a Configuration (Setup or Teardown) Method
Test Method:		"com.shaft.tools.listeners.LogsHelper.setupActivities"
################################################################################################################################################
2023-01-22 22:00:36.424 &amp#27;[32m INFO&amp#27;[m &amp#27;[35m[@503 - main]&amp#27;[m &amp#27;[36mcom.shaft.tools.io.ReportManager&amp#27;[m : Initializing Allure Reporting Environment...
2023-01-22 22:00:36.716 &amp#27;[32m INFO&amp#27;[m &amp#27;[35m[@503 - main]&amp#27;[m &amp#27;[36mcom.shaft.tools.io.ReportManager&amp#27;[m : Initializing Extent Reporting Environment...
2023-01-22 22:00:37.211 &amp#27;[32m INFO&amp#27;[m &amp#27;[35m[@503 - main]&amp#27;[m &amp#27;[36mcom.shaft.tools.io.ReportManager&amp#27;[m : Initializing Important Links...
2023-01-22 22:00:37.225 &amp#27;[32m INFO&amp#27;[m &amp#27;[35m[@503 - main]&amp#27;[m &amp#27;[36mcom.shaft.tools.io.ReportManager&amp#27;[m : Initializing Custom Properties...
2023-01-22 22:00:37.350 &amp#27;[32m INFO&amp#27;[m &amp#27;[35m[@534 - main]&amp#27;[m &amp#27;[36mcom.shaft.tools.io.ReportManager&amp#27;[m : 
################################################################################################################################################
Starting Execution of a Configuration (Setup or Teardown) Method
Test Method:		"SteeringCompanyAPI_TestCases.Test_CreationalPeriod_Cases.Setup_data"
################################################################################################################################################
2023-01-22 22:00:37.357 &amp#27;[32m INFO&amp#27;[m &amp#27;[35m[@503 - main]&amp#27;[m &amp#27;[36mcom.shaft.tools.io.ReportManager&amp#27;[m : File Action "DoesFileExist" successfully performed. With the following test data "File Path: "SteeringCompanyAPI_TestData/SteeringCompanyAPI_TestData.xlsx"".
2023-01-22 22:00:38.774 &amp#27;[32m INFO&amp#27;[m &amp#27;[35m[@503 - main]&amp#27;[m &amp#27;[36mcom.shaft.tools.io.ReportManager&amp#27;[m : Successfully created attachment "Test Data - Excel"
2023-01-22 22:00:38.777 &amp#27;[32m INFO&amp#27;[m &amp#27;[35m[@503 - main]&amp#27;[m &amp#27;[36mcom.shaft.tools.io.ReportManager&amp#27;[m : File Action "DoesFileExist" successfully performed. With the following test data "File Path: "SteeringCompanyAPI_TestData/SteeringCompanyAPI_TestData.xlsx"".
2023-01-22 22:00:38.899 &amp#27;[32m INFO&amp#27;[m &amp#27;[35m[@503 - main]&amp#27;[m &amp#27;[36mcom.shaft.tools.io.ReportManager&amp#27;[m : Successfully created attachment "Test Data - Excel"
2023-01-22 22:00:38.926 &amp#27;[31mERROR&amp#27;[m &amp#27;[35m[@609 - main]&amp#27;[m &amp#27;[36mio.qameta.allure.AllureLifecycle&amp#27;[m : Could not add attachment: no test is running
2023-01-22 22:00:38.928 &amp#27;[32m INFO&amp#27;[m &amp#27;[35m[@503 - main]&amp#27;[m &amp#27;[36mcom.shaft.tools.io.ReportManager&amp#27;[m : Successfully created attachment "SHAFT Engine Logs - Current Method log: Setup_data"
2023-01-22 22:00:38.992 &amp#27;[32m INFO&amp#27;[m &amp#27;[35m[@534 - main]&amp#27;[m &amp#27;[36mcom.shaft.tools.io.ReportManager&amp#27;[m : 
################################################################################################################################################
Starting Execution:	"1 out of 83" test cases in the current suite
Test Method:		"SteeringCompanyAPI_TestCases.Test_CreationalPeriod_Cases.Get_CreationalPeriod_With_BadRequest_ByID_Rq_TC"
Test Description:	"TC009  -CreationalPeriod-   Perform Get CreationalPeriod API With BadRequest by ID"
################################################################################################################################################
2023-01-22 22:00:39.005 &amp#27;[32m INFO&amp#27;[m &amp#27;[35m[@503 - main]&amp#27;[m &amp#27;[36mcom.shaft.tools.io.ReportManager&amp#27;[m : File Action "DoesFileExist" successfully performed. With the following test data "File Path: "SteeringCompanyAPI_TestData/SteeringCompanyAPI_TestData.xlsx"".
2023-01-22 22:00:39.124 &amp#27;[32m INFO&amp#27;[m &amp#27;[35m[@503 - main]&amp#27;[m &amp#27;[36mcom.shaft.tools.io.ReportManager&amp#27;[m : Successfully created attachment "Test Data - Excel"
2023-01-22 22:00:44.171 &amp#27;[32m INFO&amp#27;[m &amp#27;[35m[@503 - main]&amp#27;[m &amp#27;[36mcom.shaft.tools.io.ReportManager&amp#27;[m : Response status code: "200", status line: "HTTP/1.1 200 OK"
2023-01-22 22:00:45.419 &amp#27;[32m INFO&amp#27;[m &amp#27;[35m[@503 - main]&amp#27;[m &amp#27;[36mcom.shaft.tools.io.ReportManager&amp#27;[m : Successfully created attachment "API Request - Specifications"
2023-01-22 22:00:45.459 &amp#27;[32m INFO&amp#27;[m &amp#27;[35m[@503 - main]&amp#27;[m &amp#27;[36mcom.shaft.tools.io.ReportManager&amp#27;[m : Successfully created attachment "API Request - Body"
2023-01-22 22:00:45.744 &amp#27;[32m INFO&amp#27;[m &amp#27;[35m[@503 - main]&amp#27;[m &amp#27;[36mcom.shaft.tools.io.ReportManager&amp#27;[m : Successfully created attachment "API Response - JSON Body"
2023-01-22 22:00:45.771 &amp#27;[32m INFO&amp#27;[m &amp#27;[35m[@503 - main]&amp#27;[m &amp#27;[36mcom.shaft.tools.io.ReportManager&amp#27;[m : File Action "DoesFileExist" successfully performed. With the following test data "File Path: "SteeringCompanyAPI_TestData/SteeringCompanyAPI_TestData.xlsx"".
2023-01-22 22:00:45.896 &amp#27;[32m INFO&amp#27;[m &amp#27;[35m[@503 - main]&amp#27;[m &amp#27;[36mcom.shaft.tools.io.ReportManager&amp#27;[m : Successfully created attachment "Test Data - Excel"
2023-01-22 22:00:49.502 &amp#27;[32m INFO&amp#27;[m &amp#27;[35m[@503 - main]&amp#27;[m &amp#27;[36mcom.shaft.tools.io.ReportManager&amp#27;[m : Response status code: "400", status line: "HTTP/1.1 400 "
2023-01-22 22:00:49.518 &amp#27;[32m INFO&amp#27;[m &amp#27;[35m[@503 - main]&amp#27;[m &amp#27;[36mcom.shaft.tools.io.ReportManager&amp#27;[m : Successfully created attachment "API Request - Specifications"
2023-01-22 22:00:49.520 &amp#27;[32m INFO&amp#27;[m &amp#27;[35m[@503 - main]&amp#27;[m &amp#27;[36mcom.shaft.tools.io.ReportManager&amp#27;[m : Successfully created attachment "API Response - JSON Body"
2023-01-22 22:00:49.525 &amp#27;[32m INFO&amp#27;[m &amp#27;[35m[@503 - main]&amp#27;[m &amp#27;[36mcom.shaft.tools.io.ReportManager&amp#27;[m : File Action "DoesFileExist" successfully performed. With the following test data "File Path: "Schemas/BadRequestError_schema.json"".
2023-01-22 22:00:49.526 &amp#27;[32m INFO&amp#27;[m &amp#27;[35m[@503 - main]&amp#27;[m &amp#27;[36mcom.shaft.tools.io.ReportManager&amp#27;[m : File Action "DoesFileExist" successfully performed. With the following test data "File Path: "src/test/resources/testDataFiles/Schemas/BadRequestError_schema.json"".
2023-01-22 22:00:49.527 &amp#27;[32m INFO&amp#27;[m &amp#27;[35m[@503 - main]&amp#27;[m &amp#27;[36mcom.shaft.tools.io.ReportManager&amp#27;[m : File Action "GetAbsolutePath" successfully performed. With the following test data "Relative Folder Path: "src/test/resources/testDataFiles/Schemas/BadRequestError_schema.json"".
2023-01-22 22:00:50.467 &amp#27;[32m INFO&amp#27;[m &amp#27;[35m[@503 - main]&amp#27;[m &amp#27;[36mcom.shaft.tools.io.ReportManager&amp#27;[m : File Action "DoesFileExist" successfully performed. With the following test data "File Path: "C:\eclipse-workspace\MyProjects\TASystemsAPIs\src\test\resources\testDataFiles\Schemas\BadRequestError_schema.json"".
2023-01-22 22:00:50.468 &amp#27;[32m INFO&amp#27;[m &amp#27;[35m[@503 - main]&amp#27;[m &amp#27;[36mcom.shaft.tools.io.ReportManager&amp#27;[m : File Action "GetAbsolutePath" successfully performed. With the following test data "Relative Folder Path: "C:\eclipse-workspace\MyProjects\TASystemsAPIs\src\test\resources\testDataFiles\Schemas\BadRequestError_schema.json"".
2023-01-22 22:00:50.469 &amp#27;[32m INFO&amp#27;[m &amp#27;[35m[@503 - main]&amp#27;[m &amp#27;[36mcom.shaft.tools.io.ReportManager&amp#27;[m : File Action "ReadFile" successfully performed. With the following test data "File Path: "C:\eclipse-workspace\MyProjects\TASystemsAPIs\src\test\resources\testDataFiles\Schemas\BadRequestError_schema.json"".
2023-01-22 22:00:50.475 &amp#27;[32m INFO&amp#27;[m &amp#27;[35m[@503 - main]&amp#27;[m &amp#27;[36mcom.shaft.tools.io.ReportManager&amp#27;[m : Successfully created attachment "Validation Test Data - Expected JSON Value"
2023-01-22 22:00:50.478 &amp#27;[32m INFO&amp#27;[m &amp#27;[35m[@503 - main]&amp#27;[m &amp#27;[36mcom.shaft.tools.io.ReportManager&amp#27;[m : Successfully created attachment "Validation Test Data - Actual JSON Value"
2023-01-22 22:00:50.484 &amp#27;[32m INFO&amp#27;[m &amp#27;[35m[@503 - main]&amp#27;[m &amp#27;[36mcom.shaft.tools.io.ReportManager&amp#27;[m : Successfully created attachment "SHAFT Engine Logs - Current Method log: Get_CreationalPeriod_With_BadRequest_ByID_Rq_TC"
]]></system-out>
  </testcase>
  <testcase name="Get_CreationalPeriod_With_BadRequest_ByID_Rq_TC[[Ljava.lang.Object;@ce5417f](2)" classname="SteeringCompanyAPI_TestCases.Test_CreationalPeriod_Cases" time="8.663">
    <system-out><![CDATA[2023-01-22 22:00:50.592 &amp#27;[32m INFO&amp#27;[m &amp#27;[35m[@534 - main]&amp#27;[m &amp#27;[36mcom.shaft.tools.io.ReportManager&amp#27;[m : 
################################################################################################################################################
Starting Execution:	"2 out of 83" test cases in the current suite
Test Method:		"SteeringCompanyAPI_TestCases.Test_CreationalPeriod_Cases.Get_CreationalPeriod_With_BadRequest_ByID_Rq_TC"
Test Description:	"TC009  -CreationalPeriod-   Perform Get CreationalPeriod API With BadRequest by ID"
################################################################################################################################################
2023-01-22 22:00:50.593 &amp#27;[32m INFO&amp#27;[m &amp#27;[35m[@503 - main]&amp#27;[m &amp#27;[36mcom.shaft.tools.io.ReportManager&amp#27;[m : File Action "DoesFileExist" successfully performed. With the following test data "File Path: "SteeringCompanyAPI_TestData/SteeringCompanyAPI_TestData.xlsx"".
2023-01-22 22:00:50.682 &amp#27;[32m INFO&amp#27;[m &amp#27;[35m[@503 - main]&amp#27;[m &amp#27;[36mcom.shaft.tools.io.ReportManager&amp#27;[m : Successfully created attachment "Test Data - Excel"
2023-01-22 22:00:57.799 &amp#27;[32m INFO&amp#27;[m &amp#27;[35m[@503 - main]&amp#27;[m &amp#27;[36mcom.shaft.tools.io.ReportManager&amp#27;[m : Response status code: "200", status line: "HTTP/1.1 200 OK"
2023-01-22 22:00:57.820 &amp#27;[32m INFO&amp#27;[m &amp#27;[35m[@503 - main]&amp#27;[m &amp#27;[36mcom.shaft.tools.io.ReportManager&amp#27;[m : Successfully created attachment "API Request - Specifications"
2023-01-22 22:00:57.822 &amp#27;[32m INFO&amp#27;[m &amp#27;[35m[@503 - main]&amp#27;[m &amp#27;[36mcom.shaft.tools.io.ReportManager&amp#27;[m : Successfully created attachment "API Request - Body"
2023-01-22 22:00:57.823 &amp#27;[32m INFO&amp#27;[m &amp#27;[35m[@503 - main]&amp#27;[m &amp#27;[36mcom.shaft.tools.io.ReportManager&amp#27;[m : Successfully created attachment "API Response - JSON Body"
2023-01-22 22:00:57.838 &amp#27;[32m INFO&amp#27;[m &amp#27;[35m[@503 - main]&amp#27;[m &amp#27;[36mcom.shaft.tools.io.ReportManager&amp#27;[m : File Action "DoesFileExist" successfully performed. With the following test data "File Path: "SteeringCompanyAPI_TestData/SteeringCompanyAPI_TestData.xlsx"".
2023-01-22 22:00:57.907 &amp#27;[32m INFO&amp#27;[m &amp#27;[35m[@503 - main]&amp#27;[m &amp#27;[36mcom.shaft.tools.io.ReportManager&amp#27;[m : Successfully created attachment "Test Data - Excel"
2023-01-22 22:00:59.167 &amp#27;[32m INFO&amp#27;[m &amp#27;[35m[@503 - main]&amp#27;[m &amp#27;[36mcom.shaft.tools.io.ReportManager&amp#27;[m : Response status code: "400", status line: "HTTP/1.1 400 "
2023-01-22 22:00:59.187 &amp#27;[32m INFO&amp#27;[m &amp#27;[35m[@503 - main]&amp#27;[m &amp#27;[36mcom.shaft.tools.io.ReportManager&amp#27;[m : Successfully created attachment "API Request - Specifications"
2023-01-22 22:00:59.227 &amp#27;[32m INFO&amp#27;[m &amp#27;[35m[@503 - main]&amp#27;[m &amp#27;[36mcom.shaft.tools.io.ReportManager&amp#27;[m : Successfully created attachment "API Response - JSON Body"
2023-01-22 22:00:59.230 &amp#27;[32m INFO&amp#27;[m &amp#27;[35m[@503 - main]&amp#27;[m &amp#27;[36mcom.shaft.tools.io.ReportManager&amp#27;[m : File Action "DoesFileExist" successfully performed. With the following test data "File Path: "Schemas/BadRequestError_schema.json"".
2023-01-22 22:00:59.232 &amp#27;[32m INFO&amp#27;[m &amp#27;[35m[@503 - main]&amp#27;[m &amp#27;[36mcom.shaft.tools.io.ReportManager&amp#27;[m : File Action "DoesFileExist" successfully performed. With the following test data "File Path: "src/test/resources/testDataFiles/Schemas/BadRequestError_schema.json"".
2023-01-22 22:00:59.232 &amp#27;[32m INFO&amp#27;[m &amp#27;[35m[@503 - main]&amp#27;[m &amp#27;[36mcom.shaft.tools.io.ReportManager&amp#27;[m : File Action "GetAbsolutePath" successfully performed. With the following test data "Relative Folder Path: "src/test/resources/testDataFiles/Schemas/BadRequestError_schema.json"".
2023-01-22 22:00:59.239 &amp#27;[32m INFO&amp#27;[m &amp#27;[35m[@503 - main]&amp#27;[m &amp#27;[36mcom.shaft.tools.io.ReportManager&amp#27;[m : File Action "DoesFileExist" successfully performed. With the following test data "File Path: "C:\eclipse-workspace\MyProjects\TASystemsAPIs\src\test\resources\testDataFiles\Schemas\BadRequestError_schema.json"".
2023-01-22 22:00:59.239 &amp#27;[32m INFO&amp#27;[m &amp#27;[35m[@503 - main]&amp#27;[m &amp#27;[36mcom.shaft.tools.io.ReportManager&amp#27;[m : File Action "GetAbsolutePath" successfully performed. With the following test data "Relative Folder Path: "C:\eclipse-workspace\MyProjects\TASystemsAPIs\src\test\resources\testDataFiles\Schemas\BadRequestError_schema.json"".
2023-01-22 22:00:59.240 &amp#27;[32m INFO&amp#27;[m &amp#27;[35m[@503 - main]&amp#27;[m &amp#27;[36mcom.shaft.tools.io.ReportManager&amp#27;[m : File Action "ReadFile" successfully performed. With the following test data "File Path: "C:\eclipse-workspace\MyProjects\TASystemsAPIs\src\test\resources\testDataFiles\Schemas\BadRequestError_schema.json"".
2023-01-22 22:00:59.242 &amp#27;[32m INFO&amp#27;[m &amp#27;[35m[@503 - main]&amp#27;[m &amp#27;[36mcom.shaft.tools.io.ReportManager&amp#27;[m : Successfully created attachment "Validation Test Data - Expected JSON Value"
2023-01-22 22:00:59.244 &amp#27;[32m INFO&amp#27;[m &amp#27;[35m[@503 - main]&amp#27;[m &amp#27;[36mcom.shaft.tools.io.ReportManager&amp#27;[m : Successfully created attachment "Validation Test Data - Actual JSON Value"
2023-01-22 22:00:59.247 &amp#27;[32m INFO&amp#27;[m &amp#27;[35m[@503 - main]&amp#27;[m &amp#27;[36mcom.shaft.tools.io.ReportManager&amp#27;[m : Successfully created attachment "SHAFT Engine Logs - Current Method log: Get_CreationalPeriod_With_BadRequest_ByID_Rq_TC"
]]></system-out>
  </testcase>
  <testcase name="Get_CreationalPeriod_With_NotFound_ByID_Rq_TC[[Ljava.lang.Object;@34d20206](1)" classname="SteeringCompanyAPI_TestCases.Test_CreationalPeriod_Cases" time="4.249">
    <system-out><![CDATA[2023-01-22 22:00:59.259 &amp#27;[32m INFO&amp#27;[m &amp#27;[35m[@534 - main]&amp#27;[m &amp#27;[36mcom.shaft.tools.io.ReportManager&amp#27;[m : 
################################################################################################################################################
Starting Execution:	"3 out of 83" test cases in the current suite
Test Method:		"SteeringCompanyAPI_TestCases.Test_CreationalPeriod_Cases.Get_CreationalPeriod_With_NotFound_ByID_Rq_TC"
Test Description:	"TC008  -CreationalPeriod-   Perform Get CreationalPeriod API With NotFound by ID"
################################################################################################################################################
2023-01-22 22:00:59.260 &amp#27;[32m INFO&amp#27;[m &amp#27;[35m[@503 - main]&amp#27;[m &amp#27;[36mcom.shaft.tools.io.ReportManager&amp#27;[m : File Action "DoesFileExist" successfully performed. With the following test data "File Path: "SteeringCompanyAPI_TestData/SteeringCompanyAPI_TestData.xlsx"".
2023-01-22 22:00:59.340 &amp#27;[32m INFO&amp#27;[m &amp#27;[35m[@503 - main]&amp#27;[m &amp#27;[36mcom.shaft.tools.io.ReportManager&amp#27;[m : Successfully created attachment "Test Data - Excel"
2023-01-22 22:01:00.603 &amp#27;[32m INFO&amp#27;[m &amp#27;[35m[@503 - main]&amp#27;[m &amp#27;[36mcom.shaft.tools.io.ReportManager&amp#27;[m : Response status code: "200", status line: "HTTP/1.1 200 OK"
2023-01-22 22:01:00.623 &amp#27;[32m INFO&amp#27;[m &amp#27;[35m[@503 - main]&amp#27;[m &amp#27;[36mcom.shaft.tools.io.ReportManager&amp#27;[m : Successfully created attachment "API Request - Specifications"
2023-01-22 22:01:00.624 &amp#27;[32m INFO&amp#27;[m &amp#27;[35m[@503 - main]&amp#27;[m &amp#27;[36mcom.shaft.tools.io.ReportManager&amp#27;[m : Successfully created attachment "API Request - Body"
2023-01-22 22:01:00.625 &amp#27;[32m INFO&amp#27;[m &amp#27;[35m[@503 - main]&amp#27;[m &amp#27;[36mcom.shaft.tools.io.ReportManager&amp#27;[m : Successfully created attachment "API Response - JSON Body"
2023-01-22 22:01:00.643 &amp#27;[32m INFO&amp#27;[m &amp#27;[35m[@503 - main]&amp#27;[m &amp#27;[36mcom.shaft.tools.io.ReportManager&amp#27;[m : File Action "DoesFileExist" successfully performed. With the following test data "File Path: "SteeringCompanyAPI_TestData/SteeringCompanyAPI_TestData.xlsx"".
2023-01-22 22:01:00.765 &amp#27;[32m INFO&amp#27;[m &amp#27;[35m[@503 - main]&amp#27;[m &amp#27;[36mcom.shaft.tools.io.ReportManager&amp#27;[m : Successfully created attachment "Test Data - Excel"
2023-01-22 22:01:03.289 &amp#27;[32m INFO&amp#27;[m &amp#27;[35m[@503 - main]&amp#27;[m &amp#27;[36mcom.shaft.tools.io.ReportManager&amp#27;[m : Response status code: "404", status line: "HTTP/1.1 404 "
2023-01-22 22:01:03.485 &amp#27;[32m INFO&amp#27;[m &amp#27;[35m[@503 - main]&amp#27;[m &amp#27;[36mcom.shaft.tools.io.ReportManager&amp#27;[m : Successfully created attachment "API Request - Specifications"
2023-01-22 22:01:03.486 &amp#27;[32m INFO&amp#27;[m &amp#27;[35m[@503 - main]&amp#27;[m &amp#27;[36mcom.shaft.tools.io.ReportManager&amp#27;[m : Successfully created attachment "API Response - JSON Body"
2023-01-22 22:01:03.489 &amp#27;[32m INFO&amp#27;[m &amp#27;[35m[@503 - main]&amp#27;[m &amp#27;[36mcom.shaft.tools.io.ReportManager&amp#27;[m : File Action "DoesFileExist" successfully performed. With the following test data "File Path: "Schemas/NotFoundError_schema.json"".
2023-01-22 22:01:03.489 &amp#27;[32m INFO&amp#27;[m &amp#27;[35m[@503 - main]&amp#27;[m &amp#27;[36mcom.shaft.tools.io.ReportManager&amp#27;[m : File Action "DoesFileExist" successfully performed. With the following test data "File Path: "src/test/resources/testDataFiles/Schemas/NotFoundError_schema.json"".
2023-01-22 22:01:03.489 &amp#27;[32m INFO&amp#27;[m &amp#27;[35m[@503 - main]&amp#27;[m &amp#27;[36mcom.shaft.tools.io.ReportManager&amp#27;[m : File Action "GetAbsolutePath" successfully performed. With the following test data "Relative Folder Path: "src/test/resources/testDataFiles/Schemas/NotFoundError_schema.json"".
2023-01-22 22:01:03.496 &amp#27;[32m INFO&amp#27;[m &amp#27;[35m[@503 - main]&amp#27;[m &amp#27;[36mcom.shaft.tools.io.ReportManager&amp#27;[m : File Action "DoesFileExist" successfully performed. With the following test data "File Path: "C:\eclipse-workspace\MyProjects\TASystemsAPIs\src\test\resources\testDataFiles\Schemas\NotFoundError_schema.json"".
2023-01-22 22:01:03.497 &amp#27;[32m INFO&amp#27;[m &amp#27;[35m[@503 - main]&amp#27;[m &amp#27;[36mcom.shaft.tools.io.ReportManager&amp#27;[m : File Action "GetAbsolutePath" successfully performed. With the following test data "Relative Folder Path: "C:\eclipse-workspace\MyProjects\TASystemsAPIs\src\test\resources\testDataFiles\Schemas\NotFoundError_schema.json"".
2023-01-22 22:01:03.498 &amp#27;[32m INFO&amp#27;[m &amp#27;[35m[@503 - main]&amp#27;[m &amp#27;[36mcom.shaft.tools.io.ReportManager&amp#27;[m : File Action "ReadFile" successfully performed. With the following test data "File Path: "C:\eclipse-workspace\MyProjects\TASystemsAPIs\src\test\resources\testDataFiles\Schemas\NotFoundError_schema.json"".
2023-01-22 22:01:03.500 &amp#27;[32m INFO&amp#27;[m &amp#27;[35m[@503 - main]&amp#27;[m &amp#27;[36mcom.shaft.tools.io.ReportManager&amp#27;[m : Successfully created attachment "Validation Test Data - Expected JSON Value"
2023-01-22 22:01:03.502 &amp#27;[32m INFO&amp#27;[m &amp#27;[35m[@503 - main]&amp#27;[m &amp#27;[36mcom.shaft.tools.io.ReportManager&amp#27;[m : Successfully created attachment "Validation Test Data - Actual JSON Value"
2023-01-22 22:01:03.504 &amp#27;[32m INFO&amp#27;[m &amp#27;[35m[@503 - main]&amp#27;[m &amp#27;[36mcom.shaft.tools.io.ReportManager&amp#27;[m : Successfully created attachment "SHAFT Engine Logs - Current Method log: Get_CreationalPeriod_With_NotFound_ByID_Rq_TC"
]]></system-out>
  </testcase>
  <testcase name="Get_InValid_Creational_Pagenation_Rq_TC[[Ljava.lang.Object;@5b6dc76c](1)" classname="SteeringCompanyAPI_TestCases.Test_CreationalPeriod_Cases" time="2.612">
    <system-out><![CDATA[2023-01-22 22:01:03.510 &amp#27;[32m INFO&amp#27;[m &amp#27;[35m[@534 - main]&amp#27;[m &amp#27;[36mcom.shaft.tools.io.ReportManager&amp#27;[m : 
################################################################################################################################################
Starting Execution:	"4 out of 83" test cases in the current suite
Test Method:		"SteeringCompanyAPI_TestCases.Test_CreationalPeriod_Cases.Get_InValid_Creational_Pagenation_Rq_TC"
Test Description:	"TC010  -CreationalPeriod-   Perform Get all CreationalPeriod API With invalid Pagenation"
################################################################################################################################################
2023-01-22 22:01:03.510 &amp#27;[32m INFO&amp#27;[m &amp#27;[35m[@503 - main]&amp#27;[m &amp#27;[36mcom.shaft.tools.io.ReportManager&amp#27;[m : File Action "DoesFileExist" successfully performed. With the following test data "File Path: "SteeringCompanyAPI_TestData/SteeringCompanyAPI_TestData.xlsx"".
2023-01-22 22:01:03.561 &amp#27;[32m INFO&amp#27;[m &amp#27;[35m[@503 - main]&amp#27;[m &amp#27;[36mcom.shaft.tools.io.ReportManager&amp#27;[m : Successfully created attachment "Test Data - Excel"
2023-01-22 22:01:04.800 &amp#27;[32m INFO&amp#27;[m &amp#27;[35m[@503 - main]&amp#27;[m &amp#27;[36mcom.shaft.tools.io.ReportManager&amp#27;[m : Response status code: "200", status line: "HTTP/1.1 200 OK"
2023-01-22 22:01:04.817 &amp#27;[32m INFO&amp#27;[m &amp#27;[35m[@503 - main]&amp#27;[m &amp#27;[36mcom.shaft.tools.io.ReportManager&amp#27;[m : Successfully created attachment "API Request - Specifications"
2023-01-22 22:01:04.818 &amp#27;[32m INFO&amp#27;[m &amp#27;[35m[@503 - main]&amp#27;[m &amp#27;[36mcom.shaft.tools.io.ReportManager&amp#27;[m : Successfully created attachment "API Request - Body"
2023-01-22 22:01:04.820 &amp#27;[32m INFO&amp#27;[m &amp#27;[35m[@503 - main]&amp#27;[m &amp#27;[36mcom.shaft.tools.io.ReportManager&amp#27;[m : Successfully created attachment "API Response - JSON Body"
2023-01-22 22:01:04.834 &amp#27;[32m INFO&amp#27;[m &amp#27;[35m[@503 - main]&amp#27;[m &amp#27;[36mcom.shaft.tools.io.ReportManager&amp#27;[m : File Action "DoesFileExist" successfully performed. With the following test data "File Path: "SteeringCompanyAPI_TestData/SteeringCompanyAPI_TestData.xlsx"".
2023-01-22 22:01:04.887 &amp#27;[32m INFO&amp#27;[m &amp#27;[35m[@503 - main]&amp#27;[m &amp#27;[36mcom.shaft.tools.io.ReportManager&amp#27;[m : Successfully created attachment "Test Data - Excel"
2023-01-22 22:01:06.027 &amp#27;[32m INFO&amp#27;[m &amp#27;[35m[@503 - main]&amp#27;[m &amp#27;[36mcom.shaft.tools.io.ReportManager&amp#27;[m : Response status code: "422", status line: "HTTP/1.1 422 "
2023-01-22 22:01:06.048 &amp#27;[32m INFO&amp#27;[m &amp#27;[35m[@503 - main]&amp#27;[m &amp#27;[36mcom.shaft.tools.io.ReportManager&amp#27;[m : Successfully created attachment "API Request - Specifications"
2023-01-22 22:01:06.085 &amp#27;[32m INFO&amp#27;[m &amp#27;[35m[@503 - main]&amp#27;[m &amp#27;[36mcom.shaft.tools.io.ReportManager&amp#27;[m : Successfully created attachment "API Response - JSON Body"
2023-01-22 22:01:06.087 &amp#27;[32m INFO&amp#27;[m &amp#27;[35m[@503 - main]&amp#27;[m &amp#27;[36mcom.shaft.tools.io.ReportManager&amp#27;[m : File Action "DoesFileExist" successfully performed. With the following test data "File Path: "Schemas/ValidationError_schema.json"".
2023-01-22 22:01:06.089 &amp#27;[32m INFO&amp#27;[m &amp#27;[35m[@503 - main]&amp#27;[m &amp#27;[36mcom.shaft.tools.io.ReportManager&amp#27;[m : File Action "DoesFileExist" successfully performed. With the following test data "File Path: "src/test/resources/testDataFiles/Schemas/ValidationError_schema.json"".
2023-01-22 22:01:06.090 &amp#27;[32m INFO&amp#27;[m &amp#27;[35m[@503 - main]&amp#27;[m &amp#27;[36mcom.shaft.tools.io.ReportManager&amp#27;[m : File Action "GetAbsolutePath" successfully performed. With the following test data "Relative Folder Path: "src/test/resources/testDataFiles/Schemas/ValidationError_schema.json"".
2023-01-22 22:01:06.108 &amp#27;[32m INFO&amp#27;[m &amp#27;[35m[@503 - main]&amp#27;[m &amp#27;[36mcom.shaft.tools.io.ReportManager&amp#27;[m : File Action "DoesFileExist" successfully performed. With the following test data "File Path: "C:\eclipse-workspace\MyProjects\TASystemsAPIs\src\test\resources\testDataFiles\Schemas\ValidationError_schema.json"".
2023-01-22 22:01:06.109 &amp#27;[32m INFO&amp#27;[m &amp#27;[35m[@503 - main]&amp#27;[m &amp#27;[36mcom.shaft.tools.io.ReportManager&amp#27;[m : File Action "GetAbsolutePath" successfully performed. With the following test data "Relative Folder Path: "C:\eclipse-workspace\MyProjects\TASystemsAPIs\src\test\resources\testDataFiles\Schemas\ValidationError_schema.json"".
2023-01-22 22:01:06.109 &amp#27;[32m INFO&amp#27;[m &amp#27;[35m[@503 - main]&amp#27;[m &amp#27;[36mcom.shaft.tools.io.ReportManager&amp#27;[m : File Action "ReadFile" successfully performed. With the following test data "File Path: "C:\eclipse-workspace\MyProjects\TASystemsAPIs\src\test\resources\testDataFiles\Schemas\ValidationError_schema.json"".
2023-01-22 22:01:06.113 &amp#27;[32m INFO&amp#27;[m &amp#27;[35m[@503 - main]&amp#27;[m &amp#27;[36mcom.shaft.tools.io.ReportManager&amp#27;[m : Successfully created attachment "Validation Test Data - Expected JSON Value"
2023-01-22 22:01:06.114 &amp#27;[32m INFO&amp#27;[m &amp#27;[35m[@503 - main]&amp#27;[m &amp#27;[36mcom.shaft.tools.io.ReportManager&amp#27;[m : Successfully created attachment "Validation Test Data - Actual JSON Value"
2023-01-22 22:01:06.116 &amp#27;[32m INFO&amp#27;[m &amp#27;[35m[@503 - main]&amp#27;[m &amp#27;[36mcom.shaft.tools.io.ReportManager&amp#27;[m : Successfully created attachment "SHAFT Engine Logs - Current Method log: Get_InValid_Creational_Pagenation_Rq_TC"
]]></system-out>
  </testcase>
  <testcase name="Invalid_GET_CreationalPeriod_ByID_with_invalid_Token_TC" classname="SteeringCompanyAPI_TestCases.Test_CreationalPeriod_Cases" time="1.891">
    <system-out><![CDATA[2023-01-22 22:01:06.123 &amp#27;[32m INFO&amp#27;[m &amp#27;[35m[@534 - main]&amp#27;[m &amp#27;[36mcom.shaft.tools.io.ReportManager&amp#27;[m : 
################################################################################################################################################
Starting Execution:	"5 out of 83" test cases in the current suite
Test Method:		"SteeringCompanyAPI_TestCases.Test_CreationalPeriod_Cases.Invalid_GET_CreationalPeriod_ByID_with_invalid_Token_TC"
Test Description:	"TC006 -CreationalPeriod-  Perform Get all CreationalPeriod API with invalid or expired Token"
################################################################################################################################################
2023-01-22 22:01:06.123 &amp#27;[32m INFO&amp#27;[m &amp#27;[35m[@503 - main]&amp#27;[m &amp#27;[36mcom.shaft.tools.io.ReportManager&amp#27;[m : File Action "DoesFileExist" successfully performed. With the following test data "File Path: "SteeringCompanyAPI_TestData/SteeringCompanyAPI_TestData.xlsx"".
2023-01-22 22:01:06.193 &amp#27;[32m INFO&amp#27;[m &amp#27;[35m[@503 - main]&amp#27;[m &amp#27;[36mcom.shaft.tools.io.ReportManager&amp#27;[m : Successfully created attachment "Test Data - Excel"
2023-01-22 22:01:07.125 &amp#27;[32m INFO&amp#27;[m &amp#27;[35m[@503 - main]&amp#27;[m &amp#27;[36mcom.shaft.tools.io.ReportManager&amp#27;[m : Response status code: "200", status line: "HTTP/1.1 200 OK"
2023-01-22 22:01:07.143 &amp#27;[32m INFO&amp#27;[m &amp#27;[35m[@503 - main]&amp#27;[m &amp#27;[36mcom.shaft.tools.io.ReportManager&amp#27;[m : Successfully created attachment "API Request - Specifications"
2023-01-22 22:01:07.144 &amp#27;[32m INFO&amp#27;[m &amp#27;[35m[@503 - main]&amp#27;[m &amp#27;[36mcom.shaft.tools.io.ReportManager&amp#27;[m : Successfully created attachment "API Request - Body"
2023-01-22 22:01:07.145 &amp#27;[32m INFO&amp#27;[m &amp#27;[35m[@503 - main]&amp#27;[m &amp#27;[36mcom.shaft.tools.io.ReportManager&amp#27;[m : Successfully created attachment "API Response - JSON Body"
2023-01-22 22:01:07.147 &amp#27;[32m INFO&amp#27;[m &amp#27;[35m[@503 - main]&amp#27;[m &amp#27;[36mcom.shaft.tools.io.ReportManager&amp#27;[m : File Action "DoesFileExist" successfully performed. With the following test data "File Path: "SteeringCompanyAPI_TestData/SteeringCompanyAPI_TestData.xlsx"".
2023-01-22 22:01:07.210 &amp#27;[32m INFO&amp#27;[m &amp#27;[35m[@503 - main]&amp#27;[m &amp#27;[36mcom.shaft.tools.io.ReportManager&amp#27;[m : Successfully created attachment "Test Data - Excel"
2023-01-22 22:01:07.995 &amp#27;[32m INFO&amp#27;[m &amp#27;[35m[@503 - main]&amp#27;[m &amp#27;[36mcom.shaft.tools.io.ReportManager&amp#27;[m : Response status code: "401", status line: "HTTP/1.1 401 "
2023-01-22 22:01:08.003 &amp#27;[32m INFO&amp#27;[m &amp#27;[35m[@503 - main]&amp#27;[m &amp#27;[36mcom.shaft.tools.io.ReportManager&amp#27;[m : Successfully created attachment "API Request - Specifications"
2023-01-22 22:01:08.004 &amp#27;[32m INFO&amp#27;[m &amp#27;[35m[@503 - main]&amp#27;[m &amp#27;[36mcom.shaft.tools.io.ReportManager&amp#27;[m : Successfully created attachment "API Response - JSON Body"
2023-01-22 22:01:08.008 &amp#27;[32m INFO&amp#27;[m &amp#27;[35m[@503 - main]&amp#27;[m &amp#27;[36mcom.shaft.tools.io.ReportManager&amp#27;[m : Successfully created attachment "SHAFT Engine Logs - Current Method log: Invalid_GET_CreationalPeriod_ByID_with_invalid_Token_TC"
]]></system-out>
  </testcase>
  <testcase name="Invalid_GET_CreationalPeriod_ByID_with_missing_Token_TC" classname="SteeringCompanyAPI_TestCases.Test_CreationalPeriod_Cases" time="2.052">
    <system-out><![CDATA[2023-01-22 22:01:08.013 &amp#27;[32m INFO&amp#27;[m &amp#27;[35m[@534 - main]&amp#27;[m &amp#27;[36mcom.shaft.tools.io.ReportManager&amp#27;[m : 
################################################################################################################################################
Starting Execution:	"6 out of 83" test cases in the current suite
Test Method:		"SteeringCompanyAPI_TestCases.Test_CreationalPeriod_Cases.Invalid_GET_CreationalPeriod_ByID_with_missing_Token_TC"
Test Description:	"TC004  -CreationalPeriod-   Perform Get CreationalPeriod by ID with missing Token"
################################################################################################################################################
2023-01-22 22:01:08.014 &amp#27;[32m INFO&amp#27;[m &amp#27;[35m[@503 - main]&amp#27;[m &amp#27;[36mcom.shaft.tools.io.ReportManager&amp#27;[m : File Action "DoesFileExist" successfully performed. With the following test data "File Path: "SteeringCompanyAPI_TestData/SteeringCompanyAPI_TestData.xlsx"".
2023-01-22 22:01:08.055 &amp#27;[32m INFO&amp#27;[m &amp#27;[35m[@503 - main]&amp#27;[m &amp#27;[36mcom.shaft.tools.io.ReportManager&amp#27;[m : Successfully created attachment "Test Data - Excel"
2023-01-22 22:01:09.128 &amp#27;[32m INFO&amp#27;[m &amp#27;[35m[@503 - main]&amp#27;[m &amp#27;[36mcom.shaft.tools.io.ReportManager&amp#27;[m : Response status code: "200", status line: "HTTP/1.1 200 OK"
2023-01-22 22:01:09.146 &amp#27;[32m INFO&amp#27;[m &amp#27;[35m[@503 - main]&amp#27;[m &amp#27;[36mcom.shaft.tools.io.ReportManager&amp#27;[m : Successfully created attachment "API Request - Specifications"
2023-01-22 22:01:09.147 &amp#27;[32m INFO&amp#27;[m &amp#27;[35m[@503 - main]&amp#27;[m &amp#27;[36mcom.shaft.tools.io.ReportManager&amp#27;[m : Successfully created attachment "API Request - Body"
2023-01-22 22:01:09.148 &amp#27;[32m INFO&amp#27;[m &amp#27;[35m[@503 - main]&amp#27;[m &amp#27;[36mcom.shaft.tools.io.ReportManager&amp#27;[m : Successfully created attachment "API Response - JSON Body"
2023-01-22 22:01:09.149 &amp#27;[32m INFO&amp#27;[m &amp#27;[35m[@503 - main]&amp#27;[m &amp#27;[36mcom.shaft.tools.io.ReportManager&amp#27;[m : File Action "DoesFileExist" successfully performed. With the following test data "File Path: "SteeringCompanyAPI_TestData/SteeringCompanyAPI_TestData.xlsx"".
2023-01-22 22:01:09.201 &amp#27;[32m INFO&amp#27;[m &amp#27;[35m[@503 - main]&amp#27;[m &amp#27;[36mcom.shaft.tools.io.ReportManager&amp#27;[m : Successfully created attachment "Test Data - Excel"
2023-01-22 22:01:10.027 &amp#27;[32m INFO&amp#27;[m &amp#27;[35m[@503 - main]&amp#27;[m &amp#27;[36mcom.shaft.tools.io.ReportManager&amp#27;[m : Response status code: "401", status line: "HTTP/1.1 401 "
2023-01-22 22:01:10.043 &amp#27;[32m INFO&amp#27;[m &amp#27;[35m[@503 - main]&amp#27;[m &amp#27;[36mcom.shaft.tools.io.ReportManager&amp#27;[m : Successfully created attachment "API Request - Specifications"
2023-01-22 22:01:10.044 &amp#27;[32m INFO&amp#27;[m &amp#27;[35m[@503 - main]&amp#27;[m &amp#27;[36mcom.shaft.tools.io.ReportManager&amp#27;[m : Successfully created attachment "API Response - JSON Body"
2023-01-22 22:01:10.046 &amp#27;[32m INFO&amp#27;[m &amp#27;[35m[@503 - main]&amp#27;[m &amp#27;[36mcom.shaft.tools.io.ReportManager&amp#27;[m : File Action "DoesFileExist" successfully performed. With the following test data "File Path: "Schemas/InvalidTokenRequest_Unauthorized_schema.json"".
2023-01-22 22:01:10.047 &amp#27;[32m INFO&amp#27;[m &amp#27;[35m[@503 - main]&amp#27;[m &amp#27;[36mcom.shaft.tools.io.ReportManager&amp#27;[m : File Action "DoesFileExist" successfully performed. With the following test data "File Path: "src/test/resources/testDataFiles/Schemas/InvalidTokenRequest_Unauthorized_schema.json"".
2023-01-22 22:01:10.047 &amp#27;[32m INFO&amp#27;[m &amp#27;[35m[@503 - main]&amp#27;[m &amp#27;[36mcom.shaft.tools.io.ReportManager&amp#27;[m : File Action "GetAbsolutePath" successfully performed. With the following test data "Relative Folder Path: "src/test/resources/testDataFiles/Schemas/InvalidTokenRequest_Unauthorized_schema.json"".
2023-01-22 22:01:10.052 &amp#27;[32m INFO&amp#27;[m &amp#27;[35m[@503 - main]&amp#27;[m &amp#27;[36mcom.shaft.tools.io.ReportManager&amp#27;[m : File Action "DoesFileExist" successfully performed. With the following test data "File Path: "C:\eclipse-workspace\MyProjects\TASystemsAPIs\src\test\resources\testDataFiles\Schemas\InvalidTokenRequest_Unauthorized_schema.json"".
2023-01-22 22:01:10.053 &amp#27;[32m INFO&amp#27;[m &amp#27;[35m[@503 - main]&amp#27;[m &amp#27;[36mcom.shaft.tools.io.ReportManager&amp#27;[m : File Action "GetAbsolutePath" successfully performed. With the following test data "Relative Folder Path: "C:\eclipse-workspace\MyProjects\TASystemsAPIs\src\test\resources\testDataFiles\Schemas\InvalidTokenRequest_Unauthorized_schema.json"".
2023-01-22 22:01:10.054 &amp#27;[32m INFO&amp#27;[m &amp#27;[35m[@503 - main]&amp#27;[m &amp#27;[36mcom.shaft.tools.io.ReportManager&amp#27;[m : File Action "ReadFile" successfully performed. With the following test data "File Path: "C:\eclipse-workspace\MyProjects\TASystemsAPIs\src\test\resources\testDataFiles\Schemas\InvalidTokenRequest_Unauthorized_schema.json"".
2023-01-22 22:01:10.057 &amp#27;[32m INFO&amp#27;[m &amp#27;[35m[@503 - main]&amp#27;[m &amp#27;[36mcom.shaft.tools.io.ReportManager&amp#27;[m : Successfully created attachment "Validation Test Data - Expected JSON Value"
2023-01-22 22:01:10.059 &amp#27;[32m INFO&amp#27;[m &amp#27;[35m[@503 - main]&amp#27;[m &amp#27;[36mcom.shaft.tools.io.ReportManager&amp#27;[m : Successfully created attachment "Validation Test Data - Actual JSON Value"
2023-01-22 22:01:10.060 &amp#27;[32m INFO&amp#27;[m &amp#27;[35m[@503 - main]&amp#27;[m &amp#27;[36mcom.shaft.tools.io.ReportManager&amp#27;[m : Successfully created attachment "SHAFT Engine Logs - Current Method log: Invalid_GET_CreationalPeriod_ByID_with_missing_Token_TC"
]]></system-out>
  </testcase>
  <testcase name="Invalid_GET_all_CreationalPeriod_with_invalid_Token_TC" classname="SteeringCompanyAPI_TestCases.Test_CreationalPeriod_Cases" time="2.124">
    <system-out><![CDATA[2023-01-22 22:01:10.066 &amp#27;[32m INFO&amp#27;[m &amp#27;[35m[@534 - main]&amp#27;[m &amp#27;[36mcom.shaft.tools.io.ReportManager&amp#27;[m : 
################################################################################################################################################
Starting Execution:	"7 out of 83" test cases in the current suite
Test Method:		"SteeringCompanyAPI_TestCases.Test_CreationalPeriod_Cases.Invalid_GET_all_CreationalPeriod_with_invalid_Token_TC"
Test Description:	"TC005 -CreationalPeriod-  Perform Get all CreationalPeriod API with invalid or expired Token"
################################################################################################################################################
2023-01-22 22:01:10.068 &amp#27;[32m INFO&amp#27;[m &amp#27;[35m[@503 - main]&amp#27;[m &amp#27;[36mcom.shaft.tools.io.ReportManager&amp#27;[m : File Action "DoesFileExist" successfully performed. With the following test data "File Path: "SteeringCompanyAPI_TestData/SteeringCompanyAPI_TestData.xlsx"".
2023-01-22 22:01:10.154 &amp#27;[32m INFO&amp#27;[m &amp#27;[35m[@503 - main]&amp#27;[m &amp#27;[36mcom.shaft.tools.io.ReportManager&amp#27;[m : Successfully created attachment "Test Data - Excel"
2023-01-22 22:01:11.207 &amp#27;[32m INFO&amp#27;[m &amp#27;[35m[@503 - main]&amp#27;[m &amp#27;[36mcom.shaft.tools.io.ReportManager&amp#27;[m : Response status code: "200", status line: "HTTP/1.1 200 OK"
2023-01-22 22:01:11.232 &amp#27;[32m INFO&amp#27;[m &amp#27;[35m[@503 - main]&amp#27;[m &amp#27;[36mcom.shaft.tools.io.ReportManager&amp#27;[m : Successfully created attachment "API Request - Specifications"
2023-01-22 22:01:11.234 &amp#27;[32m INFO&amp#27;[m &amp#27;[35m[@503 - main]&amp#27;[m &amp#27;[36mcom.shaft.tools.io.ReportManager&amp#27;[m : Successfully created attachment "API Request - Body"
2023-01-22 22:01:11.236 &amp#27;[32m INFO&amp#27;[m &amp#27;[35m[@503 - main]&amp#27;[m &amp#27;[36mcom.shaft.tools.io.ReportManager&amp#27;[m : Successfully created attachment "API Response - JSON Body"
2023-01-22 22:01:11.236 &amp#27;[32m INFO&amp#27;[m &amp#27;[35m[@503 - main]&amp#27;[m &amp#27;[36mcom.shaft.tools.io.ReportManager&amp#27;[m : File Action "DoesFileExist" successfully performed. With the following test data "File Path: "SteeringCompanyAPI_TestData/SteeringCompanyAPI_TestData.xlsx"".
2023-01-22 22:01:11.290 &amp#27;[32m INFO&amp#27;[m &amp#27;[35m[@503 - main]&amp#27;[m &amp#27;[36mcom.shaft.tools.io.ReportManager&amp#27;[m : Successfully created attachment "Test Data - Excel"
2023-01-22 22:01:12.178 &amp#27;[32m INFO&amp#27;[m &amp#27;[35m[@503 - main]&amp#27;[m &amp#27;[36mcom.shaft.tools.io.ReportManager&amp#27;[m : Response status code: "401", status line: "HTTP/1.1 401 "
2023-01-22 22:01:12.182 &amp#27;[32m INFO&amp#27;[m &amp#27;[35m[@503 - main]&amp#27;[m &amp#27;[36mcom.shaft.tools.io.ReportManager&amp#27;[m : Successfully created attachment "API Request - Specifications"
2023-01-22 22:01:12.183 &amp#27;[32m INFO&amp#27;[m &amp#27;[35m[@503 - main]&amp#27;[m &amp#27;[36mcom.shaft.tools.io.ReportManager&amp#27;[m : Successfully created attachment "API Response - JSON Body"
2023-01-22 22:01:12.185 &amp#27;[32m INFO&amp#27;[m &amp#27;[35m[@503 - main]&amp#27;[m &amp#27;[36mcom.shaft.tools.io.ReportManager&amp#27;[m : Successfully created attachment "SHAFT Engine Logs - Current Method log: Invalid_GET_all_CreationalPeriod_with_invalid_Token_TC"
]]></system-out>
  </testcase>
  <testcase name="Invalid_GET_all_CreationalPeriod_with_missing_Token_TC" classname="SteeringCompanyAPI_TestCases.Test_CreationalPeriod_Cases" time="1.967">
    <system-out><![CDATA[2023-01-22 22:01:12.190 &amp#27;[32m INFO&amp#27;[m &amp#27;[35m[@534 - main]&amp#27;[m &amp#27;[36mcom.shaft.tools.io.ReportManager&amp#27;[m : 
################################################################################################################################################
Starting Execution:	"8 out of 83" test cases in the current suite
Test Method:		"SteeringCompanyAPI_TestCases.Test_CreationalPeriod_Cases.Invalid_GET_all_CreationalPeriod_with_missing_Token_TC"
Test Description:	"TC003  -CreationalPeriod-   Perform Get all CreationalPeriod API with missing Token"
################################################################################################################################################
2023-01-22 22:01:12.191 &amp#27;[32m INFO&amp#27;[m &amp#27;[35m[@503 - main]&amp#27;[m &amp#27;[36mcom.shaft.tools.io.ReportManager&amp#27;[m : File Action "DoesFileExist" successfully performed. With the following test data "File Path: "SteeringCompanyAPI_TestData/SteeringCompanyAPI_TestData.xlsx"".
2023-01-22 22:01:12.235 &amp#27;[32m INFO&amp#27;[m &amp#27;[35m[@503 - main]&amp#27;[m &amp#27;[36mcom.shaft.tools.io.ReportManager&amp#27;[m : Successfully created attachment "Test Data - Excel"
2023-01-22 22:01:13.133 &amp#27;[32m INFO&amp#27;[m &amp#27;[35m[@503 - main]&amp#27;[m &amp#27;[36mcom.shaft.tools.io.ReportManager&amp#27;[m : Response status code: "200", status line: "HTTP/1.1 200 OK"
2023-01-22 22:01:13.148 &amp#27;[32m INFO&amp#27;[m &amp#27;[35m[@503 - main]&amp#27;[m &amp#27;[36mcom.shaft.tools.io.ReportManager&amp#27;[m : Successfully created attachment "API Request - Specifications"
2023-01-22 22:01:13.150 &amp#27;[32m INFO&amp#27;[m &amp#27;[35m[@503 - main]&amp#27;[m &amp#27;[36mcom.shaft.tools.io.ReportManager&amp#27;[m : Successfully created attachment "API Request - Body"
2023-01-22 22:01:13.151 &amp#27;[32m INFO&amp#27;[m &amp#27;[35m[@503 - main]&amp#27;[m &amp#27;[36mcom.shaft.tools.io.ReportManager&amp#27;[m : Successfully created attachment "API Response - JSON Body"
2023-01-22 22:01:13.152 &amp#27;[32m INFO&amp#27;[m &amp#27;[35m[@503 - main]&amp#27;[m &amp#27;[36mcom.shaft.tools.io.ReportManager&amp#27;[m : File Action "DoesFileExist" successfully performed. With the following test data "File Path: "SteeringCompanyAPI_TestData/SteeringCompanyAPI_TestData.xlsx"".
2023-01-22 22:01:13.197 &amp#27;[32m INFO&amp#27;[m &amp#27;[35m[@503 - main]&amp#27;[m &amp#27;[36mcom.shaft.tools.io.ReportManager&amp#27;[m : Successfully created attachment "Test Data - Excel"
2023-01-22 22:01:14.121 &amp#27;[32m INFO&amp#27;[m &amp#27;[35m[@503 - main]&amp#27;[m &amp#27;[36mcom.shaft.tools.io.ReportManager&amp#27;[m : Response status code: "401", status line: "HTTP/1.1 401 "
2023-01-22 22:01:14.135 &amp#27;[32m INFO&amp#27;[m &amp#27;[35m[@503 - main]&amp#27;[m &amp#27;[36mcom.shaft.tools.io.ReportManager&amp#27;[m : Successfully created attachment "API Request - Specifications"
2023-01-22 22:01:14.136 &amp#27;[32m INFO&amp#27;[m &amp#27;[35m[@503 - main]&amp#27;[m &amp#27;[36mcom.shaft.tools.io.ReportManager&amp#27;[m : Successfully created attachment "API Response - JSON Body"
2023-01-22 22:01:14.137 &amp#27;[32m INFO&amp#27;[m &amp#27;[35m[@503 - main]&amp#27;[m &amp#27;[36mcom.shaft.tools.io.ReportManager&amp#27;[m : File Action "DoesFileExist" successfully performed. With the following test data "File Path: "Schemas/InvalidTokenRequest_Unauthorized_schema.json"".
2023-01-22 22:01:14.137 &amp#27;[32m INFO&amp#27;[m &amp#27;[35m[@503 - main]&amp#27;[m &amp#27;[36mcom.shaft.tools.io.ReportManager&amp#27;[m : File Action "DoesFileExist" successfully performed. With the following test data "File Path: "src/test/resources/testDataFiles/Schemas/InvalidTokenRequest_Unauthorized_schema.json"".
2023-01-22 22:01:14.138 &amp#27;[32m INFO&amp#27;[m &amp#27;[35m[@503 - main]&amp#27;[m &amp#27;[36mcom.shaft.tools.io.ReportManager&amp#27;[m : File Action "GetAbsolutePath" successfully performed. With the following test data "Relative Folder Path: "src/test/resources/testDataFiles/Schemas/InvalidTokenRequest_Unauthorized_schema.json"".
2023-01-22 22:01:14.142 &amp#27;[32m INFO&amp#27;[m &amp#27;[35m[@503 - main]&amp#27;[m &amp#27;[36mcom.shaft.tools.io.ReportManager&amp#27;[m : File Action "DoesFileExist" successfully performed. With the following test data "File Path: "C:\eclipse-workspace\MyProjects\TASystemsAPIs\src\test\resources\testDataFiles\Schemas\InvalidTokenRequest_Unauthorized_schema.json"".
2023-01-22 22:01:14.143 &amp#27;[32m INFO&amp#27;[m &amp#27;[35m[@503 - main]&amp#27;[m &amp#27;[36mcom.shaft.tools.io.ReportManager&amp#27;[m : File Action "GetAbsolutePath" successfully performed. With the following test data "Relative Folder Path: "C:\eclipse-workspace\MyProjects\TASystemsAPIs\src\test\resources\testDataFiles\Schemas\InvalidTokenRequest_Unauthorized_schema.json"".
2023-01-22 22:01:14.144 &amp#27;[32m INFO&amp#27;[m &amp#27;[35m[@503 - main]&amp#27;[m &amp#27;[36mcom.shaft.tools.io.ReportManager&amp#27;[m : File Action "ReadFile" successfully performed. With the following test data "File Path: "C:\eclipse-workspace\MyProjects\TASystemsAPIs\src\test\resources\testDataFiles\Schemas\InvalidTokenRequest_Unauthorized_schema.json"".
2023-01-22 22:01:14.147 &amp#27;[32m INFO&amp#27;[m &amp#27;[35m[@503 - main]&amp#27;[m &amp#27;[36mcom.shaft.tools.io.ReportManager&amp#27;[m : Successfully created attachment "Validation Test Data - Expected JSON Value"
2023-01-22 22:01:14.149 &amp#27;[32m INFO&amp#27;[m &amp#27;[35m[@503 - main]&amp#27;[m &amp#27;[36mcom.shaft.tools.io.ReportManager&amp#27;[m : Successfully created attachment "Validation Test Data - Actual JSON Value"
2023-01-22 22:01:14.151 &amp#27;[32m INFO&amp#27;[m &amp#27;[35m[@503 - main]&amp#27;[m &amp#27;[36mcom.shaft.tools.io.ReportManager&amp#27;[m : Successfully created attachment "SHAFT Engine Logs - Current Method log: Invalid_GET_all_CreationalPeriod_with_missing_Token_TC"
]]></system-out>
  </testcase>
  <testcase name="Valid_GET_all_CreationalPeriod_Rq_TC" classname="SteeringCompanyAPI_TestCases.Test_CreationalPeriod_Cases" time="2.126">
    <system-out><![CDATA[2023-01-22 22:01:14.157 &amp#27;[32m INFO&amp#27;[m &amp#27;[35m[@534 - main]&amp#27;[m &amp#27;[36mcom.shaft.tools.io.ReportManager&amp#27;[m : 
################################################################################################################################################
Starting Execution:	"9 out of 83" test cases in the current suite
Test Method:		"SteeringCompanyAPI_TestCases.Test_CreationalPeriod_Cases.Valid_GET_all_CreationalPeriod_Rq_TC"
Test Description:	"TC001  -CreationalPeriod-  Perform Get all CreationalPeriod API with valid user name and password"
################################################################################################################################################
2023-01-22 22:01:14.158 &amp#27;[32m INFO&amp#27;[m &amp#27;[35m[@503 - main]&amp#27;[m &amp#27;[36mcom.shaft.tools.io.ReportManager&amp#27;[m : File Action "DoesFileExist" successfully performed. With the following test data "File Path: "SteeringCompanyAPI_TestData/SteeringCompanyAPI_TestData.xlsx"".
2023-01-22 22:01:14.197 &amp#27;[32m INFO&amp#27;[m &amp#27;[35m[@503 - main]&amp#27;[m &amp#27;[36mcom.shaft.tools.io.ReportManager&amp#27;[m : Successfully created attachment "Test Data - Excel"
2023-01-22 22:01:15.164 &amp#27;[32m INFO&amp#27;[m &amp#27;[35m[@503 - main]&amp#27;[m &amp#27;[36mcom.shaft.tools.io.ReportManager&amp#27;[m : Response status code: "200", status line: "HTTP/1.1 200 OK"
2023-01-22 22:01:15.181 &amp#27;[32m INFO&amp#27;[m &amp#27;[35m[@503 - main]&amp#27;[m &amp#27;[36mcom.shaft.tools.io.ReportManager&amp#27;[m : Successfully created attachment "API Request - Specifications"
2023-01-22 22:01:15.183 &amp#27;[32m INFO&amp#27;[m &amp#27;[35m[@503 - main]&amp#27;[m &amp#27;[36mcom.shaft.tools.io.ReportManager&amp#27;[m : Successfully created attachment "API Request - Body"
2023-01-22 22:01:15.184 &amp#27;[32m INFO&amp#27;[m &amp#27;[35m[@503 - main]&amp#27;[m &amp#27;[36mcom.shaft.tools.io.ReportManager&amp#27;[m : Successfully created attachment "API Response - JSON Body"
2023-01-22 22:01:15.200 &amp#27;[32m INFO&amp#27;[m &amp#27;[35m[@503 - main]&amp#27;[m &amp#27;[36mcom.shaft.tools.io.ReportManager&amp#27;[m : File Action "DoesFileExist" successfully performed. With the following test data "File Path: "SteeringCompanyAPI_TestData/SteeringCompanyAPI_TestData.xlsx"".
2023-01-22 22:01:15.248 &amp#27;[32m INFO&amp#27;[m &amp#27;[35m[@503 - main]&amp#27;[m &amp#27;[36mcom.shaft.tools.io.ReportManager&amp#27;[m : Successfully created attachment "Test Data - Excel"
2023-01-22 22:01:16.166 &amp#27;[32m INFO&amp#27;[m &amp#27;[35m[@503 - main]&amp#27;[m &amp#27;[36mcom.shaft.tools.io.ReportManager&amp#27;[m : Response status code: "200", status line: "HTTP/1.1 200 "
2023-01-22 22:01:16.187 &amp#27;[32m INFO&amp#27;[m &amp#27;[35m[@503 - main]&amp#27;[m &amp#27;[36mcom.shaft.tools.io.ReportManager&amp#27;[m : Successfully created attachment "API Request - Specifications"
2023-01-22 22:01:16.189 &amp#27;[32m INFO&amp#27;[m &amp#27;[35m[@503 - main]&amp#27;[m &amp#27;[36mcom.shaft.tools.io.ReportManager&amp#27;[m : Successfully created attachment "API Response - JSON Body"
2023-01-22 22:01:16.191 &amp#27;[32m INFO&amp#27;[m &amp#27;[35m[@503 - main]&amp#27;[m &amp#27;[36mcom.shaft.tools.io.ReportManager&amp#27;[m : File Action "DoesFileExist" successfully performed. With the following test data "File Path: "Schemas/CreationalPeriods_schema.json"".
2023-01-22 22:01:16.192 &amp#27;[32m INFO&amp#27;[m &amp#27;[35m[@503 - main]&amp#27;[m &amp#27;[36mcom.shaft.tools.io.ReportManager&amp#27;[m : File Action "DoesFileExist" successfully performed. With the following test data "File Path: "src/test/resources/testDataFiles/Schemas/CreationalPeriods_schema.json"".
2023-01-22 22:01:16.192 &amp#27;[32m INFO&amp#27;[m &amp#27;[35m[@503 - main]&amp#27;[m &amp#27;[36mcom.shaft.tools.io.ReportManager&amp#27;[m : File Action "GetAbsolutePath" successfully performed. With the following test data "Relative Folder Path: "src/test/resources/testDataFiles/Schemas/CreationalPeriods_schema.json"".
2023-01-22 22:01:16.272 &amp#27;[32m INFO&amp#27;[m &amp#27;[35m[@503 - main]&amp#27;[m &amp#27;[36mcom.shaft.tools.io.ReportManager&amp#27;[m : File Action "DoesFileExist" successfully performed. With the following test data "File Path: "C:\eclipse-workspace\MyProjects\TASystemsAPIs\src\test\resources\testDataFiles\Schemas\CreationalPeriods_schema.json"".
2023-01-22 22:01:16.272 &amp#27;[32m INFO&amp#27;[m &amp#27;[35m[@503 - main]&amp#27;[m &amp#27;[36mcom.shaft.tools.io.ReportManager&amp#27;[m : File Action "GetAbsolutePath" successfully performed. With the following test data "Relative Folder Path: "C:\eclipse-workspace\MyProjects\TASystemsAPIs\src\test\resources\testDataFiles\Schemas\CreationalPeriods_schema.json"".
2023-01-22 22:01:16.273 &amp#27;[32m INFO&amp#27;[m &amp#27;[35m[@503 - main]&amp#27;[m &amp#27;[36mcom.shaft.tools.io.ReportManager&amp#27;[m : File Action "ReadFile" successfully performed. With the following test data "File Path: "C:\eclipse-workspace\MyProjects\TASystemsAPIs\src\test\resources\testDataFiles\Schemas\CreationalPeriods_schema.json"".
2023-01-22 22:01:16.275 &amp#27;[32m INFO&amp#27;[m &amp#27;[35m[@503 - main]&amp#27;[m &amp#27;[36mcom.shaft.tools.io.ReportManager&amp#27;[m : Successfully created attachment "Validation Test Data - Expected JSON Value"
2023-01-22 22:01:16.277 &amp#27;[32m INFO&amp#27;[m &amp#27;[35m[@503 - main]&amp#27;[m &amp#27;[36mcom.shaft.tools.io.ReportManager&amp#27;[m : Successfully created attachment "Validation Test Data - Actual JSON Value"
2023-01-22 22:01:16.278 &amp#27;[32m INFO&amp#27;[m &amp#27;[35m[@503 - main]&amp#27;[m &amp#27;[36mcom.shaft.tools.io.ReportManager&amp#27;[m : Successfully created attachment "SHAFT Engine Logs - Current Method log: Valid_GET_all_CreationalPeriod_Rq_TC"
]]></system-out>
  </testcase>
  <testcase name="Valid_GET_all_CreationalPeriod_by_Qry_Rq_TC[[Ljava.lang.Object;@33bbedab](1)" classname="SteeringCompanyAPI_TestCases.Test_CreationalPeriod_Cases" time="2.153">
    <system-out><![CDATA[2023-01-22 22:01:16.286 &amp#27;[32m INFO&amp#27;[m &amp#27;[35m[@534 - main]&amp#27;[m &amp#27;[36mcom.shaft.tools.io.ReportManager&amp#27;[m : 
################################################################################################################################################
Starting Execution:	"10 out of 83" test cases in the current suite
Test Method:		"SteeringCompanyAPI_TestCases.Test_CreationalPeriod_Cases.Valid_GET_all_CreationalPeriod_by_Qry_Rq_TC"
Test Description:	"TC002  -CreationalPeriod-   Perform Get all CreationalPeriod API with pagination with valid user name and password"
################################################################################################################################################
2023-01-22 22:01:16.287 &amp#27;[32m INFO&amp#27;[m &amp#27;[35m[@503 - main]&amp#27;[m &amp#27;[36mcom.shaft.tools.io.ReportManager&amp#27;[m : File Action "DoesFileExist" successfully performed. With the following test data "File Path: "SteeringCompanyAPI_TestData/SteeringCompanyAPI_TestData.xlsx"".
2023-01-22 22:01:16.326 &amp#27;[32m INFO&amp#27;[m &amp#27;[35m[@503 - main]&amp#27;[m &amp#27;[36mcom.shaft.tools.io.ReportManager&amp#27;[m : Successfully created attachment "Test Data - Excel"
2023-01-22 22:01:17.358 &amp#27;[32m INFO&amp#27;[m &amp#27;[35m[@503 - main]&amp#27;[m &amp#27;[36mcom.shaft.tools.io.ReportManager&amp#27;[m : Response status code: "200", status line: "HTTP/1.1 200 OK"
2023-01-22 22:01:17.374 &amp#27;[32m INFO&amp#27;[m &amp#27;[35m[@503 - main]&amp#27;[m &amp#27;[36mcom.shaft.tools.io.ReportManager&amp#27;[m : Successfully created attachment "API Request - Specifications"
2023-01-22 22:01:17.375 &amp#27;[32m INFO&amp#27;[m &amp#27;[35m[@503 - main]&amp#27;[m &amp#27;[36mcom.shaft.tools.io.ReportManager&amp#27;[m : Successfully created attachment "API Request - Body"
2023-01-22 22:01:17.377 &amp#27;[32m INFO&amp#27;[m &amp#27;[35m[@503 - main]&amp#27;[m &amp#27;[36mcom.shaft.tools.io.ReportManager&amp#27;[m : Successfully created attachment "API Response - JSON Body"
2023-01-22 22:01:17.395 &amp#27;[32m INFO&amp#27;[m &amp#27;[35m[@503 - main]&amp#27;[m &amp#27;[36mcom.shaft.tools.io.ReportManager&amp#27;[m : File Action "DoesFileExist" successfully performed. With the following test data "File Path: "SteeringCompanyAPI_TestData/SteeringCompanyAPI_TestData.xlsx"".
2023-01-22 22:01:17.439 &amp#27;[32m INFO&amp#27;[m &amp#27;[35m[@503 - main]&amp#27;[m &amp#27;[36mcom.shaft.tools.io.ReportManager&amp#27;[m : Successfully created attachment "Test Data - Excel"
2023-01-22 22:01:18.345 &amp#27;[32m INFO&amp#27;[m &amp#27;[35m[@503 - main]&amp#27;[m &amp#27;[36mcom.shaft.tools.io.ReportManager&amp#27;[m : Response status code: "200", status line: "HTTP/1.1 200 "
2023-01-22 22:01:18.361 &amp#27;[32m INFO&amp#27;[m &amp#27;[35m[@503 - main]&amp#27;[m &amp#27;[36mcom.shaft.tools.io.ReportManager&amp#27;[m : Successfully created attachment "API Request - Specifications"
2023-01-22 22:01:18.363 &amp#27;[32m INFO&amp#27;[m &amp#27;[35m[@503 - main]&amp#27;[m &amp#27;[36mcom.shaft.tools.io.ReportManager&amp#27;[m : Successfully created attachment "API Response - JSON Body"
2023-01-22 22:01:18.373 &amp#27;[32m INFO&amp#27;[m &amp#27;[35m[@503 - main]&amp#27;[m &amp#27;[36mcom.shaft.tools.io.ReportManager&amp#27;[m : File Action "DoesFileExist" successfully performed. With the following test data "File Path: "Schemas/CreationalPeriods_schema.json"".
2023-01-22 22:01:18.375 &amp#27;[32m INFO&amp#27;[m &amp#27;[35m[@503 - main]&amp#27;[m &amp#27;[36mcom.shaft.tools.io.ReportManager&amp#27;[m : File Action "DoesFileExist" successfully performed. With the following test data "File Path: "src/test/resources/testDataFiles/Schemas/CreationalPeriods_schema.json"".
2023-01-22 22:01:18.377 &amp#27;[32m INFO&amp#27;[m &amp#27;[35m[@503 - main]&amp#27;[m &amp#27;[36mcom.shaft.tools.io.ReportManager&amp#27;[m : File Action "GetAbsolutePath" successfully performed. With the following test data "Relative Folder Path: "src/test/resources/testDataFiles/Schemas/CreationalPeriods_schema.json"".
2023-01-22 22:01:18.387 &amp#27;[32m INFO&amp#27;[m &amp#27;[35m[@503 - main]&amp#27;[m &amp#27;[36mcom.shaft.tools.io.ReportManager&amp#27;[m : File Action "DoesFileExist" successfully performed. With the following test data "File Path: "C:\eclipse-workspace\MyProjects\TASystemsAPIs\src\test\resources\testDataFiles\Schemas\CreationalPeriods_schema.json"".
2023-01-22 22:01:18.388 &amp#27;[32m INFO&amp#27;[m &amp#27;[35m[@503 - main]&amp#27;[m &amp#27;[36mcom.shaft.tools.io.ReportManager&amp#27;[m : File Action "GetAbsolutePath" successfully performed. With the following test data "Relative Folder Path: "C:\eclipse-workspace\MyProjects\TASystemsAPIs\src\test\resources\testDataFiles\Schemas\CreationalPeriods_schema.json"".
2023-01-22 22:01:18.389 &amp#27;[32m INFO&amp#27;[m &amp#27;[35m[@503 - main]&amp#27;[m &amp#27;[36mcom.shaft.tools.io.ReportManager&amp#27;[m : File Action "ReadFile" successfully performed. With the following test data "File Path: "C:\eclipse-workspace\MyProjects\TASystemsAPIs\src\test\resources\testDataFiles\Schemas\CreationalPeriods_schema.json"".
2023-01-22 22:01:18.433 &amp#27;[32m INFO&amp#27;[m &amp#27;[35m[@503 - main]&amp#27;[m &amp#27;[36mcom.shaft.tools.io.ReportManager&amp#27;[m : Successfully created attachment "Validation Test Data - Expected JSON Value"
2023-01-22 22:01:18.434 &amp#27;[32m INFO&amp#27;[m &amp#27;[35m[@503 - main]&amp#27;[m &amp#27;[36mcom.shaft.tools.io.ReportManager&amp#27;[m : Successfully created attachment "Validation Test Data - Actual JSON Value"
2023-01-22 22:01:18.435 &amp#27;[32m INFO&amp#27;[m &amp#27;[35m[@503 - main]&amp#27;[m &amp#27;[36mcom.shaft.tools.io.ReportManager&amp#27;[m : Successfully created attachment "SHAFT Engine Logs - Current Method log: Valid_GET_all_CreationalPeriod_by_Qry_Rq_TC"
]]></system-out>
  </testcase>
  <testcase name="Valid_GET_all_CreationalPeriod_by_Qry_Rq_TC[[Ljava.lang.Object;@17e1a5e](2)" classname="SteeringCompanyAPI_TestCases.Test_CreationalPeriod_Cases" time="1.866">
    <system-out><![CDATA[2023-01-22 22:01:18.440 &amp#27;[32m INFO&amp#27;[m &amp#27;[35m[@534 - main]&amp#27;[m &amp#27;[36mcom.shaft.tools.io.ReportManager&amp#27;[m : 
################################################################################################################################################
Starting Execution:	"11 out of 83" test cases in the current suite
Test Method:		"SteeringCompanyAPI_TestCases.Test_CreationalPeriod_Cases.Valid_GET_all_CreationalPeriod_by_Qry_Rq_TC"
Test Description:	"TC002  -CreationalPeriod-   Perform Get all CreationalPeriod API with pagination with valid user name and password"
################################################################################################################################################
2023-01-22 22:01:18.441 &amp#27;[32m INFO&amp#27;[m &amp#27;[35m[@503 - main]&amp#27;[m &amp#27;[36mcom.shaft.tools.io.ReportManager&amp#27;[m : File Action "DoesFileExist" successfully performed. With the following test data "File Path: "SteeringCompanyAPI_TestData/SteeringCompanyAPI_TestData.xlsx"".
2023-01-22 22:01:18.485 &amp#27;[32m INFO&amp#27;[m &amp#27;[35m[@503 - main]&amp#27;[m &amp#27;[36mcom.shaft.tools.io.ReportManager&amp#27;[m : Successfully created attachment "Test Data - Excel"
2023-01-22 22:01:19.418 &amp#27;[32m INFO&amp#27;[m &amp#27;[35m[@503 - main]&amp#27;[m &amp#27;[36mcom.shaft.tools.io.ReportManager&amp#27;[m : Response status code: "200", status line: "HTTP/1.1 200 OK"
2023-01-22 22:01:19.437 &amp#27;[32m INFO&amp#27;[m &amp#27;[35m[@503 - main]&amp#27;[m &amp#27;[36mcom.shaft.tools.io.ReportManager&amp#27;[m : Successfully created attachment "API Request - Specifications"
2023-01-22 22:01:19.438 &amp#27;[32m INFO&amp#27;[m &amp#27;[35m[@503 - main]&amp#27;[m &amp#27;[36mcom.shaft.tools.io.ReportManager&amp#27;[m : Successfully created attachment "API Request - Body"
2023-01-22 22:01:19.440 &amp#27;[32m INFO&amp#27;[m &amp#27;[35m[@503 - main]&amp#27;[m &amp#27;[36mcom.shaft.tools.io.ReportManager&amp#27;[m : Successfully created attachment "API Response - JSON Body"
2023-01-22 22:01:19.452 &amp#27;[32m INFO&amp#27;[m &amp#27;[35m[@503 - main]&amp#27;[m &amp#27;[36mcom.shaft.tools.io.ReportManager&amp#27;[m : File Action "DoesFileExist" successfully performed. With the following test data "File Path: "SteeringCompanyAPI_TestData/SteeringCompanyAPI_TestData.xlsx"".
2023-01-22 22:01:19.505 &amp#27;[32m INFO&amp#27;[m &amp#27;[35m[@503 - main]&amp#27;[m &amp#27;[36mcom.shaft.tools.io.ReportManager&amp#27;[m : Successfully created attachment "Test Data - Excel"
2023-01-22 22:01:20.265 &amp#27;[32m INFO&amp#27;[m &amp#27;[35m[@503 - main]&amp#27;[m &amp#27;[36mcom.shaft.tools.io.ReportManager&amp#27;[m : Response status code: "200", status line: "HTTP/1.1 200 "
2023-01-22 22:01:20.281 &amp#27;[32m INFO&amp#27;[m &amp#27;[35m[@503 - main]&amp#27;[m &amp#27;[36mcom.shaft.tools.io.ReportManager&amp#27;[m : Successfully created attachment "API Request - Specifications"
2023-01-22 22:01:20.284 &amp#27;[32m INFO&amp#27;[m &amp#27;[35m[@503 - main]&amp#27;[m &amp#27;[36mcom.shaft.tools.io.ReportManager&amp#27;[m : Successfully created attachment "API Response - JSON Body"
2023-01-22 22:01:20.287 &amp#27;[32m INFO&amp#27;[m &amp#27;[35m[@503 - main]&amp#27;[m &amp#27;[36mcom.shaft.tools.io.ReportManager&amp#27;[m : File Action "DoesFileExist" successfully performed. With the following test data "File Path: "Schemas/CreationalPeriods_schema.json"".
2023-01-22 22:01:20.287 &amp#27;[32m INFO&amp#27;[m &amp#27;[35m[@503 - main]&amp#27;[m &amp#27;[36mcom.shaft.tools.io.ReportManager&amp#27;[m : File Action "DoesFileExist" successfully performed. With the following test data "File Path: "src/test/resources/testDataFiles/Schemas/CreationalPeriods_schema.json"".
2023-01-22 22:01:20.288 &amp#27;[32m INFO&amp#27;[m &amp#27;[35m[@503 - main]&amp#27;[m &amp#27;[36mcom.shaft.tools.io.ReportManager&amp#27;[m : File Action "GetAbsolutePath" successfully performed. With the following test data "Relative Folder Path: "src/test/resources/testDataFiles/Schemas/CreationalPeriods_schema.json"".
2023-01-22 22:01:20.295 &amp#27;[32m INFO&amp#27;[m &amp#27;[35m[@503 - main]&amp#27;[m &amp#27;[36mcom.shaft.tools.io.ReportManager&amp#27;[m : File Action "DoesFileExist" successfully performed. With the following test data "File Path: "C:\eclipse-workspace\MyProjects\TASystemsAPIs\src\test\resources\testDataFiles\Schemas\CreationalPeriods_schema.json"".
2023-01-22 22:01:20.295 &amp#27;[32m INFO&amp#27;[m &amp#27;[35m[@503 - main]&amp#27;[m &amp#27;[36mcom.shaft.tools.io.ReportManager&amp#27;[m : File Action "GetAbsolutePath" successfully performed. With the following test data "Relative Folder Path: "C:\eclipse-workspace\MyProjects\TASystemsAPIs\src\test\resources\testDataFiles\Schemas\CreationalPeriods_schema.json"".
2023-01-22 22:01:20.296 &amp#27;[32m INFO&amp#27;[m &amp#27;[35m[@503 - main]&amp#27;[m &amp#27;[36mcom.shaft.tools.io.ReportManager&amp#27;[m : File Action "ReadFile" successfully performed. With the following test data "File Path: "C:\eclipse-workspace\MyProjects\TASystemsAPIs\src\test\resources\testDataFiles\Schemas\CreationalPeriods_schema.json"".
2023-01-22 22:01:20.298 &amp#27;[32m INFO&amp#27;[m &amp#27;[35m[@503 - main]&amp#27;[m &amp#27;[36mcom.shaft.tools.io.ReportManager&amp#27;[m : Successfully created attachment "Validation Test Data - Expected JSON Value"
2023-01-22 22:01:20.300 &amp#27;[32m INFO&amp#27;[m &amp#27;[35m[@503 - main]&amp#27;[m &amp#27;[36mcom.shaft.tools.io.ReportManager&amp#27;[m : Successfully created attachment "Validation Test Data - Actual JSON Value"
2023-01-22 22:01:20.301 &amp#27;[32m INFO&amp#27;[m &amp#27;[35m[@503 - main]&amp#27;[m &amp#27;[36mcom.shaft.tools.io.ReportManager&amp#27;[m : Successfully created attachment "SHAFT Engine Logs - Current Method log: Valid_GET_all_CreationalPeriod_by_Qry_Rq_TC"
]]></system-out>
  </testcase>
  <testcase name="Valid_GET_all_CreationalPeriod_by_Qry_Rq_TC[[Ljava.lang.Object;@4593aeea](3)" classname="SteeringCompanyAPI_TestCases.Test_CreationalPeriod_Cases" time="2.557">
    <system-out><![CDATA[2023-01-22 22:01:20.306 &amp#27;[32m INFO&amp#27;[m &amp#27;[35m[@534 - main]&amp#27;[m &amp#27;[36mcom.shaft.tools.io.ReportManager&amp#27;[m : 
################################################################################################################################################
Starting Execution:	"12 out of 83" test cases in the current suite
Test Method:		"SteeringCompanyAPI_TestCases.Test_CreationalPeriod_Cases.Valid_GET_all_CreationalPeriod_by_Qry_Rq_TC"
Test Description:	"TC002  -CreationalPeriod-   Perform Get all CreationalPeriod API with pagination with valid user name and password"
################################################################################################################################################
2023-01-22 22:01:20.306 &amp#27;[32m INFO&amp#27;[m &amp#27;[35m[@503 - main]&amp#27;[m &amp#27;[36mcom.shaft.tools.io.ReportManager&amp#27;[m : File Action "DoesFileExist" successfully performed. With the following test data "File Path: "SteeringCompanyAPI_TestData/SteeringCompanyAPI_TestData.xlsx"".
2023-01-22 22:01:20.338 &amp#27;[32m INFO&amp#27;[m &amp#27;[35m[@503 - main]&amp#27;[m &amp#27;[36mcom.shaft.tools.io.ReportManager&amp#27;[m : Successfully created attachment "Test Data - Excel"
2023-01-22 22:01:21.622 &amp#27;[32m INFO&amp#27;[m &amp#27;[35m[@503 - main]&amp#27;[m &amp#27;[36mcom.shaft.tools.io.ReportManager&amp#27;[m : Response status code: "200", status line: "HTTP/1.1 200 OK"
2023-01-22 22:01:21.645 &amp#27;[32m INFO&amp#27;[m &amp#27;[35m[@503 - main]&amp#27;[m &amp#27;[36mcom.shaft.tools.io.ReportManager&amp#27;[m : Successfully created attachment "API Request - Specifications"
2023-01-22 22:01:21.646 &amp#27;[32m INFO&amp#27;[m &amp#27;[35m[@503 - main]&amp#27;[m &amp#27;[36mcom.shaft.tools.io.ReportManager&amp#27;[m : Successfully created attachment "API Request - Body"
2023-01-22 22:01:21.647 &amp#27;[32m INFO&amp#27;[m &amp#27;[35m[@503 - main]&amp#27;[m &amp#27;[36mcom.shaft.tools.io.ReportManager&amp#27;[m : Successfully created attachment "API Response - JSON Body"
2023-01-22 22:01:21.662 &amp#27;[32m INFO&amp#27;[m &amp#27;[35m[@503 - main]&amp#27;[m &amp#27;[36mcom.shaft.tools.io.ReportManager&amp#27;[m : File Action "DoesFileExist" successfully performed. With the following test data "File Path: "SteeringCompanyAPI_TestData/SteeringCompanyAPI_TestData.xlsx"".
2023-01-22 22:01:21.699 &amp#27;[32m INFO&amp#27;[m &amp#27;[35m[@503 - main]&amp#27;[m &amp#27;[36mcom.shaft.tools.io.ReportManager&amp#27;[m : Successfully created attachment "Test Data - Excel"
2023-01-22 22:01:22.826 &amp#27;[32m INFO&amp#27;[m &amp#27;[35m[@503 - main]&amp#27;[m &amp#27;[36mcom.shaft.tools.io.ReportManager&amp#27;[m : Response status code: "200", status line: "HTTP/1.1 200 "
2023-01-22 22:01:22.843 &amp#27;[32m INFO&amp#27;[m &amp#27;[35m[@503 - main]&amp#27;[m &amp#27;[36mcom.shaft.tools.io.ReportManager&amp#27;[m : Successfully created attachment "API Request - Specifications"
2023-01-22 22:01:22.844 &amp#27;[32m INFO&amp#27;[m &amp#27;[35m[@503 - main]&amp#27;[m &amp#27;[36mcom.shaft.tools.io.ReportManager&amp#27;[m : Successfully created attachment "API Response - JSON Body"
2023-01-22 22:01:22.845 &amp#27;[32m INFO&amp#27;[m &amp#27;[35m[@503 - main]&amp#27;[m &amp#27;[36mcom.shaft.tools.io.ReportManager&amp#27;[m : File Action "DoesFileExist" successfully performed. With the following test data "File Path: "Schemas/CreationalPeriods_schema.json"".
2023-01-22 22:01:22.846 &amp#27;[32m INFO&amp#27;[m &amp#27;[35m[@503 - main]&amp#27;[m &amp#27;[36mcom.shaft.tools.io.ReportManager&amp#27;[m : File Action "DoesFileExist" successfully performed. With the following test data "File Path: "src/test/resources/testDataFiles/Schemas/CreationalPeriods_schema.json"".
2023-01-22 22:01:22.846 &amp#27;[32m INFO&amp#27;[m &amp#27;[35m[@503 - main]&amp#27;[m &amp#27;[36mcom.shaft.tools.io.ReportManager&amp#27;[m : File Action "GetAbsolutePath" successfully performed. With the following test data "Relative Folder Path: "src/test/resources/testDataFiles/Schemas/CreationalPeriods_schema.json"".
2023-01-22 22:01:22.851 &amp#27;[32m INFO&amp#27;[m &amp#27;[35m[@503 - main]&amp#27;[m &amp#27;[36mcom.shaft.tools.io.ReportManager&amp#27;[m : File Action "DoesFileExist" successfully performed. With the following test data "File Path: "C:\eclipse-workspace\MyProjects\TASystemsAPIs\src\test\resources\testDataFiles\Schemas\CreationalPeriods_schema.json"".
2023-01-22 22:01:22.851 &amp#27;[32m INFO&amp#27;[m &amp#27;[35m[@503 - main]&amp#27;[m &amp#27;[36mcom.shaft.tools.io.ReportManager&amp#27;[m : File Action "GetAbsolutePath" successfully performed. With the following test data "Relative Folder Path: "C:\eclipse-workspace\MyProjects\TASystemsAPIs\src\test\resources\testDataFiles\Schemas\CreationalPeriods_schema.json"".
2023-01-22 22:01:22.851 &amp#27;[32m INFO&amp#27;[m &amp#27;[35m[@503 - main]&amp#27;[m &amp#27;[36mcom.shaft.tools.io.ReportManager&amp#27;[m : File Action "ReadFile" successfully performed. With the following test data "File Path: "C:\eclipse-workspace\MyProjects\TASystemsAPIs\src\test\resources\testDataFiles\Schemas\CreationalPeriods_schema.json"".
2023-01-22 22:01:22.853 &amp#27;[32m INFO&amp#27;[m &amp#27;[35m[@503 - main]&amp#27;[m &amp#27;[36mcom.shaft.tools.io.ReportManager&amp#27;[m : Successfully created attachment "Validation Test Data - Expected JSON Value"
2023-01-22 22:01:22.855 &amp#27;[32m INFO&amp#27;[m &amp#27;[35m[@503 - main]&amp#27;[m &amp#27;[36mcom.shaft.tools.io.ReportManager&amp#27;[m : Successfully created attachment "Validation Test Data - Actual JSON Value"
2023-01-22 22:01:22.858 &amp#27;[32m INFO&amp#27;[m &amp#27;[35m[@503 - main]&amp#27;[m &amp#27;[36mcom.shaft.tools.io.ReportManager&amp#27;[m : Successfully created attachment "SHAFT Engine Logs - Current Method log: Valid_GET_all_CreationalPeriod_by_Qry_Rq_TC"
]]></system-out>
  </testcase>
  <testcase name="Valid_GET_all_CreationalPeriod_by_Qry_Rq_TC[[Ljava.lang.Object;@64deb236](4)" classname="SteeringCompanyAPI_TestCases.Test_CreationalPeriod_Cases" time="2.132">
    <system-out><![CDATA[2023-01-22 22:01:22.862 &amp#27;[32m INFO&amp#27;[m &amp#27;[35m[@534 - main]&amp#27;[m &amp#27;[36mcom.shaft.tools.io.ReportManager&amp#27;[m : 
################################################################################################################################################
Starting Execution:	"13 out of 83" test cases in the current suite
Test Method:		"SteeringCompanyAPI_TestCases.Test_CreationalPeriod_Cases.Valid_GET_all_CreationalPeriod_by_Qry_Rq_TC"
Test Description:	"TC002  -CreationalPeriod-   Perform Get all CreationalPeriod API with pagination with valid user name and password"
################################################################################################################################################
2023-01-22 22:01:22.863 &amp#27;[32m INFO&amp#27;[m &amp#27;[35m[@503 - main]&amp#27;[m &amp#27;[36mcom.shaft.tools.io.ReportManager&amp#27;[m : File Action "DoesFileExist" successfully performed. With the following test data "File Path: "SteeringCompanyAPI_TestData/SteeringCompanyAPI_TestData.xlsx"".
2023-01-22 22:01:22.900 &amp#27;[32m INFO&amp#27;[m &amp#27;[35m[@503 - main]&amp#27;[m &amp#27;[36mcom.shaft.tools.io.ReportManager&amp#27;[m : Successfully created attachment "Test Data - Excel"
2023-01-22 22:01:23.858 &amp#27;[32m INFO&amp#27;[m &amp#27;[35m[@503 - main]&amp#27;[m &amp#27;[36mcom.shaft.tools.io.ReportManager&amp#27;[m : Response status code: "200", status line: "HTTP/1.1 200 OK"
2023-01-22 22:01:23.875 &amp#27;[32m INFO&amp#27;[m &amp#27;[35m[@503 - main]&amp#27;[m &amp#27;[36mcom.shaft.tools.io.ReportManager&amp#27;[m : Successfully created attachment "API Request - Specifications"
2023-01-22 22:01:23.876 &amp#27;[32m INFO&amp#27;[m &amp#27;[35m[@503 - main]&amp#27;[m &amp#27;[36mcom.shaft.tools.io.ReportManager&amp#27;[m : Successfully created attachment "API Request - Body"
2023-01-22 22:01:23.877 &amp#27;[32m INFO&amp#27;[m &amp#27;[35m[@503 - main]&amp#27;[m &amp#27;[36mcom.shaft.tools.io.ReportManager&amp#27;[m : Successfully created attachment "API Response - JSON Body"
2023-01-22 22:01:23.896 &amp#27;[32m INFO&amp#27;[m &amp#27;[35m[@503 - main]&amp#27;[m &amp#27;[36mcom.shaft.tools.io.ReportManager&amp#27;[m : File Action "DoesFileExist" successfully performed. With the following test data "File Path: "SteeringCompanyAPI_TestData/SteeringCompanyAPI_TestData.xlsx"".
2023-01-22 22:01:23.940 &amp#27;[32m INFO&amp#27;[m &amp#27;[35m[@503 - main]&amp#27;[m &amp#27;[36mcom.shaft.tools.io.ReportManager&amp#27;[m : Successfully created attachment "Test Data - Excel"
2023-01-22 22:01:24.917 &amp#27;[32m INFO&amp#27;[m &amp#27;[35m[@503 - main]&amp#27;[m &amp#27;[36mcom.shaft.tools.io.ReportManager&amp#27;[m : Response status code: "200", status line: "HTTP/1.1 200 "
2023-01-22 22:01:24.974 &amp#27;[32m INFO&amp#27;[m &amp#27;[35m[@503 - main]&amp#27;[m &amp#27;[36mcom.shaft.tools.io.ReportManager&amp#27;[m : Successfully created attachment "API Request - Specifications"
2023-01-22 22:01:24.976 &amp#27;[32m INFO&amp#27;[m &amp#27;[35m[@503 - main]&amp#27;[m &amp#27;[36mcom.shaft.tools.io.ReportManager&amp#27;[m : Successfully created attachment "API Response - JSON Body"
2023-01-22 22:01:24.977 &amp#27;[32m INFO&amp#27;[m &amp#27;[35m[@503 - main]&amp#27;[m &amp#27;[36mcom.shaft.tools.io.ReportManager&amp#27;[m : File Action "DoesFileExist" successfully performed. With the following test data "File Path: "Schemas/CreationalPeriods_schema.json"".
2023-01-22 22:01:24.978 &amp#27;[32m INFO&amp#27;[m &amp#27;[35m[@503 - main]&amp#27;[m &amp#27;[36mcom.shaft.tools.io.ReportManager&amp#27;[m : File Action "DoesFileExist" successfully performed. With the following test data "File Path: "src/test/resources/testDataFiles/Schemas/CreationalPeriods_schema.json"".
2023-01-22 22:01:24.978 &amp#27;[32m INFO&amp#27;[m &amp#27;[35m[@503 - main]&amp#27;[m &amp#27;[36mcom.shaft.tools.io.ReportManager&amp#27;[m : File Action "GetAbsolutePath" successfully performed. With the following test data "Relative Folder Path: "src/test/resources/testDataFiles/Schemas/CreationalPeriods_schema.json"".
2023-01-22 22:01:24.985 &amp#27;[32m INFO&amp#27;[m &amp#27;[35m[@503 - main]&amp#27;[m &amp#27;[36mcom.shaft.tools.io.ReportManager&amp#27;[m : File Action "DoesFileExist" successfully performed. With the following test data "File Path: "C:\eclipse-workspace\MyProjects\TASystemsAPIs\src\test\resources\testDataFiles\Schemas\CreationalPeriods_schema.json"".
2023-01-22 22:01:24.986 &amp#27;[32m INFO&amp#27;[m &amp#27;[35m[@503 - main]&amp#27;[m &amp#27;[36mcom.shaft.tools.io.ReportManager&amp#27;[m : File Action "GetAbsolutePath" successfully performed. With the following test data "Relative Folder Path: "C:\eclipse-workspace\MyProjects\TASystemsAPIs\src\test\resources\testDataFiles\Schemas\CreationalPeriods_schema.json"".
2023-01-22 22:01:24.986 &amp#27;[32m INFO&amp#27;[m &amp#27;[35m[@503 - main]&amp#27;[m &amp#27;[36mcom.shaft.tools.io.ReportManager&amp#27;[m : File Action "ReadFile" successfully performed. With the following test data "File Path: "C:\eclipse-workspace\MyProjects\TASystemsAPIs\src\test\resources\testDataFiles\Schemas\CreationalPeriods_schema.json"".
2023-01-22 22:01:24.989 &amp#27;[32m INFO&amp#27;[m &amp#27;[35m[@503 - main]&amp#27;[m &amp#27;[36mcom.shaft.tools.io.ReportManager&amp#27;[m : Successfully created attachment "Validation Test Data - Expected JSON Value"
2023-01-22 22:01:24.990 &amp#27;[32m INFO&amp#27;[m &amp#27;[35m[@503 - main]&amp#27;[m &amp#27;[36mcom.shaft.tools.io.ReportManager&amp#27;[m : Successfully created attachment "Validation Test Data - Actual JSON Value"
2023-01-22 22:01:24.991 &amp#27;[32m INFO&amp#27;[m &amp#27;[35m[@503 - main]&amp#27;[m &amp#27;[36mcom.shaft.tools.io.ReportManager&amp#27;[m : Successfully created attachment "SHAFT Engine Logs - Current Method log: Valid_GET_all_CreationalPeriod_by_Qry_Rq_TC"
]]></system-out>
  </testcase>
  <testcase name="Valid_GET_all_CreationalPeriod_by_Qry_Rq_TC[[Ljava.lang.Object;@61b85463](5)" classname="SteeringCompanyAPI_TestCases.Test_CreationalPeriod_Cases" time="2.007">
    <system-out><![CDATA[2023-01-22 22:01:24.995 &amp#27;[32m INFO&amp#27;[m &amp#27;[35m[@534 - main]&amp#27;[m &amp#27;[36mcom.shaft.tools.io.ReportManager&amp#27;[m : 
################################################################################################################################################
Starting Execution:	"14 out of 83" test cases in the current suite
Test Method:		"SteeringCompanyAPI_TestCases.Test_CreationalPeriod_Cases.Valid_GET_all_CreationalPeriod_by_Qry_Rq_TC"
Test Description:	"TC002  -CreationalPeriod-   Perform Get all CreationalPeriod API with pagination with valid user name and password"
################################################################################################################################################
2023-01-22 22:01:24.995 &amp#27;[32m INFO&amp#27;[m &amp#27;[35m[@503 - main]&amp#27;[m &amp#27;[36mcom.shaft.tools.io.ReportManager&amp#27;[m : File Action "DoesFileExist" successfully performed. With the following test data "File Path: "SteeringCompanyAPI_TestData/SteeringCompanyAPI_TestData.xlsx"".
2023-01-22 22:01:25.042 &amp#27;[32m INFO&amp#27;[m &amp#27;[35m[@503 - main]&amp#27;[m &amp#27;[36mcom.shaft.tools.io.ReportManager&amp#27;[m : Successfully created attachment "Test Data - Excel"
2023-01-22 22:01:25.979 &amp#27;[32m INFO&amp#27;[m &amp#27;[35m[@503 - main]&amp#27;[m &amp#27;[36mcom.shaft.tools.io.ReportManager&amp#27;[m : Response status code: "200", status line: "HTTP/1.1 200 OK"
2023-01-22 22:01:25.993 &amp#27;[32m INFO&amp#27;[m &amp#27;[35m[@503 - main]&amp#27;[m &amp#27;[36mcom.shaft.tools.io.ReportManager&amp#27;[m : Successfully created attachment "API Request - Specifications"
2023-01-22 22:01:25.994 &amp#27;[32m INFO&amp#27;[m &amp#27;[35m[@503 - main]&amp#27;[m &amp#27;[36mcom.shaft.tools.io.ReportManager&amp#27;[m : Successfully created attachment "API Request - Body"
2023-01-22 22:01:25.996 &amp#27;[32m INFO&amp#27;[m &amp#27;[35m[@503 - main]&amp#27;[m &amp#27;[36mcom.shaft.tools.io.ReportManager&amp#27;[m : Successfully created attachment "API Response - JSON Body"
2023-01-22 22:01:26.009 &amp#27;[32m INFO&amp#27;[m &amp#27;[35m[@503 - main]&amp#27;[m &amp#27;[36mcom.shaft.tools.io.ReportManager&amp#27;[m : File Action "DoesFileExist" successfully performed. With the following test data "File Path: "SteeringCompanyAPI_TestData/SteeringCompanyAPI_TestData.xlsx"".
2023-01-22 22:01:26.042 &amp#27;[32m INFO&amp#27;[m &amp#27;[35m[@503 - main]&amp#27;[m &amp#27;[36mcom.shaft.tools.io.ReportManager&amp#27;[m : Successfully created attachment "Test Data - Excel"
2023-01-22 22:01:26.922 &amp#27;[32m INFO&amp#27;[m &amp#27;[35m[@503 - main]&amp#27;[m &amp#27;[36mcom.shaft.tools.io.ReportManager&amp#27;[m : Response status code: "200", status line: "HTTP/1.1 200 "
2023-01-22 22:01:26.940 &amp#27;[32m INFO&amp#27;[m &amp#27;[35m[@503 - main]&amp#27;[m &amp#27;[36mcom.shaft.tools.io.ReportManager&amp#27;[m : Successfully created attachment "API Request - Specifications"
2023-01-22 22:01:26.941 &amp#27;[32m INFO&amp#27;[m &amp#27;[35m[@503 - main]&amp#27;[m &amp#27;[36mcom.shaft.tools.io.ReportManager&amp#27;[m : Successfully created attachment "API Response - JSON Body"
2023-01-22 22:01:26.943 &amp#27;[32m INFO&amp#27;[m &amp#27;[35m[@503 - main]&amp#27;[m &amp#27;[36mcom.shaft.tools.io.ReportManager&amp#27;[m : File Action "DoesFileExist" successfully performed. With the following test data "File Path: "Schemas/CreationalPeriods_schema.json"".
2023-01-22 22:01:26.944 &amp#27;[32m INFO&amp#27;[m &amp#27;[35m[@503 - main]&amp#27;[m &amp#27;[36mcom.shaft.tools.io.ReportManager&amp#27;[m : File Action "DoesFileExist" successfully performed. With the following test data "File Path: "src/test/resources/testDataFiles/Schemas/CreationalPeriods_schema.json"".
2023-01-22 22:01:26.944 &amp#27;[32m INFO&amp#27;[m &amp#27;[35m[@503 - main]&amp#27;[m &amp#27;[36mcom.shaft.tools.io.ReportManager&amp#27;[m : File Action "GetAbsolutePath" successfully performed. With the following test data "Relative Folder Path: "src/test/resources/testDataFiles/Schemas/CreationalPeriods_schema.json"".
2023-01-22 22:01:26.951 &amp#27;[32m INFO&amp#27;[m &amp#27;[35m[@503 - main]&amp#27;[m &amp#27;[36mcom.shaft.tools.io.ReportManager&amp#27;[m : File Action "DoesFileExist" successfully performed. With the following test data "File Path: "C:\eclipse-workspace\MyProjects\TASystemsAPIs\src\test\resources\testDataFiles\Schemas\CreationalPeriods_schema.json"".
2023-01-22 22:01:26.952 &amp#27;[32m INFO&amp#27;[m &amp#27;[35m[@503 - main]&amp#27;[m &amp#27;[36mcom.shaft.tools.io.ReportManager&amp#27;[m : File Action "GetAbsolutePath" successfully performed. With the following test data "Relative Folder Path: "C:\eclipse-workspace\MyProjects\TASystemsAPIs\src\test\resources\testDataFiles\Schemas\CreationalPeriods_schema.json"".
2023-01-22 22:01:26.952 &amp#27;[32m INFO&amp#27;[m &amp#27;[35m[@503 - main]&amp#27;[m &amp#27;[36mcom.shaft.tools.io.ReportManager&amp#27;[m : File Action "ReadFile" successfully performed. With the following test data "File Path: "C:\eclipse-workspace\MyProjects\TASystemsAPIs\src\test\resources\testDataFiles\Schemas\CreationalPeriods_schema.json"".
2023-01-22 22:01:26.994 &amp#27;[32m INFO&amp#27;[m &amp#27;[35m[@503 - main]&amp#27;[m &amp#27;[36mcom.shaft.tools.io.ReportManager&amp#27;[m : Successfully created attachment "Validation Test Data - Expected JSON Value"
2023-01-22 22:01:26.996 &amp#27;[32m INFO&amp#27;[m &amp#27;[35m[@503 - main]&amp#27;[m &amp#27;[36mcom.shaft.tools.io.ReportManager&amp#27;[m : Successfully created attachment "Validation Test Data - Actual JSON Value"
2023-01-22 22:01:26.997 &amp#27;[32m INFO&amp#27;[m &amp#27;[35m[@503 - main]&amp#27;[m &amp#27;[36mcom.shaft.tools.io.ReportManager&amp#27;[m : Successfully created attachment "SHAFT Engine Logs - Current Method log: Valid_GET_all_CreationalPeriod_by_Qry_Rq_TC"
]]></system-out>
  </testcase>
  <testcase name="Valid_GET_all_CreationalPeriod_by_Qry_Rq_TC[[Ljava.lang.Object;@1e19635d](6)" classname="SteeringCompanyAPI_TestCases.Test_CreationalPeriod_Cases" time="2.23">
    <system-out><![CDATA[2023-01-22 22:01:27.003 &amp#27;[32m INFO&amp#27;[m &amp#27;[35m[@534 - main]&amp#27;[m &amp#27;[36mcom.shaft.tools.io.ReportManager&amp#27;[m : 
################################################################################################################################################
Starting Execution:	"15 out of 83" test cases in the current suite
Test Method:		"SteeringCompanyAPI_TestCases.Test_CreationalPeriod_Cases.Valid_GET_all_CreationalPeriod_by_Qry_Rq_TC"
Test Description:	"TC002  -CreationalPeriod-   Perform Get all CreationalPeriod API with pagination with valid user name and password"
################################################################################################################################################
2023-01-22 22:01:27.003 &amp#27;[32m INFO&amp#27;[m &amp#27;[35m[@503 - main]&amp#27;[m &amp#27;[36mcom.shaft.tools.io.ReportManager&amp#27;[m : File Action "DoesFileExist" successfully performed. With the following test data "File Path: "SteeringCompanyAPI_TestData/SteeringCompanyAPI_TestData.xlsx"".
2023-01-22 22:01:27.041 &amp#27;[32m INFO&amp#27;[m &amp#27;[35m[@503 - main]&amp#27;[m &amp#27;[36mcom.shaft.tools.io.ReportManager&amp#27;[m : Successfully created attachment "Test Data - Excel"
2023-01-22 22:01:28.155 &amp#27;[32m INFO&amp#27;[m &amp#27;[35m[@503 - main]&amp#27;[m &amp#27;[36mcom.shaft.tools.io.ReportManager&amp#27;[m : Response status code: "200", status line: "HTTP/1.1 200 OK"
2023-01-22 22:01:28.173 &amp#27;[32m INFO&amp#27;[m &amp#27;[35m[@503 - main]&amp#27;[m &amp#27;[36mcom.shaft.tools.io.ReportManager&amp#27;[m : Successfully created attachment "API Request - Specifications"
2023-01-22 22:01:28.174 &amp#27;[32m INFO&amp#27;[m &amp#27;[35m[@503 - main]&amp#27;[m &amp#27;[36mcom.shaft.tools.io.ReportManager&amp#27;[m : Successfully created attachment "API Request - Body"
2023-01-22 22:01:28.176 &amp#27;[32m INFO&amp#27;[m &amp#27;[35m[@503 - main]&amp#27;[m &amp#27;[36mcom.shaft.tools.io.ReportManager&amp#27;[m : Successfully created attachment "API Response - JSON Body"
2023-01-22 22:01:28.191 &amp#27;[32m INFO&amp#27;[m &amp#27;[35m[@503 - main]&amp#27;[m &amp#27;[36mcom.shaft.tools.io.ReportManager&amp#27;[m : File Action "DoesFileExist" successfully performed. With the following test data "File Path: "SteeringCompanyAPI_TestData/SteeringCompanyAPI_TestData.xlsx"".
2023-01-22 22:01:28.239 &amp#27;[32m INFO&amp#27;[m &amp#27;[35m[@503 - main]&amp#27;[m &amp#27;[36mcom.shaft.tools.io.ReportManager&amp#27;[m : Successfully created attachment "Test Data - Excel"
2023-01-22 22:01:29.191 &amp#27;[32m INFO&amp#27;[m &amp#27;[35m[@503 - main]&amp#27;[m &amp#27;[36mcom.shaft.tools.io.ReportManager&amp#27;[m : Response status code: "200", status line: "HTTP/1.1 200 "
2023-01-22 22:01:29.208 &amp#27;[32m INFO&amp#27;[m &amp#27;[35m[@503 - main]&amp#27;[m &amp#27;[36mcom.shaft.tools.io.ReportManager&amp#27;[m : Successfully created attachment "API Request - Specifications"
2023-01-22 22:01:29.209 &amp#27;[32m INFO&amp#27;[m &amp#27;[35m[@503 - main]&amp#27;[m &amp#27;[36mcom.shaft.tools.io.ReportManager&amp#27;[m : Successfully created attachment "API Response - JSON Body"
2023-01-22 22:01:29.211 &amp#27;[32m INFO&amp#27;[m &amp#27;[35m[@503 - main]&amp#27;[m &amp#27;[36mcom.shaft.tools.io.ReportManager&amp#27;[m : File Action "DoesFileExist" successfully performed. With the following test data "File Path: "Schemas/CreationalPeriods_schema.json"".
2023-01-22 22:01:29.211 &amp#27;[32m INFO&amp#27;[m &amp#27;[35m[@503 - main]&amp#27;[m &amp#27;[36mcom.shaft.tools.io.ReportManager&amp#27;[m : File Action "DoesFileExist" successfully performed. With the following test data "File Path: "src/test/resources/testDataFiles/Schemas/CreationalPeriods_schema.json"".
2023-01-22 22:01:29.211 &amp#27;[32m INFO&amp#27;[m &amp#27;[35m[@503 - main]&amp#27;[m &amp#27;[36mcom.shaft.tools.io.ReportManager&amp#27;[m : File Action "GetAbsolutePath" successfully performed. With the following test data "Relative Folder Path: "src/test/resources/testDataFiles/Schemas/CreationalPeriods_schema.json"".
2023-01-22 22:01:29.220 &amp#27;[32m INFO&amp#27;[m &amp#27;[35m[@503 - main]&amp#27;[m &amp#27;[36mcom.shaft.tools.io.ReportManager&amp#27;[m : File Action "DoesFileExist" successfully performed. With the following test data "File Path: "C:\eclipse-workspace\MyProjects\TASystemsAPIs\src\test\resources\testDataFiles\Schemas\CreationalPeriods_schema.json"".
2023-01-22 22:01:29.220 &amp#27;[32m INFO&amp#27;[m &amp#27;[35m[@503 - main]&amp#27;[m &amp#27;[36mcom.shaft.tools.io.ReportManager&amp#27;[m : File Action "GetAbsolutePath" successfully performed. With the following test data "Relative Folder Path: "C:\eclipse-workspace\MyProjects\TASystemsAPIs\src\test\resources\testDataFiles\Schemas\CreationalPeriods_schema.json"".
2023-01-22 22:01:29.221 &amp#27;[32m INFO&amp#27;[m &amp#27;[35m[@503 - main]&amp#27;[m &amp#27;[36mcom.shaft.tools.io.ReportManager&amp#27;[m : File Action "ReadFile" successfully performed. With the following test data "File Path: "C:\eclipse-workspace\MyProjects\TASystemsAPIs\src\test\resources\testDataFiles\Schemas\CreationalPeriods_schema.json"".
2023-01-22 22:01:29.224 &amp#27;[32m INFO&amp#27;[m &amp#27;[35m[@503 - main]&amp#27;[m &amp#27;[36mcom.shaft.tools.io.ReportManager&amp#27;[m : Successfully created attachment "Validation Test Data - Expected JSON Value"
2023-01-22 22:01:29.226 &amp#27;[32m INFO&amp#27;[m &amp#27;[35m[@503 - main]&amp#27;[m &amp#27;[36mcom.shaft.tools.io.ReportManager&amp#27;[m : Successfully created attachment "Validation Test Data - Actual JSON Value"
2023-01-22 22:01:29.227 &amp#27;[32m INFO&amp#27;[m &amp#27;[35m[@503 - main]&amp#27;[m &amp#27;[36mcom.shaft.tools.io.ReportManager&amp#27;[m : Successfully created attachment "SHAFT Engine Logs - Current Method log: Valid_GET_all_CreationalPeriod_by_Qry_Rq_TC"
]]></system-out>
  </testcase>
  <testcase name="Valid_GET_all_CreationalPeriod_by_Qry_Rq_TC[[Ljava.lang.Object;@6dcdf58b](7)" classname="SteeringCompanyAPI_TestCases.Test_CreationalPeriod_Cases" time="1.83">
    <system-out><![CDATA[2023-01-22 22:01:29.231 &amp#27;[32m INFO&amp#27;[m &amp#27;[35m[@534 - main]&amp#27;[m &amp#27;[36mcom.shaft.tools.io.ReportManager&amp#27;[m : 
################################################################################################################################################
Starting Execution:	"16 out of 83" test cases in the current suite
Test Method:		"SteeringCompanyAPI_TestCases.Test_CreationalPeriod_Cases.Valid_GET_all_CreationalPeriod_by_Qry_Rq_TC"
Test Description:	"TC002  -CreationalPeriod-   Perform Get all CreationalPeriod API with pagination with valid user name and password"
################################################################################################################################################
2023-01-22 22:01:29.232 &amp#27;[32m INFO&amp#27;[m &amp#27;[35m[@503 - main]&amp#27;[m &amp#27;[36mcom.shaft.tools.io.ReportManager&amp#27;[m : File Action "DoesFileExist" successfully performed. With the following test data "File Path: "SteeringCompanyAPI_TestData/SteeringCompanyAPI_TestData.xlsx"".
2023-01-22 22:01:29.270 &amp#27;[32m INFO&amp#27;[m &amp#27;[35m[@503 - main]&amp#27;[m &amp#27;[36mcom.shaft.tools.io.ReportManager&amp#27;[m : Successfully created attachment "Test Data - Excel"
2023-01-22 22:01:30.068 &amp#27;[32m INFO&amp#27;[m &amp#27;[35m[@503 - main]&amp#27;[m &amp#27;[36mcom.shaft.tools.io.ReportManager&amp#27;[m : Response status code: "200", status line: "HTTP/1.1 200 OK"
2023-01-22 22:01:30.084 &amp#27;[32m INFO&amp#27;[m &amp#27;[35m[@503 - main]&amp#27;[m &amp#27;[36mcom.shaft.tools.io.ReportManager&amp#27;[m : Successfully created attachment "API Request - Specifications"
2023-01-22 22:01:30.085 &amp#27;[32m INFO&amp#27;[m &amp#27;[35m[@503 - main]&amp#27;[m &amp#27;[36mcom.shaft.tools.io.ReportManager&amp#27;[m : Successfully created attachment "API Request - Body"
2023-01-22 22:01:30.086 &amp#27;[32m INFO&amp#27;[m &amp#27;[35m[@503 - main]&amp#27;[m &amp#27;[36mcom.shaft.tools.io.ReportManager&amp#27;[m : Successfully created attachment "API Response - JSON Body"
2023-01-22 22:01:30.099 &amp#27;[32m INFO&amp#27;[m &amp#27;[35m[@503 - main]&amp#27;[m &amp#27;[36mcom.shaft.tools.io.ReportManager&amp#27;[m : File Action "DoesFileExist" successfully performed. With the following test data "File Path: "SteeringCompanyAPI_TestData/SteeringCompanyAPI_TestData.xlsx"".
2023-01-22 22:01:30.160 &amp#27;[32m INFO&amp#27;[m &amp#27;[35m[@503 - main]&amp#27;[m &amp#27;[36mcom.shaft.tools.io.ReportManager&amp#27;[m : Successfully created attachment "Test Data - Excel"
2023-01-22 22:01:31.019 &amp#27;[32m INFO&amp#27;[m &amp#27;[35m[@503 - main]&amp#27;[m &amp#27;[36mcom.shaft.tools.io.ReportManager&amp#27;[m : Response status code: "200", status line: "HTTP/1.1 200 "
2023-01-22 22:01:31.036 &amp#27;[32m INFO&amp#27;[m &amp#27;[35m[@503 - main]&amp#27;[m &amp#27;[36mcom.shaft.tools.io.ReportManager&amp#27;[m : Successfully created attachment "API Request - Specifications"
2023-01-22 22:01:31.038 &amp#27;[32m INFO&amp#27;[m &amp#27;[35m[@503 - main]&amp#27;[m &amp#27;[36mcom.shaft.tools.io.ReportManager&amp#27;[m : Successfully created attachment "API Response - JSON Body"
2023-01-22 22:01:31.039 &amp#27;[32m INFO&amp#27;[m &amp#27;[35m[@503 - main]&amp#27;[m &amp#27;[36mcom.shaft.tools.io.ReportManager&amp#27;[m : File Action "DoesFileExist" successfully performed. With the following test data "File Path: "Schemas/CreationalPeriods_schema.json"".
2023-01-22 22:01:31.039 &amp#27;[32m INFO&amp#27;[m &amp#27;[35m[@503 - main]&amp#27;[m &amp#27;[36mcom.shaft.tools.io.ReportManager&amp#27;[m : File Action "DoesFileExist" successfully performed. With the following test data "File Path: "src/test/resources/testDataFiles/Schemas/CreationalPeriods_schema.json"".
2023-01-22 22:01:31.039 &amp#27;[32m INFO&amp#27;[m &amp#27;[35m[@503 - main]&amp#27;[m &amp#27;[36mcom.shaft.tools.io.ReportManager&amp#27;[m : File Action "GetAbsolutePath" successfully performed. With the following test data "Relative Folder Path: "src/test/resources/testDataFiles/Schemas/CreationalPeriods_schema.json"".
2023-01-22 22:01:31.049 &amp#27;[32m INFO&amp#27;[m &amp#27;[35m[@503 - main]&amp#27;[m &amp#27;[36mcom.shaft.tools.io.ReportManager&amp#27;[m : File Action "DoesFileExist" successfully performed. With the following test data "File Path: "C:\eclipse-workspace\MyProjects\TASystemsAPIs\src\test\resources\testDataFiles\Schemas\CreationalPeriods_schema.json"".
2023-01-22 22:01:31.049 &amp#27;[32m INFO&amp#27;[m &amp#27;[35m[@503 - main]&amp#27;[m &amp#27;[36mcom.shaft.tools.io.ReportManager&amp#27;[m : File Action "GetAbsolutePath" successfully performed. With the following test data "Relative Folder Path: "C:\eclipse-workspace\MyProjects\TASystemsAPIs\src\test\resources\testDataFiles\Schemas\CreationalPeriods_schema.json"".
2023-01-22 22:01:31.050 &amp#27;[32m INFO&amp#27;[m &amp#27;[35m[@503 - main]&amp#27;[m &amp#27;[36mcom.shaft.tools.io.ReportManager&amp#27;[m : File Action "ReadFile" successfully performed. With the following test data "File Path: "C:\eclipse-workspace\MyProjects\TASystemsAPIs\src\test\resources\testDataFiles\Schemas\CreationalPeriods_schema.json"".
2023-01-22 22:01:31.052 &amp#27;[32m INFO&amp#27;[m &amp#27;[35m[@503 - main]&amp#27;[m &amp#27;[36mcom.shaft.tools.io.ReportManager&amp#27;[m : Successfully created attachment "Validation Test Data - Expected JSON Value"
2023-01-22 22:01:31.053 &amp#27;[32m INFO&amp#27;[m &amp#27;[35m[@503 - main]&amp#27;[m &amp#27;[36mcom.shaft.tools.io.ReportManager&amp#27;[m : Successfully created attachment "Validation Test Data - Actual JSON Value"
2023-01-22 22:01:31.055 &amp#27;[32m INFO&amp#27;[m &amp#27;[35m[@503 - main]&amp#27;[m &amp#27;[36mcom.shaft.tools.io.ReportManager&amp#27;[m : Successfully created attachment "SHAFT Engine Logs - Current Method log: Valid_GET_all_CreationalPeriod_by_Qry_Rq_TC"
]]></system-out>
  </testcase>
  <testcase name="Valid_GET_all_CreationalPeriod_by_Qry_Rq_TC[[Ljava.lang.Object;@3486cb21](8)" classname="SteeringCompanyAPI_TestCases.Test_CreationalPeriod_Cases" time="1.971">
    <system-out><![CDATA[2023-01-22 22:01:31.062 &amp#27;[32m INFO&amp#27;[m &amp#27;[35m[@534 - main]&amp#27;[m &amp#27;[36mcom.shaft.tools.io.ReportManager&amp#27;[m : 
################################################################################################################################################
Starting Execution:	"17 out of 83" test cases in the current suite
Test Method:		"SteeringCompanyAPI_TestCases.Test_CreationalPeriod_Cases.Valid_GET_all_CreationalPeriod_by_Qry_Rq_TC"
Test Description:	"TC002  -CreationalPeriod-   Perform Get all CreationalPeriod API with pagination with valid user name and password"
################################################################################################################################################
2023-01-22 22:01:31.063 &amp#27;[32m INFO&amp#27;[m &amp#27;[35m[@503 - main]&amp#27;[m &amp#27;[36mcom.shaft.tools.io.ReportManager&amp#27;[m : File Action "DoesFileExist" successfully performed. With the following test data "File Path: "SteeringCompanyAPI_TestData/SteeringCompanyAPI_TestData.xlsx"".
2023-01-22 22:01:31.096 &amp#27;[32m INFO&amp#27;[m &amp#27;[35m[@503 - main]&amp#27;[m &amp#27;[36mcom.shaft.tools.io.ReportManager&amp#27;[m : Successfully created attachment "Test Data - Excel"
2023-01-22 22:01:31.989 &amp#27;[32m INFO&amp#27;[m &amp#27;[35m[@503 - main]&amp#27;[m &amp#27;[36mcom.shaft.tools.io.ReportManager&amp#27;[m : Response status code: "200", status line: "HTTP/1.1 200 OK"
2023-01-22 22:01:32.002 &amp#27;[32m INFO&amp#27;[m &amp#27;[35m[@503 - main]&amp#27;[m &amp#27;[36mcom.shaft.tools.io.ReportManager&amp#27;[m : Successfully created attachment "API Request - Specifications"
2023-01-22 22:01:32.003 &amp#27;[32m INFO&amp#27;[m &amp#27;[35m[@503 - main]&amp#27;[m &amp#27;[36mcom.shaft.tools.io.ReportManager&amp#27;[m : Successfully created attachment "API Request - Body"
2023-01-22 22:01:32.005 &amp#27;[32m INFO&amp#27;[m &amp#27;[35m[@503 - main]&amp#27;[m &amp#27;[36mcom.shaft.tools.io.ReportManager&amp#27;[m : Successfully created attachment "API Response - JSON Body"
2023-01-22 22:01:32.016 &amp#27;[32m INFO&amp#27;[m &amp#27;[35m[@503 - main]&amp#27;[m &amp#27;[36mcom.shaft.tools.io.ReportManager&amp#27;[m : File Action "DoesFileExist" successfully performed. With the following test data "File Path: "SteeringCompanyAPI_TestData/SteeringCompanyAPI_TestData.xlsx"".
2023-01-22 22:01:32.050 &amp#27;[32m INFO&amp#27;[m &amp#27;[35m[@503 - main]&amp#27;[m &amp#27;[36mcom.shaft.tools.io.ReportManager&amp#27;[m : Successfully created attachment "Test Data - Excel"
2023-01-22 22:01:32.996 &amp#27;[32m INFO&amp#27;[m &amp#27;[35m[@503 - main]&amp#27;[m &amp#27;[36mcom.shaft.tools.io.ReportManager&amp#27;[m : Response status code: "200", status line: "HTTP/1.1 200 "
2023-01-22 22:01:33.013 &amp#27;[32m INFO&amp#27;[m &amp#27;[35m[@503 - main]&amp#27;[m &amp#27;[36mcom.shaft.tools.io.ReportManager&amp#27;[m : Successfully created attachment "API Request - Specifications"
2023-01-22 22:01:33.014 &amp#27;[32m INFO&amp#27;[m &amp#27;[35m[@503 - main]&amp#27;[m &amp#27;[36mcom.shaft.tools.io.ReportManager&amp#27;[m : Successfully created attachment "API Response - JSON Body"
2023-01-22 22:01:33.015 &amp#27;[32m INFO&amp#27;[m &amp#27;[35m[@503 - main]&amp#27;[m &amp#27;[36mcom.shaft.tools.io.ReportManager&amp#27;[m : File Action "DoesFileExist" successfully performed. With the following test data "File Path: "Schemas/CreationalPeriods_schema.json"".
2023-01-22 22:01:33.015 &amp#27;[32m INFO&amp#27;[m &amp#27;[35m[@503 - main]&amp#27;[m &amp#27;[36mcom.shaft.tools.io.ReportManager&amp#27;[m : File Action "DoesFileExist" successfully performed. With the following test data "File Path: "src/test/resources/testDataFiles/Schemas/CreationalPeriods_schema.json"".
2023-01-22 22:01:33.016 &amp#27;[32m INFO&amp#27;[m &amp#27;[35m[@503 - main]&amp#27;[m &amp#27;[36mcom.shaft.tools.io.ReportManager&amp#27;[m : File Action "GetAbsolutePath" successfully performed. With the following test data "Relative Folder Path: "src/test/resources/testDataFiles/Schemas/CreationalPeriods_schema.json"".
2023-01-22 22:01:33.021 &amp#27;[32m INFO&amp#27;[m &amp#27;[35m[@503 - main]&amp#27;[m &amp#27;[36mcom.shaft.tools.io.ReportManager&amp#27;[m : File Action "DoesFileExist" successfully performed. With the following test data "File Path: "C:\eclipse-workspace\MyProjects\TASystemsAPIs\src\test\resources\testDataFiles\Schemas\CreationalPeriods_schema.json"".
2023-01-22 22:01:33.022 &amp#27;[32m INFO&amp#27;[m &amp#27;[35m[@503 - main]&amp#27;[m &amp#27;[36mcom.shaft.tools.io.ReportManager&amp#27;[m : File Action "GetAbsolutePath" successfully performed. With the following test data "Relative Folder Path: "C:\eclipse-workspace\MyProjects\TASystemsAPIs\src\test\resources\testDataFiles\Schemas\CreationalPeriods_schema.json"".
2023-01-22 22:01:33.022 &amp#27;[32m INFO&amp#27;[m &amp#27;[35m[@503 - main]&amp#27;[m &amp#27;[36mcom.shaft.tools.io.ReportManager&amp#27;[m : File Action "ReadFile" successfully performed. With the following test data "File Path: "C:\eclipse-workspace\MyProjects\TASystemsAPIs\src\test\resources\testDataFiles\Schemas\CreationalPeriods_schema.json"".
2023-01-22 22:01:33.025 &amp#27;[32m INFO&amp#27;[m &amp#27;[35m[@503 - main]&amp#27;[m &amp#27;[36mcom.shaft.tools.io.ReportManager&amp#27;[m : Successfully created attachment "Validation Test Data - Expected JSON Value"
2023-01-22 22:01:33.027 &amp#27;[32m INFO&amp#27;[m &amp#27;[35m[@503 - main]&amp#27;[m &amp#27;[36mcom.shaft.tools.io.ReportManager&amp#27;[m : Successfully created attachment "Validation Test Data - Actual JSON Value"
2023-01-22 22:01:33.027 &amp#27;[32m INFO&amp#27;[m &amp#27;[35m[@503 - main]&amp#27;[m &amp#27;[36mcom.shaft.tools.io.ReportManager&amp#27;[m : Successfully created attachment "SHAFT Engine Logs - Current Method log: Valid_GET_all_CreationalPeriod_by_Qry_Rq_TC"
]]></system-out>
  </testcase>
  <testcase name="Valid_GET_all_CreationalPeriod_by_Qry_Rq_TC[[Ljava.lang.Object;@5c72271e](9)" classname="SteeringCompanyAPI_TestCases.Test_CreationalPeriod_Cases" time="1.928">
    <system-out><![CDATA[2023-01-22 22:01:33.032 &amp#27;[32m INFO&amp#27;[m &amp#27;[35m[@534 - main]&amp#27;[m &amp#27;[36mcom.shaft.tools.io.ReportManager&amp#27;[m : 
################################################################################################################################################
Starting Execution:	"18 out of 83" test cases in the current suite
Test Method:		"SteeringCompanyAPI_TestCases.Test_CreationalPeriod_Cases.Valid_GET_all_CreationalPeriod_by_Qry_Rq_TC"
Test Description:	"TC002  -CreationalPeriod-   Perform Get all CreationalPeriod API with pagination with valid user name and password"
################################################################################################################################################
2023-01-22 22:01:33.033 &amp#27;[32m INFO&amp#27;[m &amp#27;[35m[@503 - main]&amp#27;[m &amp#27;[36mcom.shaft.tools.io.ReportManager&amp#27;[m : File Action "DoesFileExist" successfully performed. With the following test data "File Path: "SteeringCompanyAPI_TestData/SteeringCompanyAPI_TestData.xlsx"".
2023-01-22 22:01:33.062 &amp#27;[32m INFO&amp#27;[m &amp#27;[35m[@503 - main]&amp#27;[m &amp#27;[36mcom.shaft.tools.io.ReportManager&amp#27;[m : Successfully created attachment "Test Data - Excel"
2023-01-22 22:01:34.070 &amp#27;[32m INFO&amp#27;[m &amp#27;[35m[@503 - main]&amp#27;[m &amp#27;[36mcom.shaft.tools.io.ReportManager&amp#27;[m : Response status code: "200", status line: "HTTP/1.1 200 OK"
2023-01-22 22:01:34.083 &amp#27;[32m INFO&amp#27;[m &amp#27;[35m[@503 - main]&amp#27;[m &amp#27;[36mcom.shaft.tools.io.ReportManager&amp#27;[m : Successfully created attachment "API Request - Specifications"
2023-01-22 22:01:34.084 &amp#27;[32m INFO&amp#27;[m &amp#27;[35m[@503 - main]&amp#27;[m &amp#27;[36mcom.shaft.tools.io.ReportManager&amp#27;[m : Successfully created attachment "API Request - Body"
2023-01-22 22:01:34.085 &amp#27;[32m INFO&amp#27;[m &amp#27;[35m[@503 - main]&amp#27;[m &amp#27;[36mcom.shaft.tools.io.ReportManager&amp#27;[m : Successfully created attachment "API Response - JSON Body"
2023-01-22 22:01:34.096 &amp#27;[32m INFO&amp#27;[m &amp#27;[35m[@503 - main]&amp#27;[m &amp#27;[36mcom.shaft.tools.io.ReportManager&amp#27;[m : File Action "DoesFileExist" successfully performed. With the following test data "File Path: "SteeringCompanyAPI_TestData/SteeringCompanyAPI_TestData.xlsx"".
2023-01-22 22:01:34.142 &amp#27;[32m INFO&amp#27;[m &amp#27;[35m[@503 - main]&amp#27;[m &amp#27;[36mcom.shaft.tools.io.ReportManager&amp#27;[m : Successfully created attachment "Test Data - Excel"
2023-01-22 22:01:34.923 &amp#27;[32m INFO&amp#27;[m &amp#27;[35m[@503 - main]&amp#27;[m &amp#27;[36mcom.shaft.tools.io.ReportManager&amp#27;[m : Response status code: "200", status line: "HTTP/1.1 200 "
2023-01-22 22:01:34.941 &amp#27;[32m INFO&amp#27;[m &amp#27;[35m[@503 - main]&amp#27;[m &amp#27;[36mcom.shaft.tools.io.ReportManager&amp#27;[m : Successfully created attachment "API Request - Specifications"
2023-01-22 22:01:34.943 &amp#27;[32m INFO&amp#27;[m &amp#27;[35m[@503 - main]&amp#27;[m &amp#27;[36mcom.shaft.tools.io.ReportManager&amp#27;[m : Successfully created attachment "API Response - JSON Body"
2023-01-22 22:01:34.945 &amp#27;[32m INFO&amp#27;[m &amp#27;[35m[@503 - main]&amp#27;[m &amp#27;[36mcom.shaft.tools.io.ReportManager&amp#27;[m : File Action "DoesFileExist" successfully performed. With the following test data "File Path: "Schemas/CreationalPeriods_schema.json"".
2023-01-22 22:01:34.945 &amp#27;[32m INFO&amp#27;[m &amp#27;[35m[@503 - main]&amp#27;[m &amp#27;[36mcom.shaft.tools.io.ReportManager&amp#27;[m : File Action "DoesFileExist" successfully performed. With the following test data "File Path: "src/test/resources/testDataFiles/Schemas/CreationalPeriods_schema.json"".
2023-01-22 22:01:34.945 &amp#27;[32m INFO&amp#27;[m &amp#27;[35m[@503 - main]&amp#27;[m &amp#27;[36mcom.shaft.tools.io.ReportManager&amp#27;[m : File Action "GetAbsolutePath" successfully performed. With the following test data "Relative Folder Path: "src/test/resources/testDataFiles/Schemas/CreationalPeriods_schema.json"".
2023-01-22 22:01:34.951 &amp#27;[32m INFO&amp#27;[m &amp#27;[35m[@503 - main]&amp#27;[m &amp#27;[36mcom.shaft.tools.io.ReportManager&amp#27;[m : File Action "DoesFileExist" successfully performed. With the following test data "File Path: "C:\eclipse-workspace\MyProjects\TASystemsAPIs\src\test\resources\testDataFiles\Schemas\CreationalPeriods_schema.json"".
2023-01-22 22:01:34.951 &amp#27;[32m INFO&amp#27;[m &amp#27;[35m[@503 - main]&amp#27;[m &amp#27;[36mcom.shaft.tools.io.ReportManager&amp#27;[m : File Action "GetAbsolutePath" successfully performed. With the following test data "Relative Folder Path: "C:\eclipse-workspace\MyProjects\TASystemsAPIs\src\test\resources\testDataFiles\Schemas\CreationalPeriods_schema.json"".
2023-01-22 22:01:34.952 &amp#27;[32m INFO&amp#27;[m &amp#27;[35m[@503 - main]&amp#27;[m &amp#27;[36mcom.shaft.tools.io.ReportManager&amp#27;[m : File Action "ReadFile" successfully performed. With the following test data "File Path: "C:\eclipse-workspace\MyProjects\TASystemsAPIs\src\test\resources\testDataFiles\Schemas\CreationalPeriods_schema.json"".
2023-01-22 22:01:34.954 &amp#27;[32m INFO&amp#27;[m &amp#27;[35m[@503 - main]&amp#27;[m &amp#27;[36mcom.shaft.tools.io.ReportManager&amp#27;[m : Successfully created attachment "Validation Test Data - Expected JSON Value"
2023-01-22 22:01:34.955 &amp#27;[32m INFO&amp#27;[m &amp#27;[35m[@503 - main]&amp#27;[m &amp#27;[36mcom.shaft.tools.io.ReportManager&amp#27;[m : Successfully created attachment "Validation Test Data - Actual JSON Value"
2023-01-22 22:01:34.957 &amp#27;[32m INFO&amp#27;[m &amp#27;[35m[@503 - main]&amp#27;[m &amp#27;[36mcom.shaft.tools.io.ReportManager&amp#27;[m : Successfully created attachment "SHAFT Engine Logs - Current Method log: Valid_GET_all_CreationalPeriod_by_Qry_Rq_TC"
]]></system-out>
  </testcase>
  <testcase name="Valid_GET_all_CreationalPeriod_by_Qry_Rq_TC[[Ljava.lang.Object;@7870946d](10)" classname="SteeringCompanyAPI_TestCases.Test_CreationalPeriod_Cases" time="1.817">
    <system-out><![CDATA[2023-01-22 22:01:34.960 &amp#27;[32m INFO&amp#27;[m &amp#27;[35m[@534 - main]&amp#27;[m &amp#27;[36mcom.shaft.tools.io.ReportManager&amp#27;[m : 
################################################################################################################################################
Starting Execution:	"19 out of 83" test cases in the current suite
Test Method:		"SteeringCompanyAPI_TestCases.Test_CreationalPeriod_Cases.Valid_GET_all_CreationalPeriod_by_Qry_Rq_TC"
Test Description:	"TC002  -CreationalPeriod-   Perform Get all CreationalPeriod API with pagination with valid user name and password"
################################################################################################################################################
2023-01-22 22:01:34.961 &amp#27;[32m INFO&amp#27;[m &amp#27;[35m[@503 - main]&amp#27;[m &amp#27;[36mcom.shaft.tools.io.ReportManager&amp#27;[m : File Action "DoesFileExist" successfully performed. With the following test data "File Path: "SteeringCompanyAPI_TestData/SteeringCompanyAPI_TestData.xlsx"".
2023-01-22 22:01:34.993 &amp#27;[32m INFO&amp#27;[m &amp#27;[35m[@503 - main]&amp#27;[m &amp#27;[36mcom.shaft.tools.io.ReportManager&amp#27;[m : Successfully created attachment "Test Data - Excel"
2023-01-22 22:01:35.902 &amp#27;[32m INFO&amp#27;[m &amp#27;[35m[@503 - main]&amp#27;[m &amp#27;[36mcom.shaft.tools.io.ReportManager&amp#27;[m : Response status code: "200", status line: "HTTP/1.1 200 OK"
2023-01-22 22:01:35.916 &amp#27;[32m INFO&amp#27;[m &amp#27;[35m[@503 - main]&amp#27;[m &amp#27;[36mcom.shaft.tools.io.ReportManager&amp#27;[m : Successfully created attachment "API Request - Specifications"
2023-01-22 22:01:35.918 &amp#27;[32m INFO&amp#27;[m &amp#27;[35m[@503 - main]&amp#27;[m &amp#27;[36mcom.shaft.tools.io.ReportManager&amp#27;[m : Successfully created attachment "API Request - Body"
2023-01-22 22:01:35.918 &amp#27;[32m INFO&amp#27;[m &amp#27;[35m[@503 - main]&amp#27;[m &amp#27;[36mcom.shaft.tools.io.ReportManager&amp#27;[m : Successfully created attachment "API Response - JSON Body"
2023-01-22 22:01:35.930 &amp#27;[32m INFO&amp#27;[m &amp#27;[35m[@503 - main]&amp#27;[m &amp#27;[36mcom.shaft.tools.io.ReportManager&amp#27;[m : File Action "DoesFileExist" successfully performed. With the following test data "File Path: "SteeringCompanyAPI_TestData/SteeringCompanyAPI_TestData.xlsx"".
2023-01-22 22:01:35.962 &amp#27;[32m INFO&amp#27;[m &amp#27;[35m[@503 - main]&amp#27;[m &amp#27;[36mcom.shaft.tools.io.ReportManager&amp#27;[m : Successfully created attachment "Test Data - Excel"
2023-01-22 22:01:36.746 &amp#27;[32m INFO&amp#27;[m &amp#27;[35m[@503 - main]&amp#27;[m &amp#27;[36mcom.shaft.tools.io.ReportManager&amp#27;[m : Response status code: "200", status line: "HTTP/1.1 200 "
2023-01-22 22:01:36.761 &amp#27;[32m INFO&amp#27;[m &amp#27;[35m[@503 - main]&amp#27;[m &amp#27;[36mcom.shaft.tools.io.ReportManager&amp#27;[m : Successfully created attachment "API Request - Specifications"
2023-01-22 22:01:36.762 &amp#27;[32m INFO&amp#27;[m &amp#27;[35m[@503 - main]&amp#27;[m &amp#27;[36mcom.shaft.tools.io.ReportManager&amp#27;[m : Successfully created attachment "API Response - JSON Body"
2023-01-22 22:01:36.763 &amp#27;[32m INFO&amp#27;[m &amp#27;[35m[@503 - main]&amp#27;[m &amp#27;[36mcom.shaft.tools.io.ReportManager&amp#27;[m : File Action "DoesFileExist" successfully performed. With the following test data "File Path: "Schemas/CreationalPeriods_schema.json"".
2023-01-22 22:01:36.763 &amp#27;[32m INFO&amp#27;[m &amp#27;[35m[@503 - main]&amp#27;[m &amp#27;[36mcom.shaft.tools.io.ReportManager&amp#27;[m : File Action "DoesFileExist" successfully performed. With the following test data "File Path: "src/test/resources/testDataFiles/Schemas/CreationalPeriods_schema.json"".
2023-01-22 22:01:36.763 &amp#27;[32m INFO&amp#27;[m &amp#27;[35m[@503 - main]&amp#27;[m &amp#27;[36mcom.shaft.tools.io.ReportManager&amp#27;[m : File Action "GetAbsolutePath" successfully performed. With the following test data "Relative Folder Path: "src/test/resources/testDataFiles/Schemas/CreationalPeriods_schema.json"".
2023-01-22 22:01:36.769 &amp#27;[32m INFO&amp#27;[m &amp#27;[35m[@503 - main]&amp#27;[m &amp#27;[36mcom.shaft.tools.io.ReportManager&amp#27;[m : File Action "DoesFileExist" successfully performed. With the following test data "File Path: "C:\eclipse-workspace\MyProjects\TASystemsAPIs\src\test\resources\testDataFiles\Schemas\CreationalPeriods_schema.json"".
2023-01-22 22:01:36.769 &amp#27;[32m INFO&amp#27;[m &amp#27;[35m[@503 - main]&amp#27;[m &amp#27;[36mcom.shaft.tools.io.ReportManager&amp#27;[m : File Action "GetAbsolutePath" successfully performed. With the following test data "Relative Folder Path: "C:\eclipse-workspace\MyProjects\TASystemsAPIs\src\test\resources\testDataFiles\Schemas\CreationalPeriods_schema.json"".
2023-01-22 22:01:36.770 &amp#27;[32m INFO&amp#27;[m &amp#27;[35m[@503 - main]&amp#27;[m &amp#27;[36mcom.shaft.tools.io.ReportManager&amp#27;[m : File Action "ReadFile" successfully performed. With the following test data "File Path: "C:\eclipse-workspace\MyProjects\TASystemsAPIs\src\test\resources\testDataFiles\Schemas\CreationalPeriods_schema.json"".
2023-01-22 22:01:36.772 &amp#27;[32m INFO&amp#27;[m &amp#27;[35m[@503 - main]&amp#27;[m &amp#27;[36mcom.shaft.tools.io.ReportManager&amp#27;[m : Successfully created attachment "Validation Test Data - Expected JSON Value"
2023-01-22 22:01:36.773 &amp#27;[32m INFO&amp#27;[m &amp#27;[35m[@503 - main]&amp#27;[m &amp#27;[36mcom.shaft.tools.io.ReportManager&amp#27;[m : Successfully created attachment "Validation Test Data - Actual JSON Value"
2023-01-22 22:01:36.774 &amp#27;[32m INFO&amp#27;[m &amp#27;[35m[@503 - main]&amp#27;[m &amp#27;[36mcom.shaft.tools.io.ReportManager&amp#27;[m : Successfully created attachment "SHAFT Engine Logs - Current Method log: Valid_GET_all_CreationalPeriod_by_Qry_Rq_TC"
]]></system-out>
  </testcase>
  <testcase name="Valid_Get_CreationalPeriod_ByID_Rq_TC[[Ljava.lang.Object;@3ecf69eb](1)" classname="SteeringCompanyAPI_TestCases.Test_CreationalPeriod_Cases" time="4.342">
    <system-out><![CDATA[2023-01-22 22:01:36.781 &amp#27;[32m INFO&amp#27;[m &amp#27;[35m[@534 - main]&amp#27;[m &amp#27;[36mcom.shaft.tools.io.ReportManager&amp#27;[m : 
################################################################################################################################################
Starting Execution:	"20 out of 83" test cases in the current suite
Test Method:		"SteeringCompanyAPI_TestCases.Test_CreationalPeriod_Cases.Valid_Get_CreationalPeriod_ByID_Rq_TC"
Test Description:	"TC007  -CreationalPeriod-   Perform Get CreationalPeriod API by ID"
################################################################################################################################################
2023-01-22 22:01:36.782 &amp#27;[32m INFO&amp#27;[m &amp#27;[35m[@503 - main]&amp#27;[m &amp#27;[36mcom.shaft.tools.io.ReportManager&amp#27;[m : File Action "DoesFileExist" successfully performed. With the following test data "File Path: "SteeringCompanyAPI_TestData/SteeringCompanyAPI_TestData.xlsx"".
2023-01-22 22:01:36.814 &amp#27;[32m INFO&amp#27;[m &amp#27;[35m[@503 - main]&amp#27;[m &amp#27;[36mcom.shaft.tools.io.ReportManager&amp#27;[m : Successfully created attachment "Test Data - Excel"
2023-01-22 22:01:40.028 &amp#27;[32m INFO&amp#27;[m &amp#27;[35m[@503 - main]&amp#27;[m &amp#27;[36mcom.shaft.tools.io.ReportManager&amp#27;[m : Response status code: "200", status line: "HTTP/1.1 200 OK"
2023-01-22 22:01:40.046 &amp#27;[32m INFO&amp#27;[m &amp#27;[35m[@503 - main]&amp#27;[m &amp#27;[36mcom.shaft.tools.io.ReportManager&amp#27;[m : Successfully created attachment "API Request - Specifications"
2023-01-22 22:01:40.047 &amp#27;[32m INFO&amp#27;[m &amp#27;[35m[@503 - main]&amp#27;[m &amp#27;[36mcom.shaft.tools.io.ReportManager&amp#27;[m : Successfully created attachment "API Request - Body"
2023-01-22 22:01:40.049 &amp#27;[32m INFO&amp#27;[m &amp#27;[35m[@503 - main]&amp#27;[m &amp#27;[36mcom.shaft.tools.io.ReportManager&amp#27;[m : Successfully created attachment "API Response - JSON Body"
2023-01-22 22:01:40.062 &amp#27;[32m INFO&amp#27;[m &amp#27;[35m[@503 - main]&amp#27;[m &amp#27;[36mcom.shaft.tools.io.ReportManager&amp#27;[m : File Action "DoesFileExist" successfully performed. With the following test data "File Path: "SteeringCompanyAPI_TestData/SteeringCompanyAPI_TestData.xlsx"".
2023-01-22 22:01:40.105 &amp#27;[32m INFO&amp#27;[m &amp#27;[35m[@503 - main]&amp#27;[m &amp#27;[36mcom.shaft.tools.io.ReportManager&amp#27;[m : Successfully created attachment "Test Data - Excel"
2023-01-22 22:01:41.050 &amp#27;[32m INFO&amp#27;[m &amp#27;[35m[@503 - main]&amp#27;[m &amp#27;[36mcom.shaft.tools.io.ReportManager&amp#27;[m : Response status code: "200", status line: "HTTP/1.1 200 "
2023-01-22 22:01:41.067 &amp#27;[32m INFO&amp#27;[m &amp#27;[35m[@503 - main]&amp#27;[m &amp#27;[36mcom.shaft.tools.io.ReportManager&amp#27;[m : Successfully created attachment "API Request - Specifications"
2023-01-22 22:01:41.068 &amp#27;[32m INFO&amp#27;[m &amp#27;[35m[@503 - main]&amp#27;[m &amp#27;[36mcom.shaft.tools.io.ReportManager&amp#27;[m : Successfully created attachment "API Response - JSON Body"
2023-01-22 22:01:41.069 &amp#27;[32m INFO&amp#27;[m &amp#27;[35m[@503 - main]&amp#27;[m &amp#27;[36mcom.shaft.tools.io.ReportManager&amp#27;[m : File Action "DoesFileExist" successfully performed. With the following test data "File Path: "Schemas/CreationalPeriodsByID_schema.json"".
2023-01-22 22:01:41.069 &amp#27;[32m INFO&amp#27;[m &amp#27;[35m[@503 - main]&amp#27;[m &amp#27;[36mcom.shaft.tools.io.ReportManager&amp#27;[m : File Action "DoesFileExist" successfully performed. With the following test data "File Path: "src/test/resources/testDataFiles/Schemas/CreationalPeriodsByID_schema.json"".
2023-01-22 22:01:41.070 &amp#27;[32m INFO&amp#27;[m &amp#27;[35m[@503 - main]&amp#27;[m &amp#27;[36mcom.shaft.tools.io.ReportManager&amp#27;[m : File Action "GetAbsolutePath" successfully performed. With the following test data "Relative Folder Path: "src/test/resources/testDataFiles/Schemas/CreationalPeriodsByID_schema.json"".
2023-01-22 22:01:41.075 &amp#27;[32m INFO&amp#27;[m &amp#27;[35m[@503 - main]&amp#27;[m &amp#27;[36mcom.shaft.tools.io.ReportManager&amp#27;[m : File Action "DoesFileExist" successfully performed. With the following test data "File Path: "C:\eclipse-workspace\MyProjects\TASystemsAPIs\src\test\resources\testDataFiles\Schemas\CreationalPeriodsByID_schema.json"".
2023-01-22 22:01:41.112 &amp#27;[32m INFO&amp#27;[m &amp#27;[35m[@503 - main]&amp#27;[m &amp#27;[36mcom.shaft.tools.io.ReportManager&amp#27;[m : File Action "GetAbsolutePath" successfully performed. With the following test data "Relative Folder Path: "C:\eclipse-workspace\MyProjects\TASystemsAPIs\src\test\resources\testDataFiles\Schemas\CreationalPeriodsByID_schema.json"".
2023-01-22 22:01:41.113 &amp#27;[32m INFO&amp#27;[m &amp#27;[35m[@503 - main]&amp#27;[m &amp#27;[36mcom.shaft.tools.io.ReportManager&amp#27;[m : File Action "ReadFile" successfully performed. With the following test data "File Path: "C:\eclipse-workspace\MyProjects\TASystemsAPIs\src\test\resources\testDataFiles\Schemas\CreationalPeriodsByID_schema.json"".
2023-01-22 22:01:41.116 &amp#27;[32m INFO&amp#27;[m &amp#27;[35m[@503 - main]&amp#27;[m &amp#27;[36mcom.shaft.tools.io.ReportManager&amp#27;[m : Successfully created attachment "Validation Test Data - Expected JSON Value"
2023-01-22 22:01:41.117 &amp#27;[32m INFO&amp#27;[m &amp#27;[35m[@503 - main]&amp#27;[m &amp#27;[36mcom.shaft.tools.io.ReportManager&amp#27;[m : Successfully created attachment "Validation Test Data - Actual JSON Value"
2023-01-22 22:01:41.119 &amp#27;[32m INFO&amp#27;[m &amp#27;[35m[@503 - main]&amp#27;[m &amp#27;[36mcom.shaft.tools.io.ReportManager&amp#27;[m : Successfully created attachment "SHAFT Engine Logs - Current Method log: Valid_Get_CreationalPeriod_ByID_Rq_TC"
]]></system-out>
  </testcase>
  <testcase name="Valid_Get_CreationalPeriod_ByID_Rq_TC[[Ljava.lang.Object;@16c35bf9](2)" classname="SteeringCompanyAPI_TestCases.Test_CreationalPeriod_Cases" time="3.751">
    <system-out><![CDATA[2023-01-22 22:01:41.123 &amp#27;[32m INFO&amp#27;[m &amp#27;[35m[@534 - main]&amp#27;[m &amp#27;[36mcom.shaft.tools.io.ReportManager&amp#27;[m : 
################################################################################################################################################
Starting Execution:	"21 out of 83" test cases in the current suite
Test Method:		"SteeringCompanyAPI_TestCases.Test_CreationalPeriod_Cases.Valid_Get_CreationalPeriod_ByID_Rq_TC"
Test Description:	"TC007  -CreationalPeriod-   Perform Get CreationalPeriod API by ID"
################################################################################################################################################
2023-01-22 22:01:41.124 &amp#27;[32m INFO&amp#27;[m &amp#27;[35m[@503 - main]&amp#27;[m &amp#27;[36mcom.shaft.tools.io.ReportManager&amp#27;[m : File Action "DoesFileExist" successfully performed. With the following test data "File Path: "SteeringCompanyAPI_TestData/SteeringCompanyAPI_TestData.xlsx"".
2023-01-22 22:01:41.156 &amp#27;[32m INFO&amp#27;[m &amp#27;[35m[@503 - main]&amp#27;[m &amp#27;[36mcom.shaft.tools.io.ReportManager&amp#27;[m : Successfully created attachment "Test Data - Excel"
2023-01-22 22:01:43.915 &amp#27;[32m INFO&amp#27;[m &amp#27;[35m[@503 - main]&amp#27;[m &amp#27;[36mcom.shaft.tools.io.ReportManager&amp#27;[m : Response status code: "200", status line: "HTTP/1.1 200 OK"
2023-01-22 22:01:43.930 &amp#27;[32m INFO&amp#27;[m &amp#27;[35m[@503 - main]&amp#27;[m &amp#27;[36mcom.shaft.tools.io.ReportManager&amp#27;[m : Successfully created attachment "API Request - Specifications"
2023-01-22 22:01:43.932 &amp#27;[32m INFO&amp#27;[m &amp#27;[35m[@503 - main]&amp#27;[m &amp#27;[36mcom.shaft.tools.io.ReportManager&amp#27;[m : Successfully created attachment "API Request - Body"
2023-01-22 22:01:43.933 &amp#27;[32m INFO&amp#27;[m &amp#27;[35m[@503 - main]&amp#27;[m &amp#27;[36mcom.shaft.tools.io.ReportManager&amp#27;[m : Successfully created attachment "API Response - JSON Body"
2023-01-22 22:01:43.944 &amp#27;[32m INFO&amp#27;[m &amp#27;[35m[@503 - main]&amp#27;[m &amp#27;[36mcom.shaft.tools.io.ReportManager&amp#27;[m : File Action "DoesFileExist" successfully performed. With the following test data "File Path: "SteeringCompanyAPI_TestData/SteeringCompanyAPI_TestData.xlsx"".
2023-01-22 22:01:43.972 &amp#27;[32m INFO&amp#27;[m &amp#27;[35m[@503 - main]&amp#27;[m &amp#27;[36mcom.shaft.tools.io.ReportManager&amp#27;[m : Successfully created attachment "Test Data - Excel"
2023-01-22 22:01:44.840 &amp#27;[32m INFO&amp#27;[m &amp#27;[35m[@503 - main]&amp#27;[m &amp#27;[36mcom.shaft.tools.io.ReportManager&amp#27;[m : Response status code: "200", status line: "HTTP/1.1 200 "
2023-01-22 22:01:44.857 &amp#27;[32m INFO&amp#27;[m &amp#27;[35m[@503 - main]&amp#27;[m &amp#27;[36mcom.shaft.tools.io.ReportManager&amp#27;[m : Successfully created attachment "API Request - Specifications"
2023-01-22 22:01:44.858 &amp#27;[32m INFO&amp#27;[m &amp#27;[35m[@503 - main]&amp#27;[m &amp#27;[36mcom.shaft.tools.io.ReportManager&amp#27;[m : Successfully created attachment "API Response - JSON Body"
2023-01-22 22:01:44.859 &amp#27;[32m INFO&amp#27;[m &amp#27;[35m[@503 - main]&amp#27;[m &amp#27;[36mcom.shaft.tools.io.ReportManager&amp#27;[m : File Action "DoesFileExist" successfully performed. With the following test data "File Path: "Schemas/CreationalPeriodsByID_schema.json"".
2023-01-22 22:01:44.859 &amp#27;[32m INFO&amp#27;[m &amp#27;[35m[@503 - main]&amp#27;[m &amp#27;[36mcom.shaft.tools.io.ReportManager&amp#27;[m : File Action "DoesFileExist" successfully performed. With the following test data "File Path: "src/test/resources/testDataFiles/Schemas/CreationalPeriodsByID_schema.json"".
2023-01-22 22:01:44.859 &amp#27;[32m INFO&amp#27;[m &amp#27;[35m[@503 - main]&amp#27;[m &amp#27;[36mcom.shaft.tools.io.ReportManager&amp#27;[m : File Action "GetAbsolutePath" successfully performed. With the following test data "Relative Folder Path: "src/test/resources/testDataFiles/Schemas/CreationalPeriodsByID_schema.json"".
2023-01-22 22:01:44.864 &amp#27;[32m INFO&amp#27;[m &amp#27;[35m[@503 - main]&amp#27;[m &amp#27;[36mcom.shaft.tools.io.ReportManager&amp#27;[m : File Action "DoesFileExist" successfully performed. With the following test data "File Path: "C:\eclipse-workspace\MyProjects\TASystemsAPIs\src\test\resources\testDataFiles\Schemas\CreationalPeriodsByID_schema.json"".
2023-01-22 22:01:44.865 &amp#27;[32m INFO&amp#27;[m &amp#27;[35m[@503 - main]&amp#27;[m &amp#27;[36mcom.shaft.tools.io.ReportManager&amp#27;[m : File Action "GetAbsolutePath" successfully performed. With the following test data "Relative Folder Path: "C:\eclipse-workspace\MyProjects\TASystemsAPIs\src\test\resources\testDataFiles\Schemas\CreationalPeriodsByID_schema.json"".
2023-01-22 22:01:44.865 &amp#27;[32m INFO&amp#27;[m &amp#27;[35m[@503 - main]&amp#27;[m &amp#27;[36mcom.shaft.tools.io.ReportManager&amp#27;[m : File Action "ReadFile" successfully performed. With the following test data "File Path: "C:\eclipse-workspace\MyProjects\TASystemsAPIs\src\test\resources\testDataFiles\Schemas\CreationalPeriodsByID_schema.json"".
2023-01-22 22:01:44.867 &amp#27;[32m INFO&amp#27;[m &amp#27;[35m[@503 - main]&amp#27;[m &amp#27;[36mcom.shaft.tools.io.ReportManager&amp#27;[m : Successfully created attachment "Validation Test Data - Expected JSON Value"
2023-01-22 22:01:44.869 &amp#27;[32m INFO&amp#27;[m &amp#27;[35m[@503 - main]&amp#27;[m &amp#27;[36mcom.shaft.tools.io.ReportManager&amp#27;[m : Successfully created attachment "Validation Test Data - Actual JSON Value"
2023-01-22 22:01:44.869 &amp#27;[32m INFO&amp#27;[m &amp#27;[35m[@503 - main]&amp#27;[m &amp#27;[36mcom.shaft.tools.io.ReportManager&amp#27;[m : Successfully created attachment "SHAFT Engine Logs - Current Method log: Valid_Get_CreationalPeriod_ByID_Rq_TC"
]]></system-out>
  </testcase>
  <testcase name="Valid_GET_all_cities_Lookups_Rq_TC" classname="SteeringCompanyAPI_TestCases.Test_Lookups_Cases" time="5.612">
    <system-out><![CDATA[2023-01-22 22:01:44.873 &amp#27;[32m INFO&amp#27;[m &amp#27;[35m[@534 - main]&amp#27;[m &amp#27;[36mcom.shaft.tools.io.ReportManager&amp#27;[m : 
################################################################################################################################################
Starting Execution of a Configuration (Setup or Teardown) Method
Test Method:		"SteeringCompanyAPI_TestCases.Test_Lookups_Cases.Setup_data"
################################################################################################################################################
2023-01-22 22:01:44.874 &amp#27;[32m INFO&amp#27;[m &amp#27;[35m[@503 - main]&amp#27;[m &amp#27;[36mcom.shaft.tools.io.ReportManager&amp#27;[m : File Action "DoesFileExist" successfully performed. With the following test data "File Path: "SteeringCompanyAPI_TestData/SteeringCompanyAPI_TestData.xlsx"".
2023-01-22 22:01:44.904 &amp#27;[32m INFO&amp#27;[m &amp#27;[35m[@503 - main]&amp#27;[m &amp#27;[36mcom.shaft.tools.io.ReportManager&amp#27;[m : Successfully created attachment "Test Data - Excel"
2023-01-22 22:01:44.904 &amp#27;[31mERROR&amp#27;[m &amp#27;[35m[@609 - main]&amp#27;[m &amp#27;[36mio.qameta.allure.AllureLifecycle&amp#27;[m : Could not add attachment: no test is running
2023-01-22 22:01:44.906 &amp#27;[32m INFO&amp#27;[m &amp#27;[35m[@503 - main]&amp#27;[m &amp#27;[36mcom.shaft.tools.io.ReportManager&amp#27;[m : Successfully created attachment "SHAFT Engine Logs - Current Method log: Setup_data"
2023-01-22 22:01:44.909 &amp#27;[32m INFO&amp#27;[m &amp#27;[35m[@534 - main]&amp#27;[m &amp#27;[36mcom.shaft.tools.io.ReportManager&amp#27;[m : 
################################################################################################################################################
Starting Execution:	"22 out of 83" test cases in the current suite
Test Method:		"SteeringCompanyAPI_TestCases.Test_Lookups_Cases.Valid_GET_all_cities_Lookups_Rq_TC"
Test Description:	"TC001 - Perform Get all cities API with valid user name and password"
################################################################################################################################################
2023-01-22 22:01:44.910 &amp#27;[32m INFO&amp#27;[m &amp#27;[35m[@503 - main]&amp#27;[m &amp#27;[36mcom.shaft.tools.io.ReportManager&amp#27;[m : File Action "DoesFileExist" successfully performed. With the following test data "File Path: "SteeringCompanyAPI_TestData/SteeringCompanyAPI_TestData.xlsx"".
2023-01-22 22:01:44.938 &amp#27;[32m INFO&amp#27;[m &amp#27;[35m[@503 - main]&amp#27;[m &amp#27;[36mcom.shaft.tools.io.ReportManager&amp#27;[m : Successfully created attachment "Test Data - Excel"
2023-01-22 22:01:49.547 &amp#27;[32m INFO&amp#27;[m &amp#27;[35m[@503 - main]&amp#27;[m &amp#27;[36mcom.shaft.tools.io.ReportManager&amp#27;[m : Response status code: "200", status line: "HTTP/1.1 200 OK"
2023-01-22 22:01:49.561 &amp#27;[32m INFO&amp#27;[m &amp#27;[35m[@503 - main]&amp#27;[m &amp#27;[36mcom.shaft.tools.io.ReportManager&amp#27;[m : Successfully created attachment "API Request - Specifications"
2023-01-22 22:01:49.562 &amp#27;[32m INFO&amp#27;[m &amp#27;[35m[@503 - main]&amp#27;[m &amp#27;[36mcom.shaft.tools.io.ReportManager&amp#27;[m : Successfully created attachment "API Request - Body"
2023-01-22 22:01:49.563 &amp#27;[32m INFO&amp#27;[m &amp#27;[35m[@503 - main]&amp#27;[m &amp#27;[36mcom.shaft.tools.io.ReportManager&amp#27;[m : Successfully created attachment "API Response - JSON Body"
2023-01-22 22:01:49.574 &amp#27;[32m INFO&amp#27;[m &amp#27;[35m[@503 - main]&amp#27;[m &amp#27;[36mcom.shaft.tools.io.ReportManager&amp#27;[m : File Action "DoesFileExist" successfully performed. With the following test data "File Path: "SteeringCompanyAPI_TestData/SteeringCompanyAPI_TestData.xlsx"".
2023-01-22 22:01:49.613 &amp#27;[32m INFO&amp#27;[m &amp#27;[35m[@503 - main]&amp#27;[m &amp#27;[36mcom.shaft.tools.io.ReportManager&amp#27;[m : Successfully created attachment "Test Data - Excel"
2023-01-22 22:01:50.352 &amp#27;[32m INFO&amp#27;[m &amp#27;[35m[@503 - main]&amp#27;[m &amp#27;[36mcom.shaft.tools.io.ReportManager&amp#27;[m : Response status code: "200", status line: "HTTP/1.1 200 "
2023-01-22 22:01:50.375 &amp#27;[32m INFO&amp#27;[m &amp#27;[35m[@503 - main]&amp#27;[m &amp#27;[36mcom.shaft.tools.io.ReportManager&amp#27;[m : Successfully created attachment "API Request - Specifications"
2023-01-22 22:01:50.376 &amp#27;[32m INFO&amp#27;[m &amp#27;[35m[@503 - main]&amp#27;[m &amp#27;[36mcom.shaft.tools.io.ReportManager&amp#27;[m : Successfully created attachment "API Response - JSON Body"
2023-01-22 22:01:50.385 &amp#27;[32m INFO&amp#27;[m &amp#27;[35m[@503 - main]&amp#27;[m &amp#27;[36mcom.shaft.tools.io.ReportManager&amp#27;[m : Successfully created attachment "Validation Test Data - Expected Value"
2023-01-22 22:01:50.386 &amp#27;[32m INFO&amp#27;[m &amp#27;[35m[@503 - main]&amp#27;[m &amp#27;[36mcom.shaft.tools.io.ReportManager&amp#27;[m : Successfully created attachment "Validation Test Data - Actual Value"
2023-01-22 22:01:50.488 &amp#27;[32m INFO&amp#27;[m &amp#27;[35m[@503 - main]&amp#27;[m &amp#27;[36mcom.shaft.tools.io.ReportManager&amp#27;[m : Get response jsonvalue "content".
2023-01-22 22:01:50.489 &amp#27;[32m INFO&amp#27;[m &amp#27;[35m[@503 - main]&amp#27;[m &amp#27;[36mcom.shaft.tools.io.ReportManager&amp#27;[m : Successfully created attachment "Validation Test Data - Expected Value"
2023-01-22 22:01:50.491 &amp#27;[32m INFO&amp#27;[m &amp#27;[35m[@503 - main]&amp#27;[m &amp#27;[36mcom.shaft.tools.io.ReportManager&amp#27;[m : Successfully created attachment "Validation Test Data - Actual Value"
2023-01-22 22:01:50.492 &amp#27;[32m INFO&amp#27;[m &amp#27;[35m[@503 - main]&amp#27;[m &amp#27;[36mcom.shaft.tools.io.ReportManager&amp#27;[m : File Action "DoesFileExist" successfully performed. With the following test data "File Path: "Schemas/Lookups_cities_schema.json"".
2023-01-22 22:01:50.493 &amp#27;[32m INFO&amp#27;[m &amp#27;[35m[@503 - main]&amp#27;[m &amp#27;[36mcom.shaft.tools.io.ReportManager&amp#27;[m : File Action "DoesFileExist" successfully performed. With the following test data "File Path: "src/test/resources/testDataFiles/Schemas/Lookups_cities_schema.json"".
2023-01-22 22:01:50.493 &amp#27;[32m INFO&amp#27;[m &amp#27;[35m[@503 - main]&amp#27;[m &amp#27;[36mcom.shaft.tools.io.ReportManager&amp#27;[m : File Action "GetAbsolutePath" successfully performed. With the following test data "Relative Folder Path: "src/test/resources/testDataFiles/Schemas/Lookups_cities_schema.json"".
2023-01-22 22:01:50.508 &amp#27;[32m INFO&amp#27;[m &amp#27;[35m[@503 - main]&amp#27;[m &amp#27;[36mcom.shaft.tools.io.ReportManager&amp#27;[m : File Action "DoesFileExist" successfully performed. With the following test data "File Path: "C:\eclipse-workspace\MyProjects\TASystemsAPIs\src\test\resources\testDataFiles\Schemas\Lookups_cities_schema.json"".
2023-01-22 22:01:50.509 &amp#27;[32m INFO&amp#27;[m &amp#27;[35m[@503 - main]&amp#27;[m &amp#27;[36mcom.shaft.tools.io.ReportManager&amp#27;[m : File Action "GetAbsolutePath" successfully performed. With the following test data "Relative Folder Path: "C:\eclipse-workspace\MyProjects\TASystemsAPIs\src\test\resources\testDataFiles\Schemas\Lookups_cities_schema.json"".
2023-01-22 22:01:50.509 &amp#27;[32m INFO&amp#27;[m &amp#27;[35m[@503 - main]&amp#27;[m &amp#27;[36mcom.shaft.tools.io.ReportManager&amp#27;[m : File Action "ReadFile" successfully performed. With the following test data "File Path: "C:\eclipse-workspace\MyProjects\TASystemsAPIs\src\test\resources\testDataFiles\Schemas\Lookups_cities_schema.json"".
2023-01-22 22:01:50.513 &amp#27;[32m INFO&amp#27;[m &amp#27;[35m[@503 - main]&amp#27;[m &amp#27;[36mcom.shaft.tools.io.ReportManager&amp#27;[m : Successfully created attachment "Validation Test Data - Expected JSON Value"
2023-01-22 22:01:50.515 &amp#27;[32m INFO&amp#27;[m &amp#27;[35m[@503 - main]&amp#27;[m &amp#27;[36mcom.shaft.tools.io.ReportManager&amp#27;[m : Successfully created attachment "Validation Test Data - Actual JSON Value"
2023-01-22 22:01:50.518 &amp#27;[32m INFO&amp#27;[m &amp#27;[35m[@503 - main]&amp#27;[m &amp#27;[36mcom.shaft.tools.io.ReportManager&amp#27;[m : Successfully created attachment "SHAFT Engine Logs - Current Method log: Valid_GET_all_cities_Lookups_Rq_TC"
]]></system-out>
  </testcase>
  <testcase name="Valid_GET_all_cities_Lookups_by_Qry_Rq_TC" classname="SteeringCompanyAPI_TestCases.Test_Lookups_Cases" time="2.445">
    <system-out><![CDATA[2023-01-22 22:01:50.522 &amp#27;[32m INFO&amp#27;[m &amp#27;[35m[@534 - main]&amp#27;[m &amp#27;[36mcom.shaft.tools.io.ReportManager&amp#27;[m : 
################################################################################################################################################
Starting Execution:	"23 out of 83" test cases in the current suite
Test Method:		"SteeringCompanyAPI_TestCases.Test_Lookups_Cases.Valid_GET_all_cities_Lookups_by_Qry_Rq_TC"
Test Description:	"TC002 - Perform Get all cities API by parameters Qry with valid user name and password and return with token"
################################################################################################################################################
2023-01-22 22:01:50.524 &amp#27;[32m INFO&amp#27;[m &amp#27;[35m[@503 - main]&amp#27;[m &amp#27;[36mcom.shaft.tools.io.ReportManager&amp#27;[m : File Action "DoesFileExist" successfully performed. With the following test data "File Path: "SteeringCompanyAPI_TestData/SteeringCompanyAPI_TestData.xlsx"".
2023-01-22 22:01:50.555 &amp#27;[32m INFO&amp#27;[m &amp#27;[35m[@503 - main]&amp#27;[m &amp#27;[36mcom.shaft.tools.io.ReportManager&amp#27;[m : Successfully created attachment "Test Data - Excel"
2023-01-22 22:01:51.605 &amp#27;[32m INFO&amp#27;[m &amp#27;[35m[@503 - main]&amp#27;[m &amp#27;[36mcom.shaft.tools.io.ReportManager&amp#27;[m : Response status code: "200", status line: "HTTP/1.1 200 OK"
2023-01-22 22:01:51.621 &amp#27;[32m INFO&amp#27;[m &amp#27;[35m[@503 - main]&amp#27;[m &amp#27;[36mcom.shaft.tools.io.ReportManager&amp#27;[m : Successfully created attachment "API Request - Specifications"
2023-01-22 22:01:51.623 &amp#27;[32m INFO&amp#27;[m &amp#27;[35m[@503 - main]&amp#27;[m &amp#27;[36mcom.shaft.tools.io.ReportManager&amp#27;[m : Successfully created attachment "API Request - Body"
2023-01-22 22:01:51.624 &amp#27;[32m INFO&amp#27;[m &amp#27;[35m[@503 - main]&amp#27;[m &amp#27;[36mcom.shaft.tools.io.ReportManager&amp#27;[m : Successfully created attachment "API Response - JSON Body"
2023-01-22 22:01:51.643 &amp#27;[32m INFO&amp#27;[m &amp#27;[35m[@503 - main]&amp#27;[m &amp#27;[36mcom.shaft.tools.io.ReportManager&amp#27;[m : File Action "DoesFileExist" successfully performed. With the following test data "File Path: "SteeringCompanyAPI_TestData/SteeringCompanyAPI_TestData.xlsx"".
2023-01-22 22:01:51.682 &amp#27;[32m INFO&amp#27;[m &amp#27;[35m[@503 - main]&amp#27;[m &amp#27;[36mcom.shaft.tools.io.ReportManager&amp#27;[m : Successfully created attachment "Test Data - Excel"
2023-01-22 22:01:52.925 &amp#27;[32m INFO&amp#27;[m &amp#27;[35m[@503 - main]&amp#27;[m &amp#27;[36mcom.shaft.tools.io.ReportManager&amp#27;[m : Response status code: "200", status line: "HTTP/1.1 200 "
2023-01-22 22:01:52.943 &amp#27;[32m INFO&amp#27;[m &amp#27;[35m[@503 - main]&amp#27;[m &amp#27;[36mcom.shaft.tools.io.ReportManager&amp#27;[m : Successfully created attachment "API Request - Specifications"
2023-01-22 22:01:52.945 &amp#27;[32m INFO&amp#27;[m &amp#27;[35m[@503 - main]&amp#27;[m &amp#27;[36mcom.shaft.tools.io.ReportManager&amp#27;[m : Successfully created attachment "API Response - JSON Body"
2023-01-22 22:01:52.949 &amp#27;[32m INFO&amp#27;[m &amp#27;[35m[@503 - main]&amp#27;[m &amp#27;[36mcom.shaft.tools.io.ReportManager&amp#27;[m : Get response jsonvalue "content".
2023-01-22 22:01:52.949 &amp#27;[32m INFO&amp#27;[m &amp#27;[35m[@503 - main]&amp#27;[m &amp#27;[36mcom.shaft.tools.io.ReportManager&amp#27;[m : File Action "DoesFileExist" successfully performed. With the following test data "File Path: "Schemas/Lookups_cities_schema.json"".
2023-01-22 22:01:52.950 &amp#27;[32m INFO&amp#27;[m &amp#27;[35m[@503 - main]&amp#27;[m &amp#27;[36mcom.shaft.tools.io.ReportManager&amp#27;[m : File Action "DoesFileExist" successfully performed. With the following test data "File Path: "src/test/resources/testDataFiles/Schemas/Lookups_cities_schema.json"".
2023-01-22 22:01:52.951 &amp#27;[32m INFO&amp#27;[m &amp#27;[35m[@503 - main]&amp#27;[m &amp#27;[36mcom.shaft.tools.io.ReportManager&amp#27;[m : File Action "GetAbsolutePath" successfully performed. With the following test data "Relative Folder Path: "src/test/resources/testDataFiles/Schemas/Lookups_cities_schema.json"".
2023-01-22 22:01:52.958 &amp#27;[32m INFO&amp#27;[m &amp#27;[35m[@503 - main]&amp#27;[m &amp#27;[36mcom.shaft.tools.io.ReportManager&amp#27;[m : File Action "DoesFileExist" successfully performed. With the following test data "File Path: "C:\eclipse-workspace\MyProjects\TASystemsAPIs\src\test\resources\testDataFiles\Schemas\Lookups_cities_schema.json"".
2023-01-22 22:01:52.958 &amp#27;[32m INFO&amp#27;[m &amp#27;[35m[@503 - main]&amp#27;[m &amp#27;[36mcom.shaft.tools.io.ReportManager&amp#27;[m : File Action "GetAbsolutePath" successfully performed. With the following test data "Relative Folder Path: "C:\eclipse-workspace\MyProjects\TASystemsAPIs\src\test\resources\testDataFiles\Schemas\Lookups_cities_schema.json"".
2023-01-22 22:01:52.958 &amp#27;[32m INFO&amp#27;[m &amp#27;[35m[@503 - main]&amp#27;[m &amp#27;[36mcom.shaft.tools.io.ReportManager&amp#27;[m : File Action "ReadFile" successfully performed. With the following test data "File Path: "C:\eclipse-workspace\MyProjects\TASystemsAPIs\src\test\resources\testDataFiles\Schemas\Lookups_cities_schema.json"".
2023-01-22 22:01:52.960 &amp#27;[32m INFO&amp#27;[m &amp#27;[35m[@503 - main]&amp#27;[m &amp#27;[36mcom.shaft.tools.io.ReportManager&amp#27;[m : Successfully created attachment "Validation Test Data - Expected JSON Value"
2023-01-22 22:01:52.962 &amp#27;[32m INFO&amp#27;[m &amp#27;[35m[@503 - main]&amp#27;[m &amp#27;[36mcom.shaft.tools.io.ReportManager&amp#27;[m : Successfully created attachment "Validation Test Data - Actual JSON Value"
2023-01-22 22:01:52.964 &amp#27;[32m INFO&amp#27;[m &amp#27;[35m[@503 - main]&amp#27;[m &amp#27;[36mcom.shaft.tools.io.ReportManager&amp#27;[m : Successfully created attachment "SHAFT Engine Logs - Current Method log: Valid_GET_all_cities_Lookups_by_Qry_Rq_TC"
]]></system-out>
  </testcase>
  <testcase name="Get_PeriodProgramTemplate_With_BadRequest_ByID_Rq_TC[[Ljava.lang.Object;@1eb0b74d](1)" classname="SteeringCompanyAPI_TestCases.Test_PeriodProgramTemplate_Cases" time="2.126">
    <system-out><![CDATA[2023-01-22 22:01:52.965 &amp#27;[32m INFO&amp#27;[m &amp#27;[35m[@534 - main]&amp#27;[m &amp#27;[36mcom.shaft.tools.io.ReportManager&amp#27;[m : 
################################################################################################################################################
Starting Execution of a Configuration (Setup or Teardown) Method
Test Method:		"SteeringCompanyAPI_TestCases.Test_PeriodProgramTemplate_Cases.Setup_data"
################################################################################################################################################
2023-01-22 22:01:52.966 &amp#27;[32m INFO&amp#27;[m &amp#27;[35m[@503 - main]&amp#27;[m &amp#27;[36mcom.shaft.tools.io.ReportManager&amp#27;[m : File Action "DoesFileExist" successfully performed. With the following test data "File Path: "SteeringCompanyAPI_TestData/SteeringCompanyAPI_TestData.xlsx"".
2023-01-22 22:01:53.013 &amp#27;[32m INFO&amp#27;[m &amp#27;[35m[@503 - main]&amp#27;[m &amp#27;[36mcom.shaft.tools.io.ReportManager&amp#27;[m : Successfully created attachment "Test Data - Excel"
2023-01-22 22:01:53.013 &amp#27;[32m INFO&amp#27;[m &amp#27;[35m[@503 - main]&amp#27;[m &amp#27;[36mcom.shaft.tools.io.ReportManager&amp#27;[m : File Action "DoesFileExist" successfully performed. With the following test data "File Path: "SteeringCompanyAPI_TestData/SteeringCompanyAPI_TestData.xlsx"".
2023-01-22 22:01:53.077 &amp#27;[32m INFO&amp#27;[m &amp#27;[35m[@503 - main]&amp#27;[m &amp#27;[36mcom.shaft.tools.io.ReportManager&amp#27;[m : Successfully created attachment "Test Data - Excel"
2023-01-22 22:01:53.078 &amp#27;[31mERROR&amp#27;[m &amp#27;[35m[@609 - main]&amp#27;[m &amp#27;[36mio.qameta.allure.AllureLifecycle&amp#27;[m : Could not add attachment: no test is running
2023-01-22 22:01:53.080 &amp#27;[32m INFO&amp#27;[m &amp#27;[35m[@503 - main]&amp#27;[m &amp#27;[36mcom.shaft.tools.io.ReportManager&amp#27;[m : Successfully created attachment "SHAFT Engine Logs - Current Method log: Setup_data"
2023-01-22 22:01:53.085 &amp#27;[32m INFO&amp#27;[m &amp#27;[35m[@534 - main]&amp#27;[m &amp#27;[36mcom.shaft.tools.io.ReportManager&amp#27;[m : 
################################################################################################################################################
Starting Execution:	"24 out of 83" test cases in the current suite
Test Method:		"SteeringCompanyAPI_TestCases.Test_PeriodProgramTemplate_Cases.Get_PeriodProgramTemplate_With_BadRequest_ByID_Rq_TC"
Test Description:	"TC009  -PeriodProgramTemplate-   Perform Get PeriodProgramTemplate API With BadRequest by ID"
################################################################################################################################################
2023-01-22 22:01:53.086 &amp#27;[32m INFO&amp#27;[m &amp#27;[35m[@503 - main]&amp#27;[m &amp#27;[36mcom.shaft.tools.io.ReportManager&amp#27;[m : File Action "DoesFileExist" successfully performed. With the following test data "File Path: "SteeringCompanyAPI_TestData/SteeringCompanyAPI_TestData.xlsx"".
2023-01-22 22:01:53.174 &amp#27;[32m INFO&amp#27;[m &amp#27;[35m[@503 - main]&amp#27;[m &amp#27;[36mcom.shaft.tools.io.ReportManager&amp#27;[m : Successfully created attachment "Test Data - Excel"
2023-01-22 22:01:54.227 &amp#27;[32m INFO&amp#27;[m &amp#27;[35m[@503 - main]&amp#27;[m &amp#27;[36mcom.shaft.tools.io.ReportManager&amp#27;[m : Response status code: "200", status line: "HTTP/1.1 200 OK"
2023-01-22 22:01:54.282 &amp#27;[32m INFO&amp#27;[m &amp#27;[35m[@503 - main]&amp#27;[m &amp#27;[36mcom.shaft.tools.io.ReportManager&amp#27;[m : Successfully created attachment "API Request - Specifications"
2023-01-22 22:01:54.283 &amp#27;[32m INFO&amp#27;[m &amp#27;[35m[@503 - main]&amp#27;[m &amp#27;[36mcom.shaft.tools.io.ReportManager&amp#27;[m : Successfully created attachment "API Request - Body"
2023-01-22 22:01:54.284 &amp#27;[32m INFO&amp#27;[m &amp#27;[35m[@503 - main]&amp#27;[m &amp#27;[36mcom.shaft.tools.io.ReportManager&amp#27;[m : Successfully created attachment "API Response - JSON Body"
2023-01-22 22:01:54.296 &amp#27;[32m INFO&amp#27;[m &amp#27;[35m[@503 - main]&amp#27;[m &amp#27;[36mcom.shaft.tools.io.ReportManager&amp#27;[m : File Action "DoesFileExist" successfully performed. With the following test data "File Path: "SteeringCompanyAPI_TestData/SteeringCompanyAPI_TestData.xlsx"".
2023-01-22 22:01:54.334 &amp#27;[32m INFO&amp#27;[m &amp#27;[35m[@503 - main]&amp#27;[m &amp#27;[36mcom.shaft.tools.io.ReportManager&amp#27;[m : Successfully created attachment "Test Data - Excel"
2023-01-22 22:01:55.184 &amp#27;[32m INFO&amp#27;[m &amp#27;[35m[@503 - main]&amp#27;[m &amp#27;[36mcom.shaft.tools.io.ReportManager&amp#27;[m : Response status code: "400", status line: "HTTP/1.1 400 "
2023-01-22 22:01:55.196 &amp#27;[32m INFO&amp#27;[m &amp#27;[35m[@503 - main]&amp#27;[m &amp#27;[36mcom.shaft.tools.io.ReportManager&amp#27;[m : Successfully created attachment "API Request - Specifications"
2023-01-22 22:01:55.199 &amp#27;[32m INFO&amp#27;[m &amp#27;[35m[@503 - main]&amp#27;[m &amp#27;[36mcom.shaft.tools.io.ReportManager&amp#27;[m : Successfully created attachment "API Response - JSON Body"
2023-01-22 22:01:55.200 &amp#27;[32m INFO&amp#27;[m &amp#27;[35m[@503 - main]&amp#27;[m &amp#27;[36mcom.shaft.tools.io.ReportManager&amp#27;[m : File Action "DoesFileExist" successfully performed. With the following test data "File Path: "Schemas/BadRequestError_schema.json"".
2023-01-22 22:01:55.201 &amp#27;[32m INFO&amp#27;[m &amp#27;[35m[@503 - main]&amp#27;[m &amp#27;[36mcom.shaft.tools.io.ReportManager&amp#27;[m : File Action "DoesFileExist" successfully performed. With the following test data "File Path: "src/test/resources/testDataFiles/Schemas/BadRequestError_schema.json"".
2023-01-22 22:01:55.201 &amp#27;[32m INFO&amp#27;[m &amp#27;[35m[@503 - main]&amp#27;[m &amp#27;[36mcom.shaft.tools.io.ReportManager&amp#27;[m : File Action "GetAbsolutePath" successfully performed. With the following test data "Relative Folder Path: "src/test/resources/testDataFiles/Schemas/BadRequestError_schema.json"".
2023-01-22 22:01:55.203 &amp#27;[32m INFO&amp#27;[m &amp#27;[35m[@503 - main]&amp#27;[m &amp#27;[36mcom.shaft.tools.io.ReportManager&amp#27;[m : File Action "DoesFileExist" successfully performed. With the following test data "File Path: "C:\eclipse-workspace\MyProjects\TASystemsAPIs\src\test\resources\testDataFiles\Schemas\BadRequestError_schema.json"".
2023-01-22 22:01:55.204 &amp#27;[32m INFO&amp#27;[m &amp#27;[35m[@503 - main]&amp#27;[m &amp#27;[36mcom.shaft.tools.io.ReportManager&amp#27;[m : File Action "GetAbsolutePath" successfully performed. With the following test data "Relative Folder Path: "C:\eclipse-workspace\MyProjects\TASystemsAPIs\src\test\resources\testDataFiles\Schemas\BadRequestError_schema.json"".
2023-01-22 22:01:55.204 &amp#27;[32m INFO&amp#27;[m &amp#27;[35m[@503 - main]&amp#27;[m &amp#27;[36mcom.shaft.tools.io.ReportManager&amp#27;[m : File Action "ReadFile" successfully performed. With the following test data "File Path: "C:\eclipse-workspace\MyProjects\TASystemsAPIs\src\test\resources\testDataFiles\Schemas\BadRequestError_schema.json"".
2023-01-22 22:01:55.206 &amp#27;[32m INFO&amp#27;[m &amp#27;[35m[@503 - main]&amp#27;[m &amp#27;[36mcom.shaft.tools.io.ReportManager&amp#27;[m : Successfully created attachment "Validation Test Data - Expected JSON Value"
2023-01-22 22:01:55.207 &amp#27;[32m INFO&amp#27;[m &amp#27;[35m[@503 - main]&amp#27;[m &amp#27;[36mcom.shaft.tools.io.ReportManager&amp#27;[m : Successfully created attachment "Validation Test Data - Actual JSON Value"
2023-01-22 22:01:55.208 &amp#27;[32m INFO&amp#27;[m &amp#27;[35m[@503 - main]&amp#27;[m &amp#27;[36mcom.shaft.tools.io.ReportManager&amp#27;[m : Successfully created attachment "SHAFT Engine Logs - Current Method log: Get_PeriodProgramTemplate_With_BadRequest_ByID_Rq_TC"
]]></system-out>
  </testcase>
  <testcase name="Get_PeriodProgramTemplate_With_BadRequest_ByID_Rq_TC[[Ljava.lang.Object;@6214ea1b](2)" classname="SteeringCompanyAPI_TestCases.Test_PeriodProgramTemplate_Cases" time="2.02">
    <system-out><![CDATA[2023-01-22 22:01:55.211 &amp#27;[32m INFO&amp#27;[m &amp#27;[35m[@534 - main]&amp#27;[m &amp#27;[36mcom.shaft.tools.io.ReportManager&amp#27;[m : 
################################################################################################################################################
Starting Execution:	"25 out of 83" test cases in the current suite
Test Method:		"SteeringCompanyAPI_TestCases.Test_PeriodProgramTemplate_Cases.Get_PeriodProgramTemplate_With_BadRequest_ByID_Rq_TC"
Test Description:	"TC009  -PeriodProgramTemplate-   Perform Get PeriodProgramTemplate API With BadRequest by ID"
################################################################################################################################################
2023-01-22 22:01:55.211 &amp#27;[32m INFO&amp#27;[m &amp#27;[35m[@503 - main]&amp#27;[m &amp#27;[36mcom.shaft.tools.io.ReportManager&amp#27;[m : File Action "DoesFileExist" successfully performed. With the following test data "File Path: "SteeringCompanyAPI_TestData/SteeringCompanyAPI_TestData.xlsx"".
2023-01-22 22:01:55.260 &amp#27;[32m INFO&amp#27;[m &amp#27;[35m[@503 - main]&amp#27;[m &amp#27;[36mcom.shaft.tools.io.ReportManager&amp#27;[m : Successfully created attachment "Test Data - Excel"
2023-01-22 22:01:56.187 &amp#27;[32m INFO&amp#27;[m &amp#27;[35m[@503 - main]&amp#27;[m &amp#27;[36mcom.shaft.tools.io.ReportManager&amp#27;[m : Response status code: "200", status line: "HTTP/1.1 200 OK"
2023-01-22 22:01:56.202 &amp#27;[32m INFO&amp#27;[m &amp#27;[35m[@503 - main]&amp#27;[m &amp#27;[36mcom.shaft.tools.io.ReportManager&amp#27;[m : Successfully created attachment "API Request - Specifications"
2023-01-22 22:01:56.203 &amp#27;[32m INFO&amp#27;[m &amp#27;[35m[@503 - main]&amp#27;[m &amp#27;[36mcom.shaft.tools.io.ReportManager&amp#27;[m : Successfully created attachment "API Request - Body"
2023-01-22 22:01:56.204 &amp#27;[32m INFO&amp#27;[m &amp#27;[35m[@503 - main]&amp#27;[m &amp#27;[36mcom.shaft.tools.io.ReportManager&amp#27;[m : Successfully created attachment "API Response - JSON Body"
2023-01-22 22:01:56.215 &amp#27;[32m INFO&amp#27;[m &amp#27;[35m[@503 - main]&amp#27;[m &amp#27;[36mcom.shaft.tools.io.ReportManager&amp#27;[m : File Action "DoesFileExist" successfully performed. With the following test data "File Path: "SteeringCompanyAPI_TestData/SteeringCompanyAPI_TestData.xlsx"".
2023-01-22 22:01:56.252 &amp#27;[32m INFO&amp#27;[m &amp#27;[35m[@503 - main]&amp#27;[m &amp#27;[36mcom.shaft.tools.io.ReportManager&amp#27;[m : Successfully created attachment "Test Data - Excel"
2023-01-22 22:01:57.165 &amp#27;[32m INFO&amp#27;[m &amp#27;[35m[@503 - main]&amp#27;[m &amp#27;[36mcom.shaft.tools.io.ReportManager&amp#27;[m : Response status code: "400", status line: "HTTP/1.1 400 "
2023-01-22 22:01:57.178 &amp#27;[32m INFO&amp#27;[m &amp#27;[35m[@503 - main]&amp#27;[m &amp#27;[36mcom.shaft.tools.io.ReportManager&amp#27;[m : Successfully created attachment "API Request - Specifications"
2023-01-22 22:01:57.179 &amp#27;[32m INFO&amp#27;[m &amp#27;[35m[@503 - main]&amp#27;[m &amp#27;[36mcom.shaft.tools.io.ReportManager&amp#27;[m : Successfully created attachment "API Response - JSON Body"
2023-01-22 22:01:57.180 &amp#27;[32m INFO&amp#27;[m &amp#27;[35m[@503 - main]&amp#27;[m &amp#27;[36mcom.shaft.tools.io.ReportManager&amp#27;[m : File Action "DoesFileExist" successfully performed. With the following test data "File Path: "Schemas/BadRequestError_schema.json"".
2023-01-22 22:01:57.180 &amp#27;[32m INFO&amp#27;[m &amp#27;[35m[@503 - main]&amp#27;[m &amp#27;[36mcom.shaft.tools.io.ReportManager&amp#27;[m : File Action "DoesFileExist" successfully performed. With the following test data "File Path: "src/test/resources/testDataFiles/Schemas/BadRequestError_schema.json"".
2023-01-22 22:01:57.180 &amp#27;[32m INFO&amp#27;[m &amp#27;[35m[@503 - main]&amp#27;[m &amp#27;[36mcom.shaft.tools.io.ReportManager&amp#27;[m : File Action "GetAbsolutePath" successfully performed. With the following test data "Relative Folder Path: "src/test/resources/testDataFiles/Schemas/BadRequestError_schema.json"".
2023-01-22 22:01:57.183 &amp#27;[32m INFO&amp#27;[m &amp#27;[35m[@503 - main]&amp#27;[m &amp#27;[36mcom.shaft.tools.io.ReportManager&amp#27;[m : File Action "DoesFileExist" successfully performed. With the following test data "File Path: "C:\eclipse-workspace\MyProjects\TASystemsAPIs\src\test\resources\testDataFiles\Schemas\BadRequestError_schema.json"".
2023-01-22 22:01:57.183 &amp#27;[32m INFO&amp#27;[m &amp#27;[35m[@503 - main]&amp#27;[m &amp#27;[36mcom.shaft.tools.io.ReportManager&amp#27;[m : File Action "GetAbsolutePath" successfully performed. With the following test data "Relative Folder Path: "C:\eclipse-workspace\MyProjects\TASystemsAPIs\src\test\resources\testDataFiles\Schemas\BadRequestError_schema.json"".
2023-01-22 22:01:57.184 &amp#27;[32m INFO&amp#27;[m &amp#27;[35m[@503 - main]&amp#27;[m &amp#27;[36mcom.shaft.tools.io.ReportManager&amp#27;[m : File Action "ReadFile" successfully performed. With the following test data "File Path: "C:\eclipse-workspace\MyProjects\TASystemsAPIs\src\test\resources\testDataFiles\Schemas\BadRequestError_schema.json"".
2023-01-22 22:01:57.186 &amp#27;[32m INFO&amp#27;[m &amp#27;[35m[@503 - main]&amp#27;[m &amp#27;[36mcom.shaft.tools.io.ReportManager&amp#27;[m : Successfully created attachment "Validation Test Data - Expected JSON Value"
2023-01-22 22:01:57.187 &amp#27;[32m INFO&amp#27;[m &amp#27;[35m[@503 - main]&amp#27;[m &amp#27;[36mcom.shaft.tools.io.ReportManager&amp#27;[m : Successfully created attachment "Validation Test Data - Actual JSON Value"
2023-01-22 22:01:57.227 &amp#27;[32m INFO&amp#27;[m &amp#27;[35m[@503 - main]&amp#27;[m &amp#27;[36mcom.shaft.tools.io.ReportManager&amp#27;[m : Successfully created attachment "SHAFT Engine Logs - Current Method log: Get_PeriodProgramTemplate_With_BadRequest_ByID_Rq_TC"
]]></system-out>
  </testcase>
  <testcase name="Get_PeriodProgramTemplate_With_NotFound_ByID_Rq_TC[[Ljava.lang.Object;@3e55565b](1)" classname="SteeringCompanyAPI_TestCases.Test_PeriodProgramTemplate_Cases" time="2.008">
    <system-out><![CDATA[2023-01-22 22:01:57.233 &amp#27;[32m INFO&amp#27;[m &amp#27;[35m[@534 - main]&amp#27;[m &amp#27;[36mcom.shaft.tools.io.ReportManager&amp#27;[m : 
################################################################################################################################################
Starting Execution:	"26 out of 83" test cases in the current suite
Test Method:		"SteeringCompanyAPI_TestCases.Test_PeriodProgramTemplate_Cases.Get_PeriodProgramTemplate_With_NotFound_ByID_Rq_TC"
Test Description:	"TC008  -PeriodProgramTemplate-   Perform Get PeriodProgramTemplate API With NotFound by ID"
################################################################################################################################################
2023-01-22 22:01:57.233 &amp#27;[32m INFO&amp#27;[m &amp#27;[35m[@503 - main]&amp#27;[m &amp#27;[36mcom.shaft.tools.io.ReportManager&amp#27;[m : File Action "DoesFileExist" successfully performed. With the following test data "File Path: "SteeringCompanyAPI_TestData/SteeringCompanyAPI_TestData.xlsx"".
2023-01-22 22:01:57.274 &amp#27;[32m INFO&amp#27;[m &amp#27;[35m[@503 - main]&amp#27;[m &amp#27;[36mcom.shaft.tools.io.ReportManager&amp#27;[m : Successfully created attachment "Test Data - Excel"
2023-01-22 22:01:58.253 &amp#27;[32m INFO&amp#27;[m &amp#27;[35m[@503 - main]&amp#27;[m &amp#27;[36mcom.shaft.tools.io.ReportManager&amp#27;[m : Response status code: "200", status line: "HTTP/1.1 200 OK"
2023-01-22 22:01:58.269 &amp#27;[32m INFO&amp#27;[m &amp#27;[35m[@503 - main]&amp#27;[m &amp#27;[36mcom.shaft.tools.io.ReportManager&amp#27;[m : Successfully created attachment "API Request - Specifications"
2023-01-22 22:01:58.270 &amp#27;[32m INFO&amp#27;[m &amp#27;[35m[@503 - main]&amp#27;[m &amp#27;[36mcom.shaft.tools.io.ReportManager&amp#27;[m : Successfully created attachment "API Request - Body"
2023-01-22 22:01:58.271 &amp#27;[32m INFO&amp#27;[m &amp#27;[35m[@503 - main]&amp#27;[m &amp#27;[36mcom.shaft.tools.io.ReportManager&amp#27;[m : Successfully created attachment "API Response - JSON Body"
2023-01-22 22:01:58.288 &amp#27;[32m INFO&amp#27;[m &amp#27;[35m[@503 - main]&amp#27;[m &amp#27;[36mcom.shaft.tools.io.ReportManager&amp#27;[m : File Action "DoesFileExist" successfully performed. With the following test data "File Path: "SteeringCompanyAPI_TestData/SteeringCompanyAPI_TestData.xlsx"".
2023-01-22 22:01:58.322 &amp#27;[32m INFO&amp#27;[m &amp#27;[35m[@503 - main]&amp#27;[m &amp#27;[36mcom.shaft.tools.io.ReportManager&amp#27;[m : Successfully created attachment "Test Data - Excel"
2023-01-22 22:01:59.212 &amp#27;[32m INFO&amp#27;[m &amp#27;[35m[@503 - main]&amp#27;[m &amp#27;[36mcom.shaft.tools.io.ReportManager&amp#27;[m : Response status code: "404", status line: "HTTP/1.1 404 "
2023-01-22 22:01:59.227 &amp#27;[32m INFO&amp#27;[m &amp#27;[35m[@503 - main]&amp#27;[m &amp#27;[36mcom.shaft.tools.io.ReportManager&amp#27;[m : Successfully created attachment "API Request - Specifications"
2023-01-22 22:01:59.228 &amp#27;[32m INFO&amp#27;[m &amp#27;[35m[@503 - main]&amp#27;[m &amp#27;[36mcom.shaft.tools.io.ReportManager&amp#27;[m : Successfully created attachment "API Response - JSON Body"
2023-01-22 22:01:59.229 &amp#27;[32m INFO&amp#27;[m &amp#27;[35m[@503 - main]&amp#27;[m &amp#27;[36mcom.shaft.tools.io.ReportManager&amp#27;[m : File Action "DoesFileExist" successfully performed. With the following test data "File Path: "Schemas/NotFoundError_schema.json"".
2023-01-22 22:01:59.229 &amp#27;[32m INFO&amp#27;[m &amp#27;[35m[@503 - main]&amp#27;[m &amp#27;[36mcom.shaft.tools.io.ReportManager&amp#27;[m : File Action "DoesFileExist" successfully performed. With the following test data "File Path: "src/test/resources/testDataFiles/Schemas/NotFoundError_schema.json"".
2023-01-22 22:01:59.229 &amp#27;[32m INFO&amp#27;[m &amp#27;[35m[@503 - main]&amp#27;[m &amp#27;[36mcom.shaft.tools.io.ReportManager&amp#27;[m : File Action "GetAbsolutePath" successfully performed. With the following test data "Relative Folder Path: "src/test/resources/testDataFiles/Schemas/NotFoundError_schema.json"".
2023-01-22 22:01:59.231 &amp#27;[32m INFO&amp#27;[m &amp#27;[35m[@503 - main]&amp#27;[m &amp#27;[36mcom.shaft.tools.io.ReportManager&amp#27;[m : File Action "DoesFileExist" successfully performed. With the following test data "File Path: "C:\eclipse-workspace\MyProjects\TASystemsAPIs\src\test\resources\testDataFiles\Schemas\NotFoundError_schema.json"".
2023-01-22 22:01:59.232 &amp#27;[32m INFO&amp#27;[m &amp#27;[35m[@503 - main]&amp#27;[m &amp#27;[36mcom.shaft.tools.io.ReportManager&amp#27;[m : File Action "GetAbsolutePath" successfully performed. With the following test data "Relative Folder Path: "C:\eclipse-workspace\MyProjects\TASystemsAPIs\src\test\resources\testDataFiles\Schemas\NotFoundError_schema.json"".
2023-01-22 22:01:59.232 &amp#27;[32m INFO&amp#27;[m &amp#27;[35m[@503 - main]&amp#27;[m &amp#27;[36mcom.shaft.tools.io.ReportManager&amp#27;[m : File Action "ReadFile" successfully performed. With the following test data "File Path: "C:\eclipse-workspace\MyProjects\TASystemsAPIs\src\test\resources\testDataFiles\Schemas\NotFoundError_schema.json"".
2023-01-22 22:01:59.234 &amp#27;[32m INFO&amp#27;[m &amp#27;[35m[@503 - main]&amp#27;[m &amp#27;[36mcom.shaft.tools.io.ReportManager&amp#27;[m : Successfully created attachment "Validation Test Data - Expected JSON Value"
2023-01-22 22:01:59.235 &amp#27;[32m INFO&amp#27;[m &amp#27;[35m[@503 - main]&amp#27;[m &amp#27;[36mcom.shaft.tools.io.ReportManager&amp#27;[m : Successfully created attachment "Validation Test Data - Actual JSON Value"
2023-01-22 22:01:59.237 &amp#27;[32m INFO&amp#27;[m &amp#27;[35m[@503 - main]&amp#27;[m &amp#27;[36mcom.shaft.tools.io.ReportManager&amp#27;[m : Successfully created attachment "SHAFT Engine Logs - Current Method log: Get_PeriodProgramTemplate_With_NotFound_ByID_Rq_TC"
]]></system-out>
  </testcase>
  <testcase name="Invalid_GET_PeriodProgramTemplate_ByID_with_invalid_Token_TC" classname="SteeringCompanyAPI_TestCases.Test_PeriodProgramTemplate_Cases" time="2.092">
    <system-out><![CDATA[2023-01-22 22:01:59.240 &amp#27;[32m INFO&amp#27;[m &amp#27;[35m[@534 - main]&amp#27;[m &amp#27;[36mcom.shaft.tools.io.ReportManager&amp#27;[m : 
################################################################################################################################################
Starting Execution:	"27 out of 83" test cases in the current suite
Test Method:		"SteeringCompanyAPI_TestCases.Test_PeriodProgramTemplate_Cases.Invalid_GET_PeriodProgramTemplate_ByID_with_invalid_Token_TC"
Test Description:	"TC006 -PeriodProgramTemplate-  Perform Get all PeriodProgramTemplate API with invalid or expired Token"
################################################################################################################################################
2023-01-22 22:01:59.241 &amp#27;[32m INFO&amp#27;[m &amp#27;[35m[@503 - main]&amp#27;[m &amp#27;[36mcom.shaft.tools.io.ReportManager&amp#27;[m : File Action "DoesFileExist" successfully performed. With the following test data "File Path: "SteeringCompanyAPI_TestData/SteeringCompanyAPI_TestData.xlsx"".
2023-01-22 22:01:59.272 &amp#27;[32m INFO&amp#27;[m &amp#27;[35m[@503 - main]&amp#27;[m &amp#27;[36mcom.shaft.tools.io.ReportManager&amp#27;[m : Successfully created attachment "Test Data - Excel"
2023-01-22 22:02:00.298 &amp#27;[32m INFO&amp#27;[m &amp#27;[35m[@503 - main]&amp#27;[m &amp#27;[36mcom.shaft.tools.io.ReportManager&amp#27;[m : Response status code: "200", status line: "HTTP/1.1 200 OK"
2023-01-22 22:02:00.316 &amp#27;[32m INFO&amp#27;[m &amp#27;[35m[@503 - main]&amp#27;[m &amp#27;[36mcom.shaft.tools.io.ReportManager&amp#27;[m : Successfully created attachment "API Request - Specifications"
2023-01-22 22:02:00.317 &amp#27;[32m INFO&amp#27;[m &amp#27;[35m[@503 - main]&amp#27;[m &amp#27;[36mcom.shaft.tools.io.ReportManager&amp#27;[m : Successfully created attachment "API Request - Body"
2023-01-22 22:02:00.318 &amp#27;[32m INFO&amp#27;[m &amp#27;[35m[@503 - main]&amp#27;[m &amp#27;[36mcom.shaft.tools.io.ReportManager&amp#27;[m : Successfully created attachment "API Response - JSON Body"
2023-01-22 22:02:00.318 &amp#27;[32m INFO&amp#27;[m &amp#27;[35m[@503 - main]&amp#27;[m &amp#27;[36mcom.shaft.tools.io.ReportManager&amp#27;[m : File Action "DoesFileExist" successfully performed. With the following test data "File Path: "SteeringCompanyAPI_TestData/SteeringCompanyAPI_TestData.xlsx"".
2023-01-22 22:02:00.359 &amp#27;[32m INFO&amp#27;[m &amp#27;[35m[@503 - main]&amp#27;[m &amp#27;[36mcom.shaft.tools.io.ReportManager&amp#27;[m : Successfully created attachment "Test Data - Excel"
2023-01-22 22:02:01.325 &amp#27;[32m INFO&amp#27;[m &amp#27;[35m[@503 - main]&amp#27;[m &amp#27;[36mcom.shaft.tools.io.ReportManager&amp#27;[m : Response status code: "401", status line: "HTTP/1.1 401 "
2023-01-22 22:02:01.327 &amp#27;[32m INFO&amp#27;[m &amp#27;[35m[@503 - main]&amp#27;[m &amp#27;[36mcom.shaft.tools.io.ReportManager&amp#27;[m : Successfully created attachment "API Request - Specifications"
2023-01-22 22:02:01.328 &amp#27;[32m INFO&amp#27;[m &amp#27;[35m[@503 - main]&amp#27;[m &amp#27;[36mcom.shaft.tools.io.ReportManager&amp#27;[m : Successfully created attachment "API Response - JSON Body"
2023-01-22 22:02:01.329 &amp#27;[32m INFO&amp#27;[m &amp#27;[35m[@503 - main]&amp#27;[m &amp#27;[36mcom.shaft.tools.io.ReportManager&amp#27;[m : Successfully created attachment "SHAFT Engine Logs - Current Method log: Invalid_GET_PeriodProgramTemplate_ByID_with_invalid_Token_TC"
]]></system-out>
  </testcase>
  <testcase name="Invalid_GET_PeriodProgramTemplate_ByID_with_missing_Token_TC" classname="SteeringCompanyAPI_TestCases.Test_PeriodProgramTemplate_Cases" time="1.862">
    <system-out><![CDATA[2023-01-22 22:02:01.332 &amp#27;[32m INFO&amp#27;[m &amp#27;[35m[@534 - main]&amp#27;[m &amp#27;[36mcom.shaft.tools.io.ReportManager&amp#27;[m : 
################################################################################################################################################
Starting Execution:	"28 out of 83" test cases in the current suite
Test Method:		"SteeringCompanyAPI_TestCases.Test_PeriodProgramTemplate_Cases.Invalid_GET_PeriodProgramTemplate_ByID_with_missing_Token_TC"
Test Description:	"TC004  -PeriodProgramTemplate-   Perform Get PeriodProgramTemplate by ID with missing Token"
################################################################################################################################################
2023-01-22 22:02:01.332 &amp#27;[32m INFO&amp#27;[m &amp#27;[35m[@503 - main]&amp#27;[m &amp#27;[36mcom.shaft.tools.io.ReportManager&amp#27;[m : File Action "DoesFileExist" successfully performed. With the following test data "File Path: "SteeringCompanyAPI_TestData/SteeringCompanyAPI_TestData.xlsx"".
2023-01-22 22:02:01.360 &amp#27;[32m INFO&amp#27;[m &amp#27;[35m[@503 - main]&amp#27;[m &amp#27;[36mcom.shaft.tools.io.ReportManager&amp#27;[m : Successfully created attachment "Test Data - Excel"
2023-01-22 22:02:02.305 &amp#27;[32m INFO&amp#27;[m &amp#27;[35m[@503 - main]&amp#27;[m &amp#27;[36mcom.shaft.tools.io.ReportManager&amp#27;[m : Response status code: "200", status line: "HTTP/1.1 200 OK"
2023-01-22 22:02:02.323 &amp#27;[32m INFO&amp#27;[m &amp#27;[35m[@503 - main]&amp#27;[m &amp#27;[36mcom.shaft.tools.io.ReportManager&amp#27;[m : Successfully created attachment "API Request - Specifications"
2023-01-22 22:02:02.325 &amp#27;[32m INFO&amp#27;[m &amp#27;[35m[@503 - main]&amp#27;[m &amp#27;[36mcom.shaft.tools.io.ReportManager&amp#27;[m : Successfully created attachment "API Request - Body"
2023-01-22 22:02:02.326 &amp#27;[32m INFO&amp#27;[m &amp#27;[35m[@503 - main]&amp#27;[m &amp#27;[36mcom.shaft.tools.io.ReportManager&amp#27;[m : Successfully created attachment "API Response - JSON Body"
2023-01-22 22:02:02.326 &amp#27;[32m INFO&amp#27;[m &amp#27;[35m[@503 - main]&amp#27;[m &amp#27;[36mcom.shaft.tools.io.ReportManager&amp#27;[m : File Action "DoesFileExist" successfully performed. With the following test data "File Path: "SteeringCompanyAPI_TestData/SteeringCompanyAPI_TestData.xlsx"".
2023-01-22 22:02:02.354 &amp#27;[32m INFO&amp#27;[m &amp#27;[35m[@503 - main]&amp#27;[m &amp#27;[36mcom.shaft.tools.io.ReportManager&amp#27;[m : Successfully created attachment "Test Data - Excel"
2023-01-22 22:02:03.165 &amp#27;[32m INFO&amp#27;[m &amp#27;[35m[@503 - main]&amp#27;[m &amp#27;[36mcom.shaft.tools.io.ReportManager&amp#27;[m : Response status code: "401", status line: "HTTP/1.1 401 "
2023-01-22 22:02:03.178 &amp#27;[32m INFO&amp#27;[m &amp#27;[35m[@503 - main]&amp#27;[m &amp#27;[36mcom.shaft.tools.io.ReportManager&amp#27;[m : Successfully created attachment "API Request - Specifications"
2023-01-22 22:02:03.180 &amp#27;[32m INFO&amp#27;[m &amp#27;[35m[@503 - main]&amp#27;[m &amp#27;[36mcom.shaft.tools.io.ReportManager&amp#27;[m : Successfully created attachment "API Response - JSON Body"
2023-01-22 22:02:03.181 &amp#27;[32m INFO&amp#27;[m &amp#27;[35m[@503 - main]&amp#27;[m &amp#27;[36mcom.shaft.tools.io.ReportManager&amp#27;[m : File Action "DoesFileExist" successfully performed. With the following test data "File Path: "Schemas/InvalidTokenRequest_Unauthorized_schema.json"".
2023-01-22 22:02:03.182 &amp#27;[32m INFO&amp#27;[m &amp#27;[35m[@503 - main]&amp#27;[m &amp#27;[36mcom.shaft.tools.io.ReportManager&amp#27;[m : File Action "DoesFileExist" successfully performed. With the following test data "File Path: "src/test/resources/testDataFiles/Schemas/InvalidTokenRequest_Unauthorized_schema.json"".
2023-01-22 22:02:03.182 &amp#27;[32m INFO&amp#27;[m &amp#27;[35m[@503 - main]&amp#27;[m &amp#27;[36mcom.shaft.tools.io.ReportManager&amp#27;[m : File Action "GetAbsolutePath" successfully performed. With the following test data "Relative Folder Path: "src/test/resources/testDataFiles/Schemas/InvalidTokenRequest_Unauthorized_schema.json"".
2023-01-22 22:02:03.185 &amp#27;[32m INFO&amp#27;[m &amp#27;[35m[@503 - main]&amp#27;[m &amp#27;[36mcom.shaft.tools.io.ReportManager&amp#27;[m : File Action "DoesFileExist" successfully performed. With the following test data "File Path: "C:\eclipse-workspace\MyProjects\TASystemsAPIs\src\test\resources\testDataFiles\Schemas\InvalidTokenRequest_Unauthorized_schema.json"".
2023-01-22 22:02:03.185 &amp#27;[32m INFO&amp#27;[m &amp#27;[35m[@503 - main]&amp#27;[m &amp#27;[36mcom.shaft.tools.io.ReportManager&amp#27;[m : File Action "GetAbsolutePath" successfully performed. With the following test data "Relative Folder Path: "C:\eclipse-workspace\MyProjects\TASystemsAPIs\src\test\resources\testDataFiles\Schemas\InvalidTokenRequest_Unauthorized_schema.json"".
2023-01-22 22:02:03.186 &amp#27;[32m INFO&amp#27;[m &amp#27;[35m[@503 - main]&amp#27;[m &amp#27;[36mcom.shaft.tools.io.ReportManager&amp#27;[m : File Action "ReadFile" successfully performed. With the following test data "File Path: "C:\eclipse-workspace\MyProjects\TASystemsAPIs\src\test\resources\testDataFiles\Schemas\InvalidTokenRequest_Unauthorized_schema.json"".
2023-01-22 22:02:03.188 &amp#27;[32m INFO&amp#27;[m &amp#27;[35m[@503 - main]&amp#27;[m &amp#27;[36mcom.shaft.tools.io.ReportManager&amp#27;[m : Successfully created attachment "Validation Test Data - Expected JSON Value"
2023-01-22 22:02:03.189 &amp#27;[32m INFO&amp#27;[m &amp#27;[35m[@503 - main]&amp#27;[m &amp#27;[36mcom.shaft.tools.io.ReportManager&amp#27;[m : Successfully created attachment "Validation Test Data - Actual JSON Value"
2023-01-22 22:02:03.190 &amp#27;[32m INFO&amp#27;[m &amp#27;[35m[@503 - main]&amp#27;[m &amp#27;[36mcom.shaft.tools.io.ReportManager&amp#27;[m : Successfully created attachment "SHAFT Engine Logs - Current Method log: Invalid_GET_PeriodProgramTemplate_ByID_with_missing_Token_TC"
]]></system-out>
  </testcase>
  <testcase name="Invalid_GET_all_PeriodProgramTemplate_with_invalid_Token_TC" classname="SteeringCompanyAPI_TestCases.Test_PeriodProgramTemplate_Cases" time="2.135">
    <system-out><![CDATA[2023-01-22 22:02:03.194 &amp#27;[32m INFO&amp#27;[m &amp#27;[35m[@534 - main]&amp#27;[m &amp#27;[36mcom.shaft.tools.io.ReportManager&amp#27;[m : 
################################################################################################################################################
Starting Execution:	"29 out of 83" test cases in the current suite
Test Method:		"SteeringCompanyAPI_TestCases.Test_PeriodProgramTemplate_Cases.Invalid_GET_all_PeriodProgramTemplate_with_invalid_Token_TC"
Test Description:	"TC005 -PeriodProgramTemplate-  Perform Get all PeriodProgramTemplate API with invalid or expired Token"
################################################################################################################################################
2023-01-22 22:02:03.195 &amp#27;[32m INFO&amp#27;[m &amp#27;[35m[@503 - main]&amp#27;[m &amp#27;[36mcom.shaft.tools.io.ReportManager&amp#27;[m : File Action "DoesFileExist" successfully performed. With the following test data "File Path: "SteeringCompanyAPI_TestData/SteeringCompanyAPI_TestData.xlsx"".
2023-01-22 22:02:03.224 &amp#27;[32m INFO&amp#27;[m &amp#27;[35m[@503 - main]&amp#27;[m &amp#27;[36mcom.shaft.tools.io.ReportManager&amp#27;[m : Successfully created attachment "Test Data - Excel"
2023-01-22 22:02:04.231 &amp#27;[32m INFO&amp#27;[m &amp#27;[35m[@503 - main]&amp#27;[m &amp#27;[36mcom.shaft.tools.io.ReportManager&amp#27;[m : Response status code: "200", status line: "HTTP/1.1 200 OK"
2023-01-22 22:02:04.247 &amp#27;[32m INFO&amp#27;[m &amp#27;[35m[@503 - main]&amp#27;[m &amp#27;[36mcom.shaft.tools.io.ReportManager&amp#27;[m : Successfully created attachment "API Request - Specifications"
2023-01-22 22:02:04.248 &amp#27;[32m INFO&amp#27;[m &amp#27;[35m[@503 - main]&amp#27;[m &amp#27;[36mcom.shaft.tools.io.ReportManager&amp#27;[m : Successfully created attachment "API Request - Body"
2023-01-22 22:02:04.250 &amp#27;[32m INFO&amp#27;[m &amp#27;[35m[@503 - main]&amp#27;[m &amp#27;[36mcom.shaft.tools.io.ReportManager&amp#27;[m : Successfully created attachment "API Response - JSON Body"
2023-01-22 22:02:04.250 &amp#27;[32m INFO&amp#27;[m &amp#27;[35m[@503 - main]&amp#27;[m &amp#27;[36mcom.shaft.tools.io.ReportManager&amp#27;[m : File Action "DoesFileExist" successfully performed. With the following test data "File Path: "SteeringCompanyAPI_TestData/SteeringCompanyAPI_TestData.xlsx"".
2023-01-22 22:02:04.312 &amp#27;[32m INFO&amp#27;[m &amp#27;[35m[@503 - main]&amp#27;[m &amp#27;[36mcom.shaft.tools.io.ReportManager&amp#27;[m : Successfully created attachment "Test Data - Excel"
2023-01-22 22:02:05.318 &amp#27;[32m INFO&amp#27;[m &amp#27;[35m[@503 - main]&amp#27;[m &amp#27;[36mcom.shaft.tools.io.ReportManager&amp#27;[m : Response status code: "401", status line: "HTTP/1.1 401 "
2023-01-22 22:02:05.321 &amp#27;[32m INFO&amp#27;[m &amp#27;[35m[@503 - main]&amp#27;[m &amp#27;[36mcom.shaft.tools.io.ReportManager&amp#27;[m : Successfully created attachment "API Request - Specifications"
2023-01-22 22:02:05.323 &amp#27;[32m INFO&amp#27;[m &amp#27;[35m[@503 - main]&amp#27;[m &amp#27;[36mcom.shaft.tools.io.ReportManager&amp#27;[m : Successfully created attachment "API Response - JSON Body"
2023-01-22 22:02:05.326 &amp#27;[32m INFO&amp#27;[m &amp#27;[35m[@503 - main]&amp#27;[m &amp#27;[36mcom.shaft.tools.io.ReportManager&amp#27;[m : Successfully created attachment "SHAFT Engine Logs - Current Method log: Invalid_GET_all_PeriodProgramTemplate_with_invalid_Token_TC"
]]></system-out>
  </testcase>
  <testcase name="Invalid_GET_all_PeriodProgramTemplate_with_missing_Token_TC" classname="SteeringCompanyAPI_TestCases.Test_PeriodProgramTemplate_Cases" time="1.964">
    <system-out><![CDATA[2023-01-22 22:02:05.330 &amp#27;[32m INFO&amp#27;[m &amp#27;[35m[@534 - main]&amp#27;[m &amp#27;[36mcom.shaft.tools.io.ReportManager&amp#27;[m : 
################################################################################################################################################
Starting Execution:	"30 out of 83" test cases in the current suite
Test Method:		"SteeringCompanyAPI_TestCases.Test_PeriodProgramTemplate_Cases.Invalid_GET_all_PeriodProgramTemplate_with_missing_Token_TC"
Test Description:	"TC003  -PeriodProgramTemplate-   Perform Get all PeriodProgramTemplate API with missing Token"
################################################################################################################################################
2023-01-22 22:02:05.330 &amp#27;[32m INFO&amp#27;[m &amp#27;[35m[@503 - main]&amp#27;[m &amp#27;[36mcom.shaft.tools.io.ReportManager&amp#27;[m : File Action "DoesFileExist" successfully performed. With the following test data "File Path: "SteeringCompanyAPI_TestData/SteeringCompanyAPI_TestData.xlsx"".
2023-01-22 22:02:05.364 &amp#27;[32m INFO&amp#27;[m &amp#27;[35m[@503 - main]&amp#27;[m &amp#27;[36mcom.shaft.tools.io.ReportManager&amp#27;[m : Successfully created attachment "Test Data - Excel"
2023-01-22 22:02:06.373 &amp#27;[32m INFO&amp#27;[m &amp#27;[35m[@503 - main]&amp#27;[m &amp#27;[36mcom.shaft.tools.io.ReportManager&amp#27;[m : Response status code: "200", status line: "HTTP/1.1 200 OK"
2023-01-22 22:02:06.389 &amp#27;[32m INFO&amp#27;[m &amp#27;[35m[@503 - main]&amp#27;[m &amp#27;[36mcom.shaft.tools.io.ReportManager&amp#27;[m : Successfully created attachment "API Request - Specifications"
2023-01-22 22:02:06.390 &amp#27;[32m INFO&amp#27;[m &amp#27;[35m[@503 - main]&amp#27;[m &amp#27;[36mcom.shaft.tools.io.ReportManager&amp#27;[m : Successfully created attachment "API Request - Body"
2023-01-22 22:02:06.392 &amp#27;[32m INFO&amp#27;[m &amp#27;[35m[@503 - main]&amp#27;[m &amp#27;[36mcom.shaft.tools.io.ReportManager&amp#27;[m : Successfully created attachment "API Response - JSON Body"
2023-01-22 22:02:06.392 &amp#27;[32m INFO&amp#27;[m &amp#27;[35m[@503 - main]&amp#27;[m &amp#27;[36mcom.shaft.tools.io.ReportManager&amp#27;[m : File Action "DoesFileExist" successfully performed. With the following test data "File Path: "SteeringCompanyAPI_TestData/SteeringCompanyAPI_TestData.xlsx"".
2023-01-22 22:02:06.420 &amp#27;[32m INFO&amp#27;[m &amp#27;[35m[@503 - main]&amp#27;[m &amp#27;[36mcom.shaft.tools.io.ReportManager&amp#27;[m : Successfully created attachment "Test Data - Excel"
2023-01-22 22:02:07.265 &amp#27;[32m INFO&amp#27;[m &amp#27;[35m[@503 - main]&amp#27;[m &amp#27;[36mcom.shaft.tools.io.ReportManager&amp#27;[m : Response status code: "401", status line: "HTTP/1.1 401 "
2023-01-22 22:02:07.281 &amp#27;[32m INFO&amp#27;[m &amp#27;[35m[@503 - main]&amp#27;[m &amp#27;[36mcom.shaft.tools.io.ReportManager&amp#27;[m : Successfully created attachment "API Request - Specifications"
2023-01-22 22:02:07.282 &amp#27;[32m INFO&amp#27;[m &amp#27;[35m[@503 - main]&amp#27;[m &amp#27;[36mcom.shaft.tools.io.ReportManager&amp#27;[m : Successfully created attachment "API Response - JSON Body"
2023-01-22 22:02:07.284 &amp#27;[32m INFO&amp#27;[m &amp#27;[35m[@503 - main]&amp#27;[m &amp#27;[36mcom.shaft.tools.io.ReportManager&amp#27;[m : File Action "DoesFileExist" successfully performed. With the following test data "File Path: "Schemas/InvalidTokenRequest_Unauthorized_schema.json"".
2023-01-22 22:02:07.284 &amp#27;[32m INFO&amp#27;[m &amp#27;[35m[@503 - main]&amp#27;[m &amp#27;[36mcom.shaft.tools.io.ReportManager&amp#27;[m : File Action "DoesFileExist" successfully performed. With the following test data "File Path: "src/test/resources/testDataFiles/Schemas/InvalidTokenRequest_Unauthorized_schema.json"".
2023-01-22 22:02:07.284 &amp#27;[32m INFO&amp#27;[m &amp#27;[35m[@503 - main]&amp#27;[m &amp#27;[36mcom.shaft.tools.io.ReportManager&amp#27;[m : File Action "GetAbsolutePath" successfully performed. With the following test data "Relative Folder Path: "src/test/resources/testDataFiles/Schemas/InvalidTokenRequest_Unauthorized_schema.json"".
2023-01-22 22:02:07.288 &amp#27;[32m INFO&amp#27;[m &amp#27;[35m[@503 - main]&amp#27;[m &amp#27;[36mcom.shaft.tools.io.ReportManager&amp#27;[m : File Action "DoesFileExist" successfully performed. With the following test data "File Path: "C:\eclipse-workspace\MyProjects\TASystemsAPIs\src\test\resources\testDataFiles\Schemas\InvalidTokenRequest_Unauthorized_schema.json"".
2023-01-22 22:02:07.288 &amp#27;[32m INFO&amp#27;[m &amp#27;[35m[@503 - main]&amp#27;[m &amp#27;[36mcom.shaft.tools.io.ReportManager&amp#27;[m : File Action "GetAbsolutePath" successfully performed. With the following test data "Relative Folder Path: "C:\eclipse-workspace\MyProjects\TASystemsAPIs\src\test\resources\testDataFiles\Schemas\InvalidTokenRequest_Unauthorized_schema.json"".
2023-01-22 22:02:07.288 &amp#27;[32m INFO&amp#27;[m &amp#27;[35m[@503 - main]&amp#27;[m &amp#27;[36mcom.shaft.tools.io.ReportManager&amp#27;[m : File Action "ReadFile" successfully performed. With the following test data "File Path: "C:\eclipse-workspace\MyProjects\TASystemsAPIs\src\test\resources\testDataFiles\Schemas\InvalidTokenRequest_Unauthorized_schema.json"".
2023-01-22 22:02:07.290 &amp#27;[32m INFO&amp#27;[m &amp#27;[35m[@503 - main]&amp#27;[m &amp#27;[36mcom.shaft.tools.io.ReportManager&amp#27;[m : Successfully created attachment "Validation Test Data - Expected JSON Value"
2023-01-22 22:02:07.291 &amp#27;[32m INFO&amp#27;[m &amp#27;[35m[@503 - main]&amp#27;[m &amp#27;[36mcom.shaft.tools.io.ReportManager&amp#27;[m : Successfully created attachment "Validation Test Data - Actual JSON Value"
2023-01-22 22:02:07.292 &amp#27;[32m INFO&amp#27;[m &amp#27;[35m[@503 - main]&amp#27;[m &amp#27;[36mcom.shaft.tools.io.ReportManager&amp#27;[m : Successfully created attachment "SHAFT Engine Logs - Current Method log: Invalid_GET_all_PeriodProgramTemplate_with_missing_Token_TC"
]]></system-out>
  </testcase>
  <testcase name="Valid_GET_all_PeriodProgramTemplate_Rq_TC" classname="SteeringCompanyAPI_TestCases.Test_PeriodProgramTemplate_Cases" time="2.579">
    <system-out><![CDATA[2023-01-22 22:02:07.294 &amp#27;[32m INFO&amp#27;[m &amp#27;[35m[@534 - main]&amp#27;[m &amp#27;[36mcom.shaft.tools.io.ReportManager&amp#27;[m : 
################################################################################################################################################
Starting Execution:	"31 out of 83" test cases in the current suite
Test Method:		"SteeringCompanyAPI_TestCases.Test_PeriodProgramTemplate_Cases.Valid_GET_all_PeriodProgramTemplate_Rq_TC"
Test Description:	"TC001  -PeriodProgramTemplate-  Perform Get all PeriodProgramTemplate API with valid user name and password"
################################################################################################################################################
2023-01-22 22:02:07.295 &amp#27;[32m INFO&amp#27;[m &amp#27;[35m[@503 - main]&amp#27;[m &amp#27;[36mcom.shaft.tools.io.ReportManager&amp#27;[m : File Action "DoesFileExist" successfully performed. With the following test data "File Path: "SteeringCompanyAPI_TestData/SteeringCompanyAPI_TestData.xlsx"".
2023-01-22 22:02:07.326 &amp#27;[32m INFO&amp#27;[m &amp#27;[35m[@503 - main]&amp#27;[m &amp#27;[36mcom.shaft.tools.io.ReportManager&amp#27;[m : Successfully created attachment "Test Data - Excel"
2023-01-22 22:02:08.448 &amp#27;[32m INFO&amp#27;[m &amp#27;[35m[@503 - main]&amp#27;[m &amp#27;[36mcom.shaft.tools.io.ReportManager&amp#27;[m : Response status code: "200", status line: "HTTP/1.1 200 OK"
2023-01-22 22:02:08.460 &amp#27;[32m INFO&amp#27;[m &amp#27;[35m[@503 - main]&amp#27;[m &amp#27;[36mcom.shaft.tools.io.ReportManager&amp#27;[m : Successfully created attachment "API Request - Specifications"
2023-01-22 22:02:08.461 &amp#27;[32m INFO&amp#27;[m &amp#27;[35m[@503 - main]&amp#27;[m &amp#27;[36mcom.shaft.tools.io.ReportManager&amp#27;[m : Successfully created attachment "API Request - Body"
2023-01-22 22:02:08.463 &amp#27;[32m INFO&amp#27;[m &amp#27;[35m[@503 - main]&amp#27;[m &amp#27;[36mcom.shaft.tools.io.ReportManager&amp#27;[m : Successfully created attachment "API Response - JSON Body"
2023-01-22 22:02:08.473 &amp#27;[32m INFO&amp#27;[m &amp#27;[35m[@503 - main]&amp#27;[m &amp#27;[36mcom.shaft.tools.io.ReportManager&amp#27;[m : File Action "DoesFileExist" successfully performed. With the following test data "File Path: "SteeringCompanyAPI_TestData/SteeringCompanyAPI_TestData.xlsx"".
2023-01-22 22:02:08.501 &amp#27;[32m INFO&amp#27;[m &amp#27;[35m[@503 - main]&amp#27;[m &amp#27;[36mcom.shaft.tools.io.ReportManager&amp#27;[m : Successfully created attachment "Test Data - Excel"
2023-01-22 22:02:09.827 &amp#27;[32m INFO&amp#27;[m &amp#27;[35m[@503 - main]&amp#27;[m &amp#27;[36mcom.shaft.tools.io.ReportManager&amp#27;[m : Response status code: "200", status line: "HTTP/1.1 200 "
2023-01-22 22:02:09.850 &amp#27;[32m INFO&amp#27;[m &amp#27;[35m[@503 - main]&amp#27;[m &amp#27;[36mcom.shaft.tools.io.ReportManager&amp#27;[m : Successfully created attachment "API Request - Specifications"
2023-01-22 22:02:09.852 &amp#27;[32m INFO&amp#27;[m &amp#27;[35m[@503 - main]&amp#27;[m &amp#27;[36mcom.shaft.tools.io.ReportManager&amp#27;[m : Successfully created attachment "API Response - JSON Body"
2023-01-22 22:02:09.853 &amp#27;[32m INFO&amp#27;[m &amp#27;[35m[@503 - main]&amp#27;[m &amp#27;[36mcom.shaft.tools.io.ReportManager&amp#27;[m : File Action "DoesFileExist" successfully performed. With the following test data "File Path: "Schemas/PeriodProgramTemplates_schema.json"".
2023-01-22 22:02:09.853 &amp#27;[32m INFO&amp#27;[m &amp#27;[35m[@503 - main]&amp#27;[m &amp#27;[36mcom.shaft.tools.io.ReportManager&amp#27;[m : File Action "DoesFileExist" successfully performed. With the following test data "File Path: "src/test/resources/testDataFiles/Schemas/PeriodProgramTemplates_schema.json"".
2023-01-22 22:02:09.854 &amp#27;[32m INFO&amp#27;[m &amp#27;[35m[@503 - main]&amp#27;[m &amp#27;[36mcom.shaft.tools.io.ReportManager&amp#27;[m : File Action "GetAbsolutePath" successfully performed. With the following test data "Relative Folder Path: "src/test/resources/testDataFiles/Schemas/PeriodProgramTemplates_schema.json"".
2023-01-22 22:02:09.863 &amp#27;[32m INFO&amp#27;[m &amp#27;[35m[@503 - main]&amp#27;[m &amp#27;[36mcom.shaft.tools.io.ReportManager&amp#27;[m : File Action "DoesFileExist" successfully performed. With the following test data "File Path: "C:\eclipse-workspace\MyProjects\TASystemsAPIs\src\test\resources\testDataFiles\Schemas\PeriodProgramTemplates_schema.json"".
2023-01-22 22:02:09.863 &amp#27;[32m INFO&amp#27;[m &amp#27;[35m[@503 - main]&amp#27;[m &amp#27;[36mcom.shaft.tools.io.ReportManager&amp#27;[m : File Action "GetAbsolutePath" successfully performed. With the following test data "Relative Folder Path: "C:\eclipse-workspace\MyProjects\TASystemsAPIs\src\test\resources\testDataFiles\Schemas\PeriodProgramTemplates_schema.json"".
2023-01-22 22:02:09.864 &amp#27;[32m INFO&amp#27;[m &amp#27;[35m[@503 - main]&amp#27;[m &amp#27;[36mcom.shaft.tools.io.ReportManager&amp#27;[m : File Action "ReadFile" successfully performed. With the following test data "File Path: "C:\eclipse-workspace\MyProjects\TASystemsAPIs\src\test\resources\testDataFiles\Schemas\PeriodProgramTemplates_schema.json"".
2023-01-22 22:02:09.868 &amp#27;[32m INFO&amp#27;[m &amp#27;[35m[@503 - main]&amp#27;[m &amp#27;[36mcom.shaft.tools.io.ReportManager&amp#27;[m : Successfully created attachment "Validation Test Data - Expected JSON Value"
2023-01-22 22:02:09.869 &amp#27;[32m INFO&amp#27;[m &amp#27;[35m[@503 - main]&amp#27;[m &amp#27;[36mcom.shaft.tools.io.ReportManager&amp#27;[m : Successfully created attachment "Validation Test Data - Actual JSON Value"
2023-01-22 22:02:09.870 &amp#27;[32m INFO&amp#27;[m &amp#27;[35m[@503 - main]&amp#27;[m &amp#27;[36mcom.shaft.tools.io.ReportManager&amp#27;[m : Successfully created attachment "SHAFT Engine Logs - Current Method log: Valid_GET_all_PeriodProgramTemplate_Rq_TC"
]]></system-out>
  </testcase>
  <testcase name="Valid_GET_all_PeriodProgramTemplate_by_Qry_Rq_TC[[Ljava.lang.Object;@5f17910c](1)" classname="SteeringCompanyAPI_TestCases.Test_PeriodProgramTemplate_Cases" time="2.576">
    <system-out><![CDATA[2023-01-22 22:02:09.875 &amp#27;[32m INFO&amp#27;[m &amp#27;[35m[@534 - main]&amp#27;[m &amp#27;[36mcom.shaft.tools.io.ReportManager&amp#27;[m : 
################################################################################################################################################
Starting Execution:	"32 out of 83" test cases in the current suite
Test Method:		"SteeringCompanyAPI_TestCases.Test_PeriodProgramTemplate_Cases.Valid_GET_all_PeriodProgramTemplate_by_Qry_Rq_TC"
Test Description:	"TC002  -PeriodProgramTemplate-   Perform Get all PeriodProgramTemplate API with pagination with valid user name and password"
################################################################################################################################################
2023-01-22 22:02:09.877 &amp#27;[32m INFO&amp#27;[m &amp#27;[35m[@503 - main]&amp#27;[m &amp#27;[36mcom.shaft.tools.io.ReportManager&amp#27;[m : File Action "DoesFileExist" successfully performed. With the following test data "File Path: "SteeringCompanyAPI_TestData/SteeringCompanyAPI_TestData.xlsx"".
2023-01-22 22:02:09.909 &amp#27;[32m INFO&amp#27;[m &amp#27;[35m[@503 - main]&amp#27;[m &amp#27;[36mcom.shaft.tools.io.ReportManager&amp#27;[m : Successfully created attachment "Test Data - Excel"
2023-01-22 22:02:10.812 &amp#27;[32m INFO&amp#27;[m &amp#27;[35m[@503 - main]&amp#27;[m &amp#27;[36mcom.shaft.tools.io.ReportManager&amp#27;[m : Response status code: "200", status line: "HTTP/1.1 200 OK"
2023-01-22 22:02:10.827 &amp#27;[32m INFO&amp#27;[m &amp#27;[35m[@503 - main]&amp#27;[m &amp#27;[36mcom.shaft.tools.io.ReportManager&amp#27;[m : Successfully created attachment "API Request - Specifications"
2023-01-22 22:02:10.828 &amp#27;[32m INFO&amp#27;[m &amp#27;[35m[@503 - main]&amp#27;[m &amp#27;[36mcom.shaft.tools.io.ReportManager&amp#27;[m : Successfully created attachment "API Request - Body"
2023-01-22 22:02:10.830 &amp#27;[32m INFO&amp#27;[m &amp#27;[35m[@503 - main]&amp#27;[m &amp#27;[36mcom.shaft.tools.io.ReportManager&amp#27;[m : Successfully created attachment "API Response - JSON Body"
2023-01-22 22:02:10.845 &amp#27;[32m INFO&amp#27;[m &amp#27;[35m[@503 - main]&amp#27;[m &amp#27;[36mcom.shaft.tools.io.ReportManager&amp#27;[m : File Action "DoesFileExist" successfully performed. With the following test data "File Path: "SteeringCompanyAPI_TestData/SteeringCompanyAPI_TestData.xlsx"".
2023-01-22 22:02:10.882 &amp#27;[32m INFO&amp#27;[m &amp#27;[35m[@503 - main]&amp#27;[m &amp#27;[36mcom.shaft.tools.io.ReportManager&amp#27;[m : Successfully created attachment "Test Data - Excel"
2023-01-22 22:02:11.818 &amp#27;[32m INFO&amp#27;[m &amp#27;[35m[@503 - main]&amp#27;[m &amp#27;[36mcom.shaft.tools.io.ReportManager&amp#27;[m : Response status code: "200", status line: "HTTP/1.1 200 "
2023-01-22 22:02:12.399 &amp#27;[32m INFO&amp#27;[m &amp#27;[35m[@503 - main]&amp#27;[m &amp#27;[36mcom.shaft.tools.io.ReportManager&amp#27;[m : Successfully created attachment "API Request - Specifications"
2023-01-22 22:02:12.400 &amp#27;[32m INFO&amp#27;[m &amp#27;[35m[@503 - main]&amp#27;[m &amp#27;[36mcom.shaft.tools.io.ReportManager&amp#27;[m : Successfully created attachment "API Response - JSON Body"
2023-01-22 22:02:12.401 &amp#27;[32m INFO&amp#27;[m &amp#27;[35m[@503 - main]&amp#27;[m &amp#27;[36mcom.shaft.tools.io.ReportManager&amp#27;[m : File Action "DoesFileExist" successfully performed. With the following test data "File Path: "Schemas/PeriodProgramTemplates_schema.json"".
2023-01-22 22:02:12.402 &amp#27;[32m INFO&amp#27;[m &amp#27;[35m[@503 - main]&amp#27;[m &amp#27;[36mcom.shaft.tools.io.ReportManager&amp#27;[m : File Action "DoesFileExist" successfully performed. With the following test data "File Path: "src/test/resources/testDataFiles/Schemas/PeriodProgramTemplates_schema.json"".
2023-01-22 22:02:12.402 &amp#27;[32m INFO&amp#27;[m &amp#27;[35m[@503 - main]&amp#27;[m &amp#27;[36mcom.shaft.tools.io.ReportManager&amp#27;[m : File Action "GetAbsolutePath" successfully performed. With the following test data "Relative Folder Path: "src/test/resources/testDataFiles/Schemas/PeriodProgramTemplates_schema.json"".
2023-01-22 22:02:12.433 &amp#27;[32m INFO&amp#27;[m &amp#27;[35m[@503 - main]&amp#27;[m &amp#27;[36mcom.shaft.tools.io.ReportManager&amp#27;[m : File Action "DoesFileExist" successfully performed. With the following test data "File Path: "C:\eclipse-workspace\MyProjects\TASystemsAPIs\src\test\resources\testDataFiles\Schemas\PeriodProgramTemplates_schema.json"".
2023-01-22 22:02:12.433 &amp#27;[32m INFO&amp#27;[m &amp#27;[35m[@503 - main]&amp#27;[m &amp#27;[36mcom.shaft.tools.io.ReportManager&amp#27;[m : File Action "GetAbsolutePath" successfully performed. With the following test data "Relative Folder Path: "C:\eclipse-workspace\MyProjects\TASystemsAPIs\src\test\resources\testDataFiles\Schemas\PeriodProgramTemplates_schema.json"".
2023-01-22 22:02:12.435 &amp#27;[32m INFO&amp#27;[m &amp#27;[35m[@503 - main]&amp#27;[m &amp#27;[36mcom.shaft.tools.io.ReportManager&amp#27;[m : File Action "ReadFile" successfully performed. With the following test data "File Path: "C:\eclipse-workspace\MyProjects\TASystemsAPIs\src\test\resources\testDataFiles\Schemas\PeriodProgramTemplates_schema.json"".
2023-01-22 22:02:12.445 &amp#27;[32m INFO&amp#27;[m &amp#27;[35m[@503 - main]&amp#27;[m &amp#27;[36mcom.shaft.tools.io.ReportManager&amp#27;[m : Successfully created attachment "Validation Test Data - Expected JSON Value"
2023-01-22 22:02:12.446 &amp#27;[32m INFO&amp#27;[m &amp#27;[35m[@503 - main]&amp#27;[m &amp#27;[36mcom.shaft.tools.io.ReportManager&amp#27;[m : Successfully created attachment "Validation Test Data - Actual JSON Value"
2023-01-22 22:02:12.447 &amp#27;[32m INFO&amp#27;[m &amp#27;[35m[@503 - main]&amp#27;[m &amp#27;[36mcom.shaft.tools.io.ReportManager&amp#27;[m : Successfully created attachment "SHAFT Engine Logs - Current Method log: Valid_GET_all_PeriodProgramTemplate_by_Qry_Rq_TC"
]]></system-out>
  </testcase>
  <testcase name="Valid_GET_all_PeriodProgramTemplate_by_Qry_Rq_TC[[Ljava.lang.Object;@1a1e3023](2)" classname="SteeringCompanyAPI_TestCases.Test_PeriodProgramTemplate_Cases" time="2.015">
    <system-out><![CDATA[2023-01-22 22:02:12.452 &amp#27;[32m INFO&amp#27;[m &amp#27;[35m[@534 - main]&amp#27;[m &amp#27;[36mcom.shaft.tools.io.ReportManager&amp#27;[m : 
################################################################################################################################################
Starting Execution:	"33 out of 83" test cases in the current suite
Test Method:		"SteeringCompanyAPI_TestCases.Test_PeriodProgramTemplate_Cases.Valid_GET_all_PeriodProgramTemplate_by_Qry_Rq_TC"
Test Description:	"TC002  -PeriodProgramTemplate-   Perform Get all PeriodProgramTemplate API with pagination with valid user name and password"
################################################################################################################################################
2023-01-22 22:02:12.453 &amp#27;[32m INFO&amp#27;[m &amp#27;[35m[@503 - main]&amp#27;[m &amp#27;[36mcom.shaft.tools.io.ReportManager&amp#27;[m : File Action "DoesFileExist" successfully performed. With the following test data "File Path: "SteeringCompanyAPI_TestData/SteeringCompanyAPI_TestData.xlsx"".
2023-01-22 22:02:12.488 &amp#27;[32m INFO&amp#27;[m &amp#27;[35m[@503 - main]&amp#27;[m &amp#27;[36mcom.shaft.tools.io.ReportManager&amp#27;[m : Successfully created attachment "Test Data - Excel"
2023-01-22 22:02:13.473 &amp#27;[32m INFO&amp#27;[m &amp#27;[35m[@503 - main]&amp#27;[m &amp#27;[36mcom.shaft.tools.io.ReportManager&amp#27;[m : Response status code: "200", status line: "HTTP/1.1 200 OK"
2023-01-22 22:02:13.490 &amp#27;[32m INFO&amp#27;[m &amp#27;[35m[@503 - main]&amp#27;[m &amp#27;[36mcom.shaft.tools.io.ReportManager&amp#27;[m : Successfully created attachment "API Request - Specifications"
2023-01-22 22:02:13.492 &amp#27;[32m INFO&amp#27;[m &amp#27;[35m[@503 - main]&amp#27;[m &amp#27;[36mcom.shaft.tools.io.ReportManager&amp#27;[m : Successfully created attachment "API Request - Body"
2023-01-22 22:02:13.493 &amp#27;[32m INFO&amp#27;[m &amp#27;[35m[@503 - main]&amp#27;[m &amp#27;[36mcom.shaft.tools.io.ReportManager&amp#27;[m : Successfully created attachment "API Response - JSON Body"
2023-01-22 22:02:13.505 &amp#27;[32m INFO&amp#27;[m &amp#27;[35m[@503 - main]&amp#27;[m &amp#27;[36mcom.shaft.tools.io.ReportManager&amp#27;[m : File Action "DoesFileExist" successfully performed. With the following test data "File Path: "SteeringCompanyAPI_TestData/SteeringCompanyAPI_TestData.xlsx"".
2023-01-22 22:02:13.534 &amp#27;[32m INFO&amp#27;[m &amp#27;[35m[@503 - main]&amp#27;[m &amp#27;[36mcom.shaft.tools.io.ReportManager&amp#27;[m : Successfully created attachment "Test Data - Excel"
2023-01-22 22:02:14.434 &amp#27;[32m INFO&amp#27;[m &amp#27;[35m[@503 - main]&amp#27;[m &amp#27;[36mcom.shaft.tools.io.ReportManager&amp#27;[m : Response status code: "200", status line: "HTTP/1.1 200 "
2023-01-22 22:02:14.448 &amp#27;[32m INFO&amp#27;[m &amp#27;[35m[@503 - main]&amp#27;[m &amp#27;[36mcom.shaft.tools.io.ReportManager&amp#27;[m : Successfully created attachment "API Request - Specifications"
2023-01-22 22:02:14.450 &amp#27;[32m INFO&amp#27;[m &amp#27;[35m[@503 - main]&amp#27;[m &amp#27;[36mcom.shaft.tools.io.ReportManager&amp#27;[m : Successfully created attachment "API Response - JSON Body"
2023-01-22 22:02:14.451 &amp#27;[32m INFO&amp#27;[m &amp#27;[35m[@503 - main]&amp#27;[m &amp#27;[36mcom.shaft.tools.io.ReportManager&amp#27;[m : File Action "DoesFileExist" successfully performed. With the following test data "File Path: "Schemas/PeriodProgramTemplates_schema.json"".
2023-01-22 22:02:14.451 &amp#27;[32m INFO&amp#27;[m &amp#27;[35m[@503 - main]&amp#27;[m &amp#27;[36mcom.shaft.tools.io.ReportManager&amp#27;[m : File Action "DoesFileExist" successfully performed. With the following test data "File Path: "src/test/resources/testDataFiles/Schemas/PeriodProgramTemplates_schema.json"".
2023-01-22 22:02:14.451 &amp#27;[32m INFO&amp#27;[m &amp#27;[35m[@503 - main]&amp#27;[m &amp#27;[36mcom.shaft.tools.io.ReportManager&amp#27;[m : File Action "GetAbsolutePath" successfully performed. With the following test data "Relative Folder Path: "src/test/resources/testDataFiles/Schemas/PeriodProgramTemplates_schema.json"".
2023-01-22 22:02:14.458 &amp#27;[32m INFO&amp#27;[m &amp#27;[35m[@503 - main]&amp#27;[m &amp#27;[36mcom.shaft.tools.io.ReportManager&amp#27;[m : File Action "DoesFileExist" successfully performed. With the following test data "File Path: "C:\eclipse-workspace\MyProjects\TASystemsAPIs\src\test\resources\testDataFiles\Schemas\PeriodProgramTemplates_schema.json"".
2023-01-22 22:02:14.458 &amp#27;[32m INFO&amp#27;[m &amp#27;[35m[@503 - main]&amp#27;[m &amp#27;[36mcom.shaft.tools.io.ReportManager&amp#27;[m : File Action "GetAbsolutePath" successfully performed. With the following test data "Relative Folder Path: "C:\eclipse-workspace\MyProjects\TASystemsAPIs\src\test\resources\testDataFiles\Schemas\PeriodProgramTemplates_schema.json"".
2023-01-22 22:02:14.458 &amp#27;[32m INFO&amp#27;[m &amp#27;[35m[@503 - main]&amp#27;[m &amp#27;[36mcom.shaft.tools.io.ReportManager&amp#27;[m : File Action "ReadFile" successfully performed. With the following test data "File Path: "C:\eclipse-workspace\MyProjects\TASystemsAPIs\src\test\resources\testDataFiles\Schemas\PeriodProgramTemplates_schema.json"".
2023-01-22 22:02:14.460 &amp#27;[32m INFO&amp#27;[m &amp#27;[35m[@503 - main]&amp#27;[m &amp#27;[36mcom.shaft.tools.io.ReportManager&amp#27;[m : Successfully created attachment "Validation Test Data - Expected JSON Value"
2023-01-22 22:02:14.462 &amp#27;[32m INFO&amp#27;[m &amp#27;[35m[@503 - main]&amp#27;[m &amp#27;[36mcom.shaft.tools.io.ReportManager&amp#27;[m : Successfully created attachment "Validation Test Data - Actual JSON Value"
2023-01-22 22:02:14.463 &amp#27;[32m INFO&amp#27;[m &amp#27;[35m[@503 - main]&amp#27;[m &amp#27;[36mcom.shaft.tools.io.ReportManager&amp#27;[m : Successfully created attachment "SHAFT Engine Logs - Current Method log: Valid_GET_all_PeriodProgramTemplate_by_Qry_Rq_TC"
]]></system-out>
  </testcase>
  <testcase name="Valid_GET_all_PeriodProgramTemplate_by_Qry_Rq_TC[[Ljava.lang.Object;@2388f71](3)" classname="SteeringCompanyAPI_TestCases.Test_PeriodProgramTemplate_Cases" time="2.211">
    <system-out><![CDATA[2023-01-22 22:02:14.467 &amp#27;[32m INFO&amp#27;[m &amp#27;[35m[@534 - main]&amp#27;[m &amp#27;[36mcom.shaft.tools.io.ReportManager&amp#27;[m : 
################################################################################################################################################
Starting Execution:	"34 out of 83" test cases in the current suite
Test Method:		"SteeringCompanyAPI_TestCases.Test_PeriodProgramTemplate_Cases.Valid_GET_all_PeriodProgramTemplate_by_Qry_Rq_TC"
Test Description:	"TC002  -PeriodProgramTemplate-   Perform Get all PeriodProgramTemplate API with pagination with valid user name and password"
################################################################################################################################################
2023-01-22 22:02:14.468 &amp#27;[32m INFO&amp#27;[m &amp#27;[35m[@503 - main]&amp#27;[m &amp#27;[36mcom.shaft.tools.io.ReportManager&amp#27;[m : File Action "DoesFileExist" successfully performed. With the following test data "File Path: "SteeringCompanyAPI_TestData/SteeringCompanyAPI_TestData.xlsx"".
2023-01-22 22:02:14.492 &amp#27;[32m INFO&amp#27;[m &amp#27;[35m[@503 - main]&amp#27;[m &amp#27;[36mcom.shaft.tools.io.ReportManager&amp#27;[m : Successfully created attachment "Test Data - Excel"
2023-01-22 22:02:15.662 &amp#27;[32m INFO&amp#27;[m &amp#27;[35m[@503 - main]&amp#27;[m &amp#27;[36mcom.shaft.tools.io.ReportManager&amp#27;[m : Response status code: "200", status line: "HTTP/1.1 200 OK"
2023-01-22 22:02:15.678 &amp#27;[32m INFO&amp#27;[m &amp#27;[35m[@503 - main]&amp#27;[m &amp#27;[36mcom.shaft.tools.io.ReportManager&amp#27;[m : Successfully created attachment "API Request - Specifications"
2023-01-22 22:02:15.679 &amp#27;[32m INFO&amp#27;[m &amp#27;[35m[@503 - main]&amp#27;[m &amp#27;[36mcom.shaft.tools.io.ReportManager&amp#27;[m : Successfully created attachment "API Request - Body"
2023-01-22 22:02:15.681 &amp#27;[32m INFO&amp#27;[m &amp#27;[35m[@503 - main]&amp#27;[m &amp#27;[36mcom.shaft.tools.io.ReportManager&amp#27;[m : Successfully created attachment "API Response - JSON Body"
2023-01-22 22:02:15.692 &amp#27;[32m INFO&amp#27;[m &amp#27;[35m[@503 - main]&amp#27;[m &amp#27;[36mcom.shaft.tools.io.ReportManager&amp#27;[m : File Action "DoesFileExist" successfully performed. With the following test data "File Path: "SteeringCompanyAPI_TestData/SteeringCompanyAPI_TestData.xlsx"".
2023-01-22 22:02:15.730 &amp#27;[32m INFO&amp#27;[m &amp#27;[35m[@503 - main]&amp#27;[m &amp#27;[36mcom.shaft.tools.io.ReportManager&amp#27;[m : Successfully created attachment "Test Data - Excel"
2023-01-22 22:02:16.638 &amp#27;[32m INFO&amp#27;[m &amp#27;[35m[@503 - main]&amp#27;[m &amp#27;[36mcom.shaft.tools.io.ReportManager&amp#27;[m : Response status code: "200", status line: "HTTP/1.1 200 "
2023-01-22 22:02:16.655 &amp#27;[32m INFO&amp#27;[m &amp#27;[35m[@503 - main]&amp#27;[m &amp#27;[36mcom.shaft.tools.io.ReportManager&amp#27;[m : Successfully created attachment "API Request - Specifications"
2023-01-22 22:02:16.656 &amp#27;[32m INFO&amp#27;[m &amp#27;[35m[@503 - main]&amp#27;[m &amp#27;[36mcom.shaft.tools.io.ReportManager&amp#27;[m : Successfully created attachment "API Response - JSON Body"
2023-01-22 22:02:16.658 &amp#27;[32m INFO&amp#27;[m &amp#27;[35m[@503 - main]&amp#27;[m &amp#27;[36mcom.shaft.tools.io.ReportManager&amp#27;[m : File Action "DoesFileExist" successfully performed. With the following test data "File Path: "Schemas/PeriodProgramTemplates_schema.json"".
2023-01-22 22:02:16.659 &amp#27;[32m INFO&amp#27;[m &amp#27;[35m[@503 - main]&amp#27;[m &amp#27;[36mcom.shaft.tools.io.ReportManager&amp#27;[m : File Action "DoesFileExist" successfully performed. With the following test data "File Path: "src/test/resources/testDataFiles/Schemas/PeriodProgramTemplates_schema.json"".
2023-01-22 22:02:16.659 &amp#27;[32m INFO&amp#27;[m &amp#27;[35m[@503 - main]&amp#27;[m &amp#27;[36mcom.shaft.tools.io.ReportManager&amp#27;[m : File Action "GetAbsolutePath" successfully performed. With the following test data "Relative Folder Path: "src/test/resources/testDataFiles/Schemas/PeriodProgramTemplates_schema.json"".
2023-01-22 22:02:16.665 &amp#27;[32m INFO&amp#27;[m &amp#27;[35m[@503 - main]&amp#27;[m &amp#27;[36mcom.shaft.tools.io.ReportManager&amp#27;[m : File Action "DoesFileExist" successfully performed. With the following test data "File Path: "C:\eclipse-workspace\MyProjects\TASystemsAPIs\src\test\resources\testDataFiles\Schemas\PeriodProgramTemplates_schema.json"".
2023-01-22 22:02:16.665 &amp#27;[32m INFO&amp#27;[m &amp#27;[35m[@503 - main]&amp#27;[m &amp#27;[36mcom.shaft.tools.io.ReportManager&amp#27;[m : File Action "GetAbsolutePath" successfully performed. With the following test data "Relative Folder Path: "C:\eclipse-workspace\MyProjects\TASystemsAPIs\src\test\resources\testDataFiles\Schemas\PeriodProgramTemplates_schema.json"".
2023-01-22 22:02:16.668 &amp#27;[32m INFO&amp#27;[m &amp#27;[35m[@503 - main]&amp#27;[m &amp#27;[36mcom.shaft.tools.io.ReportManager&amp#27;[m : File Action "ReadFile" successfully performed. With the following test data "File Path: "C:\eclipse-workspace\MyProjects\TASystemsAPIs\src\test\resources\testDataFiles\Schemas\PeriodProgramTemplates_schema.json"".
2023-01-22 22:02:16.671 &amp#27;[32m INFO&amp#27;[m &amp#27;[35m[@503 - main]&amp#27;[m &amp#27;[36mcom.shaft.tools.io.ReportManager&amp#27;[m : Successfully created attachment "Validation Test Data - Expected JSON Value"
2023-01-22 22:02:16.672 &amp#27;[32m INFO&amp#27;[m &amp#27;[35m[@503 - main]&amp#27;[m &amp#27;[36mcom.shaft.tools.io.ReportManager&amp#27;[m : Successfully created attachment "Validation Test Data - Actual JSON Value"
2023-01-22 22:02:16.673 &amp#27;[32m INFO&amp#27;[m &amp#27;[35m[@503 - main]&amp#27;[m &amp#27;[36mcom.shaft.tools.io.ReportManager&amp#27;[m : Successfully created attachment "SHAFT Engine Logs - Current Method log: Valid_GET_all_PeriodProgramTemplate_by_Qry_Rq_TC"
]]></system-out>
  </testcase>
  <testcase name="Valid_GET_all_PeriodProgramTemplate_by_Qry_Rq_TC[[Ljava.lang.Object;@40bf36b1](4)" classname="SteeringCompanyAPI_TestCases.Test_PeriodProgramTemplate_Cases" time="2.669">
    <system-out><![CDATA[2023-01-22 22:02:16.678 &amp#27;[32m INFO&amp#27;[m &amp#27;[35m[@534 - main]&amp#27;[m &amp#27;[36mcom.shaft.tools.io.ReportManager&amp#27;[m : 
################################################################################################################################################
Starting Execution:	"35 out of 83" test cases in the current suite
Test Method:		"SteeringCompanyAPI_TestCases.Test_PeriodProgramTemplate_Cases.Valid_GET_all_PeriodProgramTemplate_by_Qry_Rq_TC"
Test Description:	"TC002  -PeriodProgramTemplate-   Perform Get all PeriodProgramTemplate API with pagination with valid user name and password"
################################################################################################################################################
2023-01-22 22:02:16.679 &amp#27;[32m INFO&amp#27;[m &amp#27;[35m[@503 - main]&amp#27;[m &amp#27;[36mcom.shaft.tools.io.ReportManager&amp#27;[m : File Action "DoesFileExist" successfully performed. With the following test data "File Path: "SteeringCompanyAPI_TestData/SteeringCompanyAPI_TestData.xlsx"".
2023-01-22 22:02:16.705 &amp#27;[32m INFO&amp#27;[m &amp#27;[35m[@503 - main]&amp#27;[m &amp#27;[36mcom.shaft.tools.io.ReportManager&amp#27;[m : Successfully created attachment "Test Data - Excel"
2023-01-22 22:02:17.690 &amp#27;[32m INFO&amp#27;[m &amp#27;[35m[@503 - main]&amp#27;[m &amp#27;[36mcom.shaft.tools.io.ReportManager&amp#27;[m : Response status code: "200", status line: "HTTP/1.1 200 OK"
2023-01-22 22:02:17.701 &amp#27;[32m INFO&amp#27;[m &amp#27;[35m[@503 - main]&amp#27;[m &amp#27;[36mcom.shaft.tools.io.ReportManager&amp#27;[m : Successfully created attachment "API Request - Specifications"
2023-01-22 22:02:17.703 &amp#27;[32m INFO&amp#27;[m &amp#27;[35m[@503 - main]&amp#27;[m &amp#27;[36mcom.shaft.tools.io.ReportManager&amp#27;[m : Successfully created attachment "API Request - Body"
2023-01-22 22:02:17.705 &amp#27;[32m INFO&amp#27;[m &amp#27;[35m[@503 - main]&amp#27;[m &amp#27;[36mcom.shaft.tools.io.ReportManager&amp#27;[m : Successfully created attachment "API Response - JSON Body"
2023-01-22 22:02:17.714 &amp#27;[32m INFO&amp#27;[m &amp#27;[35m[@503 - main]&amp#27;[m &amp#27;[36mcom.shaft.tools.io.ReportManager&amp#27;[m : File Action "DoesFileExist" successfully performed. With the following test data "File Path: "SteeringCompanyAPI_TestData/SteeringCompanyAPI_TestData.xlsx"".
2023-01-22 22:02:17.742 &amp#27;[32m INFO&amp#27;[m &amp#27;[35m[@503 - main]&amp#27;[m &amp#27;[36mcom.shaft.tools.io.ReportManager&amp#27;[m : Successfully created attachment "Test Data - Excel"
2023-01-22 22:02:18.633 &amp#27;[32m INFO&amp#27;[m &amp#27;[35m[@503 - main]&amp#27;[m &amp#27;[36mcom.shaft.tools.io.ReportManager&amp#27;[m : Response status code: "200", status line: "HTTP/1.1 200 "
2023-01-22 22:02:19.300 &amp#27;[32m INFO&amp#27;[m &amp#27;[35m[@503 - main]&amp#27;[m &amp#27;[36mcom.shaft.tools.io.ReportManager&amp#27;[m : Successfully created attachment "API Request - Specifications"
2023-01-22 22:02:19.301 &amp#27;[32m INFO&amp#27;[m &amp#27;[35m[@503 - main]&amp#27;[m &amp#27;[36mcom.shaft.tools.io.ReportManager&amp#27;[m : Successfully created attachment "API Response - JSON Body"
2023-01-22 22:02:19.303 &amp#27;[32m INFO&amp#27;[m &amp#27;[35m[@503 - main]&amp#27;[m &amp#27;[36mcom.shaft.tools.io.ReportManager&amp#27;[m : File Action "DoesFileExist" successfully performed. With the following test data "File Path: "Schemas/PeriodProgramTemplates_schema.json"".
2023-01-22 22:02:19.303 &amp#27;[32m INFO&amp#27;[m &amp#27;[35m[@503 - main]&amp#27;[m &amp#27;[36mcom.shaft.tools.io.ReportManager&amp#27;[m : File Action "DoesFileExist" successfully performed. With the following test data "File Path: "src/test/resources/testDataFiles/Schemas/PeriodProgramTemplates_schema.json"".
2023-01-22 22:02:19.303 &amp#27;[32m INFO&amp#27;[m &amp#27;[35m[@503 - main]&amp#27;[m &amp#27;[36mcom.shaft.tools.io.ReportManager&amp#27;[m : File Action "GetAbsolutePath" successfully performed. With the following test data "Relative Folder Path: "src/test/resources/testDataFiles/Schemas/PeriodProgramTemplates_schema.json"".
2023-01-22 22:02:19.329 &amp#27;[32m INFO&amp#27;[m &amp#27;[35m[@503 - main]&amp#27;[m &amp#27;[36mcom.shaft.tools.io.ReportManager&amp#27;[m : File Action "DoesFileExist" successfully performed. With the following test data "File Path: "C:\eclipse-workspace\MyProjects\TASystemsAPIs\src\test\resources\testDataFiles\Schemas\PeriodProgramTemplates_schema.json"".
2023-01-22 22:02:19.329 &amp#27;[32m INFO&amp#27;[m &amp#27;[35m[@503 - main]&amp#27;[m &amp#27;[36mcom.shaft.tools.io.ReportManager&amp#27;[m : File Action "GetAbsolutePath" successfully performed. With the following test data "Relative Folder Path: "C:\eclipse-workspace\MyProjects\TASystemsAPIs\src\test\resources\testDataFiles\Schemas\PeriodProgramTemplates_schema.json"".
2023-01-22 22:02:19.330 &amp#27;[32m INFO&amp#27;[m &amp#27;[35m[@503 - main]&amp#27;[m &amp#27;[36mcom.shaft.tools.io.ReportManager&amp#27;[m : File Action "ReadFile" successfully performed. With the following test data "File Path: "C:\eclipse-workspace\MyProjects\TASystemsAPIs\src\test\resources\testDataFiles\Schemas\PeriodProgramTemplates_schema.json"".
2023-01-22 22:02:19.340 &amp#27;[32m INFO&amp#27;[m &amp#27;[35m[@503 - main]&amp#27;[m &amp#27;[36mcom.shaft.tools.io.ReportManager&amp#27;[m : Successfully created attachment "Validation Test Data - Expected JSON Value"
2023-01-22 22:02:19.342 &amp#27;[32m INFO&amp#27;[m &amp#27;[35m[@503 - main]&amp#27;[m &amp#27;[36mcom.shaft.tools.io.ReportManager&amp#27;[m : Successfully created attachment "Validation Test Data - Actual JSON Value"
2023-01-22 22:02:19.343 &amp#27;[32m INFO&amp#27;[m &amp#27;[35m[@503 - main]&amp#27;[m &amp#27;[36mcom.shaft.tools.io.ReportManager&amp#27;[m : Successfully created attachment "SHAFT Engine Logs - Current Method log: Valid_GET_all_PeriodProgramTemplate_by_Qry_Rq_TC"
]]></system-out>
  </testcase>
  <testcase name="Valid_GET_all_PeriodProgramTemplate_by_Qry_Rq_TC[[Ljava.lang.Object;@4f45ed22](5)" classname="SteeringCompanyAPI_TestCases.Test_PeriodProgramTemplate_Cases" time="2.334">
    <system-out><![CDATA[2023-01-22 22:02:19.347 &amp#27;[32m INFO&amp#27;[m &amp#27;[35m[@534 - main]&amp#27;[m &amp#27;[36mcom.shaft.tools.io.ReportManager&amp#27;[m : 
################################################################################################################################################
Starting Execution:	"36 out of 83" test cases in the current suite
Test Method:		"SteeringCompanyAPI_TestCases.Test_PeriodProgramTemplate_Cases.Valid_GET_all_PeriodProgramTemplate_by_Qry_Rq_TC"
Test Description:	"TC002  -PeriodProgramTemplate-   Perform Get all PeriodProgramTemplate API with pagination with valid user name and password"
################################################################################################################################################
2023-01-22 22:02:19.348 &amp#27;[32m INFO&amp#27;[m &amp#27;[35m[@503 - main]&amp#27;[m &amp#27;[36mcom.shaft.tools.io.ReportManager&amp#27;[m : File Action "DoesFileExist" successfully performed. With the following test data "File Path: "SteeringCompanyAPI_TestData/SteeringCompanyAPI_TestData.xlsx"".
2023-01-22 22:02:19.400 &amp#27;[32m INFO&amp#27;[m &amp#27;[35m[@503 - main]&amp#27;[m &amp#27;[36mcom.shaft.tools.io.ReportManager&amp#27;[m : Successfully created attachment "Test Data - Excel"
2023-01-22 22:02:20.327 &amp#27;[32m INFO&amp#27;[m &amp#27;[35m[@503 - main]&amp#27;[m &amp#27;[36mcom.shaft.tools.io.ReportManager&amp#27;[m : Response status code: "200", status line: "HTTP/1.1 200 OK"
2023-01-22 22:02:20.344 &amp#27;[32m INFO&amp#27;[m &amp#27;[35m[@503 - main]&amp#27;[m &amp#27;[36mcom.shaft.tools.io.ReportManager&amp#27;[m : Successfully created attachment "API Request - Specifications"
2023-01-22 22:02:20.344 &amp#27;[32m INFO&amp#27;[m &amp#27;[35m[@503 - main]&amp#27;[m &amp#27;[36mcom.shaft.tools.io.ReportManager&amp#27;[m : Successfully created attachment "API Request - Body"
2023-01-22 22:02:20.346 &amp#27;[32m INFO&amp#27;[m &amp#27;[35m[@503 - main]&amp#27;[m &amp#27;[36mcom.shaft.tools.io.ReportManager&amp#27;[m : Successfully created attachment "API Response - JSON Body"
2023-01-22 22:02:20.357 &amp#27;[32m INFO&amp#27;[m &amp#27;[35m[@503 - main]&amp#27;[m &amp#27;[36mcom.shaft.tools.io.ReportManager&amp#27;[m : File Action "DoesFileExist" successfully performed. With the following test data "File Path: "SteeringCompanyAPI_TestData/SteeringCompanyAPI_TestData.xlsx"".
2023-01-22 22:02:20.392 &amp#27;[32m INFO&amp#27;[m &amp#27;[35m[@503 - main]&amp#27;[m &amp#27;[36mcom.shaft.tools.io.ReportManager&amp#27;[m : Successfully created attachment "Test Data - Excel"
2023-01-22 22:02:21.312 &amp#27;[32m INFO&amp#27;[m &amp#27;[35m[@503 - main]&amp#27;[m &amp#27;[36mcom.shaft.tools.io.ReportManager&amp#27;[m : Response status code: "200", status line: "HTTP/1.1 200 "
2023-01-22 22:02:21.620 &amp#27;[32m INFO&amp#27;[m &amp#27;[35m[@503 - main]&amp#27;[m &amp#27;[36mcom.shaft.tools.io.ReportManager&amp#27;[m : Successfully created attachment "API Request - Specifications"
2023-01-22 22:02:21.621 &amp#27;[32m INFO&amp#27;[m &amp#27;[35m[@503 - main]&amp#27;[m &amp#27;[36mcom.shaft.tools.io.ReportManager&amp#27;[m : Successfully created attachment "API Response - JSON Body"
2023-01-22 22:02:21.624 &amp#27;[32m INFO&amp#27;[m &amp#27;[35m[@503 - main]&amp#27;[m &amp#27;[36mcom.shaft.tools.io.ReportManager&amp#27;[m : File Action "DoesFileExist" successfully performed. With the following test data "File Path: "Schemas/PeriodProgramTemplates_schema.json"".
2023-01-22 22:02:21.626 &amp#27;[32m INFO&amp#27;[m &amp#27;[35m[@503 - main]&amp#27;[m &amp#27;[36mcom.shaft.tools.io.ReportManager&amp#27;[m : File Action "DoesFileExist" successfully performed. With the following test data "File Path: "src/test/resources/testDataFiles/Schemas/PeriodProgramTemplates_schema.json"".
2023-01-22 22:02:21.626 &amp#27;[32m INFO&amp#27;[m &amp#27;[35m[@503 - main]&amp#27;[m &amp#27;[36mcom.shaft.tools.io.ReportManager&amp#27;[m : File Action "GetAbsolutePath" successfully performed. With the following test data "Relative Folder Path: "src/test/resources/testDataFiles/Schemas/PeriodProgramTemplates_schema.json"".
2023-01-22 22:02:21.633 &amp#27;[32m INFO&amp#27;[m &amp#27;[35m[@503 - main]&amp#27;[m &amp#27;[36mcom.shaft.tools.io.ReportManager&amp#27;[m : File Action "DoesFileExist" successfully performed. With the following test data "File Path: "C:\eclipse-workspace\MyProjects\TASystemsAPIs\src\test\resources\testDataFiles\Schemas\PeriodProgramTemplates_schema.json"".
2023-01-22 22:02:21.633 &amp#27;[32m INFO&amp#27;[m &amp#27;[35m[@503 - main]&amp#27;[m &amp#27;[36mcom.shaft.tools.io.ReportManager&amp#27;[m : File Action "GetAbsolutePath" successfully performed. With the following test data "Relative Folder Path: "C:\eclipse-workspace\MyProjects\TASystemsAPIs\src\test\resources\testDataFiles\Schemas\PeriodProgramTemplates_schema.json"".
2023-01-22 22:02:21.633 &amp#27;[32m INFO&amp#27;[m &amp#27;[35m[@503 - main]&amp#27;[m &amp#27;[36mcom.shaft.tools.io.ReportManager&amp#27;[m : File Action "ReadFile" successfully performed. With the following test data "File Path: "C:\eclipse-workspace\MyProjects\TASystemsAPIs\src\test\resources\testDataFiles\Schemas\PeriodProgramTemplates_schema.json"".
2023-01-22 22:02:21.637 &amp#27;[32m INFO&amp#27;[m &amp#27;[35m[@503 - main]&amp#27;[m &amp#27;[36mcom.shaft.tools.io.ReportManager&amp#27;[m : Successfully created attachment "Validation Test Data - Expected JSON Value"
2023-01-22 22:02:21.676 &amp#27;[32m INFO&amp#27;[m &amp#27;[35m[@503 - main]&amp#27;[m &amp#27;[36mcom.shaft.tools.io.ReportManager&amp#27;[m : Successfully created attachment "Validation Test Data - Actual JSON Value"
2023-01-22 22:02:21.678 &amp#27;[32m INFO&amp#27;[m &amp#27;[35m[@503 - main]&amp#27;[m &amp#27;[36mcom.shaft.tools.io.ReportManager&amp#27;[m : Successfully created attachment "SHAFT Engine Logs - Current Method log: Valid_GET_all_PeriodProgramTemplate_by_Qry_Rq_TC"
]]></system-out>
  </testcase>
  <testcase name="Valid_GET_all_PeriodProgramTemplate_by_Qry_Rq_TC[[Ljava.lang.Object;@243bc6df](6)" classname="SteeringCompanyAPI_TestCases.Test_PeriodProgramTemplate_Cases" time="2.04">
    <system-out><![CDATA[2023-01-22 22:02:21.683 &amp#27;[32m INFO&amp#27;[m &amp#27;[35m[@534 - main]&amp#27;[m &amp#27;[36mcom.shaft.tools.io.ReportManager&amp#27;[m : 
################################################################################################################################################
Starting Execution:	"37 out of 83" test cases in the current suite
Test Method:		"SteeringCompanyAPI_TestCases.Test_PeriodProgramTemplate_Cases.Valid_GET_all_PeriodProgramTemplate_by_Qry_Rq_TC"
Test Description:	"TC002  -PeriodProgramTemplate-   Perform Get all PeriodProgramTemplate API with pagination with valid user name and password"
################################################################################################################################################
2023-01-22 22:02:21.683 &amp#27;[32m INFO&amp#27;[m &amp#27;[35m[@503 - main]&amp#27;[m &amp#27;[36mcom.shaft.tools.io.ReportManager&amp#27;[m : File Action "DoesFileExist" successfully performed. With the following test data "File Path: "SteeringCompanyAPI_TestData/SteeringCompanyAPI_TestData.xlsx"".
2023-01-22 22:02:21.723 &amp#27;[32m INFO&amp#27;[m &amp#27;[35m[@503 - main]&amp#27;[m &amp#27;[36mcom.shaft.tools.io.ReportManager&amp#27;[m : Successfully created attachment "Test Data - Excel"
2023-01-22 22:02:22.721 &amp#27;[32m INFO&amp#27;[m &amp#27;[35m[@503 - main]&amp#27;[m &amp#27;[36mcom.shaft.tools.io.ReportManager&amp#27;[m : Response status code: "200", status line: "HTTP/1.1 200 OK"
2023-01-22 22:02:22.739 &amp#27;[32m INFO&amp#27;[m &amp#27;[35m[@503 - main]&amp#27;[m &amp#27;[36mcom.shaft.tools.io.ReportManager&amp#27;[m : Successfully created attachment "API Request - Specifications"
2023-01-22 22:02:22.741 &amp#27;[32m INFO&amp#27;[m &amp#27;[35m[@503 - main]&amp#27;[m &amp#27;[36mcom.shaft.tools.io.ReportManager&amp#27;[m : Successfully created attachment "API Request - Body"
2023-01-22 22:02:22.742 &amp#27;[32m INFO&amp#27;[m &amp#27;[35m[@503 - main]&amp#27;[m &amp#27;[36mcom.shaft.tools.io.ReportManager&amp#27;[m : Successfully created attachment "API Response - JSON Body"
2023-01-22 22:02:22.754 &amp#27;[32m INFO&amp#27;[m &amp#27;[35m[@503 - main]&amp#27;[m &amp#27;[36mcom.shaft.tools.io.ReportManager&amp#27;[m : File Action "DoesFileExist" successfully performed. With the following test data "File Path: "SteeringCompanyAPI_TestData/SteeringCompanyAPI_TestData.xlsx"".
2023-01-22 22:02:22.782 &amp#27;[32m INFO&amp#27;[m &amp#27;[35m[@503 - main]&amp#27;[m &amp#27;[36mcom.shaft.tools.io.ReportManager&amp#27;[m : Successfully created attachment "Test Data - Excel"
2023-01-22 22:02:23.678 &amp#27;[32m INFO&amp#27;[m &amp#27;[35m[@503 - main]&amp#27;[m &amp#27;[36mcom.shaft.tools.io.ReportManager&amp#27;[m : Response status code: "200", status line: "HTTP/1.1 200 "
2023-01-22 22:02:23.696 &amp#27;[32m INFO&amp#27;[m &amp#27;[35m[@503 - main]&amp#27;[m &amp#27;[36mcom.shaft.tools.io.ReportManager&amp#27;[m : Successfully created attachment "API Request - Specifications"
2023-01-22 22:02:23.698 &amp#27;[32m INFO&amp#27;[m &amp#27;[35m[@503 - main]&amp#27;[m &amp#27;[36mcom.shaft.tools.io.ReportManager&amp#27;[m : Successfully created attachment "API Response - JSON Body"
2023-01-22 22:02:23.700 &amp#27;[32m INFO&amp#27;[m &amp#27;[35m[@503 - main]&amp#27;[m &amp#27;[36mcom.shaft.tools.io.ReportManager&amp#27;[m : File Action "DoesFileExist" successfully performed. With the following test data "File Path: "Schemas/PeriodProgramTemplates_schema.json"".
2023-01-22 22:02:23.700 &amp#27;[32m INFO&amp#27;[m &amp#27;[35m[@503 - main]&amp#27;[m &amp#27;[36mcom.shaft.tools.io.ReportManager&amp#27;[m : File Action "DoesFileExist" successfully performed. With the following test data "File Path: "src/test/resources/testDataFiles/Schemas/PeriodProgramTemplates_schema.json"".
2023-01-22 22:02:23.700 &amp#27;[32m INFO&amp#27;[m &amp#27;[35m[@503 - main]&amp#27;[m &amp#27;[36mcom.shaft.tools.io.ReportManager&amp#27;[m : File Action "GetAbsolutePath" successfully performed. With the following test data "Relative Folder Path: "src/test/resources/testDataFiles/Schemas/PeriodProgramTemplates_schema.json"".
2023-01-22 22:02:23.710 &amp#27;[32m INFO&amp#27;[m &amp#27;[35m[@503 - main]&amp#27;[m &amp#27;[36mcom.shaft.tools.io.ReportManager&amp#27;[m : File Action "DoesFileExist" successfully performed. With the following test data "File Path: "C:\eclipse-workspace\MyProjects\TASystemsAPIs\src\test\resources\testDataFiles\Schemas\PeriodProgramTemplates_schema.json"".
2023-01-22 22:02:23.711 &amp#27;[32m INFO&amp#27;[m &amp#27;[35m[@503 - main]&amp#27;[m &amp#27;[36mcom.shaft.tools.io.ReportManager&amp#27;[m : File Action "GetAbsolutePath" successfully performed. With the following test data "Relative Folder Path: "C:\eclipse-workspace\MyProjects\TASystemsAPIs\src\test\resources\testDataFiles\Schemas\PeriodProgramTemplates_schema.json"".
2023-01-22 22:02:23.712 &amp#27;[32m INFO&amp#27;[m &amp#27;[35m[@503 - main]&amp#27;[m &amp#27;[36mcom.shaft.tools.io.ReportManager&amp#27;[m : File Action "ReadFile" successfully performed. With the following test data "File Path: "C:\eclipse-workspace\MyProjects\TASystemsAPIs\src\test\resources\testDataFiles\Schemas\PeriodProgramTemplates_schema.json"".
2023-01-22 22:02:23.715 &amp#27;[32m INFO&amp#27;[m &amp#27;[35m[@503 - main]&amp#27;[m &amp#27;[36mcom.shaft.tools.io.ReportManager&amp#27;[m : Successfully created attachment "Validation Test Data - Expected JSON Value"
2023-01-22 22:02:23.717 &amp#27;[32m INFO&amp#27;[m &amp#27;[35m[@503 - main]&amp#27;[m &amp#27;[36mcom.shaft.tools.io.ReportManager&amp#27;[m : Successfully created attachment "Validation Test Data - Actual JSON Value"
2023-01-22 22:02:23.718 &amp#27;[32m INFO&amp#27;[m &amp#27;[35m[@503 - main]&amp#27;[m &amp#27;[36mcom.shaft.tools.io.ReportManager&amp#27;[m : Successfully created attachment "SHAFT Engine Logs - Current Method log: Valid_GET_all_PeriodProgramTemplate_by_Qry_Rq_TC"
]]></system-out>
  </testcase>
  <testcase name="Valid_GET_all_PeriodProgramTemplate_by_Qry_Rq_TC[[Ljava.lang.Object;@6d078b9](7)" classname="SteeringCompanyAPI_TestCases.Test_PeriodProgramTemplate_Cases" time="2.328">
    <system-out><![CDATA[2023-01-22 22:02:23.721 &amp#27;[32m INFO&amp#27;[m &amp#27;[35m[@534 - main]&amp#27;[m &amp#27;[36mcom.shaft.tools.io.ReportManager&amp#27;[m : 
################################################################################################################################################
Starting Execution:	"38 out of 83" test cases in the current suite
Test Method:		"SteeringCompanyAPI_TestCases.Test_PeriodProgramTemplate_Cases.Valid_GET_all_PeriodProgramTemplate_by_Qry_Rq_TC"
Test Description:	"TC002  -PeriodProgramTemplate-   Perform Get all PeriodProgramTemplate API with pagination with valid user name and password"
################################################################################################################################################
2023-01-22 22:02:23.723 &amp#27;[32m INFO&amp#27;[m &amp#27;[35m[@503 - main]&amp#27;[m &amp#27;[36mcom.shaft.tools.io.ReportManager&amp#27;[m : File Action "DoesFileExist" successfully performed. With the following test data "File Path: "SteeringCompanyAPI_TestData/SteeringCompanyAPI_TestData.xlsx"".
2023-01-22 22:02:23.773 &amp#27;[32m INFO&amp#27;[m &amp#27;[35m[@503 - main]&amp#27;[m &amp#27;[36mcom.shaft.tools.io.ReportManager&amp#27;[m : Successfully created attachment "Test Data - Excel"
2023-01-22 22:02:24.886 &amp#27;[32m INFO&amp#27;[m &amp#27;[35m[@503 - main]&amp#27;[m &amp#27;[36mcom.shaft.tools.io.ReportManager&amp#27;[m : Response status code: "200", status line: "HTTP/1.1 200 OK"
2023-01-22 22:02:24.902 &amp#27;[32m INFO&amp#27;[m &amp#27;[35m[@503 - main]&amp#27;[m &amp#27;[36mcom.shaft.tools.io.ReportManager&amp#27;[m : Successfully created attachment "API Request - Specifications"
2023-01-22 22:02:24.903 &amp#27;[32m INFO&amp#27;[m &amp#27;[35m[@503 - main]&amp#27;[m &amp#27;[36mcom.shaft.tools.io.ReportManager&amp#27;[m : Successfully created attachment "API Request - Body"
2023-01-22 22:02:24.904 &amp#27;[32m INFO&amp#27;[m &amp#27;[35m[@503 - main]&amp#27;[m &amp#27;[36mcom.shaft.tools.io.ReportManager&amp#27;[m : Successfully created attachment "API Response - JSON Body"
2023-01-22 22:02:24.915 &amp#27;[32m INFO&amp#27;[m &amp#27;[35m[@503 - main]&amp#27;[m &amp#27;[36mcom.shaft.tools.io.ReportManager&amp#27;[m : File Action "DoesFileExist" successfully performed. With the following test data "File Path: "SteeringCompanyAPI_TestData/SteeringCompanyAPI_TestData.xlsx"".
2023-01-22 22:02:24.948 &amp#27;[32m INFO&amp#27;[m &amp#27;[35m[@503 - main]&amp#27;[m &amp#27;[36mcom.shaft.tools.io.ReportManager&amp#27;[m : Successfully created attachment "Test Data - Excel"
2023-01-22 22:02:25.859 &amp#27;[32m INFO&amp#27;[m &amp#27;[35m[@503 - main]&amp#27;[m &amp#27;[36mcom.shaft.tools.io.ReportManager&amp#27;[m : Response status code: "200", status line: "HTTP/1.1 200 "
2023-01-22 22:02:26.028 &amp#27;[32m INFO&amp#27;[m &amp#27;[35m[@503 - main]&amp#27;[m &amp#27;[36mcom.shaft.tools.io.ReportManager&amp#27;[m : Successfully created attachment "API Request - Specifications"
2023-01-22 22:02:26.029 &amp#27;[32m INFO&amp#27;[m &amp#27;[35m[@503 - main]&amp#27;[m &amp#27;[36mcom.shaft.tools.io.ReportManager&amp#27;[m : Successfully created attachment "API Response - JSON Body"
2023-01-22 22:02:26.030 &amp#27;[32m INFO&amp#27;[m &amp#27;[35m[@503 - main]&amp#27;[m &amp#27;[36mcom.shaft.tools.io.ReportManager&amp#27;[m : File Action "DoesFileExist" successfully performed. With the following test data "File Path: "Schemas/PeriodProgramTemplates_schema.json"".
2023-01-22 22:02:26.030 &amp#27;[32m INFO&amp#27;[m &amp#27;[35m[@503 - main]&amp#27;[m &amp#27;[36mcom.shaft.tools.io.ReportManager&amp#27;[m : File Action "DoesFileExist" successfully performed. With the following test data "File Path: "src/test/resources/testDataFiles/Schemas/PeriodProgramTemplates_schema.json"".
2023-01-22 22:02:26.031 &amp#27;[32m INFO&amp#27;[m &amp#27;[35m[@503 - main]&amp#27;[m &amp#27;[36mcom.shaft.tools.io.ReportManager&amp#27;[m : File Action "GetAbsolutePath" successfully performed. With the following test data "Relative Folder Path: "src/test/resources/testDataFiles/Schemas/PeriodProgramTemplates_schema.json"".
2023-01-22 22:02:26.037 &amp#27;[32m INFO&amp#27;[m &amp#27;[35m[@503 - main]&amp#27;[m &amp#27;[36mcom.shaft.tools.io.ReportManager&amp#27;[m : File Action "DoesFileExist" successfully performed. With the following test data "File Path: "C:\eclipse-workspace\MyProjects\TASystemsAPIs\src\test\resources\testDataFiles\Schemas\PeriodProgramTemplates_schema.json"".
2023-01-22 22:02:26.038 &amp#27;[32m INFO&amp#27;[m &amp#27;[35m[@503 - main]&amp#27;[m &amp#27;[36mcom.shaft.tools.io.ReportManager&amp#27;[m : File Action "GetAbsolutePath" successfully performed. With the following test data "Relative Folder Path: "C:\eclipse-workspace\MyProjects\TASystemsAPIs\src\test\resources\testDataFiles\Schemas\PeriodProgramTemplates_schema.json"".
2023-01-22 22:02:26.038 &amp#27;[32m INFO&amp#27;[m &amp#27;[35m[@503 - main]&amp#27;[m &amp#27;[36mcom.shaft.tools.io.ReportManager&amp#27;[m : File Action "ReadFile" successfully performed. With the following test data "File Path: "C:\eclipse-workspace\MyProjects\TASystemsAPIs\src\test\resources\testDataFiles\Schemas\PeriodProgramTemplates_schema.json"".
2023-01-22 22:02:26.043 &amp#27;[32m INFO&amp#27;[m &amp#27;[35m[@503 - main]&amp#27;[m &amp#27;[36mcom.shaft.tools.io.ReportManager&amp#27;[m : Successfully created attachment "Validation Test Data - Expected JSON Value"
2023-01-22 22:02:26.045 &amp#27;[32m INFO&amp#27;[m &amp#27;[35m[@503 - main]&amp#27;[m &amp#27;[36mcom.shaft.tools.io.ReportManager&amp#27;[m : Successfully created attachment "Validation Test Data - Actual JSON Value"
2023-01-22 22:02:26.046 &amp#27;[32m INFO&amp#27;[m &amp#27;[35m[@503 - main]&amp#27;[m &amp#27;[36mcom.shaft.tools.io.ReportManager&amp#27;[m : Successfully created attachment "SHAFT Engine Logs - Current Method log: Valid_GET_all_PeriodProgramTemplate_by_Qry_Rq_TC"
]]></system-out>
  </testcase>
  <testcase name="Valid_GET_all_PeriodProgramTemplate_by_Qry_Rq_TC[[Ljava.lang.Object;@f8cddfc](8)" classname="SteeringCompanyAPI_TestCases.Test_PeriodProgramTemplate_Cases" time="2.141">
    <system-out><![CDATA[2023-01-22 22:02:26.050 &amp#27;[32m INFO&amp#27;[m &amp#27;[35m[@534 - main]&amp#27;[m &amp#27;[36mcom.shaft.tools.io.ReportManager&amp#27;[m : 
################################################################################################################################################
Starting Execution:	"39 out of 83" test cases in the current suite
Test Method:		"SteeringCompanyAPI_TestCases.Test_PeriodProgramTemplate_Cases.Valid_GET_all_PeriodProgramTemplate_by_Qry_Rq_TC"
Test Description:	"TC002  -PeriodProgramTemplate-   Perform Get all PeriodProgramTemplate API with pagination with valid user name and password"
################################################################################################################################################
2023-01-22 22:02:26.050 &amp#27;[32m INFO&amp#27;[m &amp#27;[35m[@503 - main]&amp#27;[m &amp#27;[36mcom.shaft.tools.io.ReportManager&amp#27;[m : File Action "DoesFileExist" successfully performed. With the following test data "File Path: "SteeringCompanyAPI_TestData/SteeringCompanyAPI_TestData.xlsx"".
2023-01-22 22:02:26.086 &amp#27;[32m INFO&amp#27;[m &amp#27;[35m[@503 - main]&amp#27;[m &amp#27;[36mcom.shaft.tools.io.ReportManager&amp#27;[m : Successfully created attachment "Test Data - Excel"
2023-01-22 22:02:27.078 &amp#27;[32m INFO&amp#27;[m &amp#27;[35m[@503 - main]&amp#27;[m &amp#27;[36mcom.shaft.tools.io.ReportManager&amp#27;[m : Response status code: "200", status line: "HTTP/1.1 200 OK"
2023-01-22 22:02:27.092 &amp#27;[32m INFO&amp#27;[m &amp#27;[35m[@503 - main]&amp#27;[m &amp#27;[36mcom.shaft.tools.io.ReportManager&amp#27;[m : Successfully created attachment "API Request - Specifications"
2023-01-22 22:02:27.093 &amp#27;[32m INFO&amp#27;[m &amp#27;[35m[@503 - main]&amp#27;[m &amp#27;[36mcom.shaft.tools.io.ReportManager&amp#27;[m : Successfully created attachment "API Request - Body"
2023-01-22 22:02:27.094 &amp#27;[32m INFO&amp#27;[m &amp#27;[35m[@503 - main]&amp#27;[m &amp#27;[36mcom.shaft.tools.io.ReportManager&amp#27;[m : Successfully created attachment "API Response - JSON Body"
2023-01-22 22:02:27.102 &amp#27;[32m INFO&amp#27;[m &amp#27;[35m[@503 - main]&amp#27;[m &amp#27;[36mcom.shaft.tools.io.ReportManager&amp#27;[m : File Action "DoesFileExist" successfully performed. With the following test data "File Path: "SteeringCompanyAPI_TestData/SteeringCompanyAPI_TestData.xlsx"".
2023-01-22 22:02:27.126 &amp#27;[32m INFO&amp#27;[m &amp#27;[35m[@503 - main]&amp#27;[m &amp#27;[36mcom.shaft.tools.io.ReportManager&amp#27;[m : Successfully created attachment "Test Data - Excel"
2023-01-22 22:02:28.157 &amp#27;[32m INFO&amp#27;[m &amp#27;[35m[@503 - main]&amp#27;[m &amp#27;[36mcom.shaft.tools.io.ReportManager&amp#27;[m : Response status code: "200", status line: "HTTP/1.1 200 "
2023-01-22 22:02:28.173 &amp#27;[32m INFO&amp#27;[m &amp#27;[35m[@503 - main]&amp#27;[m &amp#27;[36mcom.shaft.tools.io.ReportManager&amp#27;[m : Successfully created attachment "API Request - Specifications"
2023-01-22 22:02:28.174 &amp#27;[32m INFO&amp#27;[m &amp#27;[35m[@503 - main]&amp#27;[m &amp#27;[36mcom.shaft.tools.io.ReportManager&amp#27;[m : Successfully created attachment "API Response - JSON Body"
2023-01-22 22:02:28.175 &amp#27;[32m INFO&amp#27;[m &amp#27;[35m[@503 - main]&amp#27;[m &amp#27;[36mcom.shaft.tools.io.ReportManager&amp#27;[m : File Action "DoesFileExist" successfully performed. With the following test data "File Path: "Schemas/PeriodProgramTemplates_schema.json"".
2023-01-22 22:02:28.175 &amp#27;[32m INFO&amp#27;[m &amp#27;[35m[@503 - main]&amp#27;[m &amp#27;[36mcom.shaft.tools.io.ReportManager&amp#27;[m : File Action "DoesFileExist" successfully performed. With the following test data "File Path: "src/test/resources/testDataFiles/Schemas/PeriodProgramTemplates_schema.json"".
2023-01-22 22:02:28.175 &amp#27;[32m INFO&amp#27;[m &amp#27;[35m[@503 - main]&amp#27;[m &amp#27;[36mcom.shaft.tools.io.ReportManager&amp#27;[m : File Action "GetAbsolutePath" successfully performed. With the following test data "Relative Folder Path: "src/test/resources/testDataFiles/Schemas/PeriodProgramTemplates_schema.json"".
2023-01-22 22:02:28.180 &amp#27;[32m INFO&amp#27;[m &amp#27;[35m[@503 - main]&amp#27;[m &amp#27;[36mcom.shaft.tools.io.ReportManager&amp#27;[m : File Action "DoesFileExist" successfully performed. With the following test data "File Path: "C:\eclipse-workspace\MyProjects\TASystemsAPIs\src\test\resources\testDataFiles\Schemas\PeriodProgramTemplates_schema.json"".
2023-01-22 22:02:28.180 &amp#27;[32m INFO&amp#27;[m &amp#27;[35m[@503 - main]&amp#27;[m &amp#27;[36mcom.shaft.tools.io.ReportManager&amp#27;[m : File Action "GetAbsolutePath" successfully performed. With the following test data "Relative Folder Path: "C:\eclipse-workspace\MyProjects\TASystemsAPIs\src\test\resources\testDataFiles\Schemas\PeriodProgramTemplates_schema.json"".
2023-01-22 22:02:28.180 &amp#27;[32m INFO&amp#27;[m &amp#27;[35m[@503 - main]&amp#27;[m &amp#27;[36mcom.shaft.tools.io.ReportManager&amp#27;[m : File Action "ReadFile" successfully performed. With the following test data "File Path: "C:\eclipse-workspace\MyProjects\TASystemsAPIs\src\test\resources\testDataFiles\Schemas\PeriodProgramTemplates_schema.json"".
2023-01-22 22:02:28.183 &amp#27;[32m INFO&amp#27;[m &amp#27;[35m[@503 - main]&amp#27;[m &amp#27;[36mcom.shaft.tools.io.ReportManager&amp#27;[m : Successfully created attachment "Validation Test Data - Expected JSON Value"
2023-01-22 22:02:28.185 &amp#27;[32m INFO&amp#27;[m &amp#27;[35m[@503 - main]&amp#27;[m &amp#27;[36mcom.shaft.tools.io.ReportManager&amp#27;[m : Successfully created attachment "Validation Test Data - Actual JSON Value"
2023-01-22 22:02:28.187 &amp#27;[32m INFO&amp#27;[m &amp#27;[35m[@503 - main]&amp#27;[m &amp#27;[36mcom.shaft.tools.io.ReportManager&amp#27;[m : Successfully created attachment "SHAFT Engine Logs - Current Method log: Valid_GET_all_PeriodProgramTemplate_by_Qry_Rq_TC"
]]></system-out>
  </testcase>
  <testcase name="Valid_GET_all_PeriodProgramTemplate_by_Qry_Rq_TC[[Ljava.lang.Object;@3984f360](9)" classname="SteeringCompanyAPI_TestCases.Test_PeriodProgramTemplate_Cases" time="2.469">
    <system-out><![CDATA[2023-01-22 22:02:28.192 &amp#27;[32m INFO&amp#27;[m &amp#27;[35m[@534 - main]&amp#27;[m &amp#27;[36mcom.shaft.tools.io.ReportManager&amp#27;[m : 
################################################################################################################################################
Starting Execution:	"40 out of 83" test cases in the current suite
Test Method:		"SteeringCompanyAPI_TestCases.Test_PeriodProgramTemplate_Cases.Valid_GET_all_PeriodProgramTemplate_by_Qry_Rq_TC"
Test Description:	"TC002  -PeriodProgramTemplate-   Perform Get all PeriodProgramTemplate API with pagination with valid user name and password"
################################################################################################################################################
2023-01-22 22:02:28.193 &amp#27;[32m INFO&amp#27;[m &amp#27;[35m[@503 - main]&amp#27;[m &amp#27;[36mcom.shaft.tools.io.ReportManager&amp#27;[m : File Action "DoesFileExist" successfully performed. With the following test data "File Path: "SteeringCompanyAPI_TestData/SteeringCompanyAPI_TestData.xlsx"".
2023-01-22 22:02:28.225 &amp#27;[32m INFO&amp#27;[m &amp#27;[35m[@503 - main]&amp#27;[m &amp#27;[36mcom.shaft.tools.io.ReportManager&amp#27;[m : Successfully created attachment "Test Data - Excel"
2023-01-22 22:02:29.280 &amp#27;[32m INFO&amp#27;[m &amp#27;[35m[@503 - main]&amp#27;[m &amp#27;[36mcom.shaft.tools.io.ReportManager&amp#27;[m : Response status code: "200", status line: "HTTP/1.1 200 OK"
2023-01-22 22:02:29.297 &amp#27;[32m INFO&amp#27;[m &amp#27;[35m[@503 - main]&amp#27;[m &amp#27;[36mcom.shaft.tools.io.ReportManager&amp#27;[m : Successfully created attachment "API Request - Specifications"
2023-01-22 22:02:29.298 &amp#27;[32m INFO&amp#27;[m &amp#27;[35m[@503 - main]&amp#27;[m &amp#27;[36mcom.shaft.tools.io.ReportManager&amp#27;[m : Successfully created attachment "API Request - Body"
2023-01-22 22:02:29.299 &amp#27;[32m INFO&amp#27;[m &amp#27;[35m[@503 - main]&amp#27;[m &amp#27;[36mcom.shaft.tools.io.ReportManager&amp#27;[m : Successfully created attachment "API Response - JSON Body"
2023-01-22 22:02:29.311 &amp#27;[32m INFO&amp#27;[m &amp#27;[35m[@503 - main]&amp#27;[m &amp#27;[36mcom.shaft.tools.io.ReportManager&amp#27;[m : File Action "DoesFileExist" successfully performed. With the following test data "File Path: "SteeringCompanyAPI_TestData/SteeringCompanyAPI_TestData.xlsx"".
2023-01-22 22:02:29.342 &amp#27;[32m INFO&amp#27;[m &amp#27;[35m[@503 - main]&amp#27;[m &amp#27;[36mcom.shaft.tools.io.ReportManager&amp#27;[m : Successfully created attachment "Test Data - Excel"
2023-01-22 22:02:30.268 &amp#27;[32m INFO&amp#27;[m &amp#27;[35m[@503 - main]&amp#27;[m &amp#27;[36mcom.shaft.tools.io.ReportManager&amp#27;[m : Response status code: "200", status line: "HTTP/1.1 200 "
2023-01-22 22:02:30.642 &amp#27;[32m INFO&amp#27;[m &amp#27;[35m[@503 - main]&amp#27;[m &amp#27;[36mcom.shaft.tools.io.ReportManager&amp#27;[m : Successfully created attachment "API Request - Specifications"
2023-01-22 22:02:30.643 &amp#27;[32m INFO&amp#27;[m &amp#27;[35m[@503 - main]&amp#27;[m &amp#27;[36mcom.shaft.tools.io.ReportManager&amp#27;[m : Successfully created attachment "API Response - JSON Body"
2023-01-22 22:02:30.644 &amp#27;[32m INFO&amp#27;[m &amp#27;[35m[@503 - main]&amp#27;[m &amp#27;[36mcom.shaft.tools.io.ReportManager&amp#27;[m : File Action "DoesFileExist" successfully performed. With the following test data "File Path: "Schemas/PeriodProgramTemplates_schema.json"".
2023-01-22 22:02:30.645 &amp#27;[32m INFO&amp#27;[m &amp#27;[35m[@503 - main]&amp#27;[m &amp#27;[36mcom.shaft.tools.io.ReportManager&amp#27;[m : File Action "DoesFileExist" successfully performed. With the following test data "File Path: "src/test/resources/testDataFiles/Schemas/PeriodProgramTemplates_schema.json"".
2023-01-22 22:02:30.645 &amp#27;[32m INFO&amp#27;[m &amp#27;[35m[@503 - main]&amp#27;[m &amp#27;[36mcom.shaft.tools.io.ReportManager&amp#27;[m : File Action "GetAbsolutePath" successfully performed. With the following test data "Relative Folder Path: "src/test/resources/testDataFiles/Schemas/PeriodProgramTemplates_schema.json"".
2023-01-22 22:02:30.651 &amp#27;[32m INFO&amp#27;[m &amp#27;[35m[@503 - main]&amp#27;[m &amp#27;[36mcom.shaft.tools.io.ReportManager&amp#27;[m : File Action "DoesFileExist" successfully performed. With the following test data "File Path: "C:\eclipse-workspace\MyProjects\TASystemsAPIs\src\test\resources\testDataFiles\Schemas\PeriodProgramTemplates_schema.json"".
2023-01-22 22:02:30.651 &amp#27;[32m INFO&amp#27;[m &amp#27;[35m[@503 - main]&amp#27;[m &amp#27;[36mcom.shaft.tools.io.ReportManager&amp#27;[m : File Action "GetAbsolutePath" successfully performed. With the following test data "Relative Folder Path: "C:\eclipse-workspace\MyProjects\TASystemsAPIs\src\test\resources\testDataFiles\Schemas\PeriodProgramTemplates_schema.json"".
2023-01-22 22:02:30.651 &amp#27;[32m INFO&amp#27;[m &amp#27;[35m[@503 - main]&amp#27;[m &amp#27;[36mcom.shaft.tools.io.ReportManager&amp#27;[m : File Action "ReadFile" successfully performed. With the following test data "File Path: "C:\eclipse-workspace\MyProjects\TASystemsAPIs\src\test\resources\testDataFiles\Schemas\PeriodProgramTemplates_schema.json"".
2023-01-22 22:02:30.653 &amp#27;[32m INFO&amp#27;[m &amp#27;[35m[@503 - main]&amp#27;[m &amp#27;[36mcom.shaft.tools.io.ReportManager&amp#27;[m : Successfully created attachment "Validation Test Data - Expected JSON Value"
2023-01-22 22:02:30.655 &amp#27;[32m INFO&amp#27;[m &amp#27;[35m[@503 - main]&amp#27;[m &amp#27;[36mcom.shaft.tools.io.ReportManager&amp#27;[m : Successfully created attachment "Validation Test Data - Actual JSON Value"
2023-01-22 22:02:30.656 &amp#27;[32m INFO&amp#27;[m &amp#27;[35m[@503 - main]&amp#27;[m &amp#27;[36mcom.shaft.tools.io.ReportManager&amp#27;[m : Successfully created attachment "SHAFT Engine Logs - Current Method log: Valid_GET_all_PeriodProgramTemplate_by_Qry_Rq_TC"
]]></system-out>
  </testcase>
  <testcase name="Valid_GET_all_PeriodProgramTemplate_by_Qry_Rq_TC[[Ljava.lang.Object;@48b5a380](10)" classname="SteeringCompanyAPI_TestCases.Test_PeriodProgramTemplate_Cases" time="2.273">
    <system-out><![CDATA[2023-01-22 22:02:30.659 &amp#27;[32m INFO&amp#27;[m &amp#27;[35m[@534 - main]&amp#27;[m &amp#27;[36mcom.shaft.tools.io.ReportManager&amp#27;[m : 
################################################################################################################################################
Starting Execution:	"41 out of 83" test cases in the current suite
Test Method:		"SteeringCompanyAPI_TestCases.Test_PeriodProgramTemplate_Cases.Valid_GET_all_PeriodProgramTemplate_by_Qry_Rq_TC"
Test Description:	"TC002  -PeriodProgramTemplate-   Perform Get all PeriodProgramTemplate API with pagination with valid user name and password"
################################################################################################################################################
2023-01-22 22:02:30.660 &amp#27;[32m INFO&amp#27;[m &amp#27;[35m[@503 - main]&amp#27;[m &amp#27;[36mcom.shaft.tools.io.ReportManager&amp#27;[m : File Action "DoesFileExist" successfully performed. With the following test data "File Path: "SteeringCompanyAPI_TestData/SteeringCompanyAPI_TestData.xlsx"".
2023-01-22 22:02:30.714 &amp#27;[32m INFO&amp#27;[m &amp#27;[35m[@503 - main]&amp#27;[m &amp#27;[36mcom.shaft.tools.io.ReportManager&amp#27;[m : Successfully created attachment "Test Data - Excel"
2023-01-22 22:02:31.616 &amp#27;[32m INFO&amp#27;[m &amp#27;[35m[@503 - main]&amp#27;[m &amp#27;[36mcom.shaft.tools.io.ReportManager&amp#27;[m : Response status code: "200", status line: "HTTP/1.1 200 OK"
2023-01-22 22:02:31.634 &amp#27;[32m INFO&amp#27;[m &amp#27;[35m[@503 - main]&amp#27;[m &amp#27;[36mcom.shaft.tools.io.ReportManager&amp#27;[m : Successfully created attachment "API Request - Specifications"
2023-01-22 22:02:31.635 &amp#27;[32m INFO&amp#27;[m &amp#27;[35m[@503 - main]&amp#27;[m &amp#27;[36mcom.shaft.tools.io.ReportManager&amp#27;[m : Successfully created attachment "API Request - Body"
2023-01-22 22:02:31.636 &amp#27;[32m INFO&amp#27;[m &amp#27;[35m[@503 - main]&amp#27;[m &amp#27;[36mcom.shaft.tools.io.ReportManager&amp#27;[m : Successfully created attachment "API Response - JSON Body"
2023-01-22 22:02:31.646 &amp#27;[32m INFO&amp#27;[m &amp#27;[35m[@503 - main]&amp#27;[m &amp#27;[36mcom.shaft.tools.io.ReportManager&amp#27;[m : File Action "DoesFileExist" successfully performed. With the following test data "File Path: "SteeringCompanyAPI_TestData/SteeringCompanyAPI_TestData.xlsx"".
2023-01-22 22:02:31.678 &amp#27;[32m INFO&amp#27;[m &amp#27;[35m[@503 - main]&amp#27;[m &amp#27;[36mcom.shaft.tools.io.ReportManager&amp#27;[m : Successfully created attachment "Test Data - Excel"
2023-01-22 22:02:32.866 &amp#27;[32m INFO&amp#27;[m &amp#27;[35m[@503 - main]&amp#27;[m &amp#27;[36mcom.shaft.tools.io.ReportManager&amp#27;[m : Response status code: "200", status line: "HTTP/1.1 200 "
2023-01-22 22:02:32.882 &amp#27;[32m INFO&amp#27;[m &amp#27;[35m[@503 - main]&amp#27;[m &amp#27;[36mcom.shaft.tools.io.ReportManager&amp#27;[m : Successfully created attachment "API Request - Specifications"
2023-01-22 22:02:32.912 &amp#27;[32m INFO&amp#27;[m &amp#27;[35m[@503 - main]&amp#27;[m &amp#27;[36mcom.shaft.tools.io.ReportManager&amp#27;[m : Successfully created attachment "API Response - JSON Body"
2023-01-22 22:02:32.913 &amp#27;[32m INFO&amp#27;[m &amp#27;[35m[@503 - main]&amp#27;[m &amp#27;[36mcom.shaft.tools.io.ReportManager&amp#27;[m : File Action "DoesFileExist" successfully performed. With the following test data "File Path: "Schemas/PeriodProgramTemplates_schema.json"".
2023-01-22 22:02:32.913 &amp#27;[32m INFO&amp#27;[m &amp#27;[35m[@503 - main]&amp#27;[m &amp#27;[36mcom.shaft.tools.io.ReportManager&amp#27;[m : File Action "DoesFileExist" successfully performed. With the following test data "File Path: "src/test/resources/testDataFiles/Schemas/PeriodProgramTemplates_schema.json"".
2023-01-22 22:02:32.914 &amp#27;[32m INFO&amp#27;[m &amp#27;[35m[@503 - main]&amp#27;[m &amp#27;[36mcom.shaft.tools.io.ReportManager&amp#27;[m : File Action "GetAbsolutePath" successfully performed. With the following test data "Relative Folder Path: "src/test/resources/testDataFiles/Schemas/PeriodProgramTemplates_schema.json"".
2023-01-22 22:02:32.921 &amp#27;[32m INFO&amp#27;[m &amp#27;[35m[@503 - main]&amp#27;[m &amp#27;[36mcom.shaft.tools.io.ReportManager&amp#27;[m : File Action "DoesFileExist" successfully performed. With the following test data "File Path: "C:\eclipse-workspace\MyProjects\TASystemsAPIs\src\test\resources\testDataFiles\Schemas\PeriodProgramTemplates_schema.json"".
2023-01-22 22:02:32.922 &amp#27;[32m INFO&amp#27;[m &amp#27;[35m[@503 - main]&amp#27;[m &amp#27;[36mcom.shaft.tools.io.ReportManager&amp#27;[m : File Action "GetAbsolutePath" successfully performed. With the following test data "Relative Folder Path: "C:\eclipse-workspace\MyProjects\TASystemsAPIs\src\test\resources\testDataFiles\Schemas\PeriodProgramTemplates_schema.json"".
2023-01-22 22:02:32.922 &amp#27;[32m INFO&amp#27;[m &amp#27;[35m[@503 - main]&amp#27;[m &amp#27;[36mcom.shaft.tools.io.ReportManager&amp#27;[m : File Action "ReadFile" successfully performed. With the following test data "File Path: "C:\eclipse-workspace\MyProjects\TASystemsAPIs\src\test\resources\testDataFiles\Schemas\PeriodProgramTemplates_schema.json"".
2023-01-22 22:02:32.926 &amp#27;[32m INFO&amp#27;[m &amp#27;[35m[@503 - main]&amp#27;[m &amp#27;[36mcom.shaft.tools.io.ReportManager&amp#27;[m : Successfully created attachment "Validation Test Data - Expected JSON Value"
2023-01-22 22:02:32.927 &amp#27;[32m INFO&amp#27;[m &amp#27;[35m[@503 - main]&amp#27;[m &amp#27;[36mcom.shaft.tools.io.ReportManager&amp#27;[m : Successfully created attachment "Validation Test Data - Actual JSON Value"
2023-01-22 22:02:32.929 &amp#27;[32m INFO&amp#27;[m &amp#27;[35m[@503 - main]&amp#27;[m &amp#27;[36mcom.shaft.tools.io.ReportManager&amp#27;[m : Successfully created attachment "SHAFT Engine Logs - Current Method log: Valid_GET_all_PeriodProgramTemplate_by_Qry_Rq_TC"
]]></system-out>
  </testcase>
  <testcase name="Valid_Get_PeriodProgramTemplate_ByID_Rq_TC[[Ljava.lang.Object;@31c00d59](1)" classname="SteeringCompanyAPI_TestCases.Test_PeriodProgramTemplate_Cases" time="2.112">
    <system-out><![CDATA[2023-01-22 22:02:32.933 &amp#27;[32m INFO&amp#27;[m &amp#27;[35m[@534 - main]&amp#27;[m &amp#27;[36mcom.shaft.tools.io.ReportManager&amp#27;[m : 
################################################################################################################################################
Starting Execution:	"42 out of 83" test cases in the current suite
Test Method:		"SteeringCompanyAPI_TestCases.Test_PeriodProgramTemplate_Cases.Valid_Get_PeriodProgramTemplate_ByID_Rq_TC"
Test Description:	"TC007  -PeriodProgramTemplate-   Perform Get PeriodProgramTemplate API by ID"
################################################################################################################################################
2023-01-22 22:02:32.934 &amp#27;[32m INFO&amp#27;[m &amp#27;[35m[@503 - main]&amp#27;[m &amp#27;[36mcom.shaft.tools.io.ReportManager&amp#27;[m : File Action "DoesFileExist" successfully performed. With the following test data "File Path: "SteeringCompanyAPI_TestData/SteeringCompanyAPI_TestData.xlsx"".
2023-01-22 22:02:32.974 &amp#27;[32m INFO&amp#27;[m &amp#27;[35m[@503 - main]&amp#27;[m &amp#27;[36mcom.shaft.tools.io.ReportManager&amp#27;[m : Successfully created attachment "Test Data - Excel"
2023-01-22 22:02:34.063 &amp#27;[32m INFO&amp#27;[m &amp#27;[35m[@503 - main]&amp#27;[m &amp#27;[36mcom.shaft.tools.io.ReportManager&amp#27;[m : Response status code: "200", status line: "HTTP/1.1 200 OK"
2023-01-22 22:02:34.077 &amp#27;[32m INFO&amp#27;[m &amp#27;[35m[@503 - main]&amp#27;[m &amp#27;[36mcom.shaft.tools.io.ReportManager&amp#27;[m : Successfully created attachment "API Request - Specifications"
2023-01-22 22:02:34.077 &amp#27;[32m INFO&amp#27;[m &amp#27;[35m[@503 - main]&amp#27;[m &amp#27;[36mcom.shaft.tools.io.ReportManager&amp#27;[m : Successfully created attachment "API Request - Body"
2023-01-22 22:02:34.079 &amp#27;[32m INFO&amp#27;[m &amp#27;[35m[@503 - main]&amp#27;[m &amp#27;[36mcom.shaft.tools.io.ReportManager&amp#27;[m : Successfully created attachment "API Response - JSON Body"
2023-01-22 22:02:34.089 &amp#27;[32m INFO&amp#27;[m &amp#27;[35m[@503 - main]&amp#27;[m &amp#27;[36mcom.shaft.tools.io.ReportManager&amp#27;[m : File Action "DoesFileExist" successfully performed. With the following test data "File Path: "SteeringCompanyAPI_TestData/SteeringCompanyAPI_TestData.xlsx"".
2023-01-22 22:02:34.124 &amp#27;[32m INFO&amp#27;[m &amp#27;[35m[@503 - main]&amp#27;[m &amp#27;[36mcom.shaft.tools.io.ReportManager&amp#27;[m : Successfully created attachment "Test Data - Excel"
2023-01-22 22:02:35.017 &amp#27;[32m INFO&amp#27;[m &amp#27;[35m[@503 - main]&amp#27;[m &amp#27;[36mcom.shaft.tools.io.ReportManager&amp#27;[m : Response status code: "200", status line: "HTTP/1.1 200 "
2023-01-22 22:02:35.032 &amp#27;[32m INFO&amp#27;[m &amp#27;[35m[@503 - main]&amp#27;[m &amp#27;[36mcom.shaft.tools.io.ReportManager&amp#27;[m : Successfully created attachment "API Request - Specifications"
2023-01-22 22:02:35.033 &amp#27;[32m INFO&amp#27;[m &amp#27;[35m[@503 - main]&amp#27;[m &amp#27;[36mcom.shaft.tools.io.ReportManager&amp#27;[m : Successfully created attachment "API Response - JSON Body"
2023-01-22 22:02:35.034 &amp#27;[32m INFO&amp#27;[m &amp#27;[35m[@503 - main]&amp#27;[m &amp#27;[36mcom.shaft.tools.io.ReportManager&amp#27;[m : File Action "DoesFileExist" successfully performed. With the following test data "File Path: "Schemas/PeriodProgramTemplatesByID_schema.json"".
2023-01-22 22:02:35.035 &amp#27;[32m INFO&amp#27;[m &amp#27;[35m[@503 - main]&amp#27;[m &amp#27;[36mcom.shaft.tools.io.ReportManager&amp#27;[m : File Action "DoesFileExist" successfully performed. With the following test data "File Path: "src/test/resources/testDataFiles/Schemas/PeriodProgramTemplatesByID_schema.json"".
2023-01-22 22:02:35.035 &amp#27;[32m INFO&amp#27;[m &amp#27;[35m[@503 - main]&amp#27;[m &amp#27;[36mcom.shaft.tools.io.ReportManager&amp#27;[m : File Action "GetAbsolutePath" successfully performed. With the following test data "Relative Folder Path: "src/test/resources/testDataFiles/Schemas/PeriodProgramTemplatesByID_schema.json"".
2023-01-22 22:02:35.038 &amp#27;[32m INFO&amp#27;[m &amp#27;[35m[@503 - main]&amp#27;[m &amp#27;[36mcom.shaft.tools.io.ReportManager&amp#27;[m : File Action "DoesFileExist" successfully performed. With the following test data "File Path: "C:\eclipse-workspace\MyProjects\TASystemsAPIs\src\test\resources\testDataFiles\Schemas\PeriodProgramTemplatesByID_schema.json"".
2023-01-22 22:02:35.038 &amp#27;[32m INFO&amp#27;[m &amp#27;[35m[@503 - main]&amp#27;[m &amp#27;[36mcom.shaft.tools.io.ReportManager&amp#27;[m : File Action "GetAbsolutePath" successfully performed. With the following test data "Relative Folder Path: "C:\eclipse-workspace\MyProjects\TASystemsAPIs\src\test\resources\testDataFiles\Schemas\PeriodProgramTemplatesByID_schema.json"".
2023-01-22 22:02:35.038 &amp#27;[32m INFO&amp#27;[m &amp#27;[35m[@503 - main]&amp#27;[m &amp#27;[36mcom.shaft.tools.io.ReportManager&amp#27;[m : File Action "ReadFile" successfully performed. With the following test data "File Path: "C:\eclipse-workspace\MyProjects\TASystemsAPIs\src\test\resources\testDataFiles\Schemas\PeriodProgramTemplatesByID_schema.json"".
2023-01-22 22:02:35.039 &amp#27;[32m INFO&amp#27;[m &amp#27;[35m[@503 - main]&amp#27;[m &amp#27;[36mcom.shaft.tools.io.ReportManager&amp#27;[m : Successfully created attachment "Validation Test Data - Expected JSON Value"
2023-01-22 22:02:35.041 &amp#27;[32m INFO&amp#27;[m &amp#27;[35m[@503 - main]&amp#27;[m &amp#27;[36mcom.shaft.tools.io.ReportManager&amp#27;[m : Successfully created attachment "Validation Test Data - Actual JSON Value"
2023-01-22 22:02:35.043 &amp#27;[32m INFO&amp#27;[m &amp#27;[35m[@503 - main]&amp#27;[m &amp#27;[36mcom.shaft.tools.io.ReportManager&amp#27;[m : Successfully created attachment "SHAFT Engine Logs - Current Method log: Valid_Get_PeriodProgramTemplate_ByID_Rq_TC"
]]></system-out>
  </testcase>
  <testcase name="Valid_Get_PeriodProgramTemplate_ByID_Rq_TC[[Ljava.lang.Object;@4ad31999](2)" classname="SteeringCompanyAPI_TestCases.Test_PeriodProgramTemplate_Cases" time="1.738">
    <system-out><![CDATA[2023-01-22 22:02:35.046 &amp#27;[32m INFO&amp#27;[m &amp#27;[35m[@534 - main]&amp#27;[m &amp#27;[36mcom.shaft.tools.io.ReportManager&amp#27;[m : 
################################################################################################################################################
Starting Execution:	"43 out of 83" test cases in the current suite
Test Method:		"SteeringCompanyAPI_TestCases.Test_PeriodProgramTemplate_Cases.Valid_Get_PeriodProgramTemplate_ByID_Rq_TC"
Test Description:	"TC007  -PeriodProgramTemplate-   Perform Get PeriodProgramTemplate API by ID"
################################################################################################################################################
2023-01-22 22:02:35.047 &amp#27;[32m INFO&amp#27;[m &amp#27;[35m[@503 - main]&amp#27;[m &amp#27;[36mcom.shaft.tools.io.ReportManager&amp#27;[m : File Action "DoesFileExist" successfully performed. With the following test data "File Path: "SteeringCompanyAPI_TestData/SteeringCompanyAPI_TestData.xlsx"".
2023-01-22 22:02:35.079 &amp#27;[32m INFO&amp#27;[m &amp#27;[35m[@503 - main]&amp#27;[m &amp#27;[36mcom.shaft.tools.io.ReportManager&amp#27;[m : Successfully created attachment "Test Data - Excel"
2023-01-22 22:02:35.884 &amp#27;[32m INFO&amp#27;[m &amp#27;[35m[@503 - main]&amp#27;[m &amp#27;[36mcom.shaft.tools.io.ReportManager&amp#27;[m : Response status code: "200", status line: "HTTP/1.1 200 OK"
2023-01-22 22:02:35.903 &amp#27;[32m INFO&amp#27;[m &amp#27;[35m[@503 - main]&amp#27;[m &amp#27;[36mcom.shaft.tools.io.ReportManager&amp#27;[m : Successfully created attachment "API Request - Specifications"
2023-01-22 22:02:35.904 &amp#27;[32m INFO&amp#27;[m &amp#27;[35m[@503 - main]&amp#27;[m &amp#27;[36mcom.shaft.tools.io.ReportManager&amp#27;[m : Successfully created attachment "API Request - Body"
2023-01-22 22:02:35.905 &amp#27;[32m INFO&amp#27;[m &amp#27;[35m[@503 - main]&amp#27;[m &amp#27;[36mcom.shaft.tools.io.ReportManager&amp#27;[m : Successfully created attachment "API Response - JSON Body"
2023-01-22 22:02:35.917 &amp#27;[32m INFO&amp#27;[m &amp#27;[35m[@503 - main]&amp#27;[m &amp#27;[36mcom.shaft.tools.io.ReportManager&amp#27;[m : File Action "DoesFileExist" successfully performed. With the following test data "File Path: "SteeringCompanyAPI_TestData/SteeringCompanyAPI_TestData.xlsx"".
2023-01-22 22:02:35.945 &amp#27;[32m INFO&amp#27;[m &amp#27;[35m[@503 - main]&amp#27;[m &amp#27;[36mcom.shaft.tools.io.ReportManager&amp#27;[m : Successfully created attachment "Test Data - Excel"
2023-01-22 22:02:36.757 &amp#27;[32m INFO&amp#27;[m &amp#27;[35m[@503 - main]&amp#27;[m &amp#27;[36mcom.shaft.tools.io.ReportManager&amp#27;[m : Response status code: "200", status line: "HTTP/1.1 200 "
2023-01-22 22:02:36.771 &amp#27;[32m INFO&amp#27;[m &amp#27;[35m[@503 - main]&amp#27;[m &amp#27;[36mcom.shaft.tools.io.ReportManager&amp#27;[m : Successfully created attachment "API Request - Specifications"
2023-01-22 22:02:36.773 &amp#27;[32m INFO&amp#27;[m &amp#27;[35m[@503 - main]&amp#27;[m &amp#27;[36mcom.shaft.tools.io.ReportManager&amp#27;[m : Successfully created attachment "API Response - JSON Body"
2023-01-22 22:02:36.774 &amp#27;[32m INFO&amp#27;[m &amp#27;[35m[@503 - main]&amp#27;[m &amp#27;[36mcom.shaft.tools.io.ReportManager&amp#27;[m : File Action "DoesFileExist" successfully performed. With the following test data "File Path: "Schemas/PeriodProgramTemplatesByID_schema.json"".
2023-01-22 22:02:36.775 &amp#27;[32m INFO&amp#27;[m &amp#27;[35m[@503 - main]&amp#27;[m &amp#27;[36mcom.shaft.tools.io.ReportManager&amp#27;[m : File Action "DoesFileExist" successfully performed. With the following test data "File Path: "src/test/resources/testDataFiles/Schemas/PeriodProgramTemplatesByID_schema.json"".
2023-01-22 22:02:36.775 &amp#27;[32m INFO&amp#27;[m &amp#27;[35m[@503 - main]&amp#27;[m &amp#27;[36mcom.shaft.tools.io.ReportManager&amp#27;[m : File Action "GetAbsolutePath" successfully performed. With the following test data "Relative Folder Path: "src/test/resources/testDataFiles/Schemas/PeriodProgramTemplatesByID_schema.json"".
2023-01-22 22:02:36.777 &amp#27;[32m INFO&amp#27;[m &amp#27;[35m[@503 - main]&amp#27;[m &amp#27;[36mcom.shaft.tools.io.ReportManager&amp#27;[m : File Action "DoesFileExist" successfully performed. With the following test data "File Path: "C:\eclipse-workspace\MyProjects\TASystemsAPIs\src\test\resources\testDataFiles\Schemas\PeriodProgramTemplatesByID_schema.json"".
2023-01-22 22:02:36.778 &amp#27;[32m INFO&amp#27;[m &amp#27;[35m[@503 - main]&amp#27;[m &amp#27;[36mcom.shaft.tools.io.ReportManager&amp#27;[m : File Action "GetAbsolutePath" successfully performed. With the following test data "Relative Folder Path: "C:\eclipse-workspace\MyProjects\TASystemsAPIs\src\test\resources\testDataFiles\Schemas\PeriodProgramTemplatesByID_schema.json"".
2023-01-22 22:02:36.778 &amp#27;[32m INFO&amp#27;[m &amp#27;[35m[@503 - main]&amp#27;[m &amp#27;[36mcom.shaft.tools.io.ReportManager&amp#27;[m : File Action "ReadFile" successfully performed. With the following test data "File Path: "C:\eclipse-workspace\MyProjects\TASystemsAPIs\src\test\resources\testDataFiles\Schemas\PeriodProgramTemplatesByID_schema.json"".
2023-01-22 22:02:36.779 &amp#27;[32m INFO&amp#27;[m &amp#27;[35m[@503 - main]&amp#27;[m &amp#27;[36mcom.shaft.tools.io.ReportManager&amp#27;[m : Successfully created attachment "Validation Test Data - Expected JSON Value"
2023-01-22 22:02:36.781 &amp#27;[32m INFO&amp#27;[m &amp#27;[35m[@503 - main]&amp#27;[m &amp#27;[36mcom.shaft.tools.io.ReportManager&amp#27;[m : Successfully created attachment "Validation Test Data - Actual JSON Value"
2023-01-22 22:02:36.782 &amp#27;[32m INFO&amp#27;[m &amp#27;[35m[@503 - main]&amp#27;[m &amp#27;[36mcom.shaft.tools.io.ReportManager&amp#27;[m : Successfully created attachment "SHAFT Engine Logs - Current Method log: Valid_Get_PeriodProgramTemplate_ByID_Rq_TC"
]]></system-out>
  </testcase>
  <testcase name="Add_Policy_With_InValid_data_TC[[Ljava.lang.Object;@6e85002b](1)" classname="SteeringCompanyAPI_TestCases.Test_Policies_Cases" time="1.848">
    <system-out><![CDATA[2023-01-22 22:02:36.783 &amp#27;[32m INFO&amp#27;[m &amp#27;[35m[@534 - main]&amp#27;[m &amp#27;[36mcom.shaft.tools.io.ReportManager&amp#27;[m : 
################################################################################################################################################
Starting Execution of a Configuration (Setup or Teardown) Method
Test Method:		"SteeringCompanyAPI_TestCases.Test_Policies_Cases.Setup_data"
################################################################################################################################################
2023-01-22 22:02:36.784 &amp#27;[32m INFO&amp#27;[m &amp#27;[35m[@503 - main]&amp#27;[m &amp#27;[36mcom.shaft.tools.io.ReportManager&amp#27;[m : File Action "DoesFileExist" successfully performed. With the following test data "File Path: "SteeringCompanyAPI_TestData/SteeringCompanyAPI_TestData.xlsx"".
2023-01-22 22:02:36.816 &amp#27;[32m INFO&amp#27;[m &amp#27;[35m[@503 - main]&amp#27;[m &amp#27;[36mcom.shaft.tools.io.ReportManager&amp#27;[m : Successfully created attachment "Test Data - Excel"
2023-01-22 22:02:36.817 &amp#27;[32m INFO&amp#27;[m &amp#27;[35m[@503 - main]&amp#27;[m &amp#27;[36mcom.shaft.tools.io.ReportManager&amp#27;[m : File Action "DoesFileExist" successfully performed. With the following test data "File Path: "SteeringCompanyAPI_TestData/SteeringCompanyAPI_TestData.xlsx"".
2023-01-22 22:02:36.843 &amp#27;[32m INFO&amp#27;[m &amp#27;[35m[@503 - main]&amp#27;[m &amp#27;[36mcom.shaft.tools.io.ReportManager&amp#27;[m : Successfully created attachment "Test Data - Excel"
2023-01-22 22:02:36.844 &amp#27;[31mERROR&amp#27;[m &amp#27;[35m[@609 - main]&amp#27;[m &amp#27;[36mio.qameta.allure.AllureLifecycle&amp#27;[m : Could not add attachment: no test is running
2023-01-22 22:02:36.845 &amp#27;[32m INFO&amp#27;[m &amp#27;[35m[@503 - main]&amp#27;[m &amp#27;[36mcom.shaft.tools.io.ReportManager&amp#27;[m : Successfully created attachment "SHAFT Engine Logs - Current Method log: Setup_data"
2023-01-22 22:02:36.892 &amp#27;[32m INFO&amp#27;[m &amp#27;[35m[@534 - main]&amp#27;[m &amp#27;[36mcom.shaft.tools.io.ReportManager&amp#27;[m : 
################################################################################################################################################
Starting Execution:	"44 out of 83" test cases in the current suite
Test Method:		"SteeringCompanyAPI_TestCases.Test_Policies_Cases.Add_Policy_With_InValid_data_TC"
Test Description:	"TC052 -Policy- Perform Add Policy with InValid data"
################################################################################################################################################
2023-01-22 22:02:36.892 &amp#27;[32m INFO&amp#27;[m &amp#27;[35m[@503 - main]&amp#27;[m &amp#27;[36mcom.shaft.tools.io.ReportManager&amp#27;[m : File Action "DoesFileExist" successfully performed. With the following test data "File Path: "SteeringCompanyAPI_TestData/SteeringCompanyAPI_TestData.xlsx"".
2023-01-22 22:02:36.924 &amp#27;[32m INFO&amp#27;[m &amp#27;[35m[@503 - main]&amp#27;[m &amp#27;[36mcom.shaft.tools.io.ReportManager&amp#27;[m : Successfully created attachment "Test Data - Excel"
2023-01-22 22:02:37.825 &amp#27;[32m INFO&amp#27;[m &amp#27;[35m[@503 - main]&amp#27;[m &amp#27;[36mcom.shaft.tools.io.ReportManager&amp#27;[m : Response status code: "200", status line: "HTTP/1.1 200 OK"
2023-01-22 22:02:37.840 &amp#27;[32m INFO&amp#27;[m &amp#27;[35m[@503 - main]&amp#27;[m &amp#27;[36mcom.shaft.tools.io.ReportManager&amp#27;[m : Successfully created attachment "API Request - Specifications"
2023-01-22 22:02:37.841 &amp#27;[32m INFO&amp#27;[m &amp#27;[35m[@503 - main]&amp#27;[m &amp#27;[36mcom.shaft.tools.io.ReportManager&amp#27;[m : Successfully created attachment "API Request - Body"
2023-01-22 22:02:37.842 &amp#27;[32m INFO&amp#27;[m &amp#27;[35m[@503 - main]&amp#27;[m &amp#27;[36mcom.shaft.tools.io.ReportManager&amp#27;[m : Successfully created attachment "API Response - JSON Body"
2023-01-22 22:02:37.854 &amp#27;[32m INFO&amp#27;[m &amp#27;[35m[@503 - main]&amp#27;[m &amp#27;[36mcom.shaft.tools.io.ReportManager&amp#27;[m : File Action "DoesFileExist" successfully performed. With the following test data "File Path: "SteeringCompanyAPI_TestData/SteeringCompanyAPI_TestData.xlsx"".
2023-01-22 22:02:37.882 &amp#27;[32m INFO&amp#27;[m &amp#27;[35m[@503 - main]&amp#27;[m &amp#27;[36mcom.shaft.tools.io.ReportManager&amp#27;[m : Successfully created attachment "Test Data - Excel"
2023-01-22 22:02:37.882 &amp#27;[32m INFO&amp#27;[m &amp#27;[35m[@503 - main]&amp#27;[m &amp#27;[36mcom.shaft.tools.io.ReportManager&amp#27;[m : File Action "DoesFileExist" successfully performed. With the following test data "File Path: "SteeringCompanyAPI_TestData/SteeringCompanyAPI_TestData.xlsx"".
2023-01-22 22:02:37.928 &amp#27;[32m INFO&amp#27;[m &amp#27;[35m[@503 - main]&amp#27;[m &amp#27;[36mcom.shaft.tools.io.ReportManager&amp#27;[m : Successfully created attachment "Test Data - Excel"
2023-01-22 22:02:37.928 &amp#27;[32m INFO&amp#27;[m &amp#27;[35m[@503 - main]&amp#27;[m &amp#27;[36mcom.shaft.tools.io.ReportManager&amp#27;[m : File Action "DoesFileExist" successfully performed. With the following test data "File Path: "SteeringCompanyAPI_TestData/SteeringCompanyAPI_TestData.xlsx"".
2023-01-22 22:02:37.955 &amp#27;[32m INFO&amp#27;[m &amp#27;[35m[@503 - main]&amp#27;[m &amp#27;[36mcom.shaft.tools.io.ReportManager&amp#27;[m : Successfully created attachment "Test Data - Excel"
2023-01-22 22:02:38.712 &amp#27;[32m INFO&amp#27;[m &amp#27;[35m[@503 - main]&amp#27;[m &amp#27;[36mcom.shaft.tools.io.ReportManager&amp#27;[m : Response status code: "422", status line: "HTTP/1.1 422 "
2023-01-22 22:02:38.724 &amp#27;[32m INFO&amp#27;[m &amp#27;[35m[@503 - main]&amp#27;[m &amp#27;[36mcom.shaft.tools.io.ReportManager&amp#27;[m : Successfully created attachment "API Request - Specifications"
2023-01-22 22:02:38.725 &amp#27;[32m INFO&amp#27;[m &amp#27;[35m[@503 - main]&amp#27;[m &amp#27;[36mcom.shaft.tools.io.ReportManager&amp#27;[m : Successfully created attachment "API Request - JSON Body"
2023-01-22 22:02:38.726 &amp#27;[32m INFO&amp#27;[m &amp#27;[35m[@503 - main]&amp#27;[m &amp#27;[36mcom.shaft.tools.io.ReportManager&amp#27;[m : Successfully created attachment "API Response - JSON Body"
2023-01-22 22:02:38.727 &amp#27;[32m INFO&amp#27;[m &amp#27;[35m[@503 - main]&amp#27;[m &amp#27;[36mcom.shaft.tools.io.ReportManager&amp#27;[m : File Action "DoesFileExist" successfully performed. With the following test data "File Path: "Schemas/ValidationError_schema.json"".
2023-01-22 22:02:38.727 &amp#27;[32m INFO&amp#27;[m &amp#27;[35m[@503 - main]&amp#27;[m &amp#27;[36mcom.shaft.tools.io.ReportManager&amp#27;[m : File Action "DoesFileExist" successfully performed. With the following test data "File Path: "src/test/resources/testDataFiles/Schemas/ValidationError_schema.json"".
2023-01-22 22:02:38.727 &amp#27;[32m INFO&amp#27;[m &amp#27;[35m[@503 - main]&amp#27;[m &amp#27;[36mcom.shaft.tools.io.ReportManager&amp#27;[m : File Action "GetAbsolutePath" successfully performed. With the following test data "Relative Folder Path: "src/test/resources/testDataFiles/Schemas/ValidationError_schema.json"".
2023-01-22 22:02:38.731 &amp#27;[32m INFO&amp#27;[m &amp#27;[35m[@503 - main]&amp#27;[m &amp#27;[36mcom.shaft.tools.io.ReportManager&amp#27;[m : File Action "DoesFileExist" successfully performed. With the following test data "File Path: "C:\eclipse-workspace\MyProjects\TASystemsAPIs\src\test\resources\testDataFiles\Schemas\ValidationError_schema.json"".
2023-01-22 22:02:38.731 &amp#27;[32m INFO&amp#27;[m &amp#27;[35m[@503 - main]&amp#27;[m &amp#27;[36mcom.shaft.tools.io.ReportManager&amp#27;[m : File Action "GetAbsolutePath" successfully performed. With the following test data "Relative Folder Path: "C:\eclipse-workspace\MyProjects\TASystemsAPIs\src\test\resources\testDataFiles\Schemas\ValidationError_schema.json"".
2023-01-22 22:02:38.732 &amp#27;[32m INFO&amp#27;[m &amp#27;[35m[@503 - main]&amp#27;[m &amp#27;[36mcom.shaft.tools.io.ReportManager&amp#27;[m : File Action "ReadFile" successfully performed. With the following test data "File Path: "C:\eclipse-workspace\MyProjects\TASystemsAPIs\src\test\resources\testDataFiles\Schemas\ValidationError_schema.json"".
2023-01-22 22:02:38.734 &amp#27;[32m INFO&amp#27;[m &amp#27;[35m[@503 - main]&amp#27;[m &amp#27;[36mcom.shaft.tools.io.ReportManager&amp#27;[m : Successfully created attachment "Validation Test Data - Expected JSON Value"
2023-01-22 22:02:38.735 &amp#27;[32m INFO&amp#27;[m &amp#27;[35m[@503 - main]&amp#27;[m &amp#27;[36mcom.shaft.tools.io.ReportManager&amp#27;[m : Successfully created attachment "Validation Test Data - Actual JSON Value"
2023-01-22 22:02:38.736 &amp#27;[32m INFO&amp#27;[m &amp#27;[35m[@503 - main]&amp#27;[m &amp#27;[36mcom.shaft.tools.io.ReportManager&amp#27;[m : Successfully created attachment "SHAFT Engine Logs - Current Method log: Add_Policy_With_InValid_data_TC"
]]></system-out>
  </testcase>
  <testcase name="Add_Policy_With_InValid_data_TC[[Ljava.lang.Object;@65618897](2)" classname="SteeringCompanyAPI_TestCases.Test_Policies_Cases" time="2.242">
    <system-out><![CDATA[2023-01-22 22:02:38.739 &amp#27;[32m INFO&amp#27;[m &amp#27;[35m[@534 - main]&amp#27;[m &amp#27;[36mcom.shaft.tools.io.ReportManager&amp#27;[m : 
################################################################################################################################################
Starting Execution:	"45 out of 83" test cases in the current suite
Test Method:		"SteeringCompanyAPI_TestCases.Test_Policies_Cases.Add_Policy_With_InValid_data_TC"
Test Description:	"TC052 -Policy- Perform Add Policy with InValid data"
################################################################################################################################################
2023-01-22 22:02:38.739 &amp#27;[32m INFO&amp#27;[m &amp#27;[35m[@503 - main]&amp#27;[m &amp#27;[36mcom.shaft.tools.io.ReportManager&amp#27;[m : File Action "DoesFileExist" successfully performed. With the following test data "File Path: "SteeringCompanyAPI_TestData/SteeringCompanyAPI_TestData.xlsx"".
2023-01-22 22:02:38.765 &amp#27;[32m INFO&amp#27;[m &amp#27;[35m[@503 - main]&amp#27;[m &amp#27;[36mcom.shaft.tools.io.ReportManager&amp#27;[m : Successfully created attachment "Test Data - Excel"
2023-01-22 22:02:39.953 &amp#27;[32m INFO&amp#27;[m &amp#27;[35m[@503 - main]&amp#27;[m &amp#27;[36mcom.shaft.tools.io.ReportManager&amp#27;[m : Response status code: "200", status line: "HTTP/1.1 200 OK"
2023-01-22 22:02:39.964 &amp#27;[32m INFO&amp#27;[m &amp#27;[35m[@503 - main]&amp#27;[m &amp#27;[36mcom.shaft.tools.io.ReportManager&amp#27;[m : Successfully created attachment "API Request - Specifications"
2023-01-22 22:02:39.965 &amp#27;[32m INFO&amp#27;[m &amp#27;[35m[@503 - main]&amp#27;[m &amp#27;[36mcom.shaft.tools.io.ReportManager&amp#27;[m : Successfully created attachment "API Request - Body"
2023-01-22 22:02:39.966 &amp#27;[32m INFO&amp#27;[m &amp#27;[35m[@503 - main]&amp#27;[m &amp#27;[36mcom.shaft.tools.io.ReportManager&amp#27;[m : Successfully created attachment "API Response - JSON Body"
2023-01-22 22:02:39.976 &amp#27;[32m INFO&amp#27;[m &amp#27;[35m[@503 - main]&amp#27;[m &amp#27;[36mcom.shaft.tools.io.ReportManager&amp#27;[m : File Action "DoesFileExist" successfully performed. With the following test data "File Path: "SteeringCompanyAPI_TestData/SteeringCompanyAPI_TestData.xlsx"".
2023-01-22 22:02:40.001 &amp#27;[32m INFO&amp#27;[m &amp#27;[35m[@503 - main]&amp#27;[m &amp#27;[36mcom.shaft.tools.io.ReportManager&amp#27;[m : Successfully created attachment "Test Data - Excel"
2023-01-22 22:02:40.002 &amp#27;[32m INFO&amp#27;[m &amp#27;[35m[@503 - main]&amp#27;[m &amp#27;[36mcom.shaft.tools.io.ReportManager&amp#27;[m : File Action "DoesFileExist" successfully performed. With the following test data "File Path: "SteeringCompanyAPI_TestData/SteeringCompanyAPI_TestData.xlsx"".
2023-01-22 22:02:40.028 &amp#27;[32m INFO&amp#27;[m &amp#27;[35m[@503 - main]&amp#27;[m &amp#27;[36mcom.shaft.tools.io.ReportManager&amp#27;[m : Successfully created attachment "Test Data - Excel"
2023-01-22 22:02:40.029 &amp#27;[32m INFO&amp#27;[m &amp#27;[35m[@503 - main]&amp#27;[m &amp#27;[36mcom.shaft.tools.io.ReportManager&amp#27;[m : File Action "DoesFileExist" successfully performed. With the following test data "File Path: "SteeringCompanyAPI_TestData/SteeringCompanyAPI_TestData.xlsx"".
2023-01-22 22:02:40.077 &amp#27;[32m INFO&amp#27;[m &amp#27;[35m[@503 - main]&amp#27;[m &amp#27;[36mcom.shaft.tools.io.ReportManager&amp#27;[m : Successfully created attachment "Test Data - Excel"
2023-01-22 22:02:40.954 &amp#27;[32m INFO&amp#27;[m &amp#27;[35m[@503 - main]&amp#27;[m &amp#27;[36mcom.shaft.tools.io.ReportManager&amp#27;[m : Response status code: "422", status line: "HTTP/1.1 422 "
2023-01-22 22:02:40.967 &amp#27;[32m INFO&amp#27;[m &amp#27;[35m[@503 - main]&amp#27;[m &amp#27;[36mcom.shaft.tools.io.ReportManager&amp#27;[m : Successfully created attachment "API Request - Specifications"
2023-01-22 22:02:40.968 &amp#27;[32m INFO&amp#27;[m &amp#27;[35m[@503 - main]&amp#27;[m &amp#27;[36mcom.shaft.tools.io.ReportManager&amp#27;[m : Successfully created attachment "API Request - JSON Body"
2023-01-22 22:02:40.970 &amp#27;[32m INFO&amp#27;[m &amp#27;[35m[@503 - main]&amp#27;[m &amp#27;[36mcom.shaft.tools.io.ReportManager&amp#27;[m : Successfully created attachment "API Response - JSON Body"
2023-01-22 22:02:40.971 &amp#27;[32m INFO&amp#27;[m &amp#27;[35m[@503 - main]&amp#27;[m &amp#27;[36mcom.shaft.tools.io.ReportManager&amp#27;[m : File Action "DoesFileExist" successfully performed. With the following test data "File Path: "Schemas/ValidationError_schema.json"".
2023-01-22 22:02:40.971 &amp#27;[32m INFO&amp#27;[m &amp#27;[35m[@503 - main]&amp#27;[m &amp#27;[36mcom.shaft.tools.io.ReportManager&amp#27;[m : File Action "DoesFileExist" successfully performed. With the following test data "File Path: "src/test/resources/testDataFiles/Schemas/ValidationError_schema.json"".
2023-01-22 22:02:40.971 &amp#27;[32m INFO&amp#27;[m &amp#27;[35m[@503 - main]&amp#27;[m &amp#27;[36mcom.shaft.tools.io.ReportManager&amp#27;[m : File Action "GetAbsolutePath" successfully performed. With the following test data "Relative Folder Path: "src/test/resources/testDataFiles/Schemas/ValidationError_schema.json"".
2023-01-22 22:02:40.975 &amp#27;[32m INFO&amp#27;[m &amp#27;[35m[@503 - main]&amp#27;[m &amp#27;[36mcom.shaft.tools.io.ReportManager&amp#27;[m : File Action "DoesFileExist" successfully performed. With the following test data "File Path: "C:\eclipse-workspace\MyProjects\TASystemsAPIs\src\test\resources\testDataFiles\Schemas\ValidationError_schema.json"".
2023-01-22 22:02:40.975 &amp#27;[32m INFO&amp#27;[m &amp#27;[35m[@503 - main]&amp#27;[m &amp#27;[36mcom.shaft.tools.io.ReportManager&amp#27;[m : File Action "GetAbsolutePath" successfully performed. With the following test data "Relative Folder Path: "C:\eclipse-workspace\MyProjects\TASystemsAPIs\src\test\resources\testDataFiles\Schemas\ValidationError_schema.json"".
2023-01-22 22:02:40.975 &amp#27;[32m INFO&amp#27;[m &amp#27;[35m[@503 - main]&amp#27;[m &amp#27;[36mcom.shaft.tools.io.ReportManager&amp#27;[m : File Action "ReadFile" successfully performed. With the following test data "File Path: "C:\eclipse-workspace\MyProjects\TASystemsAPIs\src\test\resources\testDataFiles\Schemas\ValidationError_schema.json"".
2023-01-22 22:02:40.976 &amp#27;[32m INFO&amp#27;[m &amp#27;[35m[@503 - main]&amp#27;[m &amp#27;[36mcom.shaft.tools.io.ReportManager&amp#27;[m : Successfully created attachment "Validation Test Data - Expected JSON Value"
2023-01-22 22:02:40.977 &amp#27;[32m INFO&amp#27;[m &amp#27;[35m[@503 - main]&amp#27;[m &amp#27;[36mcom.shaft.tools.io.ReportManager&amp#27;[m : Successfully created attachment "Validation Test Data - Actual JSON Value"
2023-01-22 22:02:40.979 &amp#27;[32m INFO&amp#27;[m &amp#27;[35m[@503 - main]&amp#27;[m &amp#27;[36mcom.shaft.tools.io.ReportManager&amp#27;[m : Successfully created attachment "SHAFT Engine Logs - Current Method log: Add_Policy_With_InValid_data_TC"
]]></system-out>
  </testcase>
  <testcase name="Add_Policy_With_InValid_data_TC[[Ljava.lang.Object;@12cd9e08](3)" classname="SteeringCompanyAPI_TestCases.Test_Policies_Cases" time="1.952">
    <system-out><![CDATA[2023-01-22 22:02:40.982 &amp#27;[32m INFO&amp#27;[m &amp#27;[35m[@534 - main]&amp#27;[m &amp#27;[36mcom.shaft.tools.io.ReportManager&amp#27;[m : 
################################################################################################################################################
Starting Execution:	"46 out of 83" test cases in the current suite
Test Method:		"SteeringCompanyAPI_TestCases.Test_Policies_Cases.Add_Policy_With_InValid_data_TC"
Test Description:	"TC052 -Policy- Perform Add Policy with InValid data"
################################################################################################################################################
2023-01-22 22:02:40.983 &amp#27;[32m INFO&amp#27;[m &amp#27;[35m[@503 - main]&amp#27;[m &amp#27;[36mcom.shaft.tools.io.ReportManager&amp#27;[m : File Action "DoesFileExist" successfully performed. With the following test data "File Path: "SteeringCompanyAPI_TestData/SteeringCompanyAPI_TestData.xlsx"".
2023-01-22 22:02:41.011 &amp#27;[32m INFO&amp#27;[m &amp#27;[35m[@503 - main]&amp#27;[m &amp#27;[36mcom.shaft.tools.io.ReportManager&amp#27;[m : Successfully created attachment "Test Data - Excel"
2023-01-22 22:02:41.981 &amp#27;[32m INFO&amp#27;[m &amp#27;[35m[@503 - main]&amp#27;[m &amp#27;[36mcom.shaft.tools.io.ReportManager&amp#27;[m : Response status code: "200", status line: "HTTP/1.1 200 OK"
2023-01-22 22:02:41.997 &amp#27;[32m INFO&amp#27;[m &amp#27;[35m[@503 - main]&amp#27;[m &amp#27;[36mcom.shaft.tools.io.ReportManager&amp#27;[m : Successfully created attachment "API Request - Specifications"
2023-01-22 22:02:41.998 &amp#27;[32m INFO&amp#27;[m &amp#27;[35m[@503 - main]&amp#27;[m &amp#27;[36mcom.shaft.tools.io.ReportManager&amp#27;[m : Successfully created attachment "API Request - Body"
2023-01-22 22:02:41.998 &amp#27;[32m INFO&amp#27;[m &amp#27;[35m[@503 - main]&amp#27;[m &amp#27;[36mcom.shaft.tools.io.ReportManager&amp#27;[m : Successfully created attachment "API Response - JSON Body"
2023-01-22 22:02:42.009 &amp#27;[32m INFO&amp#27;[m &amp#27;[35m[@503 - main]&amp#27;[m &amp#27;[36mcom.shaft.tools.io.ReportManager&amp#27;[m : File Action "DoesFileExist" successfully performed. With the following test data "File Path: "SteeringCompanyAPI_TestData/SteeringCompanyAPI_TestData.xlsx"".
2023-01-22 22:02:42.036 &amp#27;[32m INFO&amp#27;[m &amp#27;[35m[@503 - main]&amp#27;[m &amp#27;[36mcom.shaft.tools.io.ReportManager&amp#27;[m : Successfully created attachment "Test Data - Excel"
2023-01-22 22:02:42.036 &amp#27;[32m INFO&amp#27;[m &amp#27;[35m[@503 - main]&amp#27;[m &amp#27;[36mcom.shaft.tools.io.ReportManager&amp#27;[m : File Action "DoesFileExist" successfully performed. With the following test data "File Path: "SteeringCompanyAPI_TestData/SteeringCompanyAPI_TestData.xlsx"".
2023-01-22 22:02:42.065 &amp#27;[32m INFO&amp#27;[m &amp#27;[35m[@503 - main]&amp#27;[m &amp#27;[36mcom.shaft.tools.io.ReportManager&amp#27;[m : Successfully created attachment "Test Data - Excel"
2023-01-22 22:02:42.065 &amp#27;[32m INFO&amp#27;[m &amp#27;[35m[@503 - main]&amp#27;[m &amp#27;[36mcom.shaft.tools.io.ReportManager&amp#27;[m : File Action "DoesFileExist" successfully performed. With the following test data "File Path: "SteeringCompanyAPI_TestData/SteeringCompanyAPI_TestData.xlsx"".
2023-01-22 22:02:42.101 &amp#27;[32m INFO&amp#27;[m &amp#27;[35m[@503 - main]&amp#27;[m &amp#27;[36mcom.shaft.tools.io.ReportManager&amp#27;[m : Successfully created attachment "Test Data - Excel"
2023-01-22 22:02:42.899 &amp#27;[32m INFO&amp#27;[m &amp#27;[35m[@503 - main]&amp#27;[m &amp#27;[36mcom.shaft.tools.io.ReportManager&amp#27;[m : Response status code: "422", status line: "HTTP/1.1 422 "
2023-01-22 22:02:42.914 &amp#27;[32m INFO&amp#27;[m &amp#27;[35m[@503 - main]&amp#27;[m &amp#27;[36mcom.shaft.tools.io.ReportManager&amp#27;[m : Successfully created attachment "API Request - Specifications"
2023-01-22 22:02:42.915 &amp#27;[32m INFO&amp#27;[m &amp#27;[35m[@503 - main]&amp#27;[m &amp#27;[36mcom.shaft.tools.io.ReportManager&amp#27;[m : Successfully created attachment "API Request - JSON Body"
2023-01-22 22:02:42.916 &amp#27;[32m INFO&amp#27;[m &amp#27;[35m[@503 - main]&amp#27;[m &amp#27;[36mcom.shaft.tools.io.ReportManager&amp#27;[m : Successfully created attachment "API Response - JSON Body"
2023-01-22 22:02:42.917 &amp#27;[32m INFO&amp#27;[m &amp#27;[35m[@503 - main]&amp#27;[m &amp#27;[36mcom.shaft.tools.io.ReportManager&amp#27;[m : File Action "DoesFileExist" successfully performed. With the following test data "File Path: "Schemas/ValidationError_schema.json"".
2023-01-22 22:02:42.917 &amp#27;[32m INFO&amp#27;[m &amp#27;[35m[@503 - main]&amp#27;[m &amp#27;[36mcom.shaft.tools.io.ReportManager&amp#27;[m : File Action "DoesFileExist" successfully performed. With the following test data "File Path: "src/test/resources/testDataFiles/Schemas/ValidationError_schema.json"".
2023-01-22 22:02:42.918 &amp#27;[32m INFO&amp#27;[m &amp#27;[35m[@503 - main]&amp#27;[m &amp#27;[36mcom.shaft.tools.io.ReportManager&amp#27;[m : File Action "GetAbsolutePath" successfully performed. With the following test data "Relative Folder Path: "src/test/resources/testDataFiles/Schemas/ValidationError_schema.json"".
2023-01-22 22:02:42.924 &amp#27;[32m INFO&amp#27;[m &amp#27;[35m[@503 - main]&amp#27;[m &amp#27;[36mcom.shaft.tools.io.ReportManager&amp#27;[m : File Action "DoesFileExist" successfully performed. With the following test data "File Path: "C:\eclipse-workspace\MyProjects\TASystemsAPIs\src\test\resources\testDataFiles\Schemas\ValidationError_schema.json"".
2023-01-22 22:02:42.925 &amp#27;[32m INFO&amp#27;[m &amp#27;[35m[@503 - main]&amp#27;[m &amp#27;[36mcom.shaft.tools.io.ReportManager&amp#27;[m : File Action "GetAbsolutePath" successfully performed. With the following test data "Relative Folder Path: "C:\eclipse-workspace\MyProjects\TASystemsAPIs\src\test\resources\testDataFiles\Schemas\ValidationError_schema.json"".
2023-01-22 22:02:42.925 &amp#27;[32m INFO&amp#27;[m &amp#27;[35m[@503 - main]&amp#27;[m &amp#27;[36mcom.shaft.tools.io.ReportManager&amp#27;[m : File Action "ReadFile" successfully performed. With the following test data "File Path: "C:\eclipse-workspace\MyProjects\TASystemsAPIs\src\test\resources\testDataFiles\Schemas\ValidationError_schema.json"".
2023-01-22 22:02:42.928 &amp#27;[32m INFO&amp#27;[m &amp#27;[35m[@503 - main]&amp#27;[m &amp#27;[36mcom.shaft.tools.io.ReportManager&amp#27;[m : Successfully created attachment "Validation Test Data - Expected JSON Value"
2023-01-22 22:02:42.929 &amp#27;[32m INFO&amp#27;[m &amp#27;[35m[@503 - main]&amp#27;[m &amp#27;[36mcom.shaft.tools.io.ReportManager&amp#27;[m : Successfully created attachment "Validation Test Data - Actual JSON Value"
2023-01-22 22:02:42.931 &amp#27;[32m INFO&amp#27;[m &amp#27;[35m[@503 - main]&amp#27;[m &amp#27;[36mcom.shaft.tools.io.ReportManager&amp#27;[m : Successfully created attachment "SHAFT Engine Logs - Current Method log: Add_Policy_With_InValid_data_TC"
]]></system-out>
  </testcase>
  <testcase name="Add_Policy_With_InValid_data_TC[[Ljava.lang.Object;@3967c51d](4)" classname="SteeringCompanyAPI_TestCases.Test_Policies_Cases" time="1.943">
    <system-out><![CDATA[2023-01-22 22:02:42.933 &amp#27;[32m INFO&amp#27;[m &amp#27;[35m[@534 - main]&amp#27;[m &amp#27;[36mcom.shaft.tools.io.ReportManager&amp#27;[m : 
################################################################################################################################################
Starting Execution:	"47 out of 83" test cases in the current suite
Test Method:		"SteeringCompanyAPI_TestCases.Test_Policies_Cases.Add_Policy_With_InValid_data_TC"
Test Description:	"TC052 -Policy- Perform Add Policy with InValid data"
################################################################################################################################################
2023-01-22 22:02:42.933 &amp#27;[32m INFO&amp#27;[m &amp#27;[35m[@503 - main]&amp#27;[m &amp#27;[36mcom.shaft.tools.io.ReportManager&amp#27;[m : File Action "DoesFileExist" successfully performed. With the following test data "File Path: "SteeringCompanyAPI_TestData/SteeringCompanyAPI_TestData.xlsx"".
2023-01-22 22:02:42.960 &amp#27;[32m INFO&amp#27;[m &amp#27;[35m[@503 - main]&amp#27;[m &amp#27;[36mcom.shaft.tools.io.ReportManager&amp#27;[m : Successfully created attachment "Test Data - Excel"
2023-01-22 22:02:43.930 &amp#27;[32m INFO&amp#27;[m &amp#27;[35m[@503 - main]&amp#27;[m &amp#27;[36mcom.shaft.tools.io.ReportManager&amp#27;[m : Response status code: "200", status line: "HTTP/1.1 200 OK"
2023-01-22 22:02:43.944 &amp#27;[32m INFO&amp#27;[m &amp#27;[35m[@503 - main]&amp#27;[m &amp#27;[36mcom.shaft.tools.io.ReportManager&amp#27;[m : Successfully created attachment "API Request - Specifications"
2023-01-22 22:02:43.946 &amp#27;[32m INFO&amp#27;[m &amp#27;[35m[@503 - main]&amp#27;[m &amp#27;[36mcom.shaft.tools.io.ReportManager&amp#27;[m : Successfully created attachment "API Request - Body"
2023-01-22 22:02:43.946 &amp#27;[32m INFO&amp#27;[m &amp#27;[35m[@503 - main]&amp#27;[m &amp#27;[36mcom.shaft.tools.io.ReportManager&amp#27;[m : Successfully created attachment "API Response - JSON Body"
2023-01-22 22:02:43.963 &amp#27;[32m INFO&amp#27;[m &amp#27;[35m[@503 - main]&amp#27;[m &amp#27;[36mcom.shaft.tools.io.ReportManager&amp#27;[m : File Action "DoesFileExist" successfully performed. With the following test data "File Path: "SteeringCompanyAPI_TestData/SteeringCompanyAPI_TestData.xlsx"".
2023-01-22 22:02:43.991 &amp#27;[32m INFO&amp#27;[m &amp#27;[35m[@503 - main]&amp#27;[m &amp#27;[36mcom.shaft.tools.io.ReportManager&amp#27;[m : Successfully created attachment "Test Data - Excel"
2023-01-22 22:02:43.992 &amp#27;[32m INFO&amp#27;[m &amp#27;[35m[@503 - main]&amp#27;[m &amp#27;[36mcom.shaft.tools.io.ReportManager&amp#27;[m : File Action "DoesFileExist" successfully performed. With the following test data "File Path: "SteeringCompanyAPI_TestData/SteeringCompanyAPI_TestData.xlsx"".
2023-01-22 22:02:44.026 &amp#27;[32m INFO&amp#27;[m &amp#27;[35m[@503 - main]&amp#27;[m &amp#27;[36mcom.shaft.tools.io.ReportManager&amp#27;[m : Successfully created attachment "Test Data - Excel"
2023-01-22 22:02:44.027 &amp#27;[32m INFO&amp#27;[m &amp#27;[35m[@503 - main]&amp#27;[m &amp#27;[36mcom.shaft.tools.io.ReportManager&amp#27;[m : File Action "DoesFileExist" successfully performed. With the following test data "File Path: "SteeringCompanyAPI_TestData/SteeringCompanyAPI_TestData.xlsx"".
2023-01-22 22:02:44.054 &amp#27;[32m INFO&amp#27;[m &amp#27;[35m[@503 - main]&amp#27;[m &amp#27;[36mcom.shaft.tools.io.ReportManager&amp#27;[m : Successfully created attachment "Test Data - Excel"
2023-01-22 22:02:44.844 &amp#27;[32m INFO&amp#27;[m &amp#27;[35m[@503 - main]&amp#27;[m &amp#27;[36mcom.shaft.tools.io.ReportManager&amp#27;[m : Response status code: "422", status line: "HTTP/1.1 422 "
2023-01-22 22:02:44.858 &amp#27;[32m INFO&amp#27;[m &amp#27;[35m[@503 - main]&amp#27;[m &amp#27;[36mcom.shaft.tools.io.ReportManager&amp#27;[m : Successfully created attachment "API Request - Specifications"
2023-01-22 22:02:44.861 &amp#27;[32m INFO&amp#27;[m &amp#27;[35m[@503 - main]&amp#27;[m &amp#27;[36mcom.shaft.tools.io.ReportManager&amp#27;[m : Successfully created attachment "API Request - JSON Body"
2023-01-22 22:02:44.862 &amp#27;[32m INFO&amp#27;[m &amp#27;[35m[@503 - main]&amp#27;[m &amp#27;[36mcom.shaft.tools.io.ReportManager&amp#27;[m : Successfully created attachment "API Response - JSON Body"
2023-01-22 22:02:44.863 &amp#27;[32m INFO&amp#27;[m &amp#27;[35m[@503 - main]&amp#27;[m &amp#27;[36mcom.shaft.tools.io.ReportManager&amp#27;[m : File Action "DoesFileExist" successfully performed. With the following test data "File Path: "Schemas/ValidationError_schema.json"".
2023-01-22 22:02:44.863 &amp#27;[32m INFO&amp#27;[m &amp#27;[35m[@503 - main]&amp#27;[m &amp#27;[36mcom.shaft.tools.io.ReportManager&amp#27;[m : File Action "DoesFileExist" successfully performed. With the following test data "File Path: "src/test/resources/testDataFiles/Schemas/ValidationError_schema.json"".
2023-01-22 22:02:44.863 &amp#27;[32m INFO&amp#27;[m &amp#27;[35m[@503 - main]&amp#27;[m &amp#27;[36mcom.shaft.tools.io.ReportManager&amp#27;[m : File Action "GetAbsolutePath" successfully performed. With the following test data "Relative Folder Path: "src/test/resources/testDataFiles/Schemas/ValidationError_schema.json"".
2023-01-22 22:02:44.866 &amp#27;[32m INFO&amp#27;[m &amp#27;[35m[@503 - main]&amp#27;[m &amp#27;[36mcom.shaft.tools.io.ReportManager&amp#27;[m : File Action "DoesFileExist" successfully performed. With the following test data "File Path: "C:\eclipse-workspace\MyProjects\TASystemsAPIs\src\test\resources\testDataFiles\Schemas\ValidationError_schema.json"".
2023-01-22 22:02:44.866 &amp#27;[32m INFO&amp#27;[m &amp#27;[35m[@503 - main]&amp#27;[m &amp#27;[36mcom.shaft.tools.io.ReportManager&amp#27;[m : File Action "GetAbsolutePath" successfully performed. With the following test data "Relative Folder Path: "C:\eclipse-workspace\MyProjects\TASystemsAPIs\src\test\resources\testDataFiles\Schemas\ValidationError_schema.json"".
2023-01-22 22:02:44.867 &amp#27;[32m INFO&amp#27;[m &amp#27;[35m[@503 - main]&amp#27;[m &amp#27;[36mcom.shaft.tools.io.ReportManager&amp#27;[m : File Action "ReadFile" successfully performed. With the following test data "File Path: "C:\eclipse-workspace\MyProjects\TASystemsAPIs\src\test\resources\testDataFiles\Schemas\ValidationError_schema.json"".
2023-01-22 22:02:44.870 &amp#27;[32m INFO&amp#27;[m &amp#27;[35m[@503 - main]&amp#27;[m &amp#27;[36mcom.shaft.tools.io.ReportManager&amp#27;[m : Successfully created attachment "Validation Test Data - Expected JSON Value"
2023-01-22 22:02:44.871 &amp#27;[32m INFO&amp#27;[m &amp#27;[35m[@503 - main]&amp#27;[m &amp#27;[36mcom.shaft.tools.io.ReportManager&amp#27;[m : Successfully created attachment "Validation Test Data - Actual JSON Value"
2023-01-22 22:02:44.873 &amp#27;[32m INFO&amp#27;[m &amp#27;[35m[@503 - main]&amp#27;[m &amp#27;[36mcom.shaft.tools.io.ReportManager&amp#27;[m : Successfully created attachment "SHAFT Engine Logs - Current Method log: Add_Policy_With_InValid_data_TC"
]]></system-out>
  </testcase>
  <testcase name="Add_Policy_With_InValid_data_TC[[Ljava.lang.Object;@6315b3f7](5)" classname="SteeringCompanyAPI_TestCases.Test_Policies_Cases" time="1.944">
    <system-out><![CDATA[2023-01-22 22:02:44.876 &amp#27;[32m INFO&amp#27;[m &amp#27;[35m[@534 - main]&amp#27;[m &amp#27;[36mcom.shaft.tools.io.ReportManager&amp#27;[m : 
################################################################################################################################################
Starting Execution:	"48 out of 83" test cases in the current suite
Test Method:		"SteeringCompanyAPI_TestCases.Test_Policies_Cases.Add_Policy_With_InValid_data_TC"
Test Description:	"TC052 -Policy- Perform Add Policy with InValid data"
################################################################################################################################################
2023-01-22 22:02:44.877 &amp#27;[32m INFO&amp#27;[m &amp#27;[35m[@503 - main]&amp#27;[m &amp#27;[36mcom.shaft.tools.io.ReportManager&amp#27;[m : File Action "DoesFileExist" successfully performed. With the following test data "File Path: "SteeringCompanyAPI_TestData/SteeringCompanyAPI_TestData.xlsx"".
2023-01-22 22:02:44.912 &amp#27;[32m INFO&amp#27;[m &amp#27;[35m[@503 - main]&amp#27;[m &amp#27;[36mcom.shaft.tools.io.ReportManager&amp#27;[m : Successfully created attachment "Test Data - Excel"
2023-01-22 22:02:45.870 &amp#27;[32m INFO&amp#27;[m &amp#27;[35m[@503 - main]&amp#27;[m &amp#27;[36mcom.shaft.tools.io.ReportManager&amp#27;[m : Response status code: "200", status line: "HTTP/1.1 200 OK"
2023-01-22 22:02:45.891 &amp#27;[32m INFO&amp#27;[m &amp#27;[35m[@503 - main]&amp#27;[m &amp#27;[36mcom.shaft.tools.io.ReportManager&amp#27;[m : Successfully created attachment "API Request - Specifications"
2023-01-22 22:02:45.892 &amp#27;[32m INFO&amp#27;[m &amp#27;[35m[@503 - main]&amp#27;[m &amp#27;[36mcom.shaft.tools.io.ReportManager&amp#27;[m : Successfully created attachment "API Request - Body"
2023-01-22 22:02:45.894 &amp#27;[32m INFO&amp#27;[m &amp#27;[35m[@503 - main]&amp#27;[m &amp#27;[36mcom.shaft.tools.io.ReportManager&amp#27;[m : Successfully created attachment "API Response - JSON Body"
2023-01-22 22:02:45.904 &amp#27;[32m INFO&amp#27;[m &amp#27;[35m[@503 - main]&amp#27;[m &amp#27;[36mcom.shaft.tools.io.ReportManager&amp#27;[m : File Action "DoesFileExist" successfully performed. With the following test data "File Path: "SteeringCompanyAPI_TestData/SteeringCompanyAPI_TestData.xlsx"".
2023-01-22 22:02:45.964 &amp#27;[32m INFO&amp#27;[m &amp#27;[35m[@503 - main]&amp#27;[m &amp#27;[36mcom.shaft.tools.io.ReportManager&amp#27;[m : Successfully created attachment "Test Data - Excel"
2023-01-22 22:02:45.964 &amp#27;[32m INFO&amp#27;[m &amp#27;[35m[@503 - main]&amp#27;[m &amp#27;[36mcom.shaft.tools.io.ReportManager&amp#27;[m : File Action "DoesFileExist" successfully performed. With the following test data "File Path: "SteeringCompanyAPI_TestData/SteeringCompanyAPI_TestData.xlsx"".
2023-01-22 22:02:45.998 &amp#27;[32m INFO&amp#27;[m &amp#27;[35m[@503 - main]&amp#27;[m &amp#27;[36mcom.shaft.tools.io.ReportManager&amp#27;[m : Successfully created attachment "Test Data - Excel"
2023-01-22 22:02:45.999 &amp#27;[32m INFO&amp#27;[m &amp#27;[35m[@503 - main]&amp#27;[m &amp#27;[36mcom.shaft.tools.io.ReportManager&amp#27;[m : File Action "DoesFileExist" successfully performed. With the following test data "File Path: "SteeringCompanyAPI_TestData/SteeringCompanyAPI_TestData.xlsx"".
2023-01-22 22:02:46.030 &amp#27;[32m INFO&amp#27;[m &amp#27;[35m[@503 - main]&amp#27;[m &amp#27;[36mcom.shaft.tools.io.ReportManager&amp#27;[m : Successfully created attachment "Test Data - Excel"
2023-01-22 22:02:46.790 &amp#27;[32m INFO&amp#27;[m &amp#27;[35m[@503 - main]&amp#27;[m &amp#27;[36mcom.shaft.tools.io.ReportManager&amp#27;[m : Response status code: "422", status line: "HTTP/1.1 422 "
2023-01-22 22:02:46.803 &amp#27;[32m INFO&amp#27;[m &amp#27;[35m[@503 - main]&amp#27;[m &amp#27;[36mcom.shaft.tools.io.ReportManager&amp#27;[m : Successfully created attachment "API Request - Specifications"
2023-01-22 22:02:46.804 &amp#27;[32m INFO&amp#27;[m &amp#27;[35m[@503 - main]&amp#27;[m &amp#27;[36mcom.shaft.tools.io.ReportManager&amp#27;[m : Successfully created attachment "API Request - JSON Body"
2023-01-22 22:02:46.806 &amp#27;[32m INFO&amp#27;[m &amp#27;[35m[@503 - main]&amp#27;[m &amp#27;[36mcom.shaft.tools.io.ReportManager&amp#27;[m : Successfully created attachment "API Response - JSON Body"
2023-01-22 22:02:46.807 &amp#27;[32m INFO&amp#27;[m &amp#27;[35m[@503 - main]&amp#27;[m &amp#27;[36mcom.shaft.tools.io.ReportManager&amp#27;[m : File Action "DoesFileExist" successfully performed. With the following test data "File Path: "Schemas/ValidationError_schema.json"".
2023-01-22 22:02:46.807 &amp#27;[32m INFO&amp#27;[m &amp#27;[35m[@503 - main]&amp#27;[m &amp#27;[36mcom.shaft.tools.io.ReportManager&amp#27;[m : File Action "DoesFileExist" successfully performed. With the following test data "File Path: "src/test/resources/testDataFiles/Schemas/ValidationError_schema.json"".
2023-01-22 22:02:46.808 &amp#27;[32m INFO&amp#27;[m &amp#27;[35m[@503 - main]&amp#27;[m &amp#27;[36mcom.shaft.tools.io.ReportManager&amp#27;[m : File Action "GetAbsolutePath" successfully performed. With the following test data "Relative Folder Path: "src/test/resources/testDataFiles/Schemas/ValidationError_schema.json"".
2023-01-22 22:02:46.811 &amp#27;[32m INFO&amp#27;[m &amp#27;[35m[@503 - main]&amp#27;[m &amp#27;[36mcom.shaft.tools.io.ReportManager&amp#27;[m : File Action "DoesFileExist" successfully performed. With the following test data "File Path: "C:\eclipse-workspace\MyProjects\TASystemsAPIs\src\test\resources\testDataFiles\Schemas\ValidationError_schema.json"".
2023-01-22 22:02:46.811 &amp#27;[32m INFO&amp#27;[m &amp#27;[35m[@503 - main]&amp#27;[m &amp#27;[36mcom.shaft.tools.io.ReportManager&amp#27;[m : File Action "GetAbsolutePath" successfully performed. With the following test data "Relative Folder Path: "C:\eclipse-workspace\MyProjects\TASystemsAPIs\src\test\resources\testDataFiles\Schemas\ValidationError_schema.json"".
2023-01-22 22:02:46.811 &amp#27;[32m INFO&amp#27;[m &amp#27;[35m[@503 - main]&amp#27;[m &amp#27;[36mcom.shaft.tools.io.ReportManager&amp#27;[m : File Action "ReadFile" successfully performed. With the following test data "File Path: "C:\eclipse-workspace\MyProjects\TASystemsAPIs\src\test\resources\testDataFiles\Schemas\ValidationError_schema.json"".
2023-01-22 22:02:46.813 &amp#27;[32m INFO&amp#27;[m &amp#27;[35m[@503 - main]&amp#27;[m &amp#27;[36mcom.shaft.tools.io.ReportManager&amp#27;[m : Successfully created attachment "Validation Test Data - Expected JSON Value"
2023-01-22 22:02:46.815 &amp#27;[32m INFO&amp#27;[m &amp#27;[35m[@503 - main]&amp#27;[m &amp#27;[36mcom.shaft.tools.io.ReportManager&amp#27;[m : Successfully created attachment "Validation Test Data - Actual JSON Value"
2023-01-22 22:02:46.816 &amp#27;[32m INFO&amp#27;[m &amp#27;[35m[@503 - main]&amp#27;[m &amp#27;[36mcom.shaft.tools.io.ReportManager&amp#27;[m : Successfully created attachment "SHAFT Engine Logs - Current Method log: Add_Policy_With_InValid_data_TC"
]]></system-out>
  </testcase>
  <testcase name="Add_Policy_With_InValid_data_TC[[Ljava.lang.Object;@5ec32f69](6)" classname="SteeringCompanyAPI_TestCases.Test_Policies_Cases" time="1.766">
    <system-out><![CDATA[2023-01-22 22:02:46.821 &amp#27;[32m INFO&amp#27;[m &amp#27;[35m[@534 - main]&amp#27;[m &amp#27;[36mcom.shaft.tools.io.ReportManager&amp#27;[m : 
################################################################################################################################################
Starting Execution:	"49 out of 83" test cases in the current suite
Test Method:		"SteeringCompanyAPI_TestCases.Test_Policies_Cases.Add_Policy_With_InValid_data_TC"
Test Description:	"TC052 -Policy- Perform Add Policy with InValid data"
################################################################################################################################################
2023-01-22 22:02:46.821 &amp#27;[32m INFO&amp#27;[m &amp#27;[35m[@503 - main]&amp#27;[m &amp#27;[36mcom.shaft.tools.io.ReportManager&amp#27;[m : File Action "DoesFileExist" successfully performed. With the following test data "File Path: "SteeringCompanyAPI_TestData/SteeringCompanyAPI_TestData.xlsx"".
2023-01-22 22:02:46.846 &amp#27;[32m INFO&amp#27;[m &amp#27;[35m[@503 - main]&amp#27;[m &amp#27;[36mcom.shaft.tools.io.ReportManager&amp#27;[m : Successfully created attachment "Test Data - Excel"
2023-01-22 22:02:47.653 &amp#27;[32m INFO&amp#27;[m &amp#27;[35m[@503 - main]&amp#27;[m &amp#27;[36mcom.shaft.tools.io.ReportManager&amp#27;[m : Response status code: "200", status line: "HTTP/1.1 200 OK"
2023-01-22 22:02:47.669 &amp#27;[32m INFO&amp#27;[m &amp#27;[35m[@503 - main]&amp#27;[m &amp#27;[36mcom.shaft.tools.io.ReportManager&amp#27;[m : Successfully created attachment "API Request - Specifications"
2023-01-22 22:02:47.670 &amp#27;[32m INFO&amp#27;[m &amp#27;[35m[@503 - main]&amp#27;[m &amp#27;[36mcom.shaft.tools.io.ReportManager&amp#27;[m : Successfully created attachment "API Request - Body"
2023-01-22 22:02:47.672 &amp#27;[32m INFO&amp#27;[m &amp#27;[35m[@503 - main]&amp#27;[m &amp#27;[36mcom.shaft.tools.io.ReportManager&amp#27;[m : Successfully created attachment "API Response - JSON Body"
2023-01-22 22:02:47.683 &amp#27;[32m INFO&amp#27;[m &amp#27;[35m[@503 - main]&amp#27;[m &amp#27;[36mcom.shaft.tools.io.ReportManager&amp#27;[m : File Action "DoesFileExist" successfully performed. With the following test data "File Path: "SteeringCompanyAPI_TestData/SteeringCompanyAPI_TestData.xlsx"".
2023-01-22 22:02:47.710 &amp#27;[32m INFO&amp#27;[m &amp#27;[35m[@503 - main]&amp#27;[m &amp#27;[36mcom.shaft.tools.io.ReportManager&amp#27;[m : Successfully created attachment "Test Data - Excel"
2023-01-22 22:02:47.710 &amp#27;[32m INFO&amp#27;[m &amp#27;[35m[@503 - main]&amp#27;[m &amp#27;[36mcom.shaft.tools.io.ReportManager&amp#27;[m : File Action "DoesFileExist" successfully performed. With the following test data "File Path: "SteeringCompanyAPI_TestData/SteeringCompanyAPI_TestData.xlsx"".
2023-01-22 22:02:47.743 &amp#27;[32m INFO&amp#27;[m &amp#27;[35m[@503 - main]&amp#27;[m &amp#27;[36mcom.shaft.tools.io.ReportManager&amp#27;[m : Successfully created attachment "Test Data - Excel"
2023-01-22 22:02:47.744 &amp#27;[32m INFO&amp#27;[m &amp#27;[35m[@503 - main]&amp#27;[m &amp#27;[36mcom.shaft.tools.io.ReportManager&amp#27;[m : File Action "DoesFileExist" successfully performed. With the following test data "File Path: "SteeringCompanyAPI_TestData/SteeringCompanyAPI_TestData.xlsx"".
2023-01-22 22:02:47.768 &amp#27;[32m INFO&amp#27;[m &amp#27;[35m[@503 - main]&amp#27;[m &amp#27;[36mcom.shaft.tools.io.ReportManager&amp#27;[m : Successfully created attachment "Test Data - Excel"
2023-01-22 22:02:48.559 &amp#27;[32m INFO&amp#27;[m &amp#27;[35m[@503 - main]&amp#27;[m &amp#27;[36mcom.shaft.tools.io.ReportManager&amp#27;[m : Response status code: "422", status line: "HTTP/1.1 422 "
2023-01-22 22:02:48.571 &amp#27;[32m INFO&amp#27;[m &amp#27;[35m[@503 - main]&amp#27;[m &amp#27;[36mcom.shaft.tools.io.ReportManager&amp#27;[m : Successfully created attachment "API Request - Specifications"
2023-01-22 22:02:48.572 &amp#27;[32m INFO&amp#27;[m &amp#27;[35m[@503 - main]&amp#27;[m &amp#27;[36mcom.shaft.tools.io.ReportManager&amp#27;[m : Successfully created attachment "API Request - JSON Body"
2023-01-22 22:02:48.573 &amp#27;[32m INFO&amp#27;[m &amp#27;[35m[@503 - main]&amp#27;[m &amp#27;[36mcom.shaft.tools.io.ReportManager&amp#27;[m : Successfully created attachment "API Response - JSON Body"
2023-01-22 22:02:48.574 &amp#27;[32m INFO&amp#27;[m &amp#27;[35m[@503 - main]&amp#27;[m &amp#27;[36mcom.shaft.tools.io.ReportManager&amp#27;[m : File Action "DoesFileExist" successfully performed. With the following test data "File Path: "Schemas/ValidationError_schema.json"".
2023-01-22 22:02:48.574 &amp#27;[32m INFO&amp#27;[m &amp#27;[35m[@503 - main]&amp#27;[m &amp#27;[36mcom.shaft.tools.io.ReportManager&amp#27;[m : File Action "DoesFileExist" successfully performed. With the following test data "File Path: "src/test/resources/testDataFiles/Schemas/ValidationError_schema.json"".
2023-01-22 22:02:48.574 &amp#27;[32m INFO&amp#27;[m &amp#27;[35m[@503 - main]&amp#27;[m &amp#27;[36mcom.shaft.tools.io.ReportManager&amp#27;[m : File Action "GetAbsolutePath" successfully performed. With the following test data "Relative Folder Path: "src/test/resources/testDataFiles/Schemas/ValidationError_schema.json"".
2023-01-22 22:02:48.577 &amp#27;[32m INFO&amp#27;[m &amp#27;[35m[@503 - main]&amp#27;[m &amp#27;[36mcom.shaft.tools.io.ReportManager&amp#27;[m : File Action "DoesFileExist" successfully performed. With the following test data "File Path: "C:\eclipse-workspace\MyProjects\TASystemsAPIs\src\test\resources\testDataFiles\Schemas\ValidationError_schema.json"".
2023-01-22 22:02:48.578 &amp#27;[32m INFO&amp#27;[m &amp#27;[35m[@503 - main]&amp#27;[m &amp#27;[36mcom.shaft.tools.io.ReportManager&amp#27;[m : File Action "GetAbsolutePath" successfully performed. With the following test data "Relative Folder Path: "C:\eclipse-workspace\MyProjects\TASystemsAPIs\src\test\resources\testDataFiles\Schemas\ValidationError_schema.json"".
2023-01-22 22:02:48.578 &amp#27;[32m INFO&amp#27;[m &amp#27;[35m[@503 - main]&amp#27;[m &amp#27;[36mcom.shaft.tools.io.ReportManager&amp#27;[m : File Action "ReadFile" successfully performed. With the following test data "File Path: "C:\eclipse-workspace\MyProjects\TASystemsAPIs\src\test\resources\testDataFiles\Schemas\ValidationError_schema.json"".
2023-01-22 22:02:48.580 &amp#27;[32m INFO&amp#27;[m &amp#27;[35m[@503 - main]&amp#27;[m &amp#27;[36mcom.shaft.tools.io.ReportManager&amp#27;[m : Successfully created attachment "Validation Test Data - Expected JSON Value"
2023-01-22 22:02:48.581 &amp#27;[32m INFO&amp#27;[m &amp#27;[35m[@503 - main]&amp#27;[m &amp#27;[36mcom.shaft.tools.io.ReportManager&amp#27;[m : Successfully created attachment "Validation Test Data - Actual JSON Value"
2023-01-22 22:02:48.582 &amp#27;[32m INFO&amp#27;[m &amp#27;[35m[@503 - main]&amp#27;[m &amp#27;[36mcom.shaft.tools.io.ReportManager&amp#27;[m : Successfully created attachment "SHAFT Engine Logs - Current Method log: Add_Policy_With_InValid_data_TC"
]]></system-out>
  </testcase>
  <testcase name="Add_Policy_With_InValid_data_TC[[Ljava.lang.Object;@3af207fc](7)" classname="SteeringCompanyAPI_TestCases.Test_Policies_Cases" time="1.715">
    <system-out><![CDATA[2023-01-22 22:02:48.586 &amp#27;[32m INFO&amp#27;[m &amp#27;[35m[@534 - main]&amp#27;[m &amp#27;[36mcom.shaft.tools.io.ReportManager&amp#27;[m : 
################################################################################################################################################
Starting Execution:	"50 out of 83" test cases in the current suite
Test Method:		"SteeringCompanyAPI_TestCases.Test_Policies_Cases.Add_Policy_With_InValid_data_TC"
Test Description:	"TC052 -Policy- Perform Add Policy with InValid data"
################################################################################################################################################
2023-01-22 22:02:48.587 &amp#27;[32m INFO&amp#27;[m &amp#27;[35m[@503 - main]&amp#27;[m &amp#27;[36mcom.shaft.tools.io.ReportManager&amp#27;[m : File Action "DoesFileExist" successfully performed. With the following test data "File Path: "SteeringCompanyAPI_TestData/SteeringCompanyAPI_TestData.xlsx"".
2023-01-22 22:02:48.614 &amp#27;[32m INFO&amp#27;[m &amp#27;[35m[@503 - main]&amp#27;[m &amp#27;[36mcom.shaft.tools.io.ReportManager&amp#27;[m : Successfully created attachment "Test Data - Excel"
2023-01-22 22:02:49.371 &amp#27;[32m INFO&amp#27;[m &amp#27;[35m[@503 - main]&amp#27;[m &amp#27;[36mcom.shaft.tools.io.ReportManager&amp#27;[m : Response status code: "200", status line: "HTTP/1.1 200 OK"
2023-01-22 22:02:49.388 &amp#27;[32m INFO&amp#27;[m &amp#27;[35m[@503 - main]&amp#27;[m &amp#27;[36mcom.shaft.tools.io.ReportManager&amp#27;[m : Successfully created attachment "API Request - Specifications"
2023-01-22 22:02:49.389 &amp#27;[32m INFO&amp#27;[m &amp#27;[35m[@503 - main]&amp#27;[m &amp#27;[36mcom.shaft.tools.io.ReportManager&amp#27;[m : Successfully created attachment "API Request - Body"
2023-01-22 22:02:49.391 &amp#27;[32m INFO&amp#27;[m &amp#27;[35m[@503 - main]&amp#27;[m &amp#27;[36mcom.shaft.tools.io.ReportManager&amp#27;[m : Successfully created attachment "API Response - JSON Body"
2023-01-22 22:02:49.405 &amp#27;[32m INFO&amp#27;[m &amp#27;[35m[@503 - main]&amp#27;[m &amp#27;[36mcom.shaft.tools.io.ReportManager&amp#27;[m : File Action "DoesFileExist" successfully performed. With the following test data "File Path: "SteeringCompanyAPI_TestData/SteeringCompanyAPI_TestData.xlsx"".
2023-01-22 22:02:49.427 &amp#27;[32m INFO&amp#27;[m &amp#27;[35m[@503 - main]&amp#27;[m &amp#27;[36mcom.shaft.tools.io.ReportManager&amp#27;[m : Successfully created attachment "Test Data - Excel"
2023-01-22 22:02:49.427 &amp#27;[32m INFO&amp#27;[m &amp#27;[35m[@503 - main]&amp#27;[m &amp#27;[36mcom.shaft.tools.io.ReportManager&amp#27;[m : File Action "DoesFileExist" successfully performed. With the following test data "File Path: "SteeringCompanyAPI_TestData/SteeringCompanyAPI_TestData.xlsx"".
2023-01-22 22:02:49.460 &amp#27;[32m INFO&amp#27;[m &amp#27;[35m[@503 - main]&amp#27;[m &amp#27;[36mcom.shaft.tools.io.ReportManager&amp#27;[m : Successfully created attachment "Test Data - Excel"
2023-01-22 22:02:49.461 &amp#27;[32m INFO&amp#27;[m &amp#27;[35m[@503 - main]&amp#27;[m &amp#27;[36mcom.shaft.tools.io.ReportManager&amp#27;[m : File Action "DoesFileExist" successfully performed. With the following test data "File Path: "SteeringCompanyAPI_TestData/SteeringCompanyAPI_TestData.xlsx"".
2023-01-22 22:02:49.485 &amp#27;[32m INFO&amp#27;[m &amp#27;[35m[@503 - main]&amp#27;[m &amp#27;[36mcom.shaft.tools.io.ReportManager&amp#27;[m : Successfully created attachment "Test Data - Excel"
2023-01-22 22:02:50.271 &amp#27;[32m INFO&amp#27;[m &amp#27;[35m[@503 - main]&amp#27;[m &amp#27;[36mcom.shaft.tools.io.ReportManager&amp#27;[m : Response status code: "422", status line: "HTTP/1.1 422 "
2023-01-22 22:02:50.285 &amp#27;[32m INFO&amp#27;[m &amp#27;[35m[@503 - main]&amp#27;[m &amp#27;[36mcom.shaft.tools.io.ReportManager&amp#27;[m : Successfully created attachment "API Request - Specifications"
2023-01-22 22:02:50.286 &amp#27;[32m INFO&amp#27;[m &amp#27;[35m[@503 - main]&amp#27;[m &amp#27;[36mcom.shaft.tools.io.ReportManager&amp#27;[m : Successfully created attachment "API Request - JSON Body"
2023-01-22 22:02:50.288 &amp#27;[32m INFO&amp#27;[m &amp#27;[35m[@503 - main]&amp#27;[m &amp#27;[36mcom.shaft.tools.io.ReportManager&amp#27;[m : Successfully created attachment "API Response - JSON Body"
2023-01-22 22:02:50.290 &amp#27;[32m INFO&amp#27;[m &amp#27;[35m[@503 - main]&amp#27;[m &amp#27;[36mcom.shaft.tools.io.ReportManager&amp#27;[m : File Action "DoesFileExist" successfully performed. With the following test data "File Path: "Schemas/ValidationError_schema.json"".
2023-01-22 22:02:50.290 &amp#27;[32m INFO&amp#27;[m &amp#27;[35m[@503 - main]&amp#27;[m &amp#27;[36mcom.shaft.tools.io.ReportManager&amp#27;[m : File Action "DoesFileExist" successfully performed. With the following test data "File Path: "src/test/resources/testDataFiles/Schemas/ValidationError_schema.json"".
2023-01-22 22:02:50.291 &amp#27;[32m INFO&amp#27;[m &amp#27;[35m[@503 - main]&amp#27;[m &amp#27;[36mcom.shaft.tools.io.ReportManager&amp#27;[m : File Action "GetAbsolutePath" successfully performed. With the following test data "Relative Folder Path: "src/test/resources/testDataFiles/Schemas/ValidationError_schema.json"".
2023-01-22 22:02:50.294 &amp#27;[32m INFO&amp#27;[m &amp#27;[35m[@503 - main]&amp#27;[m &amp#27;[36mcom.shaft.tools.io.ReportManager&amp#27;[m : File Action "DoesFileExist" successfully performed. With the following test data "File Path: "C:\eclipse-workspace\MyProjects\TASystemsAPIs\src\test\resources\testDataFiles\Schemas\ValidationError_schema.json"".
2023-01-22 22:02:50.294 &amp#27;[32m INFO&amp#27;[m &amp#27;[35m[@503 - main]&amp#27;[m &amp#27;[36mcom.shaft.tools.io.ReportManager&amp#27;[m : File Action "GetAbsolutePath" successfully performed. With the following test data "Relative Folder Path: "C:\eclipse-workspace\MyProjects\TASystemsAPIs\src\test\resources\testDataFiles\Schemas\ValidationError_schema.json"".
2023-01-22 22:02:50.295 &amp#27;[32m INFO&amp#27;[m &amp#27;[35m[@503 - main]&amp#27;[m &amp#27;[36mcom.shaft.tools.io.ReportManager&amp#27;[m : File Action "ReadFile" successfully performed. With the following test data "File Path: "C:\eclipse-workspace\MyProjects\TASystemsAPIs\src\test\resources\testDataFiles\Schemas\ValidationError_schema.json"".
2023-01-22 22:02:50.296 &amp#27;[32m INFO&amp#27;[m &amp#27;[35m[@503 - main]&amp#27;[m &amp#27;[36mcom.shaft.tools.io.ReportManager&amp#27;[m : Successfully created attachment "Validation Test Data - Expected JSON Value"
2023-01-22 22:02:50.298 &amp#27;[32m INFO&amp#27;[m &amp#27;[35m[@503 - main]&amp#27;[m &amp#27;[36mcom.shaft.tools.io.ReportManager&amp#27;[m : Successfully created attachment "Validation Test Data - Actual JSON Value"
2023-01-22 22:02:50.299 &amp#27;[32m INFO&amp#27;[m &amp#27;[35m[@503 - main]&amp#27;[m &amp#27;[36mcom.shaft.tools.io.ReportManager&amp#27;[m : Successfully created attachment "SHAFT Engine Logs - Current Method log: Add_Policy_With_InValid_data_TC"
]]></system-out>
  </testcase>
  <testcase name="Add_Policy_With_InValid_data_TC[[Ljava.lang.Object;@778ebf6f](8)" classname="SteeringCompanyAPI_TestCases.Test_Policies_Cases" time="1.954">
    <system-out><![CDATA[2023-01-22 22:02:50.301 &amp#27;[32m INFO&amp#27;[m &amp#27;[35m[@534 - main]&amp#27;[m &amp#27;[36mcom.shaft.tools.io.ReportManager&amp#27;[m : 
################################################################################################################################################
Starting Execution:	"51 out of 83" test cases in the current suite
Test Method:		"SteeringCompanyAPI_TestCases.Test_Policies_Cases.Add_Policy_With_InValid_data_TC"
Test Description:	"TC052 -Policy- Perform Add Policy with InValid data"
################################################################################################################################################
2023-01-22 22:02:50.304 &amp#27;[32m INFO&amp#27;[m &amp#27;[35m[@503 - main]&amp#27;[m &amp#27;[36mcom.shaft.tools.io.ReportManager&amp#27;[m : File Action "DoesFileExist" successfully performed. With the following test data "File Path: "SteeringCompanyAPI_TestData/SteeringCompanyAPI_TestData.xlsx"".
2023-01-22 22:02:50.328 &amp#27;[32m INFO&amp#27;[m &amp#27;[35m[@503 - main]&amp#27;[m &amp#27;[36mcom.shaft.tools.io.ReportManager&amp#27;[m : Successfully created attachment "Test Data - Excel"
2023-01-22 22:02:51.254 &amp#27;[32m INFO&amp#27;[m &amp#27;[35m[@503 - main]&amp#27;[m &amp#27;[36mcom.shaft.tools.io.ReportManager&amp#27;[m : Response status code: "200", status line: "HTTP/1.1 200 OK"
2023-01-22 22:02:51.271 &amp#27;[32m INFO&amp#27;[m &amp#27;[35m[@503 - main]&amp#27;[m &amp#27;[36mcom.shaft.tools.io.ReportManager&amp#27;[m : Successfully created attachment "API Request - Specifications"
2023-01-22 22:02:51.272 &amp#27;[32m INFO&amp#27;[m &amp#27;[35m[@503 - main]&amp#27;[m &amp#27;[36mcom.shaft.tools.io.ReportManager&amp#27;[m : Successfully created attachment "API Request - Body"
2023-01-22 22:02:51.273 &amp#27;[32m INFO&amp#27;[m &amp#27;[35m[@503 - main]&amp#27;[m &amp#27;[36mcom.shaft.tools.io.ReportManager&amp#27;[m : Successfully created attachment "API Response - JSON Body"
2023-01-22 22:02:51.287 &amp#27;[32m INFO&amp#27;[m &amp#27;[35m[@503 - main]&amp#27;[m &amp#27;[36mcom.shaft.tools.io.ReportManager&amp#27;[m : File Action "DoesFileExist" successfully performed. With the following test data "File Path: "SteeringCompanyAPI_TestData/SteeringCompanyAPI_TestData.xlsx"".
2023-01-22 22:02:51.311 &amp#27;[32m INFO&amp#27;[m &amp#27;[35m[@503 - main]&amp#27;[m &amp#27;[36mcom.shaft.tools.io.ReportManager&amp#27;[m : Successfully created attachment "Test Data - Excel"
2023-01-22 22:02:51.312 &amp#27;[32m INFO&amp#27;[m &amp#27;[35m[@503 - main]&amp#27;[m &amp#27;[36mcom.shaft.tools.io.ReportManager&amp#27;[m : File Action "DoesFileExist" successfully performed. With the following test data "File Path: "SteeringCompanyAPI_TestData/SteeringCompanyAPI_TestData.xlsx"".
2023-01-22 22:02:51.343 &amp#27;[32m INFO&amp#27;[m &amp#27;[35m[@503 - main]&amp#27;[m &amp#27;[36mcom.shaft.tools.io.ReportManager&amp#27;[m : Successfully created attachment "Test Data - Excel"
2023-01-22 22:02:51.344 &amp#27;[32m INFO&amp#27;[m &amp#27;[35m[@503 - main]&amp#27;[m &amp#27;[36mcom.shaft.tools.io.ReportManager&amp#27;[m : File Action "DoesFileExist" successfully performed. With the following test data "File Path: "SteeringCompanyAPI_TestData/SteeringCompanyAPI_TestData.xlsx"".
2023-01-22 22:02:51.370 &amp#27;[32m INFO&amp#27;[m &amp#27;[35m[@503 - main]&amp#27;[m &amp#27;[36mcom.shaft.tools.io.ReportManager&amp#27;[m : Successfully created attachment "Test Data - Excel"
2023-01-22 22:02:52.220 &amp#27;[32m INFO&amp#27;[m &amp#27;[35m[@503 - main]&amp#27;[m &amp#27;[36mcom.shaft.tools.io.ReportManager&amp#27;[m : Response status code: "422", status line: "HTTP/1.1 422 "
2023-01-22 22:02:52.239 &amp#27;[32m INFO&amp#27;[m &amp#27;[35m[@503 - main]&amp#27;[m &amp#27;[36mcom.shaft.tools.io.ReportManager&amp#27;[m : Successfully created attachment "API Request - Specifications"
2023-01-22 22:02:52.241 &amp#27;[32m INFO&amp#27;[m &amp#27;[35m[@503 - main]&amp#27;[m &amp#27;[36mcom.shaft.tools.io.ReportManager&amp#27;[m : Successfully created attachment "API Request - JSON Body"
2023-01-22 22:02:52.242 &amp#27;[32m INFO&amp#27;[m &amp#27;[35m[@503 - main]&amp#27;[m &amp#27;[36mcom.shaft.tools.io.ReportManager&amp#27;[m : Successfully created attachment "API Response - JSON Body"
2023-01-22 22:02:52.243 &amp#27;[32m INFO&amp#27;[m &amp#27;[35m[@503 - main]&amp#27;[m &amp#27;[36mcom.shaft.tools.io.ReportManager&amp#27;[m : File Action "DoesFileExist" successfully performed. With the following test data "File Path: "Schemas/ValidationError_schema.json"".
2023-01-22 22:02:52.244 &amp#27;[32m INFO&amp#27;[m &amp#27;[35m[@503 - main]&amp#27;[m &amp#27;[36mcom.shaft.tools.io.ReportManager&amp#27;[m : File Action "DoesFileExist" successfully performed. With the following test data "File Path: "src/test/resources/testDataFiles/Schemas/ValidationError_schema.json"".
2023-01-22 22:02:52.244 &amp#27;[32m INFO&amp#27;[m &amp#27;[35m[@503 - main]&amp#27;[m &amp#27;[36mcom.shaft.tools.io.ReportManager&amp#27;[m : File Action "GetAbsolutePath" successfully performed. With the following test data "Relative Folder Path: "src/test/resources/testDataFiles/Schemas/ValidationError_schema.json"".
2023-01-22 22:02:52.247 &amp#27;[32m INFO&amp#27;[m &amp#27;[35m[@503 - main]&amp#27;[m &amp#27;[36mcom.shaft.tools.io.ReportManager&amp#27;[m : File Action "DoesFileExist" successfully performed. With the following test data "File Path: "C:\eclipse-workspace\MyProjects\TASystemsAPIs\src\test\resources\testDataFiles\Schemas\ValidationError_schema.json"".
2023-01-22 22:02:52.247 &amp#27;[32m INFO&amp#27;[m &amp#27;[35m[@503 - main]&amp#27;[m &amp#27;[36mcom.shaft.tools.io.ReportManager&amp#27;[m : File Action "GetAbsolutePath" successfully performed. With the following test data "Relative Folder Path: "C:\eclipse-workspace\MyProjects\TASystemsAPIs\src\test\resources\testDataFiles\Schemas\ValidationError_schema.json"".
2023-01-22 22:02:52.248 &amp#27;[32m INFO&amp#27;[m &amp#27;[35m[@503 - main]&amp#27;[m &amp#27;[36mcom.shaft.tools.io.ReportManager&amp#27;[m : File Action "ReadFile" successfully performed. With the following test data "File Path: "C:\eclipse-workspace\MyProjects\TASystemsAPIs\src\test\resources\testDataFiles\Schemas\ValidationError_schema.json"".
2023-01-22 22:02:52.249 &amp#27;[32m INFO&amp#27;[m &amp#27;[35m[@503 - main]&amp#27;[m &amp#27;[36mcom.shaft.tools.io.ReportManager&amp#27;[m : Successfully created attachment "Validation Test Data - Expected JSON Value"
2023-01-22 22:02:52.250 &amp#27;[32m INFO&amp#27;[m &amp#27;[35m[@503 - main]&amp#27;[m &amp#27;[36mcom.shaft.tools.io.ReportManager&amp#27;[m : Successfully created attachment "Validation Test Data - Actual JSON Value"
2023-01-22 22:02:52.251 &amp#27;[32m INFO&amp#27;[m &amp#27;[35m[@503 - main]&amp#27;[m &amp#27;[36mcom.shaft.tools.io.ReportManager&amp#27;[m : Successfully created attachment "SHAFT Engine Logs - Current Method log: Add_Policy_With_InValid_data_TC"
]]></system-out>
  </testcase>
  <testcase name="Add_Policy_With_InValid_data_TC[[Ljava.lang.Object;@639a1191](9)" classname="SteeringCompanyAPI_TestCases.Test_Policies_Cases" time="1.836">
    <system-out><![CDATA[2023-01-22 22:02:52.255 &amp#27;[32m INFO&amp#27;[m &amp#27;[35m[@534 - main]&amp#27;[m &amp#27;[36mcom.shaft.tools.io.ReportManager&amp#27;[m : 
################################################################################################################################################
Starting Execution:	"52 out of 83" test cases in the current suite
Test Method:		"SteeringCompanyAPI_TestCases.Test_Policies_Cases.Add_Policy_With_InValid_data_TC"
Test Description:	"TC052 -Policy- Perform Add Policy with InValid data"
################################################################################################################################################
2023-01-22 22:02:52.256 &amp#27;[32m INFO&amp#27;[m &amp#27;[35m[@503 - main]&amp#27;[m &amp#27;[36mcom.shaft.tools.io.ReportManager&amp#27;[m : File Action "DoesFileExist" successfully performed. With the following test data "File Path: "SteeringCompanyAPI_TestData/SteeringCompanyAPI_TestData.xlsx"".
2023-01-22 22:02:52.281 &amp#27;[32m INFO&amp#27;[m &amp#27;[35m[@503 - main]&amp#27;[m &amp#27;[36mcom.shaft.tools.io.ReportManager&amp#27;[m : Successfully created attachment "Test Data - Excel"
2023-01-22 22:02:53.165 &amp#27;[32m INFO&amp#27;[m &amp#27;[35m[@503 - main]&amp#27;[m &amp#27;[36mcom.shaft.tools.io.ReportManager&amp#27;[m : Response status code: "200", status line: "HTTP/1.1 200 OK"
2023-01-22 22:02:53.179 &amp#27;[32m INFO&amp#27;[m &amp#27;[35m[@503 - main]&amp#27;[m &amp#27;[36mcom.shaft.tools.io.ReportManager&amp#27;[m : Successfully created attachment "API Request - Specifications"
2023-01-22 22:02:53.181 &amp#27;[32m INFO&amp#27;[m &amp#27;[35m[@503 - main]&amp#27;[m &amp#27;[36mcom.shaft.tools.io.ReportManager&amp#27;[m : Successfully created attachment "API Request - Body"
2023-01-22 22:02:53.182 &amp#27;[32m INFO&amp#27;[m &amp#27;[35m[@503 - main]&amp#27;[m &amp#27;[36mcom.shaft.tools.io.ReportManager&amp#27;[m : Successfully created attachment "API Response - JSON Body"
2023-01-22 22:02:53.191 &amp#27;[32m INFO&amp#27;[m &amp#27;[35m[@503 - main]&amp#27;[m &amp#27;[36mcom.shaft.tools.io.ReportManager&amp#27;[m : File Action "DoesFileExist" successfully performed. With the following test data "File Path: "SteeringCompanyAPI_TestData/SteeringCompanyAPI_TestData.xlsx"".
2023-01-22 22:02:53.216 &amp#27;[32m INFO&amp#27;[m &amp#27;[35m[@503 - main]&amp#27;[m &amp#27;[36mcom.shaft.tools.io.ReportManager&amp#27;[m : Successfully created attachment "Test Data - Excel"
2023-01-22 22:02:53.216 &amp#27;[32m INFO&amp#27;[m &amp#27;[35m[@503 - main]&amp#27;[m &amp#27;[36mcom.shaft.tools.io.ReportManager&amp#27;[m : File Action "DoesFileExist" successfully performed. With the following test data "File Path: "SteeringCompanyAPI_TestData/SteeringCompanyAPI_TestData.xlsx"".
2023-01-22 22:02:53.248 &amp#27;[32m INFO&amp#27;[m &amp#27;[35m[@503 - main]&amp#27;[m &amp#27;[36mcom.shaft.tools.io.ReportManager&amp#27;[m : Successfully created attachment "Test Data - Excel"
2023-01-22 22:02:53.251 &amp#27;[32m INFO&amp#27;[m &amp#27;[35m[@503 - main]&amp#27;[m &amp#27;[36mcom.shaft.tools.io.ReportManager&amp#27;[m : File Action "DoesFileExist" successfully performed. With the following test data "File Path: "SteeringCompanyAPI_TestData/SteeringCompanyAPI_TestData.xlsx"".
2023-01-22 22:02:53.296 &amp#27;[32m INFO&amp#27;[m &amp#27;[35m[@503 - main]&amp#27;[m &amp#27;[36mcom.shaft.tools.io.ReportManager&amp#27;[m : Successfully created attachment "Test Data - Excel"
2023-01-22 22:02:54.059 &amp#27;[32m INFO&amp#27;[m &amp#27;[35m[@503 - main]&amp#27;[m &amp#27;[36mcom.shaft.tools.io.ReportManager&amp#27;[m : Response status code: "422", status line: "HTTP/1.1 422 "
2023-01-22 22:02:54.074 &amp#27;[32m INFO&amp#27;[m &amp#27;[35m[@503 - main]&amp#27;[m &amp#27;[36mcom.shaft.tools.io.ReportManager&amp#27;[m : Successfully created attachment "API Request - Specifications"
2023-01-22 22:02:54.076 &amp#27;[32m INFO&amp#27;[m &amp#27;[35m[@503 - main]&amp#27;[m &amp#27;[36mcom.shaft.tools.io.ReportManager&amp#27;[m : Successfully created attachment "API Request - JSON Body"
2023-01-22 22:02:54.077 &amp#27;[32m INFO&amp#27;[m &amp#27;[35m[@503 - main]&amp#27;[m &amp#27;[36mcom.shaft.tools.io.ReportManager&amp#27;[m : Successfully created attachment "API Response - JSON Body"
2023-01-22 22:02:54.078 &amp#27;[32m INFO&amp#27;[m &amp#27;[35m[@503 - main]&amp#27;[m &amp#27;[36mcom.shaft.tools.io.ReportManager&amp#27;[m : File Action "DoesFileExist" successfully performed. With the following test data "File Path: "Schemas/ValidationError_schema.json"".
2023-01-22 22:02:54.078 &amp#27;[32m INFO&amp#27;[m &amp#27;[35m[@503 - main]&amp#27;[m &amp#27;[36mcom.shaft.tools.io.ReportManager&amp#27;[m : File Action "DoesFileExist" successfully performed. With the following test data "File Path: "src/test/resources/testDataFiles/Schemas/ValidationError_schema.json"".
2023-01-22 22:02:54.078 &amp#27;[32m INFO&amp#27;[m &amp#27;[35m[@503 - main]&amp#27;[m &amp#27;[36mcom.shaft.tools.io.ReportManager&amp#27;[m : File Action "GetAbsolutePath" successfully performed. With the following test data "Relative Folder Path: "src/test/resources/testDataFiles/Schemas/ValidationError_schema.json"".
2023-01-22 22:02:54.082 &amp#27;[32m INFO&amp#27;[m &amp#27;[35m[@503 - main]&amp#27;[m &amp#27;[36mcom.shaft.tools.io.ReportManager&amp#27;[m : File Action "DoesFileExist" successfully performed. With the following test data "File Path: "C:\eclipse-workspace\MyProjects\TASystemsAPIs\src\test\resources\testDataFiles\Schemas\ValidationError_schema.json"".
2023-01-22 22:02:54.082 &amp#27;[32m INFO&amp#27;[m &amp#27;[35m[@503 - main]&amp#27;[m &amp#27;[36mcom.shaft.tools.io.ReportManager&amp#27;[m : File Action "GetAbsolutePath" successfully performed. With the following test data "Relative Folder Path: "C:\eclipse-workspace\MyProjects\TASystemsAPIs\src\test\resources\testDataFiles\Schemas\ValidationError_schema.json"".
2023-01-22 22:02:54.082 &amp#27;[32m INFO&amp#27;[m &amp#27;[35m[@503 - main]&amp#27;[m &amp#27;[36mcom.shaft.tools.io.ReportManager&amp#27;[m : File Action "ReadFile" successfully performed. With the following test data "File Path: "C:\eclipse-workspace\MyProjects\TASystemsAPIs\src\test\resources\testDataFiles\Schemas\ValidationError_schema.json"".
2023-01-22 22:02:54.085 &amp#27;[32m INFO&amp#27;[m &amp#27;[35m[@503 - main]&amp#27;[m &amp#27;[36mcom.shaft.tools.io.ReportManager&amp#27;[m : Successfully created attachment "Validation Test Data - Expected JSON Value"
2023-01-22 22:02:54.086 &amp#27;[32m INFO&amp#27;[m &amp#27;[35m[@503 - main]&amp#27;[m &amp#27;[36mcom.shaft.tools.io.ReportManager&amp#27;[m : Successfully created attachment "Validation Test Data - Actual JSON Value"
2023-01-22 22:02:54.087 &amp#27;[32m INFO&amp#27;[m &amp#27;[35m[@503 - main]&amp#27;[m &amp#27;[36mcom.shaft.tools.io.ReportManager&amp#27;[m : Successfully created attachment "SHAFT Engine Logs - Current Method log: Add_Policy_With_InValid_data_TC"
]]></system-out>
  </testcase>
  <testcase name="Add_Policy_With_InValid_data_TC[[Ljava.lang.Object;@39487f70](10)" classname="SteeringCompanyAPI_TestCases.Test_Policies_Cases" time="1.836">
    <system-out><![CDATA[2023-01-22 22:02:54.091 &amp#27;[32m INFO&amp#27;[m &amp#27;[35m[@534 - main]&amp#27;[m &amp#27;[36mcom.shaft.tools.io.ReportManager&amp#27;[m : 
################################################################################################################################################
Starting Execution:	"53 out of 83" test cases in the current suite
Test Method:		"SteeringCompanyAPI_TestCases.Test_Policies_Cases.Add_Policy_With_InValid_data_TC"
Test Description:	"TC052 -Policy- Perform Add Policy with InValid data"
################################################################################################################################################
2023-01-22 22:02:54.092 &amp#27;[32m INFO&amp#27;[m &amp#27;[35m[@503 - main]&amp#27;[m &amp#27;[36mcom.shaft.tools.io.ReportManager&amp#27;[m : File Action "DoesFileExist" successfully performed. With the following test data "File Path: "SteeringCompanyAPI_TestData/SteeringCompanyAPI_TestData.xlsx"".
2023-01-22 22:02:54.115 &amp#27;[32m INFO&amp#27;[m &amp#27;[35m[@503 - main]&amp#27;[m &amp#27;[36mcom.shaft.tools.io.ReportManager&amp#27;[m : Successfully created attachment "Test Data - Excel"
2023-01-22 22:02:55.009 &amp#27;[32m INFO&amp#27;[m &amp#27;[35m[@503 - main]&amp#27;[m &amp#27;[36mcom.shaft.tools.io.ReportManager&amp#27;[m : Response status code: "200", status line: "HTTP/1.1 200 OK"
2023-01-22 22:02:55.020 &amp#27;[32m INFO&amp#27;[m &amp#27;[35m[@503 - main]&amp#27;[m &amp#27;[36mcom.shaft.tools.io.ReportManager&amp#27;[m : Successfully created attachment "API Request - Specifications"
2023-01-22 22:02:55.021 &amp#27;[32m INFO&amp#27;[m &amp#27;[35m[@503 - main]&amp#27;[m &amp#27;[36mcom.shaft.tools.io.ReportManager&amp#27;[m : Successfully created attachment "API Request - Body"
2023-01-22 22:02:55.022 &amp#27;[32m INFO&amp#27;[m &amp#27;[35m[@503 - main]&amp#27;[m &amp#27;[36mcom.shaft.tools.io.ReportManager&amp#27;[m : Successfully created attachment "API Response - JSON Body"
2023-01-22 22:02:55.031 &amp#27;[32m INFO&amp#27;[m &amp#27;[35m[@503 - main]&amp#27;[m &amp#27;[36mcom.shaft.tools.io.ReportManager&amp#27;[m : File Action "DoesFileExist" successfully performed. With the following test data "File Path: "SteeringCompanyAPI_TestData/SteeringCompanyAPI_TestData.xlsx"".
2023-01-22 22:02:55.055 &amp#27;[32m INFO&amp#27;[m &amp#27;[35m[@503 - main]&amp#27;[m &amp#27;[36mcom.shaft.tools.io.ReportManager&amp#27;[m : Successfully created attachment "Test Data - Excel"
2023-01-22 22:02:55.056 &amp#27;[32m INFO&amp#27;[m &amp#27;[35m[@503 - main]&amp#27;[m &amp#27;[36mcom.shaft.tools.io.ReportManager&amp#27;[m : File Action "DoesFileExist" successfully performed. With the following test data "File Path: "SteeringCompanyAPI_TestData/SteeringCompanyAPI_TestData.xlsx"".
2023-01-22 22:02:55.092 &amp#27;[32m INFO&amp#27;[m &amp#27;[35m[@503 - main]&amp#27;[m &amp#27;[36mcom.shaft.tools.io.ReportManager&amp#27;[m : Successfully created attachment "Test Data - Excel"
2023-01-22 22:02:55.092 &amp#27;[32m INFO&amp#27;[m &amp#27;[35m[@503 - main]&amp#27;[m &amp#27;[36mcom.shaft.tools.io.ReportManager&amp#27;[m : File Action "DoesFileExist" successfully performed. With the following test data "File Path: "SteeringCompanyAPI_TestData/SteeringCompanyAPI_TestData.xlsx"".
2023-01-22 22:02:55.121 &amp#27;[32m INFO&amp#27;[m &amp#27;[35m[@503 - main]&amp#27;[m &amp#27;[36mcom.shaft.tools.io.ReportManager&amp#27;[m : Successfully created attachment "Test Data - Excel"
2023-01-22 22:02:55.902 &amp#27;[32m INFO&amp#27;[m &amp#27;[35m[@503 - main]&amp#27;[m &amp#27;[36mcom.shaft.tools.io.ReportManager&amp#27;[m : Response status code: "422", status line: "HTTP/1.1 422 "
2023-01-22 22:02:55.914 &amp#27;[32m INFO&amp#27;[m &amp#27;[35m[@503 - main]&amp#27;[m &amp#27;[36mcom.shaft.tools.io.ReportManager&amp#27;[m : Successfully created attachment "API Request - Specifications"
2023-01-22 22:02:55.915 &amp#27;[32m INFO&amp#27;[m &amp#27;[35m[@503 - main]&amp#27;[m &amp#27;[36mcom.shaft.tools.io.ReportManager&amp#27;[m : Successfully created attachment "API Request - JSON Body"
2023-01-22 22:02:55.916 &amp#27;[32m INFO&amp#27;[m &amp#27;[35m[@503 - main]&amp#27;[m &amp#27;[36mcom.shaft.tools.io.ReportManager&amp#27;[m : Successfully created attachment "API Response - JSON Body"
2023-01-22 22:02:55.918 &amp#27;[32m INFO&amp#27;[m &amp#27;[35m[@503 - main]&amp#27;[m &amp#27;[36mcom.shaft.tools.io.ReportManager&amp#27;[m : File Action "DoesFileExist" successfully performed. With the following test data "File Path: "Schemas/ValidationError_schema.json"".
2023-01-22 22:02:55.918 &amp#27;[32m INFO&amp#27;[m &amp#27;[35m[@503 - main]&amp#27;[m &amp#27;[36mcom.shaft.tools.io.ReportManager&amp#27;[m : File Action "DoesFileExist" successfully performed. With the following test data "File Path: "src/test/resources/testDataFiles/Schemas/ValidationError_schema.json"".
2023-01-22 22:02:55.918 &amp#27;[32m INFO&amp#27;[m &amp#27;[35m[@503 - main]&amp#27;[m &amp#27;[36mcom.shaft.tools.io.ReportManager&amp#27;[m : File Action "GetAbsolutePath" successfully performed. With the following test data "Relative Folder Path: "src/test/resources/testDataFiles/Schemas/ValidationError_schema.json"".
2023-01-22 22:02:55.921 &amp#27;[32m INFO&amp#27;[m &amp#27;[35m[@503 - main]&amp#27;[m &amp#27;[36mcom.shaft.tools.io.ReportManager&amp#27;[m : File Action "DoesFileExist" successfully performed. With the following test data "File Path: "C:\eclipse-workspace\MyProjects\TASystemsAPIs\src\test\resources\testDataFiles\Schemas\ValidationError_schema.json"".
2023-01-22 22:02:55.921 &amp#27;[32m INFO&amp#27;[m &amp#27;[35m[@503 - main]&amp#27;[m &amp#27;[36mcom.shaft.tools.io.ReportManager&amp#27;[m : File Action "GetAbsolutePath" successfully performed. With the following test data "Relative Folder Path: "C:\eclipse-workspace\MyProjects\TASystemsAPIs\src\test\resources\testDataFiles\Schemas\ValidationError_schema.json"".
2023-01-22 22:02:55.921 &amp#27;[32m INFO&amp#27;[m &amp#27;[35m[@503 - main]&amp#27;[m &amp#27;[36mcom.shaft.tools.io.ReportManager&amp#27;[m : File Action "ReadFile" successfully performed. With the following test data "File Path: "C:\eclipse-workspace\MyProjects\TASystemsAPIs\src\test\resources\testDataFiles\Schemas\ValidationError_schema.json"".
2023-01-22 22:02:55.922 &amp#27;[32m INFO&amp#27;[m &amp#27;[35m[@503 - main]&amp#27;[m &amp#27;[36mcom.shaft.tools.io.ReportManager&amp#27;[m : Successfully created attachment "Validation Test Data - Expected JSON Value"
2023-01-22 22:02:55.923 &amp#27;[32m INFO&amp#27;[m &amp#27;[35m[@503 - main]&amp#27;[m &amp#27;[36mcom.shaft.tools.io.ReportManager&amp#27;[m : Successfully created attachment "Validation Test Data - Actual JSON Value"
2023-01-22 22:02:55.924 &amp#27;[32m INFO&amp#27;[m &amp#27;[35m[@503 - main]&amp#27;[m &amp#27;[36mcom.shaft.tools.io.ReportManager&amp#27;[m : Successfully created attachment "SHAFT Engine Logs - Current Method log: Add_Policy_With_InValid_data_TC"
]]></system-out>
  </testcase>
  <testcase name="Add_Policy_With_InValid_data_TC[[Ljava.lang.Object;@5bb556ab](11)" classname="SteeringCompanyAPI_TestCases.Test_Policies_Cases" time="2.048">
    <system-out><![CDATA[2023-01-22 22:02:55.927 &amp#27;[32m INFO&amp#27;[m &amp#27;[35m[@534 - main]&amp#27;[m &amp#27;[36mcom.shaft.tools.io.ReportManager&amp#27;[m : 
################################################################################################################################################
Starting Execution:	"54 out of 83" test cases in the current suite
Test Method:		"SteeringCompanyAPI_TestCases.Test_Policies_Cases.Add_Policy_With_InValid_data_TC"
Test Description:	"TC052 -Policy- Perform Add Policy with InValid data"
################################################################################################################################################
2023-01-22 22:02:55.927 &amp#27;[32m INFO&amp#27;[m &amp#27;[35m[@503 - main]&amp#27;[m &amp#27;[36mcom.shaft.tools.io.ReportManager&amp#27;[m : File Action "DoesFileExist" successfully performed. With the following test data "File Path: "SteeringCompanyAPI_TestData/SteeringCompanyAPI_TestData.xlsx"".
2023-01-22 22:02:55.951 &amp#27;[32m INFO&amp#27;[m &amp#27;[35m[@503 - main]&amp#27;[m &amp#27;[36mcom.shaft.tools.io.ReportManager&amp#27;[m : Successfully created attachment "Test Data - Excel"
2023-01-22 22:02:57.131 &amp#27;[32m INFO&amp#27;[m &amp#27;[35m[@503 - main]&amp#27;[m &amp#27;[36mcom.shaft.tools.io.ReportManager&amp#27;[m : Response status code: "200", status line: "HTTP/1.1 200 OK"
2023-01-22 22:02:57.146 &amp#27;[32m INFO&amp#27;[m &amp#27;[35m[@503 - main]&amp#27;[m &amp#27;[36mcom.shaft.tools.io.ReportManager&amp#27;[m : Successfully created attachment "API Request - Specifications"
2023-01-22 22:02:57.147 &amp#27;[32m INFO&amp#27;[m &amp#27;[35m[@503 - main]&amp#27;[m &amp#27;[36mcom.shaft.tools.io.ReportManager&amp#27;[m : Successfully created attachment "API Request - Body"
2023-01-22 22:02:57.148 &amp#27;[32m INFO&amp#27;[m &amp#27;[35m[@503 - main]&amp#27;[m &amp#27;[36mcom.shaft.tools.io.ReportManager&amp#27;[m : Successfully created attachment "API Response - JSON Body"
2023-01-22 22:02:57.160 &amp#27;[32m INFO&amp#27;[m &amp#27;[35m[@503 - main]&amp#27;[m &amp#27;[36mcom.shaft.tools.io.ReportManager&amp#27;[m : File Action "DoesFileExist" successfully performed. With the following test data "File Path: "SteeringCompanyAPI_TestData/SteeringCompanyAPI_TestData.xlsx"".
2023-01-22 22:02:57.196 &amp#27;[32m INFO&amp#27;[m &amp#27;[35m[@503 - main]&amp#27;[m &amp#27;[36mcom.shaft.tools.io.ReportManager&amp#27;[m : Successfully created attachment "Test Data - Excel"
2023-01-22 22:02:57.197 &amp#27;[32m INFO&amp#27;[m &amp#27;[35m[@503 - main]&amp#27;[m &amp#27;[36mcom.shaft.tools.io.ReportManager&amp#27;[m : File Action "DoesFileExist" successfully performed. With the following test data "File Path: "SteeringCompanyAPI_TestData/SteeringCompanyAPI_TestData.xlsx"".
2023-01-22 22:02:57.242 &amp#27;[32m INFO&amp#27;[m &amp#27;[35m[@503 - main]&amp#27;[m &amp#27;[36mcom.shaft.tools.io.ReportManager&amp#27;[m : Successfully created attachment "Test Data - Excel"
2023-01-22 22:02:57.243 &amp#27;[32m INFO&amp#27;[m &amp#27;[35m[@503 - main]&amp#27;[m &amp#27;[36mcom.shaft.tools.io.ReportManager&amp#27;[m : File Action "DoesFileExist" successfully performed. With the following test data "File Path: "SteeringCompanyAPI_TestData/SteeringCompanyAPI_TestData.xlsx"".
2023-01-22 22:02:57.276 &amp#27;[32m INFO&amp#27;[m &amp#27;[35m[@503 - main]&amp#27;[m &amp#27;[36mcom.shaft.tools.io.ReportManager&amp#27;[m : Successfully created attachment "Test Data - Excel"
2023-01-22 22:02:57.950 &amp#27;[32m INFO&amp#27;[m &amp#27;[35m[@503 - main]&amp#27;[m &amp#27;[36mcom.shaft.tools.io.ReportManager&amp#27;[m : Response status code: "422", status line: "HTTP/1.1 422 "
2023-01-22 22:02:57.962 &amp#27;[32m INFO&amp#27;[m &amp#27;[35m[@503 - main]&amp#27;[m &amp#27;[36mcom.shaft.tools.io.ReportManager&amp#27;[m : Successfully created attachment "API Request - Specifications"
2023-01-22 22:02:57.963 &amp#27;[32m INFO&amp#27;[m &amp#27;[35m[@503 - main]&amp#27;[m &amp#27;[36mcom.shaft.tools.io.ReportManager&amp#27;[m : Successfully created attachment "API Request - JSON Body"
2023-01-22 22:02:57.964 &amp#27;[32m INFO&amp#27;[m &amp#27;[35m[@503 - main]&amp#27;[m &amp#27;[36mcom.shaft.tools.io.ReportManager&amp#27;[m : Successfully created attachment "API Response - JSON Body"
2023-01-22 22:02:57.966 &amp#27;[32m INFO&amp#27;[m &amp#27;[35m[@503 - main]&amp#27;[m &amp#27;[36mcom.shaft.tools.io.ReportManager&amp#27;[m : File Action "DoesFileExist" successfully performed. With the following test data "File Path: "Schemas/ValidationError_schema.json"".
2023-01-22 22:02:57.966 &amp#27;[32m INFO&amp#27;[m &amp#27;[35m[@503 - main]&amp#27;[m &amp#27;[36mcom.shaft.tools.io.ReportManager&amp#27;[m : File Action "DoesFileExist" successfully performed. With the following test data "File Path: "src/test/resources/testDataFiles/Schemas/ValidationError_schema.json"".
2023-01-22 22:02:57.966 &amp#27;[32m INFO&amp#27;[m &amp#27;[35m[@503 - main]&amp#27;[m &amp#27;[36mcom.shaft.tools.io.ReportManager&amp#27;[m : File Action "GetAbsolutePath" successfully performed. With the following test data "Relative Folder Path: "src/test/resources/testDataFiles/Schemas/ValidationError_schema.json"".
2023-01-22 22:02:57.968 &amp#27;[32m INFO&amp#27;[m &amp#27;[35m[@503 - main]&amp#27;[m &amp#27;[36mcom.shaft.tools.io.ReportManager&amp#27;[m : File Action "DoesFileExist" successfully performed. With the following test data "File Path: "C:\eclipse-workspace\MyProjects\TASystemsAPIs\src\test\resources\testDataFiles\Schemas\ValidationError_schema.json"".
2023-01-22 22:02:57.968 &amp#27;[32m INFO&amp#27;[m &amp#27;[35m[@503 - main]&amp#27;[m &amp#27;[36mcom.shaft.tools.io.ReportManager&amp#27;[m : File Action "GetAbsolutePath" successfully performed. With the following test data "Relative Folder Path: "C:\eclipse-workspace\MyProjects\TASystemsAPIs\src\test\resources\testDataFiles\Schemas\ValidationError_schema.json"".
2023-01-22 22:02:57.969 &amp#27;[32m INFO&amp#27;[m &amp#27;[35m[@503 - main]&amp#27;[m &amp#27;[36mcom.shaft.tools.io.ReportManager&amp#27;[m : File Action "ReadFile" successfully performed. With the following test data "File Path: "C:\eclipse-workspace\MyProjects\TASystemsAPIs\src\test\resources\testDataFiles\Schemas\ValidationError_schema.json"".
2023-01-22 22:02:57.970 &amp#27;[32m INFO&amp#27;[m &amp#27;[35m[@503 - main]&amp#27;[m &amp#27;[36mcom.shaft.tools.io.ReportManager&amp#27;[m : Successfully created attachment "Validation Test Data - Expected JSON Value"
2023-01-22 22:02:57.971 &amp#27;[32m INFO&amp#27;[m &amp#27;[35m[@503 - main]&amp#27;[m &amp#27;[36mcom.shaft.tools.io.ReportManager&amp#27;[m : Successfully created attachment "Validation Test Data - Actual JSON Value"
2023-01-22 22:02:57.972 &amp#27;[32m INFO&amp#27;[m &amp#27;[35m[@503 - main]&amp#27;[m &amp#27;[36mcom.shaft.tools.io.ReportManager&amp#27;[m : Successfully created attachment "SHAFT Engine Logs - Current Method log: Add_Policy_With_InValid_data_TC"
]]></system-out>
  </testcase>
  <testcase name="Add_Policy_With_InValid_data_TC[[Ljava.lang.Object;@2e38e93a](12)" classname="SteeringCompanyAPI_TestCases.Test_Policies_Cases" time="1.887">
    <system-out><![CDATA[2023-01-22 22:02:57.975 &amp#27;[32m INFO&amp#27;[m &amp#27;[35m[@534 - main]&amp#27;[m &amp#27;[36mcom.shaft.tools.io.ReportManager&amp#27;[m : 
################################################################################################################################################
Starting Execution:	"55 out of 83" test cases in the current suite
Test Method:		"SteeringCompanyAPI_TestCases.Test_Policies_Cases.Add_Policy_With_InValid_data_TC"
Test Description:	"TC052 -Policy- Perform Add Policy with InValid data"
################################################################################################################################################
2023-01-22 22:02:57.976 &amp#27;[32m INFO&amp#27;[m &amp#27;[35m[@503 - main]&amp#27;[m &amp#27;[36mcom.shaft.tools.io.ReportManager&amp#27;[m : File Action "DoesFileExist" successfully performed. With the following test data "File Path: "SteeringCompanyAPI_TestData/SteeringCompanyAPI_TestData.xlsx"".
2023-01-22 22:02:58.000 &amp#27;[32m INFO&amp#27;[m &amp#27;[35m[@503 - main]&amp#27;[m &amp#27;[36mcom.shaft.tools.io.ReportManager&amp#27;[m : Successfully created attachment "Test Data - Excel"
2023-01-22 22:02:58.911 &amp#27;[32m INFO&amp#27;[m &amp#27;[35m[@503 - main]&amp#27;[m &amp#27;[36mcom.shaft.tools.io.ReportManager&amp#27;[m : Response status code: "200", status line: "HTTP/1.1 200 OK"
2023-01-22 22:02:58.923 &amp#27;[32m INFO&amp#27;[m &amp#27;[35m[@503 - main]&amp#27;[m &amp#27;[36mcom.shaft.tools.io.ReportManager&amp#27;[m : Successfully created attachment "API Request - Specifications"
2023-01-22 22:02:58.925 &amp#27;[32m INFO&amp#27;[m &amp#27;[35m[@503 - main]&amp#27;[m &amp#27;[36mcom.shaft.tools.io.ReportManager&amp#27;[m : Successfully created attachment "API Request - Body"
2023-01-22 22:02:58.926 &amp#27;[32m INFO&amp#27;[m &amp#27;[35m[@503 - main]&amp#27;[m &amp#27;[36mcom.shaft.tools.io.ReportManager&amp#27;[m : Successfully created attachment "API Response - JSON Body"
2023-01-22 22:02:58.937 &amp#27;[32m INFO&amp#27;[m &amp#27;[35m[@503 - main]&amp#27;[m &amp#27;[36mcom.shaft.tools.io.ReportManager&amp#27;[m : File Action "DoesFileExist" successfully performed. With the following test data "File Path: "SteeringCompanyAPI_TestData/SteeringCompanyAPI_TestData.xlsx"".
2023-01-22 22:02:58.959 &amp#27;[32m INFO&amp#27;[m &amp#27;[35m[@503 - main]&amp#27;[m &amp#27;[36mcom.shaft.tools.io.ReportManager&amp#27;[m : Successfully created attachment "Test Data - Excel"
2023-01-22 22:02:58.960 &amp#27;[32m INFO&amp#27;[m &amp#27;[35m[@503 - main]&amp#27;[m &amp#27;[36mcom.shaft.tools.io.ReportManager&amp#27;[m : File Action "DoesFileExist" successfully performed. With the following test data "File Path: "SteeringCompanyAPI_TestData/SteeringCompanyAPI_TestData.xlsx"".
2023-01-22 22:02:58.994 &amp#27;[32m INFO&amp#27;[m &amp#27;[35m[@503 - main]&amp#27;[m &amp#27;[36mcom.shaft.tools.io.ReportManager&amp#27;[m : Successfully created attachment "Test Data - Excel"
2023-01-22 22:02:58.995 &amp#27;[32m INFO&amp#27;[m &amp#27;[35m[@503 - main]&amp#27;[m &amp#27;[36mcom.shaft.tools.io.ReportManager&amp#27;[m : File Action "DoesFileExist" successfully performed. With the following test data "File Path: "SteeringCompanyAPI_TestData/SteeringCompanyAPI_TestData.xlsx"".
2023-01-22 22:02:59.018 &amp#27;[32m INFO&amp#27;[m &amp#27;[35m[@503 - main]&amp#27;[m &amp#27;[36mcom.shaft.tools.io.ReportManager&amp#27;[m : Successfully created attachment "Test Data - Excel"
2023-01-22 22:02:59.837 &amp#27;[32m INFO&amp#27;[m &amp#27;[35m[@503 - main]&amp#27;[m &amp#27;[36mcom.shaft.tools.io.ReportManager&amp#27;[m : Response status code: "422", status line: "HTTP/1.1 422 "
2023-01-22 22:02:59.849 &amp#27;[32m INFO&amp#27;[m &amp#27;[35m[@503 - main]&amp#27;[m &amp#27;[36mcom.shaft.tools.io.ReportManager&amp#27;[m : Successfully created attachment "API Request - Specifications"
2023-01-22 22:02:59.851 &amp#27;[32m INFO&amp#27;[m &amp#27;[35m[@503 - main]&amp#27;[m &amp#27;[36mcom.shaft.tools.io.ReportManager&amp#27;[m : Successfully created attachment "API Request - JSON Body"
2023-01-22 22:02:59.852 &amp#27;[32m INFO&amp#27;[m &amp#27;[35m[@503 - main]&amp#27;[m &amp#27;[36mcom.shaft.tools.io.ReportManager&amp#27;[m : Successfully created attachment "API Response - JSON Body"
2023-01-22 22:02:59.853 &amp#27;[32m INFO&amp#27;[m &amp#27;[35m[@503 - main]&amp#27;[m &amp#27;[36mcom.shaft.tools.io.ReportManager&amp#27;[m : File Action "DoesFileExist" successfully performed. With the following test data "File Path: "Schemas/ValidationError_schema.json"".
2023-01-22 22:02:59.853 &amp#27;[32m INFO&amp#27;[m &amp#27;[35m[@503 - main]&amp#27;[m &amp#27;[36mcom.shaft.tools.io.ReportManager&amp#27;[m : File Action "DoesFileExist" successfully performed. With the following test data "File Path: "src/test/resources/testDataFiles/Schemas/ValidationError_schema.json"".
2023-01-22 22:02:59.853 &amp#27;[32m INFO&amp#27;[m &amp#27;[35m[@503 - main]&amp#27;[m &amp#27;[36mcom.shaft.tools.io.ReportManager&amp#27;[m : File Action "GetAbsolutePath" successfully performed. With the following test data "Relative Folder Path: "src/test/resources/testDataFiles/Schemas/ValidationError_schema.json"".
2023-01-22 22:02:59.855 &amp#27;[32m INFO&amp#27;[m &amp#27;[35m[@503 - main]&amp#27;[m &amp#27;[36mcom.shaft.tools.io.ReportManager&amp#27;[m : File Action "DoesFileExist" successfully performed. With the following test data "File Path: "C:\eclipse-workspace\MyProjects\TASystemsAPIs\src\test\resources\testDataFiles\Schemas\ValidationError_schema.json"".
2023-01-22 22:02:59.855 &amp#27;[32m INFO&amp#27;[m &amp#27;[35m[@503 - main]&amp#27;[m &amp#27;[36mcom.shaft.tools.io.ReportManager&amp#27;[m : File Action "GetAbsolutePath" successfully performed. With the following test data "Relative Folder Path: "C:\eclipse-workspace\MyProjects\TASystemsAPIs\src\test\resources\testDataFiles\Schemas\ValidationError_schema.json"".
2023-01-22 22:02:59.855 &amp#27;[32m INFO&amp#27;[m &amp#27;[35m[@503 - main]&amp#27;[m &amp#27;[36mcom.shaft.tools.io.ReportManager&amp#27;[m : File Action "ReadFile" successfully performed. With the following test data "File Path: "C:\eclipse-workspace\MyProjects\TASystemsAPIs\src\test\resources\testDataFiles\Schemas\ValidationError_schema.json"".
2023-01-22 22:02:59.857 &amp#27;[32m INFO&amp#27;[m &amp#27;[35m[@503 - main]&amp#27;[m &amp#27;[36mcom.shaft.tools.io.ReportManager&amp#27;[m : Successfully created attachment "Validation Test Data - Expected JSON Value"
2023-01-22 22:02:59.858 &amp#27;[32m INFO&amp#27;[m &amp#27;[35m[@503 - main]&amp#27;[m &amp#27;[36mcom.shaft.tools.io.ReportManager&amp#27;[m : Successfully created attachment "Validation Test Data - Actual JSON Value"
2023-01-22 22:02:59.859 &amp#27;[32m INFO&amp#27;[m &amp#27;[35m[@503 - main]&amp#27;[m &amp#27;[36mcom.shaft.tools.io.ReportManager&amp#27;[m : Successfully created attachment "SHAFT Engine Logs - Current Method log: Add_Policy_With_InValid_data_TC"
]]></system-out>
  </testcase>
  <testcase name="Add_Policy_With_InValid_data_TC[[Ljava.lang.Object;@27b72947](13)" classname="SteeringCompanyAPI_TestCases.Test_Policies_Cases" time="1.903">
    <system-out><![CDATA[2023-01-22 22:02:59.862 &amp#27;[32m INFO&amp#27;[m &amp#27;[35m[@534 - main]&amp#27;[m &amp#27;[36mcom.shaft.tools.io.ReportManager&amp#27;[m : 
################################################################################################################################################
Starting Execution:	"56 out of 83" test cases in the current suite
Test Method:		"SteeringCompanyAPI_TestCases.Test_Policies_Cases.Add_Policy_With_InValid_data_TC"
Test Description:	"TC052 -Policy- Perform Add Policy with InValid data"
################################################################################################################################################
2023-01-22 22:02:59.862 &amp#27;[32m INFO&amp#27;[m &amp#27;[35m[@503 - main]&amp#27;[m &amp#27;[36mcom.shaft.tools.io.ReportManager&amp#27;[m : File Action "DoesFileExist" successfully performed. With the following test data "File Path: "SteeringCompanyAPI_TestData/SteeringCompanyAPI_TestData.xlsx"".
2023-01-22 22:02:59.889 &amp#27;[32m INFO&amp#27;[m &amp#27;[35m[@503 - main]&amp#27;[m &amp#27;[36mcom.shaft.tools.io.ReportManager&amp#27;[m : Successfully created attachment "Test Data - Excel"
2023-01-22 22:03:00.776 &amp#27;[32m INFO&amp#27;[m &amp#27;[35m[@503 - main]&amp#27;[m &amp#27;[36mcom.shaft.tools.io.ReportManager&amp#27;[m : Response status code: "200", status line: "HTTP/1.1 200 OK"
2023-01-22 22:03:00.789 &amp#27;[32m INFO&amp#27;[m &amp#27;[35m[@503 - main]&amp#27;[m &amp#27;[36mcom.shaft.tools.io.ReportManager&amp#27;[m : Successfully created attachment "API Request - Specifications"
2023-01-22 22:03:00.791 &amp#27;[32m INFO&amp#27;[m &amp#27;[35m[@503 - main]&amp#27;[m &amp#27;[36mcom.shaft.tools.io.ReportManager&amp#27;[m : Successfully created attachment "API Request - Body"
2023-01-22 22:03:00.791 &amp#27;[32m INFO&amp#27;[m &amp#27;[35m[@503 - main]&amp#27;[m &amp#27;[36mcom.shaft.tools.io.ReportManager&amp#27;[m : Successfully created attachment "API Response - JSON Body"
2023-01-22 22:03:00.799 &amp#27;[32m INFO&amp#27;[m &amp#27;[35m[@503 - main]&amp#27;[m &amp#27;[36mcom.shaft.tools.io.ReportManager&amp#27;[m : File Action "DoesFileExist" successfully performed. With the following test data "File Path: "SteeringCompanyAPI_TestData/SteeringCompanyAPI_TestData.xlsx"".
2023-01-22 22:03:00.821 &amp#27;[32m INFO&amp#27;[m &amp#27;[35m[@503 - main]&amp#27;[m &amp#27;[36mcom.shaft.tools.io.ReportManager&amp#27;[m : Successfully created attachment "Test Data - Excel"
2023-01-22 22:03:00.821 &amp#27;[32m INFO&amp#27;[m &amp#27;[35m[@503 - main]&amp#27;[m &amp#27;[36mcom.shaft.tools.io.ReportManager&amp#27;[m : File Action "DoesFileExist" successfully performed. With the following test data "File Path: "SteeringCompanyAPI_TestData/SteeringCompanyAPI_TestData.xlsx"".
2023-01-22 22:03:00.854 &amp#27;[32m INFO&amp#27;[m &amp#27;[35m[@503 - main]&amp#27;[m &amp#27;[36mcom.shaft.tools.io.ReportManager&amp#27;[m : Successfully created attachment "Test Data - Excel"
2023-01-22 22:03:00.855 &amp#27;[32m INFO&amp#27;[m &amp#27;[35m[@503 - main]&amp#27;[m &amp#27;[36mcom.shaft.tools.io.ReportManager&amp#27;[m : File Action "DoesFileExist" successfully performed. With the following test data "File Path: "SteeringCompanyAPI_TestData/SteeringCompanyAPI_TestData.xlsx"".
2023-01-22 22:03:00.884 &amp#27;[32m INFO&amp#27;[m &amp#27;[35m[@503 - main]&amp#27;[m &amp#27;[36mcom.shaft.tools.io.ReportManager&amp#27;[m : Successfully created attachment "Test Data - Excel"
2023-01-22 22:03:01.740 &amp#27;[32m INFO&amp#27;[m &amp#27;[35m[@503 - main]&amp#27;[m &amp#27;[36mcom.shaft.tools.io.ReportManager&amp#27;[m : Response status code: "422", status line: "HTTP/1.1 422 "
2023-01-22 22:03:01.752 &amp#27;[32m INFO&amp#27;[m &amp#27;[35m[@503 - main]&amp#27;[m &amp#27;[36mcom.shaft.tools.io.ReportManager&amp#27;[m : Successfully created attachment "API Request - Specifications"
2023-01-22 22:03:01.753 &amp#27;[32m INFO&amp#27;[m &amp#27;[35m[@503 - main]&amp#27;[m &amp#27;[36mcom.shaft.tools.io.ReportManager&amp#27;[m : Successfully created attachment "API Request - JSON Body"
2023-01-22 22:03:01.754 &amp#27;[32m INFO&amp#27;[m &amp#27;[35m[@503 - main]&amp#27;[m &amp#27;[36mcom.shaft.tools.io.ReportManager&amp#27;[m : Successfully created attachment "API Response - JSON Body"
2023-01-22 22:03:01.754 &amp#27;[32m INFO&amp#27;[m &amp#27;[35m[@503 - main]&amp#27;[m &amp#27;[36mcom.shaft.tools.io.ReportManager&amp#27;[m : File Action "DoesFileExist" successfully performed. With the following test data "File Path: "Schemas/ValidationError_schema.json"".
2023-01-22 22:03:01.755 &amp#27;[32m INFO&amp#27;[m &amp#27;[35m[@503 - main]&amp#27;[m &amp#27;[36mcom.shaft.tools.io.ReportManager&amp#27;[m : File Action "DoesFileExist" successfully performed. With the following test data "File Path: "src/test/resources/testDataFiles/Schemas/ValidationError_schema.json"".
2023-01-22 22:03:01.755 &amp#27;[32m INFO&amp#27;[m &amp#27;[35m[@503 - main]&amp#27;[m &amp#27;[36mcom.shaft.tools.io.ReportManager&amp#27;[m : File Action "GetAbsolutePath" successfully performed. With the following test data "Relative Folder Path: "src/test/resources/testDataFiles/Schemas/ValidationError_schema.json"".
2023-01-22 22:03:01.757 &amp#27;[32m INFO&amp#27;[m &amp#27;[35m[@503 - main]&amp#27;[m &amp#27;[36mcom.shaft.tools.io.ReportManager&amp#27;[m : File Action "DoesFileExist" successfully performed. With the following test data "File Path: "C:\eclipse-workspace\MyProjects\TASystemsAPIs\src\test\resources\testDataFiles\Schemas\ValidationError_schema.json"".
2023-01-22 22:03:01.758 &amp#27;[32m INFO&amp#27;[m &amp#27;[35m[@503 - main]&amp#27;[m &amp#27;[36mcom.shaft.tools.io.ReportManager&amp#27;[m : File Action "GetAbsolutePath" successfully performed. With the following test data "Relative Folder Path: "C:\eclipse-workspace\MyProjects\TASystemsAPIs\src\test\resources\testDataFiles\Schemas\ValidationError_schema.json"".
2023-01-22 22:03:01.758 &amp#27;[32m INFO&amp#27;[m &amp#27;[35m[@503 - main]&amp#27;[m &amp#27;[36mcom.shaft.tools.io.ReportManager&amp#27;[m : File Action "ReadFile" successfully performed. With the following test data "File Path: "C:\eclipse-workspace\MyProjects\TASystemsAPIs\src\test\resources\testDataFiles\Schemas\ValidationError_schema.json"".
2023-01-22 22:03:01.759 &amp#27;[32m INFO&amp#27;[m &amp#27;[35m[@503 - main]&amp#27;[m &amp#27;[36mcom.shaft.tools.io.ReportManager&amp#27;[m : Successfully created attachment "Validation Test Data - Expected JSON Value"
2023-01-22 22:03:01.761 &amp#27;[32m INFO&amp#27;[m &amp#27;[35m[@503 - main]&amp#27;[m &amp#27;[36mcom.shaft.tools.io.ReportManager&amp#27;[m : Successfully created attachment "Validation Test Data - Actual JSON Value"
2023-01-22 22:03:01.762 &amp#27;[32m INFO&amp#27;[m &amp#27;[35m[@503 - main]&amp#27;[m &amp#27;[36mcom.shaft.tools.io.ReportManager&amp#27;[m : Successfully created attachment "SHAFT Engine Logs - Current Method log: Add_Policy_With_InValid_data_TC"
]]></system-out>
  </testcase>
  <testcase name="Add_Policy_With_InValid_data_TC[[Ljava.lang.Object;@58f6de19](14)" classname="SteeringCompanyAPI_TestCases.Test_Policies_Cases" time="2.281">
    <system-out><![CDATA[2023-01-22 22:03:01.765 &amp#27;[32m INFO&amp#27;[m &amp#27;[35m[@534 - main]&amp#27;[m &amp#27;[36mcom.shaft.tools.io.ReportManager&amp#27;[m : 
################################################################################################################################################
Starting Execution:	"57 out of 83" test cases in the current suite
Test Method:		"SteeringCompanyAPI_TestCases.Test_Policies_Cases.Add_Policy_With_InValid_data_TC"
Test Description:	"TC052 -Policy- Perform Add Policy with InValid data"
################################################################################################################################################
2023-01-22 22:03:01.766 &amp#27;[32m INFO&amp#27;[m &amp#27;[35m[@503 - main]&amp#27;[m &amp#27;[36mcom.shaft.tools.io.ReportManager&amp#27;[m : File Action "DoesFileExist" successfully performed. With the following test data "File Path: "SteeringCompanyAPI_TestData/SteeringCompanyAPI_TestData.xlsx"".
2023-01-22 22:03:01.797 &amp#27;[32m INFO&amp#27;[m &amp#27;[35m[@503 - main]&amp#27;[m &amp#27;[36mcom.shaft.tools.io.ReportManager&amp#27;[m : Successfully created attachment "Test Data - Excel"
2023-01-22 22:03:02.807 &amp#27;[32m INFO&amp#27;[m &amp#27;[35m[@503 - main]&amp#27;[m &amp#27;[36mcom.shaft.tools.io.ReportManager&amp#27;[m : Response status code: "200", status line: "HTTP/1.1 200 OK"
2023-01-22 22:03:02.819 &amp#27;[32m INFO&amp#27;[m &amp#27;[35m[@503 - main]&amp#27;[m &amp#27;[36mcom.shaft.tools.io.ReportManager&amp#27;[m : Successfully created attachment "API Request - Specifications"
2023-01-22 22:03:02.820 &amp#27;[32m INFO&amp#27;[m &amp#27;[35m[@503 - main]&amp#27;[m &amp#27;[36mcom.shaft.tools.io.ReportManager&amp#27;[m : Successfully created attachment "API Request - Body"
2023-01-22 22:03:02.821 &amp#27;[32m INFO&amp#27;[m &amp#27;[35m[@503 - main]&amp#27;[m &amp#27;[36mcom.shaft.tools.io.ReportManager&amp#27;[m : Successfully created attachment "API Response - JSON Body"
2023-01-22 22:03:02.830 &amp#27;[32m INFO&amp#27;[m &amp#27;[35m[@503 - main]&amp#27;[m &amp#27;[36mcom.shaft.tools.io.ReportManager&amp#27;[m : File Action "DoesFileExist" successfully performed. With the following test data "File Path: "SteeringCompanyAPI_TestData/SteeringCompanyAPI_TestData.xlsx"".
2023-01-22 22:03:02.855 &amp#27;[32m INFO&amp#27;[m &amp#27;[35m[@503 - main]&amp#27;[m &amp#27;[36mcom.shaft.tools.io.ReportManager&amp#27;[m : Successfully created attachment "Test Data - Excel"
2023-01-22 22:03:02.855 &amp#27;[32m INFO&amp#27;[m &amp#27;[35m[@503 - main]&amp#27;[m &amp#27;[36mcom.shaft.tools.io.ReportManager&amp#27;[m : File Action "DoesFileExist" successfully performed. With the following test data "File Path: "SteeringCompanyAPI_TestData/SteeringCompanyAPI_TestData.xlsx"".
2023-01-22 22:03:02.917 &amp#27;[32m INFO&amp#27;[m &amp#27;[35m[@503 - main]&amp#27;[m &amp#27;[36mcom.shaft.tools.io.ReportManager&amp#27;[m : Successfully created attachment "Test Data - Excel"
2023-01-22 22:03:02.918 &amp#27;[32m INFO&amp#27;[m &amp#27;[35m[@503 - main]&amp#27;[m &amp#27;[36mcom.shaft.tools.io.ReportManager&amp#27;[m : File Action "DoesFileExist" successfully performed. With the following test data "File Path: "SteeringCompanyAPI_TestData/SteeringCompanyAPI_TestData.xlsx"".
2023-01-22 22:03:02.947 &amp#27;[32m INFO&amp#27;[m &amp#27;[35m[@503 - main]&amp#27;[m &amp#27;[36mcom.shaft.tools.io.ReportManager&amp#27;[m : Successfully created attachment "Test Data - Excel"
2023-01-22 22:03:04.014 &amp#27;[32m INFO&amp#27;[m &amp#27;[35m[@503 - main]&amp#27;[m &amp#27;[36mcom.shaft.tools.io.ReportManager&amp#27;[m : Response status code: "422", status line: "HTTP/1.1 422 "
2023-01-22 22:03:04.028 &amp#27;[32m INFO&amp#27;[m &amp#27;[35m[@503 - main]&amp#27;[m &amp#27;[36mcom.shaft.tools.io.ReportManager&amp#27;[m : Successfully created attachment "API Request - Specifications"
2023-01-22 22:03:04.031 &amp#27;[32m INFO&amp#27;[m &amp#27;[35m[@503 - main]&amp#27;[m &amp#27;[36mcom.shaft.tools.io.ReportManager&amp#27;[m : Successfully created attachment "API Request - JSON Body"
2023-01-22 22:03:04.032 &amp#27;[32m INFO&amp#27;[m &amp#27;[35m[@503 - main]&amp#27;[m &amp#27;[36mcom.shaft.tools.io.ReportManager&amp#27;[m : Successfully created attachment "API Response - JSON Body"
2023-01-22 22:03:04.033 &amp#27;[32m INFO&amp#27;[m &amp#27;[35m[@503 - main]&amp#27;[m &amp#27;[36mcom.shaft.tools.io.ReportManager&amp#27;[m : File Action "DoesFileExist" successfully performed. With the following test data "File Path: "Schemas/ValidationError_schema.json"".
2023-01-22 22:03:04.034 &amp#27;[32m INFO&amp#27;[m &amp#27;[35m[@503 - main]&amp#27;[m &amp#27;[36mcom.shaft.tools.io.ReportManager&amp#27;[m : File Action "DoesFileExist" successfully performed. With the following test data "File Path: "src/test/resources/testDataFiles/Schemas/ValidationError_schema.json"".
2023-01-22 22:03:04.034 &amp#27;[32m INFO&amp#27;[m &amp#27;[35m[@503 - main]&amp#27;[m &amp#27;[36mcom.shaft.tools.io.ReportManager&amp#27;[m : File Action "GetAbsolutePath" successfully performed. With the following test data "Relative Folder Path: "src/test/resources/testDataFiles/Schemas/ValidationError_schema.json"".
2023-01-22 22:03:04.037 &amp#27;[32m INFO&amp#27;[m &amp#27;[35m[@503 - main]&amp#27;[m &amp#27;[36mcom.shaft.tools.io.ReportManager&amp#27;[m : File Action "DoesFileExist" successfully performed. With the following test data "File Path: "C:\eclipse-workspace\MyProjects\TASystemsAPIs\src\test\resources\testDataFiles\Schemas\ValidationError_schema.json"".
2023-01-22 22:03:04.037 &amp#27;[32m INFO&amp#27;[m &amp#27;[35m[@503 - main]&amp#27;[m &amp#27;[36mcom.shaft.tools.io.ReportManager&amp#27;[m : File Action "GetAbsolutePath" successfully performed. With the following test data "Relative Folder Path: "C:\eclipse-workspace\MyProjects\TASystemsAPIs\src\test\resources\testDataFiles\Schemas\ValidationError_schema.json"".
2023-01-22 22:03:04.038 &amp#27;[32m INFO&amp#27;[m &amp#27;[35m[@503 - main]&amp#27;[m &amp#27;[36mcom.shaft.tools.io.ReportManager&amp#27;[m : File Action "ReadFile" successfully performed. With the following test data "File Path: "C:\eclipse-workspace\MyProjects\TASystemsAPIs\src\test\resources\testDataFiles\Schemas\ValidationError_schema.json"".
2023-01-22 22:03:04.040 &amp#27;[32m INFO&amp#27;[m &amp#27;[35m[@503 - main]&amp#27;[m &amp#27;[36mcom.shaft.tools.io.ReportManager&amp#27;[m : Successfully created attachment "Validation Test Data - Expected JSON Value"
2023-01-22 22:03:04.042 &amp#27;[32m INFO&amp#27;[m &amp#27;[35m[@503 - main]&amp#27;[m &amp#27;[36mcom.shaft.tools.io.ReportManager&amp#27;[m : Successfully created attachment "Validation Test Data - Actual JSON Value"
2023-01-22 22:03:04.043 &amp#27;[32m INFO&amp#27;[m &amp#27;[35m[@503 - main]&amp#27;[m &amp#27;[36mcom.shaft.tools.io.ReportManager&amp#27;[m : Successfully created attachment "SHAFT Engine Logs - Current Method log: Add_Policy_With_InValid_data_TC"
]]></system-out>
  </testcase>
  <testcase name="Add_Policy_With_InValid_data_TC[[Ljava.lang.Object;@8699088](15)" classname="SteeringCompanyAPI_TestCases.Test_Policies_Cases" time="1.917">
    <system-out><![CDATA[2023-01-22 22:03:04.047 &amp#27;[32m INFO&amp#27;[m &amp#27;[35m[@534 - main]&amp#27;[m &amp#27;[36mcom.shaft.tools.io.ReportManager&amp#27;[m : 
################################################################################################################################################
Starting Execution:	"58 out of 83" test cases in the current suite
Test Method:		"SteeringCompanyAPI_TestCases.Test_Policies_Cases.Add_Policy_With_InValid_data_TC"
Test Description:	"TC052 -Policy- Perform Add Policy with InValid data"
################################################################################################################################################
2023-01-22 22:03:04.047 &amp#27;[32m INFO&amp#27;[m &amp#27;[35m[@503 - main]&amp#27;[m &amp#27;[36mcom.shaft.tools.io.ReportManager&amp#27;[m : File Action "DoesFileExist" successfully performed. With the following test data "File Path: "SteeringCompanyAPI_TestData/SteeringCompanyAPI_TestData.xlsx"".
2023-01-22 22:03:04.075 &amp#27;[32m INFO&amp#27;[m &amp#27;[35m[@503 - main]&amp#27;[m &amp#27;[36mcom.shaft.tools.io.ReportManager&amp#27;[m : Successfully created attachment "Test Data - Excel"
2023-01-22 22:03:05.019 &amp#27;[32m INFO&amp#27;[m &amp#27;[35m[@503 - main]&amp#27;[m &amp#27;[36mcom.shaft.tools.io.ReportManager&amp#27;[m : Response status code: "200", status line: "HTTP/1.1 200 OK"
2023-01-22 22:03:05.037 &amp#27;[32m INFO&amp#27;[m &amp#27;[35m[@503 - main]&amp#27;[m &amp#27;[36mcom.shaft.tools.io.ReportManager&amp#27;[m : Successfully created attachment "API Request - Specifications"
2023-01-22 22:03:05.039 &amp#27;[32m INFO&amp#27;[m &amp#27;[35m[@503 - main]&amp#27;[m &amp#27;[36mcom.shaft.tools.io.ReportManager&amp#27;[m : Successfully created attachment "API Request - Body"
2023-01-22 22:03:05.040 &amp#27;[32m INFO&amp#27;[m &amp#27;[35m[@503 - main]&amp#27;[m &amp#27;[36mcom.shaft.tools.io.ReportManager&amp#27;[m : Successfully created attachment "API Response - JSON Body"
2023-01-22 22:03:05.053 &amp#27;[32m INFO&amp#27;[m &amp#27;[35m[@503 - main]&amp#27;[m &amp#27;[36mcom.shaft.tools.io.ReportManager&amp#27;[m : File Action "DoesFileExist" successfully performed. With the following test data "File Path: "SteeringCompanyAPI_TestData/SteeringCompanyAPI_TestData.xlsx"".
2023-01-22 22:03:05.086 &amp#27;[32m INFO&amp#27;[m &amp#27;[35m[@503 - main]&amp#27;[m &amp#27;[36mcom.shaft.tools.io.ReportManager&amp#27;[m : Successfully created attachment "Test Data - Excel"
2023-01-22 22:03:05.086 &amp#27;[32m INFO&amp#27;[m &amp#27;[35m[@503 - main]&amp#27;[m &amp#27;[36mcom.shaft.tools.io.ReportManager&amp#27;[m : File Action "DoesFileExist" successfully performed. With the following test data "File Path: "SteeringCompanyAPI_TestData/SteeringCompanyAPI_TestData.xlsx"".
2023-01-22 22:03:05.120 &amp#27;[32m INFO&amp#27;[m &amp#27;[35m[@503 - main]&amp#27;[m &amp#27;[36mcom.shaft.tools.io.ReportManager&amp#27;[m : Successfully created attachment "Test Data - Excel"
2023-01-22 22:03:05.121 &amp#27;[32m INFO&amp#27;[m &amp#27;[35m[@503 - main]&amp#27;[m &amp#27;[36mcom.shaft.tools.io.ReportManager&amp#27;[m : File Action "DoesFileExist" successfully performed. With the following test data "File Path: "SteeringCompanyAPI_TestData/SteeringCompanyAPI_TestData.xlsx"".
2023-01-22 22:03:05.146 &amp#27;[32m INFO&amp#27;[m &amp#27;[35m[@503 - main]&amp#27;[m &amp#27;[36mcom.shaft.tools.io.ReportManager&amp#27;[m : Successfully created attachment "Test Data - Excel"
2023-01-22 22:03:05.939 &amp#27;[32m INFO&amp#27;[m &amp#27;[35m[@503 - main]&amp#27;[m &amp#27;[36mcom.shaft.tools.io.ReportManager&amp#27;[m : Response status code: "422", status line: "HTTP/1.1 422 "
2023-01-22 22:03:05.950 &amp#27;[32m INFO&amp#27;[m &amp#27;[35m[@503 - main]&amp#27;[m &amp#27;[36mcom.shaft.tools.io.ReportManager&amp#27;[m : Successfully created attachment "API Request - Specifications"
2023-01-22 22:03:05.952 &amp#27;[32m INFO&amp#27;[m &amp#27;[35m[@503 - main]&amp#27;[m &amp#27;[36mcom.shaft.tools.io.ReportManager&amp#27;[m : Successfully created attachment "API Request - JSON Body"
2023-01-22 22:03:05.953 &amp#27;[32m INFO&amp#27;[m &amp#27;[35m[@503 - main]&amp#27;[m &amp#27;[36mcom.shaft.tools.io.ReportManager&amp#27;[m : Successfully created attachment "API Response - JSON Body"
2023-01-22 22:03:05.954 &amp#27;[32m INFO&amp#27;[m &amp#27;[35m[@503 - main]&amp#27;[m &amp#27;[36mcom.shaft.tools.io.ReportManager&amp#27;[m : File Action "DoesFileExist" successfully performed. With the following test data "File Path: "Schemas/ValidationError_schema.json"".
2023-01-22 22:03:05.954 &amp#27;[32m INFO&amp#27;[m &amp#27;[35m[@503 - main]&amp#27;[m &amp#27;[36mcom.shaft.tools.io.ReportManager&amp#27;[m : File Action "DoesFileExist" successfully performed. With the following test data "File Path: "src/test/resources/testDataFiles/Schemas/ValidationError_schema.json"".
2023-01-22 22:03:05.954 &amp#27;[32m INFO&amp#27;[m &amp#27;[35m[@503 - main]&amp#27;[m &amp#27;[36mcom.shaft.tools.io.ReportManager&amp#27;[m : File Action "GetAbsolutePath" successfully performed. With the following test data "Relative Folder Path: "src/test/resources/testDataFiles/Schemas/ValidationError_schema.json"".
2023-01-22 22:03:05.956 &amp#27;[32m INFO&amp#27;[m &amp#27;[35m[@503 - main]&amp#27;[m &amp#27;[36mcom.shaft.tools.io.ReportManager&amp#27;[m : File Action "DoesFileExist" successfully performed. With the following test data "File Path: "C:\eclipse-workspace\MyProjects\TASystemsAPIs\src\test\resources\testDataFiles\Schemas\ValidationError_schema.json"".
2023-01-22 22:03:05.956 &amp#27;[32m INFO&amp#27;[m &amp#27;[35m[@503 - main]&amp#27;[m &amp#27;[36mcom.shaft.tools.io.ReportManager&amp#27;[m : File Action "GetAbsolutePath" successfully performed. With the following test data "Relative Folder Path: "C:\eclipse-workspace\MyProjects\TASystemsAPIs\src\test\resources\testDataFiles\Schemas\ValidationError_schema.json"".
2023-01-22 22:03:05.956 &amp#27;[32m INFO&amp#27;[m &amp#27;[35m[@503 - main]&amp#27;[m &amp#27;[36mcom.shaft.tools.io.ReportManager&amp#27;[m : File Action "ReadFile" successfully performed. With the following test data "File Path: "C:\eclipse-workspace\MyProjects\TASystemsAPIs\src\test\resources\testDataFiles\Schemas\ValidationError_schema.json"".
2023-01-22 22:03:05.958 &amp#27;[32m INFO&amp#27;[m &amp#27;[35m[@503 - main]&amp#27;[m &amp#27;[36mcom.shaft.tools.io.ReportManager&amp#27;[m : Successfully created attachment "Validation Test Data - Expected JSON Value"
2023-01-22 22:03:05.959 &amp#27;[32m INFO&amp#27;[m &amp#27;[35m[@503 - main]&amp#27;[m &amp#27;[36mcom.shaft.tools.io.ReportManager&amp#27;[m : Successfully created attachment "Validation Test Data - Actual JSON Value"
2023-01-22 22:03:05.960 &amp#27;[32m INFO&amp#27;[m &amp#27;[35m[@503 - main]&amp#27;[m &amp#27;[36mcom.shaft.tools.io.ReportManager&amp#27;[m : Successfully created attachment "SHAFT Engine Logs - Current Method log: Add_Policy_With_InValid_data_TC"
]]></system-out>
  </testcase>
  <testcase name="Add_Policy_With_InValid_data_TC[[Ljava.lang.Object;@6a0f2971](16)" classname="SteeringCompanyAPI_TestCases.Test_Policies_Cases" time="1.844">
    <system-out><![CDATA[2023-01-22 22:03:05.963 &amp#27;[32m INFO&amp#27;[m &amp#27;[35m[@534 - main]&amp#27;[m &amp#27;[36mcom.shaft.tools.io.ReportManager&amp#27;[m : 
################################################################################################################################################
Starting Execution:	"59 out of 83" test cases in the current suite
Test Method:		"SteeringCompanyAPI_TestCases.Test_Policies_Cases.Add_Policy_With_InValid_data_TC"
Test Description:	"TC052 -Policy- Perform Add Policy with InValid data"
################################################################################################################################################
2023-01-22 22:03:05.964 &amp#27;[32m INFO&amp#27;[m &amp#27;[35m[@503 - main]&amp#27;[m &amp#27;[36mcom.shaft.tools.io.ReportManager&amp#27;[m : File Action "DoesFileExist" successfully performed. With the following test data "File Path: "SteeringCompanyAPI_TestData/SteeringCompanyAPI_TestData.xlsx"".
2023-01-22 22:03:05.991 &amp#27;[32m INFO&amp#27;[m &amp#27;[35m[@503 - main]&amp#27;[m &amp#27;[36mcom.shaft.tools.io.ReportManager&amp#27;[m : Successfully created attachment "Test Data - Excel"
2023-01-22 22:03:06.787 &amp#27;[32m INFO&amp#27;[m &amp#27;[35m[@503 - main]&amp#27;[m &amp#27;[36mcom.shaft.tools.io.ReportManager&amp#27;[m : Response status code: "200", status line: "HTTP/1.1 200 OK"
2023-01-22 22:03:06.801 &amp#27;[32m INFO&amp#27;[m &amp#27;[35m[@503 - main]&amp#27;[m &amp#27;[36mcom.shaft.tools.io.ReportManager&amp#27;[m : Successfully created attachment "API Request - Specifications"
2023-01-22 22:03:06.801 &amp#27;[32m INFO&amp#27;[m &amp#27;[35m[@503 - main]&amp#27;[m &amp#27;[36mcom.shaft.tools.io.ReportManager&amp#27;[m : Successfully created attachment "API Request - Body"
2023-01-22 22:03:06.803 &amp#27;[32m INFO&amp#27;[m &amp#27;[35m[@503 - main]&amp#27;[m &amp#27;[36mcom.shaft.tools.io.ReportManager&amp#27;[m : Successfully created attachment "API Response - JSON Body"
2023-01-22 22:03:06.811 &amp#27;[32m INFO&amp#27;[m &amp#27;[35m[@503 - main]&amp#27;[m &amp#27;[36mcom.shaft.tools.io.ReportManager&amp#27;[m : File Action "DoesFileExist" successfully performed. With the following test data "File Path: "SteeringCompanyAPI_TestData/SteeringCompanyAPI_TestData.xlsx"".
2023-01-22 22:03:06.836 &amp#27;[32m INFO&amp#27;[m &amp#27;[35m[@503 - main]&amp#27;[m &amp#27;[36mcom.shaft.tools.io.ReportManager&amp#27;[m : Successfully created attachment "Test Data - Excel"
2023-01-22 22:03:06.837 &amp#27;[32m INFO&amp#27;[m &amp#27;[35m[@503 - main]&amp#27;[m &amp#27;[36mcom.shaft.tools.io.ReportManager&amp#27;[m : File Action "DoesFileExist" successfully performed. With the following test data "File Path: "SteeringCompanyAPI_TestData/SteeringCompanyAPI_TestData.xlsx"".
2023-01-22 22:03:06.870 &amp#27;[32m INFO&amp#27;[m &amp#27;[35m[@503 - main]&amp#27;[m &amp#27;[36mcom.shaft.tools.io.ReportManager&amp#27;[m : Successfully created attachment "Test Data - Excel"
2023-01-22 22:03:06.870 &amp#27;[32m INFO&amp#27;[m &amp#27;[35m[@503 - main]&amp#27;[m &amp#27;[36mcom.shaft.tools.io.ReportManager&amp#27;[m : File Action "DoesFileExist" successfully performed. With the following test data "File Path: "SteeringCompanyAPI_TestData/SteeringCompanyAPI_TestData.xlsx"".
2023-01-22 22:03:06.899 &amp#27;[32m INFO&amp#27;[m &amp#27;[35m[@503 - main]&amp#27;[m &amp#27;[36mcom.shaft.tools.io.ReportManager&amp#27;[m : Successfully created attachment "Test Data - Excel"
2023-01-22 22:03:07.782 &amp#27;[32m INFO&amp#27;[m &amp#27;[35m[@503 - main]&amp#27;[m &amp#27;[36mcom.shaft.tools.io.ReportManager&amp#27;[m : Response status code: "422", status line: "HTTP/1.1 422 "
2023-01-22 22:03:07.796 &amp#27;[32m INFO&amp#27;[m &amp#27;[35m[@503 - main]&amp#27;[m &amp#27;[36mcom.shaft.tools.io.ReportManager&amp#27;[m : Successfully created attachment "API Request - Specifications"
2023-01-22 22:03:07.797 &amp#27;[32m INFO&amp#27;[m &amp#27;[35m[@503 - main]&amp#27;[m &amp#27;[36mcom.shaft.tools.io.ReportManager&amp#27;[m : Successfully created attachment "API Request - JSON Body"
2023-01-22 22:03:07.798 &amp#27;[32m INFO&amp#27;[m &amp#27;[35m[@503 - main]&amp#27;[m &amp#27;[36mcom.shaft.tools.io.ReportManager&amp#27;[m : Successfully created attachment "API Response - JSON Body"
2023-01-22 22:03:07.799 &amp#27;[32m INFO&amp#27;[m &amp#27;[35m[@503 - main]&amp#27;[m &amp#27;[36mcom.shaft.tools.io.ReportManager&amp#27;[m : File Action "DoesFileExist" successfully performed. With the following test data "File Path: "Schemas/ValidationError_schema.json"".
2023-01-22 22:03:07.799 &amp#27;[32m INFO&amp#27;[m &amp#27;[35m[@503 - main]&amp#27;[m &amp#27;[36mcom.shaft.tools.io.ReportManager&amp#27;[m : File Action "DoesFileExist" successfully performed. With the following test data "File Path: "src/test/resources/testDataFiles/Schemas/ValidationError_schema.json"".
2023-01-22 22:03:07.799 &amp#27;[32m INFO&amp#27;[m &amp#27;[35m[@503 - main]&amp#27;[m &amp#27;[36mcom.shaft.tools.io.ReportManager&amp#27;[m : File Action "GetAbsolutePath" successfully performed. With the following test data "Relative Folder Path: "src/test/resources/testDataFiles/Schemas/ValidationError_schema.json"".
2023-01-22 22:03:07.801 &amp#27;[32m INFO&amp#27;[m &amp#27;[35m[@503 - main]&amp#27;[m &amp#27;[36mcom.shaft.tools.io.ReportManager&amp#27;[m : File Action "DoesFileExist" successfully performed. With the following test data "File Path: "C:\eclipse-workspace\MyProjects\TASystemsAPIs\src\test\resources\testDataFiles\Schemas\ValidationError_schema.json"".
2023-01-22 22:03:07.801 &amp#27;[32m INFO&amp#27;[m &amp#27;[35m[@503 - main]&amp#27;[m &amp#27;[36mcom.shaft.tools.io.ReportManager&amp#27;[m : File Action "GetAbsolutePath" successfully performed. With the following test data "Relative Folder Path: "C:\eclipse-workspace\MyProjects\TASystemsAPIs\src\test\resources\testDataFiles\Schemas\ValidationError_schema.json"".
2023-01-22 22:03:07.801 &amp#27;[32m INFO&amp#27;[m &amp#27;[35m[@503 - main]&amp#27;[m &amp#27;[36mcom.shaft.tools.io.ReportManager&amp#27;[m : File Action "ReadFile" successfully performed. With the following test data "File Path: "C:\eclipse-workspace\MyProjects\TASystemsAPIs\src\test\resources\testDataFiles\Schemas\ValidationError_schema.json"".
2023-01-22 22:03:07.803 &amp#27;[32m INFO&amp#27;[m &amp#27;[35m[@503 - main]&amp#27;[m &amp#27;[36mcom.shaft.tools.io.ReportManager&amp#27;[m : Successfully created attachment "Validation Test Data - Expected JSON Value"
2023-01-22 22:03:07.803 &amp#27;[32m INFO&amp#27;[m &amp#27;[35m[@503 - main]&amp#27;[m &amp#27;[36mcom.shaft.tools.io.ReportManager&amp#27;[m : Successfully created attachment "Validation Test Data - Actual JSON Value"
2023-01-22 22:03:07.805 &amp#27;[32m INFO&amp#27;[m &amp#27;[35m[@503 - main]&amp#27;[m &amp#27;[36mcom.shaft.tools.io.ReportManager&amp#27;[m : Successfully created attachment "SHAFT Engine Logs - Current Method log: Add_Policy_With_InValid_data_TC"
]]></system-out>
  </testcase>
  <testcase name="Add_Policy_With_InValid_data_TC[[Ljava.lang.Object;@70f04941](17)" classname="SteeringCompanyAPI_TestCases.Test_Policies_Cases" time="1.973">
    <system-out><![CDATA[2023-01-22 22:03:07.807 &amp#27;[32m INFO&amp#27;[m &amp#27;[35m[@534 - main]&amp#27;[m &amp#27;[36mcom.shaft.tools.io.ReportManager&amp#27;[m : 
################################################################################################################################################
Starting Execution:	"60 out of 83" test cases in the current suite
Test Method:		"SteeringCompanyAPI_TestCases.Test_Policies_Cases.Add_Policy_With_InValid_data_TC"
Test Description:	"TC052 -Policy- Perform Add Policy with InValid data"
################################################################################################################################################
2023-01-22 22:03:07.808 &amp#27;[32m INFO&amp#27;[m &amp#27;[35m[@503 - main]&amp#27;[m &amp#27;[36mcom.shaft.tools.io.ReportManager&amp#27;[m : File Action "DoesFileExist" successfully performed. With the following test data "File Path: "SteeringCompanyAPI_TestData/SteeringCompanyAPI_TestData.xlsx"".
2023-01-22 22:03:07.828 &amp#27;[32m INFO&amp#27;[m &amp#27;[35m[@503 - main]&amp#27;[m &amp#27;[36mcom.shaft.tools.io.ReportManager&amp#27;[m : Successfully created attachment "Test Data - Excel"
2023-01-22 22:03:08.773 &amp#27;[32m INFO&amp#27;[m &amp#27;[35m[@503 - main]&amp#27;[m &amp#27;[36mcom.shaft.tools.io.ReportManager&amp#27;[m : Response status code: "200", status line: "HTTP/1.1 200 OK"
2023-01-22 22:03:08.789 &amp#27;[32m INFO&amp#27;[m &amp#27;[35m[@503 - main]&amp#27;[m &amp#27;[36mcom.shaft.tools.io.ReportManager&amp#27;[m : Successfully created attachment "API Request - Specifications"
2023-01-22 22:03:08.790 &amp#27;[32m INFO&amp#27;[m &amp#27;[35m[@503 - main]&amp#27;[m &amp#27;[36mcom.shaft.tools.io.ReportManager&amp#27;[m : Successfully created attachment "API Request - Body"
2023-01-22 22:03:08.792 &amp#27;[32m INFO&amp#27;[m &amp#27;[35m[@503 - main]&amp#27;[m &amp#27;[36mcom.shaft.tools.io.ReportManager&amp#27;[m : Successfully created attachment "API Response - JSON Body"
2023-01-22 22:03:08.803 &amp#27;[32m INFO&amp#27;[m &amp#27;[35m[@503 - main]&amp#27;[m &amp#27;[36mcom.shaft.tools.io.ReportManager&amp#27;[m : File Action "DoesFileExist" successfully performed. With the following test data "File Path: "SteeringCompanyAPI_TestData/SteeringCompanyAPI_TestData.xlsx"".
2023-01-22 22:03:08.866 &amp#27;[32m INFO&amp#27;[m &amp#27;[35m[@503 - main]&amp#27;[m &amp#27;[36mcom.shaft.tools.io.ReportManager&amp#27;[m : Successfully created attachment "Test Data - Excel"
2023-01-22 22:03:08.867 &amp#27;[32m INFO&amp#27;[m &amp#27;[35m[@503 - main]&amp#27;[m &amp#27;[36mcom.shaft.tools.io.ReportManager&amp#27;[m : File Action "DoesFileExist" successfully performed. With the following test data "File Path: "SteeringCompanyAPI_TestData/SteeringCompanyAPI_TestData.xlsx"".
2023-01-22 22:03:08.919 &amp#27;[32m INFO&amp#27;[m &amp#27;[35m[@503 - main]&amp#27;[m &amp#27;[36mcom.shaft.tools.io.ReportManager&amp#27;[m : Successfully created attachment "Test Data - Excel"
2023-01-22 22:03:08.919 &amp#27;[32m INFO&amp#27;[m &amp#27;[35m[@503 - main]&amp#27;[m &amp#27;[36mcom.shaft.tools.io.ReportManager&amp#27;[m : File Action "DoesFileExist" successfully performed. With the following test data "File Path: "SteeringCompanyAPI_TestData/SteeringCompanyAPI_TestData.xlsx"".
2023-01-22 22:03:08.956 &amp#27;[32m INFO&amp#27;[m &amp#27;[35m[@503 - main]&amp#27;[m &amp#27;[36mcom.shaft.tools.io.ReportManager&amp#27;[m : Successfully created attachment "Test Data - Excel"
2023-01-22 22:03:09.755 &amp#27;[32m INFO&amp#27;[m &amp#27;[35m[@503 - main]&amp#27;[m &amp#27;[36mcom.shaft.tools.io.ReportManager&amp#27;[m : Response status code: "422", status line: "HTTP/1.1 422 "
2023-01-22 22:03:09.767 &amp#27;[32m INFO&amp#27;[m &amp#27;[35m[@503 - main]&amp#27;[m &amp#27;[36mcom.shaft.tools.io.ReportManager&amp#27;[m : Successfully created attachment "API Request - Specifications"
2023-01-22 22:03:09.768 &amp#27;[32m INFO&amp#27;[m &amp#27;[35m[@503 - main]&amp#27;[m &amp#27;[36mcom.shaft.tools.io.ReportManager&amp#27;[m : Successfully created attachment "API Request - JSON Body"
2023-01-22 22:03:09.769 &amp#27;[32m INFO&amp#27;[m &amp#27;[35m[@503 - main]&amp#27;[m &amp#27;[36mcom.shaft.tools.io.ReportManager&amp#27;[m : Successfully created attachment "API Response - JSON Body"
2023-01-22 22:03:09.769 &amp#27;[32m INFO&amp#27;[m &amp#27;[35m[@503 - main]&amp#27;[m &amp#27;[36mcom.shaft.tools.io.ReportManager&amp#27;[m : File Action "DoesFileExist" successfully performed. With the following test data "File Path: "Schemas/ValidationError_schema.json"".
2023-01-22 22:03:09.770 &amp#27;[32m INFO&amp#27;[m &amp#27;[35m[@503 - main]&amp#27;[m &amp#27;[36mcom.shaft.tools.io.ReportManager&amp#27;[m : File Action "DoesFileExist" successfully performed. With the following test data "File Path: "src/test/resources/testDataFiles/Schemas/ValidationError_schema.json"".
2023-01-22 22:03:09.770 &amp#27;[32m INFO&amp#27;[m &amp#27;[35m[@503 - main]&amp#27;[m &amp#27;[36mcom.shaft.tools.io.ReportManager&amp#27;[m : File Action "GetAbsolutePath" successfully performed. With the following test data "Relative Folder Path: "src/test/resources/testDataFiles/Schemas/ValidationError_schema.json"".
2023-01-22 22:03:09.772 &amp#27;[32m INFO&amp#27;[m &amp#27;[35m[@503 - main]&amp#27;[m &amp#27;[36mcom.shaft.tools.io.ReportManager&amp#27;[m : File Action "DoesFileExist" successfully performed. With the following test data "File Path: "C:\eclipse-workspace\MyProjects\TASystemsAPIs\src\test\resources\testDataFiles\Schemas\ValidationError_schema.json"".
2023-01-22 22:03:09.772 &amp#27;[32m INFO&amp#27;[m &amp#27;[35m[@503 - main]&amp#27;[m &amp#27;[36mcom.shaft.tools.io.ReportManager&amp#27;[m : File Action "GetAbsolutePath" successfully performed. With the following test data "Relative Folder Path: "C:\eclipse-workspace\MyProjects\TASystemsAPIs\src\test\resources\testDataFiles\Schemas\ValidationError_schema.json"".
2023-01-22 22:03:09.773 &amp#27;[32m INFO&amp#27;[m &amp#27;[35m[@503 - main]&amp#27;[m &amp#27;[36mcom.shaft.tools.io.ReportManager&amp#27;[m : File Action "ReadFile" successfully performed. With the following test data "File Path: "C:\eclipse-workspace\MyProjects\TASystemsAPIs\src\test\resources\testDataFiles\Schemas\ValidationError_schema.json"".
2023-01-22 22:03:09.775 &amp#27;[32m INFO&amp#27;[m &amp#27;[35m[@503 - main]&amp#27;[m &amp#27;[36mcom.shaft.tools.io.ReportManager&amp#27;[m : Successfully created attachment "Validation Test Data - Expected JSON Value"
2023-01-22 22:03:09.776 &amp#27;[32m INFO&amp#27;[m &amp#27;[35m[@503 - main]&amp#27;[m &amp#27;[36mcom.shaft.tools.io.ReportManager&amp#27;[m : Successfully created attachment "Validation Test Data - Actual JSON Value"
2023-01-22 22:03:09.777 &amp#27;[32m INFO&amp#27;[m &amp#27;[35m[@503 - main]&amp#27;[m &amp#27;[36mcom.shaft.tools.io.ReportManager&amp#27;[m : Successfully created attachment "SHAFT Engine Logs - Current Method log: Add_Policy_With_InValid_data_TC"
]]></system-out>
  </testcase>
  <testcase name="Add_Policy_With_InValid_data_TC[[Ljava.lang.Object;@226661c3](18)" classname="SteeringCompanyAPI_TestCases.Test_Policies_Cases" time="2.333">
    <system-out><![CDATA[2023-01-22 22:03:09.781 &amp#27;[32m INFO&amp#27;[m &amp#27;[35m[@534 - main]&amp#27;[m &amp#27;[36mcom.shaft.tools.io.ReportManager&amp#27;[m : 
################################################################################################################################################
Starting Execution:	"61 out of 83" test cases in the current suite
Test Method:		"SteeringCompanyAPI_TestCases.Test_Policies_Cases.Add_Policy_With_InValid_data_TC"
Test Description:	"TC052 -Policy- Perform Add Policy with InValid data"
################################################################################################################################################
2023-01-22 22:03:09.781 &amp#27;[32m INFO&amp#27;[m &amp#27;[35m[@503 - main]&amp#27;[m &amp#27;[36mcom.shaft.tools.io.ReportManager&amp#27;[m : File Action "DoesFileExist" successfully performed. With the following test data "File Path: "SteeringCompanyAPI_TestData/SteeringCompanyAPI_TestData.xlsx"".
2023-01-22 22:03:09.809 &amp#27;[32m INFO&amp#27;[m &amp#27;[35m[@503 - main]&amp#27;[m &amp#27;[36mcom.shaft.tools.io.ReportManager&amp#27;[m : Successfully created attachment "Test Data - Excel"
2023-01-22 22:03:10.795 &amp#27;[32m INFO&amp#27;[m &amp#27;[35m[@503 - main]&amp#27;[m &amp#27;[36mcom.shaft.tools.io.ReportManager&amp#27;[m : Response status code: "200", status line: "HTTP/1.1 200 OK"
2023-01-22 22:03:10.811 &amp#27;[32m INFO&amp#27;[m &amp#27;[35m[@503 - main]&amp#27;[m &amp#27;[36mcom.shaft.tools.io.ReportManager&amp#27;[m : Successfully created attachment "API Request - Specifications"
2023-01-22 22:03:10.813 &amp#27;[32m INFO&amp#27;[m &amp#27;[35m[@503 - main]&amp#27;[m &amp#27;[36mcom.shaft.tools.io.ReportManager&amp#27;[m : Successfully created attachment "API Request - Body"
2023-01-22 22:03:10.814 &amp#27;[32m INFO&amp#27;[m &amp#27;[35m[@503 - main]&amp#27;[m &amp#27;[36mcom.shaft.tools.io.ReportManager&amp#27;[m : Successfully created attachment "API Response - JSON Body"
2023-01-22 22:03:10.826 &amp#27;[32m INFO&amp#27;[m &amp#27;[35m[@503 - main]&amp#27;[m &amp#27;[36mcom.shaft.tools.io.ReportManager&amp#27;[m : File Action "DoesFileExist" successfully performed. With the following test data "File Path: "SteeringCompanyAPI_TestData/SteeringCompanyAPI_TestData.xlsx"".
2023-01-22 22:03:10.850 &amp#27;[32m INFO&amp#27;[m &amp#27;[35m[@503 - main]&amp#27;[m &amp#27;[36mcom.shaft.tools.io.ReportManager&amp#27;[m : Successfully created attachment "Test Data - Excel"
2023-01-22 22:03:10.850 &amp#27;[32m INFO&amp#27;[m &amp#27;[35m[@503 - main]&amp#27;[m &amp#27;[36mcom.shaft.tools.io.ReportManager&amp#27;[m : File Action "DoesFileExist" successfully performed. With the following test data "File Path: "SteeringCompanyAPI_TestData/SteeringCompanyAPI_TestData.xlsx"".
2023-01-22 22:03:10.889 &amp#27;[32m INFO&amp#27;[m &amp#27;[35m[@503 - main]&amp#27;[m &amp#27;[36mcom.shaft.tools.io.ReportManager&amp#27;[m : Successfully created attachment "Test Data - Excel"
2023-01-22 22:03:10.890 &amp#27;[32m INFO&amp#27;[m &amp#27;[35m[@503 - main]&amp#27;[m &amp#27;[36mcom.shaft.tools.io.ReportManager&amp#27;[m : File Action "DoesFileExist" successfully performed. With the following test data "File Path: "SteeringCompanyAPI_TestData/SteeringCompanyAPI_TestData.xlsx"".
2023-01-22 22:03:10.919 &amp#27;[32m INFO&amp#27;[m &amp#27;[35m[@503 - main]&amp#27;[m &amp#27;[36mcom.shaft.tools.io.ReportManager&amp#27;[m : Successfully created attachment "Test Data - Excel"
2023-01-22 22:03:12.083 &amp#27;[32m INFO&amp#27;[m &amp#27;[35m[@503 - main]&amp#27;[m &amp#27;[36mcom.shaft.tools.io.ReportManager&amp#27;[m : Response status code: "422", status line: "HTTP/1.1 422 "
2023-01-22 22:03:12.097 &amp#27;[32m INFO&amp#27;[m &amp#27;[35m[@503 - main]&amp#27;[m &amp#27;[36mcom.shaft.tools.io.ReportManager&amp#27;[m : Successfully created attachment "API Request - Specifications"
2023-01-22 22:03:12.099 &amp#27;[32m INFO&amp#27;[m &amp#27;[35m[@503 - main]&amp#27;[m &amp#27;[36mcom.shaft.tools.io.ReportManager&amp#27;[m : Successfully created attachment "API Request - JSON Body"
2023-01-22 22:03:12.100 &amp#27;[32m INFO&amp#27;[m &amp#27;[35m[@503 - main]&amp#27;[m &amp#27;[36mcom.shaft.tools.io.ReportManager&amp#27;[m : Successfully created attachment "API Response - JSON Body"
2023-01-22 22:03:12.101 &amp#27;[32m INFO&amp#27;[m &amp#27;[35m[@503 - main]&amp#27;[m &amp#27;[36mcom.shaft.tools.io.ReportManager&amp#27;[m : File Action "DoesFileExist" successfully performed. With the following test data "File Path: "Schemas/ValidationError_schema.json"".
2023-01-22 22:03:12.101 &amp#27;[32m INFO&amp#27;[m &amp#27;[35m[@503 - main]&amp#27;[m &amp#27;[36mcom.shaft.tools.io.ReportManager&amp#27;[m : File Action "DoesFileExist" successfully performed. With the following test data "File Path: "src/test/resources/testDataFiles/Schemas/ValidationError_schema.json"".
2023-01-22 22:03:12.101 &amp#27;[32m INFO&amp#27;[m &amp#27;[35m[@503 - main]&amp#27;[m &amp#27;[36mcom.shaft.tools.io.ReportManager&amp#27;[m : File Action "GetAbsolutePath" successfully performed. With the following test data "Relative Folder Path: "src/test/resources/testDataFiles/Schemas/ValidationError_schema.json"".
2023-01-22 22:03:12.104 &amp#27;[32m INFO&amp#27;[m &amp#27;[35m[@503 - main]&amp#27;[m &amp#27;[36mcom.shaft.tools.io.ReportManager&amp#27;[m : File Action "DoesFileExist" successfully performed. With the following test data "File Path: "C:\eclipse-workspace\MyProjects\TASystemsAPIs\src\test\resources\testDataFiles\Schemas\ValidationError_schema.json"".
2023-01-22 22:03:12.104 &amp#27;[32m INFO&amp#27;[m &amp#27;[35m[@503 - main]&amp#27;[m &amp#27;[36mcom.shaft.tools.io.ReportManager&amp#27;[m : File Action "GetAbsolutePath" successfully performed. With the following test data "Relative Folder Path: "C:\eclipse-workspace\MyProjects\TASystemsAPIs\src\test\resources\testDataFiles\Schemas\ValidationError_schema.json"".
2023-01-22 22:03:12.105 &amp#27;[32m INFO&amp#27;[m &amp#27;[35m[@503 - main]&amp#27;[m &amp#27;[36mcom.shaft.tools.io.ReportManager&amp#27;[m : File Action "ReadFile" successfully performed. With the following test data "File Path: "C:\eclipse-workspace\MyProjects\TASystemsAPIs\src\test\resources\testDataFiles\Schemas\ValidationError_schema.json"".
2023-01-22 22:03:12.107 &amp#27;[32m INFO&amp#27;[m &amp#27;[35m[@503 - main]&amp#27;[m &amp#27;[36mcom.shaft.tools.io.ReportManager&amp#27;[m : Successfully created attachment "Validation Test Data - Expected JSON Value"
2023-01-22 22:03:12.108 &amp#27;[32m INFO&amp#27;[m &amp#27;[35m[@503 - main]&amp#27;[m &amp#27;[36mcom.shaft.tools.io.ReportManager&amp#27;[m : Successfully created attachment "Validation Test Data - Actual JSON Value"
2023-01-22 22:03:12.109 &amp#27;[32m INFO&amp#27;[m &amp#27;[35m[@503 - main]&amp#27;[m &amp#27;[36mcom.shaft.tools.io.ReportManager&amp#27;[m : Successfully created attachment "SHAFT Engine Logs - Current Method log: Add_Policy_With_InValid_data_TC"
]]></system-out>
  </testcase>
  <testcase name="Add_Policy_With_InValid_data_TC[[Ljava.lang.Object;@17d428b0](19)" classname="SteeringCompanyAPI_TestCases.Test_Policies_Cases" time="2.178">
    <system-out><![CDATA[2023-01-22 22:03:12.113 &amp#27;[32m INFO&amp#27;[m &amp#27;[35m[@534 - main]&amp#27;[m &amp#27;[36mcom.shaft.tools.io.ReportManager&amp#27;[m : 
################################################################################################################################################
Starting Execution:	"62 out of 83" test cases in the current suite
Test Method:		"SteeringCompanyAPI_TestCases.Test_Policies_Cases.Add_Policy_With_InValid_data_TC"
Test Description:	"TC052 -Policy- Perform Add Policy with InValid data"
################################################################################################################################################
2023-01-22 22:03:12.113 &amp#27;[32m INFO&amp#27;[m &amp#27;[35m[@503 - main]&amp#27;[m &amp#27;[36mcom.shaft.tools.io.ReportManager&amp#27;[m : File Action "DoesFileExist" successfully performed. With the following test data "File Path: "SteeringCompanyAPI_TestData/SteeringCompanyAPI_TestData.xlsx"".
2023-01-22 22:03:12.139 &amp#27;[32m INFO&amp#27;[m &amp#27;[35m[@503 - main]&amp#27;[m &amp#27;[36mcom.shaft.tools.io.ReportManager&amp#27;[m : Successfully created attachment "Test Data - Excel"
2023-01-22 22:03:13.309 &amp#27;[32m INFO&amp#27;[m &amp#27;[35m[@503 - main]&amp#27;[m &amp#27;[36mcom.shaft.tools.io.ReportManager&amp#27;[m : Response status code: "200", status line: "HTTP/1.1 200 OK"
2023-01-22 22:03:13.322 &amp#27;[32m INFO&amp#27;[m &amp#27;[35m[@503 - main]&amp#27;[m &amp#27;[36mcom.shaft.tools.io.ReportManager&amp#27;[m : Successfully created attachment "API Request - Specifications"
2023-01-22 22:03:13.323 &amp#27;[32m INFO&amp#27;[m &amp#27;[35m[@503 - main]&amp#27;[m &amp#27;[36mcom.shaft.tools.io.ReportManager&amp#27;[m : Successfully created attachment "API Request - Body"
2023-01-22 22:03:13.326 &amp#27;[32m INFO&amp#27;[m &amp#27;[35m[@503 - main]&amp#27;[m &amp#27;[36mcom.shaft.tools.io.ReportManager&amp#27;[m : Successfully created attachment "API Response - JSON Body"
2023-01-22 22:03:13.335 &amp#27;[32m INFO&amp#27;[m &amp#27;[35m[@503 - main]&amp#27;[m &amp#27;[36mcom.shaft.tools.io.ReportManager&amp#27;[m : File Action "DoesFileExist" successfully performed. With the following test data "File Path: "SteeringCompanyAPI_TestData/SteeringCompanyAPI_TestData.xlsx"".
2023-01-22 22:03:13.358 &amp#27;[32m INFO&amp#27;[m &amp#27;[35m[@503 - main]&amp#27;[m &amp#27;[36mcom.shaft.tools.io.ReportManager&amp#27;[m : Successfully created attachment "Test Data - Excel"
2023-01-22 22:03:13.360 &amp#27;[32m INFO&amp#27;[m &amp#27;[35m[@503 - main]&amp#27;[m &amp#27;[36mcom.shaft.tools.io.ReportManager&amp#27;[m : File Action "DoesFileExist" successfully performed. With the following test data "File Path: "SteeringCompanyAPI_TestData/SteeringCompanyAPI_TestData.xlsx"".
2023-01-22 22:03:13.397 &amp#27;[32m INFO&amp#27;[m &amp#27;[35m[@503 - main]&amp#27;[m &amp#27;[36mcom.shaft.tools.io.ReportManager&amp#27;[m : Successfully created attachment "Test Data - Excel"
2023-01-22 22:03:13.398 &amp#27;[32m INFO&amp#27;[m &amp#27;[35m[@503 - main]&amp#27;[m &amp#27;[36mcom.shaft.tools.io.ReportManager&amp#27;[m : File Action "DoesFileExist" successfully performed. With the following test data "File Path: "SteeringCompanyAPI_TestData/SteeringCompanyAPI_TestData.xlsx"".
2023-01-22 22:03:13.425 &amp#27;[32m INFO&amp#27;[m &amp#27;[35m[@503 - main]&amp#27;[m &amp#27;[36mcom.shaft.tools.io.ReportManager&amp#27;[m : Successfully created attachment "Test Data - Excel"
2023-01-22 22:03:14.265 &amp#27;[32m INFO&amp#27;[m &amp#27;[35m[@503 - main]&amp#27;[m &amp#27;[36mcom.shaft.tools.io.ReportManager&amp#27;[m : Response status code: "422", status line: "HTTP/1.1 422 "
2023-01-22 22:03:14.277 &amp#27;[32m INFO&amp#27;[m &amp#27;[35m[@503 - main]&amp#27;[m &amp#27;[36mcom.shaft.tools.io.ReportManager&amp#27;[m : Successfully created attachment "API Request - Specifications"
2023-01-22 22:03:14.279 &amp#27;[32m INFO&amp#27;[m &amp#27;[35m[@503 - main]&amp#27;[m &amp#27;[36mcom.shaft.tools.io.ReportManager&amp#27;[m : Successfully created attachment "API Request - JSON Body"
2023-01-22 22:03:14.280 &amp#27;[32m INFO&amp#27;[m &amp#27;[35m[@503 - main]&amp#27;[m &amp#27;[36mcom.shaft.tools.io.ReportManager&amp#27;[m : Successfully created attachment "API Response - JSON Body"
2023-01-22 22:03:14.281 &amp#27;[32m INFO&amp#27;[m &amp#27;[35m[@503 - main]&amp#27;[m &amp#27;[36mcom.shaft.tools.io.ReportManager&amp#27;[m : File Action "DoesFileExist" successfully performed. With the following test data "File Path: "Schemas/ValidationError_schema.json"".
2023-01-22 22:03:14.282 &amp#27;[32m INFO&amp#27;[m &amp#27;[35m[@503 - main]&amp#27;[m &amp#27;[36mcom.shaft.tools.io.ReportManager&amp#27;[m : File Action "DoesFileExist" successfully performed. With the following test data "File Path: "src/test/resources/testDataFiles/Schemas/ValidationError_schema.json"".
2023-01-22 22:03:14.282 &amp#27;[32m INFO&amp#27;[m &amp#27;[35m[@503 - main]&amp#27;[m &amp#27;[36mcom.shaft.tools.io.ReportManager&amp#27;[m : File Action "GetAbsolutePath" successfully performed. With the following test data "Relative Folder Path: "src/test/resources/testDataFiles/Schemas/ValidationError_schema.json"".
2023-01-22 22:03:14.284 &amp#27;[32m INFO&amp#27;[m &amp#27;[35m[@503 - main]&amp#27;[m &amp#27;[36mcom.shaft.tools.io.ReportManager&amp#27;[m : File Action "DoesFileExist" successfully performed. With the following test data "File Path: "C:\eclipse-workspace\MyProjects\TASystemsAPIs\src\test\resources\testDataFiles\Schemas\ValidationError_schema.json"".
2023-01-22 22:03:14.284 &amp#27;[32m INFO&amp#27;[m &amp#27;[35m[@503 - main]&amp#27;[m &amp#27;[36mcom.shaft.tools.io.ReportManager&amp#27;[m : File Action "GetAbsolutePath" successfully performed. With the following test data "Relative Folder Path: "C:\eclipse-workspace\MyProjects\TASystemsAPIs\src\test\resources\testDataFiles\Schemas\ValidationError_schema.json"".
2023-01-22 22:03:14.285 &amp#27;[32m INFO&amp#27;[m &amp#27;[35m[@503 - main]&amp#27;[m &amp#27;[36mcom.shaft.tools.io.ReportManager&amp#27;[m : File Action "ReadFile" successfully performed. With the following test data "File Path: "C:\eclipse-workspace\MyProjects\TASystemsAPIs\src\test\resources\testDataFiles\Schemas\ValidationError_schema.json"".
2023-01-22 22:03:14.286 &amp#27;[32m INFO&amp#27;[m &amp#27;[35m[@503 - main]&amp#27;[m &amp#27;[36mcom.shaft.tools.io.ReportManager&amp#27;[m : Successfully created attachment "Validation Test Data - Expected JSON Value"
2023-01-22 22:03:14.286 &amp#27;[32m INFO&amp#27;[m &amp#27;[35m[@503 - main]&amp#27;[m &amp#27;[36mcom.shaft.tools.io.ReportManager&amp#27;[m : Successfully created attachment "Validation Test Data - Actual JSON Value"
2023-01-22 22:03:14.288 &amp#27;[32m INFO&amp#27;[m &amp#27;[35m[@503 - main]&amp#27;[m &amp#27;[36mcom.shaft.tools.io.ReportManager&amp#27;[m : Successfully created attachment "SHAFT Engine Logs - Current Method log: Add_Policy_With_InValid_data_TC"
]]></system-out>
  </testcase>
  <testcase name="Add_Policy_With_InValid_data_TC[[Ljava.lang.Object;@644d442a](20)" classname="SteeringCompanyAPI_TestCases.Test_Policies_Cases" time="3.781">
    <system-out><![CDATA[2023-01-22 22:03:14.291 &amp#27;[32m INFO&amp#27;[m &amp#27;[35m[@534 - main]&amp#27;[m &amp#27;[36mcom.shaft.tools.io.ReportManager&amp#27;[m : 
################################################################################################################################################
Starting Execution:	"63 out of 83" test cases in the current suite
Test Method:		"SteeringCompanyAPI_TestCases.Test_Policies_Cases.Add_Policy_With_InValid_data_TC"
Test Description:	"TC052 -Policy- Perform Add Policy with InValid data"
################################################################################################################################################
2023-01-22 22:03:14.291 &amp#27;[32m INFO&amp#27;[m &amp#27;[35m[@503 - main]&amp#27;[m &amp#27;[36mcom.shaft.tools.io.ReportManager&amp#27;[m : File Action "DoesFileExist" successfully performed. With the following test data "File Path: "SteeringCompanyAPI_TestData/SteeringCompanyAPI_TestData.xlsx"".
2023-01-22 22:03:14.326 &amp#27;[32m INFO&amp#27;[m &amp#27;[35m[@503 - main]&amp#27;[m &amp#27;[36mcom.shaft.tools.io.ReportManager&amp#27;[m : Successfully created attachment "Test Data - Excel"
2023-01-22 22:03:15.609 &amp#27;[32m INFO&amp#27;[m &amp#27;[35m[@503 - main]&amp#27;[m &amp#27;[36mcom.shaft.tools.io.ReportManager&amp#27;[m : Response status code: "200", status line: "HTTP/1.1 200 OK"
2023-01-22 22:03:15.621 &amp#27;[32m INFO&amp#27;[m &amp#27;[35m[@503 - main]&amp#27;[m &amp#27;[36mcom.shaft.tools.io.ReportManager&amp#27;[m : Successfully created attachment "API Request - Specifications"
2023-01-22 22:03:15.622 &amp#27;[32m INFO&amp#27;[m &amp#27;[35m[@503 - main]&amp#27;[m &amp#27;[36mcom.shaft.tools.io.ReportManager&amp#27;[m : Successfully created attachment "API Request - Body"
2023-01-22 22:03:15.623 &amp#27;[32m INFO&amp#27;[m &amp#27;[35m[@503 - main]&amp#27;[m &amp#27;[36mcom.shaft.tools.io.ReportManager&amp#27;[m : Successfully created attachment "API Response - JSON Body"
2023-01-22 22:03:15.631 &amp#27;[32m INFO&amp#27;[m &amp#27;[35m[@503 - main]&amp#27;[m &amp#27;[36mcom.shaft.tools.io.ReportManager&amp#27;[m : File Action "DoesFileExist" successfully performed. With the following test data "File Path: "SteeringCompanyAPI_TestData/SteeringCompanyAPI_TestData.xlsx"".
2023-01-22 22:03:15.656 &amp#27;[32m INFO&amp#27;[m &amp#27;[35m[@503 - main]&amp#27;[m &amp#27;[36mcom.shaft.tools.io.ReportManager&amp#27;[m : Successfully created attachment "Test Data - Excel"
2023-01-22 22:03:15.656 &amp#27;[32m INFO&amp#27;[m &amp#27;[35m[@503 - main]&amp#27;[m &amp#27;[36mcom.shaft.tools.io.ReportManager&amp#27;[m : File Action "DoesFileExist" successfully performed. With the following test data "File Path: "SteeringCompanyAPI_TestData/SteeringCompanyAPI_TestData.xlsx"".
2023-01-22 22:03:15.689 &amp#27;[32m INFO&amp#27;[m &amp#27;[35m[@503 - main]&amp#27;[m &amp#27;[36mcom.shaft.tools.io.ReportManager&amp#27;[m : Successfully created attachment "Test Data - Excel"
2023-01-22 22:03:15.690 &amp#27;[32m INFO&amp#27;[m &amp#27;[35m[@503 - main]&amp#27;[m &amp#27;[36mcom.shaft.tools.io.ReportManager&amp#27;[m : File Action "DoesFileExist" successfully performed. With the following test data "File Path: "SteeringCompanyAPI_TestData/SteeringCompanyAPI_TestData.xlsx"".
2023-01-22 22:03:15.718 &amp#27;[32m INFO&amp#27;[m &amp#27;[35m[@503 - main]&amp#27;[m &amp#27;[36mcom.shaft.tools.io.ReportManager&amp#27;[m : Successfully created attachment "Test Data - Excel"
2023-01-22 22:03:18.045 &amp#27;[32m INFO&amp#27;[m &amp#27;[35m[@503 - main]&amp#27;[m &amp#27;[36mcom.shaft.tools.io.ReportManager&amp#27;[m : Response status code: "422", status line: "HTTP/1.1 422 "
2023-01-22 22:03:18.058 &amp#27;[32m INFO&amp#27;[m &amp#27;[35m[@503 - main]&amp#27;[m &amp#27;[36mcom.shaft.tools.io.ReportManager&amp#27;[m : Successfully created attachment "API Request - Specifications"
2023-01-22 22:03:18.060 &amp#27;[32m INFO&amp#27;[m &amp#27;[35m[@503 - main]&amp#27;[m &amp#27;[36mcom.shaft.tools.io.ReportManager&amp#27;[m : Successfully created attachment "API Request - JSON Body"
2023-01-22 22:03:18.061 &amp#27;[32m INFO&amp#27;[m &amp#27;[35m[@503 - main]&amp#27;[m &amp#27;[36mcom.shaft.tools.io.ReportManager&amp#27;[m : Successfully created attachment "API Response - JSON Body"
2023-01-22 22:03:18.062 &amp#27;[32m INFO&amp#27;[m &amp#27;[35m[@503 - main]&amp#27;[m &amp#27;[36mcom.shaft.tools.io.ReportManager&amp#27;[m : File Action "DoesFileExist" successfully performed. With the following test data "File Path: "Schemas/ValidationError_schema.json"".
2023-01-22 22:03:18.062 &amp#27;[32m INFO&amp#27;[m &amp#27;[35m[@503 - main]&amp#27;[m &amp#27;[36mcom.shaft.tools.io.ReportManager&amp#27;[m : File Action "DoesFileExist" successfully performed. With the following test data "File Path: "src/test/resources/testDataFiles/Schemas/ValidationError_schema.json"".
2023-01-22 22:03:18.062 &amp#27;[32m INFO&amp#27;[m &amp#27;[35m[@503 - main]&amp#27;[m &amp#27;[36mcom.shaft.tools.io.ReportManager&amp#27;[m : File Action "GetAbsolutePath" successfully performed. With the following test data "Relative Folder Path: "src/test/resources/testDataFiles/Schemas/ValidationError_schema.json"".
2023-01-22 22:03:18.064 &amp#27;[32m INFO&amp#27;[m &amp#27;[35m[@503 - main]&amp#27;[m &amp#27;[36mcom.shaft.tools.io.ReportManager&amp#27;[m : File Action "DoesFileExist" successfully performed. With the following test data "File Path: "C:\eclipse-workspace\MyProjects\TASystemsAPIs\src\test\resources\testDataFiles\Schemas\ValidationError_schema.json"".
2023-01-22 22:03:18.064 &amp#27;[32m INFO&amp#27;[m &amp#27;[35m[@503 - main]&amp#27;[m &amp#27;[36mcom.shaft.tools.io.ReportManager&amp#27;[m : File Action "GetAbsolutePath" successfully performed. With the following test data "Relative Folder Path: "C:\eclipse-workspace\MyProjects\TASystemsAPIs\src\test\resources\testDataFiles\Schemas\ValidationError_schema.json"".
2023-01-22 22:03:18.064 &amp#27;[32m INFO&amp#27;[m &amp#27;[35m[@503 - main]&amp#27;[m &amp#27;[36mcom.shaft.tools.io.ReportManager&amp#27;[m : File Action "ReadFile" successfully performed. With the following test data "File Path: "C:\eclipse-workspace\MyProjects\TASystemsAPIs\src\test\resources\testDataFiles\Schemas\ValidationError_schema.json"".
2023-01-22 22:03:18.067 &amp#27;[32m INFO&amp#27;[m &amp#27;[35m[@503 - main]&amp#27;[m &amp#27;[36mcom.shaft.tools.io.ReportManager&amp#27;[m : Successfully created attachment "Validation Test Data - Expected JSON Value"
2023-01-22 22:03:18.068 &amp#27;[32m INFO&amp#27;[m &amp#27;[35m[@503 - main]&amp#27;[m &amp#27;[36mcom.shaft.tools.io.ReportManager&amp#27;[m : Successfully created attachment "Validation Test Data - Actual JSON Value"
2023-01-22 22:03:18.069 &amp#27;[32m INFO&amp#27;[m &amp#27;[35m[@503 - main]&amp#27;[m &amp#27;[36mcom.shaft.tools.io.ReportManager&amp#27;[m : Successfully created attachment "SHAFT Engine Logs - Current Method log: Add_Policy_With_InValid_data_TC"
]]></system-out>
  </testcase>
  <testcase name="Add_Policy_With_InValid_data_TC[[Ljava.lang.Object;@5aa5298b](21)" classname="SteeringCompanyAPI_TestCases.Test_Policies_Cases" time="2.35">
    <system-out><![CDATA[2023-01-22 22:03:18.073 &amp#27;[32m INFO&amp#27;[m &amp#27;[35m[@534 - main]&amp#27;[m &amp#27;[36mcom.shaft.tools.io.ReportManager&amp#27;[m : 
################################################################################################################################################
Starting Execution:	"64 out of 83" test cases in the current suite
Test Method:		"SteeringCompanyAPI_TestCases.Test_Policies_Cases.Add_Policy_With_InValid_data_TC"
Test Description:	"TC052 -Policy- Perform Add Policy with InValid data"
################################################################################################################################################
2023-01-22 22:03:18.074 &amp#27;[32m INFO&amp#27;[m &amp#27;[35m[@503 - main]&amp#27;[m &amp#27;[36mcom.shaft.tools.io.ReportManager&amp#27;[m : File Action "DoesFileExist" successfully performed. With the following test data "File Path: "SteeringCompanyAPI_TestData/SteeringCompanyAPI_TestData.xlsx"".
2023-01-22 22:03:18.097 &amp#27;[32m INFO&amp#27;[m &amp#27;[35m[@503 - main]&amp#27;[m &amp#27;[36mcom.shaft.tools.io.ReportManager&amp#27;[m : Successfully created attachment "Test Data - Excel"
2023-01-22 22:03:19.318 &amp#27;[32m INFO&amp#27;[m &amp#27;[35m[@503 - main]&amp#27;[m &amp#27;[36mcom.shaft.tools.io.ReportManager&amp#27;[m : Response status code: "200", status line: "HTTP/1.1 200 OK"
2023-01-22 22:03:19.332 &amp#27;[32m INFO&amp#27;[m &amp#27;[35m[@503 - main]&amp#27;[m &amp#27;[36mcom.shaft.tools.io.ReportManager&amp#27;[m : Successfully created attachment "API Request - Specifications"
2023-01-22 22:03:19.333 &amp#27;[32m INFO&amp#27;[m &amp#27;[35m[@503 - main]&amp#27;[m &amp#27;[36mcom.shaft.tools.io.ReportManager&amp#27;[m : Successfully created attachment "API Request - Body"
2023-01-22 22:03:19.335 &amp#27;[32m INFO&amp#27;[m &amp#27;[35m[@503 - main]&amp#27;[m &amp#27;[36mcom.shaft.tools.io.ReportManager&amp#27;[m : Successfully created attachment "API Response - JSON Body"
2023-01-22 22:03:19.346 &amp#27;[32m INFO&amp#27;[m &amp#27;[35m[@503 - main]&amp#27;[m &amp#27;[36mcom.shaft.tools.io.ReportManager&amp#27;[m : File Action "DoesFileExist" successfully performed. With the following test data "File Path: "SteeringCompanyAPI_TestData/SteeringCompanyAPI_TestData.xlsx"".
2023-01-22 22:03:19.376 &amp#27;[32m INFO&amp#27;[m &amp#27;[35m[@503 - main]&amp#27;[m &amp#27;[36mcom.shaft.tools.io.ReportManager&amp#27;[m : Successfully created attachment "Test Data - Excel"
2023-01-22 22:03:19.376 &amp#27;[32m INFO&amp#27;[m &amp#27;[35m[@503 - main]&amp#27;[m &amp#27;[36mcom.shaft.tools.io.ReportManager&amp#27;[m : File Action "DoesFileExist" successfully performed. With the following test data "File Path: "SteeringCompanyAPI_TestData/SteeringCompanyAPI_TestData.xlsx"".
2023-01-22 22:03:19.413 &amp#27;[32m INFO&amp#27;[m &amp#27;[35m[@503 - main]&amp#27;[m &amp#27;[36mcom.shaft.tools.io.ReportManager&amp#27;[m : Successfully created attachment "Test Data - Excel"
2023-01-22 22:03:19.414 &amp#27;[32m INFO&amp#27;[m &amp#27;[35m[@503 - main]&amp#27;[m &amp#27;[36mcom.shaft.tools.io.ReportManager&amp#27;[m : File Action "DoesFileExist" successfully performed. With the following test data "File Path: "SteeringCompanyAPI_TestData/SteeringCompanyAPI_TestData.xlsx"".
2023-01-22 22:03:19.442 &amp#27;[32m INFO&amp#27;[m &amp#27;[35m[@503 - main]&amp#27;[m &amp#27;[36mcom.shaft.tools.io.ReportManager&amp#27;[m : Successfully created attachment "Test Data - Excel"
2023-01-22 22:03:20.395 &amp#27;[32m INFO&amp#27;[m &amp#27;[35m[@503 - main]&amp#27;[m &amp#27;[36mcom.shaft.tools.io.ReportManager&amp#27;[m : Response status code: "422", status line: "HTTP/1.1 422 "
2023-01-22 22:03:20.408 &amp#27;[32m INFO&amp#27;[m &amp#27;[35m[@503 - main]&amp#27;[m &amp#27;[36mcom.shaft.tools.io.ReportManager&amp#27;[m : Successfully created attachment "API Request - Specifications"
2023-01-22 22:03:20.409 &amp#27;[32m INFO&amp#27;[m &amp#27;[35m[@503 - main]&amp#27;[m &amp#27;[36mcom.shaft.tools.io.ReportManager&amp#27;[m : Successfully created attachment "API Request - JSON Body"
2023-01-22 22:03:20.410 &amp#27;[32m INFO&amp#27;[m &amp#27;[35m[@503 - main]&amp#27;[m &amp#27;[36mcom.shaft.tools.io.ReportManager&amp#27;[m : Successfully created attachment "API Response - JSON Body"
2023-01-22 22:03:20.411 &amp#27;[32m INFO&amp#27;[m &amp#27;[35m[@503 - main]&amp#27;[m &amp#27;[36mcom.shaft.tools.io.ReportManager&amp#27;[m : File Action "DoesFileExist" successfully performed. With the following test data "File Path: "Schemas/ValidationError_schema.json"".
2023-01-22 22:03:20.412 &amp#27;[32m INFO&amp#27;[m &amp#27;[35m[@503 - main]&amp#27;[m &amp#27;[36mcom.shaft.tools.io.ReportManager&amp#27;[m : File Action "DoesFileExist" successfully performed. With the following test data "File Path: "src/test/resources/testDataFiles/Schemas/ValidationError_schema.json"".
2023-01-22 22:03:20.412 &amp#27;[32m INFO&amp#27;[m &amp#27;[35m[@503 - main]&amp#27;[m &amp#27;[36mcom.shaft.tools.io.ReportManager&amp#27;[m : File Action "GetAbsolutePath" successfully performed. With the following test data "Relative Folder Path: "src/test/resources/testDataFiles/Schemas/ValidationError_schema.json"".
2023-01-22 22:03:20.414 &amp#27;[32m INFO&amp#27;[m &amp#27;[35m[@503 - main]&amp#27;[m &amp#27;[36mcom.shaft.tools.io.ReportManager&amp#27;[m : File Action "DoesFileExist" successfully performed. With the following test data "File Path: "C:\eclipse-workspace\MyProjects\TASystemsAPIs\src\test\resources\testDataFiles\Schemas\ValidationError_schema.json"".
2023-01-22 22:03:20.415 &amp#27;[32m INFO&amp#27;[m &amp#27;[35m[@503 - main]&amp#27;[m &amp#27;[36mcom.shaft.tools.io.ReportManager&amp#27;[m : File Action "GetAbsolutePath" successfully performed. With the following test data "Relative Folder Path: "C:\eclipse-workspace\MyProjects\TASystemsAPIs\src\test\resources\testDataFiles\Schemas\ValidationError_schema.json"".
2023-01-22 22:03:20.415 &amp#27;[32m INFO&amp#27;[m &amp#27;[35m[@503 - main]&amp#27;[m &amp#27;[36mcom.shaft.tools.io.ReportManager&amp#27;[m : File Action "ReadFile" successfully performed. With the following test data "File Path: "C:\eclipse-workspace\MyProjects\TASystemsAPIs\src\test\resources\testDataFiles\Schemas\ValidationError_schema.json"".
2023-01-22 22:03:20.416 &amp#27;[32m INFO&amp#27;[m &amp#27;[35m[@503 - main]&amp#27;[m &amp#27;[36mcom.shaft.tools.io.ReportManager&amp#27;[m : Successfully created attachment "Validation Test Data - Expected JSON Value"
2023-01-22 22:03:20.417 &amp#27;[32m INFO&amp#27;[m &amp#27;[35m[@503 - main]&amp#27;[m &amp#27;[36mcom.shaft.tools.io.ReportManager&amp#27;[m : Successfully created attachment "Validation Test Data - Actual JSON Value"
2023-01-22 22:03:20.418 &amp#27;[32m INFO&amp#27;[m &amp#27;[35m[@503 - main]&amp#27;[m &amp#27;[36mcom.shaft.tools.io.ReportManager&amp#27;[m : Successfully created attachment "SHAFT Engine Logs - Current Method log: Add_Policy_With_InValid_data_TC"
]]></system-out>
  </testcase>
  <testcase name="Add_Policy_With_InValid_data_TC[[Ljava.lang.Object;@786b6aeb](22)" classname="SteeringCompanyAPI_TestCases.Test_Policies_Cases" time="2.374">
    <system-out><![CDATA[2023-01-22 22:03:20.422 &amp#27;[32m INFO&amp#27;[m &amp#27;[35m[@534 - main]&amp#27;[m &amp#27;[36mcom.shaft.tools.io.ReportManager&amp#27;[m : 
################################################################################################################################################
Starting Execution:	"65 out of 83" test cases in the current suite
Test Method:		"SteeringCompanyAPI_TestCases.Test_Policies_Cases.Add_Policy_With_InValid_data_TC"
Test Description:	"TC052 -Policy- Perform Add Policy with InValid data"
################################################################################################################################################
2023-01-22 22:03:20.423 &amp#27;[32m INFO&amp#27;[m &amp#27;[35m[@503 - main]&amp#27;[m &amp#27;[36mcom.shaft.tools.io.ReportManager&amp#27;[m : File Action "DoesFileExist" successfully performed. With the following test data "File Path: "SteeringCompanyAPI_TestData/SteeringCompanyAPI_TestData.xlsx"".
2023-01-22 22:03:20.450 &amp#27;[32m INFO&amp#27;[m &amp#27;[35m[@503 - main]&amp#27;[m &amp#27;[36mcom.shaft.tools.io.ReportManager&amp#27;[m : Successfully created attachment "Test Data - Excel"
2023-01-22 22:03:21.589 &amp#27;[32m INFO&amp#27;[m &amp#27;[35m[@503 - main]&amp#27;[m &amp#27;[36mcom.shaft.tools.io.ReportManager&amp#27;[m : Response status code: "200", status line: "HTTP/1.1 200 OK"
2023-01-22 22:03:21.606 &amp#27;[32m INFO&amp#27;[m &amp#27;[35m[@503 - main]&amp#27;[m &amp#27;[36mcom.shaft.tools.io.ReportManager&amp#27;[m : Successfully created attachment "API Request - Specifications"
2023-01-22 22:03:21.607 &amp#27;[32m INFO&amp#27;[m &amp#27;[35m[@503 - main]&amp#27;[m &amp#27;[36mcom.shaft.tools.io.ReportManager&amp#27;[m : Successfully created attachment "API Request - Body"
2023-01-22 22:03:21.608 &amp#27;[32m INFO&amp#27;[m &amp#27;[35m[@503 - main]&amp#27;[m &amp#27;[36mcom.shaft.tools.io.ReportManager&amp#27;[m : Successfully created attachment "API Response - JSON Body"
2023-01-22 22:03:21.617 &amp#27;[32m INFO&amp#27;[m &amp#27;[35m[@503 - main]&amp#27;[m &amp#27;[36mcom.shaft.tools.io.ReportManager&amp#27;[m : File Action "DoesFileExist" successfully performed. With the following test data "File Path: "SteeringCompanyAPI_TestData/SteeringCompanyAPI_TestData.xlsx"".
2023-01-22 22:03:21.647 &amp#27;[32m INFO&amp#27;[m &amp#27;[35m[@503 - main]&amp#27;[m &amp#27;[36mcom.shaft.tools.io.ReportManager&amp#27;[m : Successfully created attachment "Test Data - Excel"
2023-01-22 22:03:21.647 &amp#27;[32m INFO&amp#27;[m &amp#27;[35m[@503 - main]&amp#27;[m &amp#27;[36mcom.shaft.tools.io.ReportManager&amp#27;[m : File Action "DoesFileExist" successfully performed. With the following test data "File Path: "SteeringCompanyAPI_TestData/SteeringCompanyAPI_TestData.xlsx"".
2023-01-22 22:03:21.683 &amp#27;[32m INFO&amp#27;[m &amp#27;[35m[@503 - main]&amp#27;[m &amp#27;[36mcom.shaft.tools.io.ReportManager&amp#27;[m : Successfully created attachment "Test Data - Excel"
2023-01-22 22:03:21.683 &amp#27;[32m INFO&amp#27;[m &amp#27;[35m[@503 - main]&amp#27;[m &amp#27;[36mcom.shaft.tools.io.ReportManager&amp#27;[m : File Action "DoesFileExist" successfully performed. With the following test data "File Path: "SteeringCompanyAPI_TestData/SteeringCompanyAPI_TestData.xlsx"".
2023-01-22 22:03:21.713 &amp#27;[32m INFO&amp#27;[m &amp#27;[35m[@503 - main]&amp#27;[m &amp#27;[36mcom.shaft.tools.io.ReportManager&amp#27;[m : Successfully created attachment "Test Data - Excel"
2023-01-22 22:03:22.769 &amp#27;[32m INFO&amp#27;[m &amp#27;[35m[@503 - main]&amp#27;[m &amp#27;[36mcom.shaft.tools.io.ReportManager&amp#27;[m : Response status code: "422", status line: "HTTP/1.1 422 "
2023-01-22 22:03:22.782 &amp#27;[32m INFO&amp#27;[m &amp#27;[35m[@503 - main]&amp#27;[m &amp#27;[36mcom.shaft.tools.io.ReportManager&amp#27;[m : Successfully created attachment "API Request - Specifications"
2023-01-22 22:03:22.783 &amp#27;[32m INFO&amp#27;[m &amp#27;[35m[@503 - main]&amp#27;[m &amp#27;[36mcom.shaft.tools.io.ReportManager&amp#27;[m : Successfully created attachment "API Request - JSON Body"
2023-01-22 22:03:22.783 &amp#27;[32m INFO&amp#27;[m &amp#27;[35m[@503 - main]&amp#27;[m &amp#27;[36mcom.shaft.tools.io.ReportManager&amp#27;[m : Successfully created attachment "API Response - JSON Body"
2023-01-22 22:03:22.784 &amp#27;[32m INFO&amp#27;[m &amp#27;[35m[@503 - main]&amp#27;[m &amp#27;[36mcom.shaft.tools.io.ReportManager&amp#27;[m : File Action "DoesFileExist" successfully performed. With the following test data "File Path: "Schemas/ValidationError_schema.json"".
2023-01-22 22:03:22.784 &amp#27;[32m INFO&amp#27;[m &amp#27;[35m[@503 - main]&amp#27;[m &amp#27;[36mcom.shaft.tools.io.ReportManager&amp#27;[m : File Action "DoesFileExist" successfully performed. With the following test data "File Path: "src/test/resources/testDataFiles/Schemas/ValidationError_schema.json"".
2023-01-22 22:03:22.784 &amp#27;[32m INFO&amp#27;[m &amp#27;[35m[@503 - main]&amp#27;[m &amp#27;[36mcom.shaft.tools.io.ReportManager&amp#27;[m : File Action "GetAbsolutePath" successfully performed. With the following test data "Relative Folder Path: "src/test/resources/testDataFiles/Schemas/ValidationError_schema.json"".
2023-01-22 22:03:22.787 &amp#27;[32m INFO&amp#27;[m &amp#27;[35m[@503 - main]&amp#27;[m &amp#27;[36mcom.shaft.tools.io.ReportManager&amp#27;[m : File Action "DoesFileExist" successfully performed. With the following test data "File Path: "C:\eclipse-workspace\MyProjects\TASystemsAPIs\src\test\resources\testDataFiles\Schemas\ValidationError_schema.json"".
2023-01-22 22:03:22.787 &amp#27;[32m INFO&amp#27;[m &amp#27;[35m[@503 - main]&amp#27;[m &amp#27;[36mcom.shaft.tools.io.ReportManager&amp#27;[m : File Action "GetAbsolutePath" successfully performed. With the following test data "Relative Folder Path: "C:\eclipse-workspace\MyProjects\TASystemsAPIs\src\test\resources\testDataFiles\Schemas\ValidationError_schema.json"".
2023-01-22 22:03:22.788 &amp#27;[32m INFO&amp#27;[m &amp#27;[35m[@503 - main]&amp#27;[m &amp#27;[36mcom.shaft.tools.io.ReportManager&amp#27;[m : File Action "ReadFile" successfully performed. With the following test data "File Path: "C:\eclipse-workspace\MyProjects\TASystemsAPIs\src\test\resources\testDataFiles\Schemas\ValidationError_schema.json"".
2023-01-22 22:03:22.790 &amp#27;[32m INFO&amp#27;[m &amp#27;[35m[@503 - main]&amp#27;[m &amp#27;[36mcom.shaft.tools.io.ReportManager&amp#27;[m : Successfully created attachment "Validation Test Data - Expected JSON Value"
2023-01-22 22:03:22.791 &amp#27;[32m INFO&amp#27;[m &amp#27;[35m[@503 - main]&amp#27;[m &amp#27;[36mcom.shaft.tools.io.ReportManager&amp#27;[m : Successfully created attachment "Validation Test Data - Actual JSON Value"
2023-01-22 22:03:22.793 &amp#27;[32m INFO&amp#27;[m &amp#27;[35m[@503 - main]&amp#27;[m &amp#27;[36mcom.shaft.tools.io.ReportManager&amp#27;[m : Successfully created attachment "SHAFT Engine Logs - Current Method log: Add_Policy_With_InValid_data_TC"
]]></system-out>
  </testcase>
  <testcase name="Add_Policy_With_InValid_data_TC[[Ljava.lang.Object;@111ddb71](23)" classname="SteeringCompanyAPI_TestCases.Test_Policies_Cases" time="2.012">
    <system-out><![CDATA[2023-01-22 22:03:22.796 &amp#27;[32m INFO&amp#27;[m &amp#27;[35m[@534 - main]&amp#27;[m &amp#27;[36mcom.shaft.tools.io.ReportManager&amp#27;[m : 
################################################################################################################################################
Starting Execution:	"66 out of 83" test cases in the current suite
Test Method:		"SteeringCompanyAPI_TestCases.Test_Policies_Cases.Add_Policy_With_InValid_data_TC"
Test Description:	"TC052 -Policy- Perform Add Policy with InValid data"
################################################################################################################################################
2023-01-22 22:03:22.796 &amp#27;[32m INFO&amp#27;[m &amp#27;[35m[@503 - main]&amp#27;[m &amp#27;[36mcom.shaft.tools.io.ReportManager&amp#27;[m : File Action "DoesFileExist" successfully performed. With the following test data "File Path: "SteeringCompanyAPI_TestData/SteeringCompanyAPI_TestData.xlsx"".
2023-01-22 22:03:22.821 &amp#27;[32m INFO&amp#27;[m &amp#27;[35m[@503 - main]&amp#27;[m &amp#27;[36mcom.shaft.tools.io.ReportManager&amp#27;[m : Successfully created attachment "Test Data - Excel"
2023-01-22 22:03:23.785 &amp#27;[32m INFO&amp#27;[m &amp#27;[35m[@503 - main]&amp#27;[m &amp#27;[36mcom.shaft.tools.io.ReportManager&amp#27;[m : Response status code: "200", status line: "HTTP/1.1 200 OK"
2023-01-22 22:03:23.798 &amp#27;[32m INFO&amp#27;[m &amp#27;[35m[@503 - main]&amp#27;[m &amp#27;[36mcom.shaft.tools.io.ReportManager&amp#27;[m : Successfully created attachment "API Request - Specifications"
2023-01-22 22:03:23.799 &amp#27;[32m INFO&amp#27;[m &amp#27;[35m[@503 - main]&amp#27;[m &amp#27;[36mcom.shaft.tools.io.ReportManager&amp#27;[m : Successfully created attachment "API Request - Body"
2023-01-22 22:03:23.801 &amp#27;[32m INFO&amp#27;[m &amp#27;[35m[@503 - main]&amp#27;[m &amp#27;[36mcom.shaft.tools.io.ReportManager&amp#27;[m : Successfully created attachment "API Response - JSON Body"
2023-01-22 22:03:23.810 &amp#27;[32m INFO&amp#27;[m &amp#27;[35m[@503 - main]&amp#27;[m &amp#27;[36mcom.shaft.tools.io.ReportManager&amp#27;[m : File Action "DoesFileExist" successfully performed. With the following test data "File Path: "SteeringCompanyAPI_TestData/SteeringCompanyAPI_TestData.xlsx"".
2023-01-22 22:03:23.842 &amp#27;[32m INFO&amp#27;[m &amp#27;[35m[@503 - main]&amp#27;[m &amp#27;[36mcom.shaft.tools.io.ReportManager&amp#27;[m : Successfully created attachment "Test Data - Excel"
2023-01-22 22:03:23.843 &amp#27;[32m INFO&amp#27;[m &amp#27;[35m[@503 - main]&amp#27;[m &amp#27;[36mcom.shaft.tools.io.ReportManager&amp#27;[m : File Action "DoesFileExist" successfully performed. With the following test data "File Path: "SteeringCompanyAPI_TestData/SteeringCompanyAPI_TestData.xlsx"".
2023-01-22 22:03:23.869 &amp#27;[32m INFO&amp#27;[m &amp#27;[35m[@503 - main]&amp#27;[m &amp#27;[36mcom.shaft.tools.io.ReportManager&amp#27;[m : Successfully created attachment "Test Data - Excel"
2023-01-22 22:03:23.869 &amp#27;[32m INFO&amp#27;[m &amp#27;[35m[@503 - main]&amp#27;[m &amp#27;[36mcom.shaft.tools.io.ReportManager&amp#27;[m : File Action "DoesFileExist" successfully performed. With the following test data "File Path: "SteeringCompanyAPI_TestData/SteeringCompanyAPI_TestData.xlsx"".
2023-01-22 22:03:23.891 &amp#27;[32m INFO&amp#27;[m &amp#27;[35m[@503 - main]&amp#27;[m &amp#27;[36mcom.shaft.tools.io.ReportManager&amp#27;[m : Successfully created attachment "Test Data - Excel"
2023-01-22 22:03:24.783 &amp#27;[32m INFO&amp#27;[m &amp#27;[35m[@503 - main]&amp#27;[m &amp#27;[36mcom.shaft.tools.io.ReportManager&amp#27;[m : Response status code: "422", status line: "HTTP/1.1 422 "
2023-01-22 22:03:24.796 &amp#27;[32m INFO&amp#27;[m &amp#27;[35m[@503 - main]&amp#27;[m &amp#27;[36mcom.shaft.tools.io.ReportManager&amp#27;[m : Successfully created attachment "API Request - Specifications"
2023-01-22 22:03:24.797 &amp#27;[32m INFO&amp#27;[m &amp#27;[35m[@503 - main]&amp#27;[m &amp#27;[36mcom.shaft.tools.io.ReportManager&amp#27;[m : Successfully created attachment "API Request - JSON Body"
2023-01-22 22:03:24.798 &amp#27;[32m INFO&amp#27;[m &amp#27;[35m[@503 - main]&amp#27;[m &amp#27;[36mcom.shaft.tools.io.ReportManager&amp#27;[m : Successfully created attachment "API Response - JSON Body"
2023-01-22 22:03:24.798 &amp#27;[32m INFO&amp#27;[m &amp#27;[35m[@503 - main]&amp#27;[m &amp#27;[36mcom.shaft.tools.io.ReportManager&amp#27;[m : File Action "DoesFileExist" successfully performed. With the following test data "File Path: "Schemas/ValidationError_schema.json"".
2023-01-22 22:03:24.799 &amp#27;[32m INFO&amp#27;[m &amp#27;[35m[@503 - main]&amp#27;[m &amp#27;[36mcom.shaft.tools.io.ReportManager&amp#27;[m : File Action "DoesFileExist" successfully performed. With the following test data "File Path: "src/test/resources/testDataFiles/Schemas/ValidationError_schema.json"".
2023-01-22 22:03:24.799 &amp#27;[32m INFO&amp#27;[m &amp#27;[35m[@503 - main]&amp#27;[m &amp#27;[36mcom.shaft.tools.io.ReportManager&amp#27;[m : File Action "GetAbsolutePath" successfully performed. With the following test data "Relative Folder Path: "src/test/resources/testDataFiles/Schemas/ValidationError_schema.json"".
2023-01-22 22:03:24.802 &amp#27;[32m INFO&amp#27;[m &amp#27;[35m[@503 - main]&amp#27;[m &amp#27;[36mcom.shaft.tools.io.ReportManager&amp#27;[m : File Action "DoesFileExist" successfully performed. With the following test data "File Path: "C:\eclipse-workspace\MyProjects\TASystemsAPIs\src\test\resources\testDataFiles\Schemas\ValidationError_schema.json"".
2023-01-22 22:03:24.802 &amp#27;[32m INFO&amp#27;[m &amp#27;[35m[@503 - main]&amp#27;[m &amp#27;[36mcom.shaft.tools.io.ReportManager&amp#27;[m : File Action "GetAbsolutePath" successfully performed. With the following test data "Relative Folder Path: "C:\eclipse-workspace\MyProjects\TASystemsAPIs\src\test\resources\testDataFiles\Schemas\ValidationError_schema.json"".
2023-01-22 22:03:24.802 &amp#27;[32m INFO&amp#27;[m &amp#27;[35m[@503 - main]&amp#27;[m &amp#27;[36mcom.shaft.tools.io.ReportManager&amp#27;[m : File Action "ReadFile" successfully performed. With the following test data "File Path: "C:\eclipse-workspace\MyProjects\TASystemsAPIs\src\test\resources\testDataFiles\Schemas\ValidationError_schema.json"".
2023-01-22 22:03:24.803 &amp#27;[32m INFO&amp#27;[m &amp#27;[35m[@503 - main]&amp#27;[m &amp#27;[36mcom.shaft.tools.io.ReportManager&amp#27;[m : Successfully created attachment "Validation Test Data - Expected JSON Value"
2023-01-22 22:03:24.805 &amp#27;[32m INFO&amp#27;[m &amp#27;[35m[@503 - main]&amp#27;[m &amp#27;[36mcom.shaft.tools.io.ReportManager&amp#27;[m : Successfully created attachment "Validation Test Data - Actual JSON Value"
2023-01-22 22:03:24.805 &amp#27;[32m INFO&amp#27;[m &amp#27;[35m[@503 - main]&amp#27;[m &amp#27;[36mcom.shaft.tools.io.ReportManager&amp#27;[m : Successfully created attachment "SHAFT Engine Logs - Current Method log: Add_Policy_With_InValid_data_TC"
]]></system-out>
  </testcase>
  <testcase name="Add_Policy_With_InValid_data_TC[[Ljava.lang.Object;@3a119b75](24)" classname="SteeringCompanyAPI_TestCases.Test_Policies_Cases" time="1.843">
    <system-out><![CDATA[2023-01-22 22:03:24.808 &amp#27;[32m INFO&amp#27;[m &amp#27;[35m[@534 - main]&amp#27;[m &amp#27;[36mcom.shaft.tools.io.ReportManager&amp#27;[m : 
################################################################################################################################################
Starting Execution:	"67 out of 83" test cases in the current suite
Test Method:		"SteeringCompanyAPI_TestCases.Test_Policies_Cases.Add_Policy_With_InValid_data_TC"
Test Description:	"TC052 -Policy- Perform Add Policy with InValid data"
################################################################################################################################################
2023-01-22 22:03:24.809 &amp#27;[32m INFO&amp#27;[m &amp#27;[35m[@503 - main]&amp#27;[m &amp#27;[36mcom.shaft.tools.io.ReportManager&amp#27;[m : File Action "DoesFileExist" successfully performed. With the following test data "File Path: "SteeringCompanyAPI_TestData/SteeringCompanyAPI_TestData.xlsx"".
2023-01-22 22:03:24.837 &amp#27;[32m INFO&amp#27;[m &amp#27;[35m[@503 - main]&amp#27;[m &amp#27;[36mcom.shaft.tools.io.ReportManager&amp#27;[m : Successfully created attachment "Test Data - Excel"
2023-01-22 22:03:25.744 &amp#27;[32m INFO&amp#27;[m &amp#27;[35m[@503 - main]&amp#27;[m &amp#27;[36mcom.shaft.tools.io.ReportManager&amp#27;[m : Response status code: "200", status line: "HTTP/1.1 200 OK"
2023-01-22 22:03:25.754 &amp#27;[32m INFO&amp#27;[m &amp#27;[35m[@503 - main]&amp#27;[m &amp#27;[36mcom.shaft.tools.io.ReportManager&amp#27;[m : Successfully created attachment "API Request - Specifications"
2023-01-22 22:03:25.755 &amp#27;[32m INFO&amp#27;[m &amp#27;[35m[@503 - main]&amp#27;[m &amp#27;[36mcom.shaft.tools.io.ReportManager&amp#27;[m : Successfully created attachment "API Request - Body"
2023-01-22 22:03:25.757 &amp#27;[32m INFO&amp#27;[m &amp#27;[35m[@503 - main]&amp#27;[m &amp#27;[36mcom.shaft.tools.io.ReportManager&amp#27;[m : Successfully created attachment "API Response - JSON Body"
2023-01-22 22:03:25.766 &amp#27;[32m INFO&amp#27;[m &amp#27;[35m[@503 - main]&amp#27;[m &amp#27;[36mcom.shaft.tools.io.ReportManager&amp#27;[m : File Action "DoesFileExist" successfully performed. With the following test data "File Path: "SteeringCompanyAPI_TestData/SteeringCompanyAPI_TestData.xlsx"".
2023-01-22 22:03:25.803 &amp#27;[32m INFO&amp#27;[m &amp#27;[35m[@503 - main]&amp#27;[m &amp#27;[36mcom.shaft.tools.io.ReportManager&amp#27;[m : Successfully created attachment "Test Data - Excel"
2023-01-22 22:03:25.803 &amp#27;[32m INFO&amp#27;[m &amp#27;[35m[@503 - main]&amp#27;[m &amp#27;[36mcom.shaft.tools.io.ReportManager&amp#27;[m : File Action "DoesFileExist" successfully performed. With the following test data "File Path: "SteeringCompanyAPI_TestData/SteeringCompanyAPI_TestData.xlsx"".
2023-01-22 22:03:25.851 &amp#27;[32m INFO&amp#27;[m &amp#27;[35m[@503 - main]&amp#27;[m &amp#27;[36mcom.shaft.tools.io.ReportManager&amp#27;[m : Successfully created attachment "Test Data - Excel"
2023-01-22 22:03:25.851 &amp#27;[32m INFO&amp#27;[m &amp#27;[35m[@503 - main]&amp#27;[m &amp#27;[36mcom.shaft.tools.io.ReportManager&amp#27;[m : File Action "DoesFileExist" successfully performed. With the following test data "File Path: "SteeringCompanyAPI_TestData/SteeringCompanyAPI_TestData.xlsx"".
2023-01-22 22:03:25.892 &amp#27;[32m INFO&amp#27;[m &amp#27;[35m[@503 - main]&amp#27;[m &amp#27;[36mcom.shaft.tools.io.ReportManager&amp#27;[m : Successfully created attachment "Test Data - Excel"
2023-01-22 22:03:26.621 &amp#27;[32m INFO&amp#27;[m &amp#27;[35m[@503 - main]&amp#27;[m &amp#27;[36mcom.shaft.tools.io.ReportManager&amp#27;[m : Response status code: "422", status line: "HTTP/1.1 422 "
2023-01-22 22:03:26.639 &amp#27;[32m INFO&amp#27;[m &amp#27;[35m[@503 - main]&amp#27;[m &amp#27;[36mcom.shaft.tools.io.ReportManager&amp#27;[m : Successfully created attachment "API Request - Specifications"
2023-01-22 22:03:26.640 &amp#27;[32m INFO&amp#27;[m &amp#27;[35m[@503 - main]&amp#27;[m &amp#27;[36mcom.shaft.tools.io.ReportManager&amp#27;[m : Successfully created attachment "API Request - JSON Body"
2023-01-22 22:03:26.641 &amp#27;[32m INFO&amp#27;[m &amp#27;[35m[@503 - main]&amp#27;[m &amp#27;[36mcom.shaft.tools.io.ReportManager&amp#27;[m : Successfully created attachment "API Response - JSON Body"
2023-01-22 22:03:26.642 &amp#27;[32m INFO&amp#27;[m &amp#27;[35m[@503 - main]&amp#27;[m &amp#27;[36mcom.shaft.tools.io.ReportManager&amp#27;[m : File Action "DoesFileExist" successfully performed. With the following test data "File Path: "Schemas/ValidationError_schema.json"".
2023-01-22 22:03:26.642 &amp#27;[32m INFO&amp#27;[m &amp#27;[35m[@503 - main]&amp#27;[m &amp#27;[36mcom.shaft.tools.io.ReportManager&amp#27;[m : File Action "DoesFileExist" successfully performed. With the following test data "File Path: "src/test/resources/testDataFiles/Schemas/ValidationError_schema.json"".
2023-01-22 22:03:26.642 &amp#27;[32m INFO&amp#27;[m &amp#27;[35m[@503 - main]&amp#27;[m &amp#27;[36mcom.shaft.tools.io.ReportManager&amp#27;[m : File Action "GetAbsolutePath" successfully performed. With the following test data "Relative Folder Path: "src/test/resources/testDataFiles/Schemas/ValidationError_schema.json"".
2023-01-22 22:03:26.644 &amp#27;[32m INFO&amp#27;[m &amp#27;[35m[@503 - main]&amp#27;[m &amp#27;[36mcom.shaft.tools.io.ReportManager&amp#27;[m : File Action "DoesFileExist" successfully performed. With the following test data "File Path: "C:\eclipse-workspace\MyProjects\TASystemsAPIs\src\test\resources\testDataFiles\Schemas\ValidationError_schema.json"".
2023-01-22 22:03:26.644 &amp#27;[32m INFO&amp#27;[m &amp#27;[35m[@503 - main]&amp#27;[m &amp#27;[36mcom.shaft.tools.io.ReportManager&amp#27;[m : File Action "GetAbsolutePath" successfully performed. With the following test data "Relative Folder Path: "C:\eclipse-workspace\MyProjects\TASystemsAPIs\src\test\resources\testDataFiles\Schemas\ValidationError_schema.json"".
2023-01-22 22:03:26.644 &amp#27;[32m INFO&amp#27;[m &amp#27;[35m[@503 - main]&amp#27;[m &amp#27;[36mcom.shaft.tools.io.ReportManager&amp#27;[m : File Action "ReadFile" successfully performed. With the following test data "File Path: "C:\eclipse-workspace\MyProjects\TASystemsAPIs\src\test\resources\testDataFiles\Schemas\ValidationError_schema.json"".
2023-01-22 22:03:26.646 &amp#27;[32m INFO&amp#27;[m &amp#27;[35m[@503 - main]&amp#27;[m &amp#27;[36mcom.shaft.tools.io.ReportManager&amp#27;[m : Successfully created attachment "Validation Test Data - Expected JSON Value"
2023-01-22 22:03:26.648 &amp#27;[32m INFO&amp#27;[m &amp#27;[35m[@503 - main]&amp#27;[m &amp#27;[36mcom.shaft.tools.io.ReportManager&amp#27;[m : Successfully created attachment "Validation Test Data - Actual JSON Value"
2023-01-22 22:03:26.649 &amp#27;[32m INFO&amp#27;[m &amp#27;[35m[@503 - main]&amp#27;[m &amp#27;[36mcom.shaft.tools.io.ReportManager&amp#27;[m : Successfully created attachment "SHAFT Engine Logs - Current Method log: Add_Policy_With_InValid_data_TC"
]]></system-out>
  </testcase>
  <testcase name="Add_Policy_With_InValid_data_TC[[Ljava.lang.Object;@5ba0ad41](25)" classname="SteeringCompanyAPI_TestCases.Test_Policies_Cases" time="1.862">
    <system-out><![CDATA[2023-01-22 22:03:26.652 &amp#27;[32m INFO&amp#27;[m &amp#27;[35m[@534 - main]&amp#27;[m &amp#27;[36mcom.shaft.tools.io.ReportManager&amp#27;[m : 
################################################################################################################################################
Starting Execution:	"68 out of 83" test cases in the current suite
Test Method:		"SteeringCompanyAPI_TestCases.Test_Policies_Cases.Add_Policy_With_InValid_data_TC"
Test Description:	"TC052 -Policy- Perform Add Policy with InValid data"
################################################################################################################################################
2023-01-22 22:03:26.652 &amp#27;[32m INFO&amp#27;[m &amp#27;[35m[@503 - main]&amp#27;[m &amp#27;[36mcom.shaft.tools.io.ReportManager&amp#27;[m : File Action "DoesFileExist" successfully performed. With the following test data "File Path: "SteeringCompanyAPI_TestData/SteeringCompanyAPI_TestData.xlsx"".
2023-01-22 22:03:26.682 &amp#27;[32m INFO&amp#27;[m &amp#27;[35m[@503 - main]&amp#27;[m &amp#27;[36mcom.shaft.tools.io.ReportManager&amp#27;[m : Successfully created attachment "Test Data - Excel"
2023-01-22 22:03:27.582 &amp#27;[32m INFO&amp#27;[m &amp#27;[35m[@503 - main]&amp#27;[m &amp#27;[36mcom.shaft.tools.io.ReportManager&amp#27;[m : Response status code: "200", status line: "HTTP/1.1 200 OK"
2023-01-22 22:03:27.597 &amp#27;[32m INFO&amp#27;[m &amp#27;[35m[@503 - main]&amp#27;[m &amp#27;[36mcom.shaft.tools.io.ReportManager&amp#27;[m : Successfully created attachment "API Request - Specifications"
2023-01-22 22:03:27.598 &amp#27;[32m INFO&amp#27;[m &amp#27;[35m[@503 - main]&amp#27;[m &amp#27;[36mcom.shaft.tools.io.ReportManager&amp#27;[m : Successfully created attachment "API Request - Body"
2023-01-22 22:03:27.599 &amp#27;[32m INFO&amp#27;[m &amp#27;[35m[@503 - main]&amp#27;[m &amp#27;[36mcom.shaft.tools.io.ReportManager&amp#27;[m : Successfully created attachment "API Response - JSON Body"
2023-01-22 22:03:27.609 &amp#27;[32m INFO&amp#27;[m &amp#27;[35m[@503 - main]&amp#27;[m &amp#27;[36mcom.shaft.tools.io.ReportManager&amp#27;[m : File Action "DoesFileExist" successfully performed. With the following test data "File Path: "SteeringCompanyAPI_TestData/SteeringCompanyAPI_TestData.xlsx"".
2023-01-22 22:03:27.643 &amp#27;[32m INFO&amp#27;[m &amp#27;[35m[@503 - main]&amp#27;[m &amp#27;[36mcom.shaft.tools.io.ReportManager&amp#27;[m : Successfully created attachment "Test Data - Excel"
2023-01-22 22:03:27.643 &amp#27;[32m INFO&amp#27;[m &amp#27;[35m[@503 - main]&amp#27;[m &amp#27;[36mcom.shaft.tools.io.ReportManager&amp#27;[m : File Action "DoesFileExist" successfully performed. With the following test data "File Path: "SteeringCompanyAPI_TestData/SteeringCompanyAPI_TestData.xlsx"".
2023-01-22 22:03:27.677 &amp#27;[32m INFO&amp#27;[m &amp#27;[35m[@503 - main]&amp#27;[m &amp#27;[36mcom.shaft.tools.io.ReportManager&amp#27;[m : Successfully created attachment "Test Data - Excel"
2023-01-22 22:03:27.678 &amp#27;[32m INFO&amp#27;[m &amp#27;[35m[@503 - main]&amp#27;[m &amp#27;[36mcom.shaft.tools.io.ReportManager&amp#27;[m : File Action "DoesFileExist" successfully performed. With the following test data "File Path: "SteeringCompanyAPI_TestData/SteeringCompanyAPI_TestData.xlsx"".
2023-01-22 22:03:27.714 &amp#27;[32m INFO&amp#27;[m &amp#27;[35m[@503 - main]&amp#27;[m &amp#27;[36mcom.shaft.tools.io.ReportManager&amp#27;[m : Successfully created attachment "Test Data - Excel"
2023-01-22 22:03:28.465 &amp#27;[32m INFO&amp#27;[m &amp#27;[35m[@503 - main]&amp#27;[m &amp#27;[36mcom.shaft.tools.io.ReportManager&amp#27;[m : Response status code: "422", status line: "HTTP/1.1 422 "
2023-01-22 22:03:28.497 &amp#27;[32m INFO&amp#27;[m &amp#27;[35m[@503 - main]&amp#27;[m &amp#27;[36mcom.shaft.tools.io.ReportManager&amp#27;[m : Successfully created attachment "API Request - Specifications"
2023-01-22 22:03:28.498 &amp#27;[32m INFO&amp#27;[m &amp#27;[35m[@503 - main]&amp#27;[m &amp#27;[36mcom.shaft.tools.io.ReportManager&amp#27;[m : Successfully created attachment "API Request - JSON Body"
2023-01-22 22:03:28.499 &amp#27;[32m INFO&amp#27;[m &amp#27;[35m[@503 - main]&amp#27;[m &amp#27;[36mcom.shaft.tools.io.ReportManager&amp#27;[m : Successfully created attachment "API Response - JSON Body"
2023-01-22 22:03:28.500 &amp#27;[32m INFO&amp#27;[m &amp#27;[35m[@503 - main]&amp#27;[m &amp#27;[36mcom.shaft.tools.io.ReportManager&amp#27;[m : File Action "DoesFileExist" successfully performed. With the following test data "File Path: "Schemas/ValidationError_schema.json"".
2023-01-22 22:03:28.501 &amp#27;[32m INFO&amp#27;[m &amp#27;[35m[@503 - main]&amp#27;[m &amp#27;[36mcom.shaft.tools.io.ReportManager&amp#27;[m : File Action "DoesFileExist" successfully performed. With the following test data "File Path: "src/test/resources/testDataFiles/Schemas/ValidationError_schema.json"".
2023-01-22 22:03:28.501 &amp#27;[32m INFO&amp#27;[m &amp#27;[35m[@503 - main]&amp#27;[m &amp#27;[36mcom.shaft.tools.io.ReportManager&amp#27;[m : File Action "GetAbsolutePath" successfully performed. With the following test data "Relative Folder Path: "src/test/resources/testDataFiles/Schemas/ValidationError_schema.json"".
2023-01-22 22:03:28.504 &amp#27;[32m INFO&amp#27;[m &amp#27;[35m[@503 - main]&amp#27;[m &amp#27;[36mcom.shaft.tools.io.ReportManager&amp#27;[m : File Action "DoesFileExist" successfully performed. With the following test data "File Path: "C:\eclipse-workspace\MyProjects\TASystemsAPIs\src\test\resources\testDataFiles\Schemas\ValidationError_schema.json"".
2023-01-22 22:03:28.505 &amp#27;[32m INFO&amp#27;[m &amp#27;[35m[@503 - main]&amp#27;[m &amp#27;[36mcom.shaft.tools.io.ReportManager&amp#27;[m : File Action "GetAbsolutePath" successfully performed. With the following test data "Relative Folder Path: "C:\eclipse-workspace\MyProjects\TASystemsAPIs\src\test\resources\testDataFiles\Schemas\ValidationError_schema.json"".
2023-01-22 22:03:28.507 &amp#27;[32m INFO&amp#27;[m &amp#27;[35m[@503 - main]&amp#27;[m &amp#27;[36mcom.shaft.tools.io.ReportManager&amp#27;[m : File Action "ReadFile" successfully performed. With the following test data "File Path: "C:\eclipse-workspace\MyProjects\TASystemsAPIs\src\test\resources\testDataFiles\Schemas\ValidationError_schema.json"".
2023-01-22 22:03:28.509 &amp#27;[32m INFO&amp#27;[m &amp#27;[35m[@503 - main]&amp#27;[m &amp#27;[36mcom.shaft.tools.io.ReportManager&amp#27;[m : Successfully created attachment "Validation Test Data - Expected JSON Value"
2023-01-22 22:03:28.510 &amp#27;[32m INFO&amp#27;[m &amp#27;[35m[@503 - main]&amp#27;[m &amp#27;[36mcom.shaft.tools.io.ReportManager&amp#27;[m : Successfully created attachment "Validation Test Data - Actual JSON Value"
2023-01-22 22:03:28.511 &amp#27;[32m INFO&amp#27;[m &amp#27;[35m[@503 - main]&amp#27;[m &amp#27;[36mcom.shaft.tools.io.ReportManager&amp#27;[m : Successfully created attachment "SHAFT Engine Logs - Current Method log: Add_Policy_With_InValid_data_TC"
]]></system-out>
  </testcase>
  <testcase name="Add_Policy_With_InValid_data_TC[[Ljava.lang.Object;@45ac5ad1](26)" classname="SteeringCompanyAPI_TestCases.Test_Policies_Cases" time="2.744">
    <system-out><![CDATA[2023-01-22 22:03:28.515 &amp#27;[32m INFO&amp#27;[m &amp#27;[35m[@534 - main]&amp#27;[m &amp#27;[36mcom.shaft.tools.io.ReportManager&amp#27;[m : 
################################################################################################################################################
Starting Execution:	"69 out of 83" test cases in the current suite
Test Method:		"SteeringCompanyAPI_TestCases.Test_Policies_Cases.Add_Policy_With_InValid_data_TC"
Test Description:	"TC052 -Policy- Perform Add Policy with InValid data"
################################################################################################################################################
2023-01-22 22:03:28.515 &amp#27;[32m INFO&amp#27;[m &amp#27;[35m[@503 - main]&amp#27;[m &amp#27;[36mcom.shaft.tools.io.ReportManager&amp#27;[m : File Action "DoesFileExist" successfully performed. With the following test data "File Path: "SteeringCompanyAPI_TestData/SteeringCompanyAPI_TestData.xlsx"".
2023-01-22 22:03:28.543 &amp#27;[32m INFO&amp#27;[m &amp#27;[35m[@503 - main]&amp#27;[m &amp#27;[36mcom.shaft.tools.io.ReportManager&amp#27;[m : Successfully created attachment "Test Data - Excel"
2023-01-22 22:03:30.295 &amp#27;[32m INFO&amp#27;[m &amp#27;[35m[@503 - main]&amp#27;[m &amp#27;[36mcom.shaft.tools.io.ReportManager&amp#27;[m : Response status code: "200", status line: "HTTP/1.1 200 OK"
2023-01-22 22:03:30.306 &amp#27;[32m INFO&amp#27;[m &amp#27;[35m[@503 - main]&amp#27;[m &amp#27;[36mcom.shaft.tools.io.ReportManager&amp#27;[m : Successfully created attachment "API Request - Specifications"
2023-01-22 22:03:30.307 &amp#27;[32m INFO&amp#27;[m &amp#27;[35m[@503 - main]&amp#27;[m &amp#27;[36mcom.shaft.tools.io.ReportManager&amp#27;[m : Successfully created attachment "API Request - Body"
2023-01-22 22:03:30.308 &amp#27;[32m INFO&amp#27;[m &amp#27;[35m[@503 - main]&amp#27;[m &amp#27;[36mcom.shaft.tools.io.ReportManager&amp#27;[m : Successfully created attachment "API Response - JSON Body"
2023-01-22 22:03:30.316 &amp#27;[32m INFO&amp#27;[m &amp#27;[35m[@503 - main]&amp#27;[m &amp#27;[36mcom.shaft.tools.io.ReportManager&amp#27;[m : File Action "DoesFileExist" successfully performed. With the following test data "File Path: "SteeringCompanyAPI_TestData/SteeringCompanyAPI_TestData.xlsx"".
2023-01-22 22:03:30.347 &amp#27;[32m INFO&amp#27;[m &amp#27;[35m[@503 - main]&amp#27;[m &amp#27;[36mcom.shaft.tools.io.ReportManager&amp#27;[m : Successfully created attachment "Test Data - Excel"
2023-01-22 22:03:30.348 &amp#27;[32m INFO&amp#27;[m &amp#27;[35m[@503 - main]&amp#27;[m &amp#27;[36mcom.shaft.tools.io.ReportManager&amp#27;[m : File Action "DoesFileExist" successfully performed. With the following test data "File Path: "SteeringCompanyAPI_TestData/SteeringCompanyAPI_TestData.xlsx"".
2023-01-22 22:03:30.378 &amp#27;[32m INFO&amp#27;[m &amp#27;[35m[@503 - main]&amp#27;[m &amp#27;[36mcom.shaft.tools.io.ReportManager&amp#27;[m : Successfully created attachment "Test Data - Excel"
2023-01-22 22:03:30.378 &amp#27;[32m INFO&amp#27;[m &amp#27;[35m[@503 - main]&amp#27;[m &amp#27;[36mcom.shaft.tools.io.ReportManager&amp#27;[m : File Action "DoesFileExist" successfully performed. With the following test data "File Path: "SteeringCompanyAPI_TestData/SteeringCompanyAPI_TestData.xlsx"".
2023-01-22 22:03:30.406 &amp#27;[32m INFO&amp#27;[m &amp#27;[35m[@503 - main]&amp#27;[m &amp#27;[36mcom.shaft.tools.io.ReportManager&amp#27;[m : Successfully created attachment "Test Data - Excel"
2023-01-22 22:03:31.232 &amp#27;[32m INFO&amp#27;[m &amp#27;[35m[@503 - main]&amp#27;[m &amp#27;[36mcom.shaft.tools.io.ReportManager&amp#27;[m : Response status code: "422", status line: "HTTP/1.1 422 "
2023-01-22 22:03:31.244 &amp#27;[32m INFO&amp#27;[m &amp#27;[35m[@503 - main]&amp#27;[m &amp#27;[36mcom.shaft.tools.io.ReportManager&amp#27;[m : Successfully created attachment "API Request - Specifications"
2023-01-22 22:03:31.246 &amp#27;[32m INFO&amp#27;[m &amp#27;[35m[@503 - main]&amp#27;[m &amp#27;[36mcom.shaft.tools.io.ReportManager&amp#27;[m : Successfully created attachment "API Request - JSON Body"
2023-01-22 22:03:31.247 &amp#27;[32m INFO&amp#27;[m &amp#27;[35m[@503 - main]&amp#27;[m &amp#27;[36mcom.shaft.tools.io.ReportManager&amp#27;[m : Successfully created attachment "API Response - JSON Body"
2023-01-22 22:03:31.248 &amp#27;[32m INFO&amp#27;[m &amp#27;[35m[@503 - main]&amp#27;[m &amp#27;[36mcom.shaft.tools.io.ReportManager&amp#27;[m : File Action "DoesFileExist" successfully performed. With the following test data "File Path: "Schemas/ValidationError_schema.json"".
2023-01-22 22:03:31.248 &amp#27;[32m INFO&amp#27;[m &amp#27;[35m[@503 - main]&amp#27;[m &amp#27;[36mcom.shaft.tools.io.ReportManager&amp#27;[m : File Action "DoesFileExist" successfully performed. With the following test data "File Path: "src/test/resources/testDataFiles/Schemas/ValidationError_schema.json"".
2023-01-22 22:03:31.248 &amp#27;[32m INFO&amp#27;[m &amp#27;[35m[@503 - main]&amp#27;[m &amp#27;[36mcom.shaft.tools.io.ReportManager&amp#27;[m : File Action "GetAbsolutePath" successfully performed. With the following test data "Relative Folder Path: "src/test/resources/testDataFiles/Schemas/ValidationError_schema.json"".
2023-01-22 22:03:31.250 &amp#27;[32m INFO&amp#27;[m &amp#27;[35m[@503 - main]&amp#27;[m &amp#27;[36mcom.shaft.tools.io.ReportManager&amp#27;[m : File Action "DoesFileExist" successfully performed. With the following test data "File Path: "C:\eclipse-workspace\MyProjects\TASystemsAPIs\src\test\resources\testDataFiles\Schemas\ValidationError_schema.json"".
2023-01-22 22:03:31.251 &amp#27;[32m INFO&amp#27;[m &amp#27;[35m[@503 - main]&amp#27;[m &amp#27;[36mcom.shaft.tools.io.ReportManager&amp#27;[m : File Action "GetAbsolutePath" successfully performed. With the following test data "Relative Folder Path: "C:\eclipse-workspace\MyProjects\TASystemsAPIs\src\test\resources\testDataFiles\Schemas\ValidationError_schema.json"".
2023-01-22 22:03:31.251 &amp#27;[32m INFO&amp#27;[m &amp#27;[35m[@503 - main]&amp#27;[m &amp#27;[36mcom.shaft.tools.io.ReportManager&amp#27;[m : File Action "ReadFile" successfully performed. With the following test data "File Path: "C:\eclipse-workspace\MyProjects\TASystemsAPIs\src\test\resources\testDataFiles\Schemas\ValidationError_schema.json"".
2023-01-22 22:03:31.252 &amp#27;[32m INFO&amp#27;[m &amp#27;[35m[@503 - main]&amp#27;[m &amp#27;[36mcom.shaft.tools.io.ReportManager&amp#27;[m : Successfully created attachment "Validation Test Data - Expected JSON Value"
2023-01-22 22:03:31.253 &amp#27;[32m INFO&amp#27;[m &amp#27;[35m[@503 - main]&amp#27;[m &amp#27;[36mcom.shaft.tools.io.ReportManager&amp#27;[m : Successfully created attachment "Validation Test Data - Actual JSON Value"
2023-01-22 22:03:31.254 &amp#27;[32m INFO&amp#27;[m &amp#27;[35m[@503 - main]&amp#27;[m &amp#27;[36mcom.shaft.tools.io.ReportManager&amp#27;[m : Successfully created attachment "SHAFT Engine Logs - Current Method log: Add_Policy_With_InValid_data_TC"
]]></system-out>
  </testcase>
  <testcase name="Add_Policy_With_InValid_data_TC[[Ljava.lang.Object;@5a9ae0ad](27)" classname="SteeringCompanyAPI_TestCases.Test_Policies_Cases" time="1.987">
    <system-out><![CDATA[2023-01-22 22:03:31.258 &amp#27;[32m INFO&amp#27;[m &amp#27;[35m[@534 - main]&amp#27;[m &amp#27;[36mcom.shaft.tools.io.ReportManager&amp#27;[m : 
################################################################################################################################################
Starting Execution:	"70 out of 83" test cases in the current suite
Test Method:		"SteeringCompanyAPI_TestCases.Test_Policies_Cases.Add_Policy_With_InValid_data_TC"
Test Description:	"TC052 -Policy- Perform Add Policy with InValid data"
################################################################################################################################################
2023-01-22 22:03:31.258 &amp#27;[32m INFO&amp#27;[m &amp#27;[35m[@503 - main]&amp#27;[m &amp#27;[36mcom.shaft.tools.io.ReportManager&amp#27;[m : File Action "DoesFileExist" successfully performed. With the following test data "File Path: "SteeringCompanyAPI_TestData/SteeringCompanyAPI_TestData.xlsx"".
2023-01-22 22:03:31.285 &amp#27;[32m INFO&amp#27;[m &amp#27;[35m[@503 - main]&amp#27;[m &amp#27;[36mcom.shaft.tools.io.ReportManager&amp#27;[m : Successfully created attachment "Test Data - Excel"
2023-01-22 22:03:32.253 &amp#27;[32m INFO&amp#27;[m &amp#27;[35m[@503 - main]&amp#27;[m &amp#27;[36mcom.shaft.tools.io.ReportManager&amp#27;[m : Response status code: "200", status line: "HTTP/1.1 200 OK"
2023-01-22 22:03:32.268 &amp#27;[32m INFO&amp#27;[m &amp#27;[35m[@503 - main]&amp#27;[m &amp#27;[36mcom.shaft.tools.io.ReportManager&amp#27;[m : Successfully created attachment "API Request - Specifications"
2023-01-22 22:03:32.269 &amp#27;[32m INFO&amp#27;[m &amp#27;[35m[@503 - main]&amp#27;[m &amp#27;[36mcom.shaft.tools.io.ReportManager&amp#27;[m : Successfully created attachment "API Request - Body"
2023-01-22 22:03:32.270 &amp#27;[32m INFO&amp#27;[m &amp#27;[35m[@503 - main]&amp#27;[m &amp#27;[36mcom.shaft.tools.io.ReportManager&amp#27;[m : Successfully created attachment "API Response - JSON Body"
2023-01-22 22:03:32.282 &amp#27;[32m INFO&amp#27;[m &amp#27;[35m[@503 - main]&amp#27;[m &amp#27;[36mcom.shaft.tools.io.ReportManager&amp#27;[m : File Action "DoesFileExist" successfully performed. With the following test data "File Path: "SteeringCompanyAPI_TestData/SteeringCompanyAPI_TestData.xlsx"".
2023-01-22 22:03:32.313 &amp#27;[32m INFO&amp#27;[m &amp#27;[35m[@503 - main]&amp#27;[m &amp#27;[36mcom.shaft.tools.io.ReportManager&amp#27;[m : Successfully created attachment "Test Data - Excel"
2023-01-22 22:03:32.313 &amp#27;[32m INFO&amp#27;[m &amp#27;[35m[@503 - main]&amp#27;[m &amp#27;[36mcom.shaft.tools.io.ReportManager&amp#27;[m : File Action "DoesFileExist" successfully performed. With the following test data "File Path: "SteeringCompanyAPI_TestData/SteeringCompanyAPI_TestData.xlsx"".
2023-01-22 22:03:32.340 &amp#27;[32m INFO&amp#27;[m &amp#27;[35m[@503 - main]&amp#27;[m &amp#27;[36mcom.shaft.tools.io.ReportManager&amp#27;[m : Successfully created attachment "Test Data - Excel"
2023-01-22 22:03:32.341 &amp#27;[32m INFO&amp#27;[m &amp#27;[35m[@503 - main]&amp#27;[m &amp#27;[36mcom.shaft.tools.io.ReportManager&amp#27;[m : File Action "DoesFileExist" successfully performed. With the following test data "File Path: "SteeringCompanyAPI_TestData/SteeringCompanyAPI_TestData.xlsx"".
2023-01-22 22:03:32.369 &amp#27;[32m INFO&amp#27;[m &amp#27;[35m[@503 - main]&amp#27;[m &amp#27;[36mcom.shaft.tools.io.ReportManager&amp#27;[m : Successfully created attachment "Test Data - Excel"
2023-01-22 22:03:33.178 &amp#27;[32m INFO&amp#27;[m &amp#27;[35m[@503 - main]&amp#27;[m &amp#27;[36mcom.shaft.tools.io.ReportManager&amp#27;[m : Response status code: "422", status line: "HTTP/1.1 422 "
2023-01-22 22:03:33.193 &amp#27;[32m INFO&amp#27;[m &amp#27;[35m[@503 - main]&amp#27;[m &amp#27;[36mcom.shaft.tools.io.ReportManager&amp#27;[m : Successfully created attachment "API Request - Specifications"
2023-01-22 22:03:33.233 &amp#27;[32m INFO&amp#27;[m &amp#27;[35m[@503 - main]&amp#27;[m &amp#27;[36mcom.shaft.tools.io.ReportManager&amp#27;[m : Successfully created attachment "API Request - JSON Body"
2023-01-22 22:03:33.234 &amp#27;[32m INFO&amp#27;[m &amp#27;[35m[@503 - main]&amp#27;[m &amp#27;[36mcom.shaft.tools.io.ReportManager&amp#27;[m : Successfully created attachment "API Response - JSON Body"
2023-01-22 22:03:33.236 &amp#27;[32m INFO&amp#27;[m &amp#27;[35m[@503 - main]&amp#27;[m &amp#27;[36mcom.shaft.tools.io.ReportManager&amp#27;[m : File Action "DoesFileExist" successfully performed. With the following test data "File Path: "Schemas/ValidationError_schema.json"".
2023-01-22 22:03:33.236 &amp#27;[32m INFO&amp#27;[m &amp#27;[35m[@503 - main]&amp#27;[m &amp#27;[36mcom.shaft.tools.io.ReportManager&amp#27;[m : File Action "DoesFileExist" successfully performed. With the following test data "File Path: "src/test/resources/testDataFiles/Schemas/ValidationError_schema.json"".
2023-01-22 22:03:33.236 &amp#27;[32m INFO&amp#27;[m &amp#27;[35m[@503 - main]&amp#27;[m &amp#27;[36mcom.shaft.tools.io.ReportManager&amp#27;[m : File Action "GetAbsolutePath" successfully performed. With the following test data "Relative Folder Path: "src/test/resources/testDataFiles/Schemas/ValidationError_schema.json"".
2023-01-22 22:03:33.238 &amp#27;[32m INFO&amp#27;[m &amp#27;[35m[@503 - main]&amp#27;[m &amp#27;[36mcom.shaft.tools.io.ReportManager&amp#27;[m : File Action "DoesFileExist" successfully performed. With the following test data "File Path: "C:\eclipse-workspace\MyProjects\TASystemsAPIs\src\test\resources\testDataFiles\Schemas\ValidationError_schema.json"".
2023-01-22 22:03:33.238 &amp#27;[32m INFO&amp#27;[m &amp#27;[35m[@503 - main]&amp#27;[m &amp#27;[36mcom.shaft.tools.io.ReportManager&amp#27;[m : File Action "GetAbsolutePath" successfully performed. With the following test data "Relative Folder Path: "C:\eclipse-workspace\MyProjects\TASystemsAPIs\src\test\resources\testDataFiles\Schemas\ValidationError_schema.json"".
2023-01-22 22:03:33.239 &amp#27;[32m INFO&amp#27;[m &amp#27;[35m[@503 - main]&amp#27;[m &amp#27;[36mcom.shaft.tools.io.ReportManager&amp#27;[m : File Action "ReadFile" successfully performed. With the following test data "File Path: "C:\eclipse-workspace\MyProjects\TASystemsAPIs\src\test\resources\testDataFiles\Schemas\ValidationError_schema.json"".
2023-01-22 22:03:33.240 &amp#27;[32m INFO&amp#27;[m &amp#27;[35m[@503 - main]&amp#27;[m &amp#27;[36mcom.shaft.tools.io.ReportManager&amp#27;[m : Successfully created attachment "Validation Test Data - Expected JSON Value"
2023-01-22 22:03:33.241 &amp#27;[32m INFO&amp#27;[m &amp#27;[35m[@503 - main]&amp#27;[m &amp#27;[36mcom.shaft.tools.io.ReportManager&amp#27;[m : Successfully created attachment "Validation Test Data - Actual JSON Value"
2023-01-22 22:03:33.242 &amp#27;[32m INFO&amp#27;[m &amp#27;[35m[@503 - main]&amp#27;[m &amp#27;[36mcom.shaft.tools.io.ReportManager&amp#27;[m : Successfully created attachment "SHAFT Engine Logs - Current Method log: Add_Policy_With_InValid_data_TC"
]]></system-out>
  </testcase>
  <testcase name="Add_Policy_With_InValid_data_TC[[Ljava.lang.Object;@58048676](28)" classname="SteeringCompanyAPI_TestCases.Test_Policies_Cases" time="2.111">
    <system-out><![CDATA[2023-01-22 22:03:33.247 &amp#27;[32m INFO&amp#27;[m &amp#27;[35m[@534 - main]&amp#27;[m &amp#27;[36mcom.shaft.tools.io.ReportManager&amp#27;[m : 
################################################################################################################################################
Starting Execution:	"71 out of 83" test cases in the current suite
Test Method:		"SteeringCompanyAPI_TestCases.Test_Policies_Cases.Add_Policy_With_InValid_data_TC"
Test Description:	"TC052 -Policy- Perform Add Policy with InValid data"
################################################################################################################################################
2023-01-22 22:03:33.247 &amp#27;[32m INFO&amp#27;[m &amp#27;[35m[@503 - main]&amp#27;[m &amp#27;[36mcom.shaft.tools.io.ReportManager&amp#27;[m : File Action "DoesFileExist" successfully performed. With the following test data "File Path: "SteeringCompanyAPI_TestData/SteeringCompanyAPI_TestData.xlsx"".
2023-01-22 22:03:33.276 &amp#27;[32m INFO&amp#27;[m &amp#27;[35m[@503 - main]&amp#27;[m &amp#27;[36mcom.shaft.tools.io.ReportManager&amp#27;[m : Successfully created attachment "Test Data - Excel"
2023-01-22 22:03:34.455 &amp#27;[32m INFO&amp#27;[m &amp#27;[35m[@503 - main]&amp#27;[m &amp#27;[36mcom.shaft.tools.io.ReportManager&amp#27;[m : Response status code: "200", status line: "HTTP/1.1 200 OK"
2023-01-22 22:03:34.467 &amp#27;[32m INFO&amp#27;[m &amp#27;[35m[@503 - main]&amp#27;[m &amp#27;[36mcom.shaft.tools.io.ReportManager&amp#27;[m : Successfully created attachment "API Request - Specifications"
2023-01-22 22:03:34.469 &amp#27;[32m INFO&amp#27;[m &amp#27;[35m[@503 - main]&amp#27;[m &amp#27;[36mcom.shaft.tools.io.ReportManager&amp#27;[m : Successfully created attachment "API Request - Body"
2023-01-22 22:03:34.471 &amp#27;[32m INFO&amp#27;[m &amp#27;[35m[@503 - main]&amp#27;[m &amp#27;[36mcom.shaft.tools.io.ReportManager&amp#27;[m : Successfully created attachment "API Response - JSON Body"
2023-01-22 22:03:34.480 &amp#27;[32m INFO&amp#27;[m &amp#27;[35m[@503 - main]&amp#27;[m &amp#27;[36mcom.shaft.tools.io.ReportManager&amp#27;[m : File Action "DoesFileExist" successfully performed. With the following test data "File Path: "SteeringCompanyAPI_TestData/SteeringCompanyAPI_TestData.xlsx"".
2023-01-22 22:03:34.510 &amp#27;[32m INFO&amp#27;[m &amp#27;[35m[@503 - main]&amp#27;[m &amp#27;[36mcom.shaft.tools.io.ReportManager&amp#27;[m : Successfully created attachment "Test Data - Excel"
2023-01-22 22:03:34.511 &amp#27;[32m INFO&amp#27;[m &amp#27;[35m[@503 - main]&amp#27;[m &amp#27;[36mcom.shaft.tools.io.ReportManager&amp#27;[m : File Action "DoesFileExist" successfully performed. With the following test data "File Path: "SteeringCompanyAPI_TestData/SteeringCompanyAPI_TestData.xlsx"".
2023-01-22 22:03:34.537 &amp#27;[32m INFO&amp#27;[m &amp#27;[35m[@503 - main]&amp#27;[m &amp#27;[36mcom.shaft.tools.io.ReportManager&amp#27;[m : Successfully created attachment "Test Data - Excel"
2023-01-22 22:03:34.537 &amp#27;[32m INFO&amp#27;[m &amp#27;[35m[@503 - main]&amp#27;[m &amp#27;[36mcom.shaft.tools.io.ReportManager&amp#27;[m : File Action "DoesFileExist" successfully performed. With the following test data "File Path: "SteeringCompanyAPI_TestData/SteeringCompanyAPI_TestData.xlsx"".
2023-01-22 22:03:34.565 &amp#27;[32m INFO&amp#27;[m &amp#27;[35m[@503 - main]&amp#27;[m &amp#27;[36mcom.shaft.tools.io.ReportManager&amp#27;[m : Successfully created attachment "Test Data - Excel"
2023-01-22 22:03:35.326 &amp#27;[32m INFO&amp#27;[m &amp#27;[35m[@503 - main]&amp#27;[m &amp#27;[36mcom.shaft.tools.io.ReportManager&amp#27;[m : Response status code: "422", status line: "HTTP/1.1 422 "
2023-01-22 22:03:35.340 &amp#27;[32m INFO&amp#27;[m &amp#27;[35m[@503 - main]&amp#27;[m &amp#27;[36mcom.shaft.tools.io.ReportManager&amp#27;[m : Successfully created attachment "API Request - Specifications"
2023-01-22 22:03:35.342 &amp#27;[32m INFO&amp#27;[m &amp#27;[35m[@503 - main]&amp#27;[m &amp#27;[36mcom.shaft.tools.io.ReportManager&amp#27;[m : Successfully created attachment "API Request - JSON Body"
2023-01-22 22:03:35.343 &amp#27;[32m INFO&amp#27;[m &amp#27;[35m[@503 - main]&amp#27;[m &amp#27;[36mcom.shaft.tools.io.ReportManager&amp#27;[m : Successfully created attachment "API Response - JSON Body"
2023-01-22 22:03:35.344 &amp#27;[32m INFO&amp#27;[m &amp#27;[35m[@503 - main]&amp#27;[m &amp#27;[36mcom.shaft.tools.io.ReportManager&amp#27;[m : File Action "DoesFileExist" successfully performed. With the following test data "File Path: "Schemas/ValidationError_schema.json"".
2023-01-22 22:03:35.344 &amp#27;[32m INFO&amp#27;[m &amp#27;[35m[@503 - main]&amp#27;[m &amp#27;[36mcom.shaft.tools.io.ReportManager&amp#27;[m : File Action "DoesFileExist" successfully performed. With the following test data "File Path: "src/test/resources/testDataFiles/Schemas/ValidationError_schema.json"".
2023-01-22 22:03:35.344 &amp#27;[32m INFO&amp#27;[m &amp#27;[35m[@503 - main]&amp#27;[m &amp#27;[36mcom.shaft.tools.io.ReportManager&amp#27;[m : File Action "GetAbsolutePath" successfully performed. With the following test data "Relative Folder Path: "src/test/resources/testDataFiles/Schemas/ValidationError_schema.json"".
2023-01-22 22:03:35.347 &amp#27;[32m INFO&amp#27;[m &amp#27;[35m[@503 - main]&amp#27;[m &amp#27;[36mcom.shaft.tools.io.ReportManager&amp#27;[m : File Action "DoesFileExist" successfully performed. With the following test data "File Path: "C:\eclipse-workspace\MyProjects\TASystemsAPIs\src\test\resources\testDataFiles\Schemas\ValidationError_schema.json"".
2023-01-22 22:03:35.347 &amp#27;[32m INFO&amp#27;[m &amp#27;[35m[@503 - main]&amp#27;[m &amp#27;[36mcom.shaft.tools.io.ReportManager&amp#27;[m : File Action "GetAbsolutePath" successfully performed. With the following test data "Relative Folder Path: "C:\eclipse-workspace\MyProjects\TASystemsAPIs\src\test\resources\testDataFiles\Schemas\ValidationError_schema.json"".
2023-01-22 22:03:35.347 &amp#27;[32m INFO&amp#27;[m &amp#27;[35m[@503 - main]&amp#27;[m &amp#27;[36mcom.shaft.tools.io.ReportManager&amp#27;[m : File Action "ReadFile" successfully performed. With the following test data "File Path: "C:\eclipse-workspace\MyProjects\TASystemsAPIs\src\test\resources\testDataFiles\Schemas\ValidationError_schema.json"".
2023-01-22 22:03:35.349 &amp#27;[32m INFO&amp#27;[m &amp#27;[35m[@503 - main]&amp#27;[m &amp#27;[36mcom.shaft.tools.io.ReportManager&amp#27;[m : Successfully created attachment "Validation Test Data - Expected JSON Value"
2023-01-22 22:03:35.351 &amp#27;[32m INFO&amp#27;[m &amp#27;[35m[@503 - main]&amp#27;[m &amp#27;[36mcom.shaft.tools.io.ReportManager&amp#27;[m : Successfully created attachment "Validation Test Data - Actual JSON Value"
2023-01-22 22:03:35.352 &amp#27;[32m INFO&amp#27;[m &amp#27;[35m[@503 - main]&amp#27;[m &amp#27;[36mcom.shaft.tools.io.ReportManager&amp#27;[m : Successfully created attachment "SHAFT Engine Logs - Current Method log: Add_Policy_With_InValid_data_TC"
]]></system-out>
  </testcase>
  <testcase name="Add_Policy_With_InValid_data_TC[[Ljava.lang.Object;@55c6e0d0](29)" classname="SteeringCompanyAPI_TestCases.Test_Policies_Cases" time="1.749">
    <system-out><![CDATA[2023-01-22 22:03:35.355 &amp#27;[32m INFO&amp#27;[m &amp#27;[35m[@534 - main]&amp#27;[m &amp#27;[36mcom.shaft.tools.io.ReportManager&amp#27;[m : 
################################################################################################################################################
Starting Execution:	"72 out of 83" test cases in the current suite
Test Method:		"SteeringCompanyAPI_TestCases.Test_Policies_Cases.Add_Policy_With_InValid_data_TC"
Test Description:	"TC052 -Policy- Perform Add Policy with InValid data"
################################################################################################################################################
2023-01-22 22:03:35.356 &amp#27;[32m INFO&amp#27;[m &amp#27;[35m[@503 - main]&amp#27;[m &amp#27;[36mcom.shaft.tools.io.ReportManager&amp#27;[m : File Action "DoesFileExist" successfully performed. With the following test data "File Path: "SteeringCompanyAPI_TestData/SteeringCompanyAPI_TestData.xlsx"".
2023-01-22 22:03:35.394 &amp#27;[32m INFO&amp#27;[m &amp#27;[35m[@503 - main]&amp#27;[m &amp#27;[36mcom.shaft.tools.io.ReportManager&amp#27;[m : Successfully created attachment "Test Data - Excel"
2023-01-22 22:03:36.293 &amp#27;[32m INFO&amp#27;[m &amp#27;[35m[@503 - main]&amp#27;[m &amp#27;[36mcom.shaft.tools.io.ReportManager&amp#27;[m : Response status code: "200", status line: "HTTP/1.1 200 OK"
2023-01-22 22:03:36.308 &amp#27;[32m INFO&amp#27;[m &amp#27;[35m[@503 - main]&amp#27;[m &amp#27;[36mcom.shaft.tools.io.ReportManager&amp#27;[m : Successfully created attachment "API Request - Specifications"
2023-01-22 22:03:36.310 &amp#27;[32m INFO&amp#27;[m &amp#27;[35m[@503 - main]&amp#27;[m &amp#27;[36mcom.shaft.tools.io.ReportManager&amp#27;[m : Successfully created attachment "API Request - Body"
2023-01-22 22:03:36.311 &amp#27;[32m INFO&amp#27;[m &amp#27;[35m[@503 - main]&amp#27;[m &amp#27;[36mcom.shaft.tools.io.ReportManager&amp#27;[m : Successfully created attachment "API Response - JSON Body"
2023-01-22 22:03:36.322 &amp#27;[32m INFO&amp#27;[m &amp#27;[35m[@503 - main]&amp#27;[m &amp#27;[36mcom.shaft.tools.io.ReportManager&amp#27;[m : File Action "DoesFileExist" successfully performed. With the following test data "File Path: "SteeringCompanyAPI_TestData/SteeringCompanyAPI_TestData.xlsx"".
2023-01-22 22:03:36.355 &amp#27;[32m INFO&amp#27;[m &amp#27;[35m[@503 - main]&amp#27;[m &amp#27;[36mcom.shaft.tools.io.ReportManager&amp#27;[m : Successfully created attachment "Test Data - Excel"
2023-01-22 22:03:36.356 &amp#27;[32m INFO&amp#27;[m &amp#27;[35m[@503 - main]&amp#27;[m &amp#27;[36mcom.shaft.tools.io.ReportManager&amp#27;[m : File Action "DoesFileExist" successfully performed. With the following test data "File Path: "SteeringCompanyAPI_TestData/SteeringCompanyAPI_TestData.xlsx"".
2023-01-22 22:03:36.379 &amp#27;[32m INFO&amp#27;[m &amp#27;[35m[@503 - main]&amp#27;[m &amp#27;[36mcom.shaft.tools.io.ReportManager&amp#27;[m : Successfully created attachment "Test Data - Excel"
2023-01-22 22:03:36.379 &amp#27;[32m INFO&amp#27;[m &amp#27;[35m[@503 - main]&amp#27;[m &amp#27;[36mcom.shaft.tools.io.ReportManager&amp#27;[m : File Action "DoesFileExist" successfully performed. With the following test data "File Path: "SteeringCompanyAPI_TestData/SteeringCompanyAPI_TestData.xlsx"".
2023-01-22 22:03:36.407 &amp#27;[32m INFO&amp#27;[m &amp#27;[35m[@503 - main]&amp#27;[m &amp#27;[36mcom.shaft.tools.io.ReportManager&amp#27;[m : Successfully created attachment "Test Data - Excel"
2023-01-22 22:03:37.080 &amp#27;[32m INFO&amp#27;[m &amp#27;[35m[@503 - main]&amp#27;[m &amp#27;[36mcom.shaft.tools.io.ReportManager&amp#27;[m : Response status code: "422", status line: "HTTP/1.1 422 "
2023-01-22 22:03:37.090 &amp#27;[32m INFO&amp#27;[m &amp#27;[35m[@503 - main]&amp#27;[m &amp#27;[36mcom.shaft.tools.io.ReportManager&amp#27;[m : Successfully created attachment "API Request - Specifications"
2023-01-22 22:03:37.091 &amp#27;[32m INFO&amp#27;[m &amp#27;[35m[@503 - main]&amp#27;[m &amp#27;[36mcom.shaft.tools.io.ReportManager&amp#27;[m : Successfully created attachment "API Request - JSON Body"
2023-01-22 22:03:37.093 &amp#27;[32m INFO&amp#27;[m &amp#27;[35m[@503 - main]&amp#27;[m &amp#27;[36mcom.shaft.tools.io.ReportManager&amp#27;[m : Successfully created attachment "API Response - JSON Body"
2023-01-22 22:03:37.094 &amp#27;[32m INFO&amp#27;[m &amp#27;[35m[@503 - main]&amp#27;[m &amp#27;[36mcom.shaft.tools.io.ReportManager&amp#27;[m : File Action "DoesFileExist" successfully performed. With the following test data "File Path: "Schemas/ValidationError_schema.json"".
2023-01-22 22:03:37.094 &amp#27;[32m INFO&amp#27;[m &amp#27;[35m[@503 - main]&amp#27;[m &amp#27;[36mcom.shaft.tools.io.ReportManager&amp#27;[m : File Action "DoesFileExist" successfully performed. With the following test data "File Path: "src/test/resources/testDataFiles/Schemas/ValidationError_schema.json"".
2023-01-22 22:03:37.094 &amp#27;[32m INFO&amp#27;[m &amp#27;[35m[@503 - main]&amp#27;[m &amp#27;[36mcom.shaft.tools.io.ReportManager&amp#27;[m : File Action "GetAbsolutePath" successfully performed. With the following test data "Relative Folder Path: "src/test/resources/testDataFiles/Schemas/ValidationError_schema.json"".
2023-01-22 22:03:37.096 &amp#27;[32m INFO&amp#27;[m &amp#27;[35m[@503 - main]&amp#27;[m &amp#27;[36mcom.shaft.tools.io.ReportManager&amp#27;[m : File Action "DoesFileExist" successfully performed. With the following test data "File Path: "C:\eclipse-workspace\MyProjects\TASystemsAPIs\src\test\resources\testDataFiles\Schemas\ValidationError_schema.json"".
2023-01-22 22:03:37.097 &amp#27;[32m INFO&amp#27;[m &amp#27;[35m[@503 - main]&amp#27;[m &amp#27;[36mcom.shaft.tools.io.ReportManager&amp#27;[m : File Action "GetAbsolutePath" successfully performed. With the following test data "Relative Folder Path: "C:\eclipse-workspace\MyProjects\TASystemsAPIs\src\test\resources\testDataFiles\Schemas\ValidationError_schema.json"".
2023-01-22 22:03:37.097 &amp#27;[32m INFO&amp#27;[m &amp#27;[35m[@503 - main]&amp#27;[m &amp#27;[36mcom.shaft.tools.io.ReportManager&amp#27;[m : File Action "ReadFile" successfully performed. With the following test data "File Path: "C:\eclipse-workspace\MyProjects\TASystemsAPIs\src\test\resources\testDataFiles\Schemas\ValidationError_schema.json"".
2023-01-22 22:03:37.099 &amp#27;[32m INFO&amp#27;[m &amp#27;[35m[@503 - main]&amp#27;[m &amp#27;[36mcom.shaft.tools.io.ReportManager&amp#27;[m : Successfully created attachment "Validation Test Data - Expected JSON Value"
2023-01-22 22:03:37.100 &amp#27;[32m INFO&amp#27;[m &amp#27;[35m[@503 - main]&amp#27;[m &amp#27;[36mcom.shaft.tools.io.ReportManager&amp#27;[m : Successfully created attachment "Validation Test Data - Actual JSON Value"
2023-01-22 22:03:37.101 &amp#27;[32m INFO&amp#27;[m &amp#27;[35m[@503 - main]&amp#27;[m &amp#27;[36mcom.shaft.tools.io.ReportManager&amp#27;[m : Successfully created attachment "SHAFT Engine Logs - Current Method log: Add_Policy_With_InValid_data_TC"
]]></system-out>
  </testcase>
  <testcase name="Add_Policy_With_InValid_data_TC[[Ljava.lang.Object;@3bf8d9d2](30)" classname="SteeringCompanyAPI_TestCases.Test_Policies_Cases" time="1.934">
    <system-out><![CDATA[2023-01-22 22:03:37.106 &amp#27;[32m INFO&amp#27;[m &amp#27;[35m[@534 - main]&amp#27;[m &amp#27;[36mcom.shaft.tools.io.ReportManager&amp#27;[m : 
################################################################################################################################################
Starting Execution:	"73 out of 83" test cases in the current suite
Test Method:		"SteeringCompanyAPI_TestCases.Test_Policies_Cases.Add_Policy_With_InValid_data_TC"
Test Description:	"TC052 -Policy- Perform Add Policy with InValid data"
################################################################################################################################################
2023-01-22 22:03:37.106 &amp#27;[32m INFO&amp#27;[m &amp#27;[35m[@503 - main]&amp#27;[m &amp#27;[36mcom.shaft.tools.io.ReportManager&amp#27;[m : File Action "DoesFileExist" successfully performed. With the following test data "File Path: "SteeringCompanyAPI_TestData/SteeringCompanyAPI_TestData.xlsx"".
2023-01-22 22:03:37.133 &amp#27;[32m INFO&amp#27;[m &amp#27;[35m[@503 - main]&amp#27;[m &amp#27;[36mcom.shaft.tools.io.ReportManager&amp#27;[m : Successfully created attachment "Test Data - Excel"
2023-01-22 22:03:38.061 &amp#27;[32m INFO&amp#27;[m &amp#27;[35m[@503 - main]&amp#27;[m &amp#27;[36mcom.shaft.tools.io.ReportManager&amp#27;[m : Response status code: "200", status line: "HTTP/1.1 200 OK"
2023-01-22 22:03:38.074 &amp#27;[32m INFO&amp#27;[m &amp#27;[35m[@503 - main]&amp#27;[m &amp#27;[36mcom.shaft.tools.io.ReportManager&amp#27;[m : Successfully created attachment "API Request - Specifications"
2023-01-22 22:03:38.075 &amp#27;[32m INFO&amp#27;[m &amp#27;[35m[@503 - main]&amp#27;[m &amp#27;[36mcom.shaft.tools.io.ReportManager&amp#27;[m : Successfully created attachment "API Request - Body"
2023-01-22 22:03:38.076 &amp#27;[32m INFO&amp#27;[m &amp#27;[35m[@503 - main]&amp#27;[m &amp#27;[36mcom.shaft.tools.io.ReportManager&amp#27;[m : Successfully created attachment "API Response - JSON Body"
2023-01-22 22:03:38.086 &amp#27;[32m INFO&amp#27;[m &amp#27;[35m[@503 - main]&amp#27;[m &amp#27;[36mcom.shaft.tools.io.ReportManager&amp#27;[m : File Action "DoesFileExist" successfully performed. With the following test data "File Path: "SteeringCompanyAPI_TestData/SteeringCompanyAPI_TestData.xlsx"".
2023-01-22 22:03:38.119 &amp#27;[32m INFO&amp#27;[m &amp#27;[35m[@503 - main]&amp#27;[m &amp#27;[36mcom.shaft.tools.io.ReportManager&amp#27;[m : Successfully created attachment "Test Data - Excel"
2023-01-22 22:03:38.119 &amp#27;[32m INFO&amp#27;[m &amp#27;[35m[@503 - main]&amp#27;[m &amp#27;[36mcom.shaft.tools.io.ReportManager&amp#27;[m : File Action "DoesFileExist" successfully performed. With the following test data "File Path: "SteeringCompanyAPI_TestData/SteeringCompanyAPI_TestData.xlsx"".
2023-01-22 22:03:38.142 &amp#27;[32m INFO&amp#27;[m &amp#27;[35m[@503 - main]&amp#27;[m &amp#27;[36mcom.shaft.tools.io.ReportManager&amp#27;[m : Successfully created attachment "Test Data - Excel"
2023-01-22 22:03:38.142 &amp#27;[32m INFO&amp#27;[m &amp#27;[35m[@503 - main]&amp#27;[m &amp#27;[36mcom.shaft.tools.io.ReportManager&amp#27;[m : File Action "DoesFileExist" successfully performed. With the following test data "File Path: "SteeringCompanyAPI_TestData/SteeringCompanyAPI_TestData.xlsx"".
2023-01-22 22:03:38.165 &amp#27;[32m INFO&amp#27;[m &amp#27;[35m[@503 - main]&amp#27;[m &amp#27;[36mcom.shaft.tools.io.ReportManager&amp#27;[m : Successfully created attachment "Test Data - Excel"
2023-01-22 22:03:39.012 &amp#27;[32m INFO&amp#27;[m &amp#27;[35m[@503 - main]&amp#27;[m &amp#27;[36mcom.shaft.tools.io.ReportManager&amp#27;[m : Response status code: "422", status line: "HTTP/1.1 422 "
2023-01-22 22:03:39.025 &amp#27;[32m INFO&amp#27;[m &amp#27;[35m[@503 - main]&amp#27;[m &amp#27;[36mcom.shaft.tools.io.ReportManager&amp#27;[m : Successfully created attachment "API Request - Specifications"
2023-01-22 22:03:39.027 &amp#27;[32m INFO&amp#27;[m &amp#27;[35m[@503 - main]&amp#27;[m &amp#27;[36mcom.shaft.tools.io.ReportManager&amp#27;[m : Successfully created attachment "API Request - JSON Body"
2023-01-22 22:03:39.029 &amp#27;[32m INFO&amp#27;[m &amp#27;[35m[@503 - main]&amp#27;[m &amp#27;[36mcom.shaft.tools.io.ReportManager&amp#27;[m : Successfully created attachment "API Response - JSON Body"
2023-01-22 22:03:39.030 &amp#27;[32m INFO&amp#27;[m &amp#27;[35m[@503 - main]&amp#27;[m &amp#27;[36mcom.shaft.tools.io.ReportManager&amp#27;[m : File Action "DoesFileExist" successfully performed. With the following test data "File Path: "Schemas/ValidationError_schema.json"".
2023-01-22 22:03:39.030 &amp#27;[32m INFO&amp#27;[m &amp#27;[35m[@503 - main]&amp#27;[m &amp#27;[36mcom.shaft.tools.io.ReportManager&amp#27;[m : File Action "DoesFileExist" successfully performed. With the following test data "File Path: "src/test/resources/testDataFiles/Schemas/ValidationError_schema.json"".
2023-01-22 22:03:39.031 &amp#27;[32m INFO&amp#27;[m &amp#27;[35m[@503 - main]&amp#27;[m &amp#27;[36mcom.shaft.tools.io.ReportManager&amp#27;[m : File Action "GetAbsolutePath" successfully performed. With the following test data "Relative Folder Path: "src/test/resources/testDataFiles/Schemas/ValidationError_schema.json"".
2023-01-22 22:03:39.033 &amp#27;[32m INFO&amp#27;[m &amp#27;[35m[@503 - main]&amp#27;[m &amp#27;[36mcom.shaft.tools.io.ReportManager&amp#27;[m : File Action "DoesFileExist" successfully performed. With the following test data "File Path: "C:\eclipse-workspace\MyProjects\TASystemsAPIs\src\test\resources\testDataFiles\Schemas\ValidationError_schema.json"".
2023-01-22 22:03:39.033 &amp#27;[32m INFO&amp#27;[m &amp#27;[35m[@503 - main]&amp#27;[m &amp#27;[36mcom.shaft.tools.io.ReportManager&amp#27;[m : File Action "GetAbsolutePath" successfully performed. With the following test data "Relative Folder Path: "C:\eclipse-workspace\MyProjects\TASystemsAPIs\src\test\resources\testDataFiles\Schemas\ValidationError_schema.json"".
2023-01-22 22:03:39.033 &amp#27;[32m INFO&amp#27;[m &amp#27;[35m[@503 - main]&amp#27;[m &amp#27;[36mcom.shaft.tools.io.ReportManager&amp#27;[m : File Action "ReadFile" successfully performed. With the following test data "File Path: "C:\eclipse-workspace\MyProjects\TASystemsAPIs\src\test\resources\testDataFiles\Schemas\ValidationError_schema.json"".
2023-01-22 22:03:39.034 &amp#27;[32m INFO&amp#27;[m &amp#27;[35m[@503 - main]&amp#27;[m &amp#27;[36mcom.shaft.tools.io.ReportManager&amp#27;[m : Successfully created attachment "Validation Test Data - Expected JSON Value"
2023-01-22 22:03:39.035 &amp#27;[32m INFO&amp#27;[m &amp#27;[35m[@503 - main]&amp#27;[m &amp#27;[36mcom.shaft.tools.io.ReportManager&amp#27;[m : Successfully created attachment "Validation Test Data - Actual JSON Value"
2023-01-22 22:03:39.036 &amp#27;[32m INFO&amp#27;[m &amp#27;[35m[@503 - main]&amp#27;[m &amp#27;[36mcom.shaft.tools.io.ReportManager&amp#27;[m : Successfully created attachment "SHAFT Engine Logs - Current Method log: Add_Policy_With_InValid_data_TC"
]]></system-out>
  </testcase>
  <testcase name="Add_Policy_With_InValid_data_TC[[Ljava.lang.Object;@2d20e68](31)" classname="SteeringCompanyAPI_TestCases.Test_Policies_Cases" time="1.948">
    <system-out><![CDATA[2023-01-22 22:03:39.039 &amp#27;[32m INFO&amp#27;[m &amp#27;[35m[@534 - main]&amp#27;[m &amp#27;[36mcom.shaft.tools.io.ReportManager&amp#27;[m : 
################################################################################################################################################
Starting Execution:	"74 out of 83" test cases in the current suite
Test Method:		"SteeringCompanyAPI_TestCases.Test_Policies_Cases.Add_Policy_With_InValid_data_TC"
Test Description:	"TC052 -Policy- Perform Add Policy with InValid data"
################################################################################################################################################
2023-01-22 22:03:39.039 &amp#27;[32m INFO&amp#27;[m &amp#27;[35m[@503 - main]&amp#27;[m &amp#27;[36mcom.shaft.tools.io.ReportManager&amp#27;[m : File Action "DoesFileExist" successfully performed. With the following test data "File Path: "SteeringCompanyAPI_TestData/SteeringCompanyAPI_TestData.xlsx"".
2023-01-22 22:03:39.073 &amp#27;[32m INFO&amp#27;[m &amp#27;[35m[@503 - main]&amp#27;[m &amp#27;[36mcom.shaft.tools.io.ReportManager&amp#27;[m : Successfully created attachment "Test Data - Excel"
2023-01-22 22:03:39.990 &amp#27;[32m INFO&amp#27;[m &amp#27;[35m[@503 - main]&amp#27;[m &amp#27;[36mcom.shaft.tools.io.ReportManager&amp#27;[m : Response status code: "200", status line: "HTTP/1.1 200 OK"
2023-01-22 22:03:40.002 &amp#27;[32m INFO&amp#27;[m &amp#27;[35m[@503 - main]&amp#27;[m &amp#27;[36mcom.shaft.tools.io.ReportManager&amp#27;[m : Successfully created attachment "API Request - Specifications"
2023-01-22 22:03:40.003 &amp#27;[32m INFO&amp#27;[m &amp#27;[35m[@503 - main]&amp#27;[m &amp#27;[36mcom.shaft.tools.io.ReportManager&amp#27;[m : Successfully created attachment "API Request - Body"
2023-01-22 22:03:40.004 &amp#27;[32m INFO&amp#27;[m &amp#27;[35m[@503 - main]&amp#27;[m &amp#27;[36mcom.shaft.tools.io.ReportManager&amp#27;[m : Successfully created attachment "API Response - JSON Body"
2023-01-22 22:03:40.014 &amp#27;[32m INFO&amp#27;[m &amp#27;[35m[@503 - main]&amp#27;[m &amp#27;[36mcom.shaft.tools.io.ReportManager&amp#27;[m : File Action "DoesFileExist" successfully performed. With the following test data "File Path: "SteeringCompanyAPI_TestData/SteeringCompanyAPI_TestData.xlsx"".
2023-01-22 22:03:40.052 &amp#27;[32m INFO&amp#27;[m &amp#27;[35m[@503 - main]&amp#27;[m &amp#27;[36mcom.shaft.tools.io.ReportManager&amp#27;[m : Successfully created attachment "Test Data - Excel"
2023-01-22 22:03:40.052 &amp#27;[32m INFO&amp#27;[m &amp#27;[35m[@503 - main]&amp#27;[m &amp#27;[36mcom.shaft.tools.io.ReportManager&amp#27;[m : File Action "DoesFileExist" successfully performed. With the following test data "File Path: "SteeringCompanyAPI_TestData/SteeringCompanyAPI_TestData.xlsx"".
2023-01-22 22:03:40.080 &amp#27;[32m INFO&amp#27;[m &amp#27;[35m[@503 - main]&amp#27;[m &amp#27;[36mcom.shaft.tools.io.ReportManager&amp#27;[m : Successfully created attachment "Test Data - Excel"
2023-01-22 22:03:40.080 &amp#27;[32m INFO&amp#27;[m &amp#27;[35m[@503 - main]&amp#27;[m &amp#27;[36mcom.shaft.tools.io.ReportManager&amp#27;[m : File Action "DoesFileExist" successfully performed. With the following test data "File Path: "SteeringCompanyAPI_TestData/SteeringCompanyAPI_TestData.xlsx"".
2023-01-22 22:03:40.105 &amp#27;[32m INFO&amp#27;[m &amp#27;[35m[@503 - main]&amp#27;[m &amp#27;[36mcom.shaft.tools.io.ReportManager&amp#27;[m : Successfully created attachment "Test Data - Excel"
2023-01-22 22:03:40.959 &amp#27;[32m INFO&amp#27;[m &amp#27;[35m[@503 - main]&amp#27;[m &amp#27;[36mcom.shaft.tools.io.ReportManager&amp#27;[m : Response status code: "422", status line: "HTTP/1.1 422 "
2023-01-22 22:03:40.973 &amp#27;[32m INFO&amp#27;[m &amp#27;[35m[@503 - main]&amp#27;[m &amp#27;[36mcom.shaft.tools.io.ReportManager&amp#27;[m : Successfully created attachment "API Request - Specifications"
2023-01-22 22:03:40.975 &amp#27;[32m INFO&amp#27;[m &amp#27;[35m[@503 - main]&amp#27;[m &amp#27;[36mcom.shaft.tools.io.ReportManager&amp#27;[m : Successfully created attachment "API Request - JSON Body"
2023-01-22 22:03:40.976 &amp#27;[32m INFO&amp#27;[m &amp#27;[35m[@503 - main]&amp#27;[m &amp#27;[36mcom.shaft.tools.io.ReportManager&amp#27;[m : Successfully created attachment "API Response - JSON Body"
2023-01-22 22:03:40.977 &amp#27;[32m INFO&amp#27;[m &amp#27;[35m[@503 - main]&amp#27;[m &amp#27;[36mcom.shaft.tools.io.ReportManager&amp#27;[m : File Action "DoesFileExist" successfully performed. With the following test data "File Path: "Schemas/ValidationError_schema.json"".
2023-01-22 22:03:40.977 &amp#27;[32m INFO&amp#27;[m &amp#27;[35m[@503 - main]&amp#27;[m &amp#27;[36mcom.shaft.tools.io.ReportManager&amp#27;[m : File Action "DoesFileExist" successfully performed. With the following test data "File Path: "src/test/resources/testDataFiles/Schemas/ValidationError_schema.json"".
2023-01-22 22:03:40.978 &amp#27;[32m INFO&amp#27;[m &amp#27;[35m[@503 - main]&amp#27;[m &amp#27;[36mcom.shaft.tools.io.ReportManager&amp#27;[m : File Action "GetAbsolutePath" successfully performed. With the following test data "Relative Folder Path: "src/test/resources/testDataFiles/Schemas/ValidationError_schema.json"".
2023-01-22 22:03:40.980 &amp#27;[32m INFO&amp#27;[m &amp#27;[35m[@503 - main]&amp#27;[m &amp#27;[36mcom.shaft.tools.io.ReportManager&amp#27;[m : File Action "DoesFileExist" successfully performed. With the following test data "File Path: "C:\eclipse-workspace\MyProjects\TASystemsAPIs\src\test\resources\testDataFiles\Schemas\ValidationError_schema.json"".
2023-01-22 22:03:40.980 &amp#27;[32m INFO&amp#27;[m &amp#27;[35m[@503 - main]&amp#27;[m &amp#27;[36mcom.shaft.tools.io.ReportManager&amp#27;[m : File Action "GetAbsolutePath" successfully performed. With the following test data "Relative Folder Path: "C:\eclipse-workspace\MyProjects\TASystemsAPIs\src\test\resources\testDataFiles\Schemas\ValidationError_schema.json"".
2023-01-22 22:03:40.980 &amp#27;[32m INFO&amp#27;[m &amp#27;[35m[@503 - main]&amp#27;[m &amp#27;[36mcom.shaft.tools.io.ReportManager&amp#27;[m : File Action "ReadFile" successfully performed. With the following test data "File Path: "C:\eclipse-workspace\MyProjects\TASystemsAPIs\src\test\resources\testDataFiles\Schemas\ValidationError_schema.json"".
2023-01-22 22:03:40.982 &amp#27;[32m INFO&amp#27;[m &amp#27;[35m[@503 - main]&amp#27;[m &amp#27;[36mcom.shaft.tools.io.ReportManager&amp#27;[m : Successfully created attachment "Validation Test Data - Expected JSON Value"
2023-01-22 22:03:40.983 &amp#27;[32m INFO&amp#27;[m &amp#27;[35m[@503 - main]&amp#27;[m &amp#27;[36mcom.shaft.tools.io.ReportManager&amp#27;[m : Successfully created attachment "Validation Test Data - Actual JSON Value"
2023-01-22 22:03:40.984 &amp#27;[32m INFO&amp#27;[m &amp#27;[35m[@503 - main]&amp#27;[m &amp#27;[36mcom.shaft.tools.io.ReportManager&amp#27;[m : Successfully created attachment "SHAFT Engine Logs - Current Method log: Add_Policy_With_InValid_data_TC"
]]></system-out>
  </testcase>
  <testcase name="Add_Policy_With_InValid_data_TC[[Ljava.lang.Object;@632fce34](32)" classname="SteeringCompanyAPI_TestCases.Test_Policies_Cases" time="2.047">
    <system-out><![CDATA[2023-01-22 22:03:40.987 &amp#27;[32m INFO&amp#27;[m &amp#27;[35m[@534 - main]&amp#27;[m &amp#27;[36mcom.shaft.tools.io.ReportManager&amp#27;[m : 
################################################################################################################################################
Starting Execution:	"75 out of 83" test cases in the current suite
Test Method:		"SteeringCompanyAPI_TestCases.Test_Policies_Cases.Add_Policy_With_InValid_data_TC"
Test Description:	"TC052 -Policy- Perform Add Policy with InValid data"
################################################################################################################################################
2023-01-22 22:03:40.988 &amp#27;[32m INFO&amp#27;[m &amp#27;[35m[@503 - main]&amp#27;[m &amp#27;[36mcom.shaft.tools.io.ReportManager&amp#27;[m : File Action "DoesFileExist" successfully performed. With the following test data "File Path: "SteeringCompanyAPI_TestData/SteeringCompanyAPI_TestData.xlsx"".
2023-01-22 22:03:41.054 &amp#27;[32m INFO&amp#27;[m &amp#27;[35m[@503 - main]&amp#27;[m &amp#27;[36mcom.shaft.tools.io.ReportManager&amp#27;[m : Successfully created attachment "Test Data - Excel"
2023-01-22 22:03:42.029 &amp#27;[32m INFO&amp#27;[m &amp#27;[35m[@503 - main]&amp#27;[m &amp#27;[36mcom.shaft.tools.io.ReportManager&amp#27;[m : Response status code: "200", status line: "HTTP/1.1 200 OK"
2023-01-22 22:03:42.044 &amp#27;[32m INFO&amp#27;[m &amp#27;[35m[@503 - main]&amp#27;[m &amp#27;[36mcom.shaft.tools.io.ReportManager&amp#27;[m : Successfully created attachment "API Request - Specifications"
2023-01-22 22:03:42.045 &amp#27;[32m INFO&amp#27;[m &amp#27;[35m[@503 - main]&amp#27;[m &amp#27;[36mcom.shaft.tools.io.ReportManager&amp#27;[m : Successfully created attachment "API Request - Body"
2023-01-22 22:03:42.046 &amp#27;[32m INFO&amp#27;[m &amp#27;[35m[@503 - main]&amp#27;[m &amp#27;[36mcom.shaft.tools.io.ReportManager&amp#27;[m : Successfully created attachment "API Response - JSON Body"
2023-01-22 22:03:42.055 &amp#27;[32m INFO&amp#27;[m &amp#27;[35m[@503 - main]&amp#27;[m &amp#27;[36mcom.shaft.tools.io.ReportManager&amp#27;[m : File Action "DoesFileExist" successfully performed. With the following test data "File Path: "SteeringCompanyAPI_TestData/SteeringCompanyAPI_TestData.xlsx"".
2023-01-22 22:03:42.089 &amp#27;[32m INFO&amp#27;[m &amp#27;[35m[@503 - main]&amp#27;[m &amp#27;[36mcom.shaft.tools.io.ReportManager&amp#27;[m : Successfully created attachment "Test Data - Excel"
2023-01-22 22:03:42.090 &amp#27;[32m INFO&amp#27;[m &amp#27;[35m[@503 - main]&amp#27;[m &amp#27;[36mcom.shaft.tools.io.ReportManager&amp#27;[m : File Action "DoesFileExist" successfully performed. With the following test data "File Path: "SteeringCompanyAPI_TestData/SteeringCompanyAPI_TestData.xlsx"".
2023-01-22 22:03:42.117 &amp#27;[32m INFO&amp#27;[m &amp#27;[35m[@503 - main]&amp#27;[m &amp#27;[36mcom.shaft.tools.io.ReportManager&amp#27;[m : Successfully created attachment "Test Data - Excel"
2023-01-22 22:03:42.117 &amp#27;[32m INFO&amp#27;[m &amp#27;[35m[@503 - main]&amp#27;[m &amp#27;[36mcom.shaft.tools.io.ReportManager&amp#27;[m : File Action "DoesFileExist" successfully performed. With the following test data "File Path: "SteeringCompanyAPI_TestData/SteeringCompanyAPI_TestData.xlsx"".
2023-01-22 22:03:42.141 &amp#27;[32m INFO&amp#27;[m &amp#27;[35m[@503 - main]&amp#27;[m &amp#27;[36mcom.shaft.tools.io.ReportManager&amp#27;[m : Successfully created attachment "Test Data - Excel"
2023-01-22 22:03:43.009 &amp#27;[32m INFO&amp#27;[m &amp#27;[35m[@503 - main]&amp#27;[m &amp#27;[36mcom.shaft.tools.io.ReportManager&amp#27;[m : Response status code: "422", status line: "HTTP/1.1 422 "
2023-01-22 22:03:43.022 &amp#27;[32m INFO&amp#27;[m &amp#27;[35m[@503 - main]&amp#27;[m &amp#27;[36mcom.shaft.tools.io.ReportManager&amp#27;[m : Successfully created attachment "API Request - Specifications"
2023-01-22 22:03:43.024 &amp#27;[32m INFO&amp#27;[m &amp#27;[35m[@503 - main]&amp#27;[m &amp#27;[36mcom.shaft.tools.io.ReportManager&amp#27;[m : Successfully created attachment "API Request - JSON Body"
2023-01-22 22:03:43.025 &amp#27;[32m INFO&amp#27;[m &amp#27;[35m[@503 - main]&amp#27;[m &amp#27;[36mcom.shaft.tools.io.ReportManager&amp#27;[m : Successfully created attachment "API Response - JSON Body"
2023-01-22 22:03:43.026 &amp#27;[32m INFO&amp#27;[m &amp#27;[35m[@503 - main]&amp#27;[m &amp#27;[36mcom.shaft.tools.io.ReportManager&amp#27;[m : File Action "DoesFileExist" successfully performed. With the following test data "File Path: "Schemas/ValidationError_schema.json"".
2023-01-22 22:03:43.026 &amp#27;[32m INFO&amp#27;[m &amp#27;[35m[@503 - main]&amp#27;[m &amp#27;[36mcom.shaft.tools.io.ReportManager&amp#27;[m : File Action "DoesFileExist" successfully performed. With the following test data "File Path: "src/test/resources/testDataFiles/Schemas/ValidationError_schema.json"".
2023-01-22 22:03:43.026 &amp#27;[32m INFO&amp#27;[m &amp#27;[35m[@503 - main]&amp#27;[m &amp#27;[36mcom.shaft.tools.io.ReportManager&amp#27;[m : File Action "GetAbsolutePath" successfully performed. With the following test data "Relative Folder Path: "src/test/resources/testDataFiles/Schemas/ValidationError_schema.json"".
2023-01-22 22:03:43.028 &amp#27;[32m INFO&amp#27;[m &amp#27;[35m[@503 - main]&amp#27;[m &amp#27;[36mcom.shaft.tools.io.ReportManager&amp#27;[m : File Action "DoesFileExist" successfully performed. With the following test data "File Path: "C:\eclipse-workspace\MyProjects\TASystemsAPIs\src\test\resources\testDataFiles\Schemas\ValidationError_schema.json"".
2023-01-22 22:03:43.028 &amp#27;[32m INFO&amp#27;[m &amp#27;[35m[@503 - main]&amp#27;[m &amp#27;[36mcom.shaft.tools.io.ReportManager&amp#27;[m : File Action "GetAbsolutePath" successfully performed. With the following test data "Relative Folder Path: "C:\eclipse-workspace\MyProjects\TASystemsAPIs\src\test\resources\testDataFiles\Schemas\ValidationError_schema.json"".
2023-01-22 22:03:43.028 &amp#27;[32m INFO&amp#27;[m &amp#27;[35m[@503 - main]&amp#27;[m &amp#27;[36mcom.shaft.tools.io.ReportManager&amp#27;[m : File Action "ReadFile" successfully performed. With the following test data "File Path: "C:\eclipse-workspace\MyProjects\TASystemsAPIs\src\test\resources\testDataFiles\Schemas\ValidationError_schema.json"".
2023-01-22 22:03:43.029 &amp#27;[32m INFO&amp#27;[m &amp#27;[35m[@503 - main]&amp#27;[m &amp#27;[36mcom.shaft.tools.io.ReportManager&amp#27;[m : Successfully created attachment "Validation Test Data - Expected JSON Value"
2023-01-22 22:03:43.030 &amp#27;[32m INFO&amp#27;[m &amp#27;[35m[@503 - main]&amp#27;[m &amp#27;[36mcom.shaft.tools.io.ReportManager&amp#27;[m : Successfully created attachment "Validation Test Data - Actual JSON Value"
2023-01-22 22:03:43.031 &amp#27;[32m INFO&amp#27;[m &amp#27;[35m[@503 - main]&amp#27;[m &amp#27;[36mcom.shaft.tools.io.ReportManager&amp#27;[m : Successfully created attachment "SHAFT Engine Logs - Current Method log: Add_Policy_With_InValid_data_TC"
]]></system-out>
  </testcase>
  <testcase name="Add_Policy_With_InValid_data_TC[[Ljava.lang.Object;@26fada87](33)" classname="SteeringCompanyAPI_TestCases.Test_Policies_Cases" time="1.691">
    <system-out><![CDATA[2023-01-22 22:03:43.036 &amp#27;[32m INFO&amp#27;[m &amp#27;[35m[@534 - main]&amp#27;[m &amp#27;[36mcom.shaft.tools.io.ReportManager&amp#27;[m : 
################################################################################################################################################
Starting Execution:	"76 out of 83" test cases in the current suite
Test Method:		"SteeringCompanyAPI_TestCases.Test_Policies_Cases.Add_Policy_With_InValid_data_TC"
Test Description:	"TC052 -Policy- Perform Add Policy with InValid data"
################################################################################################################################################
2023-01-22 22:03:43.036 &amp#27;[32m INFO&amp#27;[m &amp#27;[35m[@503 - main]&amp#27;[m &amp#27;[36mcom.shaft.tools.io.ReportManager&amp#27;[m : File Action "DoesFileExist" successfully performed. With the following test data "File Path: "SteeringCompanyAPI_TestData/SteeringCompanyAPI_TestData.xlsx"".
2023-01-22 22:03:43.059 &amp#27;[32m INFO&amp#27;[m &amp#27;[35m[@503 - main]&amp#27;[m &amp#27;[36mcom.shaft.tools.io.ReportManager&amp#27;[m : Successfully created attachment "Test Data - Excel"
2023-01-22 22:03:43.971 &amp#27;[32m INFO&amp#27;[m &amp#27;[35m[@503 - main]&amp#27;[m &amp#27;[36mcom.shaft.tools.io.ReportManager&amp#27;[m : Response status code: "200", status line: "HTTP/1.1 200 OK"
2023-01-22 22:03:43.984 &amp#27;[32m INFO&amp#27;[m &amp#27;[35m[@503 - main]&amp#27;[m &amp#27;[36mcom.shaft.tools.io.ReportManager&amp#27;[m : Successfully created attachment "API Request - Specifications"
2023-01-22 22:03:43.985 &amp#27;[32m INFO&amp#27;[m &amp#27;[35m[@503 - main]&amp#27;[m &amp#27;[36mcom.shaft.tools.io.ReportManager&amp#27;[m : Successfully created attachment "API Request - Body"
2023-01-22 22:03:43.987 &amp#27;[32m INFO&amp#27;[m &amp#27;[35m[@503 - main]&amp#27;[m &amp#27;[36mcom.shaft.tools.io.ReportManager&amp#27;[m : Successfully created attachment "API Response - JSON Body"
2023-01-22 22:03:43.997 &amp#27;[32m INFO&amp#27;[m &amp#27;[35m[@503 - main]&amp#27;[m &amp#27;[36mcom.shaft.tools.io.ReportManager&amp#27;[m : File Action "DoesFileExist" successfully performed. With the following test data "File Path: "SteeringCompanyAPI_TestData/SteeringCompanyAPI_TestData.xlsx"".
2023-01-22 22:03:44.025 &amp#27;[32m INFO&amp#27;[m &amp#27;[35m[@503 - main]&amp#27;[m &amp#27;[36mcom.shaft.tools.io.ReportManager&amp#27;[m : Successfully created attachment "Test Data - Excel"
2023-01-22 22:03:44.025 &amp#27;[32m INFO&amp#27;[m &amp#27;[35m[@503 - main]&amp#27;[m &amp#27;[36mcom.shaft.tools.io.ReportManager&amp#27;[m : File Action "DoesFileExist" successfully performed. With the following test data "File Path: "SteeringCompanyAPI_TestData/SteeringCompanyAPI_TestData.xlsx"".
2023-01-22 22:03:44.047 &amp#27;[32m INFO&amp#27;[m &amp#27;[35m[@503 - main]&amp#27;[m &amp#27;[36mcom.shaft.tools.io.ReportManager&amp#27;[m : Successfully created attachment "Test Data - Excel"
2023-01-22 22:03:44.047 &amp#27;[32m INFO&amp#27;[m &amp#27;[35m[@503 - main]&amp#27;[m &amp#27;[36mcom.shaft.tools.io.ReportManager&amp#27;[m : File Action "DoesFileExist" successfully performed. With the following test data "File Path: "SteeringCompanyAPI_TestData/SteeringCompanyAPI_TestData.xlsx"".
2023-01-22 22:03:44.070 &amp#27;[32m INFO&amp#27;[m &amp#27;[35m[@503 - main]&amp#27;[m &amp#27;[36mcom.shaft.tools.io.ReportManager&amp#27;[m : Successfully created attachment "Test Data - Excel"
2023-01-22 22:03:44.700 &amp#27;[32m INFO&amp#27;[m &amp#27;[35m[@503 - main]&amp#27;[m &amp#27;[36mcom.shaft.tools.io.ReportManager&amp#27;[m : Response status code: "422", status line: "HTTP/1.1 422 "
2023-01-22 22:03:44.711 &amp#27;[32m INFO&amp#27;[m &amp#27;[35m[@503 - main]&amp#27;[m &amp#27;[36mcom.shaft.tools.io.ReportManager&amp#27;[m : Successfully created attachment "API Request - Specifications"
2023-01-22 22:03:44.713 &amp#27;[32m INFO&amp#27;[m &amp#27;[35m[@503 - main]&amp#27;[m &amp#27;[36mcom.shaft.tools.io.ReportManager&amp#27;[m : Successfully created attachment "API Request - JSON Body"
2023-01-22 22:03:44.714 &amp#27;[32m INFO&amp#27;[m &amp#27;[35m[@503 - main]&amp#27;[m &amp#27;[36mcom.shaft.tools.io.ReportManager&amp#27;[m : Successfully created attachment "API Response - JSON Body"
2023-01-22 22:03:44.715 &amp#27;[32m INFO&amp#27;[m &amp#27;[35m[@503 - main]&amp#27;[m &amp#27;[36mcom.shaft.tools.io.ReportManager&amp#27;[m : File Action "DoesFileExist" successfully performed. With the following test data "File Path: "Schemas/ValidationError_schema.json"".
2023-01-22 22:03:44.715 &amp#27;[32m INFO&amp#27;[m &amp#27;[35m[@503 - main]&amp#27;[m &amp#27;[36mcom.shaft.tools.io.ReportManager&amp#27;[m : File Action "DoesFileExist" successfully performed. With the following test data "File Path: "src/test/resources/testDataFiles/Schemas/ValidationError_schema.json"".
2023-01-22 22:03:44.716 &amp#27;[32m INFO&amp#27;[m &amp#27;[35m[@503 - main]&amp#27;[m &amp#27;[36mcom.shaft.tools.io.ReportManager&amp#27;[m : File Action "GetAbsolutePath" successfully performed. With the following test data "Relative Folder Path: "src/test/resources/testDataFiles/Schemas/ValidationError_schema.json"".
2023-01-22 22:03:44.718 &amp#27;[32m INFO&amp#27;[m &amp#27;[35m[@503 - main]&amp#27;[m &amp#27;[36mcom.shaft.tools.io.ReportManager&amp#27;[m : File Action "DoesFileExist" successfully performed. With the following test data "File Path: "C:\eclipse-workspace\MyProjects\TASystemsAPIs\src\test\resources\testDataFiles\Schemas\ValidationError_schema.json"".
2023-01-22 22:03:44.719 &amp#27;[32m INFO&amp#27;[m &amp#27;[35m[@503 - main]&amp#27;[m &amp#27;[36mcom.shaft.tools.io.ReportManager&amp#27;[m : File Action "GetAbsolutePath" successfully performed. With the following test data "Relative Folder Path: "C:\eclipse-workspace\MyProjects\TASystemsAPIs\src\test\resources\testDataFiles\Schemas\ValidationError_schema.json"".
2023-01-22 22:03:44.719 &amp#27;[32m INFO&amp#27;[m &amp#27;[35m[@503 - main]&amp#27;[m &amp#27;[36mcom.shaft.tools.io.ReportManager&amp#27;[m : File Action "ReadFile" successfully performed. With the following test data "File Path: "C:\eclipse-workspace\MyProjects\TASystemsAPIs\src\test\resources\testDataFiles\Schemas\ValidationError_schema.json"".
2023-01-22 22:03:44.721 &amp#27;[32m INFO&amp#27;[m &amp#27;[35m[@503 - main]&amp#27;[m &amp#27;[36mcom.shaft.tools.io.ReportManager&amp#27;[m : Successfully created attachment "Validation Test Data - Expected JSON Value"
2023-01-22 22:03:44.722 &amp#27;[32m INFO&amp#27;[m &amp#27;[35m[@503 - main]&amp#27;[m &amp#27;[36mcom.shaft.tools.io.ReportManager&amp#27;[m : Successfully created attachment "Validation Test Data - Actual JSON Value"
2023-01-22 22:03:44.723 &amp#27;[32m INFO&amp#27;[m &amp#27;[35m[@503 - main]&amp#27;[m &amp#27;[36mcom.shaft.tools.io.ReportManager&amp#27;[m : Successfully created attachment "SHAFT Engine Logs - Current Method log: Add_Policy_With_InValid_data_TC"
]]></system-out>
  </testcase>
  <testcase name="Add_Policy_With_InValid_data_TC[[Ljava.lang.Object;@3369c143](34)" classname="SteeringCompanyAPI_TestCases.Test_Policies_Cases" time="1.801">
    <system-out><![CDATA[2023-01-22 22:03:44.725 &amp#27;[32m INFO&amp#27;[m &amp#27;[35m[@534 - main]&amp#27;[m &amp#27;[36mcom.shaft.tools.io.ReportManager&amp#27;[m : 
################################################################################################################################################
Starting Execution:	"77 out of 83" test cases in the current suite
Test Method:		"SteeringCompanyAPI_TestCases.Test_Policies_Cases.Add_Policy_With_InValid_data_TC"
Test Description:	"TC052 -Policy- Perform Add Policy with InValid data"
################################################################################################################################################
2023-01-22 22:03:44.725 &amp#27;[32m INFO&amp#27;[m &amp#27;[35m[@503 - main]&amp#27;[m &amp#27;[36mcom.shaft.tools.io.ReportManager&amp#27;[m : File Action "DoesFileExist" successfully performed. With the following test data "File Path: "SteeringCompanyAPI_TestData/SteeringCompanyAPI_TestData.xlsx"".
2023-01-22 22:03:44.750 &amp#27;[32m INFO&amp#27;[m &amp#27;[35m[@503 - main]&amp#27;[m &amp#27;[36mcom.shaft.tools.io.ReportManager&amp#27;[m : Successfully created attachment "Test Data - Excel"
2023-01-22 22:03:45.618 &amp#27;[32m INFO&amp#27;[m &amp#27;[35m[@503 - main]&amp#27;[m &amp#27;[36mcom.shaft.tools.io.ReportManager&amp#27;[m : Response status code: "200", status line: "HTTP/1.1 200 OK"
2023-01-22 22:03:45.633 &amp#27;[32m INFO&amp#27;[m &amp#27;[35m[@503 - main]&amp#27;[m &amp#27;[36mcom.shaft.tools.io.ReportManager&amp#27;[m : Successfully created attachment "API Request - Specifications"
2023-01-22 22:03:45.633 &amp#27;[32m INFO&amp#27;[m &amp#27;[35m[@503 - main]&amp#27;[m &amp#27;[36mcom.shaft.tools.io.ReportManager&amp#27;[m : Successfully created attachment "API Request - Body"
2023-01-22 22:03:45.634 &amp#27;[32m INFO&amp#27;[m &amp#27;[35m[@503 - main]&amp#27;[m &amp#27;[36mcom.shaft.tools.io.ReportManager&amp#27;[m : Successfully created attachment "API Response - JSON Body"
2023-01-22 22:03:45.642 &amp#27;[32m INFO&amp#27;[m &amp#27;[35m[@503 - main]&amp#27;[m &amp#27;[36mcom.shaft.tools.io.ReportManager&amp#27;[m : File Action "DoesFileExist" successfully performed. With the following test data "File Path: "SteeringCompanyAPI_TestData/SteeringCompanyAPI_TestData.xlsx"".
2023-01-22 22:03:45.676 &amp#27;[32m INFO&amp#27;[m &amp#27;[35m[@503 - main]&amp#27;[m &amp#27;[36mcom.shaft.tools.io.ReportManager&amp#27;[m : Successfully created attachment "Test Data - Excel"
2023-01-22 22:03:45.676 &amp#27;[32m INFO&amp#27;[m &amp#27;[35m[@503 - main]&amp#27;[m &amp#27;[36mcom.shaft.tools.io.ReportManager&amp#27;[m : File Action "DoesFileExist" successfully performed. With the following test data "File Path: "SteeringCompanyAPI_TestData/SteeringCompanyAPI_TestData.xlsx"".
2023-01-22 22:03:45.702 &amp#27;[32m INFO&amp#27;[m &amp#27;[35m[@503 - main]&amp#27;[m &amp#27;[36mcom.shaft.tools.io.ReportManager&amp#27;[m : Successfully created attachment "Test Data - Excel"
2023-01-22 22:03:45.702 &amp#27;[32m INFO&amp#27;[m &amp#27;[35m[@503 - main]&amp#27;[m &amp#27;[36mcom.shaft.tools.io.ReportManager&amp#27;[m : File Action "DoesFileExist" successfully performed. With the following test data "File Path: "SteeringCompanyAPI_TestData/SteeringCompanyAPI_TestData.xlsx"".
2023-01-22 22:03:45.724 &amp#27;[32m INFO&amp#27;[m &amp#27;[35m[@503 - main]&amp#27;[m &amp#27;[36mcom.shaft.tools.io.ReportManager&amp#27;[m : Successfully created attachment "Test Data - Excel"
2023-01-22 22:03:46.500 &amp#27;[32m INFO&amp#27;[m &amp#27;[35m[@503 - main]&amp#27;[m &amp#27;[36mcom.shaft.tools.io.ReportManager&amp#27;[m : Response status code: "422", status line: "HTTP/1.1 422 "
2023-01-22 22:03:46.511 &amp#27;[32m INFO&amp#27;[m &amp#27;[35m[@503 - main]&amp#27;[m &amp#27;[36mcom.shaft.tools.io.ReportManager&amp#27;[m : Successfully created attachment "API Request - Specifications"
2023-01-22 22:03:46.512 &amp#27;[32m INFO&amp#27;[m &amp#27;[35m[@503 - main]&amp#27;[m &amp#27;[36mcom.shaft.tools.io.ReportManager&amp#27;[m : Successfully created attachment "API Request - JSON Body"
2023-01-22 22:03:46.514 &amp#27;[32m INFO&amp#27;[m &amp#27;[35m[@503 - main]&amp#27;[m &amp#27;[36mcom.shaft.tools.io.ReportManager&amp#27;[m : Successfully created attachment "API Response - JSON Body"
2023-01-22 22:03:46.515 &amp#27;[32m INFO&amp#27;[m &amp#27;[35m[@503 - main]&amp#27;[m &amp#27;[36mcom.shaft.tools.io.ReportManager&amp#27;[m : File Action "DoesFileExist" successfully performed. With the following test data "File Path: "Schemas/ValidationError_schema.json"".
2023-01-22 22:03:46.515 &amp#27;[32m INFO&amp#27;[m &amp#27;[35m[@503 - main]&amp#27;[m &amp#27;[36mcom.shaft.tools.io.ReportManager&amp#27;[m : File Action "DoesFileExist" successfully performed. With the following test data "File Path: "src/test/resources/testDataFiles/Schemas/ValidationError_schema.json"".
2023-01-22 22:03:46.515 &amp#27;[32m INFO&amp#27;[m &amp#27;[35m[@503 - main]&amp#27;[m &amp#27;[36mcom.shaft.tools.io.ReportManager&amp#27;[m : File Action "GetAbsolutePath" successfully performed. With the following test data "Relative Folder Path: "src/test/resources/testDataFiles/Schemas/ValidationError_schema.json"".
2023-01-22 22:03:46.517 &amp#27;[32m INFO&amp#27;[m &amp#27;[35m[@503 - main]&amp#27;[m &amp#27;[36mcom.shaft.tools.io.ReportManager&amp#27;[m : File Action "DoesFileExist" successfully performed. With the following test data "File Path: "C:\eclipse-workspace\MyProjects\TASystemsAPIs\src\test\resources\testDataFiles\Schemas\ValidationError_schema.json"".
2023-01-22 22:03:46.517 &amp#27;[32m INFO&amp#27;[m &amp#27;[35m[@503 - main]&amp#27;[m &amp#27;[36mcom.shaft.tools.io.ReportManager&amp#27;[m : File Action "GetAbsolutePath" successfully performed. With the following test data "Relative Folder Path: "C:\eclipse-workspace\MyProjects\TASystemsAPIs\src\test\resources\testDataFiles\Schemas\ValidationError_schema.json"".
2023-01-22 22:03:46.517 &amp#27;[32m INFO&amp#27;[m &amp#27;[35m[@503 - main]&amp#27;[m &amp#27;[36mcom.shaft.tools.io.ReportManager&amp#27;[m : File Action "ReadFile" successfully performed. With the following test data "File Path: "C:\eclipse-workspace\MyProjects\TASystemsAPIs\src\test\resources\testDataFiles\Schemas\ValidationError_schema.json"".
2023-01-22 22:03:46.519 &amp#27;[32m INFO&amp#27;[m &amp#27;[35m[@503 - main]&amp#27;[m &amp#27;[36mcom.shaft.tools.io.ReportManager&amp#27;[m : Successfully created attachment "Validation Test Data - Expected JSON Value"
2023-01-22 22:03:46.521 &amp#27;[32m INFO&amp#27;[m &amp#27;[35m[@503 - main]&amp#27;[m &amp#27;[36mcom.shaft.tools.io.ReportManager&amp#27;[m : Successfully created attachment "Validation Test Data - Actual JSON Value"
2023-01-22 22:03:46.522 &amp#27;[32m INFO&amp#27;[m &amp#27;[35m[@503 - main]&amp#27;[m &amp#27;[36mcom.shaft.tools.io.ReportManager&amp#27;[m : Successfully created attachment "SHAFT Engine Logs - Current Method log: Add_Policy_With_InValid_data_TC"
]]></system-out>
  </testcase>
  <testcase name="Add_Policy_With_InValid_data_TC[[Ljava.lang.Object;@150a615c](35)" classname="SteeringCompanyAPI_TestCases.Test_Policies_Cases" time="1.731">
    <system-out><![CDATA[2023-01-22 22:03:46.526 &amp#27;[32m INFO&amp#27;[m &amp#27;[35m[@534 - main]&amp#27;[m &amp#27;[36mcom.shaft.tools.io.ReportManager&amp#27;[m : 
################################################################################################################################################
Starting Execution:	"78 out of 83" test cases in the current suite
Test Method:		"SteeringCompanyAPI_TestCases.Test_Policies_Cases.Add_Policy_With_InValid_data_TC"
Test Description:	"TC052 -Policy- Perform Add Policy with InValid data"
################################################################################################################################################
2023-01-22 22:03:46.526 &amp#27;[32m INFO&amp#27;[m &amp#27;[35m[@503 - main]&amp#27;[m &amp#27;[36mcom.shaft.tools.io.ReportManager&amp#27;[m : File Action "DoesFileExist" successfully performed. With the following test data "File Path: "SteeringCompanyAPI_TestData/SteeringCompanyAPI_TestData.xlsx"".
2023-01-22 22:03:46.552 &amp#27;[32m INFO&amp#27;[m &amp#27;[35m[@503 - main]&amp#27;[m &amp#27;[36mcom.shaft.tools.io.ReportManager&amp#27;[m : Successfully created attachment "Test Data - Excel"
2023-01-22 22:03:47.460 &amp#27;[32m INFO&amp#27;[m &amp#27;[35m[@503 - main]&amp#27;[m &amp#27;[36mcom.shaft.tools.io.ReportManager&amp#27;[m : Response status code: "200", status line: "HTTP/1.1 200 OK"
2023-01-22 22:03:47.470 &amp#27;[32m INFO&amp#27;[m &amp#27;[35m[@503 - main]&amp#27;[m &amp#27;[36mcom.shaft.tools.io.ReportManager&amp#27;[m : Successfully created attachment "API Request - Specifications"
2023-01-22 22:03:47.470 &amp#27;[32m INFO&amp#27;[m &amp#27;[35m[@503 - main]&amp#27;[m &amp#27;[36mcom.shaft.tools.io.ReportManager&amp#27;[m : Successfully created attachment "API Request - Body"
2023-01-22 22:03:47.473 &amp#27;[32m INFO&amp#27;[m &amp#27;[35m[@503 - main]&amp#27;[m &amp#27;[36mcom.shaft.tools.io.ReportManager&amp#27;[m : Successfully created attachment "API Response - JSON Body"
2023-01-22 22:03:47.481 &amp#27;[32m INFO&amp#27;[m &amp#27;[35m[@503 - main]&amp#27;[m &amp#27;[36mcom.shaft.tools.io.ReportManager&amp#27;[m : File Action "DoesFileExist" successfully performed. With the following test data "File Path: "SteeringCompanyAPI_TestData/SteeringCompanyAPI_TestData.xlsx"".
2023-01-22 22:03:47.515 &amp#27;[32m INFO&amp#27;[m &amp#27;[35m[@503 - main]&amp#27;[m &amp#27;[36mcom.shaft.tools.io.ReportManager&amp#27;[m : Successfully created attachment "Test Data - Excel"
2023-01-22 22:03:47.515 &amp#27;[32m INFO&amp#27;[m &amp#27;[35m[@503 - main]&amp#27;[m &amp#27;[36mcom.shaft.tools.io.ReportManager&amp#27;[m : File Action "DoesFileExist" successfully performed. With the following test data "File Path: "SteeringCompanyAPI_TestData/SteeringCompanyAPI_TestData.xlsx"".
2023-01-22 22:03:47.549 &amp#27;[32m INFO&amp#27;[m &amp#27;[35m[@503 - main]&amp#27;[m &amp#27;[36mcom.shaft.tools.io.ReportManager&amp#27;[m : Successfully created attachment "Test Data - Excel"
2023-01-22 22:03:47.550 &amp#27;[32m INFO&amp#27;[m &amp#27;[35m[@503 - main]&amp#27;[m &amp#27;[36mcom.shaft.tools.io.ReportManager&amp#27;[m : File Action "DoesFileExist" successfully performed. With the following test data "File Path: "SteeringCompanyAPI_TestData/SteeringCompanyAPI_TestData.xlsx"".
2023-01-22 22:03:47.578 &amp#27;[32m INFO&amp#27;[m &amp#27;[35m[@503 - main]&amp#27;[m &amp#27;[36mcom.shaft.tools.io.ReportManager&amp#27;[m : Successfully created attachment "Test Data - Excel"
2023-01-22 22:03:48.229 &amp#27;[32m INFO&amp#27;[m &amp#27;[35m[@503 - main]&amp#27;[m &amp#27;[36mcom.shaft.tools.io.ReportManager&amp#27;[m : Response status code: "422", status line: "HTTP/1.1 422 "
2023-01-22 22:03:48.242 &amp#27;[32m INFO&amp#27;[m &amp#27;[35m[@503 - main]&amp#27;[m &amp#27;[36mcom.shaft.tools.io.ReportManager&amp#27;[m : Successfully created attachment "API Request - Specifications"
2023-01-22 22:03:48.243 &amp#27;[32m INFO&amp#27;[m &amp#27;[35m[@503 - main]&amp#27;[m &amp#27;[36mcom.shaft.tools.io.ReportManager&amp#27;[m : Successfully created attachment "API Request - JSON Body"
2023-01-22 22:03:48.245 &amp#27;[32m INFO&amp#27;[m &amp#27;[35m[@503 - main]&amp#27;[m &amp#27;[36mcom.shaft.tools.io.ReportManager&amp#27;[m : Successfully created attachment "API Response - JSON Body"
2023-01-22 22:03:48.246 &amp#27;[32m INFO&amp#27;[m &amp#27;[35m[@503 - main]&amp#27;[m &amp#27;[36mcom.shaft.tools.io.ReportManager&amp#27;[m : File Action "DoesFileExist" successfully performed. With the following test data "File Path: "Schemas/ValidationError_schema.json"".
2023-01-22 22:03:48.246 &amp#27;[32m INFO&amp#27;[m &amp#27;[35m[@503 - main]&amp#27;[m &amp#27;[36mcom.shaft.tools.io.ReportManager&amp#27;[m : File Action "DoesFileExist" successfully performed. With the following test data "File Path: "src/test/resources/testDataFiles/Schemas/ValidationError_schema.json"".
2023-01-22 22:03:48.247 &amp#27;[32m INFO&amp#27;[m &amp#27;[35m[@503 - main]&amp#27;[m &amp#27;[36mcom.shaft.tools.io.ReportManager&amp#27;[m : File Action "GetAbsolutePath" successfully performed. With the following test data "Relative Folder Path: "src/test/resources/testDataFiles/Schemas/ValidationError_schema.json"".
2023-01-22 22:03:48.250 &amp#27;[32m INFO&amp#27;[m &amp#27;[35m[@503 - main]&amp#27;[m &amp#27;[36mcom.shaft.tools.io.ReportManager&amp#27;[m : File Action "DoesFileExist" successfully performed. With the following test data "File Path: "C:\eclipse-workspace\MyProjects\TASystemsAPIs\src\test\resources\testDataFiles\Schemas\ValidationError_schema.json"".
2023-01-22 22:03:48.250 &amp#27;[32m INFO&amp#27;[m &amp#27;[35m[@503 - main]&amp#27;[m &amp#27;[36mcom.shaft.tools.io.ReportManager&amp#27;[m : File Action "GetAbsolutePath" successfully performed. With the following test data "Relative Folder Path: "C:\eclipse-workspace\MyProjects\TASystemsAPIs\src\test\resources\testDataFiles\Schemas\ValidationError_schema.json"".
2023-01-22 22:03:48.250 &amp#27;[32m INFO&amp#27;[m &amp#27;[35m[@503 - main]&amp#27;[m &amp#27;[36mcom.shaft.tools.io.ReportManager&amp#27;[m : File Action "ReadFile" successfully performed. With the following test data "File Path: "C:\eclipse-workspace\MyProjects\TASystemsAPIs\src\test\resources\testDataFiles\Schemas\ValidationError_schema.json"".
2023-01-22 22:03:48.252 &amp#27;[32m INFO&amp#27;[m &amp#27;[35m[@503 - main]&amp#27;[m &amp#27;[36mcom.shaft.tools.io.ReportManager&amp#27;[m : Successfully created attachment "Validation Test Data - Expected JSON Value"
2023-01-22 22:03:48.253 &amp#27;[32m INFO&amp#27;[m &amp#27;[35m[@503 - main]&amp#27;[m &amp#27;[36mcom.shaft.tools.io.ReportManager&amp#27;[m : Successfully created attachment "Validation Test Data - Actual JSON Value"
2023-01-22 22:03:48.254 &amp#27;[32m INFO&amp#27;[m &amp#27;[35m[@503 - main]&amp#27;[m &amp#27;[36mcom.shaft.tools.io.ReportManager&amp#27;[m : Successfully created attachment "SHAFT Engine Logs - Current Method log: Add_Policy_With_InValid_data_TC"
]]></system-out>
  </testcase>
  <testcase name="Add_Policy_With_InValid_data_TC[[Ljava.lang.Object;@233352da](36)" classname="SteeringCompanyAPI_TestCases.Test_Policies_Cases" time="1.843">
    <system-out><![CDATA[2023-01-22 22:03:48.258 &amp#27;[32m INFO&amp#27;[m &amp#27;[35m[@534 - main]&amp#27;[m &amp#27;[36mcom.shaft.tools.io.ReportManager&amp#27;[m : 
################################################################################################################################################
Starting Execution:	"79 out of 83" test cases in the current suite
Test Method:		"SteeringCompanyAPI_TestCases.Test_Policies_Cases.Add_Policy_With_InValid_data_TC"
Test Description:	"TC052 -Policy- Perform Add Policy with InValid data"
################################################################################################################################################
2023-01-22 22:03:48.259 &amp#27;[32m INFO&amp#27;[m &amp#27;[35m[@503 - main]&amp#27;[m &amp#27;[36mcom.shaft.tools.io.ReportManager&amp#27;[m : File Action "DoesFileExist" successfully performed. With the following test data "File Path: "SteeringCompanyAPI_TestData/SteeringCompanyAPI_TestData.xlsx"".
2023-01-22 22:03:48.286 &amp#27;[32m INFO&amp#27;[m &amp#27;[35m[@503 - main]&amp#27;[m &amp#27;[36mcom.shaft.tools.io.ReportManager&amp#27;[m : Successfully created attachment "Test Data - Excel"
2023-01-22 22:03:49.177 &amp#27;[32m INFO&amp#27;[m &amp#27;[35m[@503 - main]&amp#27;[m &amp#27;[36mcom.shaft.tools.io.ReportManager&amp#27;[m : Response status code: "200", status line: "HTTP/1.1 200 OK"
2023-01-22 22:03:49.190 &amp#27;[32m INFO&amp#27;[m &amp#27;[35m[@503 - main]&amp#27;[m &amp#27;[36mcom.shaft.tools.io.ReportManager&amp#27;[m : Successfully created attachment "API Request - Specifications"
2023-01-22 22:03:49.191 &amp#27;[32m INFO&amp#27;[m &amp#27;[35m[@503 - main]&amp#27;[m &amp#27;[36mcom.shaft.tools.io.ReportManager&amp#27;[m : Successfully created attachment "API Request - Body"
2023-01-22 22:03:49.193 &amp#27;[32m INFO&amp#27;[m &amp#27;[35m[@503 - main]&amp#27;[m &amp#27;[36mcom.shaft.tools.io.ReportManager&amp#27;[m : Successfully created attachment "API Response - JSON Body"
2023-01-22 22:03:49.204 &amp#27;[32m INFO&amp#27;[m &amp#27;[35m[@503 - main]&amp#27;[m &amp#27;[36mcom.shaft.tools.io.ReportManager&amp#27;[m : File Action "DoesFileExist" successfully performed. With the following test data "File Path: "SteeringCompanyAPI_TestData/SteeringCompanyAPI_TestData.xlsx"".
2023-01-22 22:03:49.243 &amp#27;[32m INFO&amp#27;[m &amp#27;[35m[@503 - main]&amp#27;[m &amp#27;[36mcom.shaft.tools.io.ReportManager&amp#27;[m : Successfully created attachment "Test Data - Excel"
2023-01-22 22:03:49.244 &amp#27;[32m INFO&amp#27;[m &amp#27;[35m[@503 - main]&amp#27;[m &amp#27;[36mcom.shaft.tools.io.ReportManager&amp#27;[m : File Action "DoesFileExist" successfully performed. With the following test data "File Path: "SteeringCompanyAPI_TestData/SteeringCompanyAPI_TestData.xlsx"".
2023-01-22 22:03:49.270 &amp#27;[32m INFO&amp#27;[m &amp#27;[35m[@503 - main]&amp#27;[m &amp#27;[36mcom.shaft.tools.io.ReportManager&amp#27;[m : Successfully created attachment "Test Data - Excel"
2023-01-22 22:03:49.271 &amp#27;[32m INFO&amp#27;[m &amp#27;[35m[@503 - main]&amp#27;[m &amp#27;[36mcom.shaft.tools.io.ReportManager&amp#27;[m : File Action "DoesFileExist" successfully performed. With the following test data "File Path: "SteeringCompanyAPI_TestData/SteeringCompanyAPI_TestData.xlsx"".
2023-01-22 22:03:49.291 &amp#27;[32m INFO&amp#27;[m &amp#27;[35m[@503 - main]&amp#27;[m &amp#27;[36mcom.shaft.tools.io.ReportManager&amp#27;[m : Successfully created attachment "Test Data - Excel"
2023-01-22 22:03:50.072 &amp#27;[32m INFO&amp#27;[m &amp#27;[35m[@503 - main]&amp#27;[m &amp#27;[36mcom.shaft.tools.io.ReportManager&amp#27;[m : Response status code: "422", status line: "HTTP/1.1 422 "
2023-01-22 22:03:50.087 &amp#27;[32m INFO&amp#27;[m &amp#27;[35m[@503 - main]&amp#27;[m &amp#27;[36mcom.shaft.tools.io.ReportManager&amp#27;[m : Successfully created attachment "API Request - Specifications"
2023-01-22 22:03:50.088 &amp#27;[32m INFO&amp#27;[m &amp#27;[35m[@503 - main]&amp#27;[m &amp#27;[36mcom.shaft.tools.io.ReportManager&amp#27;[m : Successfully created attachment "API Request - JSON Body"
2023-01-22 22:03:50.089 &amp#27;[32m INFO&amp#27;[m &amp#27;[35m[@503 - main]&amp#27;[m &amp#27;[36mcom.shaft.tools.io.ReportManager&amp#27;[m : Successfully created attachment "API Response - JSON Body"
2023-01-22 22:03:50.089 &amp#27;[32m INFO&amp#27;[m &amp#27;[35m[@503 - main]&amp#27;[m &amp#27;[36mcom.shaft.tools.io.ReportManager&amp#27;[m : File Action "DoesFileExist" successfully performed. With the following test data "File Path: "Schemas/ValidationError_schema.json"".
2023-01-22 22:03:50.089 &amp#27;[32m INFO&amp#27;[m &amp#27;[35m[@503 - main]&amp#27;[m &amp#27;[36mcom.shaft.tools.io.ReportManager&amp#27;[m : File Action "DoesFileExist" successfully performed. With the following test data "File Path: "src/test/resources/testDataFiles/Schemas/ValidationError_schema.json"".
2023-01-22 22:03:50.090 &amp#27;[32m INFO&amp#27;[m &amp#27;[35m[@503 - main]&amp#27;[m &amp#27;[36mcom.shaft.tools.io.ReportManager&amp#27;[m : File Action "GetAbsolutePath" successfully performed. With the following test data "Relative Folder Path: "src/test/resources/testDataFiles/Schemas/ValidationError_schema.json"".
2023-01-22 22:03:50.093 &amp#27;[32m INFO&amp#27;[m &amp#27;[35m[@503 - main]&amp#27;[m &amp#27;[36mcom.shaft.tools.io.ReportManager&amp#27;[m : File Action "DoesFileExist" successfully performed. With the following test data "File Path: "C:\eclipse-workspace\MyProjects\TASystemsAPIs\src\test\resources\testDataFiles\Schemas\ValidationError_schema.json"".
2023-01-22 22:03:50.093 &amp#27;[32m INFO&amp#27;[m &amp#27;[35m[@503 - main]&amp#27;[m &amp#27;[36mcom.shaft.tools.io.ReportManager&amp#27;[m : File Action "GetAbsolutePath" successfully performed. With the following test data "Relative Folder Path: "C:\eclipse-workspace\MyProjects\TASystemsAPIs\src\test\resources\testDataFiles\Schemas\ValidationError_schema.json"".
2023-01-22 22:03:50.093 &amp#27;[32m INFO&amp#27;[m &amp#27;[35m[@503 - main]&amp#27;[m &amp#27;[36mcom.shaft.tools.io.ReportManager&amp#27;[m : File Action "ReadFile" successfully performed. With the following test data "File Path: "C:\eclipse-workspace\MyProjects\TASystemsAPIs\src\test\resources\testDataFiles\Schemas\ValidationError_schema.json"".
2023-01-22 22:03:50.096 &amp#27;[32m INFO&amp#27;[m &amp#27;[35m[@503 - main]&amp#27;[m &amp#27;[36mcom.shaft.tools.io.ReportManager&amp#27;[m : Successfully created attachment "Validation Test Data - Expected JSON Value"
2023-01-22 22:03:50.097 &amp#27;[32m INFO&amp#27;[m &amp#27;[35m[@503 - main]&amp#27;[m &amp#27;[36mcom.shaft.tools.io.ReportManager&amp#27;[m : Successfully created attachment "Validation Test Data - Actual JSON Value"
2023-01-22 22:03:50.098 &amp#27;[32m INFO&amp#27;[m &amp#27;[35m[@503 - main]&amp#27;[m &amp#27;[36mcom.shaft.tools.io.ReportManager&amp#27;[m : Successfully created attachment "SHAFT Engine Logs - Current Method log: Add_Policy_With_InValid_data_TC"
]]></system-out>
  </testcase>
  <testcase name="Add_Policy_With_InValid_data_TC[[Ljava.lang.Object;@f78d16b](37)" classname="SteeringCompanyAPI_TestCases.Test_Policies_Cases" time="4.101">
    <system-out><![CDATA[2023-01-22 22:03:50.102 &amp#27;[32m INFO&amp#27;[m &amp#27;[35m[@534 - main]&amp#27;[m &amp#27;[36mcom.shaft.tools.io.ReportManager&amp#27;[m : 
################################################################################################################################################
Starting Execution:	"80 out of 83" test cases in the current suite
Test Method:		"SteeringCompanyAPI_TestCases.Test_Policies_Cases.Add_Policy_With_InValid_data_TC"
Test Description:	"TC052 -Policy- Perform Add Policy with InValid data"
################################################################################################################################################
2023-01-22 22:03:50.102 &amp#27;[32m INFO&amp#27;[m &amp#27;[35m[@503 - main]&amp#27;[m &amp#27;[36mcom.shaft.tools.io.ReportManager&amp#27;[m : File Action "DoesFileExist" successfully performed. With the following test data "File Path: "SteeringCompanyAPI_TestData/SteeringCompanyAPI_TestData.xlsx"".
2023-01-22 22:03:50.125 &amp#27;[32m INFO&amp#27;[m &amp#27;[35m[@503 - main]&amp#27;[m &amp#27;[36mcom.shaft.tools.io.ReportManager&amp#27;[m : Successfully created attachment "Test Data - Excel"
2023-01-22 22:03:52.225 &amp#27;[32m INFO&amp#27;[m &amp#27;[35m[@503 - main]&amp#27;[m &amp#27;[36mcom.shaft.tools.io.ReportManager&amp#27;[m : Response status code: "200", status line: "HTTP/1.1 200 OK"
2023-01-22 22:03:52.239 &amp#27;[32m INFO&amp#27;[m &amp#27;[35m[@503 - main]&amp#27;[m &amp#27;[36mcom.shaft.tools.io.ReportManager&amp#27;[m : Successfully created attachment "API Request - Specifications"
2023-01-22 22:03:52.240 &amp#27;[32m INFO&amp#27;[m &amp#27;[35m[@503 - main]&amp#27;[m &amp#27;[36mcom.shaft.tools.io.ReportManager&amp#27;[m : Successfully created attachment "API Request - Body"
2023-01-22 22:03:52.241 &amp#27;[32m INFO&amp#27;[m &amp#27;[35m[@503 - main]&amp#27;[m &amp#27;[36mcom.shaft.tools.io.ReportManager&amp#27;[m : Successfully created attachment "API Response - JSON Body"
2023-01-22 22:03:52.250 &amp#27;[32m INFO&amp#27;[m &amp#27;[35m[@503 - main]&amp#27;[m &amp#27;[36mcom.shaft.tools.io.ReportManager&amp#27;[m : File Action "DoesFileExist" successfully performed. With the following test data "File Path: "SteeringCompanyAPI_TestData/SteeringCompanyAPI_TestData.xlsx"".
2023-01-22 22:03:52.280 &amp#27;[32m INFO&amp#27;[m &amp#27;[35m[@503 - main]&amp#27;[m &amp#27;[36mcom.shaft.tools.io.ReportManager&amp#27;[m : Successfully created attachment "Test Data - Excel"
2023-01-22 22:03:52.281 &amp#27;[32m INFO&amp#27;[m &amp#27;[35m[@503 - main]&amp#27;[m &amp#27;[36mcom.shaft.tools.io.ReportManager&amp#27;[m : File Action "DoesFileExist" successfully performed. With the following test data "File Path: "SteeringCompanyAPI_TestData/SteeringCompanyAPI_TestData.xlsx"".
2023-01-22 22:03:52.306 &amp#27;[32m INFO&amp#27;[m &amp#27;[35m[@503 - main]&amp#27;[m &amp#27;[36mcom.shaft.tools.io.ReportManager&amp#27;[m : Successfully created attachment "Test Data - Excel"
2023-01-22 22:03:52.306 &amp#27;[32m INFO&amp#27;[m &amp#27;[35m[@503 - main]&amp#27;[m &amp#27;[36mcom.shaft.tools.io.ReportManager&amp#27;[m : File Action "DoesFileExist" successfully performed. With the following test data "File Path: "SteeringCompanyAPI_TestData/SteeringCompanyAPI_TestData.xlsx"".
2023-01-22 22:03:52.329 &amp#27;[32m INFO&amp#27;[m &amp#27;[35m[@503 - main]&amp#27;[m &amp#27;[36mcom.shaft.tools.io.ReportManager&amp#27;[m : Successfully created attachment "Test Data - Excel"
2023-01-22 22:03:54.168 &amp#27;[32m INFO&amp#27;[m &amp#27;[35m[@503 - main]&amp#27;[m &amp#27;[36mcom.shaft.tools.io.ReportManager&amp#27;[m : Response status code: "422", status line: "HTTP/1.1 422 "
2023-01-22 22:03:54.184 &amp#27;[32m INFO&amp#27;[m &amp#27;[35m[@503 - main]&amp#27;[m &amp#27;[36mcom.shaft.tools.io.ReportManager&amp#27;[m : Successfully created attachment "API Request - Specifications"
2023-01-22 22:03:54.185 &amp#27;[32m INFO&amp#27;[m &amp#27;[35m[@503 - main]&amp#27;[m &amp#27;[36mcom.shaft.tools.io.ReportManager&amp#27;[m : Successfully created attachment "API Request - JSON Body"
2023-01-22 22:03:54.186 &amp#27;[32m INFO&amp#27;[m &amp#27;[35m[@503 - main]&amp#27;[m &amp#27;[36mcom.shaft.tools.io.ReportManager&amp#27;[m : Successfully created attachment "API Response - JSON Body"
2023-01-22 22:03:54.189 &amp#27;[32m INFO&amp#27;[m &amp#27;[35m[@503 - main]&amp#27;[m &amp#27;[36mcom.shaft.tools.io.ReportManager&amp#27;[m : File Action "DoesFileExist" successfully performed. With the following test data "File Path: "Schemas/ValidationError_schema.json"".
2023-01-22 22:03:54.189 &amp#27;[32m INFO&amp#27;[m &amp#27;[35m[@503 - main]&amp#27;[m &amp#27;[36mcom.shaft.tools.io.ReportManager&amp#27;[m : File Action "DoesFileExist" successfully performed. With the following test data "File Path: "src/test/resources/testDataFiles/Schemas/ValidationError_schema.json"".
2023-01-22 22:03:54.189 &amp#27;[32m INFO&amp#27;[m &amp#27;[35m[@503 - main]&amp#27;[m &amp#27;[36mcom.shaft.tools.io.ReportManager&amp#27;[m : File Action "GetAbsolutePath" successfully performed. With the following test data "Relative Folder Path: "src/test/resources/testDataFiles/Schemas/ValidationError_schema.json"".
2023-01-22 22:03:54.193 &amp#27;[32m INFO&amp#27;[m &amp#27;[35m[@503 - main]&amp#27;[m &amp#27;[36mcom.shaft.tools.io.ReportManager&amp#27;[m : File Action "DoesFileExist" successfully performed. With the following test data "File Path: "C:\eclipse-workspace\MyProjects\TASystemsAPIs\src\test\resources\testDataFiles\Schemas\ValidationError_schema.json"".
2023-01-22 22:03:54.193 &amp#27;[32m INFO&amp#27;[m &amp#27;[35m[@503 - main]&amp#27;[m &amp#27;[36mcom.shaft.tools.io.ReportManager&amp#27;[m : File Action "GetAbsolutePath" successfully performed. With the following test data "Relative Folder Path: "C:\eclipse-workspace\MyProjects\TASystemsAPIs\src\test\resources\testDataFiles\Schemas\ValidationError_schema.json"".
2023-01-22 22:03:54.194 &amp#27;[32m INFO&amp#27;[m &amp#27;[35m[@503 - main]&amp#27;[m &amp#27;[36mcom.shaft.tools.io.ReportManager&amp#27;[m : File Action "ReadFile" successfully performed. With the following test data "File Path: "C:\eclipse-workspace\MyProjects\TASystemsAPIs\src\test\resources\testDataFiles\Schemas\ValidationError_schema.json"".
2023-01-22 22:03:54.196 &amp#27;[32m INFO&amp#27;[m &amp#27;[35m[@503 - main]&amp#27;[m &amp#27;[36mcom.shaft.tools.io.ReportManager&amp#27;[m : Successfully created attachment "Validation Test Data - Expected JSON Value"
2023-01-22 22:03:54.198 &amp#27;[32m INFO&amp#27;[m &amp#27;[35m[@503 - main]&amp#27;[m &amp#27;[36mcom.shaft.tools.io.ReportManager&amp#27;[m : Successfully created attachment "Validation Test Data - Actual JSON Value"
2023-01-22 22:03:54.199 &amp#27;[32m INFO&amp#27;[m &amp#27;[35m[@503 - main]&amp#27;[m &amp#27;[36mcom.shaft.tools.io.ReportManager&amp#27;[m : Successfully created attachment "SHAFT Engine Logs - Current Method log: Add_Policy_With_InValid_data_TC"
]]></system-out>
  </testcase>
  <testcase name="Add_Policy_With_InValid_data_TC[[Ljava.lang.Object;@104802af](38)" classname="SteeringCompanyAPI_TestCases.Test_Policies_Cases" time="1.875">
    <system-out><![CDATA[2023-01-22 22:03:54.202 &amp#27;[32m INFO&amp#27;[m &amp#27;[35m[@534 - main]&amp#27;[m &amp#27;[36mcom.shaft.tools.io.ReportManager&amp#27;[m : 
################################################################################################################################################
Starting Execution:	"81 out of 83" test cases in the current suite
Test Method:		"SteeringCompanyAPI_TestCases.Test_Policies_Cases.Add_Policy_With_InValid_data_TC"
Test Description:	"TC052 -Policy- Perform Add Policy with InValid data"
################################################################################################################################################
2023-01-22 22:03:54.203 &amp#27;[32m INFO&amp#27;[m &amp#27;[35m[@503 - main]&amp#27;[m &amp#27;[36mcom.shaft.tools.io.ReportManager&amp#27;[m : File Action "DoesFileExist" successfully performed. With the following test data "File Path: "SteeringCompanyAPI_TestData/SteeringCompanyAPI_TestData.xlsx"".
2023-01-22 22:03:54.229 &amp#27;[32m INFO&amp#27;[m &amp#27;[35m[@503 - main]&amp#27;[m &amp#27;[36mcom.shaft.tools.io.ReportManager&amp#27;[m : Successfully created attachment "Test Data - Excel"
2023-01-22 22:03:55.125 &amp#27;[32m INFO&amp#27;[m &amp#27;[35m[@503 - main]&amp#27;[m &amp#27;[36mcom.shaft.tools.io.ReportManager&amp#27;[m : Response status code: "200", status line: "HTTP/1.1 200 OK"
2023-01-22 22:03:55.136 &amp#27;[32m INFO&amp#27;[m &amp#27;[35m[@503 - main]&amp#27;[m &amp#27;[36mcom.shaft.tools.io.ReportManager&amp#27;[m : Successfully created attachment "API Request - Specifications"
2023-01-22 22:03:55.137 &amp#27;[32m INFO&amp#27;[m &amp#27;[35m[@503 - main]&amp#27;[m &amp#27;[36mcom.shaft.tools.io.ReportManager&amp#27;[m : Successfully created attachment "API Request - Body"
2023-01-22 22:03:55.138 &amp#27;[32m INFO&amp#27;[m &amp#27;[35m[@503 - main]&amp#27;[m &amp#27;[36mcom.shaft.tools.io.ReportManager&amp#27;[m : Successfully created attachment "API Response - JSON Body"
2023-01-22 22:03:55.146 &amp#27;[32m INFO&amp#27;[m &amp#27;[35m[@503 - main]&amp#27;[m &amp#27;[36mcom.shaft.tools.io.ReportManager&amp#27;[m : File Action "DoesFileExist" successfully performed. With the following test data "File Path: "SteeringCompanyAPI_TestData/SteeringCompanyAPI_TestData.xlsx"".
2023-01-22 22:03:55.187 &amp#27;[32m INFO&amp#27;[m &amp#27;[35m[@503 - main]&amp#27;[m &amp#27;[36mcom.shaft.tools.io.ReportManager&amp#27;[m : Successfully created attachment "Test Data - Excel"
2023-01-22 22:03:55.188 &amp#27;[32m INFO&amp#27;[m &amp#27;[35m[@503 - main]&amp#27;[m &amp#27;[36mcom.shaft.tools.io.ReportManager&amp#27;[m : File Action "DoesFileExist" successfully performed. With the following test data "File Path: "SteeringCompanyAPI_TestData/SteeringCompanyAPI_TestData.xlsx"".
2023-01-22 22:03:55.210 &amp#27;[32m INFO&amp#27;[m &amp#27;[35m[@503 - main]&amp#27;[m &amp#27;[36mcom.shaft.tools.io.ReportManager&amp#27;[m : Successfully created attachment "Test Data - Excel"
2023-01-22 22:03:55.210 &amp#27;[32m INFO&amp#27;[m &amp#27;[35m[@503 - main]&amp#27;[m &amp#27;[36mcom.shaft.tools.io.ReportManager&amp#27;[m : File Action "DoesFileExist" successfully performed. With the following test data "File Path: "SteeringCompanyAPI_TestData/SteeringCompanyAPI_TestData.xlsx"".
2023-01-22 22:03:55.233 &amp#27;[32m INFO&amp#27;[m &amp#27;[35m[@503 - main]&amp#27;[m &amp#27;[36mcom.shaft.tools.io.ReportManager&amp#27;[m : Successfully created attachment "Test Data - Excel"
2023-01-22 22:03:56.012 &amp#27;[32m INFO&amp#27;[m &amp#27;[35m[@503 - main]&amp#27;[m &amp#27;[36mcom.shaft.tools.io.ReportManager&amp#27;[m : Response status code: "422", status line: "HTTP/1.1 422 "
2023-01-22 22:03:56.025 &amp#27;[32m INFO&amp#27;[m &amp#27;[35m[@503 - main]&amp#27;[m &amp#27;[36mcom.shaft.tools.io.ReportManager&amp#27;[m : Successfully created attachment "API Request - Specifications"
2023-01-22 22:03:56.064 &amp#27;[32m INFO&amp#27;[m &amp#27;[35m[@503 - main]&amp#27;[m &amp#27;[36mcom.shaft.tools.io.ReportManager&amp#27;[m : Successfully created attachment "API Request - JSON Body"
2023-01-22 22:03:56.066 &amp#27;[32m INFO&amp#27;[m &amp#27;[35m[@503 - main]&amp#27;[m &amp#27;[36mcom.shaft.tools.io.ReportManager&amp#27;[m : Successfully created attachment "API Response - JSON Body"
2023-01-22 22:03:56.067 &amp#27;[32m INFO&amp#27;[m &amp#27;[35m[@503 - main]&amp#27;[m &amp#27;[36mcom.shaft.tools.io.ReportManager&amp#27;[m : File Action "DoesFileExist" successfully performed. With the following test data "File Path: "Schemas/ValidationError_schema.json"".
2023-01-22 22:03:56.067 &amp#27;[32m INFO&amp#27;[m &amp#27;[35m[@503 - main]&amp#27;[m &amp#27;[36mcom.shaft.tools.io.ReportManager&amp#27;[m : File Action "DoesFileExist" successfully performed. With the following test data "File Path: "src/test/resources/testDataFiles/Schemas/ValidationError_schema.json"".
2023-01-22 22:03:56.068 &amp#27;[32m INFO&amp#27;[m &amp#27;[35m[@503 - main]&amp#27;[m &amp#27;[36mcom.shaft.tools.io.ReportManager&amp#27;[m : File Action "GetAbsolutePath" successfully performed. With the following test data "Relative Folder Path: "src/test/resources/testDataFiles/Schemas/ValidationError_schema.json"".
2023-01-22 22:03:56.070 &amp#27;[32m INFO&amp#27;[m &amp#27;[35m[@503 - main]&amp#27;[m &amp#27;[36mcom.shaft.tools.io.ReportManager&amp#27;[m : File Action "DoesFileExist" successfully performed. With the following test data "File Path: "C:\eclipse-workspace\MyProjects\TASystemsAPIs\src\test\resources\testDataFiles\Schemas\ValidationError_schema.json"".
2023-01-22 22:03:56.070 &amp#27;[32m INFO&amp#27;[m &amp#27;[35m[@503 - main]&amp#27;[m &amp#27;[36mcom.shaft.tools.io.ReportManager&amp#27;[m : File Action "GetAbsolutePath" successfully performed. With the following test data "Relative Folder Path: "C:\eclipse-workspace\MyProjects\TASystemsAPIs\src\test\resources\testDataFiles\Schemas\ValidationError_schema.json"".
2023-01-22 22:03:56.070 &amp#27;[32m INFO&amp#27;[m &amp#27;[35m[@503 - main]&amp#27;[m &amp#27;[36mcom.shaft.tools.io.ReportManager&amp#27;[m : File Action "ReadFile" successfully performed. With the following test data "File Path: "C:\eclipse-workspace\MyProjects\TASystemsAPIs\src\test\resources\testDataFiles\Schemas\ValidationError_schema.json"".
2023-01-22 22:03:56.072 &amp#27;[32m INFO&amp#27;[m &amp#27;[35m[@503 - main]&amp#27;[m &amp#27;[36mcom.shaft.tools.io.ReportManager&amp#27;[m : Successfully created attachment "Validation Test Data - Expected JSON Value"
2023-01-22 22:03:56.073 &amp#27;[32m INFO&amp#27;[m &amp#27;[35m[@503 - main]&amp#27;[m &amp#27;[36mcom.shaft.tools.io.ReportManager&amp#27;[m : Successfully created attachment "Validation Test Data - Actual JSON Value"
2023-01-22 22:03:56.074 &amp#27;[32m INFO&amp#27;[m &amp#27;[35m[@503 - main]&amp#27;[m &amp#27;[36mcom.shaft.tools.io.ReportManager&amp#27;[m : Successfully created attachment "SHAFT Engine Logs - Current Method log: Add_Policy_With_InValid_data_TC"
]]></system-out>
  </testcase>
  <testcase name="Add_Policy_With_InValid_data_TC[[Ljava.lang.Object;@664c7b76](39)" classname="SteeringCompanyAPI_TestCases.Test_Policies_Cases" time="2.005">
    <system-out><![CDATA[2023-01-22 22:03:56.076 &amp#27;[32m INFO&amp#27;[m &amp#27;[35m[@534 - main]&amp#27;[m &amp#27;[36mcom.shaft.tools.io.ReportManager&amp#27;[m : 
################################################################################################################################################
Starting Execution:	"82 out of 83" test cases in the current suite
Test Method:		"SteeringCompanyAPI_TestCases.Test_Policies_Cases.Add_Policy_With_InValid_data_TC"
Test Description:	"TC052 -Policy- Perform Add Policy with InValid data"
################################################################################################################################################
2023-01-22 22:03:56.077 &amp#27;[32m INFO&amp#27;[m &amp#27;[35m[@503 - main]&amp#27;[m &amp#27;[36mcom.shaft.tools.io.ReportManager&amp#27;[m : File Action "DoesFileExist" successfully performed. With the following test data "File Path: "SteeringCompanyAPI_TestData/SteeringCompanyAPI_TestData.xlsx"".
2023-01-22 22:03:56.098 &amp#27;[32m INFO&amp#27;[m &amp#27;[35m[@503 - main]&amp#27;[m &amp#27;[36mcom.shaft.tools.io.ReportManager&amp#27;[m : Successfully created attachment "Test Data - Excel"
2023-01-22 22:03:57.141 &amp#27;[32m INFO&amp#27;[m &amp#27;[35m[@503 - main]&amp#27;[m &amp#27;[36mcom.shaft.tools.io.ReportManager&amp#27;[m : Response status code: "200", status line: "HTTP/1.1 200 OK"
2023-01-22 22:03:57.155 &amp#27;[32m INFO&amp#27;[m &amp#27;[35m[@503 - main]&amp#27;[m &amp#27;[36mcom.shaft.tools.io.ReportManager&amp#27;[m : Successfully created attachment "API Request - Specifications"
2023-01-22 22:03:57.156 &amp#27;[32m INFO&amp#27;[m &amp#27;[35m[@503 - main]&amp#27;[m &amp#27;[36mcom.shaft.tools.io.ReportManager&amp#27;[m : Successfully created attachment "API Request - Body"
2023-01-22 22:03:57.157 &amp#27;[32m INFO&amp#27;[m &amp#27;[35m[@503 - main]&amp#27;[m &amp#27;[36mcom.shaft.tools.io.ReportManager&amp#27;[m : Successfully created attachment "API Response - JSON Body"
2023-01-22 22:03:57.167 &amp#27;[32m INFO&amp#27;[m &amp#27;[35m[@503 - main]&amp#27;[m &amp#27;[36mcom.shaft.tools.io.ReportManager&amp#27;[m : File Action "DoesFileExist" successfully performed. With the following test data "File Path: "SteeringCompanyAPI_TestData/SteeringCompanyAPI_TestData.xlsx"".
2023-01-22 22:03:57.203 &amp#27;[32m INFO&amp#27;[m &amp#27;[35m[@503 - main]&amp#27;[m &amp#27;[36mcom.shaft.tools.io.ReportManager&amp#27;[m : Successfully created attachment "Test Data - Excel"
2023-01-22 22:03:57.204 &amp#27;[32m INFO&amp#27;[m &amp#27;[35m[@503 - main]&amp#27;[m &amp#27;[36mcom.shaft.tools.io.ReportManager&amp#27;[m : File Action "DoesFileExist" successfully performed. With the following test data "File Path: "SteeringCompanyAPI_TestData/SteeringCompanyAPI_TestData.xlsx"".
2023-01-22 22:03:57.226 &amp#27;[32m INFO&amp#27;[m &amp#27;[35m[@503 - main]&amp#27;[m &amp#27;[36mcom.shaft.tools.io.ReportManager&amp#27;[m : Successfully created attachment "Test Data - Excel"
2023-01-22 22:03:57.227 &amp#27;[32m INFO&amp#27;[m &amp#27;[35m[@503 - main]&amp#27;[m &amp#27;[36mcom.shaft.tools.io.ReportManager&amp#27;[m : File Action "DoesFileExist" successfully performed. With the following test data "File Path: "SteeringCompanyAPI_TestData/SteeringCompanyAPI_TestData.xlsx"".
2023-01-22 22:03:57.249 &amp#27;[32m INFO&amp#27;[m &amp#27;[35m[@503 - main]&amp#27;[m &amp#27;[36mcom.shaft.tools.io.ReportManager&amp#27;[m : Successfully created attachment "Test Data - Excel"
2023-01-22 22:03:58.059 &amp#27;[32m INFO&amp#27;[m &amp#27;[35m[@503 - main]&amp#27;[m &amp#27;[36mcom.shaft.tools.io.ReportManager&amp#27;[m : Response status code: "422", status line: "HTTP/1.1 422 "
2023-01-22 22:03:58.071 &amp#27;[32m INFO&amp#27;[m &amp#27;[35m[@503 - main]&amp#27;[m &amp#27;[36mcom.shaft.tools.io.ReportManager&amp#27;[m : Successfully created attachment "API Request - Specifications"
2023-01-22 22:03:58.072 &amp#27;[32m INFO&amp#27;[m &amp#27;[35m[@503 - main]&amp#27;[m &amp#27;[36mcom.shaft.tools.io.ReportManager&amp#27;[m : Successfully created attachment "API Request - JSON Body"
2023-01-22 22:03:58.074 &amp#27;[32m INFO&amp#27;[m &amp#27;[35m[@503 - main]&amp#27;[m &amp#27;[36mcom.shaft.tools.io.ReportManager&amp#27;[m : Successfully created attachment "API Response - JSON Body"
2023-01-22 22:03:58.074 &amp#27;[32m INFO&amp#27;[m &amp#27;[35m[@503 - main]&amp#27;[m &amp#27;[36mcom.shaft.tools.io.ReportManager&amp#27;[m : File Action "DoesFileExist" successfully performed. With the following test data "File Path: "Schemas/ValidationError_schema.json"".
2023-01-22 22:03:58.075 &amp#27;[32m INFO&amp#27;[m &amp#27;[35m[@503 - main]&amp#27;[m &amp#27;[36mcom.shaft.tools.io.ReportManager&amp#27;[m : File Action "DoesFileExist" successfully performed. With the following test data "File Path: "src/test/resources/testDataFiles/Schemas/ValidationError_schema.json"".
2023-01-22 22:03:58.075 &amp#27;[32m INFO&amp#27;[m &amp#27;[35m[@503 - main]&amp#27;[m &amp#27;[36mcom.shaft.tools.io.ReportManager&amp#27;[m : File Action "GetAbsolutePath" successfully performed. With the following test data "Relative Folder Path: "src/test/resources/testDataFiles/Schemas/ValidationError_schema.json"".
2023-01-22 22:03:58.076 &amp#27;[32m INFO&amp#27;[m &amp#27;[35m[@503 - main]&amp#27;[m &amp#27;[36mcom.shaft.tools.io.ReportManager&amp#27;[m : File Action "DoesFileExist" successfully performed. With the following test data "File Path: "C:\eclipse-workspace\MyProjects\TASystemsAPIs\src\test\resources\testDataFiles\Schemas\ValidationError_schema.json"".
2023-01-22 22:03:58.077 &amp#27;[32m INFO&amp#27;[m &amp#27;[35m[@503 - main]&amp#27;[m &amp#27;[36mcom.shaft.tools.io.ReportManager&amp#27;[m : File Action "GetAbsolutePath" successfully performed. With the following test data "Relative Folder Path: "C:\eclipse-workspace\MyProjects\TASystemsAPIs\src\test\resources\testDataFiles\Schemas\ValidationError_schema.json"".
2023-01-22 22:03:58.077 &amp#27;[32m INFO&amp#27;[m &amp#27;[35m[@503 - main]&amp#27;[m &amp#27;[36mcom.shaft.tools.io.ReportManager&amp#27;[m : File Action "ReadFile" successfully performed. With the following test data "File Path: "C:\eclipse-workspace\MyProjects\TASystemsAPIs\src\test\resources\testDataFiles\Schemas\ValidationError_schema.json"".
2023-01-22 22:03:58.078 &amp#27;[32m INFO&amp#27;[m &amp#27;[35m[@503 - main]&amp#27;[m &amp#27;[36mcom.shaft.tools.io.ReportManager&amp#27;[m : Successfully created attachment "Validation Test Data - Expected JSON Value"
2023-01-22 22:03:58.079 &amp#27;[32m INFO&amp#27;[m &amp#27;[35m[@503 - main]&amp#27;[m &amp#27;[36mcom.shaft.tools.io.ReportManager&amp#27;[m : Successfully created attachment "Validation Test Data - Actual JSON Value"
2023-01-22 22:03:58.080 &amp#27;[32m INFO&amp#27;[m &amp#27;[35m[@503 - main]&amp#27;[m &amp#27;[36mcom.shaft.tools.io.ReportManager&amp#27;[m : Successfully created attachment "SHAFT Engine Logs - Current Method log: Add_Policy_With_InValid_data_TC"
]]></system-out>
  </testcase>
  <testcase name="Add_Policy_With_InValid_data_TC[[Ljava.lang.Object;@31ab93ea](40)" classname="SteeringCompanyAPI_TestCases.Test_Policies_Cases" time="1.949">
    <system-out><![CDATA[2023-01-22 22:03:58.082 &amp#27;[32m INFO&amp#27;[m &amp#27;[35m[@534 - main]&amp#27;[m &amp#27;[36mcom.shaft.tools.io.ReportManager&amp#27;[m : 
################################################################################################################################################
Starting Execution:	"83 out of 83" test cases in the current suite
Test Method:		"SteeringCompanyAPI_TestCases.Test_Policies_Cases.Add_Policy_With_InValid_data_TC"
Test Description:	"TC052 -Policy- Perform Add Policy with InValid data"
################################################################################################################################################
2023-01-22 22:03:58.082 &amp#27;[32m INFO&amp#27;[m &amp#27;[35m[@503 - main]&amp#27;[m &amp#27;[36mcom.shaft.tools.io.ReportManager&amp#27;[m : File Action "DoesFileExist" successfully performed. With the following test data "File Path: "SteeringCompanyAPI_TestData/SteeringCompanyAPI_TestData.xlsx"".
2023-01-22 22:03:58.105 &amp#27;[32m INFO&amp#27;[m &amp#27;[35m[@503 - main]&amp#27;[m &amp#27;[36mcom.shaft.tools.io.ReportManager&amp#27;[m : Successfully created attachment "Test Data - Excel"
2023-01-22 22:03:59.059 &amp#27;[32m INFO&amp#27;[m &amp#27;[35m[@503 - main]&amp#27;[m &amp#27;[36mcom.shaft.tools.io.ReportManager&amp#27;[m : Response status code: "200", status line: "HTTP/1.1 200 OK"
2023-01-22 22:03:59.070 &amp#27;[32m INFO&amp#27;[m &amp#27;[35m[@503 - main]&amp#27;[m &amp#27;[36mcom.shaft.tools.io.ReportManager&amp#27;[m : Successfully created attachment "API Request - Specifications"
2023-01-22 22:03:59.071 &amp#27;[32m INFO&amp#27;[m &amp#27;[35m[@503 - main]&amp#27;[m &amp#27;[36mcom.shaft.tools.io.ReportManager&amp#27;[m : Successfully created attachment "API Request - Body"
2023-01-22 22:03:59.072 &amp#27;[32m INFO&amp#27;[m &amp#27;[35m[@503 - main]&amp#27;[m &amp#27;[36mcom.shaft.tools.io.ReportManager&amp#27;[m : Successfully created attachment "API Response - JSON Body"
2023-01-22 22:03:59.081 &amp#27;[32m INFO&amp#27;[m &amp#27;[35m[@503 - main]&amp#27;[m &amp#27;[36mcom.shaft.tools.io.ReportManager&amp#27;[m : File Action "DoesFileExist" successfully performed. With the following test data "File Path: "SteeringCompanyAPI_TestData/SteeringCompanyAPI_TestData.xlsx"".
2023-01-22 22:03:59.111 &amp#27;[32m INFO&amp#27;[m &amp#27;[35m[@503 - main]&amp#27;[m &amp#27;[36mcom.shaft.tools.io.ReportManager&amp#27;[m : Successfully created attachment "Test Data - Excel"
2023-01-22 22:03:59.111 &amp#27;[32m INFO&amp#27;[m &amp#27;[35m[@503 - main]&amp#27;[m &amp#27;[36mcom.shaft.tools.io.ReportManager&amp#27;[m : File Action "DoesFileExist" successfully performed. With the following test data "File Path: "SteeringCompanyAPI_TestData/SteeringCompanyAPI_TestData.xlsx"".
2023-01-22 22:03:59.133 &amp#27;[32m INFO&amp#27;[m &amp#27;[35m[@503 - main]&amp#27;[m &amp#27;[36mcom.shaft.tools.io.ReportManager&amp#27;[m : Successfully created attachment "Test Data - Excel"
2023-01-22 22:03:59.134 &amp#27;[32m INFO&amp#27;[m &amp#27;[35m[@503 - main]&amp#27;[m &amp#27;[36mcom.shaft.tools.io.ReportManager&amp#27;[m : File Action "DoesFileExist" successfully performed. With the following test data "File Path: "SteeringCompanyAPI_TestData/SteeringCompanyAPI_TestData.xlsx"".
2023-01-22 22:03:59.155 &amp#27;[32m INFO&amp#27;[m &amp#27;[35m[@503 - main]&amp#27;[m &amp#27;[36mcom.shaft.tools.io.ReportManager&amp#27;[m : Successfully created attachment "Test Data - Excel"
2023-01-22 22:04:00.004 &amp#27;[32m INFO&amp#27;[m &amp#27;[35m[@503 - main]&amp#27;[m &amp#27;[36mcom.shaft.tools.io.ReportManager&amp#27;[m : Response status code: "422", status line: "HTTP/1.1 422 "
2023-01-22 22:04:00.013 &amp#27;[32m INFO&amp#27;[m &amp#27;[35m[@503 - main]&amp#27;[m &amp#27;[36mcom.shaft.tools.io.ReportManager&amp#27;[m : Successfully created attachment "API Request - Specifications"
2023-01-22 22:04:00.014 &amp#27;[32m INFO&amp#27;[m &amp#27;[35m[@503 - main]&amp#27;[m &amp#27;[36mcom.shaft.tools.io.ReportManager&amp#27;[m : Successfully created attachment "API Request - JSON Body"
2023-01-22 22:04:00.015 &amp#27;[32m INFO&amp#27;[m &amp#27;[35m[@503 - main]&amp#27;[m &amp#27;[36mcom.shaft.tools.io.ReportManager&amp#27;[m : Successfully created attachment "API Response - JSON Body"
2023-01-22 22:04:00.015 &amp#27;[32m INFO&amp#27;[m &amp#27;[35m[@503 - main]&amp#27;[m &amp#27;[36mcom.shaft.tools.io.ReportManager&amp#27;[m : File Action "DoesFileExist" successfully performed. With the following test data "File Path: "Schemas/ValidationError_schema.json"".
2023-01-22 22:04:00.016 &amp#27;[32m INFO&amp#27;[m &amp#27;[35m[@503 - main]&amp#27;[m &amp#27;[36mcom.shaft.tools.io.ReportManager&amp#27;[m : File Action "DoesFileExist" successfully performed. With the following test data "File Path: "src/test/resources/testDataFiles/Schemas/ValidationError_schema.json"".
2023-01-22 22:04:00.017 &amp#27;[32m INFO&amp#27;[m &amp#27;[35m[@503 - main]&amp#27;[m &amp#27;[36mcom.shaft.tools.io.ReportManager&amp#27;[m : File Action "GetAbsolutePath" successfully performed. With the following test data "Relative Folder Path: "src/test/resources/testDataFiles/Schemas/ValidationError_schema.json"".
2023-01-22 22:04:00.018 &amp#27;[32m INFO&amp#27;[m &amp#27;[35m[@503 - main]&amp#27;[m &amp#27;[36mcom.shaft.tools.io.ReportManager&amp#27;[m : File Action "DoesFileExist" successfully performed. With the following test data "File Path: "C:\eclipse-workspace\MyProjects\TASystemsAPIs\src\test\resources\testDataFiles\Schemas\ValidationError_schema.json"".
2023-01-22 22:04:00.018 &amp#27;[32m INFO&amp#27;[m &amp#27;[35m[@503 - main]&amp#27;[m &amp#27;[36mcom.shaft.tools.io.ReportManager&amp#27;[m : File Action "GetAbsolutePath" successfully performed. With the following test data "Relative Folder Path: "C:\eclipse-workspace\MyProjects\TASystemsAPIs\src\test\resources\testDataFiles\Schemas\ValidationError_schema.json"".
2023-01-22 22:04:00.019 &amp#27;[32m INFO&amp#27;[m &amp#27;[35m[@503 - main]&amp#27;[m &amp#27;[36mcom.shaft.tools.io.ReportManager&amp#27;[m : File Action "ReadFile" successfully performed. With the following test data "File Path: "C:\eclipse-workspace\MyProjects\TASystemsAPIs\src\test\resources\testDataFiles\Schemas\ValidationError_schema.json"".
2023-01-22 22:04:00.022 &amp#27;[32m INFO&amp#27;[m &amp#27;[35m[@503 - main]&amp#27;[m &amp#27;[36mcom.shaft.tools.io.ReportManager&amp#27;[m : Successfully created attachment "Validation Test Data - Expected JSON Value"
2023-01-22 22:04:00.024 &amp#27;[32m INFO&amp#27;[m &amp#27;[35m[@503 - main]&amp#27;[m &amp#27;[36mcom.shaft.tools.io.ReportManager&amp#27;[m : Successfully created attachment "Validation Test Data - Actual JSON Value"
2023-01-22 22:04:00.025 &amp#27;[32m INFO&amp#27;[m &amp#27;[35m[@503 - main]&amp#27;[m &amp#27;[36mcom.shaft.tools.io.ReportManager&amp#27;[m : Successfully created attachment "SHAFT Engine Logs - Current Method log: Add_Policy_With_InValid_data_TC"
]]></system-out>
  </testcase>
  <testcase name="Add_Policy_With_InValid_data_TC[[Ljava.lang.Object;@2536e59f](41)" classname="SteeringCompanyAPI_TestCases.Test_Policies_Cases" time="1.842">
    <system-out><![CDATA[2023-01-22 22:04:00.033 &amp#27;[32m INFO&amp#27;[m &amp#27;[35m[@534 - main]&amp#27;[m &amp#27;[36mcom.shaft.tools.io.ReportManager&amp#27;[m : 
################################################################################################################################################
Starting Execution:	"84 out of 83" test cases in the current suite
Test Method:		"SteeringCompanyAPI_TestCases.Test_Policies_Cases.Add_Policy_With_InValid_data_TC"
Test Description:	"TC052 -Policy- Perform Add Policy with InValid data"
################################################################################################################################################
2023-01-22 22:04:00.034 &amp#27;[32m INFO&amp#27;[m &amp#27;[35m[@503 - main]&amp#27;[m &amp#27;[36mcom.shaft.tools.io.ReportManager&amp#27;[m : File Action "DoesFileExist" successfully performed. With the following test data "File Path: "SteeringCompanyAPI_TestData/SteeringCompanyAPI_TestData.xlsx"".
2023-01-22 22:04:00.072 &amp#27;[32m INFO&amp#27;[m &amp#27;[35m[@503 - main]&amp#27;[m &amp#27;[36mcom.shaft.tools.io.ReportManager&amp#27;[m : Successfully created attachment "Test Data - Excel"
2023-01-22 22:04:00.957 &amp#27;[32m INFO&amp#27;[m &amp#27;[35m[@503 - main]&amp#27;[m &amp#27;[36mcom.shaft.tools.io.ReportManager&amp#27;[m : Response status code: "200", status line: "HTTP/1.1 200 OK"
2023-01-22 22:04:00.975 &amp#27;[32m INFO&amp#27;[m &amp#27;[35m[@503 - main]&amp#27;[m &amp#27;[36mcom.shaft.tools.io.ReportManager&amp#27;[m : Successfully created attachment "API Request - Specifications"
2023-01-22 22:04:00.976 &amp#27;[32m INFO&amp#27;[m &amp#27;[35m[@503 - main]&amp#27;[m &amp#27;[36mcom.shaft.tools.io.ReportManager&amp#27;[m : Successfully created attachment "API Request - Body"
2023-01-22 22:04:00.977 &amp#27;[32m INFO&amp#27;[m &amp#27;[35m[@503 - main]&amp#27;[m &amp#27;[36mcom.shaft.tools.io.ReportManager&amp#27;[m : Successfully created attachment "API Response - JSON Body"
2023-01-22 22:04:00.991 &amp#27;[32m INFO&amp#27;[m &amp#27;[35m[@503 - main]&amp#27;[m &amp#27;[36mcom.shaft.tools.io.ReportManager&amp#27;[m : File Action "DoesFileExist" successfully performed. With the following test data "File Path: "SteeringCompanyAPI_TestData/SteeringCompanyAPI_TestData.xlsx"".
2023-01-22 22:04:01.028 &amp#27;[32m INFO&amp#27;[m &amp#27;[35m[@503 - main]&amp#27;[m &amp#27;[36mcom.shaft.tools.io.ReportManager&amp#27;[m : Successfully created attachment "Test Data - Excel"
2023-01-22 22:04:01.028 &amp#27;[32m INFO&amp#27;[m &amp#27;[35m[@503 - main]&amp#27;[m &amp#27;[36mcom.shaft.tools.io.ReportManager&amp#27;[m : File Action "DoesFileExist" successfully performed. With the following test data "File Path: "SteeringCompanyAPI_TestData/SteeringCompanyAPI_TestData.xlsx"".
2023-01-22 22:04:01.056 &amp#27;[32m INFO&amp#27;[m &amp#27;[35m[@503 - main]&amp#27;[m &amp#27;[36mcom.shaft.tools.io.ReportManager&amp#27;[m : Successfully created attachment "Test Data - Excel"
2023-01-22 22:04:01.057 &amp#27;[32m INFO&amp#27;[m &amp#27;[35m[@503 - main]&amp#27;[m &amp#27;[36mcom.shaft.tools.io.ReportManager&amp#27;[m : File Action "DoesFileExist" successfully performed. With the following test data "File Path: "SteeringCompanyAPI_TestData/SteeringCompanyAPI_TestData.xlsx"".
2023-01-22 22:04:01.083 &amp#27;[32m INFO&amp#27;[m &amp#27;[35m[@503 - main]&amp#27;[m &amp#27;[36mcom.shaft.tools.io.ReportManager&amp#27;[m : Successfully created attachment "Test Data - Excel"
2023-01-22 22:04:01.847 &amp#27;[32m INFO&amp#27;[m &amp#27;[35m[@503 - main]&amp#27;[m &amp#27;[36mcom.shaft.tools.io.ReportManager&amp#27;[m : Response status code: "422", status line: "HTTP/1.1 422 "
2023-01-22 22:04:01.859 &amp#27;[32m INFO&amp#27;[m &amp#27;[35m[@503 - main]&amp#27;[m &amp#27;[36mcom.shaft.tools.io.ReportManager&amp#27;[m : Successfully created attachment "API Request - Specifications"
2023-01-22 22:04:01.861 &amp#27;[32m INFO&amp#27;[m &amp#27;[35m[@503 - main]&amp#27;[m &amp#27;[36mcom.shaft.tools.io.ReportManager&amp#27;[m : Successfully created attachment "API Request - JSON Body"
2023-01-22 22:04:01.862 &amp#27;[32m INFO&amp#27;[m &amp#27;[35m[@503 - main]&amp#27;[m &amp#27;[36mcom.shaft.tools.io.ReportManager&amp#27;[m : Successfully created attachment "API Response - JSON Body"
2023-01-22 22:04:01.863 &amp#27;[32m INFO&amp#27;[m &amp#27;[35m[@503 - main]&amp#27;[m &amp#27;[36mcom.shaft.tools.io.ReportManager&amp#27;[m : File Action "DoesFileExist" successfully performed. With the following test data "File Path: "Schemas/ValidationError_schema.json"".
2023-01-22 22:04:01.863 &amp#27;[32m INFO&amp#27;[m &amp#27;[35m[@503 - main]&amp#27;[m &amp#27;[36mcom.shaft.tools.io.ReportManager&amp#27;[m : File Action "DoesFileExist" successfully performed. With the following test data "File Path: "src/test/resources/testDataFiles/Schemas/ValidationError_schema.json"".
2023-01-22 22:04:01.863 &amp#27;[32m INFO&amp#27;[m &amp#27;[35m[@503 - main]&amp#27;[m &amp#27;[36mcom.shaft.tools.io.ReportManager&amp#27;[m : File Action "GetAbsolutePath" successfully performed. With the following test data "Relative Folder Path: "src/test/resources/testDataFiles/Schemas/ValidationError_schema.json"".
2023-01-22 22:04:01.866 &amp#27;[32m INFO&amp#27;[m &amp#27;[35m[@503 - main]&amp#27;[m &amp#27;[36mcom.shaft.tools.io.ReportManager&amp#27;[m : File Action "DoesFileExist" successfully performed. With the following test data "File Path: "C:\eclipse-workspace\MyProjects\TASystemsAPIs\src\test\resources\testDataFiles\Schemas\ValidationError_schema.json"".
2023-01-22 22:04:01.866 &amp#27;[32m INFO&amp#27;[m &amp#27;[35m[@503 - main]&amp#27;[m &amp#27;[36mcom.shaft.tools.io.ReportManager&amp#27;[m : File Action "GetAbsolutePath" successfully performed. With the following test data "Relative Folder Path: "C:\eclipse-workspace\MyProjects\TASystemsAPIs\src\test\resources\testDataFiles\Schemas\ValidationError_schema.json"".
2023-01-22 22:04:01.866 &amp#27;[32m INFO&amp#27;[m &amp#27;[35m[@503 - main]&amp#27;[m &amp#27;[36mcom.shaft.tools.io.ReportManager&amp#27;[m : File Action "ReadFile" successfully performed. With the following test data "File Path: "C:\eclipse-workspace\MyProjects\TASystemsAPIs\src\test\resources\testDataFiles\Schemas\ValidationError_schema.json"".
2023-01-22 22:04:01.867 &amp#27;[32m INFO&amp#27;[m &amp#27;[35m[@503 - main]&amp#27;[m &amp#27;[36mcom.shaft.tools.io.ReportManager&amp#27;[m : Successfully created attachment "Validation Test Data - Expected JSON Value"
2023-01-22 22:04:01.868 &amp#27;[32m INFO&amp#27;[m &amp#27;[35m[@503 - main]&amp#27;[m &amp#27;[36mcom.shaft.tools.io.ReportManager&amp#27;[m : Successfully created attachment "Validation Test Data - Actual JSON Value"
2023-01-22 22:04:01.870 &amp#27;[32m INFO&amp#27;[m &amp#27;[35m[@503 - main]&amp#27;[m &amp#27;[36mcom.shaft.tools.io.ReportManager&amp#27;[m : Successfully created attachment "SHAFT Engine Logs - Current Method log: Add_Policy_With_InValid_data_TC"
]]></system-out>
  </testcase>
  <testcase name="Add_Policy_With_InValid_data_TC[[Ljava.lang.Object;@10a1d1b9](42)" classname="SteeringCompanyAPI_TestCases.Test_Policies_Cases" time="1.945">
    <system-out><![CDATA[2023-01-22 22:04:01.874 &amp#27;[32m INFO&amp#27;[m &amp#27;[35m[@534 - main]&amp#27;[m &amp#27;[36mcom.shaft.tools.io.ReportManager&amp#27;[m : 
################################################################################################################################################
Starting Execution:	"85 out of 83" test cases in the current suite
Test Method:		"SteeringCompanyAPI_TestCases.Test_Policies_Cases.Add_Policy_With_InValid_data_TC"
Test Description:	"TC052 -Policy- Perform Add Policy with InValid data"
################################################################################################################################################
2023-01-22 22:04:01.874 &amp#27;[32m INFO&amp#27;[m &amp#27;[35m[@503 - main]&amp#27;[m &amp#27;[36mcom.shaft.tools.io.ReportManager&amp#27;[m : File Action "DoesFileExist" successfully performed. With the following test data "File Path: "SteeringCompanyAPI_TestData/SteeringCompanyAPI_TestData.xlsx"".
2023-01-22 22:04:01.900 &amp#27;[32m INFO&amp#27;[m &amp#27;[35m[@503 - main]&amp#27;[m &amp#27;[36mcom.shaft.tools.io.ReportManager&amp#27;[m : Successfully created attachment "Test Data - Excel"
2023-01-22 22:04:02.874 &amp#27;[32m INFO&amp#27;[m &amp#27;[35m[@503 - main]&amp#27;[m &amp#27;[36mcom.shaft.tools.io.ReportManager&amp#27;[m : Response status code: "200", status line: "HTTP/1.1 200 OK"
2023-01-22 22:04:02.886 &amp#27;[32m INFO&amp#27;[m &amp#27;[35m[@503 - main]&amp#27;[m &amp#27;[36mcom.shaft.tools.io.ReportManager&amp#27;[m : Successfully created attachment "API Request - Specifications"
2023-01-22 22:04:02.888 &amp#27;[32m INFO&amp#27;[m &amp#27;[35m[@503 - main]&amp#27;[m &amp#27;[36mcom.shaft.tools.io.ReportManager&amp#27;[m : Successfully created attachment "API Request - Body"
2023-01-22 22:04:02.889 &amp#27;[32m INFO&amp#27;[m &amp#27;[35m[@503 - main]&amp#27;[m &amp#27;[36mcom.shaft.tools.io.ReportManager&amp#27;[m : Successfully created attachment "API Response - JSON Body"
2023-01-22 22:04:02.898 &amp#27;[32m INFO&amp#27;[m &amp#27;[35m[@503 - main]&amp#27;[m &amp#27;[36mcom.shaft.tools.io.ReportManager&amp#27;[m : File Action "DoesFileExist" successfully performed. With the following test data "File Path: "SteeringCompanyAPI_TestData/SteeringCompanyAPI_TestData.xlsx"".
2023-01-22 22:04:02.930 &amp#27;[32m INFO&amp#27;[m &amp#27;[35m[@503 - main]&amp#27;[m &amp#27;[36mcom.shaft.tools.io.ReportManager&amp#27;[m : Successfully created attachment "Test Data - Excel"
2023-01-22 22:04:02.931 &amp#27;[32m INFO&amp#27;[m &amp#27;[35m[@503 - main]&amp#27;[m &amp#27;[36mcom.shaft.tools.io.ReportManager&amp#27;[m : File Action "DoesFileExist" successfully performed. With the following test data "File Path: "SteeringCompanyAPI_TestData/SteeringCompanyAPI_TestData.xlsx"".
2023-01-22 22:04:02.954 &amp#27;[32m INFO&amp#27;[m &amp#27;[35m[@503 - main]&amp#27;[m &amp#27;[36mcom.shaft.tools.io.ReportManager&amp#27;[m : Successfully created attachment "Test Data - Excel"
2023-01-22 22:04:02.955 &amp#27;[32m INFO&amp#27;[m &amp#27;[35m[@503 - main]&amp#27;[m &amp#27;[36mcom.shaft.tools.io.ReportManager&amp#27;[m : File Action "DoesFileExist" successfully performed. With the following test data "File Path: "SteeringCompanyAPI_TestData/SteeringCompanyAPI_TestData.xlsx"".
2023-01-22 22:04:02.989 &amp#27;[32m INFO&amp#27;[m &amp#27;[35m[@503 - main]&amp#27;[m &amp#27;[36mcom.shaft.tools.io.ReportManager&amp#27;[m : Successfully created attachment "Test Data - Excel"
2023-01-22 22:04:03.795 &amp#27;[32m INFO&amp#27;[m &amp#27;[35m[@503 - main]&amp#27;[m &amp#27;[36mcom.shaft.tools.io.ReportManager&amp#27;[m : Response status code: "422", status line: "HTTP/1.1 422 "
2023-01-22 22:04:03.808 &amp#27;[32m INFO&amp#27;[m &amp#27;[35m[@503 - main]&amp#27;[m &amp#27;[36mcom.shaft.tools.io.ReportManager&amp#27;[m : Successfully created attachment "API Request - Specifications"
2023-01-22 22:04:03.809 &amp#27;[32m INFO&amp#27;[m &amp#27;[35m[@503 - main]&amp#27;[m &amp#27;[36mcom.shaft.tools.io.ReportManager&amp#27;[m : Successfully created attachment "API Request - JSON Body"
2023-01-22 22:04:03.809 &amp#27;[32m INFO&amp#27;[m &amp#27;[35m[@503 - main]&amp#27;[m &amp#27;[36mcom.shaft.tools.io.ReportManager&amp#27;[m : Successfully created attachment "API Response - JSON Body"
2023-01-22 22:04:03.810 &amp#27;[32m INFO&amp#27;[m &amp#27;[35m[@503 - main]&amp#27;[m &amp#27;[36mcom.shaft.tools.io.ReportManager&amp#27;[m : File Action "DoesFileExist" successfully performed. With the following test data "File Path: "Schemas/ValidationError_schema.json"".
2023-01-22 22:04:03.810 &amp#27;[32m INFO&amp#27;[m &amp#27;[35m[@503 - main]&amp#27;[m &amp#27;[36mcom.shaft.tools.io.ReportManager&amp#27;[m : File Action "DoesFileExist" successfully performed. With the following test data "File Path: "src/test/resources/testDataFiles/Schemas/ValidationError_schema.json"".
2023-01-22 22:04:03.811 &amp#27;[32m INFO&amp#27;[m &amp#27;[35m[@503 - main]&amp#27;[m &amp#27;[36mcom.shaft.tools.io.ReportManager&amp#27;[m : File Action "GetAbsolutePath" successfully performed. With the following test data "Relative Folder Path: "src/test/resources/testDataFiles/Schemas/ValidationError_schema.json"".
2023-01-22 22:04:03.813 &amp#27;[32m INFO&amp#27;[m &amp#27;[35m[@503 - main]&amp#27;[m &amp#27;[36mcom.shaft.tools.io.ReportManager&amp#27;[m : File Action "DoesFileExist" successfully performed. With the following test data "File Path: "C:\eclipse-workspace\MyProjects\TASystemsAPIs\src\test\resources\testDataFiles\Schemas\ValidationError_schema.json"".
2023-01-22 22:04:03.813 &amp#27;[32m INFO&amp#27;[m &amp#27;[35m[@503 - main]&amp#27;[m &amp#27;[36mcom.shaft.tools.io.ReportManager&amp#27;[m : File Action "GetAbsolutePath" successfully performed. With the following test data "Relative Folder Path: "C:\eclipse-workspace\MyProjects\TASystemsAPIs\src\test\resources\testDataFiles\Schemas\ValidationError_schema.json"".
2023-01-22 22:04:03.813 &amp#27;[32m INFO&amp#27;[m &amp#27;[35m[@503 - main]&amp#27;[m &amp#27;[36mcom.shaft.tools.io.ReportManager&amp#27;[m : File Action "ReadFile" successfully performed. With the following test data "File Path: "C:\eclipse-workspace\MyProjects\TASystemsAPIs\src\test\resources\testDataFiles\Schemas\ValidationError_schema.json"".
2023-01-22 22:04:03.814 &amp#27;[32m INFO&amp#27;[m &amp#27;[35m[@503 - main]&amp#27;[m &amp#27;[36mcom.shaft.tools.io.ReportManager&amp#27;[m : Successfully created attachment "Validation Test Data - Expected JSON Value"
2023-01-22 22:04:03.815 &amp#27;[32m INFO&amp#27;[m &amp#27;[35m[@503 - main]&amp#27;[m &amp#27;[36mcom.shaft.tools.io.ReportManager&amp#27;[m : Successfully created attachment "Validation Test Data - Actual JSON Value"
2023-01-22 22:04:03.816 &amp#27;[32m INFO&amp#27;[m &amp#27;[35m[@503 - main]&amp#27;[m &amp#27;[36mcom.shaft.tools.io.ReportManager&amp#27;[m : Successfully created attachment "SHAFT Engine Logs - Current Method log: Add_Policy_With_InValid_data_TC"
]]></system-out>
  </testcase>
  <testcase name="Add_Policy_With_InValid_data_TC[[Ljava.lang.Object;@51f3efe](43)" classname="SteeringCompanyAPI_TestCases.Test_Policies_Cases" time="1.86">
    <system-out><![CDATA[2023-01-22 22:04:03.819 &amp#27;[32m INFO&amp#27;[m &amp#27;[35m[@534 - main]&amp#27;[m &amp#27;[36mcom.shaft.tools.io.ReportManager&amp#27;[m : 
################################################################################################################################################
Starting Execution:	"86 out of 83" test cases in the current suite
Test Method:		"SteeringCompanyAPI_TestCases.Test_Policies_Cases.Add_Policy_With_InValid_data_TC"
Test Description:	"TC052 -Policy- Perform Add Policy with InValid data"
################################################################################################################################################
2023-01-22 22:04:03.819 &amp#27;[32m INFO&amp#27;[m &amp#27;[35m[@503 - main]&amp#27;[m &amp#27;[36mcom.shaft.tools.io.ReportManager&amp#27;[m : File Action "DoesFileExist" successfully performed. With the following test data "File Path: "SteeringCompanyAPI_TestData/SteeringCompanyAPI_TestData.xlsx"".
2023-01-22 22:04:03.841 &amp#27;[32m INFO&amp#27;[m &amp#27;[35m[@503 - main]&amp#27;[m &amp#27;[36mcom.shaft.tools.io.ReportManager&amp#27;[m : Successfully created attachment "Test Data - Excel"
2023-01-22 22:04:04.748 &amp#27;[32m INFO&amp#27;[m &amp#27;[35m[@503 - main]&amp#27;[m &amp#27;[36mcom.shaft.tools.io.ReportManager&amp#27;[m : Response status code: "200", status line: "HTTP/1.1 200 OK"
2023-01-22 22:04:04.760 &amp#27;[32m INFO&amp#27;[m &amp#27;[35m[@503 - main]&amp#27;[m &amp#27;[36mcom.shaft.tools.io.ReportManager&amp#27;[m : Successfully created attachment "API Request - Specifications"
2023-01-22 22:04:04.761 &amp#27;[32m INFO&amp#27;[m &amp#27;[35m[@503 - main]&amp#27;[m &amp#27;[36mcom.shaft.tools.io.ReportManager&amp#27;[m : Successfully created attachment "API Request - Body"
2023-01-22 22:04:04.762 &amp#27;[32m INFO&amp#27;[m &amp#27;[35m[@503 - main]&amp#27;[m &amp#27;[36mcom.shaft.tools.io.ReportManager&amp#27;[m : Successfully created attachment "API Response - JSON Body"
2023-01-22 22:04:04.769 &amp#27;[32m INFO&amp#27;[m &amp#27;[35m[@503 - main]&amp#27;[m &amp#27;[36mcom.shaft.tools.io.ReportManager&amp#27;[m : File Action "DoesFileExist" successfully performed. With the following test data "File Path: "SteeringCompanyAPI_TestData/SteeringCompanyAPI_TestData.xlsx"".
2023-01-22 22:04:04.805 &amp#27;[32m INFO&amp#27;[m &amp#27;[35m[@503 - main]&amp#27;[m &amp#27;[36mcom.shaft.tools.io.ReportManager&amp#27;[m : Successfully created attachment "Test Data - Excel"
2023-01-22 22:04:04.806 &amp#27;[32m INFO&amp#27;[m &amp#27;[35m[@503 - main]&amp#27;[m &amp#27;[36mcom.shaft.tools.io.ReportManager&amp#27;[m : File Action "DoesFileExist" successfully performed. With the following test data "File Path: "SteeringCompanyAPI_TestData/SteeringCompanyAPI_TestData.xlsx"".
2023-01-22 22:04:04.827 &amp#27;[32m INFO&amp#27;[m &amp#27;[35m[@503 - main]&amp#27;[m &amp#27;[36mcom.shaft.tools.io.ReportManager&amp#27;[m : Successfully created attachment "Test Data - Excel"
2023-01-22 22:04:04.827 &amp#27;[32m INFO&amp#27;[m &amp#27;[35m[@503 - main]&amp#27;[m &amp#27;[36mcom.shaft.tools.io.ReportManager&amp#27;[m : File Action "DoesFileExist" successfully performed. With the following test data "File Path: "SteeringCompanyAPI_TestData/SteeringCompanyAPI_TestData.xlsx"".
2023-01-22 22:04:04.851 &amp#27;[32m INFO&amp#27;[m &amp#27;[35m[@503 - main]&amp#27;[m &amp#27;[36mcom.shaft.tools.io.ReportManager&amp#27;[m : Successfully created attachment "Test Data - Excel"
2023-01-22 22:04:05.653 &amp#27;[32m INFO&amp#27;[m &amp#27;[35m[@503 - main]&amp#27;[m &amp#27;[36mcom.shaft.tools.io.ReportManager&amp#27;[m : Response status code: "422", status line: "HTTP/1.1 422 "
2023-01-22 22:04:05.665 &amp#27;[32m INFO&amp#27;[m &amp#27;[35m[@503 - main]&amp#27;[m &amp#27;[36mcom.shaft.tools.io.ReportManager&amp#27;[m : Successfully created attachment "API Request - Specifications"
2023-01-22 22:04:05.666 &amp#27;[32m INFO&amp#27;[m &amp#27;[35m[@503 - main]&amp#27;[m &amp#27;[36mcom.shaft.tools.io.ReportManager&amp#27;[m : Successfully created attachment "API Request - JSON Body"
2023-01-22 22:04:05.667 &amp#27;[32m INFO&amp#27;[m &amp#27;[35m[@503 - main]&amp#27;[m &amp#27;[36mcom.shaft.tools.io.ReportManager&amp#27;[m : Successfully created attachment "API Response - JSON Body"
2023-01-22 22:04:05.668 &amp#27;[32m INFO&amp#27;[m &amp#27;[35m[@503 - main]&amp#27;[m &amp#27;[36mcom.shaft.tools.io.ReportManager&amp#27;[m : File Action "DoesFileExist" successfully performed. With the following test data "File Path: "Schemas/ValidationError_schema.json"".
2023-01-22 22:04:05.668 &amp#27;[32m INFO&amp#27;[m &amp#27;[35m[@503 - main]&amp#27;[m &amp#27;[36mcom.shaft.tools.io.ReportManager&amp#27;[m : File Action "DoesFileExist" successfully performed. With the following test data "File Path: "src/test/resources/testDataFiles/Schemas/ValidationError_schema.json"".
2023-01-22 22:04:05.668 &amp#27;[32m INFO&amp#27;[m &amp#27;[35m[@503 - main]&amp#27;[m &amp#27;[36mcom.shaft.tools.io.ReportManager&amp#27;[m : File Action "GetAbsolutePath" successfully performed. With the following test data "Relative Folder Path: "src/test/resources/testDataFiles/Schemas/ValidationError_schema.json"".
2023-01-22 22:04:05.670 &amp#27;[32m INFO&amp#27;[m &amp#27;[35m[@503 - main]&amp#27;[m &amp#27;[36mcom.shaft.tools.io.ReportManager&amp#27;[m : File Action "DoesFileExist" successfully performed. With the following test data "File Path: "C:\eclipse-workspace\MyProjects\TASystemsAPIs\src\test\resources\testDataFiles\Schemas\ValidationError_schema.json"".
2023-01-22 22:04:05.670 &amp#27;[32m INFO&amp#27;[m &amp#27;[35m[@503 - main]&amp#27;[m &amp#27;[36mcom.shaft.tools.io.ReportManager&amp#27;[m : File Action "GetAbsolutePath" successfully performed. With the following test data "Relative Folder Path: "C:\eclipse-workspace\MyProjects\TASystemsAPIs\src\test\resources\testDataFiles\Schemas\ValidationError_schema.json"".
2023-01-22 22:04:05.671 &amp#27;[32m INFO&amp#27;[m &amp#27;[35m[@503 - main]&amp#27;[m &amp#27;[36mcom.shaft.tools.io.ReportManager&amp#27;[m : File Action "ReadFile" successfully performed. With the following test data "File Path: "C:\eclipse-workspace\MyProjects\TASystemsAPIs\src\test\resources\testDataFiles\Schemas\ValidationError_schema.json"".
2023-01-22 22:04:05.673 &amp#27;[32m INFO&amp#27;[m &amp#27;[35m[@503 - main]&amp#27;[m &amp#27;[36mcom.shaft.tools.io.ReportManager&amp#27;[m : Successfully created attachment "Validation Test Data - Expected JSON Value"
2023-01-22 22:04:05.674 &amp#27;[32m INFO&amp#27;[m &amp#27;[35m[@503 - main]&amp#27;[m &amp#27;[36mcom.shaft.tools.io.ReportManager&amp#27;[m : Successfully created attachment "Validation Test Data - Actual JSON Value"
2023-01-22 22:04:05.675 &amp#27;[32m INFO&amp#27;[m &amp#27;[35m[@503 - main]&amp#27;[m &amp#27;[36mcom.shaft.tools.io.ReportManager&amp#27;[m : Successfully created attachment "SHAFT Engine Logs - Current Method log: Add_Policy_With_InValid_data_TC"
]]></system-out>
  </testcase>
  <testcase name="Add_Policy_With_InValid_data_TC[[Ljava.lang.Object;@59f52bca](44)" classname="SteeringCompanyAPI_TestCases.Test_Policies_Cases" time="1.926">
    <system-out><![CDATA[2023-01-22 22:04:05.679 &amp#27;[32m INFO&amp#27;[m &amp#27;[35m[@534 - main]&amp#27;[m &amp#27;[36mcom.shaft.tools.io.ReportManager&amp#27;[m : 
################################################################################################################################################
Starting Execution:	"87 out of 83" test cases in the current suite
Test Method:		"SteeringCompanyAPI_TestCases.Test_Policies_Cases.Add_Policy_With_InValid_data_TC"
Test Description:	"TC052 -Policy- Perform Add Policy with InValid data"
################################################################################################################################################
2023-01-22 22:04:05.680 &amp#27;[32m INFO&amp#27;[m &amp#27;[35m[@503 - main]&amp#27;[m &amp#27;[36mcom.shaft.tools.io.ReportManager&amp#27;[m : File Action "DoesFileExist" successfully performed. With the following test data "File Path: "SteeringCompanyAPI_TestData/SteeringCompanyAPI_TestData.xlsx"".
2023-01-22 22:04:05.701 &amp#27;[32m INFO&amp#27;[m &amp#27;[35m[@503 - main]&amp#27;[m &amp#27;[36mcom.shaft.tools.io.ReportManager&amp#27;[m : Successfully created attachment "Test Data - Excel"
2023-01-22 22:04:06.630 &amp#27;[32m INFO&amp#27;[m &amp#27;[35m[@503 - main]&amp#27;[m &amp#27;[36mcom.shaft.tools.io.ReportManager&amp#27;[m : Response status code: "200", status line: "HTTP/1.1 200 OK"
2023-01-22 22:04:06.641 &amp#27;[32m INFO&amp#27;[m &amp#27;[35m[@503 - main]&amp#27;[m &amp#27;[36mcom.shaft.tools.io.ReportManager&amp#27;[m : Successfully created attachment "API Request - Specifications"
2023-01-22 22:04:06.641 &amp#27;[32m INFO&amp#27;[m &amp#27;[35m[@503 - main]&amp#27;[m &amp#27;[36mcom.shaft.tools.io.ReportManager&amp#27;[m : Successfully created attachment "API Request - Body"
2023-01-22 22:04:06.643 &amp#27;[32m INFO&amp#27;[m &amp#27;[35m[@503 - main]&amp#27;[m &amp#27;[36mcom.shaft.tools.io.ReportManager&amp#27;[m : Successfully created attachment "API Response - JSON Body"
2023-01-22 22:04:06.650 &amp#27;[32m INFO&amp#27;[m &amp#27;[35m[@503 - main]&amp#27;[m &amp#27;[36mcom.shaft.tools.io.ReportManager&amp#27;[m : File Action "DoesFileExist" successfully performed. With the following test data "File Path: "SteeringCompanyAPI_TestData/SteeringCompanyAPI_TestData.xlsx"".
2023-01-22 22:04:06.680 &amp#27;[32m INFO&amp#27;[m &amp#27;[35m[@503 - main]&amp#27;[m &amp#27;[36mcom.shaft.tools.io.ReportManager&amp#27;[m : Successfully created attachment "Test Data - Excel"
2023-01-22 22:04:06.681 &amp#27;[32m INFO&amp#27;[m &amp#27;[35m[@503 - main]&amp#27;[m &amp#27;[36mcom.shaft.tools.io.ReportManager&amp#27;[m : File Action "DoesFileExist" successfully performed. With the following test data "File Path: "SteeringCompanyAPI_TestData/SteeringCompanyAPI_TestData.xlsx"".
2023-01-22 22:04:06.701 &amp#27;[32m INFO&amp#27;[m &amp#27;[35m[@503 - main]&amp#27;[m &amp#27;[36mcom.shaft.tools.io.ReportManager&amp#27;[m : Successfully created attachment "Test Data - Excel"
2023-01-22 22:04:06.702 &amp#27;[32m INFO&amp#27;[m &amp#27;[35m[@503 - main]&amp#27;[m &amp#27;[36mcom.shaft.tools.io.ReportManager&amp#27;[m : File Action "DoesFileExist" successfully performed. With the following test data "File Path: "SteeringCompanyAPI_TestData/SteeringCompanyAPI_TestData.xlsx"".
2023-01-22 22:04:06.725 &amp#27;[32m INFO&amp#27;[m &amp#27;[35m[@503 - main]&amp#27;[m &amp#27;[36mcom.shaft.tools.io.ReportManager&amp#27;[m : Successfully created attachment "Test Data - Excel"
2023-01-22 22:04:07.583 &amp#27;[32m INFO&amp#27;[m &amp#27;[35m[@503 - main]&amp#27;[m &amp#27;[36mcom.shaft.tools.io.ReportManager&amp#27;[m : Response status code: "422", status line: "HTTP/1.1 422 "
2023-01-22 22:04:07.594 &amp#27;[32m INFO&amp#27;[m &amp#27;[35m[@503 - main]&amp#27;[m &amp#27;[36mcom.shaft.tools.io.ReportManager&amp#27;[m : Successfully created attachment "API Request - Specifications"
2023-01-22 22:04:07.594 &amp#27;[32m INFO&amp#27;[m &amp#27;[35m[@503 - main]&amp#27;[m &amp#27;[36mcom.shaft.tools.io.ReportManager&amp#27;[m : Successfully created attachment "API Request - JSON Body"
2023-01-22 22:04:07.595 &amp#27;[32m INFO&amp#27;[m &amp#27;[35m[@503 - main]&amp#27;[m &amp#27;[36mcom.shaft.tools.io.ReportManager&amp#27;[m : Successfully created attachment "API Response - JSON Body"
2023-01-22 22:04:07.595 &amp#27;[32m INFO&amp#27;[m &amp#27;[35m[@503 - main]&amp#27;[m &amp#27;[36mcom.shaft.tools.io.ReportManager&amp#27;[m : File Action "DoesFileExist" successfully performed. With the following test data "File Path: "Schemas/ValidationError_schema.json"".
2023-01-22 22:04:07.595 &amp#27;[32m INFO&amp#27;[m &amp#27;[35m[@503 - main]&amp#27;[m &amp#27;[36mcom.shaft.tools.io.ReportManager&amp#27;[m : File Action "DoesFileExist" successfully performed. With the following test data "File Path: "src/test/resources/testDataFiles/Schemas/ValidationError_schema.json"".
2023-01-22 22:04:07.596 &amp#27;[32m INFO&amp#27;[m &amp#27;[35m[@503 - main]&amp#27;[m &amp#27;[36mcom.shaft.tools.io.ReportManager&amp#27;[m : File Action "GetAbsolutePath" successfully performed. With the following test data "Relative Folder Path: "src/test/resources/testDataFiles/Schemas/ValidationError_schema.json"".
2023-01-22 22:04:07.598 &amp#27;[32m INFO&amp#27;[m &amp#27;[35m[@503 - main]&amp#27;[m &amp#27;[36mcom.shaft.tools.io.ReportManager&amp#27;[m : File Action "DoesFileExist" successfully performed. With the following test data "File Path: "C:\eclipse-workspace\MyProjects\TASystemsAPIs\src\test\resources\testDataFiles\Schemas\ValidationError_schema.json"".
2023-01-22 22:04:07.598 &amp#27;[32m INFO&amp#27;[m &amp#27;[35m[@503 - main]&amp#27;[m &amp#27;[36mcom.shaft.tools.io.ReportManager&amp#27;[m : File Action "GetAbsolutePath" successfully performed. With the following test data "Relative Folder Path: "C:\eclipse-workspace\MyProjects\TASystemsAPIs\src\test\resources\testDataFiles\Schemas\ValidationError_schema.json"".
2023-01-22 22:04:07.598 &amp#27;[32m INFO&amp#27;[m &amp#27;[35m[@503 - main]&amp#27;[m &amp#27;[36mcom.shaft.tools.io.ReportManager&amp#27;[m : File Action "ReadFile" successfully performed. With the following test data "File Path: "C:\eclipse-workspace\MyProjects\TASystemsAPIs\src\test\resources\testDataFiles\Schemas\ValidationError_schema.json"".
2023-01-22 22:04:07.600 &amp#27;[32m INFO&amp#27;[m &amp#27;[35m[@503 - main]&amp#27;[m &amp#27;[36mcom.shaft.tools.io.ReportManager&amp#27;[m : Successfully created attachment "Validation Test Data - Expected JSON Value"
2023-01-22 22:04:07.601 &amp#27;[32m INFO&amp#27;[m &amp#27;[35m[@503 - main]&amp#27;[m &amp#27;[36mcom.shaft.tools.io.ReportManager&amp#27;[m : Successfully created attachment "Validation Test Data - Actual JSON Value"
2023-01-22 22:04:07.602 &amp#27;[32m INFO&amp#27;[m &amp#27;[35m[@503 - main]&amp#27;[m &amp#27;[36mcom.shaft.tools.io.ReportManager&amp#27;[m : Successfully created attachment "SHAFT Engine Logs - Current Method log: Add_Policy_With_InValid_data_TC"
]]></system-out>
  </testcase>
  <testcase name="Add_Policy_With_InValid_data_TC[[Ljava.lang.Object;@75823c39](45)" classname="SteeringCompanyAPI_TestCases.Test_Policies_Cases" time="1.847">
    <system-out><![CDATA[2023-01-22 22:04:07.605 &amp#27;[32m INFO&amp#27;[m &amp#27;[35m[@534 - main]&amp#27;[m &amp#27;[36mcom.shaft.tools.io.ReportManager&amp#27;[m : 
################################################################################################################################################
Starting Execution:	"88 out of 83" test cases in the current suite
Test Method:		"SteeringCompanyAPI_TestCases.Test_Policies_Cases.Add_Policy_With_InValid_data_TC"
Test Description:	"TC052 -Policy- Perform Add Policy with InValid data"
################################################################################################################################################
2023-01-22 22:04:07.605 &amp#27;[32m INFO&amp#27;[m &amp#27;[35m[@503 - main]&amp#27;[m &amp#27;[36mcom.shaft.tools.io.ReportManager&amp#27;[m : File Action "DoesFileExist" successfully performed. With the following test data "File Path: "SteeringCompanyAPI_TestData/SteeringCompanyAPI_TestData.xlsx"".
2023-01-22 22:04:07.629 &amp#27;[32m INFO&amp#27;[m &amp#27;[35m[@503 - main]&amp#27;[m &amp#27;[36mcom.shaft.tools.io.ReportManager&amp#27;[m : Successfully created attachment "Test Data - Excel"
2023-01-22 22:04:08.526 &amp#27;[32m INFO&amp#27;[m &amp#27;[35m[@503 - main]&amp#27;[m &amp#27;[36mcom.shaft.tools.io.ReportManager&amp#27;[m : Response status code: "200", status line: "HTTP/1.1 200 OK"
2023-01-22 22:04:08.537 &amp#27;[32m INFO&amp#27;[m &amp#27;[35m[@503 - main]&amp#27;[m &amp#27;[36mcom.shaft.tools.io.ReportManager&amp#27;[m : Successfully created attachment "API Request - Specifications"
2023-01-22 22:04:08.537 &amp#27;[32m INFO&amp#27;[m &amp#27;[35m[@503 - main]&amp#27;[m &amp#27;[36mcom.shaft.tools.io.ReportManager&amp#27;[m : Successfully created attachment "API Request - Body"
2023-01-22 22:04:08.539 &amp#27;[32m INFO&amp#27;[m &amp#27;[35m[@503 - main]&amp#27;[m &amp#27;[36mcom.shaft.tools.io.ReportManager&amp#27;[m : Successfully created attachment "API Response - JSON Body"
2023-01-22 22:04:08.546 &amp#27;[32m INFO&amp#27;[m &amp#27;[35m[@503 - main]&amp#27;[m &amp#27;[36mcom.shaft.tools.io.ReportManager&amp#27;[m : File Action "DoesFileExist" successfully performed. With the following test data "File Path: "SteeringCompanyAPI_TestData/SteeringCompanyAPI_TestData.xlsx"".
2023-01-22 22:04:08.577 &amp#27;[32m INFO&amp#27;[m &amp#27;[35m[@503 - main]&amp#27;[m &amp#27;[36mcom.shaft.tools.io.ReportManager&amp#27;[m : Successfully created attachment "Test Data - Excel"
2023-01-22 22:04:08.577 &amp#27;[32m INFO&amp#27;[m &amp#27;[35m[@503 - main]&amp#27;[m &amp#27;[36mcom.shaft.tools.io.ReportManager&amp#27;[m : File Action "DoesFileExist" successfully performed. With the following test data "File Path: "SteeringCompanyAPI_TestData/SteeringCompanyAPI_TestData.xlsx"".
2023-01-22 22:04:08.601 &amp#27;[32m INFO&amp#27;[m &amp#27;[35m[@503 - main]&amp#27;[m &amp#27;[36mcom.shaft.tools.io.ReportManager&amp#27;[m : Successfully created attachment "Test Data - Excel"
2023-01-22 22:04:08.602 &amp#27;[32m INFO&amp#27;[m &amp#27;[35m[@503 - main]&amp#27;[m &amp#27;[36mcom.shaft.tools.io.ReportManager&amp#27;[m : File Action "DoesFileExist" successfully performed. With the following test data "File Path: "SteeringCompanyAPI_TestData/SteeringCompanyAPI_TestData.xlsx"".
2023-01-22 22:04:08.639 &amp#27;[32m INFO&amp#27;[m &amp#27;[35m[@503 - main]&amp#27;[m &amp#27;[36mcom.shaft.tools.io.ReportManager&amp#27;[m : Successfully created attachment "Test Data - Excel"
2023-01-22 22:04:09.426 &amp#27;[32m INFO&amp#27;[m &amp#27;[35m[@503 - main]&amp#27;[m &amp#27;[36mcom.shaft.tools.io.ReportManager&amp#27;[m : Response status code: "422", status line: "HTTP/1.1 422 "
2023-01-22 22:04:09.438 &amp#27;[32m INFO&amp#27;[m &amp#27;[35m[@503 - main]&amp#27;[m &amp#27;[36mcom.shaft.tools.io.ReportManager&amp#27;[m : Successfully created attachment "API Request - Specifications"
2023-01-22 22:04:09.439 &amp#27;[32m INFO&amp#27;[m &amp#27;[35m[@503 - main]&amp#27;[m &amp#27;[36mcom.shaft.tools.io.ReportManager&amp#27;[m : Successfully created attachment "API Request - JSON Body"
2023-01-22 22:04:09.441 &amp#27;[32m INFO&amp#27;[m &amp#27;[35m[@503 - main]&amp#27;[m &amp#27;[36mcom.shaft.tools.io.ReportManager&amp#27;[m : Successfully created attachment "API Response - JSON Body"
2023-01-22 22:04:09.442 &amp#27;[32m INFO&amp#27;[m &amp#27;[35m[@503 - main]&amp#27;[m &amp#27;[36mcom.shaft.tools.io.ReportManager&amp#27;[m : File Action "DoesFileExist" successfully performed. With the following test data "File Path: "Schemas/ValidationError_schema.json"".
2023-01-22 22:04:09.442 &amp#27;[32m INFO&amp#27;[m &amp#27;[35m[@503 - main]&amp#27;[m &amp#27;[36mcom.shaft.tools.io.ReportManager&amp#27;[m : File Action "DoesFileExist" successfully performed. With the following test data "File Path: "src/test/resources/testDataFiles/Schemas/ValidationError_schema.json"".
2023-01-22 22:04:09.443 &amp#27;[32m INFO&amp#27;[m &amp#27;[35m[@503 - main]&amp#27;[m &amp#27;[36mcom.shaft.tools.io.ReportManager&amp#27;[m : File Action "GetAbsolutePath" successfully performed. With the following test data "Relative Folder Path: "src/test/resources/testDataFiles/Schemas/ValidationError_schema.json"".
2023-01-22 22:04:09.446 &amp#27;[32m INFO&amp#27;[m &amp#27;[35m[@503 - main]&amp#27;[m &amp#27;[36mcom.shaft.tools.io.ReportManager&amp#27;[m : File Action "DoesFileExist" successfully performed. With the following test data "File Path: "C:\eclipse-workspace\MyProjects\TASystemsAPIs\src\test\resources\testDataFiles\Schemas\ValidationError_schema.json"".
2023-01-22 22:04:09.446 &amp#27;[32m INFO&amp#27;[m &amp#27;[35m[@503 - main]&amp#27;[m &amp#27;[36mcom.shaft.tools.io.ReportManager&amp#27;[m : File Action "GetAbsolutePath" successfully performed. With the following test data "Relative Folder Path: "C:\eclipse-workspace\MyProjects\TASystemsAPIs\src\test\resources\testDataFiles\Schemas\ValidationError_schema.json"".
2023-01-22 22:04:09.446 &amp#27;[32m INFO&amp#27;[m &amp#27;[35m[@503 - main]&amp#27;[m &amp#27;[36mcom.shaft.tools.io.ReportManager&amp#27;[m : File Action "ReadFile" successfully performed. With the following test data "File Path: "C:\eclipse-workspace\MyProjects\TASystemsAPIs\src\test\resources\testDataFiles\Schemas\ValidationError_schema.json"".
2023-01-22 22:04:09.448 &amp#27;[32m INFO&amp#27;[m &amp#27;[35m[@503 - main]&amp#27;[m &amp#27;[36mcom.shaft.tools.io.ReportManager&amp#27;[m : Successfully created attachment "Validation Test Data - Expected JSON Value"
2023-01-22 22:04:09.450 &amp#27;[32m INFO&amp#27;[m &amp#27;[35m[@503 - main]&amp#27;[m &amp#27;[36mcom.shaft.tools.io.ReportManager&amp#27;[m : Successfully created attachment "Validation Test Data - Actual JSON Value"
2023-01-22 22:04:09.450 &amp#27;[32m INFO&amp#27;[m &amp#27;[35m[@503 - main]&amp#27;[m &amp#27;[36mcom.shaft.tools.io.ReportManager&amp#27;[m : Successfully created attachment "SHAFT Engine Logs - Current Method log: Add_Policy_With_InValid_data_TC"
]]></system-out>
  </testcase>
  <testcase name="Add_Policy_With_InValid_data_TC[[Ljava.lang.Object;@4b45a190](46)" classname="SteeringCompanyAPI_TestCases.Test_Policies_Cases" time="1.951">
    <system-out><![CDATA[2023-01-22 22:04:09.453 &amp#27;[32m INFO&amp#27;[m &amp#27;[35m[@534 - main]&amp#27;[m &amp#27;[36mcom.shaft.tools.io.ReportManager&amp#27;[m : 
################################################################################################################################################
Starting Execution:	"89 out of 83" test cases in the current suite
Test Method:		"SteeringCompanyAPI_TestCases.Test_Policies_Cases.Add_Policy_With_InValid_data_TC"
Test Description:	"TC052 -Policy- Perform Add Policy with InValid data"
################################################################################################################################################
2023-01-22 22:04:09.453 &amp#27;[32m INFO&amp#27;[m &amp#27;[35m[@503 - main]&amp#27;[m &amp#27;[36mcom.shaft.tools.io.ReportManager&amp#27;[m : File Action "DoesFileExist" successfully performed. With the following test data "File Path: "SteeringCompanyAPI_TestData/SteeringCompanyAPI_TestData.xlsx"".
2023-01-22 22:04:09.476 &amp#27;[32m INFO&amp#27;[m &amp#27;[35m[@503 - main]&amp#27;[m &amp#27;[36mcom.shaft.tools.io.ReportManager&amp#27;[m : Successfully created attachment "Test Data - Excel"
2023-01-22 22:04:10.407 &amp#27;[32m INFO&amp#27;[m &amp#27;[35m[@503 - main]&amp#27;[m &amp#27;[36mcom.shaft.tools.io.ReportManager&amp#27;[m : Response status code: "200", status line: "HTTP/1.1 200 OK"
2023-01-22 22:04:10.420 &amp#27;[32m INFO&amp#27;[m &amp#27;[35m[@503 - main]&amp#27;[m &amp#27;[36mcom.shaft.tools.io.ReportManager&amp#27;[m : Successfully created attachment "API Request - Specifications"
2023-01-22 22:04:10.423 &amp#27;[32m INFO&amp#27;[m &amp#27;[35m[@503 - main]&amp#27;[m &amp#27;[36mcom.shaft.tools.io.ReportManager&amp#27;[m : Successfully created attachment "API Request - Body"
2023-01-22 22:04:10.424 &amp#27;[32m INFO&amp#27;[m &amp#27;[35m[@503 - main]&amp#27;[m &amp#27;[36mcom.shaft.tools.io.ReportManager&amp#27;[m : Successfully created attachment "API Response - JSON Body"
2023-01-22 22:04:10.433 &amp#27;[32m INFO&amp#27;[m &amp#27;[35m[@503 - main]&amp#27;[m &amp#27;[36mcom.shaft.tools.io.ReportManager&amp#27;[m : File Action "DoesFileExist" successfully performed. With the following test data "File Path: "SteeringCompanyAPI_TestData/SteeringCompanyAPI_TestData.xlsx"".
2023-01-22 22:04:10.465 &amp#27;[32m INFO&amp#27;[m &amp#27;[35m[@503 - main]&amp#27;[m &amp#27;[36mcom.shaft.tools.io.ReportManager&amp#27;[m : Successfully created attachment "Test Data - Excel"
2023-01-22 22:04:10.465 &amp#27;[32m INFO&amp#27;[m &amp#27;[35m[@503 - main]&amp#27;[m &amp#27;[36mcom.shaft.tools.io.ReportManager&amp#27;[m : File Action "DoesFileExist" successfully performed. With the following test data "File Path: "SteeringCompanyAPI_TestData/SteeringCompanyAPI_TestData.xlsx"".
2023-01-22 22:04:10.499 &amp#27;[32m INFO&amp#27;[m &amp#27;[35m[@503 - main]&amp#27;[m &amp#27;[36mcom.shaft.tools.io.ReportManager&amp#27;[m : Successfully created attachment "Test Data - Excel"
2023-01-22 22:04:10.500 &amp#27;[32m INFO&amp#27;[m &amp#27;[35m[@503 - main]&amp#27;[m &amp#27;[36mcom.shaft.tools.io.ReportManager&amp#27;[m : File Action "DoesFileExist" successfully performed. With the following test data "File Path: "SteeringCompanyAPI_TestData/SteeringCompanyAPI_TestData.xlsx"".
2023-01-22 22:04:10.523 &amp#27;[32m INFO&amp#27;[m &amp#27;[35m[@503 - main]&amp#27;[m &amp#27;[36mcom.shaft.tools.io.ReportManager&amp#27;[m : Successfully created attachment "Test Data - Excel"
2023-01-22 22:04:11.377 &amp#27;[32m INFO&amp#27;[m &amp#27;[35m[@503 - main]&amp#27;[m &amp#27;[36mcom.shaft.tools.io.ReportManager&amp#27;[m : Response status code: "422", status line: "HTTP/1.1 422 "
2023-01-22 22:04:11.391 &amp#27;[32m INFO&amp#27;[m &amp#27;[35m[@503 - main]&amp#27;[m &amp#27;[36mcom.shaft.tools.io.ReportManager&amp#27;[m : Successfully created attachment "API Request - Specifications"
2023-01-22 22:04:11.392 &amp#27;[32m INFO&amp#27;[m &amp#27;[35m[@503 - main]&amp#27;[m &amp#27;[36mcom.shaft.tools.io.ReportManager&amp#27;[m : Successfully created attachment "API Request - JSON Body"
2023-01-22 22:04:11.394 &amp#27;[32m INFO&amp#27;[m &amp#27;[35m[@503 - main]&amp#27;[m &amp#27;[36mcom.shaft.tools.io.ReportManager&amp#27;[m : Successfully created attachment "API Response - JSON Body"
2023-01-22 22:04:11.394 &amp#27;[32m INFO&amp#27;[m &amp#27;[35m[@503 - main]&amp#27;[m &amp#27;[36mcom.shaft.tools.io.ReportManager&amp#27;[m : File Action "DoesFileExist" successfully performed. With the following test data "File Path: "Schemas/ValidationError_schema.json"".
2023-01-22 22:04:11.394 &amp#27;[32m INFO&amp#27;[m &amp#27;[35m[@503 - main]&amp#27;[m &amp#27;[36mcom.shaft.tools.io.ReportManager&amp#27;[m : File Action "DoesFileExist" successfully performed. With the following test data "File Path: "src/test/resources/testDataFiles/Schemas/ValidationError_schema.json"".
2023-01-22 22:04:11.395 &amp#27;[32m INFO&amp#27;[m &amp#27;[35m[@503 - main]&amp#27;[m &amp#27;[36mcom.shaft.tools.io.ReportManager&amp#27;[m : File Action "GetAbsolutePath" successfully performed. With the following test data "Relative Folder Path: "src/test/resources/testDataFiles/Schemas/ValidationError_schema.json"".
2023-01-22 22:04:11.397 &amp#27;[32m INFO&amp#27;[m &amp#27;[35m[@503 - main]&amp#27;[m &amp#27;[36mcom.shaft.tools.io.ReportManager&amp#27;[m : File Action "DoesFileExist" successfully performed. With the following test data "File Path: "C:\eclipse-workspace\MyProjects\TASystemsAPIs\src\test\resources\testDataFiles\Schemas\ValidationError_schema.json"".
2023-01-22 22:04:11.397 &amp#27;[32m INFO&amp#27;[m &amp#27;[35m[@503 - main]&amp#27;[m &amp#27;[36mcom.shaft.tools.io.ReportManager&amp#27;[m : File Action "GetAbsolutePath" successfully performed. With the following test data "Relative Folder Path: "C:\eclipse-workspace\MyProjects\TASystemsAPIs\src\test\resources\testDataFiles\Schemas\ValidationError_schema.json"".
2023-01-22 22:04:11.397 &amp#27;[32m INFO&amp#27;[m &amp#27;[35m[@503 - main]&amp#27;[m &amp#27;[36mcom.shaft.tools.io.ReportManager&amp#27;[m : File Action "ReadFile" successfully performed. With the following test data "File Path: "C:\eclipse-workspace\MyProjects\TASystemsAPIs\src\test\resources\testDataFiles\Schemas\ValidationError_schema.json"".
2023-01-22 22:04:11.398 &amp#27;[32m INFO&amp#27;[m &amp#27;[35m[@503 - main]&amp#27;[m &amp#27;[36mcom.shaft.tools.io.ReportManager&amp#27;[m : Successfully created attachment "Validation Test Data - Expected JSON Value"
2023-01-22 22:04:11.399 &amp#27;[32m INFO&amp#27;[m &amp#27;[35m[@503 - main]&amp#27;[m &amp#27;[36mcom.shaft.tools.io.ReportManager&amp#27;[m : Successfully created attachment "Validation Test Data - Actual JSON Value"
2023-01-22 22:04:11.400 &amp#27;[32m INFO&amp#27;[m &amp#27;[35m[@503 - main]&amp#27;[m &amp#27;[36mcom.shaft.tools.io.ReportManager&amp#27;[m : Successfully created attachment "SHAFT Engine Logs - Current Method log: Add_Policy_With_InValid_data_TC"
]]></system-out>
  </testcase>
  <testcase name="Add_Policy_With_InValid_data_TC[[Ljava.lang.Object;@67968225](47)" classname="SteeringCompanyAPI_TestCases.Test_Policies_Cases" time="1.74">
    <system-out><![CDATA[2023-01-22 22:04:11.403 &amp#27;[32m INFO&amp#27;[m &amp#27;[35m[@534 - main]&amp#27;[m &amp#27;[36mcom.shaft.tools.io.ReportManager&amp#27;[m : 
################################################################################################################################################
Starting Execution:	"90 out of 83" test cases in the current suite
Test Method:		"SteeringCompanyAPI_TestCases.Test_Policies_Cases.Add_Policy_With_InValid_data_TC"
Test Description:	"TC052 -Policy- Perform Add Policy with InValid data"
################################################################################################################################################
2023-01-22 22:04:11.404 &amp#27;[32m INFO&amp#27;[m &amp#27;[35m[@503 - main]&amp#27;[m &amp#27;[36mcom.shaft.tools.io.ReportManager&amp#27;[m : File Action "DoesFileExist" successfully performed. With the following test data "File Path: "SteeringCompanyAPI_TestData/SteeringCompanyAPI_TestData.xlsx"".
2023-01-22 22:04:11.429 &amp#27;[32m INFO&amp#27;[m &amp#27;[35m[@503 - main]&amp#27;[m &amp#27;[36mcom.shaft.tools.io.ReportManager&amp#27;[m : Successfully created attachment "Test Data - Excel"
2023-01-22 22:04:12.322 &amp#27;[32m INFO&amp#27;[m &amp#27;[35m[@503 - main]&amp#27;[m &amp#27;[36mcom.shaft.tools.io.ReportManager&amp#27;[m : Response status code: "200", status line: "HTTP/1.1 200 OK"
2023-01-22 22:04:12.348 &amp#27;[32m INFO&amp#27;[m &amp#27;[35m[@503 - main]&amp#27;[m &amp#27;[36mcom.shaft.tools.io.ReportManager&amp#27;[m : Successfully created attachment "API Request - Specifications"
2023-01-22 22:04:12.350 &amp#27;[32m INFO&amp#27;[m &amp#27;[35m[@503 - main]&amp#27;[m &amp#27;[36mcom.shaft.tools.io.ReportManager&amp#27;[m : Successfully created attachment "API Request - Body"
2023-01-22 22:04:12.351 &amp#27;[32m INFO&amp#27;[m &amp#27;[35m[@503 - main]&amp#27;[m &amp#27;[36mcom.shaft.tools.io.ReportManager&amp#27;[m : Successfully created attachment "API Response - JSON Body"
2023-01-22 22:04:12.360 &amp#27;[32m INFO&amp#27;[m &amp#27;[35m[@503 - main]&amp#27;[m &amp#27;[36mcom.shaft.tools.io.ReportManager&amp#27;[m : File Action "DoesFileExist" successfully performed. With the following test data "File Path: "SteeringCompanyAPI_TestData/SteeringCompanyAPI_TestData.xlsx"".
2023-01-22 22:04:12.413 &amp#27;[32m INFO&amp#27;[m &amp#27;[35m[@503 - main]&amp#27;[m &amp#27;[36mcom.shaft.tools.io.ReportManager&amp#27;[m : Successfully created attachment "Test Data - Excel"
2023-01-22 22:04:12.414 &amp#27;[32m INFO&amp#27;[m &amp#27;[35m[@503 - main]&amp#27;[m &amp#27;[36mcom.shaft.tools.io.ReportManager&amp#27;[m : File Action "DoesFileExist" successfully performed. With the following test data "File Path: "SteeringCompanyAPI_TestData/SteeringCompanyAPI_TestData.xlsx"".
2023-01-22 22:04:12.440 &amp#27;[32m INFO&amp#27;[m &amp#27;[35m[@503 - main]&amp#27;[m &amp#27;[36mcom.shaft.tools.io.ReportManager&amp#27;[m : Successfully created attachment "Test Data - Excel"
2023-01-22 22:04:12.440 &amp#27;[32m INFO&amp#27;[m &amp#27;[35m[@503 - main]&amp#27;[m &amp#27;[36mcom.shaft.tools.io.ReportManager&amp#27;[m : File Action "DoesFileExist" successfully performed. With the following test data "File Path: "SteeringCompanyAPI_TestData/SteeringCompanyAPI_TestData.xlsx"".
2023-01-22 22:04:12.460 &amp#27;[32m INFO&amp#27;[m &amp#27;[35m[@503 - main]&amp#27;[m &amp#27;[36mcom.shaft.tools.io.ReportManager&amp#27;[m : Successfully created attachment "Test Data - Excel"
2023-01-22 22:04:13.113 &amp#27;[32m INFO&amp#27;[m &amp#27;[35m[@503 - main]&amp#27;[m &amp#27;[36mcom.shaft.tools.io.ReportManager&amp#27;[m : Response status code: "422", status line: "HTTP/1.1 422 "
2023-01-22 22:04:13.127 &amp#27;[32m INFO&amp#27;[m &amp#27;[35m[@503 - main]&amp#27;[m &amp#27;[36mcom.shaft.tools.io.ReportManager&amp#27;[m : Successfully created attachment "API Request - Specifications"
2023-01-22 22:04:13.128 &amp#27;[32m INFO&amp#27;[m &amp#27;[35m[@503 - main]&amp#27;[m &amp#27;[36mcom.shaft.tools.io.ReportManager&amp#27;[m : Successfully created attachment "API Request - JSON Body"
2023-01-22 22:04:13.129 &amp#27;[32m INFO&amp#27;[m &amp#27;[35m[@503 - main]&amp#27;[m &amp#27;[36mcom.shaft.tools.io.ReportManager&amp#27;[m : Successfully created attachment "API Response - JSON Body"
2023-01-22 22:04:13.130 &amp#27;[32m INFO&amp#27;[m &amp#27;[35m[@503 - main]&amp#27;[m &amp#27;[36mcom.shaft.tools.io.ReportManager&amp#27;[m : File Action "DoesFileExist" successfully performed. With the following test data "File Path: "Schemas/ValidationError_schema.json"".
2023-01-22 22:04:13.130 &amp#27;[32m INFO&amp#27;[m &amp#27;[35m[@503 - main]&amp#27;[m &amp#27;[36mcom.shaft.tools.io.ReportManager&amp#27;[m : File Action "DoesFileExist" successfully performed. With the following test data "File Path: "src/test/resources/testDataFiles/Schemas/ValidationError_schema.json"".
2023-01-22 22:04:13.131 &amp#27;[32m INFO&amp#27;[m &amp#27;[35m[@503 - main]&amp#27;[m &amp#27;[36mcom.shaft.tools.io.ReportManager&amp#27;[m : File Action "GetAbsolutePath" successfully performed. With the following test data "Relative Folder Path: "src/test/resources/testDataFiles/Schemas/ValidationError_schema.json"".
2023-01-22 22:04:13.135 &amp#27;[32m INFO&amp#27;[m &amp#27;[35m[@503 - main]&amp#27;[m &amp#27;[36mcom.shaft.tools.io.ReportManager&amp#27;[m : File Action "DoesFileExist" successfully performed. With the following test data "File Path: "C:\eclipse-workspace\MyProjects\TASystemsAPIs\src\test\resources\testDataFiles\Schemas\ValidationError_schema.json"".
2023-01-22 22:04:13.135 &amp#27;[32m INFO&amp#27;[m &amp#27;[35m[@503 - main]&amp#27;[m &amp#27;[36mcom.shaft.tools.io.ReportManager&amp#27;[m : File Action "GetAbsolutePath" successfully performed. With the following test data "Relative Folder Path: "C:\eclipse-workspace\MyProjects\TASystemsAPIs\src\test\resources\testDataFiles\Schemas\ValidationError_schema.json"".
2023-01-22 22:04:13.136 &amp#27;[32m INFO&amp#27;[m &amp#27;[35m[@503 - main]&amp#27;[m &amp#27;[36mcom.shaft.tools.io.ReportManager&amp#27;[m : File Action "ReadFile" successfully performed. With the following test data "File Path: "C:\eclipse-workspace\MyProjects\TASystemsAPIs\src\test\resources\testDataFiles\Schemas\ValidationError_schema.json"".
2023-01-22 22:04:13.138 &amp#27;[32m INFO&amp#27;[m &amp#27;[35m[@503 - main]&amp#27;[m &amp#27;[36mcom.shaft.tools.io.ReportManager&amp#27;[m : Successfully created attachment "Validation Test Data - Expected JSON Value"
2023-01-22 22:04:13.139 &amp#27;[32m INFO&amp#27;[m &amp#27;[35m[@503 - main]&amp#27;[m &amp#27;[36mcom.shaft.tools.io.ReportManager&amp#27;[m : Successfully created attachment "Validation Test Data - Actual JSON Value"
2023-01-22 22:04:13.140 &amp#27;[32m INFO&amp#27;[m &amp#27;[35m[@503 - main]&amp#27;[m &amp#27;[36mcom.shaft.tools.io.ReportManager&amp#27;[m : Successfully created attachment "SHAFT Engine Logs - Current Method log: Add_Policy_With_InValid_data_TC"
]]></system-out>
  </testcase>
  <testcase name="Add_Policy_With_InValid_data_TC[[Ljava.lang.Object;@279dac48](48)" classname="SteeringCompanyAPI_TestCases.Test_Policies_Cases" time="1.836">
    <system-out><![CDATA[2023-01-22 22:04:13.143 &amp#27;[32m INFO&amp#27;[m &amp#27;[35m[@534 - main]&amp#27;[m &amp#27;[36mcom.shaft.tools.io.ReportManager&amp#27;[m : 
################################################################################################################################################
Starting Execution:	"91 out of 83" test cases in the current suite
Test Method:		"SteeringCompanyAPI_TestCases.Test_Policies_Cases.Add_Policy_With_InValid_data_TC"
Test Description:	"TC052 -Policy- Perform Add Policy with InValid data"
################################################################################################################################################
2023-01-22 22:04:13.144 &amp#27;[32m INFO&amp#27;[m &amp#27;[35m[@503 - main]&amp#27;[m &amp#27;[36mcom.shaft.tools.io.ReportManager&amp#27;[m : File Action "DoesFileExist" successfully performed. With the following test data "File Path: "SteeringCompanyAPI_TestData/SteeringCompanyAPI_TestData.xlsx"".
2023-01-22 22:04:13.172 &amp#27;[32m INFO&amp#27;[m &amp#27;[35m[@503 - main]&amp#27;[m &amp#27;[36mcom.shaft.tools.io.ReportManager&amp#27;[m : Successfully created attachment "Test Data - Excel"
2023-01-22 22:04:14.140 &amp#27;[32m INFO&amp#27;[m &amp#27;[35m[@503 - main]&amp#27;[m &amp#27;[36mcom.shaft.tools.io.ReportManager&amp#27;[m : Response status code: "200", status line: "HTTP/1.1 200 OK"
2023-01-22 22:04:14.153 &amp#27;[32m INFO&amp#27;[m &amp#27;[35m[@503 - main]&amp#27;[m &amp#27;[36mcom.shaft.tools.io.ReportManager&amp#27;[m : Successfully created attachment "API Request - Specifications"
2023-01-22 22:04:14.154 &amp#27;[32m INFO&amp#27;[m &amp#27;[35m[@503 - main]&amp#27;[m &amp#27;[36mcom.shaft.tools.io.ReportManager&amp#27;[m : Successfully created attachment "API Request - Body"
2023-01-22 22:04:14.156 &amp#27;[32m INFO&amp#27;[m &amp#27;[35m[@503 - main]&amp#27;[m &amp#27;[36mcom.shaft.tools.io.ReportManager&amp#27;[m : Successfully created attachment "API Response - JSON Body"
2023-01-22 22:04:14.164 &amp#27;[32m INFO&amp#27;[m &amp#27;[35m[@503 - main]&amp#27;[m &amp#27;[36mcom.shaft.tools.io.ReportManager&amp#27;[m : File Action "DoesFileExist" successfully performed. With the following test data "File Path: "SteeringCompanyAPI_TestData/SteeringCompanyAPI_TestData.xlsx"".
2023-01-22 22:04:14.193 &amp#27;[32m INFO&amp#27;[m &amp#27;[35m[@503 - main]&amp#27;[m &amp#27;[36mcom.shaft.tools.io.ReportManager&amp#27;[m : Successfully created attachment "Test Data - Excel"
2023-01-22 22:04:14.194 &amp#27;[32m INFO&amp#27;[m &amp#27;[35m[@503 - main]&amp#27;[m &amp#27;[36mcom.shaft.tools.io.ReportManager&amp#27;[m : File Action "DoesFileExist" successfully performed. With the following test data "File Path: "SteeringCompanyAPI_TestData/SteeringCompanyAPI_TestData.xlsx"".
2023-01-22 22:04:14.216 &amp#27;[32m INFO&amp#27;[m &amp#27;[35m[@503 - main]&amp#27;[m &amp#27;[36mcom.shaft.tools.io.ReportManager&amp#27;[m : Successfully created attachment "Test Data - Excel"
2023-01-22 22:04:14.216 &amp#27;[32m INFO&amp#27;[m &amp#27;[35m[@503 - main]&amp#27;[m &amp#27;[36mcom.shaft.tools.io.ReportManager&amp#27;[m : File Action "DoesFileExist" successfully performed. With the following test data "File Path: "SteeringCompanyAPI_TestData/SteeringCompanyAPI_TestData.xlsx"".
2023-01-22 22:04:14.240 &amp#27;[32m INFO&amp#27;[m &amp#27;[35m[@503 - main]&amp#27;[m &amp#27;[36mcom.shaft.tools.io.ReportManager&amp#27;[m : Successfully created attachment "Test Data - Excel"
2023-01-22 22:04:14.954 &amp#27;[32m INFO&amp#27;[m &amp#27;[35m[@503 - main]&amp#27;[m &amp#27;[36mcom.shaft.tools.io.ReportManager&amp#27;[m : Response status code: "422", status line: "HTTP/1.1 422 "
2023-01-22 22:04:14.965 &amp#27;[32m INFO&amp#27;[m &amp#27;[35m[@503 - main]&amp#27;[m &amp#27;[36mcom.shaft.tools.io.ReportManager&amp#27;[m : Successfully created attachment "API Request - Specifications"
2023-01-22 22:04:14.966 &amp#27;[32m INFO&amp#27;[m &amp#27;[35m[@503 - main]&amp#27;[m &amp#27;[36mcom.shaft.tools.io.ReportManager&amp#27;[m : Successfully created attachment "API Request - JSON Body"
2023-01-22 22:04:14.968 &amp#27;[32m INFO&amp#27;[m &amp#27;[35m[@503 - main]&amp#27;[m &amp#27;[36mcom.shaft.tools.io.ReportManager&amp#27;[m : Successfully created attachment "API Response - JSON Body"
2023-01-22 22:04:14.969 &amp#27;[32m INFO&amp#27;[m &amp#27;[35m[@503 - main]&amp#27;[m &amp#27;[36mcom.shaft.tools.io.ReportManager&amp#27;[m : File Action "DoesFileExist" successfully performed. With the following test data "File Path: "Schemas/ValidationError_schema.json"".
2023-01-22 22:04:14.969 &amp#27;[32m INFO&amp#27;[m &amp#27;[35m[@503 - main]&amp#27;[m &amp#27;[36mcom.shaft.tools.io.ReportManager&amp#27;[m : File Action "DoesFileExist" successfully performed. With the following test data "File Path: "src/test/resources/testDataFiles/Schemas/ValidationError_schema.json"".
2023-01-22 22:04:14.969 &amp#27;[32m INFO&amp#27;[m &amp#27;[35m[@503 - main]&amp#27;[m &amp#27;[36mcom.shaft.tools.io.ReportManager&amp#27;[m : File Action "GetAbsolutePath" successfully performed. With the following test data "Relative Folder Path: "src/test/resources/testDataFiles/Schemas/ValidationError_schema.json"".
2023-01-22 22:04:14.970 &amp#27;[32m INFO&amp#27;[m &amp#27;[35m[@503 - main]&amp#27;[m &amp#27;[36mcom.shaft.tools.io.ReportManager&amp#27;[m : File Action "DoesFileExist" successfully performed. With the following test data "File Path: "C:\eclipse-workspace\MyProjects\TASystemsAPIs\src\test\resources\testDataFiles\Schemas\ValidationError_schema.json"".
2023-01-22 22:04:14.971 &amp#27;[32m INFO&amp#27;[m &amp#27;[35m[@503 - main]&amp#27;[m &amp#27;[36mcom.shaft.tools.io.ReportManager&amp#27;[m : File Action "GetAbsolutePath" successfully performed. With the following test data "Relative Folder Path: "C:\eclipse-workspace\MyProjects\TASystemsAPIs\src\test\resources\testDataFiles\Schemas\ValidationError_schema.json"".
2023-01-22 22:04:14.971 &amp#27;[32m INFO&amp#27;[m &amp#27;[35m[@503 - main]&amp#27;[m &amp#27;[36mcom.shaft.tools.io.ReportManager&amp#27;[m : File Action "ReadFile" successfully performed. With the following test data "File Path: "C:\eclipse-workspace\MyProjects\TASystemsAPIs\src\test\resources\testDataFiles\Schemas\ValidationError_schema.json"".
2023-01-22 22:04:14.972 &amp#27;[32m INFO&amp#27;[m &amp#27;[35m[@503 - main]&amp#27;[m &amp#27;[36mcom.shaft.tools.io.ReportManager&amp#27;[m : Successfully created attachment "Validation Test Data - Expected JSON Value"
2023-01-22 22:04:14.974 &amp#27;[32m INFO&amp#27;[m &amp#27;[35m[@503 - main]&amp#27;[m &amp#27;[36mcom.shaft.tools.io.ReportManager&amp#27;[m : Successfully created attachment "Validation Test Data - Actual JSON Value"
2023-01-22 22:04:14.976 &amp#27;[32m INFO&amp#27;[m &amp#27;[35m[@503 - main]&amp#27;[m &amp#27;[36mcom.shaft.tools.io.ReportManager&amp#27;[m : Successfully created attachment "SHAFT Engine Logs - Current Method log: Add_Policy_With_InValid_data_TC"
]]></system-out>
  </testcase>
  <testcase name="Add_Policy_With_InValid_data_TC[[Ljava.lang.Object;@2b60416](49)" classname="SteeringCompanyAPI_TestCases.Test_Policies_Cases" time="1.742">
    <system-out><![CDATA[2023-01-22 22:04:14.980 &amp#27;[32m INFO&amp#27;[m &amp#27;[35m[@534 - main]&amp#27;[m &amp#27;[36mcom.shaft.tools.io.ReportManager&amp#27;[m : 
################################################################################################################################################
Starting Execution:	"92 out of 83" test cases in the current suite
Test Method:		"SteeringCompanyAPI_TestCases.Test_Policies_Cases.Add_Policy_With_InValid_data_TC"
Test Description:	"TC052 -Policy- Perform Add Policy with InValid data"
################################################################################################################################################
2023-01-22 22:04:14.980 &amp#27;[32m INFO&amp#27;[m &amp#27;[35m[@503 - main]&amp#27;[m &amp#27;[36mcom.shaft.tools.io.ReportManager&amp#27;[m : File Action "DoesFileExist" successfully performed. With the following test data "File Path: "SteeringCompanyAPI_TestData/SteeringCompanyAPI_TestData.xlsx"".
2023-01-22 22:04:15.008 &amp#27;[32m INFO&amp#27;[m &amp#27;[35m[@503 - main]&amp#27;[m &amp#27;[36mcom.shaft.tools.io.ReportManager&amp#27;[m : Successfully created attachment "Test Data - Excel"
2023-01-22 22:04:15.912 &amp#27;[32m INFO&amp#27;[m &amp#27;[35m[@503 - main]&amp#27;[m &amp#27;[36mcom.shaft.tools.io.ReportManager&amp#27;[m : Response status code: "200", status line: "HTTP/1.1 200 OK"
2023-01-22 22:04:15.929 &amp#27;[32m INFO&amp#27;[m &amp#27;[35m[@503 - main]&amp#27;[m &amp#27;[36mcom.shaft.tools.io.ReportManager&amp#27;[m : Successfully created attachment "API Request - Specifications"
2023-01-22 22:04:15.930 &amp#27;[32m INFO&amp#27;[m &amp#27;[35m[@503 - main]&amp#27;[m &amp#27;[36mcom.shaft.tools.io.ReportManager&amp#27;[m : Successfully created attachment "API Request - Body"
2023-01-22 22:04:15.930 &amp#27;[32m INFO&amp#27;[m &amp#27;[35m[@503 - main]&amp#27;[m &amp#27;[36mcom.shaft.tools.io.ReportManager&amp#27;[m : Successfully created attachment "API Response - JSON Body"
2023-01-22 22:04:15.939 &amp#27;[32m INFO&amp#27;[m &amp#27;[35m[@503 - main]&amp#27;[m &amp#27;[36mcom.shaft.tools.io.ReportManager&amp#27;[m : File Action "DoesFileExist" successfully performed. With the following test data "File Path: "SteeringCompanyAPI_TestData/SteeringCompanyAPI_TestData.xlsx"".
2023-01-22 22:04:15.971 &amp#27;[32m INFO&amp#27;[m &amp#27;[35m[@503 - main]&amp#27;[m &amp#27;[36mcom.shaft.tools.io.ReportManager&amp#27;[m : Successfully created attachment "Test Data - Excel"
2023-01-22 22:04:15.972 &amp#27;[32m INFO&amp#27;[m &amp#27;[35m[@503 - main]&amp#27;[m &amp#27;[36mcom.shaft.tools.io.ReportManager&amp#27;[m : File Action "DoesFileExist" successfully performed. With the following test data "File Path: "SteeringCompanyAPI_TestData/SteeringCompanyAPI_TestData.xlsx"".
2023-01-22 22:04:16.004 &amp#27;[32m INFO&amp#27;[m &amp#27;[35m[@503 - main]&amp#27;[m &amp#27;[36mcom.shaft.tools.io.ReportManager&amp#27;[m : Successfully created attachment "Test Data - Excel"
2023-01-22 22:04:16.004 &amp#27;[32m INFO&amp#27;[m &amp#27;[35m[@503 - main]&amp#27;[m &amp#27;[36mcom.shaft.tools.io.ReportManager&amp#27;[m : File Action "DoesFileExist" successfully performed. With the following test data "File Path: "SteeringCompanyAPI_TestData/SteeringCompanyAPI_TestData.xlsx"".
2023-01-22 22:04:16.034 &amp#27;[32m INFO&amp#27;[m &amp#27;[35m[@503 - main]&amp#27;[m &amp#27;[36mcom.shaft.tools.io.ReportManager&amp#27;[m : Successfully created attachment "Test Data - Excel"
2023-01-22 22:04:16.694 &amp#27;[32m INFO&amp#27;[m &amp#27;[35m[@503 - main]&amp#27;[m &amp#27;[36mcom.shaft.tools.io.ReportManager&amp#27;[m : Response status code: "422", status line: "HTTP/1.1 422 "
2023-01-22 22:04:16.708 &amp#27;[32m INFO&amp#27;[m &amp#27;[35m[@503 - main]&amp#27;[m &amp#27;[36mcom.shaft.tools.io.ReportManager&amp#27;[m : Successfully created attachment "API Request - Specifications"
2023-01-22 22:04:16.709 &amp#27;[32m INFO&amp#27;[m &amp#27;[35m[@503 - main]&amp#27;[m &amp#27;[36mcom.shaft.tools.io.ReportManager&amp#27;[m : Successfully created attachment "API Request - JSON Body"
2023-01-22 22:04:16.709 &amp#27;[32m INFO&amp#27;[m &amp#27;[35m[@503 - main]&amp#27;[m &amp#27;[36mcom.shaft.tools.io.ReportManager&amp#27;[m : Successfully created attachment "API Response - JSON Body"
2023-01-22 22:04:16.711 &amp#27;[32m INFO&amp#27;[m &amp#27;[35m[@503 - main]&amp#27;[m &amp#27;[36mcom.shaft.tools.io.ReportManager&amp#27;[m : File Action "DoesFileExist" successfully performed. With the following test data "File Path: "Schemas/ValidationError_schema.json"".
2023-01-22 22:04:16.711 &amp#27;[32m INFO&amp#27;[m &amp#27;[35m[@503 - main]&amp#27;[m &amp#27;[36mcom.shaft.tools.io.ReportManager&amp#27;[m : File Action "DoesFileExist" successfully performed. With the following test data "File Path: "src/test/resources/testDataFiles/Schemas/ValidationError_schema.json"".
2023-01-22 22:04:16.712 &amp#27;[32m INFO&amp#27;[m &amp#27;[35m[@503 - main]&amp#27;[m &amp#27;[36mcom.shaft.tools.io.ReportManager&amp#27;[m : File Action "GetAbsolutePath" successfully performed. With the following test data "Relative Folder Path: "src/test/resources/testDataFiles/Schemas/ValidationError_schema.json"".
2023-01-22 22:04:16.714 &amp#27;[32m INFO&amp#27;[m &amp#27;[35m[@503 - main]&amp#27;[m &amp#27;[36mcom.shaft.tools.io.ReportManager&amp#27;[m : File Action "DoesFileExist" successfully performed. With the following test data "File Path: "C:\eclipse-workspace\MyProjects\TASystemsAPIs\src\test\resources\testDataFiles\Schemas\ValidationError_schema.json"".
2023-01-22 22:04:16.714 &amp#27;[32m INFO&amp#27;[m &amp#27;[35m[@503 - main]&amp#27;[m &amp#27;[36mcom.shaft.tools.io.ReportManager&amp#27;[m : File Action "GetAbsolutePath" successfully performed. With the following test data "Relative Folder Path: "C:\eclipse-workspace\MyProjects\TASystemsAPIs\src\test\resources\testDataFiles\Schemas\ValidationError_schema.json"".
2023-01-22 22:04:16.714 &amp#27;[32m INFO&amp#27;[m &amp#27;[35m[@503 - main]&amp#27;[m &amp#27;[36mcom.shaft.tools.io.ReportManager&amp#27;[m : File Action "ReadFile" successfully performed. With the following test data "File Path: "C:\eclipse-workspace\MyProjects\TASystemsAPIs\src\test\resources\testDataFiles\Schemas\ValidationError_schema.json"".
2023-01-22 22:04:16.715 &amp#27;[32m INFO&amp#27;[m &amp#27;[35m[@503 - main]&amp#27;[m &amp#27;[36mcom.shaft.tools.io.ReportManager&amp#27;[m : Successfully created attachment "Validation Test Data - Expected JSON Value"
2023-01-22 22:04:16.717 &amp#27;[32m INFO&amp#27;[m &amp#27;[35m[@503 - main]&amp#27;[m &amp#27;[36mcom.shaft.tools.io.ReportManager&amp#27;[m : Successfully created attachment "Validation Test Data - Actual JSON Value"
2023-01-22 22:04:16.717 &amp#27;[32m INFO&amp#27;[m &amp#27;[35m[@503 - main]&amp#27;[m &amp#27;[36mcom.shaft.tools.io.ReportManager&amp#27;[m : Successfully created attachment "SHAFT Engine Logs - Current Method log: Add_Policy_With_InValid_data_TC"
]]></system-out>
  </testcase>
  <testcase name="Add_Policy_With_InValid_data_TC[[Ljava.lang.Object;@1b9ea9c5](50)" classname="SteeringCompanyAPI_TestCases.Test_Policies_Cases" time="1.745">
    <system-out><![CDATA[2023-01-22 22:04:16.721 &amp#27;[32m INFO&amp#27;[m &amp#27;[35m[@534 - main]&amp#27;[m &amp#27;[36mcom.shaft.tools.io.ReportManager&amp#27;[m : 
################################################################################################################################################
Starting Execution:	"93 out of 83" test cases in the current suite
Test Method:		"SteeringCompanyAPI_TestCases.Test_Policies_Cases.Add_Policy_With_InValid_data_TC"
Test Description:	"TC052 -Policy- Perform Add Policy with InValid data"
################################################################################################################################################
2023-01-22 22:04:16.721 &amp#27;[32m INFO&amp#27;[m &amp#27;[35m[@503 - main]&amp#27;[m &amp#27;[36mcom.shaft.tools.io.ReportManager&amp#27;[m : File Action "DoesFileExist" successfully performed. With the following test data "File Path: "SteeringCompanyAPI_TestData/SteeringCompanyAPI_TestData.xlsx"".
2023-01-22 22:04:16.745 &amp#27;[32m INFO&amp#27;[m &amp#27;[35m[@503 - main]&amp#27;[m &amp#27;[36mcom.shaft.tools.io.ReportManager&amp#27;[m : Successfully created attachment "Test Data - Excel"
2023-01-22 22:04:17.671 &amp#27;[32m INFO&amp#27;[m &amp#27;[35m[@503 - main]&amp#27;[m &amp#27;[36mcom.shaft.tools.io.ReportManager&amp#27;[m : Response status code: "200", status line: "HTTP/1.1 200 OK"
2023-01-22 22:04:17.682 &amp#27;[32m INFO&amp#27;[m &amp#27;[35m[@503 - main]&amp#27;[m &amp#27;[36mcom.shaft.tools.io.ReportManager&amp#27;[m : Successfully created attachment "API Request - Specifications"
2023-01-22 22:04:17.683 &amp#27;[32m INFO&amp#27;[m &amp#27;[35m[@503 - main]&amp#27;[m &amp#27;[36mcom.shaft.tools.io.ReportManager&amp#27;[m : Successfully created attachment "API Request - Body"
2023-01-22 22:04:17.684 &amp#27;[32m INFO&amp#27;[m &amp#27;[35m[@503 - main]&amp#27;[m &amp#27;[36mcom.shaft.tools.io.ReportManager&amp#27;[m : Successfully created attachment "API Response - JSON Body"
2023-01-22 22:04:17.693 &amp#27;[32m INFO&amp#27;[m &amp#27;[35m[@503 - main]&amp#27;[m &amp#27;[36mcom.shaft.tools.io.ReportManager&amp#27;[m : File Action "DoesFileExist" successfully performed. With the following test data "File Path: "SteeringCompanyAPI_TestData/SteeringCompanyAPI_TestData.xlsx"".
2023-01-22 22:04:17.732 &amp#27;[32m INFO&amp#27;[m &amp#27;[35m[@503 - main]&amp#27;[m &amp#27;[36mcom.shaft.tools.io.ReportManager&amp#27;[m : Successfully created attachment "Test Data - Excel"
2023-01-22 22:04:17.732 &amp#27;[32m INFO&amp#27;[m &amp#27;[35m[@503 - main]&amp#27;[m &amp#27;[36mcom.shaft.tools.io.ReportManager&amp#27;[m : File Action "DoesFileExist" successfully performed. With the following test data "File Path: "SteeringCompanyAPI_TestData/SteeringCompanyAPI_TestData.xlsx"".
2023-01-22 22:04:17.762 &amp#27;[32m INFO&amp#27;[m &amp#27;[35m[@503 - main]&amp#27;[m &amp#27;[36mcom.shaft.tools.io.ReportManager&amp#27;[m : Successfully created attachment "Test Data - Excel"
2023-01-22 22:04:17.763 &amp#27;[32m INFO&amp#27;[m &amp#27;[35m[@503 - main]&amp#27;[m &amp#27;[36mcom.shaft.tools.io.ReportManager&amp#27;[m : File Action "DoesFileExist" successfully performed. With the following test data "File Path: "SteeringCompanyAPI_TestData/SteeringCompanyAPI_TestData.xlsx"".
2023-01-22 22:04:17.793 &amp#27;[32m INFO&amp#27;[m &amp#27;[35m[@503 - main]&amp#27;[m &amp#27;[36mcom.shaft.tools.io.ReportManager&amp#27;[m : Successfully created attachment "Test Data - Excel"
2023-01-22 22:04:18.439 &amp#27;[32m INFO&amp#27;[m &amp#27;[35m[@503 - main]&amp#27;[m &amp#27;[36mcom.shaft.tools.io.ReportManager&amp#27;[m : Response status code: "422", status line: "HTTP/1.1 422 "
2023-01-22 22:04:18.452 &amp#27;[32m INFO&amp#27;[m &amp#27;[35m[@503 - main]&amp#27;[m &amp#27;[36mcom.shaft.tools.io.ReportManager&amp#27;[m : Successfully created attachment "API Request - Specifications"
2023-01-22 22:04:18.453 &amp#27;[32m INFO&amp#27;[m &amp#27;[35m[@503 - main]&amp#27;[m &amp#27;[36mcom.shaft.tools.io.ReportManager&amp#27;[m : Successfully created attachment "API Request - JSON Body"
2023-01-22 22:04:18.454 &amp#27;[32m INFO&amp#27;[m &amp#27;[35m[@503 - main]&amp#27;[m &amp#27;[36mcom.shaft.tools.io.ReportManager&amp#27;[m : Successfully created attachment "API Response - JSON Body"
2023-01-22 22:04:18.455 &amp#27;[32m INFO&amp#27;[m &amp#27;[35m[@503 - main]&amp#27;[m &amp#27;[36mcom.shaft.tools.io.ReportManager&amp#27;[m : File Action "DoesFileExist" successfully performed. With the following test data "File Path: "Schemas/ValidationError_schema.json"".
2023-01-22 22:04:18.455 &amp#27;[32m INFO&amp#27;[m &amp#27;[35m[@503 - main]&amp#27;[m &amp#27;[36mcom.shaft.tools.io.ReportManager&amp#27;[m : File Action "DoesFileExist" successfully performed. With the following test data "File Path: "src/test/resources/testDataFiles/Schemas/ValidationError_schema.json"".
2023-01-22 22:04:18.455 &amp#27;[32m INFO&amp#27;[m &amp#27;[35m[@503 - main]&amp#27;[m &amp#27;[36mcom.shaft.tools.io.ReportManager&amp#27;[m : File Action "GetAbsolutePath" successfully performed. With the following test data "Relative Folder Path: "src/test/resources/testDataFiles/Schemas/ValidationError_schema.json"".
2023-01-22 22:04:18.459 &amp#27;[32m INFO&amp#27;[m &amp#27;[35m[@503 - main]&amp#27;[m &amp#27;[36mcom.shaft.tools.io.ReportManager&amp#27;[m : File Action "DoesFileExist" successfully performed. With the following test data "File Path: "C:\eclipse-workspace\MyProjects\TASystemsAPIs\src\test\resources\testDataFiles\Schemas\ValidationError_schema.json"".
2023-01-22 22:04:18.459 &amp#27;[32m INFO&amp#27;[m &amp#27;[35m[@503 - main]&amp#27;[m &amp#27;[36mcom.shaft.tools.io.ReportManager&amp#27;[m : File Action "GetAbsolutePath" successfully performed. With the following test data "Relative Folder Path: "C:\eclipse-workspace\MyProjects\TASystemsAPIs\src\test\resources\testDataFiles\Schemas\ValidationError_schema.json"".
2023-01-22 22:04:18.459 &amp#27;[32m INFO&amp#27;[m &amp#27;[35m[@503 - main]&amp#27;[m &amp#27;[36mcom.shaft.tools.io.ReportManager&amp#27;[m : File Action "ReadFile" successfully performed. With the following test data "File Path: "C:\eclipse-workspace\MyProjects\TASystemsAPIs\src\test\resources\testDataFiles\Schemas\ValidationError_schema.json"".
2023-01-22 22:04:18.460 &amp#27;[32m INFO&amp#27;[m &amp#27;[35m[@503 - main]&amp#27;[m &amp#27;[36mcom.shaft.tools.io.ReportManager&amp#27;[m : Successfully created attachment "Validation Test Data - Expected JSON Value"
2023-01-22 22:04:18.462 &amp#27;[32m INFO&amp#27;[m &amp#27;[35m[@503 - main]&amp#27;[m &amp#27;[36mcom.shaft.tools.io.ReportManager&amp#27;[m : Successfully created attachment "Validation Test Data - Actual JSON Value"
2023-01-22 22:04:18.463 &amp#27;[32m INFO&amp#27;[m &amp#27;[35m[@503 - main]&amp#27;[m &amp#27;[36mcom.shaft.tools.io.ReportManager&amp#27;[m : Successfully created attachment "SHAFT Engine Logs - Current Method log: Add_Policy_With_InValid_data_TC"
]]></system-out>
  </testcase>
  <testcase name="Add_Policy_With_InValid_data_TC[[Ljava.lang.Object;@1007c1c9](51)" classname="SteeringCompanyAPI_TestCases.Test_Policies_Cases" time="1.972">
    <system-out><![CDATA[2023-01-22 22:04:18.466 &amp#27;[32m INFO&amp#27;[m &amp#27;[35m[@534 - main]&amp#27;[m &amp#27;[36mcom.shaft.tools.io.ReportManager&amp#27;[m : 
################################################################################################################################################
Starting Execution:	"94 out of 83" test cases in the current suite
Test Method:		"SteeringCompanyAPI_TestCases.Test_Policies_Cases.Add_Policy_With_InValid_data_TC"
Test Description:	"TC052 -Policy- Perform Add Policy with InValid data"
################################################################################################################################################
2023-01-22 22:04:18.467 &amp#27;[32m INFO&amp#27;[m &amp#27;[35m[@503 - main]&amp#27;[m &amp#27;[36mcom.shaft.tools.io.ReportManager&amp#27;[m : File Action "DoesFileExist" successfully performed. With the following test data "File Path: "SteeringCompanyAPI_TestData/SteeringCompanyAPI_TestData.xlsx"".
2023-01-22 22:04:18.499 &amp#27;[32m INFO&amp#27;[m &amp#27;[35m[@503 - main]&amp#27;[m &amp#27;[36mcom.shaft.tools.io.ReportManager&amp#27;[m : Successfully created attachment "Test Data - Excel"
2023-01-22 22:04:19.559 &amp#27;[32m INFO&amp#27;[m &amp#27;[35m[@503 - main]&amp#27;[m &amp#27;[36mcom.shaft.tools.io.ReportManager&amp#27;[m : Response status code: "200", status line: "HTTP/1.1 200 OK"
2023-01-22 22:04:19.572 &amp#27;[32m INFO&amp#27;[m &amp#27;[35m[@503 - main]&amp#27;[m &amp#27;[36mcom.shaft.tools.io.ReportManager&amp#27;[m : Successfully created attachment "API Request - Specifications"
2023-01-22 22:04:19.572 &amp#27;[32m INFO&amp#27;[m &amp#27;[35m[@503 - main]&amp#27;[m &amp#27;[36mcom.shaft.tools.io.ReportManager&amp#27;[m : Successfully created attachment "API Request - Body"
2023-01-22 22:04:19.574 &amp#27;[32m INFO&amp#27;[m &amp#27;[35m[@503 - main]&amp#27;[m &amp#27;[36mcom.shaft.tools.io.ReportManager&amp#27;[m : Successfully created attachment "API Response - JSON Body"
2023-01-22 22:04:19.581 &amp#27;[32m INFO&amp#27;[m &amp#27;[35m[@503 - main]&amp#27;[m &amp#27;[36mcom.shaft.tools.io.ReportManager&amp#27;[m : File Action "DoesFileExist" successfully performed. With the following test data "File Path: "SteeringCompanyAPI_TestData/SteeringCompanyAPI_TestData.xlsx"".
2023-01-22 22:04:19.611 &amp#27;[32m INFO&amp#27;[m &amp#27;[35m[@503 - main]&amp#27;[m &amp#27;[36mcom.shaft.tools.io.ReportManager&amp#27;[m : Successfully created attachment "Test Data - Excel"
2023-01-22 22:04:19.612 &amp#27;[32m INFO&amp#27;[m &amp#27;[35m[@503 - main]&amp#27;[m &amp#27;[36mcom.shaft.tools.io.ReportManager&amp#27;[m : File Action "DoesFileExist" successfully performed. With the following test data "File Path: "SteeringCompanyAPI_TestData/SteeringCompanyAPI_TestData.xlsx"".
2023-01-22 22:04:19.636 &amp#27;[32m INFO&amp#27;[m &amp#27;[35m[@503 - main]&amp#27;[m &amp#27;[36mcom.shaft.tools.io.ReportManager&amp#27;[m : Successfully created attachment "Test Data - Excel"
2023-01-22 22:04:19.636 &amp#27;[32m INFO&amp#27;[m &amp#27;[35m[@503 - main]&amp#27;[m &amp#27;[36mcom.shaft.tools.io.ReportManager&amp#27;[m : File Action "DoesFileExist" successfully performed. With the following test data "File Path: "SteeringCompanyAPI_TestData/SteeringCompanyAPI_TestData.xlsx"".
2023-01-22 22:04:19.662 &amp#27;[32m INFO&amp#27;[m &amp#27;[35m[@503 - main]&amp#27;[m &amp#27;[36mcom.shaft.tools.io.ReportManager&amp#27;[m : Successfully created attachment "Test Data - Excel"
2023-01-22 22:04:20.412 &amp#27;[32m INFO&amp#27;[m &amp#27;[35m[@503 - main]&amp#27;[m &amp#27;[36mcom.shaft.tools.io.ReportManager&amp#27;[m : Response status code: "422", status line: "HTTP/1.1 422 "
2023-01-22 22:04:20.426 &amp#27;[32m INFO&amp#27;[m &amp#27;[35m[@503 - main]&amp#27;[m &amp#27;[36mcom.shaft.tools.io.ReportManager&amp#27;[m : Successfully created attachment "API Request - Specifications"
2023-01-22 22:04:20.427 &amp#27;[32m INFO&amp#27;[m &amp#27;[35m[@503 - main]&amp#27;[m &amp#27;[36mcom.shaft.tools.io.ReportManager&amp#27;[m : Successfully created attachment "API Request - JSON Body"
2023-01-22 22:04:20.428 &amp#27;[32m INFO&amp#27;[m &amp#27;[35m[@503 - main]&amp#27;[m &amp#27;[36mcom.shaft.tools.io.ReportManager&amp#27;[m : Successfully created attachment "API Response - JSON Body"
2023-01-22 22:04:20.430 &amp#27;[32m INFO&amp#27;[m &amp#27;[35m[@503 - main]&amp#27;[m &amp#27;[36mcom.shaft.tools.io.ReportManager&amp#27;[m : File Action "DoesFileExist" successfully performed. With the following test data "File Path: "Schemas/ValidationError_schema.json"".
2023-01-22 22:04:20.430 &amp#27;[32m INFO&amp#27;[m &amp#27;[35m[@503 - main]&amp#27;[m &amp#27;[36mcom.shaft.tools.io.ReportManager&amp#27;[m : File Action "DoesFileExist" successfully performed. With the following test data "File Path: "src/test/resources/testDataFiles/Schemas/ValidationError_schema.json"".
2023-01-22 22:04:20.430 &amp#27;[32m INFO&amp#27;[m &amp#27;[35m[@503 - main]&amp#27;[m &amp#27;[36mcom.shaft.tools.io.ReportManager&amp#27;[m : File Action "GetAbsolutePath" successfully performed. With the following test data "Relative Folder Path: "src/test/resources/testDataFiles/Schemas/ValidationError_schema.json"".
2023-01-22 22:04:20.431 &amp#27;[32m INFO&amp#27;[m &amp#27;[35m[@503 - main]&amp#27;[m &amp#27;[36mcom.shaft.tools.io.ReportManager&amp#27;[m : File Action "DoesFileExist" successfully performed. With the following test data "File Path: "C:\eclipse-workspace\MyProjects\TASystemsAPIs\src\test\resources\testDataFiles\Schemas\ValidationError_schema.json"".
2023-01-22 22:04:20.431 &amp#27;[32m INFO&amp#27;[m &amp#27;[35m[@503 - main]&amp#27;[m &amp#27;[36mcom.shaft.tools.io.ReportManager&amp#27;[m : File Action "GetAbsolutePath" successfully performed. With the following test data "Relative Folder Path: "C:\eclipse-workspace\MyProjects\TASystemsAPIs\src\test\resources\testDataFiles\Schemas\ValidationError_schema.json"".
2023-01-22 22:04:20.431 &amp#27;[32m INFO&amp#27;[m &amp#27;[35m[@503 - main]&amp#27;[m &amp#27;[36mcom.shaft.tools.io.ReportManager&amp#27;[m : File Action "ReadFile" successfully performed. With the following test data "File Path: "C:\eclipse-workspace\MyProjects\TASystemsAPIs\src\test\resources\testDataFiles\Schemas\ValidationError_schema.json"".
2023-01-22 22:04:20.433 &amp#27;[32m INFO&amp#27;[m &amp#27;[35m[@503 - main]&amp#27;[m &amp#27;[36mcom.shaft.tools.io.ReportManager&amp#27;[m : Successfully created attachment "Validation Test Data - Expected JSON Value"
2023-01-22 22:04:20.434 &amp#27;[32m INFO&amp#27;[m &amp#27;[35m[@503 - main]&amp#27;[m &amp#27;[36mcom.shaft.tools.io.ReportManager&amp#27;[m : Successfully created attachment "Validation Test Data - Actual JSON Value"
2023-01-22 22:04:20.435 &amp#27;[32m INFO&amp#27;[m &amp#27;[35m[@503 - main]&amp#27;[m &amp#27;[36mcom.shaft.tools.io.ReportManager&amp#27;[m : Successfully created attachment "SHAFT Engine Logs - Current Method log: Add_Policy_With_InValid_data_TC"
]]></system-out>
  </testcase>
  <testcase name="Add_Policy_With_InValid_data_TC[[Ljava.lang.Object;@46af3112](52)" classname="SteeringCompanyAPI_TestCases.Test_Policies_Cases" time="2.116">
    <system-out><![CDATA[2023-01-22 22:04:20.438 &amp#27;[32m INFO&amp#27;[m &amp#27;[35m[@534 - main]&amp#27;[m &amp#27;[36mcom.shaft.tools.io.ReportManager&amp#27;[m : 
################################################################################################################################################
Starting Execution:	"95 out of 83" test cases in the current suite
Test Method:		"SteeringCompanyAPI_TestCases.Test_Policies_Cases.Add_Policy_With_InValid_data_TC"
Test Description:	"TC052 -Policy- Perform Add Policy with InValid data"
################################################################################################################################################
2023-01-22 22:04:20.438 &amp#27;[32m INFO&amp#27;[m &amp#27;[35m[@503 - main]&amp#27;[m &amp#27;[36mcom.shaft.tools.io.ReportManager&amp#27;[m : File Action "DoesFileExist" successfully performed. With the following test data "File Path: "SteeringCompanyAPI_TestData/SteeringCompanyAPI_TestData.xlsx"".
2023-01-22 22:04:20.461 &amp#27;[32m INFO&amp#27;[m &amp#27;[35m[@503 - main]&amp#27;[m &amp#27;[36mcom.shaft.tools.io.ReportManager&amp#27;[m : Successfully created attachment "Test Data - Excel"
2023-01-22 22:04:21.511 &amp#27;[32m INFO&amp#27;[m &amp#27;[35m[@503 - main]&amp#27;[m &amp#27;[36mcom.shaft.tools.io.ReportManager&amp#27;[m : Response status code: "200", status line: "HTTP/1.1 200 OK"
2023-01-22 22:04:21.562 &amp#27;[32m INFO&amp#27;[m &amp#27;[35m[@503 - main]&amp#27;[m &amp#27;[36mcom.shaft.tools.io.ReportManager&amp#27;[m : Successfully created attachment "API Request - Specifications"
2023-01-22 22:04:21.564 &amp#27;[32m INFO&amp#27;[m &amp#27;[35m[@503 - main]&amp#27;[m &amp#27;[36mcom.shaft.tools.io.ReportManager&amp#27;[m : Successfully created attachment "API Request - Body"
2023-01-22 22:04:21.565 &amp#27;[32m INFO&amp#27;[m &amp#27;[35m[@503 - main]&amp#27;[m &amp#27;[36mcom.shaft.tools.io.ReportManager&amp#27;[m : Successfully created attachment "API Response - JSON Body"
2023-01-22 22:04:21.577 &amp#27;[32m INFO&amp#27;[m &amp#27;[35m[@503 - main]&amp#27;[m &amp#27;[36mcom.shaft.tools.io.ReportManager&amp#27;[m : File Action "DoesFileExist" successfully performed. With the following test data "File Path: "SteeringCompanyAPI_TestData/SteeringCompanyAPI_TestData.xlsx"".
2023-01-22 22:04:21.609 &amp#27;[32m INFO&amp#27;[m &amp#27;[35m[@503 - main]&amp#27;[m &amp#27;[36mcom.shaft.tools.io.ReportManager&amp#27;[m : Successfully created attachment "Test Data - Excel"
2023-01-22 22:04:21.610 &amp#27;[32m INFO&amp#27;[m &amp#27;[35m[@503 - main]&amp#27;[m &amp#27;[36mcom.shaft.tools.io.ReportManager&amp#27;[m : File Action "DoesFileExist" successfully performed. With the following test data "File Path: "SteeringCompanyAPI_TestData/SteeringCompanyAPI_TestData.xlsx"".
2023-01-22 22:04:21.636 &amp#27;[32m INFO&amp#27;[m &amp#27;[35m[@503 - main]&amp#27;[m &amp#27;[36mcom.shaft.tools.io.ReportManager&amp#27;[m : Successfully created attachment "Test Data - Excel"
2023-01-22 22:04:21.636 &amp#27;[32m INFO&amp#27;[m &amp#27;[35m[@503 - main]&amp#27;[m &amp#27;[36mcom.shaft.tools.io.ReportManager&amp#27;[m : File Action "DoesFileExist" successfully performed. With the following test data "File Path: "SteeringCompanyAPI_TestData/SteeringCompanyAPI_TestData.xlsx"".
2023-01-22 22:04:21.660 &amp#27;[32m INFO&amp#27;[m &amp#27;[35m[@503 - main]&amp#27;[m &amp#27;[36mcom.shaft.tools.io.ReportManager&amp#27;[m : Successfully created attachment "Test Data - Excel"
2023-01-22 22:04:22.533 &amp#27;[32m INFO&amp#27;[m &amp#27;[35m[@503 - main]&amp#27;[m &amp#27;[36mcom.shaft.tools.io.ReportManager&amp#27;[m : Response status code: "422", status line: "HTTP/1.1 422 "
2023-01-22 22:04:22.543 &amp#27;[32m INFO&amp#27;[m &amp#27;[35m[@503 - main]&amp#27;[m &amp#27;[36mcom.shaft.tools.io.ReportManager&amp#27;[m : Successfully created attachment "API Request - Specifications"
2023-01-22 22:04:22.544 &amp#27;[32m INFO&amp#27;[m &amp#27;[35m[@503 - main]&amp#27;[m &amp#27;[36mcom.shaft.tools.io.ReportManager&amp#27;[m : Successfully created attachment "API Request - JSON Body"
2023-01-22 22:04:22.545 &amp#27;[32m INFO&amp#27;[m &amp#27;[35m[@503 - main]&amp#27;[m &amp#27;[36mcom.shaft.tools.io.ReportManager&amp#27;[m : Successfully created attachment "API Response - JSON Body"
2023-01-22 22:04:22.546 &amp#27;[32m INFO&amp#27;[m &amp#27;[35m[@503 - main]&amp#27;[m &amp#27;[36mcom.shaft.tools.io.ReportManager&amp#27;[m : File Action "DoesFileExist" successfully performed. With the following test data "File Path: "Schemas/ValidationError_schema.json"".
2023-01-22 22:04:22.546 &amp#27;[32m INFO&amp#27;[m &amp#27;[35m[@503 - main]&amp#27;[m &amp#27;[36mcom.shaft.tools.io.ReportManager&amp#27;[m : File Action "DoesFileExist" successfully performed. With the following test data "File Path: "src/test/resources/testDataFiles/Schemas/ValidationError_schema.json"".
2023-01-22 22:04:22.546 &amp#27;[32m INFO&amp#27;[m &amp#27;[35m[@503 - main]&amp#27;[m &amp#27;[36mcom.shaft.tools.io.ReportManager&amp#27;[m : File Action "GetAbsolutePath" successfully performed. With the following test data "Relative Folder Path: "src/test/resources/testDataFiles/Schemas/ValidationError_schema.json"".
2023-01-22 22:04:22.548 &amp#27;[32m INFO&amp#27;[m &amp#27;[35m[@503 - main]&amp#27;[m &amp#27;[36mcom.shaft.tools.io.ReportManager&amp#27;[m : File Action "DoesFileExist" successfully performed. With the following test data "File Path: "C:\eclipse-workspace\MyProjects\TASystemsAPIs\src\test\resources\testDataFiles\Schemas\ValidationError_schema.json"".
2023-01-22 22:04:22.548 &amp#27;[32m INFO&amp#27;[m &amp#27;[35m[@503 - main]&amp#27;[m &amp#27;[36mcom.shaft.tools.io.ReportManager&amp#27;[m : File Action "GetAbsolutePath" successfully performed. With the following test data "Relative Folder Path: "C:\eclipse-workspace\MyProjects\TASystemsAPIs\src\test\resources\testDataFiles\Schemas\ValidationError_schema.json"".
2023-01-22 22:04:22.548 &amp#27;[32m INFO&amp#27;[m &amp#27;[35m[@503 - main]&amp#27;[m &amp#27;[36mcom.shaft.tools.io.ReportManager&amp#27;[m : File Action "ReadFile" successfully performed. With the following test data "File Path: "C:\eclipse-workspace\MyProjects\TASystemsAPIs\src\test\resources\testDataFiles\Schemas\ValidationError_schema.json"".
2023-01-22 22:04:22.550 &amp#27;[32m INFO&amp#27;[m &amp#27;[35m[@503 - main]&amp#27;[m &amp#27;[36mcom.shaft.tools.io.ReportManager&amp#27;[m : Successfully created attachment "Validation Test Data - Expected JSON Value"
2023-01-22 22:04:22.551 &amp#27;[32m INFO&amp#27;[m &amp#27;[35m[@503 - main]&amp#27;[m &amp#27;[36mcom.shaft.tools.io.ReportManager&amp#27;[m : Successfully created attachment "Validation Test Data - Actual JSON Value"
2023-01-22 22:04:22.551 &amp#27;[32m INFO&amp#27;[m &amp#27;[35m[@503 - main]&amp#27;[m &amp#27;[36mcom.shaft.tools.io.ReportManager&amp#27;[m : Successfully created attachment "SHAFT Engine Logs - Current Method log: Add_Policy_With_InValid_data_TC"
]]></system-out>
  </testcase>
  <testcase name="Add_Policy_With_InValid_data_TC[[Ljava.lang.Object;@578f6b1c](53)" classname="SteeringCompanyAPI_TestCases.Test_Policies_Cases" time="2.262">
    <system-out><![CDATA[2023-01-22 22:04:22.554 &amp#27;[32m INFO&amp#27;[m &amp#27;[35m[@534 - main]&amp#27;[m &amp#27;[36mcom.shaft.tools.io.ReportManager&amp#27;[m : 
################################################################################################################################################
Starting Execution:	"96 out of 83" test cases in the current suite
Test Method:		"SteeringCompanyAPI_TestCases.Test_Policies_Cases.Add_Policy_With_InValid_data_TC"
Test Description:	"TC052 -Policy- Perform Add Policy with InValid data"
################################################################################################################################################
2023-01-22 22:04:22.555 &amp#27;[32m INFO&amp#27;[m &amp#27;[35m[@503 - main]&amp#27;[m &amp#27;[36mcom.shaft.tools.io.ReportManager&amp#27;[m : File Action "DoesFileExist" successfully performed. With the following test data "File Path: "SteeringCompanyAPI_TestData/SteeringCompanyAPI_TestData.xlsx"".
2023-01-22 22:04:22.576 &amp#27;[32m INFO&amp#27;[m &amp#27;[35m[@503 - main]&amp#27;[m &amp#27;[36mcom.shaft.tools.io.ReportManager&amp#27;[m : Successfully created attachment "Test Data - Excel"
2023-01-22 22:04:23.824 &amp#27;[32m INFO&amp#27;[m &amp#27;[35m[@503 - main]&amp#27;[m &amp#27;[36mcom.shaft.tools.io.ReportManager&amp#27;[m : Response status code: "200", status line: "HTTP/1.1 200 OK"
2023-01-22 22:04:23.835 &amp#27;[32m INFO&amp#27;[m &amp#27;[35m[@503 - main]&amp#27;[m &amp#27;[36mcom.shaft.tools.io.ReportManager&amp#27;[m : Successfully created attachment "API Request - Specifications"
2023-01-22 22:04:23.836 &amp#27;[32m INFO&amp#27;[m &amp#27;[35m[@503 - main]&amp#27;[m &amp#27;[36mcom.shaft.tools.io.ReportManager&amp#27;[m : Successfully created attachment "API Request - Body"
2023-01-22 22:04:23.838 &amp#27;[32m INFO&amp#27;[m &amp#27;[35m[@503 - main]&amp#27;[m &amp#27;[36mcom.shaft.tools.io.ReportManager&amp#27;[m : Successfully created attachment "API Response - JSON Body"
2023-01-22 22:04:23.845 &amp#27;[32m INFO&amp#27;[m &amp#27;[35m[@503 - main]&amp#27;[m &amp#27;[36mcom.shaft.tools.io.ReportManager&amp#27;[m : File Action "DoesFileExist" successfully performed. With the following test data "File Path: "SteeringCompanyAPI_TestData/SteeringCompanyAPI_TestData.xlsx"".
2023-01-22 22:04:23.880 &amp#27;[32m INFO&amp#27;[m &amp#27;[35m[@503 - main]&amp#27;[m &amp#27;[36mcom.shaft.tools.io.ReportManager&amp#27;[m : Successfully created attachment "Test Data - Excel"
2023-01-22 22:04:23.881 &amp#27;[32m INFO&amp#27;[m &amp#27;[35m[@503 - main]&amp#27;[m &amp#27;[36mcom.shaft.tools.io.ReportManager&amp#27;[m : File Action "DoesFileExist" successfully performed. With the following test data "File Path: "SteeringCompanyAPI_TestData/SteeringCompanyAPI_TestData.xlsx"".
2023-01-22 22:04:23.904 &amp#27;[32m INFO&amp#27;[m &amp#27;[35m[@503 - main]&amp#27;[m &amp#27;[36mcom.shaft.tools.io.ReportManager&amp#27;[m : Successfully created attachment "Test Data - Excel"
2023-01-22 22:04:23.905 &amp#27;[32m INFO&amp#27;[m &amp#27;[35m[@503 - main]&amp#27;[m &amp#27;[36mcom.shaft.tools.io.ReportManager&amp#27;[m : File Action "DoesFileExist" successfully performed. With the following test data "File Path: "SteeringCompanyAPI_TestData/SteeringCompanyAPI_TestData.xlsx"".
2023-01-22 22:04:23.928 &amp#27;[32m INFO&amp#27;[m &amp#27;[35m[@503 - main]&amp#27;[m &amp#27;[36mcom.shaft.tools.io.ReportManager&amp#27;[m : Successfully created attachment "Test Data - Excel"
2023-01-22 22:04:24.788 &amp#27;[32m INFO&amp#27;[m &amp#27;[35m[@503 - main]&amp#27;[m &amp#27;[36mcom.shaft.tools.io.ReportManager&amp#27;[m : Response status code: "422", status line: "HTTP/1.1 422 "
2023-01-22 22:04:24.802 &amp#27;[32m INFO&amp#27;[m &amp#27;[35m[@503 - main]&amp#27;[m &amp#27;[36mcom.shaft.tools.io.ReportManager&amp#27;[m : Successfully created attachment "API Request - Specifications"
2023-01-22 22:04:24.804 &amp#27;[32m INFO&amp#27;[m &amp#27;[35m[@503 - main]&amp#27;[m &amp#27;[36mcom.shaft.tools.io.ReportManager&amp#27;[m : Successfully created attachment "API Request - JSON Body"
2023-01-22 22:04:24.805 &amp#27;[32m INFO&amp#27;[m &amp#27;[35m[@503 - main]&amp#27;[m &amp#27;[36mcom.shaft.tools.io.ReportManager&amp#27;[m : Successfully created attachment "API Response - JSON Body"
2023-01-22 22:04:24.805 &amp#27;[32m INFO&amp#27;[m &amp#27;[35m[@503 - main]&amp#27;[m &amp#27;[36mcom.shaft.tools.io.ReportManager&amp#27;[m : File Action "DoesFileExist" successfully performed. With the following test data "File Path: "Schemas/ValidationError_schema.json"".
2023-01-22 22:04:24.805 &amp#27;[32m INFO&amp#27;[m &amp#27;[35m[@503 - main]&amp#27;[m &amp#27;[36mcom.shaft.tools.io.ReportManager&amp#27;[m : File Action "DoesFileExist" successfully performed. With the following test data "File Path: "src/test/resources/testDataFiles/Schemas/ValidationError_schema.json"".
2023-01-22 22:04:24.806 &amp#27;[32m INFO&amp#27;[m &amp#27;[35m[@503 - main]&amp#27;[m &amp#27;[36mcom.shaft.tools.io.ReportManager&amp#27;[m : File Action "GetAbsolutePath" successfully performed. With the following test data "Relative Folder Path: "src/test/resources/testDataFiles/Schemas/ValidationError_schema.json"".
2023-01-22 22:04:24.807 &amp#27;[32m INFO&amp#27;[m &amp#27;[35m[@503 - main]&amp#27;[m &amp#27;[36mcom.shaft.tools.io.ReportManager&amp#27;[m : File Action "DoesFileExist" successfully performed. With the following test data "File Path: "C:\eclipse-workspace\MyProjects\TASystemsAPIs\src\test\resources\testDataFiles\Schemas\ValidationError_schema.json"".
2023-01-22 22:04:24.808 &amp#27;[32m INFO&amp#27;[m &amp#27;[35m[@503 - main]&amp#27;[m &amp#27;[36mcom.shaft.tools.io.ReportManager&amp#27;[m : File Action "GetAbsolutePath" successfully performed. With the following test data "Relative Folder Path: "C:\eclipse-workspace\MyProjects\TASystemsAPIs\src\test\resources\testDataFiles\Schemas\ValidationError_schema.json"".
2023-01-22 22:04:24.808 &amp#27;[32m INFO&amp#27;[m &amp#27;[35m[@503 - main]&amp#27;[m &amp#27;[36mcom.shaft.tools.io.ReportManager&amp#27;[m : File Action "ReadFile" successfully performed. With the following test data "File Path: "C:\eclipse-workspace\MyProjects\TASystemsAPIs\src\test\resources\testDataFiles\Schemas\ValidationError_schema.json"".
2023-01-22 22:04:24.810 &amp#27;[32m INFO&amp#27;[m &amp#27;[35m[@503 - main]&amp#27;[m &amp#27;[36mcom.shaft.tools.io.ReportManager&amp#27;[m : Successfully created attachment "Validation Test Data - Expected JSON Value"
2023-01-22 22:04:24.811 &amp#27;[32m INFO&amp#27;[m &amp#27;[35m[@503 - main]&amp#27;[m &amp#27;[36mcom.shaft.tools.io.ReportManager&amp#27;[m : Successfully created attachment "Validation Test Data - Actual JSON Value"
2023-01-22 22:04:24.813 &amp#27;[32m INFO&amp#27;[m &amp#27;[35m[@503 - main]&amp#27;[m &amp#27;[36mcom.shaft.tools.io.ReportManager&amp#27;[m : Successfully created attachment "SHAFT Engine Logs - Current Method log: Add_Policy_With_InValid_data_TC"
]]></system-out>
  </testcase>
  <testcase name="Add_Policy_With_InValid_data_TC[[Ljava.lang.Object;@310d9735](54)" classname="SteeringCompanyAPI_TestCases.Test_Policies_Cases" time="2.051">
    <system-out><![CDATA[2023-01-22 22:04:24.817 &amp#27;[32m INFO&amp#27;[m &amp#27;[35m[@534 - main]&amp#27;[m &amp#27;[36mcom.shaft.tools.io.ReportManager&amp#27;[m : 
################################################################################################################################################
Starting Execution:	"97 out of 83" test cases in the current suite
Test Method:		"SteeringCompanyAPI_TestCases.Test_Policies_Cases.Add_Policy_With_InValid_data_TC"
Test Description:	"TC052 -Policy- Perform Add Policy with InValid data"
################################################################################################################################################
2023-01-22 22:04:24.818 &amp#27;[32m INFO&amp#27;[m &amp#27;[35m[@503 - main]&amp#27;[m &amp#27;[36mcom.shaft.tools.io.ReportManager&amp#27;[m : File Action "DoesFileExist" successfully performed. With the following test data "File Path: "SteeringCompanyAPI_TestData/SteeringCompanyAPI_TestData.xlsx"".
2023-01-22 22:04:24.851 &amp#27;[32m INFO&amp#27;[m &amp#27;[35m[@503 - main]&amp#27;[m &amp#27;[36mcom.shaft.tools.io.ReportManager&amp#27;[m : Successfully created attachment "Test Data - Excel"
2023-01-22 22:04:26.013 &amp#27;[32m INFO&amp#27;[m &amp#27;[35m[@503 - main]&amp#27;[m &amp#27;[36mcom.shaft.tools.io.ReportManager&amp#27;[m : Response status code: "200", status line: "HTTP/1.1 200 OK"
2023-01-22 22:04:26.026 &amp#27;[32m INFO&amp#27;[m &amp#27;[35m[@503 - main]&amp#27;[m &amp#27;[36mcom.shaft.tools.io.ReportManager&amp#27;[m : Successfully created attachment "API Request - Specifications"
2023-01-22 22:04:26.027 &amp#27;[32m INFO&amp#27;[m &amp#27;[35m[@503 - main]&amp#27;[m &amp#27;[36mcom.shaft.tools.io.ReportManager&amp#27;[m : Successfully created attachment "API Request - Body"
2023-01-22 22:04:26.029 &amp#27;[32m INFO&amp#27;[m &amp#27;[35m[@503 - main]&amp#27;[m &amp#27;[36mcom.shaft.tools.io.ReportManager&amp#27;[m : Successfully created attachment "API Response - JSON Body"
2023-01-22 22:04:26.037 &amp#27;[32m INFO&amp#27;[m &amp#27;[35m[@503 - main]&amp#27;[m &amp#27;[36mcom.shaft.tools.io.ReportManager&amp#27;[m : File Action "DoesFileExist" successfully performed. With the following test data "File Path: "SteeringCompanyAPI_TestData/SteeringCompanyAPI_TestData.xlsx"".
2023-01-22 22:04:26.070 &amp#27;[32m INFO&amp#27;[m &amp#27;[35m[@503 - main]&amp#27;[m &amp#27;[36mcom.shaft.tools.io.ReportManager&amp#27;[m : Successfully created attachment "Test Data - Excel"
2023-01-22 22:04:26.071 &amp#27;[32m INFO&amp#27;[m &amp#27;[35m[@503 - main]&amp#27;[m &amp#27;[36mcom.shaft.tools.io.ReportManager&amp#27;[m : File Action "DoesFileExist" successfully performed. With the following test data "File Path: "SteeringCompanyAPI_TestData/SteeringCompanyAPI_TestData.xlsx"".
2023-01-22 22:04:26.097 &amp#27;[32m INFO&amp#27;[m &amp#27;[35m[@503 - main]&amp#27;[m &amp#27;[36mcom.shaft.tools.io.ReportManager&amp#27;[m : Successfully created attachment "Test Data - Excel"
2023-01-22 22:04:26.097 &amp#27;[32m INFO&amp#27;[m &amp#27;[35m[@503 - main]&amp#27;[m &amp#27;[36mcom.shaft.tools.io.ReportManager&amp#27;[m : File Action "DoesFileExist" successfully performed. With the following test data "File Path: "SteeringCompanyAPI_TestData/SteeringCompanyAPI_TestData.xlsx"".
2023-01-22 22:04:26.122 &amp#27;[32m INFO&amp#27;[m &amp#27;[35m[@503 - main]&amp#27;[m &amp#27;[36mcom.shaft.tools.io.ReportManager&amp#27;[m : Successfully created attachment "Test Data - Excel"
2023-01-22 22:04:26.844 &amp#27;[32m INFO&amp#27;[m &amp#27;[35m[@503 - main]&amp#27;[m &amp#27;[36mcom.shaft.tools.io.ReportManager&amp#27;[m : Response status code: "422", status line: "HTTP/1.1 422 "
2023-01-22 22:04:26.854 &amp#27;[32m INFO&amp#27;[m &amp#27;[35m[@503 - main]&amp#27;[m &amp#27;[36mcom.shaft.tools.io.ReportManager&amp#27;[m : Successfully created attachment "API Request - Specifications"
2023-01-22 22:04:26.855 &amp#27;[32m INFO&amp#27;[m &amp#27;[35m[@503 - main]&amp#27;[m &amp#27;[36mcom.shaft.tools.io.ReportManager&amp#27;[m : Successfully created attachment "API Request - JSON Body"
2023-01-22 22:04:26.856 &amp#27;[32m INFO&amp#27;[m &amp#27;[35m[@503 - main]&amp#27;[m &amp#27;[36mcom.shaft.tools.io.ReportManager&amp#27;[m : Successfully created attachment "API Response - JSON Body"
2023-01-22 22:04:26.858 &amp#27;[32m INFO&amp#27;[m &amp#27;[35m[@503 - main]&amp#27;[m &amp#27;[36mcom.shaft.tools.io.ReportManager&amp#27;[m : File Action "DoesFileExist" successfully performed. With the following test data "File Path: "Schemas/ValidationError_schema.json"".
2023-01-22 22:04:26.858 &amp#27;[32m INFO&amp#27;[m &amp#27;[35m[@503 - main]&amp#27;[m &amp#27;[36mcom.shaft.tools.io.ReportManager&amp#27;[m : File Action "DoesFileExist" successfully performed. With the following test data "File Path: "src/test/resources/testDataFiles/Schemas/ValidationError_schema.json"".
2023-01-22 22:04:26.859 &amp#27;[32m INFO&amp#27;[m &amp#27;[35m[@503 - main]&amp#27;[m &amp#27;[36mcom.shaft.tools.io.ReportManager&amp#27;[m : File Action "GetAbsolutePath" successfully performed. With the following test data "Relative Folder Path: "src/test/resources/testDataFiles/Schemas/ValidationError_schema.json"".
2023-01-22 22:04:26.860 &amp#27;[32m INFO&amp#27;[m &amp#27;[35m[@503 - main]&amp#27;[m &amp#27;[36mcom.shaft.tools.io.ReportManager&amp#27;[m : File Action "DoesFileExist" successfully performed. With the following test data "File Path: "C:\eclipse-workspace\MyProjects\TASystemsAPIs\src\test\resources\testDataFiles\Schemas\ValidationError_schema.json"".
2023-01-22 22:04:26.861 &amp#27;[32m INFO&amp#27;[m &amp#27;[35m[@503 - main]&amp#27;[m &amp#27;[36mcom.shaft.tools.io.ReportManager&amp#27;[m : File Action "GetAbsolutePath" successfully performed. With the following test data "Relative Folder Path: "C:\eclipse-workspace\MyProjects\TASystemsAPIs\src\test\resources\testDataFiles\Schemas\ValidationError_schema.json"".
2023-01-22 22:04:26.861 &amp#27;[32m INFO&amp#27;[m &amp#27;[35m[@503 - main]&amp#27;[m &amp#27;[36mcom.shaft.tools.io.ReportManager&amp#27;[m : File Action "ReadFile" successfully performed. With the following test data "File Path: "C:\eclipse-workspace\MyProjects\TASystemsAPIs\src\test\resources\testDataFiles\Schemas\ValidationError_schema.json"".
2023-01-22 22:04:26.862 &amp#27;[32m INFO&amp#27;[m &amp#27;[35m[@503 - main]&amp#27;[m &amp#27;[36mcom.shaft.tools.io.ReportManager&amp#27;[m : Successfully created attachment "Validation Test Data - Expected JSON Value"
2023-01-22 22:04:26.863 &amp#27;[32m INFO&amp#27;[m &amp#27;[35m[@503 - main]&amp#27;[m &amp#27;[36mcom.shaft.tools.io.ReportManager&amp#27;[m : Successfully created attachment "Validation Test Data - Actual JSON Value"
2023-01-22 22:04:26.864 &amp#27;[32m INFO&amp#27;[m &amp#27;[35m[@503 - main]&amp#27;[m &amp#27;[36mcom.shaft.tools.io.ReportManager&amp#27;[m : Successfully created attachment "SHAFT Engine Logs - Current Method log: Add_Policy_With_InValid_data_TC"
]]></system-out>
  </testcase>
  <testcase name="Add_Policy_With_InValid_data_TC[[Ljava.lang.Object;@7bc488b7](55)" classname="SteeringCompanyAPI_TestCases.Test_Policies_Cases" time="2.672">
    <system-out><![CDATA[2023-01-22 22:04:26.867 &amp#27;[32m INFO&amp#27;[m &amp#27;[35m[@534 - main]&amp#27;[m &amp#27;[36mcom.shaft.tools.io.ReportManager&amp#27;[m : 
################################################################################################################################################
Starting Execution:	"98 out of 83" test cases in the current suite
Test Method:		"SteeringCompanyAPI_TestCases.Test_Policies_Cases.Add_Policy_With_InValid_data_TC"
Test Description:	"TC052 -Policy- Perform Add Policy with InValid data"
################################################################################################################################################
2023-01-22 22:04:26.868 &amp#27;[32m INFO&amp#27;[m &amp#27;[35m[@503 - main]&amp#27;[m &amp#27;[36mcom.shaft.tools.io.ReportManager&amp#27;[m : File Action "DoesFileExist" successfully performed. With the following test data "File Path: "SteeringCompanyAPI_TestData/SteeringCompanyAPI_TestData.xlsx"".
2023-01-22 22:04:26.891 &amp#27;[32m INFO&amp#27;[m &amp#27;[35m[@503 - main]&amp#27;[m &amp#27;[36mcom.shaft.tools.io.ReportManager&amp#27;[m : Successfully created attachment "Test Data - Excel"
2023-01-22 22:04:27.832 &amp#27;[32m INFO&amp#27;[m &amp#27;[35m[@503 - main]&amp#27;[m &amp#27;[36mcom.shaft.tools.io.ReportManager&amp#27;[m : Response status code: "200", status line: "HTTP/1.1 200 OK"
2023-01-22 22:04:27.846 &amp#27;[32m INFO&amp#27;[m &amp#27;[35m[@503 - main]&amp#27;[m &amp#27;[36mcom.shaft.tools.io.ReportManager&amp#27;[m : Successfully created attachment "API Request - Specifications"
2023-01-22 22:04:27.847 &amp#27;[32m INFO&amp#27;[m &amp#27;[35m[@503 - main]&amp#27;[m &amp#27;[36mcom.shaft.tools.io.ReportManager&amp#27;[m : Successfully created attachment "API Request - Body"
2023-01-22 22:04:27.849 &amp#27;[32m INFO&amp#27;[m &amp#27;[35m[@503 - main]&amp#27;[m &amp#27;[36mcom.shaft.tools.io.ReportManager&amp#27;[m : Successfully created attachment "API Response - JSON Body"
2023-01-22 22:04:27.856 &amp#27;[32m INFO&amp#27;[m &amp#27;[35m[@503 - main]&amp#27;[m &amp#27;[36mcom.shaft.tools.io.ReportManager&amp#27;[m : File Action "DoesFileExist" successfully performed. With the following test data "File Path: "SteeringCompanyAPI_TestData/SteeringCompanyAPI_TestData.xlsx"".
2023-01-22 22:04:27.886 &amp#27;[32m INFO&amp#27;[m &amp#27;[35m[@503 - main]&amp#27;[m &amp#27;[36mcom.shaft.tools.io.ReportManager&amp#27;[m : Successfully created attachment "Test Data - Excel"
2023-01-22 22:04:27.887 &amp#27;[32m INFO&amp#27;[m &amp#27;[35m[@503 - main]&amp#27;[m &amp#27;[36mcom.shaft.tools.io.ReportManager&amp#27;[m : File Action "DoesFileExist" successfully performed. With the following test data "File Path: "SteeringCompanyAPI_TestData/SteeringCompanyAPI_TestData.xlsx"".
2023-01-22 22:04:27.911 &amp#27;[32m INFO&amp#27;[m &amp#27;[35m[@503 - main]&amp#27;[m &amp#27;[36mcom.shaft.tools.io.ReportManager&amp#27;[m : Successfully created attachment "Test Data - Excel"
2023-01-22 22:04:27.912 &amp#27;[32m INFO&amp#27;[m &amp#27;[35m[@503 - main]&amp#27;[m &amp#27;[36mcom.shaft.tools.io.ReportManager&amp#27;[m : File Action "DoesFileExist" successfully performed. With the following test data "File Path: "SteeringCompanyAPI_TestData/SteeringCompanyAPI_TestData.xlsx"".
2023-01-22 22:04:27.938 &amp#27;[32m INFO&amp#27;[m &amp#27;[35m[@503 - main]&amp#27;[m &amp#27;[36mcom.shaft.tools.io.ReportManager&amp#27;[m : Successfully created attachment "Test Data - Excel"
2023-01-22 22:04:29.507 &amp#27;[32m INFO&amp#27;[m &amp#27;[35m[@503 - main]&amp#27;[m &amp#27;[36mcom.shaft.tools.io.ReportManager&amp#27;[m : Response status code: "422", status line: "HTTP/1.1 422 "
2023-01-22 22:04:29.525 &amp#27;[32m INFO&amp#27;[m &amp#27;[35m[@503 - main]&amp#27;[m &amp#27;[36mcom.shaft.tools.io.ReportManager&amp#27;[m : Successfully created attachment "API Request - Specifications"
2023-01-22 22:04:29.527 &amp#27;[32m INFO&amp#27;[m &amp#27;[35m[@503 - main]&amp#27;[m &amp#27;[36mcom.shaft.tools.io.ReportManager&amp#27;[m : Successfully created attachment "API Request - JSON Body"
2023-01-22 22:04:29.529 &amp#27;[32m INFO&amp#27;[m &amp#27;[35m[@503 - main]&amp#27;[m &amp#27;[36mcom.shaft.tools.io.ReportManager&amp#27;[m : Successfully created attachment "API Response - JSON Body"
2023-01-22 22:04:29.530 &amp#27;[32m INFO&amp#27;[m &amp#27;[35m[@503 - main]&amp#27;[m &amp#27;[36mcom.shaft.tools.io.ReportManager&amp#27;[m : File Action "DoesFileExist" successfully performed. With the following test data "File Path: "Schemas/ValidationError_schema.json"".
2023-01-22 22:04:29.530 &amp#27;[32m INFO&amp#27;[m &amp#27;[35m[@503 - main]&amp#27;[m &amp#27;[36mcom.shaft.tools.io.ReportManager&amp#27;[m : File Action "DoesFileExist" successfully performed. With the following test data "File Path: "src/test/resources/testDataFiles/Schemas/ValidationError_schema.json"".
2023-01-22 22:04:29.530 &amp#27;[32m INFO&amp#27;[m &amp#27;[35m[@503 - main]&amp#27;[m &amp#27;[36mcom.shaft.tools.io.ReportManager&amp#27;[m : File Action "GetAbsolutePath" successfully performed. With the following test data "Relative Folder Path: "src/test/resources/testDataFiles/Schemas/ValidationError_schema.json"".
2023-01-22 22:04:29.532 &amp#27;[32m INFO&amp#27;[m &amp#27;[35m[@503 - main]&amp#27;[m &amp#27;[36mcom.shaft.tools.io.ReportManager&amp#27;[m : File Action "DoesFileExist" successfully performed. With the following test data "File Path: "C:\eclipse-workspace\MyProjects\TASystemsAPIs\src\test\resources\testDataFiles\Schemas\ValidationError_schema.json"".
2023-01-22 22:04:29.532 &amp#27;[32m INFO&amp#27;[m &amp#27;[35m[@503 - main]&amp#27;[m &amp#27;[36mcom.shaft.tools.io.ReportManager&amp#27;[m : File Action "GetAbsolutePath" successfully performed. With the following test data "Relative Folder Path: "C:\eclipse-workspace\MyProjects\TASystemsAPIs\src\test\resources\testDataFiles\Schemas\ValidationError_schema.json"".
2023-01-22 22:04:29.532 &amp#27;[32m INFO&amp#27;[m &amp#27;[35m[@503 - main]&amp#27;[m &amp#27;[36mcom.shaft.tools.io.ReportManager&amp#27;[m : File Action "ReadFile" successfully performed. With the following test data "File Path: "C:\eclipse-workspace\MyProjects\TASystemsAPIs\src\test\resources\testDataFiles\Schemas\ValidationError_schema.json"".
2023-01-22 22:04:29.534 &amp#27;[32m INFO&amp#27;[m &amp#27;[35m[@503 - main]&amp#27;[m &amp#27;[36mcom.shaft.tools.io.ReportManager&amp#27;[m : Successfully created attachment "Validation Test Data - Expected JSON Value"
2023-01-22 22:04:29.535 &amp#27;[32m INFO&amp#27;[m &amp#27;[35m[@503 - main]&amp#27;[m &amp#27;[36mcom.shaft.tools.io.ReportManager&amp#27;[m : Successfully created attachment "Validation Test Data - Actual JSON Value"
2023-01-22 22:04:29.536 &amp#27;[32m INFO&amp#27;[m &amp#27;[35m[@503 - main]&amp#27;[m &amp#27;[36mcom.shaft.tools.io.ReportManager&amp#27;[m : Successfully created attachment "SHAFT Engine Logs - Current Method log: Add_Policy_With_InValid_data_TC"
]]></system-out>
  </testcase>
  <testcase name="Add_Policy_With_InValid_data_TC[[Ljava.lang.Object;@3a24f397](56)" classname="SteeringCompanyAPI_TestCases.Test_Policies_Cases" time="1.823">
    <system-out><![CDATA[2023-01-22 22:04:29.540 &amp#27;[32m INFO&amp#27;[m &amp#27;[35m[@534 - main]&amp#27;[m &amp#27;[36mcom.shaft.tools.io.ReportManager&amp#27;[m : 
################################################################################################################################################
Starting Execution:	"99 out of 83" test cases in the current suite
Test Method:		"SteeringCompanyAPI_TestCases.Test_Policies_Cases.Add_Policy_With_InValid_data_TC"
Test Description:	"TC052 -Policy- Perform Add Policy with InValid data"
################################################################################################################################################
2023-01-22 22:04:29.540 &amp#27;[32m INFO&amp#27;[m &amp#27;[35m[@503 - main]&amp#27;[m &amp#27;[36mcom.shaft.tools.io.ReportManager&amp#27;[m : File Action "DoesFileExist" successfully performed. With the following test data "File Path: "SteeringCompanyAPI_TestData/SteeringCompanyAPI_TestData.xlsx"".
2023-01-22 22:04:29.562 &amp#27;[32m INFO&amp#27;[m &amp#27;[35m[@503 - main]&amp#27;[m &amp#27;[36mcom.shaft.tools.io.ReportManager&amp#27;[m : Successfully created attachment "Test Data - Excel"
2023-01-22 22:04:30.470 &amp#27;[32m INFO&amp#27;[m &amp#27;[35m[@503 - main]&amp#27;[m &amp#27;[36mcom.shaft.tools.io.ReportManager&amp#27;[m : Response status code: "200", status line: "HTTP/1.1 200 OK"
2023-01-22 22:04:30.482 &amp#27;[32m INFO&amp#27;[m &amp#27;[35m[@503 - main]&amp#27;[m &amp#27;[36mcom.shaft.tools.io.ReportManager&amp#27;[m : Successfully created attachment "API Request - Specifications"
2023-01-22 22:04:30.483 &amp#27;[32m INFO&amp#27;[m &amp#27;[35m[@503 - main]&amp#27;[m &amp#27;[36mcom.shaft.tools.io.ReportManager&amp#27;[m : Successfully created attachment "API Request - Body"
2023-01-22 22:04:30.484 &amp#27;[32m INFO&amp#27;[m &amp#27;[35m[@503 - main]&amp#27;[m &amp#27;[36mcom.shaft.tools.io.ReportManager&amp#27;[m : Successfully created attachment "API Response - JSON Body"
2023-01-22 22:04:30.491 &amp#27;[32m INFO&amp#27;[m &amp#27;[35m[@503 - main]&amp#27;[m &amp#27;[36mcom.shaft.tools.io.ReportManager&amp#27;[m : File Action "DoesFileExist" successfully performed. With the following test data "File Path: "SteeringCompanyAPI_TestData/SteeringCompanyAPI_TestData.xlsx"".
2023-01-22 22:04:30.532 &amp#27;[32m INFO&amp#27;[m &amp#27;[35m[@503 - main]&amp#27;[m &amp#27;[36mcom.shaft.tools.io.ReportManager&amp#27;[m : Successfully created attachment "Test Data - Excel"
2023-01-22 22:04:30.532 &amp#27;[32m INFO&amp#27;[m &amp#27;[35m[@503 - main]&amp#27;[m &amp#27;[36mcom.shaft.tools.io.ReportManager&amp#27;[m : File Action "DoesFileExist" successfully performed. With the following test data "File Path: "SteeringCompanyAPI_TestData/SteeringCompanyAPI_TestData.xlsx"".
2023-01-22 22:04:30.554 &amp#27;[32m INFO&amp#27;[m &amp#27;[35m[@503 - main]&amp#27;[m &amp#27;[36mcom.shaft.tools.io.ReportManager&amp#27;[m : Successfully created attachment "Test Data - Excel"
2023-01-22 22:04:30.554 &amp#27;[32m INFO&amp#27;[m &amp#27;[35m[@503 - main]&amp#27;[m &amp#27;[36mcom.shaft.tools.io.ReportManager&amp#27;[m : File Action "DoesFileExist" successfully performed. With the following test data "File Path: "SteeringCompanyAPI_TestData/SteeringCompanyAPI_TestData.xlsx"".
2023-01-22 22:04:30.576 &amp#27;[32m INFO&amp#27;[m &amp#27;[35m[@503 - main]&amp#27;[m &amp#27;[36mcom.shaft.tools.io.ReportManager&amp#27;[m : Successfully created attachment "Test Data - Excel"
2023-01-22 22:04:31.340 &amp#27;[32m INFO&amp#27;[m &amp#27;[35m[@503 - main]&amp#27;[m &amp#27;[36mcom.shaft.tools.io.ReportManager&amp#27;[m : Response status code: "422", status line: "HTTP/1.1 422 "
2023-01-22 22:04:31.351 &amp#27;[32m INFO&amp#27;[m &amp#27;[35m[@503 - main]&amp#27;[m &amp#27;[36mcom.shaft.tools.io.ReportManager&amp#27;[m : Successfully created attachment "API Request - Specifications"
2023-01-22 22:04:31.352 &amp#27;[32m INFO&amp#27;[m &amp#27;[35m[@503 - main]&amp#27;[m &amp#27;[36mcom.shaft.tools.io.ReportManager&amp#27;[m : Successfully created attachment "API Request - JSON Body"
2023-01-22 22:04:31.353 &amp#27;[32m INFO&amp#27;[m &amp#27;[35m[@503 - main]&amp#27;[m &amp#27;[36mcom.shaft.tools.io.ReportManager&amp#27;[m : Successfully created attachment "API Response - JSON Body"
2023-01-22 22:04:31.353 &amp#27;[32m INFO&amp#27;[m &amp#27;[35m[@503 - main]&amp#27;[m &amp#27;[36mcom.shaft.tools.io.ReportManager&amp#27;[m : File Action "DoesFileExist" successfully performed. With the following test data "File Path: "Schemas/ValidationError_schema.json"".
2023-01-22 22:04:31.353 &amp#27;[32m INFO&amp#27;[m &amp#27;[35m[@503 - main]&amp#27;[m &amp#27;[36mcom.shaft.tools.io.ReportManager&amp#27;[m : File Action "DoesFileExist" successfully performed. With the following test data "File Path: "src/test/resources/testDataFiles/Schemas/ValidationError_schema.json"".
2023-01-22 22:04:31.353 &amp#27;[32m INFO&amp#27;[m &amp#27;[35m[@503 - main]&amp#27;[m &amp#27;[36mcom.shaft.tools.io.ReportManager&amp#27;[m : File Action "GetAbsolutePath" successfully performed. With the following test data "Relative Folder Path: "src/test/resources/testDataFiles/Schemas/ValidationError_schema.json"".
2023-01-22 22:04:31.355 &amp#27;[32m INFO&amp#27;[m &amp#27;[35m[@503 - main]&amp#27;[m &amp#27;[36mcom.shaft.tools.io.ReportManager&amp#27;[m : File Action "DoesFileExist" successfully performed. With the following test data "File Path: "C:\eclipse-workspace\MyProjects\TASystemsAPIs\src\test\resources\testDataFiles\Schemas\ValidationError_schema.json"".
2023-01-22 22:04:31.356 &amp#27;[32m INFO&amp#27;[m &amp#27;[35m[@503 - main]&amp#27;[m &amp#27;[36mcom.shaft.tools.io.ReportManager&amp#27;[m : File Action "GetAbsolutePath" successfully performed. With the following test data "Relative Folder Path: "C:\eclipse-workspace\MyProjects\TASystemsAPIs\src\test\resources\testDataFiles\Schemas\ValidationError_schema.json"".
2023-01-22 22:04:31.356 &amp#27;[32m INFO&amp#27;[m &amp#27;[35m[@503 - main]&amp#27;[m &amp#27;[36mcom.shaft.tools.io.ReportManager&amp#27;[m : File Action "ReadFile" successfully performed. With the following test data "File Path: "C:\eclipse-workspace\MyProjects\TASystemsAPIs\src\test\resources\testDataFiles\Schemas\ValidationError_schema.json"".
2023-01-22 22:04:31.358 &amp#27;[32m INFO&amp#27;[m &amp#27;[35m[@503 - main]&amp#27;[m &amp#27;[36mcom.shaft.tools.io.ReportManager&amp#27;[m : Successfully created attachment "Validation Test Data - Expected JSON Value"
2023-01-22 22:04:31.358 &amp#27;[32m INFO&amp#27;[m &amp#27;[35m[@503 - main]&amp#27;[m &amp#27;[36mcom.shaft.tools.io.ReportManager&amp#27;[m : Successfully created attachment "Validation Test Data - Actual JSON Value"
2023-01-22 22:04:31.359 &amp#27;[32m INFO&amp#27;[m &amp#27;[35m[@503 - main]&amp#27;[m &amp#27;[36mcom.shaft.tools.io.ReportManager&amp#27;[m : Successfully created attachment "SHAFT Engine Logs - Current Method log: Add_Policy_With_InValid_data_TC"
]]></system-out>
  </testcase>
  <testcase name="Add_Policy_With_InValid_data_TC[[Ljava.lang.Object;@383cf547](57)" classname="SteeringCompanyAPI_TestCases.Test_Policies_Cases" time="1.85">
    <system-out><![CDATA[2023-01-22 22:04:31.362 &amp#27;[32m INFO&amp#27;[m &amp#27;[35m[@534 - main]&amp#27;[m &amp#27;[36mcom.shaft.tools.io.ReportManager&amp#27;[m : 
################################################################################################################################################
Starting Execution:	"100 out of 83" test cases in the current suite
Test Method:		"SteeringCompanyAPI_TestCases.Test_Policies_Cases.Add_Policy_With_InValid_data_TC"
Test Description:	"TC052 -Policy- Perform Add Policy with InValid data"
################################################################################################################################################
2023-01-22 22:04:31.362 &amp#27;[32m INFO&amp#27;[m &amp#27;[35m[@503 - main]&amp#27;[m &amp#27;[36mcom.shaft.tools.io.ReportManager&amp#27;[m : File Action "DoesFileExist" successfully performed. With the following test data "File Path: "SteeringCompanyAPI_TestData/SteeringCompanyAPI_TestData.xlsx"".
2023-01-22 22:04:31.386 &amp#27;[32m INFO&amp#27;[m &amp#27;[35m[@503 - main]&amp#27;[m &amp#27;[36mcom.shaft.tools.io.ReportManager&amp#27;[m : Successfully created attachment "Test Data - Excel"
2023-01-22 22:04:32.327 &amp#27;[32m INFO&amp#27;[m &amp#27;[35m[@503 - main]&amp#27;[m &amp#27;[36mcom.shaft.tools.io.ReportManager&amp#27;[m : Response status code: "200", status line: "HTTP/1.1 200 OK"
2023-01-22 22:04:32.337 &amp#27;[32m INFO&amp#27;[m &amp#27;[35m[@503 - main]&amp#27;[m &amp#27;[36mcom.shaft.tools.io.ReportManager&amp#27;[m : Successfully created attachment "API Request - Specifications"
2023-01-22 22:04:32.338 &amp#27;[32m INFO&amp#27;[m &amp#27;[35m[@503 - main]&amp#27;[m &amp#27;[36mcom.shaft.tools.io.ReportManager&amp#27;[m : Successfully created attachment "API Request - Body"
2023-01-22 22:04:32.339 &amp#27;[32m INFO&amp#27;[m &amp#27;[35m[@503 - main]&amp#27;[m &amp#27;[36mcom.shaft.tools.io.ReportManager&amp#27;[m : Successfully created attachment "API Response - JSON Body"
2023-01-22 22:04:32.348 &amp#27;[32m INFO&amp#27;[m &amp#27;[35m[@503 - main]&amp#27;[m &amp#27;[36mcom.shaft.tools.io.ReportManager&amp#27;[m : File Action "DoesFileExist" successfully performed. With the following test data "File Path: "SteeringCompanyAPI_TestData/SteeringCompanyAPI_TestData.xlsx"".
2023-01-22 22:04:32.377 &amp#27;[32m INFO&amp#27;[m &amp#27;[35m[@503 - main]&amp#27;[m &amp#27;[36mcom.shaft.tools.io.ReportManager&amp#27;[m : Successfully created attachment "Test Data - Excel"
2023-01-22 22:04:32.377 &amp#27;[32m INFO&amp#27;[m &amp#27;[35m[@503 - main]&amp#27;[m &amp#27;[36mcom.shaft.tools.io.ReportManager&amp#27;[m : File Action "DoesFileExist" successfully performed. With the following test data "File Path: "SteeringCompanyAPI_TestData/SteeringCompanyAPI_TestData.xlsx"".
2023-01-22 22:04:32.398 &amp#27;[32m INFO&amp#27;[m &amp#27;[35m[@503 - main]&amp#27;[m &amp#27;[36mcom.shaft.tools.io.ReportManager&amp#27;[m : Successfully created attachment "Test Data - Excel"
2023-01-22 22:04:32.398 &amp#27;[32m INFO&amp#27;[m &amp#27;[35m[@503 - main]&amp#27;[m &amp#27;[36mcom.shaft.tools.io.ReportManager&amp#27;[m : File Action "DoesFileExist" successfully performed. With the following test data "File Path: "SteeringCompanyAPI_TestData/SteeringCompanyAPI_TestData.xlsx"".
2023-01-22 22:04:32.422 &amp#27;[32m INFO&amp#27;[m &amp#27;[35m[@503 - main]&amp#27;[m &amp#27;[36mcom.shaft.tools.io.ReportManager&amp#27;[m : Successfully created attachment "Test Data - Excel"
2023-01-22 22:04:33.182 &amp#27;[32m INFO&amp#27;[m &amp#27;[35m[@503 - main]&amp#27;[m &amp#27;[36mcom.shaft.tools.io.ReportManager&amp#27;[m : Response status code: "422", status line: "HTTP/1.1 422 "
2023-01-22 22:04:33.196 &amp#27;[32m INFO&amp#27;[m &amp#27;[35m[@503 - main]&amp#27;[m &amp#27;[36mcom.shaft.tools.io.ReportManager&amp#27;[m : Successfully created attachment "API Request - Specifications"
2023-01-22 22:04:33.198 &amp#27;[32m INFO&amp#27;[m &amp#27;[35m[@503 - main]&amp#27;[m &amp#27;[36mcom.shaft.tools.io.ReportManager&amp#27;[m : Successfully created attachment "API Request - JSON Body"
2023-01-22 22:04:33.199 &amp#27;[32m INFO&amp#27;[m &amp#27;[35m[@503 - main]&amp#27;[m &amp#27;[36mcom.shaft.tools.io.ReportManager&amp#27;[m : Successfully created attachment "API Response - JSON Body"
2023-01-22 22:04:33.200 &amp#27;[32m INFO&amp#27;[m &amp#27;[35m[@503 - main]&amp#27;[m &amp#27;[36mcom.shaft.tools.io.ReportManager&amp#27;[m : File Action "DoesFileExist" successfully performed. With the following test data "File Path: "Schemas/ValidationError_schema.json"".
2023-01-22 22:04:33.202 &amp#27;[32m INFO&amp#27;[m &amp#27;[35m[@503 - main]&amp#27;[m &amp#27;[36mcom.shaft.tools.io.ReportManager&amp#27;[m : File Action "DoesFileExist" successfully performed. With the following test data "File Path: "src/test/resources/testDataFiles/Schemas/ValidationError_schema.json"".
2023-01-22 22:04:33.202 &amp#27;[32m INFO&amp#27;[m &amp#27;[35m[@503 - main]&amp#27;[m &amp#27;[36mcom.shaft.tools.io.ReportManager&amp#27;[m : File Action "GetAbsolutePath" successfully performed. With the following test data "Relative Folder Path: "src/test/resources/testDataFiles/Schemas/ValidationError_schema.json"".
2023-01-22 22:04:33.204 &amp#27;[32m INFO&amp#27;[m &amp#27;[35m[@503 - main]&amp#27;[m &amp#27;[36mcom.shaft.tools.io.ReportManager&amp#27;[m : File Action "DoesFileExist" successfully performed. With the following test data "File Path: "C:\eclipse-workspace\MyProjects\TASystemsAPIs\src\test\resources\testDataFiles\Schemas\ValidationError_schema.json"".
2023-01-22 22:04:33.205 &amp#27;[32m INFO&amp#27;[m &amp#27;[35m[@503 - main]&amp#27;[m &amp#27;[36mcom.shaft.tools.io.ReportManager&amp#27;[m : File Action "GetAbsolutePath" successfully performed. With the following test data "Relative Folder Path: "C:\eclipse-workspace\MyProjects\TASystemsAPIs\src\test\resources\testDataFiles\Schemas\ValidationError_schema.json"".
2023-01-22 22:04:33.205 &amp#27;[32m INFO&amp#27;[m &amp#27;[35m[@503 - main]&amp#27;[m &amp#27;[36mcom.shaft.tools.io.ReportManager&amp#27;[m : File Action "ReadFile" successfully performed. With the following test data "File Path: "C:\eclipse-workspace\MyProjects\TASystemsAPIs\src\test\resources\testDataFiles\Schemas\ValidationError_schema.json"".
2023-01-22 22:04:33.207 &amp#27;[32m INFO&amp#27;[m &amp#27;[35m[@503 - main]&amp#27;[m &amp#27;[36mcom.shaft.tools.io.ReportManager&amp#27;[m : Successfully created attachment "Validation Test Data - Expected JSON Value"
2023-01-22 22:04:33.208 &amp#27;[32m INFO&amp#27;[m &amp#27;[35m[@503 - main]&amp#27;[m &amp#27;[36mcom.shaft.tools.io.ReportManager&amp#27;[m : Successfully created attachment "Validation Test Data - Actual JSON Value"
2023-01-22 22:04:33.209 &amp#27;[32m INFO&amp#27;[m &amp#27;[35m[@503 - main]&amp#27;[m &amp#27;[36mcom.shaft.tools.io.ReportManager&amp#27;[m : Successfully created attachment "SHAFT Engine Logs - Current Method log: Add_Policy_With_InValid_data_TC"
]]></system-out>
  </testcase>
  <testcase name="Add_Policy_With_InValid_data_TC[[Ljava.lang.Object;@347fa9db](58)" classname="SteeringCompanyAPI_TestCases.Test_Policies_Cases" time="1.948">
    <system-out><![CDATA[2023-01-22 22:04:33.212 &amp#27;[32m INFO&amp#27;[m &amp#27;[35m[@534 - main]&amp#27;[m &amp#27;[36mcom.shaft.tools.io.ReportManager&amp#27;[m : 
################################################################################################################################################
Starting Execution:	"101 out of 83" test cases in the current suite
Test Method:		"SteeringCompanyAPI_TestCases.Test_Policies_Cases.Add_Policy_With_InValid_data_TC"
Test Description:	"TC052 -Policy- Perform Add Policy with InValid data"
################################################################################################################################################
2023-01-22 22:04:33.212 &amp#27;[32m INFO&amp#27;[m &amp#27;[35m[@503 - main]&amp#27;[m &amp#27;[36mcom.shaft.tools.io.ReportManager&amp#27;[m : File Action "DoesFileExist" successfully performed. With the following test data "File Path: "SteeringCompanyAPI_TestData/SteeringCompanyAPI_TestData.xlsx"".
2023-01-22 22:04:33.234 &amp#27;[32m INFO&amp#27;[m &amp#27;[35m[@503 - main]&amp#27;[m &amp#27;[36mcom.shaft.tools.io.ReportManager&amp#27;[m : Successfully created attachment "Test Data - Excel"
2023-01-22 22:04:34.146 &amp#27;[32m INFO&amp#27;[m &amp#27;[35m[@503 - main]&amp#27;[m &amp#27;[36mcom.shaft.tools.io.ReportManager&amp#27;[m : Response status code: "200", status line: "HTTP/1.1 200 OK"
2023-01-22 22:04:34.157 &amp#27;[32m INFO&amp#27;[m &amp#27;[35m[@503 - main]&amp#27;[m &amp#27;[36mcom.shaft.tools.io.ReportManager&amp#27;[m : Successfully created attachment "API Request - Specifications"
2023-01-22 22:04:34.159 &amp#27;[32m INFO&amp#27;[m &amp#27;[35m[@503 - main]&amp#27;[m &amp#27;[36mcom.shaft.tools.io.ReportManager&amp#27;[m : Successfully created attachment "API Request - Body"
2023-01-22 22:04:34.160 &amp#27;[32m INFO&amp#27;[m &amp#27;[35m[@503 - main]&amp#27;[m &amp#27;[36mcom.shaft.tools.io.ReportManager&amp#27;[m : Successfully created attachment "API Response - JSON Body"
2023-01-22 22:04:34.168 &amp#27;[32m INFO&amp#27;[m &amp#27;[35m[@503 - main]&amp#27;[m &amp#27;[36mcom.shaft.tools.io.ReportManager&amp#27;[m : File Action "DoesFileExist" successfully performed. With the following test data "File Path: "SteeringCompanyAPI_TestData/SteeringCompanyAPI_TestData.xlsx"".
2023-01-22 22:04:34.241 &amp#27;[32m INFO&amp#27;[m &amp#27;[35m[@503 - main]&amp#27;[m &amp#27;[36mcom.shaft.tools.io.ReportManager&amp#27;[m : Successfully created attachment "Test Data - Excel"
2023-01-22 22:04:34.242 &amp#27;[32m INFO&amp#27;[m &amp#27;[35m[@503 - main]&amp#27;[m &amp#27;[36mcom.shaft.tools.io.ReportManager&amp#27;[m : File Action "DoesFileExist" successfully performed. With the following test data "File Path: "SteeringCompanyAPI_TestData/SteeringCompanyAPI_TestData.xlsx"".
2023-01-22 22:04:34.266 &amp#27;[32m INFO&amp#27;[m &amp#27;[35m[@503 - main]&amp#27;[m &amp#27;[36mcom.shaft.tools.io.ReportManager&amp#27;[m : Successfully created attachment "Test Data - Excel"
2023-01-22 22:04:34.266 &amp#27;[32m INFO&amp#27;[m &amp#27;[35m[@503 - main]&amp#27;[m &amp#27;[36mcom.shaft.tools.io.ReportManager&amp#27;[m : File Action "DoesFileExist" successfully performed. With the following test data "File Path: "SteeringCompanyAPI_TestData/SteeringCompanyAPI_TestData.xlsx"".
2023-01-22 22:04:34.288 &amp#27;[32m INFO&amp#27;[m &amp#27;[35m[@503 - main]&amp#27;[m &amp#27;[36mcom.shaft.tools.io.ReportManager&amp#27;[m : Successfully created attachment "Test Data - Excel"
2023-01-22 22:04:35.128 &amp#27;[32m INFO&amp#27;[m &amp#27;[35m[@503 - main]&amp#27;[m &amp#27;[36mcom.shaft.tools.io.ReportManager&amp#27;[m : Response status code: "422", status line: "HTTP/1.1 422 "
2023-01-22 22:04:35.143 &amp#27;[32m INFO&amp#27;[m &amp#27;[35m[@503 - main]&amp#27;[m &amp#27;[36mcom.shaft.tools.io.ReportManager&amp#27;[m : Successfully created attachment "API Request - Specifications"
2023-01-22 22:04:35.144 &amp#27;[32m INFO&amp#27;[m &amp#27;[35m[@503 - main]&amp#27;[m &amp#27;[36mcom.shaft.tools.io.ReportManager&amp#27;[m : Successfully created attachment "API Request - JSON Body"
2023-01-22 22:04:35.145 &amp#27;[32m INFO&amp#27;[m &amp#27;[35m[@503 - main]&amp#27;[m &amp#27;[36mcom.shaft.tools.io.ReportManager&amp#27;[m : Successfully created attachment "API Response - JSON Body"
2023-01-22 22:04:35.147 &amp#27;[32m INFO&amp#27;[m &amp#27;[35m[@503 - main]&amp#27;[m &amp#27;[36mcom.shaft.tools.io.ReportManager&amp#27;[m : File Action "DoesFileExist" successfully performed. With the following test data "File Path: "Schemas/ValidationError_schema.json"".
2023-01-22 22:04:35.148 &amp#27;[32m INFO&amp#27;[m &amp#27;[35m[@503 - main]&amp#27;[m &amp#27;[36mcom.shaft.tools.io.ReportManager&amp#27;[m : File Action "DoesFileExist" successfully performed. With the following test data "File Path: "src/test/resources/testDataFiles/Schemas/ValidationError_schema.json"".
2023-01-22 22:04:35.148 &amp#27;[32m INFO&amp#27;[m &amp#27;[35m[@503 - main]&amp#27;[m &amp#27;[36mcom.shaft.tools.io.ReportManager&amp#27;[m : File Action "GetAbsolutePath" successfully performed. With the following test data "Relative Folder Path: "src/test/resources/testDataFiles/Schemas/ValidationError_schema.json"".
2023-01-22 22:04:35.151 &amp#27;[32m INFO&amp#27;[m &amp#27;[35m[@503 - main]&amp#27;[m &amp#27;[36mcom.shaft.tools.io.ReportManager&amp#27;[m : File Action "DoesFileExist" successfully performed. With the following test data "File Path: "C:\eclipse-workspace\MyProjects\TASystemsAPIs\src\test\resources\testDataFiles\Schemas\ValidationError_schema.json"".
2023-01-22 22:04:35.151 &amp#27;[32m INFO&amp#27;[m &amp#27;[35m[@503 - main]&amp#27;[m &amp#27;[36mcom.shaft.tools.io.ReportManager&amp#27;[m : File Action "GetAbsolutePath" successfully performed. With the following test data "Relative Folder Path: "C:\eclipse-workspace\MyProjects\TASystemsAPIs\src\test\resources\testDataFiles\Schemas\ValidationError_schema.json"".
2023-01-22 22:04:35.151 &amp#27;[32m INFO&amp#27;[m &amp#27;[35m[@503 - main]&amp#27;[m &amp#27;[36mcom.shaft.tools.io.ReportManager&amp#27;[m : File Action "ReadFile" successfully performed. With the following test data "File Path: "C:\eclipse-workspace\MyProjects\TASystemsAPIs\src\test\resources\testDataFiles\Schemas\ValidationError_schema.json"".
2023-01-22 22:04:35.153 &amp#27;[32m INFO&amp#27;[m &amp#27;[35m[@503 - main]&amp#27;[m &amp#27;[36mcom.shaft.tools.io.ReportManager&amp#27;[m : Successfully created attachment "Validation Test Data - Expected JSON Value"
2023-01-22 22:04:35.156 &amp#27;[32m INFO&amp#27;[m &amp#27;[35m[@503 - main]&amp#27;[m &amp#27;[36mcom.shaft.tools.io.ReportManager&amp#27;[m : Successfully created attachment "Validation Test Data - Actual JSON Value"
2023-01-22 22:04:35.157 &amp#27;[32m INFO&amp#27;[m &amp#27;[35m[@503 - main]&amp#27;[m &amp#27;[36mcom.shaft.tools.io.ReportManager&amp#27;[m : Successfully created attachment "SHAFT Engine Logs - Current Method log: Add_Policy_With_InValid_data_TC"
]]></system-out>
  </testcase>
  <testcase name="Add_Policy_With_InValid_data_TC[[Ljava.lang.Object;@781ea688](59)" classname="SteeringCompanyAPI_TestCases.Test_Policies_Cases" time="2.959">
    <system-out><![CDATA[2023-01-22 22:04:35.161 &amp#27;[32m INFO&amp#27;[m &amp#27;[35m[@534 - main]&amp#27;[m &amp#27;[36mcom.shaft.tools.io.ReportManager&amp#27;[m : 
################################################################################################################################################
Starting Execution:	"102 out of 83" test cases in the current suite
Test Method:		"SteeringCompanyAPI_TestCases.Test_Policies_Cases.Add_Policy_With_InValid_data_TC"
Test Description:	"TC052 -Policy- Perform Add Policy with InValid data"
################################################################################################################################################
2023-01-22 22:04:35.162 &amp#27;[32m INFO&amp#27;[m &amp#27;[35m[@503 - main]&amp#27;[m &amp#27;[36mcom.shaft.tools.io.ReportManager&amp#27;[m : File Action "DoesFileExist" successfully performed. With the following test data "File Path: "SteeringCompanyAPI_TestData/SteeringCompanyAPI_TestData.xlsx"".
2023-01-22 22:04:35.188 &amp#27;[32m INFO&amp#27;[m &amp#27;[35m[@503 - main]&amp#27;[m &amp#27;[36mcom.shaft.tools.io.ReportManager&amp#27;[m : Successfully created attachment "Test Data - Excel"
2023-01-22 22:04:36.047 &amp#27;[32m INFO&amp#27;[m &amp#27;[35m[@503 - main]&amp#27;[m &amp#27;[36mcom.shaft.tools.io.ReportManager&amp#27;[m : Response status code: "200", status line: "HTTP/1.1 200 OK"
2023-01-22 22:04:36.056 &amp#27;[32m INFO&amp#27;[m &amp#27;[35m[@503 - main]&amp#27;[m &amp#27;[36mcom.shaft.tools.io.ReportManager&amp#27;[m : Successfully created attachment "API Request - Specifications"
2023-01-22 22:04:36.058 &amp#27;[32m INFO&amp#27;[m &amp#27;[35m[@503 - main]&amp#27;[m &amp#27;[36mcom.shaft.tools.io.ReportManager&amp#27;[m : Successfully created attachment "API Request - Body"
2023-01-22 22:04:36.059 &amp#27;[32m INFO&amp#27;[m &amp#27;[35m[@503 - main]&amp#27;[m &amp#27;[36mcom.shaft.tools.io.ReportManager&amp#27;[m : Successfully created attachment "API Response - JSON Body"
2023-01-22 22:04:36.069 &amp#27;[32m INFO&amp#27;[m &amp#27;[35m[@503 - main]&amp#27;[m &amp#27;[36mcom.shaft.tools.io.ReportManager&amp#27;[m : File Action "DoesFileExist" successfully performed. With the following test data "File Path: "SteeringCompanyAPI_TestData/SteeringCompanyAPI_TestData.xlsx"".
2023-01-22 22:04:36.103 &amp#27;[32m INFO&amp#27;[m &amp#27;[35m[@503 - main]&amp#27;[m &amp#27;[36mcom.shaft.tools.io.ReportManager&amp#27;[m : Successfully created attachment "Test Data - Excel"
2023-01-22 22:04:36.104 &amp#27;[32m INFO&amp#27;[m &amp#27;[35m[@503 - main]&amp#27;[m &amp#27;[36mcom.shaft.tools.io.ReportManager&amp#27;[m : File Action "DoesFileExist" successfully performed. With the following test data "File Path: "SteeringCompanyAPI_TestData/SteeringCompanyAPI_TestData.xlsx"".
2023-01-22 22:04:36.128 &amp#27;[32m INFO&amp#27;[m &amp#27;[35m[@503 - main]&amp#27;[m &amp#27;[36mcom.shaft.tools.io.ReportManager&amp#27;[m : Successfully created attachment "Test Data - Excel"
2023-01-22 22:04:36.128 &amp#27;[32m INFO&amp#27;[m &amp#27;[35m[@503 - main]&amp#27;[m &amp#27;[36mcom.shaft.tools.io.ReportManager&amp#27;[m : File Action "DoesFileExist" successfully performed. With the following test data "File Path: "SteeringCompanyAPI_TestData/SteeringCompanyAPI_TestData.xlsx"".
2023-01-22 22:04:36.152 &amp#27;[32m INFO&amp#27;[m &amp#27;[35m[@503 - main]&amp#27;[m &amp#27;[36mcom.shaft.tools.io.ReportManager&amp#27;[m : Successfully created attachment "Test Data - Excel"
2023-01-22 22:04:38.095 &amp#27;[32m INFO&amp#27;[m &amp#27;[35m[@503 - main]&amp#27;[m &amp#27;[36mcom.shaft.tools.io.ReportManager&amp#27;[m : Response status code: "422", status line: "HTTP/1.1 422 "
2023-01-22 22:04:38.107 &amp#27;[32m INFO&amp#27;[m &amp#27;[35m[@503 - main]&amp#27;[m &amp#27;[36mcom.shaft.tools.io.ReportManager&amp#27;[m : Successfully created attachment "API Request - Specifications"
2023-01-22 22:04:38.108 &amp#27;[32m INFO&amp#27;[m &amp#27;[35m[@503 - main]&amp#27;[m &amp#27;[36mcom.shaft.tools.io.ReportManager&amp#27;[m : Successfully created attachment "API Request - JSON Body"
2023-01-22 22:04:38.109 &amp#27;[32m INFO&amp#27;[m &amp#27;[35m[@503 - main]&amp#27;[m &amp#27;[36mcom.shaft.tools.io.ReportManager&amp#27;[m : Successfully created attachment "API Response - JSON Body"
2023-01-22 22:04:38.110 &amp#27;[32m INFO&amp#27;[m &amp#27;[35m[@503 - main]&amp#27;[m &amp#27;[36mcom.shaft.tools.io.ReportManager&amp#27;[m : File Action "DoesFileExist" successfully performed. With the following test data "File Path: "Schemas/ValidationError_schema.json"".
2023-01-22 22:04:38.110 &amp#27;[32m INFO&amp#27;[m &amp#27;[35m[@503 - main]&amp#27;[m &amp#27;[36mcom.shaft.tools.io.ReportManager&amp#27;[m : File Action "DoesFileExist" successfully performed. With the following test data "File Path: "src/test/resources/testDataFiles/Schemas/ValidationError_schema.json"".
2023-01-22 22:04:38.110 &amp#27;[32m INFO&amp#27;[m &amp#27;[35m[@503 - main]&amp#27;[m &amp#27;[36mcom.shaft.tools.io.ReportManager&amp#27;[m : File Action "GetAbsolutePath" successfully performed. With the following test data "Relative Folder Path: "src/test/resources/testDataFiles/Schemas/ValidationError_schema.json"".
2023-01-22 22:04:38.113 &amp#27;[32m INFO&amp#27;[m &amp#27;[35m[@503 - main]&amp#27;[m &amp#27;[36mcom.shaft.tools.io.ReportManager&amp#27;[m : File Action "DoesFileExist" successfully performed. With the following test data "File Path: "C:\eclipse-workspace\MyProjects\TASystemsAPIs\src\test\resources\testDataFiles\Schemas\ValidationError_schema.json"".
2023-01-22 22:04:38.113 &amp#27;[32m INFO&amp#27;[m &amp#27;[35m[@503 - main]&amp#27;[m &amp#27;[36mcom.shaft.tools.io.ReportManager&amp#27;[m : File Action "GetAbsolutePath" successfully performed. With the following test data "Relative Folder Path: "C:\eclipse-workspace\MyProjects\TASystemsAPIs\src\test\resources\testDataFiles\Schemas\ValidationError_schema.json"".
2023-01-22 22:04:38.113 &amp#27;[32m INFO&amp#27;[m &amp#27;[35m[@503 - main]&amp#27;[m &amp#27;[36mcom.shaft.tools.io.ReportManager&amp#27;[m : File Action "ReadFile" successfully performed. With the following test data "File Path: "C:\eclipse-workspace\MyProjects\TASystemsAPIs\src\test\resources\testDataFiles\Schemas\ValidationError_schema.json"".
2023-01-22 22:04:38.114 &amp#27;[32m INFO&amp#27;[m &amp#27;[35m[@503 - main]&amp#27;[m &amp#27;[36mcom.shaft.tools.io.ReportManager&amp#27;[m : Successfully created attachment "Validation Test Data - Expected JSON Value"
2023-01-22 22:04:38.116 &amp#27;[32m INFO&amp#27;[m &amp#27;[35m[@503 - main]&amp#27;[m &amp#27;[36mcom.shaft.tools.io.ReportManager&amp#27;[m : Successfully created attachment "Validation Test Data - Actual JSON Value"
2023-01-22 22:04:38.117 &amp#27;[32m INFO&amp#27;[m &amp#27;[35m[@503 - main]&amp#27;[m &amp#27;[36mcom.shaft.tools.io.ReportManager&amp#27;[m : Successfully created attachment "SHAFT Engine Logs - Current Method log: Add_Policy_With_InValid_data_TC"
]]></system-out>
  </testcase>
  <testcase name="Add_Policy_With_InValid_data_TC[[Ljava.lang.Object;@3e051aa3](60)" classname="SteeringCompanyAPI_TestCases.Test_Policies_Cases" time="3.687">
    <system-out><![CDATA[2023-01-22 22:04:38.119 &amp#27;[32m INFO&amp#27;[m &amp#27;[35m[@534 - main]&amp#27;[m &amp#27;[36mcom.shaft.tools.io.ReportManager&amp#27;[m : 
################################################################################################################################################
Starting Execution:	"103 out of 83" test cases in the current suite
Test Method:		"SteeringCompanyAPI_TestCases.Test_Policies_Cases.Add_Policy_With_InValid_data_TC"
Test Description:	"TC052 -Policy- Perform Add Policy with InValid data"
################################################################################################################################################
2023-01-22 22:04:38.120 &amp#27;[32m INFO&amp#27;[m &amp#27;[35m[@503 - main]&amp#27;[m &amp#27;[36mcom.shaft.tools.io.ReportManager&amp#27;[m : File Action "DoesFileExist" successfully performed. With the following test data "File Path: "SteeringCompanyAPI_TestData/SteeringCompanyAPI_TestData.xlsx"".
2023-01-22 22:04:38.142 &amp#27;[32m INFO&amp#27;[m &amp#27;[35m[@503 - main]&amp#27;[m &amp#27;[36mcom.shaft.tools.io.ReportManager&amp#27;[m : Successfully created attachment "Test Data - Excel"
2023-01-22 22:04:39.123 &amp#27;[32m INFO&amp#27;[m &amp#27;[35m[@503 - main]&amp#27;[m &amp#27;[36mcom.shaft.tools.io.ReportManager&amp#27;[m : Response status code: "200", status line: "HTTP/1.1 200 OK"
2023-01-22 22:04:39.135 &amp#27;[32m INFO&amp#27;[m &amp#27;[35m[@503 - main]&amp#27;[m &amp#27;[36mcom.shaft.tools.io.ReportManager&amp#27;[m : Successfully created attachment "API Request - Specifications"
2023-01-22 22:04:39.136 &amp#27;[32m INFO&amp#27;[m &amp#27;[35m[@503 - main]&amp#27;[m &amp#27;[36mcom.shaft.tools.io.ReportManager&amp#27;[m : Successfully created attachment "API Request - Body"
2023-01-22 22:04:39.137 &amp#27;[32m INFO&amp#27;[m &amp#27;[35m[@503 - main]&amp#27;[m &amp#27;[36mcom.shaft.tools.io.ReportManager&amp#27;[m : Successfully created attachment "API Response - JSON Body"
2023-01-22 22:04:39.145 &amp#27;[32m INFO&amp#27;[m &amp#27;[35m[@503 - main]&amp#27;[m &amp#27;[36mcom.shaft.tools.io.ReportManager&amp#27;[m : File Action "DoesFileExist" successfully performed. With the following test data "File Path: "SteeringCompanyAPI_TestData/SteeringCompanyAPI_TestData.xlsx"".
2023-01-22 22:04:39.173 &amp#27;[32m INFO&amp#27;[m &amp#27;[35m[@503 - main]&amp#27;[m &amp#27;[36mcom.shaft.tools.io.ReportManager&amp#27;[m : Successfully created attachment "Test Data - Excel"
2023-01-22 22:04:39.173 &amp#27;[32m INFO&amp#27;[m &amp#27;[35m[@503 - main]&amp#27;[m &amp#27;[36mcom.shaft.tools.io.ReportManager&amp#27;[m : File Action "DoesFileExist" successfully performed. With the following test data "File Path: "SteeringCompanyAPI_TestData/SteeringCompanyAPI_TestData.xlsx"".
2023-01-22 22:04:39.192 &amp#27;[32m INFO&amp#27;[m &amp#27;[35m[@503 - main]&amp#27;[m &amp#27;[36mcom.shaft.tools.io.ReportManager&amp#27;[m : Successfully created attachment "Test Data - Excel"
2023-01-22 22:04:39.194 &amp#27;[32m INFO&amp#27;[m &amp#27;[35m[@503 - main]&amp#27;[m &amp#27;[36mcom.shaft.tools.io.ReportManager&amp#27;[m : File Action "DoesFileExist" successfully performed. With the following test data "File Path: "SteeringCompanyAPI_TestData/SteeringCompanyAPI_TestData.xlsx"".
2023-01-22 22:04:39.213 &amp#27;[32m INFO&amp#27;[m &amp#27;[35m[@503 - main]&amp#27;[m &amp#27;[36mcom.shaft.tools.io.ReportManager&amp#27;[m : Successfully created attachment "Test Data - Excel"
2023-01-22 22:04:41.784 &amp#27;[32m INFO&amp#27;[m &amp#27;[35m[@503 - main]&amp#27;[m &amp#27;[36mcom.shaft.tools.io.ReportManager&amp#27;[m : Response status code: "422", status line: "HTTP/1.1 422 "
2023-01-22 22:04:41.795 &amp#27;[32m INFO&amp#27;[m &amp#27;[35m[@503 - main]&amp#27;[m &amp#27;[36mcom.shaft.tools.io.ReportManager&amp#27;[m : Successfully created attachment "API Request - Specifications"
2023-01-22 22:04:41.796 &amp#27;[32m INFO&amp#27;[m &amp#27;[35m[@503 - main]&amp#27;[m &amp#27;[36mcom.shaft.tools.io.ReportManager&amp#27;[m : Successfully created attachment "API Request - JSON Body"
2023-01-22 22:04:41.797 &amp#27;[32m INFO&amp#27;[m &amp#27;[35m[@503 - main]&amp#27;[m &amp#27;[36mcom.shaft.tools.io.ReportManager&amp#27;[m : Successfully created attachment "API Response - JSON Body"
2023-01-22 22:04:41.797 &amp#27;[32m INFO&amp#27;[m &amp#27;[35m[@503 - main]&amp#27;[m &amp#27;[36mcom.shaft.tools.io.ReportManager&amp#27;[m : File Action "DoesFileExist" successfully performed. With the following test data "File Path: "Schemas/ValidationError_schema.json"".
2023-01-22 22:04:41.798 &amp#27;[32m INFO&amp#27;[m &amp#27;[35m[@503 - main]&amp#27;[m &amp#27;[36mcom.shaft.tools.io.ReportManager&amp#27;[m : File Action "DoesFileExist" successfully performed. With the following test data "File Path: "src/test/resources/testDataFiles/Schemas/ValidationError_schema.json"".
2023-01-22 22:04:41.798 &amp#27;[32m INFO&amp#27;[m &amp#27;[35m[@503 - main]&amp#27;[m &amp#27;[36mcom.shaft.tools.io.ReportManager&amp#27;[m : File Action "GetAbsolutePath" successfully performed. With the following test data "Relative Folder Path: "src/test/resources/testDataFiles/Schemas/ValidationError_schema.json"".
2023-01-22 22:04:41.799 &amp#27;[32m INFO&amp#27;[m &amp#27;[35m[@503 - main]&amp#27;[m &amp#27;[36mcom.shaft.tools.io.ReportManager&amp#27;[m : File Action "DoesFileExist" successfully performed. With the following test data "File Path: "C:\eclipse-workspace\MyProjects\TASystemsAPIs\src\test\resources\testDataFiles\Schemas\ValidationError_schema.json"".
2023-01-22 22:04:41.800 &amp#27;[32m INFO&amp#27;[m &amp#27;[35m[@503 - main]&amp#27;[m &amp#27;[36mcom.shaft.tools.io.ReportManager&amp#27;[m : File Action "GetAbsolutePath" successfully performed. With the following test data "Relative Folder Path: "C:\eclipse-workspace\MyProjects\TASystemsAPIs\src\test\resources\testDataFiles\Schemas\ValidationError_schema.json"".
2023-01-22 22:04:41.800 &amp#27;[32m INFO&amp#27;[m &amp#27;[35m[@503 - main]&amp#27;[m &amp#27;[36mcom.shaft.tools.io.ReportManager&amp#27;[m : File Action "ReadFile" successfully performed. With the following test data "File Path: "C:\eclipse-workspace\MyProjects\TASystemsAPIs\src\test\resources\testDataFiles\Schemas\ValidationError_schema.json"".
2023-01-22 22:04:41.802 &amp#27;[32m INFO&amp#27;[m &amp#27;[35m[@503 - main]&amp#27;[m &amp#27;[36mcom.shaft.tools.io.ReportManager&amp#27;[m : Successfully created attachment "Validation Test Data - Expected JSON Value"
2023-01-22 22:04:41.803 &amp#27;[32m INFO&amp#27;[m &amp#27;[35m[@503 - main]&amp#27;[m &amp#27;[36mcom.shaft.tools.io.ReportManager&amp#27;[m : Successfully created attachment "Validation Test Data - Actual JSON Value"
2023-01-22 22:04:41.804 &amp#27;[32m INFO&amp#27;[m &amp#27;[35m[@503 - main]&amp#27;[m &amp#27;[36mcom.shaft.tools.io.ReportManager&amp#27;[m : Successfully created attachment "SHAFT Engine Logs - Current Method log: Add_Policy_With_InValid_data_TC"
]]></system-out>
  </testcase>
  <testcase name="Add_Policy_With_InValid_data_TC[[Ljava.lang.Object;@63efd681](61)" classname="SteeringCompanyAPI_TestCases.Test_Policies_Cases" time="1.985">
    <system-out><![CDATA[2023-01-22 22:04:41.807 &amp#27;[32m INFO&amp#27;[m &amp#27;[35m[@534 - main]&amp#27;[m &amp#27;[36mcom.shaft.tools.io.ReportManager&amp#27;[m : 
################################################################################################################################################
Starting Execution:	"104 out of 83" test cases in the current suite
Test Method:		"SteeringCompanyAPI_TestCases.Test_Policies_Cases.Add_Policy_With_InValid_data_TC"
Test Description:	"TC052 -Policy- Perform Add Policy with InValid data"
################################################################################################################################################
2023-01-22 22:04:41.807 &amp#27;[32m INFO&amp#27;[m &amp#27;[35m[@503 - main]&amp#27;[m &amp#27;[36mcom.shaft.tools.io.ReportManager&amp#27;[m : File Action "DoesFileExist" successfully performed. With the following test data "File Path: "SteeringCompanyAPI_TestData/SteeringCompanyAPI_TestData.xlsx"".
2023-01-22 22:04:41.830 &amp#27;[32m INFO&amp#27;[m &amp#27;[35m[@503 - main]&amp#27;[m &amp#27;[36mcom.shaft.tools.io.ReportManager&amp#27;[m : Successfully created attachment "Test Data - Excel"
2023-01-22 22:04:42.812 &amp#27;[32m INFO&amp#27;[m &amp#27;[35m[@503 - main]&amp#27;[m &amp#27;[36mcom.shaft.tools.io.ReportManager&amp#27;[m : Response status code: "200", status line: "HTTP/1.1 200 OK"
2023-01-22 22:04:42.823 &amp#27;[32m INFO&amp#27;[m &amp#27;[35m[@503 - main]&amp#27;[m &amp#27;[36mcom.shaft.tools.io.ReportManager&amp#27;[m : Successfully created attachment "API Request - Specifications"
2023-01-22 22:04:42.824 &amp#27;[32m INFO&amp#27;[m &amp#27;[35m[@503 - main]&amp#27;[m &amp#27;[36mcom.shaft.tools.io.ReportManager&amp#27;[m : Successfully created attachment "API Request - Body"
2023-01-22 22:04:42.825 &amp#27;[32m INFO&amp#27;[m &amp#27;[35m[@503 - main]&amp#27;[m &amp#27;[36mcom.shaft.tools.io.ReportManager&amp#27;[m : Successfully created attachment "API Response - JSON Body"
2023-01-22 22:04:42.832 &amp#27;[32m INFO&amp#27;[m &amp#27;[35m[@503 - main]&amp#27;[m &amp#27;[36mcom.shaft.tools.io.ReportManager&amp#27;[m : File Action "DoesFileExist" successfully performed. With the following test data "File Path: "SteeringCompanyAPI_TestData/SteeringCompanyAPI_TestData.xlsx"".
2023-01-22 22:04:42.861 &amp#27;[32m INFO&amp#27;[m &amp#27;[35m[@503 - main]&amp#27;[m &amp#27;[36mcom.shaft.tools.io.ReportManager&amp#27;[m : Successfully created attachment "Test Data - Excel"
2023-01-22 22:04:42.861 &amp#27;[32m INFO&amp#27;[m &amp#27;[35m[@503 - main]&amp#27;[m &amp#27;[36mcom.shaft.tools.io.ReportManager&amp#27;[m : File Action "DoesFileExist" successfully performed. With the following test data "File Path: "SteeringCompanyAPI_TestData/SteeringCompanyAPI_TestData.xlsx"".
2023-01-22 22:04:42.885 &amp#27;[32m INFO&amp#27;[m &amp#27;[35m[@503 - main]&amp#27;[m &amp#27;[36mcom.shaft.tools.io.ReportManager&amp#27;[m : Successfully created attachment "Test Data - Excel"
2023-01-22 22:04:42.886 &amp#27;[32m INFO&amp#27;[m &amp#27;[35m[@503 - main]&amp#27;[m &amp#27;[36mcom.shaft.tools.io.ReportManager&amp#27;[m : File Action "DoesFileExist" successfully performed. With the following test data "File Path: "SteeringCompanyAPI_TestData/SteeringCompanyAPI_TestData.xlsx"".
2023-01-22 22:04:42.909 &amp#27;[32m INFO&amp#27;[m &amp#27;[35m[@503 - main]&amp#27;[m &amp#27;[36mcom.shaft.tools.io.ReportManager&amp#27;[m : Successfully created attachment "Test Data - Excel"
2023-01-22 22:04:43.728 &amp#27;[32m INFO&amp#27;[m &amp#27;[35m[@503 - main]&amp#27;[m &amp#27;[36mcom.shaft.tools.io.ReportManager&amp#27;[m : Response status code: "422", status line: "HTTP/1.1 422 "
2023-01-22 22:04:43.740 &amp#27;[32m INFO&amp#27;[m &amp#27;[35m[@503 - main]&amp#27;[m &amp#27;[36mcom.shaft.tools.io.ReportManager&amp#27;[m : Successfully created attachment "API Request - Specifications"
2023-01-22 22:04:43.779 &amp#27;[32m INFO&amp#27;[m &amp#27;[35m[@503 - main]&amp#27;[m &amp#27;[36mcom.shaft.tools.io.ReportManager&amp#27;[m : Successfully created attachment "API Request - JSON Body"
2023-01-22 22:04:43.780 &amp#27;[32m INFO&amp#27;[m &amp#27;[35m[@503 - main]&amp#27;[m &amp#27;[36mcom.shaft.tools.io.ReportManager&amp#27;[m : Successfully created attachment "API Response - JSON Body"
2023-01-22 22:04:43.782 &amp#27;[32m INFO&amp#27;[m &amp#27;[35m[@503 - main]&amp#27;[m &amp#27;[36mcom.shaft.tools.io.ReportManager&amp#27;[m : File Action "DoesFileExist" successfully performed. With the following test data "File Path: "Schemas/ValidationError_schema.json"".
2023-01-22 22:04:43.782 &amp#27;[32m INFO&amp#27;[m &amp#27;[35m[@503 - main]&amp#27;[m &amp#27;[36mcom.shaft.tools.io.ReportManager&amp#27;[m : File Action "DoesFileExist" successfully performed. With the following test data "File Path: "src/test/resources/testDataFiles/Schemas/ValidationError_schema.json"".
2023-01-22 22:04:43.782 &amp#27;[32m INFO&amp#27;[m &amp#27;[35m[@503 - main]&amp#27;[m &amp#27;[36mcom.shaft.tools.io.ReportManager&amp#27;[m : File Action "GetAbsolutePath" successfully performed. With the following test data "Relative Folder Path: "src/test/resources/testDataFiles/Schemas/ValidationError_schema.json"".
2023-01-22 22:04:43.785 &amp#27;[32m INFO&amp#27;[m &amp#27;[35m[@503 - main]&amp#27;[m &amp#27;[36mcom.shaft.tools.io.ReportManager&amp#27;[m : File Action "DoesFileExist" successfully performed. With the following test data "File Path: "C:\eclipse-workspace\MyProjects\TASystemsAPIs\src\test\resources\testDataFiles\Schemas\ValidationError_schema.json"".
2023-01-22 22:04:43.785 &amp#27;[32m INFO&amp#27;[m &amp#27;[35m[@503 - main]&amp#27;[m &amp#27;[36mcom.shaft.tools.io.ReportManager&amp#27;[m : File Action "GetAbsolutePath" successfully performed. With the following test data "Relative Folder Path: "C:\eclipse-workspace\MyProjects\TASystemsAPIs\src\test\resources\testDataFiles\Schemas\ValidationError_schema.json"".
2023-01-22 22:04:43.786 &amp#27;[32m INFO&amp#27;[m &amp#27;[35m[@503 - main]&amp#27;[m &amp#27;[36mcom.shaft.tools.io.ReportManager&amp#27;[m : File Action "ReadFile" successfully performed. With the following test data "File Path: "C:\eclipse-workspace\MyProjects\TASystemsAPIs\src\test\resources\testDataFiles\Schemas\ValidationError_schema.json"".
2023-01-22 22:04:43.787 &amp#27;[32m INFO&amp#27;[m &amp#27;[35m[@503 - main]&amp#27;[m &amp#27;[36mcom.shaft.tools.io.ReportManager&amp#27;[m : Successfully created attachment "Validation Test Data - Expected JSON Value"
2023-01-22 22:04:43.788 &amp#27;[32m INFO&amp#27;[m &amp#27;[35m[@503 - main]&amp#27;[m &amp#27;[36mcom.shaft.tools.io.ReportManager&amp#27;[m : Successfully created attachment "Validation Test Data - Actual JSON Value"
2023-01-22 22:04:43.788 &amp#27;[32m INFO&amp#27;[m &amp#27;[35m[@503 - main]&amp#27;[m &amp#27;[36mcom.shaft.tools.io.ReportManager&amp#27;[m : Successfully created attachment "SHAFT Engine Logs - Current Method log: Add_Policy_With_InValid_data_TC"
]]></system-out>
  </testcase>
  <testcase name="Add_Policy_With_InValid_data_TC[[Ljava.lang.Object;@24ef9204](62)" classname="SteeringCompanyAPI_TestCases.Test_Policies_Cases" time="2.109">
    <system-out><![CDATA[2023-01-22 22:04:43.791 &amp#27;[32m INFO&amp#27;[m &amp#27;[35m[@534 - main]&amp#27;[m &amp#27;[36mcom.shaft.tools.io.ReportManager&amp#27;[m : 
################################################################################################################################################
Starting Execution:	"105 out of 83" test cases in the current suite
Test Method:		"SteeringCompanyAPI_TestCases.Test_Policies_Cases.Add_Policy_With_InValid_data_TC"
Test Description:	"TC052 -Policy- Perform Add Policy with InValid data"
################################################################################################################################################
2023-01-22 22:04:43.791 &amp#27;[32m INFO&amp#27;[m &amp#27;[35m[@503 - main]&amp#27;[m &amp#27;[36mcom.shaft.tools.io.ReportManager&amp#27;[m : File Action "DoesFileExist" successfully performed. With the following test data "File Path: "SteeringCompanyAPI_TestData/SteeringCompanyAPI_TestData.xlsx"".
2023-01-22 22:04:43.814 &amp#27;[32m INFO&amp#27;[m &amp#27;[35m[@503 - main]&amp#27;[m &amp#27;[36mcom.shaft.tools.io.ReportManager&amp#27;[m : Successfully created attachment "Test Data - Excel"
2023-01-22 22:04:44.965 &amp#27;[32m INFO&amp#27;[m &amp#27;[35m[@503 - main]&amp#27;[m &amp#27;[36mcom.shaft.tools.io.ReportManager&amp#27;[m : Response status code: "200", status line: "HTTP/1.1 200 OK"
2023-01-22 22:04:44.983 &amp#27;[32m INFO&amp#27;[m &amp#27;[35m[@503 - main]&amp#27;[m &amp#27;[36mcom.shaft.tools.io.ReportManager&amp#27;[m : Successfully created attachment "API Request - Specifications"
2023-01-22 22:04:44.983 &amp#27;[32m INFO&amp#27;[m &amp#27;[35m[@503 - main]&amp#27;[m &amp#27;[36mcom.shaft.tools.io.ReportManager&amp#27;[m : Successfully created attachment "API Request - Body"
2023-01-22 22:04:44.985 &amp#27;[32m INFO&amp#27;[m &amp#27;[35m[@503 - main]&amp#27;[m &amp#27;[36mcom.shaft.tools.io.ReportManager&amp#27;[m : Successfully created attachment "API Response - JSON Body"
2023-01-22 22:04:44.993 &amp#27;[32m INFO&amp#27;[m &amp#27;[35m[@503 - main]&amp#27;[m &amp#27;[36mcom.shaft.tools.io.ReportManager&amp#27;[m : File Action "DoesFileExist" successfully performed. With the following test data "File Path: "SteeringCompanyAPI_TestData/SteeringCompanyAPI_TestData.xlsx"".
2023-01-22 22:04:45.018 &amp#27;[32m INFO&amp#27;[m &amp#27;[35m[@503 - main]&amp#27;[m &amp#27;[36mcom.shaft.tools.io.ReportManager&amp#27;[m : Successfully created attachment "Test Data - Excel"
2023-01-22 22:04:45.018 &amp#27;[32m INFO&amp#27;[m &amp#27;[35m[@503 - main]&amp#27;[m &amp#27;[36mcom.shaft.tools.io.ReportManager&amp#27;[m : File Action "DoesFileExist" successfully performed. With the following test data "File Path: "SteeringCompanyAPI_TestData/SteeringCompanyAPI_TestData.xlsx"".
2023-01-22 22:04:45.048 &amp#27;[32m INFO&amp#27;[m &amp#27;[35m[@503 - main]&amp#27;[m &amp#27;[36mcom.shaft.tools.io.ReportManager&amp#27;[m : Successfully created attachment "Test Data - Excel"
2023-01-22 22:04:45.048 &amp#27;[32m INFO&amp#27;[m &amp#27;[35m[@503 - main]&amp#27;[m &amp#27;[36mcom.shaft.tools.io.ReportManager&amp#27;[m : File Action "DoesFileExist" successfully performed. With the following test data "File Path: "SteeringCompanyAPI_TestData/SteeringCompanyAPI_TestData.xlsx"".
2023-01-22 22:04:45.072 &amp#27;[32m INFO&amp#27;[m &amp#27;[35m[@503 - main]&amp#27;[m &amp#27;[36mcom.shaft.tools.io.ReportManager&amp#27;[m : Successfully created attachment "Test Data - Excel"
2023-01-22 22:04:45.879 &amp#27;[32m INFO&amp#27;[m &amp#27;[35m[@503 - main]&amp#27;[m &amp#27;[36mcom.shaft.tools.io.ReportManager&amp#27;[m : Response status code: "422", status line: "HTTP/1.1 422 "
2023-01-22 22:04:45.888 &amp#27;[32m INFO&amp#27;[m &amp#27;[35m[@503 - main]&amp#27;[m &amp#27;[36mcom.shaft.tools.io.ReportManager&amp#27;[m : Successfully created attachment "API Request - Specifications"
2023-01-22 22:04:45.890 &amp#27;[32m INFO&amp#27;[m &amp#27;[35m[@503 - main]&amp#27;[m &amp#27;[36mcom.shaft.tools.io.ReportManager&amp#27;[m : Successfully created attachment "API Request - JSON Body"
2023-01-22 22:04:45.891 &amp#27;[32m INFO&amp#27;[m &amp#27;[35m[@503 - main]&amp#27;[m &amp#27;[36mcom.shaft.tools.io.ReportManager&amp#27;[m : Successfully created attachment "API Response - JSON Body"
2023-01-22 22:04:45.892 &amp#27;[32m INFO&amp#27;[m &amp#27;[35m[@503 - main]&amp#27;[m &amp#27;[36mcom.shaft.tools.io.ReportManager&amp#27;[m : File Action "DoesFileExist" successfully performed. With the following test data "File Path: "Schemas/ValidationError_schema.json"".
2023-01-22 22:04:45.892 &amp#27;[32m INFO&amp#27;[m &amp#27;[35m[@503 - main]&amp#27;[m &amp#27;[36mcom.shaft.tools.io.ReportManager&amp#27;[m : File Action "DoesFileExist" successfully performed. With the following test data "File Path: "src/test/resources/testDataFiles/Schemas/ValidationError_schema.json"".
2023-01-22 22:04:45.892 &amp#27;[32m INFO&amp#27;[m &amp#27;[35m[@503 - main]&amp#27;[m &amp#27;[36mcom.shaft.tools.io.ReportManager&amp#27;[m : File Action "GetAbsolutePath" successfully performed. With the following test data "Relative Folder Path: "src/test/resources/testDataFiles/Schemas/ValidationError_schema.json"".
2023-01-22 22:04:45.894 &amp#27;[32m INFO&amp#27;[m &amp#27;[35m[@503 - main]&amp#27;[m &amp#27;[36mcom.shaft.tools.io.ReportManager&amp#27;[m : File Action "DoesFileExist" successfully performed. With the following test data "File Path: "C:\eclipse-workspace\MyProjects\TASystemsAPIs\src\test\resources\testDataFiles\Schemas\ValidationError_schema.json"".
2023-01-22 22:04:45.894 &amp#27;[32m INFO&amp#27;[m &amp#27;[35m[@503 - main]&amp#27;[m &amp#27;[36mcom.shaft.tools.io.ReportManager&amp#27;[m : File Action "GetAbsolutePath" successfully performed. With the following test data "Relative Folder Path: "C:\eclipse-workspace\MyProjects\TASystemsAPIs\src\test\resources\testDataFiles\Schemas\ValidationError_schema.json"".
2023-01-22 22:04:45.894 &amp#27;[32m INFO&amp#27;[m &amp#27;[35m[@503 - main]&amp#27;[m &amp#27;[36mcom.shaft.tools.io.ReportManager&amp#27;[m : File Action "ReadFile" successfully performed. With the following test data "File Path: "C:\eclipse-workspace\MyProjects\TASystemsAPIs\src\test\resources\testDataFiles\Schemas\ValidationError_schema.json"".
2023-01-22 22:04:45.895 &amp#27;[32m INFO&amp#27;[m &amp#27;[35m[@503 - main]&amp#27;[m &amp#27;[36mcom.shaft.tools.io.ReportManager&amp#27;[m : Successfully created attachment "Validation Test Data - Expected JSON Value"
2023-01-22 22:04:45.897 &amp#27;[32m INFO&amp#27;[m &amp#27;[35m[@503 - main]&amp#27;[m &amp#27;[36mcom.shaft.tools.io.ReportManager&amp#27;[m : Successfully created attachment "Validation Test Data - Actual JSON Value"
2023-01-22 22:04:45.898 &amp#27;[32m INFO&amp#27;[m &amp#27;[35m[@503 - main]&amp#27;[m &amp#27;[36mcom.shaft.tools.io.ReportManager&amp#27;[m : Successfully created attachment "SHAFT Engine Logs - Current Method log: Add_Policy_With_InValid_data_TC"
]]></system-out>
  </testcase>
  <testcase name="Add_Policy_With_InValid_data_TC[[Ljava.lang.Object;@17ef7cd9](63)" classname="SteeringCompanyAPI_TestCases.Test_Policies_Cases" time="1.985">
    <system-out><![CDATA[2023-01-22 22:04:45.900 &amp#27;[32m INFO&amp#27;[m &amp#27;[35m[@534 - main]&amp#27;[m &amp#27;[36mcom.shaft.tools.io.ReportManager&amp#27;[m : 
################################################################################################################################################
Starting Execution:	"106 out of 83" test cases in the current suite
Test Method:		"SteeringCompanyAPI_TestCases.Test_Policies_Cases.Add_Policy_With_InValid_data_TC"
Test Description:	"TC052 -Policy- Perform Add Policy with InValid data"
################################################################################################################################################
2023-01-22 22:04:45.900 &amp#27;[32m INFO&amp#27;[m &amp#27;[35m[@503 - main]&amp#27;[m &amp#27;[36mcom.shaft.tools.io.ReportManager&amp#27;[m : File Action "DoesFileExist" successfully performed. With the following test data "File Path: "SteeringCompanyAPI_TestData/SteeringCompanyAPI_TestData.xlsx"".
2023-01-22 22:04:45.922 &amp#27;[32m INFO&amp#27;[m &amp#27;[35m[@503 - main]&amp#27;[m &amp#27;[36mcom.shaft.tools.io.ReportManager&amp#27;[m : Successfully created attachment "Test Data - Excel"
2023-01-22 22:04:46.925 &amp#27;[32m INFO&amp#27;[m &amp#27;[35m[@503 - main]&amp#27;[m &amp#27;[36mcom.shaft.tools.io.ReportManager&amp#27;[m : Response status code: "200", status line: "HTTP/1.1 200 OK"
2023-01-22 22:04:46.937 &amp#27;[32m INFO&amp#27;[m &amp#27;[35m[@503 - main]&amp#27;[m &amp#27;[36mcom.shaft.tools.io.ReportManager&amp#27;[m : Successfully created attachment "API Request - Specifications"
2023-01-22 22:04:46.937 &amp#27;[32m INFO&amp#27;[m &amp#27;[35m[@503 - main]&amp#27;[m &amp#27;[36mcom.shaft.tools.io.ReportManager&amp#27;[m : Successfully created attachment "API Request - Body"
2023-01-22 22:04:46.939 &amp#27;[32m INFO&amp#27;[m &amp#27;[35m[@503 - main]&amp#27;[m &amp#27;[36mcom.shaft.tools.io.ReportManager&amp#27;[m : Successfully created attachment "API Response - JSON Body"
2023-01-22 22:04:46.946 &amp#27;[32m INFO&amp#27;[m &amp#27;[35m[@503 - main]&amp#27;[m &amp#27;[36mcom.shaft.tools.io.ReportManager&amp#27;[m : File Action "DoesFileExist" successfully performed. With the following test data "File Path: "SteeringCompanyAPI_TestData/SteeringCompanyAPI_TestData.xlsx"".
2023-01-22 22:04:46.967 &amp#27;[32m INFO&amp#27;[m &amp#27;[35m[@503 - main]&amp#27;[m &amp#27;[36mcom.shaft.tools.io.ReportManager&amp#27;[m : Successfully created attachment "Test Data - Excel"
2023-01-22 22:04:46.967 &amp#27;[32m INFO&amp#27;[m &amp#27;[35m[@503 - main]&amp#27;[m &amp#27;[36mcom.shaft.tools.io.ReportManager&amp#27;[m : File Action "DoesFileExist" successfully performed. With the following test data "File Path: "SteeringCompanyAPI_TestData/SteeringCompanyAPI_TestData.xlsx"".
2023-01-22 22:04:46.992 &amp#27;[32m INFO&amp#27;[m &amp#27;[35m[@503 - main]&amp#27;[m &amp#27;[36mcom.shaft.tools.io.ReportManager&amp#27;[m : Successfully created attachment "Test Data - Excel"
2023-01-22 22:04:46.992 &amp#27;[32m INFO&amp#27;[m &amp#27;[35m[@503 - main]&amp#27;[m &amp#27;[36mcom.shaft.tools.io.ReportManager&amp#27;[m : File Action "DoesFileExist" successfully performed. With the following test data "File Path: "SteeringCompanyAPI_TestData/SteeringCompanyAPI_TestData.xlsx"".
2023-01-22 22:04:47.015 &amp#27;[32m INFO&amp#27;[m &amp#27;[35m[@503 - main]&amp#27;[m &amp#27;[36mcom.shaft.tools.io.ReportManager&amp#27;[m : Successfully created attachment "Test Data - Excel"
2023-01-22 22:04:47.824 &amp#27;[32m INFO&amp#27;[m &amp#27;[35m[@503 - main]&amp#27;[m &amp#27;[36mcom.shaft.tools.io.ReportManager&amp#27;[m : Response status code: "422", status line: "HTTP/1.1 422 "
2023-01-22 22:04:47.869 &amp#27;[32m INFO&amp#27;[m &amp#27;[35m[@503 - main]&amp#27;[m &amp#27;[36mcom.shaft.tools.io.ReportManager&amp#27;[m : Successfully created attachment "API Request - Specifications"
2023-01-22 22:04:47.870 &amp#27;[32m INFO&amp#27;[m &amp#27;[35m[@503 - main]&amp#27;[m &amp#27;[36mcom.shaft.tools.io.ReportManager&amp#27;[m : Successfully created attachment "API Request - JSON Body"
2023-01-22 22:04:47.871 &amp#27;[32m INFO&amp#27;[m &amp#27;[35m[@503 - main]&amp#27;[m &amp#27;[36mcom.shaft.tools.io.ReportManager&amp#27;[m : Successfully created attachment "API Response - JSON Body"
2023-01-22 22:04:47.871 &amp#27;[32m INFO&amp#27;[m &amp#27;[35m[@503 - main]&amp#27;[m &amp#27;[36mcom.shaft.tools.io.ReportManager&amp#27;[m : File Action "DoesFileExist" successfully performed. With the following test data "File Path: "Schemas/ValidationError_schema.json"".
2023-01-22 22:04:47.872 &amp#27;[32m INFO&amp#27;[m &amp#27;[35m[@503 - main]&amp#27;[m &amp#27;[36mcom.shaft.tools.io.ReportManager&amp#27;[m : File Action "DoesFileExist" successfully performed. With the following test data "File Path: "src/test/resources/testDataFiles/Schemas/ValidationError_schema.json"".
2023-01-22 22:04:47.872 &amp#27;[32m INFO&amp#27;[m &amp#27;[35m[@503 - main]&amp#27;[m &amp#27;[36mcom.shaft.tools.io.ReportManager&amp#27;[m : File Action "GetAbsolutePath" successfully performed. With the following test data "Relative Folder Path: "src/test/resources/testDataFiles/Schemas/ValidationError_schema.json"".
2023-01-22 22:04:47.874 &amp#27;[32m INFO&amp#27;[m &amp#27;[35m[@503 - main]&amp#27;[m &amp#27;[36mcom.shaft.tools.io.ReportManager&amp#27;[m : File Action "DoesFileExist" successfully performed. With the following test data "File Path: "C:\eclipse-workspace\MyProjects\TASystemsAPIs\src\test\resources\testDataFiles\Schemas\ValidationError_schema.json"".
2023-01-22 22:04:47.874 &amp#27;[32m INFO&amp#27;[m &amp#27;[35m[@503 - main]&amp#27;[m &amp#27;[36mcom.shaft.tools.io.ReportManager&amp#27;[m : File Action "GetAbsolutePath" successfully performed. With the following test data "Relative Folder Path: "C:\eclipse-workspace\MyProjects\TASystemsAPIs\src\test\resources\testDataFiles\Schemas\ValidationError_schema.json"".
2023-01-22 22:04:47.874 &amp#27;[32m INFO&amp#27;[m &amp#27;[35m[@503 - main]&amp#27;[m &amp#27;[36mcom.shaft.tools.io.ReportManager&amp#27;[m : File Action "ReadFile" successfully performed. With the following test data "File Path: "C:\eclipse-workspace\MyProjects\TASystemsAPIs\src\test\resources\testDataFiles\Schemas\ValidationError_schema.json"".
2023-01-22 22:04:47.878 &amp#27;[32m INFO&amp#27;[m &amp#27;[35m[@503 - main]&amp#27;[m &amp#27;[36mcom.shaft.tools.io.ReportManager&amp#27;[m : Successfully created attachment "Validation Test Data - Expected JSON Value"
2023-01-22 22:04:47.879 &amp#27;[32m INFO&amp#27;[m &amp#27;[35m[@503 - main]&amp#27;[m &amp#27;[36mcom.shaft.tools.io.ReportManager&amp#27;[m : Successfully created attachment "Validation Test Data - Actual JSON Value"
2023-01-22 22:04:47.881 &amp#27;[32m INFO&amp#27;[m &amp#27;[35m[@503 - main]&amp#27;[m &amp#27;[36mcom.shaft.tools.io.ReportManager&amp#27;[m : Successfully created attachment "SHAFT Engine Logs - Current Method log: Add_Policy_With_InValid_data_TC"
]]></system-out>
  </testcase>
  <testcase name="Add_Policy_With_InValid_data_TC[[Ljava.lang.Object;@5eb23278](64)" classname="SteeringCompanyAPI_TestCases.Test_Policies_Cases" time="1.913">
    <system-out><![CDATA[2023-01-22 22:04:47.885 &amp#27;[32m INFO&amp#27;[m &amp#27;[35m[@534 - main]&amp#27;[m &amp#27;[36mcom.shaft.tools.io.ReportManager&amp#27;[m : 
################################################################################################################################################
Starting Execution:	"107 out of 83" test cases in the current suite
Test Method:		"SteeringCompanyAPI_TestCases.Test_Policies_Cases.Add_Policy_With_InValid_data_TC"
Test Description:	"TC052 -Policy- Perform Add Policy with InValid data"
################################################################################################################################################
2023-01-22 22:04:47.885 &amp#27;[32m INFO&amp#27;[m &amp#27;[35m[@503 - main]&amp#27;[m &amp#27;[36mcom.shaft.tools.io.ReportManager&amp#27;[m : File Action "DoesFileExist" successfully performed. With the following test data "File Path: "SteeringCompanyAPI_TestData/SteeringCompanyAPI_TestData.xlsx"".
2023-01-22 22:04:47.914 &amp#27;[32m INFO&amp#27;[m &amp#27;[35m[@503 - main]&amp#27;[m &amp#27;[36mcom.shaft.tools.io.ReportManager&amp#27;[m : Successfully created attachment "Test Data - Excel"
2023-01-22 22:04:48.794 &amp#27;[32m INFO&amp#27;[m &amp#27;[35m[@503 - main]&amp#27;[m &amp#27;[36mcom.shaft.tools.io.ReportManager&amp#27;[m : Response status code: "200", status line: "HTTP/1.1 200 OK"
2023-01-22 22:04:48.805 &amp#27;[32m INFO&amp#27;[m &amp#27;[35m[@503 - main]&amp#27;[m &amp#27;[36mcom.shaft.tools.io.ReportManager&amp#27;[m : Successfully created attachment "API Request - Specifications"
2023-01-22 22:04:48.807 &amp#27;[32m INFO&amp#27;[m &amp#27;[35m[@503 - main]&amp#27;[m &amp#27;[36mcom.shaft.tools.io.ReportManager&amp#27;[m : Successfully created attachment "API Request - Body"
2023-01-22 22:04:48.808 &amp#27;[32m INFO&amp#27;[m &amp#27;[35m[@503 - main]&amp#27;[m &amp#27;[36mcom.shaft.tools.io.ReportManager&amp#27;[m : Successfully created attachment "API Response - JSON Body"
2023-01-22 22:04:48.815 &amp#27;[32m INFO&amp#27;[m &amp#27;[35m[@503 - main]&amp#27;[m &amp#27;[36mcom.shaft.tools.io.ReportManager&amp#27;[m : File Action "DoesFileExist" successfully performed. With the following test data "File Path: "SteeringCompanyAPI_TestData/SteeringCompanyAPI_TestData.xlsx"".
2023-01-22 22:04:48.834 &amp#27;[32m INFO&amp#27;[m &amp#27;[35m[@503 - main]&amp#27;[m &amp#27;[36mcom.shaft.tools.io.ReportManager&amp#27;[m : Successfully created attachment "Test Data - Excel"
2023-01-22 22:04:48.834 &amp#27;[32m INFO&amp#27;[m &amp#27;[35m[@503 - main]&amp#27;[m &amp#27;[36mcom.shaft.tools.io.ReportManager&amp#27;[m : File Action "DoesFileExist" successfully performed. With the following test data "File Path: "SteeringCompanyAPI_TestData/SteeringCompanyAPI_TestData.xlsx"".
2023-01-22 22:04:48.854 &amp#27;[32m INFO&amp#27;[m &amp#27;[35m[@503 - main]&amp#27;[m &amp#27;[36mcom.shaft.tools.io.ReportManager&amp#27;[m : Successfully created attachment "Test Data - Excel"
2023-01-22 22:04:48.855 &amp#27;[32m INFO&amp#27;[m &amp#27;[35m[@503 - main]&amp#27;[m &amp#27;[36mcom.shaft.tools.io.ReportManager&amp#27;[m : File Action "DoesFileExist" successfully performed. With the following test data "File Path: "SteeringCompanyAPI_TestData/SteeringCompanyAPI_TestData.xlsx"".
2023-01-22 22:04:48.874 &amp#27;[32m INFO&amp#27;[m &amp#27;[35m[@503 - main]&amp#27;[m &amp#27;[36mcom.shaft.tools.io.ReportManager&amp#27;[m : Successfully created attachment "Test Data - Excel"
2023-01-22 22:04:49.769 &amp#27;[32m INFO&amp#27;[m &amp#27;[35m[@503 - main]&amp#27;[m &amp#27;[36mcom.shaft.tools.io.ReportManager&amp#27;[m : Response status code: "422", status line: "HTTP/1.1 422 "
2023-01-22 22:04:49.784 &amp#27;[32m INFO&amp#27;[m &amp#27;[35m[@503 - main]&amp#27;[m &amp#27;[36mcom.shaft.tools.io.ReportManager&amp#27;[m : Successfully created attachment "API Request - Specifications"
2023-01-22 22:04:49.786 &amp#27;[32m INFO&amp#27;[m &amp#27;[35m[@503 - main]&amp#27;[m &amp#27;[36mcom.shaft.tools.io.ReportManager&amp#27;[m : Successfully created attachment "API Request - JSON Body"
2023-01-22 22:04:49.787 &amp#27;[32m INFO&amp#27;[m &amp#27;[35m[@503 - main]&amp#27;[m &amp#27;[36mcom.shaft.tools.io.ReportManager&amp#27;[m : Successfully created attachment "API Response - JSON Body"
2023-01-22 22:04:49.788 &amp#27;[32m INFO&amp#27;[m &amp#27;[35m[@503 - main]&amp#27;[m &amp#27;[36mcom.shaft.tools.io.ReportManager&amp#27;[m : File Action "DoesFileExist" successfully performed. With the following test data "File Path: "Schemas/ValidationError_schema.json"".
2023-01-22 22:04:49.788 &amp#27;[32m INFO&amp#27;[m &amp#27;[35m[@503 - main]&amp#27;[m &amp#27;[36mcom.shaft.tools.io.ReportManager&amp#27;[m : File Action "DoesFileExist" successfully performed. With the following test data "File Path: "src/test/resources/testDataFiles/Schemas/ValidationError_schema.json"".
2023-01-22 22:04:49.788 &amp#27;[32m INFO&amp#27;[m &amp#27;[35m[@503 - main]&amp#27;[m &amp#27;[36mcom.shaft.tools.io.ReportManager&amp#27;[m : File Action "GetAbsolutePath" successfully performed. With the following test data "Relative Folder Path: "src/test/resources/testDataFiles/Schemas/ValidationError_schema.json"".
2023-01-22 22:04:49.791 &amp#27;[32m INFO&amp#27;[m &amp#27;[35m[@503 - main]&amp#27;[m &amp#27;[36mcom.shaft.tools.io.ReportManager&amp#27;[m : File Action "DoesFileExist" successfully performed. With the following test data "File Path: "C:\eclipse-workspace\MyProjects\TASystemsAPIs\src\test\resources\testDataFiles\Schemas\ValidationError_schema.json"".
2023-01-22 22:04:49.791 &amp#27;[32m INFO&amp#27;[m &amp#27;[35m[@503 - main]&amp#27;[m &amp#27;[36mcom.shaft.tools.io.ReportManager&amp#27;[m : File Action "GetAbsolutePath" successfully performed. With the following test data "Relative Folder Path: "C:\eclipse-workspace\MyProjects\TASystemsAPIs\src\test\resources\testDataFiles\Schemas\ValidationError_schema.json"".
2023-01-22 22:04:49.791 &amp#27;[32m INFO&amp#27;[m &amp#27;[35m[@503 - main]&amp#27;[m &amp#27;[36mcom.shaft.tools.io.ReportManager&amp#27;[m : File Action "ReadFile" successfully performed. With the following test data "File Path: "C:\eclipse-workspace\MyProjects\TASystemsAPIs\src\test\resources\testDataFiles\Schemas\ValidationError_schema.json"".
2023-01-22 22:04:49.793 &amp#27;[32m INFO&amp#27;[m &amp#27;[35m[@503 - main]&amp#27;[m &amp#27;[36mcom.shaft.tools.io.ReportManager&amp#27;[m : Successfully created attachment "Validation Test Data - Expected JSON Value"
2023-01-22 22:04:49.794 &amp#27;[32m INFO&amp#27;[m &amp#27;[35m[@503 - main]&amp#27;[m &amp#27;[36mcom.shaft.tools.io.ReportManager&amp#27;[m : Successfully created attachment "Validation Test Data - Actual JSON Value"
2023-01-22 22:04:49.794 &amp#27;[32m INFO&amp#27;[m &amp#27;[35m[@503 - main]&amp#27;[m &amp#27;[36mcom.shaft.tools.io.ReportManager&amp#27;[m : Successfully created attachment "SHAFT Engine Logs - Current Method log: Add_Policy_With_InValid_data_TC"
]]></system-out>
  </testcase>
  <testcase name="Add_Policy_With_Missing_Keys_TC[[Ljava.lang.Object;@a2cc63e](1)" classname="SteeringCompanyAPI_TestCases.Test_Policies_Cases" time="2.026">
    <system-out><![CDATA[2023-01-22 22:04:49.815 &amp#27;[32m INFO&amp#27;[m &amp#27;[35m[@534 - main]&amp#27;[m &amp#27;[36mcom.shaft.tools.io.ReportManager&amp#27;[m : 
################################################################################################################################################
Starting Execution:	"108 out of 83" test cases in the current suite
Test Method:		"SteeringCompanyAPI_TestCases.Test_Policies_Cases.Add_Policy_With_Missing_Keys_TC"
Test Description:	"TC050 -Policy- Perform Add Policy with Missing Keys"
################################################################################################################################################
2023-01-22 22:04:49.816 &amp#27;[32m INFO&amp#27;[m &amp#27;[35m[@503 - main]&amp#27;[m &amp#27;[36mcom.shaft.tools.io.ReportManager&amp#27;[m : File Action "DoesFileExist" successfully performed. With the following test data "File Path: "SteeringCompanyAPI_TestData/SteeringCompanyAPI_TestData.xlsx"".
2023-01-22 22:04:49.844 &amp#27;[32m INFO&amp#27;[m &amp#27;[35m[@503 - main]&amp#27;[m &amp#27;[36mcom.shaft.tools.io.ReportManager&amp#27;[m : Successfully created attachment "Test Data - Excel"
2023-01-22 22:04:50.808 &amp#27;[32m INFO&amp#27;[m &amp#27;[35m[@503 - main]&amp#27;[m &amp#27;[36mcom.shaft.tools.io.ReportManager&amp#27;[m : Response status code: "200", status line: "HTTP/1.1 200 OK"
2023-01-22 22:04:50.821 &amp#27;[32m INFO&amp#27;[m &amp#27;[35m[@503 - main]&amp#27;[m &amp#27;[36mcom.shaft.tools.io.ReportManager&amp#27;[m : Successfully created attachment "API Request - Specifications"
2023-01-22 22:04:50.822 &amp#27;[32m INFO&amp#27;[m &amp#27;[35m[@503 - main]&amp#27;[m &amp#27;[36mcom.shaft.tools.io.ReportManager&amp#27;[m : Successfully created attachment "API Request - Body"
2023-01-22 22:04:50.823 &amp#27;[32m INFO&amp#27;[m &amp#27;[35m[@503 - main]&amp#27;[m &amp#27;[36mcom.shaft.tools.io.ReportManager&amp#27;[m : Successfully created attachment "API Response - JSON Body"
2023-01-22 22:04:50.830 &amp#27;[32m INFO&amp#27;[m &amp#27;[35m[@503 - main]&amp#27;[m &amp#27;[36mcom.shaft.tools.io.ReportManager&amp#27;[m : File Action "DoesFileExist" successfully performed. With the following test data "File Path: "SteeringCompanyAPI_TestData/SteeringCompanyAPI_TestData.xlsx"".
2023-01-22 22:04:50.853 &amp#27;[32m INFO&amp#27;[m &amp#27;[35m[@503 - main]&amp#27;[m &amp#27;[36mcom.shaft.tools.io.ReportManager&amp#27;[m : Successfully created attachment "Test Data - Excel"
2023-01-22 22:04:50.853 &amp#27;[32m INFO&amp#27;[m &amp#27;[35m[@503 - main]&amp#27;[m &amp#27;[36mcom.shaft.tools.io.ReportManager&amp#27;[m : File Action "DoesFileExist" successfully performed. With the following test data "File Path: "SteeringCompanyAPI_TestData/SteeringCompanyAPI_TestData.xlsx"".
2023-01-22 22:04:50.883 &amp#27;[32m INFO&amp#27;[m &amp#27;[35m[@503 - main]&amp#27;[m &amp#27;[36mcom.shaft.tools.io.ReportManager&amp#27;[m : Successfully created attachment "Test Data - Excel"
2023-01-22 22:04:50.884 &amp#27;[32m INFO&amp#27;[m &amp#27;[35m[@503 - main]&amp#27;[m &amp#27;[36mcom.shaft.tools.io.ReportManager&amp#27;[m : File Action "DoesFileExist" successfully performed. With the following test data "File Path: "SteeringCompanyAPI_TestData/SteeringCompanyAPI_TestData.xlsx"".
2023-01-22 22:04:50.907 &amp#27;[32m INFO&amp#27;[m &amp#27;[35m[@503 - main]&amp#27;[m &amp#27;[36mcom.shaft.tools.io.ReportManager&amp#27;[m : Successfully created attachment "Test Data - Excel"
2023-01-22 22:04:51.817 &amp#27;[32m INFO&amp#27;[m &amp#27;[35m[@503 - main]&amp#27;[m &amp#27;[36mcom.shaft.tools.io.ReportManager&amp#27;[m : Response status code: "422", status line: "HTTP/1.1 422 "
2023-01-22 22:04:51.830 &amp#27;[32m INFO&amp#27;[m &amp#27;[35m[@503 - main]&amp#27;[m &amp#27;[36mcom.shaft.tools.io.ReportManager&amp#27;[m : Successfully created attachment "API Request - Specifications"
2023-01-22 22:04:51.830 &amp#27;[32m INFO&amp#27;[m &amp#27;[35m[@503 - main]&amp#27;[m &amp#27;[36mcom.shaft.tools.io.ReportManager&amp#27;[m : Successfully created attachment "API Request - JSON Body"
2023-01-22 22:04:51.831 &amp#27;[32m INFO&amp#27;[m &amp#27;[35m[@503 - main]&amp#27;[m &amp#27;[36mcom.shaft.tools.io.ReportManager&amp#27;[m : Successfully created attachment "API Response - JSON Body"
2023-01-22 22:04:51.833 &amp#27;[32m INFO&amp#27;[m &amp#27;[35m[@503 - main]&amp#27;[m &amp#27;[36mcom.shaft.tools.io.ReportManager&amp#27;[m : File Action "DoesFileExist" successfully performed. With the following test data "File Path: "Schemas/ValidationError_schema.json"".
2023-01-22 22:04:51.833 &amp#27;[32m INFO&amp#27;[m &amp#27;[35m[@503 - main]&amp#27;[m &amp#27;[36mcom.shaft.tools.io.ReportManager&amp#27;[m : File Action "DoesFileExist" successfully performed. With the following test data "File Path: "src/test/resources/testDataFiles/Schemas/ValidationError_schema.json"".
2023-01-22 22:04:51.833 &amp#27;[32m INFO&amp#27;[m &amp#27;[35m[@503 - main]&amp#27;[m &amp#27;[36mcom.shaft.tools.io.ReportManager&amp#27;[m : File Action "GetAbsolutePath" successfully performed. With the following test data "Relative Folder Path: "src/test/resources/testDataFiles/Schemas/ValidationError_schema.json"".
2023-01-22 22:04:51.835 &amp#27;[32m INFO&amp#27;[m &amp#27;[35m[@503 - main]&amp#27;[m &amp#27;[36mcom.shaft.tools.io.ReportManager&amp#27;[m : File Action "DoesFileExist" successfully performed. With the following test data "File Path: "C:\eclipse-workspace\MyProjects\TASystemsAPIs\src\test\resources\testDataFiles\Schemas\ValidationError_schema.json"".
2023-01-22 22:04:51.835 &amp#27;[32m INFO&amp#27;[m &amp#27;[35m[@503 - main]&amp#27;[m &amp#27;[36mcom.shaft.tools.io.ReportManager&amp#27;[m : File Action "GetAbsolutePath" successfully performed. With the following test data "Relative Folder Path: "C:\eclipse-workspace\MyProjects\TASystemsAPIs\src\test\resources\testDataFiles\Schemas\ValidationError_schema.json"".
2023-01-22 22:04:51.835 &amp#27;[32m INFO&amp#27;[m &amp#27;[35m[@503 - main]&amp#27;[m &amp#27;[36mcom.shaft.tools.io.ReportManager&amp#27;[m : File Action "ReadFile" successfully performed. With the following test data "File Path: "C:\eclipse-workspace\MyProjects\TASystemsAPIs\src\test\resources\testDataFiles\Schemas\ValidationError_schema.json"".
2023-01-22 22:04:51.836 &amp#27;[32m INFO&amp#27;[m &amp#27;[35m[@503 - main]&amp#27;[m &amp#27;[36mcom.shaft.tools.io.ReportManager&amp#27;[m : Successfully created attachment "Validation Test Data - Expected JSON Value"
2023-01-22 22:04:51.838 &amp#27;[32m INFO&amp#27;[m &amp#27;[35m[@503 - main]&amp#27;[m &amp#27;[36mcom.shaft.tools.io.ReportManager&amp#27;[m : Successfully created attachment "Validation Test Data - Actual JSON Value"
2023-01-22 22:04:51.839 &amp#27;[32m INFO&amp#27;[m &amp#27;[35m[@503 - main]&amp#27;[m &amp#27;[36mcom.shaft.tools.io.ReportManager&amp#27;[m : Successfully created attachment "SHAFT Engine Logs - Current Method log: Add_Policy_With_Missing_Keys_TC"
]]></system-out>
  </testcase>
  <testcase name="Add_Policy_With_Missing_Keys_TC[[Ljava.lang.Object;@430ca35f](2)" classname="SteeringCompanyAPI_TestCases.Test_Policies_Cases" time="2.252">
    <system-out><![CDATA[2023-01-22 22:04:51.841 &amp#27;[32m INFO&amp#27;[m &amp#27;[35m[@534 - main]&amp#27;[m &amp#27;[36mcom.shaft.tools.io.ReportManager&amp#27;[m : 
################################################################################################################################################
Starting Execution:	"109 out of 83" test cases in the current suite
Test Method:		"SteeringCompanyAPI_TestCases.Test_Policies_Cases.Add_Policy_With_Missing_Keys_TC"
Test Description:	"TC050 -Policy- Perform Add Policy with Missing Keys"
################################################################################################################################################
2023-01-22 22:04:51.842 &amp#27;[32m INFO&amp#27;[m &amp#27;[35m[@503 - main]&amp#27;[m &amp#27;[36mcom.shaft.tools.io.ReportManager&amp#27;[m : File Action "DoesFileExist" successfully performed. With the following test data "File Path: "SteeringCompanyAPI_TestData/SteeringCompanyAPI_TestData.xlsx"".
2023-01-22 22:04:51.875 &amp#27;[32m INFO&amp#27;[m &amp#27;[35m[@503 - main]&amp#27;[m &amp#27;[36mcom.shaft.tools.io.ReportManager&amp#27;[m : Successfully created attachment "Test Data - Excel"
2023-01-22 22:04:52.825 &amp#27;[32m INFO&amp#27;[m &amp#27;[35m[@503 - main]&amp#27;[m &amp#27;[36mcom.shaft.tools.io.ReportManager&amp#27;[m : Response status code: "200", status line: "HTTP/1.1 200 OK"
2023-01-22 22:04:52.840 &amp#27;[32m INFO&amp#27;[m &amp#27;[35m[@503 - main]&amp#27;[m &amp#27;[36mcom.shaft.tools.io.ReportManager&amp#27;[m : Successfully created attachment "API Request - Specifications"
2023-01-22 22:04:52.841 &amp#27;[32m INFO&amp#27;[m &amp#27;[35m[@503 - main]&amp#27;[m &amp#27;[36mcom.shaft.tools.io.ReportManager&amp#27;[m : Successfully created attachment "API Request - Body"
2023-01-22 22:04:52.843 &amp#27;[32m INFO&amp#27;[m &amp#27;[35m[@503 - main]&amp#27;[m &amp#27;[36mcom.shaft.tools.io.ReportManager&amp#27;[m : Successfully created attachment "API Response - JSON Body"
2023-01-22 22:04:52.853 &amp#27;[32m INFO&amp#27;[m &amp#27;[35m[@503 - main]&amp#27;[m &amp#27;[36mcom.shaft.tools.io.ReportManager&amp#27;[m : File Action "DoesFileExist" successfully performed. With the following test data "File Path: "SteeringCompanyAPI_TestData/SteeringCompanyAPI_TestData.xlsx"".
2023-01-22 22:04:52.879 &amp#27;[32m INFO&amp#27;[m &amp#27;[35m[@503 - main]&amp#27;[m &amp#27;[36mcom.shaft.tools.io.ReportManager&amp#27;[m : Successfully created attachment "Test Data - Excel"
2023-01-22 22:04:52.879 &amp#27;[32m INFO&amp#27;[m &amp#27;[35m[@503 - main]&amp#27;[m &amp#27;[36mcom.shaft.tools.io.ReportManager&amp#27;[m : File Action "DoesFileExist" successfully performed. With the following test data "File Path: "SteeringCompanyAPI_TestData/SteeringCompanyAPI_TestData.xlsx"".
2023-01-22 22:04:52.901 &amp#27;[32m INFO&amp#27;[m &amp#27;[35m[@503 - main]&amp#27;[m &amp#27;[36mcom.shaft.tools.io.ReportManager&amp#27;[m : Successfully created attachment "Test Data - Excel"
2023-01-22 22:04:52.901 &amp#27;[32m INFO&amp#27;[m &amp#27;[35m[@503 - main]&amp#27;[m &amp#27;[36mcom.shaft.tools.io.ReportManager&amp#27;[m : File Action "DoesFileExist" successfully performed. With the following test data "File Path: "SteeringCompanyAPI_TestData/SteeringCompanyAPI_TestData.xlsx"".
2023-01-22 22:04:52.921 &amp#27;[32m INFO&amp#27;[m &amp#27;[35m[@503 - main]&amp#27;[m &amp#27;[36mcom.shaft.tools.io.ReportManager&amp#27;[m : Successfully created attachment "Test Data - Excel"
2023-01-22 22:04:54.074 &amp#27;[32m INFO&amp#27;[m &amp#27;[35m[@503 - main]&amp#27;[m &amp#27;[36mcom.shaft.tools.io.ReportManager&amp#27;[m : Response status code: "422", status line: "HTTP/1.1 422 "
2023-01-22 22:04:54.083 &amp#27;[32m INFO&amp#27;[m &amp#27;[35m[@503 - main]&amp#27;[m &amp#27;[36mcom.shaft.tools.io.ReportManager&amp#27;[m : Successfully created attachment "API Request - Specifications"
2023-01-22 22:04:54.085 &amp#27;[32m INFO&amp#27;[m &amp#27;[35m[@503 - main]&amp#27;[m &amp#27;[36mcom.shaft.tools.io.ReportManager&amp#27;[m : Successfully created attachment "API Request - JSON Body"
2023-01-22 22:04:54.085 &amp#27;[32m INFO&amp#27;[m &amp#27;[35m[@503 - main]&amp#27;[m &amp#27;[36mcom.shaft.tools.io.ReportManager&amp#27;[m : Successfully created attachment "API Response - JSON Body"
2023-01-22 22:04:54.086 &amp#27;[32m INFO&amp#27;[m &amp#27;[35m[@503 - main]&amp#27;[m &amp#27;[36mcom.shaft.tools.io.ReportManager&amp#27;[m : File Action "DoesFileExist" successfully performed. With the following test data "File Path: "Schemas/ValidationError_schema.json"".
2023-01-22 22:04:54.086 &amp#27;[32m INFO&amp#27;[m &amp#27;[35m[@503 - main]&amp#27;[m &amp#27;[36mcom.shaft.tools.io.ReportManager&amp#27;[m : File Action "DoesFileExist" successfully performed. With the following test data "File Path: "src/test/resources/testDataFiles/Schemas/ValidationError_schema.json"".
2023-01-22 22:04:54.086 &amp#27;[32m INFO&amp#27;[m &amp#27;[35m[@503 - main]&amp#27;[m &amp#27;[36mcom.shaft.tools.io.ReportManager&amp#27;[m : File Action "GetAbsolutePath" successfully performed. With the following test data "Relative Folder Path: "src/test/resources/testDataFiles/Schemas/ValidationError_schema.json"".
2023-01-22 22:04:54.088 &amp#27;[32m INFO&amp#27;[m &amp#27;[35m[@503 - main]&amp#27;[m &amp#27;[36mcom.shaft.tools.io.ReportManager&amp#27;[m : File Action "DoesFileExist" successfully performed. With the following test data "File Path: "C:\eclipse-workspace\MyProjects\TASystemsAPIs\src\test\resources\testDataFiles\Schemas\ValidationError_schema.json"".
2023-01-22 22:04:54.088 &amp#27;[32m INFO&amp#27;[m &amp#27;[35m[@503 - main]&amp#27;[m &amp#27;[36mcom.shaft.tools.io.ReportManager&amp#27;[m : File Action "GetAbsolutePath" successfully performed. With the following test data "Relative Folder Path: "C:\eclipse-workspace\MyProjects\TASystemsAPIs\src\test\resources\testDataFiles\Schemas\ValidationError_schema.json"".
2023-01-22 22:04:54.088 &amp#27;[32m INFO&amp#27;[m &amp#27;[35m[@503 - main]&amp#27;[m &amp#27;[36mcom.shaft.tools.io.ReportManager&amp#27;[m : File Action "ReadFile" successfully performed. With the following test data "File Path: "C:\eclipse-workspace\MyProjects\TASystemsAPIs\src\test\resources\testDataFiles\Schemas\ValidationError_schema.json"".
2023-01-22 22:04:54.089 &amp#27;[32m INFO&amp#27;[m &amp#27;[35m[@503 - main]&amp#27;[m &amp#27;[36mcom.shaft.tools.io.ReportManager&amp#27;[m : Successfully created attachment "Validation Test Data - Expected JSON Value"
2023-01-22 22:04:54.090 &amp#27;[32m INFO&amp#27;[m &amp#27;[35m[@503 - main]&amp#27;[m &amp#27;[36mcom.shaft.tools.io.ReportManager&amp#27;[m : Successfully created attachment "Validation Test Data - Actual JSON Value"
2023-01-22 22:04:54.090 &amp#27;[32m INFO&amp#27;[m &amp#27;[35m[@503 - main]&amp#27;[m &amp#27;[36mcom.shaft.tools.io.ReportManager&amp#27;[m : Successfully created attachment "SHAFT Engine Logs - Current Method log: Add_Policy_With_Missing_Keys_TC"
]]></system-out>
  </testcase>
  <testcase name="Add_Policy_With_Missing_Keys_TC[[Ljava.lang.Object;@34a2f126](3)" classname="SteeringCompanyAPI_TestCases.Test_Policies_Cases" time="2.792">
    <system-out><![CDATA[2023-01-22 22:04:54.094 &amp#27;[32m INFO&amp#27;[m &amp#27;[35m[@534 - main]&amp#27;[m &amp#27;[36mcom.shaft.tools.io.ReportManager&amp#27;[m : 
################################################################################################################################################
Starting Execution:	"110 out of 83" test cases in the current suite
Test Method:		"SteeringCompanyAPI_TestCases.Test_Policies_Cases.Add_Policy_With_Missing_Keys_TC"
Test Description:	"TC050 -Policy- Perform Add Policy with Missing Keys"
################################################################################################################################################
2023-01-22 22:04:54.095 &amp#27;[32m INFO&amp#27;[m &amp#27;[35m[@503 - main]&amp#27;[m &amp#27;[36mcom.shaft.tools.io.ReportManager&amp#27;[m : File Action "DoesFileExist" successfully performed. With the following test data "File Path: "SteeringCompanyAPI_TestData/SteeringCompanyAPI_TestData.xlsx"".
2023-01-22 22:04:54.123 &amp#27;[32m INFO&amp#27;[m &amp#27;[35m[@503 - main]&amp#27;[m &amp#27;[36mcom.shaft.tools.io.ReportManager&amp#27;[m : Successfully created attachment "Test Data - Excel"
2023-01-22 22:04:55.223 &amp#27;[32m INFO&amp#27;[m &amp#27;[35m[@503 - main]&amp#27;[m &amp#27;[36mcom.shaft.tools.io.ReportManager&amp#27;[m : Response status code: "200", status line: "HTTP/1.1 200 OK"
2023-01-22 22:04:55.233 &amp#27;[32m INFO&amp#27;[m &amp#27;[35m[@503 - main]&amp#27;[m &amp#27;[36mcom.shaft.tools.io.ReportManager&amp#27;[m : Successfully created attachment "API Request - Specifications"
2023-01-22 22:04:55.234 &amp#27;[32m INFO&amp#27;[m &amp#27;[35m[@503 - main]&amp#27;[m &amp#27;[36mcom.shaft.tools.io.ReportManager&amp#27;[m : Successfully created attachment "API Request - Body"
2023-01-22 22:04:55.235 &amp#27;[32m INFO&amp#27;[m &amp#27;[35m[@503 - main]&amp#27;[m &amp#27;[36mcom.shaft.tools.io.ReportManager&amp#27;[m : Successfully created attachment "API Response - JSON Body"
2023-01-22 22:04:55.245 &amp#27;[32m INFO&amp#27;[m &amp#27;[35m[@503 - main]&amp#27;[m &amp#27;[36mcom.shaft.tools.io.ReportManager&amp#27;[m : File Action "DoesFileExist" successfully performed. With the following test data "File Path: "SteeringCompanyAPI_TestData/SteeringCompanyAPI_TestData.xlsx"".
2023-01-22 22:04:55.275 &amp#27;[32m INFO&amp#27;[m &amp#27;[35m[@503 - main]&amp#27;[m &amp#27;[36mcom.shaft.tools.io.ReportManager&amp#27;[m : Successfully created attachment "Test Data - Excel"
2023-01-22 22:04:55.275 &amp#27;[32m INFO&amp#27;[m &amp#27;[35m[@503 - main]&amp#27;[m &amp#27;[36mcom.shaft.tools.io.ReportManager&amp#27;[m : File Action "DoesFileExist" successfully performed. With the following test data "File Path: "SteeringCompanyAPI_TestData/SteeringCompanyAPI_TestData.xlsx"".
2023-01-22 22:04:55.295 &amp#27;[32m INFO&amp#27;[m &amp#27;[35m[@503 - main]&amp#27;[m &amp#27;[36mcom.shaft.tools.io.ReportManager&amp#27;[m : Successfully created attachment "Test Data - Excel"
2023-01-22 22:04:55.295 &amp#27;[32m INFO&amp#27;[m &amp#27;[35m[@503 - main]&amp#27;[m &amp#27;[36mcom.shaft.tools.io.ReportManager&amp#27;[m : File Action "DoesFileExist" successfully performed. With the following test data "File Path: "SteeringCompanyAPI_TestData/SteeringCompanyAPI_TestData.xlsx"".
2023-01-22 22:04:55.322 &amp#27;[32m INFO&amp#27;[m &amp#27;[35m[@503 - main]&amp#27;[m &amp#27;[36mcom.shaft.tools.io.ReportManager&amp#27;[m : Successfully created attachment "Test Data - Excel"
2023-01-22 22:04:56.859 &amp#27;[32m INFO&amp#27;[m &amp#27;[35m[@503 - main]&amp#27;[m &amp#27;[36mcom.shaft.tools.io.ReportManager&amp#27;[m : Response status code: "422", status line: "HTTP/1.1 422 "
2023-01-22 22:04:56.873 &amp#27;[32m INFO&amp#27;[m &amp#27;[35m[@503 - main]&amp#27;[m &amp#27;[36mcom.shaft.tools.io.ReportManager&amp#27;[m : Successfully created attachment "API Request - Specifications"
2023-01-22 22:04:56.875 &amp#27;[32m INFO&amp#27;[m &amp#27;[35m[@503 - main]&amp#27;[m &amp#27;[36mcom.shaft.tools.io.ReportManager&amp#27;[m : Successfully created attachment "API Request - JSON Body"
2023-01-22 22:04:56.876 &amp#27;[32m INFO&amp#27;[m &amp#27;[35m[@503 - main]&amp#27;[m &amp#27;[36mcom.shaft.tools.io.ReportManager&amp#27;[m : Successfully created attachment "API Response - JSON Body"
2023-01-22 22:04:56.877 &amp#27;[32m INFO&amp#27;[m &amp#27;[35m[@503 - main]&amp#27;[m &amp#27;[36mcom.shaft.tools.io.ReportManager&amp#27;[m : File Action "DoesFileExist" successfully performed. With the following test data "File Path: "Schemas/ValidationError_schema.json"".
2023-01-22 22:04:56.878 &amp#27;[32m INFO&amp#27;[m &amp#27;[35m[@503 - main]&amp#27;[m &amp#27;[36mcom.shaft.tools.io.ReportManager&amp#27;[m : File Action "DoesFileExist" successfully performed. With the following test data "File Path: "src/test/resources/testDataFiles/Schemas/ValidationError_schema.json"".
2023-01-22 22:04:56.878 &amp#27;[32m INFO&amp#27;[m &amp#27;[35m[@503 - main]&amp#27;[m &amp#27;[36mcom.shaft.tools.io.ReportManager&amp#27;[m : File Action "GetAbsolutePath" successfully performed. With the following test data "Relative Folder Path: "src/test/resources/testDataFiles/Schemas/ValidationError_schema.json"".
2023-01-22 22:04:56.880 &amp#27;[32m INFO&amp#27;[m &amp#27;[35m[@503 - main]&amp#27;[m &amp#27;[36mcom.shaft.tools.io.ReportManager&amp#27;[m : File Action "DoesFileExist" successfully performed. With the following test data "File Path: "C:\eclipse-workspace\MyProjects\TASystemsAPIs\src\test\resources\testDataFiles\Schemas\ValidationError_schema.json"".
2023-01-22 22:04:56.880 &amp#27;[32m INFO&amp#27;[m &amp#27;[35m[@503 - main]&amp#27;[m &amp#27;[36mcom.shaft.tools.io.ReportManager&amp#27;[m : File Action "GetAbsolutePath" successfully performed. With the following test data "Relative Folder Path: "C:\eclipse-workspace\MyProjects\TASystemsAPIs\src\test\resources\testDataFiles\Schemas\ValidationError_schema.json"".
2023-01-22 22:04:56.880 &amp#27;[32m INFO&amp#27;[m &amp#27;[35m[@503 - main]&amp#27;[m &amp#27;[36mcom.shaft.tools.io.ReportManager&amp#27;[m : File Action "ReadFile" successfully performed. With the following test data "File Path: "C:\eclipse-workspace\MyProjects\TASystemsAPIs\src\test\resources\testDataFiles\Schemas\ValidationError_schema.json"".
2023-01-22 22:04:56.881 &amp#27;[32m INFO&amp#27;[m &amp#27;[35m[@503 - main]&amp#27;[m &amp#27;[36mcom.shaft.tools.io.ReportManager&amp#27;[m : Successfully created attachment "Validation Test Data - Expected JSON Value"
2023-01-22 22:04:56.881 &amp#27;[32m INFO&amp#27;[m &amp#27;[35m[@503 - main]&amp#27;[m &amp#27;[36mcom.shaft.tools.io.ReportManager&amp#27;[m : Successfully created attachment "Validation Test Data - Actual JSON Value"
2023-01-22 22:04:56.882 &amp#27;[32m INFO&amp#27;[m &amp#27;[35m[@503 - main]&amp#27;[m &amp#27;[36mcom.shaft.tools.io.ReportManager&amp#27;[m : Successfully created attachment "SHAFT Engine Logs - Current Method log: Add_Policy_With_Missing_Keys_TC"
]]></system-out>
  </testcase>
  <testcase name="Add_Policy_With_Missing_Keys_TC[[Ljava.lang.Object;@1c9d2d9b](4)" classname="SteeringCompanyAPI_TestCases.Test_Policies_Cases" time="3.363">
    <system-out><![CDATA[2023-01-22 22:04:56.886 &amp#27;[32m INFO&amp#27;[m &amp#27;[35m[@534 - main]&amp#27;[m &amp#27;[36mcom.shaft.tools.io.ReportManager&amp#27;[m : 
################################################################################################################################################
Starting Execution:	"111 out of 83" test cases in the current suite
Test Method:		"SteeringCompanyAPI_TestCases.Test_Policies_Cases.Add_Policy_With_Missing_Keys_TC"
Test Description:	"TC050 -Policy- Perform Add Policy with Missing Keys"
################################################################################################################################################
2023-01-22 22:04:56.886 &amp#27;[32m INFO&amp#27;[m &amp#27;[35m[@503 - main]&amp#27;[m &amp#27;[36mcom.shaft.tools.io.ReportManager&amp#27;[m : File Action "DoesFileExist" successfully performed. With the following test data "File Path: "SteeringCompanyAPI_TestData/SteeringCompanyAPI_TestData.xlsx"".
2023-01-22 22:04:56.917 &amp#27;[32m INFO&amp#27;[m &amp#27;[35m[@503 - main]&amp#27;[m &amp#27;[36mcom.shaft.tools.io.ReportManager&amp#27;[m : Successfully created attachment "Test Data - Excel"
2023-01-22 22:04:58.219 &amp#27;[32m INFO&amp#27;[m &amp#27;[35m[@503 - main]&amp#27;[m &amp#27;[36mcom.shaft.tools.io.ReportManager&amp#27;[m : Response status code: "200", status line: "HTTP/1.1 200 OK"
2023-01-22 22:04:58.232 &amp#27;[32m INFO&amp#27;[m &amp#27;[35m[@503 - main]&amp#27;[m &amp#27;[36mcom.shaft.tools.io.ReportManager&amp#27;[m : Successfully created attachment "API Request - Specifications"
2023-01-22 22:04:58.233 &amp#27;[32m INFO&amp#27;[m &amp#27;[35m[@503 - main]&amp#27;[m &amp#27;[36mcom.shaft.tools.io.ReportManager&amp#27;[m : Successfully created attachment "API Request - Body"
2023-01-22 22:04:58.235 &amp#27;[32m INFO&amp#27;[m &amp#27;[35m[@503 - main]&amp#27;[m &amp#27;[36mcom.shaft.tools.io.ReportManager&amp#27;[m : Successfully created attachment "API Response - JSON Body"
2023-01-22 22:04:58.254 &amp#27;[32m INFO&amp#27;[m &amp#27;[35m[@503 - main]&amp#27;[m &amp#27;[36mcom.shaft.tools.io.ReportManager&amp#27;[m : File Action "DoesFileExist" successfully performed. With the following test data "File Path: "SteeringCompanyAPI_TestData/SteeringCompanyAPI_TestData.xlsx"".
2023-01-22 22:04:58.280 &amp#27;[32m INFO&amp#27;[m &amp#27;[35m[@503 - main]&amp#27;[m &amp#27;[36mcom.shaft.tools.io.ReportManager&amp#27;[m : Successfully created attachment "Test Data - Excel"
2023-01-22 22:04:58.280 &amp#27;[32m INFO&amp#27;[m &amp#27;[35m[@503 - main]&amp#27;[m &amp#27;[36mcom.shaft.tools.io.ReportManager&amp#27;[m : File Action "DoesFileExist" successfully performed. With the following test data "File Path: "SteeringCompanyAPI_TestData/SteeringCompanyAPI_TestData.xlsx"".
2023-01-22 22:04:58.343 &amp#27;[32m INFO&amp#27;[m &amp#27;[35m[@503 - main]&amp#27;[m &amp#27;[36mcom.shaft.tools.io.ReportManager&amp#27;[m : Successfully created attachment "Test Data - Excel"
2023-01-22 22:04:58.343 &amp#27;[32m INFO&amp#27;[m &amp#27;[35m[@503 - main]&amp#27;[m &amp#27;[36mcom.shaft.tools.io.ReportManager&amp#27;[m : File Action "DoesFileExist" successfully performed. With the following test data "File Path: "SteeringCompanyAPI_TestData/SteeringCompanyAPI_TestData.xlsx"".
2023-01-22 22:04:58.368 &amp#27;[32m INFO&amp#27;[m &amp#27;[35m[@503 - main]&amp#27;[m &amp#27;[36mcom.shaft.tools.io.ReportManager&amp#27;[m : Successfully created attachment "Test Data - Excel"
2023-01-22 22:05:00.225 &amp#27;[32m INFO&amp#27;[m &amp#27;[35m[@503 - main]&amp#27;[m &amp#27;[36mcom.shaft.tools.io.ReportManager&amp#27;[m : Response status code: "422", status line: "HTTP/1.1 422 "
2023-01-22 22:05:00.235 &amp#27;[32m INFO&amp#27;[m &amp#27;[35m[@503 - main]&amp#27;[m &amp#27;[36mcom.shaft.tools.io.ReportManager&amp#27;[m : Successfully created attachment "API Request - Specifications"
2023-01-22 22:05:00.236 &amp#27;[32m INFO&amp#27;[m &amp#27;[35m[@503 - main]&amp#27;[m &amp#27;[36mcom.shaft.tools.io.ReportManager&amp#27;[m : Successfully created attachment "API Request - JSON Body"
2023-01-22 22:05:00.237 &amp#27;[32m INFO&amp#27;[m &amp#27;[35m[@503 - main]&amp#27;[m &amp#27;[36mcom.shaft.tools.io.ReportManager&amp#27;[m : Successfully created attachment "API Response - JSON Body"
2023-01-22 22:05:00.239 &amp#27;[32m INFO&amp#27;[m &amp#27;[35m[@503 - main]&amp#27;[m &amp#27;[36mcom.shaft.tools.io.ReportManager&amp#27;[m : File Action "DoesFileExist" successfully performed. With the following test data "File Path: "Schemas/ValidationError_schema.json"".
2023-01-22 22:05:00.239 &amp#27;[32m INFO&amp#27;[m &amp#27;[35m[@503 - main]&amp#27;[m &amp#27;[36mcom.shaft.tools.io.ReportManager&amp#27;[m : File Action "DoesFileExist" successfully performed. With the following test data "File Path: "src/test/resources/testDataFiles/Schemas/ValidationError_schema.json"".
2023-01-22 22:05:00.239 &amp#27;[32m INFO&amp#27;[m &amp#27;[35m[@503 - main]&amp#27;[m &amp#27;[36mcom.shaft.tools.io.ReportManager&amp#27;[m : File Action "GetAbsolutePath" successfully performed. With the following test data "Relative Folder Path: "src/test/resources/testDataFiles/Schemas/ValidationError_schema.json"".
2023-01-22 22:05:00.242 &amp#27;[32m INFO&amp#27;[m &amp#27;[35m[@503 - main]&amp#27;[m &amp#27;[36mcom.shaft.tools.io.ReportManager&amp#27;[m : File Action "DoesFileExist" successfully performed. With the following test data "File Path: "C:\eclipse-workspace\MyProjects\TASystemsAPIs\src\test\resources\testDataFiles\Schemas\ValidationError_schema.json"".
2023-01-22 22:05:00.242 &amp#27;[32m INFO&amp#27;[m &amp#27;[35m[@503 - main]&amp#27;[m &amp#27;[36mcom.shaft.tools.io.ReportManager&amp#27;[m : File Action "GetAbsolutePath" successfully performed. With the following test data "Relative Folder Path: "C:\eclipse-workspace\MyProjects\TASystemsAPIs\src\test\resources\testDataFiles\Schemas\ValidationError_schema.json"".
2023-01-22 22:05:00.242 &amp#27;[32m INFO&amp#27;[m &amp#27;[35m[@503 - main]&amp#27;[m &amp#27;[36mcom.shaft.tools.io.ReportManager&amp#27;[m : File Action "ReadFile" successfully performed. With the following test data "File Path: "C:\eclipse-workspace\MyProjects\TASystemsAPIs\src\test\resources\testDataFiles\Schemas\ValidationError_schema.json"".
2023-01-22 22:05:00.245 &amp#27;[32m INFO&amp#27;[m &amp#27;[35m[@503 - main]&amp#27;[m &amp#27;[36mcom.shaft.tools.io.ReportManager&amp#27;[m : Successfully created attachment "Validation Test Data - Expected JSON Value"
2023-01-22 22:05:00.246 &amp#27;[32m INFO&amp#27;[m &amp#27;[35m[@503 - main]&amp#27;[m &amp#27;[36mcom.shaft.tools.io.ReportManager&amp#27;[m : Successfully created attachment "Validation Test Data - Actual JSON Value"
2023-01-22 22:05:00.247 &amp#27;[32m INFO&amp#27;[m &amp#27;[35m[@503 - main]&amp#27;[m &amp#27;[36mcom.shaft.tools.io.ReportManager&amp#27;[m : Successfully created attachment "SHAFT Engine Logs - Current Method log: Add_Policy_With_Missing_Keys_TC"
]]></system-out>
  </testcase>
  <testcase name="Add_Policy_With_Missing_Keys_TC[[Ljava.lang.Object;@374361cd](5)" classname="SteeringCompanyAPI_TestCases.Test_Policies_Cases" time="2.348">
    <system-out><![CDATA[2023-01-22 22:05:00.250 &amp#27;[32m INFO&amp#27;[m &amp#27;[35m[@534 - main]&amp#27;[m &amp#27;[36mcom.shaft.tools.io.ReportManager&amp#27;[m : 
################################################################################################################################################
Starting Execution:	"112 out of 83" test cases in the current suite
Test Method:		"SteeringCompanyAPI_TestCases.Test_Policies_Cases.Add_Policy_With_Missing_Keys_TC"
Test Description:	"TC050 -Policy- Perform Add Policy with Missing Keys"
################################################################################################################################################
2023-01-22 22:05:00.250 &amp#27;[32m INFO&amp#27;[m &amp#27;[35m[@503 - main]&amp#27;[m &amp#27;[36mcom.shaft.tools.io.ReportManager&amp#27;[m : File Action "DoesFileExist" successfully performed. With the following test data "File Path: "SteeringCompanyAPI_TestData/SteeringCompanyAPI_TestData.xlsx"".
2023-01-22 22:05:00.283 &amp#27;[32m INFO&amp#27;[m &amp#27;[35m[@503 - main]&amp#27;[m &amp#27;[36mcom.shaft.tools.io.ReportManager&amp#27;[m : Successfully created attachment "Test Data - Excel"
2023-01-22 22:05:01.314 &amp#27;[32m INFO&amp#27;[m &amp#27;[35m[@503 - main]&amp#27;[m &amp#27;[36mcom.shaft.tools.io.ReportManager&amp#27;[m : Response status code: "200", status line: "HTTP/1.1 200 OK"
2023-01-22 22:05:01.325 &amp#27;[32m INFO&amp#27;[m &amp#27;[35m[@503 - main]&amp#27;[m &amp#27;[36mcom.shaft.tools.io.ReportManager&amp#27;[m : Successfully created attachment "API Request - Specifications"
2023-01-22 22:05:01.325 &amp#27;[32m INFO&amp#27;[m &amp#27;[35m[@503 - main]&amp#27;[m &amp#27;[36mcom.shaft.tools.io.ReportManager&amp#27;[m : Successfully created attachment "API Request - Body"
2023-01-22 22:05:01.328 &amp#27;[32m INFO&amp#27;[m &amp#27;[35m[@503 - main]&amp#27;[m &amp#27;[36mcom.shaft.tools.io.ReportManager&amp#27;[m : Successfully created attachment "API Response - JSON Body"
2023-01-22 22:05:01.336 &amp#27;[32m INFO&amp#27;[m &amp#27;[35m[@503 - main]&amp#27;[m &amp#27;[36mcom.shaft.tools.io.ReportManager&amp#27;[m : File Action "DoesFileExist" successfully performed. With the following test data "File Path: "SteeringCompanyAPI_TestData/SteeringCompanyAPI_TestData.xlsx"".
2023-01-22 22:05:01.358 &amp#27;[32m INFO&amp#27;[m &amp#27;[35m[@503 - main]&amp#27;[m &amp#27;[36mcom.shaft.tools.io.ReportManager&amp#27;[m : Successfully created attachment "Test Data - Excel"
2023-01-22 22:05:01.358 &amp#27;[32m INFO&amp#27;[m &amp#27;[35m[@503 - main]&amp#27;[m &amp#27;[36mcom.shaft.tools.io.ReportManager&amp#27;[m : File Action "DoesFileExist" successfully performed. With the following test data "File Path: "SteeringCompanyAPI_TestData/SteeringCompanyAPI_TestData.xlsx"".
2023-01-22 22:05:01.380 &amp#27;[32m INFO&amp#27;[m &amp#27;[35m[@503 - main]&amp#27;[m &amp#27;[36mcom.shaft.tools.io.ReportManager&amp#27;[m : Successfully created attachment "Test Data - Excel"
2023-01-22 22:05:01.381 &amp#27;[32m INFO&amp#27;[m &amp#27;[35m[@503 - main]&amp#27;[m &amp#27;[36mcom.shaft.tools.io.ReportManager&amp#27;[m : File Action "DoesFileExist" successfully performed. With the following test data "File Path: "SteeringCompanyAPI_TestData/SteeringCompanyAPI_TestData.xlsx"".
2023-01-22 22:05:01.405 &amp#27;[32m INFO&amp#27;[m &amp#27;[35m[@503 - main]&amp#27;[m &amp#27;[36mcom.shaft.tools.io.ReportManager&amp#27;[m : Successfully created attachment "Test Data - Excel"
2023-01-22 22:05:02.573 &amp#27;[32m INFO&amp#27;[m &amp#27;[35m[@503 - main]&amp#27;[m &amp#27;[36mcom.shaft.tools.io.ReportManager&amp#27;[m : Response status code: "422", status line: "HTTP/1.1 422 "
2023-01-22 22:05:02.583 &amp#27;[32m INFO&amp#27;[m &amp#27;[35m[@503 - main]&amp#27;[m &amp#27;[36mcom.shaft.tools.io.ReportManager&amp#27;[m : Successfully created attachment "API Request - Specifications"
2023-01-22 22:05:02.585 &amp#27;[32m INFO&amp#27;[m &amp#27;[35m[@503 - main]&amp#27;[m &amp#27;[36mcom.shaft.tools.io.ReportManager&amp#27;[m : Successfully created attachment "API Request - JSON Body"
2023-01-22 22:05:02.586 &amp#27;[32m INFO&amp#27;[m &amp#27;[35m[@503 - main]&amp#27;[m &amp#27;[36mcom.shaft.tools.io.ReportManager&amp#27;[m : Successfully created attachment "API Response - JSON Body"
2023-01-22 22:05:02.586 &amp#27;[32m INFO&amp#27;[m &amp#27;[35m[@503 - main]&amp#27;[m &amp#27;[36mcom.shaft.tools.io.ReportManager&amp#27;[m : File Action "DoesFileExist" successfully performed. With the following test data "File Path: "Schemas/ValidationError_schema.json"".
2023-01-22 22:05:02.587 &amp#27;[32m INFO&amp#27;[m &amp#27;[35m[@503 - main]&amp#27;[m &amp#27;[36mcom.shaft.tools.io.ReportManager&amp#27;[m : File Action "DoesFileExist" successfully performed. With the following test data "File Path: "src/test/resources/testDataFiles/Schemas/ValidationError_schema.json"".
2023-01-22 22:05:02.587 &amp#27;[32m INFO&amp#27;[m &amp#27;[35m[@503 - main]&amp#27;[m &amp#27;[36mcom.shaft.tools.io.ReportManager&amp#27;[m : File Action "GetAbsolutePath" successfully performed. With the following test data "Relative Folder Path: "src/test/resources/testDataFiles/Schemas/ValidationError_schema.json"".
2023-01-22 22:05:02.590 &amp#27;[32m INFO&amp#27;[m &amp#27;[35m[@503 - main]&amp#27;[m &amp#27;[36mcom.shaft.tools.io.ReportManager&amp#27;[m : File Action "DoesFileExist" successfully performed. With the following test data "File Path: "C:\eclipse-workspace\MyProjects\TASystemsAPIs\src\test\resources\testDataFiles\Schemas\ValidationError_schema.json"".
2023-01-22 22:05:02.590 &amp#27;[32m INFO&amp#27;[m &amp#27;[35m[@503 - main]&amp#27;[m &amp#27;[36mcom.shaft.tools.io.ReportManager&amp#27;[m : File Action "GetAbsolutePath" successfully performed. With the following test data "Relative Folder Path: "C:\eclipse-workspace\MyProjects\TASystemsAPIs\src\test\resources\testDataFiles\Schemas\ValidationError_schema.json"".
2023-01-22 22:05:02.590 &amp#27;[32m INFO&amp#27;[m &amp#27;[35m[@503 - main]&amp#27;[m &amp#27;[36mcom.shaft.tools.io.ReportManager&amp#27;[m : File Action "ReadFile" successfully performed. With the following test data "File Path: "C:\eclipse-workspace\MyProjects\TASystemsAPIs\src\test\resources\testDataFiles\Schemas\ValidationError_schema.json"".
2023-01-22 22:05:02.592 &amp#27;[32m INFO&amp#27;[m &amp#27;[35m[@503 - main]&amp#27;[m &amp#27;[36mcom.shaft.tools.io.ReportManager&amp#27;[m : Successfully created attachment "Validation Test Data - Expected JSON Value"
2023-01-22 22:05:02.593 &amp#27;[32m INFO&amp#27;[m &amp#27;[35m[@503 - main]&amp#27;[m &amp#27;[36mcom.shaft.tools.io.ReportManager&amp#27;[m : Successfully created attachment "Validation Test Data - Actual JSON Value"
2023-01-22 22:05:02.594 &amp#27;[32m INFO&amp#27;[m &amp#27;[35m[@503 - main]&amp#27;[m &amp#27;[36mcom.shaft.tools.io.ReportManager&amp#27;[m : Successfully created attachment "SHAFT Engine Logs - Current Method log: Add_Policy_With_Missing_Keys_TC"
]]></system-out>
  </testcase>
  <testcase name="Add_Policy_With_Missing_Keys_TC[[Ljava.lang.Object;@27e7ee09](6)" classname="SteeringCompanyAPI_TestCases.Test_Policies_Cases" time="2.265">
    <system-out><![CDATA[2023-01-22 22:05:02.596 &amp#27;[32m INFO&amp#27;[m &amp#27;[35m[@534 - main]&amp#27;[m &amp#27;[36mcom.shaft.tools.io.ReportManager&amp#27;[m : 
################################################################################################################################################
Starting Execution:	"113 out of 83" test cases in the current suite
Test Method:		"SteeringCompanyAPI_TestCases.Test_Policies_Cases.Add_Policy_With_Missing_Keys_TC"
Test Description:	"TC050 -Policy- Perform Add Policy with Missing Keys"
################################################################################################################################################
2023-01-22 22:05:02.597 &amp#27;[32m INFO&amp#27;[m &amp#27;[35m[@503 - main]&amp#27;[m &amp#27;[36mcom.shaft.tools.io.ReportManager&amp#27;[m : File Action "DoesFileExist" successfully performed. With the following test data "File Path: "SteeringCompanyAPI_TestData/SteeringCompanyAPI_TestData.xlsx"".
2023-01-22 22:05:02.626 &amp#27;[32m INFO&amp#27;[m &amp#27;[35m[@503 - main]&amp#27;[m &amp#27;[36mcom.shaft.tools.io.ReportManager&amp#27;[m : Successfully created attachment "Test Data - Excel"
2023-01-22 22:05:03.735 &amp#27;[32m INFO&amp#27;[m &amp#27;[35m[@503 - main]&amp#27;[m &amp#27;[36mcom.shaft.tools.io.ReportManager&amp#27;[m : Response status code: "200", status line: "HTTP/1.1 200 OK"
2023-01-22 22:05:03.747 &amp#27;[32m INFO&amp#27;[m &amp#27;[35m[@503 - main]&amp#27;[m &amp#27;[36mcom.shaft.tools.io.ReportManager&amp#27;[m : Successfully created attachment "API Request - Specifications"
2023-01-22 22:05:03.748 &amp#27;[32m INFO&amp#27;[m &amp#27;[35m[@503 - main]&amp#27;[m &amp#27;[36mcom.shaft.tools.io.ReportManager&amp#27;[m : Successfully created attachment "API Request - Body"
2023-01-22 22:05:03.749 &amp#27;[32m INFO&amp#27;[m &amp#27;[35m[@503 - main]&amp#27;[m &amp#27;[36mcom.shaft.tools.io.ReportManager&amp#27;[m : Successfully created attachment "API Response - JSON Body"
2023-01-22 22:05:03.758 &amp#27;[32m INFO&amp#27;[m &amp#27;[35m[@503 - main]&amp#27;[m &amp#27;[36mcom.shaft.tools.io.ReportManager&amp#27;[m : File Action "DoesFileExist" successfully performed. With the following test data "File Path: "SteeringCompanyAPI_TestData/SteeringCompanyAPI_TestData.xlsx"".
2023-01-22 22:05:03.783 &amp#27;[32m INFO&amp#27;[m &amp#27;[35m[@503 - main]&amp#27;[m &amp#27;[36mcom.shaft.tools.io.ReportManager&amp#27;[m : Successfully created attachment "Test Data - Excel"
2023-01-22 22:05:03.784 &amp#27;[32m INFO&amp#27;[m &amp#27;[35m[@503 - main]&amp#27;[m &amp#27;[36mcom.shaft.tools.io.ReportManager&amp#27;[m : File Action "DoesFileExist" successfully performed. With the following test data "File Path: "SteeringCompanyAPI_TestData/SteeringCompanyAPI_TestData.xlsx"".
2023-01-22 22:05:03.808 &amp#27;[32m INFO&amp#27;[m &amp#27;[35m[@503 - main]&amp#27;[m &amp#27;[36mcom.shaft.tools.io.ReportManager&amp#27;[m : Successfully created attachment "Test Data - Excel"
2023-01-22 22:05:03.808 &amp#27;[32m INFO&amp#27;[m &amp#27;[35m[@503 - main]&amp#27;[m &amp#27;[36mcom.shaft.tools.io.ReportManager&amp#27;[m : File Action "DoesFileExist" successfully performed. With the following test data "File Path: "SteeringCompanyAPI_TestData/SteeringCompanyAPI_TestData.xlsx"".
2023-01-22 22:05:03.828 &amp#27;[32m INFO&amp#27;[m &amp#27;[35m[@503 - main]&amp#27;[m &amp#27;[36mcom.shaft.tools.io.ReportManager&amp#27;[m : Successfully created attachment "Test Data - Excel"
2023-01-22 22:05:04.836 &amp#27;[32m INFO&amp#27;[m &amp#27;[35m[@503 - main]&amp#27;[m &amp#27;[36mcom.shaft.tools.io.ReportManager&amp#27;[m : Response status code: "422", status line: "HTTP/1.1 422 "
2023-01-22 22:05:04.849 &amp#27;[32m INFO&amp#27;[m &amp#27;[35m[@503 - main]&amp#27;[m &amp#27;[36mcom.shaft.tools.io.ReportManager&amp#27;[m : Successfully created attachment "API Request - Specifications"
2023-01-22 22:05:04.851 &amp#27;[32m INFO&amp#27;[m &amp#27;[35m[@503 - main]&amp#27;[m &amp#27;[36mcom.shaft.tools.io.ReportManager&amp#27;[m : Successfully created attachment "API Request - JSON Body"
2023-01-22 22:05:04.851 &amp#27;[32m INFO&amp#27;[m &amp#27;[35m[@503 - main]&amp#27;[m &amp#27;[36mcom.shaft.tools.io.ReportManager&amp#27;[m : Successfully created attachment "API Response - JSON Body"
2023-01-22 22:05:04.852 &amp#27;[32m INFO&amp#27;[m &amp#27;[35m[@503 - main]&amp#27;[m &amp#27;[36mcom.shaft.tools.io.ReportManager&amp#27;[m : File Action "DoesFileExist" successfully performed. With the following test data "File Path: "Schemas/ValidationError_schema.json"".
2023-01-22 22:05:04.852 &amp#27;[32m INFO&amp#27;[m &amp#27;[35m[@503 - main]&amp#27;[m &amp#27;[36mcom.shaft.tools.io.ReportManager&amp#27;[m : File Action "DoesFileExist" successfully performed. With the following test data "File Path: "src/test/resources/testDataFiles/Schemas/ValidationError_schema.json"".
2023-01-22 22:05:04.853 &amp#27;[32m INFO&amp#27;[m &amp#27;[35m[@503 - main]&amp#27;[m &amp#27;[36mcom.shaft.tools.io.ReportManager&amp#27;[m : File Action "GetAbsolutePath" successfully performed. With the following test data "Relative Folder Path: "src/test/resources/testDataFiles/Schemas/ValidationError_schema.json"".
2023-01-22 22:05:04.855 &amp#27;[32m INFO&amp#27;[m &amp#27;[35m[@503 - main]&amp#27;[m &amp#27;[36mcom.shaft.tools.io.ReportManager&amp#27;[m : File Action "DoesFileExist" successfully performed. With the following test data "File Path: "C:\eclipse-workspace\MyProjects\TASystemsAPIs\src\test\resources\testDataFiles\Schemas\ValidationError_schema.json"".
2023-01-22 22:05:04.855 &amp#27;[32m INFO&amp#27;[m &amp#27;[35m[@503 - main]&amp#27;[m &amp#27;[36mcom.shaft.tools.io.ReportManager&amp#27;[m : File Action "GetAbsolutePath" successfully performed. With the following test data "Relative Folder Path: "C:\eclipse-workspace\MyProjects\TASystemsAPIs\src\test\resources\testDataFiles\Schemas\ValidationError_schema.json"".
2023-01-22 22:05:04.855 &amp#27;[32m INFO&amp#27;[m &amp#27;[35m[@503 - main]&amp#27;[m &amp#27;[36mcom.shaft.tools.io.ReportManager&amp#27;[m : File Action "ReadFile" successfully performed. With the following test data "File Path: "C:\eclipse-workspace\MyProjects\TASystemsAPIs\src\test\resources\testDataFiles\Schemas\ValidationError_schema.json"".
2023-01-22 22:05:04.858 &amp#27;[32m INFO&amp#27;[m &amp#27;[35m[@503 - main]&amp#27;[m &amp#27;[36mcom.shaft.tools.io.ReportManager&amp#27;[m : Successfully created attachment "Validation Test Data - Expected JSON Value"
2023-01-22 22:05:04.859 &amp#27;[32m INFO&amp#27;[m &amp#27;[35m[@503 - main]&amp#27;[m &amp#27;[36mcom.shaft.tools.io.ReportManager&amp#27;[m : Successfully created attachment "Validation Test Data - Actual JSON Value"
2023-01-22 22:05:04.859 &amp#27;[32m INFO&amp#27;[m &amp#27;[35m[@503 - main]&amp#27;[m &amp#27;[36mcom.shaft.tools.io.ReportManager&amp#27;[m : Successfully created attachment "SHAFT Engine Logs - Current Method log: Add_Policy_With_Missing_Keys_TC"
]]></system-out>
  </testcase>
  <testcase name="Add_Policy_With_Missing_Keys_TC[[Ljava.lang.Object;@7051e679](7)" classname="SteeringCompanyAPI_TestCases.Test_Policies_Cases" time="2.266">
    <system-out><![CDATA[2023-01-22 22:05:04.862 &amp#27;[32m INFO&amp#27;[m &amp#27;[35m[@534 - main]&amp#27;[m &amp#27;[36mcom.shaft.tools.io.ReportManager&amp#27;[m : 
################################################################################################################################################
Starting Execution:	"114 out of 83" test cases in the current suite
Test Method:		"SteeringCompanyAPI_TestCases.Test_Policies_Cases.Add_Policy_With_Missing_Keys_TC"
Test Description:	"TC050 -Policy- Perform Add Policy with Missing Keys"
################################################################################################################################################
2023-01-22 22:05:04.862 &amp#27;[32m INFO&amp#27;[m &amp#27;[35m[@503 - main]&amp#27;[m &amp#27;[36mcom.shaft.tools.io.ReportManager&amp#27;[m : File Action "DoesFileExist" successfully performed. With the following test data "File Path: "SteeringCompanyAPI_TestData/SteeringCompanyAPI_TestData.xlsx"".
2023-01-22 22:05:04.894 &amp#27;[32m INFO&amp#27;[m &amp#27;[35m[@503 - main]&amp#27;[m &amp#27;[36mcom.shaft.tools.io.ReportManager&amp#27;[m : Successfully created attachment "Test Data - Excel"
2023-01-22 22:05:05.934 &amp#27;[32m INFO&amp#27;[m &amp#27;[35m[@503 - main]&amp#27;[m &amp#27;[36mcom.shaft.tools.io.ReportManager&amp#27;[m : Response status code: "200", status line: "HTTP/1.1 200 OK"
2023-01-22 22:05:05.945 &amp#27;[32m INFO&amp#27;[m &amp#27;[35m[@503 - main]&amp#27;[m &amp#27;[36mcom.shaft.tools.io.ReportManager&amp#27;[m : Successfully created attachment "API Request - Specifications"
2023-01-22 22:05:05.946 &amp#27;[32m INFO&amp#27;[m &amp#27;[35m[@503 - main]&amp#27;[m &amp#27;[36mcom.shaft.tools.io.ReportManager&amp#27;[m : Successfully created attachment "API Request - Body"
2023-01-22 22:05:05.947 &amp#27;[32m INFO&amp#27;[m &amp#27;[35m[@503 - main]&amp#27;[m &amp#27;[36mcom.shaft.tools.io.ReportManager&amp#27;[m : Successfully created attachment "API Response - JSON Body"
2023-01-22 22:05:05.954 &amp#27;[32m INFO&amp#27;[m &amp#27;[35m[@503 - main]&amp#27;[m &amp#27;[36mcom.shaft.tools.io.ReportManager&amp#27;[m : File Action "DoesFileExist" successfully performed. With the following test data "File Path: "SteeringCompanyAPI_TestData/SteeringCompanyAPI_TestData.xlsx"".
2023-01-22 22:05:05.977 &amp#27;[32m INFO&amp#27;[m &amp#27;[35m[@503 - main]&amp#27;[m &amp#27;[36mcom.shaft.tools.io.ReportManager&amp#27;[m : Successfully created attachment "Test Data - Excel"
2023-01-22 22:05:05.978 &amp#27;[32m INFO&amp#27;[m &amp#27;[35m[@503 - main]&amp#27;[m &amp#27;[36mcom.shaft.tools.io.ReportManager&amp#27;[m : File Action "DoesFileExist" successfully performed. With the following test data "File Path: "SteeringCompanyAPI_TestData/SteeringCompanyAPI_TestData.xlsx"".
2023-01-22 22:05:06.000 &amp#27;[32m INFO&amp#27;[m &amp#27;[35m[@503 - main]&amp#27;[m &amp#27;[36mcom.shaft.tools.io.ReportManager&amp#27;[m : Successfully created attachment "Test Data - Excel"
2023-01-22 22:05:06.001 &amp#27;[32m INFO&amp#27;[m &amp#27;[35m[@503 - main]&amp#27;[m &amp#27;[36mcom.shaft.tools.io.ReportManager&amp#27;[m : File Action "DoesFileExist" successfully performed. With the following test data "File Path: "SteeringCompanyAPI_TestData/SteeringCompanyAPI_TestData.xlsx"".
2023-01-22 22:05:06.022 &amp#27;[32m INFO&amp#27;[m &amp#27;[35m[@503 - main]&amp#27;[m &amp#27;[36mcom.shaft.tools.io.ReportManager&amp#27;[m : Successfully created attachment "Test Data - Excel"
2023-01-22 22:05:07.105 &amp#27;[32m INFO&amp#27;[m &amp#27;[35m[@503 - main]&amp#27;[m &amp#27;[36mcom.shaft.tools.io.ReportManager&amp#27;[m : Response status code: "422", status line: "HTTP/1.1 422 "
2023-01-22 22:05:07.113 &amp#27;[32m INFO&amp#27;[m &amp#27;[35m[@503 - main]&amp#27;[m &amp#27;[36mcom.shaft.tools.io.ReportManager&amp#27;[m : Successfully created attachment "API Request - Specifications"
2023-01-22 22:05:07.114 &amp#27;[32m INFO&amp#27;[m &amp#27;[35m[@503 - main]&amp#27;[m &amp#27;[36mcom.shaft.tools.io.ReportManager&amp#27;[m : Successfully created attachment "API Request - JSON Body"
2023-01-22 22:05:07.115 &amp#27;[32m INFO&amp#27;[m &amp#27;[35m[@503 - main]&amp#27;[m &amp#27;[36mcom.shaft.tools.io.ReportManager&amp#27;[m : Successfully created attachment "API Response - JSON Body"
2023-01-22 22:05:07.116 &amp#27;[32m INFO&amp#27;[m &amp#27;[35m[@503 - main]&amp#27;[m &amp#27;[36mcom.shaft.tools.io.ReportManager&amp#27;[m : File Action "DoesFileExist" successfully performed. With the following test data "File Path: "Schemas/ValidationError_schema.json"".
2023-01-22 22:05:07.117 &amp#27;[32m INFO&amp#27;[m &amp#27;[35m[@503 - main]&amp#27;[m &amp#27;[36mcom.shaft.tools.io.ReportManager&amp#27;[m : File Action "DoesFileExist" successfully performed. With the following test data "File Path: "src/test/resources/testDataFiles/Schemas/ValidationError_schema.json"".
2023-01-22 22:05:07.117 &amp#27;[32m INFO&amp#27;[m &amp#27;[35m[@503 - main]&amp#27;[m &amp#27;[36mcom.shaft.tools.io.ReportManager&amp#27;[m : File Action "GetAbsolutePath" successfully performed. With the following test data "Relative Folder Path: "src/test/resources/testDataFiles/Schemas/ValidationError_schema.json"".
2023-01-22 22:05:07.120 &amp#27;[32m INFO&amp#27;[m &amp#27;[35m[@503 - main]&amp#27;[m &amp#27;[36mcom.shaft.tools.io.ReportManager&amp#27;[m : File Action "DoesFileExist" successfully performed. With the following test data "File Path: "C:\eclipse-workspace\MyProjects\TASystemsAPIs\src\test\resources\testDataFiles\Schemas\ValidationError_schema.json"".
2023-01-22 22:05:07.120 &amp#27;[32m INFO&amp#27;[m &amp#27;[35m[@503 - main]&amp#27;[m &amp#27;[36mcom.shaft.tools.io.ReportManager&amp#27;[m : File Action "GetAbsolutePath" successfully performed. With the following test data "Relative Folder Path: "C:\eclipse-workspace\MyProjects\TASystemsAPIs\src\test\resources\testDataFiles\Schemas\ValidationError_schema.json"".
2023-01-22 22:05:07.120 &amp#27;[32m INFO&amp#27;[m &amp#27;[35m[@503 - main]&amp#27;[m &amp#27;[36mcom.shaft.tools.io.ReportManager&amp#27;[m : File Action "ReadFile" successfully performed. With the following test data "File Path: "C:\eclipse-workspace\MyProjects\TASystemsAPIs\src\test\resources\testDataFiles\Schemas\ValidationError_schema.json"".
2023-01-22 22:05:07.122 &amp#27;[32m INFO&amp#27;[m &amp#27;[35m[@503 - main]&amp#27;[m &amp#27;[36mcom.shaft.tools.io.ReportManager&amp#27;[m : Successfully created attachment "Validation Test Data - Expected JSON Value"
2023-01-22 22:05:07.123 &amp#27;[32m INFO&amp#27;[m &amp#27;[35m[@503 - main]&amp#27;[m &amp#27;[36mcom.shaft.tools.io.ReportManager&amp#27;[m : Successfully created attachment "Validation Test Data - Actual JSON Value"
2023-01-22 22:05:07.124 &amp#27;[32m INFO&amp#27;[m &amp#27;[35m[@503 - main]&amp#27;[m &amp#27;[36mcom.shaft.tools.io.ReportManager&amp#27;[m : Successfully created attachment "SHAFT Engine Logs - Current Method log: Add_Policy_With_Missing_Keys_TC"
]]></system-out>
  </testcase>
  <testcase name="Add_Policy_With_Missing_Keys_TC[[Ljava.lang.Object;@55048b81](8)" classname="SteeringCompanyAPI_TestCases.Test_Policies_Cases" time="2.236">
    <system-out><![CDATA[2023-01-22 22:05:07.128 &amp#27;[32m INFO&amp#27;[m &amp#27;[35m[@534 - main]&amp#27;[m &amp#27;[36mcom.shaft.tools.io.ReportManager&amp#27;[m : 
################################################################################################################################################
Starting Execution:	"115 out of 83" test cases in the current suite
Test Method:		"SteeringCompanyAPI_TestCases.Test_Policies_Cases.Add_Policy_With_Missing_Keys_TC"
Test Description:	"TC050 -Policy- Perform Add Policy with Missing Keys"
################################################################################################################################################
2023-01-22 22:05:07.128 &amp#27;[32m INFO&amp#27;[m &amp#27;[35m[@503 - main]&amp#27;[m &amp#27;[36mcom.shaft.tools.io.ReportManager&amp#27;[m : File Action "DoesFileExist" successfully performed. With the following test data "File Path: "SteeringCompanyAPI_TestData/SteeringCompanyAPI_TestData.xlsx"".
2023-01-22 22:05:07.157 &amp#27;[32m INFO&amp#27;[m &amp#27;[35m[@503 - main]&amp#27;[m &amp#27;[36mcom.shaft.tools.io.ReportManager&amp#27;[m : Successfully created attachment "Test Data - Excel"
2023-01-22 22:05:08.088 &amp#27;[32m INFO&amp#27;[m &amp#27;[35m[@503 - main]&amp#27;[m &amp#27;[36mcom.shaft.tools.io.ReportManager&amp#27;[m : Response status code: "200", status line: "HTTP/1.1 200 OK"
2023-01-22 22:05:08.099 &amp#27;[32m INFO&amp#27;[m &amp#27;[35m[@503 - main]&amp#27;[m &amp#27;[36mcom.shaft.tools.io.ReportManager&amp#27;[m : Successfully created attachment "API Request - Specifications"
2023-01-22 22:05:08.100 &amp#27;[32m INFO&amp#27;[m &amp#27;[35m[@503 - main]&amp#27;[m &amp#27;[36mcom.shaft.tools.io.ReportManager&amp#27;[m : Successfully created attachment "API Request - Body"
2023-01-22 22:05:08.101 &amp#27;[32m INFO&amp#27;[m &amp#27;[35m[@503 - main]&amp#27;[m &amp#27;[36mcom.shaft.tools.io.ReportManager&amp#27;[m : Successfully created attachment "API Response - JSON Body"
2023-01-22 22:05:08.110 &amp#27;[32m INFO&amp#27;[m &amp#27;[35m[@503 - main]&amp#27;[m &amp#27;[36mcom.shaft.tools.io.ReportManager&amp#27;[m : File Action "DoesFileExist" successfully performed. With the following test data "File Path: "SteeringCompanyAPI_TestData/SteeringCompanyAPI_TestData.xlsx"".
2023-01-22 22:05:08.132 &amp#27;[32m INFO&amp#27;[m &amp#27;[35m[@503 - main]&amp#27;[m &amp#27;[36mcom.shaft.tools.io.ReportManager&amp#27;[m : Successfully created attachment "Test Data - Excel"
2023-01-22 22:05:08.132 &amp#27;[32m INFO&amp#27;[m &amp#27;[35m[@503 - main]&amp#27;[m &amp#27;[36mcom.shaft.tools.io.ReportManager&amp#27;[m : File Action "DoesFileExist" successfully performed. With the following test data "File Path: "SteeringCompanyAPI_TestData/SteeringCompanyAPI_TestData.xlsx"".
2023-01-22 22:05:08.153 &amp#27;[32m INFO&amp#27;[m &amp#27;[35m[@503 - main]&amp#27;[m &amp#27;[36mcom.shaft.tools.io.ReportManager&amp#27;[m : Successfully created attachment "Test Data - Excel"
2023-01-22 22:05:08.153 &amp#27;[32m INFO&amp#27;[m &amp#27;[35m[@503 - main]&amp#27;[m &amp#27;[36mcom.shaft.tools.io.ReportManager&amp#27;[m : File Action "DoesFileExist" successfully performed. With the following test data "File Path: "SteeringCompanyAPI_TestData/SteeringCompanyAPI_TestData.xlsx"".
2023-01-22 22:05:08.181 &amp#27;[32m INFO&amp#27;[m &amp#27;[35m[@503 - main]&amp#27;[m &amp#27;[36mcom.shaft.tools.io.ReportManager&amp#27;[m : Successfully created attachment "Test Data - Excel"
2023-01-22 22:05:09.337 &amp#27;[32m INFO&amp#27;[m &amp#27;[35m[@503 - main]&amp#27;[m &amp#27;[36mcom.shaft.tools.io.ReportManager&amp#27;[m : Response status code: "422", status line: "HTTP/1.1 422 "
2023-01-22 22:05:09.353 &amp#27;[32m INFO&amp#27;[m &amp#27;[35m[@503 - main]&amp#27;[m &amp#27;[36mcom.shaft.tools.io.ReportManager&amp#27;[m : Successfully created attachment "API Request - Specifications"
2023-01-22 22:05:09.354 &amp#27;[32m INFO&amp#27;[m &amp#27;[35m[@503 - main]&amp#27;[m &amp#27;[36mcom.shaft.tools.io.ReportManager&amp#27;[m : Successfully created attachment "API Request - JSON Body"
2023-01-22 22:05:09.355 &amp#27;[32m INFO&amp#27;[m &amp#27;[35m[@503 - main]&amp#27;[m &amp#27;[36mcom.shaft.tools.io.ReportManager&amp#27;[m : Successfully created attachment "API Response - JSON Body"
2023-01-22 22:05:09.356 &amp#27;[32m INFO&amp#27;[m &amp#27;[35m[@503 - main]&amp#27;[m &amp#27;[36mcom.shaft.tools.io.ReportManager&amp#27;[m : File Action "DoesFileExist" successfully performed. With the following test data "File Path: "Schemas/ValidationError_schema.json"".
2023-01-22 22:05:09.356 &amp#27;[32m INFO&amp#27;[m &amp#27;[35m[@503 - main]&amp#27;[m &amp#27;[36mcom.shaft.tools.io.ReportManager&amp#27;[m : File Action "DoesFileExist" successfully performed. With the following test data "File Path: "src/test/resources/testDataFiles/Schemas/ValidationError_schema.json"".
2023-01-22 22:05:09.356 &amp#27;[32m INFO&amp#27;[m &amp#27;[35m[@503 - main]&amp#27;[m &amp#27;[36mcom.shaft.tools.io.ReportManager&amp#27;[m : File Action "GetAbsolutePath" successfully performed. With the following test data "Relative Folder Path: "src/test/resources/testDataFiles/Schemas/ValidationError_schema.json"".
2023-01-22 22:05:09.358 &amp#27;[32m INFO&amp#27;[m &amp#27;[35m[@503 - main]&amp#27;[m &amp#27;[36mcom.shaft.tools.io.ReportManager&amp#27;[m : File Action "DoesFileExist" successfully performed. With the following test data "File Path: "C:\eclipse-workspace\MyProjects\TASystemsAPIs\src\test\resources\testDataFiles\Schemas\ValidationError_schema.json"".
2023-01-22 22:05:09.358 &amp#27;[32m INFO&amp#27;[m &amp#27;[35m[@503 - main]&amp#27;[m &amp#27;[36mcom.shaft.tools.io.ReportManager&amp#27;[m : File Action "GetAbsolutePath" successfully performed. With the following test data "Relative Folder Path: "C:\eclipse-workspace\MyProjects\TASystemsAPIs\src\test\resources\testDataFiles\Schemas\ValidationError_schema.json"".
2023-01-22 22:05:09.359 &amp#27;[32m INFO&amp#27;[m &amp#27;[35m[@503 - main]&amp#27;[m &amp#27;[36mcom.shaft.tools.io.ReportManager&amp#27;[m : File Action "ReadFile" successfully performed. With the following test data "File Path: "C:\eclipse-workspace\MyProjects\TASystemsAPIs\src\test\resources\testDataFiles\Schemas\ValidationError_schema.json"".
2023-01-22 22:05:09.360 &amp#27;[32m INFO&amp#27;[m &amp#27;[35m[@503 - main]&amp#27;[m &amp#27;[36mcom.shaft.tools.io.ReportManager&amp#27;[m : Successfully created attachment "Validation Test Data - Expected JSON Value"
2023-01-22 22:05:09.361 &amp#27;[32m INFO&amp#27;[m &amp#27;[35m[@503 - main]&amp#27;[m &amp#27;[36mcom.shaft.tools.io.ReportManager&amp#27;[m : Successfully created attachment "Validation Test Data - Actual JSON Value"
2023-01-22 22:05:09.362 &amp#27;[32m INFO&amp#27;[m &amp#27;[35m[@503 - main]&amp#27;[m &amp#27;[36mcom.shaft.tools.io.ReportManager&amp#27;[m : Successfully created attachment "SHAFT Engine Logs - Current Method log: Add_Policy_With_Missing_Keys_TC"
]]></system-out>
  </testcase>
  <testcase name="Add_Policy_With_Missing_Keys_TC[[Ljava.lang.Object;@6f63a449](9)" classname="SteeringCompanyAPI_TestCases.Test_Policies_Cases" time="2.04">
    <system-out><![CDATA[2023-01-22 22:05:09.365 &amp#27;[32m INFO&amp#27;[m &amp#27;[35m[@534 - main]&amp#27;[m &amp#27;[36mcom.shaft.tools.io.ReportManager&amp#27;[m : 
################################################################################################################################################
Starting Execution:	"116 out of 83" test cases in the current suite
Test Method:		"SteeringCompanyAPI_TestCases.Test_Policies_Cases.Add_Policy_With_Missing_Keys_TC"
Test Description:	"TC050 -Policy- Perform Add Policy with Missing Keys"
################################################################################################################################################
2023-01-22 22:05:09.365 &amp#27;[32m INFO&amp#27;[m &amp#27;[35m[@503 - main]&amp#27;[m &amp#27;[36mcom.shaft.tools.io.ReportManager&amp#27;[m : File Action "DoesFileExist" successfully performed. With the following test data "File Path: "SteeringCompanyAPI_TestData/SteeringCompanyAPI_TestData.xlsx"".
2023-01-22 22:05:09.413 &amp#27;[32m INFO&amp#27;[m &amp#27;[35m[@503 - main]&amp#27;[m &amp#27;[36mcom.shaft.tools.io.ReportManager&amp#27;[m : Successfully created attachment "Test Data - Excel"
2023-01-22 22:05:10.371 &amp#27;[32m INFO&amp#27;[m &amp#27;[35m[@503 - main]&amp#27;[m &amp#27;[36mcom.shaft.tools.io.ReportManager&amp#27;[m : Response status code: "200", status line: "HTTP/1.1 200 OK"
2023-01-22 22:05:10.382 &amp#27;[32m INFO&amp#27;[m &amp#27;[35m[@503 - main]&amp#27;[m &amp#27;[36mcom.shaft.tools.io.ReportManager&amp#27;[m : Successfully created attachment "API Request - Specifications"
2023-01-22 22:05:10.384 &amp#27;[32m INFO&amp#27;[m &amp#27;[35m[@503 - main]&amp#27;[m &amp#27;[36mcom.shaft.tools.io.ReportManager&amp#27;[m : Successfully created attachment "API Request - Body"
2023-01-22 22:05:10.385 &amp#27;[32m INFO&amp#27;[m &amp#27;[35m[@503 - main]&amp#27;[m &amp#27;[36mcom.shaft.tools.io.ReportManager&amp#27;[m : Successfully created attachment "API Response - JSON Body"
2023-01-22 22:05:10.396 &amp#27;[32m INFO&amp#27;[m &amp#27;[35m[@503 - main]&amp#27;[m &amp#27;[36mcom.shaft.tools.io.ReportManager&amp#27;[m : File Action "DoesFileExist" successfully performed. With the following test data "File Path: "SteeringCompanyAPI_TestData/SteeringCompanyAPI_TestData.xlsx"".
2023-01-22 22:05:10.426 &amp#27;[32m INFO&amp#27;[m &amp#27;[35m[@503 - main]&amp#27;[m &amp#27;[36mcom.shaft.tools.io.ReportManager&amp#27;[m : Successfully created attachment "Test Data - Excel"
2023-01-22 22:05:10.427 &amp#27;[32m INFO&amp#27;[m &amp#27;[35m[@503 - main]&amp#27;[m &amp#27;[36mcom.shaft.tools.io.ReportManager&amp#27;[m : File Action "DoesFileExist" successfully performed. With the following test data "File Path: "SteeringCompanyAPI_TestData/SteeringCompanyAPI_TestData.xlsx"".
2023-01-22 22:05:10.457 &amp#27;[32m INFO&amp#27;[m &amp#27;[35m[@503 - main]&amp#27;[m &amp#27;[36mcom.shaft.tools.io.ReportManager&amp#27;[m : Successfully created attachment "Test Data - Excel"
2023-01-22 22:05:10.457 &amp#27;[32m INFO&amp#27;[m &amp#27;[35m[@503 - main]&amp#27;[m &amp#27;[36mcom.shaft.tools.io.ReportManager&amp#27;[m : File Action "DoesFileExist" successfully performed. With the following test data "File Path: "SteeringCompanyAPI_TestData/SteeringCompanyAPI_TestData.xlsx"".
2023-01-22 22:05:10.488 &amp#27;[32m INFO&amp#27;[m &amp#27;[35m[@503 - main]&amp#27;[m &amp#27;[36mcom.shaft.tools.io.ReportManager&amp#27;[m : Successfully created attachment "Test Data - Excel"
2023-01-22 22:05:11.376 &amp#27;[32m INFO&amp#27;[m &amp#27;[35m[@503 - main]&amp#27;[m &amp#27;[36mcom.shaft.tools.io.ReportManager&amp#27;[m : Response status code: "422", status line: "HTTP/1.1 422 "
2023-01-22 22:05:11.390 &amp#27;[32m INFO&amp#27;[m &amp#27;[35m[@503 - main]&amp#27;[m &amp#27;[36mcom.shaft.tools.io.ReportManager&amp#27;[m : Successfully created attachment "API Request - Specifications"
2023-01-22 22:05:11.392 &amp#27;[32m INFO&amp#27;[m &amp#27;[35m[@503 - main]&amp#27;[m &amp#27;[36mcom.shaft.tools.io.ReportManager&amp#27;[m : Successfully created attachment "API Request - JSON Body"
2023-01-22 22:05:11.393 &amp#27;[32m INFO&amp#27;[m &amp#27;[35m[@503 - main]&amp#27;[m &amp#27;[36mcom.shaft.tools.io.ReportManager&amp#27;[m : Successfully created attachment "API Response - JSON Body"
2023-01-22 22:05:11.393 &amp#27;[32m INFO&amp#27;[m &amp#27;[35m[@503 - main]&amp#27;[m &amp#27;[36mcom.shaft.tools.io.ReportManager&amp#27;[m : File Action "DoesFileExist" successfully performed. With the following test data "File Path: "Schemas/ValidationError_schema.json"".
2023-01-22 22:05:11.394 &amp#27;[32m INFO&amp#27;[m &amp#27;[35m[@503 - main]&amp#27;[m &amp#27;[36mcom.shaft.tools.io.ReportManager&amp#27;[m : File Action "DoesFileExist" successfully performed. With the following test data "File Path: "src/test/resources/testDataFiles/Schemas/ValidationError_schema.json"".
2023-01-22 22:05:11.394 &amp#27;[32m INFO&amp#27;[m &amp#27;[35m[@503 - main]&amp#27;[m &amp#27;[36mcom.shaft.tools.io.ReportManager&amp#27;[m : File Action "GetAbsolutePath" successfully performed. With the following test data "Relative Folder Path: "src/test/resources/testDataFiles/Schemas/ValidationError_schema.json"".
2023-01-22 22:05:11.396 &amp#27;[32m INFO&amp#27;[m &amp#27;[35m[@503 - main]&amp#27;[m &amp#27;[36mcom.shaft.tools.io.ReportManager&amp#27;[m : File Action "DoesFileExist" successfully performed. With the following test data "File Path: "C:\eclipse-workspace\MyProjects\TASystemsAPIs\src\test\resources\testDataFiles\Schemas\ValidationError_schema.json"".
2023-01-22 22:05:11.397 &amp#27;[32m INFO&amp#27;[m &amp#27;[35m[@503 - main]&amp#27;[m &amp#27;[36mcom.shaft.tools.io.ReportManager&amp#27;[m : File Action "GetAbsolutePath" successfully performed. With the following test data "Relative Folder Path: "C:\eclipse-workspace\MyProjects\TASystemsAPIs\src\test\resources\testDataFiles\Schemas\ValidationError_schema.json"".
2023-01-22 22:05:11.397 &amp#27;[32m INFO&amp#27;[m &amp#27;[35m[@503 - main]&amp#27;[m &amp#27;[36mcom.shaft.tools.io.ReportManager&amp#27;[m : File Action "ReadFile" successfully performed. With the following test data "File Path: "C:\eclipse-workspace\MyProjects\TASystemsAPIs\src\test\resources\testDataFiles\Schemas\ValidationError_schema.json"".
2023-01-22 22:05:11.399 &amp#27;[32m INFO&amp#27;[m &amp#27;[35m[@503 - main]&amp#27;[m &amp#27;[36mcom.shaft.tools.io.ReportManager&amp#27;[m : Successfully created attachment "Validation Test Data - Expected JSON Value"
2023-01-22 22:05:11.400 &amp#27;[32m INFO&amp#27;[m &amp#27;[35m[@503 - main]&amp#27;[m &amp#27;[36mcom.shaft.tools.io.ReportManager&amp#27;[m : Successfully created attachment "Validation Test Data - Actual JSON Value"
2023-01-22 22:05:11.401 &amp#27;[32m INFO&amp#27;[m &amp#27;[35m[@503 - main]&amp#27;[m &amp#27;[36mcom.shaft.tools.io.ReportManager&amp#27;[m : Successfully created attachment "SHAFT Engine Logs - Current Method log: Add_Policy_With_Missing_Keys_TC"
]]></system-out>
  </testcase>
  <testcase name="Add_Policy_With_Missing_Keys_TC[[Ljava.lang.Object;@1b490ff](10)" classname="SteeringCompanyAPI_TestCases.Test_Policies_Cases" time="2.454">
    <system-out><![CDATA[2023-01-22 22:05:11.404 &amp#27;[32m INFO&amp#27;[m &amp#27;[35m[@534 - main]&amp#27;[m &amp#27;[36mcom.shaft.tools.io.ReportManager&amp#27;[m : 
################################################################################################################################################
Starting Execution:	"117 out of 83" test cases in the current suite
Test Method:		"SteeringCompanyAPI_TestCases.Test_Policies_Cases.Add_Policy_With_Missing_Keys_TC"
Test Description:	"TC050 -Policy- Perform Add Policy with Missing Keys"
################################################################################################################################################
2023-01-22 22:05:11.405 &amp#27;[32m INFO&amp#27;[m &amp#27;[35m[@503 - main]&amp#27;[m &amp#27;[36mcom.shaft.tools.io.ReportManager&amp#27;[m : File Action "DoesFileExist" successfully performed. With the following test data "File Path: "SteeringCompanyAPI_TestData/SteeringCompanyAPI_TestData.xlsx"".
2023-01-22 22:05:11.444 &amp#27;[32m INFO&amp#27;[m &amp#27;[35m[@503 - main]&amp#27;[m &amp#27;[36mcom.shaft.tools.io.ReportManager&amp#27;[m : Successfully created attachment "Test Data - Excel"
2023-01-22 22:05:12.818 &amp#27;[32m INFO&amp#27;[m &amp#27;[35m[@503 - main]&amp#27;[m &amp#27;[36mcom.shaft.tools.io.ReportManager&amp#27;[m : Response status code: "200", status line: "HTTP/1.1 200 OK"
2023-01-22 22:05:12.831 &amp#27;[32m INFO&amp#27;[m &amp#27;[35m[@503 - main]&amp#27;[m &amp#27;[36mcom.shaft.tools.io.ReportManager&amp#27;[m : Successfully created attachment "API Request - Specifications"
2023-01-22 22:05:12.831 &amp#27;[32m INFO&amp#27;[m &amp#27;[35m[@503 - main]&amp#27;[m &amp#27;[36mcom.shaft.tools.io.ReportManager&amp#27;[m : Successfully created attachment "API Request - Body"
2023-01-22 22:05:12.832 &amp#27;[32m INFO&amp#27;[m &amp#27;[35m[@503 - main]&amp#27;[m &amp#27;[36mcom.shaft.tools.io.ReportManager&amp#27;[m : Successfully created attachment "API Response - JSON Body"
2023-01-22 22:05:12.840 &amp#27;[32m INFO&amp#27;[m &amp#27;[35m[@503 - main]&amp#27;[m &amp#27;[36mcom.shaft.tools.io.ReportManager&amp#27;[m : File Action "DoesFileExist" successfully performed. With the following test data "File Path: "SteeringCompanyAPI_TestData/SteeringCompanyAPI_TestData.xlsx"".
2023-01-22 22:05:12.861 &amp#27;[32m INFO&amp#27;[m &amp#27;[35m[@503 - main]&amp#27;[m &amp#27;[36mcom.shaft.tools.io.ReportManager&amp#27;[m : Successfully created attachment "Test Data - Excel"
2023-01-22 22:05:12.862 &amp#27;[32m INFO&amp#27;[m &amp#27;[35m[@503 - main]&amp#27;[m &amp#27;[36mcom.shaft.tools.io.ReportManager&amp#27;[m : File Action "DoesFileExist" successfully performed. With the following test data "File Path: "SteeringCompanyAPI_TestData/SteeringCompanyAPI_TestData.xlsx"".
2023-01-22 22:05:12.886 &amp#27;[32m INFO&amp#27;[m &amp#27;[35m[@503 - main]&amp#27;[m &amp#27;[36mcom.shaft.tools.io.ReportManager&amp#27;[m : Successfully created attachment "Test Data - Excel"
2023-01-22 22:05:12.886 &amp#27;[32m INFO&amp#27;[m &amp#27;[35m[@503 - main]&amp#27;[m &amp#27;[36mcom.shaft.tools.io.ReportManager&amp#27;[m : File Action "DoesFileExist" successfully performed. With the following test data "File Path: "SteeringCompanyAPI_TestData/SteeringCompanyAPI_TestData.xlsx"".
2023-01-22 22:05:12.921 &amp#27;[32m INFO&amp#27;[m &amp#27;[35m[@503 - main]&amp#27;[m &amp#27;[36mcom.shaft.tools.io.ReportManager&amp#27;[m : Successfully created attachment "Test Data - Excel"
2023-01-22 22:05:13.839 &amp#27;[32m INFO&amp#27;[m &amp#27;[35m[@503 - main]&amp#27;[m &amp#27;[36mcom.shaft.tools.io.ReportManager&amp#27;[m : Response status code: "422", status line: "HTTP/1.1 422 "
2023-01-22 22:05:13.848 &amp#27;[32m INFO&amp#27;[m &amp#27;[35m[@503 - main]&amp#27;[m &amp#27;[36mcom.shaft.tools.io.ReportManager&amp#27;[m : Successfully created attachment "API Request - Specifications"
2023-01-22 22:05:13.848 &amp#27;[32m INFO&amp#27;[m &amp#27;[35m[@503 - main]&amp#27;[m &amp#27;[36mcom.shaft.tools.io.ReportManager&amp#27;[m : Successfully created attachment "API Request - JSON Body"
2023-01-22 22:05:13.849 &amp#27;[32m INFO&amp#27;[m &amp#27;[35m[@503 - main]&amp#27;[m &amp#27;[36mcom.shaft.tools.io.ReportManager&amp#27;[m : Successfully created attachment "API Response - JSON Body"
2023-01-22 22:05:13.849 &amp#27;[32m INFO&amp#27;[m &amp#27;[35m[@503 - main]&amp#27;[m &amp#27;[36mcom.shaft.tools.io.ReportManager&amp#27;[m : File Action "DoesFileExist" successfully performed. With the following test data "File Path: "Schemas/ValidationError_schema.json"".
2023-01-22 22:05:13.850 &amp#27;[32m INFO&amp#27;[m &amp#27;[35m[@503 - main]&amp#27;[m &amp#27;[36mcom.shaft.tools.io.ReportManager&amp#27;[m : File Action "DoesFileExist" successfully performed. With the following test data "File Path: "src/test/resources/testDataFiles/Schemas/ValidationError_schema.json"".
2023-01-22 22:05:13.850 &amp#27;[32m INFO&amp#27;[m &amp#27;[35m[@503 - main]&amp#27;[m &amp#27;[36mcom.shaft.tools.io.ReportManager&amp#27;[m : File Action "GetAbsolutePath" successfully performed. With the following test data "Relative Folder Path: "src/test/resources/testDataFiles/Schemas/ValidationError_schema.json"".
2023-01-22 22:05:13.852 &amp#27;[32m INFO&amp#27;[m &amp#27;[35m[@503 - main]&amp#27;[m &amp#27;[36mcom.shaft.tools.io.ReportManager&amp#27;[m : File Action "DoesFileExist" successfully performed. With the following test data "File Path: "C:\eclipse-workspace\MyProjects\TASystemsAPIs\src\test\resources\testDataFiles\Schemas\ValidationError_schema.json"".
2023-01-22 22:05:13.852 &amp#27;[32m INFO&amp#27;[m &amp#27;[35m[@503 - main]&amp#27;[m &amp#27;[36mcom.shaft.tools.io.ReportManager&amp#27;[m : File Action "GetAbsolutePath" successfully performed. With the following test data "Relative Folder Path: "C:\eclipse-workspace\MyProjects\TASystemsAPIs\src\test\resources\testDataFiles\Schemas\ValidationError_schema.json"".
2023-01-22 22:05:13.852 &amp#27;[32m INFO&amp#27;[m &amp#27;[35m[@503 - main]&amp#27;[m &amp#27;[36mcom.shaft.tools.io.ReportManager&amp#27;[m : File Action "ReadFile" successfully performed. With the following test data "File Path: "C:\eclipse-workspace\MyProjects\TASystemsAPIs\src\test\resources\testDataFiles\Schemas\ValidationError_schema.json"".
2023-01-22 22:05:13.854 &amp#27;[32m INFO&amp#27;[m &amp#27;[35m[@503 - main]&amp#27;[m &amp#27;[36mcom.shaft.tools.io.ReportManager&amp#27;[m : Successfully created attachment "Validation Test Data - Expected JSON Value"
2023-01-22 22:05:13.855 &amp#27;[32m INFO&amp#27;[m &amp#27;[35m[@503 - main]&amp#27;[m &amp#27;[36mcom.shaft.tools.io.ReportManager&amp#27;[m : Successfully created attachment "Validation Test Data - Actual JSON Value"
2023-01-22 22:05:13.856 &amp#27;[32m INFO&amp#27;[m &amp#27;[35m[@503 - main]&amp#27;[m &amp#27;[36mcom.shaft.tools.io.ReportManager&amp#27;[m : Successfully created attachment "SHAFT Engine Logs - Current Method log: Add_Policy_With_Missing_Keys_TC"
]]></system-out>
  </testcase>
  <testcase name="Add_Policy_With_Missing_Keys_TC[[Ljava.lang.Object;@5a727ed9](11)" classname="SteeringCompanyAPI_TestCases.Test_Policies_Cases" time="2.355">
    <system-out><![CDATA[2023-01-22 22:05:13.858 &amp#27;[32m INFO&amp#27;[m &amp#27;[35m[@534 - main]&amp#27;[m &amp#27;[36mcom.shaft.tools.io.ReportManager&amp#27;[m : 
################################################################################################################################################
Starting Execution:	"118 out of 83" test cases in the current suite
Test Method:		"SteeringCompanyAPI_TestCases.Test_Policies_Cases.Add_Policy_With_Missing_Keys_TC"
Test Description:	"TC050 -Policy- Perform Add Policy with Missing Keys"
################################################################################################################################################
2023-01-22 22:05:13.859 &amp#27;[32m INFO&amp#27;[m &amp#27;[35m[@503 - main]&amp#27;[m &amp#27;[36mcom.shaft.tools.io.ReportManager&amp#27;[m : File Action "DoesFileExist" successfully performed. With the following test data "File Path: "SteeringCompanyAPI_TestData/SteeringCompanyAPI_TestData.xlsx"".
2023-01-22 22:05:13.892 &amp#27;[32m INFO&amp#27;[m &amp#27;[35m[@503 - main]&amp#27;[m &amp#27;[36mcom.shaft.tools.io.ReportManager&amp#27;[m : Successfully created attachment "Test Data - Excel"
2023-01-22 22:05:15.167 &amp#27;[32m INFO&amp#27;[m &amp#27;[35m[@503 - main]&amp#27;[m &amp#27;[36mcom.shaft.tools.io.ReportManager&amp#27;[m : Response status code: "200", status line: "HTTP/1.1 200 OK"
2023-01-22 22:05:15.182 &amp#27;[32m INFO&amp#27;[m &amp#27;[35m[@503 - main]&amp#27;[m &amp#27;[36mcom.shaft.tools.io.ReportManager&amp#27;[m : Successfully created attachment "API Request - Specifications"
2023-01-22 22:05:15.183 &amp#27;[32m INFO&amp#27;[m &amp#27;[35m[@503 - main]&amp#27;[m &amp#27;[36mcom.shaft.tools.io.ReportManager&amp#27;[m : Successfully created attachment "API Request - Body"
2023-01-22 22:05:15.184 &amp#27;[32m INFO&amp#27;[m &amp#27;[35m[@503 - main]&amp#27;[m &amp#27;[36mcom.shaft.tools.io.ReportManager&amp#27;[m : Successfully created attachment "API Response - JSON Body"
2023-01-22 22:05:15.195 &amp#27;[32m INFO&amp#27;[m &amp#27;[35m[@503 - main]&amp#27;[m &amp#27;[36mcom.shaft.tools.io.ReportManager&amp#27;[m : File Action "DoesFileExist" successfully performed. With the following test data "File Path: "SteeringCompanyAPI_TestData/SteeringCompanyAPI_TestData.xlsx"".
2023-01-22 22:05:15.221 &amp#27;[32m INFO&amp#27;[m &amp#27;[35m[@503 - main]&amp#27;[m &amp#27;[36mcom.shaft.tools.io.ReportManager&amp#27;[m : Successfully created attachment "Test Data - Excel"
2023-01-22 22:05:15.221 &amp#27;[32m INFO&amp#27;[m &amp#27;[35m[@503 - main]&amp#27;[m &amp#27;[36mcom.shaft.tools.io.ReportManager&amp#27;[m : File Action "DoesFileExist" successfully performed. With the following test data "File Path: "SteeringCompanyAPI_TestData/SteeringCompanyAPI_TestData.xlsx"".
2023-01-22 22:05:15.245 &amp#27;[32m INFO&amp#27;[m &amp#27;[35m[@503 - main]&amp#27;[m &amp#27;[36mcom.shaft.tools.io.ReportManager&amp#27;[m : Successfully created attachment "Test Data - Excel"
2023-01-22 22:05:15.245 &amp#27;[32m INFO&amp#27;[m &amp#27;[35m[@503 - main]&amp#27;[m &amp#27;[36mcom.shaft.tools.io.ReportManager&amp#27;[m : File Action "DoesFileExist" successfully performed. With the following test data "File Path: "SteeringCompanyAPI_TestData/SteeringCompanyAPI_TestData.xlsx"".
2023-01-22 22:05:15.267 &amp#27;[32m INFO&amp#27;[m &amp#27;[35m[@503 - main]&amp#27;[m &amp#27;[36mcom.shaft.tools.io.ReportManager&amp#27;[m : Successfully created attachment "Test Data - Excel"
2023-01-22 22:05:16.190 &amp#27;[32m INFO&amp#27;[m &amp#27;[35m[@503 - main]&amp#27;[m &amp#27;[36mcom.shaft.tools.io.ReportManager&amp#27;[m : Response status code: "422", status line: "HTTP/1.1 422 "
2023-01-22 22:05:16.201 &amp#27;[32m INFO&amp#27;[m &amp#27;[35m[@503 - main]&amp#27;[m &amp#27;[36mcom.shaft.tools.io.ReportManager&amp#27;[m : Successfully created attachment "API Request - Specifications"
2023-01-22 22:05:16.202 &amp#27;[32m INFO&amp#27;[m &amp#27;[35m[@503 - main]&amp#27;[m &amp#27;[36mcom.shaft.tools.io.ReportManager&amp#27;[m : Successfully created attachment "API Request - JSON Body"
2023-01-22 22:05:16.203 &amp#27;[32m INFO&amp#27;[m &amp#27;[35m[@503 - main]&amp#27;[m &amp#27;[36mcom.shaft.tools.io.ReportManager&amp#27;[m : Successfully created attachment "API Response - JSON Body"
2023-01-22 22:05:16.204 &amp#27;[32m INFO&amp#27;[m &amp#27;[35m[@503 - main]&amp#27;[m &amp#27;[36mcom.shaft.tools.io.ReportManager&amp#27;[m : File Action "DoesFileExist" successfully performed. With the following test data "File Path: "Schemas/ValidationError_schema.json"".
2023-01-22 22:05:16.205 &amp#27;[32m INFO&amp#27;[m &amp#27;[35m[@503 - main]&amp#27;[m &amp#27;[36mcom.shaft.tools.io.ReportManager&amp#27;[m : File Action "DoesFileExist" successfully performed. With the following test data "File Path: "src/test/resources/testDataFiles/Schemas/ValidationError_schema.json"".
2023-01-22 22:05:16.205 &amp#27;[32m INFO&amp#27;[m &amp#27;[35m[@503 - main]&amp#27;[m &amp#27;[36mcom.shaft.tools.io.ReportManager&amp#27;[m : File Action "GetAbsolutePath" successfully performed. With the following test data "Relative Folder Path: "src/test/resources/testDataFiles/Schemas/ValidationError_schema.json"".
2023-01-22 22:05:16.207 &amp#27;[32m INFO&amp#27;[m &amp#27;[35m[@503 - main]&amp#27;[m &amp#27;[36mcom.shaft.tools.io.ReportManager&amp#27;[m : File Action "DoesFileExist" successfully performed. With the following test data "File Path: "C:\eclipse-workspace\MyProjects\TASystemsAPIs\src\test\resources\testDataFiles\Schemas\ValidationError_schema.json"".
2023-01-22 22:05:16.207 &amp#27;[32m INFO&amp#27;[m &amp#27;[35m[@503 - main]&amp#27;[m &amp#27;[36mcom.shaft.tools.io.ReportManager&amp#27;[m : File Action "GetAbsolutePath" successfully performed. With the following test data "Relative Folder Path: "C:\eclipse-workspace\MyProjects\TASystemsAPIs\src\test\resources\testDataFiles\Schemas\ValidationError_schema.json"".
2023-01-22 22:05:16.207 &amp#27;[32m INFO&amp#27;[m &amp#27;[35m[@503 - main]&amp#27;[m &amp#27;[36mcom.shaft.tools.io.ReportManager&amp#27;[m : File Action "ReadFile" successfully performed. With the following test data "File Path: "C:\eclipse-workspace\MyProjects\TASystemsAPIs\src\test\resources\testDataFiles\Schemas\ValidationError_schema.json"".
2023-01-22 22:05:16.208 &amp#27;[32m INFO&amp#27;[m &amp#27;[35m[@503 - main]&amp#27;[m &amp#27;[36mcom.shaft.tools.io.ReportManager&amp#27;[m : Successfully created attachment "Validation Test Data - Expected JSON Value"
2023-01-22 22:05:16.209 &amp#27;[32m INFO&amp#27;[m &amp#27;[35m[@503 - main]&amp#27;[m &amp#27;[36mcom.shaft.tools.io.ReportManager&amp#27;[m : Successfully created attachment "Validation Test Data - Actual JSON Value"
2023-01-22 22:05:16.209 &amp#27;[32m INFO&amp#27;[m &amp#27;[35m[@503 - main]&amp#27;[m &amp#27;[36mcom.shaft.tools.io.ReportManager&amp#27;[m : Successfully created attachment "SHAFT Engine Logs - Current Method log: Add_Policy_With_Missing_Keys_TC"
]]></system-out>
  </testcase>
  <testcase name="Add_Policy_With_Missing_Keys_TC[[Ljava.lang.Object;@3c075069](12)" classname="SteeringCompanyAPI_TestCases.Test_Policies_Cases" time="1.948">
    <system-out><![CDATA[2023-01-22 22:05:16.213 &amp#27;[32m INFO&amp#27;[m &amp#27;[35m[@534 - main]&amp#27;[m &amp#27;[36mcom.shaft.tools.io.ReportManager&amp#27;[m : 
################################################################################################################################################
Starting Execution:	"119 out of 83" test cases in the current suite
Test Method:		"SteeringCompanyAPI_TestCases.Test_Policies_Cases.Add_Policy_With_Missing_Keys_TC"
Test Description:	"TC050 -Policy- Perform Add Policy with Missing Keys"
################################################################################################################################################
2023-01-22 22:05:16.213 &amp#27;[32m INFO&amp#27;[m &amp#27;[35m[@503 - main]&amp#27;[m &amp#27;[36mcom.shaft.tools.io.ReportManager&amp#27;[m : File Action "DoesFileExist" successfully performed. With the following test data "File Path: "SteeringCompanyAPI_TestData/SteeringCompanyAPI_TestData.xlsx"".
2023-01-22 22:05:16.246 &amp#27;[32m INFO&amp#27;[m &amp#27;[35m[@503 - main]&amp#27;[m &amp#27;[36mcom.shaft.tools.io.ReportManager&amp#27;[m : Successfully created attachment "Test Data - Excel"
2023-01-22 22:05:17.198 &amp#27;[32m INFO&amp#27;[m &amp#27;[35m[@503 - main]&amp#27;[m &amp#27;[36mcom.shaft.tools.io.ReportManager&amp#27;[m : Response status code: "200", status line: "HTTP/1.1 200 OK"
2023-01-22 22:05:17.208 &amp#27;[32m INFO&amp#27;[m &amp#27;[35m[@503 - main]&amp#27;[m &amp#27;[36mcom.shaft.tools.io.ReportManager&amp#27;[m : Successfully created attachment "API Request - Specifications"
2023-01-22 22:05:17.209 &amp#27;[32m INFO&amp#27;[m &amp#27;[35m[@503 - main]&amp#27;[m &amp#27;[36mcom.shaft.tools.io.ReportManager&amp#27;[m : Successfully created attachment "API Request - Body"
2023-01-22 22:05:17.210 &amp#27;[32m INFO&amp#27;[m &amp#27;[35m[@503 - main]&amp#27;[m &amp#27;[36mcom.shaft.tools.io.ReportManager&amp#27;[m : Successfully created attachment "API Response - JSON Body"
2023-01-22 22:05:17.220 &amp#27;[32m INFO&amp#27;[m &amp#27;[35m[@503 - main]&amp#27;[m &amp#27;[36mcom.shaft.tools.io.ReportManager&amp#27;[m : File Action "DoesFileExist" successfully performed. With the following test data "File Path: "SteeringCompanyAPI_TestData/SteeringCompanyAPI_TestData.xlsx"".
2023-01-22 22:05:17.244 &amp#27;[32m INFO&amp#27;[m &amp#27;[35m[@503 - main]&amp#27;[m &amp#27;[36mcom.shaft.tools.io.ReportManager&amp#27;[m : Successfully created attachment "Test Data - Excel"
2023-01-22 22:05:17.245 &amp#27;[32m INFO&amp#27;[m &amp#27;[35m[@503 - main]&amp#27;[m &amp#27;[36mcom.shaft.tools.io.ReportManager&amp#27;[m : File Action "DoesFileExist" successfully performed. With the following test data "File Path: "SteeringCompanyAPI_TestData/SteeringCompanyAPI_TestData.xlsx"".
2023-01-22 22:05:17.266 &amp#27;[32m INFO&amp#27;[m &amp#27;[35m[@503 - main]&amp#27;[m &amp#27;[36mcom.shaft.tools.io.ReportManager&amp#27;[m : Successfully created attachment "Test Data - Excel"
2023-01-22 22:05:17.266 &amp#27;[32m INFO&amp#27;[m &amp#27;[35m[@503 - main]&amp#27;[m &amp#27;[36mcom.shaft.tools.io.ReportManager&amp#27;[m : File Action "DoesFileExist" successfully performed. With the following test data "File Path: "SteeringCompanyAPI_TestData/SteeringCompanyAPI_TestData.xlsx"".
2023-01-22 22:05:17.287 &amp#27;[32m INFO&amp#27;[m &amp#27;[35m[@503 - main]&amp#27;[m &amp#27;[36mcom.shaft.tools.io.ReportManager&amp#27;[m : Successfully created attachment "Test Data - Excel"
2023-01-22 22:05:18.138 &amp#27;[32m INFO&amp#27;[m &amp#27;[35m[@503 - main]&amp#27;[m &amp#27;[36mcom.shaft.tools.io.ReportManager&amp#27;[m : Response status code: "422", status line: "HTTP/1.1 422 "
2023-01-22 22:05:18.148 &amp#27;[32m INFO&amp#27;[m &amp#27;[35m[@503 - main]&amp#27;[m &amp#27;[36mcom.shaft.tools.io.ReportManager&amp#27;[m : Successfully created attachment "API Request - Specifications"
2023-01-22 22:05:18.149 &amp#27;[32m INFO&amp#27;[m &amp#27;[35m[@503 - main]&amp#27;[m &amp#27;[36mcom.shaft.tools.io.ReportManager&amp#27;[m : Successfully created attachment "API Request - JSON Body"
2023-01-22 22:05:18.149 &amp#27;[32m INFO&amp#27;[m &amp#27;[35m[@503 - main]&amp#27;[m &amp#27;[36mcom.shaft.tools.io.ReportManager&amp#27;[m : Successfully created attachment "API Response - JSON Body"
2023-01-22 22:05:18.150 &amp#27;[32m INFO&amp#27;[m &amp#27;[35m[@503 - main]&amp#27;[m &amp#27;[36mcom.shaft.tools.io.ReportManager&amp#27;[m : File Action "DoesFileExist" successfully performed. With the following test data "File Path: "Schemas/ValidationError_schema.json"".
2023-01-22 22:05:18.150 &amp#27;[32m INFO&amp#27;[m &amp#27;[35m[@503 - main]&amp#27;[m &amp#27;[36mcom.shaft.tools.io.ReportManager&amp#27;[m : File Action "DoesFileExist" successfully performed. With the following test data "File Path: "src/test/resources/testDataFiles/Schemas/ValidationError_schema.json"".
2023-01-22 22:05:18.150 &amp#27;[32m INFO&amp#27;[m &amp#27;[35m[@503 - main]&amp#27;[m &amp#27;[36mcom.shaft.tools.io.ReportManager&amp#27;[m : File Action "GetAbsolutePath" successfully performed. With the following test data "Relative Folder Path: "src/test/resources/testDataFiles/Schemas/ValidationError_schema.json"".
2023-01-22 22:05:18.153 &amp#27;[32m INFO&amp#27;[m &amp#27;[35m[@503 - main]&amp#27;[m &amp#27;[36mcom.shaft.tools.io.ReportManager&amp#27;[m : File Action "DoesFileExist" successfully performed. With the following test data "File Path: "C:\eclipse-workspace\MyProjects\TASystemsAPIs\src\test\resources\testDataFiles\Schemas\ValidationError_schema.json"".
2023-01-22 22:05:18.153 &amp#27;[32m INFO&amp#27;[m &amp#27;[35m[@503 - main]&amp#27;[m &amp#27;[36mcom.shaft.tools.io.ReportManager&amp#27;[m : File Action "GetAbsolutePath" successfully performed. With the following test data "Relative Folder Path: "C:\eclipse-workspace\MyProjects\TASystemsAPIs\src\test\resources\testDataFiles\Schemas\ValidationError_schema.json"".
2023-01-22 22:05:18.153 &amp#27;[32m INFO&amp#27;[m &amp#27;[35m[@503 - main]&amp#27;[m &amp#27;[36mcom.shaft.tools.io.ReportManager&amp#27;[m : File Action "ReadFile" successfully performed. With the following test data "File Path: "C:\eclipse-workspace\MyProjects\TASystemsAPIs\src\test\resources\testDataFiles\Schemas\ValidationError_schema.json"".
2023-01-22 22:05:18.155 &amp#27;[32m INFO&amp#27;[m &amp#27;[35m[@503 - main]&amp#27;[m &amp#27;[36mcom.shaft.tools.io.ReportManager&amp#27;[m : Successfully created attachment "Validation Test Data - Expected JSON Value"
2023-01-22 22:05:18.156 &amp#27;[32m INFO&amp#27;[m &amp#27;[35m[@503 - main]&amp#27;[m &amp#27;[36mcom.shaft.tools.io.ReportManager&amp#27;[m : Successfully created attachment "Validation Test Data - Actual JSON Value"
2023-01-22 22:05:18.157 &amp#27;[32m INFO&amp#27;[m &amp#27;[35m[@503 - main]&amp#27;[m &amp#27;[36mcom.shaft.tools.io.ReportManager&amp#27;[m : Successfully created attachment "SHAFT Engine Logs - Current Method log: Add_Policy_With_Missing_Keys_TC"
]]></system-out>
  </testcase>
  <testcase name="Add_Policy_With_Missing_Keys_TC[[Ljava.lang.Object;@3c1e721](13)" classname="SteeringCompanyAPI_TestCases.Test_Policies_Cases" time="3.886">
    <system-out><![CDATA[2023-01-22 22:05:18.160 &amp#27;[32m INFO&amp#27;[m &amp#27;[35m[@534 - main]&amp#27;[m &amp#27;[36mcom.shaft.tools.io.ReportManager&amp#27;[m : 
################################################################################################################################################
Starting Execution:	"120 out of 83" test cases in the current suite
Test Method:		"SteeringCompanyAPI_TestCases.Test_Policies_Cases.Add_Policy_With_Missing_Keys_TC"
Test Description:	"TC050 -Policy- Perform Add Policy with Missing Keys"
################################################################################################################################################
2023-01-22 22:05:18.161 &amp#27;[32m INFO&amp#27;[m &amp#27;[35m[@503 - main]&amp#27;[m &amp#27;[36mcom.shaft.tools.io.ReportManager&amp#27;[m : File Action "DoesFileExist" successfully performed. With the following test data "File Path: "SteeringCompanyAPI_TestData/SteeringCompanyAPI_TestData.xlsx"".
2023-01-22 22:05:18.190 &amp#27;[32m INFO&amp#27;[m &amp#27;[35m[@503 - main]&amp#27;[m &amp#27;[36mcom.shaft.tools.io.ReportManager&amp#27;[m : Successfully created attachment "Test Data - Excel"
2023-01-22 22:05:19.102 &amp#27;[32m INFO&amp#27;[m &amp#27;[35m[@503 - main]&amp#27;[m &amp#27;[36mcom.shaft.tools.io.ReportManager&amp#27;[m : Response status code: "200", status line: "HTTP/1.1 200 OK"
2023-01-22 22:05:19.113 &amp#27;[32m INFO&amp#27;[m &amp#27;[35m[@503 - main]&amp#27;[m &amp#27;[36mcom.shaft.tools.io.ReportManager&amp#27;[m : Successfully created attachment "API Request - Specifications"
2023-01-22 22:05:19.114 &amp#27;[32m INFO&amp#27;[m &amp#27;[35m[@503 - main]&amp#27;[m &amp#27;[36mcom.shaft.tools.io.ReportManager&amp#27;[m : Successfully created attachment "API Request - Body"
2023-01-22 22:05:19.115 &amp#27;[32m INFO&amp#27;[m &amp#27;[35m[@503 - main]&amp#27;[m &amp#27;[36mcom.shaft.tools.io.ReportManager&amp#27;[m : Successfully created attachment "API Response - JSON Body"
2023-01-22 22:05:19.124 &amp#27;[32m INFO&amp#27;[m &amp#27;[35m[@503 - main]&amp#27;[m &amp#27;[36mcom.shaft.tools.io.ReportManager&amp#27;[m : File Action "DoesFileExist" successfully performed. With the following test data "File Path: "SteeringCompanyAPI_TestData/SteeringCompanyAPI_TestData.xlsx"".
2023-01-22 22:05:19.147 &amp#27;[32m INFO&amp#27;[m &amp#27;[35m[@503 - main]&amp#27;[m &amp#27;[36mcom.shaft.tools.io.ReportManager&amp#27;[m : Successfully created attachment "Test Data - Excel"
2023-01-22 22:05:19.147 &amp#27;[32m INFO&amp#27;[m &amp#27;[35m[@503 - main]&amp#27;[m &amp#27;[36mcom.shaft.tools.io.ReportManager&amp#27;[m : File Action "DoesFileExist" successfully performed. With the following test data "File Path: "SteeringCompanyAPI_TestData/SteeringCompanyAPI_TestData.xlsx"".
2023-01-22 22:05:19.174 &amp#27;[32m INFO&amp#27;[m &amp#27;[35m[@503 - main]&amp#27;[m &amp#27;[36mcom.shaft.tools.io.ReportManager&amp#27;[m : Successfully created attachment "Test Data - Excel"
2023-01-22 22:05:19.175 &amp#27;[32m INFO&amp#27;[m &amp#27;[35m[@503 - main]&amp#27;[m &amp#27;[36mcom.shaft.tools.io.ReportManager&amp#27;[m : File Action "DoesFileExist" successfully performed. With the following test data "File Path: "SteeringCompanyAPI_TestData/SteeringCompanyAPI_TestData.xlsx"".
2023-01-22 22:05:19.215 &amp#27;[32m INFO&amp#27;[m &amp#27;[35m[@503 - main]&amp#27;[m &amp#27;[36mcom.shaft.tools.io.ReportManager&amp#27;[m : Successfully created attachment "Test Data - Excel"
2023-01-22 22:05:22.025 &amp#27;[32m INFO&amp#27;[m &amp#27;[35m[@503 - main]&amp#27;[m &amp#27;[36mcom.shaft.tools.io.ReportManager&amp#27;[m : Response status code: "422", status line: "HTTP/1.1 422 "
2023-01-22 22:05:22.035 &amp#27;[32m INFO&amp#27;[m &amp#27;[35m[@503 - main]&amp#27;[m &amp#27;[36mcom.shaft.tools.io.ReportManager&amp#27;[m : Successfully created attachment "API Request - Specifications"
2023-01-22 22:05:22.037 &amp#27;[32m INFO&amp#27;[m &amp#27;[35m[@503 - main]&amp#27;[m &amp#27;[36mcom.shaft.tools.io.ReportManager&amp#27;[m : Successfully created attachment "API Request - JSON Body"
2023-01-22 22:05:22.038 &amp#27;[32m INFO&amp#27;[m &amp#27;[35m[@503 - main]&amp#27;[m &amp#27;[36mcom.shaft.tools.io.ReportManager&amp#27;[m : Successfully created attachment "API Response - JSON Body"
2023-01-22 22:05:22.038 &amp#27;[32m INFO&amp#27;[m &amp#27;[35m[@503 - main]&amp#27;[m &amp#27;[36mcom.shaft.tools.io.ReportManager&amp#27;[m : File Action "DoesFileExist" successfully performed. With the following test data "File Path: "Schemas/ValidationError_schema.json"".
2023-01-22 22:05:22.039 &amp#27;[32m INFO&amp#27;[m &amp#27;[35m[@503 - main]&amp#27;[m &amp#27;[36mcom.shaft.tools.io.ReportManager&amp#27;[m : File Action "DoesFileExist" successfully performed. With the following test data "File Path: "src/test/resources/testDataFiles/Schemas/ValidationError_schema.json"".
2023-01-22 22:05:22.039 &amp#27;[32m INFO&amp#27;[m &amp#27;[35m[@503 - main]&amp#27;[m &amp#27;[36mcom.shaft.tools.io.ReportManager&amp#27;[m : File Action "GetAbsolutePath" successfully performed. With the following test data "Relative Folder Path: "src/test/resources/testDataFiles/Schemas/ValidationError_schema.json"".
2023-01-22 22:05:22.040 &amp#27;[32m INFO&amp#27;[m &amp#27;[35m[@503 - main]&amp#27;[m &amp#27;[36mcom.shaft.tools.io.ReportManager&amp#27;[m : File Action "DoesFileExist" successfully performed. With the following test data "File Path: "C:\eclipse-workspace\MyProjects\TASystemsAPIs\src\test\resources\testDataFiles\Schemas\ValidationError_schema.json"".
2023-01-22 22:05:22.041 &amp#27;[32m INFO&amp#27;[m &amp#27;[35m[@503 - main]&amp#27;[m &amp#27;[36mcom.shaft.tools.io.ReportManager&amp#27;[m : File Action "GetAbsolutePath" successfully performed. With the following test data "Relative Folder Path: "C:\eclipse-workspace\MyProjects\TASystemsAPIs\src\test\resources\testDataFiles\Schemas\ValidationError_schema.json"".
2023-01-22 22:05:22.041 &amp#27;[32m INFO&amp#27;[m &amp#27;[35m[@503 - main]&amp#27;[m &amp#27;[36mcom.shaft.tools.io.ReportManager&amp#27;[m : File Action "ReadFile" successfully performed. With the following test data "File Path: "C:\eclipse-workspace\MyProjects\TASystemsAPIs\src\test\resources\testDataFiles\Schemas\ValidationError_schema.json"".
2023-01-22 22:05:22.042 &amp#27;[32m INFO&amp#27;[m &amp#27;[35m[@503 - main]&amp#27;[m &amp#27;[36mcom.shaft.tools.io.ReportManager&amp#27;[m : Successfully created attachment "Validation Test Data - Expected JSON Value"
2023-01-22 22:05:22.043 &amp#27;[32m INFO&amp#27;[m &amp#27;[35m[@503 - main]&amp#27;[m &amp#27;[36mcom.shaft.tools.io.ReportManager&amp#27;[m : Successfully created attachment "Validation Test Data - Actual JSON Value"
2023-01-22 22:05:22.044 &amp#27;[32m INFO&amp#27;[m &amp#27;[35m[@503 - main]&amp#27;[m &amp#27;[36mcom.shaft.tools.io.ReportManager&amp#27;[m : Successfully created attachment "SHAFT Engine Logs - Current Method log: Add_Policy_With_Missing_Keys_TC"
]]></system-out>
  </testcase>
  <testcase name="Add_Policy_With_Missing_Keys_TC[[Ljava.lang.Object;@69823333](14)" classname="SteeringCompanyAPI_TestCases.Test_Policies_Cases" time="1.95">
    <system-out><![CDATA[2023-01-22 22:05:22.047 &amp#27;[32m INFO&amp#27;[m &amp#27;[35m[@534 - main]&amp#27;[m &amp#27;[36mcom.shaft.tools.io.ReportManager&amp#27;[m : 
################################################################################################################################################
Starting Execution:	"121 out of 83" test cases in the current suite
Test Method:		"SteeringCompanyAPI_TestCases.Test_Policies_Cases.Add_Policy_With_Missing_Keys_TC"
Test Description:	"TC050 -Policy- Perform Add Policy with Missing Keys"
################################################################################################################################################
2023-01-22 22:05:22.047 &amp#27;[32m INFO&amp#27;[m &amp#27;[35m[@503 - main]&amp#27;[m &amp#27;[36mcom.shaft.tools.io.ReportManager&amp#27;[m : File Action "DoesFileExist" successfully performed. With the following test data "File Path: "SteeringCompanyAPI_TestData/SteeringCompanyAPI_TestData.xlsx"".
2023-01-22 22:05:22.078 &amp#27;[32m INFO&amp#27;[m &amp#27;[35m[@503 - main]&amp#27;[m &amp#27;[36mcom.shaft.tools.io.ReportManager&amp#27;[m : Successfully created attachment "Test Data - Excel"
2023-01-22 22:05:22.991 &amp#27;[32m INFO&amp#27;[m &amp#27;[35m[@503 - main]&amp#27;[m &amp#27;[36mcom.shaft.tools.io.ReportManager&amp#27;[m : Response status code: "200", status line: "HTTP/1.1 200 OK"
2023-01-22 22:05:23.004 &amp#27;[32m INFO&amp#27;[m &amp#27;[35m[@503 - main]&amp#27;[m &amp#27;[36mcom.shaft.tools.io.ReportManager&amp#27;[m : Successfully created attachment "API Request - Specifications"
2023-01-22 22:05:23.005 &amp#27;[32m INFO&amp#27;[m &amp#27;[35m[@503 - main]&amp#27;[m &amp#27;[36mcom.shaft.tools.io.ReportManager&amp#27;[m : Successfully created attachment "API Request - Body"
2023-01-22 22:05:23.006 &amp#27;[32m INFO&amp#27;[m &amp#27;[35m[@503 - main]&amp#27;[m &amp#27;[36mcom.shaft.tools.io.ReportManager&amp#27;[m : Successfully created attachment "API Response - JSON Body"
2023-01-22 22:05:23.013 &amp#27;[32m INFO&amp#27;[m &amp#27;[35m[@503 - main]&amp#27;[m &amp#27;[36mcom.shaft.tools.io.ReportManager&amp#27;[m : File Action "DoesFileExist" successfully performed. With the following test data "File Path: "SteeringCompanyAPI_TestData/SteeringCompanyAPI_TestData.xlsx"".
2023-01-22 22:05:23.036 &amp#27;[32m INFO&amp#27;[m &amp#27;[35m[@503 - main]&amp#27;[m &amp#27;[36mcom.shaft.tools.io.ReportManager&amp#27;[m : Successfully created attachment "Test Data - Excel"
2023-01-22 22:05:23.036 &amp#27;[32m INFO&amp#27;[m &amp#27;[35m[@503 - main]&amp#27;[m &amp#27;[36mcom.shaft.tools.io.ReportManager&amp#27;[m : File Action "DoesFileExist" successfully performed. With the following test data "File Path: "SteeringCompanyAPI_TestData/SteeringCompanyAPI_TestData.xlsx"".
2023-01-22 22:05:23.058 &amp#27;[32m INFO&amp#27;[m &amp#27;[35m[@503 - main]&amp#27;[m &amp#27;[36mcom.shaft.tools.io.ReportManager&amp#27;[m : Successfully created attachment "Test Data - Excel"
2023-01-22 22:05:23.058 &amp#27;[32m INFO&amp#27;[m &amp#27;[35m[@503 - main]&amp#27;[m &amp#27;[36mcom.shaft.tools.io.ReportManager&amp#27;[m : File Action "DoesFileExist" successfully performed. With the following test data "File Path: "SteeringCompanyAPI_TestData/SteeringCompanyAPI_TestData.xlsx"".
2023-01-22 22:05:23.085 &amp#27;[32m INFO&amp#27;[m &amp#27;[35m[@503 - main]&amp#27;[m &amp#27;[36mcom.shaft.tools.io.ReportManager&amp#27;[m : Successfully created attachment "Test Data - Excel"
2023-01-22 22:05:23.973 &amp#27;[32m INFO&amp#27;[m &amp#27;[35m[@503 - main]&amp#27;[m &amp#27;[36mcom.shaft.tools.io.ReportManager&amp#27;[m : Response status code: "422", status line: "HTTP/1.1 422 "
2023-01-22 22:05:23.984 &amp#27;[32m INFO&amp#27;[m &amp#27;[35m[@503 - main]&amp#27;[m &amp#27;[36mcom.shaft.tools.io.ReportManager&amp#27;[m : Successfully created attachment "API Request - Specifications"
2023-01-22 22:05:23.986 &amp#27;[32m INFO&amp#27;[m &amp#27;[35m[@503 - main]&amp#27;[m &amp#27;[36mcom.shaft.tools.io.ReportManager&amp#27;[m : Successfully created attachment "API Request - JSON Body"
2023-01-22 22:05:23.987 &amp#27;[32m INFO&amp#27;[m &amp#27;[35m[@503 - main]&amp#27;[m &amp#27;[36mcom.shaft.tools.io.ReportManager&amp#27;[m : Successfully created attachment "API Response - JSON Body"
2023-01-22 22:05:23.987 &amp#27;[32m INFO&amp#27;[m &amp#27;[35m[@503 - main]&amp#27;[m &amp#27;[36mcom.shaft.tools.io.ReportManager&amp#27;[m : File Action "DoesFileExist" successfully performed. With the following test data "File Path: "Schemas/ValidationError_schema.json"".
2023-01-22 22:05:23.987 &amp#27;[32m INFO&amp#27;[m &amp#27;[35m[@503 - main]&amp#27;[m &amp#27;[36mcom.shaft.tools.io.ReportManager&amp#27;[m : File Action "DoesFileExist" successfully performed. With the following test data "File Path: "src/test/resources/testDataFiles/Schemas/ValidationError_schema.json"".
2023-01-22 22:05:23.987 &amp#27;[32m INFO&amp#27;[m &amp#27;[35m[@503 - main]&amp#27;[m &amp#27;[36mcom.shaft.tools.io.ReportManager&amp#27;[m : File Action "GetAbsolutePath" successfully performed. With the following test data "Relative Folder Path: "src/test/resources/testDataFiles/Schemas/ValidationError_schema.json"".
2023-01-22 22:05:23.989 &amp#27;[32m INFO&amp#27;[m &amp#27;[35m[@503 - main]&amp#27;[m &amp#27;[36mcom.shaft.tools.io.ReportManager&amp#27;[m : File Action "DoesFileExist" successfully performed. With the following test data "File Path: "C:\eclipse-workspace\MyProjects\TASystemsAPIs\src\test\resources\testDataFiles\Schemas\ValidationError_schema.json"".
2023-01-22 22:05:23.989 &amp#27;[32m INFO&amp#27;[m &amp#27;[35m[@503 - main]&amp#27;[m &amp#27;[36mcom.shaft.tools.io.ReportManager&amp#27;[m : File Action "GetAbsolutePath" successfully performed. With the following test data "Relative Folder Path: "C:\eclipse-workspace\MyProjects\TASystemsAPIs\src\test\resources\testDataFiles\Schemas\ValidationError_schema.json"".
2023-01-22 22:05:23.990 &amp#27;[32m INFO&amp#27;[m &amp#27;[35m[@503 - main]&amp#27;[m &amp#27;[36mcom.shaft.tools.io.ReportManager&amp#27;[m : File Action "ReadFile" successfully performed. With the following test data "File Path: "C:\eclipse-workspace\MyProjects\TASystemsAPIs\src\test\resources\testDataFiles\Schemas\ValidationError_schema.json"".
2023-01-22 22:05:23.992 &amp#27;[32m INFO&amp#27;[m &amp#27;[35m[@503 - main]&amp#27;[m &amp#27;[36mcom.shaft.tools.io.ReportManager&amp#27;[m : Successfully created attachment "Validation Test Data - Expected JSON Value"
2023-01-22 22:05:23.993 &amp#27;[32m INFO&amp#27;[m &amp#27;[35m[@503 - main]&amp#27;[m &amp#27;[36mcom.shaft.tools.io.ReportManager&amp#27;[m : Successfully created attachment "Validation Test Data - Actual JSON Value"
2023-01-22 22:05:23.994 &amp#27;[32m INFO&amp#27;[m &amp#27;[35m[@503 - main]&amp#27;[m &amp#27;[36mcom.shaft.tools.io.ReportManager&amp#27;[m : Successfully created attachment "SHAFT Engine Logs - Current Method log: Add_Policy_With_Missing_Keys_TC"
]]></system-out>
  </testcase>
  <testcase name="Add_Policy_With_Missing_Keys_TC[[Ljava.lang.Object;@194904a4](15)" classname="SteeringCompanyAPI_TestCases.Test_Policies_Cases" time="2.278">
    <system-out><![CDATA[2023-01-22 22:05:23.998 &amp#27;[32m INFO&amp#27;[m &amp#27;[35m[@534 - main]&amp#27;[m &amp#27;[36mcom.shaft.tools.io.ReportManager&amp#27;[m : 
################################################################################################################################################
Starting Execution:	"122 out of 83" test cases in the current suite
Test Method:		"SteeringCompanyAPI_TestCases.Test_Policies_Cases.Add_Policy_With_Missing_Keys_TC"
Test Description:	"TC050 -Policy- Perform Add Policy with Missing Keys"
################################################################################################################################################
2023-01-22 22:05:23.998 &amp#27;[32m INFO&amp#27;[m &amp#27;[35m[@503 - main]&amp#27;[m &amp#27;[36mcom.shaft.tools.io.ReportManager&amp#27;[m : File Action "DoesFileExist" successfully performed. With the following test data "File Path: "SteeringCompanyAPI_TestData/SteeringCompanyAPI_TestData.xlsx"".
2023-01-22 22:05:24.026 &amp#27;[32m INFO&amp#27;[m &amp#27;[35m[@503 - main]&amp#27;[m &amp#27;[36mcom.shaft.tools.io.ReportManager&amp#27;[m : Successfully created attachment "Test Data - Excel"
2023-01-22 22:05:25.245 &amp#27;[32m INFO&amp#27;[m &amp#27;[35m[@503 - main]&amp#27;[m &amp#27;[36mcom.shaft.tools.io.ReportManager&amp#27;[m : Response status code: "200", status line: "HTTP/1.1 200 OK"
2023-01-22 22:05:25.260 &amp#27;[32m INFO&amp#27;[m &amp#27;[35m[@503 - main]&amp#27;[m &amp#27;[36mcom.shaft.tools.io.ReportManager&amp#27;[m : Successfully created attachment "API Request - Specifications"
2023-01-22 22:05:25.262 &amp#27;[32m INFO&amp#27;[m &amp#27;[35m[@503 - main]&amp#27;[m &amp#27;[36mcom.shaft.tools.io.ReportManager&amp#27;[m : Successfully created attachment "API Request - Body"
2023-01-22 22:05:25.263 &amp#27;[32m INFO&amp#27;[m &amp#27;[35m[@503 - main]&amp#27;[m &amp#27;[36mcom.shaft.tools.io.ReportManager&amp#27;[m : Successfully created attachment "API Response - JSON Body"
2023-01-22 22:05:25.271 &amp#27;[32m INFO&amp#27;[m &amp#27;[35m[@503 - main]&amp#27;[m &amp#27;[36mcom.shaft.tools.io.ReportManager&amp#27;[m : File Action "DoesFileExist" successfully performed. With the following test data "File Path: "SteeringCompanyAPI_TestData/SteeringCompanyAPI_TestData.xlsx"".
2023-01-22 22:05:25.305 &amp#27;[32m INFO&amp#27;[m &amp#27;[35m[@503 - main]&amp#27;[m &amp#27;[36mcom.shaft.tools.io.ReportManager&amp#27;[m : Successfully created attachment "Test Data - Excel"
2023-01-22 22:05:25.306 &amp#27;[32m INFO&amp#27;[m &amp#27;[35m[@503 - main]&amp#27;[m &amp#27;[36mcom.shaft.tools.io.ReportManager&amp#27;[m : File Action "DoesFileExist" successfully performed. With the following test data "File Path: "SteeringCompanyAPI_TestData/SteeringCompanyAPI_TestData.xlsx"".
2023-01-22 22:05:25.334 &amp#27;[32m INFO&amp#27;[m &amp#27;[35m[@503 - main]&amp#27;[m &amp#27;[36mcom.shaft.tools.io.ReportManager&amp#27;[m : Successfully created attachment "Test Data - Excel"
2023-01-22 22:05:25.334 &amp#27;[32m INFO&amp#27;[m &amp#27;[35m[@503 - main]&amp#27;[m &amp#27;[36mcom.shaft.tools.io.ReportManager&amp#27;[m : File Action "DoesFileExist" successfully performed. With the following test data "File Path: "SteeringCompanyAPI_TestData/SteeringCompanyAPI_TestData.xlsx"".
2023-01-22 22:05:25.357 &amp#27;[32m INFO&amp#27;[m &amp#27;[35m[@503 - main]&amp#27;[m &amp#27;[36mcom.shaft.tools.io.ReportManager&amp#27;[m : Successfully created attachment "Test Data - Excel"
2023-01-22 22:05:26.251 &amp#27;[32m INFO&amp#27;[m &amp#27;[35m[@503 - main]&amp#27;[m &amp#27;[36mcom.shaft.tools.io.ReportManager&amp#27;[m : Response status code: "422", status line: "HTTP/1.1 422 "
2023-01-22 22:05:26.264 &amp#27;[32m INFO&amp#27;[m &amp#27;[35m[@503 - main]&amp#27;[m &amp#27;[36mcom.shaft.tools.io.ReportManager&amp#27;[m : Successfully created attachment "API Request - Specifications"
2023-01-22 22:05:26.265 &amp#27;[32m INFO&amp#27;[m &amp#27;[35m[@503 - main]&amp#27;[m &amp#27;[36mcom.shaft.tools.io.ReportManager&amp#27;[m : Successfully created attachment "API Request - JSON Body"
2023-01-22 22:05:26.265 &amp#27;[32m INFO&amp#27;[m &amp#27;[35m[@503 - main]&amp#27;[m &amp#27;[36mcom.shaft.tools.io.ReportManager&amp#27;[m : Successfully created attachment "API Response - JSON Body"
2023-01-22 22:05:26.266 &amp#27;[32m INFO&amp#27;[m &amp#27;[35m[@503 - main]&amp#27;[m &amp#27;[36mcom.shaft.tools.io.ReportManager&amp#27;[m : File Action "DoesFileExist" successfully performed. With the following test data "File Path: "Schemas/ValidationError_schema.json"".
2023-01-22 22:05:26.266 &amp#27;[32m INFO&amp#27;[m &amp#27;[35m[@503 - main]&amp#27;[m &amp#27;[36mcom.shaft.tools.io.ReportManager&amp#27;[m : File Action "DoesFileExist" successfully performed. With the following test data "File Path: "src/test/resources/testDataFiles/Schemas/ValidationError_schema.json"".
2023-01-22 22:05:26.267 &amp#27;[32m INFO&amp#27;[m &amp#27;[35m[@503 - main]&amp#27;[m &amp#27;[36mcom.shaft.tools.io.ReportManager&amp#27;[m : File Action "GetAbsolutePath" successfully performed. With the following test data "Relative Folder Path: "src/test/resources/testDataFiles/Schemas/ValidationError_schema.json"".
2023-01-22 22:05:26.268 &amp#27;[32m INFO&amp#27;[m &amp#27;[35m[@503 - main]&amp#27;[m &amp#27;[36mcom.shaft.tools.io.ReportManager&amp#27;[m : File Action "DoesFileExist" successfully performed. With the following test data "File Path: "C:\eclipse-workspace\MyProjects\TASystemsAPIs\src\test\resources\testDataFiles\Schemas\ValidationError_schema.json"".
2023-01-22 22:05:26.268 &amp#27;[32m INFO&amp#27;[m &amp#27;[35m[@503 - main]&amp#27;[m &amp#27;[36mcom.shaft.tools.io.ReportManager&amp#27;[m : File Action "GetAbsolutePath" successfully performed. With the following test data "Relative Folder Path: "C:\eclipse-workspace\MyProjects\TASystemsAPIs\src\test\resources\testDataFiles\Schemas\ValidationError_schema.json"".
2023-01-22 22:05:26.269 &amp#27;[32m INFO&amp#27;[m &amp#27;[35m[@503 - main]&amp#27;[m &amp#27;[36mcom.shaft.tools.io.ReportManager&amp#27;[m : File Action "ReadFile" successfully performed. With the following test data "File Path: "C:\eclipse-workspace\MyProjects\TASystemsAPIs\src\test\resources\testDataFiles\Schemas\ValidationError_schema.json"".
2023-01-22 22:05:26.270 &amp#27;[32m INFO&amp#27;[m &amp#27;[35m[@503 - main]&amp#27;[m &amp#27;[36mcom.shaft.tools.io.ReportManager&amp#27;[m : Successfully created attachment "Validation Test Data - Expected JSON Value"
2023-01-22 22:05:26.271 &amp#27;[32m INFO&amp#27;[m &amp#27;[35m[@503 - main]&amp#27;[m &amp#27;[36mcom.shaft.tools.io.ReportManager&amp#27;[m : Successfully created attachment "Validation Test Data - Actual JSON Value"
2023-01-22 22:05:26.271 &amp#27;[32m INFO&amp#27;[m &amp#27;[35m[@503 - main]&amp#27;[m &amp#27;[36mcom.shaft.tools.io.ReportManager&amp#27;[m : Successfully created attachment "SHAFT Engine Logs - Current Method log: Add_Policy_With_Missing_Keys_TC"
]]></system-out>
  </testcase>
  <testcase name="Add_Policy_With_Missing_Keys_TC[[Ljava.lang.Object;@6e4a177f](16)" classname="SteeringCompanyAPI_TestCases.Test_Policies_Cases" time="5.171">
    <system-out><![CDATA[2023-01-22 22:05:26.275 &amp#27;[32m INFO&amp#27;[m &amp#27;[35m[@534 - main]&amp#27;[m &amp#27;[36mcom.shaft.tools.io.ReportManager&amp#27;[m : 
################################################################################################################################################
Starting Execution:	"123 out of 83" test cases in the current suite
Test Method:		"SteeringCompanyAPI_TestCases.Test_Policies_Cases.Add_Policy_With_Missing_Keys_TC"
Test Description:	"TC050 -Policy- Perform Add Policy with Missing Keys"
################################################################################################################################################
2023-01-22 22:05:26.276 &amp#27;[32m INFO&amp#27;[m &amp#27;[35m[@503 - main]&amp#27;[m &amp#27;[36mcom.shaft.tools.io.ReportManager&amp#27;[m : File Action "DoesFileExist" successfully performed. With the following test data "File Path: "SteeringCompanyAPI_TestData/SteeringCompanyAPI_TestData.xlsx"".
2023-01-22 22:05:26.304 &amp#27;[32m INFO&amp#27;[m &amp#27;[35m[@503 - main]&amp#27;[m &amp#27;[36mcom.shaft.tools.io.ReportManager&amp#27;[m : Successfully created attachment "Test Data - Excel"
2023-01-22 22:05:29.801 &amp#27;[32m INFO&amp#27;[m &amp#27;[35m[@503 - main]&amp#27;[m &amp#27;[36mcom.shaft.tools.io.ReportManager&amp#27;[m : Response status code: "200", status line: "HTTP/1.1 200 OK"
2023-01-22 22:05:29.821 &amp#27;[32m INFO&amp#27;[m &amp#27;[35m[@503 - main]&amp#27;[m &amp#27;[36mcom.shaft.tools.io.ReportManager&amp#27;[m : Successfully created attachment "API Request - Specifications"
2023-01-22 22:05:29.822 &amp#27;[32m INFO&amp#27;[m &amp#27;[35m[@503 - main]&amp#27;[m &amp#27;[36mcom.shaft.tools.io.ReportManager&amp#27;[m : Successfully created attachment "API Request - Body"
2023-01-22 22:05:29.824 &amp#27;[32m INFO&amp#27;[m &amp#27;[35m[@503 - main]&amp#27;[m &amp#27;[36mcom.shaft.tools.io.ReportManager&amp#27;[m : Successfully created attachment "API Response - JSON Body"
2023-01-22 22:05:29.839 &amp#27;[32m INFO&amp#27;[m &amp#27;[35m[@503 - main]&amp#27;[m &amp#27;[36mcom.shaft.tools.io.ReportManager&amp#27;[m : File Action "DoesFileExist" successfully performed. With the following test data "File Path: "SteeringCompanyAPI_TestData/SteeringCompanyAPI_TestData.xlsx"".
2023-01-22 22:05:29.865 &amp#27;[32m INFO&amp#27;[m &amp#27;[35m[@503 - main]&amp#27;[m &amp#27;[36mcom.shaft.tools.io.ReportManager&amp#27;[m : Successfully created attachment "Test Data - Excel"
2023-01-22 22:05:29.865 &amp#27;[32m INFO&amp#27;[m &amp#27;[35m[@503 - main]&amp#27;[m &amp#27;[36mcom.shaft.tools.io.ReportManager&amp#27;[m : File Action "DoesFileExist" successfully performed. With the following test data "File Path: "SteeringCompanyAPI_TestData/SteeringCompanyAPI_TestData.xlsx"".
2023-01-22 22:05:29.897 &amp#27;[32m INFO&amp#27;[m &amp#27;[35m[@503 - main]&amp#27;[m &amp#27;[36mcom.shaft.tools.io.ReportManager&amp#27;[m : Successfully created attachment "Test Data - Excel"
2023-01-22 22:05:29.898 &amp#27;[32m INFO&amp#27;[m &amp#27;[35m[@503 - main]&amp#27;[m &amp#27;[36mcom.shaft.tools.io.ReportManager&amp#27;[m : File Action "DoesFileExist" successfully performed. With the following test data "File Path: "SteeringCompanyAPI_TestData/SteeringCompanyAPI_TestData.xlsx"".
2023-01-22 22:05:29.930 &amp#27;[32m INFO&amp#27;[m &amp#27;[35m[@503 - main]&amp#27;[m &amp#27;[36mcom.shaft.tools.io.ReportManager&amp#27;[m : Successfully created attachment "Test Data - Excel"
2023-01-22 22:05:31.404 &amp#27;[32m INFO&amp#27;[m &amp#27;[35m[@503 - main]&amp#27;[m &amp#27;[36mcom.shaft.tools.io.ReportManager&amp#27;[m : Response status code: "422", status line: "HTTP/1.1 422 "
2023-01-22 22:05:31.426 &amp#27;[32m INFO&amp#27;[m &amp#27;[35m[@503 - main]&amp#27;[m &amp#27;[36mcom.shaft.tools.io.ReportManager&amp#27;[m : Successfully created attachment "API Request - Specifications"
2023-01-22 22:05:31.428 &amp#27;[32m INFO&amp#27;[m &amp#27;[35m[@503 - main]&amp#27;[m &amp#27;[36mcom.shaft.tools.io.ReportManager&amp#27;[m : Successfully created attachment "API Request - JSON Body"
2023-01-22 22:05:31.430 &amp#27;[32m INFO&amp#27;[m &amp#27;[35m[@503 - main]&amp#27;[m &amp#27;[36mcom.shaft.tools.io.ReportManager&amp#27;[m : Successfully created attachment "API Response - JSON Body"
2023-01-22 22:05:31.431 &amp#27;[32m INFO&amp#27;[m &amp#27;[35m[@503 - main]&amp#27;[m &amp#27;[36mcom.shaft.tools.io.ReportManager&amp#27;[m : File Action "DoesFileExist" successfully performed. With the following test data "File Path: "Schemas/ValidationError_schema.json"".
2023-01-22 22:05:31.432 &amp#27;[32m INFO&amp#27;[m &amp#27;[35m[@503 - main]&amp#27;[m &amp#27;[36mcom.shaft.tools.io.ReportManager&amp#27;[m : File Action "DoesFileExist" successfully performed. With the following test data "File Path: "src/test/resources/testDataFiles/Schemas/ValidationError_schema.json"".
2023-01-22 22:05:31.432 &amp#27;[32m INFO&amp#27;[m &amp#27;[35m[@503 - main]&amp#27;[m &amp#27;[36mcom.shaft.tools.io.ReportManager&amp#27;[m : File Action "GetAbsolutePath" successfully performed. With the following test data "Relative Folder Path: "src/test/resources/testDataFiles/Schemas/ValidationError_schema.json"".
2023-01-22 22:05:31.436 &amp#27;[32m INFO&amp#27;[m &amp#27;[35m[@503 - main]&amp#27;[m &amp#27;[36mcom.shaft.tools.io.ReportManager&amp#27;[m : File Action "DoesFileExist" successfully performed. With the following test data "File Path: "C:\eclipse-workspace\MyProjects\TASystemsAPIs\src\test\resources\testDataFiles\Schemas\ValidationError_schema.json"".
2023-01-22 22:05:31.436 &amp#27;[32m INFO&amp#27;[m &amp#27;[35m[@503 - main]&amp#27;[m &amp#27;[36mcom.shaft.tools.io.ReportManager&amp#27;[m : File Action "GetAbsolutePath" successfully performed. With the following test data "Relative Folder Path: "C:\eclipse-workspace\MyProjects\TASystemsAPIs\src\test\resources\testDataFiles\Schemas\ValidationError_schema.json"".
2023-01-22 22:05:31.436 &amp#27;[32m INFO&amp#27;[m &amp#27;[35m[@503 - main]&amp#27;[m &amp#27;[36mcom.shaft.tools.io.ReportManager&amp#27;[m : File Action "ReadFile" successfully performed. With the following test data "File Path: "C:\eclipse-workspace\MyProjects\TASystemsAPIs\src\test\resources\testDataFiles\Schemas\ValidationError_schema.json"".
2023-01-22 22:05:31.439 &amp#27;[32m INFO&amp#27;[m &amp#27;[35m[@503 - main]&amp#27;[m &amp#27;[36mcom.shaft.tools.io.ReportManager&amp#27;[m : Successfully created attachment "Validation Test Data - Expected JSON Value"
2023-01-22 22:05:31.441 &amp#27;[32m INFO&amp#27;[m &amp#27;[35m[@503 - main]&amp#27;[m &amp#27;[36mcom.shaft.tools.io.ReportManager&amp#27;[m : Successfully created attachment "Validation Test Data - Actual JSON Value"
2023-01-22 22:05:31.443 &amp#27;[32m INFO&amp#27;[m &amp#27;[35m[@503 - main]&amp#27;[m &amp#27;[36mcom.shaft.tools.io.ReportManager&amp#27;[m : Successfully created attachment "SHAFT Engine Logs - Current Method log: Add_Policy_With_Missing_Keys_TC"
]]></system-out>
  </testcase>
  <testcase name="Add_Policy_With_Missing_Keys_TC[[Ljava.lang.Object;@55d4729f](17)" classname="SteeringCompanyAPI_TestCases.Test_Policies_Cases" time="2.853">
    <system-out><![CDATA[2023-01-22 22:05:31.447 &amp#27;[32m INFO&amp#27;[m &amp#27;[35m[@534 - main]&amp#27;[m &amp#27;[36mcom.shaft.tools.io.ReportManager&amp#27;[m : 
################################################################################################################################################
Starting Execution:	"124 out of 83" test cases in the current suite
Test Method:		"SteeringCompanyAPI_TestCases.Test_Policies_Cases.Add_Policy_With_Missing_Keys_TC"
Test Description:	"TC050 -Policy- Perform Add Policy with Missing Keys"
################################################################################################################################################
2023-01-22 22:05:31.450 &amp#27;[32m INFO&amp#27;[m &amp#27;[35m[@503 - main]&amp#27;[m &amp#27;[36mcom.shaft.tools.io.ReportManager&amp#27;[m : File Action "DoesFileExist" successfully performed. With the following test data "File Path: "SteeringCompanyAPI_TestData/SteeringCompanyAPI_TestData.xlsx"".
2023-01-22 22:05:31.509 &amp#27;[32m INFO&amp#27;[m &amp#27;[35m[@503 - main]&amp#27;[m &amp#27;[36mcom.shaft.tools.io.ReportManager&amp#27;[m : Successfully created attachment "Test Data - Excel"
2023-01-22 22:05:33.100 &amp#27;[32m INFO&amp#27;[m &amp#27;[35m[@503 - main]&amp#27;[m &amp#27;[36mcom.shaft.tools.io.ReportManager&amp#27;[m : Response status code: "200", status line: "HTTP/1.1 200 OK"
2023-01-22 22:05:33.125 &amp#27;[32m INFO&amp#27;[m &amp#27;[35m[@503 - main]&amp#27;[m &amp#27;[36mcom.shaft.tools.io.ReportManager&amp#27;[m : Successfully created attachment "API Request - Specifications"
2023-01-22 22:05:33.127 &amp#27;[32m INFO&amp#27;[m &amp#27;[35m[@503 - main]&amp#27;[m &amp#27;[36mcom.shaft.tools.io.ReportManager&amp#27;[m : Successfully created attachment "API Request - Body"
2023-01-22 22:05:33.128 &amp#27;[32m INFO&amp#27;[m &amp#27;[35m[@503 - main]&amp#27;[m &amp#27;[36mcom.shaft.tools.io.ReportManager&amp#27;[m : Successfully created attachment "API Response - JSON Body"
2023-01-22 22:05:33.146 &amp#27;[32m INFO&amp#27;[m &amp#27;[35m[@503 - main]&amp#27;[m &amp#27;[36mcom.shaft.tools.io.ReportManager&amp#27;[m : File Action "DoesFileExist" successfully performed. With the following test data "File Path: "SteeringCompanyAPI_TestData/SteeringCompanyAPI_TestData.xlsx"".
2023-01-22 22:05:33.184 &amp#27;[32m INFO&amp#27;[m &amp#27;[35m[@503 - main]&amp#27;[m &amp#27;[36mcom.shaft.tools.io.ReportManager&amp#27;[m : Successfully created attachment "Test Data - Excel"
2023-01-22 22:05:33.184 &amp#27;[32m INFO&amp#27;[m &amp#27;[35m[@503 - main]&amp#27;[m &amp#27;[36mcom.shaft.tools.io.ReportManager&amp#27;[m : File Action "DoesFileExist" successfully performed. With the following test data "File Path: "SteeringCompanyAPI_TestData/SteeringCompanyAPI_TestData.xlsx"".
2023-01-22 22:05:33.211 &amp#27;[32m INFO&amp#27;[m &amp#27;[35m[@503 - main]&amp#27;[m &amp#27;[36mcom.shaft.tools.io.ReportManager&amp#27;[m : Successfully created attachment "Test Data - Excel"
2023-01-22 22:05:33.211 &amp#27;[32m INFO&amp#27;[m &amp#27;[35m[@503 - main]&amp#27;[m &amp#27;[36mcom.shaft.tools.io.ReportManager&amp#27;[m : File Action "DoesFileExist" successfully performed. With the following test data "File Path: "SteeringCompanyAPI_TestData/SteeringCompanyAPI_TestData.xlsx"".
2023-01-22 22:05:33.237 &amp#27;[32m INFO&amp#27;[m &amp#27;[35m[@503 - main]&amp#27;[m &amp#27;[36mcom.shaft.tools.io.ReportManager&amp#27;[m : Successfully created attachment "Test Data - Excel"
2023-01-22 22:05:34.259 &amp#27;[32m INFO&amp#27;[m &amp#27;[35m[@503 - main]&amp#27;[m &amp#27;[36mcom.shaft.tools.io.ReportManager&amp#27;[m : Response status code: "422", status line: "HTTP/1.1 422 "
2023-01-22 22:05:34.279 &amp#27;[32m INFO&amp#27;[m &amp#27;[35m[@503 - main]&amp#27;[m &amp#27;[36mcom.shaft.tools.io.ReportManager&amp#27;[m : Successfully created attachment "API Request - Specifications"
2023-01-22 22:05:34.281 &amp#27;[32m INFO&amp#27;[m &amp#27;[35m[@503 - main]&amp#27;[m &amp#27;[36mcom.shaft.tools.io.ReportManager&amp#27;[m : Successfully created attachment "API Request - JSON Body"
2023-01-22 22:05:34.282 &amp#27;[32m INFO&amp#27;[m &amp#27;[35m[@503 - main]&amp#27;[m &amp#27;[36mcom.shaft.tools.io.ReportManager&amp#27;[m : Successfully created attachment "API Response - JSON Body"
2023-01-22 22:05:34.283 &amp#27;[32m INFO&amp#27;[m &amp#27;[35m[@503 - main]&amp#27;[m &amp#27;[36mcom.shaft.tools.io.ReportManager&amp#27;[m : File Action "DoesFileExist" successfully performed. With the following test data "File Path: "Schemas/ValidationError_schema.json"".
2023-01-22 22:05:34.284 &amp#27;[32m INFO&amp#27;[m &amp#27;[35m[@503 - main]&amp#27;[m &amp#27;[36mcom.shaft.tools.io.ReportManager&amp#27;[m : File Action "DoesFileExist" successfully performed. With the following test data "File Path: "src/test/resources/testDataFiles/Schemas/ValidationError_schema.json"".
2023-01-22 22:05:34.284 &amp#27;[32m INFO&amp#27;[m &amp#27;[35m[@503 - main]&amp#27;[m &amp#27;[36mcom.shaft.tools.io.ReportManager&amp#27;[m : File Action "GetAbsolutePath" successfully performed. With the following test data "Relative Folder Path: "src/test/resources/testDataFiles/Schemas/ValidationError_schema.json"".
2023-01-22 22:05:34.288 &amp#27;[32m INFO&amp#27;[m &amp#27;[35m[@503 - main]&amp#27;[m &amp#27;[36mcom.shaft.tools.io.ReportManager&amp#27;[m : File Action "DoesFileExist" successfully performed. With the following test data "File Path: "C:\eclipse-workspace\MyProjects\TASystemsAPIs\src\test\resources\testDataFiles\Schemas\ValidationError_schema.json"".
2023-01-22 22:05:34.288 &amp#27;[32m INFO&amp#27;[m &amp#27;[35m[@503 - main]&amp#27;[m &amp#27;[36mcom.shaft.tools.io.ReportManager&amp#27;[m : File Action "GetAbsolutePath" successfully performed. With the following test data "Relative Folder Path: "C:\eclipse-workspace\MyProjects\TASystemsAPIs\src\test\resources\testDataFiles\Schemas\ValidationError_schema.json"".
2023-01-22 22:05:34.289 &amp#27;[32m INFO&amp#27;[m &amp#27;[35m[@503 - main]&amp#27;[m &amp#27;[36mcom.shaft.tools.io.ReportManager&amp#27;[m : File Action "ReadFile" successfully performed. With the following test data "File Path: "C:\eclipse-workspace\MyProjects\TASystemsAPIs\src\test\resources\testDataFiles\Schemas\ValidationError_schema.json"".
2023-01-22 22:05:34.292 &amp#27;[32m INFO&amp#27;[m &amp#27;[35m[@503 - main]&amp#27;[m &amp#27;[36mcom.shaft.tools.io.ReportManager&amp#27;[m : Successfully created attachment "Validation Test Data - Expected JSON Value"
2023-01-22 22:05:34.294 &amp#27;[32m INFO&amp#27;[m &amp#27;[35m[@503 - main]&amp#27;[m &amp#27;[36mcom.shaft.tools.io.ReportManager&amp#27;[m : Successfully created attachment "Validation Test Data - Actual JSON Value"
2023-01-22 22:05:34.295 &amp#27;[32m INFO&amp#27;[m &amp#27;[35m[@503 - main]&amp#27;[m &amp#27;[36mcom.shaft.tools.io.ReportManager&amp#27;[m : Successfully created attachment "SHAFT Engine Logs - Current Method log: Add_Policy_With_Missing_Keys_TC"
]]></system-out>
  </testcase>
  <testcase name="Add_Policy_With_Missing_Keys_TC[[Ljava.lang.Object;@7dbc83c1](18)" classname="SteeringCompanyAPI_TestCases.Test_Policies_Cases" time="2.312">
    <system-out><![CDATA[2023-01-22 22:05:34.300 &amp#27;[32m INFO&amp#27;[m &amp#27;[35m[@534 - main]&amp#27;[m &amp#27;[36mcom.shaft.tools.io.ReportManager&amp#27;[m : 
################################################################################################################################################
Starting Execution:	"125 out of 83" test cases in the current suite
Test Method:		"SteeringCompanyAPI_TestCases.Test_Policies_Cases.Add_Policy_With_Missing_Keys_TC"
Test Description:	"TC050 -Policy- Perform Add Policy with Missing Keys"
################################################################################################################################################
2023-01-22 22:05:34.301 &amp#27;[32m INFO&amp#27;[m &amp#27;[35m[@503 - main]&amp#27;[m &amp#27;[36mcom.shaft.tools.io.ReportManager&amp#27;[m : File Action "DoesFileExist" successfully performed. With the following test data "File Path: "SteeringCompanyAPI_TestData/SteeringCompanyAPI_TestData.xlsx"".
2023-01-22 22:05:34.357 &amp#27;[32m INFO&amp#27;[m &amp#27;[35m[@503 - main]&amp#27;[m &amp#27;[36mcom.shaft.tools.io.ReportManager&amp#27;[m : Successfully created attachment "Test Data - Excel"
2023-01-22 22:05:35.533 &amp#27;[32m INFO&amp#27;[m &amp#27;[35m[@503 - main]&amp#27;[m &amp#27;[36mcom.shaft.tools.io.ReportManager&amp#27;[m : Response status code: "200", status line: "HTTP/1.1 200 OK"
2023-01-22 22:05:35.557 &amp#27;[32m INFO&amp#27;[m &amp#27;[35m[@503 - main]&amp#27;[m &amp#27;[36mcom.shaft.tools.io.ReportManager&amp#27;[m : Successfully created attachment "API Request - Specifications"
2023-01-22 22:05:35.559 &amp#27;[32m INFO&amp#27;[m &amp#27;[35m[@503 - main]&amp#27;[m &amp#27;[36mcom.shaft.tools.io.ReportManager&amp#27;[m : Successfully created attachment "API Request - Body"
2023-01-22 22:05:35.561 &amp#27;[32m INFO&amp#27;[m &amp#27;[35m[@503 - main]&amp#27;[m &amp#27;[36mcom.shaft.tools.io.ReportManager&amp#27;[m : Successfully created attachment "API Response - JSON Body"
2023-01-22 22:05:35.579 &amp#27;[32m INFO&amp#27;[m &amp#27;[35m[@503 - main]&amp#27;[m &amp#27;[36mcom.shaft.tools.io.ReportManager&amp#27;[m : File Action "DoesFileExist" successfully performed. With the following test data "File Path: "SteeringCompanyAPI_TestData/SteeringCompanyAPI_TestData.xlsx"".
2023-01-22 22:05:35.623 &amp#27;[32m INFO&amp#27;[m &amp#27;[35m[@503 - main]&amp#27;[m &amp#27;[36mcom.shaft.tools.io.ReportManager&amp#27;[m : Successfully created attachment "Test Data - Excel"
2023-01-22 22:05:35.623 &amp#27;[32m INFO&amp#27;[m &amp#27;[35m[@503 - main]&amp#27;[m &amp#27;[36mcom.shaft.tools.io.ReportManager&amp#27;[m : File Action "DoesFileExist" successfully performed. With the following test data "File Path: "SteeringCompanyAPI_TestData/SteeringCompanyAPI_TestData.xlsx"".
2023-01-22 22:05:35.650 &amp#27;[32m INFO&amp#27;[m &amp#27;[35m[@503 - main]&amp#27;[m &amp#27;[36mcom.shaft.tools.io.ReportManager&amp#27;[m : Successfully created attachment "Test Data - Excel"
2023-01-22 22:05:35.651 &amp#27;[32m INFO&amp#27;[m &amp#27;[35m[@503 - main]&amp#27;[m &amp#27;[36mcom.shaft.tools.io.ReportManager&amp#27;[m : File Action "DoesFileExist" successfully performed. With the following test data "File Path: "SteeringCompanyAPI_TestData/SteeringCompanyAPI_TestData.xlsx"".
2023-01-22 22:05:35.677 &amp#27;[32m INFO&amp#27;[m &amp#27;[35m[@503 - main]&amp#27;[m &amp#27;[36mcom.shaft.tools.io.ReportManager&amp#27;[m : Successfully created attachment "Test Data - Excel"
2023-01-22 22:05:36.569 &amp#27;[32m INFO&amp#27;[m &amp#27;[35m[@503 - main]&amp#27;[m &amp#27;[36mcom.shaft.tools.io.ReportManager&amp#27;[m : Response status code: "422", status line: "HTTP/1.1 422 "
2023-01-22 22:05:36.591 &amp#27;[32m INFO&amp#27;[m &amp#27;[35m[@503 - main]&amp#27;[m &amp#27;[36mcom.shaft.tools.io.ReportManager&amp#27;[m : Successfully created attachment "API Request - Specifications"
2023-01-22 22:05:36.593 &amp#27;[32m INFO&amp#27;[m &amp#27;[35m[@503 - main]&amp#27;[m &amp#27;[36mcom.shaft.tools.io.ReportManager&amp#27;[m : Successfully created attachment "API Request - JSON Body"
2023-01-22 22:05:36.595 &amp#27;[32m INFO&amp#27;[m &amp#27;[35m[@503 - main]&amp#27;[m &amp#27;[36mcom.shaft.tools.io.ReportManager&amp#27;[m : Successfully created attachment "API Response - JSON Body"
2023-01-22 22:05:36.596 &amp#27;[32m INFO&amp#27;[m &amp#27;[35m[@503 - main]&amp#27;[m &amp#27;[36mcom.shaft.tools.io.ReportManager&amp#27;[m : File Action "DoesFileExist" successfully performed. With the following test data "File Path: "Schemas/ValidationError_schema.json"".
2023-01-22 22:05:36.597 &amp#27;[32m INFO&amp#27;[m &amp#27;[35m[@503 - main]&amp#27;[m &amp#27;[36mcom.shaft.tools.io.ReportManager&amp#27;[m : File Action "DoesFileExist" successfully performed. With the following test data "File Path: "src/test/resources/testDataFiles/Schemas/ValidationError_schema.json"".
2023-01-22 22:05:36.597 &amp#27;[32m INFO&amp#27;[m &amp#27;[35m[@503 - main]&amp#27;[m &amp#27;[36mcom.shaft.tools.io.ReportManager&amp#27;[m : File Action "GetAbsolutePath" successfully performed. With the following test data "Relative Folder Path: "src/test/resources/testDataFiles/Schemas/ValidationError_schema.json"".
2023-01-22 22:05:36.601 &amp#27;[32m INFO&amp#27;[m &amp#27;[35m[@503 - main]&amp#27;[m &amp#27;[36mcom.shaft.tools.io.ReportManager&amp#27;[m : File Action "DoesFileExist" successfully performed. With the following test data "File Path: "C:\eclipse-workspace\MyProjects\TASystemsAPIs\src\test\resources\testDataFiles\Schemas\ValidationError_schema.json"".
2023-01-22 22:05:36.602 &amp#27;[32m INFO&amp#27;[m &amp#27;[35m[@503 - main]&amp#27;[m &amp#27;[36mcom.shaft.tools.io.ReportManager&amp#27;[m : File Action "GetAbsolutePath" successfully performed. With the following test data "Relative Folder Path: "C:\eclipse-workspace\MyProjects\TASystemsAPIs\src\test\resources\testDataFiles\Schemas\ValidationError_schema.json"".
2023-01-22 22:05:36.602 &amp#27;[32m INFO&amp#27;[m &amp#27;[35m[@503 - main]&amp#27;[m &amp#27;[36mcom.shaft.tools.io.ReportManager&amp#27;[m : File Action "ReadFile" successfully performed. With the following test data "File Path: "C:\eclipse-workspace\MyProjects\TASystemsAPIs\src\test\resources\testDataFiles\Schemas\ValidationError_schema.json"".
2023-01-22 22:05:36.606 &amp#27;[32m INFO&amp#27;[m &amp#27;[35m[@503 - main]&amp#27;[m &amp#27;[36mcom.shaft.tools.io.ReportManager&amp#27;[m : Successfully created attachment "Validation Test Data - Expected JSON Value"
2023-01-22 22:05:36.607 &amp#27;[32m INFO&amp#27;[m &amp#27;[35m[@503 - main]&amp#27;[m &amp#27;[36mcom.shaft.tools.io.ReportManager&amp#27;[m : Successfully created attachment "Validation Test Data - Actual JSON Value"
2023-01-22 22:05:36.609 &amp#27;[32m INFO&amp#27;[m &amp#27;[35m[@503 - main]&amp#27;[m &amp#27;[36mcom.shaft.tools.io.ReportManager&amp#27;[m : Successfully created attachment "SHAFT Engine Logs - Current Method log: Add_Policy_With_Missing_Keys_TC"
]]></system-out>
  </testcase>
  <testcase name="Add_Policy_With_Missing_Keys_TC[[Ljava.lang.Object;@7b59b261](19)" classname="SteeringCompanyAPI_TestCases.Test_Policies_Cases" time="1.943">
    <system-out><![CDATA[2023-01-22 22:05:36.613 &amp#27;[32m INFO&amp#27;[m &amp#27;[35m[@534 - main]&amp#27;[m &amp#27;[36mcom.shaft.tools.io.ReportManager&amp#27;[m : 
################################################################################################################################################
Starting Execution:	"126 out of 83" test cases in the current suite
Test Method:		"SteeringCompanyAPI_TestCases.Test_Policies_Cases.Add_Policy_With_Missing_Keys_TC"
Test Description:	"TC050 -Policy- Perform Add Policy with Missing Keys"
################################################################################################################################################
2023-01-22 22:05:36.614 &amp#27;[32m INFO&amp#27;[m &amp#27;[35m[@503 - main]&amp#27;[m &amp#27;[36mcom.shaft.tools.io.ReportManager&amp#27;[m : File Action "DoesFileExist" successfully performed. With the following test data "File Path: "SteeringCompanyAPI_TestData/SteeringCompanyAPI_TestData.xlsx"".
2023-01-22 22:05:36.664 &amp#27;[32m INFO&amp#27;[m &amp#27;[35m[@503 - main]&amp#27;[m &amp#27;[36mcom.shaft.tools.io.ReportManager&amp#27;[m : Successfully created attachment "Test Data - Excel"
2023-01-22 22:05:37.531 &amp#27;[32m INFO&amp#27;[m &amp#27;[35m[@503 - main]&amp#27;[m &amp#27;[36mcom.shaft.tools.io.ReportManager&amp#27;[m : Response status code: "200", status line: "HTTP/1.1 200 OK"
2023-01-22 22:05:37.555 &amp#27;[32m INFO&amp#27;[m &amp#27;[35m[@503 - main]&amp#27;[m &amp#27;[36mcom.shaft.tools.io.ReportManager&amp#27;[m : Successfully created attachment "API Request - Specifications"
2023-01-22 22:05:37.556 &amp#27;[32m INFO&amp#27;[m &amp#27;[35m[@503 - main]&amp#27;[m &amp#27;[36mcom.shaft.tools.io.ReportManager&amp#27;[m : Successfully created attachment "API Request - Body"
2023-01-22 22:05:37.559 &amp#27;[32m INFO&amp#27;[m &amp#27;[35m[@503 - main]&amp#27;[m &amp#27;[36mcom.shaft.tools.io.ReportManager&amp#27;[m : Successfully created attachment "API Response - JSON Body"
2023-01-22 22:05:37.575 &amp#27;[32m INFO&amp#27;[m &amp#27;[35m[@503 - main]&amp#27;[m &amp#27;[36mcom.shaft.tools.io.ReportManager&amp#27;[m : File Action "DoesFileExist" successfully performed. With the following test data "File Path: "SteeringCompanyAPI_TestData/SteeringCompanyAPI_TestData.xlsx"".
2023-01-22 22:05:37.603 &amp#27;[32m INFO&amp#27;[m &amp#27;[35m[@503 - main]&amp#27;[m &amp#27;[36mcom.shaft.tools.io.ReportManager&amp#27;[m : Successfully created attachment "Test Data - Excel"
2023-01-22 22:05:37.604 &amp#27;[32m INFO&amp#27;[m &amp#27;[35m[@503 - main]&amp#27;[m &amp#27;[36mcom.shaft.tools.io.ReportManager&amp#27;[m : File Action "DoesFileExist" successfully performed. With the following test data "File Path: "SteeringCompanyAPI_TestData/SteeringCompanyAPI_TestData.xlsx"".
2023-01-22 22:05:37.644 &amp#27;[32m INFO&amp#27;[m &amp#27;[35m[@503 - main]&amp#27;[m &amp#27;[36mcom.shaft.tools.io.ReportManager&amp#27;[m : Successfully created attachment "Test Data - Excel"
2023-01-22 22:05:37.644 &amp#27;[32m INFO&amp#27;[m &amp#27;[35m[@503 - main]&amp#27;[m &amp#27;[36mcom.shaft.tools.io.ReportManager&amp#27;[m : File Action "DoesFileExist" successfully performed. With the following test data "File Path: "SteeringCompanyAPI_TestData/SteeringCompanyAPI_TestData.xlsx"".
2023-01-22 22:05:37.676 &amp#27;[32m INFO&amp#27;[m &amp#27;[35m[@503 - main]&amp#27;[m &amp#27;[36mcom.shaft.tools.io.ReportManager&amp#27;[m : Successfully created attachment "Test Data - Excel"
2023-01-22 22:05:38.515 &amp#27;[32m INFO&amp#27;[m &amp#27;[35m[@503 - main]&amp#27;[m &amp#27;[36mcom.shaft.tools.io.ReportManager&amp#27;[m : Response status code: "422", status line: "HTTP/1.1 422 "
2023-01-22 22:05:38.535 &amp#27;[32m INFO&amp#27;[m &amp#27;[35m[@503 - main]&amp#27;[m &amp#27;[36mcom.shaft.tools.io.ReportManager&amp#27;[m : Successfully created attachment "API Request - Specifications"
2023-01-22 22:05:38.537 &amp#27;[32m INFO&amp#27;[m &amp#27;[35m[@503 - main]&amp#27;[m &amp#27;[36mcom.shaft.tools.io.ReportManager&amp#27;[m : Successfully created attachment "API Request - JSON Body"
2023-01-22 22:05:38.538 &amp#27;[32m INFO&amp#27;[m &amp#27;[35m[@503 - main]&amp#27;[m &amp#27;[36mcom.shaft.tools.io.ReportManager&amp#27;[m : Successfully created attachment "API Response - JSON Body"
2023-01-22 22:05:38.540 &amp#27;[32m INFO&amp#27;[m &amp#27;[35m[@503 - main]&amp#27;[m &amp#27;[36mcom.shaft.tools.io.ReportManager&amp#27;[m : File Action "DoesFileExist" successfully performed. With the following test data "File Path: "Schemas/ValidationError_schema.json"".
2023-01-22 22:05:38.540 &amp#27;[32m INFO&amp#27;[m &amp#27;[35m[@503 - main]&amp#27;[m &amp#27;[36mcom.shaft.tools.io.ReportManager&amp#27;[m : File Action "DoesFileExist" successfully performed. With the following test data "File Path: "src/test/resources/testDataFiles/Schemas/ValidationError_schema.json"".
2023-01-22 22:05:38.540 &amp#27;[32m INFO&amp#27;[m &amp#27;[35m[@503 - main]&amp#27;[m &amp#27;[36mcom.shaft.tools.io.ReportManager&amp#27;[m : File Action "GetAbsolutePath" successfully performed. With the following test data "Relative Folder Path: "src/test/resources/testDataFiles/Schemas/ValidationError_schema.json"".
2023-01-22 22:05:38.544 &amp#27;[32m INFO&amp#27;[m &amp#27;[35m[@503 - main]&amp#27;[m &amp#27;[36mcom.shaft.tools.io.ReportManager&amp#27;[m : File Action "DoesFileExist" successfully performed. With the following test data "File Path: "C:\eclipse-workspace\MyProjects\TASystemsAPIs\src\test\resources\testDataFiles\Schemas\ValidationError_schema.json"".
2023-01-22 22:05:38.545 &amp#27;[32m INFO&amp#27;[m &amp#27;[35m[@503 - main]&amp#27;[m &amp#27;[36mcom.shaft.tools.io.ReportManager&amp#27;[m : File Action "GetAbsolutePath" successfully performed. With the following test data "Relative Folder Path: "C:\eclipse-workspace\MyProjects\TASystemsAPIs\src\test\resources\testDataFiles\Schemas\ValidationError_schema.json"".
2023-01-22 22:05:38.545 &amp#27;[32m INFO&amp#27;[m &amp#27;[35m[@503 - main]&amp#27;[m &amp#27;[36mcom.shaft.tools.io.ReportManager&amp#27;[m : File Action "ReadFile" successfully performed. With the following test data "File Path: "C:\eclipse-workspace\MyProjects\TASystemsAPIs\src\test\resources\testDataFiles\Schemas\ValidationError_schema.json"".
2023-01-22 22:05:38.548 &amp#27;[32m INFO&amp#27;[m &amp#27;[35m[@503 - main]&amp#27;[m &amp#27;[36mcom.shaft.tools.io.ReportManager&amp#27;[m : Successfully created attachment "Validation Test Data - Expected JSON Value"
2023-01-22 22:05:38.549 &amp#27;[32m INFO&amp#27;[m &amp#27;[35m[@503 - main]&amp#27;[m &amp#27;[36mcom.shaft.tools.io.ReportManager&amp#27;[m : Successfully created attachment "Validation Test Data - Actual JSON Value"
2023-01-22 22:05:38.551 &amp#27;[32m INFO&amp#27;[m &amp#27;[35m[@503 - main]&amp#27;[m &amp#27;[36mcom.shaft.tools.io.ReportManager&amp#27;[m : Successfully created attachment "SHAFT Engine Logs - Current Method log: Add_Policy_With_Missing_Keys_TC"
]]></system-out>
  </testcase>
  <testcase name="Add_Policy_With_Missing_Keys_TC[[Ljava.lang.Object;@283778be](20)" classname="SteeringCompanyAPI_TestCases.Test_Policies_Cases" time="1.951">
    <system-out><![CDATA[2023-01-22 22:05:38.556 &amp#27;[32m INFO&amp#27;[m &amp#27;[35m[@534 - main]&amp#27;[m &amp#27;[36mcom.shaft.tools.io.ReportManager&amp#27;[m : 
################################################################################################################################################
Starting Execution:	"127 out of 83" test cases in the current suite
Test Method:		"SteeringCompanyAPI_TestCases.Test_Policies_Cases.Add_Policy_With_Missing_Keys_TC"
Test Description:	"TC050 -Policy- Perform Add Policy with Missing Keys"
################################################################################################################################################
2023-01-22 22:05:38.556 &amp#27;[32m INFO&amp#27;[m &amp#27;[35m[@503 - main]&amp#27;[m &amp#27;[36mcom.shaft.tools.io.ReportManager&amp#27;[m : File Action "DoesFileExist" successfully performed. With the following test data "File Path: "SteeringCompanyAPI_TestData/SteeringCompanyAPI_TestData.xlsx"".
2023-01-22 22:05:38.614 &amp#27;[32m INFO&amp#27;[m &amp#27;[35m[@503 - main]&amp#27;[m &amp#27;[36mcom.shaft.tools.io.ReportManager&amp#27;[m : Successfully created attachment "Test Data - Excel"
2023-01-22 22:05:39.468 &amp#27;[32m INFO&amp#27;[m &amp#27;[35m[@503 - main]&amp#27;[m &amp#27;[36mcom.shaft.tools.io.ReportManager&amp#27;[m : Response status code: "200", status line: "HTTP/1.1 200 OK"
2023-01-22 22:05:39.479 &amp#27;[32m INFO&amp#27;[m &amp#27;[35m[@503 - main]&amp#27;[m &amp#27;[36mcom.shaft.tools.io.ReportManager&amp#27;[m : Successfully created attachment "API Request - Specifications"
2023-01-22 22:05:39.480 &amp#27;[32m INFO&amp#27;[m &amp#27;[35m[@503 - main]&amp#27;[m &amp#27;[36mcom.shaft.tools.io.ReportManager&amp#27;[m : Successfully created attachment "API Request - Body"
2023-01-22 22:05:39.481 &amp#27;[32m INFO&amp#27;[m &amp#27;[35m[@503 - main]&amp#27;[m &amp#27;[36mcom.shaft.tools.io.ReportManager&amp#27;[m : Successfully created attachment "API Response - JSON Body"
2023-01-22 22:05:39.488 &amp#27;[32m INFO&amp#27;[m &amp#27;[35m[@503 - main]&amp#27;[m &amp#27;[36mcom.shaft.tools.io.ReportManager&amp#27;[m : File Action "DoesFileExist" successfully performed. With the following test data "File Path: "SteeringCompanyAPI_TestData/SteeringCompanyAPI_TestData.xlsx"".
2023-01-22 22:05:39.509 &amp#27;[32m INFO&amp#27;[m &amp#27;[35m[@503 - main]&amp#27;[m &amp#27;[36mcom.shaft.tools.io.ReportManager&amp#27;[m : Successfully created attachment "Test Data - Excel"
2023-01-22 22:05:39.509 &amp#27;[32m INFO&amp#27;[m &amp#27;[35m[@503 - main]&amp#27;[m &amp#27;[36mcom.shaft.tools.io.ReportManager&amp#27;[m : File Action "DoesFileExist" successfully performed. With the following test data "File Path: "SteeringCompanyAPI_TestData/SteeringCompanyAPI_TestData.xlsx"".
2023-01-22 22:05:39.529 &amp#27;[32m INFO&amp#27;[m &amp#27;[35m[@503 - main]&amp#27;[m &amp#27;[36mcom.shaft.tools.io.ReportManager&amp#27;[m : Successfully created attachment "Test Data - Excel"
2023-01-22 22:05:39.530 &amp#27;[32m INFO&amp#27;[m &amp#27;[35m[@503 - main]&amp#27;[m &amp#27;[36mcom.shaft.tools.io.ReportManager&amp#27;[m : File Action "DoesFileExist" successfully performed. With the following test data "File Path: "SteeringCompanyAPI_TestData/SteeringCompanyAPI_TestData.xlsx"".
2023-01-22 22:05:39.551 &amp#27;[32m INFO&amp#27;[m &amp#27;[35m[@503 - main]&amp#27;[m &amp#27;[36mcom.shaft.tools.io.ReportManager&amp#27;[m : Successfully created attachment "Test Data - Excel"
2023-01-22 22:05:40.461 &amp#27;[32m INFO&amp#27;[m &amp#27;[35m[@503 - main]&amp#27;[m &amp#27;[36mcom.shaft.tools.io.ReportManager&amp#27;[m : Response status code: "422", status line: "HTTP/1.1 422 "
2023-01-22 22:05:40.483 &amp#27;[32m INFO&amp#27;[m &amp#27;[35m[@503 - main]&amp#27;[m &amp#27;[36mcom.shaft.tools.io.ReportManager&amp#27;[m : Successfully created attachment "API Request - Specifications"
2023-01-22 22:05:40.485 &amp#27;[32m INFO&amp#27;[m &amp#27;[35m[@503 - main]&amp#27;[m &amp#27;[36mcom.shaft.tools.io.ReportManager&amp#27;[m : Successfully created attachment "API Request - JSON Body"
2023-01-22 22:05:40.486 &amp#27;[32m INFO&amp#27;[m &amp#27;[35m[@503 - main]&amp#27;[m &amp#27;[36mcom.shaft.tools.io.ReportManager&amp#27;[m : Successfully created attachment "API Response - JSON Body"
2023-01-22 22:05:40.489 &amp#27;[32m INFO&amp#27;[m &amp#27;[35m[@503 - main]&amp#27;[m &amp#27;[36mcom.shaft.tools.io.ReportManager&amp#27;[m : File Action "DoesFileExist" successfully performed. With the following test data "File Path: "Schemas/ValidationError_schema.json"".
2023-01-22 22:05:40.490 &amp#27;[32m INFO&amp#27;[m &amp#27;[35m[@503 - main]&amp#27;[m &amp#27;[36mcom.shaft.tools.io.ReportManager&amp#27;[m : File Action "DoesFileExist" successfully performed. With the following test data "File Path: "src/test/resources/testDataFiles/Schemas/ValidationError_schema.json"".
2023-01-22 22:05:40.490 &amp#27;[32m INFO&amp#27;[m &amp#27;[35m[@503 - main]&amp#27;[m &amp#27;[36mcom.shaft.tools.io.ReportManager&amp#27;[m : File Action "GetAbsolutePath" successfully performed. With the following test data "Relative Folder Path: "src/test/resources/testDataFiles/Schemas/ValidationError_schema.json"".
2023-01-22 22:05:40.495 &amp#27;[32m INFO&amp#27;[m &amp#27;[35m[@503 - main]&amp#27;[m &amp#27;[36mcom.shaft.tools.io.ReportManager&amp#27;[m : File Action "DoesFileExist" successfully performed. With the following test data "File Path: "C:\eclipse-workspace\MyProjects\TASystemsAPIs\src\test\resources\testDataFiles\Schemas\ValidationError_schema.json"".
2023-01-22 22:05:40.496 &amp#27;[32m INFO&amp#27;[m &amp#27;[35m[@503 - main]&amp#27;[m &amp#27;[36mcom.shaft.tools.io.ReportManager&amp#27;[m : File Action "GetAbsolutePath" successfully performed. With the following test data "Relative Folder Path: "C:\eclipse-workspace\MyProjects\TASystemsAPIs\src\test\resources\testDataFiles\Schemas\ValidationError_schema.json"".
2023-01-22 22:05:40.497 &amp#27;[32m INFO&amp#27;[m &amp#27;[35m[@503 - main]&amp#27;[m &amp#27;[36mcom.shaft.tools.io.ReportManager&amp#27;[m : File Action "ReadFile" successfully performed. With the following test data "File Path: "C:\eclipse-workspace\MyProjects\TASystemsAPIs\src\test\resources\testDataFiles\Schemas\ValidationError_schema.json"".
2023-01-22 22:05:40.499 &amp#27;[32m INFO&amp#27;[m &amp#27;[35m[@503 - main]&amp#27;[m &amp#27;[36mcom.shaft.tools.io.ReportManager&amp#27;[m : Successfully created attachment "Validation Test Data - Expected JSON Value"
2023-01-22 22:05:40.500 &amp#27;[32m INFO&amp#27;[m &amp#27;[35m[@503 - main]&amp#27;[m &amp#27;[36mcom.shaft.tools.io.ReportManager&amp#27;[m : Successfully created attachment "Validation Test Data - Actual JSON Value"
2023-01-22 22:05:40.502 &amp#27;[32m INFO&amp#27;[m &amp#27;[35m[@503 - main]&amp#27;[m &amp#27;[36mcom.shaft.tools.io.ReportManager&amp#27;[m : Successfully created attachment "SHAFT Engine Logs - Current Method log: Add_Policy_With_Missing_Keys_TC"
]]></system-out>
  </testcase>
  <testcase name="Add_Policy_With_Missing_Keys_TC[[Ljava.lang.Object;@79d244e3](21)" classname="SteeringCompanyAPI_TestCases.Test_Policies_Cases" time="1.826">
    <system-out><![CDATA[2023-01-22 22:05:40.508 &amp#27;[32m INFO&amp#27;[m &amp#27;[35m[@534 - main]&amp#27;[m &amp#27;[36mcom.shaft.tools.io.ReportManager&amp#27;[m : 
################################################################################################################################################
Starting Execution:	"128 out of 83" test cases in the current suite
Test Method:		"SteeringCompanyAPI_TestCases.Test_Policies_Cases.Add_Policy_With_Missing_Keys_TC"
Test Description:	"TC050 -Policy- Perform Add Policy with Missing Keys"
################################################################################################################################################
2023-01-22 22:05:40.508 &amp#27;[32m INFO&amp#27;[m &amp#27;[35m[@503 - main]&amp#27;[m &amp#27;[36mcom.shaft.tools.io.ReportManager&amp#27;[m : File Action "DoesFileExist" successfully performed. With the following test data "File Path: "SteeringCompanyAPI_TestData/SteeringCompanyAPI_TestData.xlsx"".
2023-01-22 22:05:40.553 &amp#27;[32m INFO&amp#27;[m &amp#27;[35m[@503 - main]&amp#27;[m &amp#27;[36mcom.shaft.tools.io.ReportManager&amp#27;[m : Successfully created attachment "Test Data - Excel"
2023-01-22 22:05:41.381 &amp#27;[32m INFO&amp#27;[m &amp#27;[35m[@503 - main]&amp#27;[m &amp#27;[36mcom.shaft.tools.io.ReportManager&amp#27;[m : Response status code: "200", status line: "HTTP/1.1 200 OK"
2023-01-22 22:05:41.391 &amp#27;[32m INFO&amp#27;[m &amp#27;[35m[@503 - main]&amp#27;[m &amp#27;[36mcom.shaft.tools.io.ReportManager&amp#27;[m : Successfully created attachment "API Request - Specifications"
2023-01-22 22:05:41.393 &amp#27;[32m INFO&amp#27;[m &amp#27;[35m[@503 - main]&amp#27;[m &amp#27;[36mcom.shaft.tools.io.ReportManager&amp#27;[m : Successfully created attachment "API Request - Body"
2023-01-22 22:05:41.393 &amp#27;[32m INFO&amp#27;[m &amp#27;[35m[@503 - main]&amp#27;[m &amp#27;[36mcom.shaft.tools.io.ReportManager&amp#27;[m : Successfully created attachment "API Response - JSON Body"
2023-01-22 22:05:41.401 &amp#27;[32m INFO&amp#27;[m &amp#27;[35m[@503 - main]&amp#27;[m &amp#27;[36mcom.shaft.tools.io.ReportManager&amp#27;[m : File Action "DoesFileExist" successfully performed. With the following test data "File Path: "SteeringCompanyAPI_TestData/SteeringCompanyAPI_TestData.xlsx"".
2023-01-22 22:05:41.422 &amp#27;[32m INFO&amp#27;[m &amp#27;[35m[@503 - main]&amp#27;[m &amp#27;[36mcom.shaft.tools.io.ReportManager&amp#27;[m : Successfully created attachment "Test Data - Excel"
2023-01-22 22:05:41.422 &amp#27;[32m INFO&amp#27;[m &amp#27;[35m[@503 - main]&amp#27;[m &amp#27;[36mcom.shaft.tools.io.ReportManager&amp#27;[m : File Action "DoesFileExist" successfully performed. With the following test data "File Path: "SteeringCompanyAPI_TestData/SteeringCompanyAPI_TestData.xlsx"".
2023-01-22 22:05:41.443 &amp#27;[32m INFO&amp#27;[m &amp#27;[35m[@503 - main]&amp#27;[m &amp#27;[36mcom.shaft.tools.io.ReportManager&amp#27;[m : Successfully created attachment "Test Data - Excel"
2023-01-22 22:05:41.443 &amp#27;[32m INFO&amp#27;[m &amp#27;[35m[@503 - main]&amp#27;[m &amp#27;[36mcom.shaft.tools.io.ReportManager&amp#27;[m : File Action "DoesFileExist" successfully performed. With the following test data "File Path: "SteeringCompanyAPI_TestData/SteeringCompanyAPI_TestData.xlsx"".
2023-01-22 22:05:41.466 &amp#27;[32m INFO&amp#27;[m &amp#27;[35m[@503 - main]&amp#27;[m &amp#27;[36mcom.shaft.tools.io.ReportManager&amp#27;[m : Successfully created attachment "Test Data - Excel"
2023-01-22 22:05:42.305 &amp#27;[32m INFO&amp#27;[m &amp#27;[35m[@503 - main]&amp#27;[m &amp#27;[36mcom.shaft.tools.io.ReportManager&amp#27;[m : Response status code: "422", status line: "HTTP/1.1 422 "
2023-01-22 22:05:42.321 &amp#27;[32m INFO&amp#27;[m &amp#27;[35m[@503 - main]&amp#27;[m &amp#27;[36mcom.shaft.tools.io.ReportManager&amp#27;[m : Successfully created attachment "API Request - Specifications"
2023-01-22 22:05:42.322 &amp#27;[32m INFO&amp#27;[m &amp#27;[35m[@503 - main]&amp#27;[m &amp#27;[36mcom.shaft.tools.io.ReportManager&amp#27;[m : Successfully created attachment "API Request - JSON Body"
2023-01-22 22:05:42.323 &amp#27;[32m INFO&amp#27;[m &amp#27;[35m[@503 - main]&amp#27;[m &amp#27;[36mcom.shaft.tools.io.ReportManager&amp#27;[m : Successfully created attachment "API Response - JSON Body"
2023-01-22 22:05:42.324 &amp#27;[32m INFO&amp#27;[m &amp#27;[35m[@503 - main]&amp#27;[m &amp#27;[36mcom.shaft.tools.io.ReportManager&amp#27;[m : File Action "DoesFileExist" successfully performed. With the following test data "File Path: "Schemas/ValidationError_schema.json"".
2023-01-22 22:05:42.324 &amp#27;[32m INFO&amp#27;[m &amp#27;[35m[@503 - main]&amp#27;[m &amp#27;[36mcom.shaft.tools.io.ReportManager&amp#27;[m : File Action "DoesFileExist" successfully performed. With the following test data "File Path: "src/test/resources/testDataFiles/Schemas/ValidationError_schema.json"".
2023-01-22 22:05:42.324 &amp#27;[32m INFO&amp#27;[m &amp#27;[35m[@503 - main]&amp#27;[m &amp#27;[36mcom.shaft.tools.io.ReportManager&amp#27;[m : File Action "GetAbsolutePath" successfully performed. With the following test data "Relative Folder Path: "src/test/resources/testDataFiles/Schemas/ValidationError_schema.json"".
2023-01-22 22:05:42.326 &amp#27;[32m INFO&amp#27;[m &amp#27;[35m[@503 - main]&amp#27;[m &amp#27;[36mcom.shaft.tools.io.ReportManager&amp#27;[m : File Action "DoesFileExist" successfully performed. With the following test data "File Path: "C:\eclipse-workspace\MyProjects\TASystemsAPIs\src\test\resources\testDataFiles\Schemas\ValidationError_schema.json"".
2023-01-22 22:05:42.326 &amp#27;[32m INFO&amp#27;[m &amp#27;[35m[@503 - main]&amp#27;[m &amp#27;[36mcom.shaft.tools.io.ReportManager&amp#27;[m : File Action "GetAbsolutePath" successfully performed. With the following test data "Relative Folder Path: "C:\eclipse-workspace\MyProjects\TASystemsAPIs\src\test\resources\testDataFiles\Schemas\ValidationError_schema.json"".
2023-01-22 22:05:42.326 &amp#27;[32m INFO&amp#27;[m &amp#27;[35m[@503 - main]&amp#27;[m &amp#27;[36mcom.shaft.tools.io.ReportManager&amp#27;[m : File Action "ReadFile" successfully performed. With the following test data "File Path: "C:\eclipse-workspace\MyProjects\TASystemsAPIs\src\test\resources\testDataFiles\Schemas\ValidationError_schema.json"".
2023-01-22 22:05:42.328 &amp#27;[32m INFO&amp#27;[m &amp#27;[35m[@503 - main]&amp#27;[m &amp#27;[36mcom.shaft.tools.io.ReportManager&amp#27;[m : Successfully created attachment "Validation Test Data - Expected JSON Value"
2023-01-22 22:05:42.329 &amp#27;[32m INFO&amp#27;[m &amp#27;[35m[@503 - main]&amp#27;[m &amp#27;[36mcom.shaft.tools.io.ReportManager&amp#27;[m : Successfully created attachment "Validation Test Data - Actual JSON Value"
2023-01-22 22:05:42.330 &amp#27;[32m INFO&amp#27;[m &amp#27;[35m[@503 - main]&amp#27;[m &amp#27;[36mcom.shaft.tools.io.ReportManager&amp#27;[m : Successfully created attachment "SHAFT Engine Logs - Current Method log: Add_Policy_With_Missing_Keys_TC"
]]></system-out>
  </testcase>
  <testcase name="Add_Policy_With_Missing_Keys_TC[[Ljava.lang.Object;@549b26ea](22)" classname="SteeringCompanyAPI_TestCases.Test_Policies_Cases" time="1.838">
    <system-out><![CDATA[2023-01-22 22:05:42.333 &amp#27;[32m INFO&amp#27;[m &amp#27;[35m[@534 - main]&amp#27;[m &amp#27;[36mcom.shaft.tools.io.ReportManager&amp#27;[m : 
################################################################################################################################################
Starting Execution:	"129 out of 83" test cases in the current suite
Test Method:		"SteeringCompanyAPI_TestCases.Test_Policies_Cases.Add_Policy_With_Missing_Keys_TC"
Test Description:	"TC050 -Policy- Perform Add Policy with Missing Keys"
################################################################################################################################################
2023-01-22 22:05:42.335 &amp#27;[32m INFO&amp#27;[m &amp#27;[35m[@503 - main]&amp#27;[m &amp#27;[36mcom.shaft.tools.io.ReportManager&amp#27;[m : File Action "DoesFileExist" successfully performed. With the following test data "File Path: "SteeringCompanyAPI_TestData/SteeringCompanyAPI_TestData.xlsx"".
2023-01-22 22:05:42.387 &amp#27;[32m INFO&amp#27;[m &amp#27;[35m[@503 - main]&amp#27;[m &amp#27;[36mcom.shaft.tools.io.ReportManager&amp#27;[m : Successfully created attachment "Test Data - Excel"
2023-01-22 22:05:43.149 &amp#27;[32m INFO&amp#27;[m &amp#27;[35m[@503 - main]&amp#27;[m &amp#27;[36mcom.shaft.tools.io.ReportManager&amp#27;[m : Response status code: "200", status line: "HTTP/1.1 200 OK"
2023-01-22 22:05:43.158 &amp#27;[32m INFO&amp#27;[m &amp#27;[35m[@503 - main]&amp#27;[m &amp#27;[36mcom.shaft.tools.io.ReportManager&amp#27;[m : Successfully created attachment "API Request - Specifications"
2023-01-22 22:05:43.159 &amp#27;[32m INFO&amp#27;[m &amp#27;[35m[@503 - main]&amp#27;[m &amp#27;[36mcom.shaft.tools.io.ReportManager&amp#27;[m : Successfully created attachment "API Request - Body"
2023-01-22 22:05:43.160 &amp#27;[32m INFO&amp#27;[m &amp#27;[35m[@503 - main]&amp#27;[m &amp#27;[36mcom.shaft.tools.io.ReportManager&amp#27;[m : Successfully created attachment "API Response - JSON Body"
2023-01-22 22:05:43.168 &amp#27;[32m INFO&amp#27;[m &amp#27;[35m[@503 - main]&amp#27;[m &amp#27;[36mcom.shaft.tools.io.ReportManager&amp#27;[m : File Action "DoesFileExist" successfully performed. With the following test data "File Path: "SteeringCompanyAPI_TestData/SteeringCompanyAPI_TestData.xlsx"".
2023-01-22 22:05:43.188 &amp#27;[32m INFO&amp#27;[m &amp#27;[35m[@503 - main]&amp#27;[m &amp#27;[36mcom.shaft.tools.io.ReportManager&amp#27;[m : Successfully created attachment "Test Data - Excel"
2023-01-22 22:05:43.189 &amp#27;[32m INFO&amp#27;[m &amp#27;[35m[@503 - main]&amp#27;[m &amp#27;[36mcom.shaft.tools.io.ReportManager&amp#27;[m : File Action "DoesFileExist" successfully performed. With the following test data "File Path: "SteeringCompanyAPI_TestData/SteeringCompanyAPI_TestData.xlsx"".
2023-01-22 22:05:43.209 &amp#27;[32m INFO&amp#27;[m &amp#27;[35m[@503 - main]&amp#27;[m &amp#27;[36mcom.shaft.tools.io.ReportManager&amp#27;[m : Successfully created attachment "Test Data - Excel"
2023-01-22 22:05:43.209 &amp#27;[32m INFO&amp#27;[m &amp#27;[35m[@503 - main]&amp#27;[m &amp#27;[36mcom.shaft.tools.io.ReportManager&amp#27;[m : File Action "DoesFileExist" successfully performed. With the following test data "File Path: "SteeringCompanyAPI_TestData/SteeringCompanyAPI_TestData.xlsx"".
2023-01-22 22:05:43.230 &amp#27;[32m INFO&amp#27;[m &amp#27;[35m[@503 - main]&amp#27;[m &amp#27;[36mcom.shaft.tools.io.ReportManager&amp#27;[m : Successfully created attachment "Test Data - Excel"
2023-01-22 22:05:44.149 &amp#27;[32m INFO&amp#27;[m &amp#27;[35m[@503 - main]&amp#27;[m &amp#27;[36mcom.shaft.tools.io.ReportManager&amp#27;[m : Response status code: "422", status line: "HTTP/1.1 422 "
2023-01-22 22:05:44.159 &amp#27;[32m INFO&amp#27;[m &amp#27;[35m[@503 - main]&amp#27;[m &amp#27;[36mcom.shaft.tools.io.ReportManager&amp#27;[m : Successfully created attachment "API Request - Specifications"
2023-01-22 22:05:44.160 &amp#27;[32m INFO&amp#27;[m &amp#27;[35m[@503 - main]&amp#27;[m &amp#27;[36mcom.shaft.tools.io.ReportManager&amp#27;[m : Successfully created attachment "API Request - JSON Body"
2023-01-22 22:05:44.162 &amp#27;[32m INFO&amp#27;[m &amp#27;[35m[@503 - main]&amp#27;[m &amp#27;[36mcom.shaft.tools.io.ReportManager&amp#27;[m : Successfully created attachment "API Response - JSON Body"
2023-01-22 22:05:44.163 &amp#27;[32m INFO&amp#27;[m &amp#27;[35m[@503 - main]&amp#27;[m &amp#27;[36mcom.shaft.tools.io.ReportManager&amp#27;[m : File Action "DoesFileExist" successfully performed. With the following test data "File Path: "Schemas/ValidationError_schema.json"".
2023-01-22 22:05:44.163 &amp#27;[32m INFO&amp#27;[m &amp#27;[35m[@503 - main]&amp#27;[m &amp#27;[36mcom.shaft.tools.io.ReportManager&amp#27;[m : File Action "DoesFileExist" successfully performed. With the following test data "File Path: "src/test/resources/testDataFiles/Schemas/ValidationError_schema.json"".
2023-01-22 22:05:44.163 &amp#27;[32m INFO&amp#27;[m &amp#27;[35m[@503 - main]&amp#27;[m &amp#27;[36mcom.shaft.tools.io.ReportManager&amp#27;[m : File Action "GetAbsolutePath" successfully performed. With the following test data "Relative Folder Path: "src/test/resources/testDataFiles/Schemas/ValidationError_schema.json"".
2023-01-22 22:05:44.165 &amp#27;[32m INFO&amp#27;[m &amp#27;[35m[@503 - main]&amp#27;[m &amp#27;[36mcom.shaft.tools.io.ReportManager&amp#27;[m : File Action "DoesFileExist" successfully performed. With the following test data "File Path: "C:\eclipse-workspace\MyProjects\TASystemsAPIs\src\test\resources\testDataFiles\Schemas\ValidationError_schema.json"".
2023-01-22 22:05:44.165 &amp#27;[32m INFO&amp#27;[m &amp#27;[35m[@503 - main]&amp#27;[m &amp#27;[36mcom.shaft.tools.io.ReportManager&amp#27;[m : File Action "GetAbsolutePath" successfully performed. With the following test data "Relative Folder Path: "C:\eclipse-workspace\MyProjects\TASystemsAPIs\src\test\resources\testDataFiles\Schemas\ValidationError_schema.json"".
2023-01-22 22:05:44.165 &amp#27;[32m INFO&amp#27;[m &amp#27;[35m[@503 - main]&amp#27;[m &amp#27;[36mcom.shaft.tools.io.ReportManager&amp#27;[m : File Action "ReadFile" successfully performed. With the following test data "File Path: "C:\eclipse-workspace\MyProjects\TASystemsAPIs\src\test\resources\testDataFiles\Schemas\ValidationError_schema.json"".
2023-01-22 22:05:44.166 &amp#27;[32m INFO&amp#27;[m &amp#27;[35m[@503 - main]&amp#27;[m &amp#27;[36mcom.shaft.tools.io.ReportManager&amp#27;[m : Successfully created attachment "Validation Test Data - Expected JSON Value"
2023-01-22 22:05:44.167 &amp#27;[32m INFO&amp#27;[m &amp#27;[35m[@503 - main]&amp#27;[m &amp#27;[36mcom.shaft.tools.io.ReportManager&amp#27;[m : Successfully created attachment "Validation Test Data - Actual JSON Value"
2023-01-22 22:05:44.167 &amp#27;[32m INFO&amp#27;[m &amp#27;[35m[@503 - main]&amp#27;[m &amp#27;[36mcom.shaft.tools.io.ReportManager&amp#27;[m : Successfully created attachment "SHAFT Engine Logs - Current Method log: Add_Policy_With_Missing_Keys_TC"
]]></system-out>
  </testcase>
  <testcase name="Add_Policy_With_Missing_Keys_TC[[Ljava.lang.Object;@7a5f5c95](23)" classname="SteeringCompanyAPI_TestCases.Test_Policies_Cases" time="2.385">
    <system-out><![CDATA[2023-01-22 22:05:44.171 &amp#27;[32m INFO&amp#27;[m &amp#27;[35m[@534 - main]&amp#27;[m &amp#27;[36mcom.shaft.tools.io.ReportManager&amp#27;[m : 
################################################################################################################################################
Starting Execution:	"130 out of 83" test cases in the current suite
Test Method:		"SteeringCompanyAPI_TestCases.Test_Policies_Cases.Add_Policy_With_Missing_Keys_TC"
Test Description:	"TC050 -Policy- Perform Add Policy with Missing Keys"
################################################################################################################################################
2023-01-22 22:05:44.171 &amp#27;[32m INFO&amp#27;[m &amp#27;[35m[@503 - main]&amp#27;[m &amp#27;[36mcom.shaft.tools.io.ReportManager&amp#27;[m : File Action "DoesFileExist" successfully performed. With the following test data "File Path: "SteeringCompanyAPI_TestData/SteeringCompanyAPI_TestData.xlsx"".
2023-01-22 22:05:44.202 &amp#27;[32m INFO&amp#27;[m &amp#27;[35m[@503 - main]&amp#27;[m &amp#27;[36mcom.shaft.tools.io.ReportManager&amp#27;[m : Successfully created attachment "Test Data - Excel"
2023-01-22 22:05:45.380 &amp#27;[32m INFO&amp#27;[m &amp#27;[35m[@503 - main]&amp#27;[m &amp#27;[36mcom.shaft.tools.io.ReportManager&amp#27;[m : Response status code: "200", status line: "HTTP/1.1 200 OK"
2023-01-22 22:05:45.390 &amp#27;[32m INFO&amp#27;[m &amp#27;[35m[@503 - main]&amp#27;[m &amp#27;[36mcom.shaft.tools.io.ReportManager&amp#27;[m : Successfully created attachment "API Request - Specifications"
2023-01-22 22:05:45.391 &amp#27;[32m INFO&amp#27;[m &amp#27;[35m[@503 - main]&amp#27;[m &amp#27;[36mcom.shaft.tools.io.ReportManager&amp#27;[m : Successfully created attachment "API Request - Body"
2023-01-22 22:05:45.392 &amp#27;[32m INFO&amp#27;[m &amp#27;[35m[@503 - main]&amp#27;[m &amp#27;[36mcom.shaft.tools.io.ReportManager&amp#27;[m : Successfully created attachment "API Response - JSON Body"
2023-01-22 22:05:45.399 &amp#27;[32m INFO&amp#27;[m &amp#27;[35m[@503 - main]&amp#27;[m &amp#27;[36mcom.shaft.tools.io.ReportManager&amp#27;[m : File Action "DoesFileExist" successfully performed. With the following test data "File Path: "SteeringCompanyAPI_TestData/SteeringCompanyAPI_TestData.xlsx"".
2023-01-22 22:05:45.426 &amp#27;[32m INFO&amp#27;[m &amp#27;[35m[@503 - main]&amp#27;[m &amp#27;[36mcom.shaft.tools.io.ReportManager&amp#27;[m : Successfully created attachment "Test Data - Excel"
2023-01-22 22:05:45.426 &amp#27;[32m INFO&amp#27;[m &amp#27;[35m[@503 - main]&amp#27;[m &amp#27;[36mcom.shaft.tools.io.ReportManager&amp#27;[m : File Action "DoesFileExist" successfully performed. With the following test data "File Path: "SteeringCompanyAPI_TestData/SteeringCompanyAPI_TestData.xlsx"".
2023-01-22 22:05:45.448 &amp#27;[32m INFO&amp#27;[m &amp#27;[35m[@503 - main]&amp#27;[m &amp#27;[36mcom.shaft.tools.io.ReportManager&amp#27;[m : Successfully created attachment "Test Data - Excel"
2023-01-22 22:05:45.448 &amp#27;[32m INFO&amp#27;[m &amp#27;[35m[@503 - main]&amp#27;[m &amp#27;[36mcom.shaft.tools.io.ReportManager&amp#27;[m : File Action "DoesFileExist" successfully performed. With the following test data "File Path: "SteeringCompanyAPI_TestData/SteeringCompanyAPI_TestData.xlsx"".
2023-01-22 22:05:45.471 &amp#27;[32m INFO&amp#27;[m &amp#27;[35m[@503 - main]&amp#27;[m &amp#27;[36mcom.shaft.tools.io.ReportManager&amp#27;[m : Successfully created attachment "Test Data - Excel"
2023-01-22 22:05:46.520 &amp#27;[32m INFO&amp#27;[m &amp#27;[35m[@503 - main]&amp#27;[m &amp#27;[36mcom.shaft.tools.io.ReportManager&amp#27;[m : Response status code: "422", status line: "HTTP/1.1 422 "
2023-01-22 22:05:46.529 &amp#27;[32m INFO&amp#27;[m &amp#27;[35m[@503 - main]&amp#27;[m &amp#27;[36mcom.shaft.tools.io.ReportManager&amp#27;[m : Successfully created attachment "API Request - Specifications"
2023-01-22 22:05:46.530 &amp#27;[32m INFO&amp#27;[m &amp#27;[35m[@503 - main]&amp#27;[m &amp#27;[36mcom.shaft.tools.io.ReportManager&amp#27;[m : Successfully created attachment "API Request - JSON Body"
2023-01-22 22:05:46.531 &amp#27;[32m INFO&amp#27;[m &amp#27;[35m[@503 - main]&amp#27;[m &amp#27;[36mcom.shaft.tools.io.ReportManager&amp#27;[m : Successfully created attachment "API Response - JSON Body"
2023-01-22 22:05:46.532 &amp#27;[32m INFO&amp#27;[m &amp#27;[35m[@503 - main]&amp#27;[m &amp#27;[36mcom.shaft.tools.io.ReportManager&amp#27;[m : File Action "DoesFileExist" successfully performed. With the following test data "File Path: "Schemas/ValidationError_schema.json"".
2023-01-22 22:05:46.532 &amp#27;[32m INFO&amp#27;[m &amp#27;[35m[@503 - main]&amp#27;[m &amp#27;[36mcom.shaft.tools.io.ReportManager&amp#27;[m : File Action "DoesFileExist" successfully performed. With the following test data "File Path: "src/test/resources/testDataFiles/Schemas/ValidationError_schema.json"".
2023-01-22 22:05:46.532 &amp#27;[32m INFO&amp#27;[m &amp#27;[35m[@503 - main]&amp#27;[m &amp#27;[36mcom.shaft.tools.io.ReportManager&amp#27;[m : File Action "GetAbsolutePath" successfully performed. With the following test data "Relative Folder Path: "src/test/resources/testDataFiles/Schemas/ValidationError_schema.json"".
2023-01-22 22:05:46.546 &amp#27;[32m INFO&amp#27;[m &amp#27;[35m[@503 - main]&amp#27;[m &amp#27;[36mcom.shaft.tools.io.ReportManager&amp#27;[m : File Action "DoesFileExist" successfully performed. With the following test data "File Path: "C:\eclipse-workspace\MyProjects\TASystemsAPIs\src\test\resources\testDataFiles\Schemas\ValidationError_schema.json"".
2023-01-22 22:05:46.548 &amp#27;[32m INFO&amp#27;[m &amp#27;[35m[@503 - main]&amp#27;[m &amp#27;[36mcom.shaft.tools.io.ReportManager&amp#27;[m : File Action "GetAbsolutePath" successfully performed. With the following test data "Relative Folder Path: "C:\eclipse-workspace\MyProjects\TASystemsAPIs\src\test\resources\testDataFiles\Schemas\ValidationError_schema.json"".
2023-01-22 22:05:46.548 &amp#27;[32m INFO&amp#27;[m &amp#27;[35m[@503 - main]&amp#27;[m &amp#27;[36mcom.shaft.tools.io.ReportManager&amp#27;[m : File Action "ReadFile" successfully performed. With the following test data "File Path: "C:\eclipse-workspace\MyProjects\TASystemsAPIs\src\test\resources\testDataFiles\Schemas\ValidationError_schema.json"".
2023-01-22 22:05:46.551 &amp#27;[32m INFO&amp#27;[m &amp#27;[35m[@503 - main]&amp#27;[m &amp#27;[36mcom.shaft.tools.io.ReportManager&amp#27;[m : Successfully created attachment "Validation Test Data - Expected JSON Value"
2023-01-22 22:05:46.552 &amp#27;[32m INFO&amp#27;[m &amp#27;[35m[@503 - main]&amp#27;[m &amp#27;[36mcom.shaft.tools.io.ReportManager&amp#27;[m : Successfully created attachment "Validation Test Data - Actual JSON Value"
2023-01-22 22:05:46.553 &amp#27;[32m INFO&amp#27;[m &amp#27;[35m[@503 - main]&amp#27;[m &amp#27;[36mcom.shaft.tools.io.ReportManager&amp#27;[m : Successfully created attachment "SHAFT Engine Logs - Current Method log: Add_Policy_With_Missing_Keys_TC"
]]></system-out>
  </testcase>
  <testcase name="Add_Policy_With_Missing_Keys_TC[[Ljava.lang.Object;@5f71b9a6](24)" classname="SteeringCompanyAPI_TestCases.Test_Policies_Cases" time="2.116">
    <system-out><![CDATA[2023-01-22 22:05:46.556 &amp#27;[32m INFO&amp#27;[m &amp#27;[35m[@534 - main]&amp#27;[m &amp#27;[36mcom.shaft.tools.io.ReportManager&amp#27;[m : 
################################################################################################################################################
Starting Execution:	"131 out of 83" test cases in the current suite
Test Method:		"SteeringCompanyAPI_TestCases.Test_Policies_Cases.Add_Policy_With_Missing_Keys_TC"
Test Description:	"TC050 -Policy- Perform Add Policy with Missing Keys"
################################################################################################################################################
2023-01-22 22:05:46.556 &amp#27;[32m INFO&amp#27;[m &amp#27;[35m[@503 - main]&amp#27;[m &amp#27;[36mcom.shaft.tools.io.ReportManager&amp#27;[m : File Action "DoesFileExist" successfully performed. With the following test data "File Path: "SteeringCompanyAPI_TestData/SteeringCompanyAPI_TestData.xlsx"".
2023-01-22 22:05:46.578 &amp#27;[32m INFO&amp#27;[m &amp#27;[35m[@503 - main]&amp#27;[m &amp#27;[36mcom.shaft.tools.io.ReportManager&amp#27;[m : Successfully created attachment "Test Data - Excel"
2023-01-22 22:05:47.630 &amp#27;[32m INFO&amp#27;[m &amp#27;[35m[@503 - main]&amp#27;[m &amp#27;[36mcom.shaft.tools.io.ReportManager&amp#27;[m : Response status code: "200", status line: "HTTP/1.1 200 OK"
2023-01-22 22:05:47.645 &amp#27;[32m INFO&amp#27;[m &amp#27;[35m[@503 - main]&amp#27;[m &amp#27;[36mcom.shaft.tools.io.ReportManager&amp#27;[m : Successfully created attachment "API Request - Specifications"
2023-01-22 22:05:47.647 &amp#27;[32m INFO&amp#27;[m &amp#27;[35m[@503 - main]&amp#27;[m &amp#27;[36mcom.shaft.tools.io.ReportManager&amp#27;[m : Successfully created attachment "API Request - Body"
2023-01-22 22:05:47.648 &amp#27;[32m INFO&amp#27;[m &amp#27;[35m[@503 - main]&amp#27;[m &amp#27;[36mcom.shaft.tools.io.ReportManager&amp#27;[m : Successfully created attachment "API Response - JSON Body"
2023-01-22 22:05:47.658 &amp#27;[32m INFO&amp#27;[m &amp#27;[35m[@503 - main]&amp#27;[m &amp#27;[36mcom.shaft.tools.io.ReportManager&amp#27;[m : File Action "DoesFileExist" successfully performed. With the following test data "File Path: "SteeringCompanyAPI_TestData/SteeringCompanyAPI_TestData.xlsx"".
2023-01-22 22:05:47.683 &amp#27;[32m INFO&amp#27;[m &amp#27;[35m[@503 - main]&amp#27;[m &amp#27;[36mcom.shaft.tools.io.ReportManager&amp#27;[m : Successfully created attachment "Test Data - Excel"
2023-01-22 22:05:47.683 &amp#27;[32m INFO&amp#27;[m &amp#27;[35m[@503 - main]&amp#27;[m &amp#27;[36mcom.shaft.tools.io.ReportManager&amp#27;[m : File Action "DoesFileExist" successfully performed. With the following test data "File Path: "SteeringCompanyAPI_TestData/SteeringCompanyAPI_TestData.xlsx"".
2023-01-22 22:05:47.704 &amp#27;[32m INFO&amp#27;[m &amp#27;[35m[@503 - main]&amp#27;[m &amp#27;[36mcom.shaft.tools.io.ReportManager&amp#27;[m : Successfully created attachment "Test Data - Excel"
2023-01-22 22:05:47.704 &amp#27;[32m INFO&amp#27;[m &amp#27;[35m[@503 - main]&amp#27;[m &amp#27;[36mcom.shaft.tools.io.ReportManager&amp#27;[m : File Action "DoesFileExist" successfully performed. With the following test data "File Path: "SteeringCompanyAPI_TestData/SteeringCompanyAPI_TestData.xlsx"".
2023-01-22 22:05:47.738 &amp#27;[32m INFO&amp#27;[m &amp#27;[35m[@503 - main]&amp#27;[m &amp#27;[36mcom.shaft.tools.io.ReportManager&amp#27;[m : Successfully created attachment "Test Data - Excel"
2023-01-22 22:05:48.650 &amp#27;[32m INFO&amp#27;[m &amp#27;[35m[@503 - main]&amp#27;[m &amp#27;[36mcom.shaft.tools.io.ReportManager&amp#27;[m : Response status code: "422", status line: "HTTP/1.1 422 "
2023-01-22 22:05:48.661 &amp#27;[32m INFO&amp#27;[m &amp#27;[35m[@503 - main]&amp#27;[m &amp#27;[36mcom.shaft.tools.io.ReportManager&amp#27;[m : Successfully created attachment "API Request - Specifications"
2023-01-22 22:05:48.662 &amp#27;[32m INFO&amp#27;[m &amp#27;[35m[@503 - main]&amp#27;[m &amp#27;[36mcom.shaft.tools.io.ReportManager&amp#27;[m : Successfully created attachment "API Request - JSON Body"
2023-01-22 22:05:48.663 &amp#27;[32m INFO&amp#27;[m &amp#27;[35m[@503 - main]&amp#27;[m &amp#27;[36mcom.shaft.tools.io.ReportManager&amp#27;[m : Successfully created attachment "API Response - JSON Body"
2023-01-22 22:05:48.664 &amp#27;[32m INFO&amp#27;[m &amp#27;[35m[@503 - main]&amp#27;[m &amp#27;[36mcom.shaft.tools.io.ReportManager&amp#27;[m : File Action "DoesFileExist" successfully performed. With the following test data "File Path: "Schemas/ValidationError_schema.json"".
2023-01-22 22:05:48.664 &amp#27;[32m INFO&amp#27;[m &amp#27;[35m[@503 - main]&amp#27;[m &amp#27;[36mcom.shaft.tools.io.ReportManager&amp#27;[m : File Action "DoesFileExist" successfully performed. With the following test data "File Path: "src/test/resources/testDataFiles/Schemas/ValidationError_schema.json"".
2023-01-22 22:05:48.664 &amp#27;[32m INFO&amp#27;[m &amp#27;[35m[@503 - main]&amp#27;[m &amp#27;[36mcom.shaft.tools.io.ReportManager&amp#27;[m : File Action "GetAbsolutePath" successfully performed. With the following test data "Relative Folder Path: "src/test/resources/testDataFiles/Schemas/ValidationError_schema.json"".
2023-01-22 22:05:48.666 &amp#27;[32m INFO&amp#27;[m &amp#27;[35m[@503 - main]&amp#27;[m &amp#27;[36mcom.shaft.tools.io.ReportManager&amp#27;[m : File Action "DoesFileExist" successfully performed. With the following test data "File Path: "C:\eclipse-workspace\MyProjects\TASystemsAPIs\src\test\resources\testDataFiles\Schemas\ValidationError_schema.json"".
2023-01-22 22:05:48.666 &amp#27;[32m INFO&amp#27;[m &amp#27;[35m[@503 - main]&amp#27;[m &amp#27;[36mcom.shaft.tools.io.ReportManager&amp#27;[m : File Action "GetAbsolutePath" successfully performed. With the following test data "Relative Folder Path: "C:\eclipse-workspace\MyProjects\TASystemsAPIs\src\test\resources\testDataFiles\Schemas\ValidationError_schema.json"".
2023-01-22 22:05:48.666 &amp#27;[32m INFO&amp#27;[m &amp#27;[35m[@503 - main]&amp#27;[m &amp#27;[36mcom.shaft.tools.io.ReportManager&amp#27;[m : File Action "ReadFile" successfully performed. With the following test data "File Path: "C:\eclipse-workspace\MyProjects\TASystemsAPIs\src\test\resources\testDataFiles\Schemas\ValidationError_schema.json"".
2023-01-22 22:05:48.668 &amp#27;[32m INFO&amp#27;[m &amp#27;[35m[@503 - main]&amp#27;[m &amp#27;[36mcom.shaft.tools.io.ReportManager&amp#27;[m : Successfully created attachment "Validation Test Data - Expected JSON Value"
2023-01-22 22:05:48.669 &amp#27;[32m INFO&amp#27;[m &amp#27;[35m[@503 - main]&amp#27;[m &amp#27;[36mcom.shaft.tools.io.ReportManager&amp#27;[m : Successfully created attachment "Validation Test Data - Actual JSON Value"
2023-01-22 22:05:48.670 &amp#27;[32m INFO&amp#27;[m &amp#27;[35m[@503 - main]&amp#27;[m &amp#27;[36mcom.shaft.tools.io.ReportManager&amp#27;[m : Successfully created attachment "SHAFT Engine Logs - Current Method log: Add_Policy_With_Missing_Keys_TC"
]]></system-out>
  </testcase>
  <testcase name="Add_Policy_With_Missing_Keys_TC[[Ljava.lang.Object;@46305f31](25)" classname="SteeringCompanyAPI_TestCases.Test_Policies_Cases" time="2.369">
    <system-out><![CDATA[2023-01-22 22:05:48.673 &amp#27;[32m INFO&amp#27;[m &amp#27;[35m[@534 - main]&amp#27;[m &amp#27;[36mcom.shaft.tools.io.ReportManager&amp#27;[m : 
################################################################################################################################################
Starting Execution:	"132 out of 83" test cases in the current suite
Test Method:		"SteeringCompanyAPI_TestCases.Test_Policies_Cases.Add_Policy_With_Missing_Keys_TC"
Test Description:	"TC050 -Policy- Perform Add Policy with Missing Keys"
################################################################################################################################################
2023-01-22 22:05:48.673 &amp#27;[32m INFO&amp#27;[m &amp#27;[35m[@503 - main]&amp#27;[m &amp#27;[36mcom.shaft.tools.io.ReportManager&amp#27;[m : File Action "DoesFileExist" successfully performed. With the following test data "File Path: "SteeringCompanyAPI_TestData/SteeringCompanyAPI_TestData.xlsx"".
2023-01-22 22:05:48.697 &amp#27;[32m INFO&amp#27;[m &amp#27;[35m[@503 - main]&amp#27;[m &amp#27;[36mcom.shaft.tools.io.ReportManager&amp#27;[m : Successfully created attachment "Test Data - Excel"
2023-01-22 22:05:49.623 &amp#27;[32m INFO&amp#27;[m &amp#27;[35m[@503 - main]&amp#27;[m &amp#27;[36mcom.shaft.tools.io.ReportManager&amp#27;[m : Response status code: "200", status line: "HTTP/1.1 200 OK"
2023-01-22 22:05:49.639 &amp#27;[32m INFO&amp#27;[m &amp#27;[35m[@503 - main]&amp#27;[m &amp#27;[36mcom.shaft.tools.io.ReportManager&amp#27;[m : Successfully created attachment "API Request - Specifications"
2023-01-22 22:05:49.640 &amp#27;[32m INFO&amp#27;[m &amp#27;[35m[@503 - main]&amp#27;[m &amp#27;[36mcom.shaft.tools.io.ReportManager&amp#27;[m : Successfully created attachment "API Request - Body"
2023-01-22 22:05:49.641 &amp#27;[32m INFO&amp#27;[m &amp#27;[35m[@503 - main]&amp#27;[m &amp#27;[36mcom.shaft.tools.io.ReportManager&amp#27;[m : Successfully created attachment "API Response - JSON Body"
2023-01-22 22:05:49.653 &amp#27;[32m INFO&amp#27;[m &amp#27;[35m[@503 - main]&amp#27;[m &amp#27;[36mcom.shaft.tools.io.ReportManager&amp#27;[m : File Action "DoesFileExist" successfully performed. With the following test data "File Path: "SteeringCompanyAPI_TestData/SteeringCompanyAPI_TestData.xlsx"".
2023-01-22 22:05:49.687 &amp#27;[32m INFO&amp#27;[m &amp#27;[35m[@503 - main]&amp#27;[m &amp#27;[36mcom.shaft.tools.io.ReportManager&amp#27;[m : Successfully created attachment "Test Data - Excel"
2023-01-22 22:05:49.687 &amp#27;[32m INFO&amp#27;[m &amp#27;[35m[@503 - main]&amp#27;[m &amp#27;[36mcom.shaft.tools.io.ReportManager&amp#27;[m : File Action "DoesFileExist" successfully performed. With the following test data "File Path: "SteeringCompanyAPI_TestData/SteeringCompanyAPI_TestData.xlsx"".
2023-01-22 22:05:49.713 &amp#27;[32m INFO&amp#27;[m &amp#27;[35m[@503 - main]&amp#27;[m &amp#27;[36mcom.shaft.tools.io.ReportManager&amp#27;[m : Successfully created attachment "Test Data - Excel"
2023-01-22 22:05:49.714 &amp#27;[32m INFO&amp#27;[m &amp#27;[35m[@503 - main]&amp#27;[m &amp#27;[36mcom.shaft.tools.io.ReportManager&amp#27;[m : File Action "DoesFileExist" successfully performed. With the following test data "File Path: "SteeringCompanyAPI_TestData/SteeringCompanyAPI_TestData.xlsx"".
2023-01-22 22:05:49.738 &amp#27;[32m INFO&amp#27;[m &amp#27;[35m[@503 - main]&amp#27;[m &amp#27;[36mcom.shaft.tools.io.ReportManager&amp#27;[m : Successfully created attachment "Test Data - Excel"
2023-01-22 22:05:51.004 &amp#27;[32m INFO&amp#27;[m &amp#27;[35m[@503 - main]&amp#27;[m &amp#27;[36mcom.shaft.tools.io.ReportManager&amp#27;[m : Response status code: "422", status line: "HTTP/1.1 422 "
2023-01-22 22:05:51.028 &amp#27;[32m INFO&amp#27;[m &amp#27;[35m[@503 - main]&amp#27;[m &amp#27;[36mcom.shaft.tools.io.ReportManager&amp#27;[m : Successfully created attachment "API Request - Specifications"
2023-01-22 22:05:51.029 &amp#27;[32m INFO&amp#27;[m &amp#27;[35m[@503 - main]&amp#27;[m &amp#27;[36mcom.shaft.tools.io.ReportManager&amp#27;[m : Successfully created attachment "API Request - JSON Body"
2023-01-22 22:05:51.030 &amp#27;[32m INFO&amp#27;[m &amp#27;[35m[@503 - main]&amp#27;[m &amp#27;[36mcom.shaft.tools.io.ReportManager&amp#27;[m : Successfully created attachment "API Response - JSON Body"
2023-01-22 22:05:51.030 &amp#27;[32m INFO&amp#27;[m &amp#27;[35m[@503 - main]&amp#27;[m &amp#27;[36mcom.shaft.tools.io.ReportManager&amp#27;[m : File Action "DoesFileExist" successfully performed. With the following test data "File Path: "Schemas/ValidationError_schema.json"".
2023-01-22 22:05:51.032 &amp#27;[32m INFO&amp#27;[m &amp#27;[35m[@503 - main]&amp#27;[m &amp#27;[36mcom.shaft.tools.io.ReportManager&amp#27;[m : File Action "DoesFileExist" successfully performed. With the following test data "File Path: "src/test/resources/testDataFiles/Schemas/ValidationError_schema.json"".
2023-01-22 22:05:51.032 &amp#27;[32m INFO&amp#27;[m &amp#27;[35m[@503 - main]&amp#27;[m &amp#27;[36mcom.shaft.tools.io.ReportManager&amp#27;[m : File Action "GetAbsolutePath" successfully performed. With the following test data "Relative Folder Path: "src/test/resources/testDataFiles/Schemas/ValidationError_schema.json"".
2023-01-22 22:05:51.033 &amp#27;[32m INFO&amp#27;[m &amp#27;[35m[@503 - main]&amp#27;[m &amp#27;[36mcom.shaft.tools.io.ReportManager&amp#27;[m : File Action "DoesFileExist" successfully performed. With the following test data "File Path: "C:\eclipse-workspace\MyProjects\TASystemsAPIs\src\test\resources\testDataFiles\Schemas\ValidationError_schema.json"".
2023-01-22 22:05:51.033 &amp#27;[32m INFO&amp#27;[m &amp#27;[35m[@503 - main]&amp#27;[m &amp#27;[36mcom.shaft.tools.io.ReportManager&amp#27;[m : File Action "GetAbsolutePath" successfully performed. With the following test data "Relative Folder Path: "C:\eclipse-workspace\MyProjects\TASystemsAPIs\src\test\resources\testDataFiles\Schemas\ValidationError_schema.json"".
2023-01-22 22:05:51.035 &amp#27;[32m INFO&amp#27;[m &amp#27;[35m[@503 - main]&amp#27;[m &amp#27;[36mcom.shaft.tools.io.ReportManager&amp#27;[m : File Action "ReadFile" successfully performed. With the following test data "File Path: "C:\eclipse-workspace\MyProjects\TASystemsAPIs\src\test\resources\testDataFiles\Schemas\ValidationError_schema.json"".
2023-01-22 22:05:51.035 &amp#27;[32m INFO&amp#27;[m &amp#27;[35m[@503 - main]&amp#27;[m &amp#27;[36mcom.shaft.tools.io.ReportManager&amp#27;[m : Successfully created attachment "Validation Test Data - Expected JSON Value"
2023-01-22 22:05:51.037 &amp#27;[32m INFO&amp#27;[m &amp#27;[35m[@503 - main]&amp#27;[m &amp#27;[36mcom.shaft.tools.io.ReportManager&amp#27;[m : Successfully created attachment "Validation Test Data - Actual JSON Value"
2023-01-22 22:05:51.037 &amp#27;[32m INFO&amp#27;[m &amp#27;[35m[@503 - main]&amp#27;[m &amp#27;[36mcom.shaft.tools.io.ReportManager&amp#27;[m : Successfully created attachment "SHAFT Engine Logs - Current Method log: Add_Policy_With_Missing_Keys_TC"
]]></system-out>
  </testcase>
  <testcase name="Add_Policy_With_Missing_Keys_TC[[Ljava.lang.Object;@63fe4487](26)" classname="SteeringCompanyAPI_TestCases.Test_Policies_Cases" time="3.703">
    <system-out><![CDATA[2023-01-22 22:05:51.041 &amp#27;[32m INFO&amp#27;[m &amp#27;[35m[@534 - main]&amp#27;[m &amp#27;[36mcom.shaft.tools.io.ReportManager&amp#27;[m : 
################################################################################################################################################
Starting Execution:	"133 out of 83" test cases in the current suite
Test Method:		"SteeringCompanyAPI_TestCases.Test_Policies_Cases.Add_Policy_With_Missing_Keys_TC"
Test Description:	"TC050 -Policy- Perform Add Policy with Missing Keys"
################################################################################################################################################
2023-01-22 22:05:51.042 &amp#27;[32m INFO&amp#27;[m &amp#27;[35m[@503 - main]&amp#27;[m &amp#27;[36mcom.shaft.tools.io.ReportManager&amp#27;[m : File Action "DoesFileExist" successfully performed. With the following test data "File Path: "SteeringCompanyAPI_TestData/SteeringCompanyAPI_TestData.xlsx"".
2023-01-22 22:05:51.068 &amp#27;[32m INFO&amp#27;[m &amp#27;[35m[@503 - main]&amp#27;[m &amp#27;[36mcom.shaft.tools.io.ReportManager&amp#27;[m : Successfully created attachment "Test Data - Excel"
2023-01-22 22:05:53.769 &amp#27;[32m INFO&amp#27;[m &amp#27;[35m[@503 - main]&amp#27;[m &amp#27;[36mcom.shaft.tools.io.ReportManager&amp#27;[m : Response status code: "200", status line: "HTTP/1.1 200 OK"
2023-01-22 22:05:53.784 &amp#27;[32m INFO&amp#27;[m &amp#27;[35m[@503 - main]&amp#27;[m &amp#27;[36mcom.shaft.tools.io.ReportManager&amp#27;[m : Successfully created attachment "API Request - Specifications"
2023-01-22 22:05:53.786 &amp#27;[32m INFO&amp#27;[m &amp#27;[35m[@503 - main]&amp#27;[m &amp#27;[36mcom.shaft.tools.io.ReportManager&amp#27;[m : Successfully created attachment "API Request - Body"
2023-01-22 22:05:53.788 &amp#27;[32m INFO&amp#27;[m &amp#27;[35m[@503 - main]&amp#27;[m &amp#27;[36mcom.shaft.tools.io.ReportManager&amp#27;[m : Successfully created attachment "API Response - JSON Body"
2023-01-22 22:05:53.796 &amp#27;[32m INFO&amp#27;[m &amp#27;[35m[@503 - main]&amp#27;[m &amp#27;[36mcom.shaft.tools.io.ReportManager&amp#27;[m : File Action "DoesFileExist" successfully performed. With the following test data "File Path: "SteeringCompanyAPI_TestData/SteeringCompanyAPI_TestData.xlsx"".
2023-01-22 22:05:53.819 &amp#27;[32m INFO&amp#27;[m &amp#27;[35m[@503 - main]&amp#27;[m &amp#27;[36mcom.shaft.tools.io.ReportManager&amp#27;[m : Successfully created attachment "Test Data - Excel"
2023-01-22 22:05:53.819 &amp#27;[32m INFO&amp#27;[m &amp#27;[35m[@503 - main]&amp#27;[m &amp#27;[36mcom.shaft.tools.io.ReportManager&amp#27;[m : File Action "DoesFileExist" successfully performed. With the following test data "File Path: "SteeringCompanyAPI_TestData/SteeringCompanyAPI_TestData.xlsx"".
2023-01-22 22:05:53.839 &amp#27;[32m INFO&amp#27;[m &amp#27;[35m[@503 - main]&amp#27;[m &amp#27;[36mcom.shaft.tools.io.ReportManager&amp#27;[m : Successfully created attachment "Test Data - Excel"
2023-01-22 22:05:53.839 &amp#27;[32m INFO&amp#27;[m &amp#27;[35m[@503 - main]&amp#27;[m &amp#27;[36mcom.shaft.tools.io.ReportManager&amp#27;[m : File Action "DoesFileExist" successfully performed. With the following test data "File Path: "SteeringCompanyAPI_TestData/SteeringCompanyAPI_TestData.xlsx"".
2023-01-22 22:05:53.871 &amp#27;[32m INFO&amp#27;[m &amp#27;[35m[@503 - main]&amp#27;[m &amp#27;[36mcom.shaft.tools.io.ReportManager&amp#27;[m : Successfully created attachment "Test Data - Excel"
2023-01-22 22:05:54.722 &amp#27;[32m INFO&amp#27;[m &amp#27;[35m[@503 - main]&amp#27;[m &amp#27;[36mcom.shaft.tools.io.ReportManager&amp#27;[m : Response status code: "422", status line: "HTTP/1.1 422 "
2023-01-22 22:05:54.733 &amp#27;[32m INFO&amp#27;[m &amp#27;[35m[@503 - main]&amp#27;[m &amp#27;[36mcom.shaft.tools.io.ReportManager&amp#27;[m : Successfully created attachment "API Request - Specifications"
2023-01-22 22:05:54.734 &amp#27;[32m INFO&amp#27;[m &amp#27;[35m[@503 - main]&amp#27;[m &amp#27;[36mcom.shaft.tools.io.ReportManager&amp#27;[m : Successfully created attachment "API Request - JSON Body"
2023-01-22 22:05:54.736 &amp#27;[32m INFO&amp#27;[m &amp#27;[35m[@503 - main]&amp#27;[m &amp#27;[36mcom.shaft.tools.io.ReportManager&amp#27;[m : Successfully created attachment "API Response - JSON Body"
2023-01-22 22:05:54.736 &amp#27;[32m INFO&amp#27;[m &amp#27;[35m[@503 - main]&amp#27;[m &amp#27;[36mcom.shaft.tools.io.ReportManager&amp#27;[m : File Action "DoesFileExist" successfully performed. With the following test data "File Path: "Schemas/ValidationError_schema.json"".
2023-01-22 22:05:54.736 &amp#27;[32m INFO&amp#27;[m &amp#27;[35m[@503 - main]&amp#27;[m &amp#27;[36mcom.shaft.tools.io.ReportManager&amp#27;[m : File Action "DoesFileExist" successfully performed. With the following test data "File Path: "src/test/resources/testDataFiles/Schemas/ValidationError_schema.json"".
2023-01-22 22:05:54.736 &amp#27;[32m INFO&amp#27;[m &amp#27;[35m[@503 - main]&amp#27;[m &amp#27;[36mcom.shaft.tools.io.ReportManager&amp#27;[m : File Action "GetAbsolutePath" successfully performed. With the following test data "Relative Folder Path: "src/test/resources/testDataFiles/Schemas/ValidationError_schema.json"".
2023-01-22 22:05:54.738 &amp#27;[32m INFO&amp#27;[m &amp#27;[35m[@503 - main]&amp#27;[m &amp#27;[36mcom.shaft.tools.io.ReportManager&amp#27;[m : File Action "DoesFileExist" successfully performed. With the following test data "File Path: "C:\eclipse-workspace\MyProjects\TASystemsAPIs\src\test\resources\testDataFiles\Schemas\ValidationError_schema.json"".
2023-01-22 22:05:54.738 &amp#27;[32m INFO&amp#27;[m &amp#27;[35m[@503 - main]&amp#27;[m &amp#27;[36mcom.shaft.tools.io.ReportManager&amp#27;[m : File Action "GetAbsolutePath" successfully performed. With the following test data "Relative Folder Path: "C:\eclipse-workspace\MyProjects\TASystemsAPIs\src\test\resources\testDataFiles\Schemas\ValidationError_schema.json"".
2023-01-22 22:05:54.738 &amp#27;[32m INFO&amp#27;[m &amp#27;[35m[@503 - main]&amp#27;[m &amp#27;[36mcom.shaft.tools.io.ReportManager&amp#27;[m : File Action "ReadFile" successfully performed. With the following test data "File Path: "C:\eclipse-workspace\MyProjects\TASystemsAPIs\src\test\resources\testDataFiles\Schemas\ValidationError_schema.json"".
2023-01-22 22:05:54.739 &amp#27;[32m INFO&amp#27;[m &amp#27;[35m[@503 - main]&amp#27;[m &amp#27;[36mcom.shaft.tools.io.ReportManager&amp#27;[m : Successfully created attachment "Validation Test Data - Expected JSON Value"
2023-01-22 22:05:54.741 &amp#27;[32m INFO&amp#27;[m &amp#27;[35m[@503 - main]&amp#27;[m &amp#27;[36mcom.shaft.tools.io.ReportManager&amp#27;[m : Successfully created attachment "Validation Test Data - Actual JSON Value"
2023-01-22 22:05:54.741 &amp#27;[32m INFO&amp#27;[m &amp#27;[35m[@503 - main]&amp#27;[m &amp#27;[36mcom.shaft.tools.io.ReportManager&amp#27;[m : Successfully created attachment "SHAFT Engine Logs - Current Method log: Add_Policy_With_Missing_Keys_TC"
]]></system-out>
  </testcase>
  <testcase name="Add_Policy_With_Missing_Keys_TC[[Ljava.lang.Object;@35940766](27)" classname="SteeringCompanyAPI_TestCases.Test_Policies_Cases" time="1.932">
    <system-out><![CDATA[2023-01-22 22:05:54.744 &amp#27;[32m INFO&amp#27;[m &amp#27;[35m[@534 - main]&amp#27;[m &amp#27;[36mcom.shaft.tools.io.ReportManager&amp#27;[m : 
################################################################################################################################################
Starting Execution:	"134 out of 83" test cases in the current suite
Test Method:		"SteeringCompanyAPI_TestCases.Test_Policies_Cases.Add_Policy_With_Missing_Keys_TC"
Test Description:	"TC050 -Policy- Perform Add Policy with Missing Keys"
################################################################################################################################################
2023-01-22 22:05:54.745 &amp#27;[32m INFO&amp#27;[m &amp#27;[35m[@503 - main]&amp#27;[m &amp#27;[36mcom.shaft.tools.io.ReportManager&amp#27;[m : File Action "DoesFileExist" successfully performed. With the following test data "File Path: "SteeringCompanyAPI_TestData/SteeringCompanyAPI_TestData.xlsx"".
2023-01-22 22:05:54.766 &amp#27;[32m INFO&amp#27;[m &amp#27;[35m[@503 - main]&amp#27;[m &amp#27;[36mcom.shaft.tools.io.ReportManager&amp#27;[m : Successfully created attachment "Test Data - Excel"
2023-01-22 22:05:55.692 &amp#27;[32m INFO&amp#27;[m &amp#27;[35m[@503 - main]&amp#27;[m &amp#27;[36mcom.shaft.tools.io.ReportManager&amp#27;[m : Response status code: "200", status line: "HTTP/1.1 200 OK"
2023-01-22 22:05:55.701 &amp#27;[32m INFO&amp#27;[m &amp#27;[35m[@503 - main]&amp#27;[m &amp#27;[36mcom.shaft.tools.io.ReportManager&amp#27;[m : Successfully created attachment "API Request - Specifications"
2023-01-22 22:05:55.702 &amp#27;[32m INFO&amp#27;[m &amp#27;[35m[@503 - main]&amp#27;[m &amp#27;[36mcom.shaft.tools.io.ReportManager&amp#27;[m : Successfully created attachment "API Request - Body"
2023-01-22 22:05:55.704 &amp#27;[32m INFO&amp#27;[m &amp#27;[35m[@503 - main]&amp#27;[m &amp#27;[36mcom.shaft.tools.io.ReportManager&amp#27;[m : Successfully created attachment "API Response - JSON Body"
2023-01-22 22:05:55.712 &amp#27;[32m INFO&amp#27;[m &amp#27;[35m[@503 - main]&amp#27;[m &amp#27;[36mcom.shaft.tools.io.ReportManager&amp#27;[m : File Action "DoesFileExist" successfully performed. With the following test data "File Path: "SteeringCompanyAPI_TestData/SteeringCompanyAPI_TestData.xlsx"".
2023-01-22 22:05:55.748 &amp#27;[32m INFO&amp#27;[m &amp#27;[35m[@503 - main]&amp#27;[m &amp#27;[36mcom.shaft.tools.io.ReportManager&amp#27;[m : Successfully created attachment "Test Data - Excel"
2023-01-22 22:05:55.749 &amp#27;[32m INFO&amp#27;[m &amp#27;[35m[@503 - main]&amp#27;[m &amp#27;[36mcom.shaft.tools.io.ReportManager&amp#27;[m : File Action "DoesFileExist" successfully performed. With the following test data "File Path: "SteeringCompanyAPI_TestData/SteeringCompanyAPI_TestData.xlsx"".
2023-01-22 22:05:55.770 &amp#27;[32m INFO&amp#27;[m &amp#27;[35m[@503 - main]&amp#27;[m &amp#27;[36mcom.shaft.tools.io.ReportManager&amp#27;[m : Successfully created attachment "Test Data - Excel"
2023-01-22 22:05:55.770 &amp#27;[32m INFO&amp#27;[m &amp#27;[35m[@503 - main]&amp#27;[m &amp#27;[36mcom.shaft.tools.io.ReportManager&amp#27;[m : File Action "DoesFileExist" successfully performed. With the following test data "File Path: "SteeringCompanyAPI_TestData/SteeringCompanyAPI_TestData.xlsx"".
2023-01-22 22:05:55.793 &amp#27;[32m INFO&amp#27;[m &amp#27;[35m[@503 - main]&amp#27;[m &amp#27;[36mcom.shaft.tools.io.ReportManager&amp#27;[m : Successfully created attachment "Test Data - Excel"
2023-01-22 22:05:56.643 &amp#27;[32m INFO&amp#27;[m &amp#27;[35m[@503 - main]&amp#27;[m &amp#27;[36mcom.shaft.tools.io.ReportManager&amp#27;[m : Response status code: "422", status line: "HTTP/1.1 422 "
2023-01-22 22:05:56.659 &amp#27;[32m INFO&amp#27;[m &amp#27;[35m[@503 - main]&amp#27;[m &amp#27;[36mcom.shaft.tools.io.ReportManager&amp#27;[m : Successfully created attachment "API Request - Specifications"
2023-01-22 22:05:56.662 &amp#27;[32m INFO&amp#27;[m &amp#27;[35m[@503 - main]&amp#27;[m &amp#27;[36mcom.shaft.tools.io.ReportManager&amp#27;[m : Successfully created attachment "API Request - JSON Body"
2023-01-22 22:05:56.663 &amp#27;[32m INFO&amp#27;[m &amp#27;[35m[@503 - main]&amp#27;[m &amp#27;[36mcom.shaft.tools.io.ReportManager&amp#27;[m : Successfully created attachment "API Response - JSON Body"
2023-01-22 22:05:56.665 &amp#27;[32m INFO&amp#27;[m &amp#27;[35m[@503 - main]&amp#27;[m &amp#27;[36mcom.shaft.tools.io.ReportManager&amp#27;[m : File Action "DoesFileExist" successfully performed. With the following test data "File Path: "Schemas/ValidationError_schema.json"".
2023-01-22 22:05:56.666 &amp#27;[32m INFO&amp#27;[m &amp#27;[35m[@503 - main]&amp#27;[m &amp#27;[36mcom.shaft.tools.io.ReportManager&amp#27;[m : File Action "DoesFileExist" successfully performed. With the following test data "File Path: "src/test/resources/testDataFiles/Schemas/ValidationError_schema.json"".
2023-01-22 22:05:56.666 &amp#27;[32m INFO&amp#27;[m &amp#27;[35m[@503 - main]&amp#27;[m &amp#27;[36mcom.shaft.tools.io.ReportManager&amp#27;[m : File Action "GetAbsolutePath" successfully performed. With the following test data "Relative Folder Path: "src/test/resources/testDataFiles/Schemas/ValidationError_schema.json"".
2023-01-22 22:05:56.669 &amp#27;[32m INFO&amp#27;[m &amp#27;[35m[@503 - main]&amp#27;[m &amp#27;[36mcom.shaft.tools.io.ReportManager&amp#27;[m : File Action "DoesFileExist" successfully performed. With the following test data "File Path: "C:\eclipse-workspace\MyProjects\TASystemsAPIs\src\test\resources\testDataFiles\Schemas\ValidationError_schema.json"".
2023-01-22 22:05:56.669 &amp#27;[32m INFO&amp#27;[m &amp#27;[35m[@503 - main]&amp#27;[m &amp#27;[36mcom.shaft.tools.io.ReportManager&amp#27;[m : File Action "GetAbsolutePath" successfully performed. With the following test data "Relative Folder Path: "C:\eclipse-workspace\MyProjects\TASystemsAPIs\src\test\resources\testDataFiles\Schemas\ValidationError_schema.json"".
2023-01-22 22:05:56.670 &amp#27;[32m INFO&amp#27;[m &amp#27;[35m[@503 - main]&amp#27;[m &amp#27;[36mcom.shaft.tools.io.ReportManager&amp#27;[m : File Action "ReadFile" successfully performed. With the following test data "File Path: "C:\eclipse-workspace\MyProjects\TASystemsAPIs\src\test\resources\testDataFiles\Schemas\ValidationError_schema.json"".
2023-01-22 22:05:56.671 &amp#27;[32m INFO&amp#27;[m &amp#27;[35m[@503 - main]&amp#27;[m &amp#27;[36mcom.shaft.tools.io.ReportManager&amp#27;[m : Successfully created attachment "Validation Test Data - Expected JSON Value"
2023-01-22 22:05:56.672 &amp#27;[32m INFO&amp#27;[m &amp#27;[35m[@503 - main]&amp#27;[m &amp#27;[36mcom.shaft.tools.io.ReportManager&amp#27;[m : Successfully created attachment "Validation Test Data - Actual JSON Value"
2023-01-22 22:05:56.673 &amp#27;[32m INFO&amp#27;[m &amp#27;[35m[@503 - main]&amp#27;[m &amp#27;[36mcom.shaft.tools.io.ReportManager&amp#27;[m : Successfully created attachment "SHAFT Engine Logs - Current Method log: Add_Policy_With_Missing_Keys_TC"
]]></system-out>
  </testcase>
  <testcase name="Add_Policy_With_Missing_Keys_TC[[Ljava.lang.Object;@46e2c6dc](28)" classname="SteeringCompanyAPI_TestCases.Test_Policies_Cases" time="2.074">
    <system-out><![CDATA[2023-01-22 22:05:56.676 &amp#27;[32m INFO&amp#27;[m &amp#27;[35m[@534 - main]&amp#27;[m &amp#27;[36mcom.shaft.tools.io.ReportManager&amp#27;[m : 
################################################################################################################################################
Starting Execution:	"135 out of 83" test cases in the current suite
Test Method:		"SteeringCompanyAPI_TestCases.Test_Policies_Cases.Add_Policy_With_Missing_Keys_TC"
Test Description:	"TC050 -Policy- Perform Add Policy with Missing Keys"
################################################################################################################################################
2023-01-22 22:05:56.676 &amp#27;[32m INFO&amp#27;[m &amp#27;[35m[@503 - main]&amp#27;[m &amp#27;[36mcom.shaft.tools.io.ReportManager&amp#27;[m : File Action "DoesFileExist" successfully performed. With the following test data "File Path: "SteeringCompanyAPI_TestData/SteeringCompanyAPI_TestData.xlsx"".
2023-01-22 22:05:56.704 &amp#27;[32m INFO&amp#27;[m &amp#27;[35m[@503 - main]&amp#27;[m &amp#27;[36mcom.shaft.tools.io.ReportManager&amp#27;[m : Successfully created attachment "Test Data - Excel"
2023-01-22 22:05:57.646 &amp#27;[32m INFO&amp#27;[m &amp#27;[35m[@503 - main]&amp#27;[m &amp#27;[36mcom.shaft.tools.io.ReportManager&amp#27;[m : Response status code: "200", status line: "HTTP/1.1 200 OK"
2023-01-22 22:05:57.659 &amp#27;[32m INFO&amp#27;[m &amp#27;[35m[@503 - main]&amp#27;[m &amp#27;[36mcom.shaft.tools.io.ReportManager&amp#27;[m : Successfully created attachment "API Request - Specifications"
2023-01-22 22:05:57.699 &amp#27;[32m INFO&amp#27;[m &amp#27;[35m[@503 - main]&amp#27;[m &amp#27;[36mcom.shaft.tools.io.ReportManager&amp#27;[m : Successfully created attachment "API Request - Body"
2023-01-22 22:05:57.700 &amp#27;[32m INFO&amp#27;[m &amp#27;[35m[@503 - main]&amp#27;[m &amp#27;[36mcom.shaft.tools.io.ReportManager&amp#27;[m : Successfully created attachment "API Response - JSON Body"
2023-01-22 22:05:57.709 &amp#27;[32m INFO&amp#27;[m &amp#27;[35m[@503 - main]&amp#27;[m &amp#27;[36mcom.shaft.tools.io.ReportManager&amp#27;[m : File Action "DoesFileExist" successfully performed. With the following test data "File Path: "SteeringCompanyAPI_TestData/SteeringCompanyAPI_TestData.xlsx"".
2023-01-22 22:05:57.730 &amp#27;[32m INFO&amp#27;[m &amp#27;[35m[@503 - main]&amp#27;[m &amp#27;[36mcom.shaft.tools.io.ReportManager&amp#27;[m : Successfully created attachment "Test Data - Excel"
2023-01-22 22:05:57.730 &amp#27;[32m INFO&amp#27;[m &amp#27;[35m[@503 - main]&amp#27;[m &amp#27;[36mcom.shaft.tools.io.ReportManager&amp#27;[m : File Action "DoesFileExist" successfully performed. With the following test data "File Path: "SteeringCompanyAPI_TestData/SteeringCompanyAPI_TestData.xlsx"".
2023-01-22 22:05:57.769 &amp#27;[32m INFO&amp#27;[m &amp#27;[35m[@503 - main]&amp#27;[m &amp#27;[36mcom.shaft.tools.io.ReportManager&amp#27;[m : Successfully created attachment "Test Data - Excel"
2023-01-22 22:05:57.770 &amp#27;[32m INFO&amp#27;[m &amp#27;[35m[@503 - main]&amp#27;[m &amp#27;[36mcom.shaft.tools.io.ReportManager&amp#27;[m : File Action "DoesFileExist" successfully performed. With the following test data "File Path: "SteeringCompanyAPI_TestData/SteeringCompanyAPI_TestData.xlsx"".
2023-01-22 22:05:57.803 &amp#27;[32m INFO&amp#27;[m &amp#27;[35m[@503 - main]&amp#27;[m &amp#27;[36mcom.shaft.tools.io.ReportManager&amp#27;[m : Successfully created attachment "Test Data - Excel"
2023-01-22 22:05:58.684 &amp#27;[32m INFO&amp#27;[m &amp#27;[35m[@503 - main]&amp#27;[m &amp#27;[36mcom.shaft.tools.io.ReportManager&amp#27;[m : Response status code: "422", status line: "HTTP/1.1 422 "
2023-01-22 22:05:58.695 &amp#27;[32m INFO&amp#27;[m &amp#27;[35m[@503 - main]&amp#27;[m &amp#27;[36mcom.shaft.tools.io.ReportManager&amp#27;[m : Successfully created attachment "API Request - Specifications"
2023-01-22 22:05:58.697 &amp#27;[32m INFO&amp#27;[m &amp#27;[35m[@503 - main]&amp#27;[m &amp#27;[36mcom.shaft.tools.io.ReportManager&amp#27;[m : Successfully created attachment "API Request - JSON Body"
2023-01-22 22:05:58.697 &amp#27;[32m INFO&amp#27;[m &amp#27;[35m[@503 - main]&amp#27;[m &amp#27;[36mcom.shaft.tools.io.ReportManager&amp#27;[m : Successfully created attachment "API Response - JSON Body"
2023-01-22 22:05:58.698 &amp#27;[32m INFO&amp#27;[m &amp#27;[35m[@503 - main]&amp#27;[m &amp#27;[36mcom.shaft.tools.io.ReportManager&amp#27;[m : File Action "DoesFileExist" successfully performed. With the following test data "File Path: "Schemas/ValidationError_schema.json"".
2023-01-22 22:05:58.698 &amp#27;[32m INFO&amp#27;[m &amp#27;[35m[@503 - main]&amp#27;[m &amp#27;[36mcom.shaft.tools.io.ReportManager&amp#27;[m : File Action "DoesFileExist" successfully performed. With the following test data "File Path: "src/test/resources/testDataFiles/Schemas/ValidationError_schema.json"".
2023-01-22 22:05:58.698 &amp#27;[32m INFO&amp#27;[m &amp#27;[35m[@503 - main]&amp#27;[m &amp#27;[36mcom.shaft.tools.io.ReportManager&amp#27;[m : File Action "GetAbsolutePath" successfully performed. With the following test data "Relative Folder Path: "src/test/resources/testDataFiles/Schemas/ValidationError_schema.json"".
2023-01-22 22:05:58.700 &amp#27;[32m INFO&amp#27;[m &amp#27;[35m[@503 - main]&amp#27;[m &amp#27;[36mcom.shaft.tools.io.ReportManager&amp#27;[m : File Action "DoesFileExist" successfully performed. With the following test data "File Path: "C:\eclipse-workspace\MyProjects\TASystemsAPIs\src\test\resources\testDataFiles\Schemas\ValidationError_schema.json"".
2023-01-22 22:05:58.700 &amp#27;[32m INFO&amp#27;[m &amp#27;[35m[@503 - main]&amp#27;[m &amp#27;[36mcom.shaft.tools.io.ReportManager&amp#27;[m : File Action "GetAbsolutePath" successfully performed. With the following test data "Relative Folder Path: "C:\eclipse-workspace\MyProjects\TASystemsAPIs\src\test\resources\testDataFiles\Schemas\ValidationError_schema.json"".
2023-01-22 22:05:58.701 &amp#27;[32m INFO&amp#27;[m &amp#27;[35m[@503 - main]&amp#27;[m &amp#27;[36mcom.shaft.tools.io.ReportManager&amp#27;[m : File Action "ReadFile" successfully performed. With the following test data "File Path: "C:\eclipse-workspace\MyProjects\TASystemsAPIs\src\test\resources\testDataFiles\Schemas\ValidationError_schema.json"".
2023-01-22 22:05:58.744 &amp#27;[32m INFO&amp#27;[m &amp#27;[35m[@503 - main]&amp#27;[m &amp#27;[36mcom.shaft.tools.io.ReportManager&amp#27;[m : Successfully created attachment "Validation Test Data - Expected JSON Value"
2023-01-22 22:05:58.746 &amp#27;[32m INFO&amp#27;[m &amp#27;[35m[@503 - main]&amp#27;[m &amp#27;[36mcom.shaft.tools.io.ReportManager&amp#27;[m : Successfully created attachment "Validation Test Data - Actual JSON Value"
2023-01-22 22:05:58.747 &amp#27;[32m INFO&amp#27;[m &amp#27;[35m[@503 - main]&amp#27;[m &amp#27;[36mcom.shaft.tools.io.ReportManager&amp#27;[m : Successfully created attachment "SHAFT Engine Logs - Current Method log: Add_Policy_With_Missing_Keys_TC"
]]></system-out>
  </testcase>
  <testcase name="Add_Policy_With_Missing_Keys_TC[[Ljava.lang.Object;@7d194c0b](29)" classname="SteeringCompanyAPI_TestCases.Test_Policies_Cases" time="2.318">
    <system-out><![CDATA[2023-01-22 22:05:58.750 &amp#27;[32m INFO&amp#27;[m &amp#27;[35m[@534 - main]&amp#27;[m &amp#27;[36mcom.shaft.tools.io.ReportManager&amp#27;[m : 
################################################################################################################################################
Starting Execution:	"136 out of 83" test cases in the current suite
Test Method:		"SteeringCompanyAPI_TestCases.Test_Policies_Cases.Add_Policy_With_Missing_Keys_TC"
Test Description:	"TC050 -Policy- Perform Add Policy with Missing Keys"
################################################################################################################################################
2023-01-22 22:05:58.750 &amp#27;[32m INFO&amp#27;[m &amp#27;[35m[@503 - main]&amp#27;[m &amp#27;[36mcom.shaft.tools.io.ReportManager&amp#27;[m : File Action "DoesFileExist" successfully performed. With the following test data "File Path: "SteeringCompanyAPI_TestData/SteeringCompanyAPI_TestData.xlsx"".
2023-01-22 22:05:58.773 &amp#27;[32m INFO&amp#27;[m &amp#27;[35m[@503 - main]&amp#27;[m &amp#27;[36mcom.shaft.tools.io.ReportManager&amp#27;[m : Successfully created attachment "Test Data - Excel"
2023-01-22 22:05:59.999 &amp#27;[32m INFO&amp#27;[m &amp#27;[35m[@503 - main]&amp#27;[m &amp#27;[36mcom.shaft.tools.io.ReportManager&amp#27;[m : Response status code: "200", status line: "HTTP/1.1 200 OK"
2023-01-22 22:06:00.016 &amp#27;[32m INFO&amp#27;[m &amp#27;[35m[@503 - main]&amp#27;[m &amp#27;[36mcom.shaft.tools.io.ReportManager&amp#27;[m : Successfully created attachment "API Request - Specifications"
2023-01-22 22:06:00.017 &amp#27;[32m INFO&amp#27;[m &amp#27;[35m[@503 - main]&amp#27;[m &amp#27;[36mcom.shaft.tools.io.ReportManager&amp#27;[m : Successfully created attachment "API Request - Body"
2023-01-22 22:06:00.018 &amp#27;[32m INFO&amp#27;[m &amp#27;[35m[@503 - main]&amp#27;[m &amp#27;[36mcom.shaft.tools.io.ReportManager&amp#27;[m : Successfully created attachment "API Response - JSON Body"
2023-01-22 22:06:00.032 &amp#27;[32m INFO&amp#27;[m &amp#27;[35m[@503 - main]&amp#27;[m &amp#27;[36mcom.shaft.tools.io.ReportManager&amp#27;[m : File Action "DoesFileExist" successfully performed. With the following test data "File Path: "SteeringCompanyAPI_TestData/SteeringCompanyAPI_TestData.xlsx"".
2023-01-22 22:06:00.065 &amp#27;[32m INFO&amp#27;[m &amp#27;[35m[@503 - main]&amp#27;[m &amp#27;[36mcom.shaft.tools.io.ReportManager&amp#27;[m : Successfully created attachment "Test Data - Excel"
2023-01-22 22:06:00.066 &amp#27;[32m INFO&amp#27;[m &amp#27;[35m[@503 - main]&amp#27;[m &amp#27;[36mcom.shaft.tools.io.ReportManager&amp#27;[m : File Action "DoesFileExist" successfully performed. With the following test data "File Path: "SteeringCompanyAPI_TestData/SteeringCompanyAPI_TestData.xlsx"".
2023-01-22 22:06:00.087 &amp#27;[32m INFO&amp#27;[m &amp#27;[35m[@503 - main]&amp#27;[m &amp#27;[36mcom.shaft.tools.io.ReportManager&amp#27;[m : Successfully created attachment "Test Data - Excel"
2023-01-22 22:06:00.087 &amp#27;[32m INFO&amp#27;[m &amp#27;[35m[@503 - main]&amp#27;[m &amp#27;[36mcom.shaft.tools.io.ReportManager&amp#27;[m : File Action "DoesFileExist" successfully performed. With the following test data "File Path: "SteeringCompanyAPI_TestData/SteeringCompanyAPI_TestData.xlsx"".
2023-01-22 22:06:00.120 &amp#27;[32m INFO&amp#27;[m &amp#27;[35m[@503 - main]&amp#27;[m &amp#27;[36mcom.shaft.tools.io.ReportManager&amp#27;[m : Successfully created attachment "Test Data - Excel"
2023-01-22 22:06:01.042 &amp#27;[32m INFO&amp#27;[m &amp#27;[35m[@503 - main]&amp#27;[m &amp#27;[36mcom.shaft.tools.io.ReportManager&amp#27;[m : Response status code: "422", status line: "HTTP/1.1 422 "
2023-01-22 22:06:01.056 &amp#27;[32m INFO&amp#27;[m &amp#27;[35m[@503 - main]&amp#27;[m &amp#27;[36mcom.shaft.tools.io.ReportManager&amp#27;[m : Successfully created attachment "API Request - Specifications"
2023-01-22 22:06:01.057 &amp#27;[32m INFO&amp#27;[m &amp#27;[35m[@503 - main]&amp#27;[m &amp#27;[36mcom.shaft.tools.io.ReportManager&amp#27;[m : Successfully created attachment "API Request - JSON Body"
2023-01-22 22:06:01.057 &amp#27;[32m INFO&amp#27;[m &amp#27;[35m[@503 - main]&amp#27;[m &amp#27;[36mcom.shaft.tools.io.ReportManager&amp#27;[m : Successfully created attachment "API Response - JSON Body"
2023-01-22 22:06:01.058 &amp#27;[32m INFO&amp#27;[m &amp#27;[35m[@503 - main]&amp#27;[m &amp#27;[36mcom.shaft.tools.io.ReportManager&amp#27;[m : File Action "DoesFileExist" successfully performed. With the following test data "File Path: "Schemas/ValidationError_schema.json"".
2023-01-22 22:06:01.059 &amp#27;[32m INFO&amp#27;[m &amp#27;[35m[@503 - main]&amp#27;[m &amp#27;[36mcom.shaft.tools.io.ReportManager&amp#27;[m : File Action "DoesFileExist" successfully performed. With the following test data "File Path: "src/test/resources/testDataFiles/Schemas/ValidationError_schema.json"".
2023-01-22 22:06:01.059 &amp#27;[32m INFO&amp#27;[m &amp#27;[35m[@503 - main]&amp#27;[m &amp#27;[36mcom.shaft.tools.io.ReportManager&amp#27;[m : File Action "GetAbsolutePath" successfully performed. With the following test data "Relative Folder Path: "src/test/resources/testDataFiles/Schemas/ValidationError_schema.json"".
2023-01-22 22:06:01.061 &amp#27;[32m INFO&amp#27;[m &amp#27;[35m[@503 - main]&amp#27;[m &amp#27;[36mcom.shaft.tools.io.ReportManager&amp#27;[m : File Action "DoesFileExist" successfully performed. With the following test data "File Path: "C:\eclipse-workspace\MyProjects\TASystemsAPIs\src\test\resources\testDataFiles\Schemas\ValidationError_schema.json"".
2023-01-22 22:06:01.062 &amp#27;[32m INFO&amp#27;[m &amp#27;[35m[@503 - main]&amp#27;[m &amp#27;[36mcom.shaft.tools.io.ReportManager&amp#27;[m : File Action "GetAbsolutePath" successfully performed. With the following test data "Relative Folder Path: "C:\eclipse-workspace\MyProjects\TASystemsAPIs\src\test\resources\testDataFiles\Schemas\ValidationError_schema.json"".
2023-01-22 22:06:01.062 &amp#27;[32m INFO&amp#27;[m &amp#27;[35m[@503 - main]&amp#27;[m &amp#27;[36mcom.shaft.tools.io.ReportManager&amp#27;[m : File Action "ReadFile" successfully performed. With the following test data "File Path: "C:\eclipse-workspace\MyProjects\TASystemsAPIs\src\test\resources\testDataFiles\Schemas\ValidationError_schema.json"".
2023-01-22 22:06:01.064 &amp#27;[32m INFO&amp#27;[m &amp#27;[35m[@503 - main]&amp#27;[m &amp#27;[36mcom.shaft.tools.io.ReportManager&amp#27;[m : Successfully created attachment "Validation Test Data - Expected JSON Value"
2023-01-22 22:06:01.064 &amp#27;[32m INFO&amp#27;[m &amp#27;[35m[@503 - main]&amp#27;[m &amp#27;[36mcom.shaft.tools.io.ReportManager&amp#27;[m : Successfully created attachment "Validation Test Data - Actual JSON Value"
2023-01-22 22:06:01.066 &amp#27;[32m INFO&amp#27;[m &amp#27;[35m[@503 - main]&amp#27;[m &amp#27;[36mcom.shaft.tools.io.ReportManager&amp#27;[m : Successfully created attachment "SHAFT Engine Logs - Current Method log: Add_Policy_With_Missing_Keys_TC"
]]></system-out>
  </testcase>
  <testcase name="Add_Policy_With_Missing_Keys_TC[[Ljava.lang.Object;@1b7aa329](30)" classname="SteeringCompanyAPI_TestCases.Test_Policies_Cases" time="1.947">
    <system-out><![CDATA[2023-01-22 22:06:01.068 &amp#27;[32m INFO&amp#27;[m &amp#27;[35m[@534 - main]&amp#27;[m &amp#27;[36mcom.shaft.tools.io.ReportManager&amp#27;[m : 
################################################################################################################################################
Starting Execution:	"137 out of 83" test cases in the current suite
Test Method:		"SteeringCompanyAPI_TestCases.Test_Policies_Cases.Add_Policy_With_Missing_Keys_TC"
Test Description:	"TC050 -Policy- Perform Add Policy with Missing Keys"
################################################################################################################################################
2023-01-22 22:06:01.069 &amp#27;[32m INFO&amp#27;[m &amp#27;[35m[@503 - main]&amp#27;[m &amp#27;[36mcom.shaft.tools.io.ReportManager&amp#27;[m : File Action "DoesFileExist" successfully performed. With the following test data "File Path: "SteeringCompanyAPI_TestData/SteeringCompanyAPI_TestData.xlsx"".
2023-01-22 22:06:01.091 &amp#27;[32m INFO&amp#27;[m &amp#27;[35m[@503 - main]&amp#27;[m &amp#27;[36mcom.shaft.tools.io.ReportManager&amp#27;[m : Successfully created attachment "Test Data - Excel"
2023-01-22 22:06:02.012 &amp#27;[32m INFO&amp#27;[m &amp#27;[35m[@503 - main]&amp#27;[m &amp#27;[36mcom.shaft.tools.io.ReportManager&amp#27;[m : Response status code: "200", status line: "HTTP/1.1 200 OK"
2023-01-22 22:06:02.021 &amp#27;[32m INFO&amp#27;[m &amp#27;[35m[@503 - main]&amp#27;[m &amp#27;[36mcom.shaft.tools.io.ReportManager&amp#27;[m : Successfully created attachment "API Request - Specifications"
2023-01-22 22:06:02.023 &amp#27;[32m INFO&amp#27;[m &amp#27;[35m[@503 - main]&amp#27;[m &amp#27;[36mcom.shaft.tools.io.ReportManager&amp#27;[m : Successfully created attachment "API Request - Body"
2023-01-22 22:06:02.023 &amp#27;[32m INFO&amp#27;[m &amp#27;[35m[@503 - main]&amp#27;[m &amp#27;[36mcom.shaft.tools.io.ReportManager&amp#27;[m : Successfully created attachment "API Response - JSON Body"
2023-01-22 22:06:02.032 &amp#27;[32m INFO&amp#27;[m &amp#27;[35m[@503 - main]&amp#27;[m &amp#27;[36mcom.shaft.tools.io.ReportManager&amp#27;[m : File Action "DoesFileExist" successfully performed. With the following test data "File Path: "SteeringCompanyAPI_TestData/SteeringCompanyAPI_TestData.xlsx"".
2023-01-22 22:06:02.071 &amp#27;[32m INFO&amp#27;[m &amp#27;[35m[@503 - main]&amp#27;[m &amp#27;[36mcom.shaft.tools.io.ReportManager&amp#27;[m : Successfully created attachment "Test Data - Excel"
2023-01-22 22:06:02.071 &amp#27;[32m INFO&amp#27;[m &amp#27;[35m[@503 - main]&amp#27;[m &amp#27;[36mcom.shaft.tools.io.ReportManager&amp#27;[m : File Action "DoesFileExist" successfully performed. With the following test data "File Path: "SteeringCompanyAPI_TestData/SteeringCompanyAPI_TestData.xlsx"".
2023-01-22 22:06:02.103 &amp#27;[32m INFO&amp#27;[m &amp#27;[35m[@503 - main]&amp#27;[m &amp#27;[36mcom.shaft.tools.io.ReportManager&amp#27;[m : Successfully created attachment "Test Data - Excel"
2023-01-22 22:06:02.104 &amp#27;[32m INFO&amp#27;[m &amp#27;[35m[@503 - main]&amp#27;[m &amp#27;[36mcom.shaft.tools.io.ReportManager&amp#27;[m : File Action "DoesFileExist" successfully performed. With the following test data "File Path: "SteeringCompanyAPI_TestData/SteeringCompanyAPI_TestData.xlsx"".
2023-01-22 22:06:02.136 &amp#27;[32m INFO&amp#27;[m &amp#27;[35m[@503 - main]&amp#27;[m &amp#27;[36mcom.shaft.tools.io.ReportManager&amp#27;[m : Successfully created attachment "Test Data - Excel"
2023-01-22 22:06:02.988 &amp#27;[32m INFO&amp#27;[m &amp#27;[35m[@503 - main]&amp#27;[m &amp#27;[36mcom.shaft.tools.io.ReportManager&amp#27;[m : Response status code: "422", status line: "HTTP/1.1 422 "
2023-01-22 22:06:03.001 &amp#27;[32m INFO&amp#27;[m &amp#27;[35m[@503 - main]&amp#27;[m &amp#27;[36mcom.shaft.tools.io.ReportManager&amp#27;[m : Successfully created attachment "API Request - Specifications"
2023-01-22 22:06:03.004 &amp#27;[32m INFO&amp#27;[m &amp#27;[35m[@503 - main]&amp#27;[m &amp#27;[36mcom.shaft.tools.io.ReportManager&amp#27;[m : Successfully created attachment "API Request - JSON Body"
2023-01-22 22:06:03.004 &amp#27;[32m INFO&amp#27;[m &amp#27;[35m[@503 - main]&amp#27;[m &amp#27;[36mcom.shaft.tools.io.ReportManager&amp#27;[m : Successfully created attachment "API Response - JSON Body"
2023-01-22 22:06:03.006 &amp#27;[32m INFO&amp#27;[m &amp#27;[35m[@503 - main]&amp#27;[m &amp#27;[36mcom.shaft.tools.io.ReportManager&amp#27;[m : File Action "DoesFileExist" successfully performed. With the following test data "File Path: "Schemas/ValidationError_schema.json"".
2023-01-22 22:06:03.006 &amp#27;[32m INFO&amp#27;[m &amp#27;[35m[@503 - main]&amp#27;[m &amp#27;[36mcom.shaft.tools.io.ReportManager&amp#27;[m : File Action "DoesFileExist" successfully performed. With the following test data "File Path: "src/test/resources/testDataFiles/Schemas/ValidationError_schema.json"".
2023-01-22 22:06:03.006 &amp#27;[32m INFO&amp#27;[m &amp#27;[35m[@503 - main]&amp#27;[m &amp#27;[36mcom.shaft.tools.io.ReportManager&amp#27;[m : File Action "GetAbsolutePath" successfully performed. With the following test data "Relative Folder Path: "src/test/resources/testDataFiles/Schemas/ValidationError_schema.json"".
2023-01-22 22:06:03.008 &amp#27;[32m INFO&amp#27;[m &amp#27;[35m[@503 - main]&amp#27;[m &amp#27;[36mcom.shaft.tools.io.ReportManager&amp#27;[m : File Action "DoesFileExist" successfully performed. With the following test data "File Path: "C:\eclipse-workspace\MyProjects\TASystemsAPIs\src\test\resources\testDataFiles\Schemas\ValidationError_schema.json"".
2023-01-22 22:06:03.008 &amp#27;[32m INFO&amp#27;[m &amp#27;[35m[@503 - main]&amp#27;[m &amp#27;[36mcom.shaft.tools.io.ReportManager&amp#27;[m : File Action "GetAbsolutePath" successfully performed. With the following test data "Relative Folder Path: "C:\eclipse-workspace\MyProjects\TASystemsAPIs\src\test\resources\testDataFiles\Schemas\ValidationError_schema.json"".
2023-01-22 22:06:03.008 &amp#27;[32m INFO&amp#27;[m &amp#27;[35m[@503 - main]&amp#27;[m &amp#27;[36mcom.shaft.tools.io.ReportManager&amp#27;[m : File Action "ReadFile" successfully performed. With the following test data "File Path: "C:\eclipse-workspace\MyProjects\TASystemsAPIs\src\test\resources\testDataFiles\Schemas\ValidationError_schema.json"".
2023-01-22 22:06:03.009 &amp#27;[32m INFO&amp#27;[m &amp#27;[35m[@503 - main]&amp#27;[m &amp#27;[36mcom.shaft.tools.io.ReportManager&amp#27;[m : Successfully created attachment "Validation Test Data - Expected JSON Value"
2023-01-22 22:06:03.010 &amp#27;[32m INFO&amp#27;[m &amp#27;[35m[@503 - main]&amp#27;[m &amp#27;[36mcom.shaft.tools.io.ReportManager&amp#27;[m : Successfully created attachment "Validation Test Data - Actual JSON Value"
2023-01-22 22:06:03.012 &amp#27;[32m INFO&amp#27;[m &amp#27;[35m[@503 - main]&amp#27;[m &amp#27;[36mcom.shaft.tools.io.ReportManager&amp#27;[m : Successfully created attachment "SHAFT Engine Logs - Current Method log: Add_Policy_With_Missing_Keys_TC"
]]></system-out>
  </testcase>
  <testcase name="Add_Policy_With_Missing_Keys_TC[[Ljava.lang.Object;@48325b11](31)" classname="SteeringCompanyAPI_TestCases.Test_Policies_Cases" time="1.787">
    <system-out><![CDATA[2023-01-22 22:06:03.015 &amp#27;[32m INFO&amp#27;[m &amp#27;[35m[@534 - main]&amp#27;[m &amp#27;[36mcom.shaft.tools.io.ReportManager&amp#27;[m : 
################################################################################################################################################
Starting Execution:	"138 out of 83" test cases in the current suite
Test Method:		"SteeringCompanyAPI_TestCases.Test_Policies_Cases.Add_Policy_With_Missing_Keys_TC"
Test Description:	"TC050 -Policy- Perform Add Policy with Missing Keys"
################################################################################################################################################
2023-01-22 22:06:03.015 &amp#27;[32m INFO&amp#27;[m &amp#27;[35m[@503 - main]&amp#27;[m &amp#27;[36mcom.shaft.tools.io.ReportManager&amp#27;[m : File Action "DoesFileExist" successfully performed. With the following test data "File Path: "SteeringCompanyAPI_TestData/SteeringCompanyAPI_TestData.xlsx"".
2023-01-22 22:06:03.038 &amp#27;[32m INFO&amp#27;[m &amp#27;[35m[@503 - main]&amp#27;[m &amp#27;[36mcom.shaft.tools.io.ReportManager&amp#27;[m : Successfully created attachment "Test Data - Excel"
2023-01-22 22:06:03.933 &amp#27;[32m INFO&amp#27;[m &amp#27;[35m[@503 - main]&amp#27;[m &amp#27;[36mcom.shaft.tools.io.ReportManager&amp#27;[m : Response status code: "200", status line: "HTTP/1.1 200 OK"
2023-01-22 22:06:03.943 &amp#27;[32m INFO&amp#27;[m &amp#27;[35m[@503 - main]&amp#27;[m &amp#27;[36mcom.shaft.tools.io.ReportManager&amp#27;[m : Successfully created attachment "API Request - Specifications"
2023-01-22 22:06:03.943 &amp#27;[32m INFO&amp#27;[m &amp#27;[35m[@503 - main]&amp#27;[m &amp#27;[36mcom.shaft.tools.io.ReportManager&amp#27;[m : Successfully created attachment "API Request - Body"
2023-01-22 22:06:03.945 &amp#27;[32m INFO&amp#27;[m &amp#27;[35m[@503 - main]&amp#27;[m &amp#27;[36mcom.shaft.tools.io.ReportManager&amp#27;[m : Successfully created attachment "API Response - JSON Body"
2023-01-22 22:06:03.952 &amp#27;[32m INFO&amp#27;[m &amp#27;[35m[@503 - main]&amp#27;[m &amp#27;[36mcom.shaft.tools.io.ReportManager&amp#27;[m : File Action "DoesFileExist" successfully performed. With the following test data "File Path: "SteeringCompanyAPI_TestData/SteeringCompanyAPI_TestData.xlsx"".
2023-01-22 22:06:03.983 &amp#27;[32m INFO&amp#27;[m &amp#27;[35m[@503 - main]&amp#27;[m &amp#27;[36mcom.shaft.tools.io.ReportManager&amp#27;[m : Successfully created attachment "Test Data - Excel"
2023-01-22 22:06:03.984 &amp#27;[32m INFO&amp#27;[m &amp#27;[35m[@503 - main]&amp#27;[m &amp#27;[36mcom.shaft.tools.io.ReportManager&amp#27;[m : File Action "DoesFileExist" successfully performed. With the following test data "File Path: "SteeringCompanyAPI_TestData/SteeringCompanyAPI_TestData.xlsx"".
2023-01-22 22:06:04.025 &amp#27;[32m INFO&amp#27;[m &amp#27;[35m[@503 - main]&amp#27;[m &amp#27;[36mcom.shaft.tools.io.ReportManager&amp#27;[m : Successfully created attachment "Test Data - Excel"
2023-01-22 22:06:04.025 &amp#27;[32m INFO&amp#27;[m &amp#27;[35m[@503 - main]&amp#27;[m &amp#27;[36mcom.shaft.tools.io.ReportManager&amp#27;[m : File Action "DoesFileExist" successfully performed. With the following test data "File Path: "SteeringCompanyAPI_TestData/SteeringCompanyAPI_TestData.xlsx"".
2023-01-22 22:06:04.055 &amp#27;[32m INFO&amp#27;[m &amp#27;[35m[@503 - main]&amp#27;[m &amp#27;[36mcom.shaft.tools.io.ReportManager&amp#27;[m : Successfully created attachment "Test Data - Excel"
2023-01-22 22:06:04.762 &amp#27;[32m INFO&amp#27;[m &amp#27;[35m[@503 - main]&amp#27;[m &amp#27;[36mcom.shaft.tools.io.ReportManager&amp#27;[m : Response status code: "422", status line: "HTTP/1.1 422 "
2023-01-22 22:06:04.778 &amp#27;[32m INFO&amp#27;[m &amp#27;[35m[@503 - main]&amp#27;[m &amp#27;[36mcom.shaft.tools.io.ReportManager&amp#27;[m : Successfully created attachment "API Request - Specifications"
2023-01-22 22:06:04.778 &amp#27;[32m INFO&amp#27;[m &amp#27;[35m[@503 - main]&amp#27;[m &amp#27;[36mcom.shaft.tools.io.ReportManager&amp#27;[m : Successfully created attachment "API Request - JSON Body"
2023-01-22 22:06:04.780 &amp#27;[32m INFO&amp#27;[m &amp#27;[35m[@503 - main]&amp#27;[m &amp#27;[36mcom.shaft.tools.io.ReportManager&amp#27;[m : Successfully created attachment "API Response - JSON Body"
2023-01-22 22:06:04.782 &amp#27;[32m INFO&amp#27;[m &amp#27;[35m[@503 - main]&amp#27;[m &amp#27;[36mcom.shaft.tools.io.ReportManager&amp#27;[m : File Action "DoesFileExist" successfully performed. With the following test data "File Path: "Schemas/ValidationError_schema.json"".
2023-01-22 22:06:04.782 &amp#27;[32m INFO&amp#27;[m &amp#27;[35m[@503 - main]&amp#27;[m &amp#27;[36mcom.shaft.tools.io.ReportManager&amp#27;[m : File Action "DoesFileExist" successfully performed. With the following test data "File Path: "src/test/resources/testDataFiles/Schemas/ValidationError_schema.json"".
2023-01-22 22:06:04.782 &amp#27;[32m INFO&amp#27;[m &amp#27;[35m[@503 - main]&amp#27;[m &amp#27;[36mcom.shaft.tools.io.ReportManager&amp#27;[m : File Action "GetAbsolutePath" successfully performed. With the following test data "Relative Folder Path: "src/test/resources/testDataFiles/Schemas/ValidationError_schema.json"".
2023-01-22 22:06:04.794 &amp#27;[32m INFO&amp#27;[m &amp#27;[35m[@503 - main]&amp#27;[m &amp#27;[36mcom.shaft.tools.io.ReportManager&amp#27;[m : File Action "DoesFileExist" successfully performed. With the following test data "File Path: "C:\eclipse-workspace\MyProjects\TASystemsAPIs\src\test\resources\testDataFiles\Schemas\ValidationError_schema.json"".
2023-01-22 22:06:04.794 &amp#27;[32m INFO&amp#27;[m &amp#27;[35m[@503 - main]&amp#27;[m &amp#27;[36mcom.shaft.tools.io.ReportManager&amp#27;[m : File Action "GetAbsolutePath" successfully performed. With the following test data "Relative Folder Path: "C:\eclipse-workspace\MyProjects\TASystemsAPIs\src\test\resources\testDataFiles\Schemas\ValidationError_schema.json"".
2023-01-22 22:06:04.794 &amp#27;[32m INFO&amp#27;[m &amp#27;[35m[@503 - main]&amp#27;[m &amp#27;[36mcom.shaft.tools.io.ReportManager&amp#27;[m : File Action "ReadFile" successfully performed. With the following test data "File Path: "C:\eclipse-workspace\MyProjects\TASystemsAPIs\src\test\resources\testDataFiles\Schemas\ValidationError_schema.json"".
2023-01-22 22:06:04.796 &amp#27;[32m INFO&amp#27;[m &amp#27;[35m[@503 - main]&amp#27;[m &amp#27;[36mcom.shaft.tools.io.ReportManager&amp#27;[m : Successfully created attachment "Validation Test Data - Expected JSON Value"
2023-01-22 22:06:04.797 &amp#27;[32m INFO&amp#27;[m &amp#27;[35m[@503 - main]&amp#27;[m &amp#27;[36mcom.shaft.tools.io.ReportManager&amp#27;[m : Successfully created attachment "Validation Test Data - Actual JSON Value"
2023-01-22 22:06:04.799 &amp#27;[32m INFO&amp#27;[m &amp#27;[35m[@503 - main]&amp#27;[m &amp#27;[36mcom.shaft.tools.io.ReportManager&amp#27;[m : Successfully created attachment "SHAFT Engine Logs - Current Method log: Add_Policy_With_Missing_Keys_TC"
]]></system-out>
  </testcase>
  <testcase name="Add_Policy_With_Missing_Keys_TC[[Ljava.lang.Object;@303284d](32)" classname="SteeringCompanyAPI_TestCases.Test_Policies_Cases" time="1.633">
    <system-out><![CDATA[2023-01-22 22:06:04.802 &amp#27;[32m INFO&amp#27;[m &amp#27;[35m[@534 - main]&amp#27;[m &amp#27;[36mcom.shaft.tools.io.ReportManager&amp#27;[m : 
################################################################################################################################################
Starting Execution:	"139 out of 83" test cases in the current suite
Test Method:		"SteeringCompanyAPI_TestCases.Test_Policies_Cases.Add_Policy_With_Missing_Keys_TC"
Test Description:	"TC050 -Policy- Perform Add Policy with Missing Keys"
################################################################################################################################################
2023-01-22 22:06:04.803 &amp#27;[32m INFO&amp#27;[m &amp#27;[35m[@503 - main]&amp#27;[m &amp#27;[36mcom.shaft.tools.io.ReportManager&amp#27;[m : File Action "DoesFileExist" successfully performed. With the following test data "File Path: "SteeringCompanyAPI_TestData/SteeringCompanyAPI_TestData.xlsx"".
2023-01-22 22:06:04.840 &amp#27;[32m INFO&amp#27;[m &amp#27;[35m[@503 - main]&amp#27;[m &amp#27;[36mcom.shaft.tools.io.ReportManager&amp#27;[m : Successfully created attachment "Test Data - Excel"
2023-01-22 22:06:05.626 &amp#27;[32m INFO&amp#27;[m &amp#27;[35m[@503 - main]&amp#27;[m &amp#27;[36mcom.shaft.tools.io.ReportManager&amp#27;[m : Response status code: "200", status line: "HTTP/1.1 200 OK"
2023-01-22 22:06:05.637 &amp#27;[32m INFO&amp#27;[m &amp#27;[35m[@503 - main]&amp#27;[m &amp#27;[36mcom.shaft.tools.io.ReportManager&amp#27;[m : Successfully created attachment "API Request - Specifications"
2023-01-22 22:06:05.639 &amp#27;[32m INFO&amp#27;[m &amp#27;[35m[@503 - main]&amp#27;[m &amp#27;[36mcom.shaft.tools.io.ReportManager&amp#27;[m : Successfully created attachment "API Request - Body"
2023-01-22 22:06:05.640 &amp#27;[32m INFO&amp#27;[m &amp#27;[35m[@503 - main]&amp#27;[m &amp#27;[36mcom.shaft.tools.io.ReportManager&amp#27;[m : Successfully created attachment "API Response - JSON Body"
2023-01-22 22:06:05.649 &amp#27;[32m INFO&amp#27;[m &amp#27;[35m[@503 - main]&amp#27;[m &amp#27;[36mcom.shaft.tools.io.ReportManager&amp#27;[m : File Action "DoesFileExist" successfully performed. With the following test data "File Path: "SteeringCompanyAPI_TestData/SteeringCompanyAPI_TestData.xlsx"".
2023-01-22 22:06:05.692 &amp#27;[32m INFO&amp#27;[m &amp#27;[35m[@503 - main]&amp#27;[m &amp#27;[36mcom.shaft.tools.io.ReportManager&amp#27;[m : Successfully created attachment "Test Data - Excel"
2023-01-22 22:06:05.692 &amp#27;[32m INFO&amp#27;[m &amp#27;[35m[@503 - main]&amp#27;[m &amp#27;[36mcom.shaft.tools.io.ReportManager&amp#27;[m : File Action "DoesFileExist" successfully performed. With the following test data "File Path: "SteeringCompanyAPI_TestData/SteeringCompanyAPI_TestData.xlsx"".
2023-01-22 22:06:05.718 &amp#27;[32m INFO&amp#27;[m &amp#27;[35m[@503 - main]&amp#27;[m &amp#27;[36mcom.shaft.tools.io.ReportManager&amp#27;[m : Successfully created attachment "Test Data - Excel"
2023-01-22 22:06:05.718 &amp#27;[32m INFO&amp#27;[m &amp#27;[35m[@503 - main]&amp#27;[m &amp#27;[36mcom.shaft.tools.io.ReportManager&amp#27;[m : File Action "DoesFileExist" successfully performed. With the following test data "File Path: "SteeringCompanyAPI_TestData/SteeringCompanyAPI_TestData.xlsx"".
2023-01-22 22:06:05.751 &amp#27;[32m INFO&amp#27;[m &amp#27;[35m[@503 - main]&amp#27;[m &amp#27;[36mcom.shaft.tools.io.ReportManager&amp#27;[m : Successfully created attachment "Test Data - Excel"
2023-01-22 22:06:06.413 &amp#27;[32m INFO&amp#27;[m &amp#27;[35m[@503 - main]&amp#27;[m &amp#27;[36mcom.shaft.tools.io.ReportManager&amp#27;[m : Response status code: "422", status line: "HTTP/1.1 422 "
2023-01-22 22:06:06.425 &amp#27;[32m INFO&amp#27;[m &amp#27;[35m[@503 - main]&amp#27;[m &amp#27;[36mcom.shaft.tools.io.ReportManager&amp#27;[m : Successfully created attachment "API Request - Specifications"
2023-01-22 22:06:06.426 &amp#27;[32m INFO&amp#27;[m &amp#27;[35m[@503 - main]&amp#27;[m &amp#27;[36mcom.shaft.tools.io.ReportManager&amp#27;[m : Successfully created attachment "API Request - JSON Body"
2023-01-22 22:06:06.427 &amp#27;[32m INFO&amp#27;[m &amp#27;[35m[@503 - main]&amp#27;[m &amp#27;[36mcom.shaft.tools.io.ReportManager&amp#27;[m : Successfully created attachment "API Response - JSON Body"
2023-01-22 22:06:06.427 &amp#27;[32m INFO&amp#27;[m &amp#27;[35m[@503 - main]&amp#27;[m &amp#27;[36mcom.shaft.tools.io.ReportManager&amp#27;[m : File Action "DoesFileExist" successfully performed. With the following test data "File Path: "Schemas/ValidationError_schema.json"".
2023-01-22 22:06:06.428 &amp#27;[32m INFO&amp#27;[m &amp#27;[35m[@503 - main]&amp#27;[m &amp#27;[36mcom.shaft.tools.io.ReportManager&amp#27;[m : File Action "DoesFileExist" successfully performed. With the following test data "File Path: "src/test/resources/testDataFiles/Schemas/ValidationError_schema.json"".
2023-01-22 22:06:06.428 &amp#27;[32m INFO&amp#27;[m &amp#27;[35m[@503 - main]&amp#27;[m &amp#27;[36mcom.shaft.tools.io.ReportManager&amp#27;[m : File Action "GetAbsolutePath" successfully performed. With the following test data "Relative Folder Path: "src/test/resources/testDataFiles/Schemas/ValidationError_schema.json"".
2023-01-22 22:06:06.429 &amp#27;[32m INFO&amp#27;[m &amp#27;[35m[@503 - main]&amp#27;[m &amp#27;[36mcom.shaft.tools.io.ReportManager&amp#27;[m : File Action "DoesFileExist" successfully performed. With the following test data "File Path: "C:\eclipse-workspace\MyProjects\TASystemsAPIs\src\test\resources\testDataFiles\Schemas\ValidationError_schema.json"".
2023-01-22 22:06:06.429 &amp#27;[32m INFO&amp#27;[m &amp#27;[35m[@503 - main]&amp#27;[m &amp#27;[36mcom.shaft.tools.io.ReportManager&amp#27;[m : File Action "GetAbsolutePath" successfully performed. With the following test data "Relative Folder Path: "C:\eclipse-workspace\MyProjects\TASystemsAPIs\src\test\resources\testDataFiles\Schemas\ValidationError_schema.json"".
2023-01-22 22:06:06.430 &amp#27;[32m INFO&amp#27;[m &amp#27;[35m[@503 - main]&amp#27;[m &amp#27;[36mcom.shaft.tools.io.ReportManager&amp#27;[m : File Action "ReadFile" successfully performed. With the following test data "File Path: "C:\eclipse-workspace\MyProjects\TASystemsAPIs\src\test\resources\testDataFiles\Schemas\ValidationError_schema.json"".
2023-01-22 22:06:06.431 &amp#27;[32m INFO&amp#27;[m &amp#27;[35m[@503 - main]&amp#27;[m &amp#27;[36mcom.shaft.tools.io.ReportManager&amp#27;[m : Successfully created attachment "Validation Test Data - Expected JSON Value"
2023-01-22 22:06:06.432 &amp#27;[32m INFO&amp#27;[m &amp#27;[35m[@503 - main]&amp#27;[m &amp#27;[36mcom.shaft.tools.io.ReportManager&amp#27;[m : Successfully created attachment "Validation Test Data - Actual JSON Value"
2023-01-22 22:06:06.433 &amp#27;[32m INFO&amp#27;[m &amp#27;[35m[@503 - main]&amp#27;[m &amp#27;[36mcom.shaft.tools.io.ReportManager&amp#27;[m : Successfully created attachment "SHAFT Engine Logs - Current Method log: Add_Policy_With_Missing_Keys_TC"
]]></system-out>
  </testcase>
  <testcase name="Add_Policy_With_Missing_Keys_TC[[Ljava.lang.Object;@76a300b](33)" classname="SteeringCompanyAPI_TestCases.Test_Policies_Cases" time="1.978">
    <system-out><![CDATA[2023-01-22 22:06:06.436 &amp#27;[32m INFO&amp#27;[m &amp#27;[35m[@534 - main]&amp#27;[m &amp#27;[36mcom.shaft.tools.io.ReportManager&amp#27;[m : 
################################################################################################################################################
Starting Execution:	"140 out of 83" test cases in the current suite
Test Method:		"SteeringCompanyAPI_TestCases.Test_Policies_Cases.Add_Policy_With_Missing_Keys_TC"
Test Description:	"TC050 -Policy- Perform Add Policy with Missing Keys"
################################################################################################################################################
2023-01-22 22:06:06.437 &amp#27;[32m INFO&amp#27;[m &amp#27;[35m[@503 - main]&amp#27;[m &amp#27;[36mcom.shaft.tools.io.ReportManager&amp#27;[m : File Action "DoesFileExist" successfully performed. With the following test data "File Path: "SteeringCompanyAPI_TestData/SteeringCompanyAPI_TestData.xlsx"".
2023-01-22 22:06:06.467 &amp#27;[32m INFO&amp#27;[m &amp#27;[35m[@503 - main]&amp#27;[m &amp#27;[36mcom.shaft.tools.io.ReportManager&amp#27;[m : Successfully created attachment "Test Data - Excel"
2023-01-22 22:06:07.255 &amp#27;[32m INFO&amp#27;[m &amp#27;[35m[@503 - main]&amp#27;[m &amp#27;[36mcom.shaft.tools.io.ReportManager&amp#27;[m : Response status code: "200", status line: "HTTP/1.1 200 OK"
2023-01-22 22:06:07.296 &amp#27;[32m INFO&amp#27;[m &amp#27;[35m[@503 - main]&amp#27;[m &amp#27;[36mcom.shaft.tools.io.ReportManager&amp#27;[m : Successfully created attachment "API Request - Specifications"
2023-01-22 22:06:07.297 &amp#27;[32m INFO&amp#27;[m &amp#27;[35m[@503 - main]&amp#27;[m &amp#27;[36mcom.shaft.tools.io.ReportManager&amp#27;[m : Successfully created attachment "API Request - Body"
2023-01-22 22:06:07.299 &amp#27;[32m INFO&amp#27;[m &amp#27;[35m[@503 - main]&amp#27;[m &amp#27;[36mcom.shaft.tools.io.ReportManager&amp#27;[m : Successfully created attachment "API Response - JSON Body"
2023-01-22 22:06:07.309 &amp#27;[32m INFO&amp#27;[m &amp#27;[35m[@503 - main]&amp#27;[m &amp#27;[36mcom.shaft.tools.io.ReportManager&amp#27;[m : File Action "DoesFileExist" successfully performed. With the following test data "File Path: "SteeringCompanyAPI_TestData/SteeringCompanyAPI_TestData.xlsx"".
2023-01-22 22:06:07.341 &amp#27;[32m INFO&amp#27;[m &amp#27;[35m[@503 - main]&amp#27;[m &amp#27;[36mcom.shaft.tools.io.ReportManager&amp#27;[m : Successfully created attachment "Test Data - Excel"
2023-01-22 22:06:07.341 &amp#27;[32m INFO&amp#27;[m &amp#27;[35m[@503 - main]&amp#27;[m &amp#27;[36mcom.shaft.tools.io.ReportManager&amp#27;[m : File Action "DoesFileExist" successfully performed. With the following test data "File Path: "SteeringCompanyAPI_TestData/SteeringCompanyAPI_TestData.xlsx"".
2023-01-22 22:06:07.369 &amp#27;[32m INFO&amp#27;[m &amp#27;[35m[@503 - main]&amp#27;[m &amp#27;[36mcom.shaft.tools.io.ReportManager&amp#27;[m : Successfully created attachment "Test Data - Excel"
2023-01-22 22:06:07.369 &amp#27;[32m INFO&amp#27;[m &amp#27;[35m[@503 - main]&amp#27;[m &amp#27;[36mcom.shaft.tools.io.ReportManager&amp#27;[m : File Action "DoesFileExist" successfully performed. With the following test data "File Path: "SteeringCompanyAPI_TestData/SteeringCompanyAPI_TestData.xlsx"".
2023-01-22 22:06:07.397 &amp#27;[32m INFO&amp#27;[m &amp#27;[35m[@503 - main]&amp#27;[m &amp#27;[36mcom.shaft.tools.io.ReportManager&amp#27;[m : Successfully created attachment "Test Data - Excel"
2023-01-22 22:06:08.385 &amp#27;[32m INFO&amp#27;[m &amp#27;[35m[@503 - main]&amp#27;[m &amp#27;[36mcom.shaft.tools.io.ReportManager&amp#27;[m : Response status code: "422", status line: "HTTP/1.1 422 "
2023-01-22 22:06:08.399 &amp#27;[32m INFO&amp#27;[m &amp#27;[35m[@503 - main]&amp#27;[m &amp#27;[36mcom.shaft.tools.io.ReportManager&amp#27;[m : Successfully created attachment "API Request - Specifications"
2023-01-22 22:06:08.400 &amp#27;[32m INFO&amp#27;[m &amp#27;[35m[@503 - main]&amp#27;[m &amp#27;[36mcom.shaft.tools.io.ReportManager&amp#27;[m : Successfully created attachment "API Request - JSON Body"
2023-01-22 22:06:08.401 &amp#27;[32m INFO&amp#27;[m &amp#27;[35m[@503 - main]&amp#27;[m &amp#27;[36mcom.shaft.tools.io.ReportManager&amp#27;[m : Successfully created attachment "API Response - JSON Body"
2023-01-22 22:06:08.402 &amp#27;[32m INFO&amp#27;[m &amp#27;[35m[@503 - main]&amp#27;[m &amp#27;[36mcom.shaft.tools.io.ReportManager&amp#27;[m : File Action "DoesFileExist" successfully performed. With the following test data "File Path: "Schemas/ValidationError_schema.json"".
2023-01-22 22:06:08.403 &amp#27;[32m INFO&amp#27;[m &amp#27;[35m[@503 - main]&amp#27;[m &amp#27;[36mcom.shaft.tools.io.ReportManager&amp#27;[m : File Action "DoesFileExist" successfully performed. With the following test data "File Path: "src/test/resources/testDataFiles/Schemas/ValidationError_schema.json"".
2023-01-22 22:06:08.403 &amp#27;[32m INFO&amp#27;[m &amp#27;[35m[@503 - main]&amp#27;[m &amp#27;[36mcom.shaft.tools.io.ReportManager&amp#27;[m : File Action "GetAbsolutePath" successfully performed. With the following test data "Relative Folder Path: "src/test/resources/testDataFiles/Schemas/ValidationError_schema.json"".
2023-01-22 22:06:08.406 &amp#27;[32m INFO&amp#27;[m &amp#27;[35m[@503 - main]&amp#27;[m &amp#27;[36mcom.shaft.tools.io.ReportManager&amp#27;[m : File Action "DoesFileExist" successfully performed. With the following test data "File Path: "C:\eclipse-workspace\MyProjects\TASystemsAPIs\src\test\resources\testDataFiles\Schemas\ValidationError_schema.json"".
2023-01-22 22:06:08.406 &amp#27;[32m INFO&amp#27;[m &amp#27;[35m[@503 - main]&amp#27;[m &amp#27;[36mcom.shaft.tools.io.ReportManager&amp#27;[m : File Action "GetAbsolutePath" successfully performed. With the following test data "Relative Folder Path: "C:\eclipse-workspace\MyProjects\TASystemsAPIs\src\test\resources\testDataFiles\Schemas\ValidationError_schema.json"".
2023-01-22 22:06:08.406 &amp#27;[32m INFO&amp#27;[m &amp#27;[35m[@503 - main]&amp#27;[m &amp#27;[36mcom.shaft.tools.io.ReportManager&amp#27;[m : File Action "ReadFile" successfully performed. With the following test data "File Path: "C:\eclipse-workspace\MyProjects\TASystemsAPIs\src\test\resources\testDataFiles\Schemas\ValidationError_schema.json"".
2023-01-22 22:06:08.408 &amp#27;[32m INFO&amp#27;[m &amp#27;[35m[@503 - main]&amp#27;[m &amp#27;[36mcom.shaft.tools.io.ReportManager&amp#27;[m : Successfully created attachment "Validation Test Data - Expected JSON Value"
2023-01-22 22:06:08.408 &amp#27;[32m INFO&amp#27;[m &amp#27;[35m[@503 - main]&amp#27;[m &amp#27;[36mcom.shaft.tools.io.ReportManager&amp#27;[m : Successfully created attachment "Validation Test Data - Actual JSON Value"
2023-01-22 22:06:08.410 &amp#27;[32m INFO&amp#27;[m &amp#27;[35m[@503 - main]&amp#27;[m &amp#27;[36mcom.shaft.tools.io.ReportManager&amp#27;[m : Successfully created attachment "SHAFT Engine Logs - Current Method log: Add_Policy_With_Missing_Keys_TC"
]]></system-out>
  </testcase>
  <testcase name="Add_Policy_With_NotAccepted_data_TC[[Ljava.lang.Object;@2bc38e13](1)" classname="SteeringCompanyAPI_TestCases.Test_Policies_Cases" time="1.763">
    <system-out><![CDATA[2023-01-22 22:06:08.418 &amp#27;[32m INFO&amp#27;[m &amp#27;[35m[@534 - main]&amp#27;[m &amp#27;[36mcom.shaft.tools.io.ReportManager&amp#27;[m : 
################################################################################################################################################
Starting Execution:	"141 out of 83" test cases in the current suite
Test Method:		"SteeringCompanyAPI_TestCases.Test_Policies_Cases.Add_Policy_With_NotAccepted_data_TC"
Test Description:	"TC054 -Policy- Perform Add Policy with NotAccepted data"
################################################################################################################################################
2023-01-22 22:06:08.418 &amp#27;[32m INFO&amp#27;[m &amp#27;[35m[@503 - main]&amp#27;[m &amp#27;[36mcom.shaft.tools.io.ReportManager&amp#27;[m : File Action "DoesFileExist" successfully performed. With the following test data "File Path: "SteeringCompanyAPI_TestData/SteeringCompanyAPI_TestData.xlsx"".
2023-01-22 22:06:08.449 &amp#27;[32m INFO&amp#27;[m &amp#27;[35m[@503 - main]&amp#27;[m &amp#27;[36mcom.shaft.tools.io.ReportManager&amp#27;[m : Successfully created attachment "Test Data - Excel"
2023-01-22 22:06:09.339 &amp#27;[32m INFO&amp#27;[m &amp#27;[35m[@503 - main]&amp#27;[m &amp#27;[36mcom.shaft.tools.io.ReportManager&amp#27;[m : Response status code: "200", status line: "HTTP/1.1 200 OK"
2023-01-22 22:06:09.348 &amp#27;[32m INFO&amp#27;[m &amp#27;[35m[@503 - main]&amp#27;[m &amp#27;[36mcom.shaft.tools.io.ReportManager&amp#27;[m : Successfully created attachment "API Request - Specifications"
2023-01-22 22:06:09.349 &amp#27;[32m INFO&amp#27;[m &amp#27;[35m[@503 - main]&amp#27;[m &amp#27;[36mcom.shaft.tools.io.ReportManager&amp#27;[m : Successfully created attachment "API Request - Body"
2023-01-22 22:06:09.350 &amp#27;[32m INFO&amp#27;[m &amp#27;[35m[@503 - main]&amp#27;[m &amp#27;[36mcom.shaft.tools.io.ReportManager&amp#27;[m : Successfully created attachment "API Response - JSON Body"
2023-01-22 22:06:09.360 &amp#27;[32m INFO&amp#27;[m &amp#27;[35m[@503 - main]&amp#27;[m &amp#27;[36mcom.shaft.tools.io.ReportManager&amp#27;[m : File Action "DoesFileExist" successfully performed. With the following test data "File Path: "SteeringCompanyAPI_TestData/SteeringCompanyAPI_TestData.xlsx"".
2023-01-22 22:06:09.383 &amp#27;[32m INFO&amp#27;[m &amp#27;[35m[@503 - main]&amp#27;[m &amp#27;[36mcom.shaft.tools.io.ReportManager&amp#27;[m : Successfully created attachment "Test Data - Excel"
2023-01-22 22:06:09.384 &amp#27;[32m INFO&amp#27;[m &amp#27;[35m[@503 - main]&amp#27;[m &amp#27;[36mcom.shaft.tools.io.ReportManager&amp#27;[m : File Action "DoesFileExist" successfully performed. With the following test data "File Path: "SteeringCompanyAPI_TestData/SteeringCompanyAPI_TestData.xlsx"".
2023-01-22 22:06:09.406 &amp#27;[32m INFO&amp#27;[m &amp#27;[35m[@503 - main]&amp#27;[m &amp#27;[36mcom.shaft.tools.io.ReportManager&amp#27;[m : Successfully created attachment "Test Data - Excel"
2023-01-22 22:06:09.406 &amp#27;[32m INFO&amp#27;[m &amp#27;[35m[@503 - main]&amp#27;[m &amp#27;[36mcom.shaft.tools.io.ReportManager&amp#27;[m : File Action "DoesFileExist" successfully performed. With the following test data "File Path: "SteeringCompanyAPI_TestData/SteeringCompanyAPI_TestData.xlsx"".
2023-01-22 22:06:09.431 &amp#27;[32m INFO&amp#27;[m &amp#27;[35m[@503 - main]&amp#27;[m &amp#27;[36mcom.shaft.tools.io.ReportManager&amp#27;[m : Successfully created attachment "Test Data - Excel"
2023-01-22 22:06:10.155 &amp#27;[32m INFO&amp#27;[m &amp#27;[35m[@503 - main]&amp#27;[m &amp#27;[36mcom.shaft.tools.io.ReportManager&amp#27;[m : Response status code: "406", status line: "HTTP/1.1 406 "
2023-01-22 22:06:10.170 &amp#27;[32m INFO&amp#27;[m &amp#27;[35m[@503 - main]&amp#27;[m &amp#27;[36mcom.shaft.tools.io.ReportManager&amp#27;[m : Successfully created attachment "API Request - Specifications"
2023-01-22 22:06:10.171 &amp#27;[32m INFO&amp#27;[m &amp#27;[35m[@503 - main]&amp#27;[m &amp#27;[36mcom.shaft.tools.io.ReportManager&amp#27;[m : Successfully created attachment "API Request - JSON Body"
2023-01-22 22:06:10.172 &amp#27;[32m INFO&amp#27;[m &amp#27;[35m[@503 - main]&amp#27;[m &amp#27;[36mcom.shaft.tools.io.ReportManager&amp#27;[m : Successfully created attachment "API Response - JSON Body"
2023-01-22 22:06:10.173 &amp#27;[32m INFO&amp#27;[m &amp#27;[35m[@503 - main]&amp#27;[m &amp#27;[36mcom.shaft.tools.io.ReportManager&amp#27;[m : File Action "DoesFileExist" successfully performed. With the following test data "File Path: "Schemas/NotAcceptable_Response_schema.json"".
2023-01-22 22:06:10.173 &amp#27;[32m INFO&amp#27;[m &amp#27;[35m[@503 - main]&amp#27;[m &amp#27;[36mcom.shaft.tools.io.ReportManager&amp#27;[m : File Action "DoesFileExist" successfully performed. With the following test data "File Path: "src/test/resources/testDataFiles/Schemas/NotAcceptable_Response_schema.json"".
2023-01-22 22:06:10.173 &amp#27;[32m INFO&amp#27;[m &amp#27;[35m[@503 - main]&amp#27;[m &amp#27;[36mcom.shaft.tools.io.ReportManager&amp#27;[m : File Action "GetAbsolutePath" successfully performed. With the following test data "Relative Folder Path: "src/test/resources/testDataFiles/Schemas/NotAcceptable_Response_schema.json"".
2023-01-22 22:06:10.175 &amp#27;[32m INFO&amp#27;[m &amp#27;[35m[@503 - main]&amp#27;[m &amp#27;[36mcom.shaft.tools.io.ReportManager&amp#27;[m : File Action "DoesFileExist" successfully performed. With the following test data "File Path: "C:\eclipse-workspace\MyProjects\TASystemsAPIs\src\test\resources\testDataFiles\Schemas\NotAcceptable_Response_schema.json"".
2023-01-22 22:06:10.175 &amp#27;[32m INFO&amp#27;[m &amp#27;[35m[@503 - main]&amp#27;[m &amp#27;[36mcom.shaft.tools.io.ReportManager&amp#27;[m : File Action "GetAbsolutePath" successfully performed. With the following test data "Relative Folder Path: "C:\eclipse-workspace\MyProjects\TASystemsAPIs\src\test\resources\testDataFiles\Schemas\NotAcceptable_Response_schema.json"".
2023-01-22 22:06:10.175 &amp#27;[32m INFO&amp#27;[m &amp#27;[35m[@503 - main]&amp#27;[m &amp#27;[36mcom.shaft.tools.io.ReportManager&amp#27;[m : File Action "ReadFile" successfully performed. With the following test data "File Path: "C:\eclipse-workspace\MyProjects\TASystemsAPIs\src\test\resources\testDataFiles\Schemas\NotAcceptable_Response_schema.json"".
2023-01-22 22:06:10.176 &amp#27;[32m INFO&amp#27;[m &amp#27;[35m[@503 - main]&amp#27;[m &amp#27;[36mcom.shaft.tools.io.ReportManager&amp#27;[m : Successfully created attachment "Validation Test Data - Expected JSON Value"
2023-01-22 22:06:10.178 &amp#27;[32m INFO&amp#27;[m &amp#27;[35m[@503 - main]&amp#27;[m &amp#27;[36mcom.shaft.tools.io.ReportManager&amp#27;[m : Successfully created attachment "Validation Test Data - Actual JSON Value"
2023-01-22 22:06:10.178 &amp#27;[32m INFO&amp#27;[m &amp#27;[35m[@503 - main]&amp#27;[m &amp#27;[36mcom.shaft.tools.io.ReportManager&amp#27;[m : Successfully created attachment "SHAFT Engine Logs - Current Method log: Add_Policy_With_NotAccepted_data_TC"
]]></system-out>
  </testcase>
  <testcase name="Add_Policy_With_NotAccepted_data_TC[[Ljava.lang.Object;@6612b571](2)" classname="SteeringCompanyAPI_TestCases.Test_Policies_Cases" time="3.684">
    <system-out><![CDATA[2023-01-22 22:06:10.181 &amp#27;[32m INFO&amp#27;[m &amp#27;[35m[@534 - main]&amp#27;[m &amp#27;[36mcom.shaft.tools.io.ReportManager&amp#27;[m : 
################################################################################################################################################
Starting Execution:	"142 out of 83" test cases in the current suite
Test Method:		"SteeringCompanyAPI_TestCases.Test_Policies_Cases.Add_Policy_With_NotAccepted_data_TC"
Test Description:	"TC054 -Policy- Perform Add Policy with NotAccepted data"
################################################################################################################################################
2023-01-22 22:06:10.183 &amp#27;[32m INFO&amp#27;[m &amp#27;[35m[@503 - main]&amp#27;[m &amp#27;[36mcom.shaft.tools.io.ReportManager&amp#27;[m : File Action "DoesFileExist" successfully performed. With the following test data "File Path: "SteeringCompanyAPI_TestData/SteeringCompanyAPI_TestData.xlsx"".
2023-01-22 22:06:10.204 &amp#27;[32m INFO&amp#27;[m &amp#27;[35m[@503 - main]&amp#27;[m &amp#27;[36mcom.shaft.tools.io.ReportManager&amp#27;[m : Successfully created attachment "Test Data - Excel"
2023-01-22 22:06:11.082 &amp#27;[32m INFO&amp#27;[m &amp#27;[35m[@503 - main]&amp#27;[m &amp#27;[36mcom.shaft.tools.io.ReportManager&amp#27;[m : Response status code: "200", status line: "HTTP/1.1 200 OK"
2023-01-22 22:06:11.095 &amp#27;[32m INFO&amp#27;[m &amp#27;[35m[@503 - main]&amp#27;[m &amp#27;[36mcom.shaft.tools.io.ReportManager&amp#27;[m : Successfully created attachment "API Request - Specifications"
2023-01-22 22:06:11.096 &amp#27;[32m INFO&amp#27;[m &amp#27;[35m[@503 - main]&amp#27;[m &amp#27;[36mcom.shaft.tools.io.ReportManager&amp#27;[m : Successfully created attachment "API Request - Body"
2023-01-22 22:06:11.097 &amp#27;[32m INFO&amp#27;[m &amp#27;[35m[@503 - main]&amp#27;[m &amp#27;[36mcom.shaft.tools.io.ReportManager&amp#27;[m : Successfully created attachment "API Response - JSON Body"
2023-01-22 22:06:11.107 &amp#27;[32m INFO&amp#27;[m &amp#27;[35m[@503 - main]&amp#27;[m &amp#27;[36mcom.shaft.tools.io.ReportManager&amp#27;[m : File Action "DoesFileExist" successfully performed. With the following test data "File Path: "SteeringCompanyAPI_TestData/SteeringCompanyAPI_TestData.xlsx"".
2023-01-22 22:06:11.130 &amp#27;[32m INFO&amp#27;[m &amp#27;[35m[@503 - main]&amp#27;[m &amp#27;[36mcom.shaft.tools.io.ReportManager&amp#27;[m : Successfully created attachment "Test Data - Excel"
2023-01-22 22:06:11.130 &amp#27;[32m INFO&amp#27;[m &amp#27;[35m[@503 - main]&amp#27;[m &amp#27;[36mcom.shaft.tools.io.ReportManager&amp#27;[m : File Action "DoesFileExist" successfully performed. With the following test data "File Path: "SteeringCompanyAPI_TestData/SteeringCompanyAPI_TestData.xlsx"".
2023-01-22 22:06:11.156 &amp#27;[32m INFO&amp#27;[m &amp#27;[35m[@503 - main]&amp#27;[m &amp#27;[36mcom.shaft.tools.io.ReportManager&amp#27;[m : Successfully created attachment "Test Data - Excel"
2023-01-22 22:06:11.157 &amp#27;[32m INFO&amp#27;[m &amp#27;[35m[@503 - main]&amp#27;[m &amp#27;[36mcom.shaft.tools.io.ReportManager&amp#27;[m : File Action "DoesFileExist" successfully performed. With the following test data "File Path: "SteeringCompanyAPI_TestData/SteeringCompanyAPI_TestData.xlsx"".
2023-01-22 22:06:11.188 &amp#27;[32m INFO&amp#27;[m &amp#27;[35m[@503 - main]&amp#27;[m &amp#27;[36mcom.shaft.tools.io.ReportManager&amp#27;[m : Successfully created attachment "Test Data - Excel"
2023-01-22 22:06:13.840 &amp#27;[32m INFO&amp#27;[m &amp#27;[35m[@503 - main]&amp#27;[m &amp#27;[36mcom.shaft.tools.io.ReportManager&amp#27;[m : Response status code: "406", status line: "HTTP/1.1 406 "
2023-01-22 22:06:13.855 &amp#27;[32m INFO&amp#27;[m &amp#27;[35m[@503 - main]&amp#27;[m &amp#27;[36mcom.shaft.tools.io.ReportManager&amp#27;[m : Successfully created attachment "API Request - Specifications"
2023-01-22 22:06:13.856 &amp#27;[32m INFO&amp#27;[m &amp#27;[35m[@503 - main]&amp#27;[m &amp#27;[36mcom.shaft.tools.io.ReportManager&amp#27;[m : Successfully created attachment "API Request - JSON Body"
2023-01-22 22:06:13.857 &amp#27;[32m INFO&amp#27;[m &amp#27;[35m[@503 - main]&amp#27;[m &amp#27;[36mcom.shaft.tools.io.ReportManager&amp#27;[m : Successfully created attachment "API Response - JSON Body"
2023-01-22 22:06:13.857 &amp#27;[32m INFO&amp#27;[m &amp#27;[35m[@503 - main]&amp#27;[m &amp#27;[36mcom.shaft.tools.io.ReportManager&amp#27;[m : File Action "DoesFileExist" successfully performed. With the following test data "File Path: "Schemas/NotAcceptable_Response_schema.json"".
2023-01-22 22:06:13.857 &amp#27;[32m INFO&amp#27;[m &amp#27;[35m[@503 - main]&amp#27;[m &amp#27;[36mcom.shaft.tools.io.ReportManager&amp#27;[m : File Action "DoesFileExist" successfully performed. With the following test data "File Path: "src/test/resources/testDataFiles/Schemas/NotAcceptable_Response_schema.json"".
2023-01-22 22:06:13.857 &amp#27;[32m INFO&amp#27;[m &amp#27;[35m[@503 - main]&amp#27;[m &amp#27;[36mcom.shaft.tools.io.ReportManager&amp#27;[m : File Action "GetAbsolutePath" successfully performed. With the following test data "Relative Folder Path: "src/test/resources/testDataFiles/Schemas/NotAcceptable_Response_schema.json"".
2023-01-22 22:06:13.859 &amp#27;[32m INFO&amp#27;[m &amp#27;[35m[@503 - main]&amp#27;[m &amp#27;[36mcom.shaft.tools.io.ReportManager&amp#27;[m : File Action "DoesFileExist" successfully performed. With the following test data "File Path: "C:\eclipse-workspace\MyProjects\TASystemsAPIs\src\test\resources\testDataFiles\Schemas\NotAcceptable_Response_schema.json"".
2023-01-22 22:06:13.859 &amp#27;[32m INFO&amp#27;[m &amp#27;[35m[@503 - main]&amp#27;[m &amp#27;[36mcom.shaft.tools.io.ReportManager&amp#27;[m : File Action "GetAbsolutePath" successfully performed. With the following test data "Relative Folder Path: "C:\eclipse-workspace\MyProjects\TASystemsAPIs\src\test\resources\testDataFiles\Schemas\NotAcceptable_Response_schema.json"".
2023-01-22 22:06:13.859 &amp#27;[32m INFO&amp#27;[m &amp#27;[35m[@503 - main]&amp#27;[m &amp#27;[36mcom.shaft.tools.io.ReportManager&amp#27;[m : File Action "ReadFile" successfully performed. With the following test data "File Path: "C:\eclipse-workspace\MyProjects\TASystemsAPIs\src\test\resources\testDataFiles\Schemas\NotAcceptable_Response_schema.json"".
2023-01-22 22:06:13.860 &amp#27;[32m INFO&amp#27;[m &amp#27;[35m[@503 - main]&amp#27;[m &amp#27;[36mcom.shaft.tools.io.ReportManager&amp#27;[m : Successfully created attachment "Validation Test Data - Expected JSON Value"
2023-01-22 22:06:13.862 &amp#27;[32m INFO&amp#27;[m &amp#27;[35m[@503 - main]&amp#27;[m &amp#27;[36mcom.shaft.tools.io.ReportManager&amp#27;[m : Successfully created attachment "Validation Test Data - Actual JSON Value"
2023-01-22 22:06:13.862 &amp#27;[32m INFO&amp#27;[m &amp#27;[35m[@503 - main]&amp#27;[m &amp#27;[36mcom.shaft.tools.io.ReportManager&amp#27;[m : Successfully created attachment "SHAFT Engine Logs - Current Method log: Add_Policy_With_NotAccepted_data_TC"
]]></system-out>
  </testcase>
  <testcase name="Add_Policy_With_NotAccepted_data_TC[[Ljava.lang.Object;@2fc1964](3)" classname="SteeringCompanyAPI_TestCases.Test_Policies_Cases" time="1.664">
    <system-out><![CDATA[2023-01-22 22:06:13.865 &amp#27;[32m INFO&amp#27;[m &amp#27;[35m[@534 - main]&amp#27;[m &amp#27;[36mcom.shaft.tools.io.ReportManager&amp#27;[m : 
################################################################################################################################################
Starting Execution:	"143 out of 83" test cases in the current suite
Test Method:		"SteeringCompanyAPI_TestCases.Test_Policies_Cases.Add_Policy_With_NotAccepted_data_TC"
Test Description:	"TC054 -Policy- Perform Add Policy with NotAccepted data"
################################################################################################################################################
2023-01-22 22:06:13.866 &amp#27;[32m INFO&amp#27;[m &amp#27;[35m[@503 - main]&amp#27;[m &amp#27;[36mcom.shaft.tools.io.ReportManager&amp#27;[m : File Action "DoesFileExist" successfully performed. With the following test data "File Path: "SteeringCompanyAPI_TestData/SteeringCompanyAPI_TestData.xlsx"".
2023-01-22 22:06:13.899 &amp#27;[32m INFO&amp#27;[m &amp#27;[35m[@503 - main]&amp#27;[m &amp#27;[36mcom.shaft.tools.io.ReportManager&amp#27;[m : Successfully created attachment "Test Data - Excel"
2023-01-22 22:06:14.765 &amp#27;[32m INFO&amp#27;[m &amp#27;[35m[@503 - main]&amp#27;[m &amp#27;[36mcom.shaft.tools.io.ReportManager&amp#27;[m : Response status code: "200", status line: "HTTP/1.1 200 OK"
2023-01-22 22:06:14.777 &amp#27;[32m INFO&amp#27;[m &amp#27;[35m[@503 - main]&amp#27;[m &amp#27;[36mcom.shaft.tools.io.ReportManager&amp#27;[m : Successfully created attachment "API Request - Specifications"
2023-01-22 22:06:14.777 &amp#27;[32m INFO&amp#27;[m &amp#27;[35m[@503 - main]&amp#27;[m &amp#27;[36mcom.shaft.tools.io.ReportManager&amp#27;[m : Successfully created attachment "API Request - Body"
2023-01-22 22:06:14.778 &amp#27;[32m INFO&amp#27;[m &amp#27;[35m[@503 - main]&amp#27;[m &amp#27;[36mcom.shaft.tools.io.ReportManager&amp#27;[m : Successfully created attachment "API Response - JSON Body"
2023-01-22 22:06:14.789 &amp#27;[32m INFO&amp#27;[m &amp#27;[35m[@503 - main]&amp#27;[m &amp#27;[36mcom.shaft.tools.io.ReportManager&amp#27;[m : File Action "DoesFileExist" successfully performed. With the following test data "File Path: "SteeringCompanyAPI_TestData/SteeringCompanyAPI_TestData.xlsx"".
2023-01-22 22:06:14.811 &amp#27;[32m INFO&amp#27;[m &amp#27;[35m[@503 - main]&amp#27;[m &amp#27;[36mcom.shaft.tools.io.ReportManager&amp#27;[m : Successfully created attachment "Test Data - Excel"
2023-01-22 22:06:14.811 &amp#27;[32m INFO&amp#27;[m &amp#27;[35m[@503 - main]&amp#27;[m &amp#27;[36mcom.shaft.tools.io.ReportManager&amp#27;[m : File Action "DoesFileExist" successfully performed. With the following test data "File Path: "SteeringCompanyAPI_TestData/SteeringCompanyAPI_TestData.xlsx"".
2023-01-22 22:06:14.837 &amp#27;[32m INFO&amp#27;[m &amp#27;[35m[@503 - main]&amp#27;[m &amp#27;[36mcom.shaft.tools.io.ReportManager&amp#27;[m : Successfully created attachment "Test Data - Excel"
2023-01-22 22:06:14.837 &amp#27;[32m INFO&amp#27;[m &amp#27;[35m[@503 - main]&amp#27;[m &amp#27;[36mcom.shaft.tools.io.ReportManager&amp#27;[m : File Action "DoesFileExist" successfully performed. With the following test data "File Path: "SteeringCompanyAPI_TestData/SteeringCompanyAPI_TestData.xlsx"".
2023-01-22 22:06:14.858 &amp#27;[32m INFO&amp#27;[m &amp#27;[35m[@503 - main]&amp#27;[m &amp#27;[36mcom.shaft.tools.io.ReportManager&amp#27;[m : Successfully created attachment "Test Data - Excel"
2023-01-22 22:06:15.507 &amp#27;[32m INFO&amp#27;[m &amp#27;[35m[@503 - main]&amp#27;[m &amp#27;[36mcom.shaft.tools.io.ReportManager&amp#27;[m : Response status code: "406", status line: "HTTP/1.1 406 "
2023-01-22 22:06:15.519 &amp#27;[32m INFO&amp#27;[m &amp#27;[35m[@503 - main]&amp#27;[m &amp#27;[36mcom.shaft.tools.io.ReportManager&amp#27;[m : Successfully created attachment "API Request - Specifications"
2023-01-22 22:06:15.520 &amp#27;[32m INFO&amp#27;[m &amp#27;[35m[@503 - main]&amp#27;[m &amp#27;[36mcom.shaft.tools.io.ReportManager&amp#27;[m : Successfully created attachment "API Request - JSON Body"
2023-01-22 22:06:15.521 &amp#27;[32m INFO&amp#27;[m &amp#27;[35m[@503 - main]&amp#27;[m &amp#27;[36mcom.shaft.tools.io.ReportManager&amp#27;[m : Successfully created attachment "API Response - JSON Body"
2023-01-22 22:06:15.521 &amp#27;[32m INFO&amp#27;[m &amp#27;[35m[@503 - main]&amp#27;[m &amp#27;[36mcom.shaft.tools.io.ReportManager&amp#27;[m : File Action "DoesFileExist" successfully performed. With the following test data "File Path: "Schemas/NotAcceptable_Response_schema.json"".
2023-01-22 22:06:15.521 &amp#27;[32m INFO&amp#27;[m &amp#27;[35m[@503 - main]&amp#27;[m &amp#27;[36mcom.shaft.tools.io.ReportManager&amp#27;[m : File Action "DoesFileExist" successfully performed. With the following test data "File Path: "src/test/resources/testDataFiles/Schemas/NotAcceptable_Response_schema.json"".
2023-01-22 22:06:15.522 &amp#27;[32m INFO&amp#27;[m &amp#27;[35m[@503 - main]&amp#27;[m &amp#27;[36mcom.shaft.tools.io.ReportManager&amp#27;[m : File Action "GetAbsolutePath" successfully performed. With the following test data "Relative Folder Path: "src/test/resources/testDataFiles/Schemas/NotAcceptable_Response_schema.json"".
2023-01-22 22:06:15.523 &amp#27;[32m INFO&amp#27;[m &amp#27;[35m[@503 - main]&amp#27;[m &amp#27;[36mcom.shaft.tools.io.ReportManager&amp#27;[m : File Action "DoesFileExist" successfully performed. With the following test data "File Path: "C:\eclipse-workspace\MyProjects\TASystemsAPIs\src\test\resources\testDataFiles\Schemas\NotAcceptable_Response_schema.json"".
2023-01-22 22:06:15.523 &amp#27;[32m INFO&amp#27;[m &amp#27;[35m[@503 - main]&amp#27;[m &amp#27;[36mcom.shaft.tools.io.ReportManager&amp#27;[m : File Action "GetAbsolutePath" successfully performed. With the following test data "Relative Folder Path: "C:\eclipse-workspace\MyProjects\TASystemsAPIs\src\test\resources\testDataFiles\Schemas\NotAcceptable_Response_schema.json"".
2023-01-22 22:06:15.523 &amp#27;[32m INFO&amp#27;[m &amp#27;[35m[@503 - main]&amp#27;[m &amp#27;[36mcom.shaft.tools.io.ReportManager&amp#27;[m : File Action "ReadFile" successfully performed. With the following test data "File Path: "C:\eclipse-workspace\MyProjects\TASystemsAPIs\src\test\resources\testDataFiles\Schemas\NotAcceptable_Response_schema.json"".
2023-01-22 22:06:15.524 &amp#27;[32m INFO&amp#27;[m &amp#27;[35m[@503 - main]&amp#27;[m &amp#27;[36mcom.shaft.tools.io.ReportManager&amp#27;[m : Successfully created attachment "Validation Test Data - Expected JSON Value"
2023-01-22 22:06:15.525 &amp#27;[32m INFO&amp#27;[m &amp#27;[35m[@503 - main]&amp#27;[m &amp#27;[36mcom.shaft.tools.io.ReportManager&amp#27;[m : Successfully created attachment "Validation Test Data - Actual JSON Value"
2023-01-22 22:06:15.526 &amp#27;[32m INFO&amp#27;[m &amp#27;[35m[@503 - main]&amp#27;[m &amp#27;[36mcom.shaft.tools.io.ReportManager&amp#27;[m : Successfully created attachment "SHAFT Engine Logs - Current Method log: Add_Policy_With_NotAccepted_data_TC"
]]></system-out>
  </testcase>
  <testcase name="Add_Policy_With_NotFound_data_TC[[Ljava.lang.Object;@7147d4e9](1)" classname="SteeringCompanyAPI_TestCases.Test_Policies_Cases" time="2.22">
    <system-out><![CDATA[2023-01-22 22:06:15.534 &amp#27;[32m INFO&amp#27;[m &amp#27;[35m[@534 - main]&amp#27;[m &amp#27;[36mcom.shaft.tools.io.ReportManager&amp#27;[m : 
################################################################################################################################################
Starting Execution:	"144 out of 83" test cases in the current suite
Test Method:		"SteeringCompanyAPI_TestCases.Test_Policies_Cases.Add_Policy_With_NotFound_data_TC"
Test Description:	"TC056 -Policy- Perform Add Policy with NotFound data"
################################################################################################################################################
2023-01-22 22:06:15.535 &amp#27;[32m INFO&amp#27;[m &amp#27;[35m[@503 - main]&amp#27;[m &amp#27;[36mcom.shaft.tools.io.ReportManager&amp#27;[m : File Action "DoesFileExist" successfully performed. With the following test data "File Path: "SteeringCompanyAPI_TestData/SteeringCompanyAPI_TestData.xlsx"".
2023-01-22 22:06:15.558 &amp#27;[32m INFO&amp#27;[m &amp#27;[35m[@503 - main]&amp#27;[m &amp#27;[36mcom.shaft.tools.io.ReportManager&amp#27;[m : Successfully created attachment "Test Data - Excel"
2023-01-22 22:06:16.733 &amp#27;[32m INFO&amp#27;[m &amp#27;[35m[@503 - main]&amp#27;[m &amp#27;[36mcom.shaft.tools.io.ReportManager&amp#27;[m : Response status code: "200", status line: "HTTP/1.1 200 OK"
2023-01-22 22:06:16.743 &amp#27;[32m INFO&amp#27;[m &amp#27;[35m[@503 - main]&amp#27;[m &amp#27;[36mcom.shaft.tools.io.ReportManager&amp#27;[m : Successfully created attachment "API Request - Specifications"
2023-01-22 22:06:16.744 &amp#27;[32m INFO&amp#27;[m &amp#27;[35m[@503 - main]&amp#27;[m &amp#27;[36mcom.shaft.tools.io.ReportManager&amp#27;[m : Successfully created attachment "API Request - Body"
2023-01-22 22:06:16.745 &amp#27;[32m INFO&amp#27;[m &amp#27;[35m[@503 - main]&amp#27;[m &amp#27;[36mcom.shaft.tools.io.ReportManager&amp#27;[m : Successfully created attachment "API Response - JSON Body"
2023-01-22 22:06:16.752 &amp#27;[32m INFO&amp#27;[m &amp#27;[35m[@503 - main]&amp#27;[m &amp#27;[36mcom.shaft.tools.io.ReportManager&amp#27;[m : File Action "DoesFileExist" successfully performed. With the following test data "File Path: "SteeringCompanyAPI_TestData/SteeringCompanyAPI_TestData.xlsx"".
2023-01-22 22:06:16.774 &amp#27;[32m INFO&amp#27;[m &amp#27;[35m[@503 - main]&amp#27;[m &amp#27;[36mcom.shaft.tools.io.ReportManager&amp#27;[m : Successfully created attachment "Test Data - Excel"
2023-01-22 22:06:16.774 &amp#27;[32m INFO&amp#27;[m &amp#27;[35m[@503 - main]&amp#27;[m &amp#27;[36mcom.shaft.tools.io.ReportManager&amp#27;[m : File Action "DoesFileExist" successfully performed. With the following test data "File Path: "SteeringCompanyAPI_TestData/SteeringCompanyAPI_TestData.xlsx"".
2023-01-22 22:06:16.796 &amp#27;[32m INFO&amp#27;[m &amp#27;[35m[@503 - main]&amp#27;[m &amp#27;[36mcom.shaft.tools.io.ReportManager&amp#27;[m : Successfully created attachment "Test Data - Excel"
2023-01-22 22:06:16.796 &amp#27;[32m INFO&amp#27;[m &amp#27;[35m[@503 - main]&amp#27;[m &amp#27;[36mcom.shaft.tools.io.ReportManager&amp#27;[m : File Action "DoesFileExist" successfully performed. With the following test data "File Path: "SteeringCompanyAPI_TestData/SteeringCompanyAPI_TestData.xlsx"".
2023-01-22 22:06:16.821 &amp#27;[32m INFO&amp#27;[m &amp#27;[35m[@503 - main]&amp#27;[m &amp#27;[36mcom.shaft.tools.io.ReportManager&amp#27;[m : Successfully created attachment "Test Data - Excel"
2023-01-22 22:06:17.734 &amp#27;[32m INFO&amp#27;[m &amp#27;[35m[@503 - main]&amp#27;[m &amp#27;[36mcom.shaft.tools.io.ReportManager&amp#27;[m : Response status code: "404", status line: "HTTP/1.1 404 "
2023-01-22 22:06:17.745 &amp#27;[32m INFO&amp#27;[m &amp#27;[35m[@503 - main]&amp#27;[m &amp#27;[36mcom.shaft.tools.io.ReportManager&amp#27;[m : Successfully created attachment "API Request - Specifications"
2023-01-22 22:06:17.746 &amp#27;[32m INFO&amp#27;[m &amp#27;[35m[@503 - main]&amp#27;[m &amp#27;[36mcom.shaft.tools.io.ReportManager&amp#27;[m : Successfully created attachment "API Request - JSON Body"
2023-01-22 22:06:17.747 &amp#27;[32m INFO&amp#27;[m &amp#27;[35m[@503 - main]&amp#27;[m &amp#27;[36mcom.shaft.tools.io.ReportManager&amp#27;[m : Successfully created attachment "API Response - JSON Body"
2023-01-22 22:06:17.747 &amp#27;[32m INFO&amp#27;[m &amp#27;[35m[@503 - main]&amp#27;[m &amp#27;[36mcom.shaft.tools.io.ReportManager&amp#27;[m : File Action "DoesFileExist" successfully performed. With the following test data "File Path: "Schemas/NotFoundError_schema.json"".
2023-01-22 22:06:17.748 &amp#27;[32m INFO&amp#27;[m &amp#27;[35m[@503 - main]&amp#27;[m &amp#27;[36mcom.shaft.tools.io.ReportManager&amp#27;[m : File Action "DoesFileExist" successfully performed. With the following test data "File Path: "src/test/resources/testDataFiles/Schemas/NotFoundError_schema.json"".
2023-01-22 22:06:17.748 &amp#27;[32m INFO&amp#27;[m &amp#27;[35m[@503 - main]&amp#27;[m &amp#27;[36mcom.shaft.tools.io.ReportManager&amp#27;[m : File Action "GetAbsolutePath" successfully performed. With the following test data "Relative Folder Path: "src/test/resources/testDataFiles/Schemas/NotFoundError_schema.json"".
2023-01-22 22:06:17.749 &amp#27;[32m INFO&amp#27;[m &amp#27;[35m[@503 - main]&amp#27;[m &amp#27;[36mcom.shaft.tools.io.ReportManager&amp#27;[m : File Action "DoesFileExist" successfully performed. With the following test data "File Path: "C:\eclipse-workspace\MyProjects\TASystemsAPIs\src\test\resources\testDataFiles\Schemas\NotFoundError_schema.json"".
2023-01-22 22:06:17.749 &amp#27;[32m INFO&amp#27;[m &amp#27;[35m[@503 - main]&amp#27;[m &amp#27;[36mcom.shaft.tools.io.ReportManager&amp#27;[m : File Action "GetAbsolutePath" successfully performed. With the following test data "Relative Folder Path: "C:\eclipse-workspace\MyProjects\TASystemsAPIs\src\test\resources\testDataFiles\Schemas\NotFoundError_schema.json"".
2023-01-22 22:06:17.749 &amp#27;[32m INFO&amp#27;[m &amp#27;[35m[@503 - main]&amp#27;[m &amp#27;[36mcom.shaft.tools.io.ReportManager&amp#27;[m : File Action "ReadFile" successfully performed. With the following test data "File Path: "C:\eclipse-workspace\MyProjects\TASystemsAPIs\src\test\resources\testDataFiles\Schemas\NotFoundError_schema.json"".
2023-01-22 22:06:17.750 &amp#27;[32m INFO&amp#27;[m &amp#27;[35m[@503 - main]&amp#27;[m &amp#27;[36mcom.shaft.tools.io.ReportManager&amp#27;[m : Successfully created attachment "Validation Test Data - Expected JSON Value"
2023-01-22 22:06:17.751 &amp#27;[32m INFO&amp#27;[m &amp#27;[35m[@503 - main]&amp#27;[m &amp#27;[36mcom.shaft.tools.io.ReportManager&amp#27;[m : Successfully created attachment "Validation Test Data - Actual JSON Value"
2023-01-22 22:06:17.751 &amp#27;[32m INFO&amp#27;[m &amp#27;[35m[@503 - main]&amp#27;[m &amp#27;[36mcom.shaft.tools.io.ReportManager&amp#27;[m : Successfully created attachment "SHAFT Engine Logs - Current Method log: Add_Policy_With_NotFound_data_TC"
]]></system-out>
  </testcase>
  <testcase name="Get_Policy_With_BadRequest_data_TC[[Ljava.lang.Object;@3d80332c](1)" classname="SteeringCompanyAPI_TestCases.Test_Policies_Cases" time="1.728">
    <system-out><![CDATA[2023-01-22 22:06:17.767 &amp#27;[32m INFO&amp#27;[m &amp#27;[35m[@534 - main]&amp#27;[m &amp#27;[36mcom.shaft.tools.io.ReportManager&amp#27;[m : 
################################################################################################################################################
Starting Execution:	"145 out of 83" test cases in the current suite
Test Method:		"SteeringCompanyAPI_TestCases.Test_Policies_Cases.Get_Policy_With_BadRequest_data_TC"
Test Description:	"TC059 -Policy- Perform Get Policy with BadRequest data"
################################################################################################################################################
2023-01-22 22:06:17.767 &amp#27;[32m INFO&amp#27;[m &amp#27;[35m[@503 - main]&amp#27;[m &amp#27;[36mcom.shaft.tools.io.ReportManager&amp#27;[m : File Action "DoesFileExist" successfully performed. With the following test data "File Path: "SteeringCompanyAPI_TestData/SteeringCompanyAPI_TestData.xlsx"".
2023-01-22 22:06:17.848 &amp#27;[32m INFO&amp#27;[m &amp#27;[35m[@503 - main]&amp#27;[m &amp#27;[36mcom.shaft.tools.io.ReportManager&amp#27;[m : Successfully created attachment "Test Data - Excel"
2023-01-22 22:06:18.660 &amp#27;[32m INFO&amp#27;[m &amp#27;[35m[@503 - main]&amp#27;[m &amp#27;[36mcom.shaft.tools.io.ReportManager&amp#27;[m : Response status code: "200", status line: "HTTP/1.1 200 OK"
2023-01-22 22:06:18.671 &amp#27;[32m INFO&amp#27;[m &amp#27;[35m[@503 - main]&amp#27;[m &amp#27;[36mcom.shaft.tools.io.ReportManager&amp#27;[m : Successfully created attachment "API Request - Specifications"
2023-01-22 22:06:18.672 &amp#27;[32m INFO&amp#27;[m &amp#27;[35m[@503 - main]&amp#27;[m &amp#27;[36mcom.shaft.tools.io.ReportManager&amp#27;[m : Successfully created attachment "API Request - Body"
2023-01-22 22:06:18.673 &amp#27;[32m INFO&amp#27;[m &amp#27;[35m[@503 - main]&amp#27;[m &amp#27;[36mcom.shaft.tools.io.ReportManager&amp#27;[m : Successfully created attachment "API Response - JSON Body"
2023-01-22 22:06:18.686 &amp#27;[32m INFO&amp#27;[m &amp#27;[35m[@503 - main]&amp#27;[m &amp#27;[36mcom.shaft.tools.io.ReportManager&amp#27;[m : File Action "DoesFileExist" successfully performed. With the following test data "File Path: "SteeringCompanyAPI_TestData/SteeringCompanyAPI_TestData.xlsx"".
2023-01-22 22:06:18.715 &amp#27;[32m INFO&amp#27;[m &amp#27;[35m[@503 - main]&amp#27;[m &amp#27;[36mcom.shaft.tools.io.ReportManager&amp#27;[m : Successfully created attachment "Test Data - Excel"
2023-01-22 22:06:18.715 &amp#27;[32m INFO&amp#27;[m &amp#27;[35m[@503 - main]&amp#27;[m &amp#27;[36mcom.shaft.tools.io.ReportManager&amp#27;[m : File Action "DoesFileExist" successfully performed. With the following test data "File Path: "SteeringCompanyAPI_TestData/SteeringCompanyAPI_TestData.xlsx"".
2023-01-22 22:06:18.738 &amp#27;[32m INFO&amp#27;[m &amp#27;[35m[@503 - main]&amp#27;[m &amp#27;[36mcom.shaft.tools.io.ReportManager&amp#27;[m : Successfully created attachment "Test Data - Excel"
2023-01-22 22:06:18.738 &amp#27;[32m INFO&amp#27;[m &amp#27;[35m[@503 - main]&amp#27;[m &amp#27;[36mcom.shaft.tools.io.ReportManager&amp#27;[m : File Action "DoesFileExist" successfully performed. With the following test data "File Path: "SteeringCompanyAPI_TestData/SteeringCompanyAPI_TestData.xlsx"".
2023-01-22 22:06:18.767 &amp#27;[32m INFO&amp#27;[m &amp#27;[35m[@503 - main]&amp#27;[m &amp#27;[36mcom.shaft.tools.io.ReportManager&amp#27;[m : Successfully created attachment "Test Data - Excel"
2023-01-22 22:06:19.474 &amp#27;[32m INFO&amp#27;[m &amp#27;[35m[@503 - main]&amp#27;[m &amp#27;[36mcom.shaft.tools.io.ReportManager&amp#27;[m : Response status code: "400", status line: "HTTP/1.1 400 "
2023-01-22 22:06:19.485 &amp#27;[32m INFO&amp#27;[m &amp#27;[35m[@503 - main]&amp#27;[m &amp#27;[36mcom.shaft.tools.io.ReportManager&amp#27;[m : Successfully created attachment "API Request - Specifications"
2023-01-22 22:06:19.486 &amp#27;[32m INFO&amp#27;[m &amp#27;[35m[@503 - main]&amp#27;[m &amp#27;[36mcom.shaft.tools.io.ReportManager&amp#27;[m : Successfully created attachment "API Response - JSON Body"
2023-01-22 22:06:19.486 &amp#27;[32m INFO&amp#27;[m &amp#27;[35m[@503 - main]&amp#27;[m &amp#27;[36mcom.shaft.tools.io.ReportManager&amp#27;[m : File Action "DoesFileExist" successfully performed. With the following test data "File Path: "Schemas/BadRequestError_schema.json"".
2023-01-22 22:06:19.487 &amp#27;[32m INFO&amp#27;[m &amp#27;[35m[@503 - main]&amp#27;[m &amp#27;[36mcom.shaft.tools.io.ReportManager&amp#27;[m : File Action "DoesFileExist" successfully performed. With the following test data "File Path: "src/test/resources/testDataFiles/Schemas/BadRequestError_schema.json"".
2023-01-22 22:06:19.487 &amp#27;[32m INFO&amp#27;[m &amp#27;[35m[@503 - main]&amp#27;[m &amp#27;[36mcom.shaft.tools.io.ReportManager&amp#27;[m : File Action "GetAbsolutePath" successfully performed. With the following test data "Relative Folder Path: "src/test/resources/testDataFiles/Schemas/BadRequestError_schema.json"".
2023-01-22 22:06:19.488 &amp#27;[32m INFO&amp#27;[m &amp#27;[35m[@503 - main]&amp#27;[m &amp#27;[36mcom.shaft.tools.io.ReportManager&amp#27;[m : File Action "DoesFileExist" successfully performed. With the following test data "File Path: "C:\eclipse-workspace\MyProjects\TASystemsAPIs\src\test\resources\testDataFiles\Schemas\BadRequestError_schema.json"".
2023-01-22 22:06:19.488 &amp#27;[32m INFO&amp#27;[m &amp#27;[35m[@503 - main]&amp#27;[m &amp#27;[36mcom.shaft.tools.io.ReportManager&amp#27;[m : File Action "GetAbsolutePath" successfully performed. With the following test data "Relative Folder Path: "C:\eclipse-workspace\MyProjects\TASystemsAPIs\src\test\resources\testDataFiles\Schemas\BadRequestError_schema.json"".
2023-01-22 22:06:19.488 &amp#27;[32m INFO&amp#27;[m &amp#27;[35m[@503 - main]&amp#27;[m &amp#27;[36mcom.shaft.tools.io.ReportManager&amp#27;[m : File Action "ReadFile" successfully performed. With the following test data "File Path: "C:\eclipse-workspace\MyProjects\TASystemsAPIs\src\test\resources\testDataFiles\Schemas\BadRequestError_schema.json"".
2023-01-22 22:06:19.490 &amp#27;[32m INFO&amp#27;[m &amp#27;[35m[@503 - main]&amp#27;[m &amp#27;[36mcom.shaft.tools.io.ReportManager&amp#27;[m : Successfully created attachment "Validation Test Data - Expected JSON Value"
2023-01-22 22:06:19.491 &amp#27;[32m INFO&amp#27;[m &amp#27;[35m[@503 - main]&amp#27;[m &amp#27;[36mcom.shaft.tools.io.ReportManager&amp#27;[m : Successfully created attachment "Validation Test Data - Actual JSON Value"
2023-01-22 22:06:19.492 &amp#27;[32m INFO&amp#27;[m &amp#27;[35m[@503 - main]&amp#27;[m &amp#27;[36mcom.shaft.tools.io.ReportManager&amp#27;[m : Successfully created attachment "SHAFT Engine Logs - Current Method log: Get_Policy_With_BadRequest_data_TC"
]]></system-out>
  </testcase>
  <testcase name="Get_Policy_With_BadRequest_data_TC[[Ljava.lang.Object;@99300fa](2)" classname="SteeringCompanyAPI_TestCases.Test_Policies_Cases" time="1.948">
    <system-out><![CDATA[2023-01-22 22:06:19.495 &amp#27;[32m INFO&amp#27;[m &amp#27;[35m[@534 - main]&amp#27;[m &amp#27;[36mcom.shaft.tools.io.ReportManager&amp#27;[m : 
################################################################################################################################################
Starting Execution:	"146 out of 83" test cases in the current suite
Test Method:		"SteeringCompanyAPI_TestCases.Test_Policies_Cases.Get_Policy_With_BadRequest_data_TC"
Test Description:	"TC059 -Policy- Perform Get Policy with BadRequest data"
################################################################################################################################################
2023-01-22 22:06:19.496 &amp#27;[32m INFO&amp#27;[m &amp#27;[35m[@503 - main]&amp#27;[m &amp#27;[36mcom.shaft.tools.io.ReportManager&amp#27;[m : File Action "DoesFileExist" successfully performed. With the following test data "File Path: "SteeringCompanyAPI_TestData/SteeringCompanyAPI_TestData.xlsx"".
2023-01-22 22:06:19.519 &amp#27;[32m INFO&amp#27;[m &amp#27;[35m[@503 - main]&amp#27;[m &amp#27;[36mcom.shaft.tools.io.ReportManager&amp#27;[m : Successfully created attachment "Test Data - Excel"
2023-01-22 22:06:20.438 &amp#27;[32m INFO&amp#27;[m &amp#27;[35m[@503 - main]&amp#27;[m &amp#27;[36mcom.shaft.tools.io.ReportManager&amp#27;[m : Response status code: "200", status line: "HTTP/1.1 200 OK"
2023-01-22 22:06:20.452 &amp#27;[32m INFO&amp#27;[m &amp#27;[35m[@503 - main]&amp#27;[m &amp#27;[36mcom.shaft.tools.io.ReportManager&amp#27;[m : Successfully created attachment "API Request - Specifications"
2023-01-22 22:06:20.453 &amp#27;[32m INFO&amp#27;[m &amp#27;[35m[@503 - main]&amp#27;[m &amp#27;[36mcom.shaft.tools.io.ReportManager&amp#27;[m : Successfully created attachment "API Request - Body"
2023-01-22 22:06:20.454 &amp#27;[32m INFO&amp#27;[m &amp#27;[35m[@503 - main]&amp#27;[m &amp#27;[36mcom.shaft.tools.io.ReportManager&amp#27;[m : Successfully created attachment "API Response - JSON Body"
2023-01-22 22:06:20.462 &amp#27;[32m INFO&amp#27;[m &amp#27;[35m[@503 - main]&amp#27;[m &amp#27;[36mcom.shaft.tools.io.ReportManager&amp#27;[m : File Action "DoesFileExist" successfully performed. With the following test data "File Path: "SteeringCompanyAPI_TestData/SteeringCompanyAPI_TestData.xlsx"".
2023-01-22 22:06:20.481 &amp#27;[32m INFO&amp#27;[m &amp#27;[35m[@503 - main]&amp#27;[m &amp#27;[36mcom.shaft.tools.io.ReportManager&amp#27;[m : Successfully created attachment "Test Data - Excel"
2023-01-22 22:06:20.481 &amp#27;[32m INFO&amp#27;[m &amp#27;[35m[@503 - main]&amp#27;[m &amp#27;[36mcom.shaft.tools.io.ReportManager&amp#27;[m : File Action "DoesFileExist" successfully performed. With the following test data "File Path: "SteeringCompanyAPI_TestData/SteeringCompanyAPI_TestData.xlsx"".
2023-01-22 22:06:20.501 &amp#27;[32m INFO&amp#27;[m &amp#27;[35m[@503 - main]&amp#27;[m &amp#27;[36mcom.shaft.tools.io.ReportManager&amp#27;[m : Successfully created attachment "Test Data - Excel"
2023-01-22 22:06:20.502 &amp#27;[32m INFO&amp#27;[m &amp#27;[35m[@503 - main]&amp#27;[m &amp#27;[36mcom.shaft.tools.io.ReportManager&amp#27;[m : File Action "DoesFileExist" successfully performed. With the following test data "File Path: "SteeringCompanyAPI_TestData/SteeringCompanyAPI_TestData.xlsx"".
2023-01-22 22:06:20.558 &amp#27;[32m INFO&amp#27;[m &amp#27;[35m[@503 - main]&amp#27;[m &amp#27;[36mcom.shaft.tools.io.ReportManager&amp#27;[m : Successfully created attachment "Test Data - Excel"
2023-01-22 22:06:21.420 &amp#27;[32m INFO&amp#27;[m &amp#27;[35m[@503 - main]&amp#27;[m &amp#27;[36mcom.shaft.tools.io.ReportManager&amp#27;[m : Response status code: "400", status line: "HTTP/1.1 400 "
2023-01-22 22:06:21.433 &amp#27;[32m INFO&amp#27;[m &amp#27;[35m[@503 - main]&amp#27;[m &amp#27;[36mcom.shaft.tools.io.ReportManager&amp#27;[m : Successfully created attachment "API Request - Specifications"
2023-01-22 22:06:21.434 &amp#27;[32m INFO&amp#27;[m &amp#27;[35m[@503 - main]&amp#27;[m &amp#27;[36mcom.shaft.tools.io.ReportManager&amp#27;[m : Successfully created attachment "API Response - JSON Body"
2023-01-22 22:06:21.435 &amp#27;[32m INFO&amp#27;[m &amp#27;[35m[@503 - main]&amp#27;[m &amp#27;[36mcom.shaft.tools.io.ReportManager&amp#27;[m : File Action "DoesFileExist" successfully performed. With the following test data "File Path: "Schemas/BadRequestError_schema.json"".
2023-01-22 22:06:21.435 &amp#27;[32m INFO&amp#27;[m &amp#27;[35m[@503 - main]&amp#27;[m &amp#27;[36mcom.shaft.tools.io.ReportManager&amp#27;[m : File Action "DoesFileExist" successfully performed. With the following test data "File Path: "src/test/resources/testDataFiles/Schemas/BadRequestError_schema.json"".
2023-01-22 22:06:21.435 &amp#27;[32m INFO&amp#27;[m &amp#27;[35m[@503 - main]&amp#27;[m &amp#27;[36mcom.shaft.tools.io.ReportManager&amp#27;[m : File Action "GetAbsolutePath" successfully performed. With the following test data "Relative Folder Path: "src/test/resources/testDataFiles/Schemas/BadRequestError_schema.json"".
2023-01-22 22:06:21.437 &amp#27;[32m INFO&amp#27;[m &amp#27;[35m[@503 - main]&amp#27;[m &amp#27;[36mcom.shaft.tools.io.ReportManager&amp#27;[m : File Action "DoesFileExist" successfully performed. With the following test data "File Path: "C:\eclipse-workspace\MyProjects\TASystemsAPIs\src\test\resources\testDataFiles\Schemas\BadRequestError_schema.json"".
2023-01-22 22:06:21.437 &amp#27;[32m INFO&amp#27;[m &amp#27;[35m[@503 - main]&amp#27;[m &amp#27;[36mcom.shaft.tools.io.ReportManager&amp#27;[m : File Action "GetAbsolutePath" successfully performed. With the following test data "Relative Folder Path: "C:\eclipse-workspace\MyProjects\TASystemsAPIs\src\test\resources\testDataFiles\Schemas\BadRequestError_schema.json"".
2023-01-22 22:06:21.437 &amp#27;[32m INFO&amp#27;[m &amp#27;[35m[@503 - main]&amp#27;[m &amp#27;[36mcom.shaft.tools.io.ReportManager&amp#27;[m : File Action "ReadFile" successfully performed. With the following test data "File Path: "C:\eclipse-workspace\MyProjects\TASystemsAPIs\src\test\resources\testDataFiles\Schemas\BadRequestError_schema.json"".
2023-01-22 22:06:21.439 &amp#27;[32m INFO&amp#27;[m &amp#27;[35m[@503 - main]&amp#27;[m &amp#27;[36mcom.shaft.tools.io.ReportManager&amp#27;[m : Successfully created attachment "Validation Test Data - Expected JSON Value"
2023-01-22 22:06:21.439 &amp#27;[32m INFO&amp#27;[m &amp#27;[35m[@503 - main]&amp#27;[m &amp#27;[36mcom.shaft.tools.io.ReportManager&amp#27;[m : Successfully created attachment "Validation Test Data - Actual JSON Value"
2023-01-22 22:06:21.440 &amp#27;[32m INFO&amp#27;[m &amp#27;[35m[@503 - main]&amp#27;[m &amp#27;[36mcom.shaft.tools.io.ReportManager&amp#27;[m : Successfully created attachment "SHAFT Engine Logs - Current Method log: Get_Policy_With_BadRequest_data_TC"
]]></system-out>
  </testcase>
  <testcase name="Get_Policy_With_BadRequest_data_TC[[Ljava.lang.Object;@170db95f](3)" classname="SteeringCompanyAPI_TestCases.Test_Policies_Cases" time="3.685">
    <system-out><![CDATA[2023-01-22 22:06:21.443 &amp#27;[32m INFO&amp#27;[m &amp#27;[35m[@534 - main]&amp#27;[m &amp#27;[36mcom.shaft.tools.io.ReportManager&amp#27;[m : 
################################################################################################################################################
Starting Execution:	"147 out of 83" test cases in the current suite
Test Method:		"SteeringCompanyAPI_TestCases.Test_Policies_Cases.Get_Policy_With_BadRequest_data_TC"
Test Description:	"TC059 -Policy- Perform Get Policy with BadRequest data"
################################################################################################################################################
2023-01-22 22:06:21.443 &amp#27;[32m INFO&amp#27;[m &amp#27;[35m[@503 - main]&amp#27;[m &amp#27;[36mcom.shaft.tools.io.ReportManager&amp#27;[m : File Action "DoesFileExist" successfully performed. With the following test data "File Path: "SteeringCompanyAPI_TestData/SteeringCompanyAPI_TestData.xlsx"".
2023-01-22 22:06:21.473 &amp#27;[32m INFO&amp#27;[m &amp#27;[35m[@503 - main]&amp#27;[m &amp#27;[36mcom.shaft.tools.io.ReportManager&amp#27;[m : Successfully created attachment "Test Data - Excel"
2023-01-22 22:06:23.968 &amp#27;[32m INFO&amp#27;[m &amp#27;[35m[@503 - main]&amp#27;[m &amp#27;[36mcom.shaft.tools.io.ReportManager&amp#27;[m : Response status code: "200", status line: "HTTP/1.1 200 OK"
2023-01-22 22:06:23.980 &amp#27;[32m INFO&amp#27;[m &amp#27;[35m[@503 - main]&amp#27;[m &amp#27;[36mcom.shaft.tools.io.ReportManager&amp#27;[m : Successfully created attachment "API Request - Specifications"
2023-01-22 22:06:23.982 &amp#27;[32m INFO&amp#27;[m &amp#27;[35m[@503 - main]&amp#27;[m &amp#27;[36mcom.shaft.tools.io.ReportManager&amp#27;[m : Successfully created attachment "API Request - Body"
2023-01-22 22:06:23.982 &amp#27;[32m INFO&amp#27;[m &amp#27;[35m[@503 - main]&amp#27;[m &amp#27;[36mcom.shaft.tools.io.ReportManager&amp#27;[m : Successfully created attachment "API Response - JSON Body"
2023-01-22 22:06:23.990 &amp#27;[32m INFO&amp#27;[m &amp#27;[35m[@503 - main]&amp#27;[m &amp#27;[36mcom.shaft.tools.io.ReportManager&amp#27;[m : File Action "DoesFileExist" successfully performed. With the following test data "File Path: "SteeringCompanyAPI_TestData/SteeringCompanyAPI_TestData.xlsx"".
2023-01-22 22:06:24.022 &amp#27;[32m INFO&amp#27;[m &amp#27;[35m[@503 - main]&amp#27;[m &amp#27;[36mcom.shaft.tools.io.ReportManager&amp#27;[m : Successfully created attachment "Test Data - Excel"
2023-01-22 22:06:24.022 &amp#27;[32m INFO&amp#27;[m &amp#27;[35m[@503 - main]&amp#27;[m &amp#27;[36mcom.shaft.tools.io.ReportManager&amp#27;[m : File Action "DoesFileExist" successfully performed. With the following test data "File Path: "SteeringCompanyAPI_TestData/SteeringCompanyAPI_TestData.xlsx"".
2023-01-22 22:06:24.049 &amp#27;[32m INFO&amp#27;[m &amp#27;[35m[@503 - main]&amp#27;[m &amp#27;[36mcom.shaft.tools.io.ReportManager&amp#27;[m : Successfully created attachment "Test Data - Excel"
2023-01-22 22:06:24.049 &amp#27;[32m INFO&amp#27;[m &amp#27;[35m[@503 - main]&amp#27;[m &amp#27;[36mcom.shaft.tools.io.ReportManager&amp#27;[m : File Action "DoesFileExist" successfully performed. With the following test data "File Path: "SteeringCompanyAPI_TestData/SteeringCompanyAPI_TestData.xlsx"".
2023-01-22 22:06:24.075 &amp#27;[32m INFO&amp#27;[m &amp#27;[35m[@503 - main]&amp#27;[m &amp#27;[36mcom.shaft.tools.io.ReportManager&amp#27;[m : Successfully created attachment "Test Data - Excel"
2023-01-22 22:06:25.107 &amp#27;[32m INFO&amp#27;[m &amp#27;[35m[@503 - main]&amp#27;[m &amp#27;[36mcom.shaft.tools.io.ReportManager&amp#27;[m : Response status code: "400", status line: "HTTP/1.1 400 "
2023-01-22 22:06:25.117 &amp#27;[32m INFO&amp#27;[m &amp#27;[35m[@503 - main]&amp#27;[m &amp#27;[36mcom.shaft.tools.io.ReportManager&amp#27;[m : Successfully created attachment "API Request - Specifications"
2023-01-22 22:06:25.118 &amp#27;[32m INFO&amp#27;[m &amp#27;[35m[@503 - main]&amp#27;[m &amp#27;[36mcom.shaft.tools.io.ReportManager&amp#27;[m : Successfully created attachment "API Response - JSON Body"
2023-01-22 22:06:25.119 &amp#27;[32m INFO&amp#27;[m &amp#27;[35m[@503 - main]&amp#27;[m &amp#27;[36mcom.shaft.tools.io.ReportManager&amp#27;[m : File Action "DoesFileExist" successfully performed. With the following test data "File Path: "Schemas/BadRequestError_schema.json"".
2023-01-22 22:06:25.119 &amp#27;[32m INFO&amp#27;[m &amp#27;[35m[@503 - main]&amp#27;[m &amp#27;[36mcom.shaft.tools.io.ReportManager&amp#27;[m : File Action "DoesFileExist" successfully performed. With the following test data "File Path: "src/test/resources/testDataFiles/Schemas/BadRequestError_schema.json"".
2023-01-22 22:06:25.119 &amp#27;[32m INFO&amp#27;[m &amp#27;[35m[@503 - main]&amp#27;[m &amp#27;[36mcom.shaft.tools.io.ReportManager&amp#27;[m : File Action "GetAbsolutePath" successfully performed. With the following test data "Relative Folder Path: "src/test/resources/testDataFiles/Schemas/BadRequestError_schema.json"".
2023-01-22 22:06:25.121 &amp#27;[32m INFO&amp#27;[m &amp#27;[35m[@503 - main]&amp#27;[m &amp#27;[36mcom.shaft.tools.io.ReportManager&amp#27;[m : File Action "DoesFileExist" successfully performed. With the following test data "File Path: "C:\eclipse-workspace\MyProjects\TASystemsAPIs\src\test\resources\testDataFiles\Schemas\BadRequestError_schema.json"".
2023-01-22 22:06:25.121 &amp#27;[32m INFO&amp#27;[m &amp#27;[35m[@503 - main]&amp#27;[m &amp#27;[36mcom.shaft.tools.io.ReportManager&amp#27;[m : File Action "GetAbsolutePath" successfully performed. With the following test data "Relative Folder Path: "C:\eclipse-workspace\MyProjects\TASystemsAPIs\src\test\resources\testDataFiles\Schemas\BadRequestError_schema.json"".
2023-01-22 22:06:25.121 &amp#27;[32m INFO&amp#27;[m &amp#27;[35m[@503 - main]&amp#27;[m &amp#27;[36mcom.shaft.tools.io.ReportManager&amp#27;[m : File Action "ReadFile" successfully performed. With the following test data "File Path: "C:\eclipse-workspace\MyProjects\TASystemsAPIs\src\test\resources\testDataFiles\Schemas\BadRequestError_schema.json"".
2023-01-22 22:06:25.122 &amp#27;[32m INFO&amp#27;[m &amp#27;[35m[@503 - main]&amp#27;[m &amp#27;[36mcom.shaft.tools.io.ReportManager&amp#27;[m : Successfully created attachment "Validation Test Data - Expected JSON Value"
2023-01-22 22:06:25.123 &amp#27;[32m INFO&amp#27;[m &amp#27;[35m[@503 - main]&amp#27;[m &amp#27;[36mcom.shaft.tools.io.ReportManager&amp#27;[m : Successfully created attachment "Validation Test Data - Actual JSON Value"
2023-01-22 22:06:25.125 &amp#27;[32m INFO&amp#27;[m &amp#27;[35m[@503 - main]&amp#27;[m &amp#27;[36mcom.shaft.tools.io.ReportManager&amp#27;[m : Successfully created attachment "SHAFT Engine Logs - Current Method log: Get_Policy_With_BadRequest_data_TC"
]]></system-out>
  </testcase>
  <testcase name="Get_Policy_With_BadRequest_data_TC[[Ljava.lang.Object;@1cf6b01c](4)" classname="SteeringCompanyAPI_TestCases.Test_Policies_Cases" time="1.935">
    <system-out><![CDATA[2023-01-22 22:06:25.128 &amp#27;[32m INFO&amp#27;[m &amp#27;[35m[@534 - main]&amp#27;[m &amp#27;[36mcom.shaft.tools.io.ReportManager&amp#27;[m : 
################################################################################################################################################
Starting Execution:	"148 out of 83" test cases in the current suite
Test Method:		"SteeringCompanyAPI_TestCases.Test_Policies_Cases.Get_Policy_With_BadRequest_data_TC"
Test Description:	"TC059 -Policy- Perform Get Policy with BadRequest data"
################################################################################################################################################
2023-01-22 22:06:25.128 &amp#27;[32m INFO&amp#27;[m &amp#27;[35m[@503 - main]&amp#27;[m &amp#27;[36mcom.shaft.tools.io.ReportManager&amp#27;[m : File Action "DoesFileExist" successfully performed. With the following test data "File Path: "SteeringCompanyAPI_TestData/SteeringCompanyAPI_TestData.xlsx"".
2023-01-22 22:06:25.149 &amp#27;[32m INFO&amp#27;[m &amp#27;[35m[@503 - main]&amp#27;[m &amp#27;[36mcom.shaft.tools.io.ReportManager&amp#27;[m : Successfully created attachment "Test Data - Excel"
2023-01-22 22:06:26.091 &amp#27;[32m INFO&amp#27;[m &amp#27;[35m[@503 - main]&amp#27;[m &amp#27;[36mcom.shaft.tools.io.ReportManager&amp#27;[m : Response status code: "200", status line: "HTTP/1.1 200 OK"
2023-01-22 22:06:26.102 &amp#27;[32m INFO&amp#27;[m &amp#27;[35m[@503 - main]&amp#27;[m &amp#27;[36mcom.shaft.tools.io.ReportManager&amp#27;[m : Successfully created attachment "API Request - Specifications"
2023-01-22 22:06:26.103 &amp#27;[32m INFO&amp#27;[m &amp#27;[35m[@503 - main]&amp#27;[m &amp#27;[36mcom.shaft.tools.io.ReportManager&amp#27;[m : Successfully created attachment "API Request - Body"
2023-01-22 22:06:26.104 &amp#27;[32m INFO&amp#27;[m &amp#27;[35m[@503 - main]&amp#27;[m &amp#27;[36mcom.shaft.tools.io.ReportManager&amp#27;[m : Successfully created attachment "API Response - JSON Body"
2023-01-22 22:06:26.114 &amp#27;[32m INFO&amp#27;[m &amp#27;[35m[@503 - main]&amp#27;[m &amp#27;[36mcom.shaft.tools.io.ReportManager&amp#27;[m : File Action "DoesFileExist" successfully performed. With the following test data "File Path: "SteeringCompanyAPI_TestData/SteeringCompanyAPI_TestData.xlsx"".
2023-01-22 22:06:26.137 &amp#27;[32m INFO&amp#27;[m &amp#27;[35m[@503 - main]&amp#27;[m &amp#27;[36mcom.shaft.tools.io.ReportManager&amp#27;[m : Successfully created attachment "Test Data - Excel"
2023-01-22 22:06:26.138 &amp#27;[32m INFO&amp#27;[m &amp#27;[35m[@503 - main]&amp#27;[m &amp#27;[36mcom.shaft.tools.io.ReportManager&amp#27;[m : File Action "DoesFileExist" successfully performed. With the following test data "File Path: "SteeringCompanyAPI_TestData/SteeringCompanyAPI_TestData.xlsx"".
2023-01-22 22:06:26.157 &amp#27;[32m INFO&amp#27;[m &amp#27;[35m[@503 - main]&amp#27;[m &amp#27;[36mcom.shaft.tools.io.ReportManager&amp#27;[m : Successfully created attachment "Test Data - Excel"
2023-01-22 22:06:26.157 &amp#27;[32m INFO&amp#27;[m &amp#27;[35m[@503 - main]&amp#27;[m &amp#27;[36mcom.shaft.tools.io.ReportManager&amp#27;[m : File Action "DoesFileExist" successfully performed. With the following test data "File Path: "SteeringCompanyAPI_TestData/SteeringCompanyAPI_TestData.xlsx"".
2023-01-22 22:06:26.178 &amp#27;[32m INFO&amp#27;[m &amp#27;[35m[@503 - main]&amp#27;[m &amp#27;[36mcom.shaft.tools.io.ReportManager&amp#27;[m : Successfully created attachment "Test Data - Excel"
2023-01-22 22:06:27.040 &amp#27;[32m INFO&amp#27;[m &amp#27;[35m[@503 - main]&amp#27;[m &amp#27;[36mcom.shaft.tools.io.ReportManager&amp#27;[m : Response status code: "400", status line: "HTTP/1.1 400 "
2023-01-22 22:06:27.051 &amp#27;[32m INFO&amp#27;[m &amp#27;[35m[@503 - main]&amp#27;[m &amp#27;[36mcom.shaft.tools.io.ReportManager&amp#27;[m : Successfully created attachment "API Request - Specifications"
2023-01-22 22:06:27.052 &amp#27;[32m INFO&amp#27;[m &amp#27;[35m[@503 - main]&amp#27;[m &amp#27;[36mcom.shaft.tools.io.ReportManager&amp#27;[m : Successfully created attachment "API Response - JSON Body"
2023-01-22 22:06:27.053 &amp#27;[32m INFO&amp#27;[m &amp#27;[35m[@503 - main]&amp#27;[m &amp#27;[36mcom.shaft.tools.io.ReportManager&amp#27;[m : File Action "DoesFileExist" successfully performed. With the following test data "File Path: "Schemas/BadRequestError_schema.json"".
2023-01-22 22:06:27.053 &amp#27;[32m INFO&amp#27;[m &amp#27;[35m[@503 - main]&amp#27;[m &amp#27;[36mcom.shaft.tools.io.ReportManager&amp#27;[m : File Action "DoesFileExist" successfully performed. With the following test data "File Path: "src/test/resources/testDataFiles/Schemas/BadRequestError_schema.json"".
2023-01-22 22:06:27.053 &amp#27;[32m INFO&amp#27;[m &amp#27;[35m[@503 - main]&amp#27;[m &amp#27;[36mcom.shaft.tools.io.ReportManager&amp#27;[m : File Action "GetAbsolutePath" successfully performed. With the following test data "Relative Folder Path: "src/test/resources/testDataFiles/Schemas/BadRequestError_schema.json"".
2023-01-22 22:06:27.055 &amp#27;[32m INFO&amp#27;[m &amp#27;[35m[@503 - main]&amp#27;[m &amp#27;[36mcom.shaft.tools.io.ReportManager&amp#27;[m : File Action "DoesFileExist" successfully performed. With the following test data "File Path: "C:\eclipse-workspace\MyProjects\TASystemsAPIs\src\test\resources\testDataFiles\Schemas\BadRequestError_schema.json"".
2023-01-22 22:06:27.055 &amp#27;[32m INFO&amp#27;[m &amp#27;[35m[@503 - main]&amp#27;[m &amp#27;[36mcom.shaft.tools.io.ReportManager&amp#27;[m : File Action "GetAbsolutePath" successfully performed. With the following test data "Relative Folder Path: "C:\eclipse-workspace\MyProjects\TASystemsAPIs\src\test\resources\testDataFiles\Schemas\BadRequestError_schema.json"".
2023-01-22 22:06:27.057 &amp#27;[32m INFO&amp#27;[m &amp#27;[35m[@503 - main]&amp#27;[m &amp#27;[36mcom.shaft.tools.io.ReportManager&amp#27;[m : File Action "ReadFile" successfully performed. With the following test data "File Path: "C:\eclipse-workspace\MyProjects\TASystemsAPIs\src\test\resources\testDataFiles\Schemas\BadRequestError_schema.json"".
2023-01-22 22:06:27.058 &amp#27;[32m INFO&amp#27;[m &amp#27;[35m[@503 - main]&amp#27;[m &amp#27;[36mcom.shaft.tools.io.ReportManager&amp#27;[m : Successfully created attachment "Validation Test Data - Expected JSON Value"
2023-01-22 22:06:27.059 &amp#27;[32m INFO&amp#27;[m &amp#27;[35m[@503 - main]&amp#27;[m &amp#27;[36mcom.shaft.tools.io.ReportManager&amp#27;[m : Successfully created attachment "Validation Test Data - Actual JSON Value"
2023-01-22 22:06:27.060 &amp#27;[32m INFO&amp#27;[m &amp#27;[35m[@503 - main]&amp#27;[m &amp#27;[36mcom.shaft.tools.io.ReportManager&amp#27;[m : Successfully created attachment "SHAFT Engine Logs - Current Method log: Get_Policy_With_BadRequest_data_TC"
]]></system-out>
  </testcase>
  <testcase name="Get_Policy_With_BadRequest_data_TC[[Ljava.lang.Object;@7eb93d0b](5)" classname="SteeringCompanyAPI_TestCases.Test_Policies_Cases" time="2.274">
    <system-out><![CDATA[2023-01-22 22:06:27.062 &amp#27;[32m INFO&amp#27;[m &amp#27;[35m[@534 - main]&amp#27;[m &amp#27;[36mcom.shaft.tools.io.ReportManager&amp#27;[m : 
################################################################################################################################################
Starting Execution:	"149 out of 83" test cases in the current suite
Test Method:		"SteeringCompanyAPI_TestCases.Test_Policies_Cases.Get_Policy_With_BadRequest_data_TC"
Test Description:	"TC059 -Policy- Perform Get Policy with BadRequest data"
################################################################################################################################################
2023-01-22 22:06:27.063 &amp#27;[32m INFO&amp#27;[m &amp#27;[35m[@503 - main]&amp#27;[m &amp#27;[36mcom.shaft.tools.io.ReportManager&amp#27;[m : File Action "DoesFileExist" successfully performed. With the following test data "File Path: "SteeringCompanyAPI_TestData/SteeringCompanyAPI_TestData.xlsx"".
2023-01-22 22:06:27.089 &amp#27;[32m INFO&amp#27;[m &amp#27;[35m[@503 - main]&amp#27;[m &amp#27;[36mcom.shaft.tools.io.ReportManager&amp#27;[m : Successfully created attachment "Test Data - Excel"
2023-01-22 22:06:28.099 &amp#27;[32m INFO&amp#27;[m &amp#27;[35m[@503 - main]&amp#27;[m &amp#27;[36mcom.shaft.tools.io.ReportManager&amp#27;[m : Response status code: "200", status line: "HTTP/1.1 200 OK"
2023-01-22 22:06:28.113 &amp#27;[32m INFO&amp#27;[m &amp#27;[35m[@503 - main]&amp#27;[m &amp#27;[36mcom.shaft.tools.io.ReportManager&amp#27;[m : Successfully created attachment "API Request - Specifications"
2023-01-22 22:06:28.114 &amp#27;[32m INFO&amp#27;[m &amp#27;[35m[@503 - main]&amp#27;[m &amp#27;[36mcom.shaft.tools.io.ReportManager&amp#27;[m : Successfully created attachment "API Request - Body"
2023-01-22 22:06:28.114 &amp#27;[32m INFO&amp#27;[m &amp#27;[35m[@503 - main]&amp#27;[m &amp#27;[36mcom.shaft.tools.io.ReportManager&amp#27;[m : Successfully created attachment "API Response - JSON Body"
2023-01-22 22:06:28.122 &amp#27;[32m INFO&amp#27;[m &amp#27;[35m[@503 - main]&amp#27;[m &amp#27;[36mcom.shaft.tools.io.ReportManager&amp#27;[m : File Action "DoesFileExist" successfully performed. With the following test data "File Path: "SteeringCompanyAPI_TestData/SteeringCompanyAPI_TestData.xlsx"".
2023-01-22 22:06:28.147 &amp#27;[32m INFO&amp#27;[m &amp#27;[35m[@503 - main]&amp#27;[m &amp#27;[36mcom.shaft.tools.io.ReportManager&amp#27;[m : Successfully created attachment "Test Data - Excel"
2023-01-22 22:06:28.147 &amp#27;[32m INFO&amp#27;[m &amp#27;[35m[@503 - main]&amp#27;[m &amp#27;[36mcom.shaft.tools.io.ReportManager&amp#27;[m : File Action "DoesFileExist" successfully performed. With the following test data "File Path: "SteeringCompanyAPI_TestData/SteeringCompanyAPI_TestData.xlsx"".
2023-01-22 22:06:28.169 &amp#27;[32m INFO&amp#27;[m &amp#27;[35m[@503 - main]&amp#27;[m &amp#27;[36mcom.shaft.tools.io.ReportManager&amp#27;[m : Successfully created attachment "Test Data - Excel"
2023-01-22 22:06:28.169 &amp#27;[32m INFO&amp#27;[m &amp#27;[35m[@503 - main]&amp#27;[m &amp#27;[36mcom.shaft.tools.io.ReportManager&amp#27;[m : File Action "DoesFileExist" successfully performed. With the following test data "File Path: "SteeringCompanyAPI_TestData/SteeringCompanyAPI_TestData.xlsx"".
2023-01-22 22:06:28.214 &amp#27;[32m INFO&amp#27;[m &amp#27;[35m[@503 - main]&amp#27;[m &amp#27;[36mcom.shaft.tools.io.ReportManager&amp#27;[m : Successfully created attachment "Test Data - Excel"
2023-01-22 22:06:29.316 &amp#27;[32m INFO&amp#27;[m &amp#27;[35m[@503 - main]&amp#27;[m &amp#27;[36mcom.shaft.tools.io.ReportManager&amp#27;[m : Response status code: "400", status line: "HTTP/1.1 400 "
2023-01-22 22:06:29.327 &amp#27;[32m INFO&amp#27;[m &amp#27;[35m[@503 - main]&amp#27;[m &amp#27;[36mcom.shaft.tools.io.ReportManager&amp#27;[m : Successfully created attachment "API Request - Specifications"
2023-01-22 22:06:29.328 &amp#27;[32m INFO&amp#27;[m &amp#27;[35m[@503 - main]&amp#27;[m &amp#27;[36mcom.shaft.tools.io.ReportManager&amp#27;[m : Successfully created attachment "API Response - JSON Body"
2023-01-22 22:06:29.329 &amp#27;[32m INFO&amp#27;[m &amp#27;[35m[@503 - main]&amp#27;[m &amp#27;[36mcom.shaft.tools.io.ReportManager&amp#27;[m : File Action "DoesFileExist" successfully performed. With the following test data "File Path: "Schemas/BadRequestError_schema.json"".
2023-01-22 22:06:29.329 &amp#27;[32m INFO&amp#27;[m &amp#27;[35m[@503 - main]&amp#27;[m &amp#27;[36mcom.shaft.tools.io.ReportManager&amp#27;[m : File Action "DoesFileExist" successfully performed. With the following test data "File Path: "src/test/resources/testDataFiles/Schemas/BadRequestError_schema.json"".
2023-01-22 22:06:29.329 &amp#27;[32m INFO&amp#27;[m &amp#27;[35m[@503 - main]&amp#27;[m &amp#27;[36mcom.shaft.tools.io.ReportManager&amp#27;[m : File Action "GetAbsolutePath" successfully performed. With the following test data "Relative Folder Path: "src/test/resources/testDataFiles/Schemas/BadRequestError_schema.json"".
2023-01-22 22:06:29.330 &amp#27;[32m INFO&amp#27;[m &amp#27;[35m[@503 - main]&amp#27;[m &amp#27;[36mcom.shaft.tools.io.ReportManager&amp#27;[m : File Action "DoesFileExist" successfully performed. With the following test data "File Path: "C:\eclipse-workspace\MyProjects\TASystemsAPIs\src\test\resources\testDataFiles\Schemas\BadRequestError_schema.json"".
2023-01-22 22:06:29.330 &amp#27;[32m INFO&amp#27;[m &amp#27;[35m[@503 - main]&amp#27;[m &amp#27;[36mcom.shaft.tools.io.ReportManager&amp#27;[m : File Action "GetAbsolutePath" successfully performed. With the following test data "Relative Folder Path: "C:\eclipse-workspace\MyProjects\TASystemsAPIs\src\test\resources\testDataFiles\Schemas\BadRequestError_schema.json"".
2023-01-22 22:06:29.330 &amp#27;[32m INFO&amp#27;[m &amp#27;[35m[@503 - main]&amp#27;[m &amp#27;[36mcom.shaft.tools.io.ReportManager&amp#27;[m : File Action "ReadFile" successfully performed. With the following test data "File Path: "C:\eclipse-workspace\MyProjects\TASystemsAPIs\src\test\resources\testDataFiles\Schemas\BadRequestError_schema.json"".
2023-01-22 22:06:29.332 &amp#27;[32m INFO&amp#27;[m &amp#27;[35m[@503 - main]&amp#27;[m &amp#27;[36mcom.shaft.tools.io.ReportManager&amp#27;[m : Successfully created attachment "Validation Test Data - Expected JSON Value"
2023-01-22 22:06:29.333 &amp#27;[32m INFO&amp#27;[m &amp#27;[35m[@503 - main]&amp#27;[m &amp#27;[36mcom.shaft.tools.io.ReportManager&amp#27;[m : Successfully created attachment "Validation Test Data - Actual JSON Value"
2023-01-22 22:06:29.333 &amp#27;[32m INFO&amp#27;[m &amp#27;[35m[@503 - main]&amp#27;[m &amp#27;[36mcom.shaft.tools.io.ReportManager&amp#27;[m : Successfully created attachment "SHAFT Engine Logs - Current Method log: Get_Policy_With_BadRequest_data_TC"
]]></system-out>
  </testcase>
  <testcase name="Get_Policy_With_BadRequest_data_TC[[Ljava.lang.Object;@21bb7677](6)" classname="SteeringCompanyAPI_TestCases.Test_Policies_Cases" time="1.934">
    <system-out><![CDATA[2023-01-22 22:06:29.336 &amp#27;[32m INFO&amp#27;[m &amp#27;[35m[@534 - main]&amp#27;[m &amp#27;[36mcom.shaft.tools.io.ReportManager&amp#27;[m : 
################################################################################################################################################
Starting Execution:	"150 out of 83" test cases in the current suite
Test Method:		"SteeringCompanyAPI_TestCases.Test_Policies_Cases.Get_Policy_With_BadRequest_data_TC"
Test Description:	"TC059 -Policy- Perform Get Policy with BadRequest data"
################################################################################################################################################
2023-01-22 22:06:29.337 &amp#27;[32m INFO&amp#27;[m &amp#27;[35m[@503 - main]&amp#27;[m &amp#27;[36mcom.shaft.tools.io.ReportManager&amp#27;[m : File Action "DoesFileExist" successfully performed. With the following test data "File Path: "SteeringCompanyAPI_TestData/SteeringCompanyAPI_TestData.xlsx"".
2023-01-22 22:06:29.359 &amp#27;[32m INFO&amp#27;[m &amp#27;[35m[@503 - main]&amp#27;[m &amp#27;[36mcom.shaft.tools.io.ReportManager&amp#27;[m : Successfully created attachment "Test Data - Excel"
2023-01-22 22:06:30.285 &amp#27;[32m INFO&amp#27;[m &amp#27;[35m[@503 - main]&amp#27;[m &amp#27;[36mcom.shaft.tools.io.ReportManager&amp#27;[m : Response status code: "200", status line: "HTTP/1.1 200 OK"
2023-01-22 22:06:30.305 &amp#27;[32m INFO&amp#27;[m &amp#27;[35m[@503 - main]&amp#27;[m &amp#27;[36mcom.shaft.tools.io.ReportManager&amp#27;[m : Successfully created attachment "API Request - Specifications"
2023-01-22 22:06:30.306 &amp#27;[32m INFO&amp#27;[m &amp#27;[35m[@503 - main]&amp#27;[m &amp#27;[36mcom.shaft.tools.io.ReportManager&amp#27;[m : Successfully created attachment "API Request - Body"
2023-01-22 22:06:30.307 &amp#27;[32m INFO&amp#27;[m &amp#27;[35m[@503 - main]&amp#27;[m &amp#27;[36mcom.shaft.tools.io.ReportManager&amp#27;[m : Successfully created attachment "API Response - JSON Body"
2023-01-22 22:06:30.319 &amp#27;[32m INFO&amp#27;[m &amp#27;[35m[@503 - main]&amp#27;[m &amp#27;[36mcom.shaft.tools.io.ReportManager&amp#27;[m : File Action "DoesFileExist" successfully performed. With the following test data "File Path: "SteeringCompanyAPI_TestData/SteeringCompanyAPI_TestData.xlsx"".
2023-01-22 22:06:30.344 &amp#27;[32m INFO&amp#27;[m &amp#27;[35m[@503 - main]&amp#27;[m &amp#27;[36mcom.shaft.tools.io.ReportManager&amp#27;[m : Successfully created attachment "Test Data - Excel"
2023-01-22 22:06:30.344 &amp#27;[32m INFO&amp#27;[m &amp#27;[35m[@503 - main]&amp#27;[m &amp#27;[36mcom.shaft.tools.io.ReportManager&amp#27;[m : File Action "DoesFileExist" successfully performed. With the following test data "File Path: "SteeringCompanyAPI_TestData/SteeringCompanyAPI_TestData.xlsx"".
2023-01-22 22:06:30.368 &amp#27;[32m INFO&amp#27;[m &amp#27;[35m[@503 - main]&amp#27;[m &amp#27;[36mcom.shaft.tools.io.ReportManager&amp#27;[m : Successfully created attachment "Test Data - Excel"
2023-01-22 22:06:30.368 &amp#27;[32m INFO&amp#27;[m &amp#27;[35m[@503 - main]&amp#27;[m &amp#27;[36mcom.shaft.tools.io.ReportManager&amp#27;[m : File Action "DoesFileExist" successfully performed. With the following test data "File Path: "SteeringCompanyAPI_TestData/SteeringCompanyAPI_TestData.xlsx"".
2023-01-22 22:06:30.390 &amp#27;[32m INFO&amp#27;[m &amp#27;[35m[@503 - main]&amp#27;[m &amp#27;[36mcom.shaft.tools.io.ReportManager&amp#27;[m : Successfully created attachment "Test Data - Excel"
2023-01-22 22:06:31.249 &amp#27;[32m INFO&amp#27;[m &amp#27;[35m[@503 - main]&amp#27;[m &amp#27;[36mcom.shaft.tools.io.ReportManager&amp#27;[m : Response status code: "400", status line: "HTTP/1.1 400 "
2023-01-22 22:06:31.262 &amp#27;[32m INFO&amp#27;[m &amp#27;[35m[@503 - main]&amp#27;[m &amp#27;[36mcom.shaft.tools.io.ReportManager&amp#27;[m : Successfully created attachment "API Request - Specifications"
2023-01-22 22:06:31.263 &amp#27;[32m INFO&amp#27;[m &amp#27;[35m[@503 - main]&amp#27;[m &amp#27;[36mcom.shaft.tools.io.ReportManager&amp#27;[m : Successfully created attachment "API Response - JSON Body"
2023-01-22 22:06:31.263 &amp#27;[32m INFO&amp#27;[m &amp#27;[35m[@503 - main]&amp#27;[m &amp#27;[36mcom.shaft.tools.io.ReportManager&amp#27;[m : File Action "DoesFileExist" successfully performed. With the following test data "File Path: "Schemas/BadRequestError_schema.json"".
2023-01-22 22:06:31.263 &amp#27;[32m INFO&amp#27;[m &amp#27;[35m[@503 - main]&amp#27;[m &amp#27;[36mcom.shaft.tools.io.ReportManager&amp#27;[m : File Action "DoesFileExist" successfully performed. With the following test data "File Path: "src/test/resources/testDataFiles/Schemas/BadRequestError_schema.json"".
2023-01-22 22:06:31.263 &amp#27;[32m INFO&amp#27;[m &amp#27;[35m[@503 - main]&amp#27;[m &amp#27;[36mcom.shaft.tools.io.ReportManager&amp#27;[m : File Action "GetAbsolutePath" successfully performed. With the following test data "Relative Folder Path: "src/test/resources/testDataFiles/Schemas/BadRequestError_schema.json"".
2023-01-22 22:06:31.265 &amp#27;[32m INFO&amp#27;[m &amp#27;[35m[@503 - main]&amp#27;[m &amp#27;[36mcom.shaft.tools.io.ReportManager&amp#27;[m : File Action "DoesFileExist" successfully performed. With the following test data "File Path: "C:\eclipse-workspace\MyProjects\TASystemsAPIs\src\test\resources\testDataFiles\Schemas\BadRequestError_schema.json"".
2023-01-22 22:06:31.265 &amp#27;[32m INFO&amp#27;[m &amp#27;[35m[@503 - main]&amp#27;[m &amp#27;[36mcom.shaft.tools.io.ReportManager&amp#27;[m : File Action "GetAbsolutePath" successfully performed. With the following test data "Relative Folder Path: "C:\eclipse-workspace\MyProjects\TASystemsAPIs\src\test\resources\testDataFiles\Schemas\BadRequestError_schema.json"".
2023-01-22 22:06:31.265 &amp#27;[32m INFO&amp#27;[m &amp#27;[35m[@503 - main]&amp#27;[m &amp#27;[36mcom.shaft.tools.io.ReportManager&amp#27;[m : File Action "ReadFile" successfully performed. With the following test data "File Path: "C:\eclipse-workspace\MyProjects\TASystemsAPIs\src\test\resources\testDataFiles\Schemas\BadRequestError_schema.json"".
2023-01-22 22:06:31.267 &amp#27;[32m INFO&amp#27;[m &amp#27;[35m[@503 - main]&amp#27;[m &amp#27;[36mcom.shaft.tools.io.ReportManager&amp#27;[m : Successfully created attachment "Validation Test Data - Expected JSON Value"
2023-01-22 22:06:31.268 &amp#27;[32m INFO&amp#27;[m &amp#27;[35m[@503 - main]&amp#27;[m &amp#27;[36mcom.shaft.tools.io.ReportManager&amp#27;[m : Successfully created attachment "Validation Test Data - Actual JSON Value"
2023-01-22 22:06:31.268 &amp#27;[32m INFO&amp#27;[m &amp#27;[35m[@503 - main]&amp#27;[m &amp#27;[36mcom.shaft.tools.io.ReportManager&amp#27;[m : Successfully created attachment "SHAFT Engine Logs - Current Method log: Get_Policy_With_BadRequest_data_TC"
]]></system-out>
  </testcase>
  <testcase name="Get_Policy_With_BadRequest_data_TC[[Ljava.lang.Object;@1d57e7e5](7)" classname="SteeringCompanyAPI_TestCases.Test_Policies_Cases" time="1.954">
    <system-out><![CDATA[2023-01-22 22:06:31.272 &amp#27;[32m INFO&amp#27;[m &amp#27;[35m[@534 - main]&amp#27;[m &amp#27;[36mcom.shaft.tools.io.ReportManager&amp#27;[m : 
################################################################################################################################################
Starting Execution:	"151 out of 83" test cases in the current suite
Test Method:		"SteeringCompanyAPI_TestCases.Test_Policies_Cases.Get_Policy_With_BadRequest_data_TC"
Test Description:	"TC059 -Policy- Perform Get Policy with BadRequest data"
################################################################################################################################################
2023-01-22 22:06:31.272 &amp#27;[32m INFO&amp#27;[m &amp#27;[35m[@503 - main]&amp#27;[m &amp#27;[36mcom.shaft.tools.io.ReportManager&amp#27;[m : File Action "DoesFileExist" successfully performed. With the following test data "File Path: "SteeringCompanyAPI_TestData/SteeringCompanyAPI_TestData.xlsx"".
2023-01-22 22:06:31.294 &amp#27;[32m INFO&amp#27;[m &amp#27;[35m[@503 - main]&amp#27;[m &amp#27;[36mcom.shaft.tools.io.ReportManager&amp#27;[m : Successfully created attachment "Test Data - Excel"
2023-01-22 22:06:32.229 &amp#27;[32m INFO&amp#27;[m &amp#27;[35m[@503 - main]&amp#27;[m &amp#27;[36mcom.shaft.tools.io.ReportManager&amp#27;[m : Response status code: "200", status line: "HTTP/1.1 200 OK"
2023-01-22 22:06:32.241 &amp#27;[32m INFO&amp#27;[m &amp#27;[35m[@503 - main]&amp#27;[m &amp#27;[36mcom.shaft.tools.io.ReportManager&amp#27;[m : Successfully created attachment "API Request - Specifications"
2023-01-22 22:06:32.243 &amp#27;[32m INFO&amp#27;[m &amp#27;[35m[@503 - main]&amp#27;[m &amp#27;[36mcom.shaft.tools.io.ReportManager&amp#27;[m : Successfully created attachment "API Request - Body"
2023-01-22 22:06:32.243 &amp#27;[32m INFO&amp#27;[m &amp#27;[35m[@503 - main]&amp#27;[m &amp#27;[36mcom.shaft.tools.io.ReportManager&amp#27;[m : Successfully created attachment "API Response - JSON Body"
2023-01-22 22:06:32.250 &amp#27;[32m INFO&amp#27;[m &amp#27;[35m[@503 - main]&amp#27;[m &amp#27;[36mcom.shaft.tools.io.ReportManager&amp#27;[m : File Action "DoesFileExist" successfully performed. With the following test data "File Path: "SteeringCompanyAPI_TestData/SteeringCompanyAPI_TestData.xlsx"".
2023-01-22 22:06:32.273 &amp#27;[32m INFO&amp#27;[m &amp#27;[35m[@503 - main]&amp#27;[m &amp#27;[36mcom.shaft.tools.io.ReportManager&amp#27;[m : Successfully created attachment "Test Data - Excel"
2023-01-22 22:06:32.274 &amp#27;[32m INFO&amp#27;[m &amp#27;[35m[@503 - main]&amp#27;[m &amp#27;[36mcom.shaft.tools.io.ReportManager&amp#27;[m : File Action "DoesFileExist" successfully performed. With the following test data "File Path: "SteeringCompanyAPI_TestData/SteeringCompanyAPI_TestData.xlsx"".
2023-01-22 22:06:32.295 &amp#27;[32m INFO&amp#27;[m &amp#27;[35m[@503 - main]&amp#27;[m &amp#27;[36mcom.shaft.tools.io.ReportManager&amp#27;[m : Successfully created attachment "Test Data - Excel"
2023-01-22 22:06:32.296 &amp#27;[32m INFO&amp#27;[m &amp#27;[35m[@503 - main]&amp#27;[m &amp#27;[36mcom.shaft.tools.io.ReportManager&amp#27;[m : File Action "DoesFileExist" successfully performed. With the following test data "File Path: "SteeringCompanyAPI_TestData/SteeringCompanyAPI_TestData.xlsx"".
2023-01-22 22:06:32.318 &amp#27;[32m INFO&amp#27;[m &amp#27;[35m[@503 - main]&amp#27;[m &amp#27;[36mcom.shaft.tools.io.ReportManager&amp#27;[m : Successfully created attachment "Test Data - Excel"
2023-01-22 22:06:33.200 &amp#27;[32m INFO&amp#27;[m &amp#27;[35m[@503 - main]&amp#27;[m &amp#27;[36mcom.shaft.tools.io.ReportManager&amp#27;[m : Response status code: "400", status line: "HTTP/1.1 400 "
2023-01-22 22:06:33.212 &amp#27;[32m INFO&amp#27;[m &amp#27;[35m[@503 - main]&amp#27;[m &amp#27;[36mcom.shaft.tools.io.ReportManager&amp#27;[m : Successfully created attachment "API Request - Specifications"
2023-01-22 22:06:33.214 &amp#27;[32m INFO&amp#27;[m &amp#27;[35m[@503 - main]&amp#27;[m &amp#27;[36mcom.shaft.tools.io.ReportManager&amp#27;[m : Successfully created attachment "API Response - JSON Body"
2023-01-22 22:06:33.215 &amp#27;[32m INFO&amp#27;[m &amp#27;[35m[@503 - main]&amp#27;[m &amp#27;[36mcom.shaft.tools.io.ReportManager&amp#27;[m : File Action "DoesFileExist" successfully performed. With the following test data "File Path: "Schemas/BadRequestError_schema.json"".
2023-01-22 22:06:33.215 &amp#27;[32m INFO&amp#27;[m &amp#27;[35m[@503 - main]&amp#27;[m &amp#27;[36mcom.shaft.tools.io.ReportManager&amp#27;[m : File Action "DoesFileExist" successfully performed. With the following test data "File Path: "src/test/resources/testDataFiles/Schemas/BadRequestError_schema.json"".
2023-01-22 22:06:33.216 &amp#27;[32m INFO&amp#27;[m &amp#27;[35m[@503 - main]&amp#27;[m &amp#27;[36mcom.shaft.tools.io.ReportManager&amp#27;[m : File Action "GetAbsolutePath" successfully performed. With the following test data "Relative Folder Path: "src/test/resources/testDataFiles/Schemas/BadRequestError_schema.json"".
2023-01-22 22:06:33.219 &amp#27;[32m INFO&amp#27;[m &amp#27;[35m[@503 - main]&amp#27;[m &amp#27;[36mcom.shaft.tools.io.ReportManager&amp#27;[m : File Action "DoesFileExist" successfully performed. With the following test data "File Path: "C:\eclipse-workspace\MyProjects\TASystemsAPIs\src\test\resources\testDataFiles\Schemas\BadRequestError_schema.json"".
2023-01-22 22:06:33.219 &amp#27;[32m INFO&amp#27;[m &amp#27;[35m[@503 - main]&amp#27;[m &amp#27;[36mcom.shaft.tools.io.ReportManager&amp#27;[m : File Action "GetAbsolutePath" successfully performed. With the following test data "Relative Folder Path: "C:\eclipse-workspace\MyProjects\TASystemsAPIs\src\test\resources\testDataFiles\Schemas\BadRequestError_schema.json"".
2023-01-22 22:06:33.219 &amp#27;[32m INFO&amp#27;[m &amp#27;[35m[@503 - main]&amp#27;[m &amp#27;[36mcom.shaft.tools.io.ReportManager&amp#27;[m : File Action "ReadFile" successfully performed. With the following test data "File Path: "C:\eclipse-workspace\MyProjects\TASystemsAPIs\src\test\resources\testDataFiles\Schemas\BadRequestError_schema.json"".
2023-01-22 22:06:33.221 &amp#27;[32m INFO&amp#27;[m &amp#27;[35m[@503 - main]&amp#27;[m &amp#27;[36mcom.shaft.tools.io.ReportManager&amp#27;[m : Successfully created attachment "Validation Test Data - Expected JSON Value"
2023-01-22 22:06:33.222 &amp#27;[32m INFO&amp#27;[m &amp#27;[35m[@503 - main]&amp#27;[m &amp#27;[36mcom.shaft.tools.io.ReportManager&amp#27;[m : Successfully created attachment "Validation Test Data - Actual JSON Value"
2023-01-22 22:06:33.223 &amp#27;[32m INFO&amp#27;[m &amp#27;[35m[@503 - main]&amp#27;[m &amp#27;[36mcom.shaft.tools.io.ReportManager&amp#27;[m : Successfully created attachment "SHAFT Engine Logs - Current Method log: Get_Policy_With_BadRequest_data_TC"
]]></system-out>
  </testcase>
  <testcase name="Get_Policy_With_BadRequest_data_TC[[Ljava.lang.Object;@4e4bf305](8)" classname="SteeringCompanyAPI_TestCases.Test_Policies_Cases" time="2.961">
    <system-out><![CDATA[2023-01-22 22:06:33.225 &amp#27;[32m INFO&amp#27;[m &amp#27;[35m[@534 - main]&amp#27;[m &amp#27;[36mcom.shaft.tools.io.ReportManager&amp#27;[m : 
################################################################################################################################################
Starting Execution:	"152 out of 83" test cases in the current suite
Test Method:		"SteeringCompanyAPI_TestCases.Test_Policies_Cases.Get_Policy_With_BadRequest_data_TC"
Test Description:	"TC059 -Policy- Perform Get Policy with BadRequest data"
################################################################################################################################################
2023-01-22 22:06:33.225 &amp#27;[32m INFO&amp#27;[m &amp#27;[35m[@503 - main]&amp#27;[m &amp#27;[36mcom.shaft.tools.io.ReportManager&amp#27;[m : File Action "DoesFileExist" successfully performed. With the following test data "File Path: "SteeringCompanyAPI_TestData/SteeringCompanyAPI_TestData.xlsx"".
2023-01-22 22:06:33.255 &amp#27;[32m INFO&amp#27;[m &amp#27;[35m[@503 - main]&amp#27;[m &amp#27;[36mcom.shaft.tools.io.ReportManager&amp#27;[m : Successfully created attachment "Test Data - Excel"
2023-01-22 22:06:34.120 &amp#27;[32m INFO&amp#27;[m &amp#27;[35m[@503 - main]&amp#27;[m &amp#27;[36mcom.shaft.tools.io.ReportManager&amp#27;[m : Response status code: "200", status line: "HTTP/1.1 200 OK"
2023-01-22 22:06:34.132 &amp#27;[32m INFO&amp#27;[m &amp#27;[35m[@503 - main]&amp#27;[m &amp#27;[36mcom.shaft.tools.io.ReportManager&amp#27;[m : Successfully created attachment "API Request - Specifications"
2023-01-22 22:06:34.133 &amp#27;[32m INFO&amp#27;[m &amp#27;[35m[@503 - main]&amp#27;[m &amp#27;[36mcom.shaft.tools.io.ReportManager&amp#27;[m : Successfully created attachment "API Request - Body"
2023-01-22 22:06:34.133 &amp#27;[32m INFO&amp#27;[m &amp#27;[35m[@503 - main]&amp#27;[m &amp#27;[36mcom.shaft.tools.io.ReportManager&amp#27;[m : Successfully created attachment "API Response - JSON Body"
2023-01-22 22:06:34.143 &amp#27;[32m INFO&amp#27;[m &amp#27;[35m[@503 - main]&amp#27;[m &amp#27;[36mcom.shaft.tools.io.ReportManager&amp#27;[m : File Action "DoesFileExist" successfully performed. With the following test data "File Path: "SteeringCompanyAPI_TestData/SteeringCompanyAPI_TestData.xlsx"".
2023-01-22 22:06:34.191 &amp#27;[32m INFO&amp#27;[m &amp#27;[35m[@503 - main]&amp#27;[m &amp#27;[36mcom.shaft.tools.io.ReportManager&amp#27;[m : Successfully created attachment "Test Data - Excel"
2023-01-22 22:06:34.191 &amp#27;[32m INFO&amp#27;[m &amp#27;[35m[@503 - main]&amp#27;[m &amp#27;[36mcom.shaft.tools.io.ReportManager&amp#27;[m : File Action "DoesFileExist" successfully performed. With the following test data "File Path: "SteeringCompanyAPI_TestData/SteeringCompanyAPI_TestData.xlsx"".
2023-01-22 22:06:34.225 &amp#27;[32m INFO&amp#27;[m &amp#27;[35m[@503 - main]&amp#27;[m &amp#27;[36mcom.shaft.tools.io.ReportManager&amp#27;[m : Successfully created attachment "Test Data - Excel"
2023-01-22 22:06:34.226 &amp#27;[32m INFO&amp#27;[m &amp#27;[35m[@503 - main]&amp#27;[m &amp#27;[36mcom.shaft.tools.io.ReportManager&amp#27;[m : File Action "DoesFileExist" successfully performed. With the following test data "File Path: "SteeringCompanyAPI_TestData/SteeringCompanyAPI_TestData.xlsx"".
2023-01-22 22:06:34.250 &amp#27;[32m INFO&amp#27;[m &amp#27;[35m[@503 - main]&amp#27;[m &amp#27;[36mcom.shaft.tools.io.ReportManager&amp#27;[m : Successfully created attachment "Test Data - Excel"
2023-01-22 22:06:36.165 &amp#27;[32m INFO&amp#27;[m &amp#27;[35m[@503 - main]&amp#27;[m &amp#27;[36mcom.shaft.tools.io.ReportManager&amp#27;[m : Response status code: "400", status line: "HTTP/1.1 400 "
2023-01-22 22:06:36.175 &amp#27;[32m INFO&amp#27;[m &amp#27;[35m[@503 - main]&amp#27;[m &amp#27;[36mcom.shaft.tools.io.ReportManager&amp#27;[m : Successfully created attachment "API Request - Specifications"
2023-01-22 22:06:36.176 &amp#27;[32m INFO&amp#27;[m &amp#27;[35m[@503 - main]&amp#27;[m &amp#27;[36mcom.shaft.tools.io.ReportManager&amp#27;[m : Successfully created attachment "API Response - JSON Body"
2023-01-22 22:06:36.177 &amp#27;[32m INFO&amp#27;[m &amp#27;[35m[@503 - main]&amp#27;[m &amp#27;[36mcom.shaft.tools.io.ReportManager&amp#27;[m : File Action "DoesFileExist" successfully performed. With the following test data "File Path: "Schemas/BadRequestError_schema.json"".
2023-01-22 22:06:36.177 &amp#27;[32m INFO&amp#27;[m &amp#27;[35m[@503 - main]&amp#27;[m &amp#27;[36mcom.shaft.tools.io.ReportManager&amp#27;[m : File Action "DoesFileExist" successfully performed. With the following test data "File Path: "src/test/resources/testDataFiles/Schemas/BadRequestError_schema.json"".
2023-01-22 22:06:36.177 &amp#27;[32m INFO&amp#27;[m &amp#27;[35m[@503 - main]&amp#27;[m &amp#27;[36mcom.shaft.tools.io.ReportManager&amp#27;[m : File Action "GetAbsolutePath" successfully performed. With the following test data "Relative Folder Path: "src/test/resources/testDataFiles/Schemas/BadRequestError_schema.json"".
2023-01-22 22:06:36.179 &amp#27;[32m INFO&amp#27;[m &amp#27;[35m[@503 - main]&amp#27;[m &amp#27;[36mcom.shaft.tools.io.ReportManager&amp#27;[m : File Action "DoesFileExist" successfully performed. With the following test data "File Path: "C:\eclipse-workspace\MyProjects\TASystemsAPIs\src\test\resources\testDataFiles\Schemas\BadRequestError_schema.json"".
2023-01-22 22:06:36.179 &amp#27;[32m INFO&amp#27;[m &amp#27;[35m[@503 - main]&amp#27;[m &amp#27;[36mcom.shaft.tools.io.ReportManager&amp#27;[m : File Action "GetAbsolutePath" successfully performed. With the following test data "Relative Folder Path: "C:\eclipse-workspace\MyProjects\TASystemsAPIs\src\test\resources\testDataFiles\Schemas\BadRequestError_schema.json"".
2023-01-22 22:06:36.180 &amp#27;[32m INFO&amp#27;[m &amp#27;[35m[@503 - main]&amp#27;[m &amp#27;[36mcom.shaft.tools.io.ReportManager&amp#27;[m : File Action "ReadFile" successfully performed. With the following test data "File Path: "C:\eclipse-workspace\MyProjects\TASystemsAPIs\src\test\resources\testDataFiles\Schemas\BadRequestError_schema.json"".
2023-01-22 22:06:36.181 &amp#27;[32m INFO&amp#27;[m &amp#27;[35m[@503 - main]&amp#27;[m &amp#27;[36mcom.shaft.tools.io.ReportManager&amp#27;[m : Successfully created attachment "Validation Test Data - Expected JSON Value"
2023-01-22 22:06:36.182 &amp#27;[32m INFO&amp#27;[m &amp#27;[35m[@503 - main]&amp#27;[m &amp#27;[36mcom.shaft.tools.io.ReportManager&amp#27;[m : Successfully created attachment "Validation Test Data - Actual JSON Value"
2023-01-22 22:06:36.184 &amp#27;[32m INFO&amp#27;[m &amp#27;[35m[@503 - main]&amp#27;[m &amp#27;[36mcom.shaft.tools.io.ReportManager&amp#27;[m : Successfully created attachment "SHAFT Engine Logs - Current Method log: Get_Policy_With_BadRequest_data_TC"
]]></system-out>
  </testcase>
  <testcase name="Get_Policy_With_BadRequest_data_TC[[Ljava.lang.Object;@77ab77ef](9)" classname="SteeringCompanyAPI_TestCases.Test_Policies_Cases" time="2.364">
    <system-out><![CDATA[2023-01-22 22:06:36.186 &amp#27;[32m INFO&amp#27;[m &amp#27;[35m[@534 - main]&amp#27;[m &amp#27;[36mcom.shaft.tools.io.ReportManager&amp#27;[m : 
################################################################################################################################################
Starting Execution:	"153 out of 83" test cases in the current suite
Test Method:		"SteeringCompanyAPI_TestCases.Test_Policies_Cases.Get_Policy_With_BadRequest_data_TC"
Test Description:	"TC059 -Policy- Perform Get Policy with BadRequest data"
################################################################################################################################################
2023-01-22 22:06:36.186 &amp#27;[32m INFO&amp#27;[m &amp#27;[35m[@503 - main]&amp#27;[m &amp#27;[36mcom.shaft.tools.io.ReportManager&amp#27;[m : File Action "DoesFileExist" successfully performed. With the following test data "File Path: "SteeringCompanyAPI_TestData/SteeringCompanyAPI_TestData.xlsx"".
2023-01-22 22:06:36.214 &amp#27;[32m INFO&amp#27;[m &amp#27;[35m[@503 - main]&amp#27;[m &amp#27;[36mcom.shaft.tools.io.ReportManager&amp#27;[m : Successfully created attachment "Test Data - Excel"
2023-01-22 22:06:37.293 &amp#27;[32m INFO&amp#27;[m &amp#27;[35m[@503 - main]&amp#27;[m &amp#27;[36mcom.shaft.tools.io.ReportManager&amp#27;[m : Response status code: "200", status line: "HTTP/1.1 200 OK"
2023-01-22 22:06:37.303 &amp#27;[32m INFO&amp#27;[m &amp#27;[35m[@503 - main]&amp#27;[m &amp#27;[36mcom.shaft.tools.io.ReportManager&amp#27;[m : Successfully created attachment "API Request - Specifications"
2023-01-22 22:06:37.303 &amp#27;[32m INFO&amp#27;[m &amp#27;[35m[@503 - main]&amp#27;[m &amp#27;[36mcom.shaft.tools.io.ReportManager&amp#27;[m : Successfully created attachment "API Request - Body"
2023-01-22 22:06:37.305 &amp#27;[32m INFO&amp#27;[m &amp#27;[35m[@503 - main]&amp#27;[m &amp#27;[36mcom.shaft.tools.io.ReportManager&amp#27;[m : Successfully created attachment "API Response - JSON Body"
2023-01-22 22:06:37.312 &amp#27;[32m INFO&amp#27;[m &amp#27;[35m[@503 - main]&amp#27;[m &amp#27;[36mcom.shaft.tools.io.ReportManager&amp#27;[m : File Action "DoesFileExist" successfully performed. With the following test data "File Path: "SteeringCompanyAPI_TestData/SteeringCompanyAPI_TestData.xlsx"".
2023-01-22 22:06:37.335 &amp#27;[32m INFO&amp#27;[m &amp#27;[35m[@503 - main]&amp#27;[m &amp#27;[36mcom.shaft.tools.io.ReportManager&amp#27;[m : Successfully created attachment "Test Data - Excel"
2023-01-22 22:06:37.336 &amp#27;[32m INFO&amp#27;[m &amp#27;[35m[@503 - main]&amp#27;[m &amp#27;[36mcom.shaft.tools.io.ReportManager&amp#27;[m : File Action "DoesFileExist" successfully performed. With the following test data "File Path: "SteeringCompanyAPI_TestData/SteeringCompanyAPI_TestData.xlsx"".
2023-01-22 22:06:37.356 &amp#27;[32m INFO&amp#27;[m &amp#27;[35m[@503 - main]&amp#27;[m &amp#27;[36mcom.shaft.tools.io.ReportManager&amp#27;[m : Successfully created attachment "Test Data - Excel"
2023-01-22 22:06:37.357 &amp#27;[32m INFO&amp#27;[m &amp#27;[35m[@503 - main]&amp#27;[m &amp#27;[36mcom.shaft.tools.io.ReportManager&amp#27;[m : File Action "DoesFileExist" successfully performed. With the following test data "File Path: "SteeringCompanyAPI_TestData/SteeringCompanyAPI_TestData.xlsx"".
2023-01-22 22:06:37.380 &amp#27;[32m INFO&amp#27;[m &amp#27;[35m[@503 - main]&amp#27;[m &amp#27;[36mcom.shaft.tools.io.ReportManager&amp#27;[m : Successfully created attachment "Test Data - Excel"
2023-01-22 22:06:38.527 &amp#27;[32m INFO&amp#27;[m &amp#27;[35m[@503 - main]&amp#27;[m &amp#27;[36mcom.shaft.tools.io.ReportManager&amp#27;[m : Response status code: "400", status line: "HTTP/1.1 400 "
2023-01-22 22:06:38.540 &amp#27;[32m INFO&amp#27;[m &amp#27;[35m[@503 - main]&amp#27;[m &amp#27;[36mcom.shaft.tools.io.ReportManager&amp#27;[m : Successfully created attachment "API Request - Specifications"
2023-01-22 22:06:38.541 &amp#27;[32m INFO&amp#27;[m &amp#27;[35m[@503 - main]&amp#27;[m &amp#27;[36mcom.shaft.tools.io.ReportManager&amp#27;[m : Successfully created attachment "API Response - JSON Body"
2023-01-22 22:06:38.541 &amp#27;[32m INFO&amp#27;[m &amp#27;[35m[@503 - main]&amp#27;[m &amp#27;[36mcom.shaft.tools.io.ReportManager&amp#27;[m : File Action "DoesFileExist" successfully performed. With the following test data "File Path: "Schemas/BadRequestError_schema.json"".
2023-01-22 22:06:38.542 &amp#27;[32m INFO&amp#27;[m &amp#27;[35m[@503 - main]&amp#27;[m &amp#27;[36mcom.shaft.tools.io.ReportManager&amp#27;[m : File Action "DoesFileExist" successfully performed. With the following test data "File Path: "src/test/resources/testDataFiles/Schemas/BadRequestError_schema.json"".
2023-01-22 22:06:38.542 &amp#27;[32m INFO&amp#27;[m &amp#27;[35m[@503 - main]&amp#27;[m &amp#27;[36mcom.shaft.tools.io.ReportManager&amp#27;[m : File Action "GetAbsolutePath" successfully performed. With the following test data "Relative Folder Path: "src/test/resources/testDataFiles/Schemas/BadRequestError_schema.json"".
2023-01-22 22:06:38.543 &amp#27;[32m INFO&amp#27;[m &amp#27;[35m[@503 - main]&amp#27;[m &amp#27;[36mcom.shaft.tools.io.ReportManager&amp#27;[m : File Action "DoesFileExist" successfully performed. With the following test data "File Path: "C:\eclipse-workspace\MyProjects\TASystemsAPIs\src\test\resources\testDataFiles\Schemas\BadRequestError_schema.json"".
2023-01-22 22:06:38.543 &amp#27;[32m INFO&amp#27;[m &amp#27;[35m[@503 - main]&amp#27;[m &amp#27;[36mcom.shaft.tools.io.ReportManager&amp#27;[m : File Action "GetAbsolutePath" successfully performed. With the following test data "Relative Folder Path: "C:\eclipse-workspace\MyProjects\TASystemsAPIs\src\test\resources\testDataFiles\Schemas\BadRequestError_schema.json"".
2023-01-22 22:06:38.544 &amp#27;[32m INFO&amp#27;[m &amp#27;[35m[@503 - main]&amp#27;[m &amp#27;[36mcom.shaft.tools.io.ReportManager&amp#27;[m : File Action "ReadFile" successfully performed. With the following test data "File Path: "C:\eclipse-workspace\MyProjects\TASystemsAPIs\src\test\resources\testDataFiles\Schemas\BadRequestError_schema.json"".
2023-01-22 22:06:38.545 &amp#27;[32m INFO&amp#27;[m &amp#27;[35m[@503 - main]&amp#27;[m &amp#27;[36mcom.shaft.tools.io.ReportManager&amp#27;[m : Successfully created attachment "Validation Test Data - Expected JSON Value"
2023-01-22 22:06:38.546 &amp#27;[32m INFO&amp#27;[m &amp#27;[35m[@503 - main]&amp#27;[m &amp#27;[36mcom.shaft.tools.io.ReportManager&amp#27;[m : Successfully created attachment "Validation Test Data - Actual JSON Value"
2023-01-22 22:06:38.547 &amp#27;[32m INFO&amp#27;[m &amp#27;[35m[@503 - main]&amp#27;[m &amp#27;[36mcom.shaft.tools.io.ReportManager&amp#27;[m : Successfully created attachment "SHAFT Engine Logs - Current Method log: Get_Policy_With_BadRequest_data_TC"
]]></system-out>
  </testcase>
  <testcase name="Get_Policy_With_BadRequest_data_TC[[Ljava.lang.Object;@7edef7f3](10)" classname="SteeringCompanyAPI_TestCases.Test_Policies_Cases" time="2.543">
    <system-out><![CDATA[2023-01-22 22:06:38.551 &amp#27;[32m INFO&amp#27;[m &amp#27;[35m[@534 - main]&amp#27;[m &amp#27;[36mcom.shaft.tools.io.ReportManager&amp#27;[m : 
################################################################################################################################################
Starting Execution:	"154 out of 83" test cases in the current suite
Test Method:		"SteeringCompanyAPI_TestCases.Test_Policies_Cases.Get_Policy_With_BadRequest_data_TC"
Test Description:	"TC059 -Policy- Perform Get Policy with BadRequest data"
################################################################################################################################################
2023-01-22 22:06:38.552 &amp#27;[32m INFO&amp#27;[m &amp#27;[35m[@503 - main]&amp#27;[m &amp#27;[36mcom.shaft.tools.io.ReportManager&amp#27;[m : File Action "DoesFileExist" successfully performed. With the following test data "File Path: "SteeringCompanyAPI_TestData/SteeringCompanyAPI_TestData.xlsx"".
2023-01-22 22:06:38.572 &amp#27;[32m INFO&amp#27;[m &amp#27;[35m[@503 - main]&amp#27;[m &amp#27;[36mcom.shaft.tools.io.ReportManager&amp#27;[m : Successfully created attachment "Test Data - Excel"
2023-01-22 22:06:39.888 &amp#27;[32m INFO&amp#27;[m &amp#27;[35m[@503 - main]&amp#27;[m &amp#27;[36mcom.shaft.tools.io.ReportManager&amp#27;[m : Response status code: "200", status line: "HTTP/1.1 200 OK"
2023-01-22 22:06:39.907 &amp#27;[32m INFO&amp#27;[m &amp#27;[35m[@503 - main]&amp#27;[m &amp#27;[36mcom.shaft.tools.io.ReportManager&amp#27;[m : Successfully created attachment "API Request - Specifications"
2023-01-22 22:06:39.907 &amp#27;[32m INFO&amp#27;[m &amp#27;[35m[@503 - main]&amp#27;[m &amp#27;[36mcom.shaft.tools.io.ReportManager&amp#27;[m : Successfully created attachment "API Request - Body"
2023-01-22 22:06:39.909 &amp#27;[32m INFO&amp#27;[m &amp#27;[35m[@503 - main]&amp#27;[m &amp#27;[36mcom.shaft.tools.io.ReportManager&amp#27;[m : Successfully created attachment "API Response - JSON Body"
2023-01-22 22:06:39.916 &amp#27;[32m INFO&amp#27;[m &amp#27;[35m[@503 - main]&amp#27;[m &amp#27;[36mcom.shaft.tools.io.ReportManager&amp#27;[m : File Action "DoesFileExist" successfully performed. With the following test data "File Path: "SteeringCompanyAPI_TestData/SteeringCompanyAPI_TestData.xlsx"".
2023-01-22 22:06:39.939 &amp#27;[32m INFO&amp#27;[m &amp#27;[35m[@503 - main]&amp#27;[m &amp#27;[36mcom.shaft.tools.io.ReportManager&amp#27;[m : Successfully created attachment "Test Data - Excel"
2023-01-22 22:06:39.939 &amp#27;[32m INFO&amp#27;[m &amp#27;[35m[@503 - main]&amp#27;[m &amp#27;[36mcom.shaft.tools.io.ReportManager&amp#27;[m : File Action "DoesFileExist" successfully performed. With the following test data "File Path: "SteeringCompanyAPI_TestData/SteeringCompanyAPI_TestData.xlsx"".
2023-01-22 22:06:39.978 &amp#27;[32m INFO&amp#27;[m &amp#27;[35m[@503 - main]&amp#27;[m &amp#27;[36mcom.shaft.tools.io.ReportManager&amp#27;[m : Successfully created attachment "Test Data - Excel"
2023-01-22 22:06:39.978 &amp#27;[32m INFO&amp#27;[m &amp#27;[35m[@503 - main]&amp#27;[m &amp#27;[36mcom.shaft.tools.io.ReportManager&amp#27;[m : File Action "DoesFileExist" successfully performed. With the following test data "File Path: "SteeringCompanyAPI_TestData/SteeringCompanyAPI_TestData.xlsx"".
2023-01-22 22:06:40.011 &amp#27;[32m INFO&amp#27;[m &amp#27;[35m[@503 - main]&amp#27;[m &amp#27;[36mcom.shaft.tools.io.ReportManager&amp#27;[m : Successfully created attachment "Test Data - Excel"
2023-01-22 22:06:41.072 &amp#27;[32m INFO&amp#27;[m &amp#27;[35m[@503 - main]&amp#27;[m &amp#27;[36mcom.shaft.tools.io.ReportManager&amp#27;[m : Response status code: "400", status line: "HTTP/1.1 400 "
2023-01-22 22:06:41.083 &amp#27;[32m INFO&amp#27;[m &amp#27;[35m[@503 - main]&amp#27;[m &amp#27;[36mcom.shaft.tools.io.ReportManager&amp#27;[m : Successfully created attachment "API Request - Specifications"
2023-01-22 22:06:41.084 &amp#27;[32m INFO&amp#27;[m &amp#27;[35m[@503 - main]&amp#27;[m &amp#27;[36mcom.shaft.tools.io.ReportManager&amp#27;[m : Successfully created attachment "API Response - JSON Body"
2023-01-22 22:06:41.084 &amp#27;[32m INFO&amp#27;[m &amp#27;[35m[@503 - main]&amp#27;[m &amp#27;[36mcom.shaft.tools.io.ReportManager&amp#27;[m : File Action "DoesFileExist" successfully performed. With the following test data "File Path: "Schemas/BadRequestError_schema.json"".
2023-01-22 22:06:41.085 &amp#27;[32m INFO&amp#27;[m &amp#27;[35m[@503 - main]&amp#27;[m &amp#27;[36mcom.shaft.tools.io.ReportManager&amp#27;[m : File Action "DoesFileExist" successfully performed. With the following test data "File Path: "src/test/resources/testDataFiles/Schemas/BadRequestError_schema.json"".
2023-01-22 22:06:41.085 &amp#27;[32m INFO&amp#27;[m &amp#27;[35m[@503 - main]&amp#27;[m &amp#27;[36mcom.shaft.tools.io.ReportManager&amp#27;[m : File Action "GetAbsolutePath" successfully performed. With the following test data "Relative Folder Path: "src/test/resources/testDataFiles/Schemas/BadRequestError_schema.json"".
2023-01-22 22:06:41.087 &amp#27;[32m INFO&amp#27;[m &amp#27;[35m[@503 - main]&amp#27;[m &amp#27;[36mcom.shaft.tools.io.ReportManager&amp#27;[m : File Action "DoesFileExist" successfully performed. With the following test data "File Path: "C:\eclipse-workspace\MyProjects\TASystemsAPIs\src\test\resources\testDataFiles\Schemas\BadRequestError_schema.json"".
2023-01-22 22:06:41.087 &amp#27;[32m INFO&amp#27;[m &amp#27;[35m[@503 - main]&amp#27;[m &amp#27;[36mcom.shaft.tools.io.ReportManager&amp#27;[m : File Action "GetAbsolutePath" successfully performed. With the following test data "Relative Folder Path: "C:\eclipse-workspace\MyProjects\TASystemsAPIs\src\test\resources\testDataFiles\Schemas\BadRequestError_schema.json"".
2023-01-22 22:06:41.088 &amp#27;[32m INFO&amp#27;[m &amp#27;[35m[@503 - main]&amp#27;[m &amp#27;[36mcom.shaft.tools.io.ReportManager&amp#27;[m : File Action "ReadFile" successfully performed. With the following test data "File Path: "C:\eclipse-workspace\MyProjects\TASystemsAPIs\src\test\resources\testDataFiles\Schemas\BadRequestError_schema.json"".
2023-01-22 22:06:41.089 &amp#27;[32m INFO&amp#27;[m &amp#27;[35m[@503 - main]&amp#27;[m &amp#27;[36mcom.shaft.tools.io.ReportManager&amp#27;[m : Successfully created attachment "Validation Test Data - Expected JSON Value"
2023-01-22 22:06:41.090 &amp#27;[32m INFO&amp#27;[m &amp#27;[35m[@503 - main]&amp#27;[m &amp#27;[36mcom.shaft.tools.io.ReportManager&amp#27;[m : Successfully created attachment "Validation Test Data - Actual JSON Value"
2023-01-22 22:06:41.091 &amp#27;[32m INFO&amp#27;[m &amp#27;[35m[@503 - main]&amp#27;[m &amp#27;[36mcom.shaft.tools.io.ReportManager&amp#27;[m : Successfully created attachment "SHAFT Engine Logs - Current Method log: Get_Policy_With_BadRequest_data_TC"
]]></system-out>
  </testcase>
  <testcase name="Get_Policy_With_NotFound_data_TC[[Ljava.lang.Object;@701eecd0](1)" classname="SteeringCompanyAPI_TestCases.Test_Policies_Cases" time="2.046">
    <system-out><![CDATA[2023-01-22 22:06:41.102 &amp#27;[32m INFO&amp#27;[m &amp#27;[35m[@534 - main]&amp#27;[m &amp#27;[36mcom.shaft.tools.io.ReportManager&amp#27;[m : 
################################################################################################################################################
Starting Execution:	"155 out of 83" test cases in the current suite
Test Method:		"SteeringCompanyAPI_TestCases.Test_Policies_Cases.Get_Policy_With_NotFound_data_TC"
Test Description:	"TC058 -Policy- Perform Get Policy with NotFound data"
################################################################################################################################################
2023-01-22 22:06:41.102 &amp#27;[32m INFO&amp#27;[m &amp#27;[35m[@503 - main]&amp#27;[m &amp#27;[36mcom.shaft.tools.io.ReportManager&amp#27;[m : File Action "DoesFileExist" successfully performed. With the following test data "File Path: "SteeringCompanyAPI_TestData/SteeringCompanyAPI_TestData.xlsx"".
2023-01-22 22:06:41.130 &amp#27;[32m INFO&amp#27;[m &amp#27;[35m[@503 - main]&amp#27;[m &amp#27;[36mcom.shaft.tools.io.ReportManager&amp#27;[m : Successfully created attachment "Test Data - Excel"
2023-01-22 22:06:42.177 &amp#27;[32m INFO&amp#27;[m &amp#27;[35m[@503 - main]&amp#27;[m &amp#27;[36mcom.shaft.tools.io.ReportManager&amp#27;[m : Response status code: "200", status line: "HTTP/1.1 200 OK"
2023-01-22 22:06:42.189 &amp#27;[32m INFO&amp#27;[m &amp#27;[35m[@503 - main]&amp#27;[m &amp#27;[36mcom.shaft.tools.io.ReportManager&amp#27;[m : Successfully created attachment "API Request - Specifications"
2023-01-22 22:06:42.190 &amp#27;[32m INFO&amp#27;[m &amp#27;[35m[@503 - main]&amp#27;[m &amp#27;[36mcom.shaft.tools.io.ReportManager&amp#27;[m : Successfully created attachment "API Request - Body"
2023-01-22 22:06:42.190 &amp#27;[32m INFO&amp#27;[m &amp#27;[35m[@503 - main]&amp#27;[m &amp#27;[36mcom.shaft.tools.io.ReportManager&amp#27;[m : Successfully created attachment "API Response - JSON Body"
2023-01-22 22:06:42.197 &amp#27;[32m INFO&amp#27;[m &amp#27;[35m[@503 - main]&amp#27;[m &amp#27;[36mcom.shaft.tools.io.ReportManager&amp#27;[m : File Action "DoesFileExist" successfully performed. With the following test data "File Path: "SteeringCompanyAPI_TestData/SteeringCompanyAPI_TestData.xlsx"".
2023-01-22 22:06:42.222 &amp#27;[32m INFO&amp#27;[m &amp#27;[35m[@503 - main]&amp#27;[m &amp#27;[36mcom.shaft.tools.io.ReportManager&amp#27;[m : Successfully created attachment "Test Data - Excel"
2023-01-22 22:06:42.222 &amp#27;[32m INFO&amp#27;[m &amp#27;[35m[@503 - main]&amp#27;[m &amp#27;[36mcom.shaft.tools.io.ReportManager&amp#27;[m : File Action "DoesFileExist" successfully performed. With the following test data "File Path: "SteeringCompanyAPI_TestData/SteeringCompanyAPI_TestData.xlsx"".
2023-01-22 22:06:42.249 &amp#27;[32m INFO&amp#27;[m &amp#27;[35m[@503 - main]&amp#27;[m &amp#27;[36mcom.shaft.tools.io.ReportManager&amp#27;[m : Successfully created attachment "Test Data - Excel"
2023-01-22 22:06:42.249 &amp#27;[32m INFO&amp#27;[m &amp#27;[35m[@503 - main]&amp#27;[m &amp#27;[36mcom.shaft.tools.io.ReportManager&amp#27;[m : File Action "DoesFileExist" successfully performed. With the following test data "File Path: "SteeringCompanyAPI_TestData/SteeringCompanyAPI_TestData.xlsx"".
2023-01-22 22:06:42.270 &amp#27;[32m INFO&amp#27;[m &amp#27;[35m[@503 - main]&amp#27;[m &amp#27;[36mcom.shaft.tools.io.ReportManager&amp#27;[m : Successfully created attachment "Test Data - Excel"
2023-01-22 22:06:43.128 &amp#27;[32m INFO&amp#27;[m &amp#27;[35m[@503 - main]&amp#27;[m &amp#27;[36mcom.shaft.tools.io.ReportManager&amp#27;[m : Response status code: "404", status line: "HTTP/1.1 404 "
2023-01-22 22:06:43.138 &amp#27;[32m INFO&amp#27;[m &amp#27;[35m[@503 - main]&amp#27;[m &amp#27;[36mcom.shaft.tools.io.ReportManager&amp#27;[m : Successfully created attachment "API Request - Specifications"
2023-01-22 22:06:43.140 &amp#27;[32m INFO&amp#27;[m &amp#27;[35m[@503 - main]&amp#27;[m &amp#27;[36mcom.shaft.tools.io.ReportManager&amp#27;[m : Successfully created attachment "API Response - JSON Body"
2023-01-22 22:06:43.140 &amp#27;[32m INFO&amp#27;[m &amp#27;[35m[@503 - main]&amp#27;[m &amp#27;[36mcom.shaft.tools.io.ReportManager&amp#27;[m : File Action "DoesFileExist" successfully performed. With the following test data "File Path: "Schemas/NotFoundError_schema.json"".
2023-01-22 22:06:43.140 &amp#27;[32m INFO&amp#27;[m &amp#27;[35m[@503 - main]&amp#27;[m &amp#27;[36mcom.shaft.tools.io.ReportManager&amp#27;[m : File Action "DoesFileExist" successfully performed. With the following test data "File Path: "src/test/resources/testDataFiles/Schemas/NotFoundError_schema.json"".
2023-01-22 22:06:43.140 &amp#27;[32m INFO&amp#27;[m &amp#27;[35m[@503 - main]&amp#27;[m &amp#27;[36mcom.shaft.tools.io.ReportManager&amp#27;[m : File Action "GetAbsolutePath" successfully performed. With the following test data "Relative Folder Path: "src/test/resources/testDataFiles/Schemas/NotFoundError_schema.json"".
2023-01-22 22:06:43.141 &amp#27;[32m INFO&amp#27;[m &amp#27;[35m[@503 - main]&amp#27;[m &amp#27;[36mcom.shaft.tools.io.ReportManager&amp#27;[m : File Action "DoesFileExist" successfully performed. With the following test data "File Path: "C:\eclipse-workspace\MyProjects\TASystemsAPIs\src\test\resources\testDataFiles\Schemas\NotFoundError_schema.json"".
2023-01-22 22:06:43.141 &amp#27;[32m INFO&amp#27;[m &amp#27;[35m[@503 - main]&amp#27;[m &amp#27;[36mcom.shaft.tools.io.ReportManager&amp#27;[m : File Action "GetAbsolutePath" successfully performed. With the following test data "Relative Folder Path: "C:\eclipse-workspace\MyProjects\TASystemsAPIs\src\test\resources\testDataFiles\Schemas\NotFoundError_schema.json"".
2023-01-22 22:06:43.141 &amp#27;[32m INFO&amp#27;[m &amp#27;[35m[@503 - main]&amp#27;[m &amp#27;[36mcom.shaft.tools.io.ReportManager&amp#27;[m : File Action "ReadFile" successfully performed. With the following test data "File Path: "C:\eclipse-workspace\MyProjects\TASystemsAPIs\src\test\resources\testDataFiles\Schemas\NotFoundError_schema.json"".
2023-01-22 22:06:43.143 &amp#27;[32m INFO&amp#27;[m &amp#27;[35m[@503 - main]&amp#27;[m &amp#27;[36mcom.shaft.tools.io.ReportManager&amp#27;[m : Successfully created attachment "Validation Test Data - Expected JSON Value"
2023-01-22 22:06:43.144 &amp#27;[32m INFO&amp#27;[m &amp#27;[35m[@503 - main]&amp#27;[m &amp#27;[36mcom.shaft.tools.io.ReportManager&amp#27;[m : Successfully created attachment "Validation Test Data - Actual JSON Value"
2023-01-22 22:06:43.144 &amp#27;[32m INFO&amp#27;[m &amp#27;[35m[@503 - main]&amp#27;[m &amp#27;[36mcom.shaft.tools.io.ReportManager&amp#27;[m : Successfully created attachment "SHAFT Engine Logs - Current Method log: Get_Policy_With_NotFound_data_TC"
]]></system-out>
  </testcase>
  <testcase name="Get_Policy_With_NotFound_data_TC[[Ljava.lang.Object;@4b37b02a](2)" classname="SteeringCompanyAPI_TestCases.Test_Policies_Cases" time="3.89">
    <system-out><![CDATA[2023-01-22 22:06:43.147 &amp#27;[32m INFO&amp#27;[m &amp#27;[35m[@534 - main]&amp#27;[m &amp#27;[36mcom.shaft.tools.io.ReportManager&amp#27;[m : 
################################################################################################################################################
Starting Execution:	"156 out of 83" test cases in the current suite
Test Method:		"SteeringCompanyAPI_TestCases.Test_Policies_Cases.Get_Policy_With_NotFound_data_TC"
Test Description:	"TC058 -Policy- Perform Get Policy with NotFound data"
################################################################################################################################################
2023-01-22 22:06:43.148 &amp#27;[32m INFO&amp#27;[m &amp#27;[35m[@503 - main]&amp#27;[m &amp#27;[36mcom.shaft.tools.io.ReportManager&amp#27;[m : File Action "DoesFileExist" successfully performed. With the following test data "File Path: "SteeringCompanyAPI_TestData/SteeringCompanyAPI_TestData.xlsx"".
2023-01-22 22:06:43.172 &amp#27;[32m INFO&amp#27;[m &amp#27;[35m[@503 - main]&amp#27;[m &amp#27;[36mcom.shaft.tools.io.ReportManager&amp#27;[m : Successfully created attachment "Test Data - Excel"
2023-01-22 22:06:46.104 &amp#27;[32m INFO&amp#27;[m &amp#27;[35m[@503 - main]&amp#27;[m &amp#27;[36mcom.shaft.tools.io.ReportManager&amp#27;[m : Response status code: "200", status line: "HTTP/1.1 200 OK"
2023-01-22 22:06:46.114 &amp#27;[32m INFO&amp#27;[m &amp#27;[35m[@503 - main]&amp#27;[m &amp#27;[36mcom.shaft.tools.io.ReportManager&amp#27;[m : Successfully created attachment "API Request - Specifications"
2023-01-22 22:06:46.115 &amp#27;[32m INFO&amp#27;[m &amp#27;[35m[@503 - main]&amp#27;[m &amp#27;[36mcom.shaft.tools.io.ReportManager&amp#27;[m : Successfully created attachment "API Request - Body"
2023-01-22 22:06:46.116 &amp#27;[32m INFO&amp#27;[m &amp#27;[35m[@503 - main]&amp#27;[m &amp#27;[36mcom.shaft.tools.io.ReportManager&amp#27;[m : Successfully created attachment "API Response - JSON Body"
2023-01-22 22:06:46.122 &amp#27;[32m INFO&amp#27;[m &amp#27;[35m[@503 - main]&amp#27;[m &amp#27;[36mcom.shaft.tools.io.ReportManager&amp#27;[m : File Action "DoesFileExist" successfully performed. With the following test data "File Path: "SteeringCompanyAPI_TestData/SteeringCompanyAPI_TestData.xlsx"".
2023-01-22 22:06:46.144 &amp#27;[32m INFO&amp#27;[m &amp#27;[35m[@503 - main]&amp#27;[m &amp#27;[36mcom.shaft.tools.io.ReportManager&amp#27;[m : Successfully created attachment "Test Data - Excel"
2023-01-22 22:06:46.144 &amp#27;[32m INFO&amp#27;[m &amp#27;[35m[@503 - main]&amp#27;[m &amp#27;[36mcom.shaft.tools.io.ReportManager&amp#27;[m : File Action "DoesFileExist" successfully performed. With the following test data "File Path: "SteeringCompanyAPI_TestData/SteeringCompanyAPI_TestData.xlsx"".
2023-01-22 22:06:46.165 &amp#27;[32m INFO&amp#27;[m &amp#27;[35m[@503 - main]&amp#27;[m &amp#27;[36mcom.shaft.tools.io.ReportManager&amp#27;[m : Successfully created attachment "Test Data - Excel"
2023-01-22 22:06:46.166 &amp#27;[32m INFO&amp#27;[m &amp#27;[35m[@503 - main]&amp#27;[m &amp#27;[36mcom.shaft.tools.io.ReportManager&amp#27;[m : File Action "DoesFileExist" successfully performed. With the following test data "File Path: "SteeringCompanyAPI_TestData/SteeringCompanyAPI_TestData.xlsx"".
2023-01-22 22:06:46.186 &amp#27;[32m INFO&amp#27;[m &amp#27;[35m[@503 - main]&amp#27;[m &amp#27;[36mcom.shaft.tools.io.ReportManager&amp#27;[m : Successfully created attachment "Test Data - Excel"
2023-01-22 22:06:47.018 &amp#27;[32m INFO&amp#27;[m &amp#27;[35m[@503 - main]&amp#27;[m &amp#27;[36mcom.shaft.tools.io.ReportManager&amp#27;[m : Response status code: "404", status line: "HTTP/1.1 404 "
2023-01-22 22:06:47.028 &amp#27;[32m INFO&amp#27;[m &amp#27;[35m[@503 - main]&amp#27;[m &amp#27;[36mcom.shaft.tools.io.ReportManager&amp#27;[m : Successfully created attachment "API Request - Specifications"
2023-01-22 22:06:47.029 &amp#27;[32m INFO&amp#27;[m &amp#27;[35m[@503 - main]&amp#27;[m &amp#27;[36mcom.shaft.tools.io.ReportManager&amp#27;[m : Successfully created attachment "API Response - JSON Body"
2023-01-22 22:06:47.030 &amp#27;[32m INFO&amp#27;[m &amp#27;[35m[@503 - main]&amp#27;[m &amp#27;[36mcom.shaft.tools.io.ReportManager&amp#27;[m : File Action "DoesFileExist" successfully performed. With the following test data "File Path: "Schemas/NotFoundError_schema.json"".
2023-01-22 22:06:47.030 &amp#27;[32m INFO&amp#27;[m &amp#27;[35m[@503 - main]&amp#27;[m &amp#27;[36mcom.shaft.tools.io.ReportManager&amp#27;[m : File Action "DoesFileExist" successfully performed. With the following test data "File Path: "src/test/resources/testDataFiles/Schemas/NotFoundError_schema.json"".
2023-01-22 22:06:47.030 &amp#27;[32m INFO&amp#27;[m &amp#27;[35m[@503 - main]&amp#27;[m &amp#27;[36mcom.shaft.tools.io.ReportManager&amp#27;[m : File Action "GetAbsolutePath" successfully performed. With the following test data "Relative Folder Path: "src/test/resources/testDataFiles/Schemas/NotFoundError_schema.json"".
2023-01-22 22:06:47.032 &amp#27;[32m INFO&amp#27;[m &amp#27;[35m[@503 - main]&amp#27;[m &amp#27;[36mcom.shaft.tools.io.ReportManager&amp#27;[m : File Action "DoesFileExist" successfully performed. With the following test data "File Path: "C:\eclipse-workspace\MyProjects\TASystemsAPIs\src\test\resources\testDataFiles\Schemas\NotFoundError_schema.json"".
2023-01-22 22:06:47.032 &amp#27;[32m INFO&amp#27;[m &amp#27;[35m[@503 - main]&amp#27;[m &amp#27;[36mcom.shaft.tools.io.ReportManager&amp#27;[m : File Action "GetAbsolutePath" successfully performed. With the following test data "Relative Folder Path: "C:\eclipse-workspace\MyProjects\TASystemsAPIs\src\test\resources\testDataFiles\Schemas\NotFoundError_schema.json"".
2023-01-22 22:06:47.032 &amp#27;[32m INFO&amp#27;[m &amp#27;[35m[@503 - main]&amp#27;[m &amp#27;[36mcom.shaft.tools.io.ReportManager&amp#27;[m : File Action "ReadFile" successfully performed. With the following test data "File Path: "C:\eclipse-workspace\MyProjects\TASystemsAPIs\src\test\resources\testDataFiles\Schemas\NotFoundError_schema.json"".
2023-01-22 22:06:47.033 &amp#27;[32m INFO&amp#27;[m &amp#27;[35m[@503 - main]&amp#27;[m &amp#27;[36mcom.shaft.tools.io.ReportManager&amp#27;[m : Successfully created attachment "Validation Test Data - Expected JSON Value"
2023-01-22 22:06:47.034 &amp#27;[32m INFO&amp#27;[m &amp#27;[35m[@503 - main]&amp#27;[m &amp#27;[36mcom.shaft.tools.io.ReportManager&amp#27;[m : Successfully created attachment "Validation Test Data - Actual JSON Value"
2023-01-22 22:06:47.035 &amp#27;[32m INFO&amp#27;[m &amp#27;[35m[@503 - main]&amp#27;[m &amp#27;[36mcom.shaft.tools.io.ReportManager&amp#27;[m : Successfully created attachment "SHAFT Engine Logs - Current Method log: Get_Policy_With_NotFound_data_TC"
]]></system-out>
  </testcase>
  <testcase name="Get_Policy_With_NotFound_data_TC[[Ljava.lang.Object;@40d0e9c9](3)" classname="SteeringCompanyAPI_TestCases.Test_Policies_Cases" time="2.47">
    <system-out><![CDATA[2023-01-22 22:06:47.038 &amp#27;[32m INFO&amp#27;[m &amp#27;[35m[@534 - main]&amp#27;[m &amp#27;[36mcom.shaft.tools.io.ReportManager&amp#27;[m : 
################################################################################################################################################
Starting Execution:	"157 out of 83" test cases in the current suite
Test Method:		"SteeringCompanyAPI_TestCases.Test_Policies_Cases.Get_Policy_With_NotFound_data_TC"
Test Description:	"TC058 -Policy- Perform Get Policy with NotFound data"
################################################################################################################################################
2023-01-22 22:06:47.038 &amp#27;[32m INFO&amp#27;[m &amp#27;[35m[@503 - main]&amp#27;[m &amp#27;[36mcom.shaft.tools.io.ReportManager&amp#27;[m : File Action "DoesFileExist" successfully performed. With the following test data "File Path: "SteeringCompanyAPI_TestData/SteeringCompanyAPI_TestData.xlsx"".
2023-01-22 22:06:47.077 &amp#27;[32m INFO&amp#27;[m &amp#27;[35m[@503 - main]&amp#27;[m &amp#27;[36mcom.shaft.tools.io.ReportManager&amp#27;[m : Successfully created attachment "Test Data - Excel"
2023-01-22 22:06:47.895 &amp#27;[32m INFO&amp#27;[m &amp#27;[35m[@503 - main]&amp#27;[m &amp#27;[36mcom.shaft.tools.io.ReportManager&amp#27;[m : Response status code: "200", status line: "HTTP/1.1 200 OK"
2023-01-22 22:06:47.906 &amp#27;[32m INFO&amp#27;[m &amp#27;[35m[@503 - main]&amp#27;[m &amp#27;[36mcom.shaft.tools.io.ReportManager&amp#27;[m : Successfully created attachment "API Request - Specifications"
2023-01-22 22:06:47.906 &amp#27;[32m INFO&amp#27;[m &amp#27;[35m[@503 - main]&amp#27;[m &amp#27;[36mcom.shaft.tools.io.ReportManager&amp#27;[m : Successfully created attachment "API Request - Body"
2023-01-22 22:06:47.908 &amp#27;[32m INFO&amp#27;[m &amp#27;[35m[@503 - main]&amp#27;[m &amp#27;[36mcom.shaft.tools.io.ReportManager&amp#27;[m : Successfully created attachment "API Response - JSON Body"
2023-01-22 22:06:47.917 &amp#27;[32m INFO&amp#27;[m &amp#27;[35m[@503 - main]&amp#27;[m &amp#27;[36mcom.shaft.tools.io.ReportManager&amp#27;[m : File Action "DoesFileExist" successfully performed. With the following test data "File Path: "SteeringCompanyAPI_TestData/SteeringCompanyAPI_TestData.xlsx"".
2023-01-22 22:06:47.938 &amp#27;[32m INFO&amp#27;[m &amp#27;[35m[@503 - main]&amp#27;[m &amp#27;[36mcom.shaft.tools.io.ReportManager&amp#27;[m : Successfully created attachment "Test Data - Excel"
2023-01-22 22:06:47.939 &amp#27;[32m INFO&amp#27;[m &amp#27;[35m[@503 - main]&amp#27;[m &amp#27;[36mcom.shaft.tools.io.ReportManager&amp#27;[m : File Action "DoesFileExist" successfully performed. With the following test data "File Path: "SteeringCompanyAPI_TestData/SteeringCompanyAPI_TestData.xlsx"".
2023-01-22 22:06:47.959 &amp#27;[32m INFO&amp#27;[m &amp#27;[35m[@503 - main]&amp#27;[m &amp#27;[36mcom.shaft.tools.io.ReportManager&amp#27;[m : Successfully created attachment "Test Data - Excel"
2023-01-22 22:06:47.960 &amp#27;[32m INFO&amp#27;[m &amp#27;[35m[@503 - main]&amp#27;[m &amp#27;[36mcom.shaft.tools.io.ReportManager&amp#27;[m : File Action "DoesFileExist" successfully performed. With the following test data "File Path: "SteeringCompanyAPI_TestData/SteeringCompanyAPI_TestData.xlsx"".
2023-01-22 22:06:47.979 &amp#27;[32m INFO&amp#27;[m &amp#27;[35m[@503 - main]&amp#27;[m &amp#27;[36mcom.shaft.tools.io.ReportManager&amp#27;[m : Successfully created attachment "Test Data - Excel"
2023-01-22 22:06:49.484 &amp#27;[32m INFO&amp#27;[m &amp#27;[35m[@503 - main]&amp#27;[m &amp#27;[36mcom.shaft.tools.io.ReportManager&amp#27;[m : Response status code: "404", status line: "HTTP/1.1 404 "
2023-01-22 22:06:49.499 &amp#27;[32m INFO&amp#27;[m &amp#27;[35m[@503 - main]&amp#27;[m &amp#27;[36mcom.shaft.tools.io.ReportManager&amp#27;[m : Successfully created attachment "API Request - Specifications"
2023-01-22 22:06:49.500 &amp#27;[32m INFO&amp#27;[m &amp#27;[35m[@503 - main]&amp#27;[m &amp#27;[36mcom.shaft.tools.io.ReportManager&amp#27;[m : Successfully created attachment "API Response - JSON Body"
2023-01-22 22:06:49.500 &amp#27;[32m INFO&amp#27;[m &amp#27;[35m[@503 - main]&amp#27;[m &amp#27;[36mcom.shaft.tools.io.ReportManager&amp#27;[m : File Action "DoesFileExist" successfully performed. With the following test data "File Path: "Schemas/NotFoundError_schema.json"".
2023-01-22 22:06:49.500 &amp#27;[32m INFO&amp#27;[m &amp#27;[35m[@503 - main]&amp#27;[m &amp#27;[36mcom.shaft.tools.io.ReportManager&amp#27;[m : File Action "DoesFileExist" successfully performed. With the following test data "File Path: "src/test/resources/testDataFiles/Schemas/NotFoundError_schema.json"".
2023-01-22 22:06:49.501 &amp#27;[32m INFO&amp#27;[m &amp#27;[35m[@503 - main]&amp#27;[m &amp#27;[36mcom.shaft.tools.io.ReportManager&amp#27;[m : File Action "GetAbsolutePath" successfully performed. With the following test data "Relative Folder Path: "src/test/resources/testDataFiles/Schemas/NotFoundError_schema.json"".
2023-01-22 22:06:49.502 &amp#27;[32m INFO&amp#27;[m &amp#27;[35m[@503 - main]&amp#27;[m &amp#27;[36mcom.shaft.tools.io.ReportManager&amp#27;[m : File Action "DoesFileExist" successfully performed. With the following test data "File Path: "C:\eclipse-workspace\MyProjects\TASystemsAPIs\src\test\resources\testDataFiles\Schemas\NotFoundError_schema.json"".
2023-01-22 22:06:49.502 &amp#27;[32m INFO&amp#27;[m &amp#27;[35m[@503 - main]&amp#27;[m &amp#27;[36mcom.shaft.tools.io.ReportManager&amp#27;[m : File Action "GetAbsolutePath" successfully performed. With the following test data "Relative Folder Path: "C:\eclipse-workspace\MyProjects\TASystemsAPIs\src\test\resources\testDataFiles\Schemas\NotFoundError_schema.json"".
2023-01-22 22:06:49.502 &amp#27;[32m INFO&amp#27;[m &amp#27;[35m[@503 - main]&amp#27;[m &amp#27;[36mcom.shaft.tools.io.ReportManager&amp#27;[m : File Action "ReadFile" successfully performed. With the following test data "File Path: "C:\eclipse-workspace\MyProjects\TASystemsAPIs\src\test\resources\testDataFiles\Schemas\NotFoundError_schema.json"".
2023-01-22 22:06:49.503 &amp#27;[32m INFO&amp#27;[m &amp#27;[35m[@503 - main]&amp#27;[m &amp#27;[36mcom.shaft.tools.io.ReportManager&amp#27;[m : Successfully created attachment "Validation Test Data - Expected JSON Value"
2023-01-22 22:06:49.505 &amp#27;[32m INFO&amp#27;[m &amp#27;[35m[@503 - main]&amp#27;[m &amp#27;[36mcom.shaft.tools.io.ReportManager&amp#27;[m : Successfully created attachment "Validation Test Data - Actual JSON Value"
2023-01-22 22:06:49.505 &amp#27;[32m INFO&amp#27;[m &amp#27;[35m[@503 - main]&amp#27;[m &amp#27;[36mcom.shaft.tools.io.ReportManager&amp#27;[m : Successfully created attachment "SHAFT Engine Logs - Current Method log: Get_Policy_With_NotFound_data_TC"
]]></system-out>
  </testcase>
  <testcase name="Get_Policy_With_NotFound_data_TC[[Ljava.lang.Object;@3c3c9279](4)" classname="SteeringCompanyAPI_TestCases.Test_Policies_Cases" time="1.832">
    <system-out><![CDATA[2023-01-22 22:06:49.508 &amp#27;[32m INFO&amp#27;[m &amp#27;[35m[@534 - main]&amp#27;[m &amp#27;[36mcom.shaft.tools.io.ReportManager&amp#27;[m : 
################################################################################################################################################
Starting Execution:	"158 out of 83" test cases in the current suite
Test Method:		"SteeringCompanyAPI_TestCases.Test_Policies_Cases.Get_Policy_With_NotFound_data_TC"
Test Description:	"TC058 -Policy- Perform Get Policy with NotFound data"
################################################################################################################################################
2023-01-22 22:06:49.508 &amp#27;[32m INFO&amp#27;[m &amp#27;[35m[@503 - main]&amp#27;[m &amp#27;[36mcom.shaft.tools.io.ReportManager&amp#27;[m : File Action "DoesFileExist" successfully performed. With the following test data "File Path: "SteeringCompanyAPI_TestData/SteeringCompanyAPI_TestData.xlsx"".
2023-01-22 22:06:49.534 &amp#27;[32m INFO&amp#27;[m &amp#27;[35m[@503 - main]&amp#27;[m &amp#27;[36mcom.shaft.tools.io.ReportManager&amp#27;[m : Successfully created attachment "Test Data - Excel"
2023-01-22 22:06:50.335 &amp#27;[32m INFO&amp#27;[m &amp#27;[35m[@503 - main]&amp#27;[m &amp#27;[36mcom.shaft.tools.io.ReportManager&amp#27;[m : Response status code: "200", status line: "HTTP/1.1 200 OK"
2023-01-22 22:06:50.348 &amp#27;[32m INFO&amp#27;[m &amp#27;[35m[@503 - main]&amp#27;[m &amp#27;[36mcom.shaft.tools.io.ReportManager&amp#27;[m : Successfully created attachment "API Request - Specifications"
2023-01-22 22:06:50.350 &amp#27;[32m INFO&amp#27;[m &amp#27;[35m[@503 - main]&amp#27;[m &amp#27;[36mcom.shaft.tools.io.ReportManager&amp#27;[m : Successfully created attachment "API Request - Body"
2023-01-22 22:06:50.352 &amp#27;[32m INFO&amp#27;[m &amp#27;[35m[@503 - main]&amp#27;[m &amp#27;[36mcom.shaft.tools.io.ReportManager&amp#27;[m : Successfully created attachment "API Response - JSON Body"
2023-01-22 22:06:50.359 &amp#27;[32m INFO&amp#27;[m &amp#27;[35m[@503 - main]&amp#27;[m &amp#27;[36mcom.shaft.tools.io.ReportManager&amp#27;[m : File Action "DoesFileExist" successfully performed. With the following test data "File Path: "SteeringCompanyAPI_TestData/SteeringCompanyAPI_TestData.xlsx"".
2023-01-22 22:06:50.382 &amp#27;[32m INFO&amp#27;[m &amp#27;[35m[@503 - main]&amp#27;[m &amp#27;[36mcom.shaft.tools.io.ReportManager&amp#27;[m : Successfully created attachment "Test Data - Excel"
2023-01-22 22:06:50.383 &amp#27;[32m INFO&amp#27;[m &amp#27;[35m[@503 - main]&amp#27;[m &amp#27;[36mcom.shaft.tools.io.ReportManager&amp#27;[m : File Action "DoesFileExist" successfully performed. With the following test data "File Path: "SteeringCompanyAPI_TestData/SteeringCompanyAPI_TestData.xlsx"".
2023-01-22 22:06:50.407 &amp#27;[32m INFO&amp#27;[m &amp#27;[35m[@503 - main]&amp#27;[m &amp#27;[36mcom.shaft.tools.io.ReportManager&amp#27;[m : Successfully created attachment "Test Data - Excel"
2023-01-22 22:06:50.407 &amp#27;[32m INFO&amp#27;[m &amp#27;[35m[@503 - main]&amp#27;[m &amp#27;[36mcom.shaft.tools.io.ReportManager&amp#27;[m : File Action "DoesFileExist" successfully performed. With the following test data "File Path: "SteeringCompanyAPI_TestData/SteeringCompanyAPI_TestData.xlsx"".
2023-01-22 22:06:50.427 &amp#27;[32m INFO&amp#27;[m &amp#27;[35m[@503 - main]&amp#27;[m &amp#27;[36mcom.shaft.tools.io.ReportManager&amp#27;[m : Successfully created attachment "Test Data - Excel"
2023-01-22 22:06:51.319 &amp#27;[32m INFO&amp#27;[m &amp#27;[35m[@503 - main]&amp#27;[m &amp#27;[36mcom.shaft.tools.io.ReportManager&amp#27;[m : Response status code: "404", status line: "HTTP/1.1 404 "
2023-01-22 22:06:51.330 &amp#27;[32m INFO&amp#27;[m &amp#27;[35m[@503 - main]&amp#27;[m &amp#27;[36mcom.shaft.tools.io.ReportManager&amp#27;[m : Successfully created attachment "API Request - Specifications"
2023-01-22 22:06:51.331 &amp#27;[32m INFO&amp#27;[m &amp#27;[35m[@503 - main]&amp#27;[m &amp#27;[36mcom.shaft.tools.io.ReportManager&amp#27;[m : Successfully created attachment "API Response - JSON Body"
2023-01-22 22:06:51.331 &amp#27;[32m INFO&amp#27;[m &amp#27;[35m[@503 - main]&amp#27;[m &amp#27;[36mcom.shaft.tools.io.ReportManager&amp#27;[m : File Action "DoesFileExist" successfully performed. With the following test data "File Path: "Schemas/NotFoundError_schema.json"".
2023-01-22 22:06:51.331 &amp#27;[32m INFO&amp#27;[m &amp#27;[35m[@503 - main]&amp#27;[m &amp#27;[36mcom.shaft.tools.io.ReportManager&amp#27;[m : File Action "DoesFileExist" successfully performed. With the following test data "File Path: "src/test/resources/testDataFiles/Schemas/NotFoundError_schema.json"".
2023-01-22 22:06:51.331 &amp#27;[32m INFO&amp#27;[m &amp#27;[35m[@503 - main]&amp#27;[m &amp#27;[36mcom.shaft.tools.io.ReportManager&amp#27;[m : File Action "GetAbsolutePath" successfully performed. With the following test data "Relative Folder Path: "src/test/resources/testDataFiles/Schemas/NotFoundError_schema.json"".
2023-01-22 22:06:51.333 &amp#27;[32m INFO&amp#27;[m &amp#27;[35m[@503 - main]&amp#27;[m &amp#27;[36mcom.shaft.tools.io.ReportManager&amp#27;[m : File Action "DoesFileExist" successfully performed. With the following test data "File Path: "C:\eclipse-workspace\MyProjects\TASystemsAPIs\src\test\resources\testDataFiles\Schemas\NotFoundError_schema.json"".
2023-01-22 22:06:51.333 &amp#27;[32m INFO&amp#27;[m &amp#27;[35m[@503 - main]&amp#27;[m &amp#27;[36mcom.shaft.tools.io.ReportManager&amp#27;[m : File Action "GetAbsolutePath" successfully performed. With the following test data "Relative Folder Path: "C:\eclipse-workspace\MyProjects\TASystemsAPIs\src\test\resources\testDataFiles\Schemas\NotFoundError_schema.json"".
2023-01-22 22:06:51.333 &amp#27;[32m INFO&amp#27;[m &amp#27;[35m[@503 - main]&amp#27;[m &amp#27;[36mcom.shaft.tools.io.ReportManager&amp#27;[m : File Action "ReadFile" successfully performed. With the following test data "File Path: "C:\eclipse-workspace\MyProjects\TASystemsAPIs\src\test\resources\testDataFiles\Schemas\NotFoundError_schema.json"".
2023-01-22 22:06:51.335 &amp#27;[32m INFO&amp#27;[m &amp#27;[35m[@503 - main]&amp#27;[m &amp#27;[36mcom.shaft.tools.io.ReportManager&amp#27;[m : Successfully created attachment "Validation Test Data - Expected JSON Value"
2023-01-22 22:06:51.335 &amp#27;[32m INFO&amp#27;[m &amp#27;[35m[@503 - main]&amp#27;[m &amp#27;[36mcom.shaft.tools.io.ReportManager&amp#27;[m : Successfully created attachment "Validation Test Data - Actual JSON Value"
2023-01-22 22:06:51.336 &amp#27;[32m INFO&amp#27;[m &amp#27;[35m[@503 - main]&amp#27;[m &amp#27;[36mcom.shaft.tools.io.ReportManager&amp#27;[m : Successfully created attachment "SHAFT Engine Logs - Current Method log: Get_Policy_With_NotFound_data_TC"
]]></system-out>
  </testcase>
  <testcase name="Get_Policy_With_NotFound_data_TC[[Ljava.lang.Object;@b7a9421](5)" classname="SteeringCompanyAPI_TestCases.Test_Policies_Cases" time="2.984">
    <system-out><![CDATA[2023-01-22 22:06:51.339 &amp#27;[32m INFO&amp#27;[m &amp#27;[35m[@534 - main]&amp#27;[m &amp#27;[36mcom.shaft.tools.io.ReportManager&amp#27;[m : 
################################################################################################################################################
Starting Execution:	"159 out of 83" test cases in the current suite
Test Method:		"SteeringCompanyAPI_TestCases.Test_Policies_Cases.Get_Policy_With_NotFound_data_TC"
Test Description:	"TC058 -Policy- Perform Get Policy with NotFound data"
################################################################################################################################################
2023-01-22 22:06:51.340 &amp#27;[32m INFO&amp#27;[m &amp#27;[35m[@503 - main]&amp#27;[m &amp#27;[36mcom.shaft.tools.io.ReportManager&amp#27;[m : File Action "DoesFileExist" successfully performed. With the following test data "File Path: "SteeringCompanyAPI_TestData/SteeringCompanyAPI_TestData.xlsx"".
2023-01-22 22:06:51.360 &amp#27;[32m INFO&amp#27;[m &amp#27;[35m[@503 - main]&amp#27;[m &amp#27;[36mcom.shaft.tools.io.ReportManager&amp#27;[m : Successfully created attachment "Test Data - Excel"
2023-01-22 22:06:52.449 &amp#27;[32m INFO&amp#27;[m &amp#27;[35m[@503 - main]&amp#27;[m &amp#27;[36mcom.shaft.tools.io.ReportManager&amp#27;[m : Response status code: "200", status line: "HTTP/1.1 200 OK"
2023-01-22 22:06:52.460 &amp#27;[32m INFO&amp#27;[m &amp#27;[35m[@503 - main]&amp#27;[m &amp#27;[36mcom.shaft.tools.io.ReportManager&amp#27;[m : Successfully created attachment "API Request - Specifications"
2023-01-22 22:06:52.461 &amp#27;[32m INFO&amp#27;[m &amp#27;[35m[@503 - main]&amp#27;[m &amp#27;[36mcom.shaft.tools.io.ReportManager&amp#27;[m : Successfully created attachment "API Request - Body"
2023-01-22 22:06:52.462 &amp#27;[32m INFO&amp#27;[m &amp#27;[35m[@503 - main]&amp#27;[m &amp#27;[36mcom.shaft.tools.io.ReportManager&amp#27;[m : Successfully created attachment "API Response - JSON Body"
2023-01-22 22:06:52.470 &amp#27;[32m INFO&amp#27;[m &amp#27;[35m[@503 - main]&amp#27;[m &amp#27;[36mcom.shaft.tools.io.ReportManager&amp#27;[m : File Action "DoesFileExist" successfully performed. With the following test data "File Path: "SteeringCompanyAPI_TestData/SteeringCompanyAPI_TestData.xlsx"".
2023-01-22 22:06:52.490 &amp#27;[32m INFO&amp#27;[m &amp#27;[35m[@503 - main]&amp#27;[m &amp#27;[36mcom.shaft.tools.io.ReportManager&amp#27;[m : Successfully created attachment "Test Data - Excel"
2023-01-22 22:06:52.490 &amp#27;[32m INFO&amp#27;[m &amp#27;[35m[@503 - main]&amp#27;[m &amp#27;[36mcom.shaft.tools.io.ReportManager&amp#27;[m : File Action "DoesFileExist" successfully performed. With the following test data "File Path: "SteeringCompanyAPI_TestData/SteeringCompanyAPI_TestData.xlsx"".
2023-01-22 22:06:52.510 &amp#27;[32m INFO&amp#27;[m &amp#27;[35m[@503 - main]&amp#27;[m &amp#27;[36mcom.shaft.tools.io.ReportManager&amp#27;[m : Successfully created attachment "Test Data - Excel"
2023-01-22 22:06:52.510 &amp#27;[32m INFO&amp#27;[m &amp#27;[35m[@503 - main]&amp#27;[m &amp#27;[36mcom.shaft.tools.io.ReportManager&amp#27;[m : File Action "DoesFileExist" successfully performed. With the following test data "File Path: "SteeringCompanyAPI_TestData/SteeringCompanyAPI_TestData.xlsx"".
2023-01-22 22:06:52.544 &amp#27;[32m INFO&amp#27;[m &amp#27;[35m[@503 - main]&amp#27;[m &amp#27;[36mcom.shaft.tools.io.ReportManager&amp#27;[m : Successfully created attachment "Test Data - Excel"
2023-01-22 22:06:54.304 &amp#27;[32m INFO&amp#27;[m &amp#27;[35m[@503 - main]&amp#27;[m &amp#27;[36mcom.shaft.tools.io.ReportManager&amp#27;[m : Response status code: "404", status line: "HTTP/1.1 404 "
2023-01-22 22:06:54.315 &amp#27;[32m INFO&amp#27;[m &amp#27;[35m[@503 - main]&amp#27;[m &amp#27;[36mcom.shaft.tools.io.ReportManager&amp#27;[m : Successfully created attachment "API Request - Specifications"
2023-01-22 22:06:54.317 &amp#27;[32m INFO&amp#27;[m &amp#27;[35m[@503 - main]&amp#27;[m &amp#27;[36mcom.shaft.tools.io.ReportManager&amp#27;[m : Successfully created attachment "API Response - JSON Body"
2023-01-22 22:06:54.317 &amp#27;[32m INFO&amp#27;[m &amp#27;[35m[@503 - main]&amp#27;[m &amp#27;[36mcom.shaft.tools.io.ReportManager&amp#27;[m : File Action "DoesFileExist" successfully performed. With the following test data "File Path: "Schemas/NotFoundError_schema.json"".
2023-01-22 22:06:54.317 &amp#27;[32m INFO&amp#27;[m &amp#27;[35m[@503 - main]&amp#27;[m &amp#27;[36mcom.shaft.tools.io.ReportManager&amp#27;[m : File Action "DoesFileExist" successfully performed. With the following test data "File Path: "src/test/resources/testDataFiles/Schemas/NotFoundError_schema.json"".
2023-01-22 22:06:54.318 &amp#27;[32m INFO&amp#27;[m &amp#27;[35m[@503 - main]&amp#27;[m &amp#27;[36mcom.shaft.tools.io.ReportManager&amp#27;[m : File Action "GetAbsolutePath" successfully performed. With the following test data "Relative Folder Path: "src/test/resources/testDataFiles/Schemas/NotFoundError_schema.json"".
2023-01-22 22:06:54.319 &amp#27;[32m INFO&amp#27;[m &amp#27;[35m[@503 - main]&amp#27;[m &amp#27;[36mcom.shaft.tools.io.ReportManager&amp#27;[m : File Action "DoesFileExist" successfully performed. With the following test data "File Path: "C:\eclipse-workspace\MyProjects\TASystemsAPIs\src\test\resources\testDataFiles\Schemas\NotFoundError_schema.json"".
2023-01-22 22:06:54.319 &amp#27;[32m INFO&amp#27;[m &amp#27;[35m[@503 - main]&amp#27;[m &amp#27;[36mcom.shaft.tools.io.ReportManager&amp#27;[m : File Action "GetAbsolutePath" successfully performed. With the following test data "Relative Folder Path: "C:\eclipse-workspace\MyProjects\TASystemsAPIs\src\test\resources\testDataFiles\Schemas\NotFoundError_schema.json"".
2023-01-22 22:06:54.319 &amp#27;[32m INFO&amp#27;[m &amp#27;[35m[@503 - main]&amp#27;[m &amp#27;[36mcom.shaft.tools.io.ReportManager&amp#27;[m : File Action "ReadFile" successfully performed. With the following test data "File Path: "C:\eclipse-workspace\MyProjects\TASystemsAPIs\src\test\resources\testDataFiles\Schemas\NotFoundError_schema.json"".
2023-01-22 22:06:54.320 &amp#27;[32m INFO&amp#27;[m &amp#27;[35m[@503 - main]&amp#27;[m &amp#27;[36mcom.shaft.tools.io.ReportManager&amp#27;[m : Successfully created attachment "Validation Test Data - Expected JSON Value"
2023-01-22 22:06:54.321 &amp#27;[32m INFO&amp#27;[m &amp#27;[35m[@503 - main]&amp#27;[m &amp#27;[36mcom.shaft.tools.io.ReportManager&amp#27;[m : Successfully created attachment "Validation Test Data - Actual JSON Value"
2023-01-22 22:06:54.322 &amp#27;[32m INFO&amp#27;[m &amp#27;[35m[@503 - main]&amp#27;[m &amp#27;[36mcom.shaft.tools.io.ReportManager&amp#27;[m : Successfully created attachment "SHAFT Engine Logs - Current Method log: Get_Policy_With_NotFound_data_TC"
]]></system-out>
  </testcase>
  <testcase name="InValid_Add_Cancel_Policy_With_Invalid_Token_TC[[Ljava.lang.Object;@6484f784](1)" classname="SteeringCompanyAPI_TestCases.Test_Policies_Cases" time="4.456">
    <system-out><![CDATA[2023-01-22 22:06:54.328 &amp#27;[32m INFO&amp#27;[m &amp#27;[35m[@534 - main]&amp#27;[m &amp#27;[36mcom.shaft.tools.io.ReportManager&amp#27;[m : 
################################################################################################################################################
Starting Execution:	"160 out of 83" test cases in the current suite
Test Method:		"SteeringCompanyAPI_TestCases.Test_Policies_Cases.InValid_Add_Cancel_Policy_With_Invalid_Token_TC"
Test Description:	"TC021 -Policy- Perform Add Cancel Policy With Invalid/Expired Token"
################################################################################################################################################
2023-01-22 22:06:54.328 &amp#27;[32m INFO&amp#27;[m &amp#27;[35m[@503 - main]&amp#27;[m &amp#27;[36mcom.shaft.tools.io.ReportManager&amp#27;[m : File Action "DoesFileExist" successfully performed. With the following test data "File Path: "SteeringCompanyAPI_TestData/SteeringCompanyAPI_TestData.xlsx"".
2023-01-22 22:06:54.354 &amp#27;[32m INFO&amp#27;[m &amp#27;[35m[@503 - main]&amp#27;[m &amp#27;[36mcom.shaft.tools.io.ReportManager&amp#27;[m : Successfully created attachment "Test Data - Excel"
2023-01-22 22:06:54.355 &amp#27;[32m INFO&amp#27;[m &amp#27;[35m[@503 - main]&amp#27;[m &amp#27;[36mcom.shaft.tools.io.ReportManager&amp#27;[m : File Action "DoesFileExist" successfully performed. With the following test data "File Path: "SteeringCompanyAPI_TestData/SteeringCompanyAPI_TestData.xlsx"".
2023-01-22 22:06:54.375 &amp#27;[32m INFO&amp#27;[m &amp#27;[35m[@503 - main]&amp#27;[m &amp#27;[36mcom.shaft.tools.io.ReportManager&amp#27;[m : Successfully created attachment "Test Data - Excel"
2023-01-22 22:06:54.375 &amp#27;[32m INFO&amp#27;[m &amp#27;[35m[@503 - main]&amp#27;[m &amp#27;[36mcom.shaft.tools.io.ReportManager&amp#27;[m : File Action "DoesFileExist" successfully performed. With the following test data "File Path: "SteeringCompanyAPI_TestData/SteeringCompanyAPI_TestData.xlsx"".
2023-01-22 22:06:54.395 &amp#27;[32m INFO&amp#27;[m &amp#27;[35m[@503 - main]&amp#27;[m &amp#27;[36mcom.shaft.tools.io.ReportManager&amp#27;[m : Successfully created attachment "Test Data - Excel"
2023-01-22 22:06:58.776 &amp#27;[32m INFO&amp#27;[m &amp#27;[35m[@503 - main]&amp#27;[m &amp#27;[36mcom.shaft.tools.io.ReportManager&amp#27;[m : Response status code: "401", status line: "HTTP/1.1 401 "
2023-01-22 22:06:58.778 &amp#27;[32m INFO&amp#27;[m &amp#27;[35m[@503 - main]&amp#27;[m &amp#27;[36mcom.shaft.tools.io.ReportManager&amp#27;[m : Successfully created attachment "API Request - Specifications"
2023-01-22 22:06:58.779 &amp#27;[32m INFO&amp#27;[m &amp#27;[35m[@503 - main]&amp#27;[m &amp#27;[36mcom.shaft.tools.io.ReportManager&amp#27;[m : Successfully created attachment "API Request - JSON Body"
2023-01-22 22:06:58.779 &amp#27;[32m INFO&amp#27;[m &amp#27;[35m[@503 - main]&amp#27;[m &amp#27;[36mcom.shaft.tools.io.ReportManager&amp#27;[m : Successfully created attachment "API Response - JSON Body"
2023-01-22 22:06:58.780 &amp#27;[32m INFO&amp#27;[m &amp#27;[35m[@503 - main]&amp#27;[m &amp#27;[36mcom.shaft.tools.io.ReportManager&amp#27;[m : Successfully created attachment "SHAFT Engine Logs - Current Method log: InValid_Add_Cancel_Policy_With_Invalid_Token_TC"
]]></system-out>
  </testcase>
  <testcase name="InValid_Add_Cancel_Policy_With_Invalid_Token_TC[[Ljava.lang.Object;@32fc3125](2)" classname="SteeringCompanyAPI_TestCases.Test_Policies_Cases" time="3.081">
    <system-out><![CDATA[2023-01-22 22:06:58.782 &amp#27;[32m INFO&amp#27;[m &amp#27;[35m[@534 - main]&amp#27;[m &amp#27;[36mcom.shaft.tools.io.ReportManager&amp#27;[m : 
################################################################################################################################################
Starting Execution:	"161 out of 83" test cases in the current suite
Test Method:		"SteeringCompanyAPI_TestCases.Test_Policies_Cases.InValid_Add_Cancel_Policy_With_Invalid_Token_TC"
Test Description:	"TC021 -Policy- Perform Add Cancel Policy With Invalid/Expired Token"
################################################################################################################################################
2023-01-22 22:06:58.783 &amp#27;[32m INFO&amp#27;[m &amp#27;[35m[@503 - main]&amp#27;[m &amp#27;[36mcom.shaft.tools.io.ReportManager&amp#27;[m : File Action "DoesFileExist" successfully performed. With the following test data "File Path: "SteeringCompanyAPI_TestData/SteeringCompanyAPI_TestData.xlsx"".
2023-01-22 22:06:58.803 &amp#27;[32m INFO&amp#27;[m &amp#27;[35m[@503 - main]&amp#27;[m &amp#27;[36mcom.shaft.tools.io.ReportManager&amp#27;[m : Successfully created attachment "Test Data - Excel"
2023-01-22 22:06:58.803 &amp#27;[32m INFO&amp#27;[m &amp#27;[35m[@503 - main]&amp#27;[m &amp#27;[36mcom.shaft.tools.io.ReportManager&amp#27;[m : File Action "DoesFileExist" successfully performed. With the following test data "File Path: "SteeringCompanyAPI_TestData/SteeringCompanyAPI_TestData.xlsx"".
2023-01-22 22:06:58.864 &amp#27;[32m INFO&amp#27;[m &amp#27;[35m[@503 - main]&amp#27;[m &amp#27;[36mcom.shaft.tools.io.ReportManager&amp#27;[m : Successfully created attachment "Test Data - Excel"
2023-01-22 22:06:58.864 &amp#27;[32m INFO&amp#27;[m &amp#27;[35m[@503 - main]&amp#27;[m &amp#27;[36mcom.shaft.tools.io.ReportManager&amp#27;[m : File Action "DoesFileExist" successfully performed. With the following test data "File Path: "SteeringCompanyAPI_TestData/SteeringCompanyAPI_TestData.xlsx"".
2023-01-22 22:06:58.889 &amp#27;[32m INFO&amp#27;[m &amp#27;[35m[@503 - main]&amp#27;[m &amp#27;[36mcom.shaft.tools.io.ReportManager&amp#27;[m : Successfully created attachment "Test Data - Excel"
2023-01-22 22:07:01.855 &amp#27;[32m INFO&amp#27;[m &amp#27;[35m[@503 - main]&amp#27;[m &amp#27;[36mcom.shaft.tools.io.ReportManager&amp#27;[m : Response status code: "401", status line: "HTTP/1.1 401 "
2023-01-22 22:07:01.857 &amp#27;[32m INFO&amp#27;[m &amp#27;[35m[@503 - main]&amp#27;[m &amp#27;[36mcom.shaft.tools.io.ReportManager&amp#27;[m : Successfully created attachment "API Request - Specifications"
2023-01-22 22:07:01.858 &amp#27;[32m INFO&amp#27;[m &amp#27;[35m[@503 - main]&amp#27;[m &amp#27;[36mcom.shaft.tools.io.ReportManager&amp#27;[m : Successfully created attachment "API Request - JSON Body"
2023-01-22 22:07:01.859 &amp#27;[32m INFO&amp#27;[m &amp#27;[35m[@503 - main]&amp#27;[m &amp#27;[36mcom.shaft.tools.io.ReportManager&amp#27;[m : Successfully created attachment "API Response - JSON Body"
2023-01-22 22:07:01.860 &amp#27;[32m INFO&amp#27;[m &amp#27;[35m[@503 - main]&amp#27;[m &amp#27;[36mcom.shaft.tools.io.ReportManager&amp#27;[m : Successfully created attachment "SHAFT Engine Logs - Current Method log: InValid_Add_Cancel_Policy_With_Invalid_Token_TC"
]]></system-out>
  </testcase>
  <testcase name="InValid_Add_Cancel_Policy_With_Invalid_Token_TC[[Ljava.lang.Object;@18b4ea2a](3)" classname="SteeringCompanyAPI_TestCases.Test_Policies_Cases" time="2.033">
    <system-out><![CDATA[2023-01-22 22:07:01.864 &amp#27;[32m INFO&amp#27;[m &amp#27;[35m[@534 - main]&amp#27;[m &amp#27;[36mcom.shaft.tools.io.ReportManager&amp#27;[m : 
################################################################################################################################################
Starting Execution:	"162 out of 83" test cases in the current suite
Test Method:		"SteeringCompanyAPI_TestCases.Test_Policies_Cases.InValid_Add_Cancel_Policy_With_Invalid_Token_TC"
Test Description:	"TC021 -Policy- Perform Add Cancel Policy With Invalid/Expired Token"
################################################################################################################################################
2023-01-22 22:07:01.865 &amp#27;[32m INFO&amp#27;[m &amp#27;[35m[@503 - main]&amp#27;[m &amp#27;[36mcom.shaft.tools.io.ReportManager&amp#27;[m : File Action "DoesFileExist" successfully performed. With the following test data "File Path: "SteeringCompanyAPI_TestData/SteeringCompanyAPI_TestData.xlsx"".
2023-01-22 22:07:01.895 &amp#27;[32m INFO&amp#27;[m &amp#27;[35m[@503 - main]&amp#27;[m &amp#27;[36mcom.shaft.tools.io.ReportManager&amp#27;[m : Successfully created attachment "Test Data - Excel"
2023-01-22 22:07:01.895 &amp#27;[32m INFO&amp#27;[m &amp#27;[35m[@503 - main]&amp#27;[m &amp#27;[36mcom.shaft.tools.io.ReportManager&amp#27;[m : File Action "DoesFileExist" successfully performed. With the following test data "File Path: "SteeringCompanyAPI_TestData/SteeringCompanyAPI_TestData.xlsx"".
2023-01-22 22:07:01.918 &amp#27;[32m INFO&amp#27;[m &amp#27;[35m[@503 - main]&amp#27;[m &amp#27;[36mcom.shaft.tools.io.ReportManager&amp#27;[m : Successfully created attachment "Test Data - Excel"
2023-01-22 22:07:01.918 &amp#27;[32m INFO&amp#27;[m &amp#27;[35m[@503 - main]&amp#27;[m &amp#27;[36mcom.shaft.tools.io.ReportManager&amp#27;[m : File Action "DoesFileExist" successfully performed. With the following test data "File Path: "SteeringCompanyAPI_TestData/SteeringCompanyAPI_TestData.xlsx"".
2023-01-22 22:07:01.939 &amp#27;[32m INFO&amp#27;[m &amp#27;[35m[@503 - main]&amp#27;[m &amp#27;[36mcom.shaft.tools.io.ReportManager&amp#27;[m : Successfully created attachment "Test Data - Excel"
2023-01-22 22:07:03.889 &amp#27;[32m INFO&amp#27;[m &amp#27;[35m[@503 - main]&amp#27;[m &amp#27;[36mcom.shaft.tools.io.ReportManager&amp#27;[m : Response status code: "401", status line: "HTTP/1.1 401 "
2023-01-22 22:07:03.892 &amp#27;[32m INFO&amp#27;[m &amp#27;[35m[@503 - main]&amp#27;[m &amp#27;[36mcom.shaft.tools.io.ReportManager&amp#27;[m : Successfully created attachment "API Request - Specifications"
2023-01-22 22:07:03.893 &amp#27;[32m INFO&amp#27;[m &amp#27;[35m[@503 - main]&amp#27;[m &amp#27;[36mcom.shaft.tools.io.ReportManager&amp#27;[m : Successfully created attachment "API Request - JSON Body"
2023-01-22 22:07:03.893 &amp#27;[32m INFO&amp#27;[m &amp#27;[35m[@503 - main]&amp#27;[m &amp#27;[36mcom.shaft.tools.io.ReportManager&amp#27;[m : Successfully created attachment "API Response - JSON Body"
2023-01-22 22:07:03.894 &amp#27;[32m INFO&amp#27;[m &amp#27;[35m[@503 - main]&amp#27;[m &amp#27;[36mcom.shaft.tools.io.ReportManager&amp#27;[m : Successfully created attachment "SHAFT Engine Logs - Current Method log: InValid_Add_Cancel_Policy_With_Invalid_Token_TC"
]]></system-out>
  </testcase>
  <testcase name="InValid_Add_Cancel_Policy_With_Missing_Token_TC[[Ljava.lang.Object;@2549c297](1)" classname="SteeringCompanyAPI_TestCases.Test_Policies_Cases" time="1.377">
    <system-out><![CDATA[2023-01-22 22:07:03.899 &amp#27;[32m INFO&amp#27;[m &amp#27;[35m[@534 - main]&amp#27;[m &amp#27;[36mcom.shaft.tools.io.ReportManager&amp#27;[m : 
################################################################################################################################################
Starting Execution:	"163 out of 83" test cases in the current suite
Test Method:		"SteeringCompanyAPI_TestCases.Test_Policies_Cases.InValid_Add_Cancel_Policy_With_Missing_Token_TC"
Test Description:	"TC020 -Policy- Perform Add Cancel Policy With Missing Token"
################################################################################################################################################
2023-01-22 22:07:03.899 &amp#27;[32m INFO&amp#27;[m &amp#27;[35m[@503 - main]&amp#27;[m &amp#27;[36mcom.shaft.tools.io.ReportManager&amp#27;[m : File Action "DoesFileExist" successfully performed. With the following test data "File Path: "SteeringCompanyAPI_TestData/SteeringCompanyAPI_TestData.xlsx"".
2023-01-22 22:07:03.927 &amp#27;[32m INFO&amp#27;[m &amp#27;[35m[@503 - main]&amp#27;[m &amp#27;[36mcom.shaft.tools.io.ReportManager&amp#27;[m : Successfully created attachment "Test Data - Excel"
2023-01-22 22:07:03.928 &amp#27;[32m INFO&amp#27;[m &amp#27;[35m[@503 - main]&amp#27;[m &amp#27;[36mcom.shaft.tools.io.ReportManager&amp#27;[m : File Action "DoesFileExist" successfully performed. With the following test data "File Path: "SteeringCompanyAPI_TestData/SteeringCompanyAPI_TestData.xlsx"".
2023-01-22 22:07:03.948 &amp#27;[32m INFO&amp#27;[m &amp#27;[35m[@503 - main]&amp#27;[m &amp#27;[36mcom.shaft.tools.io.ReportManager&amp#27;[m : Successfully created attachment "Test Data - Excel"
2023-01-22 22:07:03.948 &amp#27;[32m INFO&amp#27;[m &amp#27;[35m[@503 - main]&amp#27;[m &amp#27;[36mcom.shaft.tools.io.ReportManager&amp#27;[m : File Action "DoesFileExist" successfully performed. With the following test data "File Path: "SteeringCompanyAPI_TestData/SteeringCompanyAPI_TestData.xlsx"".
2023-01-22 22:07:03.972 &amp#27;[32m INFO&amp#27;[m &amp#27;[35m[@503 - main]&amp#27;[m &amp#27;[36mcom.shaft.tools.io.ReportManager&amp#27;[m : Successfully created attachment "Test Data - Excel"
2023-01-22 22:07:05.251 &amp#27;[32m INFO&amp#27;[m &amp#27;[35m[@503 - main]&amp#27;[m &amp#27;[36mcom.shaft.tools.io.ReportManager&amp#27;[m : Response status code: "401", status line: "HTTP/1.1 401 "
2023-01-22 22:07:05.265 &amp#27;[32m INFO&amp#27;[m &amp#27;[35m[@503 - main]&amp#27;[m &amp#27;[36mcom.shaft.tools.io.ReportManager&amp#27;[m : Successfully created attachment "API Request - Specifications"
2023-01-22 22:07:05.266 &amp#27;[32m INFO&amp#27;[m &amp#27;[35m[@503 - main]&amp#27;[m &amp#27;[36mcom.shaft.tools.io.ReportManager&amp#27;[m : Successfully created attachment "API Request - JSON Body"
2023-01-22 22:07:05.267 &amp#27;[32m INFO&amp#27;[m &amp#27;[35m[@503 - main]&amp#27;[m &amp#27;[36mcom.shaft.tools.io.ReportManager&amp#27;[m : Successfully created attachment "API Response - JSON Body"
2023-01-22 22:07:05.267 &amp#27;[32m INFO&amp#27;[m &amp#27;[35m[@503 - main]&amp#27;[m &amp#27;[36mcom.shaft.tools.io.ReportManager&amp#27;[m : File Action "DoesFileExist" successfully performed. With the following test data "File Path: "Schemas/InvalidTokenRequest_Unauthorized_schema.json"".
2023-01-22 22:07:05.268 &amp#27;[32m INFO&amp#27;[m &amp#27;[35m[@503 - main]&amp#27;[m &amp#27;[36mcom.shaft.tools.io.ReportManager&amp#27;[m : File Action "DoesFileExist" successfully performed. With the following test data "File Path: "src/test/resources/testDataFiles/Schemas/InvalidTokenRequest_Unauthorized_schema.json"".
2023-01-22 22:07:05.268 &amp#27;[32m INFO&amp#27;[m &amp#27;[35m[@503 - main]&amp#27;[m &amp#27;[36mcom.shaft.tools.io.ReportManager&amp#27;[m : File Action "GetAbsolutePath" successfully performed. With the following test data "Relative Folder Path: "src/test/resources/testDataFiles/Schemas/InvalidTokenRequest_Unauthorized_schema.json"".
2023-01-22 22:07:05.269 &amp#27;[32m INFO&amp#27;[m &amp#27;[35m[@503 - main]&amp#27;[m &amp#27;[36mcom.shaft.tools.io.ReportManager&amp#27;[m : File Action "DoesFileExist" successfully performed. With the following test data "File Path: "C:\eclipse-workspace\MyProjects\TASystemsAPIs\src\test\resources\testDataFiles\Schemas\InvalidTokenRequest_Unauthorized_schema.json"".
2023-01-22 22:07:05.269 &amp#27;[32m INFO&amp#27;[m &amp#27;[35m[@503 - main]&amp#27;[m &amp#27;[36mcom.shaft.tools.io.ReportManager&amp#27;[m : File Action "GetAbsolutePath" successfully performed. With the following test data "Relative Folder Path: "C:\eclipse-workspace\MyProjects\TASystemsAPIs\src\test\resources\testDataFiles\Schemas\InvalidTokenRequest_Unauthorized_schema.json"".
2023-01-22 22:07:05.269 &amp#27;[32m INFO&amp#27;[m &amp#27;[35m[@503 - main]&amp#27;[m &amp#27;[36mcom.shaft.tools.io.ReportManager&amp#27;[m : File Action "ReadFile" successfully performed. With the following test data "File Path: "C:\eclipse-workspace\MyProjects\TASystemsAPIs\src\test\resources\testDataFiles\Schemas\InvalidTokenRequest_Unauthorized_schema.json"".
2023-01-22 22:07:05.271 &amp#27;[32m INFO&amp#27;[m &amp#27;[35m[@503 - main]&amp#27;[m &amp#27;[36mcom.shaft.tools.io.ReportManager&amp#27;[m : Successfully created attachment "Validation Test Data - Expected JSON Value"
2023-01-22 22:07:05.272 &amp#27;[32m INFO&amp#27;[m &amp#27;[35m[@503 - main]&amp#27;[m &amp#27;[36mcom.shaft.tools.io.ReportManager&amp#27;[m : Successfully created attachment "Validation Test Data - Actual JSON Value"
2023-01-22 22:07:05.273 &amp#27;[32m INFO&amp#27;[m &amp#27;[35m[@503 - main]&amp#27;[m &amp#27;[36mcom.shaft.tools.io.ReportManager&amp#27;[m : Successfully created attachment "SHAFT Engine Logs - Current Method log: InValid_Add_Cancel_Policy_With_Missing_Token_TC"
]]></system-out>
  </testcase>
  <testcase name="InValid_Add_Cancel_Policy_With_Missing_Token_TC[[Ljava.lang.Object;@773cb441](2)" classname="SteeringCompanyAPI_TestCases.Test_Policies_Cases" time="1.294">
    <system-out><![CDATA[2023-01-22 22:07:05.276 &amp#27;[32m INFO&amp#27;[m &amp#27;[35m[@534 - main]&amp#27;[m &amp#27;[36mcom.shaft.tools.io.ReportManager&amp#27;[m : 
################################################################################################################################################
Starting Execution:	"164 out of 83" test cases in the current suite
Test Method:		"SteeringCompanyAPI_TestCases.Test_Policies_Cases.InValid_Add_Cancel_Policy_With_Missing_Token_TC"
Test Description:	"TC020 -Policy- Perform Add Cancel Policy With Missing Token"
################################################################################################################################################
2023-01-22 22:07:05.276 &amp#27;[32m INFO&amp#27;[m &amp#27;[35m[@503 - main]&amp#27;[m &amp#27;[36mcom.shaft.tools.io.ReportManager&amp#27;[m : File Action "DoesFileExist" successfully performed. With the following test data "File Path: "SteeringCompanyAPI_TestData/SteeringCompanyAPI_TestData.xlsx"".
2023-01-22 22:07:05.297 &amp#27;[32m INFO&amp#27;[m &amp#27;[35m[@503 - main]&amp#27;[m &amp#27;[36mcom.shaft.tools.io.ReportManager&amp#27;[m : Successfully created attachment "Test Data - Excel"
2023-01-22 22:07:05.297 &amp#27;[32m INFO&amp#27;[m &amp#27;[35m[@503 - main]&amp#27;[m &amp#27;[36mcom.shaft.tools.io.ReportManager&amp#27;[m : File Action "DoesFileExist" successfully performed. With the following test data "File Path: "SteeringCompanyAPI_TestData/SteeringCompanyAPI_TestData.xlsx"".
2023-01-22 22:07:05.316 &amp#27;[32m INFO&amp#27;[m &amp#27;[35m[@503 - main]&amp#27;[m &amp#27;[36mcom.shaft.tools.io.ReportManager&amp#27;[m : Successfully created attachment "Test Data - Excel"
2023-01-22 22:07:05.317 &amp#27;[32m INFO&amp#27;[m &amp#27;[35m[@503 - main]&amp#27;[m &amp#27;[36mcom.shaft.tools.io.ReportManager&amp#27;[m : File Action "DoesFileExist" successfully performed. With the following test data "File Path: "SteeringCompanyAPI_TestData/SteeringCompanyAPI_TestData.xlsx"".
2023-01-22 22:07:05.339 &amp#27;[32m INFO&amp#27;[m &amp#27;[35m[@503 - main]&amp#27;[m &amp#27;[36mcom.shaft.tools.io.ReportManager&amp#27;[m : Successfully created attachment "Test Data - Excel"
2023-01-22 22:07:06.544 &amp#27;[32m INFO&amp#27;[m &amp#27;[35m[@503 - main]&amp#27;[m &amp#27;[36mcom.shaft.tools.io.ReportManager&amp#27;[m : Response status code: "401", status line: "HTTP/1.1 401 "
2023-01-22 22:07:06.558 &amp#27;[32m INFO&amp#27;[m &amp#27;[35m[@503 - main]&amp#27;[m &amp#27;[36mcom.shaft.tools.io.ReportManager&amp#27;[m : Successfully created attachment "API Request - Specifications"
2023-01-22 22:07:06.559 &amp#27;[32m INFO&amp#27;[m &amp#27;[35m[@503 - main]&amp#27;[m &amp#27;[36mcom.shaft.tools.io.ReportManager&amp#27;[m : Successfully created attachment "API Request - JSON Body"
2023-01-22 22:07:06.560 &amp#27;[32m INFO&amp#27;[m &amp#27;[35m[@503 - main]&amp#27;[m &amp#27;[36mcom.shaft.tools.io.ReportManager&amp#27;[m : Successfully created attachment "API Response - JSON Body"
2023-01-22 22:07:06.561 &amp#27;[32m INFO&amp#27;[m &amp#27;[35m[@503 - main]&amp#27;[m &amp#27;[36mcom.shaft.tools.io.ReportManager&amp#27;[m : File Action "DoesFileExist" successfully performed. With the following test data "File Path: "Schemas/InvalidTokenRequest_Unauthorized_schema.json"".
2023-01-22 22:07:06.562 &amp#27;[32m INFO&amp#27;[m &amp#27;[35m[@503 - main]&amp#27;[m &amp#27;[36mcom.shaft.tools.io.ReportManager&amp#27;[m : File Action "DoesFileExist" successfully performed. With the following test data "File Path: "src/test/resources/testDataFiles/Schemas/InvalidTokenRequest_Unauthorized_schema.json"".
2023-01-22 22:07:06.562 &amp#27;[32m INFO&amp#27;[m &amp#27;[35m[@503 - main]&amp#27;[m &amp#27;[36mcom.shaft.tools.io.ReportManager&amp#27;[m : File Action "GetAbsolutePath" successfully performed. With the following test data "Relative Folder Path: "src/test/resources/testDataFiles/Schemas/InvalidTokenRequest_Unauthorized_schema.json"".
2023-01-22 22:07:06.564 &amp#27;[32m INFO&amp#27;[m &amp#27;[35m[@503 - main]&amp#27;[m &amp#27;[36mcom.shaft.tools.io.ReportManager&amp#27;[m : File Action "DoesFileExist" successfully performed. With the following test data "File Path: "C:\eclipse-workspace\MyProjects\TASystemsAPIs\src\test\resources\testDataFiles\Schemas\InvalidTokenRequest_Unauthorized_schema.json"".
2023-01-22 22:07:06.564 &amp#27;[32m INFO&amp#27;[m &amp#27;[35m[@503 - main]&amp#27;[m &amp#27;[36mcom.shaft.tools.io.ReportManager&amp#27;[m : File Action "GetAbsolutePath" successfully performed. With the following test data "Relative Folder Path: "C:\eclipse-workspace\MyProjects\TASystemsAPIs\src\test\resources\testDataFiles\Schemas\InvalidTokenRequest_Unauthorized_schema.json"".
2023-01-22 22:07:06.564 &amp#27;[32m INFO&amp#27;[m &amp#27;[35m[@503 - main]&amp#27;[m &amp#27;[36mcom.shaft.tools.io.ReportManager&amp#27;[m : File Action "ReadFile" successfully performed. With the following test data "File Path: "C:\eclipse-workspace\MyProjects\TASystemsAPIs\src\test\resources\testDataFiles\Schemas\InvalidTokenRequest_Unauthorized_schema.json"".
2023-01-22 22:07:06.565 &amp#27;[32m INFO&amp#27;[m &amp#27;[35m[@503 - main]&amp#27;[m &amp#27;[36mcom.shaft.tools.io.ReportManager&amp#27;[m : Successfully created attachment "Validation Test Data - Expected JSON Value"
2023-01-22 22:07:06.567 &amp#27;[32m INFO&amp#27;[m &amp#27;[35m[@503 - main]&amp#27;[m &amp#27;[36mcom.shaft.tools.io.ReportManager&amp#27;[m : Successfully created attachment "Validation Test Data - Actual JSON Value"
2023-01-22 22:07:06.568 &amp#27;[32m INFO&amp#27;[m &amp#27;[35m[@503 - main]&amp#27;[m &amp#27;[36mcom.shaft.tools.io.ReportManager&amp#27;[m : Successfully created attachment "SHAFT Engine Logs - Current Method log: InValid_Add_Cancel_Policy_With_Missing_Token_TC"
]]></system-out>
  </testcase>
  <testcase name="InValid_Add_Cancel_Policy_With_Missing_Token_TC[[Ljava.lang.Object;@7db5edd](3)" classname="SteeringCompanyAPI_TestCases.Test_Policies_Cases" time="3.262">
    <system-out><![CDATA[2023-01-22 22:07:06.570 &amp#27;[32m INFO&amp#27;[m &amp#27;[35m[@534 - main]&amp#27;[m &amp#27;[36mcom.shaft.tools.io.ReportManager&amp#27;[m : 
################################################################################################################################################
Starting Execution:	"165 out of 83" test cases in the current suite
Test Method:		"SteeringCompanyAPI_TestCases.Test_Policies_Cases.InValid_Add_Cancel_Policy_With_Missing_Token_TC"
Test Description:	"TC020 -Policy- Perform Add Cancel Policy With Missing Token"
################################################################################################################################################
2023-01-22 22:07:06.570 &amp#27;[32m INFO&amp#27;[m &amp#27;[35m[@503 - main]&amp#27;[m &amp#27;[36mcom.shaft.tools.io.ReportManager&amp#27;[m : File Action "DoesFileExist" successfully performed. With the following test data "File Path: "SteeringCompanyAPI_TestData/SteeringCompanyAPI_TestData.xlsx"".
2023-01-22 22:07:06.591 &amp#27;[32m INFO&amp#27;[m &amp#27;[35m[@503 - main]&amp#27;[m &amp#27;[36mcom.shaft.tools.io.ReportManager&amp#27;[m : Successfully created attachment "Test Data - Excel"
2023-01-22 22:07:06.592 &amp#27;[32m INFO&amp#27;[m &amp#27;[35m[@503 - main]&amp#27;[m &amp#27;[36mcom.shaft.tools.io.ReportManager&amp#27;[m : File Action "DoesFileExist" successfully performed. With the following test data "File Path: "SteeringCompanyAPI_TestData/SteeringCompanyAPI_TestData.xlsx"".
2023-01-22 22:07:06.614 &amp#27;[32m INFO&amp#27;[m &amp#27;[35m[@503 - main]&amp#27;[m &amp#27;[36mcom.shaft.tools.io.ReportManager&amp#27;[m : Successfully created attachment "Test Data - Excel"
2023-01-22 22:07:06.615 &amp#27;[32m INFO&amp#27;[m &amp#27;[35m[@503 - main]&amp#27;[m &amp#27;[36mcom.shaft.tools.io.ReportManager&amp#27;[m : File Action "DoesFileExist" successfully performed. With the following test data "File Path: "SteeringCompanyAPI_TestData/SteeringCompanyAPI_TestData.xlsx"".
2023-01-22 22:07:06.635 &amp#27;[32m INFO&amp#27;[m &amp#27;[35m[@503 - main]&amp#27;[m &amp#27;[36mcom.shaft.tools.io.ReportManager&amp#27;[m : Successfully created attachment "Test Data - Excel"
2023-01-22 22:07:09.812 &amp#27;[32m INFO&amp#27;[m &amp#27;[35m[@503 - main]&amp#27;[m &amp#27;[36mcom.shaft.tools.io.ReportManager&amp#27;[m : Response status code: "401", status line: "HTTP/1.1 401 "
2023-01-22 22:07:09.821 &amp#27;[32m INFO&amp#27;[m &amp#27;[35m[@503 - main]&amp#27;[m &amp#27;[36mcom.shaft.tools.io.ReportManager&amp#27;[m : Successfully created attachment "API Request - Specifications"
2023-01-22 22:07:09.822 &amp#27;[32m INFO&amp#27;[m &amp#27;[35m[@503 - main]&amp#27;[m &amp#27;[36mcom.shaft.tools.io.ReportManager&amp#27;[m : Successfully created attachment "API Request - JSON Body"
2023-01-22 22:07:09.824 &amp#27;[32m INFO&amp#27;[m &amp#27;[35m[@503 - main]&amp#27;[m &amp#27;[36mcom.shaft.tools.io.ReportManager&amp#27;[m : Successfully created attachment "API Response - JSON Body"
2023-01-22 22:07:09.824 &amp#27;[32m INFO&amp#27;[m &amp#27;[35m[@503 - main]&amp#27;[m &amp#27;[36mcom.shaft.tools.io.ReportManager&amp#27;[m : File Action "DoesFileExist" successfully performed. With the following test data "File Path: "Schemas/InvalidTokenRequest_Unauthorized_schema.json"".
2023-01-22 22:07:09.824 &amp#27;[32m INFO&amp#27;[m &amp#27;[35m[@503 - main]&amp#27;[m &amp#27;[36mcom.shaft.tools.io.ReportManager&amp#27;[m : File Action "DoesFileExist" successfully performed. With the following test data "File Path: "src/test/resources/testDataFiles/Schemas/InvalidTokenRequest_Unauthorized_schema.json"".
2023-01-22 22:07:09.824 &amp#27;[32m INFO&amp#27;[m &amp#27;[35m[@503 - main]&amp#27;[m &amp#27;[36mcom.shaft.tools.io.ReportManager&amp#27;[m : File Action "GetAbsolutePath" successfully performed. With the following test data "Relative Folder Path: "src/test/resources/testDataFiles/Schemas/InvalidTokenRequest_Unauthorized_schema.json"".
2023-01-22 22:07:09.826 &amp#27;[32m INFO&amp#27;[m &amp#27;[35m[@503 - main]&amp#27;[m &amp#27;[36mcom.shaft.tools.io.ReportManager&amp#27;[m : File Action "DoesFileExist" successfully performed. With the following test data "File Path: "C:\eclipse-workspace\MyProjects\TASystemsAPIs\src\test\resources\testDataFiles\Schemas\InvalidTokenRequest_Unauthorized_schema.json"".
2023-01-22 22:07:09.826 &amp#27;[32m INFO&amp#27;[m &amp#27;[35m[@503 - main]&amp#27;[m &amp#27;[36mcom.shaft.tools.io.ReportManager&amp#27;[m : File Action "GetAbsolutePath" successfully performed. With the following test data "Relative Folder Path: "C:\eclipse-workspace\MyProjects\TASystemsAPIs\src\test\resources\testDataFiles\Schemas\InvalidTokenRequest_Unauthorized_schema.json"".
2023-01-22 22:07:09.826 &amp#27;[32m INFO&amp#27;[m &amp#27;[35m[@503 - main]&amp#27;[m &amp#27;[36mcom.shaft.tools.io.ReportManager&amp#27;[m : File Action "ReadFile" successfully performed. With the following test data "File Path: "C:\eclipse-workspace\MyProjects\TASystemsAPIs\src\test\resources\testDataFiles\Schemas\InvalidTokenRequest_Unauthorized_schema.json"".
2023-01-22 22:07:09.827 &amp#27;[32m INFO&amp#27;[m &amp#27;[35m[@503 - main]&amp#27;[m &amp#27;[36mcom.shaft.tools.io.ReportManager&amp#27;[m : Successfully created attachment "Validation Test Data - Expected JSON Value"
2023-01-22 22:07:09.828 &amp#27;[32m INFO&amp#27;[m &amp#27;[35m[@503 - main]&amp#27;[m &amp#27;[36mcom.shaft.tools.io.ReportManager&amp#27;[m : Successfully created attachment "Validation Test Data - Actual JSON Value"
2023-01-22 22:07:09.829 &amp#27;[32m INFO&amp#27;[m &amp#27;[35m[@503 - main]&amp#27;[m &amp#27;[36mcom.shaft.tools.io.ReportManager&amp#27;[m : Successfully created attachment "SHAFT Engine Logs - Current Method log: InValid_Add_Cancel_Policy_With_Missing_Token_TC"
]]></system-out>
  </testcase>
  <testcase name="InValid_Add_General_Policy_With_Invalid_Token_TC[[Ljava.lang.Object;@456b60a0](1)" classname="SteeringCompanyAPI_TestCases.Test_Policies_Cases" time="1.097">
    <system-out><![CDATA[2023-01-22 22:07:09.834 &amp#27;[32m INFO&amp#27;[m &amp#27;[35m[@534 - main]&amp#27;[m &amp#27;[36mcom.shaft.tools.io.ReportManager&amp#27;[m : 
################################################################################################################################################
Starting Execution:	"166 out of 83" test cases in the current suite
Test Method:		"SteeringCompanyAPI_TestCases.Test_Policies_Cases.InValid_Add_General_Policy_With_Invalid_Token_TC"
Test Description:	"TC029 -Policy- Perform Add General Policy With Invalid/Expired Token"
################################################################################################################################################
2023-01-22 22:07:09.834 &amp#27;[32m INFO&amp#27;[m &amp#27;[35m[@503 - main]&amp#27;[m &amp#27;[36mcom.shaft.tools.io.ReportManager&amp#27;[m : File Action "DoesFileExist" successfully performed. With the following test data "File Path: "SteeringCompanyAPI_TestData/SteeringCompanyAPI_TestData.xlsx"".
2023-01-22 22:07:09.865 &amp#27;[32m INFO&amp#27;[m &amp#27;[35m[@503 - main]&amp#27;[m &amp#27;[36mcom.shaft.tools.io.ReportManager&amp#27;[m : Successfully created attachment "Test Data - Excel"
2023-01-22 22:07:09.865 &amp#27;[32m INFO&amp#27;[m &amp#27;[35m[@503 - main]&amp#27;[m &amp#27;[36mcom.shaft.tools.io.ReportManager&amp#27;[m : File Action "DoesFileExist" successfully performed. With the following test data "File Path: "SteeringCompanyAPI_TestData/SteeringCompanyAPI_TestData.xlsx"".
2023-01-22 22:07:09.903 &amp#27;[32m INFO&amp#27;[m &amp#27;[35m[@503 - main]&amp#27;[m &amp#27;[36mcom.shaft.tools.io.ReportManager&amp#27;[m : Successfully created attachment "Test Data - Excel"
2023-01-22 22:07:09.903 &amp#27;[32m INFO&amp#27;[m &amp#27;[35m[@503 - main]&amp#27;[m &amp#27;[36mcom.shaft.tools.io.ReportManager&amp#27;[m : File Action "DoesFileExist" successfully performed. With the following test data "File Path: "SteeringCompanyAPI_TestData/SteeringCompanyAPI_TestData.xlsx"".
2023-01-22 22:07:09.939 &amp#27;[32m INFO&amp#27;[m &amp#27;[35m[@503 - main]&amp#27;[m &amp#27;[36mcom.shaft.tools.io.ReportManager&amp#27;[m : Successfully created attachment "Test Data - Excel"
2023-01-22 22:07:10.923 &amp#27;[32m INFO&amp#27;[m &amp#27;[35m[@503 - main]&amp#27;[m &amp#27;[36mcom.shaft.tools.io.ReportManager&amp#27;[m : Response status code: "401", status line: "HTTP/1.1 401 "
2023-01-22 22:07:10.925 &amp#27;[32m INFO&amp#27;[m &amp#27;[35m[@503 - main]&amp#27;[m &amp#27;[36mcom.shaft.tools.io.ReportManager&amp#27;[m : Successfully created attachment "API Request - Specifications"
2023-01-22 22:07:10.926 &amp#27;[32m INFO&amp#27;[m &amp#27;[35m[@503 - main]&amp#27;[m &amp#27;[36mcom.shaft.tools.io.ReportManager&amp#27;[m : Successfully created attachment "API Request - JSON Body"
2023-01-22 22:07:10.927 &amp#27;[32m INFO&amp#27;[m &amp#27;[35m[@503 - main]&amp#27;[m &amp#27;[36mcom.shaft.tools.io.ReportManager&amp#27;[m : Successfully created attachment "API Response - JSON Body"
2023-01-22 22:07:10.929 &amp#27;[32m INFO&amp#27;[m &amp#27;[35m[@503 - main]&amp#27;[m &amp#27;[36mcom.shaft.tools.io.ReportManager&amp#27;[m : Successfully created attachment "SHAFT Engine Logs - Current Method log: InValid_Add_General_Policy_With_Invalid_Token_TC"
]]></system-out>
  </testcase>
  <testcase name="InValid_Add_General_Policy_With_Invalid_Token_TC[[Ljava.lang.Object;@4368104b](2)" classname="SteeringCompanyAPI_TestCases.Test_Policies_Cases" time="1.715">
    <system-out><![CDATA[2023-01-22 22:07:10.931 &amp#27;[32m INFO&amp#27;[m &amp#27;[35m[@534 - main]&amp#27;[m &amp#27;[36mcom.shaft.tools.io.ReportManager&amp#27;[m : 
################################################################################################################################################
Starting Execution:	"167 out of 83" test cases in the current suite
Test Method:		"SteeringCompanyAPI_TestCases.Test_Policies_Cases.InValid_Add_General_Policy_With_Invalid_Token_TC"
Test Description:	"TC029 -Policy- Perform Add General Policy With Invalid/Expired Token"
################################################################################################################################################
2023-01-22 22:07:10.932 &amp#27;[32m INFO&amp#27;[m &amp#27;[35m[@503 - main]&amp#27;[m &amp#27;[36mcom.shaft.tools.io.ReportManager&amp#27;[m : File Action "DoesFileExist" successfully performed. With the following test data "File Path: "SteeringCompanyAPI_TestData/SteeringCompanyAPI_TestData.xlsx"".
2023-01-22 22:07:10.957 &amp#27;[32m INFO&amp#27;[m &amp#27;[35m[@503 - main]&amp#27;[m &amp#27;[36mcom.shaft.tools.io.ReportManager&amp#27;[m : Successfully created attachment "Test Data - Excel"
2023-01-22 22:07:10.957 &amp#27;[32m INFO&amp#27;[m &amp#27;[35m[@503 - main]&amp#27;[m &amp#27;[36mcom.shaft.tools.io.ReportManager&amp#27;[m : File Action "DoesFileExist" successfully performed. With the following test data "File Path: "SteeringCompanyAPI_TestData/SteeringCompanyAPI_TestData.xlsx"".
2023-01-22 22:07:10.979 &amp#27;[32m INFO&amp#27;[m &amp#27;[35m[@503 - main]&amp#27;[m &amp#27;[36mcom.shaft.tools.io.ReportManager&amp#27;[m : Successfully created attachment "Test Data - Excel"
2023-01-22 22:07:10.979 &amp#27;[32m INFO&amp#27;[m &amp#27;[35m[@503 - main]&amp#27;[m &amp#27;[36mcom.shaft.tools.io.ReportManager&amp#27;[m : File Action "DoesFileExist" successfully performed. With the following test data "File Path: "SteeringCompanyAPI_TestData/SteeringCompanyAPI_TestData.xlsx"".
2023-01-22 22:07:11.001 &amp#27;[32m INFO&amp#27;[m &amp#27;[35m[@503 - main]&amp#27;[m &amp#27;[36mcom.shaft.tools.io.ReportManager&amp#27;[m : Successfully created attachment "Test Data - Excel"
2023-01-22 22:07:12.636 &amp#27;[32m INFO&amp#27;[m &amp#27;[35m[@503 - main]&amp#27;[m &amp#27;[36mcom.shaft.tools.io.ReportManager&amp#27;[m : Response status code: "401", status line: "HTTP/1.1 401 "
2023-01-22 22:07:12.639 &amp#27;[32m INFO&amp#27;[m &amp#27;[35m[@503 - main]&amp#27;[m &amp#27;[36mcom.shaft.tools.io.ReportManager&amp#27;[m : Successfully created attachment "API Request - Specifications"
2023-01-22 22:07:12.641 &amp#27;[32m INFO&amp#27;[m &amp#27;[35m[@503 - main]&amp#27;[m &amp#27;[36mcom.shaft.tools.io.ReportManager&amp#27;[m : Successfully created attachment "API Request - JSON Body"
2023-01-22 22:07:12.641 &amp#27;[32m INFO&amp#27;[m &amp#27;[35m[@503 - main]&amp#27;[m &amp#27;[36mcom.shaft.tools.io.ReportManager&amp#27;[m : Successfully created attachment "API Response - JSON Body"
2023-01-22 22:07:12.644 &amp#27;[32m INFO&amp#27;[m &amp#27;[35m[@503 - main]&amp#27;[m &amp#27;[36mcom.shaft.tools.io.ReportManager&amp#27;[m : Successfully created attachment "SHAFT Engine Logs - Current Method log: InValid_Add_General_Policy_With_Invalid_Token_TC"
]]></system-out>
  </testcase>
  <testcase name="InValid_Add_General_Policy_With_Missing_Token_TC[[Ljava.lang.Object;@70d31582](1)" classname="SteeringCompanyAPI_TestCases.Test_Policies_Cases" time="0.916">
    <system-out><![CDATA[2023-01-22 22:07:12.647 &amp#27;[32m INFO&amp#27;[m &amp#27;[35m[@534 - main]&amp#27;[m &amp#27;[36mcom.shaft.tools.io.ReportManager&amp#27;[m : 
################################################################################################################################################
Starting Execution:	"168 out of 83" test cases in the current suite
Test Method:		"SteeringCompanyAPI_TestCases.Test_Policies_Cases.InValid_Add_General_Policy_With_Missing_Token_TC"
Test Description:	"TC028 -Policy- Perform Add General Policy With Missing Token"
################################################################################################################################################
2023-01-22 22:07:12.648 &amp#27;[32m INFO&amp#27;[m &amp#27;[35m[@503 - main]&amp#27;[m &amp#27;[36mcom.shaft.tools.io.ReportManager&amp#27;[m : File Action "DoesFileExist" successfully performed. With the following test data "File Path: "SteeringCompanyAPI_TestData/SteeringCompanyAPI_TestData.xlsx"".
2023-01-22 22:07:12.668 &amp#27;[32m INFO&amp#27;[m &amp#27;[35m[@503 - main]&amp#27;[m &amp#27;[36mcom.shaft.tools.io.ReportManager&amp#27;[m : Successfully created attachment "Test Data - Excel"
2023-01-22 22:07:12.669 &amp#27;[32m INFO&amp#27;[m &amp#27;[35m[@503 - main]&amp#27;[m &amp#27;[36mcom.shaft.tools.io.ReportManager&amp#27;[m : File Action "DoesFileExist" successfully performed. With the following test data "File Path: "SteeringCompanyAPI_TestData/SteeringCompanyAPI_TestData.xlsx"".
2023-01-22 22:07:12.693 &amp#27;[32m INFO&amp#27;[m &amp#27;[35m[@503 - main]&amp#27;[m &amp#27;[36mcom.shaft.tools.io.ReportManager&amp#27;[m : Successfully created attachment "Test Data - Excel"
2023-01-22 22:07:12.693 &amp#27;[32m INFO&amp#27;[m &amp#27;[35m[@503 - main]&amp#27;[m &amp#27;[36mcom.shaft.tools.io.ReportManager&amp#27;[m : File Action "DoesFileExist" successfully performed. With the following test data "File Path: "SteeringCompanyAPI_TestData/SteeringCompanyAPI_TestData.xlsx"".
2023-01-22 22:07:12.713 &amp#27;[32m INFO&amp#27;[m &amp#27;[35m[@503 - main]&amp#27;[m &amp#27;[36mcom.shaft.tools.io.ReportManager&amp#27;[m : Successfully created attachment "Test Data - Excel"
2023-01-22 22:07:13.541 &amp#27;[32m INFO&amp#27;[m &amp#27;[35m[@503 - main]&amp#27;[m &amp#27;[36mcom.shaft.tools.io.ReportManager&amp#27;[m : Response status code: "401", status line: "HTTP/1.1 401 "
2023-01-22 22:07:13.552 &amp#27;[32m INFO&amp#27;[m &amp#27;[35m[@503 - main]&amp#27;[m &amp#27;[36mcom.shaft.tools.io.ReportManager&amp#27;[m : Successfully created attachment "API Request - Specifications"
2023-01-22 22:07:13.554 &amp#27;[32m INFO&amp#27;[m &amp#27;[35m[@503 - main]&amp#27;[m &amp#27;[36mcom.shaft.tools.io.ReportManager&amp#27;[m : Successfully created attachment "API Request - JSON Body"
2023-01-22 22:07:13.554 &amp#27;[32m INFO&amp#27;[m &amp#27;[35m[@503 - main]&amp#27;[m &amp#27;[36mcom.shaft.tools.io.ReportManager&amp#27;[m : Successfully created attachment "API Response - JSON Body"
2023-01-22 22:07:13.556 &amp#27;[32m INFO&amp#27;[m &amp#27;[35m[@503 - main]&amp#27;[m &amp#27;[36mcom.shaft.tools.io.ReportManager&amp#27;[m : File Action "DoesFileExist" successfully performed. With the following test data "File Path: "Schemas/InvalidTokenRequest_Unauthorized_schema.json"".
2023-01-22 22:07:13.556 &amp#27;[32m INFO&amp#27;[m &amp#27;[35m[@503 - main]&amp#27;[m &amp#27;[36mcom.shaft.tools.io.ReportManager&amp#27;[m : File Action "DoesFileExist" successfully performed. With the following test data "File Path: "src/test/resources/testDataFiles/Schemas/InvalidTokenRequest_Unauthorized_schema.json"".
2023-01-22 22:07:13.557 &amp#27;[32m INFO&amp#27;[m &amp#27;[35m[@503 - main]&amp#27;[m &amp#27;[36mcom.shaft.tools.io.ReportManager&amp#27;[m : File Action "GetAbsolutePath" successfully performed. With the following test data "Relative Folder Path: "src/test/resources/testDataFiles/Schemas/InvalidTokenRequest_Unauthorized_schema.json"".
2023-01-22 22:07:13.558 &amp#27;[32m INFO&amp#27;[m &amp#27;[35m[@503 - main]&amp#27;[m &amp#27;[36mcom.shaft.tools.io.ReportManager&amp#27;[m : File Action "DoesFileExist" successfully performed. With the following test data "File Path: "C:\eclipse-workspace\MyProjects\TASystemsAPIs\src\test\resources\testDataFiles\Schemas\InvalidTokenRequest_Unauthorized_schema.json"".
2023-01-22 22:07:13.558 &amp#27;[32m INFO&amp#27;[m &amp#27;[35m[@503 - main]&amp#27;[m &amp#27;[36mcom.shaft.tools.io.ReportManager&amp#27;[m : File Action "GetAbsolutePath" successfully performed. With the following test data "Relative Folder Path: "C:\eclipse-workspace\MyProjects\TASystemsAPIs\src\test\resources\testDataFiles\Schemas\InvalidTokenRequest_Unauthorized_schema.json"".
2023-01-22 22:07:13.558 &amp#27;[32m INFO&amp#27;[m &amp#27;[35m[@503 - main]&amp#27;[m &amp#27;[36mcom.shaft.tools.io.ReportManager&amp#27;[m : File Action "ReadFile" successfully performed. With the following test data "File Path: "C:\eclipse-workspace\MyProjects\TASystemsAPIs\src\test\resources\testDataFiles\Schemas\InvalidTokenRequest_Unauthorized_schema.json"".
2023-01-22 22:07:13.560 &amp#27;[32m INFO&amp#27;[m &amp#27;[35m[@503 - main]&amp#27;[m &amp#27;[36mcom.shaft.tools.io.ReportManager&amp#27;[m : Successfully created attachment "Validation Test Data - Expected JSON Value"
2023-01-22 22:07:13.561 &amp#27;[32m INFO&amp#27;[m &amp#27;[35m[@503 - main]&amp#27;[m &amp#27;[36mcom.shaft.tools.io.ReportManager&amp#27;[m : Successfully created attachment "Validation Test Data - Actual JSON Value"
2023-01-22 22:07:13.561 &amp#27;[32m INFO&amp#27;[m &amp#27;[35m[@503 - main]&amp#27;[m &amp#27;[36mcom.shaft.tools.io.ReportManager&amp#27;[m : Successfully created attachment "SHAFT Engine Logs - Current Method log: InValid_Add_General_Policy_With_Missing_Token_TC"
]]></system-out>
  </testcase>
  <testcase name="InValid_Add_General_Policy_With_Missing_Token_TC[[Ljava.lang.Object;@d1406c2](2)" classname="SteeringCompanyAPI_TestCases.Test_Policies_Cases" time="0.924">
    <system-out><![CDATA[2023-01-22 22:07:13.564 &amp#27;[32m INFO&amp#27;[m &amp#27;[35m[@534 - main]&amp#27;[m &amp#27;[36mcom.shaft.tools.io.ReportManager&amp#27;[m : 
################################################################################################################################################
Starting Execution:	"169 out of 83" test cases in the current suite
Test Method:		"SteeringCompanyAPI_TestCases.Test_Policies_Cases.InValid_Add_General_Policy_With_Missing_Token_TC"
Test Description:	"TC028 -Policy- Perform Add General Policy With Missing Token"
################################################################################################################################################
2023-01-22 22:07:13.564 &amp#27;[32m INFO&amp#27;[m &amp#27;[35m[@503 - main]&amp#27;[m &amp#27;[36mcom.shaft.tools.io.ReportManager&amp#27;[m : File Action "DoesFileExist" successfully performed. With the following test data "File Path: "SteeringCompanyAPI_TestData/SteeringCompanyAPI_TestData.xlsx"".
2023-01-22 22:07:13.586 &amp#27;[32m INFO&amp#27;[m &amp#27;[35m[@503 - main]&amp#27;[m &amp#27;[36mcom.shaft.tools.io.ReportManager&amp#27;[m : Successfully created attachment "Test Data - Excel"
2023-01-22 22:07:13.586 &amp#27;[32m INFO&amp#27;[m &amp#27;[35m[@503 - main]&amp#27;[m &amp#27;[36mcom.shaft.tools.io.ReportManager&amp#27;[m : File Action "DoesFileExist" successfully performed. With the following test data "File Path: "SteeringCompanyAPI_TestData/SteeringCompanyAPI_TestData.xlsx"".
2023-01-22 22:07:13.608 &amp#27;[32m INFO&amp#27;[m &amp#27;[35m[@503 - main]&amp#27;[m &amp#27;[36mcom.shaft.tools.io.ReportManager&amp#27;[m : Successfully created attachment "Test Data - Excel"
2023-01-22 22:07:13.608 &amp#27;[32m INFO&amp#27;[m &amp#27;[35m[@503 - main]&amp#27;[m &amp#27;[36mcom.shaft.tools.io.ReportManager&amp#27;[m : File Action "DoesFileExist" successfully performed. With the following test data "File Path: "SteeringCompanyAPI_TestData/SteeringCompanyAPI_TestData.xlsx"".
2023-01-22 22:07:13.629 &amp#27;[32m INFO&amp#27;[m &amp#27;[35m[@503 - main]&amp#27;[m &amp#27;[36mcom.shaft.tools.io.ReportManager&amp#27;[m : Successfully created attachment "Test Data - Excel"
2023-01-22 22:07:14.463 &amp#27;[32m INFO&amp#27;[m &amp#27;[35m[@503 - main]&amp#27;[m &amp#27;[36mcom.shaft.tools.io.ReportManager&amp#27;[m : Response status code: "401", status line: "HTTP/1.1 401 "
2023-01-22 22:07:14.477 &amp#27;[32m INFO&amp#27;[m &amp#27;[35m[@503 - main]&amp#27;[m &amp#27;[36mcom.shaft.tools.io.ReportManager&amp#27;[m : Successfully created attachment "API Request - Specifications"
2023-01-22 22:07:14.479 &amp#27;[32m INFO&amp#27;[m &amp#27;[35m[@503 - main]&amp#27;[m &amp#27;[36mcom.shaft.tools.io.ReportManager&amp#27;[m : Successfully created attachment "API Request - JSON Body"
2023-01-22 22:07:14.479 &amp#27;[32m INFO&amp#27;[m &amp#27;[35m[@503 - main]&amp#27;[m &amp#27;[36mcom.shaft.tools.io.ReportManager&amp#27;[m : Successfully created attachment "API Response - JSON Body"
2023-01-22 22:07:14.480 &amp#27;[32m INFO&amp#27;[m &amp#27;[35m[@503 - main]&amp#27;[m &amp#27;[36mcom.shaft.tools.io.ReportManager&amp#27;[m : File Action "DoesFileExist" successfully performed. With the following test data "File Path: "Schemas/InvalidTokenRequest_Unauthorized_schema.json"".
2023-01-22 22:07:14.480 &amp#27;[32m INFO&amp#27;[m &amp#27;[35m[@503 - main]&amp#27;[m &amp#27;[36mcom.shaft.tools.io.ReportManager&amp#27;[m : File Action "DoesFileExist" successfully performed. With the following test data "File Path: "src/test/resources/testDataFiles/Schemas/InvalidTokenRequest_Unauthorized_schema.json"".
2023-01-22 22:07:14.480 &amp#27;[32m INFO&amp#27;[m &amp#27;[35m[@503 - main]&amp#27;[m &amp#27;[36mcom.shaft.tools.io.ReportManager&amp#27;[m : File Action "GetAbsolutePath" successfully performed. With the following test data "Relative Folder Path: "src/test/resources/testDataFiles/Schemas/InvalidTokenRequest_Unauthorized_schema.json"".
2023-01-22 22:07:14.483 &amp#27;[32m INFO&amp#27;[m &amp#27;[35m[@503 - main]&amp#27;[m &amp#27;[36mcom.shaft.tools.io.ReportManager&amp#27;[m : File Action "DoesFileExist" successfully performed. With the following test data "File Path: "C:\eclipse-workspace\MyProjects\TASystemsAPIs\src\test\resources\testDataFiles\Schemas\InvalidTokenRequest_Unauthorized_schema.json"".
2023-01-22 22:07:14.483 &amp#27;[32m INFO&amp#27;[m &amp#27;[35m[@503 - main]&amp#27;[m &amp#27;[36mcom.shaft.tools.io.ReportManager&amp#27;[m : File Action "GetAbsolutePath" successfully performed. With the following test data "Relative Folder Path: "C:\eclipse-workspace\MyProjects\TASystemsAPIs\src\test\resources\testDataFiles\Schemas\InvalidTokenRequest_Unauthorized_schema.json"".
2023-01-22 22:07:14.483 &amp#27;[32m INFO&amp#27;[m &amp#27;[35m[@503 - main]&amp#27;[m &amp#27;[36mcom.shaft.tools.io.ReportManager&amp#27;[m : File Action "ReadFile" successfully performed. With the following test data "File Path: "C:\eclipse-workspace\MyProjects\TASystemsAPIs\src\test\resources\testDataFiles\Schemas\InvalidTokenRequest_Unauthorized_schema.json"".
2023-01-22 22:07:14.484 &amp#27;[32m INFO&amp#27;[m &amp#27;[35m[@503 - main]&amp#27;[m &amp#27;[36mcom.shaft.tools.io.ReportManager&amp#27;[m : Successfully created attachment "Validation Test Data - Expected JSON Value"
2023-01-22 22:07:14.485 &amp#27;[32m INFO&amp#27;[m &amp#27;[35m[@503 - main]&amp#27;[m &amp#27;[36mcom.shaft.tools.io.ReportManager&amp#27;[m : Successfully created attachment "Validation Test Data - Actual JSON Value"
2023-01-22 22:07:14.485 &amp#27;[32m INFO&amp#27;[m &amp#27;[35m[@503 - main]&amp#27;[m &amp#27;[36mcom.shaft.tools.io.ReportManager&amp#27;[m : Successfully created attachment "SHAFT Engine Logs - Current Method log: InValid_Add_General_Policy_With_Missing_Token_TC"
]]></system-out>
  </testcase>
  <testcase name="InValid_Add_Payment_Policy_With_InValid_Token_TC[[Ljava.lang.Object;@28920016](1)" classname="SteeringCompanyAPI_TestCases.Test_Policies_Cases" time="0.905">
    <system-out><![CDATA[2023-01-22 22:07:14.490 &amp#27;[32m INFO&amp#27;[m &amp#27;[35m[@534 - main]&amp#27;[m &amp#27;[36mcom.shaft.tools.io.ReportManager&amp#27;[m : 
################################################################################################################################################
Starting Execution:	"170 out of 83" test cases in the current suite
Test Method:		"SteeringCompanyAPI_TestCases.Test_Policies_Cases.InValid_Add_Payment_Policy_With_InValid_Token_TC"
Test Description:	"TC027 -Policy- Perform Add Payment Policy With Invalid/Expired Token"
################################################################################################################################################
2023-01-22 22:07:14.491 &amp#27;[32m INFO&amp#27;[m &amp#27;[35m[@503 - main]&amp#27;[m &amp#27;[36mcom.shaft.tools.io.ReportManager&amp#27;[m : File Action "DoesFileExist" successfully performed. With the following test data "File Path: "SteeringCompanyAPI_TestData/SteeringCompanyAPI_TestData.xlsx"".
2023-01-22 22:07:14.526 &amp#27;[32m INFO&amp#27;[m &amp#27;[35m[@503 - main]&amp#27;[m &amp#27;[36mcom.shaft.tools.io.ReportManager&amp#27;[m : Successfully created attachment "Test Data - Excel"
2023-01-22 22:07:14.526 &amp#27;[32m INFO&amp#27;[m &amp#27;[35m[@503 - main]&amp#27;[m &amp#27;[36mcom.shaft.tools.io.ReportManager&amp#27;[m : File Action "DoesFileExist" successfully performed. With the following test data "File Path: "SteeringCompanyAPI_TestData/SteeringCompanyAPI_TestData.xlsx"".
2023-01-22 22:07:14.586 &amp#27;[32m INFO&amp#27;[m &amp#27;[35m[@503 - main]&amp#27;[m &amp#27;[36mcom.shaft.tools.io.ReportManager&amp#27;[m : Successfully created attachment "Test Data - Excel"
2023-01-22 22:07:14.586 &amp#27;[32m INFO&amp#27;[m &amp#27;[35m[@503 - main]&amp#27;[m &amp#27;[36mcom.shaft.tools.io.ReportManager&amp#27;[m : File Action "DoesFileExist" successfully performed. With the following test data "File Path: "SteeringCompanyAPI_TestData/SteeringCompanyAPI_TestData.xlsx"".
2023-01-22 22:07:14.609 &amp#27;[32m INFO&amp#27;[m &amp#27;[35m[@503 - main]&amp#27;[m &amp#27;[36mcom.shaft.tools.io.ReportManager&amp#27;[m : Successfully created attachment "Test Data - Excel"
2023-01-22 22:07:15.389 &amp#27;[32m INFO&amp#27;[m &amp#27;[35m[@503 - main]&amp#27;[m &amp#27;[36mcom.shaft.tools.io.ReportManager&amp#27;[m : Response status code: "401", status line: "HTTP/1.1 401 "
2023-01-22 22:07:15.391 &amp#27;[32m INFO&amp#27;[m &amp#27;[35m[@503 - main]&amp#27;[m &amp#27;[36mcom.shaft.tools.io.ReportManager&amp#27;[m : Successfully created attachment "API Request - Specifications"
2023-01-22 22:07:15.392 &amp#27;[32m INFO&amp#27;[m &amp#27;[35m[@503 - main]&amp#27;[m &amp#27;[36mcom.shaft.tools.io.ReportManager&amp#27;[m : Successfully created attachment "API Request - JSON Body"
2023-01-22 22:07:15.392 &amp#27;[32m INFO&amp#27;[m &amp#27;[35m[@503 - main]&amp#27;[m &amp#27;[36mcom.shaft.tools.io.ReportManager&amp#27;[m : Successfully created attachment "API Response - JSON Body"
2023-01-22 22:07:15.394 &amp#27;[32m INFO&amp#27;[m &amp#27;[35m[@503 - main]&amp#27;[m &amp#27;[36mcom.shaft.tools.io.ReportManager&amp#27;[m : Successfully created attachment "SHAFT Engine Logs - Current Method log: InValid_Add_Payment_Policy_With_InValid_Token_TC"
]]></system-out>
  </testcase>
  <testcase name="InValid_Add_Payment_Policy_With_InValid_Token_TC[[Ljava.lang.Object;@730e52c3](2)" classname="SteeringCompanyAPI_TestCases.Test_Policies_Cases" time="0.828">
    <system-out><![CDATA[2023-01-22 22:07:15.397 &amp#27;[32m INFO&amp#27;[m &amp#27;[35m[@534 - main]&amp#27;[m &amp#27;[36mcom.shaft.tools.io.ReportManager&amp#27;[m : 
################################################################################################################################################
Starting Execution:	"171 out of 83" test cases in the current suite
Test Method:		"SteeringCompanyAPI_TestCases.Test_Policies_Cases.InValid_Add_Payment_Policy_With_InValid_Token_TC"
Test Description:	"TC027 -Policy- Perform Add Payment Policy With Invalid/Expired Token"
################################################################################################################################################
2023-01-22 22:07:15.397 &amp#27;[32m INFO&amp#27;[m &amp#27;[35m[@503 - main]&amp#27;[m &amp#27;[36mcom.shaft.tools.io.ReportManager&amp#27;[m : File Action "DoesFileExist" successfully performed. With the following test data "File Path: "SteeringCompanyAPI_TestData/SteeringCompanyAPI_TestData.xlsx"".
2023-01-22 22:07:15.418 &amp#27;[32m INFO&amp#27;[m &amp#27;[35m[@503 - main]&amp#27;[m &amp#27;[36mcom.shaft.tools.io.ReportManager&amp#27;[m : Successfully created attachment "Test Data - Excel"
2023-01-22 22:07:15.418 &amp#27;[32m INFO&amp#27;[m &amp#27;[35m[@503 - main]&amp#27;[m &amp#27;[36mcom.shaft.tools.io.ReportManager&amp#27;[m : File Action "DoesFileExist" successfully performed. With the following test data "File Path: "SteeringCompanyAPI_TestData/SteeringCompanyAPI_TestData.xlsx"".
2023-01-22 22:07:15.439 &amp#27;[32m INFO&amp#27;[m &amp#27;[35m[@503 - main]&amp#27;[m &amp#27;[36mcom.shaft.tools.io.ReportManager&amp#27;[m : Successfully created attachment "Test Data - Excel"
2023-01-22 22:07:15.440 &amp#27;[32m INFO&amp#27;[m &amp#27;[35m[@503 - main]&amp#27;[m &amp#27;[36mcom.shaft.tools.io.ReportManager&amp#27;[m : File Action "DoesFileExist" successfully performed. With the following test data "File Path: "SteeringCompanyAPI_TestData/SteeringCompanyAPI_TestData.xlsx"".
2023-01-22 22:07:15.459 &amp#27;[32m INFO&amp#27;[m &amp#27;[35m[@503 - main]&amp#27;[m &amp#27;[36mcom.shaft.tools.io.ReportManager&amp#27;[m : Successfully created attachment "Test Data - Excel"
2023-01-22 22:07:16.213 &amp#27;[32m INFO&amp#27;[m &amp#27;[35m[@503 - main]&amp#27;[m &amp#27;[36mcom.shaft.tools.io.ReportManager&amp#27;[m : Response status code: "401", status line: "HTTP/1.1 401 "
2023-01-22 22:07:16.217 &amp#27;[32m INFO&amp#27;[m &amp#27;[35m[@503 - main]&amp#27;[m &amp#27;[36mcom.shaft.tools.io.ReportManager&amp#27;[m : Successfully created attachment "API Request - Specifications"
2023-01-22 22:07:16.218 &amp#27;[32m INFO&amp#27;[m &amp#27;[35m[@503 - main]&amp#27;[m &amp#27;[36mcom.shaft.tools.io.ReportManager&amp#27;[m : Successfully created attachment "API Request - JSON Body"
2023-01-22 22:07:16.219 &amp#27;[32m INFO&amp#27;[m &amp#27;[35m[@503 - main]&amp#27;[m &amp#27;[36mcom.shaft.tools.io.ReportManager&amp#27;[m : Successfully created attachment "API Response - JSON Body"
2023-01-22 22:07:16.221 &amp#27;[32m INFO&amp#27;[m &amp#27;[35m[@503 - main]&amp#27;[m &amp#27;[36mcom.shaft.tools.io.ReportManager&amp#27;[m : Successfully created attachment "SHAFT Engine Logs - Current Method log: InValid_Add_Payment_Policy_With_InValid_Token_TC"
]]></system-out>
  </testcase>
  <testcase name="InValid_Add_Payment_Policy_With_Missing_Token_TC[[Ljava.lang.Object;@49a7abbb](1)" classname="SteeringCompanyAPI_TestCases.Test_Policies_Cases" time="1.026">
    <system-out><![CDATA[2023-01-22 22:07:16.225 &amp#27;[32m INFO&amp#27;[m &amp#27;[35m[@534 - main]&amp#27;[m &amp#27;[36mcom.shaft.tools.io.ReportManager&amp#27;[m : 
################################################################################################################################################
Starting Execution:	"172 out of 83" test cases in the current suite
Test Method:		"SteeringCompanyAPI_TestCases.Test_Policies_Cases.InValid_Add_Payment_Policy_With_Missing_Token_TC"
Test Description:	"TC026 -Policy- Perform Add Payment Policy With Missing Token"
################################################################################################################################################
2023-01-22 22:07:16.225 &amp#27;[32m INFO&amp#27;[m &amp#27;[35m[@503 - main]&amp#27;[m &amp#27;[36mcom.shaft.tools.io.ReportManager&amp#27;[m : File Action "DoesFileExist" successfully performed. With the following test data "File Path: "SteeringCompanyAPI_TestData/SteeringCompanyAPI_TestData.xlsx"".
2023-01-22 22:07:16.247 &amp#27;[32m INFO&amp#27;[m &amp#27;[35m[@503 - main]&amp#27;[m &amp#27;[36mcom.shaft.tools.io.ReportManager&amp#27;[m : Successfully created attachment "Test Data - Excel"
2023-01-22 22:07:16.247 &amp#27;[32m INFO&amp#27;[m &amp#27;[35m[@503 - main]&amp#27;[m &amp#27;[36mcom.shaft.tools.io.ReportManager&amp#27;[m : File Action "DoesFileExist" successfully performed. With the following test data "File Path: "SteeringCompanyAPI_TestData/SteeringCompanyAPI_TestData.xlsx"".
2023-01-22 22:07:16.271 &amp#27;[32m INFO&amp#27;[m &amp#27;[35m[@503 - main]&amp#27;[m &amp#27;[36mcom.shaft.tools.io.ReportManager&amp#27;[m : Successfully created attachment "Test Data - Excel"
2023-01-22 22:07:16.272 &amp#27;[32m INFO&amp#27;[m &amp#27;[35m[@503 - main]&amp#27;[m &amp#27;[36mcom.shaft.tools.io.ReportManager&amp#27;[m : File Action "DoesFileExist" successfully performed. With the following test data "File Path: "SteeringCompanyAPI_TestData/SteeringCompanyAPI_TestData.xlsx"".
2023-01-22 22:07:16.297 &amp#27;[32m INFO&amp#27;[m &amp#27;[35m[@503 - main]&amp#27;[m &amp#27;[36mcom.shaft.tools.io.ReportManager&amp#27;[m : Successfully created attachment "Test Data - Excel"
2023-01-22 22:07:17.225 &amp#27;[32m INFO&amp#27;[m &amp#27;[35m[@503 - main]&amp#27;[m &amp#27;[36mcom.shaft.tools.io.ReportManager&amp#27;[m : Response status code: "401", status line: "HTTP/1.1 401 "
2023-01-22 22:07:17.240 &amp#27;[32m INFO&amp#27;[m &amp#27;[35m[@503 - main]&amp#27;[m &amp#27;[36mcom.shaft.tools.io.ReportManager&amp#27;[m : Successfully created attachment "API Request - Specifications"
2023-01-22 22:07:17.242 &amp#27;[32m INFO&amp#27;[m &amp#27;[35m[@503 - main]&amp#27;[m &amp#27;[36mcom.shaft.tools.io.ReportManager&amp#27;[m : Successfully created attachment "API Request - JSON Body"
2023-01-22 22:07:17.243 &amp#27;[32m INFO&amp#27;[m &amp#27;[35m[@503 - main]&amp#27;[m &amp#27;[36mcom.shaft.tools.io.ReportManager&amp#27;[m : Successfully created attachment "API Response - JSON Body"
2023-01-22 22:07:17.243 &amp#27;[32m INFO&amp#27;[m &amp#27;[35m[@503 - main]&amp#27;[m &amp#27;[36mcom.shaft.tools.io.ReportManager&amp#27;[m : File Action "DoesFileExist" successfully performed. With the following test data "File Path: "Schemas/InvalidTokenRequest_Unauthorized_schema.json"".
2023-01-22 22:07:17.244 &amp#27;[32m INFO&amp#27;[m &amp#27;[35m[@503 - main]&amp#27;[m &amp#27;[36mcom.shaft.tools.io.ReportManager&amp#27;[m : File Action "DoesFileExist" successfully performed. With the following test data "File Path: "src/test/resources/testDataFiles/Schemas/InvalidTokenRequest_Unauthorized_schema.json"".
2023-01-22 22:07:17.244 &amp#27;[32m INFO&amp#27;[m &amp#27;[35m[@503 - main]&amp#27;[m &amp#27;[36mcom.shaft.tools.io.ReportManager&amp#27;[m : File Action "GetAbsolutePath" successfully performed. With the following test data "Relative Folder Path: "src/test/resources/testDataFiles/Schemas/InvalidTokenRequest_Unauthorized_schema.json"".
2023-01-22 22:07:17.245 &amp#27;[32m INFO&amp#27;[m &amp#27;[35m[@503 - main]&amp#27;[m &amp#27;[36mcom.shaft.tools.io.ReportManager&amp#27;[m : File Action "DoesFileExist" successfully performed. With the following test data "File Path: "C:\eclipse-workspace\MyProjects\TASystemsAPIs\src\test\resources\testDataFiles\Schemas\InvalidTokenRequest_Unauthorized_schema.json"".
2023-01-22 22:07:17.246 &amp#27;[32m INFO&amp#27;[m &amp#27;[35m[@503 - main]&amp#27;[m &amp#27;[36mcom.shaft.tools.io.ReportManager&amp#27;[m : File Action "GetAbsolutePath" successfully performed. With the following test data "Relative Folder Path: "C:\eclipse-workspace\MyProjects\TASystemsAPIs\src\test\resources\testDataFiles\Schemas\InvalidTokenRequest_Unauthorized_schema.json"".
2023-01-22 22:07:17.246 &amp#27;[32m INFO&amp#27;[m &amp#27;[35m[@503 - main]&amp#27;[m &amp#27;[36mcom.shaft.tools.io.ReportManager&amp#27;[m : File Action "ReadFile" successfully performed. With the following test data "File Path: "C:\eclipse-workspace\MyProjects\TASystemsAPIs\src\test\resources\testDataFiles\Schemas\InvalidTokenRequest_Unauthorized_schema.json"".
2023-01-22 22:07:17.248 &amp#27;[32m INFO&amp#27;[m &amp#27;[35m[@503 - main]&amp#27;[m &amp#27;[36mcom.shaft.tools.io.ReportManager&amp#27;[m : Successfully created attachment "Validation Test Data - Expected JSON Value"
2023-01-22 22:07:17.248 &amp#27;[32m INFO&amp#27;[m &amp#27;[35m[@503 - main]&amp#27;[m &amp#27;[36mcom.shaft.tools.io.ReportManager&amp#27;[m : Successfully created attachment "Validation Test Data - Actual JSON Value"
2023-01-22 22:07:17.249 &amp#27;[32m INFO&amp#27;[m &amp#27;[35m[@503 - main]&amp#27;[m &amp#27;[36mcom.shaft.tools.io.ReportManager&amp#27;[m : Successfully created attachment "SHAFT Engine Logs - Current Method log: InValid_Add_Payment_Policy_With_Missing_Token_TC"
]]></system-out>
  </testcase>
  <testcase name="InValid_Add_Payment_Policy_With_Missing_Token_TC[[Ljava.lang.Object;@439b6a78](2)" classname="SteeringCompanyAPI_TestCases.Test_Policies_Cases" time="1.046">
    <system-out><![CDATA[2023-01-22 22:07:17.251 &amp#27;[32m INFO&amp#27;[m &amp#27;[35m[@534 - main]&amp#27;[m &amp#27;[36mcom.shaft.tools.io.ReportManager&amp#27;[m : 
################################################################################################################################################
Starting Execution:	"173 out of 83" test cases in the current suite
Test Method:		"SteeringCompanyAPI_TestCases.Test_Policies_Cases.InValid_Add_Payment_Policy_With_Missing_Token_TC"
Test Description:	"TC026 -Policy- Perform Add Payment Policy With Missing Token"
################################################################################################################################################
2023-01-22 22:07:17.251 &amp#27;[32m INFO&amp#27;[m &amp#27;[35m[@503 - main]&amp#27;[m &amp#27;[36mcom.shaft.tools.io.ReportManager&amp#27;[m : File Action "DoesFileExist" successfully performed. With the following test data "File Path: "SteeringCompanyAPI_TestData/SteeringCompanyAPI_TestData.xlsx"".
2023-01-22 22:07:17.283 &amp#27;[32m INFO&amp#27;[m &amp#27;[35m[@503 - main]&amp#27;[m &amp#27;[36mcom.shaft.tools.io.ReportManager&amp#27;[m : Successfully created attachment "Test Data - Excel"
2023-01-22 22:07:17.284 &amp#27;[32m INFO&amp#27;[m &amp#27;[35m[@503 - main]&amp#27;[m &amp#27;[36mcom.shaft.tools.io.ReportManager&amp#27;[m : File Action "DoesFileExist" successfully performed. With the following test data "File Path: "SteeringCompanyAPI_TestData/SteeringCompanyAPI_TestData.xlsx"".
2023-01-22 22:07:17.308 &amp#27;[32m INFO&amp#27;[m &amp#27;[35m[@503 - main]&amp#27;[m &amp#27;[36mcom.shaft.tools.io.ReportManager&amp#27;[m : Successfully created attachment "Test Data - Excel"
2023-01-22 22:07:17.308 &amp#27;[32m INFO&amp#27;[m &amp#27;[35m[@503 - main]&amp#27;[m &amp#27;[36mcom.shaft.tools.io.ReportManager&amp#27;[m : File Action "DoesFileExist" successfully performed. With the following test data "File Path: "SteeringCompanyAPI_TestData/SteeringCompanyAPI_TestData.xlsx"".
2023-01-22 22:07:17.328 &amp#27;[32m INFO&amp#27;[m &amp#27;[35m[@503 - main]&amp#27;[m &amp#27;[36mcom.shaft.tools.io.ReportManager&amp#27;[m : Successfully created attachment "Test Data - Excel"
2023-01-22 22:07:18.270 &amp#27;[32m INFO&amp#27;[m &amp#27;[35m[@503 - main]&amp#27;[m &amp#27;[36mcom.shaft.tools.io.ReportManager&amp#27;[m : Response status code: "401", status line: "HTTP/1.1 401 "
2023-01-22 22:07:18.286 &amp#27;[32m INFO&amp#27;[m &amp#27;[35m[@503 - main]&amp#27;[m &amp#27;[36mcom.shaft.tools.io.ReportManager&amp#27;[m : Successfully created attachment "API Request - Specifications"
2023-01-22 22:07:18.288 &amp#27;[32m INFO&amp#27;[m &amp#27;[35m[@503 - main]&amp#27;[m &amp#27;[36mcom.shaft.tools.io.ReportManager&amp#27;[m : Successfully created attachment "API Request - JSON Body"
2023-01-22 22:07:18.289 &amp#27;[32m INFO&amp#27;[m &amp#27;[35m[@503 - main]&amp#27;[m &amp#27;[36mcom.shaft.tools.io.ReportManager&amp#27;[m : Successfully created attachment "API Response - JSON Body"
2023-01-22 22:07:18.289 &amp#27;[32m INFO&amp#27;[m &amp#27;[35m[@503 - main]&amp#27;[m &amp#27;[36mcom.shaft.tools.io.ReportManager&amp#27;[m : File Action "DoesFileExist" successfully performed. With the following test data "File Path: "Schemas/InvalidTokenRequest_Unauthorized_schema.json"".
2023-01-22 22:07:18.290 &amp#27;[32m INFO&amp#27;[m &amp#27;[35m[@503 - main]&amp#27;[m &amp#27;[36mcom.shaft.tools.io.ReportManager&amp#27;[m : File Action "DoesFileExist" successfully performed. With the following test data "File Path: "src/test/resources/testDataFiles/Schemas/InvalidTokenRequest_Unauthorized_schema.json"".
2023-01-22 22:07:18.290 &amp#27;[32m INFO&amp#27;[m &amp#27;[35m[@503 - main]&amp#27;[m &amp#27;[36mcom.shaft.tools.io.ReportManager&amp#27;[m : File Action "GetAbsolutePath" successfully performed. With the following test data "Relative Folder Path: "src/test/resources/testDataFiles/Schemas/InvalidTokenRequest_Unauthorized_schema.json"".
2023-01-22 22:07:18.292 &amp#27;[32m INFO&amp#27;[m &amp#27;[35m[@503 - main]&amp#27;[m &amp#27;[36mcom.shaft.tools.io.ReportManager&amp#27;[m : File Action "DoesFileExist" successfully performed. With the following test data "File Path: "C:\eclipse-workspace\MyProjects\TASystemsAPIs\src\test\resources\testDataFiles\Schemas\InvalidTokenRequest_Unauthorized_schema.json"".
2023-01-22 22:07:18.292 &amp#27;[32m INFO&amp#27;[m &amp#27;[35m[@503 - main]&amp#27;[m &amp#27;[36mcom.shaft.tools.io.ReportManager&amp#27;[m : File Action "GetAbsolutePath" successfully performed. With the following test data "Relative Folder Path: "C:\eclipse-workspace\MyProjects\TASystemsAPIs\src\test\resources\testDataFiles\Schemas\InvalidTokenRequest_Unauthorized_schema.json"".
2023-01-22 22:07:18.292 &amp#27;[32m INFO&amp#27;[m &amp#27;[35m[@503 - main]&amp#27;[m &amp#27;[36mcom.shaft.tools.io.ReportManager&amp#27;[m : File Action "ReadFile" successfully performed. With the following test data "File Path: "C:\eclipse-workspace\MyProjects\TASystemsAPIs\src\test\resources\testDataFiles\Schemas\InvalidTokenRequest_Unauthorized_schema.json"".
2023-01-22 22:07:18.293 &amp#27;[32m INFO&amp#27;[m &amp#27;[35m[@503 - main]&amp#27;[m &amp#27;[36mcom.shaft.tools.io.ReportManager&amp#27;[m : Successfully created attachment "Validation Test Data - Expected JSON Value"
2023-01-22 22:07:18.294 &amp#27;[32m INFO&amp#27;[m &amp#27;[35m[@503 - main]&amp#27;[m &amp#27;[36mcom.shaft.tools.io.ReportManager&amp#27;[m : Successfully created attachment "Validation Test Data - Actual JSON Value"
2023-01-22 22:07:18.295 &amp#27;[32m INFO&amp#27;[m &amp#27;[35m[@503 - main]&amp#27;[m &amp#27;[36mcom.shaft.tools.io.ReportManager&amp#27;[m : Successfully created attachment "SHAFT Engine Logs - Current Method log: InValid_Add_Payment_Policy_With_Missing_Token_TC"
]]></system-out>
  </testcase>
  <testcase name="InValid_Add_Tax_Policy_With_Invalid_Token_TC[[Ljava.lang.Object;@76567d68](1)" classname="SteeringCompanyAPI_TestCases.Test_Policies_Cases" time="0.983">
    <system-out><![CDATA[2023-01-22 22:07:18.299 &amp#27;[32m INFO&amp#27;[m &amp#27;[35m[@534 - main]&amp#27;[m &amp#27;[36mcom.shaft.tools.io.ReportManager&amp#27;[m : 
################################################################################################################################################
Starting Execution:	"174 out of 83" test cases in the current suite
Test Method:		"SteeringCompanyAPI_TestCases.Test_Policies_Cases.InValid_Add_Tax_Policy_With_Invalid_Token_TC"
Test Description:	"TC023 -Policy- Perform Add Valid Tax Policy With Invalid/Expired Token"
################################################################################################################################################
2023-01-22 22:07:18.299 &amp#27;[32m INFO&amp#27;[m &amp#27;[35m[@503 - main]&amp#27;[m &amp#27;[36mcom.shaft.tools.io.ReportManager&amp#27;[m : File Action "DoesFileExist" successfully performed. With the following test data "File Path: "SteeringCompanyAPI_TestData/SteeringCompanyAPI_TestData.xlsx"".
2023-01-22 22:07:18.322 &amp#27;[32m INFO&amp#27;[m &amp#27;[35m[@503 - main]&amp#27;[m &amp#27;[36mcom.shaft.tools.io.ReportManager&amp#27;[m : Successfully created attachment "Test Data - Excel"
2023-01-22 22:07:18.323 &amp#27;[32m INFO&amp#27;[m &amp#27;[35m[@503 - main]&amp#27;[m &amp#27;[36mcom.shaft.tools.io.ReportManager&amp#27;[m : File Action "DoesFileExist" successfully performed. With the following test data "File Path: "SteeringCompanyAPI_TestData/SteeringCompanyAPI_TestData.xlsx"".
2023-01-22 22:07:18.344 &amp#27;[32m INFO&amp#27;[m &amp#27;[35m[@503 - main]&amp#27;[m &amp#27;[36mcom.shaft.tools.io.ReportManager&amp#27;[m : Successfully created attachment "Test Data - Excel"
2023-01-22 22:07:18.345 &amp#27;[32m INFO&amp#27;[m &amp#27;[35m[@503 - main]&amp#27;[m &amp#27;[36mcom.shaft.tools.io.ReportManager&amp#27;[m : File Action "DoesFileExist" successfully performed. With the following test data "File Path: "SteeringCompanyAPI_TestData/SteeringCompanyAPI_TestData.xlsx"".
2023-01-22 22:07:18.365 &amp#27;[32m INFO&amp#27;[m &amp#27;[35m[@503 - main]&amp#27;[m &amp#27;[36mcom.shaft.tools.io.ReportManager&amp#27;[m : Successfully created attachment "Test Data - Excel"
2023-01-22 22:07:19.275 &amp#27;[32m INFO&amp#27;[m &amp#27;[35m[@503 - main]&amp#27;[m &amp#27;[36mcom.shaft.tools.io.ReportManager&amp#27;[m : Response status code: "401", status line: "HTTP/1.1 401 "
2023-01-22 22:07:19.278 &amp#27;[32m INFO&amp#27;[m &amp#27;[35m[@503 - main]&amp#27;[m &amp#27;[36mcom.shaft.tools.io.ReportManager&amp#27;[m : Successfully created attachment "API Request - Specifications"
2023-01-22 22:07:19.279 &amp#27;[32m INFO&amp#27;[m &amp#27;[35m[@503 - main]&amp#27;[m &amp#27;[36mcom.shaft.tools.io.ReportManager&amp#27;[m : Successfully created attachment "API Request - JSON Body"
2023-01-22 22:07:19.279 &amp#27;[32m INFO&amp#27;[m &amp#27;[35m[@503 - main]&amp#27;[m &amp#27;[36mcom.shaft.tools.io.ReportManager&amp#27;[m : Successfully created attachment "API Response - JSON Body"
2023-01-22 22:07:19.280 &amp#27;[32m INFO&amp#27;[m &amp#27;[35m[@503 - main]&amp#27;[m &amp#27;[36mcom.shaft.tools.io.ReportManager&amp#27;[m : Successfully created attachment "SHAFT Engine Logs - Current Method log: InValid_Add_Tax_Policy_With_Invalid_Token_TC"
]]></system-out>
  </testcase>
  <testcase name="InValid_Add_Tax_Policy_With_Invalid_Token_TC[[Ljava.lang.Object;@51f614fd](2)" classname="SteeringCompanyAPI_TestCases.Test_Policies_Cases" time="0.924">
    <system-out><![CDATA[2023-01-22 22:07:19.283 &amp#27;[32m INFO&amp#27;[m &amp#27;[35m[@534 - main]&amp#27;[m &amp#27;[36mcom.shaft.tools.io.ReportManager&amp#27;[m : 
################################################################################################################################################
Starting Execution:	"175 out of 83" test cases in the current suite
Test Method:		"SteeringCompanyAPI_TestCases.Test_Policies_Cases.InValid_Add_Tax_Policy_With_Invalid_Token_TC"
Test Description:	"TC023 -Policy- Perform Add Valid Tax Policy With Invalid/Expired Token"
################################################################################################################################################
2023-01-22 22:07:19.283 &amp#27;[32m INFO&amp#27;[m &amp#27;[35m[@503 - main]&amp#27;[m &amp#27;[36mcom.shaft.tools.io.ReportManager&amp#27;[m : File Action "DoesFileExist" successfully performed. With the following test data "File Path: "SteeringCompanyAPI_TestData/SteeringCompanyAPI_TestData.xlsx"".
2023-01-22 22:07:19.306 &amp#27;[32m INFO&amp#27;[m &amp#27;[35m[@503 - main]&amp#27;[m &amp#27;[36mcom.shaft.tools.io.ReportManager&amp#27;[m : Successfully created attachment "Test Data - Excel"
2023-01-22 22:07:19.307 &amp#27;[32m INFO&amp#27;[m &amp#27;[35m[@503 - main]&amp#27;[m &amp#27;[36mcom.shaft.tools.io.ReportManager&amp#27;[m : File Action "DoesFileExist" successfully performed. With the following test data "File Path: "SteeringCompanyAPI_TestData/SteeringCompanyAPI_TestData.xlsx"".
2023-01-22 22:07:19.329 &amp#27;[32m INFO&amp#27;[m &amp#27;[35m[@503 - main]&amp#27;[m &amp#27;[36mcom.shaft.tools.io.ReportManager&amp#27;[m : Successfully created attachment "Test Data - Excel"
2023-01-22 22:07:19.329 &amp#27;[32m INFO&amp#27;[m &amp#27;[35m[@503 - main]&amp#27;[m &amp#27;[36mcom.shaft.tools.io.ReportManager&amp#27;[m : File Action "DoesFileExist" successfully performed. With the following test data "File Path: "SteeringCompanyAPI_TestData/SteeringCompanyAPI_TestData.xlsx"".
2023-01-22 22:07:19.351 &amp#27;[32m INFO&amp#27;[m &amp#27;[35m[@503 - main]&amp#27;[m &amp#27;[36mcom.shaft.tools.io.ReportManager&amp#27;[m : Successfully created attachment "Test Data - Excel"
2023-01-22 22:07:20.197 &amp#27;[32m INFO&amp#27;[m &amp#27;[35m[@503 - main]&amp#27;[m &amp#27;[36mcom.shaft.tools.io.ReportManager&amp#27;[m : Response status code: "401", status line: "HTTP/1.1 401 "
2023-01-22 22:07:20.201 &amp#27;[32m INFO&amp#27;[m &amp#27;[35m[@503 - main]&amp#27;[m &amp#27;[36mcom.shaft.tools.io.ReportManager&amp#27;[m : Successfully created attachment "API Request - Specifications"
2023-01-22 22:07:20.202 &amp#27;[32m INFO&amp#27;[m &amp#27;[35m[@503 - main]&amp#27;[m &amp#27;[36mcom.shaft.tools.io.ReportManager&amp#27;[m : Successfully created attachment "API Request - JSON Body"
2023-01-22 22:07:20.203 &amp#27;[32m INFO&amp#27;[m &amp#27;[35m[@503 - main]&amp#27;[m &amp#27;[36mcom.shaft.tools.io.ReportManager&amp#27;[m : Successfully created attachment "API Response - JSON Body"
2023-01-22 22:07:20.204 &amp#27;[32m INFO&amp#27;[m &amp#27;[35m[@503 - main]&amp#27;[m &amp#27;[36mcom.shaft.tools.io.ReportManager&amp#27;[m : Successfully created attachment "SHAFT Engine Logs - Current Method log: InValid_Add_Tax_Policy_With_Invalid_Token_TC"
]]></system-out>
  </testcase>
  <testcase name="InValid_Add_Tax_Policy_With_Missing_Token_TC[[Ljava.lang.Object;@5937130d](1)" classname="SteeringCompanyAPI_TestCases.Test_Policies_Cases" time="0.929">
    <system-out><![CDATA[2023-01-22 22:07:20.209 &amp#27;[32m INFO&amp#27;[m &amp#27;[35m[@534 - main]&amp#27;[m &amp#27;[36mcom.shaft.tools.io.ReportManager&amp#27;[m : 
################################################################################################################################################
Starting Execution:	"176 out of 83" test cases in the current suite
Test Method:		"SteeringCompanyAPI_TestCases.Test_Policies_Cases.InValid_Add_Tax_Policy_With_Missing_Token_TC"
Test Description:	"TC022 -Policy- Perform Add Valid Tax Policy With Missing Token"
################################################################################################################################################
2023-01-22 22:07:20.209 &amp#27;[32m INFO&amp#27;[m &amp#27;[35m[@503 - main]&amp#27;[m &amp#27;[36mcom.shaft.tools.io.ReportManager&amp#27;[m : File Action "DoesFileExist" successfully performed. With the following test data "File Path: "SteeringCompanyAPI_TestData/SteeringCompanyAPI_TestData.xlsx"".
2023-01-22 22:07:20.229 &amp#27;[32m INFO&amp#27;[m &amp#27;[35m[@503 - main]&amp#27;[m &amp#27;[36mcom.shaft.tools.io.ReportManager&amp#27;[m : Successfully created attachment "Test Data - Excel"
2023-01-22 22:07:20.230 &amp#27;[32m INFO&amp#27;[m &amp#27;[35m[@503 - main]&amp#27;[m &amp#27;[36mcom.shaft.tools.io.ReportManager&amp#27;[m : File Action "DoesFileExist" successfully performed. With the following test data "File Path: "SteeringCompanyAPI_TestData/SteeringCompanyAPI_TestData.xlsx"".
2023-01-22 22:07:20.251 &amp#27;[32m INFO&amp#27;[m &amp#27;[35m[@503 - main]&amp#27;[m &amp#27;[36mcom.shaft.tools.io.ReportManager&amp#27;[m : Successfully created attachment "Test Data - Excel"
2023-01-22 22:07:20.251 &amp#27;[32m INFO&amp#27;[m &amp#27;[35m[@503 - main]&amp#27;[m &amp#27;[36mcom.shaft.tools.io.ReportManager&amp#27;[m : File Action "DoesFileExist" successfully performed. With the following test data "File Path: "SteeringCompanyAPI_TestData/SteeringCompanyAPI_TestData.xlsx"".
2023-01-22 22:07:20.272 &amp#27;[32m INFO&amp#27;[m &amp#27;[35m[@503 - main]&amp#27;[m &amp#27;[36mcom.shaft.tools.io.ReportManager&amp#27;[m : Successfully created attachment "Test Data - Excel"
2023-01-22 22:07:21.118 &amp#27;[32m INFO&amp#27;[m &amp#27;[35m[@503 - main]&amp#27;[m &amp#27;[36mcom.shaft.tools.io.ReportManager&amp#27;[m : Response status code: "401", status line: "HTTP/1.1 401 "
2023-01-22 22:07:21.128 &amp#27;[32m INFO&amp#27;[m &amp#27;[35m[@503 - main]&amp#27;[m &amp#27;[36mcom.shaft.tools.io.ReportManager&amp#27;[m : Successfully created attachment "API Request - Specifications"
2023-01-22 22:07:21.130 &amp#27;[32m INFO&amp#27;[m &amp#27;[35m[@503 - main]&amp#27;[m &amp#27;[36mcom.shaft.tools.io.ReportManager&amp#27;[m : Successfully created attachment "API Request - JSON Body"
2023-01-22 22:07:21.131 &amp#27;[32m INFO&amp#27;[m &amp#27;[35m[@503 - main]&amp#27;[m &amp#27;[36mcom.shaft.tools.io.ReportManager&amp#27;[m : Successfully created attachment "API Response - JSON Body"
2023-01-22 22:07:21.132 &amp#27;[32m INFO&amp#27;[m &amp#27;[35m[@503 - main]&amp#27;[m &amp#27;[36mcom.shaft.tools.io.ReportManager&amp#27;[m : File Action "DoesFileExist" successfully performed. With the following test data "File Path: "Schemas/InvalidTokenRequest_Unauthorized_schema.json"".
2023-01-22 22:07:21.132 &amp#27;[32m INFO&amp#27;[m &amp#27;[35m[@503 - main]&amp#27;[m &amp#27;[36mcom.shaft.tools.io.ReportManager&amp#27;[m : File Action "DoesFileExist" successfully performed. With the following test data "File Path: "src/test/resources/testDataFiles/Schemas/InvalidTokenRequest_Unauthorized_schema.json"".
2023-01-22 22:07:21.132 &amp#27;[32m INFO&amp#27;[m &amp#27;[35m[@503 - main]&amp#27;[m &amp#27;[36mcom.shaft.tools.io.ReportManager&amp#27;[m : File Action "GetAbsolutePath" successfully performed. With the following test data "Relative Folder Path: "src/test/resources/testDataFiles/Schemas/InvalidTokenRequest_Unauthorized_schema.json"".
2023-01-22 22:07:21.133 &amp#27;[32m INFO&amp#27;[m &amp#27;[35m[@503 - main]&amp#27;[m &amp#27;[36mcom.shaft.tools.io.ReportManager&amp#27;[m : File Action "DoesFileExist" successfully performed. With the following test data "File Path: "C:\eclipse-workspace\MyProjects\TASystemsAPIs\src\test\resources\testDataFiles\Schemas\InvalidTokenRequest_Unauthorized_schema.json"".
2023-01-22 22:07:21.133 &amp#27;[32m INFO&amp#27;[m &amp#27;[35m[@503 - main]&amp#27;[m &amp#27;[36mcom.shaft.tools.io.ReportManager&amp#27;[m : File Action "GetAbsolutePath" successfully performed. With the following test data "Relative Folder Path: "C:\eclipse-workspace\MyProjects\TASystemsAPIs\src\test\resources\testDataFiles\Schemas\InvalidTokenRequest_Unauthorized_schema.json"".
2023-01-22 22:07:21.134 &amp#27;[32m INFO&amp#27;[m &amp#27;[35m[@503 - main]&amp#27;[m &amp#27;[36mcom.shaft.tools.io.ReportManager&amp#27;[m : File Action "ReadFile" successfully performed. With the following test data "File Path: "C:\eclipse-workspace\MyProjects\TASystemsAPIs\src\test\resources\testDataFiles\Schemas\InvalidTokenRequest_Unauthorized_schema.json"".
2023-01-22 22:07:21.135 &amp#27;[32m INFO&amp#27;[m &amp#27;[35m[@503 - main]&amp#27;[m &amp#27;[36mcom.shaft.tools.io.ReportManager&amp#27;[m : Successfully created attachment "Validation Test Data - Expected JSON Value"
2023-01-22 22:07:21.136 &amp#27;[32m INFO&amp#27;[m &amp#27;[35m[@503 - main]&amp#27;[m &amp#27;[36mcom.shaft.tools.io.ReportManager&amp#27;[m : Successfully created attachment "Validation Test Data - Actual JSON Value"
2023-01-22 22:07:21.136 &amp#27;[32m INFO&amp#27;[m &amp#27;[35m[@503 - main]&amp#27;[m &amp#27;[36mcom.shaft.tools.io.ReportManager&amp#27;[m : Successfully created attachment "SHAFT Engine Logs - Current Method log: InValid_Add_Tax_Policy_With_Missing_Token_TC"
]]></system-out>
  </testcase>
  <testcase name="InValid_Add_Tax_Policy_With_Missing_Token_TC[[Ljava.lang.Object;@fa33a6a](2)" classname="SteeringCompanyAPI_TestCases.Test_Policies_Cases" time="0.726">
    <system-out><![CDATA[2023-01-22 22:07:21.140 &amp#27;[32m INFO&amp#27;[m &amp#27;[35m[@534 - main]&amp#27;[m &amp#27;[36mcom.shaft.tools.io.ReportManager&amp#27;[m : 
################################################################################################################################################
Starting Execution:	"177 out of 83" test cases in the current suite
Test Method:		"SteeringCompanyAPI_TestCases.Test_Policies_Cases.InValid_Add_Tax_Policy_With_Missing_Token_TC"
Test Description:	"TC022 -Policy- Perform Add Valid Tax Policy With Missing Token"
################################################################################################################################################
2023-01-22 22:07:21.140 &amp#27;[32m INFO&amp#27;[m &amp#27;[35m[@503 - main]&amp#27;[m &amp#27;[36mcom.shaft.tools.io.ReportManager&amp#27;[m : File Action "DoesFileExist" successfully performed. With the following test data "File Path: "SteeringCompanyAPI_TestData/SteeringCompanyAPI_TestData.xlsx"".
2023-01-22 22:07:21.160 &amp#27;[32m INFO&amp#27;[m &amp#27;[35m[@503 - main]&amp#27;[m &amp#27;[36mcom.shaft.tools.io.ReportManager&amp#27;[m : Successfully created attachment "Test Data - Excel"
2023-01-22 22:07:21.161 &amp#27;[32m INFO&amp#27;[m &amp#27;[35m[@503 - main]&amp#27;[m &amp#27;[36mcom.shaft.tools.io.ReportManager&amp#27;[m : File Action "DoesFileExist" successfully performed. With the following test data "File Path: "SteeringCompanyAPI_TestData/SteeringCompanyAPI_TestData.xlsx"".
2023-01-22 22:07:21.191 &amp#27;[32m INFO&amp#27;[m &amp#27;[35m[@503 - main]&amp#27;[m &amp#27;[36mcom.shaft.tools.io.ReportManager&amp#27;[m : Successfully created attachment "Test Data - Excel"
2023-01-22 22:07:21.192 &amp#27;[32m INFO&amp#27;[m &amp#27;[35m[@503 - main]&amp#27;[m &amp#27;[36mcom.shaft.tools.io.ReportManager&amp#27;[m : File Action "DoesFileExist" successfully performed. With the following test data "File Path: "SteeringCompanyAPI_TestData/SteeringCompanyAPI_TestData.xlsx"".
2023-01-22 22:07:21.214 &amp#27;[32m INFO&amp#27;[m &amp#27;[35m[@503 - main]&amp#27;[m &amp#27;[36mcom.shaft.tools.io.ReportManager&amp#27;[m : Successfully created attachment "Test Data - Excel"
2023-01-22 22:07:21.842 &amp#27;[32m INFO&amp#27;[m &amp#27;[35m[@503 - main]&amp#27;[m &amp#27;[36mcom.shaft.tools.io.ReportManager&amp#27;[m : Response status code: "401", status line: "HTTP/1.1 401 "
2023-01-22 22:07:21.851 &amp#27;[32m INFO&amp#27;[m &amp#27;[35m[@503 - main]&amp#27;[m &amp#27;[36mcom.shaft.tools.io.ReportManager&amp#27;[m : Successfully created attachment "API Request - Specifications"
2023-01-22 22:07:21.852 &amp#27;[32m INFO&amp#27;[m &amp#27;[35m[@503 - main]&amp#27;[m &amp#27;[36mcom.shaft.tools.io.ReportManager&amp#27;[m : Successfully created attachment "API Request - JSON Body"
2023-01-22 22:07:21.853 &amp#27;[32m INFO&amp#27;[m &amp#27;[35m[@503 - main]&amp#27;[m &amp#27;[36mcom.shaft.tools.io.ReportManager&amp#27;[m : Successfully created attachment "API Response - JSON Body"
2023-01-22 22:07:21.854 &amp#27;[32m INFO&amp#27;[m &amp#27;[35m[@503 - main]&amp#27;[m &amp#27;[36mcom.shaft.tools.io.ReportManager&amp#27;[m : File Action "DoesFileExist" successfully performed. With the following test data "File Path: "Schemas/InvalidTokenRequest_Unauthorized_schema.json"".
2023-01-22 22:07:21.854 &amp#27;[32m INFO&amp#27;[m &amp#27;[35m[@503 - main]&amp#27;[m &amp#27;[36mcom.shaft.tools.io.ReportManager&amp#27;[m : File Action "DoesFileExist" successfully performed. With the following test data "File Path: "src/test/resources/testDataFiles/Schemas/InvalidTokenRequest_Unauthorized_schema.json"".
2023-01-22 22:07:21.854 &amp#27;[32m INFO&amp#27;[m &amp#27;[35m[@503 - main]&amp#27;[m &amp#27;[36mcom.shaft.tools.io.ReportManager&amp#27;[m : File Action "GetAbsolutePath" successfully performed. With the following test data "Relative Folder Path: "src/test/resources/testDataFiles/Schemas/InvalidTokenRequest_Unauthorized_schema.json"".
2023-01-22 22:07:21.858 &amp#27;[32m INFO&amp#27;[m &amp#27;[35m[@503 - main]&amp#27;[m &amp#27;[36mcom.shaft.tools.io.ReportManager&amp#27;[m : File Action "DoesFileExist" successfully performed. With the following test data "File Path: "C:\eclipse-workspace\MyProjects\TASystemsAPIs\src\test\resources\testDataFiles\Schemas\InvalidTokenRequest_Unauthorized_schema.json"".
2023-01-22 22:07:21.858 &amp#27;[32m INFO&amp#27;[m &amp#27;[35m[@503 - main]&amp#27;[m &amp#27;[36mcom.shaft.tools.io.ReportManager&amp#27;[m : File Action "GetAbsolutePath" successfully performed. With the following test data "Relative Folder Path: "C:\eclipse-workspace\MyProjects\TASystemsAPIs\src\test\resources\testDataFiles\Schemas\InvalidTokenRequest_Unauthorized_schema.json"".
2023-01-22 22:07:21.858 &amp#27;[32m INFO&amp#27;[m &amp#27;[35m[@503 - main]&amp#27;[m &amp#27;[36mcom.shaft.tools.io.ReportManager&amp#27;[m : File Action "ReadFile" successfully performed. With the following test data "File Path: "C:\eclipse-workspace\MyProjects\TASystemsAPIs\src\test\resources\testDataFiles\Schemas\InvalidTokenRequest_Unauthorized_schema.json"".
2023-01-22 22:07:21.860 &amp#27;[32m INFO&amp#27;[m &amp#27;[35m[@503 - main]&amp#27;[m &amp#27;[36mcom.shaft.tools.io.ReportManager&amp#27;[m : Successfully created attachment "Validation Test Data - Expected JSON Value"
2023-01-22 22:07:21.861 &amp#27;[32m INFO&amp#27;[m &amp#27;[35m[@503 - main]&amp#27;[m &amp#27;[36mcom.shaft.tools.io.ReportManager&amp#27;[m : Successfully created attachment "Validation Test Data - Actual JSON Value"
2023-01-22 22:07:21.862 &amp#27;[32m INFO&amp#27;[m &amp#27;[35m[@503 - main]&amp#27;[m &amp#27;[36mcom.shaft.tools.io.ReportManager&amp#27;[m : Successfully created attachment "SHAFT Engine Logs - Current Method log: InValid_Add_Tax_Policy_With_Missing_Token_TC"
]]></system-out>
  </testcase>
  <testcase name="InValid_Add_Usage_Policy_With_Invalid_Token_TC[[Ljava.lang.Object;@502c8b5b](1)" classname="SteeringCompanyAPI_TestCases.Test_Policies_Cases" time="0.902">
    <system-out><![CDATA[2023-01-22 22:07:21.866 &amp#27;[32m INFO&amp#27;[m &amp#27;[35m[@534 - main]&amp#27;[m &amp#27;[36mcom.shaft.tools.io.ReportManager&amp#27;[m : 
################################################################################################################################################
Starting Execution:	"178 out of 83" test cases in the current suite
Test Method:		"SteeringCompanyAPI_TestCases.Test_Policies_Cases.InValid_Add_Usage_Policy_With_Invalid_Token_TC"
Test Description:	"TC025 -Policy- Perform Add Usage Policy With Invalid/Expired Token"
################################################################################################################################################
2023-01-22 22:07:21.866 &amp#27;[32m INFO&amp#27;[m &amp#27;[35m[@503 - main]&amp#27;[m &amp#27;[36mcom.shaft.tools.io.ReportManager&amp#27;[m : File Action "DoesFileExist" successfully performed. With the following test data "File Path: "SteeringCompanyAPI_TestData/SteeringCompanyAPI_TestData.xlsx"".
2023-01-22 22:07:21.889 &amp#27;[32m INFO&amp#27;[m &amp#27;[35m[@503 - main]&amp#27;[m &amp#27;[36mcom.shaft.tools.io.ReportManager&amp#27;[m : Successfully created attachment "Test Data - Excel"
2023-01-22 22:07:21.889 &amp#27;[32m INFO&amp#27;[m &amp#27;[35m[@503 - main]&amp#27;[m &amp#27;[36mcom.shaft.tools.io.ReportManager&amp#27;[m : File Action "DoesFileExist" successfully performed. With the following test data "File Path: "SteeringCompanyAPI_TestData/SteeringCompanyAPI_TestData.xlsx"".
2023-01-22 22:07:21.910 &amp#27;[32m INFO&amp#27;[m &amp#27;[35m[@503 - main]&amp#27;[m &amp#27;[36mcom.shaft.tools.io.ReportManager&amp#27;[m : Successfully created attachment "Test Data - Excel"
2023-01-22 22:07:21.911 &amp#27;[32m INFO&amp#27;[m &amp#27;[35m[@503 - main]&amp#27;[m &amp#27;[36mcom.shaft.tools.io.ReportManager&amp#27;[m : File Action "DoesFileExist" successfully performed. With the following test data "File Path: "SteeringCompanyAPI_TestData/SteeringCompanyAPI_TestData.xlsx"".
2023-01-22 22:07:21.932 &amp#27;[32m INFO&amp#27;[m &amp#27;[35m[@503 - main]&amp#27;[m &amp#27;[36mcom.shaft.tools.io.ReportManager&amp#27;[m : Successfully created attachment "Test Data - Excel"
2023-01-22 22:07:22.758 &amp#27;[32m INFO&amp#27;[m &amp#27;[35m[@503 - main]&amp#27;[m &amp#27;[36mcom.shaft.tools.io.ReportManager&amp#27;[m : Response status code: "401", status line: "HTTP/1.1 401 "
2023-01-22 22:07:22.761 &amp#27;[32m INFO&amp#27;[m &amp#27;[35m[@503 - main]&amp#27;[m &amp#27;[36mcom.shaft.tools.io.ReportManager&amp#27;[m : Successfully created attachment "API Request - Specifications"
2023-01-22 22:07:22.763 &amp#27;[32m INFO&amp#27;[m &amp#27;[35m[@503 - main]&amp#27;[m &amp#27;[36mcom.shaft.tools.io.ReportManager&amp#27;[m : Successfully created attachment "API Request - JSON Body"
2023-01-22 22:07:22.763 &amp#27;[32m INFO&amp#27;[m &amp#27;[35m[@503 - main]&amp#27;[m &amp#27;[36mcom.shaft.tools.io.ReportManager&amp#27;[m : Successfully created attachment "API Response - JSON Body"
2023-01-22 22:07:22.766 &amp#27;[32m INFO&amp#27;[m &amp#27;[35m[@503 - main]&amp#27;[m &amp#27;[36mcom.shaft.tools.io.ReportManager&amp#27;[m : Successfully created attachment "SHAFT Engine Logs - Current Method log: InValid_Add_Usage_Policy_With_Invalid_Token_TC"
]]></system-out>
  </testcase>
  <testcase name="InValid_Add_Usage_Policy_With_Invalid_Token_TC[[Ljava.lang.Object;@1da3ef74](2)" classname="SteeringCompanyAPI_TestCases.Test_Policies_Cases" time="1.023">
    <system-out><![CDATA[2023-01-22 22:07:22.768 &amp#27;[32m INFO&amp#27;[m &amp#27;[35m[@534 - main]&amp#27;[m &amp#27;[36mcom.shaft.tools.io.ReportManager&amp#27;[m : 
################################################################################################################################################
Starting Execution:	"179 out of 83" test cases in the current suite
Test Method:		"SteeringCompanyAPI_TestCases.Test_Policies_Cases.InValid_Add_Usage_Policy_With_Invalid_Token_TC"
Test Description:	"TC025 -Policy- Perform Add Usage Policy With Invalid/Expired Token"
################################################################################################################################################
2023-01-22 22:07:22.768 &amp#27;[32m INFO&amp#27;[m &amp#27;[35m[@503 - main]&amp#27;[m &amp#27;[36mcom.shaft.tools.io.ReportManager&amp#27;[m : File Action "DoesFileExist" successfully performed. With the following test data "File Path: "SteeringCompanyAPI_TestData/SteeringCompanyAPI_TestData.xlsx"".
2023-01-22 22:07:22.798 &amp#27;[32m INFO&amp#27;[m &amp#27;[35m[@503 - main]&amp#27;[m &amp#27;[36mcom.shaft.tools.io.ReportManager&amp#27;[m : Successfully created attachment "Test Data - Excel"
2023-01-22 22:07:22.799 &amp#27;[32m INFO&amp#27;[m &amp#27;[35m[@503 - main]&amp#27;[m &amp#27;[36mcom.shaft.tools.io.ReportManager&amp#27;[m : File Action "DoesFileExist" successfully performed. With the following test data "File Path: "SteeringCompanyAPI_TestData/SteeringCompanyAPI_TestData.xlsx"".
2023-01-22 22:07:22.822 &amp#27;[32m INFO&amp#27;[m &amp#27;[35m[@503 - main]&amp#27;[m &amp#27;[36mcom.shaft.tools.io.ReportManager&amp#27;[m : Successfully created attachment "Test Data - Excel"
2023-01-22 22:07:22.822 &amp#27;[32m INFO&amp#27;[m &amp#27;[35m[@503 - main]&amp#27;[m &amp#27;[36mcom.shaft.tools.io.ReportManager&amp#27;[m : File Action "DoesFileExist" successfully performed. With the following test data "File Path: "SteeringCompanyAPI_TestData/SteeringCompanyAPI_TestData.xlsx"".
2023-01-22 22:07:22.844 &amp#27;[32m INFO&amp#27;[m &amp#27;[35m[@503 - main]&amp#27;[m &amp#27;[36mcom.shaft.tools.io.ReportManager&amp#27;[m : Successfully created attachment "Test Data - Excel"
2023-01-22 22:07:23.779 &amp#27;[32m INFO&amp#27;[m &amp#27;[35m[@503 - main]&amp#27;[m &amp#27;[36mcom.shaft.tools.io.ReportManager&amp#27;[m : Response status code: "401", status line: "HTTP/1.1 401 "
2023-01-22 22:07:23.782 &amp#27;[32m INFO&amp#27;[m &amp#27;[35m[@503 - main]&amp#27;[m &amp#27;[36mcom.shaft.tools.io.ReportManager&amp#27;[m : Successfully created attachment "API Request - Specifications"
2023-01-22 22:07:23.784 &amp#27;[32m INFO&amp#27;[m &amp#27;[35m[@503 - main]&amp#27;[m &amp#27;[36mcom.shaft.tools.io.ReportManager&amp#27;[m : Successfully created attachment "API Request - JSON Body"
2023-01-22 22:07:23.785 &amp#27;[32m INFO&amp#27;[m &amp#27;[35m[@503 - main]&amp#27;[m &amp#27;[36mcom.shaft.tools.io.ReportManager&amp#27;[m : Successfully created attachment "API Response - JSON Body"
2023-01-22 22:07:23.787 &amp#27;[32m INFO&amp#27;[m &amp#27;[35m[@503 - main]&amp#27;[m &amp#27;[36mcom.shaft.tools.io.ReportManager&amp#27;[m : Successfully created attachment "SHAFT Engine Logs - Current Method log: InValid_Add_Usage_Policy_With_Invalid_Token_TC"
]]></system-out>
  </testcase>
  <testcase name="InValid_Add_Usage_Policy_With_Missing_Token_TC[[Ljava.lang.Object;@625a21ac](1)" classname="SteeringCompanyAPI_TestCases.Test_Policies_Cases" time="0.849">
    <system-out><![CDATA[2023-01-22 22:07:23.793 &amp#27;[32m INFO&amp#27;[m &amp#27;[35m[@534 - main]&amp#27;[m &amp#27;[36mcom.shaft.tools.io.ReportManager&amp#27;[m : 
################################################################################################################################################
Starting Execution:	"180 out of 83" test cases in the current suite
Test Method:		"SteeringCompanyAPI_TestCases.Test_Policies_Cases.InValid_Add_Usage_Policy_With_Missing_Token_TC"
Test Description:	"TC024 -Policy- Perform Add Usage Policy With Missing Token"
################################################################################################################################################
2023-01-22 22:07:23.794 &amp#27;[32m INFO&amp#27;[m &amp#27;[35m[@503 - main]&amp#27;[m &amp#27;[36mcom.shaft.tools.io.ReportManager&amp#27;[m : File Action "DoesFileExist" successfully performed. With the following test data "File Path: "SteeringCompanyAPI_TestData/SteeringCompanyAPI_TestData.xlsx"".
2023-01-22 22:07:23.819 &amp#27;[32m INFO&amp#27;[m &amp#27;[35m[@503 - main]&amp#27;[m &amp#27;[36mcom.shaft.tools.io.ReportManager&amp#27;[m : Successfully created attachment "Test Data - Excel"
2023-01-22 22:07:23.819 &amp#27;[32m INFO&amp#27;[m &amp#27;[35m[@503 - main]&amp#27;[m &amp#27;[36mcom.shaft.tools.io.ReportManager&amp#27;[m : File Action "DoesFileExist" successfully performed. With the following test data "File Path: "SteeringCompanyAPI_TestData/SteeringCompanyAPI_TestData.xlsx"".
2023-01-22 22:07:23.841 &amp#27;[32m INFO&amp#27;[m &amp#27;[35m[@503 - main]&amp#27;[m &amp#27;[36mcom.shaft.tools.io.ReportManager&amp#27;[m : Successfully created attachment "Test Data - Excel"
2023-01-22 22:07:23.841 &amp#27;[32m INFO&amp#27;[m &amp#27;[35m[@503 - main]&amp#27;[m &amp#27;[36mcom.shaft.tools.io.ReportManager&amp#27;[m : File Action "DoesFileExist" successfully performed. With the following test data "File Path: "SteeringCompanyAPI_TestData/SteeringCompanyAPI_TestData.xlsx"".
2023-01-22 22:07:23.874 &amp#27;[32m INFO&amp#27;[m &amp#27;[35m[@503 - main]&amp#27;[m &amp#27;[36mcom.shaft.tools.io.ReportManager&amp#27;[m : Successfully created attachment "Test Data - Excel"
2023-01-22 22:07:24.598 &amp#27;[32m INFO&amp#27;[m &amp#27;[35m[@503 - main]&amp#27;[m &amp#27;[36mcom.shaft.tools.io.ReportManager&amp#27;[m : Response status code: "401", status line: "HTTP/1.1 401 "
2023-01-22 22:07:24.607 &amp#27;[32m INFO&amp#27;[m &amp#27;[35m[@503 - main]&amp#27;[m &amp#27;[36mcom.shaft.tools.io.ReportManager&amp#27;[m : Successfully created attachment "API Request - Specifications"
2023-01-22 22:07:24.608 &amp#27;[32m INFO&amp#27;[m &amp#27;[35m[@503 - main]&amp#27;[m &amp#27;[36mcom.shaft.tools.io.ReportManager&amp#27;[m : Successfully created attachment "API Request - JSON Body"
2023-01-22 22:07:24.633 &amp#27;[32m INFO&amp#27;[m &amp#27;[35m[@503 - main]&amp#27;[m &amp#27;[36mcom.shaft.tools.io.ReportManager&amp#27;[m : Successfully created attachment "API Response - JSON Body"
2023-01-22 22:07:24.634 &amp#27;[32m INFO&amp#27;[m &amp#27;[35m[@503 - main]&amp#27;[m &amp#27;[36mcom.shaft.tools.io.ReportManager&amp#27;[m : File Action "DoesFileExist" successfully performed. With the following test data "File Path: "Schemas/InvalidTokenRequest_Unauthorized_schema.json"".
2023-01-22 22:07:24.634 &amp#27;[32m INFO&amp#27;[m &amp#27;[35m[@503 - main]&amp#27;[m &amp#27;[36mcom.shaft.tools.io.ReportManager&amp#27;[m : File Action "DoesFileExist" successfully performed. With the following test data "File Path: "src/test/resources/testDataFiles/Schemas/InvalidTokenRequest_Unauthorized_schema.json"".
2023-01-22 22:07:24.634 &amp#27;[32m INFO&amp#27;[m &amp#27;[35m[@503 - main]&amp#27;[m &amp#27;[36mcom.shaft.tools.io.ReportManager&amp#27;[m : File Action "GetAbsolutePath" successfully performed. With the following test data "Relative Folder Path: "src/test/resources/testDataFiles/Schemas/InvalidTokenRequest_Unauthorized_schema.json"".
2023-01-22 22:07:24.636 &amp#27;[32m INFO&amp#27;[m &amp#27;[35m[@503 - main]&amp#27;[m &amp#27;[36mcom.shaft.tools.io.ReportManager&amp#27;[m : File Action "DoesFileExist" successfully performed. With the following test data "File Path: "C:\eclipse-workspace\MyProjects\TASystemsAPIs\src\test\resources\testDataFiles\Schemas\InvalidTokenRequest_Unauthorized_schema.json"".
2023-01-22 22:07:24.636 &amp#27;[32m INFO&amp#27;[m &amp#27;[35m[@503 - main]&amp#27;[m &amp#27;[36mcom.shaft.tools.io.ReportManager&amp#27;[m : File Action "GetAbsolutePath" successfully performed. With the following test data "Relative Folder Path: "C:\eclipse-workspace\MyProjects\TASystemsAPIs\src\test\resources\testDataFiles\Schemas\InvalidTokenRequest_Unauthorized_schema.json"".
2023-01-22 22:07:24.636 &amp#27;[32m INFO&amp#27;[m &amp#27;[35m[@503 - main]&amp#27;[m &amp#27;[36mcom.shaft.tools.io.ReportManager&amp#27;[m : File Action "ReadFile" successfully performed. With the following test data "File Path: "C:\eclipse-workspace\MyProjects\TASystemsAPIs\src\test\resources\testDataFiles\Schemas\InvalidTokenRequest_Unauthorized_schema.json"".
2023-01-22 22:07:24.637 &amp#27;[32m INFO&amp#27;[m &amp#27;[35m[@503 - main]&amp#27;[m &amp#27;[36mcom.shaft.tools.io.ReportManager&amp#27;[m : Successfully created attachment "Validation Test Data - Expected JSON Value"
2023-01-22 22:07:24.638 &amp#27;[32m INFO&amp#27;[m &amp#27;[35m[@503 - main]&amp#27;[m &amp#27;[36mcom.shaft.tools.io.ReportManager&amp#27;[m : Successfully created attachment "Validation Test Data - Actual JSON Value"
2023-01-22 22:07:24.639 &amp#27;[32m INFO&amp#27;[m &amp#27;[35m[@503 - main]&amp#27;[m &amp#27;[36mcom.shaft.tools.io.ReportManager&amp#27;[m : Successfully created attachment "SHAFT Engine Logs - Current Method log: InValid_Add_Usage_Policy_With_Missing_Token_TC"
]]></system-out>
  </testcase>
  <testcase name="InValid_Add_Usage_Policy_With_Missing_Token_TC[[Ljava.lang.Object;@30f9a63b](2)" classname="SteeringCompanyAPI_TestCases.Test_Policies_Cases" time="1.121">
    <system-out><![CDATA[2023-01-22 22:07:24.641 &amp#27;[32m INFO&amp#27;[m &amp#27;[35m[@534 - main]&amp#27;[m &amp#27;[36mcom.shaft.tools.io.ReportManager&amp#27;[m : 
################################################################################################################################################
Starting Execution:	"181 out of 83" test cases in the current suite
Test Method:		"SteeringCompanyAPI_TestCases.Test_Policies_Cases.InValid_Add_Usage_Policy_With_Missing_Token_TC"
Test Description:	"TC024 -Policy- Perform Add Usage Policy With Missing Token"
################################################################################################################################################
2023-01-22 22:07:24.642 &amp#27;[32m INFO&amp#27;[m &amp#27;[35m[@503 - main]&amp#27;[m &amp#27;[36mcom.shaft.tools.io.ReportManager&amp#27;[m : File Action "DoesFileExist" successfully performed. With the following test data "File Path: "SteeringCompanyAPI_TestData/SteeringCompanyAPI_TestData.xlsx"".
2023-01-22 22:07:24.664 &amp#27;[32m INFO&amp#27;[m &amp#27;[35m[@503 - main]&amp#27;[m &amp#27;[36mcom.shaft.tools.io.ReportManager&amp#27;[m : Successfully created attachment "Test Data - Excel"
2023-01-22 22:07:24.664 &amp#27;[32m INFO&amp#27;[m &amp#27;[35m[@503 - main]&amp#27;[m &amp#27;[36mcom.shaft.tools.io.ReportManager&amp#27;[m : File Action "DoesFileExist" successfully performed. With the following test data "File Path: "SteeringCompanyAPI_TestData/SteeringCompanyAPI_TestData.xlsx"".
2023-01-22 22:07:24.684 &amp#27;[32m INFO&amp#27;[m &amp#27;[35m[@503 - main]&amp#27;[m &amp#27;[36mcom.shaft.tools.io.ReportManager&amp#27;[m : Successfully created attachment "Test Data - Excel"
2023-01-22 22:07:24.685 &amp#27;[32m INFO&amp#27;[m &amp#27;[35m[@503 - main]&amp#27;[m &amp#27;[36mcom.shaft.tools.io.ReportManager&amp#27;[m : File Action "DoesFileExist" successfully performed. With the following test data "File Path: "SteeringCompanyAPI_TestData/SteeringCompanyAPI_TestData.xlsx"".
2023-01-22 22:07:24.704 &amp#27;[32m INFO&amp#27;[m &amp#27;[35m[@503 - main]&amp#27;[m &amp#27;[36mcom.shaft.tools.io.ReportManager&amp#27;[m : Successfully created attachment "Test Data - Excel"
2023-01-22 22:07:25.734 &amp#27;[32m INFO&amp#27;[m &amp#27;[35m[@503 - main]&amp#27;[m &amp#27;[36mcom.shaft.tools.io.ReportManager&amp#27;[m : Response status code: "401", status line: "HTTP/1.1 401 "
2023-01-22 22:07:25.751 &amp#27;[32m INFO&amp#27;[m &amp#27;[35m[@503 - main]&amp#27;[m &amp#27;[36mcom.shaft.tools.io.ReportManager&amp#27;[m : Successfully created attachment "API Request - Specifications"
2023-01-22 22:07:25.752 &amp#27;[32m INFO&amp#27;[m &amp#27;[35m[@503 - main]&amp#27;[m &amp#27;[36mcom.shaft.tools.io.ReportManager&amp#27;[m : Successfully created attachment "API Request - JSON Body"
2023-01-22 22:07:25.753 &amp#27;[32m INFO&amp#27;[m &amp#27;[35m[@503 - main]&amp#27;[m &amp#27;[36mcom.shaft.tools.io.ReportManager&amp#27;[m : Successfully created attachment "API Response - JSON Body"
2023-01-22 22:07:25.753 &amp#27;[32m INFO&amp#27;[m &amp#27;[35m[@503 - main]&amp#27;[m &amp#27;[36mcom.shaft.tools.io.ReportManager&amp#27;[m : File Action "DoesFileExist" successfully performed. With the following test data "File Path: "Schemas/InvalidTokenRequest_Unauthorized_schema.json"".
2023-01-22 22:07:25.753 &amp#27;[32m INFO&amp#27;[m &amp#27;[35m[@503 - main]&amp#27;[m &amp#27;[36mcom.shaft.tools.io.ReportManager&amp#27;[m : File Action "DoesFileExist" successfully performed. With the following test data "File Path: "src/test/resources/testDataFiles/Schemas/InvalidTokenRequest_Unauthorized_schema.json"".
2023-01-22 22:07:25.753 &amp#27;[32m INFO&amp#27;[m &amp#27;[35m[@503 - main]&amp#27;[m &amp#27;[36mcom.shaft.tools.io.ReportManager&amp#27;[m : File Action "GetAbsolutePath" successfully performed. With the following test data "Relative Folder Path: "src/test/resources/testDataFiles/Schemas/InvalidTokenRequest_Unauthorized_schema.json"".
2023-01-22 22:07:25.755 &amp#27;[32m INFO&amp#27;[m &amp#27;[35m[@503 - main]&amp#27;[m &amp#27;[36mcom.shaft.tools.io.ReportManager&amp#27;[m : File Action "DoesFileExist" successfully performed. With the following test data "File Path: "C:\eclipse-workspace\MyProjects\TASystemsAPIs\src\test\resources\testDataFiles\Schemas\InvalidTokenRequest_Unauthorized_schema.json"".
2023-01-22 22:07:25.755 &amp#27;[32m INFO&amp#27;[m &amp#27;[35m[@503 - main]&amp#27;[m &amp#27;[36mcom.shaft.tools.io.ReportManager&amp#27;[m : File Action "GetAbsolutePath" successfully performed. With the following test data "Relative Folder Path: "C:\eclipse-workspace\MyProjects\TASystemsAPIs\src\test\resources\testDataFiles\Schemas\InvalidTokenRequest_Unauthorized_schema.json"".
2023-01-22 22:07:25.756 &amp#27;[32m INFO&amp#27;[m &amp#27;[35m[@503 - main]&amp#27;[m &amp#27;[36mcom.shaft.tools.io.ReportManager&amp#27;[m : File Action "ReadFile" successfully performed. With the following test data "File Path: "C:\eclipse-workspace\MyProjects\TASystemsAPIs\src\test\resources\testDataFiles\Schemas\InvalidTokenRequest_Unauthorized_schema.json"".
2023-01-22 22:07:25.757 &amp#27;[32m INFO&amp#27;[m &amp#27;[35m[@503 - main]&amp#27;[m &amp#27;[36mcom.shaft.tools.io.ReportManager&amp#27;[m : Successfully created attachment "Validation Test Data - Expected JSON Value"
2023-01-22 22:07:25.759 &amp#27;[32m INFO&amp#27;[m &amp#27;[35m[@503 - main]&amp#27;[m &amp#27;[36mcom.shaft.tools.io.ReportManager&amp#27;[m : Successfully created attachment "Validation Test Data - Actual JSON Value"
2023-01-22 22:07:25.760 &amp#27;[32m INFO&amp#27;[m &amp#27;[35m[@503 - main]&amp#27;[m &amp#27;[36mcom.shaft.tools.io.ReportManager&amp#27;[m : Successfully created attachment "SHAFT Engine Logs - Current Method log: InValid_Add_Usage_Policy_With_Missing_Token_TC"
]]></system-out>
  </testcase>
  <testcase name="InValid_Get_Cancel_Policy_With_InValid_Token_TC[[Ljava.lang.Object;@46d2c993](1)" classname="SteeringCompanyAPI_TestCases.Test_Policies_Cases" time="1.095">
    <system-out><![CDATA[2023-01-22 22:07:25.768 &amp#27;[32m INFO&amp#27;[m &amp#27;[35m[@534 - main]&amp#27;[m &amp#27;[36mcom.shaft.tools.io.ReportManager&amp#27;[m : 
################################################################################################################################################
Starting Execution:	"182 out of 83" test cases in the current suite
Test Method:		"SteeringCompanyAPI_TestCases.Test_Policies_Cases.InValid_Get_Cancel_Policy_With_InValid_Token_TC"
Test Description:	"TC041 -Policy- Perform Get Cancel Policy With InValid/Expired Token"
################################################################################################################################################
2023-01-22 22:07:25.768 &amp#27;[32m INFO&amp#27;[m &amp#27;[35m[@503 - main]&amp#27;[m &amp#27;[36mcom.shaft.tools.io.ReportManager&amp#27;[m : File Action "DoesFileExist" successfully performed. With the following test data "File Path: "SteeringCompanyAPI_TestData/SteeringCompanyAPI_TestData.xlsx"".
2023-01-22 22:07:25.825 &amp#27;[32m INFO&amp#27;[m &amp#27;[35m[@503 - main]&amp#27;[m &amp#27;[36mcom.shaft.tools.io.ReportManager&amp#27;[m : Successfully created attachment "Test Data - Excel"
2023-01-22 22:07:25.825 &amp#27;[32m INFO&amp#27;[m &amp#27;[35m[@503 - main]&amp#27;[m &amp#27;[36mcom.shaft.tools.io.ReportManager&amp#27;[m : File Action "DoesFileExist" successfully performed. With the following test data "File Path: "SteeringCompanyAPI_TestData/SteeringCompanyAPI_TestData.xlsx"".
2023-01-22 22:07:25.846 &amp#27;[32m INFO&amp#27;[m &amp#27;[35m[@503 - main]&amp#27;[m &amp#27;[36mcom.shaft.tools.io.ReportManager&amp#27;[m : Successfully created attachment "Test Data - Excel"
2023-01-22 22:07:25.846 &amp#27;[32m INFO&amp#27;[m &amp#27;[35m[@503 - main]&amp#27;[m &amp#27;[36mcom.shaft.tools.io.ReportManager&amp#27;[m : File Action "DoesFileExist" successfully performed. With the following test data "File Path: "SteeringCompanyAPI_TestData/SteeringCompanyAPI_TestData.xlsx"".
2023-01-22 22:07:25.870 &amp#27;[32m INFO&amp#27;[m &amp#27;[35m[@503 - main]&amp#27;[m &amp#27;[36mcom.shaft.tools.io.ReportManager&amp#27;[m : Successfully created attachment "Test Data - Excel"
2023-01-22 22:07:26.854 &amp#27;[32m INFO&amp#27;[m &amp#27;[35m[@503 - main]&amp#27;[m &amp#27;[36mcom.shaft.tools.io.ReportManager&amp#27;[m : Response status code: "401", status line: "HTTP/1.1 401 "
2023-01-22 22:07:26.858 &amp#27;[32m INFO&amp#27;[m &amp#27;[35m[@503 - main]&amp#27;[m &amp#27;[36mcom.shaft.tools.io.ReportManager&amp#27;[m : Successfully created attachment "API Request - Specifications"
2023-01-22 22:07:26.859 &amp#27;[32m INFO&amp#27;[m &amp#27;[35m[@503 - main]&amp#27;[m &amp#27;[36mcom.shaft.tools.io.ReportManager&amp#27;[m : Successfully created attachment "API Response - JSON Body"
2023-01-22 22:07:26.861 &amp#27;[32m INFO&amp#27;[m &amp#27;[35m[@503 - main]&amp#27;[m &amp#27;[36mcom.shaft.tools.io.ReportManager&amp#27;[m : Successfully created attachment "SHAFT Engine Logs - Current Method log: InValid_Get_Cancel_Policy_With_InValid_Token_TC"
]]></system-out>
  </testcase>
  <testcase name="InValid_Get_Cancel_Policy_With_InValid_Token_TC[[Ljava.lang.Object;@1b5c7b81](2)" classname="SteeringCompanyAPI_TestCases.Test_Policies_Cases" time="1.025">
    <system-out><![CDATA[2023-01-22 22:07:26.864 &amp#27;[32m INFO&amp#27;[m &amp#27;[35m[@534 - main]&amp#27;[m &amp#27;[36mcom.shaft.tools.io.ReportManager&amp#27;[m : 
################################################################################################################################################
Starting Execution:	"183 out of 83" test cases in the current suite
Test Method:		"SteeringCompanyAPI_TestCases.Test_Policies_Cases.InValid_Get_Cancel_Policy_With_InValid_Token_TC"
Test Description:	"TC041 -Policy- Perform Get Cancel Policy With InValid/Expired Token"
################################################################################################################################################
2023-01-22 22:07:26.864 &amp#27;[32m INFO&amp#27;[m &amp#27;[35m[@503 - main]&amp#27;[m &amp#27;[36mcom.shaft.tools.io.ReportManager&amp#27;[m : File Action "DoesFileExist" successfully performed. With the following test data "File Path: "SteeringCompanyAPI_TestData/SteeringCompanyAPI_TestData.xlsx"".
2023-01-22 22:07:26.885 &amp#27;[32m INFO&amp#27;[m &amp#27;[35m[@503 - main]&amp#27;[m &amp#27;[36mcom.shaft.tools.io.ReportManager&amp#27;[m : Successfully created attachment "Test Data - Excel"
2023-01-22 22:07:26.885 &amp#27;[32m INFO&amp#27;[m &amp#27;[35m[@503 - main]&amp#27;[m &amp#27;[36mcom.shaft.tools.io.ReportManager&amp#27;[m : File Action "DoesFileExist" successfully performed. With the following test data "File Path: "SteeringCompanyAPI_TestData/SteeringCompanyAPI_TestData.xlsx"".
2023-01-22 22:07:26.908 &amp#27;[32m INFO&amp#27;[m &amp#27;[35m[@503 - main]&amp#27;[m &amp#27;[36mcom.shaft.tools.io.ReportManager&amp#27;[m : Successfully created attachment "Test Data - Excel"
2023-01-22 22:07:26.909 &amp#27;[32m INFO&amp#27;[m &amp#27;[35m[@503 - main]&amp#27;[m &amp#27;[36mcom.shaft.tools.io.ReportManager&amp#27;[m : File Action "DoesFileExist" successfully performed. With the following test data "File Path: "SteeringCompanyAPI_TestData/SteeringCompanyAPI_TestData.xlsx"".
2023-01-22 22:07:26.930 &amp#27;[32m INFO&amp#27;[m &amp#27;[35m[@503 - main]&amp#27;[m &amp#27;[36mcom.shaft.tools.io.ReportManager&amp#27;[m : Successfully created attachment "Test Data - Excel"
2023-01-22 22:07:27.879 &amp#27;[32m INFO&amp#27;[m &amp#27;[35m[@503 - main]&amp#27;[m &amp#27;[36mcom.shaft.tools.io.ReportManager&amp#27;[m : Response status code: "401", status line: "HTTP/1.1 401 "
2023-01-22 22:07:27.881 &amp#27;[32m INFO&amp#27;[m &amp#27;[35m[@503 - main]&amp#27;[m &amp#27;[36mcom.shaft.tools.io.ReportManager&amp#27;[m : Successfully created attachment "API Request - Specifications"
2023-01-22 22:07:27.883 &amp#27;[32m INFO&amp#27;[m &amp#27;[35m[@503 - main]&amp#27;[m &amp#27;[36mcom.shaft.tools.io.ReportManager&amp#27;[m : Successfully created attachment "API Response - JSON Body"
2023-01-22 22:07:27.885 &amp#27;[32m INFO&amp#27;[m &amp#27;[35m[@503 - main]&amp#27;[m &amp#27;[36mcom.shaft.tools.io.ReportManager&amp#27;[m : Successfully created attachment "SHAFT Engine Logs - Current Method log: InValid_Get_Cancel_Policy_With_InValid_Token_TC"
]]></system-out>
  </testcase>
  <testcase name="InValid_Get_Cancel_Policy_With_Missing_Token_TC[[Ljava.lang.Object;@28e4576e](1)" classname="SteeringCompanyAPI_TestCases.Test_Policies_Cases" time="0.924">
    <system-out><![CDATA[2023-01-22 22:07:27.892 &amp#27;[32m INFO&amp#27;[m &amp#27;[35m[@534 - main]&amp#27;[m &amp#27;[36mcom.shaft.tools.io.ReportManager&amp#27;[m : 
################################################################################################################################################
Starting Execution:	"184 out of 83" test cases in the current suite
Test Method:		"SteeringCompanyAPI_TestCases.Test_Policies_Cases.InValid_Get_Cancel_Policy_With_Missing_Token_TC"
Test Description:	"TC040 -Policy- Perform Get Cancel Policy With Missing Token"
################################################################################################################################################
2023-01-22 22:07:27.892 &amp#27;[32m INFO&amp#27;[m &amp#27;[35m[@503 - main]&amp#27;[m &amp#27;[36mcom.shaft.tools.io.ReportManager&amp#27;[m : File Action "DoesFileExist" successfully performed. With the following test data "File Path: "SteeringCompanyAPI_TestData/SteeringCompanyAPI_TestData.xlsx"".
2023-01-22 22:07:27.915 &amp#27;[32m INFO&amp#27;[m &amp#27;[35m[@503 - main]&amp#27;[m &amp#27;[36mcom.shaft.tools.io.ReportManager&amp#27;[m : Successfully created attachment "Test Data - Excel"
2023-01-22 22:07:27.915 &amp#27;[32m INFO&amp#27;[m &amp#27;[35m[@503 - main]&amp#27;[m &amp#27;[36mcom.shaft.tools.io.ReportManager&amp#27;[m : File Action "DoesFileExist" successfully performed. With the following test data "File Path: "SteeringCompanyAPI_TestData/SteeringCompanyAPI_TestData.xlsx"".
2023-01-22 22:07:27.957 &amp#27;[32m INFO&amp#27;[m &amp#27;[35m[@503 - main]&amp#27;[m &amp#27;[36mcom.shaft.tools.io.ReportManager&amp#27;[m : Successfully created attachment "Test Data - Excel"
2023-01-22 22:07:27.958 &amp#27;[32m INFO&amp#27;[m &amp#27;[35m[@503 - main]&amp#27;[m &amp#27;[36mcom.shaft.tools.io.ReportManager&amp#27;[m : File Action "DoesFileExist" successfully performed. With the following test data "File Path: "SteeringCompanyAPI_TestData/SteeringCompanyAPI_TestData.xlsx"".
2023-01-22 22:07:27.980 &amp#27;[32m INFO&amp#27;[m &amp#27;[35m[@503 - main]&amp#27;[m &amp#27;[36mcom.shaft.tools.io.ReportManager&amp#27;[m : Successfully created attachment "Test Data - Excel"
2023-01-22 22:07:28.799 &amp#27;[32m INFO&amp#27;[m &amp#27;[35m[@503 - main]&amp#27;[m &amp#27;[36mcom.shaft.tools.io.ReportManager&amp#27;[m : Response status code: "401", status line: "HTTP/1.1 401 "
2023-01-22 22:07:28.807 &amp#27;[32m INFO&amp#27;[m &amp#27;[35m[@503 - main]&amp#27;[m &amp#27;[36mcom.shaft.tools.io.ReportManager&amp#27;[m : Successfully created attachment "API Request - Specifications"
2023-01-22 22:07:28.808 &amp#27;[32m INFO&amp#27;[m &amp#27;[35m[@503 - main]&amp#27;[m &amp#27;[36mcom.shaft.tools.io.ReportManager&amp#27;[m : Successfully created attachment "API Response - JSON Body"
2023-01-22 22:07:28.808 &amp#27;[32m INFO&amp#27;[m &amp#27;[35m[@503 - main]&amp#27;[m &amp#27;[36mcom.shaft.tools.io.ReportManager&amp#27;[m : File Action "DoesFileExist" successfully performed. With the following test data "File Path: "Schemas/InvalidTokenRequest_Unauthorized_schema.json"".
2023-01-22 22:07:28.808 &amp#27;[32m INFO&amp#27;[m &amp#27;[35m[@503 - main]&amp#27;[m &amp#27;[36mcom.shaft.tools.io.ReportManager&amp#27;[m : File Action "DoesFileExist" successfully performed. With the following test data "File Path: "src/test/resources/testDataFiles/Schemas/InvalidTokenRequest_Unauthorized_schema.json"".
2023-01-22 22:07:28.809 &amp#27;[32m INFO&amp#27;[m &amp#27;[35m[@503 - main]&amp#27;[m &amp#27;[36mcom.shaft.tools.io.ReportManager&amp#27;[m : File Action "GetAbsolutePath" successfully performed. With the following test data "Relative Folder Path: "src/test/resources/testDataFiles/Schemas/InvalidTokenRequest_Unauthorized_schema.json"".
2023-01-22 22:07:28.810 &amp#27;[32m INFO&amp#27;[m &amp#27;[35m[@503 - main]&amp#27;[m &amp#27;[36mcom.shaft.tools.io.ReportManager&amp#27;[m : File Action "DoesFileExist" successfully performed. With the following test data "File Path: "C:\eclipse-workspace\MyProjects\TASystemsAPIs\src\test\resources\testDataFiles\Schemas\InvalidTokenRequest_Unauthorized_schema.json"".
2023-01-22 22:07:28.810 &amp#27;[32m INFO&amp#27;[m &amp#27;[35m[@503 - main]&amp#27;[m &amp#27;[36mcom.shaft.tools.io.ReportManager&amp#27;[m : File Action "GetAbsolutePath" successfully performed. With the following test data "Relative Folder Path: "C:\eclipse-workspace\MyProjects\TASystemsAPIs\src\test\resources\testDataFiles\Schemas\InvalidTokenRequest_Unauthorized_schema.json"".
2023-01-22 22:07:28.810 &amp#27;[32m INFO&amp#27;[m &amp#27;[35m[@503 - main]&amp#27;[m &amp#27;[36mcom.shaft.tools.io.ReportManager&amp#27;[m : File Action "ReadFile" successfully performed. With the following test data "File Path: "C:\eclipse-workspace\MyProjects\TASystemsAPIs\src\test\resources\testDataFiles\Schemas\InvalidTokenRequest_Unauthorized_schema.json"".
2023-01-22 22:07:28.811 &amp#27;[32m INFO&amp#27;[m &amp#27;[35m[@503 - main]&amp#27;[m &amp#27;[36mcom.shaft.tools.io.ReportManager&amp#27;[m : Successfully created attachment "Validation Test Data - Expected JSON Value"
2023-01-22 22:07:28.812 &amp#27;[32m INFO&amp#27;[m &amp#27;[35m[@503 - main]&amp#27;[m &amp#27;[36mcom.shaft.tools.io.ReportManager&amp#27;[m : Successfully created attachment "Validation Test Data - Actual JSON Value"
2023-01-22 22:07:28.813 &amp#27;[32m INFO&amp#27;[m &amp#27;[35m[@503 - main]&amp#27;[m &amp#27;[36mcom.shaft.tools.io.ReportManager&amp#27;[m : Successfully created attachment "SHAFT Engine Logs - Current Method log: InValid_Get_Cancel_Policy_With_Missing_Token_TC"
]]></system-out>
  </testcase>
  <testcase name="InValid_Get_Cancel_Policy_With_Missing_Token_TC[[Ljava.lang.Object;@2083e98d](2)" classname="SteeringCompanyAPI_TestCases.Test_Policies_Cases" time="0.986">
    <system-out><![CDATA[2023-01-22 22:07:28.816 &amp#27;[32m INFO&amp#27;[m &amp#27;[35m[@534 - main]&amp#27;[m &amp#27;[36mcom.shaft.tools.io.ReportManager&amp#27;[m : 
################################################################################################################################################
Starting Execution:	"185 out of 83" test cases in the current suite
Test Method:		"SteeringCompanyAPI_TestCases.Test_Policies_Cases.InValid_Get_Cancel_Policy_With_Missing_Token_TC"
Test Description:	"TC040 -Policy- Perform Get Cancel Policy With Missing Token"
################################################################################################################################################
2023-01-22 22:07:28.816 &amp#27;[32m INFO&amp#27;[m &amp#27;[35m[@503 - main]&amp#27;[m &amp#27;[36mcom.shaft.tools.io.ReportManager&amp#27;[m : File Action "DoesFileExist" successfully performed. With the following test data "File Path: "SteeringCompanyAPI_TestData/SteeringCompanyAPI_TestData.xlsx"".
2023-01-22 22:07:28.839 &amp#27;[32m INFO&amp#27;[m &amp#27;[35m[@503 - main]&amp#27;[m &amp#27;[36mcom.shaft.tools.io.ReportManager&amp#27;[m : Successfully created attachment "Test Data - Excel"
2023-01-22 22:07:28.839 &amp#27;[32m INFO&amp#27;[m &amp#27;[35m[@503 - main]&amp#27;[m &amp#27;[36mcom.shaft.tools.io.ReportManager&amp#27;[m : File Action "DoesFileExist" successfully performed. With the following test data "File Path: "SteeringCompanyAPI_TestData/SteeringCompanyAPI_TestData.xlsx"".
2023-01-22 22:07:28.859 &amp#27;[32m INFO&amp#27;[m &amp#27;[35m[@503 - main]&amp#27;[m &amp#27;[36mcom.shaft.tools.io.ReportManager&amp#27;[m : Successfully created attachment "Test Data - Excel"
2023-01-22 22:07:28.860 &amp#27;[32m INFO&amp#27;[m &amp#27;[35m[@503 - main]&amp#27;[m &amp#27;[36mcom.shaft.tools.io.ReportManager&amp#27;[m : File Action "DoesFileExist" successfully performed. With the following test data "File Path: "SteeringCompanyAPI_TestData/SteeringCompanyAPI_TestData.xlsx"".
2023-01-22 22:07:28.879 &amp#27;[32m INFO&amp#27;[m &amp#27;[35m[@503 - main]&amp#27;[m &amp#27;[36mcom.shaft.tools.io.ReportManager&amp#27;[m : Successfully created attachment "Test Data - Excel"
2023-01-22 22:07:29.776 &amp#27;[32m INFO&amp#27;[m &amp#27;[35m[@503 - main]&amp#27;[m &amp#27;[36mcom.shaft.tools.io.ReportManager&amp#27;[m : Response status code: "401", status line: "HTTP/1.1 401 "
2023-01-22 22:07:29.787 &amp#27;[32m INFO&amp#27;[m &amp#27;[35m[@503 - main]&amp#27;[m &amp#27;[36mcom.shaft.tools.io.ReportManager&amp#27;[m : Successfully created attachment "API Request - Specifications"
2023-01-22 22:07:29.789 &amp#27;[32m INFO&amp#27;[m &amp#27;[35m[@503 - main]&amp#27;[m &amp#27;[36mcom.shaft.tools.io.ReportManager&amp#27;[m : Successfully created attachment "API Response - JSON Body"
2023-01-22 22:07:29.790 &amp#27;[32m INFO&amp#27;[m &amp#27;[35m[@503 - main]&amp#27;[m &amp#27;[36mcom.shaft.tools.io.ReportManager&amp#27;[m : File Action "DoesFileExist" successfully performed. With the following test data "File Path: "Schemas/InvalidTokenRequest_Unauthorized_schema.json"".
2023-01-22 22:07:29.790 &amp#27;[32m INFO&amp#27;[m &amp#27;[35m[@503 - main]&amp#27;[m &amp#27;[36mcom.shaft.tools.io.ReportManager&amp#27;[m : File Action "DoesFileExist" successfully performed. With the following test data "File Path: "src/test/resources/testDataFiles/Schemas/InvalidTokenRequest_Unauthorized_schema.json"".
2023-01-22 22:07:29.791 &amp#27;[32m INFO&amp#27;[m &amp#27;[35m[@503 - main]&amp#27;[m &amp#27;[36mcom.shaft.tools.io.ReportManager&amp#27;[m : File Action "GetAbsolutePath" successfully performed. With the following test data "Relative Folder Path: "src/test/resources/testDataFiles/Schemas/InvalidTokenRequest_Unauthorized_schema.json"".
2023-01-22 22:07:29.793 &amp#27;[32m INFO&amp#27;[m &amp#27;[35m[@503 - main]&amp#27;[m &amp#27;[36mcom.shaft.tools.io.ReportManager&amp#27;[m : File Action "DoesFileExist" successfully performed. With the following test data "File Path: "C:\eclipse-workspace\MyProjects\TASystemsAPIs\src\test\resources\testDataFiles\Schemas\InvalidTokenRequest_Unauthorized_schema.json"".
2023-01-22 22:07:29.793 &amp#27;[32m INFO&amp#27;[m &amp#27;[35m[@503 - main]&amp#27;[m &amp#27;[36mcom.shaft.tools.io.ReportManager&amp#27;[m : File Action "GetAbsolutePath" successfully performed. With the following test data "Relative Folder Path: "C:\eclipse-workspace\MyProjects\TASystemsAPIs\src\test\resources\testDataFiles\Schemas\InvalidTokenRequest_Unauthorized_schema.json"".
2023-01-22 22:07:29.794 &amp#27;[32m INFO&amp#27;[m &amp#27;[35m[@503 - main]&amp#27;[m &amp#27;[36mcom.shaft.tools.io.ReportManager&amp#27;[m : File Action "ReadFile" successfully performed. With the following test data "File Path: "C:\eclipse-workspace\MyProjects\TASystemsAPIs\src\test\resources\testDataFiles\Schemas\InvalidTokenRequest_Unauthorized_schema.json"".
2023-01-22 22:07:29.796 &amp#27;[32m INFO&amp#27;[m &amp#27;[35m[@503 - main]&amp#27;[m &amp#27;[36mcom.shaft.tools.io.ReportManager&amp#27;[m : Successfully created attachment "Validation Test Data - Expected JSON Value"
2023-01-22 22:07:29.797 &amp#27;[32m INFO&amp#27;[m &amp#27;[35m[@503 - main]&amp#27;[m &amp#27;[36mcom.shaft.tools.io.ReportManager&amp#27;[m : Successfully created attachment "Validation Test Data - Actual JSON Value"
2023-01-22 22:07:29.798 &amp#27;[32m INFO&amp#27;[m &amp#27;[35m[@503 - main]&amp#27;[m &amp#27;[36mcom.shaft.tools.io.ReportManager&amp#27;[m : Successfully created attachment "SHAFT Engine Logs - Current Method log: InValid_Get_Cancel_Policy_With_Missing_Token_TC"
]]></system-out>
  </testcase>
  <testcase name="InValid_Get_General_Policy_With_InValid_Token_TC[[Ljava.lang.Object;@3cc22903](1)" classname="SteeringCompanyAPI_TestCases.Test_Policies_Cases" time="0.845">
    <system-out><![CDATA[2023-01-22 22:07:29.806 &amp#27;[32m INFO&amp#27;[m &amp#27;[35m[@534 - main]&amp#27;[m &amp#27;[36mcom.shaft.tools.io.ReportManager&amp#27;[m : 
################################################################################################################################################
Starting Execution:	"186 out of 83" test cases in the current suite
Test Method:		"SteeringCompanyAPI_TestCases.Test_Policies_Cases.InValid_Get_General_Policy_With_InValid_Token_TC"
Test Description:	"TC049 -Policy- Perform Get General Policy With InValid/Expired Token"
################################################################################################################################################
2023-01-22 22:07:29.806 &amp#27;[32m INFO&amp#27;[m &amp#27;[35m[@503 - main]&amp#27;[m &amp#27;[36mcom.shaft.tools.io.ReportManager&amp#27;[m : File Action "DoesFileExist" successfully performed. With the following test data "File Path: "SteeringCompanyAPI_TestData/SteeringCompanyAPI_TestData.xlsx"".
2023-01-22 22:07:29.827 &amp#27;[32m INFO&amp#27;[m &amp#27;[35m[@503 - main]&amp#27;[m &amp#27;[36mcom.shaft.tools.io.ReportManager&amp#27;[m : Successfully created attachment "Test Data - Excel"
2023-01-22 22:07:29.828 &amp#27;[32m INFO&amp#27;[m &amp#27;[35m[@503 - main]&amp#27;[m &amp#27;[36mcom.shaft.tools.io.ReportManager&amp#27;[m : File Action "DoesFileExist" successfully performed. With the following test data "File Path: "SteeringCompanyAPI_TestData/SteeringCompanyAPI_TestData.xlsx"".
2023-01-22 22:07:29.847 &amp#27;[32m INFO&amp#27;[m &amp#27;[35m[@503 - main]&amp#27;[m &amp#27;[36mcom.shaft.tools.io.ReportManager&amp#27;[m : Successfully created attachment "Test Data - Excel"
2023-01-22 22:07:29.847 &amp#27;[32m INFO&amp#27;[m &amp#27;[35m[@503 - main]&amp#27;[m &amp#27;[36mcom.shaft.tools.io.ReportManager&amp#27;[m : File Action "DoesFileExist" successfully performed. With the following test data "File Path: "SteeringCompanyAPI_TestData/SteeringCompanyAPI_TestData.xlsx"".
2023-01-22 22:07:29.868 &amp#27;[32m INFO&amp#27;[m &amp#27;[35m[@503 - main]&amp#27;[m &amp#27;[36mcom.shaft.tools.io.ReportManager&amp#27;[m : Successfully created attachment "Test Data - Excel"
2023-01-22 22:07:30.642 &amp#27;[32m INFO&amp#27;[m &amp#27;[35m[@503 - main]&amp#27;[m &amp#27;[36mcom.shaft.tools.io.ReportManager&amp#27;[m : Response status code: "401", status line: "HTTP/1.1 401 "
2023-01-22 22:07:30.645 &amp#27;[32m INFO&amp#27;[m &amp#27;[35m[@503 - main]&amp#27;[m &amp#27;[36mcom.shaft.tools.io.ReportManager&amp#27;[m : Successfully created attachment "API Request - Specifications"
2023-01-22 22:07:30.647 &amp#27;[32m INFO&amp#27;[m &amp#27;[35m[@503 - main]&amp#27;[m &amp#27;[36mcom.shaft.tools.io.ReportManager&amp#27;[m : Successfully created attachment "API Response - JSON Body"
2023-01-22 22:07:30.648 &amp#27;[32m INFO&amp#27;[m &amp#27;[35m[@503 - main]&amp#27;[m &amp#27;[36mcom.shaft.tools.io.ReportManager&amp#27;[m : Successfully created attachment "SHAFT Engine Logs - Current Method log: InValid_Get_General_Policy_With_InValid_Token_TC"
]]></system-out>
  </testcase>
  <testcase name="InValid_Get_General_Policy_With_InValid_Token_TC[[Ljava.lang.Object;@25d2edc6](2)" classname="SteeringCompanyAPI_TestCases.Test_Policies_Cases" time="0.925">
    <system-out><![CDATA[2023-01-22 22:07:30.651 &amp#27;[32m INFO&amp#27;[m &amp#27;[35m[@534 - main]&amp#27;[m &amp#27;[36mcom.shaft.tools.io.ReportManager&amp#27;[m : 
################################################################################################################################################
Starting Execution:	"187 out of 83" test cases in the current suite
Test Method:		"SteeringCompanyAPI_TestCases.Test_Policies_Cases.InValid_Get_General_Policy_With_InValid_Token_TC"
Test Description:	"TC049 -Policy- Perform Get General Policy With InValid/Expired Token"
################################################################################################################################################
2023-01-22 22:07:30.651 &amp#27;[32m INFO&amp#27;[m &amp#27;[35m[@503 - main]&amp#27;[m &amp#27;[36mcom.shaft.tools.io.ReportManager&amp#27;[m : File Action "DoesFileExist" successfully performed. With the following test data "File Path: "SteeringCompanyAPI_TestData/SteeringCompanyAPI_TestData.xlsx"".
2023-01-22 22:07:30.676 &amp#27;[32m INFO&amp#27;[m &amp#27;[35m[@503 - main]&amp#27;[m &amp#27;[36mcom.shaft.tools.io.ReportManager&amp#27;[m : Successfully created attachment "Test Data - Excel"
2023-01-22 22:07:30.677 &amp#27;[32m INFO&amp#27;[m &amp#27;[35m[@503 - main]&amp#27;[m &amp#27;[36mcom.shaft.tools.io.ReportManager&amp#27;[m : File Action "DoesFileExist" successfully performed. With the following test data "File Path: "SteeringCompanyAPI_TestData/SteeringCompanyAPI_TestData.xlsx"".
2023-01-22 22:07:30.697 &amp#27;[32m INFO&amp#27;[m &amp#27;[35m[@503 - main]&amp#27;[m &amp#27;[36mcom.shaft.tools.io.ReportManager&amp#27;[m : Successfully created attachment "Test Data - Excel"
2023-01-22 22:07:30.697 &amp#27;[32m INFO&amp#27;[m &amp#27;[35m[@503 - main]&amp#27;[m &amp#27;[36mcom.shaft.tools.io.ReportManager&amp#27;[m : File Action "DoesFileExist" successfully performed. With the following test data "File Path: "SteeringCompanyAPI_TestData/SteeringCompanyAPI_TestData.xlsx"".
2023-01-22 22:07:30.722 &amp#27;[32m INFO&amp#27;[m &amp#27;[35m[@503 - main]&amp#27;[m &amp#27;[36mcom.shaft.tools.io.ReportManager&amp#27;[m : Successfully created attachment "Test Data - Excel"
2023-01-22 22:07:31.568 &amp#27;[32m INFO&amp#27;[m &amp#27;[35m[@503 - main]&amp#27;[m &amp#27;[36mcom.shaft.tools.io.ReportManager&amp#27;[m : Response status code: "401", status line: "HTTP/1.1 401 "
2023-01-22 22:07:31.571 &amp#27;[32m INFO&amp#27;[m &amp#27;[35m[@503 - main]&amp#27;[m &amp#27;[36mcom.shaft.tools.io.ReportManager&amp#27;[m : Successfully created attachment "API Request - Specifications"
2023-01-22 22:07:31.572 &amp#27;[32m INFO&amp#27;[m &amp#27;[35m[@503 - main]&amp#27;[m &amp#27;[36mcom.shaft.tools.io.ReportManager&amp#27;[m : Successfully created attachment "API Response - JSON Body"
2023-01-22 22:07:31.573 &amp#27;[32m INFO&amp#27;[m &amp#27;[35m[@503 - main]&amp#27;[m &amp#27;[36mcom.shaft.tools.io.ReportManager&amp#27;[m : Successfully created attachment "SHAFT Engine Logs - Current Method log: InValid_Get_General_Policy_With_InValid_Token_TC"
]]></system-out>
  </testcase>
  <testcase name="InValid_Get_General_Policy_With_Missing_Token_TC[[Ljava.lang.Object;@7b778cf7](1)" classname="SteeringCompanyAPI_TestCases.Test_Policies_Cases" time="1.245">
    <system-out><![CDATA[2023-01-22 22:07:31.579 &amp#27;[32m INFO&amp#27;[m &amp#27;[35m[@534 - main]&amp#27;[m &amp#27;[36mcom.shaft.tools.io.ReportManager&amp#27;[m : 
################################################################################################################################################
Starting Execution:	"188 out of 83" test cases in the current suite
Test Method:		"SteeringCompanyAPI_TestCases.Test_Policies_Cases.InValid_Get_General_Policy_With_Missing_Token_TC"
Test Description:	"TC048 -Policy- Perform Get General Policy With Missing Token"
################################################################################################################################################
2023-01-22 22:07:31.579 &amp#27;[32m INFO&amp#27;[m &amp#27;[35m[@503 - main]&amp#27;[m &amp#27;[36mcom.shaft.tools.io.ReportManager&amp#27;[m : File Action "DoesFileExist" successfully performed. With the following test data "File Path: "SteeringCompanyAPI_TestData/SteeringCompanyAPI_TestData.xlsx"".
2023-01-22 22:07:31.612 &amp#27;[32m INFO&amp#27;[m &amp#27;[35m[@503 - main]&amp#27;[m &amp#27;[36mcom.shaft.tools.io.ReportManager&amp#27;[m : Successfully created attachment "Test Data - Excel"
2023-01-22 22:07:31.612 &amp#27;[32m INFO&amp#27;[m &amp#27;[35m[@503 - main]&amp#27;[m &amp#27;[36mcom.shaft.tools.io.ReportManager&amp#27;[m : File Action "DoesFileExist" successfully performed. With the following test data "File Path: "SteeringCompanyAPI_TestData/SteeringCompanyAPI_TestData.xlsx"".
2023-01-22 22:07:31.632 &amp#27;[32m INFO&amp#27;[m &amp#27;[35m[@503 - main]&amp#27;[m &amp#27;[36mcom.shaft.tools.io.ReportManager&amp#27;[m : Successfully created attachment "Test Data - Excel"
2023-01-22 22:07:31.633 &amp#27;[32m INFO&amp#27;[m &amp#27;[35m[@503 - main]&amp#27;[m &amp#27;[36mcom.shaft.tools.io.ReportManager&amp#27;[m : File Action "DoesFileExist" successfully performed. With the following test data "File Path: "SteeringCompanyAPI_TestData/SteeringCompanyAPI_TestData.xlsx"".
2023-01-22 22:07:31.652 &amp#27;[32m INFO&amp#27;[m &amp#27;[35m[@503 - main]&amp#27;[m &amp#27;[36mcom.shaft.tools.io.ReportManager&amp#27;[m : Successfully created attachment "Test Data - Excel"
2023-01-22 22:07:32.798 &amp#27;[32m INFO&amp#27;[m &amp#27;[35m[@503 - main]&amp#27;[m &amp#27;[36mcom.shaft.tools.io.ReportManager&amp#27;[m : Response status code: "401", status line: "HTTP/1.1 401 "
2023-01-22 22:07:32.810 &amp#27;[32m INFO&amp#27;[m &amp#27;[35m[@503 - main]&amp#27;[m &amp#27;[36mcom.shaft.tools.io.ReportManager&amp#27;[m : Successfully created attachment "API Request - Specifications"
2023-01-22 22:07:32.811 &amp#27;[32m INFO&amp#27;[m &amp#27;[35m[@503 - main]&amp#27;[m &amp#27;[36mcom.shaft.tools.io.ReportManager&amp#27;[m : Successfully created attachment "API Response - JSON Body"
2023-01-22 22:07:32.812 &amp#27;[32m INFO&amp#27;[m &amp#27;[35m[@503 - main]&amp#27;[m &amp#27;[36mcom.shaft.tools.io.ReportManager&amp#27;[m : File Action "DoesFileExist" successfully performed. With the following test data "File Path: "Schemas/InvalidTokenRequest_Unauthorized_schema.json"".
2023-01-22 22:07:32.813 &amp#27;[32m INFO&amp#27;[m &amp#27;[35m[@503 - main]&amp#27;[m &amp#27;[36mcom.shaft.tools.io.ReportManager&amp#27;[m : File Action "DoesFileExist" successfully performed. With the following test data "File Path: "src/test/resources/testDataFiles/Schemas/InvalidTokenRequest_Unauthorized_schema.json"".
2023-01-22 22:07:32.813 &amp#27;[32m INFO&amp#27;[m &amp#27;[35m[@503 - main]&amp#27;[m &amp#27;[36mcom.shaft.tools.io.ReportManager&amp#27;[m : File Action "GetAbsolutePath" successfully performed. With the following test data "Relative Folder Path: "src/test/resources/testDataFiles/Schemas/InvalidTokenRequest_Unauthorized_schema.json"".
2023-01-22 22:07:32.816 &amp#27;[32m INFO&amp#27;[m &amp#27;[35m[@503 - main]&amp#27;[m &amp#27;[36mcom.shaft.tools.io.ReportManager&amp#27;[m : File Action "DoesFileExist" successfully performed. With the following test data "File Path: "C:\eclipse-workspace\MyProjects\TASystemsAPIs\src\test\resources\testDataFiles\Schemas\InvalidTokenRequest_Unauthorized_schema.json"".
2023-01-22 22:07:32.816 &amp#27;[32m INFO&amp#27;[m &amp#27;[35m[@503 - main]&amp#27;[m &amp#27;[36mcom.shaft.tools.io.ReportManager&amp#27;[m : File Action "GetAbsolutePath" successfully performed. With the following test data "Relative Folder Path: "C:\eclipse-workspace\MyProjects\TASystemsAPIs\src\test\resources\testDataFiles\Schemas\InvalidTokenRequest_Unauthorized_schema.json"".
2023-01-22 22:07:32.816 &amp#27;[32m INFO&amp#27;[m &amp#27;[35m[@503 - main]&amp#27;[m &amp#27;[36mcom.shaft.tools.io.ReportManager&amp#27;[m : File Action "ReadFile" successfully performed. With the following test data "File Path: "C:\eclipse-workspace\MyProjects\TASystemsAPIs\src\test\resources\testDataFiles\Schemas\InvalidTokenRequest_Unauthorized_schema.json"".
2023-01-22 22:07:32.818 &amp#27;[32m INFO&amp#27;[m &amp#27;[35m[@503 - main]&amp#27;[m &amp#27;[36mcom.shaft.tools.io.ReportManager&amp#27;[m : Successfully created attachment "Validation Test Data - Expected JSON Value"
2023-01-22 22:07:32.819 &amp#27;[32m INFO&amp#27;[m &amp#27;[35m[@503 - main]&amp#27;[m &amp#27;[36mcom.shaft.tools.io.ReportManager&amp#27;[m : Successfully created attachment "Validation Test Data - Actual JSON Value"
2023-01-22 22:07:32.821 &amp#27;[32m INFO&amp#27;[m &amp#27;[35m[@503 - main]&amp#27;[m &amp#27;[36mcom.shaft.tools.io.ReportManager&amp#27;[m : Successfully created attachment "SHAFT Engine Logs - Current Method log: InValid_Get_General_Policy_With_Missing_Token_TC"
]]></system-out>
  </testcase>
  <testcase name="InValid_Get_General_Policy_With_Missing_Token_TC[[Ljava.lang.Object;@48aa24a8](2)" classname="SteeringCompanyAPI_TestCases.Test_Policies_Cases" time="1.936">
    <system-out><![CDATA[2023-01-22 22:07:32.824 &amp#27;[32m INFO&amp#27;[m &amp#27;[35m[@534 - main]&amp#27;[m &amp#27;[36mcom.shaft.tools.io.ReportManager&amp#27;[m : 
################################################################################################################################################
Starting Execution:	"189 out of 83" test cases in the current suite
Test Method:		"SteeringCompanyAPI_TestCases.Test_Policies_Cases.InValid_Get_General_Policy_With_Missing_Token_TC"
Test Description:	"TC048 -Policy- Perform Get General Policy With Missing Token"
################################################################################################################################################
2023-01-22 22:07:32.825 &amp#27;[32m INFO&amp#27;[m &amp#27;[35m[@503 - main]&amp#27;[m &amp#27;[36mcom.shaft.tools.io.ReportManager&amp#27;[m : File Action "DoesFileExist" successfully performed. With the following test data "File Path: "SteeringCompanyAPI_TestData/SteeringCompanyAPI_TestData.xlsx"".
2023-01-22 22:07:32.851 &amp#27;[32m INFO&amp#27;[m &amp#27;[35m[@503 - main]&amp#27;[m &amp#27;[36mcom.shaft.tools.io.ReportManager&amp#27;[m : Successfully created attachment "Test Data - Excel"
2023-01-22 22:07:32.851 &amp#27;[32m INFO&amp#27;[m &amp#27;[35m[@503 - main]&amp#27;[m &amp#27;[36mcom.shaft.tools.io.ReportManager&amp#27;[m : File Action "DoesFileExist" successfully performed. With the following test data "File Path: "SteeringCompanyAPI_TestData/SteeringCompanyAPI_TestData.xlsx"".
2023-01-22 22:07:32.872 &amp#27;[32m INFO&amp#27;[m &amp#27;[35m[@503 - main]&amp#27;[m &amp#27;[36mcom.shaft.tools.io.ReportManager&amp#27;[m : Successfully created attachment "Test Data - Excel"
2023-01-22 22:07:32.872 &amp#27;[32m INFO&amp#27;[m &amp#27;[35m[@503 - main]&amp#27;[m &amp#27;[36mcom.shaft.tools.io.ReportManager&amp#27;[m : File Action "DoesFileExist" successfully performed. With the following test data "File Path: "SteeringCompanyAPI_TestData/SteeringCompanyAPI_TestData.xlsx"".
2023-01-22 22:07:32.893 &amp#27;[32m INFO&amp#27;[m &amp#27;[35m[@503 - main]&amp#27;[m &amp#27;[36mcom.shaft.tools.io.ReportManager&amp#27;[m : Successfully created attachment "Test Data - Excel"
2023-01-22 22:07:34.740 &amp#27;[32m INFO&amp#27;[m &amp#27;[35m[@503 - main]&amp#27;[m &amp#27;[36mcom.shaft.tools.io.ReportManager&amp#27;[m : Response status code: "401", status line: "HTTP/1.1 401 "
2023-01-22 22:07:34.750 &amp#27;[32m INFO&amp#27;[m &amp#27;[35m[@503 - main]&amp#27;[m &amp#27;[36mcom.shaft.tools.io.ReportManager&amp#27;[m : Successfully created attachment "API Request - Specifications"
2023-01-22 22:07:34.752 &amp#27;[32m INFO&amp#27;[m &amp#27;[35m[@503 - main]&amp#27;[m &amp#27;[36mcom.shaft.tools.io.ReportManager&amp#27;[m : Successfully created attachment "API Response - JSON Body"
2023-01-22 22:07:34.752 &amp#27;[32m INFO&amp#27;[m &amp#27;[35m[@503 - main]&amp#27;[m &amp#27;[36mcom.shaft.tools.io.ReportManager&amp#27;[m : File Action "DoesFileExist" successfully performed. With the following test data "File Path: "Schemas/InvalidTokenRequest_Unauthorized_schema.json"".
2023-01-22 22:07:34.752 &amp#27;[32m INFO&amp#27;[m &amp#27;[35m[@503 - main]&amp#27;[m &amp#27;[36mcom.shaft.tools.io.ReportManager&amp#27;[m : File Action "DoesFileExist" successfully performed. With the following test data "File Path: "src/test/resources/testDataFiles/Schemas/InvalidTokenRequest_Unauthorized_schema.json"".
2023-01-22 22:07:34.753 &amp#27;[32m INFO&amp#27;[m &amp#27;[35m[@503 - main]&amp#27;[m &amp#27;[36mcom.shaft.tools.io.ReportManager&amp#27;[m : File Action "GetAbsolutePath" successfully performed. With the following test data "Relative Folder Path: "src/test/resources/testDataFiles/Schemas/InvalidTokenRequest_Unauthorized_schema.json"".
2023-01-22 22:07:34.754 &amp#27;[32m INFO&amp#27;[m &amp#27;[35m[@503 - main]&amp#27;[m &amp#27;[36mcom.shaft.tools.io.ReportManager&amp#27;[m : File Action "DoesFileExist" successfully performed. With the following test data "File Path: "C:\eclipse-workspace\MyProjects\TASystemsAPIs\src\test\resources\testDataFiles\Schemas\InvalidTokenRequest_Unauthorized_schema.json"".
2023-01-22 22:07:34.754 &amp#27;[32m INFO&amp#27;[m &amp#27;[35m[@503 - main]&amp#27;[m &amp#27;[36mcom.shaft.tools.io.ReportManager&amp#27;[m : File Action "GetAbsolutePath" successfully performed. With the following test data "Relative Folder Path: "C:\eclipse-workspace\MyProjects\TASystemsAPIs\src\test\resources\testDataFiles\Schemas\InvalidTokenRequest_Unauthorized_schema.json"".
2023-01-22 22:07:34.754 &amp#27;[32m INFO&amp#27;[m &amp#27;[35m[@503 - main]&amp#27;[m &amp#27;[36mcom.shaft.tools.io.ReportManager&amp#27;[m : File Action "ReadFile" successfully performed. With the following test data "File Path: "C:\eclipse-workspace\MyProjects\TASystemsAPIs\src\test\resources\testDataFiles\Schemas\InvalidTokenRequest_Unauthorized_schema.json"".
2023-01-22 22:07:34.755 &amp#27;[32m INFO&amp#27;[m &amp#27;[35m[@503 - main]&amp#27;[m &amp#27;[36mcom.shaft.tools.io.ReportManager&amp#27;[m : Successfully created attachment "Validation Test Data - Expected JSON Value"
2023-01-22 22:07:34.757 &amp#27;[32m INFO&amp#27;[m &amp#27;[35m[@503 - main]&amp#27;[m &amp#27;[36mcom.shaft.tools.io.ReportManager&amp#27;[m : Successfully created attachment "Validation Test Data - Actual JSON Value"
2023-01-22 22:07:34.758 &amp#27;[32m INFO&amp#27;[m &amp#27;[35m[@503 - main]&amp#27;[m &amp#27;[36mcom.shaft.tools.io.ReportManager&amp#27;[m : Successfully created attachment "SHAFT Engine Logs - Current Method log: InValid_Get_General_Policy_With_Missing_Token_TC"
]]></system-out>
  </testcase>
  <testcase name="InValid_Get_Payment_Policy_With_InValid_Token_TC[[Ljava.lang.Object;@1271a1cf](1)" classname="SteeringCompanyAPI_TestCases.Test_Policies_Cases" time="0.904">
    <system-out><![CDATA[2023-01-22 22:07:34.764 &amp#27;[32m INFO&amp#27;[m &amp#27;[35m[@534 - main]&amp#27;[m &amp#27;[36mcom.shaft.tools.io.ReportManager&amp#27;[m : 
################################################################################################################################################
Starting Execution:	"190 out of 83" test cases in the current suite
Test Method:		"SteeringCompanyAPI_TestCases.Test_Policies_Cases.InValid_Get_Payment_Policy_With_InValid_Token_TC"
Test Description:	"TC047 -Policy- Perform Get Payment Policy With Invalid/Expired Token"
################################################################################################################################################
2023-01-22 22:07:34.765 &amp#27;[32m INFO&amp#27;[m &amp#27;[35m[@503 - main]&amp#27;[m &amp#27;[36mcom.shaft.tools.io.ReportManager&amp#27;[m : File Action "DoesFileExist" successfully performed. With the following test data "File Path: "SteeringCompanyAPI_TestData/SteeringCompanyAPI_TestData.xlsx"".
2023-01-22 22:07:34.789 &amp#27;[32m INFO&amp#27;[m &amp#27;[35m[@503 - main]&amp#27;[m &amp#27;[36mcom.shaft.tools.io.ReportManager&amp#27;[m : Successfully created attachment "Test Data - Excel"
2023-01-22 22:07:34.789 &amp#27;[32m INFO&amp#27;[m &amp#27;[35m[@503 - main]&amp#27;[m &amp#27;[36mcom.shaft.tools.io.ReportManager&amp#27;[m : File Action "DoesFileExist" successfully performed. With the following test data "File Path: "SteeringCompanyAPI_TestData/SteeringCompanyAPI_TestData.xlsx"".
2023-01-22 22:07:34.815 &amp#27;[32m INFO&amp#27;[m &amp#27;[35m[@503 - main]&amp#27;[m &amp#27;[36mcom.shaft.tools.io.ReportManager&amp#27;[m : Successfully created attachment "Test Data - Excel"
2023-01-22 22:07:34.816 &amp#27;[32m INFO&amp#27;[m &amp#27;[35m[@503 - main]&amp#27;[m &amp#27;[36mcom.shaft.tools.io.ReportManager&amp#27;[m : File Action "DoesFileExist" successfully performed. With the following test data "File Path: "SteeringCompanyAPI_TestData/SteeringCompanyAPI_TestData.xlsx"".
2023-01-22 22:07:34.836 &amp#27;[32m INFO&amp#27;[m &amp#27;[35m[@503 - main]&amp#27;[m &amp#27;[36mcom.shaft.tools.io.ReportManager&amp#27;[m : Successfully created attachment "Test Data - Excel"
2023-01-22 22:07:35.660 &amp#27;[32m INFO&amp#27;[m &amp#27;[35m[@503 - main]&amp#27;[m &amp#27;[36mcom.shaft.tools.io.ReportManager&amp#27;[m : Response status code: "401", status line: "HTTP/1.1 401 "
2023-01-22 22:07:35.663 &amp#27;[32m INFO&amp#27;[m &amp#27;[35m[@503 - main]&amp#27;[m &amp#27;[36mcom.shaft.tools.io.ReportManager&amp#27;[m : Successfully created attachment "API Request - Specifications"
2023-01-22 22:07:35.665 &amp#27;[32m INFO&amp#27;[m &amp#27;[35m[@503 - main]&amp#27;[m &amp#27;[36mcom.shaft.tools.io.ReportManager&amp#27;[m : Successfully created attachment "API Response - JSON Body"
2023-01-22 22:07:35.666 &amp#27;[32m INFO&amp#27;[m &amp#27;[35m[@503 - main]&amp#27;[m &amp#27;[36mcom.shaft.tools.io.ReportManager&amp#27;[m : Successfully created attachment "SHAFT Engine Logs - Current Method log: InValid_Get_Payment_Policy_With_InValid_Token_TC"
]]></system-out>
  </testcase>
  <testcase name="InValid_Get_Payment_Policy_With_InValid_Token_TC[[Ljava.lang.Object;@4d2acf81](2)" classname="SteeringCompanyAPI_TestCases.Test_Policies_Cases" time="0.835">
    <system-out><![CDATA[2023-01-22 22:07:35.669 &amp#27;[32m INFO&amp#27;[m &amp#27;[35m[@534 - main]&amp#27;[m &amp#27;[36mcom.shaft.tools.io.ReportManager&amp#27;[m : 
################################################################################################################################################
Starting Execution:	"191 out of 83" test cases in the current suite
Test Method:		"SteeringCompanyAPI_TestCases.Test_Policies_Cases.InValid_Get_Payment_Policy_With_InValid_Token_TC"
Test Description:	"TC047 -Policy- Perform Get Payment Policy With Invalid/Expired Token"
################################################################################################################################################
2023-01-22 22:07:35.669 &amp#27;[32m INFO&amp#27;[m &amp#27;[35m[@503 - main]&amp#27;[m &amp#27;[36mcom.shaft.tools.io.ReportManager&amp#27;[m : File Action "DoesFileExist" successfully performed. With the following test data "File Path: "SteeringCompanyAPI_TestData/SteeringCompanyAPI_TestData.xlsx"".
2023-01-22 22:07:35.692 &amp#27;[32m INFO&amp#27;[m &amp#27;[35m[@503 - main]&amp#27;[m &amp#27;[36mcom.shaft.tools.io.ReportManager&amp#27;[m : Successfully created attachment "Test Data - Excel"
2023-01-22 22:07:35.692 &amp#27;[32m INFO&amp#27;[m &amp#27;[35m[@503 - main]&amp#27;[m &amp#27;[36mcom.shaft.tools.io.ReportManager&amp#27;[m : File Action "DoesFileExist" successfully performed. With the following test data "File Path: "SteeringCompanyAPI_TestData/SteeringCompanyAPI_TestData.xlsx"".
2023-01-22 22:07:35.712 &amp#27;[32m INFO&amp#27;[m &amp#27;[35m[@503 - main]&amp#27;[m &amp#27;[36mcom.shaft.tools.io.ReportManager&amp#27;[m : Successfully created attachment "Test Data - Excel"
2023-01-22 22:07:35.713 &amp#27;[32m INFO&amp#27;[m &amp#27;[35m[@503 - main]&amp#27;[m &amp#27;[36mcom.shaft.tools.io.ReportManager&amp#27;[m : File Action "DoesFileExist" successfully performed. With the following test data "File Path: "SteeringCompanyAPI_TestData/SteeringCompanyAPI_TestData.xlsx"".
2023-01-22 22:07:35.745 &amp#27;[32m INFO&amp#27;[m &amp#27;[35m[@503 - main]&amp#27;[m &amp#27;[36mcom.shaft.tools.io.ReportManager&amp#27;[m : Successfully created attachment "Test Data - Excel"
2023-01-22 22:07:36.496 &amp#27;[32m INFO&amp#27;[m &amp#27;[35m[@503 - main]&amp#27;[m &amp#27;[36mcom.shaft.tools.io.ReportManager&amp#27;[m : Response status code: "401", status line: "HTTP/1.1 401 "
2023-01-22 22:07:36.498 &amp#27;[32m INFO&amp#27;[m &amp#27;[35m[@503 - main]&amp#27;[m &amp#27;[36mcom.shaft.tools.io.ReportManager&amp#27;[m : Successfully created attachment "API Request - Specifications"
2023-01-22 22:07:36.499 &amp#27;[32m INFO&amp#27;[m &amp#27;[35m[@503 - main]&amp#27;[m &amp#27;[36mcom.shaft.tools.io.ReportManager&amp#27;[m : Successfully created attachment "API Response - JSON Body"
2023-01-22 22:07:36.500 &amp#27;[32m INFO&amp#27;[m &amp#27;[35m[@503 - main]&amp#27;[m &amp#27;[36mcom.shaft.tools.io.ReportManager&amp#27;[m : Successfully created attachment "SHAFT Engine Logs - Current Method log: InValid_Get_Payment_Policy_With_InValid_Token_TC"
]]></system-out>
  </testcase>
  <testcase name="InValid_Get_Payment_Policy_With_Missing_Token_TC[[Ljava.lang.Object;@47890bf1](1)" classname="SteeringCompanyAPI_TestCases.Test_Policies_Cases" time="0.912">
    <system-out><![CDATA[2023-01-22 22:07:36.508 &amp#27;[32m INFO&amp#27;[m &amp#27;[35m[@534 - main]&amp#27;[m &amp#27;[36mcom.shaft.tools.io.ReportManager&amp#27;[m : 
################################################################################################################################################
Starting Execution:	"192 out of 83" test cases in the current suite
Test Method:		"SteeringCompanyAPI_TestCases.Test_Policies_Cases.InValid_Get_Payment_Policy_With_Missing_Token_TC"
Test Description:	"TC046 -Policy- Perform Get Payment Policy With Missing Token"
################################################################################################################################################
2023-01-22 22:07:36.509 &amp#27;[32m INFO&amp#27;[m &amp#27;[35m[@503 - main]&amp#27;[m &amp#27;[36mcom.shaft.tools.io.ReportManager&amp#27;[m : File Action "DoesFileExist" successfully performed. With the following test data "File Path: "SteeringCompanyAPI_TestData/SteeringCompanyAPI_TestData.xlsx"".
2023-01-22 22:07:36.532 &amp#27;[32m INFO&amp#27;[m &amp#27;[35m[@503 - main]&amp#27;[m &amp#27;[36mcom.shaft.tools.io.ReportManager&amp#27;[m : Successfully created attachment "Test Data - Excel"
2023-01-22 22:07:36.533 &amp#27;[32m INFO&amp#27;[m &amp#27;[35m[@503 - main]&amp#27;[m &amp#27;[36mcom.shaft.tools.io.ReportManager&amp#27;[m : File Action "DoesFileExist" successfully performed. With the following test data "File Path: "SteeringCompanyAPI_TestData/SteeringCompanyAPI_TestData.xlsx"".
2023-01-22 22:07:36.553 &amp#27;[32m INFO&amp#27;[m &amp#27;[35m[@503 - main]&amp#27;[m &amp#27;[36mcom.shaft.tools.io.ReportManager&amp#27;[m : Successfully created attachment "Test Data - Excel"
2023-01-22 22:07:36.554 &amp#27;[32m INFO&amp#27;[m &amp#27;[35m[@503 - main]&amp#27;[m &amp#27;[36mcom.shaft.tools.io.ReportManager&amp#27;[m : File Action "DoesFileExist" successfully performed. With the following test data "File Path: "SteeringCompanyAPI_TestData/SteeringCompanyAPI_TestData.xlsx"".
2023-01-22 22:07:36.574 &amp#27;[32m INFO&amp#27;[m &amp#27;[35m[@503 - main]&amp#27;[m &amp#27;[36mcom.shaft.tools.io.ReportManager&amp#27;[m : Successfully created attachment "Test Data - Excel"
2023-01-22 22:07:37.401 &amp#27;[32m INFO&amp#27;[m &amp#27;[35m[@503 - main]&amp#27;[m &amp#27;[36mcom.shaft.tools.io.ReportManager&amp#27;[m : Response status code: "401", status line: "HTTP/1.1 401 "
2023-01-22 22:07:37.411 &amp#27;[32m INFO&amp#27;[m &amp#27;[35m[@503 - main]&amp#27;[m &amp#27;[36mcom.shaft.tools.io.ReportManager&amp#27;[m : Successfully created attachment "API Request - Specifications"
2023-01-22 22:07:37.411 &amp#27;[32m INFO&amp#27;[m &amp#27;[35m[@503 - main]&amp#27;[m &amp#27;[36mcom.shaft.tools.io.ReportManager&amp#27;[m : Successfully created attachment "API Response - JSON Body"
2023-01-22 22:07:37.412 &amp#27;[32m INFO&amp#27;[m &amp#27;[35m[@503 - main]&amp#27;[m &amp#27;[36mcom.shaft.tools.io.ReportManager&amp#27;[m : File Action "DoesFileExist" successfully performed. With the following test data "File Path: "Schemas/InvalidTokenRequest_Unauthorized_schema.json"".
2023-01-22 22:07:37.412 &amp#27;[32m INFO&amp#27;[m &amp#27;[35m[@503 - main]&amp#27;[m &amp#27;[36mcom.shaft.tools.io.ReportManager&amp#27;[m : File Action "DoesFileExist" successfully performed. With the following test data "File Path: "src/test/resources/testDataFiles/Schemas/InvalidTokenRequest_Unauthorized_schema.json"".
2023-01-22 22:07:37.412 &amp#27;[32m INFO&amp#27;[m &amp#27;[35m[@503 - main]&amp#27;[m &amp#27;[36mcom.shaft.tools.io.ReportManager&amp#27;[m : File Action "GetAbsolutePath" successfully performed. With the following test data "Relative Folder Path: "src/test/resources/testDataFiles/Schemas/InvalidTokenRequest_Unauthorized_schema.json"".
2023-01-22 22:07:37.414 &amp#27;[32m INFO&amp#27;[m &amp#27;[35m[@503 - main]&amp#27;[m &amp#27;[36mcom.shaft.tools.io.ReportManager&amp#27;[m : File Action "DoesFileExist" successfully performed. With the following test data "File Path: "C:\eclipse-workspace\MyProjects\TASystemsAPIs\src\test\resources\testDataFiles\Schemas\InvalidTokenRequest_Unauthorized_schema.json"".
2023-01-22 22:07:37.414 &amp#27;[32m INFO&amp#27;[m &amp#27;[35m[@503 - main]&amp#27;[m &amp#27;[36mcom.shaft.tools.io.ReportManager&amp#27;[m : File Action "GetAbsolutePath" successfully performed. With the following test data "Relative Folder Path: "C:\eclipse-workspace\MyProjects\TASystemsAPIs\src\test\resources\testDataFiles\Schemas\InvalidTokenRequest_Unauthorized_schema.json"".
2023-01-22 22:07:37.414 &amp#27;[32m INFO&amp#27;[m &amp#27;[35m[@503 - main]&amp#27;[m &amp#27;[36mcom.shaft.tools.io.ReportManager&amp#27;[m : File Action "ReadFile" successfully performed. With the following test data "File Path: "C:\eclipse-workspace\MyProjects\TASystemsAPIs\src\test\resources\testDataFiles\Schemas\InvalidTokenRequest_Unauthorized_schema.json"".
2023-01-22 22:07:37.415 &amp#27;[32m INFO&amp#27;[m &amp#27;[35m[@503 - main]&amp#27;[m &amp#27;[36mcom.shaft.tools.io.ReportManager&amp#27;[m : Successfully created attachment "Validation Test Data - Expected JSON Value"
2023-01-22 22:07:37.417 &amp#27;[32m INFO&amp#27;[m &amp#27;[35m[@503 - main]&amp#27;[m &amp#27;[36mcom.shaft.tools.io.ReportManager&amp#27;[m : Successfully created attachment "Validation Test Data - Actual JSON Value"
2023-01-22 22:07:37.418 &amp#27;[32m INFO&amp#27;[m &amp#27;[35m[@503 - main]&amp#27;[m &amp#27;[36mcom.shaft.tools.io.ReportManager&amp#27;[m : Successfully created attachment "SHAFT Engine Logs - Current Method log: InValid_Get_Payment_Policy_With_Missing_Token_TC"
]]></system-out>
  </testcase>
  <testcase name="InValid_Get_Payment_Policy_With_Missing_Token_TC[[Ljava.lang.Object;@68c0db79](2)" classname="SteeringCompanyAPI_TestCases.Test_Policies_Cases" time="2.866">
    <system-out><![CDATA[2023-01-22 22:07:37.421 &amp#27;[32m INFO&amp#27;[m &amp#27;[35m[@534 - main]&amp#27;[m &amp#27;[36mcom.shaft.tools.io.ReportManager&amp#27;[m : 
################################################################################################################################################
Starting Execution:	"193 out of 83" test cases in the current suite
Test Method:		"SteeringCompanyAPI_TestCases.Test_Policies_Cases.InValid_Get_Payment_Policy_With_Missing_Token_TC"
Test Description:	"TC046 -Policy- Perform Get Payment Policy With Missing Token"
################################################################################################################################################
2023-01-22 22:07:37.421 &amp#27;[32m INFO&amp#27;[m &amp#27;[35m[@503 - main]&amp#27;[m &amp#27;[36mcom.shaft.tools.io.ReportManager&amp#27;[m : File Action "DoesFileExist" successfully performed. With the following test data "File Path: "SteeringCompanyAPI_TestData/SteeringCompanyAPI_TestData.xlsx"".
2023-01-22 22:07:37.449 &amp#27;[32m INFO&amp#27;[m &amp#27;[35m[@503 - main]&amp#27;[m &amp#27;[36mcom.shaft.tools.io.ReportManager&amp#27;[m : Successfully created attachment "Test Data - Excel"
2023-01-22 22:07:37.449 &amp#27;[32m INFO&amp#27;[m &amp#27;[35m[@503 - main]&amp#27;[m &amp#27;[36mcom.shaft.tools.io.ReportManager&amp#27;[m : File Action "DoesFileExist" successfully performed. With the following test data "File Path: "SteeringCompanyAPI_TestData/SteeringCompanyAPI_TestData.xlsx"".
2023-01-22 22:07:37.469 &amp#27;[32m INFO&amp#27;[m &amp#27;[35m[@503 - main]&amp#27;[m &amp#27;[36mcom.shaft.tools.io.ReportManager&amp#27;[m : Successfully created attachment "Test Data - Excel"
2023-01-22 22:07:37.469 &amp#27;[32m INFO&amp#27;[m &amp#27;[35m[@503 - main]&amp#27;[m &amp#27;[36mcom.shaft.tools.io.ReportManager&amp#27;[m : File Action "DoesFileExist" successfully performed. With the following test data "File Path: "SteeringCompanyAPI_TestData/SteeringCompanyAPI_TestData.xlsx"".
2023-01-22 22:07:37.488 &amp#27;[32m INFO&amp#27;[m &amp#27;[35m[@503 - main]&amp#27;[m &amp#27;[36mcom.shaft.tools.io.ReportManager&amp#27;[m : Successfully created attachment "Test Data - Excel"
2023-01-22 22:07:40.267 &amp#27;[32m INFO&amp#27;[m &amp#27;[35m[@503 - main]&amp#27;[m &amp#27;[36mcom.shaft.tools.io.ReportManager&amp#27;[m : Response status code: "401", status line: "HTTP/1.1 401 "
2023-01-22 22:07:40.275 &amp#27;[32m INFO&amp#27;[m &amp#27;[35m[@503 - main]&amp#27;[m &amp#27;[36mcom.shaft.tools.io.ReportManager&amp#27;[m : Successfully created attachment "API Request - Specifications"
2023-01-22 22:07:40.277 &amp#27;[32m INFO&amp#27;[m &amp#27;[35m[@503 - main]&amp#27;[m &amp#27;[36mcom.shaft.tools.io.ReportManager&amp#27;[m : Successfully created attachment "API Response - JSON Body"
2023-01-22 22:07:40.277 &amp#27;[32m INFO&amp#27;[m &amp#27;[35m[@503 - main]&amp#27;[m &amp#27;[36mcom.shaft.tools.io.ReportManager&amp#27;[m : File Action "DoesFileExist" successfully performed. With the following test data "File Path: "Schemas/InvalidTokenRequest_Unauthorized_schema.json"".
2023-01-22 22:07:40.277 &amp#27;[32m INFO&amp#27;[m &amp#27;[35m[@503 - main]&amp#27;[m &amp#27;[36mcom.shaft.tools.io.ReportManager&amp#27;[m : File Action "DoesFileExist" successfully performed. With the following test data "File Path: "src/test/resources/testDataFiles/Schemas/InvalidTokenRequest_Unauthorized_schema.json"".
2023-01-22 22:07:40.277 &amp#27;[32m INFO&amp#27;[m &amp#27;[35m[@503 - main]&amp#27;[m &amp#27;[36mcom.shaft.tools.io.ReportManager&amp#27;[m : File Action "GetAbsolutePath" successfully performed. With the following test data "Relative Folder Path: "src/test/resources/testDataFiles/Schemas/InvalidTokenRequest_Unauthorized_schema.json"".
2023-01-22 22:07:40.279 &amp#27;[32m INFO&amp#27;[m &amp#27;[35m[@503 - main]&amp#27;[m &amp#27;[36mcom.shaft.tools.io.ReportManager&amp#27;[m : File Action "DoesFileExist" successfully performed. With the following test data "File Path: "C:\eclipse-workspace\MyProjects\TASystemsAPIs\src\test\resources\testDataFiles\Schemas\InvalidTokenRequest_Unauthorized_schema.json"".
2023-01-22 22:07:40.279 &amp#27;[32m INFO&amp#27;[m &amp#27;[35m[@503 - main]&amp#27;[m &amp#27;[36mcom.shaft.tools.io.ReportManager&amp#27;[m : File Action "GetAbsolutePath" successfully performed. With the following test data "Relative Folder Path: "C:\eclipse-workspace\MyProjects\TASystemsAPIs\src\test\resources\testDataFiles\Schemas\InvalidTokenRequest_Unauthorized_schema.json"".
2023-01-22 22:07:40.279 &amp#27;[32m INFO&amp#27;[m &amp#27;[35m[@503 - main]&amp#27;[m &amp#27;[36mcom.shaft.tools.io.ReportManager&amp#27;[m : File Action "ReadFile" successfully performed. With the following test data "File Path: "C:\eclipse-workspace\MyProjects\TASystemsAPIs\src\test\resources\testDataFiles\Schemas\InvalidTokenRequest_Unauthorized_schema.json"".
2023-01-22 22:07:40.281 &amp#27;[32m INFO&amp#27;[m &amp#27;[35m[@503 - main]&amp#27;[m &amp#27;[36mcom.shaft.tools.io.ReportManager&amp#27;[m : Successfully created attachment "Validation Test Data - Expected JSON Value"
2023-01-22 22:07:40.283 &amp#27;[32m INFO&amp#27;[m &amp#27;[35m[@503 - main]&amp#27;[m &amp#27;[36mcom.shaft.tools.io.ReportManager&amp#27;[m : Successfully created attachment "Validation Test Data - Actual JSON Value"
2023-01-22 22:07:40.284 &amp#27;[32m INFO&amp#27;[m &amp#27;[35m[@503 - main]&amp#27;[m &amp#27;[36mcom.shaft.tools.io.ReportManager&amp#27;[m : Successfully created attachment "SHAFT Engine Logs - Current Method log: InValid_Get_Payment_Policy_With_Missing_Token_TC"
]]></system-out>
  </testcase>
  <testcase name="InValid_Get_Tax_Policy_With_InValid_Token_TC[[Ljava.lang.Object;@50317cce](1)" classname="SteeringCompanyAPI_TestCases.Test_Policies_Cases" time="0.902">
    <system-out><![CDATA[2023-01-22 22:07:40.291 &amp#27;[32m INFO&amp#27;[m &amp#27;[35m[@534 - main]&amp#27;[m &amp#27;[36mcom.shaft.tools.io.ReportManager&amp#27;[m : 
################################################################################################################################################
Starting Execution:	"194 out of 83" test cases in the current suite
Test Method:		"SteeringCompanyAPI_TestCases.Test_Policies_Cases.InValid_Get_Tax_Policy_With_InValid_Token_TC"
Test Description:	"TC043 -Policy- Perform Get Tax Policy With InValid/Expired Token"
################################################################################################################################################
2023-01-22 22:07:40.291 &amp#27;[32m INFO&amp#27;[m &amp#27;[35m[@503 - main]&amp#27;[m &amp#27;[36mcom.shaft.tools.io.ReportManager&amp#27;[m : File Action "DoesFileExist" successfully performed. With the following test data "File Path: "SteeringCompanyAPI_TestData/SteeringCompanyAPI_TestData.xlsx"".
2023-01-22 22:07:40.320 &amp#27;[32m INFO&amp#27;[m &amp#27;[35m[@503 - main]&amp#27;[m &amp#27;[36mcom.shaft.tools.io.ReportManager&amp#27;[m : Successfully created attachment "Test Data - Excel"
2023-01-22 22:07:40.321 &amp#27;[32m INFO&amp#27;[m &amp#27;[35m[@503 - main]&amp#27;[m &amp#27;[36mcom.shaft.tools.io.ReportManager&amp#27;[m : File Action "DoesFileExist" successfully performed. With the following test data "File Path: "SteeringCompanyAPI_TestData/SteeringCompanyAPI_TestData.xlsx"".
2023-01-22 22:07:40.341 &amp#27;[32m INFO&amp#27;[m &amp#27;[35m[@503 - main]&amp#27;[m &amp#27;[36mcom.shaft.tools.io.ReportManager&amp#27;[m : Successfully created attachment "Test Data - Excel"
2023-01-22 22:07:40.341 &amp#27;[32m INFO&amp#27;[m &amp#27;[35m[@503 - main]&amp#27;[m &amp#27;[36mcom.shaft.tools.io.ReportManager&amp#27;[m : File Action "DoesFileExist" successfully performed. With the following test data "File Path: "SteeringCompanyAPI_TestData/SteeringCompanyAPI_TestData.xlsx"".
2023-01-22 22:07:40.363 &amp#27;[32m INFO&amp#27;[m &amp#27;[35m[@503 - main]&amp#27;[m &amp#27;[36mcom.shaft.tools.io.ReportManager&amp#27;[m : Successfully created attachment "Test Data - Excel"
2023-01-22 22:07:41.187 &amp#27;[32m INFO&amp#27;[m &amp#27;[35m[@503 - main]&amp#27;[m &amp#27;[36mcom.shaft.tools.io.ReportManager&amp#27;[m : Response status code: "401", status line: "HTTP/1.1 401 "
2023-01-22 22:07:41.189 &amp#27;[32m INFO&amp#27;[m &amp#27;[35m[@503 - main]&amp#27;[m &amp#27;[36mcom.shaft.tools.io.ReportManager&amp#27;[m : Successfully created attachment "API Request - Specifications"
2023-01-22 22:07:41.190 &amp#27;[32m INFO&amp#27;[m &amp#27;[35m[@503 - main]&amp#27;[m &amp#27;[36mcom.shaft.tools.io.ReportManager&amp#27;[m : Successfully created attachment "API Response - JSON Body"
2023-01-22 22:07:41.191 &amp#27;[32m INFO&amp#27;[m &amp#27;[35m[@503 - main]&amp#27;[m &amp#27;[36mcom.shaft.tools.io.ReportManager&amp#27;[m : Successfully created attachment "SHAFT Engine Logs - Current Method log: InValid_Get_Tax_Policy_With_InValid_Token_TC"
]]></system-out>
  </testcase>
  <testcase name="InValid_Get_Tax_Policy_With_InValid_Token_TC[[Ljava.lang.Object;@26926a93](2)" classname="SteeringCompanyAPI_TestCases.Test_Policies_Cases" time="0.924">
    <system-out><![CDATA[2023-01-22 22:07:41.193 &amp#27;[32m INFO&amp#27;[m &amp#27;[35m[@534 - main]&amp#27;[m &amp#27;[36mcom.shaft.tools.io.ReportManager&amp#27;[m : 
################################################################################################################################################
Starting Execution:	"195 out of 83" test cases in the current suite
Test Method:		"SteeringCompanyAPI_TestCases.Test_Policies_Cases.InValid_Get_Tax_Policy_With_InValid_Token_TC"
Test Description:	"TC043 -Policy- Perform Get Tax Policy With InValid/Expired Token"
################################################################################################################################################
2023-01-22 22:07:41.193 &amp#27;[32m INFO&amp#27;[m &amp#27;[35m[@503 - main]&amp#27;[m &amp#27;[36mcom.shaft.tools.io.ReportManager&amp#27;[m : File Action "DoesFileExist" successfully performed. With the following test data "File Path: "SteeringCompanyAPI_TestData/SteeringCompanyAPI_TestData.xlsx"".
2023-01-22 22:07:41.231 &amp#27;[32m INFO&amp#27;[m &amp#27;[35m[@503 - main]&amp#27;[m &amp#27;[36mcom.shaft.tools.io.ReportManager&amp#27;[m : Successfully created attachment "Test Data - Excel"
2023-01-22 22:07:41.231 &amp#27;[32m INFO&amp#27;[m &amp#27;[35m[@503 - main]&amp#27;[m &amp#27;[36mcom.shaft.tools.io.ReportManager&amp#27;[m : File Action "DoesFileExist" successfully performed. With the following test data "File Path: "SteeringCompanyAPI_TestData/SteeringCompanyAPI_TestData.xlsx"".
2023-01-22 22:07:41.261 &amp#27;[32m INFO&amp#27;[m &amp#27;[35m[@503 - main]&amp#27;[m &amp#27;[36mcom.shaft.tools.io.ReportManager&amp#27;[m : Successfully created attachment "Test Data - Excel"
2023-01-22 22:07:41.261 &amp#27;[32m INFO&amp#27;[m &amp#27;[35m[@503 - main]&amp#27;[m &amp#27;[36mcom.shaft.tools.io.ReportManager&amp#27;[m : File Action "DoesFileExist" successfully performed. With the following test data "File Path: "SteeringCompanyAPI_TestData/SteeringCompanyAPI_TestData.xlsx"".
2023-01-22 22:07:41.290 &amp#27;[32m INFO&amp#27;[m &amp#27;[35m[@503 - main]&amp#27;[m &amp#27;[36mcom.shaft.tools.io.ReportManager&amp#27;[m : Successfully created attachment "Test Data - Excel"
2023-01-22 22:07:42.110 &amp#27;[32m INFO&amp#27;[m &amp#27;[35m[@503 - main]&amp#27;[m &amp#27;[36mcom.shaft.tools.io.ReportManager&amp#27;[m : Response status code: "401", status line: "HTTP/1.1 401 "
2023-01-22 22:07:42.113 &amp#27;[32m INFO&amp#27;[m &amp#27;[35m[@503 - main]&amp#27;[m &amp#27;[36mcom.shaft.tools.io.ReportManager&amp#27;[m : Successfully created attachment "API Request - Specifications"
2023-01-22 22:07:42.113 &amp#27;[32m INFO&amp#27;[m &amp#27;[35m[@503 - main]&amp#27;[m &amp#27;[36mcom.shaft.tools.io.ReportManager&amp#27;[m : Successfully created attachment "API Response - JSON Body"
2023-01-22 22:07:42.115 &amp#27;[32m INFO&amp#27;[m &amp#27;[35m[@503 - main]&amp#27;[m &amp#27;[36mcom.shaft.tools.io.ReportManager&amp#27;[m : Successfully created attachment "SHAFT Engine Logs - Current Method log: InValid_Get_Tax_Policy_With_InValid_Token_TC"
]]></system-out>
  </testcase>
  <testcase name="InValid_Get_Tax_Policy_With_Missing_Token_TC[[Ljava.lang.Object;@79a63bf8](1)" classname="SteeringCompanyAPI_TestCases.Test_Policies_Cases" time="1.034">
    <system-out><![CDATA[2023-01-22 22:07:42.120 &amp#27;[32m INFO&amp#27;[m &amp#27;[35m[@534 - main]&amp#27;[m &amp#27;[36mcom.shaft.tools.io.ReportManager&amp#27;[m : 
################################################################################################################################################
Starting Execution:	"196 out of 83" test cases in the current suite
Test Method:		"SteeringCompanyAPI_TestCases.Test_Policies_Cases.InValid_Get_Tax_Policy_With_Missing_Token_TC"
Test Description:	"TC042 -Policy- Perform Get Tax Policy With Missing Token"
################################################################################################################################################
2023-01-22 22:07:42.120 &amp#27;[32m INFO&amp#27;[m &amp#27;[35m[@503 - main]&amp#27;[m &amp#27;[36mcom.shaft.tools.io.ReportManager&amp#27;[m : File Action "DoesFileExist" successfully performed. With the following test data "File Path: "SteeringCompanyAPI_TestData/SteeringCompanyAPI_TestData.xlsx"".
2023-01-22 22:07:42.140 &amp#27;[32m INFO&amp#27;[m &amp#27;[35m[@503 - main]&amp#27;[m &amp#27;[36mcom.shaft.tools.io.ReportManager&amp#27;[m : Successfully created attachment "Test Data - Excel"
2023-01-22 22:07:42.140 &amp#27;[32m INFO&amp#27;[m &amp#27;[35m[@503 - main]&amp#27;[m &amp#27;[36mcom.shaft.tools.io.ReportManager&amp#27;[m : File Action "DoesFileExist" successfully performed. With the following test data "File Path: "SteeringCompanyAPI_TestData/SteeringCompanyAPI_TestData.xlsx"".
2023-01-22 22:07:42.161 &amp#27;[32m INFO&amp#27;[m &amp#27;[35m[@503 - main]&amp#27;[m &amp#27;[36mcom.shaft.tools.io.ReportManager&amp#27;[m : Successfully created attachment "Test Data - Excel"
2023-01-22 22:07:42.162 &amp#27;[32m INFO&amp#27;[m &amp#27;[35m[@503 - main]&amp#27;[m &amp#27;[36mcom.shaft.tools.io.ReportManager&amp#27;[m : File Action "DoesFileExist" successfully performed. With the following test data "File Path: "SteeringCompanyAPI_TestData/SteeringCompanyAPI_TestData.xlsx"".
2023-01-22 22:07:42.184 &amp#27;[32m INFO&amp#27;[m &amp#27;[35m[@503 - main]&amp#27;[m &amp#27;[36mcom.shaft.tools.io.ReportManager&amp#27;[m : Successfully created attachment "Test Data - Excel"
2023-01-22 22:07:43.135 &amp#27;[32m INFO&amp#27;[m &amp#27;[35m[@503 - main]&amp#27;[m &amp#27;[36mcom.shaft.tools.io.ReportManager&amp#27;[m : Response status code: "401", status line: "HTTP/1.1 401 "
2023-01-22 22:07:43.147 &amp#27;[32m INFO&amp#27;[m &amp#27;[35m[@503 - main]&amp#27;[m &amp#27;[36mcom.shaft.tools.io.ReportManager&amp#27;[m : Successfully created attachment "API Request - Specifications"
2023-01-22 22:07:43.147 &amp#27;[32m INFO&amp#27;[m &amp#27;[35m[@503 - main]&amp#27;[m &amp#27;[36mcom.shaft.tools.io.ReportManager&amp#27;[m : Successfully created attachment "API Response - JSON Body"
2023-01-22 22:07:43.147 &amp#27;[32m INFO&amp#27;[m &amp#27;[35m[@503 - main]&amp#27;[m &amp#27;[36mcom.shaft.tools.io.ReportManager&amp#27;[m : File Action "DoesFileExist" successfully performed. With the following test data "File Path: "Schemas/InvalidTokenRequest_Unauthorized_schema.json"".
2023-01-22 22:07:43.147 &amp#27;[32m INFO&amp#27;[m &amp#27;[35m[@503 - main]&amp#27;[m &amp#27;[36mcom.shaft.tools.io.ReportManager&amp#27;[m : File Action "DoesFileExist" successfully performed. With the following test data "File Path: "src/test/resources/testDataFiles/Schemas/InvalidTokenRequest_Unauthorized_schema.json"".
2023-01-22 22:07:43.147 &amp#27;[32m INFO&amp#27;[m &amp#27;[35m[@503 - main]&amp#27;[m &amp#27;[36mcom.shaft.tools.io.ReportManager&amp#27;[m : File Action "GetAbsolutePath" successfully performed. With the following test data "Relative Folder Path: "src/test/resources/testDataFiles/Schemas/InvalidTokenRequest_Unauthorized_schema.json"".
2023-01-22 22:07:43.150 &amp#27;[32m INFO&amp#27;[m &amp#27;[35m[@503 - main]&amp#27;[m &amp#27;[36mcom.shaft.tools.io.ReportManager&amp#27;[m : File Action "DoesFileExist" successfully performed. With the following test data "File Path: "C:\eclipse-workspace\MyProjects\TASystemsAPIs\src\test\resources\testDataFiles\Schemas\InvalidTokenRequest_Unauthorized_schema.json"".
2023-01-22 22:07:43.150 &amp#27;[32m INFO&amp#27;[m &amp#27;[35m[@503 - main]&amp#27;[m &amp#27;[36mcom.shaft.tools.io.ReportManager&amp#27;[m : File Action "GetAbsolutePath" successfully performed. With the following test data "Relative Folder Path: "C:\eclipse-workspace\MyProjects\TASystemsAPIs\src\test\resources\testDataFiles\Schemas\InvalidTokenRequest_Unauthorized_schema.json"".
2023-01-22 22:07:43.150 &amp#27;[32m INFO&amp#27;[m &amp#27;[35m[@503 - main]&amp#27;[m &amp#27;[36mcom.shaft.tools.io.ReportManager&amp#27;[m : File Action "ReadFile" successfully performed. With the following test data "File Path: "C:\eclipse-workspace\MyProjects\TASystemsAPIs\src\test\resources\testDataFiles\Schemas\InvalidTokenRequest_Unauthorized_schema.json"".
2023-01-22 22:07:43.151 &amp#27;[32m INFO&amp#27;[m &amp#27;[35m[@503 - main]&amp#27;[m &amp#27;[36mcom.shaft.tools.io.ReportManager&amp#27;[m : Successfully created attachment "Validation Test Data - Expected JSON Value"
2023-01-22 22:07:43.151 &amp#27;[32m INFO&amp#27;[m &amp#27;[35m[@503 - main]&amp#27;[m &amp#27;[36mcom.shaft.tools.io.ReportManager&amp#27;[m : Successfully created attachment "Validation Test Data - Actual JSON Value"
2023-01-22 22:07:43.152 &amp#27;[32m INFO&amp#27;[m &amp#27;[35m[@503 - main]&amp#27;[m &amp#27;[36mcom.shaft.tools.io.ReportManager&amp#27;[m : Successfully created attachment "SHAFT Engine Logs - Current Method log: InValid_Get_Tax_Policy_With_Missing_Token_TC"
]]></system-out>
  </testcase>
  <testcase name="InValid_Get_Tax_Policy_With_Missing_Token_TC[[Ljava.lang.Object;@4bc658b2](2)" classname="SteeringCompanyAPI_TestCases.Test_Policies_Cases" time="4.813">
    <system-out><![CDATA[2023-01-22 22:07:43.154 &amp#27;[32m INFO&amp#27;[m &amp#27;[35m[@534 - main]&amp#27;[m &amp#27;[36mcom.shaft.tools.io.ReportManager&amp#27;[m : 
################################################################################################################################################
Starting Execution:	"197 out of 83" test cases in the current suite
Test Method:		"SteeringCompanyAPI_TestCases.Test_Policies_Cases.InValid_Get_Tax_Policy_With_Missing_Token_TC"
Test Description:	"TC042 -Policy- Perform Get Tax Policy With Missing Token"
################################################################################################################################################
2023-01-22 22:07:43.154 &amp#27;[32m INFO&amp#27;[m &amp#27;[35m[@503 - main]&amp#27;[m &amp#27;[36mcom.shaft.tools.io.ReportManager&amp#27;[m : File Action "DoesFileExist" successfully performed. With the following test data "File Path: "SteeringCompanyAPI_TestData/SteeringCompanyAPI_TestData.xlsx"".
2023-01-22 22:07:43.175 &amp#27;[32m INFO&amp#27;[m &amp#27;[35m[@503 - main]&amp#27;[m &amp#27;[36mcom.shaft.tools.io.ReportManager&amp#27;[m : Successfully created attachment "Test Data - Excel"
2023-01-22 22:07:43.176 &amp#27;[32m INFO&amp#27;[m &amp#27;[35m[@503 - main]&amp#27;[m &amp#27;[36mcom.shaft.tools.io.ReportManager&amp#27;[m : File Action "DoesFileExist" successfully performed. With the following test data "File Path: "SteeringCompanyAPI_TestData/SteeringCompanyAPI_TestData.xlsx"".
2023-01-22 22:07:43.199 &amp#27;[32m INFO&amp#27;[m &amp#27;[35m[@503 - main]&amp#27;[m &amp#27;[36mcom.shaft.tools.io.ReportManager&amp#27;[m : Successfully created attachment "Test Data - Excel"
2023-01-22 22:07:43.200 &amp#27;[32m INFO&amp#27;[m &amp#27;[35m[@503 - main]&amp#27;[m &amp#27;[36mcom.shaft.tools.io.ReportManager&amp#27;[m : File Action "DoesFileExist" successfully performed. With the following test data "File Path: "SteeringCompanyAPI_TestData/SteeringCompanyAPI_TestData.xlsx"".
2023-01-22 22:07:43.225 &amp#27;[32m INFO&amp#27;[m &amp#27;[35m[@503 - main]&amp#27;[m &amp#27;[36mcom.shaft.tools.io.ReportManager&amp#27;[m : Successfully created attachment "Test Data - Excel"
2023-01-22 22:07:47.945 &amp#27;[32m INFO&amp#27;[m &amp#27;[35m[@503 - main]&amp#27;[m &amp#27;[36mcom.shaft.tools.io.ReportManager&amp#27;[m : Response status code: "401", status line: "HTTP/1.1 401 "
2023-01-22 22:07:47.956 &amp#27;[32m INFO&amp#27;[m &amp#27;[35m[@503 - main]&amp#27;[m &amp#27;[36mcom.shaft.tools.io.ReportManager&amp#27;[m : Successfully created attachment "API Request - Specifications"
2023-01-22 22:07:47.957 &amp#27;[32m INFO&amp#27;[m &amp#27;[35m[@503 - main]&amp#27;[m &amp#27;[36mcom.shaft.tools.io.ReportManager&amp#27;[m : Successfully created attachment "API Response - JSON Body"
2023-01-22 22:07:47.957 &amp#27;[32m INFO&amp#27;[m &amp#27;[35m[@503 - main]&amp#27;[m &amp#27;[36mcom.shaft.tools.io.ReportManager&amp#27;[m : File Action "DoesFileExist" successfully performed. With the following test data "File Path: "Schemas/InvalidTokenRequest_Unauthorized_schema.json"".
2023-01-22 22:07:47.959 &amp#27;[32m INFO&amp#27;[m &amp#27;[35m[@503 - main]&amp#27;[m &amp#27;[36mcom.shaft.tools.io.ReportManager&amp#27;[m : File Action "DoesFileExist" successfully performed. With the following test data "File Path: "src/test/resources/testDataFiles/Schemas/InvalidTokenRequest_Unauthorized_schema.json"".
2023-01-22 22:07:47.959 &amp#27;[32m INFO&amp#27;[m &amp#27;[35m[@503 - main]&amp#27;[m &amp#27;[36mcom.shaft.tools.io.ReportManager&amp#27;[m : File Action "GetAbsolutePath" successfully performed. With the following test data "Relative Folder Path: "src/test/resources/testDataFiles/Schemas/InvalidTokenRequest_Unauthorized_schema.json"".
2023-01-22 22:07:47.960 &amp#27;[32m INFO&amp#27;[m &amp#27;[35m[@503 - main]&amp#27;[m &amp#27;[36mcom.shaft.tools.io.ReportManager&amp#27;[m : File Action "DoesFileExist" successfully performed. With the following test data "File Path: "C:\eclipse-workspace\MyProjects\TASystemsAPIs\src\test\resources\testDataFiles\Schemas\InvalidTokenRequest_Unauthorized_schema.json"".
2023-01-22 22:07:47.960 &amp#27;[32m INFO&amp#27;[m &amp#27;[35m[@503 - main]&amp#27;[m &amp#27;[36mcom.shaft.tools.io.ReportManager&amp#27;[m : File Action "GetAbsolutePath" successfully performed. With the following test data "Relative Folder Path: "C:\eclipse-workspace\MyProjects\TASystemsAPIs\src\test\resources\testDataFiles\Schemas\InvalidTokenRequest_Unauthorized_schema.json"".
2023-01-22 22:07:47.961 &amp#27;[32m INFO&amp#27;[m &amp#27;[35m[@503 - main]&amp#27;[m &amp#27;[36mcom.shaft.tools.io.ReportManager&amp#27;[m : File Action "ReadFile" successfully performed. With the following test data "File Path: "C:\eclipse-workspace\MyProjects\TASystemsAPIs\src\test\resources\testDataFiles\Schemas\InvalidTokenRequest_Unauthorized_schema.json"".
2023-01-22 22:07:47.962 &amp#27;[32m INFO&amp#27;[m &amp#27;[35m[@503 - main]&amp#27;[m &amp#27;[36mcom.shaft.tools.io.ReportManager&amp#27;[m : Successfully created attachment "Validation Test Data - Expected JSON Value"
2023-01-22 22:07:47.962 &amp#27;[32m INFO&amp#27;[m &amp#27;[35m[@503 - main]&amp#27;[m &amp#27;[36mcom.shaft.tools.io.ReportManager&amp#27;[m : Successfully created attachment "Validation Test Data - Actual JSON Value"
2023-01-22 22:07:47.964 &amp#27;[32m INFO&amp#27;[m &amp#27;[35m[@503 - main]&amp#27;[m &amp#27;[36mcom.shaft.tools.io.ReportManager&amp#27;[m : Successfully created attachment "SHAFT Engine Logs - Current Method log: InValid_Get_Tax_Policy_With_Missing_Token_TC"
]]></system-out>
  </testcase>
  <testcase name="InValid_Get_Usage_Policy_With_InValid_Token_TC[[Ljava.lang.Object;@10f98156](1)" classname="SteeringCompanyAPI_TestCases.Test_Policies_Cases" time="1.831">
    <system-out><![CDATA[2023-01-22 22:07:47.972 &amp#27;[32m INFO&amp#27;[m &amp#27;[35m[@534 - main]&amp#27;[m &amp#27;[36mcom.shaft.tools.io.ReportManager&amp#27;[m : 
################################################################################################################################################
Starting Execution:	"198 out of 83" test cases in the current suite
Test Method:		"SteeringCompanyAPI_TestCases.Test_Policies_Cases.InValid_Get_Usage_Policy_With_InValid_Token_TC"
Test Description:	"TC045 -Policy- Perform Get Usage Policy With InValid/Expired Token"
################################################################################################################################################
2023-01-22 22:07:47.972 &amp#27;[32m INFO&amp#27;[m &amp#27;[35m[@503 - main]&amp#27;[m &amp#27;[36mcom.shaft.tools.io.ReportManager&amp#27;[m : File Action "DoesFileExist" successfully performed. With the following test data "File Path: "SteeringCompanyAPI_TestData/SteeringCompanyAPI_TestData.xlsx"".
2023-01-22 22:07:48.034 &amp#27;[32m INFO&amp#27;[m &amp#27;[35m[@503 - main]&amp#27;[m &amp#27;[36mcom.shaft.tools.io.ReportManager&amp#27;[m : Successfully created attachment "Test Data - Excel"
2023-01-22 22:07:48.034 &amp#27;[32m INFO&amp#27;[m &amp#27;[35m[@503 - main]&amp#27;[m &amp#27;[36mcom.shaft.tools.io.ReportManager&amp#27;[m : File Action "DoesFileExist" successfully performed. With the following test data "File Path: "SteeringCompanyAPI_TestData/SteeringCompanyAPI_TestData.xlsx"".
2023-01-22 22:07:48.068 &amp#27;[32m INFO&amp#27;[m &amp#27;[35m[@503 - main]&amp#27;[m &amp#27;[36mcom.shaft.tools.io.ReportManager&amp#27;[m : Successfully created attachment "Test Data - Excel"
2023-01-22 22:07:48.068 &amp#27;[32m INFO&amp#27;[m &amp#27;[35m[@503 - main]&amp#27;[m &amp#27;[36mcom.shaft.tools.io.ReportManager&amp#27;[m : File Action "DoesFileExist" successfully performed. With the following test data "File Path: "SteeringCompanyAPI_TestData/SteeringCompanyAPI_TestData.xlsx"".
2023-01-22 22:07:48.111 &amp#27;[32m INFO&amp#27;[m &amp#27;[35m[@503 - main]&amp#27;[m &amp#27;[36mcom.shaft.tools.io.ReportManager&amp#27;[m : Successfully created attachment "Test Data - Excel"
2023-01-22 22:07:49.793 &amp#27;[32m INFO&amp#27;[m &amp#27;[35m[@503 - main]&amp#27;[m &amp#27;[36mcom.shaft.tools.io.ReportManager&amp#27;[m : Response status code: "401", status line: "HTTP/1.1 401 "
2023-01-22 22:07:49.797 &amp#27;[32m INFO&amp#27;[m &amp#27;[35m[@503 - main]&amp#27;[m &amp#27;[36mcom.shaft.tools.io.ReportManager&amp#27;[m : Successfully created attachment "API Request - Specifications"
2023-01-22 22:07:49.798 &amp#27;[32m INFO&amp#27;[m &amp#27;[35m[@503 - main]&amp#27;[m &amp#27;[36mcom.shaft.tools.io.ReportManager&amp#27;[m : Successfully created attachment "API Response - JSON Body"
2023-01-22 22:07:49.800 &amp#27;[32m INFO&amp#27;[m &amp#27;[35m[@503 - main]&amp#27;[m &amp#27;[36mcom.shaft.tools.io.ReportManager&amp#27;[m : Successfully created attachment "SHAFT Engine Logs - Current Method log: InValid_Get_Usage_Policy_With_InValid_Token_TC"
]]></system-out>
  </testcase>
  <testcase name="InValid_Get_Usage_Policy_With_InValid_Token_TC[[Ljava.lang.Object;@342263d0](2)" classname="SteeringCompanyAPI_TestCases.Test_Policies_Cases" time="1.797">
    <system-out><![CDATA[2023-01-22 22:07:49.802 &amp#27;[32m INFO&amp#27;[m &amp#27;[35m[@534 - main]&amp#27;[m &amp#27;[36mcom.shaft.tools.io.ReportManager&amp#27;[m : 
################################################################################################################################################
Starting Execution:	"199 out of 83" test cases in the current suite
Test Method:		"SteeringCompanyAPI_TestCases.Test_Policies_Cases.InValid_Get_Usage_Policy_With_InValid_Token_TC"
Test Description:	"TC045 -Policy- Perform Get Usage Policy With InValid/Expired Token"
################################################################################################################################################
2023-01-22 22:07:49.802 &amp#27;[32m INFO&amp#27;[m &amp#27;[35m[@503 - main]&amp#27;[m &amp#27;[36mcom.shaft.tools.io.ReportManager&amp#27;[m : File Action "DoesFileExist" successfully performed. With the following test data "File Path: "SteeringCompanyAPI_TestData/SteeringCompanyAPI_TestData.xlsx"".
2023-01-22 22:07:49.829 &amp#27;[32m INFO&amp#27;[m &amp#27;[35m[@503 - main]&amp#27;[m &amp#27;[36mcom.shaft.tools.io.ReportManager&amp#27;[m : Successfully created attachment "Test Data - Excel"
2023-01-22 22:07:49.829 &amp#27;[32m INFO&amp#27;[m &amp#27;[35m[@503 - main]&amp#27;[m &amp#27;[36mcom.shaft.tools.io.ReportManager&amp#27;[m : File Action "DoesFileExist" successfully performed. With the following test data "File Path: "SteeringCompanyAPI_TestData/SteeringCompanyAPI_TestData.xlsx"".
2023-01-22 22:07:49.854 &amp#27;[32m INFO&amp#27;[m &amp#27;[35m[@503 - main]&amp#27;[m &amp#27;[36mcom.shaft.tools.io.ReportManager&amp#27;[m : Successfully created attachment "Test Data - Excel"
2023-01-22 22:07:49.855 &amp#27;[32m INFO&amp#27;[m &amp#27;[35m[@503 - main]&amp#27;[m &amp#27;[36mcom.shaft.tools.io.ReportManager&amp#27;[m : File Action "DoesFileExist" successfully performed. With the following test data "File Path: "SteeringCompanyAPI_TestData/SteeringCompanyAPI_TestData.xlsx"".
2023-01-22 22:07:49.877 &amp#27;[32m INFO&amp#27;[m &amp#27;[35m[@503 - main]&amp#27;[m &amp#27;[36mcom.shaft.tools.io.ReportManager&amp#27;[m : Successfully created attachment "Test Data - Excel"
2023-01-22 22:07:51.591 &amp#27;[32m INFO&amp#27;[m &amp#27;[35m[@503 - main]&amp#27;[m &amp#27;[36mcom.shaft.tools.io.ReportManager&amp#27;[m : Response status code: "401", status line: "HTTP/1.1 401 "
2023-01-22 22:07:51.593 &amp#27;[32m INFO&amp#27;[m &amp#27;[35m[@503 - main]&amp#27;[m &amp#27;[36mcom.shaft.tools.io.ReportManager&amp#27;[m : Successfully created attachment "API Request - Specifications"
2023-01-22 22:07:51.594 &amp#27;[32m INFO&amp#27;[m &amp#27;[35m[@503 - main]&amp#27;[m &amp#27;[36mcom.shaft.tools.io.ReportManager&amp#27;[m : Successfully created attachment "API Response - JSON Body"
2023-01-22 22:07:51.597 &amp#27;[32m INFO&amp#27;[m &amp#27;[35m[@503 - main]&amp#27;[m &amp#27;[36mcom.shaft.tools.io.ReportManager&amp#27;[m : Successfully created attachment "SHAFT Engine Logs - Current Method log: InValid_Get_Usage_Policy_With_InValid_Token_TC"
]]></system-out>
  </testcase>
  <testcase name="InValid_Get_Usage_Policy_With_Missing_Token_TC[[Ljava.lang.Object;@5b97d400](1)" classname="SteeringCompanyAPI_TestCases.Test_Policies_Cases" time="1.792">
    <system-out><![CDATA[2023-01-22 22:07:51.602 &amp#27;[32m INFO&amp#27;[m &amp#27;[35m[@534 - main]&amp#27;[m &amp#27;[36mcom.shaft.tools.io.ReportManager&amp#27;[m : 
################################################################################################################################################
Starting Execution:	"200 out of 83" test cases in the current suite
Test Method:		"SteeringCompanyAPI_TestCases.Test_Policies_Cases.InValid_Get_Usage_Policy_With_Missing_Token_TC"
Test Description:	"TC044 -Policy- Perform Get Usage Policy With Missing Token"
################################################################################################################################################
2023-01-22 22:07:51.603 &amp#27;[32m INFO&amp#27;[m &amp#27;[35m[@503 - main]&amp#27;[m &amp#27;[36mcom.shaft.tools.io.ReportManager&amp#27;[m : File Action "DoesFileExist" successfully performed. With the following test data "File Path: "SteeringCompanyAPI_TestData/SteeringCompanyAPI_TestData.xlsx"".
2023-01-22 22:07:51.624 &amp#27;[32m INFO&amp#27;[m &amp#27;[35m[@503 - main]&amp#27;[m &amp#27;[36mcom.shaft.tools.io.ReportManager&amp#27;[m : Successfully created attachment "Test Data - Excel"
2023-01-22 22:07:51.624 &amp#27;[32m INFO&amp#27;[m &amp#27;[35m[@503 - main]&amp#27;[m &amp#27;[36mcom.shaft.tools.io.ReportManager&amp#27;[m : File Action "DoesFileExist" successfully performed. With the following test data "File Path: "SteeringCompanyAPI_TestData/SteeringCompanyAPI_TestData.xlsx"".
2023-01-22 22:07:51.646 &amp#27;[32m INFO&amp#27;[m &amp#27;[35m[@503 - main]&amp#27;[m &amp#27;[36mcom.shaft.tools.io.ReportManager&amp#27;[m : Successfully created attachment "Test Data - Excel"
2023-01-22 22:07:51.647 &amp#27;[32m INFO&amp#27;[m &amp#27;[35m[@503 - main]&amp#27;[m &amp#27;[36mcom.shaft.tools.io.ReportManager&amp#27;[m : File Action "DoesFileExist" successfully performed. With the following test data "File Path: "SteeringCompanyAPI_TestData/SteeringCompanyAPI_TestData.xlsx"".
2023-01-22 22:07:51.678 &amp#27;[32m INFO&amp#27;[m &amp#27;[35m[@503 - main]&amp#27;[m &amp#27;[36mcom.shaft.tools.io.ReportManager&amp#27;[m : Successfully created attachment "Test Data - Excel"
2023-01-22 22:07:53.377 &amp#27;[32m INFO&amp#27;[m &amp#27;[35m[@503 - main]&amp#27;[m &amp#27;[36mcom.shaft.tools.io.ReportManager&amp#27;[m : Response status code: "401", status line: "HTTP/1.1 401 "
2023-01-22 22:07:53.386 &amp#27;[32m INFO&amp#27;[m &amp#27;[35m[@503 - main]&amp#27;[m &amp#27;[36mcom.shaft.tools.io.ReportManager&amp#27;[m : Successfully created attachment "API Request - Specifications"
2023-01-22 22:07:53.387 &amp#27;[32m INFO&amp#27;[m &amp#27;[35m[@503 - main]&amp#27;[m &amp#27;[36mcom.shaft.tools.io.ReportManager&amp#27;[m : Successfully created attachment "API Response - JSON Body"
2023-01-22 22:07:53.387 &amp#27;[32m INFO&amp#27;[m &amp#27;[35m[@503 - main]&amp#27;[m &amp#27;[36mcom.shaft.tools.io.ReportManager&amp#27;[m : File Action "DoesFileExist" successfully performed. With the following test data "File Path: "Schemas/InvalidTokenRequest_Unauthorized_schema.json"".
2023-01-22 22:07:53.387 &amp#27;[32m INFO&amp#27;[m &amp#27;[35m[@503 - main]&amp#27;[m &amp#27;[36mcom.shaft.tools.io.ReportManager&amp#27;[m : File Action "DoesFileExist" successfully performed. With the following test data "File Path: "src/test/resources/testDataFiles/Schemas/InvalidTokenRequest_Unauthorized_schema.json"".
2023-01-22 22:07:53.387 &amp#27;[32m INFO&amp#27;[m &amp#27;[35m[@503 - main]&amp#27;[m &amp#27;[36mcom.shaft.tools.io.ReportManager&amp#27;[m : File Action "GetAbsolutePath" successfully performed. With the following test data "Relative Folder Path: "src/test/resources/testDataFiles/Schemas/InvalidTokenRequest_Unauthorized_schema.json"".
2023-01-22 22:07:53.389 &amp#27;[32m INFO&amp#27;[m &amp#27;[35m[@503 - main]&amp#27;[m &amp#27;[36mcom.shaft.tools.io.ReportManager&amp#27;[m : File Action "DoesFileExist" successfully performed. With the following test data "File Path: "C:\eclipse-workspace\MyProjects\TASystemsAPIs\src\test\resources\testDataFiles\Schemas\InvalidTokenRequest_Unauthorized_schema.json"".
2023-01-22 22:07:53.389 &amp#27;[32m INFO&amp#27;[m &amp#27;[35m[@503 - main]&amp#27;[m &amp#27;[36mcom.shaft.tools.io.ReportManager&amp#27;[m : File Action "GetAbsolutePath" successfully performed. With the following test data "Relative Folder Path: "C:\eclipse-workspace\MyProjects\TASystemsAPIs\src\test\resources\testDataFiles\Schemas\InvalidTokenRequest_Unauthorized_schema.json"".
2023-01-22 22:07:53.389 &amp#27;[32m INFO&amp#27;[m &amp#27;[35m[@503 - main]&amp#27;[m &amp#27;[36mcom.shaft.tools.io.ReportManager&amp#27;[m : File Action "ReadFile" successfully performed. With the following test data "File Path: "C:\eclipse-workspace\MyProjects\TASystemsAPIs\src\test\resources\testDataFiles\Schemas\InvalidTokenRequest_Unauthorized_schema.json"".
2023-01-22 22:07:53.391 &amp#27;[32m INFO&amp#27;[m &amp#27;[35m[@503 - main]&amp#27;[m &amp#27;[36mcom.shaft.tools.io.ReportManager&amp#27;[m : Successfully created attachment "Validation Test Data - Expected JSON Value"
2023-01-22 22:07:53.392 &amp#27;[32m INFO&amp#27;[m &amp#27;[35m[@503 - main]&amp#27;[m &amp#27;[36mcom.shaft.tools.io.ReportManager&amp#27;[m : Successfully created attachment "Validation Test Data - Actual JSON Value"
2023-01-22 22:07:53.393 &amp#27;[32m INFO&amp#27;[m &amp#27;[35m[@503 - main]&amp#27;[m &amp#27;[36mcom.shaft.tools.io.ReportManager&amp#27;[m : Successfully created attachment "SHAFT Engine Logs - Current Method log: InValid_Get_Usage_Policy_With_Missing_Token_TC"
]]></system-out>
  </testcase>
  <testcase name="InValid_Get_Usage_Policy_With_Missing_Token_TC[[Ljava.lang.Object;@76b6a07b](2)" classname="SteeringCompanyAPI_TestCases.Test_Policies_Cases" time="2.413">
    <system-out><![CDATA[2023-01-22 22:07:53.396 &amp#27;[32m INFO&amp#27;[m &amp#27;[35m[@534 - main]&amp#27;[m &amp#27;[36mcom.shaft.tools.io.ReportManager&amp#27;[m : 
################################################################################################################################################
Starting Execution:	"201 out of 83" test cases in the current suite
Test Method:		"SteeringCompanyAPI_TestCases.Test_Policies_Cases.InValid_Get_Usage_Policy_With_Missing_Token_TC"
Test Description:	"TC044 -Policy- Perform Get Usage Policy With Missing Token"
################################################################################################################################################
2023-01-22 22:07:53.396 &amp#27;[32m INFO&amp#27;[m &amp#27;[35m[@503 - main]&amp#27;[m &amp#27;[36mcom.shaft.tools.io.ReportManager&amp#27;[m : File Action "DoesFileExist" successfully performed. With the following test data "File Path: "SteeringCompanyAPI_TestData/SteeringCompanyAPI_TestData.xlsx"".
2023-01-22 22:07:53.424 &amp#27;[32m INFO&amp#27;[m &amp#27;[35m[@503 - main]&amp#27;[m &amp#27;[36mcom.shaft.tools.io.ReportManager&amp#27;[m : Successfully created attachment "Test Data - Excel"
2023-01-22 22:07:53.425 &amp#27;[32m INFO&amp#27;[m &amp#27;[35m[@503 - main]&amp#27;[m &amp#27;[36mcom.shaft.tools.io.ReportManager&amp#27;[m : File Action "DoesFileExist" successfully performed. With the following test data "File Path: "SteeringCompanyAPI_TestData/SteeringCompanyAPI_TestData.xlsx"".
2023-01-22 22:07:53.449 &amp#27;[32m INFO&amp#27;[m &amp#27;[35m[@503 - main]&amp#27;[m &amp#27;[36mcom.shaft.tools.io.ReportManager&amp#27;[m : Successfully created attachment "Test Data - Excel"
2023-01-22 22:07:53.450 &amp#27;[32m INFO&amp#27;[m &amp#27;[35m[@503 - main]&amp#27;[m &amp#27;[36mcom.shaft.tools.io.ReportManager&amp#27;[m : File Action "DoesFileExist" successfully performed. With the following test data "File Path: "SteeringCompanyAPI_TestData/SteeringCompanyAPI_TestData.xlsx"".
2023-01-22 22:07:53.471 &amp#27;[32m INFO&amp#27;[m &amp#27;[35m[@503 - main]&amp#27;[m &amp#27;[36mcom.shaft.tools.io.ReportManager&amp#27;[m : Successfully created attachment "Test Data - Excel"
2023-01-22 22:07:55.789 &amp#27;[32m INFO&amp#27;[m &amp#27;[35m[@503 - main]&amp#27;[m &amp#27;[36mcom.shaft.tools.io.ReportManager&amp#27;[m : Response status code: "401", status line: "HTTP/1.1 401 "
2023-01-22 22:07:55.798 &amp#27;[32m INFO&amp#27;[m &amp#27;[35m[@503 - main]&amp#27;[m &amp#27;[36mcom.shaft.tools.io.ReportManager&amp#27;[m : Successfully created attachment "API Request - Specifications"
2023-01-22 22:07:55.800 &amp#27;[32m INFO&amp#27;[m &amp#27;[35m[@503 - main]&amp#27;[m &amp#27;[36mcom.shaft.tools.io.ReportManager&amp#27;[m : Successfully created attachment "API Response - JSON Body"
2023-01-22 22:07:55.800 &amp#27;[32m INFO&amp#27;[m &amp#27;[35m[@503 - main]&amp#27;[m &amp#27;[36mcom.shaft.tools.io.ReportManager&amp#27;[m : File Action "DoesFileExist" successfully performed. With the following test data "File Path: "Schemas/InvalidTokenRequest_Unauthorized_schema.json"".
2023-01-22 22:07:55.800 &amp#27;[32m INFO&amp#27;[m &amp#27;[35m[@503 - main]&amp#27;[m &amp#27;[36mcom.shaft.tools.io.ReportManager&amp#27;[m : File Action "DoesFileExist" successfully performed. With the following test data "File Path: "src/test/resources/testDataFiles/Schemas/InvalidTokenRequest_Unauthorized_schema.json"".
2023-01-22 22:07:55.801 &amp#27;[32m INFO&amp#27;[m &amp#27;[35m[@503 - main]&amp#27;[m &amp#27;[36mcom.shaft.tools.io.ReportManager&amp#27;[m : File Action "GetAbsolutePath" successfully performed. With the following test data "Relative Folder Path: "src/test/resources/testDataFiles/Schemas/InvalidTokenRequest_Unauthorized_schema.json"".
2023-01-22 22:07:55.802 &amp#27;[32m INFO&amp#27;[m &amp#27;[35m[@503 - main]&amp#27;[m &amp#27;[36mcom.shaft.tools.io.ReportManager&amp#27;[m : File Action "DoesFileExist" successfully performed. With the following test data "File Path: "C:\eclipse-workspace\MyProjects\TASystemsAPIs\src\test\resources\testDataFiles\Schemas\InvalidTokenRequest_Unauthorized_schema.json"".
2023-01-22 22:07:55.802 &amp#27;[32m INFO&amp#27;[m &amp#27;[35m[@503 - main]&amp#27;[m &amp#27;[36mcom.shaft.tools.io.ReportManager&amp#27;[m : File Action "GetAbsolutePath" successfully performed. With the following test data "Relative Folder Path: "C:\eclipse-workspace\MyProjects\TASystemsAPIs\src\test\resources\testDataFiles\Schemas\InvalidTokenRequest_Unauthorized_schema.json"".
2023-01-22 22:07:55.802 &amp#27;[32m INFO&amp#27;[m &amp#27;[35m[@503 - main]&amp#27;[m &amp#27;[36mcom.shaft.tools.io.ReportManager&amp#27;[m : File Action "ReadFile" successfully performed. With the following test data "File Path: "C:\eclipse-workspace\MyProjects\TASystemsAPIs\src\test\resources\testDataFiles\Schemas\InvalidTokenRequest_Unauthorized_schema.json"".
2023-01-22 22:07:55.803 &amp#27;[32m INFO&amp#27;[m &amp#27;[35m[@503 - main]&amp#27;[m &amp#27;[36mcom.shaft.tools.io.ReportManager&amp#27;[m : Successfully created attachment "Validation Test Data - Expected JSON Value"
2023-01-22 22:07:55.804 &amp#27;[32m INFO&amp#27;[m &amp#27;[35m[@503 - main]&amp#27;[m &amp#27;[36mcom.shaft.tools.io.ReportManager&amp#27;[m : Successfully created attachment "Validation Test Data - Actual JSON Value"
2023-01-22 22:07:55.806 &amp#27;[32m INFO&amp#27;[m &amp#27;[35m[@503 - main]&amp#27;[m &amp#27;[36mcom.shaft.tools.io.ReportManager&amp#27;[m : Successfully created attachment "SHAFT Engine Logs - Current Method log: InValid_Get_Usage_Policy_With_Missing_Token_TC"
]]></system-out>
  </testcase>
  <testcase name="InValid_Update_Cancel_Policy_With_Invalid_Token_TC[[Ljava.lang.Object;@601b1922](1)" classname="SteeringCompanyAPI_TestCases.Test_Policies_Cases" time="1.259">
    <system-out><![CDATA[2023-01-22 22:07:55.812 &amp#27;[32m INFO&amp#27;[m &amp#27;[35m[@534 - main]&amp#27;[m &amp#27;[36mcom.shaft.tools.io.ReportManager&amp#27;[m : 
################################################################################################################################################
Starting Execution:	"202 out of 83" test cases in the current suite
Test Method:		"SteeringCompanyAPI_TestCases.Test_Policies_Cases.InValid_Update_Cancel_Policy_With_Invalid_Token_TC"
Test Description:	"TC031 -Policy- Perform Update Cancel Policy with Invalid/Expired Token"
################################################################################################################################################
2023-01-22 22:07:55.813 &amp#27;[32m INFO&amp#27;[m &amp#27;[35m[@503 - main]&amp#27;[m &amp#27;[36mcom.shaft.tools.io.ReportManager&amp#27;[m : File Action "DoesFileExist" successfully performed. With the following test data "File Path: "SteeringCompanyAPI_TestData/SteeringCompanyAPI_TestData.xlsx"".
2023-01-22 22:07:55.835 &amp#27;[32m INFO&amp#27;[m &amp#27;[35m[@503 - main]&amp#27;[m &amp#27;[36mcom.shaft.tools.io.ReportManager&amp#27;[m : Successfully created attachment "Test Data - Excel"
2023-01-22 22:07:55.835 &amp#27;[32m INFO&amp#27;[m &amp#27;[35m[@503 - main]&amp#27;[m &amp#27;[36mcom.shaft.tools.io.ReportManager&amp#27;[m : File Action "DoesFileExist" successfully performed. With the following test data "File Path: "SteeringCompanyAPI_TestData/SteeringCompanyAPI_TestData.xlsx"".
2023-01-22 22:07:55.873 &amp#27;[32m INFO&amp#27;[m &amp#27;[35m[@503 - main]&amp#27;[m &amp#27;[36mcom.shaft.tools.io.ReportManager&amp#27;[m : Successfully created attachment "Test Data - Excel"
2023-01-22 22:07:55.873 &amp#27;[32m INFO&amp#27;[m &amp#27;[35m[@503 - main]&amp#27;[m &amp#27;[36mcom.shaft.tools.io.ReportManager&amp#27;[m : File Action "DoesFileExist" successfully performed. With the following test data "File Path: "SteeringCompanyAPI_TestData/SteeringCompanyAPI_TestData.xlsx"".
2023-01-22 22:07:55.896 &amp#27;[32m INFO&amp#27;[m &amp#27;[35m[@503 - main]&amp#27;[m &amp#27;[36mcom.shaft.tools.io.ReportManager&amp#27;[m : Successfully created attachment "Test Data - Excel"
2023-01-22 22:07:57.064 &amp#27;[32m INFO&amp#27;[m &amp#27;[35m[@503 - main]&amp#27;[m &amp#27;[36mcom.shaft.tools.io.ReportManager&amp#27;[m : Response status code: "401", status line: "HTTP/1.1 401 "
2023-01-22 22:07:57.066 &amp#27;[32m INFO&amp#27;[m &amp#27;[35m[@503 - main]&amp#27;[m &amp#27;[36mcom.shaft.tools.io.ReportManager&amp#27;[m : Successfully created attachment "API Request - Specifications"
2023-01-22 22:07:57.067 &amp#27;[32m INFO&amp#27;[m &amp#27;[35m[@503 - main]&amp#27;[m &amp#27;[36mcom.shaft.tools.io.ReportManager&amp#27;[m : Successfully created attachment "API Request - JSON Body"
2023-01-22 22:07:57.067 &amp#27;[32m INFO&amp#27;[m &amp#27;[35m[@503 - main]&amp#27;[m &amp#27;[36mcom.shaft.tools.io.ReportManager&amp#27;[m : Successfully created attachment "API Response - JSON Body"
2023-01-22 22:07:57.069 &amp#27;[32m INFO&amp#27;[m &amp#27;[35m[@503 - main]&amp#27;[m &amp#27;[36mcom.shaft.tools.io.ReportManager&amp#27;[m : Successfully created attachment "SHAFT Engine Logs - Current Method log: InValid_Update_Cancel_Policy_With_Invalid_Token_TC"
]]></system-out>
  </testcase>
  <testcase name="InValid_Update_Cancel_Policy_With_Invalid_Token_TC[[Ljava.lang.Object;@3e135475](2)" classname="SteeringCompanyAPI_TestCases.Test_Policies_Cases" time="0.929">
    <system-out><![CDATA[2023-01-22 22:07:57.072 &amp#27;[32m INFO&amp#27;[m &amp#27;[35m[@534 - main]&amp#27;[m &amp#27;[36mcom.shaft.tools.io.ReportManager&amp#27;[m : 
################################################################################################################################################
Starting Execution:	"203 out of 83" test cases in the current suite
Test Method:		"SteeringCompanyAPI_TestCases.Test_Policies_Cases.InValid_Update_Cancel_Policy_With_Invalid_Token_TC"
Test Description:	"TC031 -Policy- Perform Update Cancel Policy with Invalid/Expired Token"
################################################################################################################################################
2023-01-22 22:07:57.072 &amp#27;[32m INFO&amp#27;[m &amp#27;[35m[@503 - main]&amp#27;[m &amp#27;[36mcom.shaft.tools.io.ReportManager&amp#27;[m : File Action "DoesFileExist" successfully performed. With the following test data "File Path: "SteeringCompanyAPI_TestData/SteeringCompanyAPI_TestData.xlsx"".
2023-01-22 22:07:57.093 &amp#27;[32m INFO&amp#27;[m &amp#27;[35m[@503 - main]&amp#27;[m &amp#27;[36mcom.shaft.tools.io.ReportManager&amp#27;[m : Successfully created attachment "Test Data - Excel"
2023-01-22 22:07:57.093 &amp#27;[32m INFO&amp#27;[m &amp#27;[35m[@503 - main]&amp#27;[m &amp#27;[36mcom.shaft.tools.io.ReportManager&amp#27;[m : File Action "DoesFileExist" successfully performed. With the following test data "File Path: "SteeringCompanyAPI_TestData/SteeringCompanyAPI_TestData.xlsx"".
2023-01-22 22:07:57.113 &amp#27;[32m INFO&amp#27;[m &amp#27;[35m[@503 - main]&amp#27;[m &amp#27;[36mcom.shaft.tools.io.ReportManager&amp#27;[m : Successfully created attachment "Test Data - Excel"
2023-01-22 22:07:57.113 &amp#27;[32m INFO&amp#27;[m &amp#27;[35m[@503 - main]&amp#27;[m &amp#27;[36mcom.shaft.tools.io.ReportManager&amp#27;[m : File Action "DoesFileExist" successfully performed. With the following test data "File Path: "SteeringCompanyAPI_TestData/SteeringCompanyAPI_TestData.xlsx"".
2023-01-22 22:07:57.133 &amp#27;[32m INFO&amp#27;[m &amp#27;[35m[@503 - main]&amp#27;[m &amp#27;[36mcom.shaft.tools.io.ReportManager&amp#27;[m : Successfully created attachment "Test Data - Excel"
2023-01-22 22:07:57.991 &amp#27;[32m INFO&amp#27;[m &amp#27;[35m[@503 - main]&amp#27;[m &amp#27;[36mcom.shaft.tools.io.ReportManager&amp#27;[m : Response status code: "401", status line: "HTTP/1.1 401 "
2023-01-22 22:07:57.996 &amp#27;[32m INFO&amp#27;[m &amp#27;[35m[@503 - main]&amp#27;[m &amp#27;[36mcom.shaft.tools.io.ReportManager&amp#27;[m : Successfully created attachment "API Request - Specifications"
2023-01-22 22:07:57.996 &amp#27;[32m INFO&amp#27;[m &amp#27;[35m[@503 - main]&amp#27;[m &amp#27;[36mcom.shaft.tools.io.ReportManager&amp#27;[m : Successfully created attachment "API Request - JSON Body"
2023-01-22 22:07:57.997 &amp#27;[32m INFO&amp#27;[m &amp#27;[35m[@503 - main]&amp#27;[m &amp#27;[36mcom.shaft.tools.io.ReportManager&amp#27;[m : Successfully created attachment "API Response - JSON Body"
2023-01-22 22:07:57.999 &amp#27;[32m INFO&amp#27;[m &amp#27;[35m[@503 - main]&amp#27;[m &amp#27;[36mcom.shaft.tools.io.ReportManager&amp#27;[m : Successfully created attachment "SHAFT Engine Logs - Current Method log: InValid_Update_Cancel_Policy_With_Invalid_Token_TC"
]]></system-out>
  </testcase>
  <testcase name="InValid_Update_Cancel_Policy_With_Missing_Token_TC[[Ljava.lang.Object;@3228c406](1)" classname="SteeringCompanyAPI_TestCases.Test_Policies_Cases" time="0.932">
    <system-out><![CDATA[2023-01-22 22:07:58.003 &amp#27;[32m INFO&amp#27;[m &amp#27;[35m[@534 - main]&amp#27;[m &amp#27;[36mcom.shaft.tools.io.ReportManager&amp#27;[m : 
################################################################################################################################################
Starting Execution:	"204 out of 83" test cases in the current suite
Test Method:		"SteeringCompanyAPI_TestCases.Test_Policies_Cases.InValid_Update_Cancel_Policy_With_Missing_Token_TC"
Test Description:	"TC030 -Policy- Perform Update Cancel Policy with missing Token"
################################################################################################################################################
2023-01-22 22:07:58.003 &amp#27;[32m INFO&amp#27;[m &amp#27;[35m[@503 - main]&amp#27;[m &amp#27;[36mcom.shaft.tools.io.ReportManager&amp#27;[m : File Action "DoesFileExist" successfully performed. With the following test data "File Path: "SteeringCompanyAPI_TestData/SteeringCompanyAPI_TestData.xlsx"".
2023-01-22 22:07:58.026 &amp#27;[32m INFO&amp#27;[m &amp#27;[35m[@503 - main]&amp#27;[m &amp#27;[36mcom.shaft.tools.io.ReportManager&amp#27;[m : Successfully created attachment "Test Data - Excel"
2023-01-22 22:07:58.026 &amp#27;[32m INFO&amp#27;[m &amp#27;[35m[@503 - main]&amp#27;[m &amp#27;[36mcom.shaft.tools.io.ReportManager&amp#27;[m : File Action "DoesFileExist" successfully performed. With the following test data "File Path: "SteeringCompanyAPI_TestData/SteeringCompanyAPI_TestData.xlsx"".
2023-01-22 22:07:58.047 &amp#27;[32m INFO&amp#27;[m &amp#27;[35m[@503 - main]&amp#27;[m &amp#27;[36mcom.shaft.tools.io.ReportManager&amp#27;[m : Successfully created attachment "Test Data - Excel"
2023-01-22 22:07:58.048 &amp#27;[32m INFO&amp#27;[m &amp#27;[35m[@503 - main]&amp#27;[m &amp#27;[36mcom.shaft.tools.io.ReportManager&amp#27;[m : File Action "DoesFileExist" successfully performed. With the following test data "File Path: "SteeringCompanyAPI_TestData/SteeringCompanyAPI_TestData.xlsx"".
2023-01-22 22:07:58.078 &amp#27;[32m INFO&amp#27;[m &amp#27;[35m[@503 - main]&amp#27;[m &amp#27;[36mcom.shaft.tools.io.ReportManager&amp#27;[m : Successfully created attachment "Test Data - Excel"
2023-01-22 22:07:58.914 &amp#27;[32m INFO&amp#27;[m &amp#27;[35m[@503 - main]&amp#27;[m &amp#27;[36mcom.shaft.tools.io.ReportManager&amp#27;[m : Response status code: "401", status line: "HTTP/1.1 401 "
2023-01-22 22:07:58.924 &amp#27;[32m INFO&amp#27;[m &amp#27;[35m[@503 - main]&amp#27;[m &amp#27;[36mcom.shaft.tools.io.ReportManager&amp#27;[m : Successfully created attachment "API Request - Specifications"
2023-01-22 22:07:58.926 &amp#27;[32m INFO&amp#27;[m &amp#27;[35m[@503 - main]&amp#27;[m &amp#27;[36mcom.shaft.tools.io.ReportManager&amp#27;[m : Successfully created attachment "API Request - JSON Body"
2023-01-22 22:07:58.927 &amp#27;[32m INFO&amp#27;[m &amp#27;[35m[@503 - main]&amp#27;[m &amp#27;[36mcom.shaft.tools.io.ReportManager&amp#27;[m : Successfully created attachment "API Response - JSON Body"
2023-01-22 22:07:58.928 &amp#27;[32m INFO&amp#27;[m &amp#27;[35m[@503 - main]&amp#27;[m &amp#27;[36mcom.shaft.tools.io.ReportManager&amp#27;[m : File Action "DoesFileExist" successfully performed. With the following test data "File Path: "Schemas/InvalidTokenRequest_Unauthorized_schema.json"".
2023-01-22 22:07:58.929 &amp#27;[32m INFO&amp#27;[m &amp#27;[35m[@503 - main]&amp#27;[m &amp#27;[36mcom.shaft.tools.io.ReportManager&amp#27;[m : File Action "DoesFileExist" successfully performed. With the following test data "File Path: "src/test/resources/testDataFiles/Schemas/InvalidTokenRequest_Unauthorized_schema.json"".
2023-01-22 22:07:58.929 &amp#27;[32m INFO&amp#27;[m &amp#27;[35m[@503 - main]&amp#27;[m &amp#27;[36mcom.shaft.tools.io.ReportManager&amp#27;[m : File Action "GetAbsolutePath" successfully performed. With the following test data "Relative Folder Path: "src/test/resources/testDataFiles/Schemas/InvalidTokenRequest_Unauthorized_schema.json"".
2023-01-22 22:07:58.930 &amp#27;[32m INFO&amp#27;[m &amp#27;[35m[@503 - main]&amp#27;[m &amp#27;[36mcom.shaft.tools.io.ReportManager&amp#27;[m : File Action "DoesFileExist" successfully performed. With the following test data "File Path: "C:\eclipse-workspace\MyProjects\TASystemsAPIs\src\test\resources\testDataFiles\Schemas\InvalidTokenRequest_Unauthorized_schema.json"".
2023-01-22 22:07:58.930 &amp#27;[32m INFO&amp#27;[m &amp#27;[35m[@503 - main]&amp#27;[m &amp#27;[36mcom.shaft.tools.io.ReportManager&amp#27;[m : File Action "GetAbsolutePath" successfully performed. With the following test data "Relative Folder Path: "C:\eclipse-workspace\MyProjects\TASystemsAPIs\src\test\resources\testDataFiles\Schemas\InvalidTokenRequest_Unauthorized_schema.json"".
2023-01-22 22:07:58.930 &amp#27;[32m INFO&amp#27;[m &amp#27;[35m[@503 - main]&amp#27;[m &amp#27;[36mcom.shaft.tools.io.ReportManager&amp#27;[m : File Action "ReadFile" successfully performed. With the following test data "File Path: "C:\eclipse-workspace\MyProjects\TASystemsAPIs\src\test\resources\testDataFiles\Schemas\InvalidTokenRequest_Unauthorized_schema.json"".
2023-01-22 22:07:58.932 &amp#27;[32m INFO&amp#27;[m &amp#27;[35m[@503 - main]&amp#27;[m &amp#27;[36mcom.shaft.tools.io.ReportManager&amp#27;[m : Successfully created attachment "Validation Test Data - Expected JSON Value"
2023-01-22 22:07:58.933 &amp#27;[32m INFO&amp#27;[m &amp#27;[35m[@503 - main]&amp#27;[m &amp#27;[36mcom.shaft.tools.io.ReportManager&amp#27;[m : Successfully created attachment "Validation Test Data - Actual JSON Value"
2023-01-22 22:07:58.934 &amp#27;[32m INFO&amp#27;[m &amp#27;[35m[@503 - main]&amp#27;[m &amp#27;[36mcom.shaft.tools.io.ReportManager&amp#27;[m : Successfully created attachment "SHAFT Engine Logs - Current Method log: InValid_Update_Cancel_Policy_With_Missing_Token_TC"
]]></system-out>
  </testcase>
  <testcase name="InValid_Update_Cancel_Policy_With_Missing_Token_TC[[Ljava.lang.Object;@21a21dfc](2)" classname="SteeringCompanyAPI_TestCases.Test_Policies_Cases" time="1.022">
    <system-out><![CDATA[2023-01-22 22:07:58.937 &amp#27;[32m INFO&amp#27;[m &amp#27;[35m[@534 - main]&amp#27;[m &amp#27;[36mcom.shaft.tools.io.ReportManager&amp#27;[m : 
################################################################################################################################################
Starting Execution:	"205 out of 83" test cases in the current suite
Test Method:		"SteeringCompanyAPI_TestCases.Test_Policies_Cases.InValid_Update_Cancel_Policy_With_Missing_Token_TC"
Test Description:	"TC030 -Policy- Perform Update Cancel Policy with missing Token"
################################################################################################################################################
2023-01-22 22:07:58.937 &amp#27;[32m INFO&amp#27;[m &amp#27;[35m[@503 - main]&amp#27;[m &amp#27;[36mcom.shaft.tools.io.ReportManager&amp#27;[m : File Action "DoesFileExist" successfully performed. With the following test data "File Path: "SteeringCompanyAPI_TestData/SteeringCompanyAPI_TestData.xlsx"".
2023-01-22 22:07:58.959 &amp#27;[32m INFO&amp#27;[m &amp#27;[35m[@503 - main]&amp#27;[m &amp#27;[36mcom.shaft.tools.io.ReportManager&amp#27;[m : Successfully created attachment "Test Data - Excel"
2023-01-22 22:07:58.960 &amp#27;[32m INFO&amp#27;[m &amp#27;[35m[@503 - main]&amp#27;[m &amp#27;[36mcom.shaft.tools.io.ReportManager&amp#27;[m : File Action "DoesFileExist" successfully performed. With the following test data "File Path: "SteeringCompanyAPI_TestData/SteeringCompanyAPI_TestData.xlsx"".
2023-01-22 22:07:58.979 &amp#27;[32m INFO&amp#27;[m &amp#27;[35m[@503 - main]&amp#27;[m &amp#27;[36mcom.shaft.tools.io.ReportManager&amp#27;[m : Successfully created attachment "Test Data - Excel"
2023-01-22 22:07:58.980 &amp#27;[32m INFO&amp#27;[m &amp#27;[35m[@503 - main]&amp#27;[m &amp#27;[36mcom.shaft.tools.io.ReportManager&amp#27;[m : File Action "DoesFileExist" successfully performed. With the following test data "File Path: "SteeringCompanyAPI_TestData/SteeringCompanyAPI_TestData.xlsx"".
2023-01-22 22:07:58.999 &amp#27;[32m INFO&amp#27;[m &amp#27;[35m[@503 - main]&amp#27;[m &amp#27;[36mcom.shaft.tools.io.ReportManager&amp#27;[m : Successfully created attachment "Test Data - Excel"
2023-01-22 22:07:59.938 &amp#27;[32m INFO&amp#27;[m &amp#27;[35m[@503 - main]&amp#27;[m &amp#27;[36mcom.shaft.tools.io.ReportManager&amp#27;[m : Response status code: "401", status line: "HTTP/1.1 401 "
2023-01-22 22:07:59.947 &amp#27;[32m INFO&amp#27;[m &amp#27;[35m[@503 - main]&amp#27;[m &amp#27;[36mcom.shaft.tools.io.ReportManager&amp#27;[m : Successfully created attachment "API Request - Specifications"
2023-01-22 22:07:59.948 &amp#27;[32m INFO&amp#27;[m &amp#27;[35m[@503 - main]&amp#27;[m &amp#27;[36mcom.shaft.tools.io.ReportManager&amp#27;[m : Successfully created attachment "API Request - JSON Body"
2023-01-22 22:07:59.949 &amp#27;[32m INFO&amp#27;[m &amp#27;[35m[@503 - main]&amp#27;[m &amp#27;[36mcom.shaft.tools.io.ReportManager&amp#27;[m : Successfully created attachment "API Response - JSON Body"
2023-01-22 22:07:59.950 &amp#27;[32m INFO&amp#27;[m &amp#27;[35m[@503 - main]&amp#27;[m &amp#27;[36mcom.shaft.tools.io.ReportManager&amp#27;[m : File Action "DoesFileExist" successfully performed. With the following test data "File Path: "Schemas/InvalidTokenRequest_Unauthorized_schema.json"".
2023-01-22 22:07:59.950 &amp#27;[32m INFO&amp#27;[m &amp#27;[35m[@503 - main]&amp#27;[m &amp#27;[36mcom.shaft.tools.io.ReportManager&amp#27;[m : File Action "DoesFileExist" successfully performed. With the following test data "File Path: "src/test/resources/testDataFiles/Schemas/InvalidTokenRequest_Unauthorized_schema.json"".
2023-01-22 22:07:59.950 &amp#27;[32m INFO&amp#27;[m &amp#27;[35m[@503 - main]&amp#27;[m &amp#27;[36mcom.shaft.tools.io.ReportManager&amp#27;[m : File Action "GetAbsolutePath" successfully performed. With the following test data "Relative Folder Path: "src/test/resources/testDataFiles/Schemas/InvalidTokenRequest_Unauthorized_schema.json"".
2023-01-22 22:07:59.951 &amp#27;[32m INFO&amp#27;[m &amp#27;[35m[@503 - main]&amp#27;[m &amp#27;[36mcom.shaft.tools.io.ReportManager&amp#27;[m : File Action "DoesFileExist" successfully performed. With the following test data "File Path: "C:\eclipse-workspace\MyProjects\TASystemsAPIs\src\test\resources\testDataFiles\Schemas\InvalidTokenRequest_Unauthorized_schema.json"".
2023-01-22 22:07:59.951 &amp#27;[32m INFO&amp#27;[m &amp#27;[35m[@503 - main]&amp#27;[m &amp#27;[36mcom.shaft.tools.io.ReportManager&amp#27;[m : File Action "GetAbsolutePath" successfully performed. With the following test data "Relative Folder Path: "C:\eclipse-workspace\MyProjects\TASystemsAPIs\src\test\resources\testDataFiles\Schemas\InvalidTokenRequest_Unauthorized_schema.json"".
2023-01-22 22:07:59.952 &amp#27;[32m INFO&amp#27;[m &amp#27;[35m[@503 - main]&amp#27;[m &amp#27;[36mcom.shaft.tools.io.ReportManager&amp#27;[m : File Action "ReadFile" successfully performed. With the following test data "File Path: "C:\eclipse-workspace\MyProjects\TASystemsAPIs\src\test\resources\testDataFiles\Schemas\InvalidTokenRequest_Unauthorized_schema.json"".
2023-01-22 22:07:59.953 &amp#27;[32m INFO&amp#27;[m &amp#27;[35m[@503 - main]&amp#27;[m &amp#27;[36mcom.shaft.tools.io.ReportManager&amp#27;[m : Successfully created attachment "Validation Test Data - Expected JSON Value"
2023-01-22 22:07:59.954 &amp#27;[32m INFO&amp#27;[m &amp#27;[35m[@503 - main]&amp#27;[m &amp#27;[36mcom.shaft.tools.io.ReportManager&amp#27;[m : Successfully created attachment "Validation Test Data - Actual JSON Value"
2023-01-22 22:07:59.955 &amp#27;[32m INFO&amp#27;[m &amp#27;[35m[@503 - main]&amp#27;[m &amp#27;[36mcom.shaft.tools.io.ReportManager&amp#27;[m : Successfully created attachment "SHAFT Engine Logs - Current Method log: InValid_Update_Cancel_Policy_With_Missing_Token_TC"
]]></system-out>
  </testcase>
  <testcase name="InValid_Update_General_Policy_With_InValid_Token_TC[[Ljava.lang.Object;@5673e545](1)" classname="SteeringCompanyAPI_TestCases.Test_Policies_Cases" time="1.002">
    <system-out><![CDATA[2023-01-22 22:07:59.960 &amp#27;[32m INFO&amp#27;[m &amp#27;[35m[@534 - main]&amp#27;[m &amp#27;[36mcom.shaft.tools.io.ReportManager&amp#27;[m : 
################################################################################################################################################
Starting Execution:	"206 out of 83" test cases in the current suite
Test Method:		"SteeringCompanyAPI_TestCases.Test_Policies_Cases.InValid_Update_General_Policy_With_InValid_Token_TC"
Test Description:	"TC039 -Policy- Perform Update General Policy With InValid/Expired Token"
################################################################################################################################################
2023-01-22 22:07:59.961 &amp#27;[32m INFO&amp#27;[m &amp#27;[35m[@503 - main]&amp#27;[m &amp#27;[36mcom.shaft.tools.io.ReportManager&amp#27;[m : File Action "DoesFileExist" successfully performed. With the following test data "File Path: "SteeringCompanyAPI_TestData/SteeringCompanyAPI_TestData.xlsx"".
2023-01-22 22:07:59.981 &amp#27;[32m INFO&amp#27;[m &amp#27;[35m[@503 - main]&amp#27;[m &amp#27;[36mcom.shaft.tools.io.ReportManager&amp#27;[m : Successfully created attachment "Test Data - Excel"
2023-01-22 22:07:59.982 &amp#27;[32m INFO&amp#27;[m &amp#27;[35m[@503 - main]&amp#27;[m &amp#27;[36mcom.shaft.tools.io.ReportManager&amp#27;[m : File Action "DoesFileExist" successfully performed. With the following test data "File Path: "SteeringCompanyAPI_TestData/SteeringCompanyAPI_TestData.xlsx"".
2023-01-22 22:08:00.002 &amp#27;[32m INFO&amp#27;[m &amp#27;[35m[@503 - main]&amp#27;[m &amp#27;[36mcom.shaft.tools.io.ReportManager&amp#27;[m : Successfully created attachment "Test Data - Excel"
2023-01-22 22:08:00.002 &amp#27;[32m INFO&amp#27;[m &amp#27;[35m[@503 - main]&amp#27;[m &amp#27;[36mcom.shaft.tools.io.ReportManager&amp#27;[m : File Action "DoesFileExist" successfully performed. With the following test data "File Path: "SteeringCompanyAPI_TestData/SteeringCompanyAPI_TestData.xlsx"".
2023-01-22 22:08:00.060 &amp#27;[32m INFO&amp#27;[m &amp#27;[35m[@503 - main]&amp#27;[m &amp#27;[36mcom.shaft.tools.io.ReportManager&amp#27;[m : Successfully created attachment "Test Data - Excel"
2023-01-22 22:08:00.954 &amp#27;[32m INFO&amp#27;[m &amp#27;[35m[@503 - main]&amp#27;[m &amp#27;[36mcom.shaft.tools.io.ReportManager&amp#27;[m : Response status code: "401", status line: "HTTP/1.1 401 "
2023-01-22 22:08:00.957 &amp#27;[32m INFO&amp#27;[m &amp#27;[35m[@503 - main]&amp#27;[m &amp#27;[36mcom.shaft.tools.io.ReportManager&amp#27;[m : Successfully created attachment "API Request - Specifications"
2023-01-22 22:08:00.958 &amp#27;[32m INFO&amp#27;[m &amp#27;[35m[@503 - main]&amp#27;[m &amp#27;[36mcom.shaft.tools.io.ReportManager&amp#27;[m : Successfully created attachment "API Request - JSON Body"
2023-01-22 22:08:00.958 &amp#27;[32m INFO&amp#27;[m &amp#27;[35m[@503 - main]&amp#27;[m &amp#27;[36mcom.shaft.tools.io.ReportManager&amp#27;[m : Successfully created attachment "API Response - JSON Body"
2023-01-22 22:08:00.960 &amp#27;[32m INFO&amp#27;[m &amp#27;[35m[@503 - main]&amp#27;[m &amp#27;[36mcom.shaft.tools.io.ReportManager&amp#27;[m : Successfully created attachment "SHAFT Engine Logs - Current Method log: InValid_Update_General_Policy_With_InValid_Token_TC"
]]></system-out>
  </testcase>
  <testcase name="InValid_Update_General_Policy_With_InValid_Token_TC[[Ljava.lang.Object;@d776dfe](2)" classname="SteeringCompanyAPI_TestCases.Test_Policies_Cases" time="1.944">
    <system-out><![CDATA[2023-01-22 22:08:00.964 &amp#27;[32m INFO&amp#27;[m &amp#27;[35m[@534 - main]&amp#27;[m &amp#27;[36mcom.shaft.tools.io.ReportManager&amp#27;[m : 
################################################################################################################################################
Starting Execution:	"207 out of 83" test cases in the current suite
Test Method:		"SteeringCompanyAPI_TestCases.Test_Policies_Cases.InValid_Update_General_Policy_With_InValid_Token_TC"
Test Description:	"TC039 -Policy- Perform Update General Policy With InValid/Expired Token"
################################################################################################################################################
2023-01-22 22:08:00.965 &amp#27;[32m INFO&amp#27;[m &amp#27;[35m[@503 - main]&amp#27;[m &amp#27;[36mcom.shaft.tools.io.ReportManager&amp#27;[m : File Action "DoesFileExist" successfully performed. With the following test data "File Path: "SteeringCompanyAPI_TestData/SteeringCompanyAPI_TestData.xlsx"".
2023-01-22 22:08:00.986 &amp#27;[32m INFO&amp#27;[m &amp#27;[35m[@503 - main]&amp#27;[m &amp#27;[36mcom.shaft.tools.io.ReportManager&amp#27;[m : Successfully created attachment "Test Data - Excel"
2023-01-22 22:08:00.987 &amp#27;[32m INFO&amp#27;[m &amp#27;[35m[@503 - main]&amp#27;[m &amp#27;[36mcom.shaft.tools.io.ReportManager&amp#27;[m : File Action "DoesFileExist" successfully performed. With the following test data "File Path: "SteeringCompanyAPI_TestData/SteeringCompanyAPI_TestData.xlsx"".
2023-01-22 22:08:01.008 &amp#27;[32m INFO&amp#27;[m &amp#27;[35m[@503 - main]&amp#27;[m &amp#27;[36mcom.shaft.tools.io.ReportManager&amp#27;[m : Successfully created attachment "Test Data - Excel"
2023-01-22 22:08:01.008 &amp#27;[32m INFO&amp#27;[m &amp#27;[35m[@503 - main]&amp#27;[m &amp#27;[36mcom.shaft.tools.io.ReportManager&amp#27;[m : File Action "DoesFileExist" successfully performed. With the following test data "File Path: "SteeringCompanyAPI_TestData/SteeringCompanyAPI_TestData.xlsx"".
2023-01-22 22:08:01.029 &amp#27;[32m INFO&amp#27;[m &amp#27;[35m[@503 - main]&amp#27;[m &amp#27;[36mcom.shaft.tools.io.ReportManager&amp#27;[m : Successfully created attachment "Test Data - Excel"
2023-01-22 22:08:02.898 &amp#27;[32m INFO&amp#27;[m &amp#27;[35m[@503 - main]&amp#27;[m &amp#27;[36mcom.shaft.tools.io.ReportManager&amp#27;[m : Response status code: "401", status line: "HTTP/1.1 401 "
2023-01-22 22:08:02.901 &amp#27;[32m INFO&amp#27;[m &amp#27;[35m[@503 - main]&amp#27;[m &amp#27;[36mcom.shaft.tools.io.ReportManager&amp#27;[m : Successfully created attachment "API Request - Specifications"
2023-01-22 22:08:02.902 &amp#27;[32m INFO&amp#27;[m &amp#27;[35m[@503 - main]&amp#27;[m &amp#27;[36mcom.shaft.tools.io.ReportManager&amp#27;[m : Successfully created attachment "API Request - JSON Body"
2023-01-22 22:08:02.904 &amp#27;[32m INFO&amp#27;[m &amp#27;[35m[@503 - main]&amp#27;[m &amp#27;[36mcom.shaft.tools.io.ReportManager&amp#27;[m : Successfully created attachment "API Response - JSON Body"
2023-01-22 22:08:02.905 &amp#27;[32m INFO&amp#27;[m &amp#27;[35m[@503 - main]&amp#27;[m &amp#27;[36mcom.shaft.tools.io.ReportManager&amp#27;[m : Successfully created attachment "SHAFT Engine Logs - Current Method log: InValid_Update_General_Policy_With_InValid_Token_TC"
]]></system-out>
  </testcase>
  <testcase name="InValid_Update_General_Policy_With_Missing_Token_TC[[Ljava.lang.Object;@1bbabf04](1)" classname="SteeringCompanyAPI_TestCases.Test_Policies_Cases" time="0.927">
    <system-out><![CDATA[2023-01-22 22:08:02.910 &amp#27;[32m INFO&amp#27;[m &amp#27;[35m[@534 - main]&amp#27;[m &amp#27;[36mcom.shaft.tools.io.ReportManager&amp#27;[m : 
################################################################################################################################################
Starting Execution:	"208 out of 83" test cases in the current suite
Test Method:		"SteeringCompanyAPI_TestCases.Test_Policies_Cases.InValid_Update_General_Policy_With_Missing_Token_TC"
Test Description:	"TC038 -Policy- Perform Update General Policy With Missing Token"
################################################################################################################################################
2023-01-22 22:08:02.910 &amp#27;[32m INFO&amp#27;[m &amp#27;[35m[@503 - main]&amp#27;[m &amp#27;[36mcom.shaft.tools.io.ReportManager&amp#27;[m : File Action "DoesFileExist" successfully performed. With the following test data "File Path: "SteeringCompanyAPI_TestData/SteeringCompanyAPI_TestData.xlsx"".
2023-01-22 22:08:02.930 &amp#27;[32m INFO&amp#27;[m &amp#27;[35m[@503 - main]&amp#27;[m &amp#27;[36mcom.shaft.tools.io.ReportManager&amp#27;[m : Successfully created attachment "Test Data - Excel"
2023-01-22 22:08:02.931 &amp#27;[32m INFO&amp#27;[m &amp#27;[35m[@503 - main]&amp#27;[m &amp#27;[36mcom.shaft.tools.io.ReportManager&amp#27;[m : File Action "DoesFileExist" successfully performed. With the following test data "File Path: "SteeringCompanyAPI_TestData/SteeringCompanyAPI_TestData.xlsx"".
2023-01-22 22:08:02.951 &amp#27;[32m INFO&amp#27;[m &amp#27;[35m[@503 - main]&amp#27;[m &amp#27;[36mcom.shaft.tools.io.ReportManager&amp#27;[m : Successfully created attachment "Test Data - Excel"
2023-01-22 22:08:02.951 &amp#27;[32m INFO&amp#27;[m &amp#27;[35m[@503 - main]&amp#27;[m &amp#27;[36mcom.shaft.tools.io.ReportManager&amp#27;[m : File Action "DoesFileExist" successfully performed. With the following test data "File Path: "SteeringCompanyAPI_TestData/SteeringCompanyAPI_TestData.xlsx"".
2023-01-22 22:08:02.972 &amp#27;[32m INFO&amp#27;[m &amp#27;[35m[@503 - main]&amp#27;[m &amp#27;[36mcom.shaft.tools.io.ReportManager&amp#27;[m : Successfully created attachment "Test Data - Excel"
2023-01-22 22:08:03.817 &amp#27;[32m INFO&amp#27;[m &amp#27;[35m[@503 - main]&amp#27;[m &amp#27;[36mcom.shaft.tools.io.ReportManager&amp#27;[m : Response status code: "401", status line: "HTTP/1.1 401 "
2023-01-22 22:08:03.825 &amp#27;[32m INFO&amp#27;[m &amp#27;[35m[@503 - main]&amp#27;[m &amp#27;[36mcom.shaft.tools.io.ReportManager&amp#27;[m : Successfully created attachment "API Request - Specifications"
2023-01-22 22:08:03.827 &amp#27;[32m INFO&amp#27;[m &amp#27;[35m[@503 - main]&amp#27;[m &amp#27;[36mcom.shaft.tools.io.ReportManager&amp#27;[m : Successfully created attachment "API Request - JSON Body"
2023-01-22 22:08:03.828 &amp#27;[32m INFO&amp#27;[m &amp#27;[35m[@503 - main]&amp#27;[m &amp#27;[36mcom.shaft.tools.io.ReportManager&amp#27;[m : Successfully created attachment "API Response - JSON Body"
2023-01-22 22:08:03.828 &amp#27;[32m INFO&amp#27;[m &amp#27;[35m[@503 - main]&amp#27;[m &amp#27;[36mcom.shaft.tools.io.ReportManager&amp#27;[m : File Action "DoesFileExist" successfully performed. With the following test data "File Path: "Schemas/InvalidTokenRequest_Unauthorized_schema.json"".
2023-01-22 22:08:03.829 &amp#27;[32m INFO&amp#27;[m &amp#27;[35m[@503 - main]&amp#27;[m &amp#27;[36mcom.shaft.tools.io.ReportManager&amp#27;[m : File Action "DoesFileExist" successfully performed. With the following test data "File Path: "src/test/resources/testDataFiles/Schemas/InvalidTokenRequest_Unauthorized_schema.json"".
2023-01-22 22:08:03.829 &amp#27;[32m INFO&amp#27;[m &amp#27;[35m[@503 - main]&amp#27;[m &amp#27;[36mcom.shaft.tools.io.ReportManager&amp#27;[m : File Action "GetAbsolutePath" successfully performed. With the following test data "Relative Folder Path: "src/test/resources/testDataFiles/Schemas/InvalidTokenRequest_Unauthorized_schema.json"".
2023-01-22 22:08:03.830 &amp#27;[32m INFO&amp#27;[m &amp#27;[35m[@503 - main]&amp#27;[m &amp#27;[36mcom.shaft.tools.io.ReportManager&amp#27;[m : File Action "DoesFileExist" successfully performed. With the following test data "File Path: "C:\eclipse-workspace\MyProjects\TASystemsAPIs\src\test\resources\testDataFiles\Schemas\InvalidTokenRequest_Unauthorized_schema.json"".
2023-01-22 22:08:03.830 &amp#27;[32m INFO&amp#27;[m &amp#27;[35m[@503 - main]&amp#27;[m &amp#27;[36mcom.shaft.tools.io.ReportManager&amp#27;[m : File Action "GetAbsolutePath" successfully performed. With the following test data "Relative Folder Path: "C:\eclipse-workspace\MyProjects\TASystemsAPIs\src\test\resources\testDataFiles\Schemas\InvalidTokenRequest_Unauthorized_schema.json"".
2023-01-22 22:08:03.830 &amp#27;[32m INFO&amp#27;[m &amp#27;[35m[@503 - main]&amp#27;[m &amp#27;[36mcom.shaft.tools.io.ReportManager&amp#27;[m : File Action "ReadFile" successfully performed. With the following test data "File Path: "C:\eclipse-workspace\MyProjects\TASystemsAPIs\src\test\resources\testDataFiles\Schemas\InvalidTokenRequest_Unauthorized_schema.json"".
2023-01-22 22:08:03.831 &amp#27;[32m INFO&amp#27;[m &amp#27;[35m[@503 - main]&amp#27;[m &amp#27;[36mcom.shaft.tools.io.ReportManager&amp#27;[m : Successfully created attachment "Validation Test Data - Expected JSON Value"
2023-01-22 22:08:03.832 &amp#27;[32m INFO&amp#27;[m &amp#27;[35m[@503 - main]&amp#27;[m &amp#27;[36mcom.shaft.tools.io.ReportManager&amp#27;[m : Successfully created attachment "Validation Test Data - Actual JSON Value"
2023-01-22 22:08:03.834 &amp#27;[32m INFO&amp#27;[m &amp#27;[35m[@503 - main]&amp#27;[m &amp#27;[36mcom.shaft.tools.io.ReportManager&amp#27;[m : Successfully created attachment "SHAFT Engine Logs - Current Method log: InValid_Update_General_Policy_With_Missing_Token_TC"
]]></system-out>
  </testcase>
  <testcase name="InValid_Update_General_Policy_With_Missing_Token_TC[[Ljava.lang.Object;@1fab1567](2)" classname="SteeringCompanyAPI_TestCases.Test_Policies_Cases" time="0.828">
    <system-out><![CDATA[2023-01-22 22:08:03.836 &amp#27;[32m INFO&amp#27;[m &amp#27;[35m[@534 - main]&amp#27;[m &amp#27;[36mcom.shaft.tools.io.ReportManager&amp#27;[m : 
################################################################################################################################################
Starting Execution:	"209 out of 83" test cases in the current suite
Test Method:		"SteeringCompanyAPI_TestCases.Test_Policies_Cases.InValid_Update_General_Policy_With_Missing_Token_TC"
Test Description:	"TC038 -Policy- Perform Update General Policy With Missing Token"
################################################################################################################################################
2023-01-22 22:08:03.837 &amp#27;[32m INFO&amp#27;[m &amp#27;[35m[@503 - main]&amp#27;[m &amp#27;[36mcom.shaft.tools.io.ReportManager&amp#27;[m : File Action "DoesFileExist" successfully performed. With the following test data "File Path: "SteeringCompanyAPI_TestData/SteeringCompanyAPI_TestData.xlsx"".
2023-01-22 22:08:03.875 &amp#27;[32m INFO&amp#27;[m &amp#27;[35m[@503 - main]&amp#27;[m &amp#27;[36mcom.shaft.tools.io.ReportManager&amp#27;[m : Successfully created attachment "Test Data - Excel"
2023-01-22 22:08:03.876 &amp#27;[32m INFO&amp#27;[m &amp#27;[35m[@503 - main]&amp#27;[m &amp#27;[36mcom.shaft.tools.io.ReportManager&amp#27;[m : File Action "DoesFileExist" successfully performed. With the following test data "File Path: "SteeringCompanyAPI_TestData/SteeringCompanyAPI_TestData.xlsx"".
2023-01-22 22:08:03.901 &amp#27;[32m INFO&amp#27;[m &amp#27;[35m[@503 - main]&amp#27;[m &amp#27;[36mcom.shaft.tools.io.ReportManager&amp#27;[m : Successfully created attachment "Test Data - Excel"
2023-01-22 22:08:03.901 &amp#27;[32m INFO&amp#27;[m &amp#27;[35m[@503 - main]&amp#27;[m &amp#27;[36mcom.shaft.tools.io.ReportManager&amp#27;[m : File Action "DoesFileExist" successfully performed. With the following test data "File Path: "SteeringCompanyAPI_TestData/SteeringCompanyAPI_TestData.xlsx"".
2023-01-22 22:08:03.931 &amp#27;[32m INFO&amp#27;[m &amp#27;[35m[@503 - main]&amp#27;[m &amp#27;[36mcom.shaft.tools.io.ReportManager&amp#27;[m : Successfully created attachment "Test Data - Excel"
2023-01-22 22:08:04.640 &amp#27;[32m INFO&amp#27;[m &amp#27;[35m[@503 - main]&amp#27;[m &amp#27;[36mcom.shaft.tools.io.ReportManager&amp#27;[m : Response status code: "401", status line: "HTTP/1.1 401 "
2023-01-22 22:08:04.651 &amp#27;[32m INFO&amp#27;[m &amp#27;[35m[@503 - main]&amp#27;[m &amp#27;[36mcom.shaft.tools.io.ReportManager&amp#27;[m : Successfully created attachment "API Request - Specifications"
2023-01-22 22:08:04.651 &amp#27;[32m INFO&amp#27;[m &amp#27;[35m[@503 - main]&amp#27;[m &amp#27;[36mcom.shaft.tools.io.ReportManager&amp#27;[m : Successfully created attachment "API Request - JSON Body"
2023-01-22 22:08:04.653 &amp#27;[32m INFO&amp#27;[m &amp#27;[35m[@503 - main]&amp#27;[m &amp#27;[36mcom.shaft.tools.io.ReportManager&amp#27;[m : Successfully created attachment "API Response - JSON Body"
2023-01-22 22:08:04.655 &amp#27;[32m INFO&amp#27;[m &amp#27;[35m[@503 - main]&amp#27;[m &amp#27;[36mcom.shaft.tools.io.ReportManager&amp#27;[m : File Action "DoesFileExist" successfully performed. With the following test data "File Path: "Schemas/InvalidTokenRequest_Unauthorized_schema.json"".
2023-01-22 22:08:04.655 &amp#27;[32m INFO&amp#27;[m &amp#27;[35m[@503 - main]&amp#27;[m &amp#27;[36mcom.shaft.tools.io.ReportManager&amp#27;[m : File Action "DoesFileExist" successfully performed. With the following test data "File Path: "src/test/resources/testDataFiles/Schemas/InvalidTokenRequest_Unauthorized_schema.json"".
2023-01-22 22:08:04.655 &amp#27;[32m INFO&amp#27;[m &amp#27;[35m[@503 - main]&amp#27;[m &amp#27;[36mcom.shaft.tools.io.ReportManager&amp#27;[m : File Action "GetAbsolutePath" successfully performed. With the following test data "Relative Folder Path: "src/test/resources/testDataFiles/Schemas/InvalidTokenRequest_Unauthorized_schema.json"".
2023-01-22 22:08:04.656 &amp#27;[32m INFO&amp#27;[m &amp#27;[35m[@503 - main]&amp#27;[m &amp#27;[36mcom.shaft.tools.io.ReportManager&amp#27;[m : File Action "DoesFileExist" successfully performed. With the following test data "File Path: "C:\eclipse-workspace\MyProjects\TASystemsAPIs\src\test\resources\testDataFiles\Schemas\InvalidTokenRequest_Unauthorized_schema.json"".
2023-01-22 22:08:04.656 &amp#27;[32m INFO&amp#27;[m &amp#27;[35m[@503 - main]&amp#27;[m &amp#27;[36mcom.shaft.tools.io.ReportManager&amp#27;[m : File Action "GetAbsolutePath" successfully performed. With the following test data "Relative Folder Path: "C:\eclipse-workspace\MyProjects\TASystemsAPIs\src\test\resources\testDataFiles\Schemas\InvalidTokenRequest_Unauthorized_schema.json"".
2023-01-22 22:08:04.657 &amp#27;[32m INFO&amp#27;[m &amp#27;[35m[@503 - main]&amp#27;[m &amp#27;[36mcom.shaft.tools.io.ReportManager&amp#27;[m : File Action "ReadFile" successfully performed. With the following test data "File Path: "C:\eclipse-workspace\MyProjects\TASystemsAPIs\src\test\resources\testDataFiles\Schemas\InvalidTokenRequest_Unauthorized_schema.json"".
2023-01-22 22:08:04.659 &amp#27;[32m INFO&amp#27;[m &amp#27;[35m[@503 - main]&amp#27;[m &amp#27;[36mcom.shaft.tools.io.ReportManager&amp#27;[m : Successfully created attachment "Validation Test Data - Expected JSON Value"
2023-01-22 22:08:04.660 &amp#27;[32m INFO&amp#27;[m &amp#27;[35m[@503 - main]&amp#27;[m &amp#27;[36mcom.shaft.tools.io.ReportManager&amp#27;[m : Successfully created attachment "Validation Test Data - Actual JSON Value"
2023-01-22 22:08:04.661 &amp#27;[32m INFO&amp#27;[m &amp#27;[35m[@503 - main]&amp#27;[m &amp#27;[36mcom.shaft.tools.io.ReportManager&amp#27;[m : Successfully created attachment "SHAFT Engine Logs - Current Method log: InValid_Update_General_Policy_With_Missing_Token_TC"
]]></system-out>
  </testcase>
  <testcase name="InValid_Update_Payment_Policy_With_InValid_Token_TC[[Ljava.lang.Object;@1fe0f9f7](1)" classname="SteeringCompanyAPI_TestCases.Test_Policies_Cases" time="1.105">
    <system-out><![CDATA[2023-01-22 22:08:04.668 &amp#27;[32m INFO&amp#27;[m &amp#27;[35m[@534 - main]&amp#27;[m &amp#27;[36mcom.shaft.tools.io.ReportManager&amp#27;[m : 
################################################################################################################################################
Starting Execution:	"210 out of 83" test cases in the current suite
Test Method:		"SteeringCompanyAPI_TestCases.Test_Policies_Cases.InValid_Update_Payment_Policy_With_InValid_Token_TC"
Test Description:	"TC037 -Policy- Perform Update Payment Policy With Invalid/Expired Token"
################################################################################################################################################
2023-01-22 22:08:04.668 &amp#27;[32m INFO&amp#27;[m &amp#27;[35m[@503 - main]&amp#27;[m &amp#27;[36mcom.shaft.tools.io.ReportManager&amp#27;[m : File Action "DoesFileExist" successfully performed. With the following test data "File Path: "SteeringCompanyAPI_TestData/SteeringCompanyAPI_TestData.xlsx"".
2023-01-22 22:08:04.691 &amp#27;[32m INFO&amp#27;[m &amp#27;[35m[@503 - main]&amp#27;[m &amp#27;[36mcom.shaft.tools.io.ReportManager&amp#27;[m : Successfully created attachment "Test Data - Excel"
2023-01-22 22:08:04.691 &amp#27;[32m INFO&amp#27;[m &amp#27;[35m[@503 - main]&amp#27;[m &amp#27;[36mcom.shaft.tools.io.ReportManager&amp#27;[m : File Action "DoesFileExist" successfully performed. With the following test data "File Path: "SteeringCompanyAPI_TestData/SteeringCompanyAPI_TestData.xlsx"".
2023-01-22 22:08:04.716 &amp#27;[32m INFO&amp#27;[m &amp#27;[35m[@503 - main]&amp#27;[m &amp#27;[36mcom.shaft.tools.io.ReportManager&amp#27;[m : Successfully created attachment "Test Data - Excel"
2023-01-22 22:08:04.716 &amp#27;[32m INFO&amp#27;[m &amp#27;[35m[@503 - main]&amp#27;[m &amp#27;[36mcom.shaft.tools.io.ReportManager&amp#27;[m : File Action "DoesFileExist" successfully performed. With the following test data "File Path: "SteeringCompanyAPI_TestData/SteeringCompanyAPI_TestData.xlsx"".
2023-01-22 22:08:04.736 &amp#27;[32m INFO&amp#27;[m &amp#27;[35m[@503 - main]&amp#27;[m &amp#27;[36mcom.shaft.tools.io.ReportManager&amp#27;[m : Successfully created attachment "Test Data - Excel"
2023-01-22 22:08:05.765 &amp#27;[32m INFO&amp#27;[m &amp#27;[35m[@503 - main]&amp#27;[m &amp#27;[36mcom.shaft.tools.io.ReportManager&amp#27;[m : Response status code: "401", status line: "HTTP/1.1 401 "
2023-01-22 22:08:05.768 &amp#27;[32m INFO&amp#27;[m &amp#27;[35m[@503 - main]&amp#27;[m &amp#27;[36mcom.shaft.tools.io.ReportManager&amp#27;[m : Successfully created attachment "API Request - Specifications"
2023-01-22 22:08:05.769 &amp#27;[32m INFO&amp#27;[m &amp#27;[35m[@503 - main]&amp#27;[m &amp#27;[36mcom.shaft.tools.io.ReportManager&amp#27;[m : Successfully created attachment "API Request - JSON Body"
2023-01-22 22:08:05.770 &amp#27;[32m INFO&amp#27;[m &amp#27;[35m[@503 - main]&amp#27;[m &amp#27;[36mcom.shaft.tools.io.ReportManager&amp#27;[m : Successfully created attachment "API Response - JSON Body"
2023-01-22 22:08:05.771 &amp#27;[32m INFO&amp#27;[m &amp#27;[35m[@503 - main]&amp#27;[m &amp#27;[36mcom.shaft.tools.io.ReportManager&amp#27;[m : Successfully created attachment "SHAFT Engine Logs - Current Method log: InValid_Update_Payment_Policy_With_InValid_Token_TC"
]]></system-out>
  </testcase>
  <testcase name="InValid_Update_Payment_Policy_With_InValid_Token_TC[[Ljava.lang.Object;@1caf9641](2)" classname="SteeringCompanyAPI_TestCases.Test_Policies_Cases" time="0.96">
    <system-out><![CDATA[2023-01-22 22:08:05.773 &amp#27;[32m INFO&amp#27;[m &amp#27;[35m[@534 - main]&amp#27;[m &amp#27;[36mcom.shaft.tools.io.ReportManager&amp#27;[m : 
################################################################################################################################################
Starting Execution:	"211 out of 83" test cases in the current suite
Test Method:		"SteeringCompanyAPI_TestCases.Test_Policies_Cases.InValid_Update_Payment_Policy_With_InValid_Token_TC"
Test Description:	"TC037 -Policy- Perform Update Payment Policy With Invalid/Expired Token"
################################################################################################################################################
2023-01-22 22:08:05.773 &amp#27;[32m INFO&amp#27;[m &amp#27;[35m[@503 - main]&amp#27;[m &amp#27;[36mcom.shaft.tools.io.ReportManager&amp#27;[m : File Action "DoesFileExist" successfully performed. With the following test data "File Path: "SteeringCompanyAPI_TestData/SteeringCompanyAPI_TestData.xlsx"".
2023-01-22 22:08:05.796 &amp#27;[32m INFO&amp#27;[m &amp#27;[35m[@503 - main]&amp#27;[m &amp#27;[36mcom.shaft.tools.io.ReportManager&amp#27;[m : Successfully created attachment "Test Data - Excel"
2023-01-22 22:08:05.796 &amp#27;[32m INFO&amp#27;[m &amp#27;[35m[@503 - main]&amp#27;[m &amp#27;[36mcom.shaft.tools.io.ReportManager&amp#27;[m : File Action "DoesFileExist" successfully performed. With the following test data "File Path: "SteeringCompanyAPI_TestData/SteeringCompanyAPI_TestData.xlsx"".
2023-01-22 22:08:05.820 &amp#27;[32m INFO&amp#27;[m &amp#27;[35m[@503 - main]&amp#27;[m &amp#27;[36mcom.shaft.tools.io.ReportManager&amp#27;[m : Successfully created attachment "Test Data - Excel"
2023-01-22 22:08:05.820 &amp#27;[32m INFO&amp#27;[m &amp#27;[35m[@503 - main]&amp#27;[m &amp#27;[36mcom.shaft.tools.io.ReportManager&amp#27;[m : File Action "DoesFileExist" successfully performed. With the following test data "File Path: "SteeringCompanyAPI_TestData/SteeringCompanyAPI_TestData.xlsx"".
2023-01-22 22:08:05.841 &amp#27;[32m INFO&amp#27;[m &amp#27;[35m[@503 - main]&amp#27;[m &amp#27;[36mcom.shaft.tools.io.ReportManager&amp#27;[m : Successfully created attachment "Test Data - Excel"
2023-01-22 22:08:06.689 &amp#27;[32m INFO&amp#27;[m &amp#27;[35m[@503 - main]&amp#27;[m &amp#27;[36mcom.shaft.tools.io.ReportManager&amp#27;[m : Response status code: "401", status line: "HTTP/1.1 401 "
2023-01-22 22:08:06.726 &amp#27;[32m INFO&amp#27;[m &amp#27;[35m[@503 - main]&amp#27;[m &amp#27;[36mcom.shaft.tools.io.ReportManager&amp#27;[m : Successfully created attachment "API Request - Specifications"
2023-01-22 22:08:06.728 &amp#27;[32m INFO&amp#27;[m &amp#27;[35m[@503 - main]&amp#27;[m &amp#27;[36mcom.shaft.tools.io.ReportManager&amp#27;[m : Successfully created attachment "API Request - JSON Body"
2023-01-22 22:08:06.729 &amp#27;[32m INFO&amp#27;[m &amp#27;[35m[@503 - main]&amp#27;[m &amp#27;[36mcom.shaft.tools.io.ReportManager&amp#27;[m : Successfully created attachment "API Response - JSON Body"
2023-01-22 22:08:06.731 &amp#27;[32m INFO&amp#27;[m &amp#27;[35m[@503 - main]&amp#27;[m &amp#27;[36mcom.shaft.tools.io.ReportManager&amp#27;[m : Successfully created attachment "SHAFT Engine Logs - Current Method log: InValid_Update_Payment_Policy_With_InValid_Token_TC"
]]></system-out>
  </testcase>
  <testcase name="InValid_Update_Payment_Policy_With_Missing_Token_TC[[Ljava.lang.Object;@6c73bcba](1)" classname="SteeringCompanyAPI_TestCases.Test_Policies_Cases" time="0.897">
    <system-out><![CDATA[2023-01-22 22:08:06.737 &amp#27;[32m INFO&amp#27;[m &amp#27;[35m[@534 - main]&amp#27;[m &amp#27;[36mcom.shaft.tools.io.ReportManager&amp#27;[m : 
################################################################################################################################################
Starting Execution:	"212 out of 83" test cases in the current suite
Test Method:		"SteeringCompanyAPI_TestCases.Test_Policies_Cases.InValid_Update_Payment_Policy_With_Missing_Token_TC"
Test Description:	"TC036 -Policy- Perform Update Payment Policy With Missing Token"
################################################################################################################################################
2023-01-22 22:08:06.737 &amp#27;[32m INFO&amp#27;[m &amp#27;[35m[@503 - main]&amp#27;[m &amp#27;[36mcom.shaft.tools.io.ReportManager&amp#27;[m : File Action "DoesFileExist" successfully performed. With the following test data "File Path: "SteeringCompanyAPI_TestData/SteeringCompanyAPI_TestData.xlsx"".
2023-01-22 22:08:06.760 &amp#27;[32m INFO&amp#27;[m &amp#27;[35m[@503 - main]&amp#27;[m &amp#27;[36mcom.shaft.tools.io.ReportManager&amp#27;[m : Successfully created attachment "Test Data - Excel"
2023-01-22 22:08:06.761 &amp#27;[32m INFO&amp#27;[m &amp#27;[35m[@503 - main]&amp#27;[m &amp#27;[36mcom.shaft.tools.io.ReportManager&amp#27;[m : File Action "DoesFileExist" successfully performed. With the following test data "File Path: "SteeringCompanyAPI_TestData/SteeringCompanyAPI_TestData.xlsx"".
2023-01-22 22:08:06.782 &amp#27;[32m INFO&amp#27;[m &amp#27;[35m[@503 - main]&amp#27;[m &amp#27;[36mcom.shaft.tools.io.ReportManager&amp#27;[m : Successfully created attachment "Test Data - Excel"
2023-01-22 22:08:06.782 &amp#27;[32m INFO&amp#27;[m &amp#27;[35m[@503 - main]&amp#27;[m &amp#27;[36mcom.shaft.tools.io.ReportManager&amp#27;[m : File Action "DoesFileExist" successfully performed. With the following test data "File Path: "SteeringCompanyAPI_TestData/SteeringCompanyAPI_TestData.xlsx"".
2023-01-22 22:08:06.814 &amp#27;[32m INFO&amp#27;[m &amp#27;[35m[@503 - main]&amp#27;[m &amp#27;[36mcom.shaft.tools.io.ReportManager&amp#27;[m : Successfully created attachment "Test Data - Excel"
2023-01-22 22:08:07.610 &amp#27;[32m INFO&amp#27;[m &amp#27;[35m[@503 - main]&amp#27;[m &amp#27;[36mcom.shaft.tools.io.ReportManager&amp#27;[m : Response status code: "401", status line: "HTTP/1.1 401 "
2023-01-22 22:08:07.623 &amp#27;[32m INFO&amp#27;[m &amp#27;[35m[@503 - main]&amp#27;[m &amp#27;[36mcom.shaft.tools.io.ReportManager&amp#27;[m : Successfully created attachment "API Request - Specifications"
2023-01-22 22:08:07.624 &amp#27;[32m INFO&amp#27;[m &amp#27;[35m[@503 - main]&amp#27;[m &amp#27;[36mcom.shaft.tools.io.ReportManager&amp#27;[m : Successfully created attachment "API Request - JSON Body"
2023-01-22 22:08:07.625 &amp#27;[32m INFO&amp#27;[m &amp#27;[35m[@503 - main]&amp#27;[m &amp#27;[36mcom.shaft.tools.io.ReportManager&amp#27;[m : Successfully created attachment "API Response - JSON Body"
2023-01-22 22:08:07.626 &amp#27;[32m INFO&amp#27;[m &amp#27;[35m[@503 - main]&amp#27;[m &amp#27;[36mcom.shaft.tools.io.ReportManager&amp#27;[m : File Action "DoesFileExist" successfully performed. With the following test data "File Path: "Schemas/InvalidTokenRequest_Unauthorized_schema.json"".
2023-01-22 22:08:07.627 &amp#27;[32m INFO&amp#27;[m &amp#27;[35m[@503 - main]&amp#27;[m &amp#27;[36mcom.shaft.tools.io.ReportManager&amp#27;[m : File Action "DoesFileExist" successfully performed. With the following test data "File Path: "src/test/resources/testDataFiles/Schemas/InvalidTokenRequest_Unauthorized_schema.json"".
2023-01-22 22:08:07.627 &amp#27;[32m INFO&amp#27;[m &amp#27;[35m[@503 - main]&amp#27;[m &amp#27;[36mcom.shaft.tools.io.ReportManager&amp#27;[m : File Action "GetAbsolutePath" successfully performed. With the following test data "Relative Folder Path: "src/test/resources/testDataFiles/Schemas/InvalidTokenRequest_Unauthorized_schema.json"".
2023-01-22 22:08:07.628 &amp#27;[32m INFO&amp#27;[m &amp#27;[35m[@503 - main]&amp#27;[m &amp#27;[36mcom.shaft.tools.io.ReportManager&amp#27;[m : File Action "DoesFileExist" successfully performed. With the following test data "File Path: "C:\eclipse-workspace\MyProjects\TASystemsAPIs\src\test\resources\testDataFiles\Schemas\InvalidTokenRequest_Unauthorized_schema.json"".
2023-01-22 22:08:07.629 &amp#27;[32m INFO&amp#27;[m &amp#27;[35m[@503 - main]&amp#27;[m &amp#27;[36mcom.shaft.tools.io.ReportManager&amp#27;[m : File Action "GetAbsolutePath" successfully performed. With the following test data "Relative Folder Path: "C:\eclipse-workspace\MyProjects\TASystemsAPIs\src\test\resources\testDataFiles\Schemas\InvalidTokenRequest_Unauthorized_schema.json"".
2023-01-22 22:08:07.629 &amp#27;[32m INFO&amp#27;[m &amp#27;[35m[@503 - main]&amp#27;[m &amp#27;[36mcom.shaft.tools.io.ReportManager&amp#27;[m : File Action "ReadFile" successfully performed. With the following test data "File Path: "C:\eclipse-workspace\MyProjects\TASystemsAPIs\src\test\resources\testDataFiles\Schemas\InvalidTokenRequest_Unauthorized_schema.json"".
2023-01-22 22:08:07.630 &amp#27;[32m INFO&amp#27;[m &amp#27;[35m[@503 - main]&amp#27;[m &amp#27;[36mcom.shaft.tools.io.ReportManager&amp#27;[m : Successfully created attachment "Validation Test Data - Expected JSON Value"
2023-01-22 22:08:07.631 &amp#27;[32m INFO&amp#27;[m &amp#27;[35m[@503 - main]&amp#27;[m &amp#27;[36mcom.shaft.tools.io.ReportManager&amp#27;[m : Successfully created attachment "Validation Test Data - Actual JSON Value"
2023-01-22 22:08:07.632 &amp#27;[32m INFO&amp#27;[m &amp#27;[35m[@503 - main]&amp#27;[m &amp#27;[36mcom.shaft.tools.io.ReportManager&amp#27;[m : Successfully created attachment "SHAFT Engine Logs - Current Method log: InValid_Update_Payment_Policy_With_Missing_Token_TC"
]]></system-out>
  </testcase>
  <testcase name="InValid_Update_Payment_Policy_With_Missing_Token_TC[[Ljava.lang.Object;@50f9da17](2)" classname="SteeringCompanyAPI_TestCases.Test_Policies_Cases" time="0.844">
    <system-out><![CDATA[2023-01-22 22:08:07.635 &amp#27;[32m INFO&amp#27;[m &amp#27;[35m[@534 - main]&amp#27;[m &amp#27;[36mcom.shaft.tools.io.ReportManager&amp#27;[m : 
################################################################################################################################################
Starting Execution:	"213 out of 83" test cases in the current suite
Test Method:		"SteeringCompanyAPI_TestCases.Test_Policies_Cases.InValid_Update_Payment_Policy_With_Missing_Token_TC"
Test Description:	"TC036 -Policy- Perform Update Payment Policy With Missing Token"
################################################################################################################################################
2023-01-22 22:08:07.635 &amp#27;[32m INFO&amp#27;[m &amp#27;[35m[@503 - main]&amp#27;[m &amp#27;[36mcom.shaft.tools.io.ReportManager&amp#27;[m : File Action "DoesFileExist" successfully performed. With the following test data "File Path: "SteeringCompanyAPI_TestData/SteeringCompanyAPI_TestData.xlsx"".
2023-01-22 22:08:07.656 &amp#27;[32m INFO&amp#27;[m &amp#27;[35m[@503 - main]&amp#27;[m &amp#27;[36mcom.shaft.tools.io.ReportManager&amp#27;[m : Successfully created attachment "Test Data - Excel"
2023-01-22 22:08:07.657 &amp#27;[32m INFO&amp#27;[m &amp#27;[35m[@503 - main]&amp#27;[m &amp#27;[36mcom.shaft.tools.io.ReportManager&amp#27;[m : File Action "DoesFileExist" successfully performed. With the following test data "File Path: "SteeringCompanyAPI_TestData/SteeringCompanyAPI_TestData.xlsx"".
2023-01-22 22:08:07.677 &amp#27;[32m INFO&amp#27;[m &amp#27;[35m[@503 - main]&amp#27;[m &amp#27;[36mcom.shaft.tools.io.ReportManager&amp#27;[m : Successfully created attachment "Test Data - Excel"
2023-01-22 22:08:07.678 &amp#27;[32m INFO&amp#27;[m &amp#27;[35m[@503 - main]&amp#27;[m &amp#27;[36mcom.shaft.tools.io.ReportManager&amp#27;[m : File Action "DoesFileExist" successfully performed. With the following test data "File Path: "SteeringCompanyAPI_TestData/SteeringCompanyAPI_TestData.xlsx"".
2023-01-22 22:08:07.701 &amp#27;[32m INFO&amp#27;[m &amp#27;[35m[@503 - main]&amp#27;[m &amp#27;[36mcom.shaft.tools.io.ReportManager&amp#27;[m : Successfully created attachment "Test Data - Excel"
2023-01-22 22:08:08.453 &amp#27;[32m INFO&amp#27;[m &amp#27;[35m[@503 - main]&amp#27;[m &amp#27;[36mcom.shaft.tools.io.ReportManager&amp#27;[m : Response status code: "401", status line: "HTTP/1.1 401 "
2023-01-22 22:08:08.466 &amp#27;[32m INFO&amp#27;[m &amp#27;[35m[@503 - main]&amp#27;[m &amp#27;[36mcom.shaft.tools.io.ReportManager&amp#27;[m : Successfully created attachment "API Request - Specifications"
2023-01-22 22:08:08.467 &amp#27;[32m INFO&amp#27;[m &amp#27;[35m[@503 - main]&amp#27;[m &amp#27;[36mcom.shaft.tools.io.ReportManager&amp#27;[m : Successfully created attachment "API Request - JSON Body"
2023-01-22 22:08:08.468 &amp#27;[32m INFO&amp#27;[m &amp#27;[35m[@503 - main]&amp#27;[m &amp#27;[36mcom.shaft.tools.io.ReportManager&amp#27;[m : Successfully created attachment "API Response - JSON Body"
2023-01-22 22:08:08.469 &amp#27;[32m INFO&amp#27;[m &amp#27;[35m[@503 - main]&amp#27;[m &amp#27;[36mcom.shaft.tools.io.ReportManager&amp#27;[m : File Action "DoesFileExist" successfully performed. With the following test data "File Path: "Schemas/InvalidTokenRequest_Unauthorized_schema.json"".
2023-01-22 22:08:08.469 &amp#27;[32m INFO&amp#27;[m &amp#27;[35m[@503 - main]&amp#27;[m &amp#27;[36mcom.shaft.tools.io.ReportManager&amp#27;[m : File Action "DoesFileExist" successfully performed. With the following test data "File Path: "src/test/resources/testDataFiles/Schemas/InvalidTokenRequest_Unauthorized_schema.json"".
2023-01-22 22:08:08.469 &amp#27;[32m INFO&amp#27;[m &amp#27;[35m[@503 - main]&amp#27;[m &amp#27;[36mcom.shaft.tools.io.ReportManager&amp#27;[m : File Action "GetAbsolutePath" successfully performed. With the following test data "Relative Folder Path: "src/test/resources/testDataFiles/Schemas/InvalidTokenRequest_Unauthorized_schema.json"".
2023-01-22 22:08:08.471 &amp#27;[32m INFO&amp#27;[m &amp#27;[35m[@503 - main]&amp#27;[m &amp#27;[36mcom.shaft.tools.io.ReportManager&amp#27;[m : File Action "DoesFileExist" successfully performed. With the following test data "File Path: "C:\eclipse-workspace\MyProjects\TASystemsAPIs\src\test\resources\testDataFiles\Schemas\InvalidTokenRequest_Unauthorized_schema.json"".
2023-01-22 22:08:08.471 &amp#27;[32m INFO&amp#27;[m &amp#27;[35m[@503 - main]&amp#27;[m &amp#27;[36mcom.shaft.tools.io.ReportManager&amp#27;[m : File Action "GetAbsolutePath" successfully performed. With the following test data "Relative Folder Path: "C:\eclipse-workspace\MyProjects\TASystemsAPIs\src\test\resources\testDataFiles\Schemas\InvalidTokenRequest_Unauthorized_schema.json"".
2023-01-22 22:08:08.471 &amp#27;[32m INFO&amp#27;[m &amp#27;[35m[@503 - main]&amp#27;[m &amp#27;[36mcom.shaft.tools.io.ReportManager&amp#27;[m : File Action "ReadFile" successfully performed. With the following test data "File Path: "C:\eclipse-workspace\MyProjects\TASystemsAPIs\src\test\resources\testDataFiles\Schemas\InvalidTokenRequest_Unauthorized_schema.json"".
2023-01-22 22:08:08.473 &amp#27;[32m INFO&amp#27;[m &amp#27;[35m[@503 - main]&amp#27;[m &amp#27;[36mcom.shaft.tools.io.ReportManager&amp#27;[m : Successfully created attachment "Validation Test Data - Expected JSON Value"
2023-01-22 22:08:08.474 &amp#27;[32m INFO&amp#27;[m &amp#27;[35m[@503 - main]&amp#27;[m &amp#27;[36mcom.shaft.tools.io.ReportManager&amp#27;[m : Successfully created attachment "Validation Test Data - Actual JSON Value"
2023-01-22 22:08:08.475 &amp#27;[32m INFO&amp#27;[m &amp#27;[35m[@503 - main]&amp#27;[m &amp#27;[36mcom.shaft.tools.io.ReportManager&amp#27;[m : Successfully created attachment "SHAFT Engine Logs - Current Method log: InValid_Update_Payment_Policy_With_Missing_Token_TC"
]]></system-out>
  </testcase>
  <testcase name="InValid_Update_Tax_Policy_With_InValid_Token_TC[[Ljava.lang.Object;@594ee70f](1)" classname="SteeringCompanyAPI_TestCases.Test_Policies_Cases" time="1.093">
    <system-out><![CDATA[2023-01-22 22:08:08.481 &amp#27;[32m INFO&amp#27;[m &amp#27;[35m[@534 - main]&amp#27;[m &amp#27;[36mcom.shaft.tools.io.ReportManager&amp#27;[m : 
################################################################################################################################################
Starting Execution:	"214 out of 83" test cases in the current suite
Test Method:		"SteeringCompanyAPI_TestCases.Test_Policies_Cases.InValid_Update_Tax_Policy_With_InValid_Token_TC"
Test Description:	"TC033 -Policy- Perform Update Tax Policy With Invalid/Expired Token"
################################################################################################################################################
2023-01-22 22:08:08.482 &amp#27;[32m INFO&amp#27;[m &amp#27;[35m[@503 - main]&amp#27;[m &amp#27;[36mcom.shaft.tools.io.ReportManager&amp#27;[m : File Action "DoesFileExist" successfully performed. With the following test data "File Path: "SteeringCompanyAPI_TestData/SteeringCompanyAPI_TestData.xlsx"".
2023-01-22 22:08:08.504 &amp#27;[32m INFO&amp#27;[m &amp#27;[35m[@503 - main]&amp#27;[m &amp#27;[36mcom.shaft.tools.io.ReportManager&amp#27;[m : Successfully created attachment "Test Data - Excel"
2023-01-22 22:08:08.504 &amp#27;[32m INFO&amp#27;[m &amp#27;[35m[@503 - main]&amp#27;[m &amp#27;[36mcom.shaft.tools.io.ReportManager&amp#27;[m : File Action "DoesFileExist" successfully performed. With the following test data "File Path: "SteeringCompanyAPI_TestData/SteeringCompanyAPI_TestData.xlsx"".
2023-01-22 22:08:08.528 &amp#27;[32m INFO&amp#27;[m &amp#27;[35m[@503 - main]&amp#27;[m &amp#27;[36mcom.shaft.tools.io.ReportManager&amp#27;[m : Successfully created attachment "Test Data - Excel"
2023-01-22 22:08:08.529 &amp#27;[32m INFO&amp#27;[m &amp#27;[35m[@503 - main]&amp#27;[m &amp#27;[36mcom.shaft.tools.io.ReportManager&amp#27;[m : File Action "DoesFileExist" successfully performed. With the following test data "File Path: "SteeringCompanyAPI_TestData/SteeringCompanyAPI_TestData.xlsx"".
2023-01-22 22:08:08.577 &amp#27;[32m INFO&amp#27;[m &amp#27;[35m[@503 - main]&amp#27;[m &amp#27;[36mcom.shaft.tools.io.ReportManager&amp#27;[m : Successfully created attachment "Test Data - Excel"
2023-01-22 22:08:09.565 &amp#27;[32m INFO&amp#27;[m &amp#27;[35m[@503 - main]&amp#27;[m &amp#27;[36mcom.shaft.tools.io.ReportManager&amp#27;[m : Response status code: "401", status line: "HTTP/1.1 401 "
2023-01-22 22:08:09.568 &amp#27;[32m INFO&amp#27;[m &amp#27;[35m[@503 - main]&amp#27;[m &amp#27;[36mcom.shaft.tools.io.ReportManager&amp#27;[m : Successfully created attachment "API Request - Specifications"
2023-01-22 22:08:09.569 &amp#27;[32m INFO&amp#27;[m &amp#27;[35m[@503 - main]&amp#27;[m &amp#27;[36mcom.shaft.tools.io.ReportManager&amp#27;[m : Successfully created attachment "API Request - JSON Body"
2023-01-22 22:08:09.570 &amp#27;[32m INFO&amp#27;[m &amp#27;[35m[@503 - main]&amp#27;[m &amp#27;[36mcom.shaft.tools.io.ReportManager&amp#27;[m : Successfully created attachment "API Response - JSON Body"
2023-01-22 22:08:09.571 &amp#27;[32m INFO&amp#27;[m &amp#27;[35m[@503 - main]&amp#27;[m &amp#27;[36mcom.shaft.tools.io.ReportManager&amp#27;[m : Successfully created attachment "SHAFT Engine Logs - Current Method log: InValid_Update_Tax_Policy_With_InValid_Token_TC"
]]></system-out>
  </testcase>
  <testcase name="InValid_Update_Tax_Policy_With_InValid_Token_TC[[Ljava.lang.Object;@37a723cb](2)" classname="SteeringCompanyAPI_TestCases.Test_Policies_Cases" time="0.92">
    <system-out><![CDATA[2023-01-22 22:08:09.575 &amp#27;[32m INFO&amp#27;[m &amp#27;[35m[@534 - main]&amp#27;[m &amp#27;[36mcom.shaft.tools.io.ReportManager&amp#27;[m : 
################################################################################################################################################
Starting Execution:	"215 out of 83" test cases in the current suite
Test Method:		"SteeringCompanyAPI_TestCases.Test_Policies_Cases.InValid_Update_Tax_Policy_With_InValid_Token_TC"
Test Description:	"TC033 -Policy- Perform Update Tax Policy With Invalid/Expired Token"
################################################################################################################################################
2023-01-22 22:08:09.575 &amp#27;[32m INFO&amp#27;[m &amp#27;[35m[@503 - main]&amp#27;[m &amp#27;[36mcom.shaft.tools.io.ReportManager&amp#27;[m : File Action "DoesFileExist" successfully performed. With the following test data "File Path: "SteeringCompanyAPI_TestData/SteeringCompanyAPI_TestData.xlsx"".
2023-01-22 22:08:09.606 &amp#27;[32m INFO&amp#27;[m &amp#27;[35m[@503 - main]&amp#27;[m &amp#27;[36mcom.shaft.tools.io.ReportManager&amp#27;[m : Successfully created attachment "Test Data - Excel"
2023-01-22 22:08:09.606 &amp#27;[32m INFO&amp#27;[m &amp#27;[35m[@503 - main]&amp#27;[m &amp#27;[36mcom.shaft.tools.io.ReportManager&amp#27;[m : File Action "DoesFileExist" successfully performed. With the following test data "File Path: "SteeringCompanyAPI_TestData/SteeringCompanyAPI_TestData.xlsx"".
2023-01-22 22:08:09.631 &amp#27;[32m INFO&amp#27;[m &amp#27;[35m[@503 - main]&amp#27;[m &amp#27;[36mcom.shaft.tools.io.ReportManager&amp#27;[m : Successfully created attachment "Test Data - Excel"
2023-01-22 22:08:09.631 &amp#27;[32m INFO&amp#27;[m &amp#27;[35m[@503 - main]&amp#27;[m &amp#27;[36mcom.shaft.tools.io.ReportManager&amp#27;[m : File Action "DoesFileExist" successfully performed. With the following test data "File Path: "SteeringCompanyAPI_TestData/SteeringCompanyAPI_TestData.xlsx"".
2023-01-22 22:08:09.652 &amp#27;[32m INFO&amp#27;[m &amp#27;[35m[@503 - main]&amp#27;[m &amp#27;[36mcom.shaft.tools.io.ReportManager&amp#27;[m : Successfully created attachment "Test Data - Excel"
2023-01-22 22:08:10.485 &amp#27;[32m INFO&amp#27;[m &amp#27;[35m[@503 - main]&amp#27;[m &amp#27;[36mcom.shaft.tools.io.ReportManager&amp#27;[m : Response status code: "401", status line: "HTTP/1.1 401 "
2023-01-22 22:08:10.488 &amp#27;[32m INFO&amp#27;[m &amp#27;[35m[@503 - main]&amp#27;[m &amp#27;[36mcom.shaft.tools.io.ReportManager&amp#27;[m : Successfully created attachment "API Request - Specifications"
2023-01-22 22:08:10.489 &amp#27;[32m INFO&amp#27;[m &amp#27;[35m[@503 - main]&amp#27;[m &amp#27;[36mcom.shaft.tools.io.ReportManager&amp#27;[m : Successfully created attachment "API Request - JSON Body"
2023-01-22 22:08:10.489 &amp#27;[32m INFO&amp#27;[m &amp#27;[35m[@503 - main]&amp#27;[m &amp#27;[36mcom.shaft.tools.io.ReportManager&amp#27;[m : Successfully created attachment "API Response - JSON Body"
2023-01-22 22:08:10.492 &amp#27;[32m INFO&amp#27;[m &amp#27;[35m[@503 - main]&amp#27;[m &amp#27;[36mcom.shaft.tools.io.ReportManager&amp#27;[m : Successfully created attachment "SHAFT Engine Logs - Current Method log: InValid_Update_Tax_Policy_With_InValid_Token_TC"
]]></system-out>
  </testcase>
  <testcase name="InValid_Update_Tax_Policy_With_Missing_Token_TC[[Ljava.lang.Object;@4f3a622b](1)" classname="SteeringCompanyAPI_TestCases.Test_Policies_Cases" time="0.962">
    <system-out><![CDATA[2023-01-22 22:08:10.498 &amp#27;[32m INFO&amp#27;[m &amp#27;[35m[@534 - main]&amp#27;[m &amp#27;[36mcom.shaft.tools.io.ReportManager&amp#27;[m : 
################################################################################################################################################
Starting Execution:	"216 out of 83" test cases in the current suite
Test Method:		"SteeringCompanyAPI_TestCases.Test_Policies_Cases.InValid_Update_Tax_Policy_With_Missing_Token_TC"
Test Description:	"TC032 -Policy- Perform Update Tax Policy With Missing Token"
################################################################################################################################################
2023-01-22 22:08:10.499 &amp#27;[32m INFO&amp#27;[m &amp#27;[35m[@503 - main]&amp#27;[m &amp#27;[36mcom.shaft.tools.io.ReportManager&amp#27;[m : File Action "DoesFileExist" successfully performed. With the following test data "File Path: "SteeringCompanyAPI_TestData/SteeringCompanyAPI_TestData.xlsx"".
2023-01-22 22:08:10.521 &amp#27;[32m INFO&amp#27;[m &amp#27;[35m[@503 - main]&amp#27;[m &amp#27;[36mcom.shaft.tools.io.ReportManager&amp#27;[m : Successfully created attachment "Test Data - Excel"
2023-01-22 22:08:10.521 &amp#27;[32m INFO&amp#27;[m &amp#27;[35m[@503 - main]&amp#27;[m &amp#27;[36mcom.shaft.tools.io.ReportManager&amp#27;[m : File Action "DoesFileExist" successfully performed. With the following test data "File Path: "SteeringCompanyAPI_TestData/SteeringCompanyAPI_TestData.xlsx"".
2023-01-22 22:08:10.551 &amp#27;[32m INFO&amp#27;[m &amp#27;[35m[@503 - main]&amp#27;[m &amp#27;[36mcom.shaft.tools.io.ReportManager&amp#27;[m : Successfully created attachment "Test Data - Excel"
2023-01-22 22:08:10.552 &amp#27;[32m INFO&amp#27;[m &amp#27;[35m[@503 - main]&amp#27;[m &amp#27;[36mcom.shaft.tools.io.ReportManager&amp#27;[m : File Action "DoesFileExist" successfully performed. With the following test data "File Path: "SteeringCompanyAPI_TestData/SteeringCompanyAPI_TestData.xlsx"".
2023-01-22 22:08:10.572 &amp#27;[32m INFO&amp#27;[m &amp#27;[35m[@503 - main]&amp#27;[m &amp#27;[36mcom.shaft.tools.io.ReportManager&amp#27;[m : Successfully created attachment "Test Data - Excel"
2023-01-22 22:08:11.438 &amp#27;[32m INFO&amp#27;[m &amp#27;[35m[@503 - main]&amp#27;[m &amp#27;[36mcom.shaft.tools.io.ReportManager&amp#27;[m : Response status code: "401", status line: "HTTP/1.1 401 "
2023-01-22 22:08:11.450 &amp#27;[32m INFO&amp#27;[m &amp#27;[35m[@503 - main]&amp#27;[m &amp#27;[36mcom.shaft.tools.io.ReportManager&amp#27;[m : Successfully created attachment "API Request - Specifications"
2023-01-22 22:08:11.451 &amp#27;[32m INFO&amp#27;[m &amp#27;[35m[@503 - main]&amp#27;[m &amp#27;[36mcom.shaft.tools.io.ReportManager&amp#27;[m : Successfully created attachment "API Request - JSON Body"
2023-01-22 22:08:11.451 &amp#27;[32m INFO&amp#27;[m &amp#27;[35m[@503 - main]&amp#27;[m &amp#27;[36mcom.shaft.tools.io.ReportManager&amp#27;[m : Successfully created attachment "API Response - JSON Body"
2023-01-22 22:08:11.452 &amp#27;[32m INFO&amp#27;[m &amp#27;[35m[@503 - main]&amp#27;[m &amp#27;[36mcom.shaft.tools.io.ReportManager&amp#27;[m : File Action "DoesFileExist" successfully performed. With the following test data "File Path: "Schemas/InvalidTokenRequest_Unauthorized_schema.json"".
2023-01-22 22:08:11.452 &amp#27;[32m INFO&amp#27;[m &amp#27;[35m[@503 - main]&amp#27;[m &amp#27;[36mcom.shaft.tools.io.ReportManager&amp#27;[m : File Action "DoesFileExist" successfully performed. With the following test data "File Path: "src/test/resources/testDataFiles/Schemas/InvalidTokenRequest_Unauthorized_schema.json"".
2023-01-22 22:08:11.453 &amp#27;[32m INFO&amp#27;[m &amp#27;[35m[@503 - main]&amp#27;[m &amp#27;[36mcom.shaft.tools.io.ReportManager&amp#27;[m : File Action "GetAbsolutePath" successfully performed. With the following test data "Relative Folder Path: "src/test/resources/testDataFiles/Schemas/InvalidTokenRequest_Unauthorized_schema.json"".
2023-01-22 22:08:11.454 &amp#27;[32m INFO&amp#27;[m &amp#27;[35m[@503 - main]&amp#27;[m &amp#27;[36mcom.shaft.tools.io.ReportManager&amp#27;[m : File Action "DoesFileExist" successfully performed. With the following test data "File Path: "C:\eclipse-workspace\MyProjects\TASystemsAPIs\src\test\resources\testDataFiles\Schemas\InvalidTokenRequest_Unauthorized_schema.json"".
2023-01-22 22:08:11.454 &amp#27;[32m INFO&amp#27;[m &amp#27;[35m[@503 - main]&amp#27;[m &amp#27;[36mcom.shaft.tools.io.ReportManager&amp#27;[m : File Action "GetAbsolutePath" successfully performed. With the following test data "Relative Folder Path: "C:\eclipse-workspace\MyProjects\TASystemsAPIs\src\test\resources\testDataFiles\Schemas\InvalidTokenRequest_Unauthorized_schema.json"".
2023-01-22 22:08:11.454 &amp#27;[32m INFO&amp#27;[m &amp#27;[35m[@503 - main]&amp#27;[m &amp#27;[36mcom.shaft.tools.io.ReportManager&amp#27;[m : File Action "ReadFile" successfully performed. With the following test data "File Path: "C:\eclipse-workspace\MyProjects\TASystemsAPIs\src\test\resources\testDataFiles\Schemas\InvalidTokenRequest_Unauthorized_schema.json"".
2023-01-22 22:08:11.456 &amp#27;[32m INFO&amp#27;[m &amp#27;[35m[@503 - main]&amp#27;[m &amp#27;[36mcom.shaft.tools.io.ReportManager&amp#27;[m : Successfully created attachment "Validation Test Data - Expected JSON Value"
2023-01-22 22:08:11.457 &amp#27;[32m INFO&amp#27;[m &amp#27;[35m[@503 - main]&amp#27;[m &amp#27;[36mcom.shaft.tools.io.ReportManager&amp#27;[m : Successfully created attachment "Validation Test Data - Actual JSON Value"
2023-01-22 22:08:11.458 &amp#27;[32m INFO&amp#27;[m &amp#27;[35m[@503 - main]&amp#27;[m &amp#27;[36mcom.shaft.tools.io.ReportManager&amp#27;[m : Successfully created attachment "SHAFT Engine Logs - Current Method log: InValid_Update_Tax_Policy_With_Missing_Token_TC"
]]></system-out>
  </testcase>
  <testcase name="InValid_Update_Tax_Policy_With_Missing_Token_TC[[Ljava.lang.Object;@63e52429](2)" classname="SteeringCompanyAPI_TestCases.Test_Policies_Cases" time="1.085">
    <system-out><![CDATA[2023-01-22 22:08:11.460 &amp#27;[32m INFO&amp#27;[m &amp#27;[35m[@534 - main]&amp#27;[m &amp#27;[36mcom.shaft.tools.io.ReportManager&amp#27;[m : 
################################################################################################################################################
Starting Execution:	"217 out of 83" test cases in the current suite
Test Method:		"SteeringCompanyAPI_TestCases.Test_Policies_Cases.InValid_Update_Tax_Policy_With_Missing_Token_TC"
Test Description:	"TC032 -Policy- Perform Update Tax Policy With Missing Token"
################################################################################################################################################
2023-01-22 22:08:11.461 &amp#27;[32m INFO&amp#27;[m &amp#27;[35m[@503 - main]&amp#27;[m &amp#27;[36mcom.shaft.tools.io.ReportManager&amp#27;[m : File Action "DoesFileExist" successfully performed. With the following test data "File Path: "SteeringCompanyAPI_TestData/SteeringCompanyAPI_TestData.xlsx"".
2023-01-22 22:08:11.482 &amp#27;[32m INFO&amp#27;[m &amp#27;[35m[@503 - main]&amp#27;[m &amp#27;[36mcom.shaft.tools.io.ReportManager&amp#27;[m : Successfully created attachment "Test Data - Excel"
2023-01-22 22:08:11.482 &amp#27;[32m INFO&amp#27;[m &amp#27;[35m[@503 - main]&amp#27;[m &amp#27;[36mcom.shaft.tools.io.ReportManager&amp#27;[m : File Action "DoesFileExist" successfully performed. With the following test data "File Path: "SteeringCompanyAPI_TestData/SteeringCompanyAPI_TestData.xlsx"".
2023-01-22 22:08:11.510 &amp#27;[32m INFO&amp#27;[m &amp#27;[35m[@503 - main]&amp#27;[m &amp#27;[36mcom.shaft.tools.io.ReportManager&amp#27;[m : Successfully created attachment "Test Data - Excel"
2023-01-22 22:08:11.510 &amp#27;[32m INFO&amp#27;[m &amp#27;[35m[@503 - main]&amp#27;[m &amp#27;[36mcom.shaft.tools.io.ReportManager&amp#27;[m : File Action "DoesFileExist" successfully performed. With the following test data "File Path: "SteeringCompanyAPI_TestData/SteeringCompanyAPI_TestData.xlsx"".
2023-01-22 22:08:11.529 &amp#27;[32m INFO&amp#27;[m &amp#27;[35m[@503 - main]&amp#27;[m &amp#27;[36mcom.shaft.tools.io.ReportManager&amp#27;[m : Successfully created attachment "Test Data - Excel"
2023-01-22 22:08:12.523 &amp#27;[32m INFO&amp#27;[m &amp#27;[35m[@503 - main]&amp#27;[m &amp#27;[36mcom.shaft.tools.io.ReportManager&amp#27;[m : Response status code: "401", status line: "HTTP/1.1 401 "
2023-01-22 22:08:12.536 &amp#27;[32m INFO&amp#27;[m &amp#27;[35m[@503 - main]&amp#27;[m &amp#27;[36mcom.shaft.tools.io.ReportManager&amp#27;[m : Successfully created attachment "API Request - Specifications"
2023-01-22 22:08:12.537 &amp#27;[32m INFO&amp#27;[m &amp#27;[35m[@503 - main]&amp#27;[m &amp#27;[36mcom.shaft.tools.io.ReportManager&amp#27;[m : Successfully created attachment "API Request - JSON Body"
2023-01-22 22:08:12.538 &amp#27;[32m INFO&amp#27;[m &amp#27;[35m[@503 - main]&amp#27;[m &amp#27;[36mcom.shaft.tools.io.ReportManager&amp#27;[m : Successfully created attachment "API Response - JSON Body"
2023-01-22 22:08:12.539 &amp#27;[32m INFO&amp#27;[m &amp#27;[35m[@503 - main]&amp#27;[m &amp#27;[36mcom.shaft.tools.io.ReportManager&amp#27;[m : File Action "DoesFileExist" successfully performed. With the following test data "File Path: "Schemas/InvalidTokenRequest_Unauthorized_schema.json"".
2023-01-22 22:08:12.539 &amp#27;[32m INFO&amp#27;[m &amp#27;[35m[@503 - main]&amp#27;[m &amp#27;[36mcom.shaft.tools.io.ReportManager&amp#27;[m : File Action "DoesFileExist" successfully performed. With the following test data "File Path: "src/test/resources/testDataFiles/Schemas/InvalidTokenRequest_Unauthorized_schema.json"".
2023-01-22 22:08:12.539 &amp#27;[32m INFO&amp#27;[m &amp#27;[35m[@503 - main]&amp#27;[m &amp#27;[36mcom.shaft.tools.io.ReportManager&amp#27;[m : File Action "GetAbsolutePath" successfully performed. With the following test data "Relative Folder Path: "src/test/resources/testDataFiles/Schemas/InvalidTokenRequest_Unauthorized_schema.json"".
2023-01-22 22:08:12.541 &amp#27;[32m INFO&amp#27;[m &amp#27;[35m[@503 - main]&amp#27;[m &amp#27;[36mcom.shaft.tools.io.ReportManager&amp#27;[m : File Action "DoesFileExist" successfully performed. With the following test data "File Path: "C:\eclipse-workspace\MyProjects\TASystemsAPIs\src\test\resources\testDataFiles\Schemas\InvalidTokenRequest_Unauthorized_schema.json"".
2023-01-22 22:08:12.541 &amp#27;[32m INFO&amp#27;[m &amp#27;[35m[@503 - main]&amp#27;[m &amp#27;[36mcom.shaft.tools.io.ReportManager&amp#27;[m : File Action "GetAbsolutePath" successfully performed. With the following test data "Relative Folder Path: "C:\eclipse-workspace\MyProjects\TASystemsAPIs\src\test\resources\testDataFiles\Schemas\InvalidTokenRequest_Unauthorized_schema.json"".
2023-01-22 22:08:12.541 &amp#27;[32m INFO&amp#27;[m &amp#27;[35m[@503 - main]&amp#27;[m &amp#27;[36mcom.shaft.tools.io.ReportManager&amp#27;[m : File Action "ReadFile" successfully performed. With the following test data "File Path: "C:\eclipse-workspace\MyProjects\TASystemsAPIs\src\test\resources\testDataFiles\Schemas\InvalidTokenRequest_Unauthorized_schema.json"".
2023-01-22 22:08:12.542 &amp#27;[32m INFO&amp#27;[m &amp#27;[35m[@503 - main]&amp#27;[m &amp#27;[36mcom.shaft.tools.io.ReportManager&amp#27;[m : Successfully created attachment "Validation Test Data - Expected JSON Value"
2023-01-22 22:08:12.543 &amp#27;[32m INFO&amp#27;[m &amp#27;[35m[@503 - main]&amp#27;[m &amp#27;[36mcom.shaft.tools.io.ReportManager&amp#27;[m : Successfully created attachment "Validation Test Data - Actual JSON Value"
2023-01-22 22:08:12.544 &amp#27;[32m INFO&amp#27;[m &amp#27;[35m[@503 - main]&amp#27;[m &amp#27;[36mcom.shaft.tools.io.ReportManager&amp#27;[m : Successfully created attachment "SHAFT Engine Logs - Current Method log: InValid_Update_Tax_Policy_With_Missing_Token_TC"
]]></system-out>
  </testcase>
  <testcase name="InValid_Update_Usage_Policy_With_Invalid_Token_TC[[Ljava.lang.Object;@8a59a57](1)" classname="SteeringCompanyAPI_TestCases.Test_Policies_Cases" time="0.905">
    <system-out><![CDATA[2023-01-22 22:08:12.548 &amp#27;[32m INFO&amp#27;[m &amp#27;[35m[@534 - main]&amp#27;[m &amp#27;[36mcom.shaft.tools.io.ReportManager&amp#27;[m : 
################################################################################################################################################
Starting Execution:	"218 out of 83" test cases in the current suite
Test Method:		"SteeringCompanyAPI_TestCases.Test_Policies_Cases.InValid_Update_Usage_Policy_With_Invalid_Token_TC"
Test Description:	"TC035 -Policy- Perform Update Usage Policy With Invalid/Expired Token"
################################################################################################################################################
2023-01-22 22:08:12.549 &amp#27;[32m INFO&amp#27;[m &amp#27;[35m[@503 - main]&amp#27;[m &amp#27;[36mcom.shaft.tools.io.ReportManager&amp#27;[m : File Action "DoesFileExist" successfully performed. With the following test data "File Path: "SteeringCompanyAPI_TestData/SteeringCompanyAPI_TestData.xlsx"".
2023-01-22 22:08:12.570 &amp#27;[32m INFO&amp#27;[m &amp#27;[35m[@503 - main]&amp#27;[m &amp#27;[36mcom.shaft.tools.io.ReportManager&amp#27;[m : Successfully created attachment "Test Data - Excel"
2023-01-22 22:08:12.571 &amp#27;[32m INFO&amp#27;[m &amp#27;[35m[@503 - main]&amp#27;[m &amp#27;[36mcom.shaft.tools.io.ReportManager&amp#27;[m : File Action "DoesFileExist" successfully performed. With the following test data "File Path: "SteeringCompanyAPI_TestData/SteeringCompanyAPI_TestData.xlsx"".
2023-01-22 22:08:12.593 &amp#27;[32m INFO&amp#27;[m &amp#27;[35m[@503 - main]&amp#27;[m &amp#27;[36mcom.shaft.tools.io.ReportManager&amp#27;[m : Successfully created attachment "Test Data - Excel"
2023-01-22 22:08:12.594 &amp#27;[32m INFO&amp#27;[m &amp#27;[35m[@503 - main]&amp#27;[m &amp#27;[36mcom.shaft.tools.io.ReportManager&amp#27;[m : File Action "DoesFileExist" successfully performed. With the following test data "File Path: "SteeringCompanyAPI_TestData/SteeringCompanyAPI_TestData.xlsx"".
2023-01-22 22:08:12.614 &amp#27;[32m INFO&amp#27;[m &amp#27;[35m[@503 - main]&amp#27;[m &amp#27;[36mcom.shaft.tools.io.ReportManager&amp#27;[m : Successfully created attachment "Test Data - Excel"
2023-01-22 22:08:13.445 &amp#27;[32m INFO&amp#27;[m &amp#27;[35m[@503 - main]&amp#27;[m &amp#27;[36mcom.shaft.tools.io.ReportManager&amp#27;[m : Response status code: "401", status line: "HTTP/1.1 401 "
2023-01-22 22:08:13.448 &amp#27;[32m INFO&amp#27;[m &amp#27;[35m[@503 - main]&amp#27;[m &amp#27;[36mcom.shaft.tools.io.ReportManager&amp#27;[m : Successfully created attachment "API Request - Specifications"
2023-01-22 22:08:13.450 &amp#27;[32m INFO&amp#27;[m &amp#27;[35m[@503 - main]&amp#27;[m &amp#27;[36mcom.shaft.tools.io.ReportManager&amp#27;[m : Successfully created attachment "API Request - JSON Body"
2023-01-22 22:08:13.450 &amp#27;[32m INFO&amp#27;[m &amp#27;[35m[@503 - main]&amp#27;[m &amp#27;[36mcom.shaft.tools.io.ReportManager&amp#27;[m : Successfully created attachment "API Response - JSON Body"
2023-01-22 22:08:13.452 &amp#27;[32m INFO&amp#27;[m &amp#27;[35m[@503 - main]&amp#27;[m &amp#27;[36mcom.shaft.tools.io.ReportManager&amp#27;[m : Successfully created attachment "SHAFT Engine Logs - Current Method log: InValid_Update_Usage_Policy_With_Invalid_Token_TC"
]]></system-out>
  </testcase>
  <testcase name="InValid_Update_Usage_Policy_With_Invalid_Token_TC[[Ljava.lang.Object;@9c91021](2)" classname="SteeringCompanyAPI_TestCases.Test_Policies_Cases" time="0.827">
    <system-out><![CDATA[2023-01-22 22:08:13.454 &amp#27;[32m INFO&amp#27;[m &amp#27;[35m[@534 - main]&amp#27;[m &amp#27;[36mcom.shaft.tools.io.ReportManager&amp#27;[m : 
################################################################################################################################################
Starting Execution:	"219 out of 83" test cases in the current suite
Test Method:		"SteeringCompanyAPI_TestCases.Test_Policies_Cases.InValid_Update_Usage_Policy_With_Invalid_Token_TC"
Test Description:	"TC035 -Policy- Perform Update Usage Policy With Invalid/Expired Token"
################################################################################################################################################
2023-01-22 22:08:13.454 &amp#27;[32m INFO&amp#27;[m &amp#27;[35m[@503 - main]&amp#27;[m &amp#27;[36mcom.shaft.tools.io.ReportManager&amp#27;[m : File Action "DoesFileExist" successfully performed. With the following test data "File Path: "SteeringCompanyAPI_TestData/SteeringCompanyAPI_TestData.xlsx"".
2023-01-22 22:08:13.474 &amp#27;[32m INFO&amp#27;[m &amp#27;[35m[@503 - main]&amp#27;[m &amp#27;[36mcom.shaft.tools.io.ReportManager&amp#27;[m : Successfully created attachment "Test Data - Excel"
2023-01-22 22:08:13.474 &amp#27;[32m INFO&amp#27;[m &amp#27;[35m[@503 - main]&amp#27;[m &amp#27;[36mcom.shaft.tools.io.ReportManager&amp#27;[m : File Action "DoesFileExist" successfully performed. With the following test data "File Path: "SteeringCompanyAPI_TestData/SteeringCompanyAPI_TestData.xlsx"".
2023-01-22 22:08:13.494 &amp#27;[32m INFO&amp#27;[m &amp#27;[35m[@503 - main]&amp#27;[m &amp#27;[36mcom.shaft.tools.io.ReportManager&amp#27;[m : Successfully created attachment "Test Data - Excel"
2023-01-22 22:08:13.494 &amp#27;[32m INFO&amp#27;[m &amp#27;[35m[@503 - main]&amp#27;[m &amp#27;[36mcom.shaft.tools.io.ReportManager&amp#27;[m : File Action "DoesFileExist" successfully performed. With the following test data "File Path: "SteeringCompanyAPI_TestData/SteeringCompanyAPI_TestData.xlsx"".
2023-01-22 22:08:13.528 &amp#27;[32m INFO&amp#27;[m &amp#27;[35m[@503 - main]&amp#27;[m &amp#27;[36mcom.shaft.tools.io.ReportManager&amp#27;[m : Successfully created attachment "Test Data - Excel"
2023-01-22 22:08:14.265 &amp#27;[32m INFO&amp#27;[m &amp#27;[35m[@503 - main]&amp#27;[m &amp#27;[36mcom.shaft.tools.io.ReportManager&amp#27;[m : Response status code: "401", status line: "HTTP/1.1 401 "
2023-01-22 22:08:14.268 &amp#27;[32m INFO&amp#27;[m &amp#27;[35m[@503 - main]&amp#27;[m &amp#27;[36mcom.shaft.tools.io.ReportManager&amp#27;[m : Successfully created attachment "API Request - Specifications"
2023-01-22 22:08:14.269 &amp#27;[32m INFO&amp#27;[m &amp#27;[35m[@503 - main]&amp#27;[m &amp#27;[36mcom.shaft.tools.io.ReportManager&amp#27;[m : Successfully created attachment "API Request - JSON Body"
2023-01-22 22:08:14.270 &amp#27;[32m INFO&amp#27;[m &amp#27;[35m[@503 - main]&amp#27;[m &amp#27;[36mcom.shaft.tools.io.ReportManager&amp#27;[m : Successfully created attachment "API Response - JSON Body"
2023-01-22 22:08:14.272 &amp#27;[32m INFO&amp#27;[m &amp#27;[35m[@503 - main]&amp#27;[m &amp#27;[36mcom.shaft.tools.io.ReportManager&amp#27;[m : Successfully created attachment "SHAFT Engine Logs - Current Method log: InValid_Update_Usage_Policy_With_Invalid_Token_TC"
]]></system-out>
  </testcase>
  <testcase name="InValid_Update_Usage_Policy_With_Missing_Token_TC[[Ljava.lang.Object;@49797270](1)" classname="SteeringCompanyAPI_TestCases.Test_Policies_Cases" time="0.927">
    <system-out><![CDATA[2023-01-22 22:08:14.281 &amp#27;[32m INFO&amp#27;[m &amp#27;[35m[@534 - main]&amp#27;[m &amp#27;[36mcom.shaft.tools.io.ReportManager&amp#27;[m : 
################################################################################################################################################
Starting Execution:	"220 out of 83" test cases in the current suite
Test Method:		"SteeringCompanyAPI_TestCases.Test_Policies_Cases.InValid_Update_Usage_Policy_With_Missing_Token_TC"
Test Description:	"TC034 -Policy- Perform Update Usage Policy With Missing Token"
################################################################################################################################################
2023-01-22 22:08:14.284 &amp#27;[32m INFO&amp#27;[m &amp#27;[35m[@503 - main]&amp#27;[m &amp#27;[36mcom.shaft.tools.io.ReportManager&amp#27;[m : File Action "DoesFileExist" successfully performed. With the following test data "File Path: "SteeringCompanyAPI_TestData/SteeringCompanyAPI_TestData.xlsx"".
2023-01-22 22:08:14.308 &amp#27;[32m INFO&amp#27;[m &amp#27;[35m[@503 - main]&amp#27;[m &amp#27;[36mcom.shaft.tools.io.ReportManager&amp#27;[m : Successfully created attachment "Test Data - Excel"
2023-01-22 22:08:14.308 &amp#27;[32m INFO&amp#27;[m &amp#27;[35m[@503 - main]&amp#27;[m &amp#27;[36mcom.shaft.tools.io.ReportManager&amp#27;[m : File Action "DoesFileExist" successfully performed. With the following test data "File Path: "SteeringCompanyAPI_TestData/SteeringCompanyAPI_TestData.xlsx"".
2023-01-22 22:08:14.329 &amp#27;[32m INFO&amp#27;[m &amp#27;[35m[@503 - main]&amp#27;[m &amp#27;[36mcom.shaft.tools.io.ReportManager&amp#27;[m : Successfully created attachment "Test Data - Excel"
2023-01-22 22:08:14.330 &amp#27;[32m INFO&amp#27;[m &amp#27;[35m[@503 - main]&amp#27;[m &amp#27;[36mcom.shaft.tools.io.ReportManager&amp#27;[m : File Action "DoesFileExist" successfully performed. With the following test data "File Path: "SteeringCompanyAPI_TestData/SteeringCompanyAPI_TestData.xlsx"".
2023-01-22 22:08:14.351 &amp#27;[32m INFO&amp#27;[m &amp#27;[35m[@503 - main]&amp#27;[m &amp#27;[36mcom.shaft.tools.io.ReportManager&amp#27;[m : Successfully created attachment "Test Data - Excel"
2023-01-22 22:08:15.187 &amp#27;[32m INFO&amp#27;[m &amp#27;[35m[@503 - main]&amp#27;[m &amp#27;[36mcom.shaft.tools.io.ReportManager&amp#27;[m : Response status code: "401", status line: "HTTP/1.1 401 "
2023-01-22 22:08:15.197 &amp#27;[32m INFO&amp#27;[m &amp#27;[35m[@503 - main]&amp#27;[m &amp#27;[36mcom.shaft.tools.io.ReportManager&amp#27;[m : Successfully created attachment "API Request - Specifications"
2023-01-22 22:08:15.198 &amp#27;[32m INFO&amp#27;[m &amp#27;[35m[@503 - main]&amp#27;[m &amp#27;[36mcom.shaft.tools.io.ReportManager&amp#27;[m : Successfully created attachment "API Request - JSON Body"
2023-01-22 22:08:15.199 &amp#27;[32m INFO&amp#27;[m &amp#27;[35m[@503 - main]&amp#27;[m &amp#27;[36mcom.shaft.tools.io.ReportManager&amp#27;[m : Successfully created attachment "API Response - JSON Body"
2023-01-22 22:08:15.199 &amp#27;[32m INFO&amp#27;[m &amp#27;[35m[@503 - main]&amp#27;[m &amp#27;[36mcom.shaft.tools.io.ReportManager&amp#27;[m : File Action "DoesFileExist" successfully performed. With the following test data "File Path: "Schemas/InvalidTokenRequest_Unauthorized_schema.json"".
2023-01-22 22:08:15.200 &amp#27;[32m INFO&amp#27;[m &amp#27;[35m[@503 - main]&amp#27;[m &amp#27;[36mcom.shaft.tools.io.ReportManager&amp#27;[m : File Action "DoesFileExist" successfully performed. With the following test data "File Path: "src/test/resources/testDataFiles/Schemas/InvalidTokenRequest_Unauthorized_schema.json"".
2023-01-22 22:08:15.200 &amp#27;[32m INFO&amp#27;[m &amp#27;[35m[@503 - main]&amp#27;[m &amp#27;[36mcom.shaft.tools.io.ReportManager&amp#27;[m : File Action "GetAbsolutePath" successfully performed. With the following test data "Relative Folder Path: "src/test/resources/testDataFiles/Schemas/InvalidTokenRequest_Unauthorized_schema.json"".
2023-01-22 22:08:15.201 &amp#27;[32m INFO&amp#27;[m &amp#27;[35m[@503 - main]&amp#27;[m &amp#27;[36mcom.shaft.tools.io.ReportManager&amp#27;[m : File Action "DoesFileExist" successfully performed. With the following test data "File Path: "C:\eclipse-workspace\MyProjects\TASystemsAPIs\src\test\resources\testDataFiles\Schemas\InvalidTokenRequest_Unauthorized_schema.json"".
2023-01-22 22:08:15.201 &amp#27;[32m INFO&amp#27;[m &amp#27;[35m[@503 - main]&amp#27;[m &amp#27;[36mcom.shaft.tools.io.ReportManager&amp#27;[m : File Action "GetAbsolutePath" successfully performed. With the following test data "Relative Folder Path: "C:\eclipse-workspace\MyProjects\TASystemsAPIs\src\test\resources\testDataFiles\Schemas\InvalidTokenRequest_Unauthorized_schema.json"".
2023-01-22 22:08:15.202 &amp#27;[32m INFO&amp#27;[m &amp#27;[35m[@503 - main]&amp#27;[m &amp#27;[36mcom.shaft.tools.io.ReportManager&amp#27;[m : File Action "ReadFile" successfully performed. With the following test data "File Path: "C:\eclipse-workspace\MyProjects\TASystemsAPIs\src\test\resources\testDataFiles\Schemas\InvalidTokenRequest_Unauthorized_schema.json"".
2023-01-22 22:08:15.203 &amp#27;[32m INFO&amp#27;[m &amp#27;[35m[@503 - main]&amp#27;[m &amp#27;[36mcom.shaft.tools.io.ReportManager&amp#27;[m : Successfully created attachment "Validation Test Data - Expected JSON Value"
2023-01-22 22:08:15.204 &amp#27;[32m INFO&amp#27;[m &amp#27;[35m[@503 - main]&amp#27;[m &amp#27;[36mcom.shaft.tools.io.ReportManager&amp#27;[m : Successfully created attachment "Validation Test Data - Actual JSON Value"
2023-01-22 22:08:15.205 &amp#27;[32m INFO&amp#27;[m &amp#27;[35m[@503 - main]&amp#27;[m &amp#27;[36mcom.shaft.tools.io.ReportManager&amp#27;[m : Successfully created attachment "SHAFT Engine Logs - Current Method log: InValid_Update_Usage_Policy_With_Missing_Token_TC"
]]></system-out>
  </testcase>
  <testcase name="InValid_Update_Usage_Policy_With_Missing_Token_TC[[Ljava.lang.Object;@36e7e60f](2)" classname="SteeringCompanyAPI_TestCases.Test_Policies_Cases" time="0.816">
    <system-out><![CDATA[2023-01-22 22:08:15.208 &amp#27;[32m INFO&amp#27;[m &amp#27;[35m[@534 - main]&amp#27;[m &amp#27;[36mcom.shaft.tools.io.ReportManager&amp#27;[m : 
################################################################################################################################################
Starting Execution:	"221 out of 83" test cases in the current suite
Test Method:		"SteeringCompanyAPI_TestCases.Test_Policies_Cases.InValid_Update_Usage_Policy_With_Missing_Token_TC"
Test Description:	"TC034 -Policy- Perform Update Usage Policy With Missing Token"
################################################################################################################################################
2023-01-22 22:08:15.208 &amp#27;[32m INFO&amp#27;[m &amp#27;[35m[@503 - main]&amp#27;[m &amp#27;[36mcom.shaft.tools.io.ReportManager&amp#27;[m : File Action "DoesFileExist" successfully performed. With the following test data "File Path: "SteeringCompanyAPI_TestData/SteeringCompanyAPI_TestData.xlsx"".
2023-01-22 22:08:15.228 &amp#27;[32m INFO&amp#27;[m &amp#27;[35m[@503 - main]&amp#27;[m &amp#27;[36mcom.shaft.tools.io.ReportManager&amp#27;[m : Successfully created attachment "Test Data - Excel"
2023-01-22 22:08:15.228 &amp#27;[32m INFO&amp#27;[m &amp#27;[35m[@503 - main]&amp#27;[m &amp#27;[36mcom.shaft.tools.io.ReportManager&amp#27;[m : File Action "DoesFileExist" successfully performed. With the following test data "File Path: "SteeringCompanyAPI_TestData/SteeringCompanyAPI_TestData.xlsx"".
2023-01-22 22:08:15.247 &amp#27;[32m INFO&amp#27;[m &amp#27;[35m[@503 - main]&amp#27;[m &amp#27;[36mcom.shaft.tools.io.ReportManager&amp#27;[m : Successfully created attachment "Test Data - Excel"
2023-01-22 22:08:15.247 &amp#27;[32m INFO&amp#27;[m &amp#27;[35m[@503 - main]&amp#27;[m &amp#27;[36mcom.shaft.tools.io.ReportManager&amp#27;[m : File Action "DoesFileExist" successfully performed. With the following test data "File Path: "SteeringCompanyAPI_TestData/SteeringCompanyAPI_TestData.xlsx"".
2023-01-22 22:08:15.269 &amp#27;[32m INFO&amp#27;[m &amp#27;[35m[@503 - main]&amp#27;[m &amp#27;[36mcom.shaft.tools.io.ReportManager&amp#27;[m : Successfully created attachment "Test Data - Excel"
2023-01-22 22:08:16.004 &amp#27;[32m INFO&amp#27;[m &amp#27;[35m[@503 - main]&amp#27;[m &amp#27;[36mcom.shaft.tools.io.ReportManager&amp#27;[m : Response status code: "401", status line: "HTTP/1.1 401 "
2023-01-22 22:08:16.015 &amp#27;[32m INFO&amp#27;[m &amp#27;[35m[@503 - main]&amp#27;[m &amp#27;[36mcom.shaft.tools.io.ReportManager&amp#27;[m : Successfully created attachment "API Request - Specifications"
2023-01-22 22:08:16.016 &amp#27;[32m INFO&amp#27;[m &amp#27;[35m[@503 - main]&amp#27;[m &amp#27;[36mcom.shaft.tools.io.ReportManager&amp#27;[m : Successfully created attachment "API Request - JSON Body"
2023-01-22 22:08:16.016 &amp#27;[32m INFO&amp#27;[m &amp#27;[35m[@503 - main]&amp#27;[m &amp#27;[36mcom.shaft.tools.io.ReportManager&amp#27;[m : Successfully created attachment "API Response - JSON Body"
2023-01-22 22:08:16.017 &amp#27;[32m INFO&amp#27;[m &amp#27;[35m[@503 - main]&amp#27;[m &amp#27;[36mcom.shaft.tools.io.ReportManager&amp#27;[m : File Action "DoesFileExist" successfully performed. With the following test data "File Path: "Schemas/InvalidTokenRequest_Unauthorized_schema.json"".
2023-01-22 22:08:16.017 &amp#27;[32m INFO&amp#27;[m &amp#27;[35m[@503 - main]&amp#27;[m &amp#27;[36mcom.shaft.tools.io.ReportManager&amp#27;[m : File Action "DoesFileExist" successfully performed. With the following test data "File Path: "src/test/resources/testDataFiles/Schemas/InvalidTokenRequest_Unauthorized_schema.json"".
2023-01-22 22:08:16.017 &amp#27;[32m INFO&amp#27;[m &amp#27;[35m[@503 - main]&amp#27;[m &amp#27;[36mcom.shaft.tools.io.ReportManager&amp#27;[m : File Action "GetAbsolutePath" successfully performed. With the following test data "Relative Folder Path: "src/test/resources/testDataFiles/Schemas/InvalidTokenRequest_Unauthorized_schema.json"".
2023-01-22 22:08:16.019 &amp#27;[32m INFO&amp#27;[m &amp#27;[35m[@503 - main]&amp#27;[m &amp#27;[36mcom.shaft.tools.io.ReportManager&amp#27;[m : File Action "DoesFileExist" successfully performed. With the following test data "File Path: "C:\eclipse-workspace\MyProjects\TASystemsAPIs\src\test\resources\testDataFiles\Schemas\InvalidTokenRequest_Unauthorized_schema.json"".
2023-01-22 22:08:16.019 &amp#27;[32m INFO&amp#27;[m &amp#27;[35m[@503 - main]&amp#27;[m &amp#27;[36mcom.shaft.tools.io.ReportManager&amp#27;[m : File Action "GetAbsolutePath" successfully performed. With the following test data "Relative Folder Path: "C:\eclipse-workspace\MyProjects\TASystemsAPIs\src\test\resources\testDataFiles\Schemas\InvalidTokenRequest_Unauthorized_schema.json"".
2023-01-22 22:08:16.019 &amp#27;[32m INFO&amp#27;[m &amp#27;[35m[@503 - main]&amp#27;[m &amp#27;[36mcom.shaft.tools.io.ReportManager&amp#27;[m : File Action "ReadFile" successfully performed. With the following test data "File Path: "C:\eclipse-workspace\MyProjects\TASystemsAPIs\src\test\resources\testDataFiles\Schemas\InvalidTokenRequest_Unauthorized_schema.json"".
2023-01-22 22:08:16.020 &amp#27;[32m INFO&amp#27;[m &amp#27;[35m[@503 - main]&amp#27;[m &amp#27;[36mcom.shaft.tools.io.ReportManager&amp#27;[m : Successfully created attachment "Validation Test Data - Expected JSON Value"
2023-01-22 22:08:16.021 &amp#27;[32m INFO&amp#27;[m &amp#27;[35m[@503 - main]&amp#27;[m &amp#27;[36mcom.shaft.tools.io.ReportManager&amp#27;[m : Successfully created attachment "Validation Test Data - Actual JSON Value"
2023-01-22 22:08:16.022 &amp#27;[32m INFO&amp#27;[m &amp#27;[35m[@503 - main]&amp#27;[m &amp#27;[36mcom.shaft.tools.io.ReportManager&amp#27;[m : Successfully created attachment "SHAFT Engine Logs - Current Method log: InValid_Update_Usage_Policy_With_Missing_Token_TC"
]]></system-out>
  </testcase>
  <testcase name="Invalid_GET_all_Policies_with_invalid_Token_TC" classname="SteeringCompanyAPI_TestCases.Test_Policies_Cases" time="1.73">
    <system-out><![CDATA[2023-01-22 22:08:16.025 &amp#27;[32m INFO&amp#27;[m &amp#27;[35m[@534 - main]&amp#27;[m &amp#27;[36mcom.shaft.tools.io.ReportManager&amp#27;[m : 
################################################################################################################################################
Starting Execution:	"222 out of 83" test cases in the current suite
Test Method:		"SteeringCompanyAPI_TestCases.Test_Policies_Cases.Invalid_GET_all_Policies_with_invalid_Token_TC"
Test Description:	"TC004 -Policy- Perform Get all Policies API with invalid or expired Token"
################################################################################################################################################
2023-01-22 22:08:16.026 &amp#27;[32m INFO&amp#27;[m &amp#27;[35m[@503 - main]&amp#27;[m &amp#27;[36mcom.shaft.tools.io.ReportManager&amp#27;[m : File Action "DoesFileExist" successfully performed. With the following test data "File Path: "SteeringCompanyAPI_TestData/SteeringCompanyAPI_TestData.xlsx"".
2023-01-22 22:08:16.048 &amp#27;[32m INFO&amp#27;[m &amp#27;[35m[@503 - main]&amp#27;[m &amp#27;[36mcom.shaft.tools.io.ReportManager&amp#27;[m : Successfully created attachment "Test Data - Excel"
2023-01-22 22:08:16.982 &amp#27;[32m INFO&amp#27;[m &amp#27;[35m[@503 - main]&amp#27;[m &amp#27;[36mcom.shaft.tools.io.ReportManager&amp#27;[m : Response status code: "200", status line: "HTTP/1.1 200 OK"
2023-01-22 22:08:16.993 &amp#27;[32m INFO&amp#27;[m &amp#27;[35m[@503 - main]&amp#27;[m &amp#27;[36mcom.shaft.tools.io.ReportManager&amp#27;[m : Successfully created attachment "API Request - Specifications"
2023-01-22 22:08:16.994 &amp#27;[32m INFO&amp#27;[m &amp#27;[35m[@503 - main]&amp#27;[m &amp#27;[36mcom.shaft.tools.io.ReportManager&amp#27;[m : Successfully created attachment "API Request - Body"
2023-01-22 22:08:16.995 &amp#27;[32m INFO&amp#27;[m &amp#27;[35m[@503 - main]&amp#27;[m &amp#27;[36mcom.shaft.tools.io.ReportManager&amp#27;[m : Successfully created attachment "API Response - JSON Body"
2023-01-22 22:08:16.995 &amp#27;[32m INFO&amp#27;[m &amp#27;[35m[@503 - main]&amp#27;[m &amp#27;[36mcom.shaft.tools.io.ReportManager&amp#27;[m : File Action "DoesFileExist" successfully performed. With the following test data "File Path: "SteeringCompanyAPI_TestData/SteeringCompanyAPI_TestData.xlsx"".
2023-01-22 22:08:17.014 &amp#27;[32m INFO&amp#27;[m &amp#27;[35m[@503 - main]&amp#27;[m &amp#27;[36mcom.shaft.tools.io.ReportManager&amp#27;[m : Successfully created attachment "Test Data - Excel"
2023-01-22 22:08:17.014 &amp#27;[32m INFO&amp#27;[m &amp#27;[35m[@503 - main]&amp#27;[m &amp#27;[36mcom.shaft.tools.io.ReportManager&amp#27;[m : File Action "DoesFileExist" successfully performed. With the following test data "File Path: "SteeringCompanyAPI_TestData/SteeringCompanyAPI_TestData.xlsx"".
2023-01-22 22:08:17.032 &amp#27;[32m INFO&amp#27;[m &amp#27;[35m[@503 - main]&amp#27;[m &amp#27;[36mcom.shaft.tools.io.ReportManager&amp#27;[m : Successfully created attachment "Test Data - Excel"
2023-01-22 22:08:17.033 &amp#27;[32m INFO&amp#27;[m &amp#27;[35m[@503 - main]&amp#27;[m &amp#27;[36mcom.shaft.tools.io.ReportManager&amp#27;[m : File Action "DoesFileExist" successfully performed. With the following test data "File Path: "SteeringCompanyAPI_TestData/SteeringCompanyAPI_TestData.xlsx"".
2023-01-22 22:08:17.069 &amp#27;[32m INFO&amp#27;[m &amp#27;[35m[@503 - main]&amp#27;[m &amp#27;[36mcom.shaft.tools.io.ReportManager&amp#27;[m : Successfully created attachment "Test Data - Excel"
2023-01-22 22:08:17.744 &amp#27;[32m INFO&amp#27;[m &amp#27;[35m[@503 - main]&amp#27;[m &amp#27;[36mcom.shaft.tools.io.ReportManager&amp#27;[m : Response status code: "401", status line: "HTTP/1.1 401 "
2023-01-22 22:08:17.748 &amp#27;[32m INFO&amp#27;[m &amp#27;[35m[@503 - main]&amp#27;[m &amp#27;[36mcom.shaft.tools.io.ReportManager&amp#27;[m : Successfully created attachment "API Request - Specifications"
2023-01-22 22:08:17.749 &amp#27;[32m INFO&amp#27;[m &amp#27;[35m[@503 - main]&amp#27;[m &amp#27;[36mcom.shaft.tools.io.ReportManager&amp#27;[m : Successfully created attachment "API Response - JSON Body"
2023-01-22 22:08:17.750 &amp#27;[32m INFO&amp#27;[m &amp#27;[35m[@503 - main]&amp#27;[m &amp#27;[36mcom.shaft.tools.io.ReportManager&amp#27;[m : Successfully created attachment "SHAFT Engine Logs - Current Method log: Invalid_GET_all_Policies_with_invalid_Token_TC"
]]></system-out>
  </testcase>
  <testcase name="Invalid_GET_all_Policies_with_missing_Token_TC" classname="SteeringCompanyAPI_TestCases.Test_Policies_Cases" time="2.07">
    <system-out><![CDATA[2023-01-22 22:08:17.754 &amp#27;[32m INFO&amp#27;[m &amp#27;[35m[@534 - main]&amp#27;[m &amp#27;[36mcom.shaft.tools.io.ReportManager&amp#27;[m : 
################################################################################################################################################
Starting Execution:	"223 out of 83" test cases in the current suite
Test Method:		"SteeringCompanyAPI_TestCases.Test_Policies_Cases.Invalid_GET_all_Policies_with_missing_Token_TC"
Test Description:	"TC003  -Policy- Perform Get all Policies API with missing Token"
################################################################################################################################################
2023-01-22 22:08:17.754 &amp#27;[32m INFO&amp#27;[m &amp#27;[35m[@503 - main]&amp#27;[m &amp#27;[36mcom.shaft.tools.io.ReportManager&amp#27;[m : File Action "DoesFileExist" successfully performed. With the following test data "File Path: "SteeringCompanyAPI_TestData/SteeringCompanyAPI_TestData.xlsx"".
2023-01-22 22:08:17.779 &amp#27;[32m INFO&amp#27;[m &amp#27;[35m[@503 - main]&amp#27;[m &amp#27;[36mcom.shaft.tools.io.ReportManager&amp#27;[m : Successfully created attachment "Test Data - Excel"
2023-01-22 22:08:18.841 &amp#27;[32m INFO&amp#27;[m &amp#27;[35m[@503 - main]&amp#27;[m &amp#27;[36mcom.shaft.tools.io.ReportManager&amp#27;[m : Response status code: "200", status line: "HTTP/1.1 200 OK"
2023-01-22 22:08:18.854 &amp#27;[32m INFO&amp#27;[m &amp#27;[35m[@503 - main]&amp#27;[m &amp#27;[36mcom.shaft.tools.io.ReportManager&amp#27;[m : Successfully created attachment "API Request - Specifications"
2023-01-22 22:08:18.856 &amp#27;[32m INFO&amp#27;[m &amp#27;[35m[@503 - main]&amp#27;[m &amp#27;[36mcom.shaft.tools.io.ReportManager&amp#27;[m : Successfully created attachment "API Request - Body"
2023-01-22 22:08:18.857 &amp#27;[32m INFO&amp#27;[m &amp#27;[35m[@503 - main]&amp#27;[m &amp#27;[36mcom.shaft.tools.io.ReportManager&amp#27;[m : Successfully created attachment "API Response - JSON Body"
2023-01-22 22:08:18.857 &amp#27;[32m INFO&amp#27;[m &amp#27;[35m[@503 - main]&amp#27;[m &amp#27;[36mcom.shaft.tools.io.ReportManager&amp#27;[m : File Action "DoesFileExist" successfully performed. With the following test data "File Path: "SteeringCompanyAPI_TestData/SteeringCompanyAPI_TestData.xlsx"".
2023-01-22 22:08:18.884 &amp#27;[32m INFO&amp#27;[m &amp#27;[35m[@503 - main]&amp#27;[m &amp#27;[36mcom.shaft.tools.io.ReportManager&amp#27;[m : Successfully created attachment "Test Data - Excel"
2023-01-22 22:08:18.884 &amp#27;[32m INFO&amp#27;[m &amp#27;[35m[@503 - main]&amp#27;[m &amp#27;[36mcom.shaft.tools.io.ReportManager&amp#27;[m : File Action "DoesFileExist" successfully performed. With the following test data "File Path: "SteeringCompanyAPI_TestData/SteeringCompanyAPI_TestData.xlsx"".
2023-01-22 22:08:18.906 &amp#27;[32m INFO&amp#27;[m &amp#27;[35m[@503 - main]&amp#27;[m &amp#27;[36mcom.shaft.tools.io.ReportManager&amp#27;[m : Successfully created attachment "Test Data - Excel"
2023-01-22 22:08:18.907 &amp#27;[32m INFO&amp#27;[m &amp#27;[35m[@503 - main]&amp#27;[m &amp#27;[36mcom.shaft.tools.io.ReportManager&amp#27;[m : File Action "DoesFileExist" successfully performed. With the following test data "File Path: "SteeringCompanyAPI_TestData/SteeringCompanyAPI_TestData.xlsx"".
2023-01-22 22:08:18.929 &amp#27;[32m INFO&amp#27;[m &amp#27;[35m[@503 - main]&amp#27;[m &amp#27;[36mcom.shaft.tools.io.ReportManager&amp#27;[m : Successfully created attachment "Test Data - Excel"
2023-01-22 22:08:19.803 &amp#27;[32m INFO&amp#27;[m &amp#27;[35m[@503 - main]&amp#27;[m &amp#27;[36mcom.shaft.tools.io.ReportManager&amp#27;[m : Response status code: "401", status line: "HTTP/1.1 401 "
2023-01-22 22:08:19.815 &amp#27;[32m INFO&amp#27;[m &amp#27;[35m[@503 - main]&amp#27;[m &amp#27;[36mcom.shaft.tools.io.ReportManager&amp#27;[m : Successfully created attachment "API Request - Specifications"
2023-01-22 22:08:19.816 &amp#27;[32m INFO&amp#27;[m &amp#27;[35m[@503 - main]&amp#27;[m &amp#27;[36mcom.shaft.tools.io.ReportManager&amp#27;[m : Successfully created attachment "API Response - JSON Body"
2023-01-22 22:08:19.816 &amp#27;[32m INFO&amp#27;[m &amp#27;[35m[@503 - main]&amp#27;[m &amp#27;[36mcom.shaft.tools.io.ReportManager&amp#27;[m : File Action "DoesFileExist" successfully performed. With the following test data "File Path: "Schemas/InvalidTokenRequest_Unauthorized_schema.json"".
2023-01-22 22:08:19.816 &amp#27;[32m INFO&amp#27;[m &amp#27;[35m[@503 - main]&amp#27;[m &amp#27;[36mcom.shaft.tools.io.ReportManager&amp#27;[m : File Action "DoesFileExist" successfully performed. With the following test data "File Path: "src/test/resources/testDataFiles/Schemas/InvalidTokenRequest_Unauthorized_schema.json"".
2023-01-22 22:08:19.816 &amp#27;[32m INFO&amp#27;[m &amp#27;[35m[@503 - main]&amp#27;[m &amp#27;[36mcom.shaft.tools.io.ReportManager&amp#27;[m : File Action "GetAbsolutePath" successfully performed. With the following test data "Relative Folder Path: "src/test/resources/testDataFiles/Schemas/InvalidTokenRequest_Unauthorized_schema.json"".
2023-01-22 22:08:19.818 &amp#27;[32m INFO&amp#27;[m &amp#27;[35m[@503 - main]&amp#27;[m &amp#27;[36mcom.shaft.tools.io.ReportManager&amp#27;[m : File Action "DoesFileExist" successfully performed. With the following test data "File Path: "C:\eclipse-workspace\MyProjects\TASystemsAPIs\src\test\resources\testDataFiles\Schemas\InvalidTokenRequest_Unauthorized_schema.json"".
2023-01-22 22:08:19.818 &amp#27;[32m INFO&amp#27;[m &amp#27;[35m[@503 - main]&amp#27;[m &amp#27;[36mcom.shaft.tools.io.ReportManager&amp#27;[m : File Action "GetAbsolutePath" successfully performed. With the following test data "Relative Folder Path: "C:\eclipse-workspace\MyProjects\TASystemsAPIs\src\test\resources\testDataFiles\Schemas\InvalidTokenRequest_Unauthorized_schema.json"".
2023-01-22 22:08:19.818 &amp#27;[32m INFO&amp#27;[m &amp#27;[35m[@503 - main]&amp#27;[m &amp#27;[36mcom.shaft.tools.io.ReportManager&amp#27;[m : File Action "ReadFile" successfully performed. With the following test data "File Path: "C:\eclipse-workspace\MyProjects\TASystemsAPIs\src\test\resources\testDataFiles\Schemas\InvalidTokenRequest_Unauthorized_schema.json"".
2023-01-22 22:08:19.819 &amp#27;[32m INFO&amp#27;[m &amp#27;[35m[@503 - main]&amp#27;[m &amp#27;[36mcom.shaft.tools.io.ReportManager&amp#27;[m : Successfully created attachment "Validation Test Data - Expected JSON Value"
2023-01-22 22:08:19.820 &amp#27;[32m INFO&amp#27;[m &amp#27;[35m[@503 - main]&amp#27;[m &amp#27;[36mcom.shaft.tools.io.ReportManager&amp#27;[m : Successfully created attachment "Validation Test Data - Actual JSON Value"
2023-01-22 22:08:19.820 &amp#27;[32m INFO&amp#27;[m &amp#27;[35m[@503 - main]&amp#27;[m &amp#27;[36mcom.shaft.tools.io.ReportManager&amp#27;[m : Successfully created attachment "SHAFT Engine Logs - Current Method log: Invalid_GET_all_Policies_with_missing_Token_TC"
]]></system-out>
  </testcase>
  <testcase name="Update_Policy_With_InValid_data_TC[[Ljava.lang.Object;@351c56d8](1)" classname="SteeringCompanyAPI_TestCases.Test_Policies_Cases" time="2.298">
    <system-out><![CDATA[2023-01-22 22:08:19.874 &amp#27;[32m INFO&amp#27;[m &amp#27;[35m[@534 - main]&amp#27;[m &amp#27;[36mcom.shaft.tools.io.ReportManager&amp#27;[m : 
################################################################################################################################################
Starting Execution:	"224 out of 83" test cases in the current suite
Test Method:		"SteeringCompanyAPI_TestCases.Test_Policies_Cases.Update_Policy_With_InValid_data_TC"
Test Description:	"TC053 -Policy- Perform Update Policy with InValid data"
################################################################################################################################################
2023-01-22 22:08:19.875 &amp#27;[32m INFO&amp#27;[m &amp#27;[35m[@503 - main]&amp#27;[m &amp#27;[36mcom.shaft.tools.io.ReportManager&amp#27;[m : File Action "DoesFileExist" successfully performed. With the following test data "File Path: "SteeringCompanyAPI_TestData/SteeringCompanyAPI_TestData.xlsx"".
2023-01-22 22:08:19.901 &amp#27;[32m INFO&amp#27;[m &amp#27;[35m[@503 - main]&amp#27;[m &amp#27;[36mcom.shaft.tools.io.ReportManager&amp#27;[m : Successfully created attachment "Test Data - Excel"
2023-01-22 22:08:21.263 &amp#27;[32m INFO&amp#27;[m &amp#27;[35m[@503 - main]&amp#27;[m &amp#27;[36mcom.shaft.tools.io.ReportManager&amp#27;[m : Response status code: "200", status line: "HTTP/1.1 200 OK"
2023-01-22 22:08:21.274 &amp#27;[32m INFO&amp#27;[m &amp#27;[35m[@503 - main]&amp#27;[m &amp#27;[36mcom.shaft.tools.io.ReportManager&amp#27;[m : Successfully created attachment "API Request - Specifications"
2023-01-22 22:08:21.275 &amp#27;[32m INFO&amp#27;[m &amp#27;[35m[@503 - main]&amp#27;[m &amp#27;[36mcom.shaft.tools.io.ReportManager&amp#27;[m : Successfully created attachment "API Request - Body"
2023-01-22 22:08:21.277 &amp#27;[32m INFO&amp#27;[m &amp#27;[35m[@503 - main]&amp#27;[m &amp#27;[36mcom.shaft.tools.io.ReportManager&amp#27;[m : Successfully created attachment "API Response - JSON Body"
2023-01-22 22:08:21.286 &amp#27;[32m INFO&amp#27;[m &amp#27;[35m[@503 - main]&amp#27;[m &amp#27;[36mcom.shaft.tools.io.ReportManager&amp#27;[m : File Action "DoesFileExist" successfully performed. With the following test data "File Path: "SteeringCompanyAPI_TestData/SteeringCompanyAPI_TestData.xlsx"".
2023-01-22 22:08:21.306 &amp#27;[32m INFO&amp#27;[m &amp#27;[35m[@503 - main]&amp#27;[m &amp#27;[36mcom.shaft.tools.io.ReportManager&amp#27;[m : Successfully created attachment "Test Data - Excel"
2023-01-22 22:08:21.306 &amp#27;[32m INFO&amp#27;[m &amp#27;[35m[@503 - main]&amp#27;[m &amp#27;[36mcom.shaft.tools.io.ReportManager&amp#27;[m : File Action "DoesFileExist" successfully performed. With the following test data "File Path: "SteeringCompanyAPI_TestData/SteeringCompanyAPI_TestData.xlsx"".
2023-01-22 22:08:21.325 &amp#27;[32m INFO&amp#27;[m &amp#27;[35m[@503 - main]&amp#27;[m &amp#27;[36mcom.shaft.tools.io.ReportManager&amp#27;[m : Successfully created attachment "Test Data - Excel"
2023-01-22 22:08:21.326 &amp#27;[32m INFO&amp#27;[m &amp#27;[35m[@503 - main]&amp#27;[m &amp#27;[36mcom.shaft.tools.io.ReportManager&amp#27;[m : File Action "DoesFileExist" successfully performed. With the following test data "File Path: "SteeringCompanyAPI_TestData/SteeringCompanyAPI_TestData.xlsx"".
2023-01-22 22:08:21.345 &amp#27;[32m INFO&amp#27;[m &amp#27;[35m[@503 - main]&amp#27;[m &amp#27;[36mcom.shaft.tools.io.ReportManager&amp#27;[m : Successfully created attachment "Test Data - Excel"
2023-01-22 22:08:22.150 &amp#27;[32m INFO&amp#27;[m &amp#27;[35m[@503 - main]&amp#27;[m &amp#27;[36mcom.shaft.tools.io.ReportManager&amp#27;[m : Response status code: "422", status line: "HTTP/1.1 422 "
2023-01-22 22:08:22.160 &amp#27;[32m INFO&amp#27;[m &amp#27;[35m[@503 - main]&amp#27;[m &amp#27;[36mcom.shaft.tools.io.ReportManager&amp#27;[m : Successfully created attachment "API Request - Specifications"
2023-01-22 22:08:22.162 &amp#27;[32m INFO&amp#27;[m &amp#27;[35m[@503 - main]&amp#27;[m &amp#27;[36mcom.shaft.tools.io.ReportManager&amp#27;[m : Successfully created attachment "API Request - JSON Body"
2023-01-22 22:08:22.163 &amp#27;[32m INFO&amp#27;[m &amp#27;[35m[@503 - main]&amp#27;[m &amp#27;[36mcom.shaft.tools.io.ReportManager&amp#27;[m : Successfully created attachment "API Response - JSON Body"
2023-01-22 22:08:22.163 &amp#27;[32m INFO&amp#27;[m &amp#27;[35m[@503 - main]&amp#27;[m &amp#27;[36mcom.shaft.tools.io.ReportManager&amp#27;[m : File Action "DoesFileExist" successfully performed. With the following test data "File Path: "Schemas/ValidationError_schema.json"".
2023-01-22 22:08:22.163 &amp#27;[32m INFO&amp#27;[m &amp#27;[35m[@503 - main]&amp#27;[m &amp#27;[36mcom.shaft.tools.io.ReportManager&amp#27;[m : File Action "DoesFileExist" successfully performed. With the following test data "File Path: "src/test/resources/testDataFiles/Schemas/ValidationError_schema.json"".
2023-01-22 22:08:22.164 &amp#27;[32m INFO&amp#27;[m &amp#27;[35m[@503 - main]&amp#27;[m &amp#27;[36mcom.shaft.tools.io.ReportManager&amp#27;[m : File Action "GetAbsolutePath" successfully performed. With the following test data "Relative Folder Path: "src/test/resources/testDataFiles/Schemas/ValidationError_schema.json"".
2023-01-22 22:08:22.166 &amp#27;[32m INFO&amp#27;[m &amp#27;[35m[@503 - main]&amp#27;[m &amp#27;[36mcom.shaft.tools.io.ReportManager&amp#27;[m : File Action "DoesFileExist" successfully performed. With the following test data "File Path: "C:\eclipse-workspace\MyProjects\TASystemsAPIs\src\test\resources\testDataFiles\Schemas\ValidationError_schema.json"".
2023-01-22 22:08:22.166 &amp#27;[32m INFO&amp#27;[m &amp#27;[35m[@503 - main]&amp#27;[m &amp#27;[36mcom.shaft.tools.io.ReportManager&amp#27;[m : File Action "GetAbsolutePath" successfully performed. With the following test data "Relative Folder Path: "C:\eclipse-workspace\MyProjects\TASystemsAPIs\src\test\resources\testDataFiles\Schemas\ValidationError_schema.json"".
2023-01-22 22:08:22.166 &amp#27;[32m INFO&amp#27;[m &amp#27;[35m[@503 - main]&amp#27;[m &amp#27;[36mcom.shaft.tools.io.ReportManager&amp#27;[m : File Action "ReadFile" successfully performed. With the following test data "File Path: "C:\eclipse-workspace\MyProjects\TASystemsAPIs\src\test\resources\testDataFiles\Schemas\ValidationError_schema.json"".
2023-01-22 22:08:22.167 &amp#27;[32m INFO&amp#27;[m &amp#27;[35m[@503 - main]&amp#27;[m &amp#27;[36mcom.shaft.tools.io.ReportManager&amp#27;[m : Successfully created attachment "Validation Test Data - Expected JSON Value"
2023-01-22 22:08:22.168 &amp#27;[32m INFO&amp#27;[m &amp#27;[35m[@503 - main]&amp#27;[m &amp#27;[36mcom.shaft.tools.io.ReportManager&amp#27;[m : Successfully created attachment "Validation Test Data - Actual JSON Value"
2023-01-22 22:08:22.170 &amp#27;[32m INFO&amp#27;[m &amp#27;[35m[@503 - main]&amp#27;[m &amp#27;[36mcom.shaft.tools.io.ReportManager&amp#27;[m : Successfully created attachment "SHAFT Engine Logs - Current Method log: Update_Policy_With_InValid_data_TC"
]]></system-out>
  </testcase>
  <testcase name="Update_Policy_With_InValid_data_TC[[Ljava.lang.Object;@2683892d](2)" classname="SteeringCompanyAPI_TestCases.Test_Policies_Cases" time="2.064">
    <system-out><![CDATA[2023-01-22 22:08:22.174 &amp#27;[32m INFO&amp#27;[m &amp#27;[35m[@534 - main]&amp#27;[m &amp#27;[36mcom.shaft.tools.io.ReportManager&amp#27;[m : 
################################################################################################################################################
Starting Execution:	"225 out of 83" test cases in the current suite
Test Method:		"SteeringCompanyAPI_TestCases.Test_Policies_Cases.Update_Policy_With_InValid_data_TC"
Test Description:	"TC053 -Policy- Perform Update Policy with InValid data"
################################################################################################################################################
2023-01-22 22:08:22.174 &amp#27;[32m INFO&amp#27;[m &amp#27;[35m[@503 - main]&amp#27;[m &amp#27;[36mcom.shaft.tools.io.ReportManager&amp#27;[m : File Action "DoesFileExist" successfully performed. With the following test data "File Path: "SteeringCompanyAPI_TestData/SteeringCompanyAPI_TestData.xlsx"".
2023-01-22 22:08:22.208 &amp#27;[32m INFO&amp#27;[m &amp#27;[35m[@503 - main]&amp#27;[m &amp#27;[36mcom.shaft.tools.io.ReportManager&amp#27;[m : Successfully created attachment "Test Data - Excel"
2023-01-22 22:08:23.178 &amp#27;[32m INFO&amp#27;[m &amp#27;[35m[@503 - main]&amp#27;[m &amp#27;[36mcom.shaft.tools.io.ReportManager&amp#27;[m : Response status code: "200", status line: "HTTP/1.1 200 OK"
2023-01-22 22:08:23.192 &amp#27;[32m INFO&amp#27;[m &amp#27;[35m[@503 - main]&amp#27;[m &amp#27;[36mcom.shaft.tools.io.ReportManager&amp#27;[m : Successfully created attachment "API Request - Specifications"
2023-01-22 22:08:23.193 &amp#27;[32m INFO&amp#27;[m &amp#27;[35m[@503 - main]&amp#27;[m &amp#27;[36mcom.shaft.tools.io.ReportManager&amp#27;[m : Successfully created attachment "API Request - Body"
2023-01-22 22:08:23.194 &amp#27;[32m INFO&amp#27;[m &amp#27;[35m[@503 - main]&amp#27;[m &amp#27;[36mcom.shaft.tools.io.ReportManager&amp#27;[m : Successfully created attachment "API Response - JSON Body"
2023-01-22 22:08:23.205 &amp#27;[32m INFO&amp#27;[m &amp#27;[35m[@503 - main]&amp#27;[m &amp#27;[36mcom.shaft.tools.io.ReportManager&amp#27;[m : File Action "DoesFileExist" successfully performed. With the following test data "File Path: "SteeringCompanyAPI_TestData/SteeringCompanyAPI_TestData.xlsx"".
2023-01-22 22:08:23.240 &amp#27;[32m INFO&amp#27;[m &amp#27;[35m[@503 - main]&amp#27;[m &amp#27;[36mcom.shaft.tools.io.ReportManager&amp#27;[m : Successfully created attachment "Test Data - Excel"
2023-01-22 22:08:23.240 &amp#27;[32m INFO&amp#27;[m &amp#27;[35m[@503 - main]&amp#27;[m &amp#27;[36mcom.shaft.tools.io.ReportManager&amp#27;[m : File Action "DoesFileExist" successfully performed. With the following test data "File Path: "SteeringCompanyAPI_TestData/SteeringCompanyAPI_TestData.xlsx"".
2023-01-22 22:08:23.265 &amp#27;[32m INFO&amp#27;[m &amp#27;[35m[@503 - main]&amp#27;[m &amp#27;[36mcom.shaft.tools.io.ReportManager&amp#27;[m : Successfully created attachment "Test Data - Excel"
2023-01-22 22:08:23.265 &amp#27;[32m INFO&amp#27;[m &amp#27;[35m[@503 - main]&amp#27;[m &amp#27;[36mcom.shaft.tools.io.ReportManager&amp#27;[m : File Action "DoesFileExist" successfully performed. With the following test data "File Path: "SteeringCompanyAPI_TestData/SteeringCompanyAPI_TestData.xlsx"".
2023-01-22 22:08:23.289 &amp#27;[32m INFO&amp#27;[m &amp#27;[35m[@503 - main]&amp#27;[m &amp#27;[36mcom.shaft.tools.io.ReportManager&amp#27;[m : Successfully created attachment "Test Data - Excel"
2023-01-22 22:08:24.215 &amp#27;[32m INFO&amp#27;[m &amp#27;[35m[@503 - main]&amp#27;[m &amp#27;[36mcom.shaft.tools.io.ReportManager&amp#27;[m : Response status code: "422", status line: "HTTP/1.1 422 "
2023-01-22 22:08:24.226 &amp#27;[32m INFO&amp#27;[m &amp#27;[35m[@503 - main]&amp#27;[m &amp#27;[36mcom.shaft.tools.io.ReportManager&amp#27;[m : Successfully created attachment "API Request - Specifications"
2023-01-22 22:08:24.227 &amp#27;[32m INFO&amp#27;[m &amp#27;[35m[@503 - main]&amp#27;[m &amp#27;[36mcom.shaft.tools.io.ReportManager&amp#27;[m : Successfully created attachment "API Request - JSON Body"
2023-01-22 22:08:24.228 &amp#27;[32m INFO&amp#27;[m &amp#27;[35m[@503 - main]&amp#27;[m &amp#27;[36mcom.shaft.tools.io.ReportManager&amp#27;[m : Successfully created attachment "API Response - JSON Body"
2023-01-22 22:08:24.228 &amp#27;[32m INFO&amp#27;[m &amp#27;[35m[@503 - main]&amp#27;[m &amp#27;[36mcom.shaft.tools.io.ReportManager&amp#27;[m : File Action "DoesFileExist" successfully performed. With the following test data "File Path: "Schemas/ValidationError_schema.json"".
2023-01-22 22:08:24.228 &amp#27;[32m INFO&amp#27;[m &amp#27;[35m[@503 - main]&amp#27;[m &amp#27;[36mcom.shaft.tools.io.ReportManager&amp#27;[m : File Action "DoesFileExist" successfully performed. With the following test data "File Path: "src/test/resources/testDataFiles/Schemas/ValidationError_schema.json"".
2023-01-22 22:08:24.228 &amp#27;[32m INFO&amp#27;[m &amp#27;[35m[@503 - main]&amp#27;[m &amp#27;[36mcom.shaft.tools.io.ReportManager&amp#27;[m : File Action "GetAbsolutePath" successfully performed. With the following test data "Relative Folder Path: "src/test/resources/testDataFiles/Schemas/ValidationError_schema.json"".
2023-01-22 22:08:24.231 &amp#27;[32m INFO&amp#27;[m &amp#27;[35m[@503 - main]&amp#27;[m &amp#27;[36mcom.shaft.tools.io.ReportManager&amp#27;[m : File Action "DoesFileExist" successfully performed. With the following test data "File Path: "C:\eclipse-workspace\MyProjects\TASystemsAPIs\src\test\resources\testDataFiles\Schemas\ValidationError_schema.json"".
2023-01-22 22:08:24.231 &amp#27;[32m INFO&amp#27;[m &amp#27;[35m[@503 - main]&amp#27;[m &amp#27;[36mcom.shaft.tools.io.ReportManager&amp#27;[m : File Action "GetAbsolutePath" successfully performed. With the following test data "Relative Folder Path: "C:\eclipse-workspace\MyProjects\TASystemsAPIs\src\test\resources\testDataFiles\Schemas\ValidationError_schema.json"".
2023-01-22 22:08:24.231 &amp#27;[32m INFO&amp#27;[m &amp#27;[35m[@503 - main]&amp#27;[m &amp#27;[36mcom.shaft.tools.io.ReportManager&amp#27;[m : File Action "ReadFile" successfully performed. With the following test data "File Path: "C:\eclipse-workspace\MyProjects\TASystemsAPIs\src\test\resources\testDataFiles\Schemas\ValidationError_schema.json"".
2023-01-22 22:08:24.232 &amp#27;[32m INFO&amp#27;[m &amp#27;[35m[@503 - main]&amp#27;[m &amp#27;[36mcom.shaft.tools.io.ReportManager&amp#27;[m : Successfully created attachment "Validation Test Data - Expected JSON Value"
2023-01-22 22:08:24.232 &amp#27;[32m INFO&amp#27;[m &amp#27;[35m[@503 - main]&amp#27;[m &amp#27;[36mcom.shaft.tools.io.ReportManager&amp#27;[m : Successfully created attachment "Validation Test Data - Actual JSON Value"
2023-01-22 22:08:24.233 &amp#27;[32m INFO&amp#27;[m &amp#27;[35m[@503 - main]&amp#27;[m &amp#27;[36mcom.shaft.tools.io.ReportManager&amp#27;[m : Successfully created attachment "SHAFT Engine Logs - Current Method log: Update_Policy_With_InValid_data_TC"
]]></system-out>
  </testcase>
  <testcase name="Update_Policy_With_InValid_data_TC[[Ljava.lang.Object;@2f7ab28c](3)" classname="SteeringCompanyAPI_TestCases.Test_Policies_Cases" time="2.13">
    <system-out><![CDATA[2023-01-22 22:08:24.237 &amp#27;[32m INFO&amp#27;[m &amp#27;[35m[@534 - main]&amp#27;[m &amp#27;[36mcom.shaft.tools.io.ReportManager&amp#27;[m : 
################################################################################################################################################
Starting Execution:	"226 out of 83" test cases in the current suite
Test Method:		"SteeringCompanyAPI_TestCases.Test_Policies_Cases.Update_Policy_With_InValid_data_TC"
Test Description:	"TC053 -Policy- Perform Update Policy with InValid data"
################################################################################################################################################
2023-01-22 22:08:24.237 &amp#27;[32m INFO&amp#27;[m &amp#27;[35m[@503 - main]&amp#27;[m &amp#27;[36mcom.shaft.tools.io.ReportManager&amp#27;[m : File Action "DoesFileExist" successfully performed. With the following test data "File Path: "SteeringCompanyAPI_TestData/SteeringCompanyAPI_TestData.xlsx"".
2023-01-22 22:08:24.264 &amp#27;[32m INFO&amp#27;[m &amp#27;[35m[@503 - main]&amp#27;[m &amp#27;[36mcom.shaft.tools.io.ReportManager&amp#27;[m : Successfully created attachment "Test Data - Excel"
2023-01-22 22:08:25.338 &amp#27;[32m INFO&amp#27;[m &amp#27;[35m[@503 - main]&amp#27;[m &amp#27;[36mcom.shaft.tools.io.ReportManager&amp#27;[m : Response status code: "200", status line: "HTTP/1.1 200 OK"
2023-01-22 22:08:25.350 &amp#27;[32m INFO&amp#27;[m &amp#27;[35m[@503 - main]&amp#27;[m &amp#27;[36mcom.shaft.tools.io.ReportManager&amp#27;[m : Successfully created attachment "API Request - Specifications"
2023-01-22 22:08:25.351 &amp#27;[32m INFO&amp#27;[m &amp#27;[35m[@503 - main]&amp#27;[m &amp#27;[36mcom.shaft.tools.io.ReportManager&amp#27;[m : Successfully created attachment "API Request - Body"
2023-01-22 22:08:25.353 &amp#27;[32m INFO&amp#27;[m &amp#27;[35m[@503 - main]&amp#27;[m &amp#27;[36mcom.shaft.tools.io.ReportManager&amp#27;[m : Successfully created attachment "API Response - JSON Body"
2023-01-22 22:08:25.361 &amp#27;[32m INFO&amp#27;[m &amp#27;[35m[@503 - main]&amp#27;[m &amp#27;[36mcom.shaft.tools.io.ReportManager&amp#27;[m : File Action "DoesFileExist" successfully performed. With the following test data "File Path: "SteeringCompanyAPI_TestData/SteeringCompanyAPI_TestData.xlsx"".
2023-01-22 22:08:25.386 &amp#27;[32m INFO&amp#27;[m &amp#27;[35m[@503 - main]&amp#27;[m &amp#27;[36mcom.shaft.tools.io.ReportManager&amp#27;[m : Successfully created attachment "Test Data - Excel"
2023-01-22 22:08:25.386 &amp#27;[32m INFO&amp#27;[m &amp#27;[35m[@503 - main]&amp#27;[m &amp#27;[36mcom.shaft.tools.io.ReportManager&amp#27;[m : File Action "DoesFileExist" successfully performed. With the following test data "File Path: "SteeringCompanyAPI_TestData/SteeringCompanyAPI_TestData.xlsx"".
2023-01-22 22:08:25.410 &amp#27;[32m INFO&amp#27;[m &amp#27;[35m[@503 - main]&amp#27;[m &amp#27;[36mcom.shaft.tools.io.ReportManager&amp#27;[m : Successfully created attachment "Test Data - Excel"
2023-01-22 22:08:25.411 &amp#27;[32m INFO&amp#27;[m &amp#27;[35m[@503 - main]&amp#27;[m &amp#27;[36mcom.shaft.tools.io.ReportManager&amp#27;[m : File Action "DoesFileExist" successfully performed. With the following test data "File Path: "SteeringCompanyAPI_TestData/SteeringCompanyAPI_TestData.xlsx"".
2023-01-22 22:08:25.432 &amp#27;[32m INFO&amp#27;[m &amp#27;[35m[@503 - main]&amp#27;[m &amp#27;[36mcom.shaft.tools.io.ReportManager&amp#27;[m : Successfully created attachment "Test Data - Excel"
2023-01-22 22:08:26.348 &amp#27;[32m INFO&amp#27;[m &amp#27;[35m[@503 - main]&amp#27;[m &amp#27;[36mcom.shaft.tools.io.ReportManager&amp#27;[m : Response status code: "422", status line: "HTTP/1.1 422 "
2023-01-22 22:08:26.357 &amp#27;[32m INFO&amp#27;[m &amp#27;[35m[@503 - main]&amp#27;[m &amp#27;[36mcom.shaft.tools.io.ReportManager&amp#27;[m : Successfully created attachment "API Request - Specifications"
2023-01-22 22:08:26.358 &amp#27;[32m INFO&amp#27;[m &amp#27;[35m[@503 - main]&amp#27;[m &amp#27;[36mcom.shaft.tools.io.ReportManager&amp#27;[m : Successfully created attachment "API Request - JSON Body"
2023-01-22 22:08:26.358 &amp#27;[32m INFO&amp#27;[m &amp#27;[35m[@503 - main]&amp#27;[m &amp#27;[36mcom.shaft.tools.io.ReportManager&amp#27;[m : Successfully created attachment "API Response - JSON Body"
2023-01-22 22:08:26.358 &amp#27;[32m INFO&amp#27;[m &amp#27;[35m[@503 - main]&amp#27;[m &amp#27;[36mcom.shaft.tools.io.ReportManager&amp#27;[m : File Action "DoesFileExist" successfully performed. With the following test data "File Path: "Schemas/ValidationError_schema.json"".
2023-01-22 22:08:26.358 &amp#27;[32m INFO&amp#27;[m &amp#27;[35m[@503 - main]&amp#27;[m &amp#27;[36mcom.shaft.tools.io.ReportManager&amp#27;[m : File Action "DoesFileExist" successfully performed. With the following test data "File Path: "src/test/resources/testDataFiles/Schemas/ValidationError_schema.json"".
2023-01-22 22:08:26.358 &amp#27;[32m INFO&amp#27;[m &amp#27;[35m[@503 - main]&amp#27;[m &amp#27;[36mcom.shaft.tools.io.ReportManager&amp#27;[m : File Action "GetAbsolutePath" successfully performed. With the following test data "Relative Folder Path: "src/test/resources/testDataFiles/Schemas/ValidationError_schema.json"".
2023-01-22 22:08:26.361 &amp#27;[32m INFO&amp#27;[m &amp#27;[35m[@503 - main]&amp#27;[m &amp#27;[36mcom.shaft.tools.io.ReportManager&amp#27;[m : File Action "DoesFileExist" successfully performed. With the following test data "File Path: "C:\eclipse-workspace\MyProjects\TASystemsAPIs\src\test\resources\testDataFiles\Schemas\ValidationError_schema.json"".
2023-01-22 22:08:26.361 &amp#27;[32m INFO&amp#27;[m &amp#27;[35m[@503 - main]&amp#27;[m &amp#27;[36mcom.shaft.tools.io.ReportManager&amp#27;[m : File Action "GetAbsolutePath" successfully performed. With the following test data "Relative Folder Path: "C:\eclipse-workspace\MyProjects\TASystemsAPIs\src\test\resources\testDataFiles\Schemas\ValidationError_schema.json"".
2023-01-22 22:08:26.362 &amp#27;[32m INFO&amp#27;[m &amp#27;[35m[@503 - main]&amp#27;[m &amp#27;[36mcom.shaft.tools.io.ReportManager&amp#27;[m : File Action "ReadFile" successfully performed. With the following test data "File Path: "C:\eclipse-workspace\MyProjects\TASystemsAPIs\src\test\resources\testDataFiles\Schemas\ValidationError_schema.json"".
2023-01-22 22:08:26.363 &amp#27;[32m INFO&amp#27;[m &amp#27;[35m[@503 - main]&amp#27;[m &amp#27;[36mcom.shaft.tools.io.ReportManager&amp#27;[m : Successfully created attachment "Validation Test Data - Expected JSON Value"
2023-01-22 22:08:26.364 &amp#27;[32m INFO&amp#27;[m &amp#27;[35m[@503 - main]&amp#27;[m &amp#27;[36mcom.shaft.tools.io.ReportManager&amp#27;[m : Successfully created attachment "Validation Test Data - Actual JSON Value"
2023-01-22 22:08:26.365 &amp#27;[32m INFO&amp#27;[m &amp#27;[35m[@503 - main]&amp#27;[m &amp#27;[36mcom.shaft.tools.io.ReportManager&amp#27;[m : Successfully created attachment "SHAFT Engine Logs - Current Method log: Update_Policy_With_InValid_data_TC"
]]></system-out>
  </testcase>
  <testcase name="Update_Policy_With_InValid_data_TC[[Ljava.lang.Object;@67d5c8ec](4)" classname="SteeringCompanyAPI_TestCases.Test_Policies_Cases" time="1.947">
    <system-out><![CDATA[2023-01-22 22:08:26.367 &amp#27;[32m INFO&amp#27;[m &amp#27;[35m[@534 - main]&amp#27;[m &amp#27;[36mcom.shaft.tools.io.ReportManager&amp#27;[m : 
################################################################################################################################################
Starting Execution:	"227 out of 83" test cases in the current suite
Test Method:		"SteeringCompanyAPI_TestCases.Test_Policies_Cases.Update_Policy_With_InValid_data_TC"
Test Description:	"TC053 -Policy- Perform Update Policy with InValid data"
################################################################################################################################################
2023-01-22 22:08:26.367 &amp#27;[32m INFO&amp#27;[m &amp#27;[35m[@503 - main]&amp#27;[m &amp#27;[36mcom.shaft.tools.io.ReportManager&amp#27;[m : File Action "DoesFileExist" successfully performed. With the following test data "File Path: "SteeringCompanyAPI_TestData/SteeringCompanyAPI_TestData.xlsx"".
2023-01-22 22:08:26.397 &amp#27;[32m INFO&amp#27;[m &amp#27;[35m[@503 - main]&amp#27;[m &amp#27;[36mcom.shaft.tools.io.ReportManager&amp#27;[m : Successfully created attachment "Test Data - Excel"
2023-01-22 22:08:27.410 &amp#27;[32m INFO&amp#27;[m &amp#27;[35m[@503 - main]&amp#27;[m &amp#27;[36mcom.shaft.tools.io.ReportManager&amp#27;[m : Response status code: "200", status line: "HTTP/1.1 200 OK"
2023-01-22 22:08:27.420 &amp#27;[32m INFO&amp#27;[m &amp#27;[35m[@503 - main]&amp#27;[m &amp#27;[36mcom.shaft.tools.io.ReportManager&amp#27;[m : Successfully created attachment "API Request - Specifications"
2023-01-22 22:08:27.420 &amp#27;[32m INFO&amp#27;[m &amp#27;[35m[@503 - main]&amp#27;[m &amp#27;[36mcom.shaft.tools.io.ReportManager&amp#27;[m : Successfully created attachment "API Request - Body"
2023-01-22 22:08:27.422 &amp#27;[32m INFO&amp#27;[m &amp#27;[35m[@503 - main]&amp#27;[m &amp#27;[36mcom.shaft.tools.io.ReportManager&amp#27;[m : Successfully created attachment "API Response - JSON Body"
2023-01-22 22:08:27.429 &amp#27;[32m INFO&amp#27;[m &amp#27;[35m[@503 - main]&amp#27;[m &amp#27;[36mcom.shaft.tools.io.ReportManager&amp#27;[m : File Action "DoesFileExist" successfully performed. With the following test data "File Path: "SteeringCompanyAPI_TestData/SteeringCompanyAPI_TestData.xlsx"".
2023-01-22 22:08:27.453 &amp#27;[32m INFO&amp#27;[m &amp#27;[35m[@503 - main]&amp#27;[m &amp#27;[36mcom.shaft.tools.io.ReportManager&amp#27;[m : Successfully created attachment "Test Data - Excel"
2023-01-22 22:08:27.454 &amp#27;[32m INFO&amp#27;[m &amp#27;[35m[@503 - main]&amp#27;[m &amp#27;[36mcom.shaft.tools.io.ReportManager&amp#27;[m : File Action "DoesFileExist" successfully performed. With the following test data "File Path: "SteeringCompanyAPI_TestData/SteeringCompanyAPI_TestData.xlsx"".
2023-01-22 22:08:27.475 &amp#27;[32m INFO&amp#27;[m &amp#27;[35m[@503 - main]&amp#27;[m &amp#27;[36mcom.shaft.tools.io.ReportManager&amp#27;[m : Successfully created attachment "Test Data - Excel"
2023-01-22 22:08:27.475 &amp#27;[32m INFO&amp#27;[m &amp#27;[35m[@503 - main]&amp#27;[m &amp#27;[36mcom.shaft.tools.io.ReportManager&amp#27;[m : File Action "DoesFileExist" successfully performed. With the following test data "File Path: "SteeringCompanyAPI_TestData/SteeringCompanyAPI_TestData.xlsx"".
2023-01-22 22:08:27.507 &amp#27;[32m INFO&amp#27;[m &amp#27;[35m[@503 - main]&amp#27;[m &amp#27;[36mcom.shaft.tools.io.ReportManager&amp#27;[m : Successfully created attachment "Test Data - Excel"
2023-01-22 22:08:28.292 &amp#27;[32m INFO&amp#27;[m &amp#27;[35m[@503 - main]&amp#27;[m &amp#27;[36mcom.shaft.tools.io.ReportManager&amp#27;[m : Response status code: "422", status line: "HTTP/1.1 422 "
2023-01-22 22:08:28.303 &amp#27;[32m INFO&amp#27;[m &amp#27;[35m[@503 - main]&amp#27;[m &amp#27;[36mcom.shaft.tools.io.ReportManager&amp#27;[m : Successfully created attachment "API Request - Specifications"
2023-01-22 22:08:28.304 &amp#27;[32m INFO&amp#27;[m &amp#27;[35m[@503 - main]&amp#27;[m &amp#27;[36mcom.shaft.tools.io.ReportManager&amp#27;[m : Successfully created attachment "API Request - JSON Body"
2023-01-22 22:08:28.304 &amp#27;[32m INFO&amp#27;[m &amp#27;[35m[@503 - main]&amp#27;[m &amp#27;[36mcom.shaft.tools.io.ReportManager&amp#27;[m : Successfully created attachment "API Response - JSON Body"
2023-01-22 22:08:28.305 &amp#27;[32m INFO&amp#27;[m &amp#27;[35m[@503 - main]&amp#27;[m &amp#27;[36mcom.shaft.tools.io.ReportManager&amp#27;[m : File Action "DoesFileExist" successfully performed. With the following test data "File Path: "Schemas/ValidationError_schema.json"".
2023-01-22 22:08:28.306 &amp#27;[32m INFO&amp#27;[m &amp#27;[35m[@503 - main]&amp#27;[m &amp#27;[36mcom.shaft.tools.io.ReportManager&amp#27;[m : File Action "DoesFileExist" successfully performed. With the following test data "File Path: "src/test/resources/testDataFiles/Schemas/ValidationError_schema.json"".
2023-01-22 22:08:28.306 &amp#27;[32m INFO&amp#27;[m &amp#27;[35m[@503 - main]&amp#27;[m &amp#27;[36mcom.shaft.tools.io.ReportManager&amp#27;[m : File Action "GetAbsolutePath" successfully performed. With the following test data "Relative Folder Path: "src/test/resources/testDataFiles/Schemas/ValidationError_schema.json"".
2023-01-22 22:08:28.308 &amp#27;[32m INFO&amp#27;[m &amp#27;[35m[@503 - main]&amp#27;[m &amp#27;[36mcom.shaft.tools.io.ReportManager&amp#27;[m : File Action "DoesFileExist" successfully performed. With the following test data "File Path: "C:\eclipse-workspace\MyProjects\TASystemsAPIs\src\test\resources\testDataFiles\Schemas\ValidationError_schema.json"".
2023-01-22 22:08:28.308 &amp#27;[32m INFO&amp#27;[m &amp#27;[35m[@503 - main]&amp#27;[m &amp#27;[36mcom.shaft.tools.io.ReportManager&amp#27;[m : File Action "GetAbsolutePath" successfully performed. With the following test data "Relative Folder Path: "C:\eclipse-workspace\MyProjects\TASystemsAPIs\src\test\resources\testDataFiles\Schemas\ValidationError_schema.json"".
2023-01-22 22:08:28.308 &amp#27;[32m INFO&amp#27;[m &amp#27;[35m[@503 - main]&amp#27;[m &amp#27;[36mcom.shaft.tools.io.ReportManager&amp#27;[m : File Action "ReadFile" successfully performed. With the following test data "File Path: "C:\eclipse-workspace\MyProjects\TASystemsAPIs\src\test\resources\testDataFiles\Schemas\ValidationError_schema.json"".
2023-01-22 22:08:28.309 &amp#27;[32m INFO&amp#27;[m &amp#27;[35m[@503 - main]&amp#27;[m &amp#27;[36mcom.shaft.tools.io.ReportManager&amp#27;[m : Successfully created attachment "Validation Test Data - Expected JSON Value"
2023-01-22 22:08:28.310 &amp#27;[32m INFO&amp#27;[m &amp#27;[35m[@503 - main]&amp#27;[m &amp#27;[36mcom.shaft.tools.io.ReportManager&amp#27;[m : Successfully created attachment "Validation Test Data - Actual JSON Value"
2023-01-22 22:08:28.312 &amp#27;[32m INFO&amp#27;[m &amp#27;[35m[@503 - main]&amp#27;[m &amp#27;[36mcom.shaft.tools.io.ReportManager&amp#27;[m : Successfully created attachment "SHAFT Engine Logs - Current Method log: Update_Policy_With_InValid_data_TC"
]]></system-out>
  </testcase>
  <testcase name="Update_Policy_With_InValid_data_TC[[Ljava.lang.Object;@4cd8731e](5)" classname="SteeringCompanyAPI_TestCases.Test_Policies_Cases" time="3.122">
    <system-out><![CDATA[2023-01-22 22:08:28.314 &amp#27;[32m INFO&amp#27;[m &amp#27;[35m[@534 - main]&amp#27;[m &amp#27;[36mcom.shaft.tools.io.ReportManager&amp#27;[m : 
################################################################################################################################################
Starting Execution:	"228 out of 83" test cases in the current suite
Test Method:		"SteeringCompanyAPI_TestCases.Test_Policies_Cases.Update_Policy_With_InValid_data_TC"
Test Description:	"TC053 -Policy- Perform Update Policy with InValid data"
################################################################################################################################################
2023-01-22 22:08:28.315 &amp#27;[32m INFO&amp#27;[m &amp#27;[35m[@503 - main]&amp#27;[m &amp#27;[36mcom.shaft.tools.io.ReportManager&amp#27;[m : File Action "DoesFileExist" successfully performed. With the following test data "File Path: "SteeringCompanyAPI_TestData/SteeringCompanyAPI_TestData.xlsx"".
2023-01-22 22:08:28.337 &amp#27;[32m INFO&amp#27;[m &amp#27;[35m[@503 - main]&amp#27;[m &amp#27;[36mcom.shaft.tools.io.ReportManager&amp#27;[m : Successfully created attachment "Test Data - Excel"
2023-01-22 22:08:29.522 &amp#27;[32m INFO&amp#27;[m &amp#27;[35m[@503 - main]&amp#27;[m &amp#27;[36mcom.shaft.tools.io.ReportManager&amp#27;[m : Response status code: "200", status line: "HTTP/1.1 200 OK"
2023-01-22 22:08:29.545 &amp#27;[32m INFO&amp#27;[m &amp#27;[35m[@503 - main]&amp#27;[m &amp#27;[36mcom.shaft.tools.io.ReportManager&amp#27;[m : Successfully created attachment "API Request - Specifications"
2023-01-22 22:08:29.545 &amp#27;[32m INFO&amp#27;[m &amp#27;[35m[@503 - main]&amp#27;[m &amp#27;[36mcom.shaft.tools.io.ReportManager&amp#27;[m : Successfully created attachment "API Request - Body"
2023-01-22 22:08:29.547 &amp#27;[32m INFO&amp#27;[m &amp#27;[35m[@503 - main]&amp#27;[m &amp#27;[36mcom.shaft.tools.io.ReportManager&amp#27;[m : Successfully created attachment "API Response - JSON Body"
2023-01-22 22:08:29.555 &amp#27;[32m INFO&amp#27;[m &amp#27;[35m[@503 - main]&amp#27;[m &amp#27;[36mcom.shaft.tools.io.ReportManager&amp#27;[m : File Action "DoesFileExist" successfully performed. With the following test data "File Path: "SteeringCompanyAPI_TestData/SteeringCompanyAPI_TestData.xlsx"".
2023-01-22 22:08:29.575 &amp#27;[32m INFO&amp#27;[m &amp#27;[35m[@503 - main]&amp#27;[m &amp#27;[36mcom.shaft.tools.io.ReportManager&amp#27;[m : Successfully created attachment "Test Data - Excel"
2023-01-22 22:08:29.576 &amp#27;[32m INFO&amp#27;[m &amp#27;[35m[@503 - main]&amp#27;[m &amp#27;[36mcom.shaft.tools.io.ReportManager&amp#27;[m : File Action "DoesFileExist" successfully performed. With the following test data "File Path: "SteeringCompanyAPI_TestData/SteeringCompanyAPI_TestData.xlsx"".
2023-01-22 22:08:29.595 &amp#27;[32m INFO&amp#27;[m &amp#27;[35m[@503 - main]&amp#27;[m &amp#27;[36mcom.shaft.tools.io.ReportManager&amp#27;[m : Successfully created attachment "Test Data - Excel"
2023-01-22 22:08:29.595 &amp#27;[32m INFO&amp#27;[m &amp#27;[35m[@503 - main]&amp#27;[m &amp#27;[36mcom.shaft.tools.io.ReportManager&amp#27;[m : File Action "DoesFileExist" successfully performed. With the following test data "File Path: "SteeringCompanyAPI_TestData/SteeringCompanyAPI_TestData.xlsx"".
2023-01-22 22:08:29.616 &amp#27;[32m INFO&amp#27;[m &amp#27;[35m[@503 - main]&amp#27;[m &amp#27;[36mcom.shaft.tools.io.ReportManager&amp#27;[m : Successfully created attachment "Test Data - Excel"
2023-01-22 22:08:31.417 &amp#27;[32m INFO&amp#27;[m &amp#27;[35m[@503 - main]&amp#27;[m &amp#27;[36mcom.shaft.tools.io.ReportManager&amp#27;[m : Response status code: "422", status line: "HTTP/1.1 422 "
2023-01-22 22:08:31.426 &amp#27;[32m INFO&amp#27;[m &amp#27;[35m[@503 - main]&amp#27;[m &amp#27;[36mcom.shaft.tools.io.ReportManager&amp#27;[m : Successfully created attachment "API Request - Specifications"
2023-01-22 22:08:31.427 &amp#27;[32m INFO&amp#27;[m &amp#27;[35m[@503 - main]&amp#27;[m &amp#27;[36mcom.shaft.tools.io.ReportManager&amp#27;[m : Successfully created attachment "API Request - JSON Body"
2023-01-22 22:08:31.428 &amp#27;[32m INFO&amp#27;[m &amp#27;[35m[@503 - main]&amp#27;[m &amp#27;[36mcom.shaft.tools.io.ReportManager&amp#27;[m : Successfully created attachment "API Response - JSON Body"
2023-01-22 22:08:31.428 &amp#27;[32m INFO&amp#27;[m &amp#27;[35m[@503 - main]&amp#27;[m &amp#27;[36mcom.shaft.tools.io.ReportManager&amp#27;[m : File Action "DoesFileExist" successfully performed. With the following test data "File Path: "Schemas/ValidationError_schema.json"".
2023-01-22 22:08:31.428 &amp#27;[32m INFO&amp#27;[m &amp#27;[35m[@503 - main]&amp#27;[m &amp#27;[36mcom.shaft.tools.io.ReportManager&amp#27;[m : File Action "DoesFileExist" successfully performed. With the following test data "File Path: "src/test/resources/testDataFiles/Schemas/ValidationError_schema.json"".
2023-01-22 22:08:31.428 &amp#27;[32m INFO&amp#27;[m &amp#27;[35m[@503 - main]&amp#27;[m &amp#27;[36mcom.shaft.tools.io.ReportManager&amp#27;[m : File Action "GetAbsolutePath" successfully performed. With the following test data "Relative Folder Path: "src/test/resources/testDataFiles/Schemas/ValidationError_schema.json"".
2023-01-22 22:08:31.430 &amp#27;[32m INFO&amp#27;[m &amp#27;[35m[@503 - main]&amp#27;[m &amp#27;[36mcom.shaft.tools.io.ReportManager&amp#27;[m : File Action "DoesFileExist" successfully performed. With the following test data "File Path: "C:\eclipse-workspace\MyProjects\TASystemsAPIs\src\test\resources\testDataFiles\Schemas\ValidationError_schema.json"".
2023-01-22 22:08:31.430 &amp#27;[32m INFO&amp#27;[m &amp#27;[35m[@503 - main]&amp#27;[m &amp#27;[36mcom.shaft.tools.io.ReportManager&amp#27;[m : File Action "GetAbsolutePath" successfully performed. With the following test data "Relative Folder Path: "C:\eclipse-workspace\MyProjects\TASystemsAPIs\src\test\resources\testDataFiles\Schemas\ValidationError_schema.json"".
2023-01-22 22:08:31.431 &amp#27;[32m INFO&amp#27;[m &amp#27;[35m[@503 - main]&amp#27;[m &amp#27;[36mcom.shaft.tools.io.ReportManager&amp#27;[m : File Action "ReadFile" successfully performed. With the following test data "File Path: "C:\eclipse-workspace\MyProjects\TASystemsAPIs\src\test\resources\testDataFiles\Schemas\ValidationError_schema.json"".
2023-01-22 22:08:31.432 &amp#27;[32m INFO&amp#27;[m &amp#27;[35m[@503 - main]&amp#27;[m &amp#27;[36mcom.shaft.tools.io.ReportManager&amp#27;[m : Successfully created attachment "Validation Test Data - Expected JSON Value"
2023-01-22 22:08:31.432 &amp#27;[32m INFO&amp#27;[m &amp#27;[35m[@503 - main]&amp#27;[m &amp#27;[36mcom.shaft.tools.io.ReportManager&amp#27;[m : Successfully created attachment "Validation Test Data - Actual JSON Value"
2023-01-22 22:08:31.434 &amp#27;[32m INFO&amp#27;[m &amp#27;[35m[@503 - main]&amp#27;[m &amp#27;[36mcom.shaft.tools.io.ReportManager&amp#27;[m : Successfully created attachment "SHAFT Engine Logs - Current Method log: Update_Policy_With_InValid_data_TC"
]]></system-out>
  </testcase>
  <testcase name="Update_Policy_With_InValid_data_TC[[Ljava.lang.Object;@6d675cb6](6)" classname="SteeringCompanyAPI_TestCases.Test_Policies_Cases" time="2.224">
    <system-out><![CDATA[2023-01-22 22:08:31.438 &amp#27;[32m INFO&amp#27;[m &amp#27;[35m[@534 - main]&amp#27;[m &amp#27;[36mcom.shaft.tools.io.ReportManager&amp#27;[m : 
################################################################################################################################################
Starting Execution:	"229 out of 83" test cases in the current suite
Test Method:		"SteeringCompanyAPI_TestCases.Test_Policies_Cases.Update_Policy_With_InValid_data_TC"
Test Description:	"TC053 -Policy- Perform Update Policy with InValid data"
################################################################################################################################################
2023-01-22 22:08:31.438 &amp#27;[32m INFO&amp#27;[m &amp#27;[35m[@503 - main]&amp#27;[m &amp#27;[36mcom.shaft.tools.io.ReportManager&amp#27;[m : File Action "DoesFileExist" successfully performed. With the following test data "File Path: "SteeringCompanyAPI_TestData/SteeringCompanyAPI_TestData.xlsx"".
2023-01-22 22:08:31.463 &amp#27;[32m INFO&amp#27;[m &amp#27;[35m[@503 - main]&amp#27;[m &amp#27;[36mcom.shaft.tools.io.ReportManager&amp#27;[m : Successfully created attachment "Test Data - Excel"
2023-01-22 22:08:32.550 &amp#27;[32m INFO&amp#27;[m &amp#27;[35m[@503 - main]&amp#27;[m &amp#27;[36mcom.shaft.tools.io.ReportManager&amp#27;[m : Response status code: "200", status line: "HTTP/1.1 200 OK"
2023-01-22 22:08:32.560 &amp#27;[32m INFO&amp#27;[m &amp#27;[35m[@503 - main]&amp#27;[m &amp#27;[36mcom.shaft.tools.io.ReportManager&amp#27;[m : Successfully created attachment "API Request - Specifications"
2023-01-22 22:08:32.561 &amp#27;[32m INFO&amp#27;[m &amp#27;[35m[@503 - main]&amp#27;[m &amp#27;[36mcom.shaft.tools.io.ReportManager&amp#27;[m : Successfully created attachment "API Request - Body"
2023-01-22 22:08:32.563 &amp#27;[32m INFO&amp#27;[m &amp#27;[35m[@503 - main]&amp#27;[m &amp#27;[36mcom.shaft.tools.io.ReportManager&amp#27;[m : Successfully created attachment "API Response - JSON Body"
2023-01-22 22:08:32.570 &amp#27;[32m INFO&amp#27;[m &amp#27;[35m[@503 - main]&amp#27;[m &amp#27;[36mcom.shaft.tools.io.ReportManager&amp#27;[m : File Action "DoesFileExist" successfully performed. With the following test data "File Path: "SteeringCompanyAPI_TestData/SteeringCompanyAPI_TestData.xlsx"".
2023-01-22 22:08:32.600 &amp#27;[32m INFO&amp#27;[m &amp#27;[35m[@503 - main]&amp#27;[m &amp#27;[36mcom.shaft.tools.io.ReportManager&amp#27;[m : Successfully created attachment "Test Data - Excel"
2023-01-22 22:08:32.600 &amp#27;[32m INFO&amp#27;[m &amp#27;[35m[@503 - main]&amp#27;[m &amp#27;[36mcom.shaft.tools.io.ReportManager&amp#27;[m : File Action "DoesFileExist" successfully performed. With the following test data "File Path: "SteeringCompanyAPI_TestData/SteeringCompanyAPI_TestData.xlsx"".
2023-01-22 22:08:32.621 &amp#27;[32m INFO&amp#27;[m &amp#27;[35m[@503 - main]&amp#27;[m &amp#27;[36mcom.shaft.tools.io.ReportManager&amp#27;[m : Successfully created attachment "Test Data - Excel"
2023-01-22 22:08:32.621 &amp#27;[32m INFO&amp#27;[m &amp#27;[35m[@503 - main]&amp#27;[m &amp#27;[36mcom.shaft.tools.io.ReportManager&amp#27;[m : File Action "DoesFileExist" successfully performed. With the following test data "File Path: "SteeringCompanyAPI_TestData/SteeringCompanyAPI_TestData.xlsx"".
2023-01-22 22:08:32.643 &amp#27;[32m INFO&amp#27;[m &amp#27;[35m[@503 - main]&amp#27;[m &amp#27;[36mcom.shaft.tools.io.ReportManager&amp#27;[m : Successfully created attachment "Test Data - Excel"
2023-01-22 22:08:33.630 &amp#27;[32m INFO&amp#27;[m &amp#27;[35m[@503 - main]&amp#27;[m &amp#27;[36mcom.shaft.tools.io.ReportManager&amp#27;[m : Response status code: "422", status line: "HTTP/1.1 422 "
2023-01-22 22:08:33.646 &amp#27;[32m INFO&amp#27;[m &amp#27;[35m[@503 - main]&amp#27;[m &amp#27;[36mcom.shaft.tools.io.ReportManager&amp#27;[m : Successfully created attachment "API Request - Specifications"
2023-01-22 22:08:33.648 &amp#27;[32m INFO&amp#27;[m &amp#27;[35m[@503 - main]&amp#27;[m &amp#27;[36mcom.shaft.tools.io.ReportManager&amp#27;[m : Successfully created attachment "API Request - JSON Body"
2023-01-22 22:08:33.649 &amp#27;[32m INFO&amp#27;[m &amp#27;[35m[@503 - main]&amp#27;[m &amp#27;[36mcom.shaft.tools.io.ReportManager&amp#27;[m : Successfully created attachment "API Response - JSON Body"
2023-01-22 22:08:33.650 &amp#27;[32m INFO&amp#27;[m &amp#27;[35m[@503 - main]&amp#27;[m &amp#27;[36mcom.shaft.tools.io.ReportManager&amp#27;[m : File Action "DoesFileExist" successfully performed. With the following test data "File Path: "Schemas/ValidationError_schema.json"".
2023-01-22 22:08:33.650 &amp#27;[32m INFO&amp#27;[m &amp#27;[35m[@503 - main]&amp#27;[m &amp#27;[36mcom.shaft.tools.io.ReportManager&amp#27;[m : File Action "DoesFileExist" successfully performed. With the following test data "File Path: "src/test/resources/testDataFiles/Schemas/ValidationError_schema.json"".
2023-01-22 22:08:33.650 &amp#27;[32m INFO&amp#27;[m &amp#27;[35m[@503 - main]&amp#27;[m &amp#27;[36mcom.shaft.tools.io.ReportManager&amp#27;[m : File Action "GetAbsolutePath" successfully performed. With the following test data "Relative Folder Path: "src/test/resources/testDataFiles/Schemas/ValidationError_schema.json"".
2023-01-22 22:08:33.654 &amp#27;[32m INFO&amp#27;[m &amp#27;[35m[@503 - main]&amp#27;[m &amp#27;[36mcom.shaft.tools.io.ReportManager&amp#27;[m : File Action "DoesFileExist" successfully performed. With the following test data "File Path: "C:\eclipse-workspace\MyProjects\TASystemsAPIs\src\test\resources\testDataFiles\Schemas\ValidationError_schema.json"".
2023-01-22 22:08:33.654 &amp#27;[32m INFO&amp#27;[m &amp#27;[35m[@503 - main]&amp#27;[m &amp#27;[36mcom.shaft.tools.io.ReportManager&amp#27;[m : File Action "GetAbsolutePath" successfully performed. With the following test data "Relative Folder Path: "C:\eclipse-workspace\MyProjects\TASystemsAPIs\src\test\resources\testDataFiles\Schemas\ValidationError_schema.json"".
2023-01-22 22:08:33.654 &amp#27;[32m INFO&amp#27;[m &amp#27;[35m[@503 - main]&amp#27;[m &amp#27;[36mcom.shaft.tools.io.ReportManager&amp#27;[m : File Action "ReadFile" successfully performed. With the following test data "File Path: "C:\eclipse-workspace\MyProjects\TASystemsAPIs\src\test\resources\testDataFiles\Schemas\ValidationError_schema.json"".
2023-01-22 22:08:33.656 &amp#27;[32m INFO&amp#27;[m &amp#27;[35m[@503 - main]&amp#27;[m &amp#27;[36mcom.shaft.tools.io.ReportManager&amp#27;[m : Successfully created attachment "Validation Test Data - Expected JSON Value"
2023-01-22 22:08:33.656 &amp#27;[32m INFO&amp#27;[m &amp#27;[35m[@503 - main]&amp#27;[m &amp#27;[36mcom.shaft.tools.io.ReportManager&amp#27;[m : Successfully created attachment "Validation Test Data - Actual JSON Value"
2023-01-22 22:08:33.657 &amp#27;[32m INFO&amp#27;[m &amp#27;[35m[@503 - main]&amp#27;[m &amp#27;[36mcom.shaft.tools.io.ReportManager&amp#27;[m : Successfully created attachment "SHAFT Engine Logs - Current Method log: Update_Policy_With_InValid_data_TC"
]]></system-out>
  </testcase>
  <testcase name="Update_Policy_With_InValid_data_TC[[Ljava.lang.Object;@19461943](7)" classname="SteeringCompanyAPI_TestCases.Test_Policies_Cases" time="1.952">
    <system-out><![CDATA[2023-01-22 22:08:33.660 &amp#27;[32m INFO&amp#27;[m &amp#27;[35m[@534 - main]&amp#27;[m &amp#27;[36mcom.shaft.tools.io.ReportManager&amp#27;[m : 
################################################################################################################################################
Starting Execution:	"230 out of 83" test cases in the current suite
Test Method:		"SteeringCompanyAPI_TestCases.Test_Policies_Cases.Update_Policy_With_InValid_data_TC"
Test Description:	"TC053 -Policy- Perform Update Policy with InValid data"
################################################################################################################################################
2023-01-22 22:08:33.661 &amp#27;[32m INFO&amp#27;[m &amp#27;[35m[@503 - main]&amp#27;[m &amp#27;[36mcom.shaft.tools.io.ReportManager&amp#27;[m : File Action "DoesFileExist" successfully performed. With the following test data "File Path: "SteeringCompanyAPI_TestData/SteeringCompanyAPI_TestData.xlsx"".
2023-01-22 22:08:33.695 &amp#27;[32m INFO&amp#27;[m &amp#27;[35m[@503 - main]&amp#27;[m &amp#27;[36mcom.shaft.tools.io.ReportManager&amp#27;[m : Successfully created attachment "Test Data - Excel"
2023-01-22 22:08:34.748 &amp#27;[32m INFO&amp#27;[m &amp#27;[35m[@503 - main]&amp#27;[m &amp#27;[36mcom.shaft.tools.io.ReportManager&amp#27;[m : Response status code: "200", status line: "HTTP/1.1 200 OK"
2023-01-22 22:08:34.760 &amp#27;[32m INFO&amp#27;[m &amp#27;[35m[@503 - main]&amp#27;[m &amp#27;[36mcom.shaft.tools.io.ReportManager&amp#27;[m : Successfully created attachment "API Request - Specifications"
2023-01-22 22:08:34.761 &amp#27;[32m INFO&amp#27;[m &amp#27;[35m[@503 - main]&amp#27;[m &amp#27;[36mcom.shaft.tools.io.ReportManager&amp#27;[m : Successfully created attachment "API Request - Body"
2023-01-22 22:08:34.762 &amp#27;[32m INFO&amp#27;[m &amp#27;[35m[@503 - main]&amp#27;[m &amp#27;[36mcom.shaft.tools.io.ReportManager&amp#27;[m : Successfully created attachment "API Response - JSON Body"
2023-01-22 22:08:34.772 &amp#27;[32m INFO&amp#27;[m &amp#27;[35m[@503 - main]&amp#27;[m &amp#27;[36mcom.shaft.tools.io.ReportManager&amp#27;[m : File Action "DoesFileExist" successfully performed. With the following test data "File Path: "SteeringCompanyAPI_TestData/SteeringCompanyAPI_TestData.xlsx"".
2023-01-22 22:08:34.805 &amp#27;[32m INFO&amp#27;[m &amp#27;[35m[@503 - main]&amp#27;[m &amp#27;[36mcom.shaft.tools.io.ReportManager&amp#27;[m : Successfully created attachment "Test Data - Excel"
2023-01-22 22:08:34.806 &amp#27;[32m INFO&amp#27;[m &amp#27;[35m[@503 - main]&amp#27;[m &amp#27;[36mcom.shaft.tools.io.ReportManager&amp#27;[m : File Action "DoesFileExist" successfully performed. With the following test data "File Path: "SteeringCompanyAPI_TestData/SteeringCompanyAPI_TestData.xlsx"".
2023-01-22 22:08:34.827 &amp#27;[32m INFO&amp#27;[m &amp#27;[35m[@503 - main]&amp#27;[m &amp#27;[36mcom.shaft.tools.io.ReportManager&amp#27;[m : Successfully created attachment "Test Data - Excel"
2023-01-22 22:08:34.828 &amp#27;[32m INFO&amp#27;[m &amp#27;[35m[@503 - main]&amp#27;[m &amp#27;[36mcom.shaft.tools.io.ReportManager&amp#27;[m : File Action "DoesFileExist" successfully performed. With the following test data "File Path: "SteeringCompanyAPI_TestData/SteeringCompanyAPI_TestData.xlsx"".
2023-01-22 22:08:34.849 &amp#27;[32m INFO&amp#27;[m &amp#27;[35m[@503 - main]&amp#27;[m &amp#27;[36mcom.shaft.tools.io.ReportManager&amp#27;[m : Successfully created attachment "Test Data - Excel"
2023-01-22 22:08:35.589 &amp#27;[32m INFO&amp#27;[m &amp#27;[35m[@503 - main]&amp#27;[m &amp#27;[36mcom.shaft.tools.io.ReportManager&amp#27;[m : Response status code: "422", status line: "HTTP/1.1 422 "
2023-01-22 22:08:35.599 &amp#27;[32m INFO&amp#27;[m &amp#27;[35m[@503 - main]&amp#27;[m &amp#27;[36mcom.shaft.tools.io.ReportManager&amp#27;[m : Successfully created attachment "API Request - Specifications"
2023-01-22 22:08:35.600 &amp#27;[32m INFO&amp#27;[m &amp#27;[35m[@503 - main]&amp#27;[m &amp#27;[36mcom.shaft.tools.io.ReportManager&amp#27;[m : Successfully created attachment "API Request - JSON Body"
2023-01-22 22:08:35.600 &amp#27;[32m INFO&amp#27;[m &amp#27;[35m[@503 - main]&amp#27;[m &amp#27;[36mcom.shaft.tools.io.ReportManager&amp#27;[m : Successfully created attachment "API Response - JSON Body"
2023-01-22 22:08:35.601 &amp#27;[32m INFO&amp#27;[m &amp#27;[35m[@503 - main]&amp#27;[m &amp#27;[36mcom.shaft.tools.io.ReportManager&amp#27;[m : File Action "DoesFileExist" successfully performed. With the following test data "File Path: "Schemas/ValidationError_schema.json"".
2023-01-22 22:08:35.602 &amp#27;[32m INFO&amp#27;[m &amp#27;[35m[@503 - main]&amp#27;[m &amp#27;[36mcom.shaft.tools.io.ReportManager&amp#27;[m : File Action "DoesFileExist" successfully performed. With the following test data "File Path: "src/test/resources/testDataFiles/Schemas/ValidationError_schema.json"".
2023-01-22 22:08:35.602 &amp#27;[32m INFO&amp#27;[m &amp#27;[35m[@503 - main]&amp#27;[m &amp#27;[36mcom.shaft.tools.io.ReportManager&amp#27;[m : File Action "GetAbsolutePath" successfully performed. With the following test data "Relative Folder Path: "src/test/resources/testDataFiles/Schemas/ValidationError_schema.json"".
2023-01-22 22:08:35.605 &amp#27;[32m INFO&amp#27;[m &amp#27;[35m[@503 - main]&amp#27;[m &amp#27;[36mcom.shaft.tools.io.ReportManager&amp#27;[m : File Action "DoesFileExist" successfully performed. With the following test data "File Path: "C:\eclipse-workspace\MyProjects\TASystemsAPIs\src\test\resources\testDataFiles\Schemas\ValidationError_schema.json"".
2023-01-22 22:08:35.605 &amp#27;[32m INFO&amp#27;[m &amp#27;[35m[@503 - main]&amp#27;[m &amp#27;[36mcom.shaft.tools.io.ReportManager&amp#27;[m : File Action "GetAbsolutePath" successfully performed. With the following test data "Relative Folder Path: "C:\eclipse-workspace\MyProjects\TASystemsAPIs\src\test\resources\testDataFiles\Schemas\ValidationError_schema.json"".
2023-01-22 22:08:35.605 &amp#27;[32m INFO&amp#27;[m &amp#27;[35m[@503 - main]&amp#27;[m &amp#27;[36mcom.shaft.tools.io.ReportManager&amp#27;[m : File Action "ReadFile" successfully performed. With the following test data "File Path: "C:\eclipse-workspace\MyProjects\TASystemsAPIs\src\test\resources\testDataFiles\Schemas\ValidationError_schema.json"".
2023-01-22 22:08:35.607 &amp#27;[32m INFO&amp#27;[m &amp#27;[35m[@503 - main]&amp#27;[m &amp#27;[36mcom.shaft.tools.io.ReportManager&amp#27;[m : Successfully created attachment "Validation Test Data - Expected JSON Value"
2023-01-22 22:08:35.608 &amp#27;[32m INFO&amp#27;[m &amp#27;[35m[@503 - main]&amp#27;[m &amp#27;[36mcom.shaft.tools.io.ReportManager&amp#27;[m : Successfully created attachment "Validation Test Data - Actual JSON Value"
2023-01-22 22:08:35.609 &amp#27;[32m INFO&amp#27;[m &amp#27;[35m[@503 - main]&amp#27;[m &amp#27;[36mcom.shaft.tools.io.ReportManager&amp#27;[m : Successfully created attachment "SHAFT Engine Logs - Current Method log: Update_Policy_With_InValid_data_TC"
]]></system-out>
  </testcase>
  <testcase name="Update_Policy_With_InValid_data_TC[[Ljava.lang.Object;@504a076d](8)" classname="SteeringCompanyAPI_TestCases.Test_Policies_Cases" time="1.944">
    <system-out><![CDATA[2023-01-22 22:08:35.613 &amp#27;[32m INFO&amp#27;[m &amp#27;[35m[@534 - main]&amp#27;[m &amp#27;[36mcom.shaft.tools.io.ReportManager&amp#27;[m : 
################################################################################################################################################
Starting Execution:	"231 out of 83" test cases in the current suite
Test Method:		"SteeringCompanyAPI_TestCases.Test_Policies_Cases.Update_Policy_With_InValid_data_TC"
Test Description:	"TC053 -Policy- Perform Update Policy with InValid data"
################################################################################################################################################
2023-01-22 22:08:35.613 &amp#27;[32m INFO&amp#27;[m &amp#27;[35m[@503 - main]&amp#27;[m &amp#27;[36mcom.shaft.tools.io.ReportManager&amp#27;[m : File Action "DoesFileExist" successfully performed. With the following test data "File Path: "SteeringCompanyAPI_TestData/SteeringCompanyAPI_TestData.xlsx"".
2023-01-22 22:08:35.637 &amp#27;[32m INFO&amp#27;[m &amp#27;[35m[@503 - main]&amp#27;[m &amp#27;[36mcom.shaft.tools.io.ReportManager&amp#27;[m : Successfully created attachment "Test Data - Excel"
2023-01-22 22:08:36.444 &amp#27;[32m INFO&amp#27;[m &amp#27;[35m[@503 - main]&amp#27;[m &amp#27;[36mcom.shaft.tools.io.ReportManager&amp#27;[m : Response status code: "200", status line: "HTTP/1.1 200 OK"
2023-01-22 22:08:36.453 &amp#27;[32m INFO&amp#27;[m &amp#27;[35m[@503 - main]&amp#27;[m &amp#27;[36mcom.shaft.tools.io.ReportManager&amp#27;[m : Successfully created attachment "API Request - Specifications"
2023-01-22 22:08:36.453 &amp#27;[32m INFO&amp#27;[m &amp#27;[35m[@503 - main]&amp#27;[m &amp#27;[36mcom.shaft.tools.io.ReportManager&amp#27;[m : Successfully created attachment "API Request - Body"
2023-01-22 22:08:36.455 &amp#27;[32m INFO&amp#27;[m &amp#27;[35m[@503 - main]&amp#27;[m &amp#27;[36mcom.shaft.tools.io.ReportManager&amp#27;[m : Successfully created attachment "API Response - JSON Body"
2023-01-22 22:08:36.462 &amp#27;[32m INFO&amp#27;[m &amp#27;[35m[@503 - main]&amp#27;[m &amp#27;[36mcom.shaft.tools.io.ReportManager&amp#27;[m : File Action "DoesFileExist" successfully performed. With the following test data "File Path: "SteeringCompanyAPI_TestData/SteeringCompanyAPI_TestData.xlsx"".
2023-01-22 22:08:36.485 &amp#27;[32m INFO&amp#27;[m &amp#27;[35m[@503 - main]&amp#27;[m &amp#27;[36mcom.shaft.tools.io.ReportManager&amp#27;[m : Successfully created attachment "Test Data - Excel"
2023-01-22 22:08:36.485 &amp#27;[32m INFO&amp#27;[m &amp#27;[35m[@503 - main]&amp#27;[m &amp#27;[36mcom.shaft.tools.io.ReportManager&amp#27;[m : File Action "DoesFileExist" successfully performed. With the following test data "File Path: "SteeringCompanyAPI_TestData/SteeringCompanyAPI_TestData.xlsx"".
2023-01-22 22:08:36.506 &amp#27;[32m INFO&amp#27;[m &amp#27;[35m[@503 - main]&amp#27;[m &amp#27;[36mcom.shaft.tools.io.ReportManager&amp#27;[m : Successfully created attachment "Test Data - Excel"
2023-01-22 22:08:36.506 &amp#27;[32m INFO&amp#27;[m &amp#27;[35m[@503 - main]&amp#27;[m &amp#27;[36mcom.shaft.tools.io.ReportManager&amp#27;[m : File Action "DoesFileExist" successfully performed. With the following test data "File Path: "SteeringCompanyAPI_TestData/SteeringCompanyAPI_TestData.xlsx"".
2023-01-22 22:08:36.529 &amp#27;[32m INFO&amp#27;[m &amp#27;[35m[@503 - main]&amp#27;[m &amp#27;[36mcom.shaft.tools.io.ReportManager&amp#27;[m : Successfully created attachment "Test Data - Excel"
2023-01-22 22:08:37.536 &amp#27;[32m INFO&amp#27;[m &amp#27;[35m[@503 - main]&amp#27;[m &amp#27;[36mcom.shaft.tools.io.ReportManager&amp#27;[m : Response status code: "422", status line: "HTTP/1.1 422 "
2023-01-22 22:08:37.546 &amp#27;[32m INFO&amp#27;[m &amp#27;[35m[@503 - main]&amp#27;[m &amp#27;[36mcom.shaft.tools.io.ReportManager&amp#27;[m : Successfully created attachment "API Request - Specifications"
2023-01-22 22:08:37.547 &amp#27;[32m INFO&amp#27;[m &amp#27;[35m[@503 - main]&amp#27;[m &amp#27;[36mcom.shaft.tools.io.ReportManager&amp#27;[m : Successfully created attachment "API Request - JSON Body"
2023-01-22 22:08:37.548 &amp#27;[32m INFO&amp#27;[m &amp#27;[35m[@503 - main]&amp#27;[m &amp#27;[36mcom.shaft.tools.io.ReportManager&amp#27;[m : Successfully created attachment "API Response - JSON Body"
2023-01-22 22:08:37.548 &amp#27;[32m INFO&amp#27;[m &amp#27;[35m[@503 - main]&amp#27;[m &amp#27;[36mcom.shaft.tools.io.ReportManager&amp#27;[m : File Action "DoesFileExist" successfully performed. With the following test data "File Path: "Schemas/ValidationError_schema.json"".
2023-01-22 22:08:37.549 &amp#27;[32m INFO&amp#27;[m &amp#27;[35m[@503 - main]&amp#27;[m &amp#27;[36mcom.shaft.tools.io.ReportManager&amp#27;[m : File Action "DoesFileExist" successfully performed. With the following test data "File Path: "src/test/resources/testDataFiles/Schemas/ValidationError_schema.json"".
2023-01-22 22:08:37.549 &amp#27;[32m INFO&amp#27;[m &amp#27;[35m[@503 - main]&amp#27;[m &amp#27;[36mcom.shaft.tools.io.ReportManager&amp#27;[m : File Action "GetAbsolutePath" successfully performed. With the following test data "Relative Folder Path: "src/test/resources/testDataFiles/Schemas/ValidationError_schema.json"".
2023-01-22 22:08:37.550 &amp#27;[32m INFO&amp#27;[m &amp#27;[35m[@503 - main]&amp#27;[m &amp#27;[36mcom.shaft.tools.io.ReportManager&amp#27;[m : File Action "DoesFileExist" successfully performed. With the following test data "File Path: "C:\eclipse-workspace\MyProjects\TASystemsAPIs\src\test\resources\testDataFiles\Schemas\ValidationError_schema.json"".
2023-01-22 22:08:37.550 &amp#27;[32m INFO&amp#27;[m &amp#27;[35m[@503 - main]&amp#27;[m &amp#27;[36mcom.shaft.tools.io.ReportManager&amp#27;[m : File Action "GetAbsolutePath" successfully performed. With the following test data "Relative Folder Path: "C:\eclipse-workspace\MyProjects\TASystemsAPIs\src\test\resources\testDataFiles\Schemas\ValidationError_schema.json"".
2023-01-22 22:08:37.550 &amp#27;[32m INFO&amp#27;[m &amp#27;[35m[@503 - main]&amp#27;[m &amp#27;[36mcom.shaft.tools.io.ReportManager&amp#27;[m : File Action "ReadFile" successfully performed. With the following test data "File Path: "C:\eclipse-workspace\MyProjects\TASystemsAPIs\src\test\resources\testDataFiles\Schemas\ValidationError_schema.json"".
2023-01-22 22:08:37.551 &amp#27;[32m INFO&amp#27;[m &amp#27;[35m[@503 - main]&amp#27;[m &amp#27;[36mcom.shaft.tools.io.ReportManager&amp#27;[m : Successfully created attachment "Validation Test Data - Expected JSON Value"
2023-01-22 22:08:37.553 &amp#27;[32m INFO&amp#27;[m &amp#27;[35m[@503 - main]&amp#27;[m &amp#27;[36mcom.shaft.tools.io.ReportManager&amp#27;[m : Successfully created attachment "Validation Test Data - Actual JSON Value"
2023-01-22 22:08:37.554 &amp#27;[32m INFO&amp#27;[m &amp#27;[35m[@503 - main]&amp#27;[m &amp#27;[36mcom.shaft.tools.io.ReportManager&amp#27;[m : Successfully created attachment "SHAFT Engine Logs - Current Method log: Update_Policy_With_InValid_data_TC"
]]></system-out>
  </testcase>
  <testcase name="Update_Policy_With_InValid_data_TC[[Ljava.lang.Object;@4bbd60ea](9)" classname="SteeringCompanyAPI_TestCases.Test_Policies_Cases" time="2.026">
    <system-out><![CDATA[2023-01-22 22:08:37.556 &amp#27;[32m INFO&amp#27;[m &amp#27;[35m[@534 - main]&amp#27;[m &amp#27;[36mcom.shaft.tools.io.ReportManager&amp#27;[m : 
################################################################################################################################################
Starting Execution:	"232 out of 83" test cases in the current suite
Test Method:		"SteeringCompanyAPI_TestCases.Test_Policies_Cases.Update_Policy_With_InValid_data_TC"
Test Description:	"TC053 -Policy- Perform Update Policy with InValid data"
################################################################################################################################################
2023-01-22 22:08:37.556 &amp#27;[32m INFO&amp#27;[m &amp#27;[35m[@503 - main]&amp#27;[m &amp#27;[36mcom.shaft.tools.io.ReportManager&amp#27;[m : File Action "DoesFileExist" successfully performed. With the following test data "File Path: "SteeringCompanyAPI_TestData/SteeringCompanyAPI_TestData.xlsx"".
2023-01-22 22:08:37.579 &amp#27;[32m INFO&amp#27;[m &amp#27;[35m[@503 - main]&amp#27;[m &amp#27;[36mcom.shaft.tools.io.ReportManager&amp#27;[m : Successfully created attachment "Test Data - Excel"
2023-01-22 22:08:38.742 &amp#27;[32m INFO&amp#27;[m &amp#27;[35m[@503 - main]&amp#27;[m &amp#27;[36mcom.shaft.tools.io.ReportManager&amp#27;[m : Response status code: "200", status line: "HTTP/1.1 200 OK"
2023-01-22 22:08:38.753 &amp#27;[32m INFO&amp#27;[m &amp#27;[35m[@503 - main]&amp#27;[m &amp#27;[36mcom.shaft.tools.io.ReportManager&amp#27;[m : Successfully created attachment "API Request - Specifications"
2023-01-22 22:08:38.754 &amp#27;[32m INFO&amp#27;[m &amp#27;[35m[@503 - main]&amp#27;[m &amp#27;[36mcom.shaft.tools.io.ReportManager&amp#27;[m : Successfully created attachment "API Request - Body"
2023-01-22 22:08:38.755 &amp#27;[32m INFO&amp#27;[m &amp#27;[35m[@503 - main]&amp#27;[m &amp#27;[36mcom.shaft.tools.io.ReportManager&amp#27;[m : Successfully created attachment "API Response - JSON Body"
2023-01-22 22:08:38.763 &amp#27;[32m INFO&amp#27;[m &amp#27;[35m[@503 - main]&amp#27;[m &amp#27;[36mcom.shaft.tools.io.ReportManager&amp#27;[m : File Action "DoesFileExist" successfully performed. With the following test data "File Path: "SteeringCompanyAPI_TestData/SteeringCompanyAPI_TestData.xlsx"".
2023-01-22 22:08:38.788 &amp#27;[32m INFO&amp#27;[m &amp#27;[35m[@503 - main]&amp#27;[m &amp#27;[36mcom.shaft.tools.io.ReportManager&amp#27;[m : Successfully created attachment "Test Data - Excel"
2023-01-22 22:08:38.789 &amp#27;[32m INFO&amp#27;[m &amp#27;[35m[@503 - main]&amp#27;[m &amp#27;[36mcom.shaft.tools.io.ReportManager&amp#27;[m : File Action "DoesFileExist" successfully performed. With the following test data "File Path: "SteeringCompanyAPI_TestData/SteeringCompanyAPI_TestData.xlsx"".
2023-01-22 22:08:38.810 &amp#27;[32m INFO&amp#27;[m &amp#27;[35m[@503 - main]&amp#27;[m &amp#27;[36mcom.shaft.tools.io.ReportManager&amp#27;[m : Successfully created attachment "Test Data - Excel"
2023-01-22 22:08:38.811 &amp#27;[32m INFO&amp#27;[m &amp#27;[35m[@503 - main]&amp#27;[m &amp#27;[36mcom.shaft.tools.io.ReportManager&amp#27;[m : File Action "DoesFileExist" successfully performed. With the following test data "File Path: "SteeringCompanyAPI_TestData/SteeringCompanyAPI_TestData.xlsx"".
2023-01-22 22:08:38.855 &amp#27;[32m INFO&amp#27;[m &amp#27;[35m[@503 - main]&amp#27;[m &amp#27;[36mcom.shaft.tools.io.ReportManager&amp#27;[m : Successfully created attachment "Test Data - Excel"
2023-01-22 22:08:39.559 &amp#27;[32m INFO&amp#27;[m &amp#27;[35m[@503 - main]&amp#27;[m &amp#27;[36mcom.shaft.tools.io.ReportManager&amp#27;[m : Response status code: "422", status line: "HTTP/1.1 422 "
2023-01-22 22:08:39.570 &amp#27;[32m INFO&amp#27;[m &amp#27;[35m[@503 - main]&amp#27;[m &amp#27;[36mcom.shaft.tools.io.ReportManager&amp#27;[m : Successfully created attachment "API Request - Specifications"
2023-01-22 22:08:39.571 &amp#27;[32m INFO&amp#27;[m &amp#27;[35m[@503 - main]&amp#27;[m &amp#27;[36mcom.shaft.tools.io.ReportManager&amp#27;[m : Successfully created attachment "API Request - JSON Body"
2023-01-22 22:08:39.572 &amp#27;[32m INFO&amp#27;[m &amp#27;[35m[@503 - main]&amp#27;[m &amp#27;[36mcom.shaft.tools.io.ReportManager&amp#27;[m : Successfully created attachment "API Response - JSON Body"
2023-01-22 22:08:39.573 &amp#27;[32m INFO&amp#27;[m &amp#27;[35m[@503 - main]&amp#27;[m &amp#27;[36mcom.shaft.tools.io.ReportManager&amp#27;[m : File Action "DoesFileExist" successfully performed. With the following test data "File Path: "Schemas/ValidationError_schema.json"".
2023-01-22 22:08:39.573 &amp#27;[32m INFO&amp#27;[m &amp#27;[35m[@503 - main]&amp#27;[m &amp#27;[36mcom.shaft.tools.io.ReportManager&amp#27;[m : File Action "DoesFileExist" successfully performed. With the following test data "File Path: "src/test/resources/testDataFiles/Schemas/ValidationError_schema.json"".
2023-01-22 22:08:39.573 &amp#27;[32m INFO&amp#27;[m &amp#27;[35m[@503 - main]&amp#27;[m &amp#27;[36mcom.shaft.tools.io.ReportManager&amp#27;[m : File Action "GetAbsolutePath" successfully performed. With the following test data "Relative Folder Path: "src/test/resources/testDataFiles/Schemas/ValidationError_schema.json"".
2023-01-22 22:08:39.574 &amp#27;[32m INFO&amp#27;[m &amp#27;[35m[@503 - main]&amp#27;[m &amp#27;[36mcom.shaft.tools.io.ReportManager&amp#27;[m : File Action "DoesFileExist" successfully performed. With the following test data "File Path: "C:\eclipse-workspace\MyProjects\TASystemsAPIs\src\test\resources\testDataFiles\Schemas\ValidationError_schema.json"".
2023-01-22 22:08:39.574 &amp#27;[32m INFO&amp#27;[m &amp#27;[35m[@503 - main]&amp#27;[m &amp#27;[36mcom.shaft.tools.io.ReportManager&amp#27;[m : File Action "GetAbsolutePath" successfully performed. With the following test data "Relative Folder Path: "C:\eclipse-workspace\MyProjects\TASystemsAPIs\src\test\resources\testDataFiles\Schemas\ValidationError_schema.json"".
2023-01-22 22:08:39.575 &amp#27;[32m INFO&amp#27;[m &amp#27;[35m[@503 - main]&amp#27;[m &amp#27;[36mcom.shaft.tools.io.ReportManager&amp#27;[m : File Action "ReadFile" successfully performed. With the following test data "File Path: "C:\eclipse-workspace\MyProjects\TASystemsAPIs\src\test\resources\testDataFiles\Schemas\ValidationError_schema.json"".
2023-01-22 22:08:39.577 &amp#27;[32m INFO&amp#27;[m &amp#27;[35m[@503 - main]&amp#27;[m &amp#27;[36mcom.shaft.tools.io.ReportManager&amp#27;[m : Successfully created attachment "Validation Test Data - Expected JSON Value"
2023-01-22 22:08:39.577 &amp#27;[32m INFO&amp#27;[m &amp#27;[35m[@503 - main]&amp#27;[m &amp#27;[36mcom.shaft.tools.io.ReportManager&amp#27;[m : Successfully created attachment "Validation Test Data - Actual JSON Value"
2023-01-22 22:08:39.580 &amp#27;[32m INFO&amp#27;[m &amp#27;[35m[@503 - main]&amp#27;[m &amp#27;[36mcom.shaft.tools.io.ReportManager&amp#27;[m : Successfully created attachment "SHAFT Engine Logs - Current Method log: Update_Policy_With_InValid_data_TC"
]]></system-out>
  </testcase>
  <testcase name="Update_Policy_With_InValid_data_TC[[Ljava.lang.Object;@1e165365](10)" classname="SteeringCompanyAPI_TestCases.Test_Policies_Cases" time="1.942">
    <system-out><![CDATA[2023-01-22 22:08:39.582 &amp#27;[32m INFO&amp#27;[m &amp#27;[35m[@534 - main]&amp#27;[m &amp#27;[36mcom.shaft.tools.io.ReportManager&amp#27;[m : 
################################################################################################################################################
Starting Execution:	"233 out of 83" test cases in the current suite
Test Method:		"SteeringCompanyAPI_TestCases.Test_Policies_Cases.Update_Policy_With_InValid_data_TC"
Test Description:	"TC053 -Policy- Perform Update Policy with InValid data"
################################################################################################################################################
2023-01-22 22:08:39.582 &amp#27;[32m INFO&amp#27;[m &amp#27;[35m[@503 - main]&amp#27;[m &amp#27;[36mcom.shaft.tools.io.ReportManager&amp#27;[m : File Action "DoesFileExist" successfully performed. With the following test data "File Path: "SteeringCompanyAPI_TestData/SteeringCompanyAPI_TestData.xlsx"".
2023-01-22 22:08:39.607 &amp#27;[32m INFO&amp#27;[m &amp#27;[35m[@503 - main]&amp#27;[m &amp#27;[36mcom.shaft.tools.io.ReportManager&amp#27;[m : Successfully created attachment "Test Data - Excel"
2023-01-22 22:08:40.542 &amp#27;[32m INFO&amp#27;[m &amp#27;[35m[@503 - main]&amp#27;[m &amp#27;[36mcom.shaft.tools.io.ReportManager&amp#27;[m : Response status code: "200", status line: "HTTP/1.1 200 OK"
2023-01-22 22:08:40.554 &amp#27;[32m INFO&amp#27;[m &amp#27;[35m[@503 - main]&amp#27;[m &amp#27;[36mcom.shaft.tools.io.ReportManager&amp#27;[m : Successfully created attachment "API Request - Specifications"
2023-01-22 22:08:40.555 &amp#27;[32m INFO&amp#27;[m &amp#27;[35m[@503 - main]&amp#27;[m &amp#27;[36mcom.shaft.tools.io.ReportManager&amp#27;[m : Successfully created attachment "API Request - Body"
2023-01-22 22:08:40.556 &amp#27;[32m INFO&amp#27;[m &amp#27;[35m[@503 - main]&amp#27;[m &amp#27;[36mcom.shaft.tools.io.ReportManager&amp#27;[m : Successfully created attachment "API Response - JSON Body"
2023-01-22 22:08:40.567 &amp#27;[32m INFO&amp#27;[m &amp#27;[35m[@503 - main]&amp#27;[m &amp#27;[36mcom.shaft.tools.io.ReportManager&amp#27;[m : File Action "DoesFileExist" successfully performed. With the following test data "File Path: "SteeringCompanyAPI_TestData/SteeringCompanyAPI_TestData.xlsx"".
2023-01-22 22:08:40.591 &amp#27;[32m INFO&amp#27;[m &amp#27;[35m[@503 - main]&amp#27;[m &amp#27;[36mcom.shaft.tools.io.ReportManager&amp#27;[m : Successfully created attachment "Test Data - Excel"
2023-01-22 22:08:40.591 &amp#27;[32m INFO&amp#27;[m &amp#27;[35m[@503 - main]&amp#27;[m &amp#27;[36mcom.shaft.tools.io.ReportManager&amp#27;[m : File Action "DoesFileExist" successfully performed. With the following test data "File Path: "SteeringCompanyAPI_TestData/SteeringCompanyAPI_TestData.xlsx"".
2023-01-22 22:08:40.614 &amp#27;[32m INFO&amp#27;[m &amp#27;[35m[@503 - main]&amp#27;[m &amp#27;[36mcom.shaft.tools.io.ReportManager&amp#27;[m : Successfully created attachment "Test Data - Excel"
2023-01-22 22:08:40.614 &amp#27;[32m INFO&amp#27;[m &amp#27;[35m[@503 - main]&amp#27;[m &amp#27;[36mcom.shaft.tools.io.ReportManager&amp#27;[m : File Action "DoesFileExist" successfully performed. With the following test data "File Path: "SteeringCompanyAPI_TestData/SteeringCompanyAPI_TestData.xlsx"".
2023-01-22 22:08:40.638 &amp#27;[32m INFO&amp#27;[m &amp#27;[35m[@503 - main]&amp#27;[m &amp#27;[36mcom.shaft.tools.io.ReportManager&amp#27;[m : Successfully created attachment "Test Data - Excel"
2023-01-22 22:08:41.502 &amp#27;[32m INFO&amp#27;[m &amp#27;[35m[@503 - main]&amp#27;[m &amp#27;[36mcom.shaft.tools.io.ReportManager&amp#27;[m : Response status code: "422", status line: "HTTP/1.1 422 "
2023-01-22 22:08:41.514 &amp#27;[32m INFO&amp#27;[m &amp#27;[35m[@503 - main]&amp#27;[m &amp#27;[36mcom.shaft.tools.io.ReportManager&amp#27;[m : Successfully created attachment "API Request - Specifications"
2023-01-22 22:08:41.516 &amp#27;[32m INFO&amp#27;[m &amp#27;[35m[@503 - main]&amp#27;[m &amp#27;[36mcom.shaft.tools.io.ReportManager&amp#27;[m : Successfully created attachment "API Request - JSON Body"
2023-01-22 22:08:41.516 &amp#27;[32m INFO&amp#27;[m &amp#27;[35m[@503 - main]&amp#27;[m &amp#27;[36mcom.shaft.tools.io.ReportManager&amp#27;[m : Successfully created attachment "API Response - JSON Body"
2023-01-22 22:08:41.517 &amp#27;[32m INFO&amp#27;[m &amp#27;[35m[@503 - main]&amp#27;[m &amp#27;[36mcom.shaft.tools.io.ReportManager&amp#27;[m : File Action "DoesFileExist" successfully performed. With the following test data "File Path: "Schemas/ValidationError_schema.json"".
2023-01-22 22:08:41.517 &amp#27;[32m INFO&amp#27;[m &amp#27;[35m[@503 - main]&amp#27;[m &amp#27;[36mcom.shaft.tools.io.ReportManager&amp#27;[m : File Action "DoesFileExist" successfully performed. With the following test data "File Path: "src/test/resources/testDataFiles/Schemas/ValidationError_schema.json"".
2023-01-22 22:08:41.517 &amp#27;[32m INFO&amp#27;[m &amp#27;[35m[@503 - main]&amp#27;[m &amp#27;[36mcom.shaft.tools.io.ReportManager&amp#27;[m : File Action "GetAbsolutePath" successfully performed. With the following test data "Relative Folder Path: "src/test/resources/testDataFiles/Schemas/ValidationError_schema.json"".
2023-01-22 22:08:41.519 &amp#27;[32m INFO&amp#27;[m &amp#27;[35m[@503 - main]&amp#27;[m &amp#27;[36mcom.shaft.tools.io.ReportManager&amp#27;[m : File Action "DoesFileExist" successfully performed. With the following test data "File Path: "C:\eclipse-workspace\MyProjects\TASystemsAPIs\src\test\resources\testDataFiles\Schemas\ValidationError_schema.json"".
2023-01-22 22:08:41.519 &amp#27;[32m INFO&amp#27;[m &amp#27;[35m[@503 - main]&amp#27;[m &amp#27;[36mcom.shaft.tools.io.ReportManager&amp#27;[m : File Action "GetAbsolutePath" successfully performed. With the following test data "Relative Folder Path: "C:\eclipse-workspace\MyProjects\TASystemsAPIs\src\test\resources\testDataFiles\Schemas\ValidationError_schema.json"".
2023-01-22 22:08:41.519 &amp#27;[32m INFO&amp#27;[m &amp#27;[35m[@503 - main]&amp#27;[m &amp#27;[36mcom.shaft.tools.io.ReportManager&amp#27;[m : File Action "ReadFile" successfully performed. With the following test data "File Path: "C:\eclipse-workspace\MyProjects\TASystemsAPIs\src\test\resources\testDataFiles\Schemas\ValidationError_schema.json"".
2023-01-22 22:08:41.520 &amp#27;[32m INFO&amp#27;[m &amp#27;[35m[@503 - main]&amp#27;[m &amp#27;[36mcom.shaft.tools.io.ReportManager&amp#27;[m : Successfully created attachment "Validation Test Data - Expected JSON Value"
2023-01-22 22:08:41.521 &amp#27;[32m INFO&amp#27;[m &amp#27;[35m[@503 - main]&amp#27;[m &amp#27;[36mcom.shaft.tools.io.ReportManager&amp#27;[m : Successfully created attachment "Validation Test Data - Actual JSON Value"
2023-01-22 22:08:41.522 &amp#27;[32m INFO&amp#27;[m &amp#27;[35m[@503 - main]&amp#27;[m &amp#27;[36mcom.shaft.tools.io.ReportManager&amp#27;[m : Successfully created attachment "SHAFT Engine Logs - Current Method log: Update_Policy_With_InValid_data_TC"
]]></system-out>
  </testcase>
  <testcase name="Update_Policy_With_InValid_data_TC[[Ljava.lang.Object;@7d014da1](11)" classname="SteeringCompanyAPI_TestCases.Test_Policies_Cases" time="1.944">
    <system-out><![CDATA[2023-01-22 22:08:41.524 &amp#27;[32m INFO&amp#27;[m &amp#27;[35m[@534 - main]&amp#27;[m &amp#27;[36mcom.shaft.tools.io.ReportManager&amp#27;[m : 
################################################################################################################################################
Starting Execution:	"234 out of 83" test cases in the current suite
Test Method:		"SteeringCompanyAPI_TestCases.Test_Policies_Cases.Update_Policy_With_InValid_data_TC"
Test Description:	"TC053 -Policy- Perform Update Policy with InValid data"
################################################################################################################################################
2023-01-22 22:08:41.525 &amp#27;[32m INFO&amp#27;[m &amp#27;[35m[@503 - main]&amp#27;[m &amp#27;[36mcom.shaft.tools.io.ReportManager&amp#27;[m : File Action "DoesFileExist" successfully performed. With the following test data "File Path: "SteeringCompanyAPI_TestData/SteeringCompanyAPI_TestData.xlsx"".
2023-01-22 22:08:41.550 &amp#27;[32m INFO&amp#27;[m &amp#27;[35m[@503 - main]&amp#27;[m &amp#27;[36mcom.shaft.tools.io.ReportManager&amp#27;[m : Successfully created attachment "Test Data - Excel"
2023-01-22 22:08:42.479 &amp#27;[32m INFO&amp#27;[m &amp#27;[35m[@503 - main]&amp#27;[m &amp#27;[36mcom.shaft.tools.io.ReportManager&amp#27;[m : Response status code: "200", status line: "HTTP/1.1 200 OK"
2023-01-22 22:08:42.490 &amp#27;[32m INFO&amp#27;[m &amp#27;[35m[@503 - main]&amp#27;[m &amp#27;[36mcom.shaft.tools.io.ReportManager&amp#27;[m : Successfully created attachment "API Request - Specifications"
2023-01-22 22:08:42.491 &amp#27;[32m INFO&amp#27;[m &amp#27;[35m[@503 - main]&amp#27;[m &amp#27;[36mcom.shaft.tools.io.ReportManager&amp#27;[m : Successfully created attachment "API Request - Body"
2023-01-22 22:08:42.493 &amp#27;[32m INFO&amp#27;[m &amp#27;[35m[@503 - main]&amp#27;[m &amp#27;[36mcom.shaft.tools.io.ReportManager&amp#27;[m : Successfully created attachment "API Response - JSON Body"
2023-01-22 22:08:42.503 &amp#27;[32m INFO&amp#27;[m &amp#27;[35m[@503 - main]&amp#27;[m &amp#27;[36mcom.shaft.tools.io.ReportManager&amp#27;[m : File Action "DoesFileExist" successfully performed. With the following test data "File Path: "SteeringCompanyAPI_TestData/SteeringCompanyAPI_TestData.xlsx"".
2023-01-22 22:08:42.526 &amp#27;[32m INFO&amp#27;[m &amp#27;[35m[@503 - main]&amp#27;[m &amp#27;[36mcom.shaft.tools.io.ReportManager&amp#27;[m : Successfully created attachment "Test Data - Excel"
2023-01-22 22:08:42.526 &amp#27;[32m INFO&amp#27;[m &amp#27;[35m[@503 - main]&amp#27;[m &amp#27;[36mcom.shaft.tools.io.ReportManager&amp#27;[m : File Action "DoesFileExist" successfully performed. With the following test data "File Path: "SteeringCompanyAPI_TestData/SteeringCompanyAPI_TestData.xlsx"".
2023-01-22 22:08:42.546 &amp#27;[32m INFO&amp#27;[m &amp#27;[35m[@503 - main]&amp#27;[m &amp#27;[36mcom.shaft.tools.io.ReportManager&amp#27;[m : Successfully created attachment "Test Data - Excel"
2023-01-22 22:08:42.546 &amp#27;[32m INFO&amp#27;[m &amp#27;[35m[@503 - main]&amp#27;[m &amp#27;[36mcom.shaft.tools.io.ReportManager&amp#27;[m : File Action "DoesFileExist" successfully performed. With the following test data "File Path: "SteeringCompanyAPI_TestData/SteeringCompanyAPI_TestData.xlsx"".
2023-01-22 22:08:42.568 &amp#27;[32m INFO&amp#27;[m &amp#27;[35m[@503 - main]&amp#27;[m &amp#27;[36mcom.shaft.tools.io.ReportManager&amp#27;[m : Successfully created attachment "Test Data - Excel"
2023-01-22 22:08:43.447 &amp#27;[32m INFO&amp#27;[m &amp#27;[35m[@503 - main]&amp#27;[m &amp#27;[36mcom.shaft.tools.io.ReportManager&amp#27;[m : Response status code: "422", status line: "HTTP/1.1 422 "
2023-01-22 22:08:43.456 &amp#27;[32m INFO&amp#27;[m &amp#27;[35m[@503 - main]&amp#27;[m &amp#27;[36mcom.shaft.tools.io.ReportManager&amp#27;[m : Successfully created attachment "API Request - Specifications"
2023-01-22 22:08:43.459 &amp#27;[32m INFO&amp#27;[m &amp#27;[35m[@503 - main]&amp#27;[m &amp#27;[36mcom.shaft.tools.io.ReportManager&amp#27;[m : Successfully created attachment "API Request - JSON Body"
2023-01-22 22:08:43.460 &amp#27;[32m INFO&amp#27;[m &amp#27;[35m[@503 - main]&amp#27;[m &amp#27;[36mcom.shaft.tools.io.ReportManager&amp#27;[m : Successfully created attachment "API Response - JSON Body"
2023-01-22 22:08:43.460 &amp#27;[32m INFO&amp#27;[m &amp#27;[35m[@503 - main]&amp#27;[m &amp#27;[36mcom.shaft.tools.io.ReportManager&amp#27;[m : File Action "DoesFileExist" successfully performed. With the following test data "File Path: "Schemas/ValidationError_schema.json"".
2023-01-22 22:08:43.461 &amp#27;[32m INFO&amp#27;[m &amp#27;[35m[@503 - main]&amp#27;[m &amp#27;[36mcom.shaft.tools.io.ReportManager&amp#27;[m : File Action "DoesFileExist" successfully performed. With the following test data "File Path: "src/test/resources/testDataFiles/Schemas/ValidationError_schema.json"".
2023-01-22 22:08:43.461 &amp#27;[32m INFO&amp#27;[m &amp#27;[35m[@503 - main]&amp#27;[m &amp#27;[36mcom.shaft.tools.io.ReportManager&amp#27;[m : File Action "GetAbsolutePath" successfully performed. With the following test data "Relative Folder Path: "src/test/resources/testDataFiles/Schemas/ValidationError_schema.json"".
2023-01-22 22:08:43.462 &amp#27;[32m INFO&amp#27;[m &amp#27;[35m[@503 - main]&amp#27;[m &amp#27;[36mcom.shaft.tools.io.ReportManager&amp#27;[m : File Action "DoesFileExist" successfully performed. With the following test data "File Path: "C:\eclipse-workspace\MyProjects\TASystemsAPIs\src\test\resources\testDataFiles\Schemas\ValidationError_schema.json"".
2023-01-22 22:08:43.462 &amp#27;[32m INFO&amp#27;[m &amp#27;[35m[@503 - main]&amp#27;[m &amp#27;[36mcom.shaft.tools.io.ReportManager&amp#27;[m : File Action "GetAbsolutePath" successfully performed. With the following test data "Relative Folder Path: "C:\eclipse-workspace\MyProjects\TASystemsAPIs\src\test\resources\testDataFiles\Schemas\ValidationError_schema.json"".
2023-01-22 22:08:43.462 &amp#27;[32m INFO&amp#27;[m &amp#27;[35m[@503 - main]&amp#27;[m &amp#27;[36mcom.shaft.tools.io.ReportManager&amp#27;[m : File Action "ReadFile" successfully performed. With the following test data "File Path: "C:\eclipse-workspace\MyProjects\TASystemsAPIs\src\test\resources\testDataFiles\Schemas\ValidationError_schema.json"".
2023-01-22 22:08:43.464 &amp#27;[32m INFO&amp#27;[m &amp#27;[35m[@503 - main]&amp#27;[m &amp#27;[36mcom.shaft.tools.io.ReportManager&amp#27;[m : Successfully created attachment "Validation Test Data - Expected JSON Value"
2023-01-22 22:08:43.465 &amp#27;[32m INFO&amp#27;[m &amp#27;[35m[@503 - main]&amp#27;[m &amp#27;[36mcom.shaft.tools.io.ReportManager&amp#27;[m : Successfully created attachment "Validation Test Data - Actual JSON Value"
2023-01-22 22:08:43.465 &amp#27;[32m INFO&amp#27;[m &amp#27;[35m[@503 - main]&amp#27;[m &amp#27;[36mcom.shaft.tools.io.ReportManager&amp#27;[m : Successfully created attachment "SHAFT Engine Logs - Current Method log: Update_Policy_With_InValid_data_TC"
]]></system-out>
  </testcase>
  <testcase name="Update_Policy_With_InValid_data_TC[[Ljava.lang.Object;@36b87d2b](12)" classname="SteeringCompanyAPI_TestCases.Test_Policies_Cases" time="1.956">
    <system-out><![CDATA[2023-01-22 22:08:43.468 &amp#27;[32m INFO&amp#27;[m &amp#27;[35m[@534 - main]&amp#27;[m &amp#27;[36mcom.shaft.tools.io.ReportManager&amp#27;[m : 
################################################################################################################################################
Starting Execution:	"235 out of 83" test cases in the current suite
Test Method:		"SteeringCompanyAPI_TestCases.Test_Policies_Cases.Update_Policy_With_InValid_data_TC"
Test Description:	"TC053 -Policy- Perform Update Policy with InValid data"
################################################################################################################################################
2023-01-22 22:08:43.469 &amp#27;[32m INFO&amp#27;[m &amp#27;[35m[@503 - main]&amp#27;[m &amp#27;[36mcom.shaft.tools.io.ReportManager&amp#27;[m : File Action "DoesFileExist" successfully performed. With the following test data "File Path: "SteeringCompanyAPI_TestData/SteeringCompanyAPI_TestData.xlsx"".
2023-01-22 22:08:43.499 &amp#27;[32m INFO&amp#27;[m &amp#27;[35m[@503 - main]&amp#27;[m &amp#27;[36mcom.shaft.tools.io.ReportManager&amp#27;[m : Successfully created attachment "Test Data - Excel"
2023-01-22 22:08:44.421 &amp#27;[32m INFO&amp#27;[m &amp#27;[35m[@503 - main]&amp#27;[m &amp#27;[36mcom.shaft.tools.io.ReportManager&amp#27;[m : Response status code: "200", status line: "HTTP/1.1 200 OK"
2023-01-22 22:08:44.431 &amp#27;[32m INFO&amp#27;[m &amp#27;[35m[@503 - main]&amp#27;[m &amp#27;[36mcom.shaft.tools.io.ReportManager&amp#27;[m : Successfully created attachment "API Request - Specifications"
2023-01-22 22:08:44.432 &amp#27;[32m INFO&amp#27;[m &amp#27;[35m[@503 - main]&amp#27;[m &amp#27;[36mcom.shaft.tools.io.ReportManager&amp#27;[m : Successfully created attachment "API Request - Body"
2023-01-22 22:08:44.433 &amp#27;[32m INFO&amp#27;[m &amp#27;[35m[@503 - main]&amp#27;[m &amp#27;[36mcom.shaft.tools.io.ReportManager&amp#27;[m : Successfully created attachment "API Response - JSON Body"
2023-01-22 22:08:44.439 &amp#27;[32m INFO&amp#27;[m &amp#27;[35m[@503 - main]&amp#27;[m &amp#27;[36mcom.shaft.tools.io.ReportManager&amp#27;[m : File Action "DoesFileExist" successfully performed. With the following test data "File Path: "SteeringCompanyAPI_TestData/SteeringCompanyAPI_TestData.xlsx"".
2023-01-22 22:08:44.468 &amp#27;[32m INFO&amp#27;[m &amp#27;[35m[@503 - main]&amp#27;[m &amp#27;[36mcom.shaft.tools.io.ReportManager&amp#27;[m : Successfully created attachment "Test Data - Excel"
2023-01-22 22:08:44.469 &amp#27;[32m INFO&amp#27;[m &amp#27;[35m[@503 - main]&amp#27;[m &amp#27;[36mcom.shaft.tools.io.ReportManager&amp#27;[m : File Action "DoesFileExist" successfully performed. With the following test data "File Path: "SteeringCompanyAPI_TestData/SteeringCompanyAPI_TestData.xlsx"".
2023-01-22 22:08:44.491 &amp#27;[32m INFO&amp#27;[m &amp#27;[35m[@503 - main]&amp#27;[m &amp#27;[36mcom.shaft.tools.io.ReportManager&amp#27;[m : Successfully created attachment "Test Data - Excel"
2023-01-22 22:08:44.491 &amp#27;[32m INFO&amp#27;[m &amp#27;[35m[@503 - main]&amp#27;[m &amp#27;[36mcom.shaft.tools.io.ReportManager&amp#27;[m : File Action "DoesFileExist" successfully performed. With the following test data "File Path: "SteeringCompanyAPI_TestData/SteeringCompanyAPI_TestData.xlsx"".
2023-01-22 22:08:44.515 &amp#27;[32m INFO&amp#27;[m &amp#27;[35m[@503 - main]&amp#27;[m &amp#27;[36mcom.shaft.tools.io.ReportManager&amp#27;[m : Successfully created attachment "Test Data - Excel"
2023-01-22 22:08:45.394 &amp#27;[32m INFO&amp#27;[m &amp#27;[35m[@503 - main]&amp#27;[m &amp#27;[36mcom.shaft.tools.io.ReportManager&amp#27;[m : Response status code: "422", status line: "HTTP/1.1 422 "
2023-01-22 22:08:45.410 &amp#27;[32m INFO&amp#27;[m &amp#27;[35m[@503 - main]&amp#27;[m &amp#27;[36mcom.shaft.tools.io.ReportManager&amp#27;[m : Successfully created attachment "API Request - Specifications"
2023-01-22 22:08:45.412 &amp#27;[32m INFO&amp#27;[m &amp#27;[35m[@503 - main]&amp#27;[m &amp#27;[36mcom.shaft.tools.io.ReportManager&amp#27;[m : Successfully created attachment "API Request - JSON Body"
2023-01-22 22:08:45.413 &amp#27;[32m INFO&amp#27;[m &amp#27;[35m[@503 - main]&amp#27;[m &amp#27;[36mcom.shaft.tools.io.ReportManager&amp#27;[m : Successfully created attachment "API Response - JSON Body"
2023-01-22 22:08:45.414 &amp#27;[32m INFO&amp#27;[m &amp#27;[35m[@503 - main]&amp#27;[m &amp#27;[36mcom.shaft.tools.io.ReportManager&amp#27;[m : File Action "DoesFileExist" successfully performed. With the following test data "File Path: "Schemas/ValidationError_schema.json"".
2023-01-22 22:08:45.414 &amp#27;[32m INFO&amp#27;[m &amp#27;[35m[@503 - main]&amp#27;[m &amp#27;[36mcom.shaft.tools.io.ReportManager&amp#27;[m : File Action "DoesFileExist" successfully performed. With the following test data "File Path: "src/test/resources/testDataFiles/Schemas/ValidationError_schema.json"".
2023-01-22 22:08:45.415 &amp#27;[32m INFO&amp#27;[m &amp#27;[35m[@503 - main]&amp#27;[m &amp#27;[36mcom.shaft.tools.io.ReportManager&amp#27;[m : File Action "GetAbsolutePath" successfully performed. With the following test data "Relative Folder Path: "src/test/resources/testDataFiles/Schemas/ValidationError_schema.json"".
2023-01-22 22:08:45.417 &amp#27;[32m INFO&amp#27;[m &amp#27;[35m[@503 - main]&amp#27;[m &amp#27;[36mcom.shaft.tools.io.ReportManager&amp#27;[m : File Action "DoesFileExist" successfully performed. With the following test data "File Path: "C:\eclipse-workspace\MyProjects\TASystemsAPIs\src\test\resources\testDataFiles\Schemas\ValidationError_schema.json"".
2023-01-22 22:08:45.417 &amp#27;[32m INFO&amp#27;[m &amp#27;[35m[@503 - main]&amp#27;[m &amp#27;[36mcom.shaft.tools.io.ReportManager&amp#27;[m : File Action "GetAbsolutePath" successfully performed. With the following test data "Relative Folder Path: "C:\eclipse-workspace\MyProjects\TASystemsAPIs\src\test\resources\testDataFiles\Schemas\ValidationError_schema.json"".
2023-01-22 22:08:45.417 &amp#27;[32m INFO&amp#27;[m &amp#27;[35m[@503 - main]&amp#27;[m &amp#27;[36mcom.shaft.tools.io.ReportManager&amp#27;[m : File Action "ReadFile" successfully performed. With the following test data "File Path: "C:\eclipse-workspace\MyProjects\TASystemsAPIs\src\test\resources\testDataFiles\Schemas\ValidationError_schema.json"".
2023-01-22 22:08:45.420 &amp#27;[32m INFO&amp#27;[m &amp#27;[35m[@503 - main]&amp#27;[m &amp#27;[36mcom.shaft.tools.io.ReportManager&amp#27;[m : Successfully created attachment "Validation Test Data - Expected JSON Value"
2023-01-22 22:08:45.421 &amp#27;[32m INFO&amp#27;[m &amp#27;[35m[@503 - main]&amp#27;[m &amp#27;[36mcom.shaft.tools.io.ReportManager&amp#27;[m : Successfully created attachment "Validation Test Data - Actual JSON Value"
2023-01-22 22:08:45.422 &amp#27;[32m INFO&amp#27;[m &amp#27;[35m[@503 - main]&amp#27;[m &amp#27;[36mcom.shaft.tools.io.ReportManager&amp#27;[m : Successfully created attachment "SHAFT Engine Logs - Current Method log: Update_Policy_With_InValid_data_TC"
]]></system-out>
  </testcase>
  <testcase name="Update_Policy_With_InValid_data_TC[[Ljava.lang.Object;@7c90fafa](13)" classname="SteeringCompanyAPI_TestCases.Test_Policies_Cases" time="2.963">
    <system-out><![CDATA[2023-01-22 22:08:45.425 &amp#27;[32m INFO&amp#27;[m &amp#27;[35m[@534 - main]&amp#27;[m &amp#27;[36mcom.shaft.tools.io.ReportManager&amp#27;[m : 
################################################################################################################################################
Starting Execution:	"236 out of 83" test cases in the current suite
Test Method:		"SteeringCompanyAPI_TestCases.Test_Policies_Cases.Update_Policy_With_InValid_data_TC"
Test Description:	"TC053 -Policy- Perform Update Policy with InValid data"
################################################################################################################################################
2023-01-22 22:08:45.426 &amp#27;[32m INFO&amp#27;[m &amp#27;[35m[@503 - main]&amp#27;[m &amp#27;[36mcom.shaft.tools.io.ReportManager&amp#27;[m : File Action "DoesFileExist" successfully performed. With the following test data "File Path: "SteeringCompanyAPI_TestData/SteeringCompanyAPI_TestData.xlsx"".
2023-01-22 22:08:45.449 &amp#27;[32m INFO&amp#27;[m &amp#27;[35m[@503 - main]&amp#27;[m &amp#27;[36mcom.shaft.tools.io.ReportManager&amp#27;[m : Successfully created attachment "Test Data - Excel"
2023-01-22 22:08:47.370 &amp#27;[32m INFO&amp#27;[m &amp#27;[35m[@503 - main]&amp#27;[m &amp#27;[36mcom.shaft.tools.io.ReportManager&amp#27;[m : Response status code: "200", status line: "HTTP/1.1 200 OK"
2023-01-22 22:08:47.382 &amp#27;[32m INFO&amp#27;[m &amp#27;[35m[@503 - main]&amp#27;[m &amp#27;[36mcom.shaft.tools.io.ReportManager&amp#27;[m : Successfully created attachment "API Request - Specifications"
2023-01-22 22:08:47.384 &amp#27;[32m INFO&amp#27;[m &amp#27;[35m[@503 - main]&amp#27;[m &amp#27;[36mcom.shaft.tools.io.ReportManager&amp#27;[m : Successfully created attachment "API Request - Body"
2023-01-22 22:08:47.385 &amp#27;[32m INFO&amp#27;[m &amp#27;[35m[@503 - main]&amp#27;[m &amp#27;[36mcom.shaft.tools.io.ReportManager&amp#27;[m : Successfully created attachment "API Response - JSON Body"
2023-01-22 22:08:47.398 &amp#27;[32m INFO&amp#27;[m &amp#27;[35m[@503 - main]&amp#27;[m &amp#27;[36mcom.shaft.tools.io.ReportManager&amp#27;[m : File Action "DoesFileExist" successfully performed. With the following test data "File Path: "SteeringCompanyAPI_TestData/SteeringCompanyAPI_TestData.xlsx"".
2023-01-22 22:08:47.439 &amp#27;[32m INFO&amp#27;[m &amp#27;[35m[@503 - main]&amp#27;[m &amp#27;[36mcom.shaft.tools.io.ReportManager&amp#27;[m : Successfully created attachment "Test Data - Excel"
2023-01-22 22:08:47.440 &amp#27;[32m INFO&amp#27;[m &amp#27;[35m[@503 - main]&amp#27;[m &amp#27;[36mcom.shaft.tools.io.ReportManager&amp#27;[m : File Action "DoesFileExist" successfully performed. With the following test data "File Path: "SteeringCompanyAPI_TestData/SteeringCompanyAPI_TestData.xlsx"".
2023-01-22 22:08:47.463 &amp#27;[32m INFO&amp#27;[m &amp#27;[35m[@503 - main]&amp#27;[m &amp#27;[36mcom.shaft.tools.io.ReportManager&amp#27;[m : Successfully created attachment "Test Data - Excel"
2023-01-22 22:08:47.464 &amp#27;[32m INFO&amp#27;[m &amp#27;[35m[@503 - main]&amp#27;[m &amp#27;[36mcom.shaft.tools.io.ReportManager&amp#27;[m : File Action "DoesFileExist" successfully performed. With the following test data "File Path: "SteeringCompanyAPI_TestData/SteeringCompanyAPI_TestData.xlsx"".
2023-01-22 22:08:47.487 &amp#27;[32m INFO&amp#27;[m &amp#27;[35m[@503 - main]&amp#27;[m &amp#27;[36mcom.shaft.tools.io.ReportManager&amp#27;[m : Successfully created attachment "Test Data - Excel"
2023-01-22 22:08:48.363 &amp#27;[32m INFO&amp#27;[m &amp#27;[35m[@503 - main]&amp#27;[m &amp#27;[36mcom.shaft.tools.io.ReportManager&amp#27;[m : Response status code: "422", status line: "HTTP/1.1 422 "
2023-01-22 22:08:48.374 &amp#27;[32m INFO&amp#27;[m &amp#27;[35m[@503 - main]&amp#27;[m &amp#27;[36mcom.shaft.tools.io.ReportManager&amp#27;[m : Successfully created attachment "API Request - Specifications"
2023-01-22 22:08:48.376 &amp#27;[32m INFO&amp#27;[m &amp#27;[35m[@503 - main]&amp#27;[m &amp#27;[36mcom.shaft.tools.io.ReportManager&amp#27;[m : Successfully created attachment "API Request - JSON Body"
2023-01-22 22:08:48.376 &amp#27;[32m INFO&amp#27;[m &amp#27;[35m[@503 - main]&amp#27;[m &amp#27;[36mcom.shaft.tools.io.ReportManager&amp#27;[m : Successfully created attachment "API Response - JSON Body"
2023-01-22 22:08:48.377 &amp#27;[32m INFO&amp#27;[m &amp#27;[35m[@503 - main]&amp#27;[m &amp#27;[36mcom.shaft.tools.io.ReportManager&amp#27;[m : File Action "DoesFileExist" successfully performed. With the following test data "File Path: "Schemas/ValidationError_schema.json"".
2023-01-22 22:08:48.379 &amp#27;[32m INFO&amp#27;[m &amp#27;[35m[@503 - main]&amp#27;[m &amp#27;[36mcom.shaft.tools.io.ReportManager&amp#27;[m : File Action "DoesFileExist" successfully performed. With the following test data "File Path: "src/test/resources/testDataFiles/Schemas/ValidationError_schema.json"".
2023-01-22 22:08:48.379 &amp#27;[32m INFO&amp#27;[m &amp#27;[35m[@503 - main]&amp#27;[m &amp#27;[36mcom.shaft.tools.io.ReportManager&amp#27;[m : File Action "GetAbsolutePath" successfully performed. With the following test data "Relative Folder Path: "src/test/resources/testDataFiles/Schemas/ValidationError_schema.json"".
2023-01-22 22:08:48.381 &amp#27;[32m INFO&amp#27;[m &amp#27;[35m[@503 - main]&amp#27;[m &amp#27;[36mcom.shaft.tools.io.ReportManager&amp#27;[m : File Action "DoesFileExist" successfully performed. With the following test data "File Path: "C:\eclipse-workspace\MyProjects\TASystemsAPIs\src\test\resources\testDataFiles\Schemas\ValidationError_schema.json"".
2023-01-22 22:08:48.381 &amp#27;[32m INFO&amp#27;[m &amp#27;[35m[@503 - main]&amp#27;[m &amp#27;[36mcom.shaft.tools.io.ReportManager&amp#27;[m : File Action "GetAbsolutePath" successfully performed. With the following test data "Relative Folder Path: "C:\eclipse-workspace\MyProjects\TASystemsAPIs\src\test\resources\testDataFiles\Schemas\ValidationError_schema.json"".
2023-01-22 22:08:48.382 &amp#27;[32m INFO&amp#27;[m &amp#27;[35m[@503 - main]&amp#27;[m &amp#27;[36mcom.shaft.tools.io.ReportManager&amp#27;[m : File Action "ReadFile" successfully performed. With the following test data "File Path: "C:\eclipse-workspace\MyProjects\TASystemsAPIs\src\test\resources\testDataFiles\Schemas\ValidationError_schema.json"".
2023-01-22 22:08:48.383 &amp#27;[32m INFO&amp#27;[m &amp#27;[35m[@503 - main]&amp#27;[m &amp#27;[36mcom.shaft.tools.io.ReportManager&amp#27;[m : Successfully created attachment "Validation Test Data - Expected JSON Value"
2023-01-22 22:08:48.384 &amp#27;[32m INFO&amp#27;[m &amp#27;[35m[@503 - main]&amp#27;[m &amp#27;[36mcom.shaft.tools.io.ReportManager&amp#27;[m : Successfully created attachment "Validation Test Data - Actual JSON Value"
2023-01-22 22:08:48.385 &amp#27;[32m INFO&amp#27;[m &amp#27;[35m[@503 - main]&amp#27;[m &amp#27;[36mcom.shaft.tools.io.ReportManager&amp#27;[m : Successfully created attachment "SHAFT Engine Logs - Current Method log: Update_Policy_With_InValid_data_TC"
]]></system-out>
  </testcase>
  <testcase name="Update_Policy_With_InValid_data_TC[[Ljava.lang.Object;@5b20e3d3](14)" classname="SteeringCompanyAPI_TestCases.Test_Policies_Cases" time="1.838">
    <system-out><![CDATA[2023-01-22 22:08:48.388 &amp#27;[32m INFO&amp#27;[m &amp#27;[35m[@534 - main]&amp#27;[m &amp#27;[36mcom.shaft.tools.io.ReportManager&amp#27;[m : 
################################################################################################################################################
Starting Execution:	"237 out of 83" test cases in the current suite
Test Method:		"SteeringCompanyAPI_TestCases.Test_Policies_Cases.Update_Policy_With_InValid_data_TC"
Test Description:	"TC053 -Policy- Perform Update Policy with InValid data"
################################################################################################################################################
2023-01-22 22:08:48.388 &amp#27;[32m INFO&amp#27;[m &amp#27;[35m[@503 - main]&amp#27;[m &amp#27;[36mcom.shaft.tools.io.ReportManager&amp#27;[m : File Action "DoesFileExist" successfully performed. With the following test data "File Path: "SteeringCompanyAPI_TestData/SteeringCompanyAPI_TestData.xlsx"".
2023-01-22 22:08:48.413 &amp#27;[32m INFO&amp#27;[m &amp#27;[35m[@503 - main]&amp#27;[m &amp#27;[36mcom.shaft.tools.io.ReportManager&amp#27;[m : Successfully created attachment "Test Data - Excel"
2023-01-22 22:08:49.321 &amp#27;[32m INFO&amp#27;[m &amp#27;[35m[@503 - main]&amp#27;[m &amp#27;[36mcom.shaft.tools.io.ReportManager&amp#27;[m : Response status code: "200", status line: "HTTP/1.1 200 OK"
2023-01-22 22:08:49.332 &amp#27;[32m INFO&amp#27;[m &amp#27;[35m[@503 - main]&amp#27;[m &amp#27;[36mcom.shaft.tools.io.ReportManager&amp#27;[m : Successfully created attachment "API Request - Specifications"
2023-01-22 22:08:49.333 &amp#27;[32m INFO&amp#27;[m &amp#27;[35m[@503 - main]&amp#27;[m &amp#27;[36mcom.shaft.tools.io.ReportManager&amp#27;[m : Successfully created attachment "API Request - Body"
2023-01-22 22:08:49.334 &amp#27;[32m INFO&amp#27;[m &amp#27;[35m[@503 - main]&amp#27;[m &amp#27;[36mcom.shaft.tools.io.ReportManager&amp#27;[m : Successfully created attachment "API Response - JSON Body"
2023-01-22 22:08:49.341 &amp#27;[32m INFO&amp#27;[m &amp#27;[35m[@503 - main]&amp#27;[m &amp#27;[36mcom.shaft.tools.io.ReportManager&amp#27;[m : File Action "DoesFileExist" successfully performed. With the following test data "File Path: "SteeringCompanyAPI_TestData/SteeringCompanyAPI_TestData.xlsx"".
2023-01-22 22:08:49.365 &amp#27;[32m INFO&amp#27;[m &amp#27;[35m[@503 - main]&amp#27;[m &amp#27;[36mcom.shaft.tools.io.ReportManager&amp#27;[m : Successfully created attachment "Test Data - Excel"
2023-01-22 22:08:49.365 &amp#27;[32m INFO&amp#27;[m &amp#27;[35m[@503 - main]&amp#27;[m &amp#27;[36mcom.shaft.tools.io.ReportManager&amp#27;[m : File Action "DoesFileExist" successfully performed. With the following test data "File Path: "SteeringCompanyAPI_TestData/SteeringCompanyAPI_TestData.xlsx"".
2023-01-22 22:08:49.386 &amp#27;[32m INFO&amp#27;[m &amp#27;[35m[@503 - main]&amp#27;[m &amp#27;[36mcom.shaft.tools.io.ReportManager&amp#27;[m : Successfully created attachment "Test Data - Excel"
2023-01-22 22:08:49.386 &amp#27;[32m INFO&amp#27;[m &amp#27;[35m[@503 - main]&amp#27;[m &amp#27;[36mcom.shaft.tools.io.ReportManager&amp#27;[m : File Action "DoesFileExist" successfully performed. With the following test data "File Path: "SteeringCompanyAPI_TestData/SteeringCompanyAPI_TestData.xlsx"".
2023-01-22 22:08:49.423 &amp#27;[32m INFO&amp#27;[m &amp#27;[35m[@503 - main]&amp#27;[m &amp#27;[36mcom.shaft.tools.io.ReportManager&amp#27;[m : Successfully created attachment "Test Data - Excel"
2023-01-22 22:08:50.205 &amp#27;[32m INFO&amp#27;[m &amp#27;[35m[@503 - main]&amp#27;[m &amp#27;[36mcom.shaft.tools.io.ReportManager&amp#27;[m : Response status code: "422", status line: "HTTP/1.1 422 "
2023-01-22 22:08:50.216 &amp#27;[32m INFO&amp#27;[m &amp#27;[35m[@503 - main]&amp#27;[m &amp#27;[36mcom.shaft.tools.io.ReportManager&amp#27;[m : Successfully created attachment "API Request - Specifications"
2023-01-22 22:08:50.217 &amp#27;[32m INFO&amp#27;[m &amp#27;[35m[@503 - main]&amp#27;[m &amp#27;[36mcom.shaft.tools.io.ReportManager&amp#27;[m : Successfully created attachment "API Request - JSON Body"
2023-01-22 22:08:50.218 &amp#27;[32m INFO&amp#27;[m &amp#27;[35m[@503 - main]&amp#27;[m &amp#27;[36mcom.shaft.tools.io.ReportManager&amp#27;[m : Successfully created attachment "API Response - JSON Body"
2023-01-22 22:08:50.218 &amp#27;[32m INFO&amp#27;[m &amp#27;[35m[@503 - main]&amp#27;[m &amp#27;[36mcom.shaft.tools.io.ReportManager&amp#27;[m : File Action "DoesFileExist" successfully performed. With the following test data "File Path: "Schemas/ValidationError_schema.json"".
2023-01-22 22:08:50.218 &amp#27;[32m INFO&amp#27;[m &amp#27;[35m[@503 - main]&amp#27;[m &amp#27;[36mcom.shaft.tools.io.ReportManager&amp#27;[m : File Action "DoesFileExist" successfully performed. With the following test data "File Path: "src/test/resources/testDataFiles/Schemas/ValidationError_schema.json"".
2023-01-22 22:08:50.219 &amp#27;[32m INFO&amp#27;[m &amp#27;[35m[@503 - main]&amp#27;[m &amp#27;[36mcom.shaft.tools.io.ReportManager&amp#27;[m : File Action "GetAbsolutePath" successfully performed. With the following test data "Relative Folder Path: "src/test/resources/testDataFiles/Schemas/ValidationError_schema.json"".
2023-01-22 22:08:50.220 &amp#27;[32m INFO&amp#27;[m &amp#27;[35m[@503 - main]&amp#27;[m &amp#27;[36mcom.shaft.tools.io.ReportManager&amp#27;[m : File Action "DoesFileExist" successfully performed. With the following test data "File Path: "C:\eclipse-workspace\MyProjects\TASystemsAPIs\src\test\resources\testDataFiles\Schemas\ValidationError_schema.json"".
2023-01-22 22:08:50.220 &amp#27;[32m INFO&amp#27;[m &amp#27;[35m[@503 - main]&amp#27;[m &amp#27;[36mcom.shaft.tools.io.ReportManager&amp#27;[m : File Action "GetAbsolutePath" successfully performed. With the following test data "Relative Folder Path: "C:\eclipse-workspace\MyProjects\TASystemsAPIs\src\test\resources\testDataFiles\Schemas\ValidationError_schema.json"".
2023-01-22 22:08:50.220 &amp#27;[32m INFO&amp#27;[m &amp#27;[35m[@503 - main]&amp#27;[m &amp#27;[36mcom.shaft.tools.io.ReportManager&amp#27;[m : File Action "ReadFile" successfully performed. With the following test data "File Path: "C:\eclipse-workspace\MyProjects\TASystemsAPIs\src\test\resources\testDataFiles\Schemas\ValidationError_schema.json"".
2023-01-22 22:08:50.221 &amp#27;[32m INFO&amp#27;[m &amp#27;[35m[@503 - main]&amp#27;[m &amp#27;[36mcom.shaft.tools.io.ReportManager&amp#27;[m : Successfully created attachment "Validation Test Data - Expected JSON Value"
2023-01-22 22:08:50.223 &amp#27;[32m INFO&amp#27;[m &amp#27;[35m[@503 - main]&amp#27;[m &amp#27;[36mcom.shaft.tools.io.ReportManager&amp#27;[m : Successfully created attachment "Validation Test Data - Actual JSON Value"
2023-01-22 22:08:50.224 &amp#27;[32m INFO&amp#27;[m &amp#27;[35m[@503 - main]&amp#27;[m &amp#27;[36mcom.shaft.tools.io.ReportManager&amp#27;[m : Successfully created attachment "SHAFT Engine Logs - Current Method log: Update_Policy_With_InValid_data_TC"
]]></system-out>
  </testcase>
  <testcase name="Update_Policy_With_InValid_data_TC[[Ljava.lang.Object;@71249bc4](15)" classname="SteeringCompanyAPI_TestCases.Test_Policies_Cases" time="1.949">
    <system-out><![CDATA[2023-01-22 22:08:50.226 &amp#27;[32m INFO&amp#27;[m &amp#27;[35m[@534 - main]&amp#27;[m &amp#27;[36mcom.shaft.tools.io.ReportManager&amp#27;[m : 
################################################################################################################################################
Starting Execution:	"238 out of 83" test cases in the current suite
Test Method:		"SteeringCompanyAPI_TestCases.Test_Policies_Cases.Update_Policy_With_InValid_data_TC"
Test Description:	"TC053 -Policy- Perform Update Policy with InValid data"
################################################################################################################################################
2023-01-22 22:08:50.226 &amp#27;[32m INFO&amp#27;[m &amp#27;[35m[@503 - main]&amp#27;[m &amp#27;[36mcom.shaft.tools.io.ReportManager&amp#27;[m : File Action "DoesFileExist" successfully performed. With the following test data "File Path: "SteeringCompanyAPI_TestData/SteeringCompanyAPI_TestData.xlsx"".
2023-01-22 22:08:50.246 &amp#27;[32m INFO&amp#27;[m &amp#27;[35m[@503 - main]&amp#27;[m &amp#27;[36mcom.shaft.tools.io.ReportManager&amp#27;[m : Successfully created attachment "Test Data - Excel"
2023-01-22 22:08:51.187 &amp#27;[32m INFO&amp#27;[m &amp#27;[35m[@503 - main]&amp#27;[m &amp#27;[36mcom.shaft.tools.io.ReportManager&amp#27;[m : Response status code: "200", status line: "HTTP/1.1 200 OK"
2023-01-22 22:08:51.198 &amp#27;[32m INFO&amp#27;[m &amp#27;[35m[@503 - main]&amp#27;[m &amp#27;[36mcom.shaft.tools.io.ReportManager&amp#27;[m : Successfully created attachment "API Request - Specifications"
2023-01-22 22:08:51.199 &amp#27;[32m INFO&amp#27;[m &amp#27;[35m[@503 - main]&amp#27;[m &amp#27;[36mcom.shaft.tools.io.ReportManager&amp#27;[m : Successfully created attachment "API Request - Body"
2023-01-22 22:08:51.201 &amp#27;[32m INFO&amp#27;[m &amp#27;[35m[@503 - main]&amp#27;[m &amp#27;[36mcom.shaft.tools.io.ReportManager&amp#27;[m : Successfully created attachment "API Response - JSON Body"
2023-01-22 22:08:51.208 &amp#27;[32m INFO&amp#27;[m &amp#27;[35m[@503 - main]&amp#27;[m &amp#27;[36mcom.shaft.tools.io.ReportManager&amp#27;[m : File Action "DoesFileExist" successfully performed. With the following test data "File Path: "SteeringCompanyAPI_TestData/SteeringCompanyAPI_TestData.xlsx"".
2023-01-22 22:08:51.229 &amp#27;[32m INFO&amp#27;[m &amp#27;[35m[@503 - main]&amp#27;[m &amp#27;[36mcom.shaft.tools.io.ReportManager&amp#27;[m : Successfully created attachment "Test Data - Excel"
2023-01-22 22:08:51.229 &amp#27;[32m INFO&amp#27;[m &amp#27;[35m[@503 - main]&amp#27;[m &amp#27;[36mcom.shaft.tools.io.ReportManager&amp#27;[m : File Action "DoesFileExist" successfully performed. With the following test data "File Path: "SteeringCompanyAPI_TestData/SteeringCompanyAPI_TestData.xlsx"".
2023-01-22 22:08:51.250 &amp#27;[32m INFO&amp#27;[m &amp#27;[35m[@503 - main]&amp#27;[m &amp#27;[36mcom.shaft.tools.io.ReportManager&amp#27;[m : Successfully created attachment "Test Data - Excel"
2023-01-22 22:08:51.250 &amp#27;[32m INFO&amp#27;[m &amp#27;[35m[@503 - main]&amp#27;[m &amp#27;[36mcom.shaft.tools.io.ReportManager&amp#27;[m : File Action "DoesFileExist" successfully performed. With the following test data "File Path: "SteeringCompanyAPI_TestData/SteeringCompanyAPI_TestData.xlsx"".
2023-01-22 22:08:51.273 &amp#27;[32m INFO&amp#27;[m &amp#27;[35m[@503 - main]&amp#27;[m &amp#27;[36mcom.shaft.tools.io.ReportManager&amp#27;[m : Successfully created attachment "Test Data - Excel"
2023-01-22 22:08:52.153 &amp#27;[32m INFO&amp#27;[m &amp#27;[35m[@503 - main]&amp#27;[m &amp#27;[36mcom.shaft.tools.io.ReportManager&amp#27;[m : Response status code: "422", status line: "HTTP/1.1 422 "
2023-01-22 22:08:52.164 &amp#27;[32m INFO&amp#27;[m &amp#27;[35m[@503 - main]&amp#27;[m &amp#27;[36mcom.shaft.tools.io.ReportManager&amp#27;[m : Successfully created attachment "API Request - Specifications"
2023-01-22 22:08:52.166 &amp#27;[32m INFO&amp#27;[m &amp#27;[35m[@503 - main]&amp#27;[m &amp#27;[36mcom.shaft.tools.io.ReportManager&amp#27;[m : Successfully created attachment "API Request - JSON Body"
2023-01-22 22:08:52.167 &amp#27;[32m INFO&amp#27;[m &amp#27;[35m[@503 - main]&amp#27;[m &amp#27;[36mcom.shaft.tools.io.ReportManager&amp#27;[m : Successfully created attachment "API Response - JSON Body"
2023-01-22 22:08:52.167 &amp#27;[32m INFO&amp#27;[m &amp#27;[35m[@503 - main]&amp#27;[m &amp#27;[36mcom.shaft.tools.io.ReportManager&amp#27;[m : File Action "DoesFileExist" successfully performed. With the following test data "File Path: "Schemas/ValidationError_schema.json"".
2023-01-22 22:08:52.167 &amp#27;[32m INFO&amp#27;[m &amp#27;[35m[@503 - main]&amp#27;[m &amp#27;[36mcom.shaft.tools.io.ReportManager&amp#27;[m : File Action "DoesFileExist" successfully performed. With the following test data "File Path: "src/test/resources/testDataFiles/Schemas/ValidationError_schema.json"".
2023-01-22 22:08:52.167 &amp#27;[32m INFO&amp#27;[m &amp#27;[35m[@503 - main]&amp#27;[m &amp#27;[36mcom.shaft.tools.io.ReportManager&amp#27;[m : File Action "GetAbsolutePath" successfully performed. With the following test data "Relative Folder Path: "src/test/resources/testDataFiles/Schemas/ValidationError_schema.json"".
2023-01-22 22:08:52.169 &amp#27;[32m INFO&amp#27;[m &amp#27;[35m[@503 - main]&amp#27;[m &amp#27;[36mcom.shaft.tools.io.ReportManager&amp#27;[m : File Action "DoesFileExist" successfully performed. With the following test data "File Path: "C:\eclipse-workspace\MyProjects\TASystemsAPIs\src\test\resources\testDataFiles\Schemas\ValidationError_schema.json"".
2023-01-22 22:08:52.169 &amp#27;[32m INFO&amp#27;[m &amp#27;[35m[@503 - main]&amp#27;[m &amp#27;[36mcom.shaft.tools.io.ReportManager&amp#27;[m : File Action "GetAbsolutePath" successfully performed. With the following test data "Relative Folder Path: "C:\eclipse-workspace\MyProjects\TASystemsAPIs\src\test\resources\testDataFiles\Schemas\ValidationError_schema.json"".
2023-01-22 22:08:52.169 &amp#27;[32m INFO&amp#27;[m &amp#27;[35m[@503 - main]&amp#27;[m &amp#27;[36mcom.shaft.tools.io.ReportManager&amp#27;[m : File Action "ReadFile" successfully performed. With the following test data "File Path: "C:\eclipse-workspace\MyProjects\TASystemsAPIs\src\test\resources\testDataFiles\Schemas\ValidationError_schema.json"".
2023-01-22 22:08:52.170 &amp#27;[32m INFO&amp#27;[m &amp#27;[35m[@503 - main]&amp#27;[m &amp#27;[36mcom.shaft.tools.io.ReportManager&amp#27;[m : Successfully created attachment "Validation Test Data - Expected JSON Value"
2023-01-22 22:08:52.172 &amp#27;[32m INFO&amp#27;[m &amp#27;[35m[@503 - main]&amp#27;[m &amp#27;[36mcom.shaft.tools.io.ReportManager&amp#27;[m : Successfully created attachment "Validation Test Data - Actual JSON Value"
2023-01-22 22:08:52.173 &amp#27;[32m INFO&amp#27;[m &amp#27;[35m[@503 - main]&amp#27;[m &amp#27;[36mcom.shaft.tools.io.ReportManager&amp#27;[m : Successfully created attachment "SHAFT Engine Logs - Current Method log: Update_Policy_With_InValid_data_TC"
]]></system-out>
  </testcase>
  <testcase name="Update_Policy_With_InValid_data_TC[[Ljava.lang.Object;@691ca84c](16)" classname="SteeringCompanyAPI_TestCases.Test_Policies_Cases" time="2.085">
    <system-out><![CDATA[2023-01-22 22:08:52.175 &amp#27;[32m INFO&amp#27;[m &amp#27;[35m[@534 - main]&amp#27;[m &amp#27;[36mcom.shaft.tools.io.ReportManager&amp#27;[m : 
################################################################################################################################################
Starting Execution:	"239 out of 83" test cases in the current suite
Test Method:		"SteeringCompanyAPI_TestCases.Test_Policies_Cases.Update_Policy_With_InValid_data_TC"
Test Description:	"TC053 -Policy- Perform Update Policy with InValid data"
################################################################################################################################################
2023-01-22 22:08:52.176 &amp#27;[32m INFO&amp#27;[m &amp#27;[35m[@503 - main]&amp#27;[m &amp#27;[36mcom.shaft.tools.io.ReportManager&amp#27;[m : File Action "DoesFileExist" successfully performed. With the following test data "File Path: "SteeringCompanyAPI_TestData/SteeringCompanyAPI_TestData.xlsx"".
2023-01-22 22:08:52.196 &amp#27;[32m INFO&amp#27;[m &amp#27;[35m[@503 - main]&amp#27;[m &amp#27;[36mcom.shaft.tools.io.ReportManager&amp#27;[m : Successfully created attachment "Test Data - Excel"
2023-01-22 22:08:53.117 &amp#27;[32m INFO&amp#27;[m &amp#27;[35m[@503 - main]&amp#27;[m &amp#27;[36mcom.shaft.tools.io.ReportManager&amp#27;[m : Response status code: "200", status line: "HTTP/1.1 200 OK"
2023-01-22 22:08:53.127 &amp#27;[32m INFO&amp#27;[m &amp#27;[35m[@503 - main]&amp#27;[m &amp#27;[36mcom.shaft.tools.io.ReportManager&amp#27;[m : Successfully created attachment "API Request - Specifications"
2023-01-22 22:08:53.129 &amp#27;[32m INFO&amp#27;[m &amp#27;[35m[@503 - main]&amp#27;[m &amp#27;[36mcom.shaft.tools.io.ReportManager&amp#27;[m : Successfully created attachment "API Request - Body"
2023-01-22 22:08:53.130 &amp#27;[32m INFO&amp#27;[m &amp#27;[35m[@503 - main]&amp#27;[m &amp#27;[36mcom.shaft.tools.io.ReportManager&amp#27;[m : Successfully created attachment "API Response - JSON Body"
2023-01-22 22:08:53.136 &amp#27;[32m INFO&amp#27;[m &amp#27;[35m[@503 - main]&amp#27;[m &amp#27;[36mcom.shaft.tools.io.ReportManager&amp#27;[m : File Action "DoesFileExist" successfully performed. With the following test data "File Path: "SteeringCompanyAPI_TestData/SteeringCompanyAPI_TestData.xlsx"".
2023-01-22 22:08:53.159 &amp#27;[32m INFO&amp#27;[m &amp#27;[35m[@503 - main]&amp#27;[m &amp#27;[36mcom.shaft.tools.io.ReportManager&amp#27;[m : Successfully created attachment "Test Data - Excel"
2023-01-22 22:08:53.159 &amp#27;[32m INFO&amp#27;[m &amp#27;[35m[@503 - main]&amp#27;[m &amp#27;[36mcom.shaft.tools.io.ReportManager&amp#27;[m : File Action "DoesFileExist" successfully performed. With the following test data "File Path: "SteeringCompanyAPI_TestData/SteeringCompanyAPI_TestData.xlsx"".
2023-01-22 22:08:53.182 &amp#27;[32m INFO&amp#27;[m &amp#27;[35m[@503 - main]&amp#27;[m &amp#27;[36mcom.shaft.tools.io.ReportManager&amp#27;[m : Successfully created attachment "Test Data - Excel"
2023-01-22 22:08:53.182 &amp#27;[32m INFO&amp#27;[m &amp#27;[35m[@503 - main]&amp#27;[m &amp#27;[36mcom.shaft.tools.io.ReportManager&amp#27;[m : File Action "DoesFileExist" successfully performed. With the following test data "File Path: "SteeringCompanyAPI_TestData/SteeringCompanyAPI_TestData.xlsx"".
2023-01-22 22:08:53.234 &amp#27;[32m INFO&amp#27;[m &amp#27;[35m[@503 - main]&amp#27;[m &amp#27;[36mcom.shaft.tools.io.ReportManager&amp#27;[m : Successfully created attachment "Test Data - Excel"
2023-01-22 22:08:54.201 &amp#27;[32m INFO&amp#27;[m &amp#27;[35m[@503 - main]&amp#27;[m &amp#27;[36mcom.shaft.tools.io.ReportManager&amp#27;[m : Response status code: "422", status line: "HTTP/1.1 422 "
2023-01-22 22:08:54.211 &amp#27;[32m INFO&amp#27;[m &amp#27;[35m[@503 - main]&amp#27;[m &amp#27;[36mcom.shaft.tools.io.ReportManager&amp#27;[m : Successfully created attachment "API Request - Specifications"
2023-01-22 22:08:54.247 &amp#27;[32m INFO&amp#27;[m &amp#27;[35m[@503 - main]&amp#27;[m &amp#27;[36mcom.shaft.tools.io.ReportManager&amp#27;[m : Successfully created attachment "API Request - JSON Body"
2023-01-22 22:08:54.250 &amp#27;[32m INFO&amp#27;[m &amp#27;[35m[@503 - main]&amp#27;[m &amp#27;[36mcom.shaft.tools.io.ReportManager&amp#27;[m : Successfully created attachment "API Response - JSON Body"
2023-01-22 22:08:54.251 &amp#27;[32m INFO&amp#27;[m &amp#27;[35m[@503 - main]&amp#27;[m &amp#27;[36mcom.shaft.tools.io.ReportManager&amp#27;[m : File Action "DoesFileExist" successfully performed. With the following test data "File Path: "Schemas/ValidationError_schema.json"".
2023-01-22 22:08:54.251 &amp#27;[32m INFO&amp#27;[m &amp#27;[35m[@503 - main]&amp#27;[m &amp#27;[36mcom.shaft.tools.io.ReportManager&amp#27;[m : File Action "DoesFileExist" successfully performed. With the following test data "File Path: "src/test/resources/testDataFiles/Schemas/ValidationError_schema.json"".
2023-01-22 22:08:54.251 &amp#27;[32m INFO&amp#27;[m &amp#27;[35m[@503 - main]&amp#27;[m &amp#27;[36mcom.shaft.tools.io.ReportManager&amp#27;[m : File Action "GetAbsolutePath" successfully performed. With the following test data "Relative Folder Path: "src/test/resources/testDataFiles/Schemas/ValidationError_schema.json"".
2023-01-22 22:08:54.254 &amp#27;[32m INFO&amp#27;[m &amp#27;[35m[@503 - main]&amp#27;[m &amp#27;[36mcom.shaft.tools.io.ReportManager&amp#27;[m : File Action "DoesFileExist" successfully performed. With the following test data "File Path: "C:\eclipse-workspace\MyProjects\TASystemsAPIs\src\test\resources\testDataFiles\Schemas\ValidationError_schema.json"".
2023-01-22 22:08:54.254 &amp#27;[32m INFO&amp#27;[m &amp#27;[35m[@503 - main]&amp#27;[m &amp#27;[36mcom.shaft.tools.io.ReportManager&amp#27;[m : File Action "GetAbsolutePath" successfully performed. With the following test data "Relative Folder Path: "C:\eclipse-workspace\MyProjects\TASystemsAPIs\src\test\resources\testDataFiles\Schemas\ValidationError_schema.json"".
2023-01-22 22:08:54.254 &amp#27;[32m INFO&amp#27;[m &amp#27;[35m[@503 - main]&amp#27;[m &amp#27;[36mcom.shaft.tools.io.ReportManager&amp#27;[m : File Action "ReadFile" successfully performed. With the following test data "File Path: "C:\eclipse-workspace\MyProjects\TASystemsAPIs\src\test\resources\testDataFiles\Schemas\ValidationError_schema.json"".
2023-01-22 22:08:54.256 &amp#27;[32m INFO&amp#27;[m &amp#27;[35m[@503 - main]&amp#27;[m &amp#27;[36mcom.shaft.tools.io.ReportManager&amp#27;[m : Successfully created attachment "Validation Test Data - Expected JSON Value"
2023-01-22 22:08:54.256 &amp#27;[32m INFO&amp#27;[m &amp#27;[35m[@503 - main]&amp#27;[m &amp#27;[36mcom.shaft.tools.io.ReportManager&amp#27;[m : Successfully created attachment "Validation Test Data - Actual JSON Value"
2023-01-22 22:08:54.258 &amp#27;[32m INFO&amp#27;[m &amp#27;[35m[@503 - main]&amp#27;[m &amp#27;[36mcom.shaft.tools.io.ReportManager&amp#27;[m : Successfully created attachment "SHAFT Engine Logs - Current Method log: Update_Policy_With_InValid_data_TC"
]]></system-out>
  </testcase>
  <testcase name="Update_Policy_With_InValid_data_TC[[Ljava.lang.Object;@1f62cb24](17)" classname="SteeringCompanyAPI_TestCases.Test_Policies_Cases" time="2.868">
    <system-out><![CDATA[2023-01-22 22:08:54.260 &amp#27;[32m INFO&amp#27;[m &amp#27;[35m[@534 - main]&amp#27;[m &amp#27;[36mcom.shaft.tools.io.ReportManager&amp#27;[m : 
################################################################################################################################################
Starting Execution:	"240 out of 83" test cases in the current suite
Test Method:		"SteeringCompanyAPI_TestCases.Test_Policies_Cases.Update_Policy_With_InValid_data_TC"
Test Description:	"TC053 -Policy- Perform Update Policy with InValid data"
################################################################################################################################################
2023-01-22 22:08:54.261 &amp#27;[32m INFO&amp#27;[m &amp#27;[35m[@503 - main]&amp#27;[m &amp#27;[36mcom.shaft.tools.io.ReportManager&amp#27;[m : File Action "DoesFileExist" successfully performed. With the following test data "File Path: "SteeringCompanyAPI_TestData/SteeringCompanyAPI_TestData.xlsx"".
2023-01-22 22:08:54.281 &amp#27;[32m INFO&amp#27;[m &amp#27;[35m[@503 - main]&amp#27;[m &amp#27;[36mcom.shaft.tools.io.ReportManager&amp#27;[m : Successfully created attachment "Test Data - Excel"
2023-01-22 22:08:56.155 &amp#27;[32m INFO&amp#27;[m &amp#27;[35m[@503 - main]&amp#27;[m &amp#27;[36mcom.shaft.tools.io.ReportManager&amp#27;[m : Response status code: "200", status line: "HTTP/1.1 200 OK"
2023-01-22 22:08:56.206 &amp#27;[32m INFO&amp#27;[m &amp#27;[35m[@503 - main]&amp#27;[m &amp#27;[36mcom.shaft.tools.io.ReportManager&amp#27;[m : Successfully created attachment "API Request - Specifications"
2023-01-22 22:08:56.208 &amp#27;[32m INFO&amp#27;[m &amp#27;[35m[@503 - main]&amp#27;[m &amp#27;[36mcom.shaft.tools.io.ReportManager&amp#27;[m : Successfully created attachment "API Request - Body"
2023-01-22 22:08:56.209 &amp#27;[32m INFO&amp#27;[m &amp#27;[35m[@503 - main]&amp#27;[m &amp#27;[36mcom.shaft.tools.io.ReportManager&amp#27;[m : Successfully created attachment "API Response - JSON Body"
2023-01-22 22:08:56.216 &amp#27;[32m INFO&amp#27;[m &amp#27;[35m[@503 - main]&amp#27;[m &amp#27;[36mcom.shaft.tools.io.ReportManager&amp#27;[m : File Action "DoesFileExist" successfully performed. With the following test data "File Path: "SteeringCompanyAPI_TestData/SteeringCompanyAPI_TestData.xlsx"".
2023-01-22 22:08:56.247 &amp#27;[32m INFO&amp#27;[m &amp#27;[35m[@503 - main]&amp#27;[m &amp#27;[36mcom.shaft.tools.io.ReportManager&amp#27;[m : Successfully created attachment "Test Data - Excel"
2023-01-22 22:08:56.248 &amp#27;[32m INFO&amp#27;[m &amp#27;[35m[@503 - main]&amp#27;[m &amp#27;[36mcom.shaft.tools.io.ReportManager&amp#27;[m : File Action "DoesFileExist" successfully performed. With the following test data "File Path: "SteeringCompanyAPI_TestData/SteeringCompanyAPI_TestData.xlsx"".
2023-01-22 22:08:56.270 &amp#27;[32m INFO&amp#27;[m &amp#27;[35m[@503 - main]&amp#27;[m &amp#27;[36mcom.shaft.tools.io.ReportManager&amp#27;[m : Successfully created attachment "Test Data - Excel"
2023-01-22 22:08:56.270 &amp#27;[32m INFO&amp#27;[m &amp#27;[35m[@503 - main]&amp#27;[m &amp#27;[36mcom.shaft.tools.io.ReportManager&amp#27;[m : File Action "DoesFileExist" successfully performed. With the following test data "File Path: "SteeringCompanyAPI_TestData/SteeringCompanyAPI_TestData.xlsx"".
2023-01-22 22:08:56.291 &amp#27;[32m INFO&amp#27;[m &amp#27;[35m[@503 - main]&amp#27;[m &amp#27;[36mcom.shaft.tools.io.ReportManager&amp#27;[m : Successfully created attachment "Test Data - Excel"
2023-01-22 22:08:57.063 &amp#27;[32m INFO&amp#27;[m &amp#27;[35m[@503 - main]&amp#27;[m &amp#27;[36mcom.shaft.tools.io.ReportManager&amp#27;[m : Response status code: "422", status line: "HTTP/1.1 422 "
2023-01-22 22:08:57.076 &amp#27;[32m INFO&amp#27;[m &amp#27;[35m[@503 - main]&amp#27;[m &amp#27;[36mcom.shaft.tools.io.ReportManager&amp#27;[m : Successfully created attachment "API Request - Specifications"
2023-01-22 22:08:57.078 &amp#27;[32m INFO&amp#27;[m &amp#27;[35m[@503 - main]&amp#27;[m &amp#27;[36mcom.shaft.tools.io.ReportManager&amp#27;[m : Successfully created attachment "API Request - JSON Body"
2023-01-22 22:08:57.117 &amp#27;[32m INFO&amp#27;[m &amp#27;[35m[@503 - main]&amp#27;[m &amp#27;[36mcom.shaft.tools.io.ReportManager&amp#27;[m : Successfully created attachment "API Response - JSON Body"
2023-01-22 22:08:57.119 &amp#27;[32m INFO&amp#27;[m &amp#27;[35m[@503 - main]&amp#27;[m &amp#27;[36mcom.shaft.tools.io.ReportManager&amp#27;[m : File Action "DoesFileExist" successfully performed. With the following test data "File Path: "Schemas/ValidationError_schema.json"".
2023-01-22 22:08:57.119 &amp#27;[32m INFO&amp#27;[m &amp#27;[35m[@503 - main]&amp#27;[m &amp#27;[36mcom.shaft.tools.io.ReportManager&amp#27;[m : File Action "DoesFileExist" successfully performed. With the following test data "File Path: "src/test/resources/testDataFiles/Schemas/ValidationError_schema.json"".
2023-01-22 22:08:57.119 &amp#27;[32m INFO&amp#27;[m &amp#27;[35m[@503 - main]&amp#27;[m &amp#27;[36mcom.shaft.tools.io.ReportManager&amp#27;[m : File Action "GetAbsolutePath" successfully performed. With the following test data "Relative Folder Path: "src/test/resources/testDataFiles/Schemas/ValidationError_schema.json"".
2023-01-22 22:08:57.121 &amp#27;[32m INFO&amp#27;[m &amp#27;[35m[@503 - main]&amp#27;[m &amp#27;[36mcom.shaft.tools.io.ReportManager&amp#27;[m : File Action "DoesFileExist" successfully performed. With the following test data "File Path: "C:\eclipse-workspace\MyProjects\TASystemsAPIs\src\test\resources\testDataFiles\Schemas\ValidationError_schema.json"".
2023-01-22 22:08:57.121 &amp#27;[32m INFO&amp#27;[m &amp#27;[35m[@503 - main]&amp#27;[m &amp#27;[36mcom.shaft.tools.io.ReportManager&amp#27;[m : File Action "GetAbsolutePath" successfully performed. With the following test data "Relative Folder Path: "C:\eclipse-workspace\MyProjects\TASystemsAPIs\src\test\resources\testDataFiles\Schemas\ValidationError_schema.json"".
2023-01-22 22:08:57.121 &amp#27;[32m INFO&amp#27;[m &amp#27;[35m[@503 - main]&amp#27;[m &amp#27;[36mcom.shaft.tools.io.ReportManager&amp#27;[m : File Action "ReadFile" successfully performed. With the following test data "File Path: "C:\eclipse-workspace\MyProjects\TASystemsAPIs\src\test\resources\testDataFiles\Schemas\ValidationError_schema.json"".
2023-01-22 22:08:57.123 &amp#27;[32m INFO&amp#27;[m &amp#27;[35m[@503 - main]&amp#27;[m &amp#27;[36mcom.shaft.tools.io.ReportManager&amp#27;[m : Successfully created attachment "Validation Test Data - Expected JSON Value"
2023-01-22 22:08:57.124 &amp#27;[32m INFO&amp#27;[m &amp#27;[35m[@503 - main]&amp#27;[m &amp#27;[36mcom.shaft.tools.io.ReportManager&amp#27;[m : Successfully created attachment "Validation Test Data - Actual JSON Value"
2023-01-22 22:08:57.124 &amp#27;[32m INFO&amp#27;[m &amp#27;[35m[@503 - main]&amp#27;[m &amp#27;[36mcom.shaft.tools.io.ReportManager&amp#27;[m : Successfully created attachment "SHAFT Engine Logs - Current Method log: Update_Policy_With_InValid_data_TC"
]]></system-out>
  </testcase>
  <testcase name="Update_Policy_With_InValid_data_TC[[Ljava.lang.Object;@3e34b204](18)" classname="SteeringCompanyAPI_TestCases.Test_Policies_Cases" time="4.098">
    <system-out><![CDATA[2023-01-22 22:08:57.128 &amp#27;[32m INFO&amp#27;[m &amp#27;[35m[@534 - main]&amp#27;[m &amp#27;[36mcom.shaft.tools.io.ReportManager&amp#27;[m : 
################################################################################################################################################
Starting Execution:	"241 out of 83" test cases in the current suite
Test Method:		"SteeringCompanyAPI_TestCases.Test_Policies_Cases.Update_Policy_With_InValid_data_TC"
Test Description:	"TC053 -Policy- Perform Update Policy with InValid data"
################################################################################################################################################
2023-01-22 22:08:57.128 &amp#27;[32m INFO&amp#27;[m &amp#27;[35m[@503 - main]&amp#27;[m &amp#27;[36mcom.shaft.tools.io.ReportManager&amp#27;[m : File Action "DoesFileExist" successfully performed. With the following test data "File Path: "SteeringCompanyAPI_TestData/SteeringCompanyAPI_TestData.xlsx"".
2023-01-22 22:08:57.150 &amp#27;[32m INFO&amp#27;[m &amp#27;[35m[@503 - main]&amp#27;[m &amp#27;[36mcom.shaft.tools.io.ReportManager&amp#27;[m : Successfully created attachment "Test Data - Excel"
2023-01-22 22:09:00.242 &amp#27;[32m INFO&amp#27;[m &amp#27;[35m[@503 - main]&amp#27;[m &amp#27;[36mcom.shaft.tools.io.ReportManager&amp#27;[m : Response status code: "200", status line: "HTTP/1.1 200 OK"
2023-01-22 22:09:00.254 &amp#27;[32m INFO&amp#27;[m &amp#27;[35m[@503 - main]&amp#27;[m &amp#27;[36mcom.shaft.tools.io.ReportManager&amp#27;[m : Successfully created attachment "API Request - Specifications"
2023-01-22 22:09:00.254 &amp#27;[32m INFO&amp#27;[m &amp#27;[35m[@503 - main]&amp#27;[m &amp#27;[36mcom.shaft.tools.io.ReportManager&amp#27;[m : Successfully created attachment "API Request - Body"
2023-01-22 22:09:00.296 &amp#27;[32m INFO&amp#27;[m &amp#27;[35m[@503 - main]&amp#27;[m &amp#27;[36mcom.shaft.tools.io.ReportManager&amp#27;[m : Successfully created attachment "API Response - JSON Body"
2023-01-22 22:09:00.305 &amp#27;[32m INFO&amp#27;[m &amp#27;[35m[@503 - main]&amp#27;[m &amp#27;[36mcom.shaft.tools.io.ReportManager&amp#27;[m : File Action "DoesFileExist" successfully performed. With the following test data "File Path: "SteeringCompanyAPI_TestData/SteeringCompanyAPI_TestData.xlsx"".
2023-01-22 22:09:00.329 &amp#27;[32m INFO&amp#27;[m &amp#27;[35m[@503 - main]&amp#27;[m &amp#27;[36mcom.shaft.tools.io.ReportManager&amp#27;[m : Successfully created attachment "Test Data - Excel"
2023-01-22 22:09:00.329 &amp#27;[32m INFO&amp#27;[m &amp#27;[35m[@503 - main]&amp#27;[m &amp#27;[36mcom.shaft.tools.io.ReportManager&amp#27;[m : File Action "DoesFileExist" successfully performed. With the following test data "File Path: "SteeringCompanyAPI_TestData/SteeringCompanyAPI_TestData.xlsx"".
2023-01-22 22:09:00.350 &amp#27;[32m INFO&amp#27;[m &amp#27;[35m[@503 - main]&amp#27;[m &amp#27;[36mcom.shaft.tools.io.ReportManager&amp#27;[m : Successfully created attachment "Test Data - Excel"
2023-01-22 22:09:00.350 &amp#27;[32m INFO&amp#27;[m &amp#27;[35m[@503 - main]&amp#27;[m &amp#27;[36mcom.shaft.tools.io.ReportManager&amp#27;[m : File Action "DoesFileExist" successfully performed. With the following test data "File Path: "SteeringCompanyAPI_TestData/SteeringCompanyAPI_TestData.xlsx"".
2023-01-22 22:09:00.374 &amp#27;[32m INFO&amp#27;[m &amp#27;[35m[@503 - main]&amp#27;[m &amp#27;[36mcom.shaft.tools.io.ReportManager&amp#27;[m : Successfully created attachment "Test Data - Excel"
2023-01-22 22:09:01.168 &amp#27;[32m INFO&amp#27;[m &amp#27;[35m[@503 - main]&amp#27;[m &amp#27;[36mcom.shaft.tools.io.ReportManager&amp#27;[m : Response status code: "422", status line: "HTTP/1.1 422 "
2023-01-22 22:09:01.215 &amp#27;[32m INFO&amp#27;[m &amp#27;[35m[@503 - main]&amp#27;[m &amp#27;[36mcom.shaft.tools.io.ReportManager&amp#27;[m : Successfully created attachment "API Request - Specifications"
2023-01-22 22:09:01.217 &amp#27;[32m INFO&amp#27;[m &amp#27;[35m[@503 - main]&amp#27;[m &amp#27;[36mcom.shaft.tools.io.ReportManager&amp#27;[m : Successfully created attachment "API Request - JSON Body"
2023-01-22 22:09:01.218 &amp#27;[32m INFO&amp#27;[m &amp#27;[35m[@503 - main]&amp#27;[m &amp#27;[36mcom.shaft.tools.io.ReportManager&amp#27;[m : Successfully created attachment "API Response - JSON Body"
2023-01-22 22:09:01.219 &amp#27;[32m INFO&amp#27;[m &amp#27;[35m[@503 - main]&amp#27;[m &amp#27;[36mcom.shaft.tools.io.ReportManager&amp#27;[m : File Action "DoesFileExist" successfully performed. With the following test data "File Path: "Schemas/ValidationError_schema.json"".
2023-01-22 22:09:01.219 &amp#27;[32m INFO&amp#27;[m &amp#27;[35m[@503 - main]&amp#27;[m &amp#27;[36mcom.shaft.tools.io.ReportManager&amp#27;[m : File Action "DoesFileExist" successfully performed. With the following test data "File Path: "src/test/resources/testDataFiles/Schemas/ValidationError_schema.json"".
2023-01-22 22:09:01.219 &amp#27;[32m INFO&amp#27;[m &amp#27;[35m[@503 - main]&amp#27;[m &amp#27;[36mcom.shaft.tools.io.ReportManager&amp#27;[m : File Action "GetAbsolutePath" successfully performed. With the following test data "Relative Folder Path: "src/test/resources/testDataFiles/Schemas/ValidationError_schema.json"".
2023-01-22 22:09:01.221 &amp#27;[32m INFO&amp#27;[m &amp#27;[35m[@503 - main]&amp#27;[m &amp#27;[36mcom.shaft.tools.io.ReportManager&amp#27;[m : File Action "DoesFileExist" successfully performed. With the following test data "File Path: "C:\eclipse-workspace\MyProjects\TASystemsAPIs\src\test\resources\testDataFiles\Schemas\ValidationError_schema.json"".
2023-01-22 22:09:01.221 &amp#27;[32m INFO&amp#27;[m &amp#27;[35m[@503 - main]&amp#27;[m &amp#27;[36mcom.shaft.tools.io.ReportManager&amp#27;[m : File Action "GetAbsolutePath" successfully performed. With the following test data "Relative Folder Path: "C:\eclipse-workspace\MyProjects\TASystemsAPIs\src\test\resources\testDataFiles\Schemas\ValidationError_schema.json"".
2023-01-22 22:09:01.221 &amp#27;[32m INFO&amp#27;[m &amp#27;[35m[@503 - main]&amp#27;[m &amp#27;[36mcom.shaft.tools.io.ReportManager&amp#27;[m : File Action "ReadFile" successfully performed. With the following test data "File Path: "C:\eclipse-workspace\MyProjects\TASystemsAPIs\src\test\resources\testDataFiles\Schemas\ValidationError_schema.json"".
2023-01-22 22:09:01.222 &amp#27;[32m INFO&amp#27;[m &amp#27;[35m[@503 - main]&amp#27;[m &amp#27;[36mcom.shaft.tools.io.ReportManager&amp#27;[m : Successfully created attachment "Validation Test Data - Expected JSON Value"
2023-01-22 22:09:01.223 &amp#27;[32m INFO&amp#27;[m &amp#27;[35m[@503 - main]&amp#27;[m &amp#27;[36mcom.shaft.tools.io.ReportManager&amp#27;[m : Successfully created attachment "Validation Test Data - Actual JSON Value"
2023-01-22 22:09:01.224 &amp#27;[32m INFO&amp#27;[m &amp#27;[35m[@503 - main]&amp#27;[m &amp#27;[36mcom.shaft.tools.io.ReportManager&amp#27;[m : Successfully created attachment "SHAFT Engine Logs - Current Method log: Update_Policy_With_InValid_data_TC"
]]></system-out>
  </testcase>
  <testcase name="Update_Policy_With_InValid_data_TC[[Ljava.lang.Object;@1d8d581c](19)" classname="SteeringCompanyAPI_TestCases.Test_Policies_Cases" time="1.846">
    <system-out><![CDATA[2023-01-22 22:09:01.227 &amp#27;[32m INFO&amp#27;[m &amp#27;[35m[@534 - main]&amp#27;[m &amp#27;[36mcom.shaft.tools.io.ReportManager&amp#27;[m : 
################################################################################################################################################
Starting Execution:	"242 out of 83" test cases in the current suite
Test Method:		"SteeringCompanyAPI_TestCases.Test_Policies_Cases.Update_Policy_With_InValid_data_TC"
Test Description:	"TC053 -Policy- Perform Update Policy with InValid data"
################################################################################################################################################
2023-01-22 22:09:01.227 &amp#27;[32m INFO&amp#27;[m &amp#27;[35m[@503 - main]&amp#27;[m &amp#27;[36mcom.shaft.tools.io.ReportManager&amp#27;[m : File Action "DoesFileExist" successfully performed. With the following test data "File Path: "SteeringCompanyAPI_TestData/SteeringCompanyAPI_TestData.xlsx"".
2023-01-22 22:09:01.247 &amp#27;[32m INFO&amp#27;[m &amp#27;[35m[@503 - main]&amp#27;[m &amp#27;[36mcom.shaft.tools.io.ReportManager&amp#27;[m : Successfully created attachment "Test Data - Excel"
2023-01-22 22:09:02.008 &amp#27;[32m INFO&amp#27;[m &amp#27;[35m[@503 - main]&amp#27;[m &amp#27;[36mcom.shaft.tools.io.ReportManager&amp#27;[m : Response status code: "200", status line: "HTTP/1.1 200 OK"
2023-01-22 22:09:02.021 &amp#27;[32m INFO&amp#27;[m &amp#27;[35m[@503 - main]&amp#27;[m &amp#27;[36mcom.shaft.tools.io.ReportManager&amp#27;[m : Successfully created attachment "API Request - Specifications"
2023-01-22 22:09:02.022 &amp#27;[32m INFO&amp#27;[m &amp#27;[35m[@503 - main]&amp#27;[m &amp#27;[36mcom.shaft.tools.io.ReportManager&amp#27;[m : Successfully created attachment "API Request - Body"
2023-01-22 22:09:02.023 &amp#27;[32m INFO&amp#27;[m &amp#27;[35m[@503 - main]&amp#27;[m &amp#27;[36mcom.shaft.tools.io.ReportManager&amp#27;[m : Successfully created attachment "API Response - JSON Body"
2023-01-22 22:09:02.030 &amp#27;[32m INFO&amp#27;[m &amp#27;[35m[@503 - main]&amp#27;[m &amp#27;[36mcom.shaft.tools.io.ReportManager&amp#27;[m : File Action "DoesFileExist" successfully performed. With the following test data "File Path: "SteeringCompanyAPI_TestData/SteeringCompanyAPI_TestData.xlsx"".
2023-01-22 22:09:02.091 &amp#27;[32m INFO&amp#27;[m &amp#27;[35m[@503 - main]&amp#27;[m &amp#27;[36mcom.shaft.tools.io.ReportManager&amp#27;[m : Successfully created attachment "Test Data - Excel"
2023-01-22 22:09:02.091 &amp#27;[32m INFO&amp#27;[m &amp#27;[35m[@503 - main]&amp#27;[m &amp#27;[36mcom.shaft.tools.io.ReportManager&amp#27;[m : File Action "DoesFileExist" successfully performed. With the following test data "File Path: "SteeringCompanyAPI_TestData/SteeringCompanyAPI_TestData.xlsx"".
2023-01-22 22:09:02.115 &amp#27;[32m INFO&amp#27;[m &amp#27;[35m[@503 - main]&amp#27;[m &amp#27;[36mcom.shaft.tools.io.ReportManager&amp#27;[m : Successfully created attachment "Test Data - Excel"
2023-01-22 22:09:02.116 &amp#27;[32m INFO&amp#27;[m &amp#27;[35m[@503 - main]&amp#27;[m &amp#27;[36mcom.shaft.tools.io.ReportManager&amp#27;[m : File Action "DoesFileExist" successfully performed. With the following test data "File Path: "SteeringCompanyAPI_TestData/SteeringCompanyAPI_TestData.xlsx"".
2023-01-22 22:09:02.149 &amp#27;[32m INFO&amp#27;[m &amp#27;[35m[@503 - main]&amp#27;[m &amp#27;[36mcom.shaft.tools.io.ReportManager&amp#27;[m : Successfully created attachment "Test Data - Excel"
2023-01-22 22:09:03.007 &amp#27;[32m INFO&amp#27;[m &amp#27;[35m[@503 - main]&amp#27;[m &amp#27;[36mcom.shaft.tools.io.ReportManager&amp#27;[m : Response status code: "422", status line: "HTTP/1.1 422 "
2023-01-22 22:09:03.020 &amp#27;[32m INFO&amp#27;[m &amp#27;[35m[@503 - main]&amp#27;[m &amp#27;[36mcom.shaft.tools.io.ReportManager&amp#27;[m : Successfully created attachment "API Request - Specifications"
2023-01-22 22:09:03.060 &amp#27;[32m INFO&amp#27;[m &amp#27;[35m[@503 - main]&amp#27;[m &amp#27;[36mcom.shaft.tools.io.ReportManager&amp#27;[m : Successfully created attachment "API Request - JSON Body"
2023-01-22 22:09:03.062 &amp#27;[32m INFO&amp#27;[m &amp#27;[35m[@503 - main]&amp#27;[m &amp#27;[36mcom.shaft.tools.io.ReportManager&amp#27;[m : Successfully created attachment "API Response - JSON Body"
2023-01-22 22:09:03.062 &amp#27;[32m INFO&amp#27;[m &amp#27;[35m[@503 - main]&amp#27;[m &amp#27;[36mcom.shaft.tools.io.ReportManager&amp#27;[m : File Action "DoesFileExist" successfully performed. With the following test data "File Path: "Schemas/ValidationError_schema.json"".
2023-01-22 22:09:03.063 &amp#27;[32m INFO&amp#27;[m &amp#27;[35m[@503 - main]&amp#27;[m &amp#27;[36mcom.shaft.tools.io.ReportManager&amp#27;[m : File Action "DoesFileExist" successfully performed. With the following test data "File Path: "src/test/resources/testDataFiles/Schemas/ValidationError_schema.json"".
2023-01-22 22:09:03.063 &amp#27;[32m INFO&amp#27;[m &amp#27;[35m[@503 - main]&amp#27;[m &amp#27;[36mcom.shaft.tools.io.ReportManager&amp#27;[m : File Action "GetAbsolutePath" successfully performed. With the following test data "Relative Folder Path: "src/test/resources/testDataFiles/Schemas/ValidationError_schema.json"".
2023-01-22 22:09:03.064 &amp#27;[32m INFO&amp#27;[m &amp#27;[35m[@503 - main]&amp#27;[m &amp#27;[36mcom.shaft.tools.io.ReportManager&amp#27;[m : File Action "DoesFileExist" successfully performed. With the following test data "File Path: "C:\eclipse-workspace\MyProjects\TASystemsAPIs\src\test\resources\testDataFiles\Schemas\ValidationError_schema.json"".
2023-01-22 22:09:03.064 &amp#27;[32m INFO&amp#27;[m &amp#27;[35m[@503 - main]&amp#27;[m &amp#27;[36mcom.shaft.tools.io.ReportManager&amp#27;[m : File Action "GetAbsolutePath" successfully performed. With the following test data "Relative Folder Path: "C:\eclipse-workspace\MyProjects\TASystemsAPIs\src\test\resources\testDataFiles\Schemas\ValidationError_schema.json"".
2023-01-22 22:09:03.065 &amp#27;[32m INFO&amp#27;[m &amp#27;[35m[@503 - main]&amp#27;[m &amp#27;[36mcom.shaft.tools.io.ReportManager&amp#27;[m : File Action "ReadFile" successfully performed. With the following test data "File Path: "C:\eclipse-workspace\MyProjects\TASystemsAPIs\src\test\resources\testDataFiles\Schemas\ValidationError_schema.json"".
2023-01-22 22:09:03.066 &amp#27;[32m INFO&amp#27;[m &amp#27;[35m[@503 - main]&amp#27;[m &amp#27;[36mcom.shaft.tools.io.ReportManager&amp#27;[m : Successfully created attachment "Validation Test Data - Expected JSON Value"
2023-01-22 22:09:03.067 &amp#27;[32m INFO&amp#27;[m &amp#27;[35m[@503 - main]&amp#27;[m &amp#27;[36mcom.shaft.tools.io.ReportManager&amp#27;[m : Successfully created attachment "Validation Test Data - Actual JSON Value"
2023-01-22 22:09:03.068 &amp#27;[32m INFO&amp#27;[m &amp#27;[35m[@503 - main]&amp#27;[m &amp#27;[36mcom.shaft.tools.io.ReportManager&amp#27;[m : Successfully created attachment "SHAFT Engine Logs - Current Method log: Update_Policy_With_InValid_data_TC"
]]></system-out>
  </testcase>
  <testcase name="Update_Policy_With_InValid_data_TC[[Ljava.lang.Object;@34548932](20)" classname="SteeringCompanyAPI_TestCases.Test_Policies_Cases" time="1.944">
    <system-out><![CDATA[2023-01-22 22:09:03.071 &amp#27;[32m INFO&amp#27;[m &amp#27;[35m[@534 - main]&amp#27;[m &amp#27;[36mcom.shaft.tools.io.ReportManager&amp#27;[m : 
################################################################################################################################################
Starting Execution:	"243 out of 83" test cases in the current suite
Test Method:		"SteeringCompanyAPI_TestCases.Test_Policies_Cases.Update_Policy_With_InValid_data_TC"
Test Description:	"TC053 -Policy- Perform Update Policy with InValid data"
################################################################################################################################################
2023-01-22 22:09:03.072 &amp#27;[32m INFO&amp#27;[m &amp#27;[35m[@503 - main]&amp#27;[m &amp#27;[36mcom.shaft.tools.io.ReportManager&amp#27;[m : File Action "DoesFileExist" successfully performed. With the following test data "File Path: "SteeringCompanyAPI_TestData/SteeringCompanyAPI_TestData.xlsx"".
2023-01-22 22:09:03.093 &amp#27;[32m INFO&amp#27;[m &amp#27;[35m[@503 - main]&amp#27;[m &amp#27;[36mcom.shaft.tools.io.ReportManager&amp#27;[m : Successfully created attachment "Test Data - Excel"
2023-01-22 22:09:03.966 &amp#27;[32m INFO&amp#27;[m &amp#27;[35m[@503 - main]&amp#27;[m &amp#27;[36mcom.shaft.tools.io.ReportManager&amp#27;[m : Response status code: "200", status line: "HTTP/1.1 200 OK"
2023-01-22 22:09:03.977 &amp#27;[32m INFO&amp#27;[m &amp#27;[35m[@503 - main]&amp#27;[m &amp#27;[36mcom.shaft.tools.io.ReportManager&amp#27;[m : Successfully created attachment "API Request - Specifications"
2023-01-22 22:09:03.978 &amp#27;[32m INFO&amp#27;[m &amp#27;[35m[@503 - main]&amp#27;[m &amp#27;[36mcom.shaft.tools.io.ReportManager&amp#27;[m : Successfully created attachment "API Request - Body"
2023-01-22 22:09:04.015 &amp#27;[32m INFO&amp#27;[m &amp#27;[35m[@503 - main]&amp#27;[m &amp#27;[36mcom.shaft.tools.io.ReportManager&amp#27;[m : Successfully created attachment "API Response - JSON Body"
2023-01-22 22:09:04.022 &amp#27;[32m INFO&amp#27;[m &amp#27;[35m[@503 - main]&amp#27;[m &amp#27;[36mcom.shaft.tools.io.ReportManager&amp#27;[m : File Action "DoesFileExist" successfully performed. With the following test data "File Path: "SteeringCompanyAPI_TestData/SteeringCompanyAPI_TestData.xlsx"".
2023-01-22 22:09:04.049 &amp#27;[32m INFO&amp#27;[m &amp#27;[35m[@503 - main]&amp#27;[m &amp#27;[36mcom.shaft.tools.io.ReportManager&amp#27;[m : Successfully created attachment "Test Data - Excel"
2023-01-22 22:09:04.050 &amp#27;[32m INFO&amp#27;[m &amp#27;[35m[@503 - main]&amp#27;[m &amp#27;[36mcom.shaft.tools.io.ReportManager&amp#27;[m : File Action "DoesFileExist" successfully performed. With the following test data "File Path: "SteeringCompanyAPI_TestData/SteeringCompanyAPI_TestData.xlsx"".
2023-01-22 22:09:04.073 &amp#27;[32m INFO&amp#27;[m &amp#27;[35m[@503 - main]&amp#27;[m &amp#27;[36mcom.shaft.tools.io.ReportManager&amp#27;[m : Successfully created attachment "Test Data - Excel"
2023-01-22 22:09:04.074 &amp#27;[32m INFO&amp#27;[m &amp#27;[35m[@503 - main]&amp#27;[m &amp#27;[36mcom.shaft.tools.io.ReportManager&amp#27;[m : File Action "DoesFileExist" successfully performed. With the following test data "File Path: "SteeringCompanyAPI_TestData/SteeringCompanyAPI_TestData.xlsx"".
2023-01-22 22:09:04.098 &amp#27;[32m INFO&amp#27;[m &amp#27;[35m[@503 - main]&amp#27;[m &amp#27;[36mcom.shaft.tools.io.ReportManager&amp#27;[m : Successfully created attachment "Test Data - Excel"
2023-01-22 22:09:04.955 &amp#27;[32m INFO&amp#27;[m &amp#27;[35m[@503 - main]&amp#27;[m &amp#27;[36mcom.shaft.tools.io.ReportManager&amp#27;[m : Response status code: "422", status line: "HTTP/1.1 422 "
2023-01-22 22:09:04.965 &amp#27;[32m INFO&amp#27;[m &amp#27;[35m[@503 - main]&amp#27;[m &amp#27;[36mcom.shaft.tools.io.ReportManager&amp#27;[m : Successfully created attachment "API Request - Specifications"
2023-01-22 22:09:04.966 &amp#27;[32m INFO&amp#27;[m &amp#27;[35m[@503 - main]&amp#27;[m &amp#27;[36mcom.shaft.tools.io.ReportManager&amp#27;[m : Successfully created attachment "API Request - JSON Body"
2023-01-22 22:09:05.005 &amp#27;[32m INFO&amp#27;[m &amp#27;[35m[@503 - main]&amp#27;[m &amp#27;[36mcom.shaft.tools.io.ReportManager&amp#27;[m : Successfully created attachment "API Response - JSON Body"
2023-01-22 22:09:05.006 &amp#27;[32m INFO&amp#27;[m &amp#27;[35m[@503 - main]&amp#27;[m &amp#27;[36mcom.shaft.tools.io.ReportManager&amp#27;[m : File Action "DoesFileExist" successfully performed. With the following test data "File Path: "Schemas/ValidationError_schema.json"".
2023-01-22 22:09:05.006 &amp#27;[32m INFO&amp#27;[m &amp#27;[35m[@503 - main]&amp#27;[m &amp#27;[36mcom.shaft.tools.io.ReportManager&amp#27;[m : File Action "DoesFileExist" successfully performed. With the following test data "File Path: "src/test/resources/testDataFiles/Schemas/ValidationError_schema.json"".
2023-01-22 22:09:05.006 &amp#27;[32m INFO&amp#27;[m &amp#27;[35m[@503 - main]&amp#27;[m &amp#27;[36mcom.shaft.tools.io.ReportManager&amp#27;[m : File Action "GetAbsolutePath" successfully performed. With the following test data "Relative Folder Path: "src/test/resources/testDataFiles/Schemas/ValidationError_schema.json"".
2023-01-22 22:09:05.008 &amp#27;[32m INFO&amp#27;[m &amp#27;[35m[@503 - main]&amp#27;[m &amp#27;[36mcom.shaft.tools.io.ReportManager&amp#27;[m : File Action "DoesFileExist" successfully performed. With the following test data "File Path: "C:\eclipse-workspace\MyProjects\TASystemsAPIs\src\test\resources\testDataFiles\Schemas\ValidationError_schema.json"".
2023-01-22 22:09:05.008 &amp#27;[32m INFO&amp#27;[m &amp#27;[35m[@503 - main]&amp#27;[m &amp#27;[36mcom.shaft.tools.io.ReportManager&amp#27;[m : File Action "GetAbsolutePath" successfully performed. With the following test data "Relative Folder Path: "C:\eclipse-workspace\MyProjects\TASystemsAPIs\src\test\resources\testDataFiles\Schemas\ValidationError_schema.json"".
2023-01-22 22:09:05.008 &amp#27;[32m INFO&amp#27;[m &amp#27;[35m[@503 - main]&amp#27;[m &amp#27;[36mcom.shaft.tools.io.ReportManager&amp#27;[m : File Action "ReadFile" successfully performed. With the following test data "File Path: "C:\eclipse-workspace\MyProjects\TASystemsAPIs\src\test\resources\testDataFiles\Schemas\ValidationError_schema.json"".
2023-01-22 22:09:05.010 &amp#27;[32m INFO&amp#27;[m &amp#27;[35m[@503 - main]&amp#27;[m &amp#27;[36mcom.shaft.tools.io.ReportManager&amp#27;[m : Successfully created attachment "Validation Test Data - Expected JSON Value"
2023-01-22 22:09:05.011 &amp#27;[32m INFO&amp#27;[m &amp#27;[35m[@503 - main]&amp#27;[m &amp#27;[36mcom.shaft.tools.io.ReportManager&amp#27;[m : Successfully created attachment "Validation Test Data - Actual JSON Value"
2023-01-22 22:09:05.011 &amp#27;[32m INFO&amp#27;[m &amp#27;[35m[@503 - main]&amp#27;[m &amp#27;[36mcom.shaft.tools.io.ReportManager&amp#27;[m : Successfully created attachment "SHAFT Engine Logs - Current Method log: Update_Policy_With_InValid_data_TC"
]]></system-out>
  </testcase>
  <testcase name="Update_Policy_With_InValid_data_TC[[Ljava.lang.Object;@38018af7](21)" classname="SteeringCompanyAPI_TestCases.Test_Policies_Cases" time="1.909">
    <system-out><![CDATA[2023-01-22 22:09:05.016 &amp#27;[32m INFO&amp#27;[m &amp#27;[35m[@534 - main]&amp#27;[m &amp#27;[36mcom.shaft.tools.io.ReportManager&amp#27;[m : 
################################################################################################################################################
Starting Execution:	"244 out of 83" test cases in the current suite
Test Method:		"SteeringCompanyAPI_TestCases.Test_Policies_Cases.Update_Policy_With_InValid_data_TC"
Test Description:	"TC053 -Policy- Perform Update Policy with InValid data"
################################################################################################################################################
2023-01-22 22:09:05.016 &amp#27;[32m INFO&amp#27;[m &amp#27;[35m[@503 - main]&amp#27;[m &amp#27;[36mcom.shaft.tools.io.ReportManager&amp#27;[m : File Action "DoesFileExist" successfully performed. With the following test data "File Path: "SteeringCompanyAPI_TestData/SteeringCompanyAPI_TestData.xlsx"".
2023-01-22 22:09:05.042 &amp#27;[32m INFO&amp#27;[m &amp#27;[35m[@503 - main]&amp#27;[m &amp#27;[36mcom.shaft.tools.io.ReportManager&amp#27;[m : Successfully created attachment "Test Data - Excel"
2023-01-22 22:09:05.920 &amp#27;[32m INFO&amp#27;[m &amp#27;[35m[@503 - main]&amp#27;[m &amp#27;[36mcom.shaft.tools.io.ReportManager&amp#27;[m : Response status code: "200", status line: "HTTP/1.1 200 OK"
2023-01-22 22:09:05.931 &amp#27;[32m INFO&amp#27;[m &amp#27;[35m[@503 - main]&amp#27;[m &amp#27;[36mcom.shaft.tools.io.ReportManager&amp#27;[m : Successfully created attachment "API Request - Specifications"
2023-01-22 22:09:05.971 &amp#27;[32m INFO&amp#27;[m &amp#27;[35m[@503 - main]&amp#27;[m &amp#27;[36mcom.shaft.tools.io.ReportManager&amp#27;[m : Successfully created attachment "API Request - Body"
2023-01-22 22:09:05.972 &amp#27;[32m INFO&amp#27;[m &amp#27;[35m[@503 - main]&amp#27;[m &amp#27;[36mcom.shaft.tools.io.ReportManager&amp#27;[m : Successfully created attachment "API Response - JSON Body"
2023-01-22 22:09:05.980 &amp#27;[32m INFO&amp#27;[m &amp#27;[35m[@503 - main]&amp#27;[m &amp#27;[36mcom.shaft.tools.io.ReportManager&amp#27;[m : File Action "DoesFileExist" successfully performed. With the following test data "File Path: "SteeringCompanyAPI_TestData/SteeringCompanyAPI_TestData.xlsx"".
2023-01-22 22:09:06.003 &amp#27;[32m INFO&amp#27;[m &amp#27;[35m[@503 - main]&amp#27;[m &amp#27;[36mcom.shaft.tools.io.ReportManager&amp#27;[m : Successfully created attachment "Test Data - Excel"
2023-01-22 22:09:06.003 &amp#27;[32m INFO&amp#27;[m &amp#27;[35m[@503 - main]&amp#27;[m &amp#27;[36mcom.shaft.tools.io.ReportManager&amp#27;[m : File Action "DoesFileExist" successfully performed. With the following test data "File Path: "SteeringCompanyAPI_TestData/SteeringCompanyAPI_TestData.xlsx"".
2023-01-22 22:09:06.024 &amp#27;[32m INFO&amp#27;[m &amp#27;[35m[@503 - main]&amp#27;[m &amp#27;[36mcom.shaft.tools.io.ReportManager&amp#27;[m : Successfully created attachment "Test Data - Excel"
2023-01-22 22:09:06.024 &amp#27;[32m INFO&amp#27;[m &amp#27;[35m[@503 - main]&amp#27;[m &amp#27;[36mcom.shaft.tools.io.ReportManager&amp#27;[m : File Action "DoesFileExist" successfully performed. With the following test data "File Path: "SteeringCompanyAPI_TestData/SteeringCompanyAPI_TestData.xlsx"".
2023-01-22 22:09:06.046 &amp#27;[32m INFO&amp#27;[m &amp#27;[35m[@503 - main]&amp#27;[m &amp#27;[36mcom.shaft.tools.io.ReportManager&amp#27;[m : Successfully created attachment "Test Data - Excel"
2023-01-22 22:09:06.904 &amp#27;[32m INFO&amp#27;[m &amp#27;[35m[@503 - main]&amp#27;[m &amp#27;[36mcom.shaft.tools.io.ReportManager&amp#27;[m : Response status code: "422", status line: "HTTP/1.1 422 "
2023-01-22 22:09:06.913 &amp#27;[32m INFO&amp#27;[m &amp#27;[35m[@503 - main]&amp#27;[m &amp#27;[36mcom.shaft.tools.io.ReportManager&amp#27;[m : Successfully created attachment "API Request - Specifications"
2023-01-22 22:09:06.916 &amp#27;[32m INFO&amp#27;[m &amp#27;[35m[@503 - main]&amp#27;[m &amp#27;[36mcom.shaft.tools.io.ReportManager&amp#27;[m : Successfully created attachment "API Request - JSON Body"
2023-01-22 22:09:06.917 &amp#27;[32m INFO&amp#27;[m &amp#27;[35m[@503 - main]&amp#27;[m &amp#27;[36mcom.shaft.tools.io.ReportManager&amp#27;[m : Successfully created attachment "API Response - JSON Body"
2023-01-22 22:09:06.917 &amp#27;[32m INFO&amp#27;[m &amp#27;[35m[@503 - main]&amp#27;[m &amp#27;[36mcom.shaft.tools.io.ReportManager&amp#27;[m : File Action "DoesFileExist" successfully performed. With the following test data "File Path: "Schemas/ValidationError_schema.json"".
2023-01-22 22:09:06.917 &amp#27;[32m INFO&amp#27;[m &amp#27;[35m[@503 - main]&amp#27;[m &amp#27;[36mcom.shaft.tools.io.ReportManager&amp#27;[m : File Action "DoesFileExist" successfully performed. With the following test data "File Path: "src/test/resources/testDataFiles/Schemas/ValidationError_schema.json"".
2023-01-22 22:09:06.917 &amp#27;[32m INFO&amp#27;[m &amp#27;[35m[@503 - main]&amp#27;[m &amp#27;[36mcom.shaft.tools.io.ReportManager&amp#27;[m : File Action "GetAbsolutePath" successfully performed. With the following test data "Relative Folder Path: "src/test/resources/testDataFiles/Schemas/ValidationError_schema.json"".
2023-01-22 22:09:06.920 &amp#27;[32m INFO&amp#27;[m &amp#27;[35m[@503 - main]&amp#27;[m &amp#27;[36mcom.shaft.tools.io.ReportManager&amp#27;[m : File Action "DoesFileExist" successfully performed. With the following test data "File Path: "C:\eclipse-workspace\MyProjects\TASystemsAPIs\src\test\resources\testDataFiles\Schemas\ValidationError_schema.json"".
2023-01-22 22:09:06.920 &amp#27;[32m INFO&amp#27;[m &amp#27;[35m[@503 - main]&amp#27;[m &amp#27;[36mcom.shaft.tools.io.ReportManager&amp#27;[m : File Action "GetAbsolutePath" successfully performed. With the following test data "Relative Folder Path: "C:\eclipse-workspace\MyProjects\TASystemsAPIs\src\test\resources\testDataFiles\Schemas\ValidationError_schema.json"".
2023-01-22 22:09:06.920 &amp#27;[32m INFO&amp#27;[m &amp#27;[35m[@503 - main]&amp#27;[m &amp#27;[36mcom.shaft.tools.io.ReportManager&amp#27;[m : File Action "ReadFile" successfully performed. With the following test data "File Path: "C:\eclipse-workspace\MyProjects\TASystemsAPIs\src\test\resources\testDataFiles\Schemas\ValidationError_schema.json"".
2023-01-22 22:09:06.921 &amp#27;[32m INFO&amp#27;[m &amp#27;[35m[@503 - main]&amp#27;[m &amp#27;[36mcom.shaft.tools.io.ReportManager&amp#27;[m : Successfully created attachment "Validation Test Data - Expected JSON Value"
2023-01-22 22:09:06.922 &amp#27;[32m INFO&amp#27;[m &amp#27;[35m[@503 - main]&amp#27;[m &amp#27;[36mcom.shaft.tools.io.ReportManager&amp#27;[m : Successfully created attachment "Validation Test Data - Actual JSON Value"
2023-01-22 22:09:06.923 &amp#27;[32m INFO&amp#27;[m &amp#27;[35m[@503 - main]&amp#27;[m &amp#27;[36mcom.shaft.tools.io.ReportManager&amp#27;[m : Successfully created attachment "SHAFT Engine Logs - Current Method log: Update_Policy_With_InValid_data_TC"
]]></system-out>
  </testcase>
  <testcase name="Update_Policy_With_InValid_data_TC[[Ljava.lang.Object;@4795a246](22)" classname="SteeringCompanyAPI_TestCases.Test_Policies_Cases" time="1.981">
    <system-out><![CDATA[2023-01-22 22:09:06.926 &amp#27;[32m INFO&amp#27;[m &amp#27;[35m[@534 - main]&amp#27;[m &amp#27;[36mcom.shaft.tools.io.ReportManager&amp#27;[m : 
################################################################################################################################################
Starting Execution:	"245 out of 83" test cases in the current suite
Test Method:		"SteeringCompanyAPI_TestCases.Test_Policies_Cases.Update_Policy_With_InValid_data_TC"
Test Description:	"TC053 -Policy- Perform Update Policy with InValid data"
################################################################################################################################################
2023-01-22 22:09:06.927 &amp#27;[32m INFO&amp#27;[m &amp#27;[35m[@503 - main]&amp#27;[m &amp#27;[36mcom.shaft.tools.io.ReportManager&amp#27;[m : File Action "DoesFileExist" successfully performed. With the following test data "File Path: "SteeringCompanyAPI_TestData/SteeringCompanyAPI_TestData.xlsx"".
2023-01-22 22:09:06.967 &amp#27;[32m INFO&amp#27;[m &amp#27;[35m[@503 - main]&amp#27;[m &amp#27;[36mcom.shaft.tools.io.ReportManager&amp#27;[m : Successfully created attachment "Test Data - Excel"
2023-01-22 22:09:07.851 &amp#27;[32m INFO&amp#27;[m &amp#27;[35m[@503 - main]&amp#27;[m &amp#27;[36mcom.shaft.tools.io.ReportManager&amp#27;[m : Response status code: "200", status line: "HTTP/1.1 200 OK"
2023-01-22 22:09:07.861 &amp#27;[32m INFO&amp#27;[m &amp#27;[35m[@503 - main]&amp#27;[m &amp#27;[36mcom.shaft.tools.io.ReportManager&amp#27;[m : Successfully created attachment "API Request - Specifications"
2023-01-22 22:09:07.863 &amp#27;[32m INFO&amp#27;[m &amp#27;[35m[@503 - main]&amp#27;[m &amp#27;[36mcom.shaft.tools.io.ReportManager&amp#27;[m : Successfully created attachment "API Request - Body"
2023-01-22 22:09:07.903 &amp#27;[32m INFO&amp#27;[m &amp#27;[35m[@503 - main]&amp#27;[m &amp#27;[36mcom.shaft.tools.io.ReportManager&amp#27;[m : Successfully created attachment "API Response - JSON Body"
2023-01-22 22:09:07.913 &amp#27;[32m INFO&amp#27;[m &amp#27;[35m[@503 - main]&amp#27;[m &amp#27;[36mcom.shaft.tools.io.ReportManager&amp#27;[m : File Action "DoesFileExist" successfully performed. With the following test data "File Path: "SteeringCompanyAPI_TestData/SteeringCompanyAPI_TestData.xlsx"".
2023-01-22 22:09:07.933 &amp#27;[32m INFO&amp#27;[m &amp#27;[35m[@503 - main]&amp#27;[m &amp#27;[36mcom.shaft.tools.io.ReportManager&amp#27;[m : Successfully created attachment "Test Data - Excel"
2023-01-22 22:09:07.933 &amp#27;[32m INFO&amp#27;[m &amp#27;[35m[@503 - main]&amp#27;[m &amp#27;[36mcom.shaft.tools.io.ReportManager&amp#27;[m : File Action "DoesFileExist" successfully performed. With the following test data "File Path: "SteeringCompanyAPI_TestData/SteeringCompanyAPI_TestData.xlsx"".
2023-01-22 22:09:07.957 &amp#27;[32m INFO&amp#27;[m &amp#27;[35m[@503 - main]&amp#27;[m &amp#27;[36mcom.shaft.tools.io.ReportManager&amp#27;[m : Successfully created attachment "Test Data - Excel"
2023-01-22 22:09:07.958 &amp#27;[32m INFO&amp#27;[m &amp#27;[35m[@503 - main]&amp#27;[m &amp#27;[36mcom.shaft.tools.io.ReportManager&amp#27;[m : File Action "DoesFileExist" successfully performed. With the following test data "File Path: "SteeringCompanyAPI_TestData/SteeringCompanyAPI_TestData.xlsx"".
2023-01-22 22:09:07.982 &amp#27;[32m INFO&amp#27;[m &amp#27;[35m[@503 - main]&amp#27;[m &amp#27;[36mcom.shaft.tools.io.ReportManager&amp#27;[m : Successfully created attachment "Test Data - Excel"
2023-01-22 22:09:08.842 &amp#27;[32m INFO&amp#27;[m &amp#27;[35m[@503 - main]&amp#27;[m &amp#27;[36mcom.shaft.tools.io.ReportManager&amp#27;[m : Response status code: "422", status line: "HTTP/1.1 422 "
2023-01-22 22:09:08.894 &amp#27;[32m INFO&amp#27;[m &amp#27;[35m[@503 - main]&amp#27;[m &amp#27;[36mcom.shaft.tools.io.ReportManager&amp#27;[m : Successfully created attachment "API Request - Specifications"
2023-01-22 22:09:08.896 &amp#27;[32m INFO&amp#27;[m &amp#27;[35m[@503 - main]&amp#27;[m &amp#27;[36mcom.shaft.tools.io.ReportManager&amp#27;[m : Successfully created attachment "API Request - JSON Body"
2023-01-22 22:09:08.897 &amp#27;[32m INFO&amp#27;[m &amp#27;[35m[@503 - main]&amp#27;[m &amp#27;[36mcom.shaft.tools.io.ReportManager&amp#27;[m : Successfully created attachment "API Response - JSON Body"
2023-01-22 22:09:08.897 &amp#27;[32m INFO&amp#27;[m &amp#27;[35m[@503 - main]&amp#27;[m &amp#27;[36mcom.shaft.tools.io.ReportManager&amp#27;[m : File Action "DoesFileExist" successfully performed. With the following test data "File Path: "Schemas/ValidationError_schema.json"".
2023-01-22 22:09:08.897 &amp#27;[32m INFO&amp#27;[m &amp#27;[35m[@503 - main]&amp#27;[m &amp#27;[36mcom.shaft.tools.io.ReportManager&amp#27;[m : File Action "DoesFileExist" successfully performed. With the following test data "File Path: "src/test/resources/testDataFiles/Schemas/ValidationError_schema.json"".
2023-01-22 22:09:08.898 &amp#27;[32m INFO&amp#27;[m &amp#27;[35m[@503 - main]&amp#27;[m &amp#27;[36mcom.shaft.tools.io.ReportManager&amp#27;[m : File Action "GetAbsolutePath" successfully performed. With the following test data "Relative Folder Path: "src/test/resources/testDataFiles/Schemas/ValidationError_schema.json"".
2023-01-22 22:09:08.899 &amp#27;[32m INFO&amp#27;[m &amp#27;[35m[@503 - main]&amp#27;[m &amp#27;[36mcom.shaft.tools.io.ReportManager&amp#27;[m : File Action "DoesFileExist" successfully performed. With the following test data "File Path: "C:\eclipse-workspace\MyProjects\TASystemsAPIs\src\test\resources\testDataFiles\Schemas\ValidationError_schema.json"".
2023-01-22 22:09:08.899 &amp#27;[32m INFO&amp#27;[m &amp#27;[35m[@503 - main]&amp#27;[m &amp#27;[36mcom.shaft.tools.io.ReportManager&amp#27;[m : File Action "GetAbsolutePath" successfully performed. With the following test data "Relative Folder Path: "C:\eclipse-workspace\MyProjects\TASystemsAPIs\src\test\resources\testDataFiles\Schemas\ValidationError_schema.json"".
2023-01-22 22:09:08.899 &amp#27;[32m INFO&amp#27;[m &amp#27;[35m[@503 - main]&amp#27;[m &amp#27;[36mcom.shaft.tools.io.ReportManager&amp#27;[m : File Action "ReadFile" successfully performed. With the following test data "File Path: "C:\eclipse-workspace\MyProjects\TASystemsAPIs\src\test\resources\testDataFiles\Schemas\ValidationError_schema.json"".
2023-01-22 22:09:08.900 &amp#27;[32m INFO&amp#27;[m &amp#27;[35m[@503 - main]&amp#27;[m &amp#27;[36mcom.shaft.tools.io.ReportManager&amp#27;[m : Successfully created attachment "Validation Test Data - Expected JSON Value"
2023-01-22 22:09:08.903 &amp#27;[32m INFO&amp#27;[m &amp#27;[35m[@503 - main]&amp#27;[m &amp#27;[36mcom.shaft.tools.io.ReportManager&amp#27;[m : Successfully created attachment "Validation Test Data - Actual JSON Value"
2023-01-22 22:09:08.904 &amp#27;[32m INFO&amp#27;[m &amp#27;[35m[@503 - main]&amp#27;[m &amp#27;[36mcom.shaft.tools.io.ReportManager&amp#27;[m : Successfully created attachment "SHAFT Engine Logs - Current Method log: Update_Policy_With_InValid_data_TC"
]]></system-out>
  </testcase>
  <testcase name="Update_Policy_With_InValid_data_TC[[Ljava.lang.Object;@34e2c318](23)" classname="SteeringCompanyAPI_TestCases.Test_Policies_Cases" time="2.053">
    <system-out><![CDATA[2023-01-22 22:09:08.906 &amp#27;[32m INFO&amp#27;[m &amp#27;[35m[@534 - main]&amp#27;[m &amp#27;[36mcom.shaft.tools.io.ReportManager&amp#27;[m : 
################################################################################################################################################
Starting Execution:	"246 out of 83" test cases in the current suite
Test Method:		"SteeringCompanyAPI_TestCases.Test_Policies_Cases.Update_Policy_With_InValid_data_TC"
Test Description:	"TC053 -Policy- Perform Update Policy with InValid data"
################################################################################################################################################
2023-01-22 22:09:08.907 &amp#27;[32m INFO&amp#27;[m &amp#27;[35m[@503 - main]&amp#27;[m &amp#27;[36mcom.shaft.tools.io.ReportManager&amp#27;[m : File Action "DoesFileExist" successfully performed. With the following test data "File Path: "SteeringCompanyAPI_TestData/SteeringCompanyAPI_TestData.xlsx"".
2023-01-22 22:09:08.927 &amp#27;[32m INFO&amp#27;[m &amp#27;[35m[@503 - main]&amp#27;[m &amp#27;[36mcom.shaft.tools.io.ReportManager&amp#27;[m : Successfully created attachment "Test Data - Excel"
2023-01-22 22:09:09.799 &amp#27;[32m INFO&amp#27;[m &amp#27;[35m[@503 - main]&amp#27;[m &amp#27;[36mcom.shaft.tools.io.ReportManager&amp#27;[m : Response status code: "200", status line: "HTTP/1.1 200 OK"
2023-01-22 22:09:09.810 &amp#27;[32m INFO&amp#27;[m &amp#27;[35m[@503 - main]&amp#27;[m &amp#27;[36mcom.shaft.tools.io.ReportManager&amp#27;[m : Successfully created attachment "API Request - Specifications"
2023-01-22 22:09:09.811 &amp#27;[32m INFO&amp#27;[m &amp#27;[35m[@503 - main]&amp#27;[m &amp#27;[36mcom.shaft.tools.io.ReportManager&amp#27;[m : Successfully created attachment "API Request - Body"
2023-01-22 22:09:09.813 &amp#27;[32m INFO&amp#27;[m &amp#27;[35m[@503 - main]&amp#27;[m &amp#27;[36mcom.shaft.tools.io.ReportManager&amp#27;[m : Successfully created attachment "API Response - JSON Body"
2023-01-22 22:09:09.820 &amp#27;[32m INFO&amp#27;[m &amp#27;[35m[@503 - main]&amp#27;[m &amp#27;[36mcom.shaft.tools.io.ReportManager&amp#27;[m : File Action "DoesFileExist" successfully performed. With the following test data "File Path: "SteeringCompanyAPI_TestData/SteeringCompanyAPI_TestData.xlsx"".
2023-01-22 22:09:09.843 &amp#27;[32m INFO&amp#27;[m &amp#27;[35m[@503 - main]&amp#27;[m &amp#27;[36mcom.shaft.tools.io.ReportManager&amp#27;[m : Successfully created attachment "Test Data - Excel"
2023-01-22 22:09:09.843 &amp#27;[32m INFO&amp#27;[m &amp#27;[35m[@503 - main]&amp#27;[m &amp#27;[36mcom.shaft.tools.io.ReportManager&amp#27;[m : File Action "DoesFileExist" successfully performed. With the following test data "File Path: "SteeringCompanyAPI_TestData/SteeringCompanyAPI_TestData.xlsx"".
2023-01-22 22:09:09.906 &amp#27;[32m INFO&amp#27;[m &amp#27;[35m[@503 - main]&amp#27;[m &amp#27;[36mcom.shaft.tools.io.ReportManager&amp#27;[m : Successfully created attachment "Test Data - Excel"
2023-01-22 22:09:09.907 &amp#27;[32m INFO&amp#27;[m &amp#27;[35m[@503 - main]&amp#27;[m &amp#27;[36mcom.shaft.tools.io.ReportManager&amp#27;[m : File Action "DoesFileExist" successfully performed. With the following test data "File Path: "SteeringCompanyAPI_TestData/SteeringCompanyAPI_TestData.xlsx"".
2023-01-22 22:09:09.930 &amp#27;[32m INFO&amp#27;[m &amp#27;[35m[@503 - main]&amp#27;[m &amp#27;[36mcom.shaft.tools.io.ReportManager&amp#27;[m : Successfully created attachment "Test Data - Excel"
2023-01-22 22:09:10.893 &amp#27;[32m INFO&amp#27;[m &amp#27;[35m[@503 - main]&amp#27;[m &amp#27;[36mcom.shaft.tools.io.ReportManager&amp#27;[m : Response status code: "422", status line: "HTTP/1.1 422 "
2023-01-22 22:09:10.904 &amp#27;[32m INFO&amp#27;[m &amp#27;[35m[@503 - main]&amp#27;[m &amp#27;[36mcom.shaft.tools.io.ReportManager&amp#27;[m : Successfully created attachment "API Request - Specifications"
2023-01-22 22:09:10.905 &amp#27;[32m INFO&amp#27;[m &amp#27;[35m[@503 - main]&amp#27;[m &amp#27;[36mcom.shaft.tools.io.ReportManager&amp#27;[m : Successfully created attachment "API Request - JSON Body"
2023-01-22 22:09:10.945 &amp#27;[32m INFO&amp#27;[m &amp#27;[35m[@503 - main]&amp#27;[m &amp#27;[36mcom.shaft.tools.io.ReportManager&amp#27;[m : Successfully created attachment "API Response - JSON Body"
2023-01-22 22:09:10.946 &amp#27;[32m INFO&amp#27;[m &amp#27;[35m[@503 - main]&amp#27;[m &amp#27;[36mcom.shaft.tools.io.ReportManager&amp#27;[m : File Action "DoesFileExist" successfully performed. With the following test data "File Path: "Schemas/ValidationError_schema.json"".
2023-01-22 22:09:10.947 &amp#27;[32m INFO&amp#27;[m &amp#27;[35m[@503 - main]&amp#27;[m &amp#27;[36mcom.shaft.tools.io.ReportManager&amp#27;[m : File Action "DoesFileExist" successfully performed. With the following test data "File Path: "src/test/resources/testDataFiles/Schemas/ValidationError_schema.json"".
2023-01-22 22:09:10.947 &amp#27;[32m INFO&amp#27;[m &amp#27;[35m[@503 - main]&amp#27;[m &amp#27;[36mcom.shaft.tools.io.ReportManager&amp#27;[m : File Action "GetAbsolutePath" successfully performed. With the following test data "Relative Folder Path: "src/test/resources/testDataFiles/Schemas/ValidationError_schema.json"".
2023-01-22 22:09:10.952 &amp#27;[32m INFO&amp#27;[m &amp#27;[35m[@503 - main]&amp#27;[m &amp#27;[36mcom.shaft.tools.io.ReportManager&amp#27;[m : File Action "DoesFileExist" successfully performed. With the following test data "File Path: "C:\eclipse-workspace\MyProjects\TASystemsAPIs\src\test\resources\testDataFiles\Schemas\ValidationError_schema.json"".
2023-01-22 22:09:10.952 &amp#27;[32m INFO&amp#27;[m &amp#27;[35m[@503 - main]&amp#27;[m &amp#27;[36mcom.shaft.tools.io.ReportManager&amp#27;[m : File Action "GetAbsolutePath" successfully performed. With the following test data "Relative Folder Path: "C:\eclipse-workspace\MyProjects\TASystemsAPIs\src\test\resources\testDataFiles\Schemas\ValidationError_schema.json"".
2023-01-22 22:09:10.952 &amp#27;[32m INFO&amp#27;[m &amp#27;[35m[@503 - main]&amp#27;[m &amp#27;[36mcom.shaft.tools.io.ReportManager&amp#27;[m : File Action "ReadFile" successfully performed. With the following test data "File Path: "C:\eclipse-workspace\MyProjects\TASystemsAPIs\src\test\resources\testDataFiles\Schemas\ValidationError_schema.json"".
2023-01-22 22:09:10.954 &amp#27;[32m INFO&amp#27;[m &amp#27;[35m[@503 - main]&amp#27;[m &amp#27;[36mcom.shaft.tools.io.ReportManager&amp#27;[m : Successfully created attachment "Validation Test Data - Expected JSON Value"
2023-01-22 22:09:10.956 &amp#27;[32m INFO&amp#27;[m &amp#27;[35m[@503 - main]&amp#27;[m &amp#27;[36mcom.shaft.tools.io.ReportManager&amp#27;[m : Successfully created attachment "Validation Test Data - Actual JSON Value"
2023-01-22 22:09:10.957 &amp#27;[32m INFO&amp#27;[m &amp#27;[35m[@503 - main]&amp#27;[m &amp#27;[36mcom.shaft.tools.io.ReportManager&amp#27;[m : Successfully created attachment "SHAFT Engine Logs - Current Method log: Update_Policy_With_InValid_data_TC"
]]></system-out>
  </testcase>
  <testcase name="Update_Policy_With_InValid_data_TC[[Ljava.lang.Object;@390e0734](24)" classname="SteeringCompanyAPI_TestCases.Test_Policies_Cases" time="1.937">
    <system-out><![CDATA[2023-01-22 22:09:10.961 &amp#27;[32m INFO&amp#27;[m &amp#27;[35m[@534 - main]&amp#27;[m &amp#27;[36mcom.shaft.tools.io.ReportManager&amp#27;[m : 
################################################################################################################################################
Starting Execution:	"247 out of 83" test cases in the current suite
Test Method:		"SteeringCompanyAPI_TestCases.Test_Policies_Cases.Update_Policy_With_InValid_data_TC"
Test Description:	"TC053 -Policy- Perform Update Policy with InValid data"
################################################################################################################################################
2023-01-22 22:09:10.961 &amp#27;[32m INFO&amp#27;[m &amp#27;[35m[@503 - main]&amp#27;[m &amp#27;[36mcom.shaft.tools.io.ReportManager&amp#27;[m : File Action "DoesFileExist" successfully performed. With the following test data "File Path: "SteeringCompanyAPI_TestData/SteeringCompanyAPI_TestData.xlsx"".
2023-01-22 22:09:10.992 &amp#27;[32m INFO&amp#27;[m &amp#27;[35m[@503 - main]&amp#27;[m &amp#27;[36mcom.shaft.tools.io.ReportManager&amp#27;[m : Successfully created attachment "Test Data - Excel"
2023-01-22 22:09:11.992 &amp#27;[32m INFO&amp#27;[m &amp#27;[35m[@503 - main]&amp#27;[m &amp#27;[36mcom.shaft.tools.io.ReportManager&amp#27;[m : Response status code: "200", status line: "HTTP/1.1 200 OK"
2023-01-22 22:09:12.000 &amp#27;[32m INFO&amp#27;[m &amp#27;[35m[@503 - main]&amp#27;[m &amp#27;[36mcom.shaft.tools.io.ReportManager&amp#27;[m : Successfully created attachment "API Request - Specifications"
2023-01-22 22:09:12.040 &amp#27;[32m INFO&amp#27;[m &amp#27;[35m[@503 - main]&amp#27;[m &amp#27;[36mcom.shaft.tools.io.ReportManager&amp#27;[m : Successfully created attachment "API Request - Body"
2023-01-22 22:09:12.041 &amp#27;[32m INFO&amp#27;[m &amp#27;[35m[@503 - main]&amp#27;[m &amp#27;[36mcom.shaft.tools.io.ReportManager&amp#27;[m : Successfully created attachment "API Response - JSON Body"
2023-01-22 22:09:12.048 &amp#27;[32m INFO&amp#27;[m &amp#27;[35m[@503 - main]&amp#27;[m &amp#27;[36mcom.shaft.tools.io.ReportManager&amp#27;[m : File Action "DoesFileExist" successfully performed. With the following test data "File Path: "SteeringCompanyAPI_TestData/SteeringCompanyAPI_TestData.xlsx"".
2023-01-22 22:09:12.080 &amp#27;[32m INFO&amp#27;[m &amp#27;[35m[@503 - main]&amp#27;[m &amp#27;[36mcom.shaft.tools.io.ReportManager&amp#27;[m : Successfully created attachment "Test Data - Excel"
2023-01-22 22:09:12.080 &amp#27;[32m INFO&amp#27;[m &amp#27;[35m[@503 - main]&amp#27;[m &amp#27;[36mcom.shaft.tools.io.ReportManager&amp#27;[m : File Action "DoesFileExist" successfully performed. With the following test data "File Path: "SteeringCompanyAPI_TestData/SteeringCompanyAPI_TestData.xlsx"".
2023-01-22 22:09:12.120 &amp#27;[32m INFO&amp#27;[m &amp#27;[35m[@503 - main]&amp#27;[m &amp#27;[36mcom.shaft.tools.io.ReportManager&amp#27;[m : Successfully created attachment "Test Data - Excel"
2023-01-22 22:09:12.120 &amp#27;[32m INFO&amp#27;[m &amp#27;[35m[@503 - main]&amp#27;[m &amp#27;[36mcom.shaft.tools.io.ReportManager&amp#27;[m : File Action "DoesFileExist" successfully performed. With the following test data "File Path: "SteeringCompanyAPI_TestData/SteeringCompanyAPI_TestData.xlsx"".
2023-01-22 22:09:12.146 &amp#27;[32m INFO&amp#27;[m &amp#27;[35m[@503 - main]&amp#27;[m &amp#27;[36mcom.shaft.tools.io.ReportManager&amp#27;[m : Successfully created attachment "Test Data - Excel"
2023-01-22 22:09:12.835 &amp#27;[32m INFO&amp#27;[m &amp#27;[35m[@503 - main]&amp#27;[m &amp#27;[36mcom.shaft.tools.io.ReportManager&amp#27;[m : Response status code: "422", status line: "HTTP/1.1 422 "
2023-01-22 22:09:12.844 &amp#27;[32m INFO&amp#27;[m &amp#27;[35m[@503 - main]&amp#27;[m &amp#27;[36mcom.shaft.tools.io.ReportManager&amp#27;[m : Successfully created attachment "API Request - Specifications"
2023-01-22 22:09:12.846 &amp#27;[32m INFO&amp#27;[m &amp#27;[35m[@503 - main]&amp#27;[m &amp#27;[36mcom.shaft.tools.io.ReportManager&amp#27;[m : Successfully created attachment "API Request - JSON Body"
2023-01-22 22:09:12.848 &amp#27;[32m INFO&amp#27;[m &amp#27;[35m[@503 - main]&amp#27;[m &amp#27;[36mcom.shaft.tools.io.ReportManager&amp#27;[m : Successfully created attachment "API Response - JSON Body"
2023-01-22 22:09:12.849 &amp#27;[32m INFO&amp#27;[m &amp#27;[35m[@503 - main]&amp#27;[m &amp#27;[36mcom.shaft.tools.io.ReportManager&amp#27;[m : File Action "DoesFileExist" successfully performed. With the following test data "File Path: "Schemas/ValidationError_schema.json"".
2023-01-22 22:09:12.849 &amp#27;[32m INFO&amp#27;[m &amp#27;[35m[@503 - main]&amp#27;[m &amp#27;[36mcom.shaft.tools.io.ReportManager&amp#27;[m : File Action "DoesFileExist" successfully performed. With the following test data "File Path: "src/test/resources/testDataFiles/Schemas/ValidationError_schema.json"".
2023-01-22 22:09:12.849 &amp#27;[32m INFO&amp#27;[m &amp#27;[35m[@503 - main]&amp#27;[m &amp#27;[36mcom.shaft.tools.io.ReportManager&amp#27;[m : File Action "GetAbsolutePath" successfully performed. With the following test data "Relative Folder Path: "src/test/resources/testDataFiles/Schemas/ValidationError_schema.json"".
2023-01-22 22:09:12.850 &amp#27;[32m INFO&amp#27;[m &amp#27;[35m[@503 - main]&amp#27;[m &amp#27;[36mcom.shaft.tools.io.ReportManager&amp#27;[m : File Action "DoesFileExist" successfully performed. With the following test data "File Path: "C:\eclipse-workspace\MyProjects\TASystemsAPIs\src\test\resources\testDataFiles\Schemas\ValidationError_schema.json"".
2023-01-22 22:09:12.851 &amp#27;[32m INFO&amp#27;[m &amp#27;[35m[@503 - main]&amp#27;[m &amp#27;[36mcom.shaft.tools.io.ReportManager&amp#27;[m : File Action "GetAbsolutePath" successfully performed. With the following test data "Relative Folder Path: "C:\eclipse-workspace\MyProjects\TASystemsAPIs\src\test\resources\testDataFiles\Schemas\ValidationError_schema.json"".
2023-01-22 22:09:12.851 &amp#27;[32m INFO&amp#27;[m &amp#27;[35m[@503 - main]&amp#27;[m &amp#27;[36mcom.shaft.tools.io.ReportManager&amp#27;[m : File Action "ReadFile" successfully performed. With the following test data "File Path: "C:\eclipse-workspace\MyProjects\TASystemsAPIs\src\test\resources\testDataFiles\Schemas\ValidationError_schema.json"".
2023-01-22 22:09:12.891 &amp#27;[32m INFO&amp#27;[m &amp#27;[35m[@503 - main]&amp#27;[m &amp#27;[36mcom.shaft.tools.io.ReportManager&amp#27;[m : Successfully created attachment "Validation Test Data - Expected JSON Value"
2023-01-22 22:09:12.893 &amp#27;[32m INFO&amp#27;[m &amp#27;[35m[@503 - main]&amp#27;[m &amp#27;[36mcom.shaft.tools.io.ReportManager&amp#27;[m : Successfully created attachment "Validation Test Data - Actual JSON Value"
2023-01-22 22:09:12.894 &amp#27;[32m INFO&amp#27;[m &amp#27;[35m[@503 - main]&amp#27;[m &amp#27;[36mcom.shaft.tools.io.ReportManager&amp#27;[m : Successfully created attachment "SHAFT Engine Logs - Current Method log: Update_Policy_With_InValid_data_TC"
]]></system-out>
  </testcase>
  <testcase name="Update_Policy_With_InValid_data_TC[[Ljava.lang.Object;@437292ee](25)" classname="SteeringCompanyAPI_TestCases.Test_Policies_Cases" time="1.846">
    <system-out><![CDATA[2023-01-22 22:09:12.899 &amp#27;[32m INFO&amp#27;[m &amp#27;[35m[@534 - main]&amp#27;[m &amp#27;[36mcom.shaft.tools.io.ReportManager&amp#27;[m : 
################################################################################################################################################
Starting Execution:	"248 out of 83" test cases in the current suite
Test Method:		"SteeringCompanyAPI_TestCases.Test_Policies_Cases.Update_Policy_With_InValid_data_TC"
Test Description:	"TC053 -Policy- Perform Update Policy with InValid data"
################################################################################################################################################
2023-01-22 22:09:12.899 &amp#27;[32m INFO&amp#27;[m &amp#27;[35m[@503 - main]&amp#27;[m &amp#27;[36mcom.shaft.tools.io.ReportManager&amp#27;[m : File Action "DoesFileExist" successfully performed. With the following test data "File Path: "SteeringCompanyAPI_TestData/SteeringCompanyAPI_TestData.xlsx"".
2023-01-22 22:09:12.919 &amp#27;[32m INFO&amp#27;[m &amp#27;[35m[@503 - main]&amp#27;[m &amp#27;[36mcom.shaft.tools.io.ReportManager&amp#27;[m : Successfully created attachment "Test Data - Excel"
2023-01-22 22:09:13.730 &amp#27;[32m INFO&amp#27;[m &amp#27;[35m[@503 - main]&amp#27;[m &amp#27;[36mcom.shaft.tools.io.ReportManager&amp#27;[m : Response status code: "200", status line: "HTTP/1.1 200 OK"
2023-01-22 22:09:13.741 &amp#27;[32m INFO&amp#27;[m &amp#27;[35m[@503 - main]&amp#27;[m &amp#27;[36mcom.shaft.tools.io.ReportManager&amp#27;[m : Successfully created attachment "API Request - Specifications"
2023-01-22 22:09:13.742 &amp#27;[32m INFO&amp#27;[m &amp#27;[35m[@503 - main]&amp#27;[m &amp#27;[36mcom.shaft.tools.io.ReportManager&amp#27;[m : Successfully created attachment "API Request - Body"
2023-01-22 22:09:13.745 &amp#27;[32m INFO&amp#27;[m &amp#27;[35m[@503 - main]&amp#27;[m &amp#27;[36mcom.shaft.tools.io.ReportManager&amp#27;[m : Successfully created attachment "API Response - JSON Body"
2023-01-22 22:09:13.751 &amp#27;[32m INFO&amp#27;[m &amp#27;[35m[@503 - main]&amp#27;[m &amp#27;[36mcom.shaft.tools.io.ReportManager&amp#27;[m : File Action "DoesFileExist" successfully performed. With the following test data "File Path: "SteeringCompanyAPI_TestData/SteeringCompanyAPI_TestData.xlsx"".
2023-01-22 22:09:13.770 &amp#27;[32m INFO&amp#27;[m &amp#27;[35m[@503 - main]&amp#27;[m &amp#27;[36mcom.shaft.tools.io.ReportManager&amp#27;[m : Successfully created attachment "Test Data - Excel"
2023-01-22 22:09:13.771 &amp#27;[32m INFO&amp#27;[m &amp#27;[35m[@503 - main]&amp#27;[m &amp#27;[36mcom.shaft.tools.io.ReportManager&amp#27;[m : File Action "DoesFileExist" successfully performed. With the following test data "File Path: "SteeringCompanyAPI_TestData/SteeringCompanyAPI_TestData.xlsx"".
2023-01-22 22:09:13.790 &amp#27;[32m INFO&amp#27;[m &amp#27;[35m[@503 - main]&amp#27;[m &amp#27;[36mcom.shaft.tools.io.ReportManager&amp#27;[m : Successfully created attachment "Test Data - Excel"
2023-01-22 22:09:13.791 &amp#27;[32m INFO&amp#27;[m &amp#27;[35m[@503 - main]&amp#27;[m &amp#27;[36mcom.shaft.tools.io.ReportManager&amp#27;[m : File Action "DoesFileExist" successfully performed. With the following test data "File Path: "SteeringCompanyAPI_TestData/SteeringCompanyAPI_TestData.xlsx"".
2023-01-22 22:09:13.814 &amp#27;[32m INFO&amp#27;[m &amp#27;[35m[@503 - main]&amp#27;[m &amp#27;[36mcom.shaft.tools.io.ReportManager&amp#27;[m : Successfully created attachment "Test Data - Excel"
2023-01-22 22:09:14.683 &amp#27;[32m INFO&amp#27;[m &amp#27;[35m[@503 - main]&amp#27;[m &amp#27;[36mcom.shaft.tools.io.ReportManager&amp#27;[m : Response status code: "422", status line: "HTTP/1.1 422 "
2023-01-22 22:09:14.732 &amp#27;[32m INFO&amp#27;[m &amp#27;[35m[@503 - main]&amp#27;[m &amp#27;[36mcom.shaft.tools.io.ReportManager&amp#27;[m : Successfully created attachment "API Request - Specifications"
2023-01-22 22:09:14.735 &amp#27;[32m INFO&amp#27;[m &amp#27;[35m[@503 - main]&amp#27;[m &amp#27;[36mcom.shaft.tools.io.ReportManager&amp#27;[m : Successfully created attachment "API Request - JSON Body"
2023-01-22 22:09:14.736 &amp#27;[32m INFO&amp#27;[m &amp#27;[35m[@503 - main]&amp#27;[m &amp#27;[36mcom.shaft.tools.io.ReportManager&amp#27;[m : Successfully created attachment "API Response - JSON Body"
2023-01-22 22:09:14.736 &amp#27;[32m INFO&amp#27;[m &amp#27;[35m[@503 - main]&amp#27;[m &amp#27;[36mcom.shaft.tools.io.ReportManager&amp#27;[m : File Action "DoesFileExist" successfully performed. With the following test data "File Path: "Schemas/ValidationError_schema.json"".
2023-01-22 22:09:14.736 &amp#27;[32m INFO&amp#27;[m &amp#27;[35m[@503 - main]&amp#27;[m &amp#27;[36mcom.shaft.tools.io.ReportManager&amp#27;[m : File Action "DoesFileExist" successfully performed. With the following test data "File Path: "src/test/resources/testDataFiles/Schemas/ValidationError_schema.json"".
2023-01-22 22:09:14.738 &amp#27;[32m INFO&amp#27;[m &amp#27;[35m[@503 - main]&amp#27;[m &amp#27;[36mcom.shaft.tools.io.ReportManager&amp#27;[m : File Action "GetAbsolutePath" successfully performed. With the following test data "Relative Folder Path: "src/test/resources/testDataFiles/Schemas/ValidationError_schema.json"".
2023-01-22 22:09:14.739 &amp#27;[32m INFO&amp#27;[m &amp#27;[35m[@503 - main]&amp#27;[m &amp#27;[36mcom.shaft.tools.io.ReportManager&amp#27;[m : File Action "DoesFileExist" successfully performed. With the following test data "File Path: "C:\eclipse-workspace\MyProjects\TASystemsAPIs\src\test\resources\testDataFiles\Schemas\ValidationError_schema.json"".
2023-01-22 22:09:14.739 &amp#27;[32m INFO&amp#27;[m &amp#27;[35m[@503 - main]&amp#27;[m &amp#27;[36mcom.shaft.tools.io.ReportManager&amp#27;[m : File Action "GetAbsolutePath" successfully performed. With the following test data "Relative Folder Path: "C:\eclipse-workspace\MyProjects\TASystemsAPIs\src\test\resources\testDataFiles\Schemas\ValidationError_schema.json"".
2023-01-22 22:09:14.740 &amp#27;[32m INFO&amp#27;[m &amp#27;[35m[@503 - main]&amp#27;[m &amp#27;[36mcom.shaft.tools.io.ReportManager&amp#27;[m : File Action "ReadFile" successfully performed. With the following test data "File Path: "C:\eclipse-workspace\MyProjects\TASystemsAPIs\src\test\resources\testDataFiles\Schemas\ValidationError_schema.json"".
2023-01-22 22:09:14.741 &amp#27;[32m INFO&amp#27;[m &amp#27;[35m[@503 - main]&amp#27;[m &amp#27;[36mcom.shaft.tools.io.ReportManager&amp#27;[m : Successfully created attachment "Validation Test Data - Expected JSON Value"
2023-01-22 22:09:14.742 &amp#27;[32m INFO&amp#27;[m &amp#27;[35m[@503 - main]&amp#27;[m &amp#27;[36mcom.shaft.tools.io.ReportManager&amp#27;[m : Successfully created attachment "Validation Test Data - Actual JSON Value"
2023-01-22 22:09:14.743 &amp#27;[32m INFO&amp#27;[m &amp#27;[35m[@503 - main]&amp#27;[m &amp#27;[36mcom.shaft.tools.io.ReportManager&amp#27;[m : Successfully created attachment "SHAFT Engine Logs - Current Method log: Update_Policy_With_InValid_data_TC"
]]></system-out>
  </testcase>
  <testcase name="Update_Policy_With_InValid_data_TC[[Ljava.lang.Object;@7109b9a8](26)" classname="SteeringCompanyAPI_TestCases.Test_Policies_Cases" time="1.844">
    <system-out><![CDATA[2023-01-22 22:09:14.745 &amp#27;[32m INFO&amp#27;[m &amp#27;[35m[@534 - main]&amp#27;[m &amp#27;[36mcom.shaft.tools.io.ReportManager&amp#27;[m : 
################################################################################################################################################
Starting Execution:	"249 out of 83" test cases in the current suite
Test Method:		"SteeringCompanyAPI_TestCases.Test_Policies_Cases.Update_Policy_With_InValid_data_TC"
Test Description:	"TC053 -Policy- Perform Update Policy with InValid data"
################################################################################################################################################
2023-01-22 22:09:14.746 &amp#27;[32m INFO&amp#27;[m &amp#27;[35m[@503 - main]&amp#27;[m &amp#27;[36mcom.shaft.tools.io.ReportManager&amp#27;[m : File Action "DoesFileExist" successfully performed. With the following test data "File Path: "SteeringCompanyAPI_TestData/SteeringCompanyAPI_TestData.xlsx"".
2023-01-22 22:09:14.767 &amp#27;[32m INFO&amp#27;[m &amp#27;[35m[@503 - main]&amp#27;[m &amp#27;[36mcom.shaft.tools.io.ReportManager&amp#27;[m : Successfully created attachment "Test Data - Excel"
2023-01-22 22:09:15.519 &amp#27;[32m INFO&amp#27;[m &amp#27;[35m[@503 - main]&amp#27;[m &amp#27;[36mcom.shaft.tools.io.ReportManager&amp#27;[m : Response status code: "200", status line: "HTTP/1.1 200 OK"
2023-01-22 22:09:15.531 &amp#27;[32m INFO&amp#27;[m &amp#27;[35m[@503 - main]&amp#27;[m &amp#27;[36mcom.shaft.tools.io.ReportManager&amp#27;[m : Successfully created attachment "API Request - Specifications"
2023-01-22 22:09:15.532 &amp#27;[32m INFO&amp#27;[m &amp#27;[35m[@503 - main]&amp#27;[m &amp#27;[36mcom.shaft.tools.io.ReportManager&amp#27;[m : Successfully created attachment "API Request - Body"
2023-01-22 22:09:15.533 &amp#27;[32m INFO&amp#27;[m &amp#27;[35m[@503 - main]&amp#27;[m &amp#27;[36mcom.shaft.tools.io.ReportManager&amp#27;[m : Successfully created attachment "API Response - JSON Body"
2023-01-22 22:09:15.546 &amp#27;[32m INFO&amp#27;[m &amp#27;[35m[@503 - main]&amp#27;[m &amp#27;[36mcom.shaft.tools.io.ReportManager&amp#27;[m : File Action "DoesFileExist" successfully performed. With the following test data "File Path: "SteeringCompanyAPI_TestData/SteeringCompanyAPI_TestData.xlsx"".
2023-01-22 22:09:15.614 &amp#27;[32m INFO&amp#27;[m &amp#27;[35m[@503 - main]&amp#27;[m &amp#27;[36mcom.shaft.tools.io.ReportManager&amp#27;[m : Successfully created attachment "Test Data - Excel"
2023-01-22 22:09:15.615 &amp#27;[32m INFO&amp#27;[m &amp#27;[35m[@503 - main]&amp#27;[m &amp#27;[36mcom.shaft.tools.io.ReportManager&amp#27;[m : File Action "DoesFileExist" successfully performed. With the following test data "File Path: "SteeringCompanyAPI_TestData/SteeringCompanyAPI_TestData.xlsx"".
2023-01-22 22:09:15.640 &amp#27;[32m INFO&amp#27;[m &amp#27;[35m[@503 - main]&amp#27;[m &amp#27;[36mcom.shaft.tools.io.ReportManager&amp#27;[m : Successfully created attachment "Test Data - Excel"
2023-01-22 22:09:15.641 &amp#27;[32m INFO&amp#27;[m &amp#27;[35m[@503 - main]&amp#27;[m &amp#27;[36mcom.shaft.tools.io.ReportManager&amp#27;[m : File Action "DoesFileExist" successfully performed. With the following test data "File Path: "SteeringCompanyAPI_TestData/SteeringCompanyAPI_TestData.xlsx"".
2023-01-22 22:09:15.670 &amp#27;[32m INFO&amp#27;[m &amp#27;[35m[@503 - main]&amp#27;[m &amp#27;[36mcom.shaft.tools.io.ReportManager&amp#27;[m : Successfully created attachment "Test Data - Excel"
2023-01-22 22:09:16.531 &amp#27;[32m INFO&amp#27;[m &amp#27;[35m[@503 - main]&amp#27;[m &amp#27;[36mcom.shaft.tools.io.ReportManager&amp#27;[m : Response status code: "422", status line: "HTTP/1.1 422 "
2023-01-22 22:09:16.542 &amp#27;[32m INFO&amp#27;[m &amp#27;[35m[@503 - main]&amp#27;[m &amp#27;[36mcom.shaft.tools.io.ReportManager&amp#27;[m : Successfully created attachment "API Request - Specifications"
2023-01-22 22:09:16.543 &amp#27;[32m INFO&amp#27;[m &amp#27;[35m[@503 - main]&amp#27;[m &amp#27;[36mcom.shaft.tools.io.ReportManager&amp#27;[m : Successfully created attachment "API Request - JSON Body"
2023-01-22 22:09:16.580 &amp#27;[32m INFO&amp#27;[m &amp#27;[35m[@503 - main]&amp#27;[m &amp#27;[36mcom.shaft.tools.io.ReportManager&amp#27;[m : Successfully created attachment "API Response - JSON Body"
2023-01-22 22:09:16.581 &amp#27;[32m INFO&amp#27;[m &amp#27;[35m[@503 - main]&amp#27;[m &amp#27;[36mcom.shaft.tools.io.ReportManager&amp#27;[m : File Action "DoesFileExist" successfully performed. With the following test data "File Path: "Schemas/ValidationError_schema.json"".
2023-01-22 22:09:16.581 &amp#27;[32m INFO&amp#27;[m &amp#27;[35m[@503 - main]&amp#27;[m &amp#27;[36mcom.shaft.tools.io.ReportManager&amp#27;[m : File Action "DoesFileExist" successfully performed. With the following test data "File Path: "src/test/resources/testDataFiles/Schemas/ValidationError_schema.json"".
2023-01-22 22:09:16.582 &amp#27;[32m INFO&amp#27;[m &amp#27;[35m[@503 - main]&amp#27;[m &amp#27;[36mcom.shaft.tools.io.ReportManager&amp#27;[m : File Action "GetAbsolutePath" successfully performed. With the following test data "Relative Folder Path: "src/test/resources/testDataFiles/Schemas/ValidationError_schema.json"".
2023-01-22 22:09:16.583 &amp#27;[32m INFO&amp#27;[m &amp#27;[35m[@503 - main]&amp#27;[m &amp#27;[36mcom.shaft.tools.io.ReportManager&amp#27;[m : File Action "DoesFileExist" successfully performed. With the following test data "File Path: "C:\eclipse-workspace\MyProjects\TASystemsAPIs\src\test\resources\testDataFiles\Schemas\ValidationError_schema.json"".
2023-01-22 22:09:16.583 &amp#27;[32m INFO&amp#27;[m &amp#27;[35m[@503 - main]&amp#27;[m &amp#27;[36mcom.shaft.tools.io.ReportManager&amp#27;[m : File Action "GetAbsolutePath" successfully performed. With the following test data "Relative Folder Path: "C:\eclipse-workspace\MyProjects\TASystemsAPIs\src\test\resources\testDataFiles\Schemas\ValidationError_schema.json"".
2023-01-22 22:09:16.583 &amp#27;[32m INFO&amp#27;[m &amp#27;[35m[@503 - main]&amp#27;[m &amp#27;[36mcom.shaft.tools.io.ReportManager&amp#27;[m : File Action "ReadFile" successfully performed. With the following test data "File Path: "C:\eclipse-workspace\MyProjects\TASystemsAPIs\src\test\resources\testDataFiles\Schemas\ValidationError_schema.json"".
2023-01-22 22:09:16.585 &amp#27;[32m INFO&amp#27;[m &amp#27;[35m[@503 - main]&amp#27;[m &amp#27;[36mcom.shaft.tools.io.ReportManager&amp#27;[m : Successfully created attachment "Validation Test Data - Expected JSON Value"
2023-01-22 22:09:16.585 &amp#27;[32m INFO&amp#27;[m &amp#27;[35m[@503 - main]&amp#27;[m &amp#27;[36mcom.shaft.tools.io.ReportManager&amp#27;[m : Successfully created attachment "Validation Test Data - Actual JSON Value"
2023-01-22 22:09:16.586 &amp#27;[32m INFO&amp#27;[m &amp#27;[35m[@503 - main]&amp#27;[m &amp#27;[36mcom.shaft.tools.io.ReportManager&amp#27;[m : Successfully created attachment "SHAFT Engine Logs - Current Method log: Update_Policy_With_InValid_data_TC"
]]></system-out>
  </testcase>
  <testcase name="Update_Policy_With_InValid_data_TC[[Ljava.lang.Object;@786dddfe](27)" classname="SteeringCompanyAPI_TestCases.Test_Policies_Cases" time="2.548">
    <system-out><![CDATA[2023-01-22 22:09:16.589 &amp#27;[32m INFO&amp#27;[m &amp#27;[35m[@534 - main]&amp#27;[m &amp#27;[36mcom.shaft.tools.io.ReportManager&amp#27;[m : 
################################################################################################################################################
Starting Execution:	"250 out of 83" test cases in the current suite
Test Method:		"SteeringCompanyAPI_TestCases.Test_Policies_Cases.Update_Policy_With_InValid_data_TC"
Test Description:	"TC053 -Policy- Perform Update Policy with InValid data"
################################################################################################################################################
2023-01-22 22:09:16.590 &amp#27;[32m INFO&amp#27;[m &amp#27;[35m[@503 - main]&amp#27;[m &amp#27;[36mcom.shaft.tools.io.ReportManager&amp#27;[m : File Action "DoesFileExist" successfully performed. With the following test data "File Path: "SteeringCompanyAPI_TestData/SteeringCompanyAPI_TestData.xlsx"".
2023-01-22 22:09:16.622 &amp#27;[32m INFO&amp#27;[m &amp#27;[35m[@503 - main]&amp#27;[m &amp#27;[36mcom.shaft.tools.io.ReportManager&amp#27;[m : Successfully created attachment "Test Data - Excel"
2023-01-22 22:09:18.049 &amp#27;[32m INFO&amp#27;[m &amp#27;[35m[@503 - main]&amp#27;[m &amp#27;[36mcom.shaft.tools.io.ReportManager&amp#27;[m : Response status code: "200", status line: "HTTP/1.1 200 OK"
2023-01-22 22:09:18.059 &amp#27;[32m INFO&amp#27;[m &amp#27;[35m[@503 - main]&amp#27;[m &amp#27;[36mcom.shaft.tools.io.ReportManager&amp#27;[m : Successfully created attachment "API Request - Specifications"
2023-01-22 22:09:18.098 &amp#27;[32m INFO&amp#27;[m &amp#27;[35m[@503 - main]&amp#27;[m &amp#27;[36mcom.shaft.tools.io.ReportManager&amp#27;[m : Successfully created attachment "API Request - Body"
2023-01-22 22:09:18.100 &amp#27;[32m INFO&amp#27;[m &amp#27;[35m[@503 - main]&amp#27;[m &amp#27;[36mcom.shaft.tools.io.ReportManager&amp#27;[m : Successfully created attachment "API Response - JSON Body"
2023-01-22 22:09:18.107 &amp#27;[32m INFO&amp#27;[m &amp#27;[35m[@503 - main]&amp#27;[m &amp#27;[36mcom.shaft.tools.io.ReportManager&amp#27;[m : File Action "DoesFileExist" successfully performed. With the following test data "File Path: "SteeringCompanyAPI_TestData/SteeringCompanyAPI_TestData.xlsx"".
2023-01-22 22:09:18.129 &amp#27;[32m INFO&amp#27;[m &amp#27;[35m[@503 - main]&amp#27;[m &amp#27;[36mcom.shaft.tools.io.ReportManager&amp#27;[m : Successfully created attachment "Test Data - Excel"
2023-01-22 22:09:18.129 &amp#27;[32m INFO&amp#27;[m &amp#27;[35m[@503 - main]&amp#27;[m &amp#27;[36mcom.shaft.tools.io.ReportManager&amp#27;[m : File Action "DoesFileExist" successfully performed. With the following test data "File Path: "SteeringCompanyAPI_TestData/SteeringCompanyAPI_TestData.xlsx"".
2023-01-22 22:09:18.149 &amp#27;[32m INFO&amp#27;[m &amp#27;[35m[@503 - main]&amp#27;[m &amp#27;[36mcom.shaft.tools.io.ReportManager&amp#27;[m : Successfully created attachment "Test Data - Excel"
2023-01-22 22:09:18.150 &amp#27;[32m INFO&amp#27;[m &amp#27;[35m[@503 - main]&amp#27;[m &amp#27;[36mcom.shaft.tools.io.ReportManager&amp#27;[m : File Action "DoesFileExist" successfully performed. With the following test data "File Path: "SteeringCompanyAPI_TestData/SteeringCompanyAPI_TestData.xlsx"".
2023-01-22 22:09:18.176 &amp#27;[32m INFO&amp#27;[m &amp#27;[35m[@503 - main]&amp#27;[m &amp#27;[36mcom.shaft.tools.io.ReportManager&amp#27;[m : Successfully created attachment "Test Data - Excel"
2023-01-22 22:09:19.113 &amp#27;[32m INFO&amp#27;[m &amp#27;[35m[@503 - main]&amp#27;[m &amp#27;[36mcom.shaft.tools.io.ReportManager&amp#27;[m : Response status code: "422", status line: "HTTP/1.1 422 "
2023-01-22 22:09:19.125 &amp#27;[32m INFO&amp#27;[m &amp#27;[35m[@503 - main]&amp#27;[m &amp#27;[36mcom.shaft.tools.io.ReportManager&amp#27;[m : Successfully created attachment "API Request - Specifications"
2023-01-22 22:09:19.126 &amp#27;[32m INFO&amp#27;[m &amp#27;[35m[@503 - main]&amp#27;[m &amp#27;[36mcom.shaft.tools.io.ReportManager&amp#27;[m : Successfully created attachment "API Request - JSON Body"
2023-01-22 22:09:19.127 &amp#27;[32m INFO&amp#27;[m &amp#27;[35m[@503 - main]&amp#27;[m &amp#27;[36mcom.shaft.tools.io.ReportManager&amp#27;[m : Successfully created attachment "API Response - JSON Body"
2023-01-22 22:09:19.127 &amp#27;[32m INFO&amp#27;[m &amp#27;[35m[@503 - main]&amp#27;[m &amp#27;[36mcom.shaft.tools.io.ReportManager&amp#27;[m : File Action "DoesFileExist" successfully performed. With the following test data "File Path: "Schemas/ValidationError_schema.json"".
2023-01-22 22:09:19.128 &amp#27;[32m INFO&amp#27;[m &amp#27;[35m[@503 - main]&amp#27;[m &amp#27;[36mcom.shaft.tools.io.ReportManager&amp#27;[m : File Action "DoesFileExist" successfully performed. With the following test data "File Path: "src/test/resources/testDataFiles/Schemas/ValidationError_schema.json"".
2023-01-22 22:09:19.128 &amp#27;[32m INFO&amp#27;[m &amp#27;[35m[@503 - main]&amp#27;[m &amp#27;[36mcom.shaft.tools.io.ReportManager&amp#27;[m : File Action "GetAbsolutePath" successfully performed. With the following test data "Relative Folder Path: "src/test/resources/testDataFiles/Schemas/ValidationError_schema.json"".
2023-01-22 22:09:19.130 &amp#27;[32m INFO&amp#27;[m &amp#27;[35m[@503 - main]&amp#27;[m &amp#27;[36mcom.shaft.tools.io.ReportManager&amp#27;[m : File Action "DoesFileExist" successfully performed. With the following test data "File Path: "C:\eclipse-workspace\MyProjects\TASystemsAPIs\src\test\resources\testDataFiles\Schemas\ValidationError_schema.json"".
2023-01-22 22:09:19.130 &amp#27;[32m INFO&amp#27;[m &amp#27;[35m[@503 - main]&amp#27;[m &amp#27;[36mcom.shaft.tools.io.ReportManager&amp#27;[m : File Action "GetAbsolutePath" successfully performed. With the following test data "Relative Folder Path: "C:\eclipse-workspace\MyProjects\TASystemsAPIs\src\test\resources\testDataFiles\Schemas\ValidationError_schema.json"".
2023-01-22 22:09:19.131 &amp#27;[32m INFO&amp#27;[m &amp#27;[35m[@503 - main]&amp#27;[m &amp#27;[36mcom.shaft.tools.io.ReportManager&amp#27;[m : File Action "ReadFile" successfully performed. With the following test data "File Path: "C:\eclipse-workspace\MyProjects\TASystemsAPIs\src\test\resources\testDataFiles\Schemas\ValidationError_schema.json"".
2023-01-22 22:09:19.133 &amp#27;[32m INFO&amp#27;[m &amp#27;[35m[@503 - main]&amp#27;[m &amp#27;[36mcom.shaft.tools.io.ReportManager&amp#27;[m : Successfully created attachment "Validation Test Data - Expected JSON Value"
2023-01-22 22:09:19.134 &amp#27;[32m INFO&amp#27;[m &amp#27;[35m[@503 - main]&amp#27;[m &amp#27;[36mcom.shaft.tools.io.ReportManager&amp#27;[m : Successfully created attachment "Validation Test Data - Actual JSON Value"
2023-01-22 22:09:19.135 &amp#27;[32m INFO&amp#27;[m &amp#27;[35m[@503 - main]&amp#27;[m &amp#27;[36mcom.shaft.tools.io.ReportManager&amp#27;[m : Successfully created attachment "SHAFT Engine Logs - Current Method log: Update_Policy_With_InValid_data_TC"
]]></system-out>
  </testcase>
  <testcase name="Update_Policy_With_InValid_data_TC[[Ljava.lang.Object;@6481052c](28)" classname="SteeringCompanyAPI_TestCases.Test_Policies_Cases" time="2.259">
    <system-out><![CDATA[2023-01-22 22:09:19.139 &amp#27;[32m INFO&amp#27;[m &amp#27;[35m[@534 - main]&amp#27;[m &amp#27;[36mcom.shaft.tools.io.ReportManager&amp#27;[m : 
################################################################################################################################################
Starting Execution:	"251 out of 83" test cases in the current suite
Test Method:		"SteeringCompanyAPI_TestCases.Test_Policies_Cases.Update_Policy_With_InValid_data_TC"
Test Description:	"TC053 -Policy- Perform Update Policy with InValid data"
################################################################################################################################################
2023-01-22 22:09:19.139 &amp#27;[32m INFO&amp#27;[m &amp#27;[35m[@503 - main]&amp#27;[m &amp#27;[36mcom.shaft.tools.io.ReportManager&amp#27;[m : File Action "DoesFileExist" successfully performed. With the following test data "File Path: "SteeringCompanyAPI_TestData/SteeringCompanyAPI_TestData.xlsx"".
2023-01-22 22:09:19.165 &amp#27;[32m INFO&amp#27;[m &amp#27;[35m[@503 - main]&amp#27;[m &amp#27;[36mcom.shaft.tools.io.ReportManager&amp#27;[m : Successfully created attachment "Test Data - Excel"
2023-01-22 22:09:20.075 &amp#27;[32m INFO&amp#27;[m &amp#27;[35m[@503 - main]&amp#27;[m &amp#27;[36mcom.shaft.tools.io.ReportManager&amp#27;[m : Response status code: "200", status line: "HTTP/1.1 200 OK"
2023-01-22 22:09:20.086 &amp#27;[32m INFO&amp#27;[m &amp#27;[35m[@503 - main]&amp#27;[m &amp#27;[36mcom.shaft.tools.io.ReportManager&amp#27;[m : Successfully created attachment "API Request - Specifications"
2023-01-22 22:09:20.087 &amp#27;[32m INFO&amp#27;[m &amp#27;[35m[@503 - main]&amp#27;[m &amp#27;[36mcom.shaft.tools.io.ReportManager&amp#27;[m : Successfully created attachment "API Request - Body"
2023-01-22 22:09:20.125 &amp#27;[32m INFO&amp#27;[m &amp#27;[35m[@503 - main]&amp#27;[m &amp#27;[36mcom.shaft.tools.io.ReportManager&amp#27;[m : Successfully created attachment "API Response - JSON Body"
2023-01-22 22:09:20.134 &amp#27;[32m INFO&amp#27;[m &amp#27;[35m[@503 - main]&amp#27;[m &amp#27;[36mcom.shaft.tools.io.ReportManager&amp#27;[m : File Action "DoesFileExist" successfully performed. With the following test data "File Path: "SteeringCompanyAPI_TestData/SteeringCompanyAPI_TestData.xlsx"".
2023-01-22 22:09:20.155 &amp#27;[32m INFO&amp#27;[m &amp#27;[35m[@503 - main]&amp#27;[m &amp#27;[36mcom.shaft.tools.io.ReportManager&amp#27;[m : Successfully created attachment "Test Data - Excel"
2023-01-22 22:09:20.156 &amp#27;[32m INFO&amp#27;[m &amp#27;[35m[@503 - main]&amp#27;[m &amp#27;[36mcom.shaft.tools.io.ReportManager&amp#27;[m : File Action "DoesFileExist" successfully performed. With the following test data "File Path: "SteeringCompanyAPI_TestData/SteeringCompanyAPI_TestData.xlsx"".
2023-01-22 22:09:20.178 &amp#27;[32m INFO&amp#27;[m &amp#27;[35m[@503 - main]&amp#27;[m &amp#27;[36mcom.shaft.tools.io.ReportManager&amp#27;[m : Successfully created attachment "Test Data - Excel"
2023-01-22 22:09:20.179 &amp#27;[32m INFO&amp#27;[m &amp#27;[35m[@503 - main]&amp#27;[m &amp#27;[36mcom.shaft.tools.io.ReportManager&amp#27;[m : File Action "DoesFileExist" successfully performed. With the following test data "File Path: "SteeringCompanyAPI_TestData/SteeringCompanyAPI_TestData.xlsx"".
2023-01-22 22:09:20.200 &amp#27;[32m INFO&amp#27;[m &amp#27;[35m[@503 - main]&amp#27;[m &amp#27;[36mcom.shaft.tools.io.ReportManager&amp#27;[m : Successfully created attachment "Test Data - Excel"
2023-01-22 22:09:21.337 &amp#27;[32m INFO&amp#27;[m &amp#27;[35m[@503 - main]&amp#27;[m &amp#27;[36mcom.shaft.tools.io.ReportManager&amp#27;[m : Response status code: "422", status line: "HTTP/1.1 422 "
2023-01-22 22:09:21.347 &amp#27;[32m INFO&amp#27;[m &amp#27;[35m[@503 - main]&amp#27;[m &amp#27;[36mcom.shaft.tools.io.ReportManager&amp#27;[m : Successfully created attachment "API Request - Specifications"
2023-01-22 22:09:21.349 &amp#27;[32m INFO&amp#27;[m &amp#27;[35m[@503 - main]&amp#27;[m &amp#27;[36mcom.shaft.tools.io.ReportManager&amp#27;[m : Successfully created attachment "API Request - JSON Body"
2023-01-22 22:09:21.350 &amp#27;[32m INFO&amp#27;[m &amp#27;[35m[@503 - main]&amp#27;[m &amp#27;[36mcom.shaft.tools.io.ReportManager&amp#27;[m : Successfully created attachment "API Response - JSON Body"
2023-01-22 22:09:21.351 &amp#27;[32m INFO&amp#27;[m &amp#27;[35m[@503 - main]&amp#27;[m &amp#27;[36mcom.shaft.tools.io.ReportManager&amp#27;[m : File Action "DoesFileExist" successfully performed. With the following test data "File Path: "Schemas/ValidationError_schema.json"".
2023-01-22 22:09:21.351 &amp#27;[32m INFO&amp#27;[m &amp#27;[35m[@503 - main]&amp#27;[m &amp#27;[36mcom.shaft.tools.io.ReportManager&amp#27;[m : File Action "DoesFileExist" successfully performed. With the following test data "File Path: "src/test/resources/testDataFiles/Schemas/ValidationError_schema.json"".
2023-01-22 22:09:21.351 &amp#27;[32m INFO&amp#27;[m &amp#27;[35m[@503 - main]&amp#27;[m &amp#27;[36mcom.shaft.tools.io.ReportManager&amp#27;[m : File Action "GetAbsolutePath" successfully performed. With the following test data "Relative Folder Path: "src/test/resources/testDataFiles/Schemas/ValidationError_schema.json"".
2023-01-22 22:09:21.353 &amp#27;[32m INFO&amp#27;[m &amp#27;[35m[@503 - main]&amp#27;[m &amp#27;[36mcom.shaft.tools.io.ReportManager&amp#27;[m : File Action "DoesFileExist" successfully performed. With the following test data "File Path: "C:\eclipse-workspace\MyProjects\TASystemsAPIs\src\test\resources\testDataFiles\Schemas\ValidationError_schema.json"".
2023-01-22 22:09:21.353 &amp#27;[32m INFO&amp#27;[m &amp#27;[35m[@503 - main]&amp#27;[m &amp#27;[36mcom.shaft.tools.io.ReportManager&amp#27;[m : File Action "GetAbsolutePath" successfully performed. With the following test data "Relative Folder Path: "C:\eclipse-workspace\MyProjects\TASystemsAPIs\src\test\resources\testDataFiles\Schemas\ValidationError_schema.json"".
2023-01-22 22:09:21.354 &amp#27;[32m INFO&amp#27;[m &amp#27;[35m[@503 - main]&amp#27;[m &amp#27;[36mcom.shaft.tools.io.ReportManager&amp#27;[m : File Action "ReadFile" successfully performed. With the following test data "File Path: "C:\eclipse-workspace\MyProjects\TASystemsAPIs\src\test\resources\testDataFiles\Schemas\ValidationError_schema.json"".
2023-01-22 22:09:21.390 &amp#27;[32m INFO&amp#27;[m &amp#27;[35m[@503 - main]&amp#27;[m &amp#27;[36mcom.shaft.tools.io.ReportManager&amp#27;[m : Successfully created attachment "Validation Test Data - Expected JSON Value"
2023-01-22 22:09:21.392 &amp#27;[32m INFO&amp#27;[m &amp#27;[35m[@503 - main]&amp#27;[m &amp#27;[36mcom.shaft.tools.io.ReportManager&amp#27;[m : Successfully created attachment "Validation Test Data - Actual JSON Value"
2023-01-22 22:09:21.393 &amp#27;[32m INFO&amp#27;[m &amp#27;[35m[@503 - main]&amp#27;[m &amp#27;[36mcom.shaft.tools.io.ReportManager&amp#27;[m : Successfully created attachment "SHAFT Engine Logs - Current Method log: Update_Policy_With_InValid_data_TC"
]]></system-out>
  </testcase>
  <testcase name="Update_Policy_With_InValid_data_TC[[Ljava.lang.Object;@6d32e614](29)" classname="SteeringCompanyAPI_TestCases.Test_Policies_Cases" time="2.149">
    <system-out><![CDATA[2023-01-22 22:09:21.397 &amp#27;[32m INFO&amp#27;[m &amp#27;[35m[@534 - main]&amp#27;[m &amp#27;[36mcom.shaft.tools.io.ReportManager&amp#27;[m : 
################################################################################################################################################
Starting Execution:	"252 out of 83" test cases in the current suite
Test Method:		"SteeringCompanyAPI_TestCases.Test_Policies_Cases.Update_Policy_With_InValid_data_TC"
Test Description:	"TC053 -Policy- Perform Update Policy with InValid data"
################################################################################################################################################
2023-01-22 22:09:21.397 &amp#27;[32m INFO&amp#27;[m &amp#27;[35m[@503 - main]&amp#27;[m &amp#27;[36mcom.shaft.tools.io.ReportManager&amp#27;[m : File Action "DoesFileExist" successfully performed. With the following test data "File Path: "SteeringCompanyAPI_TestData/SteeringCompanyAPI_TestData.xlsx"".
2023-01-22 22:09:21.419 &amp#27;[32m INFO&amp#27;[m &amp#27;[35m[@503 - main]&amp#27;[m &amp#27;[36mcom.shaft.tools.io.ReportManager&amp#27;[m : Successfully created attachment "Test Data - Excel"
2023-01-22 22:09:22.249 &amp#27;[32m INFO&amp#27;[m &amp#27;[35m[@503 - main]&amp#27;[m &amp#27;[36mcom.shaft.tools.io.ReportManager&amp#27;[m : Response status code: "200", status line: "HTTP/1.1 200 OK"
2023-01-22 22:09:22.260 &amp#27;[32m INFO&amp#27;[m &amp#27;[35m[@503 - main]&amp#27;[m &amp#27;[36mcom.shaft.tools.io.ReportManager&amp#27;[m : Successfully created attachment "API Request - Specifications"
2023-01-22 22:09:22.261 &amp#27;[32m INFO&amp#27;[m &amp#27;[35m[@503 - main]&amp#27;[m &amp#27;[36mcom.shaft.tools.io.ReportManager&amp#27;[m : Successfully created attachment "API Request - Body"
2023-01-22 22:09:22.301 &amp#27;[32m INFO&amp#27;[m &amp#27;[35m[@503 - main]&amp#27;[m &amp#27;[36mcom.shaft.tools.io.ReportManager&amp#27;[m : Successfully created attachment "API Response - JSON Body"
2023-01-22 22:09:22.308 &amp#27;[32m INFO&amp#27;[m &amp#27;[35m[@503 - main]&amp#27;[m &amp#27;[36mcom.shaft.tools.io.ReportManager&amp#27;[m : File Action "DoesFileExist" successfully performed. With the following test data "File Path: "SteeringCompanyAPI_TestData/SteeringCompanyAPI_TestData.xlsx"".
2023-01-22 22:09:22.330 &amp#27;[32m INFO&amp#27;[m &amp#27;[35m[@503 - main]&amp#27;[m &amp#27;[36mcom.shaft.tools.io.ReportManager&amp#27;[m : Successfully created attachment "Test Data - Excel"
2023-01-22 22:09:22.330 &amp#27;[32m INFO&amp#27;[m &amp#27;[35m[@503 - main]&amp#27;[m &amp#27;[36mcom.shaft.tools.io.ReportManager&amp#27;[m : File Action "DoesFileExist" successfully performed. With the following test data "File Path: "SteeringCompanyAPI_TestData/SteeringCompanyAPI_TestData.xlsx"".
2023-01-22 22:09:22.362 &amp#27;[32m INFO&amp#27;[m &amp#27;[35m[@503 - main]&amp#27;[m &amp#27;[36mcom.shaft.tools.io.ReportManager&amp#27;[m : Successfully created attachment "Test Data - Excel"
2023-01-22 22:09:22.363 &amp#27;[32m INFO&amp#27;[m &amp#27;[35m[@503 - main]&amp#27;[m &amp#27;[36mcom.shaft.tools.io.ReportManager&amp#27;[m : File Action "DoesFileExist" successfully performed. With the following test data "File Path: "SteeringCompanyAPI_TestData/SteeringCompanyAPI_TestData.xlsx"".
2023-01-22 22:09:22.386 &amp#27;[32m INFO&amp#27;[m &amp#27;[35m[@503 - main]&amp#27;[m &amp#27;[36mcom.shaft.tools.io.ReportManager&amp#27;[m : Successfully created attachment "Test Data - Excel"
2023-01-22 22:09:23.487 &amp#27;[32m INFO&amp#27;[m &amp#27;[35m[@503 - main]&amp#27;[m &amp#27;[36mcom.shaft.tools.io.ReportManager&amp#27;[m : Response status code: "422", status line: "HTTP/1.1 422 "
2023-01-22 22:09:23.534 &amp#27;[32m INFO&amp#27;[m &amp#27;[35m[@503 - main]&amp#27;[m &amp#27;[36mcom.shaft.tools.io.ReportManager&amp#27;[m : Successfully created attachment "API Request - Specifications"
2023-01-22 22:09:23.536 &amp#27;[32m INFO&amp#27;[m &amp#27;[35m[@503 - main]&amp#27;[m &amp#27;[36mcom.shaft.tools.io.ReportManager&amp#27;[m : Successfully created attachment "API Request - JSON Body"
2023-01-22 22:09:23.536 &amp#27;[32m INFO&amp#27;[m &amp#27;[35m[@503 - main]&amp#27;[m &amp#27;[36mcom.shaft.tools.io.ReportManager&amp#27;[m : Successfully created attachment "API Response - JSON Body"
2023-01-22 22:09:23.537 &amp#27;[32m INFO&amp#27;[m &amp#27;[35m[@503 - main]&amp#27;[m &amp#27;[36mcom.shaft.tools.io.ReportManager&amp#27;[m : File Action "DoesFileExist" successfully performed. With the following test data "File Path: "Schemas/ValidationError_schema.json"".
2023-01-22 22:09:23.537 &amp#27;[32m INFO&amp#27;[m &amp#27;[35m[@503 - main]&amp#27;[m &amp#27;[36mcom.shaft.tools.io.ReportManager&amp#27;[m : File Action "DoesFileExist" successfully performed. With the following test data "File Path: "src/test/resources/testDataFiles/Schemas/ValidationError_schema.json"".
2023-01-22 22:09:23.537 &amp#27;[32m INFO&amp#27;[m &amp#27;[35m[@503 - main]&amp#27;[m &amp#27;[36mcom.shaft.tools.io.ReportManager&amp#27;[m : File Action "GetAbsolutePath" successfully performed. With the following test data "Relative Folder Path: "src/test/resources/testDataFiles/Schemas/ValidationError_schema.json"".
2023-01-22 22:09:23.539 &amp#27;[32m INFO&amp#27;[m &amp#27;[35m[@503 - main]&amp#27;[m &amp#27;[36mcom.shaft.tools.io.ReportManager&amp#27;[m : File Action "DoesFileExist" successfully performed. With the following test data "File Path: "C:\eclipse-workspace\MyProjects\TASystemsAPIs\src\test\resources\testDataFiles\Schemas\ValidationError_schema.json"".
2023-01-22 22:09:23.539 &amp#27;[32m INFO&amp#27;[m &amp#27;[35m[@503 - main]&amp#27;[m &amp#27;[36mcom.shaft.tools.io.ReportManager&amp#27;[m : File Action "GetAbsolutePath" successfully performed. With the following test data "Relative Folder Path: "C:\eclipse-workspace\MyProjects\TASystemsAPIs\src\test\resources\testDataFiles\Schemas\ValidationError_schema.json"".
2023-01-22 22:09:23.539 &amp#27;[32m INFO&amp#27;[m &amp#27;[35m[@503 - main]&amp#27;[m &amp#27;[36mcom.shaft.tools.io.ReportManager&amp#27;[m : File Action "ReadFile" successfully performed. With the following test data "File Path: "C:\eclipse-workspace\MyProjects\TASystemsAPIs\src\test\resources\testDataFiles\Schemas\ValidationError_schema.json"".
2023-01-22 22:09:23.540 &amp#27;[32m INFO&amp#27;[m &amp#27;[35m[@503 - main]&amp#27;[m &amp#27;[36mcom.shaft.tools.io.ReportManager&amp#27;[m : Successfully created attachment "Validation Test Data - Expected JSON Value"
2023-01-22 22:09:23.542 &amp#27;[32m INFO&amp#27;[m &amp#27;[35m[@503 - main]&amp#27;[m &amp#27;[36mcom.shaft.tools.io.ReportManager&amp#27;[m : Successfully created attachment "Validation Test Data - Actual JSON Value"
2023-01-22 22:09:23.543 &amp#27;[32m INFO&amp#27;[m &amp#27;[35m[@503 - main]&amp#27;[m &amp#27;[36mcom.shaft.tools.io.ReportManager&amp#27;[m : Successfully created attachment "SHAFT Engine Logs - Current Method log: Update_Policy_With_InValid_data_TC"
]]></system-out>
  </testcase>
  <testcase name="Update_Policy_With_InValid_data_TC[[Ljava.lang.Object;@34048487](30)" classname="SteeringCompanyAPI_TestCases.Test_Policies_Cases" time="2.42">
    <system-out><![CDATA[2023-01-22 22:09:23.546 &amp#27;[32m INFO&amp#27;[m &amp#27;[35m[@534 - main]&amp#27;[m &amp#27;[36mcom.shaft.tools.io.ReportManager&amp#27;[m : 
################################################################################################################################################
Starting Execution:	"253 out of 83" test cases in the current suite
Test Method:		"SteeringCompanyAPI_TestCases.Test_Policies_Cases.Update_Policy_With_InValid_data_TC"
Test Description:	"TC053 -Policy- Perform Update Policy with InValid data"
################################################################################################################################################
2023-01-22 22:09:23.546 &amp#27;[32m INFO&amp#27;[m &amp#27;[35m[@503 - main]&amp#27;[m &amp#27;[36mcom.shaft.tools.io.ReportManager&amp#27;[m : File Action "DoesFileExist" successfully performed. With the following test data "File Path: "SteeringCompanyAPI_TestData/SteeringCompanyAPI_TestData.xlsx"".
2023-01-22 22:09:23.569 &amp#27;[32m INFO&amp#27;[m &amp#27;[35m[@503 - main]&amp#27;[m &amp#27;[36mcom.shaft.tools.io.ReportManager&amp#27;[m : Successfully created attachment "Test Data - Excel"
2023-01-22 22:09:24.485 &amp#27;[32m INFO&amp#27;[m &amp#27;[35m[@503 - main]&amp#27;[m &amp#27;[36mcom.shaft.tools.io.ReportManager&amp#27;[m : Response status code: "200", status line: "HTTP/1.1 200 OK"
2023-01-22 22:09:24.494 &amp#27;[32m INFO&amp#27;[m &amp#27;[35m[@503 - main]&amp#27;[m &amp#27;[36mcom.shaft.tools.io.ReportManager&amp#27;[m : Successfully created attachment "API Request - Specifications"
2023-01-22 22:09:24.495 &amp#27;[32m INFO&amp#27;[m &amp#27;[35m[@503 - main]&amp#27;[m &amp#27;[36mcom.shaft.tools.io.ReportManager&amp#27;[m : Successfully created attachment "API Request - Body"
2023-01-22 22:09:24.496 &amp#27;[32m INFO&amp#27;[m &amp#27;[35m[@503 - main]&amp#27;[m &amp#27;[36mcom.shaft.tools.io.ReportManager&amp#27;[m : Successfully created attachment "API Response - JSON Body"
2023-01-22 22:09:24.503 &amp#27;[32m INFO&amp#27;[m &amp#27;[35m[@503 - main]&amp#27;[m &amp#27;[36mcom.shaft.tools.io.ReportManager&amp#27;[m : File Action "DoesFileExist" successfully performed. With the following test data "File Path: "SteeringCompanyAPI_TestData/SteeringCompanyAPI_TestData.xlsx"".
2023-01-22 22:09:24.561 &amp#27;[32m INFO&amp#27;[m &amp#27;[35m[@503 - main]&amp#27;[m &amp#27;[36mcom.shaft.tools.io.ReportManager&amp#27;[m : Successfully created attachment "Test Data - Excel"
2023-01-22 22:09:24.562 &amp#27;[32m INFO&amp#27;[m &amp#27;[35m[@503 - main]&amp#27;[m &amp#27;[36mcom.shaft.tools.io.ReportManager&amp#27;[m : File Action "DoesFileExist" successfully performed. With the following test data "File Path: "SteeringCompanyAPI_TestData/SteeringCompanyAPI_TestData.xlsx"".
2023-01-22 22:09:24.586 &amp#27;[32m INFO&amp#27;[m &amp#27;[35m[@503 - main]&amp#27;[m &amp#27;[36mcom.shaft.tools.io.ReportManager&amp#27;[m : Successfully created attachment "Test Data - Excel"
2023-01-22 22:09:24.586 &amp#27;[32m INFO&amp#27;[m &amp#27;[35m[@503 - main]&amp#27;[m &amp#27;[36mcom.shaft.tools.io.ReportManager&amp#27;[m : File Action "DoesFileExist" successfully performed. With the following test data "File Path: "SteeringCompanyAPI_TestData/SteeringCompanyAPI_TestData.xlsx"".
2023-01-22 22:09:24.605 &amp#27;[32m INFO&amp#27;[m &amp#27;[35m[@503 - main]&amp#27;[m &amp#27;[36mcom.shaft.tools.io.ReportManager&amp#27;[m : Successfully created attachment "Test Data - Excel"
2023-01-22 22:09:25.942 &amp#27;[32m INFO&amp#27;[m &amp#27;[35m[@503 - main]&amp#27;[m &amp#27;[36mcom.shaft.tools.io.ReportManager&amp#27;[m : Response status code: "422", status line: "HTTP/1.1 422 "
2023-01-22 22:09:25.953 &amp#27;[32m INFO&amp#27;[m &amp#27;[35m[@503 - main]&amp#27;[m &amp#27;[36mcom.shaft.tools.io.ReportManager&amp#27;[m : Successfully created attachment "API Request - Specifications"
2023-01-22 22:09:25.954 &amp#27;[32m INFO&amp#27;[m &amp#27;[35m[@503 - main]&amp#27;[m &amp#27;[36mcom.shaft.tools.io.ReportManager&amp#27;[m : Successfully created attachment "API Request - JSON Body"
2023-01-22 22:09:25.955 &amp#27;[32m INFO&amp#27;[m &amp#27;[35m[@503 - main]&amp#27;[m &amp#27;[36mcom.shaft.tools.io.ReportManager&amp#27;[m : Successfully created attachment "API Response - JSON Body"
2023-01-22 22:09:25.956 &amp#27;[32m INFO&amp#27;[m &amp#27;[35m[@503 - main]&amp#27;[m &amp#27;[36mcom.shaft.tools.io.ReportManager&amp#27;[m : File Action "DoesFileExist" successfully performed. With the following test data "File Path: "Schemas/ValidationError_schema.json"".
2023-01-22 22:09:25.956 &amp#27;[32m INFO&amp#27;[m &amp#27;[35m[@503 - main]&amp#27;[m &amp#27;[36mcom.shaft.tools.io.ReportManager&amp#27;[m : File Action "DoesFileExist" successfully performed. With the following test data "File Path: "src/test/resources/testDataFiles/Schemas/ValidationError_schema.json"".
2023-01-22 22:09:25.956 &amp#27;[32m INFO&amp#27;[m &amp#27;[35m[@503 - main]&amp#27;[m &amp#27;[36mcom.shaft.tools.io.ReportManager&amp#27;[m : File Action "GetAbsolutePath" successfully performed. With the following test data "Relative Folder Path: "src/test/resources/testDataFiles/Schemas/ValidationError_schema.json"".
2023-01-22 22:09:25.959 &amp#27;[32m INFO&amp#27;[m &amp#27;[35m[@503 - main]&amp#27;[m &amp#27;[36mcom.shaft.tools.io.ReportManager&amp#27;[m : File Action "DoesFileExist" successfully performed. With the following test data "File Path: "C:\eclipse-workspace\MyProjects\TASystemsAPIs\src\test\resources\testDataFiles\Schemas\ValidationError_schema.json"".
2023-01-22 22:09:25.959 &amp#27;[32m INFO&amp#27;[m &amp#27;[35m[@503 - main]&amp#27;[m &amp#27;[36mcom.shaft.tools.io.ReportManager&amp#27;[m : File Action "GetAbsolutePath" successfully performed. With the following test data "Relative Folder Path: "C:\eclipse-workspace\MyProjects\TASystemsAPIs\src\test\resources\testDataFiles\Schemas\ValidationError_schema.json"".
2023-01-22 22:09:25.959 &amp#27;[32m INFO&amp#27;[m &amp#27;[35m[@503 - main]&amp#27;[m &amp#27;[36mcom.shaft.tools.io.ReportManager&amp#27;[m : File Action "ReadFile" successfully performed. With the following test data "File Path: "C:\eclipse-workspace\MyProjects\TASystemsAPIs\src\test\resources\testDataFiles\Schemas\ValidationError_schema.json"".
2023-01-22 22:09:25.961 &amp#27;[32m INFO&amp#27;[m &amp#27;[35m[@503 - main]&amp#27;[m &amp#27;[36mcom.shaft.tools.io.ReportManager&amp#27;[m : Successfully created attachment "Validation Test Data - Expected JSON Value"
2023-01-22 22:09:25.962 &amp#27;[32m INFO&amp#27;[m &amp#27;[35m[@503 - main]&amp#27;[m &amp#27;[36mcom.shaft.tools.io.ReportManager&amp#27;[m : Successfully created attachment "Validation Test Data - Actual JSON Value"
2023-01-22 22:09:25.963 &amp#27;[32m INFO&amp#27;[m &amp#27;[35m[@503 - main]&amp#27;[m &amp#27;[36mcom.shaft.tools.io.ReportManager&amp#27;[m : Successfully created attachment "SHAFT Engine Logs - Current Method log: Update_Policy_With_InValid_data_TC"
]]></system-out>
  </testcase>
  <testcase name="Update_Policy_With_InValid_data_TC[[Ljava.lang.Object;@4224c538](31)" classname="SteeringCompanyAPI_TestCases.Test_Policies_Cases" time="6.177">
    <system-out><![CDATA[2023-01-22 22:09:25.968 &amp#27;[32m INFO&amp#27;[m &amp#27;[35m[@534 - main]&amp#27;[m &amp#27;[36mcom.shaft.tools.io.ReportManager&amp#27;[m : 
################################################################################################################################################
Starting Execution:	"254 out of 83" test cases in the current suite
Test Method:		"SteeringCompanyAPI_TestCases.Test_Policies_Cases.Update_Policy_With_InValid_data_TC"
Test Description:	"TC053 -Policy- Perform Update Policy with InValid data"
################################################################################################################################################
2023-01-22 22:09:25.968 &amp#27;[32m INFO&amp#27;[m &amp#27;[35m[@503 - main]&amp#27;[m &amp#27;[36mcom.shaft.tools.io.ReportManager&amp#27;[m : File Action "DoesFileExist" successfully performed. With the following test data "File Path: "SteeringCompanyAPI_TestData/SteeringCompanyAPI_TestData.xlsx"".
2023-01-22 22:09:25.999 &amp#27;[32m INFO&amp#27;[m &amp#27;[35m[@503 - main]&amp#27;[m &amp#27;[36mcom.shaft.tools.io.ReportManager&amp#27;[m : Successfully created attachment "Test Data - Excel"
2023-01-22 22:09:30.960 &amp#27;[32m INFO&amp#27;[m &amp#27;[35m[@503 - main]&amp#27;[m &amp#27;[36mcom.shaft.tools.io.ReportManager&amp#27;[m : Response status code: "200", status line: "HTTP/1.1 200 OK"
2023-01-22 22:09:30.971 &amp#27;[32m INFO&amp#27;[m &amp#27;[35m[@503 - main]&amp#27;[m &amp#27;[36mcom.shaft.tools.io.ReportManager&amp#27;[m : Successfully created attachment "API Request - Specifications"
2023-01-22 22:09:31.012 &amp#27;[32m INFO&amp#27;[m &amp#27;[35m[@503 - main]&amp#27;[m &amp#27;[36mcom.shaft.tools.io.ReportManager&amp#27;[m : Successfully created attachment "API Request - Body"
2023-01-22 22:09:31.013 &amp#27;[32m INFO&amp#27;[m &amp#27;[35m[@503 - main]&amp#27;[m &amp#27;[36mcom.shaft.tools.io.ReportManager&amp#27;[m : Successfully created attachment "API Response - JSON Body"
2023-01-22 22:09:31.020 &amp#27;[32m INFO&amp#27;[m &amp#27;[35m[@503 - main]&amp#27;[m &amp#27;[36mcom.shaft.tools.io.ReportManager&amp#27;[m : File Action "DoesFileExist" successfully performed. With the following test data "File Path: "SteeringCompanyAPI_TestData/SteeringCompanyAPI_TestData.xlsx"".
2023-01-22 22:09:31.043 &amp#27;[32m INFO&amp#27;[m &amp#27;[35m[@503 - main]&amp#27;[m &amp#27;[36mcom.shaft.tools.io.ReportManager&amp#27;[m : Successfully created attachment "Test Data - Excel"
2023-01-22 22:09:31.043 &amp#27;[32m INFO&amp#27;[m &amp#27;[35m[@503 - main]&amp#27;[m &amp#27;[36mcom.shaft.tools.io.ReportManager&amp#27;[m : File Action "DoesFileExist" successfully performed. With the following test data "File Path: "SteeringCompanyAPI_TestData/SteeringCompanyAPI_TestData.xlsx"".
2023-01-22 22:09:31.068 &amp#27;[32m INFO&amp#27;[m &amp#27;[35m[@503 - main]&amp#27;[m &amp#27;[36mcom.shaft.tools.io.ReportManager&amp#27;[m : Successfully created attachment "Test Data - Excel"
2023-01-22 22:09:31.068 &amp#27;[32m INFO&amp#27;[m &amp#27;[35m[@503 - main]&amp#27;[m &amp#27;[36mcom.shaft.tools.io.ReportManager&amp#27;[m : File Action "DoesFileExist" successfully performed. With the following test data "File Path: "SteeringCompanyAPI_TestData/SteeringCompanyAPI_TestData.xlsx"".
2023-01-22 22:09:31.090 &amp#27;[32m INFO&amp#27;[m &amp#27;[35m[@503 - main]&amp#27;[m &amp#27;[36mcom.shaft.tools.io.ReportManager&amp#27;[m : Successfully created attachment "Test Data - Excel"
2023-01-22 22:09:32.086 &amp#27;[32m INFO&amp#27;[m &amp#27;[35m[@503 - main]&amp#27;[m &amp#27;[36mcom.shaft.tools.io.ReportManager&amp#27;[m : Response status code: "422", status line: "HTTP/1.1 422 "
2023-01-22 22:09:32.095 &amp#27;[32m INFO&amp#27;[m &amp#27;[35m[@503 - main]&amp#27;[m &amp#27;[36mcom.shaft.tools.io.ReportManager&amp#27;[m : Successfully created attachment "API Request - Specifications"
2023-01-22 22:09:32.095 &amp#27;[32m INFO&amp#27;[m &amp#27;[35m[@503 - main]&amp#27;[m &amp#27;[36mcom.shaft.tools.io.ReportManager&amp#27;[m : Successfully created attachment "API Request - JSON Body"
2023-01-22 22:09:32.096 &amp#27;[32m INFO&amp#27;[m &amp#27;[35m[@503 - main]&amp#27;[m &amp#27;[36mcom.shaft.tools.io.ReportManager&amp#27;[m : Successfully created attachment "API Response - JSON Body"
2023-01-22 22:09:32.097 &amp#27;[32m INFO&amp#27;[m &amp#27;[35m[@503 - main]&amp#27;[m &amp#27;[36mcom.shaft.tools.io.ReportManager&amp#27;[m : File Action "DoesFileExist" successfully performed. With the following test data "File Path: "Schemas/ValidationError_schema.json"".
2023-01-22 22:09:32.097 &amp#27;[32m INFO&amp#27;[m &amp#27;[35m[@503 - main]&amp#27;[m &amp#27;[36mcom.shaft.tools.io.ReportManager&amp#27;[m : File Action "DoesFileExist" successfully performed. With the following test data "File Path: "src/test/resources/testDataFiles/Schemas/ValidationError_schema.json"".
2023-01-22 22:09:32.097 &amp#27;[32m INFO&amp#27;[m &amp#27;[35m[@503 - main]&amp#27;[m &amp#27;[36mcom.shaft.tools.io.ReportManager&amp#27;[m : File Action "GetAbsolutePath" successfully performed. With the following test data "Relative Folder Path: "src/test/resources/testDataFiles/Schemas/ValidationError_schema.json"".
2023-01-22 22:09:32.100 &amp#27;[32m INFO&amp#27;[m &amp#27;[35m[@503 - main]&amp#27;[m &amp#27;[36mcom.shaft.tools.io.ReportManager&amp#27;[m : File Action "DoesFileExist" successfully performed. With the following test data "File Path: "C:\eclipse-workspace\MyProjects\TASystemsAPIs\src\test\resources\testDataFiles\Schemas\ValidationError_schema.json"".
2023-01-22 22:09:32.100 &amp#27;[32m INFO&amp#27;[m &amp#27;[35m[@503 - main]&amp#27;[m &amp#27;[36mcom.shaft.tools.io.ReportManager&amp#27;[m : File Action "GetAbsolutePath" successfully performed. With the following test data "Relative Folder Path: "C:\eclipse-workspace\MyProjects\TASystemsAPIs\src\test\resources\testDataFiles\Schemas\ValidationError_schema.json"".
2023-01-22 22:09:32.100 &amp#27;[32m INFO&amp#27;[m &amp#27;[35m[@503 - main]&amp#27;[m &amp#27;[36mcom.shaft.tools.io.ReportManager&amp#27;[m : File Action "ReadFile" successfully performed. With the following test data "File Path: "C:\eclipse-workspace\MyProjects\TASystemsAPIs\src\test\resources\testDataFiles\Schemas\ValidationError_schema.json"".
2023-01-22 22:09:32.138 &amp#27;[32m INFO&amp#27;[m &amp#27;[35m[@503 - main]&amp#27;[m &amp#27;[36mcom.shaft.tools.io.ReportManager&amp#27;[m : Successfully created attachment "Validation Test Data - Expected JSON Value"
2023-01-22 22:09:32.139 &amp#27;[32m INFO&amp#27;[m &amp#27;[35m[@503 - main]&amp#27;[m &amp#27;[36mcom.shaft.tools.io.ReportManager&amp#27;[m : Successfully created attachment "Validation Test Data - Actual JSON Value"
2023-01-22 22:09:32.140 &amp#27;[32m INFO&amp#27;[m &amp#27;[35m[@503 - main]&amp#27;[m &amp#27;[36mcom.shaft.tools.io.ReportManager&amp#27;[m : Successfully created attachment "SHAFT Engine Logs - Current Method log: Update_Policy_With_InValid_data_TC"
]]></system-out>
  </testcase>
  <testcase name="Update_Policy_With_InValid_data_TC[[Ljava.lang.Object;@5c7ffd02](32)" classname="SteeringCompanyAPI_TestCases.Test_Policies_Cases" time="1.972">
    <system-out><![CDATA[2023-01-22 22:09:32.144 &amp#27;[32m INFO&amp#27;[m &amp#27;[35m[@534 - main]&amp#27;[m &amp#27;[36mcom.shaft.tools.io.ReportManager&amp#27;[m : 
################################################################################################################################################
Starting Execution:	"255 out of 83" test cases in the current suite
Test Method:		"SteeringCompanyAPI_TestCases.Test_Policies_Cases.Update_Policy_With_InValid_data_TC"
Test Description:	"TC053 -Policy- Perform Update Policy with InValid data"
################################################################################################################################################
2023-01-22 22:09:32.144 &amp#27;[32m INFO&amp#27;[m &amp#27;[35m[@503 - main]&amp#27;[m &amp#27;[36mcom.shaft.tools.io.ReportManager&amp#27;[m : File Action "DoesFileExist" successfully performed. With the following test data "File Path: "SteeringCompanyAPI_TestData/SteeringCompanyAPI_TestData.xlsx"".
2023-01-22 22:09:32.173 &amp#27;[32m INFO&amp#27;[m &amp#27;[35m[@503 - main]&amp#27;[m &amp#27;[36mcom.shaft.tools.io.ReportManager&amp#27;[m : Successfully created attachment "Test Data - Excel"
2023-01-22 22:09:33.027 &amp#27;[32m INFO&amp#27;[m &amp#27;[35m[@503 - main]&amp#27;[m &amp#27;[36mcom.shaft.tools.io.ReportManager&amp#27;[m : Response status code: "200", status line: "HTTP/1.1 200 OK"
2023-01-22 22:09:33.036 &amp#27;[32m INFO&amp#27;[m &amp#27;[35m[@503 - main]&amp#27;[m &amp#27;[36mcom.shaft.tools.io.ReportManager&amp#27;[m : Successfully created attachment "API Request - Specifications"
2023-01-22 22:09:33.075 &amp#27;[32m INFO&amp#27;[m &amp#27;[35m[@503 - main]&amp#27;[m &amp#27;[36mcom.shaft.tools.io.ReportManager&amp#27;[m : Successfully created attachment "API Request - Body"
2023-01-22 22:09:33.077 &amp#27;[32m INFO&amp#27;[m &amp#27;[35m[@503 - main]&amp#27;[m &amp#27;[36mcom.shaft.tools.io.ReportManager&amp#27;[m : Successfully created attachment "API Response - JSON Body"
2023-01-22 22:09:33.085 &amp#27;[32m INFO&amp#27;[m &amp#27;[35m[@503 - main]&amp#27;[m &amp#27;[36mcom.shaft.tools.io.ReportManager&amp#27;[m : File Action "DoesFileExist" successfully performed. With the following test data "File Path: "SteeringCompanyAPI_TestData/SteeringCompanyAPI_TestData.xlsx"".
2023-01-22 22:09:33.107 &amp#27;[32m INFO&amp#27;[m &amp#27;[35m[@503 - main]&amp#27;[m &amp#27;[36mcom.shaft.tools.io.ReportManager&amp#27;[m : Successfully created attachment "Test Data - Excel"
2023-01-22 22:09:33.107 &amp#27;[32m INFO&amp#27;[m &amp#27;[35m[@503 - main]&amp#27;[m &amp#27;[36mcom.shaft.tools.io.ReportManager&amp#27;[m : File Action "DoesFileExist" successfully performed. With the following test data "File Path: "SteeringCompanyAPI_TestData/SteeringCompanyAPI_TestData.xlsx"".
2023-01-22 22:09:33.131 &amp#27;[32m INFO&amp#27;[m &amp#27;[35m[@503 - main]&amp#27;[m &amp#27;[36mcom.shaft.tools.io.ReportManager&amp#27;[m : Successfully created attachment "Test Data - Excel"
2023-01-22 22:09:33.132 &amp#27;[32m INFO&amp#27;[m &amp#27;[35m[@503 - main]&amp#27;[m &amp#27;[36mcom.shaft.tools.io.ReportManager&amp#27;[m : File Action "DoesFileExist" successfully performed. With the following test data "File Path: "SteeringCompanyAPI_TestData/SteeringCompanyAPI_TestData.xlsx"".
2023-01-22 22:09:33.157 &amp#27;[32m INFO&amp#27;[m &amp#27;[35m[@503 - main]&amp#27;[m &amp#27;[36mcom.shaft.tools.io.ReportManager&amp#27;[m : Successfully created attachment "Test Data - Excel"
2023-01-22 22:09:34.052 &amp#27;[32m INFO&amp#27;[m &amp#27;[35m[@503 - main]&amp#27;[m &amp#27;[36mcom.shaft.tools.io.ReportManager&amp#27;[m : Response status code: "422", status line: "HTTP/1.1 422 "
2023-01-22 22:09:34.062 &amp#27;[32m INFO&amp#27;[m &amp#27;[35m[@503 - main]&amp#27;[m &amp#27;[36mcom.shaft.tools.io.ReportManager&amp#27;[m : Successfully created attachment "API Request - Specifications"
2023-01-22 22:09:34.063 &amp#27;[32m INFO&amp#27;[m &amp#27;[35m[@503 - main]&amp#27;[m &amp#27;[36mcom.shaft.tools.io.ReportManager&amp#27;[m : Successfully created attachment "API Request - JSON Body"
2023-01-22 22:09:34.064 &amp#27;[32m INFO&amp#27;[m &amp#27;[35m[@503 - main]&amp#27;[m &amp#27;[36mcom.shaft.tools.io.ReportManager&amp#27;[m : Successfully created attachment "API Response - JSON Body"
2023-01-22 22:09:34.065 &amp#27;[32m INFO&amp#27;[m &amp#27;[35m[@503 - main]&amp#27;[m &amp#27;[36mcom.shaft.tools.io.ReportManager&amp#27;[m : File Action "DoesFileExist" successfully performed. With the following test data "File Path: "Schemas/ValidationError_schema.json"".
2023-01-22 22:09:34.065 &amp#27;[32m INFO&amp#27;[m &amp#27;[35m[@503 - main]&amp#27;[m &amp#27;[36mcom.shaft.tools.io.ReportManager&amp#27;[m : File Action "DoesFileExist" successfully performed. With the following test data "File Path: "src/test/resources/testDataFiles/Schemas/ValidationError_schema.json"".
2023-01-22 22:09:34.065 &amp#27;[32m INFO&amp#27;[m &amp#27;[35m[@503 - main]&amp#27;[m &amp#27;[36mcom.shaft.tools.io.ReportManager&amp#27;[m : File Action "GetAbsolutePath" successfully performed. With the following test data "Relative Folder Path: "src/test/resources/testDataFiles/Schemas/ValidationError_schema.json"".
2023-01-22 22:09:34.067 &amp#27;[32m INFO&amp#27;[m &amp#27;[35m[@503 - main]&amp#27;[m &amp#27;[36mcom.shaft.tools.io.ReportManager&amp#27;[m : File Action "DoesFileExist" successfully performed. With the following test data "File Path: "C:\eclipse-workspace\MyProjects\TASystemsAPIs\src\test\resources\testDataFiles\Schemas\ValidationError_schema.json"".
2023-01-22 22:09:34.068 &amp#27;[32m INFO&amp#27;[m &amp#27;[35m[@503 - main]&amp#27;[m &amp#27;[36mcom.shaft.tools.io.ReportManager&amp#27;[m : File Action "GetAbsolutePath" successfully performed. With the following test data "Relative Folder Path: "C:\eclipse-workspace\MyProjects\TASystemsAPIs\src\test\resources\testDataFiles\Schemas\ValidationError_schema.json"".
2023-01-22 22:09:34.068 &amp#27;[32m INFO&amp#27;[m &amp#27;[35m[@503 - main]&amp#27;[m &amp#27;[36mcom.shaft.tools.io.ReportManager&amp#27;[m : File Action "ReadFile" successfully performed. With the following test data "File Path: "C:\eclipse-workspace\MyProjects\TASystemsAPIs\src\test\resources\testDataFiles\Schemas\ValidationError_schema.json"".
2023-01-22 22:09:34.109 &amp#27;[32m INFO&amp#27;[m &amp#27;[35m[@503 - main]&amp#27;[m &amp#27;[36mcom.shaft.tools.io.ReportManager&amp#27;[m : Successfully created attachment "Validation Test Data - Expected JSON Value"
2023-01-22 22:09:34.112 &amp#27;[32m INFO&amp#27;[m &amp#27;[35m[@503 - main]&amp#27;[m &amp#27;[36mcom.shaft.tools.io.ReportManager&amp#27;[m : Successfully created attachment "Validation Test Data - Actual JSON Value"
2023-01-22 22:09:34.114 &amp#27;[32m INFO&amp#27;[m &amp#27;[35m[@503 - main]&amp#27;[m &amp#27;[36mcom.shaft.tools.io.ReportManager&amp#27;[m : Successfully created attachment "SHAFT Engine Logs - Current Method log: Update_Policy_With_InValid_data_TC"
]]></system-out>
  </testcase>
  <testcase name="Update_Policy_With_InValid_data_TC[[Ljava.lang.Object;@37826b4c](33)" classname="SteeringCompanyAPI_TestCases.Test_Policies_Cases" time="5.928">
    <system-out><![CDATA[2023-01-22 22:09:34.117 &amp#27;[32m INFO&amp#27;[m &amp#27;[35m[@534 - main]&amp#27;[m &amp#27;[36mcom.shaft.tools.io.ReportManager&amp#27;[m : 
################################################################################################################################################
Starting Execution:	"256 out of 83" test cases in the current suite
Test Method:		"SteeringCompanyAPI_TestCases.Test_Policies_Cases.Update_Policy_With_InValid_data_TC"
Test Description:	"TC053 -Policy- Perform Update Policy with InValid data"
################################################################################################################################################
2023-01-22 22:09:34.117 &amp#27;[32m INFO&amp#27;[m &amp#27;[35m[@503 - main]&amp#27;[m &amp#27;[36mcom.shaft.tools.io.ReportManager&amp#27;[m : File Action "DoesFileExist" successfully performed. With the following test data "File Path: "SteeringCompanyAPI_TestData/SteeringCompanyAPI_TestData.xlsx"".
2023-01-22 22:09:34.144 &amp#27;[32m INFO&amp#27;[m &amp#27;[35m[@503 - main]&amp#27;[m &amp#27;[36mcom.shaft.tools.io.ReportManager&amp#27;[m : Successfully created attachment "Test Data - Excel"
2023-01-22 22:09:38.026 &amp#27;[32m INFO&amp#27;[m &amp#27;[35m[@503 - main]&amp#27;[m &amp#27;[36mcom.shaft.tools.io.ReportManager&amp#27;[m : Response status code: "200", status line: "HTTP/1.1 200 OK"
2023-01-22 22:09:38.035 &amp#27;[32m INFO&amp#27;[m &amp#27;[35m[@503 - main]&amp#27;[m &amp#27;[36mcom.shaft.tools.io.ReportManager&amp#27;[m : Successfully created attachment "API Request - Specifications"
2023-01-22 22:09:38.035 &amp#27;[32m INFO&amp#27;[m &amp#27;[35m[@503 - main]&amp#27;[m &amp#27;[36mcom.shaft.tools.io.ReportManager&amp#27;[m : Successfully created attachment "API Request - Body"
2023-01-22 22:09:38.073 &amp#27;[32m INFO&amp#27;[m &amp#27;[35m[@503 - main]&amp#27;[m &amp#27;[36mcom.shaft.tools.io.ReportManager&amp#27;[m : Successfully created attachment "API Response - JSON Body"
2023-01-22 22:09:38.080 &amp#27;[32m INFO&amp#27;[m &amp#27;[35m[@503 - main]&amp#27;[m &amp#27;[36mcom.shaft.tools.io.ReportManager&amp#27;[m : File Action "DoesFileExist" successfully performed. With the following test data "File Path: "SteeringCompanyAPI_TestData/SteeringCompanyAPI_TestData.xlsx"".
2023-01-22 22:09:38.100 &amp#27;[32m INFO&amp#27;[m &amp#27;[35m[@503 - main]&amp#27;[m &amp#27;[36mcom.shaft.tools.io.ReportManager&amp#27;[m : Successfully created attachment "Test Data - Excel"
2023-01-22 22:09:38.101 &amp#27;[32m INFO&amp#27;[m &amp#27;[35m[@503 - main]&amp#27;[m &amp#27;[36mcom.shaft.tools.io.ReportManager&amp#27;[m : File Action "DoesFileExist" successfully performed. With the following test data "File Path: "SteeringCompanyAPI_TestData/SteeringCompanyAPI_TestData.xlsx"".
2023-01-22 22:09:38.122 &amp#27;[32m INFO&amp#27;[m &amp#27;[35m[@503 - main]&amp#27;[m &amp#27;[36mcom.shaft.tools.io.ReportManager&amp#27;[m : Successfully created attachment "Test Data - Excel"
2023-01-22 22:09:38.123 &amp#27;[32m INFO&amp#27;[m &amp#27;[35m[@503 - main]&amp#27;[m &amp#27;[36mcom.shaft.tools.io.ReportManager&amp#27;[m : File Action "DoesFileExist" successfully performed. With the following test data "File Path: "SteeringCompanyAPI_TestData/SteeringCompanyAPI_TestData.xlsx"".
2023-01-22 22:09:38.146 &amp#27;[32m INFO&amp#27;[m &amp#27;[35m[@503 - main]&amp#27;[m &amp#27;[36mcom.shaft.tools.io.ReportManager&amp#27;[m : Successfully created attachment "Test Data - Excel"
2023-01-22 22:09:39.974 &amp#27;[32m INFO&amp#27;[m &amp#27;[35m[@503 - main]&amp#27;[m &amp#27;[36mcom.shaft.tools.io.ReportManager&amp#27;[m : Response status code: "422", status line: "HTTP/1.1 422 "
2023-01-22 22:09:39.988 &amp#27;[32m INFO&amp#27;[m &amp#27;[35m[@503 - main]&amp#27;[m &amp#27;[36mcom.shaft.tools.io.ReportManager&amp#27;[m : Successfully created attachment "API Request - Specifications"
2023-01-22 22:09:40.029 &amp#27;[32m INFO&amp#27;[m &amp#27;[35m[@503 - main]&amp#27;[m &amp#27;[36mcom.shaft.tools.io.ReportManager&amp#27;[m : Successfully created attachment "API Request - JSON Body"
2023-01-22 22:09:40.030 &amp#27;[32m INFO&amp#27;[m &amp#27;[35m[@503 - main]&amp#27;[m &amp#27;[36mcom.shaft.tools.io.ReportManager&amp#27;[m : Successfully created attachment "API Response - JSON Body"
2023-01-22 22:09:40.033 &amp#27;[32m INFO&amp#27;[m &amp#27;[35m[@503 - main]&amp#27;[m &amp#27;[36mcom.shaft.tools.io.ReportManager&amp#27;[m : File Action "DoesFileExist" successfully performed. With the following test data "File Path: "Schemas/ValidationError_schema.json"".
2023-01-22 22:09:40.033 &amp#27;[32m INFO&amp#27;[m &amp#27;[35m[@503 - main]&amp#27;[m &amp#27;[36mcom.shaft.tools.io.ReportManager&amp#27;[m : File Action "DoesFileExist" successfully performed. With the following test data "File Path: "src/test/resources/testDataFiles/Schemas/ValidationError_schema.json"".
2023-01-22 22:09:40.033 &amp#27;[32m INFO&amp#27;[m &amp#27;[35m[@503 - main]&amp#27;[m &amp#27;[36mcom.shaft.tools.io.ReportManager&amp#27;[m : File Action "GetAbsolutePath" successfully performed. With the following test data "Relative Folder Path: "src/test/resources/testDataFiles/Schemas/ValidationError_schema.json"".
2023-01-22 22:09:40.036 &amp#27;[32m INFO&amp#27;[m &amp#27;[35m[@503 - main]&amp#27;[m &amp#27;[36mcom.shaft.tools.io.ReportManager&amp#27;[m : File Action "DoesFileExist" successfully performed. With the following test data "File Path: "C:\eclipse-workspace\MyProjects\TASystemsAPIs\src\test\resources\testDataFiles\Schemas\ValidationError_schema.json"".
2023-01-22 22:09:40.036 &amp#27;[32m INFO&amp#27;[m &amp#27;[35m[@503 - main]&amp#27;[m &amp#27;[36mcom.shaft.tools.io.ReportManager&amp#27;[m : File Action "GetAbsolutePath" successfully performed. With the following test data "Relative Folder Path: "C:\eclipse-workspace\MyProjects\TASystemsAPIs\src\test\resources\testDataFiles\Schemas\ValidationError_schema.json"".
2023-01-22 22:09:40.036 &amp#27;[32m INFO&amp#27;[m &amp#27;[35m[@503 - main]&amp#27;[m &amp#27;[36mcom.shaft.tools.io.ReportManager&amp#27;[m : File Action "ReadFile" successfully performed. With the following test data "File Path: "C:\eclipse-workspace\MyProjects\TASystemsAPIs\src\test\resources\testDataFiles\Schemas\ValidationError_schema.json"".
2023-01-22 22:09:40.038 &amp#27;[32m INFO&amp#27;[m &amp#27;[35m[@503 - main]&amp#27;[m &amp#27;[36mcom.shaft.tools.io.ReportManager&amp#27;[m : Successfully created attachment "Validation Test Data - Expected JSON Value"
2023-01-22 22:09:40.039 &amp#27;[32m INFO&amp#27;[m &amp#27;[35m[@503 - main]&amp#27;[m &amp#27;[36mcom.shaft.tools.io.ReportManager&amp#27;[m : Successfully created attachment "Validation Test Data - Actual JSON Value"
2023-01-22 22:09:40.040 &amp#27;[32m INFO&amp#27;[m &amp#27;[35m[@503 - main]&amp#27;[m &amp#27;[36mcom.shaft.tools.io.ReportManager&amp#27;[m : Successfully created attachment "SHAFT Engine Logs - Current Method log: Update_Policy_With_InValid_data_TC"
]]></system-out>
  </testcase>
  <testcase name="Update_Policy_With_InValid_data_TC[[Ljava.lang.Object;@29eb4c20](34)" classname="SteeringCompanyAPI_TestCases.Test_Policies_Cases" time="2.448">
    <system-out><![CDATA[2023-01-22 22:09:40.044 &amp#27;[32m INFO&amp#27;[m &amp#27;[35m[@534 - main]&amp#27;[m &amp#27;[36mcom.shaft.tools.io.ReportManager&amp#27;[m : 
################################################################################################################################################
Starting Execution:	"257 out of 83" test cases in the current suite
Test Method:		"SteeringCompanyAPI_TestCases.Test_Policies_Cases.Update_Policy_With_InValid_data_TC"
Test Description:	"TC053 -Policy- Perform Update Policy with InValid data"
################################################################################################################################################
2023-01-22 22:09:40.044 &amp#27;[32m INFO&amp#27;[m &amp#27;[35m[@503 - main]&amp#27;[m &amp#27;[36mcom.shaft.tools.io.ReportManager&amp#27;[m : File Action "DoesFileExist" successfully performed. With the following test data "File Path: "SteeringCompanyAPI_TestData/SteeringCompanyAPI_TestData.xlsx"".
2023-01-22 22:09:40.068 &amp#27;[32m INFO&amp#27;[m &amp#27;[35m[@503 - main]&amp#27;[m &amp#27;[36mcom.shaft.tools.io.ReportManager&amp#27;[m : Successfully created attachment "Test Data - Excel"
2023-01-22 22:09:41.448 &amp#27;[32m INFO&amp#27;[m &amp#27;[35m[@503 - main]&amp#27;[m &amp#27;[36mcom.shaft.tools.io.ReportManager&amp#27;[m : Response status code: "200", status line: "HTTP/1.1 200 OK"
2023-01-22 22:09:41.512 &amp#27;[32m INFO&amp#27;[m &amp#27;[35m[@503 - main]&amp#27;[m &amp#27;[36mcom.shaft.tools.io.ReportManager&amp#27;[m : Successfully created attachment "API Request - Specifications"
2023-01-22 22:09:41.513 &amp#27;[32m INFO&amp#27;[m &amp#27;[35m[@503 - main]&amp#27;[m &amp#27;[36mcom.shaft.tools.io.ReportManager&amp#27;[m : Successfully created attachment "API Request - Body"
2023-01-22 22:09:41.514 &amp#27;[32m INFO&amp#27;[m &amp#27;[35m[@503 - main]&amp#27;[m &amp#27;[36mcom.shaft.tools.io.ReportManager&amp#27;[m : Successfully created attachment "API Response - JSON Body"
2023-01-22 22:09:41.534 &amp#27;[32m INFO&amp#27;[m &amp#27;[35m[@503 - main]&amp#27;[m &amp#27;[36mcom.shaft.tools.io.ReportManager&amp#27;[m : File Action "DoesFileExist" successfully performed. With the following test data "File Path: "SteeringCompanyAPI_TestData/SteeringCompanyAPI_TestData.xlsx"".
2023-01-22 22:09:41.602 &amp#27;[32m INFO&amp#27;[m &amp#27;[35m[@503 - main]&amp#27;[m &amp#27;[36mcom.shaft.tools.io.ReportManager&amp#27;[m : Successfully created attachment "Test Data - Excel"
2023-01-22 22:09:41.602 &amp#27;[32m INFO&amp#27;[m &amp#27;[35m[@503 - main]&amp#27;[m &amp#27;[36mcom.shaft.tools.io.ReportManager&amp#27;[m : File Action "DoesFileExist" successfully performed. With the following test data "File Path: "SteeringCompanyAPI_TestData/SteeringCompanyAPI_TestData.xlsx"".
2023-01-22 22:09:41.697 &amp#27;[32m INFO&amp#27;[m &amp#27;[35m[@503 - main]&amp#27;[m &amp#27;[36mcom.shaft.tools.io.ReportManager&amp#27;[m : Successfully created attachment "Test Data - Excel"
2023-01-22 22:09:41.697 &amp#27;[32m INFO&amp#27;[m &amp#27;[35m[@503 - main]&amp#27;[m &amp#27;[36mcom.shaft.tools.io.ReportManager&amp#27;[m : File Action "DoesFileExist" successfully performed. With the following test data "File Path: "SteeringCompanyAPI_TestData/SteeringCompanyAPI_TestData.xlsx"".
2023-01-22 22:09:41.723 &amp#27;[32m INFO&amp#27;[m &amp#27;[35m[@503 - main]&amp#27;[m &amp#27;[36mcom.shaft.tools.io.ReportManager&amp#27;[m : Successfully created attachment "Test Data - Excel"
2023-01-22 22:09:42.430 &amp#27;[32m INFO&amp#27;[m &amp#27;[35m[@503 - main]&amp#27;[m &amp#27;[36mcom.shaft.tools.io.ReportManager&amp#27;[m : Response status code: "422", status line: "HTTP/1.1 422 "
2023-01-22 22:09:42.440 &amp#27;[32m INFO&amp#27;[m &amp#27;[35m[@503 - main]&amp#27;[m &amp#27;[36mcom.shaft.tools.io.ReportManager&amp#27;[m : Successfully created attachment "API Request - Specifications"
2023-01-22 22:09:42.442 &amp#27;[32m INFO&amp#27;[m &amp#27;[35m[@503 - main]&amp#27;[m &amp#27;[36mcom.shaft.tools.io.ReportManager&amp#27;[m : Successfully created attachment "API Request - JSON Body"
2023-01-22 22:09:42.481 &amp#27;[32m INFO&amp#27;[m &amp#27;[35m[@503 - main]&amp#27;[m &amp#27;[36mcom.shaft.tools.io.ReportManager&amp#27;[m : Successfully created attachment "API Response - JSON Body"
2023-01-22 22:09:42.483 &amp#27;[32m INFO&amp#27;[m &amp#27;[35m[@503 - main]&amp#27;[m &amp#27;[36mcom.shaft.tools.io.ReportManager&amp#27;[m : File Action "DoesFileExist" successfully performed. With the following test data "File Path: "Schemas/ValidationError_schema.json"".
2023-01-22 22:09:42.483 &amp#27;[32m INFO&amp#27;[m &amp#27;[35m[@503 - main]&amp#27;[m &amp#27;[36mcom.shaft.tools.io.ReportManager&amp#27;[m : File Action "DoesFileExist" successfully performed. With the following test data "File Path: "src/test/resources/testDataFiles/Schemas/ValidationError_schema.json"".
2023-01-22 22:09:42.483 &amp#27;[32m INFO&amp#27;[m &amp#27;[35m[@503 - main]&amp#27;[m &amp#27;[36mcom.shaft.tools.io.ReportManager&amp#27;[m : File Action "GetAbsolutePath" successfully performed. With the following test data "Relative Folder Path: "src/test/resources/testDataFiles/Schemas/ValidationError_schema.json"".
2023-01-22 22:09:42.485 &amp#27;[32m INFO&amp#27;[m &amp#27;[35m[@503 - main]&amp#27;[m &amp#27;[36mcom.shaft.tools.io.ReportManager&amp#27;[m : File Action "DoesFileExist" successfully performed. With the following test data "File Path: "C:\eclipse-workspace\MyProjects\TASystemsAPIs\src\test\resources\testDataFiles\Schemas\ValidationError_schema.json"".
2023-01-22 22:09:42.485 &amp#27;[32m INFO&amp#27;[m &amp#27;[35m[@503 - main]&amp#27;[m &amp#27;[36mcom.shaft.tools.io.ReportManager&amp#27;[m : File Action "GetAbsolutePath" successfully performed. With the following test data "Relative Folder Path: "C:\eclipse-workspace\MyProjects\TASystemsAPIs\src\test\resources\testDataFiles\Schemas\ValidationError_schema.json"".
2023-01-22 22:09:42.486 &amp#27;[32m INFO&amp#27;[m &amp#27;[35m[@503 - main]&amp#27;[m &amp#27;[36mcom.shaft.tools.io.ReportManager&amp#27;[m : File Action "ReadFile" successfully performed. With the following test data "File Path: "C:\eclipse-workspace\MyProjects\TASystemsAPIs\src\test\resources\testDataFiles\Schemas\ValidationError_schema.json"".
2023-01-22 22:09:42.487 &amp#27;[32m INFO&amp#27;[m &amp#27;[35m[@503 - main]&amp#27;[m &amp#27;[36mcom.shaft.tools.io.ReportManager&amp#27;[m : Successfully created attachment "Validation Test Data - Expected JSON Value"
2023-01-22 22:09:42.488 &amp#27;[32m INFO&amp#27;[m &amp#27;[35m[@503 - main]&amp#27;[m &amp#27;[36mcom.shaft.tools.io.ReportManager&amp#27;[m : Successfully created attachment "Validation Test Data - Actual JSON Value"
2023-01-22 22:09:42.488 &amp#27;[32m INFO&amp#27;[m &amp#27;[35m[@503 - main]&amp#27;[m &amp#27;[36mcom.shaft.tools.io.ReportManager&amp#27;[m : Successfully created attachment "SHAFT Engine Logs - Current Method log: Update_Policy_With_InValid_data_TC"
]]></system-out>
  </testcase>
  <testcase name="Update_Policy_With_InValid_data_TC[[Ljava.lang.Object;@33d511aa](35)" classname="SteeringCompanyAPI_TestCases.Test_Policies_Cases" time="1.953">
    <system-out><![CDATA[2023-01-22 22:09:42.492 &amp#27;[32m INFO&amp#27;[m &amp#27;[35m[@534 - main]&amp#27;[m &amp#27;[36mcom.shaft.tools.io.ReportManager&amp#27;[m : 
################################################################################################################################################
Starting Execution:	"258 out of 83" test cases in the current suite
Test Method:		"SteeringCompanyAPI_TestCases.Test_Policies_Cases.Update_Policy_With_InValid_data_TC"
Test Description:	"TC053 -Policy- Perform Update Policy with InValid data"
################################################################################################################################################
2023-01-22 22:09:42.492 &amp#27;[32m INFO&amp#27;[m &amp#27;[35m[@503 - main]&amp#27;[m &amp#27;[36mcom.shaft.tools.io.ReportManager&amp#27;[m : File Action "DoesFileExist" successfully performed. With the following test data "File Path: "SteeringCompanyAPI_TestData/SteeringCompanyAPI_TestData.xlsx"".
2023-01-22 22:09:42.512 &amp#27;[32m INFO&amp#27;[m &amp#27;[35m[@503 - main]&amp#27;[m &amp#27;[36mcom.shaft.tools.io.ReportManager&amp#27;[m : Successfully created attachment "Test Data - Excel"
2023-01-22 22:09:43.417 &amp#27;[32m INFO&amp#27;[m &amp#27;[35m[@503 - main]&amp#27;[m &amp#27;[36mcom.shaft.tools.io.ReportManager&amp#27;[m : Response status code: "200", status line: "HTTP/1.1 200 OK"
2023-01-22 22:09:43.429 &amp#27;[32m INFO&amp#27;[m &amp#27;[35m[@503 - main]&amp#27;[m &amp#27;[36mcom.shaft.tools.io.ReportManager&amp#27;[m : Successfully created attachment "API Request - Specifications"
2023-01-22 22:09:43.468 &amp#27;[32m INFO&amp#27;[m &amp#27;[35m[@503 - main]&amp#27;[m &amp#27;[36mcom.shaft.tools.io.ReportManager&amp#27;[m : Successfully created attachment "API Request - Body"
2023-01-22 22:09:43.471 &amp#27;[32m INFO&amp#27;[m &amp#27;[35m[@503 - main]&amp#27;[m &amp#27;[36mcom.shaft.tools.io.ReportManager&amp#27;[m : Successfully created attachment "API Response - JSON Body"
2023-01-22 22:09:43.478 &amp#27;[32m INFO&amp#27;[m &amp#27;[35m[@503 - main]&amp#27;[m &amp#27;[36mcom.shaft.tools.io.ReportManager&amp#27;[m : File Action "DoesFileExist" successfully performed. With the following test data "File Path: "SteeringCompanyAPI_TestData/SteeringCompanyAPI_TestData.xlsx"".
2023-01-22 22:09:43.497 &amp#27;[32m INFO&amp#27;[m &amp#27;[35m[@503 - main]&amp#27;[m &amp#27;[36mcom.shaft.tools.io.ReportManager&amp#27;[m : Successfully created attachment "Test Data - Excel"
2023-01-22 22:09:43.498 &amp#27;[32m INFO&amp#27;[m &amp#27;[35m[@503 - main]&amp#27;[m &amp#27;[36mcom.shaft.tools.io.ReportManager&amp#27;[m : File Action "DoesFileExist" successfully performed. With the following test data "File Path: "SteeringCompanyAPI_TestData/SteeringCompanyAPI_TestData.xlsx"".
2023-01-22 22:09:43.516 &amp#27;[32m INFO&amp#27;[m &amp#27;[35m[@503 - main]&amp#27;[m &amp#27;[36mcom.shaft.tools.io.ReportManager&amp#27;[m : Successfully created attachment "Test Data - Excel"
2023-01-22 22:09:43.517 &amp#27;[32m INFO&amp#27;[m &amp#27;[35m[@503 - main]&amp#27;[m &amp#27;[36mcom.shaft.tools.io.ReportManager&amp#27;[m : File Action "DoesFileExist" successfully performed. With the following test data "File Path: "SteeringCompanyAPI_TestData/SteeringCompanyAPI_TestData.xlsx"".
2023-01-22 22:09:43.540 &amp#27;[32m INFO&amp#27;[m &amp#27;[35m[@503 - main]&amp#27;[m &amp#27;[36mcom.shaft.tools.io.ReportManager&amp#27;[m : Successfully created attachment "Test Data - Excel"
2023-01-22 22:09:44.377 &amp#27;[32m INFO&amp#27;[m &amp#27;[35m[@503 - main]&amp#27;[m &amp#27;[36mcom.shaft.tools.io.ReportManager&amp#27;[m : Response status code: "422", status line: "HTTP/1.1 422 "
2023-01-22 22:09:44.388 &amp#27;[32m INFO&amp#27;[m &amp#27;[35m[@503 - main]&amp#27;[m &amp#27;[36mcom.shaft.tools.io.ReportManager&amp#27;[m : Successfully created attachment "API Request - Specifications"
2023-01-22 22:09:44.389 &amp#27;[32m INFO&amp#27;[m &amp#27;[35m[@503 - main]&amp#27;[m &amp#27;[36mcom.shaft.tools.io.ReportManager&amp#27;[m : Successfully created attachment "API Request - JSON Body"
2023-01-22 22:09:44.430 &amp#27;[32m INFO&amp#27;[m &amp#27;[35m[@503 - main]&amp#27;[m &amp#27;[36mcom.shaft.tools.io.ReportManager&amp#27;[m : Successfully created attachment "API Response - JSON Body"
2023-01-22 22:09:44.432 &amp#27;[32m INFO&amp#27;[m &amp#27;[35m[@503 - main]&amp#27;[m &amp#27;[36mcom.shaft.tools.io.ReportManager&amp#27;[m : File Action "DoesFileExist" successfully performed. With the following test data "File Path: "Schemas/ValidationError_schema.json"".
2023-01-22 22:09:44.433 &amp#27;[32m INFO&amp#27;[m &amp#27;[35m[@503 - main]&amp#27;[m &amp#27;[36mcom.shaft.tools.io.ReportManager&amp#27;[m : File Action "DoesFileExist" successfully performed. With the following test data "File Path: "src/test/resources/testDataFiles/Schemas/ValidationError_schema.json"".
2023-01-22 22:09:44.433 &amp#27;[32m INFO&amp#27;[m &amp#27;[35m[@503 - main]&amp#27;[m &amp#27;[36mcom.shaft.tools.io.ReportManager&amp#27;[m : File Action "GetAbsolutePath" successfully performed. With the following test data "Relative Folder Path: "src/test/resources/testDataFiles/Schemas/ValidationError_schema.json"".
2023-01-22 22:09:44.436 &amp#27;[32m INFO&amp#27;[m &amp#27;[35m[@503 - main]&amp#27;[m &amp#27;[36mcom.shaft.tools.io.ReportManager&amp#27;[m : File Action "DoesFileExist" successfully performed. With the following test data "File Path: "C:\eclipse-workspace\MyProjects\TASystemsAPIs\src\test\resources\testDataFiles\Schemas\ValidationError_schema.json"".
2023-01-22 22:09:44.436 &amp#27;[32m INFO&amp#27;[m &amp#27;[35m[@503 - main]&amp#27;[m &amp#27;[36mcom.shaft.tools.io.ReportManager&amp#27;[m : File Action "GetAbsolutePath" successfully performed. With the following test data "Relative Folder Path: "C:\eclipse-workspace\MyProjects\TASystemsAPIs\src\test\resources\testDataFiles\Schemas\ValidationError_schema.json"".
2023-01-22 22:09:44.436 &amp#27;[32m INFO&amp#27;[m &amp#27;[35m[@503 - main]&amp#27;[m &amp#27;[36mcom.shaft.tools.io.ReportManager&amp#27;[m : File Action "ReadFile" successfully performed. With the following test data "File Path: "C:\eclipse-workspace\MyProjects\TASystemsAPIs\src\test\resources\testDataFiles\Schemas\ValidationError_schema.json"".
2023-01-22 22:09:44.438 &amp#27;[32m INFO&amp#27;[m &amp#27;[35m[@503 - main]&amp#27;[m &amp#27;[36mcom.shaft.tools.io.ReportManager&amp#27;[m : Successfully created attachment "Validation Test Data - Expected JSON Value"
2023-01-22 22:09:44.440 &amp#27;[32m INFO&amp#27;[m &amp#27;[35m[@503 - main]&amp#27;[m &amp#27;[36mcom.shaft.tools.io.ReportManager&amp#27;[m : Successfully created attachment "Validation Test Data - Actual JSON Value"
2023-01-22 22:09:44.441 &amp#27;[32m INFO&amp#27;[m &amp#27;[35m[@503 - main]&amp#27;[m &amp#27;[36mcom.shaft.tools.io.ReportManager&amp#27;[m : Successfully created attachment "SHAFT Engine Logs - Current Method log: Update_Policy_With_InValid_data_TC"
]]></system-out>
  </testcase>
  <testcase name="Update_Policy_With_InValid_data_TC[[Ljava.lang.Object;@6b90b077](36)" classname="SteeringCompanyAPI_TestCases.Test_Policies_Cases" time="2.005">
    <system-out><![CDATA[2023-01-22 22:09:44.445 &amp#27;[32m INFO&amp#27;[m &amp#27;[35m[@534 - main]&amp#27;[m &amp#27;[36mcom.shaft.tools.io.ReportManager&amp#27;[m : 
################################################################################################################################################
Starting Execution:	"259 out of 83" test cases in the current suite
Test Method:		"SteeringCompanyAPI_TestCases.Test_Policies_Cases.Update_Policy_With_InValid_data_TC"
Test Description:	"TC053 -Policy- Perform Update Policy with InValid data"
################################################################################################################################################
2023-01-22 22:09:44.445 &amp#27;[32m INFO&amp#27;[m &amp#27;[35m[@503 - main]&amp#27;[m &amp#27;[36mcom.shaft.tools.io.ReportManager&amp#27;[m : File Action "DoesFileExist" successfully performed. With the following test data "File Path: "SteeringCompanyAPI_TestData/SteeringCompanyAPI_TestData.xlsx"".
2023-01-22 22:09:44.477 &amp#27;[32m INFO&amp#27;[m &amp#27;[35m[@503 - main]&amp#27;[m &amp#27;[36mcom.shaft.tools.io.ReportManager&amp#27;[m : Successfully created attachment "Test Data - Excel"
2023-01-22 22:09:45.452 &amp#27;[32m INFO&amp#27;[m &amp#27;[35m[@503 - main]&amp#27;[m &amp#27;[36mcom.shaft.tools.io.ReportManager&amp#27;[m : Response status code: "200", status line: "HTTP/1.1 200 OK"
2023-01-22 22:09:45.462 &amp#27;[32m INFO&amp#27;[m &amp#27;[35m[@503 - main]&amp#27;[m &amp#27;[36mcom.shaft.tools.io.ReportManager&amp#27;[m : Successfully created attachment "API Request - Specifications"
2023-01-22 22:09:45.499 &amp#27;[32m INFO&amp#27;[m &amp#27;[35m[@503 - main]&amp#27;[m &amp#27;[36mcom.shaft.tools.io.ReportManager&amp#27;[m : Successfully created attachment "API Request - Body"
2023-01-22 22:09:45.500 &amp#27;[32m INFO&amp#27;[m &amp#27;[35m[@503 - main]&amp#27;[m &amp#27;[36mcom.shaft.tools.io.ReportManager&amp#27;[m : Successfully created attachment "API Response - JSON Body"
2023-01-22 22:09:45.507 &amp#27;[32m INFO&amp#27;[m &amp#27;[35m[@503 - main]&amp#27;[m &amp#27;[36mcom.shaft.tools.io.ReportManager&amp#27;[m : File Action "DoesFileExist" successfully performed. With the following test data "File Path: "SteeringCompanyAPI_TestData/SteeringCompanyAPI_TestData.xlsx"".
2023-01-22 22:09:45.530 &amp#27;[32m INFO&amp#27;[m &amp#27;[35m[@503 - main]&amp#27;[m &amp#27;[36mcom.shaft.tools.io.ReportManager&amp#27;[m : Successfully created attachment "Test Data - Excel"
2023-01-22 22:09:45.531 &amp#27;[32m INFO&amp#27;[m &amp#27;[35m[@503 - main]&amp#27;[m &amp#27;[36mcom.shaft.tools.io.ReportManager&amp#27;[m : File Action "DoesFileExist" successfully performed. With the following test data "File Path: "SteeringCompanyAPI_TestData/SteeringCompanyAPI_TestData.xlsx"".
2023-01-22 22:09:45.550 &amp#27;[32m INFO&amp#27;[m &amp#27;[35m[@503 - main]&amp#27;[m &amp#27;[36mcom.shaft.tools.io.ReportManager&amp#27;[m : Successfully created attachment "Test Data - Excel"
2023-01-22 22:09:45.550 &amp#27;[32m INFO&amp#27;[m &amp#27;[35m[@503 - main]&amp#27;[m &amp#27;[36mcom.shaft.tools.io.ReportManager&amp#27;[m : File Action "DoesFileExist" successfully performed. With the following test data "File Path: "SteeringCompanyAPI_TestData/SteeringCompanyAPI_TestData.xlsx"".
2023-01-22 22:09:45.574 &amp#27;[32m INFO&amp#27;[m &amp#27;[35m[@503 - main]&amp#27;[m &amp#27;[36mcom.shaft.tools.io.ReportManager&amp#27;[m : Successfully created attachment "Test Data - Excel"
2023-01-22 22:09:46.427 &amp#27;[32m INFO&amp#27;[m &amp#27;[35m[@503 - main]&amp#27;[m &amp#27;[36mcom.shaft.tools.io.ReportManager&amp#27;[m : Response status code: "422", status line: "HTTP/1.1 422 "
2023-01-22 22:09:46.438 &amp#27;[32m INFO&amp#27;[m &amp#27;[35m[@503 - main]&amp#27;[m &amp#27;[36mcom.shaft.tools.io.ReportManager&amp#27;[m : Successfully created attachment "API Request - Specifications"
2023-01-22 22:09:46.440 &amp#27;[32m INFO&amp#27;[m &amp#27;[35m[@503 - main]&amp#27;[m &amp#27;[36mcom.shaft.tools.io.ReportManager&amp#27;[m : Successfully created attachment "API Request - JSON Body"
2023-01-22 22:09:46.440 &amp#27;[32m INFO&amp#27;[m &amp#27;[35m[@503 - main]&amp#27;[m &amp#27;[36mcom.shaft.tools.io.ReportManager&amp#27;[m : Successfully created attachment "API Response - JSON Body"
2023-01-22 22:09:46.442 &amp#27;[32m INFO&amp#27;[m &amp#27;[35m[@503 - main]&amp#27;[m &amp#27;[36mcom.shaft.tools.io.ReportManager&amp#27;[m : File Action "DoesFileExist" successfully performed. With the following test data "File Path: "Schemas/ValidationError_schema.json"".
2023-01-22 22:09:46.442 &amp#27;[32m INFO&amp#27;[m &amp#27;[35m[@503 - main]&amp#27;[m &amp#27;[36mcom.shaft.tools.io.ReportManager&amp#27;[m : File Action "DoesFileExist" successfully performed. With the following test data "File Path: "src/test/resources/testDataFiles/Schemas/ValidationError_schema.json"".
2023-01-22 22:09:46.442 &amp#27;[32m INFO&amp#27;[m &amp#27;[35m[@503 - main]&amp#27;[m &amp#27;[36mcom.shaft.tools.io.ReportManager&amp#27;[m : File Action "GetAbsolutePath" successfully performed. With the following test data "Relative Folder Path: "src/test/resources/testDataFiles/Schemas/ValidationError_schema.json"".
2023-01-22 22:09:46.444 &amp#27;[32m INFO&amp#27;[m &amp#27;[35m[@503 - main]&amp#27;[m &amp#27;[36mcom.shaft.tools.io.ReportManager&amp#27;[m : File Action "DoesFileExist" successfully performed. With the following test data "File Path: "C:\eclipse-workspace\MyProjects\TASystemsAPIs\src\test\resources\testDataFiles\Schemas\ValidationError_schema.json"".
2023-01-22 22:09:46.444 &amp#27;[32m INFO&amp#27;[m &amp#27;[35m[@503 - main]&amp#27;[m &amp#27;[36mcom.shaft.tools.io.ReportManager&amp#27;[m : File Action "GetAbsolutePath" successfully performed. With the following test data "Relative Folder Path: "C:\eclipse-workspace\MyProjects\TASystemsAPIs\src\test\resources\testDataFiles\Schemas\ValidationError_schema.json"".
2023-01-22 22:09:46.444 &amp#27;[32m INFO&amp#27;[m &amp#27;[35m[@503 - main]&amp#27;[m &amp#27;[36mcom.shaft.tools.io.ReportManager&amp#27;[m : File Action "ReadFile" successfully performed. With the following test data "File Path: "C:\eclipse-workspace\MyProjects\TASystemsAPIs\src\test\resources\testDataFiles\Schemas\ValidationError_schema.json"".
2023-01-22 22:09:46.446 &amp#27;[32m INFO&amp#27;[m &amp#27;[35m[@503 - main]&amp#27;[m &amp#27;[36mcom.shaft.tools.io.ReportManager&amp#27;[m : Successfully created attachment "Validation Test Data - Expected JSON Value"
2023-01-22 22:09:46.447 &amp#27;[32m INFO&amp#27;[m &amp#27;[35m[@503 - main]&amp#27;[m &amp#27;[36mcom.shaft.tools.io.ReportManager&amp#27;[m : Successfully created attachment "Validation Test Data - Actual JSON Value"
2023-01-22 22:09:46.447 &amp#27;[32m INFO&amp#27;[m &amp#27;[35m[@503 - main]&amp#27;[m &amp#27;[36mcom.shaft.tools.io.ReportManager&amp#27;[m : Successfully created attachment "SHAFT Engine Logs - Current Method log: Update_Policy_With_InValid_data_TC"
]]></system-out>
  </testcase>
  <testcase name="Update_Policy_With_InValid_data_TC[[Ljava.lang.Object;@2fbb07a0](37)" classname="SteeringCompanyAPI_TestCases.Test_Policies_Cases" time="2.386">
    <system-out><![CDATA[2023-01-22 22:09:46.451 &amp#27;[32m INFO&amp#27;[m &amp#27;[35m[@534 - main]&amp#27;[m &amp#27;[36mcom.shaft.tools.io.ReportManager&amp#27;[m : 
################################################################################################################################################
Starting Execution:	"260 out of 83" test cases in the current suite
Test Method:		"SteeringCompanyAPI_TestCases.Test_Policies_Cases.Update_Policy_With_InValid_data_TC"
Test Description:	"TC053 -Policy- Perform Update Policy with InValid data"
################################################################################################################################################
2023-01-22 22:09:46.452 &amp#27;[32m INFO&amp#27;[m &amp#27;[35m[@503 - main]&amp#27;[m &amp#27;[36mcom.shaft.tools.io.ReportManager&amp#27;[m : File Action "DoesFileExist" successfully performed. With the following test data "File Path: "SteeringCompanyAPI_TestData/SteeringCompanyAPI_TestData.xlsx"".
2023-01-22 22:09:46.490 &amp#27;[32m INFO&amp#27;[m &amp#27;[35m[@503 - main]&amp#27;[m &amp#27;[36mcom.shaft.tools.io.ReportManager&amp#27;[m : Successfully created attachment "Test Data - Excel"
2023-01-22 22:09:47.709 &amp#27;[32m INFO&amp#27;[m &amp#27;[35m[@503 - main]&amp#27;[m &amp#27;[36mcom.shaft.tools.io.ReportManager&amp#27;[m : Response status code: "200", status line: "HTTP/1.1 200 OK"
2023-01-22 22:09:47.719 &amp#27;[32m INFO&amp#27;[m &amp#27;[35m[@503 - main]&amp#27;[m &amp#27;[36mcom.shaft.tools.io.ReportManager&amp#27;[m : Successfully created attachment "API Request - Specifications"
2023-01-22 22:09:47.719 &amp#27;[32m INFO&amp#27;[m &amp#27;[35m[@503 - main]&amp#27;[m &amp#27;[36mcom.shaft.tools.io.ReportManager&amp#27;[m : Successfully created attachment "API Request - Body"
2023-01-22 22:09:47.759 &amp#27;[32m INFO&amp#27;[m &amp#27;[35m[@503 - main]&amp#27;[m &amp#27;[36mcom.shaft.tools.io.ReportManager&amp#27;[m : Successfully created attachment "API Response - JSON Body"
2023-01-22 22:09:47.766 &amp#27;[32m INFO&amp#27;[m &amp#27;[35m[@503 - main]&amp#27;[m &amp#27;[36mcom.shaft.tools.io.ReportManager&amp#27;[m : File Action "DoesFileExist" successfully performed. With the following test data "File Path: "SteeringCompanyAPI_TestData/SteeringCompanyAPI_TestData.xlsx"".
2023-01-22 22:09:47.787 &amp#27;[32m INFO&amp#27;[m &amp#27;[35m[@503 - main]&amp#27;[m &amp#27;[36mcom.shaft.tools.io.ReportManager&amp#27;[m : Successfully created attachment "Test Data - Excel"
2023-01-22 22:09:47.787 &amp#27;[32m INFO&amp#27;[m &amp#27;[35m[@503 - main]&amp#27;[m &amp#27;[36mcom.shaft.tools.io.ReportManager&amp#27;[m : File Action "DoesFileExist" successfully performed. With the following test data "File Path: "SteeringCompanyAPI_TestData/SteeringCompanyAPI_TestData.xlsx"".
2023-01-22 22:09:47.808 &amp#27;[32m INFO&amp#27;[m &amp#27;[35m[@503 - main]&amp#27;[m &amp#27;[36mcom.shaft.tools.io.ReportManager&amp#27;[m : Successfully created attachment "Test Data - Excel"
2023-01-22 22:09:47.808 &amp#27;[32m INFO&amp#27;[m &amp#27;[35m[@503 - main]&amp#27;[m &amp#27;[36mcom.shaft.tools.io.ReportManager&amp#27;[m : File Action "DoesFileExist" successfully performed. With the following test data "File Path: "SteeringCompanyAPI_TestData/SteeringCompanyAPI_TestData.xlsx"".
2023-01-22 22:09:47.827 &amp#27;[32m INFO&amp#27;[m &amp#27;[35m[@503 - main]&amp#27;[m &amp#27;[36mcom.shaft.tools.io.ReportManager&amp#27;[m : Successfully created attachment "Test Data - Excel"
2023-01-22 22:09:48.777 &amp#27;[32m INFO&amp#27;[m &amp#27;[35m[@503 - main]&amp#27;[m &amp#27;[36mcom.shaft.tools.io.ReportManager&amp#27;[m : Response status code: "422", status line: "HTTP/1.1 422 "
2023-01-22 22:09:48.824 &amp#27;[32m INFO&amp#27;[m &amp#27;[35m[@503 - main]&amp#27;[m &amp#27;[36mcom.shaft.tools.io.ReportManager&amp#27;[m : Successfully created attachment "API Request - Specifications"
2023-01-22 22:09:48.826 &amp#27;[32m INFO&amp#27;[m &amp#27;[35m[@503 - main]&amp#27;[m &amp#27;[36mcom.shaft.tools.io.ReportManager&amp#27;[m : Successfully created attachment "API Request - JSON Body"
2023-01-22 22:09:48.827 &amp#27;[32m INFO&amp#27;[m &amp#27;[35m[@503 - main]&amp#27;[m &amp#27;[36mcom.shaft.tools.io.ReportManager&amp#27;[m : Successfully created attachment "API Response - JSON Body"
2023-01-22 22:09:48.828 &amp#27;[32m INFO&amp#27;[m &amp#27;[35m[@503 - main]&amp#27;[m &amp#27;[36mcom.shaft.tools.io.ReportManager&amp#27;[m : File Action "DoesFileExist" successfully performed. With the following test data "File Path: "Schemas/ValidationError_schema.json"".
2023-01-22 22:09:48.828 &amp#27;[32m INFO&amp#27;[m &amp#27;[35m[@503 - main]&amp#27;[m &amp#27;[36mcom.shaft.tools.io.ReportManager&amp#27;[m : File Action "DoesFileExist" successfully performed. With the following test data "File Path: "src/test/resources/testDataFiles/Schemas/ValidationError_schema.json"".
2023-01-22 22:09:48.828 &amp#27;[32m INFO&amp#27;[m &amp#27;[35m[@503 - main]&amp#27;[m &amp#27;[36mcom.shaft.tools.io.ReportManager&amp#27;[m : File Action "GetAbsolutePath" successfully performed. With the following test data "Relative Folder Path: "src/test/resources/testDataFiles/Schemas/ValidationError_schema.json"".
2023-01-22 22:09:48.829 &amp#27;[32m INFO&amp#27;[m &amp#27;[35m[@503 - main]&amp#27;[m &amp#27;[36mcom.shaft.tools.io.ReportManager&amp#27;[m : File Action "DoesFileExist" successfully performed. With the following test data "File Path: "C:\eclipse-workspace\MyProjects\TASystemsAPIs\src\test\resources\testDataFiles\Schemas\ValidationError_schema.json"".
2023-01-22 22:09:48.829 &amp#27;[32m INFO&amp#27;[m &amp#27;[35m[@503 - main]&amp#27;[m &amp#27;[36mcom.shaft.tools.io.ReportManager&amp#27;[m : File Action "GetAbsolutePath" successfully performed. With the following test data "Relative Folder Path: "C:\eclipse-workspace\MyProjects\TASystemsAPIs\src\test\resources\testDataFiles\Schemas\ValidationError_schema.json"".
2023-01-22 22:09:48.830 &amp#27;[32m INFO&amp#27;[m &amp#27;[35m[@503 - main]&amp#27;[m &amp#27;[36mcom.shaft.tools.io.ReportManager&amp#27;[m : File Action "ReadFile" successfully performed. With the following test data "File Path: "C:\eclipse-workspace\MyProjects\TASystemsAPIs\src\test\resources\testDataFiles\Schemas\ValidationError_schema.json"".
2023-01-22 22:09:48.831 &amp#27;[32m INFO&amp#27;[m &amp#27;[35m[@503 - main]&amp#27;[m &amp#27;[36mcom.shaft.tools.io.ReportManager&amp#27;[m : Successfully created attachment "Validation Test Data - Expected JSON Value"
2023-01-22 22:09:48.833 &amp#27;[32m INFO&amp#27;[m &amp#27;[35m[@503 - main]&amp#27;[m &amp#27;[36mcom.shaft.tools.io.ReportManager&amp#27;[m : Successfully created attachment "Validation Test Data - Actual JSON Value"
2023-01-22 22:09:48.834 &amp#27;[32m INFO&amp#27;[m &amp#27;[35m[@503 - main]&amp#27;[m &amp#27;[36mcom.shaft.tools.io.ReportManager&amp#27;[m : Successfully created attachment "SHAFT Engine Logs - Current Method log: Update_Policy_With_InValid_data_TC"
]]></system-out>
  </testcase>
  <testcase name="Update_Policy_With_InValid_data_TC[[Ljava.lang.Object;@274e4ca](38)" classname="SteeringCompanyAPI_TestCases.Test_Policies_Cases" time="3.371">
    <system-out><![CDATA[2023-01-22 22:09:48.836 &amp#27;[32m INFO&amp#27;[m &amp#27;[35m[@534 - main]&amp#27;[m &amp#27;[36mcom.shaft.tools.io.ReportManager&amp#27;[m : 
################################################################################################################################################
Starting Execution:	"261 out of 83" test cases in the current suite
Test Method:		"SteeringCompanyAPI_TestCases.Test_Policies_Cases.Update_Policy_With_InValid_data_TC"
Test Description:	"TC053 -Policy- Perform Update Policy with InValid data"
################################################################################################################################################
2023-01-22 22:09:48.837 &amp#27;[32m INFO&amp#27;[m &amp#27;[35m[@503 - main]&amp#27;[m &amp#27;[36mcom.shaft.tools.io.ReportManager&amp#27;[m : File Action "DoesFileExist" successfully performed. With the following test data "File Path: "SteeringCompanyAPI_TestData/SteeringCompanyAPI_TestData.xlsx"".
2023-01-22 22:09:48.857 &amp#27;[32m INFO&amp#27;[m &amp#27;[35m[@503 - main]&amp#27;[m &amp#27;[36mcom.shaft.tools.io.ReportManager&amp#27;[m : Successfully created attachment "Test Data - Excel"
2023-01-22 22:09:49.849 &amp#27;[32m INFO&amp#27;[m &amp#27;[35m[@503 - main]&amp#27;[m &amp#27;[36mcom.shaft.tools.io.ReportManager&amp#27;[m : Response status code: "200", status line: "HTTP/1.1 200 OK"
2023-01-22 22:09:49.860 &amp#27;[32m INFO&amp#27;[m &amp#27;[35m[@503 - main]&amp#27;[m &amp#27;[36mcom.shaft.tools.io.ReportManager&amp#27;[m : Successfully created attachment "API Request - Specifications"
2023-01-22 22:09:49.861 &amp#27;[32m INFO&amp#27;[m &amp#27;[35m[@503 - main]&amp#27;[m &amp#27;[36mcom.shaft.tools.io.ReportManager&amp#27;[m : Successfully created attachment "API Request - Body"
2023-01-22 22:09:49.862 &amp#27;[32m INFO&amp#27;[m &amp#27;[35m[@503 - main]&amp#27;[m &amp#27;[36mcom.shaft.tools.io.ReportManager&amp#27;[m : Successfully created attachment "API Response - JSON Body"
2023-01-22 22:09:49.872 &amp#27;[32m INFO&amp#27;[m &amp#27;[35m[@503 - main]&amp#27;[m &amp#27;[36mcom.shaft.tools.io.ReportManager&amp#27;[m : File Action "DoesFileExist" successfully performed. With the following test data "File Path: "SteeringCompanyAPI_TestData/SteeringCompanyAPI_TestData.xlsx"".
2023-01-22 22:09:49.934 &amp#27;[32m INFO&amp#27;[m &amp#27;[35m[@503 - main]&amp#27;[m &amp#27;[36mcom.shaft.tools.io.ReportManager&amp#27;[m : Successfully created attachment "Test Data - Excel"
2023-01-22 22:09:49.935 &amp#27;[32m INFO&amp#27;[m &amp#27;[35m[@503 - main]&amp#27;[m &amp#27;[36mcom.shaft.tools.io.ReportManager&amp#27;[m : File Action "DoesFileExist" successfully performed. With the following test data "File Path: "SteeringCompanyAPI_TestData/SteeringCompanyAPI_TestData.xlsx"".
2023-01-22 22:09:49.955 &amp#27;[32m INFO&amp#27;[m &amp#27;[35m[@503 - main]&amp#27;[m &amp#27;[36mcom.shaft.tools.io.ReportManager&amp#27;[m : Successfully created attachment "Test Data - Excel"
2023-01-22 22:09:49.956 &amp#27;[32m INFO&amp#27;[m &amp#27;[35m[@503 - main]&amp#27;[m &amp#27;[36mcom.shaft.tools.io.ReportManager&amp#27;[m : File Action "DoesFileExist" successfully performed. With the following test data "File Path: "SteeringCompanyAPI_TestData/SteeringCompanyAPI_TestData.xlsx"".
2023-01-22 22:09:49.976 &amp#27;[32m INFO&amp#27;[m &amp#27;[35m[@503 - main]&amp#27;[m &amp#27;[36mcom.shaft.tools.io.ReportManager&amp#27;[m : Successfully created attachment "Test Data - Excel"
2023-01-22 22:09:52.144 &amp#27;[32m INFO&amp#27;[m &amp#27;[35m[@503 - main]&amp#27;[m &amp#27;[36mcom.shaft.tools.io.ReportManager&amp#27;[m : Response status code: "422", status line: "HTTP/1.1 422 "
2023-01-22 22:09:52.156 &amp#27;[32m INFO&amp#27;[m &amp#27;[35m[@503 - main]&amp#27;[m &amp#27;[36mcom.shaft.tools.io.ReportManager&amp#27;[m : Successfully created attachment "API Request - Specifications"
2023-01-22 22:09:52.157 &amp#27;[32m INFO&amp#27;[m &amp#27;[35m[@503 - main]&amp#27;[m &amp#27;[36mcom.shaft.tools.io.ReportManager&amp#27;[m : Successfully created attachment "API Request - JSON Body"
2023-01-22 22:09:52.198 &amp#27;[32m INFO&amp#27;[m &amp#27;[35m[@503 - main]&amp#27;[m &amp#27;[36mcom.shaft.tools.io.ReportManager&amp#27;[m : Successfully created attachment "API Response - JSON Body"
2023-01-22 22:09:52.198 &amp#27;[32m INFO&amp#27;[m &amp#27;[35m[@503 - main]&amp#27;[m &amp#27;[36mcom.shaft.tools.io.ReportManager&amp#27;[m : File Action "DoesFileExist" successfully performed. With the following test data "File Path: "Schemas/ValidationError_schema.json"".
2023-01-22 22:09:52.199 &amp#27;[32m INFO&amp#27;[m &amp#27;[35m[@503 - main]&amp#27;[m &amp#27;[36mcom.shaft.tools.io.ReportManager&amp#27;[m : File Action "DoesFileExist" successfully performed. With the following test data "File Path: "src/test/resources/testDataFiles/Schemas/ValidationError_schema.json"".
2023-01-22 22:09:52.199 &amp#27;[32m INFO&amp#27;[m &amp#27;[35m[@503 - main]&amp#27;[m &amp#27;[36mcom.shaft.tools.io.ReportManager&amp#27;[m : File Action "GetAbsolutePath" successfully performed. With the following test data "Relative Folder Path: "src/test/resources/testDataFiles/Schemas/ValidationError_schema.json"".
2023-01-22 22:09:52.201 &amp#27;[32m INFO&amp#27;[m &amp#27;[35m[@503 - main]&amp#27;[m &amp#27;[36mcom.shaft.tools.io.ReportManager&amp#27;[m : File Action "DoesFileExist" successfully performed. With the following test data "File Path: "C:\eclipse-workspace\MyProjects\TASystemsAPIs\src\test\resources\testDataFiles\Schemas\ValidationError_schema.json"".
2023-01-22 22:09:52.201 &amp#27;[32m INFO&amp#27;[m &amp#27;[35m[@503 - main]&amp#27;[m &amp#27;[36mcom.shaft.tools.io.ReportManager&amp#27;[m : File Action "GetAbsolutePath" successfully performed. With the following test data "Relative Folder Path: "C:\eclipse-workspace\MyProjects\TASystemsAPIs\src\test\resources\testDataFiles\Schemas\ValidationError_schema.json"".
2023-01-22 22:09:52.201 &amp#27;[32m INFO&amp#27;[m &amp#27;[35m[@503 - main]&amp#27;[m &amp#27;[36mcom.shaft.tools.io.ReportManager&amp#27;[m : File Action "ReadFile" successfully performed. With the following test data "File Path: "C:\eclipse-workspace\MyProjects\TASystemsAPIs\src\test\resources\testDataFiles\Schemas\ValidationError_schema.json"".
2023-01-22 22:09:52.202 &amp#27;[32m INFO&amp#27;[m &amp#27;[35m[@503 - main]&amp#27;[m &amp#27;[36mcom.shaft.tools.io.ReportManager&amp#27;[m : Successfully created attachment "Validation Test Data - Expected JSON Value"
2023-01-22 22:09:52.203 &amp#27;[32m INFO&amp#27;[m &amp#27;[35m[@503 - main]&amp#27;[m &amp#27;[36mcom.shaft.tools.io.ReportManager&amp#27;[m : Successfully created attachment "Validation Test Data - Actual JSON Value"
2023-01-22 22:09:52.204 &amp#27;[32m INFO&amp#27;[m &amp#27;[35m[@503 - main]&amp#27;[m &amp#27;[36mcom.shaft.tools.io.ReportManager&amp#27;[m : Successfully created attachment "SHAFT Engine Logs - Current Method log: Update_Policy_With_InValid_data_TC"
]]></system-out>
  </testcase>
  <testcase name="Update_Policy_With_InValid_data_TC[[Ljava.lang.Object;@3f8b7737](39)" classname="SteeringCompanyAPI_TestCases.Test_Policies_Cases" time="2.481">
    <system-out><![CDATA[2023-01-22 22:09:52.207 &amp#27;[32m INFO&amp#27;[m &amp#27;[35m[@534 - main]&amp#27;[m &amp#27;[36mcom.shaft.tools.io.ReportManager&amp#27;[m : 
################################################################################################################################################
Starting Execution:	"262 out of 83" test cases in the current suite
Test Method:		"SteeringCompanyAPI_TestCases.Test_Policies_Cases.Update_Policy_With_InValid_data_TC"
Test Description:	"TC053 -Policy- Perform Update Policy with InValid data"
################################################################################################################################################
2023-01-22 22:09:52.207 &amp#27;[32m INFO&amp#27;[m &amp#27;[35m[@503 - main]&amp#27;[m &amp#27;[36mcom.shaft.tools.io.ReportManager&amp#27;[m : File Action "DoesFileExist" successfully performed. With the following test data "File Path: "SteeringCompanyAPI_TestData/SteeringCompanyAPI_TestData.xlsx"".
2023-01-22 22:09:52.227 &amp#27;[32m INFO&amp#27;[m &amp#27;[35m[@503 - main]&amp#27;[m &amp#27;[36mcom.shaft.tools.io.ReportManager&amp#27;[m : Successfully created attachment "Test Data - Excel"
2023-01-22 22:09:53.527 &amp#27;[32m INFO&amp#27;[m &amp#27;[35m[@503 - main]&amp#27;[m &amp#27;[36mcom.shaft.tools.io.ReportManager&amp#27;[m : Response status code: "200", status line: "HTTP/1.1 200 OK"
2023-01-22 22:09:53.539 &amp#27;[32m INFO&amp#27;[m &amp#27;[35m[@503 - main]&amp#27;[m &amp#27;[36mcom.shaft.tools.io.ReportManager&amp#27;[m : Successfully created attachment "API Request - Specifications"
2023-01-22 22:09:53.575 &amp#27;[32m INFO&amp#27;[m &amp#27;[35m[@503 - main]&amp#27;[m &amp#27;[36mcom.shaft.tools.io.ReportManager&amp#27;[m : Successfully created attachment "API Request - Body"
2023-01-22 22:09:53.577 &amp#27;[32m INFO&amp#27;[m &amp#27;[35m[@503 - main]&amp#27;[m &amp#27;[36mcom.shaft.tools.io.ReportManager&amp#27;[m : Successfully created attachment "API Response - JSON Body"
2023-01-22 22:09:53.584 &amp#27;[32m INFO&amp#27;[m &amp#27;[35m[@503 - main]&amp#27;[m &amp#27;[36mcom.shaft.tools.io.ReportManager&amp#27;[m : File Action "DoesFileExist" successfully performed. With the following test data "File Path: "SteeringCompanyAPI_TestData/SteeringCompanyAPI_TestData.xlsx"".
2023-01-22 22:09:53.606 &amp#27;[32m INFO&amp#27;[m &amp#27;[35m[@503 - main]&amp#27;[m &amp#27;[36mcom.shaft.tools.io.ReportManager&amp#27;[m : Successfully created attachment "Test Data - Excel"
2023-01-22 22:09:53.607 &amp#27;[32m INFO&amp#27;[m &amp#27;[35m[@503 - main]&amp#27;[m &amp#27;[36mcom.shaft.tools.io.ReportManager&amp#27;[m : File Action "DoesFileExist" successfully performed. With the following test data "File Path: "SteeringCompanyAPI_TestData/SteeringCompanyAPI_TestData.xlsx"".
2023-01-22 22:09:53.641 &amp#27;[32m INFO&amp#27;[m &amp#27;[35m[@503 - main]&amp#27;[m &amp#27;[36mcom.shaft.tools.io.ReportManager&amp#27;[m : Successfully created attachment "Test Data - Excel"
2023-01-22 22:09:53.642 &amp#27;[32m INFO&amp#27;[m &amp#27;[35m[@503 - main]&amp#27;[m &amp#27;[36mcom.shaft.tools.io.ReportManager&amp#27;[m : File Action "DoesFileExist" successfully performed. With the following test data "File Path: "SteeringCompanyAPI_TestData/SteeringCompanyAPI_TestData.xlsx"".
2023-01-22 22:09:53.667 &amp#27;[32m INFO&amp#27;[m &amp#27;[35m[@503 - main]&amp#27;[m &amp#27;[36mcom.shaft.tools.io.ReportManager&amp#27;[m : Successfully created attachment "Test Data - Excel"
2023-01-22 22:09:54.658 &amp#27;[32m INFO&amp#27;[m &amp#27;[35m[@503 - main]&amp#27;[m &amp#27;[36mcom.shaft.tools.io.ReportManager&amp#27;[m : Response status code: "422", status line: "HTTP/1.1 422 "
2023-01-22 22:09:54.670 &amp#27;[32m INFO&amp#27;[m &amp#27;[35m[@503 - main]&amp#27;[m &amp#27;[36mcom.shaft.tools.io.ReportManager&amp#27;[m : Successfully created attachment "API Request - Specifications"
2023-01-22 22:09:54.672 &amp#27;[32m INFO&amp#27;[m &amp#27;[35m[@503 - main]&amp#27;[m &amp#27;[36mcom.shaft.tools.io.ReportManager&amp#27;[m : Successfully created attachment "API Request - JSON Body"
2023-01-22 22:09:54.673 &amp#27;[32m INFO&amp#27;[m &amp#27;[35m[@503 - main]&amp#27;[m &amp#27;[36mcom.shaft.tools.io.ReportManager&amp#27;[m : Successfully created attachment "API Response - JSON Body"
2023-01-22 22:09:54.674 &amp#27;[32m INFO&amp#27;[m &amp#27;[35m[@503 - main]&amp#27;[m &amp#27;[36mcom.shaft.tools.io.ReportManager&amp#27;[m : File Action "DoesFileExist" successfully performed. With the following test data "File Path: "Schemas/ValidationError_schema.json"".
2023-01-22 22:09:54.675 &amp#27;[32m INFO&amp#27;[m &amp#27;[35m[@503 - main]&amp#27;[m &amp#27;[36mcom.shaft.tools.io.ReportManager&amp#27;[m : File Action "DoesFileExist" successfully performed. With the following test data "File Path: "src/test/resources/testDataFiles/Schemas/ValidationError_schema.json"".
2023-01-22 22:09:54.675 &amp#27;[32m INFO&amp#27;[m &amp#27;[35m[@503 - main]&amp#27;[m &amp#27;[36mcom.shaft.tools.io.ReportManager&amp#27;[m : File Action "GetAbsolutePath" successfully performed. With the following test data "Relative Folder Path: "src/test/resources/testDataFiles/Schemas/ValidationError_schema.json"".
2023-01-22 22:09:54.677 &amp#27;[32m INFO&amp#27;[m &amp#27;[35m[@503 - main]&amp#27;[m &amp#27;[36mcom.shaft.tools.io.ReportManager&amp#27;[m : File Action "DoesFileExist" successfully performed. With the following test data "File Path: "C:\eclipse-workspace\MyProjects\TASystemsAPIs\src\test\resources\testDataFiles\Schemas\ValidationError_schema.json"".
2023-01-22 22:09:54.677 &amp#27;[32m INFO&amp#27;[m &amp#27;[35m[@503 - main]&amp#27;[m &amp#27;[36mcom.shaft.tools.io.ReportManager&amp#27;[m : File Action "GetAbsolutePath" successfully performed. With the following test data "Relative Folder Path: "C:\eclipse-workspace\MyProjects\TASystemsAPIs\src\test\resources\testDataFiles\Schemas\ValidationError_schema.json"".
2023-01-22 22:09:54.678 &amp#27;[32m INFO&amp#27;[m &amp#27;[35m[@503 - main]&amp#27;[m &amp#27;[36mcom.shaft.tools.io.ReportManager&amp#27;[m : File Action "ReadFile" successfully performed. With the following test data "File Path: "C:\eclipse-workspace\MyProjects\TASystemsAPIs\src\test\resources\testDataFiles\Schemas\ValidationError_schema.json"".
2023-01-22 22:09:54.681 &amp#27;[32m INFO&amp#27;[m &amp#27;[35m[@503 - main]&amp#27;[m &amp#27;[36mcom.shaft.tools.io.ReportManager&amp#27;[m : Successfully created attachment "Validation Test Data - Expected JSON Value"
2023-01-22 22:09:54.683 &amp#27;[32m INFO&amp#27;[m &amp#27;[35m[@503 - main]&amp#27;[m &amp#27;[36mcom.shaft.tools.io.ReportManager&amp#27;[m : Successfully created attachment "Validation Test Data - Actual JSON Value"
2023-01-22 22:09:54.684 &amp#27;[32m INFO&amp#27;[m &amp#27;[35m[@503 - main]&amp#27;[m &amp#27;[36mcom.shaft.tools.io.ReportManager&amp#27;[m : Successfully created attachment "SHAFT Engine Logs - Current Method log: Update_Policy_With_InValid_data_TC"
]]></system-out>
  </testcase>
  <testcase name="Update_Policy_With_InValid_data_TC[[Ljava.lang.Object;@55ba1357](40)" classname="SteeringCompanyAPI_TestCases.Test_Policies_Cases" time="2.047">
    <system-out><![CDATA[2023-01-22 22:09:54.688 &amp#27;[32m INFO&amp#27;[m &amp#27;[35m[@534 - main]&amp#27;[m &amp#27;[36mcom.shaft.tools.io.ReportManager&amp#27;[m : 
################################################################################################################################################
Starting Execution:	"263 out of 83" test cases in the current suite
Test Method:		"SteeringCompanyAPI_TestCases.Test_Policies_Cases.Update_Policy_With_InValid_data_TC"
Test Description:	"TC053 -Policy- Perform Update Policy with InValid data"
################################################################################################################################################
2023-01-22 22:09:54.688 &amp#27;[32m INFO&amp#27;[m &amp#27;[35m[@503 - main]&amp#27;[m &amp#27;[36mcom.shaft.tools.io.ReportManager&amp#27;[m : File Action "DoesFileExist" successfully performed. With the following test data "File Path: "SteeringCompanyAPI_TestData/SteeringCompanyAPI_TestData.xlsx"".
2023-01-22 22:09:54.715 &amp#27;[32m INFO&amp#27;[m &amp#27;[35m[@503 - main]&amp#27;[m &amp#27;[36mcom.shaft.tools.io.ReportManager&amp#27;[m : Successfully created attachment "Test Data - Excel"
2023-01-22 22:09:55.672 &amp#27;[32m INFO&amp#27;[m &amp#27;[35m[@503 - main]&amp#27;[m &amp#27;[36mcom.shaft.tools.io.ReportManager&amp#27;[m : Response status code: "200", status line: "HTTP/1.1 200 OK"
2023-01-22 22:09:55.688 &amp#27;[32m INFO&amp#27;[m &amp#27;[35m[@503 - main]&amp#27;[m &amp#27;[36mcom.shaft.tools.io.ReportManager&amp#27;[m : Successfully created attachment "API Request - Specifications"
2023-01-22 22:09:55.728 &amp#27;[32m INFO&amp#27;[m &amp#27;[35m[@503 - main]&amp#27;[m &amp#27;[36mcom.shaft.tools.io.ReportManager&amp#27;[m : Successfully created attachment "API Request - Body"
2023-01-22 22:09:55.730 &amp#27;[32m INFO&amp#27;[m &amp#27;[35m[@503 - main]&amp#27;[m &amp#27;[36mcom.shaft.tools.io.ReportManager&amp#27;[m : Successfully created attachment "API Response - JSON Body"
2023-01-22 22:09:55.737 &amp#27;[32m INFO&amp#27;[m &amp#27;[35m[@503 - main]&amp#27;[m &amp#27;[36mcom.shaft.tools.io.ReportManager&amp#27;[m : File Action "DoesFileExist" successfully performed. With the following test data "File Path: "SteeringCompanyAPI_TestData/SteeringCompanyAPI_TestData.xlsx"".
2023-01-22 22:09:55.763 &amp#27;[32m INFO&amp#27;[m &amp#27;[35m[@503 - main]&amp#27;[m &amp#27;[36mcom.shaft.tools.io.ReportManager&amp#27;[m : Successfully created attachment "Test Data - Excel"
2023-01-22 22:09:55.764 &amp#27;[32m INFO&amp#27;[m &amp#27;[35m[@503 - main]&amp#27;[m &amp#27;[36mcom.shaft.tools.io.ReportManager&amp#27;[m : File Action "DoesFileExist" successfully performed. With the following test data "File Path: "SteeringCompanyAPI_TestData/SteeringCompanyAPI_TestData.xlsx"".
2023-01-22 22:09:55.785 &amp#27;[32m INFO&amp#27;[m &amp#27;[35m[@503 - main]&amp#27;[m &amp#27;[36mcom.shaft.tools.io.ReportManager&amp#27;[m : Successfully created attachment "Test Data - Excel"
2023-01-22 22:09:55.785 &amp#27;[32m INFO&amp#27;[m &amp#27;[35m[@503 - main]&amp#27;[m &amp#27;[36mcom.shaft.tools.io.ReportManager&amp#27;[m : File Action "DoesFileExist" successfully performed. With the following test data "File Path: "SteeringCompanyAPI_TestData/SteeringCompanyAPI_TestData.xlsx"".
2023-01-22 22:09:55.806 &amp#27;[32m INFO&amp#27;[m &amp#27;[35m[@503 - main]&amp#27;[m &amp#27;[36mcom.shaft.tools.io.ReportManager&amp#27;[m : Successfully created attachment "Test Data - Excel"
2023-01-22 22:09:56.666 &amp#27;[32m INFO&amp#27;[m &amp#27;[35m[@503 - main]&amp#27;[m &amp#27;[36mcom.shaft.tools.io.ReportManager&amp#27;[m : Response status code: "422", status line: "HTTP/1.1 422 "
2023-01-22 22:09:56.683 &amp#27;[32m INFO&amp#27;[m &amp#27;[35m[@503 - main]&amp#27;[m &amp#27;[36mcom.shaft.tools.io.ReportManager&amp#27;[m : Successfully created attachment "API Request - Specifications"
2023-01-22 22:09:56.684 &amp#27;[32m INFO&amp#27;[m &amp#27;[35m[@503 - main]&amp#27;[m &amp#27;[36mcom.shaft.tools.io.ReportManager&amp#27;[m : Successfully created attachment "API Request - JSON Body"
2023-01-22 22:09:56.685 &amp#27;[32m INFO&amp#27;[m &amp#27;[35m[@503 - main]&amp#27;[m &amp#27;[36mcom.shaft.tools.io.ReportManager&amp#27;[m : Successfully created attachment "API Response - JSON Body"
2023-01-22 22:09:56.687 &amp#27;[32m INFO&amp#27;[m &amp#27;[35m[@503 - main]&amp#27;[m &amp#27;[36mcom.shaft.tools.io.ReportManager&amp#27;[m : File Action "DoesFileExist" successfully performed. With the following test data "File Path: "Schemas/ValidationError_schema.json"".
2023-01-22 22:09:56.687 &amp#27;[32m INFO&amp#27;[m &amp#27;[35m[@503 - main]&amp#27;[m &amp#27;[36mcom.shaft.tools.io.ReportManager&amp#27;[m : File Action "DoesFileExist" successfully performed. With the following test data "File Path: "src/test/resources/testDataFiles/Schemas/ValidationError_schema.json"".
2023-01-22 22:09:56.687 &amp#27;[32m INFO&amp#27;[m &amp#27;[35m[@503 - main]&amp#27;[m &amp#27;[36mcom.shaft.tools.io.ReportManager&amp#27;[m : File Action "GetAbsolutePath" successfully performed. With the following test data "Relative Folder Path: "src/test/resources/testDataFiles/Schemas/ValidationError_schema.json"".
2023-01-22 22:09:56.689 &amp#27;[32m INFO&amp#27;[m &amp#27;[35m[@503 - main]&amp#27;[m &amp#27;[36mcom.shaft.tools.io.ReportManager&amp#27;[m : File Action "DoesFileExist" successfully performed. With the following test data "File Path: "C:\eclipse-workspace\MyProjects\TASystemsAPIs\src\test\resources\testDataFiles\Schemas\ValidationError_schema.json"".
2023-01-22 22:09:56.689 &amp#27;[32m INFO&amp#27;[m &amp#27;[35m[@503 - main]&amp#27;[m &amp#27;[36mcom.shaft.tools.io.ReportManager&amp#27;[m : File Action "GetAbsolutePath" successfully performed. With the following test data "Relative Folder Path: "C:\eclipse-workspace\MyProjects\TASystemsAPIs\src\test\resources\testDataFiles\Schemas\ValidationError_schema.json"".
2023-01-22 22:09:56.689 &amp#27;[32m INFO&amp#27;[m &amp#27;[35m[@503 - main]&amp#27;[m &amp#27;[36mcom.shaft.tools.io.ReportManager&amp#27;[m : File Action "ReadFile" successfully performed. With the following test data "File Path: "C:\eclipse-workspace\MyProjects\TASystemsAPIs\src\test\resources\testDataFiles\Schemas\ValidationError_schema.json"".
2023-01-22 22:09:56.730 &amp#27;[32m INFO&amp#27;[m &amp#27;[35m[@503 - main]&amp#27;[m &amp#27;[36mcom.shaft.tools.io.ReportManager&amp#27;[m : Successfully created attachment "Validation Test Data - Expected JSON Value"
2023-01-22 22:09:56.731 &amp#27;[32m INFO&amp#27;[m &amp#27;[35m[@503 - main]&amp#27;[m &amp#27;[36mcom.shaft.tools.io.ReportManager&amp#27;[m : Successfully created attachment "Validation Test Data - Actual JSON Value"
2023-01-22 22:09:56.731 &amp#27;[32m INFO&amp#27;[m &amp#27;[35m[@503 - main]&amp#27;[m &amp#27;[36mcom.shaft.tools.io.ReportManager&amp#27;[m : Successfully created attachment "SHAFT Engine Logs - Current Method log: Update_Policy_With_InValid_data_TC"
]]></system-out>
  </testcase>
  <testcase name="Update_Policy_With_InValid_data_TC[[Ljava.lang.Object;@6ba90684](41)" classname="SteeringCompanyAPI_TestCases.Test_Policies_Cases" time="2.756">
    <system-out><![CDATA[2023-01-22 22:09:56.735 &amp#27;[32m INFO&amp#27;[m &amp#27;[35m[@534 - main]&amp#27;[m &amp#27;[36mcom.shaft.tools.io.ReportManager&amp#27;[m : 
################################################################################################################################################
Starting Execution:	"264 out of 83" test cases in the current suite
Test Method:		"SteeringCompanyAPI_TestCases.Test_Policies_Cases.Update_Policy_With_InValid_data_TC"
Test Description:	"TC053 -Policy- Perform Update Policy with InValid data"
################################################################################################################################################
2023-01-22 22:09:56.735 &amp#27;[32m INFO&amp#27;[m &amp#27;[35m[@503 - main]&amp#27;[m &amp#27;[36mcom.shaft.tools.io.ReportManager&amp#27;[m : File Action "DoesFileExist" successfully performed. With the following test data "File Path: "SteeringCompanyAPI_TestData/SteeringCompanyAPI_TestData.xlsx"".
2023-01-22 22:09:56.757 &amp#27;[32m INFO&amp#27;[m &amp#27;[35m[@503 - main]&amp#27;[m &amp#27;[36mcom.shaft.tools.io.ReportManager&amp#27;[m : Successfully created attachment "Test Data - Excel"
2023-01-22 22:09:57.917 &amp#27;[32m INFO&amp#27;[m &amp#27;[35m[@503 - main]&amp#27;[m &amp#27;[36mcom.shaft.tools.io.ReportManager&amp#27;[m : Response status code: "200", status line: "HTTP/1.1 200 OK"
2023-01-22 22:09:57.930 &amp#27;[32m INFO&amp#27;[m &amp#27;[35m[@503 - main]&amp#27;[m &amp#27;[36mcom.shaft.tools.io.ReportManager&amp#27;[m : Successfully created attachment "API Request - Specifications"
2023-01-22 22:09:57.969 &amp#27;[32m INFO&amp#27;[m &amp#27;[35m[@503 - main]&amp#27;[m &amp#27;[36mcom.shaft.tools.io.ReportManager&amp#27;[m : Successfully created attachment "API Request - Body"
2023-01-22 22:09:57.971 &amp#27;[32m INFO&amp#27;[m &amp#27;[35m[@503 - main]&amp#27;[m &amp#27;[36mcom.shaft.tools.io.ReportManager&amp#27;[m : Successfully created attachment "API Response - JSON Body"
2023-01-22 22:09:57.978 &amp#27;[32m INFO&amp#27;[m &amp#27;[35m[@503 - main]&amp#27;[m &amp#27;[36mcom.shaft.tools.io.ReportManager&amp#27;[m : File Action "DoesFileExist" successfully performed. With the following test data "File Path: "SteeringCompanyAPI_TestData/SteeringCompanyAPI_TestData.xlsx"".
2023-01-22 22:09:58.001 &amp#27;[32m INFO&amp#27;[m &amp#27;[35m[@503 - main]&amp#27;[m &amp#27;[36mcom.shaft.tools.io.ReportManager&amp#27;[m : Successfully created attachment "Test Data - Excel"
2023-01-22 22:09:58.002 &amp#27;[32m INFO&amp#27;[m &amp#27;[35m[@503 - main]&amp#27;[m &amp#27;[36mcom.shaft.tools.io.ReportManager&amp#27;[m : File Action "DoesFileExist" successfully performed. With the following test data "File Path: "SteeringCompanyAPI_TestData/SteeringCompanyAPI_TestData.xlsx"".
2023-01-22 22:09:58.022 &amp#27;[32m INFO&amp#27;[m &amp#27;[35m[@503 - main]&amp#27;[m &amp#27;[36mcom.shaft.tools.io.ReportManager&amp#27;[m : Successfully created attachment "Test Data - Excel"
2023-01-22 22:09:58.023 &amp#27;[32m INFO&amp#27;[m &amp#27;[35m[@503 - main]&amp#27;[m &amp#27;[36mcom.shaft.tools.io.ReportManager&amp#27;[m : File Action "DoesFileExist" successfully performed. With the following test data "File Path: "SteeringCompanyAPI_TestData/SteeringCompanyAPI_TestData.xlsx"".
2023-01-22 22:09:58.046 &amp#27;[32m INFO&amp#27;[m &amp#27;[35m[@503 - main]&amp#27;[m &amp#27;[36mcom.shaft.tools.io.ReportManager&amp#27;[m : Successfully created attachment "Test Data - Excel"
2023-01-22 22:09:59.466 &amp#27;[32m INFO&amp#27;[m &amp#27;[35m[@503 - main]&amp#27;[m &amp#27;[36mcom.shaft.tools.io.ReportManager&amp#27;[m : Response status code: "422", status line: "HTTP/1.1 422 "
2023-01-22 22:09:59.477 &amp#27;[32m INFO&amp#27;[m &amp#27;[35m[@503 - main]&amp#27;[m &amp#27;[36mcom.shaft.tools.io.ReportManager&amp#27;[m : Successfully created attachment "API Request - Specifications"
2023-01-22 22:09:59.478 &amp#27;[32m INFO&amp#27;[m &amp#27;[35m[@503 - main]&amp#27;[m &amp#27;[36mcom.shaft.tools.io.ReportManager&amp#27;[m : Successfully created attachment "API Request - JSON Body"
2023-01-22 22:09:59.479 &amp#27;[32m INFO&amp#27;[m &amp#27;[35m[@503 - main]&amp#27;[m &amp#27;[36mcom.shaft.tools.io.ReportManager&amp#27;[m : Successfully created attachment "API Response - JSON Body"
2023-01-22 22:09:59.480 &amp#27;[32m INFO&amp#27;[m &amp#27;[35m[@503 - main]&amp#27;[m &amp#27;[36mcom.shaft.tools.io.ReportManager&amp#27;[m : File Action "DoesFileExist" successfully performed. With the following test data "File Path: "Schemas/ValidationError_schema.json"".
2023-01-22 22:09:59.480 &amp#27;[32m INFO&amp#27;[m &amp#27;[35m[@503 - main]&amp#27;[m &amp#27;[36mcom.shaft.tools.io.ReportManager&amp#27;[m : File Action "DoesFileExist" successfully performed. With the following test data "File Path: "src/test/resources/testDataFiles/Schemas/ValidationError_schema.json"".
2023-01-22 22:09:59.480 &amp#27;[32m INFO&amp#27;[m &amp#27;[35m[@503 - main]&amp#27;[m &amp#27;[36mcom.shaft.tools.io.ReportManager&amp#27;[m : File Action "GetAbsolutePath" successfully performed. With the following test data "Relative Folder Path: "src/test/resources/testDataFiles/Schemas/ValidationError_schema.json"".
2023-01-22 22:09:59.482 &amp#27;[32m INFO&amp#27;[m &amp#27;[35m[@503 - main]&amp#27;[m &amp#27;[36mcom.shaft.tools.io.ReportManager&amp#27;[m : File Action "DoesFileExist" successfully performed. With the following test data "File Path: "C:\eclipse-workspace\MyProjects\TASystemsAPIs\src\test\resources\testDataFiles\Schemas\ValidationError_schema.json"".
2023-01-22 22:09:59.483 &amp#27;[32m INFO&amp#27;[m &amp#27;[35m[@503 - main]&amp#27;[m &amp#27;[36mcom.shaft.tools.io.ReportManager&amp#27;[m : File Action "GetAbsolutePath" successfully performed. With the following test data "Relative Folder Path: "C:\eclipse-workspace\MyProjects\TASystemsAPIs\src\test\resources\testDataFiles\Schemas\ValidationError_schema.json"".
2023-01-22 22:09:59.483 &amp#27;[32m INFO&amp#27;[m &amp#27;[35m[@503 - main]&amp#27;[m &amp#27;[36mcom.shaft.tools.io.ReportManager&amp#27;[m : File Action "ReadFile" successfully performed. With the following test data "File Path: "C:\eclipse-workspace\MyProjects\TASystemsAPIs\src\test\resources\testDataFiles\Schemas\ValidationError_schema.json"".
2023-01-22 22:09:59.485 &amp#27;[32m INFO&amp#27;[m &amp#27;[35m[@503 - main]&amp#27;[m &amp#27;[36mcom.shaft.tools.io.ReportManager&amp#27;[m : Successfully created attachment "Validation Test Data - Expected JSON Value"
2023-01-22 22:09:59.486 &amp#27;[32m INFO&amp#27;[m &amp#27;[35m[@503 - main]&amp#27;[m &amp#27;[36mcom.shaft.tools.io.ReportManager&amp#27;[m : Successfully created attachment "Validation Test Data - Actual JSON Value"
2023-01-22 22:09:59.487 &amp#27;[32m INFO&amp#27;[m &amp#27;[35m[@503 - main]&amp#27;[m &amp#27;[36mcom.shaft.tools.io.ReportManager&amp#27;[m : Successfully created attachment "SHAFT Engine Logs - Current Method log: Update_Policy_With_InValid_data_TC"
]]></system-out>
  </testcase>
  <testcase name="Update_Policy_With_InValid_data_TC[[Ljava.lang.Object;@35728aed](42)" classname="SteeringCompanyAPI_TestCases.Test_Policies_Cases" time="2.353">
    <system-out><![CDATA[2023-01-22 22:09:59.492 &amp#27;[32m INFO&amp#27;[m &amp#27;[35m[@534 - main]&amp#27;[m &amp#27;[36mcom.shaft.tools.io.ReportManager&amp#27;[m : 
################################################################################################################################################
Starting Execution:	"265 out of 83" test cases in the current suite
Test Method:		"SteeringCompanyAPI_TestCases.Test_Policies_Cases.Update_Policy_With_InValid_data_TC"
Test Description:	"TC053 -Policy- Perform Update Policy with InValid data"
################################################################################################################################################
2023-01-22 22:09:59.492 &amp#27;[32m INFO&amp#27;[m &amp#27;[35m[@503 - main]&amp#27;[m &amp#27;[36mcom.shaft.tools.io.ReportManager&amp#27;[m : File Action "DoesFileExist" successfully performed. With the following test data "File Path: "SteeringCompanyAPI_TestData/SteeringCompanyAPI_TestData.xlsx"".
2023-01-22 22:09:59.522 &amp#27;[32m INFO&amp#27;[m &amp#27;[35m[@503 - main]&amp#27;[m &amp#27;[36mcom.shaft.tools.io.ReportManager&amp#27;[m : Successfully created attachment "Test Data - Excel"
2023-01-22 22:10:00.496 &amp#27;[32m INFO&amp#27;[m &amp#27;[35m[@503 - main]&amp#27;[m &amp#27;[36mcom.shaft.tools.io.ReportManager&amp#27;[m : Response status code: "200", status line: "HTTP/1.1 200 OK"
2023-01-22 22:10:00.544 &amp#27;[32m INFO&amp#27;[m &amp#27;[35m[@503 - main]&amp#27;[m &amp#27;[36mcom.shaft.tools.io.ReportManager&amp#27;[m : Successfully created attachment "API Request - Specifications"
2023-01-22 22:10:00.547 &amp#27;[32m INFO&amp#27;[m &amp#27;[35m[@503 - main]&amp#27;[m &amp#27;[36mcom.shaft.tools.io.ReportManager&amp#27;[m : Successfully created attachment "API Request - Body"
2023-01-22 22:10:00.548 &amp#27;[32m INFO&amp#27;[m &amp#27;[35m[@503 - main]&amp#27;[m &amp#27;[36mcom.shaft.tools.io.ReportManager&amp#27;[m : Successfully created attachment "API Response - JSON Body"
2023-01-22 22:10:00.556 &amp#27;[32m INFO&amp#27;[m &amp#27;[35m[@503 - main]&amp#27;[m &amp#27;[36mcom.shaft.tools.io.ReportManager&amp#27;[m : File Action "DoesFileExist" successfully performed. With the following test data "File Path: "SteeringCompanyAPI_TestData/SteeringCompanyAPI_TestData.xlsx"".
2023-01-22 22:10:00.582 &amp#27;[32m INFO&amp#27;[m &amp#27;[35m[@503 - main]&amp#27;[m &amp#27;[36mcom.shaft.tools.io.ReportManager&amp#27;[m : Successfully created attachment "Test Data - Excel"
2023-01-22 22:10:00.582 &amp#27;[32m INFO&amp#27;[m &amp#27;[35m[@503 - main]&amp#27;[m &amp#27;[36mcom.shaft.tools.io.ReportManager&amp#27;[m : File Action "DoesFileExist" successfully performed. With the following test data "File Path: "SteeringCompanyAPI_TestData/SteeringCompanyAPI_TestData.xlsx"".
2023-01-22 22:10:00.620 &amp#27;[32m INFO&amp#27;[m &amp#27;[35m[@503 - main]&amp#27;[m &amp#27;[36mcom.shaft.tools.io.ReportManager&amp#27;[m : Successfully created attachment "Test Data - Excel"
2023-01-22 22:10:00.622 &amp#27;[32m INFO&amp#27;[m &amp#27;[35m[@503 - main]&amp#27;[m &amp#27;[36mcom.shaft.tools.io.ReportManager&amp#27;[m : File Action "DoesFileExist" successfully performed. With the following test data "File Path: "SteeringCompanyAPI_TestData/SteeringCompanyAPI_TestData.xlsx"".
2023-01-22 22:10:00.655 &amp#27;[32m INFO&amp#27;[m &amp#27;[35m[@503 - main]&amp#27;[m &amp#27;[36mcom.shaft.tools.io.ReportManager&amp#27;[m : Successfully created attachment "Test Data - Excel"
2023-01-22 22:10:01.784 &amp#27;[32m INFO&amp#27;[m &amp#27;[35m[@503 - main]&amp#27;[m &amp#27;[36mcom.shaft.tools.io.ReportManager&amp#27;[m : Response status code: "422", status line: "HTTP/1.1 422 "
2023-01-22 22:10:01.794 &amp#27;[32m INFO&amp#27;[m &amp#27;[35m[@503 - main]&amp#27;[m &amp#27;[36mcom.shaft.tools.io.ReportManager&amp#27;[m : Successfully created attachment "API Request - Specifications"
2023-01-22 22:10:01.795 &amp#27;[32m INFO&amp#27;[m &amp#27;[35m[@503 - main]&amp#27;[m &amp#27;[36mcom.shaft.tools.io.ReportManager&amp#27;[m : Successfully created attachment "API Request - JSON Body"
2023-01-22 22:10:01.796 &amp#27;[32m INFO&amp#27;[m &amp#27;[35m[@503 - main]&amp#27;[m &amp#27;[36mcom.shaft.tools.io.ReportManager&amp#27;[m : Successfully created attachment "API Response - JSON Body"
2023-01-22 22:10:01.796 &amp#27;[32m INFO&amp#27;[m &amp#27;[35m[@503 - main]&amp#27;[m &amp#27;[36mcom.shaft.tools.io.ReportManager&amp#27;[m : File Action "DoesFileExist" successfully performed. With the following test data "File Path: "Schemas/ValidationError_schema.json"".
2023-01-22 22:10:01.796 &amp#27;[32m INFO&amp#27;[m &amp#27;[35m[@503 - main]&amp#27;[m &amp#27;[36mcom.shaft.tools.io.ReportManager&amp#27;[m : File Action "DoesFileExist" successfully performed. With the following test data "File Path: "src/test/resources/testDataFiles/Schemas/ValidationError_schema.json"".
2023-01-22 22:10:01.797 &amp#27;[32m INFO&amp#27;[m &amp#27;[35m[@503 - main]&amp#27;[m &amp#27;[36mcom.shaft.tools.io.ReportManager&amp#27;[m : File Action "GetAbsolutePath" successfully performed. With the following test data "Relative Folder Path: "src/test/resources/testDataFiles/Schemas/ValidationError_schema.json"".
2023-01-22 22:10:01.799 &amp#27;[32m INFO&amp#27;[m &amp#27;[35m[@503 - main]&amp#27;[m &amp#27;[36mcom.shaft.tools.io.ReportManager&amp#27;[m : File Action "DoesFileExist" successfully performed. With the following test data "File Path: "C:\eclipse-workspace\MyProjects\TASystemsAPIs\src\test\resources\testDataFiles\Schemas\ValidationError_schema.json"".
2023-01-22 22:10:01.799 &amp#27;[32m INFO&amp#27;[m &amp#27;[35m[@503 - main]&amp#27;[m &amp#27;[36mcom.shaft.tools.io.ReportManager&amp#27;[m : File Action "GetAbsolutePath" successfully performed. With the following test data "Relative Folder Path: "C:\eclipse-workspace\MyProjects\TASystemsAPIs\src\test\resources\testDataFiles\Schemas\ValidationError_schema.json"".
2023-01-22 22:10:01.799 &amp#27;[32m INFO&amp#27;[m &amp#27;[35m[@503 - main]&amp#27;[m &amp#27;[36mcom.shaft.tools.io.ReportManager&amp#27;[m : File Action "ReadFile" successfully performed. With the following test data "File Path: "C:\eclipse-workspace\MyProjects\TASystemsAPIs\src\test\resources\testDataFiles\Schemas\ValidationError_schema.json"".
2023-01-22 22:10:01.840 &amp#27;[32m INFO&amp#27;[m &amp#27;[35m[@503 - main]&amp#27;[m &amp#27;[36mcom.shaft.tools.io.ReportManager&amp#27;[m : Successfully created attachment "Validation Test Data - Expected JSON Value"
2023-01-22 22:10:01.841 &amp#27;[32m INFO&amp#27;[m &amp#27;[35m[@503 - main]&amp#27;[m &amp#27;[36mcom.shaft.tools.io.ReportManager&amp#27;[m : Successfully created attachment "Validation Test Data - Actual JSON Value"
2023-01-22 22:10:01.842 &amp#27;[32m INFO&amp#27;[m &amp#27;[35m[@503 - main]&amp#27;[m &amp#27;[36mcom.shaft.tools.io.ReportManager&amp#27;[m : Successfully created attachment "SHAFT Engine Logs - Current Method log: Update_Policy_With_InValid_data_TC"
]]></system-out>
  </testcase>
  <testcase name="Update_Policy_With_InValid_data_TC[[Ljava.lang.Object;@6f226802](43)" classname="SteeringCompanyAPI_TestCases.Test_Policies_Cases" time="4.443">
    <system-out><![CDATA[2023-01-22 22:10:01.845 &amp#27;[32m INFO&amp#27;[m &amp#27;[35m[@534 - main]&amp#27;[m &amp#27;[36mcom.shaft.tools.io.ReportManager&amp#27;[m : 
################################################################################################################################################
Starting Execution:	"266 out of 83" test cases in the current suite
Test Method:		"SteeringCompanyAPI_TestCases.Test_Policies_Cases.Update_Policy_With_InValid_data_TC"
Test Description:	"TC053 -Policy- Perform Update Policy with InValid data"
################################################################################################################################################
2023-01-22 22:10:01.845 &amp#27;[32m INFO&amp#27;[m &amp#27;[35m[@503 - main]&amp#27;[m &amp#27;[36mcom.shaft.tools.io.ReportManager&amp#27;[m : File Action "DoesFileExist" successfully performed. With the following test data "File Path: "SteeringCompanyAPI_TestData/SteeringCompanyAPI_TestData.xlsx"".
2023-01-22 22:10:01.865 &amp#27;[32m INFO&amp#27;[m &amp#27;[35m[@503 - main]&amp#27;[m &amp#27;[36mcom.shaft.tools.io.ReportManager&amp#27;[m : Successfully created attachment "Test Data - Excel"
2023-01-22 22:10:02.854 &amp#27;[32m INFO&amp#27;[m &amp#27;[35m[@503 - main]&amp#27;[m &amp#27;[36mcom.shaft.tools.io.ReportManager&amp#27;[m : Response status code: "200", status line: "HTTP/1.1 200 OK"
2023-01-22 22:10:02.869 &amp#27;[32m INFO&amp#27;[m &amp#27;[35m[@503 - main]&amp#27;[m &amp#27;[36mcom.shaft.tools.io.ReportManager&amp#27;[m : Successfully created attachment "API Request - Specifications"
2023-01-22 22:10:02.869 &amp#27;[32m INFO&amp#27;[m &amp#27;[35m[@503 - main]&amp#27;[m &amp#27;[36mcom.shaft.tools.io.ReportManager&amp#27;[m : Successfully created attachment "API Request - Body"
2023-01-22 22:10:02.881 &amp#27;[32m INFO&amp#27;[m &amp#27;[35m[@503 - main]&amp#27;[m &amp#27;[36mcom.shaft.tools.io.ReportManager&amp#27;[m : Successfully created attachment "API Response - JSON Body"
2023-01-22 22:10:02.890 &amp#27;[32m INFO&amp#27;[m &amp#27;[35m[@503 - main]&amp#27;[m &amp#27;[36mcom.shaft.tools.io.ReportManager&amp#27;[m : File Action "DoesFileExist" successfully performed. With the following test data "File Path: "SteeringCompanyAPI_TestData/SteeringCompanyAPI_TestData.xlsx"".
2023-01-22 22:10:02.909 &amp#27;[32m INFO&amp#27;[m &amp#27;[35m[@503 - main]&amp#27;[m &amp#27;[36mcom.shaft.tools.io.ReportManager&amp#27;[m : Successfully created attachment "Test Data - Excel"
2023-01-22 22:10:02.909 &amp#27;[32m INFO&amp#27;[m &amp#27;[35m[@503 - main]&amp#27;[m &amp#27;[36mcom.shaft.tools.io.ReportManager&amp#27;[m : File Action "DoesFileExist" successfully performed. With the following test data "File Path: "SteeringCompanyAPI_TestData/SteeringCompanyAPI_TestData.xlsx"".
2023-01-22 22:10:02.928 &amp#27;[32m INFO&amp#27;[m &amp#27;[35m[@503 - main]&amp#27;[m &amp#27;[36mcom.shaft.tools.io.ReportManager&amp#27;[m : Successfully created attachment "Test Data - Excel"
2023-01-22 22:10:02.928 &amp#27;[32m INFO&amp#27;[m &amp#27;[35m[@503 - main]&amp#27;[m &amp#27;[36mcom.shaft.tools.io.ReportManager&amp#27;[m : File Action "DoesFileExist" successfully performed. With the following test data "File Path: "SteeringCompanyAPI_TestData/SteeringCompanyAPI_TestData.xlsx"".
2023-01-22 22:10:02.950 &amp#27;[32m INFO&amp#27;[m &amp#27;[35m[@503 - main]&amp#27;[m &amp#27;[36mcom.shaft.tools.io.ReportManager&amp#27;[m : Successfully created attachment "Test Data - Excel"
2023-01-22 22:10:06.228 &amp#27;[32m INFO&amp#27;[m &amp#27;[35m[@503 - main]&amp#27;[m &amp#27;[36mcom.shaft.tools.io.ReportManager&amp#27;[m : Response status code: "422", status line: "HTTP/1.1 422 "
2023-01-22 22:10:06.275 &amp#27;[32m INFO&amp#27;[m &amp#27;[35m[@503 - main]&amp#27;[m &amp#27;[36mcom.shaft.tools.io.ReportManager&amp#27;[m : Successfully created attachment "API Request - Specifications"
2023-01-22 22:10:06.276 &amp#27;[32m INFO&amp#27;[m &amp#27;[35m[@503 - main]&amp#27;[m &amp#27;[36mcom.shaft.tools.io.ReportManager&amp#27;[m : Successfully created attachment "API Request - JSON Body"
2023-01-22 22:10:06.277 &amp#27;[32m INFO&amp#27;[m &amp#27;[35m[@503 - main]&amp#27;[m &amp#27;[36mcom.shaft.tools.io.ReportManager&amp#27;[m : Successfully created attachment "API Response - JSON Body"
2023-01-22 22:10:06.278 &amp#27;[32m INFO&amp#27;[m &amp#27;[35m[@503 - main]&amp#27;[m &amp#27;[36mcom.shaft.tools.io.ReportManager&amp#27;[m : File Action "DoesFileExist" successfully performed. With the following test data "File Path: "Schemas/ValidationError_schema.json"".
2023-01-22 22:10:06.278 &amp#27;[32m INFO&amp#27;[m &amp#27;[35m[@503 - main]&amp#27;[m &amp#27;[36mcom.shaft.tools.io.ReportManager&amp#27;[m : File Action "DoesFileExist" successfully performed. With the following test data "File Path: "src/test/resources/testDataFiles/Schemas/ValidationError_schema.json"".
2023-01-22 22:10:06.279 &amp#27;[32m INFO&amp#27;[m &amp#27;[35m[@503 - main]&amp#27;[m &amp#27;[36mcom.shaft.tools.io.ReportManager&amp#27;[m : File Action "GetAbsolutePath" successfully performed. With the following test data "Relative Folder Path: "src/test/resources/testDataFiles/Schemas/ValidationError_schema.json"".
2023-01-22 22:10:06.281 &amp#27;[32m INFO&amp#27;[m &amp#27;[35m[@503 - main]&amp#27;[m &amp#27;[36mcom.shaft.tools.io.ReportManager&amp#27;[m : File Action "DoesFileExist" successfully performed. With the following test data "File Path: "C:\eclipse-workspace\MyProjects\TASystemsAPIs\src\test\resources\testDataFiles\Schemas\ValidationError_schema.json"".
2023-01-22 22:10:06.281 &amp#27;[32m INFO&amp#27;[m &amp#27;[35m[@503 - main]&amp#27;[m &amp#27;[36mcom.shaft.tools.io.ReportManager&amp#27;[m : File Action "GetAbsolutePath" successfully performed. With the following test data "Relative Folder Path: "C:\eclipse-workspace\MyProjects\TASystemsAPIs\src\test\resources\testDataFiles\Schemas\ValidationError_schema.json"".
2023-01-22 22:10:06.281 &amp#27;[32m INFO&amp#27;[m &amp#27;[35m[@503 - main]&amp#27;[m &amp#27;[36mcom.shaft.tools.io.ReportManager&amp#27;[m : File Action "ReadFile" successfully performed. With the following test data "File Path: "C:\eclipse-workspace\MyProjects\TASystemsAPIs\src\test\resources\testDataFiles\Schemas\ValidationError_schema.json"".
2023-01-22 22:10:06.282 &amp#27;[32m INFO&amp#27;[m &amp#27;[35m[@503 - main]&amp#27;[m &amp#27;[36mcom.shaft.tools.io.ReportManager&amp#27;[m : Successfully created attachment "Validation Test Data - Expected JSON Value"
2023-01-22 22:10:06.284 &amp#27;[32m INFO&amp#27;[m &amp#27;[35m[@503 - main]&amp#27;[m &amp#27;[36mcom.shaft.tools.io.ReportManager&amp#27;[m : Successfully created attachment "Validation Test Data - Actual JSON Value"
2023-01-22 22:10:06.285 &amp#27;[32m INFO&amp#27;[m &amp#27;[35m[@503 - main]&amp#27;[m &amp#27;[36mcom.shaft.tools.io.ReportManager&amp#27;[m : Successfully created attachment "SHAFT Engine Logs - Current Method log: Update_Policy_With_InValid_data_TC"
]]></system-out>
  </testcase>
  <testcase name="Update_Policy_With_InValid_data_TC[[Ljava.lang.Object;@30b66365](44)" classname="SteeringCompanyAPI_TestCases.Test_Policies_Cases" time="4.742">
    <system-out><![CDATA[2023-01-22 22:10:06.287 &amp#27;[32m INFO&amp#27;[m &amp#27;[35m[@534 - main]&amp#27;[m &amp#27;[36mcom.shaft.tools.io.ReportManager&amp#27;[m : 
################################################################################################################################################
Starting Execution:	"267 out of 83" test cases in the current suite
Test Method:		"SteeringCompanyAPI_TestCases.Test_Policies_Cases.Update_Policy_With_InValid_data_TC"
Test Description:	"TC053 -Policy- Perform Update Policy with InValid data"
################################################################################################################################################
2023-01-22 22:10:06.287 &amp#27;[32m INFO&amp#27;[m &amp#27;[35m[@503 - main]&amp#27;[m &amp#27;[36mcom.shaft.tools.io.ReportManager&amp#27;[m : File Action "DoesFileExist" successfully performed. With the following test data "File Path: "SteeringCompanyAPI_TestData/SteeringCompanyAPI_TestData.xlsx"".
2023-01-22 22:10:06.311 &amp#27;[32m INFO&amp#27;[m &amp#27;[35m[@503 - main]&amp#27;[m &amp#27;[36mcom.shaft.tools.io.ReportManager&amp#27;[m : Successfully created attachment "Test Data - Excel"
2023-01-22 22:10:09.370 &amp#27;[32m INFO&amp#27;[m &amp#27;[35m[@503 - main]&amp#27;[m &amp#27;[36mcom.shaft.tools.io.ReportManager&amp#27;[m : Response status code: "200", status line: "HTTP/1.1 200 OK"
2023-01-22 22:10:09.381 &amp#27;[32m INFO&amp#27;[m &amp#27;[35m[@503 - main]&amp#27;[m &amp#27;[36mcom.shaft.tools.io.ReportManager&amp#27;[m : Successfully created attachment "API Request - Specifications"
2023-01-22 22:10:09.381 &amp#27;[32m INFO&amp#27;[m &amp#27;[35m[@503 - main]&amp#27;[m &amp#27;[36mcom.shaft.tools.io.ReportManager&amp#27;[m : Successfully created attachment "API Request - Body"
2023-01-22 22:10:09.382 &amp#27;[32m INFO&amp#27;[m &amp#27;[35m[@503 - main]&amp#27;[m &amp#27;[36mcom.shaft.tools.io.ReportManager&amp#27;[m : Successfully created attachment "API Response - JSON Body"
2023-01-22 22:10:09.388 &amp#27;[32m INFO&amp#27;[m &amp#27;[35m[@503 - main]&amp#27;[m &amp#27;[36mcom.shaft.tools.io.ReportManager&amp#27;[m : File Action "DoesFileExist" successfully performed. With the following test data "File Path: "SteeringCompanyAPI_TestData/SteeringCompanyAPI_TestData.xlsx"".
2023-01-22 22:10:09.409 &amp#27;[32m INFO&amp#27;[m &amp#27;[35m[@503 - main]&amp#27;[m &amp#27;[36mcom.shaft.tools.io.ReportManager&amp#27;[m : Successfully created attachment "Test Data - Excel"
2023-01-22 22:10:09.409 &amp#27;[32m INFO&amp#27;[m &amp#27;[35m[@503 - main]&amp#27;[m &amp#27;[36mcom.shaft.tools.io.ReportManager&amp#27;[m : File Action "DoesFileExist" successfully performed. With the following test data "File Path: "SteeringCompanyAPI_TestData/SteeringCompanyAPI_TestData.xlsx"".
2023-01-22 22:10:09.442 &amp#27;[32m INFO&amp#27;[m &amp#27;[35m[@503 - main]&amp#27;[m &amp#27;[36mcom.shaft.tools.io.ReportManager&amp#27;[m : Successfully created attachment "Test Data - Excel"
2023-01-22 22:10:09.442 &amp#27;[32m INFO&amp#27;[m &amp#27;[35m[@503 - main]&amp#27;[m &amp#27;[36mcom.shaft.tools.io.ReportManager&amp#27;[m : File Action "DoesFileExist" successfully performed. With the following test data "File Path: "SteeringCompanyAPI_TestData/SteeringCompanyAPI_TestData.xlsx"".
2023-01-22 22:10:09.496 &amp#27;[32m INFO&amp#27;[m &amp#27;[35m[@503 - main]&amp#27;[m &amp#27;[36mcom.shaft.tools.io.ReportManager&amp#27;[m : Successfully created attachment "Test Data - Excel"
2023-01-22 22:10:11.002 &amp#27;[32m INFO&amp#27;[m &amp#27;[35m[@503 - main]&amp#27;[m &amp#27;[36mcom.shaft.tools.io.ReportManager&amp#27;[m : Response status code: "422", status line: "HTTP/1.1 422 "
2023-01-22 22:10:11.016 &amp#27;[32m INFO&amp#27;[m &amp#27;[35m[@503 - main]&amp#27;[m &amp#27;[36mcom.shaft.tools.io.ReportManager&amp#27;[m : Successfully created attachment "API Request - Specifications"
2023-01-22 22:10:11.017 &amp#27;[32m INFO&amp#27;[m &amp#27;[35m[@503 - main]&amp#27;[m &amp#27;[36mcom.shaft.tools.io.ReportManager&amp#27;[m : Successfully created attachment "API Request - JSON Body"
2023-01-22 22:10:11.017 &amp#27;[32m INFO&amp#27;[m &amp#27;[35m[@503 - main]&amp#27;[m &amp#27;[36mcom.shaft.tools.io.ReportManager&amp#27;[m : Successfully created attachment "API Response - JSON Body"
2023-01-22 22:10:11.019 &amp#27;[32m INFO&amp#27;[m &amp#27;[35m[@503 - main]&amp#27;[m &amp#27;[36mcom.shaft.tools.io.ReportManager&amp#27;[m : File Action "DoesFileExist" successfully performed. With the following test data "File Path: "Schemas/ValidationError_schema.json"".
2023-01-22 22:10:11.019 &amp#27;[32m INFO&amp#27;[m &amp#27;[35m[@503 - main]&amp#27;[m &amp#27;[36mcom.shaft.tools.io.ReportManager&amp#27;[m : File Action "DoesFileExist" successfully performed. With the following test data "File Path: "src/test/resources/testDataFiles/Schemas/ValidationError_schema.json"".
2023-01-22 22:10:11.019 &amp#27;[32m INFO&amp#27;[m &amp#27;[35m[@503 - main]&amp#27;[m &amp#27;[36mcom.shaft.tools.io.ReportManager&amp#27;[m : File Action "GetAbsolutePath" successfully performed. With the following test data "Relative Folder Path: "src/test/resources/testDataFiles/Schemas/ValidationError_schema.json"".
2023-01-22 22:10:11.021 &amp#27;[32m INFO&amp#27;[m &amp#27;[35m[@503 - main]&amp#27;[m &amp#27;[36mcom.shaft.tools.io.ReportManager&amp#27;[m : File Action "DoesFileExist" successfully performed. With the following test data "File Path: "C:\eclipse-workspace\MyProjects\TASystemsAPIs\src\test\resources\testDataFiles\Schemas\ValidationError_schema.json"".
2023-01-22 22:10:11.021 &amp#27;[32m INFO&amp#27;[m &amp#27;[35m[@503 - main]&amp#27;[m &amp#27;[36mcom.shaft.tools.io.ReportManager&amp#27;[m : File Action "GetAbsolutePath" successfully performed. With the following test data "Relative Folder Path: "C:\eclipse-workspace\MyProjects\TASystemsAPIs\src\test\resources\testDataFiles\Schemas\ValidationError_schema.json"".
2023-01-22 22:10:11.022 &amp#27;[32m INFO&amp#27;[m &amp#27;[35m[@503 - main]&amp#27;[m &amp#27;[36mcom.shaft.tools.io.ReportManager&amp#27;[m : File Action "ReadFile" successfully performed. With the following test data "File Path: "C:\eclipse-workspace\MyProjects\TASystemsAPIs\src\test\resources\testDataFiles\Schemas\ValidationError_schema.json"".
2023-01-22 22:10:11.024 &amp#27;[32m INFO&amp#27;[m &amp#27;[35m[@503 - main]&amp#27;[m &amp#27;[36mcom.shaft.tools.io.ReportManager&amp#27;[m : Successfully created attachment "Validation Test Data - Expected JSON Value"
2023-01-22 22:10:11.025 &amp#27;[32m INFO&amp#27;[m &amp#27;[35m[@503 - main]&amp#27;[m &amp#27;[36mcom.shaft.tools.io.ReportManager&amp#27;[m : Successfully created attachment "Validation Test Data - Actual JSON Value"
2023-01-22 22:10:11.026 &amp#27;[32m INFO&amp#27;[m &amp#27;[35m[@503 - main]&amp#27;[m &amp#27;[36mcom.shaft.tools.io.ReportManager&amp#27;[m : Successfully created attachment "SHAFT Engine Logs - Current Method log: Update_Policy_With_InValid_data_TC"
]]></system-out>
  </testcase>
  <testcase name="Update_Policy_With_InValid_data_TC[[Ljava.lang.Object;@77e93be5](45)" classname="SteeringCompanyAPI_TestCases.Test_Policies_Cases" time="1.877">
    <system-out><![CDATA[2023-01-22 22:10:11.029 &amp#27;[32m INFO&amp#27;[m &amp#27;[35m[@534 - main]&amp#27;[m &amp#27;[36mcom.shaft.tools.io.ReportManager&amp#27;[m : 
################################################################################################################################################
Starting Execution:	"268 out of 83" test cases in the current suite
Test Method:		"SteeringCompanyAPI_TestCases.Test_Policies_Cases.Update_Policy_With_InValid_data_TC"
Test Description:	"TC053 -Policy- Perform Update Policy with InValid data"
################################################################################################################################################
2023-01-22 22:10:11.029 &amp#27;[32m INFO&amp#27;[m &amp#27;[35m[@503 - main]&amp#27;[m &amp#27;[36mcom.shaft.tools.io.ReportManager&amp#27;[m : File Action "DoesFileExist" successfully performed. With the following test data "File Path: "SteeringCompanyAPI_TestData/SteeringCompanyAPI_TestData.xlsx"".
2023-01-22 22:10:11.054 &amp#27;[32m INFO&amp#27;[m &amp#27;[35m[@503 - main]&amp#27;[m &amp#27;[36mcom.shaft.tools.io.ReportManager&amp#27;[m : Successfully created attachment "Test Data - Excel"
2023-01-22 22:10:11.855 &amp#27;[32m INFO&amp#27;[m &amp#27;[35m[@503 - main]&amp#27;[m &amp#27;[36mcom.shaft.tools.io.ReportManager&amp#27;[m : Response status code: "200", status line: "HTTP/1.1 200 OK"
2023-01-22 22:10:11.864 &amp#27;[32m INFO&amp#27;[m &amp#27;[35m[@503 - main]&amp#27;[m &amp#27;[36mcom.shaft.tools.io.ReportManager&amp#27;[m : Successfully created attachment "API Request - Specifications"
2023-01-22 22:10:11.865 &amp#27;[32m INFO&amp#27;[m &amp#27;[35m[@503 - main]&amp#27;[m &amp#27;[36mcom.shaft.tools.io.ReportManager&amp#27;[m : Successfully created attachment "API Request - Body"
2023-01-22 22:10:11.866 &amp#27;[32m INFO&amp#27;[m &amp#27;[35m[@503 - main]&amp#27;[m &amp#27;[36mcom.shaft.tools.io.ReportManager&amp#27;[m : Successfully created attachment "API Response - JSON Body"
2023-01-22 22:10:11.872 &amp#27;[32m INFO&amp#27;[m &amp#27;[35m[@503 - main]&amp#27;[m &amp#27;[36mcom.shaft.tools.io.ReportManager&amp#27;[m : File Action "DoesFileExist" successfully performed. With the following test data "File Path: "SteeringCompanyAPI_TestData/SteeringCompanyAPI_TestData.xlsx"".
2023-01-22 22:10:11.893 &amp#27;[32m INFO&amp#27;[m &amp#27;[35m[@503 - main]&amp#27;[m &amp#27;[36mcom.shaft.tools.io.ReportManager&amp#27;[m : Successfully created attachment "Test Data - Excel"
2023-01-22 22:10:11.893 &amp#27;[32m INFO&amp#27;[m &amp#27;[35m[@503 - main]&amp#27;[m &amp#27;[36mcom.shaft.tools.io.ReportManager&amp#27;[m : File Action "DoesFileExist" successfully performed. With the following test data "File Path: "SteeringCompanyAPI_TestData/SteeringCompanyAPI_TestData.xlsx"".
2023-01-22 22:10:11.912 &amp#27;[32m INFO&amp#27;[m &amp#27;[35m[@503 - main]&amp#27;[m &amp#27;[36mcom.shaft.tools.io.ReportManager&amp#27;[m : Successfully created attachment "Test Data - Excel"
2023-01-22 22:10:11.914 &amp#27;[32m INFO&amp#27;[m &amp#27;[35m[@503 - main]&amp#27;[m &amp#27;[36mcom.shaft.tools.io.ReportManager&amp#27;[m : File Action "DoesFileExist" successfully performed. With the following test data "File Path: "SteeringCompanyAPI_TestData/SteeringCompanyAPI_TestData.xlsx"".
2023-01-22 22:10:11.972 &amp#27;[32m INFO&amp#27;[m &amp#27;[35m[@503 - main]&amp#27;[m &amp#27;[36mcom.shaft.tools.io.ReportManager&amp#27;[m : Successfully created attachment "Test Data - Excel"
2023-01-22 22:10:12.846 &amp#27;[32m INFO&amp#27;[m &amp#27;[35m[@503 - main]&amp#27;[m &amp#27;[36mcom.shaft.tools.io.ReportManager&amp#27;[m : Response status code: "422", status line: "HTTP/1.1 422 "
2023-01-22 22:10:12.854 &amp#27;[32m INFO&amp#27;[m &amp#27;[35m[@503 - main]&amp#27;[m &amp#27;[36mcom.shaft.tools.io.ReportManager&amp#27;[m : Successfully created attachment "API Request - Specifications"
2023-01-22 22:10:12.855 &amp#27;[32m INFO&amp#27;[m &amp#27;[35m[@503 - main]&amp#27;[m &amp#27;[36mcom.shaft.tools.io.ReportManager&amp#27;[m : Successfully created attachment "API Request - JSON Body"
2023-01-22 22:10:12.856 &amp#27;[32m INFO&amp#27;[m &amp#27;[35m[@503 - main]&amp#27;[m &amp#27;[36mcom.shaft.tools.io.ReportManager&amp#27;[m : Successfully created attachment "API Response - JSON Body"
2023-01-22 22:10:12.856 &amp#27;[32m INFO&amp#27;[m &amp#27;[35m[@503 - main]&amp#27;[m &amp#27;[36mcom.shaft.tools.io.ReportManager&amp#27;[m : File Action "DoesFileExist" successfully performed. With the following test data "File Path: "Schemas/ValidationError_schema.json"".
2023-01-22 22:10:12.856 &amp#27;[32m INFO&amp#27;[m &amp#27;[35m[@503 - main]&amp#27;[m &amp#27;[36mcom.shaft.tools.io.ReportManager&amp#27;[m : File Action "DoesFileExist" successfully performed. With the following test data "File Path: "src/test/resources/testDataFiles/Schemas/ValidationError_schema.json"".
2023-01-22 22:10:12.857 &amp#27;[32m INFO&amp#27;[m &amp#27;[35m[@503 - main]&amp#27;[m &amp#27;[36mcom.shaft.tools.io.ReportManager&amp#27;[m : File Action "GetAbsolutePath" successfully performed. With the following test data "Relative Folder Path: "src/test/resources/testDataFiles/Schemas/ValidationError_schema.json"".
2023-01-22 22:10:12.859 &amp#27;[32m INFO&amp#27;[m &amp#27;[35m[@503 - main]&amp#27;[m &amp#27;[36mcom.shaft.tools.io.ReportManager&amp#27;[m : File Action "DoesFileExist" successfully performed. With the following test data "File Path: "C:\eclipse-workspace\MyProjects\TASystemsAPIs\src\test\resources\testDataFiles\Schemas\ValidationError_schema.json"".
2023-01-22 22:10:12.860 &amp#27;[32m INFO&amp#27;[m &amp#27;[35m[@503 - main]&amp#27;[m &amp#27;[36mcom.shaft.tools.io.ReportManager&amp#27;[m : File Action "GetAbsolutePath" successfully performed. With the following test data "Relative Folder Path: "C:\eclipse-workspace\MyProjects\TASystemsAPIs\src\test\resources\testDataFiles\Schemas\ValidationError_schema.json"".
2023-01-22 22:10:12.860 &amp#27;[32m INFO&amp#27;[m &amp#27;[35m[@503 - main]&amp#27;[m &amp#27;[36mcom.shaft.tools.io.ReportManager&amp#27;[m : File Action "ReadFile" successfully performed. With the following test data "File Path: "C:\eclipse-workspace\MyProjects\TASystemsAPIs\src\test\resources\testDataFiles\Schemas\ValidationError_schema.json"".
2023-01-22 22:10:12.863 &amp#27;[32m INFO&amp#27;[m &amp#27;[35m[@503 - main]&amp#27;[m &amp#27;[36mcom.shaft.tools.io.ReportManager&amp#27;[m : Successfully created attachment "Validation Test Data - Expected JSON Value"
2023-01-22 22:10:12.902 &amp#27;[32m INFO&amp#27;[m &amp#27;[35m[@503 - main]&amp#27;[m &amp#27;[36mcom.shaft.tools.io.ReportManager&amp#27;[m : Successfully created attachment "Validation Test Data - Actual JSON Value"
2023-01-22 22:10:12.903 &amp#27;[32m INFO&amp#27;[m &amp#27;[35m[@503 - main]&amp#27;[m &amp#27;[36mcom.shaft.tools.io.ReportManager&amp#27;[m : Successfully created attachment "SHAFT Engine Logs - Current Method log: Update_Policy_With_InValid_data_TC"
]]></system-out>
  </testcase>
  <testcase name="Update_Policy_With_InValid_data_TC[[Ljava.lang.Object;@1b161ee8](46)" classname="SteeringCompanyAPI_TestCases.Test_Policies_Cases" time="2.257">
    <system-out><![CDATA[2023-01-22 22:10:12.906 &amp#27;[32m INFO&amp#27;[m &amp#27;[35m[@534 - main]&amp#27;[m &amp#27;[36mcom.shaft.tools.io.ReportManager&amp#27;[m : 
################################################################################################################################################
Starting Execution:	"269 out of 83" test cases in the current suite
Test Method:		"SteeringCompanyAPI_TestCases.Test_Policies_Cases.Update_Policy_With_InValid_data_TC"
Test Description:	"TC053 -Policy- Perform Update Policy with InValid data"
################################################################################################################################################
2023-01-22 22:10:12.907 &amp#27;[32m INFO&amp#27;[m &amp#27;[35m[@503 - main]&amp#27;[m &amp#27;[36mcom.shaft.tools.io.ReportManager&amp#27;[m : File Action "DoesFileExist" successfully performed. With the following test data "File Path: "SteeringCompanyAPI_TestData/SteeringCompanyAPI_TestData.xlsx"".
2023-01-22 22:10:12.928 &amp#27;[32m INFO&amp#27;[m &amp#27;[35m[@503 - main]&amp#27;[m &amp#27;[36mcom.shaft.tools.io.ReportManager&amp#27;[m : Successfully created attachment "Test Data - Excel"
2023-01-22 22:10:13.814 &amp#27;[32m INFO&amp#27;[m &amp#27;[35m[@503 - main]&amp#27;[m &amp#27;[36mcom.shaft.tools.io.ReportManager&amp#27;[m : Response status code: "200", status line: "HTTP/1.1 200 OK"
2023-01-22 22:10:13.827 &amp#27;[32m INFO&amp#27;[m &amp#27;[35m[@503 - main]&amp#27;[m &amp#27;[36mcom.shaft.tools.io.ReportManager&amp#27;[m : Successfully created attachment "API Request - Specifications"
2023-01-22 22:10:13.827 &amp#27;[32m INFO&amp#27;[m &amp#27;[35m[@503 - main]&amp#27;[m &amp#27;[36mcom.shaft.tools.io.ReportManager&amp#27;[m : Successfully created attachment "API Request - Body"
2023-01-22 22:10:13.829 &amp#27;[32m INFO&amp#27;[m &amp#27;[35m[@503 - main]&amp#27;[m &amp#27;[36mcom.shaft.tools.io.ReportManager&amp#27;[m : Successfully created attachment "API Response - JSON Body"
2023-01-22 22:10:13.836 &amp#27;[32m INFO&amp#27;[m &amp#27;[35m[@503 - main]&amp#27;[m &amp#27;[36mcom.shaft.tools.io.ReportManager&amp#27;[m : File Action "DoesFileExist" successfully performed. With the following test data "File Path: "SteeringCompanyAPI_TestData/SteeringCompanyAPI_TestData.xlsx"".
2023-01-22 22:10:13.896 &amp#27;[32m INFO&amp#27;[m &amp#27;[35m[@503 - main]&amp#27;[m &amp#27;[36mcom.shaft.tools.io.ReportManager&amp#27;[m : Successfully created attachment "Test Data - Excel"
2023-01-22 22:10:13.897 &amp#27;[32m INFO&amp#27;[m &amp#27;[35m[@503 - main]&amp#27;[m &amp#27;[36mcom.shaft.tools.io.ReportManager&amp#27;[m : File Action "DoesFileExist" successfully performed. With the following test data "File Path: "SteeringCompanyAPI_TestData/SteeringCompanyAPI_TestData.xlsx"".
2023-01-22 22:10:13.919 &amp#27;[32m INFO&amp#27;[m &amp#27;[35m[@503 - main]&amp#27;[m &amp#27;[36mcom.shaft.tools.io.ReportManager&amp#27;[m : Successfully created attachment "Test Data - Excel"
2023-01-22 22:10:13.919 &amp#27;[32m INFO&amp#27;[m &amp#27;[35m[@503 - main]&amp#27;[m &amp#27;[36mcom.shaft.tools.io.ReportManager&amp#27;[m : File Action "DoesFileExist" successfully performed. With the following test data "File Path: "SteeringCompanyAPI_TestData/SteeringCompanyAPI_TestData.xlsx"".
2023-01-22 22:10:13.939 &amp#27;[32m INFO&amp#27;[m &amp#27;[35m[@503 - main]&amp#27;[m &amp#27;[36mcom.shaft.tools.io.ReportManager&amp#27;[m : Successfully created attachment "Test Data - Excel"
2023-01-22 22:10:15.143 &amp#27;[32m INFO&amp#27;[m &amp#27;[35m[@503 - main]&amp#27;[m &amp#27;[36mcom.shaft.tools.io.ReportManager&amp#27;[m : Response status code: "422", status line: "HTTP/1.1 422 "
2023-01-22 22:10:15.152 &amp#27;[32m INFO&amp#27;[m &amp#27;[35m[@503 - main]&amp#27;[m &amp#27;[36mcom.shaft.tools.io.ReportManager&amp#27;[m : Successfully created attachment "API Request - Specifications"
2023-01-22 22:10:15.153 &amp#27;[32m INFO&amp#27;[m &amp#27;[35m[@503 - main]&amp#27;[m &amp#27;[36mcom.shaft.tools.io.ReportManager&amp#27;[m : Successfully created attachment "API Request - JSON Body"
2023-01-22 22:10:15.154 &amp#27;[32m INFO&amp#27;[m &amp#27;[35m[@503 - main]&amp#27;[m &amp#27;[36mcom.shaft.tools.io.ReportManager&amp#27;[m : Successfully created attachment "API Response - JSON Body"
2023-01-22 22:10:15.155 &amp#27;[32m INFO&amp#27;[m &amp#27;[35m[@503 - main]&amp#27;[m &amp#27;[36mcom.shaft.tools.io.ReportManager&amp#27;[m : File Action "DoesFileExist" successfully performed. With the following test data "File Path: "Schemas/ValidationError_schema.json"".
2023-01-22 22:10:15.155 &amp#27;[32m INFO&amp#27;[m &amp#27;[35m[@503 - main]&amp#27;[m &amp#27;[36mcom.shaft.tools.io.ReportManager&amp#27;[m : File Action "DoesFileExist" successfully performed. With the following test data "File Path: "src/test/resources/testDataFiles/Schemas/ValidationError_schema.json"".
2023-01-22 22:10:15.155 &amp#27;[32m INFO&amp#27;[m &amp#27;[35m[@503 - main]&amp#27;[m &amp#27;[36mcom.shaft.tools.io.ReportManager&amp#27;[m : File Action "GetAbsolutePath" successfully performed. With the following test data "Relative Folder Path: "src/test/resources/testDataFiles/Schemas/ValidationError_schema.json"".
2023-01-22 22:10:15.157 &amp#27;[32m INFO&amp#27;[m &amp#27;[35m[@503 - main]&amp#27;[m &amp#27;[36mcom.shaft.tools.io.ReportManager&amp#27;[m : File Action "DoesFileExist" successfully performed. With the following test data "File Path: "C:\eclipse-workspace\MyProjects\TASystemsAPIs\src\test\resources\testDataFiles\Schemas\ValidationError_schema.json"".
2023-01-22 22:10:15.157 &amp#27;[32m INFO&amp#27;[m &amp#27;[35m[@503 - main]&amp#27;[m &amp#27;[36mcom.shaft.tools.io.ReportManager&amp#27;[m : File Action "GetAbsolutePath" successfully performed. With the following test data "Relative Folder Path: "C:\eclipse-workspace\MyProjects\TASystemsAPIs\src\test\resources\testDataFiles\Schemas\ValidationError_schema.json"".
2023-01-22 22:10:15.157 &amp#27;[32m INFO&amp#27;[m &amp#27;[35m[@503 - main]&amp#27;[m &amp#27;[36mcom.shaft.tools.io.ReportManager&amp#27;[m : File Action "ReadFile" successfully performed. With the following test data "File Path: "C:\eclipse-workspace\MyProjects\TASystemsAPIs\src\test\resources\testDataFiles\Schemas\ValidationError_schema.json"".
2023-01-22 22:10:15.158 &amp#27;[32m INFO&amp#27;[m &amp#27;[35m[@503 - main]&amp#27;[m &amp#27;[36mcom.shaft.tools.io.ReportManager&amp#27;[m : Successfully created attachment "Validation Test Data - Expected JSON Value"
2023-01-22 22:10:15.159 &amp#27;[32m INFO&amp#27;[m &amp#27;[35m[@503 - main]&amp#27;[m &amp#27;[36mcom.shaft.tools.io.ReportManager&amp#27;[m : Successfully created attachment "Validation Test Data - Actual JSON Value"
2023-01-22 22:10:15.160 &amp#27;[32m INFO&amp#27;[m &amp#27;[35m[@503 - main]&amp#27;[m &amp#27;[36mcom.shaft.tools.io.ReportManager&amp#27;[m : Successfully created attachment "SHAFT Engine Logs - Current Method log: Update_Policy_With_InValid_data_TC"
]]></system-out>
  </testcase>
  <testcase name="Update_Policy_With_InValid_data_TC[[Ljava.lang.Object;@3ac79d4c](47)" classname="SteeringCompanyAPI_TestCases.Test_Policies_Cases" time="6.259">
    <system-out><![CDATA[2023-01-22 22:10:15.171 &amp#27;[32m INFO&amp#27;[m &amp#27;[35m[@534 - main]&amp#27;[m &amp#27;[36mcom.shaft.tools.io.ReportManager&amp#27;[m : 
################################################################################################################################################
Starting Execution:	"270 out of 83" test cases in the current suite
Test Method:		"SteeringCompanyAPI_TestCases.Test_Policies_Cases.Update_Policy_With_InValid_data_TC"
Test Description:	"TC053 -Policy- Perform Update Policy with InValid data"
################################################################################################################################################
2023-01-22 22:10:15.171 &amp#27;[32m INFO&amp#27;[m &amp#27;[35m[@503 - main]&amp#27;[m &amp#27;[36mcom.shaft.tools.io.ReportManager&amp#27;[m : File Action "DoesFileExist" successfully performed. With the following test data "File Path: "SteeringCompanyAPI_TestData/SteeringCompanyAPI_TestData.xlsx"".
2023-01-22 22:10:15.194 &amp#27;[32m INFO&amp#27;[m &amp#27;[35m[@503 - main]&amp#27;[m &amp#27;[36mcom.shaft.tools.io.ReportManager&amp#27;[m : Successfully created attachment "Test Data - Excel"
2023-01-22 22:10:18.576 &amp#27;[32m INFO&amp#27;[m &amp#27;[35m[@503 - main]&amp#27;[m &amp#27;[36mcom.shaft.tools.io.ReportManager&amp#27;[m : Response status code: "200", status line: "HTTP/1.1 200 OK"
2023-01-22 22:10:18.588 &amp#27;[32m INFO&amp#27;[m &amp#27;[35m[@503 - main]&amp#27;[m &amp#27;[36mcom.shaft.tools.io.ReportManager&amp#27;[m : Successfully created attachment "API Request - Specifications"
2023-01-22 22:10:18.590 &amp#27;[32m INFO&amp#27;[m &amp#27;[35m[@503 - main]&amp#27;[m &amp#27;[36mcom.shaft.tools.io.ReportManager&amp#27;[m : Successfully created attachment "API Request - Body"
2023-01-22 22:10:18.591 &amp#27;[32m INFO&amp#27;[m &amp#27;[35m[@503 - main]&amp#27;[m &amp#27;[36mcom.shaft.tools.io.ReportManager&amp#27;[m : Successfully created attachment "API Response - JSON Body"
2023-01-22 22:10:18.597 &amp#27;[32m INFO&amp#27;[m &amp#27;[35m[@503 - main]&amp#27;[m &amp#27;[36mcom.shaft.tools.io.ReportManager&amp#27;[m : File Action "DoesFileExist" successfully performed. With the following test data "File Path: "SteeringCompanyAPI_TestData/SteeringCompanyAPI_TestData.xlsx"".
2023-01-22 22:10:18.654 &amp#27;[32m INFO&amp#27;[m &amp#27;[35m[@503 - main]&amp#27;[m &amp#27;[36mcom.shaft.tools.io.ReportManager&amp#27;[m : Successfully created attachment "Test Data - Excel"
2023-01-22 22:10:18.654 &amp#27;[32m INFO&amp#27;[m &amp#27;[35m[@503 - main]&amp#27;[m &amp#27;[36mcom.shaft.tools.io.ReportManager&amp#27;[m : File Action "DoesFileExist" successfully performed. With the following test data "File Path: "SteeringCompanyAPI_TestData/SteeringCompanyAPI_TestData.xlsx"".
2023-01-22 22:10:18.673 &amp#27;[32m INFO&amp#27;[m &amp#27;[35m[@503 - main]&amp#27;[m &amp#27;[36mcom.shaft.tools.io.ReportManager&amp#27;[m : Successfully created attachment "Test Data - Excel"
2023-01-22 22:10:18.674 &amp#27;[32m INFO&amp#27;[m &amp#27;[35m[@503 - main]&amp#27;[m &amp#27;[36mcom.shaft.tools.io.ReportManager&amp#27;[m : File Action "DoesFileExist" successfully performed. With the following test data "File Path: "SteeringCompanyAPI_TestData/SteeringCompanyAPI_TestData.xlsx"".
2023-01-22 22:10:18.694 &amp#27;[32m INFO&amp#27;[m &amp#27;[35m[@503 - main]&amp#27;[m &amp#27;[36mcom.shaft.tools.io.ReportManager&amp#27;[m : Successfully created attachment "Test Data - Excel"
2023-01-22 22:10:21.344 &amp#27;[32m INFO&amp#27;[m &amp#27;[35m[@503 - main]&amp#27;[m &amp#27;[36mcom.shaft.tools.io.ReportManager&amp#27;[m : Response status code: "422", status line: "HTTP/1.1 422 "
2023-01-22 22:10:21.368 &amp#27;[32m INFO&amp#27;[m &amp#27;[35m[@503 - main]&amp#27;[m &amp#27;[36mcom.shaft.tools.io.ReportManager&amp#27;[m : Successfully created attachment "API Request - Specifications"
2023-01-22 22:10:21.407 &amp#27;[32m INFO&amp#27;[m &amp#27;[35m[@503 - main]&amp#27;[m &amp#27;[36mcom.shaft.tools.io.ReportManager&amp#27;[m : Successfully created attachment "API Request - JSON Body"
2023-01-22 22:10:21.408 &amp#27;[32m INFO&amp#27;[m &amp#27;[35m[@503 - main]&amp#27;[m &amp#27;[36mcom.shaft.tools.io.ReportManager&amp#27;[m : Successfully created attachment "API Response - JSON Body"
2023-01-22 22:10:21.409 &amp#27;[32m INFO&amp#27;[m &amp#27;[35m[@503 - main]&amp#27;[m &amp#27;[36mcom.shaft.tools.io.ReportManager&amp#27;[m : File Action "DoesFileExist" successfully performed. With the following test data "File Path: "Schemas/ValidationError_schema.json"".
2023-01-22 22:10:21.410 &amp#27;[32m INFO&amp#27;[m &amp#27;[35m[@503 - main]&amp#27;[m &amp#27;[36mcom.shaft.tools.io.ReportManager&amp#27;[m : File Action "DoesFileExist" successfully performed. With the following test data "File Path: "src/test/resources/testDataFiles/Schemas/ValidationError_schema.json"".
2023-01-22 22:10:21.410 &amp#27;[32m INFO&amp#27;[m &amp#27;[35m[@503 - main]&amp#27;[m &amp#27;[36mcom.shaft.tools.io.ReportManager&amp#27;[m : File Action "GetAbsolutePath" successfully performed. With the following test data "Relative Folder Path: "src/test/resources/testDataFiles/Schemas/ValidationError_schema.json"".
2023-01-22 22:10:21.412 &amp#27;[32m INFO&amp#27;[m &amp#27;[35m[@503 - main]&amp#27;[m &amp#27;[36mcom.shaft.tools.io.ReportManager&amp#27;[m : File Action "DoesFileExist" successfully performed. With the following test data "File Path: "C:\eclipse-workspace\MyProjects\TASystemsAPIs\src\test\resources\testDataFiles\Schemas\ValidationError_schema.json"".
2023-01-22 22:10:21.412 &amp#27;[32m INFO&amp#27;[m &amp#27;[35m[@503 - main]&amp#27;[m &amp#27;[36mcom.shaft.tools.io.ReportManager&amp#27;[m : File Action "GetAbsolutePath" successfully performed. With the following test data "Relative Folder Path: "C:\eclipse-workspace\MyProjects\TASystemsAPIs\src\test\resources\testDataFiles\Schemas\ValidationError_schema.json"".
2023-01-22 22:10:21.413 &amp#27;[32m INFO&amp#27;[m &amp#27;[35m[@503 - main]&amp#27;[m &amp#27;[36mcom.shaft.tools.io.ReportManager&amp#27;[m : File Action "ReadFile" successfully performed. With the following test data "File Path: "C:\eclipse-workspace\MyProjects\TASystemsAPIs\src\test\resources\testDataFiles\Schemas\ValidationError_schema.json"".
2023-01-22 22:10:21.415 &amp#27;[32m INFO&amp#27;[m &amp#27;[35m[@503 - main]&amp#27;[m &amp#27;[36mcom.shaft.tools.io.ReportManager&amp#27;[m : Successfully created attachment "Validation Test Data - Expected JSON Value"
2023-01-22 22:10:21.417 &amp#27;[32m INFO&amp#27;[m &amp#27;[35m[@503 - main]&amp#27;[m &amp#27;[36mcom.shaft.tools.io.ReportManager&amp#27;[m : Successfully created attachment "Validation Test Data - Actual JSON Value"
2023-01-22 22:10:21.418 &amp#27;[32m INFO&amp#27;[m &amp#27;[35m[@503 - main]&amp#27;[m &amp#27;[36mcom.shaft.tools.io.ReportManager&amp#27;[m : Successfully created attachment "SHAFT Engine Logs - Current Method log: Update_Policy_With_InValid_data_TC"
]]></system-out>
  </testcase>
  <testcase name="Update_Policy_With_InValid_data_TC[[Ljava.lang.Object;@18a32d96](48)" classname="SteeringCompanyAPI_TestCases.Test_Policies_Cases" time="3.996">
    <system-out><![CDATA[2023-01-22 22:10:21.422 &amp#27;[32m INFO&amp#27;[m &amp#27;[35m[@534 - main]&amp#27;[m &amp#27;[36mcom.shaft.tools.io.ReportManager&amp#27;[m : 
################################################################################################################################################
Starting Execution:	"271 out of 83" test cases in the current suite
Test Method:		"SteeringCompanyAPI_TestCases.Test_Policies_Cases.Update_Policy_With_InValid_data_TC"
Test Description:	"TC053 -Policy- Perform Update Policy with InValid data"
################################################################################################################################################
2023-01-22 22:10:21.422 &amp#27;[32m INFO&amp#27;[m &amp#27;[35m[@503 - main]&amp#27;[m &amp#27;[36mcom.shaft.tools.io.ReportManager&amp#27;[m : File Action "DoesFileExist" successfully performed. With the following test data "File Path: "SteeringCompanyAPI_TestData/SteeringCompanyAPI_TestData.xlsx"".
2023-01-22 22:10:21.446 &amp#27;[32m INFO&amp#27;[m &amp#27;[35m[@503 - main]&amp#27;[m &amp#27;[36mcom.shaft.tools.io.ReportManager&amp#27;[m : Successfully created attachment "Test Data - Excel"
2023-01-22 22:10:23.829 &amp#27;[32m INFO&amp#27;[m &amp#27;[35m[@503 - main]&amp#27;[m &amp#27;[36mcom.shaft.tools.io.ReportManager&amp#27;[m : Response status code: "200", status line: "HTTP/1.1 200 OK"
2023-01-22 22:10:23.844 &amp#27;[32m INFO&amp#27;[m &amp#27;[35m[@503 - main]&amp#27;[m &amp#27;[36mcom.shaft.tools.io.ReportManager&amp#27;[m : Successfully created attachment "API Request - Specifications"
2023-01-22 22:10:23.845 &amp#27;[32m INFO&amp#27;[m &amp#27;[35m[@503 - main]&amp#27;[m &amp#27;[36mcom.shaft.tools.io.ReportManager&amp#27;[m : Successfully created attachment "API Request - Body"
2023-01-22 22:10:23.846 &amp#27;[32m INFO&amp#27;[m &amp#27;[35m[@503 - main]&amp#27;[m &amp#27;[36mcom.shaft.tools.io.ReportManager&amp#27;[m : Successfully created attachment "API Response - JSON Body"
2023-01-22 22:10:23.854 &amp#27;[32m INFO&amp#27;[m &amp#27;[35m[@503 - main]&amp#27;[m &amp#27;[36mcom.shaft.tools.io.ReportManager&amp#27;[m : File Action "DoesFileExist" successfully performed. With the following test data "File Path: "SteeringCompanyAPI_TestData/SteeringCompanyAPI_TestData.xlsx"".
2023-01-22 22:10:23.876 &amp#27;[32m INFO&amp#27;[m &amp#27;[35m[@503 - main]&amp#27;[m &amp#27;[36mcom.shaft.tools.io.ReportManager&amp#27;[m : Successfully created attachment "Test Data - Excel"
2023-01-22 22:10:23.876 &amp#27;[32m INFO&amp#27;[m &amp#27;[35m[@503 - main]&amp#27;[m &amp#27;[36mcom.shaft.tools.io.ReportManager&amp#27;[m : File Action "DoesFileExist" successfully performed. With the following test data "File Path: "SteeringCompanyAPI_TestData/SteeringCompanyAPI_TestData.xlsx"".
2023-01-22 22:10:23.897 &amp#27;[32m INFO&amp#27;[m &amp#27;[35m[@503 - main]&amp#27;[m &amp#27;[36mcom.shaft.tools.io.ReportManager&amp#27;[m : Successfully created attachment "Test Data - Excel"
2023-01-22 22:10:23.897 &amp#27;[32m INFO&amp#27;[m &amp#27;[35m[@503 - main]&amp#27;[m &amp#27;[36mcom.shaft.tools.io.ReportManager&amp#27;[m : File Action "DoesFileExist" successfully performed. With the following test data "File Path: "SteeringCompanyAPI_TestData/SteeringCompanyAPI_TestData.xlsx"".
2023-01-22 22:10:23.917 &amp#27;[32m INFO&amp#27;[m &amp#27;[35m[@503 - main]&amp#27;[m &amp#27;[36mcom.shaft.tools.io.ReportManager&amp#27;[m : Successfully created attachment "Test Data - Excel"
2023-01-22 22:10:25.357 &amp#27;[32m INFO&amp#27;[m &amp#27;[35m[@503 - main]&amp#27;[m &amp#27;[36mcom.shaft.tools.io.ReportManager&amp#27;[m : Response status code: "422", status line: "HTTP/1.1 422 "
2023-01-22 22:10:25.368 &amp#27;[32m INFO&amp#27;[m &amp#27;[35m[@503 - main]&amp#27;[m &amp#27;[36mcom.shaft.tools.io.ReportManager&amp#27;[m : Successfully created attachment "API Request - Specifications"
2023-01-22 22:10:25.369 &amp#27;[32m INFO&amp#27;[m &amp#27;[35m[@503 - main]&amp#27;[m &amp#27;[36mcom.shaft.tools.io.ReportManager&amp#27;[m : Successfully created attachment "API Request - JSON Body"
2023-01-22 22:10:25.371 &amp#27;[32m INFO&amp#27;[m &amp#27;[35m[@503 - main]&amp#27;[m &amp#27;[36mcom.shaft.tools.io.ReportManager&amp#27;[m : Successfully created attachment "API Response - JSON Body"
2023-01-22 22:10:25.371 &amp#27;[32m INFO&amp#27;[m &amp#27;[35m[@503 - main]&amp#27;[m &amp#27;[36mcom.shaft.tools.io.ReportManager&amp#27;[m : File Action "DoesFileExist" successfully performed. With the following test data "File Path: "Schemas/ValidationError_schema.json"".
2023-01-22 22:10:25.372 &amp#27;[32m INFO&amp#27;[m &amp#27;[35m[@503 - main]&amp#27;[m &amp#27;[36mcom.shaft.tools.io.ReportManager&amp#27;[m : File Action "DoesFileExist" successfully performed. With the following test data "File Path: "src/test/resources/testDataFiles/Schemas/ValidationError_schema.json"".
2023-01-22 22:10:25.372 &amp#27;[32m INFO&amp#27;[m &amp#27;[35m[@503 - main]&amp#27;[m &amp#27;[36mcom.shaft.tools.io.ReportManager&amp#27;[m : File Action "GetAbsolutePath" successfully performed. With the following test data "Relative Folder Path: "src/test/resources/testDataFiles/Schemas/ValidationError_schema.json"".
2023-01-22 22:10:25.373 &amp#27;[32m INFO&amp#27;[m &amp#27;[35m[@503 - main]&amp#27;[m &amp#27;[36mcom.shaft.tools.io.ReportManager&amp#27;[m : File Action "DoesFileExist" successfully performed. With the following test data "File Path: "C:\eclipse-workspace\MyProjects\TASystemsAPIs\src\test\resources\testDataFiles\Schemas\ValidationError_schema.json"".
2023-01-22 22:10:25.373 &amp#27;[32m INFO&amp#27;[m &amp#27;[35m[@503 - main]&amp#27;[m &amp#27;[36mcom.shaft.tools.io.ReportManager&amp#27;[m : File Action "GetAbsolutePath" successfully performed. With the following test data "Relative Folder Path: "C:\eclipse-workspace\MyProjects\TASystemsAPIs\src\test\resources\testDataFiles\Schemas\ValidationError_schema.json"".
2023-01-22 22:10:25.373 &amp#27;[32m INFO&amp#27;[m &amp#27;[35m[@503 - main]&amp#27;[m &amp#27;[36mcom.shaft.tools.io.ReportManager&amp#27;[m : File Action "ReadFile" successfully performed. With the following test data "File Path: "C:\eclipse-workspace\MyProjects\TASystemsAPIs\src\test\resources\testDataFiles\Schemas\ValidationError_schema.json"".
2023-01-22 22:10:25.413 &amp#27;[32m INFO&amp#27;[m &amp#27;[35m[@503 - main]&amp#27;[m &amp#27;[36mcom.shaft.tools.io.ReportManager&amp#27;[m : Successfully created attachment "Validation Test Data - Expected JSON Value"
2023-01-22 22:10:25.414 &amp#27;[32m INFO&amp#27;[m &amp#27;[35m[@503 - main]&amp#27;[m &amp#27;[36mcom.shaft.tools.io.ReportManager&amp#27;[m : Successfully created attachment "Validation Test Data - Actual JSON Value"
2023-01-22 22:10:25.416 &amp#27;[32m INFO&amp#27;[m &amp#27;[35m[@503 - main]&amp#27;[m &amp#27;[36mcom.shaft.tools.io.ReportManager&amp#27;[m : Successfully created attachment "SHAFT Engine Logs - Current Method log: Update_Policy_With_InValid_data_TC"
]]></system-out>
  </testcase>
  <testcase name="Update_Policy_With_InValid_data_TC[[Ljava.lang.Object;@11329885](49)" classname="SteeringCompanyAPI_TestCases.Test_Policies_Cases" time="5.62">
    <system-out><![CDATA[2023-01-22 22:10:25.418 &amp#27;[32m INFO&amp#27;[m &amp#27;[35m[@534 - main]&amp#27;[m &amp#27;[36mcom.shaft.tools.io.ReportManager&amp#27;[m : 
################################################################################################################################################
Starting Execution:	"272 out of 83" test cases in the current suite
Test Method:		"SteeringCompanyAPI_TestCases.Test_Policies_Cases.Update_Policy_With_InValid_data_TC"
Test Description:	"TC053 -Policy- Perform Update Policy with InValid data"
################################################################################################################################################
2023-01-22 22:10:25.418 &amp#27;[32m INFO&amp#27;[m &amp#27;[35m[@503 - main]&amp#27;[m &amp#27;[36mcom.shaft.tools.io.ReportManager&amp#27;[m : File Action "DoesFileExist" successfully performed. With the following test data "File Path: "SteeringCompanyAPI_TestData/SteeringCompanyAPI_TestData.xlsx"".
2023-01-22 22:10:25.441 &amp#27;[32m INFO&amp#27;[m &amp#27;[35m[@503 - main]&amp#27;[m &amp#27;[36mcom.shaft.tools.io.ReportManager&amp#27;[m : Successfully created attachment "Test Data - Excel"
2023-01-22 22:10:26.417 &amp#27;[32m INFO&amp#27;[m &amp#27;[35m[@503 - main]&amp#27;[m &amp#27;[36mcom.shaft.tools.io.ReportManager&amp#27;[m : Response status code: "200", status line: "HTTP/1.1 200 OK"
2023-01-22 22:10:26.428 &amp#27;[32m INFO&amp#27;[m &amp#27;[35m[@503 - main]&amp#27;[m &amp#27;[36mcom.shaft.tools.io.ReportManager&amp#27;[m : Successfully created attachment "API Request - Specifications"
2023-01-22 22:10:26.429 &amp#27;[32m INFO&amp#27;[m &amp#27;[35m[@503 - main]&amp#27;[m &amp#27;[36mcom.shaft.tools.io.ReportManager&amp#27;[m : Successfully created attachment "API Request - Body"
2023-01-22 22:10:26.470 &amp#27;[32m INFO&amp#27;[m &amp#27;[35m[@503 - main]&amp#27;[m &amp#27;[36mcom.shaft.tools.io.ReportManager&amp#27;[m : Successfully created attachment "API Response - JSON Body"
2023-01-22 22:10:26.478 &amp#27;[32m INFO&amp#27;[m &amp#27;[35m[@503 - main]&amp#27;[m &amp#27;[36mcom.shaft.tools.io.ReportManager&amp#27;[m : File Action "DoesFileExist" successfully performed. With the following test data "File Path: "SteeringCompanyAPI_TestData/SteeringCompanyAPI_TestData.xlsx"".
2023-01-22 22:10:26.510 &amp#27;[32m INFO&amp#27;[m &amp#27;[35m[@503 - main]&amp#27;[m &amp#27;[36mcom.shaft.tools.io.ReportManager&amp#27;[m : Successfully created attachment "Test Data - Excel"
2023-01-22 22:10:26.510 &amp#27;[32m INFO&amp#27;[m &amp#27;[35m[@503 - main]&amp#27;[m &amp#27;[36mcom.shaft.tools.io.ReportManager&amp#27;[m : File Action "DoesFileExist" successfully performed. With the following test data "File Path: "SteeringCompanyAPI_TestData/SteeringCompanyAPI_TestData.xlsx"".
2023-01-22 22:10:26.531 &amp#27;[32m INFO&amp#27;[m &amp#27;[35m[@503 - main]&amp#27;[m &amp#27;[36mcom.shaft.tools.io.ReportManager&amp#27;[m : Successfully created attachment "Test Data - Excel"
2023-01-22 22:10:26.532 &amp#27;[32m INFO&amp#27;[m &amp#27;[35m[@503 - main]&amp#27;[m &amp#27;[36mcom.shaft.tools.io.ReportManager&amp#27;[m : File Action "DoesFileExist" successfully performed. With the following test data "File Path: "SteeringCompanyAPI_TestData/SteeringCompanyAPI_TestData.xlsx"".
2023-01-22 22:10:26.552 &amp#27;[32m INFO&amp#27;[m &amp#27;[35m[@503 - main]&amp#27;[m &amp#27;[36mcom.shaft.tools.io.ReportManager&amp#27;[m : Successfully created attachment "Test Data - Excel"
2023-01-22 22:10:30.978 &amp#27;[32m INFO&amp#27;[m &amp#27;[35m[@503 - main]&amp#27;[m &amp#27;[36mcom.shaft.tools.io.ReportManager&amp#27;[m : Response status code: "422", status line: "HTTP/1.1 422 "
2023-01-22 22:10:30.989 &amp#27;[32m INFO&amp#27;[m &amp#27;[35m[@503 - main]&amp#27;[m &amp#27;[36mcom.shaft.tools.io.ReportManager&amp#27;[m : Successfully created attachment "API Request - Specifications"
2023-01-22 22:10:30.989 &amp#27;[32m INFO&amp#27;[m &amp#27;[35m[@503 - main]&amp#27;[m &amp#27;[36mcom.shaft.tools.io.ReportManager&amp#27;[m : Successfully created attachment "API Request - JSON Body"
2023-01-22 22:10:30.990 &amp#27;[32m INFO&amp#27;[m &amp#27;[35m[@503 - main]&amp#27;[m &amp#27;[36mcom.shaft.tools.io.ReportManager&amp#27;[m : Successfully created attachment "API Response - JSON Body"
2023-01-22 22:10:30.991 &amp#27;[32m INFO&amp#27;[m &amp#27;[35m[@503 - main]&amp#27;[m &amp#27;[36mcom.shaft.tools.io.ReportManager&amp#27;[m : File Action "DoesFileExist" successfully performed. With the following test data "File Path: "Schemas/ValidationError_schema.json"".
2023-01-22 22:10:30.991 &amp#27;[32m INFO&amp#27;[m &amp#27;[35m[@503 - main]&amp#27;[m &amp#27;[36mcom.shaft.tools.io.ReportManager&amp#27;[m : File Action "DoesFileExist" successfully performed. With the following test data "File Path: "src/test/resources/testDataFiles/Schemas/ValidationError_schema.json"".
2023-01-22 22:10:30.991 &amp#27;[32m INFO&amp#27;[m &amp#27;[35m[@503 - main]&amp#27;[m &amp#27;[36mcom.shaft.tools.io.ReportManager&amp#27;[m : File Action "GetAbsolutePath" successfully performed. With the following test data "Relative Folder Path: "src/test/resources/testDataFiles/Schemas/ValidationError_schema.json"".
2023-01-22 22:10:30.993 &amp#27;[32m INFO&amp#27;[m &amp#27;[35m[@503 - main]&amp#27;[m &amp#27;[36mcom.shaft.tools.io.ReportManager&amp#27;[m : File Action "DoesFileExist" successfully performed. With the following test data "File Path: "C:\eclipse-workspace\MyProjects\TASystemsAPIs\src\test\resources\testDataFiles\Schemas\ValidationError_schema.json"".
2023-01-22 22:10:30.993 &amp#27;[32m INFO&amp#27;[m &amp#27;[35m[@503 - main]&amp#27;[m &amp#27;[36mcom.shaft.tools.io.ReportManager&amp#27;[m : File Action "GetAbsolutePath" successfully performed. With the following test data "Relative Folder Path: "C:\eclipse-workspace\MyProjects\TASystemsAPIs\src\test\resources\testDataFiles\Schemas\ValidationError_schema.json"".
2023-01-22 22:10:30.993 &amp#27;[32m INFO&amp#27;[m &amp#27;[35m[@503 - main]&amp#27;[m &amp#27;[36mcom.shaft.tools.io.ReportManager&amp#27;[m : File Action "ReadFile" successfully performed. With the following test data "File Path: "C:\eclipse-workspace\MyProjects\TASystemsAPIs\src\test\resources\testDataFiles\Schemas\ValidationError_schema.json"".
2023-01-22 22:10:31.033 &amp#27;[32m INFO&amp#27;[m &amp#27;[35m[@503 - main]&amp#27;[m &amp#27;[36mcom.shaft.tools.io.ReportManager&amp#27;[m : Successfully created attachment "Validation Test Data - Expected JSON Value"
2023-01-22 22:10:31.035 &amp#27;[32m INFO&amp#27;[m &amp#27;[35m[@503 - main]&amp#27;[m &amp#27;[36mcom.shaft.tools.io.ReportManager&amp#27;[m : Successfully created attachment "Validation Test Data - Actual JSON Value"
2023-01-22 22:10:31.035 &amp#27;[32m INFO&amp#27;[m &amp#27;[35m[@503 - main]&amp#27;[m &amp#27;[36mcom.shaft.tools.io.ReportManager&amp#27;[m : Successfully created attachment "SHAFT Engine Logs - Current Method log: Update_Policy_With_InValid_data_TC"
]]></system-out>
  </testcase>
  <testcase name="Update_Policy_With_InValid_data_TC[[Ljava.lang.Object;@625de26a](50)" classname="SteeringCompanyAPI_TestCases.Test_Policies_Cases" time="3.024">
    <system-out><![CDATA[2023-01-22 22:10:31.039 &amp#27;[32m INFO&amp#27;[m &amp#27;[35m[@534 - main]&amp#27;[m &amp#27;[36mcom.shaft.tools.io.ReportManager&amp#27;[m : 
################################################################################################################################################
Starting Execution:	"273 out of 83" test cases in the current suite
Test Method:		"SteeringCompanyAPI_TestCases.Test_Policies_Cases.Update_Policy_With_InValid_data_TC"
Test Description:	"TC053 -Policy- Perform Update Policy with InValid data"
################################################################################################################################################
2023-01-22 22:10:31.039 &amp#27;[32m INFO&amp#27;[m &amp#27;[35m[@503 - main]&amp#27;[m &amp#27;[36mcom.shaft.tools.io.ReportManager&amp#27;[m : File Action "DoesFileExist" successfully performed. With the following test data "File Path: "SteeringCompanyAPI_TestData/SteeringCompanyAPI_TestData.xlsx"".
2023-01-22 22:10:31.065 &amp#27;[32m INFO&amp#27;[m &amp#27;[35m[@503 - main]&amp#27;[m &amp#27;[36mcom.shaft.tools.io.ReportManager&amp#27;[m : Successfully created attachment "Test Data - Excel"
2023-01-22 22:10:32.484 &amp#27;[32m INFO&amp#27;[m &amp#27;[35m[@503 - main]&amp#27;[m &amp#27;[36mcom.shaft.tools.io.ReportManager&amp#27;[m : Response status code: "200", status line: "HTTP/1.1 200 OK"
2023-01-22 22:10:32.532 &amp#27;[32m INFO&amp#27;[m &amp#27;[35m[@503 - main]&amp#27;[m &amp#27;[36mcom.shaft.tools.io.ReportManager&amp#27;[m : Successfully created attachment "API Request - Specifications"
2023-01-22 22:10:32.533 &amp#27;[32m INFO&amp#27;[m &amp#27;[35m[@503 - main]&amp#27;[m &amp#27;[36mcom.shaft.tools.io.ReportManager&amp#27;[m : Successfully created attachment "API Request - Body"
2023-01-22 22:10:32.534 &amp#27;[32m INFO&amp#27;[m &amp#27;[35m[@503 - main]&amp#27;[m &amp#27;[36mcom.shaft.tools.io.ReportManager&amp#27;[m : Successfully created attachment "API Response - JSON Body"
2023-01-22 22:10:32.541 &amp#27;[32m INFO&amp#27;[m &amp#27;[35m[@503 - main]&amp#27;[m &amp#27;[36mcom.shaft.tools.io.ReportManager&amp#27;[m : File Action "DoesFileExist" successfully performed. With the following test data "File Path: "SteeringCompanyAPI_TestData/SteeringCompanyAPI_TestData.xlsx"".
2023-01-22 22:10:32.562 &amp#27;[32m INFO&amp#27;[m &amp#27;[35m[@503 - main]&amp#27;[m &amp#27;[36mcom.shaft.tools.io.ReportManager&amp#27;[m : Successfully created attachment "Test Data - Excel"
2023-01-22 22:10:32.562 &amp#27;[32m INFO&amp#27;[m &amp#27;[35m[@503 - main]&amp#27;[m &amp#27;[36mcom.shaft.tools.io.ReportManager&amp#27;[m : File Action "DoesFileExist" successfully performed. With the following test data "File Path: "SteeringCompanyAPI_TestData/SteeringCompanyAPI_TestData.xlsx"".
2023-01-22 22:10:32.582 &amp#27;[32m INFO&amp#27;[m &amp#27;[35m[@503 - main]&amp#27;[m &amp#27;[36mcom.shaft.tools.io.ReportManager&amp#27;[m : Successfully created attachment "Test Data - Excel"
2023-01-22 22:10:32.582 &amp#27;[32m INFO&amp#27;[m &amp#27;[35m[@503 - main]&amp#27;[m &amp#27;[36mcom.shaft.tools.io.ReportManager&amp#27;[m : File Action "DoesFileExist" successfully performed. With the following test data "File Path: "SteeringCompanyAPI_TestData/SteeringCompanyAPI_TestData.xlsx"".
2023-01-22 22:10:32.604 &amp#27;[32m INFO&amp#27;[m &amp#27;[35m[@503 - main]&amp#27;[m &amp#27;[36mcom.shaft.tools.io.ReportManager&amp#27;[m : Successfully created attachment "Test Data - Excel"
2023-01-22 22:10:33.991 &amp#27;[32m INFO&amp#27;[m &amp#27;[35m[@503 - main]&amp#27;[m &amp#27;[36mcom.shaft.tools.io.ReportManager&amp#27;[m : Response status code: "422", status line: "HTTP/1.1 422 "
2023-01-22 22:10:34.013 &amp#27;[32m INFO&amp#27;[m &amp#27;[35m[@503 - main]&amp#27;[m &amp#27;[36mcom.shaft.tools.io.ReportManager&amp#27;[m : Successfully created attachment "API Request - Specifications"
2023-01-22 22:10:34.013 &amp#27;[32m INFO&amp#27;[m &amp#27;[35m[@503 - main]&amp#27;[m &amp#27;[36mcom.shaft.tools.io.ReportManager&amp#27;[m : Successfully created attachment "API Request - JSON Body"
2023-01-22 22:10:34.052 &amp#27;[32m INFO&amp#27;[m &amp#27;[35m[@503 - main]&amp#27;[m &amp#27;[36mcom.shaft.tools.io.ReportManager&amp#27;[m : Successfully created attachment "API Response - JSON Body"
2023-01-22 22:10:34.053 &amp#27;[32m INFO&amp#27;[m &amp#27;[35m[@503 - main]&amp#27;[m &amp#27;[36mcom.shaft.tools.io.ReportManager&amp#27;[m : File Action "DoesFileExist" successfully performed. With the following test data "File Path: "Schemas/ValidationError_schema.json"".
2023-01-22 22:10:34.053 &amp#27;[32m INFO&amp#27;[m &amp#27;[35m[@503 - main]&amp#27;[m &amp#27;[36mcom.shaft.tools.io.ReportManager&amp#27;[m : File Action "DoesFileExist" successfully performed. With the following test data "File Path: "src/test/resources/testDataFiles/Schemas/ValidationError_schema.json"".
2023-01-22 22:10:34.053 &amp#27;[32m INFO&amp#27;[m &amp#27;[35m[@503 - main]&amp#27;[m &amp#27;[36mcom.shaft.tools.io.ReportManager&amp#27;[m : File Action "GetAbsolutePath" successfully performed. With the following test data "Relative Folder Path: "src/test/resources/testDataFiles/Schemas/ValidationError_schema.json"".
2023-01-22 22:10:34.056 &amp#27;[32m INFO&amp#27;[m &amp#27;[35m[@503 - main]&amp#27;[m &amp#27;[36mcom.shaft.tools.io.ReportManager&amp#27;[m : File Action "DoesFileExist" successfully performed. With the following test data "File Path: "C:\eclipse-workspace\MyProjects\TASystemsAPIs\src\test\resources\testDataFiles\Schemas\ValidationError_schema.json"".
2023-01-22 22:10:34.056 &amp#27;[32m INFO&amp#27;[m &amp#27;[35m[@503 - main]&amp#27;[m &amp#27;[36mcom.shaft.tools.io.ReportManager&amp#27;[m : File Action "GetAbsolutePath" successfully performed. With the following test data "Relative Folder Path: "C:\eclipse-workspace\MyProjects\TASystemsAPIs\src\test\resources\testDataFiles\Schemas\ValidationError_schema.json"".
2023-01-22 22:10:34.056 &amp#27;[32m INFO&amp#27;[m &amp#27;[35m[@503 - main]&amp#27;[m &amp#27;[36mcom.shaft.tools.io.ReportManager&amp#27;[m : File Action "ReadFile" successfully performed. With the following test data "File Path: "C:\eclipse-workspace\MyProjects\TASystemsAPIs\src\test\resources\testDataFiles\Schemas\ValidationError_schema.json"".
2023-01-22 22:10:34.058 &amp#27;[32m INFO&amp#27;[m &amp#27;[35m[@503 - main]&amp#27;[m &amp#27;[36mcom.shaft.tools.io.ReportManager&amp#27;[m : Successfully created attachment "Validation Test Data - Expected JSON Value"
2023-01-22 22:10:34.059 &amp#27;[32m INFO&amp#27;[m &amp#27;[35m[@503 - main]&amp#27;[m &amp#27;[36mcom.shaft.tools.io.ReportManager&amp#27;[m : Successfully created attachment "Validation Test Data - Actual JSON Value"
2023-01-22 22:10:34.059 &amp#27;[32m INFO&amp#27;[m &amp#27;[35m[@503 - main]&amp#27;[m &amp#27;[36mcom.shaft.tools.io.ReportManager&amp#27;[m : Successfully created attachment "SHAFT Engine Logs - Current Method log: Update_Policy_With_InValid_data_TC"
]]></system-out>
  </testcase>
  <testcase name="Update_Policy_With_InValid_data_TC[[Ljava.lang.Object;@67b08418](51)" classname="SteeringCompanyAPI_TestCases.Test_Policies_Cases" time="3.105">
    <system-out><![CDATA[2023-01-22 22:10:34.062 &amp#27;[32m INFO&amp#27;[m &amp#27;[35m[@534 - main]&amp#27;[m &amp#27;[36mcom.shaft.tools.io.ReportManager&amp#27;[m : 
################################################################################################################################################
Starting Execution:	"274 out of 83" test cases in the current suite
Test Method:		"SteeringCompanyAPI_TestCases.Test_Policies_Cases.Update_Policy_With_InValid_data_TC"
Test Description:	"TC053 -Policy- Perform Update Policy with InValid data"
################################################################################################################################################
2023-01-22 22:10:34.062 &amp#27;[32m INFO&amp#27;[m &amp#27;[35m[@503 - main]&amp#27;[m &amp#27;[36mcom.shaft.tools.io.ReportManager&amp#27;[m : File Action "DoesFileExist" successfully performed. With the following test data "File Path: "SteeringCompanyAPI_TestData/SteeringCompanyAPI_TestData.xlsx"".
2023-01-22 22:10:34.090 &amp#27;[32m INFO&amp#27;[m &amp#27;[35m[@503 - main]&amp#27;[m &amp#27;[36mcom.shaft.tools.io.ReportManager&amp#27;[m : Successfully created attachment "Test Data - Excel"
2023-01-22 22:10:35.470 &amp#27;[32m INFO&amp#27;[m &amp#27;[35m[@503 - main]&amp#27;[m &amp#27;[36mcom.shaft.tools.io.ReportManager&amp#27;[m : Response status code: "200", status line: "HTTP/1.1 200 OK"
2023-01-22 22:10:35.483 &amp#27;[32m INFO&amp#27;[m &amp#27;[35m[@503 - main]&amp#27;[m &amp#27;[36mcom.shaft.tools.io.ReportManager&amp#27;[m : Successfully created attachment "API Request - Specifications"
2023-01-22 22:10:35.484 &amp#27;[32m INFO&amp#27;[m &amp#27;[35m[@503 - main]&amp#27;[m &amp#27;[36mcom.shaft.tools.io.ReportManager&amp#27;[m : Successfully created attachment "API Request - Body"
2023-01-22 22:10:35.485 &amp#27;[32m INFO&amp#27;[m &amp#27;[35m[@503 - main]&amp#27;[m &amp#27;[36mcom.shaft.tools.io.ReportManager&amp#27;[m : Successfully created attachment "API Response - JSON Body"
2023-01-22 22:10:35.491 &amp#27;[32m INFO&amp#27;[m &amp#27;[35m[@503 - main]&amp#27;[m &amp#27;[36mcom.shaft.tools.io.ReportManager&amp#27;[m : File Action "DoesFileExist" successfully performed. With the following test data "File Path: "SteeringCompanyAPI_TestData/SteeringCompanyAPI_TestData.xlsx"".
2023-01-22 22:10:35.512 &amp#27;[32m INFO&amp#27;[m &amp#27;[35m[@503 - main]&amp#27;[m &amp#27;[36mcom.shaft.tools.io.ReportManager&amp#27;[m : Successfully created attachment "Test Data - Excel"
2023-01-22 22:10:35.512 &amp#27;[32m INFO&amp#27;[m &amp#27;[35m[@503 - main]&amp#27;[m &amp#27;[36mcom.shaft.tools.io.ReportManager&amp#27;[m : File Action "DoesFileExist" successfully performed. With the following test data "File Path: "SteeringCompanyAPI_TestData/SteeringCompanyAPI_TestData.xlsx"".
2023-01-22 22:10:35.535 &amp#27;[32m INFO&amp#27;[m &amp#27;[35m[@503 - main]&amp#27;[m &amp#27;[36mcom.shaft.tools.io.ReportManager&amp#27;[m : Successfully created attachment "Test Data - Excel"
2023-01-22 22:10:35.535 &amp#27;[32m INFO&amp#27;[m &amp#27;[35m[@503 - main]&amp#27;[m &amp#27;[36mcom.shaft.tools.io.ReportManager&amp#27;[m : File Action "DoesFileExist" successfully performed. With the following test data "File Path: "SteeringCompanyAPI_TestData/SteeringCompanyAPI_TestData.xlsx"".
2023-01-22 22:10:35.569 &amp#27;[32m INFO&amp#27;[m &amp#27;[35m[@503 - main]&amp#27;[m &amp#27;[36mcom.shaft.tools.io.ReportManager&amp#27;[m : Successfully created attachment "Test Data - Excel"
2023-01-22 22:10:37.106 &amp#27;[32m INFO&amp#27;[m &amp#27;[35m[@503 - main]&amp#27;[m &amp#27;[36mcom.shaft.tools.io.ReportManager&amp#27;[m : Response status code: "422", status line: "HTTP/1.1 422 "
2023-01-22 22:10:37.118 &amp#27;[32m INFO&amp#27;[m &amp#27;[35m[@503 - main]&amp#27;[m &amp#27;[36mcom.shaft.tools.io.ReportManager&amp#27;[m : Successfully created attachment "API Request - Specifications"
2023-01-22 22:10:37.119 &amp#27;[32m INFO&amp#27;[m &amp#27;[35m[@503 - main]&amp#27;[m &amp#27;[36mcom.shaft.tools.io.ReportManager&amp#27;[m : Successfully created attachment "API Request - JSON Body"
2023-01-22 22:10:37.155 &amp#27;[32m INFO&amp#27;[m &amp#27;[35m[@503 - main]&amp#27;[m &amp#27;[36mcom.shaft.tools.io.ReportManager&amp#27;[m : Successfully created attachment "API Response - JSON Body"
2023-01-22 22:10:37.156 &amp#27;[32m INFO&amp#27;[m &amp#27;[35m[@503 - main]&amp#27;[m &amp#27;[36mcom.shaft.tools.io.ReportManager&amp#27;[m : File Action "DoesFileExist" successfully performed. With the following test data "File Path: "Schemas/ValidationError_schema.json"".
2023-01-22 22:10:37.156 &amp#27;[32m INFO&amp#27;[m &amp#27;[35m[@503 - main]&amp#27;[m &amp#27;[36mcom.shaft.tools.io.ReportManager&amp#27;[m : File Action "DoesFileExist" successfully performed. With the following test data "File Path: "src/test/resources/testDataFiles/Schemas/ValidationError_schema.json"".
2023-01-22 22:10:37.156 &amp#27;[32m INFO&amp#27;[m &amp#27;[35m[@503 - main]&amp#27;[m &amp#27;[36mcom.shaft.tools.io.ReportManager&amp#27;[m : File Action "GetAbsolutePath" successfully performed. With the following test data "Relative Folder Path: "src/test/resources/testDataFiles/Schemas/ValidationError_schema.json"".
2023-01-22 22:10:37.159 &amp#27;[32m INFO&amp#27;[m &amp#27;[35m[@503 - main]&amp#27;[m &amp#27;[36mcom.shaft.tools.io.ReportManager&amp#27;[m : File Action "DoesFileExist" successfully performed. With the following test data "File Path: "C:\eclipse-workspace\MyProjects\TASystemsAPIs\src\test\resources\testDataFiles\Schemas\ValidationError_schema.json"".
2023-01-22 22:10:37.159 &amp#27;[32m INFO&amp#27;[m &amp#27;[35m[@503 - main]&amp#27;[m &amp#27;[36mcom.shaft.tools.io.ReportManager&amp#27;[m : File Action "GetAbsolutePath" successfully performed. With the following test data "Relative Folder Path: "C:\eclipse-workspace\MyProjects\TASystemsAPIs\src\test\resources\testDataFiles\Schemas\ValidationError_schema.json"".
2023-01-22 22:10:37.159 &amp#27;[32m INFO&amp#27;[m &amp#27;[35m[@503 - main]&amp#27;[m &amp#27;[36mcom.shaft.tools.io.ReportManager&amp#27;[m : File Action "ReadFile" successfully performed. With the following test data "File Path: "C:\eclipse-workspace\MyProjects\TASystemsAPIs\src\test\resources\testDataFiles\Schemas\ValidationError_schema.json"".
2023-01-22 22:10:37.162 &amp#27;[32m INFO&amp#27;[m &amp#27;[35m[@503 - main]&amp#27;[m &amp#27;[36mcom.shaft.tools.io.ReportManager&amp#27;[m : Successfully created attachment "Validation Test Data - Expected JSON Value"
2023-01-22 22:10:37.163 &amp#27;[32m INFO&amp#27;[m &amp#27;[35m[@503 - main]&amp#27;[m &amp#27;[36mcom.shaft.tools.io.ReportManager&amp#27;[m : Successfully created attachment "Validation Test Data - Actual JSON Value"
2023-01-22 22:10:37.164 &amp#27;[32m INFO&amp#27;[m &amp#27;[35m[@503 - main]&amp#27;[m &amp#27;[36mcom.shaft.tools.io.ReportManager&amp#27;[m : Successfully created attachment "SHAFT Engine Logs - Current Method log: Update_Policy_With_InValid_data_TC"
]]></system-out>
  </testcase>
  <testcase name="Update_Policy_With_InValid_data_TC[[Ljava.lang.Object;@4ddf7896](52)" classname="SteeringCompanyAPI_TestCases.Test_Policies_Cases" time="4.655">
    <system-out><![CDATA[2023-01-22 22:10:37.168 &amp#27;[32m INFO&amp#27;[m &amp#27;[35m[@534 - main]&amp#27;[m &amp#27;[36mcom.shaft.tools.io.ReportManager&amp#27;[m : 
################################################################################################################################################
Starting Execution:	"275 out of 83" test cases in the current suite
Test Method:		"SteeringCompanyAPI_TestCases.Test_Policies_Cases.Update_Policy_With_InValid_data_TC"
Test Description:	"TC053 -Policy- Perform Update Policy with InValid data"
################################################################################################################################################
2023-01-22 22:10:37.168 &amp#27;[32m INFO&amp#27;[m &amp#27;[35m[@503 - main]&amp#27;[m &amp#27;[36mcom.shaft.tools.io.ReportManager&amp#27;[m : File Action "DoesFileExist" successfully performed. With the following test data "File Path: "SteeringCompanyAPI_TestData/SteeringCompanyAPI_TestData.xlsx"".
2023-01-22 22:10:37.192 &amp#27;[32m INFO&amp#27;[m &amp#27;[35m[@503 - main]&amp#27;[m &amp#27;[36mcom.shaft.tools.io.ReportManager&amp#27;[m : Successfully created attachment "Test Data - Excel"
2023-01-22 22:10:39.728 &amp#27;[32m INFO&amp#27;[m &amp#27;[35m[@503 - main]&amp#27;[m &amp#27;[36mcom.shaft.tools.io.ReportManager&amp#27;[m : Response status code: "200", status line: "HTTP/1.1 200 OK"
2023-01-22 22:10:39.746 &amp#27;[32m INFO&amp#27;[m &amp#27;[35m[@503 - main]&amp#27;[m &amp#27;[36mcom.shaft.tools.io.ReportManager&amp#27;[m : Successfully created attachment "API Request - Specifications"
2023-01-22 22:10:39.787 &amp#27;[32m INFO&amp#27;[m &amp#27;[35m[@503 - main]&amp#27;[m &amp#27;[36mcom.shaft.tools.io.ReportManager&amp#27;[m : Successfully created attachment "API Request - Body"
2023-01-22 22:10:39.788 &amp#27;[32m INFO&amp#27;[m &amp#27;[35m[@503 - main]&amp#27;[m &amp#27;[36mcom.shaft.tools.io.ReportManager&amp#27;[m : Successfully created attachment "API Response - JSON Body"
2023-01-22 22:10:39.800 &amp#27;[32m INFO&amp#27;[m &amp#27;[35m[@503 - main]&amp#27;[m &amp#27;[36mcom.shaft.tools.io.ReportManager&amp#27;[m : File Action "DoesFileExist" successfully performed. With the following test data "File Path: "SteeringCompanyAPI_TestData/SteeringCompanyAPI_TestData.xlsx"".
2023-01-22 22:10:39.830 &amp#27;[32m INFO&amp#27;[m &amp#27;[35m[@503 - main]&amp#27;[m &amp#27;[36mcom.shaft.tools.io.ReportManager&amp#27;[m : Successfully created attachment "Test Data - Excel"
2023-01-22 22:10:39.831 &amp#27;[32m INFO&amp#27;[m &amp#27;[35m[@503 - main]&amp#27;[m &amp#27;[36mcom.shaft.tools.io.ReportManager&amp#27;[m : File Action "DoesFileExist" successfully performed. With the following test data "File Path: "SteeringCompanyAPI_TestData/SteeringCompanyAPI_TestData.xlsx"".
2023-01-22 22:10:39.857 &amp#27;[32m INFO&amp#27;[m &amp#27;[35m[@503 - main]&amp#27;[m &amp#27;[36mcom.shaft.tools.io.ReportManager&amp#27;[m : Successfully created attachment "Test Data - Excel"
2023-01-22 22:10:39.857 &amp#27;[32m INFO&amp#27;[m &amp#27;[35m[@503 - main]&amp#27;[m &amp#27;[36mcom.shaft.tools.io.ReportManager&amp#27;[m : File Action "DoesFileExist" successfully performed. With the following test data "File Path: "SteeringCompanyAPI_TestData/SteeringCompanyAPI_TestData.xlsx"".
2023-01-22 22:10:39.881 &amp#27;[32m INFO&amp#27;[m &amp#27;[35m[@503 - main]&amp#27;[m &amp#27;[36mcom.shaft.tools.io.ReportManager&amp#27;[m : Successfully created attachment "Test Data - Excel"
2023-01-22 22:10:41.758 &amp#27;[32m INFO&amp#27;[m &amp#27;[35m[@503 - main]&amp#27;[m &amp#27;[36mcom.shaft.tools.io.ReportManager&amp#27;[m : Response status code: "422", status line: "HTTP/1.1 422 "
2023-01-22 22:10:41.769 &amp#27;[32m INFO&amp#27;[m &amp#27;[35m[@503 - main]&amp#27;[m &amp#27;[36mcom.shaft.tools.io.ReportManager&amp#27;[m : Successfully created attachment "API Request - Specifications"
2023-01-22 22:10:41.809 &amp#27;[32m INFO&amp#27;[m &amp#27;[35m[@503 - main]&amp#27;[m &amp#27;[36mcom.shaft.tools.io.ReportManager&amp#27;[m : Successfully created attachment "API Request - JSON Body"
2023-01-22 22:10:41.810 &amp#27;[32m INFO&amp#27;[m &amp#27;[35m[@503 - main]&amp#27;[m &amp#27;[36mcom.shaft.tools.io.ReportManager&amp#27;[m : Successfully created attachment "API Response - JSON Body"
2023-01-22 22:10:41.811 &amp#27;[32m INFO&amp#27;[m &amp#27;[35m[@503 - main]&amp#27;[m &amp#27;[36mcom.shaft.tools.io.ReportManager&amp#27;[m : File Action "DoesFileExist" successfully performed. With the following test data "File Path: "Schemas/ValidationError_schema.json"".
2023-01-22 22:10:41.812 &amp#27;[32m INFO&amp#27;[m &amp#27;[35m[@503 - main]&amp#27;[m &amp#27;[36mcom.shaft.tools.io.ReportManager&amp#27;[m : File Action "DoesFileExist" successfully performed. With the following test data "File Path: "src/test/resources/testDataFiles/Schemas/ValidationError_schema.json"".
2023-01-22 22:10:41.812 &amp#27;[32m INFO&amp#27;[m &amp#27;[35m[@503 - main]&amp#27;[m &amp#27;[36mcom.shaft.tools.io.ReportManager&amp#27;[m : File Action "GetAbsolutePath" successfully performed. With the following test data "Relative Folder Path: "src/test/resources/testDataFiles/Schemas/ValidationError_schema.json"".
2023-01-22 22:10:41.813 &amp#27;[32m INFO&amp#27;[m &amp#27;[35m[@503 - main]&amp#27;[m &amp#27;[36mcom.shaft.tools.io.ReportManager&amp#27;[m : File Action "DoesFileExist" successfully performed. With the following test data "File Path: "C:\eclipse-workspace\MyProjects\TASystemsAPIs\src\test\resources\testDataFiles\Schemas\ValidationError_schema.json"".
2023-01-22 22:10:41.813 &amp#27;[32m INFO&amp#27;[m &amp#27;[35m[@503 - main]&amp#27;[m &amp#27;[36mcom.shaft.tools.io.ReportManager&amp#27;[m : File Action "GetAbsolutePath" successfully performed. With the following test data "Relative Folder Path: "C:\eclipse-workspace\MyProjects\TASystemsAPIs\src\test\resources\testDataFiles\Schemas\ValidationError_schema.json"".
2023-01-22 22:10:41.814 &amp#27;[32m INFO&amp#27;[m &amp#27;[35m[@503 - main]&amp#27;[m &amp#27;[36mcom.shaft.tools.io.ReportManager&amp#27;[m : File Action "ReadFile" successfully performed. With the following test data "File Path: "C:\eclipse-workspace\MyProjects\TASystemsAPIs\src\test\resources\testDataFiles\Schemas\ValidationError_schema.json"".
2023-01-22 22:10:41.815 &amp#27;[32m INFO&amp#27;[m &amp#27;[35m[@503 - main]&amp#27;[m &amp#27;[36mcom.shaft.tools.io.ReportManager&amp#27;[m : Successfully created attachment "Validation Test Data - Expected JSON Value"
2023-01-22 22:10:41.815 &amp#27;[32m INFO&amp#27;[m &amp#27;[35m[@503 - main]&amp#27;[m &amp#27;[36mcom.shaft.tools.io.ReportManager&amp#27;[m : Successfully created attachment "Validation Test Data - Actual JSON Value"
2023-01-22 22:10:41.819 &amp#27;[32m INFO&amp#27;[m &amp#27;[35m[@503 - main]&amp#27;[m &amp#27;[36mcom.shaft.tools.io.ReportManager&amp#27;[m : Successfully created attachment "SHAFT Engine Logs - Current Method log: Update_Policy_With_InValid_data_TC"
]]></system-out>
  </testcase>
  <testcase name="Update_Policy_With_InValid_data_TC[[Ljava.lang.Object;@240ef9aa](53)" classname="SteeringCompanyAPI_TestCases.Test_Policies_Cases" time="2.903">
    <system-out><![CDATA[2023-01-22 22:10:41.822 &amp#27;[32m INFO&amp#27;[m &amp#27;[35m[@534 - main]&amp#27;[m &amp#27;[36mcom.shaft.tools.io.ReportManager&amp#27;[m : 
################################################################################################################################################
Starting Execution:	"276 out of 83" test cases in the current suite
Test Method:		"SteeringCompanyAPI_TestCases.Test_Policies_Cases.Update_Policy_With_InValid_data_TC"
Test Description:	"TC053 -Policy- Perform Update Policy with InValid data"
################################################################################################################################################
2023-01-22 22:10:41.822 &amp#27;[32m INFO&amp#27;[m &amp#27;[35m[@503 - main]&amp#27;[m &amp#27;[36mcom.shaft.tools.io.ReportManager&amp#27;[m : File Action "DoesFileExist" successfully performed. With the following test data "File Path: "SteeringCompanyAPI_TestData/SteeringCompanyAPI_TestData.xlsx"".
2023-01-22 22:10:41.849 &amp#27;[32m INFO&amp#27;[m &amp#27;[35m[@503 - main]&amp#27;[m &amp#27;[36mcom.shaft.tools.io.ReportManager&amp#27;[m : Successfully created attachment "Test Data - Excel"
2023-01-22 22:10:43.473 &amp#27;[32m INFO&amp#27;[m &amp#27;[35m[@503 - main]&amp#27;[m &amp#27;[36mcom.shaft.tools.io.ReportManager&amp#27;[m : Response status code: "200", status line: "HTTP/1.1 200 OK"
2023-01-22 22:10:43.520 &amp#27;[32m INFO&amp#27;[m &amp#27;[35m[@503 - main]&amp#27;[m &amp#27;[36mcom.shaft.tools.io.ReportManager&amp#27;[m : Successfully created attachment "API Request - Specifications"
2023-01-22 22:10:43.521 &amp#27;[32m INFO&amp#27;[m &amp#27;[35m[@503 - main]&amp#27;[m &amp#27;[36mcom.shaft.tools.io.ReportManager&amp#27;[m : Successfully created attachment "API Request - Body"
2023-01-22 22:10:43.522 &amp#27;[32m INFO&amp#27;[m &amp#27;[35m[@503 - main]&amp#27;[m &amp#27;[36mcom.shaft.tools.io.ReportManager&amp#27;[m : Successfully created attachment "API Response - JSON Body"
2023-01-22 22:10:43.532 &amp#27;[32m INFO&amp#27;[m &amp#27;[35m[@503 - main]&amp#27;[m &amp#27;[36mcom.shaft.tools.io.ReportManager&amp#27;[m : File Action "DoesFileExist" successfully performed. With the following test data "File Path: "SteeringCompanyAPI_TestData/SteeringCompanyAPI_TestData.xlsx"".
2023-01-22 22:10:43.562 &amp#27;[32m INFO&amp#27;[m &amp#27;[35m[@503 - main]&amp#27;[m &amp#27;[36mcom.shaft.tools.io.ReportManager&amp#27;[m : Successfully created attachment "Test Data - Excel"
2023-01-22 22:10:43.563 &amp#27;[32m INFO&amp#27;[m &amp#27;[35m[@503 - main]&amp#27;[m &amp#27;[36mcom.shaft.tools.io.ReportManager&amp#27;[m : File Action "DoesFileExist" successfully performed. With the following test data "File Path: "SteeringCompanyAPI_TestData/SteeringCompanyAPI_TestData.xlsx"".
2023-01-22 22:10:43.588 &amp#27;[32m INFO&amp#27;[m &amp#27;[35m[@503 - main]&amp#27;[m &amp#27;[36mcom.shaft.tools.io.ReportManager&amp#27;[m : Successfully created attachment "Test Data - Excel"
2023-01-22 22:10:43.588 &amp#27;[32m INFO&amp#27;[m &amp#27;[35m[@503 - main]&amp#27;[m &amp#27;[36mcom.shaft.tools.io.ReportManager&amp#27;[m : File Action "DoesFileExist" successfully performed. With the following test data "File Path: "SteeringCompanyAPI_TestData/SteeringCompanyAPI_TestData.xlsx"".
2023-01-22 22:10:43.615 &amp#27;[32m INFO&amp#27;[m &amp#27;[35m[@503 - main]&amp#27;[m &amp#27;[36mcom.shaft.tools.io.ReportManager&amp#27;[m : Successfully created attachment "Test Data - Excel"
2023-01-22 22:10:44.669 &amp#27;[32m INFO&amp#27;[m &amp#27;[35m[@503 - main]&amp#27;[m &amp#27;[36mcom.shaft.tools.io.ReportManager&amp#27;[m : Response status code: "422", status line: "HTTP/1.1 422 "
2023-01-22 22:10:44.679 &amp#27;[32m INFO&amp#27;[m &amp#27;[35m[@503 - main]&amp#27;[m &amp#27;[36mcom.shaft.tools.io.ReportManager&amp#27;[m : Successfully created attachment "API Request - Specifications"
2023-01-22 22:10:44.715 &amp#27;[32m INFO&amp#27;[m &amp#27;[35m[@503 - main]&amp#27;[m &amp#27;[36mcom.shaft.tools.io.ReportManager&amp#27;[m : Successfully created attachment "API Request - JSON Body"
2023-01-22 22:10:44.717 &amp#27;[32m INFO&amp#27;[m &amp#27;[35m[@503 - main]&amp#27;[m &amp#27;[36mcom.shaft.tools.io.ReportManager&amp#27;[m : Successfully created attachment "API Response - JSON Body"
2023-01-22 22:10:44.718 &amp#27;[32m INFO&amp#27;[m &amp#27;[35m[@503 - main]&amp#27;[m &amp#27;[36mcom.shaft.tools.io.ReportManager&amp#27;[m : File Action "DoesFileExist" successfully performed. With the following test data "File Path: "Schemas/ValidationError_schema.json"".
2023-01-22 22:10:44.718 &amp#27;[32m INFO&amp#27;[m &amp#27;[35m[@503 - main]&amp#27;[m &amp#27;[36mcom.shaft.tools.io.ReportManager&amp#27;[m : File Action "DoesFileExist" successfully performed. With the following test data "File Path: "src/test/resources/testDataFiles/Schemas/ValidationError_schema.json"".
2023-01-22 22:10:44.718 &amp#27;[32m INFO&amp#27;[m &amp#27;[35m[@503 - main]&amp#27;[m &amp#27;[36mcom.shaft.tools.io.ReportManager&amp#27;[m : File Action "GetAbsolutePath" successfully performed. With the following test data "Relative Folder Path: "src/test/resources/testDataFiles/Schemas/ValidationError_schema.json"".
2023-01-22 22:10:44.719 &amp#27;[32m INFO&amp#27;[m &amp#27;[35m[@503 - main]&amp#27;[m &amp#27;[36mcom.shaft.tools.io.ReportManager&amp#27;[m : File Action "DoesFileExist" successfully performed. With the following test data "File Path: "C:\eclipse-workspace\MyProjects\TASystemsAPIs\src\test\resources\testDataFiles\Schemas\ValidationError_schema.json"".
2023-01-22 22:10:44.720 &amp#27;[32m INFO&amp#27;[m &amp#27;[35m[@503 - main]&amp#27;[m &amp#27;[36mcom.shaft.tools.io.ReportManager&amp#27;[m : File Action "GetAbsolutePath" successfully performed. With the following test data "Relative Folder Path: "C:\eclipse-workspace\MyProjects\TASystemsAPIs\src\test\resources\testDataFiles\Schemas\ValidationError_schema.json"".
2023-01-22 22:10:44.720 &amp#27;[32m INFO&amp#27;[m &amp#27;[35m[@503 - main]&amp#27;[m &amp#27;[36mcom.shaft.tools.io.ReportManager&amp#27;[m : File Action "ReadFile" successfully performed. With the following test data "File Path: "C:\eclipse-workspace\MyProjects\TASystemsAPIs\src\test\resources\testDataFiles\Schemas\ValidationError_schema.json"".
2023-01-22 22:10:44.721 &amp#27;[32m INFO&amp#27;[m &amp#27;[35m[@503 - main]&amp#27;[m &amp#27;[36mcom.shaft.tools.io.ReportManager&amp#27;[m : Successfully created attachment "Validation Test Data - Expected JSON Value"
2023-01-22 22:10:44.722 &amp#27;[32m INFO&amp#27;[m &amp#27;[35m[@503 - main]&amp#27;[m &amp#27;[36mcom.shaft.tools.io.ReportManager&amp#27;[m : Successfully created attachment "Validation Test Data - Actual JSON Value"
2023-01-22 22:10:44.723 &amp#27;[32m INFO&amp#27;[m &amp#27;[35m[@503 - main]&amp#27;[m &amp#27;[36mcom.shaft.tools.io.ReportManager&amp#27;[m : Successfully created attachment "SHAFT Engine Logs - Current Method log: Update_Policy_With_InValid_data_TC"
]]></system-out>
  </testcase>
  <testcase name="Update_Policy_With_InValid_data_TC[[Ljava.lang.Object;@65bfaa2e](54)" classname="SteeringCompanyAPI_TestCases.Test_Policies_Cases" time="3.717">
    <system-out><![CDATA[2023-01-22 22:10:44.727 &amp#27;[32m INFO&amp#27;[m &amp#27;[35m[@534 - main]&amp#27;[m &amp#27;[36mcom.shaft.tools.io.ReportManager&amp#27;[m : 
################################################################################################################################################
Starting Execution:	"277 out of 83" test cases in the current suite
Test Method:		"SteeringCompanyAPI_TestCases.Test_Policies_Cases.Update_Policy_With_InValid_data_TC"
Test Description:	"TC053 -Policy- Perform Update Policy with InValid data"
################################################################################################################################################
2023-01-22 22:10:44.727 &amp#27;[32m INFO&amp#27;[m &amp#27;[35m[@503 - main]&amp#27;[m &amp#27;[36mcom.shaft.tools.io.ReportManager&amp#27;[m : File Action "DoesFileExist" successfully performed. With the following test data "File Path: "SteeringCompanyAPI_TestData/SteeringCompanyAPI_TestData.xlsx"".
2023-01-22 22:10:44.764 &amp#27;[32m INFO&amp#27;[m &amp#27;[35m[@503 - main]&amp#27;[m &amp#27;[36mcom.shaft.tools.io.ReportManager&amp#27;[m : Successfully created attachment "Test Data - Excel"
2023-01-22 22:10:46.708 &amp#27;[32m INFO&amp#27;[m &amp#27;[35m[@503 - main]&amp#27;[m &amp#27;[36mcom.shaft.tools.io.ReportManager&amp#27;[m : Response status code: "200", status line: "HTTP/1.1 200 OK"
2023-01-22 22:10:46.757 &amp#27;[32m INFO&amp#27;[m &amp#27;[35m[@503 - main]&amp#27;[m &amp#27;[36mcom.shaft.tools.io.ReportManager&amp#27;[m : Successfully created attachment "API Request - Specifications"
2023-01-22 22:10:46.759 &amp#27;[32m INFO&amp#27;[m &amp#27;[35m[@503 - main]&amp#27;[m &amp#27;[36mcom.shaft.tools.io.ReportManager&amp#27;[m : Successfully created attachment "API Request - Body"
2023-01-22 22:10:46.761 &amp#27;[32m INFO&amp#27;[m &amp#27;[35m[@503 - main]&amp#27;[m &amp#27;[36mcom.shaft.tools.io.ReportManager&amp#27;[m : Successfully created attachment "API Response - JSON Body"
2023-01-22 22:10:46.770 &amp#27;[32m INFO&amp#27;[m &amp#27;[35m[@503 - main]&amp#27;[m &amp#27;[36mcom.shaft.tools.io.ReportManager&amp#27;[m : File Action "DoesFileExist" successfully performed. With the following test data "File Path: "SteeringCompanyAPI_TestData/SteeringCompanyAPI_TestData.xlsx"".
2023-01-22 22:10:46.793 &amp#27;[32m INFO&amp#27;[m &amp#27;[35m[@503 - main]&amp#27;[m &amp#27;[36mcom.shaft.tools.io.ReportManager&amp#27;[m : Successfully created attachment "Test Data - Excel"
2023-01-22 22:10:46.793 &amp#27;[32m INFO&amp#27;[m &amp#27;[35m[@503 - main]&amp#27;[m &amp#27;[36mcom.shaft.tools.io.ReportManager&amp#27;[m : File Action "DoesFileExist" successfully performed. With the following test data "File Path: "SteeringCompanyAPI_TestData/SteeringCompanyAPI_TestData.xlsx"".
2023-01-22 22:10:46.813 &amp#27;[32m INFO&amp#27;[m &amp#27;[35m[@503 - main]&amp#27;[m &amp#27;[36mcom.shaft.tools.io.ReportManager&amp#27;[m : Successfully created attachment "Test Data - Excel"
2023-01-22 22:10:46.813 &amp#27;[32m INFO&amp#27;[m &amp#27;[35m[@503 - main]&amp#27;[m &amp#27;[36mcom.shaft.tools.io.ReportManager&amp#27;[m : File Action "DoesFileExist" successfully performed. With the following test data "File Path: "SteeringCompanyAPI_TestData/SteeringCompanyAPI_TestData.xlsx"".
2023-01-22 22:10:46.833 &amp#27;[32m INFO&amp#27;[m &amp#27;[35m[@503 - main]&amp#27;[m &amp#27;[36mcom.shaft.tools.io.ReportManager&amp#27;[m : Successfully created attachment "Test Data - Excel"
2023-01-22 22:10:48.380 &amp#27;[32m INFO&amp#27;[m &amp#27;[35m[@503 - main]&amp#27;[m &amp#27;[36mcom.shaft.tools.io.ReportManager&amp#27;[m : Response status code: "422", status line: "HTTP/1.1 422 "
2023-01-22 22:10:48.391 &amp#27;[32m INFO&amp#27;[m &amp#27;[35m[@503 - main]&amp#27;[m &amp#27;[36mcom.shaft.tools.io.ReportManager&amp#27;[m : Successfully created attachment "API Request - Specifications"
2023-01-22 22:10:48.393 &amp#27;[32m INFO&amp#27;[m &amp#27;[35m[@503 - main]&amp#27;[m &amp#27;[36mcom.shaft.tools.io.ReportManager&amp#27;[m : Successfully created attachment "API Request - JSON Body"
2023-01-22 22:10:48.394 &amp#27;[32m INFO&amp#27;[m &amp#27;[35m[@503 - main]&amp#27;[m &amp#27;[36mcom.shaft.tools.io.ReportManager&amp#27;[m : Successfully created attachment "API Response - JSON Body"
2023-01-22 22:10:48.395 &amp#27;[32m INFO&amp#27;[m &amp#27;[35m[@503 - main]&amp#27;[m &amp#27;[36mcom.shaft.tools.io.ReportManager&amp#27;[m : File Action "DoesFileExist" successfully performed. With the following test data "File Path: "Schemas/ValidationError_schema.json"".
2023-01-22 22:10:48.395 &amp#27;[32m INFO&amp#27;[m &amp#27;[35m[@503 - main]&amp#27;[m &amp#27;[36mcom.shaft.tools.io.ReportManager&amp#27;[m : File Action "DoesFileExist" successfully performed. With the following test data "File Path: "src/test/resources/testDataFiles/Schemas/ValidationError_schema.json"".
2023-01-22 22:10:48.395 &amp#27;[32m INFO&amp#27;[m &amp#27;[35m[@503 - main]&amp#27;[m &amp#27;[36mcom.shaft.tools.io.ReportManager&amp#27;[m : File Action "GetAbsolutePath" successfully performed. With the following test data "Relative Folder Path: "src/test/resources/testDataFiles/Schemas/ValidationError_schema.json"".
2023-01-22 22:10:48.397 &amp#27;[32m INFO&amp#27;[m &amp#27;[35m[@503 - main]&amp#27;[m &amp#27;[36mcom.shaft.tools.io.ReportManager&amp#27;[m : File Action "DoesFileExist" successfully performed. With the following test data "File Path: "C:\eclipse-workspace\MyProjects\TASystemsAPIs\src\test\resources\testDataFiles\Schemas\ValidationError_schema.json"".
2023-01-22 22:10:48.397 &amp#27;[32m INFO&amp#27;[m &amp#27;[35m[@503 - main]&amp#27;[m &amp#27;[36mcom.shaft.tools.io.ReportManager&amp#27;[m : File Action "GetAbsolutePath" successfully performed. With the following test data "Relative Folder Path: "C:\eclipse-workspace\MyProjects\TASystemsAPIs\src\test\resources\testDataFiles\Schemas\ValidationError_schema.json"".
2023-01-22 22:10:48.397 &amp#27;[32m INFO&amp#27;[m &amp#27;[35m[@503 - main]&amp#27;[m &amp#27;[36mcom.shaft.tools.io.ReportManager&amp#27;[m : File Action "ReadFile" successfully performed. With the following test data "File Path: "C:\eclipse-workspace\MyProjects\TASystemsAPIs\src\test\resources\testDataFiles\Schemas\ValidationError_schema.json"".
2023-01-22 22:10:48.437 &amp#27;[32m INFO&amp#27;[m &amp#27;[35m[@503 - main]&amp#27;[m &amp#27;[36mcom.shaft.tools.io.ReportManager&amp#27;[m : Successfully created attachment "Validation Test Data - Expected JSON Value"
2023-01-22 22:10:48.439 &amp#27;[32m INFO&amp#27;[m &amp#27;[35m[@503 - main]&amp#27;[m &amp#27;[36mcom.shaft.tools.io.ReportManager&amp#27;[m : Successfully created attachment "Validation Test Data - Actual JSON Value"
2023-01-22 22:10:48.439 &amp#27;[32m INFO&amp#27;[m &amp#27;[35m[@503 - main]&amp#27;[m &amp#27;[36mcom.shaft.tools.io.ReportManager&amp#27;[m : Successfully created attachment "SHAFT Engine Logs - Current Method log: Update_Policy_With_InValid_data_TC"
]]></system-out>
  </testcase>
  <testcase name="Update_Policy_With_InValid_data_TC[[Ljava.lang.Object;@559ed659](55)" classname="SteeringCompanyAPI_TestCases.Test_Policies_Cases" time="7.206">
    <system-out><![CDATA[2023-01-22 22:10:48.443 &amp#27;[32m INFO&amp#27;[m &amp#27;[35m[@534 - main]&amp#27;[m &amp#27;[36mcom.shaft.tools.io.ReportManager&amp#27;[m : 
################################################################################################################################################
Starting Execution:	"278 out of 83" test cases in the current suite
Test Method:		"SteeringCompanyAPI_TestCases.Test_Policies_Cases.Update_Policy_With_InValid_data_TC"
Test Description:	"TC053 -Policy- Perform Update Policy with InValid data"
################################################################################################################################################
2023-01-22 22:10:48.443 &amp#27;[32m INFO&amp#27;[m &amp#27;[35m[@503 - main]&amp#27;[m &amp#27;[36mcom.shaft.tools.io.ReportManager&amp#27;[m : File Action "DoesFileExist" successfully performed. With the following test data "File Path: "SteeringCompanyAPI_TestData/SteeringCompanyAPI_TestData.xlsx"".
2023-01-22 22:10:48.463 &amp#27;[32m INFO&amp#27;[m &amp#27;[35m[@503 - main]&amp#27;[m &amp#27;[36mcom.shaft.tools.io.ReportManager&amp#27;[m : Successfully created attachment "Test Data - Excel"
2023-01-22 22:10:53.711 &amp#27;[32m INFO&amp#27;[m &amp#27;[35m[@503 - main]&amp#27;[m &amp#27;[36mcom.shaft.tools.io.ReportManager&amp#27;[m : Response status code: "200", status line: "HTTP/1.1 200 OK"
2023-01-22 22:10:53.723 &amp#27;[32m INFO&amp#27;[m &amp#27;[35m[@503 - main]&amp#27;[m &amp#27;[36mcom.shaft.tools.io.ReportManager&amp#27;[m : Successfully created attachment "API Request - Specifications"
2023-01-22 22:10:53.724 &amp#27;[32m INFO&amp#27;[m &amp#27;[35m[@503 - main]&amp#27;[m &amp#27;[36mcom.shaft.tools.io.ReportManager&amp#27;[m : Successfully created attachment "API Request - Body"
2023-01-22 22:10:53.724 &amp#27;[32m INFO&amp#27;[m &amp#27;[35m[@503 - main]&amp#27;[m &amp#27;[36mcom.shaft.tools.io.ReportManager&amp#27;[m : Successfully created attachment "API Response - JSON Body"
2023-01-22 22:10:53.733 &amp#27;[32m INFO&amp#27;[m &amp#27;[35m[@503 - main]&amp#27;[m &amp#27;[36mcom.shaft.tools.io.ReportManager&amp#27;[m : File Action "DoesFileExist" successfully performed. With the following test data "File Path: "SteeringCompanyAPI_TestData/SteeringCompanyAPI_TestData.xlsx"".
2023-01-22 22:10:53.794 &amp#27;[32m INFO&amp#27;[m &amp#27;[35m[@503 - main]&amp#27;[m &amp#27;[36mcom.shaft.tools.io.ReportManager&amp#27;[m : Successfully created attachment "Test Data - Excel"
2023-01-22 22:10:53.794 &amp#27;[32m INFO&amp#27;[m &amp#27;[35m[@503 - main]&amp#27;[m &amp#27;[36mcom.shaft.tools.io.ReportManager&amp#27;[m : File Action "DoesFileExist" successfully performed. With the following test data "File Path: "SteeringCompanyAPI_TestData/SteeringCompanyAPI_TestData.xlsx"".
2023-01-22 22:10:53.818 &amp#27;[32m INFO&amp#27;[m &amp#27;[35m[@503 - main]&amp#27;[m &amp#27;[36mcom.shaft.tools.io.ReportManager&amp#27;[m : Successfully created attachment "Test Data - Excel"
2023-01-22 22:10:53.819 &amp#27;[32m INFO&amp#27;[m &amp#27;[35m[@503 - main]&amp#27;[m &amp#27;[36mcom.shaft.tools.io.ReportManager&amp#27;[m : File Action "DoesFileExist" successfully performed. With the following test data "File Path: "SteeringCompanyAPI_TestData/SteeringCompanyAPI_TestData.xlsx"".
2023-01-22 22:10:53.842 &amp#27;[32m INFO&amp#27;[m &amp#27;[35m[@503 - main]&amp#27;[m &amp#27;[36mcom.shaft.tools.io.ReportManager&amp#27;[m : Successfully created attachment "Test Data - Excel"
2023-01-22 22:10:55.620 &amp#27;[32m INFO&amp#27;[m &amp#27;[35m[@503 - main]&amp#27;[m &amp#27;[36mcom.shaft.tools.io.ReportManager&amp#27;[m : Response status code: "422", status line: "HTTP/1.1 422 "
2023-01-22 22:10:55.630 &amp#27;[32m INFO&amp#27;[m &amp#27;[35m[@503 - main]&amp#27;[m &amp#27;[36mcom.shaft.tools.io.ReportManager&amp#27;[m : Successfully created attachment "API Request - Specifications"
2023-01-22 22:10:55.632 &amp#27;[32m INFO&amp#27;[m &amp#27;[35m[@503 - main]&amp#27;[m &amp#27;[36mcom.shaft.tools.io.ReportManager&amp#27;[m : Successfully created attachment "API Request - JSON Body"
2023-01-22 22:10:55.635 &amp#27;[32m INFO&amp#27;[m &amp#27;[35m[@503 - main]&amp#27;[m &amp#27;[36mcom.shaft.tools.io.ReportManager&amp#27;[m : Successfully created attachment "API Response - JSON Body"
2023-01-22 22:10:55.636 &amp#27;[32m INFO&amp#27;[m &amp#27;[35m[@503 - main]&amp#27;[m &amp#27;[36mcom.shaft.tools.io.ReportManager&amp#27;[m : File Action "DoesFileExist" successfully performed. With the following test data "File Path: "Schemas/ValidationError_schema.json"".
2023-01-22 22:10:55.637 &amp#27;[32m INFO&amp#27;[m &amp#27;[35m[@503 - main]&amp#27;[m &amp#27;[36mcom.shaft.tools.io.ReportManager&amp#27;[m : File Action "DoesFileExist" successfully performed. With the following test data "File Path: "src/test/resources/testDataFiles/Schemas/ValidationError_schema.json"".
2023-01-22 22:10:55.637 &amp#27;[32m INFO&amp#27;[m &amp#27;[35m[@503 - main]&amp#27;[m &amp#27;[36mcom.shaft.tools.io.ReportManager&amp#27;[m : File Action "GetAbsolutePath" successfully performed. With the following test data "Relative Folder Path: "src/test/resources/testDataFiles/Schemas/ValidationError_schema.json"".
2023-01-22 22:10:55.640 &amp#27;[32m INFO&amp#27;[m &amp#27;[35m[@503 - main]&amp#27;[m &amp#27;[36mcom.shaft.tools.io.ReportManager&amp#27;[m : File Action "DoesFileExist" successfully performed. With the following test data "File Path: "C:\eclipse-workspace\MyProjects\TASystemsAPIs\src\test\resources\testDataFiles\Schemas\ValidationError_schema.json"".
2023-01-22 22:10:55.640 &amp#27;[32m INFO&amp#27;[m &amp#27;[35m[@503 - main]&amp#27;[m &amp#27;[36mcom.shaft.tools.io.ReportManager&amp#27;[m : File Action "GetAbsolutePath" successfully performed. With the following test data "Relative Folder Path: "C:\eclipse-workspace\MyProjects\TASystemsAPIs\src\test\resources\testDataFiles\Schemas\ValidationError_schema.json"".
2023-01-22 22:10:55.641 &amp#27;[32m INFO&amp#27;[m &amp#27;[35m[@503 - main]&amp#27;[m &amp#27;[36mcom.shaft.tools.io.ReportManager&amp#27;[m : File Action "ReadFile" successfully performed. With the following test data "File Path: "C:\eclipse-workspace\MyProjects\TASystemsAPIs\src\test\resources\testDataFiles\Schemas\ValidationError_schema.json"".
2023-01-22 22:10:55.642 &amp#27;[32m INFO&amp#27;[m &amp#27;[35m[@503 - main]&amp#27;[m &amp#27;[36mcom.shaft.tools.io.ReportManager&amp#27;[m : Successfully created attachment "Validation Test Data - Expected JSON Value"
2023-01-22 22:10:55.643 &amp#27;[32m INFO&amp#27;[m &amp#27;[35m[@503 - main]&amp#27;[m &amp#27;[36mcom.shaft.tools.io.ReportManager&amp#27;[m : Successfully created attachment "Validation Test Data - Actual JSON Value"
2023-01-22 22:10:55.645 &amp#27;[32m INFO&amp#27;[m &amp#27;[35m[@503 - main]&amp#27;[m &amp#27;[36mcom.shaft.tools.io.ReportManager&amp#27;[m : Successfully created attachment "SHAFT Engine Logs - Current Method log: Update_Policy_With_InValid_data_TC"
]]></system-out>
  </testcase>
  <testcase name="Update_Policy_With_InValid_data_TC[[Ljava.lang.Object;@21e39f91](56)" classname="SteeringCompanyAPI_TestCases.Test_Policies_Cases" time="3.708">
    <system-out><![CDATA[2023-01-22 22:10:55.649 &amp#27;[32m INFO&amp#27;[m &amp#27;[35m[@534 - main]&amp#27;[m &amp#27;[36mcom.shaft.tools.io.ReportManager&amp#27;[m : 
################################################################################################################################################
Starting Execution:	"279 out of 83" test cases in the current suite
Test Method:		"SteeringCompanyAPI_TestCases.Test_Policies_Cases.Update_Policy_With_InValid_data_TC"
Test Description:	"TC053 -Policy- Perform Update Policy with InValid data"
################################################################################################################################################
2023-01-22 22:10:55.650 &amp#27;[32m INFO&amp#27;[m &amp#27;[35m[@503 - main]&amp#27;[m &amp#27;[36mcom.shaft.tools.io.ReportManager&amp#27;[m : File Action "DoesFileExist" successfully performed. With the following test data "File Path: "SteeringCompanyAPI_TestData/SteeringCompanyAPI_TestData.xlsx"".
2023-01-22 22:10:55.674 &amp#27;[32m INFO&amp#27;[m &amp#27;[35m[@503 - main]&amp#27;[m &amp#27;[36mcom.shaft.tools.io.ReportManager&amp#27;[m : Successfully created attachment "Test Data - Excel"
2023-01-22 22:10:57.374 &amp#27;[32m INFO&amp#27;[m &amp#27;[35m[@503 - main]&amp#27;[m &amp#27;[36mcom.shaft.tools.io.ReportManager&amp#27;[m : Response status code: "200", status line: "HTTP/1.1 200 OK"
2023-01-22 22:10:57.393 &amp#27;[32m INFO&amp#27;[m &amp#27;[35m[@503 - main]&amp#27;[m &amp#27;[36mcom.shaft.tools.io.ReportManager&amp#27;[m : Successfully created attachment "API Request - Specifications"
2023-01-22 22:10:57.395 &amp#27;[32m INFO&amp#27;[m &amp#27;[35m[@503 - main]&amp#27;[m &amp#27;[36mcom.shaft.tools.io.ReportManager&amp#27;[m : Successfully created attachment "API Request - Body"
2023-01-22 22:10:57.396 &amp#27;[32m INFO&amp#27;[m &amp#27;[35m[@503 - main]&amp#27;[m &amp#27;[36mcom.shaft.tools.io.ReportManager&amp#27;[m : Successfully created attachment "API Response - JSON Body"
2023-01-22 22:10:57.403 &amp#27;[32m INFO&amp#27;[m &amp#27;[35m[@503 - main]&amp#27;[m &amp#27;[36mcom.shaft.tools.io.ReportManager&amp#27;[m : File Action "DoesFileExist" successfully performed. With the following test data "File Path: "SteeringCompanyAPI_TestData/SteeringCompanyAPI_TestData.xlsx"".
2023-01-22 22:10:57.423 &amp#27;[32m INFO&amp#27;[m &amp#27;[35m[@503 - main]&amp#27;[m &amp#27;[36mcom.shaft.tools.io.ReportManager&amp#27;[m : Successfully created attachment "Test Data - Excel"
2023-01-22 22:10:57.423 &amp#27;[32m INFO&amp#27;[m &amp#27;[35m[@503 - main]&amp#27;[m &amp#27;[36mcom.shaft.tools.io.ReportManager&amp#27;[m : File Action "DoesFileExist" successfully performed. With the following test data "File Path: "SteeringCompanyAPI_TestData/SteeringCompanyAPI_TestData.xlsx"".
2023-01-22 22:10:57.457 &amp#27;[32m INFO&amp#27;[m &amp#27;[35m[@503 - main]&amp#27;[m &amp#27;[36mcom.shaft.tools.io.ReportManager&amp#27;[m : Successfully created attachment "Test Data - Excel"
2023-01-22 22:10:57.458 &amp#27;[32m INFO&amp#27;[m &amp#27;[35m[@503 - main]&amp#27;[m &amp#27;[36mcom.shaft.tools.io.ReportManager&amp#27;[m : File Action "DoesFileExist" successfully performed. With the following test data "File Path: "SteeringCompanyAPI_TestData/SteeringCompanyAPI_TestData.xlsx"".
2023-01-22 22:10:57.483 &amp#27;[32m INFO&amp#27;[m &amp#27;[35m[@503 - main]&amp#27;[m &amp#27;[36mcom.shaft.tools.io.ReportManager&amp#27;[m : Successfully created attachment "Test Data - Excel"
2023-01-22 22:10:59.296 &amp#27;[32m INFO&amp#27;[m &amp#27;[35m[@503 - main]&amp#27;[m &amp#27;[36mcom.shaft.tools.io.ReportManager&amp#27;[m : Response status code: "422", status line: "HTTP/1.1 422 "
2023-01-22 22:10:59.306 &amp#27;[32m INFO&amp#27;[m &amp#27;[35m[@503 - main]&amp#27;[m &amp#27;[36mcom.shaft.tools.io.ReportManager&amp#27;[m : Successfully created attachment "API Request - Specifications"
2023-01-22 22:10:59.307 &amp#27;[32m INFO&amp#27;[m &amp#27;[35m[@503 - main]&amp#27;[m &amp#27;[36mcom.shaft.tools.io.ReportManager&amp#27;[m : Successfully created attachment "API Request - JSON Body"
2023-01-22 22:10:59.308 &amp#27;[32m INFO&amp#27;[m &amp#27;[35m[@503 - main]&amp#27;[m &amp#27;[36mcom.shaft.tools.io.ReportManager&amp#27;[m : Successfully created attachment "API Response - JSON Body"
2023-01-22 22:10:59.308 &amp#27;[32m INFO&amp#27;[m &amp#27;[35m[@503 - main]&amp#27;[m &amp#27;[36mcom.shaft.tools.io.ReportManager&amp#27;[m : File Action "DoesFileExist" successfully performed. With the following test data "File Path: "Schemas/ValidationError_schema.json"".
2023-01-22 22:10:59.308 &amp#27;[32m INFO&amp#27;[m &amp#27;[35m[@503 - main]&amp#27;[m &amp#27;[36mcom.shaft.tools.io.ReportManager&amp#27;[m : File Action "DoesFileExist" successfully performed. With the following test data "File Path: "src/test/resources/testDataFiles/Schemas/ValidationError_schema.json"".
2023-01-22 22:10:59.308 &amp#27;[32m INFO&amp#27;[m &amp#27;[35m[@503 - main]&amp#27;[m &amp#27;[36mcom.shaft.tools.io.ReportManager&amp#27;[m : File Action "GetAbsolutePath" successfully performed. With the following test data "Relative Folder Path: "src/test/resources/testDataFiles/Schemas/ValidationError_schema.json"".
2023-01-22 22:10:59.311 &amp#27;[32m INFO&amp#27;[m &amp#27;[35m[@503 - main]&amp#27;[m &amp#27;[36mcom.shaft.tools.io.ReportManager&amp#27;[m : File Action "DoesFileExist" successfully performed. With the following test data "File Path: "C:\eclipse-workspace\MyProjects\TASystemsAPIs\src\test\resources\testDataFiles\Schemas\ValidationError_schema.json"".
2023-01-22 22:10:59.311 &amp#27;[32m INFO&amp#27;[m &amp#27;[35m[@503 - main]&amp#27;[m &amp#27;[36mcom.shaft.tools.io.ReportManager&amp#27;[m : File Action "GetAbsolutePath" successfully performed. With the following test data "Relative Folder Path: "C:\eclipse-workspace\MyProjects\TASystemsAPIs\src\test\resources\testDataFiles\Schemas\ValidationError_schema.json"".
2023-01-22 22:10:59.311 &amp#27;[32m INFO&amp#27;[m &amp#27;[35m[@503 - main]&amp#27;[m &amp#27;[36mcom.shaft.tools.io.ReportManager&amp#27;[m : File Action "ReadFile" successfully performed. With the following test data "File Path: "C:\eclipse-workspace\MyProjects\TASystemsAPIs\src\test\resources\testDataFiles\Schemas\ValidationError_schema.json"".
2023-01-22 22:10:59.351 &amp#27;[32m INFO&amp#27;[m &amp#27;[35m[@503 - main]&amp#27;[m &amp#27;[36mcom.shaft.tools.io.ReportManager&amp#27;[m : Successfully created attachment "Validation Test Data - Expected JSON Value"
2023-01-22 22:10:59.353 &amp#27;[32m INFO&amp#27;[m &amp#27;[35m[@503 - main]&amp#27;[m &amp#27;[36mcom.shaft.tools.io.ReportManager&amp#27;[m : Successfully created attachment "Validation Test Data - Actual JSON Value"
2023-01-22 22:10:59.354 &amp#27;[32m INFO&amp#27;[m &amp#27;[35m[@503 - main]&amp#27;[m &amp#27;[36mcom.shaft.tools.io.ReportManager&amp#27;[m : Successfully created attachment "SHAFT Engine Logs - Current Method log: Update_Policy_With_InValid_data_TC"
]]></system-out>
  </testcase>
  <testcase name="Update_Policy_With_InValid_data_TC[[Ljava.lang.Object;@97dbba5](57)" classname="SteeringCompanyAPI_TestCases.Test_Policies_Cases" time="3.715">
    <system-out><![CDATA[2023-01-22 22:10:59.357 &amp#27;[32m INFO&amp#27;[m &amp#27;[35m[@534 - main]&amp#27;[m &amp#27;[36mcom.shaft.tools.io.ReportManager&amp#27;[m : 
################################################################################################################################################
Starting Execution:	"280 out of 83" test cases in the current suite
Test Method:		"SteeringCompanyAPI_TestCases.Test_Policies_Cases.Update_Policy_With_InValid_data_TC"
Test Description:	"TC053 -Policy- Perform Update Policy with InValid data"
################################################################################################################################################
2023-01-22 22:10:59.357 &amp#27;[32m INFO&amp#27;[m &amp#27;[35m[@503 - main]&amp#27;[m &amp#27;[36mcom.shaft.tools.io.ReportManager&amp#27;[m : File Action "DoesFileExist" successfully performed. With the following test data "File Path: "SteeringCompanyAPI_TestData/SteeringCompanyAPI_TestData.xlsx"".
2023-01-22 22:10:59.377 &amp#27;[32m INFO&amp#27;[m &amp#27;[35m[@503 - main]&amp#27;[m &amp#27;[36mcom.shaft.tools.io.ReportManager&amp#27;[m : Successfully created attachment "Test Data - Excel"
2023-01-22 22:11:01.556 &amp#27;[32m INFO&amp#27;[m &amp#27;[35m[@503 - main]&amp#27;[m &amp#27;[36mcom.shaft.tools.io.ReportManager&amp#27;[m : Response status code: "200", status line: "HTTP/1.1 200 OK"
2023-01-22 22:11:01.570 &amp#27;[32m INFO&amp#27;[m &amp#27;[35m[@503 - main]&amp#27;[m &amp#27;[36mcom.shaft.tools.io.ReportManager&amp#27;[m : Successfully created attachment "API Request - Specifications"
2023-01-22 22:11:01.571 &amp#27;[32m INFO&amp#27;[m &amp#27;[35m[@503 - main]&amp#27;[m &amp#27;[36mcom.shaft.tools.io.ReportManager&amp#27;[m : Successfully created attachment "API Request - Body"
2023-01-22 22:11:01.611 &amp#27;[32m INFO&amp#27;[m &amp#27;[35m[@503 - main]&amp#27;[m &amp#27;[36mcom.shaft.tools.io.ReportManager&amp#27;[m : Successfully created attachment "API Response - JSON Body"
2023-01-22 22:11:01.619 &amp#27;[32m INFO&amp#27;[m &amp#27;[35m[@503 - main]&amp#27;[m &amp#27;[36mcom.shaft.tools.io.ReportManager&amp#27;[m : File Action "DoesFileExist" successfully performed. With the following test data "File Path: "SteeringCompanyAPI_TestData/SteeringCompanyAPI_TestData.xlsx"".
2023-01-22 22:11:01.639 &amp#27;[32m INFO&amp#27;[m &amp#27;[35m[@503 - main]&amp#27;[m &amp#27;[36mcom.shaft.tools.io.ReportManager&amp#27;[m : Successfully created attachment "Test Data - Excel"
2023-01-22 22:11:01.640 &amp#27;[32m INFO&amp#27;[m &amp#27;[35m[@503 - main]&amp#27;[m &amp#27;[36mcom.shaft.tools.io.ReportManager&amp#27;[m : File Action "DoesFileExist" successfully performed. With the following test data "File Path: "SteeringCompanyAPI_TestData/SteeringCompanyAPI_TestData.xlsx"".
2023-01-22 22:11:01.660 &amp#27;[32m INFO&amp#27;[m &amp#27;[35m[@503 - main]&amp#27;[m &amp#27;[36mcom.shaft.tools.io.ReportManager&amp#27;[m : Successfully created attachment "Test Data - Excel"
2023-01-22 22:11:01.660 &amp#27;[32m INFO&amp#27;[m &amp#27;[35m[@503 - main]&amp#27;[m &amp#27;[36mcom.shaft.tools.io.ReportManager&amp#27;[m : File Action "DoesFileExist" successfully performed. With the following test data "File Path: "SteeringCompanyAPI_TestData/SteeringCompanyAPI_TestData.xlsx"".
2023-01-22 22:11:01.682 &amp#27;[32m INFO&amp#27;[m &amp#27;[35m[@503 - main]&amp#27;[m &amp#27;[36mcom.shaft.tools.io.ReportManager&amp#27;[m : Successfully created attachment "Test Data - Excel"
2023-01-22 22:11:03.009 &amp#27;[32m INFO&amp#27;[m &amp#27;[35m[@503 - main]&amp#27;[m &amp#27;[36mcom.shaft.tools.io.ReportManager&amp#27;[m : Response status code: "422", status line: "HTTP/1.1 422 "
2023-01-22 22:11:03.020 &amp#27;[32m INFO&amp#27;[m &amp#27;[35m[@503 - main]&amp#27;[m &amp#27;[36mcom.shaft.tools.io.ReportManager&amp#27;[m : Successfully created attachment "API Request - Specifications"
2023-01-22 22:11:03.021 &amp#27;[32m INFO&amp#27;[m &amp#27;[35m[@503 - main]&amp#27;[m &amp#27;[36mcom.shaft.tools.io.ReportManager&amp#27;[m : Successfully created attachment "API Request - JSON Body"
2023-01-22 22:11:03.062 &amp#27;[32m INFO&amp#27;[m &amp#27;[35m[@503 - main]&amp#27;[m &amp#27;[36mcom.shaft.tools.io.ReportManager&amp#27;[m : Successfully created attachment "API Response - JSON Body"
2023-01-22 22:11:03.063 &amp#27;[32m INFO&amp#27;[m &amp#27;[35m[@503 - main]&amp#27;[m &amp#27;[36mcom.shaft.tools.io.ReportManager&amp#27;[m : File Action "DoesFileExist" successfully performed. With the following test data "File Path: "Schemas/ValidationError_schema.json"".
2023-01-22 22:11:03.063 &amp#27;[32m INFO&amp#27;[m &amp#27;[35m[@503 - main]&amp#27;[m &amp#27;[36mcom.shaft.tools.io.ReportManager&amp#27;[m : File Action "DoesFileExist" successfully performed. With the following test data "File Path: "src/test/resources/testDataFiles/Schemas/ValidationError_schema.json"".
2023-01-22 22:11:03.063 &amp#27;[32m INFO&amp#27;[m &amp#27;[35m[@503 - main]&amp#27;[m &amp#27;[36mcom.shaft.tools.io.ReportManager&amp#27;[m : File Action "GetAbsolutePath" successfully performed. With the following test data "Relative Folder Path: "src/test/resources/testDataFiles/Schemas/ValidationError_schema.json"".
2023-01-22 22:11:03.065 &amp#27;[32m INFO&amp#27;[m &amp#27;[35m[@503 - main]&amp#27;[m &amp#27;[36mcom.shaft.tools.io.ReportManager&amp#27;[m : File Action "DoesFileExist" successfully performed. With the following test data "File Path: "C:\eclipse-workspace\MyProjects\TASystemsAPIs\src\test\resources\testDataFiles\Schemas\ValidationError_schema.json"".
2023-01-22 22:11:03.065 &amp#27;[32m INFO&amp#27;[m &amp#27;[35m[@503 - main]&amp#27;[m &amp#27;[36mcom.shaft.tools.io.ReportManager&amp#27;[m : File Action "GetAbsolutePath" successfully performed. With the following test data "Relative Folder Path: "C:\eclipse-workspace\MyProjects\TASystemsAPIs\src\test\resources\testDataFiles\Schemas\ValidationError_schema.json"".
2023-01-22 22:11:03.066 &amp#27;[32m INFO&amp#27;[m &amp#27;[35m[@503 - main]&amp#27;[m &amp#27;[36mcom.shaft.tools.io.ReportManager&amp#27;[m : File Action "ReadFile" successfully performed. With the following test data "File Path: "C:\eclipse-workspace\MyProjects\TASystemsAPIs\src\test\resources\testDataFiles\Schemas\ValidationError_schema.json"".
2023-01-22 22:11:03.066 &amp#27;[32m INFO&amp#27;[m &amp#27;[35m[@503 - main]&amp#27;[m &amp#27;[36mcom.shaft.tools.io.ReportManager&amp#27;[m : Successfully created attachment "Validation Test Data - Expected JSON Value"
2023-01-22 22:11:03.067 &amp#27;[32m INFO&amp#27;[m &amp#27;[35m[@503 - main]&amp#27;[m &amp#27;[36mcom.shaft.tools.io.ReportManager&amp#27;[m : Successfully created attachment "Validation Test Data - Actual JSON Value"
2023-01-22 22:11:03.069 &amp#27;[32m INFO&amp#27;[m &amp#27;[35m[@503 - main]&amp#27;[m &amp#27;[36mcom.shaft.tools.io.ReportManager&amp#27;[m : Successfully created attachment "SHAFT Engine Logs - Current Method log: Update_Policy_With_InValid_data_TC"
]]></system-out>
  </testcase>
  <testcase name="Update_Policy_With_InValid_data_TC[[Ljava.lang.Object;@6507714](58)" classname="SteeringCompanyAPI_TestCases.Test_Policies_Cases" time="3.675">
    <system-out><![CDATA[2023-01-22 22:11:03.072 &amp#27;[32m INFO&amp#27;[m &amp#27;[35m[@534 - main]&amp#27;[m &amp#27;[36mcom.shaft.tools.io.ReportManager&amp#27;[m : 
################################################################################################################################################
Starting Execution:	"281 out of 83" test cases in the current suite
Test Method:		"SteeringCompanyAPI_TestCases.Test_Policies_Cases.Update_Policy_With_InValid_data_TC"
Test Description:	"TC053 -Policy- Perform Update Policy with InValid data"
################################################################################################################################################
2023-01-22 22:11:03.072 &amp#27;[32m INFO&amp#27;[m &amp#27;[35m[@503 - main]&amp#27;[m &amp#27;[36mcom.shaft.tools.io.ReportManager&amp#27;[m : File Action "DoesFileExist" successfully performed. With the following test data "File Path: "SteeringCompanyAPI_TestData/SteeringCompanyAPI_TestData.xlsx"".
2023-01-22 22:11:03.091 &amp#27;[32m INFO&amp#27;[m &amp#27;[35m[@503 - main]&amp#27;[m &amp#27;[36mcom.shaft.tools.io.ReportManager&amp#27;[m : Successfully created attachment "Test Data - Excel"
2023-01-22 22:11:04.672 &amp#27;[32m INFO&amp#27;[m &amp#27;[35m[@503 - main]&amp#27;[m &amp#27;[36mcom.shaft.tools.io.ReportManager&amp#27;[m : Response status code: "200", status line: "HTTP/1.1 200 OK"
2023-01-22 22:11:04.682 &amp#27;[32m INFO&amp#27;[m &amp#27;[35m[@503 - main]&amp#27;[m &amp#27;[36mcom.shaft.tools.io.ReportManager&amp#27;[m : Successfully created attachment "API Request - Specifications"
2023-01-22 22:11:04.684 &amp#27;[32m INFO&amp#27;[m &amp#27;[35m[@503 - main]&amp#27;[m &amp#27;[36mcom.shaft.tools.io.ReportManager&amp#27;[m : Successfully created attachment "API Request - Body"
2023-01-22 22:11:04.685 &amp#27;[32m INFO&amp#27;[m &amp#27;[35m[@503 - main]&amp#27;[m &amp#27;[36mcom.shaft.tools.io.ReportManager&amp#27;[m : Successfully created attachment "API Response - JSON Body"
2023-01-22 22:11:04.693 &amp#27;[32m INFO&amp#27;[m &amp#27;[35m[@503 - main]&amp#27;[m &amp#27;[36mcom.shaft.tools.io.ReportManager&amp#27;[m : File Action "DoesFileExist" successfully performed. With the following test data "File Path: "SteeringCompanyAPI_TestData/SteeringCompanyAPI_TestData.xlsx"".
2023-01-22 22:11:04.758 &amp#27;[32m INFO&amp#27;[m &amp#27;[35m[@503 - main]&amp#27;[m &amp#27;[36mcom.shaft.tools.io.ReportManager&amp#27;[m : Successfully created attachment "Test Data - Excel"
2023-01-22 22:11:04.759 &amp#27;[32m INFO&amp#27;[m &amp#27;[35m[@503 - main]&amp#27;[m &amp#27;[36mcom.shaft.tools.io.ReportManager&amp#27;[m : File Action "DoesFileExist" successfully performed. With the following test data "File Path: "SteeringCompanyAPI_TestData/SteeringCompanyAPI_TestData.xlsx"".
2023-01-22 22:11:04.780 &amp#27;[32m INFO&amp#27;[m &amp#27;[35m[@503 - main]&amp#27;[m &amp#27;[36mcom.shaft.tools.io.ReportManager&amp#27;[m : Successfully created attachment "Test Data - Excel"
2023-01-22 22:11:04.780 &amp#27;[32m INFO&amp#27;[m &amp#27;[35m[@503 - main]&amp#27;[m &amp#27;[36mcom.shaft.tools.io.ReportManager&amp#27;[m : File Action "DoesFileExist" successfully performed. With the following test data "File Path: "SteeringCompanyAPI_TestData/SteeringCompanyAPI_TestData.xlsx"".
2023-01-22 22:11:04.811 &amp#27;[32m INFO&amp#27;[m &amp#27;[35m[@503 - main]&amp#27;[m &amp#27;[36mcom.shaft.tools.io.ReportManager&amp#27;[m : Successfully created attachment "Test Data - Excel"
2023-01-22 22:11:06.684 &amp#27;[32m INFO&amp#27;[m &amp#27;[35m[@503 - main]&amp#27;[m &amp#27;[36mcom.shaft.tools.io.ReportManager&amp#27;[m : Response status code: "422", status line: "HTTP/1.1 422 "
2023-01-22 22:11:06.694 &amp#27;[32m INFO&amp#27;[m &amp#27;[35m[@503 - main]&amp#27;[m &amp#27;[36mcom.shaft.tools.io.ReportManager&amp#27;[m : Successfully created attachment "API Request - Specifications"
2023-01-22 22:11:06.734 &amp#27;[32m INFO&amp#27;[m &amp#27;[35m[@503 - main]&amp#27;[m &amp#27;[36mcom.shaft.tools.io.ReportManager&amp#27;[m : Successfully created attachment "API Request - JSON Body"
2023-01-22 22:11:06.735 &amp#27;[32m INFO&amp#27;[m &amp#27;[35m[@503 - main]&amp#27;[m &amp#27;[36mcom.shaft.tools.io.ReportManager&amp#27;[m : Successfully created attachment "API Response - JSON Body"
2023-01-22 22:11:06.736 &amp#27;[32m INFO&amp#27;[m &amp#27;[35m[@503 - main]&amp#27;[m &amp#27;[36mcom.shaft.tools.io.ReportManager&amp#27;[m : File Action "DoesFileExist" successfully performed. With the following test data "File Path: "Schemas/ValidationError_schema.json"".
2023-01-22 22:11:06.736 &amp#27;[32m INFO&amp#27;[m &amp#27;[35m[@503 - main]&amp#27;[m &amp#27;[36mcom.shaft.tools.io.ReportManager&amp#27;[m : File Action "DoesFileExist" successfully performed. With the following test data "File Path: "src/test/resources/testDataFiles/Schemas/ValidationError_schema.json"".
2023-01-22 22:11:06.737 &amp#27;[32m INFO&amp#27;[m &amp#27;[35m[@503 - main]&amp#27;[m &amp#27;[36mcom.shaft.tools.io.ReportManager&amp#27;[m : File Action "GetAbsolutePath" successfully performed. With the following test data "Relative Folder Path: "src/test/resources/testDataFiles/Schemas/ValidationError_schema.json"".
2023-01-22 22:11:06.739 &amp#27;[32m INFO&amp#27;[m &amp#27;[35m[@503 - main]&amp#27;[m &amp#27;[36mcom.shaft.tools.io.ReportManager&amp#27;[m : File Action "DoesFileExist" successfully performed. With the following test data "File Path: "C:\eclipse-workspace\MyProjects\TASystemsAPIs\src\test\resources\testDataFiles\Schemas\ValidationError_schema.json"".
2023-01-22 22:11:06.739 &amp#27;[32m INFO&amp#27;[m &amp#27;[35m[@503 - main]&amp#27;[m &amp#27;[36mcom.shaft.tools.io.ReportManager&amp#27;[m : File Action "GetAbsolutePath" successfully performed. With the following test data "Relative Folder Path: "C:\eclipse-workspace\MyProjects\TASystemsAPIs\src\test\resources\testDataFiles\Schemas\ValidationError_schema.json"".
2023-01-22 22:11:06.740 &amp#27;[32m INFO&amp#27;[m &amp#27;[35m[@503 - main]&amp#27;[m &amp#27;[36mcom.shaft.tools.io.ReportManager&amp#27;[m : File Action "ReadFile" successfully performed. With the following test data "File Path: "C:\eclipse-workspace\MyProjects\TASystemsAPIs\src\test\resources\testDataFiles\Schemas\ValidationError_schema.json"".
2023-01-22 22:11:06.741 &amp#27;[32m INFO&amp#27;[m &amp#27;[35m[@503 - main]&amp#27;[m &amp#27;[36mcom.shaft.tools.io.ReportManager&amp#27;[m : Successfully created attachment "Validation Test Data - Expected JSON Value"
2023-01-22 22:11:06.742 &amp#27;[32m INFO&amp#27;[m &amp#27;[35m[@503 - main]&amp#27;[m &amp#27;[36mcom.shaft.tools.io.ReportManager&amp#27;[m : Successfully created attachment "Validation Test Data - Actual JSON Value"
2023-01-22 22:11:06.745 &amp#27;[32m INFO&amp#27;[m &amp#27;[35m[@503 - main]&amp#27;[m &amp#27;[36mcom.shaft.tools.io.ReportManager&amp#27;[m : Successfully created attachment "SHAFT Engine Logs - Current Method log: Update_Policy_With_InValid_data_TC"
]]></system-out>
  </testcase>
  <testcase name="Update_Policy_With_InValid_data_TC[[Ljava.lang.Object;@586bc423](59)" classname="SteeringCompanyAPI_TestCases.Test_Policies_Cases" time="4.961">
    <system-out><![CDATA[2023-01-22 22:11:06.747 &amp#27;[32m INFO&amp#27;[m &amp#27;[35m[@534 - main]&amp#27;[m &amp#27;[36mcom.shaft.tools.io.ReportManager&amp#27;[m : 
################################################################################################################################################
Starting Execution:	"282 out of 83" test cases in the current suite
Test Method:		"SteeringCompanyAPI_TestCases.Test_Policies_Cases.Update_Policy_With_InValid_data_TC"
Test Description:	"TC053 -Policy- Perform Update Policy with InValid data"
################################################################################################################################################
2023-01-22 22:11:06.748 &amp#27;[32m INFO&amp#27;[m &amp#27;[35m[@503 - main]&amp#27;[m &amp#27;[36mcom.shaft.tools.io.ReportManager&amp#27;[m : File Action "DoesFileExist" successfully performed. With the following test data "File Path: "SteeringCompanyAPI_TestData/SteeringCompanyAPI_TestData.xlsx"".
2023-01-22 22:11:06.781 &amp#27;[32m INFO&amp#27;[m &amp#27;[35m[@503 - main]&amp#27;[m &amp#27;[36mcom.shaft.tools.io.ReportManager&amp#27;[m : Successfully created attachment "Test Data - Excel"
2023-01-22 22:11:09.040 &amp#27;[32m INFO&amp#27;[m &amp#27;[35m[@503 - main]&amp#27;[m &amp#27;[36mcom.shaft.tools.io.ReportManager&amp#27;[m : Response status code: "200", status line: "HTTP/1.1 200 OK"
2023-01-22 22:11:09.052 &amp#27;[32m INFO&amp#27;[m &amp#27;[35m[@503 - main]&amp#27;[m &amp#27;[36mcom.shaft.tools.io.ReportManager&amp#27;[m : Successfully created attachment "API Request - Specifications"
2023-01-22 22:11:09.053 &amp#27;[32m INFO&amp#27;[m &amp#27;[35m[@503 - main]&amp#27;[m &amp#27;[36mcom.shaft.tools.io.ReportManager&amp#27;[m : Successfully created attachment "API Request - Body"
2023-01-22 22:11:09.055 &amp#27;[32m INFO&amp#27;[m &amp#27;[35m[@503 - main]&amp#27;[m &amp#27;[36mcom.shaft.tools.io.ReportManager&amp#27;[m : Successfully created attachment "API Response - JSON Body"
2023-01-22 22:11:09.062 &amp#27;[32m INFO&amp#27;[m &amp#27;[35m[@503 - main]&amp#27;[m &amp#27;[36mcom.shaft.tools.io.ReportManager&amp#27;[m : File Action "DoesFileExist" successfully performed. With the following test data "File Path: "SteeringCompanyAPI_TestData/SteeringCompanyAPI_TestData.xlsx"".
2023-01-22 22:11:09.122 &amp#27;[32m INFO&amp#27;[m &amp#27;[35m[@503 - main]&amp#27;[m &amp#27;[36mcom.shaft.tools.io.ReportManager&amp#27;[m : Successfully created attachment "Test Data - Excel"
2023-01-22 22:11:09.123 &amp#27;[32m INFO&amp#27;[m &amp#27;[35m[@503 - main]&amp#27;[m &amp#27;[36mcom.shaft.tools.io.ReportManager&amp#27;[m : File Action "DoesFileExist" successfully performed. With the following test data "File Path: "SteeringCompanyAPI_TestData/SteeringCompanyAPI_TestData.xlsx"".
2023-01-22 22:11:09.144 &amp#27;[32m INFO&amp#27;[m &amp#27;[35m[@503 - main]&amp#27;[m &amp#27;[36mcom.shaft.tools.io.ReportManager&amp#27;[m : Successfully created attachment "Test Data - Excel"
2023-01-22 22:11:09.144 &amp#27;[32m INFO&amp#27;[m &amp#27;[35m[@503 - main]&amp#27;[m &amp#27;[36mcom.shaft.tools.io.ReportManager&amp#27;[m : File Action "DoesFileExist" successfully performed. With the following test data "File Path: "SteeringCompanyAPI_TestData/SteeringCompanyAPI_TestData.xlsx"".
2023-01-22 22:11:09.166 &amp#27;[32m INFO&amp#27;[m &amp#27;[35m[@503 - main]&amp#27;[m &amp#27;[36mcom.shaft.tools.io.ReportManager&amp#27;[m : Successfully created attachment "Test Data - Excel"
2023-01-22 22:11:11.646 &amp#27;[32m INFO&amp#27;[m &amp#27;[35m[@503 - main]&amp#27;[m &amp#27;[36mcom.shaft.tools.io.ReportManager&amp#27;[m : Response status code: "422", status line: "HTTP/1.1 422 "
2023-01-22 22:11:11.657 &amp#27;[32m INFO&amp#27;[m &amp#27;[35m[@503 - main]&amp#27;[m &amp#27;[36mcom.shaft.tools.io.ReportManager&amp#27;[m : Successfully created attachment "API Request - Specifications"
2023-01-22 22:11:11.658 &amp#27;[32m INFO&amp#27;[m &amp#27;[35m[@503 - main]&amp#27;[m &amp#27;[36mcom.shaft.tools.io.ReportManager&amp#27;[m : Successfully created attachment "API Request - JSON Body"
2023-01-22 22:11:11.698 &amp#27;[32m INFO&amp#27;[m &amp#27;[35m[@503 - main]&amp#27;[m &amp#27;[36mcom.shaft.tools.io.ReportManager&amp#27;[m : Successfully created attachment "API Response - JSON Body"
2023-01-22 22:11:11.699 &amp#27;[32m INFO&amp#27;[m &amp#27;[35m[@503 - main]&amp#27;[m &amp#27;[36mcom.shaft.tools.io.ReportManager&amp#27;[m : File Action "DoesFileExist" successfully performed. With the following test data "File Path: "Schemas/ValidationError_schema.json"".
2023-01-22 22:11:11.700 &amp#27;[32m INFO&amp#27;[m &amp#27;[35m[@503 - main]&amp#27;[m &amp#27;[36mcom.shaft.tools.io.ReportManager&amp#27;[m : File Action "DoesFileExist" successfully performed. With the following test data "File Path: "src/test/resources/testDataFiles/Schemas/ValidationError_schema.json"".
2023-01-22 22:11:11.700 &amp#27;[32m INFO&amp#27;[m &amp#27;[35m[@503 - main]&amp#27;[m &amp#27;[36mcom.shaft.tools.io.ReportManager&amp#27;[m : File Action "GetAbsolutePath" successfully performed. With the following test data "Relative Folder Path: "src/test/resources/testDataFiles/Schemas/ValidationError_schema.json"".
2023-01-22 22:11:11.702 &amp#27;[32m INFO&amp#27;[m &amp#27;[35m[@503 - main]&amp#27;[m &amp#27;[36mcom.shaft.tools.io.ReportManager&amp#27;[m : File Action "DoesFileExist" successfully performed. With the following test data "File Path: "C:\eclipse-workspace\MyProjects\TASystemsAPIs\src\test\resources\testDataFiles\Schemas\ValidationError_schema.json"".
2023-01-22 22:11:11.702 &amp#27;[32m INFO&amp#27;[m &amp#27;[35m[@503 - main]&amp#27;[m &amp#27;[36mcom.shaft.tools.io.ReportManager&amp#27;[m : File Action "GetAbsolutePath" successfully performed. With the following test data "Relative Folder Path: "C:\eclipse-workspace\MyProjects\TASystemsAPIs\src\test\resources\testDataFiles\Schemas\ValidationError_schema.json"".
2023-01-22 22:11:11.702 &amp#27;[32m INFO&amp#27;[m &amp#27;[35m[@503 - main]&amp#27;[m &amp#27;[36mcom.shaft.tools.io.ReportManager&amp#27;[m : File Action "ReadFile" successfully performed. With the following test data "File Path: "C:\eclipse-workspace\MyProjects\TASystemsAPIs\src\test\resources\testDataFiles\Schemas\ValidationError_schema.json"".
2023-01-22 22:11:11.704 &amp#27;[32m INFO&amp#27;[m &amp#27;[35m[@503 - main]&amp#27;[m &amp#27;[36mcom.shaft.tools.io.ReportManager&amp#27;[m : Successfully created attachment "Validation Test Data - Expected JSON Value"
2023-01-22 22:11:11.704 &amp#27;[32m INFO&amp#27;[m &amp#27;[35m[@503 - main]&amp#27;[m &amp#27;[36mcom.shaft.tools.io.ReportManager&amp#27;[m : Successfully created attachment "Validation Test Data - Actual JSON Value"
2023-01-22 22:11:11.706 &amp#27;[32m INFO&amp#27;[m &amp#27;[35m[@503 - main]&amp#27;[m &amp#27;[36mcom.shaft.tools.io.ReportManager&amp#27;[m : Successfully created attachment "SHAFT Engine Logs - Current Method log: Update_Policy_With_InValid_data_TC"
]]></system-out>
  </testcase>
  <testcase name="Update_Policy_With_InValid_data_TC[[Ljava.lang.Object;@2de96f91](60)" classname="SteeringCompanyAPI_TestCases.Test_Policies_Cases" time="7.676">
    <system-out><![CDATA[2023-01-22 22:11:11.710 &amp#27;[32m INFO&amp#27;[m &amp#27;[35m[@534 - main]&amp#27;[m &amp#27;[36mcom.shaft.tools.io.ReportManager&amp#27;[m : 
################################################################################################################################################
Starting Execution:	"283 out of 83" test cases in the current suite
Test Method:		"SteeringCompanyAPI_TestCases.Test_Policies_Cases.Update_Policy_With_InValid_data_TC"
Test Description:	"TC053 -Policy- Perform Update Policy with InValid data"
################################################################################################################################################
2023-01-22 22:11:11.711 &amp#27;[32m INFO&amp#27;[m &amp#27;[35m[@503 - main]&amp#27;[m &amp#27;[36mcom.shaft.tools.io.ReportManager&amp#27;[m : File Action "DoesFileExist" successfully performed. With the following test data "File Path: "SteeringCompanyAPI_TestData/SteeringCompanyAPI_TestData.xlsx"".
2023-01-22 22:11:11.732 &amp#27;[32m INFO&amp#27;[m &amp#27;[35m[@503 - main]&amp#27;[m &amp#27;[36mcom.shaft.tools.io.ReportManager&amp#27;[m : Successfully created attachment "Test Data - Excel"
2023-01-22 22:11:13.881 &amp#27;[32m INFO&amp#27;[m &amp#27;[35m[@503 - main]&amp#27;[m &amp#27;[36mcom.shaft.tools.io.ReportManager&amp#27;[m : Response status code: "200", status line: "HTTP/1.1 200 OK"
2023-01-22 22:11:13.890 &amp#27;[32m INFO&amp#27;[m &amp#27;[35m[@503 - main]&amp#27;[m &amp#27;[36mcom.shaft.tools.io.ReportManager&amp#27;[m : Successfully created attachment "API Request - Specifications"
2023-01-22 22:11:13.930 &amp#27;[32m INFO&amp#27;[m &amp#27;[35m[@503 - main]&amp#27;[m &amp#27;[36mcom.shaft.tools.io.ReportManager&amp#27;[m : Successfully created attachment "API Request - Body"
2023-01-22 22:11:13.932 &amp#27;[32m INFO&amp#27;[m &amp#27;[35m[@503 - main]&amp#27;[m &amp#27;[36mcom.shaft.tools.io.ReportManager&amp#27;[m : Successfully created attachment "API Response - JSON Body"
2023-01-22 22:11:13.939 &amp#27;[32m INFO&amp#27;[m &amp#27;[35m[@503 - main]&amp#27;[m &amp#27;[36mcom.shaft.tools.io.ReportManager&amp#27;[m : File Action "DoesFileExist" successfully performed. With the following test data "File Path: "SteeringCompanyAPI_TestData/SteeringCompanyAPI_TestData.xlsx"".
2023-01-22 22:11:13.959 &amp#27;[32m INFO&amp#27;[m &amp#27;[35m[@503 - main]&amp#27;[m &amp#27;[36mcom.shaft.tools.io.ReportManager&amp#27;[m : Successfully created attachment "Test Data - Excel"
2023-01-22 22:11:13.959 &amp#27;[32m INFO&amp#27;[m &amp#27;[35m[@503 - main]&amp#27;[m &amp#27;[36mcom.shaft.tools.io.ReportManager&amp#27;[m : File Action "DoesFileExist" successfully performed. With the following test data "File Path: "SteeringCompanyAPI_TestData/SteeringCompanyAPI_TestData.xlsx"".
2023-01-22 22:11:13.980 &amp#27;[32m INFO&amp#27;[m &amp#27;[35m[@503 - main]&amp#27;[m &amp#27;[36mcom.shaft.tools.io.ReportManager&amp#27;[m : Successfully created attachment "Test Data - Excel"
2023-01-22 22:11:13.981 &amp#27;[32m INFO&amp#27;[m &amp#27;[35m[@503 - main]&amp#27;[m &amp#27;[36mcom.shaft.tools.io.ReportManager&amp#27;[m : File Action "DoesFileExist" successfully performed. With the following test data "File Path: "SteeringCompanyAPI_TestData/SteeringCompanyAPI_TestData.xlsx"".
2023-01-22 22:11:14.002 &amp#27;[32m INFO&amp#27;[m &amp#27;[35m[@503 - main]&amp#27;[m &amp#27;[36mcom.shaft.tools.io.ReportManager&amp#27;[m : Successfully created attachment "Test Data - Excel"
2023-01-22 22:11:19.325 &amp#27;[32m INFO&amp#27;[m &amp#27;[35m[@503 - main]&amp#27;[m &amp#27;[36mcom.shaft.tools.io.ReportManager&amp#27;[m : Response status code: "422", status line: "HTTP/1.1 422 "
2023-01-22 22:11:19.373 &amp#27;[32m INFO&amp#27;[m &amp#27;[35m[@503 - main]&amp#27;[m &amp#27;[36mcom.shaft.tools.io.ReportManager&amp#27;[m : Successfully created attachment "API Request - Specifications"
2023-01-22 22:11:19.374 &amp#27;[32m INFO&amp#27;[m &amp#27;[35m[@503 - main]&amp#27;[m &amp#27;[36mcom.shaft.tools.io.ReportManager&amp#27;[m : Successfully created attachment "API Request - JSON Body"
2023-01-22 22:11:19.375 &amp#27;[32m INFO&amp#27;[m &amp#27;[35m[@503 - main]&amp#27;[m &amp#27;[36mcom.shaft.tools.io.ReportManager&amp#27;[m : Successfully created attachment "API Response - JSON Body"
2023-01-22 22:11:19.376 &amp#27;[32m INFO&amp#27;[m &amp#27;[35m[@503 - main]&amp#27;[m &amp#27;[36mcom.shaft.tools.io.ReportManager&amp#27;[m : File Action "DoesFileExist" successfully performed. With the following test data "File Path: "Schemas/ValidationError_schema.json"".
2023-01-22 22:11:19.376 &amp#27;[32m INFO&amp#27;[m &amp#27;[35m[@503 - main]&amp#27;[m &amp#27;[36mcom.shaft.tools.io.ReportManager&amp#27;[m : File Action "DoesFileExist" successfully performed. With the following test data "File Path: "src/test/resources/testDataFiles/Schemas/ValidationError_schema.json"".
2023-01-22 22:11:19.376 &amp#27;[32m INFO&amp#27;[m &amp#27;[35m[@503 - main]&amp#27;[m &amp#27;[36mcom.shaft.tools.io.ReportManager&amp#27;[m : File Action "GetAbsolutePath" successfully performed. With the following test data "Relative Folder Path: "src/test/resources/testDataFiles/Schemas/ValidationError_schema.json"".
2023-01-22 22:11:19.378 &amp#27;[32m INFO&amp#27;[m &amp#27;[35m[@503 - main]&amp#27;[m &amp#27;[36mcom.shaft.tools.io.ReportManager&amp#27;[m : File Action "DoesFileExist" successfully performed. With the following test data "File Path: "C:\eclipse-workspace\MyProjects\TASystemsAPIs\src\test\resources\testDataFiles\Schemas\ValidationError_schema.json"".
2023-01-22 22:11:19.378 &amp#27;[32m INFO&amp#27;[m &amp#27;[35m[@503 - main]&amp#27;[m &amp#27;[36mcom.shaft.tools.io.ReportManager&amp#27;[m : File Action "GetAbsolutePath" successfully performed. With the following test data "Relative Folder Path: "C:\eclipse-workspace\MyProjects\TASystemsAPIs\src\test\resources\testDataFiles\Schemas\ValidationError_schema.json"".
2023-01-22 22:11:19.379 &amp#27;[32m INFO&amp#27;[m &amp#27;[35m[@503 - main]&amp#27;[m &amp#27;[36mcom.shaft.tools.io.ReportManager&amp#27;[m : File Action "ReadFile" successfully performed. With the following test data "File Path: "C:\eclipse-workspace\MyProjects\TASystemsAPIs\src\test\resources\testDataFiles\Schemas\ValidationError_schema.json"".
2023-01-22 22:11:19.380 &amp#27;[32m INFO&amp#27;[m &amp#27;[35m[@503 - main]&amp#27;[m &amp#27;[36mcom.shaft.tools.io.ReportManager&amp#27;[m : Successfully created attachment "Validation Test Data - Expected JSON Value"
2023-01-22 22:11:19.381 &amp#27;[32m INFO&amp#27;[m &amp#27;[35m[@503 - main]&amp#27;[m &amp#27;[36mcom.shaft.tools.io.ReportManager&amp#27;[m : Successfully created attachment "Validation Test Data - Actual JSON Value"
2023-01-22 22:11:19.382 &amp#27;[32m INFO&amp#27;[m &amp#27;[35m[@503 - main]&amp#27;[m &amp#27;[36mcom.shaft.tools.io.ReportManager&amp#27;[m : Successfully created attachment "SHAFT Engine Logs - Current Method log: Update_Policy_With_InValid_data_TC"
]]></system-out>
  </testcase>
  <testcase name="Update_Policy_With_InValid_data_TC[[Ljava.lang.Object;@c54d1fc](61)" classname="SteeringCompanyAPI_TestCases.Test_Policies_Cases" time="3.498">
    <system-out><![CDATA[2023-01-22 22:11:19.386 &amp#27;[32m INFO&amp#27;[m &amp#27;[35m[@534 - main]&amp#27;[m &amp#27;[36mcom.shaft.tools.io.ReportManager&amp#27;[m : 
################################################################################################################################################
Starting Execution:	"284 out of 83" test cases in the current suite
Test Method:		"SteeringCompanyAPI_TestCases.Test_Policies_Cases.Update_Policy_With_InValid_data_TC"
Test Description:	"TC053 -Policy- Perform Update Policy with InValid data"
################################################################################################################################################
2023-01-22 22:11:19.386 &amp#27;[32m INFO&amp#27;[m &amp#27;[35m[@503 - main]&amp#27;[m &amp#27;[36mcom.shaft.tools.io.ReportManager&amp#27;[m : File Action "DoesFileExist" successfully performed. With the following test data "File Path: "SteeringCompanyAPI_TestData/SteeringCompanyAPI_TestData.xlsx"".
2023-01-22 22:11:19.406 &amp#27;[32m INFO&amp#27;[m &amp#27;[35m[@503 - main]&amp#27;[m &amp#27;[36mcom.shaft.tools.io.ReportManager&amp#27;[m : Successfully created attachment "Test Data - Excel"
2023-01-22 22:11:21.339 &amp#27;[32m INFO&amp#27;[m &amp#27;[35m[@503 - main]&amp#27;[m &amp#27;[36mcom.shaft.tools.io.ReportManager&amp#27;[m : Response status code: "200", status line: "HTTP/1.1 200 OK"
2023-01-22 22:11:21.359 &amp#27;[32m INFO&amp#27;[m &amp#27;[35m[@503 - main]&amp#27;[m &amp#27;[36mcom.shaft.tools.io.ReportManager&amp#27;[m : Successfully created attachment "API Request - Specifications"
2023-01-22 22:11:21.360 &amp#27;[32m INFO&amp#27;[m &amp#27;[35m[@503 - main]&amp#27;[m &amp#27;[36mcom.shaft.tools.io.ReportManager&amp#27;[m : Successfully created attachment "API Request - Body"
2023-01-22 22:11:21.361 &amp#27;[32m INFO&amp#27;[m &amp#27;[35m[@503 - main]&amp#27;[m &amp#27;[36mcom.shaft.tools.io.ReportManager&amp#27;[m : Successfully created attachment "API Response - JSON Body"
2023-01-22 22:11:21.370 &amp#27;[32m INFO&amp#27;[m &amp#27;[35m[@503 - main]&amp#27;[m &amp#27;[36mcom.shaft.tools.io.ReportManager&amp#27;[m : File Action "DoesFileExist" successfully performed. With the following test data "File Path: "SteeringCompanyAPI_TestData/SteeringCompanyAPI_TestData.xlsx"".
2023-01-22 22:11:21.404 &amp#27;[32m INFO&amp#27;[m &amp#27;[35m[@503 - main]&amp#27;[m &amp#27;[36mcom.shaft.tools.io.ReportManager&amp#27;[m : Successfully created attachment "Test Data - Excel"
2023-01-22 22:11:21.405 &amp#27;[32m INFO&amp#27;[m &amp#27;[35m[@503 - main]&amp#27;[m &amp#27;[36mcom.shaft.tools.io.ReportManager&amp#27;[m : File Action "DoesFileExist" successfully performed. With the following test data "File Path: "SteeringCompanyAPI_TestData/SteeringCompanyAPI_TestData.xlsx"".
2023-01-22 22:11:21.468 &amp#27;[32m INFO&amp#27;[m &amp#27;[35m[@503 - main]&amp#27;[m &amp#27;[36mcom.shaft.tools.io.ReportManager&amp#27;[m : Successfully created attachment "Test Data - Excel"
2023-01-22 22:11:21.468 &amp#27;[32m INFO&amp#27;[m &amp#27;[35m[@503 - main]&amp#27;[m &amp#27;[36mcom.shaft.tools.io.ReportManager&amp#27;[m : File Action "DoesFileExist" successfully performed. With the following test data "File Path: "SteeringCompanyAPI_TestData/SteeringCompanyAPI_TestData.xlsx"".
2023-01-22 22:11:21.488 &amp#27;[32m INFO&amp#27;[m &amp#27;[35m[@503 - main]&amp#27;[m &amp#27;[36mcom.shaft.tools.io.ReportManager&amp#27;[m : Successfully created attachment "Test Data - Excel"
2023-01-22 22:11:22.820 &amp#27;[32m INFO&amp#27;[m &amp#27;[35m[@503 - main]&amp#27;[m &amp#27;[36mcom.shaft.tools.io.ReportManager&amp#27;[m : Response status code: "422", status line: "HTTP/1.1 422 "
2023-01-22 22:11:22.833 &amp#27;[32m INFO&amp#27;[m &amp#27;[35m[@503 - main]&amp#27;[m &amp#27;[36mcom.shaft.tools.io.ReportManager&amp#27;[m : Successfully created attachment "API Request - Specifications"
2023-01-22 22:11:22.834 &amp#27;[32m INFO&amp#27;[m &amp#27;[35m[@503 - main]&amp#27;[m &amp#27;[36mcom.shaft.tools.io.ReportManager&amp#27;[m : Successfully created attachment "API Request - JSON Body"
2023-01-22 22:11:22.873 &amp#27;[32m INFO&amp#27;[m &amp#27;[35m[@503 - main]&amp#27;[m &amp#27;[36mcom.shaft.tools.io.ReportManager&amp#27;[m : Successfully created attachment "API Response - JSON Body"
2023-01-22 22:11:22.874 &amp#27;[32m INFO&amp#27;[m &amp#27;[35m[@503 - main]&amp#27;[m &amp#27;[36mcom.shaft.tools.io.ReportManager&amp#27;[m : File Action "DoesFileExist" successfully performed. With the following test data "File Path: "Schemas/ValidationError_schema.json"".
2023-01-22 22:11:22.874 &amp#27;[32m INFO&amp#27;[m &amp#27;[35m[@503 - main]&amp#27;[m &amp#27;[36mcom.shaft.tools.io.ReportManager&amp#27;[m : File Action "DoesFileExist" successfully performed. With the following test data "File Path: "src/test/resources/testDataFiles/Schemas/ValidationError_schema.json"".
2023-01-22 22:11:22.874 &amp#27;[32m INFO&amp#27;[m &amp#27;[35m[@503 - main]&amp#27;[m &amp#27;[36mcom.shaft.tools.io.ReportManager&amp#27;[m : File Action "GetAbsolutePath" successfully performed. With the following test data "Relative Folder Path: "src/test/resources/testDataFiles/Schemas/ValidationError_schema.json"".
2023-01-22 22:11:22.877 &amp#27;[32m INFO&amp#27;[m &amp#27;[35m[@503 - main]&amp#27;[m &amp#27;[36mcom.shaft.tools.io.ReportManager&amp#27;[m : File Action "DoesFileExist" successfully performed. With the following test data "File Path: "C:\eclipse-workspace\MyProjects\TASystemsAPIs\src\test\resources\testDataFiles\Schemas\ValidationError_schema.json"".
2023-01-22 22:11:22.877 &amp#27;[32m INFO&amp#27;[m &amp#27;[35m[@503 - main]&amp#27;[m &amp#27;[36mcom.shaft.tools.io.ReportManager&amp#27;[m : File Action "GetAbsolutePath" successfully performed. With the following test data "Relative Folder Path: "C:\eclipse-workspace\MyProjects\TASystemsAPIs\src\test\resources\testDataFiles\Schemas\ValidationError_schema.json"".
2023-01-22 22:11:22.877 &amp#27;[32m INFO&amp#27;[m &amp#27;[35m[@503 - main]&amp#27;[m &amp#27;[36mcom.shaft.tools.io.ReportManager&amp#27;[m : File Action "ReadFile" successfully performed. With the following test data "File Path: "C:\eclipse-workspace\MyProjects\TASystemsAPIs\src\test\resources\testDataFiles\Schemas\ValidationError_schema.json"".
2023-01-22 22:11:22.878 &amp#27;[32m INFO&amp#27;[m &amp#27;[35m[@503 - main]&amp#27;[m &amp#27;[36mcom.shaft.tools.io.ReportManager&amp#27;[m : Successfully created attachment "Validation Test Data - Expected JSON Value"
2023-01-22 22:11:22.878 &amp#27;[32m INFO&amp#27;[m &amp#27;[35m[@503 - main]&amp#27;[m &amp#27;[36mcom.shaft.tools.io.ReportManager&amp#27;[m : Successfully created attachment "Validation Test Data - Actual JSON Value"
2023-01-22 22:11:22.880 &amp#27;[32m INFO&amp#27;[m &amp#27;[35m[@503 - main]&amp#27;[m &amp#27;[36mcom.shaft.tools.io.ReportManager&amp#27;[m : Successfully created attachment "SHAFT Engine Logs - Current Method log: Update_Policy_With_InValid_data_TC"
]]></system-out>
  </testcase>
  <testcase name="Update_Policy_With_InValid_data_TC[[Ljava.lang.Object;@5facc67](62)" classname="SteeringCompanyAPI_TestCases.Test_Policies_Cases" time="3.565">
    <system-out><![CDATA[2023-01-22 22:11:22.883 &amp#27;[32m INFO&amp#27;[m &amp#27;[35m[@534 - main]&amp#27;[m &amp#27;[36mcom.shaft.tools.io.ReportManager&amp#27;[m : 
################################################################################################################################################
Starting Execution:	"285 out of 83" test cases in the current suite
Test Method:		"SteeringCompanyAPI_TestCases.Test_Policies_Cases.Update_Policy_With_InValid_data_TC"
Test Description:	"TC053 -Policy- Perform Update Policy with InValid data"
################################################################################################################################################
2023-01-22 22:11:22.883 &amp#27;[32m INFO&amp#27;[m &amp#27;[35m[@503 - main]&amp#27;[m &amp#27;[36mcom.shaft.tools.io.ReportManager&amp#27;[m : File Action "DoesFileExist" successfully performed. With the following test data "File Path: "SteeringCompanyAPI_TestData/SteeringCompanyAPI_TestData.xlsx"".
2023-01-22 22:11:22.906 &amp#27;[32m INFO&amp#27;[m &amp#27;[35m[@503 - main]&amp#27;[m &amp#27;[36mcom.shaft.tools.io.ReportManager&amp#27;[m : Successfully created attachment "Test Data - Excel"
2023-01-22 22:11:25.023 &amp#27;[32m INFO&amp#27;[m &amp#27;[35m[@503 - main]&amp#27;[m &amp#27;[36mcom.shaft.tools.io.ReportManager&amp#27;[m : Response status code: "200", status line: "HTTP/1.1 200 OK"
2023-01-22 22:11:25.071 &amp#27;[32m INFO&amp#27;[m &amp#27;[35m[@503 - main]&amp#27;[m &amp#27;[36mcom.shaft.tools.io.ReportManager&amp#27;[m : Successfully created attachment "API Request - Specifications"
2023-01-22 22:11:25.072 &amp#27;[32m INFO&amp#27;[m &amp#27;[35m[@503 - main]&amp#27;[m &amp#27;[36mcom.shaft.tools.io.ReportManager&amp#27;[m : Successfully created attachment "API Request - Body"
2023-01-22 22:11:25.074 &amp#27;[32m INFO&amp#27;[m &amp#27;[35m[@503 - main]&amp#27;[m &amp#27;[36mcom.shaft.tools.io.ReportManager&amp#27;[m : Successfully created attachment "API Response - JSON Body"
2023-01-22 22:11:25.080 &amp#27;[32m INFO&amp#27;[m &amp#27;[35m[@503 - main]&amp#27;[m &amp#27;[36mcom.shaft.tools.io.ReportManager&amp#27;[m : File Action "DoesFileExist" successfully performed. With the following test data "File Path: "SteeringCompanyAPI_TestData/SteeringCompanyAPI_TestData.xlsx"".
2023-01-22 22:11:25.102 &amp#27;[32m INFO&amp#27;[m &amp#27;[35m[@503 - main]&amp#27;[m &amp#27;[36mcom.shaft.tools.io.ReportManager&amp#27;[m : Successfully created attachment "Test Data - Excel"
2023-01-22 22:11:25.102 &amp#27;[32m INFO&amp#27;[m &amp#27;[35m[@503 - main]&amp#27;[m &amp#27;[36mcom.shaft.tools.io.ReportManager&amp#27;[m : File Action "DoesFileExist" successfully performed. With the following test data "File Path: "SteeringCompanyAPI_TestData/SteeringCompanyAPI_TestData.xlsx"".
2023-01-22 22:11:25.122 &amp#27;[32m INFO&amp#27;[m &amp#27;[35m[@503 - main]&amp#27;[m &amp#27;[36mcom.shaft.tools.io.ReportManager&amp#27;[m : Successfully created attachment "Test Data - Excel"
2023-01-22 22:11:25.123 &amp#27;[32m INFO&amp#27;[m &amp#27;[35m[@503 - main]&amp#27;[m &amp#27;[36mcom.shaft.tools.io.ReportManager&amp#27;[m : File Action "DoesFileExist" successfully performed. With the following test data "File Path: "SteeringCompanyAPI_TestData/SteeringCompanyAPI_TestData.xlsx"".
2023-01-22 22:11:25.148 &amp#27;[32m INFO&amp#27;[m &amp#27;[35m[@503 - main]&amp#27;[m &amp#27;[36mcom.shaft.tools.io.ReportManager&amp#27;[m : Successfully created attachment "Test Data - Excel"
2023-01-22 22:11:26.386 &amp#27;[32m INFO&amp#27;[m &amp#27;[35m[@503 - main]&amp#27;[m &amp#27;[36mcom.shaft.tools.io.ReportManager&amp#27;[m : Response status code: "422", status line: "HTTP/1.1 422 "
2023-01-22 22:11:26.434 &amp#27;[32m INFO&amp#27;[m &amp#27;[35m[@503 - main]&amp#27;[m &amp#27;[36mcom.shaft.tools.io.ReportManager&amp#27;[m : Successfully created attachment "API Request - Specifications"
2023-01-22 22:11:26.436 &amp#27;[32m INFO&amp#27;[m &amp#27;[35m[@503 - main]&amp#27;[m &amp#27;[36mcom.shaft.tools.io.ReportManager&amp#27;[m : Successfully created attachment "API Request - JSON Body"
2023-01-22 22:11:26.437 &amp#27;[32m INFO&amp#27;[m &amp#27;[35m[@503 - main]&amp#27;[m &amp#27;[36mcom.shaft.tools.io.ReportManager&amp#27;[m : Successfully created attachment "API Response - JSON Body"
2023-01-22 22:11:26.439 &amp#27;[32m INFO&amp#27;[m &amp#27;[35m[@503 - main]&amp#27;[m &amp#27;[36mcom.shaft.tools.io.ReportManager&amp#27;[m : File Action "DoesFileExist" successfully performed. With the following test data "File Path: "Schemas/ValidationError_schema.json"".
2023-01-22 22:11:26.439 &amp#27;[32m INFO&amp#27;[m &amp#27;[35m[@503 - main]&amp#27;[m &amp#27;[36mcom.shaft.tools.io.ReportManager&amp#27;[m : File Action "DoesFileExist" successfully performed. With the following test data "File Path: "src/test/resources/testDataFiles/Schemas/ValidationError_schema.json"".
2023-01-22 22:11:26.439 &amp#27;[32m INFO&amp#27;[m &amp#27;[35m[@503 - main]&amp#27;[m &amp#27;[36mcom.shaft.tools.io.ReportManager&amp#27;[m : File Action "GetAbsolutePath" successfully performed. With the following test data "Relative Folder Path: "src/test/resources/testDataFiles/Schemas/ValidationError_schema.json"".
2023-01-22 22:11:26.441 &amp#27;[32m INFO&amp#27;[m &amp#27;[35m[@503 - main]&amp#27;[m &amp#27;[36mcom.shaft.tools.io.ReportManager&amp#27;[m : File Action "DoesFileExist" successfully performed. With the following test data "File Path: "C:\eclipse-workspace\MyProjects\TASystemsAPIs\src\test\resources\testDataFiles\Schemas\ValidationError_schema.json"".
2023-01-22 22:11:26.441 &amp#27;[32m INFO&amp#27;[m &amp#27;[35m[@503 - main]&amp#27;[m &amp#27;[36mcom.shaft.tools.io.ReportManager&amp#27;[m : File Action "GetAbsolutePath" successfully performed. With the following test data "Relative Folder Path: "C:\eclipse-workspace\MyProjects\TASystemsAPIs\src\test\resources\testDataFiles\Schemas\ValidationError_schema.json"".
2023-01-22 22:11:26.441 &amp#27;[32m INFO&amp#27;[m &amp#27;[35m[@503 - main]&amp#27;[m &amp#27;[36mcom.shaft.tools.io.ReportManager&amp#27;[m : File Action "ReadFile" successfully performed. With the following test data "File Path: "C:\eclipse-workspace\MyProjects\TASystemsAPIs\src\test\resources\testDataFiles\Schemas\ValidationError_schema.json"".
2023-01-22 22:11:26.442 &amp#27;[32m INFO&amp#27;[m &amp#27;[35m[@503 - main]&amp#27;[m &amp#27;[36mcom.shaft.tools.io.ReportManager&amp#27;[m : Successfully created attachment "Validation Test Data - Expected JSON Value"
2023-01-22 22:11:26.444 &amp#27;[32m INFO&amp#27;[m &amp#27;[35m[@503 - main]&amp#27;[m &amp#27;[36mcom.shaft.tools.io.ReportManager&amp#27;[m : Successfully created attachment "Validation Test Data - Actual JSON Value"
2023-01-22 22:11:26.445 &amp#27;[32m INFO&amp#27;[m &amp#27;[35m[@503 - main]&amp#27;[m &amp#27;[36mcom.shaft.tools.io.ReportManager&amp#27;[m : Successfully created attachment "SHAFT Engine Logs - Current Method log: Update_Policy_With_InValid_data_TC"
]]></system-out>
  </testcase>
  <testcase name="Update_Policy_With_InValid_data_TC[[Ljava.lang.Object;@5de41be8](63)" classname="SteeringCompanyAPI_TestCases.Test_Policies_Cases" time="3.796">
    <system-out><![CDATA[2023-01-22 22:11:26.448 &amp#27;[32m INFO&amp#27;[m &amp#27;[35m[@534 - main]&amp#27;[m &amp#27;[36mcom.shaft.tools.io.ReportManager&amp#27;[m : 
################################################################################################################################################
Starting Execution:	"286 out of 83" test cases in the current suite
Test Method:		"SteeringCompanyAPI_TestCases.Test_Policies_Cases.Update_Policy_With_InValid_data_TC"
Test Description:	"TC053 -Policy- Perform Update Policy with InValid data"
################################################################################################################################################
2023-01-22 22:11:26.448 &amp#27;[32m INFO&amp#27;[m &amp#27;[35m[@503 - main]&amp#27;[m &amp#27;[36mcom.shaft.tools.io.ReportManager&amp#27;[m : File Action "DoesFileExist" successfully performed. With the following test data "File Path: "SteeringCompanyAPI_TestData/SteeringCompanyAPI_TestData.xlsx"".
2023-01-22 22:11:26.471 &amp#27;[32m INFO&amp#27;[m &amp#27;[35m[@503 - main]&amp#27;[m &amp#27;[36mcom.shaft.tools.io.ReportManager&amp#27;[m : Successfully created attachment "Test Data - Excel"
2023-01-22 22:11:28.413 &amp#27;[32m INFO&amp#27;[m &amp#27;[35m[@503 - main]&amp#27;[m &amp#27;[36mcom.shaft.tools.io.ReportManager&amp#27;[m : Response status code: "200", status line: "HTTP/1.1 200 OK"
2023-01-22 22:11:28.424 &amp#27;[32m INFO&amp#27;[m &amp#27;[35m[@503 - main]&amp#27;[m &amp#27;[36mcom.shaft.tools.io.ReportManager&amp#27;[m : Successfully created attachment "API Request - Specifications"
2023-01-22 22:11:28.424 &amp#27;[32m INFO&amp#27;[m &amp#27;[35m[@503 - main]&amp#27;[m &amp#27;[36mcom.shaft.tools.io.ReportManager&amp#27;[m : Successfully created attachment "API Request - Body"
2023-01-22 22:11:28.425 &amp#27;[32m INFO&amp#27;[m &amp#27;[35m[@503 - main]&amp#27;[m &amp#27;[36mcom.shaft.tools.io.ReportManager&amp#27;[m : Successfully created attachment "API Response - JSON Body"
2023-01-22 22:11:28.432 &amp#27;[32m INFO&amp#27;[m &amp#27;[35m[@503 - main]&amp#27;[m &amp#27;[36mcom.shaft.tools.io.ReportManager&amp#27;[m : File Action "DoesFileExist" successfully performed. With the following test data "File Path: "SteeringCompanyAPI_TestData/SteeringCompanyAPI_TestData.xlsx"".
2023-01-22 22:11:28.495 &amp#27;[32m INFO&amp#27;[m &amp#27;[35m[@503 - main]&amp#27;[m &amp#27;[36mcom.shaft.tools.io.ReportManager&amp#27;[m : Successfully created attachment "Test Data - Excel"
2023-01-22 22:11:28.497 &amp#27;[32m INFO&amp#27;[m &amp#27;[35m[@503 - main]&amp#27;[m &amp#27;[36mcom.shaft.tools.io.ReportManager&amp#27;[m : File Action "DoesFileExist" successfully performed. With the following test data "File Path: "SteeringCompanyAPI_TestData/SteeringCompanyAPI_TestData.xlsx"".
2023-01-22 22:11:28.517 &amp#27;[32m INFO&amp#27;[m &amp#27;[35m[@503 - main]&amp#27;[m &amp#27;[36mcom.shaft.tools.io.ReportManager&amp#27;[m : Successfully created attachment "Test Data - Excel"
2023-01-22 22:11:28.517 &amp#27;[32m INFO&amp#27;[m &amp#27;[35m[@503 - main]&amp#27;[m &amp#27;[36mcom.shaft.tools.io.ReportManager&amp#27;[m : File Action "DoesFileExist" successfully performed. With the following test data "File Path: "SteeringCompanyAPI_TestData/SteeringCompanyAPI_TestData.xlsx"".
2023-01-22 22:11:28.551 &amp#27;[32m INFO&amp#27;[m &amp#27;[35m[@503 - main]&amp#27;[m &amp#27;[36mcom.shaft.tools.io.ReportManager&amp#27;[m : Successfully created attachment "Test Data - Excel"
2023-01-22 22:11:30.179 &amp#27;[32m INFO&amp#27;[m &amp#27;[35m[@503 - main]&amp#27;[m &amp#27;[36mcom.shaft.tools.io.ReportManager&amp#27;[m : Response status code: "422", status line: "HTTP/1.1 422 "
2023-01-22 22:11:30.193 &amp#27;[32m INFO&amp#27;[m &amp#27;[35m[@503 - main]&amp#27;[m &amp#27;[36mcom.shaft.tools.io.ReportManager&amp#27;[m : Successfully created attachment "API Request - Specifications"
2023-01-22 22:11:30.233 &amp#27;[32m INFO&amp#27;[m &amp#27;[35m[@503 - main]&amp#27;[m &amp#27;[36mcom.shaft.tools.io.ReportManager&amp#27;[m : Successfully created attachment "API Request - JSON Body"
2023-01-22 22:11:30.234 &amp#27;[32m INFO&amp#27;[m &amp#27;[35m[@503 - main]&amp#27;[m &amp#27;[36mcom.shaft.tools.io.ReportManager&amp#27;[m : Successfully created attachment "API Response - JSON Body"
2023-01-22 22:11:30.235 &amp#27;[32m INFO&amp#27;[m &amp#27;[35m[@503 - main]&amp#27;[m &amp#27;[36mcom.shaft.tools.io.ReportManager&amp#27;[m : File Action "DoesFileExist" successfully performed. With the following test data "File Path: "Schemas/ValidationError_schema.json"".
2023-01-22 22:11:30.236 &amp#27;[32m INFO&amp#27;[m &amp#27;[35m[@503 - main]&amp#27;[m &amp#27;[36mcom.shaft.tools.io.ReportManager&amp#27;[m : File Action "DoesFileExist" successfully performed. With the following test data "File Path: "src/test/resources/testDataFiles/Schemas/ValidationError_schema.json"".
2023-01-22 22:11:30.236 &amp#27;[32m INFO&amp#27;[m &amp#27;[35m[@503 - main]&amp#27;[m &amp#27;[36mcom.shaft.tools.io.ReportManager&amp#27;[m : File Action "GetAbsolutePath" successfully performed. With the following test data "Relative Folder Path: "src/test/resources/testDataFiles/Schemas/ValidationError_schema.json"".
2023-01-22 22:11:30.238 &amp#27;[32m INFO&amp#27;[m &amp#27;[35m[@503 - main]&amp#27;[m &amp#27;[36mcom.shaft.tools.io.ReportManager&amp#27;[m : File Action "DoesFileExist" successfully performed. With the following test data "File Path: "C:\eclipse-workspace\MyProjects\TASystemsAPIs\src\test\resources\testDataFiles\Schemas\ValidationError_schema.json"".
2023-01-22 22:11:30.238 &amp#27;[32m INFO&amp#27;[m &amp#27;[35m[@503 - main]&amp#27;[m &amp#27;[36mcom.shaft.tools.io.ReportManager&amp#27;[m : File Action "GetAbsolutePath" successfully performed. With the following test data "Relative Folder Path: "C:\eclipse-workspace\MyProjects\TASystemsAPIs\src\test\resources\testDataFiles\Schemas\ValidationError_schema.json"".
2023-01-22 22:11:30.238 &amp#27;[32m INFO&amp#27;[m &amp#27;[35m[@503 - main]&amp#27;[m &amp#27;[36mcom.shaft.tools.io.ReportManager&amp#27;[m : File Action "ReadFile" successfully performed. With the following test data "File Path: "C:\eclipse-workspace\MyProjects\TASystemsAPIs\src\test\resources\testDataFiles\Schemas\ValidationError_schema.json"".
2023-01-22 22:11:30.239 &amp#27;[32m INFO&amp#27;[m &amp#27;[35m[@503 - main]&amp#27;[m &amp#27;[36mcom.shaft.tools.io.ReportManager&amp#27;[m : Successfully created attachment "Validation Test Data - Expected JSON Value"
2023-01-22 22:11:30.240 &amp#27;[32m INFO&amp#27;[m &amp#27;[35m[@503 - main]&amp#27;[m &amp#27;[36mcom.shaft.tools.io.ReportManager&amp#27;[m : Successfully created attachment "Validation Test Data - Actual JSON Value"
2023-01-22 22:11:30.241 &amp#27;[32m INFO&amp#27;[m &amp#27;[35m[@503 - main]&amp#27;[m &amp#27;[36mcom.shaft.tools.io.ReportManager&amp#27;[m : Successfully created attachment "SHAFT Engine Logs - Current Method log: Update_Policy_With_InValid_data_TC"
]]></system-out>
  </testcase>
  <testcase name="Update_Policy_With_Missing_Keys_TC[[Ljava.lang.Object;@30a5543c](1)" classname="SteeringCompanyAPI_TestCases.Test_Policies_Cases" time="3.637">
    <system-out><![CDATA[2023-01-22 22:11:30.276 &amp#27;[32m INFO&amp#27;[m &amp#27;[35m[@534 - main]&amp#27;[m &amp#27;[36mcom.shaft.tools.io.ReportManager&amp#27;[m : 
################################################################################################################################################
Starting Execution:	"287 out of 83" test cases in the current suite
Test Method:		"SteeringCompanyAPI_TestCases.Test_Policies_Cases.Update_Policy_With_Missing_Keys_TC"
Test Description:	"TC051 -Policy- Perform Update Policy with Missing Keys"
################################################################################################################################################
2023-01-22 22:11:30.277 &amp#27;[32m INFO&amp#27;[m &amp#27;[35m[@503 - main]&amp#27;[m &amp#27;[36mcom.shaft.tools.io.ReportManager&amp#27;[m : File Action "DoesFileExist" successfully performed. With the following test data "File Path: "SteeringCompanyAPI_TestData/SteeringCompanyAPI_TestData.xlsx"".
2023-01-22 22:11:30.297 &amp#27;[32m INFO&amp#27;[m &amp#27;[35m[@503 - main]&amp#27;[m &amp#27;[36mcom.shaft.tools.io.ReportManager&amp#27;[m : Successfully created attachment "Test Data - Excel"
2023-01-22 22:11:31.782 &amp#27;[32m INFO&amp#27;[m &amp#27;[35m[@503 - main]&amp#27;[m &amp#27;[36mcom.shaft.tools.io.ReportManager&amp#27;[m : Response status code: "200", status line: "HTTP/1.1 200 OK"
2023-01-22 22:11:31.833 &amp#27;[32m INFO&amp#27;[m &amp#27;[35m[@503 - main]&amp#27;[m &amp#27;[36mcom.shaft.tools.io.ReportManager&amp#27;[m : Successfully created attachment "API Request - Specifications"
2023-01-22 22:11:31.835 &amp#27;[32m INFO&amp#27;[m &amp#27;[35m[@503 - main]&amp#27;[m &amp#27;[36mcom.shaft.tools.io.ReportManager&amp#27;[m : Successfully created attachment "API Request - Body"
2023-01-22 22:11:31.836 &amp#27;[32m INFO&amp#27;[m &amp#27;[35m[@503 - main]&amp#27;[m &amp#27;[36mcom.shaft.tools.io.ReportManager&amp#27;[m : Successfully created attachment "API Response - JSON Body"
2023-01-22 22:11:31.850 &amp#27;[32m INFO&amp#27;[m &amp#27;[35m[@503 - main]&amp#27;[m &amp#27;[36mcom.shaft.tools.io.ReportManager&amp#27;[m : File Action "DoesFileExist" successfully performed. With the following test data "File Path: "SteeringCompanyAPI_TestData/SteeringCompanyAPI_TestData.xlsx"".
2023-01-22 22:11:31.878 &amp#27;[32m INFO&amp#27;[m &amp#27;[35m[@503 - main]&amp#27;[m &amp#27;[36mcom.shaft.tools.io.ReportManager&amp#27;[m : Successfully created attachment "Test Data - Excel"
2023-01-22 22:11:31.878 &amp#27;[32m INFO&amp#27;[m &amp#27;[35m[@503 - main]&amp#27;[m &amp#27;[36mcom.shaft.tools.io.ReportManager&amp#27;[m : File Action "DoesFileExist" successfully performed. With the following test data "File Path: "SteeringCompanyAPI_TestData/SteeringCompanyAPI_TestData.xlsx"".
2023-01-22 22:11:31.900 &amp#27;[32m INFO&amp#27;[m &amp#27;[35m[@503 - main]&amp#27;[m &amp#27;[36mcom.shaft.tools.io.ReportManager&amp#27;[m : Successfully created attachment "Test Data - Excel"
2023-01-22 22:11:31.900 &amp#27;[32m INFO&amp#27;[m &amp#27;[35m[@503 - main]&amp#27;[m &amp#27;[36mcom.shaft.tools.io.ReportManager&amp#27;[m : File Action "DoesFileExist" successfully performed. With the following test data "File Path: "SteeringCompanyAPI_TestData/SteeringCompanyAPI_TestData.xlsx"".
2023-01-22 22:11:31.925 &amp#27;[32m INFO&amp#27;[m &amp#27;[35m[@503 - main]&amp#27;[m &amp#27;[36mcom.shaft.tools.io.ReportManager&amp#27;[m : Successfully created attachment "Test Data - Excel"
2023-01-22 22:11:33.852 &amp#27;[32m INFO&amp#27;[m &amp#27;[35m[@503 - main]&amp#27;[m &amp#27;[36mcom.shaft.tools.io.ReportManager&amp#27;[m : Response status code: "422", status line: "HTTP/1.1 422 "
2023-01-22 22:11:33.865 &amp#27;[32m INFO&amp#27;[m &amp#27;[35m[@503 - main]&amp#27;[m &amp#27;[36mcom.shaft.tools.io.ReportManager&amp#27;[m : Successfully created attachment "API Request - Specifications"
2023-01-22 22:11:33.866 &amp#27;[32m INFO&amp#27;[m &amp#27;[35m[@503 - main]&amp#27;[m &amp#27;[36mcom.shaft.tools.io.ReportManager&amp#27;[m : Successfully created attachment "API Request - JSON Body"
2023-01-22 22:11:33.867 &amp#27;[32m INFO&amp#27;[m &amp#27;[35m[@503 - main]&amp#27;[m &amp#27;[36mcom.shaft.tools.io.ReportManager&amp#27;[m : Successfully created attachment "API Response - JSON Body"
2023-01-22 22:11:33.867 &amp#27;[32m INFO&amp#27;[m &amp#27;[35m[@503 - main]&amp#27;[m &amp#27;[36mcom.shaft.tools.io.ReportManager&amp#27;[m : File Action "DoesFileExist" successfully performed. With the following test data "File Path: "Schemas/ValidationError_schema.json"".
2023-01-22 22:11:33.867 &amp#27;[32m INFO&amp#27;[m &amp#27;[35m[@503 - main]&amp#27;[m &amp#27;[36mcom.shaft.tools.io.ReportManager&amp#27;[m : File Action "DoesFileExist" successfully performed. With the following test data "File Path: "src/test/resources/testDataFiles/Schemas/ValidationError_schema.json"".
2023-01-22 22:11:33.867 &amp#27;[32m INFO&amp#27;[m &amp#27;[35m[@503 - main]&amp#27;[m &amp#27;[36mcom.shaft.tools.io.ReportManager&amp#27;[m : File Action "GetAbsolutePath" successfully performed. With the following test data "Relative Folder Path: "src/test/resources/testDataFiles/Schemas/ValidationError_schema.json"".
2023-01-22 22:11:33.869 &amp#27;[32m INFO&amp#27;[m &amp#27;[35m[@503 - main]&amp#27;[m &amp#27;[36mcom.shaft.tools.io.ReportManager&amp#27;[m : File Action "DoesFileExist" successfully performed. With the following test data "File Path: "C:\eclipse-workspace\MyProjects\TASystemsAPIs\src\test\resources\testDataFiles\Schemas\ValidationError_schema.json"".
2023-01-22 22:11:33.869 &amp#27;[32m INFO&amp#27;[m &amp#27;[35m[@503 - main]&amp#27;[m &amp#27;[36mcom.shaft.tools.io.ReportManager&amp#27;[m : File Action "GetAbsolutePath" successfully performed. With the following test data "Relative Folder Path: "C:\eclipse-workspace\MyProjects\TASystemsAPIs\src\test\resources\testDataFiles\Schemas\ValidationError_schema.json"".
2023-01-22 22:11:33.869 &amp#27;[32m INFO&amp#27;[m &amp#27;[35m[@503 - main]&amp#27;[m &amp#27;[36mcom.shaft.tools.io.ReportManager&amp#27;[m : File Action "ReadFile" successfully performed. With the following test data "File Path: "C:\eclipse-workspace\MyProjects\TASystemsAPIs\src\test\resources\testDataFiles\Schemas\ValidationError_schema.json"".
2023-01-22 22:11:33.910 &amp#27;[32m INFO&amp#27;[m &amp#27;[35m[@503 - main]&amp#27;[m &amp#27;[36mcom.shaft.tools.io.ReportManager&amp#27;[m : Successfully created attachment "Validation Test Data - Expected JSON Value"
2023-01-22 22:11:33.911 &amp#27;[32m INFO&amp#27;[m &amp#27;[35m[@503 - main]&amp#27;[m &amp#27;[36mcom.shaft.tools.io.ReportManager&amp#27;[m : Successfully created attachment "Validation Test Data - Actual JSON Value"
2023-01-22 22:11:33.912 &amp#27;[32m INFO&amp#27;[m &amp#27;[35m[@503 - main]&amp#27;[m &amp#27;[36mcom.shaft.tools.io.ReportManager&amp#27;[m : Successfully created attachment "SHAFT Engine Logs - Current Method log: Update_Policy_With_Missing_Keys_TC"
]]></system-out>
  </testcase>
  <testcase name="Update_Policy_With_Missing_Keys_TC[[Ljava.lang.Object;@6d111293](2)" classname="SteeringCompanyAPI_TestCases.Test_Policies_Cases" time="3.872">
    <system-out><![CDATA[2023-01-22 22:11:33.915 &amp#27;[32m INFO&amp#27;[m &amp#27;[35m[@534 - main]&amp#27;[m &amp#27;[36mcom.shaft.tools.io.ReportManager&amp#27;[m : 
################################################################################################################################################
Starting Execution:	"288 out of 83" test cases in the current suite
Test Method:		"SteeringCompanyAPI_TestCases.Test_Policies_Cases.Update_Policy_With_Missing_Keys_TC"
Test Description:	"TC051 -Policy- Perform Update Policy with Missing Keys"
################################################################################################################################################
2023-01-22 22:11:33.915 &amp#27;[32m INFO&amp#27;[m &amp#27;[35m[@503 - main]&amp#27;[m &amp#27;[36mcom.shaft.tools.io.ReportManager&amp#27;[m : File Action "DoesFileExist" successfully performed. With the following test data "File Path: "SteeringCompanyAPI_TestData/SteeringCompanyAPI_TestData.xlsx"".
2023-01-22 22:11:33.934 &amp#27;[32m INFO&amp#27;[m &amp#27;[35m[@503 - main]&amp#27;[m &amp#27;[36mcom.shaft.tools.io.ReportManager&amp#27;[m : Successfully created attachment "Test Data - Excel"
2023-01-22 22:11:35.892 &amp#27;[32m INFO&amp#27;[m &amp#27;[35m[@503 - main]&amp#27;[m &amp#27;[36mcom.shaft.tools.io.ReportManager&amp#27;[m : Response status code: "200", status line: "HTTP/1.1 200 OK"
2023-01-22 22:11:35.902 &amp#27;[32m INFO&amp#27;[m &amp#27;[35m[@503 - main]&amp#27;[m &amp#27;[36mcom.shaft.tools.io.ReportManager&amp#27;[m : Successfully created attachment "API Request - Specifications"
2023-01-22 22:11:35.902 &amp#27;[32m INFO&amp#27;[m &amp#27;[35m[@503 - main]&amp#27;[m &amp#27;[36mcom.shaft.tools.io.ReportManager&amp#27;[m : Successfully created attachment "API Request - Body"
2023-01-22 22:11:35.905 &amp#27;[32m INFO&amp#27;[m &amp#27;[35m[@503 - main]&amp#27;[m &amp#27;[36mcom.shaft.tools.io.ReportManager&amp#27;[m : Successfully created attachment "API Response - JSON Body"
2023-01-22 22:11:35.911 &amp#27;[32m INFO&amp#27;[m &amp#27;[35m[@503 - main]&amp#27;[m &amp#27;[36mcom.shaft.tools.io.ReportManager&amp#27;[m : File Action "DoesFileExist" successfully performed. With the following test data "File Path: "SteeringCompanyAPI_TestData/SteeringCompanyAPI_TestData.xlsx"".
2023-01-22 22:11:35.932 &amp#27;[32m INFO&amp#27;[m &amp#27;[35m[@503 - main]&amp#27;[m &amp#27;[36mcom.shaft.tools.io.ReportManager&amp#27;[m : Successfully created attachment "Test Data - Excel"
2023-01-22 22:11:35.932 &amp#27;[32m INFO&amp#27;[m &amp#27;[35m[@503 - main]&amp#27;[m &amp#27;[36mcom.shaft.tools.io.ReportManager&amp#27;[m : File Action "DoesFileExist" successfully performed. With the following test data "File Path: "SteeringCompanyAPI_TestData/SteeringCompanyAPI_TestData.xlsx"".
2023-01-22 22:11:35.953 &amp#27;[32m INFO&amp#27;[m &amp#27;[35m[@503 - main]&amp#27;[m &amp#27;[36mcom.shaft.tools.io.ReportManager&amp#27;[m : Successfully created attachment "Test Data - Excel"
2023-01-22 22:11:35.953 &amp#27;[32m INFO&amp#27;[m &amp#27;[35m[@503 - main]&amp#27;[m &amp#27;[36mcom.shaft.tools.io.ReportManager&amp#27;[m : File Action "DoesFileExist" successfully performed. With the following test data "File Path: "SteeringCompanyAPI_TestData/SteeringCompanyAPI_TestData.xlsx"".
2023-01-22 22:11:35.977 &amp#27;[32m INFO&amp#27;[m &amp#27;[35m[@503 - main]&amp#27;[m &amp#27;[36mcom.shaft.tools.io.ReportManager&amp#27;[m : Successfully created attachment "Test Data - Excel"
2023-01-22 22:11:37.724 &amp#27;[32m INFO&amp#27;[m &amp#27;[35m[@503 - main]&amp#27;[m &amp#27;[36mcom.shaft.tools.io.ReportManager&amp#27;[m : Response status code: "422", status line: "HTTP/1.1 422 "
2023-01-22 22:11:37.773 &amp#27;[32m INFO&amp#27;[m &amp#27;[35m[@503 - main]&amp#27;[m &amp#27;[36mcom.shaft.tools.io.ReportManager&amp#27;[m : Successfully created attachment "API Request - Specifications"
2023-01-22 22:11:37.775 &amp#27;[32m INFO&amp#27;[m &amp#27;[35m[@503 - main]&amp#27;[m &amp#27;[36mcom.shaft.tools.io.ReportManager&amp#27;[m : Successfully created attachment "API Request - JSON Body"
2023-01-22 22:11:37.776 &amp#27;[32m INFO&amp#27;[m &amp#27;[35m[@503 - main]&amp#27;[m &amp#27;[36mcom.shaft.tools.io.ReportManager&amp#27;[m : Successfully created attachment "API Response - JSON Body"
2023-01-22 22:11:37.777 &amp#27;[32m INFO&amp#27;[m &amp#27;[35m[@503 - main]&amp#27;[m &amp#27;[36mcom.shaft.tools.io.ReportManager&amp#27;[m : File Action "DoesFileExist" successfully performed. With the following test data "File Path: "Schemas/ValidationError_schema.json"".
2023-01-22 22:11:37.777 &amp#27;[32m INFO&amp#27;[m &amp#27;[35m[@503 - main]&amp#27;[m &amp#27;[36mcom.shaft.tools.io.ReportManager&amp#27;[m : File Action "DoesFileExist" successfully performed. With the following test data "File Path: "src/test/resources/testDataFiles/Schemas/ValidationError_schema.json"".
2023-01-22 22:11:37.777 &amp#27;[32m INFO&amp#27;[m &amp#27;[35m[@503 - main]&amp#27;[m &amp#27;[36mcom.shaft.tools.io.ReportManager&amp#27;[m : File Action "GetAbsolutePath" successfully performed. With the following test data "Relative Folder Path: "src/test/resources/testDataFiles/Schemas/ValidationError_schema.json"".
2023-01-22 22:11:37.779 &amp#27;[32m INFO&amp#27;[m &amp#27;[35m[@503 - main]&amp#27;[m &amp#27;[36mcom.shaft.tools.io.ReportManager&amp#27;[m : File Action "DoesFileExist" successfully performed. With the following test data "File Path: "C:\eclipse-workspace\MyProjects\TASystemsAPIs\src\test\resources\testDataFiles\Schemas\ValidationError_schema.json"".
2023-01-22 22:11:37.779 &amp#27;[32m INFO&amp#27;[m &amp#27;[35m[@503 - main]&amp#27;[m &amp#27;[36mcom.shaft.tools.io.ReportManager&amp#27;[m : File Action "GetAbsolutePath" successfully performed. With the following test data "Relative Folder Path: "C:\eclipse-workspace\MyProjects\TASystemsAPIs\src\test\resources\testDataFiles\Schemas\ValidationError_schema.json"".
2023-01-22 22:11:37.779 &amp#27;[32m INFO&amp#27;[m &amp#27;[35m[@503 - main]&amp#27;[m &amp#27;[36mcom.shaft.tools.io.ReportManager&amp#27;[m : File Action "ReadFile" successfully performed. With the following test data "File Path: "C:\eclipse-workspace\MyProjects\TASystemsAPIs\src\test\resources\testDataFiles\Schemas\ValidationError_schema.json"".
2023-01-22 22:11:37.781 &amp#27;[32m INFO&amp#27;[m &amp#27;[35m[@503 - main]&amp#27;[m &amp#27;[36mcom.shaft.tools.io.ReportManager&amp#27;[m : Successfully created attachment "Validation Test Data - Expected JSON Value"
2023-01-22 22:11:37.782 &amp#27;[32m INFO&amp#27;[m &amp#27;[35m[@503 - main]&amp#27;[m &amp#27;[36mcom.shaft.tools.io.ReportManager&amp#27;[m : Successfully created attachment "Validation Test Data - Actual JSON Value"
2023-01-22 22:11:37.782 &amp#27;[32m INFO&amp#27;[m &amp#27;[35m[@503 - main]&amp#27;[m &amp#27;[36mcom.shaft.tools.io.ReportManager&amp#27;[m : Successfully created attachment "SHAFT Engine Logs - Current Method log: Update_Policy_With_Missing_Keys_TC"
]]></system-out>
  </testcase>
  <testcase name="Update_Policy_With_Missing_Keys_TC[[Ljava.lang.Object;@5ad8282c](3)" classname="SteeringCompanyAPI_TestCases.Test_Policies_Cases" time="2.949">
    <system-out><![CDATA[2023-01-22 22:11:37.786 &amp#27;[32m INFO&amp#27;[m &amp#27;[35m[@534 - main]&amp#27;[m &amp#27;[36mcom.shaft.tools.io.ReportManager&amp#27;[m : 
################################################################################################################################################
Starting Execution:	"289 out of 83" test cases in the current suite
Test Method:		"SteeringCompanyAPI_TestCases.Test_Policies_Cases.Update_Policy_With_Missing_Keys_TC"
Test Description:	"TC051 -Policy- Perform Update Policy with Missing Keys"
################################################################################################################################################
2023-01-22 22:11:37.786 &amp#27;[32m INFO&amp#27;[m &amp#27;[35m[@503 - main]&amp#27;[m &amp#27;[36mcom.shaft.tools.io.ReportManager&amp#27;[m : File Action "DoesFileExist" successfully performed. With the following test data "File Path: "SteeringCompanyAPI_TestData/SteeringCompanyAPI_TestData.xlsx"".
2023-01-22 22:11:37.814 &amp#27;[32m INFO&amp#27;[m &amp#27;[35m[@503 - main]&amp#27;[m &amp#27;[36mcom.shaft.tools.io.ReportManager&amp#27;[m : Successfully created attachment "Test Data - Excel"
2023-01-22 22:11:39.329 &amp#27;[32m INFO&amp#27;[m &amp#27;[35m[@503 - main]&amp#27;[m &amp#27;[36mcom.shaft.tools.io.ReportManager&amp#27;[m : Response status code: "200", status line: "HTTP/1.1 200 OK"
2023-01-22 22:11:39.341 &amp#27;[32m INFO&amp#27;[m &amp#27;[35m[@503 - main]&amp#27;[m &amp#27;[36mcom.shaft.tools.io.ReportManager&amp#27;[m : Successfully created attachment "API Request - Specifications"
2023-01-22 22:11:39.342 &amp#27;[32m INFO&amp#27;[m &amp#27;[35m[@503 - main]&amp#27;[m &amp#27;[36mcom.shaft.tools.io.ReportManager&amp#27;[m : Successfully created attachment "API Request - Body"
2023-01-22 22:11:39.383 &amp#27;[32m INFO&amp#27;[m &amp#27;[35m[@503 - main]&amp#27;[m &amp#27;[36mcom.shaft.tools.io.ReportManager&amp#27;[m : Successfully created attachment "API Response - JSON Body"
2023-01-22 22:11:39.390 &amp#27;[32m INFO&amp#27;[m &amp#27;[35m[@503 - main]&amp#27;[m &amp#27;[36mcom.shaft.tools.io.ReportManager&amp#27;[m : File Action "DoesFileExist" successfully performed. With the following test data "File Path: "SteeringCompanyAPI_TestData/SteeringCompanyAPI_TestData.xlsx"".
2023-01-22 22:11:39.410 &amp#27;[32m INFO&amp#27;[m &amp#27;[35m[@503 - main]&amp#27;[m &amp#27;[36mcom.shaft.tools.io.ReportManager&amp#27;[m : Successfully created attachment "Test Data - Excel"
2023-01-22 22:11:39.410 &amp#27;[32m INFO&amp#27;[m &amp#27;[35m[@503 - main]&amp#27;[m &amp#27;[36mcom.shaft.tools.io.ReportManager&amp#27;[m : File Action "DoesFileExist" successfully performed. With the following test data "File Path: "SteeringCompanyAPI_TestData/SteeringCompanyAPI_TestData.xlsx"".
2023-01-22 22:11:39.433 &amp#27;[32m INFO&amp#27;[m &amp#27;[35m[@503 - main]&amp#27;[m &amp#27;[36mcom.shaft.tools.io.ReportManager&amp#27;[m : Successfully created attachment "Test Data - Excel"
2023-01-22 22:11:39.433 &amp#27;[32m INFO&amp#27;[m &amp#27;[35m[@503 - main]&amp#27;[m &amp#27;[36mcom.shaft.tools.io.ReportManager&amp#27;[m : File Action "DoesFileExist" successfully performed. With the following test data "File Path: "SteeringCompanyAPI_TestData/SteeringCompanyAPI_TestData.xlsx"".
2023-01-22 22:11:39.453 &amp#27;[32m INFO&amp#27;[m &amp#27;[35m[@503 - main]&amp#27;[m &amp#27;[36mcom.shaft.tools.io.ReportManager&amp#27;[m : Successfully created attachment "Test Data - Excel"
2023-01-22 22:11:40.712 &amp#27;[32m INFO&amp#27;[m &amp#27;[35m[@503 - main]&amp#27;[m &amp#27;[36mcom.shaft.tools.io.ReportManager&amp#27;[m : Response status code: "422", status line: "HTTP/1.1 422 "
2023-01-22 22:11:40.721 &amp#27;[32m INFO&amp#27;[m &amp#27;[35m[@503 - main]&amp#27;[m &amp#27;[36mcom.shaft.tools.io.ReportManager&amp#27;[m : Successfully created attachment "API Request - Specifications"
2023-01-22 22:11:40.722 &amp#27;[32m INFO&amp#27;[m &amp#27;[35m[@503 - main]&amp#27;[m &amp#27;[36mcom.shaft.tools.io.ReportManager&amp#27;[m : Successfully created attachment "API Request - JSON Body"
2023-01-22 22:11:40.723 &amp#27;[32m INFO&amp#27;[m &amp#27;[35m[@503 - main]&amp#27;[m &amp#27;[36mcom.shaft.tools.io.ReportManager&amp#27;[m : Successfully created attachment "API Response - JSON Body"
2023-01-22 22:11:40.724 &amp#27;[32m INFO&amp#27;[m &amp#27;[35m[@503 - main]&amp#27;[m &amp#27;[36mcom.shaft.tools.io.ReportManager&amp#27;[m : File Action "DoesFileExist" successfully performed. With the following test data "File Path: "Schemas/ValidationError_schema.json"".
2023-01-22 22:11:40.724 &amp#27;[32m INFO&amp#27;[m &amp#27;[35m[@503 - main]&amp#27;[m &amp#27;[36mcom.shaft.tools.io.ReportManager&amp#27;[m : File Action "DoesFileExist" successfully performed. With the following test data "File Path: "src/test/resources/testDataFiles/Schemas/ValidationError_schema.json"".
2023-01-22 22:11:40.724 &amp#27;[32m INFO&amp#27;[m &amp#27;[35m[@503 - main]&amp#27;[m &amp#27;[36mcom.shaft.tools.io.ReportManager&amp#27;[m : File Action "GetAbsolutePath" successfully performed. With the following test data "Relative Folder Path: "src/test/resources/testDataFiles/Schemas/ValidationError_schema.json"".
2023-01-22 22:11:40.727 &amp#27;[32m INFO&amp#27;[m &amp#27;[35m[@503 - main]&amp#27;[m &amp#27;[36mcom.shaft.tools.io.ReportManager&amp#27;[m : File Action "DoesFileExist" successfully performed. With the following test data "File Path: "C:\eclipse-workspace\MyProjects\TASystemsAPIs\src\test\resources\testDataFiles\Schemas\ValidationError_schema.json"".
2023-01-22 22:11:40.727 &amp#27;[32m INFO&amp#27;[m &amp#27;[35m[@503 - main]&amp#27;[m &amp#27;[36mcom.shaft.tools.io.ReportManager&amp#27;[m : File Action "GetAbsolutePath" successfully performed. With the following test data "Relative Folder Path: "C:\eclipse-workspace\MyProjects\TASystemsAPIs\src\test\resources\testDataFiles\Schemas\ValidationError_schema.json"".
2023-01-22 22:11:40.727 &amp#27;[32m INFO&amp#27;[m &amp#27;[35m[@503 - main]&amp#27;[m &amp#27;[36mcom.shaft.tools.io.ReportManager&amp#27;[m : File Action "ReadFile" successfully performed. With the following test data "File Path: "C:\eclipse-workspace\MyProjects\TASystemsAPIs\src\test\resources\testDataFiles\Schemas\ValidationError_schema.json"".
2023-01-22 22:11:40.729 &amp#27;[32m INFO&amp#27;[m &amp#27;[35m[@503 - main]&amp#27;[m &amp#27;[36mcom.shaft.tools.io.ReportManager&amp#27;[m : Successfully created attachment "Validation Test Data - Expected JSON Value"
2023-01-22 22:11:40.731 &amp#27;[32m INFO&amp#27;[m &amp#27;[35m[@503 - main]&amp#27;[m &amp#27;[36mcom.shaft.tools.io.ReportManager&amp#27;[m : Successfully created attachment "Validation Test Data - Actual JSON Value"
2023-01-22 22:11:40.733 &amp#27;[32m INFO&amp#27;[m &amp#27;[35m[@503 - main]&amp#27;[m &amp#27;[36mcom.shaft.tools.io.ReportManager&amp#27;[m : Successfully created attachment "SHAFT Engine Logs - Current Method log: Update_Policy_With_Missing_Keys_TC"
]]></system-out>
  </testcase>
  <testcase name="Update_Policy_With_Missing_Keys_TC[[Ljava.lang.Object;@26f9555f](4)" classname="SteeringCompanyAPI_TestCases.Test_Policies_Cases" time="2.901">
    <system-out><![CDATA[2023-01-22 22:11:40.737 &amp#27;[32m INFO&amp#27;[m &amp#27;[35m[@534 - main]&amp#27;[m &amp#27;[36mcom.shaft.tools.io.ReportManager&amp#27;[m : 
################################################################################################################################################
Starting Execution:	"290 out of 83" test cases in the current suite
Test Method:		"SteeringCompanyAPI_TestCases.Test_Policies_Cases.Update_Policy_With_Missing_Keys_TC"
Test Description:	"TC051 -Policy- Perform Update Policy with Missing Keys"
################################################################################################################################################
2023-01-22 22:11:40.737 &amp#27;[32m INFO&amp#27;[m &amp#27;[35m[@503 - main]&amp#27;[m &amp#27;[36mcom.shaft.tools.io.ReportManager&amp#27;[m : File Action "DoesFileExist" successfully performed. With the following test data "File Path: "SteeringCompanyAPI_TestData/SteeringCompanyAPI_TestData.xlsx"".
2023-01-22 22:11:40.762 &amp#27;[32m INFO&amp#27;[m &amp#27;[35m[@503 - main]&amp#27;[m &amp#27;[36mcom.shaft.tools.io.ReportManager&amp#27;[m : Successfully created attachment "Test Data - Excel"
2023-01-22 22:11:42.372 &amp#27;[32m INFO&amp#27;[m &amp#27;[35m[@503 - main]&amp#27;[m &amp#27;[36mcom.shaft.tools.io.ReportManager&amp#27;[m : Response status code: "200", status line: "HTTP/1.1 200 OK"
2023-01-22 22:11:42.382 &amp#27;[32m INFO&amp#27;[m &amp#27;[35m[@503 - main]&amp#27;[m &amp#27;[36mcom.shaft.tools.io.ReportManager&amp#27;[m : Successfully created attachment "API Request - Specifications"
2023-01-22 22:11:42.384 &amp#27;[32m INFO&amp#27;[m &amp#27;[35m[@503 - main]&amp#27;[m &amp#27;[36mcom.shaft.tools.io.ReportManager&amp#27;[m : Successfully created attachment "API Request - Body"
2023-01-22 22:11:42.384 &amp#27;[32m INFO&amp#27;[m &amp#27;[35m[@503 - main]&amp#27;[m &amp#27;[36mcom.shaft.tools.io.ReportManager&amp#27;[m : Successfully created attachment "API Response - JSON Body"
2023-01-22 22:11:42.391 &amp#27;[32m INFO&amp#27;[m &amp#27;[35m[@503 - main]&amp#27;[m &amp#27;[36mcom.shaft.tools.io.ReportManager&amp#27;[m : File Action "DoesFileExist" successfully performed. With the following test data "File Path: "SteeringCompanyAPI_TestData/SteeringCompanyAPI_TestData.xlsx"".
2023-01-22 22:11:42.445 &amp#27;[32m INFO&amp#27;[m &amp#27;[35m[@503 - main]&amp#27;[m &amp#27;[36mcom.shaft.tools.io.ReportManager&amp#27;[m : Successfully created attachment "Test Data - Excel"
2023-01-22 22:11:42.445 &amp#27;[32m INFO&amp#27;[m &amp#27;[35m[@503 - main]&amp#27;[m &amp#27;[36mcom.shaft.tools.io.ReportManager&amp#27;[m : File Action "DoesFileExist" successfully performed. With the following test data "File Path: "SteeringCompanyAPI_TestData/SteeringCompanyAPI_TestData.xlsx"".
2023-01-22 22:11:42.466 &amp#27;[32m INFO&amp#27;[m &amp#27;[35m[@503 - main]&amp#27;[m &amp#27;[36mcom.shaft.tools.io.ReportManager&amp#27;[m : Successfully created attachment "Test Data - Excel"
2023-01-22 22:11:42.466 &amp#27;[32m INFO&amp#27;[m &amp#27;[35m[@503 - main]&amp#27;[m &amp#27;[36mcom.shaft.tools.io.ReportManager&amp#27;[m : File Action "DoesFileExist" successfully performed. With the following test data "File Path: "SteeringCompanyAPI_TestData/SteeringCompanyAPI_TestData.xlsx"".
2023-01-22 22:11:42.487 &amp#27;[32m INFO&amp#27;[m &amp#27;[35m[@503 - main]&amp#27;[m &amp#27;[36mcom.shaft.tools.io.ReportManager&amp#27;[m : Successfully created attachment "Test Data - Excel"
2023-01-22 22:11:43.613 &amp#27;[32m INFO&amp#27;[m &amp#27;[35m[@503 - main]&amp#27;[m &amp#27;[36mcom.shaft.tools.io.ReportManager&amp#27;[m : Response status code: "422", status line: "HTTP/1.1 422 "
2023-01-22 22:11:43.623 &amp#27;[32m INFO&amp#27;[m &amp#27;[35m[@503 - main]&amp#27;[m &amp#27;[36mcom.shaft.tools.io.ReportManager&amp#27;[m : Successfully created attachment "API Request - Specifications"
2023-01-22 22:11:43.624 &amp#27;[32m INFO&amp#27;[m &amp#27;[35m[@503 - main]&amp#27;[m &amp#27;[36mcom.shaft.tools.io.ReportManager&amp#27;[m : Successfully created attachment "API Request - JSON Body"
2023-01-22 22:11:43.625 &amp#27;[32m INFO&amp#27;[m &amp#27;[35m[@503 - main]&amp#27;[m &amp#27;[36mcom.shaft.tools.io.ReportManager&amp#27;[m : Successfully created attachment "API Response - JSON Body"
2023-01-22 22:11:43.626 &amp#27;[32m INFO&amp#27;[m &amp#27;[35m[@503 - main]&amp#27;[m &amp#27;[36mcom.shaft.tools.io.ReportManager&amp#27;[m : File Action "DoesFileExist" successfully performed. With the following test data "File Path: "Schemas/ValidationError_schema.json"".
2023-01-22 22:11:43.626 &amp#27;[32m INFO&amp#27;[m &amp#27;[35m[@503 - main]&amp#27;[m &amp#27;[36mcom.shaft.tools.io.ReportManager&amp#27;[m : File Action "DoesFileExist" successfully performed. With the following test data "File Path: "src/test/resources/testDataFiles/Schemas/ValidationError_schema.json"".
2023-01-22 22:11:43.626 &amp#27;[32m INFO&amp#27;[m &amp#27;[35m[@503 - main]&amp#27;[m &amp#27;[36mcom.shaft.tools.io.ReportManager&amp#27;[m : File Action "GetAbsolutePath" successfully performed. With the following test data "Relative Folder Path: "src/test/resources/testDataFiles/Schemas/ValidationError_schema.json"".
2023-01-22 22:11:43.628 &amp#27;[32m INFO&amp#27;[m &amp#27;[35m[@503 - main]&amp#27;[m &amp#27;[36mcom.shaft.tools.io.ReportManager&amp#27;[m : File Action "DoesFileExist" successfully performed. With the following test data "File Path: "C:\eclipse-workspace\MyProjects\TASystemsAPIs\src\test\resources\testDataFiles\Schemas\ValidationError_schema.json"".
2023-01-22 22:11:43.629 &amp#27;[32m INFO&amp#27;[m &amp#27;[35m[@503 - main]&amp#27;[m &amp#27;[36mcom.shaft.tools.io.ReportManager&amp#27;[m : File Action "GetAbsolutePath" successfully performed. With the following test data "Relative Folder Path: "C:\eclipse-workspace\MyProjects\TASystemsAPIs\src\test\resources\testDataFiles\Schemas\ValidationError_schema.json"".
2023-01-22 22:11:43.629 &amp#27;[32m INFO&amp#27;[m &amp#27;[35m[@503 - main]&amp#27;[m &amp#27;[36mcom.shaft.tools.io.ReportManager&amp#27;[m : File Action "ReadFile" successfully performed. With the following test data "File Path: "C:\eclipse-workspace\MyProjects\TASystemsAPIs\src\test\resources\testDataFiles\Schemas\ValidationError_schema.json"".
2023-01-22 22:11:43.630 &amp#27;[32m INFO&amp#27;[m &amp#27;[35m[@503 - main]&amp#27;[m &amp#27;[36mcom.shaft.tools.io.ReportManager&amp#27;[m : Successfully created attachment "Validation Test Data - Expected JSON Value"
2023-01-22 22:11:43.631 &amp#27;[32m INFO&amp#27;[m &amp#27;[35m[@503 - main]&amp#27;[m &amp#27;[36mcom.shaft.tools.io.ReportManager&amp#27;[m : Successfully created attachment "Validation Test Data - Actual JSON Value"
2023-01-22 22:11:43.633 &amp#27;[32m INFO&amp#27;[m &amp#27;[35m[@503 - main]&amp#27;[m &amp#27;[36mcom.shaft.tools.io.ReportManager&amp#27;[m : Successfully created attachment "SHAFT Engine Logs - Current Method log: Update_Policy_With_Missing_Keys_TC"
]]></system-out>
  </testcase>
  <testcase name="Update_Policy_With_Missing_Keys_TC[[Ljava.lang.Object;@c3a55ce](5)" classname="SteeringCompanyAPI_TestCases.Test_Policies_Cases" time="7.67">
    <system-out><![CDATA[2023-01-22 22:11:43.636 &amp#27;[32m INFO&amp#27;[m &amp#27;[35m[@534 - main]&amp#27;[m &amp#27;[36mcom.shaft.tools.io.ReportManager&amp#27;[m : 
################################################################################################################################################
Starting Execution:	"291 out of 83" test cases in the current suite
Test Method:		"SteeringCompanyAPI_TestCases.Test_Policies_Cases.Update_Policy_With_Missing_Keys_TC"
Test Description:	"TC051 -Policy- Perform Update Policy with Missing Keys"
################################################################################################################################################
2023-01-22 22:11:43.636 &amp#27;[32m INFO&amp#27;[m &amp#27;[35m[@503 - main]&amp#27;[m &amp#27;[36mcom.shaft.tools.io.ReportManager&amp#27;[m : File Action "DoesFileExist" successfully performed. With the following test data "File Path: "SteeringCompanyAPI_TestData/SteeringCompanyAPI_TestData.xlsx"".
2023-01-22 22:11:43.663 &amp#27;[32m INFO&amp#27;[m &amp#27;[35m[@503 - main]&amp#27;[m &amp#27;[36mcom.shaft.tools.io.ReportManager&amp#27;[m : Successfully created attachment "Test Data - Excel"
2023-01-22 22:11:48.168 &amp#27;[32m INFO&amp#27;[m &amp#27;[35m[@503 - main]&amp#27;[m &amp#27;[36mcom.shaft.tools.io.ReportManager&amp#27;[m : Response status code: "200", status line: "HTTP/1.1 200 OK"
2023-01-22 22:11:48.179 &amp#27;[32m INFO&amp#27;[m &amp#27;[35m[@503 - main]&amp#27;[m &amp#27;[36mcom.shaft.tools.io.ReportManager&amp#27;[m : Successfully created attachment "API Request - Specifications"
2023-01-22 22:11:48.218 &amp#27;[32m INFO&amp#27;[m &amp#27;[35m[@503 - main]&amp#27;[m &amp#27;[36mcom.shaft.tools.io.ReportManager&amp#27;[m : Successfully created attachment "API Request - Body"
2023-01-22 22:11:48.220 &amp#27;[32m INFO&amp#27;[m &amp#27;[35m[@503 - main]&amp#27;[m &amp#27;[36mcom.shaft.tools.io.ReportManager&amp#27;[m : Successfully created attachment "API Response - JSON Body"
2023-01-22 22:11:48.226 &amp#27;[32m INFO&amp#27;[m &amp#27;[35m[@503 - main]&amp#27;[m &amp#27;[36mcom.shaft.tools.io.ReportManager&amp#27;[m : File Action "DoesFileExist" successfully performed. With the following test data "File Path: "SteeringCompanyAPI_TestData/SteeringCompanyAPI_TestData.xlsx"".
2023-01-22 22:11:48.246 &amp#27;[32m INFO&amp#27;[m &amp#27;[35m[@503 - main]&amp#27;[m &amp#27;[36mcom.shaft.tools.io.ReportManager&amp#27;[m : Successfully created attachment "Test Data - Excel"
2023-01-22 22:11:48.246 &amp#27;[32m INFO&amp#27;[m &amp#27;[35m[@503 - main]&amp#27;[m &amp#27;[36mcom.shaft.tools.io.ReportManager&amp#27;[m : File Action "DoesFileExist" successfully performed. With the following test data "File Path: "SteeringCompanyAPI_TestData/SteeringCompanyAPI_TestData.xlsx"".
2023-01-22 22:11:48.280 &amp#27;[32m INFO&amp#27;[m &amp#27;[35m[@503 - main]&amp#27;[m &amp#27;[36mcom.shaft.tools.io.ReportManager&amp#27;[m : Successfully created attachment "Test Data - Excel"
2023-01-22 22:11:48.281 &amp#27;[32m INFO&amp#27;[m &amp#27;[35m[@503 - main]&amp#27;[m &amp#27;[36mcom.shaft.tools.io.ReportManager&amp#27;[m : File Action "DoesFileExist" successfully performed. With the following test data "File Path: "SteeringCompanyAPI_TestData/SteeringCompanyAPI_TestData.xlsx"".
2023-01-22 22:11:48.303 &amp#27;[32m INFO&amp#27;[m &amp#27;[35m[@503 - main]&amp#27;[m &amp#27;[36mcom.shaft.tools.io.ReportManager&amp#27;[m : Successfully created attachment "Test Data - Excel"
2023-01-22 22:11:51.240 &amp#27;[32m INFO&amp#27;[m &amp#27;[35m[@503 - main]&amp#27;[m &amp#27;[36mcom.shaft.tools.io.ReportManager&amp#27;[m : Response status code: "422", status line: "HTTP/1.1 422 "
2023-01-22 22:11:51.253 &amp#27;[32m INFO&amp#27;[m &amp#27;[35m[@503 - main]&amp#27;[m &amp#27;[36mcom.shaft.tools.io.ReportManager&amp#27;[m : Successfully created attachment "API Request - Specifications"
2023-01-22 22:11:51.255 &amp#27;[32m INFO&amp#27;[m &amp#27;[35m[@503 - main]&amp#27;[m &amp#27;[36mcom.shaft.tools.io.ReportManager&amp#27;[m : Successfully created attachment "API Request - JSON Body"
2023-01-22 22:11:51.295 &amp#27;[32m INFO&amp#27;[m &amp#27;[35m[@503 - main]&amp#27;[m &amp#27;[36mcom.shaft.tools.io.ReportManager&amp#27;[m : Successfully created attachment "API Response - JSON Body"
2023-01-22 22:11:51.295 &amp#27;[32m INFO&amp#27;[m &amp#27;[35m[@503 - main]&amp#27;[m &amp#27;[36mcom.shaft.tools.io.ReportManager&amp#27;[m : File Action "DoesFileExist" successfully performed. With the following test data "File Path: "Schemas/ValidationError_schema.json"".
2023-01-22 22:11:51.296 &amp#27;[32m INFO&amp#27;[m &amp#27;[35m[@503 - main]&amp#27;[m &amp#27;[36mcom.shaft.tools.io.ReportManager&amp#27;[m : File Action "DoesFileExist" successfully performed. With the following test data "File Path: "src/test/resources/testDataFiles/Schemas/ValidationError_schema.json"".
2023-01-22 22:11:51.296 &amp#27;[32m INFO&amp#27;[m &amp#27;[35m[@503 - main]&amp#27;[m &amp#27;[36mcom.shaft.tools.io.ReportManager&amp#27;[m : File Action "GetAbsolutePath" successfully performed. With the following test data "Relative Folder Path: "src/test/resources/testDataFiles/Schemas/ValidationError_schema.json"".
2023-01-22 22:11:51.298 &amp#27;[32m INFO&amp#27;[m &amp#27;[35m[@503 - main]&amp#27;[m &amp#27;[36mcom.shaft.tools.io.ReportManager&amp#27;[m : File Action "DoesFileExist" successfully performed. With the following test data "File Path: "C:\eclipse-workspace\MyProjects\TASystemsAPIs\src\test\resources\testDataFiles\Schemas\ValidationError_schema.json"".
2023-01-22 22:11:51.298 &amp#27;[32m INFO&amp#27;[m &amp#27;[35m[@503 - main]&amp#27;[m &amp#27;[36mcom.shaft.tools.io.ReportManager&amp#27;[m : File Action "GetAbsolutePath" successfully performed. With the following test data "Relative Folder Path: "C:\eclipse-workspace\MyProjects\TASystemsAPIs\src\test\resources\testDataFiles\Schemas\ValidationError_schema.json"".
2023-01-22 22:11:51.299 &amp#27;[32m INFO&amp#27;[m &amp#27;[35m[@503 - main]&amp#27;[m &amp#27;[36mcom.shaft.tools.io.ReportManager&amp#27;[m : File Action "ReadFile" successfully performed. With the following test data "File Path: "C:\eclipse-workspace\MyProjects\TASystemsAPIs\src\test\resources\testDataFiles\Schemas\ValidationError_schema.json"".
2023-01-22 22:11:51.300 &amp#27;[32m INFO&amp#27;[m &amp#27;[35m[@503 - main]&amp#27;[m &amp#27;[36mcom.shaft.tools.io.ReportManager&amp#27;[m : Successfully created attachment "Validation Test Data - Expected JSON Value"
2023-01-22 22:11:51.301 &amp#27;[32m INFO&amp#27;[m &amp#27;[35m[@503 - main]&amp#27;[m &amp#27;[36mcom.shaft.tools.io.ReportManager&amp#27;[m : Successfully created attachment "Validation Test Data - Actual JSON Value"
2023-01-22 22:11:51.302 &amp#27;[32m INFO&amp#27;[m &amp#27;[35m[@503 - main]&amp#27;[m &amp#27;[36mcom.shaft.tools.io.ReportManager&amp#27;[m : Successfully created attachment "SHAFT Engine Logs - Current Method log: Update_Policy_With_Missing_Keys_TC"
]]></system-out>
  </testcase>
  <testcase name="Update_Policy_With_Missing_Keys_TC[[Ljava.lang.Object;@af88f30](6)" classname="SteeringCompanyAPI_TestCases.Test_Policies_Cases" time="2.414">
    <system-out><![CDATA[2023-01-22 22:11:51.306 &amp#27;[32m INFO&amp#27;[m &amp#27;[35m[@534 - main]&amp#27;[m &amp#27;[36mcom.shaft.tools.io.ReportManager&amp#27;[m : 
################################################################################################################################################
Starting Execution:	"292 out of 83" test cases in the current suite
Test Method:		"SteeringCompanyAPI_TestCases.Test_Policies_Cases.Update_Policy_With_Missing_Keys_TC"
Test Description:	"TC051 -Policy- Perform Update Policy with Missing Keys"
################################################################################################################################################
2023-01-22 22:11:51.307 &amp#27;[32m INFO&amp#27;[m &amp#27;[35m[@503 - main]&amp#27;[m &amp#27;[36mcom.shaft.tools.io.ReportManager&amp#27;[m : File Action "DoesFileExist" successfully performed. With the following test data "File Path: "SteeringCompanyAPI_TestData/SteeringCompanyAPI_TestData.xlsx"".
2023-01-22 22:11:51.328 &amp#27;[32m INFO&amp#27;[m &amp#27;[35m[@503 - main]&amp#27;[m &amp#27;[36mcom.shaft.tools.io.ReportManager&amp#27;[m : Successfully created attachment "Test Data - Excel"
2023-01-22 22:11:52.282 &amp#27;[32m INFO&amp#27;[m &amp#27;[35m[@503 - main]&amp#27;[m &amp#27;[36mcom.shaft.tools.io.ReportManager&amp#27;[m : Response status code: "200", status line: "HTTP/1.1 200 OK"
2023-01-22 22:11:52.299 &amp#27;[32m INFO&amp#27;[m &amp#27;[35m[@503 - main]&amp#27;[m &amp#27;[36mcom.shaft.tools.io.ReportManager&amp#27;[m : Successfully created attachment "API Request - Specifications"
2023-01-22 22:11:52.339 &amp#27;[32m INFO&amp#27;[m &amp#27;[35m[@503 - main]&amp#27;[m &amp#27;[36mcom.shaft.tools.io.ReportManager&amp#27;[m : Successfully created attachment "API Request - Body"
2023-01-22 22:11:52.341 &amp#27;[32m INFO&amp#27;[m &amp#27;[35m[@503 - main]&amp#27;[m &amp#27;[36mcom.shaft.tools.io.ReportManager&amp#27;[m : Successfully created attachment "API Response - JSON Body"
2023-01-22 22:11:52.348 &amp#27;[32m INFO&amp#27;[m &amp#27;[35m[@503 - main]&amp#27;[m &amp#27;[36mcom.shaft.tools.io.ReportManager&amp#27;[m : File Action "DoesFileExist" successfully performed. With the following test data "File Path: "SteeringCompanyAPI_TestData/SteeringCompanyAPI_TestData.xlsx"".
2023-01-22 22:11:52.374 &amp#27;[32m INFO&amp#27;[m &amp#27;[35m[@503 - main]&amp#27;[m &amp#27;[36mcom.shaft.tools.io.ReportManager&amp#27;[m : Successfully created attachment "Test Data - Excel"
2023-01-22 22:11:52.374 &amp#27;[32m INFO&amp#27;[m &amp#27;[35m[@503 - main]&amp#27;[m &amp#27;[36mcom.shaft.tools.io.ReportManager&amp#27;[m : File Action "DoesFileExist" successfully performed. With the following test data "File Path: "SteeringCompanyAPI_TestData/SteeringCompanyAPI_TestData.xlsx"".
2023-01-22 22:11:52.400 &amp#27;[32m INFO&amp#27;[m &amp#27;[35m[@503 - main]&amp#27;[m &amp#27;[36mcom.shaft.tools.io.ReportManager&amp#27;[m : Successfully created attachment "Test Data - Excel"
2023-01-22 22:11:52.400 &amp#27;[32m INFO&amp#27;[m &amp#27;[35m[@503 - main]&amp#27;[m &amp#27;[36mcom.shaft.tools.io.ReportManager&amp#27;[m : File Action "DoesFileExist" successfully performed. With the following test data "File Path: "SteeringCompanyAPI_TestData/SteeringCompanyAPI_TestData.xlsx"".
2023-01-22 22:11:52.423 &amp#27;[32m INFO&amp#27;[m &amp#27;[35m[@503 - main]&amp#27;[m &amp#27;[36mcom.shaft.tools.io.ReportManager&amp#27;[m : Successfully created attachment "Test Data - Excel"
2023-01-22 22:11:53.657 &amp#27;[32m INFO&amp#27;[m &amp#27;[35m[@503 - main]&amp#27;[m &amp#27;[36mcom.shaft.tools.io.ReportManager&amp#27;[m : Response status code: "422", status line: "HTTP/1.1 422 "
2023-01-22 22:11:53.667 &amp#27;[32m INFO&amp#27;[m &amp#27;[35m[@503 - main]&amp#27;[m &amp#27;[36mcom.shaft.tools.io.ReportManager&amp#27;[m : Successfully created attachment "API Request - Specifications"
2023-01-22 22:11:53.669 &amp#27;[32m INFO&amp#27;[m &amp#27;[35m[@503 - main]&amp#27;[m &amp#27;[36mcom.shaft.tools.io.ReportManager&amp#27;[m : Successfully created attachment "API Request - JSON Body"
2023-01-22 22:11:53.670 &amp#27;[32m INFO&amp#27;[m &amp#27;[35m[@503 - main]&amp#27;[m &amp#27;[36mcom.shaft.tools.io.ReportManager&amp#27;[m : Successfully created attachment "API Response - JSON Body"
2023-01-22 22:11:53.671 &amp#27;[32m INFO&amp#27;[m &amp#27;[35m[@503 - main]&amp#27;[m &amp#27;[36mcom.shaft.tools.io.ReportManager&amp#27;[m : File Action "DoesFileExist" successfully performed. With the following test data "File Path: "Schemas/ValidationError_schema.json"".
2023-01-22 22:11:53.671 &amp#27;[32m INFO&amp#27;[m &amp#27;[35m[@503 - main]&amp#27;[m &amp#27;[36mcom.shaft.tools.io.ReportManager&amp#27;[m : File Action "DoesFileExist" successfully performed. With the following test data "File Path: "src/test/resources/testDataFiles/Schemas/ValidationError_schema.json"".
2023-01-22 22:11:53.671 &amp#27;[32m INFO&amp#27;[m &amp#27;[35m[@503 - main]&amp#27;[m &amp#27;[36mcom.shaft.tools.io.ReportManager&amp#27;[m : File Action "GetAbsolutePath" successfully performed. With the following test data "Relative Folder Path: "src/test/resources/testDataFiles/Schemas/ValidationError_schema.json"".
2023-01-22 22:11:53.675 &amp#27;[32m INFO&amp#27;[m &amp#27;[35m[@503 - main]&amp#27;[m &amp#27;[36mcom.shaft.tools.io.ReportManager&amp#27;[m : File Action "DoesFileExist" successfully performed. With the following test data "File Path: "C:\eclipse-workspace\MyProjects\TASystemsAPIs\src\test\resources\testDataFiles\Schemas\ValidationError_schema.json"".
2023-01-22 22:11:53.675 &amp#27;[32m INFO&amp#27;[m &amp#27;[35m[@503 - main]&amp#27;[m &amp#27;[36mcom.shaft.tools.io.ReportManager&amp#27;[m : File Action "GetAbsolutePath" successfully performed. With the following test data "Relative Folder Path: "C:\eclipse-workspace\MyProjects\TASystemsAPIs\src\test\resources\testDataFiles\Schemas\ValidationError_schema.json"".
2023-01-22 22:11:53.675 &amp#27;[32m INFO&amp#27;[m &amp#27;[35m[@503 - main]&amp#27;[m &amp#27;[36mcom.shaft.tools.io.ReportManager&amp#27;[m : File Action "ReadFile" successfully performed. With the following test data "File Path: "C:\eclipse-workspace\MyProjects\TASystemsAPIs\src\test\resources\testDataFiles\Schemas\ValidationError_schema.json"".
2023-01-22 22:11:53.677 &amp#27;[32m INFO&amp#27;[m &amp#27;[35m[@503 - main]&amp#27;[m &amp#27;[36mcom.shaft.tools.io.ReportManager&amp#27;[m : Successfully created attachment "Validation Test Data - Expected JSON Value"
2023-01-22 22:11:53.717 &amp#27;[32m INFO&amp#27;[m &amp#27;[35m[@503 - main]&amp#27;[m &amp#27;[36mcom.shaft.tools.io.ReportManager&amp#27;[m : Successfully created attachment "Validation Test Data - Actual JSON Value"
2023-01-22 22:11:53.718 &amp#27;[32m INFO&amp#27;[m &amp#27;[35m[@503 - main]&amp#27;[m &amp#27;[36mcom.shaft.tools.io.ReportManager&amp#27;[m : Successfully created attachment "SHAFT Engine Logs - Current Method log: Update_Policy_With_Missing_Keys_TC"
]]></system-out>
  </testcase>
  <testcase name="Update_Policy_With_Missing_Keys_TC[[Ljava.lang.Object;@5e0ed4fe](7)" classname="SteeringCompanyAPI_TestCases.Test_Policies_Cases" time="7.966">
    <system-out><![CDATA[2023-01-22 22:11:53.720 &amp#27;[32m INFO&amp#27;[m &amp#27;[35m[@534 - main]&amp#27;[m &amp#27;[36mcom.shaft.tools.io.ReportManager&amp#27;[m : 
################################################################################################################################################
Starting Execution:	"293 out of 83" test cases in the current suite
Test Method:		"SteeringCompanyAPI_TestCases.Test_Policies_Cases.Update_Policy_With_Missing_Keys_TC"
Test Description:	"TC051 -Policy- Perform Update Policy with Missing Keys"
################################################################################################################################################
2023-01-22 22:11:53.721 &amp#27;[32m INFO&amp#27;[m &amp#27;[35m[@503 - main]&amp#27;[m &amp#27;[36mcom.shaft.tools.io.ReportManager&amp#27;[m : File Action "DoesFileExist" successfully performed. With the following test data "File Path: "SteeringCompanyAPI_TestData/SteeringCompanyAPI_TestData.xlsx"".
2023-01-22 22:11:53.741 &amp#27;[32m INFO&amp#27;[m &amp#27;[35m[@503 - main]&amp#27;[m &amp#27;[36mcom.shaft.tools.io.ReportManager&amp#27;[m : Successfully created attachment "Test Data - Excel"
2023-01-22 22:11:59.113 &amp#27;[32m INFO&amp#27;[m &amp#27;[35m[@503 - main]&amp#27;[m &amp#27;[36mcom.shaft.tools.io.ReportManager&amp#27;[m : Response status code: "200", status line: "HTTP/1.1 200 OK"
2023-01-22 22:11:59.206 &amp#27;[32m INFO&amp#27;[m &amp#27;[35m[@503 - main]&amp#27;[m &amp#27;[36mcom.shaft.tools.io.ReportManager&amp#27;[m : Successfully created attachment "API Request - Specifications"
2023-01-22 22:11:59.207 &amp#27;[32m INFO&amp#27;[m &amp#27;[35m[@503 - main]&amp#27;[m &amp#27;[36mcom.shaft.tools.io.ReportManager&amp#27;[m : Successfully created attachment "API Request - Body"
2023-01-22 22:11:59.208 &amp#27;[32m INFO&amp#27;[m &amp#27;[35m[@503 - main]&amp#27;[m &amp#27;[36mcom.shaft.tools.io.ReportManager&amp#27;[m : Successfully created attachment "API Response - JSON Body"
2023-01-22 22:11:59.215 &amp#27;[32m INFO&amp#27;[m &amp#27;[35m[@503 - main]&amp#27;[m &amp#27;[36mcom.shaft.tools.io.ReportManager&amp#27;[m : File Action "DoesFileExist" successfully performed. With the following test data "File Path: "SteeringCompanyAPI_TestData/SteeringCompanyAPI_TestData.xlsx"".
2023-01-22 22:11:59.235 &amp#27;[32m INFO&amp#27;[m &amp#27;[35m[@503 - main]&amp#27;[m &amp#27;[36mcom.shaft.tools.io.ReportManager&amp#27;[m : Successfully created attachment "Test Data - Excel"
2023-01-22 22:11:59.235 &amp#27;[32m INFO&amp#27;[m &amp#27;[35m[@503 - main]&amp#27;[m &amp#27;[36mcom.shaft.tools.io.ReportManager&amp#27;[m : File Action "DoesFileExist" successfully performed. With the following test data "File Path: "SteeringCompanyAPI_TestData/SteeringCompanyAPI_TestData.xlsx"".
2023-01-22 22:11:59.294 &amp#27;[32m INFO&amp#27;[m &amp#27;[35m[@503 - main]&amp#27;[m &amp#27;[36mcom.shaft.tools.io.ReportManager&amp#27;[m : Successfully created attachment "Test Data - Excel"
2023-01-22 22:11:59.294 &amp#27;[32m INFO&amp#27;[m &amp#27;[35m[@503 - main]&amp#27;[m &amp#27;[36mcom.shaft.tools.io.ReportManager&amp#27;[m : File Action "DoesFileExist" successfully performed. With the following test data "File Path: "SteeringCompanyAPI_TestData/SteeringCompanyAPI_TestData.xlsx"".
2023-01-22 22:11:59.330 &amp#27;[32m INFO&amp#27;[m &amp#27;[35m[@503 - main]&amp#27;[m &amp#27;[36mcom.shaft.tools.io.ReportManager&amp#27;[m : Successfully created attachment "Test Data - Excel"
2023-01-22 22:12:01.649 &amp#27;[32m INFO&amp#27;[m &amp#27;[35m[@503 - main]&amp#27;[m &amp#27;[36mcom.shaft.tools.io.ReportManager&amp#27;[m : Response status code: "422", status line: "HTTP/1.1 422 "
2023-01-22 22:12:01.658 &amp#27;[32m INFO&amp#27;[m &amp#27;[35m[@503 - main]&amp#27;[m &amp#27;[36mcom.shaft.tools.io.ReportManager&amp#27;[m : Successfully created attachment "API Request - Specifications"
2023-01-22 22:12:01.672 &amp#27;[32m INFO&amp#27;[m &amp#27;[35m[@503 - main]&amp#27;[m &amp#27;[36mcom.shaft.tools.io.ReportManager&amp#27;[m : Successfully created attachment "API Request - JSON Body"
2023-01-22 22:12:01.674 &amp#27;[32m INFO&amp#27;[m &amp#27;[35m[@503 - main]&amp#27;[m &amp#27;[36mcom.shaft.tools.io.ReportManager&amp#27;[m : Successfully created attachment "API Response - JSON Body"
2023-01-22 22:12:01.674 &amp#27;[32m INFO&amp#27;[m &amp#27;[35m[@503 - main]&amp#27;[m &amp#27;[36mcom.shaft.tools.io.ReportManager&amp#27;[m : File Action "DoesFileExist" successfully performed. With the following test data "File Path: "Schemas/ValidationError_schema.json"".
2023-01-22 22:12:01.674 &amp#27;[32m INFO&amp#27;[m &amp#27;[35m[@503 - main]&amp#27;[m &amp#27;[36mcom.shaft.tools.io.ReportManager&amp#27;[m : File Action "DoesFileExist" successfully performed. With the following test data "File Path: "src/test/resources/testDataFiles/Schemas/ValidationError_schema.json"".
2023-01-22 22:12:01.674 &amp#27;[32m INFO&amp#27;[m &amp#27;[35m[@503 - main]&amp#27;[m &amp#27;[36mcom.shaft.tools.io.ReportManager&amp#27;[m : File Action "GetAbsolutePath" successfully performed. With the following test data "Relative Folder Path: "src/test/resources/testDataFiles/Schemas/ValidationError_schema.json"".
2023-01-22 22:12:01.677 &amp#27;[32m INFO&amp#27;[m &amp#27;[35m[@503 - main]&amp#27;[m &amp#27;[36mcom.shaft.tools.io.ReportManager&amp#27;[m : File Action "DoesFileExist" successfully performed. With the following test data "File Path: "C:\eclipse-workspace\MyProjects\TASystemsAPIs\src\test\resources\testDataFiles\Schemas\ValidationError_schema.json"".
2023-01-22 22:12:01.677 &amp#27;[32m INFO&amp#27;[m &amp#27;[35m[@503 - main]&amp#27;[m &amp#27;[36mcom.shaft.tools.io.ReportManager&amp#27;[m : File Action "GetAbsolutePath" successfully performed. With the following test data "Relative Folder Path: "C:\eclipse-workspace\MyProjects\TASystemsAPIs\src\test\resources\testDataFiles\Schemas\ValidationError_schema.json"".
2023-01-22 22:12:01.677 &amp#27;[32m INFO&amp#27;[m &amp#27;[35m[@503 - main]&amp#27;[m &amp#27;[36mcom.shaft.tools.io.ReportManager&amp#27;[m : File Action "ReadFile" successfully performed. With the following test data "File Path: "C:\eclipse-workspace\MyProjects\TASystemsAPIs\src\test\resources\testDataFiles\Schemas\ValidationError_schema.json"".
2023-01-22 22:12:01.679 &amp#27;[32m INFO&amp#27;[m &amp#27;[35m[@503 - main]&amp#27;[m &amp#27;[36mcom.shaft.tools.io.ReportManager&amp#27;[m : Successfully created attachment "Validation Test Data - Expected JSON Value"
2023-01-22 22:12:01.681 &amp#27;[32m INFO&amp#27;[m &amp#27;[35m[@503 - main]&amp#27;[m &amp#27;[36mcom.shaft.tools.io.ReportManager&amp#27;[m : Successfully created attachment "Validation Test Data - Actual JSON Value"
2023-01-22 22:12:01.682 &amp#27;[32m INFO&amp#27;[m &amp#27;[35m[@503 - main]&amp#27;[m &amp#27;[36mcom.shaft.tools.io.ReportManager&amp#27;[m : Successfully created attachment "SHAFT Engine Logs - Current Method log: Update_Policy_With_Missing_Keys_TC"
]]></system-out>
  </testcase>
  <testcase name="Update_Policy_With_Missing_Keys_TC[[Ljava.lang.Object;@69ff6d8d](8)" classname="SteeringCompanyAPI_TestCases.Test_Policies_Cases" time="4.751">
    <system-out><![CDATA[2023-01-22 22:12:01.686 &amp#27;[32m INFO&amp#27;[m &amp#27;[35m[@534 - main]&amp#27;[m &amp#27;[36mcom.shaft.tools.io.ReportManager&amp#27;[m : 
################################################################################################################################################
Starting Execution:	"294 out of 83" test cases in the current suite
Test Method:		"SteeringCompanyAPI_TestCases.Test_Policies_Cases.Update_Policy_With_Missing_Keys_TC"
Test Description:	"TC051 -Policy- Perform Update Policy with Missing Keys"
################################################################################################################################################
2023-01-22 22:12:01.686 &amp#27;[32m INFO&amp#27;[m &amp#27;[35m[@503 - main]&amp#27;[m &amp#27;[36mcom.shaft.tools.io.ReportManager&amp#27;[m : File Action "DoesFileExist" successfully performed. With the following test data "File Path: "SteeringCompanyAPI_TestData/SteeringCompanyAPI_TestData.xlsx"".
2023-01-22 22:12:01.709 &amp#27;[32m INFO&amp#27;[m &amp#27;[35m[@503 - main]&amp#27;[m &amp#27;[36mcom.shaft.tools.io.ReportManager&amp#27;[m : Successfully created attachment "Test Data - Excel"
2023-01-22 22:12:03.093 &amp#27;[32m INFO&amp#27;[m &amp#27;[35m[@503 - main]&amp#27;[m &amp#27;[36mcom.shaft.tools.io.ReportManager&amp#27;[m : Response status code: "200", status line: "HTTP/1.1 200 OK"
2023-01-22 22:12:03.137 &amp#27;[32m INFO&amp#27;[m &amp#27;[35m[@503 - main]&amp#27;[m &amp#27;[36mcom.shaft.tools.io.ReportManager&amp#27;[m : Successfully created attachment "API Request - Specifications"
2023-01-22 22:12:03.138 &amp#27;[32m INFO&amp#27;[m &amp#27;[35m[@503 - main]&amp#27;[m &amp#27;[36mcom.shaft.tools.io.ReportManager&amp#27;[m : Successfully created attachment "API Request - Body"
2023-01-22 22:12:03.140 &amp#27;[32m INFO&amp#27;[m &amp#27;[35m[@503 - main]&amp#27;[m &amp#27;[36mcom.shaft.tools.io.ReportManager&amp#27;[m : Successfully created attachment "API Response - JSON Body"
2023-01-22 22:12:03.148 &amp#27;[32m INFO&amp#27;[m &amp#27;[35m[@503 - main]&amp#27;[m &amp#27;[36mcom.shaft.tools.io.ReportManager&amp#27;[m : File Action "DoesFileExist" successfully performed. With the following test data "File Path: "SteeringCompanyAPI_TestData/SteeringCompanyAPI_TestData.xlsx"".
2023-01-22 22:12:03.178 &amp#27;[32m INFO&amp#27;[m &amp#27;[35m[@503 - main]&amp#27;[m &amp#27;[36mcom.shaft.tools.io.ReportManager&amp#27;[m : Successfully created attachment "Test Data - Excel"
2023-01-22 22:12:03.178 &amp#27;[32m INFO&amp#27;[m &amp#27;[35m[@503 - main]&amp#27;[m &amp#27;[36mcom.shaft.tools.io.ReportManager&amp#27;[m : File Action "DoesFileExist" successfully performed. With the following test data "File Path: "SteeringCompanyAPI_TestData/SteeringCompanyAPI_TestData.xlsx"".
2023-01-22 22:12:03.202 &amp#27;[32m INFO&amp#27;[m &amp#27;[35m[@503 - main]&amp#27;[m &amp#27;[36mcom.shaft.tools.io.ReportManager&amp#27;[m : Successfully created attachment "Test Data - Excel"
2023-01-22 22:12:03.202 &amp#27;[32m INFO&amp#27;[m &amp#27;[35m[@503 - main]&amp#27;[m &amp#27;[36mcom.shaft.tools.io.ReportManager&amp#27;[m : File Action "DoesFileExist" successfully performed. With the following test data "File Path: "SteeringCompanyAPI_TestData/SteeringCompanyAPI_TestData.xlsx"".
2023-01-22 22:12:03.222 &amp#27;[32m INFO&amp#27;[m &amp#27;[35m[@503 - main]&amp#27;[m &amp#27;[36mcom.shaft.tools.io.ReportManager&amp#27;[m : Successfully created attachment "Test Data - Excel"
2023-01-22 22:12:06.377 &amp#27;[32m INFO&amp#27;[m &amp#27;[35m[@503 - main]&amp#27;[m &amp#27;[36mcom.shaft.tools.io.ReportManager&amp#27;[m : Response status code: "422", status line: "HTTP/1.1 422 "
2023-01-22 22:12:06.425 &amp#27;[32m INFO&amp#27;[m &amp#27;[35m[@503 - main]&amp#27;[m &amp#27;[36mcom.shaft.tools.io.ReportManager&amp#27;[m : Successfully created attachment "API Request - Specifications"
2023-01-22 22:12:06.425 &amp#27;[32m INFO&amp#27;[m &amp#27;[35m[@503 - main]&amp#27;[m &amp#27;[36mcom.shaft.tools.io.ReportManager&amp#27;[m : Successfully created attachment "API Request - JSON Body"
2023-01-22 22:12:06.426 &amp#27;[32m INFO&amp#27;[m &amp#27;[35m[@503 - main]&amp#27;[m &amp#27;[36mcom.shaft.tools.io.ReportManager&amp#27;[m : Successfully created attachment "API Response - JSON Body"
2023-01-22 22:12:06.426 &amp#27;[32m INFO&amp#27;[m &amp#27;[35m[@503 - main]&amp#27;[m &amp#27;[36mcom.shaft.tools.io.ReportManager&amp#27;[m : File Action "DoesFileExist" successfully performed. With the following test data "File Path: "Schemas/ValidationError_schema.json"".
2023-01-22 22:12:06.426 &amp#27;[32m INFO&amp#27;[m &amp#27;[35m[@503 - main]&amp#27;[m &amp#27;[36mcom.shaft.tools.io.ReportManager&amp#27;[m : File Action "DoesFileExist" successfully performed. With the following test data "File Path: "src/test/resources/testDataFiles/Schemas/ValidationError_schema.json"".
2023-01-22 22:12:06.427 &amp#27;[32m INFO&amp#27;[m &amp#27;[35m[@503 - main]&amp#27;[m &amp#27;[36mcom.shaft.tools.io.ReportManager&amp#27;[m : File Action "GetAbsolutePath" successfully performed. With the following test data "Relative Folder Path: "src/test/resources/testDataFiles/Schemas/ValidationError_schema.json"".
2023-01-22 22:12:06.428 &amp#27;[32m INFO&amp#27;[m &amp#27;[35m[@503 - main]&amp#27;[m &amp#27;[36mcom.shaft.tools.io.ReportManager&amp#27;[m : File Action "DoesFileExist" successfully performed. With the following test data "File Path: "C:\eclipse-workspace\MyProjects\TASystemsAPIs\src\test\resources\testDataFiles\Schemas\ValidationError_schema.json"".
2023-01-22 22:12:06.429 &amp#27;[32m INFO&amp#27;[m &amp#27;[35m[@503 - main]&amp#27;[m &amp#27;[36mcom.shaft.tools.io.ReportManager&amp#27;[m : File Action "GetAbsolutePath" successfully performed. With the following test data "Relative Folder Path: "C:\eclipse-workspace\MyProjects\TASystemsAPIs\src\test\resources\testDataFiles\Schemas\ValidationError_schema.json"".
2023-01-22 22:12:06.429 &amp#27;[32m INFO&amp#27;[m &amp#27;[35m[@503 - main]&amp#27;[m &amp#27;[36mcom.shaft.tools.io.ReportManager&amp#27;[m : File Action "ReadFile" successfully performed. With the following test data "File Path: "C:\eclipse-workspace\MyProjects\TASystemsAPIs\src\test\resources\testDataFiles\Schemas\ValidationError_schema.json"".
2023-01-22 22:12:06.431 &amp#27;[32m INFO&amp#27;[m &amp#27;[35m[@503 - main]&amp#27;[m &amp#27;[36mcom.shaft.tools.io.ReportManager&amp#27;[m : Successfully created attachment "Validation Test Data - Expected JSON Value"
2023-01-22 22:12:06.433 &amp#27;[32m INFO&amp#27;[m &amp#27;[35m[@503 - main]&amp#27;[m &amp#27;[36mcom.shaft.tools.io.ReportManager&amp#27;[m : Successfully created attachment "Validation Test Data - Actual JSON Value"
2023-01-22 22:12:06.434 &amp#27;[32m INFO&amp#27;[m &amp#27;[35m[@503 - main]&amp#27;[m &amp#27;[36mcom.shaft.tools.io.ReportManager&amp#27;[m : Successfully created attachment "SHAFT Engine Logs - Current Method log: Update_Policy_With_Missing_Keys_TC"
]]></system-out>
  </testcase>
  <testcase name="Update_Policy_With_Missing_Keys_TC[[Ljava.lang.Object;@db1cbc2](9)" classname="SteeringCompanyAPI_TestCases.Test_Policies_Cases" time="6.715">
    <system-out><![CDATA[2023-01-22 22:12:06.437 &amp#27;[32m INFO&amp#27;[m &amp#27;[35m[@534 - main]&amp#27;[m &amp#27;[36mcom.shaft.tools.io.ReportManager&amp#27;[m : 
################################################################################################################################################
Starting Execution:	"295 out of 83" test cases in the current suite
Test Method:		"SteeringCompanyAPI_TestCases.Test_Policies_Cases.Update_Policy_With_Missing_Keys_TC"
Test Description:	"TC051 -Policy- Perform Update Policy with Missing Keys"
################################################################################################################################################
2023-01-22 22:12:06.438 &amp#27;[32m INFO&amp#27;[m &amp#27;[35m[@503 - main]&amp#27;[m &amp#27;[36mcom.shaft.tools.io.ReportManager&amp#27;[m : File Action "DoesFileExist" successfully performed. With the following test data "File Path: "SteeringCompanyAPI_TestData/SteeringCompanyAPI_TestData.xlsx"".
2023-01-22 22:12:06.464 &amp#27;[32m INFO&amp#27;[m &amp#27;[35m[@503 - main]&amp#27;[m &amp#27;[36mcom.shaft.tools.io.ReportManager&amp#27;[m : Successfully created attachment "Test Data - Excel"
2023-01-22 22:12:09.760 &amp#27;[32m INFO&amp#27;[m &amp#27;[35m[@503 - main]&amp#27;[m &amp#27;[36mcom.shaft.tools.io.ReportManager&amp#27;[m : Response status code: "200", status line: "HTTP/1.1 200 OK"
2023-01-22 22:12:09.770 &amp#27;[32m INFO&amp#27;[m &amp#27;[35m[@503 - main]&amp#27;[m &amp#27;[36mcom.shaft.tools.io.ReportManager&amp#27;[m : Successfully created attachment "API Request - Specifications"
2023-01-22 22:12:09.770 &amp#27;[32m INFO&amp#27;[m &amp#27;[35m[@503 - main]&amp#27;[m &amp#27;[36mcom.shaft.tools.io.ReportManager&amp#27;[m : Successfully created attachment "API Request - Body"
2023-01-22 22:12:09.772 &amp#27;[32m INFO&amp#27;[m &amp#27;[35m[@503 - main]&amp#27;[m &amp#27;[36mcom.shaft.tools.io.ReportManager&amp#27;[m : Successfully created attachment "API Response - JSON Body"
2023-01-22 22:12:09.778 &amp#27;[32m INFO&amp#27;[m &amp#27;[35m[@503 - main]&amp#27;[m &amp#27;[36mcom.shaft.tools.io.ReportManager&amp#27;[m : File Action "DoesFileExist" successfully performed. With the following test data "File Path: "SteeringCompanyAPI_TestData/SteeringCompanyAPI_TestData.xlsx"".
2023-01-22 22:12:09.797 &amp#27;[32m INFO&amp#27;[m &amp#27;[35m[@503 - main]&amp#27;[m &amp#27;[36mcom.shaft.tools.io.ReportManager&amp#27;[m : Successfully created attachment "Test Data - Excel"
2023-01-22 22:12:09.798 &amp#27;[32m INFO&amp#27;[m &amp#27;[35m[@503 - main]&amp#27;[m &amp#27;[36mcom.shaft.tools.io.ReportManager&amp#27;[m : File Action "DoesFileExist" successfully performed. With the following test data "File Path: "SteeringCompanyAPI_TestData/SteeringCompanyAPI_TestData.xlsx"".
2023-01-22 22:12:09.852 &amp#27;[32m INFO&amp#27;[m &amp#27;[35m[@503 - main]&amp#27;[m &amp#27;[36mcom.shaft.tools.io.ReportManager&amp#27;[m : Successfully created attachment "Test Data - Excel"
2023-01-22 22:12:09.852 &amp#27;[32m INFO&amp#27;[m &amp#27;[35m[@503 - main]&amp#27;[m &amp#27;[36mcom.shaft.tools.io.ReportManager&amp#27;[m : File Action "DoesFileExist" successfully performed. With the following test data "File Path: "SteeringCompanyAPI_TestData/SteeringCompanyAPI_TestData.xlsx"".
2023-01-22 22:12:09.884 &amp#27;[32m INFO&amp#27;[m &amp#27;[35m[@503 - main]&amp#27;[m &amp#27;[36mcom.shaft.tools.io.ReportManager&amp#27;[m : Successfully created attachment "Test Data - Excel"
2023-01-22 22:12:13.090 &amp#27;[32m INFO&amp#27;[m &amp#27;[35m[@503 - main]&amp#27;[m &amp#27;[36mcom.shaft.tools.io.ReportManager&amp#27;[m : Response status code: "422", status line: "HTTP/1.1 422 "
2023-01-22 22:12:13.104 &amp#27;[32m INFO&amp#27;[m &amp#27;[35m[@503 - main]&amp#27;[m &amp#27;[36mcom.shaft.tools.io.ReportManager&amp#27;[m : Successfully created attachment "API Request - Specifications"
2023-01-22 22:12:13.141 &amp#27;[32m INFO&amp#27;[m &amp#27;[35m[@503 - main]&amp#27;[m &amp#27;[36mcom.shaft.tools.io.ReportManager&amp#27;[m : Successfully created attachment "API Request - JSON Body"
2023-01-22 22:12:13.142 &amp#27;[32m INFO&amp#27;[m &amp#27;[35m[@503 - main]&amp#27;[m &amp#27;[36mcom.shaft.tools.io.ReportManager&amp#27;[m : Successfully created attachment "API Response - JSON Body"
2023-01-22 22:12:13.143 &amp#27;[32m INFO&amp#27;[m &amp#27;[35m[@503 - main]&amp#27;[m &amp#27;[36mcom.shaft.tools.io.ReportManager&amp#27;[m : File Action "DoesFileExist" successfully performed. With the following test data "File Path: "Schemas/ValidationError_schema.json"".
2023-01-22 22:12:13.143 &amp#27;[32m INFO&amp#27;[m &amp#27;[35m[@503 - main]&amp#27;[m &amp#27;[36mcom.shaft.tools.io.ReportManager&amp#27;[m : File Action "DoesFileExist" successfully performed. With the following test data "File Path: "src/test/resources/testDataFiles/Schemas/ValidationError_schema.json"".
2023-01-22 22:12:13.143 &amp#27;[32m INFO&amp#27;[m &amp#27;[35m[@503 - main]&amp#27;[m &amp#27;[36mcom.shaft.tools.io.ReportManager&amp#27;[m : File Action "GetAbsolutePath" successfully performed. With the following test data "Relative Folder Path: "src/test/resources/testDataFiles/Schemas/ValidationError_schema.json"".
2023-01-22 22:12:13.145 &amp#27;[32m INFO&amp#27;[m &amp#27;[35m[@503 - main]&amp#27;[m &amp#27;[36mcom.shaft.tools.io.ReportManager&amp#27;[m : File Action "DoesFileExist" successfully performed. With the following test data "File Path: "C:\eclipse-workspace\MyProjects\TASystemsAPIs\src\test\resources\testDataFiles\Schemas\ValidationError_schema.json"".
2023-01-22 22:12:13.145 &amp#27;[32m INFO&amp#27;[m &amp#27;[35m[@503 - main]&amp#27;[m &amp#27;[36mcom.shaft.tools.io.ReportManager&amp#27;[m : File Action "GetAbsolutePath" successfully performed. With the following test data "Relative Folder Path: "C:\eclipse-workspace\MyProjects\TASystemsAPIs\src\test\resources\testDataFiles\Schemas\ValidationError_schema.json"".
2023-01-22 22:12:13.145 &amp#27;[32m INFO&amp#27;[m &amp#27;[35m[@503 - main]&amp#27;[m &amp#27;[36mcom.shaft.tools.io.ReportManager&amp#27;[m : File Action "ReadFile" successfully performed. With the following test data "File Path: "C:\eclipse-workspace\MyProjects\TASystemsAPIs\src\test\resources\testDataFiles\Schemas\ValidationError_schema.json"".
2023-01-22 22:12:13.146 &amp#27;[32m INFO&amp#27;[m &amp#27;[35m[@503 - main]&amp#27;[m &amp#27;[36mcom.shaft.tools.io.ReportManager&amp#27;[m : Successfully created attachment "Validation Test Data - Expected JSON Value"
2023-01-22 22:12:13.147 &amp#27;[32m INFO&amp#27;[m &amp#27;[35m[@503 - main]&amp#27;[m &amp#27;[36mcom.shaft.tools.io.ReportManager&amp#27;[m : Successfully created attachment "Validation Test Data - Actual JSON Value"
2023-01-22 22:12:13.148 &amp#27;[32m INFO&amp#27;[m &amp#27;[35m[@503 - main]&amp#27;[m &amp#27;[36mcom.shaft.tools.io.ReportManager&amp#27;[m : Successfully created attachment "SHAFT Engine Logs - Current Method log: Update_Policy_With_Missing_Keys_TC"
]]></system-out>
  </testcase>
  <testcase name="Update_Policy_With_Missing_Keys_TC[[Ljava.lang.Object;@38f796a5](10)" classname="SteeringCompanyAPI_TestCases.Test_Policies_Cases" time="5.868">
    <system-out><![CDATA[2023-01-22 22:12:13.154 &amp#27;[32m INFO&amp#27;[m &amp#27;[35m[@534 - main]&amp#27;[m &amp#27;[36mcom.shaft.tools.io.ReportManager&amp#27;[m : 
################################################################################################################################################
Starting Execution:	"296 out of 83" test cases in the current suite
Test Method:		"SteeringCompanyAPI_TestCases.Test_Policies_Cases.Update_Policy_With_Missing_Keys_TC"
Test Description:	"TC051 -Policy- Perform Update Policy with Missing Keys"
################################################################################################################################################
2023-01-22 22:12:13.155 &amp#27;[32m INFO&amp#27;[m &amp#27;[35m[@503 - main]&amp#27;[m &amp#27;[36mcom.shaft.tools.io.ReportManager&amp#27;[m : File Action "DoesFileExist" successfully performed. With the following test data "File Path: "SteeringCompanyAPI_TestData/SteeringCompanyAPI_TestData.xlsx"".
2023-01-22 22:12:13.190 &amp#27;[32m INFO&amp#27;[m &amp#27;[35m[@503 - main]&amp#27;[m &amp#27;[36mcom.shaft.tools.io.ReportManager&amp#27;[m : Successfully created attachment "Test Data - Excel"
2023-01-22 22:12:16.727 &amp#27;[32m INFO&amp#27;[m &amp#27;[35m[@503 - main]&amp#27;[m &amp#27;[36mcom.shaft.tools.io.ReportManager&amp#27;[m : Response status code: "200", status line: "HTTP/1.1 200 OK"
2023-01-22 22:12:16.737 &amp#27;[32m INFO&amp#27;[m &amp#27;[35m[@503 - main]&amp#27;[m &amp#27;[36mcom.shaft.tools.io.ReportManager&amp#27;[m : Successfully created attachment "API Request - Specifications"
2023-01-22 22:12:16.738 &amp#27;[32m INFO&amp#27;[m &amp#27;[35m[@503 - main]&amp#27;[m &amp#27;[36mcom.shaft.tools.io.ReportManager&amp#27;[m : Successfully created attachment "API Request - Body"
2023-01-22 22:12:16.740 &amp#27;[32m INFO&amp#27;[m &amp#27;[35m[@503 - main]&amp#27;[m &amp#27;[36mcom.shaft.tools.io.ReportManager&amp#27;[m : Successfully created attachment "API Response - JSON Body"
2023-01-22 22:12:16.749 &amp#27;[32m INFO&amp#27;[m &amp#27;[35m[@503 - main]&amp#27;[m &amp#27;[36mcom.shaft.tools.io.ReportManager&amp#27;[m : File Action "DoesFileExist" successfully performed. With the following test data "File Path: "SteeringCompanyAPI_TestData/SteeringCompanyAPI_TestData.xlsx"".
2023-01-22 22:12:16.770 &amp#27;[32m INFO&amp#27;[m &amp#27;[35m[@503 - main]&amp#27;[m &amp#27;[36mcom.shaft.tools.io.ReportManager&amp#27;[m : Successfully created attachment "Test Data - Excel"
2023-01-22 22:12:16.770 &amp#27;[32m INFO&amp#27;[m &amp#27;[35m[@503 - main]&amp#27;[m &amp#27;[36mcom.shaft.tools.io.ReportManager&amp#27;[m : File Action "DoesFileExist" successfully performed. With the following test data "File Path: "SteeringCompanyAPI_TestData/SteeringCompanyAPI_TestData.xlsx"".
2023-01-22 22:12:16.790 &amp#27;[32m INFO&amp#27;[m &amp#27;[35m[@503 - main]&amp#27;[m &amp#27;[36mcom.shaft.tools.io.ReportManager&amp#27;[m : Successfully created attachment "Test Data - Excel"
2023-01-22 22:12:16.790 &amp#27;[32m INFO&amp#27;[m &amp#27;[35m[@503 - main]&amp#27;[m &amp#27;[36mcom.shaft.tools.io.ReportManager&amp#27;[m : File Action "DoesFileExist" successfully performed. With the following test data "File Path: "SteeringCompanyAPI_TestData/SteeringCompanyAPI_TestData.xlsx"".
2023-01-22 22:12:16.809 &amp#27;[32m INFO&amp#27;[m &amp#27;[35m[@503 - main]&amp#27;[m &amp#27;[36mcom.shaft.tools.io.ReportManager&amp#27;[m : Successfully created attachment "Test Data - Excel"
2023-01-22 22:12:18.958 &amp#27;[32m INFO&amp#27;[m &amp#27;[35m[@503 - main]&amp#27;[m &amp#27;[36mcom.shaft.tools.io.ReportManager&amp#27;[m : Response status code: "422", status line: "HTTP/1.1 422 "
2023-01-22 22:12:18.970 &amp#27;[32m INFO&amp#27;[m &amp#27;[35m[@503 - main]&amp#27;[m &amp#27;[36mcom.shaft.tools.io.ReportManager&amp#27;[m : Successfully created attachment "API Request - Specifications"
2023-01-22 22:12:19.009 &amp#27;[32m INFO&amp#27;[m &amp#27;[35m[@503 - main]&amp#27;[m &amp#27;[36mcom.shaft.tools.io.ReportManager&amp#27;[m : Successfully created attachment "API Request - JSON Body"
2023-01-22 22:12:19.010 &amp#27;[32m INFO&amp#27;[m &amp#27;[35m[@503 - main]&amp#27;[m &amp#27;[36mcom.shaft.tools.io.ReportManager&amp#27;[m : Successfully created attachment "API Response - JSON Body"
2023-01-22 22:12:19.011 &amp#27;[32m INFO&amp#27;[m &amp#27;[35m[@503 - main]&amp#27;[m &amp#27;[36mcom.shaft.tools.io.ReportManager&amp#27;[m : File Action "DoesFileExist" successfully performed. With the following test data "File Path: "Schemas/ValidationError_schema.json"".
2023-01-22 22:12:19.011 &amp#27;[32m INFO&amp#27;[m &amp#27;[35m[@503 - main]&amp#27;[m &amp#27;[36mcom.shaft.tools.io.ReportManager&amp#27;[m : File Action "DoesFileExist" successfully performed. With the following test data "File Path: "src/test/resources/testDataFiles/Schemas/ValidationError_schema.json"".
2023-01-22 22:12:19.011 &amp#27;[32m INFO&amp#27;[m &amp#27;[35m[@503 - main]&amp#27;[m &amp#27;[36mcom.shaft.tools.io.ReportManager&amp#27;[m : File Action "GetAbsolutePath" successfully performed. With the following test data "Relative Folder Path: "src/test/resources/testDataFiles/Schemas/ValidationError_schema.json"".
2023-01-22 22:12:19.013 &amp#27;[32m INFO&amp#27;[m &amp#27;[35m[@503 - main]&amp#27;[m &amp#27;[36mcom.shaft.tools.io.ReportManager&amp#27;[m : File Action "DoesFileExist" successfully performed. With the following test data "File Path: "C:\eclipse-workspace\MyProjects\TASystemsAPIs\src\test\resources\testDataFiles\Schemas\ValidationError_schema.json"".
2023-01-22 22:12:19.013 &amp#27;[32m INFO&amp#27;[m &amp#27;[35m[@503 - main]&amp#27;[m &amp#27;[36mcom.shaft.tools.io.ReportManager&amp#27;[m : File Action "GetAbsolutePath" successfully performed. With the following test data "Relative Folder Path: "C:\eclipse-workspace\MyProjects\TASystemsAPIs\src\test\resources\testDataFiles\Schemas\ValidationError_schema.json"".
2023-01-22 22:12:19.013 &amp#27;[32m INFO&amp#27;[m &amp#27;[35m[@503 - main]&amp#27;[m &amp#27;[36mcom.shaft.tools.io.ReportManager&amp#27;[m : File Action "ReadFile" successfully performed. With the following test data "File Path: "C:\eclipse-workspace\MyProjects\TASystemsAPIs\src\test\resources\testDataFiles\Schemas\ValidationError_schema.json"".
2023-01-22 22:12:19.014 &amp#27;[32m INFO&amp#27;[m &amp#27;[35m[@503 - main]&amp#27;[m &amp#27;[36mcom.shaft.tools.io.ReportManager&amp#27;[m : Successfully created attachment "Validation Test Data - Expected JSON Value"
2023-01-22 22:12:19.015 &amp#27;[32m INFO&amp#27;[m &amp#27;[35m[@503 - main]&amp#27;[m &amp#27;[36mcom.shaft.tools.io.ReportManager&amp#27;[m : Successfully created attachment "Validation Test Data - Actual JSON Value"
2023-01-22 22:12:19.017 &amp#27;[32m INFO&amp#27;[m &amp#27;[35m[@503 - main]&amp#27;[m &amp#27;[36mcom.shaft.tools.io.ReportManager&amp#27;[m : Successfully created attachment "SHAFT Engine Logs - Current Method log: Update_Policy_With_Missing_Keys_TC"
]]></system-out>
  </testcase>
  <testcase name="Update_Policy_With_Missing_Keys_TC[[Ljava.lang.Object;@4e81010d](11)" classname="SteeringCompanyAPI_TestCases.Test_Policies_Cases" time="2.938">
    <system-out><![CDATA[2023-01-22 22:12:19.021 &amp#27;[32m INFO&amp#27;[m &amp#27;[35m[@534 - main]&amp#27;[m &amp#27;[36mcom.shaft.tools.io.ReportManager&amp#27;[m : 
################################################################################################################################################
Starting Execution:	"297 out of 83" test cases in the current suite
Test Method:		"SteeringCompanyAPI_TestCases.Test_Policies_Cases.Update_Policy_With_Missing_Keys_TC"
Test Description:	"TC051 -Policy- Perform Update Policy with Missing Keys"
################################################################################################################################################
2023-01-22 22:12:19.021 &amp#27;[32m INFO&amp#27;[m &amp#27;[35m[@503 - main]&amp#27;[m &amp#27;[36mcom.shaft.tools.io.ReportManager&amp#27;[m : File Action "DoesFileExist" successfully performed. With the following test data "File Path: "SteeringCompanyAPI_TestData/SteeringCompanyAPI_TestData.xlsx"".
2023-01-22 22:12:19.043 &amp#27;[32m INFO&amp#27;[m &amp#27;[35m[@503 - main]&amp#27;[m &amp#27;[36mcom.shaft.tools.io.ReportManager&amp#27;[m : Successfully created attachment "Test Data - Excel"
2023-01-22 22:12:20.528 &amp#27;[32m INFO&amp#27;[m &amp#27;[35m[@503 - main]&amp#27;[m &amp#27;[36mcom.shaft.tools.io.ReportManager&amp#27;[m : Response status code: "200", status line: "HTTP/1.1 200 OK"
2023-01-22 22:12:20.555 &amp#27;[32m INFO&amp#27;[m &amp#27;[35m[@503 - main]&amp#27;[m &amp#27;[36mcom.shaft.tools.io.ReportManager&amp#27;[m : Successfully created attachment "API Request - Specifications"
2023-01-22 22:12:20.557 &amp#27;[32m INFO&amp#27;[m &amp#27;[35m[@503 - main]&amp#27;[m &amp#27;[36mcom.shaft.tools.io.ReportManager&amp#27;[m : Successfully created attachment "API Request - Body"
2023-01-22 22:12:20.558 &amp#27;[32m INFO&amp#27;[m &amp#27;[35m[@503 - main]&amp#27;[m &amp#27;[36mcom.shaft.tools.io.ReportManager&amp#27;[m : Successfully created attachment "API Response - JSON Body"
2023-01-22 22:12:20.567 &amp#27;[32m INFO&amp#27;[m &amp#27;[35m[@503 - main]&amp#27;[m &amp#27;[36mcom.shaft.tools.io.ReportManager&amp#27;[m : File Action "DoesFileExist" successfully performed. With the following test data "File Path: "SteeringCompanyAPI_TestData/SteeringCompanyAPI_TestData.xlsx"".
2023-01-22 22:12:20.590 &amp#27;[32m INFO&amp#27;[m &amp#27;[35m[@503 - main]&amp#27;[m &amp#27;[36mcom.shaft.tools.io.ReportManager&amp#27;[m : Successfully created attachment "Test Data - Excel"
2023-01-22 22:12:20.590 &amp#27;[32m INFO&amp#27;[m &amp#27;[35m[@503 - main]&amp#27;[m &amp#27;[36mcom.shaft.tools.io.ReportManager&amp#27;[m : File Action "DoesFileExist" successfully performed. With the following test data "File Path: "SteeringCompanyAPI_TestData/SteeringCompanyAPI_TestData.xlsx"".
2023-01-22 22:12:20.613 &amp#27;[32m INFO&amp#27;[m &amp#27;[35m[@503 - main]&amp#27;[m &amp#27;[36mcom.shaft.tools.io.ReportManager&amp#27;[m : Successfully created attachment "Test Data - Excel"
2023-01-22 22:12:20.614 &amp#27;[32m INFO&amp#27;[m &amp#27;[35m[@503 - main]&amp#27;[m &amp#27;[36mcom.shaft.tools.io.ReportManager&amp#27;[m : File Action "DoesFileExist" successfully performed. With the following test data "File Path: "SteeringCompanyAPI_TestData/SteeringCompanyAPI_TestData.xlsx"".
2023-01-22 22:12:20.635 &amp#27;[32m INFO&amp#27;[m &amp#27;[35m[@503 - main]&amp#27;[m &amp#27;[36mcom.shaft.tools.io.ReportManager&amp#27;[m : Successfully created attachment "Test Data - Excel"
2023-01-22 22:12:21.886 &amp#27;[32m INFO&amp#27;[m &amp#27;[35m[@503 - main]&amp#27;[m &amp#27;[36mcom.shaft.tools.io.ReportManager&amp#27;[m : Response status code: "422", status line: "HTTP/1.1 422 "
2023-01-22 22:12:21.907 &amp#27;[32m INFO&amp#27;[m &amp#27;[35m[@503 - main]&amp#27;[m &amp#27;[36mcom.shaft.tools.io.ReportManager&amp#27;[m : Successfully created attachment "API Request - Specifications"
2023-01-22 22:12:21.909 &amp#27;[32m INFO&amp#27;[m &amp#27;[35m[@503 - main]&amp#27;[m &amp#27;[36mcom.shaft.tools.io.ReportManager&amp#27;[m : Successfully created attachment "API Request - JSON Body"
2023-01-22 22:12:21.948 &amp#27;[32m INFO&amp#27;[m &amp#27;[35m[@503 - main]&amp#27;[m &amp#27;[36mcom.shaft.tools.io.ReportManager&amp#27;[m : Successfully created attachment "API Response - JSON Body"
2023-01-22 22:12:21.949 &amp#27;[32m INFO&amp#27;[m &amp#27;[35m[@503 - main]&amp#27;[m &amp#27;[36mcom.shaft.tools.io.ReportManager&amp#27;[m : File Action "DoesFileExist" successfully performed. With the following test data "File Path: "Schemas/ValidationError_schema.json"".
2023-01-22 22:12:21.949 &amp#27;[32m INFO&amp#27;[m &amp#27;[35m[@503 - main]&amp#27;[m &amp#27;[36mcom.shaft.tools.io.ReportManager&amp#27;[m : File Action "DoesFileExist" successfully performed. With the following test data "File Path: "src/test/resources/testDataFiles/Schemas/ValidationError_schema.json"".
2023-01-22 22:12:21.949 &amp#27;[32m INFO&amp#27;[m &amp#27;[35m[@503 - main]&amp#27;[m &amp#27;[36mcom.shaft.tools.io.ReportManager&amp#27;[m : File Action "GetAbsolutePath" successfully performed. With the following test data "Relative Folder Path: "src/test/resources/testDataFiles/Schemas/ValidationError_schema.json"".
2023-01-22 22:12:21.950 &amp#27;[32m INFO&amp#27;[m &amp#27;[35m[@503 - main]&amp#27;[m &amp#27;[36mcom.shaft.tools.io.ReportManager&amp#27;[m : File Action "DoesFileExist" successfully performed. With the following test data "File Path: "C:\eclipse-workspace\MyProjects\TASystemsAPIs\src\test\resources\testDataFiles\Schemas\ValidationError_schema.json"".
2023-01-22 22:12:21.951 &amp#27;[32m INFO&amp#27;[m &amp#27;[35m[@503 - main]&amp#27;[m &amp#27;[36mcom.shaft.tools.io.ReportManager&amp#27;[m : File Action "GetAbsolutePath" successfully performed. With the following test data "Relative Folder Path: "C:\eclipse-workspace\MyProjects\TASystemsAPIs\src\test\resources\testDataFiles\Schemas\ValidationError_schema.json"".
2023-01-22 22:12:21.951 &amp#27;[32m INFO&amp#27;[m &amp#27;[35m[@503 - main]&amp#27;[m &amp#27;[36mcom.shaft.tools.io.ReportManager&amp#27;[m : File Action "ReadFile" successfully performed. With the following test data "File Path: "C:\eclipse-workspace\MyProjects\TASystemsAPIs\src\test\resources\testDataFiles\Schemas\ValidationError_schema.json"".
2023-01-22 22:12:21.952 &amp#27;[32m INFO&amp#27;[m &amp#27;[35m[@503 - main]&amp#27;[m &amp#27;[36mcom.shaft.tools.io.ReportManager&amp#27;[m : Successfully created attachment "Validation Test Data - Expected JSON Value"
2023-01-22 22:12:21.953 &amp#27;[32m INFO&amp#27;[m &amp#27;[35m[@503 - main]&amp#27;[m &amp#27;[36mcom.shaft.tools.io.ReportManager&amp#27;[m : Successfully created attachment "Validation Test Data - Actual JSON Value"
2023-01-22 22:12:21.954 &amp#27;[32m INFO&amp#27;[m &amp#27;[35m[@503 - main]&amp#27;[m &amp#27;[36mcom.shaft.tools.io.ReportManager&amp#27;[m : Successfully created attachment "SHAFT Engine Logs - Current Method log: Update_Policy_With_Missing_Keys_TC"
]]></system-out>
  </testcase>
  <testcase name="Update_Policy_With_Missing_Keys_TC[[Ljava.lang.Object;@110ff7e2](12)" classname="SteeringCompanyAPI_TestCases.Test_Policies_Cases" time="3.937">
    <system-out><![CDATA[2023-01-22 22:12:21.958 &amp#27;[32m INFO&amp#27;[m &amp#27;[35m[@534 - main]&amp#27;[m &amp#27;[36mcom.shaft.tools.io.ReportManager&amp#27;[m : 
################################################################################################################################################
Starting Execution:	"298 out of 83" test cases in the current suite
Test Method:		"SteeringCompanyAPI_TestCases.Test_Policies_Cases.Update_Policy_With_Missing_Keys_TC"
Test Description:	"TC051 -Policy- Perform Update Policy with Missing Keys"
################################################################################################################################################
2023-01-22 22:12:21.959 &amp#27;[32m INFO&amp#27;[m &amp#27;[35m[@503 - main]&amp#27;[m &amp#27;[36mcom.shaft.tools.io.ReportManager&amp#27;[m : File Action "DoesFileExist" successfully performed. With the following test data "File Path: "SteeringCompanyAPI_TestData/SteeringCompanyAPI_TestData.xlsx"".
2023-01-22 22:12:21.978 &amp#27;[32m INFO&amp#27;[m &amp#27;[35m[@503 - main]&amp#27;[m &amp#27;[36mcom.shaft.tools.io.ReportManager&amp#27;[m : Successfully created attachment "Test Data - Excel"
2023-01-22 22:12:23.903 &amp#27;[32m INFO&amp#27;[m &amp#27;[35m[@503 - main]&amp#27;[m &amp#27;[36mcom.shaft.tools.io.ReportManager&amp#27;[m : Response status code: "200", status line: "HTTP/1.1 200 OK"
2023-01-22 22:12:23.947 &amp#27;[32m INFO&amp#27;[m &amp#27;[35m[@503 - main]&amp#27;[m &amp#27;[36mcom.shaft.tools.io.ReportManager&amp#27;[m : Successfully created attachment "API Request - Specifications"
2023-01-22 22:12:23.948 &amp#27;[32m INFO&amp#27;[m &amp#27;[35m[@503 - main]&amp#27;[m &amp#27;[36mcom.shaft.tools.io.ReportManager&amp#27;[m : Successfully created attachment "API Request - Body"
2023-01-22 22:12:23.950 &amp#27;[32m INFO&amp#27;[m &amp#27;[35m[@503 - main]&amp#27;[m &amp#27;[36mcom.shaft.tools.io.ReportManager&amp#27;[m : Successfully created attachment "API Response - JSON Body"
2023-01-22 22:12:23.958 &amp#27;[32m INFO&amp#27;[m &amp#27;[35m[@503 - main]&amp#27;[m &amp#27;[36mcom.shaft.tools.io.ReportManager&amp#27;[m : File Action "DoesFileExist" successfully performed. With the following test data "File Path: "SteeringCompanyAPI_TestData/SteeringCompanyAPI_TestData.xlsx"".
2023-01-22 22:12:23.989 &amp#27;[32m INFO&amp#27;[m &amp#27;[35m[@503 - main]&amp#27;[m &amp#27;[36mcom.shaft.tools.io.ReportManager&amp#27;[m : Successfully created attachment "Test Data - Excel"
2023-01-22 22:12:23.989 &amp#27;[32m INFO&amp#27;[m &amp#27;[35m[@503 - main]&amp#27;[m &amp#27;[36mcom.shaft.tools.io.ReportManager&amp#27;[m : File Action "DoesFileExist" successfully performed. With the following test data "File Path: "SteeringCompanyAPI_TestData/SteeringCompanyAPI_TestData.xlsx"".
2023-01-22 22:12:24.021 &amp#27;[32m INFO&amp#27;[m &amp#27;[35m[@503 - main]&amp#27;[m &amp#27;[36mcom.shaft.tools.io.ReportManager&amp#27;[m : Successfully created attachment "Test Data - Excel"
2023-01-22 22:12:24.021 &amp#27;[32m INFO&amp#27;[m &amp#27;[35m[@503 - main]&amp#27;[m &amp#27;[36mcom.shaft.tools.io.ReportManager&amp#27;[m : File Action "DoesFileExist" successfully performed. With the following test data "File Path: "SteeringCompanyAPI_TestData/SteeringCompanyAPI_TestData.xlsx"".
2023-01-22 22:12:24.044 &amp#27;[32m INFO&amp#27;[m &amp#27;[35m[@503 - main]&amp#27;[m &amp#27;[36mcom.shaft.tools.io.ReportManager&amp#27;[m : Successfully created attachment "Test Data - Excel"
2023-01-22 22:12:25.873 &amp#27;[32m INFO&amp#27;[m &amp#27;[35m[@503 - main]&amp#27;[m &amp#27;[36mcom.shaft.tools.io.ReportManager&amp#27;[m : Response status code: "422", status line: "HTTP/1.1 422 "
2023-01-22 22:12:25.883 &amp#27;[32m INFO&amp#27;[m &amp#27;[35m[@503 - main]&amp#27;[m &amp#27;[36mcom.shaft.tools.io.ReportManager&amp#27;[m : Successfully created attachment "API Request - Specifications"
2023-01-22 22:12:25.884 &amp#27;[32m INFO&amp#27;[m &amp#27;[35m[@503 - main]&amp#27;[m &amp#27;[36mcom.shaft.tools.io.ReportManager&amp#27;[m : Successfully created attachment "API Request - JSON Body"
2023-01-22 22:12:25.885 &amp#27;[32m INFO&amp#27;[m &amp#27;[35m[@503 - main]&amp#27;[m &amp#27;[36mcom.shaft.tools.io.ReportManager&amp#27;[m : Successfully created attachment "API Response - JSON Body"
2023-01-22 22:12:25.886 &amp#27;[32m INFO&amp#27;[m &amp#27;[35m[@503 - main]&amp#27;[m &amp#27;[36mcom.shaft.tools.io.ReportManager&amp#27;[m : File Action "DoesFileExist" successfully performed. With the following test data "File Path: "Schemas/ValidationError_schema.json"".
2023-01-22 22:12:25.886 &amp#27;[32m INFO&amp#27;[m &amp#27;[35m[@503 - main]&amp#27;[m &amp#27;[36mcom.shaft.tools.io.ReportManager&amp#27;[m : File Action "DoesFileExist" successfully performed. With the following test data "File Path: "src/test/resources/testDataFiles/Schemas/ValidationError_schema.json"".
2023-01-22 22:12:25.886 &amp#27;[32m INFO&amp#27;[m &amp#27;[35m[@503 - main]&amp#27;[m &amp#27;[36mcom.shaft.tools.io.ReportManager&amp#27;[m : File Action "GetAbsolutePath" successfully performed. With the following test data "Relative Folder Path: "src/test/resources/testDataFiles/Schemas/ValidationError_schema.json"".
2023-01-22 22:12:25.887 &amp#27;[32m INFO&amp#27;[m &amp#27;[35m[@503 - main]&amp#27;[m &amp#27;[36mcom.shaft.tools.io.ReportManager&amp#27;[m : File Action "DoesFileExist" successfully performed. With the following test data "File Path: "C:\eclipse-workspace\MyProjects\TASystemsAPIs\src\test\resources\testDataFiles\Schemas\ValidationError_schema.json"".
2023-01-22 22:12:25.887 &amp#27;[32m INFO&amp#27;[m &amp#27;[35m[@503 - main]&amp#27;[m &amp#27;[36mcom.shaft.tools.io.ReportManager&amp#27;[m : File Action "GetAbsolutePath" successfully performed. With the following test data "Relative Folder Path: "C:\eclipse-workspace\MyProjects\TASystemsAPIs\src\test\resources\testDataFiles\Schemas\ValidationError_schema.json"".
2023-01-22 22:12:25.888 &amp#27;[32m INFO&amp#27;[m &amp#27;[35m[@503 - main]&amp#27;[m &amp#27;[36mcom.shaft.tools.io.ReportManager&amp#27;[m : File Action "ReadFile" successfully performed. With the following test data "File Path: "C:\eclipse-workspace\MyProjects\TASystemsAPIs\src\test\resources\testDataFiles\Schemas\ValidationError_schema.json"".
2023-01-22 22:12:25.889 &amp#27;[32m INFO&amp#27;[m &amp#27;[35m[@503 - main]&amp#27;[m &amp#27;[36mcom.shaft.tools.io.ReportManager&amp#27;[m : Successfully created attachment "Validation Test Data - Expected JSON Value"
2023-01-22 22:12:25.890 &amp#27;[32m INFO&amp#27;[m &amp#27;[35m[@503 - main]&amp#27;[m &amp#27;[36mcom.shaft.tools.io.ReportManager&amp#27;[m : Successfully created attachment "Validation Test Data - Actual JSON Value"
2023-01-22 22:12:25.891 &amp#27;[32m INFO&amp#27;[m &amp#27;[35m[@503 - main]&amp#27;[m &amp#27;[36mcom.shaft.tools.io.ReportManager&amp#27;[m : Successfully created attachment "SHAFT Engine Logs - Current Method log: Update_Policy_With_Missing_Keys_TC"
]]></system-out>
  </testcase>
  <testcase name="Update_Policy_With_Missing_Keys_TC[[Ljava.lang.Object;@7ef753e](13)" classname="SteeringCompanyAPI_TestCases.Test_Policies_Cases" time="4.86">
    <system-out><![CDATA[2023-01-22 22:12:25.895 &amp#27;[32m INFO&amp#27;[m &amp#27;[35m[@534 - main]&amp#27;[m &amp#27;[36mcom.shaft.tools.io.ReportManager&amp#27;[m : 
################################################################################################################################################
Starting Execution:	"299 out of 83" test cases in the current suite
Test Method:		"SteeringCompanyAPI_TestCases.Test_Policies_Cases.Update_Policy_With_Missing_Keys_TC"
Test Description:	"TC051 -Policy- Perform Update Policy with Missing Keys"
################################################################################################################################################
2023-01-22 22:12:25.896 &amp#27;[32m INFO&amp#27;[m &amp#27;[35m[@503 - main]&amp#27;[m &amp#27;[36mcom.shaft.tools.io.ReportManager&amp#27;[m : File Action "DoesFileExist" successfully performed. With the following test data "File Path: "SteeringCompanyAPI_TestData/SteeringCompanyAPI_TestData.xlsx"".
2023-01-22 22:12:25.919 &amp#27;[32m INFO&amp#27;[m &amp#27;[35m[@503 - main]&amp#27;[m &amp#27;[36mcom.shaft.tools.io.ReportManager&amp#27;[m : Successfully created attachment "Test Data - Excel"
2023-01-22 22:12:28.161 &amp#27;[32m INFO&amp#27;[m &amp#27;[35m[@503 - main]&amp#27;[m &amp#27;[36mcom.shaft.tools.io.ReportManager&amp#27;[m : Response status code: "200", status line: "HTTP/1.1 200 OK"
2023-01-22 22:12:28.203 &amp#27;[32m INFO&amp#27;[m &amp#27;[35m[@503 - main]&amp#27;[m &amp#27;[36mcom.shaft.tools.io.ReportManager&amp#27;[m : Successfully created attachment "API Request - Specifications"
2023-01-22 22:12:28.243 &amp#27;[32m INFO&amp#27;[m &amp#27;[35m[@503 - main]&amp#27;[m &amp#27;[36mcom.shaft.tools.io.ReportManager&amp#27;[m : Successfully created attachment "API Request - Body"
2023-01-22 22:12:28.245 &amp#27;[32m INFO&amp#27;[m &amp#27;[35m[@503 - main]&amp#27;[m &amp#27;[36mcom.shaft.tools.io.ReportManager&amp#27;[m : Successfully created attachment "API Response - JSON Body"
2023-01-22 22:12:28.253 &amp#27;[32m INFO&amp#27;[m &amp#27;[35m[@503 - main]&amp#27;[m &amp#27;[36mcom.shaft.tools.io.ReportManager&amp#27;[m : File Action "DoesFileExist" successfully performed. With the following test data "File Path: "SteeringCompanyAPI_TestData/SteeringCompanyAPI_TestData.xlsx"".
2023-01-22 22:12:28.273 &amp#27;[32m INFO&amp#27;[m &amp#27;[35m[@503 - main]&amp#27;[m &amp#27;[36mcom.shaft.tools.io.ReportManager&amp#27;[m : Successfully created attachment "Test Data - Excel"
2023-01-22 22:12:28.274 &amp#27;[32m INFO&amp#27;[m &amp#27;[35m[@503 - main]&amp#27;[m &amp#27;[36mcom.shaft.tools.io.ReportManager&amp#27;[m : File Action "DoesFileExist" successfully performed. With the following test data "File Path: "SteeringCompanyAPI_TestData/SteeringCompanyAPI_TestData.xlsx"".
2023-01-22 22:12:28.293 &amp#27;[32m INFO&amp#27;[m &amp#27;[35m[@503 - main]&amp#27;[m &amp#27;[36mcom.shaft.tools.io.ReportManager&amp#27;[m : Successfully created attachment "Test Data - Excel"
2023-01-22 22:12:28.294 &amp#27;[32m INFO&amp#27;[m &amp#27;[35m[@503 - main]&amp#27;[m &amp#27;[36mcom.shaft.tools.io.ReportManager&amp#27;[m : File Action "DoesFileExist" successfully performed. With the following test data "File Path: "SteeringCompanyAPI_TestData/SteeringCompanyAPI_TestData.xlsx"".
2023-01-22 22:12:28.314 &amp#27;[32m INFO&amp#27;[m &amp#27;[35m[@503 - main]&amp#27;[m &amp#27;[36mcom.shaft.tools.io.ReportManager&amp#27;[m : Successfully created attachment "Test Data - Excel"
2023-01-22 22:12:30.659 &amp#27;[32m INFO&amp#27;[m &amp#27;[35m[@503 - main]&amp#27;[m &amp#27;[36mcom.shaft.tools.io.ReportManager&amp#27;[m : Response status code: "422", status line: "HTTP/1.1 422 "
2023-01-22 22:12:30.705 &amp#27;[32m INFO&amp#27;[m &amp#27;[35m[@503 - main]&amp#27;[m &amp#27;[36mcom.shaft.tools.io.ReportManager&amp#27;[m : Successfully created attachment "API Request - Specifications"
2023-01-22 22:12:30.707 &amp#27;[32m INFO&amp#27;[m &amp#27;[35m[@503 - main]&amp#27;[m &amp#27;[36mcom.shaft.tools.io.ReportManager&amp#27;[m : Successfully created attachment "API Request - JSON Body"
2023-01-22 22:12:30.708 &amp#27;[32m INFO&amp#27;[m &amp#27;[35m[@503 - main]&amp#27;[m &amp#27;[36mcom.shaft.tools.io.ReportManager&amp#27;[m : Successfully created attachment "API Response - JSON Body"
2023-01-22 22:12:30.709 &amp#27;[32m INFO&amp#27;[m &amp#27;[35m[@503 - main]&amp#27;[m &amp#27;[36mcom.shaft.tools.io.ReportManager&amp#27;[m : File Action "DoesFileExist" successfully performed. With the following test data "File Path: "Schemas/ValidationError_schema.json"".
2023-01-22 22:12:30.709 &amp#27;[32m INFO&amp#27;[m &amp#27;[35m[@503 - main]&amp#27;[m &amp#27;[36mcom.shaft.tools.io.ReportManager&amp#27;[m : File Action "DoesFileExist" successfully performed. With the following test data "File Path: "src/test/resources/testDataFiles/Schemas/ValidationError_schema.json"".
2023-01-22 22:12:30.709 &amp#27;[32m INFO&amp#27;[m &amp#27;[35m[@503 - main]&amp#27;[m &amp#27;[36mcom.shaft.tools.io.ReportManager&amp#27;[m : File Action "GetAbsolutePath" successfully performed. With the following test data "Relative Folder Path: "src/test/resources/testDataFiles/Schemas/ValidationError_schema.json"".
2023-01-22 22:12:30.710 &amp#27;[32m INFO&amp#27;[m &amp#27;[35m[@503 - main]&amp#27;[m &amp#27;[36mcom.shaft.tools.io.ReportManager&amp#27;[m : File Action "DoesFileExist" successfully performed. With the following test data "File Path: "C:\eclipse-workspace\MyProjects\TASystemsAPIs\src\test\resources\testDataFiles\Schemas\ValidationError_schema.json"".
2023-01-22 22:12:30.711 &amp#27;[32m INFO&amp#27;[m &amp#27;[35m[@503 - main]&amp#27;[m &amp#27;[36mcom.shaft.tools.io.ReportManager&amp#27;[m : File Action "GetAbsolutePath" successfully performed. With the following test data "Relative Folder Path: "C:\eclipse-workspace\MyProjects\TASystemsAPIs\src\test\resources\testDataFiles\Schemas\ValidationError_schema.json"".
2023-01-22 22:12:30.711 &amp#27;[32m INFO&amp#27;[m &amp#27;[35m[@503 - main]&amp#27;[m &amp#27;[36mcom.shaft.tools.io.ReportManager&amp#27;[m : File Action "ReadFile" successfully performed. With the following test data "File Path: "C:\eclipse-workspace\MyProjects\TASystemsAPIs\src\test\resources\testDataFiles\Schemas\ValidationError_schema.json"".
2023-01-22 22:12:30.712 &amp#27;[32m INFO&amp#27;[m &amp#27;[35m[@503 - main]&amp#27;[m &amp#27;[36mcom.shaft.tools.io.ReportManager&amp#27;[m : Successfully created attachment "Validation Test Data - Expected JSON Value"
2023-01-22 22:12:30.752 &amp#27;[32m INFO&amp#27;[m &amp#27;[35m[@503 - main]&amp#27;[m &amp#27;[36mcom.shaft.tools.io.ReportManager&amp#27;[m : Successfully created attachment "Validation Test Data - Actual JSON Value"
2023-01-22 22:12:30.753 &amp#27;[32m INFO&amp#27;[m &amp#27;[35m[@503 - main]&amp#27;[m &amp#27;[36mcom.shaft.tools.io.ReportManager&amp#27;[m : Successfully created attachment "SHAFT Engine Logs - Current Method log: Update_Policy_With_Missing_Keys_TC"
]]></system-out>
  </testcase>
  <testcase name="Update_Policy_With_Missing_Keys_TC[[Ljava.lang.Object;@6ec66b1b](14)" classname="SteeringCompanyAPI_TestCases.Test_Policies_Cases" time="3.799">
    <system-out><![CDATA[2023-01-22 22:12:30.754 &amp#27;[32m INFO&amp#27;[m &amp#27;[35m[@534 - main]&amp#27;[m &amp#27;[36mcom.shaft.tools.io.ReportManager&amp#27;[m : 
################################################################################################################################################
Starting Execution:	"300 out of 83" test cases in the current suite
Test Method:		"SteeringCompanyAPI_TestCases.Test_Policies_Cases.Update_Policy_With_Missing_Keys_TC"
Test Description:	"TC051 -Policy- Perform Update Policy with Missing Keys"
################################################################################################################################################
2023-01-22 22:12:30.755 &amp#27;[32m INFO&amp#27;[m &amp#27;[35m[@503 - main]&amp#27;[m &amp#27;[36mcom.shaft.tools.io.ReportManager&amp#27;[m : File Action "DoesFileExist" successfully performed. With the following test data "File Path: "SteeringCompanyAPI_TestData/SteeringCompanyAPI_TestData.xlsx"".
2023-01-22 22:12:30.773 &amp#27;[32m INFO&amp#27;[m &amp#27;[35m[@503 - main]&amp#27;[m &amp#27;[36mcom.shaft.tools.io.ReportManager&amp#27;[m : Successfully created attachment "Test Data - Excel"
2023-01-22 22:12:32.300 &amp#27;[32m INFO&amp#27;[m &amp#27;[35m[@503 - main]&amp#27;[m &amp#27;[36mcom.shaft.tools.io.ReportManager&amp#27;[m : Response status code: "200", status line: "HTTP/1.1 200 OK"
2023-01-22 22:12:32.310 &amp#27;[32m INFO&amp#27;[m &amp#27;[35m[@503 - main]&amp#27;[m &amp#27;[36mcom.shaft.tools.io.ReportManager&amp#27;[m : Successfully created attachment "API Request - Specifications"
2023-01-22 22:12:32.311 &amp#27;[32m INFO&amp#27;[m &amp#27;[35m[@503 - main]&amp#27;[m &amp#27;[36mcom.shaft.tools.io.ReportManager&amp#27;[m : Successfully created attachment "API Request - Body"
2023-01-22 22:12:32.313 &amp#27;[32m INFO&amp#27;[m &amp#27;[35m[@503 - main]&amp#27;[m &amp#27;[36mcom.shaft.tools.io.ReportManager&amp#27;[m : Successfully created attachment "API Response - JSON Body"
2023-01-22 22:12:32.318 &amp#27;[32m INFO&amp#27;[m &amp#27;[35m[@503 - main]&amp#27;[m &amp#27;[36mcom.shaft.tools.io.ReportManager&amp#27;[m : File Action "DoesFileExist" successfully performed. With the following test data "File Path: "SteeringCompanyAPI_TestData/SteeringCompanyAPI_TestData.xlsx"".
2023-01-22 22:12:32.379 &amp#27;[32m INFO&amp#27;[m &amp#27;[35m[@503 - main]&amp#27;[m &amp#27;[36mcom.shaft.tools.io.ReportManager&amp#27;[m : Successfully created attachment "Test Data - Excel"
2023-01-22 22:12:32.379 &amp#27;[32m INFO&amp#27;[m &amp#27;[35m[@503 - main]&amp#27;[m &amp#27;[36mcom.shaft.tools.io.ReportManager&amp#27;[m : File Action "DoesFileExist" successfully performed. With the following test data "File Path: "SteeringCompanyAPI_TestData/SteeringCompanyAPI_TestData.xlsx"".
2023-01-22 22:12:32.404 &amp#27;[32m INFO&amp#27;[m &amp#27;[35m[@503 - main]&amp#27;[m &amp#27;[36mcom.shaft.tools.io.ReportManager&amp#27;[m : Successfully created attachment "Test Data - Excel"
2023-01-22 22:12:32.404 &amp#27;[32m INFO&amp#27;[m &amp#27;[35m[@503 - main]&amp#27;[m &amp#27;[36mcom.shaft.tools.io.ReportManager&amp#27;[m : File Action "DoesFileExist" successfully performed. With the following test data "File Path: "SteeringCompanyAPI_TestData/SteeringCompanyAPI_TestData.xlsx"".
2023-01-22 22:12:32.439 &amp#27;[32m INFO&amp#27;[m &amp#27;[35m[@503 - main]&amp#27;[m &amp#27;[36mcom.shaft.tools.io.ReportManager&amp#27;[m : Successfully created attachment "Test Data - Excel"
2023-01-22 22:12:34.495 &amp#27;[32m INFO&amp#27;[m &amp#27;[35m[@503 - main]&amp#27;[m &amp#27;[36mcom.shaft.tools.io.ReportManager&amp#27;[m : Response status code: "422", status line: "HTTP/1.1 422 "
2023-01-22 22:12:34.504 &amp#27;[32m INFO&amp#27;[m &amp#27;[35m[@503 - main]&amp#27;[m &amp#27;[36mcom.shaft.tools.io.ReportManager&amp#27;[m : Successfully created attachment "API Request - Specifications"
2023-01-22 22:12:34.543 &amp#27;[32m INFO&amp#27;[m &amp#27;[35m[@503 - main]&amp#27;[m &amp#27;[36mcom.shaft.tools.io.ReportManager&amp#27;[m : Successfully created attachment "API Request - JSON Body"
2023-01-22 22:12:34.545 &amp#27;[32m INFO&amp#27;[m &amp#27;[35m[@503 - main]&amp#27;[m &amp#27;[36mcom.shaft.tools.io.ReportManager&amp#27;[m : Successfully created attachment "API Response - JSON Body"
2023-01-22 22:12:34.545 &amp#27;[32m INFO&amp#27;[m &amp#27;[35m[@503 - main]&amp#27;[m &amp#27;[36mcom.shaft.tools.io.ReportManager&amp#27;[m : File Action "DoesFileExist" successfully performed. With the following test data "File Path: "Schemas/ValidationError_schema.json"".
2023-01-22 22:12:34.546 &amp#27;[32m INFO&amp#27;[m &amp#27;[35m[@503 - main]&amp#27;[m &amp#27;[36mcom.shaft.tools.io.ReportManager&amp#27;[m : File Action "DoesFileExist" successfully performed. With the following test data "File Path: "src/test/resources/testDataFiles/Schemas/ValidationError_schema.json"".
2023-01-22 22:12:34.546 &amp#27;[32m INFO&amp#27;[m &amp#27;[35m[@503 - main]&amp#27;[m &amp#27;[36mcom.shaft.tools.io.ReportManager&amp#27;[m : File Action "GetAbsolutePath" successfully performed. With the following test data "Relative Folder Path: "src/test/resources/testDataFiles/Schemas/ValidationError_schema.json"".
2023-01-22 22:12:34.548 &amp#27;[32m INFO&amp#27;[m &amp#27;[35m[@503 - main]&amp#27;[m &amp#27;[36mcom.shaft.tools.io.ReportManager&amp#27;[m : File Action "DoesFileExist" successfully performed. With the following test data "File Path: "C:\eclipse-workspace\MyProjects\TASystemsAPIs\src\test\resources\testDataFiles\Schemas\ValidationError_schema.json"".
2023-01-22 22:12:34.548 &amp#27;[32m INFO&amp#27;[m &amp#27;[35m[@503 - main]&amp#27;[m &amp#27;[36mcom.shaft.tools.io.ReportManager&amp#27;[m : File Action "GetAbsolutePath" successfully performed. With the following test data "Relative Folder Path: "C:\eclipse-workspace\MyProjects\TASystemsAPIs\src\test\resources\testDataFiles\Schemas\ValidationError_schema.json"".
2023-01-22 22:12:34.548 &amp#27;[32m INFO&amp#27;[m &amp#27;[35m[@503 - main]&amp#27;[m &amp#27;[36mcom.shaft.tools.io.ReportManager&amp#27;[m : File Action "ReadFile" successfully performed. With the following test data "File Path: "C:\eclipse-workspace\MyProjects\TASystemsAPIs\src\test\resources\testDataFiles\Schemas\ValidationError_schema.json"".
2023-01-22 22:12:34.550 &amp#27;[32m INFO&amp#27;[m &amp#27;[35m[@503 - main]&amp#27;[m &amp#27;[36mcom.shaft.tools.io.ReportManager&amp#27;[m : Successfully created attachment "Validation Test Data - Expected JSON Value"
2023-01-22 22:12:34.551 &amp#27;[32m INFO&amp#27;[m &amp#27;[35m[@503 - main]&amp#27;[m &amp#27;[36mcom.shaft.tools.io.ReportManager&amp#27;[m : Successfully created attachment "Validation Test Data - Actual JSON Value"
2023-01-22 22:12:34.552 &amp#27;[32m INFO&amp#27;[m &amp#27;[35m[@503 - main]&amp#27;[m &amp#27;[36mcom.shaft.tools.io.ReportManager&amp#27;[m : Successfully created attachment "SHAFT Engine Logs - Current Method log: Update_Policy_With_Missing_Keys_TC"
]]></system-out>
  </testcase>
  <testcase name="Update_Policy_With_Missing_Keys_TC[[Ljava.lang.Object;@a7cf44a](15)" classname="SteeringCompanyAPI_TestCases.Test_Policies_Cases" time="2.957">
    <system-out><![CDATA[2023-01-22 22:12:34.554 &amp#27;[32m INFO&amp#27;[m &amp#27;[35m[@534 - main]&amp#27;[m &amp#27;[36mcom.shaft.tools.io.ReportManager&amp#27;[m : 
################################################################################################################################################
Starting Execution:	"301 out of 83" test cases in the current suite
Test Method:		"SteeringCompanyAPI_TestCases.Test_Policies_Cases.Update_Policy_With_Missing_Keys_TC"
Test Description:	"TC051 -Policy- Perform Update Policy with Missing Keys"
################################################################################################################################################
2023-01-22 22:12:34.555 &amp#27;[32m INFO&amp#27;[m &amp#27;[35m[@503 - main]&amp#27;[m &amp#27;[36mcom.shaft.tools.io.ReportManager&amp#27;[m : File Action "DoesFileExist" successfully performed. With the following test data "File Path: "SteeringCompanyAPI_TestData/SteeringCompanyAPI_TestData.xlsx"".
2023-01-22 22:12:34.580 &amp#27;[32m INFO&amp#27;[m &amp#27;[35m[@503 - main]&amp#27;[m &amp#27;[36mcom.shaft.tools.io.ReportManager&amp#27;[m : Successfully created attachment "Test Data - Excel"
2023-01-22 22:12:35.985 &amp#27;[32m INFO&amp#27;[m &amp#27;[35m[@503 - main]&amp#27;[m &amp#27;[36mcom.shaft.tools.io.ReportManager&amp#27;[m : Response status code: "200", status line: "HTTP/1.1 200 OK"
2023-01-22 22:12:35.993 &amp#27;[32m INFO&amp#27;[m &amp#27;[35m[@503 - main]&amp#27;[m &amp#27;[36mcom.shaft.tools.io.ReportManager&amp#27;[m : Successfully created attachment "API Request - Specifications"
2023-01-22 22:12:36.032 &amp#27;[32m INFO&amp#27;[m &amp#27;[35m[@503 - main]&amp#27;[m &amp#27;[36mcom.shaft.tools.io.ReportManager&amp#27;[m : Successfully created attachment "API Request - Body"
2023-01-22 22:12:36.034 &amp#27;[32m INFO&amp#27;[m &amp#27;[35m[@503 - main]&amp#27;[m &amp#27;[36mcom.shaft.tools.io.ReportManager&amp#27;[m : Successfully created attachment "API Response - JSON Body"
2023-01-22 22:12:36.042 &amp#27;[32m INFO&amp#27;[m &amp#27;[35m[@503 - main]&amp#27;[m &amp#27;[36mcom.shaft.tools.io.ReportManager&amp#27;[m : File Action "DoesFileExist" successfully performed. With the following test data "File Path: "SteeringCompanyAPI_TestData/SteeringCompanyAPI_TestData.xlsx"".
2023-01-22 22:12:36.063 &amp#27;[32m INFO&amp#27;[m &amp#27;[35m[@503 - main]&amp#27;[m &amp#27;[36mcom.shaft.tools.io.ReportManager&amp#27;[m : Successfully created attachment "Test Data - Excel"
2023-01-22 22:12:36.063 &amp#27;[32m INFO&amp#27;[m &amp#27;[35m[@503 - main]&amp#27;[m &amp#27;[36mcom.shaft.tools.io.ReportManager&amp#27;[m : File Action "DoesFileExist" successfully performed. With the following test data "File Path: "SteeringCompanyAPI_TestData/SteeringCompanyAPI_TestData.xlsx"".
2023-01-22 22:12:36.083 &amp#27;[32m INFO&amp#27;[m &amp#27;[35m[@503 - main]&amp#27;[m &amp#27;[36mcom.shaft.tools.io.ReportManager&amp#27;[m : Successfully created attachment "Test Data - Excel"
2023-01-22 22:12:36.084 &amp#27;[32m INFO&amp#27;[m &amp#27;[35m[@503 - main]&amp#27;[m &amp#27;[36mcom.shaft.tools.io.ReportManager&amp#27;[m : File Action "DoesFileExist" successfully performed. With the following test data "File Path: "SteeringCompanyAPI_TestData/SteeringCompanyAPI_TestData.xlsx"".
2023-01-22 22:12:36.111 &amp#27;[32m INFO&amp#27;[m &amp#27;[35m[@503 - main]&amp#27;[m &amp#27;[36mcom.shaft.tools.io.ReportManager&amp#27;[m : Successfully created attachment "Test Data - Excel"
2023-01-22 22:12:37.449 &amp#27;[32m INFO&amp#27;[m &amp#27;[35m[@503 - main]&amp#27;[m &amp#27;[36mcom.shaft.tools.io.ReportManager&amp#27;[m : Response status code: "422", status line: "HTTP/1.1 422 "
2023-01-22 22:12:37.464 &amp#27;[32m INFO&amp#27;[m &amp#27;[35m[@503 - main]&amp#27;[m &amp#27;[36mcom.shaft.tools.io.ReportManager&amp#27;[m : Successfully created attachment "API Request - Specifications"
2023-01-22 22:12:37.465 &amp#27;[32m INFO&amp#27;[m &amp#27;[35m[@503 - main]&amp#27;[m &amp#27;[36mcom.shaft.tools.io.ReportManager&amp#27;[m : Successfully created attachment "API Request - JSON Body"
2023-01-22 22:12:37.466 &amp#27;[32m INFO&amp#27;[m &amp#27;[35m[@503 - main]&amp#27;[m &amp#27;[36mcom.shaft.tools.io.ReportManager&amp#27;[m : Successfully created attachment "API Response - JSON Body"
2023-01-22 22:12:37.467 &amp#27;[32m INFO&amp#27;[m &amp#27;[35m[@503 - main]&amp#27;[m &amp#27;[36mcom.shaft.tools.io.ReportManager&amp#27;[m : File Action "DoesFileExist" successfully performed. With the following test data "File Path: "Schemas/ValidationError_schema.json"".
2023-01-22 22:12:37.467 &amp#27;[32m INFO&amp#27;[m &amp#27;[35m[@503 - main]&amp#27;[m &amp#27;[36mcom.shaft.tools.io.ReportManager&amp#27;[m : File Action "DoesFileExist" successfully performed. With the following test data "File Path: "src/test/resources/testDataFiles/Schemas/ValidationError_schema.json"".
2023-01-22 22:12:37.467 &amp#27;[32m INFO&amp#27;[m &amp#27;[35m[@503 - main]&amp#27;[m &amp#27;[36mcom.shaft.tools.io.ReportManager&amp#27;[m : File Action "GetAbsolutePath" successfully performed. With the following test data "Relative Folder Path: "src/test/resources/testDataFiles/Schemas/ValidationError_schema.json"".
2023-01-22 22:12:37.469 &amp#27;[32m INFO&amp#27;[m &amp#27;[35m[@503 - main]&amp#27;[m &amp#27;[36mcom.shaft.tools.io.ReportManager&amp#27;[m : File Action "DoesFileExist" successfully performed. With the following test data "File Path: "C:\eclipse-workspace\MyProjects\TASystemsAPIs\src\test\resources\testDataFiles\Schemas\ValidationError_schema.json"".
2023-01-22 22:12:37.469 &amp#27;[32m INFO&amp#27;[m &amp#27;[35m[@503 - main]&amp#27;[m &amp#27;[36mcom.shaft.tools.io.ReportManager&amp#27;[m : File Action "GetAbsolutePath" successfully performed. With the following test data "Relative Folder Path: "C:\eclipse-workspace\MyProjects\TASystemsAPIs\src\test\resources\testDataFiles\Schemas\ValidationError_schema.json"".
2023-01-22 22:12:37.469 &amp#27;[32m INFO&amp#27;[m &amp#27;[35m[@503 - main]&amp#27;[m &amp#27;[36mcom.shaft.tools.io.ReportManager&amp#27;[m : File Action "ReadFile" successfully performed. With the following test data "File Path: "C:\eclipse-workspace\MyProjects\TASystemsAPIs\src\test\resources\testDataFiles\Schemas\ValidationError_schema.json"".
2023-01-22 22:12:37.507 &amp#27;[32m INFO&amp#27;[m &amp#27;[35m[@503 - main]&amp#27;[m &amp#27;[36mcom.shaft.tools.io.ReportManager&amp#27;[m : Successfully created attachment "Validation Test Data - Expected JSON Value"
2023-01-22 22:12:37.508 &amp#27;[32m INFO&amp#27;[m &amp#27;[35m[@503 - main]&amp#27;[m &amp#27;[36mcom.shaft.tools.io.ReportManager&amp#27;[m : Successfully created attachment "Validation Test Data - Actual JSON Value"
2023-01-22 22:12:37.509 &amp#27;[32m INFO&amp#27;[m &amp#27;[35m[@503 - main]&amp#27;[m &amp#27;[36mcom.shaft.tools.io.ReportManager&amp#27;[m : Successfully created attachment "SHAFT Engine Logs - Current Method log: Update_Policy_With_Missing_Keys_TC"
]]></system-out>
  </testcase>
  <testcase name="Update_Policy_With_Missing_Keys_TC[[Ljava.lang.Object;@220c0d74](16)" classname="SteeringCompanyAPI_TestCases.Test_Policies_Cases" time="2.957">
    <system-out><![CDATA[2023-01-22 22:12:37.511 &amp#27;[32m INFO&amp#27;[m &amp#27;[35m[@534 - main]&amp#27;[m &amp#27;[36mcom.shaft.tools.io.ReportManager&amp#27;[m : 
################################################################################################################################################
Starting Execution:	"302 out of 83" test cases in the current suite
Test Method:		"SteeringCompanyAPI_TestCases.Test_Policies_Cases.Update_Policy_With_Missing_Keys_TC"
Test Description:	"TC051 -Policy- Perform Update Policy with Missing Keys"
################################################################################################################################################
2023-01-22 22:12:37.512 &amp#27;[32m INFO&amp#27;[m &amp#27;[35m[@503 - main]&amp#27;[m &amp#27;[36mcom.shaft.tools.io.ReportManager&amp#27;[m : File Action "DoesFileExist" successfully performed. With the following test data "File Path: "SteeringCompanyAPI_TestData/SteeringCompanyAPI_TestData.xlsx"".
2023-01-22 22:12:37.531 &amp#27;[32m INFO&amp#27;[m &amp#27;[35m[@503 - main]&amp#27;[m &amp#27;[36mcom.shaft.tools.io.ReportManager&amp#27;[m : Successfully created attachment "Test Data - Excel"
2023-01-22 22:12:38.707 &amp#27;[32m INFO&amp#27;[m &amp#27;[35m[@503 - main]&amp#27;[m &amp#27;[36mcom.shaft.tools.io.ReportManager&amp#27;[m : Response status code: "200", status line: "HTTP/1.1 200 OK"
2023-01-22 22:12:38.718 &amp#27;[32m INFO&amp#27;[m &amp#27;[35m[@503 - main]&amp#27;[m &amp#27;[36mcom.shaft.tools.io.ReportManager&amp#27;[m : Successfully created attachment "API Request - Specifications"
2023-01-22 22:12:38.718 &amp#27;[32m INFO&amp#27;[m &amp#27;[35m[@503 - main]&amp#27;[m &amp#27;[36mcom.shaft.tools.io.ReportManager&amp#27;[m : Successfully created attachment "API Request - Body"
2023-01-22 22:12:38.758 &amp#27;[32m INFO&amp#27;[m &amp#27;[35m[@503 - main]&amp#27;[m &amp#27;[36mcom.shaft.tools.io.ReportManager&amp#27;[m : Successfully created attachment "API Response - JSON Body"
2023-01-22 22:12:38.765 &amp#27;[32m INFO&amp#27;[m &amp#27;[35m[@503 - main]&amp#27;[m &amp#27;[36mcom.shaft.tools.io.ReportManager&amp#27;[m : File Action "DoesFileExist" successfully performed. With the following test data "File Path: "SteeringCompanyAPI_TestData/SteeringCompanyAPI_TestData.xlsx"".
2023-01-22 22:12:38.783 &amp#27;[32m INFO&amp#27;[m &amp#27;[35m[@503 - main]&amp#27;[m &amp#27;[36mcom.shaft.tools.io.ReportManager&amp#27;[m : Successfully created attachment "Test Data - Excel"
2023-01-22 22:12:38.784 &amp#27;[32m INFO&amp#27;[m &amp#27;[35m[@503 - main]&amp#27;[m &amp#27;[36mcom.shaft.tools.io.ReportManager&amp#27;[m : File Action "DoesFileExist" successfully performed. With the following test data "File Path: "SteeringCompanyAPI_TestData/SteeringCompanyAPI_TestData.xlsx"".
2023-01-22 22:12:38.802 &amp#27;[32m INFO&amp#27;[m &amp#27;[35m[@503 - main]&amp#27;[m &amp#27;[36mcom.shaft.tools.io.ReportManager&amp#27;[m : Successfully created attachment "Test Data - Excel"
2023-01-22 22:12:38.803 &amp#27;[32m INFO&amp#27;[m &amp#27;[35m[@503 - main]&amp#27;[m &amp#27;[36mcom.shaft.tools.io.ReportManager&amp#27;[m : File Action "DoesFileExist" successfully performed. With the following test data "File Path: "SteeringCompanyAPI_TestData/SteeringCompanyAPI_TestData.xlsx"".
2023-01-22 22:12:38.829 &amp#27;[32m INFO&amp#27;[m &amp#27;[35m[@503 - main]&amp#27;[m &amp#27;[36mcom.shaft.tools.io.ReportManager&amp#27;[m : Successfully created attachment "Test Data - Excel"
2023-01-22 22:12:40.403 &amp#27;[32m INFO&amp#27;[m &amp#27;[35m[@503 - main]&amp#27;[m &amp#27;[36mcom.shaft.tools.io.ReportManager&amp#27;[m : Response status code: "422", status line: "HTTP/1.1 422 "
2023-01-22 22:12:40.455 &amp#27;[32m INFO&amp#27;[m &amp#27;[35m[@503 - main]&amp#27;[m &amp#27;[36mcom.shaft.tools.io.ReportManager&amp#27;[m : Successfully created attachment "API Request - Specifications"
2023-01-22 22:12:40.457 &amp#27;[32m INFO&amp#27;[m &amp#27;[35m[@503 - main]&amp#27;[m &amp#27;[36mcom.shaft.tools.io.ReportManager&amp#27;[m : Successfully created attachment "API Request - JSON Body"
2023-01-22 22:12:40.458 &amp#27;[32m INFO&amp#27;[m &amp#27;[35m[@503 - main]&amp#27;[m &amp#27;[36mcom.shaft.tools.io.ReportManager&amp#27;[m : Successfully created attachment "API Response - JSON Body"
2023-01-22 22:12:40.460 &amp#27;[32m INFO&amp#27;[m &amp#27;[35m[@503 - main]&amp#27;[m &amp#27;[36mcom.shaft.tools.io.ReportManager&amp#27;[m : File Action "DoesFileExist" successfully performed. With the following test data "File Path: "Schemas/ValidationError_schema.json"".
2023-01-22 22:12:40.460 &amp#27;[32m INFO&amp#27;[m &amp#27;[35m[@503 - main]&amp#27;[m &amp#27;[36mcom.shaft.tools.io.ReportManager&amp#27;[m : File Action "DoesFileExist" successfully performed. With the following test data "File Path: "src/test/resources/testDataFiles/Schemas/ValidationError_schema.json"".
2023-01-22 22:12:40.460 &amp#27;[32m INFO&amp#27;[m &amp#27;[35m[@503 - main]&amp#27;[m &amp#27;[36mcom.shaft.tools.io.ReportManager&amp#27;[m : File Action "GetAbsolutePath" successfully performed. With the following test data "Relative Folder Path: "src/test/resources/testDataFiles/Schemas/ValidationError_schema.json"".
2023-01-22 22:12:40.462 &amp#27;[32m INFO&amp#27;[m &amp#27;[35m[@503 - main]&amp#27;[m &amp#27;[36mcom.shaft.tools.io.ReportManager&amp#27;[m : File Action "DoesFileExist" successfully performed. With the following test data "File Path: "C:\eclipse-workspace\MyProjects\TASystemsAPIs\src\test\resources\testDataFiles\Schemas\ValidationError_schema.json"".
2023-01-22 22:12:40.462 &amp#27;[32m INFO&amp#27;[m &amp#27;[35m[@503 - main]&amp#27;[m &amp#27;[36mcom.shaft.tools.io.ReportManager&amp#27;[m : File Action "GetAbsolutePath" successfully performed. With the following test data "Relative Folder Path: "C:\eclipse-workspace\MyProjects\TASystemsAPIs\src\test\resources\testDataFiles\Schemas\ValidationError_schema.json"".
2023-01-22 22:12:40.462 &amp#27;[32m INFO&amp#27;[m &amp#27;[35m[@503 - main]&amp#27;[m &amp#27;[36mcom.shaft.tools.io.ReportManager&amp#27;[m : File Action "ReadFile" successfully performed. With the following test data "File Path: "C:\eclipse-workspace\MyProjects\TASystemsAPIs\src\test\resources\testDataFiles\Schemas\ValidationError_schema.json"".
2023-01-22 22:12:40.463 &amp#27;[32m INFO&amp#27;[m &amp#27;[35m[@503 - main]&amp#27;[m &amp#27;[36mcom.shaft.tools.io.ReportManager&amp#27;[m : Successfully created attachment "Validation Test Data - Expected JSON Value"
2023-01-22 22:12:40.465 &amp#27;[32m INFO&amp#27;[m &amp#27;[35m[@503 - main]&amp#27;[m &amp#27;[36mcom.shaft.tools.io.ReportManager&amp#27;[m : Successfully created attachment "Validation Test Data - Actual JSON Value"
2023-01-22 22:12:40.466 &amp#27;[32m INFO&amp#27;[m &amp#27;[35m[@503 - main]&amp#27;[m &amp#27;[36mcom.shaft.tools.io.ReportManager&amp#27;[m : Successfully created attachment "SHAFT Engine Logs - Current Method log: Update_Policy_With_Missing_Keys_TC"
]]></system-out>
  </testcase>
  <testcase name="Update_Policy_With_Missing_Keys_TC[[Ljava.lang.Object;@22ed4ef8](17)" classname="SteeringCompanyAPI_TestCases.Test_Policies_Cases" time="3.02">
    <system-out><![CDATA[2023-01-22 22:12:40.469 &amp#27;[32m INFO&amp#27;[m &amp#27;[35m[@534 - main]&amp#27;[m &amp#27;[36mcom.shaft.tools.io.ReportManager&amp#27;[m : 
################################################################################################################################################
Starting Execution:	"303 out of 83" test cases in the current suite
Test Method:		"SteeringCompanyAPI_TestCases.Test_Policies_Cases.Update_Policy_With_Missing_Keys_TC"
Test Description:	"TC051 -Policy- Perform Update Policy with Missing Keys"
################################################################################################################################################
2023-01-22 22:12:40.469 &amp#27;[32m INFO&amp#27;[m &amp#27;[35m[@503 - main]&amp#27;[m &amp#27;[36mcom.shaft.tools.io.ReportManager&amp#27;[m : File Action "DoesFileExist" successfully performed. With the following test data "File Path: "SteeringCompanyAPI_TestData/SteeringCompanyAPI_TestData.xlsx"".
2023-01-22 22:12:40.491 &amp#27;[32m INFO&amp#27;[m &amp#27;[35m[@503 - main]&amp#27;[m &amp#27;[36mcom.shaft.tools.io.ReportManager&amp#27;[m : Successfully created attachment "Test Data - Excel"
2023-01-22 22:12:41.980 &amp#27;[32m INFO&amp#27;[m &amp#27;[35m[@503 - main]&amp#27;[m &amp#27;[36mcom.shaft.tools.io.ReportManager&amp#27;[m : Response status code: "200", status line: "HTTP/1.1 200 OK"
2023-01-22 22:12:41.989 &amp#27;[32m INFO&amp#27;[m &amp#27;[35m[@503 - main]&amp#27;[m &amp#27;[36mcom.shaft.tools.io.ReportManager&amp#27;[m : Successfully created attachment "API Request - Specifications"
2023-01-22 22:12:41.990 &amp#27;[32m INFO&amp#27;[m &amp#27;[35m[@503 - main]&amp#27;[m &amp#27;[36mcom.shaft.tools.io.ReportManager&amp#27;[m : Successfully created attachment "API Request - Body"
2023-01-22 22:12:41.992 &amp#27;[32m INFO&amp#27;[m &amp#27;[35m[@503 - main]&amp#27;[m &amp#27;[36mcom.shaft.tools.io.ReportManager&amp#27;[m : Successfully created attachment "API Response - JSON Body"
2023-01-22 22:12:41.998 &amp#27;[32m INFO&amp#27;[m &amp#27;[35m[@503 - main]&amp#27;[m &amp#27;[36mcom.shaft.tools.io.ReportManager&amp#27;[m : File Action "DoesFileExist" successfully performed. With the following test data "File Path: "SteeringCompanyAPI_TestData/SteeringCompanyAPI_TestData.xlsx"".
2023-01-22 22:12:42.058 &amp#27;[32m INFO&amp#27;[m &amp#27;[35m[@503 - main]&amp#27;[m &amp#27;[36mcom.shaft.tools.io.ReportManager&amp#27;[m : Successfully created attachment "Test Data - Excel"
2023-01-22 22:12:42.058 &amp#27;[32m INFO&amp#27;[m &amp#27;[35m[@503 - main]&amp#27;[m &amp#27;[36mcom.shaft.tools.io.ReportManager&amp#27;[m : File Action "DoesFileExist" successfully performed. With the following test data "File Path: "SteeringCompanyAPI_TestData/SteeringCompanyAPI_TestData.xlsx"".
2023-01-22 22:12:42.083 &amp#27;[32m INFO&amp#27;[m &amp#27;[35m[@503 - main]&amp#27;[m &amp#27;[36mcom.shaft.tools.io.ReportManager&amp#27;[m : Successfully created attachment "Test Data - Excel"
2023-01-22 22:12:42.083 &amp#27;[32m INFO&amp#27;[m &amp#27;[35m[@503 - main]&amp#27;[m &amp#27;[36mcom.shaft.tools.io.ReportManager&amp#27;[m : File Action "DoesFileExist" successfully performed. With the following test data "File Path: "SteeringCompanyAPI_TestData/SteeringCompanyAPI_TestData.xlsx"".
2023-01-22 22:12:42.103 &amp#27;[32m INFO&amp#27;[m &amp#27;[35m[@503 - main]&amp#27;[m &amp#27;[36mcom.shaft.tools.io.ReportManager&amp#27;[m : Successfully created attachment "Test Data - Excel"
2023-01-22 22:12:43.427 &amp#27;[32m INFO&amp#27;[m &amp#27;[35m[@503 - main]&amp#27;[m &amp#27;[36mcom.shaft.tools.io.ReportManager&amp#27;[m : Response status code: "422", status line: "HTTP/1.1 422 "
2023-01-22 22:12:43.436 &amp#27;[32m INFO&amp#27;[m &amp#27;[35m[@503 - main]&amp#27;[m &amp#27;[36mcom.shaft.tools.io.ReportManager&amp#27;[m : Successfully created attachment "API Request - Specifications"
2023-01-22 22:12:43.477 &amp#27;[32m INFO&amp#27;[m &amp#27;[35m[@503 - main]&amp#27;[m &amp#27;[36mcom.shaft.tools.io.ReportManager&amp#27;[m : Successfully created attachment "API Request - JSON Body"
2023-01-22 22:12:43.479 &amp#27;[32m INFO&amp#27;[m &amp#27;[35m[@503 - main]&amp#27;[m &amp#27;[36mcom.shaft.tools.io.ReportManager&amp#27;[m : Successfully created attachment "API Response - JSON Body"
2023-01-22 22:12:43.479 &amp#27;[32m INFO&amp#27;[m &amp#27;[35m[@503 - main]&amp#27;[m &amp#27;[36mcom.shaft.tools.io.ReportManager&amp#27;[m : File Action "DoesFileExist" successfully performed. With the following test data "File Path: "Schemas/ValidationError_schema.json"".
2023-01-22 22:12:43.479 &amp#27;[32m INFO&amp#27;[m &amp#27;[35m[@503 - main]&amp#27;[m &amp#27;[36mcom.shaft.tools.io.ReportManager&amp#27;[m : File Action "DoesFileExist" successfully performed. With the following test data "File Path: "src/test/resources/testDataFiles/Schemas/ValidationError_schema.json"".
2023-01-22 22:12:43.480 &amp#27;[32m INFO&amp#27;[m &amp#27;[35m[@503 - main]&amp#27;[m &amp#27;[36mcom.shaft.tools.io.ReportManager&amp#27;[m : File Action "GetAbsolutePath" successfully performed. With the following test data "Relative Folder Path: "src/test/resources/testDataFiles/Schemas/ValidationError_schema.json"".
2023-01-22 22:12:43.481 &amp#27;[32m INFO&amp#27;[m &amp#27;[35m[@503 - main]&amp#27;[m &amp#27;[36mcom.shaft.tools.io.ReportManager&amp#27;[m : File Action "DoesFileExist" successfully performed. With the following test data "File Path: "C:\eclipse-workspace\MyProjects\TASystemsAPIs\src\test\resources\testDataFiles\Schemas\ValidationError_schema.json"".
2023-01-22 22:12:43.481 &amp#27;[32m INFO&amp#27;[m &amp#27;[35m[@503 - main]&amp#27;[m &amp#27;[36mcom.shaft.tools.io.ReportManager&amp#27;[m : File Action "GetAbsolutePath" successfully performed. With the following test data "Relative Folder Path: "C:\eclipse-workspace\MyProjects\TASystemsAPIs\src\test\resources\testDataFiles\Schemas\ValidationError_schema.json"".
2023-01-22 22:12:43.481 &amp#27;[32m INFO&amp#27;[m &amp#27;[35m[@503 - main]&amp#27;[m &amp#27;[36mcom.shaft.tools.io.ReportManager&amp#27;[m : File Action "ReadFile" successfully performed. With the following test data "File Path: "C:\eclipse-workspace\MyProjects\TASystemsAPIs\src\test\resources\testDataFiles\Schemas\ValidationError_schema.json"".
2023-01-22 22:12:43.482 &amp#27;[32m INFO&amp#27;[m &amp#27;[35m[@503 - main]&amp#27;[m &amp#27;[36mcom.shaft.tools.io.ReportManager&amp#27;[m : Successfully created attachment "Validation Test Data - Expected JSON Value"
2023-01-22 22:12:43.484 &amp#27;[32m INFO&amp#27;[m &amp#27;[35m[@503 - main]&amp#27;[m &amp#27;[36mcom.shaft.tools.io.ReportManager&amp#27;[m : Successfully created attachment "Validation Test Data - Actual JSON Value"
2023-01-22 22:12:43.485 &amp#27;[32m INFO&amp#27;[m &amp#27;[35m[@503 - main]&amp#27;[m &amp#27;[36mcom.shaft.tools.io.ReportManager&amp#27;[m : Successfully created attachment "SHAFT Engine Logs - Current Method log: Update_Policy_With_Missing_Keys_TC"
]]></system-out>
  </testcase>
  <testcase name="Update_Policy_With_Missing_Keys_TC[[Ljava.lang.Object;@cac907c](18)" classname="SteeringCompanyAPI_TestCases.Test_Policies_Cases" time="3.403">
    <system-out><![CDATA[2023-01-22 22:12:43.488 &amp#27;[32m INFO&amp#27;[m &amp#27;[35m[@534 - main]&amp#27;[m &amp#27;[36mcom.shaft.tools.io.ReportManager&amp#27;[m : 
################################################################################################################################################
Starting Execution:	"304 out of 83" test cases in the current suite
Test Method:		"SteeringCompanyAPI_TestCases.Test_Policies_Cases.Update_Policy_With_Missing_Keys_TC"
Test Description:	"TC051 -Policy- Perform Update Policy with Missing Keys"
################################################################################################################################################
2023-01-22 22:12:43.488 &amp#27;[32m INFO&amp#27;[m &amp#27;[35m[@503 - main]&amp#27;[m &amp#27;[36mcom.shaft.tools.io.ReportManager&amp#27;[m : File Action "DoesFileExist" successfully performed. With the following test data "File Path: "SteeringCompanyAPI_TestData/SteeringCompanyAPI_TestData.xlsx"".
2023-01-22 22:12:43.509 &amp#27;[32m INFO&amp#27;[m &amp#27;[35m[@503 - main]&amp#27;[m &amp#27;[36mcom.shaft.tools.io.ReportManager&amp#27;[m : Successfully created attachment "Test Data - Excel"
2023-01-22 22:12:45.535 &amp#27;[32m INFO&amp#27;[m &amp#27;[35m[@503 - main]&amp#27;[m &amp#27;[36mcom.shaft.tools.io.ReportManager&amp#27;[m : Response status code: "200", status line: "HTTP/1.1 200 OK"
2023-01-22 22:12:45.545 &amp#27;[32m INFO&amp#27;[m &amp#27;[35m[@503 - main]&amp#27;[m &amp#27;[36mcom.shaft.tools.io.ReportManager&amp#27;[m : Successfully created attachment "API Request - Specifications"
2023-01-22 22:12:45.584 &amp#27;[32m INFO&amp#27;[m &amp#27;[35m[@503 - main]&amp#27;[m &amp#27;[36mcom.shaft.tools.io.ReportManager&amp#27;[m : Successfully created attachment "API Request - Body"
2023-01-22 22:12:45.585 &amp#27;[32m INFO&amp#27;[m &amp#27;[35m[@503 - main]&amp#27;[m &amp#27;[36mcom.shaft.tools.io.ReportManager&amp#27;[m : Successfully created attachment "API Response - JSON Body"
2023-01-22 22:12:45.595 &amp#27;[32m INFO&amp#27;[m &amp#27;[35m[@503 - main]&amp#27;[m &amp#27;[36mcom.shaft.tools.io.ReportManager&amp#27;[m : File Action "DoesFileExist" successfully performed. With the following test data "File Path: "SteeringCompanyAPI_TestData/SteeringCompanyAPI_TestData.xlsx"".
2023-01-22 22:12:45.619 &amp#27;[32m INFO&amp#27;[m &amp#27;[35m[@503 - main]&amp#27;[m &amp#27;[36mcom.shaft.tools.io.ReportManager&amp#27;[m : Successfully created attachment "Test Data - Excel"
2023-01-22 22:12:45.621 &amp#27;[32m INFO&amp#27;[m &amp#27;[35m[@503 - main]&amp#27;[m &amp#27;[36mcom.shaft.tools.io.ReportManager&amp#27;[m : File Action "DoesFileExist" successfully performed. With the following test data "File Path: "SteeringCompanyAPI_TestData/SteeringCompanyAPI_TestData.xlsx"".
2023-01-22 22:12:45.644 &amp#27;[32m INFO&amp#27;[m &amp#27;[35m[@503 - main]&amp#27;[m &amp#27;[36mcom.shaft.tools.io.ReportManager&amp#27;[m : Successfully created attachment "Test Data - Excel"
2023-01-22 22:12:45.644 &amp#27;[32m INFO&amp#27;[m &amp#27;[35m[@503 - main]&amp#27;[m &amp#27;[36mcom.shaft.tools.io.ReportManager&amp#27;[m : File Action "DoesFileExist" successfully performed. With the following test data "File Path: "SteeringCompanyAPI_TestData/SteeringCompanyAPI_TestData.xlsx"".
2023-01-22 22:12:45.670 &amp#27;[32m INFO&amp#27;[m &amp#27;[35m[@503 - main]&amp#27;[m &amp#27;[36mcom.shaft.tools.io.ReportManager&amp#27;[m : Successfully created attachment "Test Data - Excel"
2023-01-22 22:12:46.863 &amp#27;[32m INFO&amp#27;[m &amp#27;[35m[@503 - main]&amp#27;[m &amp#27;[36mcom.shaft.tools.io.ReportManager&amp#27;[m : Response status code: "422", status line: "HTTP/1.1 422 "
2023-01-22 22:12:46.872 &amp#27;[32m INFO&amp#27;[m &amp#27;[35m[@503 - main]&amp#27;[m &amp#27;[36mcom.shaft.tools.io.ReportManager&amp#27;[m : Successfully created attachment "API Request - Specifications"
2023-01-22 22:12:46.874 &amp#27;[32m INFO&amp#27;[m &amp#27;[35m[@503 - main]&amp#27;[m &amp#27;[36mcom.shaft.tools.io.ReportManager&amp#27;[m : Successfully created attachment "API Request - JSON Body"
2023-01-22 22:12:46.881 &amp#27;[32m INFO&amp#27;[m &amp#27;[35m[@503 - main]&amp#27;[m &amp#27;[36mcom.shaft.tools.io.ReportManager&amp#27;[m : Successfully created attachment "API Response - JSON Body"
2023-01-22 22:12:46.882 &amp#27;[32m INFO&amp#27;[m &amp#27;[35m[@503 - main]&amp#27;[m &amp#27;[36mcom.shaft.tools.io.ReportManager&amp#27;[m : File Action "DoesFileExist" successfully performed. With the following test data "File Path: "Schemas/ValidationError_schema.json"".
2023-01-22 22:12:46.882 &amp#27;[32m INFO&amp#27;[m &amp#27;[35m[@503 - main]&amp#27;[m &amp#27;[36mcom.shaft.tools.io.ReportManager&amp#27;[m : File Action "DoesFileExist" successfully performed. With the following test data "File Path: "src/test/resources/testDataFiles/Schemas/ValidationError_schema.json"".
2023-01-22 22:12:46.882 &amp#27;[32m INFO&amp#27;[m &amp#27;[35m[@503 - main]&amp#27;[m &amp#27;[36mcom.shaft.tools.io.ReportManager&amp#27;[m : File Action "GetAbsolutePath" successfully performed. With the following test data "Relative Folder Path: "src/test/resources/testDataFiles/Schemas/ValidationError_schema.json"".
2023-01-22 22:12:46.883 &amp#27;[32m INFO&amp#27;[m &amp#27;[35m[@503 - main]&amp#27;[m &amp#27;[36mcom.shaft.tools.io.ReportManager&amp#27;[m : File Action "DoesFileExist" successfully performed. With the following test data "File Path: "C:\eclipse-workspace\MyProjects\TASystemsAPIs\src\test\resources\testDataFiles\Schemas\ValidationError_schema.json"".
2023-01-22 22:12:46.883 &amp#27;[32m INFO&amp#27;[m &amp#27;[35m[@503 - main]&amp#27;[m &amp#27;[36mcom.shaft.tools.io.ReportManager&amp#27;[m : File Action "GetAbsolutePath" successfully performed. With the following test data "Relative Folder Path: "C:\eclipse-workspace\MyProjects\TASystemsAPIs\src\test\resources\testDataFiles\Schemas\ValidationError_schema.json"".
2023-01-22 22:12:46.883 &amp#27;[32m INFO&amp#27;[m &amp#27;[35m[@503 - main]&amp#27;[m &amp#27;[36mcom.shaft.tools.io.ReportManager&amp#27;[m : File Action "ReadFile" successfully performed. With the following test data "File Path: "C:\eclipse-workspace\MyProjects\TASystemsAPIs\src\test\resources\testDataFiles\Schemas\ValidationError_schema.json"".
2023-01-22 22:12:46.885 &amp#27;[32m INFO&amp#27;[m &amp#27;[35m[@503 - main]&amp#27;[m &amp#27;[36mcom.shaft.tools.io.ReportManager&amp#27;[m : Successfully created attachment "Validation Test Data - Expected JSON Value"
2023-01-22 22:12:46.887 &amp#27;[32m INFO&amp#27;[m &amp#27;[35m[@503 - main]&amp#27;[m &amp#27;[36mcom.shaft.tools.io.ReportManager&amp#27;[m : Successfully created attachment "Validation Test Data - Actual JSON Value"
2023-01-22 22:12:46.888 &amp#27;[32m INFO&amp#27;[m &amp#27;[35m[@503 - main]&amp#27;[m &amp#27;[36mcom.shaft.tools.io.ReportManager&amp#27;[m : Successfully created attachment "SHAFT Engine Logs - Current Method log: Update_Policy_With_Missing_Keys_TC"
]]></system-out>
  </testcase>
  <testcase name="Update_Policy_With_Missing_Keys_TC[[Ljava.lang.Object;@43ce5352](19)" classname="SteeringCompanyAPI_TestCases.Test_Policies_Cases" time="13.539">
    <system-out><![CDATA[2023-01-22 22:12:46.891 &amp#27;[32m INFO&amp#27;[m &amp#27;[35m[@534 - main]&amp#27;[m &amp#27;[36mcom.shaft.tools.io.ReportManager&amp#27;[m : 
################################################################################################################################################
Starting Execution:	"305 out of 83" test cases in the current suite
Test Method:		"SteeringCompanyAPI_TestCases.Test_Policies_Cases.Update_Policy_With_Missing_Keys_TC"
Test Description:	"TC051 -Policy- Perform Update Policy with Missing Keys"
################################################################################################################################################
2023-01-22 22:12:46.892 &amp#27;[32m INFO&amp#27;[m &amp#27;[35m[@503 - main]&amp#27;[m &amp#27;[36mcom.shaft.tools.io.ReportManager&amp#27;[m : File Action "DoesFileExist" successfully performed. With the following test data "File Path: "SteeringCompanyAPI_TestData/SteeringCompanyAPI_TestData.xlsx"".
2023-01-22 22:12:46.921 &amp#27;[32m INFO&amp#27;[m &amp#27;[35m[@503 - main]&amp#27;[m &amp#27;[36mcom.shaft.tools.io.ReportManager&amp#27;[m : Successfully created attachment "Test Data - Excel"
2023-01-22 22:12:48.947 &amp#27;[32m INFO&amp#27;[m &amp#27;[35m[@503 - main]&amp#27;[m &amp#27;[36mcom.shaft.tools.io.ReportManager&amp#27;[m : Response status code: "200", status line: "HTTP/1.1 200 OK"
2023-01-22 22:12:48.957 &amp#27;[32m INFO&amp#27;[m &amp#27;[35m[@503 - main]&amp#27;[m &amp#27;[36mcom.shaft.tools.io.ReportManager&amp#27;[m : Successfully created attachment "API Request - Specifications"
2023-01-22 22:12:48.959 &amp#27;[32m INFO&amp#27;[m &amp#27;[35m[@503 - main]&amp#27;[m &amp#27;[36mcom.shaft.tools.io.ReportManager&amp#27;[m : Successfully created attachment "API Request - Body"
2023-01-22 22:12:48.960 &amp#27;[32m INFO&amp#27;[m &amp#27;[35m[@503 - main]&amp#27;[m &amp#27;[36mcom.shaft.tools.io.ReportManager&amp#27;[m : Successfully created attachment "API Response - JSON Body"
2023-01-22 22:12:48.969 &amp#27;[32m INFO&amp#27;[m &amp#27;[35m[@503 - main]&amp#27;[m &amp#27;[36mcom.shaft.tools.io.ReportManager&amp#27;[m : File Action "DoesFileExist" successfully performed. With the following test data "File Path: "SteeringCompanyAPI_TestData/SteeringCompanyAPI_TestData.xlsx"".
2023-01-22 22:12:49.032 &amp#27;[32m INFO&amp#27;[m &amp#27;[35m[@503 - main]&amp#27;[m &amp#27;[36mcom.shaft.tools.io.ReportManager&amp#27;[m : Successfully created attachment "Test Data - Excel"
2023-01-22 22:12:49.033 &amp#27;[32m INFO&amp#27;[m &amp#27;[35m[@503 - main]&amp#27;[m &amp#27;[36mcom.shaft.tools.io.ReportManager&amp#27;[m : File Action "DoesFileExist" successfully performed. With the following test data "File Path: "SteeringCompanyAPI_TestData/SteeringCompanyAPI_TestData.xlsx"".
2023-01-22 22:12:49.055 &amp#27;[32m INFO&amp#27;[m &amp#27;[35m[@503 - main]&amp#27;[m &amp#27;[36mcom.shaft.tools.io.ReportManager&amp#27;[m : Successfully created attachment "Test Data - Excel"
2023-01-22 22:12:49.056 &amp#27;[32m INFO&amp#27;[m &amp#27;[35m[@503 - main]&amp#27;[m &amp#27;[36mcom.shaft.tools.io.ReportManager&amp#27;[m : File Action "DoesFileExist" successfully performed. With the following test data "File Path: "SteeringCompanyAPI_TestData/SteeringCompanyAPI_TestData.xlsx"".
2023-01-22 22:12:49.076 &amp#27;[32m INFO&amp#27;[m &amp#27;[35m[@503 - main]&amp#27;[m &amp#27;[36mcom.shaft.tools.io.ReportManager&amp#27;[m : Successfully created attachment "Test Data - Excel"
2023-01-22 22:12:55.453 &amp#27;[32m INFO&amp#27;[m &amp#27;[35m[@503 - main]&amp#27;[m &amp#27;[36mcom.shaft.tools.io.ReportManager&amp#27;[m : Response status code: "422", status line: "HTTP/1.1 422 "
2023-01-22 22:13:00.379 &amp#27;[32m INFO&amp#27;[m &amp#27;[35m[@503 - main]&amp#27;[m &amp#27;[36mcom.shaft.tools.io.ReportManager&amp#27;[m : Successfully created attachment "API Request - Specifications"
2023-01-22 22:13:00.418 &amp#27;[32m INFO&amp#27;[m &amp#27;[35m[@503 - main]&amp#27;[m &amp#27;[36mcom.shaft.tools.io.ReportManager&amp#27;[m : Successfully created attachment "API Request - JSON Body"
2023-01-22 22:13:00.420 &amp#27;[32m INFO&amp#27;[m &amp#27;[35m[@503 - main]&amp#27;[m &amp#27;[36mcom.shaft.tools.io.ReportManager&amp#27;[m : Successfully created attachment "API Response - JSON Body"
2023-01-22 22:13:00.420 &amp#27;[32m INFO&amp#27;[m &amp#27;[35m[@503 - main]&amp#27;[m &amp#27;[36mcom.shaft.tools.io.ReportManager&amp#27;[m : File Action "DoesFileExist" successfully performed. With the following test data "File Path: "Schemas/ValidationError_schema.json"".
2023-01-22 22:13:00.422 &amp#27;[32m INFO&amp#27;[m &amp#27;[35m[@503 - main]&amp#27;[m &amp#27;[36mcom.shaft.tools.io.ReportManager&amp#27;[m : File Action "DoesFileExist" successfully performed. With the following test data "File Path: "src/test/resources/testDataFiles/Schemas/ValidationError_schema.json"".
2023-01-22 22:13:00.422 &amp#27;[32m INFO&amp#27;[m &amp#27;[35m[@503 - main]&amp#27;[m &amp#27;[36mcom.shaft.tools.io.ReportManager&amp#27;[m : File Action "GetAbsolutePath" successfully performed. With the following test data "Relative Folder Path: "src/test/resources/testDataFiles/Schemas/ValidationError_schema.json"".
2023-01-22 22:13:00.423 &amp#27;[32m INFO&amp#27;[m &amp#27;[35m[@503 - main]&amp#27;[m &amp#27;[36mcom.shaft.tools.io.ReportManager&amp#27;[m : File Action "DoesFileExist" successfully performed. With the following test data "File Path: "C:\eclipse-workspace\MyProjects\TASystemsAPIs\src\test\resources\testDataFiles\Schemas\ValidationError_schema.json"".
2023-01-22 22:13:00.424 &amp#27;[32m INFO&amp#27;[m &amp#27;[35m[@503 - main]&amp#27;[m &amp#27;[36mcom.shaft.tools.io.ReportManager&amp#27;[m : File Action "GetAbsolutePath" successfully performed. With the following test data "Relative Folder Path: "C:\eclipse-workspace\MyProjects\TASystemsAPIs\src\test\resources\testDataFiles\Schemas\ValidationError_schema.json"".
2023-01-22 22:13:00.424 &amp#27;[32m INFO&amp#27;[m &amp#27;[35m[@503 - main]&amp#27;[m &amp#27;[36mcom.shaft.tools.io.ReportManager&amp#27;[m : File Action "ReadFile" successfully performed. With the following test data "File Path: "C:\eclipse-workspace\MyProjects\TASystemsAPIs\src\test\resources\testDataFiles\Schemas\ValidationError_schema.json"".
2023-01-22 22:13:00.425 &amp#27;[32m INFO&amp#27;[m &amp#27;[35m[@503 - main]&amp#27;[m &amp#27;[36mcom.shaft.tools.io.ReportManager&amp#27;[m : Successfully created attachment "Validation Test Data - Expected JSON Value"
2023-01-22 22:13:00.426 &amp#27;[32m INFO&amp#27;[m &amp#27;[35m[@503 - main]&amp#27;[m &amp#27;[36mcom.shaft.tools.io.ReportManager&amp#27;[m : Successfully created attachment "Validation Test Data - Actual JSON Value"
2023-01-22 22:13:00.427 &amp#27;[32m INFO&amp#27;[m &amp#27;[35m[@503 - main]&amp#27;[m &amp#27;[36mcom.shaft.tools.io.ReportManager&amp#27;[m : Successfully created attachment "SHAFT Engine Logs - Current Method log: Update_Policy_With_Missing_Keys_TC"
]]></system-out>
  </testcase>
  <testcase name="Update_Policy_With_Missing_Keys_TC[[Ljava.lang.Object;@2e75793d](20)" classname="SteeringCompanyAPI_TestCases.Test_Policies_Cases" time="8.305">
    <system-out><![CDATA[2023-01-22 22:13:00.430 &amp#27;[32m INFO&amp#27;[m &amp#27;[35m[@534 - main]&amp#27;[m &amp#27;[36mcom.shaft.tools.io.ReportManager&amp#27;[m : 
################################################################################################################################################
Starting Execution:	"306 out of 83" test cases in the current suite
Test Method:		"SteeringCompanyAPI_TestCases.Test_Policies_Cases.Update_Policy_With_Missing_Keys_TC"
Test Description:	"TC051 -Policy- Perform Update Policy with Missing Keys"
################################################################################################################################################
2023-01-22 22:13:00.431 &amp#27;[32m INFO&amp#27;[m &amp#27;[35m[@503 - main]&amp#27;[m &amp#27;[36mcom.shaft.tools.io.ReportManager&amp#27;[m : File Action "DoesFileExist" successfully performed. With the following test data "File Path: "SteeringCompanyAPI_TestData/SteeringCompanyAPI_TestData.xlsx"".
2023-01-22 22:13:00.453 &amp#27;[32m INFO&amp#27;[m &amp#27;[35m[@503 - main]&amp#27;[m &amp#27;[36mcom.shaft.tools.io.ReportManager&amp#27;[m : Successfully created attachment "Test Data - Excel"
2023-01-22 22:13:04.983 &amp#27;[32m INFO&amp#27;[m &amp#27;[35m[@503 - main]&amp#27;[m &amp#27;[36mcom.shaft.tools.io.ReportManager&amp#27;[m : Response status code: "200", status line: "HTTP/1.1 200 OK"
2023-01-22 22:13:04.999 &amp#27;[32m INFO&amp#27;[m &amp#27;[35m[@503 - main]&amp#27;[m &amp#27;[36mcom.shaft.tools.io.ReportManager&amp#27;[m : Successfully created attachment "API Request - Specifications"
2023-01-22 22:13:05.035 &amp#27;[32m INFO&amp#27;[m &amp#27;[35m[@503 - main]&amp#27;[m &amp#27;[36mcom.shaft.tools.io.ReportManager&amp#27;[m : Successfully created attachment "API Request - Body"
2023-01-22 22:13:05.036 &amp#27;[32m INFO&amp#27;[m &amp#27;[35m[@503 - main]&amp#27;[m &amp#27;[36mcom.shaft.tools.io.ReportManager&amp#27;[m : Successfully created attachment "API Response - JSON Body"
2023-01-22 22:13:05.042 &amp#27;[32m INFO&amp#27;[m &amp#27;[35m[@503 - main]&amp#27;[m &amp#27;[36mcom.shaft.tools.io.ReportManager&amp#27;[m : File Action "DoesFileExist" successfully performed. With the following test data "File Path: "SteeringCompanyAPI_TestData/SteeringCompanyAPI_TestData.xlsx"".
2023-01-22 22:13:05.063 &amp#27;[32m INFO&amp#27;[m &amp#27;[35m[@503 - main]&amp#27;[m &amp#27;[36mcom.shaft.tools.io.ReportManager&amp#27;[m : Successfully created attachment "Test Data - Excel"
2023-01-22 22:13:05.064 &amp#27;[32m INFO&amp#27;[m &amp#27;[35m[@503 - main]&amp#27;[m &amp#27;[36mcom.shaft.tools.io.ReportManager&amp#27;[m : File Action "DoesFileExist" successfully performed. With the following test data "File Path: "SteeringCompanyAPI_TestData/SteeringCompanyAPI_TestData.xlsx"".
2023-01-22 22:13:05.099 &amp#27;[32m INFO&amp#27;[m &amp#27;[35m[@503 - main]&amp#27;[m &amp#27;[36mcom.shaft.tools.io.ReportManager&amp#27;[m : Successfully created attachment "Test Data - Excel"
2023-01-22 22:13:05.099 &amp#27;[32m INFO&amp#27;[m &amp#27;[35m[@503 - main]&amp#27;[m &amp#27;[36mcom.shaft.tools.io.ReportManager&amp#27;[m : File Action "DoesFileExist" successfully performed. With the following test data "File Path: "SteeringCompanyAPI_TestData/SteeringCompanyAPI_TestData.xlsx"".
2023-01-22 22:13:05.128 &amp#27;[32m INFO&amp#27;[m &amp#27;[35m[@503 - main]&amp#27;[m &amp#27;[36mcom.shaft.tools.io.ReportManager&amp#27;[m : Successfully created attachment "Test Data - Excel"
2023-01-22 22:13:08.654 &amp#27;[32m INFO&amp#27;[m &amp#27;[35m[@503 - main]&amp#27;[m &amp#27;[36mcom.shaft.tools.io.ReportManager&amp#27;[m : Response status code: "422", status line: "HTTP/1.1 422 "
2023-01-22 22:13:08.685 &amp#27;[32m INFO&amp#27;[m &amp#27;[35m[@503 - main]&amp#27;[m &amp#27;[36mcom.shaft.tools.io.ReportManager&amp#27;[m : Successfully created attachment "API Request - Specifications"
2023-01-22 22:13:08.723 &amp#27;[32m INFO&amp#27;[m &amp#27;[35m[@503 - main]&amp#27;[m &amp#27;[36mcom.shaft.tools.io.ReportManager&amp#27;[m : Successfully created attachment "API Request - JSON Body"
2023-01-22 22:13:08.724 &amp#27;[32m INFO&amp#27;[m &amp#27;[35m[@503 - main]&amp#27;[m &amp#27;[36mcom.shaft.tools.io.ReportManager&amp#27;[m : Successfully created attachment "API Response - JSON Body"
2023-01-22 22:13:08.726 &amp#27;[32m INFO&amp#27;[m &amp#27;[35m[@503 - main]&amp#27;[m &amp#27;[36mcom.shaft.tools.io.ReportManager&amp#27;[m : File Action "DoesFileExist" successfully performed. With the following test data "File Path: "Schemas/ValidationError_schema.json"".
2023-01-22 22:13:08.726 &amp#27;[32m INFO&amp#27;[m &amp#27;[35m[@503 - main]&amp#27;[m &amp#27;[36mcom.shaft.tools.io.ReportManager&amp#27;[m : File Action "DoesFileExist" successfully performed. With the following test data "File Path: "src/test/resources/testDataFiles/Schemas/ValidationError_schema.json"".
2023-01-22 22:13:08.726 &amp#27;[32m INFO&amp#27;[m &amp#27;[35m[@503 - main]&amp#27;[m &amp#27;[36mcom.shaft.tools.io.ReportManager&amp#27;[m : File Action "GetAbsolutePath" successfully performed. With the following test data "Relative Folder Path: "src/test/resources/testDataFiles/Schemas/ValidationError_schema.json"".
2023-01-22 22:13:08.727 &amp#27;[32m INFO&amp#27;[m &amp#27;[35m[@503 - main]&amp#27;[m &amp#27;[36mcom.shaft.tools.io.ReportManager&amp#27;[m : File Action "DoesFileExist" successfully performed. With the following test data "File Path: "C:\eclipse-workspace\MyProjects\TASystemsAPIs\src\test\resources\testDataFiles\Schemas\ValidationError_schema.json"".
2023-01-22 22:13:08.728 &amp#27;[32m INFO&amp#27;[m &amp#27;[35m[@503 - main]&amp#27;[m &amp#27;[36mcom.shaft.tools.io.ReportManager&amp#27;[m : File Action "GetAbsolutePath" successfully performed. With the following test data "Relative Folder Path: "C:\eclipse-workspace\MyProjects\TASystemsAPIs\src\test\resources\testDataFiles\Schemas\ValidationError_schema.json"".
2023-01-22 22:13:08.728 &amp#27;[32m INFO&amp#27;[m &amp#27;[35m[@503 - main]&amp#27;[m &amp#27;[36mcom.shaft.tools.io.ReportManager&amp#27;[m : File Action "ReadFile" successfully performed. With the following test data "File Path: "C:\eclipse-workspace\MyProjects\TASystemsAPIs\src\test\resources\testDataFiles\Schemas\ValidationError_schema.json"".
2023-01-22 22:13:08.729 &amp#27;[32m INFO&amp#27;[m &amp#27;[35m[@503 - main]&amp#27;[m &amp#27;[36mcom.shaft.tools.io.ReportManager&amp#27;[m : Successfully created attachment "Validation Test Data - Expected JSON Value"
2023-01-22 22:13:08.731 &amp#27;[32m INFO&amp#27;[m &amp#27;[35m[@503 - main]&amp#27;[m &amp#27;[36mcom.shaft.tools.io.ReportManager&amp#27;[m : Successfully created attachment "Validation Test Data - Actual JSON Value"
2023-01-22 22:13:08.732 &amp#27;[32m INFO&amp#27;[m &amp#27;[35m[@503 - main]&amp#27;[m &amp#27;[36mcom.shaft.tools.io.ReportManager&amp#27;[m : Successfully created attachment "SHAFT Engine Logs - Current Method log: Update_Policy_With_Missing_Keys_TC"
]]></system-out>
  </testcase>
  <testcase name="Update_Policy_With_Missing_Keys_TC[[Ljava.lang.Object;@1cee20dc](21)" classname="SteeringCompanyAPI_TestCases.Test_Policies_Cases" time="3.2">
    <system-out><![CDATA[2023-01-22 22:13:08.736 &amp#27;[32m INFO&amp#27;[m &amp#27;[35m[@534 - main]&amp#27;[m &amp#27;[36mcom.shaft.tools.io.ReportManager&amp#27;[m : 
################################################################################################################################################
Starting Execution:	"307 out of 83" test cases in the current suite
Test Method:		"SteeringCompanyAPI_TestCases.Test_Policies_Cases.Update_Policy_With_Missing_Keys_TC"
Test Description:	"TC051 -Policy- Perform Update Policy with Missing Keys"
################################################################################################################################################
2023-01-22 22:13:08.736 &amp#27;[32m INFO&amp#27;[m &amp#27;[35m[@503 - main]&amp#27;[m &amp#27;[36mcom.shaft.tools.io.ReportManager&amp#27;[m : File Action "DoesFileExist" successfully performed. With the following test data "File Path: "SteeringCompanyAPI_TestData/SteeringCompanyAPI_TestData.xlsx"".
2023-01-22 22:13:08.758 &amp#27;[32m INFO&amp#27;[m &amp#27;[35m[@503 - main]&amp#27;[m &amp#27;[36mcom.shaft.tools.io.ReportManager&amp#27;[m : Successfully created attachment "Test Data - Excel"
2023-01-22 22:13:09.831 &amp#27;[32m INFO&amp#27;[m &amp#27;[35m[@503 - main]&amp#27;[m &amp#27;[36mcom.shaft.tools.io.ReportManager&amp#27;[m : Response status code: "200", status line: "HTTP/1.1 200 OK"
2023-01-22 22:13:09.842 &amp#27;[32m INFO&amp#27;[m &amp#27;[35m[@503 - main]&amp#27;[m &amp#27;[36mcom.shaft.tools.io.ReportManager&amp#27;[m : Successfully created attachment "API Request - Specifications"
2023-01-22 22:13:09.843 &amp#27;[32m INFO&amp#27;[m &amp#27;[35m[@503 - main]&amp#27;[m &amp#27;[36mcom.shaft.tools.io.ReportManager&amp#27;[m : Successfully created attachment "API Request - Body"
2023-01-22 22:13:09.844 &amp#27;[32m INFO&amp#27;[m &amp#27;[35m[@503 - main]&amp#27;[m &amp#27;[36mcom.shaft.tools.io.ReportManager&amp#27;[m : Successfully created attachment "API Response - JSON Body"
2023-01-22 22:13:09.852 &amp#27;[32m INFO&amp#27;[m &amp#27;[35m[@503 - main]&amp#27;[m &amp#27;[36mcom.shaft.tools.io.ReportManager&amp#27;[m : File Action "DoesFileExist" successfully performed. With the following test data "File Path: "SteeringCompanyAPI_TestData/SteeringCompanyAPI_TestData.xlsx"".
2023-01-22 22:13:09.926 &amp#27;[32m INFO&amp#27;[m &amp#27;[35m[@503 - main]&amp#27;[m &amp#27;[36mcom.shaft.tools.io.ReportManager&amp#27;[m : Successfully created attachment "Test Data - Excel"
2023-01-22 22:13:09.927 &amp#27;[32m INFO&amp#27;[m &amp#27;[35m[@503 - main]&amp#27;[m &amp#27;[36mcom.shaft.tools.io.ReportManager&amp#27;[m : File Action "DoesFileExist" successfully performed. With the following test data "File Path: "SteeringCompanyAPI_TestData/SteeringCompanyAPI_TestData.xlsx"".
2023-01-22 22:13:09.950 &amp#27;[32m INFO&amp#27;[m &amp#27;[35m[@503 - main]&amp#27;[m &amp#27;[36mcom.shaft.tools.io.ReportManager&amp#27;[m : Successfully created attachment "Test Data - Excel"
2023-01-22 22:13:09.951 &amp#27;[32m INFO&amp#27;[m &amp#27;[35m[@503 - main]&amp#27;[m &amp#27;[36mcom.shaft.tools.io.ReportManager&amp#27;[m : File Action "DoesFileExist" successfully performed. With the following test data "File Path: "SteeringCompanyAPI_TestData/SteeringCompanyAPI_TestData.xlsx"".
2023-01-22 22:13:09.971 &amp#27;[32m INFO&amp#27;[m &amp#27;[35m[@503 - main]&amp#27;[m &amp#27;[36mcom.shaft.tools.io.ReportManager&amp#27;[m : Successfully created attachment "Test Data - Excel"
2023-01-22 22:13:11.872 &amp#27;[32m INFO&amp#27;[m &amp#27;[35m[@503 - main]&amp#27;[m &amp#27;[36mcom.shaft.tools.io.ReportManager&amp#27;[m : Response status code: "422", status line: "HTTP/1.1 422 "
2023-01-22 22:13:11.883 &amp#27;[32m INFO&amp#27;[m &amp#27;[35m[@503 - main]&amp#27;[m &amp#27;[36mcom.shaft.tools.io.ReportManager&amp#27;[m : Successfully created attachment "API Request - Specifications"
2023-01-22 22:13:11.923 &amp#27;[32m INFO&amp#27;[m &amp#27;[35m[@503 - main]&amp#27;[m &amp#27;[36mcom.shaft.tools.io.ReportManager&amp#27;[m : Successfully created attachment "API Request - JSON Body"
2023-01-22 22:13:11.924 &amp#27;[32m INFO&amp#27;[m &amp#27;[35m[@503 - main]&amp#27;[m &amp#27;[36mcom.shaft.tools.io.ReportManager&amp#27;[m : Successfully created attachment "API Response - JSON Body"
2023-01-22 22:13:11.924 &amp#27;[32m INFO&amp#27;[m &amp#27;[35m[@503 - main]&amp#27;[m &amp#27;[36mcom.shaft.tools.io.ReportManager&amp#27;[m : File Action "DoesFileExist" successfully performed. With the following test data "File Path: "Schemas/ValidationError_schema.json"".
2023-01-22 22:13:11.925 &amp#27;[32m INFO&amp#27;[m &amp#27;[35m[@503 - main]&amp#27;[m &amp#27;[36mcom.shaft.tools.io.ReportManager&amp#27;[m : File Action "DoesFileExist" successfully performed. With the following test data "File Path: "src/test/resources/testDataFiles/Schemas/ValidationError_schema.json"".
2023-01-22 22:13:11.925 &amp#27;[32m INFO&amp#27;[m &amp#27;[35m[@503 - main]&amp#27;[m &amp#27;[36mcom.shaft.tools.io.ReportManager&amp#27;[m : File Action "GetAbsolutePath" successfully performed. With the following test data "Relative Folder Path: "src/test/resources/testDataFiles/Schemas/ValidationError_schema.json"".
2023-01-22 22:13:11.926 &amp#27;[32m INFO&amp#27;[m &amp#27;[35m[@503 - main]&amp#27;[m &amp#27;[36mcom.shaft.tools.io.ReportManager&amp#27;[m : File Action "DoesFileExist" successfully performed. With the following test data "File Path: "C:\eclipse-workspace\MyProjects\TASystemsAPIs\src\test\resources\testDataFiles\Schemas\ValidationError_schema.json"".
2023-01-22 22:13:11.926 &amp#27;[32m INFO&amp#27;[m &amp#27;[35m[@503 - main]&amp#27;[m &amp#27;[36mcom.shaft.tools.io.ReportManager&amp#27;[m : File Action "GetAbsolutePath" successfully performed. With the following test data "Relative Folder Path: "C:\eclipse-workspace\MyProjects\TASystemsAPIs\src\test\resources\testDataFiles\Schemas\ValidationError_schema.json"".
2023-01-22 22:13:11.926 &amp#27;[32m INFO&amp#27;[m &amp#27;[35m[@503 - main]&amp#27;[m &amp#27;[36mcom.shaft.tools.io.ReportManager&amp#27;[m : File Action "ReadFile" successfully performed. With the following test data "File Path: "C:\eclipse-workspace\MyProjects\TASystemsAPIs\src\test\resources\testDataFiles\Schemas\ValidationError_schema.json"".
2023-01-22 22:13:11.928 &amp#27;[32m INFO&amp#27;[m &amp#27;[35m[@503 - main]&amp#27;[m &amp#27;[36mcom.shaft.tools.io.ReportManager&amp#27;[m : Successfully created attachment "Validation Test Data - Expected JSON Value"
2023-01-22 22:13:11.930 &amp#27;[32m INFO&amp#27;[m &amp#27;[35m[@503 - main]&amp#27;[m &amp#27;[36mcom.shaft.tools.io.ReportManager&amp#27;[m : Successfully created attachment "Validation Test Data - Actual JSON Value"
2023-01-22 22:13:11.932 &amp#27;[32m INFO&amp#27;[m &amp#27;[35m[@503 - main]&amp#27;[m &amp#27;[36mcom.shaft.tools.io.ReportManager&amp#27;[m : Successfully created attachment "SHAFT Engine Logs - Current Method log: Update_Policy_With_Missing_Keys_TC"
]]></system-out>
  </testcase>
  <testcase name="Update_Policy_With_Missing_Keys_TC[[Ljava.lang.Object;@a4e6829](22)" classname="SteeringCompanyAPI_TestCases.Test_Policies_Cases" time="4.011">
    <system-out><![CDATA[2023-01-22 22:13:11.935 &amp#27;[32m INFO&amp#27;[m &amp#27;[35m[@534 - main]&amp#27;[m &amp#27;[36mcom.shaft.tools.io.ReportManager&amp#27;[m : 
################################################################################################################################################
Starting Execution:	"308 out of 83" test cases in the current suite
Test Method:		"SteeringCompanyAPI_TestCases.Test_Policies_Cases.Update_Policy_With_Missing_Keys_TC"
Test Description:	"TC051 -Policy- Perform Update Policy with Missing Keys"
################################################################################################################################################
2023-01-22 22:13:11.935 &amp#27;[32m INFO&amp#27;[m &amp#27;[35m[@503 - main]&amp#27;[m &amp#27;[36mcom.shaft.tools.io.ReportManager&amp#27;[m : File Action "DoesFileExist" successfully performed. With the following test data "File Path: "SteeringCompanyAPI_TestData/SteeringCompanyAPI_TestData.xlsx"".
2023-01-22 22:13:11.958 &amp#27;[32m INFO&amp#27;[m &amp#27;[35m[@503 - main]&amp#27;[m &amp#27;[36mcom.shaft.tools.io.ReportManager&amp#27;[m : Successfully created attachment "Test Data - Excel"
2023-01-22 22:13:13.902 &amp#27;[32m INFO&amp#27;[m &amp#27;[35m[@503 - main]&amp#27;[m &amp#27;[36mcom.shaft.tools.io.ReportManager&amp#27;[m : Response status code: "200", status line: "HTTP/1.1 200 OK"
2023-01-22 22:13:13.948 &amp#27;[32m INFO&amp#27;[m &amp#27;[35m[@503 - main]&amp#27;[m &amp#27;[36mcom.shaft.tools.io.ReportManager&amp#27;[m : Successfully created attachment "API Request - Specifications"
2023-01-22 22:13:13.950 &amp#27;[32m INFO&amp#27;[m &amp#27;[35m[@503 - main]&amp#27;[m &amp#27;[36mcom.shaft.tools.io.ReportManager&amp#27;[m : Successfully created attachment "API Request - Body"
2023-01-22 22:13:13.951 &amp#27;[32m INFO&amp#27;[m &amp#27;[35m[@503 - main]&amp#27;[m &amp#27;[36mcom.shaft.tools.io.ReportManager&amp#27;[m : Successfully created attachment "API Response - JSON Body"
2023-01-22 22:13:13.958 &amp#27;[32m INFO&amp#27;[m &amp#27;[35m[@503 - main]&amp#27;[m &amp#27;[36mcom.shaft.tools.io.ReportManager&amp#27;[m : File Action "DoesFileExist" successfully performed. With the following test data "File Path: "SteeringCompanyAPI_TestData/SteeringCompanyAPI_TestData.xlsx"".
2023-01-22 22:13:13.978 &amp#27;[32m INFO&amp#27;[m &amp#27;[35m[@503 - main]&amp#27;[m &amp#27;[36mcom.shaft.tools.io.ReportManager&amp#27;[m : Successfully created attachment "Test Data - Excel"
2023-01-22 22:13:13.978 &amp#27;[32m INFO&amp#27;[m &amp#27;[35m[@503 - main]&amp#27;[m &amp#27;[36mcom.shaft.tools.io.ReportManager&amp#27;[m : File Action "DoesFileExist" successfully performed. With the following test data "File Path: "SteeringCompanyAPI_TestData/SteeringCompanyAPI_TestData.xlsx"".
2023-01-22 22:13:13.998 &amp#27;[32m INFO&amp#27;[m &amp#27;[35m[@503 - main]&amp#27;[m &amp#27;[36mcom.shaft.tools.io.ReportManager&amp#27;[m : Successfully created attachment "Test Data - Excel"
2023-01-22 22:13:13.998 &amp#27;[32m INFO&amp#27;[m &amp#27;[35m[@503 - main]&amp#27;[m &amp#27;[36mcom.shaft.tools.io.ReportManager&amp#27;[m : File Action "DoesFileExist" successfully performed. With the following test data "File Path: "SteeringCompanyAPI_TestData/SteeringCompanyAPI_TestData.xlsx"".
2023-01-22 22:13:14.027 &amp#27;[32m INFO&amp#27;[m &amp#27;[35m[@503 - main]&amp#27;[m &amp#27;[36mcom.shaft.tools.io.ReportManager&amp#27;[m : Successfully created attachment "Test Data - Excel"
2023-01-22 22:13:15.882 &amp#27;[32m INFO&amp#27;[m &amp#27;[35m[@503 - main]&amp#27;[m &amp#27;[36mcom.shaft.tools.io.ReportManager&amp#27;[m : Response status code: "422", status line: "HTTP/1.1 422 "
2023-01-22 22:13:15.896 &amp#27;[32m INFO&amp#27;[m &amp#27;[35m[@503 - main]&amp#27;[m &amp#27;[36mcom.shaft.tools.io.ReportManager&amp#27;[m : Successfully created attachment "API Request - Specifications"
2023-01-22 22:13:15.898 &amp#27;[32m INFO&amp#27;[m &amp#27;[35m[@503 - main]&amp#27;[m &amp#27;[36mcom.shaft.tools.io.ReportManager&amp#27;[m : Successfully created attachment "API Request - JSON Body"
2023-01-22 22:13:15.899 &amp#27;[32m INFO&amp#27;[m &amp#27;[35m[@503 - main]&amp#27;[m &amp#27;[36mcom.shaft.tools.io.ReportManager&amp#27;[m : Successfully created attachment "API Response - JSON Body"
2023-01-22 22:13:15.900 &amp#27;[32m INFO&amp#27;[m &amp#27;[35m[@503 - main]&amp#27;[m &amp#27;[36mcom.shaft.tools.io.ReportManager&amp#27;[m : File Action "DoesFileExist" successfully performed. With the following test data "File Path: "Schemas/ValidationError_schema.json"".
2023-01-22 22:13:15.900 &amp#27;[32m INFO&amp#27;[m &amp#27;[35m[@503 - main]&amp#27;[m &amp#27;[36mcom.shaft.tools.io.ReportManager&amp#27;[m : File Action "DoesFileExist" successfully performed. With the following test data "File Path: "src/test/resources/testDataFiles/Schemas/ValidationError_schema.json"".
2023-01-22 22:13:15.900 &amp#27;[32m INFO&amp#27;[m &amp#27;[35m[@503 - main]&amp#27;[m &amp#27;[36mcom.shaft.tools.io.ReportManager&amp#27;[m : File Action "GetAbsolutePath" successfully performed. With the following test data "Relative Folder Path: "src/test/resources/testDataFiles/Schemas/ValidationError_schema.json"".
2023-01-22 22:13:15.902 &amp#27;[32m INFO&amp#27;[m &amp#27;[35m[@503 - main]&amp#27;[m &amp#27;[36mcom.shaft.tools.io.ReportManager&amp#27;[m : File Action "DoesFileExist" successfully performed. With the following test data "File Path: "C:\eclipse-workspace\MyProjects\TASystemsAPIs\src\test\resources\testDataFiles\Schemas\ValidationError_schema.json"".
2023-01-22 22:13:15.902 &amp#27;[32m INFO&amp#27;[m &amp#27;[35m[@503 - main]&amp#27;[m &amp#27;[36mcom.shaft.tools.io.ReportManager&amp#27;[m : File Action "GetAbsolutePath" successfully performed. With the following test data "Relative Folder Path: "C:\eclipse-workspace\MyProjects\TASystemsAPIs\src\test\resources\testDataFiles\Schemas\ValidationError_schema.json"".
2023-01-22 22:13:15.902 &amp#27;[32m INFO&amp#27;[m &amp#27;[35m[@503 - main]&amp#27;[m &amp#27;[36mcom.shaft.tools.io.ReportManager&amp#27;[m : File Action "ReadFile" successfully performed. With the following test data "File Path: "C:\eclipse-workspace\MyProjects\TASystemsAPIs\src\test\resources\testDataFiles\Schemas\ValidationError_schema.json"".
2023-01-22 22:13:15.942 &amp#27;[32m INFO&amp#27;[m &amp#27;[35m[@503 - main]&amp#27;[m &amp#27;[36mcom.shaft.tools.io.ReportManager&amp#27;[m : Successfully created attachment "Validation Test Data - Expected JSON Value"
2023-01-22 22:13:15.943 &amp#27;[32m INFO&amp#27;[m &amp#27;[35m[@503 - main]&amp#27;[m &amp#27;[36mcom.shaft.tools.io.ReportManager&amp#27;[m : Successfully created attachment "Validation Test Data - Actual JSON Value"
2023-01-22 22:13:15.944 &amp#27;[32m INFO&amp#27;[m &amp#27;[35m[@503 - main]&amp#27;[m &amp#27;[36mcom.shaft.tools.io.ReportManager&amp#27;[m : Successfully created attachment "SHAFT Engine Logs - Current Method log: Update_Policy_With_Missing_Keys_TC"
]]></system-out>
  </testcase>
  <testcase name="Update_Policy_With_Missing_Keys_TC[[Ljava.lang.Object;@78c2e2b9](23)" classname="SteeringCompanyAPI_TestCases.Test_Policies_Cases" time="3.341">
    <system-out><![CDATA[2023-01-22 22:13:15.947 &amp#27;[32m INFO&amp#27;[m &amp#27;[35m[@534 - main]&amp#27;[m &amp#27;[36mcom.shaft.tools.io.ReportManager&amp#27;[m : 
################################################################################################################################################
Starting Execution:	"309 out of 83" test cases in the current suite
Test Method:		"SteeringCompanyAPI_TestCases.Test_Policies_Cases.Update_Policy_With_Missing_Keys_TC"
Test Description:	"TC051 -Policy- Perform Update Policy with Missing Keys"
################################################################################################################################################
2023-01-22 22:13:15.947 &amp#27;[32m INFO&amp#27;[m &amp#27;[35m[@503 - main]&amp#27;[m &amp#27;[36mcom.shaft.tools.io.ReportManager&amp#27;[m : File Action "DoesFileExist" successfully performed. With the following test data "File Path: "SteeringCompanyAPI_TestData/SteeringCompanyAPI_TestData.xlsx"".
2023-01-22 22:13:15.968 &amp#27;[32m INFO&amp#27;[m &amp#27;[35m[@503 - main]&amp#27;[m &amp#27;[36mcom.shaft.tools.io.ReportManager&amp#27;[m : Successfully created attachment "Test Data - Excel"
2023-01-22 22:13:17.958 &amp#27;[32m INFO&amp#27;[m &amp#27;[35m[@503 - main]&amp#27;[m &amp#27;[36mcom.shaft.tools.io.ReportManager&amp#27;[m : Response status code: "200", status line: "HTTP/1.1 200 OK"
2023-01-22 22:13:17.969 &amp#27;[32m INFO&amp#27;[m &amp#27;[35m[@503 - main]&amp#27;[m &amp#27;[36mcom.shaft.tools.io.ReportManager&amp#27;[m : Successfully created attachment "API Request - Specifications"
2023-01-22 22:13:17.970 &amp#27;[32m INFO&amp#27;[m &amp#27;[35m[@503 - main]&amp#27;[m &amp#27;[36mcom.shaft.tools.io.ReportManager&amp#27;[m : Successfully created attachment "API Request - Body"
2023-01-22 22:13:18.009 &amp#27;[32m INFO&amp#27;[m &amp#27;[35m[@503 - main]&amp#27;[m &amp#27;[36mcom.shaft.tools.io.ReportManager&amp#27;[m : Successfully created attachment "API Response - JSON Body"
2023-01-22 22:13:18.021 &amp#27;[32m INFO&amp#27;[m &amp#27;[35m[@503 - main]&amp#27;[m &amp#27;[36mcom.shaft.tools.io.ReportManager&amp#27;[m : File Action "DoesFileExist" successfully performed. With the following test data "File Path: "SteeringCompanyAPI_TestData/SteeringCompanyAPI_TestData.xlsx"".
2023-01-22 22:13:18.051 &amp#27;[32m INFO&amp#27;[m &amp#27;[35m[@503 - main]&amp#27;[m &amp#27;[36mcom.shaft.tools.io.ReportManager&amp#27;[m : Successfully created attachment "Test Data - Excel"
2023-01-22 22:13:18.051 &amp#27;[32m INFO&amp#27;[m &amp#27;[35m[@503 - main]&amp#27;[m &amp#27;[36mcom.shaft.tools.io.ReportManager&amp#27;[m : File Action "DoesFileExist" successfully performed. With the following test data "File Path: "SteeringCompanyAPI_TestData/SteeringCompanyAPI_TestData.xlsx"".
2023-01-22 22:13:18.088 &amp#27;[32m INFO&amp#27;[m &amp#27;[35m[@503 - main]&amp#27;[m &amp#27;[36mcom.shaft.tools.io.ReportManager&amp#27;[m : Successfully created attachment "Test Data - Excel"
2023-01-22 22:13:18.090 &amp#27;[32m INFO&amp#27;[m &amp#27;[35m[@503 - main]&amp#27;[m &amp#27;[36mcom.shaft.tools.io.ReportManager&amp#27;[m : File Action "DoesFileExist" successfully performed. With the following test data "File Path: "SteeringCompanyAPI_TestData/SteeringCompanyAPI_TestData.xlsx"".
2023-01-22 22:13:18.129 &amp#27;[32m INFO&amp#27;[m &amp#27;[35m[@503 - main]&amp#27;[m &amp#27;[36mcom.shaft.tools.io.ReportManager&amp#27;[m : Successfully created attachment "Test Data - Excel"
2023-01-22 22:13:19.224 &amp#27;[32m INFO&amp#27;[m &amp#27;[35m[@503 - main]&amp#27;[m &amp#27;[36mcom.shaft.tools.io.ReportManager&amp#27;[m : Response status code: "422", status line: "HTTP/1.1 422 "
2023-01-22 22:13:19.236 &amp#27;[32m INFO&amp#27;[m &amp#27;[35m[@503 - main]&amp#27;[m &amp#27;[36mcom.shaft.tools.io.ReportManager&amp#27;[m : Successfully created attachment "API Request - Specifications"
2023-01-22 22:13:19.238 &amp#27;[32m INFO&amp#27;[m &amp#27;[35m[@503 - main]&amp#27;[m &amp#27;[36mcom.shaft.tools.io.ReportManager&amp#27;[m : Successfully created attachment "API Request - JSON Body"
2023-01-22 22:13:19.278 &amp#27;[32m INFO&amp#27;[m &amp#27;[35m[@503 - main]&amp#27;[m &amp#27;[36mcom.shaft.tools.io.ReportManager&amp#27;[m : Successfully created attachment "API Response - JSON Body"
2023-01-22 22:13:19.279 &amp#27;[32m INFO&amp#27;[m &amp#27;[35m[@503 - main]&amp#27;[m &amp#27;[36mcom.shaft.tools.io.ReportManager&amp#27;[m : File Action "DoesFileExist" successfully performed. With the following test data "File Path: "Schemas/ValidationError_schema.json"".
2023-01-22 22:13:19.279 &amp#27;[32m INFO&amp#27;[m &amp#27;[35m[@503 - main]&amp#27;[m &amp#27;[36mcom.shaft.tools.io.ReportManager&amp#27;[m : File Action "DoesFileExist" successfully performed. With the following test data "File Path: "src/test/resources/testDataFiles/Schemas/ValidationError_schema.json"".
2023-01-22 22:13:19.279 &amp#27;[32m INFO&amp#27;[m &amp#27;[35m[@503 - main]&amp#27;[m &amp#27;[36mcom.shaft.tools.io.ReportManager&amp#27;[m : File Action "GetAbsolutePath" successfully performed. With the following test data "Relative Folder Path: "src/test/resources/testDataFiles/Schemas/ValidationError_schema.json"".
2023-01-22 22:13:19.281 &amp#27;[32m INFO&amp#27;[m &amp#27;[35m[@503 - main]&amp#27;[m &amp#27;[36mcom.shaft.tools.io.ReportManager&amp#27;[m : File Action "DoesFileExist" successfully performed. With the following test data "File Path: "C:\eclipse-workspace\MyProjects\TASystemsAPIs\src\test\resources\testDataFiles\Schemas\ValidationError_schema.json"".
2023-01-22 22:13:19.281 &amp#27;[32m INFO&amp#27;[m &amp#27;[35m[@503 - main]&amp#27;[m &amp#27;[36mcom.shaft.tools.io.ReportManager&amp#27;[m : File Action "GetAbsolutePath" successfully performed. With the following test data "Relative Folder Path: "C:\eclipse-workspace\MyProjects\TASystemsAPIs\src\test\resources\testDataFiles\Schemas\ValidationError_schema.json"".
2023-01-22 22:13:19.281 &amp#27;[32m INFO&amp#27;[m &amp#27;[35m[@503 - main]&amp#27;[m &amp#27;[36mcom.shaft.tools.io.ReportManager&amp#27;[m : File Action "ReadFile" successfully performed. With the following test data "File Path: "C:\eclipse-workspace\MyProjects\TASystemsAPIs\src\test\resources\testDataFiles\Schemas\ValidationError_schema.json"".
2023-01-22 22:13:19.283 &amp#27;[32m INFO&amp#27;[m &amp#27;[35m[@503 - main]&amp#27;[m &amp#27;[36mcom.shaft.tools.io.ReportManager&amp#27;[m : Successfully created attachment "Validation Test Data - Expected JSON Value"
2023-01-22 22:13:19.283 &amp#27;[32m INFO&amp#27;[m &amp#27;[35m[@503 - main]&amp#27;[m &amp#27;[36mcom.shaft.tools.io.ReportManager&amp#27;[m : Successfully created attachment "Validation Test Data - Actual JSON Value"
2023-01-22 22:13:19.284 &amp#27;[32m INFO&amp#27;[m &amp#27;[35m[@503 - main]&amp#27;[m &amp#27;[36mcom.shaft.tools.io.ReportManager&amp#27;[m : Successfully created attachment "SHAFT Engine Logs - Current Method log: Update_Policy_With_Missing_Keys_TC"
]]></system-out>
  </testcase>
  <testcase name="Update_Policy_With_Missing_Keys_TC[[Ljava.lang.Object;@5894264f](24)" classname="SteeringCompanyAPI_TestCases.Test_Policies_Cases" time="2.661">
    <system-out><![CDATA[2023-01-22 22:13:19.288 &amp#27;[32m INFO&amp#27;[m &amp#27;[35m[@534 - main]&amp#27;[m &amp#27;[36mcom.shaft.tools.io.ReportManager&amp#27;[m : 
################################################################################################################################################
Starting Execution:	"310 out of 83" test cases in the current suite
Test Method:		"SteeringCompanyAPI_TestCases.Test_Policies_Cases.Update_Policy_With_Missing_Keys_TC"
Test Description:	"TC051 -Policy- Perform Update Policy with Missing Keys"
################################################################################################################################################
2023-01-22 22:13:19.288 &amp#27;[32m INFO&amp#27;[m &amp#27;[35m[@503 - main]&amp#27;[m &amp#27;[36mcom.shaft.tools.io.ReportManager&amp#27;[m : File Action "DoesFileExist" successfully performed. With the following test data "File Path: "SteeringCompanyAPI_TestData/SteeringCompanyAPI_TestData.xlsx"".
2023-01-22 22:13:19.312 &amp#27;[32m INFO&amp#27;[m &amp#27;[35m[@503 - main]&amp#27;[m &amp#27;[36mcom.shaft.tools.io.ReportManager&amp#27;[m : Successfully created attachment "Test Data - Excel"
2023-01-22 22:13:20.377 &amp#27;[32m INFO&amp#27;[m &amp#27;[35m[@503 - main]&amp#27;[m &amp#27;[36mcom.shaft.tools.io.ReportManager&amp#27;[m : Response status code: "200", status line: "HTTP/1.1 200 OK"
2023-01-22 22:13:20.403 &amp#27;[32m INFO&amp#27;[m &amp#27;[35m[@503 - main]&amp#27;[m &amp#27;[36mcom.shaft.tools.io.ReportManager&amp#27;[m : Successfully created attachment "API Request - Specifications"
2023-01-22 22:13:20.405 &amp#27;[32m INFO&amp#27;[m &amp#27;[35m[@503 - main]&amp#27;[m &amp#27;[36mcom.shaft.tools.io.ReportManager&amp#27;[m : Successfully created attachment "API Request - Body"
2023-01-22 22:13:20.406 &amp#27;[32m INFO&amp#27;[m &amp#27;[35m[@503 - main]&amp#27;[m &amp#27;[36mcom.shaft.tools.io.ReportManager&amp#27;[m : Successfully created attachment "API Response - JSON Body"
2023-01-22 22:13:20.413 &amp#27;[32m INFO&amp#27;[m &amp#27;[35m[@503 - main]&amp#27;[m &amp#27;[36mcom.shaft.tools.io.ReportManager&amp#27;[m : File Action "DoesFileExist" successfully performed. With the following test data "File Path: "SteeringCompanyAPI_TestData/SteeringCompanyAPI_TestData.xlsx"".
2023-01-22 22:13:20.433 &amp#27;[32m INFO&amp#27;[m &amp#27;[35m[@503 - main]&amp#27;[m &amp#27;[36mcom.shaft.tools.io.ReportManager&amp#27;[m : Successfully created attachment "Test Data - Excel"
2023-01-22 22:13:20.433 &amp#27;[32m INFO&amp#27;[m &amp#27;[35m[@503 - main]&amp#27;[m &amp#27;[36mcom.shaft.tools.io.ReportManager&amp#27;[m : File Action "DoesFileExist" successfully performed. With the following test data "File Path: "SteeringCompanyAPI_TestData/SteeringCompanyAPI_TestData.xlsx"".
2023-01-22 22:13:20.452 &amp#27;[32m INFO&amp#27;[m &amp#27;[35m[@503 - main]&amp#27;[m &amp#27;[36mcom.shaft.tools.io.ReportManager&amp#27;[m : Successfully created attachment "Test Data - Excel"
2023-01-22 22:13:20.453 &amp#27;[32m INFO&amp#27;[m &amp#27;[35m[@503 - main]&amp#27;[m &amp#27;[36mcom.shaft.tools.io.ReportManager&amp#27;[m : File Action "DoesFileExist" successfully performed. With the following test data "File Path: "SteeringCompanyAPI_TestData/SteeringCompanyAPI_TestData.xlsx"".
2023-01-22 22:13:20.475 &amp#27;[32m INFO&amp#27;[m &amp#27;[35m[@503 - main]&amp#27;[m &amp#27;[36mcom.shaft.tools.io.ReportManager&amp#27;[m : Successfully created attachment "Test Data - Excel"
2023-01-22 22:13:21.886 &amp#27;[32m INFO&amp#27;[m &amp#27;[35m[@503 - main]&amp#27;[m &amp#27;[36mcom.shaft.tools.io.ReportManager&amp#27;[m : Response status code: "422", status line: "HTTP/1.1 422 "
2023-01-22 22:13:21.898 &amp#27;[32m INFO&amp#27;[m &amp#27;[35m[@503 - main]&amp#27;[m &amp#27;[36mcom.shaft.tools.io.ReportManager&amp#27;[m : Successfully created attachment "API Request - Specifications"
2023-01-22 22:13:21.899 &amp#27;[32m INFO&amp#27;[m &amp#27;[35m[@503 - main]&amp#27;[m &amp#27;[36mcom.shaft.tools.io.ReportManager&amp#27;[m : Successfully created attachment "API Request - JSON Body"
2023-01-22 22:13:21.938 &amp#27;[32m INFO&amp#27;[m &amp#27;[35m[@503 - main]&amp#27;[m &amp#27;[36mcom.shaft.tools.io.ReportManager&amp#27;[m : Successfully created attachment "API Response - JSON Body"
2023-01-22 22:13:21.940 &amp#27;[32m INFO&amp#27;[m &amp#27;[35m[@503 - main]&amp#27;[m &amp#27;[36mcom.shaft.tools.io.ReportManager&amp#27;[m : File Action "DoesFileExist" successfully performed. With the following test data "File Path: "Schemas/ValidationError_schema.json"".
2023-01-22 22:13:21.940 &amp#27;[32m INFO&amp#27;[m &amp#27;[35m[@503 - main]&amp#27;[m &amp#27;[36mcom.shaft.tools.io.ReportManager&amp#27;[m : File Action "DoesFileExist" successfully performed. With the following test data "File Path: "src/test/resources/testDataFiles/Schemas/ValidationError_schema.json"".
2023-01-22 22:13:21.940 &amp#27;[32m INFO&amp#27;[m &amp#27;[35m[@503 - main]&amp#27;[m &amp#27;[36mcom.shaft.tools.io.ReportManager&amp#27;[m : File Action "GetAbsolutePath" successfully performed. With the following test data "Relative Folder Path: "src/test/resources/testDataFiles/Schemas/ValidationError_schema.json"".
2023-01-22 22:13:21.942 &amp#27;[32m INFO&amp#27;[m &amp#27;[35m[@503 - main]&amp#27;[m &amp#27;[36mcom.shaft.tools.io.ReportManager&amp#27;[m : File Action "DoesFileExist" successfully performed. With the following test data "File Path: "C:\eclipse-workspace\MyProjects\TASystemsAPIs\src\test\resources\testDataFiles\Schemas\ValidationError_schema.json"".
2023-01-22 22:13:21.942 &amp#27;[32m INFO&amp#27;[m &amp#27;[35m[@503 - main]&amp#27;[m &amp#27;[36mcom.shaft.tools.io.ReportManager&amp#27;[m : File Action "GetAbsolutePath" successfully performed. With the following test data "Relative Folder Path: "C:\eclipse-workspace\MyProjects\TASystemsAPIs\src\test\resources\testDataFiles\Schemas\ValidationError_schema.json"".
2023-01-22 22:13:21.942 &amp#27;[32m INFO&amp#27;[m &amp#27;[35m[@503 - main]&amp#27;[m &amp#27;[36mcom.shaft.tools.io.ReportManager&amp#27;[m : File Action "ReadFile" successfully performed. With the following test data "File Path: "C:\eclipse-workspace\MyProjects\TASystemsAPIs\src\test\resources\testDataFiles\Schemas\ValidationError_schema.json"".
2023-01-22 22:13:21.943 &amp#27;[32m INFO&amp#27;[m &amp#27;[35m[@503 - main]&amp#27;[m &amp#27;[36mcom.shaft.tools.io.ReportManager&amp#27;[m : Successfully created attachment "Validation Test Data - Expected JSON Value"
2023-01-22 22:13:21.945 &amp#27;[32m INFO&amp#27;[m &amp#27;[35m[@503 - main]&amp#27;[m &amp#27;[36mcom.shaft.tools.io.ReportManager&amp#27;[m : Successfully created attachment "Validation Test Data - Actual JSON Value"
2023-01-22 22:13:21.945 &amp#27;[32m INFO&amp#27;[m &amp#27;[35m[@503 - main]&amp#27;[m &amp#27;[36mcom.shaft.tools.io.ReportManager&amp#27;[m : Successfully created attachment "SHAFT Engine Logs - Current Method log: Update_Policy_With_Missing_Keys_TC"
]]></system-out>
  </testcase>
  <testcase name="Update_Policy_With_Missing_Keys_TC[[Ljava.lang.Object;@7285e44a](25)" classname="SteeringCompanyAPI_TestCases.Test_Policies_Cases" time="4.035">
    <system-out><![CDATA[2023-01-22 22:13:21.950 &amp#27;[32m INFO&amp#27;[m &amp#27;[35m[@534 - main]&amp#27;[m &amp#27;[36mcom.shaft.tools.io.ReportManager&amp#27;[m : 
################################################################################################################################################
Starting Execution:	"311 out of 83" test cases in the current suite
Test Method:		"SteeringCompanyAPI_TestCases.Test_Policies_Cases.Update_Policy_With_Missing_Keys_TC"
Test Description:	"TC051 -Policy- Perform Update Policy with Missing Keys"
################################################################################################################################################
2023-01-22 22:13:21.950 &amp#27;[32m INFO&amp#27;[m &amp#27;[35m[@503 - main]&amp#27;[m &amp#27;[36mcom.shaft.tools.io.ReportManager&amp#27;[m : File Action "DoesFileExist" successfully performed. With the following test data "File Path: "SteeringCompanyAPI_TestData/SteeringCompanyAPI_TestData.xlsx"".
2023-01-22 22:13:21.972 &amp#27;[32m INFO&amp#27;[m &amp#27;[35m[@503 - main]&amp#27;[m &amp#27;[36mcom.shaft.tools.io.ReportManager&amp#27;[m : Successfully created attachment "Test Data - Excel"
2023-01-22 22:13:23.889 &amp#27;[32m INFO&amp#27;[m &amp#27;[35m[@503 - main]&amp#27;[m &amp#27;[36mcom.shaft.tools.io.ReportManager&amp#27;[m : Response status code: "200", status line: "HTTP/1.1 200 OK"
2023-01-22 22:13:23.898 &amp#27;[32m INFO&amp#27;[m &amp#27;[35m[@503 - main]&amp#27;[m &amp#27;[36mcom.shaft.tools.io.ReportManager&amp#27;[m : Successfully created attachment "API Request - Specifications"
2023-01-22 22:13:23.938 &amp#27;[32m INFO&amp#27;[m &amp#27;[35m[@503 - main]&amp#27;[m &amp#27;[36mcom.shaft.tools.io.ReportManager&amp#27;[m : Successfully created attachment "API Request - Body"
2023-01-22 22:13:23.940 &amp#27;[32m INFO&amp#27;[m &amp#27;[35m[@503 - main]&amp#27;[m &amp#27;[36mcom.shaft.tools.io.ReportManager&amp#27;[m : Successfully created attachment "API Response - JSON Body"
2023-01-22 22:13:23.948 &amp#27;[32m INFO&amp#27;[m &amp#27;[35m[@503 - main]&amp#27;[m &amp#27;[36mcom.shaft.tools.io.ReportManager&amp#27;[m : File Action "DoesFileExist" successfully performed. With the following test data "File Path: "SteeringCompanyAPI_TestData/SteeringCompanyAPI_TestData.xlsx"".
2023-01-22 22:13:23.968 &amp#27;[32m INFO&amp#27;[m &amp#27;[35m[@503 - main]&amp#27;[m &amp#27;[36mcom.shaft.tools.io.ReportManager&amp#27;[m : Successfully created attachment "Test Data - Excel"
2023-01-22 22:13:23.968 &amp#27;[32m INFO&amp#27;[m &amp#27;[35m[@503 - main]&amp#27;[m &amp#27;[36mcom.shaft.tools.io.ReportManager&amp#27;[m : File Action "DoesFileExist" successfully performed. With the following test data "File Path: "SteeringCompanyAPI_TestData/SteeringCompanyAPI_TestData.xlsx"".
2023-01-22 22:13:23.989 &amp#27;[32m INFO&amp#27;[m &amp#27;[35m[@503 - main]&amp#27;[m &amp#27;[36mcom.shaft.tools.io.ReportManager&amp#27;[m : Successfully created attachment "Test Data - Excel"
2023-01-22 22:13:23.989 &amp#27;[32m INFO&amp#27;[m &amp#27;[35m[@503 - main]&amp#27;[m &amp#27;[36mcom.shaft.tools.io.ReportManager&amp#27;[m : File Action "DoesFileExist" successfully performed. With the following test data "File Path: "SteeringCompanyAPI_TestData/SteeringCompanyAPI_TestData.xlsx"".
2023-01-22 22:13:24.025 &amp#27;[32m INFO&amp#27;[m &amp#27;[35m[@503 - main]&amp#27;[m &amp#27;[36mcom.shaft.tools.io.ReportManager&amp#27;[m : Successfully created attachment "Test Data - Excel"
2023-01-22 22:13:25.954 &amp#27;[32m INFO&amp#27;[m &amp#27;[35m[@503 - main]&amp#27;[m &amp#27;[36mcom.shaft.tools.io.ReportManager&amp#27;[m : Response status code: "422", status line: "HTTP/1.1 422 "
2023-01-22 22:13:25.964 &amp#27;[32m INFO&amp#27;[m &amp#27;[35m[@503 - main]&amp#27;[m &amp#27;[36mcom.shaft.tools.io.ReportManager&amp#27;[m : Successfully created attachment "API Request - Specifications"
2023-01-22 22:13:25.965 &amp#27;[32m INFO&amp#27;[m &amp#27;[35m[@503 - main]&amp#27;[m &amp#27;[36mcom.shaft.tools.io.ReportManager&amp#27;[m : Successfully created attachment "API Request - JSON Body"
2023-01-22 22:13:25.966 &amp#27;[32m INFO&amp#27;[m &amp#27;[35m[@503 - main]&amp#27;[m &amp#27;[36mcom.shaft.tools.io.ReportManager&amp#27;[m : Successfully created attachment "API Response - JSON Body"
2023-01-22 22:13:25.966 &amp#27;[32m INFO&amp#27;[m &amp#27;[35m[@503 - main]&amp#27;[m &amp#27;[36mcom.shaft.tools.io.ReportManager&amp#27;[m : File Action "DoesFileExist" successfully performed. With the following test data "File Path: "Schemas/ValidationError_schema.json"".
2023-01-22 22:13:25.966 &amp#27;[32m INFO&amp#27;[m &amp#27;[35m[@503 - main]&amp#27;[m &amp#27;[36mcom.shaft.tools.io.ReportManager&amp#27;[m : File Action "DoesFileExist" successfully performed. With the following test data "File Path: "src/test/resources/testDataFiles/Schemas/ValidationError_schema.json"".
2023-01-22 22:13:25.966 &amp#27;[32m INFO&amp#27;[m &amp#27;[35m[@503 - main]&amp#27;[m &amp#27;[36mcom.shaft.tools.io.ReportManager&amp#27;[m : File Action "GetAbsolutePath" successfully performed. With the following test data "Relative Folder Path: "src/test/resources/testDataFiles/Schemas/ValidationError_schema.json"".
2023-01-22 22:13:25.969 &amp#27;[32m INFO&amp#27;[m &amp#27;[35m[@503 - main]&amp#27;[m &amp#27;[36mcom.shaft.tools.io.ReportManager&amp#27;[m : File Action "DoesFileExist" successfully performed. With the following test data "File Path: "C:\eclipse-workspace\MyProjects\TASystemsAPIs\src\test\resources\testDataFiles\Schemas\ValidationError_schema.json"".
2023-01-22 22:13:25.969 &amp#27;[32m INFO&amp#27;[m &amp#27;[35m[@503 - main]&amp#27;[m &amp#27;[36mcom.shaft.tools.io.ReportManager&amp#27;[m : File Action "GetAbsolutePath" successfully performed. With the following test data "Relative Folder Path: "C:\eclipse-workspace\MyProjects\TASystemsAPIs\src\test\resources\testDataFiles\Schemas\ValidationError_schema.json"".
2023-01-22 22:13:25.969 &amp#27;[32m INFO&amp#27;[m &amp#27;[35m[@503 - main]&amp#27;[m &amp#27;[36mcom.shaft.tools.io.ReportManager&amp#27;[m : File Action "ReadFile" successfully performed. With the following test data "File Path: "C:\eclipse-workspace\MyProjects\TASystemsAPIs\src\test\resources\testDataFiles\Schemas\ValidationError_schema.json"".
2023-01-22 22:13:25.979 &amp#27;[32m INFO&amp#27;[m &amp#27;[35m[@503 - main]&amp#27;[m &amp#27;[36mcom.shaft.tools.io.ReportManager&amp#27;[m : Successfully created attachment "Validation Test Data - Expected JSON Value"
2023-01-22 22:13:25.981 &amp#27;[32m INFO&amp#27;[m &amp#27;[35m[@503 - main]&amp#27;[m &amp#27;[36mcom.shaft.tools.io.ReportManager&amp#27;[m : Successfully created attachment "Validation Test Data - Actual JSON Value"
2023-01-22 22:13:25.982 &amp#27;[32m INFO&amp#27;[m &amp#27;[35m[@503 - main]&amp#27;[m &amp#27;[36mcom.shaft.tools.io.ReportManager&amp#27;[m : Successfully created attachment "SHAFT Engine Logs - Current Method log: Update_Policy_With_Missing_Keys_TC"
]]></system-out>
  </testcase>
  <testcase name="Update_Policy_With_Missing_Keys_TC[[Ljava.lang.Object;@843ae8f](26)" classname="SteeringCompanyAPI_TestCases.Test_Policies_Cases" time="3.639">
    <system-out><![CDATA[2023-01-22 22:13:25.985 &amp#27;[32m INFO&amp#27;[m &amp#27;[35m[@534 - main]&amp#27;[m &amp#27;[36mcom.shaft.tools.io.ReportManager&amp#27;[m : 
################################################################################################################################################
Starting Execution:	"312 out of 83" test cases in the current suite
Test Method:		"SteeringCompanyAPI_TestCases.Test_Policies_Cases.Update_Policy_With_Missing_Keys_TC"
Test Description:	"TC051 -Policy- Perform Update Policy with Missing Keys"
################################################################################################################################################
2023-01-22 22:13:25.985 &amp#27;[32m INFO&amp#27;[m &amp#27;[35m[@503 - main]&amp#27;[m &amp#27;[36mcom.shaft.tools.io.ReportManager&amp#27;[m : File Action "DoesFileExist" successfully performed. With the following test data "File Path: "SteeringCompanyAPI_TestData/SteeringCompanyAPI_TestData.xlsx"".
2023-01-22 22:13:26.005 &amp#27;[32m INFO&amp#27;[m &amp#27;[35m[@503 - main]&amp#27;[m &amp#27;[36mcom.shaft.tools.io.ReportManager&amp#27;[m : Successfully created attachment "Test Data - Excel"
2023-01-22 22:13:28.122 &amp#27;[32m INFO&amp#27;[m &amp#27;[35m[@503 - main]&amp#27;[m &amp#27;[36mcom.shaft.tools.io.ReportManager&amp#27;[m : Response status code: "200", status line: "HTTP/1.1 200 OK"
2023-01-22 22:13:28.134 &amp#27;[32m INFO&amp#27;[m &amp#27;[35m[@503 - main]&amp#27;[m &amp#27;[36mcom.shaft.tools.io.ReportManager&amp#27;[m : Successfully created attachment "API Request - Specifications"
2023-01-22 22:13:28.135 &amp#27;[32m INFO&amp#27;[m &amp#27;[35m[@503 - main]&amp#27;[m &amp#27;[36mcom.shaft.tools.io.ReportManager&amp#27;[m : Successfully created attachment "API Request - Body"
2023-01-22 22:13:28.136 &amp#27;[32m INFO&amp#27;[m &amp#27;[35m[@503 - main]&amp#27;[m &amp#27;[36mcom.shaft.tools.io.ReportManager&amp#27;[m : Successfully created attachment "API Response - JSON Body"
2023-01-22 22:13:28.142 &amp#27;[32m INFO&amp#27;[m &amp#27;[35m[@503 - main]&amp#27;[m &amp#27;[36mcom.shaft.tools.io.ReportManager&amp#27;[m : File Action "DoesFileExist" successfully performed. With the following test data "File Path: "SteeringCompanyAPI_TestData/SteeringCompanyAPI_TestData.xlsx"".
2023-01-22 22:13:28.198 &amp#27;[32m INFO&amp#27;[m &amp#27;[35m[@503 - main]&amp#27;[m &amp#27;[36mcom.shaft.tools.io.ReportManager&amp#27;[m : Successfully created attachment "Test Data - Excel"
2023-01-22 22:13:28.199 &amp#27;[32m INFO&amp#27;[m &amp#27;[35m[@503 - main]&amp#27;[m &amp#27;[36mcom.shaft.tools.io.ReportManager&amp#27;[m : File Action "DoesFileExist" successfully performed. With the following test data "File Path: "SteeringCompanyAPI_TestData/SteeringCompanyAPI_TestData.xlsx"".
2023-01-22 22:13:28.218 &amp#27;[32m INFO&amp#27;[m &amp#27;[35m[@503 - main]&amp#27;[m &amp#27;[36mcom.shaft.tools.io.ReportManager&amp#27;[m : Successfully created attachment "Test Data - Excel"
2023-01-22 22:13:28.218 &amp#27;[32m INFO&amp#27;[m &amp#27;[35m[@503 - main]&amp#27;[m &amp#27;[36mcom.shaft.tools.io.ReportManager&amp#27;[m : File Action "DoesFileExist" successfully performed. With the following test data "File Path: "SteeringCompanyAPI_TestData/SteeringCompanyAPI_TestData.xlsx"".
2023-01-22 22:13:28.242 &amp#27;[32m INFO&amp#27;[m &amp#27;[35m[@503 - main]&amp#27;[m &amp#27;[36mcom.shaft.tools.io.ReportManager&amp#27;[m : Successfully created attachment "Test Data - Excel"
2023-01-22 22:13:29.565 &amp#27;[32m INFO&amp#27;[m &amp#27;[35m[@503 - main]&amp#27;[m &amp#27;[36mcom.shaft.tools.io.ReportManager&amp#27;[m : Response status code: "422", status line: "HTTP/1.1 422 "
2023-01-22 22:13:29.572 &amp#27;[32m INFO&amp#27;[m &amp#27;[35m[@503 - main]&amp#27;[m &amp#27;[36mcom.shaft.tools.io.ReportManager&amp#27;[m : Successfully created attachment "API Request - Specifications"
2023-01-22 22:13:29.611 &amp#27;[32m INFO&amp#27;[m &amp#27;[35m[@503 - main]&amp#27;[m &amp#27;[36mcom.shaft.tools.io.ReportManager&amp#27;[m : Successfully created attachment "API Request - JSON Body"
2023-01-22 22:13:29.612 &amp#27;[32m INFO&amp#27;[m &amp#27;[35m[@503 - main]&amp#27;[m &amp#27;[36mcom.shaft.tools.io.ReportManager&amp#27;[m : Successfully created attachment "API Response - JSON Body"
2023-01-22 22:13:29.613 &amp#27;[32m INFO&amp#27;[m &amp#27;[35m[@503 - main]&amp#27;[m &amp#27;[36mcom.shaft.tools.io.ReportManager&amp#27;[m : File Action "DoesFileExist" successfully performed. With the following test data "File Path: "Schemas/ValidationError_schema.json"".
2023-01-22 22:13:29.613 &amp#27;[32m INFO&amp#27;[m &amp#27;[35m[@503 - main]&amp#27;[m &amp#27;[36mcom.shaft.tools.io.ReportManager&amp#27;[m : File Action "DoesFileExist" successfully performed. With the following test data "File Path: "src/test/resources/testDataFiles/Schemas/ValidationError_schema.json"".
2023-01-22 22:13:29.613 &amp#27;[32m INFO&amp#27;[m &amp#27;[35m[@503 - main]&amp#27;[m &amp#27;[36mcom.shaft.tools.io.ReportManager&amp#27;[m : File Action "GetAbsolutePath" successfully performed. With the following test data "Relative Folder Path: "src/test/resources/testDataFiles/Schemas/ValidationError_schema.json"".
2023-01-22 22:13:29.615 &amp#27;[32m INFO&amp#27;[m &amp#27;[35m[@503 - main]&amp#27;[m &amp#27;[36mcom.shaft.tools.io.ReportManager&amp#27;[m : File Action "DoesFileExist" successfully performed. With the following test data "File Path: "C:\eclipse-workspace\MyProjects\TASystemsAPIs\src\test\resources\testDataFiles\Schemas\ValidationError_schema.json"".
2023-01-22 22:13:29.615 &amp#27;[32m INFO&amp#27;[m &amp#27;[35m[@503 - main]&amp#27;[m &amp#27;[36mcom.shaft.tools.io.ReportManager&amp#27;[m : File Action "GetAbsolutePath" successfully performed. With the following test data "Relative Folder Path: "C:\eclipse-workspace\MyProjects\TASystemsAPIs\src\test\resources\testDataFiles\Schemas\ValidationError_schema.json"".
2023-01-22 22:13:29.615 &amp#27;[32m INFO&amp#27;[m &amp#27;[35m[@503 - main]&amp#27;[m &amp#27;[36mcom.shaft.tools.io.ReportManager&amp#27;[m : File Action "ReadFile" successfully performed. With the following test data "File Path: "C:\eclipse-workspace\MyProjects\TASystemsAPIs\src\test\resources\testDataFiles\Schemas\ValidationError_schema.json"".
2023-01-22 22:13:29.616 &amp#27;[32m INFO&amp#27;[m &amp#27;[35m[@503 - main]&amp#27;[m &amp#27;[36mcom.shaft.tools.io.ReportManager&amp#27;[m : Successfully created attachment "Validation Test Data - Expected JSON Value"
2023-01-22 22:13:29.617 &amp#27;[32m INFO&amp#27;[m &amp#27;[35m[@503 - main]&amp#27;[m &amp#27;[36mcom.shaft.tools.io.ReportManager&amp#27;[m : Successfully created attachment "Validation Test Data - Actual JSON Value"
2023-01-22 22:13:29.619 &amp#27;[32m INFO&amp#27;[m &amp#27;[35m[@503 - main]&amp#27;[m &amp#27;[36mcom.shaft.tools.io.ReportManager&amp#27;[m : Successfully created attachment "SHAFT Engine Logs - Current Method log: Update_Policy_With_Missing_Keys_TC"
]]></system-out>
  </testcase>
  <testcase name="Update_Policy_With_Missing_Keys_TC[[Ljava.lang.Object;@41f6928a](27)" classname="SteeringCompanyAPI_TestCases.Test_Policies_Cases" time="3.748">
    <system-out><![CDATA[2023-01-22 22:13:29.624 &amp#27;[32m INFO&amp#27;[m &amp#27;[35m[@534 - main]&amp#27;[m &amp#27;[36mcom.shaft.tools.io.ReportManager&amp#27;[m : 
################################################################################################################################################
Starting Execution:	"313 out of 83" test cases in the current suite
Test Method:		"SteeringCompanyAPI_TestCases.Test_Policies_Cases.Update_Policy_With_Missing_Keys_TC"
Test Description:	"TC051 -Policy- Perform Update Policy with Missing Keys"
################################################################################################################################################
2023-01-22 22:13:29.625 &amp#27;[32m INFO&amp#27;[m &amp#27;[35m[@503 - main]&amp#27;[m &amp#27;[36mcom.shaft.tools.io.ReportManager&amp#27;[m : File Action "DoesFileExist" successfully performed. With the following test data "File Path: "SteeringCompanyAPI_TestData/SteeringCompanyAPI_TestData.xlsx"".
2023-01-22 22:13:29.649 &amp#27;[32m INFO&amp#27;[m &amp#27;[35m[@503 - main]&amp#27;[m &amp#27;[36mcom.shaft.tools.io.ReportManager&amp#27;[m : Successfully created attachment "Test Data - Excel"
2023-01-22 22:13:30.995 &amp#27;[32m INFO&amp#27;[m &amp#27;[35m[@503 - main]&amp#27;[m &amp#27;[36mcom.shaft.tools.io.ReportManager&amp#27;[m : Response status code: "200", status line: "HTTP/1.1 200 OK"
2023-01-22 22:13:31.043 &amp#27;[32m INFO&amp#27;[m &amp#27;[35m[@503 - main]&amp#27;[m &amp#27;[36mcom.shaft.tools.io.ReportManager&amp#27;[m : Successfully created attachment "API Request - Specifications"
2023-01-22 22:13:31.045 &amp#27;[32m INFO&amp#27;[m &amp#27;[35m[@503 - main]&amp#27;[m &amp#27;[36mcom.shaft.tools.io.ReportManager&amp#27;[m : Successfully created attachment "API Request - Body"
2023-01-22 22:13:31.046 &amp#27;[32m INFO&amp#27;[m &amp#27;[35m[@503 - main]&amp#27;[m &amp#27;[36mcom.shaft.tools.io.ReportManager&amp#27;[m : Successfully created attachment "API Response - JSON Body"
2023-01-22 22:13:31.061 &amp#27;[32m INFO&amp#27;[m &amp#27;[35m[@503 - main]&amp#27;[m &amp#27;[36mcom.shaft.tools.io.ReportManager&amp#27;[m : File Action "DoesFileExist" successfully performed. With the following test data "File Path: "SteeringCompanyAPI_TestData/SteeringCompanyAPI_TestData.xlsx"".
2023-01-22 22:13:31.085 &amp#27;[32m INFO&amp#27;[m &amp#27;[35m[@503 - main]&amp#27;[m &amp#27;[36mcom.shaft.tools.io.ReportManager&amp#27;[m : Successfully created attachment "Test Data - Excel"
2023-01-22 22:13:31.085 &amp#27;[32m INFO&amp#27;[m &amp#27;[35m[@503 - main]&amp#27;[m &amp#27;[36mcom.shaft.tools.io.ReportManager&amp#27;[m : File Action "DoesFileExist" successfully performed. With the following test data "File Path: "SteeringCompanyAPI_TestData/SteeringCompanyAPI_TestData.xlsx"".
2023-01-22 22:13:31.106 &amp#27;[32m INFO&amp#27;[m &amp#27;[35m[@503 - main]&amp#27;[m &amp#27;[36mcom.shaft.tools.io.ReportManager&amp#27;[m : Successfully created attachment "Test Data - Excel"
2023-01-22 22:13:31.107 &amp#27;[32m INFO&amp#27;[m &amp#27;[35m[@503 - main]&amp#27;[m &amp#27;[36mcom.shaft.tools.io.ReportManager&amp#27;[m : File Action "DoesFileExist" successfully performed. With the following test data "File Path: "SteeringCompanyAPI_TestData/SteeringCompanyAPI_TestData.xlsx"".
2023-01-22 22:13:31.140 &amp#27;[32m INFO&amp#27;[m &amp#27;[35m[@503 - main]&amp#27;[m &amp#27;[36mcom.shaft.tools.io.ReportManager&amp#27;[m : Successfully created attachment "Test Data - Excel"
2023-01-22 22:13:33.311 &amp#27;[32m INFO&amp#27;[m &amp#27;[35m[@503 - main]&amp#27;[m &amp#27;[36mcom.shaft.tools.io.ReportManager&amp#27;[m : Response status code: "422", status line: "HTTP/1.1 422 "
2023-01-22 22:13:33.321 &amp#27;[32m INFO&amp#27;[m &amp#27;[35m[@503 - main]&amp#27;[m &amp#27;[36mcom.shaft.tools.io.ReportManager&amp#27;[m : Successfully created attachment "API Request - Specifications"
2023-01-22 22:13:33.360 &amp#27;[32m INFO&amp#27;[m &amp#27;[35m[@503 - main]&amp#27;[m &amp#27;[36mcom.shaft.tools.io.ReportManager&amp#27;[m : Successfully created attachment "API Request - JSON Body"
2023-01-22 22:13:33.362 &amp#27;[32m INFO&amp#27;[m &amp#27;[35m[@503 - main]&amp#27;[m &amp#27;[36mcom.shaft.tools.io.ReportManager&amp#27;[m : Successfully created attachment "API Response - JSON Body"
2023-01-22 22:13:33.363 &amp#27;[32m INFO&amp#27;[m &amp#27;[35m[@503 - main]&amp#27;[m &amp#27;[36mcom.shaft.tools.io.ReportManager&amp#27;[m : File Action "DoesFileExist" successfully performed. With the following test data "File Path: "Schemas/ValidationError_schema.json"".
2023-01-22 22:13:33.363 &amp#27;[32m INFO&amp#27;[m &amp#27;[35m[@503 - main]&amp#27;[m &amp#27;[36mcom.shaft.tools.io.ReportManager&amp#27;[m : File Action "DoesFileExist" successfully performed. With the following test data "File Path: "src/test/resources/testDataFiles/Schemas/ValidationError_schema.json"".
2023-01-22 22:13:33.363 &amp#27;[32m INFO&amp#27;[m &amp#27;[35m[@503 - main]&amp#27;[m &amp#27;[36mcom.shaft.tools.io.ReportManager&amp#27;[m : File Action "GetAbsolutePath" successfully performed. With the following test data "Relative Folder Path: "src/test/resources/testDataFiles/Schemas/ValidationError_schema.json"".
2023-01-22 22:13:33.365 &amp#27;[32m INFO&amp#27;[m &amp#27;[35m[@503 - main]&amp#27;[m &amp#27;[36mcom.shaft.tools.io.ReportManager&amp#27;[m : File Action "DoesFileExist" successfully performed. With the following test data "File Path: "C:\eclipse-workspace\MyProjects\TASystemsAPIs\src\test\resources\testDataFiles\Schemas\ValidationError_schema.json"".
2023-01-22 22:13:33.365 &amp#27;[32m INFO&amp#27;[m &amp#27;[35m[@503 - main]&amp#27;[m &amp#27;[36mcom.shaft.tools.io.ReportManager&amp#27;[m : File Action "GetAbsolutePath" successfully performed. With the following test data "Relative Folder Path: "C:\eclipse-workspace\MyProjects\TASystemsAPIs\src\test\resources\testDataFiles\Schemas\ValidationError_schema.json"".
2023-01-22 22:13:33.365 &amp#27;[32m INFO&amp#27;[m &amp#27;[35m[@503 - main]&amp#27;[m &amp#27;[36mcom.shaft.tools.io.ReportManager&amp#27;[m : File Action "ReadFile" successfully performed. With the following test data "File Path: "C:\eclipse-workspace\MyProjects\TASystemsAPIs\src\test\resources\testDataFiles\Schemas\ValidationError_schema.json"".
2023-01-22 22:13:33.367 &amp#27;[32m INFO&amp#27;[m &amp#27;[35m[@503 - main]&amp#27;[m &amp#27;[36mcom.shaft.tools.io.ReportManager&amp#27;[m : Successfully created attachment "Validation Test Data - Expected JSON Value"
2023-01-22 22:13:33.368 &amp#27;[32m INFO&amp#27;[m &amp#27;[35m[@503 - main]&amp#27;[m &amp#27;[36mcom.shaft.tools.io.ReportManager&amp#27;[m : Successfully created attachment "Validation Test Data - Actual JSON Value"
2023-01-22 22:13:33.369 &amp#27;[32m INFO&amp#27;[m &amp#27;[35m[@503 - main]&amp#27;[m &amp#27;[36mcom.shaft.tools.io.ReportManager&amp#27;[m : Successfully created attachment "SHAFT Engine Logs - Current Method log: Update_Policy_With_Missing_Keys_TC"
]]></system-out>
  </testcase>
  <testcase name="Update_Policy_With_Missing_Keys_TC[[Ljava.lang.Object;@2ff4e956](28)" classname="SteeringCompanyAPI_TestCases.Test_Policies_Cases" time="2.558">
    <system-out><![CDATA[2023-01-22 22:13:33.371 &amp#27;[32m INFO&amp#27;[m &amp#27;[35m[@534 - main]&amp#27;[m &amp#27;[36mcom.shaft.tools.io.ReportManager&amp#27;[m : 
################################################################################################################################################
Starting Execution:	"314 out of 83" test cases in the current suite
Test Method:		"SteeringCompanyAPI_TestCases.Test_Policies_Cases.Update_Policy_With_Missing_Keys_TC"
Test Description:	"TC051 -Policy- Perform Update Policy with Missing Keys"
################################################################################################################################################
2023-01-22 22:13:33.372 &amp#27;[32m INFO&amp#27;[m &amp#27;[35m[@503 - main]&amp#27;[m &amp#27;[36mcom.shaft.tools.io.ReportManager&amp#27;[m : File Action "DoesFileExist" successfully performed. With the following test data "File Path: "SteeringCompanyAPI_TestData/SteeringCompanyAPI_TestData.xlsx"".
2023-01-22 22:13:33.399 &amp#27;[32m INFO&amp#27;[m &amp#27;[35m[@503 - main]&amp#27;[m &amp#27;[36mcom.shaft.tools.io.ReportManager&amp#27;[m : Successfully created attachment "Test Data - Excel"
2023-01-22 22:13:34.562 &amp#27;[32m INFO&amp#27;[m &amp#27;[35m[@503 - main]&amp#27;[m &amp#27;[36mcom.shaft.tools.io.ReportManager&amp#27;[m : Response status code: "200", status line: "HTTP/1.1 200 OK"
2023-01-22 22:13:34.609 &amp#27;[32m INFO&amp#27;[m &amp#27;[35m[@503 - main]&amp#27;[m &amp#27;[36mcom.shaft.tools.io.ReportManager&amp#27;[m : Successfully created attachment "API Request - Specifications"
2023-01-22 22:13:34.611 &amp#27;[32m INFO&amp#27;[m &amp#27;[35m[@503 - main]&amp#27;[m &amp#27;[36mcom.shaft.tools.io.ReportManager&amp#27;[m : Successfully created attachment "API Request - Body"
2023-01-22 22:13:34.613 &amp#27;[32m INFO&amp#27;[m &amp#27;[35m[@503 - main]&amp#27;[m &amp#27;[36mcom.shaft.tools.io.ReportManager&amp#27;[m : Successfully created attachment "API Response - JSON Body"
2023-01-22 22:13:34.620 &amp#27;[32m INFO&amp#27;[m &amp#27;[35m[@503 - main]&amp#27;[m &amp#27;[36mcom.shaft.tools.io.ReportManager&amp#27;[m : File Action "DoesFileExist" successfully performed. With the following test data "File Path: "SteeringCompanyAPI_TestData/SteeringCompanyAPI_TestData.xlsx"".
2023-01-22 22:13:34.645 &amp#27;[32m INFO&amp#27;[m &amp#27;[35m[@503 - main]&amp#27;[m &amp#27;[36mcom.shaft.tools.io.ReportManager&amp#27;[m : Successfully created attachment "Test Data - Excel"
2023-01-22 22:13:34.645 &amp#27;[32m INFO&amp#27;[m &amp#27;[35m[@503 - main]&amp#27;[m &amp#27;[36mcom.shaft.tools.io.ReportManager&amp#27;[m : File Action "DoesFileExist" successfully performed. With the following test data "File Path: "SteeringCompanyAPI_TestData/SteeringCompanyAPI_TestData.xlsx"".
2023-01-22 22:13:34.667 &amp#27;[32m INFO&amp#27;[m &amp#27;[35m[@503 - main]&amp#27;[m &amp#27;[36mcom.shaft.tools.io.ReportManager&amp#27;[m : Successfully created attachment "Test Data - Excel"
2023-01-22 22:13:34.667 &amp#27;[32m INFO&amp#27;[m &amp#27;[35m[@503 - main]&amp#27;[m &amp#27;[36mcom.shaft.tools.io.ReportManager&amp#27;[m : File Action "DoesFileExist" successfully performed. With the following test data "File Path: "SteeringCompanyAPI_TestData/SteeringCompanyAPI_TestData.xlsx"".
2023-01-22 22:13:34.692 &amp#27;[32m INFO&amp#27;[m &amp#27;[35m[@503 - main]&amp#27;[m &amp#27;[36mcom.shaft.tools.io.ReportManager&amp#27;[m : Successfully created attachment "Test Data - Excel"
2023-01-22 22:13:35.867 &amp#27;[32m INFO&amp#27;[m &amp#27;[35m[@503 - main]&amp#27;[m &amp#27;[36mcom.shaft.tools.io.ReportManager&amp#27;[m : Response status code: "422", status line: "HTTP/1.1 422 "
2023-01-22 22:13:35.879 &amp#27;[32m INFO&amp#27;[m &amp#27;[35m[@503 - main]&amp#27;[m &amp#27;[36mcom.shaft.tools.io.ReportManager&amp#27;[m : Successfully created attachment "API Request - Specifications"
2023-01-22 22:13:35.880 &amp#27;[32m INFO&amp#27;[m &amp#27;[35m[@503 - main]&amp#27;[m &amp#27;[36mcom.shaft.tools.io.ReportManager&amp#27;[m : Successfully created attachment "API Request - JSON Body"
2023-01-22 22:13:35.919 &amp#27;[32m INFO&amp#27;[m &amp#27;[35m[@503 - main]&amp#27;[m &amp#27;[36mcom.shaft.tools.io.ReportManager&amp#27;[m : Successfully created attachment "API Response - JSON Body"
2023-01-22 22:13:35.920 &amp#27;[32m INFO&amp#27;[m &amp#27;[35m[@503 - main]&amp#27;[m &amp#27;[36mcom.shaft.tools.io.ReportManager&amp#27;[m : File Action "DoesFileExist" successfully performed. With the following test data "File Path: "Schemas/ValidationError_schema.json"".
2023-01-22 22:13:35.920 &amp#27;[32m INFO&amp#27;[m &amp#27;[35m[@503 - main]&amp#27;[m &amp#27;[36mcom.shaft.tools.io.ReportManager&amp#27;[m : File Action "DoesFileExist" successfully performed. With the following test data "File Path: "src/test/resources/testDataFiles/Schemas/ValidationError_schema.json"".
2023-01-22 22:13:35.920 &amp#27;[32m INFO&amp#27;[m &amp#27;[35m[@503 - main]&amp#27;[m &amp#27;[36mcom.shaft.tools.io.ReportManager&amp#27;[m : File Action "GetAbsolutePath" successfully performed. With the following test data "Relative Folder Path: "src/test/resources/testDataFiles/Schemas/ValidationError_schema.json"".
2023-01-22 22:13:35.922 &amp#27;[32m INFO&amp#27;[m &amp#27;[35m[@503 - main]&amp#27;[m &amp#27;[36mcom.shaft.tools.io.ReportManager&amp#27;[m : File Action "DoesFileExist" successfully performed. With the following test data "File Path: "C:\eclipse-workspace\MyProjects\TASystemsAPIs\src\test\resources\testDataFiles\Schemas\ValidationError_schema.json"".
2023-01-22 22:13:35.922 &amp#27;[32m INFO&amp#27;[m &amp#27;[35m[@503 - main]&amp#27;[m &amp#27;[36mcom.shaft.tools.io.ReportManager&amp#27;[m : File Action "GetAbsolutePath" successfully performed. With the following test data "Relative Folder Path: "C:\eclipse-workspace\MyProjects\TASystemsAPIs\src\test\resources\testDataFiles\Schemas\ValidationError_schema.json"".
2023-01-22 22:13:35.923 &amp#27;[32m INFO&amp#27;[m &amp#27;[35m[@503 - main]&amp#27;[m &amp#27;[36mcom.shaft.tools.io.ReportManager&amp#27;[m : File Action "ReadFile" successfully performed. With the following test data "File Path: "C:\eclipse-workspace\MyProjects\TASystemsAPIs\src\test\resources\testDataFiles\Schemas\ValidationError_schema.json"".
2023-01-22 22:13:35.925 &amp#27;[32m INFO&amp#27;[m &amp#27;[35m[@503 - main]&amp#27;[m &amp#27;[36mcom.shaft.tools.io.ReportManager&amp#27;[m : Successfully created attachment "Validation Test Data - Expected JSON Value"
2023-01-22 22:13:35.925 &amp#27;[32m INFO&amp#27;[m &amp#27;[35m[@503 - main]&amp#27;[m &amp#27;[36mcom.shaft.tools.io.ReportManager&amp#27;[m : Successfully created attachment "Validation Test Data - Actual JSON Value"
2023-01-22 22:13:35.926 &amp#27;[32m INFO&amp#27;[m &amp#27;[35m[@503 - main]&amp#27;[m &amp#27;[36mcom.shaft.tools.io.ReportManager&amp#27;[m : Successfully created attachment "SHAFT Engine Logs - Current Method log: Update_Policy_With_Missing_Keys_TC"
]]></system-out>
  </testcase>
  <testcase name="Update_Policy_With_Missing_Keys_TC[[Ljava.lang.Object;@2c349117](29)" classname="SteeringCompanyAPI_TestCases.Test_Policies_Cases" time="2.936">
    <system-out><![CDATA[2023-01-22 22:13:35.929 &amp#27;[32m INFO&amp#27;[m &amp#27;[35m[@534 - main]&amp#27;[m &amp#27;[36mcom.shaft.tools.io.ReportManager&amp#27;[m : 
################################################################################################################################################
Starting Execution:	"315 out of 83" test cases in the current suite
Test Method:		"SteeringCompanyAPI_TestCases.Test_Policies_Cases.Update_Policy_With_Missing_Keys_TC"
Test Description:	"TC051 -Policy- Perform Update Policy with Missing Keys"
################################################################################################################################################
2023-01-22 22:13:35.930 &amp#27;[32m INFO&amp#27;[m &amp#27;[35m[@503 - main]&amp#27;[m &amp#27;[36mcom.shaft.tools.io.ReportManager&amp#27;[m : File Action "DoesFileExist" successfully performed. With the following test data "File Path: "SteeringCompanyAPI_TestData/SteeringCompanyAPI_TestData.xlsx"".
2023-01-22 22:13:35.950 &amp#27;[32m INFO&amp#27;[m &amp#27;[35m[@503 - main]&amp#27;[m &amp#27;[36mcom.shaft.tools.io.ReportManager&amp#27;[m : Successfully created attachment "Test Data - Excel"
2023-01-22 22:13:37.445 &amp#27;[32m INFO&amp#27;[m &amp#27;[35m[@503 - main]&amp#27;[m &amp#27;[36mcom.shaft.tools.io.ReportManager&amp#27;[m : Response status code: "200", status line: "HTTP/1.1 200 OK"
2023-01-22 22:13:37.454 &amp#27;[32m INFO&amp#27;[m &amp#27;[35m[@503 - main]&amp#27;[m &amp#27;[36mcom.shaft.tools.io.ReportManager&amp#27;[m : Successfully created attachment "API Request - Specifications"
2023-01-22 22:13:37.494 &amp#27;[32m INFO&amp#27;[m &amp#27;[35m[@503 - main]&amp#27;[m &amp#27;[36mcom.shaft.tools.io.ReportManager&amp#27;[m : Successfully created attachment "API Request - Body"
2023-01-22 22:13:37.496 &amp#27;[32m INFO&amp#27;[m &amp#27;[35m[@503 - main]&amp#27;[m &amp#27;[36mcom.shaft.tools.io.ReportManager&amp#27;[m : Successfully created attachment "API Response - JSON Body"
2023-01-22 22:13:37.503 &amp#27;[32m INFO&amp#27;[m &amp#27;[35m[@503 - main]&amp#27;[m &amp#27;[36mcom.shaft.tools.io.ReportManager&amp#27;[m : File Action "DoesFileExist" successfully performed. With the following test data "File Path: "SteeringCompanyAPI_TestData/SteeringCompanyAPI_TestData.xlsx"".
2023-01-22 22:13:37.525 &amp#27;[32m INFO&amp#27;[m &amp#27;[35m[@503 - main]&amp#27;[m &amp#27;[36mcom.shaft.tools.io.ReportManager&amp#27;[m : Successfully created attachment "Test Data - Excel"
2023-01-22 22:13:37.525 &amp#27;[32m INFO&amp#27;[m &amp#27;[35m[@503 - main]&amp#27;[m &amp#27;[36mcom.shaft.tools.io.ReportManager&amp#27;[m : File Action "DoesFileExist" successfully performed. With the following test data "File Path: "SteeringCompanyAPI_TestData/SteeringCompanyAPI_TestData.xlsx"".
2023-01-22 22:13:37.551 &amp#27;[32m INFO&amp#27;[m &amp#27;[35m[@503 - main]&amp#27;[m &amp#27;[36mcom.shaft.tools.io.ReportManager&amp#27;[m : Successfully created attachment "Test Data - Excel"
2023-01-22 22:13:37.551 &amp#27;[32m INFO&amp#27;[m &amp#27;[35m[@503 - main]&amp#27;[m &amp#27;[36mcom.shaft.tools.io.ReportManager&amp#27;[m : File Action "DoesFileExist" successfully performed. With the following test data "File Path: "SteeringCompanyAPI_TestData/SteeringCompanyAPI_TestData.xlsx"".
2023-01-22 22:13:37.578 &amp#27;[32m INFO&amp#27;[m &amp#27;[35m[@503 - main]&amp#27;[m &amp#27;[36mcom.shaft.tools.io.ReportManager&amp#27;[m : Successfully created attachment "Test Data - Excel"
2023-01-22 22:13:38.796 &amp#27;[32m INFO&amp#27;[m &amp#27;[35m[@503 - main]&amp#27;[m &amp#27;[36mcom.shaft.tools.io.ReportManager&amp#27;[m : Response status code: "422", status line: "HTTP/1.1 422 "
2023-01-22 22:13:38.805 &amp#27;[32m INFO&amp#27;[m &amp#27;[35m[@503 - main]&amp#27;[m &amp#27;[36mcom.shaft.tools.io.ReportManager&amp#27;[m : Successfully created attachment "API Request - Specifications"
2023-01-22 22:13:38.807 &amp#27;[32m INFO&amp#27;[m &amp#27;[35m[@503 - main]&amp#27;[m &amp#27;[36mcom.shaft.tools.io.ReportManager&amp#27;[m : Successfully created attachment "API Request - JSON Body"
2023-01-22 22:13:38.807 &amp#27;[32m INFO&amp#27;[m &amp#27;[35m[@503 - main]&amp#27;[m &amp#27;[36mcom.shaft.tools.io.ReportManager&amp#27;[m : Successfully created attachment "API Response - JSON Body"
2023-01-22 22:13:38.808 &amp#27;[32m INFO&amp#27;[m &amp#27;[35m[@503 - main]&amp#27;[m &amp#27;[36mcom.shaft.tools.io.ReportManager&amp#27;[m : File Action "DoesFileExist" successfully performed. With the following test data "File Path: "Schemas/ValidationError_schema.json"".
2023-01-22 22:13:38.808 &amp#27;[32m INFO&amp#27;[m &amp#27;[35m[@503 - main]&amp#27;[m &amp#27;[36mcom.shaft.tools.io.ReportManager&amp#27;[m : File Action "DoesFileExist" successfully performed. With the following test data "File Path: "src/test/resources/testDataFiles/Schemas/ValidationError_schema.json"".
2023-01-22 22:13:38.808 &amp#27;[32m INFO&amp#27;[m &amp#27;[35m[@503 - main]&amp#27;[m &amp#27;[36mcom.shaft.tools.io.ReportManager&amp#27;[m : File Action "GetAbsolutePath" successfully performed. With the following test data "Relative Folder Path: "src/test/resources/testDataFiles/Schemas/ValidationError_schema.json"".
2023-01-22 22:13:38.822 &amp#27;[32m INFO&amp#27;[m &amp#27;[35m[@503 - main]&amp#27;[m &amp#27;[36mcom.shaft.tools.io.ReportManager&amp#27;[m : File Action "DoesFileExist" successfully performed. With the following test data "File Path: "C:\eclipse-workspace\MyProjects\TASystemsAPIs\src\test\resources\testDataFiles\Schemas\ValidationError_schema.json"".
2023-01-22 22:13:38.822 &amp#27;[32m INFO&amp#27;[m &amp#27;[35m[@503 - main]&amp#27;[m &amp#27;[36mcom.shaft.tools.io.ReportManager&amp#27;[m : File Action "GetAbsolutePath" successfully performed. With the following test data "Relative Folder Path: "C:\eclipse-workspace\MyProjects\TASystemsAPIs\src\test\resources\testDataFiles\Schemas\ValidationError_schema.json"".
2023-01-22 22:13:38.823 &amp#27;[32m INFO&amp#27;[m &amp#27;[35m[@503 - main]&amp#27;[m &amp#27;[36mcom.shaft.tools.io.ReportManager&amp#27;[m : File Action "ReadFile" successfully performed. With the following test data "File Path: "C:\eclipse-workspace\MyProjects\TASystemsAPIs\src\test\resources\testDataFiles\Schemas\ValidationError_schema.json"".
2023-01-22 22:13:38.825 &amp#27;[32m INFO&amp#27;[m &amp#27;[35m[@503 - main]&amp#27;[m &amp#27;[36mcom.shaft.tools.io.ReportManager&amp#27;[m : Successfully created attachment "Validation Test Data - Expected JSON Value"
2023-01-22 22:13:38.861 &amp#27;[32m INFO&amp#27;[m &amp#27;[35m[@503 - main]&amp#27;[m &amp#27;[36mcom.shaft.tools.io.ReportManager&amp#27;[m : Successfully created attachment "Validation Test Data - Actual JSON Value"
2023-01-22 22:13:38.862 &amp#27;[32m INFO&amp#27;[m &amp#27;[35m[@503 - main]&amp#27;[m &amp#27;[36mcom.shaft.tools.io.ReportManager&amp#27;[m : Successfully created attachment "SHAFT Engine Logs - Current Method log: Update_Policy_With_Missing_Keys_TC"
]]></system-out>
  </testcase>
  <testcase name="Update_Policy_With_Missing_Keys_TC[[Ljava.lang.Object;@55414032](30)" classname="SteeringCompanyAPI_TestCases.Test_Policies_Cases" time="3.353">
    <system-out><![CDATA[2023-01-22 22:13:38.865 &amp#27;[32m INFO&amp#27;[m &amp#27;[35m[@534 - main]&amp#27;[m &amp#27;[36mcom.shaft.tools.io.ReportManager&amp#27;[m : 
################################################################################################################################################
Starting Execution:	"316 out of 83" test cases in the current suite
Test Method:		"SteeringCompanyAPI_TestCases.Test_Policies_Cases.Update_Policy_With_Missing_Keys_TC"
Test Description:	"TC051 -Policy- Perform Update Policy with Missing Keys"
################################################################################################################################################
2023-01-22 22:13:38.865 &amp#27;[32m INFO&amp#27;[m &amp#27;[35m[@503 - main]&amp#27;[m &amp#27;[36mcom.shaft.tools.io.ReportManager&amp#27;[m : File Action "DoesFileExist" successfully performed. With the following test data "File Path: "SteeringCompanyAPI_TestData/SteeringCompanyAPI_TestData.xlsx"".
2023-01-22 22:13:38.885 &amp#27;[32m INFO&amp#27;[m &amp#27;[35m[@503 - main]&amp#27;[m &amp#27;[36mcom.shaft.tools.io.ReportManager&amp#27;[m : Successfully created attachment "Test Data - Excel"
2023-01-22 22:13:41.045 &amp#27;[32m INFO&amp#27;[m &amp#27;[35m[@503 - main]&amp#27;[m &amp#27;[36mcom.shaft.tools.io.ReportManager&amp#27;[m : Response status code: "200", status line: "HTTP/1.1 200 OK"
2023-01-22 22:13:41.060 &amp#27;[32m INFO&amp#27;[m &amp#27;[35m[@503 - main]&amp#27;[m &amp#27;[36mcom.shaft.tools.io.ReportManager&amp#27;[m : Successfully created attachment "API Request - Specifications"
2023-01-22 22:13:41.062 &amp#27;[32m INFO&amp#27;[m &amp#27;[35m[@503 - main]&amp#27;[m &amp#27;[36mcom.shaft.tools.io.ReportManager&amp#27;[m : Successfully created attachment "API Request - Body"
2023-01-22 22:13:41.062 &amp#27;[32m INFO&amp#27;[m &amp#27;[35m[@503 - main]&amp#27;[m &amp#27;[36mcom.shaft.tools.io.ReportManager&amp#27;[m : Successfully created attachment "API Response - JSON Body"
2023-01-22 22:13:41.073 &amp#27;[32m INFO&amp#27;[m &amp#27;[35m[@503 - main]&amp#27;[m &amp#27;[36mcom.shaft.tools.io.ReportManager&amp#27;[m : File Action "DoesFileExist" successfully performed. With the following test data "File Path: "SteeringCompanyAPI_TestData/SteeringCompanyAPI_TestData.xlsx"".
2023-01-22 22:13:41.133 &amp#27;[32m INFO&amp#27;[m &amp#27;[35m[@503 - main]&amp#27;[m &amp#27;[36mcom.shaft.tools.io.ReportManager&amp#27;[m : Successfully created attachment "Test Data - Excel"
2023-01-22 22:13:41.133 &amp#27;[32m INFO&amp#27;[m &amp#27;[35m[@503 - main]&amp#27;[m &amp#27;[36mcom.shaft.tools.io.ReportManager&amp#27;[m : File Action "DoesFileExist" successfully performed. With the following test data "File Path: "SteeringCompanyAPI_TestData/SteeringCompanyAPI_TestData.xlsx"".
2023-01-22 22:13:41.160 &amp#27;[32m INFO&amp#27;[m &amp#27;[35m[@503 - main]&amp#27;[m &amp#27;[36mcom.shaft.tools.io.ReportManager&amp#27;[m : Successfully created attachment "Test Data - Excel"
2023-01-22 22:13:41.161 &amp#27;[32m INFO&amp#27;[m &amp#27;[35m[@503 - main]&amp#27;[m &amp#27;[36mcom.shaft.tools.io.ReportManager&amp#27;[m : File Action "DoesFileExist" successfully performed. With the following test data "File Path: "SteeringCompanyAPI_TestData/SteeringCompanyAPI_TestData.xlsx"".
2023-01-22 22:13:41.182 &amp#27;[32m INFO&amp#27;[m &amp#27;[35m[@503 - main]&amp#27;[m &amp#27;[36mcom.shaft.tools.io.ReportManager&amp#27;[m : Successfully created attachment "Test Data - Excel"
2023-01-22 22:13:42.155 &amp#27;[32m INFO&amp#27;[m &amp#27;[35m[@503 - main]&amp#27;[m &amp#27;[36mcom.shaft.tools.io.ReportManager&amp#27;[m : Response status code: "422", status line: "HTTP/1.1 422 "
2023-01-22 22:13:42.166 &amp#27;[32m INFO&amp#27;[m &amp#27;[35m[@503 - main]&amp#27;[m &amp#27;[36mcom.shaft.tools.io.ReportManager&amp#27;[m : Successfully created attachment "API Request - Specifications"
2023-01-22 22:13:42.206 &amp#27;[32m INFO&amp#27;[m &amp#27;[35m[@503 - main]&amp#27;[m &amp#27;[36mcom.shaft.tools.io.ReportManager&amp#27;[m : Successfully created attachment "API Request - JSON Body"
2023-01-22 22:13:42.208 &amp#27;[32m INFO&amp#27;[m &amp#27;[35m[@503 - main]&amp#27;[m &amp#27;[36mcom.shaft.tools.io.ReportManager&amp#27;[m : Successfully created attachment "API Response - JSON Body"
2023-01-22 22:13:42.210 &amp#27;[32m INFO&amp#27;[m &amp#27;[35m[@503 - main]&amp#27;[m &amp#27;[36mcom.shaft.tools.io.ReportManager&amp#27;[m : File Action "DoesFileExist" successfully performed. With the following test data "File Path: "Schemas/ValidationError_schema.json"".
2023-01-22 22:13:42.210 &amp#27;[32m INFO&amp#27;[m &amp#27;[35m[@503 - main]&amp#27;[m &amp#27;[36mcom.shaft.tools.io.ReportManager&amp#27;[m : File Action "DoesFileExist" successfully performed. With the following test data "File Path: "src/test/resources/testDataFiles/Schemas/ValidationError_schema.json"".
2023-01-22 22:13:42.210 &amp#27;[32m INFO&amp#27;[m &amp#27;[35m[@503 - main]&amp#27;[m &amp#27;[36mcom.shaft.tools.io.ReportManager&amp#27;[m : File Action "GetAbsolutePath" successfully performed. With the following test data "Relative Folder Path: "src/test/resources/testDataFiles/Schemas/ValidationError_schema.json"".
2023-01-22 22:13:42.212 &amp#27;[32m INFO&amp#27;[m &amp#27;[35m[@503 - main]&amp#27;[m &amp#27;[36mcom.shaft.tools.io.ReportManager&amp#27;[m : File Action "DoesFileExist" successfully performed. With the following test data "File Path: "C:\eclipse-workspace\MyProjects\TASystemsAPIs\src\test\resources\testDataFiles\Schemas\ValidationError_schema.json"".
2023-01-22 22:13:42.212 &amp#27;[32m INFO&amp#27;[m &amp#27;[35m[@503 - main]&amp#27;[m &amp#27;[36mcom.shaft.tools.io.ReportManager&amp#27;[m : File Action "GetAbsolutePath" successfully performed. With the following test data "Relative Folder Path: "C:\eclipse-workspace\MyProjects\TASystemsAPIs\src\test\resources\testDataFiles\Schemas\ValidationError_schema.json"".
2023-01-22 22:13:42.212 &amp#27;[32m INFO&amp#27;[m &amp#27;[35m[@503 - main]&amp#27;[m &amp#27;[36mcom.shaft.tools.io.ReportManager&amp#27;[m : File Action "ReadFile" successfully performed. With the following test data "File Path: "C:\eclipse-workspace\MyProjects\TASystemsAPIs\src\test\resources\testDataFiles\Schemas\ValidationError_schema.json"".
2023-01-22 22:13:42.213 &amp#27;[32m INFO&amp#27;[m &amp#27;[35m[@503 - main]&amp#27;[m &amp#27;[36mcom.shaft.tools.io.ReportManager&amp#27;[m : Successfully created attachment "Validation Test Data - Expected JSON Value"
2023-01-22 22:13:42.214 &amp#27;[32m INFO&amp#27;[m &amp#27;[35m[@503 - main]&amp#27;[m &amp#27;[36mcom.shaft.tools.io.ReportManager&amp#27;[m : Successfully created attachment "Validation Test Data - Actual JSON Value"
2023-01-22 22:13:42.216 &amp#27;[32m INFO&amp#27;[m &amp#27;[35m[@503 - main]&amp#27;[m &amp#27;[36mcom.shaft.tools.io.ReportManager&amp#27;[m : Successfully created attachment "SHAFT Engine Logs - Current Method log: Update_Policy_With_Missing_Keys_TC"
]]></system-out>
  </testcase>
  <testcase name="Update_Policy_With_Missing_Keys_TC[[Ljava.lang.Object;@63c3a3c2](31)" classname="SteeringCompanyAPI_TestCases.Test_Policies_Cases" time="2.24">
    <system-out><![CDATA[2023-01-22 22:13:42.219 &amp#27;[32m INFO&amp#27;[m &amp#27;[35m[@534 - main]&amp#27;[m &amp#27;[36mcom.shaft.tools.io.ReportManager&amp#27;[m : 
################################################################################################################################################
Starting Execution:	"317 out of 83" test cases in the current suite
Test Method:		"SteeringCompanyAPI_TestCases.Test_Policies_Cases.Update_Policy_With_Missing_Keys_TC"
Test Description:	"TC051 -Policy- Perform Update Policy with Missing Keys"
################################################################################################################################################
2023-01-22 22:13:42.219 &amp#27;[32m INFO&amp#27;[m &amp#27;[35m[@503 - main]&amp#27;[m &amp#27;[36mcom.shaft.tools.io.ReportManager&amp#27;[m : File Action "DoesFileExist" successfully performed. With the following test data "File Path: "SteeringCompanyAPI_TestData/SteeringCompanyAPI_TestData.xlsx"".
2023-01-22 22:13:42.241 &amp#27;[32m INFO&amp#27;[m &amp#27;[35m[@503 - main]&amp#27;[m &amp#27;[36mcom.shaft.tools.io.ReportManager&amp#27;[m : Successfully created attachment "Test Data - Excel"
2023-01-22 22:13:43.404 &amp#27;[32m INFO&amp#27;[m &amp#27;[35m[@503 - main]&amp#27;[m &amp#27;[36mcom.shaft.tools.io.ReportManager&amp#27;[m : Response status code: "200", status line: "HTTP/1.1 200 OK"
2023-01-22 22:13:43.415 &amp#27;[32m INFO&amp#27;[m &amp#27;[35m[@503 - main]&amp#27;[m &amp#27;[36mcom.shaft.tools.io.ReportManager&amp#27;[m : Successfully created attachment "API Request - Specifications"
2023-01-22 22:13:43.416 &amp#27;[32m INFO&amp#27;[m &amp#27;[35m[@503 - main]&amp#27;[m &amp#27;[36mcom.shaft.tools.io.ReportManager&amp#27;[m : Successfully created attachment "API Request - Body"
2023-01-22 22:13:43.416 &amp#27;[32m INFO&amp#27;[m &amp#27;[35m[@503 - main]&amp#27;[m &amp#27;[36mcom.shaft.tools.io.ReportManager&amp#27;[m : Successfully created attachment "API Response - JSON Body"
2023-01-22 22:13:43.424 &amp#27;[32m INFO&amp#27;[m &amp#27;[35m[@503 - main]&amp#27;[m &amp#27;[36mcom.shaft.tools.io.ReportManager&amp#27;[m : File Action "DoesFileExist" successfully performed. With the following test data "File Path: "SteeringCompanyAPI_TestData/SteeringCompanyAPI_TestData.xlsx"".
2023-01-22 22:13:43.445 &amp#27;[32m INFO&amp#27;[m &amp#27;[35m[@503 - main]&amp#27;[m &amp#27;[36mcom.shaft.tools.io.ReportManager&amp#27;[m : Successfully created attachment "Test Data - Excel"
2023-01-22 22:13:43.445 &amp#27;[32m INFO&amp#27;[m &amp#27;[35m[@503 - main]&amp#27;[m &amp#27;[36mcom.shaft.tools.io.ReportManager&amp#27;[m : File Action "DoesFileExist" successfully performed. With the following test data "File Path: "SteeringCompanyAPI_TestData/SteeringCompanyAPI_TestData.xlsx"".
2023-01-22 22:13:43.464 &amp#27;[32m INFO&amp#27;[m &amp#27;[35m[@503 - main]&amp#27;[m &amp#27;[36mcom.shaft.tools.io.ReportManager&amp#27;[m : Successfully created attachment "Test Data - Excel"
2023-01-22 22:13:43.465 &amp#27;[32m INFO&amp#27;[m &amp#27;[35m[@503 - main]&amp#27;[m &amp#27;[36mcom.shaft.tools.io.ReportManager&amp#27;[m : File Action "DoesFileExist" successfully performed. With the following test data "File Path: "SteeringCompanyAPI_TestData/SteeringCompanyAPI_TestData.xlsx"".
2023-01-22 22:13:43.484 &amp#27;[32m INFO&amp#27;[m &amp#27;[35m[@503 - main]&amp#27;[m &amp#27;[36mcom.shaft.tools.io.ReportManager&amp#27;[m : Successfully created attachment "Test Data - Excel"
2023-01-22 22:13:44.405 &amp#27;[32m INFO&amp#27;[m &amp#27;[35m[@503 - main]&amp#27;[m &amp#27;[36mcom.shaft.tools.io.ReportManager&amp#27;[m : Response status code: "422", status line: "HTTP/1.1 422 "
2023-01-22 22:13:44.414 &amp#27;[32m INFO&amp#27;[m &amp#27;[35m[@503 - main]&amp#27;[m &amp#27;[36mcom.shaft.tools.io.ReportManager&amp#27;[m : Successfully created attachment "API Request - Specifications"
2023-01-22 22:13:44.450 &amp#27;[32m INFO&amp#27;[m &amp#27;[35m[@503 - main]&amp#27;[m &amp#27;[36mcom.shaft.tools.io.ReportManager&amp#27;[m : Successfully created attachment "API Request - JSON Body"
2023-01-22 22:13:44.451 &amp#27;[32m INFO&amp#27;[m &amp#27;[35m[@503 - main]&amp#27;[m &amp#27;[36mcom.shaft.tools.io.ReportManager&amp#27;[m : Successfully created attachment "API Response - JSON Body"
2023-01-22 22:13:44.451 &amp#27;[32m INFO&amp#27;[m &amp#27;[35m[@503 - main]&amp#27;[m &amp#27;[36mcom.shaft.tools.io.ReportManager&amp#27;[m : File Action "DoesFileExist" successfully performed. With the following test data "File Path: "Schemas/ValidationError_schema.json"".
2023-01-22 22:13:44.451 &amp#27;[32m INFO&amp#27;[m &amp#27;[35m[@503 - main]&amp#27;[m &amp#27;[36mcom.shaft.tools.io.ReportManager&amp#27;[m : File Action "DoesFileExist" successfully performed. With the following test data "File Path: "src/test/resources/testDataFiles/Schemas/ValidationError_schema.json"".
2023-01-22 22:13:44.452 &amp#27;[32m INFO&amp#27;[m &amp#27;[35m[@503 - main]&amp#27;[m &amp#27;[36mcom.shaft.tools.io.ReportManager&amp#27;[m : File Action "GetAbsolutePath" successfully performed. With the following test data "Relative Folder Path: "src/test/resources/testDataFiles/Schemas/ValidationError_schema.json"".
2023-01-22 22:13:44.453 &amp#27;[32m INFO&amp#27;[m &amp#27;[35m[@503 - main]&amp#27;[m &amp#27;[36mcom.shaft.tools.io.ReportManager&amp#27;[m : File Action "DoesFileExist" successfully performed. With the following test data "File Path: "C:\eclipse-workspace\MyProjects\TASystemsAPIs\src\test\resources\testDataFiles\Schemas\ValidationError_schema.json"".
2023-01-22 22:13:44.453 &amp#27;[32m INFO&amp#27;[m &amp#27;[35m[@503 - main]&amp#27;[m &amp#27;[36mcom.shaft.tools.io.ReportManager&amp#27;[m : File Action "GetAbsolutePath" successfully performed. With the following test data "Relative Folder Path: "C:\eclipse-workspace\MyProjects\TASystemsAPIs\src\test\resources\testDataFiles\Schemas\ValidationError_schema.json"".
2023-01-22 22:13:44.453 &amp#27;[32m INFO&amp#27;[m &amp#27;[35m[@503 - main]&amp#27;[m &amp#27;[36mcom.shaft.tools.io.ReportManager&amp#27;[m : File Action "ReadFile" successfully performed. With the following test data "File Path: "C:\eclipse-workspace\MyProjects\TASystemsAPIs\src\test\resources\testDataFiles\Schemas\ValidationError_schema.json"".
2023-01-22 22:13:44.455 &amp#27;[32m INFO&amp#27;[m &amp#27;[35m[@503 - main]&amp#27;[m &amp#27;[36mcom.shaft.tools.io.ReportManager&amp#27;[m : Successfully created attachment "Validation Test Data - Expected JSON Value"
2023-01-22 22:13:44.455 &amp#27;[32m INFO&amp#27;[m &amp#27;[35m[@503 - main]&amp#27;[m &amp#27;[36mcom.shaft.tools.io.ReportManager&amp#27;[m : Successfully created attachment "Validation Test Data - Actual JSON Value"
2023-01-22 22:13:44.457 &amp#27;[32m INFO&amp#27;[m &amp#27;[35m[@503 - main]&amp#27;[m &amp#27;[36mcom.shaft.tools.io.ReportManager&amp#27;[m : Successfully created attachment "SHAFT Engine Logs - Current Method log: Update_Policy_With_Missing_Keys_TC"
]]></system-out>
  </testcase>
  <testcase name="Update_Policy_With_Missing_Keys_TC[[Ljava.lang.Object;@42342e75](32)" classname="SteeringCompanyAPI_TestCases.Test_Policies_Cases" time="2.46">
    <system-out><![CDATA[2023-01-22 22:13:44.459 &amp#27;[32m INFO&amp#27;[m &amp#27;[35m[@534 - main]&amp#27;[m &amp#27;[36mcom.shaft.tools.io.ReportManager&amp#27;[m : 
################################################################################################################################################
Starting Execution:	"318 out of 83" test cases in the current suite
Test Method:		"SteeringCompanyAPI_TestCases.Test_Policies_Cases.Update_Policy_With_Missing_Keys_TC"
Test Description:	"TC051 -Policy- Perform Update Policy with Missing Keys"
################################################################################################################################################
2023-01-22 22:13:44.459 &amp#27;[32m INFO&amp#27;[m &amp#27;[35m[@503 - main]&amp#27;[m &amp#27;[36mcom.shaft.tools.io.ReportManager&amp#27;[m : File Action "DoesFileExist" successfully performed. With the following test data "File Path: "SteeringCompanyAPI_TestData/SteeringCompanyAPI_TestData.xlsx"".
2023-01-22 22:13:44.487 &amp#27;[32m INFO&amp#27;[m &amp#27;[35m[@503 - main]&amp#27;[m &amp#27;[36mcom.shaft.tools.io.ReportManager&amp#27;[m : Successfully created attachment "Test Data - Excel"
2023-01-22 22:13:45.636 &amp#27;[32m INFO&amp#27;[m &amp#27;[35m[@503 - main]&amp#27;[m &amp#27;[36mcom.shaft.tools.io.ReportManager&amp#27;[m : Response status code: "200", status line: "HTTP/1.1 200 OK"
2023-01-22 22:13:45.686 &amp#27;[32m INFO&amp#27;[m &amp#27;[35m[@503 - main]&amp#27;[m &amp#27;[36mcom.shaft.tools.io.ReportManager&amp#27;[m : Successfully created attachment "API Request - Specifications"
2023-01-22 22:13:45.688 &amp#27;[32m INFO&amp#27;[m &amp#27;[35m[@503 - main]&amp#27;[m &amp#27;[36mcom.shaft.tools.io.ReportManager&amp#27;[m : Successfully created attachment "API Request - Body"
2023-01-22 22:13:45.689 &amp#27;[32m INFO&amp#27;[m &amp#27;[35m[@503 - main]&amp#27;[m &amp#27;[36mcom.shaft.tools.io.ReportManager&amp#27;[m : Successfully created attachment "API Response - JSON Body"
2023-01-22 22:13:45.697 &amp#27;[32m INFO&amp#27;[m &amp#27;[35m[@503 - main]&amp#27;[m &amp#27;[36mcom.shaft.tools.io.ReportManager&amp#27;[m : File Action "DoesFileExist" successfully performed. With the following test data "File Path: "SteeringCompanyAPI_TestData/SteeringCompanyAPI_TestData.xlsx"".
2023-01-22 22:13:45.718 &amp#27;[32m INFO&amp#27;[m &amp#27;[35m[@503 - main]&amp#27;[m &amp#27;[36mcom.shaft.tools.io.ReportManager&amp#27;[m : Successfully created attachment "Test Data - Excel"
2023-01-22 22:13:45.718 &amp#27;[32m INFO&amp#27;[m &amp#27;[35m[@503 - main]&amp#27;[m &amp#27;[36mcom.shaft.tools.io.ReportManager&amp#27;[m : File Action "DoesFileExist" successfully performed. With the following test data "File Path: "SteeringCompanyAPI_TestData/SteeringCompanyAPI_TestData.xlsx"".
2023-01-22 22:13:45.744 &amp#27;[32m INFO&amp#27;[m &amp#27;[35m[@503 - main]&amp#27;[m &amp#27;[36mcom.shaft.tools.io.ReportManager&amp#27;[m : Successfully created attachment "Test Data - Excel"
2023-01-22 22:13:45.744 &amp#27;[32m INFO&amp#27;[m &amp#27;[35m[@503 - main]&amp#27;[m &amp#27;[36mcom.shaft.tools.io.ReportManager&amp#27;[m : File Action "DoesFileExist" successfully performed. With the following test data "File Path: "SteeringCompanyAPI_TestData/SteeringCompanyAPI_TestData.xlsx"".
2023-01-22 22:13:45.766 &amp#27;[32m INFO&amp#27;[m &amp#27;[35m[@503 - main]&amp#27;[m &amp#27;[36mcom.shaft.tools.io.ReportManager&amp#27;[m : Successfully created attachment "Test Data - Excel"
2023-01-22 22:13:46.862 &amp#27;[32m INFO&amp#27;[m &amp#27;[35m[@503 - main]&amp#27;[m &amp#27;[36mcom.shaft.tools.io.ReportManager&amp#27;[m : Response status code: "422", status line: "HTTP/1.1 422 "
2023-01-22 22:13:46.879 &amp#27;[32m INFO&amp#27;[m &amp#27;[35m[@503 - main]&amp#27;[m &amp#27;[36mcom.shaft.tools.io.ReportManager&amp#27;[m : Successfully created attachment "API Request - Specifications"
2023-01-22 22:13:46.880 &amp#27;[32m INFO&amp#27;[m &amp#27;[35m[@503 - main]&amp#27;[m &amp#27;[36mcom.shaft.tools.io.ReportManager&amp#27;[m : Successfully created attachment "API Request - JSON Body"
2023-01-22 22:13:46.909 &amp#27;[32m INFO&amp#27;[m &amp#27;[35m[@503 - main]&amp#27;[m &amp#27;[36mcom.shaft.tools.io.ReportManager&amp#27;[m : Successfully created attachment "API Response - JSON Body"
2023-01-22 22:13:46.911 &amp#27;[32m INFO&amp#27;[m &amp#27;[35m[@503 - main]&amp#27;[m &amp#27;[36mcom.shaft.tools.io.ReportManager&amp#27;[m : File Action "DoesFileExist" successfully performed. With the following test data "File Path: "Schemas/ValidationError_schema.json"".
2023-01-22 22:13:46.911 &amp#27;[32m INFO&amp#27;[m &amp#27;[35m[@503 - main]&amp#27;[m &amp#27;[36mcom.shaft.tools.io.ReportManager&amp#27;[m : File Action "DoesFileExist" successfully performed. With the following test data "File Path: "src/test/resources/testDataFiles/Schemas/ValidationError_schema.json"".
2023-01-22 22:13:46.911 &amp#27;[32m INFO&amp#27;[m &amp#27;[35m[@503 - main]&amp#27;[m &amp#27;[36mcom.shaft.tools.io.ReportManager&amp#27;[m : File Action "GetAbsolutePath" successfully performed. With the following test data "Relative Folder Path: "src/test/resources/testDataFiles/Schemas/ValidationError_schema.json"".
2023-01-22 22:13:46.912 &amp#27;[32m INFO&amp#27;[m &amp#27;[35m[@503 - main]&amp#27;[m &amp#27;[36mcom.shaft.tools.io.ReportManager&amp#27;[m : File Action "DoesFileExist" successfully performed. With the following test data "File Path: "C:\eclipse-workspace\MyProjects\TASystemsAPIs\src\test\resources\testDataFiles\Schemas\ValidationError_schema.json"".
2023-01-22 22:13:46.912 &amp#27;[32m INFO&amp#27;[m &amp#27;[35m[@503 - main]&amp#27;[m &amp#27;[36mcom.shaft.tools.io.ReportManager&amp#27;[m : File Action "GetAbsolutePath" successfully performed. With the following test data "Relative Folder Path: "C:\eclipse-workspace\MyProjects\TASystemsAPIs\src\test\resources\testDataFiles\Schemas\ValidationError_schema.json"".
2023-01-22 22:13:46.913 &amp#27;[32m INFO&amp#27;[m &amp#27;[35m[@503 - main]&amp#27;[m &amp#27;[36mcom.shaft.tools.io.ReportManager&amp#27;[m : File Action "ReadFile" successfully performed. With the following test data "File Path: "C:\eclipse-workspace\MyProjects\TASystemsAPIs\src\test\resources\testDataFiles\Schemas\ValidationError_schema.json"".
2023-01-22 22:13:46.914 &amp#27;[32m INFO&amp#27;[m &amp#27;[35m[@503 - main]&amp#27;[m &amp#27;[36mcom.shaft.tools.io.ReportManager&amp#27;[m : Successfully created attachment "Validation Test Data - Expected JSON Value"
2023-01-22 22:13:46.915 &amp#27;[32m INFO&amp#27;[m &amp#27;[35m[@503 - main]&amp#27;[m &amp#27;[36mcom.shaft.tools.io.ReportManager&amp#27;[m : Successfully created attachment "Validation Test Data - Actual JSON Value"
2023-01-22 22:13:46.915 &amp#27;[32m INFO&amp#27;[m &amp#27;[35m[@503 - main]&amp#27;[m &amp#27;[36mcom.shaft.tools.io.ReportManager&amp#27;[m : Successfully created attachment "SHAFT Engine Logs - Current Method log: Update_Policy_With_Missing_Keys_TC"
]]></system-out>
  </testcase>
  <testcase name="Update_Policy_With_Missing_Keys_TC[[Ljava.lang.Object;@56daeb36](33)" classname="SteeringCompanyAPI_TestCases.Test_Policies_Cases" time="6.777">
    <system-out><![CDATA[2023-01-22 22:13:46.919 &amp#27;[32m INFO&amp#27;[m &amp#27;[35m[@534 - main]&amp#27;[m &amp#27;[36mcom.shaft.tools.io.ReportManager&amp#27;[m : 
################################################################################################################################################
Starting Execution:	"319 out of 83" test cases in the current suite
Test Method:		"SteeringCompanyAPI_TestCases.Test_Policies_Cases.Update_Policy_With_Missing_Keys_TC"
Test Description:	"TC051 -Policy- Perform Update Policy with Missing Keys"
################################################################################################################################################
2023-01-22 22:13:46.919 &amp#27;[32m INFO&amp#27;[m &amp#27;[35m[@503 - main]&amp#27;[m &amp#27;[36mcom.shaft.tools.io.ReportManager&amp#27;[m : File Action "DoesFileExist" successfully performed. With the following test data "File Path: "SteeringCompanyAPI_TestData/SteeringCompanyAPI_TestData.xlsx"".
2023-01-22 22:13:46.942 &amp#27;[32m INFO&amp#27;[m &amp#27;[35m[@503 - main]&amp#27;[m &amp#27;[36mcom.shaft.tools.io.ReportManager&amp#27;[m : Successfully created attachment "Test Data - Excel"
2023-01-22 22:13:52.601 &amp#27;[32m INFO&amp#27;[m &amp#27;[35m[@503 - main]&amp#27;[m &amp#27;[36mcom.shaft.tools.io.ReportManager&amp#27;[m : Response status code: "200", status line: "HTTP/1.1 200 OK"
2023-01-22 22:13:52.609 &amp#27;[32m INFO&amp#27;[m &amp#27;[35m[@503 - main]&amp#27;[m &amp#27;[36mcom.shaft.tools.io.ReportManager&amp#27;[m : Successfully created attachment "API Request - Specifications"
2023-01-22 22:13:52.611 &amp#27;[32m INFO&amp#27;[m &amp#27;[35m[@503 - main]&amp#27;[m &amp#27;[36mcom.shaft.tools.io.ReportManager&amp#27;[m : Successfully created attachment "API Request - Body"
2023-01-22 22:13:52.650 &amp#27;[32m INFO&amp#27;[m &amp#27;[35m[@503 - main]&amp#27;[m &amp#27;[36mcom.shaft.tools.io.ReportManager&amp#27;[m : Successfully created attachment "API Response - JSON Body"
2023-01-22 22:13:52.657 &amp#27;[32m INFO&amp#27;[m &amp#27;[35m[@503 - main]&amp#27;[m &amp#27;[36mcom.shaft.tools.io.ReportManager&amp#27;[m : File Action "DoesFileExist" successfully performed. With the following test data "File Path: "SteeringCompanyAPI_TestData/SteeringCompanyAPI_TestData.xlsx"".
2023-01-22 22:13:52.678 &amp#27;[32m INFO&amp#27;[m &amp#27;[35m[@503 - main]&amp#27;[m &amp#27;[36mcom.shaft.tools.io.ReportManager&amp#27;[m : Successfully created attachment "Test Data - Excel"
2023-01-22 22:13:52.678 &amp#27;[32m INFO&amp#27;[m &amp#27;[35m[@503 - main]&amp#27;[m &amp#27;[36mcom.shaft.tools.io.ReportManager&amp#27;[m : File Action "DoesFileExist" successfully performed. With the following test data "File Path: "SteeringCompanyAPI_TestData/SteeringCompanyAPI_TestData.xlsx"".
2023-01-22 22:13:52.698 &amp#27;[32m INFO&amp#27;[m &amp#27;[35m[@503 - main]&amp#27;[m &amp#27;[36mcom.shaft.tools.io.ReportManager&amp#27;[m : Successfully created attachment "Test Data - Excel"
2023-01-22 22:13:52.699 &amp#27;[32m INFO&amp#27;[m &amp#27;[35m[@503 - main]&amp#27;[m &amp#27;[36mcom.shaft.tools.io.ReportManager&amp#27;[m : File Action "DoesFileExist" successfully performed. With the following test data "File Path: "SteeringCompanyAPI_TestData/SteeringCompanyAPI_TestData.xlsx"".
2023-01-22 22:13:52.718 &amp#27;[32m INFO&amp#27;[m &amp#27;[35m[@503 - main]&amp#27;[m &amp#27;[36mcom.shaft.tools.io.ReportManager&amp#27;[m : Successfully created attachment "Test Data - Excel"
2023-01-22 22:13:53.641 &amp#27;[32m INFO&amp#27;[m &amp#27;[35m[@503 - main]&amp#27;[m &amp#27;[36mcom.shaft.tools.io.ReportManager&amp#27;[m : Response status code: "422", status line: "HTTP/1.1 422 "
2023-01-22 22:13:53.686 &amp#27;[32m INFO&amp#27;[m &amp#27;[35m[@503 - main]&amp#27;[m &amp#27;[36mcom.shaft.tools.io.ReportManager&amp#27;[m : Successfully created attachment "API Request - Specifications"
2023-01-22 22:13:53.687 &amp#27;[32m INFO&amp#27;[m &amp#27;[35m[@503 - main]&amp#27;[m &amp#27;[36mcom.shaft.tools.io.ReportManager&amp#27;[m : Successfully created attachment "API Request - JSON Body"
2023-01-22 22:13:53.688 &amp#27;[32m INFO&amp#27;[m &amp#27;[35m[@503 - main]&amp#27;[m &amp#27;[36mcom.shaft.tools.io.ReportManager&amp#27;[m : Successfully created attachment "API Response - JSON Body"
2023-01-22 22:13:53.688 &amp#27;[32m INFO&amp#27;[m &amp#27;[35m[@503 - main]&amp#27;[m &amp#27;[36mcom.shaft.tools.io.ReportManager&amp#27;[m : File Action "DoesFileExist" successfully performed. With the following test data "File Path: "Schemas/ValidationError_schema.json"".
2023-01-22 22:13:53.688 &amp#27;[32m INFO&amp#27;[m &amp#27;[35m[@503 - main]&amp#27;[m &amp#27;[36mcom.shaft.tools.io.ReportManager&amp#27;[m : File Action "DoesFileExist" successfully performed. With the following test data "File Path: "src/test/resources/testDataFiles/Schemas/ValidationError_schema.json"".
2023-01-22 22:13:53.688 &amp#27;[32m INFO&amp#27;[m &amp#27;[35m[@503 - main]&amp#27;[m &amp#27;[36mcom.shaft.tools.io.ReportManager&amp#27;[m : File Action "GetAbsolutePath" successfully performed. With the following test data "Relative Folder Path: "src/test/resources/testDataFiles/Schemas/ValidationError_schema.json"".
2023-01-22 22:13:53.690 &amp#27;[32m INFO&amp#27;[m &amp#27;[35m[@503 - main]&amp#27;[m &amp#27;[36mcom.shaft.tools.io.ReportManager&amp#27;[m : File Action "DoesFileExist" successfully performed. With the following test data "File Path: "C:\eclipse-workspace\MyProjects\TASystemsAPIs\src\test\resources\testDataFiles\Schemas\ValidationError_schema.json"".
2023-01-22 22:13:53.690 &amp#27;[32m INFO&amp#27;[m &amp#27;[35m[@503 - main]&amp#27;[m &amp#27;[36mcom.shaft.tools.io.ReportManager&amp#27;[m : File Action "GetAbsolutePath" successfully performed. With the following test data "Relative Folder Path: "C:\eclipse-workspace\MyProjects\TASystemsAPIs\src\test\resources\testDataFiles\Schemas\ValidationError_schema.json"".
2023-01-22 22:13:53.690 &amp#27;[32m INFO&amp#27;[m &amp#27;[35m[@503 - main]&amp#27;[m &amp#27;[36mcom.shaft.tools.io.ReportManager&amp#27;[m : File Action "ReadFile" successfully performed. With the following test data "File Path: "C:\eclipse-workspace\MyProjects\TASystemsAPIs\src\test\resources\testDataFiles\Schemas\ValidationError_schema.json"".
2023-01-22 22:13:53.691 &amp#27;[32m INFO&amp#27;[m &amp#27;[35m[@503 - main]&amp#27;[m &amp#27;[36mcom.shaft.tools.io.ReportManager&amp#27;[m : Successfully created attachment "Validation Test Data - Expected JSON Value"
2023-01-22 22:13:53.692 &amp#27;[32m INFO&amp#27;[m &amp#27;[35m[@503 - main]&amp#27;[m &amp#27;[36mcom.shaft.tools.io.ReportManager&amp#27;[m : Successfully created attachment "Validation Test Data - Actual JSON Value"
2023-01-22 22:13:53.693 &amp#27;[32m INFO&amp#27;[m &amp#27;[35m[@503 - main]&amp#27;[m &amp#27;[36mcom.shaft.tools.io.ReportManager&amp#27;[m : Successfully created attachment "SHAFT Engine Logs - Current Method log: Update_Policy_With_Missing_Keys_TC"
]]></system-out>
  </testcase>
  <testcase name="Update_Policy_With_NotAccepted_data_TC[[Ljava.lang.Object;@f54b40f](1)" classname="SteeringCompanyAPI_TestCases.Test_Policies_Cases" time="2.638">
    <system-out><![CDATA[2023-01-22 22:13:53.701 &amp#27;[32m INFO&amp#27;[m &amp#27;[35m[@534 - main]&amp#27;[m &amp#27;[36mcom.shaft.tools.io.ReportManager&amp#27;[m : 
################################################################################################################################################
Starting Execution:	"320 out of 83" test cases in the current suite
Test Method:		"SteeringCompanyAPI_TestCases.Test_Policies_Cases.Update_Policy_With_NotAccepted_data_TC"
Test Description:	"TC055 -Policy- Perform Update Policy with NotAccepted data"
################################################################################################################################################
2023-01-22 22:13:53.701 &amp#27;[32m INFO&amp#27;[m &amp#27;[35m[@503 - main]&amp#27;[m &amp#27;[36mcom.shaft.tools.io.ReportManager&amp#27;[m : File Action "DoesFileExist" successfully performed. With the following test data "File Path: "SteeringCompanyAPI_TestData/SteeringCompanyAPI_TestData.xlsx"".
2023-01-22 22:13:53.727 &amp#27;[32m INFO&amp#27;[m &amp#27;[35m[@503 - main]&amp#27;[m &amp#27;[36mcom.shaft.tools.io.ReportManager&amp#27;[m : Successfully created attachment "Test Data - Excel"
2023-01-22 22:13:55.088 &amp#27;[32m INFO&amp#27;[m &amp#27;[35m[@503 - main]&amp#27;[m &amp#27;[36mcom.shaft.tools.io.ReportManager&amp#27;[m : Response status code: "200", status line: "HTTP/1.1 200 OK"
2023-01-22 22:13:55.096 &amp#27;[32m INFO&amp#27;[m &amp#27;[35m[@503 - main]&amp#27;[m &amp#27;[36mcom.shaft.tools.io.ReportManager&amp#27;[m : Successfully created attachment "API Request - Specifications"
2023-01-22 22:13:55.097 &amp#27;[32m INFO&amp#27;[m &amp#27;[35m[@503 - main]&amp#27;[m &amp#27;[36mcom.shaft.tools.io.ReportManager&amp#27;[m : Successfully created attachment "API Request - Body"
2023-01-22 22:13:55.136 &amp#27;[32m INFO&amp#27;[m &amp#27;[35m[@503 - main]&amp#27;[m &amp#27;[36mcom.shaft.tools.io.ReportManager&amp#27;[m : Successfully created attachment "API Response - JSON Body"
2023-01-22 22:13:55.142 &amp#27;[32m INFO&amp#27;[m &amp#27;[35m[@503 - main]&amp#27;[m &amp#27;[36mcom.shaft.tools.io.ReportManager&amp#27;[m : File Action "DoesFileExist" successfully performed. With the following test data "File Path: "SteeringCompanyAPI_TestData/SteeringCompanyAPI_TestData.xlsx"".
2023-01-22 22:13:55.165 &amp#27;[32m INFO&amp#27;[m &amp#27;[35m[@503 - main]&amp#27;[m &amp#27;[36mcom.shaft.tools.io.ReportManager&amp#27;[m : Successfully created attachment "Test Data - Excel"
2023-01-22 22:13:55.165 &amp#27;[32m INFO&amp#27;[m &amp#27;[35m[@503 - main]&amp#27;[m &amp#27;[36mcom.shaft.tools.io.ReportManager&amp#27;[m : File Action "DoesFileExist" successfully performed. With the following test data "File Path: "SteeringCompanyAPI_TestData/SteeringCompanyAPI_TestData.xlsx"".
2023-01-22 22:13:55.187 &amp#27;[32m INFO&amp#27;[m &amp#27;[35m[@503 - main]&amp#27;[m &amp#27;[36mcom.shaft.tools.io.ReportManager&amp#27;[m : Successfully created attachment "Test Data - Excel"
2023-01-22 22:13:55.187 &amp#27;[32m INFO&amp#27;[m &amp#27;[35m[@503 - main]&amp#27;[m &amp#27;[36mcom.shaft.tools.io.ReportManager&amp#27;[m : File Action "DoesFileExist" successfully performed. With the following test data "File Path: "SteeringCompanyAPI_TestData/SteeringCompanyAPI_TestData.xlsx"".
2023-01-22 22:13:55.207 &amp#27;[32m INFO&amp#27;[m &amp#27;[35m[@503 - main]&amp#27;[m &amp#27;[36mcom.shaft.tools.io.ReportManager&amp#27;[m : Successfully created attachment "Test Data - Excel"
2023-01-22 22:13:56.282 &amp#27;[32m INFO&amp#27;[m &amp#27;[35m[@503 - main]&amp#27;[m &amp#27;[36mcom.shaft.tools.io.ReportManager&amp#27;[m : Response status code: "406", status line: "HTTP/1.1 406 "
2023-01-22 22:13:56.328 &amp#27;[32m INFO&amp#27;[m &amp#27;[35m[@503 - main]&amp#27;[m &amp#27;[36mcom.shaft.tools.io.ReportManager&amp#27;[m : Successfully created attachment "API Request - Specifications"
2023-01-22 22:13:56.329 &amp#27;[32m INFO&amp#27;[m &amp#27;[35m[@503 - main]&amp#27;[m &amp#27;[36mcom.shaft.tools.io.ReportManager&amp#27;[m : Successfully created attachment "API Request - JSON Body"
2023-01-22 22:13:56.331 &amp#27;[32m INFO&amp#27;[m &amp#27;[35m[@503 - main]&amp#27;[m &amp#27;[36mcom.shaft.tools.io.ReportManager&amp#27;[m : Successfully created attachment "API Response - JSON Body"
2023-01-22 22:13:56.332 &amp#27;[32m INFO&amp#27;[m &amp#27;[35m[@503 - main]&amp#27;[m &amp#27;[36mcom.shaft.tools.io.ReportManager&amp#27;[m : File Action "DoesFileExist" successfully performed. With the following test data "File Path: "Schemas/NotAcceptable_Response_schema.json"".
2023-01-22 22:13:56.332 &amp#27;[32m INFO&amp#27;[m &amp#27;[35m[@503 - main]&amp#27;[m &amp#27;[36mcom.shaft.tools.io.ReportManager&amp#27;[m : File Action "DoesFileExist" successfully performed. With the following test data "File Path: "src/test/resources/testDataFiles/Schemas/NotAcceptable_Response_schema.json"".
2023-01-22 22:13:56.332 &amp#27;[32m INFO&amp#27;[m &amp#27;[35m[@503 - main]&amp#27;[m &amp#27;[36mcom.shaft.tools.io.ReportManager&amp#27;[m : File Action "GetAbsolutePath" successfully performed. With the following test data "Relative Folder Path: "src/test/resources/testDataFiles/Schemas/NotAcceptable_Response_schema.json"".
2023-01-22 22:13:56.333 &amp#27;[32m INFO&amp#27;[m &amp#27;[35m[@503 - main]&amp#27;[m &amp#27;[36mcom.shaft.tools.io.ReportManager&amp#27;[m : File Action "DoesFileExist" successfully performed. With the following test data "File Path: "C:\eclipse-workspace\MyProjects\TASystemsAPIs\src\test\resources\testDataFiles\Schemas\NotAcceptable_Response_schema.json"".
2023-01-22 22:13:56.333 &amp#27;[32m INFO&amp#27;[m &amp#27;[35m[@503 - main]&amp#27;[m &amp#27;[36mcom.shaft.tools.io.ReportManager&amp#27;[m : File Action "GetAbsolutePath" successfully performed. With the following test data "Relative Folder Path: "C:\eclipse-workspace\MyProjects\TASystemsAPIs\src\test\resources\testDataFiles\Schemas\NotAcceptable_Response_schema.json"".
2023-01-22 22:13:56.333 &amp#27;[32m INFO&amp#27;[m &amp#27;[35m[@503 - main]&amp#27;[m &amp#27;[36mcom.shaft.tools.io.ReportManager&amp#27;[m : File Action "ReadFile" successfully performed. With the following test data "File Path: "C:\eclipse-workspace\MyProjects\TASystemsAPIs\src\test\resources\testDataFiles\Schemas\NotAcceptable_Response_schema.json"".
2023-01-22 22:13:56.334 &amp#27;[32m INFO&amp#27;[m &amp#27;[35m[@503 - main]&amp#27;[m &amp#27;[36mcom.shaft.tools.io.ReportManager&amp#27;[m : Successfully created attachment "Validation Test Data - Expected JSON Value"
2023-01-22 22:13:56.336 &amp#27;[32m INFO&amp#27;[m &amp#27;[35m[@503 - main]&amp#27;[m &amp#27;[36mcom.shaft.tools.io.ReportManager&amp#27;[m : Successfully created attachment "Validation Test Data - Actual JSON Value"
2023-01-22 22:13:56.337 &amp#27;[32m INFO&amp#27;[m &amp#27;[35m[@503 - main]&amp#27;[m &amp#27;[36mcom.shaft.tools.io.ReportManager&amp#27;[m : Successfully created attachment "SHAFT Engine Logs - Current Method log: Update_Policy_With_NotAccepted_data_TC"
]]></system-out>
  </testcase>
  <testcase name="Update_Policy_With_NotAccepted_data_TC[[Ljava.lang.Object;@6de83cd0](2)" classname="SteeringCompanyAPI_TestCases.Test_Policies_Cases" time="2.152">
    <system-out><![CDATA[2023-01-22 22:13:56.339 &amp#27;[32m INFO&amp#27;[m &amp#27;[35m[@534 - main]&amp#27;[m &amp#27;[36mcom.shaft.tools.io.ReportManager&amp#27;[m : 
################################################################################################################################################
Starting Execution:	"321 out of 83" test cases in the current suite
Test Method:		"SteeringCompanyAPI_TestCases.Test_Policies_Cases.Update_Policy_With_NotAccepted_data_TC"
Test Description:	"TC055 -Policy- Perform Update Policy with NotAccepted data"
################################################################################################################################################
2023-01-22 22:13:56.339 &amp#27;[32m INFO&amp#27;[m &amp#27;[35m[@503 - main]&amp#27;[m &amp#27;[36mcom.shaft.tools.io.ReportManager&amp#27;[m : File Action "DoesFileExist" successfully performed. With the following test data "File Path: "SteeringCompanyAPI_TestData/SteeringCompanyAPI_TestData.xlsx"".
2023-01-22 22:13:56.361 &amp#27;[32m INFO&amp#27;[m &amp#27;[35m[@503 - main]&amp#27;[m &amp#27;[36mcom.shaft.tools.io.ReportManager&amp#27;[m : Successfully created attachment "Test Data - Excel"
2023-01-22 22:13:57.414 &amp#27;[32m INFO&amp#27;[m &amp#27;[35m[@503 - main]&amp#27;[m &amp#27;[36mcom.shaft.tools.io.ReportManager&amp#27;[m : Response status code: "200", status line: "HTTP/1.1 200 OK"
2023-01-22 22:13:57.425 &amp#27;[32m INFO&amp#27;[m &amp#27;[35m[@503 - main]&amp#27;[m &amp#27;[36mcom.shaft.tools.io.ReportManager&amp#27;[m : Successfully created attachment "API Request - Specifications"
2023-01-22 22:13:57.426 &amp#27;[32m INFO&amp#27;[m &amp#27;[35m[@503 - main]&amp#27;[m &amp#27;[36mcom.shaft.tools.io.ReportManager&amp#27;[m : Successfully created attachment "API Request - Body"
2023-01-22 22:13:57.428 &amp#27;[32m INFO&amp#27;[m &amp#27;[35m[@503 - main]&amp#27;[m &amp#27;[36mcom.shaft.tools.io.ReportManager&amp#27;[m : Successfully created attachment "API Response - JSON Body"
2023-01-22 22:13:57.434 &amp#27;[32m INFO&amp#27;[m &amp#27;[35m[@503 - main]&amp#27;[m &amp#27;[36mcom.shaft.tools.io.ReportManager&amp#27;[m : File Action "DoesFileExist" successfully performed. With the following test data "File Path: "SteeringCompanyAPI_TestData/SteeringCompanyAPI_TestData.xlsx"".
2023-01-22 22:13:57.488 &amp#27;[32m INFO&amp#27;[m &amp#27;[35m[@503 - main]&amp#27;[m &amp#27;[36mcom.shaft.tools.io.ReportManager&amp#27;[m : Successfully created attachment "Test Data - Excel"
2023-01-22 22:13:57.489 &amp#27;[32m INFO&amp#27;[m &amp#27;[35m[@503 - main]&amp#27;[m &amp#27;[36mcom.shaft.tools.io.ReportManager&amp#27;[m : File Action "DoesFileExist" successfully performed. With the following test data "File Path: "SteeringCompanyAPI_TestData/SteeringCompanyAPI_TestData.xlsx"".
2023-01-22 22:13:57.509 &amp#27;[32m INFO&amp#27;[m &amp#27;[35m[@503 - main]&amp#27;[m &amp#27;[36mcom.shaft.tools.io.ReportManager&amp#27;[m : Successfully created attachment "Test Data - Excel"
2023-01-22 22:13:57.509 &amp#27;[32m INFO&amp#27;[m &amp#27;[35m[@503 - main]&amp#27;[m &amp#27;[36mcom.shaft.tools.io.ReportManager&amp#27;[m : File Action "DoesFileExist" successfully performed. With the following test data "File Path: "SteeringCompanyAPI_TestData/SteeringCompanyAPI_TestData.xlsx"".
2023-01-22 22:13:57.528 &amp#27;[32m INFO&amp#27;[m &amp#27;[35m[@503 - main]&amp#27;[m &amp#27;[36mcom.shaft.tools.io.ReportManager&amp#27;[m : Successfully created attachment "Test Data - Excel"
2023-01-22 22:13:58.432 &amp#27;[32m INFO&amp#27;[m &amp#27;[35m[@503 - main]&amp#27;[m &amp#27;[36mcom.shaft.tools.io.ReportManager&amp#27;[m : Response status code: "406", status line: "HTTP/1.1 406 "
2023-01-22 22:13:58.445 &amp#27;[32m INFO&amp#27;[m &amp#27;[35m[@503 - main]&amp#27;[m &amp#27;[36mcom.shaft.tools.io.ReportManager&amp#27;[m : Successfully created attachment "API Request - Specifications"
2023-01-22 22:13:58.481 &amp#27;[32m INFO&amp#27;[m &amp#27;[35m[@503 - main]&amp#27;[m &amp#27;[36mcom.shaft.tools.io.ReportManager&amp#27;[m : Successfully created attachment "API Request - JSON Body"
2023-01-22 22:13:58.483 &amp#27;[32m INFO&amp#27;[m &amp#27;[35m[@503 - main]&amp#27;[m &amp#27;[36mcom.shaft.tools.io.ReportManager&amp#27;[m : Successfully created attachment "API Response - JSON Body"
2023-01-22 22:13:58.484 &amp#27;[32m INFO&amp#27;[m &amp#27;[35m[@503 - main]&amp#27;[m &amp#27;[36mcom.shaft.tools.io.ReportManager&amp#27;[m : File Action "DoesFileExist" successfully performed. With the following test data "File Path: "Schemas/NotAcceptable_Response_schema.json"".
2023-01-22 22:13:58.484 &amp#27;[32m INFO&amp#27;[m &amp#27;[35m[@503 - main]&amp#27;[m &amp#27;[36mcom.shaft.tools.io.ReportManager&amp#27;[m : File Action "DoesFileExist" successfully performed. With the following test data "File Path: "src/test/resources/testDataFiles/Schemas/NotAcceptable_Response_schema.json"".
2023-01-22 22:13:58.484 &amp#27;[32m INFO&amp#27;[m &amp#27;[35m[@503 - main]&amp#27;[m &amp#27;[36mcom.shaft.tools.io.ReportManager&amp#27;[m : File Action "GetAbsolutePath" successfully performed. With the following test data "Relative Folder Path: "src/test/resources/testDataFiles/Schemas/NotAcceptable_Response_schema.json"".
2023-01-22 22:13:58.485 &amp#27;[32m INFO&amp#27;[m &amp#27;[35m[@503 - main]&amp#27;[m &amp#27;[36mcom.shaft.tools.io.ReportManager&amp#27;[m : File Action "DoesFileExist" successfully performed. With the following test data "File Path: "C:\eclipse-workspace\MyProjects\TASystemsAPIs\src\test\resources\testDataFiles\Schemas\NotAcceptable_Response_schema.json"".
2023-01-22 22:13:58.485 &amp#27;[32m INFO&amp#27;[m &amp#27;[35m[@503 - main]&amp#27;[m &amp#27;[36mcom.shaft.tools.io.ReportManager&amp#27;[m : File Action "GetAbsolutePath" successfully performed. With the following test data "Relative Folder Path: "C:\eclipse-workspace\MyProjects\TASystemsAPIs\src\test\resources\testDataFiles\Schemas\NotAcceptable_Response_schema.json"".
2023-01-22 22:13:58.485 &amp#27;[32m INFO&amp#27;[m &amp#27;[35m[@503 - main]&amp#27;[m &amp#27;[36mcom.shaft.tools.io.ReportManager&amp#27;[m : File Action "ReadFile" successfully performed. With the following test data "File Path: "C:\eclipse-workspace\MyProjects\TASystemsAPIs\src\test\resources\testDataFiles\Schemas\NotAcceptable_Response_schema.json"".
2023-01-22 22:13:58.486 &amp#27;[32m INFO&amp#27;[m &amp#27;[35m[@503 - main]&amp#27;[m &amp#27;[36mcom.shaft.tools.io.ReportManager&amp#27;[m : Successfully created attachment "Validation Test Data - Expected JSON Value"
2023-01-22 22:13:58.487 &amp#27;[32m INFO&amp#27;[m &amp#27;[35m[@503 - main]&amp#27;[m &amp#27;[36mcom.shaft.tools.io.ReportManager&amp#27;[m : Successfully created attachment "Validation Test Data - Actual JSON Value"
2023-01-22 22:13:58.489 &amp#27;[32m INFO&amp#27;[m &amp#27;[35m[@503 - main]&amp#27;[m &amp#27;[36mcom.shaft.tools.io.ReportManager&amp#27;[m : Successfully created attachment "SHAFT Engine Logs - Current Method log: Update_Policy_With_NotAccepted_data_TC"
]]></system-out>
  </testcase>
  <testcase name="Update_Policy_With_NotAccepted_data_TC[[Ljava.lang.Object;@53f97a67](3)" classname="SteeringCompanyAPI_TestCases.Test_Policies_Cases" time="2.048">
    <system-out><![CDATA[2023-01-22 22:13:58.492 &amp#27;[32m INFO&amp#27;[m &amp#27;[35m[@534 - main]&amp#27;[m &amp#27;[36mcom.shaft.tools.io.ReportManager&amp#27;[m : 
################################################################################################################################################
Starting Execution:	"322 out of 83" test cases in the current suite
Test Method:		"SteeringCompanyAPI_TestCases.Test_Policies_Cases.Update_Policy_With_NotAccepted_data_TC"
Test Description:	"TC055 -Policy- Perform Update Policy with NotAccepted data"
################################################################################################################################################
2023-01-22 22:13:58.492 &amp#27;[32m INFO&amp#27;[m &amp#27;[35m[@503 - main]&amp#27;[m &amp#27;[36mcom.shaft.tools.io.ReportManager&amp#27;[m : File Action "DoesFileExist" successfully performed. With the following test data "File Path: "SteeringCompanyAPI_TestData/SteeringCompanyAPI_TestData.xlsx"".
2023-01-22 22:13:58.516 &amp#27;[32m INFO&amp#27;[m &amp#27;[35m[@503 - main]&amp#27;[m &amp#27;[36mcom.shaft.tools.io.ReportManager&amp#27;[m : Successfully created attachment "Test Data - Excel"
2023-01-22 22:13:59.431 &amp#27;[32m INFO&amp#27;[m &amp#27;[35m[@503 - main]&amp#27;[m &amp#27;[36mcom.shaft.tools.io.ReportManager&amp#27;[m : Response status code: "200", status line: "HTTP/1.1 200 OK"
2023-01-22 22:13:59.478 &amp#27;[32m INFO&amp#27;[m &amp#27;[35m[@503 - main]&amp#27;[m &amp#27;[36mcom.shaft.tools.io.ReportManager&amp#27;[m : Successfully created attachment "API Request - Specifications"
2023-01-22 22:13:59.479 &amp#27;[32m INFO&amp#27;[m &amp#27;[35m[@503 - main]&amp#27;[m &amp#27;[36mcom.shaft.tools.io.ReportManager&amp#27;[m : Successfully created attachment "API Request - Body"
2023-01-22 22:13:59.480 &amp#27;[32m INFO&amp#27;[m &amp#27;[35m[@503 - main]&amp#27;[m &amp#27;[36mcom.shaft.tools.io.ReportManager&amp#27;[m : Successfully created attachment "API Response - JSON Body"
2023-01-22 22:13:59.489 &amp#27;[32m INFO&amp#27;[m &amp#27;[35m[@503 - main]&amp#27;[m &amp#27;[36mcom.shaft.tools.io.ReportManager&amp#27;[m : File Action "DoesFileExist" successfully performed. With the following test data "File Path: "SteeringCompanyAPI_TestData/SteeringCompanyAPI_TestData.xlsx"".
2023-01-22 22:13:59.527 &amp#27;[32m INFO&amp#27;[m &amp#27;[35m[@503 - main]&amp#27;[m &amp#27;[36mcom.shaft.tools.io.ReportManager&amp#27;[m : Successfully created attachment "Test Data - Excel"
2023-01-22 22:13:59.527 &amp#27;[32m INFO&amp#27;[m &amp#27;[35m[@503 - main]&amp#27;[m &amp#27;[36mcom.shaft.tools.io.ReportManager&amp#27;[m : File Action "DoesFileExist" successfully performed. With the following test data "File Path: "SteeringCompanyAPI_TestData/SteeringCompanyAPI_TestData.xlsx"".
2023-01-22 22:13:59.559 &amp#27;[32m INFO&amp#27;[m &amp#27;[35m[@503 - main]&amp#27;[m &amp#27;[36mcom.shaft.tools.io.ReportManager&amp#27;[m : Successfully created attachment "Test Data - Excel"
2023-01-22 22:13:59.559 &amp#27;[32m INFO&amp#27;[m &amp#27;[35m[@503 - main]&amp#27;[m &amp#27;[36mcom.shaft.tools.io.ReportManager&amp#27;[m : File Action "DoesFileExist" successfully performed. With the following test data "File Path: "SteeringCompanyAPI_TestData/SteeringCompanyAPI_TestData.xlsx"".
2023-01-22 22:13:59.594 &amp#27;[32m INFO&amp#27;[m &amp#27;[35m[@503 - main]&amp#27;[m &amp#27;[36mcom.shaft.tools.io.ReportManager&amp#27;[m : Successfully created attachment "Test Data - Excel"
2023-01-22 22:14:00.479 &amp#27;[32m INFO&amp#27;[m &amp#27;[35m[@503 - main]&amp#27;[m &amp#27;[36mcom.shaft.tools.io.ReportManager&amp#27;[m : Response status code: "406", status line: "HTTP/1.1 406 "
2023-01-22 22:14:00.488 &amp#27;[32m INFO&amp#27;[m &amp#27;[35m[@503 - main]&amp#27;[m &amp#27;[36mcom.shaft.tools.io.ReportManager&amp#27;[m : Successfully created attachment "API Request - Specifications"
2023-01-22 22:14:00.490 &amp#27;[32m INFO&amp#27;[m &amp#27;[35m[@503 - main]&amp#27;[m &amp#27;[36mcom.shaft.tools.io.ReportManager&amp#27;[m : Successfully created attachment "API Request - JSON Body"
2023-01-22 22:14:00.529 &amp#27;[32m INFO&amp#27;[m &amp#27;[35m[@503 - main]&amp#27;[m &amp#27;[36mcom.shaft.tools.io.ReportManager&amp#27;[m : Successfully created attachment "API Response - JSON Body"
2023-01-22 22:14:00.530 &amp#27;[32m INFO&amp#27;[m &amp#27;[35m[@503 - main]&amp#27;[m &amp#27;[36mcom.shaft.tools.io.ReportManager&amp#27;[m : File Action "DoesFileExist" successfully performed. With the following test data "File Path: "Schemas/NotAcceptable_Response_schema.json"".
2023-01-22 22:14:00.531 &amp#27;[32m INFO&amp#27;[m &amp#27;[35m[@503 - main]&amp#27;[m &amp#27;[36mcom.shaft.tools.io.ReportManager&amp#27;[m : File Action "DoesFileExist" successfully performed. With the following test data "File Path: "src/test/resources/testDataFiles/Schemas/NotAcceptable_Response_schema.json"".
2023-01-22 22:14:00.531 &amp#27;[32m INFO&amp#27;[m &amp#27;[35m[@503 - main]&amp#27;[m &amp#27;[36mcom.shaft.tools.io.ReportManager&amp#27;[m : File Action "GetAbsolutePath" successfully performed. With the following test data "Relative Folder Path: "src/test/resources/testDataFiles/Schemas/NotAcceptable_Response_schema.json"".
2023-01-22 22:14:00.533 &amp#27;[32m INFO&amp#27;[m &amp#27;[35m[@503 - main]&amp#27;[m &amp#27;[36mcom.shaft.tools.io.ReportManager&amp#27;[m : File Action "DoesFileExist" successfully performed. With the following test data "File Path: "C:\eclipse-workspace\MyProjects\TASystemsAPIs\src\test\resources\testDataFiles\Schemas\NotAcceptable_Response_schema.json"".
2023-01-22 22:14:00.533 &amp#27;[32m INFO&amp#27;[m &amp#27;[35m[@503 - main]&amp#27;[m &amp#27;[36mcom.shaft.tools.io.ReportManager&amp#27;[m : File Action "GetAbsolutePath" successfully performed. With the following test data "Relative Folder Path: "C:\eclipse-workspace\MyProjects\TASystemsAPIs\src\test\resources\testDataFiles\Schemas\NotAcceptable_Response_schema.json"".
2023-01-22 22:14:00.533 &amp#27;[32m INFO&amp#27;[m &amp#27;[35m[@503 - main]&amp#27;[m &amp#27;[36mcom.shaft.tools.io.ReportManager&amp#27;[m : File Action "ReadFile" successfully performed. With the following test data "File Path: "C:\eclipse-workspace\MyProjects\TASystemsAPIs\src\test\resources\testDataFiles\Schemas\NotAcceptable_Response_schema.json"".
2023-01-22 22:14:00.534 &amp#27;[32m INFO&amp#27;[m &amp#27;[35m[@503 - main]&amp#27;[m &amp#27;[36mcom.shaft.tools.io.ReportManager&amp#27;[m : Successfully created attachment "Validation Test Data - Expected JSON Value"
2023-01-22 22:14:00.535 &amp#27;[32m INFO&amp#27;[m &amp#27;[35m[@503 - main]&amp#27;[m &amp#27;[36mcom.shaft.tools.io.ReportManager&amp#27;[m : Successfully created attachment "Validation Test Data - Actual JSON Value"
2023-01-22 22:14:00.536 &amp#27;[32m INFO&amp#27;[m &amp#27;[35m[@503 - main]&amp#27;[m &amp#27;[36mcom.shaft.tools.io.ReportManager&amp#27;[m : Successfully created attachment "SHAFT Engine Logs - Current Method log: Update_Policy_With_NotAccepted_data_TC"
]]></system-out>
  </testcase>
  <testcase name="Update_Policy_With_NotFound_data_TC[[Ljava.lang.Object;@2a2c0286](1)" classname="SteeringCompanyAPI_TestCases.Test_Policies_Cases" time="3.233">
    <system-out><![CDATA[2023-01-22 22:14:00.543 &amp#27;[32m INFO&amp#27;[m &amp#27;[35m[@534 - main]&amp#27;[m &amp#27;[36mcom.shaft.tools.io.ReportManager&amp#27;[m : 
################################################################################################################################################
Starting Execution:	"323 out of 83" test cases in the current suite
Test Method:		"SteeringCompanyAPI_TestCases.Test_Policies_Cases.Update_Policy_With_NotFound_data_TC"
Test Description:	"TC057 -Policy- Perform Update Policy with NotFound data"
################################################################################################################################################
2023-01-22 22:14:00.544 &amp#27;[32m INFO&amp#27;[m &amp#27;[35m[@503 - main]&amp#27;[m &amp#27;[36mcom.shaft.tools.io.ReportManager&amp#27;[m : File Action "DoesFileExist" successfully performed. With the following test data "File Path: "SteeringCompanyAPI_TestData/SteeringCompanyAPI_TestData.xlsx"".
2023-01-22 22:14:00.565 &amp#27;[32m INFO&amp#27;[m &amp#27;[35m[@503 - main]&amp#27;[m &amp#27;[36mcom.shaft.tools.io.ReportManager&amp#27;[m : Successfully created attachment "Test Data - Excel"
2023-01-22 22:14:01.478 &amp#27;[32m INFO&amp#27;[m &amp#27;[35m[@503 - main]&amp#27;[m &amp#27;[36mcom.shaft.tools.io.ReportManager&amp#27;[m : Response status code: "200", status line: "HTTP/1.1 200 OK"
2023-01-22 22:14:01.491 &amp#27;[32m INFO&amp#27;[m &amp#27;[35m[@503 - main]&amp#27;[m &amp#27;[36mcom.shaft.tools.io.ReportManager&amp#27;[m : Successfully created attachment "API Request - Specifications"
2023-01-22 22:14:01.493 &amp#27;[32m INFO&amp#27;[m &amp#27;[35m[@503 - main]&amp#27;[m &amp#27;[36mcom.shaft.tools.io.ReportManager&amp#27;[m : Successfully created attachment "API Request - Body"
2023-01-22 22:14:01.529 &amp#27;[32m INFO&amp#27;[m &amp#27;[35m[@503 - main]&amp#27;[m &amp#27;[36mcom.shaft.tools.io.ReportManager&amp#27;[m : Successfully created attachment "API Response - JSON Body"
2023-01-22 22:14:01.536 &amp#27;[32m INFO&amp#27;[m &amp#27;[35m[@503 - main]&amp#27;[m &amp#27;[36mcom.shaft.tools.io.ReportManager&amp#27;[m : File Action "DoesFileExist" successfully performed. With the following test data "File Path: "SteeringCompanyAPI_TestData/SteeringCompanyAPI_TestData.xlsx"".
2023-01-22 22:14:01.557 &amp#27;[32m INFO&amp#27;[m &amp#27;[35m[@503 - main]&amp#27;[m &amp#27;[36mcom.shaft.tools.io.ReportManager&amp#27;[m : Successfully created attachment "Test Data - Excel"
2023-01-22 22:14:01.558 &amp#27;[32m INFO&amp#27;[m &amp#27;[35m[@503 - main]&amp#27;[m &amp#27;[36mcom.shaft.tools.io.ReportManager&amp#27;[m : File Action "DoesFileExist" successfully performed. With the following test data "File Path: "SteeringCompanyAPI_TestData/SteeringCompanyAPI_TestData.xlsx"".
2023-01-22 22:14:01.579 &amp#27;[32m INFO&amp#27;[m &amp#27;[35m[@503 - main]&amp#27;[m &amp#27;[36mcom.shaft.tools.io.ReportManager&amp#27;[m : Successfully created attachment "Test Data - Excel"
2023-01-22 22:14:01.580 &amp#27;[32m INFO&amp#27;[m &amp#27;[35m[@503 - main]&amp#27;[m &amp#27;[36mcom.shaft.tools.io.ReportManager&amp#27;[m : File Action "DoesFileExist" successfully performed. With the following test data "File Path: "SteeringCompanyAPI_TestData/SteeringCompanyAPI_TestData.xlsx"".
2023-01-22 22:14:01.606 &amp#27;[32m INFO&amp#27;[m &amp#27;[35m[@503 - main]&amp#27;[m &amp#27;[36mcom.shaft.tools.io.ReportManager&amp#27;[m : Successfully created attachment "Test Data - Excel"
2023-01-22 22:14:03.710 &amp#27;[32m INFO&amp#27;[m &amp#27;[35m[@503 - main]&amp#27;[m &amp#27;[36mcom.shaft.tools.io.ReportManager&amp#27;[m : Response status code: "404", status line: "HTTP/1.1 404 "
2023-01-22 22:14:03.761 &amp#27;[32m INFO&amp#27;[m &amp#27;[35m[@503 - main]&amp#27;[m &amp#27;[36mcom.shaft.tools.io.ReportManager&amp#27;[m : Successfully created attachment "API Request - Specifications"
2023-01-22 22:14:03.762 &amp#27;[32m INFO&amp#27;[m &amp#27;[35m[@503 - main]&amp#27;[m &amp#27;[36mcom.shaft.tools.io.ReportManager&amp#27;[m : Successfully created attachment "API Request - JSON Body"
2023-01-22 22:14:03.763 &amp#27;[32m INFO&amp#27;[m &amp#27;[35m[@503 - main]&amp#27;[m &amp#27;[36mcom.shaft.tools.io.ReportManager&amp#27;[m : Successfully created attachment "API Response - JSON Body"
2023-01-22 22:14:03.765 &amp#27;[32m INFO&amp#27;[m &amp#27;[35m[@503 - main]&amp#27;[m &amp#27;[36mcom.shaft.tools.io.ReportManager&amp#27;[m : File Action "DoesFileExist" successfully performed. With the following test data "File Path: "Schemas/NotFoundError_schema.json"".
2023-01-22 22:14:03.765 &amp#27;[32m INFO&amp#27;[m &amp#27;[35m[@503 - main]&amp#27;[m &amp#27;[36mcom.shaft.tools.io.ReportManager&amp#27;[m : File Action "DoesFileExist" successfully performed. With the following test data "File Path: "src/test/resources/testDataFiles/Schemas/NotFoundError_schema.json"".
2023-01-22 22:14:03.765 &amp#27;[32m INFO&amp#27;[m &amp#27;[35m[@503 - main]&amp#27;[m &amp#27;[36mcom.shaft.tools.io.ReportManager&amp#27;[m : File Action "GetAbsolutePath" successfully performed. With the following test data "Relative Folder Path: "src/test/resources/testDataFiles/Schemas/NotFoundError_schema.json"".
2023-01-22 22:14:03.768 &amp#27;[32m INFO&amp#27;[m &amp#27;[35m[@503 - main]&amp#27;[m &amp#27;[36mcom.shaft.tools.io.ReportManager&amp#27;[m : File Action "DoesFileExist" successfully performed. With the following test data "File Path: "C:\eclipse-workspace\MyProjects\TASystemsAPIs\src\test\resources\testDataFiles\Schemas\NotFoundError_schema.json"".
2023-01-22 22:14:03.768 &amp#27;[32m INFO&amp#27;[m &amp#27;[35m[@503 - main]&amp#27;[m &amp#27;[36mcom.shaft.tools.io.ReportManager&amp#27;[m : File Action "GetAbsolutePath" successfully performed. With the following test data "Relative Folder Path: "C:\eclipse-workspace\MyProjects\TASystemsAPIs\src\test\resources\testDataFiles\Schemas\NotFoundError_schema.json"".
2023-01-22 22:14:03.768 &amp#27;[32m INFO&amp#27;[m &amp#27;[35m[@503 - main]&amp#27;[m &amp#27;[36mcom.shaft.tools.io.ReportManager&amp#27;[m : File Action "ReadFile" successfully performed. With the following test data "File Path: "C:\eclipse-workspace\MyProjects\TASystemsAPIs\src\test\resources\testDataFiles\Schemas\NotFoundError_schema.json"".
2023-01-22 22:14:03.769 &amp#27;[32m INFO&amp#27;[m &amp#27;[35m[@503 - main]&amp#27;[m &amp#27;[36mcom.shaft.tools.io.ReportManager&amp#27;[m : Successfully created attachment "Validation Test Data - Expected JSON Value"
2023-01-22 22:14:03.771 &amp#27;[32m INFO&amp#27;[m &amp#27;[35m[@503 - main]&amp#27;[m &amp#27;[36mcom.shaft.tools.io.ReportManager&amp#27;[m : Successfully created attachment "Validation Test Data - Actual JSON Value"
2023-01-22 22:14:03.773 &amp#27;[32m INFO&amp#27;[m &amp#27;[35m[@503 - main]&amp#27;[m &amp#27;[36mcom.shaft.tools.io.ReportManager&amp#27;[m : Successfully created attachment "SHAFT Engine Logs - Current Method log: Update_Policy_With_NotFound_data_TC"
]]></system-out>
  </testcase>
  <testcase name="Valid_Add_Cancel_Policy_TC[[Ljava.lang.Object;@290c123b](1)" classname="SteeringCompanyAPI_TestCases.Test_Policies_Cases" time="3.512">
    <system-out><![CDATA[2023-01-22 22:14:03.777 &amp#27;[32m INFO&amp#27;[m &amp#27;[35m[@534 - main]&amp#27;[m &amp#27;[36mcom.shaft.tools.io.ReportManager&amp#27;[m : 
################################################################################################################################################
Starting Execution:	"324 out of 83" test cases in the current suite
Test Method:		"SteeringCompanyAPI_TestCases.Test_Policies_Cases.Valid_Add_Cancel_Policy_TC"
Test Description:	"TC005 -Policy- Perform Add Valid Cancel Policy"
################################################################################################################################################
2023-01-22 22:14:03.778 &amp#27;[32m INFO&amp#27;[m &amp#27;[35m[@503 - main]&amp#27;[m &amp#27;[36mcom.shaft.tools.io.ReportManager&amp#27;[m : File Action "DoesFileExist" successfully performed. With the following test data "File Path: "SteeringCompanyAPI_TestData/SteeringCompanyAPI_TestData.xlsx"".
2023-01-22 22:14:03.800 &amp#27;[32m INFO&amp#27;[m &amp#27;[35m[@503 - main]&amp#27;[m &amp#27;[36mcom.shaft.tools.io.ReportManager&amp#27;[m : Successfully created attachment "Test Data - Excel"
2023-01-22 22:14:05.705 &amp#27;[32m INFO&amp#27;[m &amp#27;[35m[@503 - main]&amp#27;[m &amp#27;[36mcom.shaft.tools.io.ReportManager&amp#27;[m : Response status code: "200", status line: "HTTP/1.1 200 OK"
2023-01-22 22:14:05.715 &amp#27;[32m INFO&amp#27;[m &amp#27;[35m[@503 - main]&amp#27;[m &amp#27;[36mcom.shaft.tools.io.ReportManager&amp#27;[m : Successfully created attachment "API Request - Specifications"
2023-01-22 22:14:05.716 &amp#27;[32m INFO&amp#27;[m &amp#27;[35m[@503 - main]&amp#27;[m &amp#27;[36mcom.shaft.tools.io.ReportManager&amp#27;[m : Successfully created attachment "API Request - Body"
2023-01-22 22:14:05.717 &amp#27;[32m INFO&amp#27;[m &amp#27;[35m[@503 - main]&amp#27;[m &amp#27;[36mcom.shaft.tools.io.ReportManager&amp#27;[m : Successfully created attachment "API Response - JSON Body"
2023-01-22 22:14:05.724 &amp#27;[32m INFO&amp#27;[m &amp#27;[35m[@503 - main]&amp#27;[m &amp#27;[36mcom.shaft.tools.io.ReportManager&amp#27;[m : File Action "DoesFileExist" successfully performed. With the following test data "File Path: "SteeringCompanyAPI_TestData/SteeringCompanyAPI_TestData.xlsx"".
2023-01-22 22:14:05.780 &amp#27;[32m INFO&amp#27;[m &amp#27;[35m[@503 - main]&amp#27;[m &amp#27;[36mcom.shaft.tools.io.ReportManager&amp#27;[m : Successfully created attachment "Test Data - Excel"
2023-01-22 22:14:05.780 &amp#27;[32m INFO&amp#27;[m &amp#27;[35m[@503 - main]&amp#27;[m &amp#27;[36mcom.shaft.tools.io.ReportManager&amp#27;[m : File Action "DoesFileExist" successfully performed. With the following test data "File Path: "SteeringCompanyAPI_TestData/SteeringCompanyAPI_TestData.xlsx"".
2023-01-22 22:14:05.811 &amp#27;[32m INFO&amp#27;[m &amp#27;[35m[@503 - main]&amp#27;[m &amp#27;[36mcom.shaft.tools.io.ReportManager&amp#27;[m : Successfully created attachment "Test Data - Excel"
2023-01-22 22:14:05.811 &amp#27;[32m INFO&amp#27;[m &amp#27;[35m[@503 - main]&amp#27;[m &amp#27;[36mcom.shaft.tools.io.ReportManager&amp#27;[m : File Action "DoesFileExist" successfully performed. With the following test data "File Path: "SteeringCompanyAPI_TestData/SteeringCompanyAPI_TestData.xlsx"".
2023-01-22 22:14:05.836 &amp#27;[32m INFO&amp#27;[m &amp#27;[35m[@503 - main]&amp#27;[m &amp#27;[36mcom.shaft.tools.io.ReportManager&amp#27;[m : Successfully created attachment "Test Data - Excel"
2023-01-22 22:14:06.853 &amp#27;[32m INFO&amp#27;[m &amp#27;[35m[@503 - main]&amp#27;[m &amp#27;[36mcom.shaft.tools.io.ReportManager&amp#27;[m : Response status code: "201", status line: "HTTP/1.1 201 "
2023-01-22 22:14:06.865 &amp#27;[32m INFO&amp#27;[m &amp#27;[35m[@503 - main]&amp#27;[m &amp#27;[36mcom.shaft.tools.io.ReportManager&amp#27;[m : Successfully created attachment "API Request - Specifications"
2023-01-22 22:14:06.867 &amp#27;[32m INFO&amp#27;[m &amp#27;[35m[@503 - main]&amp#27;[m &amp#27;[36mcom.shaft.tools.io.ReportManager&amp#27;[m : Successfully created attachment "API Request - JSON Body"
2023-01-22 22:14:06.868 &amp#27;[32m INFO&amp#27;[m &amp#27;[35m[@503 - main]&amp#27;[m &amp#27;[36mcom.shaft.tools.io.ReportManager&amp#27;[m : Successfully created attachment "API Response - JSON Body"
2023-01-22 22:14:06.869 &amp#27;[32m INFO&amp#27;[m &amp#27;[35m[@503 - main]&amp#27;[m &amp#27;[36mcom.shaft.tools.io.ReportManager&amp#27;[m : File Action "DoesFileExist" successfully performed. With the following test data "File Path: "src/test/resources/testDataFiles/SteeringCompanyAPI_TestData/SteeringCompanyAPI_TestData.xlsx"".
2023-01-22 22:14:07.129 &amp#27;[32m INFO&amp#27;[m &amp#27;[35m[@503 - main]&amp#27;[m &amp#27;[36mcom.shaft.tools.io.ReportManager&amp#27;[m : File Action "DoesFileExist" successfully performed. With the following test data "File Path: "SteeringCompanyAPI_TestData/SteeringCompanyAPI_TestData.xlsx"".
2023-01-22 22:14:07.218 &amp#27;[32m INFO&amp#27;[m &amp#27;[35m[@503 - main]&amp#27;[m &amp#27;[36mcom.shaft.tools.io.ReportManager&amp#27;[m : Successfully created attachment "Test Data - Excel"
2023-01-22 22:14:07.219 &amp#27;[32m INFO&amp#27;[m &amp#27;[35m[@503 - main]&amp#27;[m &amp#27;[36mcom.shaft.tools.io.ReportManager&amp#27;[m : File Action "DoesFileExist" successfully performed. With the following test data "File Path: "SteeringCompanyAPI_TestData/SteeringCompanyAPI_TestData.xlsx"".
2023-01-22 22:14:07.276 &amp#27;[32m INFO&amp#27;[m &amp#27;[35m[@503 - main]&amp#27;[m &amp#27;[36mcom.shaft.tools.io.ReportManager&amp#27;[m : Successfully created attachment "Test Data - Excel"
2023-01-22 22:14:07.277 &amp#27;[32m INFO&amp#27;[m &amp#27;[35m[@503 - main]&amp#27;[m &amp#27;[36mcom.shaft.tools.io.ReportManager&amp#27;[m : File Action "DoesFileExist" successfully performed. With the following test data "File Path: "Schemas/Cancel_Policy_schema.json"".
2023-01-22 22:14:07.278 &amp#27;[32m INFO&amp#27;[m &amp#27;[35m[@503 - main]&amp#27;[m &amp#27;[36mcom.shaft.tools.io.ReportManager&amp#27;[m : File Action "DoesFileExist" successfully performed. With the following test data "File Path: "src/test/resources/testDataFiles/Schemas/Cancel_Policy_schema.json"".
2023-01-22 22:14:07.278 &amp#27;[32m INFO&amp#27;[m &amp#27;[35m[@503 - main]&amp#27;[m &amp#27;[36mcom.shaft.tools.io.ReportManager&amp#27;[m : File Action "GetAbsolutePath" successfully performed. With the following test data "Relative Folder Path: "src/test/resources/testDataFiles/Schemas/Cancel_Policy_schema.json"".
2023-01-22 22:14:07.282 &amp#27;[32m INFO&amp#27;[m &amp#27;[35m[@503 - main]&amp#27;[m &amp#27;[36mcom.shaft.tools.io.ReportManager&amp#27;[m : File Action "DoesFileExist" successfully performed. With the following test data "File Path: "C:\eclipse-workspace\MyProjects\TASystemsAPIs\src\test\resources\testDataFiles\Schemas\Cancel_Policy_schema.json"".
2023-01-22 22:14:07.282 &amp#27;[32m INFO&amp#27;[m &amp#27;[35m[@503 - main]&amp#27;[m &amp#27;[36mcom.shaft.tools.io.ReportManager&amp#27;[m : File Action "GetAbsolutePath" successfully performed. With the following test data "Relative Folder Path: "C:\eclipse-workspace\MyProjects\TASystemsAPIs\src\test\resources\testDataFiles\Schemas\Cancel_Policy_schema.json"".
2023-01-22 22:14:07.283 &amp#27;[32m INFO&amp#27;[m &amp#27;[35m[@503 - main]&amp#27;[m &amp#27;[36mcom.shaft.tools.io.ReportManager&amp#27;[m : File Action "ReadFile" successfully performed. With the following test data "File Path: "C:\eclipse-workspace\MyProjects\TASystemsAPIs\src\test\resources\testDataFiles\Schemas\Cancel_Policy_schema.json"".
2023-01-22 22:14:07.285 &amp#27;[32m INFO&amp#27;[m &amp#27;[35m[@503 - main]&amp#27;[m &amp#27;[36mcom.shaft.tools.io.ReportManager&amp#27;[m : Successfully created attachment "Validation Test Data - Expected JSON Value"
2023-01-22 22:14:07.286 &amp#27;[32m INFO&amp#27;[m &amp#27;[35m[@503 - main]&amp#27;[m &amp#27;[36mcom.shaft.tools.io.ReportManager&amp#27;[m : Successfully created attachment "Validation Test Data - Actual JSON Value"
2023-01-22 22:14:07.287 &amp#27;[32m INFO&amp#27;[m &amp#27;[35m[@503 - main]&amp#27;[m &amp#27;[36mcom.shaft.tools.io.ReportManager&amp#27;[m : Successfully created attachment "SHAFT Engine Logs - Current Method log: Valid_Add_Cancel_Policy_TC"
]]></system-out>
  </testcase>
  <testcase name="Valid_Add_Cancel_Policy_TC[[Ljava.lang.Object;@1f7268f1](2)" classname="SteeringCompanyAPI_TestCases.Test_Policies_Cases" time="2.621">
    <system-out><![CDATA[2023-01-22 22:14:07.291 &amp#27;[32m INFO&amp#27;[m &amp#27;[35m[@534 - main]&amp#27;[m &amp#27;[36mcom.shaft.tools.io.ReportManager&amp#27;[m : 
################################################################################################################################################
Starting Execution:	"325 out of 83" test cases in the current suite
Test Method:		"SteeringCompanyAPI_TestCases.Test_Policies_Cases.Valid_Add_Cancel_Policy_TC"
Test Description:	"TC005 -Policy- Perform Add Valid Cancel Policy"
################################################################################################################################################
2023-01-22 22:14:07.291 &amp#27;[32m INFO&amp#27;[m &amp#27;[35m[@503 - main]&amp#27;[m &amp#27;[36mcom.shaft.tools.io.ReportManager&amp#27;[m : File Action "DoesFileExist" successfully performed. With the following test data "File Path: "SteeringCompanyAPI_TestData/SteeringCompanyAPI_TestData.xlsx"".
2023-01-22 22:14:07.331 &amp#27;[32m INFO&amp#27;[m &amp#27;[35m[@503 - main]&amp#27;[m &amp#27;[36mcom.shaft.tools.io.ReportManager&amp#27;[m : Successfully created attachment "Test Data - Excel"
2023-01-22 22:14:08.386 &amp#27;[32m INFO&amp#27;[m &amp#27;[35m[@503 - main]&amp#27;[m &amp#27;[36mcom.shaft.tools.io.ReportManager&amp#27;[m : Response status code: "200", status line: "HTTP/1.1 200 OK"
2023-01-22 22:14:08.396 &amp#27;[32m INFO&amp#27;[m &amp#27;[35m[@503 - main]&amp#27;[m &amp#27;[36mcom.shaft.tools.io.ReportManager&amp#27;[m : Successfully created attachment "API Request - Specifications"
2023-01-22 22:14:08.436 &amp#27;[32m INFO&amp#27;[m &amp#27;[35m[@503 - main]&amp#27;[m &amp#27;[36mcom.shaft.tools.io.ReportManager&amp#27;[m : Successfully created attachment "API Request - Body"
2023-01-22 22:14:08.437 &amp#27;[32m INFO&amp#27;[m &amp#27;[35m[@503 - main]&amp#27;[m &amp#27;[36mcom.shaft.tools.io.ReportManager&amp#27;[m : Successfully created attachment "API Response - JSON Body"
2023-01-22 22:14:08.444 &amp#27;[32m INFO&amp#27;[m &amp#27;[35m[@503 - main]&amp#27;[m &amp#27;[36mcom.shaft.tools.io.ReportManager&amp#27;[m : File Action "DoesFileExist" successfully performed. With the following test data "File Path: "SteeringCompanyAPI_TestData/SteeringCompanyAPI_TestData.xlsx"".
2023-01-22 22:14:08.491 &amp#27;[32m INFO&amp#27;[m &amp#27;[35m[@503 - main]&amp#27;[m &amp#27;[36mcom.shaft.tools.io.ReportManager&amp#27;[m : Successfully created attachment "Test Data - Excel"
2023-01-22 22:14:08.491 &amp#27;[32m INFO&amp#27;[m &amp#27;[35m[@503 - main]&amp#27;[m &amp#27;[36mcom.shaft.tools.io.ReportManager&amp#27;[m : File Action "DoesFileExist" successfully performed. With the following test data "File Path: "SteeringCompanyAPI_TestData/SteeringCompanyAPI_TestData.xlsx"".
2023-01-22 22:14:08.538 &amp#27;[32m INFO&amp#27;[m &amp#27;[35m[@503 - main]&amp#27;[m &amp#27;[36mcom.shaft.tools.io.ReportManager&amp#27;[m : Successfully created attachment "Test Data - Excel"
2023-01-22 22:14:08.538 &amp#27;[32m INFO&amp#27;[m &amp#27;[35m[@503 - main]&amp#27;[m &amp#27;[36mcom.shaft.tools.io.ReportManager&amp#27;[m : File Action "DoesFileExist" successfully performed. With the following test data "File Path: "SteeringCompanyAPI_TestData/SteeringCompanyAPI_TestData.xlsx"".
2023-01-22 22:14:08.630 &amp#27;[32m INFO&amp#27;[m &amp#27;[35m[@503 - main]&amp#27;[m &amp#27;[36mcom.shaft.tools.io.ReportManager&amp#27;[m : Successfully created attachment "Test Data - Excel"
2023-01-22 22:14:09.695 &amp#27;[32m INFO&amp#27;[m &amp#27;[35m[@503 - main]&amp#27;[m &amp#27;[36mcom.shaft.tools.io.ReportManager&amp#27;[m : Response status code: "201", status line: "HTTP/1.1 201 "
2023-01-22 22:14:09.706 &amp#27;[32m INFO&amp#27;[m &amp#27;[35m[@503 - main]&amp#27;[m &amp#27;[36mcom.shaft.tools.io.ReportManager&amp#27;[m : Successfully created attachment "API Request - Specifications"
2023-01-22 22:14:09.735 &amp#27;[32m INFO&amp#27;[m &amp#27;[35m[@503 - main]&amp#27;[m &amp#27;[36mcom.shaft.tools.io.ReportManager&amp#27;[m : Successfully created attachment "API Request - JSON Body"
2023-01-22 22:14:09.737 &amp#27;[32m INFO&amp#27;[m &amp#27;[35m[@503 - main]&amp#27;[m &amp#27;[36mcom.shaft.tools.io.ReportManager&amp#27;[m : Successfully created attachment "API Response - JSON Body"
2023-01-22 22:14:09.737 &amp#27;[32m INFO&amp#27;[m &amp#27;[35m[@503 - main]&amp#27;[m &amp#27;[36mcom.shaft.tools.io.ReportManager&amp#27;[m : File Action "DoesFileExist" successfully performed. With the following test data "File Path: "src/test/resources/testDataFiles/SteeringCompanyAPI_TestData/SteeringCompanyAPI_TestData.xlsx"".
2023-01-22 22:14:09.827 &amp#27;[32m INFO&amp#27;[m &amp#27;[35m[@503 - main]&amp#27;[m &amp#27;[36mcom.shaft.tools.io.ReportManager&amp#27;[m : File Action "DoesFileExist" successfully performed. With the following test data "File Path: "SteeringCompanyAPI_TestData/SteeringCompanyAPI_TestData.xlsx"".
2023-01-22 22:14:09.869 &amp#27;[32m INFO&amp#27;[m &amp#27;[35m[@503 - main]&amp#27;[m &amp#27;[36mcom.shaft.tools.io.ReportManager&amp#27;[m : Successfully created attachment "Test Data - Excel"
2023-01-22 22:14:09.869 &amp#27;[32m INFO&amp#27;[m &amp#27;[35m[@503 - main]&amp#27;[m &amp#27;[36mcom.shaft.tools.io.ReportManager&amp#27;[m : File Action "DoesFileExist" successfully performed. With the following test data "File Path: "SteeringCompanyAPI_TestData/SteeringCompanyAPI_TestData.xlsx"".
2023-01-22 22:14:09.897 &amp#27;[32m INFO&amp#27;[m &amp#27;[35m[@503 - main]&amp#27;[m &amp#27;[36mcom.shaft.tools.io.ReportManager&amp#27;[m : Successfully created attachment "Test Data - Excel"
2023-01-22 22:14:09.898 &amp#27;[32m INFO&amp#27;[m &amp#27;[35m[@503 - main]&amp#27;[m &amp#27;[36mcom.shaft.tools.io.ReportManager&amp#27;[m : File Action "DoesFileExist" successfully performed. With the following test data "File Path: "Schemas/Cancel_Policy_schema.json"".
2023-01-22 22:14:09.898 &amp#27;[32m INFO&amp#27;[m &amp#27;[35m[@503 - main]&amp#27;[m &amp#27;[36mcom.shaft.tools.io.ReportManager&amp#27;[m : File Action "DoesFileExist" successfully performed. With the following test data "File Path: "src/test/resources/testDataFiles/Schemas/Cancel_Policy_schema.json"".
2023-01-22 22:14:09.898 &amp#27;[32m INFO&amp#27;[m &amp#27;[35m[@503 - main]&amp#27;[m &amp#27;[36mcom.shaft.tools.io.ReportManager&amp#27;[m : File Action "GetAbsolutePath" successfully performed. With the following test data "Relative Folder Path: "src/test/resources/testDataFiles/Schemas/Cancel_Policy_schema.json"".
2023-01-22 22:14:09.901 &amp#27;[32m INFO&amp#27;[m &amp#27;[35m[@503 - main]&amp#27;[m &amp#27;[36mcom.shaft.tools.io.ReportManager&amp#27;[m : File Action "DoesFileExist" successfully performed. With the following test data "File Path: "C:\eclipse-workspace\MyProjects\TASystemsAPIs\src\test\resources\testDataFiles\Schemas\Cancel_Policy_schema.json"".
2023-01-22 22:14:09.901 &amp#27;[32m INFO&amp#27;[m &amp#27;[35m[@503 - main]&amp#27;[m &amp#27;[36mcom.shaft.tools.io.ReportManager&amp#27;[m : File Action "GetAbsolutePath" successfully performed. With the following test data "Relative Folder Path: "C:\eclipse-workspace\MyProjects\TASystemsAPIs\src\test\resources\testDataFiles\Schemas\Cancel_Policy_schema.json"".
2023-01-22 22:14:09.902 &amp#27;[32m INFO&amp#27;[m &amp#27;[35m[@503 - main]&amp#27;[m &amp#27;[36mcom.shaft.tools.io.ReportManager&amp#27;[m : File Action "ReadFile" successfully performed. With the following test data "File Path: "C:\eclipse-workspace\MyProjects\TASystemsAPIs\src\test\resources\testDataFiles\Schemas\Cancel_Policy_schema.json"".
2023-01-22 22:14:09.906 &amp#27;[32m INFO&amp#27;[m &amp#27;[35m[@503 - main]&amp#27;[m &amp#27;[36mcom.shaft.tools.io.ReportManager&amp#27;[m : Successfully created attachment "Validation Test Data - Expected JSON Value"
2023-01-22 22:14:09.907 &amp#27;[32m INFO&amp#27;[m &amp#27;[35m[@503 - main]&amp#27;[m &amp#27;[36mcom.shaft.tools.io.ReportManager&amp#27;[m : Successfully created attachment "Validation Test Data - Actual JSON Value"
2023-01-22 22:14:09.908 &amp#27;[32m INFO&amp#27;[m &amp#27;[35m[@503 - main]&amp#27;[m &amp#27;[36mcom.shaft.tools.io.ReportManager&amp#27;[m : Successfully created attachment "SHAFT Engine Logs - Current Method log: Valid_Add_Cancel_Policy_TC"
]]></system-out>
  </testcase>
  <testcase name="Valid_Add_Cancel_Policy_TC[[Ljava.lang.Object;@1eb0b155](3)" classname="SteeringCompanyAPI_TestCases.Test_Policies_Cases" time="2.535">
    <system-out><![CDATA[2023-01-22 22:14:09.910 &amp#27;[32m INFO&amp#27;[m &amp#27;[35m[@534 - main]&amp#27;[m &amp#27;[36mcom.shaft.tools.io.ReportManager&amp#27;[m : 
################################################################################################################################################
Starting Execution:	"326 out of 83" test cases in the current suite
Test Method:		"SteeringCompanyAPI_TestCases.Test_Policies_Cases.Valid_Add_Cancel_Policy_TC"
Test Description:	"TC005 -Policy- Perform Add Valid Cancel Policy"
################################################################################################################################################
2023-01-22 22:14:09.910 &amp#27;[32m INFO&amp#27;[m &amp#27;[35m[@503 - main]&amp#27;[m &amp#27;[36mcom.shaft.tools.io.ReportManager&amp#27;[m : File Action "DoesFileExist" successfully performed. With the following test data "File Path: "SteeringCompanyAPI_TestData/SteeringCompanyAPI_TestData.xlsx"".
2023-01-22 22:14:09.958 &amp#27;[32m INFO&amp#27;[m &amp#27;[35m[@503 - main]&amp#27;[m &amp#27;[36mcom.shaft.tools.io.ReportManager&amp#27;[m : Successfully created attachment "Test Data - Excel"
2023-01-22 22:14:11.144 &amp#27;[32m INFO&amp#27;[m &amp#27;[35m[@503 - main]&amp#27;[m &amp#27;[36mcom.shaft.tools.io.ReportManager&amp#27;[m : Response status code: "200", status line: "HTTP/1.1 200 OK"
2023-01-22 22:14:11.153 &amp#27;[32m INFO&amp#27;[m &amp#27;[35m[@503 - main]&amp#27;[m &amp#27;[36mcom.shaft.tools.io.ReportManager&amp#27;[m : Successfully created attachment "API Request - Specifications"
2023-01-22 22:14:11.155 &amp#27;[32m INFO&amp#27;[m &amp#27;[35m[@503 - main]&amp#27;[m &amp#27;[36mcom.shaft.tools.io.ReportManager&amp#27;[m : Successfully created attachment "API Request - Body"
2023-01-22 22:14:11.157 &amp#27;[32m INFO&amp#27;[m &amp#27;[35m[@503 - main]&amp#27;[m &amp#27;[36mcom.shaft.tools.io.ReportManager&amp#27;[m : Successfully created attachment "API Response - JSON Body"
2023-01-22 22:14:11.165 &amp#27;[32m INFO&amp#27;[m &amp#27;[35m[@503 - main]&amp#27;[m &amp#27;[36mcom.shaft.tools.io.ReportManager&amp#27;[m : File Action "DoesFileExist" successfully performed. With the following test data "File Path: "SteeringCompanyAPI_TestData/SteeringCompanyAPI_TestData.xlsx"".
2023-01-22 22:14:11.188 &amp#27;[32m INFO&amp#27;[m &amp#27;[35m[@503 - main]&amp#27;[m &amp#27;[36mcom.shaft.tools.io.ReportManager&amp#27;[m : Successfully created attachment "Test Data - Excel"
2023-01-22 22:14:11.188 &amp#27;[32m INFO&amp#27;[m &amp#27;[35m[@503 - main]&amp#27;[m &amp#27;[36mcom.shaft.tools.io.ReportManager&amp#27;[m : File Action "DoesFileExist" successfully performed. With the following test data "File Path: "SteeringCompanyAPI_TestData/SteeringCompanyAPI_TestData.xlsx"".
2023-01-22 22:14:11.212 &amp#27;[32m INFO&amp#27;[m &amp#27;[35m[@503 - main]&amp#27;[m &amp#27;[36mcom.shaft.tools.io.ReportManager&amp#27;[m : Successfully created attachment "Test Data - Excel"
2023-01-22 22:14:11.212 &amp#27;[32m INFO&amp#27;[m &amp#27;[35m[@503 - main]&amp#27;[m &amp#27;[36mcom.shaft.tools.io.ReportManager&amp#27;[m : File Action "DoesFileExist" successfully performed. With the following test data "File Path: "SteeringCompanyAPI_TestData/SteeringCompanyAPI_TestData.xlsx"".
2023-01-22 22:14:11.238 &amp#27;[32m INFO&amp#27;[m &amp#27;[35m[@503 - main]&amp#27;[m &amp#27;[36mcom.shaft.tools.io.ReportManager&amp#27;[m : Successfully created attachment "Test Data - Excel"
2023-01-22 22:14:12.154 &amp#27;[32m INFO&amp#27;[m &amp#27;[35m[@503 - main]&amp#27;[m &amp#27;[36mcom.shaft.tools.io.ReportManager&amp#27;[m : Response status code: "201", status line: "HTTP/1.1 201 "
2023-01-22 22:14:12.200 &amp#27;[32m INFO&amp#27;[m &amp#27;[35m[@503 - main]&amp#27;[m &amp#27;[36mcom.shaft.tools.io.ReportManager&amp#27;[m : Successfully created attachment "API Request - Specifications"
2023-01-22 22:14:12.201 &amp#27;[32m INFO&amp#27;[m &amp#27;[35m[@503 - main]&amp#27;[m &amp#27;[36mcom.shaft.tools.io.ReportManager&amp#27;[m : Successfully created attachment "API Request - JSON Body"
2023-01-22 22:14:12.202 &amp#27;[32m INFO&amp#27;[m &amp#27;[35m[@503 - main]&amp#27;[m &amp#27;[36mcom.shaft.tools.io.ReportManager&amp#27;[m : Successfully created attachment "API Response - JSON Body"
2023-01-22 22:14:12.203 &amp#27;[32m INFO&amp#27;[m &amp#27;[35m[@503 - main]&amp#27;[m &amp#27;[36mcom.shaft.tools.io.ReportManager&amp#27;[m : File Action "DoesFileExist" successfully performed. With the following test data "File Path: "src/test/resources/testDataFiles/SteeringCompanyAPI_TestData/SteeringCompanyAPI_TestData.xlsx"".
2023-01-22 22:14:12.308 &amp#27;[32m INFO&amp#27;[m &amp#27;[35m[@503 - main]&amp#27;[m &amp#27;[36mcom.shaft.tools.io.ReportManager&amp#27;[m : File Action "DoesFileExist" successfully performed. With the following test data "File Path: "SteeringCompanyAPI_TestData/SteeringCompanyAPI_TestData.xlsx"".
2023-01-22 22:14:12.352 &amp#27;[32m INFO&amp#27;[m &amp#27;[35m[@503 - main]&amp#27;[m &amp#27;[36mcom.shaft.tools.io.ReportManager&amp#27;[m : Successfully created attachment "Test Data - Excel"
2023-01-22 22:14:12.352 &amp#27;[32m INFO&amp#27;[m &amp#27;[35m[@503 - main]&amp#27;[m &amp#27;[36mcom.shaft.tools.io.ReportManager&amp#27;[m : File Action "DoesFileExist" successfully performed. With the following test data "File Path: "SteeringCompanyAPI_TestData/SteeringCompanyAPI_TestData.xlsx"".
2023-01-22 22:14:12.431 &amp#27;[32m INFO&amp#27;[m &amp#27;[35m[@503 - main]&amp#27;[m &amp#27;[36mcom.shaft.tools.io.ReportManager&amp#27;[m : Successfully created attachment "Test Data - Excel"
2023-01-22 22:14:12.432 &amp#27;[32m INFO&amp#27;[m &amp#27;[35m[@503 - main]&amp#27;[m &amp#27;[36mcom.shaft.tools.io.ReportManager&amp#27;[m : File Action "DoesFileExist" successfully performed. With the following test data "File Path: "Schemas/Cancel_Policy_schema.json"".
2023-01-22 22:14:12.432 &amp#27;[32m INFO&amp#27;[m &amp#27;[35m[@503 - main]&amp#27;[m &amp#27;[36mcom.shaft.tools.io.ReportManager&amp#27;[m : File Action "DoesFileExist" successfully performed. With the following test data "File Path: "src/test/resources/testDataFiles/Schemas/Cancel_Policy_schema.json"".
2023-01-22 22:14:12.432 &amp#27;[32m INFO&amp#27;[m &amp#27;[35m[@503 - main]&amp#27;[m &amp#27;[36mcom.shaft.tools.io.ReportManager&amp#27;[m : File Action "GetAbsolutePath" successfully performed. With the following test data "Relative Folder Path: "src/test/resources/testDataFiles/Schemas/Cancel_Policy_schema.json"".
2023-01-22 22:14:12.436 &amp#27;[32m INFO&amp#27;[m &amp#27;[35m[@503 - main]&amp#27;[m &amp#27;[36mcom.shaft.tools.io.ReportManager&amp#27;[m : File Action "DoesFileExist" successfully performed. With the following test data "File Path: "C:\eclipse-workspace\MyProjects\TASystemsAPIs\src\test\resources\testDataFiles\Schemas\Cancel_Policy_schema.json"".
2023-01-22 22:14:12.437 &amp#27;[32m INFO&amp#27;[m &amp#27;[35m[@503 - main]&amp#27;[m &amp#27;[36mcom.shaft.tools.io.ReportManager&amp#27;[m : File Action "GetAbsolutePath" successfully performed. With the following test data "Relative Folder Path: "C:\eclipse-workspace\MyProjects\TASystemsAPIs\src\test\resources\testDataFiles\Schemas\Cancel_Policy_schema.json"".
2023-01-22 22:14:12.437 &amp#27;[32m INFO&amp#27;[m &amp#27;[35m[@503 - main]&amp#27;[m &amp#27;[36mcom.shaft.tools.io.ReportManager&amp#27;[m : File Action "ReadFile" successfully performed. With the following test data "File Path: "C:\eclipse-workspace\MyProjects\TASystemsAPIs\src\test\resources\testDataFiles\Schemas\Cancel_Policy_schema.json"".
2023-01-22 22:14:12.440 &amp#27;[32m INFO&amp#27;[m &amp#27;[35m[@503 - main]&amp#27;[m &amp#27;[36mcom.shaft.tools.io.ReportManager&amp#27;[m : Successfully created attachment "Validation Test Data - Expected JSON Value"
2023-01-22 22:14:12.441 &amp#27;[32m INFO&amp#27;[m &amp#27;[35m[@503 - main]&amp#27;[m &amp#27;[36mcom.shaft.tools.io.ReportManager&amp#27;[m : Successfully created attachment "Validation Test Data - Actual JSON Value"
2023-01-22 22:14:12.442 &amp#27;[32m INFO&amp#27;[m &amp#27;[35m[@503 - main]&amp#27;[m &amp#27;[36mcom.shaft.tools.io.ReportManager&amp#27;[m : Successfully created attachment "SHAFT Engine Logs - Current Method log: Valid_Add_Cancel_Policy_TC"
]]></system-out>
  </testcase>
  <testcase name="Valid_Add_General_Policy_TC[[Ljava.lang.Object;@36338fe5](1)" classname="SteeringCompanyAPI_TestCases.Test_Policies_Cases" time="2.363">
    <system-out><![CDATA[2023-01-22 22:14:12.449 &amp#27;[32m INFO&amp#27;[m &amp#27;[35m[@534 - main]&amp#27;[m &amp#27;[36mcom.shaft.tools.io.ReportManager&amp#27;[m : 
################################################################################################################################################
Starting Execution:	"327 out of 83" test cases in the current suite
Test Method:		"SteeringCompanyAPI_TestCases.Test_Policies_Cases.Valid_Add_General_Policy_TC"
Test Description:	"TC009 -Policy- Perform Add Valid General Policy "
################################################################################################################################################
2023-01-22 22:14:12.450 &amp#27;[32m INFO&amp#27;[m &amp#27;[35m[@503 - main]&amp#27;[m &amp#27;[36mcom.shaft.tools.io.ReportManager&amp#27;[m : File Action "DoesFileExist" successfully performed. With the following test data "File Path: "SteeringCompanyAPI_TestData/SteeringCompanyAPI_TestData.xlsx"".
2023-01-22 22:14:12.490 &amp#27;[32m INFO&amp#27;[m &amp#27;[35m[@503 - main]&amp#27;[m &amp#27;[36mcom.shaft.tools.io.ReportManager&amp#27;[m : Successfully created attachment "Test Data - Excel"
2023-01-22 22:14:13.456 &amp#27;[32m INFO&amp#27;[m &amp#27;[35m[@503 - main]&amp#27;[m &amp#27;[36mcom.shaft.tools.io.ReportManager&amp#27;[m : Response status code: "200", status line: "HTTP/1.1 200 OK"
2023-01-22 22:14:13.468 &amp#27;[32m INFO&amp#27;[m &amp#27;[35m[@503 - main]&amp#27;[m &amp#27;[36mcom.shaft.tools.io.ReportManager&amp#27;[m : Successfully created attachment "API Request - Specifications"
2023-01-22 22:14:13.468 &amp#27;[32m INFO&amp#27;[m &amp#27;[35m[@503 - main]&amp#27;[m &amp#27;[36mcom.shaft.tools.io.ReportManager&amp#27;[m : Successfully created attachment "API Request - Body"
2023-01-22 22:14:13.506 &amp#27;[32m INFO&amp#27;[m &amp#27;[35m[@503 - main]&amp#27;[m &amp#27;[36mcom.shaft.tools.io.ReportManager&amp#27;[m : Successfully created attachment "API Response - JSON Body"
2023-01-22 22:14:13.515 &amp#27;[32m INFO&amp#27;[m &amp#27;[35m[@503 - main]&amp#27;[m &amp#27;[36mcom.shaft.tools.io.ReportManager&amp#27;[m : File Action "DoesFileExist" successfully performed. With the following test data "File Path: "SteeringCompanyAPI_TestData/SteeringCompanyAPI_TestData.xlsx"".
2023-01-22 22:14:13.539 &amp#27;[32m INFO&amp#27;[m &amp#27;[35m[@503 - main]&amp#27;[m &amp#27;[36mcom.shaft.tools.io.ReportManager&amp#27;[m : Successfully created attachment "Test Data - Excel"
2023-01-22 22:14:13.540 &amp#27;[32m INFO&amp#27;[m &amp#27;[35m[@503 - main]&amp#27;[m &amp#27;[36mcom.shaft.tools.io.ReportManager&amp#27;[m : File Action "DoesFileExist" successfully performed. With the following test data "File Path: "SteeringCompanyAPI_TestData/SteeringCompanyAPI_TestData.xlsx"".
2023-01-22 22:14:13.560 &amp#27;[32m INFO&amp#27;[m &amp#27;[35m[@503 - main]&amp#27;[m &amp#27;[36mcom.shaft.tools.io.ReportManager&amp#27;[m : Successfully created attachment "Test Data - Excel"
2023-01-22 22:14:13.561 &amp#27;[32m INFO&amp#27;[m &amp#27;[35m[@503 - main]&amp#27;[m &amp#27;[36mcom.shaft.tools.io.ReportManager&amp#27;[m : File Action "DoesFileExist" successfully performed. With the following test data "File Path: "SteeringCompanyAPI_TestData/SteeringCompanyAPI_TestData.xlsx"".
2023-01-22 22:14:13.586 &amp#27;[32m INFO&amp#27;[m &amp#27;[35m[@503 - main]&amp#27;[m &amp#27;[36mcom.shaft.tools.io.ReportManager&amp#27;[m : Successfully created attachment "Test Data - Excel"
2023-01-22 22:14:14.509 &amp#27;[32m INFO&amp#27;[m &amp#27;[35m[@503 - main]&amp#27;[m &amp#27;[36mcom.shaft.tools.io.ReportManager&amp#27;[m : Response status code: "201", status line: "HTTP/1.1 201 "
2023-01-22 22:14:14.577 &amp#27;[32m INFO&amp#27;[m &amp#27;[35m[@503 - main]&amp#27;[m &amp#27;[36mcom.shaft.tools.io.ReportManager&amp#27;[m : Successfully created attachment "API Request - Specifications"
2023-01-22 22:14:14.579 &amp#27;[32m INFO&amp#27;[m &amp#27;[35m[@503 - main]&amp#27;[m &amp#27;[36mcom.shaft.tools.io.ReportManager&amp#27;[m : Successfully created attachment "API Request - JSON Body"
2023-01-22 22:14:14.580 &amp#27;[32m INFO&amp#27;[m &amp#27;[35m[@503 - main]&amp#27;[m &amp#27;[36mcom.shaft.tools.io.ReportManager&amp#27;[m : Successfully created attachment "API Response - JSON Body"
2023-01-22 22:14:14.580 &amp#27;[32m INFO&amp#27;[m &amp#27;[35m[@503 - main]&amp#27;[m &amp#27;[36mcom.shaft.tools.io.ReportManager&amp#27;[m : File Action "DoesFileExist" successfully performed. With the following test data "File Path: "src/test/resources/testDataFiles/SteeringCompanyAPI_TestData/SteeringCompanyAPI_TestData.xlsx"".
2023-01-22 22:14:14.685 &amp#27;[32m INFO&amp#27;[m &amp#27;[35m[@503 - main]&amp#27;[m &amp#27;[36mcom.shaft.tools.io.ReportManager&amp#27;[m : File Action "DoesFileExist" successfully performed. With the following test data "File Path: "SteeringCompanyAPI_TestData/SteeringCompanyAPI_TestData.xlsx"".
2023-01-22 22:14:14.726 &amp#27;[32m INFO&amp#27;[m &amp#27;[35m[@503 - main]&amp#27;[m &amp#27;[36mcom.shaft.tools.io.ReportManager&amp#27;[m : Successfully created attachment "Test Data - Excel"
2023-01-22 22:14:14.726 &amp#27;[32m INFO&amp#27;[m &amp#27;[35m[@503 - main]&amp#27;[m &amp#27;[36mcom.shaft.tools.io.ReportManager&amp#27;[m : File Action "DoesFileExist" successfully performed. With the following test data "File Path: "SteeringCompanyAPI_TestData/SteeringCompanyAPI_TestData.xlsx"".
2023-01-22 22:14:14.801 &amp#27;[32m INFO&amp#27;[m &amp#27;[35m[@503 - main]&amp#27;[m &amp#27;[36mcom.shaft.tools.io.ReportManager&amp#27;[m : Successfully created attachment "Test Data - Excel"
2023-01-22 22:14:14.802 &amp#27;[32m INFO&amp#27;[m &amp#27;[35m[@503 - main]&amp#27;[m &amp#27;[36mcom.shaft.tools.io.ReportManager&amp#27;[m : File Action "DoesFileExist" successfully performed. With the following test data "File Path: "Schemas/General_Policy_schema.json"".
2023-01-22 22:14:14.803 &amp#27;[32m INFO&amp#27;[m &amp#27;[35m[@503 - main]&amp#27;[m &amp#27;[36mcom.shaft.tools.io.ReportManager&amp#27;[m : File Action "DoesFileExist" successfully performed. With the following test data "File Path: "src/test/resources/testDataFiles/Schemas/General_Policy_schema.json"".
2023-01-22 22:14:14.803 &amp#27;[32m INFO&amp#27;[m &amp#27;[35m[@503 - main]&amp#27;[m &amp#27;[36mcom.shaft.tools.io.ReportManager&amp#27;[m : File Action "GetAbsolutePath" successfully performed. With the following test data "Relative Folder Path: "src/test/resources/testDataFiles/Schemas/General_Policy_schema.json"".
2023-01-22 22:14:14.805 &amp#27;[32m INFO&amp#27;[m &amp#27;[35m[@503 - main]&amp#27;[m &amp#27;[36mcom.shaft.tools.io.ReportManager&amp#27;[m : File Action "DoesFileExist" successfully performed. With the following test data "File Path: "C:\eclipse-workspace\MyProjects\TASystemsAPIs\src\test\resources\testDataFiles\Schemas\General_Policy_schema.json"".
2023-01-22 22:14:14.805 &amp#27;[32m INFO&amp#27;[m &amp#27;[35m[@503 - main]&amp#27;[m &amp#27;[36mcom.shaft.tools.io.ReportManager&amp#27;[m : File Action "GetAbsolutePath" successfully performed. With the following test data "Relative Folder Path: "C:\eclipse-workspace\MyProjects\TASystemsAPIs\src\test\resources\testDataFiles\Schemas\General_Policy_schema.json"".
2023-01-22 22:14:14.805 &amp#27;[32m INFO&amp#27;[m &amp#27;[35m[@503 - main]&amp#27;[m &amp#27;[36mcom.shaft.tools.io.ReportManager&amp#27;[m : File Action "ReadFile" successfully performed. With the following test data "File Path: "C:\eclipse-workspace\MyProjects\TASystemsAPIs\src\test\resources\testDataFiles\Schemas\General_Policy_schema.json"".
2023-01-22 22:14:14.806 &amp#27;[32m INFO&amp#27;[m &amp#27;[35m[@503 - main]&amp#27;[m &amp#27;[36mcom.shaft.tools.io.ReportManager&amp#27;[m : Successfully created attachment "Validation Test Data - Expected JSON Value"
2023-01-22 22:14:14.807 &amp#27;[32m INFO&amp#27;[m &amp#27;[35m[@503 - main]&amp#27;[m &amp#27;[36mcom.shaft.tools.io.ReportManager&amp#27;[m : Successfully created attachment "Validation Test Data - Actual JSON Value"
2023-01-22 22:14:14.808 &amp#27;[32m INFO&amp#27;[m &amp#27;[35m[@503 - main]&amp#27;[m &amp#27;[36mcom.shaft.tools.io.ReportManager&amp#27;[m : Successfully created attachment "SHAFT Engine Logs - Current Method log: Valid_Add_General_Policy_TC"
]]></system-out>
  </testcase>
  <testcase name="Valid_Add_General_Policy_TC[[Ljava.lang.Object;@22b968c6](2)" classname="SteeringCompanyAPI_TestCases.Test_Policies_Cases" time="2.264">
    <system-out><![CDATA[2023-01-22 22:14:14.811 &amp#27;[32m INFO&amp#27;[m &amp#27;[35m[@534 - main]&amp#27;[m &amp#27;[36mcom.shaft.tools.io.ReportManager&amp#27;[m : 
################################################################################################################################################
Starting Execution:	"328 out of 83" test cases in the current suite
Test Method:		"SteeringCompanyAPI_TestCases.Test_Policies_Cases.Valid_Add_General_Policy_TC"
Test Description:	"TC009 -Policy- Perform Add Valid General Policy "
################################################################################################################################################
2023-01-22 22:14:14.811 &amp#27;[32m INFO&amp#27;[m &amp#27;[35m[@503 - main]&amp#27;[m &amp#27;[36mcom.shaft.tools.io.ReportManager&amp#27;[m : File Action "DoesFileExist" successfully performed. With the following test data "File Path: "SteeringCompanyAPI_TestData/SteeringCompanyAPI_TestData.xlsx"".
2023-01-22 22:14:14.844 &amp#27;[32m INFO&amp#27;[m &amp#27;[35m[@503 - main]&amp#27;[m &amp#27;[36mcom.shaft.tools.io.ReportManager&amp#27;[m : Successfully created attachment "Test Data - Excel"
2023-01-22 22:14:15.782 &amp#27;[32m INFO&amp#27;[m &amp#27;[35m[@503 - main]&amp#27;[m &amp#27;[36mcom.shaft.tools.io.ReportManager&amp#27;[m : Response status code: "200", status line: "HTTP/1.1 200 OK"
2023-01-22 22:14:15.795 &amp#27;[32m INFO&amp#27;[m &amp#27;[35m[@503 - main]&amp#27;[m &amp#27;[36mcom.shaft.tools.io.ReportManager&amp#27;[m : Successfully created attachment "API Request - Specifications"
2023-01-22 22:14:15.834 &amp#27;[32m INFO&amp#27;[m &amp#27;[35m[@503 - main]&amp#27;[m &amp#27;[36mcom.shaft.tools.io.ReportManager&amp#27;[m : Successfully created attachment "API Request - Body"
2023-01-22 22:14:15.835 &amp#27;[32m INFO&amp#27;[m &amp#27;[35m[@503 - main]&amp#27;[m &amp#27;[36mcom.shaft.tools.io.ReportManager&amp#27;[m : Successfully created attachment "API Response - JSON Body"
2023-01-22 22:14:15.844 &amp#27;[32m INFO&amp#27;[m &amp#27;[35m[@503 - main]&amp#27;[m &amp#27;[36mcom.shaft.tools.io.ReportManager&amp#27;[m : File Action "DoesFileExist" successfully performed. With the following test data "File Path: "SteeringCompanyAPI_TestData/SteeringCompanyAPI_TestData.xlsx"".
2023-01-22 22:14:15.870 &amp#27;[32m INFO&amp#27;[m &amp#27;[35m[@503 - main]&amp#27;[m &amp#27;[36mcom.shaft.tools.io.ReportManager&amp#27;[m : Successfully created attachment "Test Data - Excel"
2023-01-22 22:14:15.871 &amp#27;[32m INFO&amp#27;[m &amp#27;[35m[@503 - main]&amp#27;[m &amp#27;[36mcom.shaft.tools.io.ReportManager&amp#27;[m : File Action "DoesFileExist" successfully performed. With the following test data "File Path: "SteeringCompanyAPI_TestData/SteeringCompanyAPI_TestData.xlsx"".
2023-01-22 22:14:15.908 &amp#27;[32m INFO&amp#27;[m &amp#27;[35m[@503 - main]&amp#27;[m &amp#27;[36mcom.shaft.tools.io.ReportManager&amp#27;[m : Successfully created attachment "Test Data - Excel"
2023-01-22 22:14:15.908 &amp#27;[32m INFO&amp#27;[m &amp#27;[35m[@503 - main]&amp#27;[m &amp#27;[36mcom.shaft.tools.io.ReportManager&amp#27;[m : File Action "DoesFileExist" successfully performed. With the following test data "File Path: "SteeringCompanyAPI_TestData/SteeringCompanyAPI_TestData.xlsx"".
2023-01-22 22:14:15.997 &amp#27;[32m INFO&amp#27;[m &amp#27;[35m[@503 - main]&amp#27;[m &amp#27;[36mcom.shaft.tools.io.ReportManager&amp#27;[m : Successfully created attachment "Test Data - Excel"
2023-01-22 22:14:16.863 &amp#27;[32m INFO&amp#27;[m &amp#27;[35m[@503 - main]&amp#27;[m &amp#27;[36mcom.shaft.tools.io.ReportManager&amp#27;[m : Response status code: "201", status line: "HTTP/1.1 201 "
2023-01-22 22:14:16.873 &amp#27;[32m INFO&amp#27;[m &amp#27;[35m[@503 - main]&amp#27;[m &amp#27;[36mcom.shaft.tools.io.ReportManager&amp#27;[m : Successfully created attachment "API Request - Specifications"
2023-01-22 22:14:16.874 &amp#27;[32m INFO&amp#27;[m &amp#27;[35m[@503 - main]&amp#27;[m &amp#27;[36mcom.shaft.tools.io.ReportManager&amp#27;[m : Successfully created attachment "API Request - JSON Body"
2023-01-22 22:14:16.875 &amp#27;[32m INFO&amp#27;[m &amp#27;[35m[@503 - main]&amp#27;[m &amp#27;[36mcom.shaft.tools.io.ReportManager&amp#27;[m : Successfully created attachment "API Response - JSON Body"
2023-01-22 22:14:16.876 &amp#27;[32m INFO&amp#27;[m &amp#27;[35m[@503 - main]&amp#27;[m &amp#27;[36mcom.shaft.tools.io.ReportManager&amp#27;[m : File Action "DoesFileExist" successfully performed. With the following test data "File Path: "src/test/resources/testDataFiles/SteeringCompanyAPI_TestData/SteeringCompanyAPI_TestData.xlsx"".
2023-01-22 22:14:16.950 &amp#27;[32m INFO&amp#27;[m &amp#27;[35m[@503 - main]&amp#27;[m &amp#27;[36mcom.shaft.tools.io.ReportManager&amp#27;[m : File Action "DoesFileExist" successfully performed. With the following test data "File Path: "SteeringCompanyAPI_TestData/SteeringCompanyAPI_TestData.xlsx"".
2023-01-22 22:14:17.017 &amp#27;[32m INFO&amp#27;[m &amp#27;[35m[@503 - main]&amp#27;[m &amp#27;[36mcom.shaft.tools.io.ReportManager&amp#27;[m : Successfully created attachment "Test Data - Excel"
2023-01-22 22:14:17.017 &amp#27;[32m INFO&amp#27;[m &amp#27;[35m[@503 - main]&amp#27;[m &amp#27;[36mcom.shaft.tools.io.ReportManager&amp#27;[m : File Action "DoesFileExist" successfully performed. With the following test data "File Path: "SteeringCompanyAPI_TestData/SteeringCompanyAPI_TestData.xlsx"".
2023-01-22 22:14:17.064 &amp#27;[32m INFO&amp#27;[m &amp#27;[35m[@503 - main]&amp#27;[m &amp#27;[36mcom.shaft.tools.io.ReportManager&amp#27;[m : Successfully created attachment "Test Data - Excel"
2023-01-22 22:14:17.065 &amp#27;[32m INFO&amp#27;[m &amp#27;[35m[@503 - main]&amp#27;[m &amp#27;[36mcom.shaft.tools.io.ReportManager&amp#27;[m : File Action "DoesFileExist" successfully performed. With the following test data "File Path: "Schemas/General_Policy_schema.json"".
2023-01-22 22:14:17.065 &amp#27;[32m INFO&amp#27;[m &amp#27;[35m[@503 - main]&amp#27;[m &amp#27;[36mcom.shaft.tools.io.ReportManager&amp#27;[m : File Action "DoesFileExist" successfully performed. With the following test data "File Path: "src/test/resources/testDataFiles/Schemas/General_Policy_schema.json"".
2023-01-22 22:14:17.065 &amp#27;[32m INFO&amp#27;[m &amp#27;[35m[@503 - main]&amp#27;[m &amp#27;[36mcom.shaft.tools.io.ReportManager&amp#27;[m : File Action "GetAbsolutePath" successfully performed. With the following test data "Relative Folder Path: "src/test/resources/testDataFiles/Schemas/General_Policy_schema.json"".
2023-01-22 22:14:17.067 &amp#27;[32m INFO&amp#27;[m &amp#27;[35m[@503 - main]&amp#27;[m &amp#27;[36mcom.shaft.tools.io.ReportManager&amp#27;[m : File Action "DoesFileExist" successfully performed. With the following test data "File Path: "C:\eclipse-workspace\MyProjects\TASystemsAPIs\src\test\resources\testDataFiles\Schemas\General_Policy_schema.json"".
2023-01-22 22:14:17.067 &amp#27;[32m INFO&amp#27;[m &amp#27;[35m[@503 - main]&amp#27;[m &amp#27;[36mcom.shaft.tools.io.ReportManager&amp#27;[m : File Action "GetAbsolutePath" successfully performed. With the following test data "Relative Folder Path: "C:\eclipse-workspace\MyProjects\TASystemsAPIs\src\test\resources\testDataFiles\Schemas\General_Policy_schema.json"".
2023-01-22 22:14:17.068 &amp#27;[32m INFO&amp#27;[m &amp#27;[35m[@503 - main]&amp#27;[m &amp#27;[36mcom.shaft.tools.io.ReportManager&amp#27;[m : File Action "ReadFile" successfully performed. With the following test data "File Path: "C:\eclipse-workspace\MyProjects\TASystemsAPIs\src\test\resources\testDataFiles\Schemas\General_Policy_schema.json"".
2023-01-22 22:14:17.070 &amp#27;[32m INFO&amp#27;[m &amp#27;[35m[@503 - main]&amp#27;[m &amp#27;[36mcom.shaft.tools.io.ReportManager&amp#27;[m : Successfully created attachment "Validation Test Data - Expected JSON Value"
2023-01-22 22:14:17.071 &amp#27;[32m INFO&amp#27;[m &amp#27;[35m[@503 - main]&amp#27;[m &amp#27;[36mcom.shaft.tools.io.ReportManager&amp#27;[m : Successfully created attachment "Validation Test Data - Actual JSON Value"
2023-01-22 22:14:17.073 &amp#27;[32m INFO&amp#27;[m &amp#27;[35m[@503 - main]&amp#27;[m &amp#27;[36mcom.shaft.tools.io.ReportManager&amp#27;[m : Successfully created attachment "SHAFT Engine Logs - Current Method log: Valid_Add_General_Policy_TC"
]]></system-out>
  </testcase>
  <testcase name="Valid_Add_Payment_Policy_TC[[Ljava.lang.Object;@394fad4f](1)" classname="SteeringCompanyAPI_TestCases.Test_Policies_Cases" time="3.356">
    <system-out><![CDATA[2023-01-22 22:14:17.077 &amp#27;[32m INFO&amp#27;[m &amp#27;[35m[@534 - main]&amp#27;[m &amp#27;[36mcom.shaft.tools.io.ReportManager&amp#27;[m : 
################################################################################################################################################
Starting Execution:	"329 out of 83" test cases in the current suite
Test Method:		"SteeringCompanyAPI_TestCases.Test_Policies_Cases.Valid_Add_Payment_Policy_TC"
Test Description:	"TC008 -Policy- Perform Add Valid Payment Policy"
################################################################################################################################################
2023-01-22 22:14:17.078 &amp#27;[32m INFO&amp#27;[m &amp#27;[35m[@503 - main]&amp#27;[m &amp#27;[36mcom.shaft.tools.io.ReportManager&amp#27;[m : File Action "DoesFileExist" successfully performed. With the following test data "File Path: "SteeringCompanyAPI_TestData/SteeringCompanyAPI_TestData.xlsx"".
2023-01-22 22:14:17.118 &amp#27;[32m INFO&amp#27;[m &amp#27;[35m[@503 - main]&amp#27;[m &amp#27;[36mcom.shaft.tools.io.ReportManager&amp#27;[m : Successfully created attachment "Test Data - Excel"
2023-01-22 22:14:18.313 &amp#27;[32m INFO&amp#27;[m &amp#27;[35m[@503 - main]&amp#27;[m &amp#27;[36mcom.shaft.tools.io.ReportManager&amp#27;[m : Response status code: "200", status line: "HTTP/1.1 200 OK"
2023-01-22 22:14:18.336 &amp#27;[32m INFO&amp#27;[m &amp#27;[35m[@503 - main]&amp#27;[m &amp#27;[36mcom.shaft.tools.io.ReportManager&amp#27;[m : Successfully created attachment "API Request - Specifications"
2023-01-22 22:14:18.337 &amp#27;[32m INFO&amp#27;[m &amp#27;[35m[@503 - main]&amp#27;[m &amp#27;[36mcom.shaft.tools.io.ReportManager&amp#27;[m : Successfully created attachment "API Request - Body"
2023-01-22 22:14:18.338 &amp#27;[32m INFO&amp#27;[m &amp#27;[35m[@503 - main]&amp#27;[m &amp#27;[36mcom.shaft.tools.io.ReportManager&amp#27;[m : Successfully created attachment "API Response - JSON Body"
2023-01-22 22:14:18.356 &amp#27;[32m INFO&amp#27;[m &amp#27;[35m[@503 - main]&amp#27;[m &amp#27;[36mcom.shaft.tools.io.ReportManager&amp#27;[m : File Action "DoesFileExist" successfully performed. With the following test data "File Path: "SteeringCompanyAPI_TestData/SteeringCompanyAPI_TestData.xlsx"".
2023-01-22 22:14:18.527 &amp#27;[32m INFO&amp#27;[m &amp#27;[35m[@503 - main]&amp#27;[m &amp#27;[36mcom.shaft.tools.io.ReportManager&amp#27;[m : Successfully created attachment "Test Data - Excel"
2023-01-22 22:14:18.527 &amp#27;[32m INFO&amp#27;[m &amp#27;[35m[@503 - main]&amp#27;[m &amp#27;[36mcom.shaft.tools.io.ReportManager&amp#27;[m : File Action "DoesFileExist" successfully performed. With the following test data "File Path: "SteeringCompanyAPI_TestData/SteeringCompanyAPI_TestData.xlsx"".
2023-01-22 22:14:18.631 &amp#27;[32m INFO&amp#27;[m &amp#27;[35m[@503 - main]&amp#27;[m &amp#27;[36mcom.shaft.tools.io.ReportManager&amp#27;[m : Successfully created attachment "Test Data - Excel"
2023-01-22 22:14:18.632 &amp#27;[32m INFO&amp#27;[m &amp#27;[35m[@503 - main]&amp#27;[m &amp#27;[36mcom.shaft.tools.io.ReportManager&amp#27;[m : File Action "DoesFileExist" successfully performed. With the following test data "File Path: "SteeringCompanyAPI_TestData/SteeringCompanyAPI_TestData.xlsx"".
2023-01-22 22:14:18.892 &amp#27;[32m INFO&amp#27;[m &amp#27;[35m[@503 - main]&amp#27;[m &amp#27;[36mcom.shaft.tools.io.ReportManager&amp#27;[m : Successfully created attachment "Test Data - Excel"
2023-01-22 22:14:20.134 &amp#27;[32m INFO&amp#27;[m &amp#27;[35m[@503 - main]&amp#27;[m &amp#27;[36mcom.shaft.tools.io.ReportManager&amp#27;[m : Response status code: "201", status line: "HTTP/1.1 201 "
2023-01-22 22:14:20.149 &amp#27;[32m INFO&amp#27;[m &amp#27;[35m[@503 - main]&amp#27;[m &amp#27;[36mcom.shaft.tools.io.ReportManager&amp#27;[m : Successfully created attachment "API Request - Specifications"
2023-01-22 22:14:20.150 &amp#27;[32m INFO&amp#27;[m &amp#27;[35m[@503 - main]&amp#27;[m &amp#27;[36mcom.shaft.tools.io.ReportManager&amp#27;[m : Successfully created attachment "API Request - JSON Body"
2023-01-22 22:14:20.150 &amp#27;[32m INFO&amp#27;[m &amp#27;[35m[@503 - main]&amp#27;[m &amp#27;[36mcom.shaft.tools.io.ReportManager&amp#27;[m : Successfully created attachment "API Response - JSON Body"
2023-01-22 22:14:20.151 &amp#27;[32m INFO&amp#27;[m &amp#27;[35m[@503 - main]&amp#27;[m &amp#27;[36mcom.shaft.tools.io.ReportManager&amp#27;[m : File Action "DoesFileExist" successfully performed. With the following test data "File Path: "src/test/resources/testDataFiles/SteeringCompanyAPI_TestData/SteeringCompanyAPI_TestData.xlsx"".
2023-01-22 22:14:20.276 &amp#27;[32m INFO&amp#27;[m &amp#27;[35m[@503 - main]&amp#27;[m &amp#27;[36mcom.shaft.tools.io.ReportManager&amp#27;[m : File Action "DoesFileExist" successfully performed. With the following test data "File Path: "SteeringCompanyAPI_TestData/SteeringCompanyAPI_TestData.xlsx"".
2023-01-22 22:14:20.342 &amp#27;[32m INFO&amp#27;[m &amp#27;[35m[@503 - main]&amp#27;[m &amp#27;[36mcom.shaft.tools.io.ReportManager&amp#27;[m : Successfully created attachment "Test Data - Excel"
2023-01-22 22:14:20.343 &amp#27;[32m INFO&amp#27;[m &amp#27;[35m[@503 - main]&amp#27;[m &amp#27;[36mcom.shaft.tools.io.ReportManager&amp#27;[m : File Action "DoesFileExist" successfully performed. With the following test data "File Path: "SteeringCompanyAPI_TestData/SteeringCompanyAPI_TestData.xlsx"".
2023-01-22 22:14:20.420 &amp#27;[32m INFO&amp#27;[m &amp#27;[35m[@503 - main]&amp#27;[m &amp#27;[36mcom.shaft.tools.io.ReportManager&amp#27;[m : Successfully created attachment "Test Data - Excel"
2023-01-22 22:14:20.421 &amp#27;[32m INFO&amp#27;[m &amp#27;[35m[@503 - main]&amp#27;[m &amp#27;[36mcom.shaft.tools.io.ReportManager&amp#27;[m : File Action "DoesFileExist" successfully performed. With the following test data "File Path: "Schemas/Payment_Policy_schema.json"".
2023-01-22 22:14:20.422 &amp#27;[32m INFO&amp#27;[m &amp#27;[35m[@503 - main]&amp#27;[m &amp#27;[36mcom.shaft.tools.io.ReportManager&amp#27;[m : File Action "DoesFileExist" successfully performed. With the following test data "File Path: "src/test/resources/testDataFiles/Schemas/Payment_Policy_schema.json"".
2023-01-22 22:14:20.422 &amp#27;[32m INFO&amp#27;[m &amp#27;[35m[@503 - main]&amp#27;[m &amp#27;[36mcom.shaft.tools.io.ReportManager&amp#27;[m : File Action "GetAbsolutePath" successfully performed. With the following test data "Relative Folder Path: "src/test/resources/testDataFiles/Schemas/Payment_Policy_schema.json"".
2023-01-22 22:14:20.424 &amp#27;[32m INFO&amp#27;[m &amp#27;[35m[@503 - main]&amp#27;[m &amp#27;[36mcom.shaft.tools.io.ReportManager&amp#27;[m : File Action "DoesFileExist" successfully performed. With the following test data "File Path: "C:\eclipse-workspace\MyProjects\TASystemsAPIs\src\test\resources\testDataFiles\Schemas\Payment_Policy_schema.json"".
2023-01-22 22:14:20.424 &amp#27;[32m INFO&amp#27;[m &amp#27;[35m[@503 - main]&amp#27;[m &amp#27;[36mcom.shaft.tools.io.ReportManager&amp#27;[m : File Action "GetAbsolutePath" successfully performed. With the following test data "Relative Folder Path: "C:\eclipse-workspace\MyProjects\TASystemsAPIs\src\test\resources\testDataFiles\Schemas\Payment_Policy_schema.json"".
2023-01-22 22:14:20.424 &amp#27;[32m INFO&amp#27;[m &amp#27;[35m[@503 - main]&amp#27;[m &amp#27;[36mcom.shaft.tools.io.ReportManager&amp#27;[m : File Action "ReadFile" successfully performed. With the following test data "File Path: "C:\eclipse-workspace\MyProjects\TASystemsAPIs\src\test\resources\testDataFiles\Schemas\Payment_Policy_schema.json"".
2023-01-22 22:14:20.426 &amp#27;[32m INFO&amp#27;[m &amp#27;[35m[@503 - main]&amp#27;[m &amp#27;[36mcom.shaft.tools.io.ReportManager&amp#27;[m : Successfully created attachment "Validation Test Data - Expected JSON Value"
2023-01-22 22:14:20.430 &amp#27;[32m INFO&amp#27;[m &amp#27;[35m[@503 - main]&amp#27;[m &amp#27;[36mcom.shaft.tools.io.ReportManager&amp#27;[m : Successfully created attachment "Validation Test Data - Actual JSON Value"
2023-01-22 22:14:20.430 &amp#27;[32m INFO&amp#27;[m &amp#27;[35m[@503 - main]&amp#27;[m &amp#27;[36mcom.shaft.tools.io.ReportManager&amp#27;[m : Successfully created attachment "SHAFT Engine Logs - Current Method log: Valid_Add_Payment_Policy_TC"
]]></system-out>
  </testcase>
  <testcase name="Valid_Add_Payment_Policy_TC[[Ljava.lang.Object;@71379e2e](2)" classname="SteeringCompanyAPI_TestCases.Test_Policies_Cases" time="2.98">
    <system-out><![CDATA[2023-01-22 22:14:20.436 &amp#27;[32m INFO&amp#27;[m &amp#27;[35m[@534 - main]&amp#27;[m &amp#27;[36mcom.shaft.tools.io.ReportManager&amp#27;[m : 
################################################################################################################################################
Starting Execution:	"330 out of 83" test cases in the current suite
Test Method:		"SteeringCompanyAPI_TestCases.Test_Policies_Cases.Valid_Add_Payment_Policy_TC"
Test Description:	"TC008 -Policy- Perform Add Valid Payment Policy"
################################################################################################################################################
2023-01-22 22:14:20.437 &amp#27;[32m INFO&amp#27;[m &amp#27;[35m[@503 - main]&amp#27;[m &amp#27;[36mcom.shaft.tools.io.ReportManager&amp#27;[m : File Action "DoesFileExist" successfully performed. With the following test data "File Path: "SteeringCompanyAPI_TestData/SteeringCompanyAPI_TestData.xlsx"".
2023-01-22 22:14:20.481 &amp#27;[32m INFO&amp#27;[m &amp#27;[35m[@503 - main]&amp#27;[m &amp#27;[36mcom.shaft.tools.io.ReportManager&amp#27;[m : Successfully created attachment "Test Data - Excel"
2023-01-22 22:14:21.475 &amp#27;[32m INFO&amp#27;[m &amp#27;[35m[@503 - main]&amp#27;[m &amp#27;[36mcom.shaft.tools.io.ReportManager&amp#27;[m : Response status code: "200", status line: "HTTP/1.1 200 OK"
2023-01-22 22:14:21.495 &amp#27;[32m INFO&amp#27;[m &amp#27;[35m[@503 - main]&amp#27;[m &amp#27;[36mcom.shaft.tools.io.ReportManager&amp#27;[m : Successfully created attachment "API Request - Specifications"
2023-01-22 22:14:21.496 &amp#27;[32m INFO&amp#27;[m &amp#27;[35m[@503 - main]&amp#27;[m &amp#27;[36mcom.shaft.tools.io.ReportManager&amp#27;[m : Successfully created attachment "API Request - Body"
2023-01-22 22:14:21.497 &amp#27;[32m INFO&amp#27;[m &amp#27;[35m[@503 - main]&amp#27;[m &amp#27;[36mcom.shaft.tools.io.ReportManager&amp#27;[m : Successfully created attachment "API Response - JSON Body"
2023-01-22 22:14:21.515 &amp#27;[32m INFO&amp#27;[m &amp#27;[35m[@503 - main]&amp#27;[m &amp#27;[36mcom.shaft.tools.io.ReportManager&amp#27;[m : File Action "DoesFileExist" successfully performed. With the following test data "File Path: "SteeringCompanyAPI_TestData/SteeringCompanyAPI_TestData.xlsx"".
2023-01-22 22:14:21.683 &amp#27;[32m INFO&amp#27;[m &amp#27;[35m[@503 - main]&amp#27;[m &amp#27;[36mcom.shaft.tools.io.ReportManager&amp#27;[m : Successfully created attachment "Test Data - Excel"
2023-01-22 22:14:21.683 &amp#27;[32m INFO&amp#27;[m &amp#27;[35m[@503 - main]&amp#27;[m &amp#27;[36mcom.shaft.tools.io.ReportManager&amp#27;[m : File Action "DoesFileExist" successfully performed. With the following test data "File Path: "SteeringCompanyAPI_TestData/SteeringCompanyAPI_TestData.xlsx"".
2023-01-22 22:14:21.739 &amp#27;[32m INFO&amp#27;[m &amp#27;[35m[@503 - main]&amp#27;[m &amp#27;[36mcom.shaft.tools.io.ReportManager&amp#27;[m : Successfully created attachment "Test Data - Excel"
2023-01-22 22:14:21.739 &amp#27;[32m INFO&amp#27;[m &amp#27;[35m[@503 - main]&amp#27;[m &amp#27;[36mcom.shaft.tools.io.ReportManager&amp#27;[m : File Action "DoesFileExist" successfully performed. With the following test data "File Path: "SteeringCompanyAPI_TestData/SteeringCompanyAPI_TestData.xlsx"".
2023-01-22 22:14:21.795 &amp#27;[32m INFO&amp#27;[m &amp#27;[35m[@503 - main]&amp#27;[m &amp#27;[36mcom.shaft.tools.io.ReportManager&amp#27;[m : Successfully created attachment "Test Data - Excel"
2023-01-22 22:14:23.259 &amp#27;[32m INFO&amp#27;[m &amp#27;[35m[@503 - main]&amp#27;[m &amp#27;[36mcom.shaft.tools.io.ReportManager&amp#27;[m : Response status code: "201", status line: "HTTP/1.1 201 "
2023-01-22 22:14:23.269 &amp#27;[32m INFO&amp#27;[m &amp#27;[35m[@503 - main]&amp#27;[m &amp#27;[36mcom.shaft.tools.io.ReportManager&amp#27;[m : Successfully created attachment "API Request - Specifications"
2023-01-22 22:14:23.271 &amp#27;[32m INFO&amp#27;[m &amp#27;[35m[@503 - main]&amp#27;[m &amp#27;[36mcom.shaft.tools.io.ReportManager&amp#27;[m : Successfully created attachment "API Request - JSON Body"
2023-01-22 22:14:23.272 &amp#27;[32m INFO&amp#27;[m &amp#27;[35m[@503 - main]&amp#27;[m &amp#27;[36mcom.shaft.tools.io.ReportManager&amp#27;[m : Successfully created attachment "API Response - JSON Body"
2023-01-22 22:14:23.272 &amp#27;[32m INFO&amp#27;[m &amp#27;[35m[@503 - main]&amp#27;[m &amp#27;[36mcom.shaft.tools.io.ReportManager&amp#27;[m : File Action "DoesFileExist" successfully performed. With the following test data "File Path: "src/test/resources/testDataFiles/SteeringCompanyAPI_TestData/SteeringCompanyAPI_TestData.xlsx"".
2023-01-22 22:14:23.340 &amp#27;[32m INFO&amp#27;[m &amp#27;[35m[@503 - main]&amp#27;[m &amp#27;[36mcom.shaft.tools.io.ReportManager&amp#27;[m : File Action "DoesFileExist" successfully performed. With the following test data "File Path: "SteeringCompanyAPI_TestData/SteeringCompanyAPI_TestData.xlsx"".
2023-01-22 22:14:23.369 &amp#27;[32m INFO&amp#27;[m &amp#27;[35m[@503 - main]&amp#27;[m &amp#27;[36mcom.shaft.tools.io.ReportManager&amp#27;[m : Successfully created attachment "Test Data - Excel"
2023-01-22 22:14:23.369 &amp#27;[32m INFO&amp#27;[m &amp#27;[35m[@503 - main]&amp#27;[m &amp#27;[36mcom.shaft.tools.io.ReportManager&amp#27;[m : File Action "DoesFileExist" successfully performed. With the following test data "File Path: "SteeringCompanyAPI_TestData/SteeringCompanyAPI_TestData.xlsx"".
2023-01-22 22:14:23.401 &amp#27;[32m INFO&amp#27;[m &amp#27;[35m[@503 - main]&amp#27;[m &amp#27;[36mcom.shaft.tools.io.ReportManager&amp#27;[m : Successfully created attachment "Test Data - Excel"
2023-01-22 22:14:23.401 &amp#27;[32m INFO&amp#27;[m &amp#27;[35m[@503 - main]&amp#27;[m &amp#27;[36mcom.shaft.tools.io.ReportManager&amp#27;[m : File Action "DoesFileExist" successfully performed. With the following test data "File Path: "Schemas/Payment_Policy_schema.json"".
2023-01-22 22:14:23.402 &amp#27;[32m INFO&amp#27;[m &amp#27;[35m[@503 - main]&amp#27;[m &amp#27;[36mcom.shaft.tools.io.ReportManager&amp#27;[m : File Action "DoesFileExist" successfully performed. With the following test data "File Path: "src/test/resources/testDataFiles/Schemas/Payment_Policy_schema.json"".
2023-01-22 22:14:23.402 &amp#27;[32m INFO&amp#27;[m &amp#27;[35m[@503 - main]&amp#27;[m &amp#27;[36mcom.shaft.tools.io.ReportManager&amp#27;[m : File Action "GetAbsolutePath" successfully performed. With the following test data "Relative Folder Path: "src/test/resources/testDataFiles/Schemas/Payment_Policy_schema.json"".
2023-01-22 22:14:23.404 &amp#27;[32m INFO&amp#27;[m &amp#27;[35m[@503 - main]&amp#27;[m &amp#27;[36mcom.shaft.tools.io.ReportManager&amp#27;[m : File Action "DoesFileExist" successfully performed. With the following test data "File Path: "C:\eclipse-workspace\MyProjects\TASystemsAPIs\src\test\resources\testDataFiles\Schemas\Payment_Policy_schema.json"".
2023-01-22 22:14:23.404 &amp#27;[32m INFO&amp#27;[m &amp#27;[35m[@503 - main]&amp#27;[m &amp#27;[36mcom.shaft.tools.io.ReportManager&amp#27;[m : File Action "GetAbsolutePath" successfully performed. With the following test data "Relative Folder Path: "C:\eclipse-workspace\MyProjects\TASystemsAPIs\src\test\resources\testDataFiles\Schemas\Payment_Policy_schema.json"".
2023-01-22 22:14:23.405 &amp#27;[32m INFO&amp#27;[m &amp#27;[35m[@503 - main]&amp#27;[m &amp#27;[36mcom.shaft.tools.io.ReportManager&amp#27;[m : File Action "ReadFile" successfully performed. With the following test data "File Path: "C:\eclipse-workspace\MyProjects\TASystemsAPIs\src\test\resources\testDataFiles\Schemas\Payment_Policy_schema.json"".
2023-01-22 22:14:23.406 &amp#27;[32m INFO&amp#27;[m &amp#27;[35m[@503 - main]&amp#27;[m &amp#27;[36mcom.shaft.tools.io.ReportManager&amp#27;[m : Successfully created attachment "Validation Test Data - Expected JSON Value"
2023-01-22 22:14:23.408 &amp#27;[32m INFO&amp#27;[m &amp#27;[35m[@503 - main]&amp#27;[m &amp#27;[36mcom.shaft.tools.io.ReportManager&amp#27;[m : Successfully created attachment "Validation Test Data - Actual JSON Value"
2023-01-22 22:14:23.409 &amp#27;[32m INFO&amp#27;[m &amp#27;[35m[@503 - main]&amp#27;[m &amp#27;[36mcom.shaft.tools.io.ReportManager&amp#27;[m : Successfully created attachment "SHAFT Engine Logs - Current Method log: Valid_Add_Payment_Policy_TC"
]]></system-out>
  </testcase>
  <testcase name="Valid_Add_Tax_Policy_TC[[Ljava.lang.Object;@323b0f40](1)" classname="SteeringCompanyAPI_TestCases.Test_Policies_Cases" time="2.708">
    <system-out><![CDATA[2023-01-22 22:14:23.417 &amp#27;[32m INFO&amp#27;[m &amp#27;[35m[@534 - main]&amp#27;[m &amp#27;[36mcom.shaft.tools.io.ReportManager&amp#27;[m : 
################################################################################################################################################
Starting Execution:	"331 out of 83" test cases in the current suite
Test Method:		"SteeringCompanyAPI_TestCases.Test_Policies_Cases.Valid_Add_Tax_Policy_TC"
Test Description:	"TC006 -Policy- Perform Add Valid Tax Policy"
################################################################################################################################################
2023-01-22 22:14:23.418 &amp#27;[32m INFO&amp#27;[m &amp#27;[35m[@503 - main]&amp#27;[m &amp#27;[36mcom.shaft.tools.io.ReportManager&amp#27;[m : File Action "DoesFileExist" successfully performed. With the following test data "File Path: "SteeringCompanyAPI_TestData/SteeringCompanyAPI_TestData.xlsx"".
2023-01-22 22:14:23.457 &amp#27;[32m INFO&amp#27;[m &amp#27;[35m[@503 - main]&amp#27;[m &amp#27;[36mcom.shaft.tools.io.ReportManager&amp#27;[m : Successfully created attachment "Test Data - Excel"
2023-01-22 22:14:24.913 &amp#27;[32m INFO&amp#27;[m &amp#27;[35m[@503 - main]&amp#27;[m &amp#27;[36mcom.shaft.tools.io.ReportManager&amp#27;[m : Response status code: "200", status line: "HTTP/1.1 200 OK"
2023-01-22 22:14:24.923 &amp#27;[32m INFO&amp#27;[m &amp#27;[35m[@503 - main]&amp#27;[m &amp#27;[36mcom.shaft.tools.io.ReportManager&amp#27;[m : Successfully created attachment "API Request - Specifications"
2023-01-22 22:14:24.926 &amp#27;[32m INFO&amp#27;[m &amp#27;[35m[@503 - main]&amp#27;[m &amp#27;[36mcom.shaft.tools.io.ReportManager&amp#27;[m : Successfully created attachment "API Request - Body"
2023-01-22 22:14:24.927 &amp#27;[32m INFO&amp#27;[m &amp#27;[35m[@503 - main]&amp#27;[m &amp#27;[36mcom.shaft.tools.io.ReportManager&amp#27;[m : Successfully created attachment "API Response - JSON Body"
2023-01-22 22:14:24.936 &amp#27;[32m INFO&amp#27;[m &amp#27;[35m[@503 - main]&amp#27;[m &amp#27;[36mcom.shaft.tools.io.ReportManager&amp#27;[m : File Action "DoesFileExist" successfully performed. With the following test data "File Path: "SteeringCompanyAPI_TestData/SteeringCompanyAPI_TestData.xlsx"".
2023-01-22 22:14:24.967 &amp#27;[32m INFO&amp#27;[m &amp#27;[35m[@503 - main]&amp#27;[m &amp#27;[36mcom.shaft.tools.io.ReportManager&amp#27;[m : Successfully created attachment "Test Data - Excel"
2023-01-22 22:14:24.968 &amp#27;[32m INFO&amp#27;[m &amp#27;[35m[@503 - main]&amp#27;[m &amp#27;[36mcom.shaft.tools.io.ReportManager&amp#27;[m : File Action "DoesFileExist" successfully performed. With the following test data "File Path: "SteeringCompanyAPI_TestData/SteeringCompanyAPI_TestData.xlsx"".
2023-01-22 22:14:25.005 &amp#27;[32m INFO&amp#27;[m &amp#27;[35m[@503 - main]&amp#27;[m &amp#27;[36mcom.shaft.tools.io.ReportManager&amp#27;[m : Successfully created attachment "Test Data - Excel"
2023-01-22 22:14:25.005 &amp#27;[32m INFO&amp#27;[m &amp#27;[35m[@503 - main]&amp#27;[m &amp#27;[36mcom.shaft.tools.io.ReportManager&amp#27;[m : File Action "DoesFileExist" successfully performed. With the following test data "File Path: "SteeringCompanyAPI_TestData/SteeringCompanyAPI_TestData.xlsx"".
2023-01-22 22:14:25.036 &amp#27;[32m INFO&amp#27;[m &amp#27;[35m[@503 - main]&amp#27;[m &amp#27;[36mcom.shaft.tools.io.ReportManager&amp#27;[m : Successfully created attachment "Test Data - Excel"
2023-01-22 22:14:25.973 &amp#27;[32m INFO&amp#27;[m &amp#27;[35m[@503 - main]&amp#27;[m &amp#27;[36mcom.shaft.tools.io.ReportManager&amp#27;[m : Response status code: "201", status line: "HTTP/1.1 201 "
2023-01-22 22:14:25.982 &amp#27;[32m INFO&amp#27;[m &amp#27;[35m[@503 - main]&amp#27;[m &amp#27;[36mcom.shaft.tools.io.ReportManager&amp#27;[m : Successfully created attachment "API Request - Specifications"
2023-01-22 22:14:25.984 &amp#27;[32m INFO&amp#27;[m &amp#27;[35m[@503 - main]&amp#27;[m &amp#27;[36mcom.shaft.tools.io.ReportManager&amp#27;[m : Successfully created attachment "API Request - JSON Body"
2023-01-22 22:14:25.984 &amp#27;[32m INFO&amp#27;[m &amp#27;[35m[@503 - main]&amp#27;[m &amp#27;[36mcom.shaft.tools.io.ReportManager&amp#27;[m : Successfully created attachment "API Response - JSON Body"
2023-01-22 22:14:25.985 &amp#27;[32m INFO&amp#27;[m &amp#27;[35m[@503 - main]&amp#27;[m &amp#27;[36mcom.shaft.tools.io.ReportManager&amp#27;[m : File Action "DoesFileExist" successfully performed. With the following test data "File Path: "src/test/resources/testDataFiles/SteeringCompanyAPI_TestData/SteeringCompanyAPI_TestData.xlsx"".
2023-01-22 22:14:26.050 &amp#27;[32m INFO&amp#27;[m &amp#27;[35m[@503 - main]&amp#27;[m &amp#27;[36mcom.shaft.tools.io.ReportManager&amp#27;[m : File Action "DoesFileExist" successfully performed. With the following test data "File Path: "SteeringCompanyAPI_TestData/SteeringCompanyAPI_TestData.xlsx"".
2023-01-22 22:14:26.080 &amp#27;[32m INFO&amp#27;[m &amp#27;[35m[@503 - main]&amp#27;[m &amp#27;[36mcom.shaft.tools.io.ReportManager&amp#27;[m : Successfully created attachment "Test Data - Excel"
2023-01-22 22:14:26.081 &amp#27;[32m INFO&amp#27;[m &amp#27;[35m[@503 - main]&amp#27;[m &amp#27;[36mcom.shaft.tools.io.ReportManager&amp#27;[m : File Action "DoesFileExist" successfully performed. With the following test data "File Path: "SteeringCompanyAPI_TestData/SteeringCompanyAPI_TestData.xlsx"".
2023-01-22 22:14:26.109 &amp#27;[32m INFO&amp#27;[m &amp#27;[35m[@503 - main]&amp#27;[m &amp#27;[36mcom.shaft.tools.io.ReportManager&amp#27;[m : Successfully created attachment "Test Data - Excel"
2023-01-22 22:14:26.110 &amp#27;[32m INFO&amp#27;[m &amp#27;[35m[@503 - main]&amp#27;[m &amp#27;[36mcom.shaft.tools.io.ReportManager&amp#27;[m : File Action "DoesFileExist" successfully performed. With the following test data "File Path: "Schemas/Tax_Policy_schema.json"".
2023-01-22 22:14:26.110 &amp#27;[32m INFO&amp#27;[m &amp#27;[35m[@503 - main]&amp#27;[m &amp#27;[36mcom.shaft.tools.io.ReportManager&amp#27;[m : File Action "DoesFileExist" successfully performed. With the following test data "File Path: "src/test/resources/testDataFiles/Schemas/Tax_Policy_schema.json"".
2023-01-22 22:14:26.111 &amp#27;[32m INFO&amp#27;[m &amp#27;[35m[@503 - main]&amp#27;[m &amp#27;[36mcom.shaft.tools.io.ReportManager&amp#27;[m : File Action "GetAbsolutePath" successfully performed. With the following test data "Relative Folder Path: "src/test/resources/testDataFiles/Schemas/Tax_Policy_schema.json"".
2023-01-22 22:14:26.113 &amp#27;[32m INFO&amp#27;[m &amp#27;[35m[@503 - main]&amp#27;[m &amp#27;[36mcom.shaft.tools.io.ReportManager&amp#27;[m : File Action "DoesFileExist" successfully performed. With the following test data "File Path: "C:\eclipse-workspace\MyProjects\TASystemsAPIs\src\test\resources\testDataFiles\Schemas\Tax_Policy_schema.json"".
2023-01-22 22:14:26.113 &amp#27;[32m INFO&amp#27;[m &amp#27;[35m[@503 - main]&amp#27;[m &amp#27;[36mcom.shaft.tools.io.ReportManager&amp#27;[m : File Action "GetAbsolutePath" successfully performed. With the following test data "Relative Folder Path: "C:\eclipse-workspace\MyProjects\TASystemsAPIs\src\test\resources\testDataFiles\Schemas\Tax_Policy_schema.json"".
2023-01-22 22:14:26.113 &amp#27;[32m INFO&amp#27;[m &amp#27;[35m[@503 - main]&amp#27;[m &amp#27;[36mcom.shaft.tools.io.ReportManager&amp#27;[m : File Action "ReadFile" successfully performed. With the following test data "File Path: "C:\eclipse-workspace\MyProjects\TASystemsAPIs\src\test\resources\testDataFiles\Schemas\Tax_Policy_schema.json"".
2023-01-22 22:14:26.118 &amp#27;[32m INFO&amp#27;[m &amp#27;[35m[@503 - main]&amp#27;[m &amp#27;[36mcom.shaft.tools.io.ReportManager&amp#27;[m : Successfully created attachment "Validation Test Data - Expected JSON Value"
2023-01-22 22:14:26.118 &amp#27;[32m INFO&amp#27;[m &amp#27;[35m[@503 - main]&amp#27;[m &amp#27;[36mcom.shaft.tools.io.ReportManager&amp#27;[m : Successfully created attachment "Validation Test Data - Actual JSON Value"
2023-01-22 22:14:26.119 &amp#27;[32m INFO&amp#27;[m &amp#27;[35m[@503 - main]&amp#27;[m &amp#27;[36mcom.shaft.tools.io.ReportManager&amp#27;[m : Successfully created attachment "SHAFT Engine Logs - Current Method log: Valid_Add_Tax_Policy_TC"
]]></system-out>
  </testcase>
  <testcase name="Valid_Add_Tax_Policy_TC[[Ljava.lang.Object;@3af5f19a](2)" classname="SteeringCompanyAPI_TestCases.Test_Policies_Cases" time="2.414">
    <system-out><![CDATA[2023-01-22 22:14:26.125 &amp#27;[32m INFO&amp#27;[m &amp#27;[35m[@534 - main]&amp#27;[m &amp#27;[36mcom.shaft.tools.io.ReportManager&amp#27;[m : 
################################################################################################################################################
Starting Execution:	"332 out of 83" test cases in the current suite
Test Method:		"SteeringCompanyAPI_TestCases.Test_Policies_Cases.Valid_Add_Tax_Policy_TC"
Test Description:	"TC006 -Policy- Perform Add Valid Tax Policy"
################################################################################################################################################
2023-01-22 22:14:26.126 &amp#27;[32m INFO&amp#27;[m &amp#27;[35m[@503 - main]&amp#27;[m &amp#27;[36mcom.shaft.tools.io.ReportManager&amp#27;[m : File Action "DoesFileExist" successfully performed. With the following test data "File Path: "SteeringCompanyAPI_TestData/SteeringCompanyAPI_TestData.xlsx"".
2023-01-22 22:14:26.163 &amp#27;[32m INFO&amp#27;[m &amp#27;[35m[@503 - main]&amp#27;[m &amp#27;[36mcom.shaft.tools.io.ReportManager&amp#27;[m : Successfully created attachment "Test Data - Excel"
2023-01-22 22:14:27.226 &amp#27;[32m INFO&amp#27;[m &amp#27;[35m[@503 - main]&amp#27;[m &amp#27;[36mcom.shaft.tools.io.ReportManager&amp#27;[m : Response status code: "200", status line: "HTTP/1.1 200 OK"
2023-01-22 22:14:27.241 &amp#27;[32m INFO&amp#27;[m &amp#27;[35m[@503 - main]&amp#27;[m &amp#27;[36mcom.shaft.tools.io.ReportManager&amp#27;[m : Successfully created attachment "API Request - Specifications"
2023-01-22 22:14:27.242 &amp#27;[32m INFO&amp#27;[m &amp#27;[35m[@503 - main]&amp#27;[m &amp#27;[36mcom.shaft.tools.io.ReportManager&amp#27;[m : Successfully created attachment "API Request - Body"
2023-01-22 22:14:27.243 &amp#27;[32m INFO&amp#27;[m &amp#27;[35m[@503 - main]&amp#27;[m &amp#27;[36mcom.shaft.tools.io.ReportManager&amp#27;[m : Successfully created attachment "API Response - JSON Body"
2023-01-22 22:14:27.257 &amp#27;[32m INFO&amp#27;[m &amp#27;[35m[@503 - main]&amp#27;[m &amp#27;[36mcom.shaft.tools.io.ReportManager&amp#27;[m : File Action "DoesFileExist" successfully performed. With the following test data "File Path: "SteeringCompanyAPI_TestData/SteeringCompanyAPI_TestData.xlsx"".
2023-01-22 22:14:27.310 &amp#27;[32m INFO&amp#27;[m &amp#27;[35m[@503 - main]&amp#27;[m &amp#27;[36mcom.shaft.tools.io.ReportManager&amp#27;[m : Successfully created attachment "Test Data - Excel"
2023-01-22 22:14:27.310 &amp#27;[32m INFO&amp#27;[m &amp#27;[35m[@503 - main]&amp#27;[m &amp#27;[36mcom.shaft.tools.io.ReportManager&amp#27;[m : File Action "DoesFileExist" successfully performed. With the following test data "File Path: "SteeringCompanyAPI_TestData/SteeringCompanyAPI_TestData.xlsx"".
2023-01-22 22:14:27.353 &amp#27;[32m INFO&amp#27;[m &amp#27;[35m[@503 - main]&amp#27;[m &amp#27;[36mcom.shaft.tools.io.ReportManager&amp#27;[m : Successfully created attachment "Test Data - Excel"
2023-01-22 22:14:27.353 &amp#27;[32m INFO&amp#27;[m &amp#27;[35m[@503 - main]&amp#27;[m &amp#27;[36mcom.shaft.tools.io.ReportManager&amp#27;[m : File Action "DoesFileExist" successfully performed. With the following test data "File Path: "SteeringCompanyAPI_TestData/SteeringCompanyAPI_TestData.xlsx"".
2023-01-22 22:14:27.397 &amp#27;[32m INFO&amp#27;[m &amp#27;[35m[@503 - main]&amp#27;[m &amp#27;[36mcom.shaft.tools.io.ReportManager&amp#27;[m : Successfully created attachment "Test Data - Excel"
2023-01-22 22:14:28.371 &amp#27;[32m INFO&amp#27;[m &amp#27;[35m[@503 - main]&amp#27;[m &amp#27;[36mcom.shaft.tools.io.ReportManager&amp#27;[m : Response status code: "201", status line: "HTTP/1.1 201 "
2023-01-22 22:14:28.385 &amp#27;[32m INFO&amp#27;[m &amp#27;[35m[@503 - main]&amp#27;[m &amp#27;[36mcom.shaft.tools.io.ReportManager&amp#27;[m : Successfully created attachment "API Request - Specifications"
2023-01-22 22:14:28.387 &amp#27;[32m INFO&amp#27;[m &amp#27;[35m[@503 - main]&amp#27;[m &amp#27;[36mcom.shaft.tools.io.ReportManager&amp#27;[m : Successfully created attachment "API Request - JSON Body"
2023-01-22 22:14:28.388 &amp#27;[32m INFO&amp#27;[m &amp#27;[35m[@503 - main]&amp#27;[m &amp#27;[36mcom.shaft.tools.io.ReportManager&amp#27;[m : Successfully created attachment "API Response - JSON Body"
2023-01-22 22:14:28.388 &amp#27;[32m INFO&amp#27;[m &amp#27;[35m[@503 - main]&amp#27;[m &amp#27;[36mcom.shaft.tools.io.ReportManager&amp#27;[m : File Action "DoesFileExist" successfully performed. With the following test data "File Path: "src/test/resources/testDataFiles/SteeringCompanyAPI_TestData/SteeringCompanyAPI_TestData.xlsx"".
2023-01-22 22:14:28.464 &amp#27;[32m INFO&amp#27;[m &amp#27;[35m[@503 - main]&amp#27;[m &amp#27;[36mcom.shaft.tools.io.ReportManager&amp#27;[m : File Action "DoesFileExist" successfully performed. With the following test data "File Path: "SteeringCompanyAPI_TestData/SteeringCompanyAPI_TestData.xlsx"".
2023-01-22 22:14:28.495 &amp#27;[32m INFO&amp#27;[m &amp#27;[35m[@503 - main]&amp#27;[m &amp#27;[36mcom.shaft.tools.io.ReportManager&amp#27;[m : Successfully created attachment "Test Data - Excel"
2023-01-22 22:14:28.495 &amp#27;[32m INFO&amp#27;[m &amp#27;[35m[@503 - main]&amp#27;[m &amp#27;[36mcom.shaft.tools.io.ReportManager&amp#27;[m : File Action "DoesFileExist" successfully performed. With the following test data "File Path: "SteeringCompanyAPI_TestData/SteeringCompanyAPI_TestData.xlsx"".
2023-01-22 22:14:28.525 &amp#27;[32m INFO&amp#27;[m &amp#27;[35m[@503 - main]&amp#27;[m &amp#27;[36mcom.shaft.tools.io.ReportManager&amp#27;[m : Successfully created attachment "Test Data - Excel"
2023-01-22 22:14:28.527 &amp#27;[32m INFO&amp#27;[m &amp#27;[35m[@503 - main]&amp#27;[m &amp#27;[36mcom.shaft.tools.io.ReportManager&amp#27;[m : File Action "DoesFileExist" successfully performed. With the following test data "File Path: "Schemas/Tax_Policy_schema.json"".
2023-01-22 22:14:28.527 &amp#27;[32m INFO&amp#27;[m &amp#27;[35m[@503 - main]&amp#27;[m &amp#27;[36mcom.shaft.tools.io.ReportManager&amp#27;[m : File Action "DoesFileExist" successfully performed. With the following test data "File Path: "src/test/resources/testDataFiles/Schemas/Tax_Policy_schema.json"".
2023-01-22 22:14:28.527 &amp#27;[32m INFO&amp#27;[m &amp#27;[35m[@503 - main]&amp#27;[m &amp#27;[36mcom.shaft.tools.io.ReportManager&amp#27;[m : File Action "GetAbsolutePath" successfully performed. With the following test data "Relative Folder Path: "src/test/resources/testDataFiles/Schemas/Tax_Policy_schema.json"".
2023-01-22 22:14:28.528 &amp#27;[32m INFO&amp#27;[m &amp#27;[35m[@503 - main]&amp#27;[m &amp#27;[36mcom.shaft.tools.io.ReportManager&amp#27;[m : File Action "DoesFileExist" successfully performed. With the following test data "File Path: "C:\eclipse-workspace\MyProjects\TASystemsAPIs\src\test\resources\testDataFiles\Schemas\Tax_Policy_schema.json"".
2023-01-22 22:14:28.529 &amp#27;[32m INFO&amp#27;[m &amp#27;[35m[@503 - main]&amp#27;[m &amp#27;[36mcom.shaft.tools.io.ReportManager&amp#27;[m : File Action "GetAbsolutePath" successfully performed. With the following test data "Relative Folder Path: "C:\eclipse-workspace\MyProjects\TASystemsAPIs\src\test\resources\testDataFiles\Schemas\Tax_Policy_schema.json"".
2023-01-22 22:14:28.529 &amp#27;[32m INFO&amp#27;[m &amp#27;[35m[@503 - main]&amp#27;[m &amp#27;[36mcom.shaft.tools.io.ReportManager&amp#27;[m : File Action "ReadFile" successfully performed. With the following test data "File Path: "C:\eclipse-workspace\MyProjects\TASystemsAPIs\src\test\resources\testDataFiles\Schemas\Tax_Policy_schema.json"".
2023-01-22 22:14:28.530 &amp#27;[32m INFO&amp#27;[m &amp#27;[35m[@503 - main]&amp#27;[m &amp#27;[36mcom.shaft.tools.io.ReportManager&amp#27;[m : Successfully created attachment "Validation Test Data - Expected JSON Value"
2023-01-22 22:14:28.531 &amp#27;[32m INFO&amp#27;[m &amp#27;[35m[@503 - main]&amp#27;[m &amp#27;[36mcom.shaft.tools.io.ReportManager&amp#27;[m : Successfully created attachment "Validation Test Data - Actual JSON Value"
2023-01-22 22:14:28.533 &amp#27;[32m INFO&amp#27;[m &amp#27;[35m[@503 - main]&amp#27;[m &amp#27;[36mcom.shaft.tools.io.ReportManager&amp#27;[m : Successfully created attachment "SHAFT Engine Logs - Current Method log: Valid_Add_Tax_Policy_TC"
]]></system-out>
  </testcase>
  <testcase name="Valid_Add_Usage_Policy_TC[[Ljava.lang.Object;@4044b44f](1)" classname="SteeringCompanyAPI_TestCases.Test_Policies_Cases" time="2.232">
    <system-out><![CDATA[2023-01-22 22:14:28.540 &amp#27;[32m INFO&amp#27;[m &amp#27;[35m[@534 - main]&amp#27;[m &amp#27;[36mcom.shaft.tools.io.ReportManager&amp#27;[m : 
################################################################################################################################################
Starting Execution:	"333 out of 83" test cases in the current suite
Test Method:		"SteeringCompanyAPI_TestCases.Test_Policies_Cases.Valid_Add_Usage_Policy_TC"
Test Description:	"TC007 -Policy- Perform Add Valid Usage Policy"
################################################################################################################################################
2023-01-22 22:14:28.541 &amp#27;[32m INFO&amp#27;[m &amp#27;[35m[@503 - main]&amp#27;[m &amp#27;[36mcom.shaft.tools.io.ReportManager&amp#27;[m : File Action "DoesFileExist" successfully performed. With the following test data "File Path: "SteeringCompanyAPI_TestData/SteeringCompanyAPI_TestData.xlsx"".
2023-01-22 22:14:28.567 &amp#27;[32m INFO&amp#27;[m &amp#27;[35m[@503 - main]&amp#27;[m &amp#27;[36mcom.shaft.tools.io.ReportManager&amp#27;[m : Successfully created attachment "Test Data - Excel"
2023-01-22 22:14:29.687 &amp#27;[32m INFO&amp#27;[m &amp#27;[35m[@503 - main]&amp#27;[m &amp#27;[36mcom.shaft.tools.io.ReportManager&amp#27;[m : Response status code: "200", status line: "HTTP/1.1 200 OK"
2023-01-22 22:14:29.701 &amp#27;[32m INFO&amp#27;[m &amp#27;[35m[@503 - main]&amp#27;[m &amp#27;[36mcom.shaft.tools.io.ReportManager&amp#27;[m : Successfully created attachment "API Request - Specifications"
2023-01-22 22:14:29.701 &amp#27;[32m INFO&amp#27;[m &amp#27;[35m[@503 - main]&amp#27;[m &amp#27;[36mcom.shaft.tools.io.ReportManager&amp#27;[m : Successfully created attachment "API Request - Body"
2023-01-22 22:14:29.703 &amp#27;[32m INFO&amp#27;[m &amp#27;[35m[@503 - main]&amp#27;[m &amp#27;[36mcom.shaft.tools.io.ReportManager&amp#27;[m : Successfully created attachment "API Response - JSON Body"
2023-01-22 22:14:29.712 &amp#27;[32m INFO&amp#27;[m &amp#27;[35m[@503 - main]&amp#27;[m &amp#27;[36mcom.shaft.tools.io.ReportManager&amp#27;[m : File Action "DoesFileExist" successfully performed. With the following test data "File Path: "SteeringCompanyAPI_TestData/SteeringCompanyAPI_TestData.xlsx"".
2023-01-22 22:14:29.755 &amp#27;[32m INFO&amp#27;[m &amp#27;[35m[@503 - main]&amp#27;[m &amp#27;[36mcom.shaft.tools.io.ReportManager&amp#27;[m : Successfully created attachment "Test Data - Excel"
2023-01-22 22:14:29.755 &amp#27;[32m INFO&amp#27;[m &amp#27;[35m[@503 - main]&amp#27;[m &amp#27;[36mcom.shaft.tools.io.ReportManager&amp#27;[m : File Action "DoesFileExist" successfully performed. With the following test data "File Path: "SteeringCompanyAPI_TestData/SteeringCompanyAPI_TestData.xlsx"".
2023-01-22 22:14:29.786 &amp#27;[32m INFO&amp#27;[m &amp#27;[35m[@503 - main]&amp#27;[m &amp#27;[36mcom.shaft.tools.io.ReportManager&amp#27;[m : Successfully created attachment "Test Data - Excel"
2023-01-22 22:14:29.786 &amp#27;[32m INFO&amp#27;[m &amp#27;[35m[@503 - main]&amp#27;[m &amp#27;[36mcom.shaft.tools.io.ReportManager&amp#27;[m : File Action "DoesFileExist" successfully performed. With the following test data "File Path: "SteeringCompanyAPI_TestData/SteeringCompanyAPI_TestData.xlsx"".
2023-01-22 22:14:29.818 &amp#27;[32m INFO&amp#27;[m &amp#27;[35m[@503 - main]&amp#27;[m &amp#27;[36mcom.shaft.tools.io.ReportManager&amp#27;[m : Successfully created attachment "Test Data - Excel"
2023-01-22 22:14:30.612 &amp#27;[32m INFO&amp#27;[m &amp#27;[35m[@503 - main]&amp#27;[m &amp#27;[36mcom.shaft.tools.io.ReportManager&amp#27;[m : Response status code: "201", status line: "HTTP/1.1 201 "
2023-01-22 22:14:30.622 &amp#27;[32m INFO&amp#27;[m &amp#27;[35m[@503 - main]&amp#27;[m &amp#27;[36mcom.shaft.tools.io.ReportManager&amp#27;[m : Successfully created attachment "API Request - Specifications"
2023-01-22 22:14:30.623 &amp#27;[32m INFO&amp#27;[m &amp#27;[35m[@503 - main]&amp#27;[m &amp#27;[36mcom.shaft.tools.io.ReportManager&amp#27;[m : Successfully created attachment "API Request - JSON Body"
2023-01-22 22:14:30.624 &amp#27;[32m INFO&amp#27;[m &amp#27;[35m[@503 - main]&amp#27;[m &amp#27;[36mcom.shaft.tools.io.ReportManager&amp#27;[m : Successfully created attachment "API Response - JSON Body"
2023-01-22 22:14:30.624 &amp#27;[32m INFO&amp#27;[m &amp#27;[35m[@503 - main]&amp#27;[m &amp#27;[36mcom.shaft.tools.io.ReportManager&amp#27;[m : File Action "DoesFileExist" successfully performed. With the following test data "File Path: "src/test/resources/testDataFiles/SteeringCompanyAPI_TestData/SteeringCompanyAPI_TestData.xlsx"".
2023-01-22 22:14:30.694 &amp#27;[32m INFO&amp#27;[m &amp#27;[35m[@503 - main]&amp#27;[m &amp#27;[36mcom.shaft.tools.io.ReportManager&amp#27;[m : File Action "DoesFileExist" successfully performed. With the following test data "File Path: "SteeringCompanyAPI_TestData/SteeringCompanyAPI_TestData.xlsx"".
2023-01-22 22:14:30.720 &amp#27;[32m INFO&amp#27;[m &amp#27;[35m[@503 - main]&amp#27;[m &amp#27;[36mcom.shaft.tools.io.ReportManager&amp#27;[m : Successfully created attachment "Test Data - Excel"
2023-01-22 22:14:30.720 &amp#27;[32m INFO&amp#27;[m &amp#27;[35m[@503 - main]&amp#27;[m &amp#27;[36mcom.shaft.tools.io.ReportManager&amp#27;[m : File Action "DoesFileExist" successfully performed. With the following test data "File Path: "SteeringCompanyAPI_TestData/SteeringCompanyAPI_TestData.xlsx"".
2023-01-22 22:14:30.747 &amp#27;[32m INFO&amp#27;[m &amp#27;[35m[@503 - main]&amp#27;[m &amp#27;[36mcom.shaft.tools.io.ReportManager&amp#27;[m : Successfully created attachment "Test Data - Excel"
2023-01-22 22:14:30.749 &amp#27;[32m INFO&amp#27;[m &amp#27;[35m[@503 - main]&amp#27;[m &amp#27;[36mcom.shaft.tools.io.ReportManager&amp#27;[m : File Action "DoesFileExist" successfully performed. With the following test data "File Path: "Schemas/Usage_Policy_schema.json"".
2023-01-22 22:14:30.749 &amp#27;[32m INFO&amp#27;[m &amp#27;[35m[@503 - main]&amp#27;[m &amp#27;[36mcom.shaft.tools.io.ReportManager&amp#27;[m : File Action "DoesFileExist" successfully performed. With the following test data "File Path: "src/test/resources/testDataFiles/Schemas/Usage_Policy_schema.json"".
2023-01-22 22:14:30.749 &amp#27;[32m INFO&amp#27;[m &amp#27;[35m[@503 - main]&amp#27;[m &amp#27;[36mcom.shaft.tools.io.ReportManager&amp#27;[m : File Action "GetAbsolutePath" successfully performed. With the following test data "Relative Folder Path: "src/test/resources/testDataFiles/Schemas/Usage_Policy_schema.json"".
2023-01-22 22:14:30.751 &amp#27;[32m INFO&amp#27;[m &amp#27;[35m[@503 - main]&amp#27;[m &amp#27;[36mcom.shaft.tools.io.ReportManager&amp#27;[m : File Action "DoesFileExist" successfully performed. With the following test data "File Path: "C:\eclipse-workspace\MyProjects\TASystemsAPIs\src\test\resources\testDataFiles\Schemas\Usage_Policy_schema.json"".
2023-01-22 22:14:30.751 &amp#27;[32m INFO&amp#27;[m &amp#27;[35m[@503 - main]&amp#27;[m &amp#27;[36mcom.shaft.tools.io.ReportManager&amp#27;[m : File Action "GetAbsolutePath" successfully performed. With the following test data "Relative Folder Path: "C:\eclipse-workspace\MyProjects\TASystemsAPIs\src\test\resources\testDataFiles\Schemas\Usage_Policy_schema.json"".
2023-01-22 22:14:30.751 &amp#27;[32m INFO&amp#27;[m &amp#27;[35m[@503 - main]&amp#27;[m &amp#27;[36mcom.shaft.tools.io.ReportManager&amp#27;[m : File Action "ReadFile" successfully performed. With the following test data "File Path: "C:\eclipse-workspace\MyProjects\TASystemsAPIs\src\test\resources\testDataFiles\Schemas\Usage_Policy_schema.json"".
2023-01-22 22:14:30.752 &amp#27;[32m INFO&amp#27;[m &amp#27;[35m[@503 - main]&amp#27;[m &amp#27;[36mcom.shaft.tools.io.ReportManager&amp#27;[m : Successfully created attachment "Validation Test Data - Expected JSON Value"
2023-01-22 22:14:30.754 &amp#27;[32m INFO&amp#27;[m &amp#27;[35m[@503 - main]&amp#27;[m &amp#27;[36mcom.shaft.tools.io.ReportManager&amp#27;[m : Successfully created attachment "Validation Test Data - Actual JSON Value"
2023-01-22 22:14:30.755 &amp#27;[32m INFO&amp#27;[m &amp#27;[35m[@503 - main]&amp#27;[m &amp#27;[36mcom.shaft.tools.io.ReportManager&amp#27;[m : Successfully created attachment "SHAFT Engine Logs - Current Method log: Valid_Add_Usage_Policy_TC"
]]></system-out>
  </testcase>
  <testcase name="Valid_Add_Usage_Policy_TC[[Ljava.lang.Object;@5ce3cc9b](2)" classname="SteeringCompanyAPI_TestCases.Test_Policies_Cases" time="2.2">
    <system-out><![CDATA[2023-01-22 22:14:30.759 &amp#27;[32m INFO&amp#27;[m &amp#27;[35m[@534 - main]&amp#27;[m &amp#27;[36mcom.shaft.tools.io.ReportManager&amp#27;[m : 
################################################################################################################################################
Starting Execution:	"334 out of 83" test cases in the current suite
Test Method:		"SteeringCompanyAPI_TestCases.Test_Policies_Cases.Valid_Add_Usage_Policy_TC"
Test Description:	"TC007 -Policy- Perform Add Valid Usage Policy"
################################################################################################################################################
2023-01-22 22:14:30.760 &amp#27;[32m INFO&amp#27;[m &amp#27;[35m[@503 - main]&amp#27;[m &amp#27;[36mcom.shaft.tools.io.ReportManager&amp#27;[m : File Action "DoesFileExist" successfully performed. With the following test data "File Path: "SteeringCompanyAPI_TestData/SteeringCompanyAPI_TestData.xlsx"".
2023-01-22 22:14:30.803 &amp#27;[32m INFO&amp#27;[m &amp#27;[35m[@503 - main]&amp#27;[m &amp#27;[36mcom.shaft.tools.io.ReportManager&amp#27;[m : Successfully created attachment "Test Data - Excel"
2023-01-22 22:14:31.820 &amp#27;[32m INFO&amp#27;[m &amp#27;[35m[@503 - main]&amp#27;[m &amp#27;[36mcom.shaft.tools.io.ReportManager&amp#27;[m : Response status code: "200", status line: "HTTP/1.1 200 OK"
2023-01-22 22:14:31.833 &amp#27;[32m INFO&amp#27;[m &amp#27;[35m[@503 - main]&amp#27;[m &amp#27;[36mcom.shaft.tools.io.ReportManager&amp#27;[m : Successfully created attachment "API Request - Specifications"
2023-01-22 22:14:31.834 &amp#27;[32m INFO&amp#27;[m &amp#27;[35m[@503 - main]&amp#27;[m &amp#27;[36mcom.shaft.tools.io.ReportManager&amp#27;[m : Successfully created attachment "API Request - Body"
2023-01-22 22:14:31.835 &amp#27;[32m INFO&amp#27;[m &amp#27;[35m[@503 - main]&amp#27;[m &amp#27;[36mcom.shaft.tools.io.ReportManager&amp#27;[m : Successfully created attachment "API Response - JSON Body"
2023-01-22 22:14:31.842 &amp#27;[32m INFO&amp#27;[m &amp#27;[35m[@503 - main]&amp#27;[m &amp#27;[36mcom.shaft.tools.io.ReportManager&amp#27;[m : File Action "DoesFileExist" successfully performed. With the following test data "File Path: "SteeringCompanyAPI_TestData/SteeringCompanyAPI_TestData.xlsx"".
2023-01-22 22:14:31.881 &amp#27;[32m INFO&amp#27;[m &amp#27;[35m[@503 - main]&amp#27;[m &amp#27;[36mcom.shaft.tools.io.ReportManager&amp#27;[m : Successfully created attachment "Test Data - Excel"
2023-01-22 22:14:31.881 &amp#27;[32m INFO&amp#27;[m &amp#27;[35m[@503 - main]&amp#27;[m &amp#27;[36mcom.shaft.tools.io.ReportManager&amp#27;[m : File Action "DoesFileExist" successfully performed. With the following test data "File Path: "SteeringCompanyAPI_TestData/SteeringCompanyAPI_TestData.xlsx"".
2023-01-22 22:14:31.907 &amp#27;[32m INFO&amp#27;[m &amp#27;[35m[@503 - main]&amp#27;[m &amp#27;[36mcom.shaft.tools.io.ReportManager&amp#27;[m : Successfully created attachment "Test Data - Excel"
2023-01-22 22:14:31.908 &amp#27;[32m INFO&amp#27;[m &amp#27;[35m[@503 - main]&amp#27;[m &amp#27;[36mcom.shaft.tools.io.ReportManager&amp#27;[m : File Action "DoesFileExist" successfully performed. With the following test data "File Path: "SteeringCompanyAPI_TestData/SteeringCompanyAPI_TestData.xlsx"".
2023-01-22 22:14:31.943 &amp#27;[32m INFO&amp#27;[m &amp#27;[35m[@503 - main]&amp#27;[m &amp#27;[36mcom.shaft.tools.io.ReportManager&amp#27;[m : Successfully created attachment "Test Data - Excel"
2023-01-22 22:14:32.771 &amp#27;[32m INFO&amp#27;[m &amp#27;[35m[@503 - main]&amp#27;[m &amp#27;[36mcom.shaft.tools.io.ReportManager&amp#27;[m : Response status code: "201", status line: "HTTP/1.1 201 "
2023-01-22 22:14:32.791 &amp#27;[32m INFO&amp#27;[m &amp#27;[35m[@503 - main]&amp#27;[m &amp#27;[36mcom.shaft.tools.io.ReportManager&amp#27;[m : Successfully created attachment "API Request - Specifications"
2023-01-22 22:14:32.792 &amp#27;[32m INFO&amp#27;[m &amp#27;[35m[@503 - main]&amp#27;[m &amp#27;[36mcom.shaft.tools.io.ReportManager&amp#27;[m : Successfully created attachment "API Request - JSON Body"
2023-01-22 22:14:32.793 &amp#27;[32m INFO&amp#27;[m &amp#27;[35m[@503 - main]&amp#27;[m &amp#27;[36mcom.shaft.tools.io.ReportManager&amp#27;[m : Successfully created attachment "API Response - JSON Body"
2023-01-22 22:14:32.793 &amp#27;[32m INFO&amp#27;[m &amp#27;[35m[@503 - main]&amp#27;[m &amp#27;[36mcom.shaft.tools.io.ReportManager&amp#27;[m : File Action "DoesFileExist" successfully performed. With the following test data "File Path: "src/test/resources/testDataFiles/SteeringCompanyAPI_TestData/SteeringCompanyAPI_TestData.xlsx"".
2023-01-22 22:14:32.872 &amp#27;[32m INFO&amp#27;[m &amp#27;[35m[@503 - main]&amp#27;[m &amp#27;[36mcom.shaft.tools.io.ReportManager&amp#27;[m : File Action "DoesFileExist" successfully performed. With the following test data "File Path: "SteeringCompanyAPI_TestData/SteeringCompanyAPI_TestData.xlsx"".
2023-01-22 22:14:32.936 &amp#27;[32m INFO&amp#27;[m &amp#27;[35m[@503 - main]&amp#27;[m &amp#27;[36mcom.shaft.tools.io.ReportManager&amp#27;[m : Successfully created attachment "Test Data - Excel"
2023-01-22 22:14:32.936 &amp#27;[32m INFO&amp#27;[m &amp#27;[35m[@503 - main]&amp#27;[m &amp#27;[36mcom.shaft.tools.io.ReportManager&amp#27;[m : File Action "DoesFileExist" successfully performed. With the following test data "File Path: "SteeringCompanyAPI_TestData/SteeringCompanyAPI_TestData.xlsx"".
2023-01-22 22:14:32.962 &amp#27;[32m INFO&amp#27;[m &amp#27;[35m[@503 - main]&amp#27;[m &amp#27;[36mcom.shaft.tools.io.ReportManager&amp#27;[m : Successfully created attachment "Test Data - Excel"
2023-01-22 22:14:32.964 &amp#27;[32m INFO&amp#27;[m &amp#27;[35m[@503 - main]&amp#27;[m &amp#27;[36mcom.shaft.tools.io.ReportManager&amp#27;[m : File Action "DoesFileExist" successfully performed. With the following test data "File Path: "Schemas/Usage_Policy_schema.json"".
2023-01-22 22:14:32.964 &amp#27;[32m INFO&amp#27;[m &amp#27;[35m[@503 - main]&amp#27;[m &amp#27;[36mcom.shaft.tools.io.ReportManager&amp#27;[m : File Action "DoesFileExist" successfully performed. With the following test data "File Path: "src/test/resources/testDataFiles/Schemas/Usage_Policy_schema.json"".
2023-01-22 22:14:32.964 &amp#27;[32m INFO&amp#27;[m &amp#27;[35m[@503 - main]&amp#27;[m &amp#27;[36mcom.shaft.tools.io.ReportManager&amp#27;[m : File Action "GetAbsolutePath" successfully performed. With the following test data "Relative Folder Path: "src/test/resources/testDataFiles/Schemas/Usage_Policy_schema.json"".
2023-01-22 22:14:32.966 &amp#27;[32m INFO&amp#27;[m &amp#27;[35m[@503 - main]&amp#27;[m &amp#27;[36mcom.shaft.tools.io.ReportManager&amp#27;[m : File Action "DoesFileExist" successfully performed. With the following test data "File Path: "C:\eclipse-workspace\MyProjects\TASystemsAPIs\src\test\resources\testDataFiles\Schemas\Usage_Policy_schema.json"".
2023-01-22 22:14:32.966 &amp#27;[32m INFO&amp#27;[m &amp#27;[35m[@503 - main]&amp#27;[m &amp#27;[36mcom.shaft.tools.io.ReportManager&amp#27;[m : File Action "GetAbsolutePath" successfully performed. With the following test data "Relative Folder Path: "C:\eclipse-workspace\MyProjects\TASystemsAPIs\src\test\resources\testDataFiles\Schemas\Usage_Policy_schema.json"".
2023-01-22 22:14:32.966 &amp#27;[32m INFO&amp#27;[m &amp#27;[35m[@503 - main]&amp#27;[m &amp#27;[36mcom.shaft.tools.io.ReportManager&amp#27;[m : File Action "ReadFile" successfully performed. With the following test data "File Path: "C:\eclipse-workspace\MyProjects\TASystemsAPIs\src\test\resources\testDataFiles\Schemas\Usage_Policy_schema.json"".
2023-01-22 22:14:32.967 &amp#27;[32m INFO&amp#27;[m &amp#27;[35m[@503 - main]&amp#27;[m &amp#27;[36mcom.shaft.tools.io.ReportManager&amp#27;[m : Successfully created attachment "Validation Test Data - Expected JSON Value"
2023-01-22 22:14:32.968 &amp#27;[32m INFO&amp#27;[m &amp#27;[35m[@503 - main]&amp#27;[m &amp#27;[36mcom.shaft.tools.io.ReportManager&amp#27;[m : Successfully created attachment "Validation Test Data - Actual JSON Value"
2023-01-22 22:14:32.970 &amp#27;[32m INFO&amp#27;[m &amp#27;[35m[@503 - main]&amp#27;[m &amp#27;[36mcom.shaft.tools.io.ReportManager&amp#27;[m : Successfully created attachment "SHAFT Engine Logs - Current Method log: Valid_Add_Usage_Policy_TC"
]]></system-out>
  </testcase>
  <testcase name="Valid_GET_all_Policies_Rq_TC" classname="SteeringCompanyAPI_TestCases.Test_Policies_Cases" time="5.804">
    <system-out><![CDATA[2023-01-22 22:14:32.973 &amp#27;[32m INFO&amp#27;[m &amp#27;[35m[@534 - main]&amp#27;[m &amp#27;[36mcom.shaft.tools.io.ReportManager&amp#27;[m : 
################################################################################################################################################
Starting Execution:	"335 out of 83" test cases in the current suite
Test Method:		"SteeringCompanyAPI_TestCases.Test_Policies_Cases.Valid_GET_all_Policies_Rq_TC"
Test Description:	"TC001  -Policy- Perform Get all Policies API with valid user name and password"
################################################################################################################################################
2023-01-22 22:14:32.974 &amp#27;[32m INFO&amp#27;[m &amp#27;[35m[@503 - main]&amp#27;[m &amp#27;[36mcom.shaft.tools.io.ReportManager&amp#27;[m : File Action "DoesFileExist" successfully performed. With the following test data "File Path: "SteeringCompanyAPI_TestData/SteeringCompanyAPI_TestData.xlsx"".
2023-01-22 22:14:33.001 &amp#27;[32m INFO&amp#27;[m &amp#27;[35m[@503 - main]&amp#27;[m &amp#27;[36mcom.shaft.tools.io.ReportManager&amp#27;[m : Successfully created attachment "Test Data - Excel"
2023-01-22 22:14:34.133 &amp#27;[32m INFO&amp#27;[m &amp#27;[35m[@503 - main]&amp#27;[m &amp#27;[36mcom.shaft.tools.io.ReportManager&amp#27;[m : Response status code: "200", status line: "HTTP/1.1 200 OK"
2023-01-22 22:14:34.147 &amp#27;[32m INFO&amp#27;[m &amp#27;[35m[@503 - main]&amp#27;[m &amp#27;[36mcom.shaft.tools.io.ReportManager&amp#27;[m : Successfully created attachment "API Request - Specifications"
2023-01-22 22:14:34.148 &amp#27;[32m INFO&amp#27;[m &amp#27;[35m[@503 - main]&amp#27;[m &amp#27;[36mcom.shaft.tools.io.ReportManager&amp#27;[m : Successfully created attachment "API Request - Body"
2023-01-22 22:14:34.150 &amp#27;[32m INFO&amp#27;[m &amp#27;[35m[@503 - main]&amp#27;[m &amp#27;[36mcom.shaft.tools.io.ReportManager&amp#27;[m : Successfully created attachment "API Response - JSON Body"
2023-01-22 22:14:34.162 &amp#27;[32m INFO&amp#27;[m &amp#27;[35m[@503 - main]&amp#27;[m &amp#27;[36mcom.shaft.tools.io.ReportManager&amp#27;[m : File Action "DoesFileExist" successfully performed. With the following test data "File Path: "SteeringCompanyAPI_TestData/SteeringCompanyAPI_TestData.xlsx"".
2023-01-22 22:14:34.197 &amp#27;[32m INFO&amp#27;[m &amp#27;[35m[@503 - main]&amp#27;[m &amp#27;[36mcom.shaft.tools.io.ReportManager&amp#27;[m : Successfully created attachment "Test Data - Excel"
2023-01-22 22:14:34.197 &amp#27;[32m INFO&amp#27;[m &amp#27;[35m[@503 - main]&amp#27;[m &amp#27;[36mcom.shaft.tools.io.ReportManager&amp#27;[m : File Action "DoesFileExist" successfully performed. With the following test data "File Path: "SteeringCompanyAPI_TestData/SteeringCompanyAPI_TestData.xlsx"".
2023-01-22 22:14:34.221 &amp#27;[32m INFO&amp#27;[m &amp#27;[35m[@503 - main]&amp#27;[m &amp#27;[36mcom.shaft.tools.io.ReportManager&amp#27;[m : Successfully created attachment "Test Data - Excel"
2023-01-22 22:14:34.221 &amp#27;[32m INFO&amp#27;[m &amp#27;[35m[@503 - main]&amp#27;[m &amp#27;[36mcom.shaft.tools.io.ReportManager&amp#27;[m : File Action "DoesFileExist" successfully performed. With the following test data "File Path: "SteeringCompanyAPI_TestData/SteeringCompanyAPI_TestData.xlsx"".
2023-01-22 22:14:34.244 &amp#27;[32m INFO&amp#27;[m &amp#27;[35m[@503 - main]&amp#27;[m &amp#27;[36mcom.shaft.tools.io.ReportManager&amp#27;[m : Successfully created attachment "Test Data - Excel"
2023-01-22 22:14:35.176 &amp#27;[32m INFO&amp#27;[m &amp#27;[35m[@503 - main]&amp#27;[m &amp#27;[36mcom.shaft.tools.io.ReportManager&amp#27;[m : Response status code: "200", status line: "HTTP/1.1 200 "
2023-01-22 22:14:38.632 &amp#27;[32m INFO&amp#27;[m &amp#27;[35m[@503 - main]&amp#27;[m &amp#27;[36mcom.shaft.tools.io.ReportManager&amp#27;[m : Successfully created attachment "API Request - Specifications"
2023-01-22 22:14:38.672 &amp#27;[32m INFO&amp#27;[m &amp#27;[35m[@503 - main]&amp#27;[m &amp#27;[36mcom.shaft.tools.io.ReportManager&amp#27;[m : Successfully created attachment "API Response - JSON Body"
2023-01-22 22:14:38.676 &amp#27;[32m INFO&amp#27;[m &amp#27;[35m[@503 - main]&amp#27;[m &amp#27;[36mcom.shaft.tools.io.ReportManager&amp#27;[m : Successfully created attachment "Validation Test Data - Expected Value"
2023-01-22 22:14:38.678 &amp#27;[32m INFO&amp#27;[m &amp#27;[35m[@503 - main]&amp#27;[m &amp#27;[36mcom.shaft.tools.io.ReportManager&amp#27;[m : Successfully created attachment "Validation Test Data - Actual Value"
2023-01-22 22:14:38.722 &amp#27;[32m INFO&amp#27;[m &amp#27;[35m[@503 - main]&amp#27;[m &amp#27;[36mcom.shaft.tools.io.ReportManager&amp#27;[m : Get response jsonvalue "cancellationPolicies".
2023-01-22 22:14:38.725 &amp#27;[32m INFO&amp#27;[m &amp#27;[35m[@503 - main]&amp#27;[m &amp#27;[36mcom.shaft.tools.io.ReportManager&amp#27;[m : Successfully created attachment "Validation Test Data - Expected Value"
2023-01-22 22:14:38.727 &amp#27;[32m INFO&amp#27;[m &amp#27;[35m[@503 - main]&amp#27;[m &amp#27;[36mcom.shaft.tools.io.ReportManager&amp#27;[m : Successfully created attachment "Validation Test Data - Actual Value"
2023-01-22 22:14:38.727 &amp#27;[32m INFO&amp#27;[m &amp#27;[35m[@503 - main]&amp#27;[m &amp#27;[36mcom.shaft.tools.io.ReportManager&amp#27;[m : File Action "DoesFileExist" successfully performed. With the following test data "File Path: "Schemas/GetAllPolicies_schema.json"".
2023-01-22 22:14:38.727 &amp#27;[32m INFO&amp#27;[m &amp#27;[35m[@503 - main]&amp#27;[m &amp#27;[36mcom.shaft.tools.io.ReportManager&amp#27;[m : File Action "DoesFileExist" successfully performed. With the following test data "File Path: "src/test/resources/testDataFiles/Schemas/GetAllPolicies_schema.json"".
2023-01-22 22:14:38.728 &amp#27;[32m INFO&amp#27;[m &amp#27;[35m[@503 - main]&amp#27;[m &amp#27;[36mcom.shaft.tools.io.ReportManager&amp#27;[m : File Action "GetAbsolutePath" successfully performed. With the following test data "Relative Folder Path: "src/test/resources/testDataFiles/Schemas/GetAllPolicies_schema.json"".
2023-01-22 22:14:38.754 &amp#27;[32m INFO&amp#27;[m &amp#27;[35m[@503 - main]&amp#27;[m &amp#27;[36mcom.shaft.tools.io.ReportManager&amp#27;[m : File Action "DoesFileExist" successfully performed. With the following test data "File Path: "C:\eclipse-workspace\MyProjects\TASystemsAPIs\src\test\resources\testDataFiles\Schemas\GetAllPolicies_schema.json"".
2023-01-22 22:14:38.754 &amp#27;[32m INFO&amp#27;[m &amp#27;[35m[@503 - main]&amp#27;[m &amp#27;[36mcom.shaft.tools.io.ReportManager&amp#27;[m : File Action "GetAbsolutePath" successfully performed. With the following test data "Relative Folder Path: "C:\eclipse-workspace\MyProjects\TASystemsAPIs\src\test\resources\testDataFiles\Schemas\GetAllPolicies_schema.json"".
2023-01-22 22:14:38.754 &amp#27;[32m INFO&amp#27;[m &amp#27;[35m[@503 - main]&amp#27;[m &amp#27;[36mcom.shaft.tools.io.ReportManager&amp#27;[m : File Action "ReadFile" successfully performed. With the following test data "File Path: "C:\eclipse-workspace\MyProjects\TASystemsAPIs\src\test\resources\testDataFiles\Schemas\GetAllPolicies_schema.json"".
2023-01-22 22:14:38.765 &amp#27;[32m INFO&amp#27;[m &amp#27;[35m[@503 - main]&amp#27;[m &amp#27;[36mcom.shaft.tools.io.ReportManager&amp#27;[m : Successfully created attachment "Validation Test Data - Expected JSON Value"
2023-01-22 22:14:38.767 &amp#27;[32m INFO&amp#27;[m &amp#27;[35m[@503 - main]&amp#27;[m &amp#27;[36mcom.shaft.tools.io.ReportManager&amp#27;[m : Successfully created attachment "Validation Test Data - Actual JSON Value"
2023-01-22 22:14:38.769 &amp#27;[32m INFO&amp#27;[m &amp#27;[35m[@503 - main]&amp#27;[m &amp#27;[36mcom.shaft.tools.io.ReportManager&amp#27;[m : Successfully created attachment "SHAFT Engine Logs - Current Method log: Valid_GET_all_Policies_Rq_TC"
]]></system-out>
  </testcase>
  <testcase name="Valid_GET_all_Policies_by_Qry_Rq_TC" classname="SteeringCompanyAPI_TestCases.Test_Policies_Cases" time="3.984">
    <system-out><![CDATA[2023-01-22 22:14:38.778 &amp#27;[32m INFO&amp#27;[m &amp#27;[35m[@534 - main]&amp#27;[m &amp#27;[36mcom.shaft.tools.io.ReportManager&amp#27;[m : 
################################################################################################################################################
Starting Execution:	"336 out of 83" test cases in the current suite
Test Method:		"SteeringCompanyAPI_TestCases.Test_Policies_Cases.Valid_GET_all_Policies_by_Qry_Rq_TC"
Test Description:	"TC002  -Policy- Perform Get all Policies API with pagination with valid user name and password"
################################################################################################################################################
2023-01-22 22:14:38.778 &amp#27;[32m INFO&amp#27;[m &amp#27;[35m[@503 - main]&amp#27;[m &amp#27;[36mcom.shaft.tools.io.ReportManager&amp#27;[m : File Action "DoesFileExist" successfully performed. With the following test data "File Path: "SteeringCompanyAPI_TestData/SteeringCompanyAPI_TestData.xlsx"".
2023-01-22 22:14:38.802 &amp#27;[32m INFO&amp#27;[m &amp#27;[35m[@503 - main]&amp#27;[m &amp#27;[36mcom.shaft.tools.io.ReportManager&amp#27;[m : Successfully created attachment "Test Data - Excel"
2023-01-22 22:14:39.729 &amp#27;[32m INFO&amp#27;[m &amp#27;[35m[@503 - main]&amp#27;[m &amp#27;[36mcom.shaft.tools.io.ReportManager&amp#27;[m : Response status code: "200", status line: "HTTP/1.1 200 OK"
2023-01-22 22:14:39.738 &amp#27;[32m INFO&amp#27;[m &amp#27;[35m[@503 - main]&amp#27;[m &amp#27;[36mcom.shaft.tools.io.ReportManager&amp#27;[m : Successfully created attachment "API Request - Specifications"
2023-01-22 22:14:39.775 &amp#27;[32m INFO&amp#27;[m &amp#27;[35m[@503 - main]&amp#27;[m &amp#27;[36mcom.shaft.tools.io.ReportManager&amp#27;[m : Successfully created attachment "API Request - Body"
2023-01-22 22:14:39.778 &amp#27;[32m INFO&amp#27;[m &amp#27;[35m[@503 - main]&amp#27;[m &amp#27;[36mcom.shaft.tools.io.ReportManager&amp#27;[m : Successfully created attachment "API Response - JSON Body"
2023-01-22 22:14:39.784 &amp#27;[32m INFO&amp#27;[m &amp#27;[35m[@503 - main]&amp#27;[m &amp#27;[36mcom.shaft.tools.io.ReportManager&amp#27;[m : File Action "DoesFileExist" successfully performed. With the following test data "File Path: "SteeringCompanyAPI_TestData/SteeringCompanyAPI_TestData.xlsx"".
2023-01-22 22:14:39.816 &amp#27;[32m INFO&amp#27;[m &amp#27;[35m[@503 - main]&amp#27;[m &amp#27;[36mcom.shaft.tools.io.ReportManager&amp#27;[m : Successfully created attachment "Test Data - Excel"
2023-01-22 22:14:39.816 &amp#27;[32m INFO&amp#27;[m &amp#27;[35m[@503 - main]&amp#27;[m &amp#27;[36mcom.shaft.tools.io.ReportManager&amp#27;[m : File Action "DoesFileExist" successfully performed. With the following test data "File Path: "SteeringCompanyAPI_TestData/SteeringCompanyAPI_TestData.xlsx"".
2023-01-22 22:14:39.842 &amp#27;[32m INFO&amp#27;[m &amp#27;[35m[@503 - main]&amp#27;[m &amp#27;[36mcom.shaft.tools.io.ReportManager&amp#27;[m : Successfully created attachment "Test Data - Excel"
2023-01-22 22:14:39.842 &amp#27;[32m INFO&amp#27;[m &amp#27;[35m[@503 - main]&amp#27;[m &amp#27;[36mcom.shaft.tools.io.ReportManager&amp#27;[m : File Action "DoesFileExist" successfully performed. With the following test data "File Path: "SteeringCompanyAPI_TestData/SteeringCompanyAPI_TestData.xlsx"".
2023-01-22 22:14:39.866 &amp#27;[32m INFO&amp#27;[m &amp#27;[35m[@503 - main]&amp#27;[m &amp#27;[36mcom.shaft.tools.io.ReportManager&amp#27;[m : Successfully created attachment "Test Data - Excel"
2023-01-22 22:14:40.623 &amp#27;[32m INFO&amp#27;[m &amp#27;[35m[@503 - main]&amp#27;[m &amp#27;[36mcom.shaft.tools.io.ReportManager&amp#27;[m : Response status code: "200", status line: "HTTP/1.1 200 "
2023-01-22 22:14:42.622 &amp#27;[32m INFO&amp#27;[m &amp#27;[35m[@503 - main]&amp#27;[m &amp#27;[36mcom.shaft.tools.io.ReportManager&amp#27;[m : Successfully created attachment "API Request - Specifications"
2023-01-22 22:14:42.626 &amp#27;[32m INFO&amp#27;[m &amp#27;[35m[@503 - main]&amp#27;[m &amp#27;[36mcom.shaft.tools.io.ReportManager&amp#27;[m : Successfully created attachment "API Response - JSON Body"
2023-01-22 22:14:42.628 &amp#27;[32m INFO&amp#27;[m &amp#27;[35m[@503 - main]&amp#27;[m &amp#27;[36mcom.shaft.tools.io.ReportManager&amp#27;[m : Successfully created attachment "Validation Test Data - Expected Value"
2023-01-22 22:14:42.630 &amp#27;[32m INFO&amp#27;[m &amp#27;[35m[@503 - main]&amp#27;[m &amp#27;[36mcom.shaft.tools.io.ReportManager&amp#27;[m : Successfully created attachment "Validation Test Data - Actual Value"
2023-01-22 22:14:42.672 &amp#27;[32m INFO&amp#27;[m &amp#27;[35m[@503 - main]&amp#27;[m &amp#27;[36mcom.shaft.tools.io.ReportManager&amp#27;[m : Get response jsonvalue "cancellationPolicies".
2023-01-22 22:14:42.676 &amp#27;[32m INFO&amp#27;[m &amp#27;[35m[@503 - main]&amp#27;[m &amp#27;[36mcom.shaft.tools.io.ReportManager&amp#27;[m : Successfully created attachment "Validation Test Data - Expected Value"
2023-01-22 22:14:42.677 &amp#27;[32m INFO&amp#27;[m &amp#27;[35m[@503 - main]&amp#27;[m &amp#27;[36mcom.shaft.tools.io.ReportManager&amp#27;[m : Successfully created attachment "Validation Test Data - Actual Value"
2023-01-22 22:14:42.677 &amp#27;[32m INFO&amp#27;[m &amp#27;[35m[@503 - main]&amp#27;[m &amp#27;[36mcom.shaft.tools.io.ReportManager&amp#27;[m : File Action "DoesFileExist" successfully performed. With the following test data "File Path: "Schemas/GetAllPolicies_schema.json"".
2023-01-22 22:14:42.677 &amp#27;[32m INFO&amp#27;[m &amp#27;[35m[@503 - main]&amp#27;[m &amp#27;[36mcom.shaft.tools.io.ReportManager&amp#27;[m : File Action "DoesFileExist" successfully performed. With the following test data "File Path: "src/test/resources/testDataFiles/Schemas/GetAllPolicies_schema.json"".
2023-01-22 22:14:42.677 &amp#27;[32m INFO&amp#27;[m &amp#27;[35m[@503 - main]&amp#27;[m &amp#27;[36mcom.shaft.tools.io.ReportManager&amp#27;[m : File Action "GetAbsolutePath" successfully performed. With the following test data "Relative Folder Path: "src/test/resources/testDataFiles/Schemas/GetAllPolicies_schema.json"".
2023-01-22 22:14:42.715 &amp#27;[32m INFO&amp#27;[m &amp#27;[35m[@503 - main]&amp#27;[m &amp#27;[36mcom.shaft.tools.io.ReportManager&amp#27;[m : File Action "DoesFileExist" successfully performed. With the following test data "File Path: "C:\eclipse-workspace\MyProjects\TASystemsAPIs\src\test\resources\testDataFiles\Schemas\GetAllPolicies_schema.json"".
2023-01-22 22:14:42.722 &amp#27;[32m INFO&amp#27;[m &amp#27;[35m[@503 - main]&amp#27;[m &amp#27;[36mcom.shaft.tools.io.ReportManager&amp#27;[m : File Action "GetAbsolutePath" successfully performed. With the following test data "Relative Folder Path: "C:\eclipse-workspace\MyProjects\TASystemsAPIs\src\test\resources\testDataFiles\Schemas\GetAllPolicies_schema.json"".
2023-01-22 22:14:42.726 &amp#27;[32m INFO&amp#27;[m &amp#27;[35m[@503 - main]&amp#27;[m &amp#27;[36mcom.shaft.tools.io.ReportManager&amp#27;[m : File Action "ReadFile" successfully performed. With the following test data "File Path: "C:\eclipse-workspace\MyProjects\TASystemsAPIs\src\test\resources\testDataFiles\Schemas\GetAllPolicies_schema.json"".
2023-01-22 22:14:42.745 &amp#27;[32m INFO&amp#27;[m &amp#27;[35m[@503 - main]&amp#27;[m &amp#27;[36mcom.shaft.tools.io.ReportManager&amp#27;[m : Successfully created attachment "Validation Test Data - Expected JSON Value"
2023-01-22 22:14:42.748 &amp#27;[32m INFO&amp#27;[m &amp#27;[35m[@503 - main]&amp#27;[m &amp#27;[36mcom.shaft.tools.io.ReportManager&amp#27;[m : Successfully created attachment "Validation Test Data - Actual JSON Value"
2023-01-22 22:14:42.750 &amp#27;[32m INFO&amp#27;[m &amp#27;[35m[@503 - main]&amp#27;[m &amp#27;[36mcom.shaft.tools.io.ReportManager&amp#27;[m : Successfully created attachment "SHAFT Engine Logs - Current Method log: Valid_GET_all_Policies_by_Qry_Rq_TC"
]]></system-out>
  </testcase>
  <testcase name="Valid_Get_Cancel_Policy_TC[[Ljava.lang.Object;@48784fc8](1)" classname="SteeringCompanyAPI_TestCases.Test_Policies_Cases" time="2.205">
    <system-out><![CDATA[2023-01-22 22:14:42.766 &amp#27;[32m INFO&amp#27;[m &amp#27;[35m[@534 - main]&amp#27;[m &amp#27;[36mcom.shaft.tools.io.ReportManager&amp#27;[m : 
################################################################################################################################################
Starting Execution:	"337 out of 83" test cases in the current suite
Test Method:		"SteeringCompanyAPI_TestCases.Test_Policies_Cases.Valid_Get_Cancel_Policy_TC"
Test Description:	"TC015 -Policy- Perform Get Valid Cancel Policy"
################################################################################################################################################
2023-01-22 22:14:42.766 &amp#27;[32m INFO&amp#27;[m &amp#27;[35m[@503 - main]&amp#27;[m &amp#27;[36mcom.shaft.tools.io.ReportManager&amp#27;[m : File Action "DoesFileExist" successfully performed. With the following test data "File Path: "SteeringCompanyAPI_TestData/SteeringCompanyAPI_TestData.xlsx"".
2023-01-22 22:14:42.793 &amp#27;[32m INFO&amp#27;[m &amp#27;[35m[@503 - main]&amp#27;[m &amp#27;[36mcom.shaft.tools.io.ReportManager&amp#27;[m : Successfully created attachment "Test Data - Excel"
2023-01-22 22:14:43.735 &amp#27;[32m INFO&amp#27;[m &amp#27;[35m[@503 - main]&amp#27;[m &amp#27;[36mcom.shaft.tools.io.ReportManager&amp#27;[m : Response status code: "200", status line: "HTTP/1.1 200 OK"
2023-01-22 22:14:43.746 &amp#27;[32m INFO&amp#27;[m &amp#27;[35m[@503 - main]&amp#27;[m &amp#27;[36mcom.shaft.tools.io.ReportManager&amp#27;[m : Successfully created attachment "API Request - Specifications"
2023-01-22 22:14:43.747 &amp#27;[32m INFO&amp#27;[m &amp#27;[35m[@503 - main]&amp#27;[m &amp#27;[36mcom.shaft.tools.io.ReportManager&amp#27;[m : Successfully created attachment "API Request - Body"
2023-01-22 22:14:43.748 &amp#27;[32m INFO&amp#27;[m &amp#27;[35m[@503 - main]&amp#27;[m &amp#27;[36mcom.shaft.tools.io.ReportManager&amp#27;[m : Successfully created attachment "API Response - JSON Body"
2023-01-22 22:14:43.755 &amp#27;[32m INFO&amp#27;[m &amp#27;[35m[@503 - main]&amp#27;[m &amp#27;[36mcom.shaft.tools.io.ReportManager&amp#27;[m : File Action "DoesFileExist" successfully performed. With the following test data "File Path: "SteeringCompanyAPI_TestData/SteeringCompanyAPI_TestData.xlsx"".
2023-01-22 22:14:43.815 &amp#27;[32m INFO&amp#27;[m &amp#27;[35m[@503 - main]&amp#27;[m &amp#27;[36mcom.shaft.tools.io.ReportManager&amp#27;[m : Successfully created attachment "Test Data - Excel"
2023-01-22 22:14:43.815 &amp#27;[32m INFO&amp#27;[m &amp#27;[35m[@503 - main]&amp#27;[m &amp#27;[36mcom.shaft.tools.io.ReportManager&amp#27;[m : File Action "DoesFileExist" successfully performed. With the following test data "File Path: "SteeringCompanyAPI_TestData/SteeringCompanyAPI_TestData.xlsx"".
2023-01-22 22:14:43.835 &amp#27;[32m INFO&amp#27;[m &amp#27;[35m[@503 - main]&amp#27;[m &amp#27;[36mcom.shaft.tools.io.ReportManager&amp#27;[m : Successfully created attachment "Test Data - Excel"
2023-01-22 22:14:43.835 &amp#27;[32m INFO&amp#27;[m &amp#27;[35m[@503 - main]&amp#27;[m &amp#27;[36mcom.shaft.tools.io.ReportManager&amp#27;[m : File Action "DoesFileExist" successfully performed. With the following test data "File Path: "SteeringCompanyAPI_TestData/SteeringCompanyAPI_TestData.xlsx"".
2023-01-22 22:14:43.860 &amp#27;[32m INFO&amp#27;[m &amp#27;[35m[@503 - main]&amp#27;[m &amp#27;[36mcom.shaft.tools.io.ReportManager&amp#27;[m : Successfully created attachment "Test Data - Excel"
2023-01-22 22:14:44.818 &amp#27;[32m INFO&amp#27;[m &amp#27;[35m[@503 - main]&amp#27;[m &amp#27;[36mcom.shaft.tools.io.ReportManager&amp#27;[m : Response status code: "200", status line: "HTTP/1.1 200 "
2023-01-22 22:14:44.829 &amp#27;[32m INFO&amp#27;[m &amp#27;[35m[@503 - main]&amp#27;[m &amp#27;[36mcom.shaft.tools.io.ReportManager&amp#27;[m : Successfully created attachment "API Request - Specifications"
2023-01-22 22:14:44.869 &amp#27;[32m INFO&amp#27;[m &amp#27;[35m[@503 - main]&amp#27;[m &amp#27;[36mcom.shaft.tools.io.ReportManager&amp#27;[m : Successfully created attachment "API Response - JSON Body"
2023-01-22 22:14:44.869 &amp#27;[32m INFO&amp#27;[m &amp#27;[35m[@503 - main]&amp#27;[m &amp#27;[36mcom.shaft.tools.io.ReportManager&amp#27;[m : File Action "DoesFileExist" successfully performed. With the following test data "File Path: "src/test/resources/testDataFiles/SteeringCompanyAPI_TestData/SteeringCompanyAPI_TestData.xlsx"".
2023-01-22 22:14:44.915 &amp#27;[32m INFO&amp#27;[m &amp#27;[35m[@503 - main]&amp#27;[m &amp#27;[36mcom.shaft.tools.io.ReportManager&amp#27;[m : File Action "DoesFileExist" successfully performed. With the following test data "File Path: "SteeringCompanyAPI_TestData/SteeringCompanyAPI_TestData.xlsx"".
2023-01-22 22:14:44.937 &amp#27;[32m INFO&amp#27;[m &amp#27;[35m[@503 - main]&amp#27;[m &amp#27;[36mcom.shaft.tools.io.ReportManager&amp#27;[m : Successfully created attachment "Test Data - Excel"
2023-01-22 22:14:44.938 &amp#27;[32m INFO&amp#27;[m &amp#27;[35m[@503 - main]&amp#27;[m &amp#27;[36mcom.shaft.tools.io.ReportManager&amp#27;[m : File Action "DoesFileExist" successfully performed. With the following test data "File Path: "SteeringCompanyAPI_TestData/SteeringCompanyAPI_TestData.xlsx"".
2023-01-22 22:14:44.960 &amp#27;[32m INFO&amp#27;[m &amp#27;[35m[@503 - main]&amp#27;[m &amp#27;[36mcom.shaft.tools.io.ReportManager&amp#27;[m : Successfully created attachment "Test Data - Excel"
2023-01-22 22:14:44.962 &amp#27;[32m INFO&amp#27;[m &amp#27;[35m[@503 - main]&amp#27;[m &amp#27;[36mcom.shaft.tools.io.ReportManager&amp#27;[m : File Action "DoesFileExist" successfully performed. With the following test data "File Path: "Schemas/Cancel_Policy_schema.json"".
2023-01-22 22:14:44.963 &amp#27;[32m INFO&amp#27;[m &amp#27;[35m[@503 - main]&amp#27;[m &amp#27;[36mcom.shaft.tools.io.ReportManager&amp#27;[m : File Action "DoesFileExist" successfully performed. With the following test data "File Path: "src/test/resources/testDataFiles/Schemas/Cancel_Policy_schema.json"".
2023-01-22 22:14:44.963 &amp#27;[32m INFO&amp#27;[m &amp#27;[35m[@503 - main]&amp#27;[m &amp#27;[36mcom.shaft.tools.io.ReportManager&amp#27;[m : File Action "GetAbsolutePath" successfully performed. With the following test data "Relative Folder Path: "src/test/resources/testDataFiles/Schemas/Cancel_Policy_schema.json"".
2023-01-22 22:14:44.964 &amp#27;[32m INFO&amp#27;[m &amp#27;[35m[@503 - main]&amp#27;[m &amp#27;[36mcom.shaft.tools.io.ReportManager&amp#27;[m : File Action "DoesFileExist" successfully performed. With the following test data "File Path: "C:\eclipse-workspace\MyProjects\TASystemsAPIs\src\test\resources\testDataFiles\Schemas\Cancel_Policy_schema.json"".
2023-01-22 22:14:44.964 &amp#27;[32m INFO&amp#27;[m &amp#27;[35m[@503 - main]&amp#27;[m &amp#27;[36mcom.shaft.tools.io.ReportManager&amp#27;[m : File Action "GetAbsolutePath" successfully performed. With the following test data "Relative Folder Path: "C:\eclipse-workspace\MyProjects\TASystemsAPIs\src\test\resources\testDataFiles\Schemas\Cancel_Policy_schema.json"".
2023-01-22 22:14:44.965 &amp#27;[32m INFO&amp#27;[m &amp#27;[35m[@503 - main]&amp#27;[m &amp#27;[36mcom.shaft.tools.io.ReportManager&amp#27;[m : File Action "ReadFile" successfully performed. With the following test data "File Path: "C:\eclipse-workspace\MyProjects\TASystemsAPIs\src\test\resources\testDataFiles\Schemas\Cancel_Policy_schema.json"".
2023-01-22 22:14:44.966 &amp#27;[32m INFO&amp#27;[m &amp#27;[35m[@503 - main]&amp#27;[m &amp#27;[36mcom.shaft.tools.io.ReportManager&amp#27;[m : Successfully created attachment "Validation Test Data - Expected JSON Value"
2023-01-22 22:14:44.967 &amp#27;[32m INFO&amp#27;[m &amp#27;[35m[@503 - main]&amp#27;[m &amp#27;[36mcom.shaft.tools.io.ReportManager&amp#27;[m : Successfully created attachment "Validation Test Data - Actual JSON Value"
2023-01-22 22:14:44.967 &amp#27;[32m INFO&amp#27;[m &amp#27;[35m[@503 - main]&amp#27;[m &amp#27;[36mcom.shaft.tools.io.ReportManager&amp#27;[m : Successfully created attachment "SHAFT Engine Logs - Current Method log: Valid_Get_Cancel_Policy_TC"
]]></system-out>
  </testcase>
  <testcase name="Valid_Get_Cancel_Policy_TC[[Ljava.lang.Object;@74169fff](2)" classname="SteeringCompanyAPI_TestCases.Test_Policies_Cases" time="2.044">
    <system-out><![CDATA[2023-01-22 22:14:44.971 &amp#27;[32m INFO&amp#27;[m &amp#27;[35m[@534 - main]&amp#27;[m &amp#27;[36mcom.shaft.tools.io.ReportManager&amp#27;[m : 
################################################################################################################################################
Starting Execution:	"338 out of 83" test cases in the current suite
Test Method:		"SteeringCompanyAPI_TestCases.Test_Policies_Cases.Valid_Get_Cancel_Policy_TC"
Test Description:	"TC015 -Policy- Perform Get Valid Cancel Policy"
################################################################################################################################################
2023-01-22 22:14:44.971 &amp#27;[32m INFO&amp#27;[m &amp#27;[35m[@503 - main]&amp#27;[m &amp#27;[36mcom.shaft.tools.io.ReportManager&amp#27;[m : File Action "DoesFileExist" successfully performed. With the following test data "File Path: "SteeringCompanyAPI_TestData/SteeringCompanyAPI_TestData.xlsx"".
2023-01-22 22:14:44.993 &amp#27;[32m INFO&amp#27;[m &amp#27;[35m[@503 - main]&amp#27;[m &amp#27;[36mcom.shaft.tools.io.ReportManager&amp#27;[m : Successfully created attachment "Test Data - Excel"
2023-01-22 22:14:45.891 &amp#27;[32m INFO&amp#27;[m &amp#27;[35m[@503 - main]&amp#27;[m &amp#27;[36mcom.shaft.tools.io.ReportManager&amp#27;[m : Response status code: "200", status line: "HTTP/1.1 200 OK"
2023-01-22 22:14:45.941 &amp#27;[32m INFO&amp#27;[m &amp#27;[35m[@503 - main]&amp#27;[m &amp#27;[36mcom.shaft.tools.io.ReportManager&amp#27;[m : Successfully created attachment "API Request - Specifications"
2023-01-22 22:14:45.942 &amp#27;[32m INFO&amp#27;[m &amp#27;[35m[@503 - main]&amp#27;[m &amp#27;[36mcom.shaft.tools.io.ReportManager&amp#27;[m : Successfully created attachment "API Request - Body"
2023-01-22 22:14:45.944 &amp#27;[32m INFO&amp#27;[m &amp#27;[35m[@503 - main]&amp#27;[m &amp#27;[36mcom.shaft.tools.io.ReportManager&amp#27;[m : Successfully created attachment "API Response - JSON Body"
2023-01-22 22:14:45.950 &amp#27;[32m INFO&amp#27;[m &amp#27;[35m[@503 - main]&amp#27;[m &amp#27;[36mcom.shaft.tools.io.ReportManager&amp#27;[m : File Action "DoesFileExist" successfully performed. With the following test data "File Path: "SteeringCompanyAPI_TestData/SteeringCompanyAPI_TestData.xlsx"".
2023-01-22 22:14:45.983 &amp#27;[32m INFO&amp#27;[m &amp#27;[35m[@503 - main]&amp#27;[m &amp#27;[36mcom.shaft.tools.io.ReportManager&amp#27;[m : Successfully created attachment "Test Data - Excel"
2023-01-22 22:14:45.984 &amp#27;[32m INFO&amp#27;[m &amp#27;[35m[@503 - main]&amp#27;[m &amp#27;[36mcom.shaft.tools.io.ReportManager&amp#27;[m : File Action "DoesFileExist" successfully performed. With the following test data "File Path: "SteeringCompanyAPI_TestData/SteeringCompanyAPI_TestData.xlsx"".
2023-01-22 22:14:46.008 &amp#27;[32m INFO&amp#27;[m &amp#27;[35m[@503 - main]&amp#27;[m &amp#27;[36mcom.shaft.tools.io.ReportManager&amp#27;[m : Successfully created attachment "Test Data - Excel"
2023-01-22 22:14:46.009 &amp#27;[32m INFO&amp#27;[m &amp#27;[35m[@503 - main]&amp#27;[m &amp#27;[36mcom.shaft.tools.io.ReportManager&amp#27;[m : File Action "DoesFileExist" successfully performed. With the following test data "File Path: "SteeringCompanyAPI_TestData/SteeringCompanyAPI_TestData.xlsx"".
2023-01-22 22:14:46.031 &amp#27;[32m INFO&amp#27;[m &amp#27;[35m[@503 - main]&amp#27;[m &amp#27;[36mcom.shaft.tools.io.ReportManager&amp#27;[m : Successfully created attachment "Test Data - Excel"
2023-01-22 22:14:46.864 &amp#27;[32m INFO&amp#27;[m &amp#27;[35m[@503 - main]&amp#27;[m &amp#27;[36mcom.shaft.tools.io.ReportManager&amp#27;[m : Response status code: "200", status line: "HTTP/1.1 200 "
2023-01-22 22:14:46.876 &amp#27;[32m INFO&amp#27;[m &amp#27;[35m[@503 - main]&amp#27;[m &amp#27;[36mcom.shaft.tools.io.ReportManager&amp#27;[m : Successfully created attachment "API Request - Specifications"
2023-01-22 22:14:46.877 &amp#27;[32m INFO&amp#27;[m &amp#27;[35m[@503 - main]&amp#27;[m &amp#27;[36mcom.shaft.tools.io.ReportManager&amp#27;[m : Successfully created attachment "API Response - JSON Body"
2023-01-22 22:14:46.877 &amp#27;[32m INFO&amp#27;[m &amp#27;[35m[@503 - main]&amp#27;[m &amp#27;[36mcom.shaft.tools.io.ReportManager&amp#27;[m : File Action "DoesFileExist" successfully performed. With the following test data "File Path: "src/test/resources/testDataFiles/SteeringCompanyAPI_TestData/SteeringCompanyAPI_TestData.xlsx"".
2023-01-22 22:14:46.925 &amp#27;[32m INFO&amp#27;[m &amp#27;[35m[@503 - main]&amp#27;[m &amp#27;[36mcom.shaft.tools.io.ReportManager&amp#27;[m : File Action "DoesFileExist" successfully performed. With the following test data "File Path: "SteeringCompanyAPI_TestData/SteeringCompanyAPI_TestData.xlsx"".
2023-01-22 22:14:46.981 &amp#27;[32m INFO&amp#27;[m &amp#27;[35m[@503 - main]&amp#27;[m &amp#27;[36mcom.shaft.tools.io.ReportManager&amp#27;[m : Successfully created attachment "Test Data - Excel"
2023-01-22 22:14:46.982 &amp#27;[32m INFO&amp#27;[m &amp#27;[35m[@503 - main]&amp#27;[m &amp#27;[36mcom.shaft.tools.io.ReportManager&amp#27;[m : File Action "DoesFileExist" successfully performed. With the following test data "File Path: "SteeringCompanyAPI_TestData/SteeringCompanyAPI_TestData.xlsx"".
2023-01-22 22:14:47.005 &amp#27;[32m INFO&amp#27;[m &amp#27;[35m[@503 - main]&amp#27;[m &amp#27;[36mcom.shaft.tools.io.ReportManager&amp#27;[m : Successfully created attachment "Test Data - Excel"
2023-01-22 22:14:47.006 &amp#27;[32m INFO&amp#27;[m &amp#27;[35m[@503 - main]&amp#27;[m &amp#27;[36mcom.shaft.tools.io.ReportManager&amp#27;[m : File Action "DoesFileExist" successfully performed. With the following test data "File Path: "Schemas/Cancel_Policy_schema.json"".
2023-01-22 22:14:47.006 &amp#27;[32m INFO&amp#27;[m &amp#27;[35m[@503 - main]&amp#27;[m &amp#27;[36mcom.shaft.tools.io.ReportManager&amp#27;[m : File Action "DoesFileExist" successfully performed. With the following test data "File Path: "src/test/resources/testDataFiles/Schemas/Cancel_Policy_schema.json"".
2023-01-22 22:14:47.006 &amp#27;[32m INFO&amp#27;[m &amp#27;[35m[@503 - main]&amp#27;[m &amp#27;[36mcom.shaft.tools.io.ReportManager&amp#27;[m : File Action "GetAbsolutePath" successfully performed. With the following test data "Relative Folder Path: "src/test/resources/testDataFiles/Schemas/Cancel_Policy_schema.json"".
2023-01-22 22:14:47.007 &amp#27;[32m INFO&amp#27;[m &amp#27;[35m[@503 - main]&amp#27;[m &amp#27;[36mcom.shaft.tools.io.ReportManager&amp#27;[m : File Action "DoesFileExist" successfully performed. With the following test data "File Path: "C:\eclipse-workspace\MyProjects\TASystemsAPIs\src\test\resources\testDataFiles\Schemas\Cancel_Policy_schema.json"".
2023-01-22 22:14:47.008 &amp#27;[32m INFO&amp#27;[m &amp#27;[35m[@503 - main]&amp#27;[m &amp#27;[36mcom.shaft.tools.io.ReportManager&amp#27;[m : File Action "GetAbsolutePath" successfully performed. With the following test data "Relative Folder Path: "C:\eclipse-workspace\MyProjects\TASystemsAPIs\src\test\resources\testDataFiles\Schemas\Cancel_Policy_schema.json"".
2023-01-22 22:14:47.008 &amp#27;[32m INFO&amp#27;[m &amp#27;[35m[@503 - main]&amp#27;[m &amp#27;[36mcom.shaft.tools.io.ReportManager&amp#27;[m : File Action "ReadFile" successfully performed. With the following test data "File Path: "C:\eclipse-workspace\MyProjects\TASystemsAPIs\src\test\resources\testDataFiles\Schemas\Cancel_Policy_schema.json"".
2023-01-22 22:14:47.009 &amp#27;[32m INFO&amp#27;[m &amp#27;[35m[@503 - main]&amp#27;[m &amp#27;[36mcom.shaft.tools.io.ReportManager&amp#27;[m : Successfully created attachment "Validation Test Data - Expected JSON Value"
2023-01-22 22:14:47.010 &amp#27;[32m INFO&amp#27;[m &amp#27;[35m[@503 - main]&amp#27;[m &amp#27;[36mcom.shaft.tools.io.ReportManager&amp#27;[m : Successfully created attachment "Validation Test Data - Actual JSON Value"
2023-01-22 22:14:47.012 &amp#27;[32m INFO&amp#27;[m &amp#27;[35m[@503 - main]&amp#27;[m &amp#27;[36mcom.shaft.tools.io.ReportManager&amp#27;[m : Successfully created attachment "SHAFT Engine Logs - Current Method log: Valid_Get_Cancel_Policy_TC"
]]></system-out>
  </testcase>
  <testcase name="Valid_Get_General_Policy_TC[[Ljava.lang.Object;@4e92cb16](1)" classname="SteeringCompanyAPI_TestCases.Test_Policies_Cases" time="2.259">
    <system-out><![CDATA[2023-01-22 22:14:47.018 &amp#27;[32m INFO&amp#27;[m &amp#27;[35m[@534 - main]&amp#27;[m &amp#27;[36mcom.shaft.tools.io.ReportManager&amp#27;[m : 
################################################################################################################################################
Starting Execution:	"339 out of 83" test cases in the current suite
Test Method:		"SteeringCompanyAPI_TestCases.Test_Policies_Cases.Valid_Get_General_Policy_TC"
Test Description:	"TC019 -Policy- Perform Get Valid General Policy"
################################################################################################################################################
2023-01-22 22:14:47.019 &amp#27;[32m INFO&amp#27;[m &amp#27;[35m[@503 - main]&amp#27;[m &amp#27;[36mcom.shaft.tools.io.ReportManager&amp#27;[m : File Action "DoesFileExist" successfully performed. With the following test data "File Path: "SteeringCompanyAPI_TestData/SteeringCompanyAPI_TestData.xlsx"".
2023-01-22 22:14:47.043 &amp#27;[32m INFO&amp#27;[m &amp#27;[35m[@503 - main]&amp#27;[m &amp#27;[36mcom.shaft.tools.io.ReportManager&amp#27;[m : Successfully created attachment "Test Data - Excel"
2023-01-22 22:14:47.923 &amp#27;[32m INFO&amp#27;[m &amp#27;[35m[@503 - main]&amp#27;[m &amp#27;[36mcom.shaft.tools.io.ReportManager&amp#27;[m : Response status code: "200", status line: "HTTP/1.1 200 OK"
2023-01-22 22:14:47.933 &amp#27;[32m INFO&amp#27;[m &amp#27;[35m[@503 - main]&amp#27;[m &amp#27;[36mcom.shaft.tools.io.ReportManager&amp#27;[m : Successfully created attachment "API Request - Specifications"
2023-01-22 22:14:47.934 &amp#27;[32m INFO&amp#27;[m &amp#27;[35m[@503 - main]&amp#27;[m &amp#27;[36mcom.shaft.tools.io.ReportManager&amp#27;[m : Successfully created attachment "API Request - Body"
2023-01-22 22:14:47.971 &amp#27;[32m INFO&amp#27;[m &amp#27;[35m[@503 - main]&amp#27;[m &amp#27;[36mcom.shaft.tools.io.ReportManager&amp#27;[m : Successfully created attachment "API Response - JSON Body"
2023-01-22 22:14:47.979 &amp#27;[32m INFO&amp#27;[m &amp#27;[35m[@503 - main]&amp#27;[m &amp#27;[36mcom.shaft.tools.io.ReportManager&amp#27;[m : File Action "DoesFileExist" successfully performed. With the following test data "File Path: "SteeringCompanyAPI_TestData/SteeringCompanyAPI_TestData.xlsx"".
2023-01-22 22:14:48.012 &amp#27;[32m INFO&amp#27;[m &amp#27;[35m[@503 - main]&amp#27;[m &amp#27;[36mcom.shaft.tools.io.ReportManager&amp#27;[m : Successfully created attachment "Test Data - Excel"
2023-01-22 22:14:48.013 &amp#27;[32m INFO&amp#27;[m &amp#27;[35m[@503 - main]&amp#27;[m &amp#27;[36mcom.shaft.tools.io.ReportManager&amp#27;[m : File Action "DoesFileExist" successfully performed. With the following test data "File Path: "SteeringCompanyAPI_TestData/SteeringCompanyAPI_TestData.xlsx"".
2023-01-22 22:14:48.036 &amp#27;[32m INFO&amp#27;[m &amp#27;[35m[@503 - main]&amp#27;[m &amp#27;[36mcom.shaft.tools.io.ReportManager&amp#27;[m : Successfully created attachment "Test Data - Excel"
2023-01-22 22:14:48.037 &amp#27;[32m INFO&amp#27;[m &amp#27;[35m[@503 - main]&amp#27;[m &amp#27;[36mcom.shaft.tools.io.ReportManager&amp#27;[m : File Action "DoesFileExist" successfully performed. With the following test data "File Path: "SteeringCompanyAPI_TestData/SteeringCompanyAPI_TestData.xlsx"".
2023-01-22 22:14:48.057 &amp#27;[32m INFO&amp#27;[m &amp#27;[35m[@503 - main]&amp#27;[m &amp#27;[36mcom.shaft.tools.io.ReportManager&amp#27;[m : Successfully created attachment "Test Data - Excel"
2023-01-22 22:14:49.158 &amp#27;[32m INFO&amp#27;[m &amp#27;[35m[@503 - main]&amp#27;[m &amp#27;[36mcom.shaft.tools.io.ReportManager&amp#27;[m : Response status code: "200", status line: "HTTP/1.1 200 "
2023-01-22 22:14:49.170 &amp#27;[32m INFO&amp#27;[m &amp#27;[35m[@503 - main]&amp#27;[m &amp#27;[36mcom.shaft.tools.io.ReportManager&amp#27;[m : Successfully created attachment "API Request - Specifications"
2023-01-22 22:14:49.172 &amp#27;[32m INFO&amp#27;[m &amp#27;[35m[@503 - main]&amp#27;[m &amp#27;[36mcom.shaft.tools.io.ReportManager&amp#27;[m : Successfully created attachment "API Response - JSON Body"
2023-01-22 22:14:49.173 &amp#27;[32m INFO&amp#27;[m &amp#27;[35m[@503 - main]&amp#27;[m &amp#27;[36mcom.shaft.tools.io.ReportManager&amp#27;[m : File Action "DoesFileExist" successfully performed. With the following test data "File Path: "src/test/resources/testDataFiles/SteeringCompanyAPI_TestData/SteeringCompanyAPI_TestData.xlsx"".
2023-01-22 22:14:49.218 &amp#27;[32m INFO&amp#27;[m &amp#27;[35m[@503 - main]&amp#27;[m &amp#27;[36mcom.shaft.tools.io.ReportManager&amp#27;[m : File Action "DoesFileExist" successfully performed. With the following test data "File Path: "SteeringCompanyAPI_TestData/SteeringCompanyAPI_TestData.xlsx"".
2023-01-22 22:14:49.243 &amp#27;[32m INFO&amp#27;[m &amp#27;[35m[@503 - main]&amp#27;[m &amp#27;[36mcom.shaft.tools.io.ReportManager&amp#27;[m : Successfully created attachment "Test Data - Excel"
2023-01-22 22:14:49.243 &amp#27;[32m INFO&amp#27;[m &amp#27;[35m[@503 - main]&amp#27;[m &amp#27;[36mcom.shaft.tools.io.ReportManager&amp#27;[m : File Action "DoesFileExist" successfully performed. With the following test data "File Path: "SteeringCompanyAPI_TestData/SteeringCompanyAPI_TestData.xlsx"".
2023-01-22 22:14:49.266 &amp#27;[32m INFO&amp#27;[m &amp#27;[35m[@503 - main]&amp#27;[m &amp#27;[36mcom.shaft.tools.io.ReportManager&amp#27;[m : Successfully created attachment "Test Data - Excel"
2023-01-22 22:14:49.267 &amp#27;[32m INFO&amp#27;[m &amp#27;[35m[@503 - main]&amp#27;[m &amp#27;[36mcom.shaft.tools.io.ReportManager&amp#27;[m : File Action "DoesFileExist" successfully performed. With the following test data "File Path: "Schemas/General_Policy_schema.json"".
2023-01-22 22:14:49.268 &amp#27;[32m INFO&amp#27;[m &amp#27;[35m[@503 - main]&amp#27;[m &amp#27;[36mcom.shaft.tools.io.ReportManager&amp#27;[m : File Action "DoesFileExist" successfully performed. With the following test data "File Path: "src/test/resources/testDataFiles/Schemas/General_Policy_schema.json"".
2023-01-22 22:14:49.268 &amp#27;[32m INFO&amp#27;[m &amp#27;[35m[@503 - main]&amp#27;[m &amp#27;[36mcom.shaft.tools.io.ReportManager&amp#27;[m : File Action "GetAbsolutePath" successfully performed. With the following test data "Relative Folder Path: "src/test/resources/testDataFiles/Schemas/General_Policy_schema.json"".
2023-01-22 22:14:49.269 &amp#27;[32m INFO&amp#27;[m &amp#27;[35m[@503 - main]&amp#27;[m &amp#27;[36mcom.shaft.tools.io.ReportManager&amp#27;[m : File Action "DoesFileExist" successfully performed. With the following test data "File Path: "C:\eclipse-workspace\MyProjects\TASystemsAPIs\src\test\resources\testDataFiles\Schemas\General_Policy_schema.json"".
2023-01-22 22:14:49.270 &amp#27;[32m INFO&amp#27;[m &amp#27;[35m[@503 - main]&amp#27;[m &amp#27;[36mcom.shaft.tools.io.ReportManager&amp#27;[m : File Action "GetAbsolutePath" successfully performed. With the following test data "Relative Folder Path: "C:\eclipse-workspace\MyProjects\TASystemsAPIs\src\test\resources\testDataFiles\Schemas\General_Policy_schema.json"".
2023-01-22 22:14:49.270 &amp#27;[32m INFO&amp#27;[m &amp#27;[35m[@503 - main]&amp#27;[m &amp#27;[36mcom.shaft.tools.io.ReportManager&amp#27;[m : File Action "ReadFile" successfully performed. With the following test data "File Path: "C:\eclipse-workspace\MyProjects\TASystemsAPIs\src\test\resources\testDataFiles\Schemas\General_Policy_schema.json"".
2023-01-22 22:14:49.272 &amp#27;[32m INFO&amp#27;[m &amp#27;[35m[@503 - main]&amp#27;[m &amp#27;[36mcom.shaft.tools.io.ReportManager&amp#27;[m : Successfully created attachment "Validation Test Data - Expected JSON Value"
2023-01-22 22:14:49.273 &amp#27;[32m INFO&amp#27;[m &amp#27;[35m[@503 - main]&amp#27;[m &amp#27;[36mcom.shaft.tools.io.ReportManager&amp#27;[m : Successfully created attachment "Validation Test Data - Actual JSON Value"
2023-01-22 22:14:49.274 &amp#27;[32m INFO&amp#27;[m &amp#27;[35m[@503 - main]&amp#27;[m &amp#27;[36mcom.shaft.tools.io.ReportManager&amp#27;[m : Successfully created attachment "SHAFT Engine Logs - Current Method log: Valid_Get_General_Policy_TC"
]]></system-out>
  </testcase>
  <testcase name="Valid_Get_General_Policy_TC[[Ljava.lang.Object;@2de578c3](2)" classname="SteeringCompanyAPI_TestCases.Test_Policies_Cases" time="1.987">
    <system-out><![CDATA[2023-01-22 22:14:49.278 &amp#27;[32m INFO&amp#27;[m &amp#27;[35m[@534 - main]&amp#27;[m &amp#27;[36mcom.shaft.tools.io.ReportManager&amp#27;[m : 
################################################################################################################################################
Starting Execution:	"340 out of 83" test cases in the current suite
Test Method:		"SteeringCompanyAPI_TestCases.Test_Policies_Cases.Valid_Get_General_Policy_TC"
Test Description:	"TC019 -Policy- Perform Get Valid General Policy"
################################################################################################################################################
2023-01-22 22:14:49.278 &amp#27;[32m INFO&amp#27;[m &amp#27;[35m[@503 - main]&amp#27;[m &amp#27;[36mcom.shaft.tools.io.ReportManager&amp#27;[m : File Action "DoesFileExist" successfully performed. With the following test data "File Path: "SteeringCompanyAPI_TestData/SteeringCompanyAPI_TestData.xlsx"".
2023-01-22 22:14:49.303 &amp#27;[32m INFO&amp#27;[m &amp#27;[35m[@503 - main]&amp#27;[m &amp#27;[36mcom.shaft.tools.io.ReportManager&amp#27;[m : Successfully created attachment "Test Data - Excel"
2023-01-22 22:14:50.195 &amp#27;[32m INFO&amp#27;[m &amp#27;[35m[@503 - main]&amp#27;[m &amp#27;[36mcom.shaft.tools.io.ReportManager&amp#27;[m : Response status code: "200", status line: "HTTP/1.1 200 OK"
2023-01-22 22:14:50.203 &amp#27;[32m INFO&amp#27;[m &amp#27;[35m[@503 - main]&amp#27;[m &amp#27;[36mcom.shaft.tools.io.ReportManager&amp#27;[m : Successfully created attachment "API Request - Specifications"
2023-01-22 22:14:50.243 &amp#27;[32m INFO&amp#27;[m &amp#27;[35m[@503 - main]&amp#27;[m &amp#27;[36mcom.shaft.tools.io.ReportManager&amp#27;[m : Successfully created attachment "API Request - Body"
2023-01-22 22:14:50.246 &amp#27;[32m INFO&amp#27;[m &amp#27;[35m[@503 - main]&amp#27;[m &amp#27;[36mcom.shaft.tools.io.ReportManager&amp#27;[m : Successfully created attachment "API Response - JSON Body"
2023-01-22 22:14:50.253 &amp#27;[32m INFO&amp#27;[m &amp#27;[35m[@503 - main]&amp#27;[m &amp#27;[36mcom.shaft.tools.io.ReportManager&amp#27;[m : File Action "DoesFileExist" successfully performed. With the following test data "File Path: "SteeringCompanyAPI_TestData/SteeringCompanyAPI_TestData.xlsx"".
2023-01-22 22:14:50.287 &amp#27;[32m INFO&amp#27;[m &amp#27;[35m[@503 - main]&amp#27;[m &amp#27;[36mcom.shaft.tools.io.ReportManager&amp#27;[m : Successfully created attachment "Test Data - Excel"
2023-01-22 22:14:50.287 &amp#27;[32m INFO&amp#27;[m &amp#27;[35m[@503 - main]&amp#27;[m &amp#27;[36mcom.shaft.tools.io.ReportManager&amp#27;[m : File Action "DoesFileExist" successfully performed. With the following test data "File Path: "SteeringCompanyAPI_TestData/SteeringCompanyAPI_TestData.xlsx"".
2023-01-22 22:14:50.310 &amp#27;[32m INFO&amp#27;[m &amp#27;[35m[@503 - main]&amp#27;[m &amp#27;[36mcom.shaft.tools.io.ReportManager&amp#27;[m : Successfully created attachment "Test Data - Excel"
2023-01-22 22:14:50.310 &amp#27;[32m INFO&amp#27;[m &amp#27;[35m[@503 - main]&amp#27;[m &amp#27;[36mcom.shaft.tools.io.ReportManager&amp#27;[m : File Action "DoesFileExist" successfully performed. With the following test data "File Path: "SteeringCompanyAPI_TestData/SteeringCompanyAPI_TestData.xlsx"".
2023-01-22 22:14:50.334 &amp#27;[32m INFO&amp#27;[m &amp#27;[35m[@503 - main]&amp#27;[m &amp#27;[36mcom.shaft.tools.io.ReportManager&amp#27;[m : Successfully created attachment "Test Data - Excel"
2023-01-22 22:14:51.067 &amp#27;[32m INFO&amp#27;[m &amp#27;[35m[@503 - main]&amp#27;[m &amp#27;[36mcom.shaft.tools.io.ReportManager&amp#27;[m : Response status code: "200", status line: "HTTP/1.1 200 "
2023-01-22 22:14:51.083 &amp#27;[32m INFO&amp#27;[m &amp#27;[35m[@503 - main]&amp#27;[m &amp#27;[36mcom.shaft.tools.io.ReportManager&amp#27;[m : Successfully created attachment "API Request - Specifications"
2023-01-22 22:14:51.085 &amp#27;[32m INFO&amp#27;[m &amp#27;[35m[@503 - main]&amp#27;[m &amp#27;[36mcom.shaft.tools.io.ReportManager&amp#27;[m : Successfully created attachment "API Response - JSON Body"
2023-01-22 22:14:51.085 &amp#27;[32m INFO&amp#27;[m &amp#27;[35m[@503 - main]&amp#27;[m &amp#27;[36mcom.shaft.tools.io.ReportManager&amp#27;[m : File Action "DoesFileExist" successfully performed. With the following test data "File Path: "src/test/resources/testDataFiles/SteeringCompanyAPI_TestData/SteeringCompanyAPI_TestData.xlsx"".
2023-01-22 22:14:51.177 &amp#27;[32m INFO&amp#27;[m &amp#27;[35m[@503 - main]&amp#27;[m &amp#27;[36mcom.shaft.tools.io.ReportManager&amp#27;[m : File Action "DoesFileExist" successfully performed. With the following test data "File Path: "SteeringCompanyAPI_TestData/SteeringCompanyAPI_TestData.xlsx"".
2023-01-22 22:14:51.213 &amp#27;[32m INFO&amp#27;[m &amp#27;[35m[@503 - main]&amp#27;[m &amp#27;[36mcom.shaft.tools.io.ReportManager&amp#27;[m : Successfully created attachment "Test Data - Excel"
2023-01-22 22:14:51.214 &amp#27;[32m INFO&amp#27;[m &amp#27;[35m[@503 - main]&amp#27;[m &amp#27;[36mcom.shaft.tools.io.ReportManager&amp#27;[m : File Action "DoesFileExist" successfully performed. With the following test data "File Path: "SteeringCompanyAPI_TestData/SteeringCompanyAPI_TestData.xlsx"".
2023-01-22 22:14:51.254 &amp#27;[32m INFO&amp#27;[m &amp#27;[35m[@503 - main]&amp#27;[m &amp#27;[36mcom.shaft.tools.io.ReportManager&amp#27;[m : Successfully created attachment "Test Data - Excel"
2023-01-22 22:14:51.255 &amp#27;[32m INFO&amp#27;[m &amp#27;[35m[@503 - main]&amp#27;[m &amp#27;[36mcom.shaft.tools.io.ReportManager&amp#27;[m : File Action "DoesFileExist" successfully performed. With the following test data "File Path: "Schemas/General_Policy_schema.json"".
2023-01-22 22:14:51.255 &amp#27;[32m INFO&amp#27;[m &amp#27;[35m[@503 - main]&amp#27;[m &amp#27;[36mcom.shaft.tools.io.ReportManager&amp#27;[m : File Action "DoesFileExist" successfully performed. With the following test data "File Path: "src/test/resources/testDataFiles/Schemas/General_Policy_schema.json"".
2023-01-22 22:14:51.255 &amp#27;[32m INFO&amp#27;[m &amp#27;[35m[@503 - main]&amp#27;[m &amp#27;[36mcom.shaft.tools.io.ReportManager&amp#27;[m : File Action "GetAbsolutePath" successfully performed. With the following test data "Relative Folder Path: "src/test/resources/testDataFiles/Schemas/General_Policy_schema.json"".
2023-01-22 22:14:51.257 &amp#27;[32m INFO&amp#27;[m &amp#27;[35m[@503 - main]&amp#27;[m &amp#27;[36mcom.shaft.tools.io.ReportManager&amp#27;[m : File Action "DoesFileExist" successfully performed. With the following test data "File Path: "C:\eclipse-workspace\MyProjects\TASystemsAPIs\src\test\resources\testDataFiles\Schemas\General_Policy_schema.json"".
2023-01-22 22:14:51.258 &amp#27;[32m INFO&amp#27;[m &amp#27;[35m[@503 - main]&amp#27;[m &amp#27;[36mcom.shaft.tools.io.ReportManager&amp#27;[m : File Action "GetAbsolutePath" successfully performed. With the following test data "Relative Folder Path: "C:\eclipse-workspace\MyProjects\TASystemsAPIs\src\test\resources\testDataFiles\Schemas\General_Policy_schema.json"".
2023-01-22 22:14:51.258 &amp#27;[32m INFO&amp#27;[m &amp#27;[35m[@503 - main]&amp#27;[m &amp#27;[36mcom.shaft.tools.io.ReportManager&amp#27;[m : File Action "ReadFile" successfully performed. With the following test data "File Path: "C:\eclipse-workspace\MyProjects\TASystemsAPIs\src\test\resources\testDataFiles\Schemas\General_Policy_schema.json"".
2023-01-22 22:14:51.260 &amp#27;[32m INFO&amp#27;[m &amp#27;[35m[@503 - main]&amp#27;[m &amp#27;[36mcom.shaft.tools.io.ReportManager&amp#27;[m : Successfully created attachment "Validation Test Data - Expected JSON Value"
2023-01-22 22:14:51.261 &amp#27;[32m INFO&amp#27;[m &amp#27;[35m[@503 - main]&amp#27;[m &amp#27;[36mcom.shaft.tools.io.ReportManager&amp#27;[m : Successfully created attachment "Validation Test Data - Actual JSON Value"
2023-01-22 22:14:51.262 &amp#27;[32m INFO&amp#27;[m &amp#27;[35m[@503 - main]&amp#27;[m &amp#27;[36mcom.shaft.tools.io.ReportManager&amp#27;[m : Successfully created attachment "SHAFT Engine Logs - Current Method log: Valid_Get_General_Policy_TC"
]]></system-out>
  </testcase>
  <testcase name="Valid_Get_Payment_Policy_TC[[Ljava.lang.Object;@5c8f6673](1)" classname="SteeringCompanyAPI_TestCases.Test_Policies_Cases" time="2.247">
    <system-out><![CDATA[2023-01-22 22:14:51.270 &amp#27;[32m INFO&amp#27;[m &amp#27;[35m[@534 - main]&amp#27;[m &amp#27;[36mcom.shaft.tools.io.ReportManager&amp#27;[m : 
################################################################################################################################################
Starting Execution:	"341 out of 83" test cases in the current suite
Test Method:		"SteeringCompanyAPI_TestCases.Test_Policies_Cases.Valid_Get_Payment_Policy_TC"
Test Description:	"TC018 -Policy- Perform Get Valid Payment Policy"
################################################################################################################################################
2023-01-22 22:14:51.271 &amp#27;[32m INFO&amp#27;[m &amp#27;[35m[@503 - main]&amp#27;[m &amp#27;[36mcom.shaft.tools.io.ReportManager&amp#27;[m : File Action "DoesFileExist" successfully performed. With the following test data "File Path: "SteeringCompanyAPI_TestData/SteeringCompanyAPI_TestData.xlsx"".
2023-01-22 22:14:51.311 &amp#27;[32m INFO&amp#27;[m &amp#27;[35m[@503 - main]&amp#27;[m &amp#27;[36mcom.shaft.tools.io.ReportManager&amp#27;[m : Successfully created attachment "Test Data - Excel"
2023-01-22 22:14:52.428 &amp#27;[32m INFO&amp#27;[m &amp#27;[35m[@503 - main]&amp#27;[m &amp#27;[36mcom.shaft.tools.io.ReportManager&amp#27;[m : Response status code: "200", status line: "HTTP/1.1 200 OK"
2023-01-22 22:14:52.440 &amp#27;[32m INFO&amp#27;[m &amp#27;[35m[@503 - main]&amp#27;[m &amp#27;[36mcom.shaft.tools.io.ReportManager&amp#27;[m : Successfully created attachment "API Request - Specifications"
2023-01-22 22:14:52.441 &amp#27;[32m INFO&amp#27;[m &amp#27;[35m[@503 - main]&amp#27;[m &amp#27;[36mcom.shaft.tools.io.ReportManager&amp#27;[m : Successfully created attachment "API Request - Body"
2023-01-22 22:14:52.441 &amp#27;[32m INFO&amp#27;[m &amp#27;[35m[@503 - main]&amp#27;[m &amp#27;[36mcom.shaft.tools.io.ReportManager&amp#27;[m : Successfully created attachment "API Response - JSON Body"
2023-01-22 22:14:52.450 &amp#27;[32m INFO&amp#27;[m &amp#27;[35m[@503 - main]&amp#27;[m &amp#27;[36mcom.shaft.tools.io.ReportManager&amp#27;[m : File Action "DoesFileExist" successfully performed. With the following test data "File Path: "SteeringCompanyAPI_TestData/SteeringCompanyAPI_TestData.xlsx"".
2023-01-22 22:14:52.527 &amp#27;[32m INFO&amp#27;[m &amp#27;[35m[@503 - main]&amp#27;[m &amp#27;[36mcom.shaft.tools.io.ReportManager&amp#27;[m : Successfully created attachment "Test Data - Excel"
2023-01-22 22:14:52.527 &amp#27;[32m INFO&amp#27;[m &amp#27;[35m[@503 - main]&amp#27;[m &amp#27;[36mcom.shaft.tools.io.ReportManager&amp#27;[m : File Action "DoesFileExist" successfully performed. With the following test data "File Path: "SteeringCompanyAPI_TestData/SteeringCompanyAPI_TestData.xlsx"".
2023-01-22 22:14:52.552 &amp#27;[32m INFO&amp#27;[m &amp#27;[35m[@503 - main]&amp#27;[m &amp#27;[36mcom.shaft.tools.io.ReportManager&amp#27;[m : Successfully created attachment "Test Data - Excel"
2023-01-22 22:14:52.552 &amp#27;[32m INFO&amp#27;[m &amp#27;[35m[@503 - main]&amp#27;[m &amp#27;[36mcom.shaft.tools.io.ReportManager&amp#27;[m : File Action "DoesFileExist" successfully performed. With the following test data "File Path: "SteeringCompanyAPI_TestData/SteeringCompanyAPI_TestData.xlsx"".
2023-01-22 22:14:52.583 &amp#27;[32m INFO&amp#27;[m &amp#27;[35m[@503 - main]&amp#27;[m &amp#27;[36mcom.shaft.tools.io.ReportManager&amp#27;[m : Successfully created attachment "Test Data - Excel"
2023-01-22 22:14:53.336 &amp#27;[32m INFO&amp#27;[m &amp#27;[35m[@503 - main]&amp#27;[m &amp#27;[36mcom.shaft.tools.io.ReportManager&amp#27;[m : Response status code: "200", status line: "HTTP/1.1 200 "
2023-01-22 22:14:53.348 &amp#27;[32m INFO&amp#27;[m &amp#27;[35m[@503 - main]&amp#27;[m &amp#27;[36mcom.shaft.tools.io.ReportManager&amp#27;[m : Successfully created attachment "API Request - Specifications"
2023-01-22 22:14:53.388 &amp#27;[32m INFO&amp#27;[m &amp#27;[35m[@503 - main]&amp#27;[m &amp#27;[36mcom.shaft.tools.io.ReportManager&amp#27;[m : Successfully created attachment "API Response - JSON Body"
2023-01-22 22:14:53.389 &amp#27;[32m INFO&amp#27;[m &amp#27;[35m[@503 - main]&amp#27;[m &amp#27;[36mcom.shaft.tools.io.ReportManager&amp#27;[m : File Action "DoesFileExist" successfully performed. With the following test data "File Path: "src/test/resources/testDataFiles/SteeringCompanyAPI_TestData/SteeringCompanyAPI_TestData.xlsx"".
2023-01-22 22:14:53.447 &amp#27;[32m INFO&amp#27;[m &amp#27;[35m[@503 - main]&amp#27;[m &amp#27;[36mcom.shaft.tools.io.ReportManager&amp#27;[m : File Action "DoesFileExist" successfully performed. With the following test data "File Path: "SteeringCompanyAPI_TestData/SteeringCompanyAPI_TestData.xlsx"".
2023-01-22 22:14:53.469 &amp#27;[32m INFO&amp#27;[m &amp#27;[35m[@503 - main]&amp#27;[m &amp#27;[36mcom.shaft.tools.io.ReportManager&amp#27;[m : Successfully created attachment "Test Data - Excel"
2023-01-22 22:14:53.470 &amp#27;[32m INFO&amp#27;[m &amp#27;[35m[@503 - main]&amp#27;[m &amp#27;[36mcom.shaft.tools.io.ReportManager&amp#27;[m : File Action "DoesFileExist" successfully performed. With the following test data "File Path: "SteeringCompanyAPI_TestData/SteeringCompanyAPI_TestData.xlsx"".
2023-01-22 22:14:53.493 &amp#27;[32m INFO&amp#27;[m &amp#27;[35m[@503 - main]&amp#27;[m &amp#27;[36mcom.shaft.tools.io.ReportManager&amp#27;[m : Successfully created attachment "Test Data - Excel"
2023-01-22 22:14:53.494 &amp#27;[32m INFO&amp#27;[m &amp#27;[35m[@503 - main]&amp#27;[m &amp#27;[36mcom.shaft.tools.io.ReportManager&amp#27;[m : File Action "DoesFileExist" successfully performed. With the following test data "File Path: "Schemas/Payment_Policy_schema.json"".
2023-01-22 22:14:53.494 &amp#27;[32m INFO&amp#27;[m &amp#27;[35m[@503 - main]&amp#27;[m &amp#27;[36mcom.shaft.tools.io.ReportManager&amp#27;[m : File Action "DoesFileExist" successfully performed. With the following test data "File Path: "src/test/resources/testDataFiles/Schemas/Payment_Policy_schema.json"".
2023-01-22 22:14:53.495 &amp#27;[32m INFO&amp#27;[m &amp#27;[35m[@503 - main]&amp#27;[m &amp#27;[36mcom.shaft.tools.io.ReportManager&amp#27;[m : File Action "GetAbsolutePath" successfully performed. With the following test data "Relative Folder Path: "src/test/resources/testDataFiles/Schemas/Payment_Policy_schema.json"".
2023-01-22 22:14:53.496 &amp#27;[32m INFO&amp#27;[m &amp#27;[35m[@503 - main]&amp#27;[m &amp#27;[36mcom.shaft.tools.io.ReportManager&amp#27;[m : File Action "DoesFileExist" successfully performed. With the following test data "File Path: "C:\eclipse-workspace\MyProjects\TASystemsAPIs\src\test\resources\testDataFiles\Schemas\Payment_Policy_schema.json"".
2023-01-22 22:14:53.496 &amp#27;[32m INFO&amp#27;[m &amp#27;[35m[@503 - main]&amp#27;[m &amp#27;[36mcom.shaft.tools.io.ReportManager&amp#27;[m : File Action "GetAbsolutePath" successfully performed. With the following test data "Relative Folder Path: "C:\eclipse-workspace\MyProjects\TASystemsAPIs\src\test\resources\testDataFiles\Schemas\Payment_Policy_schema.json"".
2023-01-22 22:14:53.496 &amp#27;[32m INFO&amp#27;[m &amp#27;[35m[@503 - main]&amp#27;[m &amp#27;[36mcom.shaft.tools.io.ReportManager&amp#27;[m : File Action "ReadFile" successfully performed. With the following test data "File Path: "C:\eclipse-workspace\MyProjects\TASystemsAPIs\src\test\resources\testDataFiles\Schemas\Payment_Policy_schema.json"".
2023-01-22 22:14:53.513 &amp#27;[32m INFO&amp#27;[m &amp#27;[35m[@503 - main]&amp#27;[m &amp#27;[36mcom.shaft.tools.io.ReportManager&amp#27;[m : Successfully created attachment "Validation Test Data - Expected JSON Value"
2023-01-22 22:14:53.513 &amp#27;[32m INFO&amp#27;[m &amp#27;[35m[@503 - main]&amp#27;[m &amp#27;[36mcom.shaft.tools.io.ReportManager&amp#27;[m : Successfully created attachment "Validation Test Data - Actual JSON Value"
2023-01-22 22:14:53.515 &amp#27;[32m INFO&amp#27;[m &amp#27;[35m[@503 - main]&amp#27;[m &amp#27;[36mcom.shaft.tools.io.ReportManager&amp#27;[m : Successfully created attachment "SHAFT Engine Logs - Current Method log: Valid_Get_Payment_Policy_TC"
]]></system-out>
  </testcase>
  <testcase name="Valid_Get_Payment_Policy_TC[[Ljava.lang.Object;@404bf173](2)" classname="SteeringCompanyAPI_TestCases.Test_Policies_Cases" time="2.117">
    <system-out><![CDATA[2023-01-22 22:14:53.517 &amp#27;[32m INFO&amp#27;[m &amp#27;[35m[@534 - main]&amp#27;[m &amp#27;[36mcom.shaft.tools.io.ReportManager&amp#27;[m : 
################################################################################################################################################
Starting Execution:	"342 out of 83" test cases in the current suite
Test Method:		"SteeringCompanyAPI_TestCases.Test_Policies_Cases.Valid_Get_Payment_Policy_TC"
Test Description:	"TC018 -Policy- Perform Get Valid Payment Policy"
################################################################################################################################################
2023-01-22 22:14:53.517 &amp#27;[32m INFO&amp#27;[m &amp#27;[35m[@503 - main]&amp#27;[m &amp#27;[36mcom.shaft.tools.io.ReportManager&amp#27;[m : File Action "DoesFileExist" successfully performed. With the following test data "File Path: "SteeringCompanyAPI_TestData/SteeringCompanyAPI_TestData.xlsx"".
2023-01-22 22:14:53.540 &amp#27;[32m INFO&amp#27;[m &amp#27;[35m[@503 - main]&amp#27;[m &amp#27;[36mcom.shaft.tools.io.ReportManager&amp#27;[m : Successfully created attachment "Test Data - Excel"
2023-01-22 22:14:54.508 &amp#27;[32m INFO&amp#27;[m &amp#27;[35m[@503 - main]&amp#27;[m &amp#27;[36mcom.shaft.tools.io.ReportManager&amp#27;[m : Response status code: "200", status line: "HTTP/1.1 200 OK"
2023-01-22 22:14:54.517 &amp#27;[32m INFO&amp#27;[m &amp#27;[35m[@503 - main]&amp#27;[m &amp#27;[36mcom.shaft.tools.io.ReportManager&amp#27;[m : Successfully created attachment "API Request - Specifications"
2023-01-22 22:14:54.518 &amp#27;[32m INFO&amp#27;[m &amp#27;[35m[@503 - main]&amp#27;[m &amp#27;[36mcom.shaft.tools.io.ReportManager&amp#27;[m : Successfully created attachment "API Request - Body"
2023-01-22 22:14:54.519 &amp#27;[32m INFO&amp#27;[m &amp#27;[35m[@503 - main]&amp#27;[m &amp#27;[36mcom.shaft.tools.io.ReportManager&amp#27;[m : Successfully created attachment "API Response - JSON Body"
2023-01-22 22:14:54.528 &amp#27;[32m INFO&amp#27;[m &amp#27;[35m[@503 - main]&amp#27;[m &amp#27;[36mcom.shaft.tools.io.ReportManager&amp#27;[m : File Action "DoesFileExist" successfully performed. With the following test data "File Path: "SteeringCompanyAPI_TestData/SteeringCompanyAPI_TestData.xlsx"".
2023-01-22 22:14:54.562 &amp#27;[32m INFO&amp#27;[m &amp#27;[35m[@503 - main]&amp#27;[m &amp#27;[36mcom.shaft.tools.io.ReportManager&amp#27;[m : Successfully created attachment "Test Data - Excel"
2023-01-22 22:14:54.563 &amp#27;[32m INFO&amp#27;[m &amp#27;[35m[@503 - main]&amp#27;[m &amp#27;[36mcom.shaft.tools.io.ReportManager&amp#27;[m : File Action "DoesFileExist" successfully performed. With the following test data "File Path: "SteeringCompanyAPI_TestData/SteeringCompanyAPI_TestData.xlsx"".
2023-01-22 22:14:54.586 &amp#27;[32m INFO&amp#27;[m &amp#27;[35m[@503 - main]&amp#27;[m &amp#27;[36mcom.shaft.tools.io.ReportManager&amp#27;[m : Successfully created attachment "Test Data - Excel"
2023-01-22 22:14:54.587 &amp#27;[32m INFO&amp#27;[m &amp#27;[35m[@503 - main]&amp#27;[m &amp#27;[36mcom.shaft.tools.io.ReportManager&amp#27;[m : File Action "DoesFileExist" successfully performed. With the following test data "File Path: "SteeringCompanyAPI_TestData/SteeringCompanyAPI_TestData.xlsx"".
2023-01-22 22:14:54.608 &amp#27;[32m INFO&amp#27;[m &amp#27;[35m[@503 - main]&amp#27;[m &amp#27;[36mcom.shaft.tools.io.ReportManager&amp#27;[m : Successfully created attachment "Test Data - Excel"
2023-01-22 22:14:55.453 &amp#27;[32m INFO&amp#27;[m &amp#27;[35m[@503 - main]&amp#27;[m &amp#27;[36mcom.shaft.tools.io.ReportManager&amp#27;[m : Response status code: "200", status line: "HTTP/1.1 200 "
2023-01-22 22:14:55.464 &amp#27;[32m INFO&amp#27;[m &amp#27;[35m[@503 - main]&amp#27;[m &amp#27;[36mcom.shaft.tools.io.ReportManager&amp#27;[m : Successfully created attachment "API Request - Specifications"
2023-01-22 22:14:55.464 &amp#27;[32m INFO&amp#27;[m &amp#27;[35m[@503 - main]&amp#27;[m &amp#27;[36mcom.shaft.tools.io.ReportManager&amp#27;[m : Successfully created attachment "API Response - JSON Body"
2023-01-22 22:14:55.465 &amp#27;[32m INFO&amp#27;[m &amp#27;[35m[@503 - main]&amp#27;[m &amp#27;[36mcom.shaft.tools.io.ReportManager&amp#27;[m : File Action "DoesFileExist" successfully performed. With the following test data "File Path: "src/test/resources/testDataFiles/SteeringCompanyAPI_TestData/SteeringCompanyAPI_TestData.xlsx"".
2023-01-22 22:14:55.514 &amp#27;[32m INFO&amp#27;[m &amp#27;[35m[@503 - main]&amp#27;[m &amp#27;[36mcom.shaft.tools.io.ReportManager&amp#27;[m : File Action "DoesFileExist" successfully performed. With the following test data "File Path: "SteeringCompanyAPI_TestData/SteeringCompanyAPI_TestData.xlsx"".
2023-01-22 22:14:55.541 &amp#27;[32m INFO&amp#27;[m &amp#27;[35m[@503 - main]&amp#27;[m &amp#27;[36mcom.shaft.tools.io.ReportManager&amp#27;[m : Successfully created attachment "Test Data - Excel"
2023-01-22 22:14:55.542 &amp#27;[32m INFO&amp#27;[m &amp#27;[35m[@503 - main]&amp#27;[m &amp#27;[36mcom.shaft.tools.io.ReportManager&amp#27;[m : File Action "DoesFileExist" successfully performed. With the following test data "File Path: "SteeringCompanyAPI_TestData/SteeringCompanyAPI_TestData.xlsx"".
2023-01-22 22:14:55.624 &amp#27;[32m INFO&amp#27;[m &amp#27;[35m[@503 - main]&amp#27;[m &amp#27;[36mcom.shaft.tools.io.ReportManager&amp#27;[m : Successfully created attachment "Test Data - Excel"
2023-01-22 22:14:55.625 &amp#27;[32m INFO&amp#27;[m &amp#27;[35m[@503 - main]&amp#27;[m &amp#27;[36mcom.shaft.tools.io.ReportManager&amp#27;[m : File Action "DoesFileExist" successfully performed. With the following test data "File Path: "Schemas/Payment_Policy_schema.json"".
2023-01-22 22:14:55.625 &amp#27;[32m INFO&amp#27;[m &amp#27;[35m[@503 - main]&amp#27;[m &amp#27;[36mcom.shaft.tools.io.ReportManager&amp#27;[m : File Action "DoesFileExist" successfully performed. With the following test data "File Path: "src/test/resources/testDataFiles/Schemas/Payment_Policy_schema.json"".
2023-01-22 22:14:55.625 &amp#27;[32m INFO&amp#27;[m &amp#27;[35m[@503 - main]&amp#27;[m &amp#27;[36mcom.shaft.tools.io.ReportManager&amp#27;[m : File Action "GetAbsolutePath" successfully performed. With the following test data "Relative Folder Path: "src/test/resources/testDataFiles/Schemas/Payment_Policy_schema.json"".
2023-01-22 22:14:55.627 &amp#27;[32m INFO&amp#27;[m &amp#27;[35m[@503 - main]&amp#27;[m &amp#27;[36mcom.shaft.tools.io.ReportManager&amp#27;[m : File Action "DoesFileExist" successfully performed. With the following test data "File Path: "C:\eclipse-workspace\MyProjects\TASystemsAPIs\src\test\resources\testDataFiles\Schemas\Payment_Policy_schema.json"".
2023-01-22 22:14:55.627 &amp#27;[32m INFO&amp#27;[m &amp#27;[35m[@503 - main]&amp#27;[m &amp#27;[36mcom.shaft.tools.io.ReportManager&amp#27;[m : File Action "GetAbsolutePath" successfully performed. With the following test data "Relative Folder Path: "C:\eclipse-workspace\MyProjects\TASystemsAPIs\src\test\resources\testDataFiles\Schemas\Payment_Policy_schema.json"".
2023-01-22 22:14:55.627 &amp#27;[32m INFO&amp#27;[m &amp#27;[35m[@503 - main]&amp#27;[m &amp#27;[36mcom.shaft.tools.io.ReportManager&amp#27;[m : File Action "ReadFile" successfully performed. With the following test data "File Path: "C:\eclipse-workspace\MyProjects\TASystemsAPIs\src\test\resources\testDataFiles\Schemas\Payment_Policy_schema.json"".
2023-01-22 22:14:55.628 &amp#27;[32m INFO&amp#27;[m &amp#27;[35m[@503 - main]&amp#27;[m &amp#27;[36mcom.shaft.tools.io.ReportManager&amp#27;[m : Successfully created attachment "Validation Test Data - Expected JSON Value"
2023-01-22 22:14:55.629 &amp#27;[32m INFO&amp#27;[m &amp#27;[35m[@503 - main]&amp#27;[m &amp#27;[36mcom.shaft.tools.io.ReportManager&amp#27;[m : Successfully created attachment "Validation Test Data - Actual JSON Value"
2023-01-22 22:14:55.630 &amp#27;[32m INFO&amp#27;[m &amp#27;[35m[@503 - main]&amp#27;[m &amp#27;[36mcom.shaft.tools.io.ReportManager&amp#27;[m : Successfully created attachment "SHAFT Engine Logs - Current Method log: Valid_Get_Payment_Policy_TC"
]]></system-out>
  </testcase>
  <testcase name="Valid_Get_Tax_Policy_TC[[Ljava.lang.Object;@79a45985](1)" classname="SteeringCompanyAPI_TestCases.Test_Policies_Cases" time="1.961">
    <system-out><![CDATA[2023-01-22 22:14:55.638 &amp#27;[32m INFO&amp#27;[m &amp#27;[35m[@534 - main]&amp#27;[m &amp#27;[36mcom.shaft.tools.io.ReportManager&amp#27;[m : 
################################################################################################################################################
Starting Execution:	"343 out of 83" test cases in the current suite
Test Method:		"SteeringCompanyAPI_TestCases.Test_Policies_Cases.Valid_Get_Tax_Policy_TC"
Test Description:	"TC016 -Policy- Perform Get Valid Tax Policy"
################################################################################################################################################
2023-01-22 22:14:55.638 &amp#27;[32m INFO&amp#27;[m &amp#27;[35m[@503 - main]&amp#27;[m &amp#27;[36mcom.shaft.tools.io.ReportManager&amp#27;[m : File Action "DoesFileExist" successfully performed. With the following test data "File Path: "SteeringCompanyAPI_TestData/SteeringCompanyAPI_TestData.xlsx"".
2023-01-22 22:14:55.659 &amp#27;[32m INFO&amp#27;[m &amp#27;[35m[@503 - main]&amp#27;[m &amp#27;[36mcom.shaft.tools.io.ReportManager&amp#27;[m : Successfully created attachment "Test Data - Excel"
2023-01-22 22:14:56.550 &amp#27;[32m INFO&amp#27;[m &amp#27;[35m[@503 - main]&amp#27;[m &amp#27;[36mcom.shaft.tools.io.ReportManager&amp#27;[m : Response status code: "200", status line: "HTTP/1.1 200 OK"
2023-01-22 22:14:56.562 &amp#27;[32m INFO&amp#27;[m &amp#27;[35m[@503 - main]&amp#27;[m &amp#27;[36mcom.shaft.tools.io.ReportManager&amp#27;[m : Successfully created attachment "API Request - Specifications"
2023-01-22 22:14:56.563 &amp#27;[32m INFO&amp#27;[m &amp#27;[35m[@503 - main]&amp#27;[m &amp#27;[36mcom.shaft.tools.io.ReportManager&amp#27;[m : Successfully created attachment "API Request - Body"
2023-01-22 22:14:56.563 &amp#27;[32m INFO&amp#27;[m &amp#27;[35m[@503 - main]&amp#27;[m &amp#27;[36mcom.shaft.tools.io.ReportManager&amp#27;[m : Successfully created attachment "API Response - JSON Body"
2023-01-22 22:14:56.571 &amp#27;[32m INFO&amp#27;[m &amp#27;[35m[@503 - main]&amp#27;[m &amp#27;[36mcom.shaft.tools.io.ReportManager&amp#27;[m : File Action "DoesFileExist" successfully performed. With the following test data "File Path: "SteeringCompanyAPI_TestData/SteeringCompanyAPI_TestData.xlsx"".
2023-01-22 22:14:56.601 &amp#27;[32m INFO&amp#27;[m &amp#27;[35m[@503 - main]&amp#27;[m &amp#27;[36mcom.shaft.tools.io.ReportManager&amp#27;[m : Successfully created attachment "Test Data - Excel"
2023-01-22 22:14:56.602 &amp#27;[32m INFO&amp#27;[m &amp#27;[35m[@503 - main]&amp#27;[m &amp#27;[36mcom.shaft.tools.io.ReportManager&amp#27;[m : File Action "DoesFileExist" successfully performed. With the following test data "File Path: "SteeringCompanyAPI_TestData/SteeringCompanyAPI_TestData.xlsx"".
2023-01-22 22:14:56.626 &amp#27;[32m INFO&amp#27;[m &amp#27;[35m[@503 - main]&amp#27;[m &amp#27;[36mcom.shaft.tools.io.ReportManager&amp#27;[m : Successfully created attachment "Test Data - Excel"
2023-01-22 22:14:56.626 &amp#27;[32m INFO&amp#27;[m &amp#27;[35m[@503 - main]&amp#27;[m &amp#27;[36mcom.shaft.tools.io.ReportManager&amp#27;[m : File Action "DoesFileExist" successfully performed. With the following test data "File Path: "SteeringCompanyAPI_TestData/SteeringCompanyAPI_TestData.xlsx"".
2023-01-22 22:14:56.649 &amp#27;[32m INFO&amp#27;[m &amp#27;[35m[@503 - main]&amp#27;[m &amp#27;[36mcom.shaft.tools.io.ReportManager&amp#27;[m : Successfully created attachment "Test Data - Excel"
2023-01-22 22:14:57.413 &amp#27;[32m INFO&amp#27;[m &amp#27;[35m[@503 - main]&amp#27;[m &amp#27;[36mcom.shaft.tools.io.ReportManager&amp#27;[m : Response status code: "200", status line: "HTTP/1.1 200 "
2023-01-22 22:14:57.436 &amp#27;[32m INFO&amp#27;[m &amp#27;[35m[@503 - main]&amp#27;[m &amp#27;[36mcom.shaft.tools.io.ReportManager&amp#27;[m : Successfully created attachment "API Request - Specifications"
2023-01-22 22:14:57.437 &amp#27;[32m INFO&amp#27;[m &amp#27;[35m[@503 - main]&amp#27;[m &amp#27;[36mcom.shaft.tools.io.ReportManager&amp#27;[m : Successfully created attachment "API Response - JSON Body"
2023-01-22 22:14:57.438 &amp#27;[32m INFO&amp#27;[m &amp#27;[35m[@503 - main]&amp#27;[m &amp#27;[36mcom.shaft.tools.io.ReportManager&amp#27;[m : File Action "DoesFileExist" successfully performed. With the following test data "File Path: "src/test/resources/testDataFiles/SteeringCompanyAPI_TestData/SteeringCompanyAPI_TestData.xlsx"".
2023-01-22 22:14:57.511 &amp#27;[32m INFO&amp#27;[m &amp#27;[35m[@503 - main]&amp#27;[m &amp#27;[36mcom.shaft.tools.io.ReportManager&amp#27;[m : File Action "DoesFileExist" successfully performed. With the following test data "File Path: "SteeringCompanyAPI_TestData/SteeringCompanyAPI_TestData.xlsx"".
2023-01-22 22:14:57.552 &amp#27;[32m INFO&amp#27;[m &amp#27;[35m[@503 - main]&amp#27;[m &amp#27;[36mcom.shaft.tools.io.ReportManager&amp#27;[m : Successfully created attachment "Test Data - Excel"
2023-01-22 22:14:57.552 &amp#27;[32m INFO&amp#27;[m &amp#27;[35m[@503 - main]&amp#27;[m &amp#27;[36mcom.shaft.tools.io.ReportManager&amp#27;[m : File Action "DoesFileExist" successfully performed. With the following test data "File Path: "SteeringCompanyAPI_TestData/SteeringCompanyAPI_TestData.xlsx"".
2023-01-22 22:14:57.588 &amp#27;[32m INFO&amp#27;[m &amp#27;[35m[@503 - main]&amp#27;[m &amp#27;[36mcom.shaft.tools.io.ReportManager&amp#27;[m : Successfully created attachment "Test Data - Excel"
2023-01-22 22:14:57.590 &amp#27;[32m INFO&amp#27;[m &amp#27;[35m[@503 - main]&amp#27;[m &amp#27;[36mcom.shaft.tools.io.ReportManager&amp#27;[m : File Action "DoesFileExist" successfully performed. With the following test data "File Path: "Schemas/Tax_Policy_schema.json"".
2023-01-22 22:14:57.590 &amp#27;[32m INFO&amp#27;[m &amp#27;[35m[@503 - main]&amp#27;[m &amp#27;[36mcom.shaft.tools.io.ReportManager&amp#27;[m : File Action "DoesFileExist" successfully performed. With the following test data "File Path: "src/test/resources/testDataFiles/Schemas/Tax_Policy_schema.json"".
2023-01-22 22:14:57.590 &amp#27;[32m INFO&amp#27;[m &amp#27;[35m[@503 - main]&amp#27;[m &amp#27;[36mcom.shaft.tools.io.ReportManager&amp#27;[m : File Action "GetAbsolutePath" successfully performed. With the following test data "Relative Folder Path: "src/test/resources/testDataFiles/Schemas/Tax_Policy_schema.json"".
2023-01-22 22:14:57.592 &amp#27;[32m INFO&amp#27;[m &amp#27;[35m[@503 - main]&amp#27;[m &amp#27;[36mcom.shaft.tools.io.ReportManager&amp#27;[m : File Action "DoesFileExist" successfully performed. With the following test data "File Path: "C:\eclipse-workspace\MyProjects\TASystemsAPIs\src\test\resources\testDataFiles\Schemas\Tax_Policy_schema.json"".
2023-01-22 22:14:57.592 &amp#27;[32m INFO&amp#27;[m &amp#27;[35m[@503 - main]&amp#27;[m &amp#27;[36mcom.shaft.tools.io.ReportManager&amp#27;[m : File Action "GetAbsolutePath" successfully performed. With the following test data "Relative Folder Path: "C:\eclipse-workspace\MyProjects\TASystemsAPIs\src\test\resources\testDataFiles\Schemas\Tax_Policy_schema.json"".
2023-01-22 22:14:57.593 &amp#27;[32m INFO&amp#27;[m &amp#27;[35m[@503 - main]&amp#27;[m &amp#27;[36mcom.shaft.tools.io.ReportManager&amp#27;[m : File Action "ReadFile" successfully performed. With the following test data "File Path: "C:\eclipse-workspace\MyProjects\TASystemsAPIs\src\test\resources\testDataFiles\Schemas\Tax_Policy_schema.json"".
2023-01-22 22:14:57.594 &amp#27;[32m INFO&amp#27;[m &amp#27;[35m[@503 - main]&amp#27;[m &amp#27;[36mcom.shaft.tools.io.ReportManager&amp#27;[m : Successfully created attachment "Validation Test Data - Expected JSON Value"
2023-01-22 22:14:57.595 &amp#27;[32m INFO&amp#27;[m &amp#27;[35m[@503 - main]&amp#27;[m &amp#27;[36mcom.shaft.tools.io.ReportManager&amp#27;[m : Successfully created attachment "Validation Test Data - Actual JSON Value"
2023-01-22 22:14:57.596 &amp#27;[32m INFO&amp#27;[m &amp#27;[35m[@503 - main]&amp#27;[m &amp#27;[36mcom.shaft.tools.io.ReportManager&amp#27;[m : Successfully created attachment "SHAFT Engine Logs - Current Method log: Valid_Get_Tax_Policy_TC"
]]></system-out>
  </testcase>
  <testcase name="Valid_Get_Tax_Policy_TC[[Ljava.lang.Object;@23ea8699](2)" classname="SteeringCompanyAPI_TestCases.Test_Policies_Cases" time="1.948">
    <system-out><![CDATA[2023-01-22 22:14:57.600 &amp#27;[32m INFO&amp#27;[m &amp#27;[35m[@534 - main]&amp#27;[m &amp#27;[36mcom.shaft.tools.io.ReportManager&amp#27;[m : 
################################################################################################################################################
Starting Execution:	"344 out of 83" test cases in the current suite
Test Method:		"SteeringCompanyAPI_TestCases.Test_Policies_Cases.Valid_Get_Tax_Policy_TC"
Test Description:	"TC016 -Policy- Perform Get Valid Tax Policy"
################################################################################################################################################
2023-01-22 22:14:57.601 &amp#27;[32m INFO&amp#27;[m &amp#27;[35m[@503 - main]&amp#27;[m &amp#27;[36mcom.shaft.tools.io.ReportManager&amp#27;[m : File Action "DoesFileExist" successfully performed. With the following test data "File Path: "SteeringCompanyAPI_TestData/SteeringCompanyAPI_TestData.xlsx"".
2023-01-22 22:14:57.638 &amp#27;[32m INFO&amp#27;[m &amp#27;[35m[@503 - main]&amp#27;[m &amp#27;[36mcom.shaft.tools.io.ReportManager&amp#27;[m : Successfully created attachment "Test Data - Excel"
2023-01-22 22:14:58.515 &amp#27;[32m INFO&amp#27;[m &amp#27;[35m[@503 - main]&amp#27;[m &amp#27;[36mcom.shaft.tools.io.ReportManager&amp#27;[m : Response status code: "200", status line: "HTTP/1.1 200 OK"
2023-01-22 22:14:58.523 &amp#27;[32m INFO&amp#27;[m &amp#27;[35m[@503 - main]&amp#27;[m &amp#27;[36mcom.shaft.tools.io.ReportManager&amp#27;[m : Successfully created attachment "API Request - Specifications"
2023-01-22 22:14:58.523 &amp#27;[32m INFO&amp#27;[m &amp#27;[35m[@503 - main]&amp#27;[m &amp#27;[36mcom.shaft.tools.io.ReportManager&amp#27;[m : Successfully created attachment "API Request - Body"
2023-01-22 22:14:58.525 &amp#27;[32m INFO&amp#27;[m &amp#27;[35m[@503 - main]&amp#27;[m &amp#27;[36mcom.shaft.tools.io.ReportManager&amp#27;[m : Successfully created attachment "API Response - JSON Body"
2023-01-22 22:14:58.533 &amp#27;[32m INFO&amp#27;[m &amp#27;[35m[@503 - main]&amp#27;[m &amp#27;[36mcom.shaft.tools.io.ReportManager&amp#27;[m : File Action "DoesFileExist" successfully performed. With the following test data "File Path: "SteeringCompanyAPI_TestData/SteeringCompanyAPI_TestData.xlsx"".
2023-01-22 22:14:58.579 &amp#27;[32m INFO&amp#27;[m &amp#27;[35m[@503 - main]&amp#27;[m &amp#27;[36mcom.shaft.tools.io.ReportManager&amp#27;[m : Successfully created attachment "Test Data - Excel"
2023-01-22 22:14:58.580 &amp#27;[32m INFO&amp#27;[m &amp#27;[35m[@503 - main]&amp#27;[m &amp#27;[36mcom.shaft.tools.io.ReportManager&amp#27;[m : File Action "DoesFileExist" successfully performed. With the following test data "File Path: "SteeringCompanyAPI_TestData/SteeringCompanyAPI_TestData.xlsx"".
2023-01-22 22:14:58.605 &amp#27;[32m INFO&amp#27;[m &amp#27;[35m[@503 - main]&amp#27;[m &amp#27;[36mcom.shaft.tools.io.ReportManager&amp#27;[m : Successfully created attachment "Test Data - Excel"
2023-01-22 22:14:58.606 &amp#27;[32m INFO&amp#27;[m &amp#27;[35m[@503 - main]&amp#27;[m &amp#27;[36mcom.shaft.tools.io.ReportManager&amp#27;[m : File Action "DoesFileExist" successfully performed. With the following test data "File Path: "SteeringCompanyAPI_TestData/SteeringCompanyAPI_TestData.xlsx"".
2023-01-22 22:14:58.630 &amp#27;[32m INFO&amp#27;[m &amp#27;[35m[@503 - main]&amp#27;[m &amp#27;[36mcom.shaft.tools.io.ReportManager&amp#27;[m : Successfully created attachment "Test Data - Excel"
2023-01-22 22:14:59.403 &amp#27;[32m INFO&amp#27;[m &amp#27;[35m[@503 - main]&amp#27;[m &amp#27;[36mcom.shaft.tools.io.ReportManager&amp#27;[m : Response status code: "200", status line: "HTTP/1.1 200 "
2023-01-22 22:14:59.416 &amp#27;[32m INFO&amp#27;[m &amp#27;[35m[@503 - main]&amp#27;[m &amp#27;[36mcom.shaft.tools.io.ReportManager&amp#27;[m : Successfully created attachment "API Request - Specifications"
2023-01-22 22:14:59.417 &amp#27;[32m INFO&amp#27;[m &amp#27;[35m[@503 - main]&amp#27;[m &amp#27;[36mcom.shaft.tools.io.ReportManager&amp#27;[m : Successfully created attachment "API Response - JSON Body"
2023-01-22 22:14:59.418 &amp#27;[32m INFO&amp#27;[m &amp#27;[35m[@503 - main]&amp#27;[m &amp#27;[36mcom.shaft.tools.io.ReportManager&amp#27;[m : File Action "DoesFileExist" successfully performed. With the following test data "File Path: "src/test/resources/testDataFiles/SteeringCompanyAPI_TestData/SteeringCompanyAPI_TestData.xlsx"".
2023-01-22 22:14:59.473 &amp#27;[32m INFO&amp#27;[m &amp#27;[35m[@503 - main]&amp#27;[m &amp#27;[36mcom.shaft.tools.io.ReportManager&amp#27;[m : File Action "DoesFileExist" successfully performed. With the following test data "File Path: "SteeringCompanyAPI_TestData/SteeringCompanyAPI_TestData.xlsx"".
2023-01-22 22:14:59.505 &amp#27;[32m INFO&amp#27;[m &amp#27;[35m[@503 - main]&amp#27;[m &amp#27;[36mcom.shaft.tools.io.ReportManager&amp#27;[m : Successfully created attachment "Test Data - Excel"
2023-01-22 22:14:59.505 &amp#27;[32m INFO&amp#27;[m &amp#27;[35m[@503 - main]&amp#27;[m &amp#27;[36mcom.shaft.tools.io.ReportManager&amp#27;[m : File Action "DoesFileExist" successfully performed. With the following test data "File Path: "SteeringCompanyAPI_TestData/SteeringCompanyAPI_TestData.xlsx"".
2023-01-22 22:14:59.525 &amp#27;[32m INFO&amp#27;[m &amp#27;[35m[@503 - main]&amp#27;[m &amp#27;[36mcom.shaft.tools.io.ReportManager&amp#27;[m : Successfully created attachment "Test Data - Excel"
2023-01-22 22:14:59.527 &amp#27;[32m INFO&amp#27;[m &amp#27;[35m[@503 - main]&amp#27;[m &amp#27;[36mcom.shaft.tools.io.ReportManager&amp#27;[m : File Action "DoesFileExist" successfully performed. With the following test data "File Path: "Schemas/Tax_Policy_schema.json"".
2023-01-22 22:14:59.527 &amp#27;[32m INFO&amp#27;[m &amp#27;[35m[@503 - main]&amp#27;[m &amp#27;[36mcom.shaft.tools.io.ReportManager&amp#27;[m : File Action "DoesFileExist" successfully performed. With the following test data "File Path: "src/test/resources/testDataFiles/Schemas/Tax_Policy_schema.json"".
2023-01-22 22:14:59.527 &amp#27;[32m INFO&amp#27;[m &amp#27;[35m[@503 - main]&amp#27;[m &amp#27;[36mcom.shaft.tools.io.ReportManager&amp#27;[m : File Action "GetAbsolutePath" successfully performed. With the following test data "Relative Folder Path: "src/test/resources/testDataFiles/Schemas/Tax_Policy_schema.json"".
2023-01-22 22:14:59.531 &amp#27;[32m INFO&amp#27;[m &amp#27;[35m[@503 - main]&amp#27;[m &amp#27;[36mcom.shaft.tools.io.ReportManager&amp#27;[m : File Action "DoesFileExist" successfully performed. With the following test data "File Path: "C:\eclipse-workspace\MyProjects\TASystemsAPIs\src\test\resources\testDataFiles\Schemas\Tax_Policy_schema.json"".
2023-01-22 22:14:59.531 &amp#27;[32m INFO&amp#27;[m &amp#27;[35m[@503 - main]&amp#27;[m &amp#27;[36mcom.shaft.tools.io.ReportManager&amp#27;[m : File Action "GetAbsolutePath" successfully performed. With the following test data "Relative Folder Path: "C:\eclipse-workspace\MyProjects\TASystemsAPIs\src\test\resources\testDataFiles\Schemas\Tax_Policy_schema.json"".
2023-01-22 22:14:59.531 &amp#27;[32m INFO&amp#27;[m &amp#27;[35m[@503 - main]&amp#27;[m &amp#27;[36mcom.shaft.tools.io.ReportManager&amp#27;[m : File Action "ReadFile" successfully performed. With the following test data "File Path: "C:\eclipse-workspace\MyProjects\TASystemsAPIs\src\test\resources\testDataFiles\Schemas\Tax_Policy_schema.json"".
2023-01-22 22:14:59.540 &amp#27;[32m INFO&amp#27;[m &amp#27;[35m[@503 - main]&amp#27;[m &amp#27;[36mcom.shaft.tools.io.ReportManager&amp#27;[m : Successfully created attachment "Validation Test Data - Expected JSON Value"
2023-01-22 22:14:59.541 &amp#27;[32m INFO&amp#27;[m &amp#27;[35m[@503 - main]&amp#27;[m &amp#27;[36mcom.shaft.tools.io.ReportManager&amp#27;[m : Successfully created attachment "Validation Test Data - Actual JSON Value"
2023-01-22 22:14:59.542 &amp#27;[32m INFO&amp#27;[m &amp#27;[35m[@503 - main]&amp#27;[m &amp#27;[36mcom.shaft.tools.io.ReportManager&amp#27;[m : Successfully created attachment "SHAFT Engine Logs - Current Method log: Valid_Get_Tax_Policy_TC"
]]></system-out>
  </testcase>
  <testcase name="Valid_Get_Usage_Policy_TC[[Ljava.lang.Object;@3a691e52](1)" classname="SteeringCompanyAPI_TestCases.Test_Policies_Cases" time="3.46">
    <system-out><![CDATA[2023-01-22 22:14:59.549 &amp#27;[32m INFO&amp#27;[m &amp#27;[35m[@534 - main]&amp#27;[m &amp#27;[36mcom.shaft.tools.io.ReportManager&amp#27;[m : 
################################################################################################################################################
Starting Execution:	"345 out of 83" test cases in the current suite
Test Method:		"SteeringCompanyAPI_TestCases.Test_Policies_Cases.Valid_Get_Usage_Policy_TC"
Test Description:	"TC017 -Policy- Perform Get Valid Usage Policy"
################################################################################################################################################
2023-01-22 22:14:59.549 &amp#27;[32m INFO&amp#27;[m &amp#27;[35m[@503 - main]&amp#27;[m &amp#27;[36mcom.shaft.tools.io.ReportManager&amp#27;[m : File Action "DoesFileExist" successfully performed. With the following test data "File Path: "SteeringCompanyAPI_TestData/SteeringCompanyAPI_TestData.xlsx"".
2023-01-22 22:14:59.572 &amp#27;[32m INFO&amp#27;[m &amp#27;[35m[@503 - main]&amp#27;[m &amp#27;[36mcom.shaft.tools.io.ReportManager&amp#27;[m : Successfully created attachment "Test Data - Excel"
2023-01-22 22:15:01.817 &amp#27;[32m INFO&amp#27;[m &amp#27;[35m[@503 - main]&amp#27;[m &amp#27;[36mcom.shaft.tools.io.ReportManager&amp#27;[m : Response status code: "200", status line: "HTTP/1.1 200 OK"
2023-01-22 22:15:01.830 &amp#27;[32m INFO&amp#27;[m &amp#27;[35m[@503 - main]&amp#27;[m &amp#27;[36mcom.shaft.tools.io.ReportManager&amp#27;[m : Successfully created attachment "API Request - Specifications"
2023-01-22 22:15:01.870 &amp#27;[32m INFO&amp#27;[m &amp#27;[35m[@503 - main]&amp#27;[m &amp#27;[36mcom.shaft.tools.io.ReportManager&amp#27;[m : Successfully created attachment "API Request - Body"
2023-01-22 22:15:01.872 &amp#27;[32m INFO&amp#27;[m &amp#27;[35m[@503 - main]&amp#27;[m &amp#27;[36mcom.shaft.tools.io.ReportManager&amp#27;[m : Successfully created attachment "API Response - JSON Body"
2023-01-22 22:15:01.880 &amp#27;[32m INFO&amp#27;[m &amp#27;[35m[@503 - main]&amp#27;[m &amp#27;[36mcom.shaft.tools.io.ReportManager&amp#27;[m : File Action "DoesFileExist" successfully performed. With the following test data "File Path: "SteeringCompanyAPI_TestData/SteeringCompanyAPI_TestData.xlsx"".
2023-01-22 22:15:01.915 &amp#27;[32m INFO&amp#27;[m &amp#27;[35m[@503 - main]&amp#27;[m &amp#27;[36mcom.shaft.tools.io.ReportManager&amp#27;[m : Successfully created attachment "Test Data - Excel"
2023-01-22 22:15:01.915 &amp#27;[32m INFO&amp#27;[m &amp#27;[35m[@503 - main]&amp#27;[m &amp#27;[36mcom.shaft.tools.io.ReportManager&amp#27;[m : File Action "DoesFileExist" successfully performed. With the following test data "File Path: "SteeringCompanyAPI_TestData/SteeringCompanyAPI_TestData.xlsx"".
2023-01-22 22:15:01.943 &amp#27;[32m INFO&amp#27;[m &amp#27;[35m[@503 - main]&amp#27;[m &amp#27;[36mcom.shaft.tools.io.ReportManager&amp#27;[m : Successfully created attachment "Test Data - Excel"
2023-01-22 22:15:01.943 &amp#27;[32m INFO&amp#27;[m &amp#27;[35m[@503 - main]&amp#27;[m &amp#27;[36mcom.shaft.tools.io.ReportManager&amp#27;[m : File Action "DoesFileExist" successfully performed. With the following test data "File Path: "SteeringCompanyAPI_TestData/SteeringCompanyAPI_TestData.xlsx"".
2023-01-22 22:15:01.971 &amp#27;[32m INFO&amp#27;[m &amp#27;[35m[@503 - main]&amp#27;[m &amp#27;[36mcom.shaft.tools.io.ReportManager&amp#27;[m : Successfully created attachment "Test Data - Excel"
2023-01-22 22:15:02.842 &amp#27;[32m INFO&amp#27;[m &amp#27;[35m[@503 - main]&amp#27;[m &amp#27;[36mcom.shaft.tools.io.ReportManager&amp#27;[m : Response status code: "200", status line: "HTTP/1.1 200 "
2023-01-22 22:15:02.856 &amp#27;[32m INFO&amp#27;[m &amp#27;[35m[@503 - main]&amp#27;[m &amp#27;[36mcom.shaft.tools.io.ReportManager&amp#27;[m : Successfully created attachment "API Request - Specifications"
2023-01-22 22:15:02.892 &amp#27;[32m INFO&amp#27;[m &amp#27;[35m[@503 - main]&amp#27;[m &amp#27;[36mcom.shaft.tools.io.ReportManager&amp#27;[m : Successfully created attachment "API Response - JSON Body"
2023-01-22 22:15:02.892 &amp#27;[32m INFO&amp#27;[m &amp#27;[35m[@503 - main]&amp#27;[m &amp#27;[36mcom.shaft.tools.io.ReportManager&amp#27;[m : File Action "DoesFileExist" successfully performed. With the following test data "File Path: "src/test/resources/testDataFiles/SteeringCompanyAPI_TestData/SteeringCompanyAPI_TestData.xlsx"".
2023-01-22 22:15:02.942 &amp#27;[32m INFO&amp#27;[m &amp#27;[35m[@503 - main]&amp#27;[m &amp#27;[36mcom.shaft.tools.io.ReportManager&amp#27;[m : File Action "DoesFileExist" successfully performed. With the following test data "File Path: "SteeringCompanyAPI_TestData/SteeringCompanyAPI_TestData.xlsx"".
2023-01-22 22:15:02.968 &amp#27;[32m INFO&amp#27;[m &amp#27;[35m[@503 - main]&amp#27;[m &amp#27;[36mcom.shaft.tools.io.ReportManager&amp#27;[m : Successfully created attachment "Test Data - Excel"
2023-01-22 22:15:02.969 &amp#27;[32m INFO&amp#27;[m &amp#27;[35m[@503 - main]&amp#27;[m &amp#27;[36mcom.shaft.tools.io.ReportManager&amp#27;[m : File Action "DoesFileExist" successfully performed. With the following test data "File Path: "SteeringCompanyAPI_TestData/SteeringCompanyAPI_TestData.xlsx"".
2023-01-22 22:15:02.992 &amp#27;[32m INFO&amp#27;[m &amp#27;[35m[@503 - main]&amp#27;[m &amp#27;[36mcom.shaft.tools.io.ReportManager&amp#27;[m : Successfully created attachment "Test Data - Excel"
2023-01-22 22:15:02.993 &amp#27;[32m INFO&amp#27;[m &amp#27;[35m[@503 - main]&amp#27;[m &amp#27;[36mcom.shaft.tools.io.ReportManager&amp#27;[m : File Action "DoesFileExist" successfully performed. With the following test data "File Path: "Schemas/Usage_Policy_schema.json"".
2023-01-22 22:15:02.993 &amp#27;[32m INFO&amp#27;[m &amp#27;[35m[@503 - main]&amp#27;[m &amp#27;[36mcom.shaft.tools.io.ReportManager&amp#27;[m : File Action "DoesFileExist" successfully performed. With the following test data "File Path: "src/test/resources/testDataFiles/Schemas/Usage_Policy_schema.json"".
2023-01-22 22:15:02.993 &amp#27;[32m INFO&amp#27;[m &amp#27;[35m[@503 - main]&amp#27;[m &amp#27;[36mcom.shaft.tools.io.ReportManager&amp#27;[m : File Action "GetAbsolutePath" successfully performed. With the following test data "Relative Folder Path: "src/test/resources/testDataFiles/Schemas/Usage_Policy_schema.json"".
2023-01-22 22:15:02.996 &amp#27;[32m INFO&amp#27;[m &amp#27;[35m[@503 - main]&amp#27;[m &amp#27;[36mcom.shaft.tools.io.ReportManager&amp#27;[m : File Action "DoesFileExist" successfully performed. With the following test data "File Path: "C:\eclipse-workspace\MyProjects\TASystemsAPIs\src\test\resources\testDataFiles\Schemas\Usage_Policy_schema.json"".
2023-01-22 22:15:02.996 &amp#27;[32m INFO&amp#27;[m &amp#27;[35m[@503 - main]&amp#27;[m &amp#27;[36mcom.shaft.tools.io.ReportManager&amp#27;[m : File Action "GetAbsolutePath" successfully performed. With the following test data "Relative Folder Path: "C:\eclipse-workspace\MyProjects\TASystemsAPIs\src\test\resources\testDataFiles\Schemas\Usage_Policy_schema.json"".
2023-01-22 22:15:02.996 &amp#27;[32m INFO&amp#27;[m &amp#27;[35m[@503 - main]&amp#27;[m &amp#27;[36mcom.shaft.tools.io.ReportManager&amp#27;[m : File Action "ReadFile" successfully performed. With the following test data "File Path: "C:\eclipse-workspace\MyProjects\TASystemsAPIs\src\test\resources\testDataFiles\Schemas\Usage_Policy_schema.json"".
2023-01-22 22:15:03.004 &amp#27;[32m INFO&amp#27;[m &amp#27;[35m[@503 - main]&amp#27;[m &amp#27;[36mcom.shaft.tools.io.ReportManager&amp#27;[m : Successfully created attachment "Validation Test Data - Expected JSON Value"
2023-01-22 22:15:03.005 &amp#27;[32m INFO&amp#27;[m &amp#27;[35m[@503 - main]&amp#27;[m &amp#27;[36mcom.shaft.tools.io.ReportManager&amp#27;[m : Successfully created attachment "Validation Test Data - Actual JSON Value"
2023-01-22 22:15:03.007 &amp#27;[32m INFO&amp#27;[m &amp#27;[35m[@503 - main]&amp#27;[m &amp#27;[36mcom.shaft.tools.io.ReportManager&amp#27;[m : Successfully created attachment "SHAFT Engine Logs - Current Method log: Valid_Get_Usage_Policy_TC"
]]></system-out>
  </testcase>
  <testcase name="Valid_Get_Usage_Policy_TC[[Ljava.lang.Object;@61e72314](2)" classname="SteeringCompanyAPI_TestCases.Test_Policies_Cases" time="2.155">
    <system-out><![CDATA[2023-01-22 22:15:03.010 &amp#27;[32m INFO&amp#27;[m &amp#27;[35m[@534 - main]&amp#27;[m &amp#27;[36mcom.shaft.tools.io.ReportManager&amp#27;[m : 
################################################################################################################################################
Starting Execution:	"346 out of 83" test cases in the current suite
Test Method:		"SteeringCompanyAPI_TestCases.Test_Policies_Cases.Valid_Get_Usage_Policy_TC"
Test Description:	"TC017 -Policy- Perform Get Valid Usage Policy"
################################################################################################################################################
2023-01-22 22:15:03.010 &amp#27;[32m INFO&amp#27;[m &amp#27;[35m[@503 - main]&amp#27;[m &amp#27;[36mcom.shaft.tools.io.ReportManager&amp#27;[m : File Action "DoesFileExist" successfully performed. With the following test data "File Path: "SteeringCompanyAPI_TestData/SteeringCompanyAPI_TestData.xlsx"".
2023-01-22 22:15:03.032 &amp#27;[32m INFO&amp#27;[m &amp#27;[35m[@503 - main]&amp#27;[m &amp#27;[36mcom.shaft.tools.io.ReportManager&amp#27;[m : Successfully created attachment "Test Data - Excel"
2023-01-22 22:15:04.056 &amp#27;[32m INFO&amp#27;[m &amp#27;[35m[@503 - main]&amp#27;[m &amp#27;[36mcom.shaft.tools.io.ReportManager&amp#27;[m : Response status code: "200", status line: "HTTP/1.1 200 OK"
2023-01-22 22:15:04.066 &amp#27;[32m INFO&amp#27;[m &amp#27;[35m[@503 - main]&amp#27;[m &amp#27;[36mcom.shaft.tools.io.ReportManager&amp#27;[m : Successfully created attachment "API Request - Specifications"
2023-01-22 22:15:04.067 &amp#27;[32m INFO&amp#27;[m &amp#27;[35m[@503 - main]&amp#27;[m &amp#27;[36mcom.shaft.tools.io.ReportManager&amp#27;[m : Successfully created attachment "API Request - Body"
2023-01-22 22:15:04.068 &amp#27;[32m INFO&amp#27;[m &amp#27;[35m[@503 - main]&amp#27;[m &amp#27;[36mcom.shaft.tools.io.ReportManager&amp#27;[m : Successfully created attachment "API Response - JSON Body"
2023-01-22 22:15:04.075 &amp#27;[32m INFO&amp#27;[m &amp#27;[35m[@503 - main]&amp#27;[m &amp#27;[36mcom.shaft.tools.io.ReportManager&amp#27;[m : File Action "DoesFileExist" successfully performed. With the following test data "File Path: "SteeringCompanyAPI_TestData/SteeringCompanyAPI_TestData.xlsx"".
2023-01-22 22:15:04.111 &amp#27;[32m INFO&amp#27;[m &amp#27;[35m[@503 - main]&amp#27;[m &amp#27;[36mcom.shaft.tools.io.ReportManager&amp#27;[m : Successfully created attachment "Test Data - Excel"
2023-01-22 22:15:04.112 &amp#27;[32m INFO&amp#27;[m &amp#27;[35m[@503 - main]&amp#27;[m &amp#27;[36mcom.shaft.tools.io.ReportManager&amp#27;[m : File Action "DoesFileExist" successfully performed. With the following test data "File Path: "SteeringCompanyAPI_TestData/SteeringCompanyAPI_TestData.xlsx"".
2023-01-22 22:15:04.141 &amp#27;[32m INFO&amp#27;[m &amp#27;[35m[@503 - main]&amp#27;[m &amp#27;[36mcom.shaft.tools.io.ReportManager&amp#27;[m : Successfully created attachment "Test Data - Excel"
2023-01-22 22:15:04.143 &amp#27;[32m INFO&amp#27;[m &amp#27;[35m[@503 - main]&amp#27;[m &amp#27;[36mcom.shaft.tools.io.ReportManager&amp#27;[m : File Action "DoesFileExist" successfully performed. With the following test data "File Path: "SteeringCompanyAPI_TestData/SteeringCompanyAPI_TestData.xlsx"".
2023-01-22 22:15:04.168 &amp#27;[32m INFO&amp#27;[m &amp#27;[35m[@503 - main]&amp#27;[m &amp#27;[36mcom.shaft.tools.io.ReportManager&amp#27;[m : Successfully created attachment "Test Data - Excel"
2023-01-22 22:15:04.990 &amp#27;[32m INFO&amp#27;[m &amp#27;[35m[@503 - main]&amp#27;[m &amp#27;[36mcom.shaft.tools.io.ReportManager&amp#27;[m : Response status code: "200", status line: "HTTP/1.1 200 "
2023-01-22 22:15:05.003 &amp#27;[32m INFO&amp#27;[m &amp#27;[35m[@503 - main]&amp#27;[m &amp#27;[36mcom.shaft.tools.io.ReportManager&amp#27;[m : Successfully created attachment "API Request - Specifications"
2023-01-22 22:15:05.005 &amp#27;[32m INFO&amp#27;[m &amp#27;[35m[@503 - main]&amp#27;[m &amp#27;[36mcom.shaft.tools.io.ReportManager&amp#27;[m : Successfully created attachment "API Response - JSON Body"
2023-01-22 22:15:05.005 &amp#27;[32m INFO&amp#27;[m &amp#27;[35m[@503 - main]&amp#27;[m &amp#27;[36mcom.shaft.tools.io.ReportManager&amp#27;[m : File Action "DoesFileExist" successfully performed. With the following test data "File Path: "src/test/resources/testDataFiles/SteeringCompanyAPI_TestData/SteeringCompanyAPI_TestData.xlsx"".
2023-01-22 22:15:05.062 &amp#27;[32m INFO&amp#27;[m &amp#27;[35m[@503 - main]&amp#27;[m &amp#27;[36mcom.shaft.tools.io.ReportManager&amp#27;[m : File Action "DoesFileExist" successfully performed. With the following test data "File Path: "SteeringCompanyAPI_TestData/SteeringCompanyAPI_TestData.xlsx"".
2023-01-22 22:15:05.092 &amp#27;[32m INFO&amp#27;[m &amp#27;[35m[@503 - main]&amp#27;[m &amp#27;[36mcom.shaft.tools.io.ReportManager&amp#27;[m : Successfully created attachment "Test Data - Excel"
2023-01-22 22:15:05.092 &amp#27;[32m INFO&amp#27;[m &amp#27;[35m[@503 - main]&amp#27;[m &amp#27;[36mcom.shaft.tools.io.ReportManager&amp#27;[m : File Action "DoesFileExist" successfully performed. With the following test data "File Path: "SteeringCompanyAPI_TestData/SteeringCompanyAPI_TestData.xlsx"".
2023-01-22 22:15:05.120 &amp#27;[32m INFO&amp#27;[m &amp#27;[35m[@503 - main]&amp#27;[m &amp#27;[36mcom.shaft.tools.io.ReportManager&amp#27;[m : Successfully created attachment "Test Data - Excel"
2023-01-22 22:15:05.122 &amp#27;[32m INFO&amp#27;[m &amp#27;[35m[@503 - main]&amp#27;[m &amp#27;[36mcom.shaft.tools.io.ReportManager&amp#27;[m : File Action "DoesFileExist" successfully performed. With the following test data "File Path: "Schemas/Usage_Policy_schema.json"".
2023-01-22 22:15:05.122 &amp#27;[32m INFO&amp#27;[m &amp#27;[35m[@503 - main]&amp#27;[m &amp#27;[36mcom.shaft.tools.io.ReportManager&amp#27;[m : File Action "DoesFileExist" successfully performed. With the following test data "File Path: "src/test/resources/testDataFiles/Schemas/Usage_Policy_schema.json"".
2023-01-22 22:15:05.122 &amp#27;[32m INFO&amp#27;[m &amp#27;[35m[@503 - main]&amp#27;[m &amp#27;[36mcom.shaft.tools.io.ReportManager&amp#27;[m : File Action "GetAbsolutePath" successfully performed. With the following test data "Relative Folder Path: "src/test/resources/testDataFiles/Schemas/Usage_Policy_schema.json"".
2023-01-22 22:15:05.123 &amp#27;[32m INFO&amp#27;[m &amp#27;[35m[@503 - main]&amp#27;[m &amp#27;[36mcom.shaft.tools.io.ReportManager&amp#27;[m : File Action "DoesFileExist" successfully performed. With the following test data "File Path: "C:\eclipse-workspace\MyProjects\TASystemsAPIs\src\test\resources\testDataFiles\Schemas\Usage_Policy_schema.json"".
2023-01-22 22:15:05.123 &amp#27;[32m INFO&amp#27;[m &amp#27;[35m[@503 - main]&amp#27;[m &amp#27;[36mcom.shaft.tools.io.ReportManager&amp#27;[m : File Action "GetAbsolutePath" successfully performed. With the following test data "Relative Folder Path: "C:\eclipse-workspace\MyProjects\TASystemsAPIs\src\test\resources\testDataFiles\Schemas\Usage_Policy_schema.json"".
2023-01-22 22:15:05.123 &amp#27;[32m INFO&amp#27;[m &amp#27;[35m[@503 - main]&amp#27;[m &amp#27;[36mcom.shaft.tools.io.ReportManager&amp#27;[m : File Action "ReadFile" successfully performed. With the following test data "File Path: "C:\eclipse-workspace\MyProjects\TASystemsAPIs\src\test\resources\testDataFiles\Schemas\Usage_Policy_schema.json"".
2023-01-22 22:15:05.160 &amp#27;[32m INFO&amp#27;[m &amp#27;[35m[@503 - main]&amp#27;[m &amp#27;[36mcom.shaft.tools.io.ReportManager&amp#27;[m : Successfully created attachment "Validation Test Data - Expected JSON Value"
2023-01-22 22:15:05.161 &amp#27;[32m INFO&amp#27;[m &amp#27;[35m[@503 - main]&amp#27;[m &amp#27;[36mcom.shaft.tools.io.ReportManager&amp#27;[m : Successfully created attachment "Validation Test Data - Actual JSON Value"
2023-01-22 22:15:05.162 &amp#27;[32m INFO&amp#27;[m &amp#27;[35m[@503 - main]&amp#27;[m &amp#27;[36mcom.shaft.tools.io.ReportManager&amp#27;[m : Successfully created attachment "SHAFT Engine Logs - Current Method log: Valid_Get_Usage_Policy_TC"
]]></system-out>
  </testcase>
  <testcase name="Valid_Update_Cancel_Policy_TC[[Ljava.lang.Object;@5d7798de](1)" classname="SteeringCompanyAPI_TestCases.Test_Policies_Cases" time="2.149">
    <system-out><![CDATA[2023-01-22 22:15:05.167 &amp#27;[32m INFO&amp#27;[m &amp#27;[35m[@534 - main]&amp#27;[m &amp#27;[36mcom.shaft.tools.io.ReportManager&amp#27;[m : 
################################################################################################################################################
Starting Execution:	"347 out of 83" test cases in the current suite
Test Method:		"SteeringCompanyAPI_TestCases.Test_Policies_Cases.Valid_Update_Cancel_Policy_TC"
Test Description:	"TC010 -Policy- Perform Update Valid Cancel Policy"
################################################################################################################################################
2023-01-22 22:15:05.168 &amp#27;[32m INFO&amp#27;[m &amp#27;[35m[@503 - main]&amp#27;[m &amp#27;[36mcom.shaft.tools.io.ReportManager&amp#27;[m : File Action "DoesFileExist" successfully performed. With the following test data "File Path: "SteeringCompanyAPI_TestData/SteeringCompanyAPI_TestData.xlsx"".
2023-01-22 22:15:05.206 &amp#27;[32m INFO&amp#27;[m &amp#27;[35m[@503 - main]&amp#27;[m &amp#27;[36mcom.shaft.tools.io.ReportManager&amp#27;[m : Successfully created attachment "Test Data - Excel"
2023-01-22 22:15:06.203 &amp#27;[32m INFO&amp#27;[m &amp#27;[35m[@503 - main]&amp#27;[m &amp#27;[36mcom.shaft.tools.io.ReportManager&amp#27;[m : Response status code: "200", status line: "HTTP/1.1 200 OK"
2023-01-22 22:15:06.213 &amp#27;[32m INFO&amp#27;[m &amp#27;[35m[@503 - main]&amp#27;[m &amp#27;[36mcom.shaft.tools.io.ReportManager&amp#27;[m : Successfully created attachment "API Request - Specifications"
2023-01-22 22:15:06.253 &amp#27;[32m INFO&amp#27;[m &amp#27;[35m[@503 - main]&amp#27;[m &amp#27;[36mcom.shaft.tools.io.ReportManager&amp#27;[m : Successfully created attachment "API Request - Body"
2023-01-22 22:15:06.255 &amp#27;[32m INFO&amp#27;[m &amp#27;[35m[@503 - main]&amp#27;[m &amp#27;[36mcom.shaft.tools.io.ReportManager&amp#27;[m : Successfully created attachment "API Response - JSON Body"
2023-01-22 22:15:06.261 &amp#27;[32m INFO&amp#27;[m &amp#27;[35m[@503 - main]&amp#27;[m &amp#27;[36mcom.shaft.tools.io.ReportManager&amp#27;[m : File Action "DoesFileExist" successfully performed. With the following test data "File Path: "SteeringCompanyAPI_TestData/SteeringCompanyAPI_TestData.xlsx"".
2023-01-22 22:15:06.295 &amp#27;[32m INFO&amp#27;[m &amp#27;[35m[@503 - main]&amp#27;[m &amp#27;[36mcom.shaft.tools.io.ReportManager&amp#27;[m : Successfully created attachment "Test Data - Excel"
2023-01-22 22:15:06.296 &amp#27;[32m INFO&amp#27;[m &amp#27;[35m[@503 - main]&amp#27;[m &amp#27;[36mcom.shaft.tools.io.ReportManager&amp#27;[m : File Action "DoesFileExist" successfully performed. With the following test data "File Path: "SteeringCompanyAPI_TestData/SteeringCompanyAPI_TestData.xlsx"".
2023-01-22 22:15:06.318 &amp#27;[32m INFO&amp#27;[m &amp#27;[35m[@503 - main]&amp#27;[m &amp#27;[36mcom.shaft.tools.io.ReportManager&amp#27;[m : Successfully created attachment "Test Data - Excel"
2023-01-22 22:15:06.319 &amp#27;[32m INFO&amp#27;[m &amp#27;[35m[@503 - main]&amp#27;[m &amp#27;[36mcom.shaft.tools.io.ReportManager&amp#27;[m : File Action "DoesFileExist" successfully performed. With the following test data "File Path: "SteeringCompanyAPI_TestData/SteeringCompanyAPI_TestData.xlsx"".
2023-01-22 22:15:06.340 &amp#27;[32m INFO&amp#27;[m &amp#27;[35m[@503 - main]&amp#27;[m &amp#27;[36mcom.shaft.tools.io.ReportManager&amp#27;[m : Successfully created attachment "Test Data - Excel"
2023-01-22 22:15:07.145 &amp#27;[32m INFO&amp#27;[m &amp#27;[35m[@503 - main]&amp#27;[m &amp#27;[36mcom.shaft.tools.io.ReportManager&amp#27;[m : Response status code: "200", status line: "HTTP/1.1 200 "
2023-01-22 22:15:07.158 &amp#27;[32m INFO&amp#27;[m &amp#27;[35m[@503 - main]&amp#27;[m &amp#27;[36mcom.shaft.tools.io.ReportManager&amp#27;[m : Successfully created attachment "API Request - Specifications"
2023-01-22 22:15:07.159 &amp#27;[32m INFO&amp#27;[m &amp#27;[35m[@503 - main]&amp#27;[m &amp#27;[36mcom.shaft.tools.io.ReportManager&amp#27;[m : Successfully created attachment "API Request - JSON Body"
2023-01-22 22:15:07.160 &amp#27;[32m INFO&amp#27;[m &amp#27;[35m[@503 - main]&amp#27;[m &amp#27;[36mcom.shaft.tools.io.ReportManager&amp#27;[m : Successfully created attachment "API Response - JSON Body"
2023-01-22 22:15:07.160 &amp#27;[32m INFO&amp#27;[m &amp#27;[35m[@503 - main]&amp#27;[m &amp#27;[36mcom.shaft.tools.io.ReportManager&amp#27;[m : File Action "DoesFileExist" successfully performed. With the following test data "File Path: "src/test/resources/testDataFiles/SteeringCompanyAPI_TestData/SteeringCompanyAPI_TestData.xlsx"".
2023-01-22 22:15:07.217 &amp#27;[32m INFO&amp#27;[m &amp#27;[35m[@503 - main]&amp#27;[m &amp#27;[36mcom.shaft.tools.io.ReportManager&amp#27;[m : File Action "DoesFileExist" successfully performed. With the following test data "File Path: "SteeringCompanyAPI_TestData/SteeringCompanyAPI_TestData.xlsx"".
2023-01-22 22:15:07.279 &amp#27;[32m INFO&amp#27;[m &amp#27;[35m[@503 - main]&amp#27;[m &amp#27;[36mcom.shaft.tools.io.ReportManager&amp#27;[m : Successfully created attachment "Test Data - Excel"
2023-01-22 22:15:07.279 &amp#27;[32m INFO&amp#27;[m &amp#27;[35m[@503 - main]&amp#27;[m &amp#27;[36mcom.shaft.tools.io.ReportManager&amp#27;[m : File Action "DoesFileExist" successfully performed. With the following test data "File Path: "SteeringCompanyAPI_TestData/SteeringCompanyAPI_TestData.xlsx"".
2023-01-22 22:15:07.306 &amp#27;[32m INFO&amp#27;[m &amp#27;[35m[@503 - main]&amp#27;[m &amp#27;[36mcom.shaft.tools.io.ReportManager&amp#27;[m : Successfully created attachment "Test Data - Excel"
2023-01-22 22:15:07.307 &amp#27;[32m INFO&amp#27;[m &amp#27;[35m[@503 - main]&amp#27;[m &amp#27;[36mcom.shaft.tools.io.ReportManager&amp#27;[m : File Action "DoesFileExist" successfully performed. With the following test data "File Path: "Schemas/Cancel_Policy_schema.json"".
2023-01-22 22:15:07.308 &amp#27;[32m INFO&amp#27;[m &amp#27;[35m[@503 - main]&amp#27;[m &amp#27;[36mcom.shaft.tools.io.ReportManager&amp#27;[m : File Action "DoesFileExist" successfully performed. With the following test data "File Path: "src/test/resources/testDataFiles/Schemas/Cancel_Policy_schema.json"".
2023-01-22 22:15:07.308 &amp#27;[32m INFO&amp#27;[m &amp#27;[35m[@503 - main]&amp#27;[m &amp#27;[36mcom.shaft.tools.io.ReportManager&amp#27;[m : File Action "GetAbsolutePath" successfully performed. With the following test data "Relative Folder Path: "src/test/resources/testDataFiles/Schemas/Cancel_Policy_schema.json"".
2023-01-22 22:15:07.309 &amp#27;[32m INFO&amp#27;[m &amp#27;[35m[@503 - main]&amp#27;[m &amp#27;[36mcom.shaft.tools.io.ReportManager&amp#27;[m : File Action "DoesFileExist" successfully performed. With the following test data "File Path: "C:\eclipse-workspace\MyProjects\TASystemsAPIs\src\test\resources\testDataFiles\Schemas\Cancel_Policy_schema.json"".
2023-01-22 22:15:07.309 &amp#27;[32m INFO&amp#27;[m &amp#27;[35m[@503 - main]&amp#27;[m &amp#27;[36mcom.shaft.tools.io.ReportManager&amp#27;[m : File Action "GetAbsolutePath" successfully performed. With the following test data "Relative Folder Path: "C:\eclipse-workspace\MyProjects\TASystemsAPIs\src\test\resources\testDataFiles\Schemas\Cancel_Policy_schema.json"".
2023-01-22 22:15:07.309 &amp#27;[32m INFO&amp#27;[m &amp#27;[35m[@503 - main]&amp#27;[m &amp#27;[36mcom.shaft.tools.io.ReportManager&amp#27;[m : File Action "ReadFile" successfully performed. With the following test data "File Path: "C:\eclipse-workspace\MyProjects\TASystemsAPIs\src\test\resources\testDataFiles\Schemas\Cancel_Policy_schema.json"".
2023-01-22 22:15:07.310 &amp#27;[32m INFO&amp#27;[m &amp#27;[35m[@503 - main]&amp#27;[m &amp#27;[36mcom.shaft.tools.io.ReportManager&amp#27;[m : Successfully created attachment "Validation Test Data - Expected JSON Value"
2023-01-22 22:15:07.313 &amp#27;[32m INFO&amp#27;[m &amp#27;[35m[@503 - main]&amp#27;[m &amp#27;[36mcom.shaft.tools.io.ReportManager&amp#27;[m : Successfully created attachment "Validation Test Data - Actual JSON Value"
2023-01-22 22:15:07.314 &amp#27;[32m INFO&amp#27;[m &amp#27;[35m[@503 - main]&amp#27;[m &amp#27;[36mcom.shaft.tools.io.ReportManager&amp#27;[m : Successfully created attachment "SHAFT Engine Logs - Current Method log: Valid_Update_Cancel_Policy_TC"
]]></system-out>
  </testcase>
  <testcase name="Valid_Update_Cancel_Policy_TC[[Ljava.lang.Object;@4a6f671f](2)" classname="SteeringCompanyAPI_TestCases.Test_Policies_Cases" time="2.237">
    <system-out><![CDATA[2023-01-22 22:15:07.316 &amp#27;[32m INFO&amp#27;[m &amp#27;[35m[@534 - main]&amp#27;[m &amp#27;[36mcom.shaft.tools.io.ReportManager&amp#27;[m : 
################################################################################################################################################
Starting Execution:	"348 out of 83" test cases in the current suite
Test Method:		"SteeringCompanyAPI_TestCases.Test_Policies_Cases.Valid_Update_Cancel_Policy_TC"
Test Description:	"TC010 -Policy- Perform Update Valid Cancel Policy"
################################################################################################################################################
2023-01-22 22:15:07.316 &amp#27;[32m INFO&amp#27;[m &amp#27;[35m[@503 - main]&amp#27;[m &amp#27;[36mcom.shaft.tools.io.ReportManager&amp#27;[m : File Action "DoesFileExist" successfully performed. With the following test data "File Path: "SteeringCompanyAPI_TestData/SteeringCompanyAPI_TestData.xlsx"".
2023-01-22 22:15:07.339 &amp#27;[32m INFO&amp#27;[m &amp#27;[35m[@503 - main]&amp#27;[m &amp#27;[36mcom.shaft.tools.io.ReportManager&amp#27;[m : Successfully created attachment "Test Data - Excel"
2023-01-22 22:15:08.333 &amp#27;[32m INFO&amp#27;[m &amp#27;[35m[@503 - main]&amp#27;[m &amp#27;[36mcom.shaft.tools.io.ReportManager&amp#27;[m : Response status code: "200", status line: "HTTP/1.1 200 OK"
2023-01-22 22:15:08.345 &amp#27;[32m INFO&amp#27;[m &amp#27;[35m[@503 - main]&amp#27;[m &amp#27;[36mcom.shaft.tools.io.ReportManager&amp#27;[m : Successfully created attachment "API Request - Specifications"
2023-01-22 22:15:08.345 &amp#27;[32m INFO&amp#27;[m &amp#27;[35m[@503 - main]&amp#27;[m &amp#27;[36mcom.shaft.tools.io.ReportManager&amp#27;[m : Successfully created attachment "API Request - Body"
2023-01-22 22:15:08.346 &amp#27;[32m INFO&amp#27;[m &amp#27;[35m[@503 - main]&amp#27;[m &amp#27;[36mcom.shaft.tools.io.ReportManager&amp#27;[m : Successfully created attachment "API Response - JSON Body"
2023-01-22 22:15:08.354 &amp#27;[32m INFO&amp#27;[m &amp#27;[35m[@503 - main]&amp#27;[m &amp#27;[36mcom.shaft.tools.io.ReportManager&amp#27;[m : File Action "DoesFileExist" successfully performed. With the following test data "File Path: "SteeringCompanyAPI_TestData/SteeringCompanyAPI_TestData.xlsx"".
2023-01-22 22:15:08.387 &amp#27;[32m INFO&amp#27;[m &amp#27;[35m[@503 - main]&amp#27;[m &amp#27;[36mcom.shaft.tools.io.ReportManager&amp#27;[m : Successfully created attachment "Test Data - Excel"
2023-01-22 22:15:08.388 &amp#27;[32m INFO&amp#27;[m &amp#27;[35m[@503 - main]&amp#27;[m &amp#27;[36mcom.shaft.tools.io.ReportManager&amp#27;[m : File Action "DoesFileExist" successfully performed. With the following test data "File Path: "SteeringCompanyAPI_TestData/SteeringCompanyAPI_TestData.xlsx"".
2023-01-22 22:15:08.408 &amp#27;[32m INFO&amp#27;[m &amp#27;[35m[@503 - main]&amp#27;[m &amp#27;[36mcom.shaft.tools.io.ReportManager&amp#27;[m : Successfully created attachment "Test Data - Excel"
2023-01-22 22:15:08.409 &amp#27;[32m INFO&amp#27;[m &amp#27;[35m[@503 - main]&amp#27;[m &amp#27;[36mcom.shaft.tools.io.ReportManager&amp#27;[m : File Action "DoesFileExist" successfully performed. With the following test data "File Path: "SteeringCompanyAPI_TestData/SteeringCompanyAPI_TestData.xlsx"".
2023-01-22 22:15:08.435 &amp#27;[32m INFO&amp#27;[m &amp#27;[35m[@503 - main]&amp#27;[m &amp#27;[36mcom.shaft.tools.io.ReportManager&amp#27;[m : Successfully created attachment "Test Data - Excel"
2023-01-22 22:15:09.397 &amp#27;[32m INFO&amp#27;[m &amp#27;[35m[@503 - main]&amp#27;[m &amp#27;[36mcom.shaft.tools.io.ReportManager&amp#27;[m : Response status code: "200", status line: "HTTP/1.1 200 "
2023-01-22 22:15:09.447 &amp#27;[32m INFO&amp#27;[m &amp#27;[35m[@503 - main]&amp#27;[m &amp#27;[36mcom.shaft.tools.io.ReportManager&amp#27;[m : Successfully created attachment "API Request - Specifications"
2023-01-22 22:15:09.449 &amp#27;[32m INFO&amp#27;[m &amp#27;[35m[@503 - main]&amp#27;[m &amp#27;[36mcom.shaft.tools.io.ReportManager&amp#27;[m : Successfully created attachment "API Request - JSON Body"
2023-01-22 22:15:09.449 &amp#27;[32m INFO&amp#27;[m &amp#27;[35m[@503 - main]&amp#27;[m &amp#27;[36mcom.shaft.tools.io.ReportManager&amp#27;[m : Successfully created attachment "API Response - JSON Body"
2023-01-22 22:15:09.450 &amp#27;[32m INFO&amp#27;[m &amp#27;[35m[@503 - main]&amp#27;[m &amp#27;[36mcom.shaft.tools.io.ReportManager&amp#27;[m : File Action "DoesFileExist" successfully performed. With the following test data "File Path: "src/test/resources/testDataFiles/SteeringCompanyAPI_TestData/SteeringCompanyAPI_TestData.xlsx"".
2023-01-22 22:15:09.499 &amp#27;[32m INFO&amp#27;[m &amp#27;[35m[@503 - main]&amp#27;[m &amp#27;[36mcom.shaft.tools.io.ReportManager&amp#27;[m : File Action "DoesFileExist" successfully performed. With the following test data "File Path: "SteeringCompanyAPI_TestData/SteeringCompanyAPI_TestData.xlsx"".
2023-01-22 22:15:09.521 &amp#27;[32m INFO&amp#27;[m &amp#27;[35m[@503 - main]&amp#27;[m &amp#27;[36mcom.shaft.tools.io.ReportManager&amp#27;[m : Successfully created attachment "Test Data - Excel"
2023-01-22 22:15:09.522 &amp#27;[32m INFO&amp#27;[m &amp#27;[35m[@503 - main]&amp#27;[m &amp#27;[36mcom.shaft.tools.io.ReportManager&amp#27;[m : File Action "DoesFileExist" successfully performed. With the following test data "File Path: "SteeringCompanyAPI_TestData/SteeringCompanyAPI_TestData.xlsx"".
2023-01-22 22:15:09.545 &amp#27;[32m INFO&amp#27;[m &amp#27;[35m[@503 - main]&amp#27;[m &amp#27;[36mcom.shaft.tools.io.ReportManager&amp#27;[m : Successfully created attachment "Test Data - Excel"
2023-01-22 22:15:09.546 &amp#27;[32m INFO&amp#27;[m &amp#27;[35m[@503 - main]&amp#27;[m &amp#27;[36mcom.shaft.tools.io.ReportManager&amp#27;[m : File Action "DoesFileExist" successfully performed. With the following test data "File Path: "Schemas/Cancel_Policy_schema.json"".
2023-01-22 22:15:09.546 &amp#27;[32m INFO&amp#27;[m &amp#27;[35m[@503 - main]&amp#27;[m &amp#27;[36mcom.shaft.tools.io.ReportManager&amp#27;[m : File Action "DoesFileExist" successfully performed. With the following test data "File Path: "src/test/resources/testDataFiles/Schemas/Cancel_Policy_schema.json"".
2023-01-22 22:15:09.546 &amp#27;[32m INFO&amp#27;[m &amp#27;[35m[@503 - main]&amp#27;[m &amp#27;[36mcom.shaft.tools.io.ReportManager&amp#27;[m : File Action "GetAbsolutePath" successfully performed. With the following test data "Relative Folder Path: "src/test/resources/testDataFiles/Schemas/Cancel_Policy_schema.json"".
2023-01-22 22:15:09.547 &amp#27;[32m INFO&amp#27;[m &amp#27;[35m[@503 - main]&amp#27;[m &amp#27;[36mcom.shaft.tools.io.ReportManager&amp#27;[m : File Action "DoesFileExist" successfully performed. With the following test data "File Path: "C:\eclipse-workspace\MyProjects\TASystemsAPIs\src\test\resources\testDataFiles\Schemas\Cancel_Policy_schema.json"".
2023-01-22 22:15:09.547 &amp#27;[32m INFO&amp#27;[m &amp#27;[35m[@503 - main]&amp#27;[m &amp#27;[36mcom.shaft.tools.io.ReportManager&amp#27;[m : File Action "GetAbsolutePath" successfully performed. With the following test data "Relative Folder Path: "C:\eclipse-workspace\MyProjects\TASystemsAPIs\src\test\resources\testDataFiles\Schemas\Cancel_Policy_schema.json"".
2023-01-22 22:15:09.547 &amp#27;[32m INFO&amp#27;[m &amp#27;[35m[@503 - main]&amp#27;[m &amp#27;[36mcom.shaft.tools.io.ReportManager&amp#27;[m : File Action "ReadFile" successfully performed. With the following test data "File Path: "C:\eclipse-workspace\MyProjects\TASystemsAPIs\src\test\resources\testDataFiles\Schemas\Cancel_Policy_schema.json"".
2023-01-22 22:15:09.548 &amp#27;[32m INFO&amp#27;[m &amp#27;[35m[@503 - main]&amp#27;[m &amp#27;[36mcom.shaft.tools.io.ReportManager&amp#27;[m : Successfully created attachment "Validation Test Data - Expected JSON Value"
2023-01-22 22:15:09.550 &amp#27;[32m INFO&amp#27;[m &amp#27;[35m[@503 - main]&amp#27;[m &amp#27;[36mcom.shaft.tools.io.ReportManager&amp#27;[m : Successfully created attachment "Validation Test Data - Actual JSON Value"
2023-01-22 22:15:09.550 &amp#27;[32m INFO&amp#27;[m &amp#27;[35m[@503 - main]&amp#27;[m &amp#27;[36mcom.shaft.tools.io.ReportManager&amp#27;[m : Successfully created attachment "SHAFT Engine Logs - Current Method log: Valid_Update_Cancel_Policy_TC"
]]></system-out>
  </testcase>
  <testcase name="Valid_Update_General_Policy_TC[[Ljava.lang.Object;@4b2e1682](1)" classname="SteeringCompanyAPI_TestCases.Test_Policies_Cases" time="2.04">
    <system-out><![CDATA[2023-01-22 22:15:09.557 &amp#27;[32m INFO&amp#27;[m &amp#27;[35m[@534 - main]&amp#27;[m &amp#27;[36mcom.shaft.tools.io.ReportManager&amp#27;[m : 
################################################################################################################################################
Starting Execution:	"349 out of 83" test cases in the current suite
Test Method:		"SteeringCompanyAPI_TestCases.Test_Policies_Cases.Valid_Update_General_Policy_TC"
Test Description:	"TC014 -Policy- Perform Update Valid General Policy"
################################################################################################################################################
2023-01-22 22:15:09.558 &amp#27;[32m INFO&amp#27;[m &amp#27;[35m[@503 - main]&amp#27;[m &amp#27;[36mcom.shaft.tools.io.ReportManager&amp#27;[m : File Action "DoesFileExist" successfully performed. With the following test data "File Path: "SteeringCompanyAPI_TestData/SteeringCompanyAPI_TestData.xlsx"".
2023-01-22 22:15:09.582 &amp#27;[32m INFO&amp#27;[m &amp#27;[35m[@503 - main]&amp#27;[m &amp#27;[36mcom.shaft.tools.io.ReportManager&amp#27;[m : Successfully created attachment "Test Data - Excel"
2023-01-22 22:15:10.518 &amp#27;[32m INFO&amp#27;[m &amp#27;[35m[@503 - main]&amp#27;[m &amp#27;[36mcom.shaft.tools.io.ReportManager&amp#27;[m : Response status code: "200", status line: "HTTP/1.1 200 OK"
2023-01-22 22:15:10.528 &amp#27;[32m INFO&amp#27;[m &amp#27;[35m[@503 - main]&amp#27;[m &amp#27;[36mcom.shaft.tools.io.ReportManager&amp#27;[m : Successfully created attachment "API Request - Specifications"
2023-01-22 22:15:10.568 &amp#27;[32m INFO&amp#27;[m &amp#27;[35m[@503 - main]&amp#27;[m &amp#27;[36mcom.shaft.tools.io.ReportManager&amp#27;[m : Successfully created attachment "API Request - Body"
2023-01-22 22:15:10.571 &amp#27;[32m INFO&amp#27;[m &amp#27;[35m[@503 - main]&amp#27;[m &amp#27;[36mcom.shaft.tools.io.ReportManager&amp#27;[m : Successfully created attachment "API Response - JSON Body"
2023-01-22 22:15:10.580 &amp#27;[32m INFO&amp#27;[m &amp#27;[35m[@503 - main]&amp#27;[m &amp#27;[36mcom.shaft.tools.io.ReportManager&amp#27;[m : File Action "DoesFileExist" successfully performed. With the following test data "File Path: "SteeringCompanyAPI_TestData/SteeringCompanyAPI_TestData.xlsx"".
2023-01-22 22:15:10.618 &amp#27;[32m INFO&amp#27;[m &amp#27;[35m[@503 - main]&amp#27;[m &amp#27;[36mcom.shaft.tools.io.ReportManager&amp#27;[m : Successfully created attachment "Test Data - Excel"
2023-01-22 22:15:10.619 &amp#27;[32m INFO&amp#27;[m &amp#27;[35m[@503 - main]&amp#27;[m &amp#27;[36mcom.shaft.tools.io.ReportManager&amp#27;[m : File Action "DoesFileExist" successfully performed. With the following test data "File Path: "SteeringCompanyAPI_TestData/SteeringCompanyAPI_TestData.xlsx"".
2023-01-22 22:15:10.640 &amp#27;[32m INFO&amp#27;[m &amp#27;[35m[@503 - main]&amp#27;[m &amp#27;[36mcom.shaft.tools.io.ReportManager&amp#27;[m : Successfully created attachment "Test Data - Excel"
2023-01-22 22:15:10.641 &amp#27;[32m INFO&amp#27;[m &amp#27;[35m[@503 - main]&amp#27;[m &amp#27;[36mcom.shaft.tools.io.ReportManager&amp#27;[m : File Action "DoesFileExist" successfully performed. With the following test data "File Path: "SteeringCompanyAPI_TestData/SteeringCompanyAPI_TestData.xlsx"".
2023-01-22 22:15:10.665 &amp#27;[32m INFO&amp#27;[m &amp#27;[35m[@503 - main]&amp#27;[m &amp#27;[36mcom.shaft.tools.io.ReportManager&amp#27;[m : Successfully created attachment "Test Data - Excel"
2023-01-22 22:15:11.445 &amp#27;[32m INFO&amp#27;[m &amp#27;[35m[@503 - main]&amp#27;[m &amp#27;[36mcom.shaft.tools.io.ReportManager&amp#27;[m : Response status code: "200", status line: "HTTP/1.1 200 "
2023-01-22 22:15:11.493 &amp#27;[32m INFO&amp#27;[m &amp#27;[35m[@503 - main]&amp#27;[m &amp#27;[36mcom.shaft.tools.io.ReportManager&amp#27;[m : Successfully created attachment "API Request - Specifications"
2023-01-22 22:15:11.495 &amp#27;[32m INFO&amp#27;[m &amp#27;[35m[@503 - main]&amp#27;[m &amp#27;[36mcom.shaft.tools.io.ReportManager&amp#27;[m : Successfully created attachment "API Request - JSON Body"
2023-01-22 22:15:11.496 &amp#27;[32m INFO&amp#27;[m &amp#27;[35m[@503 - main]&amp#27;[m &amp#27;[36mcom.shaft.tools.io.ReportManager&amp#27;[m : Successfully created attachment "API Response - JSON Body"
2023-01-22 22:15:11.496 &amp#27;[32m INFO&amp#27;[m &amp#27;[35m[@503 - main]&amp#27;[m &amp#27;[36mcom.shaft.tools.io.ReportManager&amp#27;[m : File Action "DoesFileExist" successfully performed. With the following test data "File Path: "src/test/resources/testDataFiles/SteeringCompanyAPI_TestData/SteeringCompanyAPI_TestData.xlsx"".
2023-01-22 22:15:11.543 &amp#27;[32m INFO&amp#27;[m &amp#27;[35m[@503 - main]&amp#27;[m &amp#27;[36mcom.shaft.tools.io.ReportManager&amp#27;[m : File Action "DoesFileExist" successfully performed. With the following test data "File Path: "SteeringCompanyAPI_TestData/SteeringCompanyAPI_TestData.xlsx"".
2023-01-22 22:15:11.564 &amp#27;[32m INFO&amp#27;[m &amp#27;[35m[@503 - main]&amp#27;[m &amp#27;[36mcom.shaft.tools.io.ReportManager&amp#27;[m : Successfully created attachment "Test Data - Excel"
2023-01-22 22:15:11.565 &amp#27;[32m INFO&amp#27;[m &amp#27;[35m[@503 - main]&amp#27;[m &amp#27;[36mcom.shaft.tools.io.ReportManager&amp#27;[m : File Action "DoesFileExist" successfully performed. With the following test data "File Path: "SteeringCompanyAPI_TestData/SteeringCompanyAPI_TestData.xlsx"".
2023-01-22 22:15:11.587 &amp#27;[32m INFO&amp#27;[m &amp#27;[35m[@503 - main]&amp#27;[m &amp#27;[36mcom.shaft.tools.io.ReportManager&amp#27;[m : Successfully created attachment "Test Data - Excel"
2023-01-22 22:15:11.588 &amp#27;[32m INFO&amp#27;[m &amp#27;[35m[@503 - main]&amp#27;[m &amp#27;[36mcom.shaft.tools.io.ReportManager&amp#27;[m : File Action "DoesFileExist" successfully performed. With the following test data "File Path: "Schemas/General_Policy_schema.json"".
2023-01-22 22:15:11.589 &amp#27;[32m INFO&amp#27;[m &amp#27;[35m[@503 - main]&amp#27;[m &amp#27;[36mcom.shaft.tools.io.ReportManager&amp#27;[m : File Action "DoesFileExist" successfully performed. With the following test data "File Path: "src/test/resources/testDataFiles/Schemas/General_Policy_schema.json"".
2023-01-22 22:15:11.589 &amp#27;[32m INFO&amp#27;[m &amp#27;[35m[@503 - main]&amp#27;[m &amp#27;[36mcom.shaft.tools.io.ReportManager&amp#27;[m : File Action "GetAbsolutePath" successfully performed. With the following test data "Relative Folder Path: "src/test/resources/testDataFiles/Schemas/General_Policy_schema.json"".
2023-01-22 22:15:11.590 &amp#27;[32m INFO&amp#27;[m &amp#27;[35m[@503 - main]&amp#27;[m &amp#27;[36mcom.shaft.tools.io.ReportManager&amp#27;[m : File Action "DoesFileExist" successfully performed. With the following test data "File Path: "C:\eclipse-workspace\MyProjects\TASystemsAPIs\src\test\resources\testDataFiles\Schemas\General_Policy_schema.json"".
2023-01-22 22:15:11.590 &amp#27;[32m INFO&amp#27;[m &amp#27;[35m[@503 - main]&amp#27;[m &amp#27;[36mcom.shaft.tools.io.ReportManager&amp#27;[m : File Action "GetAbsolutePath" successfully performed. With the following test data "Relative Folder Path: "C:\eclipse-workspace\MyProjects\TASystemsAPIs\src\test\resources\testDataFiles\Schemas\General_Policy_schema.json"".
2023-01-22 22:15:11.590 &amp#27;[32m INFO&amp#27;[m &amp#27;[35m[@503 - main]&amp#27;[m &amp#27;[36mcom.shaft.tools.io.ReportManager&amp#27;[m : File Action "ReadFile" successfully performed. With the following test data "File Path: "C:\eclipse-workspace\MyProjects\TASystemsAPIs\src\test\resources\testDataFiles\Schemas\General_Policy_schema.json"".
2023-01-22 22:15:11.591 &amp#27;[32m INFO&amp#27;[m &amp#27;[35m[@503 - main]&amp#27;[m &amp#27;[36mcom.shaft.tools.io.ReportManager&amp#27;[m : Successfully created attachment "Validation Test Data - Expected JSON Value"
2023-01-22 22:15:11.593 &amp#27;[32m INFO&amp#27;[m &amp#27;[35m[@503 - main]&amp#27;[m &amp#27;[36mcom.shaft.tools.io.ReportManager&amp#27;[m : Successfully created attachment "Validation Test Data - Actual JSON Value"
2023-01-22 22:15:11.595 &amp#27;[32m INFO&amp#27;[m &amp#27;[35m[@503 - main]&amp#27;[m &amp#27;[36mcom.shaft.tools.io.ReportManager&amp#27;[m : Successfully created attachment "SHAFT Engine Logs - Current Method log: Valid_Update_General_Policy_TC"
]]></system-out>
  </testcase>
  <testcase name="Valid_Update_General_Policy_TC[[Ljava.lang.Object;@1766c217](2)" classname="SteeringCompanyAPI_TestCases.Test_Policies_Cases" time="4.81">
    <system-out><![CDATA[2023-01-22 22:15:11.597 &amp#27;[32m INFO&amp#27;[m &amp#27;[35m[@534 - main]&amp#27;[m &amp#27;[36mcom.shaft.tools.io.ReportManager&amp#27;[m : 
################################################################################################################################################
Starting Execution:	"350 out of 83" test cases in the current suite
Test Method:		"SteeringCompanyAPI_TestCases.Test_Policies_Cases.Valid_Update_General_Policy_TC"
Test Description:	"TC014 -Policy- Perform Update Valid General Policy"
################################################################################################################################################
2023-01-22 22:15:11.598 &amp#27;[32m INFO&amp#27;[m &amp#27;[35m[@503 - main]&amp#27;[m &amp#27;[36mcom.shaft.tools.io.ReportManager&amp#27;[m : File Action "DoesFileExist" successfully performed. With the following test data "File Path: "SteeringCompanyAPI_TestData/SteeringCompanyAPI_TestData.xlsx"".
2023-01-22 22:15:11.622 &amp#27;[32m INFO&amp#27;[m &amp#27;[35m[@503 - main]&amp#27;[m &amp#27;[36mcom.shaft.tools.io.ReportManager&amp#27;[m : Successfully created attachment "Test Data - Excel"
2023-01-22 22:15:12.508 &amp#27;[32m INFO&amp#27;[m &amp#27;[35m[@503 - main]&amp#27;[m &amp#27;[36mcom.shaft.tools.io.ReportManager&amp#27;[m : Response status code: "200", status line: "HTTP/1.1 200 OK"
2023-01-22 22:15:12.519 &amp#27;[32m INFO&amp#27;[m &amp#27;[35m[@503 - main]&amp#27;[m &amp#27;[36mcom.shaft.tools.io.ReportManager&amp#27;[m : Successfully created attachment "API Request - Specifications"
2023-01-22 22:15:12.520 &amp#27;[32m INFO&amp#27;[m &amp#27;[35m[@503 - main]&amp#27;[m &amp#27;[36mcom.shaft.tools.io.ReportManager&amp#27;[m : Successfully created attachment "API Request - Body"
2023-01-22 22:15:12.520 &amp#27;[32m INFO&amp#27;[m &amp#27;[35m[@503 - main]&amp#27;[m &amp#27;[36mcom.shaft.tools.io.ReportManager&amp#27;[m : Successfully created attachment "API Response - JSON Body"
2023-01-22 22:15:12.527 &amp#27;[32m INFO&amp#27;[m &amp#27;[35m[@503 - main]&amp#27;[m &amp#27;[36mcom.shaft.tools.io.ReportManager&amp#27;[m : File Action "DoesFileExist" successfully performed. With the following test data "File Path: "SteeringCompanyAPI_TestData/SteeringCompanyAPI_TestData.xlsx"".
2023-01-22 22:15:12.597 &amp#27;[32m INFO&amp#27;[m &amp#27;[35m[@503 - main]&amp#27;[m &amp#27;[36mcom.shaft.tools.io.ReportManager&amp#27;[m : Successfully created attachment "Test Data - Excel"
2023-01-22 22:15:12.598 &amp#27;[32m INFO&amp#27;[m &amp#27;[35m[@503 - main]&amp#27;[m &amp#27;[36mcom.shaft.tools.io.ReportManager&amp#27;[m : File Action "DoesFileExist" successfully performed. With the following test data "File Path: "SteeringCompanyAPI_TestData/SteeringCompanyAPI_TestData.xlsx"".
2023-01-22 22:15:12.622 &amp#27;[32m INFO&amp#27;[m &amp#27;[35m[@503 - main]&amp#27;[m &amp#27;[36mcom.shaft.tools.io.ReportManager&amp#27;[m : Successfully created attachment "Test Data - Excel"
2023-01-22 22:15:12.623 &amp#27;[32m INFO&amp#27;[m &amp#27;[35m[@503 - main]&amp#27;[m &amp#27;[36mcom.shaft.tools.io.ReportManager&amp#27;[m : File Action "DoesFileExist" successfully performed. With the following test data "File Path: "SteeringCompanyAPI_TestData/SteeringCompanyAPI_TestData.xlsx"".
2023-01-22 22:15:12.650 &amp#27;[32m INFO&amp#27;[m &amp#27;[35m[@503 - main]&amp#27;[m &amp#27;[36mcom.shaft.tools.io.ReportManager&amp#27;[m : Successfully created attachment "Test Data - Excel"
2023-01-22 22:15:16.257 &amp#27;[32m INFO&amp#27;[m &amp#27;[35m[@503 - main]&amp#27;[m &amp#27;[36mcom.shaft.tools.io.ReportManager&amp#27;[m : Response status code: "200", status line: "HTTP/1.1 200 "
2023-01-22 22:15:16.306 &amp#27;[32m INFO&amp#27;[m &amp#27;[35m[@503 - main]&amp#27;[m &amp#27;[36mcom.shaft.tools.io.ReportManager&amp#27;[m : Successfully created attachment "API Request - Specifications"
2023-01-22 22:15:16.308 &amp#27;[32m INFO&amp#27;[m &amp#27;[35m[@503 - main]&amp#27;[m &amp#27;[36mcom.shaft.tools.io.ReportManager&amp#27;[m : Successfully created attachment "API Request - JSON Body"
2023-01-22 22:15:16.310 &amp#27;[32m INFO&amp#27;[m &amp#27;[35m[@503 - main]&amp#27;[m &amp#27;[36mcom.shaft.tools.io.ReportManager&amp#27;[m : Successfully created attachment "API Response - JSON Body"
2023-01-22 22:15:16.310 &amp#27;[32m INFO&amp#27;[m &amp#27;[35m[@503 - main]&amp#27;[m &amp#27;[36mcom.shaft.tools.io.ReportManager&amp#27;[m : File Action "DoesFileExist" successfully performed. With the following test data "File Path: "src/test/resources/testDataFiles/SteeringCompanyAPI_TestData/SteeringCompanyAPI_TestData.xlsx"".
2023-01-22 22:15:16.354 &amp#27;[32m INFO&amp#27;[m &amp#27;[35m[@503 - main]&amp#27;[m &amp#27;[36mcom.shaft.tools.io.ReportManager&amp#27;[m : File Action "DoesFileExist" successfully performed. With the following test data "File Path: "SteeringCompanyAPI_TestData/SteeringCompanyAPI_TestData.xlsx"".
2023-01-22 22:15:16.376 &amp#27;[32m INFO&amp#27;[m &amp#27;[35m[@503 - main]&amp#27;[m &amp#27;[36mcom.shaft.tools.io.ReportManager&amp#27;[m : Successfully created attachment "Test Data - Excel"
2023-01-22 22:15:16.376 &amp#27;[32m INFO&amp#27;[m &amp#27;[35m[@503 - main]&amp#27;[m &amp#27;[36mcom.shaft.tools.io.ReportManager&amp#27;[m : File Action "DoesFileExist" successfully performed. With the following test data "File Path: "SteeringCompanyAPI_TestData/SteeringCompanyAPI_TestData.xlsx"".
2023-01-22 22:15:16.397 &amp#27;[32m INFO&amp#27;[m &amp#27;[35m[@503 - main]&amp#27;[m &amp#27;[36mcom.shaft.tools.io.ReportManager&amp#27;[m : Successfully created attachment "Test Data - Excel"
2023-01-22 22:15:16.397 &amp#27;[32m INFO&amp#27;[m &amp#27;[35m[@503 - main]&amp#27;[m &amp#27;[36mcom.shaft.tools.io.ReportManager&amp#27;[m : File Action "DoesFileExist" successfully performed. With the following test data "File Path: "Schemas/General_Policy_schema.json"".
2023-01-22 22:15:16.398 &amp#27;[32m INFO&amp#27;[m &amp#27;[35m[@503 - main]&amp#27;[m &amp#27;[36mcom.shaft.tools.io.ReportManager&amp#27;[m : File Action "DoesFileExist" successfully performed. With the following test data "File Path: "src/test/resources/testDataFiles/Schemas/General_Policy_schema.json"".
2023-01-22 22:15:16.398 &amp#27;[32m INFO&amp#27;[m &amp#27;[35m[@503 - main]&amp#27;[m &amp#27;[36mcom.shaft.tools.io.ReportManager&amp#27;[m : File Action "GetAbsolutePath" successfully performed. With the following test data "Relative Folder Path: "src/test/resources/testDataFiles/Schemas/General_Policy_schema.json"".
2023-01-22 22:15:16.399 &amp#27;[32m INFO&amp#27;[m &amp#27;[35m[@503 - main]&amp#27;[m &amp#27;[36mcom.shaft.tools.io.ReportManager&amp#27;[m : File Action "DoesFileExist" successfully performed. With the following test data "File Path: "C:\eclipse-workspace\MyProjects\TASystemsAPIs\src\test\resources\testDataFiles\Schemas\General_Policy_schema.json"".
2023-01-22 22:15:16.399 &amp#27;[32m INFO&amp#27;[m &amp#27;[35m[@503 - main]&amp#27;[m &amp#27;[36mcom.shaft.tools.io.ReportManager&amp#27;[m : File Action "GetAbsolutePath" successfully performed. With the following test data "Relative Folder Path: "C:\eclipse-workspace\MyProjects\TASystemsAPIs\src\test\resources\testDataFiles\Schemas\General_Policy_schema.json"".
2023-01-22 22:15:16.399 &amp#27;[32m INFO&amp#27;[m &amp#27;[35m[@503 - main]&amp#27;[m &amp#27;[36mcom.shaft.tools.io.ReportManager&amp#27;[m : File Action "ReadFile" successfully performed. With the following test data "File Path: "C:\eclipse-workspace\MyProjects\TASystemsAPIs\src\test\resources\testDataFiles\Schemas\General_Policy_schema.json"".
2023-01-22 22:15:16.402 &amp#27;[32m INFO&amp#27;[m &amp#27;[35m[@503 - main]&amp#27;[m &amp#27;[36mcom.shaft.tools.io.ReportManager&amp#27;[m : Successfully created attachment "Validation Test Data - Expected JSON Value"
2023-01-22 22:15:16.403 &amp#27;[32m INFO&amp#27;[m &amp#27;[35m[@503 - main]&amp#27;[m &amp#27;[36mcom.shaft.tools.io.ReportManager&amp#27;[m : Successfully created attachment "Validation Test Data - Actual JSON Value"
2023-01-22 22:15:16.404 &amp#27;[32m INFO&amp#27;[m &amp#27;[35m[@503 - main]&amp#27;[m &amp#27;[36mcom.shaft.tools.io.ReportManager&amp#27;[m : Successfully created attachment "SHAFT Engine Logs - Current Method log: Valid_Update_General_Policy_TC"
]]></system-out>
  </testcase>
  <testcase name="Valid_Update_Payment_Policy_TC[[Ljava.lang.Object;@51291144](1)" classname="SteeringCompanyAPI_TestCases.Test_Policies_Cases" time="2.373">
    <system-out><![CDATA[2023-01-22 22:15:16.410 &amp#27;[32m INFO&amp#27;[m &amp#27;[35m[@534 - main]&amp#27;[m &amp#27;[36mcom.shaft.tools.io.ReportManager&amp#27;[m : 
################################################################################################################################################
Starting Execution:	"351 out of 83" test cases in the current suite
Test Method:		"SteeringCompanyAPI_TestCases.Test_Policies_Cases.Valid_Update_Payment_Policy_TC"
Test Description:	"TC013 -Policy- Perform Update Valid Payment Policy"
################################################################################################################################################
2023-01-22 22:15:16.410 &amp#27;[32m INFO&amp#27;[m &amp#27;[35m[@503 - main]&amp#27;[m &amp#27;[36mcom.shaft.tools.io.ReportManager&amp#27;[m : File Action "DoesFileExist" successfully performed. With the following test data "File Path: "SteeringCompanyAPI_TestData/SteeringCompanyAPI_TestData.xlsx"".
2023-01-22 22:15:16.433 &amp#27;[32m INFO&amp#27;[m &amp#27;[35m[@503 - main]&amp#27;[m &amp#27;[36mcom.shaft.tools.io.ReportManager&amp#27;[m : Successfully created attachment "Test Data - Excel"
2023-01-22 22:15:17.339 &amp#27;[32m INFO&amp#27;[m &amp#27;[35m[@503 - main]&amp#27;[m &amp#27;[36mcom.shaft.tools.io.ReportManager&amp#27;[m : Response status code: "200", status line: "HTTP/1.1 200 OK"
2023-01-22 22:15:17.351 &amp#27;[32m INFO&amp#27;[m &amp#27;[35m[@503 - main]&amp#27;[m &amp#27;[36mcom.shaft.tools.io.ReportManager&amp#27;[m : Successfully created attachment "API Request - Specifications"
2023-01-22 22:15:17.391 &amp#27;[32m INFO&amp#27;[m &amp#27;[35m[@503 - main]&amp#27;[m &amp#27;[36mcom.shaft.tools.io.ReportManager&amp#27;[m : Successfully created attachment "API Request - Body"
2023-01-22 22:15:17.392 &amp#27;[32m INFO&amp#27;[m &amp#27;[35m[@503 - main]&amp#27;[m &amp#27;[36mcom.shaft.tools.io.ReportManager&amp#27;[m : Successfully created attachment "API Response - JSON Body"
2023-01-22 22:15:17.399 &amp#27;[32m INFO&amp#27;[m &amp#27;[35m[@503 - main]&amp#27;[m &amp#27;[36mcom.shaft.tools.io.ReportManager&amp#27;[m : File Action "DoesFileExist" successfully performed. With the following test data "File Path: "SteeringCompanyAPI_TestData/SteeringCompanyAPI_TestData.xlsx"".
2023-01-22 22:15:17.434 &amp#27;[32m INFO&amp#27;[m &amp#27;[35m[@503 - main]&amp#27;[m &amp#27;[36mcom.shaft.tools.io.ReportManager&amp#27;[m : Successfully created attachment "Test Data - Excel"
2023-01-22 22:15:17.435 &amp#27;[32m INFO&amp#27;[m &amp#27;[35m[@503 - main]&amp#27;[m &amp#27;[36mcom.shaft.tools.io.ReportManager&amp#27;[m : File Action "DoesFileExist" successfully performed. With the following test data "File Path: "SteeringCompanyAPI_TestData/SteeringCompanyAPI_TestData.xlsx"".
2023-01-22 22:15:17.462 &amp#27;[32m INFO&amp#27;[m &amp#27;[35m[@503 - main]&amp#27;[m &amp#27;[36mcom.shaft.tools.io.ReportManager&amp#27;[m : Successfully created attachment "Test Data - Excel"
2023-01-22 22:15:17.462 &amp#27;[32m INFO&amp#27;[m &amp#27;[35m[@503 - main]&amp#27;[m &amp#27;[36mcom.shaft.tools.io.ReportManager&amp#27;[m : File Action "DoesFileExist" successfully performed. With the following test data "File Path: "SteeringCompanyAPI_TestData/SteeringCompanyAPI_TestData.xlsx"".
2023-01-22 22:15:17.485 &amp#27;[32m INFO&amp#27;[m &amp#27;[35m[@503 - main]&amp#27;[m &amp#27;[36mcom.shaft.tools.io.ReportManager&amp#27;[m : Successfully created attachment "Test Data - Excel"
2023-01-22 22:15:18.611 &amp#27;[32m INFO&amp#27;[m &amp#27;[35m[@503 - main]&amp#27;[m &amp#27;[36mcom.shaft.tools.io.ReportManager&amp#27;[m : Response status code: "200", status line: "HTTP/1.1 200 "
2023-01-22 22:15:18.625 &amp#27;[32m INFO&amp#27;[m &amp#27;[35m[@503 - main]&amp#27;[m &amp#27;[36mcom.shaft.tools.io.ReportManager&amp#27;[m : Successfully created attachment "API Request - Specifications"
2023-01-22 22:15:18.626 &amp#27;[32m INFO&amp#27;[m &amp#27;[35m[@503 - main]&amp#27;[m &amp#27;[36mcom.shaft.tools.io.ReportManager&amp#27;[m : Successfully created attachment "API Request - JSON Body"
2023-01-22 22:15:18.667 &amp#27;[32m INFO&amp#27;[m &amp#27;[35m[@503 - main]&amp#27;[m &amp#27;[36mcom.shaft.tools.io.ReportManager&amp#27;[m : Successfully created attachment "API Response - JSON Body"
2023-01-22 22:15:18.667 &amp#27;[32m INFO&amp#27;[m &amp#27;[35m[@503 - main]&amp#27;[m &amp#27;[36mcom.shaft.tools.io.ReportManager&amp#27;[m : File Action "DoesFileExist" successfully performed. With the following test data "File Path: "src/test/resources/testDataFiles/SteeringCompanyAPI_TestData/SteeringCompanyAPI_TestData.xlsx"".
2023-01-22 22:15:18.721 &amp#27;[32m INFO&amp#27;[m &amp#27;[35m[@503 - main]&amp#27;[m &amp#27;[36mcom.shaft.tools.io.ReportManager&amp#27;[m : File Action "DoesFileExist" successfully performed. With the following test data "File Path: "SteeringCompanyAPI_TestData/SteeringCompanyAPI_TestData.xlsx"".
2023-01-22 22:15:18.742 &amp#27;[32m INFO&amp#27;[m &amp#27;[35m[@503 - main]&amp#27;[m &amp#27;[36mcom.shaft.tools.io.ReportManager&amp#27;[m : Successfully created attachment "Test Data - Excel"
2023-01-22 22:15:18.743 &amp#27;[32m INFO&amp#27;[m &amp#27;[35m[@503 - main]&amp#27;[m &amp#27;[36mcom.shaft.tools.io.ReportManager&amp#27;[m : File Action "DoesFileExist" successfully performed. With the following test data "File Path: "SteeringCompanyAPI_TestData/SteeringCompanyAPI_TestData.xlsx"".
2023-01-22 22:15:18.765 &amp#27;[32m INFO&amp#27;[m &amp#27;[35m[@503 - main]&amp#27;[m &amp#27;[36mcom.shaft.tools.io.ReportManager&amp#27;[m : Successfully created attachment "Test Data - Excel"
2023-01-22 22:15:18.766 &amp#27;[32m INFO&amp#27;[m &amp#27;[35m[@503 - main]&amp#27;[m &amp#27;[36mcom.shaft.tools.io.ReportManager&amp#27;[m : File Action "DoesFileExist" successfully performed. With the following test data "File Path: "Schemas/Payment_Policy_schema.json"".
2023-01-22 22:15:18.766 &amp#27;[32m INFO&amp#27;[m &amp#27;[35m[@503 - main]&amp#27;[m &amp#27;[36mcom.shaft.tools.io.ReportManager&amp#27;[m : File Action "DoesFileExist" successfully performed. With the following test data "File Path: "src/test/resources/testDataFiles/Schemas/Payment_Policy_schema.json"".
2023-01-22 22:15:18.766 &amp#27;[32m INFO&amp#27;[m &amp#27;[35m[@503 - main]&amp#27;[m &amp#27;[36mcom.shaft.tools.io.ReportManager&amp#27;[m : File Action "GetAbsolutePath" successfully performed. With the following test data "Relative Folder Path: "src/test/resources/testDataFiles/Schemas/Payment_Policy_schema.json"".
2023-01-22 22:15:18.767 &amp#27;[32m INFO&amp#27;[m &amp#27;[35m[@503 - main]&amp#27;[m &amp#27;[36mcom.shaft.tools.io.ReportManager&amp#27;[m : File Action "DoesFileExist" successfully performed. With the following test data "File Path: "C:\eclipse-workspace\MyProjects\TASystemsAPIs\src\test\resources\testDataFiles\Schemas\Payment_Policy_schema.json"".
2023-01-22 22:15:18.767 &amp#27;[32m INFO&amp#27;[m &amp#27;[35m[@503 - main]&amp#27;[m &amp#27;[36mcom.shaft.tools.io.ReportManager&amp#27;[m : File Action "GetAbsolutePath" successfully performed. With the following test data "Relative Folder Path: "C:\eclipse-workspace\MyProjects\TASystemsAPIs\src\test\resources\testDataFiles\Schemas\Payment_Policy_schema.json"".
2023-01-22 22:15:18.768 &amp#27;[32m INFO&amp#27;[m &amp#27;[35m[@503 - main]&amp#27;[m &amp#27;[36mcom.shaft.tools.io.ReportManager&amp#27;[m : File Action "ReadFile" successfully performed. With the following test data "File Path: "C:\eclipse-workspace\MyProjects\TASystemsAPIs\src\test\resources\testDataFiles\Schemas\Payment_Policy_schema.json"".
2023-01-22 22:15:18.778 &amp#27;[32m INFO&amp#27;[m &amp#27;[35m[@503 - main]&amp#27;[m &amp#27;[36mcom.shaft.tools.io.ReportManager&amp#27;[m : Successfully created attachment "Validation Test Data - Expected JSON Value"
2023-01-22 22:15:18.780 &amp#27;[32m INFO&amp#27;[m &amp#27;[35m[@503 - main]&amp#27;[m &amp#27;[36mcom.shaft.tools.io.ReportManager&amp#27;[m : Successfully created attachment "Validation Test Data - Actual JSON Value"
2023-01-22 22:15:18.780 &amp#27;[32m INFO&amp#27;[m &amp#27;[35m[@503 - main]&amp#27;[m &amp#27;[36mcom.shaft.tools.io.ReportManager&amp#27;[m : Successfully created attachment "SHAFT Engine Logs - Current Method log: Valid_Update_Payment_Policy_TC"
]]></system-out>
  </testcase>
  <testcase name="Valid_Update_Payment_Policy_TC[[Ljava.lang.Object;@3d98a9e6](2)" classname="SteeringCompanyAPI_TestCases.Test_Policies_Cases" time="2.158">
    <system-out><![CDATA[2023-01-22 22:15:18.783 &amp#27;[32m INFO&amp#27;[m &amp#27;[35m[@534 - main]&amp#27;[m &amp#27;[36mcom.shaft.tools.io.ReportManager&amp#27;[m : 
################################################################################################################################################
Starting Execution:	"352 out of 83" test cases in the current suite
Test Method:		"SteeringCompanyAPI_TestCases.Test_Policies_Cases.Valid_Update_Payment_Policy_TC"
Test Description:	"TC013 -Policy- Perform Update Valid Payment Policy"
################################################################################################################################################
2023-01-22 22:15:18.783 &amp#27;[32m INFO&amp#27;[m &amp#27;[35m[@503 - main]&amp#27;[m &amp#27;[36mcom.shaft.tools.io.ReportManager&amp#27;[m : File Action "DoesFileExist" successfully performed. With the following test data "File Path: "SteeringCompanyAPI_TestData/SteeringCompanyAPI_TestData.xlsx"".
2023-01-22 22:15:18.807 &amp#27;[32m INFO&amp#27;[m &amp#27;[35m[@503 - main]&amp#27;[m &amp#27;[36mcom.shaft.tools.io.ReportManager&amp#27;[m : Successfully created attachment "Test Data - Excel"
2023-01-22 22:15:19.797 &amp#27;[32m INFO&amp#27;[m &amp#27;[35m[@503 - main]&amp#27;[m &amp#27;[36mcom.shaft.tools.io.ReportManager&amp#27;[m : Response status code: "200", status line: "HTTP/1.1 200 OK"
2023-01-22 22:15:19.807 &amp#27;[32m INFO&amp#27;[m &amp#27;[35m[@503 - main]&amp#27;[m &amp#27;[36mcom.shaft.tools.io.ReportManager&amp#27;[m : Successfully created attachment "API Request - Specifications"
2023-01-22 22:15:19.808 &amp#27;[32m INFO&amp#27;[m &amp#27;[35m[@503 - main]&amp#27;[m &amp#27;[36mcom.shaft.tools.io.ReportManager&amp#27;[m : Successfully created attachment "API Request - Body"
2023-01-22 22:15:19.845 &amp#27;[32m INFO&amp#27;[m &amp#27;[35m[@503 - main]&amp#27;[m &amp#27;[36mcom.shaft.tools.io.ReportManager&amp#27;[m : Successfully created attachment "API Response - JSON Body"
2023-01-22 22:15:19.852 &amp#27;[32m INFO&amp#27;[m &amp#27;[35m[@503 - main]&amp#27;[m &amp#27;[36mcom.shaft.tools.io.ReportManager&amp#27;[m : File Action "DoesFileExist" successfully performed. With the following test data "File Path: "SteeringCompanyAPI_TestData/SteeringCompanyAPI_TestData.xlsx"".
2023-01-22 22:15:19.883 &amp#27;[32m INFO&amp#27;[m &amp#27;[35m[@503 - main]&amp#27;[m &amp#27;[36mcom.shaft.tools.io.ReportManager&amp#27;[m : Successfully created attachment "Test Data - Excel"
2023-01-22 22:15:19.883 &amp#27;[32m INFO&amp#27;[m &amp#27;[35m[@503 - main]&amp#27;[m &amp#27;[36mcom.shaft.tools.io.ReportManager&amp#27;[m : File Action "DoesFileExist" successfully performed. With the following test data "File Path: "SteeringCompanyAPI_TestData/SteeringCompanyAPI_TestData.xlsx"".
2023-01-22 22:15:19.909 &amp#27;[32m INFO&amp#27;[m &amp#27;[35m[@503 - main]&amp#27;[m &amp#27;[36mcom.shaft.tools.io.ReportManager&amp#27;[m : Successfully created attachment "Test Data - Excel"
2023-01-22 22:15:19.909 &amp#27;[32m INFO&amp#27;[m &amp#27;[35m[@503 - main]&amp#27;[m &amp#27;[36mcom.shaft.tools.io.ReportManager&amp#27;[m : File Action "DoesFileExist" successfully performed. With the following test data "File Path: "SteeringCompanyAPI_TestData/SteeringCompanyAPI_TestData.xlsx"".
2023-01-22 22:15:19.931 &amp#27;[32m INFO&amp#27;[m &amp#27;[35m[@503 - main]&amp#27;[m &amp#27;[36mcom.shaft.tools.io.ReportManager&amp#27;[m : Successfully created attachment "Test Data - Excel"
2023-01-22 22:15:20.763 &amp#27;[32m INFO&amp#27;[m &amp#27;[35m[@503 - main]&amp#27;[m &amp#27;[36mcom.shaft.tools.io.ReportManager&amp#27;[m : Response status code: "200", status line: "HTTP/1.1 200 "
2023-01-22 22:15:20.772 &amp#27;[32m INFO&amp#27;[m &amp#27;[35m[@503 - main]&amp#27;[m &amp#27;[36mcom.shaft.tools.io.ReportManager&amp#27;[m : Successfully created attachment "API Request - Specifications"
2023-01-22 22:15:20.811 &amp#27;[32m INFO&amp#27;[m &amp#27;[35m[@503 - main]&amp#27;[m &amp#27;[36mcom.shaft.tools.io.ReportManager&amp#27;[m : Successfully created attachment "API Request - JSON Body"
2023-01-22 22:15:20.813 &amp#27;[32m INFO&amp#27;[m &amp#27;[35m[@503 - main]&amp#27;[m &amp#27;[36mcom.shaft.tools.io.ReportManager&amp#27;[m : Successfully created attachment "API Response - JSON Body"
2023-01-22 22:15:20.813 &amp#27;[32m INFO&amp#27;[m &amp#27;[35m[@503 - main]&amp#27;[m &amp#27;[36mcom.shaft.tools.io.ReportManager&amp#27;[m : File Action "DoesFileExist" successfully performed. With the following test data "File Path: "src/test/resources/testDataFiles/SteeringCompanyAPI_TestData/SteeringCompanyAPI_TestData.xlsx"".
2023-01-22 22:15:20.864 &amp#27;[32m INFO&amp#27;[m &amp#27;[35m[@503 - main]&amp#27;[m &amp#27;[36mcom.shaft.tools.io.ReportManager&amp#27;[m : File Action "DoesFileExist" successfully performed. With the following test data "File Path: "SteeringCompanyAPI_TestData/SteeringCompanyAPI_TestData.xlsx"".
2023-01-22 22:15:20.888 &amp#27;[32m INFO&amp#27;[m &amp#27;[35m[@503 - main]&amp#27;[m &amp#27;[36mcom.shaft.tools.io.ReportManager&amp#27;[m : Successfully created attachment "Test Data - Excel"
2023-01-22 22:15:20.888 &amp#27;[32m INFO&amp#27;[m &amp#27;[35m[@503 - main]&amp#27;[m &amp#27;[36mcom.shaft.tools.io.ReportManager&amp#27;[m : File Action "DoesFileExist" successfully performed. With the following test data "File Path: "SteeringCompanyAPI_TestData/SteeringCompanyAPI_TestData.xlsx"".
2023-01-22 22:15:20.910 &amp#27;[32m INFO&amp#27;[m &amp#27;[35m[@503 - main]&amp#27;[m &amp#27;[36mcom.shaft.tools.io.ReportManager&amp#27;[m : Successfully created attachment "Test Data - Excel"
2023-01-22 22:15:20.913 &amp#27;[32m INFO&amp#27;[m &amp#27;[35m[@503 - main]&amp#27;[m &amp#27;[36mcom.shaft.tools.io.ReportManager&amp#27;[m : File Action "DoesFileExist" successfully performed. With the following test data "File Path: "Schemas/Payment_Policy_schema.json"".
2023-01-22 22:15:20.913 &amp#27;[32m INFO&amp#27;[m &amp#27;[35m[@503 - main]&amp#27;[m &amp#27;[36mcom.shaft.tools.io.ReportManager&amp#27;[m : File Action "DoesFileExist" successfully performed. With the following test data "File Path: "src/test/resources/testDataFiles/Schemas/Payment_Policy_schema.json"".
2023-01-22 22:15:20.913 &amp#27;[32m INFO&amp#27;[m &amp#27;[35m[@503 - main]&amp#27;[m &amp#27;[36mcom.shaft.tools.io.ReportManager&amp#27;[m : File Action "GetAbsolutePath" successfully performed. With the following test data "Relative Folder Path: "src/test/resources/testDataFiles/Schemas/Payment_Policy_schema.json"".
2023-01-22 22:15:20.917 &amp#27;[32m INFO&amp#27;[m &amp#27;[35m[@503 - main]&amp#27;[m &amp#27;[36mcom.shaft.tools.io.ReportManager&amp#27;[m : File Action "DoesFileExist" successfully performed. With the following test data "File Path: "C:\eclipse-workspace\MyProjects\TASystemsAPIs\src\test\resources\testDataFiles\Schemas\Payment_Policy_schema.json"".
2023-01-22 22:15:20.917 &amp#27;[32m INFO&amp#27;[m &amp#27;[35m[@503 - main]&amp#27;[m &amp#27;[36mcom.shaft.tools.io.ReportManager&amp#27;[m : File Action "GetAbsolutePath" successfully performed. With the following test data "Relative Folder Path: "C:\eclipse-workspace\MyProjects\TASystemsAPIs\src\test\resources\testDataFiles\Schemas\Payment_Policy_schema.json"".
2023-01-22 22:15:20.918 &amp#27;[32m INFO&amp#27;[m &amp#27;[35m[@503 - main]&amp#27;[m &amp#27;[36mcom.shaft.tools.io.ReportManager&amp#27;[m : File Action "ReadFile" successfully performed. With the following test data "File Path: "C:\eclipse-workspace\MyProjects\TASystemsAPIs\src\test\resources\testDataFiles\Schemas\Payment_Policy_schema.json"".
2023-01-22 22:15:20.936 &amp#27;[32m INFO&amp#27;[m &amp#27;[35m[@503 - main]&amp#27;[m &amp#27;[36mcom.shaft.tools.io.ReportManager&amp#27;[m : Successfully created attachment "Validation Test Data - Expected JSON Value"
2023-01-22 22:15:20.936 &amp#27;[32m INFO&amp#27;[m &amp#27;[35m[@503 - main]&amp#27;[m &amp#27;[36mcom.shaft.tools.io.ReportManager&amp#27;[m : Successfully created attachment "Validation Test Data - Actual JSON Value"
2023-01-22 22:15:20.937 &amp#27;[32m INFO&amp#27;[m &amp#27;[35m[@503 - main]&amp#27;[m &amp#27;[36mcom.shaft.tools.io.ReportManager&amp#27;[m : Successfully created attachment "SHAFT Engine Logs - Current Method log: Valid_Update_Payment_Policy_TC"
]]></system-out>
  </testcase>
  <testcase name="Valid_Update_Tax_Policy_TC[[Ljava.lang.Object;@5a62a47b](1)" classname="SteeringCompanyAPI_TestCases.Test_Policies_Cases" time="2.215">
    <system-out><![CDATA[2023-01-22 22:15:20.944 &amp#27;[32m INFO&amp#27;[m &amp#27;[35m[@534 - main]&amp#27;[m &amp#27;[36mcom.shaft.tools.io.ReportManager&amp#27;[m : 
################################################################################################################################################
Starting Execution:	"353 out of 83" test cases in the current suite
Test Method:		"SteeringCompanyAPI_TestCases.Test_Policies_Cases.Valid_Update_Tax_Policy_TC"
Test Description:	"TC011 -Policy- Perform Update Valid Tax Policy"
################################################################################################################################################
2023-01-22 22:15:20.945 &amp#27;[32m INFO&amp#27;[m &amp#27;[35m[@503 - main]&amp#27;[m &amp#27;[36mcom.shaft.tools.io.ReportManager&amp#27;[m : File Action "DoesFileExist" successfully performed. With the following test data "File Path: "SteeringCompanyAPI_TestData/SteeringCompanyAPI_TestData.xlsx"".
2023-01-22 22:15:20.968 &amp#27;[32m INFO&amp#27;[m &amp#27;[35m[@503 - main]&amp#27;[m &amp#27;[36mcom.shaft.tools.io.ReportManager&amp#27;[m : Successfully created attachment "Test Data - Excel"
2023-01-22 22:15:21.933 &amp#27;[32m INFO&amp#27;[m &amp#27;[35m[@503 - main]&amp#27;[m &amp#27;[36mcom.shaft.tools.io.ReportManager&amp#27;[m : Response status code: "200", status line: "HTTP/1.1 200 OK"
2023-01-22 22:15:21.942 &amp#27;[32m INFO&amp#27;[m &amp#27;[35m[@503 - main]&amp#27;[m &amp#27;[36mcom.shaft.tools.io.ReportManager&amp#27;[m : Successfully created attachment "API Request - Specifications"
2023-01-22 22:15:21.943 &amp#27;[32m INFO&amp#27;[m &amp#27;[35m[@503 - main]&amp#27;[m &amp#27;[36mcom.shaft.tools.io.ReportManager&amp#27;[m : Successfully created attachment "API Request - Body"
2023-01-22 22:15:21.983 &amp#27;[32m INFO&amp#27;[m &amp#27;[35m[@503 - main]&amp#27;[m &amp#27;[36mcom.shaft.tools.io.ReportManager&amp#27;[m : Successfully created attachment "API Response - JSON Body"
2023-01-22 22:15:21.990 &amp#27;[32m INFO&amp#27;[m &amp#27;[35m[@503 - main]&amp#27;[m &amp#27;[36mcom.shaft.tools.io.ReportManager&amp#27;[m : File Action "DoesFileExist" successfully performed. With the following test data "File Path: "SteeringCompanyAPI_TestData/SteeringCompanyAPI_TestData.xlsx"".
2023-01-22 22:15:22.026 &amp#27;[32m INFO&amp#27;[m &amp#27;[35m[@503 - main]&amp#27;[m &amp#27;[36mcom.shaft.tools.io.ReportManager&amp#27;[m : Successfully created attachment "Test Data - Excel"
2023-01-22 22:15:22.027 &amp#27;[32m INFO&amp#27;[m &amp#27;[35m[@503 - main]&amp#27;[m &amp#27;[36mcom.shaft.tools.io.ReportManager&amp#27;[m : File Action "DoesFileExist" successfully performed. With the following test data "File Path: "SteeringCompanyAPI_TestData/SteeringCompanyAPI_TestData.xlsx"".
2023-01-22 22:15:22.048 &amp#27;[32m INFO&amp#27;[m &amp#27;[35m[@503 - main]&amp#27;[m &amp#27;[36mcom.shaft.tools.io.ReportManager&amp#27;[m : Successfully created attachment "Test Data - Excel"
2023-01-22 22:15:22.048 &amp#27;[32m INFO&amp#27;[m &amp#27;[35m[@503 - main]&amp#27;[m &amp#27;[36mcom.shaft.tools.io.ReportManager&amp#27;[m : File Action "DoesFileExist" successfully performed. With the following test data "File Path: "SteeringCompanyAPI_TestData/SteeringCompanyAPI_TestData.xlsx"".
2023-01-22 22:15:22.068 &amp#27;[32m INFO&amp#27;[m &amp#27;[35m[@503 - main]&amp#27;[m &amp#27;[36mcom.shaft.tools.io.ReportManager&amp#27;[m : Successfully created attachment "Test Data - Excel"
2023-01-22 22:15:22.912 &amp#27;[32m INFO&amp#27;[m &amp#27;[35m[@503 - main]&amp#27;[m &amp#27;[36mcom.shaft.tools.io.ReportManager&amp#27;[m : Response status code: "200", status line: "HTTP/1.1 200 "
2023-01-22 22:15:22.930 &amp#27;[32m INFO&amp#27;[m &amp#27;[35m[@503 - main]&amp#27;[m &amp#27;[36mcom.shaft.tools.io.ReportManager&amp#27;[m : Successfully created attachment "API Request - Specifications"
2023-01-22 22:15:22.933 &amp#27;[32m INFO&amp#27;[m &amp#27;[35m[@503 - main]&amp#27;[m &amp#27;[36mcom.shaft.tools.io.ReportManager&amp#27;[m : Successfully created attachment "API Request - JSON Body"
2023-01-22 22:15:22.935 &amp#27;[32m INFO&amp#27;[m &amp#27;[35m[@503 - main]&amp#27;[m &amp#27;[36mcom.shaft.tools.io.ReportManager&amp#27;[m : Successfully created attachment "API Response - JSON Body"
2023-01-22 22:15:22.935 &amp#27;[32m INFO&amp#27;[m &amp#27;[35m[@503 - main]&amp#27;[m &amp#27;[36mcom.shaft.tools.io.ReportManager&amp#27;[m : File Action "DoesFileExist" successfully performed. With the following test data "File Path: "src/test/resources/testDataFiles/SteeringCompanyAPI_TestData/SteeringCompanyAPI_TestData.xlsx"".
2023-01-22 22:15:23.030 &amp#27;[32m INFO&amp#27;[m &amp#27;[35m[@503 - main]&amp#27;[m &amp#27;[36mcom.shaft.tools.io.ReportManager&amp#27;[m : File Action "DoesFileExist" successfully performed. With the following test data "File Path: "SteeringCompanyAPI_TestData/SteeringCompanyAPI_TestData.xlsx"".
2023-01-22 22:15:23.074 &amp#27;[32m INFO&amp#27;[m &amp#27;[35m[@503 - main]&amp#27;[m &amp#27;[36mcom.shaft.tools.io.ReportManager&amp#27;[m : Successfully created attachment "Test Data - Excel"
2023-01-22 22:15:23.075 &amp#27;[32m INFO&amp#27;[m &amp#27;[35m[@503 - main]&amp#27;[m &amp#27;[36mcom.shaft.tools.io.ReportManager&amp#27;[m : File Action "DoesFileExist" successfully performed. With the following test data "File Path: "SteeringCompanyAPI_TestData/SteeringCompanyAPI_TestData.xlsx"".
2023-01-22 22:15:23.144 &amp#27;[32m INFO&amp#27;[m &amp#27;[35m[@503 - main]&amp#27;[m &amp#27;[36mcom.shaft.tools.io.ReportManager&amp#27;[m : Successfully created attachment "Test Data - Excel"
2023-01-22 22:15:23.147 &amp#27;[32m INFO&amp#27;[m &amp#27;[35m[@503 - main]&amp#27;[m &amp#27;[36mcom.shaft.tools.io.ReportManager&amp#27;[m : File Action "DoesFileExist" successfully performed. With the following test data "File Path: "Schemas/Tax_Policy_schema.json"".
2023-01-22 22:15:23.147 &amp#27;[32m INFO&amp#27;[m &amp#27;[35m[@503 - main]&amp#27;[m &amp#27;[36mcom.shaft.tools.io.ReportManager&amp#27;[m : File Action "DoesFileExist" successfully performed. With the following test data "File Path: "src/test/resources/testDataFiles/Schemas/Tax_Policy_schema.json"".
2023-01-22 22:15:23.147 &amp#27;[32m INFO&amp#27;[m &amp#27;[35m[@503 - main]&amp#27;[m &amp#27;[36mcom.shaft.tools.io.ReportManager&amp#27;[m : File Action "GetAbsolutePath" successfully performed. With the following test data "Relative Folder Path: "src/test/resources/testDataFiles/Schemas/Tax_Policy_schema.json"".
2023-01-22 22:15:23.150 &amp#27;[32m INFO&amp#27;[m &amp#27;[35m[@503 - main]&amp#27;[m &amp#27;[36mcom.shaft.tools.io.ReportManager&amp#27;[m : File Action "DoesFileExist" successfully performed. With the following test data "File Path: "C:\eclipse-workspace\MyProjects\TASystemsAPIs\src\test\resources\testDataFiles\Schemas\Tax_Policy_schema.json"".
2023-01-22 22:15:23.150 &amp#27;[32m INFO&amp#27;[m &amp#27;[35m[@503 - main]&amp#27;[m &amp#27;[36mcom.shaft.tools.io.ReportManager&amp#27;[m : File Action "GetAbsolutePath" successfully performed. With the following test data "Relative Folder Path: "C:\eclipse-workspace\MyProjects\TASystemsAPIs\src\test\resources\testDataFiles\Schemas\Tax_Policy_schema.json"".
2023-01-22 22:15:23.150 &amp#27;[32m INFO&amp#27;[m &amp#27;[35m[@503 - main]&amp#27;[m &amp#27;[36mcom.shaft.tools.io.ReportManager&amp#27;[m : File Action "ReadFile" successfully performed. With the following test data "File Path: "C:\eclipse-workspace\MyProjects\TASystemsAPIs\src\test\resources\testDataFiles\Schemas\Tax_Policy_schema.json"".
2023-01-22 22:15:23.153 &amp#27;[32m INFO&amp#27;[m &amp#27;[35m[@503 - main]&amp#27;[m &amp#27;[36mcom.shaft.tools.io.ReportManager&amp#27;[m : Successfully created attachment "Validation Test Data - Expected JSON Value"
2023-01-22 22:15:23.155 &amp#27;[32m INFO&amp#27;[m &amp#27;[35m[@503 - main]&amp#27;[m &amp#27;[36mcom.shaft.tools.io.ReportManager&amp#27;[m : Successfully created attachment "Validation Test Data - Actual JSON Value"
2023-01-22 22:15:23.156 &amp#27;[32m INFO&amp#27;[m &amp#27;[35m[@503 - main]&amp#27;[m &amp#27;[36mcom.shaft.tools.io.ReportManager&amp#27;[m : Successfully created attachment "SHAFT Engine Logs - Current Method log: Valid_Update_Tax_Policy_TC"
]]></system-out>
  </testcase>
  <testcase name="Valid_Update_Tax_Policy_TC[[Ljava.lang.Object;@2a5019c7](2)" classname="SteeringCompanyAPI_TestCases.Test_Policies_Cases" time="3.276">
    <system-out><![CDATA[2023-01-22 22:15:23.162 &amp#27;[32m INFO&amp#27;[m &amp#27;[35m[@534 - main]&amp#27;[m &amp#27;[36mcom.shaft.tools.io.ReportManager&amp#27;[m : 
################################################################################################################################################
Starting Execution:	"354 out of 83" test cases in the current suite
Test Method:		"SteeringCompanyAPI_TestCases.Test_Policies_Cases.Valid_Update_Tax_Policy_TC"
Test Description:	"TC011 -Policy- Perform Update Valid Tax Policy"
################################################################################################################################################
2023-01-22 22:15:23.162 &amp#27;[32m INFO&amp#27;[m &amp#27;[35m[@503 - main]&amp#27;[m &amp#27;[36mcom.shaft.tools.io.ReportManager&amp#27;[m : File Action "DoesFileExist" successfully performed. With the following test data "File Path: "SteeringCompanyAPI_TestData/SteeringCompanyAPI_TestData.xlsx"".
2023-01-22 22:15:23.210 &amp#27;[32m INFO&amp#27;[m &amp#27;[35m[@503 - main]&amp#27;[m &amp#27;[36mcom.shaft.tools.io.ReportManager&amp#27;[m : Successfully created attachment "Test Data - Excel"
2023-01-22 22:15:24.201 &amp#27;[32m INFO&amp#27;[m &amp#27;[35m[@503 - main]&amp#27;[m &amp#27;[36mcom.shaft.tools.io.ReportManager&amp#27;[m : Response status code: "200", status line: "HTTP/1.1 200 OK"
2023-01-22 22:15:24.221 &amp#27;[32m INFO&amp#27;[m &amp#27;[35m[@503 - main]&amp#27;[m &amp#27;[36mcom.shaft.tools.io.ReportManager&amp#27;[m : Successfully created attachment "API Request - Specifications"
2023-01-22 22:15:24.223 &amp#27;[32m INFO&amp#27;[m &amp#27;[35m[@503 - main]&amp#27;[m &amp#27;[36mcom.shaft.tools.io.ReportManager&amp#27;[m : Successfully created attachment "API Request - Body"
2023-01-22 22:15:24.225 &amp#27;[32m INFO&amp#27;[m &amp#27;[35m[@503 - main]&amp#27;[m &amp#27;[36mcom.shaft.tools.io.ReportManager&amp#27;[m : Successfully created attachment "API Response - JSON Body"
2023-01-22 22:15:24.234 &amp#27;[32m INFO&amp#27;[m &amp#27;[35m[@503 - main]&amp#27;[m &amp#27;[36mcom.shaft.tools.io.ReportManager&amp#27;[m : File Action "DoesFileExist" successfully performed. With the following test data "File Path: "SteeringCompanyAPI_TestData/SteeringCompanyAPI_TestData.xlsx"".
2023-01-22 22:15:24.306 &amp#27;[32m INFO&amp#27;[m &amp#27;[35m[@503 - main]&amp#27;[m &amp#27;[36mcom.shaft.tools.io.ReportManager&amp#27;[m : Successfully created attachment "Test Data - Excel"
2023-01-22 22:15:24.306 &amp#27;[32m INFO&amp#27;[m &amp#27;[35m[@503 - main]&amp#27;[m &amp#27;[36mcom.shaft.tools.io.ReportManager&amp#27;[m : File Action "DoesFileExist" successfully performed. With the following test data "File Path: "SteeringCompanyAPI_TestData/SteeringCompanyAPI_TestData.xlsx"".
2023-01-22 22:15:24.329 &amp#27;[32m INFO&amp#27;[m &amp#27;[35m[@503 - main]&amp#27;[m &amp#27;[36mcom.shaft.tools.io.ReportManager&amp#27;[m : Successfully created attachment "Test Data - Excel"
2023-01-22 22:15:24.329 &amp#27;[32m INFO&amp#27;[m &amp#27;[35m[@503 - main]&amp#27;[m &amp#27;[36mcom.shaft.tools.io.ReportManager&amp#27;[m : File Action "DoesFileExist" successfully performed. With the following test data "File Path: "SteeringCompanyAPI_TestData/SteeringCompanyAPI_TestData.xlsx"".
2023-01-22 22:15:24.351 &amp#27;[32m INFO&amp#27;[m &amp#27;[35m[@503 - main]&amp#27;[m &amp#27;[36mcom.shaft.tools.io.ReportManager&amp#27;[m : Successfully created attachment "Test Data - Excel"
2023-01-22 22:15:26.272 &amp#27;[32m INFO&amp#27;[m &amp#27;[35m[@503 - main]&amp#27;[m &amp#27;[36mcom.shaft.tools.io.ReportManager&amp#27;[m : Response status code: "200", status line: "HTTP/1.1 200 "
2023-01-22 22:15:26.324 &amp#27;[32m INFO&amp#27;[m &amp#27;[35m[@503 - main]&amp#27;[m &amp#27;[36mcom.shaft.tools.io.ReportManager&amp#27;[m : Successfully created attachment "API Request - Specifications"
2023-01-22 22:15:26.325 &amp#27;[32m INFO&amp#27;[m &amp#27;[35m[@503 - main]&amp#27;[m &amp#27;[36mcom.shaft.tools.io.ReportManager&amp#27;[m : Successfully created attachment "API Request - JSON Body"
2023-01-22 22:15:26.327 &amp#27;[32m INFO&amp#27;[m &amp#27;[35m[@503 - main]&amp#27;[m &amp#27;[36mcom.shaft.tools.io.ReportManager&amp#27;[m : Successfully created attachment "API Response - JSON Body"
2023-01-22 22:15:26.327 &amp#27;[32m INFO&amp#27;[m &amp#27;[35m[@503 - main]&amp#27;[m &amp#27;[36mcom.shaft.tools.io.ReportManager&amp#27;[m : File Action "DoesFileExist" successfully performed. With the following test data "File Path: "src/test/resources/testDataFiles/SteeringCompanyAPI_TestData/SteeringCompanyAPI_TestData.xlsx"".
2023-01-22 22:15:26.377 &amp#27;[32m INFO&amp#27;[m &amp#27;[35m[@503 - main]&amp#27;[m &amp#27;[36mcom.shaft.tools.io.ReportManager&amp#27;[m : File Action "DoesFileExist" successfully performed. With the following test data "File Path: "SteeringCompanyAPI_TestData/SteeringCompanyAPI_TestData.xlsx"".
2023-01-22 22:15:26.404 &amp#27;[32m INFO&amp#27;[m &amp#27;[35m[@503 - main]&amp#27;[m &amp#27;[36mcom.shaft.tools.io.ReportManager&amp#27;[m : Successfully created attachment "Test Data - Excel"
2023-01-22 22:15:26.405 &amp#27;[32m INFO&amp#27;[m &amp#27;[35m[@503 - main]&amp#27;[m &amp#27;[36mcom.shaft.tools.io.ReportManager&amp#27;[m : File Action "DoesFileExist" successfully performed. With the following test data "File Path: "SteeringCompanyAPI_TestData/SteeringCompanyAPI_TestData.xlsx"".
2023-01-22 22:15:26.428 &amp#27;[32m INFO&amp#27;[m &amp#27;[35m[@503 - main]&amp#27;[m &amp#27;[36mcom.shaft.tools.io.ReportManager&amp#27;[m : Successfully created attachment "Test Data - Excel"
2023-01-22 22:15:26.430 &amp#27;[32m INFO&amp#27;[m &amp#27;[35m[@503 - main]&amp#27;[m &amp#27;[36mcom.shaft.tools.io.ReportManager&amp#27;[m : File Action "DoesFileExist" successfully performed. With the following test data "File Path: "Schemas/Tax_Policy_schema.json"".
2023-01-22 22:15:26.430 &amp#27;[32m INFO&amp#27;[m &amp#27;[35m[@503 - main]&amp#27;[m &amp#27;[36mcom.shaft.tools.io.ReportManager&amp#27;[m : File Action "DoesFileExist" successfully performed. With the following test data "File Path: "src/test/resources/testDataFiles/Schemas/Tax_Policy_schema.json"".
2023-01-22 22:15:26.430 &amp#27;[32m INFO&amp#27;[m &amp#27;[35m[@503 - main]&amp#27;[m &amp#27;[36mcom.shaft.tools.io.ReportManager&amp#27;[m : File Action "GetAbsolutePath" successfully performed. With the following test data "Relative Folder Path: "src/test/resources/testDataFiles/Schemas/Tax_Policy_schema.json"".
2023-01-22 22:15:26.431 &amp#27;[32m INFO&amp#27;[m &amp#27;[35m[@503 - main]&amp#27;[m &amp#27;[36mcom.shaft.tools.io.ReportManager&amp#27;[m : File Action "DoesFileExist" successfully performed. With the following test data "File Path: "C:\eclipse-workspace\MyProjects\TASystemsAPIs\src\test\resources\testDataFiles\Schemas\Tax_Policy_schema.json"".
2023-01-22 22:15:26.431 &amp#27;[32m INFO&amp#27;[m &amp#27;[35m[@503 - main]&amp#27;[m &amp#27;[36mcom.shaft.tools.io.ReportManager&amp#27;[m : File Action "GetAbsolutePath" successfully performed. With the following test data "Relative Folder Path: "C:\eclipse-workspace\MyProjects\TASystemsAPIs\src\test\resources\testDataFiles\Schemas\Tax_Policy_schema.json"".
2023-01-22 22:15:26.431 &amp#27;[32m INFO&amp#27;[m &amp#27;[35m[@503 - main]&amp#27;[m &amp#27;[36mcom.shaft.tools.io.ReportManager&amp#27;[m : File Action "ReadFile" successfully performed. With the following test data "File Path: "C:\eclipse-workspace\MyProjects\TASystemsAPIs\src\test\resources\testDataFiles\Schemas\Tax_Policy_schema.json"".
2023-01-22 22:15:26.432 &amp#27;[32m INFO&amp#27;[m &amp#27;[35m[@503 - main]&amp#27;[m &amp#27;[36mcom.shaft.tools.io.ReportManager&amp#27;[m : Successfully created attachment "Validation Test Data - Expected JSON Value"
2023-01-22 22:15:26.432 &amp#27;[32m INFO&amp#27;[m &amp#27;[35m[@503 - main]&amp#27;[m &amp#27;[36mcom.shaft.tools.io.ReportManager&amp#27;[m : Successfully created attachment "Validation Test Data - Actual JSON Value"
2023-01-22 22:15:26.433 &amp#27;[32m INFO&amp#27;[m &amp#27;[35m[@503 - main]&amp#27;[m &amp#27;[36mcom.shaft.tools.io.ReportManager&amp#27;[m : Successfully created attachment "SHAFT Engine Logs - Current Method log: Valid_Update_Tax_Policy_TC"
]]></system-out>
  </testcase>
  <testcase name="Valid_Update_Usage_Policy_TC[[Ljava.lang.Object;@65052d7c](1)" classname="SteeringCompanyAPI_TestCases.Test_Policies_Cases" time="2.068">
    <system-out><![CDATA[2023-01-22 22:15:26.441 &amp#27;[32m INFO&amp#27;[m &amp#27;[35m[@534 - main]&amp#27;[m &amp#27;[36mcom.shaft.tools.io.ReportManager&amp#27;[m : 
################################################################################################################################################
Starting Execution:	"355 out of 83" test cases in the current suite
Test Method:		"SteeringCompanyAPI_TestCases.Test_Policies_Cases.Valid_Update_Usage_Policy_TC"
Test Description:	"TC012 -Policy- Perform Update Valid Usage Policy"
################################################################################################################################################
2023-01-22 22:15:26.441 &amp#27;[32m INFO&amp#27;[m &amp#27;[35m[@503 - main]&amp#27;[m &amp#27;[36mcom.shaft.tools.io.ReportManager&amp#27;[m : File Action "DoesFileExist" successfully performed. With the following test data "File Path: "SteeringCompanyAPI_TestData/SteeringCompanyAPI_TestData.xlsx"".
2023-01-22 22:15:26.465 &amp#27;[32m INFO&amp#27;[m &amp#27;[35m[@503 - main]&amp#27;[m &amp#27;[36mcom.shaft.tools.io.ReportManager&amp#27;[m : Successfully created attachment "Test Data - Excel"
2023-01-22 22:15:27.420 &amp#27;[32m INFO&amp#27;[m &amp#27;[35m[@503 - main]&amp#27;[m &amp#27;[36mcom.shaft.tools.io.ReportManager&amp#27;[m : Response status code: "200", status line: "HTTP/1.1 200 OK"
2023-01-22 22:15:27.431 &amp#27;[32m INFO&amp#27;[m &amp#27;[35m[@503 - main]&amp#27;[m &amp#27;[36mcom.shaft.tools.io.ReportManager&amp#27;[m : Successfully created attachment "API Request - Specifications"
2023-01-22 22:15:27.469 &amp#27;[32m INFO&amp#27;[m &amp#27;[35m[@503 - main]&amp#27;[m &amp#27;[36mcom.shaft.tools.io.ReportManager&amp#27;[m : Successfully created attachment "API Request - Body"
2023-01-22 22:15:27.471 &amp#27;[32m INFO&amp#27;[m &amp#27;[35m[@503 - main]&amp#27;[m &amp#27;[36mcom.shaft.tools.io.ReportManager&amp#27;[m : Successfully created attachment "API Response - JSON Body"
2023-01-22 22:15:27.480 &amp#27;[32m INFO&amp#27;[m &amp#27;[35m[@503 - main]&amp#27;[m &amp#27;[36mcom.shaft.tools.io.ReportManager&amp#27;[m : File Action "DoesFileExist" successfully performed. With the following test data "File Path: "SteeringCompanyAPI_TestData/SteeringCompanyAPI_TestData.xlsx"".
2023-01-22 22:15:27.519 &amp#27;[32m INFO&amp#27;[m &amp#27;[35m[@503 - main]&amp#27;[m &amp#27;[36mcom.shaft.tools.io.ReportManager&amp#27;[m : Successfully created attachment "Test Data - Excel"
2023-01-22 22:15:27.520 &amp#27;[32m INFO&amp#27;[m &amp#27;[35m[@503 - main]&amp#27;[m &amp#27;[36mcom.shaft.tools.io.ReportManager&amp#27;[m : File Action "DoesFileExist" successfully performed. With the following test data "File Path: "SteeringCompanyAPI_TestData/SteeringCompanyAPI_TestData.xlsx"".
2023-01-22 22:15:27.550 &amp#27;[32m INFO&amp#27;[m &amp#27;[35m[@503 - main]&amp#27;[m &amp#27;[36mcom.shaft.tools.io.ReportManager&amp#27;[m : Successfully created attachment "Test Data - Excel"
2023-01-22 22:15:27.550 &amp#27;[32m INFO&amp#27;[m &amp#27;[35m[@503 - main]&amp#27;[m &amp#27;[36mcom.shaft.tools.io.ReportManager&amp#27;[m : File Action "DoesFileExist" successfully performed. With the following test data "File Path: "SteeringCompanyAPI_TestData/SteeringCompanyAPI_TestData.xlsx"".
2023-01-22 22:15:27.578 &amp#27;[32m INFO&amp#27;[m &amp#27;[35m[@503 - main]&amp#27;[m &amp#27;[36mcom.shaft.tools.io.ReportManager&amp#27;[m : Successfully created attachment "Test Data - Excel"
2023-01-22 22:15:28.340 &amp#27;[32m INFO&amp#27;[m &amp#27;[35m[@503 - main]&amp#27;[m &amp#27;[36mcom.shaft.tools.io.ReportManager&amp#27;[m : Response status code: "200", status line: "HTTP/1.1 200 "
2023-01-22 22:15:28.351 &amp#27;[32m INFO&amp#27;[m &amp#27;[35m[@503 - main]&amp#27;[m &amp#27;[36mcom.shaft.tools.io.ReportManager&amp#27;[m : Successfully created attachment "API Request - Specifications"
2023-01-22 22:15:28.353 &amp#27;[32m INFO&amp#27;[m &amp#27;[35m[@503 - main]&amp#27;[m &amp#27;[36mcom.shaft.tools.io.ReportManager&amp#27;[m : Successfully created attachment "API Request - JSON Body"
2023-01-22 22:15:28.353 &amp#27;[32m INFO&amp#27;[m &amp#27;[35m[@503 - main]&amp#27;[m &amp#27;[36mcom.shaft.tools.io.ReportManager&amp#27;[m : Successfully created attachment "API Response - JSON Body"
2023-01-22 22:15:28.353 &amp#27;[32m INFO&amp#27;[m &amp#27;[35m[@503 - main]&amp#27;[m &amp#27;[36mcom.shaft.tools.io.ReportManager&amp#27;[m : File Action "DoesFileExist" successfully performed. With the following test data "File Path: "src/test/resources/testDataFiles/SteeringCompanyAPI_TestData/SteeringCompanyAPI_TestData.xlsx"".
2023-01-22 22:15:28.412 &amp#27;[32m INFO&amp#27;[m &amp#27;[35m[@503 - main]&amp#27;[m &amp#27;[36mcom.shaft.tools.io.ReportManager&amp#27;[m : File Action "DoesFileExist" successfully performed. With the following test data "File Path: "SteeringCompanyAPI_TestData/SteeringCompanyAPI_TestData.xlsx"".
2023-01-22 22:15:28.477 &amp#27;[32m INFO&amp#27;[m &amp#27;[35m[@503 - main]&amp#27;[m &amp#27;[36mcom.shaft.tools.io.ReportManager&amp#27;[m : Successfully created attachment "Test Data - Excel"
2023-01-22 22:15:28.477 &amp#27;[32m INFO&amp#27;[m &amp#27;[35m[@503 - main]&amp#27;[m &amp#27;[36mcom.shaft.tools.io.ReportManager&amp#27;[m : File Action "DoesFileExist" successfully performed. With the following test data "File Path: "SteeringCompanyAPI_TestData/SteeringCompanyAPI_TestData.xlsx"".
2023-01-22 22:15:28.500 &amp#27;[32m INFO&amp#27;[m &amp#27;[35m[@503 - main]&amp#27;[m &amp#27;[36mcom.shaft.tools.io.ReportManager&amp#27;[m : Successfully created attachment "Test Data - Excel"
2023-01-22 22:15:28.501 &amp#27;[32m INFO&amp#27;[m &amp#27;[35m[@503 - main]&amp#27;[m &amp#27;[36mcom.shaft.tools.io.ReportManager&amp#27;[m : File Action "DoesFileExist" successfully performed. With the following test data "File Path: "Schemas/Usage_Policy_schema.json"".
2023-01-22 22:15:28.501 &amp#27;[32m INFO&amp#27;[m &amp#27;[35m[@503 - main]&amp#27;[m &amp#27;[36mcom.shaft.tools.io.ReportManager&amp#27;[m : File Action "DoesFileExist" successfully performed. With the following test data "File Path: "src/test/resources/testDataFiles/Schemas/Usage_Policy_schema.json"".
2023-01-22 22:15:28.502 &amp#27;[32m INFO&amp#27;[m &amp#27;[35m[@503 - main]&amp#27;[m &amp#27;[36mcom.shaft.tools.io.ReportManager&amp#27;[m : File Action "GetAbsolutePath" successfully performed. With the following test data "Relative Folder Path: "src/test/resources/testDataFiles/Schemas/Usage_Policy_schema.json"".
2023-01-22 22:15:28.503 &amp#27;[32m INFO&amp#27;[m &amp#27;[35m[@503 - main]&amp#27;[m &amp#27;[36mcom.shaft.tools.io.ReportManager&amp#27;[m : File Action "DoesFileExist" successfully performed. With the following test data "File Path: "C:\eclipse-workspace\MyProjects\TASystemsAPIs\src\test\resources\testDataFiles\Schemas\Usage_Policy_schema.json"".
2023-01-22 22:15:28.503 &amp#27;[32m INFO&amp#27;[m &amp#27;[35m[@503 - main]&amp#27;[m &amp#27;[36mcom.shaft.tools.io.ReportManager&amp#27;[m : File Action "GetAbsolutePath" successfully performed. With the following test data "Relative Folder Path: "C:\eclipse-workspace\MyProjects\TASystemsAPIs\src\test\resources\testDataFiles\Schemas\Usage_Policy_schema.json"".
2023-01-22 22:15:28.503 &amp#27;[32m INFO&amp#27;[m &amp#27;[35m[@503 - main]&amp#27;[m &amp#27;[36mcom.shaft.tools.io.ReportManager&amp#27;[m : File Action "ReadFile" successfully performed. With the following test data "File Path: "C:\eclipse-workspace\MyProjects\TASystemsAPIs\src\test\resources\testDataFiles\Schemas\Usage_Policy_schema.json"".
2023-01-22 22:15:28.504 &amp#27;[32m INFO&amp#27;[m &amp#27;[35m[@503 - main]&amp#27;[m &amp#27;[36mcom.shaft.tools.io.ReportManager&amp#27;[m : Successfully created attachment "Validation Test Data - Expected JSON Value"
2023-01-22 22:15:28.505 &amp#27;[32m INFO&amp#27;[m &amp#27;[35m[@503 - main]&amp#27;[m &amp#27;[36mcom.shaft.tools.io.ReportManager&amp#27;[m : Successfully created attachment "Validation Test Data - Actual JSON Value"
2023-01-22 22:15:28.507 &amp#27;[32m INFO&amp#27;[m &amp#27;[35m[@503 - main]&amp#27;[m &amp#27;[36mcom.shaft.tools.io.ReportManager&amp#27;[m : Successfully created attachment "SHAFT Engine Logs - Current Method log: Valid_Update_Usage_Policy_TC"
]]></system-out>
  </testcase>
  <testcase name="Valid_Update_Usage_Policy_TC[[Ljava.lang.Object;@626b0915](2)" classname="SteeringCompanyAPI_TestCases.Test_Policies_Cases" time="2.253">
    <system-out><![CDATA[2023-01-22 22:15:28.510 &amp#27;[32m INFO&amp#27;[m &amp#27;[35m[@534 - main]&amp#27;[m &amp#27;[36mcom.shaft.tools.io.ReportManager&amp#27;[m : 
################################################################################################################################################
Starting Execution:	"356 out of 83" test cases in the current suite
Test Method:		"SteeringCompanyAPI_TestCases.Test_Policies_Cases.Valid_Update_Usage_Policy_TC"
Test Description:	"TC012 -Policy- Perform Update Valid Usage Policy"
################################################################################################################################################
2023-01-22 22:15:28.510 &amp#27;[32m INFO&amp#27;[m &amp#27;[35m[@503 - main]&amp#27;[m &amp#27;[36mcom.shaft.tools.io.ReportManager&amp#27;[m : File Action "DoesFileExist" successfully performed. With the following test data "File Path: "SteeringCompanyAPI_TestData/SteeringCompanyAPI_TestData.xlsx"".
2023-01-22 22:15:28.532 &amp#27;[32m INFO&amp#27;[m &amp#27;[35m[@503 - main]&amp#27;[m &amp#27;[36mcom.shaft.tools.io.ReportManager&amp#27;[m : Successfully created attachment "Test Data - Excel"
2023-01-22 22:15:29.673 &amp#27;[32m INFO&amp#27;[m &amp#27;[35m[@503 - main]&amp#27;[m &amp#27;[36mcom.shaft.tools.io.ReportManager&amp#27;[m : Response status code: "200", status line: "HTTP/1.1 200 OK"
2023-01-22 22:15:29.732 &amp#27;[32m INFO&amp#27;[m &amp#27;[35m[@503 - main]&amp#27;[m &amp#27;[36mcom.shaft.tools.io.ReportManager&amp#27;[m : Successfully created attachment "API Request - Specifications"
2023-01-22 22:15:29.733 &amp#27;[32m INFO&amp#27;[m &amp#27;[35m[@503 - main]&amp#27;[m &amp#27;[36mcom.shaft.tools.io.ReportManager&amp#27;[m : Successfully created attachment "API Request - Body"
2023-01-22 22:15:29.735 &amp#27;[32m INFO&amp#27;[m &amp#27;[35m[@503 - main]&amp#27;[m &amp#27;[36mcom.shaft.tools.io.ReportManager&amp#27;[m : Successfully created attachment "API Response - JSON Body"
2023-01-22 22:15:29.756 &amp#27;[32m INFO&amp#27;[m &amp#27;[35m[@503 - main]&amp#27;[m &amp#27;[36mcom.shaft.tools.io.ReportManager&amp#27;[m : File Action "DoesFileExist" successfully performed. With the following test data "File Path: "SteeringCompanyAPI_TestData/SteeringCompanyAPI_TestData.xlsx"".
2023-01-22 22:15:29.793 &amp#27;[32m INFO&amp#27;[m &amp#27;[35m[@503 - main]&amp#27;[m &amp#27;[36mcom.shaft.tools.io.ReportManager&amp#27;[m : Successfully created attachment "Test Data - Excel"
2023-01-22 22:15:29.793 &amp#27;[32m INFO&amp#27;[m &amp#27;[35m[@503 - main]&amp#27;[m &amp#27;[36mcom.shaft.tools.io.ReportManager&amp#27;[m : File Action "DoesFileExist" successfully performed. With the following test data "File Path: "SteeringCompanyAPI_TestData/SteeringCompanyAPI_TestData.xlsx"".
2023-01-22 22:15:29.821 &amp#27;[32m INFO&amp#27;[m &amp#27;[35m[@503 - main]&amp#27;[m &amp#27;[36mcom.shaft.tools.io.ReportManager&amp#27;[m : Successfully created attachment "Test Data - Excel"
2023-01-22 22:15:29.821 &amp#27;[32m INFO&amp#27;[m &amp#27;[35m[@503 - main]&amp#27;[m &amp#27;[36mcom.shaft.tools.io.ReportManager&amp#27;[m : File Action "DoesFileExist" successfully performed. With the following test data "File Path: "SteeringCompanyAPI_TestData/SteeringCompanyAPI_TestData.xlsx"".
2023-01-22 22:15:29.845 &amp#27;[32m INFO&amp#27;[m &amp#27;[35m[@503 - main]&amp#27;[m &amp#27;[36mcom.shaft.tools.io.ReportManager&amp#27;[m : Successfully created attachment "Test Data - Excel"
2023-01-22 22:15:30.591 &amp#27;[32m INFO&amp#27;[m &amp#27;[35m[@503 - main]&amp#27;[m &amp#27;[36mcom.shaft.tools.io.ReportManager&amp#27;[m : Response status code: "200", status line: "HTTP/1.1 200 "
2023-01-22 22:15:30.605 &amp#27;[32m INFO&amp#27;[m &amp#27;[35m[@503 - main]&amp#27;[m &amp#27;[36mcom.shaft.tools.io.ReportManager&amp#27;[m : Successfully created attachment "API Request - Specifications"
2023-01-22 22:15:30.606 &amp#27;[32m INFO&amp#27;[m &amp#27;[35m[@503 - main]&amp#27;[m &amp#27;[36mcom.shaft.tools.io.ReportManager&amp#27;[m : Successfully created attachment "API Request - JSON Body"
2023-01-22 22:15:30.646 &amp#27;[32m INFO&amp#27;[m &amp#27;[35m[@503 - main]&amp#27;[m &amp#27;[36mcom.shaft.tools.io.ReportManager&amp#27;[m : Successfully created attachment "API Response - JSON Body"
2023-01-22 22:15:30.646 &amp#27;[32m INFO&amp#27;[m &amp#27;[35m[@503 - main]&amp#27;[m &amp#27;[36mcom.shaft.tools.io.ReportManager&amp#27;[m : File Action "DoesFileExist" successfully performed. With the following test data "File Path: "src/test/resources/testDataFiles/SteeringCompanyAPI_TestData/SteeringCompanyAPI_TestData.xlsx"".
2023-01-22 22:15:30.694 &amp#27;[32m INFO&amp#27;[m &amp#27;[35m[@503 - main]&amp#27;[m &amp#27;[36mcom.shaft.tools.io.ReportManager&amp#27;[m : File Action "DoesFileExist" successfully performed. With the following test data "File Path: "SteeringCompanyAPI_TestData/SteeringCompanyAPI_TestData.xlsx"".
2023-01-22 22:15:30.716 &amp#27;[32m INFO&amp#27;[m &amp#27;[35m[@503 - main]&amp#27;[m &amp#27;[36mcom.shaft.tools.io.ReportManager&amp#27;[m : Successfully created attachment "Test Data - Excel"
2023-01-22 22:15:30.716 &amp#27;[32m INFO&amp#27;[m &amp#27;[35m[@503 - main]&amp#27;[m &amp#27;[36mcom.shaft.tools.io.ReportManager&amp#27;[m : File Action "DoesFileExist" successfully performed. With the following test data "File Path: "SteeringCompanyAPI_TestData/SteeringCompanyAPI_TestData.xlsx"".
2023-01-22 22:15:30.746 &amp#27;[32m INFO&amp#27;[m &amp#27;[35m[@503 - main]&amp#27;[m &amp#27;[36mcom.shaft.tools.io.ReportManager&amp#27;[m : Successfully created attachment "Test Data - Excel"
2023-01-22 22:15:30.748 &amp#27;[32m INFO&amp#27;[m &amp#27;[35m[@503 - main]&amp#27;[m &amp#27;[36mcom.shaft.tools.io.ReportManager&amp#27;[m : File Action "DoesFileExist" successfully performed. With the following test data "File Path: "Schemas/Usage_Policy_schema.json"".
2023-01-22 22:15:30.748 &amp#27;[32m INFO&amp#27;[m &amp#27;[35m[@503 - main]&amp#27;[m &amp#27;[36mcom.shaft.tools.io.ReportManager&amp#27;[m : File Action "DoesFileExist" successfully performed. With the following test data "File Path: "src/test/resources/testDataFiles/Schemas/Usage_Policy_schema.json"".
2023-01-22 22:15:30.748 &amp#27;[32m INFO&amp#27;[m &amp#27;[35m[@503 - main]&amp#27;[m &amp#27;[36mcom.shaft.tools.io.ReportManager&amp#27;[m : File Action "GetAbsolutePath" successfully performed. With the following test data "Relative Folder Path: "src/test/resources/testDataFiles/Schemas/Usage_Policy_schema.json"".
2023-01-22 22:15:30.750 &amp#27;[32m INFO&amp#27;[m &amp#27;[35m[@503 - main]&amp#27;[m &amp#27;[36mcom.shaft.tools.io.ReportManager&amp#27;[m : File Action "DoesFileExist" successfully performed. With the following test data "File Path: "C:\eclipse-workspace\MyProjects\TASystemsAPIs\src\test\resources\testDataFiles\Schemas\Usage_Policy_schema.json"".
2023-01-22 22:15:30.750 &amp#27;[32m INFO&amp#27;[m &amp#27;[35m[@503 - main]&amp#27;[m &amp#27;[36mcom.shaft.tools.io.ReportManager&amp#27;[m : File Action "GetAbsolutePath" successfully performed. With the following test data "Relative Folder Path: "C:\eclipse-workspace\MyProjects\TASystemsAPIs\src\test\resources\testDataFiles\Schemas\Usage_Policy_schema.json"".
2023-01-22 22:15:30.750 &amp#27;[32m INFO&amp#27;[m &amp#27;[35m[@503 - main]&amp#27;[m &amp#27;[36mcom.shaft.tools.io.ReportManager&amp#27;[m : File Action "ReadFile" successfully performed. With the following test data "File Path: "C:\eclipse-workspace\MyProjects\TASystemsAPIs\src\test\resources\testDataFiles\Schemas\Usage_Policy_schema.json"".
2023-01-22 22:15:30.752 &amp#27;[32m INFO&amp#27;[m &amp#27;[35m[@503 - main]&amp#27;[m &amp#27;[36mcom.shaft.tools.io.ReportManager&amp#27;[m : Successfully created attachment "Validation Test Data - Expected JSON Value"
2023-01-22 22:15:30.758 &amp#27;[32m INFO&amp#27;[m &amp#27;[35m[@503 - main]&amp#27;[m &amp#27;[36mcom.shaft.tools.io.ReportManager&amp#27;[m : Successfully created attachment "Validation Test Data - Actual JSON Value"
2023-01-22 22:15:30.760 &amp#27;[32m INFO&amp#27;[m &amp#27;[35m[@503 - main]&amp#27;[m &amp#27;[36mcom.shaft.tools.io.ReportManager&amp#27;[m : Successfully created attachment "SHAFT Engine Logs - Current Method log: Valid_Update_Usage_Policy_TC"
]]></system-out>
  </testcase>
  <testcase name="Bad_Token_RQ_TC" classname="SteeringCompanyAPI_TestCases.Test_Token_Cases" time="1.295">
    <system-out><![CDATA[2023-01-22 22:15:30.761 &amp#27;[32m INFO&amp#27;[m &amp#27;[35m[@534 - main]&amp#27;[m &amp#27;[36mcom.shaft.tools.io.ReportManager&amp#27;[m : 
################################################################################################################################################
Starting Execution of a Configuration (Setup or Teardown) Method
Test Method:		"SteeringCompanyAPI_TestCases.Test_Token_Cases.Setup_data"
################################################################################################################################################
2023-01-22 22:15:30.762 &amp#27;[32m INFO&amp#27;[m &amp#27;[35m[@503 - main]&amp#27;[m &amp#27;[36mcom.shaft.tools.io.ReportManager&amp#27;[m : File Action "DoesFileExist" successfully performed. With the following test data "File Path: "SteeringCompanyAPI_TestData/SteeringCompanyAPI_TestData.xlsx"".
2023-01-22 22:15:30.793 &amp#27;[32m INFO&amp#27;[m &amp#27;[35m[@503 - main]&amp#27;[m &amp#27;[36mcom.shaft.tools.io.ReportManager&amp#27;[m : Successfully created attachment "Test Data - Excel"
2023-01-22 22:15:30.794 &amp#27;[31mERROR&amp#27;[m &amp#27;[35m[@609 - main]&amp#27;[m &amp#27;[36mio.qameta.allure.AllureLifecycle&amp#27;[m : Could not add attachment: no test is running
2023-01-22 22:15:30.795 &amp#27;[32m INFO&amp#27;[m &amp#27;[35m[@503 - main]&amp#27;[m &amp#27;[36mcom.shaft.tools.io.ReportManager&amp#27;[m : Successfully created attachment "SHAFT Engine Logs - Current Method log: Setup_data"
2023-01-22 22:15:30.797 &amp#27;[32m INFO&amp#27;[m &amp#27;[35m[@534 - main]&amp#27;[m &amp#27;[36mcom.shaft.tools.io.ReportManager&amp#27;[m : 
################################################################################################################################################
Starting Execution:	"357 out of 83" test cases in the current suite
Test Method:		"SteeringCompanyAPI_TestCases.Test_Token_Cases.Bad_Token_RQ_TC"
Test Description:	"TC003 - Perform Post Token API with empty request body"
################################################################################################################################################
2023-01-22 22:15:30.797 &amp#27;[32m INFO&amp#27;[m &amp#27;[35m[@503 - main]&amp#27;[m &amp#27;[36mcom.shaft.tools.io.ReportManager&amp#27;[m : File Action "DoesFileExist" successfully performed. With the following test data "File Path: "SteeringCompanyAPI_TestData/SteeringCompanyAPI_TestData.xlsx"".
2023-01-22 22:15:30.820 &amp#27;[32m INFO&amp#27;[m &amp#27;[35m[@503 - main]&amp#27;[m &amp#27;[36mcom.shaft.tools.io.ReportManager&amp#27;[m : Successfully created attachment "Test Data - Excel"
2023-01-22 22:15:32.027 &amp#27;[32m INFO&amp#27;[m &amp#27;[35m[@503 - main]&amp#27;[m &amp#27;[36mcom.shaft.tools.io.ReportManager&amp#27;[m : Response status code: "400", status line: "HTTP/1.1 400 Bad Request"
2023-01-22 22:15:32.038 &amp#27;[32m INFO&amp#27;[m &amp#27;[35m[@503 - main]&amp#27;[m &amp#27;[36mcom.shaft.tools.io.ReportManager&amp#27;[m : Successfully created attachment "API Request - Specifications"
2023-01-22 22:15:32.078 &amp#27;[32m INFO&amp#27;[m &amp#27;[35m[@503 - main]&amp#27;[m &amp#27;[36mcom.shaft.tools.io.ReportManager&amp#27;[m : Successfully created attachment "API Response - JSON Body"
2023-01-22 22:15:32.079 &amp#27;[32m INFO&amp#27;[m &amp#27;[35m[@503 - main]&amp#27;[m &amp#27;[36mcom.shaft.tools.io.ReportManager&amp#27;[m : Get response jsonvalue "error_description".
2023-01-22 22:15:32.080 &amp#27;[32m INFO&amp#27;[m &amp#27;[35m[@503 - main]&amp#27;[m &amp#27;[36mcom.shaft.tools.io.ReportManager&amp#27;[m : File Action "DoesFileExist" successfully performed. With the following test data "File Path: "Schemas/Token_Unauthorized_schema.json"".
2023-01-22 22:15:32.081 &amp#27;[32m INFO&amp#27;[m &amp#27;[35m[@503 - main]&amp#27;[m &amp#27;[36mcom.shaft.tools.io.ReportManager&amp#27;[m : File Action "DoesFileExist" successfully performed. With the following test data "File Path: "src/test/resources/testDataFiles/Schemas/Token_Unauthorized_schema.json"".
2023-01-22 22:15:32.081 &amp#27;[32m INFO&amp#27;[m &amp#27;[35m[@503 - main]&amp#27;[m &amp#27;[36mcom.shaft.tools.io.ReportManager&amp#27;[m : File Action "GetAbsolutePath" successfully performed. With the following test data "Relative Folder Path: "src/test/resources/testDataFiles/Schemas/Token_Unauthorized_schema.json"".
2023-01-22 22:15:32.083 &amp#27;[32m INFO&amp#27;[m &amp#27;[35m[@503 - main]&amp#27;[m &amp#27;[36mcom.shaft.tools.io.ReportManager&amp#27;[m : File Action "DoesFileExist" successfully performed. With the following test data "File Path: "C:\eclipse-workspace\MyProjects\TASystemsAPIs\src\test\resources\testDataFiles\Schemas\Token_Unauthorized_schema.json"".
2023-01-22 22:15:32.083 &amp#27;[32m INFO&amp#27;[m &amp#27;[35m[@503 - main]&amp#27;[m &amp#27;[36mcom.shaft.tools.io.ReportManager&amp#27;[m : File Action "GetAbsolutePath" successfully performed. With the following test data "Relative Folder Path: "C:\eclipse-workspace\MyProjects\TASystemsAPIs\src\test\resources\testDataFiles\Schemas\Token_Unauthorized_schema.json"".
2023-01-22 22:15:32.084 &amp#27;[32m INFO&amp#27;[m &amp#27;[35m[@503 - main]&amp#27;[m &amp#27;[36mcom.shaft.tools.io.ReportManager&amp#27;[m : File Action "ReadFile" successfully performed. With the following test data "File Path: "C:\eclipse-workspace\MyProjects\TASystemsAPIs\src\test\resources\testDataFiles\Schemas\Token_Unauthorized_schema.json"".
2023-01-22 22:15:32.085 &amp#27;[32m INFO&amp#27;[m &amp#27;[35m[@503 - main]&amp#27;[m &amp#27;[36mcom.shaft.tools.io.ReportManager&amp#27;[m : Successfully created attachment "Validation Test Data - Expected JSON Value"
2023-01-22 22:15:32.087 &amp#27;[32m INFO&amp#27;[m &amp#27;[35m[@503 - main]&amp#27;[m &amp#27;[36mcom.shaft.tools.io.ReportManager&amp#27;[m : Successfully created attachment "Validation Test Data - Actual JSON Value"
2023-01-22 22:15:32.090 &amp#27;[32m INFO&amp#27;[m &amp#27;[35m[@503 - main]&amp#27;[m &amp#27;[36mcom.shaft.tools.io.ReportManager&amp#27;[m : Successfully created attachment "SHAFT Engine Logs - Current Method log: Bad_Token_RQ_TC"
]]></system-out>
  </testcase>
  <testcase name="InValid_Token_RQ_TC" classname="SteeringCompanyAPI_TestCases.Test_Token_Cases" time="2.14">
    <system-out><![CDATA[2023-01-22 22:15:32.094 &amp#27;[32m INFO&amp#27;[m &amp#27;[35m[@534 - main]&amp#27;[m &amp#27;[36mcom.shaft.tools.io.ReportManager&amp#27;[m : 
################################################################################################################################################
Starting Execution:	"358 out of 83" test cases in the current suite
Test Method:		"SteeringCompanyAPI_TestCases.Test_Token_Cases.InValid_Token_RQ_TC"
Test Description:	"TC002 - Perform Post Token API with Invalid user name and password"
################################################################################################################################################
2023-01-22 22:15:32.095 &amp#27;[32m INFO&amp#27;[m &amp#27;[35m[@503 - main]&amp#27;[m &amp#27;[36mcom.shaft.tools.io.ReportManager&amp#27;[m : File Action "DoesFileExist" successfully performed. With the following test data "File Path: "SteeringCompanyAPI_TestData/SteeringCompanyAPI_TestData.xlsx"".
2023-01-22 22:15:32.128 &amp#27;[32m INFO&amp#27;[m &amp#27;[35m[@503 - main]&amp#27;[m &amp#27;[36mcom.shaft.tools.io.ReportManager&amp#27;[m : Successfully created attachment "Test Data - Excel"
2023-01-22 22:15:34.172 &amp#27;[32m INFO&amp#27;[m &amp#27;[35m[@503 - main]&amp#27;[m &amp#27;[36mcom.shaft.tools.io.ReportManager&amp#27;[m : Response status code: "401", status line: "HTTP/1.1 401 Unauthorized"
2023-01-22 22:15:34.183 &amp#27;[32m INFO&amp#27;[m &amp#27;[35m[@503 - main]&amp#27;[m &amp#27;[36mcom.shaft.tools.io.ReportManager&amp#27;[m : Successfully created attachment "API Request - Specifications"
2023-01-22 22:15:34.184 &amp#27;[32m INFO&amp#27;[m &amp#27;[35m[@503 - main]&amp#27;[m &amp#27;[36mcom.shaft.tools.io.ReportManager&amp#27;[m : Successfully created attachment "API Request - Body"
2023-01-22 22:15:34.224 &amp#27;[32m INFO&amp#27;[m &amp#27;[35m[@503 - main]&amp#27;[m &amp#27;[36mcom.shaft.tools.io.ReportManager&amp#27;[m : Successfully created attachment "API Response - JSON Body"
2023-01-22 22:15:34.224 &amp#27;[32m INFO&amp#27;[m &amp#27;[35m[@503 - main]&amp#27;[m &amp#27;[36mcom.shaft.tools.io.ReportManager&amp#27;[m : Get response jsonvalue "error_description".
2023-01-22 22:15:34.225 &amp#27;[32m INFO&amp#27;[m &amp#27;[35m[@503 - main]&amp#27;[m &amp#27;[36mcom.shaft.tools.io.ReportManager&amp#27;[m : File Action "DoesFileExist" successfully performed. With the following test data "File Path: "Schemas/Token_Unauthorized_schema.json"".
2023-01-22 22:15:34.225 &amp#27;[32m INFO&amp#27;[m &amp#27;[35m[@503 - main]&amp#27;[m &amp#27;[36mcom.shaft.tools.io.ReportManager&amp#27;[m : File Action "DoesFileExist" successfully performed. With the following test data "File Path: "src/test/resources/testDataFiles/Schemas/Token_Unauthorized_schema.json"".
2023-01-22 22:15:34.225 &amp#27;[32m INFO&amp#27;[m &amp#27;[35m[@503 - main]&amp#27;[m &amp#27;[36mcom.shaft.tools.io.ReportManager&amp#27;[m : File Action "GetAbsolutePath" successfully performed. With the following test data "Relative Folder Path: "src/test/resources/testDataFiles/Schemas/Token_Unauthorized_schema.json"".
2023-01-22 22:15:34.227 &amp#27;[32m INFO&amp#27;[m &amp#27;[35m[@503 - main]&amp#27;[m &amp#27;[36mcom.shaft.tools.io.ReportManager&amp#27;[m : File Action "DoesFileExist" successfully performed. With the following test data "File Path: "C:\eclipse-workspace\MyProjects\TASystemsAPIs\src\test\resources\testDataFiles\Schemas\Token_Unauthorized_schema.json"".
2023-01-22 22:15:34.227 &amp#27;[32m INFO&amp#27;[m &amp#27;[35m[@503 - main]&amp#27;[m &amp#27;[36mcom.shaft.tools.io.ReportManager&amp#27;[m : File Action "GetAbsolutePath" successfully performed. With the following test data "Relative Folder Path: "C:\eclipse-workspace\MyProjects\TASystemsAPIs\src\test\resources\testDataFiles\Schemas\Token_Unauthorized_schema.json"".
2023-01-22 22:15:34.227 &amp#27;[32m INFO&amp#27;[m &amp#27;[35m[@503 - main]&amp#27;[m &amp#27;[36mcom.shaft.tools.io.ReportManager&amp#27;[m : File Action "ReadFile" successfully performed. With the following test data "File Path: "C:\eclipse-workspace\MyProjects\TASystemsAPIs\src\test\resources\testDataFiles\Schemas\Token_Unauthorized_schema.json"".
2023-01-22 22:15:34.228 &amp#27;[32m INFO&amp#27;[m &amp#27;[35m[@503 - main]&amp#27;[m &amp#27;[36mcom.shaft.tools.io.ReportManager&amp#27;[m : Successfully created attachment "Validation Test Data - Expected JSON Value"
2023-01-22 22:15:34.229 &amp#27;[32m INFO&amp#27;[m &amp#27;[35m[@503 - main]&amp#27;[m &amp#27;[36mcom.shaft.tools.io.ReportManager&amp#27;[m : Successfully created attachment "Validation Test Data - Actual JSON Value"
2023-01-22 22:15:34.230 &amp#27;[32m INFO&amp#27;[m &amp#27;[35m[@503 - main]&amp#27;[m &amp#27;[36mcom.shaft.tools.io.ReportManager&amp#27;[m : Successfully created attachment "SHAFT Engine Logs - Current Method log: InValid_Token_RQ_TC"
]]></system-out>
  </testcase>
  <testcase name="Valid_Token_RQ_TC" classname="SteeringCompanyAPI_TestCases.Test_Token_Cases" time="0.995">
    <system-out><![CDATA[2023-01-22 22:15:34.235 &amp#27;[32m INFO&amp#27;[m &amp#27;[35m[@534 - main]&amp#27;[m &amp#27;[36mcom.shaft.tools.io.ReportManager&amp#27;[m : 
################################################################################################################################################
Starting Execution:	"359 out of 83" test cases in the current suite
Test Method:		"SteeringCompanyAPI_TestCases.Test_Token_Cases.Valid_Token_RQ_TC"
Test Description:	"TC001 - Perform Post Token API with valid user name and password and return with token"
################################################################################################################################################
2023-01-22 22:15:34.236 &amp#27;[32m INFO&amp#27;[m &amp#27;[35m[@503 - main]&amp#27;[m &amp#27;[36mcom.shaft.tools.io.ReportManager&amp#27;[m : File Action "DoesFileExist" successfully performed. With the following test data "File Path: "SteeringCompanyAPI_TestData/SteeringCompanyAPI_TestData.xlsx"".
2023-01-22 22:15:34.265 &amp#27;[32m INFO&amp#27;[m &amp#27;[35m[@503 - main]&amp#27;[m &amp#27;[36mcom.shaft.tools.io.ReportManager&amp#27;[m : Successfully created attachment "Test Data - Excel"
2023-01-22 22:15:35.144 &amp#27;[32m INFO&amp#27;[m &amp#27;[35m[@503 - main]&amp#27;[m &amp#27;[36mcom.shaft.tools.io.ReportManager&amp#27;[m : Response status code: "200", status line: "HTTP/1.1 200 OK"
2023-01-22 22:15:35.153 &amp#27;[32m INFO&amp#27;[m &amp#27;[35m[@503 - main]&amp#27;[m &amp#27;[36mcom.shaft.tools.io.ReportManager&amp#27;[m : Successfully created attachment "API Request - Specifications"
2023-01-22 22:15:35.155 &amp#27;[32m INFO&amp#27;[m &amp#27;[35m[@503 - main]&amp#27;[m &amp#27;[36mcom.shaft.tools.io.ReportManager&amp#27;[m : Successfully created attachment "API Request - Body"
2023-01-22 22:15:35.157 &amp#27;[32m INFO&amp#27;[m &amp#27;[35m[@503 - main]&amp#27;[m &amp#27;[36mcom.shaft.tools.io.ReportManager&amp#27;[m : Successfully created attachment "API Response - JSON Body"
2023-01-22 22:15:35.159 &amp#27;[32m INFO&amp#27;[m &amp#27;[35m[@503 - main]&amp#27;[m &amp#27;[36mcom.shaft.tools.io.ReportManager&amp#27;[m : Successfully created attachment "Validation Test Data - Expected Value"
2023-01-22 22:15:35.160 &amp#27;[32m INFO&amp#27;[m &amp#27;[35m[@503 - main]&amp#27;[m &amp#27;[36mcom.shaft.tools.io.ReportManager&amp#27;[m : Successfully created attachment "Validation Test Data - Actual Value"
2023-01-22 22:15:35.160 &amp#27;[32m INFO&amp#27;[m &amp#27;[35m[@503 - main]&amp#27;[m &amp#27;[36mcom.shaft.tools.io.ReportManager&amp#27;[m : Get response jsonvalue "access_token".
2023-01-22 22:15:35.161 &amp#27;[32m INFO&amp#27;[m &amp#27;[35m[@503 - main]&amp#27;[m &amp#27;[36mcom.shaft.tools.io.ReportManager&amp#27;[m : Successfully created attachment "Validation Test Data - Expected Value"
2023-01-22 22:15:35.162 &amp#27;[32m INFO&amp#27;[m &amp#27;[35m[@503 - main]&amp#27;[m &amp#27;[36mcom.shaft.tools.io.ReportManager&amp#27;[m : Successfully created attachment "Validation Test Data - Actual Value"
2023-01-22 22:15:35.163 &amp#27;[32m INFO&amp#27;[m &amp#27;[35m[@503 - main]&amp#27;[m &amp#27;[36mcom.shaft.tools.io.ReportManager&amp#27;[m : File Action "DoesFileExist" successfully performed. With the following test data "File Path: "Schemas/Token_schema.json"".
2023-01-22 22:15:35.163 &amp#27;[32m INFO&amp#27;[m &amp#27;[35m[@503 - main]&amp#27;[m &amp#27;[36mcom.shaft.tools.io.ReportManager&amp#27;[m : File Action "DoesFileExist" successfully performed. With the following test data "File Path: "src/test/resources/testDataFiles/Schemas/Token_schema.json"".
2023-01-22 22:15:35.163 &amp#27;[32m INFO&amp#27;[m &amp#27;[35m[@503 - main]&amp#27;[m &amp#27;[36mcom.shaft.tools.io.ReportManager&amp#27;[m : File Action "GetAbsolutePath" successfully performed. With the following test data "Relative Folder Path: "src/test/resources/testDataFiles/Schemas/Token_schema.json"".
2023-01-22 22:15:35.165 &amp#27;[32m INFO&amp#27;[m &amp#27;[35m[@503 - main]&amp#27;[m &amp#27;[36mcom.shaft.tools.io.ReportManager&amp#27;[m : File Action "DoesFileExist" successfully performed. With the following test data "File Path: "C:\eclipse-workspace\MyProjects\TASystemsAPIs\src\test\resources\testDataFiles\Schemas\Token_schema.json"".
2023-01-22 22:15:35.165 &amp#27;[32m INFO&amp#27;[m &amp#27;[35m[@503 - main]&amp#27;[m &amp#27;[36mcom.shaft.tools.io.ReportManager&amp#27;[m : File Action "GetAbsolutePath" successfully performed. With the following test data "Relative Folder Path: "C:\eclipse-workspace\MyProjects\TASystemsAPIs\src\test\resources\testDataFiles\Schemas\Token_schema.json"".
2023-01-22 22:15:35.165 &amp#27;[32m INFO&amp#27;[m &amp#27;[35m[@503 - main]&amp#27;[m &amp#27;[36mcom.shaft.tools.io.ReportManager&amp#27;[m : File Action "ReadFile" successfully performed. With the following test data "File Path: "C:\eclipse-workspace\MyProjects\TASystemsAPIs\src\test\resources\testDataFiles\Schemas\Token_schema.json"".
2023-01-22 22:15:35.166 &amp#27;[32m INFO&amp#27;[m &amp#27;[35m[@503 - main]&amp#27;[m &amp#27;[36mcom.shaft.tools.io.ReportManager&amp#27;[m : Successfully created attachment "Validation Test Data - Expected JSON Value"
2023-01-22 22:15:35.167 &amp#27;[32m INFO&amp#27;[m &amp#27;[35m[@503 - main]&amp#27;[m &amp#27;[36mcom.shaft.tools.io.ReportManager&amp#27;[m : Successfully created attachment "Validation Test Data - Actual JSON Value"
2023-01-22 22:15:35.226 &amp#27;[32m INFO&amp#27;[m &amp#27;[35m[@503 - main]&amp#27;[m &amp#27;[36mcom.shaft.tools.io.ReportManager&amp#27;[m : Successfully created attachment "SHAFT Engine Logs - Current Method log: Valid_Token_RQ_TC"
]]></system-out>
  </testcase>
</testsuite>