<?xml version="1.0" encoding="UTF-8"?>
<testsuite xmlns:xsi="http://www.w3.org/2001/XMLSchema-instance" xsi:noNamespaceSchemaLocation="https://maven.apache.org/surefire/maven-surefire-plugin/xsd/surefire-test-report-3.0.xsd" version="3.0" name="SteeringCompanyAPI_TestCases.Token_TestCases" time="10.783" tests="1" errors="0" skipped="0" failures="0">
  <properties>
    <property name="cucumber.publish.quiet" value="true"/>
    <property name="java.specification.version" value="17"/>
    <property name="sun.cpu.isalist" value="amd64"/>
    <property name="sun.arch.data.model" value="64"/>
    <property name="projectKey" value=""/>
    <property name="testDataFolderPath" value="src/test/resources/testDataFiles/"/>
    <property name="jiraUrl" value="https://"/>
    <property name="java.vendor.url" value="https://java.oracle.com/"/>
    <property name="imitatePort" value="8000"/>
    <property name="cucumber.filter.name" value=""/>
    <property name="propertiesFolderPath_CI" value=""/>
    <property name="ReportBugs" value="false"/>
    <property name="allureResultsFolderPath" value="allure-results/"/>
    <property name="sun.boot.library.path" value="C:\Program Files\Java\jdk-17.0.2\bin"/>
    <property name="sun.java.command" value="C:\Users\HeshamAbdElhamedGhar\AppData\Local\Temp\surefire5913350744848437489\surefirebooter-20220927163403177_3.jar C:\Users\HeshamAbdElhamedGhar\AppData\Local\Temp\surefire5913350744848437489 2022-09-27T16-34-02_799-jvmRun1 surefire-20220927163403177_1tmp surefire_0-20220927163403177_2tmp"/>
    <property name="jdk.debug" value="release"/>
    <property name="maximumPerformanceMode" value="0"/>
    <property name="autoMaximizeBrowserWindow" value="true"/>
    <property name="java.specification.vendor" value="Oracle Corporation"/>
    <property name="extentReportsFolderPath" value="extent-reports/"/>
    <property name="shaftEngineVersion" value="SHAFT Engine v6.4.20220906-BETA"/>
    <property name="java.version.date" value="2022-01-18"/>
    <property name="java.home" value="C:\Program Files\Java\jdk-17.0.2"/>
    <property name="testng.dtd.http" value="true"/>
    <property name="attemptClearBeforeTypingUsingBackspace" value="true"/>
    <property name="basedir" value="C:\eclipse-workspace\MyProjects\TASystemsAPIs"/>
    <property name="alwaysLogDiscreetly" value="false"/>
    <property name="java.specification.name" value="Java Platform API Specification"/>
    <property name="java.vm.specification.vendor" value="Oracle Corporation"/>
    <property name="browserStack.appName" value=""/>
    <property name="videoParams_recordVideo" value="false"/>
    <property name="assignee" value=""/>
    <property name="video.save.mode" value="ALL"/>
    <property name="waitImplicitly" value="false"/>
    <property name="user.script" value=""/>
    <property name="sun.management.compiler" value="HotSpot 64-Bit Tiered Compilers"/>
    <property name="browserStack.local" value="false"/>
    <property name="browserStack.geoLocation" value=""/>
    <property name="generateAllureReportArchive" value="true"/>
    <property name="java.runtime.version" value="17.0.2+8-LTS-86"/>
    <property name="watermarkImagePath" value="images/shaft_white_bg.png"/>
    <property name="browserStack.deviceName" value=""/>
    <property name="browserStack.browserVersion" value=""/>
    <property name="tinkey.kms.credentialPath" value=""/>
    <property name="file.encoding" value="Cp1252"/>
    <property name="forceCheckForElementVisibility" value="true"/>
    <property name="cleanAllureResultsDirectoryBeforeExecution" value="true"/>
    <property name="java.io.tmpdir" value="C:\Users\HESHAM~1\AppData\Local\Temp\"/>
    <property name="databaseNetworkTimeout" value="30"/>
    <property name="reportPath" value="target/surefire-reports/testng-results.xml"/>
    <property name="java.version" value="17.0.2"/>
    <property name="java.vm.specification.name" value="Java Virtual Machine Specification"/>
    <property name="databaseLoginTimeout" value="30"/>
    <property name="dockerCommandTimeout" value="30"/>
    <property name="implicitWaitTimeout" value="30"/>
    <property name="org.slf4j.simpleLogger.defaultLogLevel" value="trace"/>
    <property name="native.encoding" value="Cp1252"/>
    <property name="tinkey.kms.serverType" value=""/>
    <property name="java.library.path" value="C:\Program Files\Java\jdk-17.0.2\bin;C:\WINDOWS\Sun\Java\bin;C:\WINDOWS\system32;C:\WINDOWS;C:/Program Files/Java/jdk-17.0.2/bin/server;C:/Program Files/Java/jdk-17.0.2/bin;C:\Program Files\Python310\Scripts\;C:\Program Files\Python310\;C:\Program Files\Common Files\Oracle\Java\javapath;C:\Program Files (x86)\Common Files\Oracle\Java\javapath;C:\WINDOWS\system32;C:\WINDOWS;C:\WINDOWS\System32\Wbem;C:\WINDOWS\System32\WindowsPowerShell\v1.0\;C:\WINDOWS\System32\OpenSSH\;C:\Program Files\Java\jdk-18.0.2\bin;C:\WebDriver;C:\Users\HeshamAbdElhamedGhar\AppData\Roaming\nvm;C:\Program Files\nodejs;C:\Program Files\Liquid Technologies\Liquid Studio 2021\XmlDataBinder19\Redist19\cpp\win32\bin;C:\Program Files\Liquid Technologies\Liquid Studio 2021\XmlDataBinder19\Redist19\cpp\win64\bin;C:\Users\HeshamAbdElhamedGhar\AppData\Local\Microsoft\WindowsApps;C:\Users\HeshamAbdElhamedGhar\AppData\Local\Programs\Microsoft VS Code\bin;C:\Users\HeshamAbdElhamedGhar\AppData\Roaming\npm;C:\Users\HeshamAbdElhamedGhar\AppData\Roaming\nvm;C:\Program Files\nodejs;C:\Program Files\JetBrains\IntelliJ IDEA Community Edition 2022.2.2\bin;;C:\Automation Testing Tools\java-2022-09\eclipse;;."/>
    <property name="java.vendor" value="Oracle Corporation"/>
    <property name="cucumber.execution.strict" value="true"/>
    <property name="screenshotParams_scalingFactor" value="1"/>
    <property name="sun.io.unicode.encoding" value="UnicodeLittle"/>
    <property name="executionAddress" value="local"/>
    <property name="apiConnectionManagerTimeout" value="30"/>
    <property name="browserObjectSingleton" value="false"/>
    <property name="screenshotParams_whenToTakeAScreenshot" value="ValidationPointsOnly"/>
    <property name="cucumber.features" value="src/test/resources"/>
    <property name="scriptExecutionTimeout" value="30"/>
    <property name="screenshotParams_highlightElements" value="true"/>
    <property name="MobileBrowserVersion" value=""/>
    <property name="user.timezone" value="Africa/Cairo"/>
    <property name="downloadsFolderPath" value="target/downloadedFiles/"/>
    <property name="java.vm.specification.version" value="17"/>
    <property name="os.name" value="Windows 11"/>
    <property name="mobile_appActivity" value=""/>
    <property name="mobile_app" value=""/>
    <property name="automaticallyAssertResponseStatusCode" value="true"/>
    <property name="surefire.test.class.path" value="C:\eclipse-workspace\MyProjects\TASystemsAPIs\target\test-classes;C:\eclipse-workspace\MyProjects\TASystemsAPIs\target\classes;C:\Users\HeshamAbdElhamedGhar\.m2\repository\io\github\shafthq\SHAFT_ENGINE\6.4.20220906-BETA\SHAFT_ENGINE-6.4.20220906-BETA.jar;C:\Users\HeshamAbdElhamedGhar\.m2\repository\org\testng\testng\7.6.1\testng-7.6.1.jar;C:\Users\HeshamAbdElhamedGhar\.m2\repository\com\google\code\findbugs\jsr305\3.0.2\jsr305-3.0.2.jar;C:\Users\HeshamAbdElhamedGhar\.m2\repository\com\beust\jcommander\1.82\jcommander-1.82.jar;C:\Users\HeshamAbdElhamedGhar\.m2\repository\org\webjars\jquery\3.6.0\jquery-3.6.0.jar;C:\Users\HeshamAbdElhamedGhar\.m2\repository\org\seleniumhq\selenium\selenium-java\4.4.0\selenium-java-4.4.0.jar;C:\Users\HeshamAbdElhamedGhar\.m2\repository\org\seleniumhq\selenium\selenium-api\4.4.0\selenium-api-4.4.0.jar;C:\Users\HeshamAbdElhamedGhar\.m2\repository\org\seleniumhq\selenium\selenium-chrome-driver\4.4.0\selenium-chrome-driver-4.4.0.jar;C:\Users\HeshamAbdElhamedGhar\.m2\repository\com\google\auto\service\auto-service-annotations\1.0.1\auto-service-annotations-1.0.1.jar;C:\Users\HeshamAbdElhamedGhar\.m2\repository\org\seleniumhq\selenium\selenium-chromium-driver\4.4.0\selenium-chromium-driver-4.4.0.jar;C:\Users\HeshamAbdElhamedGhar\.m2\repository\org\seleniumhq\selenium\selenium-json\4.4.0\selenium-json-4.4.0.jar;C:\Users\HeshamAbdElhamedGhar\.m2\repository\org\seleniumhq\selenium\selenium-devtools-v102\4.4.0\selenium-devtools-v102-4.4.0.jar;C:\Users\HeshamAbdElhamedGhar\.m2\repository\org\seleniumhq\selenium\selenium-devtools-v103\4.4.0\selenium-devtools-v103-4.4.0.jar;C:\Users\HeshamAbdElhamedGhar\.m2\repository\org\seleniumhq\selenium\selenium-devtools-v104\4.4.0\selenium-devtools-v104-4.4.0.jar;C:\Users\HeshamAbdElhamedGhar\.m2\repository\org\seleniumhq\selenium\selenium-devtools-v85\4.4.0\selenium-devtools-v85-4.4.0.jar;C:\Users\HeshamAbdElhamedGhar\.m2\repository\org\seleniumhq\selenium\selenium-edge-driver\4.4.0\selenium-edge-driver-4.4.0.jar;C:\Users\HeshamAbdElhamedGhar\.m2\repository\org\seleniumhq\selenium\selenium-firefox-driver\4.4.0\selenium-firefox-driver-4.4.0.jar;C:\Users\HeshamAbdElhamedGhar\.m2\repository\org\seleniumhq\selenium\selenium-ie-driver\4.4.0\selenium-ie-driver-4.4.0.jar;C:\Users\HeshamAbdElhamedGhar\.m2\repository\org\seleniumhq\selenium\selenium-opera-driver\4.4.0\selenium-opera-driver-4.4.0.jar;C:\Users\HeshamAbdElhamedGhar\.m2\repository\org\seleniumhq\selenium\selenium-remote-driver\4.4.0\selenium-remote-driver-4.4.0.jar;C:\Users\HeshamAbdElhamedGhar\.m2\repository\io\netty\netty-codec-http\4.1.78.Final\netty-codec-http-4.1.78.Final.jar;C:\Users\HeshamAbdElhamedGhar\.m2\repository\io\netty\netty-transport-classes-epoll\4.1.78.Final\netty-transport-classes-epoll-4.1.78.Final.jar;C:\Users\HeshamAbdElhamedGhar\.m2\repository\io\netty\netty-transport-classes-kqueue\4.1.78.Final\netty-transport-classes-kqueue-4.1.78.Final.jar;C:\Users\HeshamAbdElhamedGhar\.m2\repository\io\netty\netty-transport-native-epoll\4.1.78.Final\netty-transport-native-epoll-4.1.78.Final.jar;C:\Users\HeshamAbdElhamedGhar\.m2\repository\io\netty\netty-transport-native-kqueue\4.1.78.Final\netty-transport-native-kqueue-4.1.78.Final.jar;C:\Users\HeshamAbdElhamedGhar\.m2\repository\io\opentelemetry\opentelemetry-api\1.16.0\opentelemetry-api-1.16.0.jar;C:\Users\HeshamAbdElhamedGhar\.m2\repository\io\opentelemetry\opentelemetry-context\1.16.0\opentelemetry-context-1.16.0.jar;C:\Users\HeshamAbdElhamedGhar\.m2\repository\io\opentelemetry\opentelemetry-exporter-logging\1.16.0\opentelemetry-exporter-logging-1.16.0.jar;C:\Users\HeshamAbdElhamedGhar\.m2\repository\io\opentelemetry\opentelemetry-sdk-metrics\1.16.0\opentelemetry-sdk-metrics-1.16.0.jar;C:\Users\HeshamAbdElhamedGhar\.m2\repository\io\opentelemetry\opentelemetry-sdk-logs\1.16.0-alpha\opentelemetry-sdk-logs-1.16.0-alpha.jar;C:\Users\HeshamAbdElhamedGhar\.m2\repository\io\opentelemetry\opentelemetry-sdk-common\1.16.0\opentelemetry-sdk-common-1.16.0.jar;C:\Users\HeshamAbdElhamedGhar\.m2\repository\io\opentelemetry\opentelemetry-sdk-extension-autoconfigure-spi\1.16.0\opentelemetry-sdk-extension-autoconfigure-spi-1.16.0.jar;C:\Users\HeshamAbdElhamedGhar\.m2\repository\io\opentelemetry\opentelemetry-sdk-extension-autoconfigure\1.16.0-alpha\opentelemetry-sdk-extension-autoconfigure-1.16.0-alpha.jar;C:\Users\HeshamAbdElhamedGhar\.m2\repository\io\opentelemetry\opentelemetry-sdk-trace\1.16.0\opentelemetry-sdk-trace-1.16.0.jar;C:\Users\HeshamAbdElhamedGhar\.m2\repository\io\opentelemetry\opentelemetry-sdk\1.16.0\opentelemetry-sdk-1.16.0.jar;C:\Users\HeshamAbdElhamedGhar\.m2\repository\io\opentelemetry\opentelemetry-semconv\1.16.0-alpha\opentelemetry-semconv-1.16.0-alpha.jar;C:\Users\HeshamAbdElhamedGhar\.m2\repository\io\ous\jtoml\2.0.0\jtoml-2.0.0.jar;C:\Users\HeshamAbdElhamedGhar\.m2\repository\net\bytebuddy\byte-buddy\1.12.10\byte-buddy-1.12.10.jar;C:\Users\HeshamAbdElhamedGhar\.m2\repository\org\asynchttpclient\async-http-client\2.12.3\async-http-client-2.12.3.jar;C:\Users\HeshamAbdElhamedGhar\.m2\repository\org\asynchttpclient\async-http-client-netty-utils\2.12.3\async-http-client-netty-utils-2.12.3.jar;C:\Users\HeshamAbdElhamedGhar\.m2\repository\io\netty\netty-codec-socks\4.1.60.Final\netty-codec-socks-4.1.60.Final.jar;C:\Users\HeshamAbdElhamedGhar\.m2\repository\io\netty\netty-handler-proxy\4.1.60.Final\netty-handler-proxy-4.1.60.Final.jar;C:\Users\HeshamAbdElhamedGhar\.m2\repository\io\netty\netty-transport-native-epoll\4.1.60.Final\netty-transport-native-epoll-4.1.60.Final-linux-x86_64.jar;C:\Users\HeshamAbdElhamedGhar\.m2\repository\io\netty\netty-transport-native-kqueue\4.1.60.Final\netty-transport-native-kqueue-4.1.60.Final-osx-x86_64.jar;C:\Users\HeshamAbdElhamedGhar\.m2\repository\com\typesafe\netty\netty-reactive-streams\2.0.4\netty-reactive-streams-2.0.4.jar;C:\Users\HeshamAbdElhamedGhar\.m2\repository\com\sun\activation\jakarta.activation\1.2.2\jakarta.activation-1.2.2.jar;C:\Users\HeshamAbdElhamedGhar\.m2\repository\org\seleniumhq\selenium\selenium-http\4.4.0\selenium-http-4.4.0.jar;C:\Users\HeshamAbdElhamedGhar\.m2\repository\dev\failsafe\failsafe\3.2.4\failsafe-3.2.4.jar;C:\Users\HeshamAbdElhamedGhar\.m2\repository\org\seleniumhq\selenium\selenium-safari-driver\4.4.0\selenium-safari-driver-4.4.0.jar;C:\Users\HeshamAbdElhamedGhar\.m2\repository\org\seleniumhq\selenium\selenium-support\4.4.0\selenium-support-4.4.0.jar;C:\Users\HeshamAbdElhamedGhar\.m2\repository\io\netty\netty-handler\4.1.80.Final\netty-handler-4.1.80.Final.jar;C:\Users\HeshamAbdElhamedGhar\.m2\repository\io\netty\netty-common\4.1.80.Final\netty-common-4.1.80.Final.jar;C:\Users\HeshamAbdElhamedGhar\.m2\repository\io\netty\netty-resolver\4.1.80.Final\netty-resolver-4.1.80.Final.jar;C:\Users\HeshamAbdElhamedGhar\.m2\repository\io\netty\netty-buffer\4.1.80.Final\netty-buffer-4.1.80.Final.jar;C:\Users\HeshamAbdElhamedGhar\.m2\repository\io\netty\netty-transport\4.1.80.Final\netty-transport-4.1.80.Final.jar;C:\Users\HeshamAbdElhamedGhar\.m2\repository\io\netty\netty-transport-native-unix-common\4.1.80.Final\netty-transport-native-unix-common-4.1.80.Final.jar;C:\Users\HeshamAbdElhamedGhar\.m2\repository\io\netty\netty-codec\4.1.80.Final\netty-codec-4.1.80.Final.jar;C:\Users\HeshamAbdElhamedGhar\.m2\repository\io\appium\java-client\8.2.0\java-client-8.2.0.jar;C:\Users\HeshamAbdElhamedGhar\.m2\repository\com\google\code\gson\gson\2.9.1\gson-2.9.1.jar;C:\Users\HeshamAbdElhamedGhar\.m2\repository\commons-codec\commons-codec\1.15\commons-codec-1.15.jar;C:\Users\HeshamAbdElhamedGhar\.m2\repository\cglib\cglib\3.3.0\cglib-3.3.0.jar;C:\Users\HeshamAbdElhamedGhar\.m2\repository\org\ow2\asm\asm\7.1\asm-7.1.jar;C:\Users\HeshamAbdElhamedGhar\.m2\repository\commons-validator\commons-validator\1.7\commons-validator-1.7.jar;C:\Users\HeshamAbdElhamedGhar\.m2\repository\commons-beanutils\commons-beanutils\1.9.4\commons-beanutils-1.9.4.jar;C:\Users\HeshamAbdElhamedGhar\.m2\repository\commons-digester\commons-digester\2.1\commons-digester-2.1.jar;C:\Users\HeshamAbdElhamedGhar\.m2\repository\commons-collections\commons-collections\3.2.2\commons-collections-3.2.2.jar;C:\Users\HeshamAbdElhamedGhar\.m2\repository\org\apache\commons\commons-lang3\3.12.0\commons-lang3-3.12.0.jar;C:\Users\HeshamAbdElhamedGhar\.m2\repository\commons-io\commons-io\2.11.0\commons-io-2.11.0.jar;C:\Users\HeshamAbdElhamedGhar\.m2\repository\io\github\bonigarcia\webdrivermanager\5.3.0\webdrivermanager-5.3.0.jar;C:\Users\HeshamAbdElhamedGhar\.m2\repository\com\github\docker-java\docker-java\3.2.13\docker-java-3.2.13.jar;C:\Users\HeshamAbdElhamedGhar\.m2\repository\com\github\docker-java\docker-java-core\3.2.13\docker-java-core-3.2.13.jar;C:\Users\HeshamAbdElhamedGhar\.m2\repository\com\github\docker-java\docker-java-api\3.2.13\docker-java-api-3.2.13.jar;C:\Users\HeshamAbdElhamedGhar\.m2\repository\org\slf4j\jcl-over-slf4j\1.7.30\jcl-over-slf4j-1.7.30.jar;C:\Users\HeshamAbdElhamedGhar\.m2\repository\com\github\docker-java\docker-java-transport-httpclient5\3.2.13\docker-java-transport-httpclient5-3.2.13.jar;C:\Users\HeshamAbdElhamedGhar\.m2\repository\com\github\docker-java\docker-java-transport\3.2.13\docker-java-transport-3.2.13.jar;C:\Users\HeshamAbdElhamedGhar\.m2\repository\net\java\dev\jna\jna\5.8.0\jna-5.8.0.jar;C:\Users\HeshamAbdElhamedGhar\.m2\repository\org\brotli\dec\0.1.2\dec-0.1.2.jar;C:\Users\HeshamAbdElhamedGhar\.m2\repository\org\apache\httpcomponents\client5\httpclient5\5.1.3\httpclient5-5.1.3.jar;C:\Users\HeshamAbdElhamedGhar\.m2\repository\org\apache\httpcomponents\core5\httpcore5\5.1.3\httpcore5-5.1.3.jar;C:\Users\HeshamAbdElhamedGhar\.m2\repository\org\apache\httpcomponents\core5\httpcore5-h2\5.1.3\httpcore5-h2-5.1.3.jar;C:\Users\HeshamAbdElhamedGhar\.m2\repository\org\apache\poi\poi\5.2.2\poi-5.2.2.jar;C:\Users\HeshamAbdElhamedGhar\.m2\repository\org\apache\commons\commons-collections4\4.4\commons-collections4-4.4.jar;C:\Users\HeshamAbdElhamedGhar\.m2\repository\org\apache\commons\commons-math3\3.6.1\commons-math3-3.6.1.jar;C:\Users\HeshamAbdElhamedGhar\.m2\repository\com\zaxxer\SparseBitSet\1.2\SparseBitSet-1.2.jar;C:\Users\HeshamAbdElhamedGhar\.m2\repository\org\apache\logging\log4j\log4j-api\2.17.2\log4j-api-2.17.2.jar;C:\Users\HeshamAbdElhamedGhar\.m2\repository\org\apache\poi\poi-ooxml\5.2.2\poi-ooxml-5.2.2.jar;C:\Users\HeshamAbdElhamedGhar\.m2\repository\org\apache\poi\poi-ooxml-lite\5.2.2\poi-ooxml-lite-5.2.2.jar;C:\Users\HeshamAbdElhamedGhar\.m2\repository\org\apache\xmlbeans\xmlbeans\5.0.3\xmlbeans-5.0.3.jar;C:\Users\HeshamAbdElhamedGhar\.m2\repository\org\apache\commons\commons-compress\1.21\commons-compress-1.21.jar;C:\Users\HeshamAbdElhamedGhar\.m2\repository\com\github\virtuald\curvesapi\1.07\curvesapi-1.07.jar;C:\Users\HeshamAbdElhamedGhar\.m2\repository\io\qameta\allure\allure-testng\2.19.0\allure-testng-2.19.0.jar;C:\Users\HeshamAbdElhamedGhar\.m2\repository\io\qameta\allure\allure-java-commons\2.19.0\allure-java-commons-2.19.0.jar;C:\Users\HeshamAbdElhamedGhar\.m2\repository\io\qameta\allure\allure-model\2.19.0\allure-model-2.19.0.jar;C:\Users\HeshamAbdElhamedGhar\.m2\repository\io\qameta\allure\allure-test-filter\2.19.0\allure-test-filter-2.19.0.jar;C:\Users\HeshamAbdElhamedGhar\.m2\repository\io\qameta\allure\allure-cucumber7-jvm\2.19.0\allure-cucumber7-jvm-2.19.0.jar;C:\Users\HeshamAbdElhamedGhar\.m2\repository\io\cucumber\gherkin\23.0.1\gherkin-23.0.1.jar;C:\Users\HeshamAbdElhamedGhar\.m2\repository\io\cucumber\messages\18.0.0\messages-18.0.0.jar;C:\Users\HeshamAbdElhamedGhar\.m2\repository\org\aspectj\aspectjweaver\1.9.9.1\aspectjweaver-1.9.9.1.jar;C:\Users\HeshamAbdElhamedGhar\.m2\repository\com\aventstack\extentreports\5.0.9\extentreports-5.0.9.jar;C:\Users\HeshamAbdElhamedGhar\.m2\repository\io\reactivex\rxjava3\rxjava\3.0.4\rxjava-3.0.4.jar;C:\Users\HeshamAbdElhamedGhar\.m2\repository\org\reactivestreams\reactive-streams\1.0.3\reactive-streams-1.0.3.jar;C:\Users\HeshamAbdElhamedGhar\.m2\repository\org\freemarker\freemarker\2.3.30\freemarker-2.3.30.jar;C:\Users\HeshamAbdElhamedGhar\.m2\repository\org\apache\pdfbox\pdfbox\2.0.26\pdfbox-2.0.26.jar;C:\Users\HeshamAbdElhamedGhar\.m2\repository\org\apache\pdfbox\fontbox\2.0.26\fontbox-2.0.26.jar;C:\Users\HeshamAbdElhamedGhar\.m2\repository\commons-logging\commons-logging\1.2\commons-logging-1.2.jar;C:\Users\HeshamAbdElhamedGhar\.m2\repository\io\rest-assured\rest-assured\5.1.1\rest-assured-5.1.1.jar;C:\Users\HeshamAbdElhamedGhar\.m2\repository\org\apache\groovy\groovy\4.0.1\groovy-4.0.1.jar;C:\Users\HeshamAbdElhamedGhar\.m2\repository\org\apache\groovy\groovy-xml\4.0.1\groovy-xml-4.0.1.jar;C:\Users\HeshamAbdElhamedGhar\.m2\repository\org\apache\httpcomponents\httpclient\4.5.13\httpclient-4.5.13.jar;C:\Users\HeshamAbdElhamedGhar\.m2\repository\org\apache\httpcomponents\httpcore\4.4.13\httpcore-4.4.13.jar;C:\Users\HeshamAbdElhamedGhar\.m2\repository\org\apache\httpcomponents\httpmime\4.5.13\httpmime-4.5.13.jar;C:\Users\HeshamAbdElhamedGhar\.m2\repository\org\hamcrest\hamcrest\2.1\hamcrest-2.1.jar;C:\Users\HeshamAbdElhamedGhar\.m2\repository\org\ccil\cowan\tagsoup\tagsoup\1.2.1\tagsoup-1.2.1.jar;C:\Users\HeshamAbdElhamedGhar\.m2\repository\io\rest-assured\json-path\5.1.1\json-path-5.1.1.jar;C:\Users\HeshamAbdElhamedGhar\.m2\repository\org\apache\groovy\groovy-json\4.0.1\groovy-json-4.0.1.jar;C:\Users\HeshamAbdElhamedGhar\.m2\repository\io\rest-assured\rest-assured-common\5.1.1\rest-assured-common-5.1.1.jar;C:\Users\HeshamAbdElhamedGhar\.m2\repository\io\rest-assured\xml-path\5.1.1\xml-path-5.1.1.jar;C:\Users\HeshamAbdElhamedGhar\.m2\repository\com\googlecode\json-simple\json-simple\1.1.1\json-simple-1.1.1.jar;C:\Users\HeshamAbdElhamedGhar\.m2\repository\com\jayway\jsonpath\json-path\2.7.0\json-path-2.7.0.jar;C:\Users\HeshamAbdElhamedGhar\.m2\repository\net\minidev\json-smart\2.4.7\json-smart-2.4.7.jar;C:\Users\HeshamAbdElhamedGhar\.m2\repository\net\minidev\accessors-smart\2.4.7\accessors-smart-2.4.7.jar;C:\Users\HeshamAbdElhamedGhar\.m2\repository\org\skyscreamer\jsonassert\1.5.1\jsonassert-1.5.1.jar;C:\Users\HeshamAbdElhamedGhar\.m2\repository\com\vaadin\external\google\android-json\0.0.20131108.vaadin1\android-json-0.0.20131108.vaadin1.jar;C:\Users\HeshamAbdElhamedGhar\.m2\repository\eu\medsea\mimeutil\mime-util\2.1.3\mime-util-2.1.3.jar;C:\Users\HeshamAbdElhamedGhar\.m2\repository\io\rest-assured\json-schema-validator\5.1.1\json-schema-validator-5.1.1.jar;C:\Users\HeshamAbdElhamedGhar\.m2\repository\com\github\java-json-tools\json-schema-validator\2.2.14\json-schema-validator-2.2.14.jar;C:\Users\HeshamAbdElhamedGhar\.m2\repository\com\github\java-json-tools\jackson-coreutils-equivalence\1.0\jackson-coreutils-equivalence-1.0.jar;C:\Users\HeshamAbdElhamedGhar\.m2\repository\com\github\java-json-tools\jackson-coreutils\2.0\jackson-coreutils-2.0.jar;C:\Users\HeshamAbdElhamedGhar\.m2\repository\com\github\java-json-tools\msg-simple\1.2\msg-simple-1.2.jar;C:\Users\HeshamAbdElhamedGhar\.m2\repository\com\github\java-json-tools\btf\1.3\btf-1.3.jar;C:\Users\HeshamAbdElhamedGhar\.m2\repository\com\github\java-json-tools\json-schema-core\1.2.14\json-schema-core-1.2.14.jar;C:\Users\HeshamAbdElhamedGhar\.m2\repository\com\github\java-json-tools\uri-template\0.10\uri-template-0.10.jar;C:\Users\HeshamAbdElhamedGhar\.m2\repository\org\mozilla\rhino\1.7.7.2\rhino-1.7.7.2.jar;C:\Users\HeshamAbdElhamedGhar\.m2\repository\com\sun\mail\mailapi\1.6.2\mailapi-1.6.2.jar;C:\Users\HeshamAbdElhamedGhar\.m2\repository\joda-time\joda-time\2.10.5\joda-time-2.10.5.jar;C:\Users\HeshamAbdElhamedGhar\.m2\repository\com\googlecode\libphonenumber\libphonenumber\8.11.1\libphonenumber-8.11.1.jar;C:\Users\HeshamAbdElhamedGhar\.m2\repository\net\sf\jopt-simple\jopt-simple\5.0.4\jopt-simple-5.0.4.jar;C:\Users\HeshamAbdElhamedGhar\.m2\repository\com\fasterxml\jackson\datatype\jackson-datatype-jdk8\2.13.4\jackson-datatype-jdk8-2.13.4.jar;C:\Users\HeshamAbdElhamedGhar\.m2\repository\com\fasterxml\jackson\core\jackson-core\2.13.4\jackson-core-2.13.4.jar;C:\Users\HeshamAbdElhamedGhar\.m2\repository\com\fasterxml\jackson\core\jackson-databind\2.13.4\jackson-databind-2.13.4.jar;C:\Users\HeshamAbdElhamedGhar\.m2\repository\com\fasterxml\jackson\core\jackson-annotations\2.13.4\jackson-annotations-2.13.4.jar;C:\Users\HeshamAbdElhamedGhar\.m2\repository\com\applitools\eyes-images-java4\4.14.0\eyes-images-java4-4.14.0.jar;C:\Users\HeshamAbdElhamedGhar\.m2\repository\com\applitools\eyes-common-java4\4.14.0\eyes-common-java4-4.14.0.jar;C:\Users\HeshamAbdElhamedGhar\.m2\repository\org\imgscalr\imgscalr-lib\4.2\imgscalr-lib-4.2.jar;C:\Users\HeshamAbdElhamedGhar\.m2\repository\com\helger\ph-css\6.1.1\ph-css-6.1.1.jar;C:\Users\HeshamAbdElhamedGhar\.m2\repository\com\helger\ph-commons\9.0.2\ph-commons-9.0.2.jar;C:\Users\HeshamAbdElhamedGhar\.m2\repository\org\jsoup\jsoup\1.8.3\jsoup-1.8.3.jar;C:\Users\HeshamAbdElhamedGhar\.m2\repository\com\applitools\eyes-sdk-core-java4\4.14.0\eyes-sdk-core-java4-4.14.0.jar;C:\Users\HeshamAbdElhamedGhar\.m2\repository\com\applitools\eyes-connectivity-java4-jersey2x\4.14.0\eyes-connectivity-java4-jersey2x-4.14.0.jar;C:\Users\HeshamAbdElhamedGhar\.m2\repository\org\glassfish\jersey\connectors\jersey-apache-connector\2.16\jersey-apache-connector-2.16.jar;C:\Users\HeshamAbdElhamedGhar\.m2\repository\org\glassfish\jersey\core\jersey-common\2.16\jersey-common-2.16.jar;C:\Users\HeshamAbdElhamedGhar\.m2\repository\javax\annotation\javax.annotation-api\1.2\javax.annotation-api-1.2.jar;C:\Users\HeshamAbdElhamedGhar\.m2\repository\org\glassfish\jersey\bundles\repackaged\jersey-guava\2.16\jersey-guava-2.16.jar;C:\Users\HeshamAbdElhamedGhar\.m2\repository\org\glassfish\hk2\osgi-resource-locator\1.0.1\osgi-resource-locator-1.0.1.jar;C:\Users\HeshamAbdElhamedGhar\.m2\repository\javax\ws\rs\javax.ws.rs-api\2.0.1\javax.ws.rs-api-2.0.1.jar;C:\Users\HeshamAbdElhamedGhar\.m2\repository\org\glassfish\jersey\core\jersey-client\2.16\jersey-client-2.16.jar;C:\Users\HeshamAbdElhamedGhar\.m2\repository\org\glassfish\hk2\hk2-api\2.4.0-b09\hk2-api-2.4.0-b09.jar;C:\Users\HeshamAbdElhamedGhar\.m2\repository\org\glassfish\hk2\hk2-utils\2.4.0-b09\hk2-utils-2.4.0-b09.jar;C:\Users\HeshamAbdElhamedGhar\.m2\repository\org\glassfish\hk2\external\aopalliance-repackaged\2.4.0-b09\aopalliance-repackaged-2.4.0-b09.jar;C:\Users\HeshamAbdElhamedGhar\.m2\repository\org\glassfish\hk2\external\javax.inject\2.4.0-b09\javax.inject-2.4.0-b09.jar;C:\Users\HeshamAbdElhamedGhar\.m2\repository\org\glassfish\hk2\hk2-locator\2.4.0-b09\hk2-locator-2.4.0-b09.jar;C:\Users\HeshamAbdElhamedGhar\.m2\repository\org\openpnp\opencv\4.5.5-1\opencv-4.5.5-1.jar;C:\Users\HeshamAbdElhamedGhar\.m2\repository\com\sikulix\sikulixapi\2.0.5\sikulixapi-2.0.5.jar;C:\Users\HeshamAbdElhamedGhar\.m2\repository\org\python\jython-slim\2.7.2\jython-slim-2.7.2.jar;C:\Users\HeshamAbdElhamedGhar\.m2\repository\org\antlr\antlr\3.5.2\antlr-3.5.2.jar;C:\Users\HeshamAbdElhamedGhar\.m2\repository\org\antlr\ST4\4.0.8\ST4-4.0.8.jar;C:\Users\HeshamAbdElhamedGhar\.m2\repository\javax\servlet\javax.servlet-api\3.1.0\javax.servlet-api-3.1.0.jar;C:\Users\HeshamAbdElhamedGhar\.m2\repository\org\antlr\antlr-runtime\3.5.2\antlr-runtime-3.5.2.jar;C:\Users\HeshamAbdElhamedGhar\.m2\repository\org\bouncycastle\bcpkix-jdk15on\1.62\bcpkix-jdk15on-1.62.jar;C:\Users\HeshamAbdElhamedGhar\.m2\repository\org\bouncycastle\bcprov-jdk15on\1.62\bcprov-jdk15on-1.62.jar;C:\Users\HeshamAbdElhamedGhar\.m2\repository\org\ow2\asm\asm-commons\7.1\asm-commons-7.1.jar;C:\Users\HeshamAbdElhamedGhar\.m2\repository\org\ow2\asm\asm-tree\7.1\asm-tree-7.1.jar;C:\Users\HeshamAbdElhamedGhar\.m2\repository\org\ow2\asm\asm-analysis\7.1\asm-analysis-7.1.jar;C:\Users\HeshamAbdElhamedGhar\.m2\repository\org\ow2\asm\asm-util\7.1\asm-util-7.1.jar;C:\Users\HeshamAbdElhamedGhar\.m2\repository\com\ibm\icu\icu4j\59.1\icu4j-59.1.jar;C:\Users\HeshamAbdElhamedGhar\.m2\repository\com\carrotsearch\java-sizeof\0.0.5\java-sizeof-0.0.5.jar;C:\Users\HeshamAbdElhamedGhar\.m2\repository\com\github\jnr\jffi\1.2.20\jffi-1.2.20.jar;C:\Users\HeshamAbdElhamedGhar\.m2\repository\com\github\jnr\jnr-netdb\1.1.6\jnr-netdb-1.1.6.jar;C:\Users\HeshamAbdElhamedGhar\.m2\repository\com\github\jnr\jnr-ffi\2.1.10\jnr-ffi-2.1.10.jar;C:\Users\HeshamAbdElhamedGhar\.m2\repository\com\github\jnr\jffi\1.2.19\jffi-1.2.19-native.jar;C:\Users\HeshamAbdElhamedGhar\.m2\repository\com\github\jnr\jnr-a64asm\1.0.0\jnr-a64asm-1.0.0.jar;C:\Users\HeshamAbdElhamedGhar\.m2\repository\com\github\jnr\jnr-x86asm\1.0.2\jnr-x86asm-1.0.2.jar;C:\Users\HeshamAbdElhamedGhar\.m2\repository\com\github\jnr\jnr-posix\3.0.50\jnr-posix-3.0.50.jar;C:\Users\HeshamAbdElhamedGhar\.m2\repository\com\github\jnr\jnr-constants\0.9.12\jnr-constants-0.9.12.jar;C:\Users\HeshamAbdElhamedGhar\.m2\repository\jline\jline\2.14.5\jline-2.14.5.jar;C:\Users\HeshamAbdElhamedGhar\.m2\repository\org\apache\ant\ant\1.9.7\ant-1.9.7.jar;C:\Users\HeshamAbdElhamedGhar\.m2\repository\org\apache\ant\ant-launcher\1.9.7\ant-launcher-1.9.7.jar;C:\Users\HeshamAbdElhamedGhar\.m2\repository\com\sikulix\sikulix2tigervnc\1.1.4\sikulix2tigervnc-1.1.4.jar;C:\Users\HeshamAbdElhamedGhar\.m2\repository\commons-cli\commons-cli\1.4\commons-cli-1.4.jar;C:\Users\HeshamAbdElhamedGhar\.m2\repository\org\apache\commons\commons-exec\1.3\commons-exec-1.3.jar;C:\Users\HeshamAbdElhamedGhar\.m2\repository\net\java\dev\jna\jna-platform\5.6.0\jna-platform-5.6.0.jar;C:\Users\HeshamAbdElhamedGhar\.m2\repository\net\oneandone\reflections8\reflections8\0.11.6\reflections8-0.11.6.jar;C:\Users\HeshamAbdElhamedGhar\.m2\repository\org\javassist\javassist\3.22.0-GA\javassist-3.22.0-GA.jar;C:\Users\HeshamAbdElhamedGhar\.m2\repository\net\sourceforge\tess4j\tess4j\4.5.4\tess4j-4.5.4.jar;C:\Users\HeshamAbdElhamedGhar\.m2\repository\com\github\jai-imageio\jai-imageio-core\1.4.0\jai-imageio-core-1.4.0.jar;C:\Users\HeshamAbdElhamedGhar\.m2\repository\org\ghost4j\ghost4j\1.0.1\ghost4j-1.0.1.jar;C:\Users\HeshamAbdElhamedGhar\.m2\repository\org\apache\xmlgraphics\xmlgraphics-commons\1.4\xmlgraphics-commons-1.4.jar;C:\Users\HeshamAbdElhamedGhar\.m2\repository\com\lowagie\itext\2.1.7\itext-2.1.7.jar;C:\Users\HeshamAbdElhamedGhar\.m2\repository\org\apache\pdfbox\pdfbox-tools\2.0.21\pdfbox-tools-2.0.21.jar;C:\Users\HeshamAbdElhamedGhar\.m2\repository\org\apache\pdfbox\pdfbox-debugger\2.0.21\pdfbox-debugger-2.0.21.jar;C:\Users\HeshamAbdElhamedGhar\.m2\repository\org\apache\pdfbox\jbig2-imageio\3.0.3\jbig2-imageio-3.0.3.jar;C:\Users\HeshamAbdElhamedGhar\.m2\repository\net\sourceforge\lept4j\lept4j\1.13.2\lept4j-1.13.2.jar;C:\Users\HeshamAbdElhamedGhar\.m2\repository\org\jboss\jboss-vfs\3.2.15.Final\jboss-vfs-3.2.15.Final.jar;C:\Users\HeshamAbdElhamedGhar\.m2\repository\org\jboss\logging\jboss-logging\3.1.4.GA\jboss-logging-3.1.4.GA.jar;C:\Users\HeshamAbdElhamedGhar\.m2\repository\net\sf\py4j\py4j\0.10.9.1\py4j-0.10.9.1.jar;C:\Users\HeshamAbdElhamedGhar\.m2\repository\com\epam\healenium\healenium-web\3.3.0\healenium-web-3.3.0.jar;C:\Users\HeshamAbdElhamedGhar\.m2\repository\com\typesafe\config\1.4.2\config-1.4.2.jar;C:\Users\HeshamAbdElhamedGhar\.m2\repository\com\epam\healenium\tree-comparing\0.4.10\tree-comparing-0.4.10.jar;C:\Users\HeshamAbdElhamedGhar\.m2\repository\org\apache\commons\commons-text\1.6\commons-text-1.6.jar;C:\Users\HeshamAbdElhamedGhar\.m2\repository\com\squareup\okhttp3\okhttp\4.9.3\okhttp-4.9.3.jar;C:\Users\HeshamAbdElhamedGhar\.m2\repository\com\squareup\okio\okio\2.8.0\okio-2.8.0.jar;C:\Users\HeshamAbdElhamedGhar\.m2\repository\org\jetbrains\kotlin\kotlin-stdlib-common\1.4.0\kotlin-stdlib-common-1.4.0.jar;C:\Users\HeshamAbdElhamedGhar\.m2\repository\org\jetbrains\kotlin\kotlin-stdlib\1.4.10\kotlin-stdlib-1.4.10.jar;C:\Users\HeshamAbdElhamedGhar\.m2\repository\org\mapstruct\mapstruct\1.4.2.Final\mapstruct-1.4.2.Final.jar;C:\Users\HeshamAbdElhamedGhar\.m2\repository\one\util\streamex\0.8.1\streamex-0.8.1.jar;C:\Users\HeshamAbdElhamedGhar\.m2\repository\org\mapstruct\mapstruct-processor\1.4.2.Final\mapstruct-processor-1.4.2.Final.jar;C:\Users\HeshamAbdElhamedGhar\.m2\repository\com\assertthat\selenium-shutterbug\1.6\selenium-shutterbug-1.6.jar;C:\Users\HeshamAbdElhamedGhar\.m2\repository\com\github\zafarkhaja\java-semver\0.9.0\java-semver-0.9.0.jar;C:\Users\HeshamAbdElhamedGhar\.m2\repository\com\jcraft\jsch\0.1.55\jsch-0.1.55.jar;C:\Users\HeshamAbdElhamedGhar\.m2\repository\mysql\mysql-connector-java\8.0.30\mysql-connector-java-8.0.30.jar;C:\Users\HeshamAbdElhamedGhar\.m2\repository\com\google\protobuf\protobuf-java\3.19.4\protobuf-java-3.19.4.jar;C:\Users\HeshamAbdElhamedGhar\.m2\repository\com\microsoft\sqlserver\mssql-jdbc\9.4.1.jre16-preview\mssql-jdbc-9.4.1.jre16-preview.jar;C:\Users\HeshamAbdElhamedGhar\.m2\repository\postgresql\postgresql\9.1-901-1.jdbc4\postgresql-9.1-901-1.jdbc4.jar;C:\Users\HeshamAbdElhamedGhar\.m2\repository\com\ibm\db2\jcc\db2jcc\db2jcc4\db2jcc-db2jcc4.jar;C:\Users\HeshamAbdElhamedGhar\.m2\repository\io\cucumber\cucumber-java\7.5.0\cucumber-java-7.5.0.jar;C:\Users\HeshamAbdElhamedGhar\.m2\repository\io\cucumber\cucumber-core\7.5.0\cucumber-core-7.5.0.jar;C:\Users\HeshamAbdElhamedGhar\.m2\repository\io\cucumber\cucumber-gherkin\7.5.0\cucumber-gherkin-7.5.0.jar;C:\Users\HeshamAbdElhamedGhar\.m2\repository\io\cucumber\cucumber-gherkin-messages\7.5.0\cucumber-gherkin-messages-7.5.0.jar;C:\Users\HeshamAbdElhamedGhar\.m2\repository\io\cucumber\tag-expressions\4.1.0\tag-expressions-4.1.0.jar;C:\Users\HeshamAbdElhamedGhar\.m2\repository\io\cucumber\cucumber-expressions\16.0.0\cucumber-expressions-16.0.0.jar;C:\Users\HeshamAbdElhamedGhar\.m2\repository\io\cucumber\datatable\7.5.0\datatable-7.5.0.jar;C:\Users\HeshamAbdElhamedGhar\.m2\repository\io\cucumber\cucumber-plugin\7.5.0\cucumber-plugin-7.5.0.jar;C:\Users\HeshamAbdElhamedGhar\.m2\repository\io\cucumber\docstring\7.5.0\docstring-7.5.0.jar;C:\Users\HeshamAbdElhamedGhar\.m2\repository\io\cucumber\html-formatter\19.2.0\html-formatter-19.2.0.jar;C:\Users\HeshamAbdElhamedGhar\.m2\repository\io\cucumber\ci-environment\9.1.0\ci-environment-9.1.0.jar;C:\Users\HeshamAbdElhamedGhar\.m2\repository\org\apiguardian\apiguardian-api\1.1.2\apiguardian-api-1.1.2.jar;C:\Users\HeshamAbdElhamedGhar\.m2\repository\io\cucumber\cucumber-testng\7.5.0\cucumber-testng-7.5.0.jar;C:\Users\HeshamAbdElhamedGhar\.m2\repository\io\cucumber\cucumber-picocontainer\7.5.0\cucumber-picocontainer-7.5.0.jar;C:\Users\HeshamAbdElhamedGhar\.m2\repository\org\picocontainer\picocontainer\2.15\picocontainer-2.15.jar;C:\Users\HeshamAbdElhamedGhar\.m2\repository\ws\schild\jave-all-deps\3.3.1\jave-all-deps-3.3.1.jar;C:\Users\HeshamAbdElhamedGhar\.m2\repository\ws\schild\jave-core\3.3.1\jave-core-3.3.1.jar;C:\Users\HeshamAbdElhamedGhar\.m2\repository\ws\schild\jave-nativebin-win32\3.3.1\jave-nativebin-win32-3.3.1.jar;C:\Users\HeshamAbdElhamedGhar\.m2\repository\ws\schild\jave-nativebin-win64\3.3.1\jave-nativebin-win64-3.3.1.jar;C:\Users\HeshamAbdElhamedGhar\.m2\repository\ws\schild\jave-nativebin-linux32\3.3.1\jave-nativebin-linux32-3.3.1.jar;C:\Users\HeshamAbdElhamedGhar\.m2\repository\ws\schild\jave-nativebin-linux64\3.3.1\jave-nativebin-linux64-3.3.1.jar;C:\Users\HeshamAbdElhamedGhar\.m2\repository\ws\schild\jave-nativebin-osx64\3.3.1\jave-nativebin-osx64-3.3.1.jar;C:\Users\HeshamAbdElhamedGhar\.m2\repository\ws\schild\jave-nativebin-osxm1\3.3.1\jave-nativebin-osxm1-3.3.1.jar;C:\Users\HeshamAbdElhamedGhar\.m2\repository\ws\schild\jave-nativebin-linux-arm32\3.3.1\jave-nativebin-linux-arm32-3.3.1.jar;C:\Users\HeshamAbdElhamedGhar\.m2\repository\ws\schild\jave-nativebin-linux-arm64\3.3.1\jave-nativebin-linux-arm64-3.3.1.jar;C:\Users\HeshamAbdElhamedGhar\.m2\repository\com\automation-remarks\video-recorder-testng\2.0\video-recorder-testng-2.0.jar;C:\Users\HeshamAbdElhamedGhar\.m2\repository\com\automation-remarks\video-recorder-core\2.0\video-recorder-core-2.0.jar;C:\Users\HeshamAbdElhamedGhar\.m2\repository\org\aeonbits\owner\owner-java8\1.0.10\owner-java8-1.0.10.jar;C:\Users\HeshamAbdElhamedGhar\.m2\repository\org\aeonbits\owner\owner\1.0.10\owner-1.0.10.jar;C:\Users\HeshamAbdElhamedGhar\.m2\repository\org\zeroturnaround\zt-exec\1.10\zt-exec-1.10.jar;C:\Users\HeshamAbdElhamedGhar\.m2\repository\org\awaitility\awaitility\3.1.6\awaitility-3.1.6.jar;C:\Users\HeshamAbdElhamedGhar\.m2\repository\org\hamcrest\hamcrest-library\1.3\hamcrest-library-1.3.jar;C:\Users\HeshamAbdElhamedGhar\.m2\repository\org\hamcrest\hamcrest-core\1.3\hamcrest-core-1.3.jar;C:\Users\HeshamAbdElhamedGhar\.m2\repository\org\objenesis\objenesis\2.6\objenesis-2.6.jar;C:\Users\HeshamAbdElhamedGhar\.m2\repository\org\json\json\20180813\json-20180813.jar;C:\Users\HeshamAbdElhamedGhar\.m2\repository\org\slf4j\slf4j-simple\2.0.0\slf4j-simple-2.0.0.jar;C:\Users\HeshamAbdElhamedGhar\.m2\repository\org\slf4j\slf4j-api\2.0.0\slf4j-api-2.0.0.jar;C:\Users\HeshamAbdElhamedGhar\.m2\repository\org\slf4j\log4j-over-slf4j\2.0.0\log4j-over-slf4j-2.0.0.jar;C:\Users\HeshamAbdElhamedGhar\.m2\repository\com\google\guava\guava\31.1-jre\guava-31.1-jre.jar;C:\Users\HeshamAbdElhamedGhar\.m2\repository\com\google\guava\failureaccess\1.0.1\failureaccess-1.0.1.jar;C:\Users\HeshamAbdElhamedGhar\.m2\repository\com\google\guava\listenablefuture\9999.0-empty-to-avoid-conflict-with-guava\listenablefuture-9999.0-empty-to-avoid-conflict-with-guava.jar;C:\Users\HeshamAbdElhamedGhar\.m2\repository\org\checkerframework\checker-qual\3.12.0\checker-qual-3.12.0.jar;C:\Users\HeshamAbdElhamedGhar\.m2\repository\com\google\errorprone\error_prone_annotations\2.11.0\error_prone_annotations-2.11.0.jar;C:\Users\HeshamAbdElhamedGhar\.m2\repository\com\google\j2objc\j2objc-annotations\1.3\j2objc-annotations-1.3.jar;C:\Users\HeshamAbdElhamedGhar\.m2\repository\org\projectlombok\lombok\1.18.24\lombok-1.18.24.jar;C:\Users\HeshamAbdElhamedGhar\.m2\repository\com\google\crypto\tink\tink\1.7.0\tink-1.7.0.jar;C:\Users\HeshamAbdElhamedGhar\.m2\repository\com\google\crypto\tink\tink-awskms\1.7.0\tink-awskms-1.7.0.jar;C:\Users\HeshamAbdElhamedGhar\.m2\repository\com\amazonaws\aws-java-sdk-core\1.12.182\aws-java-sdk-core-1.12.182.jar;C:\Users\HeshamAbdElhamedGhar\.m2\repository\software\amazon\ion\ion-java\1.0.2\ion-java-1.0.2.jar;C:\Users\HeshamAbdElhamedGhar\.m2\repository\com\amazonaws\aws-java-sdk-kms\1.12.182\aws-java-sdk-kms-1.12.182.jar;C:\Users\HeshamAbdElhamedGhar\.m2\repository\com\amazonaws\jmespath-java\1.12.182\jmespath-java-1.12.182.jar;C:\Users\HeshamAbdElhamedGhar\.m2\repository\com\fasterxml\jackson\dataformat\jackson-dataformat-cbor\2.13.1\jackson-dataformat-cbor-2.13.1.jar;C:\Users\HeshamAbdElhamedGhar\.m2\repository\com\google\auto\service\auto-service\1.0.1\auto-service-1.0.1.jar;C:\Users\HeshamAbdElhamedGhar\.m2\repository\com\google\auto\auto-common\1.2\auto-common-1.2.jar;C:\Users\HeshamAbdElhamedGhar\.m2\repository\com\google\crypto\tink\tink-gcpkms\1.7.0\tink-gcpkms-1.7.0.jar;C:\Users\HeshamAbdElhamedGhar\.m2\repository\com\google\api-client\google-api-client\1.33.2\google-api-client-1.33.2.jar;C:\Users\HeshamAbdElhamedGhar\.m2\repository\com\google\oauth-client\google-oauth-client\1.33.0\google-oauth-client-1.33.0.jar;C:\Users\HeshamAbdElhamedGhar\.m2\repository\com\google\http-client\google-http-client-apache-v2\1.41.2\google-http-client-apache-v2-1.41.2.jar;C:\Users\HeshamAbdElhamedGhar\.m2\repository\com\google\apis\google-api-services-cloudkms\v1-rev108-1.25.0\google-api-services-cloudkms-v1-rev108-1.25.0.jar;C:\Users\HeshamAbdElhamedGhar\.m2\repository\com\google\auth\google-auth-library-oauth2-http\1.5.3\google-auth-library-oauth2-http-1.5.3.jar;C:\Users\HeshamAbdElhamedGhar\.m2\repository\com\google\auto\value\auto-value-annotations\1.9\auto-value-annotations-1.9.jar;C:\Users\HeshamAbdElhamedGhar\.m2\repository\com\google\auth\google-auth-library-credentials\1.5.3\google-auth-library-credentials-1.5.3.jar;C:\Users\HeshamAbdElhamedGhar\.m2\repository\com\google\http-client\google-http-client\1.41.3\google-http-client-1.41.3.jar;C:\Users\HeshamAbdElhamedGhar\.m2\repository\io\opencensus\opencensus-api\0.31.0\opencensus-api-0.31.0.jar;C:\Users\HeshamAbdElhamedGhar\.m2\repository\io\grpc\grpc-context\1.27.2\grpc-context-1.27.2.jar;C:\Users\HeshamAbdElhamedGhar\.m2\repository\io\opencensus\opencensus-contrib-http-util\0.31.0\opencensus-contrib-http-util-0.31.0.jar;C:\Users\HeshamAbdElhamedGhar\.m2\repository\com\google\http-client\google-http-client-gson\1.41.3\google-http-client-gson-1.41.3.jar;C:\Users\HeshamAbdElhamedGhar\.m2\repository\org\yaml\snakeyaml\1.31\snakeyaml-1.31.jar;"/>
    <property name="user.home" value="C:\Users\HeshamAbdElhamedGhar"/>
    <property name="mobile_automationName" value="UiAutomator2"/>
    <property name="dynamicObjectRepositoryPath" value="src/main/resources/dynamicObjectRepository/"/>
    <property name="setThreadCount" value="1"/>
    <property name="serverHost" value="localhost"/>
    <property name="style.color" value="always"/>
    <property name="setGroupByInstances" value="true"/>
    <property name="mobile_platformVersion" value=""/>
    <property name="cucumber.execution.limit" value=""/>
    <property name="screenshotParams_screenshotType" value="FullPage"/>
    <property name="debugMode" value="true"/>
    <property name="retryMaximumNumberOfAttempts" value="1"/>
    <property name="applitoolsApiKey" value=""/>
    <property name="score-cap" value="0.5"/>
    <property name="cucumber.plugin" value="pretty, json:allure-results/cucumber.json, html:allure-results/cucumberReport.html, com.shaft.tools.listeners.CucumberTestRunnerListener"/>
    <property name="path.separator" value=";"/>
    <property name="browserStack.accessKey" value="7E7PgzBtwk4sWLUcF8Y5"/>
    <property name="screenshotParams_skippedElementsFromScreenshot" value=""/>
    <property name="os.version" value="10.0"/>
    <property name="reportTestCasesExecution" value="false"/>
    <property name="pageLoadTimeout" value="30"/>
    <property name="browserStack.osVersion" value=""/>
    <property name="browserStack.username" value="mohabmohie1"/>
    <property name="mobile_udid" value=""/>
    <property name="screenshotParams_highlightMethod" value="AI"/>
    <property name="java.vm.name" value="Java HotSpot(TM) 64-Bit Server VM"/>
    <property name="browserStack.platformVersion" value=""/>
    <property name="apiConnectionTimeout" value="30"/>
    <property name="cucumber.ansi-colors.disabled" value="false"/>
    <property name="forceCheckNavigationWasSuccessful" value="true"/>
    <property name="cucumber.filter.tags" value=""/>
    <property name="os.arch" value="amd64"/>
    <property name="cucumber.execution.order" value="lexical"/>
    <property name="setVerbose" value="1"/>
    <property name="customDriverPath" value=""/>
    <property name="setParallel" value="NONE"/>
    <property name="tinkey.keysetFilename" value=""/>
    <property name="java.vm.info" value="mixed mode, sharing"/>
    <property name="video.folder" value="allure-results/videos"/>
    <property name="java.class.version" value="61.0"/>
    <property name="sun.jnu.encoding" value="Cp1252"/>
    <property name="browserStack.appUrl" value=""/>
    <property name="setPreserveOrder" value="true"/>
    <property name="skipTestsWithLinkedIssues" value="false"/>
    <property name="com.SHAFT.proxySettings" value=""/>
    <property name="browserStack.seleniumVersion" value="4.1.2"/>
    <property name="clickUsingJavascriptWhenWebDriverClickFails" value="false"/>
    <property name="disableLogging" value="false"/>
    <property name="authorization" value=":"/>
    <property name="targetBrowserName" value="GoogleChrome"/>
    <property name="screenshotParams_watermarkOpacity" value="0.2"/>
    <property name="mobile_browserName" value=""/>
    <property name="browserStack.debug" value="true"/>
    <property name="file.separator" value="\"/>
    <property name="java.vm.compressedOopsMode" value="Zero based"/>
    <property name="line.separator" value="&#10;"/>
    <property name="ExecutionName" value=""/>
    <property name="testDataColumnNamePrefix" value="Data"/>
    <property name="cucumber.object-factory" value=""/>
    <property name="targetOperatingSystem" value="Windows-64"/>
    <property name="allure.link.custom.pattern" value="{}"/>
    <property name="propertiesFolderPath" value="src/main/resources/properties/"/>
    <property name="headlessExecution" value="false"/>
    <property name="user.name" value="HeshamAbdElhamedGhar"/>
    <property name="browserStack.appRelativeFilePath" value=""/>
    <property name="screenshotParams_watermark" value="false"/>
    <property name="jiraInteraction" value="false"/>
    <property name="serverPort" value="7878"/>
    <property name="cleanExtentReportsDirectoryBeforeExecution" value="true"/>
    <property name="localRepository" value="C:\Users\HeshamAbdElhamedGhar\.m2\repository"/>
    <property name="defaultElementIdentificationTimeout" value="60"/>
    <property name="ExecutionDescription" value=""/>
    <property name="sun.os.patch.level" value=""/>
    <property name="lazyLoadingTimeout" value="30"/>
    <property name="customDriverName" value=""/>
    <property name="waitForLazyLoading" value="true"/>
    <property name="browserNavigationTimeout" value="60"/>
    <property name="mobile_platformName" value=""/>
    <property name="mobile_appPackage" value=""/>
    <property name="java.class.path" value="C:\eclipse-workspace\MyProjects\TASystemsAPIs\target\test-classes;C:\eclipse-workspace\MyProjects\TASystemsAPIs\target\classes;C:\Users\HeshamAbdElhamedGhar\.m2\repository\io\github\shafthq\SHAFT_ENGINE\6.4.20220906-BETA\SHAFT_ENGINE-6.4.20220906-BETA.jar;C:\Users\HeshamAbdElhamedGhar\.m2\repository\org\testng\testng\7.6.1\testng-7.6.1.jar;C:\Users\HeshamAbdElhamedGhar\.m2\repository\com\google\code\findbugs\jsr305\3.0.2\jsr305-3.0.2.jar;C:\Users\HeshamAbdElhamedGhar\.m2\repository\com\beust\jcommander\1.82\jcommander-1.82.jar;C:\Users\HeshamAbdElhamedGhar\.m2\repository\org\webjars\jquery\3.6.0\jquery-3.6.0.jar;C:\Users\HeshamAbdElhamedGhar\.m2\repository\org\seleniumhq\selenium\selenium-java\4.4.0\selenium-java-4.4.0.jar;C:\Users\HeshamAbdElhamedGhar\.m2\repository\org\seleniumhq\selenium\selenium-api\4.4.0\selenium-api-4.4.0.jar;C:\Users\HeshamAbdElhamedGhar\.m2\repository\org\seleniumhq\selenium\selenium-chrome-driver\4.4.0\selenium-chrome-driver-4.4.0.jar;C:\Users\HeshamAbdElhamedGhar\.m2\repository\com\google\auto\service\auto-service-annotations\1.0.1\auto-service-annotations-1.0.1.jar;C:\Users\HeshamAbdElhamedGhar\.m2\repository\org\seleniumhq\selenium\selenium-chromium-driver\4.4.0\selenium-chromium-driver-4.4.0.jar;C:\Users\HeshamAbdElhamedGhar\.m2\repository\org\seleniumhq\selenium\selenium-json\4.4.0\selenium-json-4.4.0.jar;C:\Users\HeshamAbdElhamedGhar\.m2\repository\org\seleniumhq\selenium\selenium-devtools-v102\4.4.0\selenium-devtools-v102-4.4.0.jar;C:\Users\HeshamAbdElhamedGhar\.m2\repository\org\seleniumhq\selenium\selenium-devtools-v103\4.4.0\selenium-devtools-v103-4.4.0.jar;C:\Users\HeshamAbdElhamedGhar\.m2\repository\org\seleniumhq\selenium\selenium-devtools-v104\4.4.0\selenium-devtools-v104-4.4.0.jar;C:\Users\HeshamAbdElhamedGhar\.m2\repository\org\seleniumhq\selenium\selenium-devtools-v85\4.4.0\selenium-devtools-v85-4.4.0.jar;C:\Users\HeshamAbdElhamedGhar\.m2\repository\org\seleniumhq\selenium\selenium-edge-driver\4.4.0\selenium-edge-driver-4.4.0.jar;C:\Users\HeshamAbdElhamedGhar\.m2\repository\org\seleniumhq\selenium\selenium-firefox-driver\4.4.0\selenium-firefox-driver-4.4.0.jar;C:\Users\HeshamAbdElhamedGhar\.m2\repository\org\seleniumhq\selenium\selenium-ie-driver\4.4.0\selenium-ie-driver-4.4.0.jar;C:\Users\HeshamAbdElhamedGhar\.m2\repository\org\seleniumhq\selenium\selenium-opera-driver\4.4.0\selenium-opera-driver-4.4.0.jar;C:\Users\HeshamAbdElhamedGhar\.m2\repository\org\seleniumhq\selenium\selenium-remote-driver\4.4.0\selenium-remote-driver-4.4.0.jar;C:\Users\HeshamAbdElhamedGhar\.m2\repository\io\netty\netty-codec-http\4.1.78.Final\netty-codec-http-4.1.78.Final.jar;C:\Users\HeshamAbdElhamedGhar\.m2\repository\io\netty\netty-transport-classes-epoll\4.1.78.Final\netty-transport-classes-epoll-4.1.78.Final.jar;C:\Users\HeshamAbdElhamedGhar\.m2\repository\io\netty\netty-transport-classes-kqueue\4.1.78.Final\netty-transport-classes-kqueue-4.1.78.Final.jar;C:\Users\HeshamAbdElhamedGhar\.m2\repository\io\netty\netty-transport-native-epoll\4.1.78.Final\netty-transport-native-epoll-4.1.78.Final.jar;C:\Users\HeshamAbdElhamedGhar\.m2\repository\io\netty\netty-transport-native-kqueue\4.1.78.Final\netty-transport-native-kqueue-4.1.78.Final.jar;C:\Users\HeshamAbdElhamedGhar\.m2\repository\io\opentelemetry\opentelemetry-api\1.16.0\opentelemetry-api-1.16.0.jar;C:\Users\HeshamAbdElhamedGhar\.m2\repository\io\opentelemetry\opentelemetry-context\1.16.0\opentelemetry-context-1.16.0.jar;C:\Users\HeshamAbdElhamedGhar\.m2\repository\io\opentelemetry\opentelemetry-exporter-logging\1.16.0\opentelemetry-exporter-logging-1.16.0.jar;C:\Users\HeshamAbdElhamedGhar\.m2\repository\io\opentelemetry\opentelemetry-sdk-metrics\1.16.0\opentelemetry-sdk-metrics-1.16.0.jar;C:\Users\HeshamAbdElhamedGhar\.m2\repository\io\opentelemetry\opentelemetry-sdk-logs\1.16.0-alpha\opentelemetry-sdk-logs-1.16.0-alpha.jar;C:\Users\HeshamAbdElhamedGhar\.m2\repository\io\opentelemetry\opentelemetry-sdk-common\1.16.0\opentelemetry-sdk-common-1.16.0.jar;C:\Users\HeshamAbdElhamedGhar\.m2\repository\io\opentelemetry\opentelemetry-sdk-extension-autoconfigure-spi\1.16.0\opentelemetry-sdk-extension-autoconfigure-spi-1.16.0.jar;C:\Users\HeshamAbdElhamedGhar\.m2\repository\io\opentelemetry\opentelemetry-sdk-extension-autoconfigure\1.16.0-alpha\opentelemetry-sdk-extension-autoconfigure-1.16.0-alpha.jar;C:\Users\HeshamAbdElhamedGhar\.m2\repository\io\opentelemetry\opentelemetry-sdk-trace\1.16.0\opentelemetry-sdk-trace-1.16.0.jar;C:\Users\HeshamAbdElhamedGhar\.m2\repository\io\opentelemetry\opentelemetry-sdk\1.16.0\opentelemetry-sdk-1.16.0.jar;C:\Users\HeshamAbdElhamedGhar\.m2\repository\io\opentelemetry\opentelemetry-semconv\1.16.0-alpha\opentelemetry-semconv-1.16.0-alpha.jar;C:\Users\HeshamAbdElhamedGhar\.m2\repository\io\ous\jtoml\2.0.0\jtoml-2.0.0.jar;C:\Users\HeshamAbdElhamedGhar\.m2\repository\net\bytebuddy\byte-buddy\1.12.10\byte-buddy-1.12.10.jar;C:\Users\HeshamAbdElhamedGhar\.m2\repository\org\asynchttpclient\async-http-client\2.12.3\async-http-client-2.12.3.jar;C:\Users\HeshamAbdElhamedGhar\.m2\repository\org\asynchttpclient\async-http-client-netty-utils\2.12.3\async-http-client-netty-utils-2.12.3.jar;C:\Users\HeshamAbdElhamedGhar\.m2\repository\io\netty\netty-codec-socks\4.1.60.Final\netty-codec-socks-4.1.60.Final.jar;C:\Users\HeshamAbdElhamedGhar\.m2\repository\io\netty\netty-handler-proxy\4.1.60.Final\netty-handler-proxy-4.1.60.Final.jar;C:\Users\HeshamAbdElhamedGhar\.m2\repository\io\netty\netty-transport-native-epoll\4.1.60.Final\netty-transport-native-epoll-4.1.60.Final-linux-x86_64.jar;C:\Users\HeshamAbdElhamedGhar\.m2\repository\io\netty\netty-transport-native-kqueue\4.1.60.Final\netty-transport-native-kqueue-4.1.60.Final-osx-x86_64.jar;C:\Users\HeshamAbdElhamedGhar\.m2\repository\com\typesafe\netty\netty-reactive-streams\2.0.4\netty-reactive-streams-2.0.4.jar;C:\Users\HeshamAbdElhamedGhar\.m2\repository\com\sun\activation\jakarta.activation\1.2.2\jakarta.activation-1.2.2.jar;C:\Users\HeshamAbdElhamedGhar\.m2\repository\org\seleniumhq\selenium\selenium-http\4.4.0\selenium-http-4.4.0.jar;C:\Users\HeshamAbdElhamedGhar\.m2\repository\dev\failsafe\failsafe\3.2.4\failsafe-3.2.4.jar;C:\Users\HeshamAbdElhamedGhar\.m2\repository\org\seleniumhq\selenium\selenium-safari-driver\4.4.0\selenium-safari-driver-4.4.0.jar;C:\Users\HeshamAbdElhamedGhar\.m2\repository\org\seleniumhq\selenium\selenium-support\4.4.0\selenium-support-4.4.0.jar;C:\Users\HeshamAbdElhamedGhar\.m2\repository\io\netty\netty-handler\4.1.80.Final\netty-handler-4.1.80.Final.jar;C:\Users\HeshamAbdElhamedGhar\.m2\repository\io\netty\netty-common\4.1.80.Final\netty-common-4.1.80.Final.jar;C:\Users\HeshamAbdElhamedGhar\.m2\repository\io\netty\netty-resolver\4.1.80.Final\netty-resolver-4.1.80.Final.jar;C:\Users\HeshamAbdElhamedGhar\.m2\repository\io\netty\netty-buffer\4.1.80.Final\netty-buffer-4.1.80.Final.jar;C:\Users\HeshamAbdElhamedGhar\.m2\repository\io\netty\netty-transport\4.1.80.Final\netty-transport-4.1.80.Final.jar;C:\Users\HeshamAbdElhamedGhar\.m2\repository\io\netty\netty-transport-native-unix-common\4.1.80.Final\netty-transport-native-unix-common-4.1.80.Final.jar;C:\Users\HeshamAbdElhamedGhar\.m2\repository\io\netty\netty-codec\4.1.80.Final\netty-codec-4.1.80.Final.jar;C:\Users\HeshamAbdElhamedGhar\.m2\repository\io\appium\java-client\8.2.0\java-client-8.2.0.jar;C:\Users\HeshamAbdElhamedGhar\.m2\repository\com\google\code\gson\gson\2.9.1\gson-2.9.1.jar;C:\Users\HeshamAbdElhamedGhar\.m2\repository\commons-codec\commons-codec\1.15\commons-codec-1.15.jar;C:\Users\HeshamAbdElhamedGhar\.m2\repository\cglib\cglib\3.3.0\cglib-3.3.0.jar;C:\Users\HeshamAbdElhamedGhar\.m2\repository\org\ow2\asm\asm\7.1\asm-7.1.jar;C:\Users\HeshamAbdElhamedGhar\.m2\repository\commons-validator\commons-validator\1.7\commons-validator-1.7.jar;C:\Users\HeshamAbdElhamedGhar\.m2\repository\commons-beanutils\commons-beanutils\1.9.4\commons-beanutils-1.9.4.jar;C:\Users\HeshamAbdElhamedGhar\.m2\repository\commons-digester\commons-digester\2.1\commons-digester-2.1.jar;C:\Users\HeshamAbdElhamedGhar\.m2\repository\commons-collections\commons-collections\3.2.2\commons-collections-3.2.2.jar;C:\Users\HeshamAbdElhamedGhar\.m2\repository\org\apache\commons\commons-lang3\3.12.0\commons-lang3-3.12.0.jar;C:\Users\HeshamAbdElhamedGhar\.m2\repository\commons-io\commons-io\2.11.0\commons-io-2.11.0.jar;C:\Users\HeshamAbdElhamedGhar\.m2\repository\io\github\bonigarcia\webdrivermanager\5.3.0\webdrivermanager-5.3.0.jar;C:\Users\HeshamAbdElhamedGhar\.m2\repository\com\github\docker-java\docker-java\3.2.13\docker-java-3.2.13.jar;C:\Users\HeshamAbdElhamedGhar\.m2\repository\com\github\docker-java\docker-java-core\3.2.13\docker-java-core-3.2.13.jar;C:\Users\HeshamAbdElhamedGhar\.m2\repository\com\github\docker-java\docker-java-api\3.2.13\docker-java-api-3.2.13.jar;C:\Users\HeshamAbdElhamedGhar\.m2\repository\org\slf4j\jcl-over-slf4j\1.7.30\jcl-over-slf4j-1.7.30.jar;C:\Users\HeshamAbdElhamedGhar\.m2\repository\com\github\docker-java\docker-java-transport-httpclient5\3.2.13\docker-java-transport-httpclient5-3.2.13.jar;C:\Users\HeshamAbdElhamedGhar\.m2\repository\com\github\docker-java\docker-java-transport\3.2.13\docker-java-transport-3.2.13.jar;C:\Users\HeshamAbdElhamedGhar\.m2\repository\net\java\dev\jna\jna\5.8.0\jna-5.8.0.jar;C:\Users\HeshamAbdElhamedGhar\.m2\repository\org\brotli\dec\0.1.2\dec-0.1.2.jar;C:\Users\HeshamAbdElhamedGhar\.m2\repository\org\apache\httpcomponents\client5\httpclient5\5.1.3\httpclient5-5.1.3.jar;C:\Users\HeshamAbdElhamedGhar\.m2\repository\org\apache\httpcomponents\core5\httpcore5\5.1.3\httpcore5-5.1.3.jar;C:\Users\HeshamAbdElhamedGhar\.m2\repository\org\apache\httpcomponents\core5\httpcore5-h2\5.1.3\httpcore5-h2-5.1.3.jar;C:\Users\HeshamAbdElhamedGhar\.m2\repository\org\apache\poi\poi\5.2.2\poi-5.2.2.jar;C:\Users\HeshamAbdElhamedGhar\.m2\repository\org\apache\commons\commons-collections4\4.4\commons-collections4-4.4.jar;C:\Users\HeshamAbdElhamedGhar\.m2\repository\org\apache\commons\commons-math3\3.6.1\commons-math3-3.6.1.jar;C:\Users\HeshamAbdElhamedGhar\.m2\repository\com\zaxxer\SparseBitSet\1.2\SparseBitSet-1.2.jar;C:\Users\HeshamAbdElhamedGhar\.m2\repository\org\apache\logging\log4j\log4j-api\2.17.2\log4j-api-2.17.2.jar;C:\Users\HeshamAbdElhamedGhar\.m2\repository\org\apache\poi\poi-ooxml\5.2.2\poi-ooxml-5.2.2.jar;C:\Users\HeshamAbdElhamedGhar\.m2\repository\org\apache\poi\poi-ooxml-lite\5.2.2\poi-ooxml-lite-5.2.2.jar;C:\Users\HeshamAbdElhamedGhar\.m2\repository\org\apache\xmlbeans\xmlbeans\5.0.3\xmlbeans-5.0.3.jar;C:\Users\HeshamAbdElhamedGhar\.m2\repository\org\apache\commons\commons-compress\1.21\commons-compress-1.21.jar;C:\Users\HeshamAbdElhamedGhar\.m2\repository\com\github\virtuald\curvesapi\1.07\curvesapi-1.07.jar;C:\Users\HeshamAbdElhamedGhar\.m2\repository\io\qameta\allure\allure-testng\2.19.0\allure-testng-2.19.0.jar;C:\Users\HeshamAbdElhamedGhar\.m2\repository\io\qameta\allure\allure-java-commons\2.19.0\allure-java-commons-2.19.0.jar;C:\Users\HeshamAbdElhamedGhar\.m2\repository\io\qameta\allure\allure-model\2.19.0\allure-model-2.19.0.jar;C:\Users\HeshamAbdElhamedGhar\.m2\repository\io\qameta\allure\allure-test-filter\2.19.0\allure-test-filter-2.19.0.jar;C:\Users\HeshamAbdElhamedGhar\.m2\repository\io\qameta\allure\allure-cucumber7-jvm\2.19.0\allure-cucumber7-jvm-2.19.0.jar;C:\Users\HeshamAbdElhamedGhar\.m2\repository\io\cucumber\gherkin\23.0.1\gherkin-23.0.1.jar;C:\Users\HeshamAbdElhamedGhar\.m2\repository\io\cucumber\messages\18.0.0\messages-18.0.0.jar;C:\Users\HeshamAbdElhamedGhar\.m2\repository\org\aspectj\aspectjweaver\1.9.9.1\aspectjweaver-1.9.9.1.jar;C:\Users\HeshamAbdElhamedGhar\.m2\repository\com\aventstack\extentreports\5.0.9\extentreports-5.0.9.jar;C:\Users\HeshamAbdElhamedGhar\.m2\repository\io\reactivex\rxjava3\rxjava\3.0.4\rxjava-3.0.4.jar;C:\Users\HeshamAbdElhamedGhar\.m2\repository\org\reactivestreams\reactive-streams\1.0.3\reactive-streams-1.0.3.jar;C:\Users\HeshamAbdElhamedGhar\.m2\repository\org\freemarker\freemarker\2.3.30\freemarker-2.3.30.jar;C:\Users\HeshamAbdElhamedGhar\.m2\repository\org\apache\pdfbox\pdfbox\2.0.26\pdfbox-2.0.26.jar;C:\Users\HeshamAbdElhamedGhar\.m2\repository\org\apache\pdfbox\fontbox\2.0.26\fontbox-2.0.26.jar;C:\Users\HeshamAbdElhamedGhar\.m2\repository\commons-logging\commons-logging\1.2\commons-logging-1.2.jar;C:\Users\HeshamAbdElhamedGhar\.m2\repository\io\rest-assured\rest-assured\5.1.1\rest-assured-5.1.1.jar;C:\Users\HeshamAbdElhamedGhar\.m2\repository\org\apache\groovy\groovy\4.0.1\groovy-4.0.1.jar;C:\Users\HeshamAbdElhamedGhar\.m2\repository\org\apache\groovy\groovy-xml\4.0.1\groovy-xml-4.0.1.jar;C:\Users\HeshamAbdElhamedGhar\.m2\repository\org\apache\httpcomponents\httpclient\4.5.13\httpclient-4.5.13.jar;C:\Users\HeshamAbdElhamedGhar\.m2\repository\org\apache\httpcomponents\httpcore\4.4.13\httpcore-4.4.13.jar;C:\Users\HeshamAbdElhamedGhar\.m2\repository\org\apache\httpcomponents\httpmime\4.5.13\httpmime-4.5.13.jar;C:\Users\HeshamAbdElhamedGhar\.m2\repository\org\hamcrest\hamcrest\2.1\hamcrest-2.1.jar;C:\Users\HeshamAbdElhamedGhar\.m2\repository\org\ccil\cowan\tagsoup\tagsoup\1.2.1\tagsoup-1.2.1.jar;C:\Users\HeshamAbdElhamedGhar\.m2\repository\io\rest-assured\json-path\5.1.1\json-path-5.1.1.jar;C:\Users\HeshamAbdElhamedGhar\.m2\repository\org\apache\groovy\groovy-json\4.0.1\groovy-json-4.0.1.jar;C:\Users\HeshamAbdElhamedGhar\.m2\repository\io\rest-assured\rest-assured-common\5.1.1\rest-assured-common-5.1.1.jar;C:\Users\HeshamAbdElhamedGhar\.m2\repository\io\rest-assured\xml-path\5.1.1\xml-path-5.1.1.jar;C:\Users\HeshamAbdElhamedGhar\.m2\repository\com\googlecode\json-simple\json-simple\1.1.1\json-simple-1.1.1.jar;C:\Users\HeshamAbdElhamedGhar\.m2\repository\com\jayway\jsonpath\json-path\2.7.0\json-path-2.7.0.jar;C:\Users\HeshamAbdElhamedGhar\.m2\repository\net\minidev\json-smart\2.4.7\json-smart-2.4.7.jar;C:\Users\HeshamAbdElhamedGhar\.m2\repository\net\minidev\accessors-smart\2.4.7\accessors-smart-2.4.7.jar;C:\Users\HeshamAbdElhamedGhar\.m2\repository\org\skyscreamer\jsonassert\1.5.1\jsonassert-1.5.1.jar;C:\Users\HeshamAbdElhamedGhar\.m2\repository\com\vaadin\external\google\android-json\0.0.20131108.vaadin1\android-json-0.0.20131108.vaadin1.jar;C:\Users\HeshamAbdElhamedGhar\.m2\repository\eu\medsea\mimeutil\mime-util\2.1.3\mime-util-2.1.3.jar;C:\Users\HeshamAbdElhamedGhar\.m2\repository\io\rest-assured\json-schema-validator\5.1.1\json-schema-validator-5.1.1.jar;C:\Users\HeshamAbdElhamedGhar\.m2\repository\com\github\java-json-tools\json-schema-validator\2.2.14\json-schema-validator-2.2.14.jar;C:\Users\HeshamAbdElhamedGhar\.m2\repository\com\github\java-json-tools\jackson-coreutils-equivalence\1.0\jackson-coreutils-equivalence-1.0.jar;C:\Users\HeshamAbdElhamedGhar\.m2\repository\com\github\java-json-tools\jackson-coreutils\2.0\jackson-coreutils-2.0.jar;C:\Users\HeshamAbdElhamedGhar\.m2\repository\com\github\java-json-tools\msg-simple\1.2\msg-simple-1.2.jar;C:\Users\HeshamAbdElhamedGhar\.m2\repository\com\github\java-json-tools\btf\1.3\btf-1.3.jar;C:\Users\HeshamAbdElhamedGhar\.m2\repository\com\github\java-json-tools\json-schema-core\1.2.14\json-schema-core-1.2.14.jar;C:\Users\HeshamAbdElhamedGhar\.m2\repository\com\github\java-json-tools\uri-template\0.10\uri-template-0.10.jar;C:\Users\HeshamAbdElhamedGhar\.m2\repository\org\mozilla\rhino\1.7.7.2\rhino-1.7.7.2.jar;C:\Users\HeshamAbdElhamedGhar\.m2\repository\com\sun\mail\mailapi\1.6.2\mailapi-1.6.2.jar;C:\Users\HeshamAbdElhamedGhar\.m2\repository\joda-time\joda-time\2.10.5\joda-time-2.10.5.jar;C:\Users\HeshamAbdElhamedGhar\.m2\repository\com\googlecode\libphonenumber\libphonenumber\8.11.1\libphonenumber-8.11.1.jar;C:\Users\HeshamAbdElhamedGhar\.m2\repository\net\sf\jopt-simple\jopt-simple\5.0.4\jopt-simple-5.0.4.jar;C:\Users\HeshamAbdElhamedGhar\.m2\repository\com\fasterxml\jackson\datatype\jackson-datatype-jdk8\2.13.4\jackson-datatype-jdk8-2.13.4.jar;C:\Users\HeshamAbdElhamedGhar\.m2\repository\com\fasterxml\jackson\core\jackson-core\2.13.4\jackson-core-2.13.4.jar;C:\Users\HeshamAbdElhamedGhar\.m2\repository\com\fasterxml\jackson\core\jackson-databind\2.13.4\jackson-databind-2.13.4.jar;C:\Users\HeshamAbdElhamedGhar\.m2\repository\com\fasterxml\jackson\core\jackson-annotations\2.13.4\jackson-annotations-2.13.4.jar;C:\Users\HeshamAbdElhamedGhar\.m2\repository\com\applitools\eyes-images-java4\4.14.0\eyes-images-java4-4.14.0.jar;C:\Users\HeshamAbdElhamedGhar\.m2\repository\com\applitools\eyes-common-java4\4.14.0\eyes-common-java4-4.14.0.jar;C:\Users\HeshamAbdElhamedGhar\.m2\repository\org\imgscalr\imgscalr-lib\4.2\imgscalr-lib-4.2.jar;C:\Users\HeshamAbdElhamedGhar\.m2\repository\com\helger\ph-css\6.1.1\ph-css-6.1.1.jar;C:\Users\HeshamAbdElhamedGhar\.m2\repository\com\helger\ph-commons\9.0.2\ph-commons-9.0.2.jar;C:\Users\HeshamAbdElhamedGhar\.m2\repository\org\jsoup\jsoup\1.8.3\jsoup-1.8.3.jar;C:\Users\HeshamAbdElhamedGhar\.m2\repository\com\applitools\eyes-sdk-core-java4\4.14.0\eyes-sdk-core-java4-4.14.0.jar;C:\Users\HeshamAbdElhamedGhar\.m2\repository\com\applitools\eyes-connectivity-java4-jersey2x\4.14.0\eyes-connectivity-java4-jersey2x-4.14.0.jar;C:\Users\HeshamAbdElhamedGhar\.m2\repository\org\glassfish\jersey\connectors\jersey-apache-connector\2.16\jersey-apache-connector-2.16.jar;C:\Users\HeshamAbdElhamedGhar\.m2\repository\org\glassfish\jersey\core\jersey-common\2.16\jersey-common-2.16.jar;C:\Users\HeshamAbdElhamedGhar\.m2\repository\javax\annotation\javax.annotation-api\1.2\javax.annotation-api-1.2.jar;C:\Users\HeshamAbdElhamedGhar\.m2\repository\org\glassfish\jersey\bundles\repackaged\jersey-guava\2.16\jersey-guava-2.16.jar;C:\Users\HeshamAbdElhamedGhar\.m2\repository\org\glassfish\hk2\osgi-resource-locator\1.0.1\osgi-resource-locator-1.0.1.jar;C:\Users\HeshamAbdElhamedGhar\.m2\repository\javax\ws\rs\javax.ws.rs-api\2.0.1\javax.ws.rs-api-2.0.1.jar;C:\Users\HeshamAbdElhamedGhar\.m2\repository\org\glassfish\jersey\core\jersey-client\2.16\jersey-client-2.16.jar;C:\Users\HeshamAbdElhamedGhar\.m2\repository\org\glassfish\hk2\hk2-api\2.4.0-b09\hk2-api-2.4.0-b09.jar;C:\Users\HeshamAbdElhamedGhar\.m2\repository\org\glassfish\hk2\hk2-utils\2.4.0-b09\hk2-utils-2.4.0-b09.jar;C:\Users\HeshamAbdElhamedGhar\.m2\repository\org\glassfish\hk2\external\aopalliance-repackaged\2.4.0-b09\aopalliance-repackaged-2.4.0-b09.jar;C:\Users\HeshamAbdElhamedGhar\.m2\repository\org\glassfish\hk2\external\javax.inject\2.4.0-b09\javax.inject-2.4.0-b09.jar;C:\Users\HeshamAbdElhamedGhar\.m2\repository\org\glassfish\hk2\hk2-locator\2.4.0-b09\hk2-locator-2.4.0-b09.jar;C:\Users\HeshamAbdElhamedGhar\.m2\repository\org\openpnp\opencv\4.5.5-1\opencv-4.5.5-1.jar;C:\Users\HeshamAbdElhamedGhar\.m2\repository\com\sikulix\sikulixapi\2.0.5\sikulixapi-2.0.5.jar;C:\Users\HeshamAbdElhamedGhar\.m2\repository\org\python\jython-slim\2.7.2\jython-slim-2.7.2.jar;C:\Users\HeshamAbdElhamedGhar\.m2\repository\org\antlr\antlr\3.5.2\antlr-3.5.2.jar;C:\Users\HeshamAbdElhamedGhar\.m2\repository\org\antlr\ST4\4.0.8\ST4-4.0.8.jar;C:\Users\HeshamAbdElhamedGhar\.m2\repository\javax\servlet\javax.servlet-api\3.1.0\javax.servlet-api-3.1.0.jar;C:\Users\HeshamAbdElhamedGhar\.m2\repository\org\antlr\antlr-runtime\3.5.2\antlr-runtime-3.5.2.jar;C:\Users\HeshamAbdElhamedGhar\.m2\repository\org\bouncycastle\bcpkix-jdk15on\1.62\bcpkix-jdk15on-1.62.jar;C:\Users\HeshamAbdElhamedGhar\.m2\repository\org\bouncycastle\bcprov-jdk15on\1.62\bcprov-jdk15on-1.62.jar;C:\Users\HeshamAbdElhamedGhar\.m2\repository\org\ow2\asm\asm-commons\7.1\asm-commons-7.1.jar;C:\Users\HeshamAbdElhamedGhar\.m2\repository\org\ow2\asm\asm-tree\7.1\asm-tree-7.1.jar;C:\Users\HeshamAbdElhamedGhar\.m2\repository\org\ow2\asm\asm-analysis\7.1\asm-analysis-7.1.jar;C:\Users\HeshamAbdElhamedGhar\.m2\repository\org\ow2\asm\asm-util\7.1\asm-util-7.1.jar;C:\Users\HeshamAbdElhamedGhar\.m2\repository\com\ibm\icu\icu4j\59.1\icu4j-59.1.jar;C:\Users\HeshamAbdElhamedGhar\.m2\repository\com\carrotsearch\java-sizeof\0.0.5\java-sizeof-0.0.5.jar;C:\Users\HeshamAbdElhamedGhar\.m2\repository\com\github\jnr\jffi\1.2.20\jffi-1.2.20.jar;C:\Users\HeshamAbdElhamedGhar\.m2\repository\com\github\jnr\jnr-netdb\1.1.6\jnr-netdb-1.1.6.jar;C:\Users\HeshamAbdElhamedGhar\.m2\repository\com\github\jnr\jnr-ffi\2.1.10\jnr-ffi-2.1.10.jar;C:\Users\HeshamAbdElhamedGhar\.m2\repository\com\github\jnr\jffi\1.2.19\jffi-1.2.19-native.jar;C:\Users\HeshamAbdElhamedGhar\.m2\repository\com\github\jnr\jnr-a64asm\1.0.0\jnr-a64asm-1.0.0.jar;C:\Users\HeshamAbdElhamedGhar\.m2\repository\com\github\jnr\jnr-x86asm\1.0.2\jnr-x86asm-1.0.2.jar;C:\Users\HeshamAbdElhamedGhar\.m2\repository\com\github\jnr\jnr-posix\3.0.50\jnr-posix-3.0.50.jar;C:\Users\HeshamAbdElhamedGhar\.m2\repository\com\github\jnr\jnr-constants\0.9.12\jnr-constants-0.9.12.jar;C:\Users\HeshamAbdElhamedGhar\.m2\repository\jline\jline\2.14.5\jline-2.14.5.jar;C:\Users\HeshamAbdElhamedGhar\.m2\repository\org\apache\ant\ant\1.9.7\ant-1.9.7.jar;C:\Users\HeshamAbdElhamedGhar\.m2\repository\org\apache\ant\ant-launcher\1.9.7\ant-launcher-1.9.7.jar;C:\Users\HeshamAbdElhamedGhar\.m2\repository\com\sikulix\sikulix2tigervnc\1.1.4\sikulix2tigervnc-1.1.4.jar;C:\Users\HeshamAbdElhamedGhar\.m2\repository\commons-cli\commons-cli\1.4\commons-cli-1.4.jar;C:\Users\HeshamAbdElhamedGhar\.m2\repository\org\apache\commons\commons-exec\1.3\commons-exec-1.3.jar;C:\Users\HeshamAbdElhamedGhar\.m2\repository\net\java\dev\jna\jna-platform\5.6.0\jna-platform-5.6.0.jar;C:\Users\HeshamAbdElhamedGhar\.m2\repository\net\oneandone\reflections8\reflections8\0.11.6\reflections8-0.11.6.jar;C:\Users\HeshamAbdElhamedGhar\.m2\repository\org\javassist\javassist\3.22.0-GA\javassist-3.22.0-GA.jar;C:\Users\HeshamAbdElhamedGhar\.m2\repository\net\sourceforge\tess4j\tess4j\4.5.4\tess4j-4.5.4.jar;C:\Users\HeshamAbdElhamedGhar\.m2\repository\com\github\jai-imageio\jai-imageio-core\1.4.0\jai-imageio-core-1.4.0.jar;C:\Users\HeshamAbdElhamedGhar\.m2\repository\org\ghost4j\ghost4j\1.0.1\ghost4j-1.0.1.jar;C:\Users\HeshamAbdElhamedGhar\.m2\repository\org\apache\xmlgraphics\xmlgraphics-commons\1.4\xmlgraphics-commons-1.4.jar;C:\Users\HeshamAbdElhamedGhar\.m2\repository\com\lowagie\itext\2.1.7\itext-2.1.7.jar;C:\Users\HeshamAbdElhamedGhar\.m2\repository\org\apache\pdfbox\pdfbox-tools\2.0.21\pdfbox-tools-2.0.21.jar;C:\Users\HeshamAbdElhamedGhar\.m2\repository\org\apache\pdfbox\pdfbox-debugger\2.0.21\pdfbox-debugger-2.0.21.jar;C:\Users\HeshamAbdElhamedGhar\.m2\repository\org\apache\pdfbox\jbig2-imageio\3.0.3\jbig2-imageio-3.0.3.jar;C:\Users\HeshamAbdElhamedGhar\.m2\repository\net\sourceforge\lept4j\lept4j\1.13.2\lept4j-1.13.2.jar;C:\Users\HeshamAbdElhamedGhar\.m2\repository\org\jboss\jboss-vfs\3.2.15.Final\jboss-vfs-3.2.15.Final.jar;C:\Users\HeshamAbdElhamedGhar\.m2\repository\org\jboss\logging\jboss-logging\3.1.4.GA\jboss-logging-3.1.4.GA.jar;C:\Users\HeshamAbdElhamedGhar\.m2\repository\net\sf\py4j\py4j\0.10.9.1\py4j-0.10.9.1.jar;C:\Users\HeshamAbdElhamedGhar\.m2\repository\com\epam\healenium\healenium-web\3.3.0\healenium-web-3.3.0.jar;C:\Users\HeshamAbdElhamedGhar\.m2\repository\com\typesafe\config\1.4.2\config-1.4.2.jar;C:\Users\HeshamAbdElhamedGhar\.m2\repository\com\epam\healenium\tree-comparing\0.4.10\tree-comparing-0.4.10.jar;C:\Users\HeshamAbdElhamedGhar\.m2\repository\org\apache\commons\commons-text\1.6\commons-text-1.6.jar;C:\Users\HeshamAbdElhamedGhar\.m2\repository\com\squareup\okhttp3\okhttp\4.9.3\okhttp-4.9.3.jar;C:\Users\HeshamAbdElhamedGhar\.m2\repository\com\squareup\okio\okio\2.8.0\okio-2.8.0.jar;C:\Users\HeshamAbdElhamedGhar\.m2\repository\org\jetbrains\kotlin\kotlin-stdlib-common\1.4.0\kotlin-stdlib-common-1.4.0.jar;C:\Users\HeshamAbdElhamedGhar\.m2\repository\org\jetbrains\kotlin\kotlin-stdlib\1.4.10\kotlin-stdlib-1.4.10.jar;C:\Users\HeshamAbdElhamedGhar\.m2\repository\org\mapstruct\mapstruct\1.4.2.Final\mapstruct-1.4.2.Final.jar;C:\Users\HeshamAbdElhamedGhar\.m2\repository\one\util\streamex\0.8.1\streamex-0.8.1.jar;C:\Users\HeshamAbdElhamedGhar\.m2\repository\org\mapstruct\mapstruct-processor\1.4.2.Final\mapstruct-processor-1.4.2.Final.jar;C:\Users\HeshamAbdElhamedGhar\.m2\repository\com\assertthat\selenium-shutterbug\1.6\selenium-shutterbug-1.6.jar;C:\Users\HeshamAbdElhamedGhar\.m2\repository\com\github\zafarkhaja\java-semver\0.9.0\java-semver-0.9.0.jar;C:\Users\HeshamAbdElhamedGhar\.m2\repository\com\jcraft\jsch\0.1.55\jsch-0.1.55.jar;C:\Users\HeshamAbdElhamedGhar\.m2\repository\mysql\mysql-connector-java\8.0.30\mysql-connector-java-8.0.30.jar;C:\Users\HeshamAbdElhamedGhar\.m2\repository\com\google\protobuf\protobuf-java\3.19.4\protobuf-java-3.19.4.jar;C:\Users\HeshamAbdElhamedGhar\.m2\repository\com\microsoft\sqlserver\mssql-jdbc\9.4.1.jre16-preview\mssql-jdbc-9.4.1.jre16-preview.jar;C:\Users\HeshamAbdElhamedGhar\.m2\repository\postgresql\postgresql\9.1-901-1.jdbc4\postgresql-9.1-901-1.jdbc4.jar;C:\Users\HeshamAbdElhamedGhar\.m2\repository\com\ibm\db2\jcc\db2jcc\db2jcc4\db2jcc-db2jcc4.jar;C:\Users\HeshamAbdElhamedGhar\.m2\repository\io\cucumber\cucumber-java\7.5.0\cucumber-java-7.5.0.jar;C:\Users\HeshamAbdElhamedGhar\.m2\repository\io\cucumber\cucumber-core\7.5.0\cucumber-core-7.5.0.jar;C:\Users\HeshamAbdElhamedGhar\.m2\repository\io\cucumber\cucumber-gherkin\7.5.0\cucumber-gherkin-7.5.0.jar;C:\Users\HeshamAbdElhamedGhar\.m2\repository\io\cucumber\cucumber-gherkin-messages\7.5.0\cucumber-gherkin-messages-7.5.0.jar;C:\Users\HeshamAbdElhamedGhar\.m2\repository\io\cucumber\tag-expressions\4.1.0\tag-expressions-4.1.0.jar;C:\Users\HeshamAbdElhamedGhar\.m2\repository\io\cucumber\cucumber-expressions\16.0.0\cucumber-expressions-16.0.0.jar;C:\Users\HeshamAbdElhamedGhar\.m2\repository\io\cucumber\datatable\7.5.0\datatable-7.5.0.jar;C:\Users\HeshamAbdElhamedGhar\.m2\repository\io\cucumber\cucumber-plugin\7.5.0\cucumber-plugin-7.5.0.jar;C:\Users\HeshamAbdElhamedGhar\.m2\repository\io\cucumber\docstring\7.5.0\docstring-7.5.0.jar;C:\Users\HeshamAbdElhamedGhar\.m2\repository\io\cucumber\html-formatter\19.2.0\html-formatter-19.2.0.jar;C:\Users\HeshamAbdElhamedGhar\.m2\repository\io\cucumber\ci-environment\9.1.0\ci-environment-9.1.0.jar;C:\Users\HeshamAbdElhamedGhar\.m2\repository\org\apiguardian\apiguardian-api\1.1.2\apiguardian-api-1.1.2.jar;C:\Users\HeshamAbdElhamedGhar\.m2\repository\io\cucumber\cucumber-testng\7.5.0\cucumber-testng-7.5.0.jar;C:\Users\HeshamAbdElhamedGhar\.m2\repository\io\cucumber\cucumber-picocontainer\7.5.0\cucumber-picocontainer-7.5.0.jar;C:\Users\HeshamAbdElhamedGhar\.m2\repository\org\picocontainer\picocontainer\2.15\picocontainer-2.15.jar;C:\Users\HeshamAbdElhamedGhar\.m2\repository\ws\schild\jave-all-deps\3.3.1\jave-all-deps-3.3.1.jar;C:\Users\HeshamAbdElhamedGhar\.m2\repository\ws\schild\jave-core\3.3.1\jave-core-3.3.1.jar;C:\Users\HeshamAbdElhamedGhar\.m2\repository\ws\schild\jave-nativebin-win32\3.3.1\jave-nativebin-win32-3.3.1.jar;C:\Users\HeshamAbdElhamedGhar\.m2\repository\ws\schild\jave-nativebin-win64\3.3.1\jave-nativebin-win64-3.3.1.jar;C:\Users\HeshamAbdElhamedGhar\.m2\repository\ws\schild\jave-nativebin-linux32\3.3.1\jave-nativebin-linux32-3.3.1.jar;C:\Users\HeshamAbdElhamedGhar\.m2\repository\ws\schild\jave-nativebin-linux64\3.3.1\jave-nativebin-linux64-3.3.1.jar;C:\Users\HeshamAbdElhamedGhar\.m2\repository\ws\schild\jave-nativebin-osx64\3.3.1\jave-nativebin-osx64-3.3.1.jar;C:\Users\HeshamAbdElhamedGhar\.m2\repository\ws\schild\jave-nativebin-osxm1\3.3.1\jave-nativebin-osxm1-3.3.1.jar;C:\Users\HeshamAbdElhamedGhar\.m2\repository\ws\schild\jave-nativebin-linux-arm32\3.3.1\jave-nativebin-linux-arm32-3.3.1.jar;C:\Users\HeshamAbdElhamedGhar\.m2\repository\ws\schild\jave-nativebin-linux-arm64\3.3.1\jave-nativebin-linux-arm64-3.3.1.jar;C:\Users\HeshamAbdElhamedGhar\.m2\repository\com\automation-remarks\video-recorder-testng\2.0\video-recorder-testng-2.0.jar;C:\Users\HeshamAbdElhamedGhar\.m2\repository\com\automation-remarks\video-recorder-core\2.0\video-recorder-core-2.0.jar;C:\Users\HeshamAbdElhamedGhar\.m2\repository\org\aeonbits\owner\owner-java8\1.0.10\owner-java8-1.0.10.jar;C:\Users\HeshamAbdElhamedGhar\.m2\repository\org\aeonbits\owner\owner\1.0.10\owner-1.0.10.jar;C:\Users\HeshamAbdElhamedGhar\.m2\repository\org\zeroturnaround\zt-exec\1.10\zt-exec-1.10.jar;C:\Users\HeshamAbdElhamedGhar\.m2\repository\org\awaitility\awaitility\3.1.6\awaitility-3.1.6.jar;C:\Users\HeshamAbdElhamedGhar\.m2\repository\org\hamcrest\hamcrest-library\1.3\hamcrest-library-1.3.jar;C:\Users\HeshamAbdElhamedGhar\.m2\repository\org\hamcrest\hamcrest-core\1.3\hamcrest-core-1.3.jar;C:\Users\HeshamAbdElhamedGhar\.m2\repository\org\objenesis\objenesis\2.6\objenesis-2.6.jar;C:\Users\HeshamAbdElhamedGhar\.m2\repository\org\json\json\20180813\json-20180813.jar;C:\Users\HeshamAbdElhamedGhar\.m2\repository\org\slf4j\slf4j-simple\2.0.0\slf4j-simple-2.0.0.jar;C:\Users\HeshamAbdElhamedGhar\.m2\repository\org\slf4j\slf4j-api\2.0.0\slf4j-api-2.0.0.jar;C:\Users\HeshamAbdElhamedGhar\.m2\repository\org\slf4j\log4j-over-slf4j\2.0.0\log4j-over-slf4j-2.0.0.jar;C:\Users\HeshamAbdElhamedGhar\.m2\repository\com\google\guava\guava\31.1-jre\guava-31.1-jre.jar;C:\Users\HeshamAbdElhamedGhar\.m2\repository\com\google\guava\failureaccess\1.0.1\failureaccess-1.0.1.jar;C:\Users\HeshamAbdElhamedGhar\.m2\repository\com\google\guava\listenablefuture\9999.0-empty-to-avoid-conflict-with-guava\listenablefuture-9999.0-empty-to-avoid-conflict-with-guava.jar;C:\Users\HeshamAbdElhamedGhar\.m2\repository\org\checkerframework\checker-qual\3.12.0\checker-qual-3.12.0.jar;C:\Users\HeshamAbdElhamedGhar\.m2\repository\com\google\errorprone\error_prone_annotations\2.11.0\error_prone_annotations-2.11.0.jar;C:\Users\HeshamAbdElhamedGhar\.m2\repository\com\google\j2objc\j2objc-annotations\1.3\j2objc-annotations-1.3.jar;C:\Users\HeshamAbdElhamedGhar\.m2\repository\org\projectlombok\lombok\1.18.24\lombok-1.18.24.jar;C:\Users\HeshamAbdElhamedGhar\.m2\repository\com\google\crypto\tink\tink\1.7.0\tink-1.7.0.jar;C:\Users\HeshamAbdElhamedGhar\.m2\repository\com\google\crypto\tink\tink-awskms\1.7.0\tink-awskms-1.7.0.jar;C:\Users\HeshamAbdElhamedGhar\.m2\repository\com\amazonaws\aws-java-sdk-core\1.12.182\aws-java-sdk-core-1.12.182.jar;C:\Users\HeshamAbdElhamedGhar\.m2\repository\software\amazon\ion\ion-java\1.0.2\ion-java-1.0.2.jar;C:\Users\HeshamAbdElhamedGhar\.m2\repository\com\amazonaws\aws-java-sdk-kms\1.12.182\aws-java-sdk-kms-1.12.182.jar;C:\Users\HeshamAbdElhamedGhar\.m2\repository\com\amazonaws\jmespath-java\1.12.182\jmespath-java-1.12.182.jar;C:\Users\HeshamAbdElhamedGhar\.m2\repository\com\fasterxml\jackson\dataformat\jackson-dataformat-cbor\2.13.1\jackson-dataformat-cbor-2.13.1.jar;C:\Users\HeshamAbdElhamedGhar\.m2\repository\com\google\auto\service\auto-service\1.0.1\auto-service-1.0.1.jar;C:\Users\HeshamAbdElhamedGhar\.m2\repository\com\google\auto\auto-common\1.2\auto-common-1.2.jar;C:\Users\HeshamAbdElhamedGhar\.m2\repository\com\google\crypto\tink\tink-gcpkms\1.7.0\tink-gcpkms-1.7.0.jar;C:\Users\HeshamAbdElhamedGhar\.m2\repository\com\google\api-client\google-api-client\1.33.2\google-api-client-1.33.2.jar;C:\Users\HeshamAbdElhamedGhar\.m2\repository\com\google\oauth-client\google-oauth-client\1.33.0\google-oauth-client-1.33.0.jar;C:\Users\HeshamAbdElhamedGhar\.m2\repository\com\google\http-client\google-http-client-apache-v2\1.41.2\google-http-client-apache-v2-1.41.2.jar;C:\Users\HeshamAbdElhamedGhar\.m2\repository\com\google\apis\google-api-services-cloudkms\v1-rev108-1.25.0\google-api-services-cloudkms-v1-rev108-1.25.0.jar;C:\Users\HeshamAbdElhamedGhar\.m2\repository\com\google\auth\google-auth-library-oauth2-http\1.5.3\google-auth-library-oauth2-http-1.5.3.jar;C:\Users\HeshamAbdElhamedGhar\.m2\repository\com\google\auto\value\auto-value-annotations\1.9\auto-value-annotations-1.9.jar;C:\Users\HeshamAbdElhamedGhar\.m2\repository\com\google\auth\google-auth-library-credentials\1.5.3\google-auth-library-credentials-1.5.3.jar;C:\Users\HeshamAbdElhamedGhar\.m2\repository\com\google\http-client\google-http-client\1.41.3\google-http-client-1.41.3.jar;C:\Users\HeshamAbdElhamedGhar\.m2\repository\io\opencensus\opencensus-api\0.31.0\opencensus-api-0.31.0.jar;C:\Users\HeshamAbdElhamedGhar\.m2\repository\io\grpc\grpc-context\1.27.2\grpc-context-1.27.2.jar;C:\Users\HeshamAbdElhamedGhar\.m2\repository\io\opencensus\opencensus-contrib-http-util\0.31.0\opencensus-contrib-http-util-0.31.0.jar;C:\Users\HeshamAbdElhamedGhar\.m2\repository\com\google\http-client\google-http-client-gson\1.41.3\google-http-client-gson-1.41.3.jar;C:\Users\HeshamAbdElhamedGhar\.m2\repository\org\yaml\snakeyaml\1.31\snakeyaml-1.31.jar;"/>
    <property name="tinkey.kms.masterKeyUri" value=""/>
    <property name="java.vm.vendor" value="Oracle Corporation"/>
    <property name="openAllureReportAfterExecution" value="true"/>
    <property name="allureVersion" value="2.19.0"/>
    <property name="user.variant" value=""/>
    <property name="videoParams_scope" value="TestMethod"/>
    <property name="browserStack.acceptInsecureCerts" value="true"/>
    <property name="forceCheckTextWasTypedCorrectly" value="true"/>
    <property name="databaseQueryTimeout" value="30"/>
    <property name="user.country" value="US"/>
    <property name="sun.java.launcher" value="SUN_STANDARD"/>
    <property name="allure.link.issue.pattern" value=""/>
    <property name="cucumber.snippet-type" value="underscore"/>
    <property name="apiSocketTimeout" value="30"/>
    <property name="sun.cpu.endian" value="little"/>
    <property name="user.language" value="en"/>
    <property name="cucumber.execution.dry-run" value="false"/>
    <property name="allure.link.tms.pattern" value="https:///{} "/>
    <property name="createAnimatedGif" value="true"/>
    <property name="cucumber.execution.wip" value="false"/>
    <property name="surefire.real.class.path" value="C:\Users\HeshamAbdElhamedGhar\AppData\Local\Temp\surefire5913350744848437489\surefirebooter-20220927163403177_3.jar"/>
    <property name="shellSessionTimeout" value="30"/>
    <property name="recovery-tries" value="1"/>
    <property name="java.runtime.name" value="Java(TM) SE Runtime Environment"/>
    <property name="generateExtentReports" value="true"/>
    <property name="heal-enabled" value="false"/>
    <property name="java.vendor.url.bug" value="https://bugreport.java.com/bugreport/"/>
    <property name="animatedGif_frameDelay" value="500"/>
    <property name="captureElementName" value="true"/>
    <property name="forceCheckElementLocatorIsUnique" value="true"/>
    <property name="user.dir" value="C:\eclipse-workspace\MyProjects\TASystemsAPIs"/>
    <property name="video.mode" value="ALL"/>
    <property name="mobile_deviceName" value=""/>
    <property name="browserStack.appiumVersion" value="1.22.0"/>
    <property name="captureWebDriverLogs" value="true"/>
    <property name="setDataProviderThreadCount" value="1"/>
    <property name="browserStack.networkLogs" value="true"/>
    <property name="java.vm.version" value="17.0.2+8-LTS-86"/>
    <property name="cucumber.glue" value="customCucumberSteps, com.shaft.cucumber"/>
  </properties>
  <testcase name="Valid_Token_RQ_TC" classname="SteeringCompanyAPI_TestCases.Token_TestCases" time="4.872">
    <system-out><![CDATA[
################################################################################################################################################
Detected SHAFT Engine Version: "SHAFT Engine v6.4.20220906-BETA"
################################################################################################################################################
[ReportManager] getPreserveOrder: true @27-09-2022 16:34:05.0768 PM
[ReportManager] getDataProviderThreadCount: 1 @27-09-2022 16:34:05.0773 PM
[ReportManager] getThreadCount: 1 @27-09-2022 16:34:05.0773 PM
[ReportManager] getVerbose: 1 @27-09-2022 16:34:05.0774 PM
[ReportManager] getGroupByInstances: true @27-09-2022 16:34:05.0774 PM
[ReportManager] getParallel: none @27-09-2022 16:34:05.0774 PM

################################################################################################################################################
Starting Execution of a Configuration (Setup or Teardown) Method
Test Method:		"com.shaft.tools.io.LogsHelper.setupActivities"
################################################################################################################################################

################################################################################################################################################
Starting Execution:	"1 out of 1" test cases in the current suite
Test Method:		"SteeringCompanyAPI_TestCases.Token_TestCases.Valid_Token_RQ_TC"
################################################################################################################################################
[ReportManager] Assertion Passed: Evaluating the actual response status code against the expected one... @27-09-2022 16:34:08.0913 PM
[ReportManager] Perform request "POST | Target Status Code: 200 | Service URL: https://auth-demo.np.transporticonline.com/auth/realms/tic/protocol/openid-connect/token | Content Type: application/x-www-form-urlencoded | Response Time: 1089ms". @27-09-2022 16:34:09.0671 PM
[ReportManager] Assertion Passed: "200" is equal to "200". @27-09-2022 16:34:09.0883 PM
[ReportManager] Verification Passed: "1089" is greater than or equal to "1.1". @27-09-2022 16:34:09.0884 PM
[ReportManager] Verification Passed: "1089" is less than or equal to "10000". @27-09-2022 16:34:09.0884 PM
[ReportManager] Assertion Passed: "{"access_token":"eyJhbGciOiJSUzI1NiIsInR5cCIgOiAiSldUIiwia2lkIiA6ICJjck9ORDFNdFVPVWhzS2Mtb0ppVFFmb0o1d1l4REF6Y3k0ZjNYZ0dveGdZIn0.eyJleHAiOjE2NjQyODk1NDgsImlhdCI6MTY2NDI4OTI0OCwianRpIjoiMjI1NDNjZjctOTM0MC00Yjk1LThlMWMtZjk4MTMwYzE4OWMyIiwiaXNzIjoiaHR0cHM6Ly9hdXRoLWRlbW8ubnAudHJhbnNwb3J0aWNvbmxpbmUuY29tL2F1dGgvcmVhbG1zL3RpYyIsImF1ZCI6ImFjY291bnQiLCJzdWIiOiI0ZTk3NmQ0NC1iM2ZkLTRjYTktODk1Ny0wYWJiODUwNzNhNzQiLCJ0eXAiOiJCZWFyZXIiLCJhenAiOiJ0aWMtYXBpIiwic2Vzc2lvbl9zdGF0ZSI6ImQzNzMwY2JhLWM2YjctNGM5Zi04YmE5LTMzYjVhMTllZjg2ZiIsImFjciI6IjEiLCJhbGxvd2VkLW9yaWdpbnMiOlsiaHR0cHM6Ly9hcGktZGV2Lm5wLnRyYW5zcG9ydGljb25saW5lLmNvbSJdLCJyZWFsbV9hY2Nlc3MiOnsicm9sZXMiOlsib2ZmbGluZV9hY2Nlc3MiLCJkZWZhdWx0LXJvbGVzLXRpYyIsInVtYV9hdXRob3JpemF0aW9uIiwidXNlciJdfSwicmVzb3VyY2VfYWNjZXNzIjp7ImFjY291bnQiOnsicm9sZXMiOlsibWFuYWdlLWFjY291bnQiLCJtYW5hZ2UtYWNjb3VudC1saW5rcyIsInZpZXctcHJvZmlsZSJdfX0sInNjb3BlIjoiZW1haWwgcHJvZmlsZSIsInNpZCI6ImQzNzMwY2JhLWM2YjctNGM5Zi04YmE5LTMzYjVhMTllZjg2ZiIsImVtYWlsX3ZlcmlmaWVkIjpmYWxzZSwicHJlZmVycmVkX3VzZXJuYW1lIjoidG9raGkiLCJ0Y0lkIjoiMzE5OTU3In0.g3kqNr572F32jVfTMu1jG3ydsfBSBIs0V_msU9uI8OGXcZDUREx6GfZ1d0r9qSUWXSmGVk6HNHXMmAsZyWq97BUWdnGTRKBriBtIXva3FxZWauSuL4uModaCqd9SuNHdFEBqbwjzD3u6gv8pcfIHc3ADwbKtXCyqpGTz6cqcGLUp8cfoHxRKvMHWRC3qOl0RHx4TIgc2jh5cS_9woeXWbIKM61Wm6pt6HJ9RnFKB04uhIO2Q7WgFQeURbn6MrBv6_D1l_SUcvpIX5Q8RJMXWC6wNhgj7qhjTD9qtRxmcuttNS_UE5fqa4RHvXrrwt7ETG01xAXsVNybo32yVjvF_ZA","expires_in":300,"refresh_expires_in":1800,"refresh_token":"eyJhbGciOiJIUzI1NiIsInR5cCIgOiAiSldUIiwia2lkIiA6ICJkMTFjNTY4Yi1iMjAyLTQzYjgtYTBiMy1hYWI4ZWMyYWQzZDEifQ.eyJleHAiOjE2NjQyOTEwNDgsImlhdCI6MTY2NDI4OTI0OCwianRpIjoiMzAwZTM1MjUtOWM4Mi00ZjBjLTkwZDMtMDk1YTk0NTljNDMzIiwiaXNzIjoiaHR0cHM6Ly9hdXRoLWRlbW8ubnAudHJhbnNwb3J0aWNvbmxpbmUuY29tL2F1dGgvcmVhbG1zL3RpYyIsImF1ZCI6Imh0dHBzOi8vYXV0aC1kZW1vLm5wLnRyYW5zcG9ydGljb25saW5lLmNvbS9hdXRoL3JlYWxtcy90aWMiLCJzdWIiOiI0ZTk3NmQ0NC1iM2ZkLTRjYTktODk1Ny0wYWJiODUwNzNhNzQiLCJ0eXAiOiJSZWZyZXNoIiwiYXpwIjoidGljLWFwaSIsInNlc3Npb25fc3RhdGUiOiJkMzczMGNiYS1jNmI3LTRjOWYtOGJhOS0zM2I1YTE5ZWY4NmYiLCJzY29wZSI6ImVtYWlsIHByb2ZpbGUiLCJzaWQiOiJkMzczMGNiYS1jNmI3LTRjOWYtOGJhOS0zM2I1YTE5ZWY4NmYifQ.aSyNcGITPS8Uhb55oysEwAYgjrfH-GFZ-vc7TvxMeZ8","token_type":"Bearer","not-before-policy":0,"session_state":"d3730cba-c6b7-4c9f-8ba9-33b5a19ef86f","scope":"email profile"}" contains "access_token". @27-09-2022 16:34:09.0888 PM
[ReportManager] Assertion Passed: Check that Access token is not null. @27-09-2022 16:34:10.0011 PM
[ReportManager] Assertion Passed: The API response schema matches that in this file "src/test/resources/testDataFiles/Token_schema.json". @27-09-2022 16:34:10.0738 PM
Token  : - eyJhbGciOiJSUzI1NiIsInR5cCIgOiAiSldUIiwia2lkIiA6ICJjck9ORDFNdFVPVWhzS2Mtb0ppVFFmb0o1d1l4REF6Y3k0ZjNYZ0dveGdZIn0.eyJleHAiOjE2NjQyODk1NDgsImlhdCI6MTY2NDI4OTI0OCwianRpIjoiMjI1NDNjZjctOTM0MC00Yjk1LThlMWMtZjk4MTMwYzE4OWMyIiwiaXNzIjoiaHR0cHM6Ly9hdXRoLWRlbW8ubnAudHJhbnNwb3J0aWNvbmxpbmUuY29tL2F1dGgvcmVhbG1zL3RpYyIsImF1ZCI6ImFjY291bnQiLCJzdWIiOiI0ZTk3NmQ0NC1iM2ZkLTRjYTktODk1Ny0wYWJiODUwNzNhNzQiLCJ0eXAiOiJCZWFyZXIiLCJhenAiOiJ0aWMtYXBpIiwic2Vzc2lvbl9zdGF0ZSI6ImQzNzMwY2JhLWM2YjctNGM5Zi04YmE5LTMzYjVhMTllZjg2ZiIsImFjciI6IjEiLCJhbGxvd2VkLW9yaWdpbnMiOlsiaHR0cHM6Ly9hcGktZGV2Lm5wLnRyYW5zcG9ydGljb25saW5lLmNvbSJdLCJyZWFsbV9hY2Nlc3MiOnsicm9sZXMiOlsib2ZmbGluZV9hY2Nlc3MiLCJkZWZhdWx0LXJvbGVzLXRpYyIsInVtYV9hdXRob3JpemF0aW9uIiwidXNlciJdfSwicmVzb3VyY2VfYWNjZXNzIjp7ImFjY291bnQiOnsicm9sZXMiOlsibWFuYWdlLWFjY291bnQiLCJtYW5hZ2UtYWNjb3VudC1saW5rcyIsInZpZXctcHJvZmlsZSJdfX0sInNjb3BlIjoiZW1haWwgcHJvZmlsZSIsInNpZCI6ImQzNzMwY2JhLWM2YjctNGM5Zi04YmE5LTMzYjVhMTllZjg2ZiIsImVtYWlsX3ZlcmlmaWVkIjpmYWxzZSwicHJlZmVycmVkX3VzZXJuYW1lIjoidG9raGkiLCJ0Y0lkIjoiMzE5OTU3In0.g3kqNr572F32jVfTMu1jG3ydsfBSBIs0V_msU9uI8OGXcZDUREx6GfZ1d0r9qSUWXSmGVk6HNHXMmAsZyWq97BUWdnGTRKBriBtIXva3FxZWauSuL4uModaCqd9SuNHdFEBqbwjzD3u6gv8pcfIHc3ADwbKtXCyqpGTz6cqcGLUp8cfoHxRKvMHWRC3qOl0RHx4TIgc2jh5cS_9woeXWbIKM61Wm6pt6HJ9RnFKB04uhIO2Q7WgFQeURbn6MrBv6_D1l_SUcvpIX5Q8RJMXWC6wNhgj7qhjTD9qtRxmcuttNS_UE5fqa4RHvXrrwt7ETG01xAXsVNybo32yVjvF_ZA   -E
[ReportManager] Verification Passed: "1089" is greater than or equal to "1.1". @27-09-2022 16:34:10.0766 PM
[ReportManager] Verification Passed: "1089" is less than or equal to "10000". @27-09-2022 16:34:10.0767 PM
[ReportManager] Assertion Passed: Evaluating the actual response status code against the expected one... @27-09-2022 16:34:11.0280 PM
[ReportManager] Perform request "GET | Target Status Code: 200 | Service URL: https://api-demo.np.transporticonline.com/steeringcompanies/v1/lookups/cities | Content Type: */* | Response Time: 425ms". @27-09-2022 16:34:11.0305 PM
[ReportManager] Assertion Passed: "200" is equal to "200". @27-09-2022 16:34:11.0310 PM
[ReportManager] Verification Passed: "425" is greater than or equal to "1.1". @27-09-2022 16:34:11.0310 PM
[ReportManager] Verification Passed: "425" is less than or equal to "10000". @27-09-2022 16:34:11.0310 PM
[ReportManager] Assertion Passed: "{"page":0,"size":10,"totalPages":71,"totalElements":704,"content":[{"id":1071,"nameArabic":"مطار دنيزلي كارداك","nameEnglish":"Denizli Cardak Airport","isActive":true,"lastUpdated":"2022-06-02T00:13:35Z","sectors":null},{"id":390021162,"nameArabic":"براتو","nameEnglish":"PRATO","isActive":true,"lastUpdated":"2022-06-02T00:13:44Z","sectors":null},{"id":36,"nameArabic":"كوالالمبور","nameEnglish":"Kuala Lumpur","isActive":true,"lastUpdated":"2022-06-02T01:21:49Z","sectors":null},{"id":926,"nameArabic":"قابس","nameEnglish":"GABES","isActive":true,"lastUpdated":"2022-06-02T00:14:15Z","sectors":null},{"id":849,"nameArabic":"سولنجين","nameEnglish":"Solngen","isActive":true,"lastUpdated":"2022-06-02T01:37:02Z","sectors":null},{"id":753,"nameArabic":"سيبا","nameEnglish":"Ciba","isActive":true,"lastUpdated":"2022-06-02T00:43:05Z","sectors":null},{"id":72,"nameArabic":"طرابلس","nameEnglish":"Tripoli","isActive":true,"lastUpdated":"2022-06-02T00:19:40Z","sectors":null},{"id":1006,"nameArabic":"بشكشكي","nameEnglish":"FRUNZE","isActive":true,"lastUpdated":"2022-06-02T00:20:05Z","sectors":null},{"id":985,"nameArabic":"قندهار","nameEnglish":"KANDAHAR","isActive":true,"lastUpdated":"2022-06-02T00:25:20Z","sectors":null},{"id":736,"nameArabic":"طبركا","nameEnglish":"Tabrka","isActive":true,"lastUpdated":"2022-06-02T01:16:50Z","sectors":null}]}" contains "content". @27-09-2022 16:34:11.0311 PM
[ReportManager] Assertion Passed: Check that content object is not null. @27-09-2022 16:34:11.0317 PM
[ReportManager] Assertion Passed: The API response schema matches that in this file "src/test/resources/testDataFiles/Lookups_cities_schema.json". @27-09-2022 16:34:11.0340 PM
Lookups Response Body  : - {"page":0,"size":10,"totalPages":71,"totalElements":704,"content":[{"id":1071,"nameArabic":"مطار دنيزلي كارداك","nameEnglish":"Denizli Cardak Airport","isActive":true,"lastUpdated":"2022-06-02T00:13:35Z","sectors":null},{"id":390021162,"nameArabic":"براتو","nameEnglish":"PRATO","isActive":true,"lastUpdated":"2022-06-02T00:13:44Z","sectors":null},{"id":36,"nameArabic":"كوالالمبور","nameEnglish":"Kuala Lumpur","isActive":true,"lastUpdated":"2022-06-02T01:21:49Z","sectors":null},{"id":926,"nameArabic":"قابس","nameEnglish":"GABES","isActive":true,"lastUpdated":"2022-06-02T00:14:15Z","sectors":null},{"id":849,"nameArabic":"سولنجين","nameEnglish":"Solngen","isActive":true,"lastUpdated":"2022-06-02T01:37:02Z","sectors":null},{"id":753,"nameArabic":"سيبا","nameEnglish":"Ciba","isActive":true,"lastUpdated":"2022-06-02T00:43:05Z","sectors":null},{"id":72,"nameArabic":"طرابلس","nameEnglish":"Tripoli","isActive":true,"lastUpdated":"2022-06-02T00:19:40Z","sectors":null},{"id":1006,"nameArabic":"بشكشكي","nameEnglish":"FRUNZE","isActive":true,"lastUpdated":"2022-06-02T00:20:05Z","sectors":null},{"id":985,"nameArabic":"قندهار","nameEnglish":"KANDAHAR","isActive":true,"lastUpdated":"2022-06-02T00:25:20Z","sectors":null},{"id":736,"nameArabic":"طبركا","nameEnglish":"Tabrka","isActive":true,"lastUpdated":"2022-06-02T01:16:50Z","sectors":null}]}   -E
[ReportManager] Verification Passed: "425" is greater than or equal to "1.1". @27-09-2022 16:34:11.0345 PM
[ReportManager] Verification Passed: "425" is less than or equal to "10000". @27-09-2022 16:34:11.0345 PM
]]></system-out>
    <system-err><![CDATA[[main] INFO com.shaft.tools.io.ReportManagerHelper - [ReportManager] Loaded OpenCV "opencv_java455". @27-09-2022 16:34:05.0723 PM
[main] ERROR io.qameta.allure.AllureLifecycle - Could not start step: no test case running
[main] ERROR io.qameta.allure.AllureLifecycle - Could not update step: no step running
[main] ERROR io.qameta.allure.AllureLifecycle - Could not stop step: no step running
[main] ERROR io.qameta.allure.AllureLifecycle - Could not start step: no test case running
[main] ERROR io.qameta.allure.AllureLifecycle - Could not update step: no step running
[main] ERROR io.qameta.allure.AllureLifecycle - Could not stop step: no step running
[main] ERROR io.qameta.allure.AllureLifecycle - Could not start step: no test case running
[main] ERROR io.qameta.allure.AllureLifecycle - Could not update step: no step running
[main] ERROR io.qameta.allure.AllureLifecycle - Could not stop step: no step running
[main] ERROR io.qameta.allure.AllureLifecycle - Could not start step: no test case running
[main] ERROR io.qameta.allure.AllureLifecycle - Could not update step: no step running
[main] ERROR io.qameta.allure.AllureLifecycle - Could not stop step: no step running
[main] ERROR io.qameta.allure.AllureLifecycle - Could not start step: no test case running
[main] ERROR io.qameta.allure.AllureLifecycle - Could not update step: no step running
[main] ERROR io.qameta.allure.AllureLifecycle - Could not stop step: no step running
[main] ERROR io.qameta.allure.AllureLifecycle - Could not start step: no test case running
[main] ERROR io.qameta.allure.AllureLifecycle - Could not update step: no step running
[main] ERROR io.qameta.allure.AllureLifecycle - Could not stop step: no step running
[main] INFO com.shaft.tools.io.ReportManagerHelper - [ReportManager] Initializing Project Structure... @27-09-2022 16:34:05.0942 PM
[main] INFO com.shaft.tools.io.ReportManagerHelper - [ReportManager] Initializing Allure Reporting Environment... @27-09-2022 16:34:05.0943 PM
[main] INFO com.shaft.tools.io.ReportManagerHelper - [ReportManager] Initializing Extent Reporting Environment... @27-09-2022 16:34:06.0135 PM
[main] INFO com.shaft.tools.io.ReportManagerHelper - [ReportManager] Initializing Important Links... @27-09-2022 16:34:06.0457 PM
[main] INFO com.shaft.tools.io.ReportManagerHelper - [ReportManager] Initializing Custom Properties... @27-09-2022 16:34:06.0466 PM
[main] INFO com.shaft.tools.io.ReportManagerHelper - [ReportManager] Setting discrete logging to: "false" @27-09-2022 16:34:06.0537 PM
[main] INFO com.shaft.tools.io.ReportManagerHelper - [ReportManager] Setting discrete logging to: "false" @27-09-2022 16:34:06.0608 PM
[main] INFO com.shaft.tools.io.ReportManagerHelper - [ReportManager] Setting discrete logging to: "false" @27-09-2022 16:34:06.0608 PM
[main] INFO com.shaft.tools.io.ReportManagerHelper - [ReportManager] Setting discrete logging to: "true" @27-09-2022 16:34:08.0906 PM
[main] INFO com.shaft.tools.io.ReportManagerHelper - [ReportManager] Response status code: "200", status line: "HTTP/1.1 200 OK" @27-09-2022 16:34:08.0906 PM
[main] INFO com.shaft.tools.io.ReportManagerHelper - [ReportManager] Setting discrete logging to: "false" @27-09-2022 16:34:08.0918 PM
[main] INFO com.shaft.tools.io.ReportManagerHelper - [ReportManager] Successfully created attachment "API Request - Specifications" @27-09-2022 16:34:09.0673 PM
[main] INFO com.shaft.tools.io.ReportManagerHelper - [ReportManager] Debugging Attachment Entry @27-09-2022 16:34:09.0673 PM
Headers:
_______________

Content-Type=application/x-www-form-urlencoded


[main] INFO com.shaft.tools.io.ReportManagerHelper - [ReportManager] Successfully created attachment "API Request - Body" @27-09-2022 16:34:09.0675 PM
[main] INFO com.shaft.tools.io.ReportManagerHelper - [ReportManager] Debugging Attachment Entry @27-09-2022 16:34:09.0675 PM
��&amp#0;&amp#5;t&amp#0;Ausername=tokhi&password=123&grant_type=password&client_id=tic-api

[main] INFO com.shaft.tools.io.ReportManagerHelper - [ReportManager] Successfully created attachment "API Response - JSON Body" @27-09-2022 16:34:09.0880 PM
[main] INFO com.shaft.tools.io.ReportManagerHelper - [ReportManager] Debugging Attachment Entry @27-09-2022 16:34:09.0880 PM
{
  "access_token": "eyJhbGciOiJSUzI1NiIsInR5cCIgOiAiSldUIiwia2lkIiA6ICJjck9ORDFNdFVPVWhzS2Mtb0ppVFFmb0o1d1l4REF6Y3k0ZjNYZ0dveGdZIn0.eyJleHAiOjE2NjQyODk1NDgsImlhdCI6MTY2NDI4OTI0OCwianRpIjoiMjI1NDNjZjctOTM0MC00Yjk1LThlMWMtZjk4MTMwYzE4OWMyIiwiaXNzIjoiaHR0cHM6Ly9hdXRoLWRlbW8ubnAudHJhbnNwb3J0aWNvbmxpbmUuY29tL2F1dGgvcmVhbG1zL3RpYyIsImF1ZCI6ImFjY291bnQiLCJzdWIiOiI0ZTk3NmQ0NC1iM2ZkLTRjYTktODk1Ny0wYWJiODUwNzNhNzQiLCJ0eXAiOiJCZWFyZXIiLCJhenAiOiJ0aWMtYXBpIiwic2Vzc2lvbl9zdGF0ZSI6ImQzNzMwY2JhLWM2YjctNGM5Zi04YmE5LTMzYjVhMTllZjg2ZiIsImFjciI6IjEiLCJhbGxvd2VkLW9yaWdpbnMiOlsiaHR0cHM6Ly9hcGktZGV2Lm5wLnRyYW5zcG9ydGljb25saW5lLmNvbSJdLCJyZWFsbV9hY2Nlc3MiOnsicm9sZXMiOlsib2ZmbGluZV9hY2Nlc3MiLCJkZWZhdWx0LXJvbGVzLXRpYyIsInVtYV9hdXRob3JpemF0aW9uIiwidXNlciJdfSwicmVzb3VyY2VfYWNjZXNzIjp7ImFjY291bnQiOnsicm9sZXMiOlsibWFuYWdlLWFjY291bnQiLCJtYW5hZ2UtYWNjb3VudC1saW5rcyIsInZpZXctcHJvZmlsZSJdfX0sInNjb3BlIjoiZW1haWwgcHJvZmlsZSIsInNpZCI6ImQzNzMwY2JhLWM2YjctNGM5Zi04YmE5LTMzYjVhMTllZjg2ZiIsImVtYWlsX3ZlcmlmaWVkIjpmYWxzZSwicHJlZmVycmVkX3VzZXJuYW1lIjoidG9raGkiLCJ0Y0lkIjoiMzE5OTU3In0.g3kqNr572F32jVfTMu1jG3ydsfBSBIs0V_msU9uI8OGXcZDUREx6GfZ1d0r9qSUWXSmGVk6HNHXMmAsZyWq97BUWdnGTRKBriBtIXva3FxZWauSuL4uModaCqd9SuNHdFEBqbwjzD3u6gv8pcfIHc3ADwbKtXCyqpGTz6cqcGLUp8cfoHxRKvMHWRC3qOl0RHx4TIgc2jh5cS_9woeXWbIKM61Wm6pt6HJ9RnFKB04uhIO2Q7WgFQeURbn6MrBv6_D1l_SUcvpIX5Q8RJMXWC6wNhgj7qhjTD9qtRxmcuttNS_UE5fqa4RHvXrrwt7ETG01xAXsVNybo32yVjvF_ZA",
  "refresh_token": "eyJhbGciOiJIUzI1NiIsInR5cCIgOiAiSldUIiwia2lkIiA6ICJkMTFjNTY4Yi1iMjAyLTQzYjgtYTBiMy1hYWI4ZWMyYWQzZDEifQ.eyJleHAiOjE2NjQyOTEwNDgsImlhdCI6MTY2NDI4OTI0OCwianRpIjoiMzAwZTM1MjUtOWM4Mi00ZjBjLTkwZDMtMDk1YTk0NTljNDMzIiwiaXNzIjoiaHR0cHM6Ly9hdXRoLWRlbW8ubnAudHJhbnNwb3J0aWNvbmxpbmUuY29tL2F1dGgvcmVhbG1zL3RpYyIsImF1ZCI6Imh0dHBzOi8vYXV0aC1kZW1vLm5wLnRyYW5zcG9ydGljb25saW5lLmNvbS9hdXRoL3JlYWxtcy90aWMiLCJzdWIiOiI0ZTk3NmQ0NC1iM2ZkLTRjYTktODk1Ny0wYWJiODUwNzNhNzQiLCJ0eXAiOiJSZWZyZXNoIiwiYXpwIjoidGljLWFwaSIsInNlc3Npb25fc3RhdGUiOiJkMzczMGNiYS1jNmI3LTRjOWYtOGJhOS0zM2I1YTE5ZWY4NmYiLCJzY29wZSI6ImVtYWlsIHByb2ZpbGUiLCJzaWQiOiJkMzczMGNiYS1jNmI3LTRjOWYtOGJhOS0zM2I1YTE5ZWY4NmYifQ.aSyNcGITPS8Uhb55oysEwAYgjrfH-GFZ-vc7TvxMeZ8",
  "refresh_expires_in": 1800,
  "not-before-policy": 0,
  "scope": "email profile",
  "token_type": "Bearer",
  "session_state": "d3730cba-c6b7-4c9f-8ba9-33b5a19ef86f",
  "expires_in": 300
}

[main] INFO com.shaft.tools.io.ReportManagerHelper - [ReportManager] Successfully created attachment "Validation Test Data - Expected Value" @27-09-2022 16:34:09.0890 PM
[main] INFO com.shaft.tools.io.ReportManagerHelper - [ReportManager] Debugging Attachment Entry @27-09-2022 16:34:09.0890 PM
access_token

[main] INFO com.shaft.tools.io.ReportManagerHelper - [ReportManager] Successfully created attachment "Validation Test Data - Actual Value" @27-09-2022 16:34:09.0891 PM
[main] INFO com.shaft.tools.io.ReportManagerHelper - [ReportManager] Debugging Attachment Entry @27-09-2022 16:34:09.0891 PM
{"access_token":"eyJhbGciOiJSUzI1NiIsInR5cCIgOiAiSldUIiwia2lkIiA6ICJjck9ORDFNdFVPVWhzS2Mtb0ppVFFmb0o1d1l4REF6Y3k0ZjNYZ0dveGdZIn0.eyJleHAiOjE2NjQyODk1NDgsImlhdCI6MTY2NDI4OTI0OCwianRpIjoiMjI1NDNjZjctOTM0MC00Yjk1LThlMWMtZjk4MTMwYzE4OWMyIiwiaXNzIjoiaHR0cHM6Ly9hdXRoLWRlbW8ubnAudHJhbnNwb3J0aWNvbmxpbmUuY29tL2F1dGgvcmVhbG1zL3RpYyIsImF1ZCI6ImFjY291bnQiLCJzdWIiOiI0ZTk3NmQ0NC1iM2ZkLTRjYTktODk1Ny0wYWJiODUwNzNhNzQiLCJ0eXAiOiJCZWFyZXIiLCJhenAiOiJ0aWMtYXBpIiwic2Vzc2lvbl9zdGF0ZSI6ImQzNzMwY2JhLWM2YjctNGM5Zi04YmE5LTMzYjVhMTllZjg2ZiIsImFjciI6IjEiLCJhbGxvd2VkLW9yaWdpbnMiOlsiaHR0cHM6Ly9hcGktZGV2Lm5wLnRyYW5zcG9ydGljb25saW5lLmNvbSJdLCJyZWFsbV9hY2Nlc3MiOnsicm9sZXMiOlsib2ZmbGluZV9hY2Nlc3MiLCJkZWZhdWx0LXJvbGVzLXRpYyIsInVtYV9hdXRob3JpemF0aW9uIiwidXNlciJdfSwicmVzb3VyY2VfYWNjZXNzIjp7ImFjY291bnQiOnsicm9sZXMiOlsibWFuYWdlLWFjY291bnQiLCJtYW5hZ2UtYWNjb3VudC1saW5rcyIsInZpZXctcHJvZmlsZSJdfX0sInNjb3BlIjoiZW1haWwgcHJvZmlsZSIsInNpZCI6ImQzNzMwY2JhLWM2YjctNGM5Zi04YmE5LTMzYjVhMTllZjg2ZiIsImVtYWlsX3ZlcmlmaWVkIjpmYWxzZSwicHJlZmVycmVkX3VzZXJuYW1lIjoidG9raGkiLCJ0Y0lkIjoiMzE5OTU3In0.g3kqNr572F32jVfTMu1jG3ydsfBSBIs0V_msU9uI8OGXcZDUREx6GfZ1d0r9qSUWXSmGVk6HNHXMmAsZyWq97BUWdnGTRKBriBtIXva3FxZWauSuL4uModaCqd9SuNHdFEBqbwjzD3u6gv8pcfIHc3ADwbKtXCyqpGTz6cqcGLUp8cfoHxRKvMHWRC3qOl0RHx4TIgc2jh5cS_9woeXWbIKM61Wm6pt6HJ9RnFKB04uhIO2Q7WgFQeURbn6MrBv6_D1l_SUcvpIX5Q8RJMXWC6wNhgj7qhjTD9qtRxmcuttNS_UE5fqa4RHvXrrwt7ETG01xAXsVNybo32yVjvF_ZA","expires_in":300,"refresh_expires_in":1800,"refresh_token":"eyJhbGciOiJIUzI1NiIsInR5cCIgOiAiSldUIiwia2lkIiA6ICJkMTFjNTY4Yi1iMjAyLTQzYjgtYTBiMy1hYWI4ZWMyYWQzZDEifQ.eyJleHAiOjE2NjQyOTEwNDgsImlhdCI6MTY2NDI4OTI0OCwianRpIjoiMzAwZTM1MjUtOWM4Mi00ZjBjLTkwZDMtMDk1YTk0NTljNDMzIiwiaXNzIjoiaHR0cHM6Ly9hdXRoLWRlbW8ubnAudHJhbnNwb3J0aWNvbmxpbmUuY29tL2F1dGgvcmVhbG1zL3RpYyIsImF1ZCI6Imh0dHBzOi8vYXV0aC1kZW1vLm5wLnRyYW5zcG9ydGljb25saW5lLmNvbS9hdXRoL3JlYWxtcy90aWMiLCJzdWIiOiI0ZTk3NmQ0NC1iM2ZkLTRjYTktODk1Ny0wYWJiODUwNzNhNzQiLCJ0eXAiOiJSZWZyZXNoIiwiYXpwIjoidGljLWFwaSIsInNlc3Npb25fc3RhdGUiOiJkMzczMGNiYS1jNmI3LTRjOWYtOGJhOS0zM2I1YTE5ZWY4NmYiLCJzY29wZSI6ImVtYWlsIHByb2ZpbGUiLCJzaWQiOiJkMzczMGNiYS1jNmI3LTRjOWYtOGJhOS0zM2I1YTE5ZWY4NmYifQ.aSyNcGITPS8Uhb55oysEwAYgjrfH-GFZ-vc7TvxMeZ8","token_type":"Bearer","not-before-policy":0,"session_state":"d3730cba-c6b7-4c9f-8ba9-33b5a19ef86f","scope":"email profile"}

[main] INFO com.shaft.tools.io.ReportManagerHelper - [ReportManager] Get response jsonvalue "access_token". @27-09-2022 16:34:10.0010 PM
[main] INFO com.shaft.tools.io.ReportManagerHelper - [ReportManager] Successfully created attachment "Validation Test Data - Expected Value" @27-09-2022 16:34:10.0012 PM
[main] INFO com.shaft.tools.io.ReportManagerHelper - [ReportManager] Debugging Attachment Entry @27-09-2022 16:34:10.0012 PM
null

[main] INFO com.shaft.tools.io.ReportManagerHelper - [ReportManager] Successfully created attachment "Validation Test Data - Actual Value" @27-09-2022 16:34:10.0013 PM
[main] INFO com.shaft.tools.io.ReportManagerHelper - [ReportManager] Debugging Attachment Entry @27-09-2022 16:34:10.0013 PM
eyJhbGciOiJSUzI1NiIsInR5cCIgOiAiSldUIiwia2lkIiA6ICJjck9ORDFNdFVPVWhzS2Mtb0ppVFFmb0o1d1l4REF6Y3k0ZjNYZ0dveGdZIn0.eyJleHAiOjE2NjQyODk1NDgsImlhdCI6MTY2NDI4OTI0OCwianRpIjoiMjI1NDNjZjctOTM0MC00Yjk1LThlMWMtZjk4MTMwYzE4OWMyIiwiaXNzIjoiaHR0cHM6Ly9hdXRoLWRlbW8ubnAudHJhbnNwb3J0aWNvbmxpbmUuY29tL2F1dGgvcmVhbG1zL3RpYyIsImF1ZCI6ImFjY291bnQiLCJzdWIiOiI0ZTk3NmQ0NC1iM2ZkLTRjYTktODk1Ny0wYWJiODUwNzNhNzQiLCJ0eXAiOiJCZWFyZXIiLCJhenAiOiJ0aWMtYXBpIiwic2Vzc2lvbl9zdGF0ZSI6ImQzNzMwY2JhLWM2YjctNGM5Zi04YmE5LTMzYjVhMTllZjg2ZiIsImFjciI6IjEiLCJhbGxvd2VkLW9yaWdpbnMiOlsiaHR0cHM6Ly9hcGktZGV2Lm5wLnRyYW5zcG9ydGljb25saW5lLmNvbSJdLCJyZWFsbV9hY2Nlc3MiOnsicm9sZXMiOlsib2ZmbGluZV9hY2Nlc3MiLCJkZWZhdWx0LXJvbGVzLXRpYyIsInVtYV9hdXRob3JpemF0aW9uIiwidXNlciJdfSwicmVzb3VyY2VfYWNjZXNzIjp7ImFjY291bnQiOnsicm9sZXMiOlsibWFuYWdlLWFjY291bnQiLCJtYW5hZ2UtYWNjb3VudC1saW5rcyIsInZpZXctcHJvZmlsZSJdfX0sInNjb3BlIjoiZW1haWwgcHJvZmlsZSIsInNpZCI6ImQzNzMwY2JhLWM2YjctNGM5Zi04YmE5LTMzYjVhMTllZjg2ZiIsImVtYWlsX3ZlcmlmaWVkIjpmYWxzZSwicHJlZmVycmVkX3VzZXJuYW1lIjoidG9raGkiLCJ0Y0lkIjoiMzE5OTU3In0.g3kqNr572F32jVfTMu1jG3ydsfBSBIs0V_msU9uI8OGXcZDUREx6GfZ1d0r9qSUWXSmGVk6HNHXMmAsZyWq97BUWdnGTRKBriBtIXva3FxZWauSuL4uModaCqd9SuNHdFEBqbwjzD3u6gv8pcfIHc3ADwbKtXCyqpGTz6cqcGLUp8cfoHxRKvMHWRC3qOl0RHx4TIgc2jh5cS_9woeXWbIKM61Wm6pt6HJ9RnFKB04uhIO2Q7WgFQeURbn6MrBv6_D1l_SUcvpIX5Q8RJMXWC6wNhgj7qhjTD9qtRxmcuttNS_UE5fqa4RHvXrrwt7ETG01xAXsVNybo32yVjvF_ZA

[main] INFO com.shaft.tools.io.ReportManagerHelper - [ReportManager] File Action "DoesFileExist" successfully performed. With the following test data "File Path: "Token_schema.json"". @27-09-2022 16:34:10.0014 PM
[main] INFO com.shaft.tools.io.ReportManagerHelper - [ReportManager] File Action "DoesFileExist" successfully performed. With the following test data "File Path: "src/test/resources/testDataFiles/Token_schema.json"". @27-09-2022 16:34:10.0014 PM
[main] INFO com.shaft.tools.io.ReportManagerHelper - [ReportManager] File Action "GetAbsolutePath" successfully performed. With the following test data "Relative Folder Path: "src/test/resources/testDataFiles/Token_schema.json"". @27-09-2022 16:34:10.0014 PM
[main] INFO com.shaft.tools.io.ReportManagerHelper - [ReportManager] File Action "DoesFileExist" successfully performed. With the following test data "File Path: "C:\eclipse-workspace\MyProjects\TASystemsAPIs\src\test\resources\testDataFiles\Token_schema.json"". @27-09-2022 16:34:10.0735 PM
[main] INFO com.shaft.tools.io.ReportManagerHelper - [ReportManager] File Action "GetAbsolutePath" successfully performed. With the following test data "Relative Folder Path: "C:\eclipse-workspace\MyProjects\TASystemsAPIs\src\test\resources\testDataFiles\Token_schema.json"". @27-09-2022 16:34:10.0735 PM
[main] INFO com.shaft.tools.io.ReportManagerHelper - [ReportManager] File Action "ReadFromFile" successfully performed. With the following test data "File Path: "C:\eclipse-workspace\MyProjects\TASystemsAPIs\src\test\resources\testDataFiles\Token_schema.json"". @27-09-2022 16:34:10.0736 PM
[main] INFO com.shaft.tools.io.ReportManagerHelper - [ReportManager] Successfully created attachment "Validation Test Data - Expected JSON Value" @27-09-2022 16:34:10.0740 PM
[main] INFO com.shaft.tools.io.ReportManagerHelper - [ReportManager] Debugging Attachment Entry @27-09-2022 16:34:10.0740 PM
{
  "$schema": "http://json-schema.org/draft-04/schema#",
  "type": "object",
  "properties": {
    "access_token": {
      "type": "string"
    },
    "refresh_token": {
      "type": "string"
    },
    "refresh_expires_in": {
      "type": "integer"
    },
    "not-before-policy": {
      "type": "integer"
    },
    "scope": {
      "type": "string"
    },
    "token_type": {
      "type": "string"
    },
    "session_state": {
      "type": "string"
    },
    "expires_in": {
      "type": "integer"
    }
  },
  "required": [
    "access_token",
    "expires_in",
    "refresh_expires_in",
    "refresh_token",
    "token_type",
    "not-before-policy",
    "session_state",
    "scope"
  ]
}

[main] INFO com.shaft.tools.io.ReportManagerHelper - [ReportManager] Successfully created attachment "Validation Test Data - Actual JSON Value" @27-09-2022 16:34:10.0742 PM
[main] INFO com.shaft.tools.io.ReportManagerHelper - [ReportManager] Debugging Attachment Entry @27-09-2022 16:34:10.0742 PM
{
  "access_token": "eyJhbGciOiJSUzI1NiIsInR5cCIgOiAiSldUIiwia2lkIiA6ICJjck9ORDFNdFVPVWhzS2Mtb0ppVFFmb0o1d1l4REF6Y3k0ZjNYZ0dveGdZIn0.eyJleHAiOjE2NjQyODk1NDgsImlhdCI6MTY2NDI4OTI0OCwianRpIjoiMjI1NDNjZjctOTM0MC00Yjk1LThlMWMtZjk4MTMwYzE4OWMyIiwiaXNzIjoiaHR0cHM6Ly9hdXRoLWRlbW8ubnAudHJhbnNwb3J0aWNvbmxpbmUuY29tL2F1dGgvcmVhbG1zL3RpYyIsImF1ZCI6ImFjY291bnQiLCJzdWIiOiI0ZTk3NmQ0NC1iM2ZkLTRjYTktODk1Ny0wYWJiODUwNzNhNzQiLCJ0eXAiOiJCZWFyZXIiLCJhenAiOiJ0aWMtYXBpIiwic2Vzc2lvbl9zdGF0ZSI6ImQzNzMwY2JhLWM2YjctNGM5Zi04YmE5LTMzYjVhMTllZjg2ZiIsImFjciI6IjEiLCJhbGxvd2VkLW9yaWdpbnMiOlsiaHR0cHM6Ly9hcGktZGV2Lm5wLnRyYW5zcG9ydGljb25saW5lLmNvbSJdLCJyZWFsbV9hY2Nlc3MiOnsicm9sZXMiOlsib2ZmbGluZV9hY2Nlc3MiLCJkZWZhdWx0LXJvbGVzLXRpYyIsInVtYV9hdXRob3JpemF0aW9uIiwidXNlciJdfSwicmVzb3VyY2VfYWNjZXNzIjp7ImFjY291bnQiOnsicm9sZXMiOlsibWFuYWdlLWFjY291bnQiLCJtYW5hZ2UtYWNjb3VudC1saW5rcyIsInZpZXctcHJvZmlsZSJdfX0sInNjb3BlIjoiZW1haWwgcHJvZmlsZSIsInNpZCI6ImQzNzMwY2JhLWM2YjctNGM5Zi04YmE5LTMzYjVhMTllZjg2ZiIsImVtYWlsX3ZlcmlmaWVkIjpmYWxzZSwicHJlZmVycmVkX3VzZXJuYW1lIjoidG9raGkiLCJ0Y0lkIjoiMzE5OTU3In0.g3kqNr572F32jVfTMu1jG3ydsfBSBIs0V_msU9uI8OGXcZDUREx6GfZ1d0r9qSUWXSmGVk6HNHXMmAsZyWq97BUWdnGTRKBriBtIXva3FxZWauSuL4uModaCqd9SuNHdFEBqbwjzD3u6gv8pcfIHc3ADwbKtXCyqpGTz6cqcGLUp8cfoHxRKvMHWRC3qOl0RHx4TIgc2jh5cS_9woeXWbIKM61Wm6pt6HJ9RnFKB04uhIO2Q7WgFQeURbn6MrBv6_D1l_SUcvpIX5Q8RJMXWC6wNhgj7qhjTD9qtRxmcuttNS_UE5fqa4RHvXrrwt7ETG01xAXsVNybo32yVjvF_ZA",
  "refresh_token": "eyJhbGciOiJIUzI1NiIsInR5cCIgOiAiSldUIiwia2lkIiA6ICJkMTFjNTY4Yi1iMjAyLTQzYjgtYTBiMy1hYWI4ZWMyYWQzZDEifQ.eyJleHAiOjE2NjQyOTEwNDgsImlhdCI6MTY2NDI4OTI0OCwianRpIjoiMzAwZTM1MjUtOWM4Mi00ZjBjLTkwZDMtMDk1YTk0NTljNDMzIiwiaXNzIjoiaHR0cHM6Ly9hdXRoLWRlbW8ubnAudHJhbnNwb3J0aWNvbmxpbmUuY29tL2F1dGgvcmVhbG1zL3RpYyIsImF1ZCI6Imh0dHBzOi8vYXV0aC1kZW1vLm5wLnRyYW5zcG9ydGljb25saW5lLmNvbS9hdXRoL3JlYWxtcy90aWMiLCJzdWIiOiI0ZTk3NmQ0NC1iM2ZkLTRjYTktODk1Ny0wYWJiODUwNzNhNzQiLCJ0eXAiOiJSZWZyZXNoIiwiYXpwIjoidGljLWFwaSIsInNlc3Npb25fc3RhdGUiOiJkMzczMGNiYS1jNmI3LTRjOWYtOGJhOS0zM2I1YTE5ZWY4NmYiLCJzY29wZSI6ImVtYWlsIHByb2ZpbGUiLCJzaWQiOiJkMzczMGNiYS1jNmI3LTRjOWYtOGJhOS0zM2I1YTE5ZWY4NmYifQ.aSyNcGITPS8Uhb55oysEwAYgjrfH-GFZ-vc7TvxMeZ8",
  "refresh_expires_in": 1800,
  "not-before-policy": 0,
  "scope": "email profile",
  "token_type": "Bearer",
  "session_state": "d3730cba-c6b7-4c9f-8ba9-33b5a19ef86f",
  "expires_in": 300
}

[main] INFO com.shaft.tools.io.ReportManagerHelper - [ReportManager] Setting discrete logging to: "true" @27-09-2022 16:34:11.0279 PM
[main] INFO com.shaft.tools.io.ReportManagerHelper - [ReportManager] Response status code: "200", status line: "HTTP/1.1 200 " @27-09-2022 16:34:11.0279 PM
[main] INFO com.shaft.tools.io.ReportManagerHelper - [ReportManager] Setting discrete logging to: "false" @27-09-2022 16:34:11.0280 PM
[main] INFO com.shaft.tools.io.ReportManagerHelper - [ReportManager] Successfully created attachment "API Request - Specifications" @27-09-2022 16:34:11.0308 PM
[main] INFO com.shaft.tools.io.ReportManagerHelper - [ReportManager] Debugging Attachment Entry @27-09-2022 16:34:11.0308 PM
Headers:
_______________

Authorization=Bearer eyJhbGciOiJSUzI1NiIsInR5cCIgOiAiSldUIiwia2lkIiA6ICJjck9ORDFNdFVPVWhzS2Mtb0ppVFFmb0o1d1l4REF6Y3k0ZjNYZ0dveGdZIn0.eyJleHAiOjE2NjQyODk1NDgsImlhdCI6MTY2NDI4OTI0OCwianRpIjoiMjI1NDNjZjctOTM0MC00Yjk1LThlMWMtZjk4MTMwYzE4OWMyIiwiaXNzIjoiaHR0cHM6Ly9hdXRoLWRlbW8ubnAudHJhbnNwb3J0aWNvbmxpbmUuY29tL2F1dGgvcmVhbG1zL3RpYyIsImF1ZCI6ImFjY291bnQiLCJzdWIiOiI0ZTk3NmQ0NC1iM2ZkLTRjYTktODk1Ny0wYWJiODUwNzNhNzQiLCJ0eXAiOiJCZWFyZXIiLCJhenAiOiJ0aWMtYXBpIiwic2Vzc2lvbl9zdGF0ZSI6ImQzNzMwY2JhLWM2YjctNGM5Zi04YmE5LTMzYjVhMTllZjg2ZiIsImFjciI6IjEiLCJhbGxvd2VkLW9yaWdpbnMiOlsiaHR0cHM6Ly9hcGktZGV2Lm5wLnRyYW5zcG9ydGljb25saW5lLmNvbSJdLCJyZWFsbV9hY2Nlc3MiOnsicm9sZXMiOlsib2ZmbGluZV9hY2Nlc3MiLCJkZWZhdWx0LXJvbGVzLXRpYyIsInVtYV9hdXRob3JpemF0aW9uIiwidXNlciJdfSwicmVzb3VyY2VfYWNjZXNzIjp7ImFjY291bnQiOnsicm9sZXMiOlsibWFuYWdlLWFjY291bnQiLCJtYW5hZ2UtYWNjb3VudC1saW5rcyIsInZpZXctcHJvZmlsZSJdfX0sInNjb3BlIjoiZW1haWwgcHJvZmlsZSIsInNpZCI6ImQzNzMwY2JhLWM2YjctNGM5Zi04YmE5LTMzYjVhMTllZjg2ZiIsImVtYWlsX3ZlcmlmaWVkIjpmYWxzZSwicHJlZmVycmVkX3VzZXJuYW1lIjoidG9raGkiLCJ0Y0lkIjoiMzE5OTU3In0.g3kqNr572F32jVfTMu1jG3ydsfBSBIs0V_msU9uI8OGXcZDUREx6GfZ1d0r9qSUWXSmGVk6HNHXMmAsZyWq97BUWdnGTRKBriBtIXva3FxZWauSuL4uModaCqd9SuNHdFEBqbwjzD3u6gv8pcfIHc3ADwbKtXCyqpGTz6cqcGLUp8cfoHxRKvMHWRC3qOl0RHx4TIgc2jh5cS_9woeXWbIKM61Wm6pt6HJ9RnFKB04uhIO2Q7WgFQeURbn6MrBv6_D1l_SUcvpIX5Q8RJMXWC6wNhgj7qhjTD9qtRxmcuttNS_UE5fqa4RHvXrrwt7ETG01xAXsVNybo32yVjvF_ZA
Content-Type=*/*

Query Parameters:
_______________

size=10
page=0

[main] INFO com.shaft.tools.io.ReportManagerHelper - [ReportManager] Successfully created attachment "API Response - JSON Body" @27-09-2022 16:34:11.0308 PM
[main] INFO com.shaft.tools.io.ReportManagerHelper - [ReportManager] Debugging Attachment Entry @27-09-2022 16:34:11.0308 PM
{
  "size": 10,
  "totalPages": 71,
  "page": 0,
  "content": [
    {
      "lastUpdated": "2022-06-02T00:13:35Z",
      "nameArabic": "???? ?????? ??????",
      "nameEnglish": "Denizli Cardak Airport",
      "id": 1071,
      "isActive": true
    },
    {
      "lastUpdated": "2022-06-02T00:13:44Z",
      "nameArabic": "?????",
      "nameEnglish": "PRATO",
      "id": 390021162,
      "isActive": true
    },
    {
      "lastUpdated": "2022-06-02T01:21:49Z",
      "nameArabic": "??????????",
      "nameEnglish": "Kuala Lumpur",
      "id": 36,
      "isActive": true
    },
    {
      "lastUpdated": "2022-06-02T00:14:15Z",
      "nameArabic": "????",
      "nameEnglish": "GABES",
      "id": 926,
      "isActive": true
    },
    {
      "lastUpdated": "2022-06-02T01:37:02Z",
      "nameArabic": "???????",
      "nameEnglish": "Solngen",
      "id": 849,
      "isActive": true
    },
    {
      "lastUpdated": "2022-06-02T00:43:05Z",
      "nameArabic": "????",
      "nameEnglish": "Ciba",
      "id": 753,
      "isActive": true
    },
    {
      "lastUpdated": "2022-06-02T00:19:40Z",
      "nameArabic": "??????",
      "nameEnglish": "Tripoli",
      "id": 72,
      "isActive": true
    },
    {
      "lastUpdated": "2022-06-02T00:20:05Z",
      "nameArabic": "??????",
      "nameEnglish": "FRUNZE",
      "id": 1006,
      "isActive": true
    },
    {
      "lastUpdated": "2022-06-02T00:25:20Z",
      "nameArabic": "??????",
      "nameEnglish": "KANDAHAR",
      "id": 985,
      "isActive": true
    },
    {
      "lastUpdated": "2022-06-02T01:16:50Z",
      "nameArabic": "?????",
      "nameEnglish": "Tabrka",
      "id": 736,
      "isActive": true
    }
  ],
  "totalElements": 704
}

[main] INFO com.shaft.tools.io.ReportManagerHelper - [ReportManager] Successfully created attachment "Validation Test Data - Expected Value" @27-09-2022 16:34:11.0312 PM
[main] INFO com.shaft.tools.io.ReportManagerHelper - [ReportManager] Debugging Attachment Entry @27-09-2022 16:34:11.0312 PM
content

[main] INFO com.shaft.tools.io.ReportManagerHelper - [ReportManager] Successfully created attachment "Validation Test Data - Actual Value" @27-09-2022 16:34:11.0313 PM
[main] INFO com.shaft.tools.io.ReportManagerHelper - [ReportManager] Debugging Attachment Entry @27-09-2022 16:34:11.0313 PM
{"page":0,"size":10,"totalPages":71,"totalElements":704,"content":[{"id":1071,"nameArabic":"???? ?????? ??????","nameEnglish":"Denizli Cardak Airport","isActive":true,"lastUpdated":"2022-06-02T00:13:35Z","sectors":null},{"id":390021162,"nameArabic":"?????","nameEnglish":"PRATO","isActive":true,"lastUpdated":"2022-06-02T00:13:44Z","sectors":null},{"id":36,"nameArabic":"??????????","nameEnglish":"Kuala Lumpur","isActive":true,"lastUpdated":"2022-06-02T01:21:49Z","sectors":null},{"id":926,"nameArabic":"????","nameEnglish":"GABES","isActive":true,"lastUpdated":"2022-06-02T00:14:15Z","sectors":null},{"id":849,"nameArabic":"???????","nameEnglish":"Solngen","isActive":true,"lastUpdated":"2022-06-02T01:37:02Z","sectors":null},{"id":753,"nameArabic":"????","nameEnglish":"Ciba","isActive":true,"lastUpdated":"2022-06-02T00:43:05Z","sectors":null},{"id":72,"nameArabic":"??????","nameEnglish":"Tripoli","isActive":true,"lastUpdated":"2022-06-02T00:19:40Z","sectors":null},{"id":1006,"nameArabic":"??????","nameEnglish":"FRUNZE","isActive":true,"lastUpdated":"2022-06-02T00:20:05Z","sectors":null},{"id":985,"nameArabic":"??????","nameEnglish":"KANDAHAR","isActive":true,"lastUpdated":"2022-06-02T00:25:20Z","sectors":null},{"id":736,"nameArabic":"?????","nameEnglish":"Tabrka","isActive":true,"lastUpdated":"2022-06-02T01:16:50Z","sectors":null}]}

[main] INFO com.shaft.tools.io.ReportManagerHelper - [ReportManager] Get response jsonvalue "content". @27-09-2022 16:34:11.0316 PM
[main] INFO com.shaft.tools.io.ReportManagerHelper - [ReportManager] Successfully created attachment "Validation Test Data - Expected Value" @27-09-2022 16:34:11.0318 PM
[main] INFO com.shaft.tools.io.ReportManagerHelper - [ReportManager] Debugging Attachment Entry @27-09-2022 16:34:11.0318 PM
null

[main] INFO com.shaft.tools.io.ReportManagerHelper - [ReportManager] Successfully created attachment "Validation Test Data - Actual Value" @27-09-2022 16:34:11.0318 PM
[main] INFO com.shaft.tools.io.ReportManagerHelper - [ReportManager] Debugging Attachment Entry @27-09-2022 16:34:11.0319 PM
[{"id":1071,"nameArabic":"???? ?????? ??????","nameEnglish":"Denizli Cardak Airport","isActive":true,"lastUpdated":"2022-06-02T00:13:35Z","sectors":null},{"id":390021162,"nameArabic":"?????","nameEnglish":"PRATO","isActive":true,"lastUpdated":"2022-06-02T00:13:44Z","sectors":null},{"id":36,"nameArabic":"??????????","nameEnglish":"Kuala Lumpur","isActive":true,"lastUpdated":"2022-06-02T01:21:49Z","sectors":null},{"id":926,"nameArabic":"????","nameEnglish":"GABES","isActive":true,"lastUpdated":"2022-06-02T00:14:15Z","sectors":null},{"id":849,"nameArabic":"???????","nameEnglish":"Solngen","isActive":true,"lastUpdated":"2022-06-02T01:37:02Z","sectors":null},{"id":753,"nameArabic":"????","nameEnglish":"Ciba","isActive":true,"lastUpdated":"2022-06-02T00:43:05Z","sectors":null},{"id":72,"nameArabic":"??????","nameEnglish":"Tripoli","isActive":true,"lastUpdated":"2022-06-02T00:19:40Z","sectors":null},{"id":1006,"nameArabic":"??????","nameEnglish":"FRUNZE","isActive":true,"lastUpdated":"2022-06-02T00:20:05Z","sectors":null},{"id":985,"nameArabic":"??????","nameEnglish":"KANDAHAR","isActive":true,"lastUpdated":"2022-06-02T00:25:20Z","sectors":null},{"id":736,"nameArabic":"?????","nameEnglish":"Tabrka","isActive":true,"lastUpdated":"2022-06-02T01:16:50Z","sectors":null}]

[main] INFO com.shaft.tools.io.ReportManagerHelper - [ReportManager] File Action "DoesFileExist" successfully performed. With the following test data "File Path: "Lookups_cities_schema.json"". @27-09-2022 16:34:11.0319 PM
[main] INFO com.shaft.tools.io.ReportManagerHelper - [ReportManager] File Action "DoesFileExist" successfully performed. With the following test data "File Path: "src/test/resources/testDataFiles/Lookups_cities_schema.json"". @27-09-2022 16:34:11.0319 PM
[main] INFO com.shaft.tools.io.ReportManagerHelper - [ReportManager] File Action "GetAbsolutePath" successfully performed. With the following test data "Relative Folder Path: "src/test/resources/testDataFiles/Lookups_cities_schema.json"". @27-09-2022 16:34:11.0319 PM
[main] INFO com.shaft.tools.io.ReportManagerHelper - [ReportManager] File Action "DoesFileExist" successfully performed. With the following test data "File Path: "C:\eclipse-workspace\MyProjects\TASystemsAPIs\src\test\resources\testDataFiles\Lookups_cities_schema.json"". @27-09-2022 16:34:11.0331 PM
[main] INFO com.shaft.tools.io.ReportManagerHelper - [ReportManager] File Action "GetAbsolutePath" successfully performed. With the following test data "Relative Folder Path: "C:\eclipse-workspace\MyProjects\TASystemsAPIs\src\test\resources\testDataFiles\Lookups_cities_schema.json"". @27-09-2022 16:34:11.0333 PM
[main] INFO com.shaft.tools.io.ReportManagerHelper - [ReportManager] File Action "ReadFromFile" successfully performed. With the following test data "File Path: "C:\eclipse-workspace\MyProjects\TASystemsAPIs\src\test\resources\testDataFiles\Lookups_cities_schema.json"". @27-09-2022 16:34:11.0336 PM
[main] INFO com.shaft.tools.io.ReportManagerHelper - [ReportManager] Successfully created attachment "Validation Test Data - Expected JSON Value" @27-09-2022 16:34:11.0343 PM
[main] INFO com.shaft.tools.io.ReportManagerHelper - [ReportManager] Debugging Attachment Entry @27-09-2022 16:34:11.0343 PM
{
  "$schema": "http://json-schema.org/draft-04/schema#",
  "type": "object",
  "properties": {
    "size": {
      "type": "integer"
    },
    "totalPages": {
      "type": "integer"
    },
    "page": {
      "type": "integer"
    },
    "content": {
      "type": "array",
      "items": [
        {
          "type": "object",
          "properties": {
            "lastUpdated": {
              "type": "string"
            },
            "sectors": {
              "type": "null"
            },
            "nameArabic": {
              "type": "string"
            },
            "nameEnglish": {
              "type": "string"
            },
            "id": {
              "type": "integer"
            },
            "isActive": {
              "type": "boolean"
            }
          },
          "required": [
            "id",
            "nameArabic",
            "nameEnglish",
            "isActive",
            "lastUpdated",
            "sectors"
          ]
        }
      ]
    },
    "totalElements": {
      "type": "integer"
    }
  },
  "required": [
    "page",
    "size",
    "totalPages",
    "totalElements",
    "content"
  ]
}

[main] INFO com.shaft.tools.io.ReportManagerHelper - [ReportManager] Successfully created attachment "Validation Test Data - Actual JSON Value" @27-09-2022 16:34:11.0344 PM
[main] INFO com.shaft.tools.io.ReportManagerHelper - [ReportManager] Debugging Attachment Entry @27-09-2022 16:34:11.0344 PM
{
  "size": 10,
  "totalPages": 71,
  "page": 0,
  "content": [
    {
      "lastUpdated": "2022-06-02T00:13:35Z",
      "nameArabic": "???? ?????? ??????",
      "nameEnglish": "Denizli Cardak Airport",
      "id": 1071,
      "isActive": true
    },
    {
      "lastUpdated": "2022-06-02T00:13:44Z",
      "nameArabic": "?????",
      "nameEnglish": "PRATO",
      "id": 390021162,
      "isActive": true
    },
    {
      "lastUpdated": "2022-06-02T01:21:49Z",
      "nameArabic": "??????????",
      "nameEnglish": "Kuala Lumpur",
      "id": 36,
      "isActive": true
    },
    {
      "lastUpdated": "2022-06-02T00:14:15Z",
      "nameArabic": "????",
      "nameEnglish": "GABES",
      "id": 926,
      "isActive": true
    },
    {
      "lastUpdated": "2022-06-02T01:37:02Z",
      "nameArabic": "???????",
      "nameEnglish": "Solngen",
      "id": 849,
      "isActive": true
    },
    {
      "lastUpdated": "2022-06-02T00:43:05Z",
      "nameArabic": "????",
      "nameEnglish": "Ciba",
      "id": 753,
      "isActive": true
    },
    {
      "lastUpdated": "2022-06-02T00:19:40Z",
      "nameArabic": "??????",
      "nameEnglish": "Tripoli",
      "id": 72,
      "isActive": true
    },
    {
      "lastUpdated": "2022-06-02T00:20:05Z",
      "nameArabic": "??????",
      "nameEnglish": "FRUNZE",
      "id": 1006,
      "isActive": true
    },
    {
      "lastUpdated": "2022-06-02T00:25:20Z",
      "nameArabic": "??????",
      "nameEnglish": "KANDAHAR",
      "id": 985,
      "isActive": true
    },
    {
      "lastUpdated": "2022-06-02T01:16:50Z",
      "nameArabic": "?????",
      "nameEnglish": "Tabrka",
      "id": 736,
      "isActive": true
    }
  ],
  "totalElements": 704
}

[main] INFO com.shaft.tools.io.ReportManagerHelper - [ReportManager] Successfully created attachment "SHAFT Engine Logs - Current Method log: Valid_Token_RQ_TC" @27-09-2022 16:34:11.0356 PM
[main] INFO com.shaft.tools.io.ReportManagerHelper - [ReportManager] Setting discrete logging to: "false" @27-09-2022 16:34:11.0357 PM
]]></system-err>
  </testcase>
</testsuite>